<?xml version="1.0" encoding="utf-8"?>
<TestRun id="42173f80-e3f7-4dc3-b1c9-bea0caa7631b" name="@runnervmf4ws1 2025-09-11 03:41:43" xmlns="http://microsoft.com/schemas/VisualStudio/TeamTest/2010">
  <Times creation="2025-09-11T03:41:43.4925770+00:00" queuing="2025-09-11T03:41:43.4925770+00:00" start="2025-09-11T03:41:40.1129115+00:00" finish="2025-09-11T03:43:25.1978266+00:00" />
  <TestSettings name="default" id="fe6127c9-15e4-4b2e-a57c-ca784c6025ce">
    <Deployment runDeploymentRoot="_runnervmf4ws1_2025-09-11_03_41_43" />
  </TestSettings>
  <Results>
    <UnitTestResult executionId="c99aaf83-c3a5-4be5-a762-2ec008396e40" testId="fd587af6-8ac9-79bb-4579-c4177d8d0828" testName="Tests.Integration.Backend.Controllers.WindowsControllerTests.GET_Window_By_Id_Should_Return_Window_When_Exists" computerName="runnervmf4ws1" duration="00:00:00.9086248" startTime="2025-09-11T03:42:09.7009210+00:00" endTime="2025-09-11T03:42:09.7009213+00:00" testType="13cdc9d9-ddb5-4fa4-a97d-d965ccfc6d4b" outcome="Passed" testListId="8c84fa94-04c1-424b-9868-57a2d4851a1d" relativeResultsDirectory="c99aaf83-c3a5-4be5-a762-2ec008396e40" />
    <UnitTestResult executionId="020debb1-c10e-4fc8-a14f-e5c2effe3a0a" testId="41853896-8f31-97ce-b78f-41cf4c24e045" testName="Tests.Integration.Backend.Controllers.PeopleControllerTests.POST_People_Should_Return_403_For_Non_Admin_User" computerName="runnervmf4ws1" duration="00:00:00.5271951" startTime="2025-09-11T03:43:20.2458632+00:00" endTime="2025-09-11T03:43:20.2458633+00:00" testType="13cdc9d9-ddb5-4fa4-a97d-d965ccfc6d4b" outcome="Passed" testListId="8c84fa94-04c1-424b-9868-57a2d4851a1d" relativeResultsDirectory="020debb1-c10e-4fc8-a14f-e5c2effe3a0a" />
    <UnitTestResult executionId="e17b4919-3834-4703-b764-b41f5f5ae8c5" testId="a46a2a4d-c658-0cec-efdf-8b3a220df306" testName="Tests.Integration.Backend.OutputCaching.OutputCachingConfigurationTests.OutputCaching_ShouldUseRedisWhenConfigured" computerName="runnervmf4ws1" duration="00:00:00.0278370" startTime="2025-09-11T03:43:25.1081275+00:00" endTime="2025-09-11T03:43:25.1081275+00:00" testType="13cdc9d9-ddb5-4fa4-a97d-d965ccfc6d4b" outcome="Passed" testListId="8c84fa94-04c1-424b-9868-57a2d4851a1d" relativeResultsDirectory="e17b4919-3834-4703-b764-b41f5f5ae8c5" />
    <UnitTestResult executionId="b088ca7a-31ee-475d-b91e-a112cece313d" testId="39e1ba24-0a2a-e8f7-d815-046e06e37c3f" testName="Tests.Integration.Backend.Controllers.WallsControllerTests.POST_Walls_Should_Return_400_For_Invalid_Data" computerName="runnervmf4ws1" duration="00:00:00.6052017" startTime="2025-09-11T03:42:23.5928358+00:00" endTime="2025-09-11T03:42:23.5928359+00:00" testType="13cdc9d9-ddb5-4fa4-a97d-d965ccfc6d4b" outcome="Passed" testListId="8c84fa94-04c1-424b-9868-57a2d4851a1d" relativeResultsDirectory="b088ca7a-31ee-475d-b91e-a112cece313d" />
    <UnitTestResult executionId="16396397-4c4a-4690-b711-57f858121b60" testId="78d2062e-7c45-d260-f795-f1b53c418237" testName="Tests.Integration.Backend.Compression.StaticFileCompressionTests.CssFile_ShouldBeCompressed_WhenClientSupportsGzip" computerName="runnervmf4ws1" duration="00:00:00.0020882" startTime="2025-09-11T03:42:40.2252129+00:00" endTime="2025-09-11T03:42:40.2252130+00:00" testType="13cdc9d9-ddb5-4fa4-a97d-d965ccfc6d4b" outcome="Passed" testListId="8c84fa94-04c1-424b-9868-57a2d4851a1d" relativeResultsDirectory="16396397-4c4a-4690-b711-57f858121b60" />
    <UnitTestResult executionId="5a9bcac0-a01e-4dd2-b282-96808c6c8b72" testId="d9ffd841-a3fd-b913-e8c1-55347431d17d" testName="Tests.Integration.Backend.Controllers.WindowsControllerTests.GET_Windows_Should_Return_All_Windows" computerName="runnervmf4ws1" duration="00:00:01.5218729" startTime="2025-09-11T03:42:06.0452741+00:00" endTime="2025-09-11T03:42:06.0452743+00:00" testType="13cdc9d9-ddb5-4fa4-a97d-d965ccfc6d4b" outcome="Passed" testListId="8c84fa94-04c1-424b-9868-57a2d4851a1d" relativeResultsDirectory="5a9bcac0-a01e-4dd2-b282-96808c6c8b72" />
    <UnitTestResult executionId="e0bbb03a-0e25-49ec-a8e1-0d80eaf5c4d2" testId="3ae9a197-02ed-3bf8-219d-823a522da5f1" testName="Tests.Integration.Backend.Controllers.PeopleControllerTests.DELETE_People_Should_Return_204_For_NonExistent_Person" computerName="runnervmf4ws1" duration="00:00:00.8375859" startTime="2025-09-11T03:43:21.0838193+00:00" endTime="2025-09-11T03:43:21.0838193+00:00" testType="13cdc9d9-ddb5-4fa4-a97d-d965ccfc6d4b" outcome="Passed" testListId="8c84fa94-04c1-424b-9868-57a2d4851a1d" relativeResultsDirectory="e0bbb03a-0e25-49ec-a8e1-0d80eaf5c4d2" />
    <UnitTestResult executionId="08789e12-57d3-422a-8fd1-120a504edb23" testId="42775960-58e6-9486-14ff-996dea311598" testName="Tests.Integration.Backend.Infrastructure.GenericRepositoryIntegrationTests.IRepository_ShouldBeRegisteredInDIContainer" computerName="runnervmf4ws1" duration="00:00:00.2259462" startTime="2025-09-11T03:42:16.3032342+00:00" endTime="2025-09-11T03:42:16.3032344+00:00" testType="13cdc9d9-ddb5-4fa4-a97d-d965ccfc6d4b" outcome="Passed" testListId="8c84fa94-04c1-424b-9868-57a2d4851a1d" relativeResultsDirectory="08789e12-57d3-422a-8fd1-120a504edb23" />
    <UnitTestResult executionId="e62e9b35-675a-4c5f-a81f-8017f774bd4e" testId="79e70e1e-8075-8996-1211-c6d54a3d9ffa" testName="Tests.Integration.Backend.Controllers.RolesControllerTests.DELETE_Role_Should_Return_204_When_Not_Exists" computerName="runnervmf4ws1" duration="00:00:00.6665057" startTime="2025-09-11T03:42:40.9112536+00:00" endTime="2025-09-11T03:42:40.9112537+00:00" testType="13cdc9d9-ddb5-4fa4-a97d-d965ccfc6d4b" outcome="Passed" testListId="8c84fa94-04c1-424b-9868-57a2d4851a1d" relativeResultsDirectory="e62e9b35-675a-4c5f-a81f-8017f774bd4e" />
    <UnitTestResult executionId="7d85d930-dc7b-4555-acd3-6eeaacb5e5e1" testId="28caa8d5-c8a9-c82d-9ea0-c02736f0dfd9" testName="Tests.Integration.Backend.OutputCaching.CachingE2ETests.CrossEntityCaching_ShouldNotInterfere" computerName="runnervmf4ws1" duration="00:00:01.2051918" startTime="2025-09-11T03:42:52.8578613+00:00" endTime="2025-09-11T03:42:52.8578613+00:00" testType="13cdc9d9-ddb5-4fa4-a97d-d965ccfc6d4b" outcome="Passed" testListId="8c84fa94-04c1-424b-9868-57a2d4851a1d" relativeResultsDirectory="7d85d930-dc7b-4555-acd3-6eeaacb5e5e1" />
    <UnitTestResult executionId="5d8b2a7d-8081-45df-898f-eff8fed8594c" testId="de79744e-fb76-44fa-6422-be59e037cde5" testName="Tests.Integration.Backend.OutputCaching.CachingE2ETests.CachePerformance_ShouldShowSignificantImprovement" computerName="runnervmf4ws1" duration="00:00:00.5379955" startTime="2025-09-11T03:42:54.5381029+00:00" endTime="2025-09-11T03:42:54.5381029+00:00" testType="13cdc9d9-ddb5-4fa4-a97d-d965ccfc6d4b" outcome="Passed" testListId="8c84fa94-04c1-424b-9868-57a2d4851a1d" relativeResultsDirectory="5d8b2a7d-8081-45df-898f-eff8fed8594c">
      <Output>
        <StdOut>Initial request: 1ms
Average cached request: 0ms
Performance improvement: Infinityx faster</StdOut>
      </Output>
    </UnitTestResult>
    <UnitTestResult executionId="e8fbfc60-5b85-419d-9157-dfff85073b2e" testId="46cfbc2c-72c5-516f-bca0-390b42b51d43" testName="Tests.Integration.Backend.E2E.AuthenticationE2ETests.Complete_Authentication_Flow_Should_Work_End_To_End" computerName="runnervmf4ws1" duration="00:00:00.8131611" startTime="2025-09-11T03:41:43.8361994+00:00" endTime="2025-09-11T03:41:43.8361997+00:00" testType="13cdc9d9-ddb5-4fa4-a97d-d965ccfc6d4b" outcome="Passed" testListId="8c84fa94-04c1-424b-9868-57a2d4851a1d" relativeResultsDirectory="e8fbfc60-5b85-419d-9157-dfff85073b2e" />
    <UnitTestResult executionId="54a949d1-5726-4471-8112-29428510c891" testId="20da3b3a-c531-7fe5-3776-1e7b0c6c1d26" testName="Tests.Integration.Backend.Controllers.PeopleControllerTests.PUT_People_Should_Update_Person" computerName="runnervmf4ws1" duration="00:00:00.8415467" startTime="2025-09-11T03:43:15.6244800+00:00" endTime="2025-09-11T03:43:15.6244801+00:00" testType="13cdc9d9-ddb5-4fa4-a97d-d965ccfc6d4b" outcome="Passed" testListId="8c84fa94-04c1-424b-9868-57a2d4851a1d" relativeResultsDirectory="54a949d1-5726-4471-8112-29428510c891" />
    <UnitTestResult executionId="c2a42f47-be59-4a57-ba66-be006e80a981" testId="cca41772-191f-0a82-bb6f-ddd4fb32e2c7" testName="Tests.Integration.Backend.Controllers.WallsControllerTests.PUT_Wall_Should_Update_Existing_Wall" computerName="runnervmf4ws1" duration="00:00:01.5128795" startTime="2025-09-11T03:42:31.2000749+00:00" endTime="2025-09-11T03:42:31.2000750+00:00" testType="13cdc9d9-ddb5-4fa4-a97d-d965ccfc6d4b" outcome="Passed" testListId="8c84fa94-04c1-424b-9868-57a2d4851a1d" relativeResultsDirectory="c2a42f47-be59-4a57-ba66-be006e80a981" />
    <UnitTestResult executionId="e906d4c8-8350-4e95-b874-db1bb1fa857a" testId="9525fcd3-b949-7544-779c-3d3500ebec99" testName="Tests.Integration.Backend.Controllers.RolesControllerTests.PUT_Role_Should_Update_Existing_Role" computerName="runnervmf4ws1" duration="00:00:01.5158498" startTime="2025-09-11T03:42:45.6907404+00:00" endTime="2025-09-11T03:42:45.6907405+00:00" testType="13cdc9d9-ddb5-4fa4-a97d-d965ccfc6d4b" outcome="Passed" testListId="8c84fa94-04c1-424b-9868-57a2d4851a1d" relativeResultsDirectory="e906d4c8-8350-4e95-b874-db1bb1fa857a" />
    <UnitTestResult executionId="1a01b493-fcc8-4ee3-afbd-5dd05a8cd224" testId="47dc67ee-ce10-2cea-0c24-ab118e917beb" testName="Tests.Integration.Backend.Controllers.ApiHealthTests.API_Should_Handle_Invalid_HTTP_Methods" computerName="runnervmf4ws1" duration="00:00:00.6243195" startTime="2025-09-11T03:41:54.1055083+00:00" endTime="2025-09-11T03:41:54.1055085+00:00" testType="13cdc9d9-ddb5-4fa4-a97d-d965ccfc6d4b" outcome="Passed" testListId="8c84fa94-04c1-424b-9868-57a2d4851a1d" relativeResultsDirectory="1a01b493-fcc8-4ee3-afbd-5dd05a8cd224" />
    <UnitTestResult executionId="e131e6d2-7b9e-4bb4-85e5-57694be1ac4e" testId="297d158e-047c-5612-bd99-21893c5634e4" testName="Tests.Integration.Backend.Controllers.AuthControllerTests.POST_Refresh_Should_Return_Unauthorized_For_Invalid_RefreshToken" computerName="runnervmf4ws1" duration="00:00:00.2316561" startTime="2025-09-11T03:43:09.1235388+00:00" endTime="2025-09-11T03:43:09.1235388+00:00" testType="13cdc9d9-ddb5-4fa4-a97d-d965ccfc6d4b" outcome="Passed" testListId="8c84fa94-04c1-424b-9868-57a2d4851a1d" relativeResultsDirectory="e131e6d2-7b9e-4bb4-85e5-57694be1ac4e" />
    <UnitTestResult executionId="215e8bb8-3ea2-4873-abb4-0bc225e6b2e7" testId="dc62b2c0-66b3-fee4-dcd7-e086c4c46187" testName="Tests.Integration.Backend.Controllers.WallsControllerTests.DELETE_Wall_Should_Return_204_When_Not_Exists" computerName="runnervmf4ws1" duration="00:00:00.6114423" startTime="2025-09-11T03:42:24.2043514+00:00" endTime="2025-09-11T03:42:24.2043515+00:00" testType="13cdc9d9-ddb5-4fa4-a97d-d965ccfc6d4b" outcome="Passed" testListId="8c84fa94-04c1-424b-9868-57a2d4851a1d" relativeResultsDirectory="215e8bb8-3ea2-4873-abb4-0bc225e6b2e7" />
    <UnitTestResult executionId="02729cf3-d49d-407e-84d4-dfbfe96cb793" testId="f7bc3491-94dd-b6b9-3778-9c1a4322e7be" testName="Tests.Integration.Backend.Controllers.WallsControllerTests.POST_Walls_Should_Create_Wall_And_Return_201" computerName="runnervmf4ws1" duration="00:00:00.6078912" startTime="2025-09-11T03:42:24.8125965+00:00" endTime="2025-09-11T03:42:24.8125965+00:00" testType="13cdc9d9-ddb5-4fa4-a97d-d965ccfc6d4b" outcome="Passed" testListId="8c84fa94-04c1-424b-9868-57a2d4851a1d" relativeResultsDirectory="02729cf3-d49d-407e-84d4-dfbfe96cb793" />
    <UnitTestResult executionId="03039318-9773-4b86-ae6d-82ce45c2dc9a" testId="3f2238c8-a9eb-4aa1-b9fa-c736db0a92cb" testName="Tests.Integration.Backend.OutputCaching.ConditionalRequestTests.GetRequest_WithIfNoneMatch_ShouldReturn200_WhenETagDoesNotMatch" computerName="runnervmf4ws1" duration="00:00:00.5809566" startTime="2025-09-11T03:43:03.8586697+00:00" endTime="2025-09-11T03:43:03.8586697+00:00" testType="13cdc9d9-ddb5-4fa4-a97d-d965ccfc6d4b" outcome="Failed" testListId="8c84fa94-04c1-424b-9868-57a2d4851a1d" relativeResultsDirectory="03039318-9773-4b86-ae6d-82ce45c2dc9a">
      <Output>
        <ErrorInfo>
          <Message>Expected response2.StatusCode to be HttpStatusCode.OK {value: 200} because Server should return 200 when ETag doesn't match, but found HttpStatusCode.NotModified {value: 304}.</Message>
          <StackTrace>   at FluentAssertions.Execution.XUnit2TestFramework.Throw(String message)
   at FluentAssertions.Execution.TestFrameworkProvider.Throw(String message)
   at FluentAssertions.Execution.DefaultAssertionStrategy.HandleFailure(String message)
   at FluentAssertions.Execution.AssertionScope.FailWith(Func`1 failReasonFunc)
   at FluentAssertions.Primitives.EnumAssertions`2.Be(TEnum expected, String because, Object[] becauseArgs)
   at Tests.Integration.Backend.OutputCaching.ConditionalRequestTests.&lt;GetRequest_WithIfNoneMatch_ShouldReturn200_WhenETagDoesNotMatch&gt;b__2_0() in /home/runner/work/Crud/Crud/test/Tests.Integration.Backend/OutputCaching/ConditionalRequestTests.cs:line 90
   at Tests.Integration.Backend.Infrastructure.IntegrationTestBase.RunWithCleanDatabaseAsync(Func`1 testAction) in /home/runner/work/Crud/Crud/test/Tests.Integration.Backend/Infrastructure/IntegrationTestBase.cs:line 48
   at Tests.Integration.Backend.Infrastructure.IntegrationTestBase.RunWithCleanDatabaseAsync(Func`1 testAction) in /home/runner/work/Crud/Crud/test/Tests.Integration.Backend/Infrastructure/IntegrationTestBase.cs:line 53
   at Tests.Integration.Backend.OutputCaching.ConditionalRequestTests.GetRequest_WithIfNoneMatch_ShouldReturn200_WhenETagDoesNotMatch() in /home/runner/work/Crud/Crud/test/Tests.Integration.Backend/OutputCaching/ConditionalRequestTests.cs:line 61
--- End of stack trace from previous location ---</StackTrace>
        </ErrorInfo>
      </Output>
    </UnitTestResult>
    <UnitTestResult executionId="4ac97077-780d-42df-ac9d-20169541cf2a" testId="3a855c55-b695-d057-ad6f-34eef0eb2eae" testName="Tests.Integration.Backend.OutputCaching.ConditionalRequestTests.GetRequest_WithIfNoneMatch_ShouldReturn304_WhenETagMatches" computerName="runnervmf4ws1" duration="00:00:00.5302305" startTime="2025-09-11T03:43:03.2691663+00:00" endTime="2025-09-11T03:43:03.2691663+00:00" testType="13cdc9d9-ddb5-4fa4-a97d-d965ccfc6d4b" outcome="Passed" testListId="8c84fa94-04c1-424b-9868-57a2d4851a1d" relativeResultsDirectory="4ac97077-780d-42df-ac9d-20169541cf2a" />
    <UnitTestResult executionId="da13fdd4-482b-4de8-a7df-f941c9160fe7" testId="5915cbaf-7ed1-cbfd-2c81-4746833e58cd" testName="Tests.Integration.Backend.OutputCaching.CacheInvalidationTests.CacheInvalidation_ShouldBeEntitySpecific" computerName="runnervmf4ws1" duration="00:00:01.1335894" startTime="2025-09-11T03:42:40.1845938+00:00" endTime="2025-09-11T03:42:40.1845938+00:00" testType="13cdc9d9-ddb5-4fa4-a97d-d965ccfc6d4b" outcome="Passed" testListId="8c84fa94-04c1-424b-9868-57a2d4851a1d" relativeResultsDirectory="da13fdd4-482b-4de8-a7df-f941c9160fe7" />
    <UnitTestResult executionId="9267bc9d-b8c2-4ac4-8625-aa7a69c006e2" testId="d4d4848b-8d11-cc53-4c2f-7b3836864b98" testName="Tests.Integration.Backend.Controllers.AuthControllerTests.POST_Logout_Should_Revoke_RefreshToken" computerName="runnervmf4ws1" duration="00:00:00.8335787" startTime="2025-09-11T03:43:08.0578577+00:00" endTime="2025-09-11T03:43:08.0578577+00:00" testType="13cdc9d9-ddb5-4fa4-a97d-d965ccfc6d4b" outcome="Passed" testListId="8c84fa94-04c1-424b-9868-57a2d4851a1d" relativeResultsDirectory="9267bc9d-b8c2-4ac4-8625-aa7a69c006e2" />
    <UnitTestResult executionId="dceca16a-19ed-4c75-b824-1a2a84697e38" testId="1c428206-078b-ef8a-981a-72b75853f6ff" testName="Tests.Integration.Backend.Compression.StaticFileCompressionTests.JsFile_ShouldBeCompressed_WhenClientSupportsBrotli" computerName="runnervmf4ws1" duration="00:00:00.0062549" startTime="2025-09-11T03:42:40.2227947+00:00" endTime="2025-09-11T03:42:40.2227948+00:00" testType="13cdc9d9-ddb5-4fa4-a97d-d965ccfc6d4b" outcome="Passed" testListId="8c84fa94-04c1-424b-9868-57a2d4851a1d" relativeResultsDirectory="dceca16a-19ed-4c75-b824-1a2a84697e38" />
    <UnitTestResult executionId="26f85e58-8e63-455c-9fe5-4bac040050e1" testId="a607d0ef-948b-6788-8be8-6f42840aa828" testName="Tests.Integration.Backend.Controllers.ApiHealthTests.All_Endpoints_Should_Support_Expected_HTTP_Methods(method: &quot;GET&quot;, endpoint: &quot;/api/roles&quot;)" computerName="runnervmf4ws1" duration="00:00:00.3059265" startTime="2025-09-11T03:41:52.8610564+00:00" endTime="2025-09-11T03:41:52.8610568+00:00" testType="13cdc9d9-ddb5-4fa4-a97d-d965ccfc6d4b" outcome="Passed" testListId="8c84fa94-04c1-424b-9868-57a2d4851a1d" relativeResultsDirectory="26f85e58-8e63-455c-9fe5-4bac040050e1" />
    <UnitTestResult executionId="cba3dfca-ee1f-48f4-b4cf-8a51d39d341a" testId="7ad6cdf7-78b9-6f08-7531-fe00a6e266bc" testName="Tests.Integration.Backend.OutputCaching.CacheInvalidationTests.PostWall_ShouldInvalidateWallsCache" computerName="runnervmf4ws1" duration="00:00:01.1491601" startTime="2025-09-11T03:42:39.0506517+00:00" endTime="2025-09-11T03:42:39.0506517+00:00" testType="13cdc9d9-ddb5-4fa4-a97d-d965ccfc6d4b" outcome="Passed" testListId="8c84fa94-04c1-424b-9868-57a2d4851a1d" relativeResultsDirectory="cba3dfca-ee1f-48f4-b4cf-8a51d39d341a" />
    <UnitTestResult executionId="968c14c4-c729-4d76-98a6-5944d947e663" testId="59c1b068-0fcd-d32e-da01-b21421cb74d4" testName="Tests.Integration.Backend.Controllers.RolesControllerTests.GET_Roles_Should_Return_Empty_List_Initially" computerName="runnervmf4ws1" duration="00:00:00.5392032" startTime="2025-09-11T03:42:46.8352280+00:00" endTime="2025-09-11T03:42:46.8352280+00:00" testType="13cdc9d9-ddb5-4fa4-a97d-d965ccfc6d4b" outcome="Passed" testListId="8c84fa94-04c1-424b-9868-57a2d4851a1d" relativeResultsDirectory="968c14c4-c729-4d76-98a6-5944d947e663" />
    <UnitTestResult executionId="da3c2a30-857c-4331-8155-3e93ad7bed93" testId="b7695dc8-52d4-1e66-b81e-a27de7f041fc" testName="Tests.Integration.Backend.E2E.AuthenticationE2ETests.Registration_Should_Prevent_Duplicate_Emails" computerName="runnervmf4ws1" duration="00:00:00.3134037" startTime="2025-09-11T03:41:44.1499773+00:00" endTime="2025-09-11T03:41:44.1499776+00:00" testType="13cdc9d9-ddb5-4fa4-a97d-d965ccfc6d4b" outcome="Passed" testListId="8c84fa94-04c1-424b-9868-57a2d4851a1d" relativeResultsDirectory="da3c2a30-857c-4331-8155-3e93ad7bed93" />
    <UnitTestResult executionId="a08fbdc0-b2d9-42b8-b88e-92d61c1ebd5e" testId="24b020ea-ff8d-51dc-4354-4d878d866f45" testName="Tests.Integration.Backend.Controllers.AuthControllerPasswordResetTests.POST_ForgotPassword_WithNonExistentEmail_Should_Return_Success" computerName="runnervmf4ws1" duration="00:00:00.2357539" startTime="2025-09-11T03:42:16.9743914+00:00" endTime="2025-09-11T03:42:16.9743916+00:00" testType="13cdc9d9-ddb5-4fa4-a97d-d965ccfc6d4b" outcome="Passed" testListId="8c84fa94-04c1-424b-9868-57a2d4851a1d" relativeResultsDirectory="a08fbdc0-b2d9-42b8-b88e-92d61c1ebd5e" />
    <UnitTestResult executionId="2ddb920a-36f6-4fa2-8e8d-b47ea032b7a4" testId="9fb85c0b-c781-4485-f6e0-88690963221a" testName="Tests.Integration.Backend.Controllers.ApiHealthTests.API_Should_Handle_Malformed_JSON" computerName="runnervmf4ws1" duration="00:00:00.6234491" startTime="2025-09-11T03:41:54.7294316+00:00" endTime="2025-09-11T03:41:54.7294318+00:00" testType="13cdc9d9-ddb5-4fa4-a97d-d965ccfc6d4b" outcome="Passed" testListId="8c84fa94-04c1-424b-9868-57a2d4851a1d" relativeResultsDirectory="2ddb920a-36f6-4fa2-8e8d-b47ea032b7a4" />
    <UnitTestResult executionId="318fd6b6-02cd-4741-9986-8cb34c043c33" testId="6ab30ede-2d43-e3c2-d85a-058d5fd2dee1" testName="Tests.Integration.Backend.E2E.AuthenticationE2ETests.Refresh_Token_Rotation_Should_Work" computerName="runnervmf4ws1" duration="00:00:00.3378964" startTime="2025-09-11T03:41:44.8357892+00:00" endTime="2025-09-11T03:41:44.8357894+00:00" testType="13cdc9d9-ddb5-4fa4-a97d-d965ccfc6d4b" outcome="Passed" testListId="8c84fa94-04c1-424b-9868-57a2d4851a1d" relativeResultsDirectory="318fd6b6-02cd-4741-9986-8cb34c043c33" />
    <UnitTestResult executionId="1cb99365-c60d-4f5d-a219-0fb54a6315c5" testId="1dbf163c-bf18-d62c-e932-92ef9d3bc71a" testName="Tests.Integration.Backend.Controllers.WindowsControllerTests.GET_Windows_Should_Return_Empty_List_Initially" computerName="runnervmf4ws1" duration="00:00:00.5254089" startTime="2025-09-11T03:42:15.5008502+00:00" endTime="2025-09-11T03:42:15.5008503+00:00" testType="13cdc9d9-ddb5-4fa4-a97d-d965ccfc6d4b" outcome="Passed" testListId="8c84fa94-04c1-424b-9868-57a2d4851a1d" relativeResultsDirectory="1cb99365-c60d-4f5d-a219-0fb54a6315c5" />
    <UnitTestResult executionId="7814c1da-59a5-4d4b-9474-b9fa42a29199" testId="74823db9-4157-34a3-9710-5272b5fb4159" testName="Tests.Integration.Backend.OutputCaching.OutputCachingConfigurationTests.OutputCachePolicies_ShouldHaveCorrectDurations(policyName: &quot;WindowsPolicy&quot;, expectedDurationSeconds: 600)" computerName="runnervmf4ws1" duration="00:00:00.0277878" startTime="2025-09-11T03:43:25.0798508+00:00" endTime="2025-09-11T03:43:25.0798509+00:00" testType="13cdc9d9-ddb5-4fa4-a97d-d965ccfc6d4b" outcome="Passed" testListId="8c84fa94-04c1-424b-9868-57a2d4851a1d" relativeResultsDirectory="7814c1da-59a5-4d4b-9474-b9fa42a29199" />
    <UnitTestResult executionId="66cfb903-d7dd-48b6-8bd6-c82f9c3a5fa7" testId="0853ac09-c300-33d5-e3a7-a607360126ba" testName="Tests.Integration.Backend.OutputCaching.ConditionalRequestTests.GetRequest_WithIfModifiedSince_ShouldReturn200_WhenModified" computerName="runnervmf4ws1" duration="00:00:00.6357974" startTime="2025-09-11T03:43:04.4905112+00:00" endTime="2025-09-11T03:43:04.4905112+00:00" testType="13cdc9d9-ddb5-4fa4-a97d-d965ccfc6d4b" outcome="Failed" testListId="8c84fa94-04c1-424b-9868-57a2d4851a1d" relativeResultsDirectory="66cfb903-d7dd-48b6-8bd6-c82f9c3a5fa7">
      <Output>
        <ErrorInfo>
          <Message>Expected response2.StatusCode to be HttpStatusCode.OK {value: 200} because Server should return 200 when resource has been modified, but found HttpStatusCode.NotModified {value: 304}.</Message>
          <StackTrace>   at FluentAssertions.Execution.XUnit2TestFramework.Throw(String message)
   at FluentAssertions.Execution.TestFrameworkProvider.Throw(String message)
   at FluentAssertions.Execution.DefaultAssertionStrategy.HandleFailure(String message)
   at FluentAssertions.Execution.AssertionScope.FailWith(Func`1 failReasonFunc)
   at FluentAssertions.Primitives.EnumAssertions`2.Be(TEnum expected, String because, Object[] becauseArgs)
   at Tests.Integration.Backend.OutputCaching.ConditionalRequestTests.&lt;GetRequest_WithIfModifiedSince_ShouldReturn200_WhenModified&gt;b__4_0() in /home/runner/work/Crud/Crud/test/Tests.Integration.Backend/OutputCaching/ConditionalRequestTests.cs:line 168
   at Tests.Integration.Backend.Infrastructure.IntegrationTestBase.RunWithCleanDatabaseAsync(Func`1 testAction) in /home/runner/work/Crud/Crud/test/Tests.Integration.Backend/Infrastructure/IntegrationTestBase.cs:line 48
   at Tests.Integration.Backend.Infrastructure.IntegrationTestBase.RunWithCleanDatabaseAsync(Func`1 testAction) in /home/runner/work/Crud/Crud/test/Tests.Integration.Backend/Infrastructure/IntegrationTestBase.cs:line 53
   at Tests.Integration.Backend.OutputCaching.ConditionalRequestTests.GetRequest_WithIfModifiedSince_ShouldReturn200_WhenModified() in /home/runner/work/Crud/Crud/test/Tests.Integration.Backend/OutputCaching/ConditionalRequestTests.cs:line 138
--- End of stack trace from previous location ---</StackTrace>
        </ErrorInfo>
      </Output>
    </UnitTestResult>
    <UnitTestResult executionId="c7edfe55-7eef-465b-8e0d-d818c544b940" testId="20b78283-04d3-fc47-1574-93af6fec32ea" testName="Tests.Integration.Backend.Controllers.AuthControllerPasswordResetTests.POST_ForgotPassword_WithValidEmail_Should_Return_Success" computerName="runnervmf4ws1" duration="00:00:00.3283530" startTime="2025-09-11T03:42:19.6392070+00:00" endTime="2025-09-11T03:42:19.6392072+00:00" testType="13cdc9d9-ddb5-4fa4-a97d-d965ccfc6d4b" outcome="Passed" testListId="8c84fa94-04c1-424b-9868-57a2d4851a1d" relativeResultsDirectory="c7edfe55-7eef-465b-8e0d-d818c544b940" />
    <UnitTestResult executionId="7d9c8145-eea5-4518-8903-244083ecd812" testId="bc4ebe26-634c-986e-8a8c-e92c2437e06a" testName="Tests.Integration.Backend.Controllers.PeopleControllerTests.POST_People_Should_Allow_Empty_Phone_Number" computerName="runnervmf4ws1" duration="00:00:00.8357839" startTime="2025-09-11T03:43:17.8250188+00:00" endTime="2025-09-11T03:43:17.8250188+00:00" testType="13cdc9d9-ddb5-4fa4-a97d-d965ccfc6d4b" outcome="Passed" testListId="8c84fa94-04c1-424b-9868-57a2d4851a1d" relativeResultsDirectory="7d9c8145-eea5-4518-8903-244083ecd812" />
    <UnitTestResult executionId="3af534e8-adc0-4a41-8594-2fcd76b7c56d" testId="41b3b4e1-06a8-534f-90a6-fb2576f3807d" testName="Tests.Integration.Backend.OutputCaching.CachingE2ETests.EntityCaching_ShouldCacheIndividualEntities" computerName="runnervmf4ws1" duration="00:00:00.5296301" startTime="2025-09-11T03:42:58.8637917+00:00" endTime="2025-09-11T03:42:58.8637917+00:00" testType="13cdc9d9-ddb5-4fa4-a97d-d965ccfc6d4b" outcome="Passed" testListId="8c84fa94-04c1-424b-9868-57a2d4851a1d" relativeResultsDirectory="3af534e8-adc0-4a41-8594-2fcd76b7c56d">
      <Output>
        <StdOut>Average cached response time: 0.4ms</StdOut>
      </Output>
    </UnitTestResult>
    <UnitTestResult executionId="637a2e1f-0f31-4647-acc3-2270a30b8e96" testId="e9e2b921-0a1d-aae8-34e0-f52557170fc1" testName="Tests.Integration.Backend.Controllers.WallsControllerTests.GET_Walls_Should_Return_All_Walls" computerName="runnervmf4ws1" duration="00:00:01.7504665" startTime="2025-09-11T03:42:22.9870083+00:00" endTime="2025-09-11T03:42:22.9870084+00:00" testType="13cdc9d9-ddb5-4fa4-a97d-d965ccfc6d4b" outcome="Passed" testListId="8c84fa94-04c1-424b-9868-57a2d4851a1d" relativeResultsDirectory="637a2e1f-0f31-4647-acc3-2270a30b8e96" />
    <UnitTestResult executionId="3a9fa24d-1c66-4dcd-99e9-8b4b76748330" testId="d513fe07-1dc8-1c74-2c21-98142b85dcfb" testName="Tests.Integration.Backend.Controllers.ApiHealthTests.All_Endpoints_Should_Support_Expected_HTTP_Methods(method: &quot;POST&quot;, endpoint: &quot;/api/people&quot;)" computerName="runnervmf4ws1" duration="00:00:00.6461886" startTime="2025-09-11T03:41:51.9379721+00:00" endTime="2025-09-11T03:41:51.9379724+00:00" testType="13cdc9d9-ddb5-4fa4-a97d-d965ccfc6d4b" outcome="Passed" testListId="8c84fa94-04c1-424b-9868-57a2d4851a1d" relativeResultsDirectory="3a9fa24d-1c66-4dcd-99e9-8b4b76748330" />
    <UnitTestResult executionId="d993dab2-0e41-4c7d-82ce-333e907056dd" testId="2e2345f0-0d5a-ea86-479d-222f77025a6a" testName="Tests.Integration.Backend.Controllers.PeopleControllerTests.POST_People_Should_Create_Person_And_Return_201" computerName="runnervmf4ws1" duration="00:00:00.8280383" startTime="2025-09-11T03:43:13.4158059+00:00" endTime="2025-09-11T03:43:13.4158059+00:00" testType="13cdc9d9-ddb5-4fa4-a97d-d965ccfc6d4b" outcome="Passed" testListId="8c84fa94-04c1-424b-9868-57a2d4851a1d" relativeResultsDirectory="d993dab2-0e41-4c7d-82ce-333e907056dd" />
    <UnitTestResult executionId="42851c88-5c74-4792-abb9-3e4cc342aa00" testId="696a1e18-7066-ca21-55a7-645fa8e1a26a" testName="Tests.Integration.Backend.Controllers.WallsControllerTests.GET_Walls_Should_Return_Empty_List_Initially" computerName="runnervmf4ws1" duration="00:00:00.5269494" startTime="2025-09-11T03:42:27.4575099+00:00" endTime="2025-09-11T03:42:27.4575100+00:00" testType="13cdc9d9-ddb5-4fa4-a97d-d965ccfc6d4b" outcome="Passed" testListId="8c84fa94-04c1-424b-9868-57a2d4851a1d" relativeResultsDirectory="42851c88-5c74-4792-abb9-3e4cc342aa00" />
    <UnitTestResult executionId="79cd3624-04ea-4720-882c-db209c6ce507" testId="8feb6ba1-0aea-ccd4-705a-a363165ab119" testName="Tests.Integration.Backend.Compression.ResponseCompressionTests.ApiResponse_ShouldBeCompressed_WhenClientSupportsBrotli" computerName="runnervmf4ws1" duration="00:00:00.8220366" startTime="2025-09-11T03:41:45.9906954+00:00" endTime="2025-09-11T03:41:45.9906956+00:00" testType="13cdc9d9-ddb5-4fa4-a97d-d965ccfc6d4b" outcome="Passed" testListId="8c84fa94-04c1-424b-9868-57a2d4851a1d" relativeResultsDirectory="79cd3624-04ea-4720-882c-db209c6ce507" />
    <UnitTestResult executionId="ad923d7f-ba81-4463-ac15-a3347cce954e" testId="dc3d8a1b-91eb-4926-ce54-153010e68cad" testName="Tests.Integration.Backend.Controllers.RolesControllerTests.POST_Roles_Should_Create_Role_And_Return_201" computerName="runnervmf4ws1" duration="00:00:00.8284623" startTime="2025-09-11T03:42:49.3928016+00:00" endTime="2025-09-11T03:42:49.3928017+00:00" testType="13cdc9d9-ddb5-4fa4-a97d-d965ccfc6d4b" outcome="Passed" testListId="8c84fa94-04c1-424b-9868-57a2d4851a1d" relativeResultsDirectory="ad923d7f-ba81-4463-ac15-a3347cce954e" />
    <UnitTestResult executionId="98b6ea51-e60d-4bdd-b4a0-0a8362cb1ea6" testId="60d93c6a-68de-f18d-ead0-561ac4ded916" testName="Tests.Integration.Backend.OutputCaching.CacheInvalidationTests.PutPerson_ShouldInvalidateBothEntityAndListCache" computerName="runnervmf4ws1" duration="00:00:01.1501694" startTime="2025-09-11T03:42:37.9011651+00:00" endTime="2025-09-11T03:42:37.9011651+00:00" testType="13cdc9d9-ddb5-4fa4-a97d-d965ccfc6d4b" outcome="Passed" testListId="8c84fa94-04c1-424b-9868-57a2d4851a1d" relativeResultsDirectory="98b6ea51-e60d-4bdd-b4a0-0a8362cb1ea6" />
    <UnitTestResult executionId="92da1dd4-e3f2-44ed-8852-489079a6a1dd" testId="9805b897-cbb6-397d-b557-62afcb8b9211" testName="Tests.Integration.Backend.Controllers.RolesControllerTests.GET_Role_By_Id_Should_Return_Role_When_Exists" computerName="runnervmf4ws1" duration="00:00:01.1261990" startTime="2025-09-11T03:42:51.0429696+00:00" endTime="2025-09-11T03:42:51.0429696+00:00" testType="13cdc9d9-ddb5-4fa4-a97d-d965ccfc6d4b" outcome="Passed" testListId="8c84fa94-04c1-424b-9868-57a2d4851a1d" relativeResultsDirectory="92da1dd4-e3f2-44ed-8852-489079a6a1dd" />
    <UnitTestResult executionId="e21921ac-4750-4fa5-b9a4-5fc8c72ccbdf" testId="3ff5fdb0-8488-3e48-6905-fa8bdf7eaa4c" testName="Tests.Integration.Backend.Controllers.AuthControllerTests.POST_Register_Should_Return_BadRequest_For_Existing_Email" computerName="runnervmf4ws1" duration="00:00:00.5335029" startTime="2025-09-11T03:43:05.2937955+00:00" endTime="2025-09-11T03:43:05.2937955+00:00" testType="13cdc9d9-ddb5-4fa4-a97d-d965ccfc6d4b" outcome="Passed" testListId="8c84fa94-04c1-424b-9868-57a2d4851a1d" relativeResultsDirectory="e21921ac-4750-4fa5-b9a4-5fc8c72ccbdf" />
    <UnitTestResult executionId="73ca157c-0fd0-4309-8a25-f9db5841002b" testId="89abbdd3-2d4a-032e-64a6-9a76add4cdf5" testName="Tests.Integration.Backend.Controllers.WindowsControllerTests.Windows_Should_Handle_Boolean_Properties_Correctly" computerName="runnervmf4ws1" duration="00:00:01.5418236" startTime="2025-09-11T03:42:11.5468803+00:00" endTime="2025-09-11T03:42:11.5468805+00:00" testType="13cdc9d9-ddb5-4fa4-a97d-d965ccfc6d4b" outcome="Passed" testListId="8c84fa94-04c1-424b-9868-57a2d4851a1d" relativeResultsDirectory="73ca157c-0fd0-4309-8a25-f9db5841002b" />
    <UnitTestResult executionId="d2c43362-ad41-46ff-811b-517d20688d5b" testId="55dddd7e-5762-c034-d77c-c5f90ba94706" testName="Tests.Integration.Backend.Controllers.AuthControllerPasswordResetTests.Complete_Password_Reset_Workflow_Should_Work" computerName="runnervmf4ws1" duration="00:00:00.6346616" startTime="2025-09-11T03:42:18.7557452+00:00" endTime="2025-09-11T03:42:18.7557454+00:00" testType="13cdc9d9-ddb5-4fa4-a97d-d965ccfc6d4b" outcome="Passed" testListId="8c84fa94-04c1-424b-9868-57a2d4851a1d" relativeResultsDirectory="d2c43362-ad41-46ff-811b-517d20688d5b" />
    <UnitTestResult executionId="257fb228-402d-41df-afeb-e29149eb7487" testId="47bac687-f373-0ca2-6e08-37ce4bb5fb7e" testName="Tests.Integration.Backend.OutputCaching.OutputCachingTests.GetRoles_ShouldReturnConsistentResponses" computerName="runnervmf4ws1" duration="00:00:00.5383196" startTime="2025-09-11T03:43:00.5414192+00:00" endTime="2025-09-11T03:43:00.5414192+00:00" testType="13cdc9d9-ddb5-4fa4-a97d-d965ccfc6d4b" outcome="Passed" testListId="8c84fa94-04c1-424b-9868-57a2d4851a1d" relativeResultsDirectory="257fb228-402d-41df-afeb-e29149eb7487" />
    <UnitTestResult executionId="1658c6e6-879a-4742-ac35-0f9ed6f00799" testId="87f4b6f2-4d01-15e3-8fa0-456f1577e608" testName="Tests.Integration.Backend.Controllers.AuthControllerPasswordResetTests.POST_ResetPassword_WithInvalidToken_Should_Return_Error" computerName="runnervmf4ws1" duration="00:00:00.2230454" startTime="2025-09-11T03:42:19.3103288+00:00" endTime="2025-09-11T03:42:19.3103295+00:00" testType="13cdc9d9-ddb5-4fa4-a97d-d965ccfc6d4b" outcome="Passed" testListId="8c84fa94-04c1-424b-9868-57a2d4851a1d" relativeResultsDirectory="1658c6e6-879a-4742-ac35-0f9ed6f00799" />
    <UnitTestResult executionId="e0650daf-8110-4f05-b7bc-e6b93dc74438" testId="74c46e58-3df7-a0cc-53b5-5247c5480908" testName="Tests.Integration.Backend.OutputCaching.CachingE2ETests.AllCachedEndpoints_ShouldReturnCacheHeaders(endpoint: &quot;/api/people&quot;)" computerName="runnervmf4ws1" duration="00:00:00.5183015" startTime="2025-09-11T03:42:57.8047418+00:00" endTime="2025-09-11T03:42:57.8047419+00:00" testType="13cdc9d9-ddb5-4fa4-a97d-d965ccfc6d4b" outcome="Passed" testListId="8c84fa94-04c1-424b-9868-57a2d4851a1d" relativeResultsDirectory="e0650daf-8110-4f05-b7bc-e6b93dc74438">
      <Output>
        <StdOut>Endpoint: /api/people
  Cache-Control: public, max-age=60
  ETag: "aJ6QxgjMcAtZTsGOVpvX1A"
  Last-Modified: 09/11/2025 03:42:57 +00:00</StdOut>
      </Output>
    </UnitTestResult>
    <UnitTestResult executionId="bf1e8494-0367-4231-b169-31a620e11948" testId="c1e9fd41-ccc9-89c1-34d7-2e348277c312" testName="Tests.Integration.Backend.E2E.AuthenticationE2ETests.Protected_Endpoint_Should_Require_Authentication" computerName="runnervmf4ws1" duration="00:00:00.0048785" startTime="2025-09-11T03:41:44.8406666+00:00" endTime="2025-09-11T03:41:44.8406668+00:00" testType="13cdc9d9-ddb5-4fa4-a97d-d965ccfc6d4b" outcome="Passed" testListId="8c84fa94-04c1-424b-9868-57a2d4851a1d" relativeResultsDirectory="bf1e8494-0367-4231-b169-31a620e11948" />
    <UnitTestResult executionId="76f3723a-db8a-4434-9814-85e149e8d8a1" testId="06054800-c7da-a693-e1d3-d81d35d825c2" testName="Tests.Integration.Backend.Controllers.ApiHealthTests.All_Controllers_Should_Be_Accessible(endpoint: &quot;/api/people&quot;)" computerName="runnervmf4ws1" duration="00:00:00.4143806" startTime="2025-09-11T03:41:47.9665373+00:00" endTime="2025-09-11T03:41:47.9665377+00:00" testType="13cdc9d9-ddb5-4fa4-a97d-d965ccfc6d4b" outcome="Passed" testListId="8c84fa94-04c1-424b-9868-57a2d4851a1d" relativeResultsDirectory="76f3723a-db8a-4434-9814-85e149e8d8a1" />
    <UnitTestResult executionId="bc212783-9bb5-409b-87ee-cdc8907b3273" testId="67c0dda5-90c3-5662-c072-7db17a34e9f0" testName="Tests.Integration.Backend.Controllers.AuthControllerPasswordResetTests.POST_ValidateResetToken_WithInvalidToken_Should_Return_Invalid_Status" computerName="runnervmf4ws1" duration="00:00:00.2474009" startTime="2025-09-11T03:42:18.1207269+00:00" endTime="2025-09-11T03:42:18.1207271+00:00" testType="13cdc9d9-ddb5-4fa4-a97d-d965ccfc6d4b" outcome="Passed" testListId="8c84fa94-04c1-424b-9868-57a2d4851a1d" relativeResultsDirectory="bc212783-9bb5-409b-87ee-cdc8907b3273" />
    <UnitTestResult executionId="3e786926-a5e1-4d4e-aa60-82d42b724d96" testId="1089b26f-11d1-1b14-2fb8-2326613cba50" testName="Tests.Integration.Backend.Controllers.ApiHealthTests.All_Endpoints_Should_Support_Expected_HTTP_Methods(method: &quot;POST&quot;, endpoint: &quot;/api/windows&quot;)" computerName="runnervmf4ws1" duration="00:00:00.6813873" startTime="2025-09-11T03:41:51.2913709+00:00" endTime="2025-09-11T03:41:51.2913711+00:00" testType="13cdc9d9-ddb5-4fa4-a97d-d965ccfc6d4b" outcome="Passed" testListId="8c84fa94-04c1-424b-9868-57a2d4851a1d" relativeResultsDirectory="3e786926-a5e1-4d4e-aa60-82d42b724d96" />
    <UnitTestResult executionId="4a010c90-fba6-4a30-9980-d647f84fe52a" testId="5d6d527c-ff6b-65d9-2afb-cc1214f1f646" testName="Tests.Integration.Backend.Controllers.WindowsControllerTests.Windows_Should_Persist_Energy_Efficiency_Data" computerName="runnervmf4ws1" duration="00:00:00.6041528" startTime="2025-09-11T03:42:14.3669509+00:00" endTime="2025-09-11T03:42:14.3669511+00:00" testType="13cdc9d9-ddb5-4fa4-a97d-d965ccfc6d4b" outcome="Passed" testListId="8c84fa94-04c1-424b-9868-57a2d4851a1d" relativeResultsDirectory="4a010c90-fba6-4a30-9980-d647f84fe52a" />
    <UnitTestResult executionId="1b82a3e9-363b-42f1-bf34-31bb606d9d25" testId="f05cedeb-e83b-1e7e-3928-23724172eea5" testName="Tests.Integration.Backend.Controllers.DatabaseControllerTests.POST_Database_Seed_Should_Seed_Database_Successfully" computerName="runnervmf4ws1" duration="00:00:00.2420046" startTime="2025-09-11T03:43:10.6269163+00:00" endTime="2025-09-11T03:43:10.6269163+00:00" testType="13cdc9d9-ddb5-4fa4-a97d-d965ccfc6d4b" outcome="Passed" testListId="8c84fa94-04c1-424b-9868-57a2d4851a1d" relativeResultsDirectory="1b82a3e9-363b-42f1-bf34-31bb606d9d25" />
    <UnitTestResult executionId="b591c50b-aade-4248-b39e-bdaec2302fe0" testId="53592f08-0da7-0cd5-09c9-a1ba0d87949c" testName="Tests.Integration.Backend.Controllers.AuthControllerTests.POST_Login_Should_Return_Tokens_For_Valid_Credentials" computerName="runnervmf4ws1" duration="00:00:00.8281224" startTime="2025-09-11T03:43:07.2239675+00:00" endTime="2025-09-11T03:43:07.2239676+00:00" testType="13cdc9d9-ddb5-4fa4-a97d-d965ccfc6d4b" outcome="Passed" testListId="8c84fa94-04c1-424b-9868-57a2d4851a1d" relativeResultsDirectory="b591c50b-aade-4248-b39e-bdaec2302fe0" />
    <UnitTestResult executionId="38d16732-cc46-4938-b572-7f799c46db21" testId="fb20298c-4879-8f71-4e88-e39a0110f3e6" testName="Tests.Integration.Backend.OutputCaching.CachingE2ETests.ConcurrentRequests_ShouldBeCachedEfficiently" computerName="runnervmf4ws1" duration="00:00:00.5287247" startTime="2025-09-11T03:42:58.3337993+00:00" endTime="2025-09-11T03:42:58.3337993+00:00" testType="13cdc9d9-ddb5-4fa4-a97d-d965ccfc6d4b" outcome="Passed" testListId="8c84fa94-04c1-424b-9868-57a2d4851a1d" relativeResultsDirectory="38d16732-cc46-4938-b572-7f799c46db21">
      <Output>
        <StdOut>20 concurrent requests completed in 6ms
Average time per request: 0.3ms</StdOut>
      </Output>
    </UnitTestResult>
    <UnitTestResult executionId="21c1875b-5413-4501-9d5b-acf446160933" testId="9f4c88b5-75b1-89cf-0e7e-8e0e67eff9e0" testName="Tests.Integration.Backend.Controllers.WindowsControllerTests.POST_Windows_Should_Validate_Numeric_Ranges" computerName="runnervmf4ws1" duration="00:00:00.6236882" startTime="2025-09-11T03:42:02.9609405+00:00" endTime="2025-09-11T03:42:02.9609408+00:00" testType="13cdc9d9-ddb5-4fa4-a97d-d965ccfc6d4b" outcome="Passed" testListId="8c84fa94-04c1-424b-9868-57a2d4851a1d" relativeResultsDirectory="21c1875b-5413-4501-9d5b-acf446160933" />
    <UnitTestResult executionId="885cc9d5-28bd-42c2-a5cd-f12b46e97f05" testId="97379147-d8b9-39e9-e5ac-c96169fc4948" testName="Tests.Integration.Backend.OutputCaching.ConditionalRequestTests.GetRequest_WithIfModifiedSince_ShouldReturn304_WhenNotModified" computerName="runnervmf4ws1" duration="00:00:00.5851344" startTime="2025-09-11T03:43:02.1994630+00:00" endTime="2025-09-11T03:43:02.1994631+00:00" testType="13cdc9d9-ddb5-4fa4-a97d-d965ccfc6d4b" outcome="Passed" testListId="8c84fa94-04c1-424b-9868-57a2d4851a1d" relativeResultsDirectory="885cc9d5-28bd-42c2-a5cd-f12b46e97f05" />
    <UnitTestResult executionId="9f5443da-7500-427f-b9b4-91f960c975f5" testId="4b80b6dd-af6e-92d9-97c9-a8c31eb301db" testName="Tests.Integration.Backend.OutputCaching.CachingE2ETests.AllCachedEndpoints_ShouldReturnCacheHeaders(endpoint: &quot;/api/walls&quot;)" computerName="runnervmf4ws1" duration="00:00:00.5529460" startTime="2025-09-11T03:42:56.2342001+00:00" endTime="2025-09-11T03:42:56.2342002+00:00" testType="13cdc9d9-ddb5-4fa4-a97d-d965ccfc6d4b" outcome="Passed" testListId="8c84fa94-04c1-424b-9868-57a2d4851a1d" relativeResultsDirectory="9f5443da-7500-427f-b9b4-91f960c975f5">
      <Output>
        <StdOut>Endpoint: /api/walls
  Cache-Control: public, max-age=60
  ETag: "TjnnNeS974hM8hA1pptU8Q"
  Last-Modified: 09/11/2025 03:42:56 +00:00</StdOut>
      </Output>
    </UnitTestResult>
    <UnitTestResult executionId="964ea9b8-b65e-4aed-9dcc-012a4cb1003a" testId="437f9b9e-301b-15b7-f72b-040911d1fd97" testName="Tests.Integration.Backend.Compression.ResponseCompressionTests.JsonResponse_ShouldBeCompressed" computerName="runnervmf4ws1" duration="00:00:00.3170262" startTime="2025-09-11T03:41:46.3081907+00:00" endTime="2025-09-11T03:41:46.3081909+00:00" testType="13cdc9d9-ddb5-4fa4-a97d-d965ccfc6d4b" outcome="Passed" testListId="8c84fa94-04c1-424b-9868-57a2d4851a1d" relativeResultsDirectory="964ea9b8-b65e-4aed-9dcc-012a4cb1003a" />
    <UnitTestResult executionId="34d0d5aa-3912-4f43-a4a3-740051eb51f3" testId="0dfe4e62-1a92-361e-05c3-42444e197ce6" testName="Tests.Integration.Backend.OutputCaching.OutputCachingConfigurationTests.OutputCachePolicies_ShouldHaveCorrectDurations(policyName: &quot;WallsPolicy&quot;, expectedDurationSeconds: 600)" computerName="runnervmf4ws1" duration="00:00:00.0000127" startTime="2025-09-11T03:43:25.0802065+00:00" endTime="2025-09-11T03:43:25.0802066+00:00" testType="13cdc9d9-ddb5-4fa4-a97d-d965ccfc6d4b" outcome="Passed" testListId="8c84fa94-04c1-424b-9868-57a2d4851a1d" relativeResultsDirectory="34d0d5aa-3912-4f43-a4a3-740051eb51f3" />
    <UnitTestResult executionId="55ba40c3-4acb-4377-bcbd-d9577fa3e46b" testId="17dbb37c-0ae3-4711-733a-8ec5b81611d9" testName="Tests.Integration.Backend.Controllers.AuthControllerTests.POST_Register_Should_Create_User_And_Return_Tokens" computerName="runnervmf4ws1" duration="00:00:00.5248055" startTime="2025-09-11T03:43:09.6486654+00:00" endTime="2025-09-11T03:43:09.6486655+00:00" testType="13cdc9d9-ddb5-4fa4-a97d-d965ccfc6d4b" outcome="Passed" testListId="8c84fa94-04c1-424b-9868-57a2d4851a1d" relativeResultsDirectory="55ba40c3-4acb-4377-bcbd-d9577fa3e46b" />
    <UnitTestResult executionId="1aa2e166-b48c-4bb7-8f48-52742bdfbd31" testId="70e1a820-63f2-9d05-e43e-21258bccb063" testName="Tests.Integration.Backend.OutputCaching.CachingE2ETests.CompleteCachingWorkflow_ShouldPerformAsExpected" computerName="runnervmf4ws1" duration="00:00:01.1427658" startTime="2025-09-11T03:42:55.6810080+00:00" endTime="2025-09-11T03:42:55.6810080+00:00" testType="13cdc9d9-ddb5-4fa4-a97d-d965ccfc6d4b" outcome="Passed" testListId="8c84fa94-04c1-424b-9868-57a2d4851a1d" relativeResultsDirectory="1aa2e166-b48c-4bb7-8f48-52742bdfbd31">
      <Output>
        <StdOut>Initial request (cache miss): 1ms
Cached request (cache hit): 0ms
Conditional request (304): 1ms
After invalidation (cache miss): 0ms
Final cached request: 0ms</StdOut>
      </Output>
    </UnitTestResult>
    <UnitTestResult executionId="fd4ba5ee-7145-47fb-b0d1-f4388ce91885" testId="a509d6b0-b691-0a3b-74c8-b5408578a6d5" testName="Tests.Integration.Backend.Controllers.WallsControllerTests.DELETE_Wall_Should_Remove_Existing_Wall" computerName="runnervmf4ws1" duration="00:00:01.5098234" startTime="2025-09-11T03:42:26.3228086+00:00" endTime="2025-09-11T03:42:26.3228086+00:00" testType="13cdc9d9-ddb5-4fa4-a97d-d965ccfc6d4b" outcome="Passed" testListId="8c84fa94-04c1-424b-9868-57a2d4851a1d" relativeResultsDirectory="fd4ba5ee-7145-47fb-b0d1-f4388ce91885" />
    <UnitTestResult executionId="b06f373d-ac14-4b13-a4fe-fe62f8dd39b0" testId="f746e85d-5530-5c7f-8b39-c9d23cfa24b9" testName="Tests.Integration.Backend.Controllers.PeopleControllerTests.GET_People_Should_Return_Empty_List_Initially" computerName="runnervmf4ws1" duration="00:00:00.5361003" startTime="2025-09-11T03:43:13.9522755+00:00" endTime="2025-09-11T03:43:13.9522755+00:00" testType="13cdc9d9-ddb5-4fa4-a97d-d965ccfc6d4b" outcome="Passed" testListId="8c84fa94-04c1-424b-9868-57a2d4851a1d" relativeResultsDirectory="b06f373d-ac14-4b13-a4fe-fe62f8dd39b0" />
    <UnitTestResult executionId="fe0d3c87-b306-43a4-954a-b52282897a67" testId="585749df-18b6-91ed-3a17-d18e3a118780" testName="Tests.Integration.Backend.OutputCaching.CachingE2ETests.AllCachedEndpoints_ShouldReturnCacheHeaders(endpoint: &quot;/api/windows&quot;)" computerName="runnervmf4ws1" duration="00:00:00.5331456" startTime="2025-09-11T03:42:57.2860686+00:00" endTime="2025-09-11T03:42:57.2860687+00:00" testType="13cdc9d9-ddb5-4fa4-a97d-d965ccfc6d4b" outcome="Passed" testListId="8c84fa94-04c1-424b-9868-57a2d4851a1d" relativeResultsDirectory="fe0d3c87-b306-43a4-954a-b52282897a67">
      <Output>
        <StdOut>Endpoint: /api/windows
  Cache-Control: public, max-age=60
  ETag: "11FxOYiYfpMxmANj4kGJzg"
  Last-Modified: 09/11/2025 03:42:57 +00:00</StdOut>
      </Output>
    </UnitTestResult>
    <UnitTestResult executionId="183b9c82-170e-4478-8cf1-c67cef8024a7" testId="53a7b40c-019b-3989-42c2-31ec0027eed1" testName="Tests.Integration.Backend.OutputCaching.OutputCachingTests.GetWindows_ShouldReturnConsistentResponses" computerName="runnervmf4ws1" duration="00:00:00.5470941" startTime="2025-09-11T03:43:00.0027022+00:00" endTime="2025-09-11T03:43:00.0027023+00:00" testType="13cdc9d9-ddb5-4fa4-a97d-d965ccfc6d4b" outcome="Passed" testListId="8c84fa94-04c1-424b-9868-57a2d4851a1d" relativeResultsDirectory="183b9c82-170e-4478-8cf1-c67cef8024a7" />
    <UnitTestResult executionId="35e87fd4-66a7-4800-b84e-abf895c46d9c" testId="19212179-02a1-0bfe-fef4-7e3682270e04" testName="Tests.Integration.Backend.OutputCaching.CachingE2ETests.CacheInvalidation_ShouldWorkAcrossEntities" computerName="runnervmf4ws1" duration="00:00:01.1412482" startTime="2025-09-11T03:42:53.9994722+00:00" endTime="2025-09-11T03:42:53.9994722+00:00" testType="13cdc9d9-ddb5-4fa4-a97d-d965ccfc6d4b" outcome="Passed" testListId="8c84fa94-04c1-424b-9868-57a2d4851a1d" relativeResultsDirectory="35e87fd4-66a7-4800-b84e-abf895c46d9c" />
    <UnitTestResult executionId="6f580605-1435-4ecc-b7d9-b544faacb6b7" testId="8e410b3f-ed9f-5189-87a9-0a81e42ccd93" testName="Tests.Integration.Backend.Controllers.AuthControllerPasswordResetTests.POST_ForgotPassword_WithInvalidEmail_Should_Return_BadRequest" computerName="runnervmf4ws1" duration="00:00:00.2264166" startTime="2025-09-11T03:42:17.2011651+00:00" endTime="2025-09-11T03:42:17.2011654+00:00" testType="13cdc9d9-ddb5-4fa4-a97d-d965ccfc6d4b" outcome="Passed" testListId="8c84fa94-04c1-424b-9868-57a2d4851a1d" relativeResultsDirectory="6f580605-1435-4ecc-b7d9-b544faacb6b7" />
    <UnitTestResult executionId="893b8218-cf67-42d8-bfeb-6abc58bf5be8" testId="a4e7fe1d-8462-8e20-a217-708cdc9d8f6a" testName="Tests.Integration.Backend.Controllers.WallsControllerTests.Walls_Should_Persist_Timestamps_Correctly" computerName="runnervmf4ws1" duration="00:00:01.6261362" startTime="2025-09-11T03:42:29.6867303+00:00" endTime="2025-09-11T03:42:29.6867303+00:00" testType="13cdc9d9-ddb5-4fa4-a97d-d965ccfc6d4b" outcome="Passed" testListId="8c84fa94-04c1-424b-9868-57a2d4851a1d" relativeResultsDirectory="893b8218-cf67-42d8-bfeb-6abc58bf5be8" />
    <UnitTestResult executionId="3b44ad50-c7c9-4b6b-94b1-8bcf9b072e2b" testId="a5770765-4612-4372-f1a9-727a017fca24" testName="Tests.Integration.Backend.Compression.ResponseCompressionTests.CompressedResponse_ShouldHaveCompressionHeaders" computerName="runnervmf4ws1" duration="00:00:00.6123951" startTime="2025-09-11T03:41:47.5493047+00:00" endTime="2025-09-11T03:41:47.5493049+00:00" testType="13cdc9d9-ddb5-4fa4-a97d-d965ccfc6d4b" outcome="Passed" testListId="8c84fa94-04c1-424b-9868-57a2d4851a1d" relativeResultsDirectory="3b44ad50-c7c9-4b6b-94b1-8bcf9b072e2b" />
    <UnitTestResult executionId="a54aedc9-083c-499e-8a30-1cbae2ee0259" testId="b669f2ae-31fe-37d1-6d74-8de9a66812e1" testName="Tests.Integration.Backend.Controllers.DatabaseControllerTests.POST_Database_Reset_Should_Reset_Database_With_Valid_Token" computerName="runnervmf4ws1" duration="00:00:00.3404570" startTime="2025-09-11T03:43:11.6734801+00:00" endTime="2025-09-11T03:43:11.6734802+00:00" testType="13cdc9d9-ddb5-4fa4-a97d-d965ccfc6d4b" outcome="Passed" testListId="8c84fa94-04c1-424b-9868-57a2d4851a1d" relativeResultsDirectory="a54aedc9-083c-499e-8a30-1cbae2ee0259" />
    <UnitTestResult executionId="3eab8c5f-5e45-4828-9163-870ec86b9289" testId="76fbe764-5e84-e751-cc4c-187af70eca54" testName="Tests.Integration.Backend.Infrastructure.GenericRepositoryIntegrationTests.GenericRepository_ShouldWorkWithSpecifications_EndToEnd" computerName="runnervmf4ws1" duration="00:00:00.2896854" startTime="2025-09-11T03:42:16.0767414+00:00" endTime="2025-09-11T03:42:16.0767419+00:00" testType="13cdc9d9-ddb5-4fa4-a97d-d965ccfc6d4b" outcome="Passed" testListId="8c84fa94-04c1-424b-9868-57a2d4851a1d" relativeResultsDirectory="3eab8c5f-5e45-4828-9163-870ec86b9289" />
    <UnitTestResult executionId="7eb048f6-d0dd-4eff-9862-5aa551a6c505" testId="4fb3036c-0d92-3b62-20b9-33331422414d" testName="Tests.Integration.Backend.Controllers.AuthControllerTests.Protected_Endpoint_Should_Return_Unauthorized_Without_Token" computerName="runnervmf4ws1" duration="00:00:00.2268069" startTime="2025-09-11T03:43:09.8757901+00:00" endTime="2025-09-11T03:43:09.8757902+00:00" testType="13cdc9d9-ddb5-4fa4-a97d-d965ccfc6d4b" outcome="Passed" testListId="8c84fa94-04c1-424b-9868-57a2d4851a1d" relativeResultsDirectory="7eb048f6-d0dd-4eff-9862-5aa551a6c505" />
    <UnitTestResult executionId="88260b84-689c-4beb-b1e6-4de277ce1e3f" testId="927ecc12-27fc-afb1-a7a2-a42476361110" testName="Tests.Integration.Backend.E2E.AuthenticationE2ETests.Role_Based_Access_Should_Work" computerName="runnervmf4ws1" duration="00:00:02.3273989" startTime="2025-09-11T03:41:43.0211875+00:00" endTime="2025-09-11T03:41:43.0212063+00:00" testType="13cdc9d9-ddb5-4fa4-a97d-d965ccfc6d4b" outcome="Passed" testListId="8c84fa94-04c1-424b-9868-57a2d4851a1d" relativeResultsDirectory="88260b84-689c-4beb-b1e6-4de277ce1e3f" />
    <UnitTestResult executionId="314b7df4-f347-493d-80fc-eee609a1a9f1" testId="8231f168-9927-9d00-f91d-f5006f875a5b" testName="Tests.Integration.Backend.Controllers.ApiHealthTests.All_Controllers_Should_Be_Accessible(endpoint: &quot;/api/walls&quot;)" computerName="runnervmf4ws1" duration="00:00:00.3324193" startTime="2025-09-11T03:41:48.2993774+00:00" endTime="2025-09-11T03:41:48.2993777+00:00" testType="13cdc9d9-ddb5-4fa4-a97d-d965ccfc6d4b" outcome="Passed" testListId="8c84fa94-04c1-424b-9868-57a2d4851a1d" relativeResultsDirectory="314b7df4-f347-493d-80fc-eee609a1a9f1" />
    <UnitTestResult executionId="f2664dc5-8dcc-469f-a343-ec64d93e47f9" testId="98463f55-b92d-02fc-1e9d-e879206d0dbe" testName="Tests.Integration.Backend.Controllers.ApiHealthTests.All_Endpoints_Should_Support_Expected_HTTP_Methods(method: &quot;POST&quot;, endpoint: &quot;/api/roles&quot;)" computerName="runnervmf4ws1" duration="00:00:00.6453904" startTime="2025-09-11T03:41:50.6095422+00:00" endTime="2025-09-11T03:41:50.6095424+00:00" testType="13cdc9d9-ddb5-4fa4-a97d-d965ccfc6d4b" outcome="Passed" testListId="8c84fa94-04c1-424b-9868-57a2d4851a1d" relativeResultsDirectory="f2664dc5-8dcc-469f-a343-ec64d93e47f9" />
    <UnitTestResult executionId="0b7b40c6-0499-4625-8338-4a19681a03c2" testId="a0e7a1c4-1639-53f1-ce02-5d2f760332a2" testName="Tests.Integration.Backend.E2E.AuthenticationE2ETests.Token_Should_Expire_And_Require_Refresh" computerName="runnervmf4ws1" duration="00:00:00.3139454" startTime="2025-09-11T03:41:45.1608612+00:00" endTime="2025-09-11T03:41:45.1608614+00:00" testType="13cdc9d9-ddb5-4fa4-a97d-d965ccfc6d4b" outcome="Passed" testListId="8c84fa94-04c1-424b-9868-57a2d4851a1d" relativeResultsDirectory="0b7b40c6-0499-4625-8338-4a19681a03c2" />
    <UnitTestResult executionId="7d70667e-7f8e-474c-9e90-fd7f24457ad9" testId="abfa73e9-0257-16cb-29aa-f2c99faf213f" testName="Tests.Integration.Backend.Compression.ResponseCompressionTests.ApiResponse_ShouldBeCompressed_WhenClientSupportsGzip" computerName="runnervmf4ws1" duration="00:00:00.3108341" startTime="2025-09-11T03:41:46.6195212+00:00" endTime="2025-09-11T03:41:46.6195215+00:00" testType="13cdc9d9-ddb5-4fa4-a97d-d965ccfc6d4b" outcome="Passed" testListId="8c84fa94-04c1-424b-9868-57a2d4851a1d" relativeResultsDirectory="7d70667e-7f8e-474c-9e90-fd7f24457ad9" />
    <UnitTestResult executionId="33df00c7-3f6a-4209-93d8-ca26b455ea69" testId="3c12eda2-b3ce-445c-ab96-ec2f1aa7f5f7" testName="Tests.Integration.Backend.Controllers.WindowsControllerTests.POST_Window_Should_Handle_Optional_Fields" computerName="runnervmf4ws1" duration="00:00:00.6062977" startTime="2025-09-11T03:42:06.6519649+00:00" endTime="2025-09-11T03:42:06.6519650+00:00" testType="13cdc9d9-ddb5-4fa4-a97d-d965ccfc6d4b" outcome="Passed" testListId="8c84fa94-04c1-424b-9868-57a2d4851a1d" relativeResultsDirectory="33df00c7-3f6a-4209-93d8-ca26b455ea69" />
    <UnitTestResult executionId="d22f8e7f-4014-4852-b9cc-f4e141144090" testId="9624bd8d-101a-a0f9-4e88-2b9292a1caad" testName="Tests.Integration.Backend.Controllers.RolesControllerTests.PUT_Role_Should_Return_404_When_Not_Exists" computerName="runnervmf4ws1" duration="00:00:00.6039252" startTime="2025-09-11T03:42:51.6472729+00:00" endTime="2025-09-11T03:42:51.6472730+00:00" testType="13cdc9d9-ddb5-4fa4-a97d-d965ccfc6d4b" outcome="Passed" testListId="8c84fa94-04c1-424b-9868-57a2d4851a1d" relativeResultsDirectory="d22f8e7f-4014-4852-b9cc-f4e141144090" />
    <UnitTestResult executionId="89e5bced-4be4-4c4d-8859-1f331966fcf7" testId="f6484c9f-d44d-28f7-583b-e91d4b7f5382" testName="Tests.Integration.Backend.Compression.StaticFileCompressionTests.CssFile_ShouldBeCompressed_WhenClientSupportsBrotli" computerName="runnervmf4ws1" duration="00:00:00.0022942" startTime="2025-09-11T03:42:40.2278041+00:00" endTime="2025-09-11T03:42:40.2278041+00:00" testType="13cdc9d9-ddb5-4fa4-a97d-d965ccfc6d4b" outcome="Passed" testListId="8c84fa94-04c1-424b-9868-57a2d4851a1d" relativeResultsDirectory="89e5bced-4be4-4c4d-8859-1f331966fcf7" />
    <UnitTestResult executionId="629689c9-0001-4b6c-b9d0-88e64885adda" testId="7bc10e4f-5a04-518e-0136-35873081b204" testName="Tests.Integration.Backend.Controllers.WindowsControllerTests.PUT_Window_Should_Update_Existing_Window" computerName="runnervmf4ws1" duration="00:00:01.5274167" startTime="2025-09-11T03:42:08.7918201+00:00" endTime="2025-09-11T03:42:08.7918203+00:00" testType="13cdc9d9-ddb5-4fa4-a97d-d965ccfc6d4b" outcome="Passed" testListId="8c84fa94-04c1-424b-9868-57a2d4851a1d" relativeResultsDirectory="629689c9-0001-4b6c-b9d0-88e64885adda" />
    <UnitTestResult executionId="5a4c4dc7-0f80-4352-a1bd-459f71fd3ea7" testId="7810a33a-ed10-21b4-237d-f07ca1a37883" testName="Tests.Integration.Backend.Controllers.AuthControllerPasswordResetTests.POST_ResetPassword_WithWeakPassword_Should_Return_Error" computerName="runnervmf4ws1" duration="00:00:00.4334210" startTime="2025-09-11T03:42:16.7382093+00:00" endTime="2025-09-11T03:42:16.7382094+00:00" testType="13cdc9d9-ddb5-4fa4-a97d-d965ccfc6d4b" outcome="Passed" testListId="8c84fa94-04c1-424b-9868-57a2d4851a1d" relativeResultsDirectory="5a4c4dc7-0f80-4352-a1bd-459f71fd3ea7" />
    <UnitTestResult executionId="70ce35ac-aa81-4755-b25b-c09853d003ef" testId="58d6d3e1-eb4b-146c-6475-5a89377fd38d" testName="Tests.Integration.Backend.Controllers.ApiHealthTests.API_Should_Maintain_Data_Consistency_Under_Load" computerName="runnervmf4ws1" duration="00:00:02.5845989" startTime="2025-09-11T03:42:01.6164046+00:00" endTime="2025-09-11T03:42:01.6164047+00:00" testType="13cdc9d9-ddb5-4fa4-a97d-d965ccfc6d4b" outcome="Passed" testListId="8c84fa94-04c1-424b-9868-57a2d4851a1d" relativeResultsDirectory="70ce35ac-aa81-4755-b25b-c09853d003ef" />
    <UnitTestResult executionId="88924a37-322c-413d-986f-2b9dcc46ef27" testId="d43526e9-cec8-6f67-27fe-2d630de644f9" testName="Tests.Integration.Backend.Controllers.AuthControllerTests.POST_Login_Should_Return_Unauthorized_For_Invalid_Credentials" computerName="runnervmf4ws1" duration="00:00:00.2259714" startTime="2025-09-11T03:43:06.3954943+00:00" endTime="2025-09-11T03:43:06.3954944+00:00" testType="13cdc9d9-ddb5-4fa4-a97d-d965ccfc6d4b" outcome="Passed" testListId="8c84fa94-04c1-424b-9868-57a2d4851a1d" relativeResultsDirectory="88924a37-322c-413d-986f-2b9dcc46ef27" />
    <UnitTestResult executionId="2de22233-7c5c-4110-9a76-b90cf5c40217" testId="9be21e93-9fc5-d98c-6abd-02370621f63e" testName="Tests.Integration.Backend.Controllers.PeopleControllerTests.DELETE_People_Should_Return_403_For_Non_Admin_User" computerName="runnervmf4ws1" duration="00:00:01.1275531" startTime="2025-09-11T03:43:25.0094312+00:00" endTime="2025-09-11T03:43:25.0094312+00:00" testType="13cdc9d9-ddb5-4fa4-a97d-d965ccfc6d4b" outcome="Passed" testListId="8c84fa94-04c1-424b-9868-57a2d4851a1d" relativeResultsDirectory="2de22233-7c5c-4110-9a76-b90cf5c40217" />
    <UnitTestResult executionId="1951f20b-f64c-414f-acab-6650f538abad" testId="3c9c11b5-6967-f47a-cfd8-d22458fa9229" testName="Tests.Integration.Backend.OutputCaching.ConditionalRequestTests.CacheHeaders_ShouldBePresent_OnGetRequests" computerName="runnervmf4ws1" duration="00:00:00.5387882" startTime="2025-09-11T03:43:02.7385934+00:00" endTime="2025-09-11T03:43:02.7385934+00:00" testType="13cdc9d9-ddb5-4fa4-a97d-d965ccfc6d4b" outcome="Passed" testListId="8c84fa94-04c1-424b-9868-57a2d4851a1d" relativeResultsDirectory="1951f20b-f64c-414f-acab-6650f538abad" />
    <UnitTestResult executionId="19842f64-2fe4-4b42-82fc-f17bc2c6353f" testId="aeaaee5e-bc09-54e8-9ec4-6c4cdf3ce87c" testName="Tests.Integration.Backend.Controllers.ApiHealthTests.API_Should_Handle_Large_Payloads" computerName="runnervmf4ws1" duration="00:00:00.6161855" startTime="2025-09-11T03:41:55.3460054+00:00" endTime="2025-09-11T03:41:55.3460056+00:00" testType="13cdc9d9-ddb5-4fa4-a97d-d965ccfc6d4b" outcome="Passed" testListId="8c84fa94-04c1-424b-9868-57a2d4851a1d" relativeResultsDirectory="19842f64-2fe4-4b42-82fc-f17bc2c6353f" />
    <UnitTestResult executionId="badcbb63-1c40-4c6c-b590-3f1fccce48bd" testId="bc66b42a-da4a-96c7-2103-52f52cf67ffd" testName="Tests.Integration.Backend.Controllers.AuthControllerTests.Protected_Endpoint_Should_Return_OK_With_Valid_Token" computerName="runnervmf4ws1" duration="00:00:00.8333420" startTime="2025-09-11T03:43:08.8915260+00:00" endTime="2025-09-11T03:43:08.8915261+00:00" testType="13cdc9d9-ddb5-4fa4-a97d-d965ccfc6d4b" outcome="Passed" testListId="8c84fa94-04c1-424b-9868-57a2d4851a1d" relativeResultsDirectory="badcbb63-1c40-4c6c-b590-3f1fccce48bd" />
    <UnitTestResult executionId="9dbe4f34-dad4-4523-934a-fadace2f171f" testId="7ef81c0c-3038-9435-7857-ab17f80f7cdb" testName="Tests.Integration.Backend.OutputCaching.CacheInvalidationTests.PostWindow_ShouldInvalidateWindowsCache" computerName="runnervmf4ws1" duration="00:00:01.2152717" startTime="2025-09-11T03:42:33.3239042+00:00" endTime="2025-09-11T03:42:33.3239043+00:00" testType="13cdc9d9-ddb5-4fa4-a97d-d965ccfc6d4b" outcome="Passed" testListId="8c84fa94-04c1-424b-9868-57a2d4851a1d" relativeResultsDirectory="9dbe4f34-dad4-4523-934a-fadace2f171f" />
    <UnitTestResult executionId="c6b3cb76-0492-4fa3-bdf9-ee0ee2d895fe" testId="f8a89fdf-3bc2-915a-c2bf-5b68e643a78c" testName="Tests.Integration.Backend.OutputCaching.CacheInvalidationTests.PostRole_ShouldInvalidateRolesCache" computerName="runnervmf4ws1" duration="00:00:01.1441412" startTime="2025-09-11T03:42:35.6160455+00:00" endTime="2025-09-11T03:42:35.6160456+00:00" testType="13cdc9d9-ddb5-4fa4-a97d-d965ccfc6d4b" outcome="Passed" testListId="8c84fa94-04c1-424b-9868-57a2d4851a1d" relativeResultsDirectory="c6b3cb76-0492-4fa3-bdf9-ee0ee2d895fe" />
    <UnitTestResult executionId="734bc151-0dc4-4098-858f-bf161b235652" testId="34d6d731-abe6-2c2d-f525-44f047db1777" testName="Tests.Integration.Backend.Controllers.WallsControllerTests.POST_Wall_Should_Handle_Optional_Fields" computerName="runnervmf4ws1" duration="00:00:00.6725744" startTime="2025-09-11T03:42:20.3128415+00:00" endTime="2025-09-11T03:42:20.3128416+00:00" testType="13cdc9d9-ddb5-4fa4-a97d-d965ccfc6d4b" outcome="Passed" testListId="8c84fa94-04c1-424b-9868-57a2d4851a1d" relativeResultsDirectory="734bc151-0dc4-4098-858f-bf161b235652" />
    <UnitTestResult executionId="b3a11959-1838-478d-8cec-0113aa71a7fb" testId="0786cd9f-2220-51d9-4156-4d742eda00d4" testName="Tests.Integration.Backend.OutputCaching.OutputCachingTests.GetPeople_ShouldReturnConsistentResponses" computerName="runnervmf4ws1" duration="00:00:00.5324837" startTime="2025-09-11T03:43:01.0742629+00:00" endTime="2025-09-11T03:43:01.0742629+00:00" testType="13cdc9d9-ddb5-4fa4-a97d-d965ccfc6d4b" outcome="Passed" testListId="8c84fa94-04c1-424b-9868-57a2d4851a1d" relativeResultsDirectory="b3a11959-1838-478d-8cec-0113aa71a7fb" />
    <UnitTestResult executionId="fc162060-2b11-46fe-825a-0728e3d21703" testId="4e4996c7-f4bf-6a3f-b2c5-de38dd6676bb" testName="Tests.Integration.Backend.Controllers.PeopleControllerTests.GET_People_By_Id_Should_Return_404_For_NonExistent_Person" computerName="runnervmf4ws1" duration="00:00:00.5285762" startTime="2025-09-11T03:43:18.5812260+00:00" endTime="2025-09-11T03:43:18.5812260+00:00" testType="13cdc9d9-ddb5-4fa4-a97d-d965ccfc6d4b" outcome="Passed" testListId="8c84fa94-04c1-424b-9868-57a2d4851a1d" relativeResultsDirectory="fc162060-2b11-46fe-825a-0728e3d21703" />
    <UnitTestResult executionId="0ec52a24-8302-4611-b1bc-c5a2cfce11f3" testId="cc336df8-b701-eea1-c754-b46ee3091b03" testName="Tests.Integration.Backend.Controllers.AuthControllerTests.POST_Login_Should_Return_BadRequest_For_Invalid_Email_Format" computerName="runnervmf4ws1" duration="00:00:00.2286479" startTime="2025-09-11T03:43:10.1047969+00:00" endTime="2025-09-11T03:43:10.1047970+00:00" testType="13cdc9d9-ddb5-4fa4-a97d-d965ccfc6d4b" outcome="Passed" testListId="8c84fa94-04c1-424b-9868-57a2d4851a1d" relativeResultsDirectory="0ec52a24-8302-4611-b1bc-c5a2cfce11f3" />
    <UnitTestResult executionId="00353cf4-8c76-4432-b358-f4e4a99648ac" testId="e883dfad-5803-12bb-5b1f-de2527fafd69" testName="Tests.Integration.Backend.E2E.AuthenticationE2ETests.Concurrent_Requests_Should_Be_Handled_Properly" computerName="runnervmf4ws1" duration="00:00:00.3124031" startTime="2025-09-11T03:41:44.4968784+00:00" endTime="2025-09-11T03:41:44.4968787+00:00" testType="13cdc9d9-ddb5-4fa4-a97d-d965ccfc6d4b" outcome="Passed" testListId="8c84fa94-04c1-424b-9868-57a2d4851a1d" relativeResultsDirectory="00353cf4-8c76-4432-b358-f4e4a99648ac" />
    <UnitTestResult executionId="6cffba61-cf43-4e85-bdc5-2253d743f36f" testId="aaddc149-d8b9-e302-ef68-034ece67c17b" testName="Tests.Integration.Backend.Controllers.ApiHealthTests.All_Endpoints_Should_Support_Expected_HTTP_Methods(method: &quot;GET&quot;, endpoint: &quot;/api/windows&quot;)" computerName="runnervmf4ws1" duration="00:00:00.3072749" startTime="2025-09-11T03:41:52.2456742+00:00" endTime="2025-09-11T03:41:52.2456745+00:00" testType="13cdc9d9-ddb5-4fa4-a97d-d965ccfc6d4b" outcome="Passed" testListId="8c84fa94-04c1-424b-9868-57a2d4851a1d" relativeResultsDirectory="6cffba61-cf43-4e85-bdc5-2253d743f36f" />
    <UnitTestResult executionId="08d04531-9189-410b-b066-0cecd1984e8f" testId="3115f456-ece1-1790-9284-157082a1d43c" testName="Tests.Integration.Backend.Controllers.RolesControllerTests.POST_Roles_Should_Return_400_For_Invalid_Data" computerName="runnervmf4ws1" duration="00:00:00.8228192" startTime="2025-09-11T03:42:48.5639901+00:00" endTime="2025-09-11T03:42:48.5639901+00:00" testType="13cdc9d9-ddb5-4fa4-a97d-d965ccfc6d4b" outcome="Passed" testListId="8c84fa94-04c1-424b-9868-57a2d4851a1d" relativeResultsDirectory="08d04531-9189-410b-b066-0cecd1984e8f" />
    <UnitTestResult executionId="c0c1ea0d-f9ac-4706-b9fc-c3655b083fea" testId="e4619fb0-2f02-c154-40bc-f54ee36b9b38" testName="Tests.Integration.Backend.Controllers.ApiHealthTests.API_Should_Handle_Concurrent_Requests" computerName="runnervmf4ws1" duration="00:00:03.0753060" startTime="2025-09-11T03:41:58.4217470+00:00" endTime="2025-09-11T03:41:58.4217472+00:00" testType="13cdc9d9-ddb5-4fa4-a97d-d965ccfc6d4b" outcome="Passed" testListId="8c84fa94-04c1-424b-9868-57a2d4851a1d" relativeResultsDirectory="c0c1ea0d-f9ac-4706-b9fc-c3655b083fea" />
    <UnitTestResult executionId="ee3ab392-759f-4d5f-9598-fe6cc359c829" testId="48288144-3004-3fb6-5971-16808e53c3e3" testName="Tests.Integration.Backend.Controllers.RolesControllerTests.POST_Role_Should_Handle_Null_Description" computerName="runnervmf4ws1" duration="00:00:00.6045892" startTime="2025-09-11T03:42:46.2956488+00:00" endTime="2025-09-11T03:42:46.2956488+00:00" testType="13cdc9d9-ddb5-4fa4-a97d-d965ccfc6d4b" outcome="Passed" testListId="8c84fa94-04c1-424b-9868-57a2d4851a1d" relativeResultsDirectory="ee3ab392-759f-4d5f-9598-fe6cc359c829" />
    <UnitTestResult executionId="7578c0ca-0eec-4dc3-b129-936bceabd9d2" testId="1a8b33fa-e8e7-c5c8-b527-0b5fd94498f4" testName="Tests.Integration.Backend.OutputCaching.CacheInvalidationTests.PostPerson_ShouldInvalidateListCache" computerName="runnervmf4ws1" duration="00:00:01.1472897" startTime="2025-09-11T03:42:34.4715541+00:00" endTime="2025-09-11T03:42:34.4715542+00:00" testType="13cdc9d9-ddb5-4fa4-a97d-d965ccfc6d4b" outcome="Passed" testListId="8c84fa94-04c1-424b-9868-57a2d4851a1d" relativeResultsDirectory="7578c0ca-0eec-4dc3-b129-936bceabd9d2" />
    <UnitTestResult executionId="e7bdb6ff-66db-45ad-a3c3-36da4a684e0f" testId="6701ad16-b836-ee76-0566-4e5adb91c861" testName="Tests.Integration.Backend.OutputCaching.CachingE2ETests.AllCachedEndpoints_ShouldReturnCacheHeaders(endpoint: &quot;/api/roles&quot;)" computerName="runnervmf4ws1" duration="00:00:00.5180533" startTime="2025-09-11T03:42:56.7525911+00:00" endTime="2025-09-11T03:42:56.7525911+00:00" testType="13cdc9d9-ddb5-4fa4-a97d-d965ccfc6d4b" outcome="Passed" testListId="8c84fa94-04c1-424b-9868-57a2d4851a1d" relativeResultsDirectory="e7bdb6ff-66db-45ad-a3c3-36da4a684e0f">
      <Output>
        <StdOut>Endpoint: /api/roles
  Cache-Control: public, max-age=60
  ETag: "hOHqtJNyfcQjzaT9rv39uw"
  Last-Modified: 09/11/2025 03:42:56 +00:00</StdOut>
      </Output>
    </UnitTestResult>
    <UnitTestResult executionId="fef61cd1-6959-473c-9cc5-69d6a34f8589" testId="5ba1ea2b-a035-33f8-2d26-2c5753c3433e" testName="Tests.Integration.Backend.Compression.StaticFileCompressionTests.UncompressedStaticFiles_ShouldNotHaveCompressionHeaders" computerName="runnervmf4ws1" duration="00:00:00.0024371" startTime="2025-09-11T03:42:40.2344815+00:00" endTime="2025-09-11T03:42:40.2344815+00:00" testType="13cdc9d9-ddb5-4fa4-a97d-d965ccfc6d4b" outcome="Passed" testListId="8c84fa94-04c1-424b-9868-57a2d4851a1d" relativeResultsDirectory="fef61cd1-6959-473c-9cc5-69d6a34f8589" />
    <UnitTestResult executionId="1482642b-6698-480c-b85d-e3b54df97c06" testId="d0fa0570-460f-ec62-156b-5af9612d66a8" testName="Tests.Integration.Backend.Compression.ResponseCompressionTests.HttpsResponse_ShouldSupportCompression" computerName="runnervmf4ws1" duration="00:00:00.3088002" startTime="2025-09-11T03:41:46.9287827+00:00" endTime="2025-09-11T03:41:46.9287829+00:00" testType="13cdc9d9-ddb5-4fa4-a97d-d965ccfc6d4b" outcome="Passed" testListId="8c84fa94-04c1-424b-9868-57a2d4851a1d" relativeResultsDirectory="1482642b-6698-480c-b85d-e3b54df97c06" />
    <UnitTestResult executionId="0ebc9bd8-f0cb-4801-804f-cc25f709bc0c" testId="e3433c1d-41f7-b660-a894-db56a9b283f4" testName="Tests.Integration.Backend.Controllers.ApiHealthTests.API_Should_Handle_CORS_Headers" computerName="runnervmf4ws1" duration="00:00:00.3036362" startTime="2025-09-11T03:41:58.7258088+00:00" endTime="2025-09-11T03:41:58.7258090+00:00" testType="13cdc9d9-ddb5-4fa4-a97d-d965ccfc6d4b" outcome="Passed" testListId="8c84fa94-04c1-424b-9868-57a2d4851a1d" relativeResultsDirectory="0ebc9bd8-f0cb-4801-804f-cc25f709bc0c" />
    <UnitTestResult executionId="31031396-da9c-4c04-8eaa-174a6073755d" testId="d52400d3-aadd-aa81-a16e-1863a2b50655" testName="Tests.Integration.Backend.OutputCaching.OutputCachingConfigurationTests.OutputCachePolicies_ShouldHaveCorrectDurations(policyName: &quot;RolesPolicy&quot;, expectedDurationSeconds: 3600)" computerName="runnervmf4ws1" duration="00:00:00.0001916" startTime="2025-09-11T03:43:25.0801215+00:00" endTime="2025-09-11T03:43:25.0801215+00:00" testType="13cdc9d9-ddb5-4fa4-a97d-d965ccfc6d4b" outcome="Passed" testListId="8c84fa94-04c1-424b-9868-57a2d4851a1d" relativeResultsDirectory="31031396-da9c-4c04-8eaa-174a6073755d" />
    <UnitTestResult executionId="513ba134-ed9c-4794-9e7a-79336e985563" testId="3b2e3bce-af10-026c-a2ca-d924efcd601d" testName="Tests.Integration.Backend.Compression.StaticFileCompressionTests.JsFile_ShouldBeCompressed_WhenClientSupportsGzip" computerName="runnervmf4ws1" duration="00:00:00.0021641" startTime="2025-09-11T03:42:40.2369359+00:00" endTime="2025-09-11T03:42:40.2369360+00:00" testType="13cdc9d9-ddb5-4fa4-a97d-d965ccfc6d4b" outcome="Passed" testListId="8c84fa94-04c1-424b-9868-57a2d4851a1d" relativeResultsDirectory="513ba134-ed9c-4794-9e7a-79336e985563" />
    <UnitTestResult executionId="2444af08-6530-4031-ae14-f2eb9157c3e7" testId="25c388e9-4416-bcb2-f5bb-f92fe28b725a" testName="Tests.Integration.Backend.Controllers.AuthControllerPasswordResetTests.POST_ResetPassword_WithValidToken_Should_Reset_Password_Successfully" computerName="runnervmf4ws1" duration="00:00:00.6714039" startTime="2025-09-11T03:42:17.8729354+00:00" endTime="2025-09-11T03:42:17.8729357+00:00" testType="13cdc9d9-ddb5-4fa4-a97d-d965ccfc6d4b" outcome="Passed" testListId="8c84fa94-04c1-424b-9868-57a2d4851a1d" relativeResultsDirectory="2444af08-6530-4031-ae14-f2eb9157c3e7" />
    <UnitTestResult executionId="275f9aa3-9289-4c9d-87bf-ed61025e12cc" testId="cbf0626f-7167-adff-b20c-96cc3cdf6ce9" testName="Tests.Integration.Backend.OutputCaching.OutputCachingTests.GetEntityById_ShouldReturnConsistentResponses" computerName="runnervmf4ws1" duration="00:00:00.5386432" startTime="2025-09-11T03:43:01.6132873+00:00" endTime="2025-09-11T03:43:01.6132873+00:00" testType="13cdc9d9-ddb5-4fa4-a97d-d965ccfc6d4b" outcome="Passed" testListId="8c84fa94-04c1-424b-9868-57a2d4851a1d" relativeResultsDirectory="275f9aa3-9289-4c9d-87bf-ed61025e12cc" />
    <UnitTestResult executionId="a8e8345b-b250-47b8-8d7b-7456a890790e" testId="a52f36e0-aa87-4104-3036-3d7d9607f688" testName="Tests.Integration.Backend.Compression.ResponseCompressionTests.SmallResponse_ShouldNotBeCompressed_WhenBelowThreshold" computerName="runnervmf4ws1" duration="00:00:00.0054498" startTime="2025-09-11T03:41:46.9345725+00:00" endTime="2025-09-11T03:41:46.9345726+00:00" testType="13cdc9d9-ddb5-4fa4-a97d-d965ccfc6d4b" outcome="Passed" testListId="8c84fa94-04c1-424b-9868-57a2d4851a1d" relativeResultsDirectory="a8e8345b-b250-47b8-8d7b-7456a890790e" />
    <UnitTestResult executionId="c1238377-2402-40d6-a98b-859d47f77c55" testId="cf8a559d-45fb-9221-5781-06292f54735a" testName="Tests.Integration.Backend.Controllers.ApiHealthTests.All_Endpoints_Should_Support_Expected_HTTP_Methods(method: &quot;GET&quot;, endpoint: &quot;/api/people&quot;)" computerName="runnervmf4ws1" duration="00:00:00.3071213" startTime="2025-09-11T03:41:49.2622267+00:00" endTime="2025-09-11T03:41:49.2622269+00:00" testType="13cdc9d9-ddb5-4fa4-a97d-d965ccfc6d4b" outcome="Passed" testListId="8c84fa94-04c1-424b-9868-57a2d4851a1d" relativeResultsDirectory="c1238377-2402-40d6-a98b-859d47f77c55" />
    <UnitTestResult executionId="23af8791-7b33-4da9-bf73-6b6d26d21e8a" testId="60dfb5c8-db46-6bbb-f8af-46af1d350941" testName="Tests.Integration.Backend.Controllers.PeopleControllerTests.DELETE_People_Should_Remove_Person" computerName="runnervmf4ws1" duration="00:00:00.8323263" startTime="2025-09-11T03:43:21.9164642+00:00" endTime="2025-09-11T03:43:21.9164642+00:00" testType="13cdc9d9-ddb5-4fa4-a97d-d965ccfc6d4b" outcome="Passed" testListId="8c84fa94-04c1-424b-9868-57a2d4851a1d" relativeResultsDirectory="23af8791-7b33-4da9-bf73-6b6d26d21e8a" />
    <UnitTestResult executionId="c066a096-46d5-4710-a867-140a16d5e1d7" testId="60a682be-767f-9c17-a43b-33d1adbef252" testName="Tests.Integration.Backend.Controllers.PeopleControllerTests.POST_People_Should_Return_401_Without_Authentication" computerName="runnervmf4ws1" duration="00:00:00.2269105" startTime="2025-09-11T03:43:18.0523034+00:00" endTime="2025-09-11T03:43:18.0523035+00:00" testType="13cdc9d9-ddb5-4fa4-a97d-d965ccfc6d4b" outcome="Passed" testListId="8c84fa94-04c1-424b-9868-57a2d4851a1d" relativeResultsDirectory="c066a096-46d5-4710-a867-140a16d5e1d7" />
    <UnitTestResult executionId="5b748680-135c-411a-b6c5-ab4ebf9657c7" testId="01f8b1a1-47e4-68c0-8cf3-4a745a731823" testName="Tests.Integration.Backend.Controllers.WallsControllerTests.GET_Wall_By_Id_Should_Return_404_When_Not_Exists" computerName="runnervmf4ws1" duration="00:00:00.3024908" startTime="2025-09-11T03:42:31.5028972+00:00" endTime="2025-09-11T03:42:31.5028973+00:00" testType="13cdc9d9-ddb5-4fa4-a97d-d965ccfc6d4b" outcome="Passed" testListId="8c84fa94-04c1-424b-9868-57a2d4851a1d" relativeResultsDirectory="5b748680-135c-411a-b6c5-ab4ebf9657c7" />
    <UnitTestResult executionId="b40767f7-48e5-4f0e-a76f-f0e5291f7f7e" testId="dfaed238-70c1-ab80-405a-08edfd13c1ba" testName="Tests.Integration.Backend.Controllers.WindowsControllerTests.POST_Windows_Should_Create_Window_And_Return_201" computerName="runnervmf4ws1" duration="00:00:00.6116632" startTime="2025-09-11T03:42:07.2640035+00:00" endTime="2025-09-11T03:42:07.2640037+00:00" testType="13cdc9d9-ddb5-4fa4-a97d-d965ccfc6d4b" outcome="Passed" testListId="8c84fa94-04c1-424b-9868-57a2d4851a1d" relativeResultsDirectory="b40767f7-48e5-4f0e-a76f-f0e5291f7f7e" />
    <UnitTestResult executionId="dd5ff1ca-157a-405d-8daf-6a96fec08b48" testId="96921323-114c-162a-b25a-d2db1a76a43f" testName="Tests.Integration.Backend.Controllers.ApiHealthTests.API_Should_Return_JSON_Content_Type" computerName="runnervmf4ws1" duration="00:00:00.3090492" startTime="2025-09-11T03:41:53.4805657+00:00" endTime="2025-09-11T03:41:53.4805665+00:00" testType="13cdc9d9-ddb5-4fa4-a97d-d965ccfc6d4b" outcome="Passed" testListId="8c84fa94-04c1-424b-9868-57a2d4851a1d" relativeResultsDirectory="dd5ff1ca-157a-405d-8daf-6a96fec08b48" />
    <UnitTestResult executionId="8280a504-00af-4f51-8bb5-d031386f3f60" testId="575d783b-dbc0-13f3-17de-767c6d0c6111" testName="Tests.Integration.Backend.OutputCaching.OutputCachingConfigurationTests.OutputCachePolicies_ShouldHaveCorrectDurations(policyName: &quot;PeoplePolicy&quot;, expectedDurationSeconds: 300)" computerName="runnervmf4ws1" duration="00:00:00.0000231" startTime="2025-09-11T03:43:25.0801812+00:00" endTime="2025-09-11T03:43:25.0801813+00:00" testType="13cdc9d9-ddb5-4fa4-a97d-d965ccfc6d4b" outcome="Passed" testListId="8c84fa94-04c1-424b-9868-57a2d4851a1d" relativeResultsDirectory="8280a504-00af-4f51-8bb5-d031386f3f60" />
    <UnitTestResult executionId="0be414b5-13d6-45c4-ae8a-c1a8ca960064" testId="3a356b3b-e4e2-4f05-db20-65ad8602bd3c" testName="Tests.Integration.Backend.Controllers.PeopleControllerTests.People_Should_Maintain_Role_Relationships" computerName="runnervmf4ws1" duration="00:00:01.1369849" startTime="2025-09-11T03:43:16.9887109+00:00" endTime="2025-09-11T03:43:16.9887109+00:00" testType="13cdc9d9-ddb5-4fa4-a97d-d965ccfc6d4b" outcome="Passed" testListId="8c84fa94-04c1-424b-9868-57a2d4851a1d" relativeResultsDirectory="0be414b5-13d6-45c4-ae8a-c1a8ca960064" />
    <UnitTestResult executionId="80188698-cc25-4987-bb15-bb9690e1d64f" testId="03a14d36-6f95-8492-bfd4-a25fff2f6772" testName="Tests.Integration.Backend.Controllers.WindowsControllerTests.POST_Windows_Should_Return_400_For_Invalid_Data" computerName="runnervmf4ws1" duration="00:00:00.7188977" startTime="2025-09-11T03:42:02.3368496+00:00" endTime="2025-09-11T03:42:02.3368499+00:00" testType="13cdc9d9-ddb5-4fa4-a97d-d965ccfc6d4b" outcome="Passed" testListId="8c84fa94-04c1-424b-9868-57a2d4851a1d" relativeResultsDirectory="80188698-cc25-4987-bb15-bb9690e1d64f" />
    <UnitTestResult executionId="bfd10007-9e75-42fd-b5df-d1970f88e950" testId="5128edc8-60ad-8628-2a75-9feb9f8f888b" testName="Tests.Integration.Backend.Controllers.WallsControllerTests.PUT_Wall_Should_Return_404_When_Not_Exists" computerName="runnervmf4ws1" duration="00:00:00.6041775" startTime="2025-09-11T03:42:32.1074082+00:00" endTime="2025-09-11T03:42:32.1074083+00:00" testType="13cdc9d9-ddb5-4fa4-a97d-d965ccfc6d4b" outcome="Passed" testListId="8c84fa94-04c1-424b-9868-57a2d4851a1d" relativeResultsDirectory="bfd10007-9e75-42fd-b5df-d1970f88e950" />
    <UnitTestResult executionId="f8b2aaac-97eb-4bf2-b818-def786e31a82" testId="58a8f096-af1a-ba52-8cf7-4f27a22072be" testName="Tests.Integration.Backend.Controllers.RolesControllerTests.DELETE_Role_Should_Remove_Existing_Role" computerName="runnervmf4ws1" duration="00:00:01.5145785" startTime="2025-09-11T03:42:44.1744490+00:00" endTime="2025-09-11T03:42:44.1744491+00:00" testType="13cdc9d9-ddb5-4fa4-a97d-d965ccfc6d4b" outcome="Passed" testListId="8c84fa94-04c1-424b-9868-57a2d4851a1d" relativeResultsDirectory="f8b2aaac-97eb-4bf2-b818-def786e31a82" />
    <UnitTestResult executionId="578024e1-d572-485d-bf9c-1ec45a7bc7f3" testId="d818e0b1-081a-89e5-4910-f245961c9079" testName="Tests.Integration.Backend.Controllers.ApiHealthTests.All_Endpoints_Should_Support_Expected_HTTP_Methods(method: &quot;GET&quot;, endpoint: &quot;/api/walls&quot;)" computerName="runnervmf4ws1" duration="00:00:00.3085130" startTime="2025-09-11T03:41:52.5545652+00:00" endTime="2025-09-11T03:41:52.5545655+00:00" testType="13cdc9d9-ddb5-4fa4-a97d-d965ccfc6d4b" outcome="Passed" testListId="8c84fa94-04c1-424b-9868-57a2d4851a1d" relativeResultsDirectory="578024e1-d572-485d-bf9c-1ec45a7bc7f3" />
    <UnitTestResult executionId="58e64f98-ca70-409d-8fff-e82520234b17" testId="f06ae6c9-50ad-cafd-2eae-e83fde29317d" testName="Tests.Integration.Backend.Controllers.WallsControllerTests.GET_Wall_By_Id_Should_Return_Wall_When_Exists" computerName="runnervmf4ws1" duration="00:00:00.9229318" startTime="2025-09-11T03:42:21.2362010+00:00" endTime="2025-09-11T03:42:21.2362010+00:00" testType="13cdc9d9-ddb5-4fa4-a97d-d965ccfc6d4b" outcome="Passed" testListId="8c84fa94-04c1-424b-9868-57a2d4851a1d" relativeResultsDirectory="58e64f98-ca70-409d-8fff-e82520234b17" />
    <UnitTestResult executionId="0507d654-a487-45c0-a10b-3f4536b66d72" testId="41b359b4-fccb-bafc-c2ca-d65a5df61c20" testName="Tests.Integration.Backend.Controllers.WindowsControllerTests.PUT_Window_Should_Return_404_When_Not_Exists" computerName="runnervmf4ws1" duration="00:00:00.6063366" startTime="2025-09-11T03:42:13.7623902+00:00" endTime="2025-09-11T03:42:13.7623905+00:00" testType="13cdc9d9-ddb5-4fa4-a97d-d965ccfc6d4b" outcome="Passed" testListId="8c84fa94-04c1-424b-9868-57a2d4851a1d" relativeResultsDirectory="0507d654-a487-45c0-a10b-3f4536b66d72" />
    <UnitTestResult executionId="f0e46ee0-54ce-4388-812b-9d0fe1099833" testId="ab17e4f5-654f-3749-a1be-206a5019e954" testName="Tests.Integration.Backend.Controllers.WallsControllerTests.POST_Wall_Should_Calculate_And_Store_Complex_Properties" computerName="runnervmf4ws1" duration="00:00:00.6070314" startTime="2025-09-11T03:42:26.9302036+00:00" endTime="2025-09-11T03:42:26.9302037+00:00" testType="13cdc9d9-ddb5-4fa4-a97d-d965ccfc6d4b" outcome="Passed" testListId="8c84fa94-04c1-424b-9868-57a2d4851a1d" relativeResultsDirectory="f0e46ee0-54ce-4388-812b-9d0fe1099833" />
    <UnitTestResult executionId="058bbc47-7673-4e2d-9148-e55703dce0a2" testId="06592b62-9486-dc14-09e9-81aa1f2eb0eb" testName="Tests.Integration.Backend.Compression.StaticFileCompressionTests.CompressedStaticFiles_ShouldBeSmallerThanUncompressed" computerName="runnervmf4ws1" duration="00:00:00.0025228" startTime="2025-09-11T03:42:40.2397984+00:00" endTime="2025-09-11T03:42:40.2397985+00:00" testType="13cdc9d9-ddb5-4fa4-a97d-d965ccfc6d4b" outcome="Passed" testListId="8c84fa94-04c1-424b-9868-57a2d4851a1d" relativeResultsDirectory="058bbc47-7673-4e2d-9148-e55703dce0a2" />
    <UnitTestResult executionId="de7c95c0-86f9-4de9-9353-a05d3f64c1e3" testId="29ba8dce-52f9-1a09-beb5-2c73bb03e4dd" testName="Tests.Integration.Backend.Controllers.RolesControllerTests.GET_Role_By_Id_Should_Return_404_When_Not_Exists" computerName="runnervmf4ws1" duration="00:00:00.5233147" startTime="2025-09-11T03:42:49.9164319+00:00" endTime="2025-09-11T03:42:49.9164319+00:00" testType="13cdc9d9-ddb5-4fa4-a97d-d965ccfc6d4b" outcome="Passed" testListId="8c84fa94-04c1-424b-9868-57a2d4851a1d" relativeResultsDirectory="de7c95c0-86f9-4de9-9353-a05d3f64c1e3" />
    <UnitTestResult executionId="d7ccae2b-8098-4060-83c5-620e6e273b0d" testId="37ce62cb-c39d-d9d9-9814-53126b8a17ea" testName="Tests.Integration.Backend.Controllers.ApiHealthTests.API_Should_Be_Responsive" computerName="runnervmf4ws1" duration="00:00:00.3095093" startTime="2025-09-11T03:41:53.1710372+00:00" endTime="2025-09-11T03:41:53.1710374+00:00" testType="13cdc9d9-ddb5-4fa4-a97d-d965ccfc6d4b" outcome="Passed" testListId="8c84fa94-04c1-424b-9868-57a2d4851a1d" relativeResultsDirectory="d7ccae2b-8098-4060-83c5-620e6e273b0d" />
    <UnitTestResult executionId="b4c86a23-84b8-4ab9-b29c-de96a9d650c4" testId="78b405b2-a7b4-22cc-fd25-19657615e9ba" testName="Tests.Integration.Backend.Controllers.PeopleControllerTests.PUT_People_Should_Return_404_For_NonExistent_Person" computerName="runnervmf4ws1" duration="00:00:00.8331004" startTime="2025-09-11T03:43:22.7498898+00:00" endTime="2025-09-11T03:43:22.7498899+00:00" testType="13cdc9d9-ddb5-4fa4-a97d-d965ccfc6d4b" outcome="Passed" testListId="8c84fa94-04c1-424b-9868-57a2d4851a1d" relativeResultsDirectory="b4c86a23-84b8-4ab9-b29c-de96a9d650c4" />
    <UnitTestResult executionId="f1a22cb1-37c0-4a48-80f4-b6ef7e8515d3" testId="02f305ed-30cd-4399-cb1c-75d62f144801" testName="Tests.Integration.Backend.OutputCaching.OutputCachingConfigurationTests.OutputCaching_ShouldHaveNamedPolicies" computerName="runnervmf4ws1" duration="00:00:00.0003644" startTime="2025-09-11T03:43:25.1085329+00:00" endTime="2025-09-11T03:43:25.1085329+00:00" testType="13cdc9d9-ddb5-4fa4-a97d-d965ccfc6d4b" outcome="Passed" testListId="8c84fa94-04c1-424b-9868-57a2d4851a1d" relativeResultsDirectory="f1a22cb1-37c0-4a48-80f4-b6ef7e8515d3" />
    <UnitTestResult executionId="9574f0c0-4603-46fc-a7fd-d34bacf386f9" testId="ff9b3969-a7f6-2222-47ce-4595f8d0cb7e" testName="Tests.Integration.Backend.Controllers.DatabaseControllerTests.GET_Database_VerifyIntegrity_Should_Return_Integrity_Check_Result" computerName="runnervmf4ws1" duration="00:00:00.2314002" startTime="2025-09-11T03:43:11.1031409+00:00" endTime="2025-09-11T03:43:11.1031409+00:00" testType="13cdc9d9-ddb5-4fa4-a97d-d965ccfc6d4b" outcome="Passed" testListId="8c84fa94-04c1-424b-9868-57a2d4851a1d" relativeResultsDirectory="9574f0c0-4603-46fc-a7fd-d34bacf386f9" />
    <UnitTestResult executionId="943dfd6f-12dd-428c-a414-4705dc7970f1" testId="d962a0d7-c5e8-e659-8957-69cdfae1f523" testName="Tests.Integration.Backend.Controllers.DatabaseControllerTests.GET_Database_ValidatePreTest_Should_Return_Validation_Result" computerName="runnervmf4ws1" duration="00:00:00.2440597" startTime="2025-09-11T03:43:10.8713550+00:00" endTime="2025-09-11T03:43:10.8713551+00:00" testType="13cdc9d9-ddb5-4fa4-a97d-d965ccfc6d4b" outcome="Passed" testListId="8c84fa94-04c1-424b-9868-57a2d4851a1d" relativeResultsDirectory="943dfd6f-12dd-428c-a414-4705dc7970f1" />
    <UnitTestResult executionId="5951afec-a94c-48b2-b2a8-a0f252511d6e" testId="9c4bd49d-31a4-6530-0f02-8fe23a54becf" testName="Tests.Integration.Backend.Controllers.DatabaseControllerTests.GET_Database_Status_Should_Return_Database_Statistics" computerName="runnervmf4ws1" duration="00:00:00.2292050" startTime="2025-09-11T03:43:11.3326577+00:00" endTime="2025-09-11T03:43:11.3326578+00:00" testType="13cdc9d9-ddb5-4fa4-a97d-d965ccfc6d4b" outcome="Passed" testListId="8c84fa94-04c1-424b-9868-57a2d4851a1d" relativeResultsDirectory="5951afec-a94c-48b2-b2a8-a0f252511d6e" />
    <UnitTestResult executionId="6a0d0159-2126-4ad6-b94c-4e88cf2536e0" testId="cc1dc38d-e485-bd07-2880-7ffdde1c97ec" testName="Tests.Integration.Backend.Controllers.PeopleControllerTests.GET_People_By_Id_Should_Return_Specific_Person" computerName="runnervmf4ws1" duration="00:00:01.1367514" startTime="2025-09-11T03:43:19.7183623+00:00" endTime="2025-09-11T03:43:19.7183623+00:00" testType="13cdc9d9-ddb5-4fa4-a97d-d965ccfc6d4b" outcome="Passed" testListId="8c84fa94-04c1-424b-9868-57a2d4851a1d" relativeResultsDirectory="6a0d0159-2126-4ad6-b94c-4e88cf2536e0" />
    <UnitTestResult executionId="737a1dc9-ab4d-4619-8695-92eff8c14624" testId="84be9167-1ae7-c4b1-fa12-da145604b354" testName="Tests.Integration.Backend.Controllers.AuthControllerPasswordResetTests.POST_ValidateResetToken_WithValidToken_Should_Return_Valid_Status" computerName="runnervmf4ws1" duration="00:00:00.3307298" startTime="2025-09-11T03:42:19.0868949+00:00" endTime="2025-09-11T03:42:19.0868952+00:00" testType="13cdc9d9-ddb5-4fa4-a97d-d965ccfc6d4b" outcome="Passed" testListId="8c84fa94-04c1-424b-9868-57a2d4851a1d" relativeResultsDirectory="737a1dc9-ab4d-4619-8695-92eff8c14624" />
    <UnitTestResult executionId="ec7da05a-0af7-43d9-8f79-5359713613d5" testId="e164b20e-2591-89f8-06fb-740275819de8" testName="Tests.Integration.Backend.Compression.ResponseCompressionTests.ResponseCompressionServices_ShouldBeRegistered" computerName="runnervmf4ws1" duration="00:00:00.0016487" startTime="2025-09-11T03:41:46.9364911+00:00" endTime="2025-09-11T03:41:46.9364911+00:00" testType="13cdc9d9-ddb5-4fa4-a97d-d965ccfc6d4b" outcome="Passed" testListId="8c84fa94-04c1-424b-9868-57a2d4851a1d" relativeResultsDirectory="ec7da05a-0af7-43d9-8f79-5359713613d5" />
    <UnitTestResult executionId="3b6835d1-a4fd-4748-97c7-034dee84b433" testId="2bf8b19c-cf08-fc4d-1420-d095f4b1337b" testName="Tests.Integration.Backend.Controllers.AuthControllerTests.POST_Register_Should_Return_BadRequest_For_Invalid_Email" computerName="runnervmf4ws1" duration="00:00:00.2691442" startTime="2025-09-11T03:43:04.7599324+00:00" endTime="2025-09-11T03:43:04.7599324+00:00" testType="13cdc9d9-ddb5-4fa4-a97d-d965ccfc6d4b" outcome="Passed" testListId="8c84fa94-04c1-424b-9868-57a2d4851a1d" relativeResultsDirectory="3b6835d1-a4fd-4748-97c7-034dee84b433" />
    <UnitTestResult executionId="5f36af85-8803-4a39-8a90-8d85f9edf76c" testId="5fe2d973-b7ff-5b61-b9d0-9afdc13b9ebf" testName="Tests.Integration.Backend.Controllers.ApiHealthTests.All_Endpoints_Should_Support_Expected_HTTP_Methods(method: &quot;POST&quot;, endpoint: &quot;/api/walls&quot;)" computerName="runnervmf4ws1" duration="00:00:00.7011220" startTime="2025-09-11T03:41:49.9637325+00:00" endTime="2025-09-11T03:41:49.9637330+00:00" testType="13cdc9d9-ddb5-4fa4-a97d-d965ccfc6d4b" outcome="Passed" testListId="8c84fa94-04c1-424b-9868-57a2d4851a1d" relativeResultsDirectory="5f36af85-8803-4a39-8a90-8d85f9edf76c" />
    <UnitTestResult executionId="2a1e6531-87f0-4758-8052-342239047af2" testId="516b5511-ab51-be62-9f5e-ce253f082ce3" testName="Tests.Integration.Backend.Controllers.ApiHealthTests.All_Controllers_Should_Be_Accessible(endpoint: &quot;/api/windows&quot;)" computerName="runnervmf4ws1" duration="00:00:00.3264735" startTime="2025-09-11T03:41:48.9546754+00:00" endTime="2025-09-11T03:41:48.9546756+00:00" testType="13cdc9d9-ddb5-4fa4-a97d-d965ccfc6d4b" outcome="Passed" testListId="8c84fa94-04c1-424b-9868-57a2d4851a1d" relativeResultsDirectory="2a1e6531-87f0-4758-8052-342239047af2" />
    <UnitTestResult executionId="1af31b38-9b37-4c4b-8186-17a0e3b3b296" testId="cce4bcb7-a8a4-30d2-f887-eca92f2b74be" testName="Tests.Integration.Backend.Controllers.PeopleControllerTests.POST_People_Should_Create_Person_With_Roles" computerName="runnervmf4ws1" duration="00:00:00.9129916" startTime="2025-09-11T03:43:12.5874429+00:00" endTime="2025-09-11T03:43:12.5874429+00:00" testType="13cdc9d9-ddb5-4fa4-a97d-d965ccfc6d4b" outcome="Passed" testListId="8c84fa94-04c1-424b-9868-57a2d4851a1d" relativeResultsDirectory="1af31b38-9b37-4c4b-8186-17a0e3b3b296" />
    <UnitTestResult executionId="c2fa0f0e-447a-4f87-9a33-2aac872ce2a1" testId="3aa435ad-a9a4-65ee-4bc9-21f73753b103" testName="Tests.Integration.Backend.OutputCaching.OutputCachingConfigurationTests.OutputCaching_ShouldBeRegisteredInServices" computerName="runnervmf4ws1" duration="00:00:00.0001644" startTime="2025-09-11T03:43:25.1087493+00:00" endTime="2025-09-11T03:43:25.1087494+00:00" testType="13cdc9d9-ddb5-4fa4-a97d-d965ccfc6d4b" outcome="Passed" testListId="8c84fa94-04c1-424b-9868-57a2d4851a1d" relativeResultsDirectory="c2fa0f0e-447a-4f87-9a33-2aac872ce2a1" />
    <UnitTestResult executionId="20a02553-2b6c-4c79-ae42-bf7044f7a0d5" testId="187ff446-ae11-3e2e-df34-66d33f545ac9" testName="Tests.Integration.Backend.Controllers.ApiHealthTests.All_Controllers_Should_Be_Accessible(endpoint: &quot;/api/roles&quot;)" computerName="runnervmf4ws1" duration="00:00:00.3280320" startTime="2025-09-11T03:41:48.6278187+00:00" endTime="2025-09-11T03:41:48.6278190+00:00" testType="13cdc9d9-ddb5-4fa4-a97d-d965ccfc6d4b" outcome="Passed" testListId="8c84fa94-04c1-424b-9868-57a2d4851a1d" relativeResultsDirectory="20a02553-2b6c-4c79-ae42-bf7044f7a0d5" />
    <UnitTestResult executionId="91a79d98-46b5-4985-b939-225b3d52fb0e" testId="33b821d5-726b-640c-d1cd-04721e7e48d9" testName="Tests.Integration.Backend.Controllers.RolesControllerTests.GET_Roles_Should_Return_All_Roles" computerName="runnervmf4ws1" duration="00:00:01.7477962" startTime="2025-09-11T03:42:42.6594405+00:00" endTime="2025-09-11T03:42:42.6594406+00:00" testType="13cdc9d9-ddb5-4fa4-a97d-d965ccfc6d4b" outcome="Passed" testListId="8c84fa94-04c1-424b-9868-57a2d4851a1d" relativeResultsDirectory="91a79d98-46b5-4985-b939-225b3d52fb0e" />
    <UnitTestResult executionId="9d68b1db-c188-497d-a26f-ab56cbd1bff1" testId="5250d740-754a-3ba2-19d9-7b7107d87e03" testName="Tests.Integration.Backend.Controllers.WindowsControllerTests.DELETE_Window_Should_Return_204_When_Not_Exists" computerName="runnervmf4ws1" duration="00:00:00.6077283" startTime="2025-09-11T03:42:14.9750985+00:00" endTime="2025-09-11T03:42:14.9750987+00:00" testType="13cdc9d9-ddb5-4fa4-a97d-d965ccfc6d4b" outcome="Passed" testListId="8c84fa94-04c1-424b-9868-57a2d4851a1d" relativeResultsDirectory="9d68b1db-c188-497d-a26f-ab56cbd1bff1" />
    <UnitTestResult executionId="6e054d2e-f1ae-4ba3-ba83-0ad21f0a10e0" testId="4fd1e2d8-0d90-8547-c5f7-6f4689c0269c" testName="Tests.Integration.Backend.Controllers.RolesControllerTests.Roles_Should_Persist_Across_Requests" computerName="runnervmf4ws1" duration="00:00:00.9052590" startTime="2025-09-11T03:42:47.7408380+00:00" endTime="2025-09-11T03:42:47.7408380+00:00" testType="13cdc9d9-ddb5-4fa4-a97d-d965ccfc6d4b" outcome="Passed" testListId="8c84fa94-04c1-424b-9868-57a2d4851a1d" relativeResultsDirectory="6e054d2e-f1ae-4ba3-ba83-0ad21f0a10e0" />
    <UnitTestResult executionId="6bf16c5e-3673-45f2-afea-ead05f924812" testId="f63011fd-c6a3-fc9c-0ff5-216045de6e40" testName="Tests.Integration.Backend.E2E.AuthenticationE2ETests.Registration_Should_Validate_Email_Format" computerName="runnervmf4ws1" duration="00:00:00.0274740" startTime="2025-09-11T03:41:44.1778589+00:00" endTime="2025-09-11T03:41:44.1778590+00:00" testType="13cdc9d9-ddb5-4fa4-a97d-d965ccfc6d4b" outcome="Passed" testListId="8c84fa94-04c1-424b-9868-57a2d4851a1d" relativeResultsDirectory="6bf16c5e-3673-45f2-afea-ead05f924812" />
    <UnitTestResult executionId="4772ba26-4a53-46f4-a009-c36e684c57d7" testId="a6bb128b-1161-cbb2-5ff4-da08f9a71fbf" testName="Tests.Integration.Backend.Controllers.PeopleControllerTests.GET_People_Should_Return_401_Without_Authentication" computerName="runnervmf4ws1" duration="00:00:00.2265538" startTime="2025-09-11T03:43:15.8514045+00:00" endTime="2025-09-11T03:43:15.8514045+00:00" testType="13cdc9d9-ddb5-4fa4-a97d-d965ccfc6d4b" outcome="Passed" testListId="8c84fa94-04c1-424b-9868-57a2d4851a1d" relativeResultsDirectory="4772ba26-4a53-46f4-a009-c36e684c57d7" />
    <UnitTestResult executionId="4ce5ed7d-efe1-412f-afd2-bd2cc06a0d4f" testId="28a5e352-3d95-d1b8-53ef-7edd0326a49c" testName="Tests.Integration.Backend.Controllers.WindowsControllerTests.DELETE_Window_Should_Remove_Existing_Window" computerName="runnervmf4ws1" duration="00:00:01.5615699" startTime="2025-09-11T03:42:04.5229847+00:00" endTime="2025-09-11T03:42:04.5229850+00:00" testType="13cdc9d9-ddb5-4fa4-a97d-d965ccfc6d4b" outcome="Passed" testListId="8c84fa94-04c1-424b-9868-57a2d4851a1d" relativeResultsDirectory="4ce5ed7d-efe1-412f-afd2-bd2cc06a0d4f" />
    <UnitTestResult executionId="f830c839-a98d-445b-a79a-1b2eeb9fff2e" testId="9ed0881a-ade1-55d1-ff4e-861058b9ed01" testName="Tests.Integration.Backend.Controllers.AuthControllerTests.POST_Refresh_Should_Return_New_Tokens_For_Valid_RefreshToken" computerName="runnervmf4ws1" duration="00:00:00.8750425" startTime="2025-09-11T03:43:06.1692165+00:00" endTime="2025-09-11T03:43:06.1692165+00:00" testType="13cdc9d9-ddb5-4fa4-a97d-d965ccfc6d4b" outcome="Passed" testListId="8c84fa94-04c1-424b-9868-57a2d4851a1d" relativeResultsDirectory="f830c839-a98d-445b-a79a-1b2eeb9fff2e" />
    <UnitTestResult executionId="6cd6fb9b-7eb2-4dd6-970b-54ba285b6945" testId="b7cda526-0758-c938-af92-6a6e25e8efc9" testName="Tests.Integration.Backend.OutputCaching.OutputCachingConfigurationTests.OutputCaching_ShouldFallbackToMemoryWhenRedisUnavailable" computerName="runnervmf4ws1" duration="00:00:00.0417131" startTime="2025-09-11T03:43:25.0519830+00:00" endTime="2025-09-11T03:43:25.0519830+00:00" testType="13cdc9d9-ddb5-4fa4-a97d-d965ccfc6d4b" outcome="Passed" testListId="8c84fa94-04c1-424b-9868-57a2d4851a1d" relativeResultsDirectory="6cd6fb9b-7eb2-4dd6-970b-54ba285b6945" />
    <UnitTestResult executionId="dd746888-a73d-4712-9c68-28c3b73c9db7" testId="01d0203b-7c6e-72b9-08eb-f1b3242c360c" testName="Tests.Integration.Backend.Controllers.PeopleControllerTests.PUT_People_Should_Update_Person_Roles" computerName="runnervmf4ws1" duration="00:00:00.0010000" startTime="2025-09-11T03:43:16.9904669+00:00" endTime="2025-09-11T03:43:16.9904669+00:00" testType="13cdc9d9-ddb5-4fa4-a97d-d965ccfc6d4b" outcome="NotExecuted" testListId="8c84fa94-04c1-424b-9868-57a2d4851a1d" relativeResultsDirectory="dd746888-a73d-4712-9c68-28c3b73c9db7">
      <Output>
        <ErrorInfo>
          <Message>Skipping due to concurrency conflict - RowVersion not implemented in UpdatePersonRequest</Message>
        </ErrorInfo>
      </Output>
    </UnitTestResult>
    <UnitTestResult executionId="fac0f6d9-c659-4d3c-94c5-6f52227f3828" testId="5b94e67b-8161-a4c1-a97f-c638ed8f05ba" testName="Tests.Integration.Backend.Controllers.PeopleControllerTests.GET_People_Should_Return_All_People" computerName="runnervmf4ws1" duration="00:00:01.1312446" startTime="2025-09-11T03:43:23.8814982+00:00" endTime="2025-09-11T03:43:23.8814982+00:00" testType="13cdc9d9-ddb5-4fa4-a97d-d965ccfc6d4b" outcome="Passed" testListId="8c84fa94-04c1-424b-9868-57a2d4851a1d" relativeResultsDirectory="fac0f6d9-c659-4d3c-94c5-6f52227f3828" />
    <UnitTestResult executionId="26202898-685d-4c04-8c01-ccd9ad9d78ea" testId="f7ccf265-e80b-872a-2ee9-60a9a3351b24" testName="Tests.Integration.Backend.Controllers.ApiHealthTests.API_Should_Handle_Invalid_Routes" computerName="runnervmf4ws1" duration="00:00:00.3051046" startTime="2025-09-11T03:41:59.0313462+00:00" endTime="2025-09-11T03:41:59.0313464+00:00" testType="13cdc9d9-ddb5-4fa4-a97d-d965ccfc6d4b" outcome="Passed" testListId="8c84fa94-04c1-424b-9868-57a2d4851a1d" relativeResultsDirectory="26202898-685d-4c04-8c01-ccd9ad9d78ea" />
    <UnitTestResult executionId="a9d7d36b-8e9f-4c11-a683-33d65ec10c7a" testId="43b9d173-0889-c0cd-91e8-55b0783b32ae" testName="Tests.Integration.Backend.OutputCaching.CacheInvalidationTests.DeletePerson_ShouldInvalidateListCache" computerName="runnervmf4ws1" duration="00:00:01.1342827" startTime="2025-09-11T03:42:36.7506376+00:00" endTime="2025-09-11T03:42:36.7506377+00:00" testType="13cdc9d9-ddb5-4fa4-a97d-d965ccfc6d4b" outcome="Passed" testListId="8c84fa94-04c1-424b-9868-57a2d4851a1d" relativeResultsDirectory="a9d7d36b-8e9f-4c11-a683-33d65ec10c7a" />
    <UnitTestResult executionId="fb38a5b1-06e1-4bd3-ae5a-a6a92ce414ed" testId="b5dacbe5-c50b-ea4a-e128-040bd713ffe8" testName="Tests.Integration.Backend.Controllers.DatabaseControllerTests.POST_Database_Reset_Should_Return_Unauthorized_Without_Valid_Token" computerName="runnervmf4ws1" duration="00:00:00.2787327" startTime="2025-09-11T03:43:10.3845567+00:00" endTime="2025-09-11T03:43:10.3845568+00:00" testType="13cdc9d9-ddb5-4fa4-a97d-d965ccfc6d4b" outcome="Passed" testListId="8c84fa94-04c1-424b-9868-57a2d4851a1d" relativeResultsDirectory="fb38a5b1-06e1-4bd3-ae5a-a6a92ce414ed" />
    <UnitTestResult executionId="5c9c0394-6c6e-48d8-8188-f87b240419d8" testId="ca246cb1-0b00-e31f-8cae-0e70703e829e" testName="Tests.Integration.Backend.E2E.AuthenticationE2ETests.Login_Should_Fail_With_Invalid_Credentials" computerName="runnervmf4ws1" duration="00:00:00.0054018" startTime="2025-09-11T03:41:44.1836378+00:00" endTime="2025-09-11T03:41:44.1836379+00:00" testType="13cdc9d9-ddb5-4fa4-a97d-d965ccfc6d4b" outcome="Passed" testListId="8c84fa94-04c1-424b-9868-57a2d4851a1d" relativeResultsDirectory="5c9c0394-6c6e-48d8-8188-f87b240419d8" />
    <UnitTestResult executionId="dcf2e5c5-2874-449d-a3e7-1bbb19227252" testId="095ad9f7-04a5-8bcb-02fd-fdd6dab3a934" testName="Tests.Integration.Backend.Compression.StaticFileCompressionTests.HtmlFile_ShouldBeCompressed_WhenClientSupportsGzip" computerName="runnervmf4ws1" duration="00:00:00.0306542" startTime="2025-09-11T03:42:40.2162309+00:00" endTime="2025-09-11T03:42:40.2162310+00:00" testType="13cdc9d9-ddb5-4fa4-a97d-d965ccfc6d4b" outcome="Passed" testListId="8c84fa94-04c1-424b-9868-57a2d4851a1d" relativeResultsDirectory="dcf2e5c5-2874-449d-a3e7-1bbb19227252" />
    <UnitTestResult executionId="9390dc58-21a8-4c30-8b67-23ec0fc1b0ab" testId="76f204dd-32a0-ce3a-8917-3041e6ffb334" testName="Tests.Integration.Backend.Infrastructure.GenericRepositoryIntegrationTests.GenericRepository_ShouldWorkAlongsideCustomRepositories" computerName="runnervmf4ws1" duration="00:00:00.2846045" startTime="2025-09-11T03:42:15.7866703+00:00" endTime="2025-09-11T03:42:15.7866705+00:00" testType="13cdc9d9-ddb5-4fa4-a97d-d965ccfc6d4b" outcome="Passed" testListId="8c84fa94-04c1-424b-9868-57a2d4851a1d" relativeResultsDirectory="9390dc58-21a8-4c30-8b67-23ec0fc1b0ab" />
    <UnitTestResult executionId="b43b9320-9c70-4024-bcd5-ce7af232a440" testId="4ca138d0-3af0-bb0b-3bfb-df9507be5ed5" testName="Tests.Integration.Backend.Controllers.PeopleControllerTests.POST_People_Should_Return_400_For_Invalid_Request" computerName="runnervmf4ws1" duration="00:00:00.8300180" startTime="2025-09-11T03:43:14.7826038+00:00" endTime="2025-09-11T03:43:14.7826039+00:00" testType="13cdc9d9-ddb5-4fa4-a97d-d965ccfc6d4b" outcome="Passed" testListId="8c84fa94-04c1-424b-9868-57a2d4851a1d" relativeResultsDirectory="b43b9320-9c70-4024-bcd5-ce7af232a440" />
    <UnitTestResult executionId="71c32162-f788-4ceb-a695-a60f5b566016" testId="410da1bb-0033-e445-230e-baa696a924ac" testName="Tests.Integration.Backend.E2E.AuthenticationE2ETests.Registration_Should_Validate_Password_Complexity" computerName="runnervmf4ws1" duration="00:00:00.0047525" startTime="2025-09-11T03:41:44.8457955+00:00" endTime="2025-09-11T03:41:44.8457956+00:00" testType="13cdc9d9-ddb5-4fa4-a97d-d965ccfc6d4b" outcome="Passed" testListId="8c84fa94-04c1-424b-9868-57a2d4851a1d" relativeResultsDirectory="71c32162-f788-4ceb-a695-a60f5b566016" />
    <UnitTestResult executionId="34731f99-ff11-422b-867c-62a9b8560287" testId="dd89f673-671f-182c-819f-0c99c5f63d13" testName="Tests.Integration.Backend.Compression.StaticFileCompressionTests.CompressedStaticFiles_ShouldHaveVaryHeader" computerName="runnervmf4ws1" duration="00:00:00.0037196" startTime="2025-09-11T03:42:40.2438652+00:00" endTime="2025-09-11T03:42:40.2438652+00:00" testType="13cdc9d9-ddb5-4fa4-a97d-d965ccfc6d4b" outcome="Passed" testListId="8c84fa94-04c1-424b-9868-57a2d4851a1d" relativeResultsDirectory="34731f99-ff11-422b-867c-62a9b8560287" />
    <UnitTestResult executionId="ca943963-7147-4b99-b095-d28852443465" testId="fce1fb25-ab7d-1dd5-5d83-ba39255b0e9a" testName="Tests.Integration.Backend.Compression.StaticFileCompressionTests.StaticFiles_ShouldHaveCorrectContentTypes" computerName="runnervmf4ws1" duration="00:00:00.0033406" startTime="2025-09-11T03:42:40.2315612+00:00" endTime="2025-09-11T03:42:40.2315612+00:00" testType="13cdc9d9-ddb5-4fa4-a97d-d965ccfc6d4b" outcome="Passed" testListId="8c84fa94-04c1-424b-9868-57a2d4851a1d" relativeResultsDirectory="ca943963-7147-4b99-b095-d28852443465" />
    <UnitTestResult executionId="d2607339-1650-4f77-9c22-8989d7b01e89" testId="494ff55a-87c7-5f37-d44c-a6dbdeeb90c7" testName="Tests.Integration.Backend.Controllers.WindowsControllerTests.GET_Window_By_Id_Should_Return_404_When_Not_Exists" computerName="runnervmf4ws1" duration="00:00:00.3033055" startTime="2025-09-11T03:42:10.0046154+00:00" endTime="2025-09-11T03:42:10.0046155+00:00" testType="13cdc9d9-ddb5-4fa4-a97d-d965ccfc6d4b" outcome="Passed" testListId="8c84fa94-04c1-424b-9868-57a2d4851a1d" relativeResultsDirectory="d2607339-1650-4f77-9c22-8989d7b01e89" />
    <UnitTestResult executionId="9b39380c-8443-4740-b124-73a59845261f" testId="bd9e404f-7715-359c-e0a9-f0f39ae1a952" testName="Tests.Integration.Backend.Controllers.WallsControllerTests.POST_Walls_Should_Validate_Numeric_Ranges" computerName="runnervmf4ws1" duration="00:00:00.6021171" startTime="2025-09-11T03:42:28.0600557+00:00" endTime="2025-09-11T03:42:28.0600557+00:00" testType="13cdc9d9-ddb5-4fa4-a97d-d965ccfc6d4b" outcome="Passed" testListId="8c84fa94-04c1-424b-9868-57a2d4851a1d" relativeResultsDirectory="9b39380c-8443-4740-b124-73a59845261f" />
    <UnitTestResult executionId="8b1089ae-1ecc-49cf-9edb-d18f53d36fa3" testId="8b7765b0-2273-0340-cca9-006e0a342472" testName="Tests.Integration.Backend.Controllers.WindowsControllerTests.Windows_Should_Persist_Timestamps_Correctly" computerName="runnervmf4ws1" duration="00:00:01.6083156" startTime="2025-09-11T03:42:13.1556552+00:00" endTime="2025-09-11T03:42:13.1556554+00:00" testType="13cdc9d9-ddb5-4fa4-a97d-d965ccfc6d4b" outcome="Passed" testListId="8c84fa94-04c1-424b-9868-57a2d4851a1d" relativeResultsDirectory="8b1089ae-1ecc-49cf-9edb-d18f53d36fa3" />
    <UnitTestResult executionId="c1807b86-d4a4-4f92-9857-6993e0c8e43c" testId="f48af067-4eb4-5a80-a058-995d81b9c49e" testName="Tests.Integration.Backend.OutputCaching.OutputCachingTests.GetWalls_ShouldReturnConsistentResponses" computerName="runnervmf4ws1" duration="00:00:00.5897074" startTime="2025-09-11T03:42:59.4552404+00:00" endTime="2025-09-11T03:42:59.4552404+00:00" testType="13cdc9d9-ddb5-4fa4-a97d-d965ccfc6d4b" outcome="Passed" testListId="8c84fa94-04c1-424b-9868-57a2d4851a1d" relativeResultsDirectory="c1807b86-d4a4-4f92-9857-6993e0c8e43c" />
  </Results>
  <TestDefinitions>
    <UnitTest name="Tests.Integration.Backend.Compression.ResponseCompressionTests.ResponseCompressionServices_ShouldBeRegistered" storage="/home/runner/work/crud/crud/test/tests.integration.backend/bin/release/net8.0/tests.integration.backend.dll" id="e164b20e-2591-89f8-06fb-740275819de8">
      <Execution id="ec7da05a-0af7-43d9-8f79-5359713613d5" />
      <TestMethod codeBase="/home/runner/work/Crud/Crud/test/Tests.Integration.Backend/bin/Release/net8.0/Tests.Integration.Backend.dll" adapterTypeName="executor://xunit/VsTestRunner2/netcoreapp" className="Tests.Integration.Backend.Compression.ResponseCompressionTests" name="ResponseCompressionServices_ShouldBeRegistered" />
    </UnitTest>
    <UnitTest name="Tests.Integration.Backend.Controllers.PeopleControllerTests.DELETE_People_Should_Remove_Person" storage="/home/runner/work/crud/crud/test/tests.integration.backend/bin/release/net8.0/tests.integration.backend.dll" id="60dfb5c8-db46-6bbb-f8af-46af1d350941">
      <Execution id="23af8791-7b33-4da9-bf73-6b6d26d21e8a" />
      <TestMethod codeBase="/home/runner/work/Crud/Crud/test/Tests.Integration.Backend/bin/Release/net8.0/Tests.Integration.Backend.dll" adapterTypeName="executor://xunit/VsTestRunner2/netcoreapp" className="Tests.Integration.Backend.Controllers.PeopleControllerTests" name="DELETE_People_Should_Remove_Person" />
    </UnitTest>
    <UnitTest name="Tests.Integration.Backend.OutputCaching.CachingE2ETests.EntityCaching_ShouldCacheIndividualEntities" storage="/home/runner/work/crud/crud/test/tests.integration.backend/bin/release/net8.0/tests.integration.backend.dll" id="41b3b4e1-06a8-534f-90a6-fb2576f3807d">
      <Execution id="3af534e8-adc0-4a41-8594-2fcd76b7c56d" />
      <TestMethod codeBase="/home/runner/work/Crud/Crud/test/Tests.Integration.Backend/bin/Release/net8.0/Tests.Integration.Backend.dll" adapterTypeName="executor://xunit/VsTestRunner2/netcoreapp" className="Tests.Integration.Backend.OutputCaching.CachingE2ETests" name="EntityCaching_ShouldCacheIndividualEntities" />
    </UnitTest>
    <UnitTest name="Tests.Integration.Backend.Compression.ResponseCompressionTests.SmallResponse_ShouldNotBeCompressed_WhenBelowThreshold" storage="/home/runner/work/crud/crud/test/tests.integration.backend/bin/release/net8.0/tests.integration.backend.dll" id="a52f36e0-aa87-4104-3036-3d7d9607f688">
      <Execution id="a8e8345b-b250-47b8-8d7b-7456a890790e" />
      <TestMethod codeBase="/home/runner/work/Crud/Crud/test/Tests.Integration.Backend/bin/Release/net8.0/Tests.Integration.Backend.dll" adapterTypeName="executor://xunit/VsTestRunner2/netcoreapp" className="Tests.Integration.Backend.Compression.ResponseCompressionTests" name="SmallResponse_ShouldNotBeCompressed_WhenBelowThreshold" />
    </UnitTest>
    <UnitTest name="Tests.Integration.Backend.Infrastructure.GenericRepositoryIntegrationTests.GenericRepository_ShouldWorkWithSpecifications_EndToEnd" storage="/home/runner/work/crud/crud/test/tests.integration.backend/bin/release/net8.0/tests.integration.backend.dll" id="76fbe764-5e84-e751-cc4c-187af70eca54">
      <Execution id="3eab8c5f-5e45-4828-9163-870ec86b9289" />
      <TestMethod codeBase="/home/runner/work/Crud/Crud/test/Tests.Integration.Backend/bin/Release/net8.0/Tests.Integration.Backend.dll" adapterTypeName="executor://xunit/VsTestRunner2/netcoreapp" className="Tests.Integration.Backend.Infrastructure.GenericRepositoryIntegrationTests" name="GenericRepository_ShouldWorkWithSpecifications_EndToEnd" />
    </UnitTest>
    <UnitTest name="Tests.Integration.Backend.Controllers.AuthControllerPasswordResetTests.POST_ValidateResetToken_WithValidToken_Should_Return_Valid_Status" storage="/home/runner/work/crud/crud/test/tests.integration.backend/bin/release/net8.0/tests.integration.backend.dll" id="84be9167-1ae7-c4b1-fa12-da145604b354">
      <Execution id="737a1dc9-ab4d-4619-8695-92eff8c14624" />
      <TestMethod codeBase="/home/runner/work/Crud/Crud/test/Tests.Integration.Backend/bin/Release/net8.0/Tests.Integration.Backend.dll" adapterTypeName="executor://xunit/VsTestRunner2/netcoreapp" className="Tests.Integration.Backend.Controllers.AuthControllerPasswordResetTests" name="POST_ValidateResetToken_WithValidToken_Should_Return_Valid_Status" />
    </UnitTest>
    <UnitTest name="Tests.Integration.Backend.Controllers.ApiHealthTests.API_Should_Be_Responsive" storage="/home/runner/work/crud/crud/test/tests.integration.backend/bin/release/net8.0/tests.integration.backend.dll" id="37ce62cb-c39d-d9d9-9814-53126b8a17ea">
      <Execution id="d7ccae2b-8098-4060-83c5-620e6e273b0d" />
      <TestMethod codeBase="/home/runner/work/Crud/Crud/test/Tests.Integration.Backend/bin/Release/net8.0/Tests.Integration.Backend.dll" adapterTypeName="executor://xunit/VsTestRunner2/netcoreapp" className="Tests.Integration.Backend.Controllers.ApiHealthTests" name="API_Should_Be_Responsive" />
    </UnitTest>
    <UnitTest name="Tests.Integration.Backend.Controllers.WallsControllerTests.POST_Walls_Should_Validate_Numeric_Ranges" storage="/home/runner/work/crud/crud/test/tests.integration.backend/bin/release/net8.0/tests.integration.backend.dll" id="bd9e404f-7715-359c-e0a9-f0f39ae1a952">
      <Execution id="9b39380c-8443-4740-b124-73a59845261f" />
      <TestMethod codeBase="/home/runner/work/Crud/Crud/test/Tests.Integration.Backend/bin/Release/net8.0/Tests.Integration.Backend.dll" adapterTypeName="executor://xunit/VsTestRunner2/netcoreapp" className="Tests.Integration.Backend.Controllers.WallsControllerTests" name="POST_Walls_Should_Validate_Numeric_Ranges" />
    </UnitTest>
    <UnitTest name="Tests.Integration.Backend.Controllers.WindowsControllerTests.DELETE_Window_Should_Remove_Existing_Window" storage="/home/runner/work/crud/crud/test/tests.integration.backend/bin/release/net8.0/tests.integration.backend.dll" id="28a5e352-3d95-d1b8-53ef-7edd0326a49c">
      <Execution id="4ce5ed7d-efe1-412f-afd2-bd2cc06a0d4f" />
      <TestMethod codeBase="/home/runner/work/Crud/Crud/test/Tests.Integration.Backend/bin/Release/net8.0/Tests.Integration.Backend.dll" adapterTypeName="executor://xunit/VsTestRunner2/netcoreapp" className="Tests.Integration.Backend.Controllers.WindowsControllerTests" name="DELETE_Window_Should_Remove_Existing_Window" />
    </UnitTest>
    <UnitTest name="Tests.Integration.Backend.Controllers.WindowsControllerTests.GET_Windows_Should_Return_Empty_List_Initially" storage="/home/runner/work/crud/crud/test/tests.integration.backend/bin/release/net8.0/tests.integration.backend.dll" id="1dbf163c-bf18-d62c-e932-92ef9d3bc71a">
      <Execution id="1cb99365-c60d-4f5d-a219-0fb54a6315c5" />
      <TestMethod codeBase="/home/runner/work/Crud/Crud/test/Tests.Integration.Backend/bin/Release/net8.0/Tests.Integration.Backend.dll" adapterTypeName="executor://xunit/VsTestRunner2/netcoreapp" className="Tests.Integration.Backend.Controllers.WindowsControllerTests" name="GET_Windows_Should_Return_Empty_List_Initially" />
    </UnitTest>
    <UnitTest name="Tests.Integration.Backend.OutputCaching.OutputCachingTests.GetPeople_ShouldReturnConsistentResponses" storage="/home/runner/work/crud/crud/test/tests.integration.backend/bin/release/net8.0/tests.integration.backend.dll" id="0786cd9f-2220-51d9-4156-4d742eda00d4">
      <Execution id="b3a11959-1838-478d-8cec-0113aa71a7fb" />
      <TestMethod codeBase="/home/runner/work/Crud/Crud/test/Tests.Integration.Backend/bin/Release/net8.0/Tests.Integration.Backend.dll" adapterTypeName="executor://xunit/VsTestRunner2/netcoreapp" className="Tests.Integration.Backend.OutputCaching.OutputCachingTests" name="GetPeople_ShouldReturnConsistentResponses" />
    </UnitTest>
    <UnitTest name="Tests.Integration.Backend.Controllers.PeopleControllerTests.DELETE_People_Should_Return_403_For_Non_Admin_User" storage="/home/runner/work/crud/crud/test/tests.integration.backend/bin/release/net8.0/tests.integration.backend.dll" id="9be21e93-9fc5-d98c-6abd-02370621f63e">
      <Execution id="2de22233-7c5c-4110-9a76-b90cf5c40217" />
      <TestMethod codeBase="/home/runner/work/Crud/Crud/test/Tests.Integration.Backend/bin/Release/net8.0/Tests.Integration.Backend.dll" adapterTypeName="executor://xunit/VsTestRunner2/netcoreapp" className="Tests.Integration.Backend.Controllers.PeopleControllerTests" name="DELETE_People_Should_Return_403_For_Non_Admin_User" />
    </UnitTest>
    <UnitTest name="Tests.Integration.Backend.OutputCaching.CacheInvalidationTests.PutPerson_ShouldInvalidateBothEntityAndListCache" storage="/home/runner/work/crud/crud/test/tests.integration.backend/bin/release/net8.0/tests.integration.backend.dll" id="60d93c6a-68de-f18d-ead0-561ac4ded916">
      <Execution id="98b6ea51-e60d-4bdd-b4a0-0a8362cb1ea6" />
      <TestMethod codeBase="/home/runner/work/Crud/Crud/test/Tests.Integration.Backend/bin/Release/net8.0/Tests.Integration.Backend.dll" adapterTypeName="executor://xunit/VsTestRunner2/netcoreapp" className="Tests.Integration.Backend.OutputCaching.CacheInvalidationTests" name="PutPerson_ShouldInvalidateBothEntityAndListCache" />
    </UnitTest>
    <UnitTest name="Tests.Integration.Backend.Controllers.WallsControllerTests.POST_Walls_Should_Create_Wall_And_Return_201" storage="/home/runner/work/crud/crud/test/tests.integration.backend/bin/release/net8.0/tests.integration.backend.dll" id="f7bc3491-94dd-b6b9-3778-9c1a4322e7be">
      <Execution id="02729cf3-d49d-407e-84d4-dfbfe96cb793" />
      <TestMethod codeBase="/home/runner/work/Crud/Crud/test/Tests.Integration.Backend/bin/Release/net8.0/Tests.Integration.Backend.dll" adapterTypeName="executor://xunit/VsTestRunner2/netcoreapp" className="Tests.Integration.Backend.Controllers.WallsControllerTests" name="POST_Walls_Should_Create_Wall_And_Return_201" />
    </UnitTest>
    <UnitTest name="Tests.Integration.Backend.E2E.AuthenticationE2ETests.Registration_Should_Validate_Email_Format" storage="/home/runner/work/crud/crud/test/tests.integration.backend/bin/release/net8.0/tests.integration.backend.dll" id="f63011fd-c6a3-fc9c-0ff5-216045de6e40">
      <Execution id="6bf16c5e-3673-45f2-afea-ead05f924812" />
      <TestMethod codeBase="/home/runner/work/Crud/Crud/test/Tests.Integration.Backend/bin/Release/net8.0/Tests.Integration.Backend.dll" adapterTypeName="executor://xunit/VsTestRunner2/netcoreapp" className="Tests.Integration.Backend.E2E.AuthenticationE2ETests" name="Registration_Should_Validate_Email_Format" />
    </UnitTest>
    <UnitTest name="Tests.Integration.Backend.OutputCaching.OutputCachingTests.GetEntityById_ShouldReturnConsistentResponses" storage="/home/runner/work/crud/crud/test/tests.integration.backend/bin/release/net8.0/tests.integration.backend.dll" id="cbf0626f-7167-adff-b20c-96cc3cdf6ce9">
      <Execution id="275f9aa3-9289-4c9d-87bf-ed61025e12cc" />
      <TestMethod codeBase="/home/runner/work/Crud/Crud/test/Tests.Integration.Backend/bin/Release/net8.0/Tests.Integration.Backend.dll" adapterTypeName="executor://xunit/VsTestRunner2/netcoreapp" className="Tests.Integration.Backend.OutputCaching.OutputCachingTests" name="GetEntityById_ShouldReturnConsistentResponses" />
    </UnitTest>
    <UnitTest name="Tests.Integration.Backend.Controllers.PeopleControllerTests.PUT_People_Should_Update_Person_Roles" storage="/home/runner/work/crud/crud/test/tests.integration.backend/bin/release/net8.0/tests.integration.backend.dll" id="01d0203b-7c6e-72b9-08eb-f1b3242c360c">
      <Execution id="dd746888-a73d-4712-9c68-28c3b73c9db7" />
      <TestMethod codeBase="/home/runner/work/Crud/Crud/test/Tests.Integration.Backend/bin/Release/net8.0/Tests.Integration.Backend.dll" adapterTypeName="executor://xunit/VsTestRunner2/netcoreapp" className="Tests.Integration.Backend.Controllers.PeopleControllerTests" name="PUT_People_Should_Update_Person_Roles" />
    </UnitTest>
    <UnitTest name="Tests.Integration.Backend.Compression.StaticFileCompressionTests.HtmlFile_ShouldBeCompressed_WhenClientSupportsGzip" storage="/home/runner/work/crud/crud/test/tests.integration.backend/bin/release/net8.0/tests.integration.backend.dll" id="095ad9f7-04a5-8bcb-02fd-fdd6dab3a934">
      <Execution id="dcf2e5c5-2874-449d-a3e7-1bbb19227252" />
      <TestMethod codeBase="/home/runner/work/Crud/Crud/test/Tests.Integration.Backend/bin/Release/net8.0/Tests.Integration.Backend.dll" adapterTypeName="executor://xunit/VsTestRunner2/netcoreapp" className="Tests.Integration.Backend.Compression.StaticFileCompressionTests" name="HtmlFile_ShouldBeCompressed_WhenClientSupportsGzip" />
    </UnitTest>
    <UnitTest name="Tests.Integration.Backend.OutputCaching.CacheInvalidationTests.DeletePerson_ShouldInvalidateListCache" storage="/home/runner/work/crud/crud/test/tests.integration.backend/bin/release/net8.0/tests.integration.backend.dll" id="43b9d173-0889-c0cd-91e8-55b0783b32ae">
      <Execution id="a9d7d36b-8e9f-4c11-a683-33d65ec10c7a" />
      <TestMethod codeBase="/home/runner/work/Crud/Crud/test/Tests.Integration.Backend/bin/Release/net8.0/Tests.Integration.Backend.dll" adapterTypeName="executor://xunit/VsTestRunner2/netcoreapp" className="Tests.Integration.Backend.OutputCaching.CacheInvalidationTests" name="DeletePerson_ShouldInvalidateListCache" />
    </UnitTest>
    <UnitTest name="Tests.Integration.Backend.Compression.ResponseCompressionTests.JsonResponse_ShouldBeCompressed" storage="/home/runner/work/crud/crud/test/tests.integration.backend/bin/release/net8.0/tests.integration.backend.dll" id="437f9b9e-301b-15b7-f72b-040911d1fd97">
      <Execution id="964ea9b8-b65e-4aed-9dcc-012a4cb1003a" />
      <TestMethod codeBase="/home/runner/work/Crud/Crud/test/Tests.Integration.Backend/bin/Release/net8.0/Tests.Integration.Backend.dll" adapterTypeName="executor://xunit/VsTestRunner2/netcoreapp" className="Tests.Integration.Backend.Compression.ResponseCompressionTests" name="JsonResponse_ShouldBeCompressed" />
    </UnitTest>
    <UnitTest name="Tests.Integration.Backend.Controllers.WindowsControllerTests.POST_Window_Should_Handle_Optional_Fields" storage="/home/runner/work/crud/crud/test/tests.integration.backend/bin/release/net8.0/tests.integration.backend.dll" id="3c12eda2-b3ce-445c-ab96-ec2f1aa7f5f7">
      <Execution id="33df00c7-3f6a-4209-93d8-ca26b455ea69" />
      <TestMethod codeBase="/home/runner/work/Crud/Crud/test/Tests.Integration.Backend/bin/Release/net8.0/Tests.Integration.Backend.dll" adapterTypeName="executor://xunit/VsTestRunner2/netcoreapp" className="Tests.Integration.Backend.Controllers.WindowsControllerTests" name="POST_Window_Should_Handle_Optional_Fields" />
    </UnitTest>
    <UnitTest name="Tests.Integration.Backend.Infrastructure.GenericRepositoryIntegrationTests.IRepository_ShouldBeRegisteredInDIContainer" storage="/home/runner/work/crud/crud/test/tests.integration.backend/bin/release/net8.0/tests.integration.backend.dll" id="42775960-58e6-9486-14ff-996dea311598">
      <Execution id="08789e12-57d3-422a-8fd1-120a504edb23" />
      <TestMethod codeBase="/home/runner/work/Crud/Crud/test/Tests.Integration.Backend/bin/Release/net8.0/Tests.Integration.Backend.dll" adapterTypeName="executor://xunit/VsTestRunner2/netcoreapp" className="Tests.Integration.Backend.Infrastructure.GenericRepositoryIntegrationTests" name="IRepository_ShouldBeRegisteredInDIContainer" />
    </UnitTest>
    <UnitTest name="Tests.Integration.Backend.OutputCaching.OutputCachingTests.GetRoles_ShouldReturnConsistentResponses" storage="/home/runner/work/crud/crud/test/tests.integration.backend/bin/release/net8.0/tests.integration.backend.dll" id="47bac687-f373-0ca2-6e08-37ce4bb5fb7e">
      <Execution id="257fb228-402d-41df-afeb-e29149eb7487" />
      <TestMethod codeBase="/home/runner/work/Crud/Crud/test/Tests.Integration.Backend/bin/Release/net8.0/Tests.Integration.Backend.dll" adapterTypeName="executor://xunit/VsTestRunner2/netcoreapp" className="Tests.Integration.Backend.OutputCaching.OutputCachingTests" name="GetRoles_ShouldReturnConsistentResponses" />
    </UnitTest>
    <UnitTest name="Tests.Integration.Backend.OutputCaching.ConditionalRequestTests.CacheHeaders_ShouldBePresent_OnGetRequests" storage="/home/runner/work/crud/crud/test/tests.integration.backend/bin/release/net8.0/tests.integration.backend.dll" id="3c9c11b5-6967-f47a-cfd8-d22458fa9229">
      <Execution id="1951f20b-f64c-414f-acab-6650f538abad" />
      <TestMethod codeBase="/home/runner/work/Crud/Crud/test/Tests.Integration.Backend/bin/Release/net8.0/Tests.Integration.Backend.dll" adapterTypeName="executor://xunit/VsTestRunner2/netcoreapp" className="Tests.Integration.Backend.OutputCaching.ConditionalRequestTests" name="CacheHeaders_ShouldBePresent_OnGetRequests" />
    </UnitTest>
    <UnitTest name="Tests.Integration.Backend.Controllers.DatabaseControllerTests.GET_Database_ValidatePreTest_Should_Return_Validation_Result" storage="/home/runner/work/crud/crud/test/tests.integration.backend/bin/release/net8.0/tests.integration.backend.dll" id="d962a0d7-c5e8-e659-8957-69cdfae1f523">
      <Execution id="943dfd6f-12dd-428c-a414-4705dc7970f1" />
      <TestMethod codeBase="/home/runner/work/Crud/Crud/test/Tests.Integration.Backend/bin/Release/net8.0/Tests.Integration.Backend.dll" adapterTypeName="executor://xunit/VsTestRunner2/netcoreapp" className="Tests.Integration.Backend.Controllers.DatabaseControllerTests" name="GET_Database_ValidatePreTest_Should_Return_Validation_Result" />
    </UnitTest>
    <UnitTest name="Tests.Integration.Backend.E2E.AuthenticationE2ETests.Registration_Should_Prevent_Duplicate_Emails" storage="/home/runner/work/crud/crud/test/tests.integration.backend/bin/release/net8.0/tests.integration.backend.dll" id="b7695dc8-52d4-1e66-b81e-a27de7f041fc">
      <Execution id="da3c2a30-857c-4331-8155-3e93ad7bed93" />
      <TestMethod codeBase="/home/runner/work/Crud/Crud/test/Tests.Integration.Backend/bin/Release/net8.0/Tests.Integration.Backend.dll" adapterTypeName="executor://xunit/VsTestRunner2/netcoreapp" className="Tests.Integration.Backend.E2E.AuthenticationE2ETests" name="Registration_Should_Prevent_Duplicate_Emails" />
    </UnitTest>
    <UnitTest name="Tests.Integration.Backend.Controllers.WallsControllerTests.PUT_Wall_Should_Return_404_When_Not_Exists" storage="/home/runner/work/crud/crud/test/tests.integration.backend/bin/release/net8.0/tests.integration.backend.dll" id="5128edc8-60ad-8628-2a75-9feb9f8f888b">
      <Execution id="bfd10007-9e75-42fd-b5df-d1970f88e950" />
      <TestMethod codeBase="/home/runner/work/Crud/Crud/test/Tests.Integration.Backend/bin/Release/net8.0/Tests.Integration.Backend.dll" adapterTypeName="executor://xunit/VsTestRunner2/netcoreapp" className="Tests.Integration.Backend.Controllers.WallsControllerTests" name="PUT_Wall_Should_Return_404_When_Not_Exists" />
    </UnitTest>
    <UnitTest name="Tests.Integration.Backend.Controllers.PeopleControllerTests.GET_People_Should_Return_Empty_List_Initially" storage="/home/runner/work/crud/crud/test/tests.integration.backend/bin/release/net8.0/tests.integration.backend.dll" id="f746e85d-5530-5c7f-8b39-c9d23cfa24b9">
      <Execution id="b06f373d-ac14-4b13-a4fe-fe62f8dd39b0" />
      <TestMethod codeBase="/home/runner/work/Crud/Crud/test/Tests.Integration.Backend/bin/Release/net8.0/Tests.Integration.Backend.dll" adapterTypeName="executor://xunit/VsTestRunner2/netcoreapp" className="Tests.Integration.Backend.Controllers.PeopleControllerTests" name="GET_People_Should_Return_Empty_List_Initially" />
    </UnitTest>
    <UnitTest name="Tests.Integration.Backend.Controllers.WallsControllerTests.GET_Wall_By_Id_Should_Return_404_When_Not_Exists" storage="/home/runner/work/crud/crud/test/tests.integration.backend/bin/release/net8.0/tests.integration.backend.dll" id="01f8b1a1-47e4-68c0-8cf3-4a745a731823">
      <Execution id="5b748680-135c-411a-b6c5-ab4ebf9657c7" />
      <TestMethod codeBase="/home/runner/work/Crud/Crud/test/Tests.Integration.Backend/bin/Release/net8.0/Tests.Integration.Backend.dll" adapterTypeName="executor://xunit/VsTestRunner2/netcoreapp" className="Tests.Integration.Backend.Controllers.WallsControllerTests" name="GET_Wall_By_Id_Should_Return_404_When_Not_Exists" />
    </UnitTest>
    <UnitTest name="Tests.Integration.Backend.Controllers.WallsControllerTests.PUT_Wall_Should_Update_Existing_Wall" storage="/home/runner/work/crud/crud/test/tests.integration.backend/bin/release/net8.0/tests.integration.backend.dll" id="cca41772-191f-0a82-bb6f-ddd4fb32e2c7">
      <Execution id="c2a42f47-be59-4a57-ba66-be006e80a981" />
      <TestMethod codeBase="/home/runner/work/Crud/Crud/test/Tests.Integration.Backend/bin/Release/net8.0/Tests.Integration.Backend.dll" adapterTypeName="executor://xunit/VsTestRunner2/netcoreapp" className="Tests.Integration.Backend.Controllers.WallsControllerTests" name="PUT_Wall_Should_Update_Existing_Wall" />
    </UnitTest>
    <UnitTest name="Tests.Integration.Backend.E2E.AuthenticationE2ETests.Token_Should_Expire_And_Require_Refresh" storage="/home/runner/work/crud/crud/test/tests.integration.backend/bin/release/net8.0/tests.integration.backend.dll" id="a0e7a1c4-1639-53f1-ce02-5d2f760332a2">
      <Execution id="0b7b40c6-0499-4625-8338-4a19681a03c2" />
      <TestMethod codeBase="/home/runner/work/Crud/Crud/test/Tests.Integration.Backend/bin/Release/net8.0/Tests.Integration.Backend.dll" adapterTypeName="executor://xunit/VsTestRunner2/netcoreapp" className="Tests.Integration.Backend.E2E.AuthenticationE2ETests" name="Token_Should_Expire_And_Require_Refresh" />
    </UnitTest>
    <UnitTest name="Tests.Integration.Backend.Controllers.PeopleControllerTests.GET_People_Should_Return_All_People" storage="/home/runner/work/crud/crud/test/tests.integration.backend/bin/release/net8.0/tests.integration.backend.dll" id="5b94e67b-8161-a4c1-a97f-c638ed8f05ba">
      <Execution id="fac0f6d9-c659-4d3c-94c5-6f52227f3828" />
      <TestMethod codeBase="/home/runner/work/Crud/Crud/test/Tests.Integration.Backend/bin/Release/net8.0/Tests.Integration.Backend.dll" adapterTypeName="executor://xunit/VsTestRunner2/netcoreapp" className="Tests.Integration.Backend.Controllers.PeopleControllerTests" name="GET_People_Should_Return_All_People" />
    </UnitTest>
    <UnitTest name="Tests.Integration.Backend.Controllers.AuthControllerPasswordResetTests.POST_ForgotPassword_WithNonExistentEmail_Should_Return_Success" storage="/home/runner/work/crud/crud/test/tests.integration.backend/bin/release/net8.0/tests.integration.backend.dll" id="24b020ea-ff8d-51dc-4354-4d878d866f45">
      <Execution id="a08fbdc0-b2d9-42b8-b88e-92d61c1ebd5e" />
      <TestMethod codeBase="/home/runner/work/Crud/Crud/test/Tests.Integration.Backend/bin/Release/net8.0/Tests.Integration.Backend.dll" adapterTypeName="executor://xunit/VsTestRunner2/netcoreapp" className="Tests.Integration.Backend.Controllers.AuthControllerPasswordResetTests" name="POST_ForgotPassword_WithNonExistentEmail_Should_Return_Success" />
    </UnitTest>
    <UnitTest name="Tests.Integration.Backend.OutputCaching.CacheInvalidationTests.PostRole_ShouldInvalidateRolesCache" storage="/home/runner/work/crud/crud/test/tests.integration.backend/bin/release/net8.0/tests.integration.backend.dll" id="f8a89fdf-3bc2-915a-c2bf-5b68e643a78c">
      <Execution id="c6b3cb76-0492-4fa3-bdf9-ee0ee2d895fe" />
      <TestMethod codeBase="/home/runner/work/Crud/Crud/test/Tests.Integration.Backend/bin/Release/net8.0/Tests.Integration.Backend.dll" adapterTypeName="executor://xunit/VsTestRunner2/netcoreapp" className="Tests.Integration.Backend.OutputCaching.CacheInvalidationTests" name="PostRole_ShouldInvalidateRolesCache" />
    </UnitTest>
    <UnitTest name="Tests.Integration.Backend.Controllers.PeopleControllerTests.People_Should_Maintain_Role_Relationships" storage="/home/runner/work/crud/crud/test/tests.integration.backend/bin/release/net8.0/tests.integration.backend.dll" id="3a356b3b-e4e2-4f05-db20-65ad8602bd3c">
      <Execution id="0be414b5-13d6-45c4-ae8a-c1a8ca960064" />
      <TestMethod codeBase="/home/runner/work/Crud/Crud/test/Tests.Integration.Backend/bin/Release/net8.0/Tests.Integration.Backend.dll" adapterTypeName="executor://xunit/VsTestRunner2/netcoreapp" className="Tests.Integration.Backend.Controllers.PeopleControllerTests" name="People_Should_Maintain_Role_Relationships" />
    </UnitTest>
    <UnitTest name="Tests.Integration.Backend.OutputCaching.OutputCachingConfigurationTests.OutputCachePolicies_ShouldHaveCorrectDurations(policyName: &quot;PeoplePolicy&quot;, expectedDurationSeconds: 300)" storage="/home/runner/work/crud/crud/test/tests.integration.backend/bin/release/net8.0/tests.integration.backend.dll" id="575d783b-dbc0-13f3-17de-767c6d0c6111">
      <Execution id="8280a504-00af-4f51-8bb5-d031386f3f60" />
      <TestMethod codeBase="/home/runner/work/Crud/Crud/test/Tests.Integration.Backend/bin/Release/net8.0/Tests.Integration.Backend.dll" adapterTypeName="executor://xunit/VsTestRunner2/netcoreapp" className="Tests.Integration.Backend.OutputCaching.OutputCachingConfigurationTests" name="OutputCachePolicies_ShouldHaveCorrectDurations" />
    </UnitTest>
    <UnitTest name="Tests.Integration.Backend.Controllers.ApiHealthTests.All_Endpoints_Should_Support_Expected_HTTP_Methods(method: &quot;GET&quot;, endpoint: &quot;/api/people&quot;)" storage="/home/runner/work/crud/crud/test/tests.integration.backend/bin/release/net8.0/tests.integration.backend.dll" id="cf8a559d-45fb-9221-5781-06292f54735a">
      <Execution id="c1238377-2402-40d6-a98b-859d47f77c55" />
      <TestMethod codeBase="/home/runner/work/Crud/Crud/test/Tests.Integration.Backend/bin/Release/net8.0/Tests.Integration.Backend.dll" adapterTypeName="executor://xunit/VsTestRunner2/netcoreapp" className="Tests.Integration.Backend.Controllers.ApiHealthTests" name="All_Endpoints_Should_Support_Expected_HTTP_Methods" />
    </UnitTest>
    <UnitTest name="Tests.Integration.Backend.OutputCaching.OutputCachingConfigurationTests.OutputCachePolicies_ShouldHaveCorrectDurations(policyName: &quot;WallsPolicy&quot;, expectedDurationSeconds: 600)" storage="/home/runner/work/crud/crud/test/tests.integration.backend/bin/release/net8.0/tests.integration.backend.dll" id="0dfe4e62-1a92-361e-05c3-42444e197ce6">
      <Execution id="34d0d5aa-3912-4f43-a4a3-740051eb51f3" />
      <TestMethod codeBase="/home/runner/work/Crud/Crud/test/Tests.Integration.Backend/bin/Release/net8.0/Tests.Integration.Backend.dll" adapterTypeName="executor://xunit/VsTestRunner2/netcoreapp" className="Tests.Integration.Backend.OutputCaching.OutputCachingConfigurationTests" name="OutputCachePolicies_ShouldHaveCorrectDurations" />
    </UnitTest>
    <UnitTest name="Tests.Integration.Backend.OutputCaching.OutputCachingConfigurationTests.OutputCachePolicies_ShouldHaveCorrectDurations(policyName: &quot;RolesPolicy&quot;, expectedDurationSeconds: 3600)" storage="/home/runner/work/crud/crud/test/tests.integration.backend/bin/release/net8.0/tests.integration.backend.dll" id="d52400d3-aadd-aa81-a16e-1863a2b50655">
      <Execution id="31031396-da9c-4c04-8eaa-174a6073755d" />
      <TestMethod codeBase="/home/runner/work/Crud/Crud/test/Tests.Integration.Backend/bin/Release/net8.0/Tests.Integration.Backend.dll" adapterTypeName="executor://xunit/VsTestRunner2/netcoreapp" className="Tests.Integration.Backend.OutputCaching.OutputCachingConfigurationTests" name="OutputCachePolicies_ShouldHaveCorrectDurations" />
    </UnitTest>
    <UnitTest name="Tests.Integration.Backend.Controllers.WallsControllerTests.GET_Walls_Should_Return_Empty_List_Initially" storage="/home/runner/work/crud/crud/test/tests.integration.backend/bin/release/net8.0/tests.integration.backend.dll" id="696a1e18-7066-ca21-55a7-645fa8e1a26a">
      <Execution id="42851c88-5c74-4792-abb9-3e4cc342aa00" />
      <TestMethod codeBase="/home/runner/work/Crud/Crud/test/Tests.Integration.Backend/bin/Release/net8.0/Tests.Integration.Backend.dll" adapterTypeName="executor://xunit/VsTestRunner2/netcoreapp" className="Tests.Integration.Backend.Controllers.WallsControllerTests" name="GET_Walls_Should_Return_Empty_List_Initially" />
    </UnitTest>
    <UnitTest name="Tests.Integration.Backend.Controllers.RolesControllerTests.PUT_Role_Should_Return_404_When_Not_Exists" storage="/home/runner/work/crud/crud/test/tests.integration.backend/bin/release/net8.0/tests.integration.backend.dll" id="9624bd8d-101a-a0f9-4e88-2b9292a1caad">
      <Execution id="d22f8e7f-4014-4852-b9cc-f4e141144090" />
      <TestMethod codeBase="/home/runner/work/Crud/Crud/test/Tests.Integration.Backend/bin/Release/net8.0/Tests.Integration.Backend.dll" adapterTypeName="executor://xunit/VsTestRunner2/netcoreapp" className="Tests.Integration.Backend.Controllers.RolesControllerTests" name="PUT_Role_Should_Return_404_When_Not_Exists" />
    </UnitTest>
    <UnitTest name="Tests.Integration.Backend.OutputCaching.ConditionalRequestTests.GetRequest_WithIfNoneMatch_ShouldReturn304_WhenETagMatches" storage="/home/runner/work/crud/crud/test/tests.integration.backend/bin/release/net8.0/tests.integration.backend.dll" id="3a855c55-b695-d057-ad6f-34eef0eb2eae">
      <Execution id="4ac97077-780d-42df-ac9d-20169541cf2a" />
      <TestMethod codeBase="/home/runner/work/Crud/Crud/test/Tests.Integration.Backend/bin/Release/net8.0/Tests.Integration.Backend.dll" adapterTypeName="executor://xunit/VsTestRunner2/netcoreapp" className="Tests.Integration.Backend.OutputCaching.ConditionalRequestTests" name="GetRequest_WithIfNoneMatch_ShouldReturn304_WhenETagMatches" />
    </UnitTest>
    <UnitTest name="Tests.Integration.Backend.Controllers.PeopleControllerTests.POST_People_Should_Return_401_Without_Authentication" storage="/home/runner/work/crud/crud/test/tests.integration.backend/bin/release/net8.0/tests.integration.backend.dll" id="60a682be-767f-9c17-a43b-33d1adbef252">
      <Execution id="c066a096-46d5-4710-a867-140a16d5e1d7" />
      <TestMethod codeBase="/home/runner/work/Crud/Crud/test/Tests.Integration.Backend/bin/Release/net8.0/Tests.Integration.Backend.dll" adapterTypeName="executor://xunit/VsTestRunner2/netcoreapp" className="Tests.Integration.Backend.Controllers.PeopleControllerTests" name="POST_People_Should_Return_401_Without_Authentication" />
    </UnitTest>
    <UnitTest name="Tests.Integration.Backend.OutputCaching.OutputCachingConfigurationTests.OutputCaching_ShouldUseRedisWhenConfigured" storage="/home/runner/work/crud/crud/test/tests.integration.backend/bin/release/net8.0/tests.integration.backend.dll" id="a46a2a4d-c658-0cec-efdf-8b3a220df306">
      <Execution id="e17b4919-3834-4703-b764-b41f5f5ae8c5" />
      <TestMethod codeBase="/home/runner/work/Crud/Crud/test/Tests.Integration.Backend/bin/Release/net8.0/Tests.Integration.Backend.dll" adapterTypeName="executor://xunit/VsTestRunner2/netcoreapp" className="Tests.Integration.Backend.OutputCaching.OutputCachingConfigurationTests" name="OutputCaching_ShouldUseRedisWhenConfigured" />
    </UnitTest>
    <UnitTest name="Tests.Integration.Backend.Controllers.AuthControllerTests.POST_Register_Should_Return_BadRequest_For_Existing_Email" storage="/home/runner/work/crud/crud/test/tests.integration.backend/bin/release/net8.0/tests.integration.backend.dll" id="3ff5fdb0-8488-3e48-6905-fa8bdf7eaa4c">
      <Execution id="e21921ac-4750-4fa5-b9a4-5fc8c72ccbdf" />
      <TestMethod codeBase="/home/runner/work/Crud/Crud/test/Tests.Integration.Backend/bin/Release/net8.0/Tests.Integration.Backend.dll" adapterTypeName="executor://xunit/VsTestRunner2/netcoreapp" className="Tests.Integration.Backend.Controllers.AuthControllerTests" name="POST_Register_Should_Return_BadRequest_For_Existing_Email" />
    </UnitTest>
    <UnitTest name="Tests.Integration.Backend.OutputCaching.OutputCachingConfigurationTests.OutputCachePolicies_ShouldHaveCorrectDurations(policyName: &quot;WindowsPolicy&quot;, expectedDurationSeconds: 600)" storage="/home/runner/work/crud/crud/test/tests.integration.backend/bin/release/net8.0/tests.integration.backend.dll" id="74823db9-4157-34a3-9710-5272b5fb4159">
      <Execution id="7814c1da-59a5-4d4b-9474-b9fa42a29199" />
      <TestMethod codeBase="/home/runner/work/Crud/Crud/test/Tests.Integration.Backend/bin/Release/net8.0/Tests.Integration.Backend.dll" adapterTypeName="executor://xunit/VsTestRunner2/netcoreapp" className="Tests.Integration.Backend.OutputCaching.OutputCachingConfigurationTests" name="OutputCachePolicies_ShouldHaveCorrectDurations" />
    </UnitTest>
    <UnitTest name="Tests.Integration.Backend.Controllers.AuthControllerTests.POST_Login_Should_Return_BadRequest_For_Invalid_Email_Format" storage="/home/runner/work/crud/crud/test/tests.integration.backend/bin/release/net8.0/tests.integration.backend.dll" id="cc336df8-b701-eea1-c754-b46ee3091b03">
      <Execution id="0ec52a24-8302-4611-b1bc-c5a2cfce11f3" />
      <TestMethod codeBase="/home/runner/work/Crud/Crud/test/Tests.Integration.Backend/bin/Release/net8.0/Tests.Integration.Backend.dll" adapterTypeName="executor://xunit/VsTestRunner2/netcoreapp" className="Tests.Integration.Backend.Controllers.AuthControllerTests" name="POST_Login_Should_Return_BadRequest_For_Invalid_Email_Format" />
    </UnitTest>
    <UnitTest name="Tests.Integration.Backend.Controllers.ApiHealthTests.All_Controllers_Should_Be_Accessible(endpoint: &quot;/api/roles&quot;)" storage="/home/runner/work/crud/crud/test/tests.integration.backend/bin/release/net8.0/tests.integration.backend.dll" id="187ff446-ae11-3e2e-df34-66d33f545ac9">
      <Execution id="20a02553-2b6c-4c79-ae42-bf7044f7a0d5" />
      <TestMethod codeBase="/home/runner/work/Crud/Crud/test/Tests.Integration.Backend/bin/Release/net8.0/Tests.Integration.Backend.dll" adapterTypeName="executor://xunit/VsTestRunner2/netcoreapp" className="Tests.Integration.Backend.Controllers.ApiHealthTests" name="All_Controllers_Should_Be_Accessible" />
    </UnitTest>
    <UnitTest name="Tests.Integration.Backend.Controllers.ApiHealthTests.All_Endpoints_Should_Support_Expected_HTTP_Methods(method: &quot;POST&quot;, endpoint: &quot;/api/roles&quot;)" storage="/home/runner/work/crud/crud/test/tests.integration.backend/bin/release/net8.0/tests.integration.backend.dll" id="98463f55-b92d-02fc-1e9d-e879206d0dbe">
      <Execution id="f2664dc5-8dcc-469f-a343-ec64d93e47f9" />
      <TestMethod codeBase="/home/runner/work/Crud/Crud/test/Tests.Integration.Backend/bin/Release/net8.0/Tests.Integration.Backend.dll" adapterTypeName="executor://xunit/VsTestRunner2/netcoreapp" className="Tests.Integration.Backend.Controllers.ApiHealthTests" name="All_Endpoints_Should_Support_Expected_HTTP_Methods" />
    </UnitTest>
    <UnitTest name="Tests.Integration.Backend.Controllers.ApiHealthTests.All_Endpoints_Should_Support_Expected_HTTP_Methods(method: &quot;POST&quot;, endpoint: &quot;/api/people&quot;)" storage="/home/runner/work/crud/crud/test/tests.integration.backend/bin/release/net8.0/tests.integration.backend.dll" id="d513fe07-1dc8-1c74-2c21-98142b85dcfb">
      <Execution id="3a9fa24d-1c66-4dcd-99e9-8b4b76748330" />
      <TestMethod codeBase="/home/runner/work/Crud/Crud/test/Tests.Integration.Backend/bin/Release/net8.0/Tests.Integration.Backend.dll" adapterTypeName="executor://xunit/VsTestRunner2/netcoreapp" className="Tests.Integration.Backend.Controllers.ApiHealthTests" name="All_Endpoints_Should_Support_Expected_HTTP_Methods" />
    </UnitTest>
    <UnitTest name="Tests.Integration.Backend.Controllers.WindowsControllerTests.POST_Windows_Should_Validate_Numeric_Ranges" storage="/home/runner/work/crud/crud/test/tests.integration.backend/bin/release/net8.0/tests.integration.backend.dll" id="9f4c88b5-75b1-89cf-0e7e-8e0e67eff9e0">
      <Execution id="21c1875b-5413-4501-9d5b-acf446160933" />
      <TestMethod codeBase="/home/runner/work/Crud/Crud/test/Tests.Integration.Backend/bin/Release/net8.0/Tests.Integration.Backend.dll" adapterTypeName="executor://xunit/VsTestRunner2/netcoreapp" className="Tests.Integration.Backend.Controllers.WindowsControllerTests" name="POST_Windows_Should_Validate_Numeric_Ranges" />
    </UnitTest>
    <UnitTest name="Tests.Integration.Backend.Controllers.AuthControllerTests.POST_Login_Should_Return_Unauthorized_For_Invalid_Credentials" storage="/home/runner/work/crud/crud/test/tests.integration.backend/bin/release/net8.0/tests.integration.backend.dll" id="d43526e9-cec8-6f67-27fe-2d630de644f9">
      <Execution id="88924a37-322c-413d-986f-2b9dcc46ef27" />
      <TestMethod codeBase="/home/runner/work/Crud/Crud/test/Tests.Integration.Backend/bin/Release/net8.0/Tests.Integration.Backend.dll" adapterTypeName="executor://xunit/VsTestRunner2/netcoreapp" className="Tests.Integration.Backend.Controllers.AuthControllerTests" name="POST_Login_Should_Return_Unauthorized_For_Invalid_Credentials" />
    </UnitTest>
    <UnitTest name="Tests.Integration.Backend.E2E.AuthenticationE2ETests.Registration_Should_Validate_Password_Complexity" storage="/home/runner/work/crud/crud/test/tests.integration.backend/bin/release/net8.0/tests.integration.backend.dll" id="410da1bb-0033-e445-230e-baa696a924ac">
      <Execution id="71c32162-f788-4ceb-a695-a60f5b566016" />
      <TestMethod codeBase="/home/runner/work/Crud/Crud/test/Tests.Integration.Backend/bin/Release/net8.0/Tests.Integration.Backend.dll" adapterTypeName="executor://xunit/VsTestRunner2/netcoreapp" className="Tests.Integration.Backend.E2E.AuthenticationE2ETests" name="Registration_Should_Validate_Password_Complexity" />
    </UnitTest>
    <UnitTest name="Tests.Integration.Backend.Controllers.PeopleControllerTests.POST_People_Should_Create_Person_And_Return_201" storage="/home/runner/work/crud/crud/test/tests.integration.backend/bin/release/net8.0/tests.integration.backend.dll" id="2e2345f0-0d5a-ea86-479d-222f77025a6a">
      <Execution id="d993dab2-0e41-4c7d-82ce-333e907056dd" />
      <TestMethod codeBase="/home/runner/work/Crud/Crud/test/Tests.Integration.Backend/bin/Release/net8.0/Tests.Integration.Backend.dll" adapterTypeName="executor://xunit/VsTestRunner2/netcoreapp" className="Tests.Integration.Backend.Controllers.PeopleControllerTests" name="POST_People_Should_Create_Person_And_Return_201" />
    </UnitTest>
    <UnitTest name="Tests.Integration.Backend.Compression.StaticFileCompressionTests.CompressedStaticFiles_ShouldBeSmallerThanUncompressed" storage="/home/runner/work/crud/crud/test/tests.integration.backend/bin/release/net8.0/tests.integration.backend.dll" id="06592b62-9486-dc14-09e9-81aa1f2eb0eb">
      <Execution id="058bbc47-7673-4e2d-9148-e55703dce0a2" />
      <TestMethod codeBase="/home/runner/work/Crud/Crud/test/Tests.Integration.Backend/bin/Release/net8.0/Tests.Integration.Backend.dll" adapterTypeName="executor://xunit/VsTestRunner2/netcoreapp" className="Tests.Integration.Backend.Compression.StaticFileCompressionTests" name="CompressedStaticFiles_ShouldBeSmallerThanUncompressed" />
    </UnitTest>
    <UnitTest name="Tests.Integration.Backend.Compression.StaticFileCompressionTests.JsFile_ShouldBeCompressed_WhenClientSupportsBrotli" storage="/home/runner/work/crud/crud/test/tests.integration.backend/bin/release/net8.0/tests.integration.backend.dll" id="1c428206-078b-ef8a-981a-72b75853f6ff">
      <Execution id="dceca16a-19ed-4c75-b824-1a2a84697e38" />
      <TestMethod codeBase="/home/runner/work/Crud/Crud/test/Tests.Integration.Backend/bin/Release/net8.0/Tests.Integration.Backend.dll" adapterTypeName="executor://xunit/VsTestRunner2/netcoreapp" className="Tests.Integration.Backend.Compression.StaticFileCompressionTests" name="JsFile_ShouldBeCompressed_WhenClientSupportsBrotli" />
    </UnitTest>
    <UnitTest name="Tests.Integration.Backend.E2E.AuthenticationE2ETests.Protected_Endpoint_Should_Require_Authentication" storage="/home/runner/work/crud/crud/test/tests.integration.backend/bin/release/net8.0/tests.integration.backend.dll" id="c1e9fd41-ccc9-89c1-34d7-2e348277c312">
      <Execution id="bf1e8494-0367-4231-b169-31a620e11948" />
      <TestMethod codeBase="/home/runner/work/Crud/Crud/test/Tests.Integration.Backend/bin/Release/net8.0/Tests.Integration.Backend.dll" adapterTypeName="executor://xunit/VsTestRunner2/netcoreapp" className="Tests.Integration.Backend.E2E.AuthenticationE2ETests" name="Protected_Endpoint_Should_Require_Authentication" />
    </UnitTest>
    <UnitTest name="Tests.Integration.Backend.Controllers.WindowsControllerTests.Windows_Should_Persist_Timestamps_Correctly" storage="/home/runner/work/crud/crud/test/tests.integration.backend/bin/release/net8.0/tests.integration.backend.dll" id="8b7765b0-2273-0340-cca9-006e0a342472">
      <Execution id="8b1089ae-1ecc-49cf-9edb-d18f53d36fa3" />
      <TestMethod codeBase="/home/runner/work/Crud/Crud/test/Tests.Integration.Backend/bin/Release/net8.0/Tests.Integration.Backend.dll" adapterTypeName="executor://xunit/VsTestRunner2/netcoreapp" className="Tests.Integration.Backend.Controllers.WindowsControllerTests" name="Windows_Should_Persist_Timestamps_Correctly" />
    </UnitTest>
    <UnitTest name="Tests.Integration.Backend.Controllers.PeopleControllerTests.POST_People_Should_Allow_Empty_Phone_Number" storage="/home/runner/work/crud/crud/test/tests.integration.backend/bin/release/net8.0/tests.integration.backend.dll" id="bc4ebe26-634c-986e-8a8c-e92c2437e06a">
      <Execution id="7d9c8145-eea5-4518-8903-244083ecd812" />
      <TestMethod codeBase="/home/runner/work/Crud/Crud/test/Tests.Integration.Backend/bin/Release/net8.0/Tests.Integration.Backend.dll" adapterTypeName="executor://xunit/VsTestRunner2/netcoreapp" className="Tests.Integration.Backend.Controllers.PeopleControllerTests" name="POST_People_Should_Allow_Empty_Phone_Number" />
    </UnitTest>
    <UnitTest name="Tests.Integration.Backend.Controllers.PeopleControllerTests.POST_People_Should_Return_400_For_Invalid_Request" storage="/home/runner/work/crud/crud/test/tests.integration.backend/bin/release/net8.0/tests.integration.backend.dll" id="4ca138d0-3af0-bb0b-3bfb-df9507be5ed5">
      <Execution id="b43b9320-9c70-4024-bcd5-ce7af232a440" />
      <TestMethod codeBase="/home/runner/work/Crud/Crud/test/Tests.Integration.Backend/bin/Release/net8.0/Tests.Integration.Backend.dll" adapterTypeName="executor://xunit/VsTestRunner2/netcoreapp" className="Tests.Integration.Backend.Controllers.PeopleControllerTests" name="POST_People_Should_Return_400_For_Invalid_Request" />
    </UnitTest>
    <UnitTest name="Tests.Integration.Backend.Controllers.PeopleControllerTests.POST_People_Should_Return_403_For_Non_Admin_User" storage="/home/runner/work/crud/crud/test/tests.integration.backend/bin/release/net8.0/tests.integration.backend.dll" id="41853896-8f31-97ce-b78f-41cf4c24e045">
      <Execution id="020debb1-c10e-4fc8-a14f-e5c2effe3a0a" />
      <TestMethod codeBase="/home/runner/work/Crud/Crud/test/Tests.Integration.Backend/bin/Release/net8.0/Tests.Integration.Backend.dll" adapterTypeName="executor://xunit/VsTestRunner2/netcoreapp" className="Tests.Integration.Backend.Controllers.PeopleControllerTests" name="POST_People_Should_Return_403_For_Non_Admin_User" />
    </UnitTest>
    <UnitTest name="Tests.Integration.Backend.Controllers.ApiHealthTests.All_Endpoints_Should_Support_Expected_HTTP_Methods(method: &quot;GET&quot;, endpoint: &quot;/api/walls&quot;)" storage="/home/runner/work/crud/crud/test/tests.integration.backend/bin/release/net8.0/tests.integration.backend.dll" id="d818e0b1-081a-89e5-4910-f245961c9079">
      <Execution id="578024e1-d572-485d-bf9c-1ec45a7bc7f3" />
      <TestMethod codeBase="/home/runner/work/Crud/Crud/test/Tests.Integration.Backend/bin/Release/net8.0/Tests.Integration.Backend.dll" adapterTypeName="executor://xunit/VsTestRunner2/netcoreapp" className="Tests.Integration.Backend.Controllers.ApiHealthTests" name="All_Endpoints_Should_Support_Expected_HTTP_Methods" />
    </UnitTest>
    <UnitTest name="Tests.Integration.Backend.Controllers.AuthControllerPasswordResetTests.POST_ResetPassword_WithValidToken_Should_Reset_Password_Successfully" storage="/home/runner/work/crud/crud/test/tests.integration.backend/bin/release/net8.0/tests.integration.backend.dll" id="25c388e9-4416-bcb2-f5bb-f92fe28b725a">
      <Execution id="2444af08-6530-4031-ae14-f2eb9157c3e7" />
      <TestMethod codeBase="/home/runner/work/Crud/Crud/test/Tests.Integration.Backend/bin/Release/net8.0/Tests.Integration.Backend.dll" adapterTypeName="executor://xunit/VsTestRunner2/netcoreapp" className="Tests.Integration.Backend.Controllers.AuthControllerPasswordResetTests" name="POST_ResetPassword_WithValidToken_Should_Reset_Password_Successfully" />
    </UnitTest>
    <UnitTest name="Tests.Integration.Backend.Controllers.WindowsControllerTests.PUT_Window_Should_Update_Existing_Window" storage="/home/runner/work/crud/crud/test/tests.integration.backend/bin/release/net8.0/tests.integration.backend.dll" id="7bc10e4f-5a04-518e-0136-35873081b204">
      <Execution id="629689c9-0001-4b6c-b9d0-88e64885adda" />
      <TestMethod codeBase="/home/runner/work/Crud/Crud/test/Tests.Integration.Backend/bin/Release/net8.0/Tests.Integration.Backend.dll" adapterTypeName="executor://xunit/VsTestRunner2/netcoreapp" className="Tests.Integration.Backend.Controllers.WindowsControllerTests" name="PUT_Window_Should_Update_Existing_Window" />
    </UnitTest>
    <UnitTest name="Tests.Integration.Backend.Controllers.WallsControllerTests.POST_Wall_Should_Handle_Optional_Fields" storage="/home/runner/work/crud/crud/test/tests.integration.backend/bin/release/net8.0/tests.integration.backend.dll" id="34d6d731-abe6-2c2d-f525-44f047db1777">
      <Execution id="734bc151-0dc4-4098-858f-bf161b235652" />
      <TestMethod codeBase="/home/runner/work/Crud/Crud/test/Tests.Integration.Backend/bin/Release/net8.0/Tests.Integration.Backend.dll" adapterTypeName="executor://xunit/VsTestRunner2/netcoreapp" className="Tests.Integration.Backend.Controllers.WallsControllerTests" name="POST_Wall_Should_Handle_Optional_Fields" />
    </UnitTest>
    <UnitTest name="Tests.Integration.Backend.Controllers.PeopleControllerTests.PUT_People_Should_Update_Person" storage="/home/runner/work/crud/crud/test/tests.integration.backend/bin/release/net8.0/tests.integration.backend.dll" id="20da3b3a-c531-7fe5-3776-1e7b0c6c1d26">
      <Execution id="54a949d1-5726-4471-8112-29428510c891" />
      <TestMethod codeBase="/home/runner/work/Crud/Crud/test/Tests.Integration.Backend/bin/Release/net8.0/Tests.Integration.Backend.dll" adapterTypeName="executor://xunit/VsTestRunner2/netcoreapp" className="Tests.Integration.Backend.Controllers.PeopleControllerTests" name="PUT_People_Should_Update_Person" />
    </UnitTest>
    <UnitTest name="Tests.Integration.Backend.OutputCaching.ConditionalRequestTests.GetRequest_WithIfNoneMatch_ShouldReturn200_WhenETagDoesNotMatch" storage="/home/runner/work/crud/crud/test/tests.integration.backend/bin/release/net8.0/tests.integration.backend.dll" id="3f2238c8-a9eb-4aa1-b9fa-c736db0a92cb">
      <Execution id="03039318-9773-4b86-ae6d-82ce45c2dc9a" />
      <TestMethod codeBase="/home/runner/work/Crud/Crud/test/Tests.Integration.Backend/bin/Release/net8.0/Tests.Integration.Backend.dll" adapterTypeName="executor://xunit/VsTestRunner2/netcoreapp" className="Tests.Integration.Backend.OutputCaching.ConditionalRequestTests" name="GetRequest_WithIfNoneMatch_ShouldReturn200_WhenETagDoesNotMatch" />
    </UnitTest>
    <UnitTest name="Tests.Integration.Backend.Controllers.ApiHealthTests.All_Controllers_Should_Be_Accessible(endpoint: &quot;/api/walls&quot;)" storage="/home/runner/work/crud/crud/test/tests.integration.backend/bin/release/net8.0/tests.integration.backend.dll" id="8231f168-9927-9d00-f91d-f5006f875a5b">
      <Execution id="314b7df4-f347-493d-80fc-eee609a1a9f1" />
      <TestMethod codeBase="/home/runner/work/Crud/Crud/test/Tests.Integration.Backend/bin/Release/net8.0/Tests.Integration.Backend.dll" adapterTypeName="executor://xunit/VsTestRunner2/netcoreapp" className="Tests.Integration.Backend.Controllers.ApiHealthTests" name="All_Controllers_Should_Be_Accessible" />
    </UnitTest>
    <UnitTest name="Tests.Integration.Backend.Infrastructure.GenericRepositoryIntegrationTests.GenericRepository_ShouldWorkAlongsideCustomRepositories" storage="/home/runner/work/crud/crud/test/tests.integration.backend/bin/release/net8.0/tests.integration.backend.dll" id="76f204dd-32a0-ce3a-8917-3041e6ffb334">
      <Execution id="9390dc58-21a8-4c30-8b67-23ec0fc1b0ab" />
      <TestMethod codeBase="/home/runner/work/Crud/Crud/test/Tests.Integration.Backend/bin/Release/net8.0/Tests.Integration.Backend.dll" adapterTypeName="executor://xunit/VsTestRunner2/netcoreapp" className="Tests.Integration.Backend.Infrastructure.GenericRepositoryIntegrationTests" name="GenericRepository_ShouldWorkAlongsideCustomRepositories" />
    </UnitTest>
    <UnitTest name="Tests.Integration.Backend.Controllers.RolesControllerTests.GET_Role_By_Id_Should_Return_404_When_Not_Exists" storage="/home/runner/work/crud/crud/test/tests.integration.backend/bin/release/net8.0/tests.integration.backend.dll" id="29ba8dce-52f9-1a09-beb5-2c73bb03e4dd">
      <Execution id="de7c95c0-86f9-4de9-9353-a05d3f64c1e3" />
      <TestMethod codeBase="/home/runner/work/Crud/Crud/test/Tests.Integration.Backend/bin/Release/net8.0/Tests.Integration.Backend.dll" adapterTypeName="executor://xunit/VsTestRunner2/netcoreapp" className="Tests.Integration.Backend.Controllers.RolesControllerTests" name="GET_Role_By_Id_Should_Return_404_When_Not_Exists" />
    </UnitTest>
    <UnitTest name="Tests.Integration.Backend.Controllers.PeopleControllerTests.POST_People_Should_Create_Person_With_Roles" storage="/home/runner/work/crud/crud/test/tests.integration.backend/bin/release/net8.0/tests.integration.backend.dll" id="cce4bcb7-a8a4-30d2-f887-eca92f2b74be">
      <Execution id="1af31b38-9b37-4c4b-8186-17a0e3b3b296" />
      <TestMethod codeBase="/home/runner/work/Crud/Crud/test/Tests.Integration.Backend/bin/Release/net8.0/Tests.Integration.Backend.dll" adapterTypeName="executor://xunit/VsTestRunner2/netcoreapp" className="Tests.Integration.Backend.Controllers.PeopleControllerTests" name="POST_People_Should_Create_Person_With_Roles" />
    </UnitTest>
    <UnitTest name="Tests.Integration.Backend.Controllers.AuthControllerPasswordResetTests.POST_ForgotPassword_WithInvalidEmail_Should_Return_BadRequest" storage="/home/runner/work/crud/crud/test/tests.integration.backend/bin/release/net8.0/tests.integration.backend.dll" id="8e410b3f-ed9f-5189-87a9-0a81e42ccd93">
      <Execution id="6f580605-1435-4ecc-b7d9-b544faacb6b7" />
      <TestMethod codeBase="/home/runner/work/Crud/Crud/test/Tests.Integration.Backend/bin/Release/net8.0/Tests.Integration.Backend.dll" adapterTypeName="executor://xunit/VsTestRunner2/netcoreapp" className="Tests.Integration.Backend.Controllers.AuthControllerPasswordResetTests" name="POST_ForgotPassword_WithInvalidEmail_Should_Return_BadRequest" />
    </UnitTest>
    <UnitTest name="Tests.Integration.Backend.Controllers.WindowsControllerTests.Windows_Should_Handle_Boolean_Properties_Correctly" storage="/home/runner/work/crud/crud/test/tests.integration.backend/bin/release/net8.0/tests.integration.backend.dll" id="89abbdd3-2d4a-032e-64a6-9a76add4cdf5">
      <Execution id="73ca157c-0fd0-4309-8a25-f9db5841002b" />
      <TestMethod codeBase="/home/runner/work/Crud/Crud/test/Tests.Integration.Backend/bin/Release/net8.0/Tests.Integration.Backend.dll" adapterTypeName="executor://xunit/VsTestRunner2/netcoreapp" className="Tests.Integration.Backend.Controllers.WindowsControllerTests" name="Windows_Should_Handle_Boolean_Properties_Correctly" />
    </UnitTest>
    <UnitTest name="Tests.Integration.Backend.Controllers.WallsControllerTests.GET_Wall_By_Id_Should_Return_Wall_When_Exists" storage="/home/runner/work/crud/crud/test/tests.integration.backend/bin/release/net8.0/tests.integration.backend.dll" id="f06ae6c9-50ad-cafd-2eae-e83fde29317d">
      <Execution id="58e64f98-ca70-409d-8fff-e82520234b17" />
      <TestMethod codeBase="/home/runner/work/Crud/Crud/test/Tests.Integration.Backend/bin/Release/net8.0/Tests.Integration.Backend.dll" adapterTypeName="executor://xunit/VsTestRunner2/netcoreapp" className="Tests.Integration.Backend.Controllers.WallsControllerTests" name="GET_Wall_By_Id_Should_Return_Wall_When_Exists" />
    </UnitTest>
    <UnitTest name="Tests.Integration.Backend.Compression.StaticFileCompressionTests.UncompressedStaticFiles_ShouldNotHaveCompressionHeaders" storage="/home/runner/work/crud/crud/test/tests.integration.backend/bin/release/net8.0/tests.integration.backend.dll" id="5ba1ea2b-a035-33f8-2d26-2c5753c3433e">
      <Execution id="fef61cd1-6959-473c-9cc5-69d6a34f8589" />
      <TestMethod codeBase="/home/runner/work/Crud/Crud/test/Tests.Integration.Backend/bin/Release/net8.0/Tests.Integration.Backend.dll" adapterTypeName="executor://xunit/VsTestRunner2/netcoreapp" className="Tests.Integration.Backend.Compression.StaticFileCompressionTests" name="UncompressedStaticFiles_ShouldNotHaveCompressionHeaders" />
    </UnitTest>
    <UnitTest name="Tests.Integration.Backend.OutputCaching.ConditionalRequestTests.GetRequest_WithIfModifiedSince_ShouldReturn200_WhenModified" storage="/home/runner/work/crud/crud/test/tests.integration.backend/bin/release/net8.0/tests.integration.backend.dll" id="0853ac09-c300-33d5-e3a7-a607360126ba">
      <Execution id="66cfb903-d7dd-48b6-8bd6-c82f9c3a5fa7" />
      <TestMethod codeBase="/home/runner/work/Crud/Crud/test/Tests.Integration.Backend/bin/Release/net8.0/Tests.Integration.Backend.dll" adapterTypeName="executor://xunit/VsTestRunner2/netcoreapp" className="Tests.Integration.Backend.OutputCaching.ConditionalRequestTests" name="GetRequest_WithIfModifiedSince_ShouldReturn200_WhenModified" />
    </UnitTest>
    <UnitTest name="Tests.Integration.Backend.Controllers.RolesControllerTests.GET_Roles_Should_Return_All_Roles" storage="/home/runner/work/crud/crud/test/tests.integration.backend/bin/release/net8.0/tests.integration.backend.dll" id="33b821d5-726b-640c-d1cd-04721e7e48d9">
      <Execution id="91a79d98-46b5-4985-b939-225b3d52fb0e" />
      <TestMethod codeBase="/home/runner/work/Crud/Crud/test/Tests.Integration.Backend/bin/Release/net8.0/Tests.Integration.Backend.dll" adapterTypeName="executor://xunit/VsTestRunner2/netcoreapp" className="Tests.Integration.Backend.Controllers.RolesControllerTests" name="GET_Roles_Should_Return_All_Roles" />
    </UnitTest>
    <UnitTest name="Tests.Integration.Backend.Controllers.RolesControllerTests.PUT_Role_Should_Update_Existing_Role" storage="/home/runner/work/crud/crud/test/tests.integration.backend/bin/release/net8.0/tests.integration.backend.dll" id="9525fcd3-b949-7544-779c-3d3500ebec99">
      <Execution id="e906d4c8-8350-4e95-b874-db1bb1fa857a" />
      <TestMethod codeBase="/home/runner/work/Crud/Crud/test/Tests.Integration.Backend/bin/Release/net8.0/Tests.Integration.Backend.dll" adapterTypeName="executor://xunit/VsTestRunner2/netcoreapp" className="Tests.Integration.Backend.Controllers.RolesControllerTests" name="PUT_Role_Should_Update_Existing_Role" />
    </UnitTest>
    <UnitTest name="Tests.Integration.Backend.Controllers.ApiHealthTests.API_Should_Handle_Invalid_Routes" storage="/home/runner/work/crud/crud/test/tests.integration.backend/bin/release/net8.0/tests.integration.backend.dll" id="f7ccf265-e80b-872a-2ee9-60a9a3351b24">
      <Execution id="26202898-685d-4c04-8c01-ccd9ad9d78ea" />
      <TestMethod codeBase="/home/runner/work/Crud/Crud/test/Tests.Integration.Backend/bin/Release/net8.0/Tests.Integration.Backend.dll" adapterTypeName="executor://xunit/VsTestRunner2/netcoreapp" className="Tests.Integration.Backend.Controllers.ApiHealthTests" name="API_Should_Handle_Invalid_Routes" />
    </UnitTest>
    <UnitTest name="Tests.Integration.Backend.OutputCaching.CachingE2ETests.CompleteCachingWorkflow_ShouldPerformAsExpected" storage="/home/runner/work/crud/crud/test/tests.integration.backend/bin/release/net8.0/tests.integration.backend.dll" id="70e1a820-63f2-9d05-e43e-21258bccb063">
      <Execution id="1aa2e166-b48c-4bb7-8f48-52742bdfbd31" />
      <TestMethod codeBase="/home/runner/work/Crud/Crud/test/Tests.Integration.Backend/bin/Release/net8.0/Tests.Integration.Backend.dll" adapterTypeName="executor://xunit/VsTestRunner2/netcoreapp" className="Tests.Integration.Backend.OutputCaching.CachingE2ETests" name="CompleteCachingWorkflow_ShouldPerformAsExpected" />
    </UnitTest>
    <UnitTest name="Tests.Integration.Backend.Controllers.RolesControllerTests.POST_Roles_Should_Return_400_For_Invalid_Data" storage="/home/runner/work/crud/crud/test/tests.integration.backend/bin/release/net8.0/tests.integration.backend.dll" id="3115f456-ece1-1790-9284-157082a1d43c">
      <Execution id="08d04531-9189-410b-b066-0cecd1984e8f" />
      <TestMethod codeBase="/home/runner/work/Crud/Crud/test/Tests.Integration.Backend/bin/Release/net8.0/Tests.Integration.Backend.dll" adapterTypeName="executor://xunit/VsTestRunner2/netcoreapp" className="Tests.Integration.Backend.Controllers.RolesControllerTests" name="POST_Roles_Should_Return_400_For_Invalid_Data" />
    </UnitTest>
    <UnitTest name="Tests.Integration.Backend.OutputCaching.CacheInvalidationTests.PostWindow_ShouldInvalidateWindowsCache" storage="/home/runner/work/crud/crud/test/tests.integration.backend/bin/release/net8.0/tests.integration.backend.dll" id="7ef81c0c-3038-9435-7857-ab17f80f7cdb">
      <Execution id="9dbe4f34-dad4-4523-934a-fadace2f171f" />
      <TestMethod codeBase="/home/runner/work/Crud/Crud/test/Tests.Integration.Backend/bin/Release/net8.0/Tests.Integration.Backend.dll" adapterTypeName="executor://xunit/VsTestRunner2/netcoreapp" className="Tests.Integration.Backend.OutputCaching.CacheInvalidationTests" name="PostWindow_ShouldInvalidateWindowsCache" />
    </UnitTest>
    <UnitTest name="Tests.Integration.Backend.OutputCaching.CachingE2ETests.CrossEntityCaching_ShouldNotInterfere" storage="/home/runner/work/crud/crud/test/tests.integration.backend/bin/release/net8.0/tests.integration.backend.dll" id="28caa8d5-c8a9-c82d-9ea0-c02736f0dfd9">
      <Execution id="7d85d930-dc7b-4555-acd3-6eeaacb5e5e1" />
      <TestMethod codeBase="/home/runner/work/Crud/Crud/test/Tests.Integration.Backend/bin/Release/net8.0/Tests.Integration.Backend.dll" adapterTypeName="executor://xunit/VsTestRunner2/netcoreapp" className="Tests.Integration.Backend.OutputCaching.CachingE2ETests" name="CrossEntityCaching_ShouldNotInterfere" />
    </UnitTest>
    <UnitTest name="Tests.Integration.Backend.Controllers.ApiHealthTests.API_Should_Handle_Concurrent_Requests" storage="/home/runner/work/crud/crud/test/tests.integration.backend/bin/release/net8.0/tests.integration.backend.dll" id="e4619fb0-2f02-c154-40bc-f54ee36b9b38">
      <Execution id="c0c1ea0d-f9ac-4706-b9fc-c3655b083fea" />
      <TestMethod codeBase="/home/runner/work/Crud/Crud/test/Tests.Integration.Backend/bin/Release/net8.0/Tests.Integration.Backend.dll" adapterTypeName="executor://xunit/VsTestRunner2/netcoreapp" className="Tests.Integration.Backend.Controllers.ApiHealthTests" name="API_Should_Handle_Concurrent_Requests" />
    </UnitTest>
    <UnitTest name="Tests.Integration.Backend.Controllers.AuthControllerPasswordResetTests.POST_ForgotPassword_WithValidEmail_Should_Return_Success" storage="/home/runner/work/crud/crud/test/tests.integration.backend/bin/release/net8.0/tests.integration.backend.dll" id="20b78283-04d3-fc47-1574-93af6fec32ea">
      <Execution id="c7edfe55-7eef-465b-8e0d-d818c544b940" />
      <TestMethod codeBase="/home/runner/work/Crud/Crud/test/Tests.Integration.Backend/bin/Release/net8.0/Tests.Integration.Backend.dll" adapterTypeName="executor://xunit/VsTestRunner2/netcoreapp" className="Tests.Integration.Backend.Controllers.AuthControllerPasswordResetTests" name="POST_ForgotPassword_WithValidEmail_Should_Return_Success" />
    </UnitTest>
    <UnitTest name="Tests.Integration.Backend.OutputCaching.OutputCachingConfigurationTests.OutputCaching_ShouldFallbackToMemoryWhenRedisUnavailable" storage="/home/runner/work/crud/crud/test/tests.integration.backend/bin/release/net8.0/tests.integration.backend.dll" id="b7cda526-0758-c938-af92-6a6e25e8efc9">
      <Execution id="6cd6fb9b-7eb2-4dd6-970b-54ba285b6945" />
      <TestMethod codeBase="/home/runner/work/Crud/Crud/test/Tests.Integration.Backend/bin/Release/net8.0/Tests.Integration.Backend.dll" adapterTypeName="executor://xunit/VsTestRunner2/netcoreapp" className="Tests.Integration.Backend.OutputCaching.OutputCachingConfigurationTests" name="OutputCaching_ShouldFallbackToMemoryWhenRedisUnavailable" />
    </UnitTest>
    <UnitTest name="Tests.Integration.Backend.Controllers.RolesControllerTests.DELETE_Role_Should_Return_204_When_Not_Exists" storage="/home/runner/work/crud/crud/test/tests.integration.backend/bin/release/net8.0/tests.integration.backend.dll" id="79e70e1e-8075-8996-1211-c6d54a3d9ffa">
      <Execution id="e62e9b35-675a-4c5f-a81f-8017f774bd4e" />
      <TestMethod codeBase="/home/runner/work/Crud/Crud/test/Tests.Integration.Backend/bin/Release/net8.0/Tests.Integration.Backend.dll" adapterTypeName="executor://xunit/VsTestRunner2/netcoreapp" className="Tests.Integration.Backend.Controllers.RolesControllerTests" name="DELETE_Role_Should_Return_204_When_Not_Exists" />
    </UnitTest>
    <UnitTest name="Tests.Integration.Backend.Controllers.ApiHealthTests.API_Should_Handle_CORS_Headers" storage="/home/runner/work/crud/crud/test/tests.integration.backend/bin/release/net8.0/tests.integration.backend.dll" id="e3433c1d-41f7-b660-a894-db56a9b283f4">
      <Execution id="0ebc9bd8-f0cb-4801-804f-cc25f709bc0c" />
      <TestMethod codeBase="/home/runner/work/Crud/Crud/test/Tests.Integration.Backend/bin/Release/net8.0/Tests.Integration.Backend.dll" adapterTypeName="executor://xunit/VsTestRunner2/netcoreapp" className="Tests.Integration.Backend.Controllers.ApiHealthTests" name="API_Should_Handle_CORS_Headers" />
    </UnitTest>
    <UnitTest name="Tests.Integration.Backend.Controllers.AuthControllerTests.POST_Refresh_Should_Return_New_Tokens_For_Valid_RefreshToken" storage="/home/runner/work/crud/crud/test/tests.integration.backend/bin/release/net8.0/tests.integration.backend.dll" id="9ed0881a-ade1-55d1-ff4e-861058b9ed01">
      <Execution id="f830c839-a98d-445b-a79a-1b2eeb9fff2e" />
      <TestMethod codeBase="/home/runner/work/Crud/Crud/test/Tests.Integration.Backend/bin/Release/net8.0/Tests.Integration.Backend.dll" adapterTypeName="executor://xunit/VsTestRunner2/netcoreapp" className="Tests.Integration.Backend.Controllers.AuthControllerTests" name="POST_Refresh_Should_Return_New_Tokens_For_Valid_RefreshToken" />
    </UnitTest>
    <UnitTest name="Tests.Integration.Backend.Compression.ResponseCompressionTests.CompressedResponse_ShouldHaveCompressionHeaders" storage="/home/runner/work/crud/crud/test/tests.integration.backend/bin/release/net8.0/tests.integration.backend.dll" id="a5770765-4612-4372-f1a9-727a017fca24">
      <Execution id="3b44ad50-c7c9-4b6b-94b1-8bcf9b072e2b" />
      <TestMethod codeBase="/home/runner/work/Crud/Crud/test/Tests.Integration.Backend/bin/Release/net8.0/Tests.Integration.Backend.dll" adapterTypeName="executor://xunit/VsTestRunner2/netcoreapp" className="Tests.Integration.Backend.Compression.ResponseCompressionTests" name="CompressedResponse_ShouldHaveCompressionHeaders" />
    </UnitTest>
    <UnitTest name="Tests.Integration.Backend.Controllers.ApiHealthTests.API_Should_Maintain_Data_Consistency_Under_Load" storage="/home/runner/work/crud/crud/test/tests.integration.backend/bin/release/net8.0/tests.integration.backend.dll" id="58d6d3e1-eb4b-146c-6475-5a89377fd38d">
      <Execution id="70ce35ac-aa81-4755-b25b-c09853d003ef" />
      <TestMethod codeBase="/home/runner/work/Crud/Crud/test/Tests.Integration.Backend/bin/Release/net8.0/Tests.Integration.Backend.dll" adapterTypeName="executor://xunit/VsTestRunner2/netcoreapp" className="Tests.Integration.Backend.Controllers.ApiHealthTests" name="API_Should_Maintain_Data_Consistency_Under_Load" />
    </UnitTest>
    <UnitTest name="Tests.Integration.Backend.Controllers.ApiHealthTests.All_Endpoints_Should_Support_Expected_HTTP_Methods(method: &quot;GET&quot;, endpoint: &quot;/api/roles&quot;)" storage="/home/runner/work/crud/crud/test/tests.integration.backend/bin/release/net8.0/tests.integration.backend.dll" id="a607d0ef-948b-6788-8be8-6f42840aa828">
      <Execution id="26f85e58-8e63-455c-9fe5-4bac040050e1" />
      <TestMethod codeBase="/home/runner/work/Crud/Crud/test/Tests.Integration.Backend/bin/Release/net8.0/Tests.Integration.Backend.dll" adapterTypeName="executor://xunit/VsTestRunner2/netcoreapp" className="Tests.Integration.Backend.Controllers.ApiHealthTests" name="All_Endpoints_Should_Support_Expected_HTTP_Methods" />
    </UnitTest>
    <UnitTest name="Tests.Integration.Backend.Controllers.WallsControllerTests.POST_Wall_Should_Calculate_And_Store_Complex_Properties" storage="/home/runner/work/crud/crud/test/tests.integration.backend/bin/release/net8.0/tests.integration.backend.dll" id="ab17e4f5-654f-3749-a1be-206a5019e954">
      <Execution id="f0e46ee0-54ce-4388-812b-9d0fe1099833" />
      <TestMethod codeBase="/home/runner/work/Crud/Crud/test/Tests.Integration.Backend/bin/Release/net8.0/Tests.Integration.Backend.dll" adapterTypeName="executor://xunit/VsTestRunner2/netcoreapp" className="Tests.Integration.Backend.Controllers.WallsControllerTests" name="POST_Wall_Should_Calculate_And_Store_Complex_Properties" />
    </UnitTest>
    <UnitTest name="Tests.Integration.Backend.Controllers.WindowsControllerTests.POST_Windows_Should_Return_400_For_Invalid_Data" storage="/home/runner/work/crud/crud/test/tests.integration.backend/bin/release/net8.0/tests.integration.backend.dll" id="03a14d36-6f95-8492-bfd4-a25fff2f6772">
      <Execution id="80188698-cc25-4987-bb15-bb9690e1d64f" />
      <TestMethod codeBase="/home/runner/work/Crud/Crud/test/Tests.Integration.Backend/bin/Release/net8.0/Tests.Integration.Backend.dll" adapterTypeName="executor://xunit/VsTestRunner2/netcoreapp" className="Tests.Integration.Backend.Controllers.WindowsControllerTests" name="POST_Windows_Should_Return_400_For_Invalid_Data" />
    </UnitTest>
    <UnitTest name="Tests.Integration.Backend.Controllers.WindowsControllerTests.DELETE_Window_Should_Return_204_When_Not_Exists" storage="/home/runner/work/crud/crud/test/tests.integration.backend/bin/release/net8.0/tests.integration.backend.dll" id="5250d740-754a-3ba2-19d9-7b7107d87e03">
      <Execution id="9d68b1db-c188-497d-a26f-ab56cbd1bff1" />
      <TestMethod codeBase="/home/runner/work/Crud/Crud/test/Tests.Integration.Backend/bin/Release/net8.0/Tests.Integration.Backend.dll" adapterTypeName="executor://xunit/VsTestRunner2/netcoreapp" className="Tests.Integration.Backend.Controllers.WindowsControllerTests" name="DELETE_Window_Should_Return_204_When_Not_Exists" />
    </UnitTest>
    <UnitTest name="Tests.Integration.Backend.Controllers.AuthControllerTests.POST_Refresh_Should_Return_Unauthorized_For_Invalid_RefreshToken" storage="/home/runner/work/crud/crud/test/tests.integration.backend/bin/release/net8.0/tests.integration.backend.dll" id="297d158e-047c-5612-bd99-21893c5634e4">
      <Execution id="e131e6d2-7b9e-4bb4-85e5-57694be1ac4e" />
      <TestMethod codeBase="/home/runner/work/Crud/Crud/test/Tests.Integration.Backend/bin/Release/net8.0/Tests.Integration.Backend.dll" adapterTypeName="executor://xunit/VsTestRunner2/netcoreapp" className="Tests.Integration.Backend.Controllers.AuthControllerTests" name="POST_Refresh_Should_Return_Unauthorized_For_Invalid_RefreshToken" />
    </UnitTest>
    <UnitTest name="Tests.Integration.Backend.Controllers.WindowsControllerTests.POST_Windows_Should_Create_Window_And_Return_201" storage="/home/runner/work/crud/crud/test/tests.integration.backend/bin/release/net8.0/tests.integration.backend.dll" id="dfaed238-70c1-ab80-405a-08edfd13c1ba">
      <Execution id="b40767f7-48e5-4f0e-a76f-f0e5291f7f7e" />
      <TestMethod codeBase="/home/runner/work/Crud/Crud/test/Tests.Integration.Backend/bin/Release/net8.0/Tests.Integration.Backend.dll" adapterTypeName="executor://xunit/VsTestRunner2/netcoreapp" className="Tests.Integration.Backend.Controllers.WindowsControllerTests" name="POST_Windows_Should_Create_Window_And_Return_201" />
    </UnitTest>
    <UnitTest name="Tests.Integration.Backend.E2E.AuthenticationE2ETests.Refresh_Token_Rotation_Should_Work" storage="/home/runner/work/crud/crud/test/tests.integration.backend/bin/release/net8.0/tests.integration.backend.dll" id="6ab30ede-2d43-e3c2-d85a-058d5fd2dee1">
      <Execution id="318fd6b6-02cd-4741-9986-8cb34c043c33" />
      <TestMethod codeBase="/home/runner/work/Crud/Crud/test/Tests.Integration.Backend/bin/Release/net8.0/Tests.Integration.Backend.dll" adapterTypeName="executor://xunit/VsTestRunner2/netcoreapp" className="Tests.Integration.Backend.E2E.AuthenticationE2ETests" name="Refresh_Token_Rotation_Should_Work" />
    </UnitTest>
    <UnitTest name="Tests.Integration.Backend.OutputCaching.CacheInvalidationTests.CacheInvalidation_ShouldBeEntitySpecific" storage="/home/runner/work/crud/crud/test/tests.integration.backend/bin/release/net8.0/tests.integration.backend.dll" id="5915cbaf-7ed1-cbfd-2c81-4746833e58cd">
      <Execution id="da13fdd4-482b-4de8-a7df-f941c9160fe7" />
      <TestMethod codeBase="/home/runner/work/Crud/Crud/test/Tests.Integration.Backend/bin/Release/net8.0/Tests.Integration.Backend.dll" adapterTypeName="executor://xunit/VsTestRunner2/netcoreapp" className="Tests.Integration.Backend.OutputCaching.CacheInvalidationTests" name="CacheInvalidation_ShouldBeEntitySpecific" />
    </UnitTest>
    <UnitTest name="Tests.Integration.Backend.OutputCaching.CachingE2ETests.AllCachedEndpoints_ShouldReturnCacheHeaders(endpoint: &quot;/api/walls&quot;)" storage="/home/runner/work/crud/crud/test/tests.integration.backend/bin/release/net8.0/tests.integration.backend.dll" id="4b80b6dd-af6e-92d9-97c9-a8c31eb301db">
      <Execution id="9f5443da-7500-427f-b9b4-91f960c975f5" />
      <TestMethod codeBase="/home/runner/work/Crud/Crud/test/Tests.Integration.Backend/bin/Release/net8.0/Tests.Integration.Backend.dll" adapterTypeName="executor://xunit/VsTestRunner2/netcoreapp" className="Tests.Integration.Backend.OutputCaching.CachingE2ETests" name="AllCachedEndpoints_ShouldReturnCacheHeaders" />
    </UnitTest>
    <UnitTest name="Tests.Integration.Backend.Controllers.PeopleControllerTests.PUT_People_Should_Return_404_For_NonExistent_Person" storage="/home/runner/work/crud/crud/test/tests.integration.backend/bin/release/net8.0/tests.integration.backend.dll" id="78b405b2-a7b4-22cc-fd25-19657615e9ba">
      <Execution id="b4c86a23-84b8-4ab9-b29c-de96a9d650c4" />
      <TestMethod codeBase="/home/runner/work/Crud/Crud/test/Tests.Integration.Backend/bin/Release/net8.0/Tests.Integration.Backend.dll" adapterTypeName="executor://xunit/VsTestRunner2/netcoreapp" className="Tests.Integration.Backend.Controllers.PeopleControllerTests" name="PUT_People_Should_Return_404_For_NonExistent_Person" />
    </UnitTest>
    <UnitTest name="Tests.Integration.Backend.Controllers.AuthControllerTests.POST_Register_Should_Return_BadRequest_For_Invalid_Email" storage="/home/runner/work/crud/crud/test/tests.integration.backend/bin/release/net8.0/tests.integration.backend.dll" id="2bf8b19c-cf08-fc4d-1420-d095f4b1337b">
      <Execution id="3b6835d1-a4fd-4748-97c7-034dee84b433" />
      <TestMethod codeBase="/home/runner/work/Crud/Crud/test/Tests.Integration.Backend/bin/Release/net8.0/Tests.Integration.Backend.dll" adapterTypeName="executor://xunit/VsTestRunner2/netcoreapp" className="Tests.Integration.Backend.Controllers.AuthControllerTests" name="POST_Register_Should_Return_BadRequest_For_Invalid_Email" />
    </UnitTest>
    <UnitTest name="Tests.Integration.Backend.Controllers.DatabaseControllerTests.GET_Database_Status_Should_Return_Database_Statistics" storage="/home/runner/work/crud/crud/test/tests.integration.backend/bin/release/net8.0/tests.integration.backend.dll" id="9c4bd49d-31a4-6530-0f02-8fe23a54becf">
      <Execution id="5951afec-a94c-48b2-b2a8-a0f252511d6e" />
      <TestMethod codeBase="/home/runner/work/Crud/Crud/test/Tests.Integration.Backend/bin/Release/net8.0/Tests.Integration.Backend.dll" adapterTypeName="executor://xunit/VsTestRunner2/netcoreapp" className="Tests.Integration.Backend.Controllers.DatabaseControllerTests" name="GET_Database_Status_Should_Return_Database_Statistics" />
    </UnitTest>
    <UnitTest name="Tests.Integration.Backend.Controllers.WallsControllerTests.GET_Walls_Should_Return_All_Walls" storage="/home/runner/work/crud/crud/test/tests.integration.backend/bin/release/net8.0/tests.integration.backend.dll" id="e9e2b921-0a1d-aae8-34e0-f52557170fc1">
      <Execution id="637a2e1f-0f31-4647-acc3-2270a30b8e96" />
      <TestMethod codeBase="/home/runner/work/Crud/Crud/test/Tests.Integration.Backend/bin/Release/net8.0/Tests.Integration.Backend.dll" adapterTypeName="executor://xunit/VsTestRunner2/netcoreapp" className="Tests.Integration.Backend.Controllers.WallsControllerTests" name="GET_Walls_Should_Return_All_Walls" />
    </UnitTest>
    <UnitTest name="Tests.Integration.Backend.Controllers.AuthControllerTests.Protected_Endpoint_Should_Return_Unauthorized_Without_Token" storage="/home/runner/work/crud/crud/test/tests.integration.backend/bin/release/net8.0/tests.integration.backend.dll" id="4fb3036c-0d92-3b62-20b9-33331422414d">
      <Execution id="7eb048f6-d0dd-4eff-9862-5aa551a6c505" />
      <TestMethod codeBase="/home/runner/work/Crud/Crud/test/Tests.Integration.Backend/bin/Release/net8.0/Tests.Integration.Backend.dll" adapterTypeName="executor://xunit/VsTestRunner2/netcoreapp" className="Tests.Integration.Backend.Controllers.AuthControllerTests" name="Protected_Endpoint_Should_Return_Unauthorized_Without_Token" />
    </UnitTest>
    <UnitTest name="Tests.Integration.Backend.Controllers.ApiHealthTests.API_Should_Handle_Large_Payloads" storage="/home/runner/work/crud/crud/test/tests.integration.backend/bin/release/net8.0/tests.integration.backend.dll" id="aeaaee5e-bc09-54e8-9ec4-6c4cdf3ce87c">
      <Execution id="19842f64-2fe4-4b42-82fc-f17bc2c6353f" />
      <TestMethod codeBase="/home/runner/work/Crud/Crud/test/Tests.Integration.Backend/bin/Release/net8.0/Tests.Integration.Backend.dll" adapterTypeName="executor://xunit/VsTestRunner2/netcoreapp" className="Tests.Integration.Backend.Controllers.ApiHealthTests" name="API_Should_Handle_Large_Payloads" />
    </UnitTest>
    <UnitTest name="Tests.Integration.Backend.OutputCaching.OutputCachingConfigurationTests.OutputCaching_ShouldBeRegisteredInServices" storage="/home/runner/work/crud/crud/test/tests.integration.backend/bin/release/net8.0/tests.integration.backend.dll" id="3aa435ad-a9a4-65ee-4bc9-21f73753b103">
      <Execution id="c2fa0f0e-447a-4f87-9a33-2aac872ce2a1" />
      <TestMethod codeBase="/home/runner/work/Crud/Crud/test/Tests.Integration.Backend/bin/Release/net8.0/Tests.Integration.Backend.dll" adapterTypeName="executor://xunit/VsTestRunner2/netcoreapp" className="Tests.Integration.Backend.OutputCaching.OutputCachingConfigurationTests" name="OutputCaching_ShouldBeRegisteredInServices" />
    </UnitTest>
    <UnitTest name="Tests.Integration.Backend.Controllers.RolesControllerTests.DELETE_Role_Should_Remove_Existing_Role" storage="/home/runner/work/crud/crud/test/tests.integration.backend/bin/release/net8.0/tests.integration.backend.dll" id="58a8f096-af1a-ba52-8cf7-4f27a22072be">
      <Execution id="f8b2aaac-97eb-4bf2-b818-def786e31a82" />
      <TestMethod codeBase="/home/runner/work/Crud/Crud/test/Tests.Integration.Backend/bin/Release/net8.0/Tests.Integration.Backend.dll" adapterTypeName="executor://xunit/VsTestRunner2/netcoreapp" className="Tests.Integration.Backend.Controllers.RolesControllerTests" name="DELETE_Role_Should_Remove_Existing_Role" />
    </UnitTest>
    <UnitTest name="Tests.Integration.Backend.Compression.StaticFileCompressionTests.JsFile_ShouldBeCompressed_WhenClientSupportsGzip" storage="/home/runner/work/crud/crud/test/tests.integration.backend/bin/release/net8.0/tests.integration.backend.dll" id="3b2e3bce-af10-026c-a2ca-d924efcd601d">
      <Execution id="513ba134-ed9c-4794-9e7a-79336e985563" />
      <TestMethod codeBase="/home/runner/work/Crud/Crud/test/Tests.Integration.Backend/bin/Release/net8.0/Tests.Integration.Backend.dll" adapterTypeName="executor://xunit/VsTestRunner2/netcoreapp" className="Tests.Integration.Backend.Compression.StaticFileCompressionTests" name="JsFile_ShouldBeCompressed_WhenClientSupportsGzip" />
    </UnitTest>
    <UnitTest name="Tests.Integration.Backend.OutputCaching.OutputCachingTests.GetWindows_ShouldReturnConsistentResponses" storage="/home/runner/work/crud/crud/test/tests.integration.backend/bin/release/net8.0/tests.integration.backend.dll" id="53a7b40c-019b-3989-42c2-31ec0027eed1">
      <Execution id="183b9c82-170e-4478-8cf1-c67cef8024a7" />
      <TestMethod codeBase="/home/runner/work/Crud/Crud/test/Tests.Integration.Backend/bin/Release/net8.0/Tests.Integration.Backend.dll" adapterTypeName="executor://xunit/VsTestRunner2/netcoreapp" className="Tests.Integration.Backend.OutputCaching.OutputCachingTests" name="GetWindows_ShouldReturnConsistentResponses" />
    </UnitTest>
    <UnitTest name="Tests.Integration.Backend.Controllers.AuthControllerPasswordResetTests.POST_ValidateResetToken_WithInvalidToken_Should_Return_Invalid_Status" storage="/home/runner/work/crud/crud/test/tests.integration.backend/bin/release/net8.0/tests.integration.backend.dll" id="67c0dda5-90c3-5662-c072-7db17a34e9f0">
      <Execution id="bc212783-9bb5-409b-87ee-cdc8907b3273" />
      <TestMethod codeBase="/home/runner/work/Crud/Crud/test/Tests.Integration.Backend/bin/Release/net8.0/Tests.Integration.Backend.dll" adapterTypeName="executor://xunit/VsTestRunner2/netcoreapp" className="Tests.Integration.Backend.Controllers.AuthControllerPasswordResetTests" name="POST_ValidateResetToken_WithInvalidToken_Should_Return_Invalid_Status" />
    </UnitTest>
    <UnitTest name="Tests.Integration.Backend.Controllers.PeopleControllerTests.GET_People_By_Id_Should_Return_Specific_Person" storage="/home/runner/work/crud/crud/test/tests.integration.backend/bin/release/net8.0/tests.integration.backend.dll" id="cc1dc38d-e485-bd07-2880-7ffdde1c97ec">
      <Execution id="6a0d0159-2126-4ad6-b94c-4e88cf2536e0" />
      <TestMethod codeBase="/home/runner/work/Crud/Crud/test/Tests.Integration.Backend/bin/Release/net8.0/Tests.Integration.Backend.dll" adapterTypeName="executor://xunit/VsTestRunner2/netcoreapp" className="Tests.Integration.Backend.Controllers.PeopleControllerTests" name="GET_People_By_Id_Should_Return_Specific_Person" />
    </UnitTest>
    <UnitTest name="Tests.Integration.Backend.Compression.ResponseCompressionTests.ApiResponse_ShouldBeCompressed_WhenClientSupportsGzip" storage="/home/runner/work/crud/crud/test/tests.integration.backend/bin/release/net8.0/tests.integration.backend.dll" id="abfa73e9-0257-16cb-29aa-f2c99faf213f">
      <Execution id="7d70667e-7f8e-474c-9e90-fd7f24457ad9" />
      <TestMethod codeBase="/home/runner/work/Crud/Crud/test/Tests.Integration.Backend/bin/Release/net8.0/Tests.Integration.Backend.dll" adapterTypeName="executor://xunit/VsTestRunner2/netcoreapp" className="Tests.Integration.Backend.Compression.ResponseCompressionTests" name="ApiResponse_ShouldBeCompressed_WhenClientSupportsGzip" />
    </UnitTest>
    <UnitTest name="Tests.Integration.Backend.Controllers.RolesControllerTests.GET_Role_By_Id_Should_Return_Role_When_Exists" storage="/home/runner/work/crud/crud/test/tests.integration.backend/bin/release/net8.0/tests.integration.backend.dll" id="9805b897-cbb6-397d-b557-62afcb8b9211">
      <Execution id="92da1dd4-e3f2-44ed-8852-489079a6a1dd" />
      <TestMethod codeBase="/home/runner/work/Crud/Crud/test/Tests.Integration.Backend/bin/Release/net8.0/Tests.Integration.Backend.dll" adapterTypeName="executor://xunit/VsTestRunner2/netcoreapp" className="Tests.Integration.Backend.Controllers.RolesControllerTests" name="GET_Role_By_Id_Should_Return_Role_When_Exists" />
    </UnitTest>
    <UnitTest name="Tests.Integration.Backend.E2E.AuthenticationE2ETests.Concurrent_Requests_Should_Be_Handled_Properly" storage="/home/runner/work/crud/crud/test/tests.integration.backend/bin/release/net8.0/tests.integration.backend.dll" id="e883dfad-5803-12bb-5b1f-de2527fafd69">
      <Execution id="00353cf4-8c76-4432-b358-f4e4a99648ac" />
      <TestMethod codeBase="/home/runner/work/Crud/Crud/test/Tests.Integration.Backend/bin/Release/net8.0/Tests.Integration.Backend.dll" adapterTypeName="executor://xunit/VsTestRunner2/netcoreapp" className="Tests.Integration.Backend.E2E.AuthenticationE2ETests" name="Concurrent_Requests_Should_Be_Handled_Properly" />
    </UnitTest>
    <UnitTest name="Tests.Integration.Backend.OutputCaching.OutputCachingTests.GetWalls_ShouldReturnConsistentResponses" storage="/home/runner/work/crud/crud/test/tests.integration.backend/bin/release/net8.0/tests.integration.backend.dll" id="f48af067-4eb4-5a80-a058-995d81b9c49e">
      <Execution id="c1807b86-d4a4-4f92-9857-6993e0c8e43c" />
      <TestMethod codeBase="/home/runner/work/Crud/Crud/test/Tests.Integration.Backend/bin/Release/net8.0/Tests.Integration.Backend.dll" adapterTypeName="executor://xunit/VsTestRunner2/netcoreapp" className="Tests.Integration.Backend.OutputCaching.OutputCachingTests" name="GetWalls_ShouldReturnConsistentResponses" />
    </UnitTest>
    <UnitTest name="Tests.Integration.Backend.OutputCaching.CachingE2ETests.AllCachedEndpoints_ShouldReturnCacheHeaders(endpoint: &quot;/api/people&quot;)" storage="/home/runner/work/crud/crud/test/tests.integration.backend/bin/release/net8.0/tests.integration.backend.dll" id="74c46e58-3df7-a0cc-53b5-5247c5480908">
      <Execution id="e0650daf-8110-4f05-b7bc-e6b93dc74438" />
      <TestMethod codeBase="/home/runner/work/Crud/Crud/test/Tests.Integration.Backend/bin/Release/net8.0/Tests.Integration.Backend.dll" adapterTypeName="executor://xunit/VsTestRunner2/netcoreapp" className="Tests.Integration.Backend.OutputCaching.CachingE2ETests" name="AllCachedEndpoints_ShouldReturnCacheHeaders" />
    </UnitTest>
    <UnitTest name="Tests.Integration.Backend.Controllers.WallsControllerTests.DELETE_Wall_Should_Remove_Existing_Wall" storage="/home/runner/work/crud/crud/test/tests.integration.backend/bin/release/net8.0/tests.integration.backend.dll" id="a509d6b0-b691-0a3b-74c8-b5408578a6d5">
      <Execution id="fd4ba5ee-7145-47fb-b0d1-f4388ce91885" />
      <TestMethod codeBase="/home/runner/work/Crud/Crud/test/Tests.Integration.Backend/bin/Release/net8.0/Tests.Integration.Backend.dll" adapterTypeName="executor://xunit/VsTestRunner2/netcoreapp" className="Tests.Integration.Backend.Controllers.WallsControllerTests" name="DELETE_Wall_Should_Remove_Existing_Wall" />
    </UnitTest>
    <UnitTest name="Tests.Integration.Backend.E2E.AuthenticationE2ETests.Role_Based_Access_Should_Work" storage="/home/runner/work/crud/crud/test/tests.integration.backend/bin/release/net8.0/tests.integration.backend.dll" id="927ecc12-27fc-afb1-a7a2-a42476361110">
      <Execution id="88260b84-689c-4beb-b1e6-4de277ce1e3f" />
      <TestMethod codeBase="/home/runner/work/Crud/Crud/test/Tests.Integration.Backend/bin/Release/net8.0/Tests.Integration.Backend.dll" adapterTypeName="executor://xunit/VsTestRunner2/netcoreapp" className="Tests.Integration.Backend.E2E.AuthenticationE2ETests" name="Role_Based_Access_Should_Work" />
    </UnitTest>
    <UnitTest name="Tests.Integration.Backend.Controllers.PeopleControllerTests.GET_People_By_Id_Should_Return_404_For_NonExistent_Person" storage="/home/runner/work/crud/crud/test/tests.integration.backend/bin/release/net8.0/tests.integration.backend.dll" id="4e4996c7-f4bf-6a3f-b2c5-de38dd6676bb">
      <Execution id="fc162060-2b11-46fe-825a-0728e3d21703" />
      <TestMethod codeBase="/home/runner/work/Crud/Crud/test/Tests.Integration.Backend/bin/Release/net8.0/Tests.Integration.Backend.dll" adapterTypeName="executor://xunit/VsTestRunner2/netcoreapp" className="Tests.Integration.Backend.Controllers.PeopleControllerTests" name="GET_People_By_Id_Should_Return_404_For_NonExistent_Person" />
    </UnitTest>
    <UnitTest name="Tests.Integration.Backend.Controllers.DatabaseControllerTests.POST_Database_Seed_Should_Seed_Database_Successfully" storage="/home/runner/work/crud/crud/test/tests.integration.backend/bin/release/net8.0/tests.integration.backend.dll" id="f05cedeb-e83b-1e7e-3928-23724172eea5">
      <Execution id="1b82a3e9-363b-42f1-bf34-31bb606d9d25" />
      <TestMethod codeBase="/home/runner/work/Crud/Crud/test/Tests.Integration.Backend/bin/Release/net8.0/Tests.Integration.Backend.dll" adapterTypeName="executor://xunit/VsTestRunner2/netcoreapp" className="Tests.Integration.Backend.Controllers.DatabaseControllerTests" name="POST_Database_Seed_Should_Seed_Database_Successfully" />
    </UnitTest>
    <UnitTest name="Tests.Integration.Backend.OutputCaching.CachingE2ETests.AllCachedEndpoints_ShouldReturnCacheHeaders(endpoint: &quot;/api/roles&quot;)" storage="/home/runner/work/crud/crud/test/tests.integration.backend/bin/release/net8.0/tests.integration.backend.dll" id="6701ad16-b836-ee76-0566-4e5adb91c861">
      <Execution id="e7bdb6ff-66db-45ad-a3c3-36da4a684e0f" />
      <TestMethod codeBase="/home/runner/work/Crud/Crud/test/Tests.Integration.Backend/bin/Release/net8.0/Tests.Integration.Backend.dll" adapterTypeName="executor://xunit/VsTestRunner2/netcoreapp" className="Tests.Integration.Backend.OutputCaching.CachingE2ETests" name="AllCachedEndpoints_ShouldReturnCacheHeaders" />
    </UnitTest>
    <UnitTest name="Tests.Integration.Backend.Compression.StaticFileCompressionTests.CssFile_ShouldBeCompressed_WhenClientSupportsGzip" storage="/home/runner/work/crud/crud/test/tests.integration.backend/bin/release/net8.0/tests.integration.backend.dll" id="78d2062e-7c45-d260-f795-f1b53c418237">
      <Execution id="16396397-4c4a-4690-b711-57f858121b60" />
      <TestMethod codeBase="/home/runner/work/Crud/Crud/test/Tests.Integration.Backend/bin/Release/net8.0/Tests.Integration.Backend.dll" adapterTypeName="executor://xunit/VsTestRunner2/netcoreapp" className="Tests.Integration.Backend.Compression.StaticFileCompressionTests" name="CssFile_ShouldBeCompressed_WhenClientSupportsGzip" />
    </UnitTest>
    <UnitTest name="Tests.Integration.Backend.Controllers.PeopleControllerTests.GET_People_Should_Return_401_Without_Authentication" storage="/home/runner/work/crud/crud/test/tests.integration.backend/bin/release/net8.0/tests.integration.backend.dll" id="a6bb128b-1161-cbb2-5ff4-da08f9a71fbf">
      <Execution id="4772ba26-4a53-46f4-a009-c36e684c57d7" />
      <TestMethod codeBase="/home/runner/work/Crud/Crud/test/Tests.Integration.Backend/bin/Release/net8.0/Tests.Integration.Backend.dll" adapterTypeName="executor://xunit/VsTestRunner2/netcoreapp" className="Tests.Integration.Backend.Controllers.PeopleControllerTests" name="GET_People_Should_Return_401_Without_Authentication" />
    </UnitTest>
    <UnitTest name="Tests.Integration.Backend.Controllers.AuthControllerTests.POST_Logout_Should_Revoke_RefreshToken" storage="/home/runner/work/crud/crud/test/tests.integration.backend/bin/release/net8.0/tests.integration.backend.dll" id="d4d4848b-8d11-cc53-4c2f-7b3836864b98">
      <Execution id="9267bc9d-b8c2-4ac4-8625-aa7a69c006e2" />
      <TestMethod codeBase="/home/runner/work/Crud/Crud/test/Tests.Integration.Backend/bin/Release/net8.0/Tests.Integration.Backend.dll" adapterTypeName="executor://xunit/VsTestRunner2/netcoreapp" className="Tests.Integration.Backend.Controllers.AuthControllerTests" name="POST_Logout_Should_Revoke_RefreshToken" />
    </UnitTest>
    <UnitTest name="Tests.Integration.Backend.Controllers.WindowsControllerTests.PUT_Window_Should_Return_404_When_Not_Exists" storage="/home/runner/work/crud/crud/test/tests.integration.backend/bin/release/net8.0/tests.integration.backend.dll" id="41b359b4-fccb-bafc-c2ca-d65a5df61c20">
      <Execution id="0507d654-a487-45c0-a10b-3f4536b66d72" />
      <TestMethod codeBase="/home/runner/work/Crud/Crud/test/Tests.Integration.Backend/bin/Release/net8.0/Tests.Integration.Backend.dll" adapterTypeName="executor://xunit/VsTestRunner2/netcoreapp" className="Tests.Integration.Backend.Controllers.WindowsControllerTests" name="PUT_Window_Should_Return_404_When_Not_Exists" />
    </UnitTest>
    <UnitTest name="Tests.Integration.Backend.Controllers.AuthControllerTests.POST_Login_Should_Return_Tokens_For_Valid_Credentials" storage="/home/runner/work/crud/crud/test/tests.integration.backend/bin/release/net8.0/tests.integration.backend.dll" id="53592f08-0da7-0cd5-09c9-a1ba0d87949c">
      <Execution id="b591c50b-aade-4248-b39e-bdaec2302fe0" />
      <TestMethod codeBase="/home/runner/work/Crud/Crud/test/Tests.Integration.Backend/bin/Release/net8.0/Tests.Integration.Backend.dll" adapterTypeName="executor://xunit/VsTestRunner2/netcoreapp" className="Tests.Integration.Backend.Controllers.AuthControllerTests" name="POST_Login_Should_Return_Tokens_For_Valid_Credentials" />
    </UnitTest>
    <UnitTest name="Tests.Integration.Backend.E2E.AuthenticationE2ETests.Complete_Authentication_Flow_Should_Work_End_To_End" storage="/home/runner/work/crud/crud/test/tests.integration.backend/bin/release/net8.0/tests.integration.backend.dll" id="46cfbc2c-72c5-516f-bca0-390b42b51d43">
      <Execution id="e8fbfc60-5b85-419d-9157-dfff85073b2e" />
      <TestMethod codeBase="/home/runner/work/Crud/Crud/test/Tests.Integration.Backend/bin/Release/net8.0/Tests.Integration.Backend.dll" adapterTypeName="executor://xunit/VsTestRunner2/netcoreapp" className="Tests.Integration.Backend.E2E.AuthenticationE2ETests" name="Complete_Authentication_Flow_Should_Work_End_To_End" />
    </UnitTest>
    <UnitTest name="Tests.Integration.Backend.Controllers.ApiHealthTests.API_Should_Handle_Invalid_HTTP_Methods" storage="/home/runner/work/crud/crud/test/tests.integration.backend/bin/release/net8.0/tests.integration.backend.dll" id="47dc67ee-ce10-2cea-0c24-ab118e917beb">
      <Execution id="1a01b493-fcc8-4ee3-afbd-5dd05a8cd224" />
      <TestMethod codeBase="/home/runner/work/Crud/Crud/test/Tests.Integration.Backend/bin/Release/net8.0/Tests.Integration.Backend.dll" adapterTypeName="executor://xunit/VsTestRunner2/netcoreapp" className="Tests.Integration.Backend.Controllers.ApiHealthTests" name="API_Should_Handle_Invalid_HTTP_Methods" />
    </UnitTest>
    <UnitTest name="Tests.Integration.Backend.Controllers.WindowsControllerTests.GET_Window_By_Id_Should_Return_Window_When_Exists" storage="/home/runner/work/crud/crud/test/tests.integration.backend/bin/release/net8.0/tests.integration.backend.dll" id="fd587af6-8ac9-79bb-4579-c4177d8d0828">
      <Execution id="c99aaf83-c3a5-4be5-a762-2ec008396e40" />
      <TestMethod codeBase="/home/runner/work/Crud/Crud/test/Tests.Integration.Backend/bin/Release/net8.0/Tests.Integration.Backend.dll" adapterTypeName="executor://xunit/VsTestRunner2/netcoreapp" className="Tests.Integration.Backend.Controllers.WindowsControllerTests" name="GET_Window_By_Id_Should_Return_Window_When_Exists" />
    </UnitTest>
    <UnitTest name="Tests.Integration.Backend.Controllers.AuthControllerPasswordResetTests.POST_ResetPassword_WithWeakPassword_Should_Return_Error" storage="/home/runner/work/crud/crud/test/tests.integration.backend/bin/release/net8.0/tests.integration.backend.dll" id="7810a33a-ed10-21b4-237d-f07ca1a37883">
      <Execution id="5a4c4dc7-0f80-4352-a1bd-459f71fd3ea7" />
      <TestMethod codeBase="/home/runner/work/Crud/Crud/test/Tests.Integration.Backend/bin/Release/net8.0/Tests.Integration.Backend.dll" adapterTypeName="executor://xunit/VsTestRunner2/netcoreapp" className="Tests.Integration.Backend.Controllers.AuthControllerPasswordResetTests" name="POST_ResetPassword_WithWeakPassword_Should_Return_Error" />
    </UnitTest>
    <UnitTest name="Tests.Integration.Backend.Controllers.WallsControllerTests.Walls_Should_Persist_Timestamps_Correctly" storage="/home/runner/work/crud/crud/test/tests.integration.backend/bin/release/net8.0/tests.integration.backend.dll" id="a4e7fe1d-8462-8e20-a217-708cdc9d8f6a">
      <Execution id="893b8218-cf67-42d8-bfeb-6abc58bf5be8" />
      <TestMethod codeBase="/home/runner/work/Crud/Crud/test/Tests.Integration.Backend/bin/Release/net8.0/Tests.Integration.Backend.dll" adapterTypeName="executor://xunit/VsTestRunner2/netcoreapp" className="Tests.Integration.Backend.Controllers.WallsControllerTests" name="Walls_Should_Persist_Timestamps_Correctly" />
    </UnitTest>
    <UnitTest name="Tests.Integration.Backend.OutputCaching.CacheInvalidationTests.PostPerson_ShouldInvalidateListCache" storage="/home/runner/work/crud/crud/test/tests.integration.backend/bin/release/net8.0/tests.integration.backend.dll" id="1a8b33fa-e8e7-c5c8-b527-0b5fd94498f4">
      <Execution id="7578c0ca-0eec-4dc3-b129-936bceabd9d2" />
      <TestMethod codeBase="/home/runner/work/Crud/Crud/test/Tests.Integration.Backend/bin/Release/net8.0/Tests.Integration.Backend.dll" adapterTypeName="executor://xunit/VsTestRunner2/netcoreapp" className="Tests.Integration.Backend.OutputCaching.CacheInvalidationTests" name="PostPerson_ShouldInvalidateListCache" />
    </UnitTest>
    <UnitTest name="Tests.Integration.Backend.Controllers.WindowsControllerTests.Windows_Should_Persist_Energy_Efficiency_Data" storage="/home/runner/work/crud/crud/test/tests.integration.backend/bin/release/net8.0/tests.integration.backend.dll" id="5d6d527c-ff6b-65d9-2afb-cc1214f1f646">
      <Execution id="4a010c90-fba6-4a30-9980-d647f84fe52a" />
      <TestMethod codeBase="/home/runner/work/Crud/Crud/test/Tests.Integration.Backend/bin/Release/net8.0/Tests.Integration.Backend.dll" adapterTypeName="executor://xunit/VsTestRunner2/netcoreapp" className="Tests.Integration.Backend.Controllers.WindowsControllerTests" name="Windows_Should_Persist_Energy_Efficiency_Data" />
    </UnitTest>
    <UnitTest name="Tests.Integration.Backend.Controllers.WindowsControllerTests.GET_Window_By_Id_Should_Return_404_When_Not_Exists" storage="/home/runner/work/crud/crud/test/tests.integration.backend/bin/release/net8.0/tests.integration.backend.dll" id="494ff55a-87c7-5f37-d44c-a6dbdeeb90c7">
      <Execution id="d2607339-1650-4f77-9c22-8989d7b01e89" />
      <TestMethod codeBase="/home/runner/work/Crud/Crud/test/Tests.Integration.Backend/bin/Release/net8.0/Tests.Integration.Backend.dll" adapterTypeName="executor://xunit/VsTestRunner2/netcoreapp" className="Tests.Integration.Backend.Controllers.WindowsControllerTests" name="GET_Window_By_Id_Should_Return_404_When_Not_Exists" />
    </UnitTest>
    <UnitTest name="Tests.Integration.Backend.Controllers.RolesControllerTests.POST_Roles_Should_Create_Role_And_Return_201" storage="/home/runner/work/crud/crud/test/tests.integration.backend/bin/release/net8.0/tests.integration.backend.dll" id="dc3d8a1b-91eb-4926-ce54-153010e68cad">
      <Execution id="ad923d7f-ba81-4463-ac15-a3347cce954e" />
      <TestMethod codeBase="/home/runner/work/Crud/Crud/test/Tests.Integration.Backend/bin/Release/net8.0/Tests.Integration.Backend.dll" adapterTypeName="executor://xunit/VsTestRunner2/netcoreapp" className="Tests.Integration.Backend.Controllers.RolesControllerTests" name="POST_Roles_Should_Create_Role_And_Return_201" />
    </UnitTest>
    <UnitTest name="Tests.Integration.Backend.Controllers.WallsControllerTests.DELETE_Wall_Should_Return_204_When_Not_Exists" storage="/home/runner/work/crud/crud/test/tests.integration.backend/bin/release/net8.0/tests.integration.backend.dll" id="dc62b2c0-66b3-fee4-dcd7-e086c4c46187">
      <Execution id="215e8bb8-3ea2-4873-abb4-0bc225e6b2e7" />
      <TestMethod codeBase="/home/runner/work/Crud/Crud/test/Tests.Integration.Backend/bin/Release/net8.0/Tests.Integration.Backend.dll" adapterTypeName="executor://xunit/VsTestRunner2/netcoreapp" className="Tests.Integration.Backend.Controllers.WallsControllerTests" name="DELETE_Wall_Should_Return_204_When_Not_Exists" />
    </UnitTest>
    <UnitTest name="Tests.Integration.Backend.Compression.ResponseCompressionTests.ApiResponse_ShouldBeCompressed_WhenClientSupportsBrotli" storage="/home/runner/work/crud/crud/test/tests.integration.backend/bin/release/net8.0/tests.integration.backend.dll" id="8feb6ba1-0aea-ccd4-705a-a363165ab119">
      <Execution id="79cd3624-04ea-4720-882c-db209c6ce507" />
      <TestMethod codeBase="/home/runner/work/Crud/Crud/test/Tests.Integration.Backend/bin/Release/net8.0/Tests.Integration.Backend.dll" adapterTypeName="executor://xunit/VsTestRunner2/netcoreapp" className="Tests.Integration.Backend.Compression.ResponseCompressionTests" name="ApiResponse_ShouldBeCompressed_WhenClientSupportsBrotli" />
    </UnitTest>
    <UnitTest name="Tests.Integration.Backend.Controllers.ApiHealthTests.API_Should_Return_JSON_Content_Type" storage="/home/runner/work/crud/crud/test/tests.integration.backend/bin/release/net8.0/tests.integration.backend.dll" id="96921323-114c-162a-b25a-d2db1a76a43f">
      <Execution id="dd5ff1ca-157a-405d-8daf-6a96fec08b48" />
      <TestMethod codeBase="/home/runner/work/Crud/Crud/test/Tests.Integration.Backend/bin/Release/net8.0/Tests.Integration.Backend.dll" adapterTypeName="executor://xunit/VsTestRunner2/netcoreapp" className="Tests.Integration.Backend.Controllers.ApiHealthTests" name="API_Should_Return_JSON_Content_Type" />
    </UnitTest>
    <UnitTest name="Tests.Integration.Backend.Controllers.AuthControllerTests.Protected_Endpoint_Should_Return_OK_With_Valid_Token" storage="/home/runner/work/crud/crud/test/tests.integration.backend/bin/release/net8.0/tests.integration.backend.dll" id="bc66b42a-da4a-96c7-2103-52f52cf67ffd">
      <Execution id="badcbb63-1c40-4c6c-b590-3f1fccce48bd" />
      <TestMethod codeBase="/home/runner/work/Crud/Crud/test/Tests.Integration.Backend/bin/Release/net8.0/Tests.Integration.Backend.dll" adapterTypeName="executor://xunit/VsTestRunner2/netcoreapp" className="Tests.Integration.Backend.Controllers.AuthControllerTests" name="Protected_Endpoint_Should_Return_OK_With_Valid_Token" />
    </UnitTest>
    <UnitTest name="Tests.Integration.Backend.Compression.StaticFileCompressionTests.CompressedStaticFiles_ShouldHaveVaryHeader" storage="/home/runner/work/crud/crud/test/tests.integration.backend/bin/release/net8.0/tests.integration.backend.dll" id="dd89f673-671f-182c-819f-0c99c5f63d13">
      <Execution id="34731f99-ff11-422b-867c-62a9b8560287" />
      <TestMethod codeBase="/home/runner/work/Crud/Crud/test/Tests.Integration.Backend/bin/Release/net8.0/Tests.Integration.Backend.dll" adapterTypeName="executor://xunit/VsTestRunner2/netcoreapp" className="Tests.Integration.Backend.Compression.StaticFileCompressionTests" name="CompressedStaticFiles_ShouldHaveVaryHeader" />
    </UnitTest>
    <UnitTest name="Tests.Integration.Backend.OutputCaching.ConditionalRequestTests.GetRequest_WithIfModifiedSince_ShouldReturn304_WhenNotModified" storage="/home/runner/work/crud/crud/test/tests.integration.backend/bin/release/net8.0/tests.integration.backend.dll" id="97379147-d8b9-39e9-e5ac-c96169fc4948">
      <Execution id="885cc9d5-28bd-42c2-a5cd-f12b46e97f05" />
      <TestMethod codeBase="/home/runner/work/Crud/Crud/test/Tests.Integration.Backend/bin/Release/net8.0/Tests.Integration.Backend.dll" adapterTypeName="executor://xunit/VsTestRunner2/netcoreapp" className="Tests.Integration.Backend.OutputCaching.ConditionalRequestTests" name="GetRequest_WithIfModifiedSince_ShouldReturn304_WhenNotModified" />
    </UnitTest>
    <UnitTest name="Tests.Integration.Backend.Controllers.ApiHealthTests.All_Controllers_Should_Be_Accessible(endpoint: &quot;/api/people&quot;)" storage="/home/runner/work/crud/crud/test/tests.integration.backend/bin/release/net8.0/tests.integration.backend.dll" id="06054800-c7da-a693-e1d3-d81d35d825c2">
      <Execution id="76f3723a-db8a-4434-9814-85e149e8d8a1" />
      <TestMethod codeBase="/home/runner/work/Crud/Crud/test/Tests.Integration.Backend/bin/Release/net8.0/Tests.Integration.Backend.dll" adapterTypeName="executor://xunit/VsTestRunner2/netcoreapp" className="Tests.Integration.Backend.Controllers.ApiHealthTests" name="All_Controllers_Should_Be_Accessible" />
    </UnitTest>
    <UnitTest name="Tests.Integration.Backend.Controllers.RolesControllerTests.Roles_Should_Persist_Across_Requests" storage="/home/runner/work/crud/crud/test/tests.integration.backend/bin/release/net8.0/tests.integration.backend.dll" id="4fd1e2d8-0d90-8547-c5f7-6f4689c0269c">
      <Execution id="6e054d2e-f1ae-4ba3-ba83-0ad21f0a10e0" />
      <TestMethod codeBase="/home/runner/work/Crud/Crud/test/Tests.Integration.Backend/bin/Release/net8.0/Tests.Integration.Backend.dll" adapterTypeName="executor://xunit/VsTestRunner2/netcoreapp" className="Tests.Integration.Backend.Controllers.RolesControllerTests" name="Roles_Should_Persist_Across_Requests" />
    </UnitTest>
    <UnitTest name="Tests.Integration.Backend.Controllers.ApiHealthTests.API_Should_Handle_Malformed_JSON" storage="/home/runner/work/crud/crud/test/tests.integration.backend/bin/release/net8.0/tests.integration.backend.dll" id="9fb85c0b-c781-4485-f6e0-88690963221a">
      <Execution id="2ddb920a-36f6-4fa2-8e8d-b47ea032b7a4" />
      <TestMethod codeBase="/home/runner/work/Crud/Crud/test/Tests.Integration.Backend/bin/Release/net8.0/Tests.Integration.Backend.dll" adapterTypeName="executor://xunit/VsTestRunner2/netcoreapp" className="Tests.Integration.Backend.Controllers.ApiHealthTests" name="API_Should_Handle_Malformed_JSON" />
    </UnitTest>
    <UnitTest name="Tests.Integration.Backend.OutputCaching.OutputCachingConfigurationTests.OutputCaching_ShouldHaveNamedPolicies" storage="/home/runner/work/crud/crud/test/tests.integration.backend/bin/release/net8.0/tests.integration.backend.dll" id="02f305ed-30cd-4399-cb1c-75d62f144801">
      <Execution id="f1a22cb1-37c0-4a48-80f4-b6ef7e8515d3" />
      <TestMethod codeBase="/home/runner/work/Crud/Crud/test/Tests.Integration.Backend/bin/Release/net8.0/Tests.Integration.Backend.dll" adapterTypeName="executor://xunit/VsTestRunner2/netcoreapp" className="Tests.Integration.Backend.OutputCaching.OutputCachingConfigurationTests" name="OutputCaching_ShouldHaveNamedPolicies" />
    </UnitTest>
    <UnitTest name="Tests.Integration.Backend.Controllers.ApiHealthTests.All_Endpoints_Should_Support_Expected_HTTP_Methods(method: &quot;GET&quot;, endpoint: &quot;/api/windows&quot;)" storage="/home/runner/work/crud/crud/test/tests.integration.backend/bin/release/net8.0/tests.integration.backend.dll" id="aaddc149-d8b9-e302-ef68-034ece67c17b">
      <Execution id="6cffba61-cf43-4e85-bdc5-2253d743f36f" />
      <TestMethod codeBase="/home/runner/work/Crud/Crud/test/Tests.Integration.Backend/bin/Release/net8.0/Tests.Integration.Backend.dll" adapterTypeName="executor://xunit/VsTestRunner2/netcoreapp" className="Tests.Integration.Backend.Controllers.ApiHealthTests" name="All_Endpoints_Should_Support_Expected_HTTP_Methods" />
    </UnitTest>
    <UnitTest name="Tests.Integration.Backend.Controllers.AuthControllerTests.POST_Register_Should_Create_User_And_Return_Tokens" storage="/home/runner/work/crud/crud/test/tests.integration.backend/bin/release/net8.0/tests.integration.backend.dll" id="17dbb37c-0ae3-4711-733a-8ec5b81611d9">
      <Execution id="55ba40c3-4acb-4377-bcbd-d9577fa3e46b" />
      <TestMethod codeBase="/home/runner/work/Crud/Crud/test/Tests.Integration.Backend/bin/Release/net8.0/Tests.Integration.Backend.dll" adapterTypeName="executor://xunit/VsTestRunner2/netcoreapp" className="Tests.Integration.Backend.Controllers.AuthControllerTests" name="POST_Register_Should_Create_User_And_Return_Tokens" />
    </UnitTest>
    <UnitTest name="Tests.Integration.Backend.Compression.StaticFileCompressionTests.StaticFiles_ShouldHaveCorrectContentTypes" storage="/home/runner/work/crud/crud/test/tests.integration.backend/bin/release/net8.0/tests.integration.backend.dll" id="fce1fb25-ab7d-1dd5-5d83-ba39255b0e9a">
      <Execution id="ca943963-7147-4b99-b095-d28852443465" />
      <TestMethod codeBase="/home/runner/work/Crud/Crud/test/Tests.Integration.Backend/bin/Release/net8.0/Tests.Integration.Backend.dll" adapterTypeName="executor://xunit/VsTestRunner2/netcoreapp" className="Tests.Integration.Backend.Compression.StaticFileCompressionTests" name="StaticFiles_ShouldHaveCorrectContentTypes" />
    </UnitTest>
    <UnitTest name="Tests.Integration.Backend.OutputCaching.CachingE2ETests.CacheInvalidation_ShouldWorkAcrossEntities" storage="/home/runner/work/crud/crud/test/tests.integration.backend/bin/release/net8.0/tests.integration.backend.dll" id="19212179-02a1-0bfe-fef4-7e3682270e04">
      <Execution id="35e87fd4-66a7-4800-b84e-abf895c46d9c" />
      <TestMethod codeBase="/home/runner/work/Crud/Crud/test/Tests.Integration.Backend/bin/Release/net8.0/Tests.Integration.Backend.dll" adapterTypeName="executor://xunit/VsTestRunner2/netcoreapp" className="Tests.Integration.Backend.OutputCaching.CachingE2ETests" name="CacheInvalidation_ShouldWorkAcrossEntities" />
    </UnitTest>
    <UnitTest name="Tests.Integration.Backend.Controllers.ApiHealthTests.All_Endpoints_Should_Support_Expected_HTTP_Methods(method: &quot;POST&quot;, endpoint: &quot;/api/windows&quot;)" storage="/home/runner/work/crud/crud/test/tests.integration.backend/bin/release/net8.0/tests.integration.backend.dll" id="1089b26f-11d1-1b14-2fb8-2326613cba50">
      <Execution id="3e786926-a5e1-4d4e-aa60-82d42b724d96" />
      <TestMethod codeBase="/home/runner/work/Crud/Crud/test/Tests.Integration.Backend/bin/Release/net8.0/Tests.Integration.Backend.dll" adapterTypeName="executor://xunit/VsTestRunner2/netcoreapp" className="Tests.Integration.Backend.Controllers.ApiHealthTests" name="All_Endpoints_Should_Support_Expected_HTTP_Methods" />
    </UnitTest>
    <UnitTest name="Tests.Integration.Backend.OutputCaching.CachingE2ETests.AllCachedEndpoints_ShouldReturnCacheHeaders(endpoint: &quot;/api/windows&quot;)" storage="/home/runner/work/crud/crud/test/tests.integration.backend/bin/release/net8.0/tests.integration.backend.dll" id="585749df-18b6-91ed-3a17-d18e3a118780">
      <Execution id="fe0d3c87-b306-43a4-954a-b52282897a67" />
      <TestMethod codeBase="/home/runner/work/Crud/Crud/test/Tests.Integration.Backend/bin/Release/net8.0/Tests.Integration.Backend.dll" adapterTypeName="executor://xunit/VsTestRunner2/netcoreapp" className="Tests.Integration.Backend.OutputCaching.CachingE2ETests" name="AllCachedEndpoints_ShouldReturnCacheHeaders" />
    </UnitTest>
    <UnitTest name="Tests.Integration.Backend.Controllers.WallsControllerTests.POST_Walls_Should_Return_400_For_Invalid_Data" storage="/home/runner/work/crud/crud/test/tests.integration.backend/bin/release/net8.0/tests.integration.backend.dll" id="39e1ba24-0a2a-e8f7-d815-046e06e37c3f">
      <Execution id="b088ca7a-31ee-475d-b91e-a112cece313d" />
      <TestMethod codeBase="/home/runner/work/Crud/Crud/test/Tests.Integration.Backend/bin/Release/net8.0/Tests.Integration.Backend.dll" adapterTypeName="executor://xunit/VsTestRunner2/netcoreapp" className="Tests.Integration.Backend.Controllers.WallsControllerTests" name="POST_Walls_Should_Return_400_For_Invalid_Data" />
    </UnitTest>
    <UnitTest name="Tests.Integration.Backend.Controllers.ApiHealthTests.All_Controllers_Should_Be_Accessible(endpoint: &quot;/api/windows&quot;)" storage="/home/runner/work/crud/crud/test/tests.integration.backend/bin/release/net8.0/tests.integration.backend.dll" id="516b5511-ab51-be62-9f5e-ce253f082ce3">
      <Execution id="2a1e6531-87f0-4758-8052-342239047af2" />
      <TestMethod codeBase="/home/runner/work/Crud/Crud/test/Tests.Integration.Backend/bin/Release/net8.0/Tests.Integration.Backend.dll" adapterTypeName="executor://xunit/VsTestRunner2/netcoreapp" className="Tests.Integration.Backend.Controllers.ApiHealthTests" name="All_Controllers_Should_Be_Accessible" />
    </UnitTest>
    <UnitTest name="Tests.Integration.Backend.Controllers.PeopleControllerTests.DELETE_People_Should_Return_204_For_NonExistent_Person" storage="/home/runner/work/crud/crud/test/tests.integration.backend/bin/release/net8.0/tests.integration.backend.dll" id="3ae9a197-02ed-3bf8-219d-823a522da5f1">
      <Execution id="e0bbb03a-0e25-49ec-a8e1-0d80eaf5c4d2" />
      <TestMethod codeBase="/home/runner/work/Crud/Crud/test/Tests.Integration.Backend/bin/Release/net8.0/Tests.Integration.Backend.dll" adapterTypeName="executor://xunit/VsTestRunner2/netcoreapp" className="Tests.Integration.Backend.Controllers.PeopleControllerTests" name="DELETE_People_Should_Return_204_For_NonExistent_Person" />
    </UnitTest>
    <UnitTest name="Tests.Integration.Backend.E2E.AuthenticationE2ETests.Login_Should_Fail_With_Invalid_Credentials" storage="/home/runner/work/crud/crud/test/tests.integration.backend/bin/release/net8.0/tests.integration.backend.dll" id="ca246cb1-0b00-e31f-8cae-0e70703e829e">
      <Execution id="5c9c0394-6c6e-48d8-8188-f87b240419d8" />
      <TestMethod codeBase="/home/runner/work/Crud/Crud/test/Tests.Integration.Backend/bin/Release/net8.0/Tests.Integration.Backend.dll" adapterTypeName="executor://xunit/VsTestRunner2/netcoreapp" className="Tests.Integration.Backend.E2E.AuthenticationE2ETests" name="Login_Should_Fail_With_Invalid_Credentials" />
    </UnitTest>
    <UnitTest name="Tests.Integration.Backend.Controllers.RolesControllerTests.GET_Roles_Should_Return_Empty_List_Initially" storage="/home/runner/work/crud/crud/test/tests.integration.backend/bin/release/net8.0/tests.integration.backend.dll" id="59c1b068-0fcd-d32e-da01-b21421cb74d4">
      <Execution id="968c14c4-c729-4d76-98a6-5944d947e663" />
      <TestMethod codeBase="/home/runner/work/Crud/Crud/test/Tests.Integration.Backend/bin/Release/net8.0/Tests.Integration.Backend.dll" adapterTypeName="executor://xunit/VsTestRunner2/netcoreapp" className="Tests.Integration.Backend.Controllers.RolesControllerTests" name="GET_Roles_Should_Return_Empty_List_Initially" />
    </UnitTest>
    <UnitTest name="Tests.Integration.Backend.Controllers.AuthControllerPasswordResetTests.Complete_Password_Reset_Workflow_Should_Work" storage="/home/runner/work/crud/crud/test/tests.integration.backend/bin/release/net8.0/tests.integration.backend.dll" id="55dddd7e-5762-c034-d77c-c5f90ba94706">
      <Execution id="d2c43362-ad41-46ff-811b-517d20688d5b" />
      <TestMethod codeBase="/home/runner/work/Crud/Crud/test/Tests.Integration.Backend/bin/Release/net8.0/Tests.Integration.Backend.dll" adapterTypeName="executor://xunit/VsTestRunner2/netcoreapp" className="Tests.Integration.Backend.Controllers.AuthControllerPasswordResetTests" name="Complete_Password_Reset_Workflow_Should_Work" />
    </UnitTest>
    <UnitTest name="Tests.Integration.Backend.Controllers.WindowsControllerTests.GET_Windows_Should_Return_All_Windows" storage="/home/runner/work/crud/crud/test/tests.integration.backend/bin/release/net8.0/tests.integration.backend.dll" id="d9ffd841-a3fd-b913-e8c1-55347431d17d">
      <Execution id="5a9bcac0-a01e-4dd2-b282-96808c6c8b72" />
      <TestMethod codeBase="/home/runner/work/Crud/Crud/test/Tests.Integration.Backend/bin/Release/net8.0/Tests.Integration.Backend.dll" adapterTypeName="executor://xunit/VsTestRunner2/netcoreapp" className="Tests.Integration.Backend.Controllers.WindowsControllerTests" name="GET_Windows_Should_Return_All_Windows" />
    </UnitTest>
    <UnitTest name="Tests.Integration.Backend.Controllers.DatabaseControllerTests.POST_Database_Reset_Should_Return_Unauthorized_Without_Valid_Token" storage="/home/runner/work/crud/crud/test/tests.integration.backend/bin/release/net8.0/tests.integration.backend.dll" id="b5dacbe5-c50b-ea4a-e128-040bd713ffe8">
      <Execution id="fb38a5b1-06e1-4bd3-ae5a-a6a92ce414ed" />
      <TestMethod codeBase="/home/runner/work/Crud/Crud/test/Tests.Integration.Backend/bin/Release/net8.0/Tests.Integration.Backend.dll" adapterTypeName="executor://xunit/VsTestRunner2/netcoreapp" className="Tests.Integration.Backend.Controllers.DatabaseControllerTests" name="POST_Database_Reset_Should_Return_Unauthorized_Without_Valid_Token" />
    </UnitTest>
    <UnitTest name="Tests.Integration.Backend.Controllers.AuthControllerPasswordResetTests.POST_ResetPassword_WithInvalidToken_Should_Return_Error" storage="/home/runner/work/crud/crud/test/tests.integration.backend/bin/release/net8.0/tests.integration.backend.dll" id="87f4b6f2-4d01-15e3-8fa0-456f1577e608">
      <Execution id="1658c6e6-879a-4742-ac35-0f9ed6f00799" />
      <TestMethod codeBase="/home/runner/work/Crud/Crud/test/Tests.Integration.Backend/bin/Release/net8.0/Tests.Integration.Backend.dll" adapterTypeName="executor://xunit/VsTestRunner2/netcoreapp" className="Tests.Integration.Backend.Controllers.AuthControllerPasswordResetTests" name="POST_ResetPassword_WithInvalidToken_Should_Return_Error" />
    </UnitTest>
    <UnitTest name="Tests.Integration.Backend.Controllers.RolesControllerTests.POST_Role_Should_Handle_Null_Description" storage="/home/runner/work/crud/crud/test/tests.integration.backend/bin/release/net8.0/tests.integration.backend.dll" id="48288144-3004-3fb6-5971-16808e53c3e3">
      <Execution id="ee3ab392-759f-4d5f-9598-fe6cc359c829" />
      <TestMethod codeBase="/home/runner/work/Crud/Crud/test/Tests.Integration.Backend/bin/Release/net8.0/Tests.Integration.Backend.dll" adapterTypeName="executor://xunit/VsTestRunner2/netcoreapp" className="Tests.Integration.Backend.Controllers.RolesControllerTests" name="POST_Role_Should_Handle_Null_Description" />
    </UnitTest>
    <UnitTest name="Tests.Integration.Backend.Controllers.DatabaseControllerTests.GET_Database_VerifyIntegrity_Should_Return_Integrity_Check_Result" storage="/home/runner/work/crud/crud/test/tests.integration.backend/bin/release/net8.0/tests.integration.backend.dll" id="ff9b3969-a7f6-2222-47ce-4595f8d0cb7e">
      <Execution id="9574f0c0-4603-46fc-a7fd-d34bacf386f9" />
      <TestMethod codeBase="/home/runner/work/Crud/Crud/test/Tests.Integration.Backend/bin/Release/net8.0/Tests.Integration.Backend.dll" adapterTypeName="executor://xunit/VsTestRunner2/netcoreapp" className="Tests.Integration.Backend.Controllers.DatabaseControllerTests" name="GET_Database_VerifyIntegrity_Should_Return_Integrity_Check_Result" />
    </UnitTest>
    <UnitTest name="Tests.Integration.Backend.Controllers.ApiHealthTests.All_Endpoints_Should_Support_Expected_HTTP_Methods(method: &quot;POST&quot;, endpoint: &quot;/api/walls&quot;)" storage="/home/runner/work/crud/crud/test/tests.integration.backend/bin/release/net8.0/tests.integration.backend.dll" id="5fe2d973-b7ff-5b61-b9d0-9afdc13b9ebf">
      <Execution id="5f36af85-8803-4a39-8a90-8d85f9edf76c" />
      <TestMethod codeBase="/home/runner/work/Crud/Crud/test/Tests.Integration.Backend/bin/Release/net8.0/Tests.Integration.Backend.dll" adapterTypeName="executor://xunit/VsTestRunner2/netcoreapp" className="Tests.Integration.Backend.Controllers.ApiHealthTests" name="All_Endpoints_Should_Support_Expected_HTTP_Methods" />
    </UnitTest>
    <UnitTest name="Tests.Integration.Backend.Compression.ResponseCompressionTests.HttpsResponse_ShouldSupportCompression" storage="/home/runner/work/crud/crud/test/tests.integration.backend/bin/release/net8.0/tests.integration.backend.dll" id="d0fa0570-460f-ec62-156b-5af9612d66a8">
      <Execution id="1482642b-6698-480c-b85d-e3b54df97c06" />
      <TestMethod codeBase="/home/runner/work/Crud/Crud/test/Tests.Integration.Backend/bin/Release/net8.0/Tests.Integration.Backend.dll" adapterTypeName="executor://xunit/VsTestRunner2/netcoreapp" className="Tests.Integration.Backend.Compression.ResponseCompressionTests" name="HttpsResponse_ShouldSupportCompression" />
    </UnitTest>
    <UnitTest name="Tests.Integration.Backend.Controllers.DatabaseControllerTests.POST_Database_Reset_Should_Reset_Database_With_Valid_Token" storage="/home/runner/work/crud/crud/test/tests.integration.backend/bin/release/net8.0/tests.integration.backend.dll" id="b669f2ae-31fe-37d1-6d74-8de9a66812e1">
      <Execution id="a54aedc9-083c-499e-8a30-1cbae2ee0259" />
      <TestMethod codeBase="/home/runner/work/Crud/Crud/test/Tests.Integration.Backend/bin/Release/net8.0/Tests.Integration.Backend.dll" adapterTypeName="executor://xunit/VsTestRunner2/netcoreapp" className="Tests.Integration.Backend.Controllers.DatabaseControllerTests" name="POST_Database_Reset_Should_Reset_Database_With_Valid_Token" />
    </UnitTest>
    <UnitTest name="Tests.Integration.Backend.OutputCaching.CachingE2ETests.CachePerformance_ShouldShowSignificantImprovement" storage="/home/runner/work/crud/crud/test/tests.integration.backend/bin/release/net8.0/tests.integration.backend.dll" id="de79744e-fb76-44fa-6422-be59e037cde5">
      <Execution id="5d8b2a7d-8081-45df-898f-eff8fed8594c" />
      <TestMethod codeBase="/home/runner/work/Crud/Crud/test/Tests.Integration.Backend/bin/Release/net8.0/Tests.Integration.Backend.dll" adapterTypeName="executor://xunit/VsTestRunner2/netcoreapp" className="Tests.Integration.Backend.OutputCaching.CachingE2ETests" name="CachePerformance_ShouldShowSignificantImprovement" />
    </UnitTest>
    <UnitTest name="Tests.Integration.Backend.OutputCaching.CacheInvalidationTests.PostWall_ShouldInvalidateWallsCache" storage="/home/runner/work/crud/crud/test/tests.integration.backend/bin/release/net8.0/tests.integration.backend.dll" id="7ad6cdf7-78b9-6f08-7531-fe00a6e266bc">
      <Execution id="cba3dfca-ee1f-48f4-b4cf-8a51d39d341a" />
      <TestMethod codeBase="/home/runner/work/Crud/Crud/test/Tests.Integration.Backend/bin/Release/net8.0/Tests.Integration.Backend.dll" adapterTypeName="executor://xunit/VsTestRunner2/netcoreapp" className="Tests.Integration.Backend.OutputCaching.CacheInvalidationTests" name="PostWall_ShouldInvalidateWallsCache" />
    </UnitTest>
    <UnitTest name="Tests.Integration.Backend.Compression.StaticFileCompressionTests.CssFile_ShouldBeCompressed_WhenClientSupportsBrotli" storage="/home/runner/work/crud/crud/test/tests.integration.backend/bin/release/net8.0/tests.integration.backend.dll" id="f6484c9f-d44d-28f7-583b-e91d4b7f5382">
      <Execution id="89e5bced-4be4-4c4d-8859-1f331966fcf7" />
      <TestMethod codeBase="/home/runner/work/Crud/Crud/test/Tests.Integration.Backend/bin/Release/net8.0/Tests.Integration.Backend.dll" adapterTypeName="executor://xunit/VsTestRunner2/netcoreapp" className="Tests.Integration.Backend.Compression.StaticFileCompressionTests" name="CssFile_ShouldBeCompressed_WhenClientSupportsBrotli" />
    </UnitTest>
    <UnitTest name="Tests.Integration.Backend.OutputCaching.CachingE2ETests.ConcurrentRequests_ShouldBeCachedEfficiently" storage="/home/runner/work/crud/crud/test/tests.integration.backend/bin/release/net8.0/tests.integration.backend.dll" id="fb20298c-4879-8f71-4e88-e39a0110f3e6">
      <Execution id="38d16732-cc46-4938-b572-7f799c46db21" />
      <TestMethod codeBase="/home/runner/work/Crud/Crud/test/Tests.Integration.Backend/bin/Release/net8.0/Tests.Integration.Backend.dll" adapterTypeName="executor://xunit/VsTestRunner2/netcoreapp" className="Tests.Integration.Backend.OutputCaching.CachingE2ETests" name="ConcurrentRequests_ShouldBeCachedEfficiently" />
    </UnitTest>
  </TestDefinitions>
  <TestEntries>
    <TestEntry testId="fd587af6-8ac9-79bb-4579-c4177d8d0828" executionId="c99aaf83-c3a5-4be5-a762-2ec008396e40" testListId="8c84fa94-04c1-424b-9868-57a2d4851a1d" />
    <TestEntry testId="41853896-8f31-97ce-b78f-41cf4c24e045" executionId="020debb1-c10e-4fc8-a14f-e5c2effe3a0a" testListId="8c84fa94-04c1-424b-9868-57a2d4851a1d" />
    <TestEntry testId="a46a2a4d-c658-0cec-efdf-8b3a220df306" executionId="e17b4919-3834-4703-b764-b41f5f5ae8c5" testListId="8c84fa94-04c1-424b-9868-57a2d4851a1d" />
    <TestEntry testId="39e1ba24-0a2a-e8f7-d815-046e06e37c3f" executionId="b088ca7a-31ee-475d-b91e-a112cece313d" testListId="8c84fa94-04c1-424b-9868-57a2d4851a1d" />
    <TestEntry testId="78d2062e-7c45-d260-f795-f1b53c418237" executionId="16396397-4c4a-4690-b711-57f858121b60" testListId="8c84fa94-04c1-424b-9868-57a2d4851a1d" />
    <TestEntry testId="d9ffd841-a3fd-b913-e8c1-55347431d17d" executionId="5a9bcac0-a01e-4dd2-b282-96808c6c8b72" testListId="8c84fa94-04c1-424b-9868-57a2d4851a1d" />
    <TestEntry testId="3ae9a197-02ed-3bf8-219d-823a522da5f1" executionId="e0bbb03a-0e25-49ec-a8e1-0d80eaf5c4d2" testListId="8c84fa94-04c1-424b-9868-57a2d4851a1d" />
    <TestEntry testId="42775960-58e6-9486-14ff-996dea311598" executionId="08789e12-57d3-422a-8fd1-120a504edb23" testListId="8c84fa94-04c1-424b-9868-57a2d4851a1d" />
    <TestEntry testId="79e70e1e-8075-8996-1211-c6d54a3d9ffa" executionId="e62e9b35-675a-4c5f-a81f-8017f774bd4e" testListId="8c84fa94-04c1-424b-9868-57a2d4851a1d" />
    <TestEntry testId="28caa8d5-c8a9-c82d-9ea0-c02736f0dfd9" executionId="7d85d930-dc7b-4555-acd3-6eeaacb5e5e1" testListId="8c84fa94-04c1-424b-9868-57a2d4851a1d" />
    <TestEntry testId="de79744e-fb76-44fa-6422-be59e037cde5" executionId="5d8b2a7d-8081-45df-898f-eff8fed8594c" testListId="8c84fa94-04c1-424b-9868-57a2d4851a1d" />
    <TestEntry testId="46cfbc2c-72c5-516f-bca0-390b42b51d43" executionId="e8fbfc60-5b85-419d-9157-dfff85073b2e" testListId="8c84fa94-04c1-424b-9868-57a2d4851a1d" />
    <TestEntry testId="20da3b3a-c531-7fe5-3776-1e7b0c6c1d26" executionId="54a949d1-5726-4471-8112-29428510c891" testListId="8c84fa94-04c1-424b-9868-57a2d4851a1d" />
    <TestEntry testId="cca41772-191f-0a82-bb6f-ddd4fb32e2c7" executionId="c2a42f47-be59-4a57-ba66-be006e80a981" testListId="8c84fa94-04c1-424b-9868-57a2d4851a1d" />
    <TestEntry testId="9525fcd3-b949-7544-779c-3d3500ebec99" executionId="e906d4c8-8350-4e95-b874-db1bb1fa857a" testListId="8c84fa94-04c1-424b-9868-57a2d4851a1d" />
    <TestEntry testId="47dc67ee-ce10-2cea-0c24-ab118e917beb" executionId="1a01b493-fcc8-4ee3-afbd-5dd05a8cd224" testListId="8c84fa94-04c1-424b-9868-57a2d4851a1d" />
    <TestEntry testId="297d158e-047c-5612-bd99-21893c5634e4" executionId="e131e6d2-7b9e-4bb4-85e5-57694be1ac4e" testListId="8c84fa94-04c1-424b-9868-57a2d4851a1d" />
    <TestEntry testId="dc62b2c0-66b3-fee4-dcd7-e086c4c46187" executionId="215e8bb8-3ea2-4873-abb4-0bc225e6b2e7" testListId="8c84fa94-04c1-424b-9868-57a2d4851a1d" />
    <TestEntry testId="f7bc3491-94dd-b6b9-3778-9c1a4322e7be" executionId="02729cf3-d49d-407e-84d4-dfbfe96cb793" testListId="8c84fa94-04c1-424b-9868-57a2d4851a1d" />
    <TestEntry testId="3f2238c8-a9eb-4aa1-b9fa-c736db0a92cb" executionId="03039318-9773-4b86-ae6d-82ce45c2dc9a" testListId="8c84fa94-04c1-424b-9868-57a2d4851a1d" />
    <TestEntry testId="3a855c55-b695-d057-ad6f-34eef0eb2eae" executionId="4ac97077-780d-42df-ac9d-20169541cf2a" testListId="8c84fa94-04c1-424b-9868-57a2d4851a1d" />
    <TestEntry testId="5915cbaf-7ed1-cbfd-2c81-4746833e58cd" executionId="da13fdd4-482b-4de8-a7df-f941c9160fe7" testListId="8c84fa94-04c1-424b-9868-57a2d4851a1d" />
    <TestEntry testId="d4d4848b-8d11-cc53-4c2f-7b3836864b98" executionId="9267bc9d-b8c2-4ac4-8625-aa7a69c006e2" testListId="8c84fa94-04c1-424b-9868-57a2d4851a1d" />
    <TestEntry testId="1c428206-078b-ef8a-981a-72b75853f6ff" executionId="dceca16a-19ed-4c75-b824-1a2a84697e38" testListId="8c84fa94-04c1-424b-9868-57a2d4851a1d" />
    <TestEntry testId="a607d0ef-948b-6788-8be8-6f42840aa828" executionId="26f85e58-8e63-455c-9fe5-4bac040050e1" testListId="8c84fa94-04c1-424b-9868-57a2d4851a1d" />
    <TestEntry testId="7ad6cdf7-78b9-6f08-7531-fe00a6e266bc" executionId="cba3dfca-ee1f-48f4-b4cf-8a51d39d341a" testListId="8c84fa94-04c1-424b-9868-57a2d4851a1d" />
    <TestEntry testId="59c1b068-0fcd-d32e-da01-b21421cb74d4" executionId="968c14c4-c729-4d76-98a6-5944d947e663" testListId="8c84fa94-04c1-424b-9868-57a2d4851a1d" />
    <TestEntry testId="b7695dc8-52d4-1e66-b81e-a27de7f041fc" executionId="da3c2a30-857c-4331-8155-3e93ad7bed93" testListId="8c84fa94-04c1-424b-9868-57a2d4851a1d" />
    <TestEntry testId="24b020ea-ff8d-51dc-4354-4d878d866f45" executionId="a08fbdc0-b2d9-42b8-b88e-92d61c1ebd5e" testListId="8c84fa94-04c1-424b-9868-57a2d4851a1d" />
    <TestEntry testId="9fb85c0b-c781-4485-f6e0-88690963221a" executionId="2ddb920a-36f6-4fa2-8e8d-b47ea032b7a4" testListId="8c84fa94-04c1-424b-9868-57a2d4851a1d" />
    <TestEntry testId="6ab30ede-2d43-e3c2-d85a-058d5fd2dee1" executionId="318fd6b6-02cd-4741-9986-8cb34c043c33" testListId="8c84fa94-04c1-424b-9868-57a2d4851a1d" />
    <TestEntry testId="1dbf163c-bf18-d62c-e932-92ef9d3bc71a" executionId="1cb99365-c60d-4f5d-a219-0fb54a6315c5" testListId="8c84fa94-04c1-424b-9868-57a2d4851a1d" />
    <TestEntry testId="74823db9-4157-34a3-9710-5272b5fb4159" executionId="7814c1da-59a5-4d4b-9474-b9fa42a29199" testListId="8c84fa94-04c1-424b-9868-57a2d4851a1d" />
    <TestEntry testId="0853ac09-c300-33d5-e3a7-a607360126ba" executionId="66cfb903-d7dd-48b6-8bd6-c82f9c3a5fa7" testListId="8c84fa94-04c1-424b-9868-57a2d4851a1d" />
    <TestEntry testId="20b78283-04d3-fc47-1574-93af6fec32ea" executionId="c7edfe55-7eef-465b-8e0d-d818c544b940" testListId="8c84fa94-04c1-424b-9868-57a2d4851a1d" />
    <TestEntry testId="bc4ebe26-634c-986e-8a8c-e92c2437e06a" executionId="7d9c8145-eea5-4518-8903-244083ecd812" testListId="8c84fa94-04c1-424b-9868-57a2d4851a1d" />
    <TestEntry testId="41b3b4e1-06a8-534f-90a6-fb2576f3807d" executionId="3af534e8-adc0-4a41-8594-2fcd76b7c56d" testListId="8c84fa94-04c1-424b-9868-57a2d4851a1d" />
    <TestEntry testId="e9e2b921-0a1d-aae8-34e0-f52557170fc1" executionId="637a2e1f-0f31-4647-acc3-2270a30b8e96" testListId="8c84fa94-04c1-424b-9868-57a2d4851a1d" />
    <TestEntry testId="d513fe07-1dc8-1c74-2c21-98142b85dcfb" executionId="3a9fa24d-1c66-4dcd-99e9-8b4b76748330" testListId="8c84fa94-04c1-424b-9868-57a2d4851a1d" />
    <TestEntry testId="2e2345f0-0d5a-ea86-479d-222f77025a6a" executionId="d993dab2-0e41-4c7d-82ce-333e907056dd" testListId="8c84fa94-04c1-424b-9868-57a2d4851a1d" />
    <TestEntry testId="696a1e18-7066-ca21-55a7-645fa8e1a26a" executionId="42851c88-5c74-4792-abb9-3e4cc342aa00" testListId="8c84fa94-04c1-424b-9868-57a2d4851a1d" />
    <TestEntry testId="8feb6ba1-0aea-ccd4-705a-a363165ab119" executionId="79cd3624-04ea-4720-882c-db209c6ce507" testListId="8c84fa94-04c1-424b-9868-57a2d4851a1d" />
    <TestEntry testId="dc3d8a1b-91eb-4926-ce54-153010e68cad" executionId="ad923d7f-ba81-4463-ac15-a3347cce954e" testListId="8c84fa94-04c1-424b-9868-57a2d4851a1d" />
    <TestEntry testId="60d93c6a-68de-f18d-ead0-561ac4ded916" executionId="98b6ea51-e60d-4bdd-b4a0-0a8362cb1ea6" testListId="8c84fa94-04c1-424b-9868-57a2d4851a1d" />
    <TestEntry testId="9805b897-cbb6-397d-b557-62afcb8b9211" executionId="92da1dd4-e3f2-44ed-8852-489079a6a1dd" testListId="8c84fa94-04c1-424b-9868-57a2d4851a1d" />
    <TestEntry testId="3ff5fdb0-8488-3e48-6905-fa8bdf7eaa4c" executionId="e21921ac-4750-4fa5-b9a4-5fc8c72ccbdf" testListId="8c84fa94-04c1-424b-9868-57a2d4851a1d" />
    <TestEntry testId="89abbdd3-2d4a-032e-64a6-9a76add4cdf5" executionId="73ca157c-0fd0-4309-8a25-f9db5841002b" testListId="8c84fa94-04c1-424b-9868-57a2d4851a1d" />
    <TestEntry testId="55dddd7e-5762-c034-d77c-c5f90ba94706" executionId="d2c43362-ad41-46ff-811b-517d20688d5b" testListId="8c84fa94-04c1-424b-9868-57a2d4851a1d" />
    <TestEntry testId="47bac687-f373-0ca2-6e08-37ce4bb5fb7e" executionId="257fb228-402d-41df-afeb-e29149eb7487" testListId="8c84fa94-04c1-424b-9868-57a2d4851a1d" />
    <TestEntry testId="87f4b6f2-4d01-15e3-8fa0-456f1577e608" executionId="1658c6e6-879a-4742-ac35-0f9ed6f00799" testListId="8c84fa94-04c1-424b-9868-57a2d4851a1d" />
    <TestEntry testId="74c46e58-3df7-a0cc-53b5-5247c5480908" executionId="e0650daf-8110-4f05-b7bc-e6b93dc74438" testListId="8c84fa94-04c1-424b-9868-57a2d4851a1d" />
    <TestEntry testId="c1e9fd41-ccc9-89c1-34d7-2e348277c312" executionId="bf1e8494-0367-4231-b169-31a620e11948" testListId="8c84fa94-04c1-424b-9868-57a2d4851a1d" />
    <TestEntry testId="06054800-c7da-a693-e1d3-d81d35d825c2" executionId="76f3723a-db8a-4434-9814-85e149e8d8a1" testListId="8c84fa94-04c1-424b-9868-57a2d4851a1d" />
    <TestEntry testId="67c0dda5-90c3-5662-c072-7db17a34e9f0" executionId="bc212783-9bb5-409b-87ee-cdc8907b3273" testListId="8c84fa94-04c1-424b-9868-57a2d4851a1d" />
    <TestEntry testId="1089b26f-11d1-1b14-2fb8-2326613cba50" executionId="3e786926-a5e1-4d4e-aa60-82d42b724d96" testListId="8c84fa94-04c1-424b-9868-57a2d4851a1d" />
    <TestEntry testId="5d6d527c-ff6b-65d9-2afb-cc1214f1f646" executionId="4a010c90-fba6-4a30-9980-d647f84fe52a" testListId="8c84fa94-04c1-424b-9868-57a2d4851a1d" />
    <TestEntry testId="f05cedeb-e83b-1e7e-3928-23724172eea5" executionId="1b82a3e9-363b-42f1-bf34-31bb606d9d25" testListId="8c84fa94-04c1-424b-9868-57a2d4851a1d" />
    <TestEntry testId="53592f08-0da7-0cd5-09c9-a1ba0d87949c" executionId="b591c50b-aade-4248-b39e-bdaec2302fe0" testListId="8c84fa94-04c1-424b-9868-57a2d4851a1d" />
    <TestEntry testId="fb20298c-4879-8f71-4e88-e39a0110f3e6" executionId="38d16732-cc46-4938-b572-7f799c46db21" testListId="8c84fa94-04c1-424b-9868-57a2d4851a1d" />
    <TestEntry testId="9f4c88b5-75b1-89cf-0e7e-8e0e67eff9e0" executionId="21c1875b-5413-4501-9d5b-acf446160933" testListId="8c84fa94-04c1-424b-9868-57a2d4851a1d" />
    <TestEntry testId="97379147-d8b9-39e9-e5ac-c96169fc4948" executionId="885cc9d5-28bd-42c2-a5cd-f12b46e97f05" testListId="8c84fa94-04c1-424b-9868-57a2d4851a1d" />
    <TestEntry testId="4b80b6dd-af6e-92d9-97c9-a8c31eb301db" executionId="9f5443da-7500-427f-b9b4-91f960c975f5" testListId="8c84fa94-04c1-424b-9868-57a2d4851a1d" />
    <TestEntry testId="437f9b9e-301b-15b7-f72b-040911d1fd97" executionId="964ea9b8-b65e-4aed-9dcc-012a4cb1003a" testListId="8c84fa94-04c1-424b-9868-57a2d4851a1d" />
    <TestEntry testId="0dfe4e62-1a92-361e-05c3-42444e197ce6" executionId="34d0d5aa-3912-4f43-a4a3-740051eb51f3" testListId="8c84fa94-04c1-424b-9868-57a2d4851a1d" />
    <TestEntry testId="17dbb37c-0ae3-4711-733a-8ec5b81611d9" executionId="55ba40c3-4acb-4377-bcbd-d9577fa3e46b" testListId="8c84fa94-04c1-424b-9868-57a2d4851a1d" />
    <TestEntry testId="70e1a820-63f2-9d05-e43e-21258bccb063" executionId="1aa2e166-b48c-4bb7-8f48-52742bdfbd31" testListId="8c84fa94-04c1-424b-9868-57a2d4851a1d" />
    <TestEntry testId="a509d6b0-b691-0a3b-74c8-b5408578a6d5" executionId="fd4ba5ee-7145-47fb-b0d1-f4388ce91885" testListId="8c84fa94-04c1-424b-9868-57a2d4851a1d" />
    <TestEntry testId="f746e85d-5530-5c7f-8b39-c9d23cfa24b9" executionId="b06f373d-ac14-4b13-a4fe-fe62f8dd39b0" testListId="8c84fa94-04c1-424b-9868-57a2d4851a1d" />
    <TestEntry testId="585749df-18b6-91ed-3a17-d18e3a118780" executionId="fe0d3c87-b306-43a4-954a-b52282897a67" testListId="8c84fa94-04c1-424b-9868-57a2d4851a1d" />
    <TestEntry testId="53a7b40c-019b-3989-42c2-31ec0027eed1" executionId="183b9c82-170e-4478-8cf1-c67cef8024a7" testListId="8c84fa94-04c1-424b-9868-57a2d4851a1d" />
    <TestEntry testId="19212179-02a1-0bfe-fef4-7e3682270e04" executionId="35e87fd4-66a7-4800-b84e-abf895c46d9c" testListId="8c84fa94-04c1-424b-9868-57a2d4851a1d" />
    <TestEntry testId="8e410b3f-ed9f-5189-87a9-0a81e42ccd93" executionId="6f580605-1435-4ecc-b7d9-b544faacb6b7" testListId="8c84fa94-04c1-424b-9868-57a2d4851a1d" />
    <TestEntry testId="a4e7fe1d-8462-8e20-a217-708cdc9d8f6a" executionId="893b8218-cf67-42d8-bfeb-6abc58bf5be8" testListId="8c84fa94-04c1-424b-9868-57a2d4851a1d" />
    <TestEntry testId="a5770765-4612-4372-f1a9-727a017fca24" executionId="3b44ad50-c7c9-4b6b-94b1-8bcf9b072e2b" testListId="8c84fa94-04c1-424b-9868-57a2d4851a1d" />
    <TestEntry testId="b669f2ae-31fe-37d1-6d74-8de9a66812e1" executionId="a54aedc9-083c-499e-8a30-1cbae2ee0259" testListId="8c84fa94-04c1-424b-9868-57a2d4851a1d" />
    <TestEntry testId="76fbe764-5e84-e751-cc4c-187af70eca54" executionId="3eab8c5f-5e45-4828-9163-870ec86b9289" testListId="8c84fa94-04c1-424b-9868-57a2d4851a1d" />
    <TestEntry testId="4fb3036c-0d92-3b62-20b9-33331422414d" executionId="7eb048f6-d0dd-4eff-9862-5aa551a6c505" testListId="8c84fa94-04c1-424b-9868-57a2d4851a1d" />
    <TestEntry testId="927ecc12-27fc-afb1-a7a2-a42476361110" executionId="88260b84-689c-4beb-b1e6-4de277ce1e3f" testListId="8c84fa94-04c1-424b-9868-57a2d4851a1d" />
    <TestEntry testId="8231f168-9927-9d00-f91d-f5006f875a5b" executionId="314b7df4-f347-493d-80fc-eee609a1a9f1" testListId="8c84fa94-04c1-424b-9868-57a2d4851a1d" />
    <TestEntry testId="98463f55-b92d-02fc-1e9d-e879206d0dbe" executionId="f2664dc5-8dcc-469f-a343-ec64d93e47f9" testListId="8c84fa94-04c1-424b-9868-57a2d4851a1d" />
    <TestEntry testId="a0e7a1c4-1639-53f1-ce02-5d2f760332a2" executionId="0b7b40c6-0499-4625-8338-4a19681a03c2" testListId="8c84fa94-04c1-424b-9868-57a2d4851a1d" />
    <TestEntry testId="abfa73e9-0257-16cb-29aa-f2c99faf213f" executionId="7d70667e-7f8e-474c-9e90-fd7f24457ad9" testListId="8c84fa94-04c1-424b-9868-57a2d4851a1d" />
    <TestEntry testId="3c12eda2-b3ce-445c-ab96-ec2f1aa7f5f7" executionId="33df00c7-3f6a-4209-93d8-ca26b455ea69" testListId="8c84fa94-04c1-424b-9868-57a2d4851a1d" />
    <TestEntry testId="9624bd8d-101a-a0f9-4e88-2b9292a1caad" executionId="d22f8e7f-4014-4852-b9cc-f4e141144090" testListId="8c84fa94-04c1-424b-9868-57a2d4851a1d" />
    <TestEntry testId="f6484c9f-d44d-28f7-583b-e91d4b7f5382" executionId="89e5bced-4be4-4c4d-8859-1f331966fcf7" testListId="8c84fa94-04c1-424b-9868-57a2d4851a1d" />
    <TestEntry testId="7bc10e4f-5a04-518e-0136-35873081b204" executionId="629689c9-0001-4b6c-b9d0-88e64885adda" testListId="8c84fa94-04c1-424b-9868-57a2d4851a1d" />
    <TestEntry testId="7810a33a-ed10-21b4-237d-f07ca1a37883" executionId="5a4c4dc7-0f80-4352-a1bd-459f71fd3ea7" testListId="8c84fa94-04c1-424b-9868-57a2d4851a1d" />
    <TestEntry testId="58d6d3e1-eb4b-146c-6475-5a89377fd38d" executionId="70ce35ac-aa81-4755-b25b-c09853d003ef" testListId="8c84fa94-04c1-424b-9868-57a2d4851a1d" />
    <TestEntry testId="d43526e9-cec8-6f67-27fe-2d630de644f9" executionId="88924a37-322c-413d-986f-2b9dcc46ef27" testListId="8c84fa94-04c1-424b-9868-57a2d4851a1d" />
    <TestEntry testId="9be21e93-9fc5-d98c-6abd-02370621f63e" executionId="2de22233-7c5c-4110-9a76-b90cf5c40217" testListId="8c84fa94-04c1-424b-9868-57a2d4851a1d" />
    <TestEntry testId="3c9c11b5-6967-f47a-cfd8-d22458fa9229" executionId="1951f20b-f64c-414f-acab-6650f538abad" testListId="8c84fa94-04c1-424b-9868-57a2d4851a1d" />
    <TestEntry testId="aeaaee5e-bc09-54e8-9ec4-6c4cdf3ce87c" executionId="19842f64-2fe4-4b42-82fc-f17bc2c6353f" testListId="8c84fa94-04c1-424b-9868-57a2d4851a1d" />
    <TestEntry testId="bc66b42a-da4a-96c7-2103-52f52cf67ffd" executionId="badcbb63-1c40-4c6c-b590-3f1fccce48bd" testListId="8c84fa94-04c1-424b-9868-57a2d4851a1d" />
    <TestEntry testId="7ef81c0c-3038-9435-7857-ab17f80f7cdb" executionId="9dbe4f34-dad4-4523-934a-fadace2f171f" testListId="8c84fa94-04c1-424b-9868-57a2d4851a1d" />
    <TestEntry testId="f8a89fdf-3bc2-915a-c2bf-5b68e643a78c" executionId="c6b3cb76-0492-4fa3-bdf9-ee0ee2d895fe" testListId="8c84fa94-04c1-424b-9868-57a2d4851a1d" />
    <TestEntry testId="34d6d731-abe6-2c2d-f525-44f047db1777" executionId="734bc151-0dc4-4098-858f-bf161b235652" testListId="8c84fa94-04c1-424b-9868-57a2d4851a1d" />
    <TestEntry testId="0786cd9f-2220-51d9-4156-4d742eda00d4" executionId="b3a11959-1838-478d-8cec-0113aa71a7fb" testListId="8c84fa94-04c1-424b-9868-57a2d4851a1d" />
    <TestEntry testId="4e4996c7-f4bf-6a3f-b2c5-de38dd6676bb" executionId="fc162060-2b11-46fe-825a-0728e3d21703" testListId="8c84fa94-04c1-424b-9868-57a2d4851a1d" />
    <TestEntry testId="cc336df8-b701-eea1-c754-b46ee3091b03" executionId="0ec52a24-8302-4611-b1bc-c5a2cfce11f3" testListId="8c84fa94-04c1-424b-9868-57a2d4851a1d" />
    <TestEntry testId="e883dfad-5803-12bb-5b1f-de2527fafd69" executionId="00353cf4-8c76-4432-b358-f4e4a99648ac" testListId="8c84fa94-04c1-424b-9868-57a2d4851a1d" />
    <TestEntry testId="aaddc149-d8b9-e302-ef68-034ece67c17b" executionId="6cffba61-cf43-4e85-bdc5-2253d743f36f" testListId="8c84fa94-04c1-424b-9868-57a2d4851a1d" />
    <TestEntry testId="3115f456-ece1-1790-9284-157082a1d43c" executionId="08d04531-9189-410b-b066-0cecd1984e8f" testListId="8c84fa94-04c1-424b-9868-57a2d4851a1d" />
    <TestEntry testId="e4619fb0-2f02-c154-40bc-f54ee36b9b38" executionId="c0c1ea0d-f9ac-4706-b9fc-c3655b083fea" testListId="8c84fa94-04c1-424b-9868-57a2d4851a1d" />
    <TestEntry testId="48288144-3004-3fb6-5971-16808e53c3e3" executionId="ee3ab392-759f-4d5f-9598-fe6cc359c829" testListId="8c84fa94-04c1-424b-9868-57a2d4851a1d" />
    <TestEntry testId="1a8b33fa-e8e7-c5c8-b527-0b5fd94498f4" executionId="7578c0ca-0eec-4dc3-b129-936bceabd9d2" testListId="8c84fa94-04c1-424b-9868-57a2d4851a1d" />
    <TestEntry testId="6701ad16-b836-ee76-0566-4e5adb91c861" executionId="e7bdb6ff-66db-45ad-a3c3-36da4a684e0f" testListId="8c84fa94-04c1-424b-9868-57a2d4851a1d" />
    <TestEntry testId="5ba1ea2b-a035-33f8-2d26-2c5753c3433e" executionId="fef61cd1-6959-473c-9cc5-69d6a34f8589" testListId="8c84fa94-04c1-424b-9868-57a2d4851a1d" />
    <TestEntry testId="d0fa0570-460f-ec62-156b-5af9612d66a8" executionId="1482642b-6698-480c-b85d-e3b54df97c06" testListId="8c84fa94-04c1-424b-9868-57a2d4851a1d" />
    <TestEntry testId="e3433c1d-41f7-b660-a894-db56a9b283f4" executionId="0ebc9bd8-f0cb-4801-804f-cc25f709bc0c" testListId="8c84fa94-04c1-424b-9868-57a2d4851a1d" />
    <TestEntry testId="d52400d3-aadd-aa81-a16e-1863a2b50655" executionId="31031396-da9c-4c04-8eaa-174a6073755d" testListId="8c84fa94-04c1-424b-9868-57a2d4851a1d" />
    <TestEntry testId="3b2e3bce-af10-026c-a2ca-d924efcd601d" executionId="513ba134-ed9c-4794-9e7a-79336e985563" testListId="8c84fa94-04c1-424b-9868-57a2d4851a1d" />
    <TestEntry testId="25c388e9-4416-bcb2-f5bb-f92fe28b725a" executionId="2444af08-6530-4031-ae14-f2eb9157c3e7" testListId="8c84fa94-04c1-424b-9868-57a2d4851a1d" />
    <TestEntry testId="cbf0626f-7167-adff-b20c-96cc3cdf6ce9" executionId="275f9aa3-9289-4c9d-87bf-ed61025e12cc" testListId="8c84fa94-04c1-424b-9868-57a2d4851a1d" />
    <TestEntry testId="a52f36e0-aa87-4104-3036-3d7d9607f688" executionId="a8e8345b-b250-47b8-8d7b-7456a890790e" testListId="8c84fa94-04c1-424b-9868-57a2d4851a1d" />
    <TestEntry testId="cf8a559d-45fb-9221-5781-06292f54735a" executionId="c1238377-2402-40d6-a98b-859d47f77c55" testListId="8c84fa94-04c1-424b-9868-57a2d4851a1d" />
    <TestEntry testId="60dfb5c8-db46-6bbb-f8af-46af1d350941" executionId="23af8791-7b33-4da9-bf73-6b6d26d21e8a" testListId="8c84fa94-04c1-424b-9868-57a2d4851a1d" />
    <TestEntry testId="60a682be-767f-9c17-a43b-33d1adbef252" executionId="c066a096-46d5-4710-a867-140a16d5e1d7" testListId="8c84fa94-04c1-424b-9868-57a2d4851a1d" />
    <TestEntry testId="01f8b1a1-47e4-68c0-8cf3-4a745a731823" executionId="5b748680-135c-411a-b6c5-ab4ebf9657c7" testListId="8c84fa94-04c1-424b-9868-57a2d4851a1d" />
    <TestEntry testId="dfaed238-70c1-ab80-405a-08edfd13c1ba" executionId="b40767f7-48e5-4f0e-a76f-f0e5291f7f7e" testListId="8c84fa94-04c1-424b-9868-57a2d4851a1d" />
    <TestEntry testId="96921323-114c-162a-b25a-d2db1a76a43f" executionId="dd5ff1ca-157a-405d-8daf-6a96fec08b48" testListId="8c84fa94-04c1-424b-9868-57a2d4851a1d" />
    <TestEntry testId="575d783b-dbc0-13f3-17de-767c6d0c6111" executionId="8280a504-00af-4f51-8bb5-d031386f3f60" testListId="8c84fa94-04c1-424b-9868-57a2d4851a1d" />
    <TestEntry testId="3a356b3b-e4e2-4f05-db20-65ad8602bd3c" executionId="0be414b5-13d6-45c4-ae8a-c1a8ca960064" testListId="8c84fa94-04c1-424b-9868-57a2d4851a1d" />
    <TestEntry testId="03a14d36-6f95-8492-bfd4-a25fff2f6772" executionId="80188698-cc25-4987-bb15-bb9690e1d64f" testListId="8c84fa94-04c1-424b-9868-57a2d4851a1d" />
    <TestEntry testId="5128edc8-60ad-8628-2a75-9feb9f8f888b" executionId="bfd10007-9e75-42fd-b5df-d1970f88e950" testListId="8c84fa94-04c1-424b-9868-57a2d4851a1d" />
    <TestEntry testId="58a8f096-af1a-ba52-8cf7-4f27a22072be" executionId="f8b2aaac-97eb-4bf2-b818-def786e31a82" testListId="8c84fa94-04c1-424b-9868-57a2d4851a1d" />
    <TestEntry testId="d818e0b1-081a-89e5-4910-f245961c9079" executionId="578024e1-d572-485d-bf9c-1ec45a7bc7f3" testListId="8c84fa94-04c1-424b-9868-57a2d4851a1d" />
    <TestEntry testId="f06ae6c9-50ad-cafd-2eae-e83fde29317d" executionId="58e64f98-ca70-409d-8fff-e82520234b17" testListId="8c84fa94-04c1-424b-9868-57a2d4851a1d" />
    <TestEntry testId="41b359b4-fccb-bafc-c2ca-d65a5df61c20" executionId="0507d654-a487-45c0-a10b-3f4536b66d72" testListId="8c84fa94-04c1-424b-9868-57a2d4851a1d" />
    <TestEntry testId="ab17e4f5-654f-3749-a1be-206a5019e954" executionId="f0e46ee0-54ce-4388-812b-9d0fe1099833" testListId="8c84fa94-04c1-424b-9868-57a2d4851a1d" />
    <TestEntry testId="06592b62-9486-dc14-09e9-81aa1f2eb0eb" executionId="058bbc47-7673-4e2d-9148-e55703dce0a2" testListId="8c84fa94-04c1-424b-9868-57a2d4851a1d" />
    <TestEntry testId="29ba8dce-52f9-1a09-beb5-2c73bb03e4dd" executionId="de7c95c0-86f9-4de9-9353-a05d3f64c1e3" testListId="8c84fa94-04c1-424b-9868-57a2d4851a1d" />
    <TestEntry testId="37ce62cb-c39d-d9d9-9814-53126b8a17ea" executionId="d7ccae2b-8098-4060-83c5-620e6e273b0d" testListId="8c84fa94-04c1-424b-9868-57a2d4851a1d" />
    <TestEntry testId="78b405b2-a7b4-22cc-fd25-19657615e9ba" executionId="b4c86a23-84b8-4ab9-b29c-de96a9d650c4" testListId="8c84fa94-04c1-424b-9868-57a2d4851a1d" />
    <TestEntry testId="02f305ed-30cd-4399-cb1c-75d62f144801" executionId="f1a22cb1-37c0-4a48-80f4-b6ef7e8515d3" testListId="8c84fa94-04c1-424b-9868-57a2d4851a1d" />
    <TestEntry testId="ff9b3969-a7f6-2222-47ce-4595f8d0cb7e" executionId="9574f0c0-4603-46fc-a7fd-d34bacf386f9" testListId="8c84fa94-04c1-424b-9868-57a2d4851a1d" />
    <TestEntry testId="d962a0d7-c5e8-e659-8957-69cdfae1f523" executionId="943dfd6f-12dd-428c-a414-4705dc7970f1" testListId="8c84fa94-04c1-424b-9868-57a2d4851a1d" />
    <TestEntry testId="9c4bd49d-31a4-6530-0f02-8fe23a54becf" executionId="5951afec-a94c-48b2-b2a8-a0f252511d6e" testListId="8c84fa94-04c1-424b-9868-57a2d4851a1d" />
    <TestEntry testId="cc1dc38d-e485-bd07-2880-7ffdde1c97ec" executionId="6a0d0159-2126-4ad6-b94c-4e88cf2536e0" testListId="8c84fa94-04c1-424b-9868-57a2d4851a1d" />
    <TestEntry testId="84be9167-1ae7-c4b1-fa12-da145604b354" executionId="737a1dc9-ab4d-4619-8695-92eff8c14624" testListId="8c84fa94-04c1-424b-9868-57a2d4851a1d" />
    <TestEntry testId="e164b20e-2591-89f8-06fb-740275819de8" executionId="ec7da05a-0af7-43d9-8f79-5359713613d5" testListId="8c84fa94-04c1-424b-9868-57a2d4851a1d" />
    <TestEntry testId="2bf8b19c-cf08-fc4d-1420-d095f4b1337b" executionId="3b6835d1-a4fd-4748-97c7-034dee84b433" testListId="8c84fa94-04c1-424b-9868-57a2d4851a1d" />
    <TestEntry testId="5fe2d973-b7ff-5b61-b9d0-9afdc13b9ebf" executionId="5f36af85-8803-4a39-8a90-8d85f9edf76c" testListId="8c84fa94-04c1-424b-9868-57a2d4851a1d" />
    <TestEntry testId="516b5511-ab51-be62-9f5e-ce253f082ce3" executionId="2a1e6531-87f0-4758-8052-342239047af2" testListId="8c84fa94-04c1-424b-9868-57a2d4851a1d" />
    <TestEntry testId="cce4bcb7-a8a4-30d2-f887-eca92f2b74be" executionId="1af31b38-9b37-4c4b-8186-17a0e3b3b296" testListId="8c84fa94-04c1-424b-9868-57a2d4851a1d" />
    <TestEntry testId="3aa435ad-a9a4-65ee-4bc9-21f73753b103" executionId="c2fa0f0e-447a-4f87-9a33-2aac872ce2a1" testListId="8c84fa94-04c1-424b-9868-57a2d4851a1d" />
    <TestEntry testId="187ff446-ae11-3e2e-df34-66d33f545ac9" executionId="20a02553-2b6c-4c79-ae42-bf7044f7a0d5" testListId="8c84fa94-04c1-424b-9868-57a2d4851a1d" />
    <TestEntry testId="33b821d5-726b-640c-d1cd-04721e7e48d9" executionId="91a79d98-46b5-4985-b939-225b3d52fb0e" testListId="8c84fa94-04c1-424b-9868-57a2d4851a1d" />
    <TestEntry testId="5250d740-754a-3ba2-19d9-7b7107d87e03" executionId="9d68b1db-c188-497d-a26f-ab56cbd1bff1" testListId="8c84fa94-04c1-424b-9868-57a2d4851a1d" />
    <TestEntry testId="4fd1e2d8-0d90-8547-c5f7-6f4689c0269c" executionId="6e054d2e-f1ae-4ba3-ba83-0ad21f0a10e0" testListId="8c84fa94-04c1-424b-9868-57a2d4851a1d" />
    <TestEntry testId="f63011fd-c6a3-fc9c-0ff5-216045de6e40" executionId="6bf16c5e-3673-45f2-afea-ead05f924812" testListId="8c84fa94-04c1-424b-9868-57a2d4851a1d" />
    <TestEntry testId="a6bb128b-1161-cbb2-5ff4-da08f9a71fbf" executionId="4772ba26-4a53-46f4-a009-c36e684c57d7" testListId="8c84fa94-04c1-424b-9868-57a2d4851a1d" />
    <TestEntry testId="28a5e352-3d95-d1b8-53ef-7edd0326a49c" executionId="4ce5ed7d-efe1-412f-afd2-bd2cc06a0d4f" testListId="8c84fa94-04c1-424b-9868-57a2d4851a1d" />
    <TestEntry testId="9ed0881a-ade1-55d1-ff4e-861058b9ed01" executionId="f830c839-a98d-445b-a79a-1b2eeb9fff2e" testListId="8c84fa94-04c1-424b-9868-57a2d4851a1d" />
    <TestEntry testId="b7cda526-0758-c938-af92-6a6e25e8efc9" executionId="6cd6fb9b-7eb2-4dd6-970b-54ba285b6945" testListId="8c84fa94-04c1-424b-9868-57a2d4851a1d" />
    <TestEntry testId="01d0203b-7c6e-72b9-08eb-f1b3242c360c" executionId="dd746888-a73d-4712-9c68-28c3b73c9db7" testListId="8c84fa94-04c1-424b-9868-57a2d4851a1d" />
    <TestEntry testId="5b94e67b-8161-a4c1-a97f-c638ed8f05ba" executionId="fac0f6d9-c659-4d3c-94c5-6f52227f3828" testListId="8c84fa94-04c1-424b-9868-57a2d4851a1d" />
    <TestEntry testId="f7ccf265-e80b-872a-2ee9-60a9a3351b24" executionId="26202898-685d-4c04-8c01-ccd9ad9d78ea" testListId="8c84fa94-04c1-424b-9868-57a2d4851a1d" />
    <TestEntry testId="43b9d173-0889-c0cd-91e8-55b0783b32ae" executionId="a9d7d36b-8e9f-4c11-a683-33d65ec10c7a" testListId="8c84fa94-04c1-424b-9868-57a2d4851a1d" />
    <TestEntry testId="b5dacbe5-c50b-ea4a-e128-040bd713ffe8" executionId="fb38a5b1-06e1-4bd3-ae5a-a6a92ce414ed" testListId="8c84fa94-04c1-424b-9868-57a2d4851a1d" />
    <TestEntry testId="ca246cb1-0b00-e31f-8cae-0e70703e829e" executionId="5c9c0394-6c6e-48d8-8188-f87b240419d8" testListId="8c84fa94-04c1-424b-9868-57a2d4851a1d" />
    <TestEntry testId="095ad9f7-04a5-8bcb-02fd-fdd6dab3a934" executionId="dcf2e5c5-2874-449d-a3e7-1bbb19227252" testListId="8c84fa94-04c1-424b-9868-57a2d4851a1d" />
    <TestEntry testId="76f204dd-32a0-ce3a-8917-3041e6ffb334" executionId="9390dc58-21a8-4c30-8b67-23ec0fc1b0ab" testListId="8c84fa94-04c1-424b-9868-57a2d4851a1d" />
    <TestEntry testId="4ca138d0-3af0-bb0b-3bfb-df9507be5ed5" executionId="b43b9320-9c70-4024-bcd5-ce7af232a440" testListId="8c84fa94-04c1-424b-9868-57a2d4851a1d" />
    <TestEntry testId="410da1bb-0033-e445-230e-baa696a924ac" executionId="71c32162-f788-4ceb-a695-a60f5b566016" testListId="8c84fa94-04c1-424b-9868-57a2d4851a1d" />
    <TestEntry testId="dd89f673-671f-182c-819f-0c99c5f63d13" executionId="34731f99-ff11-422b-867c-62a9b8560287" testListId="8c84fa94-04c1-424b-9868-57a2d4851a1d" />
    <TestEntry testId="fce1fb25-ab7d-1dd5-5d83-ba39255b0e9a" executionId="ca943963-7147-4b99-b095-d28852443465" testListId="8c84fa94-04c1-424b-9868-57a2d4851a1d" />
    <TestEntry testId="494ff55a-87c7-5f37-d44c-a6dbdeeb90c7" executionId="d2607339-1650-4f77-9c22-8989d7b01e89" testListId="8c84fa94-04c1-424b-9868-57a2d4851a1d" />
    <TestEntry testId="bd9e404f-7715-359c-e0a9-f0f39ae1a952" executionId="9b39380c-8443-4740-b124-73a59845261f" testListId="8c84fa94-04c1-424b-9868-57a2d4851a1d" />
    <TestEntry testId="8b7765b0-2273-0340-cca9-006e0a342472" executionId="8b1089ae-1ecc-49cf-9edb-d18f53d36fa3" testListId="8c84fa94-04c1-424b-9868-57a2d4851a1d" />
    <TestEntry testId="f48af067-4eb4-5a80-a058-995d81b9c49e" executionId="c1807b86-d4a4-4f92-9857-6993e0c8e43c" testListId="8c84fa94-04c1-424b-9868-57a2d4851a1d" />
  </TestEntries>
  <TestLists>
    <TestList name="Results Not in a List" id="8c84fa94-04c1-424b-9868-57a2d4851a1d" />
    <TestList name="All Loaded Results" id="19431567-8539-422a-85d7-44ee4e166bda" />
  </TestLists>
  <ResultSummary outcome="Failed">
    <Counters total="170" executed="169" passed="167" failed="2" error="0" timeout="0" aborted="0" inconclusive="0" passedButRunAborted="0" notRunnable="0" notExecuted="0" disconnected="0" warning="0" completed="0" inProgress="0" pending="0" />
    <Output>
      <StdOut>[xUnit.net 00:00:00.00] xUnit.net VSTest Adapter v2.5.3.1+6b60a9e56a (64-bit .NET 8.0.20)
[xUnit.net 00:00:00.09]   Discovering: Tests.Integration.Backend
[xUnit.net 00:00:00.15]   Discovered:  Tests.Integration.Backend
[xUnit.net 00:00:00.15]   Starting:    Tests.Integration.Backend
[03:41:40 INF] Starting Crud API application {"Application": "Crud.Api"}
[03:41:40 INF] Using SQLite provider with connection: Data Source=TestDatabase.db {"Application": "Crud.Api"}
[03:41:41 WRN] The property 'User.Roles' is a collection or enumeration type with a value converter but with no value comparer. Set a value comparer to ensure the collection/enumeration elements are compared correctly. {"EventId": {"Id": 10620, "Name": "Microsoft.EntityFrameworkCore.Model.Validation.CollectionWithoutComparer"}, "SourceContext": "Microsoft.EntityFrameworkCore.Model.Validation", "Application": "Crud.Api"}
[03:41:41 WRN] The property 'User.Roles' is a collection or enumeration type with a value converter but with no value comparer. Set a value comparer to ensure the collection/enumeration elements are compared correctly. {"EventId": {"Id": 10620, "Name": "Microsoft.EntityFrameworkCore.Model.Validation.CollectionWithoutComparer"}, "SourceContext": "Microsoft.EntityFrameworkCore.Model.Validation", "Application": "Crud.Api"}
[03:41:41 INF] Database ensured successfully {"Application": "Crud.Api"}
[03:41:41 INF] Application configured successfully. Starting web host... {"Application": "Crud.Api"}
[03:41:41 WRN] No XML encryptor configured. Key {3b259353-85f8-4f3f-a264-0048bdbb63fc} may be persisted to storage in unencrypted form. {"EventId": {"Id": 35, "Name": "NoXMLEncryptorConfiguredKeyMayBePersistedToStorageInUnencryptedForm"}, "SourceContext": "Microsoft.AspNetCore.DataProtection.KeyManagement.XmlKeyManager", "Application": "Crud.Api"}
[03:41:41 WRN] Failed to determine the https port for redirect. {"EventId": {"Id": 3, "Name": "FailedToDeterminePort"}, "SourceContext": "Microsoft.AspNetCore.HttpsPolicy.HttpsRedirectionMiddleware", "RequestId": "0HNFGSKFKDJ45", "RequestPath": "/api/auth/register", "Application": "Crud.Api"}
[03:41:42 WRN] You do not have a valid license key for the Lucky Penny software MediatR. This is allowed for development and testing scenarios. If you are running in production you are required to have a licensed version. Please visit https://luckypennysoftware.com to obtain a valid license. {"SourceContext": "LuckyPennySoftware.MediatR.License", "ActionId": "4fdf4e8c-bb1f-4c72-a21e-8a8aad5220dd", "ActionName": "Api.Controllers.AuthController.Register (Api)", "RequestId": "0HNFGSKFKDJ45", "RequestPath": "/api/auth/register", "Application": "Crud.Api"}
[03:41:42 INF] User registered successfully: 2862a95b-d1e9-4ca0-95de-4818fa98211f {"SourceContext": "App.Features.Authentication.RegisterUserCommandHandler", "ActionId": "4fdf4e8c-bb1f-4c72-a21e-8a8aad5220dd", "ActionName": "Api.Controllers.AuthController.Register (Api)", "RequestId": "0HNFGSKFKDJ45", "RequestPath": "/api/auth/register", "Application": "Crud.Api"}
Activity.TraceId:            66fa746159a947a8c08039b1776fb8a0
Activity.SpanId:             fea9e0d163277e51
Activity.TraceFlags:         Recorded
Activity.ActivitySourceName: Microsoft.AspNetCore
Activity.DisplayName:        POST api/Auth/register
Activity.Kind:               Server
Activity.StartTime:          2025-09-11T03:41:41.9351162Z
Activity.Duration:           00:00:01.0276808
Activity.Tags:
    server.address: localhost
    http.request.method: POST
    url.scheme: http
    url.path: /api/auth/register
    network.protocol.version: 1.1
    http.route: api/Auth/register
    http.response.status_code: 200
Resource associated with Activity:
    deployment.environment: Testing
    service.name: Crud.Api
    service.version: 1.0.0
    service.instance.id: a483e3f3-32ea-4a50-a508-2cd77b6b2522
    telemetry.sdk.name: opentelemetry
    telemetry.sdk.language: dotnet
    telemetry.sdk.version: 1.8.1
Activity.TraceId:            4c4c7aaa93a0864641e1c6578fe84a4d
Activity.SpanId:             c71ce43a92c63cc1
Activity.TraceFlags:         Recorded
Activity.ActivitySourceName: Microsoft.AspNetCore
Activity.DisplayName:        GET api/Auth/me
Activity.Kind:               Server
Activity.StartTime:          2025-09-11T03:41:42.9749709Z
Activity.Duration:           00:00:00.0398917
Activity.Tags:
    server.address: localhost
    http.request.method: GET
    url.scheme: http
    url.path: /api/auth/me
    network.protocol.version: 1.1
    http.route: api/Auth/me
    http.response.status_code: 200
Resource associated with Activity:
    deployment.environment: Testing
    service.name: Crud.Api
    service.version: 1.0.0
    service.instance.id: a483e3f3-32ea-4a50-a508-2cd77b6b2522
    telemetry.sdk.name: opentelemetry
    telemetry.sdk.language: dotnet
    telemetry.sdk.version: 1.8.1
[03:41:43 INF] User registered successfully: 055131c4-5d4f-4754-aaf5-45e34917939f {"SourceContext": "App.Features.Authentication.RegisterUserCommandHandler", "ActionId": "4fdf4e8c-bb1f-4c72-a21e-8a8aad5220dd", "ActionName": "Api.Controllers.AuthController.Register (Api)", "RequestId": "0HNFGSKFKDJ47", "RequestPath": "/api/auth/register", "Application": "Crud.Api"}
Activity.TraceId:            b9cc9d34a93f1c2ec4783cf11ae9c91e
Activity.SpanId:             b85a4af1589064b2
Activity.TraceFlags:         Recorded
Activity.ActivitySourceName: Microsoft.AspNetCore
Activity.DisplayName:        POST api/Auth/register
Activity.Kind:               Server
Activity.StartTime:          2025-09-11T03:41:43.0247754Z
Activity.Duration:           00:00:00.3535734
Activity.Tags:
    server.address: localhost
    http.request.method: POST
    url.scheme: http
    url.path: /api/auth/register
    network.protocol.version: 1.1
    http.route: api/Auth/register
    http.response.status_code: 200
Resource associated with Activity:
    deployment.environment: Testing
    service.name: Crud.Api
    service.version: 1.0.0
    service.instance.id: a483e3f3-32ea-4a50-a508-2cd77b6b2522
    telemetry.sdk.name: opentelemetry
    telemetry.sdk.language: dotnet
    telemetry.sdk.version: 1.8.1
Activity.TraceId:            de461a73bec0d69f9e32fa44b2cfe5cb
Activity.SpanId:             d4b5259474a5744e
Activity.TraceFlags:         Recorded
Activity.ActivitySourceName: Microsoft.AspNetCore
Activity.DisplayName:        GET api/Auth/me
Activity.Kind:               Server
Activity.StartTime:          2025-09-11T03:41:43.3805891Z
Activity.Duration:           00:00:00.0022420
Activity.Tags:
    server.address: localhost
    http.request.method: GET
    url.scheme: http
    url.path: /api/auth/me
    network.protocol.version: 1.1
    http.route: api/Auth/me
    http.response.status_code: 200
Resource associated with Activity:
    deployment.environment: Testing
    service.name: Crud.Api
    service.version: 1.0.0
    service.instance.id: a483e3f3-32ea-4a50-a508-2cd77b6b2522
    telemetry.sdk.name: opentelemetry
    telemetry.sdk.language: dotnet
    telemetry.sdk.version: 1.8.1
[03:41:43 INF] User logged in successfully: 055131c4-5d4f-4754-aaf5-45e34917939f {"SourceContext": "App.Features.Authentication.LoginCommandHandler", "ActionId": "4c84f83d-0cab-44eb-8f1f-6d95affeaa15", "ActionName": "Api.Controllers.AuthController.Login (Api)", "RequestId": "0HNFGSKFKDJ49", "RequestPath": "/api/auth/login", "Application": "Crud.Api"}
Activity.TraceId:            2918a543a93701e3d325c209ac8680ea
Activity.SpanId:             f67442faae479c9a
Activity.TraceFlags:         Recorded
Activity.ActivitySourceName: Microsoft.AspNetCore
Activity.DisplayName:        POST api/Auth/login
Activity.Kind:               Server
Activity.StartTime:          2025-09-11T03:41:43.3974458Z
Activity.Duration:           00:00:00.3494733
Activity.Tags:
    server.address: localhost
    http.request.method: POST
    url.scheme: http
    url.path: /api/auth/login
    network.protocol.version: 1.1
    http.route: api/Auth/login
    http.response.status_code: 200
Resource associated with Activity:
    deployment.environment: Testing
    service.name: Crud.Api
    service.version: 1.0.0
    service.instance.id: a483e3f3-32ea-4a50-a508-2cd77b6b2522
    telemetry.sdk.name: opentelemetry
    telemetry.sdk.language: dotnet
    telemetry.sdk.version: 1.8.1
[03:41:43 INF] Refresh token rotated successfully for user: 055131c4-5d4f-4754-aaf5-45e34917939f {"SourceContext": "App.Features.Authentication.RefreshTokenCommandHandler", "ActionId": "69344204-716f-476e-8a16-8ac5e4840dbd", "ActionName": "Api.Controllers.AuthController.Refresh (Api)", "RequestId": "0HNFGSKFKDJ4A", "RequestPath": "/api/auth/refresh", "Application": "Crud.Api"}
Activity.TraceId:            12fe7604abf47e59e7bd1b7d5d37eeff
Activity.SpanId:             95a12c23f8b6881c
Activity.TraceFlags:         Recorded
Activity.ActivitySourceName: Microsoft.AspNetCore
Activity.DisplayName:        POST api/Auth/refresh
Activity.Kind:               Server
Activity.StartTime:          2025-09-11T03:41:43.7485534Z
Activity.Duration:           00:00:00.0455017
Activity.Tags:
    server.address: localhost
    http.request.method: POST
    url.scheme: http
    url.path: /api/auth/refresh
    network.protocol.version: 1.1
    http.route: api/Auth/refresh
    http.response.status_code: 200
Resource associated with Activity:
    deployment.environment: Testing
    service.name: Crud.Api
    service.version: 1.0.0
    service.instance.id: a483e3f3-32ea-4a50-a508-2cd77b6b2522
    telemetry.sdk.name: opentelemetry
    telemetry.sdk.language: dotnet
    telemetry.sdk.version: 1.8.1
[03:41:43 INF] User logged out successfully: 055131c4-5d4f-4754-aaf5-45e34917939f {"SourceContext": "App.Features.Authentication.LogoutCommandHandler", "ActionId": "52d80b16-bc84-4695-9ed3-894c02368bec", "ActionName": "Api.Controllers.AuthController.Logout (Api)", "RequestId": "0HNFGSKFKDJ4B", "RequestPath": "/api/auth/logout", "Application": "Crud.Api"}
Activity.TraceId:            48d3b0e3145c4c9c138c2e3ab10950c9
Activity.SpanId:             09cf9495af445514
Activity.TraceFlags:         Recorded
Activity.ActivitySourceName: Microsoft.AspNetCore
Activity.DisplayName:        POST api/Auth/logout
Activity.Kind:               Server
Activity.StartTime:          2025-09-11T03:41:43.7946317Z
Activity.Duration:           00:00:00.0354342
Activity.Tags:
    server.address: localhost
    http.request.method: POST
    url.scheme: http
    url.path: /api/auth/logout
    network.protocol.version: 1.1
    http.route: api/Auth/logout
    http.response.status_code: 200
Resource associated with Activity:
    deployment.environment: Testing
    service.name: Crud.Api
    service.version: 1.0.0
    service.instance.id: a483e3f3-32ea-4a50-a508-2cd77b6b2522
    telemetry.sdk.name: opentelemetry
    telemetry.sdk.language: dotnet
    telemetry.sdk.version: 1.8.1
[03:41:43 WRN] Refresh token attempt with invalid token {"SourceContext": "App.Features.Authentication.RefreshTokenCommandHandler", "ActionId": "69344204-716f-476e-8a16-8ac5e4840dbd", "ActionName": "Api.Controllers.AuthController.Refresh (Api)", "RequestId": "0HNFGSKFKDJ4C", "RequestPath": "/api/auth/refresh", "Application": "Crud.Api"}
Activity.TraceId:            8f1808c28bd07de5d83c82dff73ce5e5
Activity.SpanId:             6c1dc7d627de19c9
Activity.TraceFlags:         Recorded
Activity.ActivitySourceName: Microsoft.AspNetCore
Activity.DisplayName:        POST api/Auth/refresh
Activity.Kind:               Server
Activity.StartTime:          2025-09-11T03:41:43.8308342Z
Activity.Duration:           00:00:00.0040215
Activity.Tags:
    server.address: localhost
    http.request.method: POST
    url.scheme: http
    url.path: /api/auth/refresh
    network.protocol.version: 1.1
    http.route: api/Auth/refresh
    http.response.status_code: 401
Resource associated with Activity:
    deployment.environment: Testing
    service.name: Crud.Api
    service.version: 1.0.0
    service.instance.id: a483e3f3-32ea-4a50-a508-2cd77b6b2522
    telemetry.sdk.name: opentelemetry
    telemetry.sdk.language: dotnet
    telemetry.sdk.version: 1.8.1
[03:41:44 INF] User registered successfully: d69192a2-6c83-442b-b736-33a321710d55 {"SourceContext": "App.Features.Authentication.RegisterUserCommandHandler", "ActionId": "4fdf4e8c-bb1f-4c72-a21e-8a8aad5220dd", "ActionName": "Api.Controllers.AuthController.Register (Api)", "RequestId": "0HNFGSKFKDJ4D", "RequestPath": "/api/auth/register", "Application": "Crud.Api"}
Activity.TraceId:            8f20d90af9dbc204754a82b952d6aef6
Activity.SpanId:             e769d550ce7a19d3
Activity.TraceFlags:         Recorded
Activity.ActivitySourceName: Microsoft.AspNetCore
Activity.DisplayName:        POST api/Auth/register
Activity.Kind:               Server
Activity.StartTime:          2025-09-11T03:41:43.8371754Z
Activity.Duration:           00:00:00.3078000
Activity.Tags:
    server.address: localhost
    http.request.method: POST
    url.scheme: http
    url.path: /api/auth/register
    network.protocol.version: 1.1
    http.route: api/Auth/register
    http.response.status_code: 200
Resource associated with Activity:
    deployment.environment: Testing
    service.name: Crud.Api
    service.version: 1.0.0
    service.instance.id: a483e3f3-32ea-4a50-a508-2cd77b6b2522
    telemetry.sdk.name: opentelemetry
    telemetry.sdk.language: dotnet
    telemetry.sdk.version: 1.8.1
[03:41:44 WRN] Registration attempt with existing email: duplicate.862c80d3-ca47-4662-b39f-078dfc07e425@example.com {"SourceContext": "App.Features.Authentication.RegisterUserCommandHandler", "ActionId": "4fdf4e8c-bb1f-4c72-a21e-8a8aad5220dd", "ActionName": "Api.Controllers.AuthController.Register (Api)", "RequestId": "0HNFGSKFKDJ4E", "RequestPath": "/api/auth/register", "Application": "Crud.Api"}
Activity.TraceId:            138da95175036e2527c97d1382ad87c9
Activity.SpanId:             0387a9474fb9363d
Activity.TraceFlags:         Recorded
Activity.ActivitySourceName: Microsoft.AspNetCore
Activity.DisplayName:        POST api/Auth/register
Activity.Kind:               Server
Activity.StartTime:          2025-09-11T03:41:44.1463025Z
Activity.Duration:           00:00:00.0028817
Activity.Tags:
    server.address: localhost
    http.request.method: POST
    url.scheme: http
    url.path: /api/auth/register
    network.protocol.version: 1.1
    http.route: api/Auth/register
    http.response.status_code: 400
Resource associated with Activity:
    deployment.environment: Testing
    service.name: Crud.Api
    service.version: 1.0.0
    service.instance.id: a483e3f3-32ea-4a50-a508-2cd77b6b2522
    telemetry.sdk.name: opentelemetry
    telemetry.sdk.language: dotnet
    telemetry.sdk.version: 1.8.1
[03:41:44 ERR] An unhandled exception occurred during request POST /api/auth/register. Request ID: 0HNFGSKFKDJ4F, User: Anonymous {"SourceContext": "Api.Middleware.GlobalExceptionHandlingMiddleware", "RequestPath": "/api/auth/register", "Application": "Crud.Api"}
FluentValidation.ValidationException: Validation failed: 
 -- Email: Invalid email format Severity: Error
   at App.Behaviors.ValidationBehavior`2.Handle(TRequest request, RequestHandlerDelegate`1 next, CancellationToken cancellationToken) in /home/runner/work/Crud/Crud/src/App/Behaviors/ValidationBehavior.cs:line 39
   at Api.Controllers.AuthController.Register(RegisterUserCommand command, CancellationToken cancellationToken) in /home/runner/work/Crud/Crud/src/Api/Controllers/AuthController.cs:line 27
   at Microsoft.AspNetCore.Mvc.Infrastructure.ActionMethodExecutor.TaskOfIActionResultExecutor.Execute(ActionContext actionContext, IActionResultTypeMapper mapper, ObjectMethodExecutor executor, Object controller, Object[] arguments)
   at Microsoft.AspNetCore.Mvc.Infrastructure.ControllerActionInvoker.&lt;InvokeActionMethodAsync&gt;g__Logged|12_1(ControllerActionInvoker invoker)
   at Microsoft.AspNetCore.Mvc.Infrastructure.ControllerActionInvoker.&lt;InvokeNextActionFilterAsync&gt;g__Awaited|10_0(ControllerActionInvoker invoker, Task lastTask, State next, Scope scope, Object state, Boolean isCompleted)
   at Microsoft.AspNetCore.Mvc.Infrastructure.ControllerActionInvoker.Rethrow(ActionExecutedContextSealed context)
   at Microsoft.AspNetCore.Mvc.Infrastructure.ControllerActionInvoker.Next(State&amp; next, Scope&amp; scope, Object&amp; state, Boolean&amp; isCompleted)
   at Microsoft.AspNetCore.Mvc.Infrastructure.ControllerActionInvoker.InvokeInnerFilterAsync()
--- End of stack trace from previous location ---
   at Microsoft.AspNetCore.Mvc.Infrastructure.ResourceInvoker.&lt;InvokeFilterPipelineAsync&gt;g__Awaited|20_0(ResourceInvoker invoker, Task lastTask, State next, Scope scope, Object state, Boolean isCompleted)
   at Microsoft.AspNetCore.Mvc.Infrastructure.ResourceInvoker.&lt;InvokeAsync&gt;g__Logged|17_1(ResourceInvoker invoker)
   at Microsoft.AspNetCore.Mvc.Infrastructure.ResourceInvoker.&lt;InvokeAsync&gt;g__Logged|17_1(ResourceInvoker invoker)
   at Api.Middleware.ConditionalRequestMiddleware.InvokeAsync(HttpContext context) in /home/runner/work/Crud/Crud/src/Api/Middleware/ConditionalRequestMiddleware.cs:line 30
   at Microsoft.AspNetCore.Authorization.AuthorizationMiddleware.Invoke(HttpContext context)
   at Microsoft.AspNetCore.Authentication.AuthenticationMiddleware.Invoke(HttpContext context)
   at Microsoft.AspNetCore.RateLimiting.RateLimitingMiddleware.InvokeInternal(HttpContext context, EnableRateLimitingAttribute enableRateLimitingAttribute)
   at Api.Middleware.GlobalExceptionHandlingMiddleware.InvokeAsync(HttpContext context) in /home/runner/work/Crud/Crud/src/Api/Middleware/GlobalExceptionHandlingMiddleware.cs:line 27
Activity.TraceId:            8a2cb785a684cf8f3ddd1cf644f0fc51
Activity.SpanId:             51f51a97743c9494
Activity.TraceFlags:         Recorded
Activity.ActivitySourceName: Microsoft.AspNetCore
Activity.DisplayName:        POST api/Auth/register
Activity.Kind:               Server
Activity.StartTime:          2025-09-11T03:41:44.1509113Z
Activity.Duration:           00:00:00.0253406
Activity.Tags:
    server.address: localhost
    http.request.method: POST
    url.scheme: http
    url.path: /api/auth/register
    network.protocol.version: 1.1
    http.route: api/Auth/register
    http.response.status_code: 400
Resource associated with Activity:
    deployment.environment: Testing
    service.name: Crud.Api
    service.version: 1.0.0
    service.instance.id: a483e3f3-32ea-4a50-a508-2cd77b6b2522
    telemetry.sdk.name: opentelemetry
    telemetry.sdk.language: dotnet
    telemetry.sdk.version: 1.8.1
[03:41:44 WRN] Login attempt with non-existent email address {"SourceContext": "App.Features.Authentication.LoginCommandHandler", "ActionId": "4c84f83d-0cab-44eb-8f1f-6d95affeaa15", "ActionName": "Api.Controllers.AuthController.Login (Api)", "RequestId": "0HNFGSKFKDJ4G", "RequestPath": "/api/auth/login", "Application": "Crud.Api"}
Activity.TraceId:            b07a4b76b9e0cb10a4dec0a5ffec88b5
Activity.SpanId:             bec1170ce190f43e
Activity.TraceFlags:         Recorded
Activity.ActivitySourceName: Microsoft.AspNetCore
Activity.DisplayName:        POST api/Auth/login
Activity.Kind:               Server
Activity.StartTime:          2025-09-11T03:41:44.1786996Z
Activity.Duration:           00:00:00.0035101
Activity.Tags:
    server.address: localhost
    http.request.method: POST
    url.scheme: http
    url.path: /api/auth/login
    network.protocol.version: 1.1
    http.route: api/Auth/login
    http.response.status_code: 401
Resource associated with Activity:
    deployment.environment: Testing
    service.name: Crud.Api
    service.version: 1.0.0
    service.instance.id: a483e3f3-32ea-4a50-a508-2cd77b6b2522
    telemetry.sdk.name: opentelemetry
    telemetry.sdk.language: dotnet
    telemetry.sdk.version: 1.8.1
[03:41:44 INF] User registered successfully: 29244f25-1616-4abc-aad7-54ec988d209c {"SourceContext": "App.Features.Authentication.RegisterUserCommandHandler", "ActionId": "4fdf4e8c-bb1f-4c72-a21e-8a8aad5220dd", "ActionName": "Api.Controllers.AuthController.Register (Api)", "RequestId": "0HNFGSKFKDJ4H", "RequestPath": "/api/auth/register", "Application": "Crud.Api"}
Activity.TraceId:            368f3df2b445685eb862d807a6a46afb
Activity.SpanId:             589beb2ecf299b1d
Activity.TraceFlags:         Recorded
Activity.ActivitySourceName: Microsoft.AspNetCore
Activity.DisplayName:        POST api/Auth/register
Activity.Kind:               Server
Activity.StartTime:          2025-09-11T03:41:44.1847811Z
Activity.Duration:           00:00:00.3055467
Activity.Tags:
    server.address: localhost
    http.request.method: POST
    url.scheme: http
    url.path: /api/auth/register
    network.protocol.version: 1.1
    http.route: api/Auth/register
    http.response.status_code: 200
Resource associated with Activity:
    deployment.environment: Testing
    service.name: Crud.Api
    service.version: 1.0.0
    service.instance.id: a483e3f3-32ea-4a50-a508-2cd77b6b2522
    telemetry.sdk.name: opentelemetry
    telemetry.sdk.language: dotnet
    telemetry.sdk.version: 1.8.1
Activity.TraceId:            4008f8abf000cb19ee385eec6b303b62
Activity.SpanId:             1f129880694754e9
Activity.TraceFlags:         Recorded
Activity.ActivitySourceName: Microsoft.AspNetCore
Activity.DisplayName:        GET api/Auth/me
Activity.Kind:               Server
Activity.StartTime:          2025-09-11T03:41:44.4915038Z
Activity.Duration:           00:00:00.0009718
Activity.Tags:
    server.address: localhost
    http.request.method: GET
    url.scheme: http
    url.path: /api/auth/me
    network.protocol.version: 1.1
    http.route: api/Auth/me
    http.response.status_code: 200
Resource associated with Activity:
    deployment.environment: Testing
    service.name: Crud.Api
    service.version: 1.0.0
    service.instance.id: a483e3f3-32ea-4a50-a508-2cd77b6b2522
    telemetry.sdk.name: opentelemetry
    telemetry.sdk.language: dotnet
    telemetry.sdk.version: 1.8.1
Activity.TraceId:            f95171505990ce94673a0e4b39ebd3c0
Activity.SpanId:             b1ed419ab484c5fd
Activity.TraceFlags:         Recorded
Activity.ActivitySourceName: Microsoft.AspNetCore
Activity.DisplayName:        GET api/Auth/me
Activity.Kind:               Server
Activity.StartTime:          2025-09-11T03:41:44.4914439Z
Activity.Duration:           00:00:00.0011489
Activity.Tags:
    server.address: localhost
    http.request.method: GET
    url.scheme: http
    url.path: /api/auth/me
    network.protocol.version: 1.1
    http.route: api/Auth/me
    http.response.status_code: 200
Resource associated with Activity:
    deployment.environment: Testing
    service.name: Crud.Api
    service.version: 1.0.0
    service.instance.id: a483e3f3-32ea-4a50-a508-2cd77b6b2522
    telemetry.sdk.name: opentelemetry
    telemetry.sdk.language: dotnet
    telemetry.sdk.version: 1.8.1
Activity.TraceId:            d526887d5bb55df392a0641f46b287b6
Activity.SpanId:             23f94536df8021bc
Activity.TraceFlags:         Recorded
Activity.ActivitySourceName: Microsoft.AspNetCore
Activity.DisplayName:        GET api/Auth/me
Activity.Kind:               Server
Activity.StartTime:          2025-09-11T03:41:44.4918294Z
Activity.Duration:           00:00:00.0006495
Activity.Tags:
    server.address: localhost
    http.request.method: GET
    url.scheme: http
    url.path: /api/auth/me
    network.protocol.version: 1.1
    http.route: api/Auth/me
    http.response.status_code: 200
Resource associated with Activity:
    deployment.environment: Testing
    service.name: Crud.Api
    service.version: 1.0.0
    service.instance.id: a483e3f3-32ea-4a50-a508-2cd77b6b2522
    telemetry.sdk.name: opentelemetry
    telemetry.sdk.language: dotnet
    telemetry.sdk.version: 1.8.1
Activity.TraceId:            dc41d2f8d51e6404268e3aefdcd76675
Activity.SpanId:             2e914791979c9270
Activity.TraceFlags:         Recorded
Activity.ActivitySourceName: Microsoft.AspNetCore
Activity.DisplayName:        GET api/Auth/me
Activity.Kind:               Server
Activity.StartTime:          2025-09-11T03:41:44.4927210Z
Activity.Duration:           00:00:00.0005234
Activity.Tags:
    server.address: localhost
    http.request.method: GET
    url.scheme: http
    url.path: /api/auth/me
    network.protocol.version: 1.1
    http.route: api/Auth/me
    http.response.status_code: 200
Resource associated with Activity:
    deployment.environment: Testing
    service.name: Crud.Api
    service.version: 1.0.0
    service.instance.id: a483e3f3-32ea-4a50-a508-2cd77b6b2522
    telemetry.sdk.name: opentelemetry
    telemetry.sdk.language: dotnet
    telemetry.sdk.version: 1.8.1
Activity.TraceId:            47c3d88214a9740fac832cbd0e1ed1ce
Activity.SpanId:             b7ae5f6913324cdd
Activity.TraceFlags:         Recorded
Activity.ActivitySourceName: Microsoft.AspNetCore
Activity.DisplayName:        GET api/Auth/me
Activity.Kind:               Server
Activity.StartTime:          2025-09-11T03:41:44.4927738Z
Activity.Duration:           00:00:00.0005241
Activity.Tags:
    server.address: localhost
    http.request.method: GET
    url.scheme: http
    url.path: /api/auth/me
    network.protocol.version: 1.1
    http.route: api/Auth/me
    http.response.status_code: 200
Resource associated with Activity:
    deployment.environment: Testing
    service.name: Crud.Api
    service.version: 1.0.0
    service.instance.id: a483e3f3-32ea-4a50-a508-2cd77b6b2522
    telemetry.sdk.name: opentelemetry
    telemetry.sdk.language: dotnet
    telemetry.sdk.version: 1.8.1
Activity.TraceId:            4f6a708efd827f98206900f777ec4b60
Activity.SpanId:             6e3944170395dc6a
Activity.TraceFlags:         Recorded
Activity.ActivitySourceName: Microsoft.AspNetCore
Activity.DisplayName:        GET api/Auth/me
Activity.Kind:               Server
Activity.StartTime:          2025-09-11T03:41:44.4932243Z
Activity.Duration:           00:00:00.0004733
Activity.Tags:
    server.address: localhost
    http.request.method: GET
    url.scheme: http
    url.path: /api/auth/me
    network.protocol.version: 1.1
    http.route: api/Auth/me
    http.response.status_code: 200
Resource associated with Activity:
    deployment.environment: Testing
    service.name: Crud.Api
    service.version: 1.0.0
    service.instance.id: a483e3f3-32ea-4a50-a508-2cd77b6b2522
    telemetry.sdk.name: opentelemetry
    telemetry.sdk.language: dotnet
    telemetry.sdk.version: 1.8.1
Activity.TraceId:            634233cba54efa43ded8e00799137172
Activity.SpanId:             fc9ec0fdafb91f3d
Activity.TraceFlags:         Recorded
Activity.ActivitySourceName: Microsoft.AspNetCore
Activity.DisplayName:        GET api/Auth/me
Activity.Kind:               Server
Activity.StartTime:          2025-09-11T03:41:44.4934265Z
Activity.Duration:           00:00:00.0004575
Activity.Tags:
    server.address: localhost
    http.request.method: GET
    url.scheme: http
    url.path: /api/auth/me
    network.protocol.version: 1.1
    http.route: api/Auth/me
    http.response.status_code: 200
Resource associated with Activity:
    deployment.environment: Testing
    service.name: Crud.Api
    service.version: 1.0.0
    service.instance.id: a483e3f3-32ea-4a50-a508-2cd77b6b2522
    telemetry.sdk.name: opentelemetry
    telemetry.sdk.language: dotnet
    telemetry.sdk.version: 1.8.1
Activity.TraceId:            593b5f3971cf1356215ccd89a22d461d
Activity.SpanId:             98c8cd7b6cc86ad5
Activity.TraceFlags:         Recorded
Activity.ActivitySourceName: Microsoft.AspNetCore
Activity.DisplayName:        GET api/Auth/me
Activity.Kind:               Server
Activity.StartTime:          2025-09-11T03:41:44.4935014Z
Activity.Duration:           00:00:00.0004623
Activity.Tags:
    server.address: localhost
    http.request.method: GET
    url.scheme: http
    url.path: /api/auth/me
    network.protocol.version: 1.1
    http.route: api/Auth/me
    http.response.status_code: 200
Resource associated with Activity:
    deployment.environment: Testing
    service.name: Crud.Api
    service.version: 1.0.0
    service.instance.id: a483e3f3-32ea-4a50-a508-2cd77b6b2522
    telemetry.sdk.name: opentelemetry
    telemetry.sdk.language: dotnet
    telemetry.sdk.version: 1.8.1
Activity.TraceId:            cc2ca3f133b8d097d2ed3b4228dc7f80
Activity.SpanId:             697f566657acf08e
Activity.TraceFlags:         Recorded
Activity.ActivitySourceName: Microsoft.AspNetCore
Activity.DisplayName:        GET api/Auth/me
Activity.Kind:               Server
Activity.StartTime:          2025-09-11T03:41:44.4938722Z
Activity.Duration:           00:00:00.0004910
Activity.Tags:
    server.address: localhost
    http.request.method: GET
    url.scheme: http
    url.path: /api/auth/me
    network.protocol.version: 1.1
    http.route: api/Auth/me
    http.response.status_code: 200
Resource associated with Activity:
    deployment.environment: Testing
    service.name: Crud.Api
    service.version: 1.0.0
    service.instance.id: a483e3f3-32ea-4a50-a508-2cd77b6b2522
    telemetry.sdk.name: opentelemetry
    telemetry.sdk.language: dotnet
    telemetry.sdk.version: 1.8.1
Activity.TraceId:            a9cace747f4bd931d9747765dc2856bb
Activity.SpanId:             745399de8eb7193c
Activity.TraceFlags:         Recorded
Activity.ActivitySourceName: Microsoft.AspNetCore
Activity.DisplayName:        GET api/Auth/me
Activity.Kind:               Server
Activity.StartTime:          2025-09-11T03:41:44.4940348Z
Activity.Duration:           00:00:00.0005372
Activity.Tags:
    server.address: localhost
    http.request.method: GET
    url.scheme: http
    url.path: /api/auth/me
    network.protocol.version: 1.1
    http.route: api/Auth/me
    http.response.status_code: 200
Resource associated with Activity:
    deployment.environment: Testing
    service.name: Crud.Api
    service.version: 1.0.0
    service.instance.id: a483e3f3-32ea-4a50-a508-2cd77b6b2522
    telemetry.sdk.name: opentelemetry
    telemetry.sdk.language: dotnet
    telemetry.sdk.version: 1.8.1
[03:41:44 INF] User registered successfully: 536f918d-3020-415c-a645-ab49aa4409dc {"SourceContext": "App.Features.Authentication.RegisterUserCommandHandler", "ActionId": "4fdf4e8c-bb1f-4c72-a21e-8a8aad5220dd", "ActionName": "Api.Controllers.AuthController.Register (Api)", "RequestId": "0HNFGSKFKDJ4S", "RequestPath": "/api/auth/register", "Application": "Crud.Api"}
Activity.TraceId:            c64418e6f44fe7f1b9c86c79bbf0d5c9
Activity.SpanId:             f76cbfa79d3933f4
Activity.TraceFlags:         Recorded
Activity.ActivitySourceName: Microsoft.AspNetCore
Activity.DisplayName:        POST api/Auth/register
Activity.Kind:               Server
Activity.StartTime:          2025-09-11T03:41:44.4982009Z
Activity.Duration:           00:00:00.3087263
Activity.Tags:
    server.address: localhost
    http.request.method: POST
    url.scheme: http
    url.path: /api/auth/register
    network.protocol.version: 1.1
    http.route: api/Auth/register
    http.response.status_code: 200
Resource associated with Activity:
    deployment.environment: Testing
    service.name: Crud.Api
    service.version: 1.0.0
    service.instance.id: a483e3f3-32ea-4a50-a508-2cd77b6b2522
    telemetry.sdk.name: opentelemetry
    telemetry.sdk.language: dotnet
    telemetry.sdk.version: 1.8.1
[03:41:44 INF] Refresh token rotated successfully for user: 536f918d-3020-415c-a645-ab49aa4409dc {"SourceContext": "App.Features.Authentication.RefreshTokenCommandHandler", "ActionId": "69344204-716f-476e-8a16-8ac5e4840dbd", "ActionName": "Api.Controllers.AuthController.Refresh (Api)", "RequestId": "0HNFGSKFKDJ4T", "RequestPath": "/api/auth/refresh", "Application": "Crud.Api"}
Activity.TraceId:            e1730cfd57c4ef233e8f75115528d617
Activity.SpanId:             69185d0205d4794c
Activity.TraceFlags:         Recorded
Activity.ActivitySourceName: Microsoft.AspNetCore
Activity.DisplayName:        POST api/Auth/refresh
Activity.Kind:               Server
Activity.StartTime:          2025-09-11T03:41:44.8094269Z
Activity.Duration:           00:00:00.0088183
Activity.Tags:
    server.address: localhost
    http.request.method: POST
    url.scheme: http
    url.path: /api/auth/refresh
    network.protocol.version: 1.1
    http.route: api/Auth/refresh
    http.response.status_code: 200
Resource associated with Activity:
    deployment.environment: Testing
    service.name: Crud.Api
    service.version: 1.0.0
    service.instance.id: a483e3f3-32ea-4a50-a508-2cd77b6b2522
    telemetry.sdk.name: opentelemetry
    telemetry.sdk.language: dotnet
    telemetry.sdk.version: 1.8.1
[03:41:44 INF] Refresh token rotated successfully for user: 536f918d-3020-415c-a645-ab49aa4409dc {"SourceContext": "App.Features.Authentication.RefreshTokenCommandHandler", "ActionId": "69344204-716f-476e-8a16-8ac5e4840dbd", "ActionName": "Api.Controllers.AuthController.Refresh (Api)", "RequestId": "0HNFGSKFKDJ4U", "RequestPath": "/api/auth/refresh", "Application": "Crud.Api"}
Activity.TraceId:            6cd1b56765e09c619ae0bd3ae22379c8
Activity.SpanId:             ccced56674a01be7
Activity.TraceFlags:         Recorded
Activity.ActivitySourceName: Microsoft.AspNetCore
Activity.DisplayName:        POST api/Auth/refresh
Activity.Kind:               Server
Activity.StartTime:          2025-09-11T03:41:44.8185480Z
Activity.Duration:           00:00:00.0072266
Activity.Tags:
    server.address: localhost
    http.request.method: POST
    url.scheme: http
    url.path: /api/auth/refresh
    network.protocol.version: 1.1
    http.route: api/Auth/refresh
    http.response.status_code: 200
Resource associated with Activity:
    deployment.environment: Testing
    service.name: Crud.Api
    service.version: 1.0.0
    service.instance.id: a483e3f3-32ea-4a50-a508-2cd77b6b2522
    telemetry.sdk.name: opentelemetry
    telemetry.sdk.language: dotnet
    telemetry.sdk.version: 1.8.1
[03:41:44 INF] Refresh token rotated successfully for user: 536f918d-3020-415c-a645-ab49aa4409dc {"SourceContext": "App.Features.Authentication.RefreshTokenCommandHandler", "ActionId": "69344204-716f-476e-8a16-8ac5e4840dbd", "ActionName": "Api.Controllers.AuthController.Refresh (Api)", "RequestId": "0HNFGSKFKDJ4V", "RequestPath": "/api/auth/refresh", "Application": "Crud.Api"}
Activity.TraceId:            ac91fc54a69acd5162d3162b8bb65d14
Activity.SpanId:             19c9e5c68e9e58b6
Activity.TraceFlags:         Recorded
Activity.ActivitySourceName: Microsoft.AspNetCore
Activity.DisplayName:        POST api/Auth/refresh
Activity.Kind:               Server
Activity.StartTime:          2025-09-11T03:41:44.8259997Z
Activity.Duration:           00:00:00.0083626
Activity.Tags:
    server.address: localhost
    http.request.method: POST
    url.scheme: http
    url.path: /api/auth/refresh
    network.protocol.version: 1.1
    http.route: api/Auth/refresh
    http.response.status_code: 200
Resource associated with Activity:
    deployment.environment: Testing
    service.name: Crud.Api
    service.version: 1.0.0
    service.instance.id: a483e3f3-32ea-4a50-a508-2cd77b6b2522
    telemetry.sdk.name: opentelemetry
    telemetry.sdk.language: dotnet
    telemetry.sdk.version: 1.8.1
Activity.TraceId:            161952c1efc78fe73e26caccccfddb61
Activity.SpanId:             ba349d466f79be14
Activity.TraceFlags:         Recorded
Activity.ActivitySourceName: Microsoft.AspNetCore
Activity.DisplayName:        GET api/Auth/me
Activity.Kind:               Server
Activity.StartTime:          2025-09-11T03:41:44.8362493Z
Activity.Duration:           00:00:00.0027256
Activity.Tags:
    server.address: localhost
    http.request.method: GET
    url.scheme: http
    url.path: /api/auth/me
    network.protocol.version: 1.1
    http.route: api/Auth/me
    http.response.status_code: 401
Resource associated with Activity:
    deployment.environment: Testing
    service.name: Crud.Api
    service.version: 1.0.0
    service.instance.id: a483e3f3-32ea-4a50-a508-2cd77b6b2522
    telemetry.sdk.name: opentelemetry
    telemetry.sdk.language: dotnet
    telemetry.sdk.version: 1.8.1
[03:41:44 ERR] An unhandled exception occurred during request POST /api/auth/register. Request ID: 0HNFGSKFKDJ51, User: Anonymous {"SourceContext": "Api.Middleware.GlobalExceptionHandlingMiddleware", "RequestPath": "/api/auth/register", "Application": "Crud.Api"}
FluentValidation.ValidationException: Validation failed: 
 -- Password: Password must be at least 8 characters Severity: Error
 -- Password: Password must contain at least one uppercase letter Severity: Error
 -- Password: Password must contain at least one number Severity: Error
 -- Password: Password must contain at least one special character Severity: Error
   at App.Behaviors.ValidationBehavior`2.Handle(TRequest request, RequestHandlerDelegate`1 next, CancellationToken cancellationToken) in /home/runner/work/Crud/Crud/src/App/Behaviors/ValidationBehavior.cs:line 39
   at Api.Controllers.AuthController.Register(RegisterUserCommand command, CancellationToken cancellationToken) in /home/runner/work/Crud/Crud/src/Api/Controllers/AuthController.cs:line 27
   at Microsoft.AspNetCore.Mvc.Infrastructure.ActionMethodExecutor.TaskOfIActionResultExecutor.Execute(ActionContext actionContext, IActionResultTypeMapper mapper, ObjectMethodExecutor executor, Object controller, Object[] arguments)
   at Microsoft.AspNetCore.Mvc.Infrastructure.ControllerActionInvoker.&lt;InvokeActionMethodAsync&gt;g__Logged|12_1(ControllerActionInvoker invoker)
   at Microsoft.AspNetCore.Mvc.Infrastructure.ControllerActionInvoker.&lt;InvokeNextActionFilterAsync&gt;g__Awaited|10_0(ControllerActionInvoker invoker, Task lastTask, State next, Scope scope, Object state, Boolean isCompleted)
   at Microsoft.AspNetCore.Mvc.Infrastructure.ControllerActionInvoker.Rethrow(ActionExecutedContextSealed context)
   at Microsoft.AspNetCore.Mvc.Infrastructure.ControllerActionInvoker.Next(State&amp; next, Scope&amp; scope, Object&amp; state, Boolean&amp; isCompleted)
   at Microsoft.AspNetCore.Mvc.Infrastructure.ControllerActionInvoker.InvokeInnerFilterAsync()
--- End of stack trace from previous location ---
   at Microsoft.AspNetCore.Mvc.Infrastructure.ResourceInvoker.&lt;InvokeFilterPipelineAsync&gt;g__Awaited|20_0(ResourceInvoker invoker, Task lastTask, State next, Scope scope, Object state, Boolean isCompleted)
   at Microsoft.AspNetCore.Mvc.Infrastructure.ResourceInvoker.&lt;InvokeAsync&gt;g__Logged|17_1(ResourceInvoker invoker)
   at Microsoft.AspNetCore.Mvc.Infrastructure.ResourceInvoker.&lt;InvokeAsync&gt;g__Logged|17_1(ResourceInvoker invoker)
   at Api.Middleware.ConditionalRequestMiddleware.InvokeAsync(HttpContext context) in /home/runner/work/Crud/Crud/src/Api/Middleware/ConditionalRequestMiddleware.cs:line 30
   at Microsoft.AspNetCore.Authorization.AuthorizationMiddleware.Invoke(HttpContext context)
   at Microsoft.AspNetCore.Authentication.AuthenticationMiddleware.Invoke(HttpContext context)
   at Microsoft.AspNetCore.RateLimiting.RateLimitingMiddleware.InvokeInternal(HttpContext context, EnableRateLimitingAttribute enableRateLimitingAttribute)
   at Api.Middleware.GlobalExceptionHandlingMiddleware.InvokeAsync(HttpContext context) in /home/runner/work/Crud/Crud/src/Api/Middleware/GlobalExceptionHandlingMiddleware.cs:line 27
Activity.TraceId:            1e04642e73880b3e77ed6c01ad95648a
Activity.SpanId:             b285d94412b5d157
Activity.TraceFlags:         Recorded
Activity.ActivitySourceName: Microsoft.AspNetCore
Activity.DisplayName:        POST api/Auth/register
Activity.Kind:               Server
Activity.StartTime:          2025-09-11T03:41:44.8413567Z
Activity.Duration:           00:00:00.0026348
Activity.Tags:
    server.address: localhost
    http.request.method: POST
    url.scheme: http
    url.path: /api/auth/register
    network.protocol.version: 1.1
    http.route: api/Auth/register
    http.response.status_code: 400
Resource associated with Activity:
    deployment.environment: Testing
    service.name: Crud.Api
    service.version: 1.0.0
    service.instance.id: a483e3f3-32ea-4a50-a508-2cd77b6b2522
    telemetry.sdk.name: opentelemetry
    telemetry.sdk.language: dotnet
    telemetry.sdk.version: 1.8.1
[03:41:45 INF] User registered successfully: ab10cdad-3ff5-4772-8f6d-8d90f8b1dfaa {"SourceContext": "App.Features.Authentication.RegisterUserCommandHandler", "ActionId": "4fdf4e8c-bb1f-4c72-a21e-8a8aad5220dd", "ActionName": "Api.Controllers.AuthController.Register (Api)", "RequestId": "0HNFGSKFKDJ52", "RequestPath": "/api/auth/register", "Application": "Crud.Api"}
Activity.TraceId:            4ef697c1b98d97255a85e35f9151015f
Activity.SpanId:             99d0863a00669bdf
Activity.TraceFlags:         Recorded
Activity.ActivitySourceName: Microsoft.AspNetCore
Activity.DisplayName:        POST api/Auth/register
Activity.Kind:               Server
Activity.StartTime:          2025-09-11T03:41:44.8467191Z
Activity.Duration:           00:00:00.3032583
Activity.Tags:
    server.address: localhost
    http.request.method: POST
    url.scheme: http
    url.path: /api/auth/register
    network.protocol.version: 1.1
    http.route: api/Auth/register
    http.response.status_code: 200
Resource associated with Activity:
    deployment.environment: Testing
    service.name: Crud.Api
    service.version: 1.0.0
    service.instance.id: a483e3f3-32ea-4a50-a508-2cd77b6b2522
    telemetry.sdk.name: opentelemetry
    telemetry.sdk.language: dotnet
    telemetry.sdk.version: 1.8.1
[03:41:45 INF] Refresh token rotated successfully for user: ab10cdad-3ff5-4772-8f6d-8d90f8b1dfaa {"SourceContext": "App.Features.Authentication.RefreshTokenCommandHandler", "ActionId": "69344204-716f-476e-8a16-8ac5e4840dbd", "ActionName": "Api.Controllers.AuthController.Refresh (Api)", "RequestId": "0HNFGSKFKDJ53", "RequestPath": "/api/auth/refresh", "Application": "Crud.Api"}
Activity.TraceId:            90e0a2d4648f7610eb950f258548c0fe
Activity.SpanId:             2d0ad31066cc25c6
Activity.TraceFlags:         Recorded
Activity.ActivitySourceName: Microsoft.AspNetCore
Activity.DisplayName:        POST api/Auth/refresh
Activity.Kind:               Server
Activity.StartTime:          2025-09-11T03:41:45.1520482Z
Activity.Duration:           00:00:00.0072036
Activity.Tags:
    server.address: localhost
    http.request.method: POST
    url.scheme: http
    url.path: /api/auth/refresh
    network.protocol.version: 1.1
    http.route: api/Auth/refresh
    http.response.status_code: 200
Resource associated with Activity:
    deployment.environment: Testing
    service.name: Crud.Api
    service.version: 1.0.0
    service.instance.id: a483e3f3-32ea-4a50-a508-2cd77b6b2522
    telemetry.sdk.name: opentelemetry
    telemetry.sdk.language: dotnet
    telemetry.sdk.version: 1.8.1
Resource associated with Metric:
    deployment.environment: Testing
    service.name: Crud.Api
    service.version: 1.0.0
    service.instance.id: a483e3f3-32ea-4a50-a508-2cd77b6b2522
    telemetry.sdk.name: opentelemetry
    telemetry.sdk.language: dotnet
    telemetry.sdk.version: 1.8.1
Metric Name: http.server.active_requests, Number of active HTTP server requests., Unit: {request}, Meter: Microsoft.AspNetCore.Hosting
(2025-09-11T03:41:41.8412662Z, 2025-09-11T03:41:45.1699166Z] http.request.method: POST url.scheme: http LongSumNonMonotonic
Value: 0
(2025-09-11T03:41:41.8412662Z, 2025-09-11T03:41:45.1699166Z] http.request.method: GET url.scheme: http LongSumNonMonotonic
Value: 0
Metric Name: http.server.request.duration, Duration of HTTP server requests., Unit: s, Meter: Microsoft.AspNetCore.Hosting
[03:41:45 INF] Starting Crud API application {"Application": "Crud.Api"}
(2025-09-11T03:41:41.8428349Z, 2025-09-11T03:41:45.1701143Z] http.request.method: POST http.response.status_code: 200 http.route: api/Auth/register network.protocol.version: 1.1 url.scheme: http Histogram
Value: Sum: 2.6167927 Count: 6 Min: 0.3032381 Max: 1.037967 
(-Infinity,0.005]:0
(0.005,0.01]:0
(0.01,0.025]:0
(0.025,0.05]:0
(0.05,0.075]:0
(0.075,0.1]:0
(0.1,0.25]:0
(0.25,0.5]:5
(0.5,0.75]:0
(0.75,1]:0
(1,2.5]:1
(2.5,5]:0
(5,7.5]:0
(7.5,10]:0
(10,+Infinity]:0
(2025-09-11T03:41:41.8428349Z, 2025-09-11T03:41:45.1701143Z] http.request.method: GET http.response.status_code: 200 http.route: api/Auth/me network.protocol.version: 1.1 url.scheme: http Histogram
Value: Sum: 0.048501599999999985 Count: 12 Min: 0.0004615 Max: 0.0399592 
(-Infinity,0.005]:11
(0.005,0.01]:0
(0.01,0.025]:0
(0.025,0.05]:1
(0.05,0.075]:0
(0.075,0.1]:0
(0.1,0.25]:0
(0.25,0.5]:0
(0.5,0.75]:0
(0.75,1]:0
(1,2.5]:0
(2.5,5]:0
(5,7.5]:0
(7.5,10]:0
(10,+Infinity]:0
(2025-09-11T03:41:41.8428349Z, 2025-09-11T03:41:45.1701143Z] http.request.method: POST http.response.status_code: 200 http.route: api/Auth/login network.protocol.version: 1.1 url.scheme: http Histogram
Value: Sum: 0.3494885 Count: 1 Min: 0.3494885 Max: 0.3494885 
(-Infinity,0.005]:0
(0.005,0.01]:0
(0.01,0.025]:0
(0.025,0.05]:0
(0.05,0.075]:0
(0.075,0.1]:0
(0.1,0.25]:0
(0.25,0.5]:1
(0.5,0.75]:0
(0.75,1]:0
(1,2.5]:0
(2.5,5]:0
(5,7.5]:0
(7.5,10]:0
(10,+Infinity]:0
(2025-09-11T03:41:41.8428349Z, 2025-09-11T03:41:45.1701143Z] http.request.method: POST http.response.status_code: 200 http.route: api/Auth/refresh network.protocol.version: 1.1 url.scheme: http Histogram
Value: Sum: 0.07716120000000001 Count: 5 Min: 0.0072318 Max: 0.0454836 
(-Infinity,0.005]:0
(0.005,0.01]:4
(0.01,0.025]:0
(0.025,0.05]:1
(0.05,0.075]:0
(0.075,0.1]:0
(0.1,0.25]:0
(0.25,0.5]:0
(0.5,0.75]:0
(0.75,1]:0
(1,2.5]:0
(2.5,5]:0
(5,7.5]:0
(7.5,10]:0
(10,+Infinity]:0
(2025-09-11T03:41:41.8428349Z, 2025-09-11T03:41:45.1701143Z] http.request.method: POST http.response.status_code: 200 http.route: api/Auth/logout network.protocol.version: 1.1 url.scheme: http Histogram
Value: Sum: 0.0354068 Count: 1 Min: 0.0354068 Max: 0.0354068 
(-Infinity,0.005]:0
(0.005,0.01]:0
(0.01,0.025]:0
(0.025,0.05]:1
(0.05,0.075]:0
(0.075,0.1]:0
(0.1,0.25]:0
(0.25,0.5]:0
(0.5,0.75]:0
(0.75,1]:0
(1,2.5]:0
(2.5,5]:0
(5,7.5]:0
(7.5,10]:0
(10,+Infinity]:0
(2025-09-11T03:41:41.8428349Z, 2025-09-11T03:41:45.1701143Z] http.request.method: POST http.response.status_code: 401 http.route: api/Auth/refresh network.protocol.version: 1.1 url.scheme: http Histogram
Value: Sum: 0.0040214 Count: 1 Min: 0.0040214 Max: 0.0040214 
(-Infinity,0.005]:1
(0.005,0.01]:0
(0.01,0.025]:0
(0.025,0.05]:0
(0.05,0.075]:0
(0.075,0.1]:0
(0.1,0.25]:0
(0.25,0.5]:0
(0.5,0.75]:0
(0.75,1]:0
(1,2.5]:0
(2.5,5]:0
(5,7.5]:0
(7.5,10]:0
(10,+Infinity]:0
(2025-09-11T03:41:41.8428349Z, 2025-09-11T03:41:45.1701143Z] http.request.method: POST http.response.status_code: 400 http.route: api/Auth/register network.protocol.version: 1.1 url.scheme: http Histogram
Value: Sum: 0.0308004 Count: 3 Min: 0.0026329 Max: 0.0252859 
(-Infinity,0.005]:2
(0.005,0.01]:0
(0.01,0.025]:0
(0.025,0.05]:1
(0.05,0.075]:0
(0.075,0.1]:0
(0.1,0.25]:0
(0.25,0.5]:0
(0.5,0.75]:0
(0.75,1]:0
(1,2.5]:0
(2.5,5]:0
(5,7.5]:0
(7.5,10]:0
(10,+Infinity]:0
(2025-09-11T03:41:41.8428349Z, 2025-09-11T03:41:45.1701143Z] http.request.method: POST http.response.status_code: 401 http.route: api/Auth/login network.protocol.version: 1.1 url.scheme: http Histogram
Value: Sum: 0.003499 Count: 1 Min: 0.003499 Max: 0.003499 
(-Infinity,0.005]:1
(0.005,0.01]:0
(0.01,0.025]:0
(0.025,0.05]:0
(0.05,0.075]:0
(0.075,0.1]:0
(0.1,0.25]:0
(0.25,0.5]:0
(0.5,0.75]:0
(0.75,1]:0
(1,2.5]:0
(2.5,5]:0
(5,7.5]:0
(7.5,10]:0
(10,+Infinity]:0
(2025-09-11T03:41:41.8428349Z, 2025-09-11T03:41:45.1701143Z] http.request.method: GET http.response.status_code: 401 http.route: api/Auth/me network.protocol.version: 1.1 url.scheme: http Histogram
Value: Sum: 0.002717 Count: 1 Min: 0.002717 Max: 0.002717 
(-Infinity,0.005]:1
(0.005,0.01]:0
(0.01,0.025]:0
(0.025,0.05]:0
(0.05,0.075]:0
(0.075,0.1]:0
(0.1,0.25]:0
(0.25,0.5]:0
(0.5,0.75]:0
(0.75,1]:0
(1,2.5]:0
(2.5,5]:0
(5,7.5]:0
(7.5,10]:0
(10,+Infinity]:0
Metric Name: aspnetcore.rate_limiting.active_request_leases, Number of HTTP requests that are currently active on the server that hold a rate limiting lease., Unit: {request}, Meter: Microsoft.AspNetCore.RateLimiting
(2025-09-11T03:41:41.8837190Z, 2025-09-11T03:41:45.1701151Z] LongSumNonMonotonic
Value: 0
Metric Name: aspnetcore.rate_limiting.request_lease.duration, The duration of rate limiting leases held by HTTP requests on the server., Unit: s, Meter: Microsoft.AspNetCore.RateLimiting
(2025-09-11T03:41:41.8837659Z, 2025-09-11T03:41:45.1701159Z] Histogram
Value: Sum: 3.0752401999999988 Count: 31 Min: 0.0003257 Max: 0.9786569 
(-Infinity,0.005]:17
(0.005,0.01]:4
(0.01,0.025]:0
(0.025,0.05]:3
(0.05,0.075]:0
(0.075,0.1]:0
(0.1,0.25]:0
(0.25,0.5]:6
(0.5,0.75]:0
(0.75,1]:1
(1,2.5]:0
(2.5,5]:0
(5,7.5]:0
(7.5,10]:0
(10,+Infinity]:0
Metric Name: aspnetcore.rate_limiting.requests, Number of requests that tried to acquire a rate limiting lease. Requests could be rejected by global or endpoint rate limiting policies. Or the request could be canceled while waiting for the lease., Unit: {request}, Meter: Microsoft.AspNetCore.RateLimiting
(2025-09-11T03:41:41.8841840Z, 2025-09-11T03:41:45.1701182Z] aspnetcore.rate_limiting.result: acquired LongSum
Value: 31
Metric Name: aspnetcore.routing.match_attempts, Number of requests that were attempted to be matched to an endpoint., Unit: {match_attempt}, Meter: Microsoft.AspNetCore.Routing
(2025-09-11T03:41:41.8949298Z, 2025-09-11T03:41:45.1701188Z] aspnetcore.routing.is_fallback: false aspnetcore.routing.match_status: success http.route: api/Auth/register LongSum
Value: 9
(2025-09-11T03:41:41.8949298Z, 2025-09-11T03:41:45.1701188Z] aspnetcore.routing.is_fallback: false aspnetcore.routing.match_status: success http.route: api/Auth/me LongSum
Value: 13
(2025-09-11T03:41:41.8949298Z, 2025-09-11T03:41:45.1701188Z] aspnetcore.routing.is_fallback: false aspnetcore.routing.match_status: success http.route: api/Auth/login LongSum
Value: 2
(2025-09-11T03:41:41.8949298Z, 2025-09-11T03:41:45.1701188Z] aspnetcore.routing.is_fallback: false aspnetcore.routing.match_status: success http.route: api/Auth/refresh LongSum
Value: 6
(2025-09-11T03:41:41.8949298Z, 2025-09-11T03:41:45.1701188Z] aspnetcore.routing.is_fallback: false aspnetcore.routing.match_status: success http.route: api/Auth/logout LongSum
Value: 1
Activity.TraceId:            70e21cb5ef126b9a7f3ba88d7820cbfe
Activity.SpanId:             7177d40ac439d7e5
Activity.TraceFlags:         Recorded
Activity.ActivitySourceName: Microsoft.AspNetCore
Activity.DisplayName:        POST api/Auth/register
Activity.Kind:               Server
Activity.StartTime:          2025-09-11T03:41:45.4436774Z
Activity.Duration:           00:00:00.3818285
Activity.Tags:
    server.address: localhost
    http.request.method: POST
    url.scheme: http
    url.path: /api/auth/register
    network.protocol.version: 1.1
    http.route: api/Auth/register
    http.response.status_code: 200
Resource associated with Activity:
    deployment.environment: Testing
    service.name: Crud.Api
    service.version: 1.0.0
    service.instance.id: a483e3f3-32ea-4a50-a508-2cd77b6b2522
    telemetry.sdk.name: opentelemetry
    telemetry.sdk.language: dotnet
    telemetry.sdk.version: 1.8.1
Activity.TraceId:            e72230b5f9048e0b93560485651d1a22
Activity.SpanId:             981fde37f0e9b1ca
Activity.TraceFlags:         Recorded
Activity.ActivitySourceName: Microsoft.AspNetCore
Activity.DisplayName:        GET api/People
Activity.Kind:               Server
Activity.StartTime:          2025-09-11T03:41:45.8298203Z
Activity.Duration:           00:00:00.1580819
Activity.Tags:
    server.address: localhost
    http.request.method: GET
    url.scheme: http
    url.path: /api/people
    network.protocol.version: 1.1
    http.route: api/People
    http.response.status_code: 200
Resource associated with Activity:
    deployment.environment: Testing
    service.name: Crud.Api
    service.version: 1.0.0
    service.instance.id: a483e3f3-32ea-4a50-a508-2cd77b6b2522
    telemetry.sdk.name: opentelemetry
    telemetry.sdk.language: dotnet
    telemetry.sdk.version: 1.8.1
Activity.TraceId:            583bf868446f1e63ff7b7a7586f755ea
Activity.SpanId:             af138215204be47f
Activity.TraceFlags:         Recorded
Activity.ActivitySourceName: Microsoft.AspNetCore
Activity.DisplayName:        POST api/Auth/register
Activity.Kind:               Server
Activity.StartTime:          2025-09-11T03:41:45.9918468Z
Activity.Duration:           00:00:00.3042996
Activity.Tags:
    server.address: localhost
    http.request.method: POST
    url.scheme: http
    url.path: /api/auth/register
    network.protocol.version: 1.1
    http.route: api/Auth/register
    http.response.status_code: 200
Resource associated with Activity:
    deployment.environment: Testing
    service.name: Crud.Api
    service.version: 1.0.0
    service.instance.id: a483e3f3-32ea-4a50-a508-2cd77b6b2522
    telemetry.sdk.name: opentelemetry
    telemetry.sdk.language: dotnet
    telemetry.sdk.version: 1.8.1
Activity.TraceId:            0e282ca2c90609c954f03376a23e780a
Activity.SpanId:             50b53cbe48ec20da
Activity.TraceFlags:         Recorded
Activity.ActivitySourceName: Microsoft.AspNetCore
Activity.DisplayName:        GET api/People
Activity.Kind:               Server
Activity.StartTime:          2025-09-11T03:41:46.2991028Z
Activity.Duration:           00:00:00.0051352
Activity.Tags:
    server.address: localhost
    http.request.method: GET
    url.scheme: http
    url.path: /api/people
    network.protocol.version: 1.1
    http.route: api/People
    http.response.status_code: 200
Resource associated with Activity:
    deployment.environment: Testing
    service.name: Crud.Api
    service.version: 1.0.0
    service.instance.id: a483e3f3-32ea-4a50-a508-2cd77b6b2522
    telemetry.sdk.name: opentelemetry
    telemetry.sdk.language: dotnet
    telemetry.sdk.version: 1.8.1
Activity.TraceId:            3b5b1bfbdbffa8c5e1d04ddbadf5abeb
Activity.SpanId:             951193db43585329
Activity.TraceFlags:         Recorded
Activity.ActivitySourceName: Microsoft.AspNetCore
Activity.DisplayName:        POST api/Auth/register
Activity.Kind:               Server
Activity.StartTime:          2025-09-11T03:41:46.3089722Z
Activity.Duration:           00:00:00.3042151
Activity.Tags:
    server.address: localhost
    http.request.method: POST
    url.scheme: http
    url.path: /api/auth/register
    network.protocol.version: 1.1
    http.route: api/Auth/register
    http.response.status_code: 200
Resource associated with Activity:
    deployment.environment: Testing
    service.name: Crud.Api
    service.version: 1.0.0
    service.instance.id: a483e3f3-32ea-4a50-a508-2cd77b6b2522
    telemetry.sdk.name: opentelemetry
    telemetry.sdk.language: dotnet
    telemetry.sdk.version: 1.8.1
Activity.TraceId:            bb6e7fdf96ccfebe1ba40586eb9d72b3
Activity.SpanId:             4064c55b200274a3
Activity.TraceFlags:         Recorded
Activity.ActivitySourceName: Microsoft.AspNetCore
Activity.DisplayName:        GET api/People
Activity.Kind:               Server
Activity.StartTime:          2025-09-11T03:41:46.6151256Z
Activity.Duration:           00:00:00.0035107
Activity.Tags:
    server.address: localhost
    http.request.method: GET
    url.scheme: http
    url.path: /api/people
    network.protocol.version: 1.1
    http.route: api/People
    http.response.status_code: 200
Resource associated with Activity:
    deployment.environment: Testing
    service.name: Crud.Api
    service.version: 1.0.0
    service.instance.id: a483e3f3-32ea-4a50-a508-2cd77b6b2522
    telemetry.sdk.name: opentelemetry
    telemetry.sdk.language: dotnet
    telemetry.sdk.version: 1.8.1
Activity.TraceId:            c6cafbed274d47857021e2706e0460e2
Activity.SpanId:             17d839418957ccbb
Activity.TraceFlags:         Recorded
Activity.ActivitySourceName: Microsoft.AspNetCore
Activity.DisplayName:        POST api/Auth/register
Activity.Kind:               Server
Activity.StartTime:          2025-09-11T03:41:46.6202920Z
Activity.Duration:           00:00:00.3044416
Activity.Tags:
    server.address: localhost
    http.request.method: POST
    url.scheme: http
    url.path: /api/auth/register
    network.protocol.version: 1.1
    http.route: api/Auth/register
    http.response.status_code: 200
Resource associated with Activity:
    deployment.environment: Testing
    service.name: Crud.Api
    service.version: 1.0.0
    service.instance.id: a483e3f3-32ea-4a50-a508-2cd77b6b2522
    telemetry.sdk.name: opentelemetry
    telemetry.sdk.language: dotnet
    telemetry.sdk.version: 1.8.1
Activity.TraceId:            3cef442a5c3c7bbe247e6bf4fc32cd05
Activity.SpanId:             16253b4eb6a87601
Activity.TraceFlags:         Recorded
Activity.ActivitySourceName: Microsoft.AspNetCore
Activity.DisplayName:        GET api/People
Activity.Kind:               Server
Activity.StartTime:          2025-09-11T03:41:46.9266800Z
Activity.Duration:           00:00:00.0011865
Activity.Tags:
    server.address: localhost
    http.request.method: GET
    url.scheme: https
    url.path: /api/people
    network.protocol.version: 1.1
    http.route: api/People
    http.response.status_code: 200
Resource associated with Activity:
    deployment.environment: Testing
    service.name: Crud.Api
    service.version: 1.0.0
    service.instance.id: a483e3f3-32ea-4a50-a508-2cd77b6b2522
    telemetry.sdk.name: opentelemetry
    telemetry.sdk.language: dotnet
    telemetry.sdk.version: 1.8.1
Activity.TraceId:            f628253942f25fb5634ee9ef17df0e40
Activity.SpanId:             a93dce8812896b11
Activity.TraceFlags:         Recorded
Activity.ActivitySourceName: Microsoft.AspNetCore
Activity.DisplayName:        GET /health
Activity.Kind:               Server
Activity.StartTime:          2025-09-11T03:41:46.9294096Z
Activity.Duration:           00:00:00.0037071
Activity.Tags:
    server.address: localhost
    http.request.method: GET
    url.scheme: http
    url.path: /health
    network.protocol.version: 1.1
    http.route: /health
    http.response.status_code: 200
Resource associated with Activity:
    deployment.environment: Testing
    service.name: Crud.Api
    service.version: 1.0.0
    service.instance.id: a483e3f3-32ea-4a50-a508-2cd77b6b2522
    telemetry.sdk.name: opentelemetry
    telemetry.sdk.language: dotnet
    telemetry.sdk.version: 1.8.1
Activity.TraceId:            1d3c8b117ad2a77c530156d9719393c8
Activity.SpanId:             5d151efba8a6a211
Activity.TraceFlags:         Recorded
Activity.ActivitySourceName: Microsoft.AspNetCore
Activity.DisplayName:        POST api/Auth/register
Activity.Kind:               Server
Activity.StartTime:          2025-09-11T03:41:46.9374729Z
Activity.Duration:           00:00:00.3023392
Activity.Tags:
    server.address: localhost
    http.request.method: POST
    url.scheme: http
    url.path: /api/auth/register
    network.protocol.version: 1.1
    http.route: api/Auth/register
    http.response.status_code: 200
Resource associated with Activity:
    deployment.environment: Testing
    service.name: Crud.Api
    service.version: 1.0.0
    service.instance.id: a483e3f3-32ea-4a50-a508-2cd77b6b2522
    telemetry.sdk.name: opentelemetry
    telemetry.sdk.language: dotnet
    telemetry.sdk.version: 1.8.1
Activity.TraceId:            197f66e1ea0b9b879f025d1ba1b84b56
Activity.SpanId:             e04cb6c01190b9fb
Activity.TraceFlags:         Recorded
Activity.ActivitySourceName: Microsoft.AspNetCore
Activity.DisplayName:        POST api/Auth/register
Activity.Kind:               Server
Activity.StartTime:          2025-09-11T03:41:47.2416305Z
Activity.Duration:           00:00:00.3020005
Activity.Tags:
    server.address: localhost
    http.request.method: POST
    url.scheme: http
    url.path: /api/auth/register
    network.protocol.version: 1.1
    http.route: api/Auth/register
    http.response.status_code: 200
Resource associated with Activity:
    deployment.environment: Testing
    service.name: Crud.Api
    service.version: 1.0.0
    service.instance.id: a483e3f3-32ea-4a50-a508-2cd77b6b2522
    telemetry.sdk.name: opentelemetry
    telemetry.sdk.language: dotnet
    telemetry.sdk.version: 1.8.1
Activity.TraceId:            0222344e4f8aeccfbefc6214d2b88e94
Activity.SpanId:             44f86101396a4d68
Activity.TraceFlags:         Recorded
Activity.ActivitySourceName: Microsoft.AspNetCore
Activity.DisplayName:        GET api/People
Activity.Kind:               Server
Activity.StartTime:          2025-09-11T03:41:47.5440617Z
Activity.Duration:           00:00:00.0011888
Activity.Tags:
    server.address: localhost
    http.request.method: GET
    url.scheme: http
    url.path: /api/people
    network.protocol.version: 1.1
    http.route: api/People
    http.response.status_code: 200
Resource associated with Activity:
    deployment.environment: Testing
    service.name: Crud.Api
    service.version: 1.0.0
    service.instance.id: a483e3f3-32ea-4a50-a508-2cd77b6b2522
    telemetry.sdk.name: opentelemetry
    telemetry.sdk.language: dotnet
    telemetry.sdk.version: 1.8.1
Activity.TraceId:            650dc93a932cc46531be7f5e70cd8607
Activity.SpanId:             456225388550ada4
Activity.TraceFlags:         Recorded
Activity.ActivitySourceName: Microsoft.AspNetCore
Activity.DisplayName:        GET api/People
Activity.Kind:               Server
Activity.StartTime:          2025-09-11T03:41:47.5453877Z
Activity.Duration:           00:00:00.0007801
Activity.Tags:
    server.address: localhost
    http.request.method: GET
    url.scheme: http
    url.path: /api/people
    network.protocol.version: 1.1
    http.route: api/People
    http.response.status_code: 200
Resource associated with Activity:
    deployment.environment: Testing
    service.name: Crud.Api
    service.version: 1.0.0
    service.instance.id: a483e3f3-32ea-4a50-a508-2cd77b6b2522
    telemetry.sdk.name: opentelemetry
    telemetry.sdk.language: dotnet
    telemetry.sdk.version: 1.8.1
Resource associated with Metric:
    deployment.environment: Testing
    service.name: Crud.Api
    service.version: 1.0.0
    service.instance.id: a483e3f3-32ea-4a50-a508-2cd77b6b2522
    telemetry.sdk.name: opentelemetry
    telemetry.sdk.language: dotnet
    telemetry.sdk.version: 1.8.1
Metric Name: http.server.active_requests, Number of active HTTP server requests., Unit: {request}, Meter: Microsoft.AspNetCore.Hosting
(2025-09-11T03:41:45.4262766Z, 2025-09-11T03:41:47.5508827Z] http.request.method: POST url.scheme: http LongSumNonMonotonic
Value: 0
(2025-09-11T03:41:45.4262766Z, 2025-09-11T03:41:47.5508827Z] http.request.method: GET url.scheme: http LongSumNonMonotonic
Value: 0
(2025-09-11T03:41:45.4262766Z, 2025-09-11T03:41:47.5508827Z] http.request.method: GET url.scheme: https LongSumNonMonotonic
Value: 0
Metric Name: http.server.request.duration, Duration of HTTP server requests., Unit: s, Meter: Microsoft.AspNetCore.Hosting
(2025-09-11T03:41:45.4263082Z, 2025-09-11T03:41:47.5508851Z] http.request.method: POST http.response.status_code: 200 http.route: api/Auth/register network.protocol.version: 1.1 url.scheme: http Histogram
Value: Sum: 1.8990995 Count: 6 Min: 0.3019885 Max: 0.3818457 
(-Infinity,0.005]:0
(0.005,0.01]:0
(0.01,0.025]:0
(0.025,0.05]:0
(0.05,0.075]:0
(0.075,0.1]:0
(0.1,0.25]:0
(0.25,0.5]:6
(0.5,0.75]:0
(0.75,1]:0
(1,2.5]:0
(2.5,5]:0
(5,7.5]:0
(7.5,10]:0
(10,+Infinity]:0
(2025-09-11T03:41:45.4263082Z, 2025-09-11T03:41:47.5508851Z] http.request.method: GET http.response.status_code: 200 http.route: api/People network.protocol.version: 1.1 url.scheme: http Histogram
Value: Sum: 0.1687631 Count: 5 Min: 0.0007823 Max: 0.1580574 
(-Infinity,0.005]:3
(0.005,0.01]:1
(0.01,0.025]:0
(0.025,0.05]:0
(0.05,0.075]:0
(0.075,0.1]:0
(0.1,0.25]:1
(0.25,0.5]:0
(0.5,0.75]:0
(0.75,1]:0
(1,2.5]:0
(2.5,5]:0
(5,7.5]:0
(7.5,10]:0
(10,+Infinity]:0
(2025-09-11T03:41:45.4263082Z, 2025-09-11T03:41:47.5508851Z] http.request.method: GET http.response.status_code: 200 http.route: api/People network.protocol.version: 1.1 url.scheme: https Histogram
Value: Sum: 0.0012105 Count: 1 Min: 0.0012105 Max: 0.0012105 
(-Infinity,0.005]:1
(0.005,0.01]:0
(0.01,0.025]:0
(0.025,0.05]:0
(0.05,0.075]:0
(0.075,0.1]:0
(0.1,0.25]:0
(0.25,0.5]:0
(0.5,0.75]:0
(0.75,1]:0
(1,2.5]:0
(2.5,5]:0
(5,7.5]:0
(7.5,10]:0
(10,+Infinity]:0
(2025-09-11T03:41:45.4263082Z, 2025-09-11T03:41:47.5508851Z] http.request.method: GET http.response.status_code: 200 http.route: /health network.protocol.version: 1.1 url.scheme: http Histogram
Value: Sum: 0.0036801 Count: 1 Min: 0.0036801 Max: 0.0036801 
(-Infinity,0.005]:1
(0.005,0.01]:0
(0.01,0.025]:0
(0.025,0.05]:0
(0.05,0.075]:0
(0.075,0.1]:0
(0.1,0.25]:0
(0.25,0.5]:0
(0.5,0.75]:0
(0.75,1]:0
(1,2.5]:0
(2.5,5]:0
(5,7.5]:0
(7.5,10]:0
(10,+Infinity]:0
Metric Name: aspnetcore.rate_limiting.active_request_leases, Number of HTTP requests that are currently active on the server that hold a rate limiting lease., Unit: {request}, Meter: Microsoft.AspNetCore.RateLimiting
(2025-09-11T03:41:45.4355632Z, 2025-09-11T03:41:47.5508854Z] LongSumNonMonotonic
Value: 0
Metric Name: aspnetcore.rate_limiting.request_lease.duration, The duration of rate limiting leases held by HTTP requests on the server., Unit: s, Meter: Microsoft.AspNetCore.RateLimiting
(2025-09-11T03:41:45.4355939Z, 2025-09-11T03:41:47.5508858Z] Histogram
Value: Sum: 2.0428441 Count: 13 Min: 0.0005575 Max: 0.3648307 
(-Infinity,0.005]:6
(0.005,0.01]:0
(0.01,0.025]:0
(0.025,0.05]:0
(0.05,0.075]:0
(0.075,0.1]:0
(0.1,0.25]:1
(0.25,0.5]:6
(0.5,0.75]:0
(0.75,1]:0
(1,2.5]:0
(2.5,5]:0
(5,7.5]:0
(7.5,10]:0
(10,+Infinity]:0
Metric Name: aspnetcore.rate_limiting.requests, Number of requests that tried to acquire a rate limiting lease. Requests could be rejected by global or endpoint rate limiting policies. Or the request could be canceled while waiting for the lease., Unit: {request}, Meter: Microsoft.AspNetCore.RateLimiting
(2025-09-11T03:41:45.4356533Z, 2025-09-11T03:41:47.5508867Z] aspnetcore.rate_limiting.result: acquired LongSum
Value: 13
Metric Name: aspnetcore.routing.match_attempts, Number of requests that were attempted to be matched to an endpoint., Unit: {match_attempt}, Meter: Microsoft.AspNetCore.Routing
(2025-09-11T03:41:45.4401201Z, 2025-09-11T03:41:47.5508870Z] aspnetcore.routing.is_fallback: false aspnetcore.routing.match_status: success http.route: api/Auth/register LongSum
Value: 6
(2025-09-11T03:41:45.4401201Z, 2025-09-11T03:41:47.5508870Z] aspnetcore.routing.is_fallback: false aspnetcore.routing.match_status: success http.route: api/People LongSum
Value: 6
(2025-09-11T03:41:45.4401201Z, 2025-09-11T03:41:47.5508870Z] aspnetcore.routing.is_fallback: false aspnetcore.routing.match_status: success http.route: /health LongSum
Value: 1
[03:41:47 INF] Starting Crud API application {"Application": "Crud.Api"}
[03:41:47 INF] Using SQLite provider with connection: Data Source=TestDatabase.db {"Application": "Crud.Api"}
[03:41:47 INF] Database ensured successfully {"Application": "Crud.Api"}
[03:41:47 INF] Application configured successfully. Starting web host... {"Application": "Crud.Api"}
[03:41:47 WRN] Failed to determine the https port for redirect. {"EventId": {"Id": 3, "Name": "FailedToDeterminePort"}, "SourceContext": "Microsoft.AspNetCore.HttpsPolicy.HttpsRedirectionMiddleware", "RequestId": "0HNFGSKFKDJ54", "RequestPath": "/api/auth/register", "Application": "Crud.Api"}
[03:41:47 INF] User registered successfully: 0983d1b1-bed4-409b-9dee-8e45fae5bafd {"SourceContext": "App.Features.Authentication.RegisterUserCommandHandler", "ActionId": "b38ee326-d2eb-49d4-9e94-982bb9bd2008", "ActionName": "Api.Controllers.AuthController.Register (Api)", "RequestId": "0HNFGSKFKDJ54", "RequestPath": "/api/auth/register", "Application": "Crud.Api"}
Activity.TraceId:            b5d7a982ef5e6fc18ee60ec15ebf88a9
Activity.SpanId:             c0c4e6e46415ded9
Activity.TraceFlags:         Recorded
Activity.ActivitySourceName: Microsoft.AspNetCore
Activity.DisplayName:        POST api/Auth/register
Activity.Kind:               Server
Activity.StartTime:          2025-09-11T03:41:47.6266958Z
Activity.Duration:           00:00:00.3123400
Activity.Tags:
    server.address: localhost
    http.request.method: POST
    url.scheme: http
    url.path: /api/auth/register
    network.protocol.version: 1.1
    http.route: api/Auth/register
    http.response.status_code: 200
Resource associated with Activity:
    deployment.environment: Testing
    service.name: Crud.Api
    service.version: 1.0.0
    service.instance.id: a483e3f3-32ea-4a50-a508-2cd77b6b2522
    telemetry.sdk.name: opentelemetry
    telemetry.sdk.language: dotnet
    telemetry.sdk.version: 1.8.1
[03:41:47 DBG] Cache miss for key: list:person {"SourceContext": "Infrastructure.Services.Caching.InMemoryCacheService", "ActionId": "6eb3e74b-e27e-4e75-a4b5-d0f7bb9299cc", "ActionName": "Api.Controllers.PeopleController.List (Api)", "RequestId": "0HNFGSKFKDJ55", "RequestPath": "/api/people", "Application": "Crud.Api"}
[03:41:47 DBG] Set cache value for key: list:person {"SourceContext": "Infrastructure.Services.Caching.InMemoryCacheService", "ActionId": "6eb3e74b-e27e-4e75-a4b5-d0f7bb9299cc", "ActionName": "Api.Controllers.PeopleController.List (Api)", "RequestId": "0HNFGSKFKDJ55", "RequestPath": "/api/people", "Application": "Crud.Api"}
Activity.TraceId:            df2b8fb0400c482da96003d48ad497cb
Activity.SpanId:             b7c4b6fc26890f75
Activity.TraceFlags:         Recorded
Activity.ActivitySourceName: Microsoft.AspNetCore
Activity.DisplayName:        GET api/People
Activity.Kind:               Server
Activity.StartTime:          2025-09-11T03:41:47.9417487Z
Activity.Duration:           00:00:00.0230652
Activity.Tags:
    server.address: localhost
    http.request.method: GET
    url.scheme: http
    url.path: /api/people
    network.protocol.version: 1.1
    http.route: api/People
    http.response.status_code: 200
Resource associated with Activity:
    deployment.environment: Testing
    service.name: Crud.Api
    service.version: 1.0.0
    service.instance.id: a483e3f3-32ea-4a50-a508-2cd77b6b2522
    telemetry.sdk.name: opentelemetry
    telemetry.sdk.language: dotnet
    telemetry.sdk.version: 1.8.1
[03:41:48 INF] User registered successfully: 0c8d5ac4-979a-4df8-b6f2-3321eb4ad1b7 {"SourceContext": "App.Features.Authentication.RegisterUserCommandHandler", "ActionId": "b38ee326-d2eb-49d4-9e94-982bb9bd2008", "ActionName": "Api.Controllers.AuthController.Register (Api)", "RequestId": "0HNFGSKFKDJ56", "RequestPath": "/api/auth/register", "Application": "Crud.Api"}
Activity.TraceId:            9ef5b3d53e45e0d5ea48bc478b362c57
Activity.SpanId:             3fc421f6852dd5fd
Activity.TraceFlags:         Recorded
Activity.ActivitySourceName: Microsoft.AspNetCore
Activity.DisplayName:        POST api/Auth/register
Activity.Kind:               Server
Activity.StartTime:          2025-09-11T03:41:47.9672388Z
Activity.Duration:           00:00:00.3038571
Activity.Tags:
    server.address: localhost
    http.request.method: POST
    url.scheme: http
    url.path: /api/auth/register
    network.protocol.version: 1.1
    http.route: api/Auth/register
    http.response.status_code: 200
Resource associated with Activity:
    deployment.environment: Testing
    service.name: Crud.Api
    service.version: 1.0.0
    service.instance.id: a483e3f3-32ea-4a50-a508-2cd77b6b2522
    telemetry.sdk.name: opentelemetry
    telemetry.sdk.language: dotnet
    telemetry.sdk.version: 1.8.1
[03:41:48 DBG] Cache miss for key: list:wall {"SourceContext": "Infrastructure.Services.Caching.InMemoryCacheService", "ActionId": "b40b249a-c5d8-4e02-9076-950464f12259", "ActionName": "Api.Controllers.WallsController.List (Api)", "RequestId": "0HNFGSKFKDJ57", "RequestPath": "/api/walls", "Application": "Crud.Api"}
[03:41:48 DBG] Set cache value for key: list:wall {"SourceContext": "Infrastructure.Services.Caching.InMemoryCacheService", "ActionId": "b40b249a-c5d8-4e02-9076-950464f12259", "ActionName": "Api.Controllers.WallsController.List (Api)", "RequestId": "0HNFGSKFKDJ57", "RequestPath": "/api/walls", "Application": "Crud.Api"}
Activity.TraceId:            8506b61d357b4d773334d6e9e5612a5c
Activity.SpanId:             ccae7763faadb331
Activity.TraceFlags:         Recorded
Activity.ActivitySourceName: Microsoft.AspNetCore
Activity.DisplayName:        GET api/Walls
Activity.Kind:               Server
Activity.StartTime:          2025-09-11T03:41:48.2726603Z
Activity.Duration:           00:00:00.0256792
Activity.Tags:
    server.address: localhost
    http.request.method: GET
    url.scheme: http
    url.path: /api/walls
    network.protocol.version: 1.1
    http.route: api/Walls
    http.response.status_code: 200
Resource associated with Activity:
    deployment.environment: Testing
    service.name: Crud.Api
    service.version: 1.0.0
    service.instance.id: a483e3f3-32ea-4a50-a508-2cd77b6b2522
    telemetry.sdk.name: opentelemetry
    telemetry.sdk.language: dotnet
    telemetry.sdk.version: 1.8.1
[03:41:48 INF] User registered successfully: 52166a1e-e0b1-4f18-958d-bd45ec01e462 {"SourceContext": "App.Features.Authentication.RegisterUserCommandHandler", "ActionId": "b38ee326-d2eb-49d4-9e94-982bb9bd2008", "ActionName": "Api.Controllers.AuthController.Register (Api)", "RequestId": "0HNFGSKFKDJ58", "RequestPath": "/api/auth/register", "Application": "Crud.Api"}
Activity.TraceId:            a62bbf1ca26e6a8f9c360d4c3c36a4c4
Activity.SpanId:             c2f7386c695cbd92
Activity.TraceFlags:         Recorded
Activity.ActivitySourceName: Microsoft.AspNetCore
Activity.DisplayName:        POST api/Auth/register
Activity.Kind:               Server
Activity.StartTime:          2025-09-11T03:41:48.2998696Z
Activity.Duration:           00:00:00.3034104
Activity.Tags:
    server.address: localhost
    http.request.method: POST
    url.scheme: http
    url.path: /api/auth/register
    network.protocol.version: 1.1
    http.route: api/Auth/register
    http.response.status_code: 200
Resource associated with Activity:
    deployment.environment: Testing
    service.name: Crud.Api
    service.version: 1.0.0
    service.instance.id: a483e3f3-32ea-4a50-a508-2cd77b6b2522
    telemetry.sdk.name: opentelemetry
    telemetry.sdk.language: dotnet
    telemetry.sdk.version: 1.8.1
[03:41:48 DBG] Cache miss for key: list:role {"SourceContext": "Infrastructure.Services.Caching.InMemoryCacheService", "ActionId": "e37a1718-92fc-4307-b649-e6b291f00014", "ActionName": "Api.Controllers.RolesController.List (Api)", "RequestId": "0HNFGSKFKDJ59", "RequestPath": "/api/roles", "Application": "Crud.Api"}
[03:41:48 DBG] Set cache value for key: list:role {"SourceContext": "Infrastructure.Services.Caching.InMemoryCacheService", "ActionId": "e37a1718-92fc-4307-b649-e6b291f00014", "ActionName": "Api.Controllers.RolesController.List (Api)", "RequestId": "0HNFGSKFKDJ59", "RequestPath": "/api/roles", "Application": "Crud.Api"}
Activity.TraceId:            15614e5b2f81273508a6c78d46744b07
Activity.SpanId:             d40d3d2f8a5f632a
Activity.TraceFlags:         Recorded
Activity.ActivitySourceName: Microsoft.AspNetCore
Activity.DisplayName:        GET api/Roles
Activity.Kind:               Server
Activity.StartTime:          2025-09-11T03:41:48.6045089Z
Activity.Duration:           00:00:00.0223494
Activity.Tags:
    server.address: localhost
    http.request.method: GET
    url.scheme: http
    url.path: /api/roles
    network.protocol.version: 1.1
    http.route: api/Roles
    http.response.status_code: 200
Resource associated with Activity:
    deployment.environment: Testing
    service.name: Crud.Api
    service.version: 1.0.0
    service.instance.id: a483e3f3-32ea-4a50-a508-2cd77b6b2522
    telemetry.sdk.name: opentelemetry
    telemetry.sdk.language: dotnet
    telemetry.sdk.version: 1.8.1
[03:41:48 INF] User registered successfully: fe5e992c-4fe2-4cce-9f16-f7978e5d18d7 {"SourceContext": "App.Features.Authentication.RegisterUserCommandHandler", "ActionId": "b38ee326-d2eb-49d4-9e94-982bb9bd2008", "ActionName": "Api.Controllers.AuthController.Register (Api)", "RequestId": "0HNFGSKFKDJ5A", "RequestPath": "/api/auth/register", "Application": "Crud.Api"}
Activity.TraceId:            e6afd389043185e5c009c34fa7b7096b
Activity.SpanId:             2a03b084a812653d
Activity.TraceFlags:         Recorded
Activity.ActivitySourceName: Microsoft.AspNetCore
Activity.DisplayName:        POST api/Auth/register
Activity.Kind:               Server
Activity.StartTime:          2025-09-11T03:41:48.6281822Z
Activity.Duration:           00:00:00.3020380
Activity.Tags:
    server.address: localhost
    http.request.method: POST
    url.scheme: http
    url.path: /api/auth/register
    network.protocol.version: 1.1
    http.route: api/Auth/register
    http.response.status_code: 200
Resource associated with Activity:
    deployment.environment: Testing
    service.name: Crud.Api
    service.version: 1.0.0
    service.instance.id: a483e3f3-32ea-4a50-a508-2cd77b6b2522
    telemetry.sdk.name: opentelemetry
    telemetry.sdk.language: dotnet
    telemetry.sdk.version: 1.8.1
[03:41:48 DBG] Cache miss for key: list:window {"SourceContext": "Infrastructure.Services.Caching.InMemoryCacheService", "ActionId": "80daf215-e176-4830-b6d0-c5e5b46e9bdf", "ActionName": "Api.Controllers.WindowsController.List (Api)", "RequestId": "0HNFGSKFKDJ5B", "RequestPath": "/api/windows", "Application": "Crud.Api"}
[03:41:48 DBG] Set cache value for key: list:window {"SourceContext": "Infrastructure.Services.Caching.InMemoryCacheService", "ActionId": "80daf215-e176-4830-b6d0-c5e5b46e9bdf", "ActionName": "Api.Controllers.WindowsController.List (Api)", "RequestId": "0HNFGSKFKDJ5B", "RequestPath": "/api/windows", "Application": "Crud.Api"}
Activity.TraceId:            8f14734f2960939ecc0d1540eecd7b3b
Activity.SpanId:             9bbed59c862ecb3b
Activity.TraceFlags:         Recorded
Activity.ActivitySourceName: Microsoft.AspNetCore
Activity.DisplayName:        GET api/Windows
Activity.Kind:               Server
Activity.StartTime:          2025-09-11T03:41:48.9319850Z
Activity.Duration:           00:00:00.0216008
Activity.Tags:
    server.address: localhost
    http.request.method: GET
    url.scheme: http
    url.path: /api/windows
    network.protocol.version: 1.1
    http.route: api/Windows
    http.response.status_code: 200
Resource associated with Activity:
    deployment.environment: Testing
    service.name: Crud.Api
    service.version: 1.0.0
    service.instance.id: a483e3f3-32ea-4a50-a508-2cd77b6b2522
    telemetry.sdk.name: opentelemetry
    telemetry.sdk.language: dotnet
    telemetry.sdk.version: 1.8.1
[03:41:49 INF] User registered successfully: 67fc52bc-e171-4b95-bff6-60ebfe09a572 {"SourceContext": "App.Features.Authentication.RegisterUserCommandHandler", "ActionId": "b38ee326-d2eb-49d4-9e94-982bb9bd2008", "ActionName": "Api.Controllers.AuthController.Register (Api)", "RequestId": "0HNFGSKFKDJ5C", "RequestPath": "/api/auth/register", "Application": "Crud.Api"}
Activity.TraceId:            5f140a77b80047bdc069677ee7caf796
Activity.SpanId:             40f7bda98a290d09
Activity.TraceFlags:         Recorded
Activity.ActivitySourceName: Microsoft.AspNetCore
Activity.DisplayName:        POST api/Auth/register
Activity.Kind:               Server
Activity.StartTime:          2025-09-11T03:41:48.9558972Z
Activity.Duration:           00:00:00.3010971
Activity.Tags:
    server.address: localhost
    http.request.method: POST
    url.scheme: http
    url.path: /api/auth/register
    network.protocol.version: 1.1
    http.route: api/Auth/register
    http.response.status_code: 200
Resource associated with Activity:
    deployment.environment: Testing
    service.name: Crud.Api
    service.version: 1.0.0
    service.instance.id: a483e3f3-32ea-4a50-a508-2cd77b6b2522
    telemetry.sdk.name: opentelemetry
    telemetry.sdk.language: dotnet
    telemetry.sdk.version: 1.8.1
[03:41:49 DBG] Cache hit for key: list:person {"SourceContext": "Infrastructure.Services.Caching.InMemoryCacheService", "ActionId": "6eb3e74b-e27e-4e75-a4b5-d0f7bb9299cc", "ActionName": "Api.Controllers.PeopleController.List (Api)", "RequestId": "0HNFGSKFKDJ5D", "RequestPath": "/api/people", "Application": "Crud.Api"}
Activity.TraceId:            68baaef663554e2554af10172f523873
Activity.SpanId:             129e40acca54e9a0
Activity.TraceFlags:         Recorded
Activity.ActivitySourceName: Microsoft.AspNetCore
Activity.DisplayName:        GET api/People
Activity.Kind:               Server
Activity.StartTime:          2025-09-11T03:41:49.2585515Z
Activity.Duration:           00:00:00.0012652
Activity.Tags:
    server.address: localhost
    http.request.method: GET
    url.scheme: http
    url.path: /api/people
    network.protocol.version: 1.1
    http.route: api/People
    http.response.status_code: 200
Resource associated with Activity:
    deployment.environment: Testing
    service.name: Crud.Api
    service.version: 1.0.0
    service.instance.id: a483e3f3-32ea-4a50-a508-2cd77b6b2522
    telemetry.sdk.name: opentelemetry
    telemetry.sdk.language: dotnet
    telemetry.sdk.version: 1.8.1
[03:41:49 INF] User registered successfully: 1fdbf1cd-3233-489f-b206-4979412ad93d {"SourceContext": "App.Features.Authentication.RegisterUserCommandHandler", "ActionId": "b38ee326-d2eb-49d4-9e94-982bb9bd2008", "ActionName": "Api.Controllers.AuthController.Register (Api)", "RequestId": "0HNFGSKFKDJ5E", "RequestPath": "/api/auth/register", "Application": "Crud.Api"}
Activity.TraceId:            1b07fed02fb5c1a847b34f5848a00e1a
Activity.SpanId:             bfc71721b5fa09e2
Activity.TraceFlags:         Recorded
Activity.ActivitySourceName: Microsoft.AspNetCore
Activity.DisplayName:        POST api/Auth/register
Activity.Kind:               Server
Activity.StartTime:          2025-09-11T03:41:49.2640631Z
Activity.Duration:           00:00:00.3016245
Activity.Tags:
    server.address: localhost
    http.request.method: POST
    url.scheme: http
    url.path: /api/auth/register
    network.protocol.version: 1.1
    http.route: api/Auth/register
    http.response.status_code: 200
Resource associated with Activity:
    deployment.environment: Testing
    service.name: Crud.Api
    service.version: 1.0.0
    service.instance.id: a483e3f3-32ea-4a50-a508-2cd77b6b2522
    telemetry.sdk.name: opentelemetry
    telemetry.sdk.language: dotnet
    telemetry.sdk.version: 1.8.1
[03:41:49 INF] User logged in successfully: 1fdbf1cd-3233-489f-b206-4979412ad93d {"SourceContext": "App.Features.Authentication.LoginCommandHandler", "ActionId": "2f83dd5e-bf2c-4137-a309-e4d55760391e", "ActionName": "Api.Controllers.AuthController.Login (Api)", "RequestId": "0HNFGSKFKDJ5F", "RequestPath": "/api/auth/login", "Application": "Crud.Api"}
Activity.TraceId:            f8bb0cdc9988c69eb80be44175a12019
Activity.SpanId:             88aa6f0d6e1130eb
Activity.TraceFlags:         Recorded
Activity.ActivitySourceName: Microsoft.AspNetCore
Activity.DisplayName:        POST api/Auth/login
Activity.Kind:               Server
Activity.StartTime:          2025-09-11T03:41:49.5707697Z
Activity.Duration:           00:00:00.3113425
Activity.Tags:
    server.address: localhost
    http.request.method: POST
    url.scheme: http
    url.path: /api/auth/login
    network.protocol.version: 1.1
    http.route: api/Auth/login
    http.response.status_code: 200
Resource associated with Activity:
    deployment.environment: Testing
    service.name: Crud.Api
    service.version: 1.0.0
    service.instance.id: a483e3f3-32ea-4a50-a508-2cd77b6b2522
    telemetry.sdk.name: opentelemetry
    telemetry.sdk.language: dotnet
    telemetry.sdk.version: 1.8.1
[03:41:49 DBG] Removed cache value for key: entity:wall:b00d45fee6e9452a97369bbf65d70656 {"SourceContext": "Infrastructure.Services.Caching.InMemoryCacheService", "ActionId": "a1d1afa8-bdc5-4fe3-8558-9a3f4fb8db27", "ActionName": "Api.Controllers.WallsController.Create (Api)", "RequestId": "0HNFGSKFKDJ5G", "RequestPath": "/api/walls", "Application": "Crud.Api"}
[03:41:49 DBG] Removed cache value for key: list:wall {"SourceContext": "Infrastructure.Services.Caching.InMemoryCacheService", "ActionId": "a1d1afa8-bdc5-4fe3-8558-9a3f4fb8db27", "ActionName": "Api.Controllers.WallsController.Create (Api)", "RequestId": "0HNFGSKFKDJ5G", "RequestPath": "/api/walls", "Application": "Crud.Api"}
[03:41:49 DBG] Invalidating cache for entity type: walls with tag: walls {"SourceContext": "Api.Services.OutputCacheInvalidationService", "ActionId": "a1d1afa8-bdc5-4fe3-8558-9a3f4fb8db27", "ActionName": "Api.Controllers.WallsController.Create (Api)", "RequestId": "0HNFGSKFKDJ5G", "RequestPath": "/api/walls", "Application": "Crud.Api"}
[03:41:49 INF] Successfully invalidated cache for entity type: walls {"SourceContext": "Api.Services.OutputCacheInvalidationService", "ActionId": "a1d1afa8-bdc5-4fe3-8558-9a3f4fb8db27", "ActionName": "Api.Controllers.WallsController.Create (Api)", "RequestId": "0HNFGSKFKDJ5G", "RequestPath": "/api/walls", "Application": "Crud.Api"}
Activity.TraceId:            3ba5f72ad454de7dc43fb10f2da6fbdc
Activity.SpanId:             b77c2ad7cc2a2f57
Activity.TraceFlags:         Recorded
Activity.ActivitySourceName: Microsoft.AspNetCore
Activity.DisplayName:        POST api/Walls
Activity.Kind:               Server
Activity.StartTime:          2025-09-11T03:41:49.8858738Z
Activity.Duration:           00:00:00.0768265
Activity.Tags:
    server.address: localhost
    http.request.method: POST
    url.scheme: http
    url.path: /api/walls
    network.protocol.version: 1.1
    http.route: api/Walls
    http.response.status_code: 201
Resource associated with Activity:
    deployment.environment: Testing
    service.name: Crud.Api
    service.version: 1.0.0
    service.instance.id: a483e3f3-32ea-4a50-a508-2cd77b6b2522
    telemetry.sdk.name: opentelemetry
    telemetry.sdk.language: dotnet
    telemetry.sdk.version: 1.8.1
[03:41:50 INF] User registered successfully: 4b2acaf3-6b74-48f6-90d8-50edfa1451d8 {"SourceContext": "App.Features.Authentication.RegisterUserCommandHandler", "ActionId": "b38ee326-d2eb-49d4-9e94-982bb9bd2008", "ActionName": "Api.Controllers.AuthController.Register (Api)", "RequestId": "0HNFGSKFKDJ5H", "RequestPath": "/api/auth/register", "Application": "Crud.Api"}
Activity.TraceId:            cdad0d5f6683e84e09a113a0b607681a
Activity.SpanId:             a199ccbe905918c6
Activity.TraceFlags:         Recorded
Activity.ActivitySourceName: Microsoft.AspNetCore
Activity.DisplayName:        POST api/Auth/register
Activity.Kind:               Server
Activity.StartTime:          2025-09-11T03:41:49.9642326Z
Activity.Duration:           00:00:00.3012939
Activity.Tags:
    server.address: localhost
    http.request.method: POST
    url.scheme: http
    url.path: /api/auth/register
    network.protocol.version: 1.1
    http.route: api/Auth/register
    http.response.status_code: 200
Resource associated with Activity:
    deployment.environment: Testing
    service.name: Crud.Api
    service.version: 1.0.0
    service.instance.id: a483e3f3-32ea-4a50-a508-2cd77b6b2522
    telemetry.sdk.name: opentelemetry
    telemetry.sdk.language: dotnet
    telemetry.sdk.version: 1.8.1
[03:41:50 INF] User logged in successfully: 4b2acaf3-6b74-48f6-90d8-50edfa1451d8 {"SourceContext": "App.Features.Authentication.LoginCommandHandler", "ActionId": "2f83dd5e-bf2c-4137-a309-e4d55760391e", "ActionName": "Api.Controllers.AuthController.Login (Api)", "RequestId": "0HNFGSKFKDJ5I", "RequestPath": "/api/auth/login", "Application": "Crud.Api"}
Activity.TraceId:            c7bde0cb9f6b30ba686e812d62b84056
Activity.SpanId:             6685b21d16b7af60
Activity.TraceFlags:         Recorded
Activity.ActivitySourceName: Microsoft.AspNetCore
Activity.DisplayName:        POST api/Auth/login
Activity.Kind:               Server
Activity.StartTime:          2025-09-11T03:41:50.2676122Z
Activity.Duration:           00:00:00.3006143
Activity.Tags:
    server.address: localhost
    http.request.method: POST
    url.scheme: http
    url.path: /api/auth/login
    network.protocol.version: 1.1
    http.route: api/Auth/login
    http.response.status_code: 200
Resource associated with Activity:
    deployment.environment: Testing
    service.name: Crud.Api
    service.version: 1.0.0
    service.instance.id: a483e3f3-32ea-4a50-a508-2cd77b6b2522
    telemetry.sdk.name: opentelemetry
    telemetry.sdk.language: dotnet
    telemetry.sdk.version: 1.8.1
[03:41:50 DBG] Cache miss for key: name:role:test_role {"SourceContext": "Infrastructure.Services.Caching.InMemoryCacheService", "ActionId": "b13c1404-0edd-4d75-9305-6ee64cbca813", "ActionName": "Api.Controllers.RolesController.Create (Api)", "RequestId": "0HNFGSKFKDJ5J", "RequestPath": "/api/roles", "Application": "Crud.Api"}
[03:41:50 DBG] Removed cache value for key: entity:role:f0446227fc1446f6be549a0b428bf9b2 {"SourceContext": "Infrastructure.Services.Caching.InMemoryCacheService", "ActionId": "b13c1404-0edd-4d75-9305-6ee64cbca813", "ActionName": "Api.Controllers.RolesController.Create (Api)", "RequestId": "0HNFGSKFKDJ5J", "RequestPath": "/api/roles", "Application": "Crud.Api"}
[03:41:50 DBG] Removed cache value for key: list:role {"SourceContext": "Infrastructure.Services.Caching.InMemoryCacheService", "ActionId": "b13c1404-0edd-4d75-9305-6ee64cbca813", "ActionName": "Api.Controllers.RolesController.Create (Api)", "RequestId": "0HNFGSKFKDJ5J", "RequestPath": "/api/roles", "Application": "Crud.Api"}
[03:41:50 DBG] Invalidating cache for entity type: roles with tag: roles {"SourceContext": "Api.Services.OutputCacheInvalidationService", "ActionId": "b13c1404-0edd-4d75-9305-6ee64cbca813", "ActionName": "Api.Controllers.RolesController.Create (Api)", "RequestId": "0HNFGSKFKDJ5J", "RequestPath": "/api/roles", "Application": "Crud.Api"}
[03:41:50 INF] Successfully invalidated cache for entity type: roles {"SourceContext": "Api.Services.OutputCacheInvalidationService", "ActionId": "b13c1404-0edd-4d75-9305-6ee64cbca813", "ActionName": "Api.Controllers.RolesController.Create (Api)", "RequestId": "0HNFGSKFKDJ5J", "RequestPath": "/api/roles", "Application": "Crud.Api"}
Activity.TraceId:            67d7d0dc8a87ad449a7cd52847eaf947
Activity.SpanId:             c87ae08b1db2167c
Activity.TraceFlags:         Recorded
Activity.ActivitySourceName: Microsoft.AspNetCore
Activity.DisplayName:        POST api/Roles
Activity.Kind:               Server
Activity.StartTime:          2025-09-11T03:41:50.5700941Z
Activity.Duration:           00:00:00.0381840
Activity.Tags:
    server.address: localhost
    http.request.method: POST
    url.scheme: http
    url.path: /api/roles
    network.protocol.version: 1.1
    http.route: api/Roles
    http.response.status_code: 201
Resource associated with Activity:
    deployment.environment: Testing
    service.name: Crud.Api
    service.version: 1.0.0
    service.instance.id: a483e3f3-32ea-4a50-a508-2cd77b6b2522
    telemetry.sdk.name: opentelemetry
    telemetry.sdk.language: dotnet
    telemetry.sdk.version: 1.8.1
[03:41:50 INF] User registered successfully: 07d426d4-04e1-4753-8416-6d58fc4c91c9 {"SourceContext": "App.Features.Authentication.RegisterUserCommandHandler", "ActionId": "b38ee326-d2eb-49d4-9e94-982bb9bd2008", "ActionName": "Api.Controllers.AuthController.Register (Api)", "RequestId": "0HNFGSKFKDJ5K", "RequestPath": "/api/auth/register", "Application": "Crud.Api"}
Activity.TraceId:            478d0bf0d9fa69060c64900be605233d
Activity.SpanId:             ef6f3f11b206e37e
Activity.TraceFlags:         Recorded
Activity.ActivitySourceName: Microsoft.AspNetCore
Activity.DisplayName:        POST api/Auth/register
Activity.Kind:               Server
Activity.StartTime:          2025-09-11T03:41:50.6100315Z
Activity.Duration:           00:00:00.3026060
Activity.Tags:
    server.address: localhost
    http.request.method: POST
    url.scheme: http
    url.path: /api/auth/register
    network.protocol.version: 1.1
    http.route: api/Auth/register
    http.response.status_code: 200
Resource associated with Activity:
    deployment.environment: Testing
    service.name: Crud.Api
    service.version: 1.0.0
    service.instance.id: a483e3f3-32ea-4a50-a508-2cd77b6b2522
    telemetry.sdk.name: opentelemetry
    telemetry.sdk.language: dotnet
    telemetry.sdk.version: 1.8.1
[03:41:51 INF] User logged in successfully: 07d426d4-04e1-4753-8416-6d58fc4c91c9 {"SourceContext": "App.Features.Authentication.LoginCommandHandler", "ActionId": "2f83dd5e-bf2c-4137-a309-e4d55760391e", "ActionName": "Api.Controllers.AuthController.Login (Api)", "RequestId": "0HNFGSKFKDJ5L", "RequestPath": "/api/auth/login", "Application": "Crud.Api"}
Activity.TraceId:            ea3ce3089aad29681c010bf883f090f4
Activity.SpanId:             4f8a813c53414f58
Activity.TraceFlags:         Recorded
Activity.ActivitySourceName: Microsoft.AspNetCore
Activity.DisplayName:        POST api/Auth/login
Activity.Kind:               Server
Activity.StartTime:          2025-09-11T03:41:50.9148971Z
Activity.Duration:           00:00:00.3086727
Activity.Tags:
    server.address: localhost
    http.request.method: POST
    url.scheme: http
    url.path: /api/auth/login
    network.protocol.version: 1.1
    http.route: api/Auth/login
    http.response.status_code: 200
Resource associated with Activity:
    deployment.environment: Testing
    service.name: Crud.Api
    service.version: 1.0.0
    service.instance.id: a483e3f3-32ea-4a50-a508-2cd77b6b2522
    telemetry.sdk.name: opentelemetry
    telemetry.sdk.language: dotnet
    telemetry.sdk.version: 1.8.1
[03:41:51 DBG] Removed cache value for key: entity:window:a6a2e4075efe4f9c8faa234d197ab5b7 {"SourceContext": "Infrastructure.Services.Caching.InMemoryCacheService", "ActionId": "a72e9db8-30cc-4d28-bba5-50865bfca409", "ActionName": "Api.Controllers.WindowsController.Create (Api)", "RequestId": "0HNFGSKFKDJ5M", "RequestPath": "/api/windows", "Application": "Crud.Api"}
[03:41:51 DBG] Removed cache value for key: list:window {"SourceContext": "Infrastructure.Services.Caching.InMemoryCacheService", "ActionId": "a72e9db8-30cc-4d28-bba5-50865bfca409", "ActionName": "Api.Controllers.WindowsController.Create (Api)", "RequestId": "0HNFGSKFKDJ5M", "RequestPath": "/api/windows", "Application": "Crud.Api"}
[03:41:51 DBG] Invalidating cache for entity type: windows with tag: windows {"SourceContext": "Api.Services.OutputCacheInvalidationService", "ActionId": "a72e9db8-30cc-4d28-bba5-50865bfca409", "ActionName": "Api.Controllers.WindowsController.Create (Api)", "RequestId": "0HNFGSKFKDJ5M", "RequestPath": "/api/windows", "Application": "Crud.Api"}
[03:41:51 INF] Successfully invalidated cache for entity type: windows {"SourceContext": "Api.Services.OutputCacheInvalidationService", "ActionId": "a72e9db8-30cc-4d28-bba5-50865bfca409", "ActionName": "Api.Controllers.WindowsController.Create (Api)", "RequestId": "0HNFGSKFKDJ5M", "RequestPath": "/api/windows", "Application": "Crud.Api"}
Activity.TraceId:            4b7803299eef76cc1768ab19eb897dd7
Activity.SpanId:             867e212a8c16a470
Activity.TraceFlags:         Recorded
Activity.ActivitySourceName: Microsoft.AspNetCore
Activity.DisplayName:        POST api/Windows
Activity.Kind:               Server
Activity.StartTime:          2025-09-11T03:41:51.2263455Z
Activity.Duration:           00:00:00.0637917
Activity.Tags:
    server.address: localhost
    http.request.method: POST
    url.scheme: http
    url.path: /api/windows
    network.protocol.version: 1.1
    http.route: api/Windows
    http.response.status_code: 201
Resource associated with Activity:
    deployment.environment: Testing
    service.name: Crud.Api
    service.version: 1.0.0
    service.instance.id: a483e3f3-32ea-4a50-a508-2cd77b6b2522
    telemetry.sdk.name: opentelemetry
    telemetry.sdk.language: dotnet
    telemetry.sdk.version: 1.8.1
[03:41:51 INF] User registered successfully: 7580fba1-326a-40b6-be91-add0f749fd39 {"SourceContext": "App.Features.Authentication.RegisterUserCommandHandler", "ActionId": "b38ee326-d2eb-49d4-9e94-982bb9bd2008", "ActionName": "Api.Controllers.AuthController.Register (Api)", "RequestId": "0HNFGSKFKDJ5N", "RequestPath": "/api/auth/register", "Application": "Crud.Api"}
Activity.TraceId:            08e980b51ce9e283b06c3e771231e4c4
Activity.SpanId:             5fd28efcca93055b
Activity.TraceFlags:         Recorded
Activity.ActivitySourceName: Microsoft.AspNetCore
Activity.DisplayName:        POST api/Auth/register
Activity.Kind:               Server
Activity.StartTime:          2025-09-11T03:41:51.2918289Z
Activity.Duration:           00:00:00.3022748
Activity.Tags:
    server.address: localhost
    http.request.method: POST
    url.scheme: http
    url.path: /api/auth/register
    network.protocol.version: 1.1
    http.route: api/Auth/register
    http.response.status_code: 200
Resource associated with Activity:
    deployment.environment: Testing
    service.name: Crud.Api
    service.version: 1.0.0
    service.instance.id: a483e3f3-32ea-4a50-a508-2cd77b6b2522
    telemetry.sdk.name: opentelemetry
    telemetry.sdk.language: dotnet
    telemetry.sdk.version: 1.8.1
[03:41:51 INF] User logged in successfully: 7580fba1-326a-40b6-be91-add0f749fd39 {"SourceContext": "App.Features.Authentication.LoginCommandHandler", "ActionId": "2f83dd5e-bf2c-4137-a309-e4d55760391e", "ActionName": "Api.Controllers.AuthController.Login (Api)", "RequestId": "0HNFGSKFKDJ5O", "RequestPath": "/api/auth/login", "Application": "Crud.Api"}
Activity.TraceId:            0de94256416b153c409a67e3ddb3b10b
Activity.SpanId:             2576ebc26dc6bcff
Activity.TraceFlags:         Recorded
Activity.ActivitySourceName: Microsoft.AspNetCore
Activity.DisplayName:        POST api/Auth/login
Activity.Kind:               Server
Activity.StartTime:          2025-09-11T03:41:51.5984775Z
Activity.Duration:           00:00:00.3056710
Activity.Tags:
    server.address: localhost
    http.request.method: POST
    url.scheme: http
    url.path: /api/auth/login
    network.protocol.version: 1.1
    http.route: api/Auth/login
    http.response.status_code: 200
Resource associated with Activity:
    deployment.environment: Testing
    service.name: Crud.Api
    service.version: 1.0.0
    service.instance.id: a483e3f3-32ea-4a50-a508-2cd77b6b2522
    telemetry.sdk.name: opentelemetry
    telemetry.sdk.language: dotnet
    telemetry.sdk.version: 1.8.1
[03:41:51 DBG] Removed cache value for key: entity:person:b1768657155d40109c9866c9f2a8af91 {"SourceContext": "Infrastructure.Services.Caching.InMemoryCacheService", "ActionId": "3fe6d8bf-ddc4-465f-b0b5-d853bbf2280e", "ActionName": "Api.Controllers.PeopleController.Create (Api)", "RequestId": "0HNFGSKFKDJ5P", "RequestPath": "/api/people", "Application": "Crud.Api"}
[03:41:51 DBG] Removed cache value for key: list:person {"SourceContext": "Infrastructure.Services.Caching.InMemoryCacheService", "ActionId": "3fe6d8bf-ddc4-465f-b0b5-d853bbf2280e", "ActionName": "Api.Controllers.PeopleController.Create (Api)", "RequestId": "0HNFGSKFKDJ5P", "RequestPath": "/api/people", "Application": "Crud.Api"}
[03:41:51 DBG] Invalidating cache for entity type: people with tag: people {"SourceContext": "Api.Services.OutputCacheInvalidationService", "ActionId": "3fe6d8bf-ddc4-465f-b0b5-d853bbf2280e", "ActionName": "Api.Controllers.PeopleController.Create (Api)", "RequestId": "0HNFGSKFKDJ5P", "RequestPath": "/api/people", "Application": "Crud.Api"}
[03:41:51 INF] Successfully invalidated cache for entity type: people {"SourceContext": "Api.Services.OutputCacheInvalidationService", "ActionId": "3fe6d8bf-ddc4-465f-b0b5-d853bbf2280e", "ActionName": "Api.Controllers.PeopleController.Create (Api)", "RequestId": "0HNFGSKFKDJ5P", "RequestPath": "/api/people", "Application": "Crud.Api"}
Activity.TraceId:            6738ddfe97162bd7896b2f3f45eaea6f
Activity.SpanId:             4b8b98ddf6e62fd2
Activity.TraceFlags:         Recorded
Activity.ActivitySourceName: Microsoft.AspNetCore
Activity.DisplayName:        POST api/People
Activity.Kind:               Server
Activity.StartTime:          2025-09-11T03:41:51.9058526Z
Activity.Duration:           00:00:00.0311169
Activity.Tags:
    server.address: localhost
    http.request.method: POST
    url.scheme: http
    url.path: /api/people
    network.protocol.version: 1.1
    http.route: api/People
    http.response.status_code: 201
Resource associated with Activity:
    deployment.environment: Testing
    service.name: Crud.Api
    service.version: 1.0.0
    service.instance.id: a483e3f3-32ea-4a50-a508-2cd77b6b2522
    telemetry.sdk.name: opentelemetry
    telemetry.sdk.language: dotnet
    telemetry.sdk.version: 1.8.1
[03:41:52 INF] User registered successfully: 77272c53-5ca4-45b8-bc55-072499c06c3a {"SourceContext": "App.Features.Authentication.RegisterUserCommandHandler", "ActionId": "b38ee326-d2eb-49d4-9e94-982bb9bd2008", "ActionName": "Api.Controllers.AuthController.Register (Api)", "RequestId": "0HNFGSKFKDJ5Q", "RequestPath": "/api/auth/register", "Application": "Crud.Api"}
Activity.TraceId:            bda0735a6250291c3f994a2e2975f6c3
Activity.SpanId:             b8feb6cfb8e48add
Activity.TraceFlags:         Recorded
Activity.ActivitySourceName: Microsoft.AspNetCore
Activity.DisplayName:        POST api/Auth/register
Activity.Kind:               Server
Activity.StartTime:          2025-09-11T03:41:51.9383684Z
Activity.Duration:           00:00:00.3003407
Activity.Tags:
    server.address: localhost
    http.request.method: POST
    url.scheme: http
    url.path: /api/auth/register
    network.protocol.version: 1.1
    http.route: api/Auth/register
    http.response.status_code: 200
Resource associated with Activity:
    deployment.environment: Testing
    service.name: Crud.Api
    service.version: 1.0.0
    service.instance.id: a483e3f3-32ea-4a50-a508-2cd77b6b2522
    telemetry.sdk.name: opentelemetry
    telemetry.sdk.language: dotnet
    telemetry.sdk.version: 1.8.1
[03:41:52 DBG] Cache miss for key: list:window {"SourceContext": "Infrastructure.Services.Caching.InMemoryCacheService", "ActionId": "80daf215-e176-4830-b6d0-c5e5b46e9bdf", "ActionName": "Api.Controllers.WindowsController.List (Api)", "RequestId": "0HNFGSKFKDJ5R", "RequestPath": "/api/windows", "Application": "Crud.Api"}
[03:41:52 DBG] Set cache value for key: list:window {"SourceContext": "Infrastructure.Services.Caching.InMemoryCacheService", "ActionId": "80daf215-e176-4830-b6d0-c5e5b46e9bdf", "ActionName": "Api.Controllers.WindowsController.List (Api)", "RequestId": "0HNFGSKFKDJ5R", "RequestPath": "/api/windows", "Application": "Crud.Api"}
Activity.TraceId:            01c52304a2f7c8c5a06cd4d408e65613
Activity.SpanId:             451dc4f085eedc12
Activity.TraceFlags:         Recorded
Activity.ActivitySourceName: Microsoft.AspNetCore
Activity.DisplayName:        GET api/Windows
Activity.Kind:               Server
Activity.StartTime:          2025-09-11T03:41:52.2401255Z
Activity.Duration:           00:00:00.0044902
Activity.Tags:
    server.address: localhost
    http.request.method: GET
    url.scheme: http
    url.path: /api/windows
    network.protocol.version: 1.1
    http.route: api/Windows
    http.response.status_code: 200
Resource associated with Activity:
    deployment.environment: Testing
    service.name: Crud.Api
    service.version: 1.0.0
    service.instance.id: a483e3f3-32ea-4a50-a508-2cd77b6b2522
    telemetry.sdk.name: opentelemetry
    telemetry.sdk.language: dotnet
    telemetry.sdk.version: 1.8.1
[03:41:52 INF] User registered successfully: da92615b-f2f4-43bb-984c-e6a0cf77dbd7 {"SourceContext": "App.Features.Authentication.RegisterUserCommandHandler", "ActionId": "b38ee326-d2eb-49d4-9e94-982bb9bd2008", "ActionName": "Api.Controllers.AuthController.Register (Api)", "RequestId": "0HNFGSKFKDJ5S", "RequestPath": "/api/auth/register", "Application": "Crud.Api"}
Activity.TraceId:            16b0fbb66c76e4974f42251c321bf925
Activity.SpanId:             dec3373a736a498f
Activity.TraceFlags:         Recorded
Activity.ActivitySourceName: Microsoft.AspNetCore
Activity.DisplayName:        POST api/Auth/register
Activity.Kind:               Server
Activity.StartTime:          2025-09-11T03:41:52.2460102Z
Activity.Duration:           00:00:00.3022235
Activity.Tags:
    server.address: localhost
    http.request.method: POST
    url.scheme: http
    url.path: /api/auth/register
    network.protocol.version: 1.1
    http.route: api/Auth/register
    http.response.status_code: 200
Resource associated with Activity:
    deployment.environment: Testing
    service.name: Crud.Api
    service.version: 1.0.0
    service.instance.id: a483e3f3-32ea-4a50-a508-2cd77b6b2522
    telemetry.sdk.name: opentelemetry
    telemetry.sdk.language: dotnet
    telemetry.sdk.version: 1.8.1
[03:41:52 DBG] Cache miss for key: list:wall {"SourceContext": "Infrastructure.Services.Caching.InMemoryCacheService", "ActionId": "b40b249a-c5d8-4e02-9076-950464f12259", "ActionName": "Api.Controllers.WallsController.List (Api)", "RequestId": "0HNFGSKFKDJ5T", "RequestPath": "/api/walls", "Application": "Crud.Api"}
[03:41:52 DBG] Set cache value for key: list:wall {"SourceContext": "Infrastructure.Services.Caching.InMemoryCacheService", "ActionId": "b40b249a-c5d8-4e02-9076-950464f12259", "ActionName": "Api.Controllers.WallsController.List (Api)", "RequestId": "0HNFGSKFKDJ5T", "RequestPath": "/api/walls", "Application": "Crud.Api"}
Activity.TraceId:            0ce2309adec761731ffaf1e5aacf6c9f
Activity.SpanId:             25de3b2cba022c22
Activity.TraceFlags:         Recorded
Activity.ActivitySourceName: Microsoft.AspNetCore
Activity.DisplayName:        GET api/Walls
Activity.Kind:               Server
Activity.StartTime:          2025-09-11T03:41:52.5502379Z
Activity.Duration:           00:00:00.0032758
Activity.Tags:
    server.address: localhost
    http.request.method: GET
    url.scheme: http
    url.path: /api/walls
    network.protocol.version: 1.1
    http.route: api/Walls
    http.response.status_code: 200
Resource associated with Activity:
    deployment.environment: Testing
    service.name: Crud.Api
    service.version: 1.0.0
    service.instance.id: a483e3f3-32ea-4a50-a508-2cd77b6b2522
    telemetry.sdk.name: opentelemetry
    telemetry.sdk.language: dotnet
    telemetry.sdk.version: 1.8.1
[03:41:52 INF] User registered successfully: cf27f8b8-ae1e-4565-89a0-693795e9a16c {"SourceContext": "App.Features.Authentication.RegisterUserCommandHandler", "ActionId": "b38ee326-d2eb-49d4-9e94-982bb9bd2008", "ActionName": "Api.Controllers.AuthController.Register (Api)", "RequestId": "0HNFGSKFKDJ5U", "RequestPath": "/api/auth/register", "Application": "Crud.Api"}
Activity.TraceId:            04063134f580887a5aacc1eec9ec213d
Activity.SpanId:             643720f8f1a63df7
Activity.TraceFlags:         Recorded
Activity.ActivitySourceName: Microsoft.AspNetCore
Activity.DisplayName:        POST api/Auth/register
Activity.Kind:               Server
Activity.StartTime:          2025-09-11T03:41:52.5549588Z
Activity.Duration:           00:00:00.2999368
Activity.Tags:
    server.address: localhost
    http.request.method: POST
    url.scheme: http
    url.path: /api/auth/register
    network.protocol.version: 1.1
    http.route: api/Auth/register
    http.response.status_code: 200
Resource associated with Activity:
    deployment.environment: Testing
    service.name: Crud.Api
    service.version: 1.0.0
    service.instance.id: a483e3f3-32ea-4a50-a508-2cd77b6b2522
    telemetry.sdk.name: opentelemetry
    telemetry.sdk.language: dotnet
    telemetry.sdk.version: 1.8.1
[03:41:52 DBG] Cache miss for key: list:role {"SourceContext": "Infrastructure.Services.Caching.InMemoryCacheService", "ActionId": "e37a1718-92fc-4307-b649-e6b291f00014", "ActionName": "Api.Controllers.RolesController.List (Api)", "RequestId": "0HNFGSKFKDJ5V", "RequestPath": "/api/roles", "Application": "Crud.Api"}
[03:41:52 DBG] Set cache value for key: list:role {"SourceContext": "Infrastructure.Services.Caching.InMemoryCacheService", "ActionId": "e37a1718-92fc-4307-b649-e6b291f00014", "ActionName": "Api.Controllers.RolesController.List (Api)", "RequestId": "0HNFGSKFKDJ5V", "RequestPath": "/api/roles", "Application": "Crud.Api"}
Activity.TraceId:            eaa4d115d3958f5d03dfca3e1828980b
Activity.SpanId:             6f86cfd9fb9ddc72
Activity.TraceFlags:         Recorded
Activity.ActivitySourceName: Microsoft.AspNetCore
Activity.DisplayName:        GET api/Roles
Activity.Kind:               Server
Activity.StartTime:          2025-09-11T03:41:52.8570462Z
Activity.Duration:           00:00:00.0026801
Activity.Tags:
    server.address: localhost
    http.request.method: GET
    url.scheme: http
    url.path: /api/roles
    network.protocol.version: 1.1
    http.route: api/Roles
    http.response.status_code: 200
Resource associated with Activity:
    deployment.environment: Testing
    service.name: Crud.Api
    service.version: 1.0.0
    service.instance.id: a483e3f3-32ea-4a50-a508-2cd77b6b2522
    telemetry.sdk.name: opentelemetry
    telemetry.sdk.language: dotnet
    telemetry.sdk.version: 1.8.1
[03:41:53 INF] User registered successfully: e419ad0f-17b9-4681-bd27-eee5a23bca72 {"SourceContext": "App.Features.Authentication.RegisterUserCommandHandler", "ActionId": "b38ee326-d2eb-49d4-9e94-982bb9bd2008", "ActionName": "Api.Controllers.AuthController.Register (Api)", "RequestId": "0HNFGSKFKDJ60", "RequestPath": "/api/auth/register", "Application": "Crud.Api"}
Activity.TraceId:            d67bfb79684d91fe343a86d6d0b348a9
Activity.SpanId:             d26ab97046d12855
Activity.TraceFlags:         Recorded
Activity.ActivitySourceName: Microsoft.AspNetCore
Activity.DisplayName:        POST api/Auth/register
Activity.Kind:               Server
Activity.StartTime:          2025-09-11T03:41:52.8621670Z
Activity.Duration:           00:00:00.3035993
Activity.Tags:
    server.address: localhost
    http.request.method: POST
    url.scheme: http
    url.path: /api/auth/register
    network.protocol.version: 1.1
    http.route: api/Auth/register
    http.response.status_code: 200
Resource associated with Activity:
    deployment.environment: Testing
    service.name: Crud.Api
    service.version: 1.0.0
    service.instance.id: a483e3f3-32ea-4a50-a508-2cd77b6b2522
    telemetry.sdk.name: opentelemetry
    telemetry.sdk.language: dotnet
    telemetry.sdk.version: 1.8.1
[03:41:53 DBG] Cache hit for key: list:role {"SourceContext": "Infrastructure.Services.Caching.InMemoryCacheService", "ActionId": "e37a1718-92fc-4307-b649-e6b291f00014", "ActionName": "Api.Controllers.RolesController.List (Api)", "RequestId": "0HNFGSKFKDJ61", "RequestPath": "/api/roles", "Application": "Crud.Api"}
Activity.TraceId:            5d3133b318f5cc9ae05aaa60e47f4b1b
Activity.SpanId:             178b11f280a13dc8
Activity.TraceFlags:         Recorded
Activity.ActivitySourceName: Microsoft.AspNetCore
Activity.DisplayName:        GET api/Roles
Activity.Kind:               Server
Activity.StartTime:          2025-09-11T03:41:53.1672687Z
Activity.Duration:           00:00:00.0017595
Activity.Tags:
    server.address: localhost
    http.request.method: GET
    url.scheme: http
    url.path: /api/roles
    network.protocol.version: 1.1
    http.route: api/Roles
    http.response.status_code: 200
Resource associated with Activity:
    deployment.environment: Testing
    service.name: Crud.Api
    service.version: 1.0.0
    service.instance.id: a483e3f3-32ea-4a50-a508-2cd77b6b2522
    telemetry.sdk.name: opentelemetry
    telemetry.sdk.language: dotnet
    telemetry.sdk.version: 1.8.1
[03:41:53 INF] User registered successfully: 99d8eef3-5bb7-4ed4-9222-4644be435f5a {"SourceContext": "App.Features.Authentication.RegisterUserCommandHandler", "ActionId": "b38ee326-d2eb-49d4-9e94-982bb9bd2008", "ActionName": "Api.Controllers.AuthController.Register (Api)", "RequestId": "0HNFGSKFKDJ62", "RequestPath": "/api/auth/register", "Application": "Crud.Api"}
Activity.TraceId:            274a655ee4af0fe940169565f0a316f4
Activity.SpanId:             018909d9612a7550
Activity.TraceFlags:         Recorded
Activity.ActivitySourceName: Microsoft.AspNetCore
Activity.DisplayName:        POST api/Auth/register
Activity.Kind:               Server
Activity.StartTime:          2025-09-11T03:41:53.1718389Z
Activity.Duration:           00:00:00.3045107
Activity.Tags:
    server.address: localhost
    http.request.method: POST
    url.scheme: http
    url.path: /api/auth/register
    network.protocol.version: 1.1
    http.route: api/Auth/register
    http.response.status_code: 200
Resource associated with Activity:
    deployment.environment: Testing
    service.name: Crud.Api
    service.version: 1.0.0
    service.instance.id: a483e3f3-32ea-4a50-a508-2cd77b6b2522
    telemetry.sdk.name: opentelemetry
    telemetry.sdk.language: dotnet
    telemetry.sdk.version: 1.8.1
[03:41:53 DBG] Cache hit for key: list:role {"SourceContext": "Infrastructure.Services.Caching.InMemoryCacheService", "ActionId": "e37a1718-92fc-4307-b649-e6b291f00014", "ActionName": "Api.Controllers.RolesController.List (Api)", "RequestId": "0HNFGSKFKDJ63", "RequestPath": "/api/roles", "Application": "Crud.Api"}
Activity.TraceId:            88b6c5914acd797ad60c0a3766208194
Activity.SpanId:             0a8abcb795f633c1
Activity.TraceFlags:         Recorded
Activity.ActivitySourceName: Microsoft.AspNetCore
Activity.DisplayName:        GET api/Roles
Activity.Kind:               Server
Activity.StartTime:          2025-09-11T03:41:53.4781364Z
Activity.Duration:           00:00:00.0010270
Activity.Tags:
    server.address: localhost
    http.request.method: GET
    url.scheme: http
    url.path: /api/roles
    network.protocol.version: 1.1
    http.route: api/Roles
    http.response.status_code: 200
Resource associated with Activity:
    deployment.environment: Testing
    service.name: Crud.Api
    service.version: 1.0.0
    service.instance.id: a483e3f3-32ea-4a50-a508-2cd77b6b2522
    telemetry.sdk.name: opentelemetry
    telemetry.sdk.language: dotnet
    telemetry.sdk.version: 1.8.1
[03:41:53 INF] User registered successfully: 182f4358-692f-4c3e-ba32-37ca615decfd {"SourceContext": "App.Features.Authentication.RegisterUserCommandHandler", "ActionId": "b38ee326-d2eb-49d4-9e94-982bb9bd2008", "ActionName": "Api.Controllers.AuthController.Register (Api)", "RequestId": "0HNFGSKFKDJ64", "RequestPath": "/api/auth/register", "Application": "Crud.Api"}
Activity.TraceId:            52cddec5d320b1351e65bd64fe7c4a06
Activity.SpanId:             3ca4e9bda9880df6
Activity.TraceFlags:         Recorded
Activity.ActivitySourceName: Microsoft.AspNetCore
Activity.DisplayName:        POST api/Auth/register
Activity.Kind:               Server
Activity.StartTime:          2025-09-11T03:41:53.4814006Z
Activity.Duration:           00:00:00.3143911
Activity.Tags:
    server.address: localhost
    http.request.method: POST
    url.scheme: http
    url.path: /api/auth/register
    network.protocol.version: 1.1
    http.route: api/Auth/register
    http.response.status_code: 200
Resource associated with Activity:
    deployment.environment: Testing
    service.name: Crud.Api
    service.version: 1.0.0
    service.instance.id: a483e3f3-32ea-4a50-a508-2cd77b6b2522
    telemetry.sdk.name: opentelemetry
    telemetry.sdk.language: dotnet
    telemetry.sdk.version: 1.8.1
[03:41:54 INF] User logged in successfully: 182f4358-692f-4c3e-ba32-37ca615decfd {"SourceContext": "App.Features.Authentication.LoginCommandHandler", "ActionId": "2f83dd5e-bf2c-4137-a309-e4d55760391e", "ActionName": "Api.Controllers.AuthController.Login (Api)", "RequestId": "0HNFGSKFKDJ65", "RequestPath": "/api/auth/login", "Application": "Crud.Api"}
Activity.TraceId:            7733d36fd8e4e2736525ed35060877c5
Activity.SpanId:             ed9e05273f42d068
Activity.TraceFlags:         Recorded
Activity.ActivitySourceName: Microsoft.AspNetCore
Activity.DisplayName:        POST api/Auth/login
Activity.Kind:               Server
Activity.StartTime:          2025-09-11T03:41:53.7986947Z
Activity.Duration:           00:00:00.3020915
Activity.Tags:
    server.address: localhost
    http.request.method: POST
    url.scheme: http
    url.path: /api/auth/login
    network.protocol.version: 1.1
    http.route: api/Auth/login
    http.response.status_code: 200
Resource associated with Activity:
    deployment.environment: Testing
    service.name: Crud.Api
    service.version: 1.0.0
    service.instance.id: a483e3f3-32ea-4a50-a508-2cd77b6b2522
    telemetry.sdk.name: opentelemetry
    telemetry.sdk.language: dotnet
    telemetry.sdk.version: 1.8.1
Activity.TraceId:            5feac06f3765876ecbe021b98cba943e
Activity.SpanId:             1bd097003d261ddd
Activity.TraceFlags:         Recorded
Activity.ActivitySourceName: Microsoft.AspNetCore
Activity.DisplayName:        PATCH
Activity.Kind:               Server
Activity.StartTime:          2025-09-11T03:41:54.1038592Z
Activity.Duration:           00:00:00.0004753
Activity.Tags:
    server.address: localhost
    http.request.method: PATCH
    url.scheme: http
    url.path: /api/roles
    network.protocol.version: 1.1
    http.response.status_code: 405
Resource associated with Activity:
    deployment.environment: Testing
    service.name: Crud.Api
    service.version: 1.0.0
    service.instance.id: a483e3f3-32ea-4a50-a508-2cd77b6b2522
    telemetry.sdk.name: opentelemetry
    telemetry.sdk.language: dotnet
    telemetry.sdk.version: 1.8.1
[03:41:54 INF] User registered successfully: 9fc875e8-a29d-49f4-960a-b488dbda1587 {"SourceContext": "App.Features.Authentication.RegisterUserCommandHandler", "ActionId": "b38ee326-d2eb-49d4-9e94-982bb9bd2008", "ActionName": "Api.Controllers.AuthController.Register (Api)", "RequestId": "0HNFGSKFKDJ67", "RequestPath": "/api/auth/register", "Application": "Crud.Api"}
Activity.TraceId:            15777e1b45f5c9567d7a65350a2b5381
Activity.SpanId:             0bf37e6e47d6c2f4
Activity.TraceFlags:         Recorded
Activity.ActivitySourceName: Microsoft.AspNetCore
Activity.DisplayName:        POST api/Auth/register
Activity.Kind:               Server
Activity.StartTime:          2025-09-11T03:41:54.1065040Z
Activity.Duration:           00:00:00.3034542
Activity.Tags:
    server.address: localhost
    http.request.method: POST
    url.scheme: http
    url.path: /api/auth/register
    network.protocol.version: 1.1
    http.route: api/Auth/register
    http.response.status_code: 200
Resource associated with Activity:
    deployment.environment: Testing
    service.name: Crud.Api
    service.version: 1.0.0
    service.instance.id: a483e3f3-32ea-4a50-a508-2cd77b6b2522
    telemetry.sdk.name: opentelemetry
    telemetry.sdk.language: dotnet
    telemetry.sdk.version: 1.8.1
[03:41:54 INF] User logged in successfully: 9fc875e8-a29d-49f4-960a-b488dbda1587 {"SourceContext": "App.Features.Authentication.LoginCommandHandler", "ActionId": "2f83dd5e-bf2c-4137-a309-e4d55760391e", "ActionName": "Api.Controllers.AuthController.Login (Api)", "RequestId": "0HNFGSKFKDJ68", "RequestPath": "/api/auth/login", "Application": "Crud.Api"}
Activity.TraceId:            f37a02c79e280870c5d7b39d62908ee2
Activity.SpanId:             99329cfbf92dd6a7
Activity.TraceFlags:         Recorded
Activity.ActivitySourceName: Microsoft.AspNetCore
Activity.DisplayName:        POST api/Auth/login
Activity.Kind:               Server
Activity.StartTime:          2025-09-11T03:41:54.4117443Z
Activity.Duration:           00:00:00.3016367
Activity.Tags:
    server.address: localhost
    http.request.method: POST
    url.scheme: http
    url.path: /api/auth/login
    network.protocol.version: 1.1
    http.route: api/Auth/login
    http.response.status_code: 200
Resource associated with Activity:
    deployment.environment: Testing
    service.name: Crud.Api
    service.version: 1.0.0
    service.instance.id: a483e3f3-32ea-4a50-a508-2cd77b6b2522
    telemetry.sdk.name: opentelemetry
    telemetry.sdk.language: dotnet
    telemetry.sdk.version: 1.8.1
Activity.TraceId:            d960b823000455db2e3f3c60d24761e4
Activity.SpanId:             97ec2e8647b59696
Activity.TraceFlags:         Recorded
Activity.ActivitySourceName: Microsoft.AspNetCore
Activity.DisplayName:        POST api/Roles
Activity.Kind:               Server
Activity.StartTime:          2025-09-11T03:41:54.7151393Z
Activity.Duration:           00:00:00.0129940
Activity.Tags:
    server.address: localhost
    http.request.method: POST
    url.scheme: http
    url.path: /api/roles
    network.protocol.version: 1.1
    http.route: api/Roles
    http.response.status_code: 400
Resource associated with Activity:
    deployment.environment: Testing
    service.name: Crud.Api
    service.version: 1.0.0
    service.instance.id: a483e3f3-32ea-4a50-a508-2cd77b6b2522
    telemetry.sdk.name: opentelemetry
    telemetry.sdk.language: dotnet
    telemetry.sdk.version: 1.8.1
[03:41:55 INF] User registered successfully: feca8fc4-bc0b-4be4-aa32-8ecf5c77821e {"SourceContext": "App.Features.Authentication.RegisterUserCommandHandler", "ActionId": "b38ee326-d2eb-49d4-9e94-982bb9bd2008", "ActionName": "Api.Controllers.AuthController.Register (Api)", "RequestId": "0HNFGSKFKDJ6A", "RequestPath": "/api/auth/register", "Application": "Crud.Api"}
Activity.TraceId:            853033f1366177e29f0fc05d70a4a1a3
Activity.SpanId:             fb4c052cf7392053
Activity.TraceFlags:         Recorded
Activity.ActivitySourceName: Microsoft.AspNetCore
Activity.DisplayName:        POST api/Auth/register
Activity.Kind:               Server
Activity.StartTime:          2025-09-11T03:41:54.7304437Z
Activity.Duration:           00:00:00.3026924
Activity.Tags:
    server.address: localhost
    http.request.method: POST
    url.scheme: http
    url.path: /api/auth/register
    network.protocol.version: 1.1
    http.route: api/Auth/register
    http.response.status_code: 200
Resource associated with Activity:
    deployment.environment: Testing
    service.name: Crud.Api
    service.version: 1.0.0
    service.instance.id: a483e3f3-32ea-4a50-a508-2cd77b6b2522
    telemetry.sdk.name: opentelemetry
    telemetry.sdk.language: dotnet
    telemetry.sdk.version: 1.8.1
[03:41:55 INF] User logged in successfully: feca8fc4-bc0b-4be4-aa32-8ecf5c77821e {"SourceContext": "App.Features.Authentication.LoginCommandHandler", "ActionId": "2f83dd5e-bf2c-4137-a309-e4d55760391e", "ActionName": "Api.Controllers.AuthController.Login (Api)", "RequestId": "0HNFGSKFKDJ6B", "RequestPath": "/api/auth/login", "Application": "Crud.Api"}
Activity.TraceId:            5129a23d91601e1cd481533e994409bf
Activity.SpanId:             619b0a9a1c5cff49
Activity.TraceFlags:         Recorded
Activity.ActivitySourceName: Microsoft.AspNetCore
Activity.DisplayName:        POST api/Auth/login
Activity.Kind:               Server
Activity.StartTime:          2025-09-11T03:41:55.0348217Z
Activity.Duration:           00:00:00.3020800
Activity.Tags:
    server.address: localhost
    http.request.method: POST
    url.scheme: http
    url.path: /api/auth/login
    network.protocol.version: 1.1
    http.route: api/Auth/login
    http.response.status_code: 200
Resource associated with Activity:
    deployment.environment: Testing
    service.name: Crud.Api
    service.version: 1.0.0
    service.instance.id: a483e3f3-32ea-4a50-a508-2cd77b6b2522
    telemetry.sdk.name: opentelemetry
    telemetry.sdk.language: dotnet
    telemetry.sdk.version: 1.8.1
[03:41:55 ERR] An unhandled exception occurred during request POST /api/roles. Request ID: 0HNFGSKFKDJ6C, User: Anonymous {"SourceContext": "Api.Middleware.GlobalExceptionHandlingMiddleware", "RequestPath": "/api/roles", "Application": "Crud.Api"}
FluentValidation.ValidationException: Validation failed: 
 -- Description: Description cannot exceed 500 characters Severity: Error
   at App.Behaviors.ValidationBehavior`2.Handle(TRequest request, RequestHandlerDelegate`1 next, CancellationToken cancellationToken) in /home/runner/work/Crud/Crud/src/App/Behaviors/ValidationBehavior.cs:line 39
   at Api.Controllers.RolesController.Create(CreateRoleRequest request, CancellationToken ct) in /home/runner/work/Crud/Crud/src/Api/Controllers/RolesController.cs:line 43
   at lambda_method883(Closure, Object)
   at Microsoft.AspNetCore.Mvc.Infrastructure.ActionMethodExecutor.AwaitableObjectResultExecutor.Execute(ActionContext actionContext, IActionResultTypeMapper mapper, ObjectMethodExecutor executor, Object controller, Object[] arguments)
   at Microsoft.AspNetCore.Mvc.Infrastructure.ControllerActionInvoker.&lt;InvokeActionMethodAsync&gt;g__Logged|12_1(ControllerActionInvoker invoker)
   at Microsoft.AspNetCore.Mvc.Infrastructure.ControllerActionInvoker.&lt;InvokeNextActionFilterAsync&gt;g__Awaited|10_0(ControllerActionInvoker invoker, Task lastTask, State next, Scope scope, Object state, Boolean isCompleted)
   at Microsoft.AspNetCore.Mvc.Infrastructure.ControllerActionInvoker.Rethrow(ActionExecutedContextSealed context)
   at Microsoft.AspNetCore.Mvc.Infrastructure.ControllerActionInvoker.Next(State&amp; next, Scope&amp; scope, Object&amp; state, Boolean&amp; isCompleted)
   at Microsoft.AspNetCore.Mvc.Infrastructure.ControllerActionInvoker.InvokeInnerFilterAsync()
--- End of stack trace from previous location ---
   at Microsoft.AspNetCore.Mvc.Infrastructure.ResourceInvoker.&lt;InvokeFilterPipelineAsync&gt;g__Awaited|20_0(ResourceInvoker invoker, Task lastTask, State next, Scope scope, Object state, Boolean isCompleted)
   at Microsoft.AspNetCore.Mvc.Infrastructure.ResourceInvoker.&lt;InvokeAsync&gt;g__Logged|17_1(ResourceInvoker invoker)
   at Microsoft.AspNetCore.Mvc.Infrastructure.ResourceInvoker.&lt;InvokeAsync&gt;g__Logged|17_1(ResourceInvoker invoker)
   at Api.Middleware.ConditionalRequestMiddleware.InvokeAsync(HttpContext context) in /home/runner/work/Crud/Crud/src/Api/Middleware/ConditionalRequestMiddleware.cs:line 30
   at Microsoft.AspNetCore.Authorization.AuthorizationMiddleware.Invoke(HttpContext context)
   at Microsoft.AspNetCore.Authentication.AuthenticationMiddleware.Invoke(HttpContext context)
   at Microsoft.AspNetCore.RateLimiting.RateLimitingMiddleware.InvokeInternal(HttpContext context, EnableRateLimitingAttribute enableRateLimitingAttribute)
   at Api.Middleware.GlobalExceptionHandlingMiddleware.InvokeAsync(HttpContext context) in /home/runner/work/Crud/Crud/src/Api/Middleware/GlobalExceptionHandlingMiddleware.cs:line 27
Activity.TraceId:            4a40f8068e6f7f58d41afccfb8fb4e1e
Activity.SpanId:             144bca50fbace5d0
Activity.TraceFlags:         Recorded
Activity.ActivitySourceName: Microsoft.AspNetCore
Activity.DisplayName:        POST api/Roles
Activity.Kind:               Server
Activity.StartTime:          2025-09-11T03:41:55.3389934Z
Activity.Duration:           00:00:00.0056606
Activity.Tags:
    server.address: localhost
    http.request.method: POST
    url.scheme: http
    url.path: /api/roles
    network.protocol.version: 1.1
    http.route: api/Roles
    http.response.status_code: 400
Resource associated with Activity:
    deployment.environment: Testing
    service.name: Crud.Api
    service.version: 1.0.0
    service.instance.id: a483e3f3-32ea-4a50-a508-2cd77b6b2522
    telemetry.sdk.name: opentelemetry
    telemetry.sdk.language: dotnet
    telemetry.sdk.version: 1.8.1
[03:41:55 INF] Resetting database for worker 13441 {"SourceContext": "Infrastructure.Services.DatabaseTestService", "Application": "Crud.Api"}
[03:41:55 INF] Resetting database via file deletion for worker 13441 in CI environment {"SourceContext": "Infrastructure.Services.DatabaseTestService", "Application": "Crud.Api"}
[03:41:55 INF] Acquiring database mutex for worker 13441... {"SourceContext": "Infrastructure.Services.DatabaseTestService", "Application": "Crud.Api"}
[03:41:55 INF] Database mutex acquired for worker 13441 {"SourceContext": "Infrastructure.Services.DatabaseTestService", "Application": "Crud.Api"}
[03:41:55 INF] Current database state - CanConnect: True {"SourceContext": "Infrastructure.Services.DatabaseTestService", "Application": "Crud.Api"}
[03:41:55 INF] [Phase 0] Closing database connection for worker 13441... {"SourceContext": "Infrastructure.Services.DatabaseTestService", "Application": "Crud.Api"}
[03:41:55 INF] [Phase 0] Connection closed in 0.0853ms {"SourceContext": "Infrastructure.Services.DatabaseTestService", "Application": "Crud.Api"}
[03:41:55 INF] [Phase 1] Starting EnsureDeletedAsync for worker 13441... {"SourceContext": "Infrastructure.Services.DatabaseTestService", "Application": "Crud.Api"}
[03:41:55 INF] [Phase 1] EnsureDeletedAsync completed in 3.4735ms {"SourceContext": "Infrastructure.Services.DatabaseTestService", "Application": "Crud.Api"}
[03:41:55 INF] [Phase 2] Starting EnsureCreatedAsync for worker 13441... {"SourceContext": "Infrastructure.Services.DatabaseTestService", "Application": "Crud.Api"}
[03:41:55 WRN] The property 'User.Roles' is a collection or enumeration type with a value converter but with no value comparer. Set a value comparer to ensure the collection/enumeration elements are compared correctly. {"EventId": {"Id": 10620, "Name": "Microsoft.EntityFrameworkCore.Model.Validation.CollectionWithoutComparer"}, "SourceContext": "Microsoft.EntityFrameworkCore.Model.Validation", "Application": "Crud.Api"}
[03:41:55 INF] [Phase 2] EnsureCreatedAsync completed in 57.5854ms {"SourceContext": "Infrastructure.Services.DatabaseTestService", "Application": "Crud.Api"}
[03:41:55 INF] [Phase 3] Skipping database seeding as requested for worker 13441 {"SourceContext": "Infrastructure.Services.DatabaseTestService", "Application": "Crud.Api"}
[03:41:55 INF] Database reset via file deletion completed for worker 13441 in 164.085ms (Close: 0.0853ms, Delete: 3.4735ms, Create: 57.5854ms) {"SourceContext": "Infrastructure.Services.DatabaseTestService", "Application": "Crud.Api"}
[03:41:55 INF] Releasing database mutex for worker 13441 {"SourceContext": "Infrastructure.Services.DatabaseTestService", "Application": "Crud.Api"}
[03:41:56 INF] User registered successfully: 89e68be7-94bf-4e2c-b976-7d5863ddd409 {"SourceContext": "App.Features.Authentication.RegisterUserCommandHandler", "ActionId": "b38ee326-d2eb-49d4-9e94-982bb9bd2008", "ActionName": "Api.Controllers.AuthController.Register (Api)", "RequestId": "0HNFGSKFKDJ6D", "RequestPath": "/api/auth/register", "Application": "Crud.Api"}
Activity.TraceId:            0ab4340efd604b2a1a778bc33551b659
Activity.SpanId:             b6371896d3ac084b
Activity.TraceFlags:         Recorded
Activity.ActivitySourceName: Microsoft.AspNetCore
Activity.DisplayName:        POST api/Auth/register
Activity.Kind:               Server
Activity.StartTime:          2025-09-11T03:41:55.5166975Z
Activity.Duration:           00:00:00.5820875
Activity.Tags:
    server.address: localhost
    http.request.method: POST
    url.scheme: http
    url.path: /api/auth/register
    network.protocol.version: 1.1
    http.route: api/Auth/register
    http.response.status_code: 200
Resource associated with Activity:
    deployment.environment: Testing
    service.name: Crud.Api
    service.version: 1.0.0
    service.instance.id: a483e3f3-32ea-4a50-a508-2cd77b6b2522
    telemetry.sdk.name: opentelemetry
    telemetry.sdk.language: dotnet
    telemetry.sdk.version: 1.8.1
[03:41:56 INF] User registered successfully: 7221176d-c734-4c8c-8bb1-1dafd9e7e00a {"SourceContext": "App.Features.Authentication.RegisterUserCommandHandler", "ActionId": "b38ee326-d2eb-49d4-9e94-982bb9bd2008", "ActionName": "Api.Controllers.AuthController.Register (Api)", "RequestId": "0HNFGSKFKDJ6G", "RequestPath": "/api/auth/register", "Application": "Crud.Api"}
Activity.TraceId:            fc7ef963995fd4e234bb23f3bfb24e8f
Activity.SpanId:             64a65bcbe6ddb7f0
Activity.TraceFlags:         Recorded
Activity.ActivitySourceName: Microsoft.AspNetCore
Activity.DisplayName:        POST api/Auth/register
Activity.Kind:               Server
Activity.StartTime:          2025-09-11T03:41:55.5180068Z
Activity.Duration:           00:00:00.6358710
Activity.Tags:
    server.address: localhost
    http.request.method: POST
    url.scheme: http
    url.path: /api/auth/register
    network.protocol.version: 1.1
    http.route: api/Auth/register
    http.response.status_code: 200
Resource associated with Activity:
    deployment.environment: Testing
    service.name: Crud.Api
    service.version: 1.0.0
    service.instance.id: a483e3f3-32ea-4a50-a508-2cd77b6b2522
    telemetry.sdk.name: opentelemetry
    telemetry.sdk.language: dotnet
    telemetry.sdk.version: 1.8.1
[03:41:56 INF] User registered successfully: 22b69253-4689-472f-b63a-5eb94a49ec9b {"SourceContext": "App.Features.Authentication.RegisterUserCommandHandler", "ActionId": "b38ee326-d2eb-49d4-9e94-982bb9bd2008", "ActionName": "Api.Controllers.AuthController.Register (Api)", "RequestId": "0HNFGSKFKDJ6J", "RequestPath": "/api/auth/register", "Application": "Crud.Api"}
Activity.TraceId:            ada64877e1aad3b2376d9a1175ccd116
Activity.SpanId:             aa89477ec4568f14
Activity.TraceFlags:         Recorded
Activity.ActivitySourceName: Microsoft.AspNetCore
Activity.DisplayName:        POST api/Auth/register
Activity.Kind:               Server
Activity.StartTime:          2025-09-11T03:41:55.5242111Z
Activity.Duration:           00:00:00.6825553
Activity.Tags:
    server.address: localhost
    http.request.method: POST
    url.scheme: http
    url.path: /api/auth/register
    network.protocol.version: 1.1
    http.route: api/Auth/register
    http.response.status_code: 200
Resource associated with Activity:
    deployment.environment: Testing
    service.name: Crud.Api
    service.version: 1.0.0
    service.instance.id: a483e3f3-32ea-4a50-a508-2cd77b6b2522
    telemetry.sdk.name: opentelemetry
    telemetry.sdk.language: dotnet
    telemetry.sdk.version: 1.8.1
[03:41:56 INF] User registered successfully: b1bdb11a-f2a4-4052-843b-e03a61b9822a {"SourceContext": "App.Features.Authentication.RegisterUserCommandHandler", "ActionId": "b38ee326-d2eb-49d4-9e94-982bb9bd2008", "ActionName": "Api.Controllers.AuthController.Register (Api)", "RequestId": "0HNFGSKFKDJ6I", "RequestPath": "/api/auth/register", "Application": "Crud.Api"}
Activity.TraceId:            5d086b54f3a72a6ab96a9c734c71682f
Activity.SpanId:             02db177f1e1992f6
Activity.TraceFlags:         Recorded
Activity.ActivitySourceName: Microsoft.AspNetCore
Activity.DisplayName:        POST api/Auth/register
Activity.Kind:               Server
Activity.StartTime:          2025-09-11T03:41:55.5242007Z
Activity.Duration:           00:00:00.7446134
Activity.Tags:
    server.address: localhost
    http.request.method: POST
    url.scheme: http
    url.path: /api/auth/register
    network.protocol.version: 1.1
    http.route: api/Auth/register
    http.response.status_code: 200
Resource associated with Activity:
    deployment.environment: Testing
    service.name: Crud.Api
    service.version: 1.0.0
    service.instance.id: a483e3f3-32ea-4a50-a508-2cd77b6b2522
    telemetry.sdk.name: opentelemetry
    telemetry.sdk.language: dotnet
    telemetry.sdk.version: 1.8.1
[03:41:56 INF] User registered successfully: 5f5ca359-8ad8-4f00-ab83-f4fdaf64cc7e {"SourceContext": "App.Features.Authentication.RegisterUserCommandHandler", "ActionId": "b38ee326-d2eb-49d4-9e94-982bb9bd2008", "ActionName": "Api.Controllers.AuthController.Register (Api)", "RequestId": "0HNFGSKFKDJ6E", "RequestPath": "/api/auth/register", "Application": "Crud.Api"}
Activity.TraceId:            425bcc314351a7a6d788294381fb868c
Activity.SpanId:             c7d96cb8707a3b97
Activity.TraceFlags:         Recorded
Activity.ActivitySourceName: Microsoft.AspNetCore
Activity.DisplayName:        POST api/Auth/register
Activity.Kind:               Server
Activity.StartTime:          2025-09-11T03:41:55.5166860Z
Activity.Duration:           00:00:00.7750359
Activity.Tags:
    server.address: localhost
    http.request.method: POST
    url.scheme: http
    url.path: /api/auth/register
    network.protocol.version: 1.1
    http.route: api/Auth/register
    http.response.status_code: 200
Resource associated with Activity:
    deployment.environment: Testing
    service.name: Crud.Api
    service.version: 1.0.0
    service.instance.id: a483e3f3-32ea-4a50-a508-2cd77b6b2522
    telemetry.sdk.name: opentelemetry
    telemetry.sdk.language: dotnet
    telemetry.sdk.version: 1.8.1
[03:41:56 INF] User registered successfully: d62f0e6d-022f-4504-8008-5b391437dda7 {"SourceContext": "App.Features.Authentication.RegisterUserCommandHandler", "ActionId": "b38ee326-d2eb-49d4-9e94-982bb9bd2008", "ActionName": "Api.Controllers.AuthController.Register (Api)", "RequestId": "0HNFGSKFKDJ6H", "RequestPath": "/api/auth/register", "Application": "Crud.Api"}
Activity.TraceId:            b5cfbd81fcd647d26836b59f43edc224
Activity.SpanId:             c1dcd41a98dee1ba
Activity.TraceFlags:         Recorded
Activity.ActivitySourceName: Microsoft.AspNetCore
Activity.DisplayName:        POST api/Auth/register
Activity.Kind:               Server
Activity.StartTime:          2025-09-11T03:41:55.5181951Z
Activity.Duration:           00:00:00.9038784
Activity.Tags:
    server.address: localhost
    http.request.method: POST
    url.scheme: http
    url.path: /api/auth/register
    network.protocol.version: 1.1
    http.route: api/Auth/register
    http.response.status_code: 200
Resource associated with Activity:
    deployment.environment: Testing
    service.name: Crud.Api
    service.version: 1.0.0
    service.instance.id: a483e3f3-32ea-4a50-a508-2cd77b6b2522
    telemetry.sdk.name: opentelemetry
    telemetry.sdk.language: dotnet
    telemetry.sdk.version: 1.8.1
[03:41:56 INF] User registered successfully: 143edfbf-2210-4d40-97f5-fd8080a41edd {"SourceContext": "App.Features.Authentication.RegisterUserCommandHandler", "ActionId": "b38ee326-d2eb-49d4-9e94-982bb9bd2008", "ActionName": "Api.Controllers.AuthController.Register (Api)", "RequestId": "0HNFGSKFKDJ6F", "RequestPath": "/api/auth/register", "Application": "Crud.Api"}
Activity.TraceId:            d0f088d82998b28bfaa7ebc0d7ad966b
Activity.SpanId:             3281e990bc081f49
Activity.TraceFlags:         Recorded
Activity.ActivitySourceName: Microsoft.AspNetCore
Activity.DisplayName:        POST api/Auth/register
Activity.Kind:               Server
Activity.StartTime:          2025-09-11T03:41:55.5167673Z
Activity.Duration:           00:00:00.9099310
Activity.Tags:
    server.address: localhost
    http.request.method: POST
    url.scheme: http
    url.path: /api/auth/register
    network.protocol.version: 1.1
    http.route: api/Auth/register
    http.response.status_code: 200
Resource associated with Activity:
    deployment.environment: Testing
    service.name: Crud.Api
    service.version: 1.0.0
    service.instance.id: a483e3f3-32ea-4a50-a508-2cd77b6b2522
    telemetry.sdk.name: opentelemetry
    telemetry.sdk.language: dotnet
    telemetry.sdk.version: 1.8.1
[03:41:56 INF] User registered successfully: d66e3df8-49b0-45c5-a8e9-c23d9ea2b79d {"SourceContext": "App.Features.Authentication.RegisterUserCommandHandler", "ActionId": "b38ee326-d2eb-49d4-9e94-982bb9bd2008", "ActionName": "Api.Controllers.AuthController.Register (Api)", "RequestId": "0HNFGSKFKDJ6L", "RequestPath": "/api/auth/register", "Application": "Crud.Api"}
Activity.TraceId:            513b64ad96249f1600460dc8551caa27
Activity.SpanId:             466b6ebc8530bac7
Activity.TraceFlags:         Recorded
Activity.ActivitySourceName: Microsoft.AspNetCore
Activity.DisplayName:        POST api/Auth/register
Activity.Kind:               Server
Activity.StartTime:          2025-09-11T03:41:56.1566633Z
Activity.Duration:           00:00:00.5983847
Activity.Tags:
    server.address: localhost
    http.request.method: POST
    url.scheme: http
    url.path: /api/auth/register
    network.protocol.version: 1.1
    http.route: api/Auth/register
    http.response.status_code: 200
Resource associated with Activity:
    deployment.environment: Testing
    service.name: Crud.Api
    service.version: 1.0.0
    service.instance.id: a483e3f3-32ea-4a50-a508-2cd77b6b2522
    telemetry.sdk.name: opentelemetry
    telemetry.sdk.language: dotnet
    telemetry.sdk.version: 1.8.1
[03:41:56 INF] User registered successfully: e5a78115-d13e-46ef-b0aa-d07d31a61253 {"SourceContext": "App.Features.Authentication.RegisterUserCommandHandler", "ActionId": "b38ee326-d2eb-49d4-9e94-982bb9bd2008", "ActionName": "Api.Controllers.AuthController.Register (Api)", "RequestId": "0HNFGSKFKDJ6K", "RequestPath": "/api/auth/register", "Application": "Crud.Api"}
Activity.TraceId:            ea0862f6f491c0c6cf063add33908f28
Activity.SpanId:             216b6e4e1e9d896f
Activity.TraceFlags:         Recorded
Activity.ActivitySourceName: Microsoft.AspNetCore
Activity.DisplayName:        POST api/Auth/register
Activity.Kind:               Server
Activity.StartTime:          2025-09-11T03:41:56.1001719Z
Activity.Duration:           00:00:00.6711127
Activity.Tags:
    server.address: localhost
    http.request.method: POST
    url.scheme: http
    url.path: /api/auth/register
    network.protocol.version: 1.1
    http.route: api/Auth/register
    http.response.status_code: 200
Resource associated with Activity:
    deployment.environment: Testing
    service.name: Crud.Api
    service.version: 1.0.0
    service.instance.id: a483e3f3-32ea-4a50-a508-2cd77b6b2522
    telemetry.sdk.name: opentelemetry
    telemetry.sdk.language: dotnet
    telemetry.sdk.version: 1.8.1
[03:41:56 INF] User registered successfully: 60129753-99a1-401c-a755-a55fec1081ba {"SourceContext": "App.Features.Authentication.RegisterUserCommandHandler", "ActionId": "b38ee326-d2eb-49d4-9e94-982bb9bd2008", "ActionName": "Api.Controllers.AuthController.Register (Api)", "RequestId": "0HNFGSKFKDJ6M", "RequestPath": "/api/auth/register", "Application": "Crud.Api"}
Activity.TraceId:            437a484a4f1a5a183b437f44726ab692
Activity.SpanId:             a3ba316201808115
Activity.TraceFlags:         Recorded
Activity.ActivitySourceName: Microsoft.AspNetCore
Activity.DisplayName:        POST api/Auth/register
Activity.Kind:               Server
Activity.StartTime:          2025-09-11T03:41:56.2086863Z
Activity.Duration:           00:00:00.5913674
Activity.Tags:
    server.address: localhost
    http.request.method: POST
    url.scheme: http
    url.path: /api/auth/register
    network.protocol.version: 1.1
    http.route: api/Auth/register
    http.response.status_code: 200
Resource associated with Activity:
    deployment.environment: Testing
    service.name: Crud.Api
    service.version: 1.0.0
    service.instance.id: a483e3f3-32ea-4a50-a508-2cd77b6b2522
    telemetry.sdk.name: opentelemetry
    telemetry.sdk.language: dotnet
    telemetry.sdk.version: 1.8.1
[03:41:56 INF] User logged in successfully: 89e68be7-94bf-4e2c-b976-7d5863ddd409 {"SourceContext": "App.Features.Authentication.LoginCommandHandler", "ActionId": "2f83dd5e-bf2c-4137-a309-e4d55760391e", "ActionName": "Api.Controllers.AuthController.Login (Api)", "RequestId": "0HNFGSKFKDJ6N", "RequestPath": "/api/auth/login", "Application": "Crud.Api"}
Activity.TraceId:            e60cb3835f36e1cbe79470b682997a33
Activity.SpanId:             60e4d08928489085
Activity.TraceFlags:         Recorded
Activity.ActivitySourceName: Microsoft.AspNetCore
Activity.DisplayName:        POST api/Auth/login
Activity.Kind:               Server
Activity.StartTime:          2025-09-11T03:41:56.2732810Z
Activity.Duration:           00:00:00.5956447
Activity.Tags:
    server.address: localhost
    http.request.method: POST
    url.scheme: http
    url.path: /api/auth/login
    network.protocol.version: 1.1
    http.route: api/Auth/login
    http.response.status_code: 200
Resource associated with Activity:
    deployment.environment: Testing
    service.name: Crud.Api
    service.version: 1.0.0
    service.instance.id: a483e3f3-32ea-4a50-a508-2cd77b6b2522
    telemetry.sdk.name: opentelemetry
    telemetry.sdk.language: dotnet
    telemetry.sdk.version: 1.8.1
[03:41:56 INF] User logged in successfully: 7221176d-c734-4c8c-8bb1-1dafd9e7e00a {"SourceContext": "App.Features.Authentication.LoginCommandHandler", "ActionId": "2f83dd5e-bf2c-4137-a309-e4d55760391e", "ActionName": "Api.Controllers.AuthController.Login (Api)", "RequestId": "0HNFGSKFKDJ6O", "RequestPath": "/api/auth/login", "Application": "Crud.Api"}
Activity.TraceId:            c4cdf7da97b829311c40158f5d1797b7
Activity.SpanId:             c8f05f914084905b
Activity.TraceFlags:         Recorded
Activity.ActivitySourceName: Microsoft.AspNetCore
Activity.DisplayName:        POST api/Auth/login
Activity.Kind:               Server
Activity.StartTime:          2025-09-11T03:41:56.2936878Z
Activity.Duration:           00:00:00.6547831
Activity.Tags:
    server.address: localhost
    http.request.method: POST
    url.scheme: http
    url.path: /api/auth/login
    network.protocol.version: 1.1
    http.route: api/Auth/login
    http.response.status_code: 200
Resource associated with Activity:
    deployment.environment: Testing
    service.name: Crud.Api
    service.version: 1.0.0
    service.instance.id: a483e3f3-32ea-4a50-a508-2cd77b6b2522
    telemetry.sdk.name: opentelemetry
    telemetry.sdk.language: dotnet
    telemetry.sdk.version: 1.8.1
[03:41:56 INF] User logged in successfully: 22b69253-4689-472f-b63a-5eb94a49ec9b {"SourceContext": "App.Features.Authentication.LoginCommandHandler", "ActionId": "2f83dd5e-bf2c-4137-a309-e4d55760391e", "ActionName": "Api.Controllers.AuthController.Login (Api)", "RequestId": "0HNFGSKFKDJ6P", "RequestPath": "/api/auth/login", "Application": "Crud.Api"}
Activity.TraceId:            c3b02c1a3e6f19c3b9230be7b17ad946
Activity.SpanId:             ff69e0b7619574ed
Activity.TraceFlags:         Recorded
Activity.ActivitySourceName: Microsoft.AspNetCore
Activity.DisplayName:        POST api/Auth/login
Activity.Kind:               Server
Activity.StartTime:          2025-09-11T03:41:56.4236616Z
Activity.Duration:           00:00:00.5597466
Activity.Tags:
    server.address: localhost
    http.request.method: POST
    url.scheme: http
    url.path: /api/auth/login
    network.protocol.version: 1.1
    http.route: api/Auth/login
    http.response.status_code: 200
Resource associated with Activity:
    deployment.environment: Testing
    service.name: Crud.Api
    service.version: 1.0.0
    service.instance.id: a483e3f3-32ea-4a50-a508-2cd77b6b2522
    telemetry.sdk.name: opentelemetry
    telemetry.sdk.language: dotnet
    telemetry.sdk.version: 1.8.1
[03:41:57 INF] User logged in successfully: b1bdb11a-f2a4-4052-843b-e03a61b9822a {"SourceContext": "App.Features.Authentication.LoginCommandHandler", "ActionId": "2f83dd5e-bf2c-4137-a309-e4d55760391e", "ActionName": "Api.Controllers.AuthController.Login (Api)", "RequestId": "0HNFGSKFKDJ6Q", "RequestPath": "/api/auth/login", "Application": "Crud.Api"}
Activity.TraceId:            8cd069f16e3129c0b7a60f7c7bfbc1d7
Activity.SpanId:             0b4c0cfbed92053c
Activity.TraceFlags:         Recorded
Activity.ActivitySourceName: Microsoft.AspNetCore
Activity.DisplayName:        POST api/Auth/login
Activity.Kind:               Server
Activity.StartTime:          2025-09-11T03:41:56.4279508Z
Activity.Duration:           00:00:00.5739149
Activity.Tags:
    server.address: localhost
    http.request.method: POST
    url.scheme: http
    url.path: /api/auth/login
    network.protocol.version: 1.1
    http.route: api/Auth/login
    http.response.status_code: 200
Resource associated with Activity:
    deployment.environment: Testing
    service.name: Crud.Api
    service.version: 1.0.0
    service.instance.id: a483e3f3-32ea-4a50-a508-2cd77b6b2522
    telemetry.sdk.name: opentelemetry
    telemetry.sdk.language: dotnet
    telemetry.sdk.version: 1.8.1
[03:41:57 INF] User logged in successfully: 5f5ca359-8ad8-4f00-ab83-f4fdaf64cc7e {"SourceContext": "App.Features.Authentication.LoginCommandHandler", "ActionId": "2f83dd5e-bf2c-4137-a309-e4d55760391e", "ActionName": "Api.Controllers.AuthController.Login (Api)", "RequestId": "0HNFGSKFKDJ6R", "RequestPath": "/api/auth/login", "Application": "Crud.Api"}
Activity.TraceId:            f2495497fd0af7215d12711924ea1197
Activity.SpanId:             5a0a1fe8f7ee8d34
Activity.TraceFlags:         Recorded
Activity.ActivitySourceName: Microsoft.AspNetCore
Activity.DisplayName:        POST api/Auth/login
Activity.Kind:               Server
Activity.StartTime:          2025-09-11T03:41:56.9514592Z
Activity.Duration:           00:00:00.3759087
Activity.Tags:
    server.address: localhost
    http.request.method: POST
    url.scheme: http
    url.path: /api/auth/login
    network.protocol.version: 1.1
    http.route: api/Auth/login
    http.response.status_code: 200
Resource associated with Activity:
    deployment.environment: Testing
    service.name: Crud.Api
    service.version: 1.0.0
    service.instance.id: a483e3f3-32ea-4a50-a508-2cd77b6b2522
    telemetry.sdk.name: opentelemetry
    telemetry.sdk.language: dotnet
    telemetry.sdk.version: 1.8.1
[03:41:57 DBG] Cache miss for key: name:role:concurrentrole_70e24d3660d04302b2039c7e3c12671b_3 {"SourceContext": "Infrastructure.Services.Caching.InMemoryCacheService", "ActionId": "b13c1404-0edd-4d75-9305-6ee64cbca813", "ActionName": "Api.Controllers.RolesController.Create (Api)", "RequestId": "0HNFGSKFKDJ6U", "RequestPath": "/api/roles", "Application": "Crud.Api"}
[03:41:57 DBG] Removed cache value for key: entity:role:54d6fa0aecbd4ef8b41814b6cc175beb {"SourceContext": "Infrastructure.Services.Caching.InMemoryCacheService", "ActionId": "b13c1404-0edd-4d75-9305-6ee64cbca813", "ActionName": "Api.Controllers.RolesController.Create (Api)", "RequestId": "0HNFGSKFKDJ6U", "RequestPath": "/api/roles", "Application": "Crud.Api"}
[03:41:57 DBG] Removed cache value for key: list:role {"SourceContext": "Infrastructure.Services.Caching.InMemoryCacheService", "ActionId": "b13c1404-0edd-4d75-9305-6ee64cbca813", "ActionName": "Api.Controllers.RolesController.Create (Api)", "RequestId": "0HNFGSKFKDJ6U", "RequestPath": "/api/roles", "Application": "Crud.Api"}
[03:41:57 DBG] Invalidating cache for entity type: roles with tag: roles {"SourceContext": "Api.Services.OutputCacheInvalidationService", "ActionId": "b13c1404-0edd-4d75-9305-6ee64cbca813", "ActionName": "Api.Controllers.RolesController.Create (Api)", "RequestId": "0HNFGSKFKDJ6U", "RequestPath": "/api/roles", "Application": "Crud.Api"}
[03:41:57 INF] Successfully invalidated cache for entity type: roles {"SourceContext": "Api.Services.OutputCacheInvalidationService", "ActionId": "b13c1404-0edd-4d75-9305-6ee64cbca813", "ActionName": "Api.Controllers.RolesController.Create (Api)", "RequestId": "0HNFGSKFKDJ6U", "RequestPath": "/api/roles", "Application": "Crud.Api"}
[03:41:57 INF] User logged in successfully: 143edfbf-2210-4d40-97f5-fd8080a41edd {"SourceContext": "App.Features.Authentication.LoginCommandHandler", "ActionId": "2f83dd5e-bf2c-4137-a309-e4d55760391e", "ActionName": "Api.Controllers.AuthController.Login (Api)", "RequestId": "0HNFGSKFKDJ6T", "RequestPath": "/api/auth/login", "Application": "Crud.Api"}
Activity.TraceId:            878fceac9a83727b956b48753f37ee94
Activity.SpanId:             147f05a60a974fe2
Activity.TraceFlags:         Recorded
Activity.ActivitySourceName: Microsoft.AspNetCore
Activity.DisplayName:        POST api/Auth/login
Activity.Kind:               Server
Activity.StartTime:          2025-09-11T03:41:57.0023008Z
Activity.Duration:           00:00:00.3364696
Activity.Tags:
    server.address: localhost
    http.request.method: POST
    url.scheme: http
    url.path: /api/auth/login
    network.protocol.version: 1.1
    http.route: api/Auth/login
    http.response.status_code: 200
Resource associated with Activity:
    deployment.environment: Testing
    service.name: Crud.Api
    service.version: 1.0.0
    service.instance.id: a483e3f3-32ea-4a50-a508-2cd77b6b2522
    telemetry.sdk.name: opentelemetry
    telemetry.sdk.language: dotnet
    telemetry.sdk.version: 1.8.1
Activity.TraceId:            08facd8eb0494c43ed0c9e91cb5cc9c9
Activity.SpanId:             498357bd41966191
Activity.TraceFlags:         Recorded
Activity.ActivitySourceName: Microsoft.AspNetCore
Activity.DisplayName:        POST api/Roles
Activity.Kind:               Server
Activity.StartTime:          2025-09-11T03:41:57.3334396Z
Activity.Duration:           00:00:00.0055086
Activity.Tags:
    server.address: localhost
    http.request.method: POST
    url.scheme: http
    url.path: /api/roles
    network.protocol.version: 1.1
    http.route: api/Roles
    http.response.status_code: 201
Resource associated with Activity:
    deployment.environment: Testing
    service.name: Crud.Api
    service.version: 1.0.0
    service.instance.id: a483e3f3-32ea-4a50-a508-2cd77b6b2522
    telemetry.sdk.name: opentelemetry
    telemetry.sdk.language: dotnet
    telemetry.sdk.version: 1.8.1
[03:41:57 DBG] Cache miss for key: name:role:concurrentrole_70e24d3660d04302b2039c7e3c12671b_6 {"SourceContext": "Infrastructure.Services.Caching.InMemoryCacheService", "ActionId": "b13c1404-0edd-4d75-9305-6ee64cbca813", "ActionName": "Api.Controllers.RolesController.Create (Api)", "RequestId": "0HNFGSKFKDJ70", "RequestPath": "/api/roles", "Application": "Crud.Api"}
[03:41:57 DBG] Cache miss for key: name:role:concurrentrole_70e24d3660d04302b2039c7e3c12671b_5 {"SourceContext": "Infrastructure.Services.Caching.InMemoryCacheService", "ActionId": "b13c1404-0edd-4d75-9305-6ee64cbca813", "ActionName": "Api.Controllers.RolesController.Create (Api)", "RequestId": "0HNFGSKFKDJ6V", "RequestPath": "/api/roles", "Application": "Crud.Api"}
[03:41:57 DBG] Removed cache value for key: entity:role:c0915dd292704240a412fa6011b8dfdd {"SourceContext": "Infrastructure.Services.Caching.InMemoryCacheService", "ActionId": "b13c1404-0edd-4d75-9305-6ee64cbca813", "ActionName": "Api.Controllers.RolesController.Create (Api)", "RequestId": "0HNFGSKFKDJ70", "RequestPath": "/api/roles", "Application": "Crud.Api"}
[03:41:57 DBG] Removed cache value for key: list:role {"SourceContext": "Infrastructure.Services.Caching.InMemoryCacheService", "ActionId": "b13c1404-0edd-4d75-9305-6ee64cbca813", "ActionName": "Api.Controllers.RolesController.Create (Api)", "RequestId": "0HNFGSKFKDJ70", "RequestPath": "/api/roles", "Application": "Crud.Api"}
[03:41:57 DBG] Invalidating cache for entity type: roles with tag: roles {"SourceContext": "Api.Services.OutputCacheInvalidationService", "ActionId": "b13c1404-0edd-4d75-9305-6ee64cbca813", "ActionName": "Api.Controllers.RolesController.Create (Api)", "RequestId": "0HNFGSKFKDJ70", "RequestPath": "/api/roles", "Application": "Crud.Api"}
[03:41:57 INF] Successfully invalidated cache for entity type: roles {"SourceContext": "Api.Services.OutputCacheInvalidationService", "ActionId": "b13c1404-0edd-4d75-9305-6ee64cbca813", "ActionName": "Api.Controllers.RolesController.Create (Api)", "RequestId": "0HNFGSKFKDJ70", "RequestPath": "/api/roles", "Application": "Crud.Api"}
Activity.TraceId:            ce022f072584de019668222f91c89116
Activity.SpanId:             75236a2b6b788b14
Activity.TraceFlags:         Recorded
Activity.ActivitySourceName: Microsoft.AspNetCore
Activity.DisplayName:        POST api/Roles
Activity.Kind:               Server
Activity.StartTime:          2025-09-11T03:41:57.3390694Z
Activity.Duration:           00:00:00.0028623
Activity.Tags:
    server.address: localhost
    http.request.method: POST
    url.scheme: http
    url.path: /api/roles
    network.protocol.version: 1.1
    http.route: api/Roles
    http.response.status_code: 201
Resource associated with Activity:
    deployment.environment: Testing
    service.name: Crud.Api
    service.version: 1.0.0
    service.instance.id: a483e3f3-32ea-4a50-a508-2cd77b6b2522
    telemetry.sdk.name: opentelemetry
    telemetry.sdk.language: dotnet
    telemetry.sdk.version: 1.8.1
[03:41:57 DBG] Cache miss for key: name:role:concurrentrole_70e24d3660d04302b2039c7e3c12671b_0 {"SourceContext": "Infrastructure.Services.Caching.InMemoryCacheService", "ActionId": "b13c1404-0edd-4d75-9305-6ee64cbca813", "ActionName": "Api.Controllers.RolesController.Create (Api)", "RequestId": "0HNFGSKFKDJ71", "RequestPath": "/api/roles", "Application": "Crud.Api"}
[03:41:57 DBG] Removed cache value for key: entity:role:a17f02ef8ca648d09f51b3c28d12da93 {"SourceContext": "Infrastructure.Services.Caching.InMemoryCacheService", "ActionId": "b13c1404-0edd-4d75-9305-6ee64cbca813", "ActionName": "Api.Controllers.RolesController.Create (Api)", "RequestId": "0HNFGSKFKDJ71", "RequestPath": "/api/roles", "Application": "Crud.Api"}
[03:41:57 DBG] Removed cache value for key: list:role {"SourceContext": "Infrastructure.Services.Caching.InMemoryCacheService", "ActionId": "b13c1404-0edd-4d75-9305-6ee64cbca813", "ActionName": "Api.Controllers.RolesController.Create (Api)", "RequestId": "0HNFGSKFKDJ71", "RequestPath": "/api/roles", "Application": "Crud.Api"}
[03:41:57 DBG] Invalidating cache for entity type: roles with tag: roles {"SourceContext": "Api.Services.OutputCacheInvalidationService", "ActionId": "b13c1404-0edd-4d75-9305-6ee64cbca813", "ActionName": "Api.Controllers.RolesController.Create (Api)", "RequestId": "0HNFGSKFKDJ71", "RequestPath": "/api/roles", "Application": "Crud.Api"}
[03:41:57 INF] Successfully invalidated cache for entity type: roles {"SourceContext": "Api.Services.OutputCacheInvalidationService", "ActionId": "b13c1404-0edd-4d75-9305-6ee64cbca813", "ActionName": "Api.Controllers.RolesController.Create (Api)", "RequestId": "0HNFGSKFKDJ71", "RequestPath": "/api/roles", "Application": "Crud.Api"}
Activity.TraceId:            bf092fea1df9681c5aadb942a152e597
Activity.SpanId:             82134bd0aeb070bc
Activity.TraceFlags:         Recorded
Activity.ActivitySourceName: Microsoft.AspNetCore
Activity.DisplayName:        POST api/Roles
Activity.Kind:               Server
Activity.StartTime:          2025-09-11T03:41:57.3420153Z
Activity.Duration:           00:00:00.0200226
Activity.Tags:
    server.address: localhost
    http.request.method: POST
    url.scheme: http
    url.path: /api/roles
    network.protocol.version: 1.1
    http.route: api/Roles
    http.response.status_code: 201
Resource associated with Activity:
    deployment.environment: Testing
    service.name: Crud.Api
    service.version: 1.0.0
    service.instance.id: a483e3f3-32ea-4a50-a508-2cd77b6b2522
    telemetry.sdk.name: opentelemetry
    telemetry.sdk.language: dotnet
    telemetry.sdk.version: 1.8.1
[03:41:57 INF] User logged in successfully: d62f0e6d-022f-4504-8008-5b391437dda7 {"SourceContext": "App.Features.Authentication.LoginCommandHandler", "ActionId": "2f83dd5e-bf2c-4137-a309-e4d55760391e", "ActionName": "Api.Controllers.AuthController.Login (Api)", "RequestId": "0HNFGSKFKDJ6S", "RequestPath": "/api/auth/login", "Application": "Crud.Api"}
Activity.TraceId:            85315347d7971567c74497626bbedc2d
Activity.SpanId:             7d172e7944c6c568
Activity.TraceFlags:         Recorded
Activity.ActivitySourceName: Microsoft.AspNetCore
Activity.DisplayName:        POST api/Auth/login
Activity.Kind:               Server
Activity.StartTime:          2025-09-11T03:41:56.9850036Z
Activity.Duration:           00:00:00.3895369
Activity.Tags:
    server.address: localhost
    http.request.method: POST
    url.scheme: http
    url.path: /api/auth/login
    network.protocol.version: 1.1
    http.route: api/Auth/login
    http.response.status_code: 200
Resource associated with Activity:
    deployment.environment: Testing
    service.name: Crud.Api
    service.version: 1.0.0
    service.instance.id: a483e3f3-32ea-4a50-a508-2cd77b6b2522
    telemetry.sdk.name: opentelemetry
    telemetry.sdk.language: dotnet
    telemetry.sdk.version: 1.8.1
[03:41:57 DBG] Removed cache value for key: entity:role:dfd8cb55179b48cf8e0e4c3e426acb41 {"SourceContext": "Infrastructure.Services.Caching.InMemoryCacheService", "ActionId": "b13c1404-0edd-4d75-9305-6ee64cbca813", "ActionName": "Api.Controllers.RolesController.Create (Api)", "RequestId": "0HNFGSKFKDJ6V", "RequestPath": "/api/roles", "Application": "Crud.Api"}
[03:41:57 DBG] Removed cache value for key: list:role {"SourceContext": "Infrastructure.Services.Caching.InMemoryCacheService", "ActionId": "b13c1404-0edd-4d75-9305-6ee64cbca813", "ActionName": "Api.Controllers.RolesController.Create (Api)", "RequestId": "0HNFGSKFKDJ6V", "RequestPath": "/api/roles", "Application": "Crud.Api"}
[03:41:57 DBG] Invalidating cache for entity type: roles with tag: roles {"SourceContext": "Api.Services.OutputCacheInvalidationService", "ActionId": "b13c1404-0edd-4d75-9305-6ee64cbca813", "ActionName": "Api.Controllers.RolesController.Create (Api)", "RequestId": "0HNFGSKFKDJ6V", "RequestPath": "/api/roles", "Application": "Crud.Api"}
[03:41:57 INF] Successfully invalidated cache for entity type: roles {"SourceContext": "Api.Services.OutputCacheInvalidationService", "ActionId": "b13c1404-0edd-4d75-9305-6ee64cbca813", "ActionName": "Api.Controllers.RolesController.Create (Api)", "RequestId": "0HNFGSKFKDJ6V", "RequestPath": "/api/roles", "Application": "Crud.Api"}
Activity.TraceId:            5835cdaa436b01f08112f09287c7a714
Activity.SpanId:             68e3efc27198c559
Activity.TraceFlags:         Recorded
Activity.ActivitySourceName: Microsoft.AspNetCore
Activity.DisplayName:        POST api/Roles
Activity.Kind:               Server
Activity.StartTime:          2025-09-11T03:41:57.3390724Z
Activity.Duration:           00:00:00.1537952
Activity.Tags:
    server.address: localhost
    http.request.method: POST
    url.scheme: http
    url.path: /api/roles
    network.protocol.version: 1.1
    http.route: api/Roles
    http.response.status_code: 201
Resource associated with Activity:
    deployment.environment: Testing
    service.name: Crud.Api
    service.version: 1.0.0
    service.instance.id: a483e3f3-32ea-4a50-a508-2cd77b6b2522
    telemetry.sdk.name: opentelemetry
    telemetry.sdk.language: dotnet
    telemetry.sdk.version: 1.8.1
Resource associated with Metric:
    deployment.environment: Testing
    service.name: Crud.Api
    service.version: 1.0.0
    service.instance.id: a483e3f3-32ea-4a50-a508-2cd77b6b2522
    telemetry.sdk.name: opentelemetry
    telemetry.sdk.language: dotnet
    telemetry.sdk.version: 1.8.1
Metric Name: http.server.active_requests, Number of active HTTP server requests., Unit: {request}, Meter: Microsoft.AspNetCore.Hosting
(2025-09-11T03:41:47.6086754Z, 2025-09-11T03:41:57.6102764Z] http.request.method: POST url.scheme: http LongSumNonMonotonic
Value: 3
(2025-09-11T03:41:47.6086754Z, 2025-09-11T03:41:57.6102764Z] http.request.method: GET url.scheme: http LongSumNonMonotonic
Value: 0
(2025-09-11T03:41:47.6086754Z, 2025-09-11T03:41:57.6102764Z] http.request.method: PATCH url.scheme: http LongSumNonMonotonic
Value: 0
Metric Name: http.server.request.duration, Duration of HTTP server requests., Unit: s, Meter: Microsoft.AspNetCore.Hosting
(2025-09-11T03:41:47.6086993Z, 2025-09-11T03:41:57.6102851Z] http.request.method: POST http.response.status_code: 200 http.route: api/Auth/register network.protocol.version: 1.1 url.scheme: http Histogram
Value: Sum: 12.256359 Count: 27 Min: 0.2999306 Max: 0.9099341 
(-Infinity,0.005]:0
(0.005,0.01]:0
(0.01,0.025]:0
(0.025,0.05]:0
(0.05,0.075]:0
(0.075,0.1]:0
(0.1,0.25]:0
(0.25,0.5]:17
(0.5,0.75]:7
(0.75,1]:3
(1,2.5]:0
(2.5,5]:0
(5,7.5]:0
(7.5,10]:0
(10,+Infinity]:0
(2025-09-11T03:41:47.6086993Z, 2025-09-11T03:41:57.6102851Z] http.request.method: GET http.response.status_code: 200 http.route: api/People network.protocol.version: 1.1 url.scheme: http Histogram
Value: Sum: 0.024340599999999997 Count: 2 Min: 0.0012797 Max: 0.0230609 
(-Infinity,0.005]:1
(0.005,0.01]:0
(0.01,0.025]:1
(0.025,0.05]:0
(0.05,0.075]:0
(0.075,0.1]:0
(0.1,0.25]:0
(0.25,0.5]:0
(0.5,0.75]:0
(0.75,1]:0
(1,2.5]:0
(2.5,5]:0
(5,7.5]:0
(7.5,10]:0
(10,+Infinity]:0
(2025-09-11T03:41:47.6086993Z, 2025-09-11T03:41:57.6102851Z] http.request.method: GET http.response.status_code: 200 http.route: api/Walls network.protocol.version: 1.1 url.scheme: http Histogram
Value: Sum: 0.0289487 Count: 2 Min: 0.0032866 Max: 0.0256621 
(-Infinity,0.005]:1
(0.005,0.01]:0
(0.01,0.025]:0
(0.025,0.05]:1
(0.05,0.075]:0
(0.075,0.1]:0
(0.1,0.25]:0
(0.25,0.5]:0
(0.5,0.75]:0
(0.75,1]:0
(1,2.5]:0
(2.5,5]:0
(5,7.5]:0
(7.5,10]:0
(10,+Infinity]:0
(2025-09-11T03:41:47.6086993Z, 2025-09-11T03:41:57.6102851Z] http.request.method: GET http.response.status_code: 200 http.route: api/Roles network.protocol.version: 1.1 url.scheme: http Histogram
Value: Sum: 0.027870100000000002 Count: 4 Min: 0.0010417 Max: 0.0223545 
(-Infinity,0.005]:3
(0.005,0.01]:0
(0.01,0.025]:1
(0.025,0.05]:0
(0.05,0.075]:0
(0.075,0.1]:0
(0.1,0.25]:0
(0.25,0.5]:0
(0.5,0.75]:0
(0.75,1]:0
(1,2.5]:0
(2.5,5]:0
(5,7.5]:0
(7.5,10]:0
(10,+Infinity]:0
(2025-09-11T03:41:47.6086993Z, 2025-09-11T03:41:57.6102851Z] http.request.method: GET http.response.status_code: 200 http.route: api/Windows network.protocol.version: 1.1 url.scheme: http Histogram
Value: Sum: 0.0261006 Count: 2 Min: 0.0045012 Max: 0.0215994 
(-Infinity,0.005]:1
(0.005,0.01]:0
(0.01,0.025]:1
(0.025,0.05]:0
(0.05,0.075]:0
(0.075,0.1]:0
(0.1,0.25]:0
(0.25,0.5]:0
(0.5,0.75]:0
(0.75,1]:0
(1,2.5]:0
(2.5,5]:0
(5,7.5]:0
(7.5,10]:0
(10,+Infinity]:0
(2025-09-11T03:41:47.6086993Z, 2025-09-11T03:41:57.6102851Z] http.request.method: POST http.response.status_code: 200 http.route: api/Auth/login network.protocol.version: 1.1 url.scheme: http Histogram
Value: Sum: 5.6180577 Count: 14 Min: 0.300606 Max: 0.6547836 
(-Infinity,0.005]:0
(0.005,0.01]:0
(0.01,0.025]:0
(0.025,0.05]:0
(0.05,0.075]:0
(0.075,0.1]:0
(0.1,0.25]:0
(0.25,0.5]:10
(0.5,0.75]:4
(0.75,1]:0
(1,2.5]:0
(2.5,5]:0
(5,7.5]:0
(7.5,10]:0
(10,+Infinity]:0
(2025-09-11T03:41:47.6086993Z, 2025-09-11T03:41:57.6102851Z] http.request.method: POST http.response.status_code: 201 http.route: api/Walls network.protocol.version: 1.1 url.scheme: http Histogram
Value: Sum: 0.0768077 Count: 1 Min: 0.0768077 Max: 0.0768077 
(-Infinity,0.005]:0
(0.005,0.01]:0
(0.01,0.025]:0
(0.025,0.05]:0
(0.05,0.075]:0
(0.075,0.1]:1
(0.1,0.25]:0
(0.25,0.5]:0
(0.5,0.75]:0
(0.75,1]:0
(1,2.5]:0
(2.5,5]:0
(5,7.5]:0
(7.5,10]:0
(10,+Infinity]:0
(2025-09-11T03:41:47.6086993Z, 2025-09-11T03:41:57.6102851Z] http.request.method: POST http.response.status_code: 201 http.route: api/Roles network.protocol.version: 1.1 url.scheme: http Histogram
Value: Sum: 0.2203745 Count: 5 Min: 0.0028618 Max: 0.1537837 
(-Infinity,0.005]:1
(0.005,0.01]:1
(0.01,0.025]:1
(0.025,0.05]:1
(0.05,0.075]:0
(0.075,0.1]:0
(0.1,0.25]:1
(0.25,0.5]:0
(0.5,0.75]:0
(0.75,1]:0
(1,2.5]:0
(2.5,5]:0
(5,7.5]:0
(7.5,10]:0
(10,+Infinity]:0
(2025-09-11T03:41:47.6086993Z, 2025-09-11T03:41:57.6102851Z] http.request.method: POST http.response.status_code: 201 http.route: api/Windows network.protocol.version: 1.1 url.scheme: http Histogram
Value: Sum: 0.0637712 Count: 1 Min: 0.0637712 Max: 0.0637712 
(-Infinity,0.005]:0
(0.005,0.01]:0
(0.01,0.025]:0
(0.025,0.05]:0
(0.05,0.075]:1
(0.075,0.1]:0
(0.1,0.25]:0
(0.25,0.5]:0
(0.5,0.75]:0
(0.75,1]:0
(1,2.5]:0
(2.5,5]:0
(5,7.5]:0
(7.5,10]:0
(10,+Infinity]:0
(2025-09-11T03:41:47.6086993Z, 2025-09-11T03:41:57.6102851Z] http.request.method: POST http.response.status_code: 201 http.route: api/People network.protocol.version: 1.1 url.scheme: http Histogram
Value: Sum: 0.0311108 Count: 1 Min: 0.0311108 Max: 0.0311108 
(-Infinity,0.005]:0
(0.005,0.01]:0
(0.01,0.025]:0
(0.025,0.05]:1
(0.05,0.075]:0
(0.075,0.1]:0
(0.1,0.25]:0
(0.25,0.5]:0
(0.5,0.75]:0
(0.75,1]:0
(1,2.5]:0
(2.5,5]:0
(5,7.5]:0
(7.5,10]:0
(10,+Infinity]:0
(2025-09-11T03:41:47.6086993Z, 2025-09-11T03:41:57.6102851Z] http.request.method: PATCH http.response.status_code: 405 network.protocol.version: 1.1 url.scheme: http Histogram
Value: Sum: 0.0004928 Count: 1 Min: 0.0004928 Max: 0.0004928 
(-Infinity,0.005]:1
(0.005,0.01]:0
(0.01,0.025]:0
(0.025,0.05]:0
(0.05,0.075]:0
(0.075,0.1]:0
(0.1,0.25]:0
(0.25,0.5]:0
(0.5,0.75]:0
(0.75,1]:0
(1,2.5]:0
(2.5,5]:0
(5,7.5]:0
(7.5,10]:0
(10,+Infinity]:0
(2025-09-11T03:41:47.6086993Z, 2025-09-11T03:41:57.6102851Z] http.request.method: POST http.response.status_code: 400 http.route: api/Roles network.protocol.version: 1.1 url.scheme: http Histogram
Value: Sum: 0.0186609 Count: 2 Min: 0.00567 Max: 0.0129909 
(-Infinity,0.005]:0
(0.005,0.01]:1
(0.01,0.025]:1
(0.025,0.05]:0
(0.05,0.075]:0
(0.075,0.1]:0
(0.1,0.25]:0
(0.25,0.5]:0
(0.5,0.75]:0
(0.75,1]:0
(1,2.5]:0
(2.5,5]:0
(5,7.5]:0
(7.5,10]:0
(10,+Infinity]:0
Metric Name: aspnetcore.rate_limiting.active_request_leases, Number of HTTP requests that are currently active on the server that hold a rate limiting lease., Unit: {request}, Meter: Microsoft.AspNetCore.RateLimiting
(2025-09-11T03:41:47.6124154Z, 2025-09-11T03:41:57.6102859Z] LongSumNonMonotonic
Value: 3
Metric Name: aspnetcore.rate_limiting.request_lease.duration, The duration of rate limiting leases held by HTTP requests on the server., Unit: s, Meter: Microsoft.AspNetCore.RateLimiting
(2025-09-11T03:41:47.6133471Z, 2025-09-11T03:41:57.6102878Z] Histogram
Value: Sum: 18.3696295 Count: 62 Min: 0.0002978 Max: 0.9098251 
(-Infinity,0.005]:9
(0.005,0.01]:1
(0.01,0.025]:5
(0.025,0.05]:3
(0.05,0.075]:1
(0.075,0.1]:1
(0.1,0.25]:1
(0.25,0.5]:27
(0.5,0.75]:11
(0.75,1]:3
(1,2.5]:0
(2.5,5]:0
(5,7.5]:0
(7.5,10]:0
(10,+Infinity]:0
Metric Name: aspnetcore.rate_limiting.requests, Number of requests that tried to acquire a rate limiting lease. Requests could be rejected by global or endpoint rate limiting policies. Or the request could be canceled while waiting for the lease., Unit: {request}, Meter: Microsoft.AspNetCore.RateLimiting
(2025-09-11T03:41:47.6135725Z, 2025-09-11T03:41:57.6102902Z] aspnetcore.rate_limiting.result: acquired LongSum
Value: 62
Metric Name: aspnetcore.routing.match_attempts, Number of requests that were attempted to be matched to an endpoint., Unit: {match_attempt}, Meter: Microsoft.AspNetCore.Routing
(2025-09-11T03:41:47.6151887Z, 2025-09-11T03:41:57.6102924Z] aspnetcore.routing.is_fallback: false aspnetcore.routing.match_status: success http.route: api/Auth/register LongSum
Value: 27
(2025-09-11T03:41:47.6151887Z, 2025-09-11T03:41:57.6102924Z] aspnetcore.routing.is_fallback: false aspnetcore.routing.match_status: success http.route: api/People LongSum
Value: 3
(2025-09-11T03:41:47.6151887Z, 2025-09-11T03:41:57.6102924Z] aspnetcore.routing.is_fallback: false aspnetcore.routing.match_status: success http.route: api/Walls LongSum
Value: 3
(2025-09-11T03:41:47.6151887Z, 2025-09-11T03:41:57.6102924Z] aspnetcore.routing.is_fallback: false aspnetcore.routing.match_status: success http.route: api/Roles LongSum
Value: 11
(2025-09-11T03:41:47.6151887Z, 2025-09-11T03:41:57.6102924Z] aspnetcore.routing.is_fallback: false aspnetcore.routing.match_status: success http.route: api/Windows LongSum
Value: 3
(2025-09-11T03:41:47.6151887Z, 2025-09-11T03:41:57.6102924Z] aspnetcore.routing.is_fallback: false aspnetcore.routing.match_status: success http.route: api/Auth/login LongSum
Value: 17
(2025-09-11T03:41:47.6151887Z, 2025-09-11T03:41:57.6102924Z] aspnetcore.routing.is_fallback: false aspnetcore.routing.match_status: success http.route: (missing) LongSum
Value: 1
[03:41:57 INF] User logged in successfully: d66e3df8-49b0-45c5-a8e9-c23d9ea2b79d {"SourceContext": "App.Features.Authentication.LoginCommandHandler", "ActionId": "2f83dd5e-bf2c-4137-a309-e4d55760391e", "ActionName": "Api.Controllers.AuthController.Login (Api)", "RequestId": "0HNFGSKFKDJ72", "RequestPath": "/api/auth/login", "Application": "Crud.Api"}
Activity.TraceId:            e4c97e3976bf16a6c80f71a3a4ee272d
Activity.SpanId:             24a9eb2c462050a3
Activity.TraceFlags:         Recorded
Activity.ActivitySourceName: Microsoft.AspNetCore
Activity.DisplayName:        POST api/Auth/login
Activity.Kind:               Server
Activity.StartTime:          2025-09-11T03:41:57.3622319Z
Activity.Duration:           00:00:00.3314813
Activity.Tags:
    server.address: localhost
    http.request.method: POST
    url.scheme: http
    url.path: /api/auth/login
    network.protocol.version: 1.1
    http.route: api/Auth/login
    http.response.status_code: 200
Resource associated with Activity:
    deployment.environment: Testing
    service.name: Crud.Api
    service.version: 1.0.0
    service.instance.id: a483e3f3-32ea-4a50-a508-2cd77b6b2522
    telemetry.sdk.name: opentelemetry
    telemetry.sdk.language: dotnet
    telemetry.sdk.version: 1.8.1
[03:41:57 DBG] Cache miss for key: name:role:concurrentrole_70e24d3660d04302b2039c7e3c12671b_1 {"SourceContext": "Infrastructure.Services.Caching.InMemoryCacheService", "ActionId": "b13c1404-0edd-4d75-9305-6ee64cbca813", "ActionName": "Api.Controllers.RolesController.Create (Api)", "RequestId": "0HNFGSKFKDJ75", "RequestPath": "/api/roles", "Application": "Crud.Api"}
[03:41:57 DBG] Cache miss for key: name:role:concurrentrole_70e24d3660d04302b2039c7e3c12671b_8 {"SourceContext": "Infrastructure.Services.Caching.InMemoryCacheService", "ActionId": "b13c1404-0edd-4d75-9305-6ee64cbca813", "ActionName": "Api.Controllers.RolesController.Create (Api)", "RequestId": "0HNFGSKFKDJ78", "RequestPath": "/api/roles", "Application": "Crud.Api"}
[03:41:57 DBG] Cache miss for key: name:role:concurrentrole_70e24d3660d04302b2039c7e3c12671b_2 {"SourceContext": "Infrastructure.Services.Caching.InMemoryCacheService", "ActionId": "b13c1404-0edd-4d75-9305-6ee64cbca813", "ActionName": "Api.Controllers.RolesController.Create (Api)", "RequestId": "0HNFGSKFKDJ76", "RequestPath": "/api/roles", "Application": "Crud.Api"}
[03:41:57 DBG] Cache miss for key: name:role:concurrentrole_70e24d3660d04302b2039c7e3c12671b_4 {"SourceContext": "Infrastructure.Services.Caching.InMemoryCacheService", "ActionId": "b13c1404-0edd-4d75-9305-6ee64cbca813", "ActionName": "Api.Controllers.RolesController.Create (Api)", "RequestId": "0HNFGSKFKDJ77", "RequestPath": "/api/roles", "Application": "Crud.Api"}
[03:41:57 DBG] Removed cache value for key: entity:role:a014d9738aa24ed78b70c81ba5adc468 {"SourceContext": "Infrastructure.Services.Caching.InMemoryCacheService", "ActionId": "b13c1404-0edd-4d75-9305-6ee64cbca813", "ActionName": "Api.Controllers.RolesController.Create (Api)", "RequestId": "0HNFGSKFKDJ75", "RequestPath": "/api/roles", "Application": "Crud.Api"}
[03:41:57 DBG] Removed cache value for key: list:role {"SourceContext": "Infrastructure.Services.Caching.InMemoryCacheService", "ActionId": "b13c1404-0edd-4d75-9305-6ee64cbca813", "ActionName": "Api.Controllers.RolesController.Create (Api)", "RequestId": "0HNFGSKFKDJ75", "RequestPath": "/api/roles", "Application": "Crud.Api"}
[03:41:57 DBG] Invalidating cache for entity type: roles with tag: roles {"SourceContext": "Api.Services.OutputCacheInvalidationService", "ActionId": "b13c1404-0edd-4d75-9305-6ee64cbca813", "ActionName": "Api.Controllers.RolesController.Create (Api)", "RequestId": "0HNFGSKFKDJ75", "RequestPath": "/api/roles", "Application": "Crud.Api"}
[03:41:57 INF] Successfully invalidated cache for entity type: roles {"SourceContext": "Api.Services.OutputCacheInvalidationService", "ActionId": "b13c1404-0edd-4d75-9305-6ee64cbca813", "ActionName": "Api.Controllers.RolesController.Create (Api)", "RequestId": "0HNFGSKFKDJ75", "RequestPath": "/api/roles", "Application": "Crud.Api"}
Activity.TraceId:            3fd221a1ef6f3e7da79756028b7798b3
Activity.SpanId:             2d668c43e59035d7
Activity.TraceFlags:         Recorded
Activity.ActivitySourceName: Microsoft.AspNetCore
Activity.DisplayName:        POST api/Roles
Activity.Kind:               Server
Activity.StartTime:          2025-09-11T03:41:57.6949363Z
Activity.Duration:           00:00:00.0061153
Activity.Tags:
    server.address: localhost
    http.request.method: POST
    url.scheme: http
    url.path: /api/roles
    network.protocol.version: 1.1
    http.route: api/Roles
    http.response.status_code: 201
Resource associated with Activity:
    deployment.environment: Testing
    service.name: Crud.Api
    service.version: 1.0.0
    service.instance.id: a483e3f3-32ea-4a50-a508-2cd77b6b2522
    telemetry.sdk.name: opentelemetry
    telemetry.sdk.language: dotnet
    telemetry.sdk.version: 1.8.1
[03:41:57 INF] User logged in successfully: e5a78115-d13e-46ef-b0aa-d07d31a61253 {"SourceContext": "App.Features.Authentication.LoginCommandHandler", "ActionId": "2f83dd5e-bf2c-4137-a309-e4d55760391e", "ActionName": "Api.Controllers.AuthController.Login (Api)", "RequestId": "0HNFGSKFKDJ73", "RequestPath": "/api/auth/login", "Application": "Crud.Api"}
Activity.TraceId:            47027c897a604e00459e1a0083ba5a17
Activity.SpanId:             a1314de390685904
Activity.TraceFlags:         Recorded
Activity.ActivitySourceName: Microsoft.AspNetCore
Activity.DisplayName:        POST api/Auth/login
Activity.Kind:               Server
Activity.StartTime:          2025-09-11T03:41:57.3748828Z
Activity.Duration:           00:00:00.3440958
Activity.Tags:
    server.address: localhost
    http.request.method: POST
    url.scheme: http
    url.path: /api/auth/login
    network.protocol.version: 1.1
    http.route: api/Auth/login
    http.response.status_code: 200
Resource associated with Activity:
    deployment.environment: Testing
    service.name: Crud.Api
    service.version: 1.0.0
    service.instance.id: a483e3f3-32ea-4a50-a508-2cd77b6b2522
    telemetry.sdk.name: opentelemetry
    telemetry.sdk.language: dotnet
    telemetry.sdk.version: 1.8.1
[03:41:57 DBG] Cache miss for key: name:role:concurrentrole_70e24d3660d04302b2039c7e3c12671b_7 {"SourceContext": "Infrastructure.Services.Caching.InMemoryCacheService", "ActionId": "b13c1404-0edd-4d75-9305-6ee64cbca813", "ActionName": "Api.Controllers.RolesController.Create (Api)", "RequestId": "0HNFGSKFKDJ79", "RequestPath": "/api/roles", "Application": "Crud.Api"}
[03:41:57 DBG] Removed cache value for key: entity:role:d07d5de9038c4023a03941670dfc3b01 {"SourceContext": "Infrastructure.Services.Caching.InMemoryCacheService", "ActionId": "b13c1404-0edd-4d75-9305-6ee64cbca813", "ActionName": "Api.Controllers.RolesController.Create (Api)", "RequestId": "0HNFGSKFKDJ79", "RequestPath": "/api/roles", "Application": "Crud.Api"}
[03:41:57 DBG] Removed cache value for key: list:role {"SourceContext": "Infrastructure.Services.Caching.InMemoryCacheService", "ActionId": "b13c1404-0edd-4d75-9305-6ee64cbca813", "ActionName": "Api.Controllers.RolesController.Create (Api)", "RequestId": "0HNFGSKFKDJ79", "RequestPath": "/api/roles", "Application": "Crud.Api"}
[03:41:57 DBG] Invalidating cache for entity type: roles with tag: roles {"SourceContext": "Api.Services.OutputCacheInvalidationService", "ActionId": "b13c1404-0edd-4d75-9305-6ee64cbca813", "ActionName": "Api.Controllers.RolesController.Create (Api)", "RequestId": "0HNFGSKFKDJ79", "RequestPath": "/api/roles", "Application": "Crud.Api"}
[03:41:57 INF] Successfully invalidated cache for entity type: roles {"SourceContext": "Api.Services.OutputCacheInvalidationService", "ActionId": "b13c1404-0edd-4d75-9305-6ee64cbca813", "ActionName": "Api.Controllers.RolesController.Create (Api)", "RequestId": "0HNFGSKFKDJ79", "RequestPath": "/api/roles", "Application": "Crud.Api"}
Activity.TraceId:            2896647e54854ce3220a20c38d116443
Activity.SpanId:             085076a3c9fa5805
Activity.TraceFlags:         Recorded
Activity.ActivitySourceName: Microsoft.AspNetCore
Activity.DisplayName:        POST api/Roles
Activity.Kind:               Server
Activity.StartTime:          2025-09-11T03:41:57.7192308Z
Activity.Duration:           00:00:00.0043945
Activity.Tags:
    server.address: localhost
    http.request.method: POST
    url.scheme: http
    url.path: /api/roles
    network.protocol.version: 1.1
    http.route: api/Roles
    http.response.status_code: 201
Resource associated with Activity:
    deployment.environment: Testing
    service.name: Crud.Api
    service.version: 1.0.0
    service.instance.id: a483e3f3-32ea-4a50-a508-2cd77b6b2522
    telemetry.sdk.name: opentelemetry
    telemetry.sdk.language: dotnet
    telemetry.sdk.version: 1.8.1
[03:41:57 INF] User logged in successfully: 60129753-99a1-401c-a755-a55fec1081ba {"SourceContext": "App.Features.Authentication.LoginCommandHandler", "ActionId": "2f83dd5e-bf2c-4137-a309-e4d55760391e", "ActionName": "Api.Controllers.AuthController.Login (Api)", "RequestId": "0HNFGSKFKDJ74", "RequestPath": "/api/auth/login", "Application": "Crud.Api"}
Activity.TraceId:            7f3cede9685fea6d82b69bd6cde1a079
Activity.SpanId:             2749c3680b469c50
Activity.TraceFlags:         Recorded
Activity.ActivitySourceName: Microsoft.AspNetCore
Activity.DisplayName:        POST api/Auth/login
Activity.Kind:               Server
Activity.StartTime:          2025-09-11T03:41:57.4930567Z
Activity.Duration:           00:00:00.3293768
Activity.Tags:
    server.address: localhost
    http.request.method: POST
    url.scheme: http
    url.path: /api/auth/login
    network.protocol.version: 1.1
    http.route: api/Auth/login
    http.response.status_code: 200
Resource associated with Activity:
    deployment.environment: Testing
    service.name: Crud.Api
    service.version: 1.0.0
    service.instance.id: a483e3f3-32ea-4a50-a508-2cd77b6b2522
    telemetry.sdk.name: opentelemetry
    telemetry.sdk.language: dotnet
    telemetry.sdk.version: 1.8.1
[03:41:57 DBG] Cache miss for key: name:role:concurrentrole_70e24d3660d04302b2039c7e3c12671b_9 {"SourceContext": "Infrastructure.Services.Caching.InMemoryCacheService", "ActionId": "b13c1404-0edd-4d75-9305-6ee64cbca813", "ActionName": "Api.Controllers.RolesController.Create (Api)", "RequestId": "0HNFGSKFKDJ7A", "RequestPath": "/api/roles", "Application": "Crud.Api"}
[03:41:57 DBG] Removed cache value for key: entity:role:3e78a5d664904f2095dc485b510f178b {"SourceContext": "Infrastructure.Services.Caching.InMemoryCacheService", "ActionId": "b13c1404-0edd-4d75-9305-6ee64cbca813", "ActionName": "Api.Controllers.RolesController.Create (Api)", "RequestId": "0HNFGSKFKDJ7A", "RequestPath": "/api/roles", "Application": "Crud.Api"}
[03:41:57 DBG] Removed cache value for key: list:role {"SourceContext": "Infrastructure.Services.Caching.InMemoryCacheService", "ActionId": "b13c1404-0edd-4d75-9305-6ee64cbca813", "ActionName": "Api.Controllers.RolesController.Create (Api)", "RequestId": "0HNFGSKFKDJ7A", "RequestPath": "/api/roles", "Application": "Crud.Api"}
[03:41:57 DBG] Invalidating cache for entity type: roles with tag: roles {"SourceContext": "Api.Services.OutputCacheInvalidationService", "ActionId": "b13c1404-0edd-4d75-9305-6ee64cbca813", "ActionName": "Api.Controllers.RolesController.Create (Api)", "RequestId": "0HNFGSKFKDJ7A", "RequestPath": "/api/roles", "Application": "Crud.Api"}
[03:41:57 INF] Successfully invalidated cache for entity type: roles {"SourceContext": "Api.Services.OutputCacheInvalidationService", "ActionId": "b13c1404-0edd-4d75-9305-6ee64cbca813", "ActionName": "Api.Controllers.RolesController.Create (Api)", "RequestId": "0HNFGSKFKDJ7A", "RequestPath": "/api/roles", "Application": "Crud.Api"}
Activity.TraceId:            c0eac2db5d471792ead9e6a7af11f528
Activity.SpanId:             e8bf0de1344d7e54
Activity.TraceFlags:         Recorded
Activity.ActivitySourceName: Microsoft.AspNetCore
Activity.DisplayName:        POST api/Roles
Activity.Kind:               Server
Activity.StartTime:          2025-09-11T03:41:57.8226635Z
Activity.Duration:           00:00:00.0022299
Activity.Tags:
    server.address: localhost
    http.request.method: POST
    url.scheme: http
    url.path: /api/roles
    network.protocol.version: 1.1
    http.route: api/Roles
    http.response.status_code: 201
Resource associated with Activity:
    deployment.environment: Testing
    service.name: Crud.Api
    service.version: 1.0.0
    service.instance.id: a483e3f3-32ea-4a50-a508-2cd77b6b2522
    telemetry.sdk.name: opentelemetry
    telemetry.sdk.language: dotnet
    telemetry.sdk.version: 1.8.1
[03:41:57 DBG] Removed cache value for key: entity:role:41efdbd612bc4e5f8243a872d903520d {"SourceContext": "Infrastructure.Services.Caching.InMemoryCacheService", "ActionId": "b13c1404-0edd-4d75-9305-6ee64cbca813", "ActionName": "Api.Controllers.RolesController.Create (Api)", "RequestId": "0HNFGSKFKDJ76", "RequestPath": "/api/roles", "Application": "Crud.Api"}
[03:41:57 DBG] Removed cache value for key: list:role {"SourceContext": "Infrastructure.Services.Caching.InMemoryCacheService", "ActionId": "b13c1404-0edd-4d75-9305-6ee64cbca813", "ActionName": "Api.Controllers.RolesController.Create (Api)", "RequestId": "0HNFGSKFKDJ76", "RequestPath": "/api/roles", "Application": "Crud.Api"}
[03:41:57 DBG] Invalidating cache for entity type: roles with tag: roles {"SourceContext": "Api.Services.OutputCacheInvalidationService", "ActionId": "b13c1404-0edd-4d75-9305-6ee64cbca813", "ActionName": "Api.Controllers.RolesController.Create (Api)", "RequestId": "0HNFGSKFKDJ76", "RequestPath": "/api/roles", "Application": "Crud.Api"}
[03:41:57 INF] Successfully invalidated cache for entity type: roles {"SourceContext": "Api.Services.OutputCacheInvalidationService", "ActionId": "b13c1404-0edd-4d75-9305-6ee64cbca813", "ActionName": "Api.Controllers.RolesController.Create (Api)", "RequestId": "0HNFGSKFKDJ76", "RequestPath": "/api/roles", "Application": "Crud.Api"}
Activity.TraceId:            3a0b84e87556f046c674a4aedaba4bd0
Activity.SpanId:             af1d025301207906
Activity.TraceFlags:         Recorded
Activity.ActivitySourceName: Microsoft.AspNetCore
Activity.DisplayName:        POST api/Roles
Activity.Kind:               Server
Activity.StartTime:          2025-09-11T03:41:57.6949425Z
Activity.Duration:           00:00:00.1559319
Activity.Tags:
    server.address: localhost
    http.request.method: POST
    url.scheme: http
    url.path: /api/roles
    network.protocol.version: 1.1
    http.route: api/Roles
    http.response.status_code: 201
Resource associated with Activity:
    deployment.environment: Testing
    service.name: Crud.Api
    service.version: 1.0.0
    service.instance.id: a483e3f3-32ea-4a50-a508-2cd77b6b2522
    telemetry.sdk.name: opentelemetry
    telemetry.sdk.language: dotnet
    telemetry.sdk.version: 1.8.1
[03:41:58 DBG] Removed cache value for key: entity:role:cb6f3a46e89040cf878b0ff57dbe16a1 {"SourceContext": "Infrastructure.Services.Caching.InMemoryCacheService", "ActionId": "b13c1404-0edd-4d75-9305-6ee64cbca813", "ActionName": "Api.Controllers.RolesController.Create (Api)", "RequestId": "0HNFGSKFKDJ77", "RequestPath": "/api/roles", "Application": "Crud.Api"}
[03:41:58 DBG] Removed cache value for key: list:role {"SourceContext": "Infrastructure.Services.Caching.InMemoryCacheService", "ActionId": "b13c1404-0edd-4d75-9305-6ee64cbca813", "ActionName": "Api.Controllers.RolesController.Create (Api)", "RequestId": "0HNFGSKFKDJ77", "RequestPath": "/api/roles", "Application": "Crud.Api"}
[03:41:58 DBG] Invalidating cache for entity type: roles with tag: roles {"SourceContext": "Api.Services.OutputCacheInvalidationService", "ActionId": "b13c1404-0edd-4d75-9305-6ee64cbca813", "ActionName": "Api.Controllers.RolesController.Create (Api)", "RequestId": "0HNFGSKFKDJ77", "RequestPath": "/api/roles", "Application": "Crud.Api"}
[03:41:58 INF] Successfully invalidated cache for entity type: roles {"SourceContext": "Api.Services.OutputCacheInvalidationService", "ActionId": "b13c1404-0edd-4d75-9305-6ee64cbca813", "ActionName": "Api.Controllers.RolesController.Create (Api)", "RequestId": "0HNFGSKFKDJ77", "RequestPath": "/api/roles", "Application": "Crud.Api"}
Activity.TraceId:            cf47cdfccf3113dc8db197d6bc112e8b
Activity.SpanId:             3e7415eb3f509b0b
Activity.TraceFlags:         Recorded
Activity.ActivitySourceName: Microsoft.AspNetCore
Activity.DisplayName:        POST api/Roles
Activity.Kind:               Server
Activity.StartTime:          2025-09-11T03:41:57.6949802Z
Activity.Duration:           00:00:00.3059171
Activity.Tags:
    server.address: localhost
    http.request.method: POST
    url.scheme: http
    url.path: /api/roles
    network.protocol.version: 1.1
    http.route: api/Roles
    http.response.status_code: 201
Resource associated with Activity:
    deployment.environment: Testing
    service.name: Crud.Api
    service.version: 1.0.0
    service.instance.id: a483e3f3-32ea-4a50-a508-2cd77b6b2522
    telemetry.sdk.name: opentelemetry
    telemetry.sdk.language: dotnet
    telemetry.sdk.version: 1.8.1
[03:41:58 DBG] Removed cache value for key: entity:role:26a67cf7b8f04e788dd8b0ff08c7504a {"SourceContext": "Infrastructure.Services.Caching.InMemoryCacheService", "ActionId": "b13c1404-0edd-4d75-9305-6ee64cbca813", "ActionName": "Api.Controllers.RolesController.Create (Api)", "RequestId": "0HNFGSKFKDJ78", "RequestPath": "/api/roles", "Application": "Crud.Api"}
[03:41:58 DBG] Removed cache value for key: list:role {"SourceContext": "Infrastructure.Services.Caching.InMemoryCacheService", "ActionId": "b13c1404-0edd-4d75-9305-6ee64cbca813", "ActionName": "Api.Controllers.RolesController.Create (Api)", "RequestId": "0HNFGSKFKDJ78", "RequestPath": "/api/roles", "Application": "Crud.Api"}
[03:41:58 DBG] Invalidating cache for entity type: roles with tag: roles {"SourceContext": "Api.Services.OutputCacheInvalidationService", "ActionId": "b13c1404-0edd-4d75-9305-6ee64cbca813", "ActionName": "Api.Controllers.RolesController.Create (Api)", "RequestId": "0HNFGSKFKDJ78", "RequestPath": "/api/roles", "Application": "Crud.Api"}
[03:41:58 INF] Successfully invalidated cache for entity type: roles {"SourceContext": "Api.Services.OutputCacheInvalidationService", "ActionId": "b13c1404-0edd-4d75-9305-6ee64cbca813", "ActionName": "Api.Controllers.RolesController.Create (Api)", "RequestId": "0HNFGSKFKDJ78", "RequestPath": "/api/roles", "Application": "Crud.Api"}
Activity.TraceId:            21197577546b8b6f911d015a79284a5d
Activity.SpanId:             6a4211510129e472
Activity.TraceFlags:         Recorded
Activity.ActivitySourceName: Microsoft.AspNetCore
Activity.DisplayName:        POST api/Roles
Activity.Kind:               Server
Activity.StartTime:          2025-09-11T03:41:57.6959962Z
Activity.Duration:           00:00:00.3053164
Activity.Tags:
    server.address: localhost
    http.request.method: POST
    url.scheme: http
    url.path: /api/roles
    network.protocol.version: 1.1
    http.route: api/Roles
    http.response.status_code: 201
Resource associated with Activity:
    deployment.environment: Testing
    service.name: Crud.Api
    service.version: 1.0.0
    service.instance.id: a483e3f3-32ea-4a50-a508-2cd77b6b2522
    telemetry.sdk.name: opentelemetry
    telemetry.sdk.language: dotnet
    telemetry.sdk.version: 1.8.1
[03:41:58 INF] User registered successfully: eb1294e2-15bb-4bc7-ad1c-93634ef6d55a {"SourceContext": "App.Features.Authentication.RegisterUserCommandHandler", "ActionId": "b38ee326-d2eb-49d4-9e94-982bb9bd2008", "ActionName": "Api.Controllers.AuthController.Register (Api)", "RequestId": "0HNFGSKFKDJ7B", "RequestPath": "/api/auth/register", "Application": "Crud.Api"}
Activity.TraceId:            76c4b1f0435e8a6bc00c82a2176889cf
Activity.SpanId:             69f2640a2010e876
Activity.TraceFlags:         Recorded
Activity.ActivitySourceName: Microsoft.AspNetCore
Activity.DisplayName:        POST api/Auth/register
Activity.Kind:               Server
Activity.StartTime:          2025-09-11T03:41:58.0051234Z
Activity.Duration:           00:00:00.2991800
Activity.Tags:
    server.address: localhost
    http.request.method: POST
    url.scheme: http
    url.path: /api/auth/register
    network.protocol.version: 1.1
    http.route: api/Auth/register
    http.response.status_code: 200
Resource associated with Activity:
    deployment.environment: Testing
    service.name: Crud.Api
    service.version: 1.0.0
    service.instance.id: a483e3f3-32ea-4a50-a508-2cd77b6b2522
    telemetry.sdk.name: opentelemetry
    telemetry.sdk.language: dotnet
    telemetry.sdk.version: 1.8.1
[03:41:58 DBG] Cache miss for key: list:role {"SourceContext": "Infrastructure.Services.Caching.InMemoryCacheService", "ActionId": "e37a1718-92fc-4307-b649-e6b291f00014", "ActionName": "Api.Controllers.RolesController.List (Api)", "RequestId": "0HNFGSKFKDJ7C", "RequestPath": "/api/roles", "Application": "Crud.Api"}
[03:41:58 DBG] Set cache value for key: list:role {"SourceContext": "Infrastructure.Services.Caching.InMemoryCacheService", "ActionId": "e37a1718-92fc-4307-b649-e6b291f00014", "ActionName": "Api.Controllers.RolesController.List (Api)", "RequestId": "0HNFGSKFKDJ7C", "RequestPath": "/api/roles", "Application": "Crud.Api"}
[03:41:58 DBG] Response not compressed: application/json; charset=utf-8 | Size: 1551 bytes | Path: /api/roles {"SourceContext": "Api.Middleware.CompressionPerformanceMiddleware", "RequestId": "0HNFGSKFKDJ7C", "RequestPath": "/api/roles", "Application": "Crud.Api"}
Activity.TraceId:            ef2c896425c6eecc3110215f1f6939be
Activity.SpanId:             db86b680b53406d3
Activity.TraceFlags:         Recorded
Activity.ActivitySourceName: Microsoft.AspNetCore
Activity.DisplayName:        GET api/Roles
Activity.Kind:               Server
Activity.StartTime:          2025-09-11T03:41:58.3047783Z
Activity.Duration:           00:00:00.0021142
Activity.Tags:
    server.address: localhost
    http.request.method: GET
    url.scheme: http
    url.path: /api/roles
    network.protocol.version: 1.1
    http.route: api/Roles
    http.response.status_code: 200
Resource associated with Activity:
    deployment.environment: Testing
    service.name: Crud.Api
    service.version: 1.0.0
    service.instance.id: a483e3f3-32ea-4a50-a508-2cd77b6b2522
    telemetry.sdk.name: opentelemetry
    telemetry.sdk.language: dotnet
    telemetry.sdk.version: 1.8.1
[03:41:58 INF] Resetting database for worker 13441 {"SourceContext": "Infrastructure.Services.DatabaseTestService", "Application": "Crud.Api"}
[03:41:58 INF] Resetting database via file deletion for worker 13441 in CI environment {"SourceContext": "Infrastructure.Services.DatabaseTestService", "Application": "Crud.Api"}
[03:41:58 INF] Acquiring database mutex for worker 13441... {"SourceContext": "Infrastructure.Services.DatabaseTestService", "Application": "Crud.Api"}
[03:41:58 INF] Database mutex acquired for worker 13441 {"SourceContext": "Infrastructure.Services.DatabaseTestService", "Application": "Crud.Api"}
[03:41:58 INF] Current database state - CanConnect: True {"SourceContext": "Infrastructure.Services.DatabaseTestService", "Application": "Crud.Api"}
[03:41:58 INF] [Phase 0] Closing database connection for worker 13441... {"SourceContext": "Infrastructure.Services.DatabaseTestService", "Application": "Crud.Api"}
[03:41:58 INF] [Phase 0] Connection closed in 0.0034ms {"SourceContext": "Infrastructure.Services.DatabaseTestService", "Application": "Crud.Api"}
[03:41:58 INF] [Phase 1] Starting EnsureDeletedAsync for worker 13441... {"SourceContext": "Infrastructure.Services.DatabaseTestService", "Application": "Crud.Api"}
[03:41:58 INF] [Phase 1] EnsureDeletedAsync completed in 1.9171ms {"SourceContext": "Infrastructure.Services.DatabaseTestService", "Application": "Crud.Api"}
[03:41:58 INF] [Phase 2] Starting EnsureCreatedAsync for worker 13441... {"SourceContext": "Infrastructure.Services.DatabaseTestService", "Application": "Crud.Api"}
[03:41:58 INF] [Phase 2] EnsureCreatedAsync completed in 8.8392ms {"SourceContext": "Infrastructure.Services.DatabaseTestService", "Application": "Crud.Api"}
[03:41:58 INF] [Phase 3] Skipping database seeding as requested for worker 13441 {"SourceContext": "Infrastructure.Services.DatabaseTestService", "Application": "Crud.Api"}
[03:41:58 INF] Database reset via file deletion completed for worker 13441 in 111.1543ms (Close: 0.0034ms, Delete: 1.9171ms, Create: 8.8392ms) {"SourceContext": "Infrastructure.Services.DatabaseTestService", "Application": "Crud.Api"}
[03:41:58 INF] Releasing database mutex for worker 13441 {"SourceContext": "Infrastructure.Services.DatabaseTestService", "Application": "Crud.Api"}
[03:41:58 INF] User registered successfully: 1a0b18c7-5343-4127-af14-f733037cb21f {"SourceContext": "App.Features.Authentication.RegisterUserCommandHandler", "ActionId": "b38ee326-d2eb-49d4-9e94-982bb9bd2008", "ActionName": "Api.Controllers.AuthController.Register (Api)", "RequestId": "0HNFGSKFKDJ7D", "RequestPath": "/api/auth/register", "Application": "Crud.Api"}
Activity.TraceId:            c461a2721d7ae19fd4046b0ef9e7cca1
Activity.SpanId:             6afb818eb19dc3d2
Activity.TraceFlags:         Recorded
Activity.ActivitySourceName: Microsoft.AspNetCore
Activity.DisplayName:        POST api/Auth/register
Activity.Kind:               Server
Activity.StartTime:          2025-09-11T03:41:58.4226456Z
Activity.Duration:           00:00:00.2991884
Activity.Tags:
    server.address: localhost
    http.request.method: POST
    url.scheme: http
    url.path: /api/auth/register
    network.protocol.version: 1.1
    http.route: api/Auth/register
    http.response.status_code: 200
Resource associated with Activity:
    deployment.environment: Testing
    service.name: Crud.Api
    service.version: 1.0.0
    service.instance.id: a483e3f3-32ea-4a50-a508-2cd77b6b2522
    telemetry.sdk.name: opentelemetry
    telemetry.sdk.language: dotnet
    telemetry.sdk.version: 1.8.1
[03:41:58 DBG] Cache hit for key: list:role {"SourceContext": "Infrastructure.Services.Caching.InMemoryCacheService", "ActionId": "e37a1718-92fc-4307-b649-e6b291f00014", "ActionName": "Api.Controllers.RolesController.List (Api)", "RequestId": "0HNFGSKFKDJ7E", "RequestPath": "/api/roles", "Application": "Crud.Api"}
[03:41:58 DBG] Response not compressed: application/json; charset=utf-8 | Size: 1551 bytes | Path: /api/roles {"SourceContext": "Api.Middleware.CompressionPerformanceMiddleware", "RequestId": "0HNFGSKFKDJ7E", "RequestPath": "/api/roles", "Application": "Crud.Api"}
Activity.TraceId:            6f3179d66d467991ac0da6733ec93ee5
Activity.SpanId:             3383ac1918cc2519
Activity.TraceFlags:         Recorded
Activity.ActivitySourceName: Microsoft.AspNetCore
Activity.DisplayName:        GET api/Roles
Activity.Kind:               Server
Activity.StartTime:          2025-09-11T03:41:58.7232812Z
Activity.Duration:           00:00:00.0010999
Activity.Tags:
    server.address: localhost
    http.request.method: GET
    url.scheme: http
    url.path: /api/roles
    network.protocol.version: 1.1
    http.route: api/Roles
    http.response.status_code: 200
Resource associated with Activity:
    deployment.environment: Testing
    service.name: Crud.Api
    service.version: 1.0.0
    service.instance.id: a483e3f3-32ea-4a50-a508-2cd77b6b2522
    telemetry.sdk.name: opentelemetry
    telemetry.sdk.language: dotnet
    telemetry.sdk.version: 1.8.1
[03:41:59 INF] User registered successfully: 905c5062-2b64-4e15-980a-5d818fae2c98 {"SourceContext": "App.Features.Authentication.RegisterUserCommandHandler", "ActionId": "b38ee326-d2eb-49d4-9e94-982bb9bd2008", "ActionName": "Api.Controllers.AuthController.Register (Api)", "RequestId": "0HNFGSKFKDJ7F", "RequestPath": "/api/auth/register", "Application": "Crud.Api"}
Activity.TraceId:            8ca78ba039960df8ac473bd906b1899b
Activity.SpanId:             e3b6913b04823793
Activity.TraceFlags:         Recorded
Activity.ActivitySourceName: Microsoft.AspNetCore
Activity.DisplayName:        POST api/Auth/register
Activity.Kind:               Server
Activity.StartTime:          2025-09-11T03:41:58.7266282Z
Activity.Duration:           00:00:00.3012829
Activity.Tags:
    server.address: localhost
    http.request.method: POST
    url.scheme: http
    url.path: /api/auth/register
    network.protocol.version: 1.1
    http.route: api/Auth/register
    http.response.status_code: 200
Resource associated with Activity:
    deployment.environment: Testing
    service.name: Crud.Api
    service.version: 1.0.0
    service.instance.id: a483e3f3-32ea-4a50-a508-2cd77b6b2522
    telemetry.sdk.name: opentelemetry
    telemetry.sdk.language: dotnet
    telemetry.sdk.version: 1.8.1
Activity.TraceId:            99811a461ec3be6c3e5aede10c3b4895
Activity.SpanId:             020f043677acaf6b
Activity.TraceFlags:         Recorded
Activity.ActivitySourceName: Microsoft.AspNetCore
Activity.DisplayName:        GET
Activity.Kind:               Server
Activity.StartTime:          2025-09-11T03:41:59.0292080Z
Activity.Duration:           00:00:00.0008270
Activity.Tags:
    server.address: localhost
    http.request.method: GET
    url.scheme: http
    url.path: /api/nonexistent
    network.protocol.version: 1.1
    http.response.status_code: 404
Resource associated with Activity:
    deployment.environment: Testing
    service.name: Crud.Api
    service.version: 1.0.0
    service.instance.id: a483e3f3-32ea-4a50-a508-2cd77b6b2522
    telemetry.sdk.name: opentelemetry
    telemetry.sdk.language: dotnet
    telemetry.sdk.version: 1.8.1
[03:41:59 INF] Resetting database for worker 13441 {"SourceContext": "Infrastructure.Services.DatabaseTestService", "Application": "Crud.Api"}
[03:41:59 INF] Resetting database via file deletion for worker 13441 in CI environment {"SourceContext": "Infrastructure.Services.DatabaseTestService", "Application": "Crud.Api"}
[03:41:59 INF] Acquiring database mutex for worker 13441... {"SourceContext": "Infrastructure.Services.DatabaseTestService", "Application": "Crud.Api"}
[03:41:59 INF] Database mutex acquired for worker 13441 {"SourceContext": "Infrastructure.Services.DatabaseTestService", "Application": "Crud.Api"}
[03:41:59 INF] Current database state - CanConnect: True {"SourceContext": "Infrastructure.Services.DatabaseTestService", "Application": "Crud.Api"}
[03:41:59 INF] [Phase 0] Closing database connection for worker 13441... {"SourceContext": "Infrastructure.Services.DatabaseTestService", "Application": "Crud.Api"}
[03:41:59 INF] [Phase 0] Connection closed in 0.0016ms {"SourceContext": "Infrastructure.Services.DatabaseTestService", "Application": "Crud.Api"}
[03:41:59 INF] [Phase 1] Starting EnsureDeletedAsync for worker 13441... {"SourceContext": "Infrastructure.Services.DatabaseTestService", "Application": "Crud.Api"}
[03:41:59 INF] [Phase 1] EnsureDeletedAsync completed in 1.4536ms {"SourceContext": "Infrastructure.Services.DatabaseTestService", "Application": "Crud.Api"}
[03:41:59 INF] [Phase 2] Starting EnsureCreatedAsync for worker 13441... {"SourceContext": "Infrastructure.Services.DatabaseTestService", "Application": "Crud.Api"}
[03:41:59 INF] [Phase 2] EnsureCreatedAsync completed in 9.7385ms {"SourceContext": "Infrastructure.Services.DatabaseTestService", "Application": "Crud.Api"}
[03:41:59 INF] [Phase 3] Skipping database seeding as requested for worker 13441 {"SourceContext": "Infrastructure.Services.DatabaseTestService", "Application": "Crud.Api"}
[03:41:59 INF] Database reset via file deletion completed for worker 13441 in 112.0979ms (Close: 0.0016ms, Delete: 1.4536ms, Create: 9.7385ms) {"SourceContext": "Infrastructure.Services.DatabaseTestService", "Application": "Crud.Api"}
[03:41:59 INF] Releasing database mutex for worker 13441 {"SourceContext": "Infrastructure.Services.DatabaseTestService", "Application": "Crud.Api"}
[03:41:59 INF] User registered successfully: 97908a7f-e2b2-4c69-bd34-e7982912dec1 {"SourceContext": "App.Features.Authentication.RegisterUserCommandHandler", "ActionId": "b38ee326-d2eb-49d4-9e94-982bb9bd2008", "ActionName": "Api.Controllers.AuthController.Register (Api)", "RequestId": "0HNFGSKFKDJ7H", "RequestPath": "/api/auth/register", "Application": "Crud.Api"}
Activity.TraceId:            ec0fca871fb6a9372c7936f80279115d
Activity.SpanId:             9f7c09c04f3041b5
Activity.TraceFlags:         Recorded
Activity.ActivitySourceName: Microsoft.AspNetCore
Activity.DisplayName:        POST api/Auth/register
Activity.Kind:               Server
Activity.StartTime:          2025-09-11T03:41:59.1476640Z
Activity.Duration:           00:00:00.2998369
Activity.Tags:
    server.address: localhost
    http.request.method: POST
    url.scheme: http
    url.path: /api/auth/register
    network.protocol.version: 1.1
    http.route: api/Auth/register
    http.response.status_code: 200
Resource associated with Activity:
    deployment.environment: Testing
    service.name: Crud.Api
    service.version: 1.0.0
    service.instance.id: a483e3f3-32ea-4a50-a508-2cd77b6b2522
    telemetry.sdk.name: opentelemetry
    telemetry.sdk.language: dotnet
    telemetry.sdk.version: 1.8.1
[03:41:59 INF] User logged in successfully: 97908a7f-e2b2-4c69-bd34-e7982912dec1 {"SourceContext": "App.Features.Authentication.LoginCommandHandler", "ActionId": "2f83dd5e-bf2c-4137-a309-e4d55760391e", "ActionName": "Api.Controllers.AuthController.Login (Api)", "RequestId": "0HNFGSKFKDJ7I", "RequestPath": "/api/auth/login", "Application": "Crud.Api"}
Activity.TraceId:            4376a44f279a68839fcf4ad1df656027
Activity.SpanId:             20aceeeb50f68c21
Activity.TraceFlags:         Recorded
Activity.ActivitySourceName: Microsoft.AspNetCore
Activity.DisplayName:        POST api/Auth/login
Activity.Kind:               Server
Activity.StartTime:          2025-09-11T03:41:59.4488050Z
Activity.Duration:           00:00:00.3013410
Activity.Tags:
    server.address: localhost
    http.request.method: POST
    url.scheme: http
    url.path: /api/auth/login
    network.protocol.version: 1.1
    http.route: api/Auth/login
    http.response.status_code: 200
Resource associated with Activity:
    deployment.environment: Testing
    service.name: Crud.Api
    service.version: 1.0.0
    service.instance.id: a483e3f3-32ea-4a50-a508-2cd77b6b2522
    telemetry.sdk.name: opentelemetry
    telemetry.sdk.language: dotnet
    telemetry.sdk.version: 1.8.1
[03:41:59 DBG] Cache miss for key: name:role:testrole_b3723ca1dafb46798ebcaaf2ddaa6b51 {"SourceContext": "Infrastructure.Services.Caching.InMemoryCacheService", "ActionId": "b13c1404-0edd-4d75-9305-6ee64cbca813", "ActionName": "Api.Controllers.RolesController.Create (Api)", "RequestId": "0HNFGSKFKDJ7J", "RequestPath": "/api/roles", "Application": "Crud.Api"}
[03:41:59 DBG] Removed cache value for key: entity:role:da18ac08d6954a85aefaf9e531951d2e {"SourceContext": "Infrastructure.Services.Caching.InMemoryCacheService", "ActionId": "b13c1404-0edd-4d75-9305-6ee64cbca813", "ActionName": "Api.Controllers.RolesController.Create (Api)", "RequestId": "0HNFGSKFKDJ7J", "RequestPath": "/api/roles", "Application": "Crud.Api"}
[03:41:59 DBG] Removed cache value for key: list:role {"SourceContext": "Infrastructure.Services.Caching.InMemoryCacheService", "ActionId": "b13c1404-0edd-4d75-9305-6ee64cbca813", "ActionName": "Api.Controllers.RolesController.Create (Api)", "RequestId": "0HNFGSKFKDJ7J", "RequestPath": "/api/roles", "Application": "Crud.Api"}
[03:41:59 DBG] Invalidating cache for entity type: roles with tag: roles {"SourceContext": "Api.Services.OutputCacheInvalidationService", "ActionId": "b13c1404-0edd-4d75-9305-6ee64cbca813", "ActionName": "Api.Controllers.RolesController.Create (Api)", "RequestId": "0HNFGSKFKDJ7J", "RequestPath": "/api/roles", "Application": "Crud.Api"}
[03:41:59 INF] Successfully invalidated cache for entity type: roles {"SourceContext": "Api.Services.OutputCacheInvalidationService", "ActionId": "b13c1404-0edd-4d75-9305-6ee64cbca813", "ActionName": "Api.Controllers.RolesController.Create (Api)", "RequestId": "0HNFGSKFKDJ7J", "RequestPath": "/api/roles", "Application": "Crud.Api"}
Activity.TraceId:            684020fd12415c9947d4a7e9713397a8
Activity.SpanId:             aaa9c7210f53a39d
Activity.TraceFlags:         Recorded
Activity.ActivitySourceName: Microsoft.AspNetCore
Activity.DisplayName:        POST api/Roles
Activity.Kind:               Server
Activity.StartTime:          2025-09-11T03:41:59.7503413Z
Activity.Duration:           00:00:00.0026187
Activity.Tags:
    server.address: localhost
    http.request.method: POST
    url.scheme: http
    url.path: /api/roles
    network.protocol.version: 1.1
    http.route: api/Roles
    http.response.status_code: 201
Resource associated with Activity:
    deployment.environment: Testing
    service.name: Crud.Api
    service.version: 1.0.0
    service.instance.id: a483e3f3-32ea-4a50-a508-2cd77b6b2522
    telemetry.sdk.name: opentelemetry
    telemetry.sdk.language: dotnet
    telemetry.sdk.version: 1.8.1
[03:42:00 INF] User registered successfully: eafe1672-0e48-425e-91c4-1fd0bd9baf20 {"SourceContext": "App.Features.Authentication.RegisterUserCommandHandler", "ActionId": "b38ee326-d2eb-49d4-9e94-982bb9bd2008", "ActionName": "Api.Controllers.AuthController.Register (Api)", "RequestId": "0HNFGSKFKDJ7K", "RequestPath": "/api/auth/register", "Application": "Crud.Api"}
Activity.TraceId:            78f215a431cc6db4b01a5a2fb94e3068
Activity.SpanId:             4827b64e12896a98
Activity.TraceFlags:         Recorded
Activity.ActivitySourceName: Microsoft.AspNetCore
Activity.DisplayName:        POST api/Auth/register
Activity.Kind:               Server
Activity.StartTime:          2025-09-11T03:41:59.7579253Z
Activity.Duration:           00:00:00.3523172
Activity.Tags:
    server.address: localhost
    http.request.method: POST
    url.scheme: http
    url.path: /api/auth/register
    network.protocol.version: 1.1
    http.route: api/Auth/register
    http.response.status_code: 200
Resource associated with Activity:
    deployment.environment: Testing
    service.name: Crud.Api
    service.version: 1.0.0
    service.instance.id: a483e3f3-32ea-4a50-a508-2cd77b6b2522
    telemetry.sdk.name: opentelemetry
    telemetry.sdk.language: dotnet
    telemetry.sdk.version: 1.8.1
[03:42:00 INF] User registered successfully: 64575cc0-d3e0-429d-b7d7-3f29956ba668 {"SourceContext": "App.Features.Authentication.RegisterUserCommandHandler", "ActionId": "b38ee326-d2eb-49d4-9e94-982bb9bd2008", "ActionName": "Api.Controllers.AuthController.Register (Api)", "RequestId": "0HNFGSKFKDJ7L", "RequestPath": "/api/auth/register", "Application": "Crud.Api"}
Activity.TraceId:            77e3e3259656760618f8f0af7e724248
Activity.SpanId:             4dbdb2de57b5ad9c
Activity.TraceFlags:         Recorded
Activity.ActivitySourceName: Microsoft.AspNetCore
Activity.DisplayName:        POST api/Auth/register
Activity.Kind:               Server
Activity.StartTime:          2025-09-11T03:41:59.8085302Z
Activity.Duration:           00:00:00.3975725
Activity.Tags:
    server.address: localhost
    http.request.method: POST
    url.scheme: http
    url.path: /api/auth/register
    network.protocol.version: 1.1
    http.route: api/Auth/register
    http.response.status_code: 200
Resource associated with Activity:
    deployment.environment: Testing
    service.name: Crud.Api
    service.version: 1.0.0
    service.instance.id: a483e3f3-32ea-4a50-a508-2cd77b6b2522
    telemetry.sdk.name: opentelemetry
    telemetry.sdk.language: dotnet
    telemetry.sdk.version: 1.8.1
[03:42:00 INF] User registered successfully: cfc175f6-8c96-4f48-a346-e425681bee4d {"SourceContext": "App.Features.Authentication.RegisterUserCommandHandler", "ActionId": "b38ee326-d2eb-49d4-9e94-982bb9bd2008", "ActionName": "Api.Controllers.AuthController.Register (Api)", "RequestId": "0HNFGSKFKDJ7M", "RequestPath": "/api/auth/register", "Application": "Crud.Api"}
Activity.TraceId:            b5269a3b4e6dd46de3737e46248a6f30
Activity.SpanId:             9d41f43300a758da
Activity.TraceFlags:         Recorded
Activity.ActivitySourceName: Microsoft.AspNetCore
Activity.DisplayName:        POST api/Auth/register
Activity.Kind:               Server
Activity.StartTime:          2025-09-11T03:41:59.8581656Z
Activity.Duration:           00:00:00.3729597
Activity.Tags:
    server.address: localhost
    http.request.method: POST
    url.scheme: http
    url.path: /api/auth/register
    network.protocol.version: 1.1
    http.route: api/Auth/register
    http.response.status_code: 200
Resource associated with Activity:
    deployment.environment: Testing
    service.name: Crud.Api
    service.version: 1.0.0
    service.instance.id: a483e3f3-32ea-4a50-a508-2cd77b6b2522
    telemetry.sdk.name: opentelemetry
    telemetry.sdk.language: dotnet
    telemetry.sdk.version: 1.8.1
[03:42:00 INF] User registered successfully: 9f3c32f4-ce1a-4dcb-902d-e442bd663947 {"SourceContext": "App.Features.Authentication.RegisterUserCommandHandler", "ActionId": "b38ee326-d2eb-49d4-9e94-982bb9bd2008", "ActionName": "Api.Controllers.AuthController.Register (Api)", "RequestId": "0HNFGSKFKDJ7N", "RequestPath": "/api/auth/register", "Application": "Crud.Api"}
Activity.TraceId:            0ac235258054e6cb5a660396c7abfb00
Activity.SpanId:             4d3bd79d3c3cce61
Activity.TraceFlags:         Recorded
Activity.ActivitySourceName: Microsoft.AspNetCore
Activity.DisplayName:        POST api/Auth/register
Activity.Kind:               Server
Activity.StartTime:          2025-09-11T03:41:59.9073638Z
Activity.Duration:           00:00:00.4619361
Activity.Tags:
    server.address: localhost
    http.request.method: POST
    url.scheme: http
    url.path: /api/auth/register
    network.protocol.version: 1.1
    http.route: api/Auth/register
    http.response.status_code: 200
Resource associated with Activity:
    deployment.environment: Testing
    service.name: Crud.Api
    service.version: 1.0.0
    service.instance.id: a483e3f3-32ea-4a50-a508-2cd77b6b2522
    telemetry.sdk.name: opentelemetry
    telemetry.sdk.language: dotnet
    telemetry.sdk.version: 1.8.1
[03:42:00 INF] User registered successfully: 4ae1c378-323f-4221-8828-0b00e343d607 {"SourceContext": "App.Features.Authentication.RegisterUserCommandHandler", "ActionId": "b38ee326-d2eb-49d4-9e94-982bb9bd2008", "ActionName": "Api.Controllers.AuthController.Register (Api)", "RequestId": "0HNFGSKFKDJ7O", "RequestPath": "/api/auth/register", "Application": "Crud.Api"}
Activity.TraceId:            5d1852c5c8416e294dce1887d1ef31aa
Activity.SpanId:             16bb246cf4fb202c
Activity.TraceFlags:         Recorded
Activity.ActivitySourceName: Microsoft.AspNetCore
Activity.DisplayName:        POST api/Auth/register
Activity.Kind:               Server
Activity.StartTime:          2025-09-11T03:41:59.9578538Z
Activity.Duration:           00:00:00.5083972
Activity.Tags:
    server.address: localhost
    http.request.method: POST
    url.scheme: http
    url.path: /api/auth/register
    network.protocol.version: 1.1
    http.route: api/Auth/register
    http.response.status_code: 200
Resource associated with Activity:
    deployment.environment: Testing
    service.name: Crud.Api
    service.version: 1.0.0
    service.instance.id: a483e3f3-32ea-4a50-a508-2cd77b6b2522
    telemetry.sdk.name: opentelemetry
    telemetry.sdk.language: dotnet
    telemetry.sdk.version: 1.8.1
[03:42:00 INF] User logged in successfully: cfc175f6-8c96-4f48-a346-e425681bee4d {"SourceContext": "App.Features.Authentication.LoginCommandHandler", "ActionId": "2f83dd5e-bf2c-4137-a309-e4d55760391e", "ActionName": "Api.Controllers.AuthController.Login (Api)", "RequestId": "0HNFGSKFKDJ7P", "RequestPath": "/api/auth/login", "Application": "Crud.Api"}
Activity.TraceId:            e595f1170002bad0252674d07a45e6bf
Activity.SpanId:             2e95dd5c9980c04e
Activity.TraceFlags:         Recorded
Activity.ActivitySourceName: Microsoft.AspNetCore
Activity.DisplayName:        POST api/Auth/login
Activity.Kind:               Server
Activity.StartTime:          2025-09-11T03:42:00.2389280Z
Activity.Duration:           00:00:00.3466286
Activity.Tags:
    server.address: localhost
    http.request.method: POST
    url.scheme: http
    url.path: /api/auth/login
    network.protocol.version: 1.1
    http.route: api/Auth/login
    http.response.status_code: 200
Resource associated with Activity:
    deployment.environment: Testing
    service.name: Crud.Api
    service.version: 1.0.0
    service.instance.id: a483e3f3-32ea-4a50-a508-2cd77b6b2522
    telemetry.sdk.name: opentelemetry
    telemetry.sdk.language: dotnet
    telemetry.sdk.version: 1.8.1
[03:42:00 INF] User logged in successfully: eafe1672-0e48-425e-91c4-1fd0bd9baf20 {"SourceContext": "App.Features.Authentication.LoginCommandHandler", "ActionId": "2f83dd5e-bf2c-4137-a309-e4d55760391e", "ActionName": "Api.Controllers.AuthController.Login (Api)", "RequestId": "0HNFGSKFKDJ7Q", "RequestPath": "/api/auth/login", "Application": "Crud.Api"}
Activity.TraceId:            9ac79c500b41c4fe2f6aa10ca4a41e5e
Activity.SpanId:             0b8a03434a855f75
Activity.TraceFlags:         Recorded
Activity.ActivitySourceName: Microsoft.AspNetCore
Activity.DisplayName:        POST api/Auth/login
Activity.Kind:               Server
Activity.StartTime:          2025-09-11T03:42:00.3735610Z
Activity.Duration:           00:00:00.3731725
Activity.Tags:
    server.address: localhost
    http.request.method: POST
    url.scheme: http
    url.path: /api/auth/login
    network.protocol.version: 1.1
    http.route: api/Auth/login
    http.response.status_code: 200
Resource associated with Activity:
    deployment.environment: Testing
    service.name: Crud.Api
    service.version: 1.0.0
    service.instance.id: a483e3f3-32ea-4a50-a508-2cd77b6b2522
    telemetry.sdk.name: opentelemetry
    telemetry.sdk.language: dotnet
    telemetry.sdk.version: 1.8.1
[03:42:00 INF] User logged in successfully: 64575cc0-d3e0-429d-b7d7-3f29956ba668 {"SourceContext": "App.Features.Authentication.LoginCommandHandler", "ActionId": "2f83dd5e-bf2c-4137-a309-e4d55760391e", "ActionName": "Api.Controllers.AuthController.Login (Api)", "RequestId": "0HNFGSKFKDJ7R", "RequestPath": "/api/auth/login", "Application": "Crud.Api"}
Activity.TraceId:            59fbdc9d5d4c09c3f29a6aa85e290b34
Activity.SpanId:             6726923c77cc746e
Activity.TraceFlags:         Recorded
Activity.ActivitySourceName: Microsoft.AspNetCore
Activity.DisplayName:        POST api/Auth/login
Activity.Kind:               Server
Activity.StartTime:          2025-09-11T03:42:00.4687720Z
Activity.Duration:           00:00:00.3765144
Activity.Tags:
    server.address: localhost
    http.request.method: POST
    url.scheme: http
    url.path: /api/auth/login
    network.protocol.version: 1.1
    http.route: api/Auth/login
    http.response.status_code: 200
Resource associated with Activity:
    deployment.environment: Testing
    service.name: Crud.Api
    service.version: 1.0.0
    service.instance.id: a483e3f3-32ea-4a50-a508-2cd77b6b2522
    telemetry.sdk.name: opentelemetry
    telemetry.sdk.language: dotnet
    telemetry.sdk.version: 1.8.1
[03:42:00 DBG] Cache miss for key: entity:role:da18ac08d6954a85aefaf9e531951d2e {"SourceContext": "Infrastructure.Services.Caching.InMemoryCacheService", "ActionId": "3fe6d8bf-ddc4-465f-b0b5-d853bbf2280e", "ActionName": "Api.Controllers.PeopleController.Create (Api)", "RequestId": "0HNFGSKFKDJ7U", "RequestPath": "/api/people", "Application": "Crud.Api"}
[03:42:00 DBG] Cache miss for key: entity:role:da18ac08d6954a85aefaf9e531951d2e {"SourceContext": "Infrastructure.Services.Caching.InMemoryCacheService", "ActionId": "3fe6d8bf-ddc4-465f-b0b5-d853bbf2280e", "ActionName": "Api.Controllers.PeopleController.Create (Api)", "RequestId": "0HNFGSKFKDJ80", "RequestPath": "/api/people", "Application": "Crud.Api"}
[03:42:00 DBG] Cache miss for key: entity:role:da18ac08d6954a85aefaf9e531951d2e {"SourceContext": "Infrastructure.Services.Caching.InMemoryCacheService", "ActionId": "3fe6d8bf-ddc4-465f-b0b5-d853bbf2280e", "ActionName": "Api.Controllers.PeopleController.Create (Api)", "RequestId": "0HNFGSKFKDJ7V", "RequestPath": "/api/people", "Application": "Crud.Api"}
[03:42:00 DBG] Set cache value for key: entity:role:da18ac08d6954a85aefaf9e531951d2e {"SourceContext": "Infrastructure.Services.Caching.InMemoryCacheService", "ActionId": "3fe6d8bf-ddc4-465f-b0b5-d853bbf2280e", "ActionName": "Api.Controllers.PeopleController.Create (Api)", "RequestId": "0HNFGSKFKDJ7U", "RequestPath": "/api/people", "Application": "Crud.Api"}
[03:42:00 DBG] Set cache value for key: entity:role:da18ac08d6954a85aefaf9e531951d2e {"SourceContext": "Infrastructure.Services.Caching.InMemoryCacheService", "ActionId": "3fe6d8bf-ddc4-465f-b0b5-d853bbf2280e", "ActionName": "Api.Controllers.PeopleController.Create (Api)", "RequestId": "0HNFGSKFKDJ7V", "RequestPath": "/api/people", "Application": "Crud.Api"}
[03:42:00 DBG] Set cache value for key: entity:role:da18ac08d6954a85aefaf9e531951d2e {"SourceContext": "Infrastructure.Services.Caching.InMemoryCacheService", "ActionId": "3fe6d8bf-ddc4-465f-b0b5-d853bbf2280e", "ActionName": "Api.Controllers.PeopleController.Create (Api)", "RequestId": "0HNFGSKFKDJ80", "RequestPath": "/api/people", "Application": "Crud.Api"}
[03:42:00 DBG] Removed cache value for key: entity:person:b587ef60f3244f28a019e9a053551b7d {"SourceContext": "Infrastructure.Services.Caching.InMemoryCacheService", "ActionId": "3fe6d8bf-ddc4-465f-b0b5-d853bbf2280e", "ActionName": "Api.Controllers.PeopleController.Create (Api)", "RequestId": "0HNFGSKFKDJ80", "RequestPath": "/api/people", "Application": "Crud.Api"}
[03:42:00 DBG] Removed cache value for key: list:person {"SourceContext": "Infrastructure.Services.Caching.InMemoryCacheService", "ActionId": "3fe6d8bf-ddc4-465f-b0b5-d853bbf2280e", "ActionName": "Api.Controllers.PeopleController.Create (Api)", "RequestId": "0HNFGSKFKDJ80", "RequestPath": "/api/people", "Application": "Crud.Api"}
[03:42:00 DBG] Invalidating cache for entity type: people with tag: people {"SourceContext": "Api.Services.OutputCacheInvalidationService", "ActionId": "3fe6d8bf-ddc4-465f-b0b5-d853bbf2280e", "ActionName": "Api.Controllers.PeopleController.Create (Api)", "RequestId": "0HNFGSKFKDJ80", "RequestPath": "/api/people", "Application": "Crud.Api"}
[03:42:00 INF] Successfully invalidated cache for entity type: people {"SourceContext": "Api.Services.OutputCacheInvalidationService", "ActionId": "3fe6d8bf-ddc4-465f-b0b5-d853bbf2280e", "ActionName": "Api.Controllers.PeopleController.Create (Api)", "RequestId": "0HNFGSKFKDJ80", "RequestPath": "/api/people", "Application": "Crud.Api"}
Activity.TraceId:            7c74e4cc2605c6b94656bb9b480be3db
Activity.SpanId:             f740d19f7efcc4ba
Activity.TraceFlags:         Recorded
Activity.ActivitySourceName: Microsoft.AspNetCore
Activity.DisplayName:        POST api/People
Activity.Kind:               Server
Activity.StartTime:          2025-09-11T03:42:00.8481714Z
Activity.Duration:           00:00:00.0487378
Activity.Tags:
    server.address: localhost
    http.request.method: POST
    url.scheme: http
    url.path: /api/people
    network.protocol.version: 1.1
    http.route: api/People
    http.response.status_code: 201
Resource associated with Activity:
    deployment.environment: Testing
    service.name: Crud.Api
    service.version: 1.0.0
    service.instance.id: a483e3f3-32ea-4a50-a508-2cd77b6b2522
    telemetry.sdk.name: opentelemetry
    telemetry.sdk.language: dotnet
    telemetry.sdk.version: 1.8.1
[03:42:00 INF] User logged in successfully: 9f3c32f4-ce1a-4dcb-902d-e442bd663947 {"SourceContext": "App.Features.Authentication.LoginCommandHandler", "ActionId": "2f83dd5e-bf2c-4137-a309-e4d55760391e", "ActionName": "Api.Controllers.AuthController.Login (Api)", "RequestId": "0HNFGSKFKDJ7S", "RequestPath": "/api/auth/login", "Application": "Crud.Api"}
Activity.TraceId:            03746effc266ff8148e14a2534b811ea
Activity.SpanId:             eb2215f68a32e084
Activity.TraceFlags:         Recorded
Activity.ActivitySourceName: Microsoft.AspNetCore
Activity.DisplayName:        POST api/Auth/login
Activity.Kind:               Server
Activity.StartTime:          2025-09-11T03:42:00.5879843Z
Activity.Duration:           00:00:00.3182508
Activity.Tags:
    server.address: localhost
    http.request.method: POST
    url.scheme: http
    url.path: /api/auth/login
    network.protocol.version: 1.1
    http.route: api/Auth/login
    http.response.status_code: 200
Resource associated with Activity:
    deployment.environment: Testing
    service.name: Crud.Api
    service.version: 1.0.0
    service.instance.id: a483e3f3-32ea-4a50-a508-2cd77b6b2522
    telemetry.sdk.name: opentelemetry
    telemetry.sdk.language: dotnet
    telemetry.sdk.version: 1.8.1
[03:42:00 DBG] Cache hit for key: entity:role:da18ac08d6954a85aefaf9e531951d2e {"SourceContext": "Infrastructure.Services.Caching.InMemoryCacheService", "ActionId": "3fe6d8bf-ddc4-465f-b0b5-d853bbf2280e", "ActionName": "Api.Controllers.PeopleController.Create (Api)", "RequestId": "0HNFGSKFKDJ81", "RequestPath": "/api/people", "Application": "Crud.Api"}
[03:42:00 ERR] Failed executing DbCommand (0ms) [Parameters=[@p0='da18ac08-d695-4a85-aefa-f9e531951d2e', @p1='Test' (Size = 4), @p2='TestRole_b3723ca1dafb46798ebcaaf2ddaa6b51' (Nullable = false) (Size = 41), @p3=NULL (DbType = Binary)], CommandType='Text', CommandTimeout='30']
INSERT INTO "Roles" ("Id", "Description", "Name", "RowVersion")
VALUES (@p0, @p1, @p2, @p3); {"EventId": {"Id": 20102, "Name": "Microsoft.EntityFrameworkCore.Database.Command.CommandError"}, "SourceContext": "Microsoft.EntityFrameworkCore.Database.Command", "ActionId": "3fe6d8bf-ddc4-465f-b0b5-d853bbf2280e", "ActionName": "Api.Controllers.PeopleController.Create (Api)", "RequestId": "0HNFGSKFKDJ81", "RequestPath": "/api/people", "Application": "Crud.Api"}
[03:42:00 ERR] An exception occurred in the database while saving changes for context type 'Infrastructure.Data.ApplicationDbContext'.
Microsoft.EntityFrameworkCore.DbUpdateException: An error occurred while saving the entity changes. See the inner exception for details.
 ---&gt; Microsoft.Data.Sqlite.SqliteException (0x80004005): SQLite Error 19: 'UNIQUE constraint failed: Roles.Name'.
   at Microsoft.Data.Sqlite.SqliteException.ThrowExceptionForRC(Int32 rc, sqlite3 db)
   at Microsoft.Data.Sqlite.SqliteDataReader.NextResult()
   at Microsoft.Data.Sqlite.SqliteCommand.ExecuteReader(CommandBehavior behavior)
   at Microsoft.Data.Sqlite.SqliteCommand.ExecuteDbDataReaderAsync(CommandBehavior behavior, CancellationToken cancellationToken)
   at Microsoft.EntityFrameworkCore.Storage.RelationalCommand.ExecuteReaderAsync(RelationalCommandParameterObject parameterObject, CancellationToken cancellationToken)
   at Microsoft.EntityFrameworkCore.Storage.RelationalCommand.ExecuteReaderAsync(RelationalCommandParameterObject parameterObject, CancellationToken cancellationToken)
   at Microsoft.EntityFrameworkCore.Update.ReaderModificationCommandBatch.ExecuteAsync(IRelationalConnection connection, CancellationToken cancellationToken)
   --- End of inner exception stack trace ---
   at Microsoft.EntityFrameworkCore.Update.ReaderModificationCommandBatch.ExecuteAsync(IRelationalConnection connection, CancellationToken cancellationToken)
   at Microsoft.EntityFrameworkCore.Update.Internal.BatchExecutor.ExecuteAsync(IEnumerable`1 commandBatches, IRelationalConnection connection, CancellationToken cancellationToken)
   at Microsoft.EntityFrameworkCore.Update.Internal.BatchExecutor.ExecuteAsync(IEnumerable`1 commandBatches, IRelationalConnection connection, CancellationToken cancellationToken)
   at Microsoft.EntityFrameworkCore.Update.Internal.BatchExecutor.ExecuteAsync(IEnumerable`1 commandBatches, IRelationalConnection connection, CancellationToken cancellationToken)
   at Microsoft.EntityFrameworkCore.ChangeTracking.Internal.StateManager.SaveChangesAsync(IList`1 entriesToSave, CancellationToken cancellationToken)
   at Microsoft.EntityFrameworkCore.ChangeTracking.Internal.StateManager.SaveChangesAsync(StateManager stateManager, Boolean acceptAllChangesOnSuccess, CancellationToken cancellationToken)
   at Microsoft.EntityFrameworkCore.DbContext.SaveChangesAsync(Boolean acceptAllChangesOnSuccess, CancellationToken cancellationToken) {"EventId": {"Id": 10000, "Name": "Microsoft.EntityFrameworkCore.Update.SaveChangesFailed"}, "SourceContext": "Microsoft.EntityFrameworkCore.Update", "ActionId": "3fe6d8bf-ddc4-465f-b0b5-d853bbf2280e", "ActionName": "Api.Controllers.PeopleController.Create (Api)", "RequestId": "0HNFGSKFKDJ81", "RequestPath": "/api/people", "Application": "Crud.Api"}
Microsoft.EntityFrameworkCore.DbUpdateException: An error occurred while saving the entity changes. See the inner exception for details.
 ---&gt; Microsoft.Data.Sqlite.SqliteException (0x80004005): SQLite Error 19: 'UNIQUE constraint failed: Roles.Name'.
   at Microsoft.Data.Sqlite.SqliteException.ThrowExceptionForRC(Int32 rc, sqlite3 db)
   at Microsoft.Data.Sqlite.SqliteDataReader.NextResult()
   at Microsoft.Data.Sqlite.SqliteCommand.ExecuteReader(CommandBehavior behavior)
   at Microsoft.Data.Sqlite.SqliteCommand.ExecuteDbDataReaderAsync(CommandBehavior behavior, CancellationToken cancellationToken)
   at Microsoft.EntityFrameworkCore.Storage.RelationalCommand.ExecuteReaderAsync(RelationalCommandParameterObject parameterObject, CancellationToken cancellationToken)
   at Microsoft.EntityFrameworkCore.Storage.RelationalCommand.ExecuteReaderAsync(RelationalCommandParameterObject parameterObject, CancellationToken cancellationToken)
   at Microsoft.EntityFrameworkCore.Update.ReaderModificationCommandBatch.ExecuteAsync(IRelationalConnection connection, CancellationToken cancellationToken)
   --- End of inner exception stack trace ---
   at Microsoft.EntityFrameworkCore.Update.ReaderModificationCommandBatch.ExecuteAsync(IRelationalConnection connection, CancellationToken cancellationToken)
   at Microsoft.EntityFrameworkCore.Update.Internal.BatchExecutor.ExecuteAsync(IEnumerable`1 commandBatches, IRelationalConnection connection, CancellationToken cancellationToken)
   at Microsoft.EntityFrameworkCore.Update.Internal.BatchExecutor.ExecuteAsync(IEnumerable`1 commandBatches, IRelationalConnection connection, CancellationToken cancellationToken)
   at Microsoft.EntityFrameworkCore.Update.Internal.BatchExecutor.ExecuteAsync(IEnumerable`1 commandBatches, IRelationalConnection connection, CancellationToken cancellationToken)
   at Microsoft.EntityFrameworkCore.ChangeTracking.Internal.StateManager.SaveChangesAsync(IList`1 entriesToSave, CancellationToken cancellationToken)
   at Microsoft.EntityFrameworkCore.ChangeTracking.Internal.StateManager.SaveChangesAsync(StateManager stateManager, Boolean acceptAllChangesOnSuccess, CancellationToken cancellationToken)
   at Microsoft.EntityFrameworkCore.DbContext.SaveChangesAsync(Boolean acceptAllChangesOnSuccess, CancellationToken cancellationToken)
[03:42:00 ERR] An unhandled exception occurred during request POST /api/people. Request ID: 0HNFGSKFKDJ81, User: Anonymous {"SourceContext": "Api.Middleware.GlobalExceptionHandlingMiddleware", "RequestPath": "/api/people", "Application": "Crud.Api"}
System.InvalidOperationException: Failed to create person. Please check that all referenced roles exist.
 ---&gt; Microsoft.EntityFrameworkCore.DbUpdateException: An error occurred while saving the entity changes. See the inner exception for details.
 ---&gt; Microsoft.Data.Sqlite.SqliteException (0x80004005): SQLite Error 19: 'UNIQUE constraint failed: Roles.Name'.
   at Microsoft.Data.Sqlite.SqliteException.ThrowExceptionForRC(Int32 rc, sqlite3 db)
   at Microsoft.Data.Sqlite.SqliteDataReader.NextResult()
   at Microsoft.Data.Sqlite.SqliteCommand.ExecuteReader(CommandBehavior behavior)
   at Microsoft.Data.Sqlite.SqliteCommand.ExecuteDbDataReaderAsync(CommandBehavior behavior, CancellationToken cancellationToken)
   at Microsoft.EntityFrameworkCore.Storage.RelationalCommand.ExecuteReaderAsync(RelationalCommandParameterObject parameterObject, CancellationToken cancellationToken)
   at Microsoft.EntityFrameworkCore.Storage.RelationalCommand.ExecuteReaderAsync(RelationalCommandParameterObject parameterObject, CancellationToken cancellationToken)
   at Microsoft.EntityFrameworkCore.Update.ReaderModificationCommandBatch.ExecuteAsync(IRelationalConnection connection, CancellationToken cancellationToken)
   --- End of inner exception stack trace ---
   at Microsoft.EntityFrameworkCore.Update.ReaderModificationCommandBatch.ExecuteAsync(IRelationalConnection connection, CancellationToken cancellationToken)
   at Microsoft.EntityFrameworkCore.Update.Internal.BatchExecutor.ExecuteAsync(IEnumerable`1 commandBatches, IRelationalConnection connection, CancellationToken cancellationToken)
   at Microsoft.EntityFrameworkCore.Update.Internal.BatchExecutor.ExecuteAsync(IEnumerable`1 commandBatches, IRelationalConnection connection, CancellationToken cancellationToken)
   at Microsoft.EntityFrameworkCore.Update.Internal.BatchExecutor.ExecuteAsync(IEnumerable`1 commandBatches, IRelationalConnection connection, CancellationToken cancellationToken)
   at Microsoft.EntityFrameworkCore.ChangeTracking.Internal.StateManager.SaveChangesAsync(IList`1 entriesToSave, CancellationToken cancellationToken)
   at Microsoft.EntityFrameworkCore.ChangeTracking.Internal.StateManager.SaveChangesAsync(StateManager stateManager, Boolean acceptAllChangesOnSuccess, CancellationToken cancellationToken)
   at Microsoft.EntityFrameworkCore.DbContext.SaveChangesAsync(Boolean acceptAllChangesOnSuccess, CancellationToken cancellationToken)
   at Microsoft.EntityFrameworkCore.DbContext.SaveChangesAsync(Boolean acceptAllChangesOnSuccess, CancellationToken cancellationToken)
   at Infrastructure.Resilience.DbContextResilienceExtensions.&lt;&gt;c__DisplayClass0_0.&lt;&lt;SaveChangesWithRetryAsync&gt;b__0&gt;d.MoveNext() in /home/runner/work/Crud/Crud/src/Infrastructure/Resilience/ResilientDbContext.cs:line 72
--- End of stack trace from previous location ---
   at Polly.CircuitBreaker.AsyncCircuitBreakerPolicy.&lt;&gt;c__DisplayClass8_0`1.&lt;&lt;ImplementationAsync&gt;b__0&gt;d.MoveNext()
--- End of stack trace from previous location ---
   at Polly.CircuitBreaker.AsyncCircuitBreakerEngine.ImplementationAsync[TResult](Func`3 action, Context context, Boolean continueOnCapturedContext, ExceptionPredicates shouldHandleExceptionPredicates, ResultPredicates`1 shouldHandleResultPredicates, ICircuitController`1 breakerController, CancellationToken cancellationToken)
   at Polly.CircuitBreaker.AsyncCircuitBreakerPolicy.ImplementationAsync[TResult](Func`3 action, Context context, CancellationToken cancellationToken, Boolean continueOnCapturedContext)
   at Polly.AsyncPolicy.ExecuteInternalAsync[TResult](Func`3 action, Context context, Boolean continueOnCapturedContext, CancellationToken cancellationToken)
   at Polly.Retry.AsyncRetryEngine.ImplementationAsync[TResult](Func`3 action, Context context, ExceptionPredicates shouldRetryExceptionPredicates, ResultPredicates`1 shouldRetryResultPredicates, Func`5 onRetryAsync, CancellationToken cancellationToken, Int32 permittedRetryCount, IEnumerable`1 sleepDurationsEnumerable, Func`4 sleepDurationProvider, Boolean continueOnCapturedContext)
   at Polly.AsyncPolicy.ExecuteInternalAsync[TResult](Func`3 action, Context context, Boolean continueOnCapturedContext, CancellationToken cancellationToken)
   at Polly.AsyncPolicy.ExecuteInternalAsync[TResult](Func`3 action, Context context, Boolean continueOnCapturedContext, CancellationToken cancellationToken)
   at Polly.Timeout.AsyncTimeoutEngine.ImplementationAsync[TResult](Func`3 action, Context context, Func`2 timeoutProvider, TimeoutStrategy timeoutStrategy, Func`5 onTimeoutAsync, Boolean continueOnCapturedContext, CancellationToken cancellationToken)
   at Polly.Timeout.AsyncTimeoutEngine.ImplementationAsync[TResult](Func`3 action, Context context, Func`2 timeoutProvider, TimeoutStrategy timeoutStrategy, Func`5 onTimeoutAsync, Boolean continueOnCapturedContext, CancellationToken cancellationToken)
   at Polly.AsyncPolicy.ExecuteInternalAsync[TResult](Func`3 action, Context context, Boolean continueOnCapturedContext, CancellationToken cancellationToken)
   at Polly.AsyncPolicy.ExecuteInternalAsync[TResult](Func`3 action, Context context, Boolean continueOnCapturedContext, CancellationToken cancellationToken)
   at Infrastructure.Resilience.DbContextResilienceExtensions.SaveChangesWithRetryAsync(DbContext context, ILogger logger, CancellationToken cancellationToken) in /home/runner/work/Crud/Crud/src/Infrastructure/Resilience/ResilientDbContext.cs:line 70
   at Infrastructure.Repositories.EntityFramework.EfPersonRepository.AddAsync(Person person, CancellationToken ct) in /home/runner/work/Crud/Crud/src/Infrastructure/Repositories/EntityFramework/EfPersonRepository.cs:line 37
   --- End of inner exception stack trace ---
   at Infrastructure.Repositories.EntityFramework.EfPersonRepository.AddAsync(Person person, CancellationToken ct) in /home/runner/work/Crud/Crud/src/Infrastructure/Repositories/EntityFramework/EfPersonRepository.cs:line 42
   at Infrastructure.Services.Caching.CachedPersonRepositoryDecorator.AddAsync(Person entity, CancellationToken cancellationToken) in /home/runner/work/Crud/Crud/src/Infrastructure/Services/Caching/CachedRepositoryDecorator.cs:line 190
   at App.Features.People.CreatePersonCommandHandler.Handle(CreatePersonCommand request, CancellationToken cancellationToken) in /home/runner/work/Crud/Crud/src/App/Features/People/CommandHandlers.cs:line 23
   at App.Behaviors.CacheInvalidationBehavior`2.Handle(TRequest request, RequestHandlerDelegate`1 next, CancellationToken cancellationToken)
   at App.Behaviors.CachingBehavior`2.Handle(TRequest request, RequestHandlerDelegate`1 next, CancellationToken cancellationToken)
   at App.Behaviors.ValidationBehavior`2.Handle(TRequest request, RequestHandlerDelegate`1 next, CancellationToken cancellationToken)
   at Api.Controllers.PeopleController.Create(CreatePersonRequest request, CancellationToken ct) in /home/runner/work/Crud/Crud/src/Api/Controllers/PeopleController.cs:line 42
   at lambda_method1187(Closure, Object)
   at Microsoft.AspNetCore.Mvc.Infrastructure.ActionMethodExecutor.AwaitableObjectResultExecutor.Execute(ActionContext actionContext, IActionResultTypeMapper mapper, ObjectMethodExecutor executor, Object controller, Object[] arguments)
   at Microsoft.AspNetCore.Mvc.Infrastructure.ControllerActionInvoker.&lt;InvokeActionMethodAsync&gt;g__Logged|12_1(ControllerActionInvoker invoker)
   at Microsoft.AspNetCore.Mvc.Infrastructure.ControllerActionInvoker.&lt;InvokeNextActionFilterAsync&gt;g__Awaited|10_0(ControllerActionInvoker invoker, Task lastTask, State next, Scope scope, Object state, Boolean isCompleted)
   at Microsoft.AspNetCore.Mvc.Infrastructure.ControllerActionInvoker.Rethrow(ActionExecutedContextSealed context)
   at Microsoft.AspNetCore.Mvc.Infrastructure.ControllerActionInvoker.Next(State&amp; next, Scope&amp; scope, Object&amp; state, Boolean&amp; isCompleted)
   at Microsoft.AspNetCore.Mvc.Infrastructure.ControllerActionInvoker.InvokeInnerFilterAsync()
--- End of stack trace from previous location ---
   at Microsoft.AspNetCore.Mvc.Infrastructure.ResourceInvoker.&lt;InvokeFilterPipelineAsync&gt;g__Awaited|20_0(ResourceInvoker invoker, Task lastTask, State next, Scope scope, Object state, Boolean isCompleted)
   at Microsoft.AspNetCore.Mvc.Infrastructure.ResourceInvoker.&lt;InvokeAsync&gt;g__Logged|17_1(ResourceInvoker invoker)
   at Microsoft.AspNetCore.Mvc.Infrastructure.ResourceInvoker.&lt;InvokeAsync&gt;g__Logged|17_1(ResourceInvoker invoker)
   at Api.Middleware.ConditionalRequestMiddleware.InvokeAsync(HttpContext context) in /home/runner/work/Crud/Crud/src/Api/Middleware/ConditionalRequestMiddleware.cs:line 30
   at Microsoft.AspNetCore.Authorization.AuthorizationMiddleware.Invoke(HttpContext context)
   at Microsoft.AspNetCore.Authentication.AuthenticationMiddleware.Invoke(HttpContext context)
   at Microsoft.AspNetCore.RateLimiting.RateLimitingMiddleware.InvokeInternal(HttpContext context, EnableRateLimitingAttribute enableRateLimitingAttribute)
   at Api.Middleware.GlobalExceptionHandlingMiddleware.InvokeAsync(HttpContext context) in /home/runner/work/Crud/Crud/src/Api/Middleware/GlobalExceptionHandlingMiddleware.cs:line 27
Activity.TraceId:            9ce8addb1ae6e4315ce1dcf4bf40a4a7
Activity.SpanId:             4cae2b89c0379ecd
Activity.TraceFlags:         Recorded
Activity.ActivitySourceName: Microsoft.AspNetCore
Activity.DisplayName:        POST api/People
Activity.Kind:               Server
Activity.StartTime:          2025-09-11T03:42:00.9065191Z
Activity.Duration:           00:00:00.0284588
Activity.Tags:
    server.address: localhost
    http.request.method: POST
    url.scheme: http
    url.path: /api/people
    network.protocol.version: 1.1
    http.route: api/People
    http.response.status_code: 409
Resource associated with Activity:
    deployment.environment: Testing
    service.name: Crud.Api
    service.version: 1.0.0
    service.instance.id: a483e3f3-32ea-4a50-a508-2cd77b6b2522
    telemetry.sdk.name: opentelemetry
    telemetry.sdk.language: dotnet
    telemetry.sdk.version: 1.8.1
[03:42:01 DBG] Removed cache value for key: entity:person:1eb5e5ec02854f8ead01e4e5234bb8df {"SourceContext": "Infrastructure.Services.Caching.InMemoryCacheService", "ActionId": "3fe6d8bf-ddc4-465f-b0b5-d853bbf2280e", "ActionName": "Api.Controllers.PeopleController.Create (Api)", "RequestId": "0HNFGSKFKDJ7V", "RequestPath": "/api/people", "Application": "Crud.Api"}
[03:42:01 DBG] Removed cache value for key: list:person {"SourceContext": "Infrastructure.Services.Caching.InMemoryCacheService", "ActionId": "3fe6d8bf-ddc4-465f-b0b5-d853bbf2280e", "ActionName": "Api.Controllers.PeopleController.Create (Api)", "RequestId": "0HNFGSKFKDJ7V", "RequestPath": "/api/people", "Application": "Crud.Api"}
[03:42:01 DBG] Invalidating cache for entity type: people with tag: people {"SourceContext": "Api.Services.OutputCacheInvalidationService", "ActionId": "3fe6d8bf-ddc4-465f-b0b5-d853bbf2280e", "ActionName": "Api.Controllers.PeopleController.Create (Api)", "RequestId": "0HNFGSKFKDJ7V", "RequestPath": "/api/people", "Application": "Crud.Api"}
[03:42:01 INF] Successfully invalidated cache for entity type: people {"SourceContext": "Api.Services.OutputCacheInvalidationService", "ActionId": "3fe6d8bf-ddc4-465f-b0b5-d853bbf2280e", "ActionName": "Api.Controllers.PeopleController.Create (Api)", "RequestId": "0HNFGSKFKDJ7V", "RequestPath": "/api/people", "Application": "Crud.Api"}
Activity.TraceId:            c0362410d6a279775c397cd291535fe3
Activity.SpanId:             51067031d974ec0a
Activity.TraceFlags:         Recorded
Activity.ActivitySourceName: Microsoft.AspNetCore
Activity.DisplayName:        POST api/People
Activity.Kind:               Server
Activity.StartTime:          2025-09-11T03:42:00.8481604Z
Activity.Duration:           00:00:00.1938153
Activity.Tags:
    server.address: localhost
    http.request.method: POST
    url.scheme: http
    url.path: /api/people
    network.protocol.version: 1.1
    http.route: api/People
    http.response.status_code: 201
Resource associated with Activity:
    deployment.environment: Testing
    service.name: Crud.Api
    service.version: 1.0.0
    service.instance.id: a483e3f3-32ea-4a50-a508-2cd77b6b2522
    telemetry.sdk.name: opentelemetry
    telemetry.sdk.language: dotnet
    telemetry.sdk.version: 1.8.1
[03:42:01 INF] User logged in successfully: 4ae1c378-323f-4221-8828-0b00e343d607 {"SourceContext": "App.Features.Authentication.LoginCommandHandler", "ActionId": "2f83dd5e-bf2c-4137-a309-e4d55760391e", "ActionName": "Api.Controllers.AuthController.Login (Api)", "RequestId": "0HNFGSKFKDJ7T", "RequestPath": "/api/auth/login", "Application": "Crud.Api"}
Activity.TraceId:            d2b74e3bf602bd3d45268bf1aba904ad
Activity.SpanId:             7ed93527f487d635
Activity.TraceFlags:         Recorded
Activity.ActivitySourceName: Microsoft.AspNetCore
Activity.DisplayName:        POST api/Auth/login
Activity.Kind:               Server
Activity.StartTime:          2025-09-11T03:42:00.7490638Z
Activity.Duration:           00:00:00.3289069
Activity.Tags:
    server.address: localhost
    http.request.method: POST
    url.scheme: http
    url.path: /api/auth/login
    network.protocol.version: 1.1
    http.route: api/Auth/login
    http.response.status_code: 200
Resource associated with Activity:
    deployment.environment: Testing
    service.name: Crud.Api
    service.version: 1.0.0
    service.instance.id: a483e3f3-32ea-4a50-a508-2cd77b6b2522
    telemetry.sdk.name: opentelemetry
    telemetry.sdk.language: dotnet
    telemetry.sdk.version: 1.8.1
[03:42:01 DBG] Cache hit for key: entity:role:da18ac08d6954a85aefaf9e531951d2e {"SourceContext": "Infrastructure.Services.Caching.InMemoryCacheService", "ActionId": "3fe6d8bf-ddc4-465f-b0b5-d853bbf2280e", "ActionName": "Api.Controllers.PeopleController.Create (Api)", "RequestId": "0HNFGSKFKDJ82", "RequestPath": "/api/people", "Application": "Crud.Api"}
[03:42:01 ERR] Failed executing DbCommand (0ms) [Parameters=[@p0='da18ac08-d695-4a85-aefa-f9e531951d2e', @p1='Test' (Size = 4), @p2='TestRole_b3723ca1dafb46798ebcaaf2ddaa6b51' (Nullable = false) (Size = 41), @p3=NULL (DbType = Binary)], CommandType='Text', CommandTimeout='30']
INSERT INTO "Roles" ("Id", "Description", "Name", "RowVersion")
VALUES (@p0, @p1, @p2, @p3); {"EventId": {"Id": 20102, "Name": "Microsoft.EntityFrameworkCore.Database.Command.CommandError"}, "SourceContext": "Microsoft.EntityFrameworkCore.Database.Command", "ActionId": "3fe6d8bf-ddc4-465f-b0b5-d853bbf2280e", "ActionName": "Api.Controllers.PeopleController.Create (Api)", "RequestId": "0HNFGSKFKDJ82", "RequestPath": "/api/people", "Application": "Crud.Api"}
[03:42:01 ERR] An exception occurred in the database while saving changes for context type 'Infrastructure.Data.ApplicationDbContext'.
Microsoft.EntityFrameworkCore.DbUpdateException: An error occurred while saving the entity changes. See the inner exception for details.
 ---&gt; Microsoft.Data.Sqlite.SqliteException (0x80004005): SQLite Error 19: 'UNIQUE constraint failed: Roles.Name'.
   at Microsoft.Data.Sqlite.SqliteException.ThrowExceptionForRC(Int32 rc, sqlite3 db)
   at Microsoft.Data.Sqlite.SqliteDataReader.NextResult()
   at Microsoft.Data.Sqlite.SqliteCommand.ExecuteReader(CommandBehavior behavior)
   at Microsoft.Data.Sqlite.SqliteCommand.ExecuteDbDataReaderAsync(CommandBehavior behavior, CancellationToken cancellationToken)
   at Microsoft.EntityFrameworkCore.Storage.RelationalCommand.ExecuteReaderAsync(RelationalCommandParameterObject parameterObject, CancellationToken cancellationToken)
   at Microsoft.EntityFrameworkCore.Storage.RelationalCommand.ExecuteReaderAsync(RelationalCommandParameterObject parameterObject, CancellationToken cancellationToken)
   at Microsoft.EntityFrameworkCore.Update.ReaderModificationCommandBatch.ExecuteAsync(IRelationalConnection connection, CancellationToken cancellationToken)
   --- End of inner exception stack trace ---
   at Microsoft.EntityFrameworkCore.Update.ReaderModificationCommandBatch.ExecuteAsync(IRelationalConnection connection, CancellationToken cancellationToken)
   at Microsoft.EntityFrameworkCore.Update.Internal.BatchExecutor.ExecuteAsync(IEnumerable`1 commandBatches, IRelationalConnection connection, CancellationToken cancellationToken)
   at Microsoft.EntityFrameworkCore.Update.Internal.BatchExecutor.ExecuteAsync(IEnumerable`1 commandBatches, IRelationalConnection connection, CancellationToken cancellationToken)
   at Microsoft.EntityFrameworkCore.Update.Internal.BatchExecutor.ExecuteAsync(IEnumerable`1 commandBatches, IRelationalConnection connection, CancellationToken cancellationToken)
   at Microsoft.EntityFrameworkCore.ChangeTracking.Internal.StateManager.SaveChangesAsync(IList`1 entriesToSave, CancellationToken cancellationToken)
   at Microsoft.EntityFrameworkCore.ChangeTracking.Internal.StateManager.SaveChangesAsync(StateManager stateManager, Boolean acceptAllChangesOnSuccess, CancellationToken cancellationToken)
   at Microsoft.EntityFrameworkCore.DbContext.SaveChangesAsync(Boolean acceptAllChangesOnSuccess, CancellationToken cancellationToken) {"EventId": {"Id": 10000, "Name": "Microsoft.EntityFrameworkCore.Update.SaveChangesFailed"}, "SourceContext": "Microsoft.EntityFrameworkCore.Update", "ActionId": "3fe6d8bf-ddc4-465f-b0b5-d853bbf2280e", "ActionName": "Api.Controllers.PeopleController.Create (Api)", "RequestId": "0HNFGSKFKDJ82", "RequestPath": "/api/people", "Application": "Crud.Api"}
Microsoft.EntityFrameworkCore.DbUpdateException: An error occurred while saving the entity changes. See the inner exception for details.
 ---&gt; Microsoft.Data.Sqlite.SqliteException (0x80004005): SQLite Error 19: 'UNIQUE constraint failed: Roles.Name'.
   at Microsoft.Data.Sqlite.SqliteException.ThrowExceptionForRC(Int32 rc, sqlite3 db)
   at Microsoft.Data.Sqlite.SqliteDataReader.NextResult()
   at Microsoft.Data.Sqlite.SqliteCommand.ExecuteReader(CommandBehavior behavior)
   at Microsoft.Data.Sqlite.SqliteCommand.ExecuteDbDataReaderAsync(CommandBehavior behavior, CancellationToken cancellationToken)
   at Microsoft.EntityFrameworkCore.Storage.RelationalCommand.ExecuteReaderAsync(RelationalCommandParameterObject parameterObject, CancellationToken cancellationToken)
   at Microsoft.EntityFrameworkCore.Storage.RelationalCommand.ExecuteReaderAsync(RelationalCommandParameterObject parameterObject, CancellationToken cancellationToken)
   at Microsoft.EntityFrameworkCore.Update.ReaderModificationCommandBatch.ExecuteAsync(IRelationalConnection connection, CancellationToken cancellationToken)
   --- End of inner exception stack trace ---
   at Microsoft.EntityFrameworkCore.Update.ReaderModificationCommandBatch.ExecuteAsync(IRelationalConnection connection, CancellationToken cancellationToken)
   at Microsoft.EntityFrameworkCore.Update.Internal.BatchExecutor.ExecuteAsync(IEnumerable`1 commandBatches, IRelationalConnection connection, CancellationToken cancellationToken)
   at Microsoft.EntityFrameworkCore.Update.Internal.BatchExecutor.ExecuteAsync(IEnumerable`1 commandBatches, IRelationalConnection connection, CancellationToken cancellationToken)
   at Microsoft.EntityFrameworkCore.Update.Internal.BatchExecutor.ExecuteAsync(IEnumerable`1 commandBatches, IRelationalConnection connection, CancellationToken cancellationToken)
   at Microsoft.EntityFrameworkCore.ChangeTracking.Internal.StateManager.SaveChangesAsync(IList`1 entriesToSave, CancellationToken cancellationToken)
   at Microsoft.EntityFrameworkCore.ChangeTracking.Internal.StateManager.SaveChangesAsync(StateManager stateManager, Boolean acceptAllChangesOnSuccess, CancellationToken cancellationToken)
   at Microsoft.EntityFrameworkCore.DbContext.SaveChangesAsync(Boolean acceptAllChangesOnSuccess, CancellationToken cancellationToken)
[03:42:01 ERR] An unhandled exception occurred during request POST /api/people. Request ID: 0HNFGSKFKDJ82, User: Anonymous {"SourceContext": "Api.Middleware.GlobalExceptionHandlingMiddleware", "RequestPath": "/api/people", "Application": "Crud.Api"}
System.InvalidOperationException: Failed to create person. Please check that all referenced roles exist.
 ---&gt; Microsoft.EntityFrameworkCore.DbUpdateException: An error occurred while saving the entity changes. See the inner exception for details.
 ---&gt; Microsoft.Data.Sqlite.SqliteException (0x80004005): SQLite Error 19: 'UNIQUE constraint failed: Roles.Name'.
   at Microsoft.Data.Sqlite.SqliteException.ThrowExceptionForRC(Int32 rc, sqlite3 db)
   at Microsoft.Data.Sqlite.SqliteDataReader.NextResult()
   at Microsoft.Data.Sqlite.SqliteCommand.ExecuteReader(CommandBehavior behavior)
   at Microsoft.Data.Sqlite.SqliteCommand.ExecuteDbDataReaderAsync(CommandBehavior behavior, CancellationToken cancellationToken)
   at Microsoft.EntityFrameworkCore.Storage.RelationalCommand.ExecuteReaderAsync(RelationalCommandParameterObject parameterObject, CancellationToken cancellationToken)
   at Microsoft.EntityFrameworkCore.Storage.RelationalCommand.ExecuteReaderAsync(RelationalCommandParameterObject parameterObject, CancellationToken cancellationToken)
   at Microsoft.EntityFrameworkCore.Update.ReaderModificationCommandBatch.ExecuteAsync(IRelationalConnection connection, CancellationToken cancellationToken)
   --- End of inner exception stack trace ---
   at Microsoft.EntityFrameworkCore.Update.ReaderModificationCommandBatch.ExecuteAsync(IRelationalConnection connection, CancellationToken cancellationToken)
   at Microsoft.EntityFrameworkCore.Update.Internal.BatchExecutor.ExecuteAsync(IEnumerable`1 commandBatches, IRelationalConnection connection, CancellationToken cancellationToken)
   at Microsoft.EntityFrameworkCore.Update.Internal.BatchExecutor.ExecuteAsync(IEnumerable`1 commandBatches, IRelationalConnection connection, CancellationToken cancellationToken)
   at Microsoft.EntityFrameworkCore.Update.Internal.BatchExecutor.ExecuteAsync(IEnumerable`1 commandBatches, IRelationalConnection connection, CancellationToken cancellationToken)
   at Microsoft.EntityFrameworkCore.ChangeTracking.Internal.StateManager.SaveChangesAsync(IList`1 entriesToSave, CancellationToken cancellationToken)
   at Microsoft.EntityFrameworkCore.ChangeTracking.Internal.StateManager.SaveChangesAsync(StateManager stateManager, Boolean acceptAllChangesOnSuccess, CancellationToken cancellationToken)
   at Microsoft.EntityFrameworkCore.DbContext.SaveChangesAsync(Boolean acceptAllChangesOnSuccess, CancellationToken cancellationToken)
   at Microsoft.EntityFrameworkCore.DbContext.SaveChangesAsync(Boolean acceptAllChangesOnSuccess, CancellationToken cancellationToken)
   at Infrastructure.Resilience.DbContextResilienceExtensions.&lt;&gt;c__DisplayClass0_0.&lt;&lt;SaveChangesWithRetryAsync&gt;b__0&gt;d.MoveNext() in /home/runner/work/Crud/Crud/src/Infrastructure/Resilience/ResilientDbContext.cs:line 72
--- End of stack trace from previous location ---
   at Polly.CircuitBreaker.AsyncCircuitBreakerPolicy.&lt;&gt;c__DisplayClass8_0`1.&lt;&lt;ImplementationAsync&gt;b__0&gt;d.MoveNext()
--- End of stack trace from previous location ---
   at Polly.CircuitBreaker.AsyncCircuitBreakerEngine.ImplementationAsync[TResult](Func`3 action, Context context, Boolean continueOnCapturedContext, ExceptionPredicates shouldHandleExceptionPredicates, ResultPredicates`1 shouldHandleResultPredicates, ICircuitController`1 breakerController, CancellationToken cancellationToken)
   at Polly.CircuitBreaker.AsyncCircuitBreakerPolicy.ImplementationAsync[TResult](Func`3 action, Context context, CancellationToken cancellationToken, Boolean continueOnCapturedContext)
   at Polly.AsyncPolicy.ExecuteInternalAsync[TResult](Func`3 action, Context context, Boolean continueOnCapturedContext, CancellationToken cancellationToken)
   at Polly.Retry.AsyncRetryEngine.ImplementationAsync[TResult](Func`3 action, Context context, ExceptionPredicates shouldRetryExceptionPredicates, ResultPredicates`1 shouldRetryResultPredicates, Func`5 onRetryAsync, CancellationToken cancellationToken, Int32 permittedRetryCount, IEnumerable`1 sleepDurationsEnumerable, Func`4 sleepDurationProvider, Boolean continueOnCapturedContext)
   at Polly.AsyncPolicy.ExecuteInternalAsync[TResult](Func`3 action, Context context, Boolean continueOnCapturedContext, CancellationToken cancellationToken)
   at Polly.AsyncPolicy.ExecuteInternalAsync[TResult](Func`3 action, Context context, Boolean continueOnCapturedContext, CancellationToken cancellationToken)
   at Polly.Timeout.AsyncTimeoutEngine.ImplementationAsync[TResult](Func`3 action, Context context, Func`2 timeoutProvider, TimeoutStrategy timeoutStrategy, Func`5 onTimeoutAsync, Boolean continueOnCapturedContext, CancellationToken cancellationToken)
   at Polly.Timeout.AsyncTimeoutEngine.ImplementationAsync[TResult](Func`3 action, Context context, Func`2 timeoutProvider, TimeoutStrategy timeoutStrategy, Func`5 onTimeoutAsync, Boolean continueOnCapturedContext, CancellationToken cancellationToken)
   at Polly.AsyncPolicy.ExecuteInternalAsync[TResult](Func`3 action, Context context, Boolean continueOnCapturedContext, CancellationToken cancellationToken)
   at Polly.AsyncPolicy.ExecuteInternalAsync[TResult](Func`3 action, Context context, Boolean continueOnCapturedContext, CancellationToken cancellationToken)
   at Infrastructure.Resilience.DbContextResilienceExtensions.SaveChangesWithRetryAsync(DbContext context, ILogger logger, CancellationToken cancellationToken) in /home/runner/work/Crud/Crud/src/Infrastructure/Resilience/ResilientDbContext.cs:line 70
   at Infrastructure.Repositories.EntityFramework.EfPersonRepository.AddAsync(Person person, CancellationToken ct) in /home/runner/work/Crud/Crud/src/Infrastructure/Repositories/EntityFramework/EfPersonRepository.cs:line 37
   --- End of inner exception stack trace ---
   at Infrastructure.Repositories.EntityFramework.EfPersonRepository.AddAsync(Person person, CancellationToken ct) in /home/runner/work/Crud/Crud/src/Infrastructure/Repositories/EntityFramework/EfPersonRepository.cs:line 42
   at Infrastructure.Services.Caching.CachedPersonRepositoryDecorator.AddAsync(Person entity, CancellationToken cancellationToken) in /home/runner/work/Crud/Crud/src/Infrastructure/Services/Caching/CachedRepositoryDecorator.cs:line 190
   at App.Features.People.CreatePersonCommandHandler.Handle(CreatePersonCommand request, CancellationToken cancellationToken) in /home/runner/work/Crud/Crud/src/App/Features/People/CommandHandlers.cs:line 23
   at App.Behaviors.CacheInvalidationBehavior`2.Handle(TRequest request, RequestHandlerDelegate`1 next, CancellationToken cancellationToken)
   at App.Behaviors.CachingBehavior`2.Handle(TRequest request, RequestHandlerDelegate`1 next, CancellationToken cancellationToken)
   at App.Behaviors.ValidationBehavior`2.Handle(TRequest request, RequestHandlerDelegate`1 next, CancellationToken cancellationToken)
   at Api.Controllers.PeopleController.Create(CreatePersonRequest request, CancellationToken ct) in /home/runner/work/Crud/Crud/src/Api/Controllers/PeopleController.cs:line 42
   at lambda_method1187(Closure, Object)
   at Microsoft.AspNetCore.Mvc.Infrastructure.ActionMethodExecutor.AwaitableObjectResultExecutor.Execute(ActionContext actionContext, IActionResultTypeMapper mapper, ObjectMethodExecutor executor, Object controller, Object[] arguments)
   at Microsoft.AspNetCore.Mvc.Infrastructure.ControllerActionInvoker.&lt;InvokeActionMethodAsync&gt;g__Logged|12_1(ControllerActionInvoker invoker)
   at Microsoft.AspNetCore.Mvc.Infrastructure.ControllerActionInvoker.&lt;InvokeNextActionFilterAsync&gt;g__Awaited|10_0(ControllerActionInvoker invoker, Task lastTask, State next, Scope scope, Object state, Boolean isCompleted)
   at Microsoft.AspNetCore.Mvc.Infrastructure.ControllerActionInvoker.Rethrow(ActionExecutedContextSealed context)
   at Microsoft.AspNetCore.Mvc.Infrastructure.ControllerActionInvoker.Next(State&amp; next, Scope&amp; scope, Object&amp; state, Boolean&amp; isCompleted)
   at Microsoft.AspNetCore.Mvc.Infrastructure.ControllerActionInvoker.InvokeInnerFilterAsync()
--- End of stack trace from previous location ---
   at Microsoft.AspNetCore.Mvc.Infrastructure.ResourceInvoker.&lt;InvokeFilterPipelineAsync&gt;g__Awaited|20_0(ResourceInvoker invoker, Task lastTask, State next, Scope scope, Object state, Boolean isCompleted)
   at Microsoft.AspNetCore.Mvc.Infrastructure.ResourceInvoker.&lt;InvokeAsync&gt;g__Logged|17_1(ResourceInvoker invoker)
   at Microsoft.AspNetCore.Mvc.Infrastructure.ResourceInvoker.&lt;InvokeAsync&gt;g__Logged|17_1(ResourceInvoker invoker)
   at Api.Middleware.ConditionalRequestMiddleware.InvokeAsync(HttpContext context) in /home/runner/work/Crud/Crud/src/Api/Middleware/ConditionalRequestMiddleware.cs:line 30
   at Microsoft.AspNetCore.Authorization.AuthorizationMiddleware.Invoke(HttpContext context)
   at Microsoft.AspNetCore.Authentication.AuthenticationMiddleware.Invoke(HttpContext context)
   at Microsoft.AspNetCore.RateLimiting.RateLimitingMiddleware.InvokeInternal(HttpContext context, EnableRateLimitingAttribute enableRateLimitingAttribute)
   at Api.Middleware.GlobalExceptionHandlingMiddleware.InvokeAsync(HttpContext context) in /home/runner/work/Crud/Crud/src/Api/Middleware/GlobalExceptionHandlingMiddleware.cs:line 27
Activity.TraceId:            80792dbe034fc740c361e512e26f946f
Activity.SpanId:             b26f3aa3ff5ae800
Activity.TraceFlags:         Recorded
Activity.ActivitySourceName: Microsoft.AspNetCore
Activity.DisplayName:        POST api/People
Activity.Kind:               Server
Activity.StartTime:          2025-09-11T03:42:01.0786583Z
Activity.Duration:           00:00:00.0103109
Activity.Tags:
    server.address: localhost
    http.request.method: POST
    url.scheme: http
    url.path: /api/people
    network.protocol.version: 1.1
    http.route: api/People
    http.response.status_code: 409
Resource associated with Activity:
    deployment.environment: Testing
    service.name: Crud.Api
    service.version: 1.0.0
    service.instance.id: a483e3f3-32ea-4a50-a508-2cd77b6b2522
    telemetry.sdk.name: opentelemetry
    telemetry.sdk.language: dotnet
    telemetry.sdk.version: 1.8.1
[03:42:01 DBG] Removed cache value for key: entity:person:7f26d650fc8640ee9d406a2a2ebc0b03 {"SourceContext": "Infrastructure.Services.Caching.InMemoryCacheService", "ActionId": "3fe6d8bf-ddc4-465f-b0b5-d853bbf2280e", "ActionName": "Api.Controllers.PeopleController.Create (Api)", "RequestId": "0HNFGSKFKDJ7U", "RequestPath": "/api/people", "Application": "Crud.Api"}
[03:42:01 DBG] Removed cache value for key: list:person {"SourceContext": "Infrastructure.Services.Caching.InMemoryCacheService", "ActionId": "3fe6d8bf-ddc4-465f-b0b5-d853bbf2280e", "ActionName": "Api.Controllers.PeopleController.Create (Api)", "RequestId": "0HNFGSKFKDJ7U", "RequestPath": "/api/people", "Application": "Crud.Api"}
[03:42:01 DBG] Invalidating cache for entity type: people with tag: people {"SourceContext": "Api.Services.OutputCacheInvalidationService", "ActionId": "3fe6d8bf-ddc4-465f-b0b5-d853bbf2280e", "ActionName": "Api.Controllers.PeopleController.Create (Api)", "RequestId": "0HNFGSKFKDJ7U", "RequestPath": "/api/people", "Application": "Crud.Api"}
[03:42:01 INF] Successfully invalidated cache for entity type: people {"SourceContext": "Api.Services.OutputCacheInvalidationService", "ActionId": "3fe6d8bf-ddc4-465f-b0b5-d853bbf2280e", "ActionName": "Api.Controllers.PeopleController.Create (Api)", "RequestId": "0HNFGSKFKDJ7U", "RequestPath": "/api/people", "Application": "Crud.Api"}
Activity.TraceId:            705d8e78b45f18b1bb009c174786a59e
Activity.SpanId:             cba02af293b34882
Activity.TraceFlags:         Recorded
Activity.ActivitySourceName: Microsoft.AspNetCore
Activity.DisplayName:        POST api/People
Activity.Kind:               Server
Activity.StartTime:          2025-09-11T03:42:00.8456503Z
Activity.Duration:           00:00:00.3522723
Activity.Tags:
    server.address: localhost
    http.request.method: POST
    url.scheme: http
    url.path: /api/people
    network.protocol.version: 1.1
    http.route: api/People
    http.response.status_code: 201
Resource associated with Activity:
    deployment.environment: Testing
    service.name: Crud.Api
    service.version: 1.0.0
    service.instance.id: a483e3f3-32ea-4a50-a508-2cd77b6b2522
    telemetry.sdk.name: opentelemetry
    telemetry.sdk.language: dotnet
    telemetry.sdk.version: 1.8.1
[03:42:01 INF] User registered successfully: c98a2827-ceff-4c54-acbc-f1c757e7a93e {"SourceContext": "App.Features.Authentication.RegisterUserCommandHandler", "ActionId": "b38ee326-d2eb-49d4-9e94-982bb9bd2008", "ActionName": "Api.Controllers.AuthController.Register (Api)", "RequestId": "0HNFGSKFKDJ83", "RequestPath": "/api/auth/register", "Application": "Crud.Api"}
Activity.TraceId:            1c06790143faeeb9850594a30eaff2d7
Activity.SpanId:             5357bf3f21654c74
Activity.TraceFlags:         Recorded
Activity.ActivitySourceName: Microsoft.AspNetCore
Activity.DisplayName:        POST api/Auth/register
Activity.Kind:               Server
Activity.StartTime:          2025-09-11T03:42:01.1993984Z
Activity.Duration:           00:00:00.2988774
Activity.Tags:
    server.address: localhost
    http.request.method: POST
    url.scheme: http
    url.path: /api/auth/register
    network.protocol.version: 1.1
    http.route: api/Auth/register
    http.response.status_code: 200
Resource associated with Activity:
    deployment.environment: Testing
    service.name: Crud.Api
    service.version: 1.0.0
    service.instance.id: a483e3f3-32ea-4a50-a508-2cd77b6b2522
    telemetry.sdk.name: opentelemetry
    telemetry.sdk.language: dotnet
    telemetry.sdk.version: 1.8.1
[03:42:01 DBG] Cache miss for key: list:person {"SourceContext": "Infrastructure.Services.Caching.InMemoryCacheService", "ActionId": "6eb3e74b-e27e-4e75-a4b5-d0f7bb9299cc", "ActionName": "Api.Controllers.PeopleController.List (Api)", "RequestId": "0HNFGSKFKDJ84", "RequestPath": "/api/people", "Application": "Crud.Api"}
[03:42:01 DBG] Set cache value for key: list:person {"SourceContext": "Infrastructure.Services.Caching.InMemoryCacheService", "ActionId": "6eb3e74b-e27e-4e75-a4b5-d0f7bb9299cc", "ActionName": "Api.Controllers.PeopleController.List (Api)", "RequestId": "0HNFGSKFKDJ84", "RequestPath": "/api/people", "Application": "Crud.Api"}
Activity.TraceId:            e66cc2880cd1612715dadc78d5963202
Activity.SpanId:             c71b369a935a913b
Activity.TraceFlags:         Recorded
Activity.ActivitySourceName: Microsoft.AspNetCore
Activity.DisplayName:        GET api/People
Activity.Kind:               Server
Activity.StartTime:          2025-09-11T03:42:01.4984966Z
Activity.Duration:           00:00:00.0049070
Activity.Tags:
    server.address: localhost
    http.request.method: GET
    url.scheme: http
    url.path: /api/people
    network.protocol.version: 1.1
    http.route: api/People
    http.response.status_code: 200
Resource associated with Activity:
    deployment.environment: Testing
    service.name: Crud.Api
    service.version: 1.0.0
    service.instance.id: a483e3f3-32ea-4a50-a508-2cd77b6b2522
    telemetry.sdk.name: opentelemetry
    telemetry.sdk.language: dotnet
    telemetry.sdk.version: 1.8.1
[03:42:01 INF] Resetting database for worker 13441 {"SourceContext": "Infrastructure.Services.DatabaseTestService", "Application": "Crud.Api"}
[03:42:01 INF] Resetting database via file deletion for worker 13441 in CI environment {"SourceContext": "Infrastructure.Services.DatabaseTestService", "Application": "Crud.Api"}
[03:42:01 INF] Acquiring database mutex for worker 13441... {"SourceContext": "Infrastructure.Services.DatabaseTestService", "Application": "Crud.Api"}
[03:42:01 INF] Database mutex acquired for worker 13441 {"SourceContext": "Infrastructure.Services.DatabaseTestService", "Application": "Crud.Api"}
[03:42:01 INF] Current database state - CanConnect: True {"SourceContext": "Infrastructure.Services.DatabaseTestService", "Application": "Crud.Api"}
[03:42:01 INF] [Phase 0] Closing database connection for worker 13441... {"SourceContext": "Infrastructure.Services.DatabaseTestService", "Application": "Crud.Api"}
[03:42:01 INF] [Phase 0] Connection closed in 0.0053ms {"SourceContext": "Infrastructure.Services.DatabaseTestService", "Application": "Crud.Api"}
[03:42:01 INF] [Phase 1] Starting EnsureDeletedAsync for worker 13441... {"SourceContext": "Infrastructure.Services.DatabaseTestService", "Application": "Crud.Api"}
[03:42:01 INF] [Phase 1] EnsureDeletedAsync completed in 1.765ms {"SourceContext": "Infrastructure.Services.DatabaseTestService", "Application": "Crud.Api"}
[03:42:01 INF] [Phase 2] Starting EnsureCreatedAsync for worker 13441... {"SourceContext": "Infrastructure.Services.DatabaseTestService", "Application": "Crud.Api"}
[03:42:01 INF] [Phase 2] EnsureCreatedAsync completed in 8.2517ms {"SourceContext": "Infrastructure.Services.DatabaseTestService", "Application": "Crud.Api"}
[03:42:01 INF] [Phase 3] Skipping database seeding as requested for worker 13441 {"SourceContext": "Infrastructure.Services.DatabaseTestService", "Application": "Crud.Api"}
[03:42:01 INF] Database reset via file deletion completed for worker 13441 in 111.2202ms (Close: 0.0053ms, Delete: 1.765ms, Create: 8.2517ms) {"SourceContext": "Infrastructure.Services.DatabaseTestService", "Application": "Crud.Api"}
[03:42:01 INF] Releasing database mutex for worker 13441 {"SourceContext": "Infrastructure.Services.DatabaseTestService", "Application": "Crud.Api"}
Metric Name: http.server.active_requests, Number of active HTTP server requests., Unit: {request}, Meter: Microsoft.AspNetCore.Hosting
(2025-09-11T03:41:47.6086754Z, 2025-09-11T03:42:01.6169671Z] http.request.method: POST url.scheme: http LongSumNonMonotonic
Value: 0
(2025-09-11T03:41:47.6086754Z, 2025-09-11T03:42:01.6169671Z] http.request.method: GET url.scheme: http LongSumNonMonotonic
Value: 0
(2025-09-11T03:41:47.6086754Z, 2025-09-11T03:42:01.6169671Z] http.request.method: PATCH url.scheme: http LongSumNonMonotonic
Value: 0
Metric Name: http.server.request.duration, Duration of HTTP server requests., Unit: s, Meter: Microsoft.AspNetCore.Hosting
(2025-09-11T03:41:47.6086993Z, 2025-09-11T03:42:01.6169781Z] http.request.method: POST http.response.status_code: 200 http.route: api/Auth/register network.protocol.version: 1.1 url.scheme: http Histogram
Value: Sum: 15.847848099999998 Count: 37 Min: 0.2988657 Max: 0.9099341 
(-Infinity,0.005]:0
(0.005,0.01]:0
(0.01,0.025]:0
(0.025,0.05]:0
(0.05,0.075]:0
(0.075,0.1]:0
(0.1,0.25]:0
(0.25,0.5]:26
(0.5,0.75]:8
(0.75,1]:3
(1,2.5]:0
(2.5,5]:0
(5,7.5]:0
(7.5,10]:0
(10,+Infinity]:0
(2025-09-11T03:41:47.6086993Z, 2025-09-11T03:42:01.6169781Z] http.request.method: GET http.response.status_code: 200 http.route: api/People network.protocol.version: 1.1 url.scheme: http Histogram
Value: Sum: 0.029244499999999996 Count: 3 Min: 0.0012797 Max: 0.0230609 
(-Infinity,0.005]:2
(0.005,0.01]:0
(0.01,0.025]:1
(0.025,0.05]:0
(0.05,0.075]:0
(0.075,0.1]:0
(0.1,0.25]:0
(0.25,0.5]:0
(0.5,0.75]:0
(0.75,1]:0
(1,2.5]:0
(2.5,5]:0
(5,7.5]:0
(7.5,10]:0
(10,+Infinity]:0
(2025-09-11T03:41:47.6086993Z, 2025-09-11T03:42:01.6169781Z] http.request.method: GET http.response.status_code: 200 http.route: api/Walls network.protocol.version: 1.1 url.scheme: http Histogram
Value: Sum: 0.0289487 Count: 2 Min: 0.0032866 Max: 0.0256621 
(-Infinity,0.005]:1
(0.005,0.01]:0
(0.01,0.025]:0
(0.025,0.05]:1
(0.05,0.075]:0
(0.075,0.1]:0
(0.1,0.25]:0
(0.25,0.5]:0
(0.5,0.75]:0
(0.75,1]:0
(1,2.5]:0
(2.5,5]:0
(5,7.5]:0
(7.5,10]:0
(10,+Infinity]:0
(2025-09-11T03:41:47.6086993Z, 2025-09-11T03:42:01.6169781Z] http.request.method: GET http.response.status_code: 200 http.route: api/Roles network.protocol.version: 1.1 url.scheme: http Histogram
Value: Sum: 0.031084300000000002 Count: 6 Min: 0.0010417 Max: 0.0223545 
(-Infinity,0.005]:5
(0.005,0.01]:0
(0.01,0.025]:1
(0.025,0.05]:0
(0.05,0.075]:0
(0.075,0.1]:0
(0.1,0.25]:0
(0.25,0.5]:0
(0.5,0.75]:0
(0.75,1]:0
(1,2.5]:0
(2.5,5]:0
(5,7.5]:0
(7.5,10]:0
(10,+Infinity]:0
(2025-09-11T03:41:47.6086993Z, 2025-09-11T03:42:01.6169781Z] http.request.method: GET http.response.status_code: 200 http.route: api/Windows network.protocol.version: 1.1 url.scheme: http Histogram
Value: Sum: 0.0261006 Count: 2 Min: 0.0045012 Max: 0.0215994 
(-Infinity,0.005]:1
(0.005,0.01]:0
(0.01,0.025]:1
(0.025,0.05]:0
(0.05,0.075]:0
(0.075,0.1]:0
(0.1,0.25]:0
(0.25,0.5]:0
(0.5,0.75]:0
(0.75,1]:0
(1,2.5]:0
(2.5,5]:0
(5,7.5]:0
(7.5,10]:0
(10,+Infinity]:0
(2025-09-11T03:41:47.6086993Z, 2025-09-11T03:42:01.6169781Z] http.request.method: POST http.response.status_code: 200 http.route: api/Auth/login network.protocol.version: 1.1 url.scheme: http Histogram
Value: Sum: 8.667755499999998 Count: 23 Min: 0.300606 Max: 0.6547836 
(-Infinity,0.005]:0
(0.005,0.01]:0
(0.01,0.025]:0
(0.025,0.05]:0
(0.05,0.075]:0
(0.075,0.1]:0
(0.1,0.25]:0
(0.25,0.5]:19
(0.5,0.75]:4
(0.75,1]:0
(1,2.5]:0
(2.5,5]:0
(5,7.5]:0
(7.5,10]:0
(10,+Infinity]:0
(2025-09-11T03:41:47.6086993Z, 2025-09-11T03:42:01.6169781Z] http.request.method: POST http.response.status_code: 201 http.route: api/Walls network.protocol.version: 1.1 url.scheme: http Histogram
Value: Sum: 0.0768077 Count: 1 Min: 0.0768077 Max: 0.0768077 
(-Infinity,0.005]:0
(0.005,0.01]:0
(0.01,0.025]:0
(0.025,0.05]:0
(0.05,0.075]:0
(0.075,0.1]:1
(0.1,0.25]:0
(0.25,0.5]:0
(0.5,0.75]:0
(0.75,1]:0
(1,2.5]:0
(2.5,5]:0
(5,7.5]:0
(7.5,10]:0
(10,+Infinity]:0
(2025-09-11T03:41:47.6086993Z, 2025-09-11T03:42:01.6169781Z] http.request.method: POST http.response.status_code: 201 http.route: api/Roles network.protocol.version: 1.1 url.scheme: http Histogram
Value: Sum: 1.0028711 Count: 12 Min: 0.0022285 Max: 0.3059044 
(-Infinity,0.005]:4
(0.005,0.01]:2
(0.01,0.025]:1
(0.025,0.05]:1
(0.05,0.075]:0
(0.075,0.1]:0
(0.1,0.25]:2
(0.25,0.5]:2
(0.5,0.75]:0
(0.75,1]:0
(1,2.5]:0
(2.5,5]:0
(5,7.5]:0
(7.5,10]:0
(10,+Infinity]:0
(2025-09-11T03:41:47.6086993Z, 2025-09-11T03:42:01.6169781Z] http.request.method: POST http.response.status_code: 201 http.route: api/Windows network.protocol.version: 1.1 url.scheme: http Histogram
Value: Sum: 0.0637712 Count: 1 Min: 0.0637712 Max: 0.0637712 
(-Infinity,0.005]:0
(0.005,0.01]:0
(0.01,0.025]:0
(0.025,0.05]:0
(0.05,0.075]:1
(0.075,0.1]:0
(0.1,0.25]:0
(0.25,0.5]:0
(0.5,0.75]:0
(0.75,1]:0
(1,2.5]:0
(2.5,5]:0
(5,7.5]:0
(7.5,10]:0
(10,+Infinity]:0
(2025-09-11T03:41:47.6086993Z, 2025-09-11T03:42:01.6169781Z] http.request.method: POST http.response.status_code: 201 http.route: api/People network.protocol.version: 1.1 url.scheme: http Histogram
Value: Sum: 0.6259153 Count: 4 Min: 0.0311108 Max: 0.35227 
(-Infinity,0.005]:0
(0.005,0.01]:0
(0.01,0.025]:0
(0.025,0.05]:2
(0.05,0.075]:0
(0.075,0.1]:0
(0.1,0.25]:1
(0.25,0.5]:1
(0.5,0.75]:0
(0.75,1]:0
(1,2.5]:0
(2.5,5]:0
(5,7.5]:0
(7.5,10]:0
(10,+Infinity]:0
(2025-09-11T03:41:47.6086993Z, 2025-09-11T03:42:01.6169781Z] http.request.method: PATCH http.response.status_code: 405 network.protocol.version: 1.1 url.scheme: http Histogram
Value: Sum: 0.0004928 Count: 1 Min: 0.0004928 Max: 0.0004928 
(-Infinity,0.005]:1
(0.005,0.01]:0
(0.01,0.025]:0
(0.025,0.05]:0
(0.05,0.075]:0
(0.075,0.1]:0
(0.1,0.25]:0
(0.25,0.5]:0
(0.5,0.75]:0
(0.75,1]:0
(1,2.5]:0
(2.5,5]:0
(5,7.5]:0
(7.5,10]:0
(10,+Infinity]:0
(2025-09-11T03:41:47.6086993Z, 2025-09-11T03:42:01.6169781Z] http.request.method: POST http.response.status_code: 400 http.route: api/Roles network.protocol.version: 1.1 url.scheme: http Histogram
Value: Sum: 0.0186609 Count: 2 Min: 0.00567 Max: 0.0129909 
(-Infinity,0.005]:0
(0.005,0.01]:1
(0.01,0.025]:1
(0.025,0.05]:0
(0.05,0.075]:0
(0.075,0.1]:0
(0.1,0.25]:0
(0.25,0.5]:0
(0.5,0.75]:0
(0.75,1]:0
(1,2.5]:0
(2.5,5]:0
(5,7.5]:0
(7.5,10]:0
(10,+Infinity]:0
(2025-09-11T03:41:47.6086993Z, 2025-09-11T03:42:01.6169781Z] aspnetcore.request.is_unhandled: true http.request.method: GET http.response.status_code: 404 network.protocol.version: 1.1 url.scheme: http Histogram
Value: Sum: 0.0003972 Count: 1 Min: 0.0003972 Max: 0.0003972 
(-Infinity,0.005]:1
(0.005,0.01]:0
(0.01,0.025]:0
(0.025,0.05]:0
(0.05,0.075]:0
(0.075,0.1]:0
(0.1,0.25]:0
(0.25,0.5]:0
(0.5,0.75]:0
(0.75,1]:0
(1,2.5]:0
(2.5,5]:0
(5,7.5]:0
(7.5,10]:0
(10,+Infinity]:0
(2025-09-11T03:41:47.6086993Z, 2025-09-11T03:42:01.6169781Z] http.request.method: POST http.response.status_code: 409 http.route: api/People network.protocol.version: 1.1 url.scheme: http Histogram
Value: Sum: 0.0387238 Count: 2 Min: 0.0102993 Max: 0.0284245 
(-Infinity,0.005]:0
(0.005,0.01]:0
(0.01,0.025]:1
(0.025,0.05]:1
(0.05,0.075]:0
(0.075,0.1]:0
(0.1,0.25]:0
(0.25,0.5]:0
(0.5,0.75]:0
(0.75,1]:0
(1,2.5]:0
(2.5,5]:0
(5,7.5]:0
(7.5,10]:0
(10,+Infinity]:0
Metric Name: aspnetcore.rate_limiting.active_request_leases, Number of HTTP requests that are currently active on the server that hold a rate limiting lease., Unit: {request}, Meter: Microsoft.AspNetCore.RateLimiting
(2025-09-11T03:41:47.6124154Z, 2025-09-11T03:42:01.6169788Z] LongSumNonMonotonic
Value: 0
Metric Name: aspnetcore.rate_limiting.request_lease.duration, The duration of rate limiting leases held by HTTP requests on the server., Unit: s, Meter: Microsoft.AspNetCore.RateLimiting
(2025-09-11T03:41:47.6133471Z, 2025-09-11T03:42:01.6169799Z] Histogram
Value: Sum: 26.416729699999994 Count: 97 Min: 0.0002521 Max: 0.9098251 
(-Infinity,0.005]:16
(0.005,0.01]:3
(0.01,0.025]:6
(0.025,0.05]:4
(0.05,0.075]:1
(0.075,0.1]:1
(0.1,0.25]:3
(0.25,0.5]:48
(0.5,0.75]:12
(0.75,1]:3
(1,2.5]:0
(2.5,5]:0
(5,7.5]:0
(7.5,10]:0
(10,+Infinity]:0
Metric Name: aspnetcore.rate_limiting.requests, Number of requests that tried to acquire a rate limiting lease. Requests could be rejected by global or endpoint rate limiting policies. Or the request could be canceled while waiting for the lease., Unit: {request}, Meter: Microsoft.AspNetCore.RateLimiting
(2025-09-11T03:41:47.6135725Z, 2025-09-11T03:42:01.6169831Z] aspnetcore.rate_limiting.result: acquired LongSum
Value: 97
Metric Name: aspnetcore.routing.match_attempts, Number of requests that were attempted to be matched to an endpoint., Unit: {match_attempt}, Meter: Microsoft.AspNetCore.Routing
(2025-09-11T03:41:47.6151887Z, 2025-09-11T03:42:01.6169839Z] aspnetcore.routing.is_fallback: false aspnetcore.routing.match_status: success http.route: api/Auth/register LongSum
Value: 37
(2025-09-11T03:41:47.6151887Z, 2025-09-11T03:42:01.6169839Z] aspnetcore.routing.is_fallback: false aspnetcore.routing.match_status: success http.route: api/People LongSum
Value: 9
(2025-09-11T03:41:47.6151887Z, 2025-09-11T03:42:01.6169839Z] aspnetcore.routing.is_fallback: false aspnetcore.routing.match_status: success http.route: api/Walls LongSum
Value: 3
(2025-09-11T03:41:47.6151887Z, 2025-09-11T03:42:01.6169839Z] aspnetcore.routing.is_fallback: false aspnetcore.routing.match_status: success http.route: api/Roles LongSum
Value: 20
(2025-09-11T03:41:47.6151887Z, 2025-09-11T03:42:01.6169839Z] aspnetcore.routing.is_fallback: false aspnetcore.routing.match_status: success http.route: api/Windows LongSum
Value: 3
(2025-09-11T03:41:47.6151887Z, 2025-09-11T03:42:01.6169839Z] aspnetcore.routing.is_fallback: false aspnetcore.routing.match_status: success http.route: api/Auth/login LongSum
Value: 23
(2025-09-11T03:41:47.6151887Z, 2025-09-11T03:42:01.6169839Z] aspnetcore.routing.is_fallback: false aspnetcore.routing.match_status: success http.route: (missing) LongSum
Value: 1
(2025-09-11T03:41:47.6151887Z, 2025-09-11T03:42:01.6169839Z] aspnetcore.routing.match_status: failure LongSum
Value: 1
[03:42:01 INF] Starting Crud API application {"Application": "Crud.Api"}
[03:42:01 INF] Using SQLite provider with connection: Data Source=TestDatabase.db {"Application": "Crud.Api"}
[03:42:01 INF] Database ensured successfully {"Application": "Crud.Api"}
[03:42:01 INF] Application configured successfully. Starting web host... {"Application": "Crud.Api"}
[03:42:01 WRN] Failed to determine the https port for redirect. {"EventId": {"Id": 3, "Name": "FailedToDeterminePort"}, "SourceContext": "Microsoft.AspNetCore.HttpsPolicy.HttpsRedirectionMiddleware", "RequestId": "0HNFGSKFKDJ85", "RequestPath": "/api/auth/register", "Application": "Crud.Api"}
[03:42:02 INF] User registered successfully: 94d99909-7ce7-4734-bd40-81e2179c82e1 {"SourceContext": "App.Features.Authentication.RegisterUserCommandHandler", "ActionId": "12b11d6c-58a8-468d-8a96-68b3060beb41", "ActionName": "Api.Controllers.AuthController.Register (Api)", "RequestId": "0HNFGSKFKDJ85", "RequestPath": "/api/auth/register", "Application": "Crud.Api"}
Activity.TraceId:            bfe4a089977582413249b6c38181e234
Activity.SpanId:             f836b55b33aa6b04
Activity.TraceFlags:         Recorded
Activity.ActivitySourceName: Microsoft.AspNetCore
Activity.DisplayName:        POST api/Auth/register
Activity.Kind:               Server
Activity.StartTime:          2025-09-11T03:42:01.7032716Z
Activity.Duration:           00:00:00.3059467
Activity.Tags:
    server.address: localhost
    http.request.method: POST
    url.scheme: http
    url.path: /api/auth/register
    network.protocol.version: 1.1
    http.route: api/Auth/register
    http.response.status_code: 200
Resource associated with Activity:
    deployment.environment: Testing
    service.name: Crud.Api
    service.version: 1.0.0
    service.instance.id: a483e3f3-32ea-4a50-a508-2cd77b6b2522
    telemetry.sdk.name: opentelemetry
    telemetry.sdk.language: dotnet
    telemetry.sdk.version: 1.8.1
[03:42:02 INF] User logged in successfully: 94d99909-7ce7-4734-bd40-81e2179c82e1 {"SourceContext": "App.Features.Authentication.LoginCommandHandler", "ActionId": "b35ba662-dae1-4702-a264-e56b8b80389b", "ActionName": "Api.Controllers.AuthController.Login (Api)", "RequestId": "0HNFGSKFKDJ86", "RequestPath": "/api/auth/login", "Application": "Crud.Api"}
Activity.TraceId:            dfb5f2b14c61de0a839e652f928c2eff
Activity.SpanId:             0bc3729efbf92251
Activity.TraceFlags:         Recorded
Activity.ActivitySourceName: Microsoft.AspNetCore
Activity.DisplayName:        POST api/Auth/login
Activity.Kind:               Server
Activity.StartTime:          2025-09-11T03:42:02.0119490Z
Activity.Duration:           00:00:00.3063409
Activity.Tags:
    server.address: localhost
    http.request.method: POST
    url.scheme: http
    url.path: /api/auth/login
    network.protocol.version: 1.1
    http.route: api/Auth/login
    http.response.status_code: 200
Resource associated with Activity:
    deployment.environment: Testing
    service.name: Crud.Api
    service.version: 1.0.0
    service.instance.id: a483e3f3-32ea-4a50-a508-2cd77b6b2522
    telemetry.sdk.name: opentelemetry
    telemetry.sdk.language: dotnet
    telemetry.sdk.version: 1.8.1
Activity.TraceId:            6fb80c0f518a38d79a0e8b9dc49cfbb7
Activity.SpanId:             f41df49fa80bf807
Activity.TraceFlags:         Recorded
Activity.ActivitySourceName: Microsoft.AspNetCore
Activity.DisplayName:        POST api/Windows
Activity.Kind:               Server
Activity.StartTime:          2025-09-11T03:42:02.3197608Z
Activity.Duration:           00:00:00.0157540
Activity.Tags:
    server.address: localhost
    http.request.method: POST
    url.scheme: http
    url.path: /api/windows
    network.protocol.version: 1.1
    http.route: api/Windows
    http.response.status_code: 400
Resource associated with Activity:
    deployment.environment: Testing
    service.name: Crud.Api
    service.version: 1.0.0
    service.instance.id: a483e3f3-32ea-4a50-a508-2cd77b6b2522
    telemetry.sdk.name: opentelemetry
    telemetry.sdk.language: dotnet
    telemetry.sdk.version: 1.8.1
[03:42:02 INF] User registered successfully: 9b124b1f-19e0-4a2d-a6c1-38699a135678 {"SourceContext": "App.Features.Authentication.RegisterUserCommandHandler", "ActionId": "12b11d6c-58a8-468d-8a96-68b3060beb41", "ActionName": "Api.Controllers.AuthController.Register (Api)", "RequestId": "0HNFGSKFKDJ88", "RequestPath": "/api/auth/register", "Application": "Crud.Api"}
Activity.TraceId:            8a0fe4b789ac315cb4bfb838da8b61f8
Activity.SpanId:             64d9cb1cce828c68
Activity.TraceFlags:         Recorded
Activity.ActivitySourceName: Microsoft.AspNetCore
Activity.DisplayName:        POST api/Auth/register
Activity.Kind:               Server
Activity.StartTime:          2025-09-11T03:42:02.3385261Z
Activity.Duration:           00:00:00.3146889
Activity.Tags:
    server.address: localhost
    http.request.method: POST
    url.scheme: http
    url.path: /api/auth/register
    network.protocol.version: 1.1
    http.route: api/Auth/register
    http.response.status_code: 200
Resource associated with Activity:
    deployment.environment: Testing
    service.name: Crud.Api
    service.version: 1.0.0
    service.instance.id: a483e3f3-32ea-4a50-a508-2cd77b6b2522
    telemetry.sdk.name: opentelemetry
    telemetry.sdk.language: dotnet
    telemetry.sdk.version: 1.8.1
[03:42:02 INF] User logged in successfully: 9b124b1f-19e0-4a2d-a6c1-38699a135678 {"SourceContext": "App.Features.Authentication.LoginCommandHandler", "ActionId": "b35ba662-dae1-4702-a264-e56b8b80389b", "ActionName": "Api.Controllers.AuthController.Login (Api)", "RequestId": "0HNFGSKFKDJ89", "RequestPath": "/api/auth/login", "Application": "Crud.Api"}
Activity.TraceId:            dc70c5a7de25aae174f0c3ec72242b23
Activity.SpanId:             feed8834fbf4e4e1
Activity.TraceFlags:         Recorded
Activity.ActivitySourceName: Microsoft.AspNetCore
Activity.DisplayName:        POST api/Auth/login
Activity.Kind:               Server
Activity.StartTime:          2025-09-11T03:42:02.6552974Z
Activity.Duration:           00:00:00.2991072
Activity.Tags:
    server.address: localhost
    http.request.method: POST
    url.scheme: http
    url.path: /api/auth/login
    network.protocol.version: 1.1
    http.route: api/Auth/login
    http.response.status_code: 200
Resource associated with Activity:
    deployment.environment: Testing
    service.name: Crud.Api
    service.version: 1.0.0
    service.instance.id: a483e3f3-32ea-4a50-a508-2cd77b6b2522
    telemetry.sdk.name: opentelemetry
    telemetry.sdk.language: dotnet
    telemetry.sdk.version: 1.8.1
Activity.TraceId:            5894fc2efb6593c7c568616a80ff295e
Activity.SpanId:             c6a5e2090c0f723d
Activity.TraceFlags:         Recorded
Activity.ActivitySourceName: Microsoft.AspNetCore
Activity.DisplayName:        POST api/Windows
Activity.Kind:               Server
Activity.StartTime:          2025-09-11T03:42:02.9581786Z
Activity.Duration:           00:00:00.0014445
Activity.Tags:
    server.address: localhost
    http.request.method: POST
    url.scheme: http
    url.path: /api/windows
    network.protocol.version: 1.1
    http.route: api/Windows
    http.response.status_code: 400
Resource associated with Activity:
    deployment.environment: Testing
    service.name: Crud.Api
    service.version: 1.0.0
    service.instance.id: a483e3f3-32ea-4a50-a508-2cd77b6b2522
    telemetry.sdk.name: opentelemetry
    telemetry.sdk.language: dotnet
    telemetry.sdk.version: 1.8.1
[03:42:03 INF] User registered successfully: 9aa232e4-d129-48ab-9a32-20343a0ff511 {"SourceContext": "App.Features.Authentication.RegisterUserCommandHandler", "ActionId": "12b11d6c-58a8-468d-8a96-68b3060beb41", "ActionName": "Api.Controllers.AuthController.Register (Api)", "RequestId": "0HNFGSKFKDJ8B", "RequestPath": "/api/auth/register", "Application": "Crud.Api"}
Activity.TraceId:            d5119bbd2e02b932e2abfcccd3d55c78
Activity.SpanId:             3d8ee5bd0fe526fd
Activity.TraceFlags:         Recorded
Activity.ActivitySourceName: Microsoft.AspNetCore
Activity.DisplayName:        POST api/Auth/register
Activity.Kind:               Server
Activity.StartTime:          2025-09-11T03:42:02.9619691Z
Activity.Duration:           00:00:00.3007640
Activity.Tags:
    server.address: localhost
    http.request.method: POST
    url.scheme: http
    url.path: /api/auth/register
    network.protocol.version: 1.1
    http.route: api/Auth/register
    http.response.status_code: 200
Resource associated with Activity:
    deployment.environment: Testing
    service.name: Crud.Api
    service.version: 1.0.0
    service.instance.id: a483e3f3-32ea-4a50-a508-2cd77b6b2522
    telemetry.sdk.name: opentelemetry
    telemetry.sdk.language: dotnet
    telemetry.sdk.version: 1.8.1
[03:42:03 INF] User logged in successfully: 9aa232e4-d129-48ab-9a32-20343a0ff511 {"SourceContext": "App.Features.Authentication.LoginCommandHandler", "ActionId": "b35ba662-dae1-4702-a264-e56b8b80389b", "ActionName": "Api.Controllers.AuthController.Login (Api)", "RequestId": "0HNFGSKFKDJ8C", "RequestPath": "/api/auth/login", "Application": "Crud.Api"}
Activity.TraceId:            47fb0cc894ea19138e07e5680169e77a
Activity.SpanId:             9134201f0f3e2524
Activity.TraceFlags:         Recorded
Activity.ActivitySourceName: Microsoft.AspNetCore
Activity.DisplayName:        POST api/Auth/login
Activity.Kind:               Server
Activity.StartTime:          2025-09-11T03:42:03.2642856Z
Activity.Duration:           00:00:00.3007526
Activity.Tags:
    server.address: localhost
    http.request.method: POST
    url.scheme: http
    url.path: /api/auth/login
    network.protocol.version: 1.1
    http.route: api/Auth/login
    http.response.status_code: 200
Resource associated with Activity:
    deployment.environment: Testing
    service.name: Crud.Api
    service.version: 1.0.0
    service.instance.id: a483e3f3-32ea-4a50-a508-2cd77b6b2522
    telemetry.sdk.name: opentelemetry
    telemetry.sdk.language: dotnet
    telemetry.sdk.version: 1.8.1
[03:42:03 DBG] Removed cache value for key: entity:window:2902794f662040a9851752414c0108f8 {"SourceContext": "Infrastructure.Services.Caching.InMemoryCacheService", "ActionId": "14f2875c-5361-4221-bcc8-785e9d451e72", "ActionName": "Api.Controllers.WindowsController.Create (Api)", "RequestId": "0HNFGSKFKDJ8D", "RequestPath": "/api/windows", "Application": "Crud.Api"}
[03:42:03 DBG] Removed cache value for key: list:window {"SourceContext": "Infrastructure.Services.Caching.InMemoryCacheService", "ActionId": "14f2875c-5361-4221-bcc8-785e9d451e72", "ActionName": "Api.Controllers.WindowsController.Create (Api)", "RequestId": "0HNFGSKFKDJ8D", "RequestPath": "/api/windows", "Application": "Crud.Api"}
[03:42:03 DBG] Invalidating cache for entity type: windows with tag: windows {"SourceContext": "Api.Services.OutputCacheInvalidationService", "ActionId": "14f2875c-5361-4221-bcc8-785e9d451e72", "ActionName": "Api.Controllers.WindowsController.Create (Api)", "RequestId": "0HNFGSKFKDJ8D", "RequestPath": "/api/windows", "Application": "Crud.Api"}
[03:42:03 INF] Successfully invalidated cache for entity type: windows {"SourceContext": "Api.Services.OutputCacheInvalidationService", "ActionId": "14f2875c-5361-4221-bcc8-785e9d451e72", "ActionName": "Api.Controllers.WindowsController.Create (Api)", "RequestId": "0HNFGSKFKDJ8D", "RequestPath": "/api/windows", "Application": "Crud.Api"}
Activity.TraceId:            5692e2358064eec2f0d9e2be111600ff
Activity.SpanId:             9dd91b2c5cff2ea0
Activity.TraceFlags:         Recorded
Activity.ActivitySourceName: Microsoft.AspNetCore
Activity.DisplayName:        POST api/Windows
Activity.Kind:               Server
Activity.StartTime:          2025-09-11T03:42:03.5675115Z
Activity.Duration:           00:00:00.0122092
Activity.Tags:
    server.address: localhost
    http.request.method: POST
    url.scheme: http
    url.path: /api/windows
    network.protocol.version: 1.1
    http.route: api/Windows
    http.response.status_code: 201
Resource associated with Activity:
    deployment.environment: Testing
    service.name: Crud.Api
    service.version: 1.0.0
    service.instance.id: a483e3f3-32ea-4a50-a508-2cd77b6b2522
    telemetry.sdk.name: opentelemetry
    telemetry.sdk.language: dotnet
    telemetry.sdk.version: 1.8.1
[03:42:03 INF] User registered successfully: 3402c23a-5156-4d80-85f3-9eac3f9133e9 {"SourceContext": "App.Features.Authentication.RegisterUserCommandHandler", "ActionId": "12b11d6c-58a8-468d-8a96-68b3060beb41", "ActionName": "Api.Controllers.AuthController.Register (Api)", "RequestId": "0HNFGSKFKDJ8E", "RequestPath": "/api/auth/register", "Application": "Crud.Api"}
Activity.TraceId:            e11e74e074ee75f95c16ded4ba3b9826
Activity.SpanId:             d5fcf540940e11ff
Activity.TraceFlags:         Recorded
Activity.ActivitySourceName: Microsoft.AspNetCore
Activity.DisplayName:        POST api/Auth/register
Activity.Kind:               Server
Activity.StartTime:          2025-09-11T03:42:03.5831156Z
Activity.Duration:           00:00:00.2991139
Activity.Tags:
    server.address: localhost
    http.request.method: POST
    url.scheme: http
    url.path: /api/auth/register
    network.protocol.version: 1.1
    http.route: api/Auth/register
    http.response.status_code: 200
Resource associated with Activity:
    deployment.environment: Testing
    service.name: Crud.Api
    service.version: 1.0.0
    service.instance.id: a483e3f3-32ea-4a50-a508-2cd77b6b2522
    telemetry.sdk.name: opentelemetry
    telemetry.sdk.language: dotnet
    telemetry.sdk.version: 1.8.1
[03:42:04 INF] User logged in successfully: 3402c23a-5156-4d80-85f3-9eac3f9133e9 {"SourceContext": "App.Features.Authentication.LoginCommandHandler", "ActionId": "b35ba662-dae1-4702-a264-e56b8b80389b", "ActionName": "Api.Controllers.AuthController.Login (Api)", "RequestId": "0HNFGSKFKDJ8F", "RequestPath": "/api/auth/login", "Application": "Crud.Api"}
Activity.TraceId:            18b5c432cd63d30b249a8d07365de55c
Activity.SpanId:             060c14c27622ee6a
Activity.TraceFlags:         Recorded
Activity.ActivitySourceName: Microsoft.AspNetCore
Activity.DisplayName:        POST api/Auth/login
Activity.Kind:               Server
Activity.StartTime:          2025-09-11T03:42:03.8844195Z
Activity.Duration:           00:00:00.2987823
Activity.Tags:
    server.address: localhost
    http.request.method: POST
    url.scheme: http
    url.path: /api/auth/login
    network.protocol.version: 1.1
    http.route: api/Auth/login
    http.response.status_code: 200
Resource associated with Activity:
    deployment.environment: Testing
    service.name: Crud.Api
    service.version: 1.0.0
    service.instance.id: a483e3f3-32ea-4a50-a508-2cd77b6b2522
    telemetry.sdk.name: opentelemetry
    telemetry.sdk.language: dotnet
    telemetry.sdk.version: 1.8.1
[03:42:04 DBG] Removed cache value for key: entity:window:2902794f662040a9851752414c0108f8 {"SourceContext": "Infrastructure.Services.Caching.InMemoryCacheService", "ActionId": "ddf31dd5-938e-451a-878c-56a041cd4d2d", "ActionName": "Api.Controllers.WindowsController.Delete (Api)", "RequestId": "0HNFGSKFKDJ8G", "RequestPath": "/api/windows/2902794f-6620-40a9-8517-52414c0108f8", "Application": "Crud.Api"}
[03:42:04 DBG] Removed cache value for key: list:window {"SourceContext": "Infrastructure.Services.Caching.InMemoryCacheService", "ActionId": "ddf31dd5-938e-451a-878c-56a041cd4d2d", "ActionName": "Api.Controllers.WindowsController.Delete (Api)", "RequestId": "0HNFGSKFKDJ8G", "RequestPath": "/api/windows/2902794f-6620-40a9-8517-52414c0108f8", "Application": "Crud.Api"}
[03:42:04 DBG] Invalidating cache for entity: windows/2902794f-6620-40a9-8517-52414c0108f8 with tags: windows, windows:2902794f-6620-40a9-8517-52414c0108f8 {"SourceContext": "Api.Services.OutputCacheInvalidationService", "ActionId": "ddf31dd5-938e-451a-878c-56a041cd4d2d", "ActionName": "Api.Controllers.WindowsController.Delete (Api)", "RequestId": "0HNFGSKFKDJ8G", "RequestPath": "/api/windows/2902794f-6620-40a9-8517-52414c0108f8", "Application": "Crud.Api"}
[03:42:04 DBG] Successfully invalidated cache for tag: windows {"SourceContext": "Api.Services.OutputCacheInvalidationService", "ActionId": "ddf31dd5-938e-451a-878c-56a041cd4d2d", "ActionName": "Api.Controllers.WindowsController.Delete (Api)", "RequestId": "0HNFGSKFKDJ8G", "RequestPath": "/api/windows/2902794f-6620-40a9-8517-52414c0108f8", "Application": "Crud.Api"}
[03:42:04 DBG] Successfully invalidated cache for tag: windows:2902794f-6620-40a9-8517-52414c0108f8 {"SourceContext": "Api.Services.OutputCacheInvalidationService", "ActionId": "ddf31dd5-938e-451a-878c-56a041cd4d2d", "ActionName": "Api.Controllers.WindowsController.Delete (Api)", "RequestId": "0HNFGSKFKDJ8G", "RequestPath": "/api/windows/2902794f-6620-40a9-8517-52414c0108f8", "Application": "Crud.Api"}
Activity.TraceId:            a02f8cb6519ed5448b184e0e4b40b6c8
Activity.SpanId:             a7934072ce236af0
Activity.TraceFlags:         Recorded
Activity.ActivitySourceName: Microsoft.AspNetCore
Activity.DisplayName:        DELETE api/Windows/{id:guid}
Activity.Kind:               Server
Activity.StartTime:          2025-09-11T03:42:04.1840174Z
Activity.Duration:           00:00:00.0287258
Activity.Tags:
    server.address: localhost
    http.request.method: DELETE
    url.scheme: http
    url.path: /api/windows/2902794f-6620-40a9-8517-52414c0108f8
    network.protocol.version: 1.1
    http.route: api/Windows/{id:guid}
    http.response.status_code: 204
Resource associated with Activity:
    deployment.environment: Testing
    service.name: Crud.Api
    service.version: 1.0.0
    service.instance.id: a483e3f3-32ea-4a50-a508-2cd77b6b2522
    telemetry.sdk.name: opentelemetry
    telemetry.sdk.language: dotnet
    telemetry.sdk.version: 1.8.1
[03:42:04 INF] User registered successfully: d6966532-71ad-4093-9e7a-dadfc2c43dae {"SourceContext": "App.Features.Authentication.RegisterUserCommandHandler", "ActionId": "12b11d6c-58a8-468d-8a96-68b3060beb41", "ActionName": "Api.Controllers.AuthController.Register (Api)", "RequestId": "0HNFGSKFKDJ8H", "RequestPath": "/api/auth/register", "Application": "Crud.Api"}
Activity.TraceId:            3e19d22d7c0fc445887184e0dbd91798
Activity.SpanId:             b7c582cbb93b8330
Activity.TraceFlags:         Recorded
Activity.ActivitySourceName: Microsoft.AspNetCore
Activity.DisplayName:        POST api/Auth/register
Activity.Kind:               Server
Activity.StartTime:          2025-09-11T03:42:04.2129069Z
Activity.Duration:           00:00:00.2983414
Activity.Tags:
    server.address: localhost
    http.request.method: POST
    url.scheme: http
    url.path: /api/auth/register
    network.protocol.version: 1.1
    http.route: api/Auth/register
    http.response.status_code: 200
Resource associated with Activity:
    deployment.environment: Testing
    service.name: Crud.Api
    service.version: 1.0.0
    service.instance.id: a483e3f3-32ea-4a50-a508-2cd77b6b2522
    telemetry.sdk.name: opentelemetry
    telemetry.sdk.language: dotnet
    telemetry.sdk.version: 1.8.1
[03:42:04 DBG] Cache miss for key: entity:window:2902794f662040a9851752414c0108f8 {"SourceContext": "Infrastructure.Services.Caching.InMemoryCacheService", "ActionId": "1e6bc41a-be7d-4053-9c9c-005c38a9041e", "ActionName": "Api.Controllers.WindowsController.Get (Api)", "RequestId": "0HNFGSKFKDJ8I", "RequestPath": "/api/windows/2902794f-6620-40a9-8517-52414c0108f8", "Application": "Crud.Api"}
Activity.TraceId:            c0a3cfdcb30cece27f72ae74243bf187
Activity.SpanId:             cabd82d416c62049
Activity.TraceFlags:         Recorded
Activity.ActivitySourceName: Microsoft.AspNetCore
Activity.DisplayName:        GET api/Windows/{id:guid}
Activity.Kind:               Server
Activity.StartTime:          2025-09-11T03:42:04.5115134Z
Activity.Duration:           00:00:00.0104690
Activity.Tags:
    server.address: localhost
    http.request.method: GET
    url.scheme: http
    url.path: /api/windows/2902794f-6620-40a9-8517-52414c0108f8
    network.protocol.version: 1.1
    http.route: api/Windows/{id:guid}
    http.response.status_code: 404
Resource associated with Activity:
    deployment.environment: Testing
    service.name: Crud.Api
    service.version: 1.0.0
    service.instance.id: a483e3f3-32ea-4a50-a508-2cd77b6b2522
    telemetry.sdk.name: opentelemetry
    telemetry.sdk.language: dotnet
    telemetry.sdk.version: 1.8.1
[03:42:04 INF] User registered successfully: cc138634-b95d-4693-8aef-60098a9c0571 {"SourceContext": "App.Features.Authentication.RegisterUserCommandHandler", "ActionId": "12b11d6c-58a8-468d-8a96-68b3060beb41", "ActionName": "Api.Controllers.AuthController.Register (Api)", "RequestId": "0HNFGSKFKDJ8J", "RequestPath": "/api/auth/register", "Application": "Crud.Api"}
Activity.TraceId:            a3b0ea4ef9aa31b16df1c407e273670f
Activity.SpanId:             fffec4afe5dacf02
Activity.TraceFlags:         Recorded
Activity.ActivitySourceName: Microsoft.AspNetCore
Activity.DisplayName:        POST api/Auth/register
Activity.Kind:               Server
Activity.StartTime:          2025-09-11T03:42:04.5242264Z
Activity.Duration:           00:00:00.2994731
Activity.Tags:
    server.address: localhost
    http.request.method: POST
    url.scheme: http
    url.path: /api/auth/register
    network.protocol.version: 1.1
    http.route: api/Auth/register
    http.response.status_code: 200
Resource associated with Activity:
    deployment.environment: Testing
    service.name: Crud.Api
    service.version: 1.0.0
    service.instance.id: a483e3f3-32ea-4a50-a508-2cd77b6b2522
    telemetry.sdk.name: opentelemetry
    telemetry.sdk.language: dotnet
    telemetry.sdk.version: 1.8.1
[03:42:05 INF] User logged in successfully: cc138634-b95d-4693-8aef-60098a9c0571 {"SourceContext": "App.Features.Authentication.LoginCommandHandler", "ActionId": "b35ba662-dae1-4702-a264-e56b8b80389b", "ActionName": "Api.Controllers.AuthController.Login (Api)", "RequestId": "0HNFGSKFKDJ8K", "RequestPath": "/api/auth/login", "Application": "Crud.Api"}
Activity.TraceId:            d1ed66863f46a3d880d9bb53bcd9509a
Activity.SpanId:             e21e25d0b59e7316
Activity.TraceFlags:         Recorded
Activity.ActivitySourceName: Microsoft.AspNetCore
Activity.DisplayName:        POST api/Auth/login
Activity.Kind:               Server
Activity.StartTime:          2025-09-11T03:42:04.8255383Z
Activity.Duration:           00:00:00.2989548
Activity.Tags:
    server.address: localhost
    http.request.method: POST
    url.scheme: http
    url.path: /api/auth/login
    network.protocol.version: 1.1
    http.route: api/Auth/login
    http.response.status_code: 200
Resource associated with Activity:
    deployment.environment: Testing
    service.name: Crud.Api
    service.version: 1.0.0
    service.instance.id: a483e3f3-32ea-4a50-a508-2cd77b6b2522
    telemetry.sdk.name: opentelemetry
    telemetry.sdk.language: dotnet
    telemetry.sdk.version: 1.8.1
[03:42:05 DBG] Removed cache value for key: entity:window:899ab3d60b57452d9bb26dbba363f67b {"SourceContext": "Infrastructure.Services.Caching.InMemoryCacheService", "ActionId": "14f2875c-5361-4221-bcc8-785e9d451e72", "ActionName": "Api.Controllers.WindowsController.Create (Api)", "RequestId": "0HNFGSKFKDJ8L", "RequestPath": "/api/windows", "Application": "Crud.Api"}
[03:42:05 DBG] Removed cache value for key: list:window {"SourceContext": "Infrastructure.Services.Caching.InMemoryCacheService", "ActionId": "14f2875c-5361-4221-bcc8-785e9d451e72", "ActionName": "Api.Controllers.WindowsController.Create (Api)", "RequestId": "0HNFGSKFKDJ8L", "RequestPath": "/api/windows", "Application": "Crud.Api"}
[03:42:05 DBG] Invalidating cache for entity type: windows with tag: windows {"SourceContext": "Api.Services.OutputCacheInvalidationService", "ActionId": "14f2875c-5361-4221-bcc8-785e9d451e72", "ActionName": "Api.Controllers.WindowsController.Create (Api)", "RequestId": "0HNFGSKFKDJ8L", "RequestPath": "/api/windows", "Application": "Crud.Api"}
[03:42:05 INF] Successfully invalidated cache for entity type: windows {"SourceContext": "Api.Services.OutputCacheInvalidationService", "ActionId": "14f2875c-5361-4221-bcc8-785e9d451e72", "ActionName": "Api.Controllers.WindowsController.Create (Api)", "RequestId": "0HNFGSKFKDJ8L", "RequestPath": "/api/windows", "Application": "Crud.Api"}
Activity.TraceId:            a4a10be9241b4862af3a0b8c9db7381b
Activity.SpanId:             4b11a3432914907b
Activity.TraceFlags:         Recorded
Activity.ActivitySourceName: Microsoft.AspNetCore
Activity.DisplayName:        POST api/Windows
Activity.Kind:               Server
Activity.StartTime:          2025-09-11T03:42:05.1254394Z
Activity.Duration:           00:00:00.0022617
Activity.Tags:
    server.address: localhost
    http.request.method: POST
    url.scheme: http
    url.path: /api/windows
    network.protocol.version: 1.1
    http.route: api/Windows
    http.response.status_code: 201
Resource associated with Activity:
    deployment.environment: Testing
    service.name: Crud.Api
    service.version: 1.0.0
    service.instance.id: a483e3f3-32ea-4a50-a508-2cd77b6b2522
    telemetry.sdk.name: opentelemetry
    telemetry.sdk.language: dotnet
    telemetry.sdk.version: 1.8.1
[03:42:05 INF] User registered successfully: a8829263-71e4-4e5f-bc6f-1fd0a65e73af {"SourceContext": "App.Features.Authentication.RegisterUserCommandHandler", "ActionId": "12b11d6c-58a8-468d-8a96-68b3060beb41", "ActionName": "Api.Controllers.AuthController.Register (Api)", "RequestId": "0HNFGSKFKDJ8M", "RequestPath": "/api/auth/register", "Application": "Crud.Api"}
Activity.TraceId:            0db2beaeb3a9cfc5cd15bcf1c63dc4d3
Activity.SpanId:             2968eb21c12d8767
Activity.TraceFlags:         Recorded
Activity.ActivitySourceName: Microsoft.AspNetCore
Activity.DisplayName:        POST api/Auth/register
Activity.Kind:               Server
Activity.StartTime:          2025-09-11T03:42:05.1288404Z
Activity.Duration:           00:00:00.2979217
Activity.Tags:
    server.address: localhost
    http.request.method: POST
    url.scheme: http
    url.path: /api/auth/register
    network.protocol.version: 1.1
    http.route: api/Auth/register
    http.response.status_code: 200
Resource associated with Activity:
    deployment.environment: Testing
    service.name: Crud.Api
    service.version: 1.0.0
    service.instance.id: a483e3f3-32ea-4a50-a508-2cd77b6b2522
    telemetry.sdk.name: opentelemetry
    telemetry.sdk.language: dotnet
    telemetry.sdk.version: 1.8.1
[03:42:05 INF] User logged in successfully: a8829263-71e4-4e5f-bc6f-1fd0a65e73af {"SourceContext": "App.Features.Authentication.LoginCommandHandler", "ActionId": "b35ba662-dae1-4702-a264-e56b8b80389b", "ActionName": "Api.Controllers.AuthController.Login (Api)", "RequestId": "0HNFGSKFKDJ8N", "RequestPath": "/api/auth/login", "Application": "Crud.Api"}
Activity.TraceId:            7bb0fae175db4630aa3206b8c424ae84
Activity.SpanId:             3c65412b653f4cb9
Activity.TraceFlags:         Recorded
Activity.ActivitySourceName: Microsoft.AspNetCore
Activity.DisplayName:        POST api/Auth/login
Activity.Kind:               Server
Activity.StartTime:          2025-09-11T03:42:05.4303544Z
Activity.Duration:           00:00:00.2994208
Activity.Tags:
    server.address: localhost
    http.request.method: POST
    url.scheme: http
    url.path: /api/auth/login
    network.protocol.version: 1.1
    http.route: api/Auth/login
    http.response.status_code: 200
Resource associated with Activity:
    deployment.environment: Testing
    service.name: Crud.Api
    service.version: 1.0.0
    service.instance.id: a483e3f3-32ea-4a50-a508-2cd77b6b2522
    telemetry.sdk.name: opentelemetry
    telemetry.sdk.language: dotnet
    telemetry.sdk.version: 1.8.1
[03:42:05 DBG] Removed cache value for key: entity:window:ffbd86d99430401f88cdf19879ed5024 {"SourceContext": "Infrastructure.Services.Caching.InMemoryCacheService", "ActionId": "14f2875c-5361-4221-bcc8-785e9d451e72", "ActionName": "Api.Controllers.WindowsController.Create (Api)", "RequestId": "0HNFGSKFKDJ8O", "RequestPath": "/api/windows", "Application": "Crud.Api"}
[03:42:05 DBG] Removed cache value for key: list:window {"SourceContext": "Infrastructure.Services.Caching.InMemoryCacheService", "ActionId": "14f2875c-5361-4221-bcc8-785e9d451e72", "ActionName": "Api.Controllers.WindowsController.Create (Api)", "RequestId": "0HNFGSKFKDJ8O", "RequestPath": "/api/windows", "Application": "Crud.Api"}
[03:42:05 DBG] Invalidating cache for entity type: windows with tag: windows {"SourceContext": "Api.Services.OutputCacheInvalidationService", "ActionId": "14f2875c-5361-4221-bcc8-785e9d451e72", "ActionName": "Api.Controllers.WindowsController.Create (Api)", "RequestId": "0HNFGSKFKDJ8O", "RequestPath": "/api/windows", "Application": "Crud.Api"}
[03:42:05 INF] Successfully invalidated cache for entity type: windows {"SourceContext": "Api.Services.OutputCacheInvalidationService", "ActionId": "14f2875c-5361-4221-bcc8-785e9d451e72", "ActionName": "Api.Controllers.WindowsController.Create (Api)", "RequestId": "0HNFGSKFKDJ8O", "RequestPath": "/api/windows", "Application": "Crud.Api"}
Activity.TraceId:            2e755cff1ca9195fedb4d0da6bcc7794
Activity.SpanId:             9ff8c2ddfd635dd6
Activity.TraceFlags:         Recorded
Activity.ActivitySourceName: Microsoft.AspNetCore
Activity.DisplayName:        POST api/Windows
Activity.Kind:               Server
Activity.StartTime:          2025-09-11T03:42:05.7300069Z
Activity.Duration:           00:00:00.0044781
Activity.Tags:
    server.address: localhost
    http.request.method: POST
    url.scheme: http
    url.path: /api/windows
    network.protocol.version: 1.1
    http.route: api/Windows
    http.response.status_code: 201
Resource associated with Activity:
    deployment.environment: Testing
    service.name: Crud.Api
    service.version: 1.0.0
    service.instance.id: a483e3f3-32ea-4a50-a508-2cd77b6b2522
    telemetry.sdk.name: opentelemetry
    telemetry.sdk.language: dotnet
    telemetry.sdk.version: 1.8.1
[03:42:06 INF] User registered successfully: efab9879-f4bf-47d0-866d-c11b67a660d8 {"SourceContext": "App.Features.Authentication.RegisterUserCommandHandler", "ActionId": "12b11d6c-58a8-468d-8a96-68b3060beb41", "ActionName": "Api.Controllers.AuthController.Register (Api)", "RequestId": "0HNFGSKFKDJ8P", "RequestPath": "/api/auth/register", "Application": "Crud.Api"}
Activity.TraceId:            ddebd479eaa05a29e1174826f17bbf75
Activity.SpanId:             5988641b25534eb9
Activity.TraceFlags:         Recorded
Activity.ActivitySourceName: Microsoft.AspNetCore
Activity.DisplayName:        POST api/Auth/register
Activity.Kind:               Server
Activity.StartTime:          2025-09-11T03:42:05.7347633Z
Activity.Duration:           00:00:00.2983772
Activity.Tags:
    server.address: localhost
    http.request.method: POST
    url.scheme: http
    url.path: /api/auth/register
    network.protocol.version: 1.1
    http.route: api/Auth/register
    http.response.status_code: 200
Resource associated with Activity:
    deployment.environment: Testing
    service.name: Crud.Api
    service.version: 1.0.0
    service.instance.id: a483e3f3-32ea-4a50-a508-2cd77b6b2522
    telemetry.sdk.name: opentelemetry
    telemetry.sdk.language: dotnet
    telemetry.sdk.version: 1.8.1
[03:42:06 DBG] Cache miss for key: list:window {"SourceContext": "Infrastructure.Services.Caching.InMemoryCacheService", "ActionId": "9309c66c-cea2-465d-858d-94f3c8930e11", "ActionName": "Api.Controllers.WindowsController.List (Api)", "RequestId": "0HNFGSKFKDJ8Q", "RequestPath": "/api/windows", "Application": "Crud.Api"}
[03:42:06 DBG] Set cache value for key: list:window {"SourceContext": "Infrastructure.Services.Caching.InMemoryCacheService", "ActionId": "9309c66c-cea2-465d-858d-94f3c8930e11", "ActionName": "Api.Controllers.WindowsController.List (Api)", "RequestId": "0HNFGSKFKDJ8Q", "RequestPath": "/api/windows", "Application": "Crud.Api"}
[03:42:06 DBG] Response not compressed: application/json; charset=utf-8 | Size: 1086 bytes | Path: /api/windows {"SourceContext": "Api.Middleware.CompressionPerformanceMiddleware", "RequestId": "0HNFGSKFKDJ8Q", "RequestPath": "/api/windows", "Application": "Crud.Api"}
Activity.TraceId:            0646fd15984545c1240bff35248e275c
Activity.SpanId:             f26863e01f7ff77c
Activity.TraceFlags:         Recorded
Activity.ActivitySourceName: Microsoft.AspNetCore
Activity.DisplayName:        GET api/Windows
Activity.Kind:               Server
Activity.StartTime:          2025-09-11T03:42:06.0333579Z
Activity.Duration:           00:00:00.0095265
Activity.Tags:
    server.address: localhost
    http.request.method: GET
    url.scheme: http
    url.path: /api/windows
    network.protocol.version: 1.1
    http.route: api/Windows
    http.response.status_code: 200
Resource associated with Activity:
    deployment.environment: Testing
    service.name: Crud.Api
    service.version: 1.0.0
    service.instance.id: a483e3f3-32ea-4a50-a508-2cd77b6b2522
    telemetry.sdk.name: opentelemetry
    telemetry.sdk.language: dotnet
    telemetry.sdk.version: 1.8.1
[03:42:06 INF] User registered successfully: a56e65ea-e232-4ce2-950a-3bb72bcc31b8 {"SourceContext": "App.Features.Authentication.RegisterUserCommandHandler", "ActionId": "12b11d6c-58a8-468d-8a96-68b3060beb41", "ActionName": "Api.Controllers.AuthController.Register (Api)", "RequestId": "0HNFGSKFKDJ8R", "RequestPath": "/api/auth/register", "Application": "Crud.Api"}
Activity.TraceId:            df2d1fdb2e91a058ac7d864dc45db5a3
Activity.SpanId:             a89a6989f991aa43
Activity.TraceFlags:         Recorded
Activity.ActivitySourceName: Microsoft.AspNetCore
Activity.DisplayName:        POST api/Auth/register
Activity.Kind:               Server
Activity.StartTime:          2025-09-11T03:42:06.0465709Z
Activity.Duration:           00:00:00.2988131
Activity.Tags:
    server.address: localhost
    http.request.method: POST
    url.scheme: http
    url.path: /api/auth/register
    network.protocol.version: 1.1
    http.route: api/Auth/register
    http.response.status_code: 200
Resource associated with Activity:
    deployment.environment: Testing
    service.name: Crud.Api
    service.version: 1.0.0
    service.instance.id: a483e3f3-32ea-4a50-a508-2cd77b6b2522
    telemetry.sdk.name: opentelemetry
    telemetry.sdk.language: dotnet
    telemetry.sdk.version: 1.8.1
[03:42:06 INF] User logged in successfully: a56e65ea-e232-4ce2-950a-3bb72bcc31b8 {"SourceContext": "App.Features.Authentication.LoginCommandHandler", "ActionId": "b35ba662-dae1-4702-a264-e56b8b80389b", "ActionName": "Api.Controllers.AuthController.Login (Api)", "RequestId": "0HNFGSKFKDJ8S", "RequestPath": "/api/auth/login", "Application": "Crud.Api"}
Activity.TraceId:            d36ec07ed350758ea758b14f339c5c2a
Activity.SpanId:             c0f306bbf279e21a
Activity.TraceFlags:         Recorded
Activity.ActivitySourceName: Microsoft.AspNetCore
Activity.DisplayName:        POST api/Auth/login
Activity.Kind:               Server
Activity.StartTime:          2025-09-11T03:42:06.3471414Z
Activity.Duration:           00:00:00.2984618
Activity.Tags:
    server.address: localhost
    http.request.method: POST
    url.scheme: http
    url.path: /api/auth/login
    network.protocol.version: 1.1
    http.route: api/Auth/login
    http.response.status_code: 200
Resource associated with Activity:
    deployment.environment: Testing
    service.name: Crud.Api
    service.version: 1.0.0
    service.instance.id: a483e3f3-32ea-4a50-a508-2cd77b6b2522
    telemetry.sdk.name: opentelemetry
    telemetry.sdk.language: dotnet
    telemetry.sdk.version: 1.8.1
[03:42:06 DBG] Removed cache value for key: entity:window:7d44a14db58e463cbf8c147c380fe87f {"SourceContext": "Infrastructure.Services.Caching.InMemoryCacheService", "ActionId": "14f2875c-5361-4221-bcc8-785e9d451e72", "ActionName": "Api.Controllers.WindowsController.Create (Api)", "RequestId": "0HNFGSKFKDJ8T", "RequestPath": "/api/windows", "Application": "Crud.Api"}
[03:42:06 DBG] Removed cache value for key: list:window {"SourceContext": "Infrastructure.Services.Caching.InMemoryCacheService", "ActionId": "14f2875c-5361-4221-bcc8-785e9d451e72", "ActionName": "Api.Controllers.WindowsController.Create (Api)", "RequestId": "0HNFGSKFKDJ8T", "RequestPath": "/api/windows", "Application": "Crud.Api"}
[03:42:06 DBG] Invalidating cache for entity type: windows with tag: windows {"SourceContext": "Api.Services.OutputCacheInvalidationService", "ActionId": "14f2875c-5361-4221-bcc8-785e9d451e72", "ActionName": "Api.Controllers.WindowsController.Create (Api)", "RequestId": "0HNFGSKFKDJ8T", "RequestPath": "/api/windows", "Application": "Crud.Api"}
[03:42:06 INF] Successfully invalidated cache for entity type: windows {"SourceContext": "Api.Services.OutputCacheInvalidationService", "ActionId": "14f2875c-5361-4221-bcc8-785e9d451e72", "ActionName": "Api.Controllers.WindowsController.Create (Api)", "RequestId": "0HNFGSKFKDJ8T", "RequestPath": "/api/windows", "Application": "Crud.Api"}
Activity.TraceId:            f5592c46e5965d949c6442ae4190fcdc
Activity.SpanId:             ec788f7e141b1e52
Activity.TraceFlags:         Recorded
Activity.ActivitySourceName: Microsoft.AspNetCore
Activity.DisplayName:        POST api/Windows
Activity.Kind:               Server
Activity.StartTime:          2025-09-11T03:42:06.6468669Z
Activity.Duration:           00:00:00.0023530
Activity.Tags:
    server.address: localhost
    http.request.method: POST
    url.scheme: http
    url.path: /api/windows
    network.protocol.version: 1.1
    http.route: api/Windows
    http.response.status_code: 201
Resource associated with Activity:
    deployment.environment: Testing
    service.name: Crud.Api
    service.version: 1.0.0
    service.instance.id: a483e3f3-32ea-4a50-a508-2cd77b6b2522
    telemetry.sdk.name: opentelemetry
    telemetry.sdk.language: dotnet
    telemetry.sdk.version: 1.8.1
[03:42:06 INF] User registered successfully: 959a9345-cd36-4120-a2ba-6f0fac5204c1 {"SourceContext": "App.Features.Authentication.RegisterUserCommandHandler", "ActionId": "12b11d6c-58a8-468d-8a96-68b3060beb41", "ActionName": "Api.Controllers.AuthController.Register (Api)", "RequestId": "0HNFGSKFKDJ8U", "RequestPath": "/api/auth/register", "Application": "Crud.Api"}
Activity.TraceId:            9c66ec5a5333b764d9e7d67e1ff4fe5c
Activity.SpanId:             1aceaa2e40bf58b0
Activity.TraceFlags:         Recorded
Activity.ActivitySourceName: Microsoft.AspNetCore
Activity.DisplayName:        POST api/Auth/register
Activity.Kind:               Server
Activity.StartTime:          2025-09-11T03:42:06.6533617Z
Activity.Duration:           00:00:00.2990595
Activity.Tags:
    server.address: localhost
    http.request.method: POST
    url.scheme: http
    url.path: /api/auth/register
    network.protocol.version: 1.1
    http.route: api/Auth/register
    http.response.status_code: 200
Resource associated with Activity:
    deployment.environment: Testing
    service.name: Crud.Api
    service.version: 1.0.0
    service.instance.id: a483e3f3-32ea-4a50-a508-2cd77b6b2522
    telemetry.sdk.name: opentelemetry
    telemetry.sdk.language: dotnet
    telemetry.sdk.version: 1.8.1
[03:42:07 INF] User logged in successfully: 959a9345-cd36-4120-a2ba-6f0fac5204c1 {"SourceContext": "App.Features.Authentication.LoginCommandHandler", "ActionId": "b35ba662-dae1-4702-a264-e56b8b80389b", "ActionName": "Api.Controllers.AuthController.Login (Api)", "RequestId": "0HNFGSKFKDJ8V", "RequestPath": "/api/auth/login", "Application": "Crud.Api"}
Activity.TraceId:            7b4c640d8c08f5dd2e8a4c090ea5e5b6
Activity.SpanId:             afd3ed9735872e03
Activity.TraceFlags:         Recorded
Activity.ActivitySourceName: Microsoft.AspNetCore
Activity.DisplayName:        POST api/Auth/login
Activity.Kind:               Server
Activity.StartTime:          2025-09-11T03:42:06.9541442Z
Activity.Duration:           00:00:00.2990790
Activity.Tags:
    server.address: localhost
    http.request.method: POST
    url.scheme: http
    url.path: /api/auth/login
    network.protocol.version: 1.1
    http.route: api/Auth/login
    http.response.status_code: 200
Resource associated with Activity:
    deployment.environment: Testing
    service.name: Crud.Api
    service.version: 1.0.0
    service.instance.id: a483e3f3-32ea-4a50-a508-2cd77b6b2522
    telemetry.sdk.name: opentelemetry
    telemetry.sdk.language: dotnet
    telemetry.sdk.version: 1.8.1
[03:42:07 DBG] Removed cache value for key: entity:window:1f6e93f2b5fd49d085e48ad41b78fedf {"SourceContext": "Infrastructure.Services.Caching.InMemoryCacheService", "ActionId": "14f2875c-5361-4221-bcc8-785e9d451e72", "ActionName": "Api.Controllers.WindowsController.Create (Api)", "RequestId": "0HNFGSKFKDJ90", "RequestPath": "/api/windows", "Application": "Crud.Api"}
[03:42:07 DBG] Removed cache value for key: list:window {"SourceContext": "Infrastructure.Services.Caching.InMemoryCacheService", "ActionId": "14f2875c-5361-4221-bcc8-785e9d451e72", "ActionName": "Api.Controllers.WindowsController.Create (Api)", "RequestId": "0HNFGSKFKDJ90", "RequestPath": "/api/windows", "Application": "Crud.Api"}
[03:42:07 DBG] Invalidating cache for entity type: windows with tag: windows {"SourceContext": "Api.Services.OutputCacheInvalidationService", "ActionId": "14f2875c-5361-4221-bcc8-785e9d451e72", "ActionName": "Api.Controllers.WindowsController.Create (Api)", "RequestId": "0HNFGSKFKDJ90", "RequestPath": "/api/windows", "Application": "Crud.Api"}
[03:42:07 INF] Successfully invalidated cache for entity type: windows {"SourceContext": "Api.Services.OutputCacheInvalidationService", "ActionId": "14f2875c-5361-4221-bcc8-785e9d451e72", "ActionName": "Api.Controllers.WindowsController.Create (Api)", "RequestId": "0HNFGSKFKDJ90", "RequestPath": "/api/windows", "Application": "Crud.Api"}
Activity.TraceId:            3f0688299c94153a9dba7f1b8bc8e9b6
Activity.SpanId:             a708d4fecf3d39cc
Activity.TraceFlags:         Recorded
Activity.ActivitySourceName: Microsoft.AspNetCore
Activity.DisplayName:        POST api/Windows
Activity.Kind:               Server
Activity.StartTime:          2025-09-11T03:42:07.2550285Z
Activity.Duration:           00:00:00.0060788
Activity.Tags:
    server.address: localhost
    http.request.method: POST
    url.scheme: http
    url.path: /api/windows
    network.protocol.version: 1.1
    http.route: api/Windows
    http.response.status_code: 201
Resource associated with Activity:
    deployment.environment: Testing
    service.name: Crud.Api
    service.version: 1.0.0
    service.instance.id: a483e3f3-32ea-4a50-a508-2cd77b6b2522
    telemetry.sdk.name: opentelemetry
    telemetry.sdk.language: dotnet
    telemetry.sdk.version: 1.8.1
[03:42:07 INF] User registered successfully: 7fb29962-adbc-4e95-92aa-38a4e88258f2 {"SourceContext": "App.Features.Authentication.RegisterUserCommandHandler", "ActionId": "12b11d6c-58a8-468d-8a96-68b3060beb41", "ActionName": "Api.Controllers.AuthController.Register (Api)", "RequestId": "0HNFGSKFKDJ91", "RequestPath": "/api/auth/register", "Application": "Crud.Api"}
Activity.TraceId:            19767c384efb66c51dbd9d02f21ef4e9
Activity.SpanId:             3d8305f119153964
Activity.TraceFlags:         Recorded
Activity.ActivitySourceName: Microsoft.AspNetCore
Activity.DisplayName:        POST api/Auth/register
Activity.Kind:               Server
Activity.StartTime:          2025-09-11T03:42:07.2654694Z
Activity.Duration:           00:00:00.2989858
Activity.Tags:
    server.address: localhost
    http.request.method: POST
    url.scheme: http
    url.path: /api/auth/register
    network.protocol.version: 1.1
    http.route: api/Auth/register
    http.response.status_code: 200
Resource associated with Activity:
    deployment.environment: Testing
    service.name: Crud.Api
    service.version: 1.0.0
    service.instance.id: a483e3f3-32ea-4a50-a508-2cd77b6b2522
    telemetry.sdk.name: opentelemetry
    telemetry.sdk.language: dotnet
    telemetry.sdk.version: 1.8.1
[03:42:07 INF] User logged in successfully: 7fb29962-adbc-4e95-92aa-38a4e88258f2 {"SourceContext": "App.Features.Authentication.LoginCommandHandler", "ActionId": "b35ba662-dae1-4702-a264-e56b8b80389b", "ActionName": "Api.Controllers.AuthController.Login (Api)", "RequestId": "0HNFGSKFKDJ92", "RequestPath": "/api/auth/login", "Application": "Crud.Api"}
Activity.TraceId:            aab4a03b3b418412be58ac9d8292ef13
Activity.SpanId:             44dc5f4d63352e30
Activity.TraceFlags:         Recorded
Activity.ActivitySourceName: Microsoft.AspNetCore
Activity.DisplayName:        POST api/Auth/login
Activity.Kind:               Server
Activity.StartTime:          2025-09-11T03:42:07.5660198Z
Activity.Duration:           00:00:00.2984711
Activity.Tags:
    server.address: localhost
    http.request.method: POST
    url.scheme: http
    url.path: /api/auth/login
    network.protocol.version: 1.1
    http.route: api/Auth/login
    http.response.status_code: 200
Resource associated with Activity:
    deployment.environment: Testing
    service.name: Crud.Api
    service.version: 1.0.0
    service.instance.id: a483e3f3-32ea-4a50-a508-2cd77b6b2522
    telemetry.sdk.name: opentelemetry
    telemetry.sdk.language: dotnet
    telemetry.sdk.version: 1.8.1
[03:42:07 DBG] Removed cache value for key: entity:window:9fe413c45b954dc6b07eb06adb5fdd51 {"SourceContext": "Infrastructure.Services.Caching.InMemoryCacheService", "ActionId": "14f2875c-5361-4221-bcc8-785e9d451e72", "ActionName": "Api.Controllers.WindowsController.Create (Api)", "RequestId": "0HNFGSKFKDJ93", "RequestPath": "/api/windows", "Application": "Crud.Api"}
[03:42:07 DBG] Removed cache value for key: list:window {"SourceContext": "Infrastructure.Services.Caching.InMemoryCacheService", "ActionId": "14f2875c-5361-4221-bcc8-785e9d451e72", "ActionName": "Api.Controllers.WindowsController.Create (Api)", "RequestId": "0HNFGSKFKDJ93", "RequestPath": "/api/windows", "Application": "Crud.Api"}
[03:42:07 DBG] Invalidating cache for entity type: windows with tag: windows {"SourceContext": "Api.Services.OutputCacheInvalidationService", "ActionId": "14f2875c-5361-4221-bcc8-785e9d451e72", "ActionName": "Api.Controllers.WindowsController.Create (Api)", "RequestId": "0HNFGSKFKDJ93", "RequestPath": "/api/windows", "Application": "Crud.Api"}
[03:42:07 INF] Successfully invalidated cache for entity type: windows {"SourceContext": "Api.Services.OutputCacheInvalidationService", "ActionId": "14f2875c-5361-4221-bcc8-785e9d451e72", "ActionName": "Api.Controllers.WindowsController.Create (Api)", "RequestId": "0HNFGSKFKDJ93", "RequestPath": "/api/windows", "Application": "Crud.Api"}
Activity.TraceId:            2b84b218b91fbabe5cc50f4a47455982
Activity.SpanId:             9be3e002fdc7c26f
Activity.TraceFlags:         Recorded
Activity.ActivitySourceName: Microsoft.AspNetCore
Activity.DisplayName:        POST api/Windows
Activity.Kind:               Server
Activity.StartTime:          2025-09-11T03:42:07.8655874Z
Activity.Duration:           00:00:00.0023955
Activity.Tags:
    server.address: localhost
    http.request.method: POST
    url.scheme: http
    url.path: /api/windows
    network.protocol.version: 1.1
    http.route: api/Windows
    http.response.status_code: 201
Resource associated with Activity:
    deployment.environment: Testing
    service.name: Crud.Api
    service.version: 1.0.0
    service.instance.id: a483e3f3-32ea-4a50-a508-2cd77b6b2522
    telemetry.sdk.name: opentelemetry
    telemetry.sdk.language: dotnet
    telemetry.sdk.version: 1.8.1
[03:42:08 INF] User registered successfully: 20613066-4f74-4da0-aeb7-619545790179 {"SourceContext": "App.Features.Authentication.RegisterUserCommandHandler", "ActionId": "12b11d6c-58a8-468d-8a96-68b3060beb41", "ActionName": "Api.Controllers.AuthController.Register (Api)", "RequestId": "0HNFGSKFKDJ94", "RequestPath": "/api/auth/register", "Application": "Crud.Api"}
Activity.TraceId:            c17cd1865419ba39afa715f1f9a2aefc
Activity.SpanId:             5ace5f161fb143a4
Activity.TraceFlags:         Recorded
Activity.ActivitySourceName: Microsoft.AspNetCore
Activity.DisplayName:        POST api/Auth/register
Activity.Kind:               Server
Activity.StartTime:          2025-09-11T03:42:07.8706833Z
Activity.Duration:           00:00:00.2985650
Activity.Tags:
    server.address: localhost
    http.request.method: POST
    url.scheme: http
    url.path: /api/auth/register
    network.protocol.version: 1.1
    http.route: api/Auth/register
    http.response.status_code: 200
Resource associated with Activity:
    deployment.environment: Testing
    service.name: Crud.Api
    service.version: 1.0.0
    service.instance.id: a483e3f3-32ea-4a50-a508-2cd77b6b2522
    telemetry.sdk.name: opentelemetry
    telemetry.sdk.language: dotnet
    telemetry.sdk.version: 1.8.1
[03:42:08 INF] User logged in successfully: 20613066-4f74-4da0-aeb7-619545790179 {"SourceContext": "App.Features.Authentication.LoginCommandHandler", "ActionId": "b35ba662-dae1-4702-a264-e56b8b80389b", "ActionName": "Api.Controllers.AuthController.Login (Api)", "RequestId": "0HNFGSKFKDJ95", "RequestPath": "/api/auth/login", "Application": "Crud.Api"}
Activity.TraceId:            0576cb2aaf44c418344c7ddc64eedbce
Activity.SpanId:             58e6acdafd9abac9
Activity.TraceFlags:         Recorded
Activity.ActivitySourceName: Microsoft.AspNetCore
Activity.DisplayName:        POST api/Auth/login
Activity.Kind:               Server
Activity.StartTime:          2025-09-11T03:42:08.1707338Z
Activity.Duration:           00:00:00.2989456
Activity.Tags:
    server.address: localhost
    http.request.method: POST
    url.scheme: http
    url.path: /api/auth/login
    network.protocol.version: 1.1
    http.route: api/Auth/login
    http.response.status_code: 200
Resource associated with Activity:
    deployment.environment: Testing
    service.name: Crud.Api
    service.version: 1.0.0
    service.instance.id: a483e3f3-32ea-4a50-a508-2cd77b6b2522
    telemetry.sdk.name: opentelemetry
    telemetry.sdk.language: dotnet
    telemetry.sdk.version: 1.8.1
[03:42:08 DBG] Cache miss for key: entity:window:9fe413c45b954dc6b07eb06adb5fdd51 {"SourceContext": "Infrastructure.Services.Caching.InMemoryCacheService", "ActionId": "49794a94-a8ec-4a7e-bd05-55e43608381c", "ActionName": "Api.Controllers.WindowsController.Update (Api)", "RequestId": "0HNFGSKFKDJ96", "RequestPath": "/api/windows/9fe413c4-5b95-4dc6-b07e-b06adb5fdd51", "Application": "Crud.Api"}
[03:42:08 DBG] Set cache value for key: entity:window:9fe413c45b954dc6b07eb06adb5fdd51 {"SourceContext": "Infrastructure.Services.Caching.InMemoryCacheService", "ActionId": "49794a94-a8ec-4a7e-bd05-55e43608381c", "ActionName": "Api.Controllers.WindowsController.Update (Api)", "RequestId": "0HNFGSKFKDJ96", "RequestPath": "/api/windows/9fe413c4-5b95-4dc6-b07e-b06adb5fdd51", "Application": "Crud.Api"}
[03:42:08 DBG] Removed cache value for key: entity:window:9fe413c45b954dc6b07eb06adb5fdd51 {"SourceContext": "Infrastructure.Services.Caching.InMemoryCacheService", "ActionId": "49794a94-a8ec-4a7e-bd05-55e43608381c", "ActionName": "Api.Controllers.WindowsController.Update (Api)", "RequestId": "0HNFGSKFKDJ96", "RequestPath": "/api/windows/9fe413c4-5b95-4dc6-b07e-b06adb5fdd51", "Application": "Crud.Api"}
[03:42:08 DBG] Removed cache value for key: list:window {"SourceContext": "Infrastructure.Services.Caching.InMemoryCacheService", "ActionId": "49794a94-a8ec-4a7e-bd05-55e43608381c", "ActionName": "Api.Controllers.WindowsController.Update (Api)", "RequestId": "0HNFGSKFKDJ96", "RequestPath": "/api/windows/9fe413c4-5b95-4dc6-b07e-b06adb5fdd51", "Application": "Crud.Api"}
[03:42:08 DBG] Invalidating cache for entity: windows/9fe413c4-5b95-4dc6-b07e-b06adb5fdd51 with tags: windows, windows:9fe413c4-5b95-4dc6-b07e-b06adb5fdd51 {"SourceContext": "Api.Services.OutputCacheInvalidationService", "ActionId": "49794a94-a8ec-4a7e-bd05-55e43608381c", "ActionName": "Api.Controllers.WindowsController.Update (Api)", "RequestId": "0HNFGSKFKDJ96", "RequestPath": "/api/windows/9fe413c4-5b95-4dc6-b07e-b06adb5fdd51", "Application": "Crud.Api"}
[03:42:08 DBG] Successfully invalidated cache for tag: windows {"SourceContext": "Api.Services.OutputCacheInvalidationService", "ActionId": "49794a94-a8ec-4a7e-bd05-55e43608381c", "ActionName": "Api.Controllers.WindowsController.Update (Api)", "RequestId": "0HNFGSKFKDJ96", "RequestPath": "/api/windows/9fe413c4-5b95-4dc6-b07e-b06adb5fdd51", "Application": "Crud.Api"}
[03:42:08 DBG] Successfully invalidated cache for tag: windows:9fe413c4-5b95-4dc6-b07e-b06adb5fdd51 {"SourceContext": "Api.Services.OutputCacheInvalidationService", "ActionId": "49794a94-a8ec-4a7e-bd05-55e43608381c", "ActionName": "Api.Controllers.WindowsController.Update (Api)", "RequestId": "0HNFGSKFKDJ96", "RequestPath": "/api/windows/9fe413c4-5b95-4dc6-b07e-b06adb5fdd51", "Application": "Crud.Api"}
Activity.TraceId:            6850ac9a5375f8bae8b341906558201a
Activity.SpanId:             60cabcbe55aedb7e
Activity.TraceFlags:         Recorded
Activity.ActivitySourceName: Microsoft.AspNetCore
Activity.DisplayName:        PUT api/Windows/{id:guid}
Activity.Kind:               Server
Activity.StartTime:          2025-09-11T03:42:08.4728179Z
Activity.Duration:           00:00:00.0127304
Activity.Tags:
    server.address: localhost
    http.request.method: PUT
    url.scheme: http
    url.path: /api/windows/9fe413c4-5b95-4dc6-b07e-b06adb5fdd51
    network.protocol.version: 1.1
    http.route: api/Windows/{id:guid}
    http.response.status_code: 204
Resource associated with Activity:
    deployment.environment: Testing
    service.name: Crud.Api
    service.version: 1.0.0
    service.instance.id: a483e3f3-32ea-4a50-a508-2cd77b6b2522
    telemetry.sdk.name: opentelemetry
    telemetry.sdk.language: dotnet
    telemetry.sdk.version: 1.8.1
[03:42:08 INF] User registered successfully: cb7ef1cc-871a-4cb3-91b7-6f121b6e848d {"SourceContext": "App.Features.Authentication.RegisterUserCommandHandler", "ActionId": "12b11d6c-58a8-468d-8a96-68b3060beb41", "ActionName": "Api.Controllers.AuthController.Register (Api)", "RequestId": "0HNFGSKFKDJ97", "RequestPath": "/api/auth/register", "Application": "Crud.Api"}
Activity.TraceId:            2f8ecda4e845ec2134ba0fd3b705cfe9
Activity.SpanId:             e439466d7e424aba
Activity.TraceFlags:         Recorded
Activity.ActivitySourceName: Microsoft.AspNetCore
Activity.DisplayName:        POST api/Auth/register
Activity.Kind:               Server
Activity.StartTime:          2025-09-11T03:42:08.4857127Z
Activity.Duration:           00:00:00.3004015
Activity.Tags:
    server.address: localhost
    http.request.method: POST
    url.scheme: http
    url.path: /api/auth/register
    network.protocol.version: 1.1
    http.route: api/Auth/register
    http.response.status_code: 200
Resource associated with Activity:
    deployment.environment: Testing
    service.name: Crud.Api
    service.version: 1.0.0
    service.instance.id: a483e3f3-32ea-4a50-a508-2cd77b6b2522
    telemetry.sdk.name: opentelemetry
    telemetry.sdk.language: dotnet
    telemetry.sdk.version: 1.8.1
[03:42:08 DBG] Cache miss for key: entity:window:9fe413c45b954dc6b07eb06adb5fdd51 {"SourceContext": "Infrastructure.Services.Caching.InMemoryCacheService", "ActionId": "1e6bc41a-be7d-4053-9c9c-005c38a9041e", "ActionName": "Api.Controllers.WindowsController.Get (Api)", "RequestId": "0HNFGSKFKDJ98", "RequestPath": "/api/windows/9fe413c4-5b95-4dc6-b07e-b06adb5fdd51", "Application": "Crud.Api"}
[03:42:08 DBG] Set cache value for key: entity:window:9fe413c45b954dc6b07eb06adb5fdd51 {"SourceContext": "Infrastructure.Services.Caching.InMemoryCacheService", "ActionId": "1e6bc41a-be7d-4053-9c9c-005c38a9041e", "ActionName": "Api.Controllers.WindowsController.Get (Api)", "RequestId": "0HNFGSKFKDJ98", "RequestPath": "/api/windows/9fe413c4-5b95-4dc6-b07e-b06adb5fdd51", "Application": "Crud.Api"}
Activity.TraceId:            12e5a0624d3792af776f41a210a45807
Activity.SpanId:             1619fc017e5f884d
Activity.TraceFlags:         Recorded
Activity.ActivitySourceName: Microsoft.AspNetCore
Activity.DisplayName:        GET api/Windows/{id:guid}
Activity.Kind:               Server
Activity.StartTime:          2025-09-11T03:42:08.7862749Z
Activity.Duration:           00:00:00.0034050
Activity.Tags:
    server.address: localhost
    http.request.method: GET
    url.scheme: http
    url.path: /api/windows/9fe413c4-5b95-4dc6-b07e-b06adb5fdd51
    network.protocol.version: 1.1
    http.route: api/Windows/{id:guid}
    http.response.status_code: 200
Resource associated with Activity:
    deployment.environment: Testing
    service.name: Crud.Api
    service.version: 1.0.0
    service.instance.id: a483e3f3-32ea-4a50-a508-2cd77b6b2522
    telemetry.sdk.name: opentelemetry
    telemetry.sdk.language: dotnet
    telemetry.sdk.version: 1.8.1
[03:42:09 INF] User registered successfully: bd331ed8-2b39-4f2f-acdf-5af3e00ffa1c {"SourceContext": "App.Features.Authentication.RegisterUserCommandHandler", "ActionId": "12b11d6c-58a8-468d-8a96-68b3060beb41", "ActionName": "Api.Controllers.AuthController.Register (Api)", "RequestId": "0HNFGSKFKDJ99", "RequestPath": "/api/auth/register", "Application": "Crud.Api"}
Activity.TraceId:            2f0b31a31e1ace68a9cc0a6279307b0a
Activity.SpanId:             1b52a30608f1c2f0
Activity.TraceFlags:         Recorded
Activity.ActivitySourceName: Microsoft.AspNetCore
Activity.DisplayName:        POST api/Auth/register
Activity.Kind:               Server
Activity.StartTime:          2025-09-11T03:42:08.7928964Z
Activity.Duration:           00:00:00.2999256
Activity.Tags:
    server.address: localhost
    http.request.method: POST
    url.scheme: http
    url.path: /api/auth/register
    network.protocol.version: 1.1
    http.route: api/Auth/register
    http.response.status_code: 200
Resource associated with Activity:
    deployment.environment: Testing
    service.name: Crud.Api
    service.version: 1.0.0
    service.instance.id: a483e3f3-32ea-4a50-a508-2cd77b6b2522
    telemetry.sdk.name: opentelemetry
    telemetry.sdk.language: dotnet
    telemetry.sdk.version: 1.8.1
[03:42:09 INF] User logged in successfully: bd331ed8-2b39-4f2f-acdf-5af3e00ffa1c {"SourceContext": "App.Features.Authentication.LoginCommandHandler", "ActionId": "b35ba662-dae1-4702-a264-e56b8b80389b", "ActionName": "Api.Controllers.AuthController.Login (Api)", "RequestId": "0HNFGSKFKDJ9A", "RequestPath": "/api/auth/login", "Application": "Crud.Api"}
Activity.TraceId:            e85f66e17d333fb697b61003c665f4a4
Activity.SpanId:             f659fa5ac5995b2d
Activity.TraceFlags:         Recorded
Activity.ActivitySourceName: Microsoft.AspNetCore
Activity.DisplayName:        POST api/Auth/login
Activity.Kind:               Server
Activity.StartTime:          2025-09-11T03:42:09.0944202Z
Activity.Duration:           00:00:00.2988479
Activity.Tags:
    server.address: localhost
    http.request.method: POST
    url.scheme: http
    url.path: /api/auth/login
    network.protocol.version: 1.1
    http.route: api/Auth/login
    http.response.status_code: 200
Resource associated with Activity:
    deployment.environment: Testing
    service.name: Crud.Api
    service.version: 1.0.0
    service.instance.id: a483e3f3-32ea-4a50-a508-2cd77b6b2522
    telemetry.sdk.name: opentelemetry
    telemetry.sdk.language: dotnet
    telemetry.sdk.version: 1.8.1
[03:42:09 DBG] Removed cache value for key: entity:window:2fc0699979bc464d9035de02e15d4e88 {"SourceContext": "Infrastructure.Services.Caching.InMemoryCacheService", "ActionId": "14f2875c-5361-4221-bcc8-785e9d451e72", "ActionName": "Api.Controllers.WindowsController.Create (Api)", "RequestId": "0HNFGSKFKDJ9B", "RequestPath": "/api/windows", "Application": "Crud.Api"}
[03:42:09 DBG] Removed cache value for key: list:window {"SourceContext": "Infrastructure.Services.Caching.InMemoryCacheService", "ActionId": "14f2875c-5361-4221-bcc8-785e9d451e72", "ActionName": "Api.Controllers.WindowsController.Create (Api)", "RequestId": "0HNFGSKFKDJ9B", "RequestPath": "/api/windows", "Application": "Crud.Api"}
[03:42:09 DBG] Invalidating cache for entity type: windows with tag: windows {"SourceContext": "Api.Services.OutputCacheInvalidationService", "ActionId": "14f2875c-5361-4221-bcc8-785e9d451e72", "ActionName": "Api.Controllers.WindowsController.Create (Api)", "RequestId": "0HNFGSKFKDJ9B", "RequestPath": "/api/windows", "Application": "Crud.Api"}
[03:42:09 INF] Successfully invalidated cache for entity type: windows {"SourceContext": "Api.Services.OutputCacheInvalidationService", "ActionId": "14f2875c-5361-4221-bcc8-785e9d451e72", "ActionName": "Api.Controllers.WindowsController.Create (Api)", "RequestId": "0HNFGSKFKDJ9B", "RequestPath": "/api/windows", "Application": "Crud.Api"}
Activity.TraceId:            57ac75c97b6f277d28389daecc61b3c4
Activity.SpanId:             2a430f74998e2b8c
Activity.TraceFlags:         Recorded
Activity.ActivitySourceName: Microsoft.AspNetCore
Activity.DisplayName:        POST api/Windows
Activity.Kind:               Server
Activity.StartTime:          2025-09-11T03:42:09.3940360Z
Activity.Duration:           00:00:00.0025764
Activity.Tags:
    server.address: localhost
    http.request.method: POST
    url.scheme: http
    url.path: /api/windows
    network.protocol.version: 1.1
    http.route: api/Windows
    http.response.status_code: 201
Resource associated with Activity:
    deployment.environment: Testing
    service.name: Crud.Api
    service.version: 1.0.0
    service.instance.id: a483e3f3-32ea-4a50-a508-2cd77b6b2522
    telemetry.sdk.name: opentelemetry
    telemetry.sdk.language: dotnet
    telemetry.sdk.version: 1.8.1
[03:42:09 INF] User registered successfully: 587e3cac-f17a-4aee-9927-47bc904da178 {"SourceContext": "App.Features.Authentication.RegisterUserCommandHandler", "ActionId": "12b11d6c-58a8-468d-8a96-68b3060beb41", "ActionName": "Api.Controllers.AuthController.Register (Api)", "RequestId": "0HNFGSKFKDJ9C", "RequestPath": "/api/auth/register", "Application": "Crud.Api"}
Activity.TraceId:            aef7666b7bc4e33820be338142e6d48a
Activity.SpanId:             5078ea8f4dd43f60
Activity.TraceFlags:         Recorded
Activity.ActivitySourceName: Microsoft.AspNetCore
Activity.DisplayName:        POST api/Auth/register
Activity.Kind:               Server
Activity.StartTime:          2025-09-11T03:42:09.3975464Z
Activity.Duration:           00:00:00.2986638
Activity.Tags:
    server.address: localhost
    http.request.method: POST
    url.scheme: http
    url.path: /api/auth/register
    network.protocol.version: 1.1
    http.route: api/Auth/register
    http.response.status_code: 200
Resource associated with Activity:
    deployment.environment: Testing
    service.name: Crud.Api
    service.version: 1.0.0
    service.instance.id: a483e3f3-32ea-4a50-a508-2cd77b6b2522
    telemetry.sdk.name: opentelemetry
    telemetry.sdk.language: dotnet
    telemetry.sdk.version: 1.8.1
[03:42:09 DBG] Cache miss for key: entity:window:2fc0699979bc464d9035de02e15d4e88 {"SourceContext": "Infrastructure.Services.Caching.InMemoryCacheService", "ActionId": "1e6bc41a-be7d-4053-9c9c-005c38a9041e", "ActionName": "Api.Controllers.WindowsController.Get (Api)", "RequestId": "0HNFGSKFKDJ9D", "RequestPath": "/api/windows/2fc06999-79bc-464d-9035-de02e15d4e88", "Application": "Crud.Api"}
[03:42:09 DBG] Set cache value for key: entity:window:2fc0699979bc464d9035de02e15d4e88 {"SourceContext": "Infrastructure.Services.Caching.InMemoryCacheService", "ActionId": "1e6bc41a-be7d-4053-9c9c-005c38a9041e", "ActionName": "Api.Controllers.WindowsController.Get (Api)", "RequestId": "0HNFGSKFKDJ9D", "RequestPath": "/api/windows/2fc06999-79bc-464d-9035-de02e15d4e88", "Application": "Crud.Api"}
Activity.TraceId:            6feed74c0d4169345ae55b5da4229f8a
Activity.SpanId:             e2d251f69c6f3738
Activity.TraceFlags:         Recorded
Activity.ActivitySourceName: Microsoft.AspNetCore
Activity.DisplayName:        GET api/Windows/{id:guid}
Activity.Kind:               Server
Activity.StartTime:          2025-09-11T03:42:09.6964564Z
Activity.Duration:           00:00:00.0030675
Activity.Tags:
    server.address: localhost
    http.request.method: GET
    url.scheme: http
    url.path: /api/windows/2fc06999-79bc-464d-9035-de02e15d4e88
    network.protocol.version: 1.1
    http.route: api/Windows/{id:guid}
    http.response.status_code: 200
Resource associated with Activity:
    deployment.environment: Testing
    service.name: Crud.Api
    service.version: 1.0.0
    service.instance.id: a483e3f3-32ea-4a50-a508-2cd77b6b2522
    telemetry.sdk.name: opentelemetry
    telemetry.sdk.language: dotnet
    telemetry.sdk.version: 1.8.1
[03:42:10 INF] User registered successfully: 6ec2d210-371f-4dc3-ac6b-1460a7400c76 {"SourceContext": "App.Features.Authentication.RegisterUserCommandHandler", "ActionId": "12b11d6c-58a8-468d-8a96-68b3060beb41", "ActionName": "Api.Controllers.AuthController.Register (Api)", "RequestId": "0HNFGSKFKDJ9E", "RequestPath": "/api/auth/register", "Application": "Crud.Api"}
Activity.TraceId:            704e3b26ecdd8876b0e2179ee89b6f00
Activity.SpanId:             70e073f9c7768ae1
Activity.TraceFlags:         Recorded
Activity.ActivitySourceName: Microsoft.AspNetCore
Activity.DisplayName:        POST api/Auth/register
Activity.Kind:               Server
Activity.StartTime:          2025-09-11T03:42:09.7016791Z
Activity.Duration:           00:00:00.2989620
Activity.Tags:
    server.address: localhost
    http.request.method: POST
    url.scheme: http
    url.path: /api/auth/register
    network.protocol.version: 1.1
    http.route: api/Auth/register
    http.response.status_code: 200
Resource associated with Activity:
    deployment.environment: Testing
    service.name: Crud.Api
    service.version: 1.0.0
    service.instance.id: a483e3f3-32ea-4a50-a508-2cd77b6b2522
    telemetry.sdk.name: opentelemetry
    telemetry.sdk.language: dotnet
    telemetry.sdk.version: 1.8.1
[03:42:10 DBG] Cache miss for key: entity:window:075f7ad7b5b245e4826e58720a01910e {"SourceContext": "Infrastructure.Services.Caching.InMemoryCacheService", "ActionId": "1e6bc41a-be7d-4053-9c9c-005c38a9041e", "ActionName": "Api.Controllers.WindowsController.Get (Api)", "RequestId": "0HNFGSKFKDJ9F", "RequestPath": "/api/windows/075f7ad7-b5b2-45e4-826e-58720a01910e", "Application": "Crud.Api"}
Activity.TraceId:            e545ffd0e9c63be3bb6a487ef87e8460
Activity.SpanId:             991201be6583f395
Activity.TraceFlags:         Recorded
Activity.ActivitySourceName: Microsoft.AspNetCore
Activity.DisplayName:        GET api/Windows/{id:guid}
Activity.Kind:               Server
Activity.StartTime:          2025-09-11T03:42:10.0017366Z
Activity.Duration:           00:00:00.0015237
Activity.Tags:
    server.address: localhost
    http.request.method: GET
    url.scheme: http
    url.path: /api/windows/075f7ad7-b5b2-45e4-826e-58720a01910e
    network.protocol.version: 1.1
    http.route: api/Windows/{id:guid}
    http.response.status_code: 404
Resource associated with Activity:
    deployment.environment: Testing
    service.name: Crud.Api
    service.version: 1.0.0
    service.instance.id: a483e3f3-32ea-4a50-a508-2cd77b6b2522
    telemetry.sdk.name: opentelemetry
    telemetry.sdk.language: dotnet
    telemetry.sdk.version: 1.8.1
[03:42:10 INF] User registered successfully: e7a3936d-360f-49f5-8e72-2de2a64ce123 {"SourceContext": "App.Features.Authentication.RegisterUserCommandHandler", "ActionId": "12b11d6c-58a8-468d-8a96-68b3060beb41", "ActionName": "Api.Controllers.AuthController.Register (Api)", "RequestId": "0HNFGSKFKDJ9G", "RequestPath": "/api/auth/register", "Application": "Crud.Api"}
Activity.TraceId:            c3b804a87e63449f4aba4a65404e4f51
Activity.SpanId:             06a30639da1fd63a
Activity.TraceFlags:         Recorded
Activity.ActivitySourceName: Microsoft.AspNetCore
Activity.DisplayName:        POST api/Auth/register
Activity.Kind:               Server
Activity.StartTime:          2025-09-11T03:42:10.0057554Z
Activity.Duration:           00:00:00.2983460
Activity.Tags:
    server.address: localhost
    http.request.method: POST
    url.scheme: http
    url.path: /api/auth/register
    network.protocol.version: 1.1
    http.route: api/Auth/register
    http.response.status_code: 200
Resource associated with Activity:
    deployment.environment: Testing
    service.name: Crud.Api
    service.version: 1.0.0
    service.instance.id: a483e3f3-32ea-4a50-a508-2cd77b6b2522
    telemetry.sdk.name: opentelemetry
    telemetry.sdk.language: dotnet
    telemetry.sdk.version: 1.8.1
[03:42:10 INF] User logged in successfully: e7a3936d-360f-49f5-8e72-2de2a64ce123 {"SourceContext": "App.Features.Authentication.LoginCommandHandler", "ActionId": "b35ba662-dae1-4702-a264-e56b8b80389b", "ActionName": "Api.Controllers.AuthController.Login (Api)", "RequestId": "0HNFGSKFKDJ9H", "RequestPath": "/api/auth/login", "Application": "Crud.Api"}
Activity.TraceId:            d6f3d7c547cad9cd0da53ec4ecb98b29
Activity.SpanId:             d9a21a8906bc6d60
Activity.TraceFlags:         Recorded
Activity.ActivitySourceName: Microsoft.AspNetCore
Activity.DisplayName:        POST api/Auth/login
Activity.Kind:               Server
Activity.StartTime:          2025-09-11T03:42:10.3059972Z
Activity.Duration:           00:00:00.4323901
Activity.Tags:
    server.address: localhost
    http.request.method: POST
    url.scheme: http
    url.path: /api/auth/login
    network.protocol.version: 1.1
    http.route: api/Auth/login
    http.response.status_code: 200
Resource associated with Activity:
    deployment.environment: Testing
    service.name: Crud.Api
    service.version: 1.0.0
    service.instance.id: a483e3f3-32ea-4a50-a508-2cd77b6b2522
    telemetry.sdk.name: opentelemetry
    telemetry.sdk.language: dotnet
    telemetry.sdk.version: 1.8.1
[03:42:10 DBG] Removed cache value for key: entity:window:39afdef71cbb471b88c5a0f8e781db4b {"SourceContext": "Infrastructure.Services.Caching.InMemoryCacheService", "ActionId": "14f2875c-5361-4221-bcc8-785e9d451e72", "ActionName": "Api.Controllers.WindowsController.Create (Api)", "RequestId": "0HNFGSKFKDJ9I", "RequestPath": "/api/windows", "Application": "Crud.Api"}
[03:42:10 DBG] Removed cache value for key: list:window {"SourceContext": "Infrastructure.Services.Caching.InMemoryCacheService", "ActionId": "14f2875c-5361-4221-bcc8-785e9d451e72", "ActionName": "Api.Controllers.WindowsController.Create (Api)", "RequestId": "0HNFGSKFKDJ9I", "RequestPath": "/api/windows", "Application": "Crud.Api"}
[03:42:10 DBG] Invalidating cache for entity type: windows with tag: windows {"SourceContext": "Api.Services.OutputCacheInvalidationService", "ActionId": "14f2875c-5361-4221-bcc8-785e9d451e72", "ActionName": "Api.Controllers.WindowsController.Create (Api)", "RequestId": "0HNFGSKFKDJ9I", "RequestPath": "/api/windows", "Application": "Crud.Api"}
[03:42:10 INF] Successfully invalidated cache for entity type: windows {"SourceContext": "Api.Services.OutputCacheInvalidationService", "ActionId": "14f2875c-5361-4221-bcc8-785e9d451e72", "ActionName": "Api.Controllers.WindowsController.Create (Api)", "RequestId": "0HNFGSKFKDJ9I", "RequestPath": "/api/windows", "Application": "Crud.Api"}
Activity.TraceId:            c208393cb14d4b9d94aaa53ffd0539b4
Activity.SpanId:             057cc882265c563f
Activity.TraceFlags:         Recorded
Activity.ActivitySourceName: Microsoft.AspNetCore
Activity.DisplayName:        POST api/Windows
Activity.Kind:               Server
Activity.StartTime:          2025-09-11T03:42:10.7396413Z
Activity.Duration:           00:00:00.1000174
Activity.Tags:
    server.address: localhost
    http.request.method: POST
    url.scheme: http
    url.path: /api/windows
    network.protocol.version: 1.1
    http.route: api/Windows
    http.response.status_code: 201
Resource associated with Activity:
    deployment.environment: Testing
    service.name: Crud.Api
    service.version: 1.0.0
    service.instance.id: a483e3f3-32ea-4a50-a508-2cd77b6b2522
    telemetry.sdk.name: opentelemetry
    telemetry.sdk.language: dotnet
    telemetry.sdk.version: 1.8.1
[03:42:11 INF] User registered successfully: 1c699271-a94e-4e5c-872a-1c428c825ab5 {"SourceContext": "App.Features.Authentication.RegisterUserCommandHandler", "ActionId": "12b11d6c-58a8-468d-8a96-68b3060beb41", "ActionName": "Api.Controllers.AuthController.Register (Api)", "RequestId": "0HNFGSKFKDJ9J", "RequestPath": "/api/auth/register", "Application": "Crud.Api"}
Activity.TraceId:            d08a052121c8720fb106c4cf9850b2c7
Activity.SpanId:             67edc6d68f3465ea
Activity.TraceFlags:         Recorded
Activity.ActivitySourceName: Microsoft.AspNetCore
Activity.DisplayName:        POST api/Auth/register
Activity.Kind:               Server
Activity.StartTime:          2025-09-11T03:42:10.8415721Z
Activity.Duration:           00:00:00.3961950
Activity.Tags:
    server.address: localhost
    http.request.method: POST
    url.scheme: http
    url.path: /api/auth/register
    network.protocol.version: 1.1
    http.route: api/Auth/register
    http.response.status_code: 200
Resource associated with Activity:
    deployment.environment: Testing
    service.name: Crud.Api
    service.version: 1.0.0
    service.instance.id: a483e3f3-32ea-4a50-a508-2cd77b6b2522
    telemetry.sdk.name: opentelemetry
    telemetry.sdk.language: dotnet
    telemetry.sdk.version: 1.8.1
[03:42:11 INF] User logged in successfully: 1c699271-a94e-4e5c-872a-1c428c825ab5 {"SourceContext": "App.Features.Authentication.LoginCommandHandler", "ActionId": "b35ba662-dae1-4702-a264-e56b8b80389b", "ActionName": "Api.Controllers.AuthController.Login (Api)", "RequestId": "0HNFGSKFKDJ9K", "RequestPath": "/api/auth/login", "Application": "Crud.Api"}
Activity.TraceId:            94e7df14c5515af7ac426e73c73a8d0c
Activity.SpanId:             604313a7de108b4e
Activity.TraceFlags:         Recorded
Activity.ActivitySourceName: Microsoft.AspNetCore
Activity.DisplayName:        POST api/Auth/login
Activity.Kind:               Server
Activity.StartTime:          2025-09-11T03:42:11.2417784Z
Activity.Duration:           00:00:00.3017156
Activity.Tags:
    server.address: localhost
    http.request.method: POST
    url.scheme: http
    url.path: /api/auth/login
    network.protocol.version: 1.1
    http.route: api/Auth/login
    http.response.status_code: 200
Resource associated with Activity:
    deployment.environment: Testing
    service.name: Crud.Api
    service.version: 1.0.0
    service.instance.id: a483e3f3-32ea-4a50-a508-2cd77b6b2522
    telemetry.sdk.name: opentelemetry
    telemetry.sdk.language: dotnet
    telemetry.sdk.version: 1.8.1
[03:42:11 DBG] Removed cache value for key: entity:window:3fabc9acc75b4c86a05225a1a356b316 {"SourceContext": "Infrastructure.Services.Caching.InMemoryCacheService", "ActionId": "14f2875c-5361-4221-bcc8-785e9d451e72", "ActionName": "Api.Controllers.WindowsController.Create (Api)", "RequestId": "0HNFGSKFKDJ9L", "RequestPath": "/api/windows", "Application": "Crud.Api"}
[03:42:11 DBG] Removed cache value for key: list:window {"SourceContext": "Infrastructure.Services.Caching.InMemoryCacheService", "ActionId": "14f2875c-5361-4221-bcc8-785e9d451e72", "ActionName": "Api.Controllers.WindowsController.Create (Api)", "RequestId": "0HNFGSKFKDJ9L", "RequestPath": "/api/windows", "Application": "Crud.Api"}
[03:42:11 DBG] Invalidating cache for entity type: windows with tag: windows {"SourceContext": "Api.Services.OutputCacheInvalidationService", "ActionId": "14f2875c-5361-4221-bcc8-785e9d451e72", "ActionName": "Api.Controllers.WindowsController.Create (Api)", "RequestId": "0HNFGSKFKDJ9L", "RequestPath": "/api/windows", "Application": "Crud.Api"}
[03:42:11 INF] Successfully invalidated cache for entity type: windows {"SourceContext": "Api.Services.OutputCacheInvalidationService", "ActionId": "14f2875c-5361-4221-bcc8-785e9d451e72", "ActionName": "Api.Controllers.WindowsController.Create (Api)", "RequestId": "0HNFGSKFKDJ9L", "RequestPath": "/api/windows", "Application": "Crud.Api"}
Activity.TraceId:            1f1019f418615f457cc974b7d0945b5b
Activity.SpanId:             d08bf484c3024354
Activity.TraceFlags:         Recorded
Activity.ActivitySourceName: Microsoft.AspNetCore
Activity.DisplayName:        POST api/Windows
Activity.Kind:               Server
Activity.StartTime:          2025-09-11T03:42:11.5437899Z
Activity.Duration:           00:00:00.0019827
Activity.Tags:
    server.address: localhost
    http.request.method: POST
    url.scheme: http
    url.path: /api/windows
    network.protocol.version: 1.1
    http.route: api/Windows
    http.response.status_code: 201
Resource associated with Activity:
    deployment.environment: Testing
    service.name: Crud.Api
    service.version: 1.0.0
    service.instance.id: a483e3f3-32ea-4a50-a508-2cd77b6b2522
    telemetry.sdk.name: opentelemetry
    telemetry.sdk.language: dotnet
    telemetry.sdk.version: 1.8.1
Resource associated with Metric:
    deployment.environment: Testing
    service.name: Crud.Api
    service.version: 1.0.0
    service.instance.id: a483e3f3-32ea-4a50-a508-2cd77b6b2522
    telemetry.sdk.name: opentelemetry
    telemetry.sdk.language: dotnet
    telemetry.sdk.version: 1.8.1
Metric Name: http.server.active_requests, Number of active HTTP server requests., Unit: {request}, Meter: Microsoft.AspNetCore.Hosting
(2025-09-11T03:42:01.6974334Z, 2025-09-11T03:42:11.6976915Z] http.request.method: POST url.scheme: http LongSumNonMonotonic
Value: 1
(2025-09-11T03:42:01.6974334Z, 2025-09-11T03:42:11.6976915Z] http.request.method: DELETE url.scheme: http LongSumNonMonotonic
Value: 0
(2025-09-11T03:42:01.6974334Z, 2025-09-11T03:42:11.6976915Z] http.request.method: GET url.scheme: http LongSumNonMonotonic
Value: 0
(2025-09-11T03:42:01.6974334Z, 2025-09-11T03:42:11.6976915Z] http.request.method: PUT url.scheme: http LongSumNonMonotonic
Value: 0
Metric Name: http.server.request.duration, Duration of HTTP server requests., Unit: s, Meter: Microsoft.AspNetCore.Hosting
(2025-09-11T03:42:01.6974586Z, 2025-09-11T03:42:11.6976990Z] http.request.method: POST http.response.status_code: 200 http.route: api/Auth/register network.protocol.version: 1.1 url.scheme: http Histogram
Value: Sum: 5.502294600000001 Count: 18 Min: 0.2979114 Max: 0.3961828 
(-Infinity,0.005]:0
(0.005,0.01]:0
(0.01,0.025]:0
(0.025,0.05]:0
(0.05,0.075]:0
(0.075,0.1]:0
(0.1,0.25]:0
(0.25,0.5]:18
(0.5,0.75]:0
(0.75,1]:0
(1,2.5]:0
(2.5,5]:0
(5,7.5]:0
(7.5,10]:0
(10,+Infinity]:0
(2025-09-11T03:42:01.6974586Z, 2025-09-11T03:42:11.6976990Z] http.request.method: POST http.response.status_code: 200 http.route: api/Auth/login network.protocol.version: 1.1 url.scheme: http Histogram
Value: Sum: 4.031146 Count: 13 Min: 0.2984532 Max: 0.432379 
(-Infinity,0.005]:0
(0.005,0.01]:0
(0.01,0.025]:0
(0.025,0.05]:0
(0.05,0.075]:0
(0.075,0.1]:0
(0.1,0.25]:0
(0.25,0.5]:13
(0.5,0.75]:0
(0.75,1]:0
(1,2.5]:0
(2.5,5]:0
(5,7.5]:0
(7.5,10]:0
(10,+Infinity]:0
(2025-09-11T03:42:01.6974586Z, 2025-09-11T03:42:11.6976990Z] http.request.method: POST http.response.status_code: 400 http.route: api/Windows network.protocol.version: 1.1 url.scheme: http Histogram
Value: Sum: 0.017192600000000002 Count: 2 Min: 0.0014451 Max: 0.0157475 
(-Infinity,0.005]:1
(0.005,0.01]:0
(0.01,0.025]:1
(0.025,0.05]:0
(0.05,0.075]:0
(0.075,0.1]:0
(0.1,0.25]:0
(0.25,0.5]:0
(0.5,0.75]:0
(0.75,1]:0
(1,2.5]:0
(2.5,5]:0
(5,7.5]:0
(7.5,10]:0
(10,+Infinity]:0
(2025-09-11T03:42:01.6974586Z, 2025-09-11T03:42:11.6976990Z] http.request.method: POST http.response.status_code: 201 http.route: api/Windows network.protocol.version: 1.1 url.scheme: http Histogram
Value: Sum: 0.1342916 Count: 9 Min: 0.001983 Max: 0.1000134 
(-Infinity,0.005]:6
(0.005,0.01]:1
(0.01,0.025]:1
(0.025,0.05]:0
(0.05,0.075]:0
(0.075,0.1]:0
(0.1,0.25]:1
(0.25,0.5]:0
(0.5,0.75]:0
(0.75,1]:0
(1,2.5]:0
(2.5,5]:0
(5,7.5]:0
(7.5,10]:0
(10,+Infinity]:0
(2025-09-11T03:42:01.6974586Z, 2025-09-11T03:42:11.6976990Z] http.request.method: DELETE http.response.status_code: 204 http.route: api/Windows/{id:guid} network.protocol.version: 1.1 url.scheme: http Histogram
Value: Sum: 0.0287155 Count: 1 Min: 0.0287155 Max: 0.0287155 
(-Infinity,0.005]:0
(0.005,0.01]:0
(0.01,0.025]:0
(0.025,0.05]:1
(0.05,0.075]:0
(0.075,0.1]:0
(0.1,0.25]:0
(0.25,0.5]:0
(0.5,0.75]:0
(0.75,1]:0
(1,2.5]:0
(2.5,5]:0
(5,7.5]:0
(7.5,10]:0
(10,+Infinity]:0
(2025-09-11T03:42:01.6974586Z, 2025-09-11T03:42:11.6976990Z] http.request.method: GET http.response.status_code: 404 http.route: api/Windows/{id:guid} network.protocol.version: 1.1 url.scheme: http Histogram
Value: Sum: 0.011990500000000001 Count: 2 Min: 0.0015252 Max: 0.0104653 
(-Infinity,0.005]:1
(0.005,0.01]:0
(0.01,0.025]:1
(0.025,0.05]:0
(0.05,0.075]:0
(0.075,0.1]:0
(0.1,0.25]:0
(0.25,0.5]:0
(0.5,0.75]:0
(0.75,1]:0
(1,2.5]:0
(2.5,5]:0
(5,7.5]:0
(7.5,10]:0
(10,+Infinity]:0
(2025-09-11T03:42:01.6974586Z, 2025-09-11T03:42:11.6976990Z] http.request.method: GET http.response.status_code: 200 http.route: api/Windows network.protocol.version: 1.1 url.scheme: http Histogram
Value: Sum: 0.009514 Count: 1 Min: 0.009514 Max: 0.009514 
(-Infinity,0.005]:0
(0.005,0.01]:1
(0.01,0.025]:0
(0.025,0.05]:0
(0.05,0.075]:0
(0.075,0.1]:0
(0.1,0.25]:0
(0.25,0.5]:0
(0.5,0.75]:0
(0.75,1]:0
(1,2.5]:0
(2.5,5]:0
(5,7.5]:0
(7.5,10]:0
(10,+Infinity]:0
(2025-09-11T03:42:01.6974586Z, 2025-09-11T03:42:11.6976990Z] http.request.method: PUT http.response.status_code: 204 http.route: api/Windows/{id:guid} network.protocol.version: 1.1 url.scheme: http Histogram
Value: Sum: 0.0127257 Count: 1 Min: 0.0127257 Max: 0.0127257 
(-Infinity,0.005]:0
(0.005,0.01]:0
(0.01,0.025]:1
(0.025,0.05]:0
(0.05,0.075]:0
(0.075,0.1]:0
(0.1,0.25]:0
(0.25,0.5]:0
(0.5,0.75]:0
(0.75,1]:0
(1,2.5]:0
(2.5,5]:0
(5,7.5]:0
(7.5,10]:0
(10,+Infinity]:0
(2025-09-11T03:42:01.6974586Z, 2025-09-11T03:42:11.6976990Z] http.request.method: GET http.response.status_code: 200 http.route: api/Windows/{id:guid} network.protocol.version: 1.1 url.scheme: http Histogram
Value: Sum: 0.0064692 Count: 2 Min: 0.0030729 Max: 0.0033963 
(-Infinity,0.005]:2
(0.005,0.01]:0
(0.01,0.025]:0
(0.025,0.05]:0
(0.05,0.075]:0
(0.075,0.1]:0
(0.1,0.25]:0
(0.25,0.5]:0
(0.5,0.75]:0
(0.75,1]:0
(1,2.5]:0
(2.5,5]:0
(5,7.5]:0
(7.5,10]:0
(10,+Infinity]:0
Metric Name: aspnetcore.rate_limiting.active_request_leases, Number of HTTP requests that are currently active on the server that hold a rate limiting lease., Unit: {request}, Meter: Microsoft.AspNetCore.RateLimiting
(2025-09-11T03:42:01.7008009Z, 2025-09-11T03:42:11.6977000Z] LongSumNonMonotonic
Value: 1
Metric Name: aspnetcore.rate_limiting.request_lease.duration, The duration of rate limiting leases held by HTTP requests on the server., Unit: s, Meter: Microsoft.AspNetCore.RateLimiting
(2025-09-11T03:42:01.7008234Z, 2025-09-11T03:42:11.6977009Z] Histogram
Value: Sum: 9.728082599999999 Count: 49 Min: 0.0013387 Max: 0.432257 
(-Infinity,0.005]:10
(0.005,0.01]:2
(0.01,0.025]:4
(0.025,0.05]:1
(0.05,0.075]:0
(0.075,0.1]:1
(0.1,0.25]:0
(0.25,0.5]:31
(0.5,0.75]:0
(0.75,1]:0
(1,2.5]:0
(2.5,5]:0
(5,7.5]:0
(7.5,10]:0
(10,+Infinity]:0
Metric Name: aspnetcore.rate_limiting.requests, Number of requests that tried to acquire a rate limiting lease. Requests could be rejected by global or endpoint rate limiting policies. Or the request could be canceled while waiting for the lease., Unit: {request}, Meter: Microsoft.AspNetCore.RateLimiting
(2025-09-11T03:42:01.7008681Z, 2025-09-11T03:42:11.6977039Z] aspnetcore.rate_limiting.result: acquired LongSum
Value: 49
Metric Name: aspnetcore.routing.match_attempts, Number of requests that were attempted to be matched to an endpoint., Unit: {match_attempt}, Meter: Microsoft.AspNetCore.Routing
(2025-09-11T03:42:01.7021197Z, 2025-09-11T03:42:11.6977046Z] aspnetcore.routing.is_fallback: false aspnetcore.routing.match_status: success http.route: api/Auth/register LongSum
Value: 19
(2025-09-11T03:42:01.7021197Z, 2025-09-11T03:42:11.6977046Z] aspnetcore.routing.is_fallback: false aspnetcore.routing.match_status: success http.route: api/Auth/login LongSum
Value: 13
(2025-09-11T03:42:01.7021197Z, 2025-09-11T03:42:11.6977046Z] aspnetcore.routing.is_fallback: false aspnetcore.routing.match_status: success http.route: api/Windows LongSum
Value: 12
(2025-09-11T03:42:01.7021197Z, 2025-09-11T03:42:11.6977046Z] aspnetcore.routing.is_fallback: false aspnetcore.routing.match_status: success http.route: api/Windows/{id:guid} LongSum
Value: 6
[03:42:11 INF] User registered successfully: 01ea92e0-b843-4022-b9c0-6ac7e91e7167 {"SourceContext": "App.Features.Authentication.RegisterUserCommandHandler", "ActionId": "12b11d6c-58a8-468d-8a96-68b3060beb41", "ActionName": "Api.Controllers.AuthController.Register (Api)", "RequestId": "0HNFGSKFKDJ9M", "RequestPath": "/api/auth/register", "Application": "Crud.Api"}
Activity.TraceId:            13c5f84ab2dadce56e080637ad97f7c1
Activity.SpanId:             50b23ca2eea9ae2a
Activity.TraceFlags:         Recorded
Activity.ActivitySourceName: Microsoft.AspNetCore
Activity.DisplayName:        POST api/Auth/register
Activity.Kind:               Server
Activity.StartTime:          2025-09-11T03:42:11.5484083Z
Activity.Duration:           00:00:00.2999136
Activity.Tags:
    server.address: localhost
    http.request.method: POST
    url.scheme: http
    url.path: /api/auth/register
    network.protocol.version: 1.1
    http.route: api/Auth/register
    http.response.status_code: 200
Resource associated with Activity:
    deployment.environment: Testing
    service.name: Crud.Api
    service.version: 1.0.0
    service.instance.id: a483e3f3-32ea-4a50-a508-2cd77b6b2522
    telemetry.sdk.name: opentelemetry
    telemetry.sdk.language: dotnet
    telemetry.sdk.version: 1.8.1
[03:42:12 INF] User logged in successfully: 01ea92e0-b843-4022-b9c0-6ac7e91e7167 {"SourceContext": "App.Features.Authentication.LoginCommandHandler", "ActionId": "b35ba662-dae1-4702-a264-e56b8b80389b", "ActionName": "Api.Controllers.AuthController.Login (Api)", "RequestId": "0HNFGSKFKDJ9N", "RequestPath": "/api/auth/login", "Application": "Crud.Api"}
Activity.TraceId:            ff347e0eeb776ebb403da3e2373747c1
Activity.SpanId:             37c15dc310e9fc08
Activity.TraceFlags:         Recorded
Activity.ActivitySourceName: Microsoft.AspNetCore
Activity.DisplayName:        POST api/Auth/login
Activity.Kind:               Server
Activity.StartTime:          2025-09-11T03:42:11.8499563Z
Activity.Duration:           00:00:00.2986625
Activity.Tags:
    server.address: localhost
    http.request.method: POST
    url.scheme: http
    url.path: /api/auth/login
    network.protocol.version: 1.1
    http.route: api/Auth/login
    http.response.status_code: 200
Resource associated with Activity:
    deployment.environment: Testing
    service.name: Crud.Api
    service.version: 1.0.0
    service.instance.id: a483e3f3-32ea-4a50-a508-2cd77b6b2522
    telemetry.sdk.name: opentelemetry
    telemetry.sdk.language: dotnet
    telemetry.sdk.version: 1.8.1
[03:42:12 DBG] Removed cache value for key: entity:window:249eee4a5a234efc9d11847867c8a917 {"SourceContext": "Infrastructure.Services.Caching.InMemoryCacheService", "ActionId": "14f2875c-5361-4221-bcc8-785e9d451e72", "ActionName": "Api.Controllers.WindowsController.Create (Api)", "RequestId": "0HNFGSKFKDJ9O", "RequestPath": "/api/windows", "Application": "Crud.Api"}
[03:42:12 DBG] Removed cache value for key: list:window {"SourceContext": "Infrastructure.Services.Caching.InMemoryCacheService", "ActionId": "14f2875c-5361-4221-bcc8-785e9d451e72", "ActionName": "Api.Controllers.WindowsController.Create (Api)", "RequestId": "0HNFGSKFKDJ9O", "RequestPath": "/api/windows", "Application": "Crud.Api"}
[03:42:12 DBG] Invalidating cache for entity type: windows with tag: windows {"SourceContext": "Api.Services.OutputCacheInvalidationService", "ActionId": "14f2875c-5361-4221-bcc8-785e9d451e72", "ActionName": "Api.Controllers.WindowsController.Create (Api)", "RequestId": "0HNFGSKFKDJ9O", "RequestPath": "/api/windows", "Application": "Crud.Api"}
[03:42:12 INF] Successfully invalidated cache for entity type: windows {"SourceContext": "Api.Services.OutputCacheInvalidationService", "ActionId": "14f2875c-5361-4221-bcc8-785e9d451e72", "ActionName": "Api.Controllers.WindowsController.Create (Api)", "RequestId": "0HNFGSKFKDJ9O", "RequestPath": "/api/windows", "Application": "Crud.Api"}
Activity.TraceId:            055a4ae9e8406b6d6fdabf7d5f2b9e84
Activity.SpanId:             bde8652a3dbe798f
Activity.TraceFlags:         Recorded
Activity.ActivitySourceName: Microsoft.AspNetCore
Activity.DisplayName:        POST api/Windows
Activity.Kind:               Server
Activity.StartTime:          2025-09-11T03:42:12.1494994Z
Activity.Duration:           00:00:00.0017482
Activity.Tags:
    server.address: localhost
    http.request.method: POST
    url.scheme: http
    url.path: /api/windows
    network.protocol.version: 1.1
    http.route: api/Windows
    http.response.status_code: 201
Resource associated with Activity:
    deployment.environment: Testing
    service.name: Crud.Api
    service.version: 1.0.0
    service.instance.id: a483e3f3-32ea-4a50-a508-2cd77b6b2522
    telemetry.sdk.name: opentelemetry
    telemetry.sdk.language: dotnet
    telemetry.sdk.version: 1.8.1
[03:42:12 INF] User registered successfully: 83e9e3e4-d2ae-4287-87c1-848d5459b9fd {"SourceContext": "App.Features.Authentication.RegisterUserCommandHandler", "ActionId": "12b11d6c-58a8-468d-8a96-68b3060beb41", "ActionName": "Api.Controllers.AuthController.Register (Api)", "RequestId": "0HNFGSKFKDJ9P", "RequestPath": "/api/auth/register", "Application": "Crud.Api"}
Activity.TraceId:            4ecef6101c3c7dd0780a7ddc3b90f72a
Activity.SpanId:             f41acb9e16b4ac8d
Activity.TraceFlags:         Recorded
Activity.ActivitySourceName: Microsoft.AspNetCore
Activity.DisplayName:        POST api/Auth/register
Activity.Kind:               Server
Activity.StartTime:          2025-09-11T03:42:12.2522181Z
Activity.Duration:           00:00:00.2997606
Activity.Tags:
    server.address: localhost
    http.request.method: POST
    url.scheme: http
    url.path: /api/auth/register
    network.protocol.version: 1.1
    http.route: api/Auth/register
    http.response.status_code: 200
Resource associated with Activity:
    deployment.environment: Testing
    service.name: Crud.Api
    service.version: 1.0.0
    service.instance.id: a483e3f3-32ea-4a50-a508-2cd77b6b2522
    telemetry.sdk.name: opentelemetry
    telemetry.sdk.language: dotnet
    telemetry.sdk.version: 1.8.1
[03:42:12 INF] User logged in successfully: 83e9e3e4-d2ae-4287-87c1-848d5459b9fd {"SourceContext": "App.Features.Authentication.LoginCommandHandler", "ActionId": "b35ba662-dae1-4702-a264-e56b8b80389b", "ActionName": "Api.Controllers.AuthController.Login (Api)", "RequestId": "0HNFGSKFKDJ9Q", "RequestPath": "/api/auth/login", "Application": "Crud.Api"}
Activity.TraceId:            0c447667de09cc15ba4360129a89d9b0
Activity.SpanId:             380ffc2d31104e53
Activity.TraceFlags:         Recorded
Activity.ActivitySourceName: Microsoft.AspNetCore
Activity.DisplayName:        POST api/Auth/login
Activity.Kind:               Server
Activity.StartTime:          2025-09-11T03:42:12.5530993Z
Activity.Duration:           00:00:00.2981420
Activity.Tags:
    server.address: localhost
    http.request.method: POST
    url.scheme: http
    url.path: /api/auth/login
    network.protocol.version: 1.1
    http.route: api/Auth/login
    http.response.status_code: 200
Resource associated with Activity:
    deployment.environment: Testing
    service.name: Crud.Api
    service.version: 1.0.0
    service.instance.id: a483e3f3-32ea-4a50-a508-2cd77b6b2522
    telemetry.sdk.name: opentelemetry
    telemetry.sdk.language: dotnet
    telemetry.sdk.version: 1.8.1
[03:42:12 DBG] Cache miss for key: entity:window:249eee4a5a234efc9d11847867c8a917 {"SourceContext": "Infrastructure.Services.Caching.InMemoryCacheService", "ActionId": "49794a94-a8ec-4a7e-bd05-55e43608381c", "ActionName": "Api.Controllers.WindowsController.Update (Api)", "RequestId": "0HNFGSKFKDJ9R", "RequestPath": "/api/windows/249eee4a-5a23-4efc-9d11-847867c8a917", "Application": "Crud.Api"}
[03:42:12 DBG] Set cache value for key: entity:window:249eee4a5a234efc9d11847867c8a917 {"SourceContext": "Infrastructure.Services.Caching.InMemoryCacheService", "ActionId": "49794a94-a8ec-4a7e-bd05-55e43608381c", "ActionName": "Api.Controllers.WindowsController.Update (Api)", "RequestId": "0HNFGSKFKDJ9R", "RequestPath": "/api/windows/249eee4a-5a23-4efc-9d11-847867c8a917", "Application": "Crud.Api"}
[03:42:12 DBG] Removed cache value for key: entity:window:249eee4a5a234efc9d11847867c8a917 {"SourceContext": "Infrastructure.Services.Caching.InMemoryCacheService", "ActionId": "49794a94-a8ec-4a7e-bd05-55e43608381c", "ActionName": "Api.Controllers.WindowsController.Update (Api)", "RequestId": "0HNFGSKFKDJ9R", "RequestPath": "/api/windows/249eee4a-5a23-4efc-9d11-847867c8a917", "Application": "Crud.Api"}
[03:42:12 DBG] Removed cache value for key: list:window {"SourceContext": "Infrastructure.Services.Caching.InMemoryCacheService", "ActionId": "49794a94-a8ec-4a7e-bd05-55e43608381c", "ActionName": "Api.Controllers.WindowsController.Update (Api)", "RequestId": "0HNFGSKFKDJ9R", "RequestPath": "/api/windows/249eee4a-5a23-4efc-9d11-847867c8a917", "Application": "Crud.Api"}
[03:42:12 DBG] Invalidating cache for entity: windows/249eee4a-5a23-4efc-9d11-847867c8a917 with tags: windows, windows:249eee4a-5a23-4efc-9d11-847867c8a917 {"SourceContext": "Api.Services.OutputCacheInvalidationService", "ActionId": "49794a94-a8ec-4a7e-bd05-55e43608381c", "ActionName": "Api.Controllers.WindowsController.Update (Api)", "RequestId": "0HNFGSKFKDJ9R", "RequestPath": "/api/windows/249eee4a-5a23-4efc-9d11-847867c8a917", "Application": "Crud.Api"}
[03:42:12 DBG] Successfully invalidated cache for tag: windows {"SourceContext": "Api.Services.OutputCacheInvalidationService", "ActionId": "49794a94-a8ec-4a7e-bd05-55e43608381c", "ActionName": "Api.Controllers.WindowsController.Update (Api)", "RequestId": "0HNFGSKFKDJ9R", "RequestPath": "/api/windows/249eee4a-5a23-4efc-9d11-847867c8a917", "Application": "Crud.Api"}
[03:42:12 DBG] Successfully invalidated cache for tag: windows:249eee4a-5a23-4efc-9d11-847867c8a917 {"SourceContext": "Api.Services.OutputCacheInvalidationService", "ActionId": "49794a94-a8ec-4a7e-bd05-55e43608381c", "ActionName": "Api.Controllers.WindowsController.Update (Api)", "RequestId": "0HNFGSKFKDJ9R", "RequestPath": "/api/windows/249eee4a-5a23-4efc-9d11-847867c8a917", "Application": "Crud.Api"}
Activity.TraceId:            39cd84a7f3b8da1795bfd7861f88e68d
Activity.SpanId:             8d92e73722242d28
Activity.TraceFlags:         Recorded
Activity.ActivitySourceName: Microsoft.AspNetCore
Activity.DisplayName:        PUT api/Windows/{id:guid}
Activity.Kind:               Server
Activity.StartTime:          2025-09-11T03:42:12.8515049Z
Activity.Duration:           00:00:00.0026246
Activity.Tags:
    server.address: localhost
    http.request.method: PUT
    url.scheme: http
    url.path: /api/windows/249eee4a-5a23-4efc-9d11-847867c8a917
    network.protocol.version: 1.1
    http.route: api/Windows/{id:guid}
    http.response.status_code: 204
Resource associated with Activity:
    deployment.environment: Testing
    service.name: Crud.Api
    service.version: 1.0.0
    service.instance.id: a483e3f3-32ea-4a50-a508-2cd77b6b2522
    telemetry.sdk.name: opentelemetry
    telemetry.sdk.language: dotnet
    telemetry.sdk.version: 1.8.1
[03:42:13 INF] User registered successfully: 6398ec7b-b9f7-4de8-a0a6-0f2b1d25ab17 {"SourceContext": "App.Features.Authentication.RegisterUserCommandHandler", "ActionId": "12b11d6c-58a8-468d-8a96-68b3060beb41", "ActionName": "Api.Controllers.AuthController.Register (Api)", "RequestId": "0HNFGSKFKDJ9S", "RequestPath": "/api/auth/register", "Application": "Crud.Api"}
Activity.TraceId:            93406a37408ff3d73ae27cbef0786a45
Activity.SpanId:             04f17132a93fc800
Activity.TraceFlags:         Recorded
Activity.ActivitySourceName: Microsoft.AspNetCore
Activity.DisplayName:        POST api/Auth/register
Activity.Kind:               Server
Activity.StartTime:          2025-09-11T03:42:12.8542550Z
Activity.Duration:           00:00:00.2981474
Activity.Tags:
    server.address: localhost
    http.request.method: POST
    url.scheme: http
    url.path: /api/auth/register
    network.protocol.version: 1.1
    http.route: api/Auth/register
    http.response.status_code: 200
Resource associated with Activity:
    deployment.environment: Testing
    service.name: Crud.Api
    service.version: 1.0.0
    service.instance.id: a483e3f3-32ea-4a50-a508-2cd77b6b2522
    telemetry.sdk.name: opentelemetry
    telemetry.sdk.language: dotnet
    telemetry.sdk.version: 1.8.1
[03:42:13 DBG] Cache miss for key: entity:window:249eee4a5a234efc9d11847867c8a917 {"SourceContext": "Infrastructure.Services.Caching.InMemoryCacheService", "ActionId": "1e6bc41a-be7d-4053-9c9c-005c38a9041e", "ActionName": "Api.Controllers.WindowsController.Get (Api)", "RequestId": "0HNFGSKFKDJ9T", "RequestPath": "/api/windows/249eee4a-5a23-4efc-9d11-847867c8a917", "Application": "Crud.Api"}
[03:42:13 DBG] Set cache value for key: entity:window:249eee4a5a234efc9d11847867c8a917 {"SourceContext": "Infrastructure.Services.Caching.InMemoryCacheService", "ActionId": "1e6bc41a-be7d-4053-9c9c-005c38a9041e", "ActionName": "Api.Controllers.WindowsController.Get (Api)", "RequestId": "0HNFGSKFKDJ9T", "RequestPath": "/api/windows/249eee4a-5a23-4efc-9d11-847867c8a917", "Application": "Crud.Api"}
Activity.TraceId:            6fc6cb4d7c87a1b6ed561e0f9bb3de56
Activity.SpanId:             21cb6534f2cf0f28
Activity.TraceFlags:         Recorded
Activity.ActivitySourceName: Microsoft.AspNetCore
Activity.DisplayName:        GET api/Windows/{id:guid}
Activity.Kind:               Server
Activity.StartTime:          2025-09-11T03:42:13.1526004Z
Activity.Duration:           00:00:00.0015190
Activity.Tags:
    server.address: localhost
    http.request.method: GET
    url.scheme: http
    url.path: /api/windows/249eee4a-5a23-4efc-9d11-847867c8a917
    network.protocol.version: 1.1
    http.route: api/Windows/{id:guid}
    http.response.status_code: 200
Resource associated with Activity:
    deployment.environment: Testing
    service.name: Crud.Api
    service.version: 1.0.0
    service.instance.id: a483e3f3-32ea-4a50-a508-2cd77b6b2522
    telemetry.sdk.name: opentelemetry
    telemetry.sdk.language: dotnet
    telemetry.sdk.version: 1.8.1
[03:42:13 INF] User registered successfully: 6bc8e5c8-85bb-4f05-9a80-7f57e3a7657a {"SourceContext": "App.Features.Authentication.RegisterUserCommandHandler", "ActionId": "12b11d6c-58a8-468d-8a96-68b3060beb41", "ActionName": "Api.Controllers.AuthController.Register (Api)", "RequestId": "0HNFGSKFKDJ9U", "RequestPath": "/api/auth/register", "Application": "Crud.Api"}
Activity.TraceId:            2f10586de20214a826a8b64a73258de2
Activity.SpanId:             bbbc1cc4d4ec9af3
Activity.TraceFlags:         Recorded
Activity.ActivitySourceName: Microsoft.AspNetCore
Activity.DisplayName:        POST api/Auth/register
Activity.Kind:               Server
Activity.StartTime:          2025-09-11T03:42:13.1564673Z
Activity.Duration:           00:00:00.2992612
Activity.Tags:
    server.address: localhost
    http.request.method: POST
    url.scheme: http
    url.path: /api/auth/register
    network.protocol.version: 1.1
    http.route: api/Auth/register
    http.response.status_code: 200
Resource associated with Activity:
    deployment.environment: Testing
    service.name: Crud.Api
    service.version: 1.0.0
    service.instance.id: a483e3f3-32ea-4a50-a508-2cd77b6b2522
    telemetry.sdk.name: opentelemetry
    telemetry.sdk.language: dotnet
    telemetry.sdk.version: 1.8.1
[03:42:13 INF] User logged in successfully: 6bc8e5c8-85bb-4f05-9a80-7f57e3a7657a {"SourceContext": "App.Features.Authentication.LoginCommandHandler", "ActionId": "b35ba662-dae1-4702-a264-e56b8b80389b", "ActionName": "Api.Controllers.AuthController.Login (Api)", "RequestId": "0HNFGSKFKDJ9V", "RequestPath": "/api/auth/login", "Application": "Crud.Api"}
Activity.TraceId:            d6d960aff20f981d147e19ca0fa94718
Activity.SpanId:             a6b39f7002d873bf
Activity.TraceFlags:         Recorded
Activity.ActivitySourceName: Microsoft.AspNetCore
Activity.DisplayName:        POST api/Auth/login
Activity.Kind:               Server
Activity.StartTime:          2025-09-11T03:42:13.4573471Z
Activity.Duration:           00:00:00.3012945
Activity.Tags:
    server.address: localhost
    http.request.method: POST
    url.scheme: http
    url.path: /api/auth/login
    network.protocol.version: 1.1
    http.route: api/Auth/login
    http.response.status_code: 200
Resource associated with Activity:
    deployment.environment: Testing
    service.name: Crud.Api
    service.version: 1.0.0
    service.instance.id: a483e3f3-32ea-4a50-a508-2cd77b6b2522
    telemetry.sdk.name: opentelemetry
    telemetry.sdk.language: dotnet
    telemetry.sdk.version: 1.8.1
[03:42:13 DBG] Cache miss for key: entity:window:2b9522a971004e9ea3f694ba70bb6223 {"SourceContext": "Infrastructure.Services.Caching.InMemoryCacheService", "ActionId": "49794a94-a8ec-4a7e-bd05-55e43608381c", "ActionName": "Api.Controllers.WindowsController.Update (Api)", "RequestId": "0HNFGSKFKDJA0", "RequestPath": "/api/windows/2b9522a9-7100-4e9e-a3f6-94ba70bb6223", "Application": "Crud.Api"}
Activity.TraceId:            fcc73d82f1fdd876b7cbf504e0d8b208
Activity.SpanId:             6b24a0a154540af8
Activity.TraceFlags:         Recorded
Activity.ActivitySourceName: Microsoft.AspNetCore
Activity.DisplayName:        PUT api/Windows/{id:guid}
Activity.Kind:               Server
Activity.StartTime:          2025-09-11T03:42:13.7594216Z
Activity.Duration:           00:00:00.0017557
Activity.Tags:
    server.address: localhost
    http.request.method: PUT
    url.scheme: http
    url.path: /api/windows/2b9522a9-7100-4e9e-a3f6-94ba70bb6223
    network.protocol.version: 1.1
    http.route: api/Windows/{id:guid}
    http.response.status_code: 404
Resource associated with Activity:
    deployment.environment: Testing
    service.name: Crud.Api
    service.version: 1.0.0
    service.instance.id: a483e3f3-32ea-4a50-a508-2cd77b6b2522
    telemetry.sdk.name: opentelemetry
    telemetry.sdk.language: dotnet
    telemetry.sdk.version: 1.8.1
[03:42:14 INF] User registered successfully: 5adb4113-d2db-40ba-a114-c0b37af36fa9 {"SourceContext": "App.Features.Authentication.RegisterUserCommandHandler", "ActionId": "12b11d6c-58a8-468d-8a96-68b3060beb41", "ActionName": "Api.Controllers.AuthController.Register (Api)", "RequestId": "0HNFGSKFKDJA1", "RequestPath": "/api/auth/register", "Application": "Crud.Api"}
Activity.TraceId:            36be6cc9c50845d2ef70776698519b30
Activity.SpanId:             a6dfb04808dd5559
Activity.TraceFlags:         Recorded
Activity.ActivitySourceName: Microsoft.AspNetCore
Activity.DisplayName:        POST api/Auth/register
Activity.Kind:               Server
Activity.StartTime:          2025-09-11T03:42:13.7633833Z
Activity.Duration:           00:00:00.2987449
Activity.Tags:
    server.address: localhost
    http.request.method: POST
    url.scheme: http
    url.path: /api/auth/register
    network.protocol.version: 1.1
    http.route: api/Auth/register
    http.response.status_code: 200
Resource associated with Activity:
    deployment.environment: Testing
    service.name: Crud.Api
    service.version: 1.0.0
    service.instance.id: a483e3f3-32ea-4a50-a508-2cd77b6b2522
    telemetry.sdk.name: opentelemetry
    telemetry.sdk.language: dotnet
    telemetry.sdk.version: 1.8.1
[03:42:14 INF] User logged in successfully: 5adb4113-d2db-40ba-a114-c0b37af36fa9 {"SourceContext": "App.Features.Authentication.LoginCommandHandler", "ActionId": "b35ba662-dae1-4702-a264-e56b8b80389b", "ActionName": "Api.Controllers.AuthController.Login (Api)", "RequestId": "0HNFGSKFKDJA2", "RequestPath": "/api/auth/login", "Application": "Crud.Api"}
Activity.TraceId:            fb0c4bac39c7f28ecd4c7531ec9a3e41
Activity.SpanId:             d7dba290418b3311
Activity.TraceFlags:         Recorded
Activity.ActivitySourceName: Microsoft.AspNetCore
Activity.DisplayName:        POST api/Auth/login
Activity.Kind:               Server
Activity.StartTime:          2025-09-11T03:42:14.0637061Z
Activity.Duration:           00:00:00.2986867
Activity.Tags:
    server.address: localhost
    http.request.method: POST
    url.scheme: http
    url.path: /api/auth/login
    network.protocol.version: 1.1
    http.route: api/Auth/login
    http.response.status_code: 200
Resource associated with Activity:
    deployment.environment: Testing
    service.name: Crud.Api
    service.version: 1.0.0
    service.instance.id: a483e3f3-32ea-4a50-a508-2cd77b6b2522
    telemetry.sdk.name: opentelemetry
    telemetry.sdk.language: dotnet
    telemetry.sdk.version: 1.8.1
[03:42:14 DBG] Removed cache value for key: entity:window:4b8445dedd804f2db9a621c664c69217 {"SourceContext": "Infrastructure.Services.Caching.InMemoryCacheService", "ActionId": "14f2875c-5361-4221-bcc8-785e9d451e72", "ActionName": "Api.Controllers.WindowsController.Create (Api)", "RequestId": "0HNFGSKFKDJA3", "RequestPath": "/api/windows", "Application": "Crud.Api"}
[03:42:14 DBG] Removed cache value for key: list:window {"SourceContext": "Infrastructure.Services.Caching.InMemoryCacheService", "ActionId": "14f2875c-5361-4221-bcc8-785e9d451e72", "ActionName": "Api.Controllers.WindowsController.Create (Api)", "RequestId": "0HNFGSKFKDJA3", "RequestPath": "/api/windows", "Application": "Crud.Api"}
[03:42:14 DBG] Invalidating cache for entity type: windows with tag: windows {"SourceContext": "Api.Services.OutputCacheInvalidationService", "ActionId": "14f2875c-5361-4221-bcc8-785e9d451e72", "ActionName": "Api.Controllers.WindowsController.Create (Api)", "RequestId": "0HNFGSKFKDJA3", "RequestPath": "/api/windows", "Application": "Crud.Api"}
[03:42:14 INF] Successfully invalidated cache for entity type: windows {"SourceContext": "Api.Services.OutputCacheInvalidationService", "ActionId": "14f2875c-5361-4221-bcc8-785e9d451e72", "ActionName": "Api.Controllers.WindowsController.Create (Api)", "RequestId": "0HNFGSKFKDJA3", "RequestPath": "/api/windows", "Application": "Crud.Api"}
Activity.TraceId:            c0a0a1269941911e7bc8336d46a4fe3d
Activity.SpanId:             12957b991a096f56
Activity.TraceFlags:         Recorded
Activity.ActivitySourceName: Microsoft.AspNetCore
Activity.DisplayName:        POST api/Windows
Activity.Kind:               Server
Activity.StartTime:          2025-09-11T03:42:14.3634286Z
Activity.Duration:           00:00:00.0021262
Activity.Tags:
    server.address: localhost
    http.request.method: POST
    url.scheme: http
    url.path: /api/windows
    network.protocol.version: 1.1
    http.route: api/Windows
    http.response.status_code: 201
Resource associated with Activity:
    deployment.environment: Testing
    service.name: Crud.Api
    service.version: 1.0.0
    service.instance.id: a483e3f3-32ea-4a50-a508-2cd77b6b2522
    telemetry.sdk.name: opentelemetry
    telemetry.sdk.language: dotnet
    telemetry.sdk.version: 1.8.1
[03:42:14 INF] User registered successfully: 49ff614a-9be5-46f2-a9ac-d09c5ed075a0 {"SourceContext": "App.Features.Authentication.RegisterUserCommandHandler", "ActionId": "12b11d6c-58a8-468d-8a96-68b3060beb41", "ActionName": "Api.Controllers.AuthController.Register (Api)", "RequestId": "0HNFGSKFKDJA4", "RequestPath": "/api/auth/register", "Application": "Crud.Api"}
Activity.TraceId:            424f7f109b9041acaa7e57126f04564a
Activity.SpanId:             7045f57028864ab7
Activity.TraceFlags:         Recorded
Activity.ActivitySourceName: Microsoft.AspNetCore
Activity.DisplayName:        POST api/Auth/register
Activity.Kind:               Server
Activity.StartTime:          2025-09-11T03:42:14.3676068Z
Activity.Duration:           00:00:00.2992372
Activity.Tags:
    server.address: localhost
    http.request.method: POST
    url.scheme: http
    url.path: /api/auth/register
    network.protocol.version: 1.1
    http.route: api/Auth/register
    http.response.status_code: 200
Resource associated with Activity:
    deployment.environment: Testing
    service.name: Crud.Api
    service.version: 1.0.0
    service.instance.id: a483e3f3-32ea-4a50-a508-2cd77b6b2522
    telemetry.sdk.name: opentelemetry
    telemetry.sdk.language: dotnet
    telemetry.sdk.version: 1.8.1
[03:42:14 INF] User logged in successfully: 49ff614a-9be5-46f2-a9ac-d09c5ed075a0 {"SourceContext": "App.Features.Authentication.LoginCommandHandler", "ActionId": "b35ba662-dae1-4702-a264-e56b8b80389b", "ActionName": "Api.Controllers.AuthController.Login (Api)", "RequestId": "0HNFGSKFKDJA5", "RequestPath": "/api/auth/login", "Application": "Crud.Api"}
Activity.TraceId:            68082d178159661fcf91d1b596aec07f
Activity.SpanId:             8b667cb719d3fb6d
Activity.TraceFlags:         Recorded
Activity.ActivitySourceName: Microsoft.AspNetCore
Activity.DisplayName:        POST api/Auth/login
Activity.Kind:               Server
Activity.StartTime:          2025-09-11T03:42:14.6724520Z
Activity.Duration:           00:00:00.2984556
Activity.Tags:
    server.address: localhost
    http.request.method: POST
    url.scheme: http
    url.path: /api/auth/login
    network.protocol.version: 1.1
    http.route: api/Auth/login
    http.response.status_code: 200
Resource associated with Activity:
    deployment.environment: Testing
    service.name: Crud.Api
    service.version: 1.0.0
    service.instance.id: a483e3f3-32ea-4a50-a508-2cd77b6b2522
    telemetry.sdk.name: opentelemetry
    telemetry.sdk.language: dotnet
    telemetry.sdk.version: 1.8.1
[03:42:14 DBG] Removed cache value for key: entity:window:4c58d89d88c44253b0e2b21cf86e255d {"SourceContext": "Infrastructure.Services.Caching.InMemoryCacheService", "ActionId": "ddf31dd5-938e-451a-878c-56a041cd4d2d", "ActionName": "Api.Controllers.WindowsController.Delete (Api)", "RequestId": "0HNFGSKFKDJA6", "RequestPath": "/api/windows/4c58d89d-88c4-4253-b0e2-b21cf86e255d", "Application": "Crud.Api"}
[03:42:14 DBG] Removed cache value for key: list:window {"SourceContext": "Infrastructure.Services.Caching.InMemoryCacheService", "ActionId": "ddf31dd5-938e-451a-878c-56a041cd4d2d", "ActionName": "Api.Controllers.WindowsController.Delete (Api)", "RequestId": "0HNFGSKFKDJA6", "RequestPath": "/api/windows/4c58d89d-88c4-4253-b0e2-b21cf86e255d", "Application": "Crud.Api"}
[03:42:14 DBG] Invalidating cache for entity: windows/4c58d89d-88c4-4253-b0e2-b21cf86e255d with tags: windows, windows:4c58d89d-88c4-4253-b0e2-b21cf86e255d {"SourceContext": "Api.Services.OutputCacheInvalidationService", "ActionId": "ddf31dd5-938e-451a-878c-56a041cd4d2d", "ActionName": "Api.Controllers.WindowsController.Delete (Api)", "RequestId": "0HNFGSKFKDJA6", "RequestPath": "/api/windows/4c58d89d-88c4-4253-b0e2-b21cf86e255d", "Application": "Crud.Api"}
[03:42:14 DBG] Successfully invalidated cache for tag: windows {"SourceContext": "Api.Services.OutputCacheInvalidationService", "ActionId": "ddf31dd5-938e-451a-878c-56a041cd4d2d", "ActionName": "Api.Controllers.WindowsController.Delete (Api)", "RequestId": "0HNFGSKFKDJA6", "RequestPath": "/api/windows/4c58d89d-88c4-4253-b0e2-b21cf86e255d", "Application": "Crud.Api"}
[03:42:14 DBG] Successfully invalidated cache for tag: windows:4c58d89d-88c4-4253-b0e2-b21cf86e255d {"SourceContext": "Api.Services.OutputCacheInvalidationService", "ActionId": "ddf31dd5-938e-451a-878c-56a041cd4d2d", "ActionName": "Api.Controllers.WindowsController.Delete (Api)", "RequestId": "0HNFGSKFKDJA6", "RequestPath": "/api/windows/4c58d89d-88c4-4253-b0e2-b21cf86e255d", "Application": "Crud.Api"}
Activity.TraceId:            2c97f7488b55a2ff577877cf57923df1
Activity.SpanId:             59a9d60374b4e365
Activity.TraceFlags:         Recorded
Activity.ActivitySourceName: Microsoft.AspNetCore
Activity.DisplayName:        DELETE api/Windows/{id:guid}
Activity.Kind:               Server
Activity.StartTime:          2025-09-11T03:42:14.9718805Z
Activity.Duration:           00:00:00.0017527
Activity.Tags:
    server.address: localhost
    http.request.method: DELETE
    url.scheme: http
    url.path: /api/windows/4c58d89d-88c4-4253-b0e2-b21cf86e255d
    network.protocol.version: 1.1
    http.route: api/Windows/{id:guid}
    http.response.status_code: 204
Resource associated with Activity:
    deployment.environment: Testing
    service.name: Crud.Api
    service.version: 1.0.0
    service.instance.id: a483e3f3-32ea-4a50-a508-2cd77b6b2522
    telemetry.sdk.name: opentelemetry
    telemetry.sdk.language: dotnet
    telemetry.sdk.version: 1.8.1
[03:42:14 INF] Resetting database for worker 8659 {"SourceContext": "Infrastructure.Services.DatabaseTestService", "Application": "Crud.Api"}
[03:42:14 INF] Resetting database via file deletion for worker 8659 in CI environment {"SourceContext": "Infrastructure.Services.DatabaseTestService", "Application": "Crud.Api"}
[03:42:14 INF] Acquiring database mutex for worker 8659... {"SourceContext": "Infrastructure.Services.DatabaseTestService", "Application": "Crud.Api"}
[03:42:14 INF] Database mutex acquired for worker 8659 {"SourceContext": "Infrastructure.Services.DatabaseTestService", "Application": "Crud.Api"}
[03:42:14 INF] Current database state - CanConnect: True {"SourceContext": "Infrastructure.Services.DatabaseTestService", "Application": "Crud.Api"}
[03:42:14 INF] [Phase 0] Closing database connection for worker 8659... {"SourceContext": "Infrastructure.Services.DatabaseTestService", "Application": "Crud.Api"}
[03:42:14 INF] [Phase 0] Connection closed in 0.0015ms {"SourceContext": "Infrastructure.Services.DatabaseTestService", "Application": "Crud.Api"}
[03:42:14 INF] [Phase 1] Starting EnsureDeletedAsync for worker 8659... {"SourceContext": "Infrastructure.Services.DatabaseTestService", "Application": "Crud.Api"}
[03:42:14 INF] [Phase 1] EnsureDeletedAsync completed in 1.8178ms {"SourceContext": "Infrastructure.Services.DatabaseTestService", "Application": "Crud.Api"}
[03:42:15 INF] [Phase 2] Starting EnsureCreatedAsync for worker 8659... {"SourceContext": "Infrastructure.Services.DatabaseTestService", "Application": "Crud.Api"}
[03:42:15 INF] [Phase 2] EnsureCreatedAsync completed in 8.3302ms {"SourceContext": "Infrastructure.Services.DatabaseTestService", "Application": "Crud.Api"}
[03:42:15 INF] [Phase 3] Skipping database seeding as requested for worker 8659 {"SourceContext": "Infrastructure.Services.DatabaseTestService", "Application": "Crud.Api"}
[03:42:15 INF] Database reset via file deletion completed for worker 8659 in 111.3675ms (Close: 0.0015ms, Delete: 1.8178ms, Create: 8.3302ms) {"SourceContext": "Infrastructure.Services.DatabaseTestService", "Application": "Crud.Api"}
[03:42:15 INF] Releasing database mutex for worker 8659 {"SourceContext": "Infrastructure.Services.DatabaseTestService", "Application": "Crud.Api"}
[03:42:15 INF] User registered successfully: 9118d312-795c-4d3d-9cbd-6637689ee5d5 {"SourceContext": "App.Features.Authentication.RegisterUserCommandHandler", "ActionId": "12b11d6c-58a8-468d-8a96-68b3060beb41", "ActionName": "Api.Controllers.AuthController.Register (Api)", "RequestId": "0HNFGSKFKDJA7", "RequestPath": "/api/auth/register", "Application": "Crud.Api"}
Activity.TraceId:            a71ec5b1b1bd630d7ddc7c1c00951ef5
Activity.SpanId:             44e0f2fada1a2a8a
Activity.TraceFlags:         Recorded
Activity.ActivitySourceName: Microsoft.AspNetCore
Activity.DisplayName:        POST api/Auth/register
Activity.Kind:               Server
Activity.StartTime:          2025-09-11T03:42:15.0887976Z
Activity.Duration:           00:00:00.2985423
Activity.Tags:
    server.address: localhost
    http.request.method: POST
    url.scheme: http
    url.path: /api/auth/register
    network.protocol.version: 1.1
    http.route: api/Auth/register
    http.response.status_code: 200
Resource associated with Activity:
    deployment.environment: Testing
    service.name: Crud.Api
    service.version: 1.0.0
    service.instance.id: a483e3f3-32ea-4a50-a508-2cd77b6b2522
    telemetry.sdk.name: opentelemetry
    telemetry.sdk.language: dotnet
    telemetry.sdk.version: 1.8.1
[03:42:15 DBG] Cache miss for key: list:window {"SourceContext": "Infrastructure.Services.Caching.InMemoryCacheService", "ActionId": "9309c66c-cea2-465d-858d-94f3c8930e11", "ActionName": "Api.Controllers.WindowsController.List (Api)", "RequestId": "0HNFGSKFKDJA8", "RequestPath": "/api/windows", "Application": "Crud.Api"}
[03:42:15 DBG] Set cache value for key: list:window {"SourceContext": "Infrastructure.Services.Caching.InMemoryCacheService", "ActionId": "9309c66c-cea2-465d-858d-94f3c8930e11", "ActionName": "Api.Controllers.WindowsController.List (Api)", "RequestId": "0HNFGSKFKDJA8", "RequestPath": "/api/windows", "Application": "Crud.Api"}
Activity.TraceId:            10ef5bfed74859763d931b7e069f3d01
Activity.SpanId:             105a7b3eb673c22b
Activity.TraceFlags:         Recorded
Activity.ActivitySourceName: Microsoft.AspNetCore
Activity.DisplayName:        GET api/Windows
Activity.Kind:               Server
Activity.StartTime:          2025-09-11T03:42:15.3876103Z
Activity.Duration:           00:00:00.0011528
Activity.Tags:
    server.address: localhost
    http.request.method: GET
    url.scheme: http
    url.path: /api/windows
    network.protocol.version: 1.1
    http.route: api/Windows
    http.response.status_code: 200
Resource associated with Activity:
    deployment.environment: Testing
    service.name: Crud.Api
    service.version: 1.0.0
    service.instance.id: a483e3f3-32ea-4a50-a508-2cd77b6b2522
    telemetry.sdk.name: opentelemetry
    telemetry.sdk.language: dotnet
    telemetry.sdk.version: 1.8.1
[03:42:15 INF] Resetting database for worker 8659 {"SourceContext": "Infrastructure.Services.DatabaseTestService", "Application": "Crud.Api"}
[03:42:15 INF] Resetting database via file deletion for worker 8659 in CI environment {"SourceContext": "Infrastructure.Services.DatabaseTestService", "Application": "Crud.Api"}
[03:42:15 INF] Acquiring database mutex for worker 8659... {"SourceContext": "Infrastructure.Services.DatabaseTestService", "Application": "Crud.Api"}
[03:42:15 INF] Database mutex acquired for worker 8659 {"SourceContext": "Infrastructure.Services.DatabaseTestService", "Application": "Crud.Api"}
[03:42:15 INF] Current database state - CanConnect: True {"SourceContext": "Infrastructure.Services.DatabaseTestService", "Application": "Crud.Api"}
[03:42:15 INF] [Phase 0] Closing database connection for worker 8659... {"SourceContext": "Infrastructure.Services.DatabaseTestService", "Application": "Crud.Api"}
[03:42:15 INF] [Phase 0] Connection closed in 0.0014ms {"SourceContext": "Infrastructure.Services.DatabaseTestService", "Application": "Crud.Api"}
[03:42:15 INF] [Phase 1] Starting EnsureDeletedAsync for worker 8659... {"SourceContext": "Infrastructure.Services.DatabaseTestService", "Application": "Crud.Api"}
[03:42:15 INF] [Phase 1] EnsureDeletedAsync completed in 1.2175ms {"SourceContext": "Infrastructure.Services.DatabaseTestService", "Application": "Crud.Api"}
[03:42:15 INF] [Phase 2] Starting EnsureCreatedAsync for worker 8659... {"SourceContext": "Infrastructure.Services.DatabaseTestService", "Application": "Crud.Api"}
[03:42:15 INF] [Phase 2] EnsureCreatedAsync completed in 7.6663ms {"SourceContext": "Infrastructure.Services.DatabaseTestService", "Application": "Crud.Api"}
[03:42:15 INF] [Phase 3] Skipping database seeding as requested for worker 8659 {"SourceContext": "Infrastructure.Services.DatabaseTestService", "Application": "Crud.Api"}
[03:42:15 INF] Database reset via file deletion completed for worker 8659 in 109.7494ms (Close: 0.0014ms, Delete: 1.2175ms, Create: 7.6663ms) {"SourceContext": "Infrastructure.Services.DatabaseTestService", "Application": "Crud.Api"}
[03:42:15 INF] Releasing database mutex for worker 8659 {"SourceContext": "Infrastructure.Services.DatabaseTestService", "Application": "Crud.Api"}
Metric Name: http.server.active_requests, Number of active HTTP server requests., Unit: {request}, Meter: Microsoft.AspNetCore.Hosting
(2025-09-11T03:42:01.6974334Z, 2025-09-11T03:42:15.5012424Z] http.request.method: POST url.scheme: http LongSumNonMonotonic
Value: 0
(2025-09-11T03:42:01.6974334Z, 2025-09-11T03:42:15.5012424Z] http.request.method: DELETE url.scheme: http LongSumNonMonotonic
Value: 0
(2025-09-11T03:42:01.6974334Z, 2025-09-11T03:42:15.5012424Z] http.request.method: GET url.scheme: http LongSumNonMonotonic
Value: 0
(2025-09-11T03:42:01.6974334Z, 2025-09-11T03:42:15.5012424Z] http.request.method: PUT url.scheme: http LongSumNonMonotonic
Value: 0
Metric Name: http.server.request.duration, Duration of HTTP server requests., Unit: s, Meter: Microsoft.AspNetCore.Hosting
(2025-09-11T03:42:01.6974586Z, 2025-09-11T03:42:15.5012476Z] http.request.method: POST http.response.status_code: 200 http.route: api/Auth/register network.protocol.version: 1.1 url.scheme: http Histogram
Value: Sum: 7.595827600000002 Count: 25 Min: 0.2979114 Max: 0.3961828 
(-Infinity,0.005]:0
(0.005,0.01]:0
(0.01,0.025]:0
(0.025,0.05]:0
(0.05,0.075]:0
(0.075,0.1]:0
(0.1,0.25]:0
(0.25,0.5]:25
(0.5,0.75]:0
(0.75,1]:0
(1,2.5]:0
(2.5,5]:0
(5,7.5]:0
(7.5,10]:0
(10,+Infinity]:0
(2025-09-11T03:42:01.6974586Z, 2025-09-11T03:42:15.5012476Z] http.request.method: POST http.response.status_code: 200 http.route: api/Auth/login network.protocol.version: 1.1 url.scheme: http Histogram
Value: Sum: 5.5263461 Count: 18 Min: 0.2981307 Max: 0.432379 
(-Infinity,0.005]:0
(0.005,0.01]:0
(0.01,0.025]:0
(0.025,0.05]:0
(0.05,0.075]:0
(0.075,0.1]:0
(0.1,0.25]:0
(0.25,0.5]:18
(0.5,0.75]:0
(0.75,1]:0
(1,2.5]:0
(2.5,5]:0
(5,7.5]:0
(7.5,10]:0
(10,+Infinity]:0
(2025-09-11T03:42:01.6974586Z, 2025-09-11T03:42:15.5012476Z] http.request.method: POST http.response.status_code: 400 http.route: api/Windows network.protocol.version: 1.1 url.scheme: http Histogram
Value: Sum: 0.017192600000000002 Count: 2 Min: 0.0014451 Max: 0.0157475 
(-Infinity,0.005]:1
(0.005,0.01]:0
(0.01,0.025]:1
(0.025,0.05]:0
(0.05,0.075]:0
(0.075,0.1]:0
(0.1,0.25]:0
(0.25,0.5]:0
(0.5,0.75]:0
(0.75,1]:0
(1,2.5]:0
(2.5,5]:0
(5,7.5]:0
(7.5,10]:0
(10,+Infinity]:0
(2025-09-11T03:42:01.6974586Z, 2025-09-11T03:42:15.5012476Z] http.request.method: POST http.response.status_code: 201 http.route: api/Windows network.protocol.version: 1.1 url.scheme: http Histogram
Value: Sum: 0.1381703 Count: 11 Min: 0.0017497 Max: 0.1000134 
(-Infinity,0.005]:8
(0.005,0.01]:1
(0.01,0.025]:1
(0.025,0.05]:0
(0.05,0.075]:0
(0.075,0.1]:0
(0.1,0.25]:1
(0.25,0.5]:0
(0.5,0.75]:0
(0.75,1]:0
(1,2.5]:0
(2.5,5]:0
(5,7.5]:0
(7.5,10]:0
(10,+Infinity]:0
(2025-09-11T03:42:01.6974586Z, 2025-09-11T03:42:15.5012476Z] http.request.method: DELETE http.response.status_code: 204 http.route: api/Windows/{id:guid} network.protocol.version: 1.1 url.scheme: http Histogram
Value: Sum: 0.0304734 Count: 2 Min: 0.0017579 Max: 0.0287155 
(-Infinity,0.005]:1
(0.005,0.01]:0
(0.01,0.025]:0
(0.025,0.05]:1
(0.05,0.075]:0
(0.075,0.1]:0
(0.1,0.25]:0
(0.25,0.5]:0
(0.5,0.75]:0
(0.75,1]:0
(1,2.5]:0
(2.5,5]:0
(5,7.5]:0
(7.5,10]:0
(10,+Infinity]:0
(2025-09-11T03:42:01.6974586Z, 2025-09-11T03:42:15.5012476Z] http.request.method: GET http.response.status_code: 404 http.route: api/Windows/{id:guid} network.protocol.version: 1.1 url.scheme: http Histogram
Value: Sum: 0.011990500000000001 Count: 2 Min: 0.0015252 Max: 0.0104653 
(-Infinity,0.005]:1
(0.005,0.01]:0
(0.01,0.025]:1
(0.025,0.05]:0
(0.05,0.075]:0
(0.075,0.1]:0
(0.1,0.25]:0
(0.25,0.5]:0
(0.5,0.75]:0
(0.75,1]:0
(1,2.5]:0
(2.5,5]:0
(5,7.5]:0
(7.5,10]:0
(10,+Infinity]:0
(2025-09-11T03:42:01.6974586Z, 2025-09-11T03:42:15.5012476Z] http.request.method: GET http.response.status_code: 200 http.route: api/Windows network.protocol.version: 1.1 url.scheme: http Histogram
Value: Sum: 0.0106689 Count: 2 Min: 0.0011549 Max: 0.009514 
(-Infinity,0.005]:1
(0.005,0.01]:1
(0.01,0.025]:0
(0.025,0.05]:0
(0.05,0.075]:0
(0.075,0.1]:0
(0.1,0.25]:0
(0.25,0.5]:0
(0.5,0.75]:0
(0.75,1]:0
(1,2.5]:0
(2.5,5]:0
(5,7.5]:0
(7.5,10]:0
(10,+Infinity]:0
(2025-09-11T03:42:01.6974586Z, 2025-09-11T03:42:15.5012476Z] http.request.method: PUT http.response.status_code: 204 http.route: api/Windows/{id:guid} network.protocol.version: 1.1 url.scheme: http Histogram
Value: Sum: 0.0153507 Count: 2 Min: 0.002625 Max: 0.0127257 
(-Infinity,0.005]:1
(0.005,0.01]:0
(0.01,0.025]:1
(0.025,0.05]:0
(0.05,0.075]:0
(0.075,0.1]:0
(0.1,0.25]:0
(0.25,0.5]:0
(0.5,0.75]:0
(0.75,1]:0
(1,2.5]:0
(2.5,5]:0
(5,7.5]:0
(7.5,10]:0
(10,+Infinity]:0
(2025-09-11T03:42:01.6974586Z, 2025-09-11T03:42:15.5012476Z] http.request.method: GET http.response.status_code: 200 http.route: api/Windows/{id:guid} network.protocol.version: 1.1 url.scheme: http Histogram
Value: Sum: 0.0079907 Count: 3 Min: 0.0015215 Max: 0.0033963 
(-Infinity,0.005]:3
(0.005,0.01]:0
(0.01,0.025]:0
(0.025,0.05]:0
(0.05,0.075]:0
(0.075,0.1]:0
(0.1,0.25]:0
(0.25,0.5]:0
(0.5,0.75]:0
(0.75,1]:0
(1,2.5]:0
(2.5,5]:0
(5,7.5]:0
(7.5,10]:0
(10,+Infinity]:0
(2025-09-11T03:42:01.6974586Z, 2025-09-11T03:42:15.5012476Z] http.request.method: PUT http.response.status_code: 404 http.route: api/Windows/{id:guid} network.protocol.version: 1.1 url.scheme: http Histogram
Value: Sum: 0.0017449 Count: 1 Min: 0.0017449 Max: 0.0017449 
(-Infinity,0.005]:1
(0.005,0.01]:0
(0.01,0.025]:0
(0.025,0.05]:0
(0.05,0.075]:0
(0.075,0.1]:0
(0.1,0.25]:0
(0.25,0.5]:0
(0.5,0.75]:0
(0.75,1]:0
(1,2.5]:0
(2.5,5]:0
(5,7.5]:0
(7.5,10]:0
(10,+Infinity]:0
Metric Name: aspnetcore.rate_limiting.active_request_leases, Number of HTTP requests that are currently active on the server that hold a rate limiting lease., Unit: {request}, Meter: Microsoft.AspNetCore.RateLimiting
(2025-09-11T03:42:01.7008009Z, 2025-09-11T03:42:15.5012485Z] LongSumNonMonotonic
Value: 0
Metric Name: aspnetcore.rate_limiting.request_lease.duration, The duration of rate limiting leases held by HTTP requests on the server., Unit: s, Meter: Microsoft.AspNetCore.RateLimiting
(2025-09-11T03:42:01.7008234Z, 2025-09-11T03:42:15.5012497Z] Histogram
Value: Sum: 13.326391099999997 Count: 68 Min: 0.0010613 Max: 0.432257 
(-Infinity,0.005]:17
(0.005,0.01]:2
(0.01,0.025]:4
(0.025,0.05]:1
(0.05,0.075]:0
(0.075,0.1]:1
(0.1,0.25]:0
(0.25,0.5]:43
(0.5,0.75]:0
(0.75,1]:0
(1,2.5]:0
(2.5,5]:0
(5,7.5]:0
(7.5,10]:0
(10,+Infinity]:0
Metric Name: aspnetcore.rate_limiting.requests, Number of requests that tried to acquire a rate limiting lease. Requests could be rejected by global or endpoint rate limiting policies. Or the request could be canceled while waiting for the lease., Unit: {request}, Meter: Microsoft.AspNetCore.RateLimiting
(2025-09-11T03:42:01.7008681Z, 2025-09-11T03:42:15.5012513Z] aspnetcore.rate_limiting.result: acquired LongSum
Value: 68
Metric Name: aspnetcore.routing.match_attempts, Number of requests that were attempted to be matched to an endpoint., Unit: {match_attempt}, Meter: Microsoft.AspNetCore.Routing
(2025-09-11T03:42:01.7021197Z, 2025-09-11T03:42:15.5012522Z] aspnetcore.routing.is_fallback: false aspnetcore.routing.match_status: success http.route: api/Auth/register LongSum
Value: 25
(2025-09-11T03:42:01.7021197Z, 2025-09-11T03:42:15.5012522Z] aspnetcore.routing.is_fallback: false aspnetcore.routing.match_status: success http.route: api/Auth/login LongSum
Value: 18
(2025-09-11T03:42:01.7021197Z, 2025-09-11T03:42:15.5012522Z] aspnetcore.routing.is_fallback: false aspnetcore.routing.match_status: success http.route: api/Windows LongSum
Value: 15
(2025-09-11T03:42:01.7021197Z, 2025-09-11T03:42:15.5012522Z] aspnetcore.routing.is_fallback: false aspnetcore.routing.match_status: success http.route: api/Windows/{id:guid} LongSum
Value: 10
[03:42:15 INF] Starting Crud API application {"Application": "Crud.Api"}
[03:42:15 INF] Using SQLite provider with connection: Data Source=TestDatabase.db {"Application": "Crud.Api"}
[03:42:15 INF] Database ensured successfully {"Application": "Crud.Api"}
[03:42:15 INF] Application configured successfully. Starting web host... {"Application": "Crud.Api"}
[03:42:15 INF] Resetting database for worker 14278 {"SourceContext": "Infrastructure.Services.DatabaseTestService", "Application": "Crud.Api"}
[03:42:15 INF] Resetting database via file deletion for worker 14278 in CI environment {"SourceContext": "Infrastructure.Services.DatabaseTestService", "Application": "Crud.Api"}
[03:42:15 INF] Acquiring database mutex for worker 14278... {"SourceContext": "Infrastructure.Services.DatabaseTestService", "Application": "Crud.Api"}
[03:42:15 INF] Database mutex acquired for worker 14278 {"SourceContext": "Infrastructure.Services.DatabaseTestService", "Application": "Crud.Api"}
[03:42:15 INF] Current database state - CanConnect: True {"SourceContext": "Infrastructure.Services.DatabaseTestService", "Application": "Crud.Api"}
[03:42:15 INF] [Phase 0] Closing database connection for worker 14278... {"SourceContext": "Infrastructure.Services.DatabaseTestService", "Application": "Crud.Api"}
[03:42:15 INF] [Phase 0] Connection closed in 0.0014ms {"SourceContext": "Infrastructure.Services.DatabaseTestService", "Application": "Crud.Api"}
[03:42:15 INF] [Phase 1] Starting EnsureDeletedAsync for worker 14278... {"SourceContext": "Infrastructure.Services.DatabaseTestService", "Application": "Crud.Api"}
[03:42:15 INF] [Phase 1] EnsureDeletedAsync completed in 1.5765ms {"SourceContext": "Infrastructure.Services.DatabaseTestService", "Application": "Crud.Api"}
[03:42:15 INF] [Phase 2] Starting EnsureCreatedAsync for worker 14278... {"SourceContext": "Infrastructure.Services.DatabaseTestService", "Application": "Crud.Api"}
[03:42:15 INF] [Phase 2] EnsureCreatedAsync completed in 12.8624ms {"SourceContext": "Infrastructure.Services.DatabaseTestService", "Application": "Crud.Api"}
[03:42:15 INF] [Phase 3] Skipping database seeding as requested for worker 14278 {"SourceContext": "Infrastructure.Services.DatabaseTestService", "Application": "Crud.Api"}
[03:42:15 INF] Database reset via file deletion completed for worker 14278 in 115.3211ms (Close: 0.0014ms, Delete: 1.5765ms, Create: 12.8624ms) {"SourceContext": "Infrastructure.Services.DatabaseTestService", "Application": "Crud.Api"}
[03:42:15 INF] Releasing database mutex for worker 14278 {"SourceContext": "Infrastructure.Services.DatabaseTestService", "Application": "Crud.Api"}
[03:42:15 DBG] Cache miss for key: entity:person:4c092e6e95a644d8bb37c4fbfe56b40a {"SourceContext": "Infrastructure.Services.Caching.InMemoryCacheService", "Application": "Crud.Api"}
[03:42:15 DBG] Set cache value for key: entity:person:4c092e6e95a644d8bb37c4fbfe56b40a {"SourceContext": "Infrastructure.Services.Caching.InMemoryCacheService", "Application": "Crud.Api"}
[03:42:15 DBG] Removed cache value for key: entity:person:4c092e6e95a644d8bb37c4fbfe56b40a {"SourceContext": "Infrastructure.Services.Caching.InMemoryCacheService", "Application": "Crud.Api"}
[03:42:15 DBG] Removed cache value for key: list:person {"SourceContext": "Infrastructure.Services.Caching.InMemoryCacheService", "Application": "Crud.Api"}
[03:42:15 INF] Resetting database for worker 14278 {"SourceContext": "Infrastructure.Services.DatabaseTestService", "Application": "Crud.Api"}
[03:42:15 INF] Resetting database via file deletion for worker 14278 in CI environment {"SourceContext": "Infrastructure.Services.DatabaseTestService", "Application": "Crud.Api"}
[03:42:15 INF] Acquiring database mutex for worker 14278... {"SourceContext": "Infrastructure.Services.DatabaseTestService", "Application": "Crud.Api"}
[03:42:15 INF] Database mutex acquired for worker 14278 {"SourceContext": "Infrastructure.Services.DatabaseTestService", "Application": "Crud.Api"}
[03:42:15 INF] Current database state - CanConnect: True {"SourceContext": "Infrastructure.Services.DatabaseTestService", "Application": "Crud.Api"}
[03:42:15 INF] [Phase 0] Closing database connection for worker 14278... {"SourceContext": "Infrastructure.Services.DatabaseTestService", "Application": "Crud.Api"}
[03:42:15 INF] [Phase 0] Connection closed in 0.002ms {"SourceContext": "Infrastructure.Services.DatabaseTestService", "Application": "Crud.Api"}
[03:42:15 INF] [Phase 1] Starting EnsureDeletedAsync for worker 14278... {"SourceContext": "Infrastructure.Services.DatabaseTestService", "Application": "Crud.Api"}
[03:42:15 INF] [Phase 1] EnsureDeletedAsync completed in 1.487ms {"SourceContext": "Infrastructure.Services.DatabaseTestService", "Application": "Crud.Api"}
[03:42:15 INF] [Phase 2] Starting EnsureCreatedAsync for worker 14278... {"SourceContext": "Infrastructure.Services.DatabaseTestService", "Application": "Crud.Api"}
[03:42:15 INF] [Phase 2] EnsureCreatedAsync completed in 8.5714ms {"SourceContext": "Infrastructure.Services.DatabaseTestService", "Application": "Crud.Api"}
[03:42:15 INF] [Phase 3] Skipping database seeding as requested for worker 14278 {"SourceContext": "Infrastructure.Services.DatabaseTestService", "Application": "Crud.Api"}
[03:42:15 INF] Database reset via file deletion completed for worker 14278 in 110.9536ms (Close: 0.002ms, Delete: 1.487ms, Create: 8.5714ms) {"SourceContext": "Infrastructure.Services.DatabaseTestService", "Application": "Crud.Api"}
[03:42:15 INF] Releasing database mutex for worker 14278 {"SourceContext": "Infrastructure.Services.DatabaseTestService", "Application": "Crud.Api"}
[03:42:15 INF] Resetting database for worker 14278 {"SourceContext": "Infrastructure.Services.DatabaseTestService", "Application": "Crud.Api"}
[03:42:15 INF] Resetting database via file deletion for worker 14278 in CI environment {"SourceContext": "Infrastructure.Services.DatabaseTestService", "Application": "Crud.Api"}
[03:42:15 INF] Acquiring database mutex for worker 14278... {"SourceContext": "Infrastructure.Services.DatabaseTestService", "Application": "Crud.Api"}
[03:42:15 INF] Database mutex acquired for worker 14278 {"SourceContext": "Infrastructure.Services.DatabaseTestService", "Application": "Crud.Api"}
[03:42:15 INF] Current database state - CanConnect: True {"SourceContext": "Infrastructure.Services.DatabaseTestService", "Application": "Crud.Api"}
[03:42:15 INF] [Phase 0] Closing database connection for worker 14278... {"SourceContext": "Infrastructure.Services.DatabaseTestService", "Application": "Crud.Api"}
[03:42:15 INF] [Phase 0] Connection closed in 0.0015ms {"SourceContext": "Infrastructure.Services.DatabaseTestService", "Application": "Crud.Api"}
[03:42:15 INF] [Phase 1] Starting EnsureDeletedAsync for worker 14278... {"SourceContext": "Infrastructure.Services.DatabaseTestService", "Application": "Crud.Api"}
[03:42:15 INF] [Phase 1] EnsureDeletedAsync completed in 1.2734ms {"SourceContext": "Infrastructure.Services.DatabaseTestService", "Application": "Crud.Api"}
[03:42:15 INF] [Phase 2] Starting EnsureCreatedAsync for worker 14278... {"SourceContext": "Infrastructure.Services.DatabaseTestService", "Application": "Crud.Api"}
[03:42:15 INF] [Phase 2] EnsureCreatedAsync completed in 8.3361ms {"SourceContext": "Infrastructure.Services.DatabaseTestService", "Application": "Crud.Api"}
[03:42:15 INF] [Phase 3] Skipping database seeding as requested for worker 14278 {"SourceContext": "Infrastructure.Services.DatabaseTestService", "Application": "Crud.Api"}
[03:42:15 INF] Database reset via file deletion completed for worker 14278 in 109.953ms (Close: 0.0015ms, Delete: 1.2734ms, Create: 8.3361ms) {"SourceContext": "Infrastructure.Services.DatabaseTestService", "Application": "Crud.Api"}
[03:42:15 INF] Releasing database mutex for worker 14278 {"SourceContext": "Infrastructure.Services.DatabaseTestService", "Application": "Crud.Api"}
[03:42:15 INF] Resetting database for worker 14278 {"SourceContext": "Infrastructure.Services.DatabaseTestService", "Application": "Crud.Api"}
[03:42:15 INF] Resetting database via file deletion for worker 14278 in CI environment {"SourceContext": "Infrastructure.Services.DatabaseTestService", "Application": "Crud.Api"}
[03:42:15 INF] Acquiring database mutex for worker 14278... {"SourceContext": "Infrastructure.Services.DatabaseTestService", "Application": "Crud.Api"}
[03:42:15 INF] Database mutex acquired for worker 14278 {"SourceContext": "Infrastructure.Services.DatabaseTestService", "Application": "Crud.Api"}
[03:42:15 INF] Current database state - CanConnect: True {"SourceContext": "Infrastructure.Services.DatabaseTestService", "Application": "Crud.Api"}
[03:42:15 INF] [Phase 0] Closing database connection for worker 14278... {"SourceContext": "Infrastructure.Services.DatabaseTestService", "Application": "Crud.Api"}
[03:42:15 INF] [Phase 0] Connection closed in 0.0054ms {"SourceContext": "Infrastructure.Services.DatabaseTestService", "Application": "Crud.Api"}
[03:42:15 INF] [Phase 1] Starting EnsureDeletedAsync for worker 14278... {"SourceContext": "Infrastructure.Services.DatabaseTestService", "Application": "Crud.Api"}
[03:42:15 INF] [Phase 1] EnsureDeletedAsync completed in 1.648ms {"SourceContext": "Infrastructure.Services.DatabaseTestService", "Application": "Crud.Api"}
[03:42:16 INF] [Phase 2] Starting EnsureCreatedAsync for worker 14278... {"SourceContext": "Infrastructure.Services.DatabaseTestService", "Application": "Crud.Api"}
[03:42:16 INF] [Phase 2] EnsureCreatedAsync completed in 7.5342ms {"SourceContext": "Infrastructure.Services.DatabaseTestService", "Application": "Crud.Api"}
[03:42:16 INF] [Phase 3] Skipping database seeding as requested for worker 14278 {"SourceContext": "Infrastructure.Services.DatabaseTestService", "Application": "Crud.Api"}
[03:42:16 INF] Database reset via file deletion completed for worker 14278 in 109.5714ms (Close: 0.0054ms, Delete: 1.648ms, Create: 7.5342ms) {"SourceContext": "Infrastructure.Services.DatabaseTestService", "Application": "Crud.Api"}
[03:42:16 INF] Releasing database mutex for worker 14278 {"SourceContext": "Infrastructure.Services.DatabaseTestService", "Application": "Crud.Api"}
[03:42:16 INF] Resetting database for worker 14278 {"SourceContext": "Infrastructure.Services.DatabaseTestService", "Application": "Crud.Api"}
[03:42:16 INF] Resetting database via file deletion for worker 14278 in CI environment {"SourceContext": "Infrastructure.Services.DatabaseTestService", "Application": "Crud.Api"}
[03:42:16 INF] Acquiring database mutex for worker 14278... {"SourceContext": "Infrastructure.Services.DatabaseTestService", "Application": "Crud.Api"}
[03:42:16 INF] Database mutex acquired for worker 14278 {"SourceContext": "Infrastructure.Services.DatabaseTestService", "Application": "Crud.Api"}
[03:42:16 INF] Current database state - CanConnect: True {"SourceContext": "Infrastructure.Services.DatabaseTestService", "Application": "Crud.Api"}
[03:42:16 INF] [Phase 0] Closing database connection for worker 14278... {"SourceContext": "Infrastructure.Services.DatabaseTestService", "Application": "Crud.Api"}
[03:42:16 INF] [Phase 0] Connection closed in 0.0013ms {"SourceContext": "Infrastructure.Services.DatabaseTestService", "Application": "Crud.Api"}
[03:42:16 INF] [Phase 1] Starting EnsureDeletedAsync for worker 14278... {"SourceContext": "Infrastructure.Services.DatabaseTestService", "Application": "Crud.Api"}
[03:42:16 INF] [Phase 1] EnsureDeletedAsync completed in 1.1186ms {"SourceContext": "Infrastructure.Services.DatabaseTestService", "Application": "Crud.Api"}
[03:42:16 INF] [Phase 2] Starting EnsureCreatedAsync for worker 14278... {"SourceContext": "Infrastructure.Services.DatabaseTestService", "Application": "Crud.Api"}
[03:42:16 INF] [Phase 2] EnsureCreatedAsync completed in 7.4082ms {"SourceContext": "Infrastructure.Services.DatabaseTestService", "Application": "Crud.Api"}
[03:42:16 INF] [Phase 3] Skipping database seeding as requested for worker 14278 {"SourceContext": "Infrastructure.Services.DatabaseTestService", "Application": "Crud.Api"}
[03:42:16 INF] Database reset via file deletion completed for worker 14278 in 109.0066ms (Close: 0.0013ms, Delete: 1.1186ms, Create: 7.4082ms) {"SourceContext": "Infrastructure.Services.DatabaseTestService", "Application": "Crud.Api"}
[03:42:16 INF] Releasing database mutex for worker 14278 {"SourceContext": "Infrastructure.Services.DatabaseTestService", "Application": "Crud.Api"}
[03:42:16 INF] Resetting database for worker 14278 {"SourceContext": "Infrastructure.Services.DatabaseTestService", "Application": "Crud.Api"}
[03:42:16 INF] Resetting database via file deletion for worker 14278 in CI environment {"SourceContext": "Infrastructure.Services.DatabaseTestService", "Application": "Crud.Api"}
[03:42:16 INF] Acquiring database mutex for worker 14278... {"SourceContext": "Infrastructure.Services.DatabaseTestService", "Application": "Crud.Api"}
[03:42:16 INF] Database mutex acquired for worker 14278 {"SourceContext": "Infrastructure.Services.DatabaseTestService", "Application": "Crud.Api"}
[03:42:16 INF] Current database state - CanConnect: True {"SourceContext": "Infrastructure.Services.DatabaseTestService", "Application": "Crud.Api"}
[03:42:16 INF] [Phase 0] Closing database connection for worker 14278... {"SourceContext": "Infrastructure.Services.DatabaseTestService", "Application": "Crud.Api"}
[03:42:16 INF] [Phase 0] Connection closed in 0.0014ms {"SourceContext": "Infrastructure.Services.DatabaseTestService", "Application": "Crud.Api"}
[03:42:16 INF] [Phase 1] Starting EnsureDeletedAsync for worker 14278... {"SourceContext": "Infrastructure.Services.DatabaseTestService", "Application": "Crud.Api"}
[03:42:16 INF] [Phase 1] EnsureDeletedAsync completed in 1.1325ms {"SourceContext": "Infrastructure.Services.DatabaseTestService", "Application": "Crud.Api"}
[03:42:16 INF] [Phase 2] Starting EnsureCreatedAsync for worker 14278... {"SourceContext": "Infrastructure.Services.DatabaseTestService", "Application": "Crud.Api"}
[03:42:16 INF] [Phase 2] EnsureCreatedAsync completed in 12.8469ms {"SourceContext": "Infrastructure.Services.DatabaseTestService", "Application": "Crud.Api"}
[03:42:16 INF] [Phase 3] Skipping database seeding as requested for worker 14278 {"SourceContext": "Infrastructure.Services.DatabaseTestService", "Application": "Crud.Api"}
[03:42:16 INF] Database reset via file deletion completed for worker 14278 in 113.9144ms (Close: 0.0014ms, Delete: 1.1325ms, Create: 12.8469ms) {"SourceContext": "Infrastructure.Services.DatabaseTestService", "Application": "Crud.Api"}
[03:42:16 INF] Releasing database mutex for worker 14278 {"SourceContext": "Infrastructure.Services.DatabaseTestService", "Application": "Crud.Api"}
Resource associated with Metric:
    deployment.environment: Testing
    service.name: Crud.Api
    service.version: 1.0.0
    service.instance.id: a483e3f3-32ea-4a50-a508-2cd77b6b2522
    telemetry.sdk.name: opentelemetry
    telemetry.sdk.language: dotnet
    telemetry.sdk.version: 1.8.1
[03:42:16 INF] Starting Crud API application {"Application": "Crud.Api"}
[03:42:16 INF] Using SQLite provider with connection: Data Source=TestDatabase.db {"Application": "Crud.Api"}
[03:42:16 INF] Database ensured successfully {"Application": "Crud.Api"}
[03:42:16 INF] Application configured successfully. Starting web host... {"Application": "Crud.Api"}
[03:42:16 INF] Resetting database for worker 7631 {"SourceContext": "Infrastructure.Services.DatabaseTestService", "Application": "Crud.Api"}
[03:42:16 INF] Resetting database via file deletion for worker 7631 in CI environment {"SourceContext": "Infrastructure.Services.DatabaseTestService", "Application": "Crud.Api"}
[03:42:16 INF] Acquiring database mutex for worker 7631... {"SourceContext": "Infrastructure.Services.DatabaseTestService", "Application": "Crud.Api"}
[03:42:16 INF] Database mutex acquired for worker 7631 {"SourceContext": "Infrastructure.Services.DatabaseTestService", "Application": "Crud.Api"}
[03:42:16 INF] Current database state - CanConnect: True {"SourceContext": "Infrastructure.Services.DatabaseTestService", "Application": "Crud.Api"}
[03:42:16 INF] [Phase 0] Closing database connection for worker 7631... {"SourceContext": "Infrastructure.Services.DatabaseTestService", "Application": "Crud.Api"}
[03:42:16 INF] [Phase 0] Connection closed in 0.0016ms {"SourceContext": "Infrastructure.Services.DatabaseTestService", "Application": "Crud.Api"}
[03:42:16 INF] [Phase 1] Starting EnsureDeletedAsync for worker 7631... {"SourceContext": "Infrastructure.Services.DatabaseTestService", "Application": "Crud.Api"}
[03:42:16 INF] [Phase 1] EnsureDeletedAsync completed in 1.4847ms {"SourceContext": "Infrastructure.Services.DatabaseTestService", "Application": "Crud.Api"}
[03:42:16 INF] [Phase 2] Starting EnsureCreatedAsync for worker 7631... {"SourceContext": "Infrastructure.Services.DatabaseTestService", "Application": "Crud.Api"}
[03:42:16 INF] [Phase 2] EnsureCreatedAsync completed in 7.9639ms {"SourceContext": "Infrastructure.Services.DatabaseTestService", "Application": "Crud.Api"}
[03:42:16 INF] [Phase 3] Skipping database seeding as requested for worker 7631 {"SourceContext": "Infrastructure.Services.DatabaseTestService", "Application": "Crud.Api"}
[03:42:16 INF] Database reset via file deletion completed for worker 7631 in 110.1799ms (Close: 0.0016ms, Delete: 1.4847ms, Create: 7.9639ms) {"SourceContext": "Infrastructure.Services.DatabaseTestService", "Application": "Crud.Api"}
[03:42:16 INF] Releasing database mutex for worker 7631 {"SourceContext": "Infrastructure.Services.DatabaseTestService", "Application": "Crud.Api"}
[03:42:16 WRN] Failed to determine the https port for redirect. {"EventId": {"Id": 3, "Name": "FailedToDeterminePort"}, "SourceContext": "Microsoft.AspNetCore.HttpsPolicy.HttpsRedirectionMiddleware", "RequestId": "0HNFGSKFKDJA9", "RequestPath": "/api/auth/forgot-password", "Application": "Crud.Api"}
[03:42:16 INF] Password reset requested from IP: unknown {"SourceContext": "Api.Controllers.AuthController", "ActionId": "c5aacd53-473d-4181-ab52-db4f7d7b2058", "ActionName": "Api.Controllers.AuthController.ForgotPassword (Api)", "RequestId": "0HNFGSKFKDJA9", "RequestPath": "/api/auth/forgot-password", "Application": "Crud.Api"}
[03:42:16 INF] Password reset requested for user: 158b00e6-ac7f-4a11-a3fe-843ac537c0ce {"SourceContext": "App.Features.Authentication.ForgotPasswordCommandHandler", "ActionId": "c5aacd53-473d-4181-ab52-db4f7d7b2058", "ActionName": "Api.Controllers.AuthController.ForgotPassword (Api)", "RequestId": "0HNFGSKFKDJA9", "RequestPath": "/api/auth/forgot-password", "Application": "Crud.Api"}
[03:42:16 INF] Password reset email sent (Mock Service - Not Actually Sent) {"SourceContext": "Infrastructure.Services.MockEmailService", "ActionId": "c5aacd53-473d-4181-ab52-db4f7d7b2058", "ActionName": "Api.Controllers.AuthController.ForgotPassword (Api)", "RequestId": "0HNFGSKFKDJA9", "RequestPath": "/api/auth/forgot-password", "Application": "Crud.Api"}
[03:42:16 DBG] Email Details - From: noreply@example.com, Subject: Password Reset Request {"SourceContext": "Infrastructure.Services.MockEmailService", "ActionId": "c5aacd53-473d-4181-ab52-db4f7d7b2058", "ActionName": "Api.Controllers.AuthController.ForgotPassword (Api)", "RequestId": "0HNFGSKFKDJA9", "RequestPath": "/api/auth/forgot-password", "Application": "Crud.Api"}
[03:42:16 INF] Password reset email sent successfully for user: 158b00e6-ac7f-4a11-a3fe-843ac537c0ce {"SourceContext": "App.Features.Authentication.ForgotPasswordCommandHandler", "ActionId": "c5aacd53-473d-4181-ab52-db4f7d7b2058", "ActionName": "Api.Controllers.AuthController.ForgotPassword (Api)", "RequestId": "0HNFGSKFKDJA9", "RequestPath": "/api/auth/forgot-password", "Application": "Crud.Api"}
Activity.TraceId:            25d95e0a4ba89e853956d99abc8a1eca
Activity.SpanId:             851dab3ebd0a4278
Activity.TraceFlags:         Recorded
Activity.ActivitySourceName: Microsoft.AspNetCore
Activity.DisplayName:        POST api/Auth/forgot-password
Activity.Kind:               Server
Activity.StartTime:          2025-09-11T03:42:16.4617119Z
Activity.Duration:           00:00:00.1454890
Activity.Tags:
    server.address: localhost
    http.request.method: POST
    url.scheme: http
    url.path: /api/auth/forgot-password
    network.protocol.version: 1.1
    http.route: api/Auth/forgot-password
    http.response.status_code: 200
Resource associated with Activity:
    deployment.environment: Testing
    service.name: Crud.Api
    service.version: 1.0.0
    service.instance.id: a483e3f3-32ea-4a50-a508-2cd77b6b2522
    telemetry.sdk.name: opentelemetry
    telemetry.sdk.language: dotnet
    telemetry.sdk.version: 1.8.1
[03:42:16 INF] Password reset attempt from IP: unknown {"SourceContext": "Api.Controllers.AuthController", "ActionId": "50a6be8c-2ae5-4d26-b650-571dbaf7441b", "ActionName": "Api.Controllers.AuthController.ResetPassword (Api)", "RequestId": "0HNFGSKFKDJAA", "RequestPath": "/api/auth/reset-password", "Application": "Crud.Api"}
Activity.TraceId:            131a9d4ccbae6906add9d3bb147206c5
Activity.SpanId:             7d6dffac1ad1c08d
Activity.TraceFlags:         Recorded
Activity.ActivitySourceName: Microsoft.AspNetCore
Activity.DisplayName:        POST api/Auth/reset-password
Activity.Kind:               Server
Activity.StartTime:          2025-09-11T03:42:16.6136931Z
Activity.Duration:           00:00:00.0086047
Activity.Tags:
    server.address: localhost
    http.request.method: POST
    url.scheme: http
    url.path: /api/auth/reset-password
    network.protocol.version: 1.1
    http.route: api/Auth/reset-password
    http.response.status_code: 400
Resource associated with Activity:
    deployment.environment: Testing
    service.name: Crud.Api
    service.version: 1.0.0
    service.instance.id: a483e3f3-32ea-4a50-a508-2cd77b6b2522
    telemetry.sdk.name: opentelemetry
    telemetry.sdk.language: dotnet
    telemetry.sdk.version: 1.8.1
❌ POST /api/auth/reset-password failed:
   Status: BadRequest (400)
   Reason: Bad Request
   Response Body: {"error":"Password must be at least 8 characters long"}
   Content Headers: Content-Type=application/json; charset=utf-8
[03:42:16 INF] Resetting database for worker 7631 {"SourceContext": "Infrastructure.Services.DatabaseTestService", "Application": "Crud.Api"}
[03:42:16 INF] Resetting database via file deletion for worker 7631 in CI environment {"SourceContext": "Infrastructure.Services.DatabaseTestService", "Application": "Crud.Api"}
[03:42:16 INF] Acquiring database mutex for worker 7631... {"SourceContext": "Infrastructure.Services.DatabaseTestService", "Application": "Crud.Api"}
[03:42:16 INF] Database mutex acquired for worker 7631 {"SourceContext": "Infrastructure.Services.DatabaseTestService", "Application": "Crud.Api"}
[03:42:16 INF] Current database state - CanConnect: True {"SourceContext": "Infrastructure.Services.DatabaseTestService", "Application": "Crud.Api"}
[03:42:16 INF] [Phase 0] Closing database connection for worker 7631... {"SourceContext": "Infrastructure.Services.DatabaseTestService", "Application": "Crud.Api"}
[03:42:16 INF] [Phase 0] Connection closed in 0.0017ms {"SourceContext": "Infrastructure.Services.DatabaseTestService", "Application": "Crud.Api"}
[03:42:16 INF] [Phase 1] Starting EnsureDeletedAsync for worker 7631... {"SourceContext": "Infrastructure.Services.DatabaseTestService", "Application": "Crud.Api"}
[03:42:16 INF] [Phase 1] EnsureDeletedAsync completed in 1.7718ms {"SourceContext": "Infrastructure.Services.DatabaseTestService", "Application": "Crud.Api"}
[03:42:16 INF] [Phase 2] Starting EnsureCreatedAsync for worker 7631... {"SourceContext": "Infrastructure.Services.DatabaseTestService", "Application": "Crud.Api"}
[03:42:16 INF] [Phase 2] EnsureCreatedAsync completed in 7.8532ms {"SourceContext": "Infrastructure.Services.DatabaseTestService", "Application": "Crud.Api"}
[03:42:16 INF] [Phase 3] Skipping database seeding as requested for worker 7631 {"SourceContext": "Infrastructure.Services.DatabaseTestService", "Application": "Crud.Api"}
[03:42:16 INF] Database reset via file deletion completed for worker 7631 in 110.5438ms (Close: 0.0017ms, Delete: 1.7718ms, Create: 7.8532ms) {"SourceContext": "Infrastructure.Services.DatabaseTestService", "Application": "Crud.Api"}
[03:42:16 INF] Releasing database mutex for worker 7631 {"SourceContext": "Infrastructure.Services.DatabaseTestService", "Application": "Crud.Api"}
[03:42:16 INF] Resetting database for worker 7631 {"SourceContext": "Infrastructure.Services.DatabaseTestService", "Application": "Crud.Api"}
[03:42:16 INF] Resetting database via file deletion for worker 7631 in CI environment {"SourceContext": "Infrastructure.Services.DatabaseTestService", "Application": "Crud.Api"}
[03:42:16 INF] Acquiring database mutex for worker 7631... {"SourceContext": "Infrastructure.Services.DatabaseTestService", "Application": "Crud.Api"}
[03:42:16 INF] Database mutex acquired for worker 7631 {"SourceContext": "Infrastructure.Services.DatabaseTestService", "Application": "Crud.Api"}
[03:42:16 INF] Current database state - CanConnect: True {"SourceContext": "Infrastructure.Services.DatabaseTestService", "Application": "Crud.Api"}
[03:42:16 INF] [Phase 0] Closing database connection for worker 7631... {"SourceContext": "Infrastructure.Services.DatabaseTestService", "Application": "Crud.Api"}
[03:42:16 INF] [Phase 0] Connection closed in 0.0013ms {"SourceContext": "Infrastructure.Services.DatabaseTestService", "Application": "Crud.Api"}
[03:42:16 INF] [Phase 1] Starting EnsureDeletedAsync for worker 7631... {"SourceContext": "Infrastructure.Services.DatabaseTestService", "Application": "Crud.Api"}
[03:42:16 INF] [Phase 1] EnsureDeletedAsync completed in 1.4324ms {"SourceContext": "Infrastructure.Services.DatabaseTestService", "Application": "Crud.Api"}
[03:42:16 INF] [Phase 2] Starting EnsureCreatedAsync for worker 7631... {"SourceContext": "Infrastructure.Services.DatabaseTestService", "Application": "Crud.Api"}
[03:42:16 INF] [Phase 2] EnsureCreatedAsync completed in 14.5291ms {"SourceContext": "Infrastructure.Services.DatabaseTestService", "Application": "Crud.Api"}
[03:42:16 INF] [Phase 3] Skipping database seeding as requested for worker 7631 {"SourceContext": "Infrastructure.Services.DatabaseTestService", "Application": "Crud.Api"}
[03:42:16 INF] Database reset via file deletion completed for worker 7631 in 116.7951ms (Close: 0.0013ms, Delete: 1.4324ms, Create: 14.5291ms) {"SourceContext": "Infrastructure.Services.DatabaseTestService", "Application": "Crud.Api"}
[03:42:16 INF] Releasing database mutex for worker 7631 {"SourceContext": "Infrastructure.Services.DatabaseTestService", "Application": "Crud.Api"}
[03:42:16 INF] Password reset requested from IP: unknown {"SourceContext": "Api.Controllers.AuthController", "ActionId": "c5aacd53-473d-4181-ab52-db4f7d7b2058", "ActionName": "Api.Controllers.AuthController.ForgotPassword (Api)", "RequestId": "0HNFGSKFKDJAB", "RequestPath": "/api/auth/forgot-password", "Application": "Crud.Api"}
[03:42:16 WRN] Password reset requested for non-existent user {"SourceContext": "App.Features.Authentication.ForgotPasswordCommandHandler", "ActionId": "c5aacd53-473d-4181-ab52-db4f7d7b2058", "ActionName": "Api.Controllers.AuthController.ForgotPassword (Api)", "RequestId": "0HNFGSKFKDJAB", "RequestPath": "/api/auth/forgot-password", "Application": "Crud.Api"}
Activity.TraceId:            e495611e9bfd485deae449d4d7c4d068
Activity.SpanId:             750590d0d64088a3
Activity.TraceFlags:         Recorded
Activity.ActivitySourceName: Microsoft.AspNetCore
Activity.DisplayName:        POST api/Auth/forgot-password
Activity.Kind:               Server
Activity.StartTime:          2025-09-11T03:42:16.8581181Z
Activity.Duration:           00:00:00.0034958
Activity.Tags:
    server.address: localhost
    http.request.method: POST
    url.scheme: http
    url.path: /api/auth/forgot-password
    network.protocol.version: 1.1
    http.route: api/Auth/forgot-password
    http.response.status_code: 200
Resource associated with Activity:
    deployment.environment: Testing
    service.name: Crud.Api
    service.version: 1.0.0
    service.instance.id: a483e3f3-32ea-4a50-a508-2cd77b6b2522
    telemetry.sdk.name: opentelemetry
    telemetry.sdk.language: dotnet
    telemetry.sdk.version: 1.8.1
[03:42:16 INF] Resetting database for worker 7631 {"SourceContext": "Infrastructure.Services.DatabaseTestService", "Application": "Crud.Api"}
[03:42:16 INF] Resetting database via file deletion for worker 7631 in CI environment {"SourceContext": "Infrastructure.Services.DatabaseTestService", "Application": "Crud.Api"}
[03:42:16 INF] Acquiring database mutex for worker 7631... {"SourceContext": "Infrastructure.Services.DatabaseTestService", "Application": "Crud.Api"}
[03:42:16 INF] Database mutex acquired for worker 7631 {"SourceContext": "Infrastructure.Services.DatabaseTestService", "Application": "Crud.Api"}
[03:42:16 INF] Current database state - CanConnect: True {"SourceContext": "Infrastructure.Services.DatabaseTestService", "Application": "Crud.Api"}
[03:42:16 INF] [Phase 0] Closing database connection for worker 7631... {"SourceContext": "Infrastructure.Services.DatabaseTestService", "Application": "Crud.Api"}
[03:42:16 INF] [Phase 0] Connection closed in 0.0013ms {"SourceContext": "Infrastructure.Services.DatabaseTestService", "Application": "Crud.Api"}
[03:42:16 INF] [Phase 1] Starting EnsureDeletedAsync for worker 7631... {"SourceContext": "Infrastructure.Services.DatabaseTestService", "Application": "Crud.Api"}
[03:42:16 INF] [Phase 1] EnsureDeletedAsync completed in 1.3583ms {"SourceContext": "Infrastructure.Services.DatabaseTestService", "Application": "Crud.Api"}
[03:42:16 INF] [Phase 2] Starting EnsureCreatedAsync for worker 7631... {"SourceContext": "Infrastructure.Services.DatabaseTestService", "Application": "Crud.Api"}
[03:42:16 INF] [Phase 2] EnsureCreatedAsync completed in 7.6005ms {"SourceContext": "Infrastructure.Services.DatabaseTestService", "Application": "Crud.Api"}
[03:42:16 INF] [Phase 3] Skipping database seeding as requested for worker 7631 {"SourceContext": "Infrastructure.Services.DatabaseTestService", "Application": "Crud.Api"}
[03:42:16 INF] Database reset via file deletion completed for worker 7631 in 110.3324ms (Close: 0.0013ms, Delete: 1.3583ms, Create: 7.6005ms) {"SourceContext": "Infrastructure.Services.DatabaseTestService", "Application": "Crud.Api"}
[03:42:16 INF] Releasing database mutex for worker 7631 {"SourceContext": "Infrastructure.Services.DatabaseTestService", "Application": "Crud.Api"}
[03:42:16 INF] Resetting database for worker 7631 {"SourceContext": "Infrastructure.Services.DatabaseTestService", "Application": "Crud.Api"}
[03:42:16 INF] Resetting database via file deletion for worker 7631 in CI environment {"SourceContext": "Infrastructure.Services.DatabaseTestService", "Application": "Crud.Api"}
[03:42:16 INF] Acquiring database mutex for worker 7631... {"SourceContext": "Infrastructure.Services.DatabaseTestService", "Application": "Crud.Api"}
[03:42:16 INF] Database mutex acquired for worker 7631 {"SourceContext": "Infrastructure.Services.DatabaseTestService", "Application": "Crud.Api"}
[03:42:16 INF] Current database state - CanConnect: True {"SourceContext": "Infrastructure.Services.DatabaseTestService", "Application": "Crud.Api"}
[03:42:16 INF] [Phase 0] Closing database connection for worker 7631... {"SourceContext": "Infrastructure.Services.DatabaseTestService", "Application": "Crud.Api"}
[03:42:16 INF] [Phase 0] Connection closed in 0.0011ms {"SourceContext": "Infrastructure.Services.DatabaseTestService", "Application": "Crud.Api"}
[03:42:16 INF] [Phase 1] Starting EnsureDeletedAsync for worker 7631... {"SourceContext": "Infrastructure.Services.DatabaseTestService", "Application": "Crud.Api"}
[03:42:16 INF] [Phase 1] EnsureDeletedAsync completed in 1.1175ms {"SourceContext": "Infrastructure.Services.DatabaseTestService", "Application": "Crud.Api"}
[03:42:17 INF] [Phase 2] Starting EnsureCreatedAsync for worker 7631... {"SourceContext": "Infrastructure.Services.DatabaseTestService", "Application": "Crud.Api"}
[03:42:17 INF] [Phase 2] EnsureCreatedAsync completed in 7.4122ms {"SourceContext": "Infrastructure.Services.DatabaseTestService", "Application": "Crud.Api"}
[03:42:17 INF] [Phase 3] Skipping database seeding as requested for worker 7631 {"SourceContext": "Infrastructure.Services.DatabaseTestService", "Application": "Crud.Api"}
[03:42:17 INF] Database reset via file deletion completed for worker 7631 in 109.8099ms (Close: 0.0011ms, Delete: 1.1175ms, Create: 7.4122ms) {"SourceContext": "Infrastructure.Services.DatabaseTestService", "Application": "Crud.Api"}
[03:42:17 INF] Releasing database mutex for worker 7631 {"SourceContext": "Infrastructure.Services.DatabaseTestService", "Application": "Crud.Api"}
[03:42:17 INF] Password reset requested from IP: unknown {"SourceContext": "Api.Controllers.AuthController", "ActionId": "c5aacd53-473d-4181-ab52-db4f7d7b2058", "ActionName": "Api.Controllers.AuthController.ForgotPassword (Api)", "RequestId": "0HNFGSKFKDJAC", "RequestPath": "/api/auth/forgot-password", "Application": "Crud.Api"}
Activity.TraceId:            01de9e71d8709dc485535803e73b3270
Activity.SpanId:             d5b11e8c39c4c7e8
Activity.TraceFlags:         Recorded
Activity.ActivitySourceName: Microsoft.AspNetCore
Activity.DisplayName:        POST api/Auth/forgot-password
Activity.Kind:               Server
Activity.StartTime:          2025-09-11T03:42:17.0865372Z
Activity.Duration:           00:00:00.0027011
Activity.Tags:
    server.address: localhost
    http.request.method: POST
    url.scheme: http
    url.path: /api/auth/forgot-password
    network.protocol.version: 1.1
❌ POST /api/auth/forgot-password failed:
    http.route: api/Auth/forgot-password
    http.response.status_code: 400
Resource associated with Activity:
    deployment.environment: Testing
    service.name: Crud.Api
    service.version: 1.0.0
    service.instance.id: a483e3f3-32ea-4a50-a508-2cd77b6b2522
    telemetry.sdk.name: opentelemetry
    telemetry.sdk.language: dotnet
    telemetry.sdk.version: 1.8.1
   Status: BadRequest (400)
   Reason: Bad Request
   Response Body: {"error":"Invalid email format. Please provide a valid email address."}
   Content Headers: Content-Type=application/json; charset=utf-8
[03:42:17 INF] Resetting database for worker 7631 {"SourceContext": "Infrastructure.Services.DatabaseTestService", "Application": "Crud.Api"}
[03:42:17 INF] Resetting database via file deletion for worker 7631 in CI environment {"SourceContext": "Infrastructure.Services.DatabaseTestService", "Application": "Crud.Api"}
[03:42:17 INF] Acquiring database mutex for worker 7631... {"SourceContext": "Infrastructure.Services.DatabaseTestService", "Application": "Crud.Api"}
[03:42:17 INF] Database mutex acquired for worker 7631 {"SourceContext": "Infrastructure.Services.DatabaseTestService", "Application": "Crud.Api"}
[03:42:17 INF] Current database state - CanConnect: True {"SourceContext": "Infrastructure.Services.DatabaseTestService", "Application": "Crud.Api"}
[03:42:17 INF] [Phase 0] Closing database connection for worker 7631... {"SourceContext": "Infrastructure.Services.DatabaseTestService", "Application": "Crud.Api"}
[03:42:17 INF] [Phase 0] Connection closed in 0.0014ms {"SourceContext": "Infrastructure.Services.DatabaseTestService", "Application": "Crud.Api"}
[03:42:17 INF] [Phase 1] Starting EnsureDeletedAsync for worker 7631... {"SourceContext": "Infrastructure.Services.DatabaseTestService", "Application": "Crud.Api"}
[03:42:17 INF] [Phase 1] EnsureDeletedAsync completed in 1.249ms {"SourceContext": "Infrastructure.Services.DatabaseTestService", "Application": "Crud.Api"}
[03:42:17 INF] [Phase 2] Starting EnsureCreatedAsync for worker 7631... {"SourceContext": "Infrastructure.Services.DatabaseTestService", "Application": "Crud.Api"}
[03:42:17 INF] [Phase 2] EnsureCreatedAsync completed in 7.4027ms {"SourceContext": "Infrastructure.Services.DatabaseTestService", "Application": "Crud.Api"}
[03:42:17 INF] [Phase 3] Skipping database seeding as requested for worker 7631 {"SourceContext": "Infrastructure.Services.DatabaseTestService", "Application": "Crud.Api"}
[03:42:17 INF] Database reset via file deletion completed for worker 7631 in 109.2883ms (Close: 0.0014ms, Delete: 1.249ms, Create: 7.4027ms) {"SourceContext": "Infrastructure.Services.DatabaseTestService", "Application": "Crud.Api"}
[03:42:17 INF] Releasing database mutex for worker 7631 {"SourceContext": "Infrastructure.Services.DatabaseTestService", "Application": "Crud.Api"}
[03:42:17 INF] Resetting database for worker 7631 {"SourceContext": "Infrastructure.Services.DatabaseTestService", "Application": "Crud.Api"}
[03:42:17 INF] Resetting database via file deletion for worker 7631 in CI environment {"SourceContext": "Infrastructure.Services.DatabaseTestService", "Application": "Crud.Api"}
[03:42:17 INF] Acquiring database mutex for worker 7631... {"SourceContext": "Infrastructure.Services.DatabaseTestService", "Application": "Crud.Api"}
[03:42:17 INF] Database mutex acquired for worker 7631 {"SourceContext": "Infrastructure.Services.DatabaseTestService", "Application": "Crud.Api"}
[03:42:17 INF] Current database state - CanConnect: True {"SourceContext": "Infrastructure.Services.DatabaseTestService", "Application": "Crud.Api"}
[03:42:17 INF] [Phase 0] Closing database connection for worker 7631... {"SourceContext": "Infrastructure.Services.DatabaseTestService", "Application": "Crud.Api"}
[03:42:17 INF] [Phase 0] Connection closed in 0.0012ms {"SourceContext": "Infrastructure.Services.DatabaseTestService", "Application": "Crud.Api"}
[03:42:17 INF] [Phase 1] Starting EnsureDeletedAsync for worker 7631... {"SourceContext": "Infrastructure.Services.DatabaseTestService", "Application": "Crud.Api"}
[03:42:17 INF] [Phase 1] EnsureDeletedAsync completed in 1.2662ms {"SourceContext": "Infrastructure.Services.DatabaseTestService", "Application": "Crud.Api"}
[03:42:17 INF] [Phase 2] Starting EnsureCreatedAsync for worker 7631... {"SourceContext": "Infrastructure.Services.DatabaseTestService", "Application": "Crud.Api"}
[03:42:17 INF] [Phase 2] EnsureCreatedAsync completed in 7.4782ms {"SourceContext": "Infrastructure.Services.DatabaseTestService", "Application": "Crud.Api"}
[03:42:17 INF] [Phase 3] Skipping database seeding as requested for worker 7631 {"SourceContext": "Infrastructure.Services.DatabaseTestService", "Application": "Crud.Api"}
[03:42:17 INF] Database reset via file deletion completed for worker 7631 in 109.1073ms (Close: 0.0012ms, Delete: 1.2662ms, Create: 7.4782ms) {"SourceContext": "Infrastructure.Services.DatabaseTestService", "Application": "Crud.Api"}
[03:42:17 INF] Releasing database mutex for worker 7631 {"SourceContext": "Infrastructure.Services.DatabaseTestService", "Application": "Crud.Api"}
[03:42:17 INF] Password reset requested from IP: unknown {"SourceContext": "Api.Controllers.AuthController", "ActionId": "c5aacd53-473d-4181-ab52-db4f7d7b2058", "ActionName": "Api.Controllers.AuthController.ForgotPassword (Api)", "RequestId": "0HNFGSKFKDJAD", "RequestPath": "/api/auth/forgot-password", "Application": "Crud.Api"}
[03:42:17 INF] Password reset requested for user: 94661193-f355-4509-9d1c-3e1ac5ad3b7f {"SourceContext": "App.Features.Authentication.ForgotPasswordCommandHandler", "ActionId": "c5aacd53-473d-4181-ab52-db4f7d7b2058", "ActionName": "Api.Controllers.AuthController.ForgotPassword (Api)", "RequestId": "0HNFGSKFKDJAD", "RequestPath": "/api/auth/forgot-password", "Application": "Crud.Api"}
[03:42:17 INF] Password reset email sent (Mock Service - Not Actually Sent) {"SourceContext": "Infrastructure.Services.MockEmailService", "ActionId": "c5aacd53-473d-4181-ab52-db4f7d7b2058", "ActionName": "Api.Controllers.AuthController.ForgotPassword (Api)", "RequestId": "0HNFGSKFKDJAD", "RequestPath": "/api/auth/forgot-password", "Application": "Crud.Api"}
[03:42:17 DBG] Email Details - From: noreply@example.com, Subject: Password Reset Request {"SourceContext": "Infrastructure.Services.MockEmailService", "ActionId": "c5aacd53-473d-4181-ab52-db4f7d7b2058", "ActionName": "Api.Controllers.AuthController.ForgotPassword (Api)", "RequestId": "0HNFGSKFKDJAD", "RequestPath": "/api/auth/forgot-password", "Application": "Crud.Api"}
[03:42:17 INF] Password reset email sent successfully for user: 94661193-f355-4509-9d1c-3e1ac5ad3b7f {"SourceContext": "App.Features.Authentication.ForgotPasswordCommandHandler", "ActionId": "c5aacd53-473d-4181-ab52-db4f7d7b2058", "ActionName": "Api.Controllers.AuthController.ForgotPassword (Api)", "RequestId": "0HNFGSKFKDJAD", "RequestPath": "/api/auth/forgot-password", "Application": "Crud.Api"}
Activity.TraceId:            2e4028d121a7831c1884ccf405bf193e
Activity.SpanId:             bd3973c9a0966673
Activity.TraceFlags:         Recorded
Activity.ActivitySourceName: Microsoft.AspNetCore
Activity.DisplayName:        POST api/Auth/forgot-password
Activity.Kind:               Server
Activity.StartTime:          2025-09-11T03:42:17.3143451Z
Activity.Duration:           00:00:00.1026418
Activity.Tags:
    server.address: localhost
    http.request.method: POST
    url.scheme: http
    url.path: /api/auth/forgot-password
    network.protocol.version: 1.1
    http.route: api/Auth/forgot-password
    http.response.status_code: 200
Resource associated with Activity:
    deployment.environment: Testing
    service.name: Crud.Api
    service.version: 1.0.0
    service.instance.id: a483e3f3-32ea-4a50-a508-2cd77b6b2522
    telemetry.sdk.name: opentelemetry
    telemetry.sdk.language: dotnet
    telemetry.sdk.version: 1.8.1
[03:42:17 INF] Password reset attempt from IP: unknown {"SourceContext": "Api.Controllers.AuthController", "ActionId": "50a6be8c-2ae5-4d26-b650-571dbaf7441b", "ActionName": "Api.Controllers.AuthController.ResetPassword (Api)", "RequestId": "0HNFGSKFKDJAE", "RequestPath": "/api/auth/reset-password", "Application": "Crud.Api"}
[03:42:17 INF] Password reset successful for user: 94661193-f355-4509-9d1c-3e1ac5ad3b7f, Email: test@example.com {"SourceContext": "App.Features.Authentication.ResetPasswordCommandHandler", "ActionId": "50a6be8c-2ae5-4d26-b650-571dbaf7441b", "ActionName": "Api.Controllers.AuthController.ResetPassword (Api)", "RequestId": "0HNFGSKFKDJAE", "RequestPath": "/api/auth/reset-password", "Application": "Crud.Api"}
Activity.TraceId:            339d1a4f48a8cf114f1e6b548cd9fd59
Activity.SpanId:             cd2f23d5b4b78af7
Activity.TraceFlags:         Recorded
Activity.ActivitySourceName: Microsoft.AspNetCore
Activity.DisplayName:        POST api/Auth/reset-password
Activity.Kind:               Server
Activity.StartTime:          2025-09-11T03:42:17.4182772Z
Activity.Duration:           00:00:00.3233803
Activity.Tags:
    server.address: localhost
    http.request.method: POST
    url.scheme: http
    url.path: /api/auth/reset-password
    network.protocol.version: 1.1
    http.route: api/Auth/reset-password
    http.response.status_code: 200
Resource associated with Activity:
    deployment.environment: Testing
    service.name: Crud.Api
    service.version: 1.0.0
    service.instance.id: a483e3f3-32ea-4a50-a508-2cd77b6b2522
    telemetry.sdk.name: opentelemetry
    telemetry.sdk.language: dotnet
    telemetry.sdk.version: 1.8.1
[03:42:17 INF] Resetting database for worker 7631 {"SourceContext": "Infrastructure.Services.DatabaseTestService", "Application": "Crud.Api"}
[03:42:17 INF] Resetting database via file deletion for worker 7631 in CI environment {"SourceContext": "Infrastructure.Services.DatabaseTestService", "Application": "Crud.Api"}
[03:42:17 INF] Acquiring database mutex for worker 7631... {"SourceContext": "Infrastructure.Services.DatabaseTestService", "Application": "Crud.Api"}
[03:42:17 INF] Database mutex acquired for worker 7631 {"SourceContext": "Infrastructure.Services.DatabaseTestService", "Application": "Crud.Api"}
[03:42:17 INF] Current database state - CanConnect: True {"SourceContext": "Infrastructure.Services.DatabaseTestService", "Application": "Crud.Api"}
[03:42:17 INF] [Phase 0] Closing database connection for worker 7631... {"SourceContext": "Infrastructure.Services.DatabaseTestService", "Application": "Crud.Api"}
[03:42:17 INF] [Phase 0] Connection closed in 0.0013ms {"SourceContext": "Infrastructure.Services.DatabaseTestService", "Application": "Crud.Api"}
[03:42:17 INF] [Phase 1] Starting EnsureDeletedAsync for worker 7631... {"SourceContext": "Infrastructure.Services.DatabaseTestService", "Application": "Crud.Api"}
[03:42:17 INF] [Phase 1] EnsureDeletedAsync completed in 1.4486ms {"SourceContext": "Infrastructure.Services.DatabaseTestService", "Application": "Crud.Api"}
[03:42:17 INF] [Phase 2] Starting EnsureCreatedAsync for worker 7631... {"SourceContext": "Infrastructure.Services.DatabaseTestService", "Application": "Crud.Api"}
[03:42:17 INF] [Phase 2] EnsureCreatedAsync completed in 11.0071ms {"SourceContext": "Infrastructure.Services.DatabaseTestService", "Application": "Crud.Api"}
[03:42:17 INF] [Phase 3] Skipping database seeding as requested for worker 7631 {"SourceContext": "Infrastructure.Services.DatabaseTestService", "Application": "Crud.Api"}
[03:42:17 INF] Database reset via file deletion completed for worker 7631 in 113.0519ms (Close: 0.0013ms, Delete: 1.4486ms, Create: 11.0071ms) {"SourceContext": "Infrastructure.Services.DatabaseTestService", "Application": "Crud.Api"}
[03:42:17 INF] Releasing database mutex for worker 7631 {"SourceContext": "Infrastructure.Services.DatabaseTestService", "Application": "Crud.Api"}
[03:42:17 INF] Resetting database for worker 7631 {"SourceContext": "Infrastructure.Services.DatabaseTestService", "Application": "Crud.Api"}
[03:42:17 INF] Resetting database via file deletion for worker 7631 in CI environment {"SourceContext": "Infrastructure.Services.DatabaseTestService", "Application": "Crud.Api"}
[03:42:17 INF] Acquiring database mutex for worker 7631... {"SourceContext": "Infrastructure.Services.DatabaseTestService", "Application": "Crud.Api"}
[03:42:17 INF] Database mutex acquired for worker 7631 {"SourceContext": "Infrastructure.Services.DatabaseTestService", "Application": "Crud.Api"}
[03:42:17 INF] Current database state - CanConnect: True {"SourceContext": "Infrastructure.Services.DatabaseTestService", "Application": "Crud.Api"}
[03:42:17 INF] [Phase 0] Closing database connection for worker 7631... {"SourceContext": "Infrastructure.Services.DatabaseTestService", "Application": "Crud.Api"}
[03:42:17 INF] [Phase 0] Connection closed in 0.0012ms {"SourceContext": "Infrastructure.Services.DatabaseTestService", "Application": "Crud.Api"}
[03:42:17 INF] [Phase 1] Starting EnsureDeletedAsync for worker 7631... {"SourceContext": "Infrastructure.Services.DatabaseTestService", "Application": "Crud.Api"}
[03:42:17 INF] [Phase 1] EnsureDeletedAsync completed in 1.2801ms {"SourceContext": "Infrastructure.Services.DatabaseTestService", "Application": "Crud.Api"}
[03:42:17 INF] [Phase 2] Starting EnsureCreatedAsync for worker 7631... {"SourceContext": "Infrastructure.Services.DatabaseTestService", "Application": "Crud.Api"}
[03:42:17 INF] [Phase 2] EnsureCreatedAsync completed in 20.9258ms {"SourceContext": "Infrastructure.Services.DatabaseTestService", "Application": "Crud.Api"}
[03:42:17 INF] [Phase 3] Skipping database seeding as requested for worker 7631 {"SourceContext": "Infrastructure.Services.DatabaseTestService", "Application": "Crud.Api"}
[03:42:17 INF] Database reset via file deletion completed for worker 7631 in 122.9222ms (Close: 0.0012ms, Delete: 1.2801ms, Create: 20.9258ms) {"SourceContext": "Infrastructure.Services.DatabaseTestService", "Application": "Crud.Api"}
[03:42:17 INF] Releasing database mutex for worker 7631 {"SourceContext": "Infrastructure.Services.DatabaseTestService", "Application": "Crud.Api"}
[03:42:18 INF] Token validation requested for token: invalid-to*** {"SourceContext": "App.Features.Authentication.ValidateResetTokenQueryHandler", "ActionId": "81dd3c84-a26b-4376-8970-5fba9a7adee3", "ActionName": "Api.Controllers.AuthController.ValidateResetToken (Api)", "RequestId": "0HNFGSKFKDJAF", "RequestPath": "/api/auth/validate-reset-token", "Application": "Crud.Api"}
[03:42:18 WRN] Token validation failed - token not found {"SourceContext": "App.Features.Authentication.ValidateResetTokenQueryHandler", "ActionId": "81dd3c84-a26b-4376-8970-5fba9a7adee3", "ActionName": "Api.Controllers.AuthController.ValidateResetToken (Api)", "RequestId": "0HNFGSKFKDJAF", "RequestPath": "/api/auth/validate-reset-token", "Application": "Crud.Api"}
Activity.TraceId:            588a4a7321bf213e9588ccec2abcb613
Activity.SpanId:             23ed898952ed7692
Activity.TraceFlags:         Recorded
Activity.ActivitySourceName: Microsoft.AspNetCore
Activity.DisplayName:        POST api/Auth/validate-reset-token
Activity.Kind:               Server
Activity.StartTime:          2025-09-11T03:42:17.9988383Z
Activity.Duration:           00:00:00.0103031
Activity.Tags:
    server.address: localhost
    http.request.method: POST
    url.scheme: http
    url.path: /api/auth/validate-reset-token
    network.protocol.version: 1.1
    http.route: api/Auth/validate-reset-token
    http.response.status_code: 200
Resource associated with Activity:
    deployment.environment: Testing
    service.name: Crud.Api
    service.version: 1.0.0
    service.instance.id: a483e3f3-32ea-4a50-a508-2cd77b6b2522
    telemetry.sdk.name: opentelemetry
    telemetry.sdk.language: dotnet
    telemetry.sdk.version: 1.8.1
[03:42:18 INF] Resetting database for worker 7631 {"SourceContext": "Infrastructure.Services.DatabaseTestService", "Application": "Crud.Api"}
[03:42:18 INF] Resetting database via file deletion for worker 7631 in CI environment {"SourceContext": "Infrastructure.Services.DatabaseTestService", "Application": "Crud.Api"}
[03:42:18 INF] Acquiring database mutex for worker 7631... {"SourceContext": "Infrastructure.Services.DatabaseTestService", "Application": "Crud.Api"}
[03:42:18 INF] Database mutex acquired for worker 7631 {"SourceContext": "Infrastructure.Services.DatabaseTestService", "Application": "Crud.Api"}
[03:42:18 INF] Current database state - CanConnect: True {"SourceContext": "Infrastructure.Services.DatabaseTestService", "Application": "Crud.Api"}
[03:42:18 INF] [Phase 0] Closing database connection for worker 7631... {"SourceContext": "Infrastructure.Services.DatabaseTestService", "Application": "Crud.Api"}
[03:42:18 INF] [Phase 0] Connection closed in 0.0017ms {"SourceContext": "Infrastructure.Services.DatabaseTestService", "Application": "Crud.Api"}
[03:42:18 INF] [Phase 1] Starting EnsureDeletedAsync for worker 7631... {"SourceContext": "Infrastructure.Services.DatabaseTestService", "Application": "Crud.Api"}
[03:42:18 INF] [Phase 1] EnsureDeletedAsync completed in 1.348ms {"SourceContext": "Infrastructure.Services.DatabaseTestService", "Application": "Crud.Api"}
[03:42:18 INF] [Phase 2] Starting EnsureCreatedAsync for worker 7631... {"SourceContext": "Infrastructure.Services.DatabaseTestService", "Application": "Crud.Api"}
[03:42:18 INF] [Phase 2] EnsureCreatedAsync completed in 7.2855ms {"SourceContext": "Infrastructure.Services.DatabaseTestService", "Application": "Crud.Api"}
[03:42:18 INF] [Phase 3] Skipping database seeding as requested for worker 7631 {"SourceContext": "Infrastructure.Services.DatabaseTestService", "Application": "Crud.Api"}
[03:42:18 INF] Database reset via file deletion completed for worker 7631 in 109.3513ms (Close: 0.0017ms, Delete: 1.348ms, Create: 7.2855ms) {"SourceContext": "Infrastructure.Services.DatabaseTestService", "Application": "Crud.Api"}
[03:42:18 INF] Releasing database mutex for worker 7631 {"SourceContext": "Infrastructure.Services.DatabaseTestService", "Application": "Crud.Api"}
[03:42:18 INF] Resetting database for worker 7631 {"SourceContext": "Infrastructure.Services.DatabaseTestService", "Application": "Crud.Api"}
[03:42:18 INF] Resetting database via file deletion for worker 7631 in CI environment {"SourceContext": "Infrastructure.Services.DatabaseTestService", "Application": "Crud.Api"}
[03:42:18 INF] Acquiring database mutex for worker 7631... {"SourceContext": "Infrastructure.Services.DatabaseTestService", "Application": "Crud.Api"}
[03:42:18 INF] Database mutex acquired for worker 7631 {"SourceContext": "Infrastructure.Services.DatabaseTestService", "Application": "Crud.Api"}
[03:42:18 INF] Current database state - CanConnect: True {"SourceContext": "Infrastructure.Services.DatabaseTestService", "Application": "Crud.Api"}
[03:42:18 INF] [Phase 0] Closing database connection for worker 7631... {"SourceContext": "Infrastructure.Services.DatabaseTestService", "Application": "Crud.Api"}
[03:42:18 INF] [Phase 0] Connection closed in 0.0012ms {"SourceContext": "Infrastructure.Services.DatabaseTestService", "Application": "Crud.Api"}
[03:42:18 INF] [Phase 1] Starting EnsureDeletedAsync for worker 7631... {"SourceContext": "Infrastructure.Services.DatabaseTestService", "Application": "Crud.Api"}
[03:42:18 INF] [Phase 1] EnsureDeletedAsync completed in 1.624ms {"SourceContext": "Infrastructure.Services.DatabaseTestService", "Application": "Crud.Api"}
[03:42:18 INF] [Phase 2] Starting EnsureCreatedAsync for worker 7631... {"SourceContext": "Infrastructure.Services.DatabaseTestService", "Application": "Crud.Api"}
[03:42:18 INF] [Phase 2] EnsureCreatedAsync completed in 7.0392ms {"SourceContext": "Infrastructure.Services.DatabaseTestService", "Application": "Crud.Api"}
[03:42:18 INF] [Phase 3] Skipping database seeding as requested for worker 7631 {"SourceContext": "Infrastructure.Services.DatabaseTestService", "Application": "Crud.Api"}
[03:42:18 INF] Database reset via file deletion completed for worker 7631 in 108.9263ms (Close: 0.0012ms, Delete: 1.624ms, Create: 7.0392ms) {"SourceContext": "Infrastructure.Services.DatabaseTestService", "Application": "Crud.Api"}
[03:42:18 INF] Releasing database mutex for worker 7631 {"SourceContext": "Infrastructure.Services.DatabaseTestService", "Application": "Crud.Api"}
[03:42:18 INF] Password reset requested from IP: unknown {"SourceContext": "Api.Controllers.AuthController", "ActionId": "c5aacd53-473d-4181-ab52-db4f7d7b2058", "ActionName": "Api.Controllers.AuthController.ForgotPassword (Api)", "RequestId": "0HNFGSKFKDJAG", "RequestPath": "/api/auth/forgot-password", "Application": "Crud.Api"}
[03:42:18 INF] Password reset requested for user: 91ed0bce-deda-4cd5-80a9-4345229e8899 {"SourceContext": "App.Features.Authentication.ForgotPasswordCommandHandler", "ActionId": "c5aacd53-473d-4181-ab52-db4f7d7b2058", "ActionName": "Api.Controllers.AuthController.ForgotPassword (Api)", "RequestId": "0HNFGSKFKDJAG", "RequestPath": "/api/auth/forgot-password", "Application": "Crud.Api"}
[03:42:18 INF] Password reset email sent (Mock Service - Not Actually Sent) {"SourceContext": "Infrastructure.Services.MockEmailService", "ActionId": "c5aacd53-473d-4181-ab52-db4f7d7b2058", "ActionName": "Api.Controllers.AuthController.ForgotPassword (Api)", "RequestId": "0HNFGSKFKDJAG", "RequestPath": "/api/auth/forgot-password", "Application": "Crud.Api"}
[03:42:18 DBG] Email Details - From: noreply@example.com, Subject: Password Reset Request {"SourceContext": "Infrastructure.Services.MockEmailService", "ActionId": "c5aacd53-473d-4181-ab52-db4f7d7b2058", "ActionName": "Api.Controllers.AuthController.ForgotPassword (Api)", "RequestId": "0HNFGSKFKDJAG", "RequestPath": "/api/auth/forgot-password", "Application": "Crud.Api"}
[03:42:18 INF] Password reset email sent successfully for user: 91ed0bce-deda-4cd5-80a9-4345229e8899 {"SourceContext": "App.Features.Authentication.ForgotPasswordCommandHandler", "ActionId": "c5aacd53-473d-4181-ab52-db4f7d7b2058", "ActionName": "Api.Controllers.AuthController.ForgotPassword (Api)", "RequestId": "0HNFGSKFKDJAG", "RequestPath": "/api/auth/forgot-password", "Application": "Crud.Api"}
Activity.TraceId:            ac0faa1a3e31cc23030d5e84855b0329
Activity.SpanId:             491be1acd16021d2
Activity.TraceFlags:         Recorded
Activity.ActivitySourceName: Microsoft.AspNetCore
Activity.DisplayName:        POST api/Auth/forgot-password
Activity.Kind:               Server
Activity.StartTime:          2025-09-11T03:42:18.2337665Z
Activity.Duration:           00:00:00.1016260
Activity.Tags:
    server.address: localhost
    http.request.method: POST
    url.scheme: http
    url.path: /api/auth/forgot-password
    network.protocol.version: 1.1
    http.route: api/Auth/forgot-password
    http.response.status_code: 200
Resource associated with Activity:
    deployment.environment: Testing
    service.name: Crud.Api
    service.version: 1.0.0
    service.instance.id: a483e3f3-32ea-4a50-a508-2cd77b6b2522
    telemetry.sdk.name: opentelemetry
    telemetry.sdk.language: dotnet
    telemetry.sdk.version: 1.8.1
[03:42:18 INF] Token validation requested for token: gt5l8UrnDn*** {"SourceContext": "App.Features.Authentication.ValidateResetTokenQueryHandler", "ActionId": "81dd3c84-a26b-4376-8970-5fba9a7adee3", "ActionName": "Api.Controllers.AuthController.ValidateResetToken (Api)", "RequestId": "0HNFGSKFKDJAH", "RequestPath": "/api/auth/validate-reset-token", "Application": "Crud.Api"}
[03:42:18 INF] Token validation completed - Valid: True, Expired: False, Used: False {"SourceContext": "App.Features.Authentication.ValidateResetTokenQueryHandler", "ActionId": "81dd3c84-a26b-4376-8970-5fba9a7adee3", "ActionName": "Api.Controllers.AuthController.ValidateResetToken (Api)", "RequestId": "0HNFGSKFKDJAH", "RequestPath": "/api/auth/validate-reset-token", "Application": "Crud.Api"}
Activity.TraceId:            2a1852435f24ffd0b5d3c9c8d31ba6e3
Activity.SpanId:             15483f171a50c848
Activity.TraceFlags:         Recorded
Activity.ActivitySourceName: Microsoft.AspNetCore
Activity.DisplayName:        POST api/Auth/validate-reset-token
Activity.Kind:               Server
Activity.StartTime:          2025-09-11T03:42:18.3364167Z
Activity.Duration:           00:00:00.0015628
Activity.Tags:
    server.address: localhost
    http.request.method: POST
    url.scheme: http
    url.path: /api/auth/validate-reset-token
    network.protocol.version: 1.1
    http.route: api/Auth/validate-reset-token
    http.response.status_code: 200
Resource associated with Activity:
    deployment.environment: Testing
    service.name: Crud.Api
    service.version: 1.0.0
    service.instance.id: a483e3f3-32ea-4a50-a508-2cd77b6b2522
    telemetry.sdk.name: opentelemetry
    telemetry.sdk.language: dotnet
    telemetry.sdk.version: 1.8.1
[03:42:18 INF] Password reset attempt from IP: unknown {"SourceContext": "Api.Controllers.AuthController", "ActionId": "50a6be8c-2ae5-4d26-b650-571dbaf7441b", "ActionName": "Api.Controllers.AuthController.ResetPassword (Api)", "RequestId": "0HNFGSKFKDJAI", "RequestPath": "/api/auth/reset-password", "Application": "Crud.Api"}
[03:42:18 INF] Password reset successful for user: 91ed0bce-deda-4cd5-80a9-4345229e8899, Email: test@example.com {"SourceContext": "App.Features.Authentication.ResetPasswordCommandHandler", "ActionId": "50a6be8c-2ae5-4d26-b650-571dbaf7441b", "ActionName": "Api.Controllers.AuthController.ResetPassword (Api)", "RequestId": "0HNFGSKFKDJAI", "RequestPath": "/api/auth/reset-password", "Application": "Crud.Api"}
Activity.TraceId:            74ad50163258fd0518e91634a5ae1bab
Activity.SpanId:             460f36d71431263e
Activity.TraceFlags:         Recorded
Activity.ActivitySourceName: Microsoft.AspNetCore
Activity.DisplayName:        POST api/Auth/reset-password
Activity.Kind:               Server
Activity.StartTime:          2025-09-11T03:42:18.3383739Z
Activity.Duration:           00:00:00.3022179
Activity.Tags:
    server.address: localhost
    http.request.method: POST
    url.scheme: http
    url.path: /api/auth/reset-password
    network.protocol.version: 1.1
    http.route: api/Auth/reset-password
    http.response.status_code: 200
Resource associated with Activity:
    deployment.environment: Testing
    service.name: Crud.Api
    service.version: 1.0.0
    service.instance.id: a483e3f3-32ea-4a50-a508-2cd77b6b2522
    telemetry.sdk.name: opentelemetry
    telemetry.sdk.language: dotnet
    telemetry.sdk.version: 1.8.1
[03:42:18 INF] Token validation requested for token: gt5l8UrnDn*** {"SourceContext": "App.Features.Authentication.ValidateResetTokenQueryHandler", "ActionId": "81dd3c84-a26b-4376-8970-5fba9a7adee3", "ActionName": "Api.Controllers.AuthController.ValidateResetToken (Api)", "RequestId": "0HNFGSKFKDJAJ", "RequestPath": "/api/auth/validate-reset-token", "Application": "Crud.Api"}
[03:42:18 INF] Token validation completed - Valid: False, Expired: False, Used: True {"SourceContext": "App.Features.Authentication.ValidateResetTokenQueryHandler", "ActionId": "81dd3c84-a26b-4376-8970-5fba9a7adee3", "ActionName": "Api.Controllers.AuthController.ValidateResetToken (Api)", "RequestId": "0HNFGSKFKDJAJ", "RequestPath": "/api/auth/validate-reset-token", "Application": "Crud.Api"}
Activity.TraceId:            76b6bc0940e6677f3f0fc8532a83384c
Activity.SpanId:             21283acc81ceace6
Activity.TraceFlags:         Recorded
Activity.ActivitySourceName: Microsoft.AspNetCore
Activity.DisplayName:        POST api/Auth/validate-reset-token
Activity.Kind:               Server
Activity.StartTime:          2025-09-11T03:42:18.6408057Z
Activity.Duration:           00:00:00.0017772
Activity.Tags:
    server.address: localhost
    http.request.method: POST
    url.scheme: http
    url.path: /api/auth/validate-reset-token
    network.protocol.version: 1.1
    http.route: api/Auth/validate-reset-token
    http.response.status_code: 200
Resource associated with Activity:
    deployment.environment: Testing
    service.name: Crud.Api
    service.version: 1.0.0
    service.instance.id: a483e3f3-32ea-4a50-a508-2cd77b6b2522
    telemetry.sdk.name: opentelemetry
    telemetry.sdk.language: dotnet
    telemetry.sdk.version: 1.8.1
[03:42:18 INF] Password reset attempt from IP: unknown {"SourceContext": "Api.Controllers.AuthController", "ActionId": "50a6be8c-2ae5-4d26-b650-571dbaf7441b", "ActionName": "Api.Controllers.AuthController.ResetPassword (Api)", "RequestId": "0HNFGSKFKDJAK", "RequestPath": "/api/auth/reset-password", "Application": "Crud.Api"}
[03:42:18 WRN] Password reset attempted with already used token for user: 91ed0bce-deda-4cd5-80a9-4345229e8899 {"SourceContext": "App.Features.Authentication.ResetPasswordCommandHandler", "ActionId": "50a6be8c-2ae5-4d26-b650-571dbaf7441b", "ActionName": "Api.Controllers.AuthController.ResetPassword (Api)", "RequestId": "0HNFGSKFKDJAK", "RequestPath": "/api/auth/reset-password", "Application": "Crud.Api"}
Activity.TraceId:            c2494ddf21b36a88119ec916b39feb62
Activity.SpanId:             3fcc33572a189558
Activity.TraceFlags:         Recorded
Activity.ActivitySourceName: Microsoft.AspNetCore
Activity.DisplayName:        POST api/Auth/reset-password
Activity.Kind:               Server
Activity.StartTime:          2025-09-11T03:42:18.6427689Z
Activity.Duration:           00:00:00.0007204
Activity.Tags:
    server.address: localhost
    http.request.method: POST
    url.scheme: http
    url.path: /api/auth/reset-password
❌ POST /api/auth/reset-password failed:
    network.protocol.version: 1.1
    http.route: api/Auth/reset-password
    http.response.status_code: 400
Resource associated with Activity:
    deployment.environment: Testing
    service.name: Crud.Api
    service.version: 1.0.0
    service.instance.id: a483e3f3-32ea-4a50-a508-2cd77b6b2522
    telemetry.sdk.name: opentelemetry
    telemetry.sdk.language: dotnet
    telemetry.sdk.version: 1.8.1
   Status: BadRequest (400)
   Reason: Bad Request
   Response Body: {"error":"This password reset link has already been used."}
   Content Headers: Content-Type=application/json; charset=utf-8
[03:42:18 INF] Resetting database for worker 7631 {"SourceContext": "Infrastructure.Services.DatabaseTestService", "Application": "Crud.Api"}
[03:42:18 INF] Resetting database via file deletion for worker 7631 in CI environment {"SourceContext": "Infrastructure.Services.DatabaseTestService", "Application": "Crud.Api"}
[03:42:18 INF] Acquiring database mutex for worker 7631... {"SourceContext": "Infrastructure.Services.DatabaseTestService", "Application": "Crud.Api"}
[03:42:18 INF] Database mutex acquired for worker 7631 {"SourceContext": "Infrastructure.Services.DatabaseTestService", "Application": "Crud.Api"}
[03:42:18 INF] Current database state - CanConnect: True {"SourceContext": "Infrastructure.Services.DatabaseTestService", "Application": "Crud.Api"}
[03:42:18 INF] [Phase 0] Closing database connection for worker 7631... {"SourceContext": "Infrastructure.Services.DatabaseTestService", "Application": "Crud.Api"}
[03:42:18 INF] [Phase 0] Connection closed in 0.0013ms {"SourceContext": "Infrastructure.Services.DatabaseTestService", "Application": "Crud.Api"}
[03:42:18 INF] [Phase 1] Starting EnsureDeletedAsync for worker 7631... {"SourceContext": "Infrastructure.Services.DatabaseTestService", "Application": "Crud.Api"}
[03:42:18 INF] [Phase 1] EnsureDeletedAsync completed in 1.3288ms {"SourceContext": "Infrastructure.Services.DatabaseTestService", "Application": "Crud.Api"}
[03:42:18 INF] [Phase 2] Starting EnsureCreatedAsync for worker 7631... {"SourceContext": "Infrastructure.Services.DatabaseTestService", "Application": "Crud.Api"}
[03:42:18 INF] [Phase 2] EnsureCreatedAsync completed in 8.2235ms {"SourceContext": "Infrastructure.Services.DatabaseTestService", "Application": "Crud.Api"}
[03:42:18 INF] [Phase 3] Skipping database seeding as requested for worker 7631 {"SourceContext": "Infrastructure.Services.DatabaseTestService", "Application": "Crud.Api"}
[03:42:18 INF] Database reset via file deletion completed for worker 7631 in 110.1526ms (Close: 0.0013ms, Delete: 1.3288ms, Create: 8.2235ms) {"SourceContext": "Infrastructure.Services.DatabaseTestService", "Application": "Crud.Api"}
[03:42:18 INF] Releasing database mutex for worker 7631 {"SourceContext": "Infrastructure.Services.DatabaseTestService", "Application": "Crud.Api"}
[03:42:18 INF] Resetting database for worker 7631 {"SourceContext": "Infrastructure.Services.DatabaseTestService", "Application": "Crud.Api"}
[03:42:18 INF] Resetting database via file deletion for worker 7631 in CI environment {"SourceContext": "Infrastructure.Services.DatabaseTestService", "Application": "Crud.Api"}
[03:42:18 INF] Acquiring database mutex for worker 7631... {"SourceContext": "Infrastructure.Services.DatabaseTestService", "Application": "Crud.Api"}
[03:42:18 INF] Database mutex acquired for worker 7631 {"SourceContext": "Infrastructure.Services.DatabaseTestService", "Application": "Crud.Api"}
[03:42:18 INF] Current database state - CanConnect: True {"SourceContext": "Infrastructure.Services.DatabaseTestService", "Application": "Crud.Api"}
[03:42:18 INF] [Phase 0] Closing database connection for worker 7631... {"SourceContext": "Infrastructure.Services.DatabaseTestService", "Application": "Crud.Api"}
[03:42:18 INF] [Phase 0] Connection closed in 0.0011ms {"SourceContext": "Infrastructure.Services.DatabaseTestService", "Application": "Crud.Api"}
[03:42:18 INF] [Phase 1] Starting EnsureDeletedAsync for worker 7631... {"SourceContext": "Infrastructure.Services.DatabaseTestService", "Application": "Crud.Api"}
[03:42:18 INF] [Phase 1] EnsureDeletedAsync completed in 1.3141ms {"SourceContext": "Infrastructure.Services.DatabaseTestService", "Application": "Crud.Api"}
[03:42:18 INF] [Phase 2] Starting EnsureCreatedAsync for worker 7631... {"SourceContext": "Infrastructure.Services.DatabaseTestService", "Application": "Crud.Api"}
[03:42:18 INF] [Phase 2] EnsureCreatedAsync completed in 7.1884ms {"SourceContext": "Infrastructure.Services.DatabaseTestService", "Application": "Crud.Api"}
[03:42:18 INF] [Phase 3] Skipping database seeding as requested for worker 7631 {"SourceContext": "Infrastructure.Services.DatabaseTestService", "Application": "Crud.Api"}
[03:42:18 INF] Database reset via file deletion completed for worker 7631 in 110.126ms (Close: 0.0011ms, Delete: 1.3141ms, Create: 7.1884ms) {"SourceContext": "Infrastructure.Services.DatabaseTestService", "Application": "Crud.Api"}
[03:42:18 INF] Releasing database mutex for worker 7631 {"SourceContext": "Infrastructure.Services.DatabaseTestService", "Application": "Crud.Api"}
[03:42:18 INF] Password reset requested from IP: unknown {"SourceContext": "Api.Controllers.AuthController", "ActionId": "c5aacd53-473d-4181-ab52-db4f7d7b2058", "ActionName": "Api.Controllers.AuthController.ForgotPassword (Api)", "RequestId": "0HNFGSKFKDJAL", "RequestPath": "/api/auth/forgot-password", "Application": "Crud.Api"}
[03:42:18 INF] Password reset requested for user: 560182e8-37a7-47b9-8b42-522aa84a4494 {"SourceContext": "App.Features.Authentication.ForgotPasswordCommandHandler", "ActionId": "c5aacd53-473d-4181-ab52-db4f7d7b2058", "ActionName": "Api.Controllers.AuthController.ForgotPassword (Api)", "RequestId": "0HNFGSKFKDJAL", "RequestPath": "/api/auth/forgot-password", "Application": "Crud.Api"}
[03:42:18 INF] Password reset email sent (Mock Service - Not Actually Sent) {"SourceContext": "Infrastructure.Services.MockEmailService", "ActionId": "c5aacd53-473d-4181-ab52-db4f7d7b2058", "ActionName": "Api.Controllers.AuthController.ForgotPassword (Api)", "RequestId": "0HNFGSKFKDJAL", "RequestPath": "/api/auth/forgot-password", "Application": "Crud.Api"}
[03:42:18 DBG] Email Details - From: noreply@example.com, Subject: Password Reset Request {"SourceContext": "Infrastructure.Services.MockEmailService", "ActionId": "c5aacd53-473d-4181-ab52-db4f7d7b2058", "ActionName": "Api.Controllers.AuthController.ForgotPassword (Api)", "RequestId": "0HNFGSKFKDJAL", "RequestPath": "/api/auth/forgot-password", "Application": "Crud.Api"}
[03:42:18 INF] Password reset email sent successfully for user: 560182e8-37a7-47b9-8b42-522aa84a4494 {"SourceContext": "App.Features.Authentication.ForgotPasswordCommandHandler", "ActionId": "c5aacd53-473d-4181-ab52-db4f7d7b2058", "ActionName": "Api.Controllers.AuthController.ForgotPassword (Api)", "RequestId": "0HNFGSKFKDJAL", "RequestPath": "/api/auth/forgot-password", "Application": "Crud.Api"}
Activity.TraceId:            952661152eccaeb9746c3631ddd0c5ee
Activity.SpanId:             25e4b6316b4b375b
Activity.TraceFlags:         Recorded
Activity.ActivitySourceName: Microsoft.AspNetCore
Activity.DisplayName:        POST api/Auth/forgot-password
Activity.Kind:               Server
Activity.StartTime:          2025-09-11T03:42:18.8698359Z
Activity.Duration:           00:00:00.1019407
Activity.Tags:
    server.address: localhost
    http.request.method: POST
    url.scheme: http
    url.path: /api/auth/forgot-password
    network.protocol.version: 1.1
    http.route: api/Auth/forgot-password
    http.response.status_code: 200
Resource associated with Activity:
    deployment.environment: Testing
    service.name: Crud.Api
    service.version: 1.0.0
    service.instance.id: a483e3f3-32ea-4a50-a508-2cd77b6b2522
    telemetry.sdk.name: opentelemetry
    telemetry.sdk.language: dotnet
    telemetry.sdk.version: 1.8.1
[03:42:18 INF] Token validation requested for token: lrif-pECld*** {"SourceContext": "App.Features.Authentication.ValidateResetTokenQueryHandler", "ActionId": "81dd3c84-a26b-4376-8970-5fba9a7adee3", "ActionName": "Api.Controllers.AuthController.ValidateResetToken (Api)", "RequestId": "0HNFGSKFKDJAM", "RequestPath": "/api/auth/validate-reset-token", "Application": "Crud.Api"}
[03:42:18 INF] Token validation completed - Valid: True, Expired: False, Used: False {"SourceContext": "App.Features.Authentication.ValidateResetTokenQueryHandler", "ActionId": "81dd3c84-a26b-4376-8970-5fba9a7adee3", "ActionName": "Api.Controllers.AuthController.ValidateResetToken (Api)", "RequestId": "0HNFGSKFKDJAM", "RequestPath": "/api/auth/validate-reset-token", "Application": "Crud.Api"}
Activity.TraceId:            57a33c93c2f63ae56c64a5a1c18858c9
Activity.SpanId:             dbd8280afdc616d5
Activity.TraceFlags:         Recorded
Activity.ActivitySourceName: Microsoft.AspNetCore
Activity.DisplayName:        POST api/Auth/validate-reset-token
Activity.Kind:               Server
Activity.StartTime:          2025-09-11T03:42:18.9731618Z
Activity.Duration:           00:00:00.0009362
Activity.Tags:
    server.address: localhost
    http.request.method: POST
    url.scheme: http
    url.path: /api/auth/validate-reset-token
    network.protocol.version: 1.1
    http.route: api/Auth/validate-reset-token
    http.response.status_code: 200
Resource associated with Activity:
    deployment.environment: Testing
    service.name: Crud.Api
    service.version: 1.0.0
    service.instance.id: a483e3f3-32ea-4a50-a508-2cd77b6b2522
    telemetry.sdk.name: opentelemetry
    telemetry.sdk.language: dotnet
    telemetry.sdk.version: 1.8.1
[03:42:18 INF] Resetting database for worker 7631 {"SourceContext": "Infrastructure.Services.DatabaseTestService", "Application": "Crud.Api"}
[03:42:18 INF] Resetting database via file deletion for worker 7631 in CI environment {"SourceContext": "Infrastructure.Services.DatabaseTestService", "Application": "Crud.Api"}
[03:42:18 INF] Acquiring database mutex for worker 7631... {"SourceContext": "Infrastructure.Services.DatabaseTestService", "Application": "Crud.Api"}
[03:42:18 INF] Database mutex acquired for worker 7631 {"SourceContext": "Infrastructure.Services.DatabaseTestService", "Application": "Crud.Api"}
[03:42:18 INF] Current database state - CanConnect: True {"SourceContext": "Infrastructure.Services.DatabaseTestService", "Application": "Crud.Api"}
[03:42:18 INF] [Phase 0] Closing database connection for worker 7631... {"SourceContext": "Infrastructure.Services.DatabaseTestService", "Application": "Crud.Api"}
[03:42:18 INF] [Phase 0] Connection closed in 0.0014ms {"SourceContext": "Infrastructure.Services.DatabaseTestService", "Application": "Crud.Api"}
[03:42:18 INF] [Phase 1] Starting EnsureDeletedAsync for worker 7631... {"SourceContext": "Infrastructure.Services.DatabaseTestService", "Application": "Crud.Api"}
[03:42:18 INF] [Phase 1] EnsureDeletedAsync completed in 1.4797ms {"SourceContext": "Infrastructure.Services.DatabaseTestService", "Application": "Crud.Api"}
[03:42:19 INF] [Phase 2] Starting EnsureCreatedAsync for worker 7631... {"SourceContext": "Infrastructure.Services.DatabaseTestService", "Application": "Crud.Api"}
[03:42:19 INF] [Phase 2] EnsureCreatedAsync completed in 9.2151ms {"SourceContext": "Infrastructure.Services.DatabaseTestService", "Application": "Crud.Api"}
[03:42:19 INF] [Phase 3] Skipping database seeding as requested for worker 7631 {"SourceContext": "Infrastructure.Services.DatabaseTestService", "Application": "Crud.Api"}
[03:42:19 INF] Database reset via file deletion completed for worker 7631 in 110.9545ms (Close: 0.0014ms, Delete: 1.4797ms, Create: 9.2151ms) {"SourceContext": "Infrastructure.Services.DatabaseTestService", "Application": "Crud.Api"}
[03:42:19 INF] Releasing database mutex for worker 7631 {"SourceContext": "Infrastructure.Services.DatabaseTestService", "Application": "Crud.Api"}
[03:42:19 INF] Resetting database for worker 7631 {"SourceContext": "Infrastructure.Services.DatabaseTestService", "Application": "Crud.Api"}
[03:42:19 INF] Resetting database via file deletion for worker 7631 in CI environment {"SourceContext": "Infrastructure.Services.DatabaseTestService", "Application": "Crud.Api"}
[03:42:19 INF] Acquiring database mutex for worker 7631... {"SourceContext": "Infrastructure.Services.DatabaseTestService", "Application": "Crud.Api"}
[03:42:19 INF] Database mutex acquired for worker 7631 {"SourceContext": "Infrastructure.Services.DatabaseTestService", "Application": "Crud.Api"}
[03:42:19 INF] Current database state - CanConnect: True {"SourceContext": "Infrastructure.Services.DatabaseTestService", "Application": "Crud.Api"}
[03:42:19 INF] [Phase 0] Closing database connection for worker 7631... {"SourceContext": "Infrastructure.Services.DatabaseTestService", "Application": "Crud.Api"}
[03:42:19 INF] [Phase 0] Connection closed in 0.001ms {"SourceContext": "Infrastructure.Services.DatabaseTestService", "Application": "Crud.Api"}
[03:42:19 INF] [Phase 1] Starting EnsureDeletedAsync for worker 7631... {"SourceContext": "Infrastructure.Services.DatabaseTestService", "Application": "Crud.Api"}
[03:42:19 INF] [Phase 1] EnsureDeletedAsync completed in 1.2725ms {"SourceContext": "Infrastructure.Services.DatabaseTestService", "Application": "Crud.Api"}
[03:42:19 INF] [Phase 2] Starting EnsureCreatedAsync for worker 7631... {"SourceContext": "Infrastructure.Services.DatabaseTestService", "Application": "Crud.Api"}
[03:42:19 INF] [Phase 2] EnsureCreatedAsync completed in 6.9902ms {"SourceContext": "Infrastructure.Services.DatabaseTestService", "Application": "Crud.Api"}
[03:42:19 INF] [Phase 3] Skipping database seeding as requested for worker 7631 {"SourceContext": "Infrastructure.Services.DatabaseTestService", "Application": "Crud.Api"}
[03:42:19 INF] Database reset via file deletion completed for worker 7631 in 109.0485ms (Close: 0.001ms, Delete: 1.2725ms, Create: 6.9902ms) {"SourceContext": "Infrastructure.Services.DatabaseTestService", "Application": "Crud.Api"}
[03:42:19 INF] Releasing database mutex for worker 7631 {"SourceContext": "Infrastructure.Services.DatabaseTestService", "Application": "Crud.Api"}
[03:42:19 INF] Password reset attempt from IP: unknown {"SourceContext": "Api.Controllers.AuthController", "ActionId": "50a6be8c-2ae5-4d26-b650-571dbaf7441b", "ActionName": "Api.Controllers.AuthController.ResetPassword (Api)", "RequestId": "0HNFGSKFKDJAN", "RequestPath": "/api/auth/reset-password", "Application": "Crud.Api"}
[03:42:19 WRN] Password reset attempted with invalid token {"SourceContext": "App.Features.Authentication.ResetPasswordCommandHandler", "ActionId": "50a6be8c-2ae5-4d26-b650-571dbaf7441b", "ActionName": "Api.Controllers.AuthController.ResetPassword (Api)", "RequestId": "0HNFGSKFKDJAN", "RequestPath": "/api/auth/reset-password", "Application": "Crud.Api"}
Activity.TraceId:            e204dd588a949f649d2c8d50be494006
Activity.SpanId:             34608d0c449318a4
Activity.TraceFlags:         Recorded
Activity.ActivitySourceName: Microsoft.AspNetCore
Activity.DisplayName:        POST api/Auth/reset-password
Activity.Kind:               Server
Activity.StartTime:          2025-09-11T03:42:19.1983345Z
Activity.Duration:           00:00:00.0009361
Activity.Tags:
    server.address: localhost
    http.request.method: POST
    url.scheme: http
    url.path: /api/auth/reset-password
    network.protocol.version: 1.1
    http.route: api/Auth/reset-password
    http.response.status_code: 400
Resource associated with Activity:
    deployment.environment: Testing
    service.name: Crud.Api
    service.version: 1.0.0
    service.instance.id: a483e3f3-32ea-4a50-a508-2cd77b6b2522
    telemetry.sdk.name: opentelemetry
    telemetry.sdk.language: dotnet
    telemetry.sdk.version: 1.8.1
❌ POST /api/auth/reset-password failed:
   Status: BadRequest (400)
   Reason: Bad Request
   Response Body: {"error":"Invalid or expired password reset link."}
   Content Headers: Content-Type=application/json; charset=utf-8
[03:42:19 INF] Resetting database for worker 7631 {"SourceContext": "Infrastructure.Services.DatabaseTestService", "Application": "Crud.Api"}
[03:42:19 INF] Resetting database via file deletion for worker 7631 in CI environment {"SourceContext": "Infrastructure.Services.DatabaseTestService", "Application": "Crud.Api"}
[03:42:19 INF] Acquiring database mutex for worker 7631... {"SourceContext": "Infrastructure.Services.DatabaseTestService", "Application": "Crud.Api"}
[03:42:19 INF] Database mutex acquired for worker 7631 {"SourceContext": "Infrastructure.Services.DatabaseTestService", "Application": "Crud.Api"}
[03:42:19 INF] Current database state - CanConnect: True {"SourceContext": "Infrastructure.Services.DatabaseTestService", "Application": "Crud.Api"}
[03:42:19 INF] [Phase 0] Closing database connection for worker 7631... {"SourceContext": "Infrastructure.Services.DatabaseTestService", "Application": "Crud.Api"}
[03:42:19 INF] [Phase 0] Connection closed in 0.0012ms {"SourceContext": "Infrastructure.Services.DatabaseTestService", "Application": "Crud.Api"}
[03:42:19 INF] [Phase 1] Starting EnsureDeletedAsync for worker 7631... {"SourceContext": "Infrastructure.Services.DatabaseTestService", "Application": "Crud.Api"}
[03:42:19 INF] [Phase 1] EnsureDeletedAsync completed in 1.3183ms {"SourceContext": "Infrastructure.Services.DatabaseTestService", "Application": "Crud.Api"}
[03:42:19 INF] [Phase 2] Starting EnsureCreatedAsync for worker 7631... {"SourceContext": "Infrastructure.Services.DatabaseTestService", "Application": "Crud.Api"}
[03:42:19 INF] [Phase 2] EnsureCreatedAsync completed in 7.3437ms {"SourceContext": "Infrastructure.Services.DatabaseTestService", "Application": "Crud.Api"}
[03:42:19 INF] [Phase 3] Skipping database seeding as requested for worker 7631 {"SourceContext": "Infrastructure.Services.DatabaseTestService", "Application": "Crud.Api"}
[03:42:19 INF] Database reset via file deletion completed for worker 7631 in 108.9238ms (Close: 0.0012ms, Delete: 1.3183ms, Create: 7.3437ms) {"SourceContext": "Infrastructure.Services.DatabaseTestService", "Application": "Crud.Api"}
[03:42:19 INF] Releasing database mutex for worker 7631 {"SourceContext": "Infrastructure.Services.DatabaseTestService", "Application": "Crud.Api"}
[03:42:19 INF] Resetting database for worker 7631 {"SourceContext": "Infrastructure.Services.DatabaseTestService", "Application": "Crud.Api"}
[03:42:19 INF] Resetting database via file deletion for worker 7631 in CI environment {"SourceContext": "Infrastructure.Services.DatabaseTestService", "Application": "Crud.Api"}
[03:42:19 INF] Acquiring database mutex for worker 7631... {"SourceContext": "Infrastructure.Services.DatabaseTestService", "Application": "Crud.Api"}
[03:42:19 INF] Database mutex acquired for worker 7631 {"SourceContext": "Infrastructure.Services.DatabaseTestService", "Application": "Crud.Api"}
[03:42:19 INF] Current database state - CanConnect: True {"SourceContext": "Infrastructure.Services.DatabaseTestService", "Application": "Crud.Api"}
[03:42:19 INF] [Phase 0] Closing database connection for worker 7631... {"SourceContext": "Infrastructure.Services.DatabaseTestService", "Application": "Crud.Api"}
[03:42:19 INF] [Phase 0] Connection closed in 0.0013ms {"SourceContext": "Infrastructure.Services.DatabaseTestService", "Application": "Crud.Api"}
[03:42:19 INF] [Phase 1] Starting EnsureDeletedAsync for worker 7631... {"SourceContext": "Infrastructure.Services.DatabaseTestService", "Application": "Crud.Api"}
[03:42:19 INF] [Phase 1] EnsureDeletedAsync completed in 1.1779ms {"SourceContext": "Infrastructure.Services.DatabaseTestService", "Application": "Crud.Api"}
[03:42:19 INF] [Phase 2] Starting EnsureCreatedAsync for worker 7631... {"SourceContext": "Infrastructure.Services.DatabaseTestService", "Application": "Crud.Api"}
[03:42:19 INF] [Phase 2] EnsureCreatedAsync completed in 7.6501ms {"SourceContext": "Infrastructure.Services.DatabaseTestService", "Application": "Crud.Api"}
[03:42:19 INF] [Phase 3] Skipping database seeding as requested for worker 7631 {"SourceContext": "Infrastructure.Services.DatabaseTestService", "Application": "Crud.Api"}
[03:42:19 INF] Database reset via file deletion completed for worker 7631 in 109.5557ms (Close: 0.0013ms, Delete: 1.1779ms, Create: 7.6501ms) {"SourceContext": "Infrastructure.Services.DatabaseTestService", "Application": "Crud.Api"}
[03:42:19 INF] Releasing database mutex for worker 7631 {"SourceContext": "Infrastructure.Services.DatabaseTestService", "Application": "Crud.Api"}
[03:42:19 INF] Password reset requested from IP: unknown {"SourceContext": "Api.Controllers.AuthController", "ActionId": "c5aacd53-473d-4181-ab52-db4f7d7b2058", "ActionName": "Api.Controllers.AuthController.ForgotPassword (Api)", "RequestId": "0HNFGSKFKDJAO", "RequestPath": "/api/auth/forgot-password", "Application": "Crud.Api"}
[03:42:19 INF] Password reset requested for user: 9d57d71f-cb83-45ec-9cbc-05ecd9d3ff3f {"SourceContext": "App.Features.Authentication.ForgotPasswordCommandHandler", "ActionId": "c5aacd53-473d-4181-ab52-db4f7d7b2058", "ActionName": "Api.Controllers.AuthController.ForgotPassword (Api)", "RequestId": "0HNFGSKFKDJAO", "RequestPath": "/api/auth/forgot-password", "Application": "Crud.Api"}
[03:42:19 INF] Password reset email sent (Mock Service - Not Actually Sent) {"SourceContext": "Infrastructure.Services.MockEmailService", "ActionId": "c5aacd53-473d-4181-ab52-db4f7d7b2058", "ActionName": "Api.Controllers.AuthController.ForgotPassword (Api)", "RequestId": "0HNFGSKFKDJAO", "RequestPath": "/api/auth/forgot-password", "Application": "Crud.Api"}
[03:42:19 DBG] Email Details - From: noreply@example.com, Subject: Password Reset Request {"SourceContext": "Infrastructure.Services.MockEmailService", "ActionId": "c5aacd53-473d-4181-ab52-db4f7d7b2058", "ActionName": "Api.Controllers.AuthController.ForgotPassword (Api)", "RequestId": "0HNFGSKFKDJAO", "RequestPath": "/api/auth/forgot-password", "Application": "Crud.Api"}
[03:42:19 INF] Password reset email sent successfully for user: 9d57d71f-cb83-45ec-9cbc-05ecd9d3ff3f {"SourceContext": "App.Features.Authentication.ForgotPasswordCommandHandler", "ActionId": "c5aacd53-473d-4181-ab52-db4f7d7b2058", "ActionName": "Api.Controllers.AuthController.ForgotPassword (Api)", "RequestId": "0HNFGSKFKDJAO", "RequestPath": "/api/auth/forgot-password", "Application": "Crud.Api"}
Activity.TraceId:            8ae19ea0ed5371c771306944fca8e5f1
Activity.SpanId:             70a2cec4f5da3bec
Activity.TraceFlags:         Recorded
Activity.ActivitySourceName: Microsoft.AspNetCore
Activity.DisplayName:        POST api/Auth/forgot-password
Activity.Kind:               Server
Activity.StartTime:          2025-09-11T03:42:19.4233291Z
Activity.Duration:           00:00:00.1029308
Activity.Tags:
    server.address: localhost
    http.request.method: POST
    url.scheme: http
    url.path: /api/auth/forgot-password
    network.protocol.version: 1.1
    http.route: api/Auth/forgot-password
    http.response.status_code: 200
Resource associated with Activity:
    deployment.environment: Testing
    service.name: Crud.Api
    service.version: 1.0.0
    service.instance.id: a483e3f3-32ea-4a50-a508-2cd77b6b2522
    telemetry.sdk.name: opentelemetry
    telemetry.sdk.language: dotnet
    telemetry.sdk.version: 1.8.1
[03:42:19 INF] Resetting database for worker 7631 {"SourceContext": "Infrastructure.Services.DatabaseTestService", "Application": "Crud.Api"}
[03:42:19 INF] Resetting database via file deletion for worker 7631 in CI environment {"SourceContext": "Infrastructure.Services.DatabaseTestService", "Application": "Crud.Api"}
[03:42:19 INF] Acquiring database mutex for worker 7631... {"SourceContext": "Infrastructure.Services.DatabaseTestService", "Application": "Crud.Api"}
[03:42:19 INF] Database mutex acquired for worker 7631 {"SourceContext": "Infrastructure.Services.DatabaseTestService", "Application": "Crud.Api"}
[03:42:19 INF] Current database state - CanConnect: True {"SourceContext": "Infrastructure.Services.DatabaseTestService", "Application": "Crud.Api"}
[03:42:19 INF] [Phase 0] Closing database connection for worker 7631... {"SourceContext": "Infrastructure.Services.DatabaseTestService", "Application": "Crud.Api"}
[03:42:19 INF] [Phase 0] Connection closed in 0.0017ms {"SourceContext": "Infrastructure.Services.DatabaseTestService", "Application": "Crud.Api"}
[03:42:19 INF] [Phase 1] Starting EnsureDeletedAsync for worker 7631... {"SourceContext": "Infrastructure.Services.DatabaseTestService", "Application": "Crud.Api"}
[03:42:19 INF] [Phase 1] EnsureDeletedAsync completed in 1.5797ms {"SourceContext": "Infrastructure.Services.DatabaseTestService", "Application": "Crud.Api"}
[03:42:19 INF] [Phase 2] Starting EnsureCreatedAsync for worker 7631... {"SourceContext": "Infrastructure.Services.DatabaseTestService", "Application": "Crud.Api"}
[03:42:19 INF] [Phase 2] EnsureCreatedAsync completed in 7.7398ms {"SourceContext": "Infrastructure.Services.DatabaseTestService", "Application": "Crud.Api"}
[03:42:19 INF] [Phase 3] Skipping database seeding as requested for worker 7631 {"SourceContext": "Infrastructure.Services.DatabaseTestService", "Application": "Crud.Api"}
[03:42:19 INF] Database reset via file deletion completed for worker 7631 in 110.4398ms (Close: 0.0017ms, Delete: 1.5797ms, Create: 7.7398ms) {"SourceContext": "Infrastructure.Services.DatabaseTestService", "Application": "Crud.Api"}
[03:42:19 INF] Releasing database mutex for worker 7631 {"SourceContext": "Infrastructure.Services.DatabaseTestService", "Application": "Crud.Api"}
Resource associated with Metric:
    deployment.environment: Testing
    service.name: Crud.Api
    service.version: 1.0.0
    service.instance.id: a483e3f3-32ea-4a50-a508-2cd77b6b2522
    telemetry.sdk.name: opentelemetry
    telemetry.sdk.language: dotnet
    telemetry.sdk.version: 1.8.1
Metric Name: http.server.active_requests, Number of active HTTP server requests., Unit: {request}, Meter: Microsoft.AspNetCore.Hosting
(2025-09-11T03:42:16.3403958Z, 2025-09-11T03:42:19.6395451Z] http.request.method: POST url.scheme: http LongSumNonMonotonic
Value: 0
Metric Name: http.server.request.duration, Duration of HTTP server requests., Unit: s, Meter: Microsoft.AspNetCore.Hosting
(2025-09-11T03:42:16.3404706Z, 2025-09-11T03:42:19.6395484Z] http.request.method: POST http.response.status_code: 200 http.route: api/Auth/forgot-password network.protocol.version: 1.1 url.scheme: http Histogram
Value: Sum: 0.5581017 Count: 6 Min: 0.0034977 Max: 0.1454918 
(-Infinity,0.005]:1
(0.005,0.01]:0
(0.01,0.025]:0
(0.025,0.05]:0
(0.05,0.075]:0
(0.075,0.1]:0
(0.1,0.25]:5
(0.25,0.5]:0
(0.5,0.75]:0
(0.75,1]:0
(1,2.5]:0
(2.5,5]:0
(5,7.5]:0
(7.5,10]:0
(10,+Infinity]:0
(2025-09-11T03:42:16.3404706Z, 2025-09-11T03:42:19.6395484Z] http.request.method: POST http.response.status_code: 400 http.route: api/Auth/reset-password network.protocol.version: 1.1 url.scheme: http Histogram
Value: Sum: 0.0102504 Count: 3 Min: 0.0007182 Max: 0.0085936 
(-Infinity,0.005]:2
(0.005,0.01]:1
(0.01,0.025]:0
(0.025,0.05]:0
(0.05,0.075]:0
(0.075,0.1]:0
(0.1,0.25]:0
(0.25,0.5]:0
(0.5,0.75]:0
(0.75,1]:0
(1,2.5]:0
(2.5,5]:0
(5,7.5]:0
(7.5,10]:0
(10,+Infinity]:0
(2025-09-11T03:42:16.3404706Z, 2025-09-11T03:42:19.6395484Z] http.request.method: POST http.response.status_code: 400 http.route: api/Auth/forgot-password network.protocol.version: 1.1 url.scheme: http Histogram
Value: Sum: 0.0026883 Count: 1 Min: 0.0026883 Max: 0.0026883 
(-Infinity,0.005]:1
(0.005,0.01]:0
(0.01,0.025]:0
(0.025,0.05]:0
(0.05,0.075]:0
(0.075,0.1]:0
(0.1,0.25]:0
(0.25,0.5]:0
(0.5,0.75]:0
(0.75,1]:0
(1,2.5]:0
(2.5,5]:0
(5,7.5]:0
(7.5,10]:0
(10,+Infinity]:0
(2025-09-11T03:42:16.3404706Z, 2025-09-11T03:42:19.6395484Z] http.request.method: POST http.response.status_code: 200 http.route: api/Auth/reset-password network.protocol.version: 1.1 url.scheme: http Histogram
Value: Sum: 0.6255606 Count: 2 Min: 0.3022056 Max: 0.323355 
(-Infinity,0.005]:0
(0.005,0.01]:0
(0.01,0.025]:0
(0.025,0.05]:0
(0.05,0.075]:0
(0.075,0.1]:0
(0.1,0.25]:0
(0.25,0.5]:2
(0.5,0.75]:0
(0.75,1]:0
(1,2.5]:0
(2.5,5]:0
(5,7.5]:0
(7.5,10]:0
(10,+Infinity]:0
(2025-09-11T03:42:16.3404706Z, 2025-09-11T03:42:19.6395484Z] http.request.method: POST http.response.status_code: 200 http.route: api/Auth/validate-reset-token network.protocol.version: 1.1 url.scheme: http Histogram
Value: Sum: 0.014555499999999999 Count: 4 Min: 0.0009182 Max: 0.010296 
(-Infinity,0.005]:3
(0.005,0.01]:0
(0.01,0.025]:1
(0.025,0.05]:0
(0.05,0.075]:0
(0.075,0.1]:0
(0.1,0.25]:0
(0.25,0.5]:0
(0.5,0.75]:0
(0.75,1]:0
(1,2.5]:0
(2.5,5]:0
(5,7.5]:0
(7.5,10]:0
(10,+Infinity]:0
Metric Name: aspnetcore.rate_limiting.active_request_leases, Number of HTTP requests that are currently active on the server that hold a rate limiting lease., Unit: {request}, Meter: Microsoft.AspNetCore.RateLimiting
(2025-09-11T03:42:16.3424573Z, 2025-09-11T03:42:19.6395492Z] LongSumNonMonotonic
Value: 0
(2025-09-11T03:42:16.3424573Z, 2025-09-11T03:42:19.6395492Z] aspnetcore.rate_limiting.policy: PasswordReset LongSumNonMonotonic
Value: 0
Metric Name: aspnetcore.rate_limiting.request_lease.duration, The duration of rate limiting leases held by HTTP requests on the server., Unit: s, Meter: Microsoft.AspNetCore.RateLimiting
(2025-09-11T03:42:16.3425359Z, 2025-09-11T03:42:19.6395505Z] Histogram
Value: Sum: 0.014128700000000003 Count: 4 Min: 0.0008233 Max: 0.0101308 
(-Infinity,0.005]:3
(0.005,0.01]:0
(0.01,0.025]:1
(0.025,0.05]:0
(0.05,0.075]:0
(0.075,0.1]:0
(0.1,0.25]:0
(0.25,0.5]:0
(0.5,0.75]:0
(0.75,1]:0
(1,2.5]:0
(2.5,5]:0
(5,7.5]:0
(7.5,10]:0
(10,+Infinity]:0
(2025-09-11T03:42:16.3425359Z, 2025-09-11T03:42:19.6395505Z] aspnetcore.rate_limiting.policy: PasswordReset Histogram
Value: Sum: 1.1904556999999998 Count: 12 Min: 0.0006439 Max: 0.3232459 
(-Infinity,0.005]:4
(0.005,0.01]:1
(0.01,0.025]:0
(0.025,0.05]:0
(0.05,0.075]:0
(0.075,0.1]:0
(0.1,0.25]:5
(0.25,0.5]:2
(0.5,0.75]:0
(0.75,1]:0
(1,2.5]:0
(2.5,5]:0
(5,7.5]:0
(7.5,10]:0
(10,+Infinity]:0
Metric Name: aspnetcore.rate_limiting.requests, Number of requests that tried to acquire a rate limiting lease. Requests could be rejected by global or endpoint rate limiting policies. Or the request could be canceled while waiting for the lease., Unit: {request}, Meter: Microsoft.AspNetCore.RateLimiting
(2025-09-11T03:42:16.3427306Z, 2025-09-11T03:42:19.6395526Z] aspnetcore.rate_limiting.policy: PasswordReset aspnetcore.rate_limiting.result: acquired LongSum
Value: 12
(2025-09-11T03:42:16.3427306Z, 2025-09-11T03:42:19.6395526Z] aspnetcore.rate_limiting.result: acquired LongSum
Value: 4
Metric Name: aspnetcore.routing.match_attempts, Number of requests that were attempted to be matched to an endpoint., Unit: {match_attempt}, Meter: Microsoft.AspNetCore.Routing
(2025-09-11T03:42:16.3434903Z, 2025-09-11T03:42:19.6395535Z] aspnetcore.routing.is_fallback: false aspnetcore.routing.match_status: success http.route: api/Auth/forgot-password LongSum
Value: 7
(2025-09-11T03:42:16.3434903Z, 2025-09-11T03:42:19.6395535Z] aspnetcore.routing.is_fallback: false aspnetcore.routing.match_status: success http.route: api/Auth/reset-password LongSum
Value: 5
(2025-09-11T03:42:16.3434903Z, 2025-09-11T03:42:19.6395535Z] aspnetcore.routing.is_fallback: false aspnetcore.routing.match_status: success http.route: api/Auth/validate-reset-token LongSum
Value: 4
[03:42:19 INF] Starting Crud API application {"Application": "Crud.Api"}
[03:42:19 INF] Using SQLite provider with connection: Data Source=TestDatabase.db {"Application": "Crud.Api"}
[03:42:19 INF] Database ensured successfully {"Application": "Crud.Api"}
[03:42:19 INF] Application configured successfully. Starting web host... {"Application": "Crud.Api"}
[03:42:19 WRN] Failed to determine the https port for redirect. {"EventId": {"Id": 3, "Name": "FailedToDeterminePort"}, "SourceContext": "Microsoft.AspNetCore.HttpsPolicy.HttpsRedirectionMiddleware", "RequestId": "0HNFGSKFKDJAP", "RequestPath": "/api/auth/register", "Application": "Crud.Api"}
[03:42:19 INF] User registered successfully: adebc0aa-defb-441e-b95c-953495dcf212 {"SourceContext": "App.Features.Authentication.RegisterUserCommandHandler", "ActionId": "20afde2a-d3c0-42c0-9752-1f03f0da7f59", "ActionName": "Api.Controllers.AuthController.Register (Api)", "RequestId": "0HNFGSKFKDJAP", "RequestPath": "/api/auth/register", "Application": "Crud.Api"}
Activity.TraceId:            6475f1dd7f9e6f53424a7181d93f8aa4
Activity.SpanId:             80d2e9db485791fc
Activity.TraceFlags:         Recorded
Activity.ActivitySourceName: Microsoft.AspNetCore
Activity.DisplayName:        POST api/Auth/register
Activity.Kind:               Server
Activity.StartTime:          2025-09-11T03:42:19.6765118Z
Activity.Duration:           00:00:00.3046998
Activity.Tags:
    server.address: localhost
    http.request.method: POST
    url.scheme: http
    url.path: /api/auth/register
    network.protocol.version: 1.1
    http.route: api/Auth/register
    http.response.status_code: 200
Resource associated with Activity:
    deployment.environment: Testing
    service.name: Crud.Api
    service.version: 1.0.0
    service.instance.id: a483e3f3-32ea-4a50-a508-2cd77b6b2522
    telemetry.sdk.name: opentelemetry
    telemetry.sdk.language: dotnet
    telemetry.sdk.version: 1.8.1
[03:42:20 INF] User logged in successfully: adebc0aa-defb-441e-b95c-953495dcf212 {"SourceContext": "App.Features.Authentication.LoginCommandHandler", "ActionId": "a611ab6c-191d-4803-825d-099d8dd58993", "ActionName": "Api.Controllers.AuthController.Login (Api)", "RequestId": "0HNFGSKFKDJAQ", "RequestPath": "/api/auth/login", "Application": "Crud.Api"}
Activity.TraceId:            cc0bc10b281fd4212dbe91dff60cec95
Activity.SpanId:             aa0b81c1b12ba8de
Activity.TraceFlags:         Recorded
Activity.ActivitySourceName: Microsoft.AspNetCore
Activity.DisplayName:        POST api/Auth/login
Activity.Kind:               Server
Activity.StartTime:          2025-09-11T03:42:19.9854740Z
Activity.Duration:           00:00:00.3040425
Activity.Tags:
    server.address: localhost
    http.request.method: POST
    url.scheme: http
    url.path: /api/auth/login
    network.protocol.version: 1.1
    http.route: api/Auth/login
    http.response.status_code: 200
Resource associated with Activity:
    deployment.environment: Testing
    service.name: Crud.Api
    service.version: 1.0.0
    service.instance.id: a483e3f3-32ea-4a50-a508-2cd77b6b2522
    telemetry.sdk.name: opentelemetry
    telemetry.sdk.language: dotnet
    telemetry.sdk.version: 1.8.1
[03:42:20 DBG] Removed cache value for key: entity:wall:a9842705bcfd49739010a54d36c99b4d {"SourceContext": "Infrastructure.Services.Caching.InMemoryCacheService", "ActionId": "d7af7d98-f156-49f6-bd4f-16b58e4fdd09", "ActionName": "Api.Controllers.WallsController.Create (Api)", "RequestId": "0HNFGSKFKDJAR", "RequestPath": "/api/walls", "Application": "Crud.Api"}
[03:42:20 DBG] Removed cache value for key: list:wall {"SourceContext": "Infrastructure.Services.Caching.InMemoryCacheService", "ActionId": "d7af7d98-f156-49f6-bd4f-16b58e4fdd09", "ActionName": "Api.Controllers.WallsController.Create (Api)", "RequestId": "0HNFGSKFKDJAR", "RequestPath": "/api/walls", "Application": "Crud.Api"}
[03:42:20 DBG] Invalidating cache for entity type: walls with tag: walls {"SourceContext": "Api.Services.OutputCacheInvalidationService", "ActionId": "d7af7d98-f156-49f6-bd4f-16b58e4fdd09", "ActionName": "Api.Controllers.WallsController.Create (Api)", "RequestId": "0HNFGSKFKDJAR", "RequestPath": "/api/walls", "Application": "Crud.Api"}
[03:42:20 INF] Successfully invalidated cache for entity type: walls {"SourceContext": "Api.Services.OutputCacheInvalidationService", "ActionId": "d7af7d98-f156-49f6-bd4f-16b58e4fdd09", "ActionName": "Api.Controllers.WallsController.Create (Api)", "RequestId": "0HNFGSKFKDJAR", "RequestPath": "/api/walls", "Application": "Crud.Api"}
Activity.TraceId:            dad8a9804217d53d64163845e9799ea1
Activity.SpanId:             443bae0c60bda318
Activity.TraceFlags:         Recorded
Activity.ActivitySourceName: Microsoft.AspNetCore
Activity.DisplayName:        POST api/Walls
Activity.Kind:               Server
Activity.StartTime:          2025-09-11T03:42:20.2932994Z
Activity.Duration:           00:00:00.0170370
Activity.Tags:
    server.address: localhost
    http.request.method: POST
    url.scheme: http
    url.path: /api/walls
    network.protocol.version: 1.1
    http.route: api/Walls
    http.response.status_code: 201
Resource associated with Activity:
    deployment.environment: Testing
    service.name: Crud.Api
    service.version: 1.0.0
    service.instance.id: a483e3f3-32ea-4a50-a508-2cd77b6b2522
    telemetry.sdk.name: opentelemetry
    telemetry.sdk.language: dotnet
    telemetry.sdk.version: 1.8.1
[03:42:20 INF] User registered successfully: f77df7af-8a67-40cf-9971-6d97332b4ee5 {"SourceContext": "App.Features.Authentication.RegisterUserCommandHandler", "ActionId": "20afde2a-d3c0-42c0-9752-1f03f0da7f59", "ActionName": "Api.Controllers.AuthController.Register (Api)", "RequestId": "0HNFGSKFKDJAS", "RequestPath": "/api/auth/register", "Application": "Crud.Api"}
Activity.TraceId:            bed157075559bab9bb8450a1b711ea9a
Activity.SpanId:             dd00ba76c8e3ebb3
Activity.TraceFlags:         Recorded
Activity.ActivitySourceName: Microsoft.AspNetCore
Activity.DisplayName:        POST api/Auth/register
Activity.Kind:               Server
Activity.StartTime:          2025-09-11T03:42:20.3139901Z
Activity.Duration:           00:00:00.3002633
Activity.Tags:
    server.address: localhost
    http.request.method: POST
    url.scheme: http
    url.path: /api/auth/register
    network.protocol.version: 1.1
    http.route: api/Auth/register
    http.response.status_code: 200
Resource associated with Activity:
    deployment.environment: Testing
    service.name: Crud.Api
    service.version: 1.0.0
    service.instance.id: a483e3f3-32ea-4a50-a508-2cd77b6b2522
    telemetry.sdk.name: opentelemetry
    telemetry.sdk.language: dotnet
    telemetry.sdk.version: 1.8.1
[03:42:20 INF] User logged in successfully: f77df7af-8a67-40cf-9971-6d97332b4ee5 {"SourceContext": "App.Features.Authentication.LoginCommandHandler", "ActionId": "a611ab6c-191d-4803-825d-099d8dd58993", "ActionName": "Api.Controllers.AuthController.Login (Api)", "RequestId": "0HNFGSKFKDJAT", "RequestPath": "/api/auth/login", "Application": "Crud.Api"}
Activity.TraceId:            ec995dcc34d28153494c6d51512e1157
Activity.SpanId:             5718b7d401392882
Activity.TraceFlags:         Recorded
Activity.ActivitySourceName: Microsoft.AspNetCore
Activity.DisplayName:        POST api/Auth/login
Activity.Kind:               Server
Activity.StartTime:          2025-09-11T03:42:20.6160236Z
Activity.Duration:           00:00:00.2987516
Activity.Tags:
    server.address: localhost
    http.request.method: POST
    url.scheme: http
    url.path: /api/auth/login
    network.protocol.version: 1.1
    http.route: api/Auth/login
    http.response.status_code: 200
Resource associated with Activity:
    deployment.environment: Testing
    service.name: Crud.Api
    service.version: 1.0.0
    service.instance.id: a483e3f3-32ea-4a50-a508-2cd77b6b2522
    telemetry.sdk.name: opentelemetry
    telemetry.sdk.language: dotnet
    telemetry.sdk.version: 1.8.1
[03:42:20 DBG] Removed cache value for key: entity:wall:9a7a5d7cc03a48349fb64ef1e1b29db7 {"SourceContext": "Infrastructure.Services.Caching.InMemoryCacheService", "ActionId": "d7af7d98-f156-49f6-bd4f-16b58e4fdd09", "ActionName": "Api.Controllers.WallsController.Create (Api)", "RequestId": "0HNFGSKFKDJAU", "RequestPath": "/api/walls", "Application": "Crud.Api"}
[03:42:20 DBG] Removed cache value for key: list:wall {"SourceContext": "Infrastructure.Services.Caching.InMemoryCacheService", "ActionId": "d7af7d98-f156-49f6-bd4f-16b58e4fdd09", "ActionName": "Api.Controllers.WallsController.Create (Api)", "RequestId": "0HNFGSKFKDJAU", "RequestPath": "/api/walls", "Application": "Crud.Api"}
[03:42:20 DBG] Invalidating cache for entity type: walls with tag: walls {"SourceContext": "Api.Services.OutputCacheInvalidationService", "ActionId": "d7af7d98-f156-49f6-bd4f-16b58e4fdd09", "ActionName": "Api.Controllers.WallsController.Create (Api)", "RequestId": "0HNFGSKFKDJAU", "RequestPath": "/api/walls", "Application": "Crud.Api"}
[03:42:20 INF] Successfully invalidated cache for entity type: walls {"SourceContext": "Api.Services.OutputCacheInvalidationService", "ActionId": "d7af7d98-f156-49f6-bd4f-16b58e4fdd09", "ActionName": "Api.Controllers.WallsController.Create (Api)", "RequestId": "0HNFGSKFKDJAU", "RequestPath": "/api/walls", "Application": "Crud.Api"}
Activity.TraceId:            ac321c84c85a1dfcdc1f7eeaae43a999
Activity.SpanId:             410af7db51ae6e6b
Activity.TraceFlags:         Recorded
Activity.ActivitySourceName: Microsoft.AspNetCore
Activity.DisplayName:        POST api/Walls
Activity.Kind:               Server
Activity.StartTime:          2025-09-11T03:42:20.9155501Z
Activity.Duration:           00:00:00.0020198
Activity.Tags:
    server.address: localhost
    http.request.method: POST
    url.scheme: http
    url.path: /api/walls
    network.protocol.version: 1.1
    http.route: api/Walls
    http.response.status_code: 201
Resource associated with Activity:
    deployment.environment: Testing
    service.name: Crud.Api
    service.version: 1.0.0
    service.instance.id: a483e3f3-32ea-4a50-a508-2cd77b6b2522
    telemetry.sdk.name: opentelemetry
    telemetry.sdk.language: dotnet
    telemetry.sdk.version: 1.8.1
[03:42:21 INF] User registered successfully: f7ad60a6-d93e-4aef-9915-1aa60f1e7f2c {"SourceContext": "App.Features.Authentication.RegisterUserCommandHandler", "ActionId": "20afde2a-d3c0-42c0-9752-1f03f0da7f59", "ActionName": "Api.Controllers.AuthController.Register (Api)", "RequestId": "0HNFGSKFKDJAV", "RequestPath": "/api/auth/register", "Application": "Crud.Api"}
Activity.TraceId:            33a532767056e22a395524878a4cfe14
Activity.SpanId:             dc6b8ac446724383
Activity.TraceFlags:         Recorded
Activity.ActivitySourceName: Microsoft.AspNetCore
Activity.DisplayName:        POST api/Auth/register
Activity.Kind:               Server
Activity.StartTime:          2025-09-11T03:42:20.9184661Z
Activity.Duration:           00:00:00.3012953
Activity.Tags:
    server.address: localhost
    http.request.method: POST
    url.scheme: http
    url.path: /api/auth/register
    network.protocol.version: 1.1
    http.route: api/Auth/register
    http.response.status_code: 200
Resource associated with Activity:
    deployment.environment: Testing
    service.name: Crud.Api
    service.version: 1.0.0
    service.instance.id: a483e3f3-32ea-4a50-a508-2cd77b6b2522
    telemetry.sdk.name: opentelemetry
    telemetry.sdk.language: dotnet
    telemetry.sdk.version: 1.8.1
[03:42:21 DBG] Cache miss for key: entity:wall:9a7a5d7cc03a48349fb64ef1e1b29db7 {"SourceContext": "Infrastructure.Services.Caching.InMemoryCacheService", "ActionId": "54715a56-9634-4086-981e-1c691c33c033", "ActionName": "Api.Controllers.WallsController.Get (Api)", "RequestId": "0HNFGSKFKDJB0", "RequestPath": "/api/walls/9a7a5d7c-c03a-4834-9fb6-4ef1e1b29db7", "Application": "Crud.Api"}
[03:42:21 DBG] Set cache value for key: entity:wall:9a7a5d7cc03a48349fb64ef1e1b29db7 {"SourceContext": "Infrastructure.Services.Caching.InMemoryCacheService", "ActionId": "54715a56-9634-4086-981e-1c691c33c033", "ActionName": "Api.Controllers.WallsController.Get (Api)", "RequestId": "0HNFGSKFKDJB0", "RequestPath": "/api/walls/9a7a5d7c-c03a-4834-9fb6-4ef1e1b29db7", "Application": "Crud.Api"}
Activity.TraceId:            0a4e5a6f9683f0ff265d635036887310
Activity.SpanId:             6810306bafebb892
Activity.TraceFlags:         Recorded
Activity.ActivitySourceName: Microsoft.AspNetCore
Activity.DisplayName:        GET api/Walls/{id:guid}
Activity.Kind:               Server
Activity.StartTime:          2025-09-11T03:42:21.2199224Z
Activity.Duration:           00:00:00.0152609
Activity.Tags:
    server.address: localhost
    http.request.method: GET
    url.scheme: http
    url.path: /api/walls/9a7a5d7c-c03a-4834-9fb6-4ef1e1b29db7
    network.protocol.version: 1.1
    http.route: api/Walls/{id:guid}
    http.response.status_code: 200
Resource associated with Activity:
    deployment.environment: Testing
    service.name: Crud.Api
    service.version: 1.0.0
    service.instance.id: a483e3f3-32ea-4a50-a508-2cd77b6b2522
    telemetry.sdk.name: opentelemetry
    telemetry.sdk.language: dotnet
    telemetry.sdk.version: 1.8.1
[03:42:21 INF] Resetting database for worker 20999 {"SourceContext": "Infrastructure.Services.DatabaseTestService", "Application": "Crud.Api"}
[03:42:21 INF] Resetting database via file deletion for worker 20999 in CI environment {"SourceContext": "Infrastructure.Services.DatabaseTestService", "Application": "Crud.Api"}
[03:42:21 INF] Acquiring database mutex for worker 20999... {"SourceContext": "Infrastructure.Services.DatabaseTestService", "Application": "Crud.Api"}
[03:42:21 INF] Database mutex acquired for worker 20999 {"SourceContext": "Infrastructure.Services.DatabaseTestService", "Application": "Crud.Api"}
[03:42:21 INF] Current database state - CanConnect: True {"SourceContext": "Infrastructure.Services.DatabaseTestService", "Application": "Crud.Api"}
[03:42:21 INF] [Phase 0] Closing database connection for worker 20999... {"SourceContext": "Infrastructure.Services.DatabaseTestService", "Application": "Crud.Api"}
[03:42:21 INF] [Phase 0] Connection closed in 0.003ms {"SourceContext": "Infrastructure.Services.DatabaseTestService", "Application": "Crud.Api"}
[03:42:21 INF] [Phase 1] Starting EnsureDeletedAsync for worker 20999... {"SourceContext": "Infrastructure.Services.DatabaseTestService", "Application": "Crud.Api"}
[03:42:21 INF] [Phase 1] EnsureDeletedAsync completed in 1.7169ms {"SourceContext": "Infrastructure.Services.DatabaseTestService", "Application": "Crud.Api"}
[03:42:21 INF] [Phase 2] Starting EnsureCreatedAsync for worker 20999... {"SourceContext": "Infrastructure.Services.DatabaseTestService", "Application": "Crud.Api"}
[03:42:21 INF] [Phase 2] EnsureCreatedAsync completed in 7.8891ms {"SourceContext": "Infrastructure.Services.DatabaseTestService", "Application": "Crud.Api"}
[03:42:21 INF] [Phase 3] Skipping database seeding as requested for worker 20999 {"SourceContext": "Infrastructure.Services.DatabaseTestService", "Application": "Crud.Api"}
[03:42:21 INF] Database reset via file deletion completed for worker 20999 in 111.209ms (Close: 0.003ms, Delete: 1.7169ms, Create: 7.8891ms) {"SourceContext": "Infrastructure.Services.DatabaseTestService", "Application": "Crud.Api"}
[03:42:21 INF] Releasing database mutex for worker 20999 {"SourceContext": "Infrastructure.Services.DatabaseTestService", "Application": "Crud.Api"}
[03:42:21 INF] User registered successfully: 174ff3dc-1726-412b-8d75-13410025beee {"SourceContext": "App.Features.Authentication.RegisterUserCommandHandler", "ActionId": "20afde2a-d3c0-42c0-9752-1f03f0da7f59", "ActionName": "Api.Controllers.AuthController.Register (Api)", "RequestId": "0HNFGSKFKDJB1", "RequestPath": "/api/auth/register", "Application": "Crud.Api"}
Activity.TraceId:            5e5459b618390f3f0be24073f7872b71
Activity.SpanId:             7fff2f23d82b9ad4
Activity.TraceFlags:         Recorded
Activity.ActivitySourceName: Microsoft.AspNetCore
Activity.DisplayName:        POST api/Auth/register
Activity.Kind:               Server
Activity.StartTime:          2025-09-11T03:42:21.3503378Z
Activity.Duration:           00:00:00.2986659
Activity.Tags:
    server.address: localhost
    http.request.method: POST
    url.scheme: http
    url.path: /api/auth/register
    network.protocol.version: 1.1
    http.route: api/Auth/register
    http.response.status_code: 200
Resource associated with Activity:
    deployment.environment: Testing
    service.name: Crud.Api
    service.version: 1.0.0
    service.instance.id: a483e3f3-32ea-4a50-a508-2cd77b6b2522
    telemetry.sdk.name: opentelemetry
    telemetry.sdk.language: dotnet
    telemetry.sdk.version: 1.8.1
[03:42:21 INF] User logged in successfully: 174ff3dc-1726-412b-8d75-13410025beee {"SourceContext": "App.Features.Authentication.LoginCommandHandler", "ActionId": "a611ab6c-191d-4803-825d-099d8dd58993", "ActionName": "Api.Controllers.AuthController.Login (Api)", "RequestId": "0HNFGSKFKDJB2", "RequestPath": "/api/auth/login", "Application": "Crud.Api"}
Activity.TraceId:            26f144297670fc24d8bf47303b335e1d
Activity.SpanId:             03b8e1453b94ea3a
Activity.TraceFlags:         Recorded
Activity.ActivitySourceName: Microsoft.AspNetCore
Activity.DisplayName:        POST api/Auth/login
Activity.Kind:               Server
Activity.StartTime:          2025-09-11T03:42:21.6502653Z
Activity.Duration:           00:00:00.3002003
Activity.Tags:
    server.address: localhost
    http.request.method: POST
    url.scheme: http
    url.path: /api/auth/login
    network.protocol.version: 1.1
    http.route: api/Auth/login
    http.response.status_code: 200
Resource associated with Activity:
    deployment.environment: Testing
    service.name: Crud.Api
    service.version: 1.0.0
    service.instance.id: a483e3f3-32ea-4a50-a508-2cd77b6b2522
    telemetry.sdk.name: opentelemetry
    telemetry.sdk.language: dotnet
    telemetry.sdk.version: 1.8.1
[03:42:21 DBG] Removed cache value for key: entity:wall:9c33d79ee3d443d0915be89fcaae0fa1 {"SourceContext": "Infrastructure.Services.Caching.InMemoryCacheService", "ActionId": "d7af7d98-f156-49f6-bd4f-16b58e4fdd09", "ActionName": "Api.Controllers.WallsController.Create (Api)", "RequestId": "0HNFGSKFKDJB3", "RequestPath": "/api/walls", "Application": "Crud.Api"}
[03:42:21 DBG] Removed cache value for key: list:wall {"SourceContext": "Infrastructure.Services.Caching.InMemoryCacheService", "ActionId": "d7af7d98-f156-49f6-bd4f-16b58e4fdd09", "ActionName": "Api.Controllers.WallsController.Create (Api)", "RequestId": "0HNFGSKFKDJB3", "RequestPath": "/api/walls", "Application": "Crud.Api"}
[03:42:21 DBG] Invalidating cache for entity type: walls with tag: walls {"SourceContext": "Api.Services.OutputCacheInvalidationService", "ActionId": "d7af7d98-f156-49f6-bd4f-16b58e4fdd09", "ActionName": "Api.Controllers.WallsController.Create (Api)", "RequestId": "0HNFGSKFKDJB3", "RequestPath": "/api/walls", "Application": "Crud.Api"}
[03:42:21 INF] Successfully invalidated cache for entity type: walls {"SourceContext": "Api.Services.OutputCacheInvalidationService", "ActionId": "d7af7d98-f156-49f6-bd4f-16b58e4fdd09", "ActionName": "Api.Controllers.WallsController.Create (Api)", "RequestId": "0HNFGSKFKDJB3", "RequestPath": "/api/walls", "Application": "Crud.Api"}
Activity.TraceId:            8aaaad5c535b84b9e5894ca926deb72d
Activity.SpanId:             cfa29e1e0f0c3a97
Activity.TraceFlags:         Recorded
Activity.ActivitySourceName: Microsoft.AspNetCore
Activity.DisplayName:        POST api/Walls
Activity.Kind:               Server
Activity.StartTime:          2025-09-11T03:42:21.9506599Z
Activity.Duration:           00:00:00.0038160
Activity.Tags:
    server.address: localhost
    http.request.method: POST
    url.scheme: http
    url.path: /api/walls
    network.protocol.version: 1.1
    http.route: api/Walls
    http.response.status_code: 201
Resource associated with Activity:
    deployment.environment: Testing
    service.name: Crud.Api
    service.version: 1.0.0
    service.instance.id: a483e3f3-32ea-4a50-a508-2cd77b6b2522
    telemetry.sdk.name: opentelemetry
    telemetry.sdk.language: dotnet
    telemetry.sdk.version: 1.8.1
[03:42:22 INF] User registered successfully: fba81369-6397-4b85-a1a0-d8505257c1bf {"SourceContext": "App.Features.Authentication.RegisterUserCommandHandler", "ActionId": "20afde2a-d3c0-42c0-9752-1f03f0da7f59", "ActionName": "Api.Controllers.AuthController.Register (Api)", "RequestId": "0HNFGSKFKDJB4", "RequestPath": "/api/auth/register", "Application": "Crud.Api"}
Activity.TraceId:            46ccc8dfe139d9f972821a9b1f768f1d
Activity.SpanId:             1f8784d4f65aa4d4
Activity.TraceFlags:         Recorded
Activity.ActivitySourceName: Microsoft.AspNetCore
Activity.DisplayName:        POST api/Auth/register
Activity.Kind:               Server
Activity.StartTime:          2025-09-11T03:42:21.9550123Z
Activity.Duration:           00:00:00.2998401
Activity.Tags:
    server.address: localhost
    http.request.method: POST
    url.scheme: http
    url.path: /api/auth/register
    network.protocol.version: 1.1
    http.route: api/Auth/register
    http.response.status_code: 200
Resource associated with Activity:
    deployment.environment: Testing
    service.name: Crud.Api
    service.version: 1.0.0
    service.instance.id: a483e3f3-32ea-4a50-a508-2cd77b6b2522
    telemetry.sdk.name: opentelemetry
    telemetry.sdk.language: dotnet
    telemetry.sdk.version: 1.8.1
[03:42:22 INF] User logged in successfully: fba81369-6397-4b85-a1a0-d8505257c1bf {"SourceContext": "App.Features.Authentication.LoginCommandHandler", "ActionId": "a611ab6c-191d-4803-825d-099d8dd58993", "ActionName": "Api.Controllers.AuthController.Login (Api)", "RequestId": "0HNFGSKFKDJB5", "RequestPath": "/api/auth/login", "Application": "Crud.Api"}
Activity.TraceId:            02df5c39a2950bcb1baffaf6b860e5b7
Activity.SpanId:             82daecbe2e2c55b3
Activity.TraceFlags:         Recorded
Activity.ActivitySourceName: Microsoft.AspNetCore
Activity.DisplayName:        POST api/Auth/login
Activity.Kind:               Server
Activity.StartTime:          2025-09-11T03:42:22.2565231Z
Activity.Duration:           00:00:00.2983801
Activity.Tags:
    server.address: localhost
    http.request.method: POST
    url.scheme: http
    url.path: /api/auth/login
    network.protocol.version: 1.1
    http.route: api/Auth/login
    http.response.status_code: 200
Resource associated with Activity:
    deployment.environment: Testing
    service.name: Crud.Api
    service.version: 1.0.0
    service.instance.id: a483e3f3-32ea-4a50-a508-2cd77b6b2522
    telemetry.sdk.name: opentelemetry
    telemetry.sdk.language: dotnet
    telemetry.sdk.version: 1.8.1
[03:42:22 DBG] Removed cache value for key: entity:wall:a23f71e7e84341ee9948e692a4bd6a03 {"SourceContext": "Infrastructure.Services.Caching.InMemoryCacheService", "ActionId": "d7af7d98-f156-49f6-bd4f-16b58e4fdd09", "ActionName": "Api.Controllers.WallsController.Create (Api)", "RequestId": "0HNFGSKFKDJB6", "RequestPath": "/api/walls", "Application": "Crud.Api"}
[03:42:22 DBG] Removed cache value for key: list:wall {"SourceContext": "Infrastructure.Services.Caching.InMemoryCacheService", "ActionId": "d7af7d98-f156-49f6-bd4f-16b58e4fdd09", "ActionName": "Api.Controllers.WallsController.Create (Api)", "RequestId": "0HNFGSKFKDJB6", "RequestPath": "/api/walls", "Application": "Crud.Api"}
[03:42:22 DBG] Invalidating cache for entity type: walls with tag: walls {"SourceContext": "Api.Services.OutputCacheInvalidationService", "ActionId": "d7af7d98-f156-49f6-bd4f-16b58e4fdd09", "ActionName": "Api.Controllers.WallsController.Create (Api)", "RequestId": "0HNFGSKFKDJB6", "RequestPath": "/api/walls", "Application": "Crud.Api"}
[03:42:22 INF] Successfully invalidated cache for entity type: walls {"SourceContext": "Api.Services.OutputCacheInvalidationService", "ActionId": "d7af7d98-f156-49f6-bd4f-16b58e4fdd09", "ActionName": "Api.Controllers.WallsController.Create (Api)", "RequestId": "0HNFGSKFKDJB6", "RequestPath": "/api/walls", "Application": "Crud.Api"}
Activity.TraceId:            7e7567fc0fbf810f98899799f590b92e
Activity.SpanId:             4cc53f92b5e70e09
Activity.TraceFlags:         Recorded
Activity.ActivitySourceName: Microsoft.AspNetCore
Activity.DisplayName:        POST api/Walls
Activity.Kind:               Server
Activity.StartTime:          2025-09-11T03:42:22.5550706Z
Activity.Duration:           00:00:00.0016854
Activity.Tags:
    server.address: localhost
    http.request.method: POST
    url.scheme: http
    url.path: /api/walls
    network.protocol.version: 1.1
    http.route: api/Walls
    http.response.status_code: 201
Resource associated with Activity:
    deployment.environment: Testing
    service.name: Crud.Api
    service.version: 1.0.0
    service.instance.id: a483e3f3-32ea-4a50-a508-2cd77b6b2522
    telemetry.sdk.name: opentelemetry
    telemetry.sdk.language: dotnet
    telemetry.sdk.version: 1.8.1
[03:42:22 INF] User registered successfully: 2b90a7b9-8b1f-4b19-845f-0c49d83af41e {"SourceContext": "App.Features.Authentication.RegisterUserCommandHandler", "ActionId": "20afde2a-d3c0-42c0-9752-1f03f0da7f59", "ActionName": "Api.Controllers.AuthController.Register (Api)", "RequestId": "0HNFGSKFKDJB7", "RequestPath": "/api/auth/register", "Application": "Crud.Api"}
Activity.TraceId:            63270a5d220cbda34016e42ad0eb429e
Activity.SpanId:             af1fd91a56ab0fd4
Activity.TraceFlags:         Recorded
Activity.ActivitySourceName: Microsoft.AspNetCore
Activity.DisplayName:        POST api/Auth/register
Activity.Kind:               Server
Activity.StartTime:          2025-09-11T03:42:22.5569984Z
Activity.Duration:           00:00:00.2984176
Activity.Tags:
    server.address: localhost
    http.request.method: POST
    url.scheme: http
    url.path: /api/auth/register
    network.protocol.version: 1.1
    http.route: api/Auth/register
    http.response.status_code: 200
Resource associated with Activity:
    deployment.environment: Testing
    service.name: Crud.Api
    service.version: 1.0.0
    service.instance.id: a483e3f3-32ea-4a50-a508-2cd77b6b2522
    telemetry.sdk.name: opentelemetry
    telemetry.sdk.language: dotnet
    telemetry.sdk.version: 1.8.1
[03:42:22 DBG] Cache miss for key: list:wall {"SourceContext": "Infrastructure.Services.Caching.InMemoryCacheService", "ActionId": "88627d45-9e74-41dd-809d-372e87417de6", "ActionName": "Api.Controllers.WallsController.List (Api)", "RequestId": "0HNFGSKFKDJB8", "RequestPath": "/api/walls", "Application": "Crud.Api"}
[03:42:22 DBG] Set cache value for key: list:wall {"SourceContext": "Infrastructure.Services.Caching.InMemoryCacheService", "ActionId": "88627d45-9e74-41dd-809d-372e87417de6", "ActionName": "Api.Controllers.WallsController.List (Api)", "RequestId": "0HNFGSKFKDJB8", "RequestPath": "/api/walls", "Application": "Crud.Api"}
Activity.TraceId:            138ca0fe60cda73287df931cee77d0be
Activity.SpanId:             5df6f6ba61cc2601
Activity.TraceFlags:         Recorded
Activity.ActivitySourceName: Microsoft.AspNetCore
Activity.DisplayName:        GET api/Walls
Activity.Kind:               Server
Activity.StartTime:          2025-09-11T03:42:22.8555544Z
Activity.Duration:           00:00:00.0095764
Activity.Tags:
    server.address: localhost
    http.request.method: GET
    url.scheme: http
    url.path: /api/walls
    network.protocol.version: 1.1
    http.route: api/Walls
    http.response.status_code: 200
Resource associated with Activity:
    deployment.environment: Testing
    service.name: Crud.Api
    service.version: 1.0.0
    service.instance.id: a483e3f3-32ea-4a50-a508-2cd77b6b2522
    telemetry.sdk.name: opentelemetry
    telemetry.sdk.language: dotnet
    telemetry.sdk.version: 1.8.1
[03:42:22 INF] Resetting database for worker 20999 {"SourceContext": "Infrastructure.Services.DatabaseTestService", "Application": "Crud.Api"}
[03:42:22 INF] Resetting database via file deletion for worker 20999 in CI environment {"SourceContext": "Infrastructure.Services.DatabaseTestService", "Application": "Crud.Api"}
[03:42:22 INF] Acquiring database mutex for worker 20999... {"SourceContext": "Infrastructure.Services.DatabaseTestService", "Application": "Crud.Api"}
[03:42:22 INF] Database mutex acquired for worker 20999 {"SourceContext": "Infrastructure.Services.DatabaseTestService", "Application": "Crud.Api"}
[03:42:22 INF] Current database state - CanConnect: True {"SourceContext": "Infrastructure.Services.DatabaseTestService", "Application": "Crud.Api"}
[03:42:22 INF] [Phase 0] Closing database connection for worker 20999... {"SourceContext": "Infrastructure.Services.DatabaseTestService", "Application": "Crud.Api"}
[03:42:22 INF] [Phase 0] Connection closed in 0.0048ms {"SourceContext": "Infrastructure.Services.DatabaseTestService", "Application": "Crud.Api"}
[03:42:22 INF] [Phase 1] Starting EnsureDeletedAsync for worker 20999... {"SourceContext": "Infrastructure.Services.DatabaseTestService", "Application": "Crud.Api"}
[03:42:22 INF] [Phase 1] EnsureDeletedAsync completed in 1.3864ms {"SourceContext": "Infrastructure.Services.DatabaseTestService", "Application": "Crud.Api"}
[03:42:22 INF] [Phase 2] Starting EnsureCreatedAsync for worker 20999... {"SourceContext": "Infrastructure.Services.DatabaseTestService", "Application": "Crud.Api"}
[03:42:22 INF] [Phase 2] EnsureCreatedAsync completed in 17.2539ms {"SourceContext": "Infrastructure.Services.DatabaseTestService", "Application": "Crud.Api"}
[03:42:22 INF] [Phase 3] Skipping database seeding as requested for worker 20999 {"SourceContext": "Infrastructure.Services.DatabaseTestService", "Application": "Crud.Api"}
[03:42:22 INF] Database reset via file deletion completed for worker 20999 in 118.61ms (Close: 0.0048ms, Delete: 1.3864ms, Create: 17.2539ms) {"SourceContext": "Infrastructure.Services.DatabaseTestService", "Application": "Crud.Api"}
[03:42:22 INF] Releasing database mutex for worker 20999 {"SourceContext": "Infrastructure.Services.DatabaseTestService", "Application": "Crud.Api"}
[03:42:23 INF] User registered successfully: 0f7bfaf5-8878-4efe-bdbd-0ce4bc3108ec {"SourceContext": "App.Features.Authentication.RegisterUserCommandHandler", "ActionId": "20afde2a-d3c0-42c0-9752-1f03f0da7f59", "ActionName": "Api.Controllers.AuthController.Register (Api)", "RequestId": "0HNFGSKFKDJB9", "RequestPath": "/api/auth/register", "Application": "Crud.Api"}
Activity.TraceId:            37f0cb5c76d7fab88df4d7cf44a32d65
Activity.SpanId:             0ae3fa1f041c28d1
Activity.TraceFlags:         Recorded
Activity.ActivitySourceName: Microsoft.AspNetCore
Activity.DisplayName:        POST api/Auth/register
Activity.Kind:               Server
Activity.StartTime:          2025-09-11T03:42:22.9877834Z
Activity.Duration:           00:00:00.2988657
Activity.Tags:
    server.address: localhost
    http.request.method: POST
    url.scheme: http
    url.path: /api/auth/register
    network.protocol.version: 1.1
    http.route: api/Auth/register
    http.response.status_code: 200
Resource associated with Activity:
    deployment.environment: Testing
    service.name: Crud.Api
    service.version: 1.0.0
    service.instance.id: a483e3f3-32ea-4a50-a508-2cd77b6b2522
    telemetry.sdk.name: opentelemetry
    telemetry.sdk.language: dotnet
    telemetry.sdk.version: 1.8.1
[03:42:23 INF] User logged in successfully: 0f7bfaf5-8878-4efe-bdbd-0ce4bc3108ec {"SourceContext": "App.Features.Authentication.LoginCommandHandler", "ActionId": "a611ab6c-191d-4803-825d-099d8dd58993", "ActionName": "Api.Controllers.AuthController.Login (Api)", "RequestId": "0HNFGSKFKDJBA", "RequestPath": "/api/auth/login", "Application": "Crud.Api"}
Activity.TraceId:            f2998304ebe72e03070889c57feea177
Activity.SpanId:             03c8edc8b95afdbf
Activity.TraceFlags:         Recorded
Activity.ActivitySourceName: Microsoft.AspNetCore
Activity.DisplayName:        POST api/Auth/login
Activity.Kind:               Server
Activity.StartTime:          2025-09-11T03:42:23.2882608Z
Activity.Duration:           00:00:00.2988727
Activity.Tags:
    server.address: localhost
    http.request.method: POST
    url.scheme: http
    url.path: /api/auth/login
    network.protocol.version: 1.1
    http.route: api/Auth/login
    http.response.status_code: 200
Resource associated with Activity:
    deployment.environment: Testing
    service.name: Crud.Api
    service.version: 1.0.0
    service.instance.id: a483e3f3-32ea-4a50-a508-2cd77b6b2522
    telemetry.sdk.name: opentelemetry
    telemetry.sdk.language: dotnet
    telemetry.sdk.version: 1.8.1
Activity.TraceId:            bc96efe06ec378c853f82bfcc95617d0
Activity.SpanId:             78d73a1ec76287a1
Activity.TraceFlags:         Recorded
Activity.ActivitySourceName: Microsoft.AspNetCore
Activity.DisplayName:        POST api/Walls
Activity.Kind:               Server
Activity.StartTime:          2025-09-11T03:42:23.5882142Z
Activity.Duration:           00:00:00.0030440
Activity.Tags:
    server.address: localhost
    http.request.method: POST
    url.scheme: http
    url.path: /api/walls
    network.protocol.version: 1.1
    http.route: api/Walls
    http.response.status_code: 400
Resource associated with Activity:
    deployment.environment: Testing
    service.name: Crud.Api
    service.version: 1.0.0
    service.instance.id: a483e3f3-32ea-4a50-a508-2cd77b6b2522
    telemetry.sdk.name: opentelemetry
    telemetry.sdk.language: dotnet
    telemetry.sdk.version: 1.8.1
[03:42:23 INF] User registered successfully: cf2a3f3b-b1b6-41f9-a6a8-9d8a77110400 {"SourceContext": "App.Features.Authentication.RegisterUserCommandHandler", "ActionId": "20afde2a-d3c0-42c0-9752-1f03f0da7f59", "ActionName": "Api.Controllers.AuthController.Register (Api)", "RequestId": "0HNFGSKFKDJBC", "RequestPath": "/api/auth/register", "Application": "Crud.Api"}
Activity.TraceId:            4008ac7a7701830b96284ff6c95711ca
Activity.SpanId:             98bd5fd388ed39e7
Activity.TraceFlags:         Recorded
Activity.ActivitySourceName: Microsoft.AspNetCore
Activity.DisplayName:        POST api/Auth/register
Activity.Kind:               Server
Activity.StartTime:          2025-09-11T03:42:23.5935084Z
Activity.Duration:           00:00:00.3015042
Activity.Tags:
    server.address: localhost
    http.request.method: POST
    url.scheme: http
    url.path: /api/auth/register
    network.protocol.version: 1.1
    http.route: api/Auth/register
    http.response.status_code: 200
Resource associated with Activity:
    deployment.environment: Testing
    service.name: Crud.Api
    service.version: 1.0.0
    service.instance.id: a483e3f3-32ea-4a50-a508-2cd77b6b2522
    telemetry.sdk.name: opentelemetry
    telemetry.sdk.language: dotnet
    telemetry.sdk.version: 1.8.1
[03:42:24 INF] User logged in successfully: cf2a3f3b-b1b6-41f9-a6a8-9d8a77110400 {"SourceContext": "App.Features.Authentication.LoginCommandHandler", "ActionId": "a611ab6c-191d-4803-825d-099d8dd58993", "ActionName": "Api.Controllers.AuthController.Login (Api)", "RequestId": "0HNFGSKFKDJBD", "RequestPath": "/api/auth/login", "Application": "Crud.Api"}
Activity.TraceId:            cfaf1ea9028a05541a55418c30646861
Activity.SpanId:             946d1ae218681e46
Activity.TraceFlags:         Recorded
Activity.ActivitySourceName: Microsoft.AspNetCore
Activity.DisplayName:        POST api/Auth/login
Activity.Kind:               Server
Activity.StartTime:          2025-09-11T03:42:23.8965749Z
Activity.Duration:           00:00:00.2989282
Activity.Tags:
    server.address: localhost
    http.request.method: POST
    url.scheme: http
    url.path: /api/auth/login
    network.protocol.version: 1.1
    http.route: api/Auth/login
    http.response.status_code: 200
Resource associated with Activity:
    deployment.environment: Testing
    service.name: Crud.Api
    service.version: 1.0.0
    service.instance.id: a483e3f3-32ea-4a50-a508-2cd77b6b2522
    telemetry.sdk.name: opentelemetry
    telemetry.sdk.language: dotnet
    telemetry.sdk.version: 1.8.1
[03:42:24 DBG] Removed cache value for key: entity:wall:6bdcaa0222e9493a89dd2d7d0e15191a {"SourceContext": "Infrastructure.Services.Caching.InMemoryCacheService", "ActionId": "413b9187-1447-4255-88d7-d51e474428d0", "ActionName": "Api.Controllers.WallsController.Delete (Api)", "RequestId": "0HNFGSKFKDJBE", "RequestPath": "/api/walls/6bdcaa02-22e9-493a-89dd-2d7d0e15191a", "Application": "Crud.Api"}
[03:42:24 DBG] Removed cache value for key: list:wall {"SourceContext": "Infrastructure.Services.Caching.InMemoryCacheService", "ActionId": "413b9187-1447-4255-88d7-d51e474428d0", "ActionName": "Api.Controllers.WallsController.Delete (Api)", "RequestId": "0HNFGSKFKDJBE", "RequestPath": "/api/walls/6bdcaa02-22e9-493a-89dd-2d7d0e15191a", "Application": "Crud.Api"}
[03:42:24 DBG] Invalidating cache for entity: walls/6bdcaa02-22e9-493a-89dd-2d7d0e15191a with tags: walls, walls:6bdcaa02-22e9-493a-89dd-2d7d0e15191a {"SourceContext": "Api.Services.OutputCacheInvalidationService", "ActionId": "413b9187-1447-4255-88d7-d51e474428d0", "ActionName": "Api.Controllers.WallsController.Delete (Api)", "RequestId": "0HNFGSKFKDJBE", "RequestPath": "/api/walls/6bdcaa02-22e9-493a-89dd-2d7d0e15191a", "Application": "Crud.Api"}
[03:42:24 DBG] Successfully invalidated cache for tag: walls {"SourceContext": "Api.Services.OutputCacheInvalidationService", "ActionId": "413b9187-1447-4255-88d7-d51e474428d0", "ActionName": "Api.Controllers.WallsController.Delete (Api)", "RequestId": "0HNFGSKFKDJBE", "RequestPath": "/api/walls/6bdcaa02-22e9-493a-89dd-2d7d0e15191a", "Application": "Crud.Api"}
[03:42:24 DBG] Successfully invalidated cache for tag: walls:6bdcaa02-22e9-493a-89dd-2d7d0e15191a {"SourceContext": "Api.Services.OutputCacheInvalidationService", "ActionId": "413b9187-1447-4255-88d7-d51e474428d0", "ActionName": "Api.Controllers.WallsController.Delete (Api)", "RequestId": "0HNFGSKFKDJBE", "RequestPath": "/api/walls/6bdcaa02-22e9-493a-89dd-2d7d0e15191a", "Application": "Crud.Api"}
Activity.TraceId:            620859bdad29f50a2ed023525f27b12e
Activity.SpanId:             7d248ce7897e8ac9
Activity.TraceFlags:         Recorded
Activity.ActivitySourceName: Microsoft.AspNetCore
Activity.DisplayName:        DELETE api/Walls/{id:guid}
Activity.Kind:               Server
Activity.StartTime:          2025-09-11T03:42:24.1968119Z
Activity.Duration:           00:00:00.0064577
Activity.Tags:
    server.address: localhost
    http.request.method: DELETE
    url.scheme: http
    url.path: /api/walls/6bdcaa02-22e9-493a-89dd-2d7d0e15191a
    network.protocol.version: 1.1
    http.route: api/Walls/{id:guid}
    http.response.status_code: 204
Resource associated with Activity:
    deployment.environment: Testing
    service.name: Crud.Api
    service.version: 1.0.0
    service.instance.id: a483e3f3-32ea-4a50-a508-2cd77b6b2522
    telemetry.sdk.name: opentelemetry
    telemetry.sdk.language: dotnet
    telemetry.sdk.version: 1.8.1
[03:42:24 INF] User registered successfully: d6190cab-0342-475c-87ff-81cb02a4fa87 {"SourceContext": "App.Features.Authentication.RegisterUserCommandHandler", "ActionId": "20afde2a-d3c0-42c0-9752-1f03f0da7f59", "ActionName": "Api.Controllers.AuthController.Register (Api)", "RequestId": "0HNFGSKFKDJBF", "RequestPath": "/api/auth/register", "Application": "Crud.Api"}
Activity.TraceId:            d448df1a8561699a9484ae2e027b9cca
Activity.SpanId:             6082c6730124cdf8
Activity.TraceFlags:         Recorded
Activity.ActivitySourceName: Microsoft.AspNetCore
Activity.DisplayName:        POST api/Auth/register
Activity.Kind:               Server
Activity.StartTime:          2025-09-11T03:42:24.2054223Z
Activity.Duration:           00:00:00.3003043
Activity.Tags:
    server.address: localhost
    http.request.method: POST
    url.scheme: http
    url.path: /api/auth/register
    network.protocol.version: 1.1
    http.route: api/Auth/register
    http.response.status_code: 200
Resource associated with Activity:
    deployment.environment: Testing
    service.name: Crud.Api
    service.version: 1.0.0
    service.instance.id: a483e3f3-32ea-4a50-a508-2cd77b6b2522
    telemetry.sdk.name: opentelemetry
    telemetry.sdk.language: dotnet
    telemetry.sdk.version: 1.8.1
[03:42:24 INF] User logged in successfully: d6190cab-0342-475c-87ff-81cb02a4fa87 {"SourceContext": "App.Features.Authentication.LoginCommandHandler", "ActionId": "a611ab6c-191d-4803-825d-099d8dd58993", "ActionName": "Api.Controllers.AuthController.Login (Api)", "RequestId": "0HNFGSKFKDJBG", "RequestPath": "/api/auth/login", "Application": "Crud.Api"}
Activity.TraceId:            557cfa64f05340466d9b6900b210a35f
Activity.SpanId:             d00e24479edf3d97
Activity.TraceFlags:         Recorded
Activity.ActivitySourceName: Microsoft.AspNetCore
Activity.DisplayName:        POST api/Auth/login
Activity.Kind:               Server
Activity.StartTime:          2025-09-11T03:42:24.5080154Z
Activity.Duration:           00:00:00.2988105
Activity.Tags:
    server.address: localhost
    http.request.method: POST
    url.scheme: http
    url.path: /api/auth/login
    network.protocol.version: 1.1
    http.route: api/Auth/login
    http.response.status_code: 200
Resource associated with Activity:
    deployment.environment: Testing
    service.name: Crud.Api
    service.version: 1.0.0
    service.instance.id: a483e3f3-32ea-4a50-a508-2cd77b6b2522
    telemetry.sdk.name: opentelemetry
    telemetry.sdk.language: dotnet
    telemetry.sdk.version: 1.8.1
[03:42:24 DBG] Removed cache value for key: entity:wall:00bad3b97cda4d10b002960f0ed6435e {"SourceContext": "Infrastructure.Services.Caching.InMemoryCacheService", "ActionId": "d7af7d98-f156-49f6-bd4f-16b58e4fdd09", "ActionName": "Api.Controllers.WallsController.Create (Api)", "RequestId": "0HNFGSKFKDJBH", "RequestPath": "/api/walls", "Application": "Crud.Api"}
[03:42:24 DBG] Removed cache value for key: list:wall {"SourceContext": "Infrastructure.Services.Caching.InMemoryCacheService", "ActionId": "d7af7d98-f156-49f6-bd4f-16b58e4fdd09", "ActionName": "Api.Controllers.WallsController.Create (Api)", "RequestId": "0HNFGSKFKDJBH", "RequestPath": "/api/walls", "Application": "Crud.Api"}
[03:42:24 DBG] Invalidating cache for entity type: walls with tag: walls {"SourceContext": "Api.Services.OutputCacheInvalidationService", "ActionId": "d7af7d98-f156-49f6-bd4f-16b58e4fdd09", "ActionName": "Api.Controllers.WallsController.Create (Api)", "RequestId": "0HNFGSKFKDJBH", "RequestPath": "/api/walls", "Application": "Crud.Api"}
[03:42:24 INF] Successfully invalidated cache for entity type: walls {"SourceContext": "Api.Services.OutputCacheInvalidationService", "ActionId": "d7af7d98-f156-49f6-bd4f-16b58e4fdd09", "ActionName": "Api.Controllers.WallsController.Create (Api)", "RequestId": "0HNFGSKFKDJBH", "RequestPath": "/api/walls", "Application": "Crud.Api"}
Activity.TraceId:            481c87fb4c8cb930b1ecb2f44a697dc6
Activity.SpanId:             9f278ee5c930a43f
Activity.TraceFlags:         Recorded
Activity.ActivitySourceName: Microsoft.AspNetCore
Activity.DisplayName:        POST api/Walls
Activity.Kind:               Server
Activity.StartTime:          2025-09-11T03:42:24.8077529Z
Activity.Duration:           00:00:00.0033024
Activity.Tags:
    server.address: localhost
    http.request.method: POST
    url.scheme: http
    url.path: /api/walls
    network.protocol.version: 1.1
    http.route: api/Walls
    http.response.status_code: 201
Resource associated with Activity:
    deployment.environment: Testing
    service.name: Crud.Api
    service.version: 1.0.0
    service.instance.id: a483e3f3-32ea-4a50-a508-2cd77b6b2522
    telemetry.sdk.name: opentelemetry
    telemetry.sdk.language: dotnet
    telemetry.sdk.version: 1.8.1
[03:42:25 INF] User registered successfully: bf79f361-339c-46ac-8fe4-b5ba6771e1d0 {"SourceContext": "App.Features.Authentication.RegisterUserCommandHandler", "ActionId": "20afde2a-d3c0-42c0-9752-1f03f0da7f59", "ActionName": "Api.Controllers.AuthController.Register (Api)", "RequestId": "0HNFGSKFKDJBI", "RequestPath": "/api/auth/register", "Application": "Crud.Api"}
Activity.TraceId:            754f9c622aa8cf7365d74fd15fe4f6f5
Activity.SpanId:             1a439bad56e9e4d3
Activity.TraceFlags:         Recorded
Activity.ActivitySourceName: Microsoft.AspNetCore
Activity.DisplayName:        POST api/Auth/register
Activity.Kind:               Server
Activity.StartTime:          2025-09-11T03:42:24.8138793Z
Activity.Duration:           00:00:00.2990762
Activity.Tags:
    server.address: localhost
    http.request.method: POST
    url.scheme: http
    url.path: /api/auth/register
    network.protocol.version: 1.1
    http.route: api/Auth/register
    http.response.status_code: 200
Resource associated with Activity:
    deployment.environment: Testing
    service.name: Crud.Api
    service.version: 1.0.0
    service.instance.id: a483e3f3-32ea-4a50-a508-2cd77b6b2522
    telemetry.sdk.name: opentelemetry
    telemetry.sdk.language: dotnet
    telemetry.sdk.version: 1.8.1
[03:42:25 INF] User logged in successfully: bf79f361-339c-46ac-8fe4-b5ba6771e1d0 {"SourceContext": "App.Features.Authentication.LoginCommandHandler", "ActionId": "a611ab6c-191d-4803-825d-099d8dd58993", "ActionName": "Api.Controllers.AuthController.Login (Api)", "RequestId": "0HNFGSKFKDJBJ", "RequestPath": "/api/auth/login", "Application": "Crud.Api"}
Activity.TraceId:            6b7d4653aeb945609f826c1331ac6af7
Activity.SpanId:             4c5f370713af6994
Activity.TraceFlags:         Recorded
Activity.ActivitySourceName: Microsoft.AspNetCore
Activity.DisplayName:        POST api/Auth/login
Activity.Kind:               Server
Activity.StartTime:          2025-09-11T03:42:25.1145818Z
Activity.Duration:           00:00:00.2987968
Activity.Tags:
    server.address: localhost
    http.request.method: POST
    url.scheme: http
    url.path: /api/auth/login
    network.protocol.version: 1.1
    http.route: api/Auth/login
    http.response.status_code: 200
Resource associated with Activity:
    deployment.environment: Testing
    service.name: Crud.Api
    service.version: 1.0.0
    service.instance.id: a483e3f3-32ea-4a50-a508-2cd77b6b2522
    telemetry.sdk.name: opentelemetry
    telemetry.sdk.language: dotnet
    telemetry.sdk.version: 1.8.1
[03:42:25 DBG] Removed cache value for key: entity:wall:f9f6d6bf42ce4f468f728281bb16d65e {"SourceContext": "Infrastructure.Services.Caching.InMemoryCacheService", "ActionId": "d7af7d98-f156-49f6-bd4f-16b58e4fdd09", "ActionName": "Api.Controllers.WallsController.Create (Api)", "RequestId": "0HNFGSKFKDJBK", "RequestPath": "/api/walls", "Application": "Crud.Api"}
[03:42:25 DBG] Removed cache value for key: list:wall {"SourceContext": "Infrastructure.Services.Caching.InMemoryCacheService", "ActionId": "d7af7d98-f156-49f6-bd4f-16b58e4fdd09", "ActionName": "Api.Controllers.WallsController.Create (Api)", "RequestId": "0HNFGSKFKDJBK", "RequestPath": "/api/walls", "Application": "Crud.Api"}
[03:42:25 DBG] Invalidating cache for entity type: walls with tag: walls {"SourceContext": "Api.Services.OutputCacheInvalidationService", "ActionId": "d7af7d98-f156-49f6-bd4f-16b58e4fdd09", "ActionName": "Api.Controllers.WallsController.Create (Api)", "RequestId": "0HNFGSKFKDJBK", "RequestPath": "/api/walls", "Application": "Crud.Api"}
[03:42:25 INF] Successfully invalidated cache for entity type: walls {"SourceContext": "Api.Services.OutputCacheInvalidationService", "ActionId": "d7af7d98-f156-49f6-bd4f-16b58e4fdd09", "ActionName": "Api.Controllers.WallsController.Create (Api)", "RequestId": "0HNFGSKFKDJBK", "RequestPath": "/api/walls", "Application": "Crud.Api"}
Activity.TraceId:            b563b07c9e1a7c2158788cdf206ec6d4
Activity.SpanId:             4763ebd65dcd0a70
Activity.TraceFlags:         Recorded
Activity.ActivitySourceName: Microsoft.AspNetCore
Activity.DisplayName:        POST api/Walls
Activity.Kind:               Server
Activity.StartTime:          2025-09-11T03:42:25.4141455Z
Activity.Duration:           00:00:00.0015522
Activity.Tags:
    server.address: localhost
    http.request.method: POST
    url.scheme: http
    url.path: /api/walls
    network.protocol.version: 1.1
    http.route: api/Walls
    http.response.status_code: 201
Resource associated with Activity:
    deployment.environment: Testing
    service.name: Crud.Api
    service.version: 1.0.0
    service.instance.id: a483e3f3-32ea-4a50-a508-2cd77b6b2522
    telemetry.sdk.name: opentelemetry
    telemetry.sdk.language: dotnet
    telemetry.sdk.version: 1.8.1
[03:42:25 INF] User registered successfully: 7e3d2641-0041-48fe-9c75-f38769f18eb6 {"SourceContext": "App.Features.Authentication.RegisterUserCommandHandler", "ActionId": "20afde2a-d3c0-42c0-9752-1f03f0da7f59", "ActionName": "Api.Controllers.AuthController.Register (Api)", "RequestId": "0HNFGSKFKDJBL", "RequestPath": "/api/auth/register", "Application": "Crud.Api"}
Activity.TraceId:            cff6e7162a45deec8a3be7217753ce55
Activity.SpanId:             7ba4cebc75946b37
Activity.TraceFlags:         Recorded
Activity.ActivitySourceName: Microsoft.AspNetCore
Activity.DisplayName:        POST api/Auth/register
Activity.Kind:               Server
Activity.StartTime:          2025-09-11T03:42:25.4174374Z
Activity.Duration:           00:00:00.2990512
Activity.Tags:
    server.address: localhost
    http.request.method: POST
    url.scheme: http
    url.path: /api/auth/register
    network.protocol.version: 1.1
    http.route: api/Auth/register
    http.response.status_code: 200
Resource associated with Activity:
    deployment.environment: Testing
    service.name: Crud.Api
    service.version: 1.0.0
    service.instance.id: a483e3f3-32ea-4a50-a508-2cd77b6b2522
    telemetry.sdk.name: opentelemetry
    telemetry.sdk.language: dotnet
    telemetry.sdk.version: 1.8.1
[03:42:26 INF] User logged in successfully: 7e3d2641-0041-48fe-9c75-f38769f18eb6 {"SourceContext": "App.Features.Authentication.LoginCommandHandler", "ActionId": "a611ab6c-191d-4803-825d-099d8dd58993", "ActionName": "Api.Controllers.AuthController.Login (Api)", "RequestId": "0HNFGSKFKDJBM", "RequestPath": "/api/auth/login", "Application": "Crud.Api"}
Activity.TraceId:            a9c333029f3a1dd56f4779ee738460e9
Activity.SpanId:             ccb8e13ce057ce71
Activity.TraceFlags:         Recorded
Activity.ActivitySourceName: Microsoft.AspNetCore
Activity.DisplayName:        POST api/Auth/login
Activity.Kind:               Server
Activity.StartTime:          2025-09-11T03:42:25.7175637Z
Activity.Duration:           00:00:00.2988442
Activity.Tags:
    server.address: localhost
    http.request.method: POST
    url.scheme: http
    url.path: /api/auth/login
    network.protocol.version: 1.1
    http.route: api/Auth/login
    http.response.status_code: 200
Resource associated with Activity:
    deployment.environment: Testing
    service.name: Crud.Api
    service.version: 1.0.0
    service.instance.id: a483e3f3-32ea-4a50-a508-2cd77b6b2522
    telemetry.sdk.name: opentelemetry
    telemetry.sdk.language: dotnet
    telemetry.sdk.version: 1.8.1
[03:42:26 DBG] Removed cache value for key: entity:wall:f9f6d6bf42ce4f468f728281bb16d65e {"SourceContext": "Infrastructure.Services.Caching.InMemoryCacheService", "ActionId": "413b9187-1447-4255-88d7-d51e474428d0", "ActionName": "Api.Controllers.WallsController.Delete (Api)", "RequestId": "0HNFGSKFKDJBN", "RequestPath": "/api/walls/f9f6d6bf-42ce-4f46-8f72-8281bb16d65e", "Application": "Crud.Api"}
[03:42:26 DBG] Removed cache value for key: list:wall {"SourceContext": "Infrastructure.Services.Caching.InMemoryCacheService", "ActionId": "413b9187-1447-4255-88d7-d51e474428d0", "ActionName": "Api.Controllers.WallsController.Delete (Api)", "RequestId": "0HNFGSKFKDJBN", "RequestPath": "/api/walls/f9f6d6bf-42ce-4f46-8f72-8281bb16d65e", "Application": "Crud.Api"}
[03:42:26 DBG] Invalidating cache for entity: walls/f9f6d6bf-42ce-4f46-8f72-8281bb16d65e with tags: walls, walls:f9f6d6bf-42ce-4f46-8f72-8281bb16d65e {"SourceContext": "Api.Services.OutputCacheInvalidationService", "ActionId": "413b9187-1447-4255-88d7-d51e474428d0", "ActionName": "Api.Controllers.WallsController.Delete (Api)", "RequestId": "0HNFGSKFKDJBN", "RequestPath": "/api/walls/f9f6d6bf-42ce-4f46-8f72-8281bb16d65e", "Application": "Crud.Api"}
[03:42:26 DBG] Successfully invalidated cache for tag: walls {"SourceContext": "Api.Services.OutputCacheInvalidationService", "ActionId": "413b9187-1447-4255-88d7-d51e474428d0", "ActionName": "Api.Controllers.WallsController.Delete (Api)", "RequestId": "0HNFGSKFKDJBN", "RequestPath": "/api/walls/f9f6d6bf-42ce-4f46-8f72-8281bb16d65e", "Application": "Crud.Api"}
[03:42:26 DBG] Successfully invalidated cache for tag: walls:f9f6d6bf-42ce-4f46-8f72-8281bb16d65e {"SourceContext": "Api.Services.OutputCacheInvalidationService", "ActionId": "413b9187-1447-4255-88d7-d51e474428d0", "ActionName": "Api.Controllers.WallsController.Delete (Api)", "RequestId": "0HNFGSKFKDJBN", "RequestPath": "/api/walls/f9f6d6bf-42ce-4f46-8f72-8281bb16d65e", "Application": "Crud.Api"}
Activity.TraceId:            cbb6f92aba1f70c166b6f6744564bf4a
Activity.SpanId:             b55331438a72afa0
Activity.TraceFlags:         Recorded
Activity.ActivitySourceName: Microsoft.AspNetCore
Activity.DisplayName:        DELETE api/Walls/{id:guid}
Activity.Kind:               Server
Activity.StartTime:          2025-09-11T03:42:26.0166130Z
Activity.Duration:           00:00:00.0024360
Activity.Tags:
    server.address: localhost
    http.request.method: DELETE
    url.scheme: http
    url.path: /api/walls/f9f6d6bf-42ce-4f46-8f72-8281bb16d65e
    network.protocol.version: 1.1
    http.route: api/Walls/{id:guid}
    http.response.status_code: 204
Resource associated with Activity:
    deployment.environment: Testing
    service.name: Crud.Api
    service.version: 1.0.0
    service.instance.id: a483e3f3-32ea-4a50-a508-2cd77b6b2522
    telemetry.sdk.name: opentelemetry
    telemetry.sdk.language: dotnet
    telemetry.sdk.version: 1.8.1
[03:42:26 INF] User registered successfully: 9ebc0d83-891d-4c1c-9499-c0c138924307 {"SourceContext": "App.Features.Authentication.RegisterUserCommandHandler", "ActionId": "20afde2a-d3c0-42c0-9752-1f03f0da7f59", "ActionName": "Api.Controllers.AuthController.Register (Api)", "RequestId": "0HNFGSKFKDJBO", "RequestPath": "/api/auth/register", "Application": "Crud.Api"}
Activity.TraceId:            2f6e396b2ad3e4278276fdd951bb7a37
Activity.SpanId:             297ff7b0efe54236
Activity.TraceFlags:         Recorded
Activity.ActivitySourceName: Microsoft.AspNetCore
Activity.DisplayName:        POST api/Auth/register
Activity.Kind:               Server
Activity.StartTime:          2025-09-11T03:42:26.0192093Z
Activity.Duration:           00:00:00.2989603
Activity.Tags:
    server.address: localhost
    http.request.method: POST
    url.scheme: http
    url.path: /api/auth/register
    network.protocol.version: 1.1
    http.route: api/Auth/register
    http.response.status_code: 200
Resource associated with Activity:
    deployment.environment: Testing
    service.name: Crud.Api
    service.version: 1.0.0
    service.instance.id: a483e3f3-32ea-4a50-a508-2cd77b6b2522
    telemetry.sdk.name: opentelemetry
    telemetry.sdk.language: dotnet
    telemetry.sdk.version: 1.8.1
[03:42:26 DBG] Cache miss for key: entity:wall:f9f6d6bf42ce4f468f728281bb16d65e {"SourceContext": "Infrastructure.Services.Caching.InMemoryCacheService", "ActionId": "54715a56-9634-4086-981e-1c691c33c033", "ActionName": "Api.Controllers.WallsController.Get (Api)", "RequestId": "0HNFGSKFKDJBP", "RequestPath": "/api/walls/f9f6d6bf-42ce-4f46-8f72-8281bb16d65e", "Application": "Crud.Api"}
Activity.TraceId:            158435576700441d98b4db8bb4fa64ed
Activity.SpanId:             4a5d31f2e680bb3b
Activity.TraceFlags:         Recorded
Activity.ActivitySourceName: Microsoft.AspNetCore
Activity.DisplayName:        GET api/Walls/{id:guid}
Activity.Kind:               Server
Activity.StartTime:          2025-09-11T03:42:26.3183354Z
Activity.Duration:           00:00:00.0036198
Activity.Tags:
    server.address: localhost
    http.request.method: GET
    url.scheme: http
    url.path: /api/walls/f9f6d6bf-42ce-4f46-8f72-8281bb16d65e
    network.protocol.version: 1.1
    http.route: api/Walls/{id:guid}
    http.response.status_code: 404
Resource associated with Activity:
    deployment.environment: Testing
    service.name: Crud.Api
    service.version: 1.0.0
    service.instance.id: a483e3f3-32ea-4a50-a508-2cd77b6b2522
    telemetry.sdk.name: opentelemetry
    telemetry.sdk.language: dotnet
    telemetry.sdk.version: 1.8.1
[03:42:26 INF] User registered successfully: a89ca6ff-f7e7-47f0-a00a-2b8024dc2057 {"SourceContext": "App.Features.Authentication.RegisterUserCommandHandler", "ActionId": "20afde2a-d3c0-42c0-9752-1f03f0da7f59", "ActionName": "Api.Controllers.AuthController.Register (Api)", "RequestId": "0HNFGSKFKDJBQ", "RequestPath": "/api/auth/register", "Application": "Crud.Api"}
Activity.TraceId:            d479bd145830f53977239540817a3377
Activity.SpanId:             857a60aacd46e818
Activity.TraceFlags:         Recorded
Activity.ActivitySourceName: Microsoft.AspNetCore
Activity.DisplayName:        POST api/Auth/register
Activity.Kind:               Server
Activity.StartTime:          2025-09-11T03:42:26.3237839Z
Activity.Duration:           00:00:00.2991914
Activity.Tags:
    server.address: localhost
    http.request.method: POST
    url.scheme: http
    url.path: /api/auth/register
    network.protocol.version: 1.1
    http.route: api/Auth/register
    http.response.status_code: 200
Resource associated with Activity:
    deployment.environment: Testing
    service.name: Crud.Api
    service.version: 1.0.0
    service.instance.id: a483e3f3-32ea-4a50-a508-2cd77b6b2522
    telemetry.sdk.name: opentelemetry
    telemetry.sdk.language: dotnet
    telemetry.sdk.version: 1.8.1
[03:42:26 INF] User logged in successfully: a89ca6ff-f7e7-47f0-a00a-2b8024dc2057 {"SourceContext": "App.Features.Authentication.LoginCommandHandler", "ActionId": "a611ab6c-191d-4803-825d-099d8dd58993", "ActionName": "Api.Controllers.AuthController.Login (Api)", "RequestId": "0HNFGSKFKDJBR", "RequestPath": "/api/auth/login", "Application": "Crud.Api"}
Activity.TraceId:            c633e50112f4ab6315ced053057f2990
Activity.SpanId:             6268d6f42fee15c2
Activity.TraceFlags:         Recorded
Activity.ActivitySourceName: Microsoft.AspNetCore
Activity.DisplayName:        POST api/Auth/login
Activity.Kind:               Server
Activity.StartTime:          2025-09-11T03:42:26.6250575Z
Activity.Duration:           00:00:00.2992968
Activity.Tags:
    server.address: localhost
    http.request.method: POST
    url.scheme: http
    url.path: /api/auth/login
    network.protocol.version: 1.1
    http.route: api/Auth/login
    http.response.status_code: 200
Resource associated with Activity:
    deployment.environment: Testing
    service.name: Crud.Api
    service.version: 1.0.0
    service.instance.id: a483e3f3-32ea-4a50-a508-2cd77b6b2522
    telemetry.sdk.name: opentelemetry
    telemetry.sdk.language: dotnet
    telemetry.sdk.version: 1.8.1
[03:42:26 DBG] Removed cache value for key: entity:wall:1ca9c105120542a4a254c1a16a939b0a {"SourceContext": "Infrastructure.Services.Caching.InMemoryCacheService", "ActionId": "d7af7d98-f156-49f6-bd4f-16b58e4fdd09", "ActionName": "Api.Controllers.WallsController.Create (Api)", "RequestId": "0HNFGSKFKDJBS", "RequestPath": "/api/walls", "Application": "Crud.Api"}
[03:42:26 DBG] Removed cache value for key: list:wall {"SourceContext": "Infrastructure.Services.Caching.InMemoryCacheService", "ActionId": "d7af7d98-f156-49f6-bd4f-16b58e4fdd09", "ActionName": "Api.Controllers.WallsController.Create (Api)", "RequestId": "0HNFGSKFKDJBS", "RequestPath": "/api/walls", "Application": "Crud.Api"}
[03:42:26 DBG] Invalidating cache for entity type: walls with tag: walls {"SourceContext": "Api.Services.OutputCacheInvalidationService", "ActionId": "d7af7d98-f156-49f6-bd4f-16b58e4fdd09", "ActionName": "Api.Controllers.WallsController.Create (Api)", "RequestId": "0HNFGSKFKDJBS", "RequestPath": "/api/walls", "Application": "Crud.Api"}
[03:42:26 INF] Successfully invalidated cache for entity type: walls {"SourceContext": "Api.Services.OutputCacheInvalidationService", "ActionId": "d7af7d98-f156-49f6-bd4f-16b58e4fdd09", "ActionName": "Api.Controllers.WallsController.Create (Api)", "RequestId": "0HNFGSKFKDJBS", "RequestPath": "/api/walls", "Application": "Crud.Api"}
Activity.TraceId:            52183200fe91b1bb6cd332872b6b5802
Activity.SpanId:             8b93c7cf745e8825
Activity.TraceFlags:         Recorded
Activity.ActivitySourceName: Microsoft.AspNetCore
Activity.DisplayName:        POST api/Walls
Activity.Kind:               Server
Activity.StartTime:          2025-09-11T03:42:26.9251458Z
Activity.Duration:           00:00:00.0035183
Activity.Tags:
    server.address: localhost
    http.request.method: POST
    url.scheme: http
    url.path: /api/walls
    network.protocol.version: 1.1
    http.route: api/Walls
    http.response.status_code: 201
Resource associated with Activity:
    deployment.environment: Testing
    service.name: Crud.Api
    service.version: 1.0.0
    service.instance.id: a483e3f3-32ea-4a50-a508-2cd77b6b2522
    telemetry.sdk.name: opentelemetry
    telemetry.sdk.language: dotnet
    telemetry.sdk.version: 1.8.1
[03:42:26 INF] Resetting database for worker 20999 {"SourceContext": "Infrastructure.Services.DatabaseTestService", "Application": "Crud.Api"}
[03:42:26 INF] Resetting database via file deletion for worker 20999 in CI environment {"SourceContext": "Infrastructure.Services.DatabaseTestService", "Application": "Crud.Api"}
[03:42:26 INF] Acquiring database mutex for worker 20999... {"SourceContext": "Infrastructure.Services.DatabaseTestService", "Application": "Crud.Api"}
[03:42:26 INF] Database mutex acquired for worker 20999 {"SourceContext": "Infrastructure.Services.DatabaseTestService", "Application": "Crud.Api"}
[03:42:26 INF] Current database state - CanConnect: True {"SourceContext": "Infrastructure.Services.DatabaseTestService", "Application": "Crud.Api"}
[03:42:26 INF] [Phase 0] Closing database connection for worker 20999... {"SourceContext": "Infrastructure.Services.DatabaseTestService", "Application": "Crud.Api"}
[03:42:26 INF] [Phase 0] Connection closed in 0.0024ms {"SourceContext": "Infrastructure.Services.DatabaseTestService", "Application": "Crud.Api"}
[03:42:26 INF] [Phase 1] Starting EnsureDeletedAsync for worker 20999... {"SourceContext": "Infrastructure.Services.DatabaseTestService", "Application": "Crud.Api"}
[03:42:26 INF] [Phase 1] EnsureDeletedAsync completed in 1.7547ms {"SourceContext": "Infrastructure.Services.DatabaseTestService", "Application": "Crud.Api"}
[03:42:27 INF] [Phase 2] Starting EnsureCreatedAsync for worker 20999... {"SourceContext": "Infrastructure.Services.DatabaseTestService", "Application": "Crud.Api"}
[03:42:27 INF] [Phase 2] EnsureCreatedAsync completed in 8.4729ms {"SourceContext": "Infrastructure.Services.DatabaseTestService", "Application": "Crud.Api"}
[03:42:27 INF] [Phase 3] Skipping database seeding as requested for worker 20999 {"SourceContext": "Infrastructure.Services.DatabaseTestService", "Application": "Crud.Api"}
[03:42:27 INF] Database reset via file deletion completed for worker 20999 in 110.6734ms (Close: 0.0024ms, Delete: 1.7547ms, Create: 8.4729ms) {"SourceContext": "Infrastructure.Services.DatabaseTestService", "Application": "Crud.Api"}
[03:42:27 INF] Releasing database mutex for worker 20999 {"SourceContext": "Infrastructure.Services.DatabaseTestService", "Application": "Crud.Api"}
[03:42:27 INF] User registered successfully: 039eee77-879d-4281-a6bc-d710bd9f2d40 {"SourceContext": "App.Features.Authentication.RegisterUserCommandHandler", "ActionId": "20afde2a-d3c0-42c0-9752-1f03f0da7f59", "ActionName": "Api.Controllers.AuthController.Register (Api)", "RequestId": "0HNFGSKFKDJBT", "RequestPath": "/api/auth/register", "Application": "Crud.Api"}
Activity.TraceId:            8bd4db9cea16821c4e2d36c3e6cc9981
Activity.SpanId:             1c5d3dfb4682d28b
Activity.TraceFlags:         Recorded
Activity.ActivitySourceName: Microsoft.AspNetCore
Activity.DisplayName:        POST api/Auth/register
Activity.Kind:               Server
Activity.StartTime:          2025-09-11T03:42:27.0438059Z
Activity.Duration:           00:00:00.2994447
Activity.Tags:
    server.address: localhost
    http.request.method: POST
    url.scheme: http
    url.path: /api/auth/register
    network.protocol.version: 1.1
    http.route: api/Auth/register
    http.response.status_code: 200
Resource associated with Activity:
    deployment.environment: Testing
    service.name: Crud.Api
    service.version: 1.0.0
    service.instance.id: a483e3f3-32ea-4a50-a508-2cd77b6b2522
    telemetry.sdk.name: opentelemetry
    telemetry.sdk.language: dotnet
    telemetry.sdk.version: 1.8.1
[03:42:27 DBG] Cache miss for key: list:wall {"SourceContext": "Infrastructure.Services.Caching.InMemoryCacheService", "ActionId": "88627d45-9e74-41dd-809d-372e87417de6", "ActionName": "Api.Controllers.WallsController.List (Api)", "RequestId": "0HNFGSKFKDJBU", "RequestPath": "/api/walls", "Application": "Crud.Api"}
[03:42:27 DBG] Set cache value for key: list:wall {"SourceContext": "Infrastructure.Services.Caching.InMemoryCacheService", "ActionId": "88627d45-9e74-41dd-809d-372e87417de6", "ActionName": "Api.Controllers.WallsController.List (Api)", "RequestId": "0HNFGSKFKDJBU", "RequestPath": "/api/walls", "Application": "Crud.Api"}
Activity.TraceId:            8e7f742bca74c79abe8cf32f53567524
Activity.SpanId:             1694d21b276d227e
Activity.TraceFlags:         Recorded
Activity.ActivitySourceName: Microsoft.AspNetCore
Activity.DisplayName:        GET api/Walls
Activity.Kind:               Server
Activity.StartTime:          2025-09-11T03:42:27.3434500Z
Activity.Duration:           00:00:00.0014518
Activity.Tags:
    server.address: localhost
    http.request.method: GET
    url.scheme: http
    url.path: /api/walls
    network.protocol.version: 1.1
    http.route: api/Walls
    http.response.status_code: 200
Resource associated with Activity:
    deployment.environment: Testing
    service.name: Crud.Api
    service.version: 1.0.0
    service.instance.id: a483e3f3-32ea-4a50-a508-2cd77b6b2522
    telemetry.sdk.name: opentelemetry
    telemetry.sdk.language: dotnet
    telemetry.sdk.version: 1.8.1
[03:42:27 INF] Resetting database for worker 20999 {"SourceContext": "Infrastructure.Services.DatabaseTestService", "Application": "Crud.Api"}
[03:42:27 INF] Resetting database via file deletion for worker 20999 in CI environment {"SourceContext": "Infrastructure.Services.DatabaseTestService", "Application": "Crud.Api"}
[03:42:27 INF] Acquiring database mutex for worker 20999... {"SourceContext": "Infrastructure.Services.DatabaseTestService", "Application": "Crud.Api"}
[03:42:27 INF] Database mutex acquired for worker 20999 {"SourceContext": "Infrastructure.Services.DatabaseTestService", "Application": "Crud.Api"}
[03:42:27 INF] Current database state - CanConnect: True {"SourceContext": "Infrastructure.Services.DatabaseTestService", "Application": "Crud.Api"}
[03:42:27 INF] [Phase 0] Closing database connection for worker 20999... {"SourceContext": "Infrastructure.Services.DatabaseTestService", "Application": "Crud.Api"}
[03:42:27 INF] [Phase 0] Connection closed in 0.0013ms {"SourceContext": "Infrastructure.Services.DatabaseTestService", "Application": "Crud.Api"}
[03:42:27 INF] [Phase 1] Starting EnsureDeletedAsync for worker 20999... {"SourceContext": "Infrastructure.Services.DatabaseTestService", "Application": "Crud.Api"}
[03:42:27 INF] [Phase 1] EnsureDeletedAsync completed in 1.4449ms {"SourceContext": "Infrastructure.Services.DatabaseTestService", "Application": "Crud.Api"}
[03:42:27 INF] [Phase 2] Starting EnsureCreatedAsync for worker 20999... {"SourceContext": "Infrastructure.Services.DatabaseTestService", "Application": "Crud.Api"}
[03:42:27 INF] [Phase 2] EnsureCreatedAsync completed in 8.1807ms {"SourceContext": "Infrastructure.Services.DatabaseTestService", "Application": "Crud.Api"}
[03:42:27 INF] [Phase 3] Skipping database seeding as requested for worker 20999 {"SourceContext": "Infrastructure.Services.DatabaseTestService", "Application": "Crud.Api"}
[03:42:27 INF] Database reset via file deletion completed for worker 20999 in 110.0007ms (Close: 0.0013ms, Delete: 1.4449ms, Create: 8.1807ms) {"SourceContext": "Infrastructure.Services.DatabaseTestService", "Application": "Crud.Api"}
[03:42:27 INF] Releasing database mutex for worker 20999 {"SourceContext": "Infrastructure.Services.DatabaseTestService", "Application": "Crud.Api"}
[03:42:27 INF] User registered successfully: 42525287-38a6-4cc9-80a8-11b0d5dd1ccd {"SourceContext": "App.Features.Authentication.RegisterUserCommandHandler", "ActionId": "20afde2a-d3c0-42c0-9752-1f03f0da7f59", "ActionName": "Api.Controllers.AuthController.Register (Api)", "RequestId": "0HNFGSKFKDJBV", "RequestPath": "/api/auth/register", "Application": "Crud.Api"}
Activity.TraceId:            f3edcc936b5b4d0418d1e8a144ba2055
Activity.SpanId:             fd9553bdad42bda8
Activity.TraceFlags:         Recorded
Activity.ActivitySourceName: Microsoft.AspNetCore
Activity.DisplayName:        POST api/Auth/register
Activity.Kind:               Server
Activity.StartTime:          2025-09-11T03:42:27.4584116Z
Activity.Duration:           00:00:00.2985764
Activity.Tags:
    server.address: localhost
    http.request.method: POST
    url.scheme: http
    url.path: /api/auth/register
    network.protocol.version: 1.1
    http.route: api/Auth/register
    http.response.status_code: 200
Resource associated with Activity:
    deployment.environment: Testing
    service.name: Crud.Api
    service.version: 1.0.0
    service.instance.id: a483e3f3-32ea-4a50-a508-2cd77b6b2522
    telemetry.sdk.name: opentelemetry
    telemetry.sdk.language: dotnet
    telemetry.sdk.version: 1.8.1
[03:42:28 INF] User logged in successfully: 42525287-38a6-4cc9-80a8-11b0d5dd1ccd {"SourceContext": "App.Features.Authentication.LoginCommandHandler", "ActionId": "a611ab6c-191d-4803-825d-099d8dd58993", "ActionName": "Api.Controllers.AuthController.Login (Api)", "RequestId": "0HNFGSKFKDJC0", "RequestPath": "/api/auth/login", "Application": "Crud.Api"}
Activity.TraceId:            aa6f7c229a40919a8957af3bf3e8e5c1
Activity.SpanId:             bc17350e2db656fc
Activity.TraceFlags:         Recorded
Activity.ActivitySourceName: Microsoft.AspNetCore
Activity.DisplayName:        POST api/Auth/login
Activity.Kind:               Server
Activity.StartTime:          2025-09-11T03:42:27.7584866Z
Activity.Duration:           00:00:00.2985456
Activity.Tags:
    server.address: localhost
    http.request.method: POST
    url.scheme: http
    url.path: /api/auth/login
    network.protocol.version: 1.1
    http.route: api/Auth/login
    http.response.status_code: 200
Resource associated with Activity:
    deployment.environment: Testing
    service.name: Crud.Api
    service.version: 1.0.0
    service.instance.id: a483e3f3-32ea-4a50-a508-2cd77b6b2522
    telemetry.sdk.name: opentelemetry
    telemetry.sdk.language: dotnet
    telemetry.sdk.version: 1.8.1
Activity.TraceId:            3be26e608626e282270b851b90281ec5
Activity.SpanId:             e4c2629f1c2de71d
Activity.TraceFlags:         Recorded
Activity.ActivitySourceName: Microsoft.AspNetCore
Activity.DisplayName:        POST api/Walls
Activity.Kind:               Server
Activity.StartTime:          2025-09-11T03:42:28.0581471Z
Activity.Duration:           00:00:00.0004984
Activity.Tags:
    server.address: localhost
    http.request.method: POST
    url.scheme: http
    url.path: /api/walls
    network.protocol.version: 1.1
    http.route: api/Walls
    http.response.status_code: 400
Resource associated with Activity:
    deployment.environment: Testing
    service.name: Crud.Api
    service.version: 1.0.0
    service.instance.id: a483e3f3-32ea-4a50-a508-2cd77b6b2522
    telemetry.sdk.name: opentelemetry
    telemetry.sdk.language: dotnet
    telemetry.sdk.version: 1.8.1
[03:42:28 INF] User registered successfully: 5c64d42b-8857-48e1-9d9a-1e2faca3860c {"SourceContext": "App.Features.Authentication.RegisterUserCommandHandler", "ActionId": "20afde2a-d3c0-42c0-9752-1f03f0da7f59", "ActionName": "Api.Controllers.AuthController.Register (Api)", "RequestId": "0HNFGSKFKDJC2", "RequestPath": "/api/auth/register", "Application": "Crud.Api"}
Activity.TraceId:            0a29b8463a8fef83f387481ce7cee9cc
Activity.SpanId:             2f1c47a473c70630
Activity.TraceFlags:         Recorded
Activity.ActivitySourceName: Microsoft.AspNetCore
Activity.DisplayName:        POST api/Auth/register
Activity.Kind:               Server
Activity.StartTime:          2025-09-11T03:42:28.0613802Z
Activity.Duration:           00:00:00.2988691
Activity.Tags:
    server.address: localhost
    http.request.method: POST
    url.scheme: http
    url.path: /api/auth/register
    network.protocol.version: 1.1
    http.route: api/Auth/register
    http.response.status_code: 200
Resource associated with Activity:
    deployment.environment: Testing
    service.name: Crud.Api
    service.version: 1.0.0
    service.instance.id: a483e3f3-32ea-4a50-a508-2cd77b6b2522
    telemetry.sdk.name: opentelemetry
    telemetry.sdk.language: dotnet
    telemetry.sdk.version: 1.8.1
[03:42:28 INF] User logged in successfully: 5c64d42b-8857-48e1-9d9a-1e2faca3860c {"SourceContext": "App.Features.Authentication.LoginCommandHandler", "ActionId": "a611ab6c-191d-4803-825d-099d8dd58993", "ActionName": "Api.Controllers.AuthController.Login (Api)", "RequestId": "0HNFGSKFKDJC3", "RequestPath": "/api/auth/login", "Application": "Crud.Api"}
Activity.TraceId:            31ae2fb7cde00bc9b443ee557726de30
Activity.SpanId:             5f9d5f4ac4dd4c48
Activity.TraceFlags:         Recorded
Activity.ActivitySourceName: Microsoft.AspNetCore
Activity.DisplayName:        POST api/Auth/login
Activity.Kind:               Server
Activity.StartTime:          2025-09-11T03:42:28.3616752Z
Activity.Duration:           00:00:00.3000262
Activity.Tags:
    server.address: localhost
    http.request.method: POST
    url.scheme: http
    url.path: /api/auth/login
    network.protocol.version: 1.1
    http.route: api/Auth/login
    http.response.status_code: 200
Resource associated with Activity:
    deployment.environment: Testing
    service.name: Crud.Api
    service.version: 1.0.0
    service.instance.id: a483e3f3-32ea-4a50-a508-2cd77b6b2522
    telemetry.sdk.name: opentelemetry
    telemetry.sdk.language: dotnet
    telemetry.sdk.version: 1.8.1
[03:42:28 DBG] Removed cache value for key: entity:wall:58d4ca82d88c448b843df1c8d24d9ec9 {"SourceContext": "Infrastructure.Services.Caching.InMemoryCacheService", "ActionId": "d7af7d98-f156-49f6-bd4f-16b58e4fdd09", "ActionName": "Api.Controllers.WallsController.Create (Api)", "RequestId": "0HNFGSKFKDJC4", "RequestPath": "/api/walls", "Application": "Crud.Api"}
[03:42:28 DBG] Removed cache value for key: list:wall {"SourceContext": "Infrastructure.Services.Caching.InMemoryCacheService", "ActionId": "d7af7d98-f156-49f6-bd4f-16b58e4fdd09", "ActionName": "Api.Controllers.WallsController.Create (Api)", "RequestId": "0HNFGSKFKDJC4", "RequestPath": "/api/walls", "Application": "Crud.Api"}
[03:42:28 DBG] Invalidating cache for entity type: walls with tag: walls {"SourceContext": "Api.Services.OutputCacheInvalidationService", "ActionId": "d7af7d98-f156-49f6-bd4f-16b58e4fdd09", "ActionName": "Api.Controllers.WallsController.Create (Api)", "RequestId": "0HNFGSKFKDJC4", "RequestPath": "/api/walls", "Application": "Crud.Api"}
[03:42:28 INF] Successfully invalidated cache for entity type: walls {"SourceContext": "Api.Services.OutputCacheInvalidationService", "ActionId": "d7af7d98-f156-49f6-bd4f-16b58e4fdd09", "ActionName": "Api.Controllers.WallsController.Create (Api)", "RequestId": "0HNFGSKFKDJC4", "RequestPath": "/api/walls", "Application": "Crud.Api"}
Activity.TraceId:            f97746fb5831454c7d6c7905c90be79f
Activity.SpanId:             7f7931743709c3d5
Activity.TraceFlags:         Recorded
Activity.ActivitySourceName: Microsoft.AspNetCore
Activity.DisplayName:        POST api/Walls
Activity.Kind:               Server
Activity.StartTime:          2025-09-11T03:42:28.6627266Z
Activity.Duration:           00:00:00.0019943
Activity.Tags:
    server.address: localhost
    http.request.method: POST
    url.scheme: http
    url.path: /api/walls
    network.protocol.version: 1.1
    http.route: api/Walls
    http.response.status_code: 201
Resource associated with Activity:
    deployment.environment: Testing
    service.name: Crud.Api
    service.version: 1.0.0
    service.instance.id: a483e3f3-32ea-4a50-a508-2cd77b6b2522
    telemetry.sdk.name: opentelemetry
    telemetry.sdk.language: dotnet
    telemetry.sdk.version: 1.8.1
[03:42:29 INF] User registered successfully: 374c7396-0379-4779-af19-f920799b561b {"SourceContext": "App.Features.Authentication.RegisterUserCommandHandler", "ActionId": "20afde2a-d3c0-42c0-9752-1f03f0da7f59", "ActionName": "Api.Controllers.AuthController.Register (Api)", "RequestId": "0HNFGSKFKDJC5", "RequestPath": "/api/auth/register", "Application": "Crud.Api"}
Activity.TraceId:            027d9eb531ad3f09ab86105e219bfd5e
Activity.SpanId:             11ecb254c4078b5b
Activity.TraceFlags:         Recorded
Activity.ActivitySourceName: Microsoft.AspNetCore
Activity.DisplayName:        POST api/Auth/register
Activity.Kind:               Server
Activity.StartTime:          2025-09-11T03:42:28.7662995Z
Activity.Duration:           00:00:00.2999711
Activity.Tags:
    server.address: localhost
    http.request.method: POST
    url.scheme: http
    url.path: /api/auth/register
    network.protocol.version: 1.1
    http.route: api/Auth/register
    http.response.status_code: 200
Resource associated with Activity:
    deployment.environment: Testing
    service.name: Crud.Api
    service.version: 1.0.0
    service.instance.id: a483e3f3-32ea-4a50-a508-2cd77b6b2522
    telemetry.sdk.name: opentelemetry
    telemetry.sdk.language: dotnet
    telemetry.sdk.version: 1.8.1
[03:42:29 INF] User logged in successfully: 374c7396-0379-4779-af19-f920799b561b {"SourceContext": "App.Features.Authentication.LoginCommandHandler", "ActionId": "a611ab6c-191d-4803-825d-099d8dd58993", "ActionName": "Api.Controllers.AuthController.Login (Api)", "RequestId": "0HNFGSKFKDJC6", "RequestPath": "/api/auth/login", "Application": "Crud.Api"}
Activity.TraceId:            a6efba77a7314c281d26ae7a46538f6d
Activity.SpanId:             d8bf84f537e29c37
Activity.TraceFlags:         Recorded
Activity.ActivitySourceName: Microsoft.AspNetCore
Activity.DisplayName:        POST api/Auth/login
Activity.Kind:               Server
Activity.StartTime:          2025-09-11T03:42:29.0674016Z
Activity.Duration:           00:00:00.3005856
Activity.Tags:
    server.address: localhost
    http.request.method: POST
    url.scheme: http
    url.path: /api/auth/login
    network.protocol.version: 1.1
    http.route: api/Auth/login
    http.response.status_code: 200
Resource associated with Activity:
    deployment.environment: Testing
    service.name: Crud.Api
    service.version: 1.0.0
    service.instance.id: a483e3f3-32ea-4a50-a508-2cd77b6b2522
    telemetry.sdk.name: opentelemetry
    telemetry.sdk.language: dotnet
    telemetry.sdk.version: 1.8.1
[03:42:29 DBG] Cache miss for key: entity:wall:58d4ca82d88c448b843df1c8d24d9ec9 {"SourceContext": "Infrastructure.Services.Caching.InMemoryCacheService", "ActionId": "50e85cea-b385-44c7-a406-80cd3dfcc2a1", "ActionName": "Api.Controllers.WallsController.Update (Api)", "RequestId": "0HNFGSKFKDJC7", "RequestPath": "/api/walls/58d4ca82-d88c-448b-843d-f1c8d24d9ec9", "Application": "Crud.Api"}
[03:42:29 DBG] Set cache value for key: entity:wall:58d4ca82d88c448b843df1c8d24d9ec9 {"SourceContext": "Infrastructure.Services.Caching.InMemoryCacheService", "ActionId": "50e85cea-b385-44c7-a406-80cd3dfcc2a1", "ActionName": "Api.Controllers.WallsController.Update (Api)", "RequestId": "0HNFGSKFKDJC7", "RequestPath": "/api/walls/58d4ca82-d88c-448b-843d-f1c8d24d9ec9", "Application": "Crud.Api"}
[03:42:29 DBG] Removed cache value for key: entity:wall:58d4ca82d88c448b843df1c8d24d9ec9 {"SourceContext": "Infrastructure.Services.Caching.InMemoryCacheService", "ActionId": "50e85cea-b385-44c7-a406-80cd3dfcc2a1", "ActionName": "Api.Controllers.WallsController.Update (Api)", "RequestId": "0HNFGSKFKDJC7", "RequestPath": "/api/walls/58d4ca82-d88c-448b-843d-f1c8d24d9ec9", "Application": "Crud.Api"}
[03:42:29 DBG] Removed cache value for key: list:wall {"SourceContext": "Infrastructure.Services.Caching.InMemoryCacheService", "ActionId": "50e85cea-b385-44c7-a406-80cd3dfcc2a1", "ActionName": "Api.Controllers.WallsController.Update (Api)", "RequestId": "0HNFGSKFKDJC7", "RequestPath": "/api/walls/58d4ca82-d88c-448b-843d-f1c8d24d9ec9", "Application": "Crud.Api"}
[03:42:29 DBG] Invalidating cache for entity: walls/58d4ca82-d88c-448b-843d-f1c8d24d9ec9 with tags: walls, walls:58d4ca82-d88c-448b-843d-f1c8d24d9ec9 {"SourceContext": "Api.Services.OutputCacheInvalidationService", "ActionId": "50e85cea-b385-44c7-a406-80cd3dfcc2a1", "ActionName": "Api.Controllers.WallsController.Update (Api)", "RequestId": "0HNFGSKFKDJC7", "RequestPath": "/api/walls/58d4ca82-d88c-448b-843d-f1c8d24d9ec9", "Application": "Crud.Api"}
[03:42:29 DBG] Successfully invalidated cache for tag: walls {"SourceContext": "Api.Services.OutputCacheInvalidationService", "ActionId": "50e85cea-b385-44c7-a406-80cd3dfcc2a1", "ActionName": "Api.Controllers.WallsController.Update (Api)", "RequestId": "0HNFGSKFKDJC7", "RequestPath": "/api/walls/58d4ca82-d88c-448b-843d-f1c8d24d9ec9", "Application": "Crud.Api"}
[03:42:29 DBG] Successfully invalidated cache for tag: walls:58d4ca82-d88c-448b-843d-f1c8d24d9ec9 {"SourceContext": "Api.Services.OutputCacheInvalidationService", "ActionId": "50e85cea-b385-44c7-a406-80cd3dfcc2a1", "ActionName": "Api.Controllers.WallsController.Update (Api)", "RequestId": "0HNFGSKFKDJC7", "RequestPath": "/api/walls/58d4ca82-d88c-448b-843d-f1c8d24d9ec9", "Application": "Crud.Api"}
Activity.TraceId:            53da3de791fcf2f6376a11d9b236d309
Activity.SpanId:             55ccae8d4052dc87
Activity.TraceFlags:         Recorded
Activity.ActivitySourceName: Microsoft.AspNetCore
Activity.DisplayName:        PUT api/Walls/{id:guid}
Activity.Kind:               Server
Activity.StartTime:          2025-09-11T03:42:29.3706534Z
Activity.Duration:           00:00:00.0122922
Activity.Tags:
    server.address: localhost
    http.request.method: PUT
    url.scheme: http
    url.path: /api/walls/58d4ca82-d88c-448b-843d-f1c8d24d9ec9
    network.protocol.version: 1.1
    http.route: api/Walls/{id:guid}
    http.response.status_code: 204
Resource associated with Activity:
    deployment.environment: Testing
    service.name: Crud.Api
    service.version: 1.0.0
    service.instance.id: a483e3f3-32ea-4a50-a508-2cd77b6b2522
    telemetry.sdk.name: opentelemetry
    telemetry.sdk.language: dotnet
    telemetry.sdk.version: 1.8.1
Resource associated with Metric:
    deployment.environment: Testing
    service.name: Crud.Api
    service.version: 1.0.0
    service.instance.id: a483e3f3-32ea-4a50-a508-2cd77b6b2522
    telemetry.sdk.name: opentelemetry
    telemetry.sdk.language: dotnet
    telemetry.sdk.version: 1.8.1
Metric Name: http.server.active_requests, Number of active HTTP server requests., Unit: {request}, Meter: Microsoft.AspNetCore.Hosting
(2025-09-11T03:42:19.6720551Z, 2025-09-11T03:42:29.6721414Z] http.request.method: POST url.scheme: http LongSumNonMonotonic
Value: 1
(2025-09-11T03:42:19.6720551Z, 2025-09-11T03:42:29.6721414Z] http.request.method: GET url.scheme: http LongSumNonMonotonic
Value: 0
(2025-09-11T03:42:19.6720551Z, 2025-09-11T03:42:29.6721414Z] http.request.method: DELETE url.scheme: http LongSumNonMonotonic
Value: 0
(2025-09-11T03:42:19.6720551Z, 2025-09-11T03:42:29.6721414Z] http.request.method: PUT url.scheme: http LongSumNonMonotonic
Value: 0
Metric Name: http.server.request.duration, Duration of HTTP server requests., Unit: s, Meter: Microsoft.AspNetCore.Hosting
(2025-09-11T03:42:19.6721020Z, 2025-09-11T03:42:29.6721461Z] http.request.method: POST http.response.status_code: 200 http.route: api/Auth/register network.protocol.version: 1.1 url.scheme: http Histogram
Value: Sum: 5.0968328000000005 Count: 17 Min: 0.298404 Max: 0.3046843 
(-Infinity,0.005]:0
(0.005,0.01]:0
(0.01,0.025]:0
(0.025,0.05]:0
(0.05,0.075]:0
(0.075,0.1]:0
(0.1,0.25]:0
(0.25,0.5]:17
(0.5,0.75]:0
(0.75,1]:0
(1,2.5]:0
(2.5,5]:0
(5,7.5]:0
(7.5,10]:0
(10,+Infinity]:0
(2025-09-11T03:42:19.6721020Z, 2025-09-11T03:42:29.6721461Z] http.request.method: POST http.response.status_code: 200 http.route: api/Auth/login network.protocol.version: 1.1 url.scheme: http Histogram
Value: Sum: 3.893952 Count: 13 Min: 0.2983699 Max: 0.3040263 
(-Infinity,0.005]:0
(0.005,0.01]:0
(0.01,0.025]:0
(0.025,0.05]:0
(0.05,0.075]:0
(0.075,0.1]:0
(0.1,0.25]:0
(0.25,0.5]:13
(0.5,0.75]:0
(0.75,1]:0
(1,2.5]:0
(2.5,5]:0
(5,7.5]:0
(7.5,10]:0
(10,+Infinity]:0
(2025-09-11T03:42:19.6721020Z, 2025-09-11T03:42:29.6721461Z] http.request.method: POST http.response.status_code: 201 http.route: api/Walls network.protocol.version: 1.1 url.scheme: http Histogram
Value: Sum: 0.03492119999999999 Count: 8 Min: 0.0015553 Max: 0.0170278 
(-Infinity,0.005]:7
(0.005,0.01]:0
(0.01,0.025]:1
(0.025,0.05]:0
(0.05,0.075]:0
(0.075,0.1]:0
(0.1,0.25]:0
(0.25,0.5]:0
(0.5,0.75]:0
(0.75,1]:0
(1,2.5]:0
(2.5,5]:0
(5,7.5]:0
(7.5,10]:0
(10,+Infinity]:0
(2025-09-11T03:42:19.6721020Z, 2025-09-11T03:42:29.6721461Z] http.request.method: GET http.response.status_code: 200 http.route: api/Walls/{id:guid} network.protocol.version: 1.1 url.scheme: http Histogram
Value: Sum: 0.0152584 Count: 1 Min: 0.0152584 Max: 0.0152584 
(-Infinity,0.005]:0
(0.005,0.01]:0
(0.01,0.025]:1
(0.025,0.05]:0
(0.05,0.075]:0
(0.075,0.1]:0
(0.1,0.25]:0
(0.25,0.5]:0
(0.5,0.75]:0
(0.75,1]:0
(1,2.5]:0
(2.5,5]:0
(5,7.5]:0
(7.5,10]:0
(10,+Infinity]:0
(2025-09-11T03:42:19.6721020Z, 2025-09-11T03:42:29.6721461Z] http.request.method: GET http.response.status_code: 200 http.route: api/Walls network.protocol.version: 1.1 url.scheme: http Histogram
Value: Sum: 0.011021300000000001 Count: 2 Min: 0.0014548 Max: 0.0095665 
(-Infinity,0.005]:1
(0.005,0.01]:1
(0.01,0.025]:0
(0.025,0.05]:0
(0.05,0.075]:0
(0.075,0.1]:0
(0.1,0.25]:0
(0.25,0.5]:0
(0.5,0.75]:0
(0.75,1]:0
(1,2.5]:0
(2.5,5]:0
(5,7.5]:0
(7.5,10]:0
(10,+Infinity]:0
(2025-09-11T03:42:19.6721020Z, 2025-09-11T03:42:29.6721461Z] http.request.method: POST http.response.status_code: 400 http.route: api/Walls network.protocol.version: 1.1 url.scheme: http Histogram
Value: Sum: 0.0035358000000000004 Count: 2 Min: 0.0005015 Max: 0.0030343 
(-Infinity,0.005]:2
(0.005,0.01]:0
(0.01,0.025]:0
(0.025,0.05]:0
(0.05,0.075]:0
(0.075,0.1]:0
(0.1,0.25]:0
(0.25,0.5]:0
(0.5,0.75]:0
(0.75,1]:0
(1,2.5]:0
(2.5,5]:0
(5,7.5]:0
(7.5,10]:0
(10,+Infinity]:0
(2025-09-11T03:42:19.6721020Z, 2025-09-11T03:42:29.6721461Z] http.request.method: DELETE http.response.status_code: 204 http.route: api/Walls/{id:guid} network.protocol.version: 1.1 url.scheme: http Histogram
Value: Sum: 0.0088944 Count: 2 Min: 0.0024368 Max: 0.0064576 
(-Infinity,0.005]:1
(0.005,0.01]:1
(0.01,0.025]:0
(0.025,0.05]:0
(0.05,0.075]:0
(0.075,0.1]:0
(0.1,0.25]:0
(0.25,0.5]:0
(0.5,0.75]:0
(0.75,1]:0
(1,2.5]:0
(2.5,5]:0
(5,7.5]:0
(7.5,10]:0
(10,+Infinity]:0
(2025-09-11T03:42:19.6721020Z, 2025-09-11T03:42:29.6721461Z] http.request.method: GET http.response.status_code: 404 http.route: api/Walls/{id:guid} network.protocol.version: 1.1 url.scheme: http Histogram
Value: Sum: 0.0036033 Count: 1 Min: 0.0036033 Max: 0.0036033 
(-Infinity,0.005]:1
(0.005,0.01]:0
(0.01,0.025]:0
(0.025,0.05]:0
(0.05,0.075]:0
(0.075,0.1]:0
(0.1,0.25]:0
(0.25,0.5]:0
(0.5,0.75]:0
(0.75,1]:0
(1,2.5]:0
(2.5,5]:0
(5,7.5]:0
(7.5,10]:0
(10,+Infinity]:0
(2025-09-11T03:42:19.6721020Z, 2025-09-11T03:42:29.6721461Z] http.request.method: PUT http.response.status_code: 204 http.route: api/Walls/{id:guid} network.protocol.version: 1.1 url.scheme: http Histogram
Value: Sum: 0.0122809 Count: 1 Min: 0.0122809 Max: 0.0122809 
(-Infinity,0.005]:0
(0.005,0.01]:0
(0.01,0.025]:1
(0.025,0.05]:0
(0.05,0.075]:0
(0.075,0.1]:0
(0.1,0.25]:0
(0.25,0.5]:0
(0.5,0.75]:0
(0.75,1]:0
(1,2.5]:0
(2.5,5]:0
(5,7.5]:0
(7.5,10]:0
(10,+Infinity]:0
Metric Name: aspnetcore.rate_limiting.active_request_leases, Number of HTTP requests that are currently active on the server that hold a rate limiting lease., Unit: {request}, Meter: Microsoft.AspNetCore.RateLimiting
(2025-09-11T03:42:19.6739921Z, 2025-09-11T03:42:29.6721469Z] LongSumNonMonotonic
Value: 1
Metric Name: aspnetcore.rate_limiting.request_lease.duration, The duration of rate limiting leases held by HTTP requests on the server., Unit: s, Meter: Microsoft.AspNetCore.RateLimiting
(2025-09-11T03:42:19.6740113Z, 2025-09-11T03:42:29.6721480Z] Histogram
Value: Sum: 9.069972999999997 Count: 47 Min: 0.0003942 Max: 0.3036386 
(-Infinity,0.005]:12
(0.005,0.01]:2
(0.01,0.025]:3
(0.025,0.05]:0
(0.05,0.075]:0
(0.075,0.1]:0
(0.1,0.25]:0
(0.25,0.5]:30
(0.5,0.75]:0
(0.75,1]:0
(1,2.5]:0
(2.5,5]:0
(5,7.5]:0
(7.5,10]:0
(10,+Infinity]:0
Metric Name: aspnetcore.rate_limiting.requests, Number of requests that tried to acquire a rate limiting lease. Requests could be rejected by global or endpoint rate limiting policies. Or the request could be canceled while waiting for the lease., Unit: {request}, Meter: Microsoft.AspNetCore.RateLimiting
(2025-09-11T03:42:19.6741429Z, 2025-09-11T03:42:29.6721546Z] aspnetcore.rate_limiting.result: acquired LongSum
Value: 47
Metric Name: aspnetcore.routing.match_attempts, Number of requests that were attempted to be matched to an endpoint., Unit: {match_attempt}, Meter: Microsoft.AspNetCore.Routing
(2025-09-11T03:42:19.6749396Z, 2025-09-11T03:42:29.6721555Z] aspnetcore.routing.is_fallback: false aspnetcore.routing.match_status: success http.route: api/Auth/register LongSum
Value: 18
(2025-09-11T03:42:19.6749396Z, 2025-09-11T03:42:29.6721555Z] aspnetcore.routing.is_fallback: false aspnetcore.routing.match_status: success http.route: api/Auth/login LongSum
Value: 13
(2025-09-11T03:42:19.6749396Z, 2025-09-11T03:42:29.6721555Z] aspnetcore.routing.is_fallback: false aspnetcore.routing.match_status: success http.route: api/Walls LongSum
Value: 12
(2025-09-11T03:42:19.6749396Z, 2025-09-11T03:42:29.6721555Z] aspnetcore.routing.is_fallback: false aspnetcore.routing.match_status: success http.route: api/Walls/{id:guid} LongSum
Value: 5
[03:42:29 INF] User registered successfully: 59592c83-1550-4d4b-b5ad-b241f8317645 {"SourceContext": "App.Features.Authentication.RegisterUserCommandHandler", "ActionId": "20afde2a-d3c0-42c0-9752-1f03f0da7f59", "ActionName": "Api.Controllers.AuthController.Register (Api)", "RequestId": "0HNFGSKFKDJC8", "RequestPath": "/api/auth/register", "Application": "Crud.Api"}
Activity.TraceId:            7b7f4062e4c69304965873c97bd26bbd
Activity.SpanId:             b1dc855f775ea6eb
Activity.TraceFlags:         Recorded
Activity.ActivitySourceName: Microsoft.AspNetCore
Activity.DisplayName:        POST api/Auth/register
Activity.Kind:               Server
Activity.StartTime:          2025-09-11T03:42:29.3830732Z
Activity.Duration:           00:00:00.2988555
Activity.Tags:
    server.address: localhost
    http.request.method: POST
    url.scheme: http
    url.path: /api/auth/register
    network.protocol.version: 1.1
    http.route: api/Auth/register
    http.response.status_code: 200
Resource associated with Activity:
    deployment.environment: Testing
    service.name: Crud.Api
    service.version: 1.0.0
    service.instance.id: a483e3f3-32ea-4a50-a508-2cd77b6b2522
    telemetry.sdk.name: opentelemetry
    telemetry.sdk.language: dotnet
    telemetry.sdk.version: 1.8.1
[03:42:29 DBG] Cache miss for key: entity:wall:58d4ca82d88c448b843df1c8d24d9ec9 {"SourceContext": "Infrastructure.Services.Caching.InMemoryCacheService", "ActionId": "54715a56-9634-4086-981e-1c691c33c033", "ActionName": "Api.Controllers.WallsController.Get (Api)", "RequestId": "0HNFGSKFKDJC9", "RequestPath": "/api/walls/58d4ca82-d88c-448b-843d-f1c8d24d9ec9", "Application": "Crud.Api"}
[03:42:29 DBG] Set cache value for key: entity:wall:58d4ca82d88c448b843df1c8d24d9ec9 {"SourceContext": "Infrastructure.Services.Caching.InMemoryCacheService", "ActionId": "54715a56-9634-4086-981e-1c691c33c033", "ActionName": "Api.Controllers.WallsController.Get (Api)", "RequestId": "0HNFGSKFKDJC9", "RequestPath": "/api/walls/58d4ca82-d88c-448b-843d-f1c8d24d9ec9", "Application": "Crud.Api"}
Activity.TraceId:            e777c9fd37e62b093f97c26caa1ce106
Activity.SpanId:             018641edfc6626c9
Activity.TraceFlags:         Recorded
Activity.ActivitySourceName: Microsoft.AspNetCore
Activity.DisplayName:        GET api/Walls/{id:guid}
Activity.Kind:               Server
Activity.StartTime:          2025-09-11T03:42:29.6821280Z
Activity.Duration:           00:00:00.0035393
Activity.Tags:
    server.address: localhost
    http.request.method: GET
    url.scheme: http
    url.path: /api/walls/58d4ca82-d88c-448b-843d-f1c8d24d9ec9
    network.protocol.version: 1.1
    http.route: api/Walls/{id:guid}
    http.response.status_code: 200
Resource associated with Activity:
    deployment.environment: Testing
    service.name: Crud.Api
    service.version: 1.0.0
    service.instance.id: a483e3f3-32ea-4a50-a508-2cd77b6b2522
    telemetry.sdk.name: opentelemetry
    telemetry.sdk.language: dotnet
    telemetry.sdk.version: 1.8.1
[03:42:29 INF] User registered successfully: 8412549c-c7ed-4523-8352-fd88fe656db6 {"SourceContext": "App.Features.Authentication.RegisterUserCommandHandler", "ActionId": "20afde2a-d3c0-42c0-9752-1f03f0da7f59", "ActionName": "Api.Controllers.AuthController.Register (Api)", "RequestId": "0HNFGSKFKDJCA", "RequestPath": "/api/auth/register", "Application": "Crud.Api"}
Activity.TraceId:            0bb4ee0f8e124f9e68c1f7773065b8fb
Activity.SpanId:             2f50833003e0620a
Activity.TraceFlags:         Recorded
Activity.ActivitySourceName: Microsoft.AspNetCore
Activity.DisplayName:        POST api/Auth/register
Activity.Kind:               Server
Activity.StartTime:          2025-09-11T03:42:29.6880407Z
Activity.Duration:           00:00:00.3039863
Activity.Tags:
    server.address: localhost
    http.request.method: POST
    url.scheme: http
    url.path: /api/auth/register
    network.protocol.version: 1.1
    http.route: api/Auth/register
    http.response.status_code: 200
Resource associated with Activity:
    deployment.environment: Testing
    service.name: Crud.Api
    service.version: 1.0.0
    service.instance.id: a483e3f3-32ea-4a50-a508-2cd77b6b2522
    telemetry.sdk.name: opentelemetry
    telemetry.sdk.language: dotnet
    telemetry.sdk.version: 1.8.1
[03:42:30 INF] User logged in successfully: 8412549c-c7ed-4523-8352-fd88fe656db6 {"SourceContext": "App.Features.Authentication.LoginCommandHandler", "ActionId": "a611ab6c-191d-4803-825d-099d8dd58993", "ActionName": "Api.Controllers.AuthController.Login (Api)", "RequestId": "0HNFGSKFKDJCB", "RequestPath": "/api/auth/login", "Application": "Crud.Api"}
Activity.TraceId:            4a7a39f65d2ac4f1c790b5a45047a3de
Activity.SpanId:             7971723a853ebad0
Activity.TraceFlags:         Recorded
Activity.ActivitySourceName: Microsoft.AspNetCore
Activity.DisplayName:        POST api/Auth/login
Activity.Kind:               Server
Activity.StartTime:          2025-09-11T03:42:29.9935935Z
Activity.Duration:           00:00:00.2992980
Activity.Tags:
    server.address: localhost
    http.request.method: POST
    url.scheme: http
    url.path: /api/auth/login
    network.protocol.version: 1.1
    http.route: api/Auth/login
    http.response.status_code: 200
Resource associated with Activity:
    deployment.environment: Testing
    service.name: Crud.Api
    service.version: 1.0.0
    service.instance.id: a483e3f3-32ea-4a50-a508-2cd77b6b2522
    telemetry.sdk.name: opentelemetry
    telemetry.sdk.language: dotnet
    telemetry.sdk.version: 1.8.1
[03:42:30 DBG] Removed cache value for key: entity:wall:f1188880d18e4baea2f518b63eb36a35 {"SourceContext": "Infrastructure.Services.Caching.InMemoryCacheService", "ActionId": "d7af7d98-f156-49f6-bd4f-16b58e4fdd09", "ActionName": "Api.Controllers.WallsController.Create (Api)", "RequestId": "0HNFGSKFKDJCC", "RequestPath": "/api/walls", "Application": "Crud.Api"}
[03:42:30 DBG] Removed cache value for key: list:wall {"SourceContext": "Infrastructure.Services.Caching.InMemoryCacheService", "ActionId": "d7af7d98-f156-49f6-bd4f-16b58e4fdd09", "ActionName": "Api.Controllers.WallsController.Create (Api)", "RequestId": "0HNFGSKFKDJCC", "RequestPath": "/api/walls", "Application": "Crud.Api"}
[03:42:30 DBG] Invalidating cache for entity type: walls with tag: walls {"SourceContext": "Api.Services.OutputCacheInvalidationService", "ActionId": "d7af7d98-f156-49f6-bd4f-16b58e4fdd09", "ActionName": "Api.Controllers.WallsController.Create (Api)", "RequestId": "0HNFGSKFKDJCC", "RequestPath": "/api/walls", "Application": "Crud.Api"}
[03:42:30 INF] Successfully invalidated cache for entity type: walls {"SourceContext": "Api.Services.OutputCacheInvalidationService", "ActionId": "d7af7d98-f156-49f6-bd4f-16b58e4fdd09", "ActionName": "Api.Controllers.WallsController.Create (Api)", "RequestId": "0HNFGSKFKDJCC", "RequestPath": "/api/walls", "Application": "Crud.Api"}
Activity.TraceId:            402c6915b478b7f76601b71fb8ed7315
Activity.SpanId:             1c5a4626477ca32d
Activity.TraceFlags:         Recorded
Activity.ActivitySourceName: Microsoft.AspNetCore
Activity.DisplayName:        POST api/Walls
Activity.Kind:               Server
Activity.StartTime:          2025-09-11T03:42:30.2938738Z
Activity.Duration:           00:00:00.0018933
Activity.Tags:
    server.address: localhost
    http.request.method: POST
    url.scheme: http
    url.path: /api/walls
    network.protocol.version: 1.1
    http.route: api/Walls
    http.response.status_code: 201
Resource associated with Activity:
    deployment.environment: Testing
    service.name: Crud.Api
    service.version: 1.0.0
    service.instance.id: a483e3f3-32ea-4a50-a508-2cd77b6b2522
    telemetry.sdk.name: opentelemetry
    telemetry.sdk.language: dotnet
    telemetry.sdk.version: 1.8.1
[03:42:30 INF] User registered successfully: 351eb842-2466-4a2b-85fb-86f2531dffd1 {"SourceContext": "App.Features.Authentication.RegisterUserCommandHandler", "ActionId": "20afde2a-d3c0-42c0-9752-1f03f0da7f59", "ActionName": "Api.Controllers.AuthController.Register (Api)", "RequestId": "0HNFGSKFKDJCD", "RequestPath": "/api/auth/register", "Application": "Crud.Api"}
Activity.TraceId:            92e520a8681a6152d4628e5b9f00d134
Activity.SpanId:             991f121c5c720f38
Activity.TraceFlags:         Recorded
Activity.ActivitySourceName: Microsoft.AspNetCore
Activity.DisplayName:        POST api/Auth/register
Activity.Kind:               Server
Activity.StartTime:          2025-09-11T03:42:30.2964502Z
Activity.Duration:           00:00:00.2988452
Activity.Tags:
    server.address: localhost
    http.request.method: POST
    url.scheme: http
    url.path: /api/auth/register
    network.protocol.version: 1.1
    http.route: api/Auth/register
    http.response.status_code: 200
Resource associated with Activity:
    deployment.environment: Testing
    service.name: Crud.Api
    service.version: 1.0.0
    service.instance.id: a483e3f3-32ea-4a50-a508-2cd77b6b2522
    telemetry.sdk.name: opentelemetry
    telemetry.sdk.language: dotnet
    telemetry.sdk.version: 1.8.1
[03:42:30 INF] User logged in successfully: 351eb842-2466-4a2b-85fb-86f2531dffd1 {"SourceContext": "App.Features.Authentication.LoginCommandHandler", "ActionId": "a611ab6c-191d-4803-825d-099d8dd58993", "ActionName": "Api.Controllers.AuthController.Login (Api)", "RequestId": "0HNFGSKFKDJCE", "RequestPath": "/api/auth/login", "Application": "Crud.Api"}
Activity.TraceId:            51986819d2c86330b3e447c9dfa95881
Activity.SpanId:             8e066bebd6f4d24c
Activity.TraceFlags:         Recorded
Activity.ActivitySourceName: Microsoft.AspNetCore
Activity.DisplayName:        POST api/Auth/login
Activity.Kind:               Server
Activity.StartTime:          2025-09-11T03:42:30.5964563Z
Activity.Duration:           00:00:00.2987711
Activity.Tags:
    server.address: localhost
    http.request.method: POST
    url.scheme: http
    url.path: /api/auth/login
    network.protocol.version: 1.1
    http.route: api/Auth/login
    http.response.status_code: 200
Resource associated with Activity:
    deployment.environment: Testing
    service.name: Crud.Api
    service.version: 1.0.0
    service.instance.id: a483e3f3-32ea-4a50-a508-2cd77b6b2522
    telemetry.sdk.name: opentelemetry
    telemetry.sdk.language: dotnet
    telemetry.sdk.version: 1.8.1
[03:42:30 DBG] Cache miss for key: entity:wall:f1188880d18e4baea2f518b63eb36a35 {"SourceContext": "Infrastructure.Services.Caching.InMemoryCacheService", "ActionId": "50e85cea-b385-44c7-a406-80cd3dfcc2a1", "ActionName": "Api.Controllers.WallsController.Update (Api)", "RequestId": "0HNFGSKFKDJCF", "RequestPath": "/api/walls/f1188880-d18e-4bae-a2f5-18b63eb36a35", "Application": "Crud.Api"}
[03:42:30 DBG] Set cache value for key: entity:wall:f1188880d18e4baea2f518b63eb36a35 {"SourceContext": "Infrastructure.Services.Caching.InMemoryCacheService", "ActionId": "50e85cea-b385-44c7-a406-80cd3dfcc2a1", "ActionName": "Api.Controllers.WallsController.Update (Api)", "RequestId": "0HNFGSKFKDJCF", "RequestPath": "/api/walls/f1188880-d18e-4bae-a2f5-18b63eb36a35", "Application": "Crud.Api"}
[03:42:30 DBG] Removed cache value for key: entity:wall:f1188880d18e4baea2f518b63eb36a35 {"SourceContext": "Infrastructure.Services.Caching.InMemoryCacheService", "ActionId": "50e85cea-b385-44c7-a406-80cd3dfcc2a1", "ActionName": "Api.Controllers.WallsController.Update (Api)", "RequestId": "0HNFGSKFKDJCF", "RequestPath": "/api/walls/f1188880-d18e-4bae-a2f5-18b63eb36a35", "Application": "Crud.Api"}
[03:42:30 DBG] Removed cache value for key: list:wall {"SourceContext": "Infrastructure.Services.Caching.InMemoryCacheService", "ActionId": "50e85cea-b385-44c7-a406-80cd3dfcc2a1", "ActionName": "Api.Controllers.WallsController.Update (Api)", "RequestId": "0HNFGSKFKDJCF", "RequestPath": "/api/walls/f1188880-d18e-4bae-a2f5-18b63eb36a35", "Application": "Crud.Api"}
[03:42:30 DBG] Invalidating cache for entity: walls/f1188880-d18e-4bae-a2f5-18b63eb36a35 with tags: walls, walls:f1188880-d18e-4bae-a2f5-18b63eb36a35 {"SourceContext": "Api.Services.OutputCacheInvalidationService", "ActionId": "50e85cea-b385-44c7-a406-80cd3dfcc2a1", "ActionName": "Api.Controllers.WallsController.Update (Api)", "RequestId": "0HNFGSKFKDJCF", "RequestPath": "/api/walls/f1188880-d18e-4bae-a2f5-18b63eb36a35", "Application": "Crud.Api"}
[03:42:30 DBG] Successfully invalidated cache for tag: walls {"SourceContext": "Api.Services.OutputCacheInvalidationService", "ActionId": "50e85cea-b385-44c7-a406-80cd3dfcc2a1", "ActionName": "Api.Controllers.WallsController.Update (Api)", "RequestId": "0HNFGSKFKDJCF", "RequestPath": "/api/walls/f1188880-d18e-4bae-a2f5-18b63eb36a35", "Application": "Crud.Api"}
[03:42:30 DBG] Successfully invalidated cache for tag: walls:f1188880-d18e-4bae-a2f5-18b63eb36a35 {"SourceContext": "Api.Services.OutputCacheInvalidationService", "ActionId": "50e85cea-b385-44c7-a406-80cd3dfcc2a1", "ActionName": "Api.Controllers.WallsController.Update (Api)", "RequestId": "0HNFGSKFKDJCF", "RequestPath": "/api/walls/f1188880-d18e-4bae-a2f5-18b63eb36a35", "Application": "Crud.Api"}
Activity.TraceId:            a7af61b1615c76890056c2d400cbac9f
Activity.SpanId:             b94ceb6c66413e46
Activity.TraceFlags:         Recorded
Activity.ActivitySourceName: Microsoft.AspNetCore
Activity.DisplayName:        PUT api/Walls/{id:guid}
Activity.Kind:               Server
Activity.StartTime:          2025-09-11T03:42:30.8954222Z
Activity.Duration:           00:00:00.0026905
Activity.Tags:
    server.address: localhost
    http.request.method: PUT
    url.scheme: http
    url.path: /api/walls/f1188880-d18e-4bae-a2f5-18b63eb36a35
    network.protocol.version: 1.1
    http.route: api/Walls/{id:guid}
    http.response.status_code: 204
Resource associated with Activity:
    deployment.environment: Testing
    service.name: Crud.Api
    service.version: 1.0.0
    service.instance.id: a483e3f3-32ea-4a50-a508-2cd77b6b2522
    telemetry.sdk.name: opentelemetry
    telemetry.sdk.language: dotnet
    telemetry.sdk.version: 1.8.1
[03:42:31 INF] User registered successfully: 5c425456-2c3e-470d-8af1-d2a9ffd3481d {"SourceContext": "App.Features.Authentication.RegisterUserCommandHandler", "ActionId": "20afde2a-d3c0-42c0-9752-1f03f0da7f59", "ActionName": "Api.Controllers.AuthController.Register (Api)", "RequestId": "0HNFGSKFKDJCG", "RequestPath": "/api/auth/register", "Application": "Crud.Api"}
Activity.TraceId:            fc3799203955a850a518e0671f733b3b
Activity.SpanId:             c44f2ffbb2216977
Activity.TraceFlags:         Recorded
Activity.ActivitySourceName: Microsoft.AspNetCore
Activity.DisplayName:        POST api/Auth/register
Activity.Kind:               Server
Activity.StartTime:          2025-09-11T03:42:30.8982435Z
Activity.Duration:           00:00:00.2987590
Activity.Tags:
    server.address: localhost
    http.request.method: POST
    url.scheme: http
    url.path: /api/auth/register
    network.protocol.version: 1.1
    http.route: api/Auth/register
    http.response.status_code: 200
Resource associated with Activity:
    deployment.environment: Testing
    service.name: Crud.Api
    service.version: 1.0.0
    service.instance.id: a483e3f3-32ea-4a50-a508-2cd77b6b2522
    telemetry.sdk.name: opentelemetry
    telemetry.sdk.language: dotnet
    telemetry.sdk.version: 1.8.1
[03:42:31 DBG] Cache miss for key: entity:wall:f1188880d18e4baea2f518b63eb36a35 {"SourceContext": "Infrastructure.Services.Caching.InMemoryCacheService", "ActionId": "54715a56-9634-4086-981e-1c691c33c033", "ActionName": "Api.Controllers.WallsController.Get (Api)", "RequestId": "0HNFGSKFKDJCH", "RequestPath": "/api/walls/f1188880-d18e-4bae-a2f5-18b63eb36a35", "Application": "Crud.Api"}
[03:42:31 DBG] Set cache value for key: entity:wall:f1188880d18e4baea2f518b63eb36a35 {"SourceContext": "Infrastructure.Services.Caching.InMemoryCacheService", "ActionId": "54715a56-9634-4086-981e-1c691c33c033", "ActionName": "Api.Controllers.WallsController.Get (Api)", "RequestId": "0HNFGSKFKDJCH", "RequestPath": "/api/walls/f1188880-d18e-4bae-a2f5-18b63eb36a35", "Application": "Crud.Api"}
Activity.TraceId:            39f9f07b159d13e3a72e4185eafcf005
Activity.SpanId:             d907b92d639b50e8
Activity.TraceFlags:         Recorded
Activity.ActivitySourceName: Microsoft.AspNetCore
Activity.DisplayName:        GET api/Walls/{id:guid}
Activity.Kind:               Server
Activity.StartTime:          2025-09-11T03:42:31.1971695Z
Activity.Duration:           00:00:00.0015564
Activity.Tags:
    server.address: localhost
    http.request.method: GET
    url.scheme: http
    url.path: /api/walls/f1188880-d18e-4bae-a2f5-18b63eb36a35
    network.protocol.version: 1.1
    http.route: api/Walls/{id:guid}
    http.response.status_code: 200
Resource associated with Activity:
    deployment.environment: Testing
    service.name: Crud.Api
    service.version: 1.0.0
    service.instance.id: a483e3f3-32ea-4a50-a508-2cd77b6b2522
    telemetry.sdk.name: opentelemetry
    telemetry.sdk.language: dotnet
    telemetry.sdk.version: 1.8.1
[03:42:31 INF] User registered successfully: 3e14bf88-002c-48c1-bf42-07eb01aaaed6 {"SourceContext": "App.Features.Authentication.RegisterUserCommandHandler", "ActionId": "20afde2a-d3c0-42c0-9752-1f03f0da7f59", "ActionName": "Api.Controllers.AuthController.Register (Api)", "RequestId": "0HNFGSKFKDJCI", "RequestPath": "/api/auth/register", "Application": "Crud.Api"}
Activity.TraceId:            cc600c43aacfaf2d56d553c94b02ceec
Activity.SpanId:             76ebe71cfaf8d164
Activity.TraceFlags:         Recorded
Activity.ActivitySourceName: Microsoft.AspNetCore
Activity.DisplayName:        POST api/Auth/register
Activity.Kind:               Server
Activity.StartTime:          2025-09-11T03:42:31.2008420Z
Activity.Duration:           00:00:00.2983700
Activity.Tags:
    server.address: localhost
    http.request.method: POST
    url.scheme: http
    url.path: /api/auth/register
    network.protocol.version: 1.1
    http.route: api/Auth/register
    http.response.status_code: 200
Resource associated with Activity:
    deployment.environment: Testing
    service.name: Crud.Api
    service.version: 1.0.0
    service.instance.id: a483e3f3-32ea-4a50-a508-2cd77b6b2522
    telemetry.sdk.name: opentelemetry
    telemetry.sdk.language: dotnet
    telemetry.sdk.version: 1.8.1
[03:42:31 DBG] Cache miss for key: entity:wall:dc4b2f1727df4102874cc26ed6b15442 {"SourceContext": "Infrastructure.Services.Caching.InMemoryCacheService", "ActionId": "54715a56-9634-4086-981e-1c691c33c033", "ActionName": "Api.Controllers.WallsController.Get (Api)", "RequestId": "0HNFGSKFKDJCJ", "RequestPath": "/api/walls/dc4b2f17-27df-4102-874c-c26ed6b15442", "Application": "Crud.Api"}
Activity.TraceId:            b61b84d59852c32f1a571d95064c294f
Activity.SpanId:             5a15a815bafe880c
Activity.TraceFlags:         Recorded
Activity.ActivitySourceName: Microsoft.AspNetCore
Activity.DisplayName:        GET api/Walls/{id:guid}
Activity.Kind:               Server
Activity.StartTime:          2025-09-11T03:42:31.5001887Z
Activity.Duration:           00:00:00.0011640
Activity.Tags:
    server.address: localhost
    http.request.method: GET
    url.scheme: http
    url.path: /api/walls/dc4b2f17-27df-4102-874c-c26ed6b15442
    network.protocol.version: 1.1
    http.route: api/Walls/{id:guid}
    http.response.status_code: 404
Resource associated with Activity:
    deployment.environment: Testing
    service.name: Crud.Api
    service.version: 1.0.0
    service.instance.id: a483e3f3-32ea-4a50-a508-2cd77b6b2522
    telemetry.sdk.name: opentelemetry
    telemetry.sdk.language: dotnet
    telemetry.sdk.version: 1.8.1
[03:42:31 INF] User registered successfully: 7213e670-0c21-4f59-9b70-91b7f48dc5fe {"SourceContext": "App.Features.Authentication.RegisterUserCommandHandler", "ActionId": "20afde2a-d3c0-42c0-9752-1f03f0da7f59", "ActionName": "Api.Controllers.AuthController.Register (Api)", "RequestId": "0HNFGSKFKDJCK", "RequestPath": "/api/auth/register", "Application": "Crud.Api"}
Activity.TraceId:            c9ca66153331623e712ac98244f465cc
Activity.SpanId:             5dff1a6ccc484886
Activity.TraceFlags:         Recorded
Activity.ActivitySourceName: Microsoft.AspNetCore
Activity.DisplayName:        POST api/Auth/register
Activity.Kind:               Server
Activity.StartTime:          2025-09-11T03:42:31.5036254Z
Activity.Duration:           00:00:00.2987721
Activity.Tags:
    server.address: localhost
    http.request.method: POST
    url.scheme: http
    url.path: /api/auth/register
    network.protocol.version: 1.1
    http.route: api/Auth/register
    http.response.status_code: 200
Resource associated with Activity:
    deployment.environment: Testing
    service.name: Crud.Api
    service.version: 1.0.0
    service.instance.id: a483e3f3-32ea-4a50-a508-2cd77b6b2522
    telemetry.sdk.name: opentelemetry
    telemetry.sdk.language: dotnet
    telemetry.sdk.version: 1.8.1
[03:42:32 INF] User logged in successfully: 7213e670-0c21-4f59-9b70-91b7f48dc5fe {"SourceContext": "App.Features.Authentication.LoginCommandHandler", "ActionId": "a611ab6c-191d-4803-825d-099d8dd58993", "ActionName": "Api.Controllers.AuthController.Login (Api)", "RequestId": "0HNFGSKFKDJCL", "RequestPath": "/api/auth/login", "Application": "Crud.Api"}
Activity.TraceId:            7be5847985809a0fc188a4486d608649
Activity.SpanId:             04b5b9ca8d4d69c0
Activity.TraceFlags:         Recorded
Activity.ActivitySourceName: Microsoft.AspNetCore
Activity.DisplayName:        POST api/Auth/login
Activity.Kind:               Server
Activity.StartTime:          2025-09-11T03:42:31.8042695Z
Activity.Duration:           00:00:00.2985230
Activity.Tags:
    server.address: localhost
    http.request.method: POST
    url.scheme: http
    url.path: /api/auth/login
    network.protocol.version: 1.1
    http.route: api/Auth/login
    http.response.status_code: 200
Resource associated with Activity:
    deployment.environment: Testing
    service.name: Crud.Api
    service.version: 1.0.0
    service.instance.id: a483e3f3-32ea-4a50-a508-2cd77b6b2522
    telemetry.sdk.name: opentelemetry
    telemetry.sdk.language: dotnet
    telemetry.sdk.version: 1.8.1
[03:42:32 DBG] Cache miss for key: entity:wall:b5d5941bed1e45af96f5b58e7df612b1 {"SourceContext": "Infrastructure.Services.Caching.InMemoryCacheService", "ActionId": "50e85cea-b385-44c7-a406-80cd3dfcc2a1", "ActionName": "Api.Controllers.WallsController.Update (Api)", "RequestId": "0HNFGSKFKDJCM", "RequestPath": "/api/walls/b5d5941b-ed1e-45af-96f5-b58e7df612b1", "Application": "Crud.Api"}
[03:42:32 ERR] An unhandled exception occurred during request PUT /api/walls/b5d5941b-ed1e-45af-96f5-b58e7df612b1. Request ID: 0HNFGSKFKDJCM, User: Anonymous {"SourceContext": "Api.Middleware.GlobalExceptionHandlingMiddleware", "RequestPath": "/api/walls/b5d5941b-ed1e-45af-96f5-b58e7df612b1", "Application": "Crud.Api"}
System.Collections.Generic.KeyNotFoundException: Wall b5d5941b-ed1e-45af-96f5-b58e7df612b1 not found
   at App.Features.Walls.UpdateWallCommandHandler.Handle(UpdateWallCommand request, CancellationToken cancellationToken) in /home/runner/work/Crud/Crud/src/App/Features/Walls/CommandHandlers.cs:line 34
   at MediatR.Wrappers.RequestHandlerWrapperImpl`1.&lt;&gt;c__DisplayClass1_0.&lt;&lt;Handle&gt;g__Handler|0&gt;d.MoveNext()
--- End of stack trace from previous location ---
   at Api.Controllers.WallsController.Update(Guid id, UpdateWallRequest request, CancellationToken ct) in /home/runner/work/Crud/Crud/src/Api/Controllers/WallsController.cs:line 67
   at Microsoft.AspNetCore.Mvc.Infrastructure.ActionMethodExecutor.TaskOfIActionResultExecutor.Execute(ActionContext actionContext, IActionResultTypeMapper mapper, ObjectMethodExecutor executor, Object controller, Object[] arguments)
   at Microsoft.AspNetCore.Mvc.Infrastructure.ControllerActionInvoker.&lt;InvokeActionMethodAsync&gt;g__Logged|12_1(ControllerActionInvoker invoker)
   at Microsoft.AspNetCore.Mvc.Infrastructure.ControllerActionInvoker.&lt;InvokeNextActionFilterAsync&gt;g__Awaited|10_0(ControllerActionInvoker invoker, Task lastTask, State next, Scope scope, Object state, Boolean isCompleted)
   at Microsoft.AspNetCore.Mvc.Infrastructure.ControllerActionInvoker.Rethrow(ActionExecutedContextSealed context)
   at Microsoft.AspNetCore.Mvc.Infrastructure.ControllerActionInvoker.Next(State&amp; next, Scope&amp; scope, Object&amp; state, Boolean&amp; isCompleted)
   at Microsoft.AspNetCore.Mvc.Infrastructure.ControllerActionInvoker.InvokeInnerFilterAsync()
--- End of stack trace from previous location ---
   at Microsoft.AspNetCore.Mvc.Infrastructure.ResourceInvoker.&lt;InvokeFilterPipelineAsync&gt;g__Awaited|20_0(ResourceInvoker invoker, Task lastTask, State next, Scope scope, Object state, Boolean isCompleted)
   at Microsoft.AspNetCore.Mvc.Infrastructure.ResourceInvoker.&lt;InvokeAsync&gt;g__Logged|17_1(ResourceInvoker invoker)
   at Microsoft.AspNetCore.Mvc.Infrastructure.ResourceInvoker.&lt;InvokeAsync&gt;g__Logged|17_1(ResourceInvoker invoker)
   at Api.Middleware.ConditionalRequestMiddleware.InvokeAsync(HttpContext context) in /home/runner/work/Crud/Crud/src/Api/Middleware/ConditionalRequestMiddleware.cs:line 30
   at Microsoft.AspNetCore.Authorization.AuthorizationMiddleware.Invoke(HttpContext context)
   at Microsoft.AspNetCore.Authentication.AuthenticationMiddleware.Invoke(HttpContext context)
   at Microsoft.AspNetCore.RateLimiting.RateLimitingMiddleware.InvokeInternal(HttpContext context, EnableRateLimitingAttribute enableRateLimitingAttribute)
   at Api.Middleware.GlobalExceptionHandlingMiddleware.InvokeAsync(HttpContext context) in /home/runner/work/Crud/Crud/src/Api/Middleware/GlobalExceptionHandlingMiddleware.cs:line 27
Activity.TraceId:            b2fc657a0525f6477aa63c50b2b0199a
Activity.SpanId:             9581919581c60a11
Activity.TraceFlags:         Recorded
Activity.ActivitySourceName: Microsoft.AspNetCore
Activity.DisplayName:        PUT api/Walls/{id:guid}
Activity.Kind:               Server
Activity.StartTime:          2025-09-11T03:42:32.1036089Z
Activity.Duration:           00:00:00.0025272
Activity.Tags:
    server.address: localhost
    http.request.method: PUT
    url.scheme: http
    url.path: /api/walls/b5d5941b-ed1e-45af-96f5-b58e7df612b1
    network.protocol.version: 1.1
    http.route: api/Walls/{id:guid}
    http.response.status_code: 404
Resource associated with Activity:
    deployment.environment: Testing
    service.name: Crud.Api
    service.version: 1.0.0
    service.instance.id: a483e3f3-32ea-4a50-a508-2cd77b6b2522
    telemetry.sdk.name: opentelemetry
    telemetry.sdk.language: dotnet
    telemetry.sdk.version: 1.8.1
Metric Name: http.server.active_requests, Number of active HTTP server requests., Unit: {request}, Meter: Microsoft.AspNetCore.Hosting
(2025-09-11T03:42:19.6720551Z, 2025-09-11T03:42:32.1078125Z] http.request.method: POST url.scheme: http LongSumNonMonotonic
Value: 0
(2025-09-11T03:42:19.6720551Z, 2025-09-11T03:42:32.1078125Z] http.request.method: GET url.scheme: http LongSumNonMonotonic
Value: 0
(2025-09-11T03:42:19.6720551Z, 2025-09-11T03:42:32.1078125Z] http.request.method: DELETE url.scheme: http LongSumNonMonotonic
Value: 0
(2025-09-11T03:42:19.6720551Z, 2025-09-11T03:42:32.1078125Z] http.request.method: PUT url.scheme: http LongSumNonMonotonic
Value: 0
Metric Name: http.server.request.duration, Duration of HTTP server requests., Unit: s, Meter: Microsoft.AspNetCore.Hosting
(2025-09-11T03:42:19.6721020Z, 2025-09-11T03:42:32.1078152Z] http.request.method: POST http.response.status_code: 200 http.route: api/Auth/register network.protocol.version: 1.1 url.scheme: http Histogram
Value: Sum: 6.894348600000001 Count: 23 Min: 0.2983582 Max: 0.3046843 
(-Infinity,0.005]:0
(0.005,0.01]:0
(0.01,0.025]:0
(0.025,0.05]:0
(0.05,0.075]:0
(0.075,0.1]:0
(0.1,0.25]:0
(0.25,0.5]:23
(0.5,0.75]:0
(0.75,1]:0
(1,2.5]:0
(2.5,5]:0
(5,7.5]:0
(7.5,10]:0
(10,+Infinity]:0
(2025-09-11T03:42:19.6721020Z, 2025-09-11T03:42:32.1078152Z] http.request.method: POST http.response.status_code: 200 http.route: api/Auth/login network.protocol.version: 1.1 url.scheme: http Histogram
Value: Sum: 4.790513099999999 Count: 16 Min: 0.2983699 Max: 0.3040263 
(-Infinity,0.005]:0
(0.005,0.01]:0
(0.01,0.025]:0
(0.025,0.05]:0
(0.05,0.075]:0
(0.075,0.1]:0
(0.1,0.25]:0
(0.25,0.5]:16
(0.5,0.75]:0
(0.75,1]:0
(1,2.5]:0
(2.5,5]:0
(5,7.5]:0
(7.5,10]:0
(10,+Infinity]:0
(2025-09-11T03:42:19.6721020Z, 2025-09-11T03:42:32.1078152Z] http.request.method: POST http.response.status_code: 201 http.route: api/Walls network.protocol.version: 1.1 url.scheme: http Histogram
Value: Sum: 0.03681679999999999 Count: 9 Min: 0.0015553 Max: 0.0170278 
(-Infinity,0.005]:8
(0.005,0.01]:0
(0.01,0.025]:1
(0.025,0.05]:0
(0.05,0.075]:0
(0.075,0.1]:0
(0.1,0.25]:0
(0.25,0.5]:0
(0.5,0.75]:0
(0.75,1]:0
(1,2.5]:0
(2.5,5]:0
(5,7.5]:0
(7.5,10]:0
(10,+Infinity]:0
(2025-09-11T03:42:19.6721020Z, 2025-09-11T03:42:32.1078152Z] http.request.method: GET http.response.status_code: 200 http.route: api/Walls/{id:guid} network.protocol.version: 1.1 url.scheme: http Histogram
Value: Sum: 0.0203522 Count: 3 Min: 0.001557 Max: 0.0152584 
(-Infinity,0.005]:2
(0.005,0.01]:0
(0.01,0.025]:1
(0.025,0.05]:0
(0.05,0.075]:0
(0.075,0.1]:0
(0.1,0.25]:0
(0.25,0.5]:0
(0.5,0.75]:0
(0.75,1]:0
(1,2.5]:0
(2.5,5]:0
(5,7.5]:0
(7.5,10]:0
(10,+Infinity]:0
(2025-09-11T03:42:19.6721020Z, 2025-09-11T03:42:32.1078152Z] http.request.method: GET http.response.status_code: 200 http.route: api/Walls network.protocol.version: 1.1 url.scheme: http Histogram
Value: Sum: 0.011021300000000001 Count: 2 Min: 0.0014548 Max: 0.0095665 
(-Infinity,0.005]:1
(0.005,0.01]:1
(0.01,0.025]:0
(0.025,0.05]:0
(0.05,0.075]:0
(0.075,0.1]:0
(0.1,0.25]:0
(0.25,0.5]:0
(0.5,0.75]:0
(0.75,1]:0
(1,2.5]:0
(2.5,5]:0
(5,7.5]:0
(7.5,10]:0
(10,+Infinity]:0
(2025-09-11T03:42:19.6721020Z, 2025-09-11T03:42:32.1078152Z] http.request.method: POST http.response.status_code: 400 http.route: api/Walls network.protocol.version: 1.1 url.scheme: http Histogram
Value: Sum: 0.0035358000000000004 Count: 2 Min: 0.0005015 Max: 0.0030343 
(-Infinity,0.005]:2
(0.005,0.01]:0
(0.01,0.025]:0
(0.025,0.05]:0
(0.05,0.075]:0
(0.075,0.1]:0
(0.1,0.25]:0
(0.25,0.5]:0
(0.5,0.75]:0
(0.75,1]:0
(1,2.5]:0
(2.5,5]:0
(5,7.5]:0
(7.5,10]:0
(10,+Infinity]:0
(2025-09-11T03:42:19.6721020Z, 2025-09-11T03:42:32.1078152Z] http.request.method: DELETE http.response.status_code: 204 http.route: api/Walls/{id:guid} network.protocol.version: 1.1 url.scheme: http Histogram
Value: Sum: 0.0088944 Count: 2 Min: 0.0024368 Max: 0.0064576 
(-Infinity,0.005]:1
(0.005,0.01]:1
(0.01,0.025]:0
(0.025,0.05]:0
(0.05,0.075]:0
(0.075,0.1]:0
(0.1,0.25]:0
(0.25,0.5]:0
(0.5,0.75]:0
(0.75,1]:0
(1,2.5]:0
(2.5,5]:0
(5,7.5]:0
(7.5,10]:0
(10,+Infinity]:0
(2025-09-11T03:42:19.6721020Z, 2025-09-11T03:42:32.1078152Z] http.request.method: GET http.response.status_code: 404 http.route: api/Walls/{id:guid} network.protocol.version: 1.1 url.scheme: http Histogram
Value: Sum: 0.0047705 Count: 2 Min: 0.0011672 Max: 0.0036033 
(-Infinity,0.005]:2
(0.005,0.01]:0
(0.01,0.025]:0
(0.025,0.05]:0
(0.05,0.075]:0
(0.075,0.1]:0
(0.1,0.25]:0
(0.25,0.5]:0
(0.5,0.75]:0
(0.75,1]:0
(1,2.5]:0
(2.5,5]:0
(5,7.5]:0
(7.5,10]:0
(10,+Infinity]:0
(2025-09-11T03:42:19.6721020Z, 2025-09-11T03:42:32.1078152Z] http.request.method: PUT http.response.status_code: 204 http.route: api/Walls/{id:guid} network.protocol.version: 1.1 url.scheme: http Histogram
Value: Sum: 0.0149415 Count: 2 Min: 0.0026606 Max: 0.0122809 
(-Infinity,0.005]:1
(0.005,0.01]:0
(0.01,0.025]:1
(0.025,0.05]:0
(0.05,0.075]:0
(0.075,0.1]:0
(0.1,0.25]:0
(0.25,0.5]:0
(0.5,0.75]:0
(0.75,1]:0
(1,2.5]:0
(2.5,5]:0
(5,7.5]:0
(7.5,10]:0
(10,+Infinity]:0
(2025-09-11T03:42:19.6721020Z, 2025-09-11T03:42:32.1078152Z] http.request.method: PUT http.response.status_code: 404 http.route: api/Walls/{id:guid} network.protocol.version: 1.1 url.scheme: http Histogram
Value: Sum: 0.0025208 Count: 1 Min: 0.0025208 Max: 0.0025208 
(-Infinity,0.005]:1
(0.005,0.01]:0
(0.01,0.025]:0
(0.025,0.05]:0
(0.05,0.075]:0
(0.075,0.1]:0
(0.1,0.25]:0
(0.25,0.5]:0
(0.5,0.75]:0
(0.75,1]:0
(1,2.5]:0
(2.5,5]:0
(5,7.5]:0
(7.5,10]:0
(10,+Infinity]:0
Metric Name: aspnetcore.rate_limiting.active_request_leases, Number of HTTP requests that are currently active on the server that hold a rate limiting lease., Unit: {request}, Meter: Microsoft.AspNetCore.RateLimiting
(2025-09-11T03:42:19.6739921Z, 2025-09-11T03:42:32.1078155Z] LongSumNonMonotonic
Value: 0
Metric Name: aspnetcore.rate_limiting.request_lease.duration, The duration of rate limiting leases held by HTTP requests on the server., Unit: s, Meter: Microsoft.AspNetCore.RateLimiting
(2025-09-11T03:42:19.6740113Z, 2025-09-11T03:42:32.1078158Z] Histogram
Value: Sum: 11.774156599999996 Count: 62 Min: 0.0003942 Max: 0.3036543 
(-Infinity,0.005]:18
(0.005,0.01]:2
(0.01,0.025]:3
(0.025,0.05]:0
(0.05,0.075]:0
(0.075,0.1]:0
(0.1,0.25]:0
(0.25,0.5]:39
(0.5,0.75]:0
(0.75,1]:0
(1,2.5]:0
(2.5,5]:0
(5,7.5]:0
(7.5,10]:0
(10,+Infinity]:0
Metric Name: aspnetcore.rate_limiting.requests, Number of requests that tried to acquire a rate limiting lease. Requests could be rejected by global or endpoint rate limiting policies. Or the request could be canceled while waiting for the lease., Unit: {request}, Meter: Microsoft.AspNetCore.RateLimiting
(2025-09-11T03:42:19.6741429Z, 2025-09-11T03:42:32.1078171Z] aspnetcore.rate_limiting.result: acquired LongSum
Value: 62
Metric Name: aspnetcore.routing.match_attempts, Number of requests that were attempted to be matched to an endpoint., Unit: {match_attempt}, Meter: Microsoft.AspNetCore.Routing
(2025-09-11T03:42:19.6749396Z, 2025-09-11T03:42:32.1078178Z] aspnetcore.routing.is_fallback: false aspnetcore.routing.match_status: success http.route: api/Auth/register LongSum
Value: 23
(2025-09-11T03:42:19.6749396Z, 2025-09-11T03:42:32.1078178Z] aspnetcore.routing.is_fallback: false aspnetcore.routing.match_status: success http.route: api/Auth/login LongSum
Value: 16
(2025-09-11T03:42:19.6749396Z, 2025-09-11T03:42:32.1078178Z] aspnetcore.routing.is_fallback: false aspnetcore.routing.match_status: success http.route: api/Walls LongSum
Value: 13
(2025-09-11T03:42:19.6749396Z, 2025-09-11T03:42:32.1078178Z] aspnetcore.routing.is_fallback: false aspnetcore.routing.match_status: success http.route: api/Walls/{id:guid} LongSum
Value: 10
[03:42:32 INF] Starting Crud API application {"Application": "Crud.Api"}
[03:42:32 INF] Using SQLite provider with connection: Data Source=TestDatabase.db {"Application": "Crud.Api"}
[03:42:32 INF] Database ensured successfully {"Application": "Crud.Api"}
[03:42:32 INF] Application configured successfully. Starting web host... {"Application": "Crud.Api"}
[03:42:32 INF] Resetting database for worker 7855 {"SourceContext": "Infrastructure.Services.DatabaseTestService", "Application": "Crud.Api"}
[03:42:32 INF] Resetting database via file deletion for worker 7855 in CI environment {"SourceContext": "Infrastructure.Services.DatabaseTestService", "Application": "Crud.Api"}
[03:42:32 INF] Acquiring database mutex for worker 7855... {"SourceContext": "Infrastructure.Services.DatabaseTestService", "Application": "Crud.Api"}
[03:42:32 INF] Database mutex acquired for worker 7855 {"SourceContext": "Infrastructure.Services.DatabaseTestService", "Application": "Crud.Api"}
[03:42:32 INF] Current database state - CanConnect: True {"SourceContext": "Infrastructure.Services.DatabaseTestService", "Application": "Crud.Api"}
[03:42:32 INF] [Phase 0] Closing database connection for worker 7855... {"SourceContext": "Infrastructure.Services.DatabaseTestService", "Application": "Crud.Api"}
[03:42:32 INF] [Phase 0] Connection closed in 0.0018ms {"SourceContext": "Infrastructure.Services.DatabaseTestService", "Application": "Crud.Api"}
[03:42:32 INF] [Phase 1] Starting EnsureDeletedAsync for worker 7855... {"SourceContext": "Infrastructure.Services.DatabaseTestService", "Application": "Crud.Api"}
[03:42:32 INF] [Phase 1] EnsureDeletedAsync completed in 1.5715ms {"SourceContext": "Infrastructure.Services.DatabaseTestService", "Application": "Crud.Api"}
[03:42:32 INF] [Phase 2] Starting EnsureCreatedAsync for worker 7855... {"SourceContext": "Infrastructure.Services.DatabaseTestService", "Application": "Crud.Api"}
[03:42:32 INF] [Phase 2] EnsureCreatedAsync completed in 8.4103ms {"SourceContext": "Infrastructure.Services.DatabaseTestService", "Application": "Crud.Api"}
[03:42:32 INF] [Phase 3] Skipping database seeding as requested for worker 7855 {"SourceContext": "Infrastructure.Services.DatabaseTestService", "Application": "Crud.Api"}
[03:42:32 INF] Database reset via file deletion completed for worker 7855 in 110.4692ms (Close: 0.0018ms, Delete: 1.5715ms, Create: 8.4103ms) {"SourceContext": "Infrastructure.Services.DatabaseTestService", "Application": "Crud.Api"}
[03:42:32 INF] Releasing database mutex for worker 7855 {"SourceContext": "Infrastructure.Services.DatabaseTestService", "Application": "Crud.Api"}
[03:42:32 WRN] Failed to determine the https port for redirect. {"EventId": {"Id": 3, "Name": "FailedToDeterminePort"}, "SourceContext": "Microsoft.AspNetCore.HttpsPolicy.HttpsRedirectionMiddleware", "RequestId": "0HNFGSKFKDJCN", "RequestPath": "/api/auth/register", "Application": "Crud.Api"}
[03:42:32 INF] User registered successfully: 7779043e-3a28-4e2d-919b-0ca48b620905 {"SourceContext": "App.Features.Authentication.RegisterUserCommandHandler", "ActionId": "81649099-f762-4cfc-8f85-9398da66953d", "ActionName": "Api.Controllers.AuthController.Register (Api)", "RequestId": "0HNFGSKFKDJCN", "RequestPath": "/api/auth/register", "Application": "Crud.Api"}
Activity.TraceId:            8d1517d4bf41d1504fdb6336faf7b510
Activity.SpanId:             34ed00f9149d5480
Activity.TraceFlags:         Recorded
Activity.ActivitySourceName: Microsoft.AspNetCore
Activity.DisplayName:        POST api/Auth/register
Activity.Kind:               Server
Activity.StartTime:          2025-09-11T03:42:32.2601004Z
Activity.Duration:           00:00:00.3069094
Activity.Tags:
    server.address: localhost
    http.request.method: POST
    url.scheme: http
    url.path: /api/auth/register
    network.protocol.version: 1.1
    http.route: api/Auth/register
    http.response.status_code: 200
Resource associated with Activity:
    deployment.environment: Testing
    service.name: Crud.Api
    service.version: 1.0.0
    service.instance.id: a483e3f3-32ea-4a50-a508-2cd77b6b2522
    telemetry.sdk.name: opentelemetry
    telemetry.sdk.language: dotnet
    telemetry.sdk.version: 1.8.1
[03:42:32 INF] User registered successfully: a316873a-2aaa-44b1-815b-f382ef9b293f {"SourceContext": "App.Features.Authentication.RegisterUserCommandHandler", "ActionId": "81649099-f762-4cfc-8f85-9398da66953d", "ActionName": "Api.Controllers.AuthController.Register (Api)", "RequestId": "0HNFGSKFKDJCO", "RequestPath": "/api/auth/register", "Application": "Crud.Api"}
Activity.TraceId:            8412249085d8f28f0f63af9a898cb4a7
Activity.SpanId:             64413336883a5331
Activity.TraceFlags:         Recorded
Activity.ActivitySourceName: Microsoft.AspNetCore
Activity.DisplayName:        POST api/Auth/register
Activity.Kind:               Server
Activity.StartTime:          2025-09-11T03:42:32.5676177Z
Activity.Duration:           00:00:00.3006418
Activity.Tags:
    server.address: localhost
    http.request.method: POST
    url.scheme: http
    url.path: /api/auth/register
    network.protocol.version: 1.1
    http.route: api/Auth/register
    http.response.status_code: 200
Resource associated with Activity:
    deployment.environment: Testing
    service.name: Crud.Api
    service.version: 1.0.0
    service.instance.id: a483e3f3-32ea-4a50-a508-2cd77b6b2522
    telemetry.sdk.name: opentelemetry
    telemetry.sdk.language: dotnet
    telemetry.sdk.version: 1.8.1
[03:42:33 INF] User logged in successfully: a316873a-2aaa-44b1-815b-f382ef9b293f {"SourceContext": "App.Features.Authentication.LoginCommandHandler", "ActionId": "1aa2aafa-61f1-416c-9cb7-27a0521b9341", "ActionName": "Api.Controllers.AuthController.Login (Api)", "RequestId": "0HNFGSKFKDJCP", "RequestPath": "/api/auth/login", "Application": "Crud.Api"}
Activity.TraceId:            411416a5ff23768fa8d275025a3d2d10
Activity.SpanId:             9b4295a610787b0c
Activity.TraceFlags:         Recorded
Activity.ActivitySourceName: Microsoft.AspNetCore
Activity.DisplayName:        POST api/Auth/login
Activity.Kind:               Server
Activity.StartTime:          2025-09-11T03:42:32.8708105Z
Activity.Duration:           00:00:00.3034869
Activity.Tags:
    server.address: localhost
    http.request.method: POST
    url.scheme: http
    url.path: /api/auth/login
    network.protocol.version: 1.1
    http.route: api/Auth/login
    http.response.status_code: 200
Resource associated with Activity:
    deployment.environment: Testing
    service.name: Crud.Api
    service.version: 1.0.0
    service.instance.id: a483e3f3-32ea-4a50-a508-2cd77b6b2522
    telemetry.sdk.name: opentelemetry
    telemetry.sdk.language: dotnet
    telemetry.sdk.version: 1.8.1
[03:42:33 DBG] Cache miss for key: list:window {"SourceContext": "Infrastructure.Services.Caching.InMemoryCacheService", "ActionId": "bd3d4d96-7967-4bf4-a55d-e2920b87e60f", "ActionName": "Api.Controllers.WindowsController.List (Api)", "RequestId": "0HNFGSKFKDJCQ", "RequestPath": "/api/windows", "Application": "Crud.Api"}
[03:42:33 DBG] Set cache value for key: list:window {"SourceContext": "Infrastructure.Services.Caching.InMemoryCacheService", "ActionId": "bd3d4d96-7967-4bf4-a55d-e2920b87e60f", "ActionName": "Api.Controllers.WindowsController.List (Api)", "RequestId": "0HNFGSKFKDJCQ", "RequestPath": "/api/windows", "Application": "Crud.Api"}
Activity.TraceId:            d86f77dece87d19f920b24d775b50640
Activity.SpanId:             9778bb4602664905
Activity.TraceFlags:         Recorded
Activity.ActivitySourceName: Microsoft.AspNetCore
Activity.DisplayName:        GET api/Windows
Activity.Kind:               Server
Activity.StartTime:          2025-09-11T03:42:33.1745766Z
Activity.Duration:           00:00:00.0204657
Activity.Tags:
    server.address: localhost
    http.request.method: GET
    url.scheme: http
    url.path: /api/windows
    network.protocol.version: 1.1
    http.route: api/Windows
    http.response.status_code: 200
Resource associated with Activity:
    deployment.environment: Testing
    service.name: Crud.Api
    service.version: 1.0.0
    service.instance.id: a483e3f3-32ea-4a50-a508-2cd77b6b2522
    telemetry.sdk.name: opentelemetry
    telemetry.sdk.language: dotnet
    telemetry.sdk.version: 1.8.1
[03:42:33 DBG] Removed cache value for key: entity:window:c5d21c17d4f5425fa29155a24bd0650e {"SourceContext": "Infrastructure.Services.Caching.InMemoryCacheService", "ActionId": "771968af-bae3-4e29-96d7-69e9e39e6f48", "ActionName": "Api.Controllers.WindowsController.Create (Api)", "RequestId": "0HNFGSKFKDJCR", "RequestPath": "/api/windows", "Application": "Crud.Api"}
[03:42:33 DBG] Removed cache value for key: list:window {"SourceContext": "Infrastructure.Services.Caching.InMemoryCacheService", "ActionId": "771968af-bae3-4e29-96d7-69e9e39e6f48", "ActionName": "Api.Controllers.WindowsController.Create (Api)", "RequestId": "0HNFGSKFKDJCR", "RequestPath": "/api/windows", "Application": "Crud.Api"}
[03:42:33 DBG] Invalidating cache for entity type: windows with tag: windows {"SourceContext": "Api.Services.OutputCacheInvalidationService", "ActionId": "771968af-bae3-4e29-96d7-69e9e39e6f48", "ActionName": "Api.Controllers.WindowsController.Create (Api)", "RequestId": "0HNFGSKFKDJCR", "RequestPath": "/api/windows", "Application": "Crud.Api"}
[03:42:33 INF] Successfully invalidated cache for entity type: windows {"SourceContext": "Api.Services.OutputCacheInvalidationService", "ActionId": "771968af-bae3-4e29-96d7-69e9e39e6f48", "ActionName": "Api.Controllers.WindowsController.Create (Api)", "RequestId": "0HNFGSKFKDJCR", "RequestPath": "/api/windows", "Application": "Crud.Api"}
Activity.TraceId:            da5683c07d46b2593b8807e40215b112
Activity.SpanId:             b609957265afdca0
Activity.TraceFlags:         Recorded
Activity.ActivitySourceName: Microsoft.AspNetCore
Activity.DisplayName:        POST api/Windows
Activity.Kind:               Server
Activity.StartTime:          2025-09-11T03:42:33.1952267Z
Activity.Duration:           00:00:00.0129273
Activity.Tags:
    server.address: localhost
    http.request.method: POST
    url.scheme: http
    url.path: /api/windows
    network.protocol.version: 1.1
    http.route: api/Windows
    http.response.status_code: 201
Resource associated with Activity:
    deployment.environment: Testing
    service.name: Crud.Api
    service.version: 1.0.0
    service.instance.id: a483e3f3-32ea-4a50-a508-2cd77b6b2522
    telemetry.sdk.name: opentelemetry
    telemetry.sdk.language: dotnet
    telemetry.sdk.version: 1.8.1
[03:42:33 DBG] Cache miss for key: list:window {"SourceContext": "Infrastructure.Services.Caching.InMemoryCacheService", "ActionId": "bd3d4d96-7967-4bf4-a55d-e2920b87e60f", "ActionName": "Api.Controllers.WindowsController.List (Api)", "RequestId": "0HNFGSKFKDJCS", "RequestPath": "/api/windows", "Application": "Crud.Api"}
[03:42:33 DBG] Set cache value for key: list:window {"SourceContext": "Infrastructure.Services.Caching.InMemoryCacheService", "ActionId": "bd3d4d96-7967-4bf4-a55d-e2920b87e60f", "ActionName": "Api.Controllers.WindowsController.List (Api)", "RequestId": "0HNFGSKFKDJCS", "RequestPath": "/api/windows", "Application": "Crud.Api"}
[03:42:33 DBG] Response not compressed: application/json; charset=utf-8 | Size: 1048 bytes | Path: /api/windows {"SourceContext": "Api.Middleware.CompressionPerformanceMiddleware", "RequestId": "0HNFGSKFKDJCS", "RequestPath": "/api/windows", "Application": "Crud.Api"}
Activity.TraceId:            fcd798e61b1b37ab3936280eaaf90cbe
Activity.SpanId:             09286449ac133add
Activity.TraceFlags:         Recorded
Activity.ActivitySourceName: Microsoft.AspNetCore
Activity.DisplayName:        GET api/Windows
Activity.Kind:               Server
Activity.StartTime:          2025-09-11T03:42:33.2082370Z
Activity.Duration:           00:00:00.0029692
Activity.Tags:
    server.address: localhost
    http.request.method: GET
    url.scheme: http
    url.path: /api/windows
    network.protocol.version: 1.1
    http.route: api/Windows
    http.response.status_code: 200
Resource associated with Activity:
    deployment.environment: Testing
    service.name: Crud.Api
    service.version: 1.0.0
    service.instance.id: a483e3f3-32ea-4a50-a508-2cd77b6b2522
    telemetry.sdk.name: opentelemetry
    telemetry.sdk.language: dotnet
    telemetry.sdk.version: 1.8.1
[03:42:33 INF] Resetting database for worker 7855 {"SourceContext": "Infrastructure.Services.DatabaseTestService", "Application": "Crud.Api"}
[03:42:33 INF] Resetting database via file deletion for worker 7855 in CI environment {"SourceContext": "Infrastructure.Services.DatabaseTestService", "Application": "Crud.Api"}
[03:42:33 INF] Acquiring database mutex for worker 7855... {"SourceContext": "Infrastructure.Services.DatabaseTestService", "Application": "Crud.Api"}
[03:42:33 INF] Database mutex acquired for worker 7855 {"SourceContext": "Infrastructure.Services.DatabaseTestService", "Application": "Crud.Api"}
[03:42:33 INF] Current database state - CanConnect: True {"SourceContext": "Infrastructure.Services.DatabaseTestService", "Application": "Crud.Api"}
[03:42:33 INF] [Phase 0] Closing database connection for worker 7855... {"SourceContext": "Infrastructure.Services.DatabaseTestService", "Application": "Crud.Api"}
[03:42:33 INF] [Phase 0] Connection closed in 0.0015ms {"SourceContext": "Infrastructure.Services.DatabaseTestService", "Application": "Crud.Api"}
[03:42:33 INF] [Phase 1] Starting EnsureDeletedAsync for worker 7855... {"SourceContext": "Infrastructure.Services.DatabaseTestService", "Application": "Crud.Api"}
[03:42:33 INF] [Phase 1] EnsureDeletedAsync completed in 1.7729ms {"SourceContext": "Infrastructure.Services.DatabaseTestService", "Application": "Crud.Api"}
[03:42:33 INF] [Phase 2] Starting EnsureCreatedAsync for worker 7855... {"SourceContext": "Infrastructure.Services.DatabaseTestService", "Application": "Crud.Api"}
[03:42:33 INF] [Phase 2] EnsureCreatedAsync completed in 8.2032ms {"SourceContext": "Infrastructure.Services.DatabaseTestService", "Application": "Crud.Api"}
[03:42:33 INF] [Phase 3] Skipping database seeding as requested for worker 7855 {"SourceContext": "Infrastructure.Services.DatabaseTestService", "Application": "Crud.Api"}
[03:42:33 INF] Database reset via file deletion completed for worker 7855 in 111.0069ms (Close: 0.0015ms, Delete: 1.7729ms, Create: 8.2032ms) {"SourceContext": "Infrastructure.Services.DatabaseTestService", "Application": "Crud.Api"}
[03:42:33 INF] Releasing database mutex for worker 7855 {"SourceContext": "Infrastructure.Services.DatabaseTestService", "Application": "Crud.Api"}
[03:42:33 INF] Resetting database for worker 7855 {"SourceContext": "Infrastructure.Services.DatabaseTestService", "Application": "Crud.Api"}
[03:42:33 INF] Resetting database via file deletion for worker 7855 in CI environment {"SourceContext": "Infrastructure.Services.DatabaseTestService", "Application": "Crud.Api"}
[03:42:33 INF] Acquiring database mutex for worker 7855... {"SourceContext": "Infrastructure.Services.DatabaseTestService", "Application": "Crud.Api"}
[03:42:33 INF] Database mutex acquired for worker 7855 {"SourceContext": "Infrastructure.Services.DatabaseTestService", "Application": "Crud.Api"}
[03:42:33 INF] Current database state - CanConnect: True {"SourceContext": "Infrastructure.Services.DatabaseTestService", "Application": "Crud.Api"}
[03:42:33 INF] [Phase 0] Closing database connection for worker 7855... {"SourceContext": "Infrastructure.Services.DatabaseTestService", "Application": "Crud.Api"}
[03:42:33 INF] [Phase 0] Connection closed in 0.0013ms {"SourceContext": "Infrastructure.Services.DatabaseTestService", "Application": "Crud.Api"}
[03:42:33 INF] [Phase 1] Starting EnsureDeletedAsync for worker 7855... {"SourceContext": "Infrastructure.Services.DatabaseTestService", "Application": "Crud.Api"}
[03:42:33 INF] [Phase 1] EnsureDeletedAsync completed in 1.5292ms {"SourceContext": "Infrastructure.Services.DatabaseTestService", "Application": "Crud.Api"}
[03:42:33 INF] [Phase 2] Starting EnsureCreatedAsync for worker 7855... {"SourceContext": "Infrastructure.Services.DatabaseTestService", "Application": "Crud.Api"}
[03:42:33 INF] [Phase 2] EnsureCreatedAsync completed in 7.6234ms {"SourceContext": "Infrastructure.Services.DatabaseTestService", "Application": "Crud.Api"}
[03:42:33 INF] [Phase 3] Skipping database seeding as requested for worker 7855 {"SourceContext": "Infrastructure.Services.DatabaseTestService", "Application": "Crud.Api"}
[03:42:33 INF] Database reset via file deletion completed for worker 7855 in 109.9084ms (Close: 0.0013ms, Delete: 1.5292ms, Create: 7.6234ms) {"SourceContext": "Infrastructure.Services.DatabaseTestService", "Application": "Crud.Api"}
[03:42:33 INF] Releasing database mutex for worker 7855 {"SourceContext": "Infrastructure.Services.DatabaseTestService", "Application": "Crud.Api"}
[03:42:33 INF] User registered successfully: 385f4e38-71e0-4e69-be6c-0a14643df8a5 {"SourceContext": "App.Features.Authentication.RegisterUserCommandHandler", "ActionId": "81649099-f762-4cfc-8f85-9398da66953d", "ActionName": "Api.Controllers.AuthController.Register (Api)", "RequestId": "0HNFGSKFKDJCT", "RequestPath": "/api/auth/register", "Application": "Crud.Api"}
Activity.TraceId:            c7a5c78ddefbca4ee3c2aa799efbe163
Activity.SpanId:             32dcb5b7202b0119
Activity.TraceFlags:         Recorded
Activity.ActivitySourceName: Microsoft.AspNetCore
Activity.DisplayName:        POST api/Auth/register
Activity.Kind:               Server
Activity.StartTime:          2025-09-11T03:42:33.4380477Z
Activity.Duration:           00:00:00.3013851
Activity.Tags:
    server.address: localhost
    http.request.method: POST
    url.scheme: http
    url.path: /api/auth/register
    network.protocol.version: 1.1
    http.route: api/Auth/register
    http.response.status_code: 200
Resource associated with Activity:
    deployment.environment: Testing
    service.name: Crud.Api
    service.version: 1.0.0
    service.instance.id: a483e3f3-32ea-4a50-a508-2cd77b6b2522
    telemetry.sdk.name: opentelemetry
    telemetry.sdk.language: dotnet
    telemetry.sdk.version: 1.8.1
[03:42:34 INF] User registered successfully: 9130febb-6e93-4249-b7cc-d31c13d77d76 {"SourceContext": "App.Features.Authentication.RegisterUserCommandHandler", "ActionId": "81649099-f762-4cfc-8f85-9398da66953d", "ActionName": "Api.Controllers.AuthController.Register (Api)", "RequestId": "0HNFGSKFKDJCU", "RequestPath": "/api/auth/register", "Application": "Crud.Api"}
Activity.TraceId:            23d13a3dce72e61a8a7ecf9e70f08da9
Activity.SpanId:             a481d767f844dd1b
Activity.TraceFlags:         Recorded
Activity.ActivitySourceName: Microsoft.AspNetCore
Activity.DisplayName:        POST api/Auth/register
Activity.Kind:               Server
Activity.StartTime:          2025-09-11T03:42:33.7400725Z
Activity.Duration:           00:00:00.2987876
Activity.Tags:
    server.address: localhost
    http.request.method: POST
    url.scheme: http
    url.path: /api/auth/register
    network.protocol.version: 1.1
    http.route: api/Auth/register
    http.response.status_code: 200
Resource associated with Activity:
    deployment.environment: Testing
    service.name: Crud.Api
    service.version: 1.0.0
    service.instance.id: a483e3f3-32ea-4a50-a508-2cd77b6b2522
    telemetry.sdk.name: opentelemetry
    telemetry.sdk.language: dotnet
    telemetry.sdk.version: 1.8.1
[03:42:34 INF] User logged in successfully: 9130febb-6e93-4249-b7cc-d31c13d77d76 {"SourceContext": "App.Features.Authentication.LoginCommandHandler", "ActionId": "1aa2aafa-61f1-416c-9cb7-27a0521b9341", "ActionName": "Api.Controllers.AuthController.Login (Api)", "RequestId": "0HNFGSKFKDJCV", "RequestPath": "/api/auth/login", "Application": "Crud.Api"}
Activity.TraceId:            70d59cad5d6047acf6b7fa5ea6cd4ca4
Activity.SpanId:             8f4eb39d7c276ab5
Activity.TraceFlags:         Recorded
Activity.ActivitySourceName: Microsoft.AspNetCore
Activity.DisplayName:        POST api/Auth/login
Activity.Kind:               Server
Activity.StartTime:          2025-09-11T03:42:34.0403970Z
Activity.Duration:           00:00:00.2990901
Activity.Tags:
    server.address: localhost
    http.request.method: POST
    url.scheme: http
    url.path: /api/auth/login
    network.protocol.version: 1.1
    http.route: api/Auth/login
    http.response.status_code: 200
Resource associated with Activity:
    deployment.environment: Testing
    service.name: Crud.Api
    service.version: 1.0.0
    service.instance.id: a483e3f3-32ea-4a50-a508-2cd77b6b2522
    telemetry.sdk.name: opentelemetry
    telemetry.sdk.language: dotnet
    telemetry.sdk.version: 1.8.1
[03:42:34 DBG] Cache miss for key: list:person {"SourceContext": "Infrastructure.Services.Caching.InMemoryCacheService", "ActionId": "1d4e970d-e86a-475a-85f4-704e20320559", "ActionName": "Api.Controllers.PeopleController.List (Api)", "RequestId": "0HNFGSKFKDJD0", "RequestPath": "/api/people", "Application": "Crud.Api"}
[03:42:34 DBG] Set cache value for key: list:person {"SourceContext": "Infrastructure.Services.Caching.InMemoryCacheService", "ActionId": "1d4e970d-e86a-475a-85f4-704e20320559", "ActionName": "Api.Controllers.PeopleController.List (Api)", "RequestId": "0HNFGSKFKDJD0", "RequestPath": "/api/people", "Application": "Crud.Api"}
Activity.TraceId:            ee9210447e6a8a7da119e1f93f15ecab
Activity.SpanId:             684aa9b390674430
Activity.TraceFlags:         Recorded
Activity.ActivitySourceName: Microsoft.AspNetCore
Activity.DisplayName:        GET api/People
Activity.Kind:               Server
Activity.StartTime:          2025-09-11T03:42:34.3397590Z
Activity.Duration:           00:00:00.0092395
Activity.Tags:
    server.address: localhost
    http.request.method: GET
    url.scheme: http
    url.path: /api/people
    network.protocol.version: 1.1
    http.route: api/People
    http.response.status_code: 200
Resource associated with Activity:
    deployment.environment: Testing
    service.name: Crud.Api
    service.version: 1.0.0
    service.instance.id: a483e3f3-32ea-4a50-a508-2cd77b6b2522
    telemetry.sdk.name: opentelemetry
    telemetry.sdk.language: dotnet
    telemetry.sdk.version: 1.8.1
[03:42:34 DBG] Removed cache value for key: entity:person:abc6766418b141cc86651d4cd49c4080 {"SourceContext": "Infrastructure.Services.Caching.InMemoryCacheService", "ActionId": "83c32170-899b-4f5b-b223-30426feca786", "ActionName": "Api.Controllers.PeopleController.Create (Api)", "RequestId": "0HNFGSKFKDJD1", "RequestPath": "/api/people", "Application": "Crud.Api"}
[03:42:34 DBG] Removed cache value for key: list:person {"SourceContext": "Infrastructure.Services.Caching.InMemoryCacheService", "ActionId": "83c32170-899b-4f5b-b223-30426feca786", "ActionName": "Api.Controllers.PeopleController.Create (Api)", "RequestId": "0HNFGSKFKDJD1", "RequestPath": "/api/people", "Application": "Crud.Api"}
[03:42:34 DBG] Invalidating cache for entity type: people with tag: people {"SourceContext": "Api.Services.OutputCacheInvalidationService", "ActionId": "83c32170-899b-4f5b-b223-30426feca786", "ActionName": "Api.Controllers.PeopleController.Create (Api)", "RequestId": "0HNFGSKFKDJD1", "RequestPath": "/api/people", "Application": "Crud.Api"}
[03:42:34 INF] Successfully invalidated cache for entity type: people {"SourceContext": "Api.Services.OutputCacheInvalidationService", "ActionId": "83c32170-899b-4f5b-b223-30426feca786", "ActionName": "Api.Controllers.PeopleController.Create (Api)", "RequestId": "0HNFGSKFKDJD1", "RequestPath": "/api/people", "Application": "Crud.Api"}
Activity.TraceId:            481802943534b07fe2219e9aeb8837d6
Activity.SpanId:             ed8e37b12399a20b
Activity.TraceFlags:         Recorded
Activity.ActivitySourceName: Microsoft.AspNetCore
Activity.DisplayName:        POST api/People
Activity.Kind:               Server
Activity.StartTime:          2025-09-11T03:42:34.3499097Z
Activity.Duration:           00:00:00.0087763
Activity.Tags:
    server.address: localhost
    http.request.method: POST
    url.scheme: http
    url.path: /api/people
    network.protocol.version: 1.1
    http.route: api/People
    http.response.status_code: 201
Resource associated with Activity:
    deployment.environment: Testing
    service.name: Crud.Api
    service.version: 1.0.0
    service.instance.id: a483e3f3-32ea-4a50-a508-2cd77b6b2522
    telemetry.sdk.name: opentelemetry
    telemetry.sdk.language: dotnet
    telemetry.sdk.version: 1.8.1
[03:42:34 DBG] Cache miss for key: list:person {"SourceContext": "Infrastructure.Services.Caching.InMemoryCacheService", "ActionId": "1d4e970d-e86a-475a-85f4-704e20320559", "ActionName": "Api.Controllers.PeopleController.List (Api)", "RequestId": "0HNFGSKFKDJD2", "RequestPath": "/api/people", "Application": "Crud.Api"}
[03:42:34 DBG] Set cache value for key: list:person {"SourceContext": "Infrastructure.Services.Caching.InMemoryCacheService", "ActionId": "1d4e970d-e86a-475a-85f4-704e20320559", "ActionName": "Api.Controllers.PeopleController.List (Api)", "RequestId": "0HNFGSKFKDJD2", "RequestPath": "/api/people", "Application": "Crud.Api"}
Activity.TraceId:            5a46791a97316d4dcb6798484a24d4c7
Activity.SpanId:             c3fbd4c7f4fa5b80
Activity.TraceFlags:         Recorded
Activity.ActivitySourceName: Microsoft.AspNetCore
Activity.DisplayName:        GET api/People
Activity.Kind:               Server
Activity.StartTime:          2025-09-11T03:42:34.3587573Z
Activity.Duration:           00:00:00.0016566
Activity.Tags:
    server.address: localhost
    http.request.method: GET
    url.scheme: http
    url.path: /api/people
    network.protocol.version: 1.1
    http.route: api/People
    http.response.status_code: 200
Resource associated with Activity:
    deployment.environment: Testing
    service.name: Crud.Api
    service.version: 1.0.0
    service.instance.id: a483e3f3-32ea-4a50-a508-2cd77b6b2522
    telemetry.sdk.name: opentelemetry
    telemetry.sdk.language: dotnet
    telemetry.sdk.version: 1.8.1
[03:42:34 INF] Resetting database for worker 7855 {"SourceContext": "Infrastructure.Services.DatabaseTestService", "Application": "Crud.Api"}
[03:42:34 INF] Resetting database via file deletion for worker 7855 in CI environment {"SourceContext": "Infrastructure.Services.DatabaseTestService", "Application": "Crud.Api"}
[03:42:34 INF] Acquiring database mutex for worker 7855... {"SourceContext": "Infrastructure.Services.DatabaseTestService", "Application": "Crud.Api"}
[03:42:34 INF] Database mutex acquired for worker 7855 {"SourceContext": "Infrastructure.Services.DatabaseTestService", "Application": "Crud.Api"}
[03:42:34 INF] Current database state - CanConnect: True {"SourceContext": "Infrastructure.Services.DatabaseTestService", "Application": "Crud.Api"}
[03:42:34 INF] [Phase 0] Closing database connection for worker 7855... {"SourceContext": "Infrastructure.Services.DatabaseTestService", "Application": "Crud.Api"}
[03:42:34 INF] [Phase 0] Connection closed in 0.0013ms {"SourceContext": "Infrastructure.Services.DatabaseTestService", "Application": "Crud.Api"}
[03:42:34 INF] [Phase 1] Starting EnsureDeletedAsync for worker 7855... {"SourceContext": "Infrastructure.Services.DatabaseTestService", "Application": "Crud.Api"}
[03:42:34 INF] [Phase 1] EnsureDeletedAsync completed in 1.3677ms {"SourceContext": "Infrastructure.Services.DatabaseTestService", "Application": "Crud.Api"}
[03:42:34 INF] [Phase 2] Starting EnsureCreatedAsync for worker 7855... {"SourceContext": "Infrastructure.Services.DatabaseTestService", "Application": "Crud.Api"}
[03:42:34 INF] [Phase 2] EnsureCreatedAsync completed in 7.6022ms {"SourceContext": "Infrastructure.Services.DatabaseTestService", "Application": "Crud.Api"}
[03:42:34 INF] [Phase 3] Skipping database seeding as requested for worker 7855 {"SourceContext": "Infrastructure.Services.DatabaseTestService", "Application": "Crud.Api"}
[03:42:34 INF] Database reset via file deletion completed for worker 7855 in 109.3053ms (Close: 0.0013ms, Delete: 1.3677ms, Create: 7.6022ms) {"SourceContext": "Infrastructure.Services.DatabaseTestService", "Application": "Crud.Api"}
[03:42:34 INF] Releasing database mutex for worker 7855 {"SourceContext": "Infrastructure.Services.DatabaseTestService", "Application": "Crud.Api"}
[03:42:34 INF] Resetting database for worker 7855 {"SourceContext": "Infrastructure.Services.DatabaseTestService", "Application": "Crud.Api"}
[03:42:34 INF] Resetting database via file deletion for worker 7855 in CI environment {"SourceContext": "Infrastructure.Services.DatabaseTestService", "Application": "Crud.Api"}
[03:42:34 INF] Acquiring database mutex for worker 7855... {"SourceContext": "Infrastructure.Services.DatabaseTestService", "Application": "Crud.Api"}
[03:42:34 INF] Database mutex acquired for worker 7855 {"SourceContext": "Infrastructure.Services.DatabaseTestService", "Application": "Crud.Api"}
[03:42:34 INF] Current database state - CanConnect: True {"SourceContext": "Infrastructure.Services.DatabaseTestService", "Application": "Crud.Api"}
[03:42:34 INF] [Phase 0] Closing database connection for worker 7855... {"SourceContext": "Infrastructure.Services.DatabaseTestService", "Application": "Crud.Api"}
[03:42:34 INF] [Phase 0] Connection closed in 0.0015ms {"SourceContext": "Infrastructure.Services.DatabaseTestService", "Application": "Crud.Api"}
[03:42:34 INF] [Phase 1] Starting EnsureDeletedAsync for worker 7855... {"SourceContext": "Infrastructure.Services.DatabaseTestService", "Application": "Crud.Api"}
[03:42:34 INF] [Phase 1] EnsureDeletedAsync completed in 1.5216ms {"SourceContext": "Infrastructure.Services.DatabaseTestService", "Application": "Crud.Api"}
[03:42:34 INF] [Phase 2] Starting EnsureCreatedAsync for worker 7855... {"SourceContext": "Infrastructure.Services.DatabaseTestService", "Application": "Crud.Api"}
[03:42:34 INF] [Phase 2] EnsureCreatedAsync completed in 7.9887ms {"SourceContext": "Infrastructure.Services.DatabaseTestService", "Application": "Crud.Api"}
[03:42:34 INF] [Phase 3] Skipping database seeding as requested for worker 7855 {"SourceContext": "Infrastructure.Services.DatabaseTestService", "Application": "Crud.Api"}
[03:42:34 INF] Database reset via file deletion completed for worker 7855 in 110.5321ms (Close: 0.0015ms, Delete: 1.5216ms, Create: 7.9887ms) {"SourceContext": "Infrastructure.Services.DatabaseTestService", "Application": "Crud.Api"}
[03:42:34 INF] Releasing database mutex for worker 7855 {"SourceContext": "Infrastructure.Services.DatabaseTestService", "Application": "Crud.Api"}
[03:42:34 INF] User registered successfully: a225214b-1eb8-4858-9985-b3a455ef42d2 {"SourceContext": "App.Features.Authentication.RegisterUserCommandHandler", "ActionId": "81649099-f762-4cfc-8f85-9398da66953d", "ActionName": "Api.Controllers.AuthController.Register (Api)", "RequestId": "0HNFGSKFKDJD3", "RequestPath": "/api/auth/register", "Application": "Crud.Api"}
Activity.TraceId:            1d5366d2fe3bebd9001005d6d530617f
Activity.SpanId:             4469d7ef18865355
Activity.TraceFlags:         Recorded
Activity.ActivitySourceName: Microsoft.AspNetCore
Activity.DisplayName:        POST api/Auth/register
Activity.Kind:               Server
Activity.StartTime:          2025-09-11T03:42:34.5857424Z
Activity.Duration:           00:00:00.3005237
Activity.Tags:
    server.address: localhost
    http.request.method: POST
    url.scheme: http
    url.path: /api/auth/register
    network.protocol.version: 1.1
    http.route: api/Auth/register
    http.response.status_code: 200
Resource associated with Activity:
    deployment.environment: Testing
    service.name: Crud.Api
    service.version: 1.0.0
    service.instance.id: a483e3f3-32ea-4a50-a508-2cd77b6b2522
    telemetry.sdk.name: opentelemetry
    telemetry.sdk.language: dotnet
    telemetry.sdk.version: 1.8.1
[03:42:35 INF] User registered successfully: 9575f101-03e9-4691-a159-a9ff6f9f0daa {"SourceContext": "App.Features.Authentication.RegisterUserCommandHandler", "ActionId": "81649099-f762-4cfc-8f85-9398da66953d", "ActionName": "Api.Controllers.AuthController.Register (Api)", "RequestId": "0HNFGSKFKDJD4", "RequestPath": "/api/auth/register", "Application": "Crud.Api"}
Activity.TraceId:            062a28e2105c11f4eccd8671ada69122
Activity.SpanId:             cc00f404f3de5e36
Activity.TraceFlags:         Recorded
Activity.ActivitySourceName: Microsoft.AspNetCore
Activity.DisplayName:        POST api/Auth/register
Activity.Kind:               Server
Activity.StartTime:          2025-09-11T03:42:34.8869339Z
Activity.Duration:           00:00:00.3025535
Activity.Tags:
    server.address: localhost
    http.request.method: POST
    url.scheme: http
    url.path: /api/auth/register
    network.protocol.version: 1.1
    http.route: api/Auth/register
    http.response.status_code: 200
Resource associated with Activity:
    deployment.environment: Testing
    service.name: Crud.Api
    service.version: 1.0.0
    service.instance.id: a483e3f3-32ea-4a50-a508-2cd77b6b2522
    telemetry.sdk.name: opentelemetry
    telemetry.sdk.language: dotnet
    telemetry.sdk.version: 1.8.1
[03:42:35 INF] User logged in successfully: 9575f101-03e9-4691-a159-a9ff6f9f0daa {"SourceContext": "App.Features.Authentication.LoginCommandHandler", "ActionId": "1aa2aafa-61f1-416c-9cb7-27a0521b9341", "ActionName": "Api.Controllers.AuthController.Login (Api)", "RequestId": "0HNFGSKFKDJD5", "RequestPath": "/api/auth/login", "Application": "Crud.Api"}
Activity.TraceId:            5bd384f59ec3894887cc5baada492edc
Activity.SpanId:             9ae625dd3f2b59c4
Activity.TraceFlags:         Recorded
Activity.ActivitySourceName: Microsoft.AspNetCore
Activity.DisplayName:        POST api/Auth/login
Activity.Kind:               Server
Activity.StartTime:          2025-09-11T03:42:35.1905504Z
Activity.Duration:           00:00:00.3002618
Activity.Tags:
    server.address: localhost
    http.request.method: POST
    url.scheme: http
    url.path: /api/auth/login
    network.protocol.version: 1.1
    http.route: api/Auth/login
    http.response.status_code: 200
Resource associated with Activity:
    deployment.environment: Testing
    service.name: Crud.Api
    service.version: 1.0.0
    service.instance.id: a483e3f3-32ea-4a50-a508-2cd77b6b2522
    telemetry.sdk.name: opentelemetry
    telemetry.sdk.language: dotnet
    telemetry.sdk.version: 1.8.1
[03:42:35 DBG] Cache miss for key: list:role {"SourceContext": "Infrastructure.Services.Caching.InMemoryCacheService", "ActionId": "28154185-638d-4a6c-8d9f-273175cc2bcb", "ActionName": "Api.Controllers.RolesController.List (Api)", "RequestId": "0HNFGSKFKDJD6", "RequestPath": "/api/roles", "Application": "Crud.Api"}
[03:42:35 DBG] Set cache value for key: list:role {"SourceContext": "Infrastructure.Services.Caching.InMemoryCacheService", "ActionId": "28154185-638d-4a6c-8d9f-273175cc2bcb", "ActionName": "Api.Controllers.RolesController.List (Api)", "RequestId": "0HNFGSKFKDJD6", "RequestPath": "/api/roles", "Application": "Crud.Api"}
Activity.TraceId:            64f1fdf7bc0b9e100edc927d05402300
Activity.SpanId:             bd8d74d30419bff3
Activity.TraceFlags:         Recorded
Activity.ActivitySourceName: Microsoft.AspNetCore
Activity.DisplayName:        GET api/Roles
Activity.Kind:               Server
Activity.StartTime:          2025-09-11T03:42:35.4911497Z
Activity.Duration:           00:00:00.0063017
Activity.Tags:
    server.address: localhost
    http.request.method: GET
    url.scheme: http
    url.path: /api/roles
    network.protocol.version: 1.1
    http.route: api/Roles
    http.response.status_code: 200
Resource associated with Activity:
    deployment.environment: Testing
    service.name: Crud.Api
    service.version: 1.0.0
    service.instance.id: a483e3f3-32ea-4a50-a508-2cd77b6b2522
    telemetry.sdk.name: opentelemetry
    telemetry.sdk.language: dotnet
    telemetry.sdk.version: 1.8.1
[03:42:35 DBG] Cache miss for key: name:role:new_role {"SourceContext": "Infrastructure.Services.Caching.InMemoryCacheService", "ActionId": "26a9e185-f15f-4ca8-b8e2-475afc964488", "ActionName": "Api.Controllers.RolesController.Create (Api)", "RequestId": "0HNFGSKFKDJD7", "RequestPath": "/api/roles", "Application": "Crud.Api"}
[03:42:35 DBG] Removed cache value for key: entity:role:bc0a265dc571406092068ff9afbe6409 {"SourceContext": "Infrastructure.Services.Caching.InMemoryCacheService", "ActionId": "26a9e185-f15f-4ca8-b8e2-475afc964488", "ActionName": "Api.Controllers.RolesController.Create (Api)", "RequestId": "0HNFGSKFKDJD7", "RequestPath": "/api/roles", "Application": "Crud.Api"}
[03:42:35 DBG] Removed cache value for key: list:role {"SourceContext": "Infrastructure.Services.Caching.InMemoryCacheService", "ActionId": "26a9e185-f15f-4ca8-b8e2-475afc964488", "ActionName": "Api.Controllers.RolesController.Create (Api)", "RequestId": "0HNFGSKFKDJD7", "RequestPath": "/api/roles", "Application": "Crud.Api"}
[03:42:35 DBG] Invalidating cache for entity type: roles with tag: roles {"SourceContext": "Api.Services.OutputCacheInvalidationService", "ActionId": "26a9e185-f15f-4ca8-b8e2-475afc964488", "ActionName": "Api.Controllers.RolesController.Create (Api)", "RequestId": "0HNFGSKFKDJD7", "RequestPath": "/api/roles", "Application": "Crud.Api"}
[03:42:35 INF] Successfully invalidated cache for entity type: roles {"SourceContext": "Api.Services.OutputCacheInvalidationService", "ActionId": "26a9e185-f15f-4ca8-b8e2-475afc964488", "ActionName": "Api.Controllers.RolesController.Create (Api)", "RequestId": "0HNFGSKFKDJD7", "RequestPath": "/api/roles", "Application": "Crud.Api"}
Activity.TraceId:            72356d7cfc5bde7eab8594272e14dc95
Activity.SpanId:             8a900b26c8f93940
Activity.TraceFlags:         Recorded
Activity.ActivitySourceName: Microsoft.AspNetCore
Activity.DisplayName:        POST api/Roles
Activity.Kind:               Server
Activity.StartTime:          2025-09-11T03:42:35.4981162Z
Activity.Duration:           00:00:00.0061626
Activity.Tags:
    server.address: localhost
    http.request.method: POST
    url.scheme: http
    url.path: /api/roles
    network.protocol.version: 1.1
    http.route: api/Roles
    http.response.status_code: 201
Resource associated with Activity:
    deployment.environment: Testing
    service.name: Crud.Api
    service.version: 1.0.0
    service.instance.id: a483e3f3-32ea-4a50-a508-2cd77b6b2522
    telemetry.sdk.name: opentelemetry
    telemetry.sdk.language: dotnet
    telemetry.sdk.version: 1.8.1
[03:42:35 DBG] Cache miss for key: list:role {"SourceContext": "Infrastructure.Services.Caching.InMemoryCacheService", "ActionId": "28154185-638d-4a6c-8d9f-273175cc2bcb", "ActionName": "Api.Controllers.RolesController.List (Api)", "RequestId": "0HNFGSKFKDJD8", "RequestPath": "/api/roles", "Application": "Crud.Api"}
[03:42:35 DBG] Set cache value for key: list:role {"SourceContext": "Infrastructure.Services.Caching.InMemoryCacheService", "ActionId": "28154185-638d-4a6c-8d9f-273175cc2bcb", "ActionName": "Api.Controllers.RolesController.List (Api)", "RequestId": "0HNFGSKFKDJD8", "RequestPath": "/api/roles", "Application": "Crud.Api"}
Activity.TraceId:            86d000feaadae5b823fa2f761895b0dd
Activity.SpanId:             d7eea13e05257aba
Activity.TraceFlags:         Recorded
Activity.ActivitySourceName: Microsoft.AspNetCore
Activity.DisplayName:        GET api/Roles
Activity.Kind:               Server
Activity.StartTime:          2025-09-11T03:42:35.5043075Z
Activity.Duration:           00:00:00.0006368
Activity.Tags:
    server.address: localhost
    http.request.method: GET
    url.scheme: http
    url.path: /api/roles
    network.protocol.version: 1.1
    http.route: api/Roles
    http.response.status_code: 200
Resource associated with Activity:
    deployment.environment: Testing
    service.name: Crud.Api
    service.version: 1.0.0
    service.instance.id: a483e3f3-32ea-4a50-a508-2cd77b6b2522
    telemetry.sdk.name: opentelemetry
    telemetry.sdk.language: dotnet
    telemetry.sdk.version: 1.8.1
[03:42:35 INF] Resetting database for worker 7855 {"SourceContext": "Infrastructure.Services.DatabaseTestService", "Application": "Crud.Api"}
[03:42:35 INF] Resetting database via file deletion for worker 7855 in CI environment {"SourceContext": "Infrastructure.Services.DatabaseTestService", "Application": "Crud.Api"}
[03:42:35 INF] Acquiring database mutex for worker 7855... {"SourceContext": "Infrastructure.Services.DatabaseTestService", "Application": "Crud.Api"}
[03:42:35 INF] Database mutex acquired for worker 7855 {"SourceContext": "Infrastructure.Services.DatabaseTestService", "Application": "Crud.Api"}
[03:42:35 INF] Current database state - CanConnect: True {"SourceContext": "Infrastructure.Services.DatabaseTestService", "Application": "Crud.Api"}
[03:42:35 INF] [Phase 0] Closing database connection for worker 7855... {"SourceContext": "Infrastructure.Services.DatabaseTestService", "Application": "Crud.Api"}
[03:42:35 INF] [Phase 0] Connection closed in 0.0014ms {"SourceContext": "Infrastructure.Services.DatabaseTestService", "Application": "Crud.Api"}
[03:42:35 INF] [Phase 1] Starting EnsureDeletedAsync for worker 7855... {"SourceContext": "Infrastructure.Services.DatabaseTestService", "Application": "Crud.Api"}
[03:42:35 INF] [Phase 1] EnsureDeletedAsync completed in 1.5285ms {"SourceContext": "Infrastructure.Services.DatabaseTestService", "Application": "Crud.Api"}
[03:42:35 INF] [Phase 2] Starting EnsureCreatedAsync for worker 7855... {"SourceContext": "Infrastructure.Services.DatabaseTestService", "Application": "Crud.Api"}
[03:42:35 INF] [Phase 2] EnsureCreatedAsync completed in 7.0207ms {"SourceContext": "Infrastructure.Services.DatabaseTestService", "Application": "Crud.Api"}
[03:42:35 INF] [Phase 3] Skipping database seeding as requested for worker 7855 {"SourceContext": "Infrastructure.Services.DatabaseTestService", "Application": "Crud.Api"}
[03:42:35 INF] Database reset via file deletion completed for worker 7855 in 109.3204ms (Close: 0.0014ms, Delete: 1.5285ms, Create: 7.0207ms) {"SourceContext": "Infrastructure.Services.DatabaseTestService", "Application": "Crud.Api"}
[03:42:35 INF] Releasing database mutex for worker 7855 {"SourceContext": "Infrastructure.Services.DatabaseTestService", "Application": "Crud.Api"}
[03:42:35 INF] Resetting database for worker 7855 {"SourceContext": "Infrastructure.Services.DatabaseTestService", "Application": "Crud.Api"}
[03:42:35 INF] Resetting database via file deletion for worker 7855 in CI environment {"SourceContext": "Infrastructure.Services.DatabaseTestService", "Application": "Crud.Api"}
[03:42:35 INF] Acquiring database mutex for worker 7855... {"SourceContext": "Infrastructure.Services.DatabaseTestService", "Application": "Crud.Api"}
[03:42:35 INF] Database mutex acquired for worker 7855 {"SourceContext": "Infrastructure.Services.DatabaseTestService", "Application": "Crud.Api"}
[03:42:35 INF] Current database state - CanConnect: True {"SourceContext": "Infrastructure.Services.DatabaseTestService", "Application": "Crud.Api"}
[03:42:35 INF] [Phase 0] Closing database connection for worker 7855... {"SourceContext": "Infrastructure.Services.DatabaseTestService", "Application": "Crud.Api"}
[03:42:35 INF] [Phase 0] Connection closed in 0.0012ms {"SourceContext": "Infrastructure.Services.DatabaseTestService", "Application": "Crud.Api"}
[03:42:35 INF] [Phase 1] Starting EnsureDeletedAsync for worker 7855... {"SourceContext": "Infrastructure.Services.DatabaseTestService", "Application": "Crud.Api"}
[03:42:35 INF] [Phase 1] EnsureDeletedAsync completed in 1.504ms {"SourceContext": "Infrastructure.Services.DatabaseTestService", "Application": "Crud.Api"}
[03:42:35 INF] [Phase 2] Starting EnsureCreatedAsync for worker 7855... {"SourceContext": "Infrastructure.Services.DatabaseTestService", "Application": "Crud.Api"}
[03:42:35 INF] [Phase 2] EnsureCreatedAsync completed in 7.5434ms {"SourceContext": "Infrastructure.Services.DatabaseTestService", "Application": "Crud.Api"}
[03:42:35 INF] [Phase 3] Skipping database seeding as requested for worker 7855 {"SourceContext": "Infrastructure.Services.DatabaseTestService", "Application": "Crud.Api"}
[03:42:35 INF] Database reset via file deletion completed for worker 7855 in 109.7658ms (Close: 0.0012ms, Delete: 1.504ms, Create: 7.5434ms) {"SourceContext": "Infrastructure.Services.DatabaseTestService", "Application": "Crud.Api"}
[03:42:35 INF] Releasing database mutex for worker 7855 {"SourceContext": "Infrastructure.Services.DatabaseTestService", "Application": "Crud.Api"}
[03:42:36 INF] User registered successfully: a87365ae-6e52-4aae-926d-516039d1014c {"SourceContext": "App.Features.Authentication.RegisterUserCommandHandler", "ActionId": "81649099-f762-4cfc-8f85-9398da66953d", "ActionName": "Api.Controllers.AuthController.Register (Api)", "RequestId": "0HNFGSKFKDJD9", "RequestPath": "/api/auth/register", "Application": "Crud.Api"}
Activity.TraceId:            46c6e118f8c3449d60450c4e36dd4af3
Activity.SpanId:             1616fe28481f0a77
Activity.TraceFlags:         Recorded
Activity.ActivitySourceName: Microsoft.AspNetCore
Activity.DisplayName:        POST api/Auth/register
Activity.Kind:               Server
Activity.StartTime:          2025-09-11T03:42:35.7293752Z
Activity.Duration:           00:00:00.2985838
Activity.Tags:
    server.address: localhost
    http.request.method: POST
    url.scheme: http
    url.path: /api/auth/register
    network.protocol.version: 1.1
    http.route: api/Auth/register
    http.response.status_code: 200
Resource associated with Activity:
    deployment.environment: Testing
    service.name: Crud.Api
    service.version: 1.0.0
    service.instance.id: a483e3f3-32ea-4a50-a508-2cd77b6b2522
    telemetry.sdk.name: opentelemetry
    telemetry.sdk.language: dotnet
    telemetry.sdk.version: 1.8.1
[03:42:36 INF] User registered successfully: 77844085-ad89-4ada-9608-8e5ab5e020e7 {"SourceContext": "App.Features.Authentication.RegisterUserCommandHandler", "ActionId": "81649099-f762-4cfc-8f85-9398da66953d", "ActionName": "Api.Controllers.AuthController.Register (Api)", "RequestId": "0HNFGSKFKDJDA", "RequestPath": "/api/auth/register", "Application": "Crud.Api"}
Activity.TraceId:            66e21c4e7a11148d7b5b061874fca907
Activity.SpanId:             ef08f37d1fa99c67
Activity.TraceFlags:         Recorded
Activity.ActivitySourceName: Microsoft.AspNetCore
Activity.DisplayName:        POST api/Auth/register
Activity.Kind:               Server
Activity.StartTime:          2025-09-11T03:42:36.0289549Z
Activity.Duration:           00:00:00.2984641
Activity.Tags:
    server.address: localhost
    http.request.method: POST
    url.scheme: http
    url.path: /api/auth/register
    network.protocol.version: 1.1
    http.route: api/Auth/register
    http.response.status_code: 200
Resource associated with Activity:
    deployment.environment: Testing
    service.name: Crud.Api
    service.version: 1.0.0
    service.instance.id: a483e3f3-32ea-4a50-a508-2cd77b6b2522
    telemetry.sdk.name: opentelemetry
    telemetry.sdk.language: dotnet
    telemetry.sdk.version: 1.8.1
[03:42:36 INF] User logged in successfully: 77844085-ad89-4ada-9608-8e5ab5e020e7 {"SourceContext": "App.Features.Authentication.LoginCommandHandler", "ActionId": "1aa2aafa-61f1-416c-9cb7-27a0521b9341", "ActionName": "Api.Controllers.AuthController.Login (Api)", "RequestId": "0HNFGSKFKDJDB", "RequestPath": "/api/auth/login", "Application": "Crud.Api"}
Activity.TraceId:            4c758970a9452b3e1ae9e6d090538806
Activity.SpanId:             65622905cc91b174
Activity.TraceFlags:         Recorded
Activity.ActivitySourceName: Microsoft.AspNetCore
Activity.DisplayName:        POST api/Auth/login
Activity.Kind:               Server
Activity.StartTime:          2025-09-11T03:42:36.3284628Z
Activity.Duration:           00:00:00.2988539
Activity.Tags:
    server.address: localhost
    http.request.method: POST
    url.scheme: http
    url.path: /api/auth/login
    network.protocol.version: 1.1
    http.route: api/Auth/login
    http.response.status_code: 200
Resource associated with Activity:
    deployment.environment: Testing
    service.name: Crud.Api
    service.version: 1.0.0
    service.instance.id: a483e3f3-32ea-4a50-a508-2cd77b6b2522
    telemetry.sdk.name: opentelemetry
    telemetry.sdk.language: dotnet
    telemetry.sdk.version: 1.8.1
[03:42:36 DBG] Cache hit for key: list:person {"SourceContext": "Infrastructure.Services.Caching.InMemoryCacheService", "ActionId": "1d4e970d-e86a-475a-85f4-704e20320559", "ActionName": "Api.Controllers.PeopleController.List (Api)", "RequestId": "0HNFGSKFKDJDC", "RequestPath": "/api/people", "Application": "Crud.Api"}
Activity.TraceId:            6de2e64741f2545bdda634b337c06512
Activity.SpanId:             c96e436ad3192344
Activity.TraceFlags:         Recorded
Activity.ActivitySourceName: Microsoft.AspNetCore
Activity.DisplayName:        GET api/People
Activity.Kind:               Server
Activity.StartTime:          2025-09-11T03:42:36.6276208Z
Activity.Duration:           00:00:00.0018737
Activity.Tags:
    server.address: localhost
    http.request.method: GET
    url.scheme: http
    url.path: /api/people
    network.protocol.version: 1.1
    http.route: api/People
    http.response.status_code: 200
Resource associated with Activity:
    deployment.environment: Testing
    service.name: Crud.Api
    service.version: 1.0.0
    service.instance.id: a483e3f3-32ea-4a50-a508-2cd77b6b2522
    telemetry.sdk.name: opentelemetry
    telemetry.sdk.language: dotnet
    telemetry.sdk.version: 1.8.1
[03:42:36 DBG] Removed cache value for key: entity:person:4e87ae8cbdb34a058c6d22dfd3b3d178 {"SourceContext": "Infrastructure.Services.Caching.InMemoryCacheService", "ActionId": "64f65e5b-5d8c-400b-8c12-20daaf1595a5", "ActionName": "Api.Controllers.PeopleController.Delete (Api)", "RequestId": "0HNFGSKFKDJDD", "RequestPath": "/api/people/4e87ae8c-bdb3-4a05-8c6d-22dfd3b3d178", "Application": "Crud.Api"}
[03:42:36 DBG] Removed cache value for key: list:person {"SourceContext": "Infrastructure.Services.Caching.InMemoryCacheService", "ActionId": "64f65e5b-5d8c-400b-8c12-20daaf1595a5", "ActionName": "Api.Controllers.PeopleController.Delete (Api)", "RequestId": "0HNFGSKFKDJDD", "RequestPath": "/api/people/4e87ae8c-bdb3-4a05-8c6d-22dfd3b3d178", "Application": "Crud.Api"}
[03:42:36 DBG] Invalidating cache for entity: people/4e87ae8c-bdb3-4a05-8c6d-22dfd3b3d178 with tags: people, people:4e87ae8c-bdb3-4a05-8c6d-22dfd3b3d178 {"SourceContext": "Api.Services.OutputCacheInvalidationService", "ActionId": "64f65e5b-5d8c-400b-8c12-20daaf1595a5", "ActionName": "Api.Controllers.PeopleController.Delete (Api)", "RequestId": "0HNFGSKFKDJDD", "RequestPath": "/api/people/4e87ae8c-bdb3-4a05-8c6d-22dfd3b3d178", "Application": "Crud.Api"}
[03:42:36 DBG] Successfully invalidated cache for tag: people {"SourceContext": "Api.Services.OutputCacheInvalidationService", "ActionId": "64f65e5b-5d8c-400b-8c12-20daaf1595a5", "ActionName": "Api.Controllers.PeopleController.Delete (Api)", "RequestId": "0HNFGSKFKDJDD", "RequestPath": "/api/people/4e87ae8c-bdb3-4a05-8c6d-22dfd3b3d178", "Application": "Crud.Api"}
[03:42:36 DBG] Successfully invalidated cache for tag: people:4e87ae8c-bdb3-4a05-8c6d-22dfd3b3d178 {"SourceContext": "Api.Services.OutputCacheInvalidationService", "ActionId": "64f65e5b-5d8c-400b-8c12-20daaf1595a5", "ActionName": "Api.Controllers.PeopleController.Delete (Api)", "RequestId": "0HNFGSKFKDJDD", "RequestPath": "/api/people/4e87ae8c-bdb3-4a05-8c6d-22dfd3b3d178", "Application": "Crud.Api"}
Activity.TraceId:            7f379667be6748dd2b83dc05698b998f
Activity.SpanId:             87d3b82b34d089e2
Activity.TraceFlags:         Recorded
Activity.ActivitySourceName: Microsoft.AspNetCore
Activity.DisplayName:        DELETE api/People/{id:guid}
Activity.Kind:               Server
Activity.StartTime:          2025-09-11T03:42:36.6296181Z
Activity.Duration:           00:00:00.0090605
Activity.Tags:
    server.address: localhost
    http.request.method: DELETE
    url.scheme: http
    url.path: /api/people/4e87ae8c-bdb3-4a05-8c6d-22dfd3b3d178
    network.protocol.version: 1.1
    http.route: api/People/{id:guid}
    http.response.status_code: 204
Resource associated with Activity:
    deployment.environment: Testing
    service.name: Crud.Api
    service.version: 1.0.0
    service.instance.id: a483e3f3-32ea-4a50-a508-2cd77b6b2522
    telemetry.sdk.name: opentelemetry
    telemetry.sdk.language: dotnet
    telemetry.sdk.version: 1.8.1
[03:42:36 DBG] Cache miss for key: list:person {"SourceContext": "Infrastructure.Services.Caching.InMemoryCacheService", "ActionId": "1d4e970d-e86a-475a-85f4-704e20320559", "ActionName": "Api.Controllers.PeopleController.List (Api)", "RequestId": "0HNFGSKFKDJDE", "RequestPath": "/api/people", "Application": "Crud.Api"}
[03:42:36 DBG] Set cache value for key: list:person {"SourceContext": "Infrastructure.Services.Caching.InMemoryCacheService", "ActionId": "1d4e970d-e86a-475a-85f4-704e20320559", "ActionName": "Api.Controllers.PeopleController.List (Api)", "RequestId": "0HNFGSKFKDJDE", "RequestPath": "/api/people", "Application": "Crud.Api"}
Activity.TraceId:            7ab8a4d1989118fc3ea652e505f0ea9e
Activity.SpanId:             1f2d5ac474e5bcf5
Activity.TraceFlags:         Recorded
Activity.ActivitySourceName: Microsoft.AspNetCore
Activity.DisplayName:        GET api/People
Activity.Kind:               Server
Activity.StartTime:          2025-09-11T03:42:36.6387252Z
Activity.Duration:           00:00:00.0007704
Activity.Tags:
    server.address: localhost
    http.request.method: GET
    url.scheme: http
    url.path: /api/people
    network.protocol.version: 1.1
    http.route: api/People
    http.response.status_code: 200
Resource associated with Activity:
    deployment.environment: Testing
    service.name: Crud.Api
    service.version: 1.0.0
    service.instance.id: a483e3f3-32ea-4a50-a508-2cd77b6b2522
    telemetry.sdk.name: opentelemetry
    telemetry.sdk.language: dotnet
    telemetry.sdk.version: 1.8.1
[03:42:36 INF] Resetting database for worker 7855 {"SourceContext": "Infrastructure.Services.DatabaseTestService", "Application": "Crud.Api"}
[03:42:36 INF] Resetting database via file deletion for worker 7855 in CI environment {"SourceContext": "Infrastructure.Services.DatabaseTestService", "Application": "Crud.Api"}
[03:42:36 INF] Acquiring database mutex for worker 7855... {"SourceContext": "Infrastructure.Services.DatabaseTestService", "Application": "Crud.Api"}
[03:42:36 INF] Database mutex acquired for worker 7855 {"SourceContext": "Infrastructure.Services.DatabaseTestService", "Application": "Crud.Api"}
[03:42:36 INF] Current database state - CanConnect: True {"SourceContext": "Infrastructure.Services.DatabaseTestService", "Application": "Crud.Api"}
[03:42:36 INF] [Phase 0] Closing database connection for worker 7855... {"SourceContext": "Infrastructure.Services.DatabaseTestService", "Application": "Crud.Api"}
[03:42:36 INF] [Phase 0] Connection closed in 0.0012ms {"SourceContext": "Infrastructure.Services.DatabaseTestService", "Application": "Crud.Api"}
[03:42:36 INF] [Phase 1] Starting EnsureDeletedAsync for worker 7855... {"SourceContext": "Infrastructure.Services.DatabaseTestService", "Application": "Crud.Api"}
[03:42:36 INF] [Phase 1] EnsureDeletedAsync completed in 1.528ms {"SourceContext": "Infrastructure.Services.DatabaseTestService", "Application": "Crud.Api"}
[03:42:36 INF] [Phase 2] Starting EnsureCreatedAsync for worker 7855... {"SourceContext": "Infrastructure.Services.DatabaseTestService", "Application": "Crud.Api"}
[03:42:36 INF] [Phase 2] EnsureCreatedAsync completed in 7.7433ms {"SourceContext": "Infrastructure.Services.DatabaseTestService", "Application": "Crud.Api"}
[03:42:36 INF] [Phase 3] Skipping database seeding as requested for worker 7855 {"SourceContext": "Infrastructure.Services.DatabaseTestService", "Application": "Crud.Api"}
[03:42:36 INF] Database reset via file deletion completed for worker 7855 in 109.2777ms (Close: 0.0012ms, Delete: 1.528ms, Create: 7.7433ms) {"SourceContext": "Infrastructure.Services.DatabaseTestService", "Application": "Crud.Api"}
[03:42:36 INF] Releasing database mutex for worker 7855 {"SourceContext": "Infrastructure.Services.DatabaseTestService", "Application": "Crud.Api"}
[03:42:36 INF] Resetting database for worker 7855 {"SourceContext": "Infrastructure.Services.DatabaseTestService", "Application": "Crud.Api"}
[03:42:36 INF] Resetting database via file deletion for worker 7855 in CI environment {"SourceContext": "Infrastructure.Services.DatabaseTestService", "Application": "Crud.Api"}
[03:42:36 INF] Acquiring database mutex for worker 7855... {"SourceContext": "Infrastructure.Services.DatabaseTestService", "Application": "Crud.Api"}
[03:42:36 INF] Database mutex acquired for worker 7855 {"SourceContext": "Infrastructure.Services.DatabaseTestService", "Application": "Crud.Api"}
[03:42:36 INF] Current database state - CanConnect: True {"SourceContext": "Infrastructure.Services.DatabaseTestService", "Application": "Crud.Api"}
[03:42:36 INF] [Phase 0] Closing database connection for worker 7855... {"SourceContext": "Infrastructure.Services.DatabaseTestService", "Application": "Crud.Api"}
[03:42:36 INF] [Phase 0] Connection closed in 0.0012ms {"SourceContext": "Infrastructure.Services.DatabaseTestService", "Application": "Crud.Api"}
[03:42:36 INF] [Phase 1] Starting EnsureDeletedAsync for worker 7855... {"SourceContext": "Infrastructure.Services.DatabaseTestService", "Application": "Crud.Api"}
[03:42:36 INF] [Phase 1] EnsureDeletedAsync completed in 1.3514ms {"SourceContext": "Infrastructure.Services.DatabaseTestService", "Application": "Crud.Api"}
[03:42:36 INF] [Phase 2] Starting EnsureCreatedAsync for worker 7855... {"SourceContext": "Infrastructure.Services.DatabaseTestService", "Application": "Crud.Api"}
[03:42:36 INF] [Phase 2] EnsureCreatedAsync completed in 7.6854ms {"SourceContext": "Infrastructure.Services.DatabaseTestService", "Application": "Crud.Api"}
[03:42:36 INF] [Phase 3] Skipping database seeding as requested for worker 7855 {"SourceContext": "Infrastructure.Services.DatabaseTestService", "Application": "Crud.Api"}
[03:42:36 INF] Database reset via file deletion completed for worker 7855 in 110.6688ms (Close: 0.0012ms, Delete: 1.3514ms, Create: 7.6854ms) {"SourceContext": "Infrastructure.Services.DatabaseTestService", "Application": "Crud.Api"}
[03:42:36 INF] Releasing database mutex for worker 7855 {"SourceContext": "Infrastructure.Services.DatabaseTestService", "Application": "Crud.Api"}
[03:42:37 INF] User registered successfully: b9b292f0-f643-40d6-909a-fbfa3bdad6f5 {"SourceContext": "App.Features.Authentication.RegisterUserCommandHandler", "ActionId": "81649099-f762-4cfc-8f85-9398da66953d", "ActionName": "Api.Controllers.AuthController.Register (Api)", "RequestId": "0HNFGSKFKDJDF", "RequestPath": "/api/auth/register", "Application": "Crud.Api"}
Activity.TraceId:            4e16bd99be1b593c4abb8646ef083442
Activity.SpanId:             820a53d0a5fec0a7
Activity.TraceFlags:         Recorded
Activity.ActivitySourceName: Microsoft.AspNetCore
Activity.DisplayName:        POST api/Auth/register
Activity.Kind:               Server
Activity.StartTime:          2025-09-11T03:42:36.8652727Z
Activity.Duration:           00:00:00.2983265
Activity.Tags:
    server.address: localhost
    http.request.method: POST
    url.scheme: http
    url.path: /api/auth/register
    network.protocol.version: 1.1
    http.route: api/Auth/register
    http.response.status_code: 200
Resource associated with Activity:
    deployment.environment: Testing
    service.name: Crud.Api
    service.version: 1.0.0
    service.instance.id: a483e3f3-32ea-4a50-a508-2cd77b6b2522
    telemetry.sdk.name: opentelemetry
    telemetry.sdk.language: dotnet
    telemetry.sdk.version: 1.8.1
[03:42:37 INF] User registered successfully: ea115242-c60f-4d59-9aaf-0d3c4255cf71 {"SourceContext": "App.Features.Authentication.RegisterUserCommandHandler", "ActionId": "81649099-f762-4cfc-8f85-9398da66953d", "ActionName": "Api.Controllers.AuthController.Register (Api)", "RequestId": "0HNFGSKFKDJDG", "RequestPath": "/api/auth/register", "Application": "Crud.Api"}
Activity.TraceId:            e8ae2b5a6a7b8dc9e0df4e3f83515ea5
Activity.SpanId:             79d8f3ab24438591
Activity.TraceFlags:         Recorded
Activity.ActivitySourceName: Microsoft.AspNetCore
Activity.DisplayName:        POST api/Auth/register
Activity.Kind:               Server
Activity.StartTime:          2025-09-11T03:42:37.1643172Z
Activity.Duration:           00:00:00.2984063
Activity.Tags:
    server.address: localhost
    http.request.method: POST
    url.scheme: http
    url.path: /api/auth/register
    network.protocol.version: 1.1
    http.route: api/Auth/register
    http.response.status_code: 200
Resource associated with Activity:
    deployment.environment: Testing
    service.name: Crud.Api
    service.version: 1.0.0
    service.instance.id: a483e3f3-32ea-4a50-a508-2cd77b6b2522
    telemetry.sdk.name: opentelemetry
    telemetry.sdk.language: dotnet
    telemetry.sdk.version: 1.8.1
[03:42:37 INF] User logged in successfully: ea115242-c60f-4d59-9aaf-0d3c4255cf71 {"SourceContext": "App.Features.Authentication.LoginCommandHandler", "ActionId": "1aa2aafa-61f1-416c-9cb7-27a0521b9341", "ActionName": "Api.Controllers.AuthController.Login (Api)", "RequestId": "0HNFGSKFKDJDH", "RequestPath": "/api/auth/login", "Application": "Crud.Api"}
Activity.TraceId:            58a314399bf5482cde0b1ceac21cb0cb
Activity.SpanId:             05496b0fe3213e78
Activity.TraceFlags:         Recorded
Activity.ActivitySourceName: Microsoft.AspNetCore
Activity.DisplayName:        POST api/Auth/login
Activity.Kind:               Server
Activity.StartTime:          2025-09-11T03:42:37.4637644Z
Activity.Duration:           00:00:00.2992762
Activity.Tags:
    server.address: localhost
    http.request.method: POST
    url.scheme: http
    url.path: /api/auth/login
    network.protocol.version: 1.1
    http.route: api/Auth/login
    http.response.status_code: 200
Resource associated with Activity:
    deployment.environment: Testing
    service.name: Crud.Api
    service.version: 1.0.0
    service.instance.id: a483e3f3-32ea-4a50-a508-2cd77b6b2522
    telemetry.sdk.name: opentelemetry
    telemetry.sdk.language: dotnet
    telemetry.sdk.version: 1.8.1
[03:42:37 DBG] Cache miss for key: entity:person:4147dbd13c6645bea104f467ba012a55 {"SourceContext": "Infrastructure.Services.Caching.InMemoryCacheService", "ActionId": "4fd075b7-ab2c-4132-bcfe-e1e3c99519ea", "ActionName": "Api.Controllers.PeopleController.Get (Api)", "RequestId": "0HNFGSKFKDJDI", "RequestPath": "/api/people/4147dbd1-3c66-45be-a104-f467ba012a55", "Application": "Crud.Api"}
[03:42:37 DBG] Set cache value for key: entity:person:4147dbd13c6645bea104f467ba012a55 {"SourceContext": "Infrastructure.Services.Caching.InMemoryCacheService", "ActionId": "4fd075b7-ab2c-4132-bcfe-e1e3c99519ea", "ActionName": "Api.Controllers.PeopleController.Get (Api)", "RequestId": "0HNFGSKFKDJDI", "RequestPath": "/api/people/4147dbd1-3c66-45be-a104-f467ba012a55", "Application": "Crud.Api"}
Activity.TraceId:            0945c5f44458cfe90d7a29f25d84bb5f
Activity.SpanId:             8e412a7a094b6c05
Activity.TraceFlags:         Recorded
Activity.ActivitySourceName: Microsoft.AspNetCore
Activity.DisplayName:        GET api/People/{id:guid}
Activity.Kind:               Server
Activity.StartTime:          2025-09-11T03:42:37.7633374Z
Activity.Duration:           00:00:00.0072133
Activity.Tags:
    server.address: localhost
    http.request.method: GET
    url.scheme: http
    url.path: /api/people/4147dbd1-3c66-45be-a104-f467ba012a55
    network.protocol.version: 1.1
    http.route: api/People/{id:guid}
    http.response.status_code: 200
Resource associated with Activity:
    deployment.environment: Testing
    service.name: Crud.Api
    service.version: 1.0.0
    service.instance.id: a483e3f3-32ea-4a50-a508-2cd77b6b2522
    telemetry.sdk.name: opentelemetry
    telemetry.sdk.language: dotnet
    telemetry.sdk.version: 1.8.1
[03:42:37 DBG] Cache hit for key: list:person {"SourceContext": "Infrastructure.Services.Caching.InMemoryCacheService", "ActionId": "1d4e970d-e86a-475a-85f4-704e20320559", "ActionName": "Api.Controllers.PeopleController.List (Api)", "RequestId": "0HNFGSKFKDJDJ", "RequestPath": "/api/people", "Application": "Crud.Api"}
Activity.TraceId:            bfb500059f73d42053fde92302ff84ff
Activity.SpanId:             6d04af43e5594b89
Activity.TraceFlags:         Recorded
Activity.ActivitySourceName: Microsoft.AspNetCore
Activity.DisplayName:        GET api/People
Activity.Kind:               Server
Activity.StartTime:          2025-09-11T03:42:37.7706137Z
Activity.Duration:           00:00:00.0003562
Activity.Tags:
    server.address: localhost
    http.request.method: GET
    url.scheme: http
    url.path: /api/people
    network.protocol.version: 1.1
    http.route: api/People
    http.response.status_code: 200
Resource associated with Activity:
    deployment.environment: Testing
    service.name: Crud.Api
    service.version: 1.0.0
    service.instance.id: a483e3f3-32ea-4a50-a508-2cd77b6b2522
    telemetry.sdk.name: opentelemetry
    telemetry.sdk.language: dotnet
    telemetry.sdk.version: 1.8.1
[03:42:37 DBG] Cache hit for key: entity:person:4147dbd13c6645bea104f467ba012a55 {"SourceContext": "Infrastructure.Services.Caching.InMemoryCacheService", "ActionId": "86b0ff8f-46eb-4cea-881a-2173674be89c", "ActionName": "Api.Controllers.PeopleController.Update (Api)", "RequestId": "0HNFGSKFKDJDK", "RequestPath": "/api/people/4147dbd1-3c66-45be-a104-f467ba012a55", "Application": "Crud.Api"}
[03:42:37 DBG] Removed cache value for key: entity:person:4147dbd13c6645bea104f467ba012a55 {"SourceContext": "Infrastructure.Services.Caching.InMemoryCacheService", "ActionId": "86b0ff8f-46eb-4cea-881a-2173674be89c", "ActionName": "Api.Controllers.PeopleController.Update (Api)", "RequestId": "0HNFGSKFKDJDK", "RequestPath": "/api/people/4147dbd1-3c66-45be-a104-f467ba012a55", "Application": "Crud.Api"}
[03:42:37 DBG] Removed cache value for key: list:person {"SourceContext": "Infrastructure.Services.Caching.InMemoryCacheService", "ActionId": "86b0ff8f-46eb-4cea-881a-2173674be89c", "ActionName": "Api.Controllers.PeopleController.Update (Api)", "RequestId": "0HNFGSKFKDJDK", "RequestPath": "/api/people/4147dbd1-3c66-45be-a104-f467ba012a55", "Application": "Crud.Api"}
[03:42:37 DBG] Invalidating cache for entity: people/4147dbd1-3c66-45be-a104-f467ba012a55 with tags: people, people:4147dbd1-3c66-45be-a104-f467ba012a55 {"SourceContext": "Api.Services.OutputCacheInvalidationService", "ActionId": "86b0ff8f-46eb-4cea-881a-2173674be89c", "ActionName": "Api.Controllers.PeopleController.Update (Api)", "RequestId": "0HNFGSKFKDJDK", "RequestPath": "/api/people/4147dbd1-3c66-45be-a104-f467ba012a55", "Application": "Crud.Api"}
[03:42:37 DBG] Successfully invalidated cache for tag: people {"SourceContext": "Api.Services.OutputCacheInvalidationService", "ActionId": "86b0ff8f-46eb-4cea-881a-2173674be89c", "ActionName": "Api.Controllers.PeopleController.Update (Api)", "RequestId": "0HNFGSKFKDJDK", "RequestPath": "/api/people/4147dbd1-3c66-45be-a104-f467ba012a55", "Application": "Crud.Api"}
[03:42:37 DBG] Successfully invalidated cache for tag: people:4147dbd1-3c66-45be-a104-f467ba012a55 {"SourceContext": "Api.Services.OutputCacheInvalidationService", "ActionId": "86b0ff8f-46eb-4cea-881a-2173674be89c", "ActionName": "Api.Controllers.PeopleController.Update (Api)", "RequestId": "0HNFGSKFKDJDK", "RequestPath": "/api/people/4147dbd1-3c66-45be-a104-f467ba012a55", "Application": "Crud.Api"}
Activity.TraceId:            d99192f6fcf884dae30ac60dd10fdfe5
Activity.SpanId:             e5b409c2f13f27e9
Activity.TraceFlags:         Recorded
Activity.ActivitySourceName: Microsoft.AspNetCore
Activity.DisplayName:        PUT api/People/{id:guid}
Activity.Kind:               Server
Activity.StartTime:          2025-09-11T03:42:37.7719089Z
Activity.Duration:           00:00:00.0078825
Activity.Tags:
    server.address: localhost
    http.request.method: PUT
    url.scheme: http
    url.path: /api/people/4147dbd1-3c66-45be-a104-f467ba012a55
    network.protocol.version: 1.1
    http.route: api/People/{id:guid}
    http.response.status_code: 204
Resource associated with Activity:
    deployment.environment: Testing
    service.name: Crud.Api
    service.version: 1.0.0
    service.instance.id: a483e3f3-32ea-4a50-a508-2cd77b6b2522
    telemetry.sdk.name: opentelemetry
    telemetry.sdk.language: dotnet
    telemetry.sdk.version: 1.8.1
[03:42:37 DBG] Cache miss for key: entity:person:4147dbd13c6645bea104f467ba012a55 {"SourceContext": "Infrastructure.Services.Caching.InMemoryCacheService", "ActionId": "4fd075b7-ab2c-4132-bcfe-e1e3c99519ea", "ActionName": "Api.Controllers.PeopleController.Get (Api)", "RequestId": "0HNFGSKFKDJDL", "RequestPath": "/api/people/4147dbd1-3c66-45be-a104-f467ba012a55", "Application": "Crud.Api"}
[03:42:37 DBG] Set cache value for key: entity:person:4147dbd13c6645bea104f467ba012a55 {"SourceContext": "Infrastructure.Services.Caching.InMemoryCacheService", "ActionId": "4fd075b7-ab2c-4132-bcfe-e1e3c99519ea", "ActionName": "Api.Controllers.PeopleController.Get (Api)", "RequestId": "0HNFGSKFKDJDL", "RequestPath": "/api/people/4147dbd1-3c66-45be-a104-f467ba012a55", "Application": "Crud.Api"}
Activity.TraceId:            c62d97e7395706f19c56afb3ba322593
Activity.SpanId:             935a1801cfd5e49a
Activity.TraceFlags:         Recorded
Activity.ActivitySourceName: Microsoft.AspNetCore
Activity.DisplayName:        GET api/People/{id:guid}
Activity.Kind:               Server
Activity.StartTime:          2025-09-11T03:42:37.7798741Z
Activity.Duration:           00:00:00.0079483
Activity.Tags:
    server.address: localhost
    http.request.method: GET
    url.scheme: http
    url.path: /api/people/4147dbd1-3c66-45be-a104-f467ba012a55
    network.protocol.version: 1.1
    http.route: api/People/{id:guid}
    http.response.status_code: 200
Resource associated with Activity:
    deployment.environment: Testing
    service.name: Crud.Api
    service.version: 1.0.0
    service.instance.id: a483e3f3-32ea-4a50-a508-2cd77b6b2522
    telemetry.sdk.name: opentelemetry
    telemetry.sdk.language: dotnet
    telemetry.sdk.version: 1.8.1
[03:42:37 DBG] Cache miss for key: list:person {"SourceContext": "Infrastructure.Services.Caching.InMemoryCacheService", "ActionId": "1d4e970d-e86a-475a-85f4-704e20320559", "ActionName": "Api.Controllers.PeopleController.List (Api)", "RequestId": "0HNFGSKFKDJDM", "RequestPath": "/api/people", "Application": "Crud.Api"}
[03:42:37 DBG] Set cache value for key: list:person {"SourceContext": "Infrastructure.Services.Caching.InMemoryCacheService", "ActionId": "1d4e970d-e86a-475a-85f4-704e20320559", "ActionName": "Api.Controllers.PeopleController.List (Api)", "RequestId": "0HNFGSKFKDJDM", "RequestPath": "/api/people", "Application": "Crud.Api"}
Activity.TraceId:            4aea0abea17bf32d1c5b0f631c31af4a
Activity.SpanId:             a5bd7bf2d9079061
Activity.TraceFlags:         Recorded
Activity.ActivitySourceName: Microsoft.AspNetCore
Activity.DisplayName:        GET api/People
Activity.Kind:               Server
Activity.StartTime:          2025-09-11T03:42:37.7879030Z
Activity.Duration:           00:00:00.0010489
Activity.Tags:
    server.address: localhost
    http.request.method: GET
    url.scheme: http
    url.path: /api/people
    network.protocol.version: 1.1
    http.route: api/People
    http.response.status_code: 200
Resource associated with Activity:
    deployment.environment: Testing
    service.name: Crud.Api
    service.version: 1.0.0
    service.instance.id: a483e3f3-32ea-4a50-a508-2cd77b6b2522
    telemetry.sdk.name: opentelemetry
    telemetry.sdk.language: dotnet
    telemetry.sdk.version: 1.8.1
[03:42:37 INF] Resetting database for worker 7855 {"SourceContext": "Infrastructure.Services.DatabaseTestService", "Application": "Crud.Api"}
[03:42:37 INF] Resetting database via file deletion for worker 7855 in CI environment {"SourceContext": "Infrastructure.Services.DatabaseTestService", "Application": "Crud.Api"}
[03:42:37 INF] Acquiring database mutex for worker 7855... {"SourceContext": "Infrastructure.Services.DatabaseTestService", "Application": "Crud.Api"}
[03:42:37 INF] Database mutex acquired for worker 7855 {"SourceContext": "Infrastructure.Services.DatabaseTestService", "Application": "Crud.Api"}
[03:42:37 INF] Current database state - CanConnect: True {"SourceContext": "Infrastructure.Services.DatabaseTestService", "Application": "Crud.Api"}
[03:42:37 INF] [Phase 0] Closing database connection for worker 7855... {"SourceContext": "Infrastructure.Services.DatabaseTestService", "Application": "Crud.Api"}
[03:42:37 INF] [Phase 0] Connection closed in 0.0016ms {"SourceContext": "Infrastructure.Services.DatabaseTestService", "Application": "Crud.Api"}
[03:42:37 INF] [Phase 1] Starting EnsureDeletedAsync for worker 7855... {"SourceContext": "Infrastructure.Services.DatabaseTestService", "Application": "Crud.Api"}
[03:42:37 INF] [Phase 1] EnsureDeletedAsync completed in 1.5977ms {"SourceContext": "Infrastructure.Services.DatabaseTestService", "Application": "Crud.Api"}
[03:42:37 INF] [Phase 2] Starting EnsureCreatedAsync for worker 7855... {"SourceContext": "Infrastructure.Services.DatabaseTestService", "Application": "Crud.Api"}
[03:42:37 INF] [Phase 2] EnsureCreatedAsync completed in 7.9995ms {"SourceContext": "Infrastructure.Services.DatabaseTestService", "Application": "Crud.Api"}
[03:42:37 INF] [Phase 3] Skipping database seeding as requested for worker 7855 {"SourceContext": "Infrastructure.Services.DatabaseTestService", "Application": "Crud.Api"}
[03:42:37 INF] Database reset via file deletion completed for worker 7855 in 110.4429ms (Close: 0.0016ms, Delete: 1.5977ms, Create: 7.9995ms) {"SourceContext": "Infrastructure.Services.DatabaseTestService", "Application": "Crud.Api"}
[03:42:37 INF] Releasing database mutex for worker 7855 {"SourceContext": "Infrastructure.Services.DatabaseTestService", "Application": "Crud.Api"}
[03:42:37 INF] Resetting database for worker 7855 {"SourceContext": "Infrastructure.Services.DatabaseTestService", "Application": "Crud.Api"}
[03:42:37 INF] Resetting database via file deletion for worker 7855 in CI environment {"SourceContext": "Infrastructure.Services.DatabaseTestService", "Application": "Crud.Api"}
[03:42:37 INF] Acquiring database mutex for worker 7855... {"SourceContext": "Infrastructure.Services.DatabaseTestService", "Application": "Crud.Api"}
[03:42:37 INF] Database mutex acquired for worker 7855 {"SourceContext": "Infrastructure.Services.DatabaseTestService", "Application": "Crud.Api"}
[03:42:37 INF] Current database state - CanConnect: True {"SourceContext": "Infrastructure.Services.DatabaseTestService", "Application": "Crud.Api"}
[03:42:37 INF] [Phase 0] Closing database connection for worker 7855... {"SourceContext": "Infrastructure.Services.DatabaseTestService", "Application": "Crud.Api"}
[03:42:37 INF] [Phase 0] Connection closed in 0.0021ms {"SourceContext": "Infrastructure.Services.DatabaseTestService", "Application": "Crud.Api"}
[03:42:37 INF] [Phase 1] Starting EnsureDeletedAsync for worker 7855... {"SourceContext": "Infrastructure.Services.DatabaseTestService", "Application": "Crud.Api"}
[03:42:37 INF] [Phase 1] EnsureDeletedAsync completed in 1.4305ms {"SourceContext": "Infrastructure.Services.DatabaseTestService", "Application": "Crud.Api"}
[03:42:38 INF] [Phase 2] Starting EnsureCreatedAsync for worker 7855... {"SourceContext": "Infrastructure.Services.DatabaseTestService", "Application": "Crud.Api"}
[03:42:38 INF] [Phase 2] EnsureCreatedAsync completed in 7.7373ms {"SourceContext": "Infrastructure.Services.DatabaseTestService", "Application": "Crud.Api"}
[03:42:38 INF] [Phase 3] Skipping database seeding as requested for worker 7855 {"SourceContext": "Infrastructure.Services.DatabaseTestService", "Application": "Crud.Api"}
[03:42:38 INF] Database reset via file deletion completed for worker 7855 in 110.0884ms (Close: 0.0021ms, Delete: 1.4305ms, Create: 7.7373ms) {"SourceContext": "Infrastructure.Services.DatabaseTestService", "Application": "Crud.Api"}
[03:42:38 INF] Releasing database mutex for worker 7855 {"SourceContext": "Infrastructure.Services.DatabaseTestService", "Application": "Crud.Api"}
[03:42:38 INF] User registered successfully: 67c1616c-5fec-4151-b53c-a6f7d81a1a47 {"SourceContext": "App.Features.Authentication.RegisterUserCommandHandler", "ActionId": "81649099-f762-4cfc-8f85-9398da66953d", "ActionName": "Api.Controllers.AuthController.Register (Api)", "RequestId": "0HNFGSKFKDJDN", "RequestPath": "/api/auth/register", "Application": "Crud.Api"}
Activity.TraceId:            baee9922a6ab4091998472e43b1e10c4
Activity.SpanId:             81f1c3e074f2d837
Activity.TraceFlags:         Recorded
Activity.ActivitySourceName: Microsoft.AspNetCore
Activity.DisplayName:        POST api/Auth/register
Activity.Kind:               Server
Activity.StartTime:          2025-09-11T03:42:38.0148321Z
Activity.Duration:           00:00:00.3018968
Activity.Tags:
    server.address: localhost
    http.request.method: POST
    url.scheme: http
    url.path: /api/auth/register
    network.protocol.version: 1.1
    http.route: api/Auth/register
    http.response.status_code: 200
Resource associated with Activity:
    deployment.environment: Testing
    service.name: Crud.Api
    service.version: 1.0.0
    service.instance.id: a483e3f3-32ea-4a50-a508-2cd77b6b2522
    telemetry.sdk.name: opentelemetry
    telemetry.sdk.language: dotnet
    telemetry.sdk.version: 1.8.1
[03:42:38 INF] User registered successfully: e19ac0ee-bfb2-453e-8088-8bc139aca6fd {"SourceContext": "App.Features.Authentication.RegisterUserCommandHandler", "ActionId": "81649099-f762-4cfc-8f85-9398da66953d", "ActionName": "Api.Controllers.AuthController.Register (Api)", "RequestId": "0HNFGSKFKDJDO", "RequestPath": "/api/auth/register", "Application": "Crud.Api"}
Activity.TraceId:            1e7ca8dded82dee5c21810b30090ddb1
Activity.SpanId:             cbe86cb08190263e
Activity.TraceFlags:         Recorded
Activity.ActivitySourceName: Microsoft.AspNetCore
Activity.DisplayName:        POST api/Auth/register
Activity.Kind:               Server
Activity.StartTime:          2025-09-11T03:42:38.3175065Z
Activity.Duration:           00:00:00.2987073
Activity.Tags:
    server.address: localhost
    http.request.method: POST
    url.scheme: http
    url.path: /api/auth/register
    network.protocol.version: 1.1
    http.route: api/Auth/register
    http.response.status_code: 200
Resource associated with Activity:
    deployment.environment: Testing
    service.name: Crud.Api
    service.version: 1.0.0
    service.instance.id: a483e3f3-32ea-4a50-a508-2cd77b6b2522
    telemetry.sdk.name: opentelemetry
    telemetry.sdk.language: dotnet
    telemetry.sdk.version: 1.8.1
[03:42:38 INF] User logged in successfully: e19ac0ee-bfb2-453e-8088-8bc139aca6fd {"SourceContext": "App.Features.Authentication.LoginCommandHandler", "ActionId": "1aa2aafa-61f1-416c-9cb7-27a0521b9341", "ActionName": "Api.Controllers.AuthController.Login (Api)", "RequestId": "0HNFGSKFKDJDP", "RequestPath": "/api/auth/login", "Application": "Crud.Api"}
Activity.TraceId:            18de710249dec2b22c40629978ff263e
Activity.SpanId:             91195034c5c5f259
Activity.TraceFlags:         Recorded
Activity.ActivitySourceName: Microsoft.AspNetCore
Activity.DisplayName:        POST api/Auth/login
Activity.Kind:               Server
Activity.StartTime:          2025-09-11T03:42:38.6173426Z
Activity.Duration:           00:00:00.2988470
Activity.Tags:
    server.address: localhost
    http.request.method: POST
    url.scheme: http
    url.path: /api/auth/login
    network.protocol.version: 1.1
    http.route: api/Auth/login
    http.response.status_code: 200
Resource associated with Activity:
    deployment.environment: Testing
    service.name: Crud.Api
    service.version: 1.0.0
    service.instance.id: a483e3f3-32ea-4a50-a508-2cd77b6b2522
    telemetry.sdk.name: opentelemetry
    telemetry.sdk.language: dotnet
    telemetry.sdk.version: 1.8.1
[03:42:38 DBG] Cache miss for key: list:wall {"SourceContext": "Infrastructure.Services.Caching.InMemoryCacheService", "ActionId": "19d7fd4d-77d7-4a11-a3c7-bcacc730fab0", "ActionName": "Api.Controllers.WallsController.List (Api)", "RequestId": "0HNFGSKFKDJDQ", "RequestPath": "/api/walls", "Application": "Crud.Api"}
[03:42:38 DBG] Set cache value for key: list:wall {"SourceContext": "Infrastructure.Services.Caching.InMemoryCacheService", "ActionId": "19d7fd4d-77d7-4a11-a3c7-bcacc730fab0", "ActionName": "Api.Controllers.WallsController.List (Api)", "RequestId": "0HNFGSKFKDJDQ", "RequestPath": "/api/walls", "Application": "Crud.Api"}
Activity.TraceId:            76a9f8bba909c2497ea39f82e02c5546
Activity.SpanId:             ab295b649147e0f1
Activity.TraceFlags:         Recorded
Activity.ActivitySourceName: Microsoft.AspNetCore
Activity.DisplayName:        GET api/Walls
Activity.Kind:               Server
Activity.StartTime:          2025-09-11T03:42:38.9164937Z
Activity.Duration:           00:00:00.0086585
Activity.Tags:
    server.address: localhost
    http.request.method: GET
    url.scheme: http
    url.path: /api/walls
    network.protocol.version: 1.1
    http.route: api/Walls
    http.response.status_code: 200
Resource associated with Activity:
    deployment.environment: Testing
    service.name: Crud.Api
    service.version: 1.0.0
    service.instance.id: a483e3f3-32ea-4a50-a508-2cd77b6b2522
    telemetry.sdk.name: opentelemetry
    telemetry.sdk.language: dotnet
    telemetry.sdk.version: 1.8.1
[03:42:38 DBG] Removed cache value for key: entity:wall:cb82a19ab7404386a953148b0f7411e0 {"SourceContext": "Infrastructure.Services.Caching.InMemoryCacheService", "ActionId": "5888b7e9-f4d6-4aaf-945d-d5f18fc27853", "ActionName": "Api.Controllers.WallsController.Create (Api)", "RequestId": "0HNFGSKFKDJDR", "RequestPath": "/api/walls", "Application": "Crud.Api"}
[03:42:38 DBG] Removed cache value for key: list:wall {"SourceContext": "Infrastructure.Services.Caching.InMemoryCacheService", "ActionId": "5888b7e9-f4d6-4aaf-945d-d5f18fc27853", "ActionName": "Api.Controllers.WallsController.Create (Api)", "RequestId": "0HNFGSKFKDJDR", "RequestPath": "/api/walls", "Application": "Crud.Api"}
[03:42:38 DBG] Invalidating cache for entity type: walls with tag: walls {"SourceContext": "Api.Services.OutputCacheInvalidationService", "ActionId": "5888b7e9-f4d6-4aaf-945d-d5f18fc27853", "ActionName": "Api.Controllers.WallsController.Create (Api)", "RequestId": "0HNFGSKFKDJDR", "RequestPath": "/api/walls", "Application": "Crud.Api"}
[03:42:38 INF] Successfully invalidated cache for entity type: walls {"SourceContext": "Api.Services.OutputCacheInvalidationService", "ActionId": "5888b7e9-f4d6-4aaf-945d-d5f18fc27853", "ActionName": "Api.Controllers.WallsController.Create (Api)", "RequestId": "0HNFGSKFKDJDR", "RequestPath": "/api/walls", "Application": "Crud.Api"}
Activity.TraceId:            9717f7f15efdd4a0644a96cfd2b3f202
Activity.SpanId:             21c4abb20fd734ae
Activity.TraceFlags:         Recorded
Activity.ActivitySourceName: Microsoft.AspNetCore
Activity.DisplayName:        POST api/Walls
Activity.Kind:               Server
Activity.StartTime:          2025-09-11T03:42:38.9258109Z
Activity.Duration:           00:00:00.0115363
Activity.Tags:
    server.address: localhost
    http.request.method: POST
    url.scheme: http
    url.path: /api/walls
    network.protocol.version: 1.1
    http.route: api/Walls
    http.response.status_code: 201
Resource associated with Activity:
    deployment.environment: Testing
    service.name: Crud.Api
    service.version: 1.0.0
    service.instance.id: a483e3f3-32ea-4a50-a508-2cd77b6b2522
    telemetry.sdk.name: opentelemetry
    telemetry.sdk.language: dotnet
    telemetry.sdk.version: 1.8.1
[03:42:38 DBG] Cache miss for key: list:wall {"SourceContext": "Infrastructure.Services.Caching.InMemoryCacheService", "ActionId": "19d7fd4d-77d7-4a11-a3c7-bcacc730fab0", "ActionName": "Api.Controllers.WallsController.List (Api)", "RequestId": "0HNFGSKFKDJDS", "RequestPath": "/api/walls", "Application": "Crud.Api"}
[03:42:38 DBG] Set cache value for key: list:wall {"SourceContext": "Infrastructure.Services.Caching.InMemoryCacheService", "ActionId": "19d7fd4d-77d7-4a11-a3c7-bcacc730fab0", "ActionName": "Api.Controllers.WallsController.List (Api)", "RequestId": "0HNFGSKFKDJDS", "RequestPath": "/api/walls", "Application": "Crud.Api"}
Activity.TraceId:            5807fcce33e310c13047ba599d425fff
Activity.SpanId:             d178716450562f28
Activity.TraceFlags:         Recorded
Activity.ActivitySourceName: Microsoft.AspNetCore
Activity.DisplayName:        GET api/Walls
Activity.Kind:               Server
Activity.StartTime:          2025-09-11T03:42:38.9374346Z
Activity.Duration:           00:00:00.0018769
Activity.Tags:
    server.address: localhost
    http.request.method: GET
    url.scheme: http
    url.path: /api/walls
    network.protocol.version: 1.1
    http.route: api/Walls
    http.response.status_code: 200
Resource associated with Activity:
    deployment.environment: Testing
    service.name: Crud.Api
    service.version: 1.0.0
    service.instance.id: a483e3f3-32ea-4a50-a508-2cd77b6b2522
    telemetry.sdk.name: opentelemetry
    telemetry.sdk.language: dotnet
    telemetry.sdk.version: 1.8.1
[03:42:38 INF] Resetting database for worker 7855 {"SourceContext": "Infrastructure.Services.DatabaseTestService", "Application": "Crud.Api"}
[03:42:38 INF] Resetting database via file deletion for worker 7855 in CI environment {"SourceContext": "Infrastructure.Services.DatabaseTestService", "Application": "Crud.Api"}
[03:42:38 INF] Acquiring database mutex for worker 7855... {"SourceContext": "Infrastructure.Services.DatabaseTestService", "Application": "Crud.Api"}
[03:42:38 INF] Database mutex acquired for worker 7855 {"SourceContext": "Infrastructure.Services.DatabaseTestService", "Application": "Crud.Api"}
[03:42:38 INF] Current database state - CanConnect: True {"SourceContext": "Infrastructure.Services.DatabaseTestService", "Application": "Crud.Api"}
[03:42:38 INF] [Phase 0] Closing database connection for worker 7855... {"SourceContext": "Infrastructure.Services.DatabaseTestService", "Application": "Crud.Api"}
[03:42:38 INF] [Phase 0] Connection closed in 0.0008ms {"SourceContext": "Infrastructure.Services.DatabaseTestService", "Application": "Crud.Api"}
[03:42:38 INF] [Phase 1] Starting EnsureDeletedAsync for worker 7855... {"SourceContext": "Infrastructure.Services.DatabaseTestService", "Application": "Crud.Api"}
[03:42:38 INF] [Phase 1] EnsureDeletedAsync completed in 1.5439ms {"SourceContext": "Infrastructure.Services.DatabaseTestService", "Application": "Crud.Api"}
[03:42:39 INF] [Phase 2] Starting EnsureCreatedAsync for worker 7855... {"SourceContext": "Infrastructure.Services.DatabaseTestService", "Application": "Crud.Api"}
[03:42:39 INF] [Phase 2] EnsureCreatedAsync completed in 7.8032ms {"SourceContext": "Infrastructure.Services.DatabaseTestService", "Application": "Crud.Api"}
[03:42:39 INF] [Phase 3] Skipping database seeding as requested for worker 7855 {"SourceContext": "Infrastructure.Services.DatabaseTestService", "Application": "Crud.Api"}
[03:42:39 INF] Database reset via file deletion completed for worker 7855 in 109.6949ms (Close: 0.0008ms, Delete: 1.5439ms, Create: 7.8032ms) {"SourceContext": "Infrastructure.Services.DatabaseTestService", "Application": "Crud.Api"}
[03:42:39 INF] Releasing database mutex for worker 7855 {"SourceContext": "Infrastructure.Services.DatabaseTestService", "Application": "Crud.Api"}
[03:42:39 INF] Resetting database for worker 7855 {"SourceContext": "Infrastructure.Services.DatabaseTestService", "Application": "Crud.Api"}
[03:42:39 INF] Resetting database via file deletion for worker 7855 in CI environment {"SourceContext": "Infrastructure.Services.DatabaseTestService", "Application": "Crud.Api"}
[03:42:39 INF] Acquiring database mutex for worker 7855... {"SourceContext": "Infrastructure.Services.DatabaseTestService", "Application": "Crud.Api"}
[03:42:39 INF] Database mutex acquired for worker 7855 {"SourceContext": "Infrastructure.Services.DatabaseTestService", "Application": "Crud.Api"}
[03:42:39 INF] Current database state - CanConnect: True {"SourceContext": "Infrastructure.Services.DatabaseTestService", "Application": "Crud.Api"}
[03:42:39 INF] [Phase 0] Closing database connection for worker 7855... {"SourceContext": "Infrastructure.Services.DatabaseTestService", "Application": "Crud.Api"}
[03:42:39 INF] [Phase 0] Connection closed in 0.0006ms {"SourceContext": "Infrastructure.Services.DatabaseTestService", "Application": "Crud.Api"}
[03:42:39 INF] [Phase 1] Starting EnsureDeletedAsync for worker 7855... {"SourceContext": "Infrastructure.Services.DatabaseTestService", "Application": "Crud.Api"}
[03:42:39 INF] [Phase 1] EnsureDeletedAsync completed in 1.3135ms {"SourceContext": "Infrastructure.Services.DatabaseTestService", "Application": "Crud.Api"}
[03:42:39 INF] [Phase 2] Starting EnsureCreatedAsync for worker 7855... {"SourceContext": "Infrastructure.Services.DatabaseTestService", "Application": "Crud.Api"}
[03:42:39 INF] [Phase 2] EnsureCreatedAsync completed in 8.2258ms {"SourceContext": "Infrastructure.Services.DatabaseTestService", "Application": "Crud.Api"}
[03:42:39 INF] [Phase 3] Skipping database seeding as requested for worker 7855 {"SourceContext": "Infrastructure.Services.DatabaseTestService", "Application": "Crud.Api"}
[03:42:39 INF] Database reset via file deletion completed for worker 7855 in 110.1388ms (Close: 0.0006ms, Delete: 1.3135ms, Create: 8.2258ms) {"SourceContext": "Infrastructure.Services.DatabaseTestService", "Application": "Crud.Api"}
[03:42:39 INF] Releasing database mutex for worker 7855 {"SourceContext": "Infrastructure.Services.DatabaseTestService", "Application": "Crud.Api"}
[03:42:39 INF] User registered successfully: febb3d42-c29e-4877-9114-fa55d223b8c7 {"SourceContext": "App.Features.Authentication.RegisterUserCommandHandler", "ActionId": "81649099-f762-4cfc-8f85-9398da66953d", "ActionName": "Api.Controllers.AuthController.Register (Api)", "RequestId": "0HNFGSKFKDJDT", "RequestPath": "/api/auth/register", "Application": "Crud.Api"}
Activity.TraceId:            afc4e9702aff10c9b9936551cc0785cd
Activity.SpanId:             5c3468ca319b7c99
Activity.TraceFlags:         Recorded
Activity.ActivitySourceName: Microsoft.AspNetCore
Activity.DisplayName:        POST api/Auth/register
Activity.Kind:               Server
Activity.StartTime:          2025-09-11T03:42:39.1645712Z
Activity.Duration:           00:00:00.2990754
Activity.Tags:
    server.address: localhost
    http.request.method: POST
    url.scheme: http
    url.path: /api/auth/register
    network.protocol.version: 1.1
    http.route: api/Auth/register
    http.response.status_code: 200
Resource associated with Activity:
    deployment.environment: Testing
    service.name: Crud.Api
    service.version: 1.0.0
    service.instance.id: a483e3f3-32ea-4a50-a508-2cd77b6b2522
    telemetry.sdk.name: opentelemetry
    telemetry.sdk.language: dotnet
    telemetry.sdk.version: 1.8.1
[03:42:39 INF] User registered successfully: 91e337c9-69cb-449a-bff1-8332efc04697 {"SourceContext": "App.Features.Authentication.RegisterUserCommandHandler", "ActionId": "81649099-f762-4cfc-8f85-9398da66953d", "ActionName": "Api.Controllers.AuthController.Register (Api)", "RequestId": "0HNFGSKFKDJDU", "RequestPath": "/api/auth/register", "Application": "Crud.Api"}
Activity.TraceId:            b6854c5e6485a262614a4ece40c45a76
Activity.SpanId:             9a5d845209976550
Activity.TraceFlags:         Recorded
Activity.ActivitySourceName: Microsoft.AspNetCore
Activity.DisplayName:        POST api/Auth/register
Activity.Kind:               Server
Activity.StartTime:          2025-09-11T03:42:39.4643740Z
Activity.Duration:           00:00:00.2988419
Activity.Tags:
    server.address: localhost
    http.request.method: POST
    url.scheme: http
    url.path: /api/auth/register
    network.protocol.version: 1.1
    http.route: api/Auth/register
    http.response.status_code: 200
Resource associated with Activity:
    deployment.environment: Testing
    service.name: Crud.Api
    service.version: 1.0.0
    service.instance.id: a483e3f3-32ea-4a50-a508-2cd77b6b2522
    telemetry.sdk.name: opentelemetry
    telemetry.sdk.language: dotnet
    telemetry.sdk.version: 1.8.1
[03:42:40 INF] User logged in successfully: 91e337c9-69cb-449a-bff1-8332efc04697 {"SourceContext": "App.Features.Authentication.LoginCommandHandler", "ActionId": "1aa2aafa-61f1-416c-9cb7-27a0521b9341", "ActionName": "Api.Controllers.AuthController.Login (Api)", "RequestId": "0HNFGSKFKDJDV", "RequestPath": "/api/auth/login", "Application": "Crud.Api"}
Activity.TraceId:            4747c30869b48ca94b22c2970bc4dd18
Activity.SpanId:             6936217f3cc85ac3
Activity.TraceFlags:         Recorded
Activity.ActivitySourceName: Microsoft.AspNetCore
Activity.DisplayName:        POST api/Auth/login
Activity.Kind:               Server
Activity.StartTime:          2025-09-11T03:42:39.7645690Z
Activity.Duration:           00:00:00.2993884
Activity.Tags:
    server.address: localhost
    http.request.method: POST
    url.scheme: http
    url.path: /api/auth/login
    network.protocol.version: 1.1
    http.route: api/Auth/login
    http.response.status_code: 200
Resource associated with Activity:
    deployment.environment: Testing
    service.name: Crud.Api
    service.version: 1.0.0
    service.instance.id: a483e3f3-32ea-4a50-a508-2cd77b6b2522
    telemetry.sdk.name: opentelemetry
    telemetry.sdk.language: dotnet
    telemetry.sdk.version: 1.8.1
[03:42:40 DBG] Cache hit for key: list:person {"SourceContext": "Infrastructure.Services.Caching.InMemoryCacheService", "ActionId": "1d4e970d-e86a-475a-85f4-704e20320559", "ActionName": "Api.Controllers.PeopleController.List (Api)", "RequestId": "0HNFGSKFKDJE0", "RequestPath": "/api/people", "Application": "Crud.Api"}
Activity.TraceId:            bc2c7154b936cafbe7d268d2081dbf34
Activity.SpanId:             d7971925c95430df
Activity.TraceFlags:         Recorded
Activity.ActivitySourceName: Microsoft.AspNetCore
Activity.DisplayName:        GET api/People
Activity.Kind:               Server
Activity.StartTime:          2025-09-11T03:42:40.0642855Z
Activity.Duration:           00:00:00.0005692
Activity.Tags:
    server.address: localhost
    http.request.method: GET
    url.scheme: http
    url.path: /api/people
    network.protocol.version: 1.1
    http.route: api/People
    http.response.status_code: 200
Resource associated with Activity:
    deployment.environment: Testing
    service.name: Crud.Api
    service.version: 1.0.0
    service.instance.id: a483e3f3-32ea-4a50-a508-2cd77b6b2522
    telemetry.sdk.name: opentelemetry
    telemetry.sdk.language: dotnet
    telemetry.sdk.version: 1.8.1
[03:42:40 DBG] Cache hit for key: list:role {"SourceContext": "Infrastructure.Services.Caching.InMemoryCacheService", "ActionId": "28154185-638d-4a6c-8d9f-273175cc2bcb", "ActionName": "Api.Controllers.RolesController.List (Api)", "RequestId": "0HNFGSKFKDJE1", "RequestPath": "/api/roles", "Application": "Crud.Api"}
Activity.TraceId:            1cfe46cd8404345fc6058d4af798e0ab
Activity.SpanId:             9a10900dc2da0751
Activity.TraceFlags:         Recorded
Activity.ActivitySourceName: Microsoft.AspNetCore
Activity.DisplayName:        GET api/Roles
Activity.Kind:               Server
Activity.StartTime:          2025-09-11T03:42:40.0649745Z
Activity.Duration:           00:00:00.0016741
Activity.Tags:
    server.address: localhost
    http.request.method: GET
    url.scheme: http
    url.path: /api/roles
    network.protocol.version: 1.1
    http.route: api/Roles
    http.response.status_code: 200
Resource associated with Activity:
    deployment.environment: Testing
    service.name: Crud.Api
    service.version: 1.0.0
    service.instance.id: a483e3f3-32ea-4a50-a508-2cd77b6b2522
    telemetry.sdk.name: opentelemetry
    telemetry.sdk.language: dotnet
    telemetry.sdk.version: 1.8.1
[03:42:40 DBG] Removed cache value for key: entity:person:212f79a6a9ad45ae8fe01c20dc7be0b5 {"SourceContext": "Infrastructure.Services.Caching.InMemoryCacheService", "ActionId": "83c32170-899b-4f5b-b223-30426feca786", "ActionName": "Api.Controllers.PeopleController.Create (Api)", "RequestId": "0HNFGSKFKDJE2", "RequestPath": "/api/people", "Application": "Crud.Api"}
[03:42:40 DBG] Removed cache value for key: list:person {"SourceContext": "Infrastructure.Services.Caching.InMemoryCacheService", "ActionId": "83c32170-899b-4f5b-b223-30426feca786", "ActionName": "Api.Controllers.PeopleController.Create (Api)", "RequestId": "0HNFGSKFKDJE2", "RequestPath": "/api/people", "Application": "Crud.Api"}
[03:42:40 DBG] Invalidating cache for entity type: people with tag: people {"SourceContext": "Api.Services.OutputCacheInvalidationService", "ActionId": "83c32170-899b-4f5b-b223-30426feca786", "ActionName": "Api.Controllers.PeopleController.Create (Api)", "RequestId": "0HNFGSKFKDJE2", "RequestPath": "/api/people", "Application": "Crud.Api"}
[03:42:40 INF] Successfully invalidated cache for entity type: people {"SourceContext": "Api.Services.OutputCacheInvalidationService", "ActionId": "83c32170-899b-4f5b-b223-30426feca786", "ActionName": "Api.Controllers.PeopleController.Create (Api)", "RequestId": "0HNFGSKFKDJE2", "RequestPath": "/api/people", "Application": "Crud.Api"}
Activity.TraceId:            622b9e69cdc32447917dcd6076eeb728
Activity.SpanId:             86a84149c8d827e9
Activity.TraceFlags:         Recorded
Activity.ActivitySourceName: Microsoft.AspNetCore
Activity.DisplayName:        POST api/People
Activity.Kind:               Server
Activity.StartTime:          2025-09-11T03:42:40.0667364Z
Activity.Duration:           00:00:00.0018040
Activity.Tags:
    server.address: localhost
    http.request.method: POST
    url.scheme: http
    url.path: /api/people
    network.protocol.version: 1.1
    http.route: api/People
    http.response.status_code: 201
Resource associated with Activity:
    deployment.environment: Testing
    service.name: Crud.Api
    service.version: 1.0.0
    service.instance.id: a483e3f3-32ea-4a50-a508-2cd77b6b2522
    telemetry.sdk.name: opentelemetry
    telemetry.sdk.language: dotnet
    telemetry.sdk.version: 1.8.1
[03:42:40 DBG] Cache miss for key: list:person {"SourceContext": "Infrastructure.Services.Caching.InMemoryCacheService", "ActionId": "1d4e970d-e86a-475a-85f4-704e20320559", "ActionName": "Api.Controllers.PeopleController.List (Api)", "RequestId": "0HNFGSKFKDJE3", "RequestPath": "/api/people", "Application": "Crud.Api"}
[03:42:40 DBG] Set cache value for key: list:person {"SourceContext": "Infrastructure.Services.Caching.InMemoryCacheService", "ActionId": "1d4e970d-e86a-475a-85f4-704e20320559", "ActionName": "Api.Controllers.PeopleController.List (Api)", "RequestId": "0HNFGSKFKDJE3", "RequestPath": "/api/people", "Application": "Crud.Api"}
Activity.TraceId:            51c63584daacc51c3d2f2da64cae9cbc
Activity.SpanId:             31f30b4cc4976adf
Activity.TraceFlags:         Recorded
Activity.ActivitySourceName: Microsoft.AspNetCore
Activity.DisplayName:        GET api/People
Activity.Kind:               Server
Activity.StartTime:          2025-09-11T03:42:40.0686044Z
Activity.Duration:           00:00:00.0009960
Activity.Tags:
    server.address: localhost
    http.request.method: GET
    url.scheme: http
    url.path: /api/people
    network.protocol.version: 1.1
    http.route: api/People
    http.response.status_code: 200
Resource associated with Activity:
    deployment.environment: Testing
    service.name: Crud.Api
    service.version: 1.0.0
    service.instance.id: a483e3f3-32ea-4a50-a508-2cd77b6b2522
    telemetry.sdk.name: opentelemetry
    telemetry.sdk.language: dotnet
    telemetry.sdk.version: 1.8.1
[03:42:40 DBG] Cache hit for key: list:role {"SourceContext": "Infrastructure.Services.Caching.InMemoryCacheService", "ActionId": "28154185-638d-4a6c-8d9f-273175cc2bcb", "ActionName": "Api.Controllers.RolesController.List (Api)", "RequestId": "0HNFGSKFKDJE4", "RequestPath": "/api/roles", "Application": "Crud.Api"}
Activity.TraceId:            248950d71359db73be2077c80e99c2d2
Activity.SpanId:             2b2c8f3434985b28
Activity.TraceFlags:         Recorded
Activity.ActivitySourceName: Microsoft.AspNetCore
Activity.DisplayName:        GET api/Roles
Activity.Kind:               Server
Activity.StartTime:          2025-09-11T03:42:40.0697594Z
Activity.Duration:           00:00:00.0004140
Activity.Tags:
    server.address: localhost
    http.request.method: GET
    url.scheme: http
    url.path: /api/roles
    network.protocol.version: 1.1
    http.route: api/Roles
    http.response.status_code: 200
Resource associated with Activity:
    deployment.environment: Testing
    service.name: Crud.Api
    service.version: 1.0.0
    service.instance.id: a483e3f3-32ea-4a50-a508-2cd77b6b2522
    telemetry.sdk.name: opentelemetry
    telemetry.sdk.language: dotnet
    telemetry.sdk.version: 1.8.1
[03:42:40 INF] Resetting database for worker 7855 {"SourceContext": "Infrastructure.Services.DatabaseTestService", "Application": "Crud.Api"}
[03:42:40 INF] Resetting database via file deletion for worker 7855 in CI environment {"SourceContext": "Infrastructure.Services.DatabaseTestService", "Application": "Crud.Api"}
[03:42:40 INF] Acquiring database mutex for worker 7855... {"SourceContext": "Infrastructure.Services.DatabaseTestService", "Application": "Crud.Api"}
[03:42:40 INF] Database mutex acquired for worker 7855 {"SourceContext": "Infrastructure.Services.DatabaseTestService", "Application": "Crud.Api"}
[03:42:40 INF] Current database state - CanConnect: True {"SourceContext": "Infrastructure.Services.DatabaseTestService", "Application": "Crud.Api"}
[03:42:40 INF] [Phase 0] Closing database connection for worker 7855... {"SourceContext": "Infrastructure.Services.DatabaseTestService", "Application": "Crud.Api"}
[03:42:40 INF] [Phase 0] Connection closed in 0.0005ms {"SourceContext": "Infrastructure.Services.DatabaseTestService", "Application": "Crud.Api"}
[03:42:40 INF] [Phase 1] Starting EnsureDeletedAsync for worker 7855... {"SourceContext": "Infrastructure.Services.DatabaseTestService", "Application": "Crud.Api"}
[03:42:40 INF] [Phase 1] EnsureDeletedAsync completed in 1.4643ms {"SourceContext": "Infrastructure.Services.DatabaseTestService", "Application": "Crud.Api"}
[03:42:40 INF] [Phase 2] Starting EnsureCreatedAsync for worker 7855... {"SourceContext": "Infrastructure.Services.DatabaseTestService", "Application": "Crud.Api"}
[03:42:40 INF] [Phase 2] EnsureCreatedAsync completed in 10.5204ms {"SourceContext": "Infrastructure.Services.DatabaseTestService", "Application": "Crud.Api"}
[03:42:40 INF] [Phase 3] Skipping database seeding as requested for worker 7855 {"SourceContext": "Infrastructure.Services.DatabaseTestService", "Application": "Crud.Api"}
[03:42:40 INF] Database reset via file deletion completed for worker 7855 in 112.7719ms (Close: 0.0005ms, Delete: 1.4643ms, Create: 10.5204ms) {"SourceContext": "Infrastructure.Services.DatabaseTestService", "Application": "Crud.Api"}
[03:42:40 INF] Releasing database mutex for worker 7855 {"SourceContext": "Infrastructure.Services.DatabaseTestService", "Application": "Crud.Api"}
Resource associated with Metric:
    deployment.environment: Testing
    service.name: Crud.Api
    service.version: 1.0.0
    service.instance.id: a483e3f3-32ea-4a50-a508-2cd77b6b2522
    telemetry.sdk.name: opentelemetry
    telemetry.sdk.language: dotnet
    telemetry.sdk.version: 1.8.1
Metric Name: http.server.active_requests, Number of active HTTP server requests., Unit: {request}, Meter: Microsoft.AspNetCore.Hosting
(2025-09-11T03:42:32.1429393Z, 2025-09-11T03:42:40.1848085Z] http.request.method: POST url.scheme: http LongSumNonMonotonic
Value: 0
(2025-09-11T03:42:32.1429393Z, 2025-09-11T03:42:40.1848085Z] http.request.method: GET url.scheme: http LongSumNonMonotonic
Value: 0
(2025-09-11T03:42:32.1429393Z, 2025-09-11T03:42:40.1848085Z] http.request.method: DELETE url.scheme: http LongSumNonMonotonic
Value: 0
(2025-09-11T03:42:32.1429393Z, 2025-09-11T03:42:40.1848085Z] http.request.method: PUT url.scheme: http LongSumNonMonotonic
Value: 0
Metric Name: http.server.request.duration, Duration of HTTP server requests., Unit: s, Meter: Microsoft.AspNetCore.Hosting
(2025-09-11T03:42:32.1429620Z, 2025-09-11T03:42:40.1848111Z] http.request.method: POST http.response.status_code: 200 http.route: api/Auth/register network.protocol.version: 1.1 url.scheme: http Histogram
Value: Sum: 4.203023 Count: 14 Min: 0.2983204 Max: 0.3069281 
(-Infinity,0.005]:0
(0.005,0.01]:0
(0.01,0.025]:0
(0.025,0.05]:0
(0.05,0.075]:0
(0.075,0.1]:0
(0.1,0.25]:0
(0.25,0.5]:14
(0.5,0.75]:0
(0.75,1]:0
(1,2.5]:0
(2.5,5]:0
(5,7.5]:0
(7.5,10]:0
(10,+Infinity]:0
(2025-09-11T03:42:32.1429620Z, 2025-09-11T03:42:40.1848111Z] http.request.method: POST http.response.status_code: 200 http.route: api/Auth/login network.protocol.version: 1.1 url.scheme: http Histogram
Value: Sum: 2.099107 Count: 7 Min: 0.2988208 Max: 0.3034651 
(-Infinity,0.005]:0
(0.005,0.01]:0
(0.01,0.025]:0
(0.025,0.05]:0
(0.05,0.075]:0
(0.075,0.1]:0
(0.1,0.25]:0
(0.25,0.5]:7
(0.5,0.75]:0
(0.75,1]:0
(1,2.5]:0
(2.5,5]:0
(5,7.5]:0
(7.5,10]:0
(10,+Infinity]:0
(2025-09-11T03:42:32.1429620Z, 2025-09-11T03:42:40.1848111Z] http.request.method: GET http.response.status_code: 200 http.route: api/Windows network.protocol.version: 1.1 url.scheme: http Histogram
Value: Sum: 0.0234296 Count: 2 Min: 0.0029689 Max: 0.0204607 
(-Infinity,0.005]:1
(0.005,0.01]:0
(0.01,0.025]:1
(0.025,0.05]:0
(0.05,0.075]:0
(0.075,0.1]:0
(0.1,0.25]:0
(0.25,0.5]:0
(0.5,0.75]:0
(0.75,1]:0
(1,2.5]:0
(2.5,5]:0
(5,7.5]:0
(7.5,10]:0
(10,+Infinity]:0
(2025-09-11T03:42:32.1429620Z, 2025-09-11T03:42:40.1848111Z] http.request.method: POST http.response.status_code: 201 http.route: api/Windows network.protocol.version: 1.1 url.scheme: http Histogram
Value: Sum: 0.0129118 Count: 1 Min: 0.0129118 Max: 0.0129118 
(-Infinity,0.005]:0
(0.005,0.01]:0
(0.01,0.025]:1
(0.025,0.05]:0
(0.05,0.075]:0
(0.075,0.1]:0
(0.1,0.25]:0
(0.25,0.5]:0
(0.5,0.75]:0
(0.75,1]:0
(1,2.5]:0
(2.5,5]:0
(5,7.5]:0
(7.5,10]:0
(10,+Infinity]:0
(2025-09-11T03:42:32.1429620Z, 2025-09-11T03:42:40.1848111Z] http.request.method: GET http.response.status_code: 200 http.route: api/People network.protocol.version: 1.1 url.scheme: http Histogram
Value: Sum: 0.0164955 Count: 8 Min: 0.000356 Max: 0.0092223 
(-Infinity,0.005]:7
(0.005,0.01]:1
(0.01,0.025]:0
(0.025,0.05]:0
(0.05,0.075]:0
(0.075,0.1]:0
(0.1,0.25]:0
(0.25,0.5]:0
(0.5,0.75]:0
(0.75,1]:0
(1,2.5]:0
(2.5,5]:0
(5,7.5]:0
(7.5,10]:0
(10,+Infinity]:0
(2025-09-11T03:42:32.1429620Z, 2025-09-11T03:42:40.1848111Z] http.request.method: POST http.response.status_code: 201 http.route: api/People network.protocol.version: 1.1 url.scheme: http Histogram
Value: Sum: 0.0105692 Count: 2 Min: 0.0018016 Max: 0.0087676 
(-Infinity,0.005]:1
(0.005,0.01]:1
(0.01,0.025]:0
(0.025,0.05]:0
(0.05,0.075]:0
(0.075,0.1]:0
(0.1,0.25]:0
(0.25,0.5]:0
(0.5,0.75]:0
(0.75,1]:0
(1,2.5]:0
(2.5,5]:0
(5,7.5]:0
(7.5,10]:0
(10,+Infinity]:0
(2025-09-11T03:42:32.1429620Z, 2025-09-11T03:42:40.1848111Z] http.request.method: GET http.response.status_code: 200 http.route: api/Roles network.protocol.version: 1.1 url.scheme: http Histogram
Value: Sum: 0.0090229 Count: 4 Min: 0.0004132 Max: 0.0063025 
(-Infinity,0.005]:3
(0.005,0.01]:1
(0.01,0.025]:0
(0.025,0.05]:0
(0.05,0.075]:0
(0.075,0.1]:0
(0.1,0.25]:0
(0.25,0.5]:0
(0.5,0.75]:0
(0.75,1]:0
(1,2.5]:0
(2.5,5]:0
(5,7.5]:0
(7.5,10]:0
(10,+Infinity]:0
(2025-09-11T03:42:32.1429620Z, 2025-09-11T03:42:40.1848111Z] http.request.method: POST http.response.status_code: 201 http.route: api/Roles network.protocol.version: 1.1 url.scheme: http Histogram
Value: Sum: 0.0061585 Count: 1 Min: 0.0061585 Max: 0.0061585 
(-Infinity,0.005]:0
(0.005,0.01]:1
(0.01,0.025]:0
(0.025,0.05]:0
(0.05,0.075]:0
(0.075,0.1]:0
(0.1,0.25]:0
(0.25,0.5]:0
(0.5,0.75]:0
(0.75,1]:0
(1,2.5]:0
(2.5,5]:0
(5,7.5]:0
(7.5,10]:0
(10,+Infinity]:0
(2025-09-11T03:42:32.1429620Z, 2025-09-11T03:42:40.1848111Z] http.request.method: DELETE http.response.status_code: 204 http.route: api/People/{id:guid} network.protocol.version: 1.1 url.scheme: http Histogram
Value: Sum: 0.0090554 Count: 1 Min: 0.0090554 Max: 0.0090554 
(-Infinity,0.005]:0
(0.005,0.01]:1
(0.01,0.025]:0
(0.025,0.05]:0
(0.05,0.075]:0
(0.075,0.1]:0
(0.1,0.25]:0
(0.25,0.5]:0
(0.5,0.75]:0
(0.75,1]:0
(1,2.5]:0
(2.5,5]:0
(5,7.5]:0
(7.5,10]:0
(10,+Infinity]:0
(2025-09-11T03:42:32.1429620Z, 2025-09-11T03:42:40.1848111Z] http.request.method: GET http.response.status_code: 200 http.route: api/People/{id:guid} network.protocol.version: 1.1 url.scheme: http Histogram
Value: Sum: 0.0151375 Count: 2 Min: 0.0071994 Max: 0.0079381 
(-Infinity,0.005]:0
(0.005,0.01]:2
(0.01,0.025]:0
(0.025,0.05]:0
(0.05,0.075]:0
(0.075,0.1]:0
(0.1,0.25]:0
(0.25,0.5]:0
(0.5,0.75]:0
(0.75,1]:0
(1,2.5]:0
(2.5,5]:0
(5,7.5]:0
(7.5,10]:0
(10,+Infinity]:0
(2025-09-11T03:42:32.1429620Z, 2025-09-11T03:42:40.1848111Z] http.request.method: PUT http.response.status_code: 204 http.route: api/People/{id:guid} network.protocol.version: 1.1 url.scheme: http Histogram
Value: Sum: 0.0078723 Count: 1 Min: 0.0078723 Max: 0.0078723 
(-Infinity,0.005]:0
(0.005,0.01]:1
(0.01,0.025]:0
(0.025,0.05]:0
(0.05,0.075]:0
(0.075,0.1]:0
(0.1,0.25]:0
(0.25,0.5]:0
(0.5,0.75]:0
(0.75,1]:0
(1,2.5]:0
(2.5,5]:0
(5,7.5]:0
(7.5,10]:0
(10,+Infinity]:0
(2025-09-11T03:42:32.1429620Z, 2025-09-11T03:42:40.1848111Z] http.request.method: GET http.response.status_code: 200 http.route: api/Walls network.protocol.version: 1.1 url.scheme: http Histogram
Value: Sum: 0.010532300000000001 Count: 2 Min: 0.0018798 Max: 0.0086525 
(-Infinity,0.005]:1
(0.005,0.01]:1
(0.01,0.025]:0
(0.025,0.05]:0
(0.05,0.075]:0
(0.075,0.1]:0
(0.1,0.25]:0
(0.25,0.5]:0
(0.5,0.75]:0
(0.75,1]:0
(1,2.5]:0
(2.5,5]:0
(5,7.5]:0
(7.5,10]:0
(10,+Infinity]:0
(2025-09-11T03:42:32.1429620Z, 2025-09-11T03:42:40.1848111Z] http.request.method: POST http.response.status_code: 201 http.route: api/Walls network.protocol.version: 1.1 url.scheme: http Histogram
Value: Sum: 0.0115207 Count: 1 Min: 0.0115207 Max: 0.0115207 
(-Infinity,0.005]:0
(0.005,0.01]:0
(0.01,0.025]:1
(0.025,0.05]:0
(0.05,0.075]:0
(0.075,0.1]:0
(0.1,0.25]:0
(0.25,0.5]:0
(0.5,0.75]:0
(0.75,1]:0
(1,2.5]:0
(2.5,5]:0
(5,7.5]:0
(7.5,10]:0
(10,+Infinity]:0
Metric Name: aspnetcore.rate_limiting.active_request_leases, Number of HTTP requests that are currently active on the server that hold a rate limiting lease., Unit: {request}, Meter: Microsoft.AspNetCore.RateLimiting
(2025-09-11T03:42:32.1449892Z, 2025-09-11T03:42:40.1848115Z] LongSumNonMonotonic
Value: 0
Metric Name: aspnetcore.rate_limiting.request_lease.duration, The duration of rate limiting leases held by HTTP requests on the server., Unit: s, Meter: Microsoft.AspNetCore.RateLimiting
(2025-09-11T03:42:32.1450100Z, 2025-09-11T03:42:40.1848122Z] Histogram
Value: Sum: 6.426883600000001 Count: 46 Min: 0.0002966 Max: 0.3056945 
(-Infinity,0.005]:13
(0.005,0.01]:9
(0.01,0.025]:3
(0.025,0.05]:0
(0.05,0.075]:0
(0.075,0.1]:0
(0.1,0.25]:0
(0.25,0.5]:21
(0.5,0.75]:0
(0.75,1]:0
(1,2.5]:0
(2.5,5]:0
(5,7.5]:0
(7.5,10]:0
(10,+Infinity]:0
Metric Name: aspnetcore.rate_limiting.requests, Number of requests that tried to acquire a rate limiting lease. Requests could be rejected by global or endpoint rate limiting policies. Or the request could be canceled while waiting for the lease., Unit: {request}, Meter: Microsoft.AspNetCore.RateLimiting
(2025-09-11T03:42:32.1450520Z, 2025-09-11T03:42:40.1848132Z] aspnetcore.rate_limiting.result: acquired LongSum
Value: 46
Metric Name: aspnetcore.routing.match_attempts, Number of requests that were attempted to be matched to an endpoint., Unit: {match_attempt}, Meter: Microsoft.AspNetCore.Routing
(2025-09-11T03:42:32.1458373Z, 2025-09-11T03:42:40.1848135Z] aspnetcore.routing.is_fallback: false aspnetcore.routing.match_status: success http.route: api/Auth/register LongSum
Value: 14
(2025-09-11T03:42:32.1458373Z, 2025-09-11T03:42:40.1848135Z] aspnetcore.routing.is_fallback: false aspnetcore.routing.match_status: success http.route: api/Auth/login LongSum
Value: 7
(2025-09-11T03:42:32.1458373Z, 2025-09-11T03:42:40.1848135Z] aspnetcore.routing.is_fallback: false aspnetcore.routing.match_status: success http.route: api/Windows LongSum
Value: 3
(2025-09-11T03:42:32.1458373Z, 2025-09-11T03:42:40.1848135Z] aspnetcore.routing.is_fallback: false aspnetcore.routing.match_status: success http.route: api/People LongSum
Value: 10
(2025-09-11T03:42:32.1458373Z, 2025-09-11T03:42:40.1848135Z] aspnetcore.routing.is_fallback: false aspnetcore.routing.match_status: success http.route: api/Roles LongSum
Value: 5
(2025-09-11T03:42:32.1458373Z, 2025-09-11T03:42:40.1848135Z] aspnetcore.routing.is_fallback: false aspnetcore.routing.match_status: success http.route: api/People/{id:guid} LongSum
Value: 4
(2025-09-11T03:42:32.1458373Z, 2025-09-11T03:42:40.1848135Z] aspnetcore.routing.is_fallback: false aspnetcore.routing.match_status: success http.route: api/Walls LongSum
Value: 3
[03:42:40 INF] Starting Crud API application {"Application": "Crud.Api"}
[03:42:40 INF] Using SQLite provider with connection: Data Source=TestDatabase.db {"Application": "Crud.Api"}
[03:42:40 INF] Database ensured successfully {"Application": "Crud.Api"}
[03:42:40 INF] Application configured successfully. Starting web host... {"Application": "Crud.Api"}
[03:42:40 WRN] Failed to determine the https port for redirect. {"EventId": {"Id": 3, "Name": "FailedToDeterminePort"}, "SourceContext": "Microsoft.AspNetCore.HttpsPolicy.HttpsRedirectionMiddleware", "RequestId": "0HNFGSKFKDJE5", "RequestPath": "/index.html", "Application": "Crud.Api"}
Activity.TraceId:            a4dab95541684ac40b5be9e44f937ae3
Activity.SpanId:             2965bc70c0dd1cb3
Activity.TraceFlags:         Recorded
Activity.ActivitySourceName: Microsoft.AspNetCore
Activity.DisplayName:        GET
Activity.Kind:               Server
Activity.StartTime:          2025-09-11T03:42:40.2105103Z
Activity.Duration:           00:00:00.0044083
Activity.Tags:
    server.address: localhost
    http.request.method: GET
    url.scheme: http
    url.path: /index.html
    network.protocol.version: 1.1
    http.response.status_code: 200
Resource associated with Activity:
    deployment.environment: Testing
    service.name: Crud.Api
    service.version: 1.0.0
    service.instance.id: a483e3f3-32ea-4a50-a508-2cd77b6b2522
    telemetry.sdk.name: opentelemetry
    telemetry.sdk.language: dotnet
    telemetry.sdk.version: 1.8.1
Activity.TraceId:            7abe438413720e9b4cdbc6bed39f7476
Activity.SpanId:             5bc7586f17792083
Activity.TraceFlags:         Recorded
Activity.ActivitySourceName: Microsoft.AspNetCore
Activity.DisplayName:        GET
Activity.Kind:               Server
Activity.StartTime:          2025-09-11T03:42:40.2169053Z
Activity.Duration:           00:00:00.0045520
Activity.Tags:
    server.address: localhost
    http.request.method: GET
    url.scheme: http
    url.path: /js/test.js
    network.protocol.version: 1.1
    http.response.status_code: 200
Resource associated with Activity:
    deployment.environment: Testing
    service.name: Crud.Api
    service.version: 1.0.0
    service.instance.id: a483e3f3-32ea-4a50-a508-2cd77b6b2522
    telemetry.sdk.name: opentelemetry
    telemetry.sdk.language: dotnet
    telemetry.sdk.version: 1.8.1
Activity.TraceId:            12dd5e15a5365b01ce45ce78a05f6494
Activity.SpanId:             4e4916b8843dfc5a
Activity.TraceFlags:         Recorded
Activity.ActivitySourceName: Microsoft.AspNetCore
Activity.DisplayName:        GET
Activity.Kind:               Server
Activity.StartTime:          2025-09-11T03:42:40.2233227Z
Activity.Duration:           00:00:00.0007001
Activity.Tags:
    server.address: localhost
    http.request.method: GET
    url.scheme: http
    url.path: /css/test.css
    network.protocol.version: 1.1
    http.response.status_code: 200
Resource associated with Activity:
    deployment.environment: Testing
    service.name: Crud.Api
    service.version: 1.0.0
    service.instance.id: a483e3f3-32ea-4a50-a508-2cd77b6b2522
    telemetry.sdk.name: opentelemetry
    telemetry.sdk.language: dotnet
    telemetry.sdk.version: 1.8.1
Activity.TraceId:            cdfce0939308c3c92df12232b85b2ac1
Activity.SpanId:             f61d393c462610b5
Activity.TraceFlags:         Recorded
Activity.ActivitySourceName: Microsoft.AspNetCore
Activity.DisplayName:        GET
Activity.Kind:               Server
Activity.StartTime:          2025-09-11T03:42:40.2257017Z
Activity.Duration:           00:00:00.0007051
Activity.Tags:
    server.address: localhost
    http.request.method: GET
    url.scheme: http
    url.path: /css/test.css
    network.protocol.version: 1.1
    http.response.status_code: 200
Resource associated with Activity:
    deployment.environment: Testing
    service.name: Crud.Api
    service.version: 1.0.0
    service.instance.id: a483e3f3-32ea-4a50-a508-2cd77b6b2522
    telemetry.sdk.name: opentelemetry
    telemetry.sdk.language: dotnet
    telemetry.sdk.version: 1.8.1
Activity.TraceId:            5fe6037c6fb3fd1f5968490e01b119c3
Activity.SpanId:             924bb3b68e1803c2
Activity.TraceFlags:         Recorded
Activity.ActivitySourceName: Microsoft.AspNetCore
Activity.DisplayName:        GET
Activity.Kind:               Server
Activity.StartTime:          2025-09-11T03:42:40.2284277Z
Activity.Duration:           00:00:00.0003729
Activity.Tags:
    server.address: localhost
    http.request.method: GET
    url.scheme: http
    url.path: /css/test.css
    network.protocol.version: 1.1
    http.response.status_code: 200
Resource associated with Activity:
    deployment.environment: Testing
    service.name: Crud.Api
    service.version: 1.0.0
    service.instance.id: a483e3f3-32ea-4a50-a508-2cd77b6b2522
    telemetry.sdk.name: opentelemetry
    telemetry.sdk.language: dotnet
    telemetry.sdk.version: 1.8.1
Activity.TraceId:            497eb198495466c85a16a6200677823a
Activity.SpanId:             3bdb6781448a0cc4
Activity.TraceFlags:         Recorded
Activity.ActivitySourceName: Microsoft.AspNetCore
Activity.DisplayName:        GET
Activity.Kind:               Server
Activity.StartTime:          2025-09-11T03:42:40.2300011Z
Activity.Duration:           00:00:00.0001650
Activity.Tags:
    server.address: localhost
    http.request.method: GET
    url.scheme: http
    url.path: /js/test.js
    network.protocol.version: 1.1
    http.response.status_code: 200
Resource associated with Activity:
    deployment.environment: Testing
    service.name: Crud.Api
    service.version: 1.0.0
    service.instance.id: a483e3f3-32ea-4a50-a508-2cd77b6b2522
    telemetry.sdk.name: opentelemetry
    telemetry.sdk.language: dotnet
    telemetry.sdk.version: 1.8.1
Activity.TraceId:            cf71cc2e8ccf52eeda4e9cf49053e440
Activity.SpanId:             a7cfe3e6bd9cc4e8
Activity.TraceFlags:         Recorded
Activity.ActivitySourceName: Microsoft.AspNetCore
Activity.DisplayName:        GET
Activity.Kind:               Server
Activity.StartTime:          2025-09-11T03:42:40.2302378Z
Activity.Duration:           00:00:00.0004250
Activity.Tags:
    server.address: localhost
    http.request.method: GET
    url.scheme: http
    url.path: /index.html
    network.protocol.version: 1.1
    http.response.status_code: 200
Resource associated with Activity:
    deployment.environment: Testing
    service.name: Crud.Api
    service.version: 1.0.0
    service.instance.id: a483e3f3-32ea-4a50-a508-2cd77b6b2522
    telemetry.sdk.name: opentelemetry
    telemetry.sdk.language: dotnet
    telemetry.sdk.version: 1.8.1
Activity.TraceId:            cb8834bd74dc7501147c6ffa74d0d029
Activity.SpanId:             76b5fd7a1efda167
Activity.TraceFlags:         Recorded
Activity.ActivitySourceName: Microsoft.AspNetCore
Activity.DisplayName:        GET
Activity.Kind:               Server
Activity.StartTime:          2025-09-11T03:42:40.2321512Z
Activity.Duration:           00:00:00.0002763
Activity.Tags:
    server.address: localhost
    http.request.method: GET
    url.scheme: http
    url.path: /css/test.css
    network.protocol.version: 1.1
    http.response.status_code: 200
Resource associated with Activity:
    deployment.environment: Testing
    service.name: Crud.Api
    service.version: 1.0.0
    service.instance.id: a483e3f3-32ea-4a50-a508-2cd77b6b2522
    telemetry.sdk.name: opentelemetry
    telemetry.sdk.language: dotnet
    telemetry.sdk.version: 1.8.1
Activity.TraceId:            5aa6c88769887284d37c08c163e492e8
Activity.SpanId:             7c42f8207d55e0ca
Activity.TraceFlags:         Recorded
Activity.ActivitySourceName: Microsoft.AspNetCore
Activity.DisplayName:        GET
Activity.Kind:               Server
Activity.StartTime:          2025-09-11T03:42:40.2333346Z
Activity.Duration:           00:00:00.0001298
Activity.Tags:
    server.address: localhost
    http.request.method: GET
    url.scheme: http
    url.path: /js/test.js
    network.protocol.version: 1.1
    http.response.status_code: 200
Resource associated with Activity:
    deployment.environment: Testing
    service.name: Crud.Api
    service.version: 1.0.0
    service.instance.id: a483e3f3-32ea-4a50-a508-2cd77b6b2522
    telemetry.sdk.name: opentelemetry
    telemetry.sdk.language: dotnet
    telemetry.sdk.version: 1.8.1
Activity.TraceId:            dd5fe05d11f19e9c0afdde87c54ae2bb
Activity.SpanId:             20a4bf6135fee7ef
Activity.TraceFlags:         Recorded
Activity.ActivitySourceName: Microsoft.AspNetCore
Activity.DisplayName:        GET
Activity.Kind:               Server
Activity.StartTime:          2025-09-11T03:42:40.2335234Z
Activity.Duration:           00:00:00.0001017
Activity.Tags:
    server.address: localhost
    http.request.method: GET
    url.scheme: http
    url.path: /index.html
    network.protocol.version: 1.1
    http.response.status_code: 200
Resource associated with Activity:
    deployment.environment: Testing
    service.name: Crud.Api
    service.version: 1.0.0
    service.instance.id: a483e3f3-32ea-4a50-a508-2cd77b6b2522
    telemetry.sdk.name: opentelemetry
    telemetry.sdk.language: dotnet
    telemetry.sdk.version: 1.8.1
Activity.TraceId:            1c16fda424ed1fd2be081a6259745d98
Activity.SpanId:             090877581736f9aa
Activity.TraceFlags:         Recorded
Activity.ActivitySourceName: Microsoft.AspNetCore
Activity.DisplayName:        GET
Activity.Kind:               Server
Activity.StartTime:          2025-09-11T03:42:40.2349663Z
Activity.Duration:           00:00:00.0004361
Activity.Tags:
    server.address: localhost
    http.request.method: GET
    url.scheme: http
    url.path: /js/test.js
    network.protocol.version: 1.1
    http.response.status_code: 200
Resource associated with Activity:
    deployment.environment: Testing
    service.name: Crud.Api
    service.version: 1.0.0
    service.instance.id: a483e3f3-32ea-4a50-a508-2cd77b6b2522
    telemetry.sdk.name: opentelemetry
    telemetry.sdk.language: dotnet
    telemetry.sdk.version: 1.8.1
Activity.TraceId:            8301044b14f06b1f4f870c31ea32bd28
Activity.SpanId:             2db4b9bcc336182f
Activity.TraceFlags:         Recorded
Activity.ActivitySourceName: Microsoft.AspNetCore
Activity.DisplayName:        GET
Activity.Kind:               Server
Activity.StartTime:          2025-09-11T03:42:40.2377037Z
Activity.Duration:           00:00:00.0002689
Activity.Tags:
    server.address: localhost
    http.request.method: GET
    url.scheme: http
    url.path: /css/test.css
    network.protocol.version: 1.1
    http.response.status_code: 200
Resource associated with Activity:
    deployment.environment: Testing
    service.name: Crud.Api
    service.version: 1.0.0
    service.instance.id: a483e3f3-32ea-4a50-a508-2cd77b6b2522
    telemetry.sdk.name: opentelemetry
    telemetry.sdk.language: dotnet
    telemetry.sdk.version: 1.8.1
Activity.TraceId:            60e6bae3b7f65a8f75b71e7daf397971
Activity.SpanId:             275afe652e16f3d0
Activity.TraceFlags:         Recorded
Activity.ActivitySourceName: Microsoft.AspNetCore
Activity.DisplayName:        GET
Activity.Kind:               Server
Activity.StartTime:          2025-09-11T03:42:40.2389151Z
Activity.Duration:           00:00:00.0002418
Activity.Tags:
    server.address: localhost
    http.request.method: GET
    url.scheme: http
    url.path: /css/test.css
    network.protocol.version: 1.1
    http.response.status_code: 200
Resource associated with Activity:
    deployment.environment: Testing
    service.name: Crud.Api
    service.version: 1.0.0
    service.instance.id: a483e3f3-32ea-4a50-a508-2cd77b6b2522
    telemetry.sdk.name: opentelemetry
    telemetry.sdk.language: dotnet
    telemetry.sdk.version: 1.8.1
Activity.TraceId:            b53e41f9b7d284d7216a2243549ce5a8
Activity.SpanId:             5b1687cbdfebe200
Activity.TraceFlags:         Recorded
Activity.ActivitySourceName: Microsoft.AspNetCore
Activity.DisplayName:        GET
Activity.Kind:               Server
Activity.StartTime:          2025-09-11T03:42:40.2407333Z
Activity.Duration:           00:00:00.0005121
Activity.Tags:
    server.address: localhost
    http.request.method: GET
    url.scheme: http
    url.path: /css/test.css
    network.protocol.version: 1.1
    http.response.status_code: 200
Resource associated with Activity:
    deployment.environment: Testing
    service.name: Crud.Api
    service.version: 1.0.0
    service.instance.id: a483e3f3-32ea-4a50-a508-2cd77b6b2522
    telemetry.sdk.name: opentelemetry
    telemetry.sdk.language: dotnet
    telemetry.sdk.version: 1.8.1
Activity.TraceId:            0769747953f5645af62117d0a18668b7
Activity.SpanId:             e70acc321d7b81bf
Activity.TraceFlags:         Recorded
Activity.ActivitySourceName: Microsoft.AspNetCore
Activity.DisplayName:        GET
Activity.Kind:               Server
Activity.StartTime:          2025-09-11T03:42:40.2422155Z
Activity.Duration:           00:00:00.0002501
Activity.Tags:
    server.address: localhost
    http.request.method: GET
    url.scheme: http
    url.path: /js/test.js
    network.protocol.version: 1.1
    http.response.status_code: 200
Resource associated with Activity:
    deployment.environment: Testing
    service.name: Crud.Api
    service.version: 1.0.0
    service.instance.id: a483e3f3-32ea-4a50-a508-2cd77b6b2522
    telemetry.sdk.name: opentelemetry
    telemetry.sdk.language: dotnet
    telemetry.sdk.version: 1.8.1
Activity.TraceId:            53cb1de2f80a51f20d8c7a9b573e8e14
Activity.SpanId:             e05e340575c9e5b6
Activity.TraceFlags:         Recorded
Activity.ActivitySourceName: Microsoft.AspNetCore
Activity.DisplayName:        GET
Activity.Kind:               Server
Activity.StartTime:          2025-09-11T03:42:40.2425313Z
Activity.Duration:           00:00:00.0002403
Activity.Tags:
    server.address: localhost
    http.request.method: GET
    url.scheme: http
    url.path: /index.html
    network.protocol.version: 1.1
    http.response.status_code: 200
Resource associated with Activity:
    deployment.environment: Testing
    service.name: Crud.Api
    service.version: 1.0.0
    service.instance.id: a483e3f3-32ea-4a50-a508-2cd77b6b2522
    telemetry.sdk.name: opentelemetry
    telemetry.sdk.language: dotnet
    telemetry.sdk.version: 1.8.1
Resource associated with Metric:
    deployment.environment: Testing
    service.name: Crud.Api
    service.version: 1.0.0
    service.instance.id: a483e3f3-32ea-4a50-a508-2cd77b6b2522
    telemetry.sdk.name: opentelemetry
    telemetry.sdk.language: dotnet
    telemetry.sdk.version: 1.8.1
Metric Name: http.server.active_requests, Number of active HTTP server requests., Unit: {request}, Meter: Microsoft.AspNetCore.Hosting
(2025-09-11T03:42:40.2069611Z, 2025-09-11T03:42:40.2440413Z] http.request.method: GET url.scheme: http LongSumNonMonotonic
Value: 0
Metric Name: http.server.request.duration, Duration of HTTP server requests., Unit: s, Meter: Microsoft.AspNetCore.Hosting
(2025-09-11T03:42:40.2069840Z, 2025-09-11T03:42:40.2440417Z] http.request.method: GET http.response.status_code: 200 network.protocol.version: 1.1 url.scheme: http Histogram
Value: Sum: 0.013741499999999997 Count: 16 Min: 9.84E-05 Max: 0.0045507 
(-Infinity,0.005]:16
(0.005,0.01]:0
(0.01,0.025]:0
(0.025,0.05]:0
(0.05,0.075]:0
(0.075,0.1]:0
(0.1,0.25]:0
(0.25,0.5]:0
(0.5,0.75]:0
(0.75,1]:0
(1,2.5]:0
(2.5,5]:0
(5,7.5]:0
(7.5,10]:0
(10,+Infinity]:0
Metric Name: aspnetcore.routing.match_attempts, Number of requests that were attempted to be matched to an endpoint., Unit: {match_attempt}, Meter: Microsoft.AspNetCore.Routing
(2025-09-11T03:42:40.2096459Z, 2025-09-11T03:42:40.2440465Z] aspnetcore.routing.match_status: failure LongSum
Value: 16
[03:42:40 INF] Starting Crud API application {"Application": "Crud.Api"}
[03:42:40 INF] Using SQLite provider with connection: Data Source=TestDatabase.db {"Application": "Crud.Api"}
[03:42:40 INF] Database ensured successfully {"Application": "Crud.Api"}
[03:42:40 INF] Application configured successfully. Starting web host... {"Application": "Crud.Api"}
[03:42:40 WRN] Failed to determine the https port for redirect. {"EventId": {"Id": 3, "Name": "FailedToDeterminePort"}, "SourceContext": "Microsoft.AspNetCore.HttpsPolicy.HttpsRedirectionMiddleware", "RequestId": "0HNFGSKFKDJEL", "RequestPath": "/api/auth/register", "Application": "Crud.Api"}
[03:42:40 INF] User registered successfully: d3e132a8-29ec-425f-927d-ec4b4e50cd17 {"SourceContext": "App.Features.Authentication.RegisterUserCommandHandler", "ActionId": "04e3489a-ed71-4318-8eaa-ffbfd5ebdfd2", "ActionName": "Api.Controllers.AuthController.Register (Api)", "RequestId": "0HNFGSKFKDJEL", "RequestPath": "/api/auth/register", "Application": "Crud.Api"}
Activity.TraceId:            86ca9b7ef132266948dca9457101d620
Activity.SpanId:             096ceb6558b4f901
Activity.TraceFlags:         Recorded
Activity.ActivitySourceName: Microsoft.AspNetCore
Activity.DisplayName:        POST api/Auth/register
Activity.Kind:               Server
Activity.StartTime:          2025-09-11T03:42:40.2787103Z
Activity.Duration:           00:00:00.3119595
Activity.Tags:
    server.address: localhost
    http.request.method: POST
    url.scheme: http
    url.path: /api/auth/register
    network.protocol.version: 1.1
    http.route: api/Auth/register
    http.response.status_code: 200
Resource associated with Activity:
    deployment.environment: Testing
    service.name: Crud.Api
    service.version: 1.0.0
    service.instance.id: a483e3f3-32ea-4a50-a508-2cd77b6b2522
    telemetry.sdk.name: opentelemetry
    telemetry.sdk.language: dotnet
    telemetry.sdk.version: 1.8.1
[03:42:40 INF] User logged in successfully: d3e132a8-29ec-425f-927d-ec4b4e50cd17 {"SourceContext": "App.Features.Authentication.LoginCommandHandler", "ActionId": "f8013e71-3084-4253-9ed8-4150a25c9e00", "ActionName": "Api.Controllers.AuthController.Login (Api)", "RequestId": "0HNFGSKFKDJEM", "RequestPath": "/api/auth/login", "Application": "Crud.Api"}
Activity.TraceId:            74ce6236bb1dc47513ea2c7f72b06597
Activity.SpanId:             21bb1ff6ecdb3d50
Activity.TraceFlags:         Recorded
Activity.ActivitySourceName: Microsoft.AspNetCore
Activity.DisplayName:        POST api/Auth/login
Activity.Kind:               Server
Activity.StartTime:          2025-09-11T03:42:40.5945560Z
Activity.Duration:           00:00:00.3035493
Activity.Tags:
    server.address: localhost
    http.request.method: POST
    url.scheme: http
    url.path: /api/auth/login
    network.protocol.version: 1.1
    http.route: api/Auth/login
    http.response.status_code: 200
Resource associated with Activity:
    deployment.environment: Testing
    service.name: Crud.Api
    service.version: 1.0.0
    service.instance.id: a483e3f3-32ea-4a50-a508-2cd77b6b2522
    telemetry.sdk.name: opentelemetry
    telemetry.sdk.language: dotnet
    telemetry.sdk.version: 1.8.1
[03:42:40 DBG] Removed cache value for key: entity:role:c8e11eec79cf4f3bb4703214aa7407fe {"SourceContext": "Infrastructure.Services.Caching.InMemoryCacheService", "ActionId": "9a7ab970-628f-4f34-9248-50ebca911a82", "ActionName": "Api.Controllers.RolesController.Delete (Api)", "RequestId": "0HNFGSKFKDJEN", "RequestPath": "/api/roles/c8e11eec-79cf-4f3b-b470-3214aa7407fe", "Application": "Crud.Api"}
[03:42:40 DBG] Removed cache value for key: list:role {"SourceContext": "Infrastructure.Services.Caching.InMemoryCacheService", "ActionId": "9a7ab970-628f-4f34-9248-50ebca911a82", "ActionName": "Api.Controllers.RolesController.Delete (Api)", "RequestId": "0HNFGSKFKDJEN", "RequestPath": "/api/roles/c8e11eec-79cf-4f3b-b470-3214aa7407fe", "Application": "Crud.Api"}
[03:42:40 DBG] Invalidating cache for entity: roles/c8e11eec-79cf-4f3b-b470-3214aa7407fe with tags: roles, roles:c8e11eec-79cf-4f3b-b470-3214aa7407fe {"SourceContext": "Api.Services.OutputCacheInvalidationService", "ActionId": "9a7ab970-628f-4f34-9248-50ebca911a82", "ActionName": "Api.Controllers.RolesController.Delete (Api)", "RequestId": "0HNFGSKFKDJEN", "RequestPath": "/api/roles/c8e11eec-79cf-4f3b-b470-3214aa7407fe", "Application": "Crud.Api"}
[03:42:40 DBG] Successfully invalidated cache for tag: roles {"SourceContext": "Api.Services.OutputCacheInvalidationService", "ActionId": "9a7ab970-628f-4f34-9248-50ebca911a82", "ActionName": "Api.Controllers.RolesController.Delete (Api)", "RequestId": "0HNFGSKFKDJEN", "RequestPath": "/api/roles/c8e11eec-79cf-4f3b-b470-3214aa7407fe", "Application": "Crud.Api"}
[03:42:40 DBG] Successfully invalidated cache for tag: roles:c8e11eec-79cf-4f3b-b470-3214aa7407fe {"SourceContext": "Api.Services.OutputCacheInvalidationService", "ActionId": "9a7ab970-628f-4f34-9248-50ebca911a82", "ActionName": "Api.Controllers.RolesController.Delete (Api)", "RequestId": "0HNFGSKFKDJEN", "RequestPath": "/api/roles/c8e11eec-79cf-4f3b-b470-3214aa7407fe", "Application": "Crud.Api"}
Activity.TraceId:            e914913f6d14117250805d3e2291f754
Activity.SpanId:             4f0d61bc3a51b1cd
Activity.TraceFlags:         Recorded
Activity.ActivitySourceName: Microsoft.AspNetCore
Activity.DisplayName:        DELETE api/Roles/{id:guid}
Activity.Kind:               Server
Activity.StartTime:          2025-09-11T03:42:40.8987918Z
Activity.Duration:           00:00:00.0111701
Activity.Tags:
    server.address: localhost
    http.request.method: DELETE
    url.scheme: http
    url.path: /api/roles/c8e11eec-79cf-4f3b-b470-3214aa7407fe
    network.protocol.version: 1.1
    http.route: api/Roles/{id:guid}
    http.response.status_code: 204
Resource associated with Activity:
    deployment.environment: Testing
    service.name: Crud.Api
    service.version: 1.0.0
    service.instance.id: a483e3f3-32ea-4a50-a508-2cd77b6b2522
    telemetry.sdk.name: opentelemetry
    telemetry.sdk.language: dotnet
    telemetry.sdk.version: 1.8.1
[03:42:40 INF] Resetting database for worker 10326 {"SourceContext": "Infrastructure.Services.DatabaseTestService", "Application": "Crud.Api"}
[03:42:40 INF] Resetting database via file deletion for worker 10326 in CI environment {"SourceContext": "Infrastructure.Services.DatabaseTestService", "Application": "Crud.Api"}
[03:42:40 INF] Acquiring database mutex for worker 10326... {"SourceContext": "Infrastructure.Services.DatabaseTestService", "Application": "Crud.Api"}
[03:42:40 INF] Database mutex acquired for worker 10326 {"SourceContext": "Infrastructure.Services.DatabaseTestService", "Application": "Crud.Api"}
[03:42:40 INF] Current database state - CanConnect: True {"SourceContext": "Infrastructure.Services.DatabaseTestService", "Application": "Crud.Api"}
[03:42:40 INF] [Phase 0] Closing database connection for worker 10326... {"SourceContext": "Infrastructure.Services.DatabaseTestService", "Application": "Crud.Api"}
[03:42:40 INF] [Phase 0] Connection closed in 0.0008ms {"SourceContext": "Infrastructure.Services.DatabaseTestService", "Application": "Crud.Api"}
[03:42:40 INF] [Phase 1] Starting EnsureDeletedAsync for worker 10326... {"SourceContext": "Infrastructure.Services.DatabaseTestService", "Application": "Crud.Api"}
[03:42:40 INF] [Phase 1] EnsureDeletedAsync completed in 1.8275ms {"SourceContext": "Infrastructure.Services.DatabaseTestService", "Application": "Crud.Api"}
[03:42:41 INF] [Phase 2] Starting EnsureCreatedAsync for worker 10326... {"SourceContext": "Infrastructure.Services.DatabaseTestService", "Application": "Crud.Api"}
[03:42:41 INF] [Phase 2] EnsureCreatedAsync completed in 7.7764ms {"SourceContext": "Infrastructure.Services.DatabaseTestService", "Application": "Crud.Api"}
[03:42:41 INF] [Phase 3] Skipping database seeding as requested for worker 10326 {"SourceContext": "Infrastructure.Services.DatabaseTestService", "Application": "Crud.Api"}
[03:42:41 INF] Database reset via file deletion completed for worker 10326 in 110.1902ms (Close: 0.0008ms, Delete: 1.8275ms, Create: 7.7764ms) {"SourceContext": "Infrastructure.Services.DatabaseTestService", "Application": "Crud.Api"}
[03:42:41 INF] Releasing database mutex for worker 10326 {"SourceContext": "Infrastructure.Services.DatabaseTestService", "Application": "Crud.Api"}
[03:42:41 INF] User registered successfully: 30b3c9a2-931a-446b-be49-2e370d46a0f0 {"SourceContext": "App.Features.Authentication.RegisterUserCommandHandler", "ActionId": "04e3489a-ed71-4318-8eaa-ffbfd5ebdfd2", "ActionName": "Api.Controllers.AuthController.Register (Api)", "RequestId": "0HNFGSKFKDJEO", "RequestPath": "/api/auth/register", "Application": "Crud.Api"}
Activity.TraceId:            fb38e450beb2d49a348e72c8ceb6a593
Activity.SpanId:             a4ebba137c212ca5
Activity.TraceFlags:         Recorded
Activity.ActivitySourceName: Microsoft.AspNetCore
Activity.DisplayName:        POST api/Auth/register
Activity.Kind:               Server
Activity.StartTime:          2025-09-11T03:42:41.0244177Z
Activity.Duration:           00:00:00.2991974
Activity.Tags:
    server.address: localhost
    http.request.method: POST
    url.scheme: http
    url.path: /api/auth/register
    network.protocol.version: 1.1
    http.route: api/Auth/register
    http.response.status_code: 200
Resource associated with Activity:
    deployment.environment: Testing
    service.name: Crud.Api
    service.version: 1.0.0
    service.instance.id: a483e3f3-32ea-4a50-a508-2cd77b6b2522
    telemetry.sdk.name: opentelemetry
    telemetry.sdk.language: dotnet
    telemetry.sdk.version: 1.8.1
[03:42:41 INF] User logged in successfully: 30b3c9a2-931a-446b-be49-2e370d46a0f0 {"SourceContext": "App.Features.Authentication.LoginCommandHandler", "ActionId": "f8013e71-3084-4253-9ed8-4150a25c9e00", "ActionName": "Api.Controllers.AuthController.Login (Api)", "RequestId": "0HNFGSKFKDJEP", "RequestPath": "/api/auth/login", "Application": "Crud.Api"}
Activity.TraceId:            ddfbafc0cbcdf733f4ff9065a251d6f8
Activity.SpanId:             ebc821b4653ef967
Activity.TraceFlags:         Recorded
Activity.ActivitySourceName: Microsoft.AspNetCore
Activity.DisplayName:        POST api/Auth/login
Activity.Kind:               Server
Activity.StartTime:          2025-09-11T03:42:41.3247539Z
Activity.Duration:           00:00:00.2986419
Activity.Tags:
    server.address: localhost
    http.request.method: POST
    url.scheme: http
    url.path: /api/auth/login
    network.protocol.version: 1.1
    http.route: api/Auth/login
    http.response.status_code: 200
Resource associated with Activity:
    deployment.environment: Testing
    service.name: Crud.Api
    service.version: 1.0.0
    service.instance.id: a483e3f3-32ea-4a50-a508-2cd77b6b2522
    telemetry.sdk.name: opentelemetry
    telemetry.sdk.language: dotnet
    telemetry.sdk.version: 1.8.1
[03:42:41 DBG] Cache miss for key: name:role:admin {"SourceContext": "Infrastructure.Services.Caching.InMemoryCacheService", "ActionId": "71dd020c-f22b-4d43-97b9-eb5c1668d915", "ActionName": "Api.Controllers.RolesController.Create (Api)", "RequestId": "0HNFGSKFKDJEQ", "RequestPath": "/api/roles", "Application": "Crud.Api"}
[03:42:41 DBG] Removed cache value for key: entity:role:e3f078187f7d41daa91cca48fcd1aeba {"SourceContext": "Infrastructure.Services.Caching.InMemoryCacheService", "ActionId": "71dd020c-f22b-4d43-97b9-eb5c1668d915", "ActionName": "Api.Controllers.RolesController.Create (Api)", "RequestId": "0HNFGSKFKDJEQ", "RequestPath": "/api/roles", "Application": "Crud.Api"}
[03:42:41 DBG] Removed cache value for key: list:role {"SourceContext": "Infrastructure.Services.Caching.InMemoryCacheService", "ActionId": "71dd020c-f22b-4d43-97b9-eb5c1668d915", "ActionName": "Api.Controllers.RolesController.Create (Api)", "RequestId": "0HNFGSKFKDJEQ", "RequestPath": "/api/roles", "Application": "Crud.Api"}
[03:42:41 DBG] Invalidating cache for entity type: roles with tag: roles {"SourceContext": "Api.Services.OutputCacheInvalidationService", "ActionId": "71dd020c-f22b-4d43-97b9-eb5c1668d915", "ActionName": "Api.Controllers.RolesController.Create (Api)", "RequestId": "0HNFGSKFKDJEQ", "RequestPath": "/api/roles", "Application": "Crud.Api"}
[03:42:41 INF] Successfully invalidated cache for entity type: roles {"SourceContext": "Api.Services.OutputCacheInvalidationService", "ActionId": "71dd020c-f22b-4d43-97b9-eb5c1668d915", "ActionName": "Api.Controllers.RolesController.Create (Api)", "RequestId": "0HNFGSKFKDJEQ", "RequestPath": "/api/roles", "Application": "Crud.Api"}
Activity.TraceId:            fb6c4ee06fde270891439fe6b6bc5c68
Activity.SpanId:             3ed1baa49c0e64a6
Activity.TraceFlags:         Recorded
Activity.ActivitySourceName: Microsoft.AspNetCore
Activity.DisplayName:        POST api/Roles
Activity.Kind:               Server
Activity.StartTime:          2025-09-11T03:42:41.6238760Z
Activity.Duration:           00:00:00.0079817
Activity.Tags:
    server.address: localhost
    http.request.method: POST
    url.scheme: http
    url.path: /api/roles
    network.protocol.version: 1.1
    http.route: api/Roles
    http.response.status_code: 201
Resource associated with Activity:
    deployment.environment: Testing
    service.name: Crud.Api
    service.version: 1.0.0
    service.instance.id: a483e3f3-32ea-4a50-a508-2cd77b6b2522
    telemetry.sdk.name: opentelemetry
    telemetry.sdk.language: dotnet
    telemetry.sdk.version: 1.8.1
[03:42:41 INF] User registered successfully: 0de63dd0-1a6c-47c5-b8fe-26f1ad41dfaf {"SourceContext": "App.Features.Authentication.RegisterUserCommandHandler", "ActionId": "04e3489a-ed71-4318-8eaa-ffbfd5ebdfd2", "ActionName": "Api.Controllers.AuthController.Register (Api)", "RequestId": "0HNFGSKFKDJER", "RequestPath": "/api/auth/register", "Application": "Crud.Api"}
Activity.TraceId:            37baaa5856bb60965e2b120339607764
Activity.SpanId:             ab2db140d628f6c9
Activity.TraceFlags:         Recorded
Activity.ActivitySourceName: Microsoft.AspNetCore
Activity.DisplayName:        POST api/Auth/register
Activity.Kind:               Server
Activity.StartTime:          2025-09-11T03:42:41.6323633Z
Activity.Duration:           00:00:00.3026818
Activity.Tags:
    server.address: localhost
    http.request.method: POST
    url.scheme: http
    url.path: /api/auth/register
    network.protocol.version: 1.1
    http.route: api/Auth/register
    http.response.status_code: 200
Resource associated with Activity:
    deployment.environment: Testing
    service.name: Crud.Api
    service.version: 1.0.0
    service.instance.id: a483e3f3-32ea-4a50-a508-2cd77b6b2522
    telemetry.sdk.name: opentelemetry
    telemetry.sdk.language: dotnet
    telemetry.sdk.version: 1.8.1
[03:42:42 INF] User logged in successfully: 0de63dd0-1a6c-47c5-b8fe-26f1ad41dfaf {"SourceContext": "App.Features.Authentication.LoginCommandHandler", "ActionId": "f8013e71-3084-4253-9ed8-4150a25c9e00", "ActionName": "Api.Controllers.AuthController.Login (Api)", "RequestId": "0HNFGSKFKDJES", "RequestPath": "/api/auth/login", "Application": "Crud.Api"}
Activity.TraceId:            c67a1bf3665682036a8580cb4f9893dd
Activity.SpanId:             143172d61de42462
Activity.TraceFlags:         Recorded
Activity.ActivitySourceName: Microsoft.AspNetCore
Activity.DisplayName:        POST api/Auth/login
Activity.Kind:               Server
Activity.StartTime:          2025-09-11T03:42:41.9361445Z
Activity.Duration:           00:00:00.3003519
Activity.Tags:
    server.address: localhost
    http.request.method: POST
    url.scheme: http
    url.path: /api/auth/login
    network.protocol.version: 1.1
    http.route: api/Auth/login
    http.response.status_code: 200
Resource associated with Activity:
    deployment.environment: Testing
    service.name: Crud.Api
    service.version: 1.0.0
    service.instance.id: a483e3f3-32ea-4a50-a508-2cd77b6b2522
    telemetry.sdk.name: opentelemetry
    telemetry.sdk.language: dotnet
    telemetry.sdk.version: 1.8.1
[03:42:42 DBG] Cache miss for key: name:role:user {"SourceContext": "Infrastructure.Services.Caching.InMemoryCacheService", "ActionId": "71dd020c-f22b-4d43-97b9-eb5c1668d915", "ActionName": "Api.Controllers.RolesController.Create (Api)", "RequestId": "0HNFGSKFKDJET", "RequestPath": "/api/roles", "Application": "Crud.Api"}
[03:42:42 DBG] Removed cache value for key: entity:role:f5d4f72690784363b9d50d2ebe50d8c1 {"SourceContext": "Infrastructure.Services.Caching.InMemoryCacheService", "ActionId": "71dd020c-f22b-4d43-97b9-eb5c1668d915", "ActionName": "Api.Controllers.RolesController.Create (Api)", "RequestId": "0HNFGSKFKDJET", "RequestPath": "/api/roles", "Application": "Crud.Api"}
[03:42:42 DBG] Removed cache value for key: list:role {"SourceContext": "Infrastructure.Services.Caching.InMemoryCacheService", "ActionId": "71dd020c-f22b-4d43-97b9-eb5c1668d915", "ActionName": "Api.Controllers.RolesController.Create (Api)", "RequestId": "0HNFGSKFKDJET", "RequestPath": "/api/roles", "Application": "Crud.Api"}
[03:42:42 DBG] Invalidating cache for entity type: roles with tag: roles {"SourceContext": "Api.Services.OutputCacheInvalidationService", "ActionId": "71dd020c-f22b-4d43-97b9-eb5c1668d915", "ActionName": "Api.Controllers.RolesController.Create (Api)", "RequestId": "0HNFGSKFKDJET", "RequestPath": "/api/roles", "Application": "Crud.Api"}
[03:42:42 INF] Successfully invalidated cache for entity type: roles {"SourceContext": "Api.Services.OutputCacheInvalidationService", "ActionId": "71dd020c-f22b-4d43-97b9-eb5c1668d915", "ActionName": "Api.Controllers.RolesController.Create (Api)", "RequestId": "0HNFGSKFKDJET", "RequestPath": "/api/roles", "Application": "Crud.Api"}
Activity.TraceId:            b12b9320a28c073934824d2de27f23e6
Activity.SpanId:             16f22e1487d7b1ac
Activity.TraceFlags:         Recorded
Activity.ActivitySourceName: Microsoft.AspNetCore
Activity.DisplayName:        POST api/Roles
Activity.Kind:               Server
Activity.StartTime:          2025-09-11T03:42:42.2366649Z
Activity.Duration:           00:00:00.0040766
Activity.Tags:
    server.address: localhost
    http.request.method: POST
    url.scheme: http
    url.path: /api/roles
    network.protocol.version: 1.1
    http.route: api/Roles
    http.response.status_code: 201
Resource associated with Activity:
    deployment.environment: Testing
    service.name: Crud.Api
    service.version: 1.0.0
    service.instance.id: a483e3f3-32ea-4a50-a508-2cd77b6b2522
    telemetry.sdk.name: opentelemetry
    telemetry.sdk.language: dotnet
    telemetry.sdk.version: 1.8.1
[03:42:42 INF] User registered successfully: ed3f7446-1a90-43d3-b33e-493a848b08ff {"SourceContext": "App.Features.Authentication.RegisterUserCommandHandler", "ActionId": "04e3489a-ed71-4318-8eaa-ffbfd5ebdfd2", "ActionName": "Api.Controllers.AuthController.Register (Api)", "RequestId": "0HNFGSKFKDJEU", "RequestPath": "/api/auth/register", "Application": "Crud.Api"}
Activity.TraceId:            b2fcd7954ec6dfc94a06a975eddc0080
Activity.SpanId:             9439499cc7d05a1a
Activity.TraceFlags:         Recorded
Activity.ActivitySourceName: Microsoft.AspNetCore
Activity.DisplayName:        POST api/Auth/register
Activity.Kind:               Server
Activity.StartTime:          2025-09-11T03:42:42.2409967Z
Activity.Duration:           00:00:00.2987863
Activity.Tags:
    server.address: localhost
    http.request.method: POST
    url.scheme: http
    url.path: /api/auth/register
    network.protocol.version: 1.1
    http.route: api/Auth/register
    http.response.status_code: 200
Resource associated with Activity:
    deployment.environment: Testing
    service.name: Crud.Api
    service.version: 1.0.0
    service.instance.id: a483e3f3-32ea-4a50-a508-2cd77b6b2522
    telemetry.sdk.name: opentelemetry
    telemetry.sdk.language: dotnet
    telemetry.sdk.version: 1.8.1
[03:42:42 DBG] Cache miss for key: list:role {"SourceContext": "Infrastructure.Services.Caching.InMemoryCacheService", "ActionId": "9fe670d7-389b-4aed-b1ef-023063980a8c", "ActionName": "Api.Controllers.RolesController.List (Api)", "RequestId": "0HNFGSKFKDJEV", "RequestPath": "/api/roles", "Application": "Crud.Api"}
[03:42:42 DBG] Set cache value for key: list:role {"SourceContext": "Infrastructure.Services.Caching.InMemoryCacheService", "ActionId": "9fe670d7-389b-4aed-b1ef-023063980a8c", "ActionName": "Api.Controllers.RolesController.List (Api)", "RequestId": "0HNFGSKFKDJEV", "RequestPath": "/api/roles", "Application": "Crud.Api"}
Activity.TraceId:            7db6c97463f0ea3dd95304f8548b8962
Activity.SpanId:             8e93fb1338ab88b7
Activity.TraceFlags:         Recorded
Activity.ActivitySourceName: Microsoft.AspNetCore
Activity.DisplayName:        GET api/Roles
Activity.Kind:               Server
Activity.StartTime:          2025-09-11T03:42:42.5399375Z
Activity.Duration:           00:00:00.0056505
Activity.Tags:
    server.address: localhost
    http.request.method: GET
    url.scheme: http
    url.path: /api/roles
    network.protocol.version: 1.1
    http.route: api/Roles
    http.response.status_code: 200
Resource associated with Activity:
    deployment.environment: Testing
    service.name: Crud.Api
    service.version: 1.0.0
    service.instance.id: a483e3f3-32ea-4a50-a508-2cd77b6b2522
    telemetry.sdk.name: opentelemetry
    telemetry.sdk.language: dotnet
    telemetry.sdk.version: 1.8.1
[03:42:42 INF] Resetting database for worker 10326 {"SourceContext": "Infrastructure.Services.DatabaseTestService", "Application": "Crud.Api"}
[03:42:42 INF] Resetting database via file deletion for worker 10326 in CI environment {"SourceContext": "Infrastructure.Services.DatabaseTestService", "Application": "Crud.Api"}
[03:42:42 INF] Acquiring database mutex for worker 10326... {"SourceContext": "Infrastructure.Services.DatabaseTestService", "Application": "Crud.Api"}
[03:42:42 INF] Database mutex acquired for worker 10326 {"SourceContext": "Infrastructure.Services.DatabaseTestService", "Application": "Crud.Api"}
[03:42:42 INF] Current database state - CanConnect: True {"SourceContext": "Infrastructure.Services.DatabaseTestService", "Application": "Crud.Api"}
[03:42:42 INF] [Phase 0] Closing database connection for worker 10326... {"SourceContext": "Infrastructure.Services.DatabaseTestService", "Application": "Crud.Api"}
[03:42:42 INF] [Phase 0] Connection closed in 0.0009ms {"SourceContext": "Infrastructure.Services.DatabaseTestService", "Application": "Crud.Api"}
[03:42:42 INF] [Phase 1] Starting EnsureDeletedAsync for worker 10326... {"SourceContext": "Infrastructure.Services.DatabaseTestService", "Application": "Crud.Api"}
[03:42:42 INF] [Phase 1] EnsureDeletedAsync completed in 1.686ms {"SourceContext": "Infrastructure.Services.DatabaseTestService", "Application": "Crud.Api"}
[03:42:42 INF] [Phase 2] Starting EnsureCreatedAsync for worker 10326... {"SourceContext": "Infrastructure.Services.DatabaseTestService", "Application": "Crud.Api"}
[03:42:42 INF] [Phase 2] EnsureCreatedAsync completed in 8.089ms {"SourceContext": "Infrastructure.Services.DatabaseTestService", "Application": "Crud.Api"}
[03:42:42 INF] [Phase 3] Skipping database seeding as requested for worker 10326 {"SourceContext": "Infrastructure.Services.DatabaseTestService", "Application": "Crud.Api"}
[03:42:42 INF] Database reset via file deletion completed for worker 10326 in 110.6246ms (Close: 0.0009ms, Delete: 1.686ms, Create: 8.089ms) {"SourceContext": "Infrastructure.Services.DatabaseTestService", "Application": "Crud.Api"}
[03:42:42 INF] Releasing database mutex for worker 10326 {"SourceContext": "Infrastructure.Services.DatabaseTestService", "Application": "Crud.Api"}
[03:42:42 INF] User registered successfully: 6614da7a-0f15-4ee9-bf45-58c262dd7398 {"SourceContext": "App.Features.Authentication.RegisterUserCommandHandler", "ActionId": "04e3489a-ed71-4318-8eaa-ffbfd5ebdfd2", "ActionName": "Api.Controllers.AuthController.Register (Api)", "RequestId": "0HNFGSKFKDJF0", "RequestPath": "/api/auth/register", "Application": "Crud.Api"}
Activity.TraceId:            f57f4442df85f99b772edf9b85127228
Activity.SpanId:             1240b1cba2d10817
Activity.TraceFlags:         Recorded
Activity.ActivitySourceName: Microsoft.AspNetCore
Activity.DisplayName:        POST api/Auth/register
Activity.Kind:               Server
Activity.StartTime:          2025-09-11T03:42:42.6603337Z
Activity.Duration:           00:00:00.2985591
Activity.Tags:
    server.address: localhost
    http.request.method: POST
    url.scheme: http
    url.path: /api/auth/register
    network.protocol.version: 1.1
    http.route: api/Auth/register
    http.response.status_code: 200
Resource associated with Activity:
    deployment.environment: Testing
    service.name: Crud.Api
    service.version: 1.0.0
    service.instance.id: a483e3f3-32ea-4a50-a508-2cd77b6b2522
    telemetry.sdk.name: opentelemetry
    telemetry.sdk.language: dotnet
    telemetry.sdk.version: 1.8.1
[03:42:43 INF] User logged in successfully: 6614da7a-0f15-4ee9-bf45-58c262dd7398 {"SourceContext": "App.Features.Authentication.LoginCommandHandler", "ActionId": "f8013e71-3084-4253-9ed8-4150a25c9e00", "ActionName": "Api.Controllers.AuthController.Login (Api)", "RequestId": "0HNFGSKFKDJF1", "RequestPath": "/api/auth/login", "Application": "Crud.Api"}
Activity.TraceId:            f7bbb0ef97ea4a476b89b6d3bd50b707
Activity.SpanId:             a349c48d79f20c20
Activity.TraceFlags:         Recorded
Activity.ActivitySourceName: Microsoft.AspNetCore
Activity.DisplayName:        POST api/Auth/login
Activity.Kind:               Server
Activity.StartTime:          2025-09-11T03:42:42.9603414Z
Activity.Duration:           00:00:00.2986287
Activity.Tags:
    server.address: localhost
    http.request.method: POST
    url.scheme: http
    url.path: /api/auth/login
    network.protocol.version: 1.1
    http.route: api/Auth/login
    http.response.status_code: 200
Resource associated with Activity:
    deployment.environment: Testing
    service.name: Crud.Api
    service.version: 1.0.0
    service.instance.id: a483e3f3-32ea-4a50-a508-2cd77b6b2522
    telemetry.sdk.name: opentelemetry
    telemetry.sdk.language: dotnet
    telemetry.sdk.version: 1.8.1
[03:42:43 DBG] Cache miss for key: name:role:todelete {"SourceContext": "Infrastructure.Services.Caching.InMemoryCacheService", "ActionId": "71dd020c-f22b-4d43-97b9-eb5c1668d915", "ActionName": "Api.Controllers.RolesController.Create (Api)", "RequestId": "0HNFGSKFKDJF2", "RequestPath": "/api/roles", "Application": "Crud.Api"}
[03:42:43 DBG] Removed cache value for key: entity:role:177e08b6f9e149ff964063d67a28bed8 {"SourceContext": "Infrastructure.Services.Caching.InMemoryCacheService", "ActionId": "71dd020c-f22b-4d43-97b9-eb5c1668d915", "ActionName": "Api.Controllers.RolesController.Create (Api)", "RequestId": "0HNFGSKFKDJF2", "RequestPath": "/api/roles", "Application": "Crud.Api"}
[03:42:43 DBG] Removed cache value for key: list:role {"SourceContext": "Infrastructure.Services.Caching.InMemoryCacheService", "ActionId": "71dd020c-f22b-4d43-97b9-eb5c1668d915", "ActionName": "Api.Controllers.RolesController.Create (Api)", "RequestId": "0HNFGSKFKDJF2", "RequestPath": "/api/roles", "Application": "Crud.Api"}
[03:42:43 DBG] Invalidating cache for entity type: roles with tag: roles {"SourceContext": "Api.Services.OutputCacheInvalidationService", "ActionId": "71dd020c-f22b-4d43-97b9-eb5c1668d915", "ActionName": "Api.Controllers.RolesController.Create (Api)", "RequestId": "0HNFGSKFKDJF2", "RequestPath": "/api/roles", "Application": "Crud.Api"}
[03:42:43 INF] Successfully invalidated cache for entity type: roles {"SourceContext": "Api.Services.OutputCacheInvalidationService", "ActionId": "71dd020c-f22b-4d43-97b9-eb5c1668d915", "ActionName": "Api.Controllers.RolesController.Create (Api)", "RequestId": "0HNFGSKFKDJF2", "RequestPath": "/api/roles", "Application": "Crud.Api"}
Activity.TraceId:            7d2bfafa2c8d1e411f9fa29ddcec6eaa
Activity.SpanId:             09c1805ef414c576
Activity.TraceFlags:         Recorded
Activity.ActivitySourceName: Microsoft.AspNetCore
Activity.DisplayName:        POST api/Roles
Activity.Kind:               Server
Activity.StartTime:          2025-09-11T03:42:43.2598270Z
Activity.Duration:           00:00:00.0039610
Activity.Tags:
    server.address: localhost
    http.request.method: POST
    url.scheme: http
    url.path: /api/roles
    network.protocol.version: 1.1
    http.route: api/Roles
    http.response.status_code: 201
Resource associated with Activity:
    deployment.environment: Testing
    service.name: Crud.Api
    service.version: 1.0.0
    service.instance.id: a483e3f3-32ea-4a50-a508-2cd77b6b2522
    telemetry.sdk.name: opentelemetry
    telemetry.sdk.language: dotnet
    telemetry.sdk.version: 1.8.1
[03:42:43 INF] User registered successfully: e0b62e4c-a2a1-40bf-a840-a592e11ae925 {"SourceContext": "App.Features.Authentication.RegisterUserCommandHandler", "ActionId": "04e3489a-ed71-4318-8eaa-ffbfd5ebdfd2", "ActionName": "Api.Controllers.AuthController.Register (Api)", "RequestId": "0HNFGSKFKDJF3", "RequestPath": "/api/auth/register", "Application": "Crud.Api"}
Activity.TraceId:            61665b36567438ff58d58b035068e15f
Activity.SpanId:             6d70bd22abb893bc
Activity.TraceFlags:         Recorded
Activity.ActivitySourceName: Microsoft.AspNetCore
Activity.DisplayName:        POST api/Auth/register
Activity.Kind:               Server
Activity.StartTime:          2025-09-11T03:42:43.2646064Z
Activity.Duration:           00:00:00.2986927
Activity.Tags:
    server.address: localhost
    http.request.method: POST
    url.scheme: http
    url.path: /api/auth/register
    network.protocol.version: 1.1
    http.route: api/Auth/register
    http.response.status_code: 200
Resource associated with Activity:
    deployment.environment: Testing
    service.name: Crud.Api
    service.version: 1.0.0
    service.instance.id: a483e3f3-32ea-4a50-a508-2cd77b6b2522
    telemetry.sdk.name: opentelemetry
    telemetry.sdk.language: dotnet
    telemetry.sdk.version: 1.8.1
[03:42:43 INF] User logged in successfully: e0b62e4c-a2a1-40bf-a840-a592e11ae925 {"SourceContext": "App.Features.Authentication.LoginCommandHandler", "ActionId": "f8013e71-3084-4253-9ed8-4150a25c9e00", "ActionName": "Api.Controllers.AuthController.Login (Api)", "RequestId": "0HNFGSKFKDJF4", "RequestPath": "/api/auth/login", "Application": "Crud.Api"}
Activity.TraceId:            2e32e1a122f15f54699993192930123d
Activity.SpanId:             9c8f875d276a7e50
Activity.TraceFlags:         Recorded
Activity.ActivitySourceName: Microsoft.AspNetCore
Activity.DisplayName:        POST api/Auth/login
Activity.Kind:               Server
Activity.StartTime:          2025-09-11T03:42:43.5644038Z
Activity.Duration:           00:00:00.2985566
Activity.Tags:
    server.address: localhost
    http.request.method: POST
    url.scheme: http
    url.path: /api/auth/login
    network.protocol.version: 1.1
    http.route: api/Auth/login
    http.response.status_code: 200
Resource associated with Activity:
    deployment.environment: Testing
    service.name: Crud.Api
    service.version: 1.0.0
    service.instance.id: a483e3f3-32ea-4a50-a508-2cd77b6b2522
    telemetry.sdk.name: opentelemetry
    telemetry.sdk.language: dotnet
    telemetry.sdk.version: 1.8.1
[03:42:43 DBG] Removed cache value for key: entity:role:177e08b6f9e149ff964063d67a28bed8 {"SourceContext": "Infrastructure.Services.Caching.InMemoryCacheService", "ActionId": "9a7ab970-628f-4f34-9248-50ebca911a82", "ActionName": "Api.Controllers.RolesController.Delete (Api)", "RequestId": "0HNFGSKFKDJF5", "RequestPath": "/api/roles/177e08b6-f9e1-49ff-9640-63d67a28bed8", "Application": "Crud.Api"}
[03:42:43 DBG] Removed cache value for key: list:role {"SourceContext": "Infrastructure.Services.Caching.InMemoryCacheService", "ActionId": "9a7ab970-628f-4f34-9248-50ebca911a82", "ActionName": "Api.Controllers.RolesController.Delete (Api)", "RequestId": "0HNFGSKFKDJF5", "RequestPath": "/api/roles/177e08b6-f9e1-49ff-9640-63d67a28bed8", "Application": "Crud.Api"}
[03:42:43 DBG] Invalidating cache for entity: roles/177e08b6-f9e1-49ff-9640-63d67a28bed8 with tags: roles, roles:177e08b6-f9e1-49ff-9640-63d67a28bed8 {"SourceContext": "Api.Services.OutputCacheInvalidationService", "ActionId": "9a7ab970-628f-4f34-9248-50ebca911a82", "ActionName": "Api.Controllers.RolesController.Delete (Api)", "RequestId": "0HNFGSKFKDJF5", "RequestPath": "/api/roles/177e08b6-f9e1-49ff-9640-63d67a28bed8", "Application": "Crud.Api"}
[03:42:43 DBG] Successfully invalidated cache for tag: roles {"SourceContext": "Api.Services.OutputCacheInvalidationService", "ActionId": "9a7ab970-628f-4f34-9248-50ebca911a82", "ActionName": "Api.Controllers.RolesController.Delete (Api)", "RequestId": "0HNFGSKFKDJF5", "RequestPath": "/api/roles/177e08b6-f9e1-49ff-9640-63d67a28bed8", "Application": "Crud.Api"}
[03:42:43 DBG] Successfully invalidated cache for tag: roles:177e08b6-f9e1-49ff-9640-63d67a28bed8 {"SourceContext": "Api.Services.OutputCacheInvalidationService", "ActionId": "9a7ab970-628f-4f34-9248-50ebca911a82", "ActionName": "Api.Controllers.RolesController.Delete (Api)", "RequestId": "0HNFGSKFKDJF5", "RequestPath": "/api/roles/177e08b6-f9e1-49ff-9640-63d67a28bed8", "Application": "Crud.Api"}
Activity.TraceId:            dd51ce6e3d903e36dc2cced4db0570b2
Activity.SpanId:             8b14de4f5de09a68
Activity.TraceFlags:         Recorded
Activity.ActivitySourceName: Microsoft.AspNetCore
Activity.DisplayName:        DELETE api/Roles/{id:guid}
Activity.Kind:               Server
Activity.StartTime:          2025-09-11T03:42:43.8633940Z
Activity.Duration:           00:00:00.0026245
Activity.Tags:
    server.address: localhost
    http.request.method: DELETE
    url.scheme: http
    url.path: /api/roles/177e08b6-f9e1-49ff-9640-63d67a28bed8
    network.protocol.version: 1.1
    http.route: api/Roles/{id:guid}
    http.response.status_code: 204
Resource associated with Activity:
    deployment.environment: Testing
    service.name: Crud.Api
    service.version: 1.0.0
    service.instance.id: a483e3f3-32ea-4a50-a508-2cd77b6b2522
    telemetry.sdk.name: opentelemetry
    telemetry.sdk.language: dotnet
    telemetry.sdk.version: 1.8.1
[03:42:44 INF] User registered successfully: 10b8c29e-db46-410f-92d6-faae3c51f195 {"SourceContext": "App.Features.Authentication.RegisterUserCommandHandler", "ActionId": "04e3489a-ed71-4318-8eaa-ffbfd5ebdfd2", "ActionName": "Api.Controllers.AuthController.Register (Api)", "RequestId": "0HNFGSKFKDJF6", "RequestPath": "/api/auth/register", "Application": "Crud.Api"}
Activity.TraceId:            bd4823ff4badbf7ccf0f17b567ebd473
Activity.SpanId:             7e918db915b6048b
Activity.TraceFlags:         Recorded
Activity.ActivitySourceName: Microsoft.AspNetCore
Activity.DisplayName:        POST api/Auth/register
Activity.Kind:               Server
Activity.StartTime:          2025-09-11T03:42:43.8662127Z
Activity.Duration:           00:00:00.2986071
Activity.Tags:
    server.address: localhost
    http.request.method: POST
    url.scheme: http
    url.path: /api/auth/register
    network.protocol.version: 1.1
    http.route: api/Auth/register
    http.response.status_code: 200
Resource associated with Activity:
    deployment.environment: Testing
    service.name: Crud.Api
    service.version: 1.0.0
    service.instance.id: a483e3f3-32ea-4a50-a508-2cd77b6b2522
    telemetry.sdk.name: opentelemetry
    telemetry.sdk.language: dotnet
    telemetry.sdk.version: 1.8.1
[03:42:44 DBG] Cache miss for key: entity:role:177e08b6f9e149ff964063d67a28bed8 {"SourceContext": "Infrastructure.Services.Caching.InMemoryCacheService", "ActionId": "fda25ced-ac96-4442-93e1-2774a9665b16", "ActionName": "Api.Controllers.RolesController.Get (Api)", "RequestId": "0HNFGSKFKDJF7", "RequestPath": "/api/roles/177e08b6-f9e1-49ff-9640-63d67a28bed8", "Application": "Crud.Api"}
Activity.TraceId:            4626487bb88c3eba42e44bf0edb003f2
Activity.SpanId:             ffad679b300e0d71
Activity.TraceFlags:         Recorded
Activity.ActivitySourceName: Microsoft.AspNetCore
Activity.DisplayName:        GET api/Roles/{id:guid}
Activity.Kind:               Server
Activity.StartTime:          2025-09-11T03:42:44.1649649Z
Activity.Duration:           00:00:00.0086922
Activity.Tags:
    server.address: localhost
    http.request.method: GET
    url.scheme: http
    url.path: /api/roles/177e08b6-f9e1-49ff-9640-63d67a28bed8
    network.protocol.version: 1.1
    http.route: api/Roles/{id:guid}
    http.response.status_code: 404
Resource associated with Activity:
    deployment.environment: Testing
    service.name: Crud.Api
    service.version: 1.0.0
    service.instance.id: a483e3f3-32ea-4a50-a508-2cd77b6b2522
    telemetry.sdk.name: opentelemetry
    telemetry.sdk.language: dotnet
    telemetry.sdk.version: 1.8.1
[03:42:44 INF] User registered successfully: ff0bfc21-159d-484e-a18a-7ab85c53b270 {"SourceContext": "App.Features.Authentication.RegisterUserCommandHandler", "ActionId": "04e3489a-ed71-4318-8eaa-ffbfd5ebdfd2", "ActionName": "Api.Controllers.AuthController.Register (Api)", "RequestId": "0HNFGSKFKDJF8", "RequestPath": "/api/auth/register", "Application": "Crud.Api"}
Activity.TraceId:            fe62717a6b8ab7ffecebe8714769170a
Activity.SpanId:             ba46473c49f59501
Activity.TraceFlags:         Recorded
Activity.ActivitySourceName: Microsoft.AspNetCore
Activity.DisplayName:        POST api/Auth/register
Activity.Kind:               Server
Activity.StartTime:          2025-09-11T03:42:44.1754782Z
Activity.Duration:           00:00:00.2987612
Activity.Tags:
    server.address: localhost
    http.request.method: POST
    url.scheme: http
    url.path: /api/auth/register
    network.protocol.version: 1.1
    http.route: api/Auth/register
    http.response.status_code: 200
Resource associated with Activity:
    deployment.environment: Testing
    service.name: Crud.Api
    service.version: 1.0.0
    service.instance.id: a483e3f3-32ea-4a50-a508-2cd77b6b2522
    telemetry.sdk.name: opentelemetry
    telemetry.sdk.language: dotnet
    telemetry.sdk.version: 1.8.1
[03:42:44 INF] User logged in successfully: ff0bfc21-159d-484e-a18a-7ab85c53b270 {"SourceContext": "App.Features.Authentication.LoginCommandHandler", "ActionId": "f8013e71-3084-4253-9ed8-4150a25c9e00", "ActionName": "Api.Controllers.AuthController.Login (Api)", "RequestId": "0HNFGSKFKDJF9", "RequestPath": "/api/auth/login", "Application": "Crud.Api"}
Activity.TraceId:            65eba8efd71014146f18bab28daf0c86
Activity.SpanId:             db6cd34b33761f65
Activity.TraceFlags:         Recorded
Activity.ActivitySourceName: Microsoft.AspNetCore
Activity.DisplayName:        POST api/Auth/login
Activity.Kind:               Server
Activity.StartTime:          2025-09-11T03:42:44.4760509Z
Activity.Duration:           00:00:00.2996030
Activity.Tags:
    server.address: localhost
    http.request.method: POST
    url.scheme: http
    url.path: /api/auth/login
    network.protocol.version: 1.1
    http.route: api/Auth/login
    http.response.status_code: 200
Resource associated with Activity:
    deployment.environment: Testing
    service.name: Crud.Api
    service.version: 1.0.0
    service.instance.id: a483e3f3-32ea-4a50-a508-2cd77b6b2522
    telemetry.sdk.name: opentelemetry
    telemetry.sdk.language: dotnet
    telemetry.sdk.version: 1.8.1
[03:42:44 DBG] Cache miss for key: name:role:original {"SourceContext": "Infrastructure.Services.Caching.InMemoryCacheService", "ActionId": "71dd020c-f22b-4d43-97b9-eb5c1668d915", "ActionName": "Api.Controllers.RolesController.Create (Api)", "RequestId": "0HNFGSKFKDJFA", "RequestPath": "/api/roles", "Application": "Crud.Api"}
[03:42:44 DBG] Removed cache value for key: entity:role:b1ecd9d5ec6c44b2987aec06e2c24951 {"SourceContext": "Infrastructure.Services.Caching.InMemoryCacheService", "ActionId": "71dd020c-f22b-4d43-97b9-eb5c1668d915", "ActionName": "Api.Controllers.RolesController.Create (Api)", "RequestId": "0HNFGSKFKDJFA", "RequestPath": "/api/roles", "Application": "Crud.Api"}
[03:42:44 DBG] Removed cache value for key: list:role {"SourceContext": "Infrastructure.Services.Caching.InMemoryCacheService", "ActionId": "71dd020c-f22b-4d43-97b9-eb5c1668d915", "ActionName": "Api.Controllers.RolesController.Create (Api)", "RequestId": "0HNFGSKFKDJFA", "RequestPath": "/api/roles", "Application": "Crud.Api"}
[03:42:44 DBG] Invalidating cache for entity type: roles with tag: roles {"SourceContext": "Api.Services.OutputCacheInvalidationService", "ActionId": "71dd020c-f22b-4d43-97b9-eb5c1668d915", "ActionName": "Api.Controllers.RolesController.Create (Api)", "RequestId": "0HNFGSKFKDJFA", "RequestPath": "/api/roles", "Application": "Crud.Api"}
[03:42:44 INF] Successfully invalidated cache for entity type: roles {"SourceContext": "Api.Services.OutputCacheInvalidationService", "ActionId": "71dd020c-f22b-4d43-97b9-eb5c1668d915", "ActionName": "Api.Controllers.RolesController.Create (Api)", "RequestId": "0HNFGSKFKDJFA", "RequestPath": "/api/roles", "Application": "Crud.Api"}
Activity.TraceId:            4c7185725c06b62f9ffdd029fbc0ed72
Activity.SpanId:             6e21e1f1b5e792a7
Activity.TraceFlags:         Recorded
Activity.ActivitySourceName: Microsoft.AspNetCore
Activity.DisplayName:        POST api/Roles
Activity.Kind:               Server
Activity.StartTime:          2025-09-11T03:42:44.7765244Z
Activity.Duration:           00:00:00.0020154
Activity.Tags:
    server.address: localhost
    http.request.method: POST
    url.scheme: http
    url.path: /api/roles
    network.protocol.version: 1.1
    http.route: api/Roles
    http.response.status_code: 201
Resource associated with Activity:
    deployment.environment: Testing
    service.name: Crud.Api
    service.version: 1.0.0
    service.instance.id: a483e3f3-32ea-4a50-a508-2cd77b6b2522
    telemetry.sdk.name: opentelemetry
    telemetry.sdk.language: dotnet
    telemetry.sdk.version: 1.8.1
[03:42:45 INF] User registered successfully: f13dfe82-e754-4b6f-95ab-fbac0779133a {"SourceContext": "App.Features.Authentication.RegisterUserCommandHandler", "ActionId": "04e3489a-ed71-4318-8eaa-ffbfd5ebdfd2", "ActionName": "Api.Controllers.AuthController.Register (Api)", "RequestId": "0HNFGSKFKDJFB", "RequestPath": "/api/auth/register", "Application": "Crud.Api"}
Activity.TraceId:            b3bbf22c570372e6aaf5e921018a4b3a
Activity.SpanId:             7181adc8f932c5d5
Activity.TraceFlags:         Recorded
Activity.ActivitySourceName: Microsoft.AspNetCore
Activity.DisplayName:        POST api/Auth/register
Activity.Kind:               Server
Activity.StartTime:          2025-09-11T03:42:44.7793889Z
Activity.Duration:           00:00:00.2979313
Activity.Tags:
    server.address: localhost
    http.request.method: POST
    url.scheme: http
    url.path: /api/auth/register
    network.protocol.version: 1.1
    http.route: api/Auth/register
    http.response.status_code: 200
Resource associated with Activity:
    deployment.environment: Testing
    service.name: Crud.Api
    service.version: 1.0.0
    service.instance.id: a483e3f3-32ea-4a50-a508-2cd77b6b2522
    telemetry.sdk.name: opentelemetry
    telemetry.sdk.language: dotnet
    telemetry.sdk.version: 1.8.1
[03:42:45 INF] User logged in successfully: f13dfe82-e754-4b6f-95ab-fbac0779133a {"SourceContext": "App.Features.Authentication.LoginCommandHandler", "ActionId": "f8013e71-3084-4253-9ed8-4150a25c9e00", "ActionName": "Api.Controllers.AuthController.Login (Api)", "RequestId": "0HNFGSKFKDJFC", "RequestPath": "/api/auth/login", "Application": "Crud.Api"}
Activity.TraceId:            1b314db9a4c996a2980634b0a1ca07d4
Activity.SpanId:             22018ef415c3f75b
Activity.TraceFlags:         Recorded
Activity.ActivitySourceName: Microsoft.AspNetCore
Activity.DisplayName:        POST api/Auth/login
Activity.Kind:               Server
Activity.StartTime:          2025-09-11T03:42:45.0785538Z
Activity.Duration:           00:00:00.2989448
Activity.Tags:
    server.address: localhost
    http.request.method: POST
    url.scheme: http
    url.path: /api/auth/login
    network.protocol.version: 1.1
    http.route: api/Auth/login
    http.response.status_code: 200
Resource associated with Activity:
    deployment.environment: Testing
    service.name: Crud.Api
    service.version: 1.0.0
    service.instance.id: a483e3f3-32ea-4a50-a508-2cd77b6b2522
    telemetry.sdk.name: opentelemetry
    telemetry.sdk.language: dotnet
    telemetry.sdk.version: 1.8.1
[03:42:45 DBG] Cache miss for key: entity:role:b1ecd9d5ec6c44b2987aec06e2c24951 {"SourceContext": "Infrastructure.Services.Caching.InMemoryCacheService", "ActionId": "420c8257-9112-4e7b-bf14-83567fe9e735", "ActionName": "Api.Controllers.RolesController.Update (Api)", "RequestId": "0HNFGSKFKDJFD", "RequestPath": "/api/roles/b1ecd9d5-ec6c-44b2-987a-ec06e2c24951", "Application": "Crud.Api"}
[03:42:45 DBG] Set cache value for key: entity:role:b1ecd9d5ec6c44b2987aec06e2c24951 {"SourceContext": "Infrastructure.Services.Caching.InMemoryCacheService", "ActionId": "420c8257-9112-4e7b-bf14-83567fe9e735", "ActionName": "Api.Controllers.RolesController.Update (Api)", "RequestId": "0HNFGSKFKDJFD", "RequestPath": "/api/roles/b1ecd9d5-ec6c-44b2-987a-ec06e2c24951", "Application": "Crud.Api"}
[03:42:45 DBG] Removed cache value for key: entity:role:b1ecd9d5ec6c44b2987aec06e2c24951 {"SourceContext": "Infrastructure.Services.Caching.InMemoryCacheService", "ActionId": "420c8257-9112-4e7b-bf14-83567fe9e735", "ActionName": "Api.Controllers.RolesController.Update (Api)", "RequestId": "0HNFGSKFKDJFD", "RequestPath": "/api/roles/b1ecd9d5-ec6c-44b2-987a-ec06e2c24951", "Application": "Crud.Api"}
[03:42:45 DBG] Removed cache value for key: list:role {"SourceContext": "Infrastructure.Services.Caching.InMemoryCacheService", "ActionId": "420c8257-9112-4e7b-bf14-83567fe9e735", "ActionName": "Api.Controllers.RolesController.Update (Api)", "RequestId": "0HNFGSKFKDJFD", "RequestPath": "/api/roles/b1ecd9d5-ec6c-44b2-987a-ec06e2c24951", "Application": "Crud.Api"}
[03:42:45 DBG] Invalidating cache for entity: roles/b1ecd9d5-ec6c-44b2-987a-ec06e2c24951 with tags: roles, roles:b1ecd9d5-ec6c-44b2-987a-ec06e2c24951 {"SourceContext": "Api.Services.OutputCacheInvalidationService", "ActionId": "420c8257-9112-4e7b-bf14-83567fe9e735", "ActionName": "Api.Controllers.RolesController.Update (Api)", "RequestId": "0HNFGSKFKDJFD", "RequestPath": "/api/roles/b1ecd9d5-ec6c-44b2-987a-ec06e2c24951", "Application": "Crud.Api"}
[03:42:45 DBG] Successfully invalidated cache for tag: roles {"SourceContext": "Api.Services.OutputCacheInvalidationService", "ActionId": "420c8257-9112-4e7b-bf14-83567fe9e735", "ActionName": "Api.Controllers.RolesController.Update (Api)", "RequestId": "0HNFGSKFKDJFD", "RequestPath": "/api/roles/b1ecd9d5-ec6c-44b2-987a-ec06e2c24951", "Application": "Crud.Api"}
[03:42:45 DBG] Successfully invalidated cache for tag: roles:b1ecd9d5-ec6c-44b2-987a-ec06e2c24951 {"SourceContext": "Api.Services.OutputCacheInvalidationService", "ActionId": "420c8257-9112-4e7b-bf14-83567fe9e735", "ActionName": "Api.Controllers.RolesController.Update (Api)", "RequestId": "0HNFGSKFKDJFD", "RequestPath": "/api/roles/b1ecd9d5-ec6c-44b2-987a-ec06e2c24951", "Application": "Crud.Api"}
Activity.TraceId:            9a538ab005451f1bab14094c69dfc036
Activity.SpanId:             05c9411e0c00035a
Activity.TraceFlags:         Recorded
Activity.ActivitySourceName: Microsoft.AspNetCore
Activity.DisplayName:        PUT api/Roles/{id:guid}
Activity.Kind:               Server
Activity.StartTime:          2025-09-11T03:42:45.3784872Z
Activity.Duration:           00:00:00.0083260
Activity.Tags:
    server.address: localhost
    http.request.method: PUT
    url.scheme: http
    url.path: /api/roles/b1ecd9d5-ec6c-44b2-987a-ec06e2c24951
    network.protocol.version: 1.1
    http.route: api/Roles/{id:guid}
    http.response.status_code: 204
Resource associated with Activity:
    deployment.environment: Testing
    service.name: Crud.Api
    service.version: 1.0.0
    service.instance.id: a483e3f3-32ea-4a50-a508-2cd77b6b2522
    telemetry.sdk.name: opentelemetry
    telemetry.sdk.language: dotnet
    telemetry.sdk.version: 1.8.1
[03:42:45 INF] User registered successfully: faf9df63-9400-409e-b39a-2039bdeffa10 {"SourceContext": "App.Features.Authentication.RegisterUserCommandHandler", "ActionId": "04e3489a-ed71-4318-8eaa-ffbfd5ebdfd2", "ActionName": "Api.Controllers.AuthController.Register (Api)", "RequestId": "0HNFGSKFKDJFE", "RequestPath": "/api/auth/register", "Application": "Crud.Api"}
Activity.TraceId:            648d33d7d3088412e7ee69b5dfe79e05
Activity.SpanId:             5cdd226ca493af87
Activity.TraceFlags:         Recorded
Activity.ActivitySourceName: Microsoft.AspNetCore
Activity.DisplayName:        POST api/Auth/register
Activity.Kind:               Server
Activity.StartTime:          2025-09-11T03:42:45.3869148Z
Activity.Duration:           00:00:00.2993709
Activity.Tags:
    server.address: localhost
    http.request.method: POST
    url.scheme: http
    url.path: /api/auth/register
    network.protocol.version: 1.1
    http.route: api/Auth/register
    http.response.status_code: 200
Resource associated with Activity:
    deployment.environment: Testing
    service.name: Crud.Api
    service.version: 1.0.0
    service.instance.id: a483e3f3-32ea-4a50-a508-2cd77b6b2522
    telemetry.sdk.name: opentelemetry
    telemetry.sdk.language: dotnet
    telemetry.sdk.version: 1.8.1
[03:42:45 DBG] Cache miss for key: entity:role:b1ecd9d5ec6c44b2987aec06e2c24951 {"SourceContext": "Infrastructure.Services.Caching.InMemoryCacheService", "ActionId": "fda25ced-ac96-4442-93e1-2774a9665b16", "ActionName": "Api.Controllers.RolesController.Get (Api)", "RequestId": "0HNFGSKFKDJFF", "RequestPath": "/api/roles/b1ecd9d5-ec6c-44b2-987a-ec06e2c24951", "Application": "Crud.Api"}
[03:42:45 DBG] Set cache value for key: entity:role:b1ecd9d5ec6c44b2987aec06e2c24951 {"SourceContext": "Infrastructure.Services.Caching.InMemoryCacheService", "ActionId": "fda25ced-ac96-4442-93e1-2774a9665b16", "ActionName": "Api.Controllers.RolesController.Get (Api)", "RequestId": "0HNFGSKFKDJFF", "RequestPath": "/api/roles/b1ecd9d5-ec6c-44b2-987a-ec06e2c24951", "Application": "Crud.Api"}
Activity.TraceId:            4d863973c4a3382f452fa7bb440d8a4c
Activity.SpanId:             92095f4268472130
Activity.TraceFlags:         Recorded
Activity.ActivitySourceName: Microsoft.AspNetCore
Activity.DisplayName:        GET api/Roles/{id:guid}
Activity.Kind:               Server
Activity.StartTime:          2025-09-11T03:42:45.6864177Z
Activity.Duration:           00:00:00.0031287
Activity.Tags:
    server.address: localhost
    http.request.method: GET
    url.scheme: http
    url.path: /api/roles/b1ecd9d5-ec6c-44b2-987a-ec06e2c24951
    network.protocol.version: 1.1
    http.route: api/Roles/{id:guid}
    http.response.status_code: 200
Resource associated with Activity:
    deployment.environment: Testing
    service.name: Crud.Api
    service.version: 1.0.0
    service.instance.id: a483e3f3-32ea-4a50-a508-2cd77b6b2522
    telemetry.sdk.name: opentelemetry
    telemetry.sdk.language: dotnet
    telemetry.sdk.version: 1.8.1
[03:42:45 INF] User registered successfully: df3c9963-030a-40ab-9122-6f2bfe19e2e8 {"SourceContext": "App.Features.Authentication.RegisterUserCommandHandler", "ActionId": "04e3489a-ed71-4318-8eaa-ffbfd5ebdfd2", "ActionName": "Api.Controllers.AuthController.Register (Api)", "RequestId": "0HNFGSKFKDJFG", "RequestPath": "/api/auth/register", "Application": "Crud.Api"}
Activity.TraceId:            6c9b9e4d7bcb40e79204633e1231b887
Activity.SpanId:             fb201e9950514bd0
Activity.TraceFlags:         Recorded
Activity.ActivitySourceName: Microsoft.AspNetCore
Activity.DisplayName:        POST api/Auth/register
Activity.Kind:               Server
Activity.StartTime:          2025-09-11T03:42:45.6915820Z
Activity.Duration:           00:00:00.2990641
Activity.Tags:
    server.address: localhost
    http.request.method: POST
    url.scheme: http
    url.path: /api/auth/register
    network.protocol.version: 1.1
    http.route: api/Auth/register
    http.response.status_code: 200
Resource associated with Activity:
    deployment.environment: Testing
    service.name: Crud.Api
    service.version: 1.0.0
    service.instance.id: a483e3f3-32ea-4a50-a508-2cd77b6b2522
    telemetry.sdk.name: opentelemetry
    telemetry.sdk.language: dotnet
    telemetry.sdk.version: 1.8.1
[03:42:46 INF] User logged in successfully: df3c9963-030a-40ab-9122-6f2bfe19e2e8 {"SourceContext": "App.Features.Authentication.LoginCommandHandler", "ActionId": "f8013e71-3084-4253-9ed8-4150a25c9e00", "ActionName": "Api.Controllers.AuthController.Login (Api)", "RequestId": "0HNFGSKFKDJFH", "RequestPath": "/api/auth/login", "Application": "Crud.Api"}
Activity.TraceId:            f1513c9ef6acb612bd04db41acb972a1
Activity.SpanId:             d8c2894a70b1af68
Activity.TraceFlags:         Recorded
Activity.ActivitySourceName: Microsoft.AspNetCore
Activity.DisplayName:        POST api/Auth/login
Activity.Kind:               Server
Activity.StartTime:          2025-09-11T03:42:45.9922779Z
Activity.Duration:           00:00:00.2993144
Activity.Tags:
    server.address: localhost
    http.request.method: POST
    url.scheme: http
    url.path: /api/auth/login
    network.protocol.version: 1.1
    http.route: api/Auth/login
    http.response.status_code: 200
Resource associated with Activity:
    deployment.environment: Testing
    service.name: Crud.Api
    service.version: 1.0.0
    service.instance.id: a483e3f3-32ea-4a50-a508-2cd77b6b2522
    telemetry.sdk.name: opentelemetry
    telemetry.sdk.language: dotnet
    telemetry.sdk.version: 1.8.1
[03:42:46 DBG] Cache miss for key: name:role:simplerole {"SourceContext": "Infrastructure.Services.Caching.InMemoryCacheService", "ActionId": "71dd020c-f22b-4d43-97b9-eb5c1668d915", "ActionName": "Api.Controllers.RolesController.Create (Api)", "RequestId": "0HNFGSKFKDJFI", "RequestPath": "/api/roles", "Application": "Crud.Api"}
[03:42:46 DBG] Removed cache value for key: entity:role:c6665dad93e845feaf0605bdc33c1e75 {"SourceContext": "Infrastructure.Services.Caching.InMemoryCacheService", "ActionId": "71dd020c-f22b-4d43-97b9-eb5c1668d915", "ActionName": "Api.Controllers.RolesController.Create (Api)", "RequestId": "0HNFGSKFKDJFI", "RequestPath": "/api/roles", "Application": "Crud.Api"}
[03:42:46 DBG] Removed cache value for key: list:role {"SourceContext": "Infrastructure.Services.Caching.InMemoryCacheService", "ActionId": "71dd020c-f22b-4d43-97b9-eb5c1668d915", "ActionName": "Api.Controllers.RolesController.Create (Api)", "RequestId": "0HNFGSKFKDJFI", "RequestPath": "/api/roles", "Application": "Crud.Api"}
[03:42:46 DBG] Invalidating cache for entity type: roles with tag: roles {"SourceContext": "Api.Services.OutputCacheInvalidationService", "ActionId": "71dd020c-f22b-4d43-97b9-eb5c1668d915", "ActionName": "Api.Controllers.RolesController.Create (Api)", "RequestId": "0HNFGSKFKDJFI", "RequestPath": "/api/roles", "Application": "Crud.Api"}
[03:42:46 INF] Successfully invalidated cache for entity type: roles {"SourceContext": "Api.Services.OutputCacheInvalidationService", "ActionId": "71dd020c-f22b-4d43-97b9-eb5c1668d915", "ActionName": "Api.Controllers.RolesController.Create (Api)", "RequestId": "0HNFGSKFKDJFI", "RequestPath": "/api/roles", "Application": "Crud.Api"}
Activity.TraceId:            8987cc7236e0ee95ce1db67980c85490
Activity.SpanId:             fef4a421277fbbfb
Activity.TraceFlags:         Recorded
Activity.ActivitySourceName: Microsoft.AspNetCore
Activity.DisplayName:        POST api/Roles
Activity.Kind:               Server
Activity.StartTime:          2025-09-11T03:42:46.2923424Z
Activity.Duration:           00:00:00.0019450
Activity.Tags:
    server.address: localhost
    http.request.method: POST
    url.scheme: http
    url.path: /api/roles
    network.protocol.version: 1.1
    http.route: api/Roles
    http.response.status_code: 201
Resource associated with Activity:
    deployment.environment: Testing
    service.name: Crud.Api
    service.version: 1.0.0
    service.instance.id: a483e3f3-32ea-4a50-a508-2cd77b6b2522
    telemetry.sdk.name: opentelemetry
    telemetry.sdk.language: dotnet
    telemetry.sdk.version: 1.8.1
[03:42:46 INF] Resetting database for worker 10326 {"SourceContext": "Infrastructure.Services.DatabaseTestService", "Application": "Crud.Api"}
[03:42:46 INF] Resetting database via file deletion for worker 10326 in CI environment {"SourceContext": "Infrastructure.Services.DatabaseTestService", "Application": "Crud.Api"}
[03:42:46 INF] Acquiring database mutex for worker 10326... {"SourceContext": "Infrastructure.Services.DatabaseTestService", "Application": "Crud.Api"}
[03:42:46 INF] Database mutex acquired for worker 10326 {"SourceContext": "Infrastructure.Services.DatabaseTestService", "Application": "Crud.Api"}
[03:42:46 INF] Current database state - CanConnect: True {"SourceContext": "Infrastructure.Services.DatabaseTestService", "Application": "Crud.Api"}
[03:42:46 INF] [Phase 0] Closing database connection for worker 10326... {"SourceContext": "Infrastructure.Services.DatabaseTestService", "Application": "Crud.Api"}
[03:42:46 INF] [Phase 0] Connection closed in 0.0006ms {"SourceContext": "Infrastructure.Services.DatabaseTestService", "Application": "Crud.Api"}
[03:42:46 INF] [Phase 1] Starting EnsureDeletedAsync for worker 10326... {"SourceContext": "Infrastructure.Services.DatabaseTestService", "Application": "Crud.Api"}
[03:42:46 INF] [Phase 1] EnsureDeletedAsync completed in 1.9568ms {"SourceContext": "Infrastructure.Services.DatabaseTestService", "Application": "Crud.Api"}
[03:42:46 INF] [Phase 2] Starting EnsureCreatedAsync for worker 10326... {"SourceContext": "Infrastructure.Services.DatabaseTestService", "Application": "Crud.Api"}
[03:42:46 INF] [Phase 2] EnsureCreatedAsync completed in 21.8798ms {"SourceContext": "Infrastructure.Services.DatabaseTestService", "Application": "Crud.Api"}
[03:42:46 INF] [Phase 3] Skipping database seeding as requested for worker 10326 {"SourceContext": "Infrastructure.Services.DatabaseTestService", "Application": "Crud.Api"}
[03:42:46 INF] Database reset via file deletion completed for worker 10326 in 124.5862ms (Close: 0.0006ms, Delete: 1.9568ms, Create: 21.8798ms) {"SourceContext": "Infrastructure.Services.DatabaseTestService", "Application": "Crud.Api"}
[03:42:46 INF] Releasing database mutex for worker 10326 {"SourceContext": "Infrastructure.Services.DatabaseTestService", "Application": "Crud.Api"}
[03:42:46 INF] User registered successfully: 8c15ad31-37af-4d66-bc99-c80b29530c3e {"SourceContext": "App.Features.Authentication.RegisterUserCommandHandler", "ActionId": "04e3489a-ed71-4318-8eaa-ffbfd5ebdfd2", "ActionName": "Api.Controllers.AuthController.Register (Api)", "RequestId": "0HNFGSKFKDJFJ", "RequestPath": "/api/auth/register", "Application": "Crud.Api"}
Activity.TraceId:            2a00544e44541c011846cacf7ccb08e0
Activity.SpanId:             d091e261c1668249
Activity.TraceFlags:         Recorded
Activity.ActivitySourceName: Microsoft.AspNetCore
Activity.DisplayName:        POST api/Auth/register
Activity.Kind:               Server
Activity.StartTime:          2025-09-11T03:42:46.4228779Z
Activity.Duration:           00:00:00.2984442
Activity.Tags:
    server.address: localhost
    http.request.method: POST
    url.scheme: http
    url.path: /api/auth/register
    network.protocol.version: 1.1
    http.route: api/Auth/register
    http.response.status_code: 200
Resource associated with Activity:
    deployment.environment: Testing
    service.name: Crud.Api
    service.version: 1.0.0
    service.instance.id: a483e3f3-32ea-4a50-a508-2cd77b6b2522
    telemetry.sdk.name: opentelemetry
    telemetry.sdk.language: dotnet
    telemetry.sdk.version: 1.8.1
[03:42:46 DBG] Cache miss for key: list:role {"SourceContext": "Infrastructure.Services.Caching.InMemoryCacheService", "ActionId": "9fe670d7-389b-4aed-b1ef-023063980a8c", "ActionName": "Api.Controllers.RolesController.List (Api)", "RequestId": "0HNFGSKFKDJFK", "RequestPath": "/api/roles", "Application": "Crud.Api"}
[03:42:46 DBG] Set cache value for key: list:role {"SourceContext": "Infrastructure.Services.Caching.InMemoryCacheService", "ActionId": "9fe670d7-389b-4aed-b1ef-023063980a8c", "ActionName": "Api.Controllers.RolesController.List (Api)", "RequestId": "0HNFGSKFKDJFK", "RequestPath": "/api/roles", "Application": "Crud.Api"}
Activity.TraceId:            ff4b23d24504b72f64158de840220f9f
Activity.SpanId:             20e2797effe14197
Activity.TraceFlags:         Recorded
Activity.ActivitySourceName: Microsoft.AspNetCore
Activity.DisplayName:        GET api/Roles
Activity.Kind:               Server
Activity.StartTime:          2025-09-11T03:42:46.7214555Z
Activity.Duration:           00:00:00.0011667
Activity.Tags:
    server.address: localhost
    http.request.method: GET
    url.scheme: http
    url.path: /api/roles
    network.protocol.version: 1.1
    http.route: api/Roles
    http.response.status_code: 200
Resource associated with Activity:
    deployment.environment: Testing
    service.name: Crud.Api
    service.version: 1.0.0
    service.instance.id: a483e3f3-32ea-4a50-a508-2cd77b6b2522
    telemetry.sdk.name: opentelemetry
    telemetry.sdk.language: dotnet
    telemetry.sdk.version: 1.8.1
[03:42:46 INF] Resetting database for worker 10326 {"SourceContext": "Infrastructure.Services.DatabaseTestService", "Application": "Crud.Api"}
[03:42:46 INF] Resetting database via file deletion for worker 10326 in CI environment {"SourceContext": "Infrastructure.Services.DatabaseTestService", "Application": "Crud.Api"}
[03:42:46 INF] Acquiring database mutex for worker 10326... {"SourceContext": "Infrastructure.Services.DatabaseTestService", "Application": "Crud.Api"}
[03:42:46 INF] Database mutex acquired for worker 10326 {"SourceContext": "Infrastructure.Services.DatabaseTestService", "Application": "Crud.Api"}
[03:42:46 INF] Current database state - CanConnect: True {"SourceContext": "Infrastructure.Services.DatabaseTestService", "Application": "Crud.Api"}
[03:42:46 INF] [Phase 0] Closing database connection for worker 10326... {"SourceContext": "Infrastructure.Services.DatabaseTestService", "Application": "Crud.Api"}
[03:42:46 INF] [Phase 0] Connection closed in 0.0007ms {"SourceContext": "Infrastructure.Services.DatabaseTestService", "Application": "Crud.Api"}
[03:42:46 INF] [Phase 1] Starting EnsureDeletedAsync for worker 10326... {"SourceContext": "Infrastructure.Services.DatabaseTestService", "Application": "Crud.Api"}
[03:42:46 INF] [Phase 1] EnsureDeletedAsync completed in 1.5042ms {"SourceContext": "Infrastructure.Services.DatabaseTestService", "Application": "Crud.Api"}
[03:42:46 INF] [Phase 2] Starting EnsureCreatedAsync for worker 10326... {"SourceContext": "Infrastructure.Services.DatabaseTestService", "Application": "Crud.Api"}
[03:42:46 INF] [Phase 2] EnsureCreatedAsync completed in 7.6448ms {"SourceContext": "Infrastructure.Services.DatabaseTestService", "Application": "Crud.Api"}
[03:42:46 INF] [Phase 3] Skipping database seeding as requested for worker 10326 {"SourceContext": "Infrastructure.Services.DatabaseTestService", "Application": "Crud.Api"}
[03:42:46 INF] Database reset via file deletion completed for worker 10326 in 110.324ms (Close: 0.0007ms, Delete: 1.5042ms, Create: 7.6448ms) {"SourceContext": "Infrastructure.Services.DatabaseTestService", "Application": "Crud.Api"}
[03:42:46 INF] Releasing database mutex for worker 10326 {"SourceContext": "Infrastructure.Services.DatabaseTestService", "Application": "Crud.Api"}
[03:42:47 INF] User registered successfully: 79e4fa18-d148-47e0-9bdd-4bec8118cef5 {"SourceContext": "App.Features.Authentication.RegisterUserCommandHandler", "ActionId": "04e3489a-ed71-4318-8eaa-ffbfd5ebdfd2", "ActionName": "Api.Controllers.AuthController.Register (Api)", "RequestId": "0HNFGSKFKDJFL", "RequestPath": "/api/auth/register", "Application": "Crud.Api"}
Activity.TraceId:            50c1ab1a1ebe2c77853cd2f6dffda199
Activity.SpanId:             78d1cec0cdcd03a2
Activity.TraceFlags:         Recorded
Activity.ActivitySourceName: Microsoft.AspNetCore
Activity.DisplayName:        POST api/Auth/register
Activity.Kind:               Server
Activity.StartTime:          2025-09-11T03:42:46.8362371Z
Activity.Duration:           00:00:00.2985372
Activity.Tags:
    server.address: localhost
    http.request.method: POST
    url.scheme: http
    url.path: /api/auth/register
    network.protocol.version: 1.1
    http.route: api/Auth/register
    http.response.status_code: 200
Resource associated with Activity:
    deployment.environment: Testing
    service.name: Crud.Api
    service.version: 1.0.0
    service.instance.id: a483e3f3-32ea-4a50-a508-2cd77b6b2522
    telemetry.sdk.name: opentelemetry
    telemetry.sdk.language: dotnet
    telemetry.sdk.version: 1.8.1
[03:42:47 INF] User logged in successfully: 79e4fa18-d148-47e0-9bdd-4bec8118cef5 {"SourceContext": "App.Features.Authentication.LoginCommandHandler", "ActionId": "f8013e71-3084-4253-9ed8-4150a25c9e00", "ActionName": "Api.Controllers.AuthController.Login (Api)", "RequestId": "0HNFGSKFKDJFM", "RequestPath": "/api/auth/login", "Application": "Crud.Api"}
Activity.TraceId:            d244b3046291fbe4f352d3a7c644e3b7
Activity.SpanId:             d43d59662f2c71ad
Activity.TraceFlags:         Recorded
Activity.ActivitySourceName: Microsoft.AspNetCore
Activity.DisplayName:        POST api/Auth/login
Activity.Kind:               Server
Activity.StartTime:          2025-09-11T03:42:47.1364293Z
Activity.Duration:           00:00:00.2991023
Activity.Tags:
    server.address: localhost
    http.request.method: POST
    url.scheme: http
    url.path: /api/auth/login
    network.protocol.version: 1.1
    http.route: api/Auth/login
    http.response.status_code: 200
Resource associated with Activity:
    deployment.environment: Testing
    service.name: Crud.Api
    service.version: 1.0.0
    service.instance.id: a483e3f3-32ea-4a50-a508-2cd77b6b2522
    telemetry.sdk.name: opentelemetry
    telemetry.sdk.language: dotnet
    telemetry.sdk.version: 1.8.1
[03:42:47 DBG] Cache miss for key: name:role:persistent {"SourceContext": "Infrastructure.Services.Caching.InMemoryCacheService", "ActionId": "71dd020c-f22b-4d43-97b9-eb5c1668d915", "ActionName": "Api.Controllers.RolesController.Create (Api)", "RequestId": "0HNFGSKFKDJFN", "RequestPath": "/api/roles", "Application": "Crud.Api"}
[03:42:47 DBG] Removed cache value for key: entity:role:c345129812b44cf1a5931032c10a5c85 {"SourceContext": "Infrastructure.Services.Caching.InMemoryCacheService", "ActionId": "71dd020c-f22b-4d43-97b9-eb5c1668d915", "ActionName": "Api.Controllers.RolesController.Create (Api)", "RequestId": "0HNFGSKFKDJFN", "RequestPath": "/api/roles", "Application": "Crud.Api"}
[03:42:47 DBG] Removed cache value for key: list:role {"SourceContext": "Infrastructure.Services.Caching.InMemoryCacheService", "ActionId": "71dd020c-f22b-4d43-97b9-eb5c1668d915", "ActionName": "Api.Controllers.RolesController.Create (Api)", "RequestId": "0HNFGSKFKDJFN", "RequestPath": "/api/roles", "Application": "Crud.Api"}
[03:42:47 DBG] Invalidating cache for entity type: roles with tag: roles {"SourceContext": "Api.Services.OutputCacheInvalidationService", "ActionId": "71dd020c-f22b-4d43-97b9-eb5c1668d915", "ActionName": "Api.Controllers.RolesController.Create (Api)", "RequestId": "0HNFGSKFKDJFN", "RequestPath": "/api/roles", "Application": "Crud.Api"}
[03:42:47 INF] Successfully invalidated cache for entity type: roles {"SourceContext": "Api.Services.OutputCacheInvalidationService", "ActionId": "71dd020c-f22b-4d43-97b9-eb5c1668d915", "ActionName": "Api.Controllers.RolesController.Create (Api)", "RequestId": "0HNFGSKFKDJFN", "RequestPath": "/api/roles", "Application": "Crud.Api"}
Activity.TraceId:            9004619278f56ed768cbf810bdd3d74f
Activity.SpanId:             db8c5c94903abe31
Activity.TraceFlags:         Recorded
Activity.ActivitySourceName: Microsoft.AspNetCore
Activity.DisplayName:        POST api/Roles
Activity.Kind:               Server
Activity.StartTime:          2025-09-11T03:42:47.4362686Z
Activity.Duration:           00:00:00.0018337
Activity.Tags:
    server.address: localhost
    http.request.method: POST
    url.scheme: http
    url.path: /api/roles
    network.protocol.version: 1.1
    http.route: api/Roles
    http.response.status_code: 201
Resource associated with Activity:
    deployment.environment: Testing
    service.name: Crud.Api
    service.version: 1.0.0
    service.instance.id: a483e3f3-32ea-4a50-a508-2cd77b6b2522
    telemetry.sdk.name: opentelemetry
    telemetry.sdk.language: dotnet
    telemetry.sdk.version: 1.8.1
[03:42:47 INF] User registered successfully: 8039e747-4257-41ee-92a4-00a74273e0f2 {"SourceContext": "App.Features.Authentication.RegisterUserCommandHandler", "ActionId": "04e3489a-ed71-4318-8eaa-ffbfd5ebdfd2", "ActionName": "Api.Controllers.AuthController.Register (Api)", "RequestId": "0HNFGSKFKDJFO", "RequestPath": "/api/auth/register", "Application": "Crud.Api"}
Activity.TraceId:            cf3f19fd7e6ec9034d43a26d44b40b47
Activity.SpanId:             3911bc46dec41bd4
Activity.TraceFlags:         Recorded
Activity.ActivitySourceName: Microsoft.AspNetCore
Activity.DisplayName:        POST api/Auth/register
Activity.Kind:               Server
Activity.StartTime:          2025-09-11T03:42:47.4388986Z
Activity.Duration:           00:00:00.2978129
Activity.Tags:
    server.address: localhost
    http.request.method: POST
    url.scheme: http
    url.path: /api/auth/register
    network.protocol.version: 1.1
    http.route: api/Auth/register
    http.response.status_code: 200
Resource associated with Activity:
    deployment.environment: Testing
    service.name: Crud.Api
    service.version: 1.0.0
    service.instance.id: a483e3f3-32ea-4a50-a508-2cd77b6b2522
    telemetry.sdk.name: opentelemetry
    telemetry.sdk.language: dotnet
    telemetry.sdk.version: 1.8.1
[03:42:47 DBG] Cache miss for key: entity:role:c345129812b44cf1a5931032c10a5c85 {"SourceContext": "Infrastructure.Services.Caching.InMemoryCacheService", "ActionId": "fda25ced-ac96-4442-93e1-2774a9665b16", "ActionName": "Api.Controllers.RolesController.Get (Api)", "RequestId": "0HNFGSKFKDJFP", "RequestPath": "/api/roles/c3451298-12b4-4cf1-a593-1032c10a5c85", "Application": "Crud.Api"}
[03:42:47 DBG] Set cache value for key: entity:role:c345129812b44cf1a5931032c10a5c85 {"SourceContext": "Infrastructure.Services.Caching.InMemoryCacheService", "ActionId": "fda25ced-ac96-4442-93e1-2774a9665b16", "ActionName": "Api.Controllers.RolesController.Get (Api)", "RequestId": "0HNFGSKFKDJFP", "RequestPath": "/api/roles/c3451298-12b4-4cf1-a593-1032c10a5c85", "Application": "Crud.Api"}
Activity.TraceId:            92f56cea1bbb98b7bf9e4ab9539e1ef6
Activity.SpanId:             eb8e63f0d69ffd34
Activity.TraceFlags:         Recorded
Activity.ActivitySourceName: Microsoft.AspNetCore
Activity.DisplayName:        GET api/Roles/{id:guid}
Activity.Kind:               Server
Activity.StartTime:          2025-09-11T03:42:47.7368542Z
Activity.Duration:           00:00:00.0030324
Activity.Tags:
    server.address: localhost
    http.request.method: GET
    url.scheme: http
    url.path: /api/roles/c3451298-12b4-4cf1-a593-1032c10a5c85
    network.protocol.version: 1.1
    http.route: api/Roles/{id:guid}
    http.response.status_code: 200
Resource associated with Activity:
    deployment.environment: Testing
    service.name: Crud.Api
    service.version: 1.0.0
    service.instance.id: a483e3f3-32ea-4a50-a508-2cd77b6b2522
    telemetry.sdk.name: opentelemetry
    telemetry.sdk.language: dotnet
    telemetry.sdk.version: 1.8.1
[03:42:47 INF] Resetting database for worker 10326 {"SourceContext": "Infrastructure.Services.DatabaseTestService", "Application": "Crud.Api"}
[03:42:47 INF] Resetting database via file deletion for worker 10326 in CI environment {"SourceContext": "Infrastructure.Services.DatabaseTestService", "Application": "Crud.Api"}
[03:42:47 INF] Acquiring database mutex for worker 10326... {"SourceContext": "Infrastructure.Services.DatabaseTestService", "Application": "Crud.Api"}
[03:42:47 INF] Database mutex acquired for worker 10326 {"SourceContext": "Infrastructure.Services.DatabaseTestService", "Application": "Crud.Api"}
[03:42:47 INF] Current database state - CanConnect: True {"SourceContext": "Infrastructure.Services.DatabaseTestService", "Application": "Crud.Api"}
[03:42:47 INF] [Phase 0] Closing database connection for worker 10326... {"SourceContext": "Infrastructure.Services.DatabaseTestService", "Application": "Crud.Api"}
[03:42:47 INF] [Phase 0] Connection closed in 0.0007ms {"SourceContext": "Infrastructure.Services.DatabaseTestService", "Application": "Crud.Api"}
[03:42:47 INF] [Phase 1] Starting EnsureDeletedAsync for worker 10326... {"SourceContext": "Infrastructure.Services.DatabaseTestService", "Application": "Crud.Api"}
[03:42:47 INF] [Phase 1] EnsureDeletedAsync completed in 1.4022ms {"SourceContext": "Infrastructure.Services.DatabaseTestService", "Application": "Crud.Api"}
[03:42:47 INF] [Phase 2] Starting EnsureCreatedAsync for worker 10326... {"SourceContext": "Infrastructure.Services.DatabaseTestService", "Application": "Crud.Api"}
[03:42:47 INF] [Phase 2] EnsureCreatedAsync completed in 7.5013ms {"SourceContext": "Infrastructure.Services.DatabaseTestService", "Application": "Crud.Api"}
[03:42:47 INF] [Phase 3] Skipping database seeding as requested for worker 10326 {"SourceContext": "Infrastructure.Services.DatabaseTestService", "Application": "Crud.Api"}
[03:42:47 INF] Database reset via file deletion completed for worker 10326 in 110.1174ms (Close: 0.0007ms, Delete: 1.4022ms, Create: 7.5013ms) {"SourceContext": "Infrastructure.Services.DatabaseTestService", "Application": "Crud.Api"}
[03:42:47 INF] Releasing database mutex for worker 10326 {"SourceContext": "Infrastructure.Services.DatabaseTestService", "Application": "Crud.Api"}
[03:42:48 INF] User registered successfully: 1d33f0ef-83cc-4322-b7eb-b7ed052567ee {"SourceContext": "App.Features.Authentication.RegisterUserCommandHandler", "ActionId": "04e3489a-ed71-4318-8eaa-ffbfd5ebdfd2", "ActionName": "Api.Controllers.AuthController.Register (Api)", "RequestId": "0HNFGSKFKDJFQ", "RequestPath": "/api/auth/register", "Application": "Crud.Api"}
Activity.TraceId:            2a8269ea640c8c13699074ca10ee99d6
Activity.SpanId:             6d610320495cddd0
Activity.TraceFlags:         Recorded
Activity.ActivitySourceName: Microsoft.AspNetCore
Activity.DisplayName:        POST api/Auth/register
Activity.Kind:               Server
Activity.StartTime:          2025-09-11T03:42:47.8530184Z
Activity.Duration:           00:00:00.2984988
Activity.Tags:
    server.address: localhost
    http.request.method: POST
    url.scheme: http
    url.path: /api/auth/register
    network.protocol.version: 1.1
    http.route: api/Auth/register
    http.response.status_code: 200
Resource associated with Activity:
    deployment.environment: Testing
    service.name: Crud.Api
    service.version: 1.0.0
    service.instance.id: a483e3f3-32ea-4a50-a508-2cd77b6b2522
    telemetry.sdk.name: opentelemetry
    telemetry.sdk.language: dotnet
    telemetry.sdk.version: 1.8.1
[03:42:48 INF] User logged in successfully: 1d33f0ef-83cc-4322-b7eb-b7ed052567ee {"SourceContext": "App.Features.Authentication.LoginCommandHandler", "ActionId": "f8013e71-3084-4253-9ed8-4150a25c9e00", "ActionName": "Api.Controllers.AuthController.Login (Api)", "RequestId": "0HNFGSKFKDJFR", "RequestPath": "/api/auth/login", "Application": "Crud.Api"}
Activity.TraceId:            c1267c5532922968e149e4c136dde1f0
Activity.SpanId:             9eb2af2698bc5fc8
Activity.TraceFlags:         Recorded
Activity.ActivitySourceName: Microsoft.AspNetCore
Activity.DisplayName:        POST api/Auth/login
Activity.Kind:               Server
Activity.StartTime:          2025-09-11T03:42:48.1527834Z
Activity.Duration:           00:00:00.2985398
Activity.Tags:
    server.address: localhost
    http.request.method: POST
    url.scheme: http
    url.path: /api/auth/login
    network.protocol.version: 1.1
    http.route: api/Auth/login
    http.response.status_code: 200
Resource associated with Activity:
    deployment.environment: Testing
    service.name: Crud.Api
    service.version: 1.0.0
    service.instance.id: a483e3f3-32ea-4a50-a508-2cd77b6b2522
    telemetry.sdk.name: opentelemetry
    telemetry.sdk.language: dotnet
    telemetry.sdk.version: 1.8.1
Activity.TraceId:            8d122cdb58d22b35532e9240c4820bd2
Activity.SpanId:             ccfe89d06e15bc92
Activity.TraceFlags:         Recorded
Activity.ActivitySourceName: Microsoft.AspNetCore
Activity.DisplayName:        POST api/Roles
Activity.Kind:               Server
Activity.StartTime:          2025-09-11T03:42:48.4515520Z
Activity.Duration:           00:00:00.0018722
Activity.Tags:
    server.address: localhost
    http.request.method: POST
    url.scheme: http
    url.path: /api/roles
    network.protocol.version: 1.1
    http.route: api/Roles
    http.response.status_code: 400
Resource associated with Activity:
    deployment.environment: Testing
    service.name: Crud.Api
    service.version: 1.0.0
    service.instance.id: a483e3f3-32ea-4a50-a508-2cd77b6b2522
    telemetry.sdk.name: opentelemetry
    telemetry.sdk.language: dotnet
    telemetry.sdk.version: 1.8.1
[03:42:48 INF] Resetting database for worker 10326 {"SourceContext": "Infrastructure.Services.DatabaseTestService", "Application": "Crud.Api"}
[03:42:48 INF] Resetting database via file deletion for worker 10326 in CI environment {"SourceContext": "Infrastructure.Services.DatabaseTestService", "Application": "Crud.Api"}
[03:42:48 INF] Acquiring database mutex for worker 10326... {"SourceContext": "Infrastructure.Services.DatabaseTestService", "Application": "Crud.Api"}
[03:42:48 INF] Database mutex acquired for worker 10326 {"SourceContext": "Infrastructure.Services.DatabaseTestService", "Application": "Crud.Api"}
[03:42:48 INF] Current database state - CanConnect: True {"SourceContext": "Infrastructure.Services.DatabaseTestService", "Application": "Crud.Api"}
[03:42:48 INF] [Phase 0] Closing database connection for worker 10326... {"SourceContext": "Infrastructure.Services.DatabaseTestService", "Application": "Crud.Api"}
[03:42:48 INF] [Phase 0] Connection closed in 0.0007ms {"SourceContext": "Infrastructure.Services.DatabaseTestService", "Application": "Crud.Api"}
[03:42:48 INF] [Phase 1] Starting EnsureDeletedAsync for worker 10326... {"SourceContext": "Infrastructure.Services.DatabaseTestService", "Application": "Crud.Api"}
[03:42:48 INF] [Phase 1] EnsureDeletedAsync completed in 1.3118ms {"SourceContext": "Infrastructure.Services.DatabaseTestService", "Application": "Crud.Api"}
[03:42:48 INF] [Phase 2] Starting EnsureCreatedAsync for worker 10326... {"SourceContext": "Infrastructure.Services.DatabaseTestService", "Application": "Crud.Api"}
[03:42:48 INF] [Phase 2] EnsureCreatedAsync completed in 7.4677ms {"SourceContext": "Infrastructure.Services.DatabaseTestService", "Application": "Crud.Api"}
[03:42:48 INF] [Phase 3] Skipping database seeding as requested for worker 10326 {"SourceContext": "Infrastructure.Services.DatabaseTestService", "Application": "Crud.Api"}
[03:42:48 INF] Database reset via file deletion completed for worker 10326 in 108.4252ms (Close: 0.0007ms, Delete: 1.3118ms, Create: 7.4677ms) {"SourceContext": "Infrastructure.Services.DatabaseTestService", "Application": "Crud.Api"}
[03:42:48 INF] Releasing database mutex for worker 10326 {"SourceContext": "Infrastructure.Services.DatabaseTestService", "Application": "Crud.Api"}
[03:42:48 INF] Resetting database for worker 10326 {"SourceContext": "Infrastructure.Services.DatabaseTestService", "Application": "Crud.Api"}
[03:42:48 INF] Resetting database via file deletion for worker 10326 in CI environment {"SourceContext": "Infrastructure.Services.DatabaseTestService", "Application": "Crud.Api"}
[03:42:48 INF] Acquiring database mutex for worker 10326... {"SourceContext": "Infrastructure.Services.DatabaseTestService", "Application": "Crud.Api"}
[03:42:48 INF] Database mutex acquired for worker 10326 {"SourceContext": "Infrastructure.Services.DatabaseTestService", "Application": "Crud.Api"}
[03:42:48 INF] Current database state - CanConnect: True {"SourceContext": "Infrastructure.Services.DatabaseTestService", "Application": "Crud.Api"}
[03:42:48 INF] [Phase 0] Closing database connection for worker 10326... {"SourceContext": "Infrastructure.Services.DatabaseTestService", "Application": "Crud.Api"}
[03:42:48 INF] [Phase 0] Connection closed in 0.0006ms {"SourceContext": "Infrastructure.Services.DatabaseTestService", "Application": "Crud.Api"}
[03:42:48 INF] [Phase 1] Starting EnsureDeletedAsync for worker 10326... {"SourceContext": "Infrastructure.Services.DatabaseTestService", "Application": "Crud.Api"}
[03:42:48 INF] [Phase 1] EnsureDeletedAsync completed in 1.2336ms {"SourceContext": "Infrastructure.Services.DatabaseTestService", "Application": "Crud.Api"}
[03:42:48 INF] [Phase 2] Starting EnsureCreatedAsync for worker 10326... {"SourceContext": "Infrastructure.Services.DatabaseTestService", "Application": "Crud.Api"}
[03:42:48 INF] [Phase 2] EnsureCreatedAsync completed in 9.2411ms {"SourceContext": "Infrastructure.Services.DatabaseTestService", "Application": "Crud.Api"}
[03:42:48 INF] [Phase 3] Skipping database seeding as requested for worker 10326 {"SourceContext": "Infrastructure.Services.DatabaseTestService", "Application": "Crud.Api"}
[03:42:48 INF] Database reset via file deletion completed for worker 10326 in 111.1923ms (Close: 0.0006ms, Delete: 1.2336ms, Create: 9.2411ms) {"SourceContext": "Infrastructure.Services.DatabaseTestService", "Application": "Crud.Api"}
[03:42:48 INF] Releasing database mutex for worker 10326 {"SourceContext": "Infrastructure.Services.DatabaseTestService", "Application": "Crud.Api"}
[03:42:48 INF] User registered successfully: 7a885cfe-0078-4fcf-9096-f067f211b2a0 {"SourceContext": "App.Features.Authentication.RegisterUserCommandHandler", "ActionId": "04e3489a-ed71-4318-8eaa-ffbfd5ebdfd2", "ActionName": "Api.Controllers.AuthController.Register (Api)", "RequestId": "0HNFGSKFKDJFT", "RequestPath": "/api/auth/register", "Application": "Crud.Api"}
Activity.TraceId:            4cf36e71ba708cf572792888d8be78c7
Activity.SpanId:             549fcdd2b573b6e2
Activity.TraceFlags:         Recorded
Activity.ActivitySourceName: Microsoft.AspNetCore
Activity.DisplayName:        POST api/Auth/register
Activity.Kind:               Server
Activity.StartTime:          2025-09-11T03:42:48.6775416Z
Activity.Duration:           00:00:00.2986585
Activity.Tags:
    server.address: localhost
    http.request.method: POST
    url.scheme: http
    url.path: /api/auth/register
    network.protocol.version: 1.1
    http.route: api/Auth/register
    http.response.status_code: 200
Resource associated with Activity:
    deployment.environment: Testing
    service.name: Crud.Api
    service.version: 1.0.0
    service.instance.id: a483e3f3-32ea-4a50-a508-2cd77b6b2522
    telemetry.sdk.name: opentelemetry
    telemetry.sdk.language: dotnet
    telemetry.sdk.version: 1.8.1
[03:42:49 INF] User logged in successfully: 7a885cfe-0078-4fcf-9096-f067f211b2a0 {"SourceContext": "App.Features.Authentication.LoginCommandHandler", "ActionId": "f8013e71-3084-4253-9ed8-4150a25c9e00", "ActionName": "Api.Controllers.AuthController.Login (Api)", "RequestId": "0HNFGSKFKDJFU", "RequestPath": "/api/auth/login", "Application": "Crud.Api"}
Activity.TraceId:            e3479aa4ff0f25f6a211cb38ac2de193
Activity.SpanId:             0085fb258de195e3
Activity.TraceFlags:         Recorded
Activity.ActivitySourceName: Microsoft.AspNetCore
Activity.DisplayName:        POST api/Auth/login
Activity.Kind:               Server
Activity.StartTime:          2025-09-11T03:42:48.9775196Z
Activity.Duration:           00:00:00.2988451
Activity.Tags:
    server.address: localhost
    http.request.method: POST
    url.scheme: http
    url.path: /api/auth/login
    network.protocol.version: 1.1
    http.route: api/Auth/login
    http.response.status_code: 200
Resource associated with Activity:
    deployment.environment: Testing
    service.name: Crud.Api
    service.version: 1.0.0
    service.instance.id: a483e3f3-32ea-4a50-a508-2cd77b6b2522
    telemetry.sdk.name: opentelemetry
    telemetry.sdk.language: dotnet
    telemetry.sdk.version: 1.8.1
[03:42:49 DBG] Cache miss for key: name:role:administrator {"SourceContext": "Infrastructure.Services.Caching.InMemoryCacheService", "ActionId": "71dd020c-f22b-4d43-97b9-eb5c1668d915", "ActionName": "Api.Controllers.RolesController.Create (Api)", "RequestId": "0HNFGSKFKDJFV", "RequestPath": "/api/roles", "Application": "Crud.Api"}
[03:42:49 DBG] Removed cache value for key: entity:role:7cf4d65723cf499483ce31efed2c1d6c {"SourceContext": "Infrastructure.Services.Caching.InMemoryCacheService", "ActionId": "71dd020c-f22b-4d43-97b9-eb5c1668d915", "ActionName": "Api.Controllers.RolesController.Create (Api)", "RequestId": "0HNFGSKFKDJFV", "RequestPath": "/api/roles", "Application": "Crud.Api"}
[03:42:49 DBG] Removed cache value for key: list:role {"SourceContext": "Infrastructure.Services.Caching.InMemoryCacheService", "ActionId": "71dd020c-f22b-4d43-97b9-eb5c1668d915", "ActionName": "Api.Controllers.RolesController.Create (Api)", "RequestId": "0HNFGSKFKDJFV", "RequestPath": "/api/roles", "Application": "Crud.Api"}
[03:42:49 DBG] Invalidating cache for entity type: roles with tag: roles {"SourceContext": "Api.Services.OutputCacheInvalidationService", "ActionId": "71dd020c-f22b-4d43-97b9-eb5c1668d915", "ActionName": "Api.Controllers.RolesController.Create (Api)", "RequestId": "0HNFGSKFKDJFV", "RequestPath": "/api/roles", "Application": "Crud.Api"}
[03:42:49 INF] Successfully invalidated cache for entity type: roles {"SourceContext": "Api.Services.OutputCacheInvalidationService", "ActionId": "71dd020c-f22b-4d43-97b9-eb5c1668d915", "ActionName": "Api.Controllers.RolesController.Create (Api)", "RequestId": "0HNFGSKFKDJFV", "RequestPath": "/api/roles", "Application": "Crud.Api"}
Activity.TraceId:            b44dee58d0cde31768994338c2d8c079
Activity.SpanId:             ee503fc8df81d5fb
Activity.TraceFlags:         Recorded
Activity.ActivitySourceName: Microsoft.AspNetCore
Activity.DisplayName:        POST api/Roles
Activity.Kind:               Server
Activity.StartTime:          2025-09-11T03:42:49.2765717Z
Activity.Duration:           00:00:00.0022154
Activity.Tags:
    server.address: localhost
    http.request.method: POST
    url.scheme: http
    url.path: /api/roles
    network.protocol.version: 1.1
    http.route: api/Roles
    http.response.status_code: 201
Resource associated with Activity:
    deployment.environment: Testing
    service.name: Crud.Api
    service.version: 1.0.0
    service.instance.id: a483e3f3-32ea-4a50-a508-2cd77b6b2522
    telemetry.sdk.name: opentelemetry
    telemetry.sdk.language: dotnet
    telemetry.sdk.version: 1.8.1
[03:42:49 INF] Resetting database for worker 10326 {"SourceContext": "Infrastructure.Services.DatabaseTestService", "Application": "Crud.Api"}
[03:42:49 INF] Resetting database via file deletion for worker 10326 in CI environment {"SourceContext": "Infrastructure.Services.DatabaseTestService", "Application": "Crud.Api"}
[03:42:49 INF] Acquiring database mutex for worker 10326... {"SourceContext": "Infrastructure.Services.DatabaseTestService", "Application": "Crud.Api"}
[03:42:49 INF] Database mutex acquired for worker 10326 {"SourceContext": "Infrastructure.Services.DatabaseTestService", "Application": "Crud.Api"}
[03:42:49 INF] Current database state - CanConnect: True {"SourceContext": "Infrastructure.Services.DatabaseTestService", "Application": "Crud.Api"}
[03:42:49 INF] [Phase 0] Closing database connection for worker 10326... {"SourceContext": "Infrastructure.Services.DatabaseTestService", "Application": "Crud.Api"}
[03:42:49 INF] [Phase 0] Connection closed in 0.0006ms {"SourceContext": "Infrastructure.Services.DatabaseTestService", "Application": "Crud.Api"}
[03:42:49 INF] [Phase 1] Starting EnsureDeletedAsync for worker 10326... {"SourceContext": "Infrastructure.Services.DatabaseTestService", "Application": "Crud.Api"}
[03:42:49 INF] [Phase 1] EnsureDeletedAsync completed in 1.2058ms {"SourceContext": "Infrastructure.Services.DatabaseTestService", "Application": "Crud.Api"}
[03:42:49 INF] [Phase 2] Starting EnsureCreatedAsync for worker 10326... {"SourceContext": "Infrastructure.Services.DatabaseTestService", "Application": "Crud.Api"}
[03:42:49 INF] [Phase 2] EnsureCreatedAsync completed in 7.1725ms {"SourceContext": "Infrastructure.Services.DatabaseTestService", "Application": "Crud.Api"}
[03:42:49 INF] [Phase 3] Skipping database seeding as requested for worker 10326 {"SourceContext": "Infrastructure.Services.DatabaseTestService", "Application": "Crud.Api"}
[03:42:49 INF] Database reset via file deletion completed for worker 10326 in 111.8541ms (Close: 0.0006ms, Delete: 1.2058ms, Create: 7.1725ms) {"SourceContext": "Infrastructure.Services.DatabaseTestService", "Application": "Crud.Api"}
[03:42:49 INF] Releasing database mutex for worker 10326 {"SourceContext": "Infrastructure.Services.DatabaseTestService", "Application": "Crud.Api"}
[03:42:49 INF] Resetting database for worker 10326 {"SourceContext": "Infrastructure.Services.DatabaseTestService", "Application": "Crud.Api"}
[03:42:49 INF] Resetting database via file deletion for worker 10326 in CI environment {"SourceContext": "Infrastructure.Services.DatabaseTestService", "Application": "Crud.Api"}
[03:42:49 INF] Acquiring database mutex for worker 10326... {"SourceContext": "Infrastructure.Services.DatabaseTestService", "Application": "Crud.Api"}
[03:42:49 INF] Database mutex acquired for worker 10326 {"SourceContext": "Infrastructure.Services.DatabaseTestService", "Application": "Crud.Api"}
[03:42:49 INF] Current database state - CanConnect: True {"SourceContext": "Infrastructure.Services.DatabaseTestService", "Application": "Crud.Api"}
[03:42:49 INF] [Phase 0] Closing database connection for worker 10326... {"SourceContext": "Infrastructure.Services.DatabaseTestService", "Application": "Crud.Api"}
[03:42:49 INF] [Phase 0] Connection closed in 0.0006ms {"SourceContext": "Infrastructure.Services.DatabaseTestService", "Application": "Crud.Api"}
[03:42:49 INF] [Phase 1] Starting EnsureDeletedAsync for worker 10326... {"SourceContext": "Infrastructure.Services.DatabaseTestService", "Application": "Crud.Api"}
[03:42:49 INF] [Phase 1] EnsureDeletedAsync completed in 1.2035ms {"SourceContext": "Infrastructure.Services.DatabaseTestService", "Application": "Crud.Api"}
[03:42:49 INF] [Phase 2] Starting EnsureCreatedAsync for worker 10326... {"SourceContext": "Infrastructure.Services.DatabaseTestService", "Application": "Crud.Api"}
[03:42:49 INF] [Phase 2] EnsureCreatedAsync completed in 7.6468ms {"SourceContext": "Infrastructure.Services.DatabaseTestService", "Application": "Crud.Api"}
[03:42:49 INF] [Phase 3] Skipping database seeding as requested for worker 10326 {"SourceContext": "Infrastructure.Services.DatabaseTestService", "Application": "Crud.Api"}
[03:42:49 INF] Database reset via file deletion completed for worker 10326 in 109.9549ms (Close: 0.0006ms, Delete: 1.2035ms, Create: 7.6468ms) {"SourceContext": "Infrastructure.Services.DatabaseTestService", "Application": "Crud.Api"}
[03:42:49 INF] Releasing database mutex for worker 10326 {"SourceContext": "Infrastructure.Services.DatabaseTestService", "Application": "Crud.Api"}
[03:42:49 INF] User registered successfully: 60c2bbdf-c4e1-4747-b940-72299e264c8d {"SourceContext": "App.Features.Authentication.RegisterUserCommandHandler", "ActionId": "04e3489a-ed71-4318-8eaa-ffbfd5ebdfd2", "ActionName": "Api.Controllers.AuthController.Register (Api)", "RequestId": "0HNFGSKFKDJG0", "RequestPath": "/api/auth/register", "Application": "Crud.Api"}
Activity.TraceId:            eb7bdb781f8ff2a4cf191d39c0ca1de4
Activity.SpanId:             f81de4f673b625a5
Activity.TraceFlags:         Recorded
Activity.ActivitySourceName: Microsoft.AspNetCore
Activity.DisplayName:        POST api/Auth/register
Activity.Kind:               Server
Activity.StartTime:          2025-09-11T03:42:49.5049220Z
Activity.Duration:           00:00:00.2990797
Activity.Tags:
    server.address: localhost
    http.request.method: POST
    url.scheme: http
    url.path: /api/auth/register
    network.protocol.version: 1.1
    http.route: api/Auth/register
    http.response.status_code: 200
Resource associated with Activity:
    deployment.environment: Testing
    service.name: Crud.Api
    service.version: 1.0.0
    service.instance.id: a483e3f3-32ea-4a50-a508-2cd77b6b2522
    telemetry.sdk.name: opentelemetry
    telemetry.sdk.language: dotnet
    telemetry.sdk.version: 1.8.1
[03:42:49 DBG] Cache miss for key: entity:role:64ef4ec905004a118e855fac25a25100 {"SourceContext": "Infrastructure.Services.Caching.InMemoryCacheService", "ActionId": "fda25ced-ac96-4442-93e1-2774a9665b16", "ActionName": "Api.Controllers.RolesController.Get (Api)", "RequestId": "0HNFGSKFKDJG1", "RequestPath": "/api/roles/64ef4ec9-0500-4a11-8e85-5fac25a25100", "Application": "Crud.Api"}
Activity.TraceId:            6a7318a8975ab2b367631cde5d2cb0a1
Activity.SpanId:             a69bb0ceaacf6656
Activity.TraceFlags:         Recorded
Activity.ActivitySourceName: Microsoft.AspNetCore
Activity.DisplayName:        GET api/Roles/{id:guid}
Activity.Kind:               Server
Activity.StartTime:          2025-09-11T03:42:49.8043905Z
Activity.Duration:           00:00:00.0013328
Activity.Tags:
    server.address: localhost
    http.request.method: GET
    url.scheme: http
    url.path: /api/roles/64ef4ec9-0500-4a11-8e85-5fac25a25100
    network.protocol.version: 1.1
    http.route: api/Roles/{id:guid}
    http.response.status_code: 404
Resource associated with Activity:
    deployment.environment: Testing
    service.name: Crud.Api
    service.version: 1.0.0
    service.instance.id: a483e3f3-32ea-4a50-a508-2cd77b6b2522
    telemetry.sdk.name: opentelemetry
    telemetry.sdk.language: dotnet
    telemetry.sdk.version: 1.8.1
[03:42:49 INF] Resetting database for worker 10326 {"SourceContext": "Infrastructure.Services.DatabaseTestService", "Application": "Crud.Api"}
[03:42:49 INF] Resetting database via file deletion for worker 10326 in CI environment {"SourceContext": "Infrastructure.Services.DatabaseTestService", "Application": "Crud.Api"}
[03:42:49 INF] Acquiring database mutex for worker 10326... {"SourceContext": "Infrastructure.Services.DatabaseTestService", "Application": "Crud.Api"}
[03:42:49 INF] Database mutex acquired for worker 10326 {"SourceContext": "Infrastructure.Services.DatabaseTestService", "Application": "Crud.Api"}
[03:42:49 INF] Current database state - CanConnect: True {"SourceContext": "Infrastructure.Services.DatabaseTestService", "Application": "Crud.Api"}
[03:42:49 INF] [Phase 0] Closing database connection for worker 10326... {"SourceContext": "Infrastructure.Services.DatabaseTestService", "Application": "Crud.Api"}
[03:42:49 INF] [Phase 0] Connection closed in 0.0008ms {"SourceContext": "Infrastructure.Services.DatabaseTestService", "Application": "Crud.Api"}
[03:42:49 INF] [Phase 1] Starting EnsureDeletedAsync for worker 10326... {"SourceContext": "Infrastructure.Services.DatabaseTestService", "Application": "Crud.Api"}
[03:42:49 INF] [Phase 1] EnsureDeletedAsync completed in 1.3176ms {"SourceContext": "Infrastructure.Services.DatabaseTestService", "Application": "Crud.Api"}
[03:42:49 INF] [Phase 2] Starting EnsureCreatedAsync for worker 10326... {"SourceContext": "Infrastructure.Services.DatabaseTestService", "Application": "Crud.Api"}
[03:42:49 INF] [Phase 2] EnsureCreatedAsync completed in 7.4911ms {"SourceContext": "Infrastructure.Services.DatabaseTestService", "Application": "Crud.Api"}
[03:42:49 INF] [Phase 3] Skipping database seeding as requested for worker 10326 {"SourceContext": "Infrastructure.Services.DatabaseTestService", "Application": "Crud.Api"}
[03:42:49 INF] Database reset via file deletion completed for worker 10326 in 108.813ms (Close: 0.0008ms, Delete: 1.3176ms, Create: 7.4911ms) {"SourceContext": "Infrastructure.Services.DatabaseTestService", "Application": "Crud.Api"}
[03:42:49 INF] Releasing database mutex for worker 10326 {"SourceContext": "Infrastructure.Services.DatabaseTestService", "Application": "Crud.Api"}
[03:42:49 INF] Resetting database for worker 10326 {"SourceContext": "Infrastructure.Services.DatabaseTestService", "Application": "Crud.Api"}
[03:42:49 INF] Resetting database via file deletion for worker 10326 in CI environment {"SourceContext": "Infrastructure.Services.DatabaseTestService", "Application": "Crud.Api"}
[03:42:49 INF] Acquiring database mutex for worker 10326... {"SourceContext": "Infrastructure.Services.DatabaseTestService", "Application": "Crud.Api"}
[03:42:49 INF] Database mutex acquired for worker 10326 {"SourceContext": "Infrastructure.Services.DatabaseTestService", "Application": "Crud.Api"}
[03:42:49 INF] Current database state - CanConnect: True {"SourceContext": "Infrastructure.Services.DatabaseTestService", "Application": "Crud.Api"}
[03:42:49 INF] [Phase 0] Closing database connection for worker 10326... {"SourceContext": "Infrastructure.Services.DatabaseTestService", "Application": "Crud.Api"}
[03:42:49 INF] [Phase 0] Connection closed in 0.0007ms {"SourceContext": "Infrastructure.Services.DatabaseTestService", "Application": "Crud.Api"}
[03:42:49 INF] [Phase 1] Starting EnsureDeletedAsync for worker 10326... {"SourceContext": "Infrastructure.Services.DatabaseTestService", "Application": "Crud.Api"}
[03:42:49 INF] [Phase 1] EnsureDeletedAsync completed in 1.2609ms {"SourceContext": "Infrastructure.Services.DatabaseTestService", "Application": "Crud.Api"}
[03:42:50 INF] [Phase 2] Starting EnsureCreatedAsync for worker 10326... {"SourceContext": "Infrastructure.Services.DatabaseTestService", "Application": "Crud.Api"}
[03:42:50 INF] [Phase 2] EnsureCreatedAsync completed in 7.9221ms {"SourceContext": "Infrastructure.Services.DatabaseTestService", "Application": "Crud.Api"}
[03:42:50 INF] [Phase 3] Skipping database seeding as requested for worker 10326 {"SourceContext": "Infrastructure.Services.DatabaseTestService", "Application": "Crud.Api"}
[03:42:50 INF] Database reset via file deletion completed for worker 10326 in 109.1829ms (Close: 0.0007ms, Delete: 1.2609ms, Create: 7.9221ms) {"SourceContext": "Infrastructure.Services.DatabaseTestService", "Application": "Crud.Api"}
[03:42:50 INF] Releasing database mutex for worker 10326 {"SourceContext": "Infrastructure.Services.DatabaseTestService", "Application": "Crud.Api"}
Resource associated with Metric:
    deployment.environment: Testing
    service.name: Crud.Api
    service.version: 1.0.0
    service.instance.id: a483e3f3-32ea-4a50-a508-2cd77b6b2522
    telemetry.sdk.name: opentelemetry
    telemetry.sdk.language: dotnet
    telemetry.sdk.version: 1.8.1
Metric Name: http.server.active_requests, Number of active HTTP server requests., Unit: {request}, Meter: Microsoft.AspNetCore.Hosting
(2025-09-11T03:42:40.2749929Z, 2025-09-11T03:42:50.2750272Z] http.request.method: POST url.scheme: http LongSumNonMonotonic
Value: 1
(2025-09-11T03:42:40.2749929Z, 2025-09-11T03:42:50.2750272Z] http.request.method: DELETE url.scheme: http LongSumNonMonotonic
Value: 0
(2025-09-11T03:42:40.2749929Z, 2025-09-11T03:42:50.2750272Z] http.request.method: GET url.scheme: http LongSumNonMonotonic
Value: 0
(2025-09-11T03:42:40.2749929Z, 2025-09-11T03:42:50.2750272Z] http.request.method: PUT url.scheme: http LongSumNonMonotonic
Value: 0
Metric Name: http.server.request.duration, Duration of HTTP server requests., Unit: s, Meter: Microsoft.AspNetCore.Hosting
(2025-09-11T03:42:40.2750146Z, 2025-09-11T03:42:50.2750306Z] http.request.method: POST http.response.status_code: 200 http.route: api/Auth/register network.protocol.version: 1.1 url.scheme: http Histogram
Value: Sum: 5.0944785 Count: 17 Min: 0.2978029 Max: 0.3119432 
(-Infinity,0.005]:0
(0.005,0.01]:0
(0.01,0.025]:0
(0.025,0.05]:0
(0.05,0.075]:0
(0.075,0.1]:0
(0.1,0.25]:0
(0.25,0.5]:17
(0.5,0.75]:0
(0.75,1]:0
(1,2.5]:0
(2.5,5]:0
(5,7.5]:0
(7.5,10]:0
(10,+Infinity]:0
(2025-09-11T03:42:40.2750146Z, 2025-09-11T03:42:50.2750306Z] http.request.method: POST http.response.status_code: 200 http.route: api/Auth/login network.protocol.version: 1.1 url.scheme: http Histogram
Value: Sum: 3.2939437000000003 Count: 11 Min: 0.29853 Max: 0.3035121 
(-Infinity,0.005]:0
(0.005,0.01]:0
(0.01,0.025]:0
(0.025,0.05]:0
(0.05,0.075]:0
(0.075,0.1]:0
(0.1,0.25]:0
(0.25,0.5]:11
(0.5,0.75]:0
(0.75,1]:0
(1,2.5]:0
(2.5,5]:0
(5,7.5]:0
(7.5,10]:0
(10,+Infinity]:0
(2025-09-11T03:42:40.2750146Z, 2025-09-11T03:42:50.2750306Z] http.request.method: DELETE http.response.status_code: 204 http.route: api/Roles/{id:guid} network.protocol.version: 1.1 url.scheme: http Histogram
Value: Sum: 0.0137884 Count: 2 Min: 0.002624 Max: 0.0111644 
(-Infinity,0.005]:1
(0.005,0.01]:0
(0.01,0.025]:1
(0.025,0.05]:0
(0.05,0.075]:0
(0.075,0.1]:0
(0.1,0.25]:0
(0.25,0.5]:0
(0.5,0.75]:0
(0.75,1]:0
(1,2.5]:0
(2.5,5]:0
(5,7.5]:0
(7.5,10]:0
(10,+Infinity]:0
(2025-09-11T03:42:40.2750146Z, 2025-09-11T03:42:50.2750306Z] http.request.method: POST http.response.status_code: 201 http.route: api/Roles network.protocol.version: 1.1 url.scheme: http Histogram
Value: Sum: 0.024021300000000002 Count: 7 Min: 0.0018133 Max: 0.0079772 
(-Infinity,0.005]:6
(0.005,0.01]:1
(0.01,0.025]:0
(0.025,0.05]:0
(0.05,0.075]:0
(0.075,0.1]:0
(0.1,0.25]:0
(0.25,0.5]:0
(0.5,0.75]:0
(0.75,1]:0
(1,2.5]:0
(2.5,5]:0
(5,7.5]:0
(7.5,10]:0
(10,+Infinity]:0
(2025-09-11T03:42:40.2750146Z, 2025-09-11T03:42:50.2750306Z] http.request.method: GET http.response.status_code: 200 http.route: api/Roles network.protocol.version: 1.1 url.scheme: http Histogram
Value: Sum: 0.0068141 Count: 2 Min: 0.0011683 Max: 0.0056458 
(-Infinity,0.005]:1
(0.005,0.01]:1
(0.01,0.025]:0
(0.025,0.05]:0
(0.05,0.075]:0
(0.075,0.1]:0
(0.1,0.25]:0
(0.25,0.5]:0
(0.5,0.75]:0
(0.75,1]:0
(1,2.5]:0
(2.5,5]:0
(5,7.5]:0
(7.5,10]:0
(10,+Infinity]:0
(2025-09-11T03:42:40.2750146Z, 2025-09-11T03:42:50.2750306Z] http.request.method: GET http.response.status_code: 404 http.route: api/Roles/{id:guid} network.protocol.version: 1.1 url.scheme: http Histogram
Value: Sum: 0.0100165 Count: 2 Min: 0.0013364 Max: 0.0086801 
(-Infinity,0.005]:1
(0.005,0.01]:1
(0.01,0.025]:0
(0.025,0.05]:0
(0.05,0.075]:0
(0.075,0.1]:0
(0.1,0.25]:0
(0.25,0.5]:0
(0.5,0.75]:0
(0.75,1]:0
(1,2.5]:0
(2.5,5]:0
(5,7.5]:0
(7.5,10]:0
(10,+Infinity]:0
(2025-09-11T03:42:40.2750146Z, 2025-09-11T03:42:50.2750306Z] http.request.method: PUT http.response.status_code: 204 http.route: api/Roles/{id:guid} network.protocol.version: 1.1 url.scheme: http Histogram
Value: Sum: 0.0083268 Count: 1 Min: 0.0083268 Max: 0.0083268 
(-Infinity,0.005]:0
(0.005,0.01]:1
(0.01,0.025]:0
(0.025,0.05]:0
(0.05,0.075]:0
(0.075,0.1]:0
(0.1,0.25]:0
(0.25,0.5]:0
(0.5,0.75]:0
(0.75,1]:0
(1,2.5]:0
(2.5,5]:0
(5,7.5]:0
(7.5,10]:0
(10,+Infinity]:0
(2025-09-11T03:42:40.2750146Z, 2025-09-11T03:42:50.2750306Z] http.request.method: GET http.response.status_code: 200 http.route: api/Roles/{id:guid} network.protocol.version: 1.1 url.scheme: http Histogram
Value: Sum: 0.0061557 Count: 2 Min: 0.003033 Max: 0.0031227 
(-Infinity,0.005]:2
(0.005,0.01]:0
(0.01,0.025]:0
(0.025,0.05]:0
(0.05,0.075]:0
(0.075,0.1]:0
(0.1,0.25]:0
(0.25,0.5]:0
(0.5,0.75]:0
(0.75,1]:0
(1,2.5]:0
(2.5,5]:0
(5,7.5]:0
(7.5,10]:0
(10,+Infinity]:0
(2025-09-11T03:42:40.2750146Z, 2025-09-11T03:42:50.2750306Z] http.request.method: POST http.response.status_code: 400 http.route: api/Roles network.protocol.version: 1.1 url.scheme: http Histogram
Value: Sum: 0.001866 Count: 1 Min: 0.001866 Max: 0.001866 
(-Infinity,0.005]:1
(0.005,0.01]:0
(0.01,0.025]:0
(0.025,0.05]:0
(0.05,0.075]:0
(0.075,0.1]:0
(0.1,0.25]:0
(0.25,0.5]:0
(0.5,0.75]:0
(0.75,1]:0
(1,2.5]:0
(2.5,5]:0
(5,7.5]:0
(7.5,10]:0
(10,+Infinity]:0
Metric Name: aspnetcore.rate_limiting.active_request_leases, Number of HTTP requests that are currently active on the server that hold a rate limiting lease., Unit: {request}, Meter: Microsoft.AspNetCore.RateLimiting
(2025-09-11T03:42:40.2767340Z, 2025-09-11T03:42:50.2750313Z] LongSumNonMonotonic
Value: 1
Metric Name: aspnetcore.rate_limiting.request_lease.duration, The duration of rate limiting leases held by HTTP requests on the server., Unit: s, Meter: Microsoft.AspNetCore.RateLimiting
(2025-09-11T03:42:40.2767535Z, 2025-09-11T03:42:50.2750321Z] Histogram
Value: Sum: 8.450359299999999 Count: 45 Min: 0.0010755 Max: 0.3109749 
(-Infinity,0.005]:12
(0.005,0.01]:4
(0.01,0.025]:1
(0.025,0.05]:0
(0.05,0.075]:0
(0.075,0.1]:0
(0.1,0.25]:0
(0.25,0.5]:28
(0.5,0.75]:0
(0.75,1]:0
(1,2.5]:0
(2.5,5]:0
(5,7.5]:0
(7.5,10]:0
(10,+Infinity]:0
Metric Name: aspnetcore.rate_limiting.requests, Number of requests that tried to acquire a rate limiting lease. Requests could be rejected by global or endpoint rate limiting policies. Or the request could be canceled while waiting for the lease., Unit: {request}, Meter: Microsoft.AspNetCore.RateLimiting
(2025-09-11T03:42:40.2768201Z, 2025-09-11T03:42:50.2750334Z] aspnetcore.rate_limiting.result: acquired LongSum
Value: 45
Metric Name: aspnetcore.routing.match_attempts, Number of requests that were attempted to be matched to an endpoint., Unit: {match_attempt}, Meter: Microsoft.AspNetCore.Routing
(2025-09-11T03:42:40.2775422Z, 2025-09-11T03:42:50.2750339Z] aspnetcore.routing.is_fallback: false aspnetcore.routing.match_status: success http.route: api/Auth/register LongSum
Value: 18
(2025-09-11T03:42:40.2775422Z, 2025-09-11T03:42:50.2750339Z] aspnetcore.routing.is_fallback: false aspnetcore.routing.match_status: success http.route: api/Auth/login LongSum
Value: 11
(2025-09-11T03:42:40.2775422Z, 2025-09-11T03:42:50.2750339Z] aspnetcore.routing.is_fallback: false aspnetcore.routing.match_status: success http.route: api/Roles/{id:guid} LongSum
Value: 7
(2025-09-11T03:42:40.2775422Z, 2025-09-11T03:42:50.2750339Z] aspnetcore.routing.is_fallback: false aspnetcore.routing.match_status: success http.route: api/Roles LongSum
Value: 10
[03:42:50 INF] User registered successfully: 98211424-566e-4413-bdcd-949633753885 {"SourceContext": "App.Features.Authentication.RegisterUserCommandHandler", "ActionId": "04e3489a-ed71-4318-8eaa-ffbfd5ebdfd2", "ActionName": "Api.Controllers.AuthController.Register (Api)", "RequestId": "0HNFGSKFKDJG2", "RequestPath": "/api/auth/register", "Application": "Crud.Api"}
Activity.TraceId:            eb28634ac533e71d53c7612f9a3157ba
Activity.SpanId:             7cd3c3d5e67de1b8
Activity.TraceFlags:         Recorded
Activity.ActivitySourceName: Microsoft.AspNetCore
Activity.DisplayName:        POST api/Auth/register
Activity.Kind:               Server
Activity.StartTime:          2025-09-11T03:42:50.0279265Z
Activity.Duration:           00:00:00.3023746
Activity.Tags:
    server.address: localhost
    http.request.method: POST
    url.scheme: http
    url.path: /api/auth/register
    network.protocol.version: 1.1
    http.route: api/Auth/register
    http.response.status_code: 200
Resource associated with Activity:
    deployment.environment: Testing
    service.name: Crud.Api
    service.version: 1.0.0
    service.instance.id: a483e3f3-32ea-4a50-a508-2cd77b6b2522
    telemetry.sdk.name: opentelemetry
    telemetry.sdk.language: dotnet
    telemetry.sdk.version: 1.8.1
[03:42:50 INF] User logged in successfully: 98211424-566e-4413-bdcd-949633753885 {"SourceContext": "App.Features.Authentication.LoginCommandHandler", "ActionId": "f8013e71-3084-4253-9ed8-4150a25c9e00", "ActionName": "Api.Controllers.AuthController.Login (Api)", "RequestId": "0HNFGSKFKDJG3", "RequestPath": "/api/auth/login", "Application": "Crud.Api"}
Activity.TraceId:            3843a4f04fd838254bcf4d5c76c3f0f5
Activity.SpanId:             11fb5be1490a802d
Activity.TraceFlags:         Recorded
Activity.ActivitySourceName: Microsoft.AspNetCore
Activity.DisplayName:        POST api/Auth/login
Activity.Kind:               Server
Activity.StartTime:          2025-09-11T03:42:50.3315390Z
Activity.Duration:           00:00:00.2982031
Activity.Tags:
    server.address: localhost
    http.request.method: POST
    url.scheme: http
    url.path: /api/auth/login
    network.protocol.version: 1.1
    http.route: api/Auth/login
    http.response.status_code: 200
Resource associated with Activity:
    deployment.environment: Testing
    service.name: Crud.Api
    service.version: 1.0.0
    service.instance.id: a483e3f3-32ea-4a50-a508-2cd77b6b2522
    telemetry.sdk.name: opentelemetry
    telemetry.sdk.language: dotnet
    telemetry.sdk.version: 1.8.1
[03:42:50 DBG] Cache miss for key: name:role:manager {"SourceContext": "Infrastructure.Services.Caching.InMemoryCacheService", "ActionId": "71dd020c-f22b-4d43-97b9-eb5c1668d915", "ActionName": "Api.Controllers.RolesController.Create (Api)", "RequestId": "0HNFGSKFKDJG4", "RequestPath": "/api/roles", "Application": "Crud.Api"}
[03:42:50 DBG] Removed cache value for key: entity:role:678ea574d4e04f3385750e341b66d406 {"SourceContext": "Infrastructure.Services.Caching.InMemoryCacheService", "ActionId": "71dd020c-f22b-4d43-97b9-eb5c1668d915", "ActionName": "Api.Controllers.RolesController.Create (Api)", "RequestId": "0HNFGSKFKDJG4", "RequestPath": "/api/roles", "Application": "Crud.Api"}
[03:42:50 DBG] Removed cache value for key: list:role {"SourceContext": "Infrastructure.Services.Caching.InMemoryCacheService", "ActionId": "71dd020c-f22b-4d43-97b9-eb5c1668d915", "ActionName": "Api.Controllers.RolesController.Create (Api)", "RequestId": "0HNFGSKFKDJG4", "RequestPath": "/api/roles", "Application": "Crud.Api"}
[03:42:50 DBG] Invalidating cache for entity type: roles with tag: roles {"SourceContext": "Api.Services.OutputCacheInvalidationService", "ActionId": "71dd020c-f22b-4d43-97b9-eb5c1668d915", "ActionName": "Api.Controllers.RolesController.Create (Api)", "RequestId": "0HNFGSKFKDJG4", "RequestPath": "/api/roles", "Application": "Crud.Api"}
[03:42:50 INF] Successfully invalidated cache for entity type: roles {"SourceContext": "Api.Services.OutputCacheInvalidationService", "ActionId": "71dd020c-f22b-4d43-97b9-eb5c1668d915", "ActionName": "Api.Controllers.RolesController.Create (Api)", "RequestId": "0HNFGSKFKDJG4", "RequestPath": "/api/roles", "Application": "Crud.Api"}
Activity.TraceId:            b5243f27df3c17012f494fbbfc7bdf6a
Activity.SpanId:             c18eaf10da6c08bd
Activity.TraceFlags:         Recorded
Activity.ActivitySourceName: Microsoft.AspNetCore
Activity.DisplayName:        POST api/Roles
Activity.Kind:               Server
Activity.StartTime:          2025-09-11T03:42:50.6298978Z
Activity.Duration:           00:00:00.0019323
Activity.Tags:
    server.address: localhost
    http.request.method: POST
    url.scheme: http
    url.path: /api/roles
    network.protocol.version: 1.1
    http.route: api/Roles
    http.response.status_code: 201
Resource associated with Activity:
    deployment.environment: Testing
    service.name: Crud.Api
    service.version: 1.0.0
    service.instance.id: a483e3f3-32ea-4a50-a508-2cd77b6b2522
    telemetry.sdk.name: opentelemetry
    telemetry.sdk.language: dotnet
    telemetry.sdk.version: 1.8.1
[03:42:50 INF] User registered successfully: 9dabb5f5-932f-4715-931a-4d98fc2ae27c {"SourceContext": "App.Features.Authentication.RegisterUserCommandHandler", "ActionId": "04e3489a-ed71-4318-8eaa-ffbfd5ebdfd2", "ActionName": "Api.Controllers.AuthController.Register (Api)", "RequestId": "0HNFGSKFKDJG5", "RequestPath": "/api/auth/register", "Application": "Crud.Api"}
Activity.TraceId:            110f40aedb0b1a7978fc334ba6c6d741
Activity.SpanId:             acd742ea46575f58
Activity.TraceFlags:         Recorded
Activity.ActivitySourceName: Microsoft.AspNetCore
Activity.DisplayName:        POST api/Auth/register
Activity.Kind:               Server
Activity.StartTime:          2025-09-11T03:42:50.6326854Z
Activity.Duration:           00:00:00.2980026
Activity.Tags:
    server.address: localhost
    http.request.method: POST
    url.scheme: http
    url.path: /api/auth/register
    network.protocol.version: 1.1
    http.route: api/Auth/register
    http.response.status_code: 200
Resource associated with Activity:
    deployment.environment: Testing
    service.name: Crud.Api
    service.version: 1.0.0
    service.instance.id: a483e3f3-32ea-4a50-a508-2cd77b6b2522
    telemetry.sdk.name: opentelemetry
    telemetry.sdk.language: dotnet
    telemetry.sdk.version: 1.8.1
[03:42:50 DBG] Cache miss for key: entity:role:678ea574d4e04f3385750e341b66d406 {"SourceContext": "Infrastructure.Services.Caching.InMemoryCacheService", "ActionId": "fda25ced-ac96-4442-93e1-2774a9665b16", "ActionName": "Api.Controllers.RolesController.Get (Api)", "RequestId": "0HNFGSKFKDJG6", "RequestPath": "/api/roles/678ea574-d4e0-4f33-8575-0e341b66d406", "Application": "Crud.Api"}
[03:42:50 DBG] Set cache value for key: entity:role:678ea574d4e04f3385750e341b66d406 {"SourceContext": "Infrastructure.Services.Caching.InMemoryCacheService", "ActionId": "fda25ced-ac96-4442-93e1-2774a9665b16", "ActionName": "Api.Controllers.RolesController.Get (Api)", "RequestId": "0HNFGSKFKDJG6", "RequestPath": "/api/roles/678ea574-d4e0-4f33-8575-0e341b66d406", "Application": "Crud.Api"}
Activity.TraceId:            3f35a6ee578f6d7e49f01173781a71e1
Activity.SpanId:             439d9c9d51509dad
Activity.TraceFlags:         Recorded
Activity.ActivitySourceName: Microsoft.AspNetCore
Activity.DisplayName:        GET api/Roles/{id:guid}
Activity.Kind:               Server
Activity.StartTime:          2025-09-11T03:42:50.9308533Z
Activity.Duration:           00:00:00.0015350
Activity.Tags:
    server.address: localhost
    http.request.method: GET
    url.scheme: http
    url.path: /api/roles/678ea574-d4e0-4f33-8575-0e341b66d406
    network.protocol.version: 1.1
    http.route: api/Roles/{id:guid}
    http.response.status_code: 200
Resource associated with Activity:
    deployment.environment: Testing
    service.name: Crud.Api
    service.version: 1.0.0
    service.instance.id: a483e3f3-32ea-4a50-a508-2cd77b6b2522
    telemetry.sdk.name: opentelemetry
    telemetry.sdk.language: dotnet
    telemetry.sdk.version: 1.8.1
[03:42:50 INF] Resetting database for worker 10326 {"SourceContext": "Infrastructure.Services.DatabaseTestService", "Application": "Crud.Api"}
[03:42:50 INF] Resetting database via file deletion for worker 10326 in CI environment {"SourceContext": "Infrastructure.Services.DatabaseTestService", "Application": "Crud.Api"}
[03:42:50 INF] Acquiring database mutex for worker 10326... {"SourceContext": "Infrastructure.Services.DatabaseTestService", "Application": "Crud.Api"}
[03:42:50 INF] Database mutex acquired for worker 10326 {"SourceContext": "Infrastructure.Services.DatabaseTestService", "Application": "Crud.Api"}
[03:42:50 INF] Current database state - CanConnect: True {"SourceContext": "Infrastructure.Services.DatabaseTestService", "Application": "Crud.Api"}
[03:42:50 INF] [Phase 0] Closing database connection for worker 10326... {"SourceContext": "Infrastructure.Services.DatabaseTestService", "Application": "Crud.Api"}
[03:42:50 INF] [Phase 0] Connection closed in 0.0007ms {"SourceContext": "Infrastructure.Services.DatabaseTestService", "Application": "Crud.Api"}
[03:42:50 INF] [Phase 1] Starting EnsureDeletedAsync for worker 10326... {"SourceContext": "Infrastructure.Services.DatabaseTestService", "Application": "Crud.Api"}
[03:42:50 INF] [Phase 1] EnsureDeletedAsync completed in 1.3799ms {"SourceContext": "Infrastructure.Services.DatabaseTestService", "Application": "Crud.Api"}
[03:42:51 INF] [Phase 2] Starting EnsureCreatedAsync for worker 10326... {"SourceContext": "Infrastructure.Services.DatabaseTestService", "Application": "Crud.Api"}
[03:42:51 INF] [Phase 2] EnsureCreatedAsync completed in 7.2827ms {"SourceContext": "Infrastructure.Services.DatabaseTestService", "Application": "Crud.Api"}
[03:42:51 INF] [Phase 3] Skipping database seeding as requested for worker 10326 {"SourceContext": "Infrastructure.Services.DatabaseTestService", "Application": "Crud.Api"}
[03:42:51 INF] Database reset via file deletion completed for worker 10326 in 108.8184ms (Close: 0.0007ms, Delete: 1.3799ms, Create: 7.2827ms) {"SourceContext": "Infrastructure.Services.DatabaseTestService", "Application": "Crud.Api"}
[03:42:51 INF] Releasing database mutex for worker 10326 {"SourceContext": "Infrastructure.Services.DatabaseTestService", "Application": "Crud.Api"}
[03:42:51 INF] User registered successfully: 837be439-9f5a-4da9-a3d8-45403c8c704d {"SourceContext": "App.Features.Authentication.RegisterUserCommandHandler", "ActionId": "04e3489a-ed71-4318-8eaa-ffbfd5ebdfd2", "ActionName": "Api.Controllers.AuthController.Register (Api)", "RequestId": "0HNFGSKFKDJG7", "RequestPath": "/api/auth/register", "Application": "Crud.Api"}
Activity.TraceId:            bfe94db71d525a1771fd7f8e61c85c16
Activity.SpanId:             3be0de7a3f982892
Activity.TraceFlags:         Recorded
Activity.ActivitySourceName: Microsoft.AspNetCore
Activity.DisplayName:        POST api/Auth/register
Activity.Kind:               Server
Activity.StartTime:          2025-09-11T03:42:51.0437083Z
Activity.Duration:           00:00:00.2984914
Activity.Tags:
    server.address: localhost
    http.request.method: POST
    url.scheme: http
    url.path: /api/auth/register
    network.protocol.version: 1.1
    http.route: api/Auth/register
    http.response.status_code: 200
Resource associated with Activity:
    deployment.environment: Testing
    service.name: Crud.Api
    service.version: 1.0.0
    service.instance.id: a483e3f3-32ea-4a50-a508-2cd77b6b2522
    telemetry.sdk.name: opentelemetry
    telemetry.sdk.language: dotnet
    telemetry.sdk.version: 1.8.1
[03:42:51 INF] User logged in successfully: 837be439-9f5a-4da9-a3d8-45403c8c704d {"SourceContext": "App.Features.Authentication.LoginCommandHandler", "ActionId": "f8013e71-3084-4253-9ed8-4150a25c9e00", "ActionName": "Api.Controllers.AuthController.Login (Api)", "RequestId": "0HNFGSKFKDJG8", "RequestPath": "/api/auth/login", "Application": "Crud.Api"}
Activity.TraceId:            9e6f90570f3441f93f908cad6f4580b4
Activity.SpanId:             de08010d4402f85a
Activity.TraceFlags:         Recorded
Activity.ActivitySourceName: Microsoft.AspNetCore
Activity.DisplayName:        POST api/Auth/login
Activity.Kind:               Server
Activity.StartTime:          2025-09-11T03:42:51.3440400Z
Activity.Duration:           00:00:00.2983529
Activity.Tags:
    server.address: localhost
    http.request.method: POST
    url.scheme: http
    url.path: /api/auth/login
    network.protocol.version: 1.1
    http.route: api/Auth/login
    http.response.status_code: 200
Resource associated with Activity:
    deployment.environment: Testing
    service.name: Crud.Api
    service.version: 1.0.0
    service.instance.id: a483e3f3-32ea-4a50-a508-2cd77b6b2522
    telemetry.sdk.name: opentelemetry
    telemetry.sdk.language: dotnet
    telemetry.sdk.version: 1.8.1
[03:42:51 DBG] Cache miss for key: entity:role:2b12c563d3b943d290eeb13362b8029d {"SourceContext": "Infrastructure.Services.Caching.InMemoryCacheService", "ActionId": "420c8257-9112-4e7b-bf14-83567fe9e735", "ActionName": "Api.Controllers.RolesController.Update (Api)", "RequestId": "0HNFGSKFKDJG9", "RequestPath": "/api/roles/2b12c563-d3b9-43d2-90ee-b13362b8029d", "Application": "Crud.Api"}
[03:42:51 ERR] An unhandled exception occurred during request PUT /api/roles/2b12c563-d3b9-43d2-90ee-b13362b8029d. Request ID: 0HNFGSKFKDJG9, User: Anonymous {"SourceContext": "Api.Middleware.GlobalExceptionHandlingMiddleware", "RequestPath": "/api/roles/2b12c563-d3b9-43d2-90ee-b13362b8029d", "Application": "Crud.Api"}
System.Collections.Generic.KeyNotFoundException: Role 2b12c563-d3b9-43d2-90ee-b13362b8029d not found
   at App.Features.Roles.UpdateRoleCommandHandler.Handle(UpdateRoleCommand request, CancellationToken cancellationToken) in /home/runner/work/Crud/Crud/src/App/Features/Roles/CommandHandlers.cs:line 24
   at MediatR.Wrappers.RequestHandlerWrapperImpl`1.&lt;&gt;c__DisplayClass1_0.&lt;&lt;Handle&gt;g__Handler|0&gt;d.MoveNext()
--- End of stack trace from previous location ---
   at Api.Controllers.RolesController.Update(Guid id, UpdateRoleRequest request, CancellationToken ct) in /home/runner/work/Crud/Crud/src/Api/Controllers/RolesController.cs:line 55
   at Microsoft.AspNetCore.Mvc.Infrastructure.ActionMethodExecutor.TaskOfIActionResultExecutor.Execute(ActionContext actionContext, IActionResultTypeMapper mapper, ObjectMethodExecutor executor, Object controller, Object[] arguments)
   at Microsoft.AspNetCore.Mvc.Infrastructure.ControllerActionInvoker.&lt;InvokeActionMethodAsync&gt;g__Logged|12_1(ControllerActionInvoker invoker)
   at Microsoft.AspNetCore.Mvc.Infrastructure.ControllerActionInvoker.&lt;InvokeNextActionFilterAsync&gt;g__Awaited|10_0(ControllerActionInvoker invoker, Task lastTask, State next, Scope scope, Object state, Boolean isCompleted)
   at Microsoft.AspNetCore.Mvc.Infrastructure.ControllerActionInvoker.Rethrow(ActionExecutedContextSealed context)
   at Microsoft.AspNetCore.Mvc.Infrastructure.ControllerActionInvoker.Next(State&amp; next, Scope&amp; scope, Object&amp; state, Boolean&amp; isCompleted)
   at Microsoft.AspNetCore.Mvc.Infrastructure.ControllerActionInvoker.InvokeInnerFilterAsync()
--- End of stack trace from previous location ---
   at Microsoft.AspNetCore.Mvc.Infrastructure.ResourceInvoker.&lt;InvokeFilterPipelineAsync&gt;g__Awaited|20_0(ResourceInvoker invoker, Task lastTask, State next, Scope scope, Object state, Boolean isCompleted)
   at Microsoft.AspNetCore.Mvc.Infrastructure.ResourceInvoker.&lt;InvokeAsync&gt;g__Logged|17_1(ResourceInvoker invoker)
   at Microsoft.AspNetCore.Mvc.Infrastructure.ResourceInvoker.&lt;InvokeAsync&gt;g__Logged|17_1(ResourceInvoker invoker)
   at Api.Middleware.ConditionalRequestMiddleware.InvokeAsync(HttpContext context) in /home/runner/work/Crud/Crud/src/Api/Middleware/ConditionalRequestMiddleware.cs:line 30
   at Microsoft.AspNetCore.Authorization.AuthorizationMiddleware.Invoke(HttpContext context)
   at Microsoft.AspNetCore.Authentication.AuthenticationMiddleware.Invoke(HttpContext context)
   at Microsoft.AspNetCore.RateLimiting.RateLimitingMiddleware.InvokeInternal(HttpContext context, EnableRateLimitingAttribute enableRateLimitingAttribute)
   at Api.Middleware.GlobalExceptionHandlingMiddleware.InvokeAsync(HttpContext context) in /home/runner/work/Crud/Crud/src/Api/Middleware/GlobalExceptionHandlingMiddleware.cs:line 27
Activity.TraceId:            25d97c9cbcb968b5a7fd3fe07040eefd
Activity.SpanId:             508cc992de85fcbf
Activity.TraceFlags:         Recorded
Activity.ActivitySourceName: Microsoft.AspNetCore
Activity.DisplayName:        PUT api/Roles/{id:guid}
Activity.Kind:               Server
Activity.StartTime:          2025-09-11T03:42:51.6431604Z
Activity.Duration:           00:00:00.0029467
Activity.Tags:
    server.address: localhost
    http.request.method: PUT
    url.scheme: http
    url.path: /api/roles/2b12c563-d3b9-43d2-90ee-b13362b8029d
    network.protocol.version: 1.1
    http.route: api/Roles/{id:guid}
    http.response.status_code: 404
Resource associated with Activity:
    deployment.environment: Testing
    service.name: Crud.Api
    service.version: 1.0.0
    service.instance.id: a483e3f3-32ea-4a50-a508-2cd77b6b2522
    telemetry.sdk.name: opentelemetry
    telemetry.sdk.language: dotnet
    telemetry.sdk.version: 1.8.1
Metric Name: http.server.active_requests, Number of active HTTP server requests., Unit: {request}, Meter: Microsoft.AspNetCore.Hosting
(2025-09-11T03:42:40.2749929Z, 2025-09-11T03:42:51.6475148Z] http.request.method: POST url.scheme: http LongSumNonMonotonic
Value: 0
(2025-09-11T03:42:40.2749929Z, 2025-09-11T03:42:51.6475148Z] http.request.method: DELETE url.scheme: http LongSumNonMonotonic
Value: 0
(2025-09-11T03:42:40.2749929Z, 2025-09-11T03:42:51.6475148Z] http.request.method: GET url.scheme: http LongSumNonMonotonic
Value: 0
(2025-09-11T03:42:40.2749929Z, 2025-09-11T03:42:51.6475148Z] http.request.method: PUT url.scheme: http LongSumNonMonotonic
Value: 0
Metric Name: http.server.request.duration, Duration of HTTP server requests., Unit: s, Meter: Microsoft.AspNetCore.Hosting
(2025-09-11T03:42:40.2750146Z, 2025-09-11T03:42:51.6475176Z] http.request.method: POST http.response.status_code: 200 http.route: api/Auth/register network.protocol.version: 1.1 url.scheme: http Histogram
Value: Sum: 5.9933232 Count: 20 Min: 0.2978029 Max: 0.3119432 
(-Infinity,0.005]:0
(0.005,0.01]:0
(0.01,0.025]:0
(0.025,0.05]:0
(0.05,0.075]:0
(0.075,0.1]:0
(0.1,0.25]:0
(0.25,0.5]:20
(0.5,0.75]:0
(0.75,1]:0
(1,2.5]:0
(2.5,5]:0
(5,7.5]:0
(7.5,10]:0
(10,+Infinity]:0
(2025-09-11T03:42:40.2750146Z, 2025-09-11T03:42:51.6475176Z] http.request.method: POST http.response.status_code: 200 http.route: api/Auth/login network.protocol.version: 1.1 url.scheme: http Histogram
Value: Sum: 3.8904848000000003 Count: 13 Min: 0.2981955 Max: 0.3035121 
(-Infinity,0.005]:0
(0.005,0.01]:0
(0.01,0.025]:0
(0.025,0.05]:0
(0.05,0.075]:0
(0.075,0.1]:0
(0.1,0.25]:0
(0.25,0.5]:13
(0.5,0.75]:0
(0.75,1]:0
(1,2.5]:0
(2.5,5]:0
(5,7.5]:0
(7.5,10]:0
(10,+Infinity]:0
(2025-09-11T03:42:40.2750146Z, 2025-09-11T03:42:51.6475176Z] http.request.method: DELETE http.response.status_code: 204 http.route: api/Roles/{id:guid} network.protocol.version: 1.1 url.scheme: http Histogram
Value: Sum: 0.0137884 Count: 2 Min: 0.002624 Max: 0.0111644 
(-Infinity,0.005]:1
(0.005,0.01]:0
(0.01,0.025]:1
(0.025,0.05]:0
(0.05,0.075]:0
(0.075,0.1]:0
(0.1,0.25]:0
(0.25,0.5]:0
(0.5,0.75]:0
(0.75,1]:0
(1,2.5]:0
(2.5,5]:0
(5,7.5]:0
(7.5,10]:0
(10,+Infinity]:0
(2025-09-11T03:42:40.2750146Z, 2025-09-11T03:42:51.6475176Z] http.request.method: POST http.response.status_code: 201 http.route: api/Roles network.protocol.version: 1.1 url.scheme: http Histogram
Value: Sum: 0.025954500000000002 Count: 8 Min: 0.0018133 Max: 0.0079772 
(-Infinity,0.005]:7
(0.005,0.01]:1
(0.01,0.025]:0
(0.025,0.05]:0
(0.05,0.075]:0
(0.075,0.1]:0
(0.1,0.25]:0
(0.25,0.5]:0
(0.5,0.75]:0
(0.75,1]:0
(1,2.5]:0
(2.5,5]:0
(5,7.5]:0
(7.5,10]:0
(10,+Infinity]:0
(2025-09-11T03:42:40.2750146Z, 2025-09-11T03:42:51.6475176Z] http.request.method: GET http.response.status_code: 200 http.route: api/Roles network.protocol.version: 1.1 url.scheme: http Histogram
Value: Sum: 0.0068141 Count: 2 Min: 0.0011683 Max: 0.0056458 
(-Infinity,0.005]:1
(0.005,0.01]:1
(0.01,0.025]:0
(0.025,0.05]:0
(0.05,0.075]:0
(0.075,0.1]:0
(0.1,0.25]:0
(0.25,0.5]:0
(0.5,0.75]:0
(0.75,1]:0
(1,2.5]:0
(2.5,5]:0
(5,7.5]:0
(7.5,10]:0
(10,+Infinity]:0
(2025-09-11T03:42:40.2750146Z, 2025-09-11T03:42:51.6475176Z] http.request.method: GET http.response.status_code: 404 http.route: api/Roles/{id:guid} network.protocol.version: 1.1 url.scheme: http Histogram
Value: Sum: 0.0100165 Count: 2 Min: 0.0013364 Max: 0.0086801 
(-Infinity,0.005]:1
(0.005,0.01]:1
(0.01,0.025]:0
(0.025,0.05]:0
(0.05,0.075]:0
(0.075,0.1]:0
(0.1,0.25]:0
(0.25,0.5]:0
(0.5,0.75]:0
(0.75,1]:0
(1,2.5]:0
(2.5,5]:0
(5,7.5]:0
(7.5,10]:0
(10,+Infinity]:0
(2025-09-11T03:42:40.2750146Z, 2025-09-11T03:42:51.6475176Z] http.request.method: PUT http.response.status_code: 204 http.route: api/Roles/{id:guid} network.protocol.version: 1.1 url.scheme: http Histogram
Value: Sum: 0.0083268 Count: 1 Min: 0.0083268 Max: 0.0083268 
(-Infinity,0.005]:0
(0.005,0.01]:1
(0.01,0.025]:0
(0.025,0.05]:0
(0.05,0.075]:0
(0.075,0.1]:0
(0.1,0.25]:0
(0.25,0.5]:0
(0.5,0.75]:0
(0.75,1]:0
(1,2.5]:0
(2.5,5]:0
(5,7.5]:0
(7.5,10]:0
(10,+Infinity]:0
(2025-09-11T03:42:40.2750146Z, 2025-09-11T03:42:51.6475176Z] http.request.method: GET http.response.status_code: 200 http.route: api/Roles/{id:guid} network.protocol.version: 1.1 url.scheme: http Histogram
Value: Sum: 0.0076924 Count: 3 Min: 0.0015367 Max: 0.0031227 
(-Infinity,0.005]:3
(0.005,0.01]:0
(0.01,0.025]:0
(0.025,0.05]:0
(0.05,0.075]:0
(0.075,0.1]:0
(0.1,0.25]:0
(0.25,0.5]:0
(0.5,0.75]:0
(0.75,1]:0
(1,2.5]:0
(2.5,5]:0
(5,7.5]:0
(7.5,10]:0
(10,+Infinity]:0
(2025-09-11T03:42:40.2750146Z, 2025-09-11T03:42:51.6475176Z] http.request.method: POST http.response.status_code: 400 http.route: api/Roles network.protocol.version: 1.1 url.scheme: http Histogram
Value: Sum: 0.001866 Count: 1 Min: 0.001866 Max: 0.001866 
(-Infinity,0.005]:1
(0.005,0.01]:0
(0.01,0.025]:0
(0.025,0.05]:0
(0.05,0.075]:0
(0.075,0.1]:0
(0.1,0.25]:0
(0.25,0.5]:0
(0.5,0.75]:0
(0.75,1]:0
(1,2.5]:0
(2.5,5]:0
(5,7.5]:0
(7.5,10]:0
(10,+Infinity]:0
(2025-09-11T03:42:40.2750146Z, 2025-09-11T03:42:51.6475176Z] http.request.method: PUT http.response.status_code: 404 http.route: api/Roles/{id:guid} network.protocol.version: 1.1 url.scheme: http Histogram
Value: Sum: 0.0029255 Count: 1 Min: 0.0029255 Max: 0.0029255 
(-Infinity,0.005]:1
(0.005,0.01]:0
(0.01,0.025]:0
(0.025,0.05]:0
(0.05,0.075]:0
(0.075,0.1]:0
(0.1,0.25]:0
(0.25,0.5]:0
(0.5,0.75]:0
(0.75,1]:0
(1,2.5]:0
(2.5,5]:0
(5,7.5]:0
(7.5,10]:0
(10,+Infinity]:0
Metric Name: aspnetcore.rate_limiting.active_request_leases, Number of HTTP requests that are currently active on the server that hold a rate limiting lease., Unit: {request}, Meter: Microsoft.AspNetCore.RateLimiting
(2025-09-11T03:42:40.2767340Z, 2025-09-11T03:42:51.6475182Z] LongSumNonMonotonic
Value: 0
Metric Name: aspnetcore.rate_limiting.request_lease.duration, The duration of rate limiting leases held by HTTP requests on the server., Unit: s, Meter: Microsoft.AspNetCore.RateLimiting
(2025-09-11T03:42:40.2767535Z, 2025-09-11T03:42:51.6475186Z] Histogram
Value: Sum: 9.949981900000001 Count: 53 Min: 0.0010755 Max: 0.3109749 
(-Infinity,0.005]:15
(0.005,0.01]:4
(0.01,0.025]:1
(0.025,0.05]:0
(0.05,0.075]:0
(0.075,0.1]:0
(0.1,0.25]:0
(0.25,0.5]:33
(0.5,0.75]:0
(0.75,1]:0
(1,2.5]:0
(2.5,5]:0
(5,7.5]:0
(7.5,10]:0
(10,+Infinity]:0
Metric Name: aspnetcore.rate_limiting.requests, Number of requests that tried to acquire a rate limiting lease. Requests could be rejected by global or endpoint rate limiting policies. Or the request could be canceled while waiting for the lease., Unit: {request}, Meter: Microsoft.AspNetCore.RateLimiting
(2025-09-11T03:42:40.2768201Z, 2025-09-11T03:42:51.6475198Z] aspnetcore.rate_limiting.result: acquired LongSum
Value: 53
Metric Name: aspnetcore.routing.match_attempts, Number of requests that were attempted to be matched to an endpoint., Unit: {match_attempt}, Meter: Microsoft.AspNetCore.Routing
(2025-09-11T03:42:40.2775422Z, 2025-09-11T03:42:51.6475202Z] aspnetcore.routing.is_fallback: false aspnetcore.routing.match_status: success http.route: api/Auth/register LongSum
Value: 20
(2025-09-11T03:42:40.2775422Z, 2025-09-11T03:42:51.6475202Z] aspnetcore.routing.is_fallback: false aspnetcore.routing.match_status: success http.route: api/Auth/login LongSum
Value: 13
(2025-09-11T03:42:40.2775422Z, 2025-09-11T03:42:51.6475202Z] aspnetcore.routing.is_fallback: false aspnetcore.routing.match_status: success http.route: api/Roles/{id:guid} LongSum
Value: 9
(2025-09-11T03:42:40.2775422Z, 2025-09-11T03:42:51.6475202Z] aspnetcore.routing.is_fallback: false aspnetcore.routing.match_status: success http.route: api/Roles LongSum
Value: 11
[03:42:51 INF] Starting Crud API application {"Application": "Crud.Api"}
[03:42:51 INF] Using SQLite provider with connection: Data Source=TestDatabase.db {"Application": "Crud.Api"}
[03:42:51 INF] Database ensured successfully {"Application": "Crud.Api"}
[03:42:51 INF] Application configured successfully. Starting web host... {"Application": "Crud.Api"}
[03:42:51 INF] Resetting database for worker 21067 {"SourceContext": "Infrastructure.Services.DatabaseTestService", "Application": "Crud.Api"}
[03:42:51 INF] Resetting database via file deletion for worker 21067 in CI environment {"SourceContext": "Infrastructure.Services.DatabaseTestService", "Application": "Crud.Api"}
[03:42:51 INF] Acquiring database mutex for worker 21067... {"SourceContext": "Infrastructure.Services.DatabaseTestService", "Application": "Crud.Api"}
[03:42:51 INF] Database mutex acquired for worker 21067 {"SourceContext": "Infrastructure.Services.DatabaseTestService", "Application": "Crud.Api"}
[03:42:51 INF] Current database state - CanConnect: True {"SourceContext": "Infrastructure.Services.DatabaseTestService", "Application": "Crud.Api"}
[03:42:51 INF] [Phase 0] Closing database connection for worker 21067... {"SourceContext": "Infrastructure.Services.DatabaseTestService", "Application": "Crud.Api"}
[03:42:51 INF] [Phase 0] Connection closed in 0.0005ms {"SourceContext": "Infrastructure.Services.DatabaseTestService", "Application": "Crud.Api"}
[03:42:51 INF] [Phase 1] Starting EnsureDeletedAsync for worker 21067... {"SourceContext": "Infrastructure.Services.DatabaseTestService", "Application": "Crud.Api"}
[03:42:51 INF] [Phase 1] EnsureDeletedAsync completed in 1.4118ms {"SourceContext": "Infrastructure.Services.DatabaseTestService", "Application": "Crud.Api"}
[03:42:51 INF] [Phase 2] Starting EnsureCreatedAsync for worker 21067... {"SourceContext": "Infrastructure.Services.DatabaseTestService", "Application": "Crud.Api"}
[03:42:51 INF] [Phase 2] EnsureCreatedAsync completed in 6.9052ms {"SourceContext": "Infrastructure.Services.DatabaseTestService", "Application": "Crud.Api"}
[03:42:51 INF] [Phase 3] Skipping database seeding as requested for worker 21067 {"SourceContext": "Infrastructure.Services.DatabaseTestService", "Application": "Crud.Api"}
[03:42:51 INF] Database reset via file deletion completed for worker 21067 in 109.3667ms (Close: 0.0005ms, Delete: 1.4118ms, Create: 6.9052ms) {"SourceContext": "Infrastructure.Services.DatabaseTestService", "Application": "Crud.Api"}
[03:42:51 INF] Releasing database mutex for worker 21067 {"SourceContext": "Infrastructure.Services.DatabaseTestService", "Application": "Crud.Api"}
[03:42:51 WRN] Failed to determine the https port for redirect. {"EventId": {"Id": 3, "Name": "FailedToDeterminePort"}, "SourceContext": "Microsoft.AspNetCore.HttpsPolicy.HttpsRedirectionMiddleware", "RequestId": "0HNFGSKFKDJGA", "RequestPath": "/api/auth/register", "Application": "Crud.Api"}
[03:42:52 INF] User registered successfully: 21322672-ae4d-4f68-b73e-83e4a98a20f9 {"SourceContext": "App.Features.Authentication.RegisterUserCommandHandler", "ActionId": "eb940ceb-2629-4483-bccf-2e403f91c096", "ActionName": "Api.Controllers.AuthController.Register (Api)", "RequestId": "0HNFGSKFKDJGA", "RequestPath": "/api/auth/register", "Application": "Crud.Api"}
Activity.TraceId:            9ae80d12b2cc705eeba0b2477451d86b
Activity.SpanId:             91876083bda0f674
Activity.TraceFlags:         Recorded
Activity.ActivitySourceName: Microsoft.AspNetCore
Activity.DisplayName:        POST api/Auth/register
Activity.Kind:               Server
Activity.StartTime:          2025-09-11T03:42:51.7977799Z
Activity.Duration:           00:00:00.3066105
Activity.Tags:
    server.address: localhost
    http.request.method: POST
    url.scheme: http
    url.path: /api/auth/register
    network.protocol.version: 1.1
    http.route: api/Auth/register
    http.response.status_code: 200
Resource associated with Activity:
    deployment.environment: Testing
    service.name: Crud.Api
    service.version: 1.0.0
    service.instance.id: a483e3f3-32ea-4a50-a508-2cd77b6b2522
    telemetry.sdk.name: opentelemetry
    telemetry.sdk.language: dotnet
    telemetry.sdk.version: 1.8.1
[03:42:52 INF] User registered successfully: 4d2b6c11-9023-4467-96a0-df5c035c874f {"SourceContext": "App.Features.Authentication.RegisterUserCommandHandler", "ActionId": "eb940ceb-2629-4483-bccf-2e403f91c096", "ActionName": "Api.Controllers.AuthController.Register (Api)", "RequestId": "0HNFGSKFKDJGB", "RequestPath": "/api/auth/register", "Application": "Crud.Api"}
Activity.TraceId:            ddd35cee2ec780084a1bc03c8b281e8b
Activity.SpanId:             9e46a7b47b9820f5
Activity.TraceFlags:         Recorded
Activity.ActivitySourceName: Microsoft.AspNetCore
Activity.DisplayName:        POST api/Auth/register
Activity.Kind:               Server
Activity.StartTime:          2025-09-11T03:42:52.1049081Z
Activity.Duration:           00:00:00.3016360
Activity.Tags:
    server.address: localhost
    http.request.method: POST
    url.scheme: http
    url.path: /api/auth/register
    network.protocol.version: 1.1
    http.route: api/Auth/register
    http.response.status_code: 200
Resource associated with Activity:
    deployment.environment: Testing
    service.name: Crud.Api
    service.version: 1.0.0
    service.instance.id: a483e3f3-32ea-4a50-a508-2cd77b6b2522
    telemetry.sdk.name: opentelemetry
    telemetry.sdk.language: dotnet
    telemetry.sdk.version: 1.8.1
[03:42:52 INF] User logged in successfully: 4d2b6c11-9023-4467-96a0-df5c035c874f {"SourceContext": "App.Features.Authentication.LoginCommandHandler", "ActionId": "bc74de3a-3152-49e4-a3da-d3d98804f5a9", "ActionName": "Api.Controllers.AuthController.Login (Api)", "RequestId": "0HNFGSKFKDJGC", "RequestPath": "/api/auth/login", "Application": "Crud.Api"}
Activity.TraceId:            4a2725481f9ba999df635cfe4d101995
Activity.SpanId:             c33b30fd90251e39
Activity.TraceFlags:         Recorded
Activity.ActivitySourceName: Microsoft.AspNetCore
Activity.DisplayName:        POST api/Auth/login
Activity.Kind:               Server
Activity.StartTime:          2025-09-11T03:42:52.4089652Z
Activity.Duration:           00:00:00.3033495
Activity.Tags:
    server.address: localhost
    http.request.method: POST
    url.scheme: http
    url.path: /api/auth/login
    network.protocol.version: 1.1
    http.route: api/Auth/login
    http.response.status_code: 200
Resource associated with Activity:
    deployment.environment: Testing
    service.name: Crud.Api
    service.version: 1.0.0
    service.instance.id: a483e3f3-32ea-4a50-a508-2cd77b6b2522
    telemetry.sdk.name: opentelemetry
    telemetry.sdk.language: dotnet
    telemetry.sdk.version: 1.8.1
[03:42:52 DBG] Cache miss for key: list:role {"SourceContext": "Infrastructure.Services.Caching.InMemoryCacheService", "ActionId": "4697bef9-7589-42c9-abd6-5e6059affa09", "ActionName": "Api.Controllers.RolesController.List (Api)", "RequestId": "0HNFGSKFKDJGD", "RequestPath": "/api/roles", "Application": "Crud.Api"}
[03:42:52 DBG] Set cache value for key: list:role {"SourceContext": "Infrastructure.Services.Caching.InMemoryCacheService", "ActionId": "4697bef9-7589-42c9-abd6-5e6059affa09", "ActionName": "Api.Controllers.RolesController.List (Api)", "RequestId": "0HNFGSKFKDJGD", "RequestPath": "/api/roles", "Application": "Crud.Api"}
Activity.TraceId:            db51ad71428d999b51e523b886f5b7ac
Activity.SpanId:             24e43881d4d4841b
Activity.TraceFlags:         Recorded
Activity.ActivitySourceName: Microsoft.AspNetCore
Activity.DisplayName:        GET api/Roles
Activity.Kind:               Server
Activity.StartTime:          2025-09-11T03:42:52.7125649Z
Activity.Duration:           00:00:00.0088183
Activity.Tags:
    server.address: localhost
    http.request.method: GET
    url.scheme: http
    url.path: /api/roles
    network.protocol.version: 1.1
    http.route: api/Roles
    http.response.status_code: 200
Resource associated with Activity:
    deployment.environment: Testing
    service.name: Crud.Api
    service.version: 1.0.0
    service.instance.id: a483e3f3-32ea-4a50-a508-2cd77b6b2522
    telemetry.sdk.name: opentelemetry
    telemetry.sdk.language: dotnet
    telemetry.sdk.version: 1.8.1
[03:42:52 DBG] Cache miss for key: list:wall {"SourceContext": "Infrastructure.Services.Caching.InMemoryCacheService", "ActionId": "c5fad773-c77d-4fa0-a4d9-ffe6c7d2b331", "ActionName": "Api.Controllers.WallsController.List (Api)", "RequestId": "0HNFGSKFKDJGE", "RequestPath": "/api/walls", "Application": "Crud.Api"}
[03:42:52 DBG] Set cache value for key: list:wall {"SourceContext": "Infrastructure.Services.Caching.InMemoryCacheService", "ActionId": "c5fad773-c77d-4fa0-a4d9-ffe6c7d2b331", "ActionName": "Api.Controllers.WallsController.List (Api)", "RequestId": "0HNFGSKFKDJGE", "RequestPath": "/api/walls", "Application": "Crud.Api"}
Activity.TraceId:            8f5d50df4d0ba0ea2c262d8cd381c1e2
Activity.SpanId:             fcbd59265979c230
Activity.TraceFlags:         Recorded
Activity.ActivitySourceName: Microsoft.AspNetCore
Activity.DisplayName:        GET api/Walls
Activity.Kind:               Server
Activity.StartTime:          2025-09-11T03:42:52.7214485Z
Activity.Duration:           00:00:00.0086069
Activity.Tags:
    server.address: localhost
    http.request.method: GET
    url.scheme: http
    url.path: /api/walls
    network.protocol.version: 1.1
    http.route: api/Walls
    http.response.status_code: 200
Resource associated with Activity:
    deployment.environment: Testing
    service.name: Crud.Api
    service.version: 1.0.0
    service.instance.id: a483e3f3-32ea-4a50-a508-2cd77b6b2522
    telemetry.sdk.name: opentelemetry
    telemetry.sdk.language: dotnet
    telemetry.sdk.version: 1.8.1
[03:42:52 DBG] Cache miss for key: name:role:new_role {"SourceContext": "Infrastructure.Services.Caching.InMemoryCacheService", "ActionId": "5bc42d71-eb69-49da-9831-05f084a0dd89", "ActionName": "Api.Controllers.RolesController.Create (Api)", "RequestId": "0HNFGSKFKDJGF", "RequestPath": "/api/roles", "Application": "Crud.Api"}
[03:42:52 DBG] Removed cache value for key: entity:role:1defabae2dc0430db65c80dab350a097 {"SourceContext": "Infrastructure.Services.Caching.InMemoryCacheService", "ActionId": "5bc42d71-eb69-49da-9831-05f084a0dd89", "ActionName": "Api.Controllers.RolesController.Create (Api)", "RequestId": "0HNFGSKFKDJGF", "RequestPath": "/api/roles", "Application": "Crud.Api"}
[03:42:52 DBG] Removed cache value for key: list:role {"SourceContext": "Infrastructure.Services.Caching.InMemoryCacheService", "ActionId": "5bc42d71-eb69-49da-9831-05f084a0dd89", "ActionName": "Api.Controllers.RolesController.Create (Api)", "RequestId": "0HNFGSKFKDJGF", "RequestPath": "/api/roles", "Application": "Crud.Api"}
[03:42:52 DBG] Invalidating cache for entity type: roles with tag: roles {"SourceContext": "Api.Services.OutputCacheInvalidationService", "ActionId": "5bc42d71-eb69-49da-9831-05f084a0dd89", "ActionName": "Api.Controllers.RolesController.Create (Api)", "RequestId": "0HNFGSKFKDJGF", "RequestPath": "/api/roles", "Application": "Crud.Api"}
[03:42:52 INF] Successfully invalidated cache for entity type: roles {"SourceContext": "Api.Services.OutputCacheInvalidationService", "ActionId": "5bc42d71-eb69-49da-9831-05f084a0dd89", "ActionName": "Api.Controllers.RolesController.Create (Api)", "RequestId": "0HNFGSKFKDJGF", "RequestPath": "/api/roles", "Application": "Crud.Api"}
Activity.TraceId:            a1c44f2cb22ad1a9c71b24c19d0bf3ab
Activity.SpanId:             dd5562d1a63b3663
Activity.TraceFlags:         Recorded
Activity.ActivitySourceName: Microsoft.AspNetCore
Activity.DisplayName:        POST api/Roles
Activity.Kind:               Server
Activity.StartTime:          2025-09-11T03:42:52.7301487Z
Activity.Duration:           00:00:00.0078315
Activity.Tags:
    server.address: localhost
    http.request.method: POST
    url.scheme: http
    url.path: /api/roles
    network.protocol.version: 1.1
    http.route: api/Roles
    http.response.status_code: 201
Resource associated with Activity:
    deployment.environment: Testing
    service.name: Crud.Api
    service.version: 1.0.0
    service.instance.id: a483e3f3-32ea-4a50-a508-2cd77b6b2522
    telemetry.sdk.name: opentelemetry
    telemetry.sdk.language: dotnet
    telemetry.sdk.version: 1.8.1
[03:42:52 DBG] Cache miss for key: list:role {"SourceContext": "Infrastructure.Services.Caching.InMemoryCacheService", "ActionId": "4697bef9-7589-42c9-abd6-5e6059affa09", "ActionName": "Api.Controllers.RolesController.List (Api)", "RequestId": "0HNFGSKFKDJGG", "RequestPath": "/api/roles", "Application": "Crud.Api"}
[03:42:52 DBG] Set cache value for key: list:role {"SourceContext": "Infrastructure.Services.Caching.InMemoryCacheService", "ActionId": "4697bef9-7589-42c9-abd6-5e6059affa09", "ActionName": "Api.Controllers.RolesController.List (Api)", "RequestId": "0HNFGSKFKDJGG", "RequestPath": "/api/roles", "Application": "Crud.Api"}
Activity.TraceId:            d36c6898dbb3576f236399df9c850062
Activity.SpanId:             8b98ed6afa2bb3dd
Activity.TraceFlags:         Recorded
Activity.ActivitySourceName: Microsoft.AspNetCore
Activity.DisplayName:        GET api/Roles
Activity.Kind:               Server
Activity.StartTime:          2025-09-11T03:42:52.7380357Z
Activity.Duration:           00:00:00.0013388
Activity.Tags:
    server.address: localhost
    http.request.method: GET
    url.scheme: http
    url.path: /api/roles
    network.protocol.version: 1.1
    http.route: api/Roles
    http.response.status_code: 200
Resource associated with Activity:
    deployment.environment: Testing
    service.name: Crud.Api
    service.version: 1.0.0
    service.instance.id: a483e3f3-32ea-4a50-a508-2cd77b6b2522
    telemetry.sdk.name: opentelemetry
    telemetry.sdk.language: dotnet
    telemetry.sdk.version: 1.8.1
[03:42:52 DBG] Cache hit for key: list:wall {"SourceContext": "Infrastructure.Services.Caching.InMemoryCacheService", "ActionId": "c5fad773-c77d-4fa0-a4d9-ffe6c7d2b331", "ActionName": "Api.Controllers.WallsController.List (Api)", "RequestId": "0HNFGSKFKDJGH", "RequestPath": "/api/walls", "Application": "Crud.Api"}
Activity.TraceId:            f99841cf6b5857d2abaf26297afe3c2f
Activity.SpanId:             7d487b8c8cb7113e
Activity.TraceFlags:         Recorded
Activity.ActivitySourceName: Microsoft.AspNetCore
Activity.DisplayName:        GET api/Walls
Activity.Kind:               Server
Activity.StartTime:          2025-09-11T03:42:52.7394359Z
Activity.Duration:           00:00:00.0003822
Activity.Tags:
    server.address: localhost
    http.request.method: GET
    url.scheme: http
    url.path: /api/walls
    network.protocol.version: 1.1
    http.route: api/Walls
    http.response.status_code: 200
Resource associated with Activity:
    deployment.environment: Testing
    service.name: Crud.Api
    service.version: 1.0.0
    service.instance.id: a483e3f3-32ea-4a50-a508-2cd77b6b2522
    telemetry.sdk.name: opentelemetry
    telemetry.sdk.language: dotnet
    telemetry.sdk.version: 1.8.1
[03:42:52 INF] Resetting database for worker 21067 {"SourceContext": "Infrastructure.Services.DatabaseTestService", "Application": "Crud.Api"}
[03:42:52 INF] Resetting database via file deletion for worker 21067 in CI environment {"SourceContext": "Infrastructure.Services.DatabaseTestService", "Application": "Crud.Api"}
[03:42:52 INF] Acquiring database mutex for worker 21067... {"SourceContext": "Infrastructure.Services.DatabaseTestService", "Application": "Crud.Api"}
[03:42:52 INF] Database mutex acquired for worker 21067 {"SourceContext": "Infrastructure.Services.DatabaseTestService", "Application": "Crud.Api"}
[03:42:52 INF] Current database state - CanConnect: True {"SourceContext": "Infrastructure.Services.DatabaseTestService", "Application": "Crud.Api"}
[03:42:52 INF] [Phase 0] Closing database connection for worker 21067... {"SourceContext": "Infrastructure.Services.DatabaseTestService", "Application": "Crud.Api"}
[03:42:52 INF] [Phase 0] Connection closed in 0.0007ms {"SourceContext": "Infrastructure.Services.DatabaseTestService", "Application": "Crud.Api"}
[03:42:52 INF] [Phase 1] Starting EnsureDeletedAsync for worker 21067... {"SourceContext": "Infrastructure.Services.DatabaseTestService", "Application": "Crud.Api"}
[03:42:52 INF] [Phase 1] EnsureDeletedAsync completed in 1.7342ms {"SourceContext": "Infrastructure.Services.DatabaseTestService", "Application": "Crud.Api"}
[03:42:52 INF] [Phase 2] Starting EnsureCreatedAsync for worker 21067... {"SourceContext": "Infrastructure.Services.DatabaseTestService", "Application": "Crud.Api"}
[03:42:52 INF] [Phase 2] EnsureCreatedAsync completed in 13.7212ms {"SourceContext": "Infrastructure.Services.DatabaseTestService", "Application": "Crud.Api"}
[03:42:52 INF] [Phase 3] Skipping database seeding as requested for worker 21067 {"SourceContext": "Infrastructure.Services.DatabaseTestService", "Application": "Crud.Api"}
[03:42:52 INF] Database reset via file deletion completed for worker 21067 in 116.1162ms (Close: 0.0007ms, Delete: 1.7342ms, Create: 13.7212ms) {"SourceContext": "Infrastructure.Services.DatabaseTestService", "Application": "Crud.Api"}
[03:42:52 INF] Releasing database mutex for worker 21067 {"SourceContext": "Infrastructure.Services.DatabaseTestService", "Application": "Crud.Api"}
[03:42:52 INF] Resetting database for worker 21067 {"SourceContext": "Infrastructure.Services.DatabaseTestService", "Application": "Crud.Api"}
[03:42:52 INF] Resetting database via file deletion for worker 21067 in CI environment {"SourceContext": "Infrastructure.Services.DatabaseTestService", "Application": "Crud.Api"}
[03:42:52 INF] Acquiring database mutex for worker 21067... {"SourceContext": "Infrastructure.Services.DatabaseTestService", "Application": "Crud.Api"}
[03:42:52 INF] Database mutex acquired for worker 21067 {"SourceContext": "Infrastructure.Services.DatabaseTestService", "Application": "Crud.Api"}
[03:42:52 INF] Current database state - CanConnect: True {"SourceContext": "Infrastructure.Services.DatabaseTestService", "Application": "Crud.Api"}
[03:42:52 INF] [Phase 0] Closing database connection for worker 21067... {"SourceContext": "Infrastructure.Services.DatabaseTestService", "Application": "Crud.Api"}
[03:42:52 INF] [Phase 0] Connection closed in 0.0008ms {"SourceContext": "Infrastructure.Services.DatabaseTestService", "Application": "Crud.Api"}
[03:42:52 INF] [Phase 1] Starting EnsureDeletedAsync for worker 21067... {"SourceContext": "Infrastructure.Services.DatabaseTestService", "Application": "Crud.Api"}
[03:42:52 INF] [Phase 1] EnsureDeletedAsync completed in 1.191ms {"SourceContext": "Infrastructure.Services.DatabaseTestService", "Application": "Crud.Api"}
[03:42:52 INF] [Phase 2] Starting EnsureCreatedAsync for worker 21067... {"SourceContext": "Infrastructure.Services.DatabaseTestService", "Application": "Crud.Api"}
[03:42:52 INF] [Phase 2] EnsureCreatedAsync completed in 7.9031ms {"SourceContext": "Infrastructure.Services.DatabaseTestService", "Application": "Crud.Api"}
[03:42:52 INF] [Phase 3] Skipping database seeding as requested for worker 21067 {"SourceContext": "Infrastructure.Services.DatabaseTestService", "Application": "Crud.Api"}
[03:42:52 INF] Database reset via file deletion completed for worker 21067 in 109.0888ms (Close: 0.0008ms, Delete: 1.191ms, Create: 7.9031ms) {"SourceContext": "Infrastructure.Services.DatabaseTestService", "Application": "Crud.Api"}
[03:42:52 INF] Releasing database mutex for worker 21067 {"SourceContext": "Infrastructure.Services.DatabaseTestService", "Application": "Crud.Api"}
[03:42:53 INF] User registered successfully: 85565292-8637-4555-8181-21825a41ad4d {"SourceContext": "App.Features.Authentication.RegisterUserCommandHandler", "ActionId": "eb940ceb-2629-4483-bccf-2e403f91c096", "ActionName": "Api.Controllers.AuthController.Register (Api)", "RequestId": "0HNFGSKFKDJGI", "RequestPath": "/api/auth/register", "Application": "Crud.Api"}
Activity.TraceId:            f4021647e96e9f1789776f77834a15af
Activity.SpanId:             38576fd410c40edf
Activity.TraceFlags:         Recorded
Activity.ActivitySourceName: Microsoft.AspNetCore
Activity.DisplayName:        POST api/Auth/register
Activity.Kind:               Server
Activity.StartTime:          2025-09-11T03:42:52.9708013Z
Activity.Duration:           00:00:00.3009060
Activity.Tags:
    server.address: localhost
    http.request.method: POST
    url.scheme: http
    url.path: /api/auth/register
    network.protocol.version: 1.1
    http.route: api/Auth/register
    http.response.status_code: 200
Resource associated with Activity:
    deployment.environment: Testing
    service.name: Crud.Api
    service.version: 1.0.0
    service.instance.id: a483e3f3-32ea-4a50-a508-2cd77b6b2522
    telemetry.sdk.name: opentelemetry
    telemetry.sdk.language: dotnet
    telemetry.sdk.version: 1.8.1
[03:42:53 INF] User registered successfully: 40c4842b-0c4a-4e5c-a091-3a03cdf83a05 {"SourceContext": "App.Features.Authentication.RegisterUserCommandHandler", "ActionId": "eb940ceb-2629-4483-bccf-2e403f91c096", "ActionName": "Api.Controllers.AuthController.Register (Api)", "RequestId": "0HNFGSKFKDJGJ", "RequestPath": "/api/auth/register", "Application": "Crud.Api"}
Activity.TraceId:            bcac971ef4cf2d4bfaf91fd5324107cb
Activity.SpanId:             02fc2b25f4e097bc
Activity.TraceFlags:         Recorded
Activity.ActivitySourceName: Microsoft.AspNetCore
Activity.DisplayName:        POST api/Auth/register
Activity.Kind:               Server
Activity.StartTime:          2025-09-11T03:42:53.2723239Z
Activity.Duration:           00:00:00.2995230
Activity.Tags:
    server.address: localhost
    http.request.method: POST
    url.scheme: http
    url.path: /api/auth/register
    network.protocol.version: 1.1
    http.route: api/Auth/register
    http.response.status_code: 200
Resource associated with Activity:
    deployment.environment: Testing
    service.name: Crud.Api
    service.version: 1.0.0
    service.instance.id: a483e3f3-32ea-4a50-a508-2cd77b6b2522
    telemetry.sdk.name: opentelemetry
    telemetry.sdk.language: dotnet
    telemetry.sdk.version: 1.8.1
[03:42:53 INF] User logged in successfully: 40c4842b-0c4a-4e5c-a091-3a03cdf83a05 {"SourceContext": "App.Features.Authentication.LoginCommandHandler", "ActionId": "bc74de3a-3152-49e4-a3da-d3d98804f5a9", "ActionName": "Api.Controllers.AuthController.Login (Api)", "RequestId": "0HNFGSKFKDJGK", "RequestPath": "/api/auth/login", "Application": "Crud.Api"}
Activity.TraceId:            1a5d0d399b96f11e32e6735ee11d51f1
Activity.SpanId:             45ba156ee9cba05a
Activity.TraceFlags:         Recorded
Activity.ActivitySourceName: Microsoft.AspNetCore
Activity.DisplayName:        POST api/Auth/login
Activity.Kind:               Server
Activity.StartTime:          2025-09-11T03:42:53.5727759Z
Activity.Duration:           00:00:00.2982061
Activity.Tags:
    server.address: localhost
    http.request.method: POST
    url.scheme: http
    url.path: /api/auth/login
    network.protocol.version: 1.1
    http.route: api/Auth/login
    http.response.status_code: 200
Resource associated with Activity:
    deployment.environment: Testing
    service.name: Crud.Api
    service.version: 1.0.0
    service.instance.id: a483e3f3-32ea-4a50-a508-2cd77b6b2522
    telemetry.sdk.name: opentelemetry
    telemetry.sdk.language: dotnet
    telemetry.sdk.version: 1.8.1
[03:42:53 DBG] Cache miss for key: list:person {"SourceContext": "Infrastructure.Services.Caching.InMemoryCacheService", "ActionId": "7828d9b9-9ad8-4227-88c7-3256465f6c61", "ActionName": "Api.Controllers.PeopleController.List (Api)", "RequestId": "0HNFGSKFKDJGL", "RequestPath": "/api/people", "Application": "Crud.Api"}
[03:42:53 DBG] Set cache value for key: list:person {"SourceContext": "Infrastructure.Services.Caching.InMemoryCacheService", "ActionId": "7828d9b9-9ad8-4227-88c7-3256465f6c61", "ActionName": "Api.Controllers.PeopleController.List (Api)", "RequestId": "0HNFGSKFKDJGL", "RequestPath": "/api/people", "Application": "Crud.Api"}
Activity.TraceId:            02a4f8763791ceaa27c7e20ba9fafe60
Activity.SpanId:             d090902ac05ae8b0
Activity.TraceFlags:         Recorded
Activity.ActivitySourceName: Microsoft.AspNetCore
Activity.DisplayName:        GET api/People
Activity.Kind:               Server
Activity.StartTime:          2025-09-11T03:42:53.8712501Z
Activity.Duration:           00:00:00.0085210
Activity.Tags:
    server.address: localhost
    http.request.method: GET
    url.scheme: http
    url.path: /api/people
    network.protocol.version: 1.1
    http.route: api/People
    http.response.status_code: 200
Resource associated with Activity:
    deployment.environment: Testing
    service.name: Crud.Api
    service.version: 1.0.0
    service.instance.id: a483e3f3-32ea-4a50-a508-2cd77b6b2522
    telemetry.sdk.name: opentelemetry
    telemetry.sdk.language: dotnet
    telemetry.sdk.version: 1.8.1
[03:42:53 DBG] Removed cache value for key: entity:person:bf719f55aae243b28b9127e5049d7222 {"SourceContext": "Infrastructure.Services.Caching.InMemoryCacheService", "ActionId": "50485afe-ada7-4ca3-8692-fda0f079153d", "ActionName": "Api.Controllers.PeopleController.Create (Api)", "RequestId": "0HNFGSKFKDJGM", "RequestPath": "/api/people", "Application": "Crud.Api"}
[03:42:53 DBG] Removed cache value for key: list:person {"SourceContext": "Infrastructure.Services.Caching.InMemoryCacheService", "ActionId": "50485afe-ada7-4ca3-8692-fda0f079153d", "ActionName": "Api.Controllers.PeopleController.Create (Api)", "RequestId": "0HNFGSKFKDJGM", "RequestPath": "/api/people", "Application": "Crud.Api"}
[03:42:53 DBG] Invalidating cache for entity type: people with tag: people {"SourceContext": "Api.Services.OutputCacheInvalidationService", "ActionId": "50485afe-ada7-4ca3-8692-fda0f079153d", "ActionName": "Api.Controllers.PeopleController.Create (Api)", "RequestId": "0HNFGSKFKDJGM", "RequestPath": "/api/people", "Application": "Crud.Api"}
[03:42:53 INF] Successfully invalidated cache for entity type: people {"SourceContext": "Api.Services.OutputCacheInvalidationService", "ActionId": "50485afe-ada7-4ca3-8692-fda0f079153d", "ActionName": "Api.Controllers.PeopleController.Create (Api)", "RequestId": "0HNFGSKFKDJGM", "RequestPath": "/api/people", "Application": "Crud.Api"}
Activity.TraceId:            3b76a66a9e6c6e3c108468c6f1a3b585
Activity.SpanId:             4a4cf73c1004bd4c
Activity.TraceFlags:         Recorded
Activity.ActivitySourceName: Microsoft.AspNetCore
Activity.DisplayName:        POST api/People
Activity.Kind:               Server
Activity.StartTime:          2025-09-11T03:42:53.8798484Z
Activity.Duration:           00:00:00.0081210
Activity.Tags:
    server.address: localhost
    http.request.method: POST
    url.scheme: http
    url.path: /api/people
    network.protocol.version: 1.1
    http.route: api/People
    http.response.status_code: 201
Resource associated with Activity:
    deployment.environment: Testing
    service.name: Crud.Api
    service.version: 1.0.0
    service.instance.id: a483e3f3-32ea-4a50-a508-2cd77b6b2522
    telemetry.sdk.name: opentelemetry
    telemetry.sdk.language: dotnet
    telemetry.sdk.version: 1.8.1
[03:42:53 DBG] Cache miss for key: list:person {"SourceContext": "Infrastructure.Services.Caching.InMemoryCacheService", "ActionId": "7828d9b9-9ad8-4227-88c7-3256465f6c61", "ActionName": "Api.Controllers.PeopleController.List (Api)", "RequestId": "0HNFGSKFKDJGN", "RequestPath": "/api/people", "Application": "Crud.Api"}
[03:42:53 DBG] Set cache value for key: list:person {"SourceContext": "Infrastructure.Services.Caching.InMemoryCacheService", "ActionId": "7828d9b9-9ad8-4227-88c7-3256465f6c61", "ActionName": "Api.Controllers.PeopleController.List (Api)", "RequestId": "0HNFGSKFKDJGN", "RequestPath": "/api/people", "Application": "Crud.Api"}
Activity.TraceId:            1185f9f3ebeb7f4f126fe1e9a9110523
Activity.SpanId:             dd2e38b7f2f40dfd
Activity.TraceFlags:         Recorded
Activity.ActivitySourceName: Microsoft.AspNetCore
Activity.DisplayName:        GET api/People
Activity.Kind:               Server
Activity.StartTime:          2025-09-11T03:42:53.8880319Z
Activity.Duration:           00:00:00.0013838
Activity.Tags:
    server.address: localhost
    http.request.method: GET
    url.scheme: http
    url.path: /api/people
    network.protocol.version: 1.1
    http.route: api/People
    http.response.status_code: 200
Resource associated with Activity:
    deployment.environment: Testing
    service.name: Crud.Api
    service.version: 1.0.0
    service.instance.id: a483e3f3-32ea-4a50-a508-2cd77b6b2522
    telemetry.sdk.name: opentelemetry
    telemetry.sdk.language: dotnet
    telemetry.sdk.version: 1.8.1
[03:42:53 INF] Resetting database for worker 21067 {"SourceContext": "Infrastructure.Services.DatabaseTestService", "Application": "Crud.Api"}
[03:42:53 INF] Resetting database via file deletion for worker 21067 in CI environment {"SourceContext": "Infrastructure.Services.DatabaseTestService", "Application": "Crud.Api"}
[03:42:53 INF] Acquiring database mutex for worker 21067... {"SourceContext": "Infrastructure.Services.DatabaseTestService", "Application": "Crud.Api"}
[03:42:53 INF] Database mutex acquired for worker 21067 {"SourceContext": "Infrastructure.Services.DatabaseTestService", "Application": "Crud.Api"}
[03:42:53 INF] Current database state - CanConnect: True {"SourceContext": "Infrastructure.Services.DatabaseTestService", "Application": "Crud.Api"}
[03:42:53 INF] [Phase 0] Closing database connection for worker 21067... {"SourceContext": "Infrastructure.Services.DatabaseTestService", "Application": "Crud.Api"}
[03:42:53 INF] [Phase 0] Connection closed in 0.0005ms {"SourceContext": "Infrastructure.Services.DatabaseTestService", "Application": "Crud.Api"}
[03:42:53 INF] [Phase 1] Starting EnsureDeletedAsync for worker 21067... {"SourceContext": "Infrastructure.Services.DatabaseTestService", "Application": "Crud.Api"}
[03:42:53 INF] [Phase 1] EnsureDeletedAsync completed in 1.4325ms {"SourceContext": "Infrastructure.Services.DatabaseTestService", "Application": "Crud.Api"}
[03:42:53 INF] [Phase 2] Starting EnsureCreatedAsync for worker 21067... {"SourceContext": "Infrastructure.Services.DatabaseTestService", "Application": "Crud.Api"}
[03:42:53 INF] [Phase 2] EnsureCreatedAsync completed in 6.8713ms {"SourceContext": "Infrastructure.Services.DatabaseTestService", "Application": "Crud.Api"}
[03:42:53 INF] [Phase 3] Skipping database seeding as requested for worker 21067 {"SourceContext": "Infrastructure.Services.DatabaseTestService", "Application": "Crud.Api"}
[03:42:53 INF] Database reset via file deletion completed for worker 21067 in 108.3006ms (Close: 0.0005ms, Delete: 1.4325ms, Create: 6.8713ms) {"SourceContext": "Infrastructure.Services.DatabaseTestService", "Application": "Crud.Api"}
[03:42:53 INF] Releasing database mutex for worker 21067 {"SourceContext": "Infrastructure.Services.DatabaseTestService", "Application": "Crud.Api"}
[03:42:53 INF] Resetting database for worker 21067 {"SourceContext": "Infrastructure.Services.DatabaseTestService", "Application": "Crud.Api"}
[03:42:54 INF] Resetting database via file deletion for worker 21067 in CI environment {"SourceContext": "Infrastructure.Services.DatabaseTestService", "Application": "Crud.Api"}
[03:42:54 INF] Acquiring database mutex for worker 21067... {"SourceContext": "Infrastructure.Services.DatabaseTestService", "Application": "Crud.Api"}
[03:42:54 INF] Database mutex acquired for worker 21067 {"SourceContext": "Infrastructure.Services.DatabaseTestService", "Application": "Crud.Api"}
[03:42:54 INF] Current database state - CanConnect: True {"SourceContext": "Infrastructure.Services.DatabaseTestService", "Application": "Crud.Api"}
[03:42:54 INF] [Phase 0] Closing database connection for worker 21067... {"SourceContext": "Infrastructure.Services.DatabaseTestService", "Application": "Crud.Api"}
[03:42:54 INF] [Phase 0] Connection closed in 0.0006ms {"SourceContext": "Infrastructure.Services.DatabaseTestService", "Application": "Crud.Api"}
[03:42:54 INF] [Phase 1] Starting EnsureDeletedAsync for worker 21067... {"SourceContext": "Infrastructure.Services.DatabaseTestService", "Application": "Crud.Api"}
[03:42:54 INF] [Phase 1] EnsureDeletedAsync completed in 1.0317ms {"SourceContext": "Infrastructure.Services.DatabaseTestService", "Application": "Crud.Api"}
[03:42:54 INF] [Phase 2] Starting EnsureCreatedAsync for worker 21067... {"SourceContext": "Infrastructure.Services.DatabaseTestService", "Application": "Crud.Api"}
[03:42:54 INF] [Phase 2] EnsureCreatedAsync completed in 7.5053ms {"SourceContext": "Infrastructure.Services.DatabaseTestService", "Application": "Crud.Api"}
[03:42:54 INF] [Phase 3] Skipping database seeding as requested for worker 21067 {"SourceContext": "Infrastructure.Services.DatabaseTestService", "Application": "Crud.Api"}
[03:42:54 INF] Database reset via file deletion completed for worker 21067 in 109.1391ms (Close: 0.0006ms, Delete: 1.0317ms, Create: 7.5053ms) {"SourceContext": "Infrastructure.Services.DatabaseTestService", "Application": "Crud.Api"}
[03:42:54 INF] Releasing database mutex for worker 21067 {"SourceContext": "Infrastructure.Services.DatabaseTestService", "Application": "Crud.Api"}
[03:42:54 INF] User registered successfully: abe9cbf4-7524-4a8b-b854-0dbf4887bb7b {"SourceContext": "App.Features.Authentication.RegisterUserCommandHandler", "ActionId": "eb940ceb-2629-4483-bccf-2e403f91c096", "ActionName": "Api.Controllers.AuthController.Register (Api)", "RequestId": "0HNFGSKFKDJGO", "RequestPath": "/api/auth/register", "Application": "Crud.Api"}
Activity.TraceId:            cbd09a487d993808a33f7fd8ae6a5842
Activity.SpanId:             fe7051dc5bd6ffa6
Activity.TraceFlags:         Recorded
Activity.ActivitySourceName: Microsoft.AspNetCore
Activity.DisplayName:        POST api/Auth/register
Activity.Kind:               Server
Activity.StartTime:          2025-09-11T03:42:54.1126615Z
Activity.Duration:           00:00:00.3025066
Activity.Tags:
    server.address: localhost
    http.request.method: POST
    url.scheme: http
    url.path: /api/auth/register
    network.protocol.version: 1.1
    http.route: api/Auth/register
    http.response.status_code: 200
Resource associated with Activity:
    deployment.environment: Testing
    service.name: Crud.Api
    service.version: 1.0.0
    service.instance.id: a483e3f3-32ea-4a50-a508-2cd77b6b2522
    telemetry.sdk.name: opentelemetry
    telemetry.sdk.language: dotnet
    telemetry.sdk.version: 1.8.1
[03:42:54 DBG] Cache hit for key: list:role {"SourceContext": "Infrastructure.Services.Caching.InMemoryCacheService", "ActionId": "4697bef9-7589-42c9-abd6-5e6059affa09", "ActionName": "Api.Controllers.RolesController.List (Api)", "RequestId": "0HNFGSKFKDJGP", "RequestPath": "/api/roles", "Application": "Crud.Api"}
Activity.TraceId:            09a8e6028e326670bed1815a52ec9019
Activity.SpanId:             1406f2db4cd74ce0
Activity.TraceFlags:         Recorded
Activity.ActivitySourceName: Microsoft.AspNetCore
Activity.DisplayName:        GET api/Roles
Activity.Kind:               Server
Activity.StartTime:          2025-09-11T03:42:54.4156944Z
Activity.Duration:           00:00:00.0013701
Activity.Tags:
    server.address: localhost
    http.request.method: GET
    url.scheme: http
    url.path: /api/roles
    network.protocol.version: 1.1
    http.route: api/Roles
    http.response.status_code: 200
Resource associated with Activity:
    deployment.environment: Testing
    service.name: Crud.Api
    service.version: 1.0.0
    service.instance.id: a483e3f3-32ea-4a50-a508-2cd77b6b2522
    telemetry.sdk.name: opentelemetry
    telemetry.sdk.language: dotnet
    telemetry.sdk.version: 1.8.1
[03:42:54 DBG] Cache hit for key: list:role {"SourceContext": "Infrastructure.Services.Caching.InMemoryCacheService", "ActionId": "4697bef9-7589-42c9-abd6-5e6059affa09", "ActionName": "Api.Controllers.RolesController.List (Api)", "RequestId": "0HNFGSKFKDJGQ", "RequestPath": "/api/roles", "Application": "Crud.Api"}
Activity.TraceId:            1be7c4e2be29519bc84ca802f117ece4
Activity.SpanId:             7ec2bde1d86d7e11
Activity.TraceFlags:         Recorded
Activity.ActivitySourceName: Microsoft.AspNetCore
Activity.DisplayName:        GET api/Roles
Activity.Kind:               Server
Activity.StartTime:          2025-09-11T03:42:54.4174053Z
Activity.Duration:           00:00:00.0002849
Activity.Tags:
    server.address: localhost
    http.request.method: GET
    url.scheme: http
    url.path: /api/roles
    network.protocol.version: 1.1
    http.route: api/Roles
    http.response.status_code: 200
Resource associated with Activity:
    deployment.environment: Testing
    service.name: Crud.Api
    service.version: 1.0.0
    service.instance.id: a483e3f3-32ea-4a50-a508-2cd77b6b2522
    telemetry.sdk.name: opentelemetry
    telemetry.sdk.language: dotnet
    telemetry.sdk.version: 1.8.1
[03:42:54 DBG] Cache hit for key: list:role {"SourceContext": "Infrastructure.Services.Caching.InMemoryCacheService", "ActionId": "4697bef9-7589-42c9-abd6-5e6059affa09", "ActionName": "Api.Controllers.RolesController.List (Api)", "RequestId": "0HNFGSKFKDJGR", "RequestPath": "/api/roles", "Application": "Crud.Api"}
Activity.TraceId:            27668641418736302ffc07579cd188c4
Activity.SpanId:             51e25533ea5bc460
Activity.TraceFlags:         Recorded
Activity.ActivitySourceName: Microsoft.AspNetCore
Activity.DisplayName:        GET api/Roles
Activity.Kind:               Server
Activity.StartTime:          2025-09-11T03:42:54.4181736Z
Activity.Duration:           00:00:00.0003188
Activity.Tags:
    server.address: localhost
    http.request.method: GET
    url.scheme: http
    url.path: /api/roles
    network.protocol.version: 1.1
    http.route: api/Roles
    http.response.status_code: 200
Resource associated with Activity:
    deployment.environment: Testing
    service.name: Crud.Api
    service.version: 1.0.0
    service.instance.id: a483e3f3-32ea-4a50-a508-2cd77b6b2522
    telemetry.sdk.name: opentelemetry
    telemetry.sdk.language: dotnet
    telemetry.sdk.version: 1.8.1
[03:42:54 DBG] Cache hit for key: list:role {"SourceContext": "Infrastructure.Services.Caching.InMemoryCacheService", "ActionId": "4697bef9-7589-42c9-abd6-5e6059affa09", "ActionName": "Api.Controllers.RolesController.List (Api)", "RequestId": "0HNFGSKFKDJGS", "RequestPath": "/api/roles", "Application": "Crud.Api"}
Activity.TraceId:            70b845b52d283b989938a84b5228fb14
Activity.SpanId:             957b84403168b67d
Activity.TraceFlags:         Recorded
Activity.ActivitySourceName: Microsoft.AspNetCore
Activity.DisplayName:        GET api/Roles
Activity.Kind:               Server
Activity.StartTime:          2025-09-11T03:42:54.4185484Z
Activity.Duration:           00:00:00.0002993
Activity.Tags:
    server.address: localhost
    http.request.method: GET
    url.scheme: http
    url.path: /api/roles
    network.protocol.version: 1.1
    http.route: api/Roles
    http.response.status_code: 200
Resource associated with Activity:
    deployment.environment: Testing
    service.name: Crud.Api
    service.version: 1.0.0
    service.instance.id: a483e3f3-32ea-4a50-a508-2cd77b6b2522
    telemetry.sdk.name: opentelemetry
    telemetry.sdk.language: dotnet
    telemetry.sdk.version: 1.8.1
[03:42:54 DBG] Cache hit for key: list:role {"SourceContext": "Infrastructure.Services.Caching.InMemoryCacheService", "ActionId": "4697bef9-7589-42c9-abd6-5e6059affa09", "ActionName": "Api.Controllers.RolesController.List (Api)", "RequestId": "0HNFGSKFKDJGT", "RequestPath": "/api/roles", "Application": "Crud.Api"}
Activity.TraceId:            5658d2b9132ed63424392465e69b7972
Activity.SpanId:             4746c89e905c9d75
Activity.TraceFlags:         Recorded
Activity.ActivitySourceName: Microsoft.AspNetCore
Activity.DisplayName:        GET api/Roles
Activity.Kind:               Server
Activity.StartTime:          2025-09-11T03:42:54.4188883Z
Activity.Duration:           00:00:00.0006045
Activity.Tags:
    server.address: localhost
    http.request.method: GET
    url.scheme: http
    url.path: /api/roles
    network.protocol.version: 1.1
    http.route: api/Roles
    http.response.status_code: 200
Resource associated with Activity:
    deployment.environment: Testing
    service.name: Crud.Api
    service.version: 1.0.0
    service.instance.id: a483e3f3-32ea-4a50-a508-2cd77b6b2522
    telemetry.sdk.name: opentelemetry
    telemetry.sdk.language: dotnet
    telemetry.sdk.version: 1.8.1
[03:42:54 DBG] Cache hit for key: list:role {"SourceContext": "Infrastructure.Services.Caching.InMemoryCacheService", "ActionId": "4697bef9-7589-42c9-abd6-5e6059affa09", "ActionName": "Api.Controllers.RolesController.List (Api)", "RequestId": "0HNFGSKFKDJGU", "RequestPath": "/api/roles", "Application": "Crud.Api"}
Activity.TraceId:            3bd2269f9fb395cd6b195cdd1a5a989c
Activity.SpanId:             a6e120a3014853db
Activity.TraceFlags:         Recorded
Activity.ActivitySourceName: Microsoft.AspNetCore
Activity.DisplayName:        GET api/Roles
Activity.Kind:               Server
Activity.StartTime:          2025-09-11T03:42:54.4196463Z
Activity.Duration:           00:00:00.0003206
Activity.Tags:
    server.address: localhost
    http.request.method: GET
    url.scheme: http
    url.path: /api/roles
    network.protocol.version: 1.1
    http.route: api/Roles
    http.response.status_code: 200
Resource associated with Activity:
    deployment.environment: Testing
    service.name: Crud.Api
    service.version: 1.0.0
    service.instance.id: a483e3f3-32ea-4a50-a508-2cd77b6b2522
    telemetry.sdk.name: opentelemetry
    telemetry.sdk.language: dotnet
    telemetry.sdk.version: 1.8.1
[03:42:54 DBG] Cache hit for key: list:role {"SourceContext": "Infrastructure.Services.Caching.InMemoryCacheService", "ActionId": "4697bef9-7589-42c9-abd6-5e6059affa09", "ActionName": "Api.Controllers.RolesController.List (Api)", "RequestId": "0HNFGSKFKDJGV", "RequestPath": "/api/roles", "Application": "Crud.Api"}
Activity.TraceId:            ee5a2f4792a3a13cbfcf618d17d3600a
Activity.SpanId:             54221d422d849a58
Activity.TraceFlags:         Recorded
Activity.ActivitySourceName: Microsoft.AspNetCore
Activity.DisplayName:        GET api/Roles
Activity.Kind:               Server
Activity.StartTime:          2025-09-11T03:42:54.4201827Z
Activity.Duration:           00:00:00.0003979
Activity.Tags:
    server.address: localhost
    http.request.method: GET
    url.scheme: http
    url.path: /api/roles
    network.protocol.version: 1.1
    http.route: api/Roles
    http.response.status_code: 200
Resource associated with Activity:
    deployment.environment: Testing
    service.name: Crud.Api
    service.version: 1.0.0
    service.instance.id: a483e3f3-32ea-4a50-a508-2cd77b6b2522
    telemetry.sdk.name: opentelemetry
    telemetry.sdk.language: dotnet
    telemetry.sdk.version: 1.8.1
[03:42:54 DBG] Cache hit for key: list:role {"SourceContext": "Infrastructure.Services.Caching.InMemoryCacheService", "ActionId": "4697bef9-7589-42c9-abd6-5e6059affa09", "ActionName": "Api.Controllers.RolesController.List (Api)", "RequestId": "0HNFGSKFKDJH0", "RequestPath": "/api/roles", "Application": "Crud.Api"}
Activity.TraceId:            2c8eb2e0f87396dce93a2b5b2d4c196a
Activity.SpanId:             b833bd6072227539
Activity.TraceFlags:         Recorded
Activity.ActivitySourceName: Microsoft.AspNetCore
Activity.DisplayName:        GET api/Roles
Activity.Kind:               Server
Activity.StartTime:          2025-09-11T03:42:54.4206333Z
Activity.Duration:           00:00:00.0005008
Activity.Tags:
    server.address: localhost
    http.request.method: GET
    url.scheme: http
    url.path: /api/roles
    network.protocol.version: 1.1
    http.route: api/Roles
    http.response.status_code: 200
Resource associated with Activity:
    deployment.environment: Testing
    service.name: Crud.Api
    service.version: 1.0.0
    service.instance.id: a483e3f3-32ea-4a50-a508-2cd77b6b2522
    telemetry.sdk.name: opentelemetry
    telemetry.sdk.language: dotnet
    telemetry.sdk.version: 1.8.1
[03:42:54 DBG] Cache hit for key: list:role {"SourceContext": "Infrastructure.Services.Caching.InMemoryCacheService", "ActionId": "4697bef9-7589-42c9-abd6-5e6059affa09", "ActionName": "Api.Controllers.RolesController.List (Api)", "RequestId": "0HNFGSKFKDJH1", "RequestPath": "/api/roles", "Application": "Crud.Api"}
Activity.TraceId:            4c8ef5ac82c4f41eb4322f346c4912e4
Activity.SpanId:             7c59c3e616a67747
Activity.TraceFlags:         Recorded
Activity.ActivitySourceName: Microsoft.AspNetCore
Activity.DisplayName:        GET api/Roles
Activity.Kind:               Server
Activity.StartTime:          2025-09-11T03:42:54.4212957Z
Activity.Duration:           00:00:00.0002936
Activity.Tags:
    server.address: localhost
    http.request.method: GET
    url.scheme: http
    url.path: /api/roles
    network.protocol.version: 1.1
    http.route: api/Roles
    http.response.status_code: 200
Resource associated with Activity:
    deployment.environment: Testing
    service.name: Crud.Api
    service.version: 1.0.0
    service.instance.id: a483e3f3-32ea-4a50-a508-2cd77b6b2522
    telemetry.sdk.name: opentelemetry
    telemetry.sdk.language: dotnet
    telemetry.sdk.version: 1.8.1
[03:42:54 DBG] Cache hit for key: list:role {"SourceContext": "Infrastructure.Services.Caching.InMemoryCacheService", "ActionId": "4697bef9-7589-42c9-abd6-5e6059affa09", "ActionName": "Api.Controllers.RolesController.List (Api)", "RequestId": "0HNFGSKFKDJH2", "RequestPath": "/api/roles", "Application": "Crud.Api"}
Activity.TraceId:            fd605cfd14026c71559b2655c9a2edb8
Activity.SpanId:             de8353675d293225
Activity.TraceFlags:         Recorded
Activity.ActivitySourceName: Microsoft.AspNetCore
Activity.DisplayName:        GET api/Roles
Activity.Kind:               Server
Activity.StartTime:          2025-09-11T03:42:54.4217910Z
Activity.Duration:           00:00:00.0002795
Activity.Tags:
    server.address: localhost
    http.request.method: GET
    url.scheme: http
    url.path: /api/roles
    network.protocol.version: 1.1
    http.route: api/Roles
    http.response.status_code: 200
Resource associated with Activity:
    deployment.environment: Testing
    service.name: Crud.Api
    service.version: 1.0.0
    service.instance.id: a483e3f3-32ea-4a50-a508-2cd77b6b2522
    telemetry.sdk.name: opentelemetry
    telemetry.sdk.language: dotnet
    telemetry.sdk.version: 1.8.1
[03:42:54 DBG] Cache hit for key: list:role {"SourceContext": "Infrastructure.Services.Caching.InMemoryCacheService", "ActionId": "4697bef9-7589-42c9-abd6-5e6059affa09", "ActionName": "Api.Controllers.RolesController.List (Api)", "RequestId": "0HNFGSKFKDJH3", "RequestPath": "/api/roles", "Application": "Crud.Api"}
Activity.TraceId:            3db81d04d84decb68d2c13bca0f53f15
Activity.SpanId:             3dc665a1a76d2a05
Activity.TraceFlags:         Recorded
Activity.ActivitySourceName: Microsoft.AspNetCore
Activity.DisplayName:        GET api/Roles
Activity.Kind:               Server
Activity.StartTime:          2025-09-11T03:42:54.4221396Z
Activity.Duration:           00:00:00.0002741
Activity.Tags:
    server.address: localhost
    http.request.method: GET
    url.scheme: http
    url.path: /api/roles
    network.protocol.version: 1.1
    http.route: api/Roles
    http.response.status_code: 200
Resource associated with Activity:
    deployment.environment: Testing
    service.name: Crud.Api
    service.version: 1.0.0
    service.instance.id: a483e3f3-32ea-4a50-a508-2cd77b6b2522
    telemetry.sdk.name: opentelemetry
    telemetry.sdk.language: dotnet
    telemetry.sdk.version: 1.8.1
[03:42:54 INF] Resetting database for worker 21067 {"SourceContext": "Infrastructure.Services.DatabaseTestService", "Application": "Crud.Api"}
[03:42:54 INF] Resetting database via file deletion for worker 21067 in CI environment {"SourceContext": "Infrastructure.Services.DatabaseTestService", "Application": "Crud.Api"}
[03:42:54 INF] Acquiring database mutex for worker 21067... {"SourceContext": "Infrastructure.Services.DatabaseTestService", "Application": "Crud.Api"}
[03:42:54 INF] Database mutex acquired for worker 21067 {"SourceContext": "Infrastructure.Services.DatabaseTestService", "Application": "Crud.Api"}
[03:42:54 INF] Current database state - CanConnect: True {"SourceContext": "Infrastructure.Services.DatabaseTestService", "Application": "Crud.Api"}
[03:42:54 INF] [Phase 0] Closing database connection for worker 21067... {"SourceContext": "Infrastructure.Services.DatabaseTestService", "Application": "Crud.Api"}
[03:42:54 INF] [Phase 0] Connection closed in 0.0007ms {"SourceContext": "Infrastructure.Services.DatabaseTestService", "Application": "Crud.Api"}
[03:42:54 INF] [Phase 1] Starting EnsureDeletedAsync for worker 21067... {"SourceContext": "Infrastructure.Services.DatabaseTestService", "Application": "Crud.Api"}
[03:42:54 INF] [Phase 1] EnsureDeletedAsync completed in 1.9744ms {"SourceContext": "Infrastructure.Services.DatabaseTestService", "Application": "Crud.Api"}
[03:42:54 INF] [Phase 2] Starting EnsureCreatedAsync for worker 21067... {"SourceContext": "Infrastructure.Services.DatabaseTestService", "Application": "Crud.Api"}
[03:42:54 INF] [Phase 2] EnsureCreatedAsync completed in 7.1153ms {"SourceContext": "Infrastructure.Services.DatabaseTestService", "Application": "Crud.Api"}
[03:42:54 INF] [Phase 3] Skipping database seeding as requested for worker 21067 {"SourceContext": "Infrastructure.Services.DatabaseTestService", "Application": "Crud.Api"}
[03:42:54 INF] Database reset via file deletion completed for worker 21067 in 109.1475ms (Close: 0.0007ms, Delete: 1.9744ms, Create: 7.1153ms) {"SourceContext": "Infrastructure.Services.DatabaseTestService", "Application": "Crud.Api"}
[03:42:54 INF] Releasing database mutex for worker 21067 {"SourceContext": "Infrastructure.Services.DatabaseTestService", "Application": "Crud.Api"}
[03:42:54 INF] Resetting database for worker 21067 {"SourceContext": "Infrastructure.Services.DatabaseTestService", "Application": "Crud.Api"}
[03:42:54 INF] Resetting database via file deletion for worker 21067 in CI environment {"SourceContext": "Infrastructure.Services.DatabaseTestService", "Application": "Crud.Api"}
[03:42:54 INF] Acquiring database mutex for worker 21067... {"SourceContext": "Infrastructure.Services.DatabaseTestService", "Application": "Crud.Api"}
[03:42:54 INF] Database mutex acquired for worker 21067 {"SourceContext": "Infrastructure.Services.DatabaseTestService", "Application": "Crud.Api"}
[03:42:54 INF] Current database state - CanConnect: True {"SourceContext": "Infrastructure.Services.DatabaseTestService", "Application": "Crud.Api"}
[03:42:54 INF] [Phase 0] Closing database connection for worker 21067... {"SourceContext": "Infrastructure.Services.DatabaseTestService", "Application": "Crud.Api"}
[03:42:54 INF] [Phase 0] Connection closed in 0.0005ms {"SourceContext": "Infrastructure.Services.DatabaseTestService", "Application": "Crud.Api"}
[03:42:54 INF] [Phase 1] Starting EnsureDeletedAsync for worker 21067... {"SourceContext": "Infrastructure.Services.DatabaseTestService", "Application": "Crud.Api"}
[03:42:54 INF] [Phase 1] EnsureDeletedAsync completed in 1.2884ms {"SourceContext": "Infrastructure.Services.DatabaseTestService", "Application": "Crud.Api"}
[03:42:54 INF] [Phase 2] Starting EnsureCreatedAsync for worker 21067... {"SourceContext": "Infrastructure.Services.DatabaseTestService", "Application": "Crud.Api"}
[03:42:54 INF] [Phase 2] EnsureCreatedAsync completed in 9.7136ms {"SourceContext": "Infrastructure.Services.DatabaseTestService", "Application": "Crud.Api"}
[03:42:54 INF] [Phase 3] Skipping database seeding as requested for worker 21067 {"SourceContext": "Infrastructure.Services.DatabaseTestService", "Application": "Crud.Api"}
[03:42:54 INF] Database reset via file deletion completed for worker 21067 in 112.6333ms (Close: 0.0005ms, Delete: 1.2884ms, Create: 9.7136ms) {"SourceContext": "Infrastructure.Services.DatabaseTestService", "Application": "Crud.Api"}
[03:42:54 INF] Releasing database mutex for worker 21067 {"SourceContext": "Infrastructure.Services.DatabaseTestService", "Application": "Crud.Api"}
[03:42:54 INF] User registered successfully: 7ae5dbea-9c26-4d0d-9800-adf1b69d25ea {"SourceContext": "App.Features.Authentication.RegisterUserCommandHandler", "ActionId": "eb940ceb-2629-4483-bccf-2e403f91c096", "ActionName": "Api.Controllers.AuthController.Register (Api)", "RequestId": "0HNFGSKFKDJH4", "RequestPath": "/api/auth/register", "Application": "Crud.Api"}
Activity.TraceId:            1e553dc98cd4dc31ff6b6a00acd8c08a
Activity.SpanId:             3cd33570c3878395
Activity.TraceFlags:         Recorded
Activity.ActivitySourceName: Microsoft.AspNetCore
Activity.DisplayName:        POST api/Auth/register
Activity.Kind:               Server
Activity.StartTime:          2025-09-11T03:42:54.6545050Z
Activity.Duration:           00:00:00.2982520
Activity.Tags:
    server.address: localhost
    http.request.method: POST
    url.scheme: http
    url.path: /api/auth/register
    network.protocol.version: 1.1
    http.route: api/Auth/register
    http.response.status_code: 200
Resource associated with Activity:
    deployment.environment: Testing
    service.name: Crud.Api
    service.version: 1.0.0
    service.instance.id: a483e3f3-32ea-4a50-a508-2cd77b6b2522
    telemetry.sdk.name: opentelemetry
    telemetry.sdk.language: dotnet
    telemetry.sdk.version: 1.8.1
[03:42:55 INF] User registered successfully: 92ef64d9-0add-49aa-a7a2-847d052f4003 {"SourceContext": "App.Features.Authentication.RegisterUserCommandHandler", "ActionId": "eb940ceb-2629-4483-bccf-2e403f91c096", "ActionName": "Api.Controllers.AuthController.Register (Api)", "RequestId": "0HNFGSKFKDJH5", "RequestPath": "/api/auth/register", "Application": "Crud.Api"}
Activity.TraceId:            e29aa1bef1ce54467919cb886e385a71
Activity.SpanId:             8bf7afa22ebf3def
Activity.TraceFlags:         Recorded
Activity.ActivitySourceName: Microsoft.AspNetCore
Activity.DisplayName:        POST api/Auth/register
Activity.Kind:               Server
Activity.StartTime:          2025-09-11T03:42:54.9532791Z
Activity.Duration:           00:00:00.3093977
Activity.Tags:
    server.address: localhost
    http.request.method: POST
    url.scheme: http
    url.path: /api/auth/register
    network.protocol.version: 1.1
    http.route: api/Auth/register
    http.response.status_code: 200
Resource associated with Activity:
    deployment.environment: Testing
    service.name: Crud.Api
    service.version: 1.0.0
    service.instance.id: a483e3f3-32ea-4a50-a508-2cd77b6b2522
    telemetry.sdk.name: opentelemetry
    telemetry.sdk.language: dotnet
    telemetry.sdk.version: 1.8.1
[03:42:55 INF] User logged in successfully: 92ef64d9-0add-49aa-a7a2-847d052f4003 {"SourceContext": "App.Features.Authentication.LoginCommandHandler", "ActionId": "bc74de3a-3152-49e4-a3da-d3d98804f5a9", "ActionName": "Api.Controllers.AuthController.Login (Api)", "RequestId": "0HNFGSKFKDJH6", "RequestPath": "/api/auth/login", "Application": "Crud.Api"}
Activity.TraceId:            cc099b81caa98cf24f63a60ae2307226
Activity.SpanId:             4d99b0e0f511856b
Activity.TraceFlags:         Recorded
Activity.ActivitySourceName: Microsoft.AspNetCore
Activity.DisplayName:        POST api/Auth/login
Activity.Kind:               Server
Activity.StartTime:          2025-09-11T03:42:55.2637974Z
Activity.Duration:           00:00:00.2994413
Activity.Tags:
    server.address: localhost
    http.request.method: POST
    url.scheme: http
    url.path: /api/auth/login
    network.protocol.version: 1.1
    http.route: api/Auth/login
    http.response.status_code: 200
Resource associated with Activity:
    deployment.environment: Testing
    service.name: Crud.Api
    service.version: 1.0.0
    service.instance.id: a483e3f3-32ea-4a50-a508-2cd77b6b2522
    telemetry.sdk.name: opentelemetry
    telemetry.sdk.language: dotnet
    telemetry.sdk.version: 1.8.1
[03:42:55 DBG] Cache hit for key: list:person {"SourceContext": "Infrastructure.Services.Caching.InMemoryCacheService", "ActionId": "7828d9b9-9ad8-4227-88c7-3256465f6c61", "ActionName": "Api.Controllers.PeopleController.List (Api)", "RequestId": "0HNFGSKFKDJH7", "RequestPath": "/api/people", "Application": "Crud.Api"}
Activity.TraceId:            bb2d5044a26ba96cd2f14200d6248bb4
Activity.SpanId:             067d8442625c06fb
Activity.TraceFlags:         Recorded
Activity.ActivitySourceName: Microsoft.AspNetCore
Activity.DisplayName:        GET api/People
Activity.Kind:               Server
Activity.StartTime:          2025-09-11T03:42:55.5634349Z
Activity.Duration:           00:00:00.0013183
Activity.Tags:
    server.address: localhost
    http.request.method: GET
    url.scheme: http
    url.path: /api/people
    network.protocol.version: 1.1
    http.route: api/People
    http.response.status_code: 200
Resource associated with Activity:
    deployment.environment: Testing
    service.name: Crud.Api
    service.version: 1.0.0
    service.instance.id: a483e3f3-32ea-4a50-a508-2cd77b6b2522
    telemetry.sdk.name: opentelemetry
    telemetry.sdk.language: dotnet
    telemetry.sdk.version: 1.8.1
[03:42:55 DBG] Cache hit for key: list:person {"SourceContext": "Infrastructure.Services.Caching.InMemoryCacheService", "ActionId": "7828d9b9-9ad8-4227-88c7-3256465f6c61", "ActionName": "Api.Controllers.PeopleController.List (Api)", "RequestId": "0HNFGSKFKDJH8", "RequestPath": "/api/people", "Application": "Crud.Api"}
Activity.TraceId:            bb9a928f1d85a8dc17bf67a000586dc7
Activity.SpanId:             c622ca7f88016e41
Activity.TraceFlags:         Recorded
Activity.ActivitySourceName: Microsoft.AspNetCore
Activity.DisplayName:        GET api/People
Activity.Kind:               Server
Activity.StartTime:          2025-09-11T03:42:55.5648494Z
Activity.Duration:           00:00:00.0004125
Activity.Tags:
    server.address: localhost
    http.request.method: GET
    url.scheme: http
    url.path: /api/people
    network.protocol.version: 1.1
    http.route: api/People
    http.response.status_code: 200
Resource associated with Activity:
    deployment.environment: Testing
    service.name: Crud.Api
    service.version: 1.0.0
    service.instance.id: a483e3f3-32ea-4a50-a508-2cd77b6b2522
    telemetry.sdk.name: opentelemetry
    telemetry.sdk.language: dotnet
    telemetry.sdk.version: 1.8.1
[03:42:55 DBG] Cache hit for key: list:person {"SourceContext": "Infrastructure.Services.Caching.InMemoryCacheService", "ActionId": "7828d9b9-9ad8-4227-88c7-3256465f6c61", "ActionName": "Api.Controllers.PeopleController.List (Api)", "RequestId": "0HNFGSKFKDJH9", "RequestPath": "/api/people", "Application": "Crud.Api"}
[03:42:55 DBG] Returning 304 Not Modified for /api/people (ETag match) {"SourceContext": "Api.Middleware.ConditionalRequestMiddleware", "RequestId": "0HNFGSKFKDJH9", "RequestPath": "/api/people", "Application": "Crud.Api"}
Activity.TraceId:            5a19ada1fddd16dffc3619e542ebbee6
Activity.SpanId:             8d54ce372b14051d
Activity.TraceFlags:         Recorded
Activity.ActivitySourceName: Microsoft.AspNetCore
Activity.DisplayName:        GET api/People
Activity.Kind:               Server
Activity.StartTime:          2025-09-11T03:42:55.5664464Z
Activity.Duration:           00:00:00.0016119
Activity.Tags:
    server.address: localhost
    http.request.method: GET
    url.scheme: http
    url.path: /api/people
    network.protocol.version: 1.1
    http.route: api/People
    http.response.status_code: 304
Resource associated with Activity:
    deployment.environment: Testing
    service.name: Crud.Api
    service.version: 1.0.0
    service.instance.id: a483e3f3-32ea-4a50-a508-2cd77b6b2522
    telemetry.sdk.name: opentelemetry
    telemetry.sdk.language: dotnet
    telemetry.sdk.version: 1.8.1
[03:42:55 DBG] Removed cache value for key: entity:person:580118d2072a4aab9825e6dffb5e00e5 {"SourceContext": "Infrastructure.Services.Caching.InMemoryCacheService", "ActionId": "50485afe-ada7-4ca3-8692-fda0f079153d", "ActionName": "Api.Controllers.PeopleController.Create (Api)", "RequestId": "0HNFGSKFKDJHA", "RequestPath": "/api/people", "Application": "Crud.Api"}
[03:42:55 DBG] Removed cache value for key: list:person {"SourceContext": "Infrastructure.Services.Caching.InMemoryCacheService", "ActionId": "50485afe-ada7-4ca3-8692-fda0f079153d", "ActionName": "Api.Controllers.PeopleController.Create (Api)", "RequestId": "0HNFGSKFKDJHA", "RequestPath": "/api/people", "Application": "Crud.Api"}
[03:42:55 DBG] Invalidating cache for entity type: people with tag: people {"SourceContext": "Api.Services.OutputCacheInvalidationService", "ActionId": "50485afe-ada7-4ca3-8692-fda0f079153d", "ActionName": "Api.Controllers.PeopleController.Create (Api)", "RequestId": "0HNFGSKFKDJHA", "RequestPath": "/api/people", "Application": "Crud.Api"}
[03:42:55 INF] Successfully invalidated cache for entity type: people {"SourceContext": "Api.Services.OutputCacheInvalidationService", "ActionId": "50485afe-ada7-4ca3-8692-fda0f079153d", "ActionName": "Api.Controllers.PeopleController.Create (Api)", "RequestId": "0HNFGSKFKDJHA", "RequestPath": "/api/people", "Application": "Crud.Api"}
Activity.TraceId:            d5c9d8d250b05436a89a2f2b534311e9
Activity.SpanId:             0fc0b86064fcf9ee
Activity.TraceFlags:         Recorded
Activity.ActivitySourceName: Microsoft.AspNetCore
Activity.DisplayName:        POST api/People
Activity.Kind:               Server
Activity.StartTime:          2025-09-11T03:42:55.5681667Z
Activity.Duration:           00:00:00.0016896
Activity.Tags:
    server.address: localhost
    http.request.method: POST
    url.scheme: http
    url.path: /api/people
    network.protocol.version: 1.1
    http.route: api/People
    http.response.status_code: 201
Resource associated with Activity:
    deployment.environment: Testing
    service.name: Crud.Api
    service.version: 1.0.0
    service.instance.id: a483e3f3-32ea-4a50-a508-2cd77b6b2522
    telemetry.sdk.name: opentelemetry
    telemetry.sdk.language: dotnet
    telemetry.sdk.version: 1.8.1
[03:42:55 DBG] Cache miss for key: list:person {"SourceContext": "Infrastructure.Services.Caching.InMemoryCacheService", "ActionId": "7828d9b9-9ad8-4227-88c7-3256465f6c61", "ActionName": "Api.Controllers.PeopleController.List (Api)", "RequestId": "0HNFGSKFKDJHB", "RequestPath": "/api/people", "Application": "Crud.Api"}
[03:42:55 DBG] Set cache value for key: list:person {"SourceContext": "Infrastructure.Services.Caching.InMemoryCacheService", "ActionId": "7828d9b9-9ad8-4227-88c7-3256465f6c61", "ActionName": "Api.Controllers.PeopleController.List (Api)", "RequestId": "0HNFGSKFKDJHB", "RequestPath": "/api/people", "Application": "Crud.Api"}
Activity.TraceId:            ad90895aae5a813d75189cc707f02579
Activity.SpanId:             d2f80003fbf605ef
Activity.TraceFlags:         Recorded
Activity.ActivitySourceName: Microsoft.AspNetCore
Activity.DisplayName:        GET api/People
Activity.Kind:               Server
Activity.StartTime:          2025-09-11T03:42:55.5699001Z
Activity.Duration:           00:00:00.0007572
Activity.Tags:
    server.address: localhost
    http.request.method: GET
    url.scheme: http
    url.path: /api/people
    network.protocol.version: 1.1
    http.route: api/People
    http.response.status_code: 200
Resource associated with Activity:
    deployment.environment: Testing
    service.name: Crud.Api
    service.version: 1.0.0
    service.instance.id: a483e3f3-32ea-4a50-a508-2cd77b6b2522
    telemetry.sdk.name: opentelemetry
    telemetry.sdk.language: dotnet
    telemetry.sdk.version: 1.8.1
[03:42:55 DBG] Cache hit for key: list:person {"SourceContext": "Infrastructure.Services.Caching.InMemoryCacheService", "ActionId": "7828d9b9-9ad8-4227-88c7-3256465f6c61", "ActionName": "Api.Controllers.PeopleController.List (Api)", "RequestId": "0HNFGSKFKDJHC", "RequestPath": "/api/people", "Application": "Crud.Api"}
Activity.TraceId:            379d6f0d4c38ed59ce955704cf2d8a76
Activity.SpanId:             4938a7c284c242f8
Activity.TraceFlags:         Recorded
Activity.ActivitySourceName: Microsoft.AspNetCore
Activity.DisplayName:        GET api/People
Activity.Kind:               Server
Activity.StartTime:          2025-09-11T03:42:55.5707265Z
Activity.Duration:           00:00:00.0002855
Activity.Tags:
    server.address: localhost
    http.request.method: GET
    url.scheme: http
    url.path: /api/people
    network.protocol.version: 1.1
    http.route: api/People
    http.response.status_code: 200
Resource associated with Activity:
    deployment.environment: Testing
    service.name: Crud.Api
    service.version: 1.0.0
    service.instance.id: a483e3f3-32ea-4a50-a508-2cd77b6b2522
    telemetry.sdk.name: opentelemetry
    telemetry.sdk.language: dotnet
    telemetry.sdk.version: 1.8.1
[03:42:55 INF] Resetting database for worker 21067 {"SourceContext": "Infrastructure.Services.DatabaseTestService", "Application": "Crud.Api"}
[03:42:55 INF] Resetting database via file deletion for worker 21067 in CI environment {"SourceContext": "Infrastructure.Services.DatabaseTestService", "Application": "Crud.Api"}
[03:42:55 INF] Acquiring database mutex for worker 21067... {"SourceContext": "Infrastructure.Services.DatabaseTestService", "Application": "Crud.Api"}
[03:42:55 INF] Database mutex acquired for worker 21067 {"SourceContext": "Infrastructure.Services.DatabaseTestService", "Application": "Crud.Api"}
[03:42:55 INF] Current database state - CanConnect: True {"SourceContext": "Infrastructure.Services.DatabaseTestService", "Application": "Crud.Api"}
[03:42:55 INF] [Phase 0] Closing database connection for worker 21067... {"SourceContext": "Infrastructure.Services.DatabaseTestService", "Application": "Crud.Api"}
[03:42:55 INF] [Phase 0] Connection closed in 0.0006ms {"SourceContext": "Infrastructure.Services.DatabaseTestService", "Application": "Crud.Api"}
[03:42:55 INF] [Phase 1] Starting EnsureDeletedAsync for worker 21067... {"SourceContext": "Infrastructure.Services.DatabaseTestService", "Application": "Crud.Api"}
[03:42:55 INF] [Phase 1] EnsureDeletedAsync completed in 1.2341ms {"SourceContext": "Infrastructure.Services.DatabaseTestService", "Application": "Crud.Api"}
[03:42:55 INF] [Phase 2] Starting EnsureCreatedAsync for worker 21067... {"SourceContext": "Infrastructure.Services.DatabaseTestService", "Application": "Crud.Api"}
[03:42:55 INF] [Phase 2] EnsureCreatedAsync completed in 7.0379ms {"SourceContext": "Infrastructure.Services.DatabaseTestService", "Application": "Crud.Api"}
[03:42:55 INF] [Phase 3] Skipping database seeding as requested for worker 21067 {"SourceContext": "Infrastructure.Services.DatabaseTestService", "Application": "Crud.Api"}
[03:42:55 INF] Database reset via file deletion completed for worker 21067 in 108.3208ms (Close: 0.0006ms, Delete: 1.2341ms, Create: 7.0379ms) {"SourceContext": "Infrastructure.Services.DatabaseTestService", "Application": "Crud.Api"}
[03:42:55 INF] Releasing database mutex for worker 21067 {"SourceContext": "Infrastructure.Services.DatabaseTestService", "Application": "Crud.Api"}
[03:42:55 INF] Resetting database for worker 21067 {"SourceContext": "Infrastructure.Services.DatabaseTestService", "Application": "Crud.Api"}
[03:42:55 INF] Resetting database via file deletion for worker 21067 in CI environment {"SourceContext": "Infrastructure.Services.DatabaseTestService", "Application": "Crud.Api"}
[03:42:55 INF] Acquiring database mutex for worker 21067... {"SourceContext": "Infrastructure.Services.DatabaseTestService", "Application": "Crud.Api"}
[03:42:55 INF] Database mutex acquired for worker 21067 {"SourceContext": "Infrastructure.Services.DatabaseTestService", "Application": "Crud.Api"}
[03:42:55 INF] Current database state - CanConnect: True {"SourceContext": "Infrastructure.Services.DatabaseTestService", "Application": "Crud.Api"}
[03:42:55 INF] [Phase 0] Closing database connection for worker 21067... {"SourceContext": "Infrastructure.Services.DatabaseTestService", "Application": "Crud.Api"}
[03:42:55 INF] [Phase 0] Connection closed in 0.0006ms {"SourceContext": "Infrastructure.Services.DatabaseTestService", "Application": "Crud.Api"}
[03:42:55 INF] [Phase 1] Starting EnsureDeletedAsync for worker 21067... {"SourceContext": "Infrastructure.Services.DatabaseTestService", "Application": "Crud.Api"}
[03:42:55 INF] [Phase 1] EnsureDeletedAsync completed in 1.0734ms {"SourceContext": "Infrastructure.Services.DatabaseTestService", "Application": "Crud.Api"}
[03:42:55 INF] [Phase 2] Starting EnsureCreatedAsync for worker 21067... {"SourceContext": "Infrastructure.Services.DatabaseTestService", "Application": "Crud.Api"}
[03:42:55 INF] [Phase 2] EnsureCreatedAsync completed in 6.47ms {"SourceContext": "Infrastructure.Services.DatabaseTestService", "Application": "Crud.Api"}
[03:42:55 INF] [Phase 3] Skipping database seeding as requested for worker 21067 {"SourceContext": "Infrastructure.Services.DatabaseTestService", "Application": "Crud.Api"}
[03:42:55 INF] Database reset via file deletion completed for worker 21067 in 108.1897ms (Close: 0.0006ms, Delete: 1.0734ms, Create: 6.47ms) {"SourceContext": "Infrastructure.Services.DatabaseTestService", "Application": "Crud.Api"}
[03:42:55 INF] Releasing database mutex for worker 21067 {"SourceContext": "Infrastructure.Services.DatabaseTestService", "Application": "Crud.Api"}
[03:42:56 INF] User registered successfully: 38b72010-9f98-4012-bda7-d8482dd75100 {"SourceContext": "App.Features.Authentication.RegisterUserCommandHandler", "ActionId": "eb940ceb-2629-4483-bccf-2e403f91c096", "ActionName": "Api.Controllers.AuthController.Register (Api)", "RequestId": "0HNFGSKFKDJHD", "RequestPath": "/api/auth/register", "Application": "Crud.Api"}
Activity.TraceId:            74ccaa7563b5f9ab48b0a8f6f6946ffe
Activity.SpanId:             9f85bfe34e14422c
Activity.TraceFlags:         Recorded
Activity.ActivitySourceName: Microsoft.AspNetCore
Activity.DisplayName:        POST api/Auth/register
Activity.Kind:               Server
Activity.StartTime:          2025-09-11T03:42:55.7914276Z
Activity.Duration:           00:00:00.3295688
Activity.Tags:
    server.address: localhost
    http.request.method: POST
    url.scheme: http
    url.path: /api/auth/register
    network.protocol.version: 1.1
    http.route: api/Auth/register
    http.response.status_code: 200
Resource associated with Activity:
    deployment.environment: Testing
    service.name: Crud.Api
    service.version: 1.0.0
    service.instance.id: a483e3f3-32ea-4a50-a508-2cd77b6b2522
    telemetry.sdk.name: opentelemetry
    telemetry.sdk.language: dotnet
    telemetry.sdk.version: 1.8.1
[03:42:56 DBG] Cache hit for key: list:wall {"SourceContext": "Infrastructure.Services.Caching.InMemoryCacheService", "ActionId": "c5fad773-c77d-4fa0-a4d9-ffe6c7d2b331", "ActionName": "Api.Controllers.WallsController.List (Api)", "RequestId": "0HNFGSKFKDJHE", "RequestPath": "/api/walls", "Application": "Crud.Api"}
Activity.TraceId:            5912ee6286b49baf3e903bedfd42064a
Activity.SpanId:             a23137a58dedb192
Activity.TraceFlags:         Recorded
Activity.ActivitySourceName: Microsoft.AspNetCore
Activity.DisplayName:        GET api/Walls
Activity.Kind:               Server
Activity.StartTime:          2025-09-11T03:42:56.1214792Z
Activity.Duration:           00:00:00.0017758
Activity.Tags:
    server.address: localhost
    http.request.method: GET
    url.scheme: http
    url.path: /api/walls
    network.protocol.version: 1.1
    http.route: api/Walls
    http.response.status_code: 200
Resource associated with Activity:
    deployment.environment: Testing
    service.name: Crud.Api
    service.version: 1.0.0
    service.instance.id: a483e3f3-32ea-4a50-a508-2cd77b6b2522
    telemetry.sdk.name: opentelemetry
    telemetry.sdk.language: dotnet
    telemetry.sdk.version: 1.8.1
[03:42:56 INF] Resetting database for worker 21067 {"SourceContext": "Infrastructure.Services.DatabaseTestService", "Application": "Crud.Api"}
[03:42:56 INF] Resetting database via file deletion for worker 21067 in CI environment {"SourceContext": "Infrastructure.Services.DatabaseTestService", "Application": "Crud.Api"}
[03:42:56 INF] Acquiring database mutex for worker 21067... {"SourceContext": "Infrastructure.Services.DatabaseTestService", "Application": "Crud.Api"}
[03:42:56 INF] Database mutex acquired for worker 21067 {"SourceContext": "Infrastructure.Services.DatabaseTestService", "Application": "Crud.Api"}
[03:42:56 INF] Current database state - CanConnect: True {"SourceContext": "Infrastructure.Services.DatabaseTestService", "Application": "Crud.Api"}
[03:42:56 INF] [Phase 0] Closing database connection for worker 21067... {"SourceContext": "Infrastructure.Services.DatabaseTestService", "Application": "Crud.Api"}
[03:42:56 INF] [Phase 0] Connection closed in 0.0009ms {"SourceContext": "Infrastructure.Services.DatabaseTestService", "Application": "Crud.Api"}
[03:42:56 INF] [Phase 1] Starting EnsureDeletedAsync for worker 21067... {"SourceContext": "Infrastructure.Services.DatabaseTestService", "Application": "Crud.Api"}
[03:42:56 INF] [Phase 1] EnsureDeletedAsync completed in 1.5256ms {"SourceContext": "Infrastructure.Services.DatabaseTestService", "Application": "Crud.Api"}
[03:42:56 INF] [Phase 2] Starting EnsureCreatedAsync for worker 21067... {"SourceContext": "Infrastructure.Services.DatabaseTestService", "Application": "Crud.Api"}
[03:42:56 INF] [Phase 2] EnsureCreatedAsync completed in 6.7002ms {"SourceContext": "Infrastructure.Services.DatabaseTestService", "Application": "Crud.Api"}
[03:42:56 INF] [Phase 3] Skipping database seeding as requested for worker 21067 {"SourceContext": "Infrastructure.Services.DatabaseTestService", "Application": "Crud.Api"}
[03:42:56 INF] Database reset via file deletion completed for worker 21067 in 108.5631ms (Close: 0.0009ms, Delete: 1.5256ms, Create: 6.7002ms) {"SourceContext": "Infrastructure.Services.DatabaseTestService", "Application": "Crud.Api"}
[03:42:56 INF] Releasing database mutex for worker 21067 {"SourceContext": "Infrastructure.Services.DatabaseTestService", "Application": "Crud.Api"}
[03:42:56 INF] Resetting database for worker 21067 {"SourceContext": "Infrastructure.Services.DatabaseTestService", "Application": "Crud.Api"}
[03:42:56 INF] Resetting database via file deletion for worker 21067 in CI environment {"SourceContext": "Infrastructure.Services.DatabaseTestService", "Application": "Crud.Api"}
[03:42:56 INF] Acquiring database mutex for worker 21067... {"SourceContext": "Infrastructure.Services.DatabaseTestService", "Application": "Crud.Api"}
[03:42:56 INF] Database mutex acquired for worker 21067 {"SourceContext": "Infrastructure.Services.DatabaseTestService", "Application": "Crud.Api"}
[03:42:56 INF] Current database state - CanConnect: True {"SourceContext": "Infrastructure.Services.DatabaseTestService", "Application": "Crud.Api"}
[03:42:56 INF] [Phase 0] Closing database connection for worker 21067... {"SourceContext": "Infrastructure.Services.DatabaseTestService", "Application": "Crud.Api"}
[03:42:56 INF] [Phase 0] Connection closed in 0.0006ms {"SourceContext": "Infrastructure.Services.DatabaseTestService", "Application": "Crud.Api"}
[03:42:56 INF] [Phase 1] Starting EnsureDeletedAsync for worker 21067... {"SourceContext": "Infrastructure.Services.DatabaseTestService", "Application": "Crud.Api"}
[03:42:56 INF] [Phase 1] EnsureDeletedAsync completed in 1.0654ms {"SourceContext": "Infrastructure.Services.DatabaseTestService", "Application": "Crud.Api"}
[03:42:56 INF] [Phase 2] Starting EnsureCreatedAsync for worker 21067... {"SourceContext": "Infrastructure.Services.DatabaseTestService", "Application": "Crud.Api"}
[03:42:56 INF] [Phase 2] EnsureCreatedAsync completed in 6.63ms {"SourceContext": "Infrastructure.Services.DatabaseTestService", "Application": "Crud.Api"}
[03:42:56 INF] [Phase 3] Skipping database seeding as requested for worker 21067 {"SourceContext": "Infrastructure.Services.DatabaseTestService", "Application": "Crud.Api"}
[03:42:56 INF] Database reset via file deletion completed for worker 21067 in 108.2025ms (Close: 0.0006ms, Delete: 1.0654ms, Create: 6.63ms) {"SourceContext": "Infrastructure.Services.DatabaseTestService", "Application": "Crud.Api"}
[03:42:56 INF] Releasing database mutex for worker 21067 {"SourceContext": "Infrastructure.Services.DatabaseTestService", "Application": "Crud.Api"}
[03:42:56 INF] User registered successfully: ebd70234-4a57-4ac8-96de-c8210398e9e2 {"SourceContext": "App.Features.Authentication.RegisterUserCommandHandler", "ActionId": "eb940ceb-2629-4483-bccf-2e403f91c096", "ActionName": "Api.Controllers.AuthController.Register (Api)", "RequestId": "0HNFGSKFKDJHF", "RequestPath": "/api/auth/register", "Application": "Crud.Api"}
Activity.TraceId:            79fef1146001f8ceb8c93778ca68000b
Activity.SpanId:             1e2f64171c28ce4b
Activity.TraceFlags:         Recorded
Activity.ActivitySourceName: Microsoft.AspNetCore
Activity.DisplayName:        POST api/Auth/register
Activity.Kind:               Server
Activity.StartTime:          2025-09-11T03:42:56.3434876Z
Activity.Duration:           00:00:00.2979410
Activity.Tags:
    server.address: localhost
    http.request.method: POST
    url.scheme: http
    url.path: /api/auth/register
    network.protocol.version: 1.1
    http.route: api/Auth/register
    http.response.status_code: 200
Resource associated with Activity:
    deployment.environment: Testing
    service.name: Crud.Api
    service.version: 1.0.0
    service.instance.id: a483e3f3-32ea-4a50-a508-2cd77b6b2522
    telemetry.sdk.name: opentelemetry
    telemetry.sdk.language: dotnet
    telemetry.sdk.version: 1.8.1
[03:42:56 DBG] Cache hit for key: list:role {"SourceContext": "Infrastructure.Services.Caching.InMemoryCacheService", "ActionId": "4697bef9-7589-42c9-abd6-5e6059affa09", "ActionName": "Api.Controllers.RolesController.List (Api)", "RequestId": "0HNFGSKFKDJHG", "RequestPath": "/api/roles", "Application": "Crud.Api"}
Activity.TraceId:            9f528628209a30967306d0f316a806a7
Activity.SpanId:             da9ef560f71ecda8
Activity.TraceFlags:         Recorded
Activity.ActivitySourceName: Microsoft.AspNetCore
Activity.DisplayName:        GET api/Roles
Activity.Kind:               Server
Activity.StartTime:          2025-09-11T03:42:56.6416097Z
Activity.Duration:           00:00:00.0004292
Activity.Tags:
    server.address: localhost
    http.request.method: GET
    url.scheme: http
    url.path: /api/roles
    network.protocol.version: 1.1
    http.route: api/Roles
    http.response.status_code: 200
Resource associated with Activity:
    deployment.environment: Testing
    service.name: Crud.Api
    service.version: 1.0.0
    service.instance.id: a483e3f3-32ea-4a50-a508-2cd77b6b2522
    telemetry.sdk.name: opentelemetry
    telemetry.sdk.language: dotnet
    telemetry.sdk.version: 1.8.1
[03:42:56 INF] Resetting database for worker 21067 {"SourceContext": "Infrastructure.Services.DatabaseTestService", "Application": "Crud.Api"}
[03:42:56 INF] Resetting database via file deletion for worker 21067 in CI environment {"SourceContext": "Infrastructure.Services.DatabaseTestService", "Application": "Crud.Api"}
[03:42:56 INF] Acquiring database mutex for worker 21067... {"SourceContext": "Infrastructure.Services.DatabaseTestService", "Application": "Crud.Api"}
[03:42:56 INF] Database mutex acquired for worker 21067 {"SourceContext": "Infrastructure.Services.DatabaseTestService", "Application": "Crud.Api"}
[03:42:56 INF] Current database state - CanConnect: True {"SourceContext": "Infrastructure.Services.DatabaseTestService", "Application": "Crud.Api"}
[03:42:56 INF] [Phase 0] Closing database connection for worker 21067... {"SourceContext": "Infrastructure.Services.DatabaseTestService", "Application": "Crud.Api"}
[03:42:56 INF] [Phase 0] Connection closed in 0.0007ms {"SourceContext": "Infrastructure.Services.DatabaseTestService", "Application": "Crud.Api"}
[03:42:56 INF] [Phase 1] Starting EnsureDeletedAsync for worker 21067... {"SourceContext": "Infrastructure.Services.DatabaseTestService", "Application": "Crud.Api"}
[03:42:56 INF] [Phase 1] EnsureDeletedAsync completed in 1.2396ms {"SourceContext": "Infrastructure.Services.DatabaseTestService", "Application": "Crud.Api"}
[03:42:56 INF] [Phase 2] Starting EnsureCreatedAsync for worker 21067... {"SourceContext": "Infrastructure.Services.DatabaseTestService", "Application": "Crud.Api"}
[03:42:56 INF] [Phase 2] EnsureCreatedAsync completed in 7.2162ms {"SourceContext": "Infrastructure.Services.DatabaseTestService", "Application": "Crud.Api"}
[03:42:56 INF] [Phase 3] Skipping database seeding as requested for worker 21067 {"SourceContext": "Infrastructure.Services.DatabaseTestService", "Application": "Crud.Api"}
[03:42:56 INF] Database reset via file deletion completed for worker 21067 in 109.2027ms (Close: 0.0007ms, Delete: 1.2396ms, Create: 7.2162ms) {"SourceContext": "Infrastructure.Services.DatabaseTestService", "Application": "Crud.Api"}
[03:42:56 INF] Releasing database mutex for worker 21067 {"SourceContext": "Infrastructure.Services.DatabaseTestService", "Application": "Crud.Api"}
[03:42:56 INF] Resetting database for worker 21067 {"SourceContext": "Infrastructure.Services.DatabaseTestService", "Application": "Crud.Api"}
[03:42:56 INF] Resetting database via file deletion for worker 21067 in CI environment {"SourceContext": "Infrastructure.Services.DatabaseTestService", "Application": "Crud.Api"}
[03:42:56 INF] Acquiring database mutex for worker 21067... {"SourceContext": "Infrastructure.Services.DatabaseTestService", "Application": "Crud.Api"}
[03:42:56 INF] Database mutex acquired for worker 21067 {"SourceContext": "Infrastructure.Services.DatabaseTestService", "Application": "Crud.Api"}
[03:42:56 INF] Current database state - CanConnect: True {"SourceContext": "Infrastructure.Services.DatabaseTestService", "Application": "Crud.Api"}
[03:42:56 INF] [Phase 0] Closing database connection for worker 21067... {"SourceContext": "Infrastructure.Services.DatabaseTestService", "Application": "Crud.Api"}
[03:42:56 INF] [Phase 0] Connection closed in 0.0006ms {"SourceContext": "Infrastructure.Services.DatabaseTestService", "Application": "Crud.Api"}
[03:42:56 INF] [Phase 1] Starting EnsureDeletedAsync for worker 21067... {"SourceContext": "Infrastructure.Services.DatabaseTestService", "Application": "Crud.Api"}
[03:42:56 INF] [Phase 1] EnsureDeletedAsync completed in 1.1211ms {"SourceContext": "Infrastructure.Services.DatabaseTestService", "Application": "Crud.Api"}
[03:42:56 INF] [Phase 2] Starting EnsureCreatedAsync for worker 21067... {"SourceContext": "Infrastructure.Services.DatabaseTestService", "Application": "Crud.Api"}
[03:42:56 INF] [Phase 2] EnsureCreatedAsync completed in 7.2587ms {"SourceContext": "Infrastructure.Services.DatabaseTestService", "Application": "Crud.Api"}
[03:42:56 INF] [Phase 3] Skipping database seeding as requested for worker 21067 {"SourceContext": "Infrastructure.Services.DatabaseTestService", "Application": "Crud.Api"}
[03:42:56 INF] Database reset via file deletion completed for worker 21067 in 109.1437ms (Close: 0.0006ms, Delete: 1.1211ms, Create: 7.2587ms) {"SourceContext": "Infrastructure.Services.DatabaseTestService", "Application": "Crud.Api"}
[03:42:56 INF] Releasing database mutex for worker 21067 {"SourceContext": "Infrastructure.Services.DatabaseTestService", "Application": "Crud.Api"}
[03:42:57 INF] User registered successfully: 3e01ada3-e18a-433b-a950-808fb44ab44a {"SourceContext": "App.Features.Authentication.RegisterUserCommandHandler", "ActionId": "eb940ceb-2629-4483-bccf-2e403f91c096", "ActionName": "Api.Controllers.AuthController.Register (Api)", "RequestId": "0HNFGSKFKDJHH", "RequestPath": "/api/auth/register", "Application": "Crud.Api"}
Activity.TraceId:            cb32edaa897e47888b17bf7f8c43f572
Activity.SpanId:             2e804692daca8d3d
Activity.TraceFlags:         Recorded
Activity.ActivitySourceName: Microsoft.AspNetCore
Activity.DisplayName:        POST api/Auth/register
Activity.Kind:               Server
Activity.StartTime:          2025-09-11T03:42:56.8644548Z
Activity.Duration:           00:00:00.2984547
Activity.Tags:
    server.address: localhost
    http.request.method: POST
    url.scheme: http
    url.path: /api/auth/register
    network.protocol.version: 1.1
    http.route: api/Auth/register
    http.response.status_code: 200
Resource associated with Activity:
    deployment.environment: Testing
    service.name: Crud.Api
    service.version: 1.0.0
    service.instance.id: a483e3f3-32ea-4a50-a508-2cd77b6b2522
    telemetry.sdk.name: opentelemetry
    telemetry.sdk.language: dotnet
    telemetry.sdk.version: 1.8.1
[03:42:57 DBG] Cache miss for key: list:window {"SourceContext": "Infrastructure.Services.Caching.InMemoryCacheService", "ActionId": "f2c3f341-9703-4e78-aa69-9858efd20e0f", "ActionName": "Api.Controllers.WindowsController.List (Api)", "RequestId": "0HNFGSKFKDJHI", "RequestPath": "/api/windows", "Application": "Crud.Api"}
[03:42:57 DBG] Set cache value for key: list:window {"SourceContext": "Infrastructure.Services.Caching.InMemoryCacheService", "ActionId": "f2c3f341-9703-4e78-aa69-9858efd20e0f", "ActionName": "Api.Controllers.WindowsController.List (Api)", "RequestId": "0HNFGSKFKDJHI", "RequestPath": "/api/windows", "Application": "Crud.Api"}
Activity.TraceId:            6c10942689390ed04403f71cca278271
Activity.SpanId:             62b301625e26c615
Activity.TraceFlags:         Recorded
Activity.ActivitySourceName: Microsoft.AspNetCore
Activity.DisplayName:        GET api/Windows
Activity.Kind:               Server
Activity.StartTime:          2025-09-11T03:42:57.1631059Z
Activity.Duration:           00:00:00.0101315
Activity.Tags:
    server.address: localhost
    http.request.method: GET
    url.scheme: http
    url.path: /api/windows
    network.protocol.version: 1.1
    http.route: api/Windows
    http.response.status_code: 200
Resource associated with Activity:
    deployment.environment: Testing
    service.name: Crud.Api
    service.version: 1.0.0
    service.instance.id: a483e3f3-32ea-4a50-a508-2cd77b6b2522
    telemetry.sdk.name: opentelemetry
    telemetry.sdk.language: dotnet
    telemetry.sdk.version: 1.8.1
[03:42:57 INF] Resetting database for worker 21067 {"SourceContext": "Infrastructure.Services.DatabaseTestService", "Application": "Crud.Api"}
[03:42:57 INF] Resetting database via file deletion for worker 21067 in CI environment {"SourceContext": "Infrastructure.Services.DatabaseTestService", "Application": "Crud.Api"}
[03:42:57 INF] Acquiring database mutex for worker 21067... {"SourceContext": "Infrastructure.Services.DatabaseTestService", "Application": "Crud.Api"}
[03:42:57 INF] Database mutex acquired for worker 21067 {"SourceContext": "Infrastructure.Services.DatabaseTestService", "Application": "Crud.Api"}
[03:42:57 INF] Current database state - CanConnect: True {"SourceContext": "Infrastructure.Services.DatabaseTestService", "Application": "Crud.Api"}
[03:42:57 INF] [Phase 0] Closing database connection for worker 21067... {"SourceContext": "Infrastructure.Services.DatabaseTestService", "Application": "Crud.Api"}
[03:42:57 INF] [Phase 0] Connection closed in 0.0007ms {"SourceContext": "Infrastructure.Services.DatabaseTestService", "Application": "Crud.Api"}
[03:42:57 INF] [Phase 1] Starting EnsureDeletedAsync for worker 21067... {"SourceContext": "Infrastructure.Services.DatabaseTestService", "Application": "Crud.Api"}
[03:42:57 INF] [Phase 1] EnsureDeletedAsync completed in 1.5211ms {"SourceContext": "Infrastructure.Services.DatabaseTestService", "Application": "Crud.Api"}
[03:42:57 INF] [Phase 2] Starting EnsureCreatedAsync for worker 21067... {"SourceContext": "Infrastructure.Services.DatabaseTestService", "Application": "Crud.Api"}
[03:42:57 INF] [Phase 2] EnsureCreatedAsync completed in 8.2462ms {"SourceContext": "Infrastructure.Services.DatabaseTestService", "Application": "Crud.Api"}
[03:42:57 INF] [Phase 3] Skipping database seeding as requested for worker 21067 {"SourceContext": "Infrastructure.Services.DatabaseTestService", "Application": "Crud.Api"}
[03:42:57 INF] Database reset via file deletion completed for worker 21067 in 110.5389ms (Close: 0.0007ms, Delete: 1.5211ms, Create: 8.2462ms) {"SourceContext": "Infrastructure.Services.DatabaseTestService", "Application": "Crud.Api"}
[03:42:57 INF] Releasing database mutex for worker 21067 {"SourceContext": "Infrastructure.Services.DatabaseTestService", "Application": "Crud.Api"}
[03:42:57 INF] Resetting database for worker 21067 {"SourceContext": "Infrastructure.Services.DatabaseTestService", "Application": "Crud.Api"}
[03:42:57 INF] Resetting database via file deletion for worker 21067 in CI environment {"SourceContext": "Infrastructure.Services.DatabaseTestService", "Application": "Crud.Api"}
[03:42:57 INF] Acquiring database mutex for worker 21067... {"SourceContext": "Infrastructure.Services.DatabaseTestService", "Application": "Crud.Api"}
[03:42:57 INF] Database mutex acquired for worker 21067 {"SourceContext": "Infrastructure.Services.DatabaseTestService", "Application": "Crud.Api"}
[03:42:57 INF] Current database state - CanConnect: True {"SourceContext": "Infrastructure.Services.DatabaseTestService", "Application": "Crud.Api"}
[03:42:57 INF] [Phase 0] Closing database connection for worker 21067... {"SourceContext": "Infrastructure.Services.DatabaseTestService", "Application": "Crud.Api"}
[03:42:57 INF] [Phase 0] Connection closed in 0.0005ms {"SourceContext": "Infrastructure.Services.DatabaseTestService", "Application": "Crud.Api"}
[03:42:57 INF] [Phase 1] Starting EnsureDeletedAsync for worker 21067... {"SourceContext": "Infrastructure.Services.DatabaseTestService", "Application": "Crud.Api"}
[03:42:57 INF] [Phase 1] EnsureDeletedAsync completed in 1.3004ms {"SourceContext": "Infrastructure.Services.DatabaseTestService", "Application": "Crud.Api"}
[03:42:57 INF] [Phase 2] Starting EnsureCreatedAsync for worker 21067... {"SourceContext": "Infrastructure.Services.DatabaseTestService", "Application": "Crud.Api"}
[03:42:57 INF] [Phase 2] EnsureCreatedAsync completed in 7.1839ms {"SourceContext": "Infrastructure.Services.DatabaseTestService", "Application": "Crud.Api"}
[03:42:57 INF] [Phase 3] Skipping database seeding as requested for worker 21067 {"SourceContext": "Infrastructure.Services.DatabaseTestService", "Application": "Crud.Api"}
[03:42:57 INF] Database reset via file deletion completed for worker 21067 in 108.4876ms (Close: 0.0005ms, Delete: 1.3004ms, Create: 7.1839ms) {"SourceContext": "Infrastructure.Services.DatabaseTestService", "Application": "Crud.Api"}
[03:42:57 INF] Releasing database mutex for worker 21067 {"SourceContext": "Infrastructure.Services.DatabaseTestService", "Application": "Crud.Api"}
[03:42:57 INF] User registered successfully: a3999995-ea36-4e34-a8c9-dd09723cd6de {"SourceContext": "App.Features.Authentication.RegisterUserCommandHandler", "ActionId": "eb940ceb-2629-4483-bccf-2e403f91c096", "ActionName": "Api.Controllers.AuthController.Register (Api)", "RequestId": "0HNFGSKFKDJHJ", "RequestPath": "/api/auth/register", "Application": "Crud.Api"}
Activity.TraceId:            ba9a1f53225471a91577e96d7af10282
Activity.SpanId:             de3d400934c71349
Activity.TraceFlags:         Recorded
Activity.ActivitySourceName: Microsoft.AspNetCore
Activity.DisplayName:        POST api/Auth/register
Activity.Kind:               Server
Activity.StartTime:          2025-09-11T03:42:57.3955574Z
Activity.Duration:           00:00:00.2982428
Activity.Tags:
    server.address: localhost
    http.request.method: POST
    url.scheme: http
    url.path: /api/auth/register
    network.protocol.version: 1.1
    http.route: api/Auth/register
    http.response.status_code: 200
Resource associated with Activity:
    deployment.environment: Testing
    service.name: Crud.Api
    service.version: 1.0.0
    service.instance.id: a483e3f3-32ea-4a50-a508-2cd77b6b2522
    telemetry.sdk.name: opentelemetry
    telemetry.sdk.language: dotnet
    telemetry.sdk.version: 1.8.1
[03:42:57 DBG] Cache hit for key: list:person {"SourceContext": "Infrastructure.Services.Caching.InMemoryCacheService", "ActionId": "7828d9b9-9ad8-4227-88c7-3256465f6c61", "ActionName": "Api.Controllers.PeopleController.List (Api)", "RequestId": "0HNFGSKFKDJHK", "RequestPath": "/api/people", "Application": "Crud.Api"}
Activity.TraceId:            55f8b58e3a759f9bff9d67c5e3b6cf82
Activity.SpanId:             a05d83395bd8923b
Activity.TraceFlags:         Recorded
Activity.ActivitySourceName: Microsoft.AspNetCore
Activity.DisplayName:        GET api/People
Activity.Kind:               Server
Activity.StartTime:          2025-09-11T03:42:57.6939464Z
Activity.Duration:           00:00:00.0005475
Activity.Tags:
    server.address: localhost
    http.request.method: GET
    url.scheme: http
    url.path: /api/people
    network.protocol.version: 1.1
    http.route: api/People
    http.response.status_code: 200
Resource associated with Activity:
    deployment.environment: Testing
    service.name: Crud.Api
    service.version: 1.0.0
    service.instance.id: a483e3f3-32ea-4a50-a508-2cd77b6b2522
    telemetry.sdk.name: opentelemetry
    telemetry.sdk.language: dotnet
    telemetry.sdk.version: 1.8.1
[03:42:57 INF] Resetting database for worker 21067 {"SourceContext": "Infrastructure.Services.DatabaseTestService", "Application": "Crud.Api"}
[03:42:57 INF] Resetting database via file deletion for worker 21067 in CI environment {"SourceContext": "Infrastructure.Services.DatabaseTestService", "Application": "Crud.Api"}
[03:42:57 INF] Acquiring database mutex for worker 21067... {"SourceContext": "Infrastructure.Services.DatabaseTestService", "Application": "Crud.Api"}
[03:42:57 INF] Database mutex acquired for worker 21067 {"SourceContext": "Infrastructure.Services.DatabaseTestService", "Application": "Crud.Api"}
[03:42:57 INF] Current database state - CanConnect: True {"SourceContext": "Infrastructure.Services.DatabaseTestService", "Application": "Crud.Api"}
[03:42:57 INF] [Phase 0] Closing database connection for worker 21067... {"SourceContext": "Infrastructure.Services.DatabaseTestService", "Application": "Crud.Api"}
[03:42:57 INF] [Phase 0] Connection closed in 0.0007ms {"SourceContext": "Infrastructure.Services.DatabaseTestService", "Application": "Crud.Api"}
[03:42:57 INF] [Phase 1] Starting EnsureDeletedAsync for worker 21067... {"SourceContext": "Infrastructure.Services.DatabaseTestService", "Application": "Crud.Api"}
[03:42:57 INF] [Phase 1] EnsureDeletedAsync completed in 1.4797ms {"SourceContext": "Infrastructure.Services.DatabaseTestService", "Application": "Crud.Api"}
[03:42:57 INF] [Phase 2] Starting EnsureCreatedAsync for worker 21067... {"SourceContext": "Infrastructure.Services.DatabaseTestService", "Application": "Crud.Api"}
[03:42:57 INF] [Phase 2] EnsureCreatedAsync completed in 7.0424ms {"SourceContext": "Infrastructure.Services.DatabaseTestService", "Application": "Crud.Api"}
[03:42:57 INF] [Phase 3] Skipping database seeding as requested for worker 21067 {"SourceContext": "Infrastructure.Services.DatabaseTestService", "Application": "Crud.Api"}
[03:42:57 INF] Database reset via file deletion completed for worker 21067 in 108.6694ms (Close: 0.0007ms, Delete: 1.4797ms, Create: 7.0424ms) {"SourceContext": "Infrastructure.Services.DatabaseTestService", "Application": "Crud.Api"}
[03:42:57 INF] Releasing database mutex for worker 21067 {"SourceContext": "Infrastructure.Services.DatabaseTestService", "Application": "Crud.Api"}
[03:42:57 INF] Resetting database for worker 21067 {"SourceContext": "Infrastructure.Services.DatabaseTestService", "Application": "Crud.Api"}
[03:42:57 INF] Resetting database via file deletion for worker 21067 in CI environment {"SourceContext": "Infrastructure.Services.DatabaseTestService", "Application": "Crud.Api"}
[03:42:57 INF] Acquiring database mutex for worker 21067... {"SourceContext": "Infrastructure.Services.DatabaseTestService", "Application": "Crud.Api"}
[03:42:57 INF] Database mutex acquired for worker 21067 {"SourceContext": "Infrastructure.Services.DatabaseTestService", "Application": "Crud.Api"}
[03:42:57 INF] Current database state - CanConnect: True {"SourceContext": "Infrastructure.Services.DatabaseTestService", "Application": "Crud.Api"}
[03:42:57 INF] [Phase 0] Closing database connection for worker 21067... {"SourceContext": "Infrastructure.Services.DatabaseTestService", "Application": "Crud.Api"}
[03:42:57 INF] [Phase 0] Connection closed in 0.0006ms {"SourceContext": "Infrastructure.Services.DatabaseTestService", "Application": "Crud.Api"}
[03:42:57 INF] [Phase 1] Starting EnsureDeletedAsync for worker 21067... {"SourceContext": "Infrastructure.Services.DatabaseTestService", "Application": "Crud.Api"}
[03:42:57 INF] [Phase 1] EnsureDeletedAsync completed in 1.1483ms {"SourceContext": "Infrastructure.Services.DatabaseTestService", "Application": "Crud.Api"}
[03:42:57 INF] [Phase 2] Starting EnsureCreatedAsync for worker 21067... {"SourceContext": "Infrastructure.Services.DatabaseTestService", "Application": "Crud.Api"}
[03:42:57 INF] [Phase 2] EnsureCreatedAsync completed in 7.2943ms {"SourceContext": "Infrastructure.Services.DatabaseTestService", "Application": "Crud.Api"}
[03:42:57 INF] [Phase 3] Skipping database seeding as requested for worker 21067 {"SourceContext": "Infrastructure.Services.DatabaseTestService", "Application": "Crud.Api"}
[03:42:57 INF] Database reset via file deletion completed for worker 21067 in 108.3662ms (Close: 0.0006ms, Delete: 1.1483ms, Create: 7.2943ms) {"SourceContext": "Infrastructure.Services.DatabaseTestService", "Application": "Crud.Api"}
[03:42:57 INF] Releasing database mutex for worker 21067 {"SourceContext": "Infrastructure.Services.DatabaseTestService", "Application": "Crud.Api"}
[03:42:58 INF] User registered successfully: 55e1c628-9418-4246-b5e7-d42e5d824627 {"SourceContext": "App.Features.Authentication.RegisterUserCommandHandler", "ActionId": "eb940ceb-2629-4483-bccf-2e403f91c096", "ActionName": "Api.Controllers.AuthController.Register (Api)", "RequestId": "0HNFGSKFKDJHL", "RequestPath": "/api/auth/register", "Application": "Crud.Api"}
Activity.TraceId:            0c4bdc1b89fd854b0b9c2bd9697d04fe
Activity.SpanId:             dbf13b41851160be
Activity.TraceFlags:         Recorded
Activity.ActivitySourceName: Microsoft.AspNetCore
Activity.DisplayName:        POST api/Auth/register
Activity.Kind:               Server
Activity.StartTime:          2025-09-11T03:42:57.9166508Z
Activity.Duration:           00:00:00.2982994
Activity.Tags:
    server.address: localhost
    http.request.method: POST
    url.scheme: http
    url.path: /api/auth/register
    network.protocol.version: 1.1
    http.route: api/Auth/register
    http.response.status_code: 200
Resource associated with Activity:
    deployment.environment: Testing
    service.name: Crud.Api
    service.version: 1.0.0
    service.instance.id: a483e3f3-32ea-4a50-a508-2cd77b6b2522
    telemetry.sdk.name: opentelemetry
    telemetry.sdk.language: dotnet
    telemetry.sdk.version: 1.8.1
[03:42:58 DBG] Cache hit for key: list:person {"SourceContext": "Infrastructure.Services.Caching.InMemoryCacheService", "ActionId": "7828d9b9-9ad8-4227-88c7-3256465f6c61", "ActionName": "Api.Controllers.PeopleController.List (Api)", "RequestId": "0HNFGSKFKDJHM", "RequestPath": "/api/people", "Application": "Crud.Api"}
Activity.TraceId:            333a5dd34845e4bdd320878ddbc93df1
Activity.SpanId:             6b242a22eabe1ddb
Activity.TraceFlags:         Recorded
Activity.ActivitySourceName: Microsoft.AspNetCore
Activity.DisplayName:        GET api/People
Activity.Kind:               Server
Activity.StartTime:          2025-09-11T03:42:58.2155909Z
Activity.Duration:           00:00:00.0004726
Activity.Tags:
    server.address: localhost
    http.request.method: GET
    url.scheme: http
    url.path: /api/people
    network.protocol.version: 1.1
    http.route: api/People
    http.response.status_code: 200
Resource associated with Activity:
    deployment.environment: Testing
    service.name: Crud.Api
    service.version: 1.0.0
    service.instance.id: a483e3f3-32ea-4a50-a508-2cd77b6b2522
    telemetry.sdk.name: opentelemetry
    telemetry.sdk.language: dotnet
    telemetry.sdk.version: 1.8.1
[03:42:58 DBG] Cache hit for key: list:person {"SourceContext": "Infrastructure.Services.Caching.InMemoryCacheService", "ActionId": "7828d9b9-9ad8-4227-88c7-3256465f6c61", "ActionName": "Api.Controllers.PeopleController.List (Api)", "RequestId": "0HNFGSKFKDJHN", "RequestPath": "/api/people", "Application": "Crud.Api"}
[03:42:58 DBG] Cache hit for key: list:person {"SourceContext": "Infrastructure.Services.Caching.InMemoryCacheService", "ActionId": "7828d9b9-9ad8-4227-88c7-3256465f6c61", "ActionName": "Api.Controllers.PeopleController.List (Api)", "RequestId": "0HNFGSKFKDJHO", "RequestPath": "/api/people", "Application": "Crud.Api"}
Activity.TraceId:            3d734f0446aa66986887f78dd2ed7fbb
Activity.SpanId:             bc615ed2c7274392
Activity.TraceFlags:         Recorded
Activity.ActivitySourceName: Microsoft.AspNetCore
Activity.DisplayName:        GET api/People
Activity.Kind:               Server
Activity.StartTime:          2025-09-11T03:42:58.2163182Z
Activity.Duration:           00:00:00.0003048
Activity.Tags:
    server.address: localhost
    http.request.method: GET
    url.scheme: http
    url.path: /api/people
    network.protocol.version: 1.1
    http.route: api/People
    http.response.status_code: 200
Resource associated with Activity:
    deployment.environment: Testing
    service.name: Crud.Api
    service.version: 1.0.0
    service.instance.id: a483e3f3-32ea-4a50-a508-2cd77b6b2522
    telemetry.sdk.name: opentelemetry
    telemetry.sdk.language: dotnet
    telemetry.sdk.version: 1.8.1
Activity.TraceId:            c33db1941aba0dbd90947d3049146c67
Activity.SpanId:             04ab8de9dab7e822
Activity.TraceFlags:         Recorded
Activity.ActivitySourceName: Microsoft.AspNetCore
Activity.DisplayName:        GET api/People
Activity.Kind:               Server
Activity.StartTime:          2025-09-11T03:42:58.2163291Z
Activity.Duration:           00:00:00.0003285
Activity.Tags:
    server.address: localhost
    http.request.method: GET
    url.scheme: http
    url.path: /api/people
    network.protocol.version: 1.1
    http.route: api/People
    http.response.status_code: 200
Resource associated with Activity:
    deployment.environment: Testing
    service.name: Crud.Api
    service.version: 1.0.0
    service.instance.id: a483e3f3-32ea-4a50-a508-2cd77b6b2522
    telemetry.sdk.name: opentelemetry
    telemetry.sdk.language: dotnet
    telemetry.sdk.version: 1.8.1
[03:42:58 DBG] Cache hit for key: list:person {"SourceContext": "Infrastructure.Services.Caching.InMemoryCacheService", "ActionId": "7828d9b9-9ad8-4227-88c7-3256465f6c61", "ActionName": "Api.Controllers.PeopleController.List (Api)", "RequestId": "0HNFGSKFKDJHP", "RequestPath": "/api/people", "Application": "Crud.Api"}
Activity.TraceId:            b2ce7c39740a4188d128b3eed39f424c
Activity.SpanId:             57408b11cfd51f72
Activity.TraceFlags:         Recorded
Activity.ActivitySourceName: Microsoft.AspNetCore
Activity.DisplayName:        GET api/People
Activity.Kind:               Server
Activity.StartTime:          2025-09-11T03:42:58.2165272Z
Activity.Duration:           00:00:00.0002827
Activity.Tags:
    server.address: localhost
    http.request.method: GET
    url.scheme: http
    url.path: /api/people
    network.protocol.version: 1.1
    http.route: api/People
    http.response.status_code: 200
Resource associated with Activity:
    deployment.environment: Testing
    service.name: Crud.Api
    service.version: 1.0.0
    service.instance.id: a483e3f3-32ea-4a50-a508-2cd77b6b2522
    telemetry.sdk.name: opentelemetry
    telemetry.sdk.language: dotnet
    telemetry.sdk.version: 1.8.1
[03:42:58 DBG] Cache hit for key: list:person {"SourceContext": "Infrastructure.Services.Caching.InMemoryCacheService", "ActionId": "7828d9b9-9ad8-4227-88c7-3256465f6c61", "ActionName": "Api.Controllers.PeopleController.List (Api)", "RequestId": "0HNFGSKFKDJHR", "RequestPath": "/api/people", "Application": "Crud.Api"}
[03:42:58 DBG] Cache hit for key: list:person {"SourceContext": "Infrastructure.Services.Caching.InMemoryCacheService", "ActionId": "7828d9b9-9ad8-4227-88c7-3256465f6c61", "ActionName": "Api.Controllers.PeopleController.List (Api)", "RequestId": "0HNFGSKFKDJHQ", "RequestPath": "/api/people", "Application": "Crud.Api"}
Activity.TraceId:            cc7a7aa443d0f79d616fc9002d3f5c85
Activity.SpanId:             7f32a7d3a96a3486
Activity.TraceFlags:         Recorded
[03:42:58 DBG] Cache hit for key: list:person {"SourceContext": "Infrastructure.Services.Caching.InMemoryCacheService", "ActionId": "7828d9b9-9ad8-4227-88c7-3256465f6c61", "ActionName": "Api.Controllers.PeopleController.List (Api)", "RequestId": "0HNFGSKFKDJHS", "RequestPath": "/api/people", "Application": "Crud.Api"}
Activity.ActivitySourceName: Microsoft.AspNetCore
Activity.DisplayName:        GET api/People
Activity.Kind:               Server
Activity.StartTime:          2025-09-11T03:42:58.2167672Z
Activity.Duration:           00:00:00.0002773
Activity.Tags:
    server.address: localhost
    http.request.method: GET
    url.scheme: http
    url.path: /api/people
    network.protocol.version: 1.1
    http.route: api/People
    http.response.status_code: 200
Resource associated with Activity:
    deployment.environment: Testing
    service.name: Crud.Api
    service.version: 1.0.0
    service.instance.id: a483e3f3-32ea-4a50-a508-2cd77b6b2522
    telemetry.sdk.name: opentelemetry
    telemetry.sdk.language: dotnet
    telemetry.sdk.version: 1.8.1
Activity.TraceId:            f0f1902cbc046b02e454ebb55b03af39
Activity.SpanId:             2a679c1e1f555f1d
Activity.TraceFlags:         Recorded
Activity.ActivitySourceName: Microsoft.AspNetCore
Activity.DisplayName:        GET api/People
Activity.Kind:               Server
Activity.StartTime:          2025-09-11T03:42:58.2167669Z
Activity.Duration:           00:00:00.0003445
Activity.Tags:
    server.address: localhost
    http.request.method: GET
    url.scheme: http
    url.path: /api/people
    network.protocol.version: 1.1
    http.route: api/People
    http.response.status_code: 200
Resource associated with Activity:
    deployment.environment: Testing
    service.name: Crud.Api
    service.version: 1.0.0
    service.instance.id: a483e3f3-32ea-4a50-a508-2cd77b6b2522
    telemetry.sdk.name: opentelemetry
    telemetry.sdk.language: dotnet
    telemetry.sdk.version: 1.8.1
Activity.TraceId:            b85f1b9f92bef4afeadfe602bb2ac14f
Activity.SpanId:             eb2f7bae33355b57
Activity.TraceFlags:         Recorded
Activity.ActivitySourceName: Microsoft.AspNetCore
Activity.DisplayName:        GET api/People
Activity.Kind:               Server
Activity.StartTime:          2025-09-11T03:42:58.2168717Z
Activity.Duration:           00:00:00.0002974
Activity.Tags:
    server.address: localhost
    http.request.method: GET
    url.scheme: http
    url.path: /api/people
    network.protocol.version: 1.1
    http.route: api/People
    http.response.status_code: 200
Resource associated with Activity:
    deployment.environment: Testing
    service.name: Crud.Api
    service.version: 1.0.0
    service.instance.id: a483e3f3-32ea-4a50-a508-2cd77b6b2522
    telemetry.sdk.name: opentelemetry
    telemetry.sdk.language: dotnet
    telemetry.sdk.version: 1.8.1
[03:42:58 DBG] Cache hit for key: list:person {"SourceContext": "Infrastructure.Services.Caching.InMemoryCacheService", "ActionId": "7828d9b9-9ad8-4227-88c7-3256465f6c61", "ActionName": "Api.Controllers.PeopleController.List (Api)", "RequestId": "0HNFGSKFKDJHT", "RequestPath": "/api/people", "Application": "Crud.Api"}
[03:42:58 DBG] Cache hit for key: list:person {"SourceContext": "Infrastructure.Services.Caching.InMemoryCacheService", "ActionId": "7828d9b9-9ad8-4227-88c7-3256465f6c61", "ActionName": "Api.Controllers.PeopleController.List (Api)", "RequestId": "0HNFGSKFKDJHU", "RequestPath": "/api/people", "Application": "Crud.Api"}
[03:42:58 DBG] Cache hit for key: list:person {"SourceContext": "Infrastructure.Services.Caching.InMemoryCacheService", "ActionId": "7828d9b9-9ad8-4227-88c7-3256465f6c61", "ActionName": "Api.Controllers.PeopleController.List (Api)", "RequestId": "0HNFGSKFKDJHV", "RequestPath": "/api/people", "Application": "Crud.Api"}
Activity.TraceId:            93063c44393cfb77779aa64504c4ad48
Activity.SpanId:             ffb3f69ac5ec48b9
Activity.TraceFlags:         Recorded
Activity.ActivitySourceName: Microsoft.AspNetCore
Activity.DisplayName:        GET api/People
Activity.Kind:               Server
Activity.StartTime:          2025-09-11T03:42:58.2171289Z
Activity.Duration:           00:00:00.0002761
Activity.Tags:
    server.address: localhost
    http.request.method: GET
    url.scheme: http
    url.path: /api/people
    network.protocol.version: 1.1
    http.route: api/People
    http.response.status_code: 200
Resource associated with Activity:
    deployment.environment: Testing
    service.name: Crud.Api
    service.version: 1.0.0
    service.instance.id: a483e3f3-32ea-4a50-a508-2cd77b6b2522
    telemetry.sdk.name: opentelemetry
    telemetry.sdk.language: dotnet
    telemetry.sdk.version: 1.8.1
Activity.TraceId:            b9e4d416969d1d22ae22466e2009f6d8
Activity.SpanId:             7f708852b70c4bb2
Activity.TraceFlags:         Recorded
Activity.ActivitySourceName: Microsoft.AspNetCore
Activity.DisplayName:        GET api/People
Activity.Kind:               Server
Activity.StartTime:          2025-09-11T03:42:58.2171719Z
Activity.Duration:           00:00:00.0002708
Activity.Tags:
    server.address: localhost
    http.request.method: GET
    url.scheme: http
    url.path: /api/people
    network.protocol.version: 1.1
    http.route: api/People
    http.response.status_code: 200
Resource associated with Activity:
    deployment.environment: Testing
    service.name: Crud.Api
    service.version: 1.0.0
    service.instance.id: a483e3f3-32ea-4a50-a508-2cd77b6b2522
    telemetry.sdk.name: opentelemetry
    telemetry.sdk.language: dotnet
    telemetry.sdk.version: 1.8.1
Activity.TraceId:            c98f604e2395d9ae0c818ff092d3a997
Activity.SpanId:             718f6ab371607999
Activity.TraceFlags:         Recorded
Activity.ActivitySourceName: Microsoft.AspNetCore
Activity.DisplayName:        GET api/People
Activity.Kind:               Server
Activity.StartTime:          2025-09-11T03:42:58.2172282Z
Activity.Duration:           00:00:00.0002650
Activity.Tags:
    server.address: localhost
    http.request.method: GET
    url.scheme: http
    url.path: /api/people
    network.protocol.version: 1.1
    http.route: api/People
    http.response.status_code: 200
Resource associated with Activity:
    deployment.environment: Testing
    service.name: Crud.Api
    service.version: 1.0.0
    service.instance.id: a483e3f3-32ea-4a50-a508-2cd77b6b2522
    telemetry.sdk.name: opentelemetry
    telemetry.sdk.language: dotnet
    telemetry.sdk.version: 1.8.1
[03:42:58 DBG] Cache hit for key: list:person {"SourceContext": "Infrastructure.Services.Caching.InMemoryCacheService", "ActionId": "7828d9b9-9ad8-4227-88c7-3256465f6c61", "ActionName": "Api.Controllers.PeopleController.List (Api)", "RequestId": "0HNFGSKFKDJI0", "RequestPath": "/api/people", "Application": "Crud.Api"}
[03:42:58 DBG] Cache hit for key: list:person {"SourceContext": "Infrastructure.Services.Caching.InMemoryCacheService", "ActionId": "7828d9b9-9ad8-4227-88c7-3256465f6c61", "ActionName": "Api.Controllers.PeopleController.List (Api)", "RequestId": "0HNFGSKFKDJI1", "RequestPath": "/api/people", "Application": "Crud.Api"}
[03:42:58 DBG] Cache hit for key: list:person {"SourceContext": "Infrastructure.Services.Caching.InMemoryCacheService", "ActionId": "7828d9b9-9ad8-4227-88c7-3256465f6c61", "ActionName": "Api.Controllers.PeopleController.List (Api)", "RequestId": "0HNFGSKFKDJI2", "RequestPath": "/api/people", "Application": "Crud.Api"}
Activity.TraceId:            8d419d6a9fa39b7b8b53bfa29517d93e
Activity.SpanId:             d52079642fc24771
Activity.TraceFlags:         Recorded
Activity.ActivitySourceName: Microsoft.AspNetCore
Activity.DisplayName:        GET api/People
Activity.Kind:               Server
Activity.StartTime:          2025-09-11T03:42:58.2174681Z
Activity.Duration:           00:00:00.0002696
Activity.Tags:
    server.address: localhost
    http.request.method: GET
    url.scheme: http
    url.path: /api/people
    network.protocol.version: 1.1
    http.route: api/People
    http.response.status_code: 200
Resource associated with Activity:
    deployment.environment: Testing
    service.name: Crud.Api
    service.version: 1.0.0
    service.instance.id: a483e3f3-32ea-4a50-a508-2cd77b6b2522
    telemetry.sdk.name: opentelemetry
    telemetry.sdk.language: dotnet
    telemetry.sdk.version: 1.8.1
Activity.TraceId:            f8bcc6f44c396aba979f44f455099013
Activity.SpanId:             dbf2930eb570d7c3
Activity.TraceFlags:         Recorded
Activity.ActivitySourceName: Microsoft.AspNetCore
Activity.DisplayName:        GET api/People
Activity.Kind:               Server
Activity.StartTime:          2025-09-11T03:42:58.2175508Z
Activity.Duration:           00:00:00.0002558
Activity.Tags:
    server.address: localhost
    http.request.method: GET
    url.scheme: http
    url.path: /api/people
    network.protocol.version: 1.1
    http.route: api/People
    http.response.status_code: 200
Resource associated with Activity:
    deployment.environment: Testing
    service.name: Crud.Api
    service.version: 1.0.0
    service.instance.id: a483e3f3-32ea-4a50-a508-2cd77b6b2522
    telemetry.sdk.name: opentelemetry
    telemetry.sdk.language: dotnet
    telemetry.sdk.version: 1.8.1
Activity.TraceId:            c02d6ea92cb412d6907faac7b8ac95b9
Activity.SpanId:             bdd335cf5056c80a
Activity.TraceFlags:         Recorded
Activity.ActivitySourceName: Microsoft.AspNetCore
Activity.DisplayName:        GET api/People
Activity.Kind:               Server
Activity.StartTime:          2025-09-11T03:42:58.2175039Z
Activity.Duration:           00:00:00.0003147
Activity.Tags:
    server.address: localhost
    http.request.method: GET
    url.scheme: http
    url.path: /api/people
    network.protocol.version: 1.1
    http.route: api/People
    http.response.status_code: 200
Resource associated with Activity:
    deployment.environment: Testing
    service.name: Crud.Api
    service.version: 1.0.0
    service.instance.id: a483e3f3-32ea-4a50-a508-2cd77b6b2522
    telemetry.sdk.name: opentelemetry
    telemetry.sdk.language: dotnet
    telemetry.sdk.version: 1.8.1
[03:42:58 DBG] Cache hit for key: list:person {"SourceContext": "Infrastructure.Services.Caching.InMemoryCacheService", "ActionId": "7828d9b9-9ad8-4227-88c7-3256465f6c61", "ActionName": "Api.Controllers.PeopleController.List (Api)", "RequestId": "0HNFGSKFKDJI3", "RequestPath": "/api/people", "Application": "Crud.Api"}
[03:42:58 DBG] Cache hit for key: list:person {"SourceContext": "Infrastructure.Services.Caching.InMemoryCacheService", "ActionId": "7828d9b9-9ad8-4227-88c7-3256465f6c61", "ActionName": "Api.Controllers.PeopleController.List (Api)", "RequestId": "0HNFGSKFKDJI4", "RequestPath": "/api/people", "Application": "Crud.Api"}
Activity.TraceId:            0c419dcd8ff1db6c152634b42cfe0dad
Activity.SpanId:             07889f01929c4b79
Activity.TraceFlags:         Recorded
Activity.ActivitySourceName: Microsoft.AspNetCore
Activity.DisplayName:        GET api/People
Activity.Kind:               Server
Activity.StartTime:          2025-09-11T03:42:58.2177968Z
Activity.Duration:           00:00:00.0002732
Activity.Tags:
    server.address: localhost
    http.request.method: GET
    url.scheme: http
    url.path: /api/people
    network.protocol.version: 1.1
    http.route: api/People
    http.response.status_code: 200
Resource associated with Activity:
    deployment.environment: Testing
    service.name: Crud.Api
    service.version: 1.0.0
    service.instance.id: a483e3f3-32ea-4a50-a508-2cd77b6b2522
    telemetry.sdk.name: opentelemetry
    telemetry.sdk.language: dotnet
    telemetry.sdk.version: 1.8.1
Activity.TraceId:            8e4b4a309d7fa4974486d4920b7cefb3
[03:42:58 DBG] Cache hit for key: list:person {"SourceContext": "Infrastructure.Services.Caching.InMemoryCacheService", "ActionId": "7828d9b9-9ad8-4227-88c7-3256465f6c61", "ActionName": "Api.Controllers.PeopleController.List (Api)", "RequestId": "0HNFGSKFKDJI5", "RequestPath": "/api/people", "Application": "Crud.Api"}
Activity.SpanId:             de75648e8df3a40f
Activity.TraceFlags:         Recorded
Activity.ActivitySourceName: Microsoft.AspNetCore
Activity.DisplayName:        GET api/People
Activity.Kind:               Server
Activity.StartTime:          2025-09-11T03:42:58.2178736Z
Activity.Duration:           00:00:00.0002723
Activity.Tags:
    server.address: localhost
    http.request.method: GET
    url.scheme: http
    url.path: /api/people
    network.protocol.version: 1.1
    http.route: api/People
    http.response.status_code: 200
Resource associated with Activity:
    deployment.environment: Testing
    service.name: Crud.Api
    service.version: 1.0.0
    service.instance.id: a483e3f3-32ea-4a50-a508-2cd77b6b2522
    telemetry.sdk.name: opentelemetry
    telemetry.sdk.language: dotnet
    telemetry.sdk.version: 1.8.1
Activity.TraceId:            2e3c9176d40f16ae51c8985587f5df0b
Activity.SpanId:             abb243cbd7d5aa88
Activity.TraceFlags:         Recorded
Activity.ActivitySourceName: Microsoft.AspNetCore
Activity.DisplayName:        GET api/People
Activity.Kind:               Server
Activity.StartTime:          2025-09-11T03:42:58.2179455Z
Activity.Duration:           00:00:00.0003002
Activity.Tags:
    server.address: localhost
    http.request.method: GET
    url.scheme: http
    url.path: /api/people
    network.protocol.version: 1.1
    http.route: api/People
    http.response.status_code: 200
Resource associated with Activity:
    deployment.environment: Testing
    service.name: Crud.Api
    service.version: 1.0.0
    service.instance.id: a483e3f3-32ea-4a50-a508-2cd77b6b2522
    telemetry.sdk.name: opentelemetry
    telemetry.sdk.language: dotnet
    telemetry.sdk.version: 1.8.1
[03:42:58 DBG] Cache hit for key: list:person {"SourceContext": "Infrastructure.Services.Caching.InMemoryCacheService", "ActionId": "7828d9b9-9ad8-4227-88c7-3256465f6c61", "ActionName": "Api.Controllers.PeopleController.List (Api)", "RequestId": "0HNFGSKFKDJI6", "RequestPath": "/api/people", "Application": "Crud.Api"}
[03:42:58 DBG] Cache hit for key: list:person {"SourceContext": "Infrastructure.Services.Caching.InMemoryCacheService", "ActionId": "7828d9b9-9ad8-4227-88c7-3256465f6c61", "ActionName": "Api.Controllers.PeopleController.List (Api)", "RequestId": "0HNFGSKFKDJI7", "RequestPath": "/api/people", "Application": "Crud.Api"}
Activity.TraceId:            cba48b490622eed1320908570ab4c0fa
Activity.SpanId:             b669c12f332ad1ba
Activity.TraceFlags:         Recorded
Activity.ActivitySourceName: Microsoft.AspNetCore
Activity.DisplayName:        GET api/People
Activity.Kind:               Server
Activity.StartTime:          2025-09-11T03:42:58.2181487Z
Activity.Duration:           00:00:00.0041890
Activity.Tags:
    server.address: localhost
    http.request.method: GET
    url.scheme: http
    url.path: /api/people
    network.protocol.version: 1.1
    http.route: api/People
    http.response.status_code: 200
Resource associated with Activity:
    deployment.environment: Testing
    service.name: Crud.Api
    service.version: 1.0.0
    service.instance.id: a483e3f3-32ea-4a50-a508-2cd77b6b2522
    telemetry.sdk.name: opentelemetry
    telemetry.sdk.language: dotnet
    telemetry.sdk.version: 1.8.1
Activity.TraceId:            b25689fae45e577a3c9620b7722f6dce
Activity.SpanId:             11dbbf4fee1a9fb0
Activity.TraceFlags:         Recorded
Activity.ActivitySourceName: Microsoft.AspNetCore
Activity.DisplayName:        GET api/People
Activity.Kind:               Server
Activity.StartTime:          2025-09-11T03:42:58.2182117Z
Activity.Duration:           00:00:00.0041909
Activity.Tags:
    server.address: localhost
    http.request.method: GET
    url.scheme: http
    url.path: /api/people
    network.protocol.version: 1.1
    http.route: api/People
    http.response.status_code: 200
Resource associated with Activity:
    deployment.environment: Testing
    service.name: Crud.Api
    service.version: 1.0.0
    service.instance.id: a483e3f3-32ea-4a50-a508-2cd77b6b2522
    telemetry.sdk.name: opentelemetry
    telemetry.sdk.language: dotnet
[03:42:58 DBG] Cache hit for key: list:person {"SourceContext": "Infrastructure.Services.Caching.InMemoryCacheService", "ActionId": "7828d9b9-9ad8-4227-88c7-3256465f6c61", "ActionName": "Api.Controllers.PeopleController.List (Api)", "RequestId": "0HNFGSKFKDJI8", "RequestPath": "/api/people", "Application": "Crud.Api"}
    telemetry.sdk.version: 1.8.1
Activity.TraceId:            ff06d642e62192d5d17da243d6ea43b8
Activity.SpanId:             086424681bef7b02
Activity.TraceFlags:         Recorded
Activity.ActivitySourceName: Microsoft.AspNetCore
Activity.DisplayName:        GET api/People
Activity.Kind:               Server
Activity.StartTime:          2025-09-11T03:42:58.2183147Z
Activity.Duration:           00:00:00.0042174
Activity.Tags:
    server.address: localhost
    http.request.method: GET
    url.scheme: http
    url.path: /api/people
    network.protocol.version: 1.1
    http.route: api/People
    http.response.status_code: 200
Resource associated with Activity:
    deployment.environment: Testing
    service.name: Crud.Api
    service.version: 1.0.0
    service.instance.id: a483e3f3-32ea-4a50-a508-2cd77b6b2522
    telemetry.sdk.name: opentelemetry
    telemetry.sdk.language: dotnet
    telemetry.sdk.version: 1.8.1
[03:42:58 DBG] Cache hit for key: list:person {"SourceContext": "Infrastructure.Services.Caching.InMemoryCacheService", "ActionId": "7828d9b9-9ad8-4227-88c7-3256465f6c61", "ActionName": "Api.Controllers.PeopleController.List (Api)", "RequestId": "0HNFGSKFKDJI9", "RequestPath": "/api/people", "Application": "Crud.Api"}
[03:42:58 DBG] Cache hit for key: list:person {"SourceContext": "Infrastructure.Services.Caching.InMemoryCacheService", "ActionId": "7828d9b9-9ad8-4227-88c7-3256465f6c61", "ActionName": "Api.Controllers.PeopleController.List (Api)", "RequestId": "0HNFGSKFKDJIA", "RequestPath": "/api/people", "Application": "Crud.Api"}
Activity.TraceId:            ea67c4414296aec776d0df6aca94f491
Activity.SpanId:             8ade5451c1f37056
Activity.TraceFlags:         Recorded
Activity.ActivitySourceName: Microsoft.AspNetCore
Activity.DisplayName:        GET api/People
Activity.Kind:               Server
Activity.StartTime:          2025-09-11T03:42:58.2224152Z
Activity.Duration:           00:00:00.0003151
Activity.Tags:
    server.address: localhost
    http.request.method: GET
    url.scheme: http
    url.path: /api/people
    network.protocol.version: 1.1
    http.route: api/People
    http.response.status_code: 200
Resource associated with Activity:
    deployment.environment: Testing
    service.name: Crud.Api
    service.version: 1.0.0
    service.instance.id: a483e3f3-32ea-4a50-a508-2cd77b6b2522
    telemetry.sdk.name: opentelemetry
    telemetry.sdk.language: dotnet
    telemetry.sdk.version: 1.8.1
Activity.TraceId:            d34b8826465d00d9e3b8ff8a5fe3c64d
Activity.SpanId:             9c2aad4375f6bf51
Activity.TraceFlags:         Recorded
Activity.ActivitySourceName: Microsoft.AspNetCore
Activity.DisplayName:        GET api/People
Activity.Kind:               Server
Activity.StartTime:          2025-09-11T03:42:58.2224678Z
Activity.Duration:           00:00:00.0003085
Activity.Tags:
    server.address: localhost
    http.request.method: GET
    url.scheme: http
    url.path: /api/people
    network.protocol.version: 1.1
    http.route: api/People
    http.response.status_code: 200
Resource associated with Activity:
    deployment.environment: Testing
    service.name: Crud.Api
    service.version: 1.0.0
    service.instance.id: a483e3f3-32ea-4a50-a508-2cd77b6b2522
    telemetry.sdk.name: opentelemetry
    telemetry.sdk.language: dotnet
    telemetry.sdk.version: 1.8.1
[03:42:58 INF] Resetting database for worker 21067 {"SourceContext": "Infrastructure.Services.DatabaseTestService", "Application": "Crud.Api"}
[03:42:58 INF] Resetting database via file deletion for worker 21067 in CI environment {"SourceContext": "Infrastructure.Services.DatabaseTestService", "Application": "Crud.Api"}
[03:42:58 INF] Acquiring database mutex for worker 21067... {"SourceContext": "Infrastructure.Services.DatabaseTestService", "Application": "Crud.Api"}
[03:42:58 INF] Database mutex acquired for worker 21067 {"SourceContext": "Infrastructure.Services.DatabaseTestService", "Application": "Crud.Api"}
[03:42:58 INF] Current database state - CanConnect: True {"SourceContext": "Infrastructure.Services.DatabaseTestService", "Application": "Crud.Api"}
[03:42:58 INF] [Phase 0] Closing database connection for worker 21067... {"SourceContext": "Infrastructure.Services.DatabaseTestService", "Application": "Crud.Api"}
[03:42:58 INF] [Phase 0] Connection closed in 0.0007ms {"SourceContext": "Infrastructure.Services.DatabaseTestService", "Application": "Crud.Api"}
[03:42:58 INF] [Phase 1] Starting EnsureDeletedAsync for worker 21067... {"SourceContext": "Infrastructure.Services.DatabaseTestService", "Application": "Crud.Api"}
[03:42:58 INF] [Phase 1] EnsureDeletedAsync completed in 1.3773ms {"SourceContext": "Infrastructure.Services.DatabaseTestService", "Application": "Crud.Api"}
[03:42:58 INF] [Phase 2] Starting EnsureCreatedAsync for worker 21067... {"SourceContext": "Infrastructure.Services.DatabaseTestService", "Application": "Crud.Api"}
[03:42:58 INF] [Phase 2] EnsureCreatedAsync completed in 8.0943ms {"SourceContext": "Infrastructure.Services.DatabaseTestService", "Application": "Crud.Api"}
[03:42:58 INF] [Phase 3] Skipping database seeding as requested for worker 21067 {"SourceContext": "Infrastructure.Services.DatabaseTestService", "Application": "Crud.Api"}
[03:42:58 INF] Database reset via file deletion completed for worker 21067 in 109.2065ms (Close: 0.0007ms, Delete: 1.3773ms, Create: 8.0943ms) {"SourceContext": "Infrastructure.Services.DatabaseTestService", "Application": "Crud.Api"}
[03:42:58 INF] Releasing database mutex for worker 21067 {"SourceContext": "Infrastructure.Services.DatabaseTestService", "Application": "Crud.Api"}
[03:42:58 INF] Resetting database for worker 21067 {"SourceContext": "Infrastructure.Services.DatabaseTestService", "Application": "Crud.Api"}
[03:42:58 INF] Resetting database via file deletion for worker 21067 in CI environment {"SourceContext": "Infrastructure.Services.DatabaseTestService", "Application": "Crud.Api"}
[03:42:58 INF] Acquiring database mutex for worker 21067... {"SourceContext": "Infrastructure.Services.DatabaseTestService", "Application": "Crud.Api"}
[03:42:58 INF] Database mutex acquired for worker 21067 {"SourceContext": "Infrastructure.Services.DatabaseTestService", "Application": "Crud.Api"}
[03:42:58 INF] Current database state - CanConnect: True {"SourceContext": "Infrastructure.Services.DatabaseTestService", "Application": "Crud.Api"}
[03:42:58 INF] [Phase 0] Closing database connection for worker 21067... {"SourceContext": "Infrastructure.Services.DatabaseTestService", "Application": "Crud.Api"}
[03:42:58 INF] [Phase 0] Connection closed in 0.0007ms {"SourceContext": "Infrastructure.Services.DatabaseTestService", "Application": "Crud.Api"}
[03:42:58 INF] [Phase 1] Starting EnsureDeletedAsync for worker 21067... {"SourceContext": "Infrastructure.Services.DatabaseTestService", "Application": "Crud.Api"}
[03:42:58 INF] [Phase 1] EnsureDeletedAsync completed in 1.3396ms {"SourceContext": "Infrastructure.Services.DatabaseTestService", "Application": "Crud.Api"}
[03:42:58 INF] [Phase 2] Starting EnsureCreatedAsync for worker 21067... {"SourceContext": "Infrastructure.Services.DatabaseTestService", "Application": "Crud.Api"}
[03:42:58 INF] [Phase 2] EnsureCreatedAsync completed in 7.6582ms {"SourceContext": "Infrastructure.Services.DatabaseTestService", "Application": "Crud.Api"}
[03:42:58 INF] [Phase 3] Skipping database seeding as requested for worker 21067 {"SourceContext": "Infrastructure.Services.DatabaseTestService", "Application": "Crud.Api"}
[03:42:58 INF] Database reset via file deletion completed for worker 21067 in 110.1254ms (Close: 0.0007ms, Delete: 1.3396ms, Create: 7.6582ms) {"SourceContext": "Infrastructure.Services.DatabaseTestService", "Application": "Crud.Api"}
[03:42:58 INF] Releasing database mutex for worker 21067 {"SourceContext": "Infrastructure.Services.DatabaseTestService", "Application": "Crud.Api"}
[03:42:58 INF] User registered successfully: 35c4ced8-a8ec-4fa6-94d7-e8018e4b5bc2 {"SourceContext": "App.Features.Authentication.RegisterUserCommandHandler", "ActionId": "eb940ceb-2629-4483-bccf-2e403f91c096", "ActionName": "Api.Controllers.AuthController.Register (Api)", "RequestId": "0HNFGSKFKDJIB", "RequestPath": "/api/auth/register", "Application": "Crud.Api"}
Activity.TraceId:            7bdb40e93ec9c54588460866e9feb6dc
Activity.SpanId:             49e492088c8df7ac
Activity.TraceFlags:         Recorded
Activity.ActivitySourceName: Microsoft.AspNetCore
Activity.DisplayName:        POST api/Auth/register
Activity.Kind:               Server
Activity.StartTime:          2025-09-11T03:42:58.4473198Z
Activity.Duration:           00:00:00.2983820
Activity.Tags:
    server.address: localhost
    http.request.method: POST
    url.scheme: http
    url.path: /api/auth/register
    network.protocol.version: 1.1
    http.route: api/Auth/register
    http.response.status_code: 200
Resource associated with Activity:
    deployment.environment: Testing
    service.name: Crud.Api
    service.version: 1.0.0
    service.instance.id: a483e3f3-32ea-4a50-a508-2cd77b6b2522
    telemetry.sdk.name: opentelemetry
    telemetry.sdk.language: dotnet
    telemetry.sdk.version: 1.8.1
[03:42:58 DBG] Cache miss for key: entity:person:74387c6a12a74f4ab2e16c4e0156234a {"SourceContext": "Infrastructure.Services.Caching.InMemoryCacheService", "ActionId": "a06b007b-6143-487e-b5b7-eba981985849", "ActionName": "Api.Controllers.PeopleController.Get (Api)", "RequestId": "0HNFGSKFKDJIC", "RequestPath": "/api/people/74387c6a-12a7-4f4a-b2e1-6c4e0156234a", "Application": "Crud.Api"}
[03:42:58 DBG] Set cache value for key: entity:person:74387c6a12a74f4ab2e16c4e0156234a {"SourceContext": "Infrastructure.Services.Caching.InMemoryCacheService", "ActionId": "a06b007b-6143-487e-b5b7-eba981985849", "ActionName": "Api.Controllers.PeopleController.Get (Api)", "RequestId": "0HNFGSKFKDJIC", "RequestPath": "/api/people/74387c6a-12a7-4f4a-b2e1-6c4e0156234a", "Application": "Crud.Api"}
Activity.TraceId:            ab2e2eba541540151e7ff59346682969
Activity.SpanId:             4da134e182fd4c1e
Activity.TraceFlags:         Recorded
Activity.ActivitySourceName: Microsoft.AspNetCore
Activity.DisplayName:        GET api/People/{id:guid}
Activity.Kind:               Server
Activity.StartTime:          2025-09-11T03:42:58.7463123Z
Activity.Duration:           00:00:00.0039573
Activity.Tags:
    server.address: localhost
    http.request.method: GET
    url.scheme: http
    url.path: /api/people/74387c6a-12a7-4f4a-b2e1-6c4e0156234a
    network.protocol.version: 1.1
    http.route: api/People/{id:guid}
    http.response.status_code: 200
Resource associated with Activity:
    deployment.environment: Testing
    service.name: Crud.Api
    service.version: 1.0.0
    service.instance.id: a483e3f3-32ea-4a50-a508-2cd77b6b2522
    telemetry.sdk.name: opentelemetry
    telemetry.sdk.language: dotnet
    telemetry.sdk.version: 1.8.1
[03:42:58 DBG] Cache hit for key: entity:person:74387c6a12a74f4ab2e16c4e0156234a {"SourceContext": "Infrastructure.Services.Caching.InMemoryCacheService", "ActionId": "a06b007b-6143-487e-b5b7-eba981985849", "ActionName": "Api.Controllers.PeopleController.Get (Api)", "RequestId": "0HNFGSKFKDJID", "RequestPath": "/api/people/74387c6a-12a7-4f4a-b2e1-6c4e0156234a", "Application": "Crud.Api"}
[03:42:58 DBG] Cache hit for key: entity:person:74387c6a12a74f4ab2e16c4e0156234a {"SourceContext": "Infrastructure.Services.Caching.InMemoryCacheService", "ActionId": "a06b007b-6143-487e-b5b7-eba981985849", "ActionName": "Api.Controllers.PeopleController.Get (Api)", "RequestId": "0HNFGSKFKDJIE", "RequestPath": "/api/people/74387c6a-12a7-4f4a-b2e1-6c4e0156234a", "Application": "Crud.Api"}
Activity.TraceId:            8966d9ce068f268b05bf6cb175860a15
Activity.SpanId:             b4c5efe5ca3eea85
Activity.TraceFlags:         Recorded
Activity.ActivitySourceName: Microsoft.AspNetCore
Activity.DisplayName:        GET api/People/{id:guid}
Activity.Kind:               Server
Activity.StartTime:          2025-09-11T03:42:58.7505171Z
Activity.Duration:           00:00:00.0003396
Activity.Tags:
    server.address: localhost
    http.request.method: GET
    url.scheme: http
    url.path: /api/people/74387c6a-12a7-4f4a-b2e1-6c4e0156234a
    network.protocol.version: 1.1
    http.route: api/People/{id:guid}
    http.response.status_code: 200
Resource associated with Activity:
    deployment.environment: Testing
    service.name: Crud.Api
    service.version: 1.0.0
    service.instance.id: a483e3f3-32ea-4a50-a508-2cd77b6b2522
    telemetry.sdk.name: opentelemetry
    telemetry.sdk.language: dotnet
    telemetry.sdk.version: 1.8.1
Activity.TraceId:            cf129506a2f170c21484ec0260061069
Activity.SpanId:             f25d3d1e039ca362
Activity.TraceFlags:         Recorded
Activity.ActivitySourceName: Microsoft.AspNetCore
Activity.DisplayName:        GET api/People/{id:guid}
Activity.Kind:               Server
Activity.StartTime:          2025-09-11T03:42:58.7505863Z
Activity.Duration:           00:00:00.0003457
Activity.Tags:
    server.address: localhost
    http.request.method: GET
    url.scheme: http
    url.path: /api/people/74387c6a-12a7-4f4a-b2e1-6c4e0156234a
    network.protocol.version: 1.1
    http.route: api/People/{id:guid}
    http.response.status_code: 200
Resource associated with Activity:
    deployment.environment: Testing
    service.name: Crud.Api
    service.version: 1.0.0
    service.instance.id: a483e3f3-32ea-4a50-a508-2cd77b6b2522
    telemetry.sdk.name: opentelemetry
    telemetry.sdk.language: dotnet
    telemetry.sdk.version: 1.8.1
[03:42:58 DBG] Cache hit for key: entity:person:74387c6a12a74f4ab2e16c4e0156234a {"SourceContext": "Infrastructure.Services.Caching.InMemoryCacheService", "ActionId": "a06b007b-6143-487e-b5b7-eba981985849", "ActionName": "Api.Controllers.PeopleController.Get (Api)", "RequestId": "0HNFGSKFKDJIG", "RequestPath": "/api/people/74387c6a-12a7-4f4a-b2e1-6c4e0156234a", "Application": "Crud.Api"}
[03:42:58 DBG] Cache hit for key: entity:person:74387c6a12a74f4ab2e16c4e0156234a {"SourceContext": "Infrastructure.Services.Caching.InMemoryCacheService", "ActionId": "a06b007b-6143-487e-b5b7-eba981985849", "ActionName": "Api.Controllers.PeopleController.Get (Api)", "RequestId": "0HNFGSKFKDJIF", "RequestPath": "/api/people/74387c6a-12a7-4f4a-b2e1-6c4e0156234a", "Application": "Crud.Api"}
Activity.TraceId:            e87051202859f457ed39c27b4696f960
Activity.SpanId:             09b49053893995c1
Activity.TraceFlags:         Recorded
Activity.ActivitySourceName: Microsoft.AspNetCore
Activity.DisplayName:        GET api/People/{id:guid}
Activity.Kind:               Server
Activity.StartTime:          2025-09-11T03:42:58.7509246Z
Activity.Duration:           00:00:00.0008337
Activity.Tags:
    server.address: localhost
    http.request.method: GET
    url.scheme: http
    url.path: /api/people/74387c6a-12a7-4f4a-b2e1-6c4e0156234a
    network.protocol.version: 1.1
    http.route: api/People/{id:guid}
    http.response.status_code: 200
Resource associated with Activity:
    deployment.environment: Testing
    service.name: Crud.Api
    service.version: 1.0.0
    service.instance.id: a483e3f3-32ea-4a50-a508-2cd77b6b2522
    telemetry.sdk.name: opentelemetry
    telemetry.sdk.language: dotnet
    telemetry.sdk.version: 1.8.1
Activity.TraceId:            7c496af3100ca46d9fcf65933cd70d79
Activity.SpanId:             2dae50d072f94b04
Activity.TraceFlags:         Recorded
Activity.ActivitySourceName: Microsoft.AspNetCore
Activity.DisplayName:        GET api/People/{id:guid}
Activity.Kind:               Server
Activity.StartTime:          2025-09-11T03:42:58.7505863Z
Activity.Duration:           00:00:00.0012519
Activity.Tags:
    server.address: localhost
    http.request.method: GET
    url.scheme: http
    url.path: /api/people/74387c6a-12a7-4f4a-b2e1-6c4e0156234a
    network.protocol.version: 1.1
    http.route: api/People/{id:guid}
    http.response.status_code: 200
Resource associated with Activity:
    deployment.environment: Testing
    service.name: Crud.Api
    service.version: 1.0.0
    service.instance.id: a483e3f3-32ea-4a50-a508-2cd77b6b2522
    telemetry.sdk.name: opentelemetry
    telemetry.sdk.language: dotnet
    telemetry.sdk.version: 1.8.1
[03:42:58 DBG] Cache hit for key: entity:person:74387c6a12a74f4ab2e16c4e0156234a {"SourceContext": "Infrastructure.Services.Caching.InMemoryCacheService", "ActionId": "a06b007b-6143-487e-b5b7-eba981985849", "ActionName": "Api.Controllers.PeopleController.Get (Api)", "RequestId": "0HNFGSKFKDJIH", "RequestPath": "/api/people/74387c6a-12a7-4f4a-b2e1-6c4e0156234a", "Application": "Crud.Api"}
Activity.TraceId:            1aae027991ddd7b6bcbf942c459127ac
Activity.SpanId:             ba1ddea4befdcf51
Activity.TraceFlags:         Recorded
Activity.ActivitySourceName: Microsoft.AspNetCore
Activity.DisplayName:        GET api/People/{id:guid}
Activity.Kind:               Server
Activity.StartTime:          2025-09-11T03:42:58.7516792Z
Activity.Duration:           00:00:00.0006968
Activity.Tags:
    server.address: localhost
    http.request.method: GET
    url.scheme: http
    url.path: /api/people/74387c6a-12a7-4f4a-b2e1-6c4e0156234a
    network.protocol.version: 1.1
    http.route: api/People/{id:guid}
    http.response.status_code: 200
Resource associated with Activity:
    deployment.environment: Testing
    service.name: Crud.Api
    service.version: 1.0.0
    service.instance.id: a483e3f3-32ea-4a50-a508-2cd77b6b2522
    telemetry.sdk.name: opentelemetry
    telemetry.sdk.language: dotnet
    telemetry.sdk.version: 1.8.1
[03:42:58 INF] Resetting database for worker 21067 {"SourceContext": "Infrastructure.Services.DatabaseTestService", "Application": "Crud.Api"}
[03:42:58 INF] Resetting database via file deletion for worker 21067 in CI environment {"SourceContext": "Infrastructure.Services.DatabaseTestService", "Application": "Crud.Api"}
[03:42:58 INF] Acquiring database mutex for worker 21067... {"SourceContext": "Infrastructure.Services.DatabaseTestService", "Application": "Crud.Api"}
[03:42:58 INF] Database mutex acquired for worker 21067 {"SourceContext": "Infrastructure.Services.DatabaseTestService", "Application": "Crud.Api"}
[03:42:58 INF] Current database state - CanConnect: True {"SourceContext": "Infrastructure.Services.DatabaseTestService", "Application": "Crud.Api"}
[03:42:58 INF] [Phase 0] Closing database connection for worker 21067... {"SourceContext": "Infrastructure.Services.DatabaseTestService", "Application": "Crud.Api"}
[03:42:58 INF] [Phase 0] Connection closed in 0.0006ms {"SourceContext": "Infrastructure.Services.DatabaseTestService", "Application": "Crud.Api"}
[03:42:58 INF] [Phase 1] Starting EnsureDeletedAsync for worker 21067... {"SourceContext": "Infrastructure.Services.DatabaseTestService", "Application": "Crud.Api"}
[03:42:58 INF] [Phase 1] EnsureDeletedAsync completed in 1.3473ms {"SourceContext": "Infrastructure.Services.DatabaseTestService", "Application": "Crud.Api"}
[03:42:58 INF] [Phase 2] Starting EnsureCreatedAsync for worker 21067... {"SourceContext": "Infrastructure.Services.DatabaseTestService", "Application": "Crud.Api"}
[03:42:58 INF] [Phase 2] EnsureCreatedAsync completed in 7.3642ms {"SourceContext": "Infrastructure.Services.DatabaseTestService", "Application": "Crud.Api"}
[03:42:58 INF] [Phase 3] Skipping database seeding as requested for worker 21067 {"SourceContext": "Infrastructure.Services.DatabaseTestService", "Application": "Crud.Api"}
[03:42:58 INF] Database reset via file deletion completed for worker 21067 in 109.7179ms (Close: 0.0006ms, Delete: 1.3473ms, Create: 7.3642ms) {"SourceContext": "Infrastructure.Services.DatabaseTestService", "Application": "Crud.Api"}
[03:42:58 INF] Releasing database mutex for worker 21067 {"SourceContext": "Infrastructure.Services.DatabaseTestService", "Application": "Crud.Api"}
Resource associated with Metric:
    deployment.environment: Testing
    service.name: Crud.Api
    service.version: 1.0.0
    service.instance.id: a483e3f3-32ea-4a50-a508-2cd77b6b2522
    telemetry.sdk.name: opentelemetry
    telemetry.sdk.language: dotnet
    telemetry.sdk.version: 1.8.1
Metric Name: http.server.active_requests, Number of active HTTP server requests., Unit: {request}, Meter: Microsoft.AspNetCore.Hosting
(2025-09-11T03:42:51.6815853Z, 2025-09-11T03:42:58.8643847Z] http.request.method: POST url.scheme: http LongSumNonMonotonic
Value: 0
(2025-09-11T03:42:51.6815853Z, 2025-09-11T03:42:58.8643847Z] http.request.method: GET url.scheme: http LongSumNonMonotonic
Value: 0
Metric Name: http.server.request.duration, Duration of HTTP server requests., Unit: s, Meter: Microsoft.AspNetCore.Hosting
(2025-09-11T03:42:51.6816019Z, 2025-09-11T03:42:58.8643873Z] http.request.method: POST http.response.status_code: 200 http.route: api/Auth/register network.protocol.version: 1.1 url.scheme: http Histogram
Value: Sum: 3.9396614 Count: 13 Min: 0.2979375 Max: 0.3295621 
(-Infinity,0.005]:0
(0.005,0.01]:0
(0.01,0.025]:0
(0.025,0.05]:0
(0.05,0.075]:0
(0.075,0.1]:0
(0.1,0.25]:0
(0.25,0.5]:13
(0.5,0.75]:0
(0.75,1]:0
(1,2.5]:0
(2.5,5]:0
(5,7.5]:0
(7.5,10]:0
(10,+Infinity]:0
(2025-09-11T03:42:51.6816019Z, 2025-09-11T03:42:58.8643873Z] http.request.method: POST http.response.status_code: 200 http.route: api/Auth/login network.protocol.version: 1.1 url.scheme: http Histogram
Value: Sum: 0.9009663000000001 Count: 3 Min: 0.2981982 Max: 0.3033292 
(-Infinity,0.005]:0
(0.005,0.01]:0
(0.01,0.025]:0
(0.025,0.05]:0
(0.05,0.075]:0
(0.075,0.1]:0
(0.1,0.25]:0
(0.25,0.5]:3
(0.5,0.75]:0
(0.75,1]:0
(1,2.5]:0
(2.5,5]:0
(5,7.5]:0
(7.5,10]:0
(10,+Infinity]:0
(2025-09-11T03:42:51.6816019Z, 2025-09-11T03:42:58.8643873Z] http.request.method: GET http.response.status_code: 200 http.route: api/Roles network.protocol.version: 1.1 url.scheme: http Histogram
Value: Sum: 0.0155311 Count: 14 Min: 0.0002742 Max: 0.0088146 
(-Infinity,0.005]:13
(0.005,0.01]:1
(0.01,0.025]:0
(0.025,0.05]:0
(0.05,0.075]:0
(0.075,0.1]:0
(0.1,0.25]:0
(0.25,0.5]:0
(0.5,0.75]:0
(0.75,1]:0
(1,2.5]:0
(2.5,5]:0
(5,7.5]:0
(7.5,10]:0
(10,+Infinity]:0
(2025-09-11T03:42:51.6816019Z, 2025-09-11T03:42:58.8643873Z] http.request.method: GET http.response.status_code: 200 http.route: api/Walls network.protocol.version: 1.1 url.scheme: http Histogram
Value: Sum: 0.0107577 Count: 3 Min: 0.0003816 Max: 0.0086002 
(-Infinity,0.005]:2
(0.005,0.01]:1
(0.01,0.025]:0
(0.025,0.05]:0
(0.05,0.075]:0
(0.075,0.1]:0
(0.1,0.25]:0
(0.25,0.5]:0
(0.5,0.75]:0
(0.75,1]:0
(1,2.5]:0
(2.5,5]:0
(5,7.5]:0
(7.5,10]:0
(10,+Infinity]:0
(2025-09-11T03:42:51.6816019Z, 2025-09-11T03:42:58.8643873Z] http.request.method: POST http.response.status_code: 201 http.route: api/Roles network.protocol.version: 1.1 url.scheme: http Histogram
Value: Sum: 0.0078238 Count: 1 Min: 0.0078238 Max: 0.0078238 
(-Infinity,0.005]:0
(0.005,0.01]:1
(0.01,0.025]:0
(0.025,0.05]:0
(0.05,0.075]:0
(0.075,0.1]:0
(0.1,0.25]:0
(0.25,0.5]:0
(0.5,0.75]:0
(0.75,1]:0
(1,2.5]:0
(2.5,5]:0
(5,7.5]:0
(7.5,10]:0
(10,+Infinity]:0
(2025-09-11T03:42:51.6816019Z, 2025-09-11T03:42:58.8643873Z] http.request.method: GET http.response.status_code: 200 http.route: api/People network.protocol.version: 1.1 url.scheme: http Histogram
Value: Sum: 0.031235600000000002 Count: 28 Min: 0.0002553 Max: 0.0085184 
(-Infinity,0.005]:27
(0.005,0.01]:1
(0.01,0.025]:0
(0.025,0.05]:0
(0.05,0.075]:0
(0.075,0.1]:0
(0.1,0.25]:0
(0.25,0.5]:0
(0.5,0.75]:0
(0.75,1]:0
(1,2.5]:0
(2.5,5]:0
(5,7.5]:0
(7.5,10]:0
(10,+Infinity]:0
(2025-09-11T03:42:51.6816019Z, 2025-09-11T03:42:58.8643873Z] http.request.method: POST http.response.status_code: 201 http.route: api/People network.protocol.version: 1.1 url.scheme: http Histogram
Value: Sum: 0.009801 Count: 2 Min: 0.0016876 Max: 0.0081134 
(-Infinity,0.005]:1
(0.005,0.01]:1
(0.01,0.025]:0
(0.025,0.05]:0
(0.05,0.075]:0
(0.075,0.1]:0
(0.1,0.25]:0
(0.25,0.5]:0
(0.5,0.75]:0
(0.75,1]:0
(1,2.5]:0
(2.5,5]:0
(5,7.5]:0
(7.5,10]:0
(10,+Infinity]:0
(2025-09-11T03:42:51.6816019Z, 2025-09-11T03:42:58.8643873Z] http.request.method: GET http.response.status_code: 304 http.route: api/People network.protocol.version: 1.1 url.scheme: http Histogram
Value: Sum: 0.0016001 Count: 1 Min: 0.0016001 Max: 0.0016001 
(-Infinity,0.005]:1
(0.005,0.01]:0
(0.01,0.025]:0
(0.025,0.05]:0
(0.05,0.075]:0
(0.075,0.1]:0
(0.1,0.25]:0
(0.25,0.5]:0
(0.5,0.75]:0
(0.75,1]:0
(1,2.5]:0
(2.5,5]:0
(5,7.5]:0
(7.5,10]:0
(10,+Infinity]:0
(2025-09-11T03:42:51.6816019Z, 2025-09-11T03:42:58.8643873Z] http.request.method: GET http.response.status_code: 200 http.route: api/Windows network.protocol.version: 1.1 url.scheme: http Histogram
Value: Sum: 0.0101254 Count: 1 Min: 0.0101254 Max: 0.0101254 
(-Infinity,0.005]:0
(0.005,0.01]:0
(0.01,0.025]:1
(0.025,0.05]:0
(0.05,0.075]:0
(0.075,0.1]:0
(0.1,0.25]:0
(0.25,0.5]:0
(0.5,0.75]:0
(0.75,1]:0
(1,2.5]:0
(2.5,5]:0
(5,7.5]:0
(7.5,10]:0
(10,+Infinity]:0
(2025-09-11T03:42:51.6816019Z, 2025-09-11T03:42:58.8643873Z] http.request.method: GET http.response.status_code: 200 http.route: api/People/{id:guid} network.protocol.version: 1.1 url.scheme: http Histogram
Value: Sum: 0.0074129999999999995 Count: 6 Min: 0.0003384 Max: 0.0039523 
(-Infinity,0.005]:6
(0.005,0.01]:0
(0.01,0.025]:0
(0.025,0.05]:0
(0.05,0.075]:0
(0.075,0.1]:0
(0.1,0.25]:0
(0.25,0.5]:0
(0.5,0.75]:0
(0.75,1]:0
(1,2.5]:0
(2.5,5]:0
(5,7.5]:0
(7.5,10]:0
(10,+Infinity]:0
Metric Name: aspnetcore.rate_limiting.active_request_leases, Number of HTTP requests that are currently active on the server that hold a rate limiting lease., Unit: {request}, Meter: Microsoft.AspNetCore.RateLimiting
(2025-09-11T03:42:51.6834526Z, 2025-09-11T03:42:58.8643878Z] LongSumNonMonotonic
Value: 0
Metric Name: aspnetcore.rate_limiting.request_lease.duration, The duration of rate limiting leases held by HTTP requests on the server., Unit: s, Meter: Microsoft.AspNetCore.RateLimiting
(2025-09-11T03:42:51.6834752Z, 2025-09-11T03:42:58.8643882Z] Histogram
Value: Sum: 4.926774 Count: 72 Min: 0.0002194 Max: 0.3294799 
(-Infinity,0.005]:50
(0.005,0.01]:5
(0.01,0.025]:1
(0.025,0.05]:0
(0.05,0.075]:0
(0.075,0.1]:0
(0.1,0.25]:0
(0.25,0.5]:16
(0.5,0.75]:0
(0.75,1]:0
(1,2.5]:0
(2.5,5]:0
(5,7.5]:0
(7.5,10]:0
(10,+Infinity]:0
Metric Name: aspnetcore.rate_limiting.requests, Number of requests that tried to acquire a rate limiting lease. Requests could be rejected by global or endpoint rate limiting policies. Or the request could be canceled while waiting for the lease., Unit: {request}, Meter: Microsoft.AspNetCore.RateLimiting
(2025-09-11T03:42:51.6835283Z, 2025-09-11T03:42:58.8643891Z] aspnetcore.rate_limiting.result: acquired LongSum
Value: 72
Metric Name: aspnetcore.routing.match_attempts, Number of requests that were attempted to be matched to an endpoint., Unit: {match_attempt}, Meter: Microsoft.AspNetCore.Routing
(2025-09-11T03:42:51.6843089Z, 2025-09-11T03:42:58.8643894Z] aspnetcore.routing.is_fallback: false aspnetcore.routing.match_status: success http.route: api/Auth/register LongSum
Value: 13
(2025-09-11T03:42:51.6843089Z, 2025-09-11T03:42:58.8643894Z] aspnetcore.routing.is_fallback: false aspnetcore.routing.match_status: success http.route: api/Auth/login LongSum
Value: 3
(2025-09-11T03:42:51.6843089Z, 2025-09-11T03:42:58.8643894Z] aspnetcore.routing.is_fallback: false aspnetcore.routing.match_status: success http.route: api/Roles LongSum
Value: 15
(2025-09-11T03:42:51.6843089Z, 2025-09-11T03:42:58.8643894Z] aspnetcore.routing.is_fallback: false aspnetcore.routing.match_status: success http.route: api/Walls LongSum
Value: 3
(2025-09-11T03:42:51.6843089Z, 2025-09-11T03:42:58.8643894Z] aspnetcore.routing.is_fallback: false aspnetcore.routing.match_status: success http.route: api/People LongSum
Value: 31
(2025-09-11T03:42:51.6843089Z, 2025-09-11T03:42:58.8643894Z] aspnetcore.routing.is_fallback: false aspnetcore.routing.match_status: success http.route: api/Windows LongSum
Value: 1
(2025-09-11T03:42:51.6843089Z, 2025-09-11T03:42:58.8643894Z] aspnetcore.routing.is_fallback: false aspnetcore.routing.match_status: success http.route: api/People/{id:guid} LongSum
Value: 6
[03:42:58 INF] Starting Crud API application {"Application": "Crud.Api"}
[03:42:58 INF] Using SQLite provider with connection: Data Source=TestDatabase.db {"Application": "Crud.Api"}
[03:42:58 INF] Database ensured successfully {"Application": "Crud.Api"}
[03:42:58 INF] Application configured successfully. Starting web host... {"Application": "Crud.Api"}
[03:42:58 INF] Resetting database for worker 8009 {"SourceContext": "Infrastructure.Services.DatabaseTestService", "Application": "Crud.Api"}
[03:42:58 INF] Resetting database via file deletion for worker 8009 in CI environment {"SourceContext": "Infrastructure.Services.DatabaseTestService", "Application": "Crud.Api"}
[03:42:58 INF] Acquiring database mutex for worker 8009... {"SourceContext": "Infrastructure.Services.DatabaseTestService", "Application": "Crud.Api"}
[03:42:58 INF] Database mutex acquired for worker 8009 {"SourceContext": "Infrastructure.Services.DatabaseTestService", "Application": "Crud.Api"}
[03:42:58 INF] Current database state - CanConnect: True {"SourceContext": "Infrastructure.Services.DatabaseTestService", "Application": "Crud.Api"}
[03:42:58 INF] [Phase 0] Closing database connection for worker 8009... {"SourceContext": "Infrastructure.Services.DatabaseTestService", "Application": "Crud.Api"}
[03:42:58 INF] [Phase 0] Connection closed in 0.0009ms {"SourceContext": "Infrastructure.Services.DatabaseTestService", "Application": "Crud.Api"}
[03:42:58 INF] [Phase 1] Starting EnsureDeletedAsync for worker 8009... {"SourceContext": "Infrastructure.Services.DatabaseTestService", "Application": "Crud.Api"}
[03:42:58 INF] [Phase 1] EnsureDeletedAsync completed in 1.44ms {"SourceContext": "Infrastructure.Services.DatabaseTestService", "Application": "Crud.Api"}
[03:42:59 INF] [Phase 2] Starting EnsureCreatedAsync for worker 8009... {"SourceContext": "Infrastructure.Services.DatabaseTestService", "Application": "Crud.Api"}
[03:42:59 INF] [Phase 2] EnsureCreatedAsync completed in 7.9879ms {"SourceContext": "Infrastructure.Services.DatabaseTestService", "Application": "Crud.Api"}
[03:42:59 INF] [Phase 3] Skipping database seeding as requested for worker 8009 {"SourceContext": "Infrastructure.Services.DatabaseTestService", "Application": "Crud.Api"}
[03:42:59 INF] Database reset via file deletion completed for worker 8009 in 109.6776ms (Close: 0.0009ms, Delete: 1.44ms, Create: 7.9879ms) {"SourceContext": "Infrastructure.Services.DatabaseTestService", "Application": "Crud.Api"}
[03:42:59 INF] Releasing database mutex for worker 8009 {"SourceContext": "Infrastructure.Services.DatabaseTestService", "Application": "Crud.Api"}
[03:42:59 WRN] Failed to determine the https port for redirect. {"EventId": {"Id": 3, "Name": "FailedToDeterminePort"}, "SourceContext": "Microsoft.AspNetCore.HttpsPolicy.HttpsRedirectionMiddleware", "RequestId": "0HNFGSKFKDJII", "RequestPath": "/api/auth/register", "Application": "Crud.Api"}
[03:42:59 INF] User registered successfully: ebd14a0d-e142-4459-8c16-d1ed7be3068d {"SourceContext": "App.Features.Authentication.RegisterUserCommandHandler", "ActionId": "74d893c7-84cb-4870-a17b-af9a2ba2b7ef", "ActionName": "Api.Controllers.AuthController.Register (Api)", "RequestId": "0HNFGSKFKDJII", "RequestPath": "/api/auth/register", "Application": "Crud.Api"}
Activity.TraceId:            240ca627be9cef4eb47eafeb694725ce
Activity.SpanId:             ff9095522a0b6c2e
Activity.TraceFlags:         Recorded
Activity.ActivitySourceName: Microsoft.AspNetCore
Activity.DisplayName:        POST api/Auth/register
Activity.Kind:               Server
Activity.StartTime:          2025-09-11T03:42:59.0163172Z
Activity.Duration:           00:00:00.3074548
Activity.Tags:
    server.address: localhost
    http.request.method: POST
    url.scheme: http
    url.path: /api/auth/register
    network.protocol.version: 1.1
    http.route: api/Auth/register
    http.response.status_code: 200
Resource associated with Activity:
    deployment.environment: Testing
    service.name: Crud.Api
    service.version: 1.0.0
    service.instance.id: a483e3f3-32ea-4a50-a508-2cd77b6b2522
    telemetry.sdk.name: opentelemetry
    telemetry.sdk.language: dotnet
    telemetry.sdk.version: 1.8.1
[03:42:59 DBG] Cache miss for key: list:wall {"SourceContext": "Infrastructure.Services.Caching.InMemoryCacheService", "ActionId": "5c940898-d425-4192-859f-04b196351f73", "ActionName": "Api.Controllers.WallsController.List (Api)", "RequestId": "0HNFGSKFKDJIJ", "RequestPath": "/api/walls", "Application": "Crud.Api"}
[03:42:59 DBG] Set cache value for key: list:wall {"SourceContext": "Infrastructure.Services.Caching.InMemoryCacheService", "ActionId": "5c940898-d425-4192-859f-04b196351f73", "ActionName": "Api.Controllers.WallsController.List (Api)", "RequestId": "0HNFGSKFKDJIJ", "RequestPath": "/api/walls", "Application": "Crud.Api"}
Activity.TraceId:            2954d9b2cfbf22c80ec2133abf2293f9
Activity.SpanId:             70b2788f8520acfc
Activity.TraceFlags:         Recorded
Activity.ActivitySourceName: Microsoft.AspNetCore
Activity.DisplayName:        GET api/Walls
Activity.Kind:               Server
Activity.StartTime:          2025-09-11T03:42:59.3244119Z
Activity.Duration:           00:00:00.0129153
Activity.Tags:
    server.address: localhost
    http.request.method: GET
    url.scheme: http
    url.path: /api/walls
    network.protocol.version: 1.1
    http.route: api/Walls
    http.response.status_code: 200
Resource associated with Activity:
    deployment.environment: Testing
    service.name: Crud.Api
    service.version: 1.0.0
    service.instance.id: a483e3f3-32ea-4a50-a508-2cd77b6b2522
    telemetry.sdk.name: opentelemetry
    telemetry.sdk.language: dotnet
    telemetry.sdk.version: 1.8.1
[03:42:59 DBG] Cache hit for key: list:wall {"SourceContext": "Infrastructure.Services.Caching.InMemoryCacheService", "ActionId": "5c940898-d425-4192-859f-04b196351f73", "ActionName": "Api.Controllers.WallsController.List (Api)", "RequestId": "0HNFGSKFKDJIK", "RequestPath": "/api/walls", "Application": "Crud.Api"}
Activity.TraceId:            919eb9d6905216d28247e1a3c2d00e8b
Activity.SpanId:             75ed3c2ab0df6c9e
Activity.TraceFlags:         Recorded
Activity.ActivitySourceName: Microsoft.AspNetCore
Activity.DisplayName:        GET api/Walls
Activity.Kind:               Server
Activity.StartTime:          2025-09-11T03:42:59.3376536Z
Activity.Duration:           00:00:00.0024757
Activity.Tags:
    server.address: localhost
    http.request.method: GET
    url.scheme: http
    url.path: /api/walls
    network.protocol.version: 1.1
    http.route: api/Walls
    http.response.status_code: 200
Resource associated with Activity:
    deployment.environment: Testing
    service.name: Crud.Api
    service.version: 1.0.0
    service.instance.id: a483e3f3-32ea-4a50-a508-2cd77b6b2522
    telemetry.sdk.name: opentelemetry
    telemetry.sdk.language: dotnet
    telemetry.sdk.version: 1.8.1
[03:42:59 INF] Resetting database for worker 8009 {"SourceContext": "Infrastructure.Services.DatabaseTestService", "Application": "Crud.Api"}
[03:42:59 INF] Resetting database via file deletion for worker 8009 in CI environment {"SourceContext": "Infrastructure.Services.DatabaseTestService", "Application": "Crud.Api"}
[03:42:59 INF] Acquiring database mutex for worker 8009... {"SourceContext": "Infrastructure.Services.DatabaseTestService", "Application": "Crud.Api"}
[03:42:59 INF] Database mutex acquired for worker 8009 {"SourceContext": "Infrastructure.Services.DatabaseTestService", "Application": "Crud.Api"}
[03:42:59 INF] Current database state - CanConnect: True {"SourceContext": "Infrastructure.Services.DatabaseTestService", "Application": "Crud.Api"}
[03:42:59 INF] [Phase 0] Closing database connection for worker 8009... {"SourceContext": "Infrastructure.Services.DatabaseTestService", "Application": "Crud.Api"}
[03:42:59 INF] [Phase 0] Connection closed in 0.001ms {"SourceContext": "Infrastructure.Services.DatabaseTestService", "Application": "Crud.Api"}
[03:42:59 INF] [Phase 1] Starting EnsureDeletedAsync for worker 8009... {"SourceContext": "Infrastructure.Services.DatabaseTestService", "Application": "Crud.Api"}
[03:42:59 INF] [Phase 1] EnsureDeletedAsync completed in 1.5828ms {"SourceContext": "Infrastructure.Services.DatabaseTestService", "Application": "Crud.Api"}
[03:42:59 INF] [Phase 2] Starting EnsureCreatedAsync for worker 8009... {"SourceContext": "Infrastructure.Services.DatabaseTestService", "Application": "Crud.Api"}
[03:42:59 INF] [Phase 2] EnsureCreatedAsync completed in 10.6057ms {"SourceContext": "Infrastructure.Services.DatabaseTestService", "Application": "Crud.Api"}
[03:42:59 INF] [Phase 3] Skipping database seeding as requested for worker 8009 {"SourceContext": "Infrastructure.Services.DatabaseTestService", "Application": "Crud.Api"}
[03:42:59 INF] Database reset via file deletion completed for worker 8009 in 113.0595ms (Close: 0.001ms, Delete: 1.5828ms, Create: 10.6057ms) {"SourceContext": "Infrastructure.Services.DatabaseTestService", "Application": "Crud.Api"}
[03:42:59 INF] Releasing database mutex for worker 8009 {"SourceContext": "Infrastructure.Services.DatabaseTestService", "Application": "Crud.Api"}
[03:42:59 INF] Resetting database for worker 8009 {"SourceContext": "Infrastructure.Services.DatabaseTestService", "Application": "Crud.Api"}
[03:42:59 INF] Resetting database via file deletion for worker 8009 in CI environment {"SourceContext": "Infrastructure.Services.DatabaseTestService", "Application": "Crud.Api"}
[03:42:59 INF] Acquiring database mutex for worker 8009... {"SourceContext": "Infrastructure.Services.DatabaseTestService", "Application": "Crud.Api"}
[03:42:59 INF] Database mutex acquired for worker 8009 {"SourceContext": "Infrastructure.Services.DatabaseTestService", "Application": "Crud.Api"}
[03:42:59 INF] Current database state - CanConnect: True {"SourceContext": "Infrastructure.Services.DatabaseTestService", "Application": "Crud.Api"}
[03:42:59 INF] [Phase 0] Closing database connection for worker 8009... {"SourceContext": "Infrastructure.Services.DatabaseTestService", "Application": "Crud.Api"}
[03:42:59 INF] [Phase 0] Connection closed in 0.0011ms {"SourceContext": "Infrastructure.Services.DatabaseTestService", "Application": "Crud.Api"}
[03:42:59 INF] [Phase 1] Starting EnsureDeletedAsync for worker 8009... {"SourceContext": "Infrastructure.Services.DatabaseTestService", "Application": "Crud.Api"}
[03:42:59 INF] [Phase 1] EnsureDeletedAsync completed in 1.634ms {"SourceContext": "Infrastructure.Services.DatabaseTestService", "Application": "Crud.Api"}
[03:42:59 INF] [Phase 2] Starting EnsureCreatedAsync for worker 8009... {"SourceContext": "Infrastructure.Services.DatabaseTestService", "Application": "Crud.Api"}
[03:42:59 INF] [Phase 2] EnsureCreatedAsync completed in 14.2035ms {"SourceContext": "Infrastructure.Services.DatabaseTestService", "Application": "Crud.Api"}
[03:42:59 INF] [Phase 3] Skipping database seeding as requested for worker 8009 {"SourceContext": "Infrastructure.Services.DatabaseTestService", "Application": "Crud.Api"}
[03:42:59 INF] Database reset via file deletion completed for worker 8009 in 116.7503ms (Close: 0.0011ms, Delete: 1.634ms, Create: 14.2035ms) {"SourceContext": "Infrastructure.Services.DatabaseTestService", "Application": "Crud.Api"}
[03:42:59 INF] Releasing database mutex for worker 8009 {"SourceContext": "Infrastructure.Services.DatabaseTestService", "Application": "Crud.Api"}
[03:42:59 INF] User registered successfully: d43d9d42-2b55-40f9-8a3d-f542d2931a5d {"SourceContext": "App.Features.Authentication.RegisterUserCommandHandler", "ActionId": "74d893c7-84cb-4870-a17b-af9a2ba2b7ef", "ActionName": "Api.Controllers.AuthController.Register (Api)", "RequestId": "0HNFGSKFKDJIL", "RequestPath": "/api/auth/register", "Application": "Crud.Api"}
Activity.TraceId:            f871b4065ab87f38aee89956612fbc6b
Activity.SpanId:             588019eee64ca9a1
Activity.TraceFlags:         Recorded
Activity.ActivitySourceName: Microsoft.AspNetCore
Activity.DisplayName:        POST api/Auth/register
Activity.Kind:               Server
Activity.StartTime:          2025-09-11T03:42:59.5773301Z
Activity.Duration:           00:00:00.3010074
Activity.Tags:
    server.address: localhost
    http.request.method: POST
    url.scheme: http
    url.path: /api/auth/register
    network.protocol.version: 1.1
    http.route: api/Auth/register
    http.response.status_code: 200
Resource associated with Activity:
    deployment.environment: Testing
    service.name: Crud.Api
    service.version: 1.0.0
    service.instance.id: a483e3f3-32ea-4a50-a508-2cd77b6b2522
    telemetry.sdk.name: opentelemetry
    telemetry.sdk.language: dotnet
    telemetry.sdk.version: 1.8.1
[03:42:59 DBG] Cache miss for key: list:window {"SourceContext": "Infrastructure.Services.Caching.InMemoryCacheService", "ActionId": "002f63f9-c804-4c6d-9e7a-55783f4c399d", "ActionName": "Api.Controllers.WindowsController.List (Api)", "RequestId": "0HNFGSKFKDJIM", "RequestPath": "/api/windows", "Application": "Crud.Api"}
[03:42:59 DBG] Set cache value for key: list:window {"SourceContext": "Infrastructure.Services.Caching.InMemoryCacheService", "ActionId": "002f63f9-c804-4c6d-9e7a-55783f4c399d", "ActionName": "Api.Controllers.WindowsController.List (Api)", "RequestId": "0HNFGSKFKDJIM", "RequestPath": "/api/windows", "Application": "Crud.Api"}
Activity.TraceId:            3ea4ae824ed260220bfa2dbcf75abd4f
Activity.SpanId:             d0ed249cbc9d12f9
Activity.TraceFlags:         Recorded
Activity.ActivitySourceName: Microsoft.AspNetCore
Activity.DisplayName:        GET api/Windows
Activity.Kind:               Server
Activity.StartTime:          2025-09-11T03:42:59.8791003Z
Activity.Duration:           00:00:00.0119026
Activity.Tags:
    server.address: localhost
    http.request.method: GET
    url.scheme: http
    url.path: /api/windows
    network.protocol.version: 1.1
    http.route: api/Windows
    http.response.status_code: 200
Resource associated with Activity:
    deployment.environment: Testing
    service.name: Crud.Api
    service.version: 1.0.0
    service.instance.id: a483e3f3-32ea-4a50-a508-2cd77b6b2522
    telemetry.sdk.name: opentelemetry
    telemetry.sdk.language: dotnet
    telemetry.sdk.version: 1.8.1
[03:42:59 DBG] Cache hit for key: list:window {"SourceContext": "Infrastructure.Services.Caching.InMemoryCacheService", "ActionId": "002f63f9-c804-4c6d-9e7a-55783f4c399d", "ActionName": "Api.Controllers.WindowsController.List (Api)", "RequestId": "0HNFGSKFKDJIN", "RequestPath": "/api/windows", "Application": "Crud.Api"}
Activity.TraceId:            fc68de44de433674a338acdc4e223a48
Activity.SpanId:             1f8aaef927103582
Activity.TraceFlags:         Recorded
Activity.ActivitySourceName: Microsoft.AspNetCore
Activity.DisplayName:        GET api/Windows
Activity.Kind:               Server
Activity.StartTime:          2025-09-11T03:42:59.8912097Z
Activity.Duration:           00:00:00.0004430
Activity.Tags:
    server.address: localhost
    http.request.method: GET
    url.scheme: http
    url.path: /api/windows
    network.protocol.version: 1.1
    http.route: api/Windows
    http.response.status_code: 200
Resource associated with Activity:
    deployment.environment: Testing
    service.name: Crud.Api
    service.version: 1.0.0
    service.instance.id: a483e3f3-32ea-4a50-a508-2cd77b6b2522
    telemetry.sdk.name: opentelemetry
    telemetry.sdk.language: dotnet
    telemetry.sdk.version: 1.8.1
[03:42:59 INF] Resetting database for worker 8009 {"SourceContext": "Infrastructure.Services.DatabaseTestService", "Application": "Crud.Api"}
[03:42:59 INF] Resetting database via file deletion for worker 8009 in CI environment {"SourceContext": "Infrastructure.Services.DatabaseTestService", "Application": "Crud.Api"}
[03:42:59 INF] Acquiring database mutex for worker 8009... {"SourceContext": "Infrastructure.Services.DatabaseTestService", "Application": "Crud.Api"}
[03:42:59 INF] Database mutex acquired for worker 8009 {"SourceContext": "Infrastructure.Services.DatabaseTestService", "Application": "Crud.Api"}
[03:42:59 INF] Current database state - CanConnect: True {"SourceContext": "Infrastructure.Services.DatabaseTestService", "Application": "Crud.Api"}
[03:42:59 INF] [Phase 0] Closing database connection for worker 8009... {"SourceContext": "Infrastructure.Services.DatabaseTestService", "Application": "Crud.Api"}
[03:42:59 INF] [Phase 0] Connection closed in 0.0007ms {"SourceContext": "Infrastructure.Services.DatabaseTestService", "Application": "Crud.Api"}
[03:42:59 INF] [Phase 1] Starting EnsureDeletedAsync for worker 8009... {"SourceContext": "Infrastructure.Services.DatabaseTestService", "Application": "Crud.Api"}
[03:42:59 INF] [Phase 1] EnsureDeletedAsync completed in 1.4154ms {"SourceContext": "Infrastructure.Services.DatabaseTestService", "Application": "Crud.Api"}
[03:42:59 INF] [Phase 2] Starting EnsureCreatedAsync for worker 8009... {"SourceContext": "Infrastructure.Services.DatabaseTestService", "Application": "Crud.Api"}
[03:43:00 INF] [Phase 2] EnsureCreatedAsync completed in 7.2485ms {"SourceContext": "Infrastructure.Services.DatabaseTestService", "Application": "Crud.Api"}
[03:43:00 INF] [Phase 3] Skipping database seeding as requested for worker 8009 {"SourceContext": "Infrastructure.Services.DatabaseTestService", "Application": "Crud.Api"}
[03:43:00 INF] Database reset via file deletion completed for worker 8009 in 109.3341ms (Close: 0.0007ms, Delete: 1.4154ms, Create: 7.2485ms) {"SourceContext": "Infrastructure.Services.DatabaseTestService", "Application": "Crud.Api"}
[03:43:00 INF] Releasing database mutex for worker 8009 {"SourceContext": "Infrastructure.Services.DatabaseTestService", "Application": "Crud.Api"}
[03:43:00 INF] Resetting database for worker 8009 {"SourceContext": "Infrastructure.Services.DatabaseTestService", "Application": "Crud.Api"}
[03:43:00 INF] Resetting database via file deletion for worker 8009 in CI environment {"SourceContext": "Infrastructure.Services.DatabaseTestService", "Application": "Crud.Api"}
[03:43:00 INF] Acquiring database mutex for worker 8009... {"SourceContext": "Infrastructure.Services.DatabaseTestService", "Application": "Crud.Api"}
[03:43:00 INF] Database mutex acquired for worker 8009 {"SourceContext": "Infrastructure.Services.DatabaseTestService", "Application": "Crud.Api"}
[03:43:00 INF] Current database state - CanConnect: True {"SourceContext": "Infrastructure.Services.DatabaseTestService", "Application": "Crud.Api"}
[03:43:00 INF] [Phase 0] Closing database connection for worker 8009... {"SourceContext": "Infrastructure.Services.DatabaseTestService", "Application": "Crud.Api"}
[03:43:00 INF] [Phase 0] Connection closed in 0.0008ms {"SourceContext": "Infrastructure.Services.DatabaseTestService", "Application": "Crud.Api"}
[03:43:00 INF] [Phase 1] Starting EnsureDeletedAsync for worker 8009... {"SourceContext": "Infrastructure.Services.DatabaseTestService", "Application": "Crud.Api"}
[03:43:00 INF] [Phase 1] EnsureDeletedAsync completed in 2.6787ms {"SourceContext": "Infrastructure.Services.DatabaseTestService", "Application": "Crud.Api"}
[03:43:00 INF] [Phase 2] Starting EnsureCreatedAsync for worker 8009... {"SourceContext": "Infrastructure.Services.DatabaseTestService", "Application": "Crud.Api"}
[03:43:00 INF] [Phase 2] EnsureCreatedAsync completed in 11.7167ms {"SourceContext": "Infrastructure.Services.DatabaseTestService", "Application": "Crud.Api"}
[03:43:00 INF] [Phase 3] Skipping database seeding as requested for worker 8009 {"SourceContext": "Infrastructure.Services.DatabaseTestService", "Application": "Crud.Api"}
[03:43:00 INF] Database reset via file deletion completed for worker 8009 in 115.4654ms (Close: 0.0008ms, Delete: 2.6787ms, Create: 11.7167ms) {"SourceContext": "Infrastructure.Services.DatabaseTestService", "Application": "Crud.Api"}
[03:43:00 INF] Releasing database mutex for worker 8009 {"SourceContext": "Infrastructure.Services.DatabaseTestService", "Application": "Crud.Api"}
[03:43:00 INF] User registered successfully: 0b2e1f75-0774-4d2e-afc5-79522d1101a1 {"SourceContext": "App.Features.Authentication.RegisterUserCommandHandler", "ActionId": "74d893c7-84cb-4870-a17b-af9a2ba2b7ef", "ActionName": "Api.Controllers.AuthController.Register (Api)", "RequestId": "0HNFGSKFKDJIO", "RequestPath": "/api/auth/register", "Application": "Crud.Api"}
Activity.TraceId:            40aae065976df790f004932f8da82fc6
Activity.SpanId:             0662f2c5cdbdbc97
Activity.TraceFlags:         Recorded
Activity.ActivitySourceName: Microsoft.AspNetCore
Activity.DisplayName:        POST api/Auth/register
Activity.Kind:               Server
Activity.StartTime:          2025-09-11T03:43:00.1222172Z
Activity.Duration:           00:00:00.3012796
Activity.Tags:
    server.address: localhost
    http.request.method: POST
    url.scheme: http
    url.path: /api/auth/register
    network.protocol.version: 1.1
    http.route: api/Auth/register
    http.response.status_code: 200
Resource associated with Activity:
    deployment.environment: Testing
    service.name: Crud.Api
    service.version: 1.0.0
    service.instance.id: a483e3f3-32ea-4a50-a508-2cd77b6b2522
    telemetry.sdk.name: opentelemetry
    telemetry.sdk.language: dotnet
    telemetry.sdk.version: 1.8.1
[03:43:00 DBG] Cache miss for key: list:role {"SourceContext": "Infrastructure.Services.Caching.InMemoryCacheService", "ActionId": "e33d9e49-9a6e-40fc-b89c-24186cf12cb9", "ActionName": "Api.Controllers.RolesController.List (Api)", "RequestId": "0HNFGSKFKDJIP", "RequestPath": "/api/roles", "Application": "Crud.Api"}
[03:43:00 DBG] Set cache value for key: list:role {"SourceContext": "Infrastructure.Services.Caching.InMemoryCacheService", "ActionId": "e33d9e49-9a6e-40fc-b89c-24186cf12cb9", "ActionName": "Api.Controllers.RolesController.List (Api)", "RequestId": "0HNFGSKFKDJIP", "RequestPath": "/api/roles", "Application": "Crud.Api"}
Activity.TraceId:            33c2f5b86904a643f00d52a5255e6e14
Activity.SpanId:             6d1ec26ddc6487c5
Activity.TraceFlags:         Recorded
Activity.ActivitySourceName: Microsoft.AspNetCore
Activity.DisplayName:        GET api/Roles
Activity.Kind:               Server
Activity.StartTime:          2025-09-11T03:43:00.4241563Z
Activity.Duration:           00:00:00.0054144
Activity.Tags:
    server.address: localhost
    http.request.method: GET
    url.scheme: http
    url.path: /api/roles
    network.protocol.version: 1.1
    http.route: api/Roles
    http.response.status_code: 200
Resource associated with Activity:
    deployment.environment: Testing
    service.name: Crud.Api
    service.version: 1.0.0
    service.instance.id: a483e3f3-32ea-4a50-a508-2cd77b6b2522
    telemetry.sdk.name: opentelemetry
    telemetry.sdk.language: dotnet
    telemetry.sdk.version: 1.8.1
[03:43:00 DBG] Cache hit for key: list:role {"SourceContext": "Infrastructure.Services.Caching.InMemoryCacheService", "ActionId": "e33d9e49-9a6e-40fc-b89c-24186cf12cb9", "ActionName": "Api.Controllers.RolesController.List (Api)", "RequestId": "0HNFGSKFKDJIQ", "RequestPath": "/api/roles", "Application": "Crud.Api"}
Activity.TraceId:            0edb1904c87cd7b7dc4164a9de9d7b0a
Activity.SpanId:             c84c107446cca990
Activity.TraceFlags:         Recorded
Activity.ActivitySourceName: Microsoft.AspNetCore
Activity.DisplayName:        GET api/Roles
Activity.Kind:               Server
Activity.StartTime:          2025-09-11T03:43:00.4296703Z
Activity.Duration:           00:00:00.0003909
Activity.Tags:
    server.address: localhost
    http.request.method: GET
    url.scheme: http
    url.path: /api/roles
    network.protocol.version: 1.1
    http.route: api/Roles
    http.response.status_code: 200
Resource associated with Activity:
    deployment.environment: Testing
    service.name: Crud.Api
    service.version: 1.0.0
    service.instance.id: a483e3f3-32ea-4a50-a508-2cd77b6b2522
    telemetry.sdk.name: opentelemetry
    telemetry.sdk.language: dotnet
    telemetry.sdk.version: 1.8.1
[03:43:00 INF] Resetting database for worker 8009 {"SourceContext": "Infrastructure.Services.DatabaseTestService", "Application": "Crud.Api"}
[03:43:00 INF] Resetting database via file deletion for worker 8009 in CI environment {"SourceContext": "Infrastructure.Services.DatabaseTestService", "Application": "Crud.Api"}
[03:43:00 INF] Acquiring database mutex for worker 8009... {"SourceContext": "Infrastructure.Services.DatabaseTestService", "Application": "Crud.Api"}
[03:43:00 INF] Database mutex acquired for worker 8009 {"SourceContext": "Infrastructure.Services.DatabaseTestService", "Application": "Crud.Api"}
[03:43:00 INF] Current database state - CanConnect: True {"SourceContext": "Infrastructure.Services.DatabaseTestService", "Application": "Crud.Api"}
[03:43:00 INF] [Phase 0] Closing database connection for worker 8009... {"SourceContext": "Infrastructure.Services.DatabaseTestService", "Application": "Crud.Api"}
[03:43:00 INF] [Phase 0] Connection closed in 0.0008ms {"SourceContext": "Infrastructure.Services.DatabaseTestService", "Application": "Crud.Api"}
[03:43:00 INF] [Phase 1] Starting EnsureDeletedAsync for worker 8009... {"SourceContext": "Infrastructure.Services.DatabaseTestService", "Application": "Crud.Api"}
[03:43:00 INF] [Phase 1] EnsureDeletedAsync completed in 1.5109ms {"SourceContext": "Infrastructure.Services.DatabaseTestService", "Application": "Crud.Api"}
[03:43:00 INF] [Phase 2] Starting EnsureCreatedAsync for worker 8009... {"SourceContext": "Infrastructure.Services.DatabaseTestService", "Application": "Crud.Api"}
[03:43:00 INF] [Phase 2] EnsureCreatedAsync completed in 7.2977ms {"SourceContext": "Infrastructure.Services.DatabaseTestService", "Application": "Crud.Api"}
[03:43:00 INF] [Phase 3] Skipping database seeding as requested for worker 8009 {"SourceContext": "Infrastructure.Services.DatabaseTestService", "Application": "Crud.Api"}
[03:43:00 INF] Database reset via file deletion completed for worker 8009 in 109.4949ms (Close: 0.0008ms, Delete: 1.5109ms, Create: 7.2977ms) {"SourceContext": "Infrastructure.Services.DatabaseTestService", "Application": "Crud.Api"}
[03:43:00 INF] Releasing database mutex for worker 8009 {"SourceContext": "Infrastructure.Services.DatabaseTestService", "Application": "Crud.Api"}
[03:43:00 INF] Resetting database for worker 8009 {"SourceContext": "Infrastructure.Services.DatabaseTestService", "Application": "Crud.Api"}
[03:43:00 INF] Resetting database via file deletion for worker 8009 in CI environment {"SourceContext": "Infrastructure.Services.DatabaseTestService", "Application": "Crud.Api"}
[03:43:00 INF] Acquiring database mutex for worker 8009... {"SourceContext": "Infrastructure.Services.DatabaseTestService", "Application": "Crud.Api"}
[03:43:00 INF] Database mutex acquired for worker 8009 {"SourceContext": "Infrastructure.Services.DatabaseTestService", "Application": "Crud.Api"}
[03:43:00 INF] Current database state - CanConnect: True {"SourceContext": "Infrastructure.Services.DatabaseTestService", "Application": "Crud.Api"}
[03:43:00 INF] [Phase 0] Closing database connection for worker 8009... {"SourceContext": "Infrastructure.Services.DatabaseTestService", "Application": "Crud.Api"}
[03:43:00 INF] [Phase 0] Connection closed in 0.0007ms {"SourceContext": "Infrastructure.Services.DatabaseTestService", "Application": "Crud.Api"}
[03:43:00 INF] [Phase 1] Starting EnsureDeletedAsync for worker 8009... {"SourceContext": "Infrastructure.Services.DatabaseTestService", "Application": "Crud.Api"}
[03:43:00 INF] [Phase 1] EnsureDeletedAsync completed in 1.2734ms {"SourceContext": "Infrastructure.Services.DatabaseTestService", "Application": "Crud.Api"}
[03:43:00 INF] [Phase 2] Starting EnsureCreatedAsync for worker 8009... {"SourceContext": "Infrastructure.Services.DatabaseTestService", "Application": "Crud.Api"}
[03:43:00 INF] [Phase 2] EnsureCreatedAsync completed in 7.2598ms {"SourceContext": "Infrastructure.Services.DatabaseTestService", "Application": "Crud.Api"}
[03:43:00 INF] [Phase 3] Skipping database seeding as requested for worker 8009 {"SourceContext": "Infrastructure.Services.DatabaseTestService", "Application": "Crud.Api"}
[03:43:00 INF] Database reset via file deletion completed for worker 8009 in 109.3176ms (Close: 0.0007ms, Delete: 1.2734ms, Create: 7.2598ms) {"SourceContext": "Infrastructure.Services.DatabaseTestService", "Application": "Crud.Api"}
[03:43:00 INF] Releasing database mutex for worker 8009 {"SourceContext": "Infrastructure.Services.DatabaseTestService", "Application": "Crud.Api"}
[03:43:00 INF] User registered successfully: 3b82e877-300b-4de6-bd9e-97f2671e8b2a {"SourceContext": "App.Features.Authentication.RegisterUserCommandHandler", "ActionId": "74d893c7-84cb-4870-a17b-af9a2ba2b7ef", "ActionName": "Api.Controllers.AuthController.Register (Api)", "RequestId": "0HNFGSKFKDJIR", "RequestPath": "/api/auth/register", "Application": "Crud.Api"}
Activity.TraceId:            481a0b30087ab6d564bfb1ddbcedbd88
Activity.SpanId:             07ac90bb98bb637e
Activity.TraceFlags:         Recorded
Activity.ActivitySourceName: Microsoft.AspNetCore
Activity.DisplayName:        POST api/Auth/register
Activity.Kind:               Server
Activity.StartTime:          2025-09-11T03:43:00.6540415Z
Activity.Duration:           00:00:00.2992206
Activity.Tags:
    server.address: localhost
    http.request.method: POST
    url.scheme: http
    url.path: /api/auth/register
    network.protocol.version: 1.1
    http.route: api/Auth/register
    http.response.status_code: 200
Resource associated with Activity:
    deployment.environment: Testing
    service.name: Crud.Api
    service.version: 1.0.0
    service.instance.id: a483e3f3-32ea-4a50-a508-2cd77b6b2522
    telemetry.sdk.name: opentelemetry
    telemetry.sdk.language: dotnet
    telemetry.sdk.version: 1.8.1
[03:43:00 DBG] Cache miss for key: list:person {"SourceContext": "Infrastructure.Services.Caching.InMemoryCacheService", "ActionId": "50712339-ce94-45db-bd65-9ccfb85d7069", "ActionName": "Api.Controllers.PeopleController.List (Api)", "RequestId": "0HNFGSKFKDJIS", "RequestPath": "/api/people", "Application": "Crud.Api"}
[03:43:00 DBG] Set cache value for key: list:person {"SourceContext": "Infrastructure.Services.Caching.InMemoryCacheService", "ActionId": "50712339-ce94-45db-bd65-9ccfb85d7069", "ActionName": "Api.Controllers.PeopleController.List (Api)", "RequestId": "0HNFGSKFKDJIS", "RequestPath": "/api/people", "Application": "Crud.Api"}
Activity.TraceId:            242738754fadf31320d9883ad37e116b
Activity.SpanId:             edb4ecdcb915682d
Activity.TraceFlags:         Recorded
Activity.ActivitySourceName: Microsoft.AspNetCore
Activity.DisplayName:        GET api/People
Activity.Kind:               Server
Activity.StartTime:          2025-09-11T03:43:00.9540225Z
Activity.Duration:           00:00:00.0074946
Activity.Tags:
    server.address: localhost
    http.request.method: GET
    url.scheme: http
    url.path: /api/people
    network.protocol.version: 1.1
    http.route: api/People
    http.response.status_code: 200
Resource associated with Activity:
    deployment.environment: Testing
    service.name: Crud.Api
    service.version: 1.0.0
    service.instance.id: a483e3f3-32ea-4a50-a508-2cd77b6b2522
    telemetry.sdk.name: opentelemetry
    telemetry.sdk.language: dotnet
    telemetry.sdk.version: 1.8.1
[03:43:00 DBG] Cache hit for key: list:person {"SourceContext": "Infrastructure.Services.Caching.InMemoryCacheService", "ActionId": "50712339-ce94-45db-bd65-9ccfb85d7069", "ActionName": "Api.Controllers.PeopleController.List (Api)", "RequestId": "0HNFGSKFKDJIT", "RequestPath": "/api/people", "Application": "Crud.Api"}
Activity.TraceId:            6bbdc984f01eb1261abaaf06869f840c
Activity.SpanId:             8b6383fef3743c48
Activity.TraceFlags:         Recorded
Activity.ActivitySourceName: Microsoft.AspNetCore
Activity.DisplayName:        GET api/People
Activity.Kind:               Server
Activity.StartTime:          2025-09-11T03:43:00.9616974Z
Activity.Duration:           00:00:00.0004498
Activity.Tags:
    server.address: localhost
    http.request.method: GET
    url.scheme: http
    url.path: /api/people
    network.protocol.version: 1.1
    http.route: api/People
    http.response.status_code: 200
Resource associated with Activity:
    deployment.environment: Testing
    service.name: Crud.Api
    service.version: 1.0.0
    service.instance.id: a483e3f3-32ea-4a50-a508-2cd77b6b2522
    telemetry.sdk.name: opentelemetry
    telemetry.sdk.language: dotnet
    telemetry.sdk.version: 1.8.1
[03:43:00 INF] Resetting database for worker 8009 {"SourceContext": "Infrastructure.Services.DatabaseTestService", "Application": "Crud.Api"}
[03:43:00 INF] Resetting database via file deletion for worker 8009 in CI environment {"SourceContext": "Infrastructure.Services.DatabaseTestService", "Application": "Crud.Api"}
[03:43:00 INF] Acquiring database mutex for worker 8009... {"SourceContext": "Infrastructure.Services.DatabaseTestService", "Application": "Crud.Api"}
[03:43:00 INF] Database mutex acquired for worker 8009 {"SourceContext": "Infrastructure.Services.DatabaseTestService", "Application": "Crud.Api"}
[03:43:00 INF] Current database state - CanConnect: True {"SourceContext": "Infrastructure.Services.DatabaseTestService", "Application": "Crud.Api"}
[03:43:00 INF] [Phase 0] Closing database connection for worker 8009... {"SourceContext": "Infrastructure.Services.DatabaseTestService", "Application": "Crud.Api"}
[03:43:00 INF] [Phase 0] Connection closed in 0.0008ms {"SourceContext": "Infrastructure.Services.DatabaseTestService", "Application": "Crud.Api"}
[03:43:00 INF] [Phase 1] Starting EnsureDeletedAsync for worker 8009... {"SourceContext": "Infrastructure.Services.DatabaseTestService", "Application": "Crud.Api"}
[03:43:00 INF] [Phase 1] EnsureDeletedAsync completed in 1.5188ms {"SourceContext": "Infrastructure.Services.DatabaseTestService", "Application": "Crud.Api"}
[03:43:01 INF] [Phase 2] Starting EnsureCreatedAsync for worker 8009... {"SourceContext": "Infrastructure.Services.DatabaseTestService", "Application": "Crud.Api"}
[03:43:01 INF] [Phase 2] EnsureCreatedAsync completed in 7.6895ms {"SourceContext": "Infrastructure.Services.DatabaseTestService", "Application": "Crud.Api"}
[03:43:01 INF] [Phase 3] Skipping database seeding as requested for worker 8009 {"SourceContext": "Infrastructure.Services.DatabaseTestService", "Application": "Crud.Api"}
[03:43:01 INF] Database reset via file deletion completed for worker 8009 in 110.2746ms (Close: 0.0008ms, Delete: 1.5188ms, Create: 7.6895ms) {"SourceContext": "Infrastructure.Services.DatabaseTestService", "Application": "Crud.Api"}
[03:43:01 INF] Releasing database mutex for worker 8009 {"SourceContext": "Infrastructure.Services.DatabaseTestService", "Application": "Crud.Api"}
[03:43:01 INF] Resetting database for worker 8009 {"SourceContext": "Infrastructure.Services.DatabaseTestService", "Application": "Crud.Api"}
[03:43:01 INF] Resetting database via file deletion for worker 8009 in CI environment {"SourceContext": "Infrastructure.Services.DatabaseTestService", "Application": "Crud.Api"}
[03:43:01 INF] Acquiring database mutex for worker 8009... {"SourceContext": "Infrastructure.Services.DatabaseTestService", "Application": "Crud.Api"}
[03:43:01 INF] Database mutex acquired for worker 8009 {"SourceContext": "Infrastructure.Services.DatabaseTestService", "Application": "Crud.Api"}
[03:43:01 INF] Current database state - CanConnect: True {"SourceContext": "Infrastructure.Services.DatabaseTestService", "Application": "Crud.Api"}
[03:43:01 INF] [Phase 0] Closing database connection for worker 8009... {"SourceContext": "Infrastructure.Services.DatabaseTestService", "Application": "Crud.Api"}
[03:43:01 INF] [Phase 0] Connection closed in 0.0008ms {"SourceContext": "Infrastructure.Services.DatabaseTestService", "Application": "Crud.Api"}
[03:43:01 INF] [Phase 1] Starting EnsureDeletedAsync for worker 8009... {"SourceContext": "Infrastructure.Services.DatabaseTestService", "Application": "Crud.Api"}
[03:43:01 INF] [Phase 1] EnsureDeletedAsync completed in 1.4991ms {"SourceContext": "Infrastructure.Services.DatabaseTestService", "Application": "Crud.Api"}
[03:43:01 INF] [Phase 2] Starting EnsureCreatedAsync for worker 8009... {"SourceContext": "Infrastructure.Services.DatabaseTestService", "Application": "Crud.Api"}
[03:43:01 INF] [Phase 2] EnsureCreatedAsync completed in 7.758ms {"SourceContext": "Infrastructure.Services.DatabaseTestService", "Application": "Crud.Api"}
[03:43:01 INF] [Phase 3] Skipping database seeding as requested for worker 8009 {"SourceContext": "Infrastructure.Services.DatabaseTestService", "Application": "Crud.Api"}
[03:43:01 INF] Database reset via file deletion completed for worker 8009 in 109.9719ms (Close: 0.0008ms, Delete: 1.4991ms, Create: 7.758ms) {"SourceContext": "Infrastructure.Services.DatabaseTestService", "Application": "Crud.Api"}
[03:43:01 INF] Releasing database mutex for worker 8009 {"SourceContext": "Infrastructure.Services.DatabaseTestService", "Application": "Crud.Api"}
[03:43:01 INF] User registered successfully: bda83943-52fb-4193-b7c4-082f01710c0b {"SourceContext": "App.Features.Authentication.RegisterUserCommandHandler", "ActionId": "74d893c7-84cb-4870-a17b-af9a2ba2b7ef", "ActionName": "Api.Controllers.AuthController.Register (Api)", "RequestId": "0HNFGSKFKDJIU", "RequestPath": "/api/auth/register", "Application": "Crud.Api"}
Activity.TraceId:            ab54daaf0958df02cab247a19aad48fd
Activity.SpanId:             666f240ba29589b9
Activity.TraceFlags:         Recorded
Activity.ActivitySourceName: Microsoft.AspNetCore
Activity.DisplayName:        POST api/Auth/register
Activity.Kind:               Server
Activity.StartTime:          2025-09-11T03:43:01.1876745Z
Activity.Duration:           00:00:00.2995659
Activity.Tags:
    server.address: localhost
    http.request.method: POST
    url.scheme: http
    url.path: /api/auth/register
    network.protocol.version: 1.1
    http.route: api/Auth/register
    http.response.status_code: 200
Resource associated with Activity:
    deployment.environment: Testing
    service.name: Crud.Api
    service.version: 1.0.0
    service.instance.id: a483e3f3-32ea-4a50-a508-2cd77b6b2522
    telemetry.sdk.name: opentelemetry
    telemetry.sdk.language: dotnet
    telemetry.sdk.version: 1.8.1
[03:43:01 DBG] Cache miss for key: entity:person:d79f50bdbaee44fd872c4fec90833e15 {"SourceContext": "Infrastructure.Services.Caching.InMemoryCacheService", "ActionId": "682024f8-4599-456b-ab9d-a6aff2dbe48e", "ActionName": "Api.Controllers.PeopleController.Get (Api)", "RequestId": "0HNFGSKFKDJIV", "RequestPath": "/api/people/d79f50bd-baee-44fd-872c-4fec90833e15", "Application": "Crud.Api"}
[03:43:01 DBG] Set cache value for key: entity:person:d79f50bdbaee44fd872c4fec90833e15 {"SourceContext": "Infrastructure.Services.Caching.InMemoryCacheService", "ActionId": "682024f8-4599-456b-ab9d-a6aff2dbe48e", "ActionName": "Api.Controllers.PeopleController.Get (Api)", "RequestId": "0HNFGSKFKDJIV", "RequestPath": "/api/people/d79f50bd-baee-44fd-872c-4fec90833e15", "Application": "Crud.Api"}
Activity.TraceId:            cc0cc8ebec292fa0899db3be3bf93ed6
Activity.SpanId:             2a240d6d59251f77
Activity.TraceFlags:         Recorded
Activity.ActivitySourceName: Microsoft.AspNetCore
Activity.DisplayName:        GET api/People/{id:guid}
Activity.Kind:               Server
Activity.StartTime:          2025-09-11T03:43:01.4879588Z
Activity.Duration:           00:00:00.0070040
Activity.Tags:
    server.address: localhost
    http.request.method: GET
    url.scheme: http
    url.path: /api/people/d79f50bd-baee-44fd-872c-4fec90833e15
    network.protocol.version: 1.1
    http.route: api/People/{id:guid}
    http.response.status_code: 200
Resource associated with Activity:
    deployment.environment: Testing
    service.name: Crud.Api
    service.version: 1.0.0
    service.instance.id: a483e3f3-32ea-4a50-a508-2cd77b6b2522
    telemetry.sdk.name: opentelemetry
    telemetry.sdk.language: dotnet
    telemetry.sdk.version: 1.8.1
[03:43:01 DBG] Cache hit for key: entity:person:d79f50bdbaee44fd872c4fec90833e15 {"SourceContext": "Infrastructure.Services.Caching.InMemoryCacheService", "ActionId": "682024f8-4599-456b-ab9d-a6aff2dbe48e", "ActionName": "Api.Controllers.PeopleController.Get (Api)", "RequestId": "0HNFGSKFKDJJ0", "RequestPath": "/api/people/d79f50bd-baee-44fd-872c-4fec90833e15", "Application": "Crud.Api"}
Activity.TraceId:            e68c3f8ebe25ceab4e76ea96b280a72e
Activity.SpanId:             b326bd87cb552a9d
Activity.TraceFlags:         Recorded
Activity.ActivitySourceName: Microsoft.AspNetCore
Activity.DisplayName:        GET api/People/{id:guid}
Activity.Kind:               Server
Activity.StartTime:          2025-09-11T03:43:01.4951074Z
Activity.Duration:           00:00:00.0004899
Activity.Tags:
    server.address: localhost
    http.request.method: GET
    url.scheme: http
    url.path: /api/people/d79f50bd-baee-44fd-872c-4fec90833e15
    network.protocol.version: 1.1
    http.route: api/People/{id:guid}
    http.response.status_code: 200
Resource associated with Activity:
    deployment.environment: Testing
    service.name: Crud.Api
    service.version: 1.0.0
    service.instance.id: a483e3f3-32ea-4a50-a508-2cd77b6b2522
    telemetry.sdk.name: opentelemetry
    telemetry.sdk.language: dotnet
    telemetry.sdk.version: 1.8.1
[03:43:01 INF] Resetting database for worker 8009 {"SourceContext": "Infrastructure.Services.DatabaseTestService", "Application": "Crud.Api"}
[03:43:01 INF] Resetting database via file deletion for worker 8009 in CI environment {"SourceContext": "Infrastructure.Services.DatabaseTestService", "Application": "Crud.Api"}
[03:43:01 INF] Acquiring database mutex for worker 8009... {"SourceContext": "Infrastructure.Services.DatabaseTestService", "Application": "Crud.Api"}
[03:43:01 INF] Database mutex acquired for worker 8009 {"SourceContext": "Infrastructure.Services.DatabaseTestService", "Application": "Crud.Api"}
[03:43:01 INF] Current database state - CanConnect: True {"SourceContext": "Infrastructure.Services.DatabaseTestService", "Application": "Crud.Api"}
[03:43:01 INF] [Phase 0] Closing database connection for worker 8009... {"SourceContext": "Infrastructure.Services.DatabaseTestService", "Application": "Crud.Api"}
[03:43:01 INF] [Phase 0] Connection closed in 0.0007ms {"SourceContext": "Infrastructure.Services.DatabaseTestService", "Application": "Crud.Api"}
[03:43:01 INF] [Phase 1] Starting EnsureDeletedAsync for worker 8009... {"SourceContext": "Infrastructure.Services.DatabaseTestService", "Application": "Crud.Api"}
[03:43:01 INF] [Phase 1] EnsureDeletedAsync completed in 1.4376ms {"SourceContext": "Infrastructure.Services.DatabaseTestService", "Application": "Crud.Api"}
[03:43:01 INF] [Phase 2] Starting EnsureCreatedAsync for worker 8009... {"SourceContext": "Infrastructure.Services.DatabaseTestService", "Application": "Crud.Api"}
[03:43:01 INF] [Phase 2] EnsureCreatedAsync completed in 13.7904ms {"SourceContext": "Infrastructure.Services.DatabaseTestService", "Application": "Crud.Api"}
[03:43:01 INF] [Phase 3] Skipping database seeding as requested for worker 8009 {"SourceContext": "Infrastructure.Services.DatabaseTestService", "Application": "Crud.Api"}
[03:43:01 INF] Database reset via file deletion completed for worker 8009 in 115.8405ms (Close: 0.0007ms, Delete: 1.4376ms, Create: 13.7904ms) {"SourceContext": "Infrastructure.Services.DatabaseTestService", "Application": "Crud.Api"}
[03:43:01 INF] Releasing database mutex for worker 8009 {"SourceContext": "Infrastructure.Services.DatabaseTestService", "Application": "Crud.Api"}
Resource associated with Metric:
    deployment.environment: Testing
    service.name: Crud.Api
    service.version: 1.0.0
    service.instance.id: a483e3f3-32ea-4a50-a508-2cd77b6b2522
    telemetry.sdk.name: opentelemetry
    telemetry.sdk.language: dotnet
    telemetry.sdk.version: 1.8.1
Metric Name: http.server.active_requests, Number of active HTTP server requests., Unit: {request}, Meter: Microsoft.AspNetCore.Hosting
(2025-09-11T03:42:58.8940069Z, 2025-09-11T03:43:01.6134840Z] http.request.method: POST url.scheme: http LongSumNonMonotonic
Value: 0
(2025-09-11T03:42:58.8940069Z, 2025-09-11T03:43:01.6134840Z] http.request.method: GET url.scheme: http LongSumNonMonotonic
Value: 0
Metric Name: http.server.request.duration, Duration of HTTP server requests., Unit: s, Meter: Microsoft.AspNetCore.Hosting
(2025-09-11T03:42:58.8940294Z, 2025-09-11T03:43:01.6134865Z] http.request.method: POST http.response.status_code: 200 http.route: api/Auth/register network.protocol.version: 1.1 url.scheme: http Histogram
Value: Sum: 1.5085041 Count: 5 Min: 0.2992165 Max: 0.3074485 
(-Infinity,0.005]:0
(0.005,0.01]:0
(0.01,0.025]:0
(0.025,0.05]:0
(0.05,0.075]:0
(0.075,0.1]:0
(0.1,0.25]:0
(0.25,0.5]:5
(0.5,0.75]:0
(0.75,1]:0
(1,2.5]:0
(2.5,5]:0
(5,7.5]:0
(7.5,10]:0
(10,+Infinity]:0
(2025-09-11T03:42:58.8940294Z, 2025-09-11T03:43:01.6134865Z] http.request.method: GET http.response.status_code: 200 http.route: api/Walls network.protocol.version: 1.1 url.scheme: http Histogram
Value: Sum: 0.0153774 Count: 2 Min: 0.0024744 Max: 0.012903 
(-Infinity,0.005]:1
(0.005,0.01]:0
(0.01,0.025]:1
(0.025,0.05]:0
(0.05,0.075]:0
(0.075,0.1]:0
(0.1,0.25]:0
(0.25,0.5]:0
(0.5,0.75]:0
(0.75,1]:0
(1,2.5]:0
(2.5,5]:0
(5,7.5]:0
(7.5,10]:0
(10,+Infinity]:0
(2025-09-11T03:42:58.8940294Z, 2025-09-11T03:43:01.6134865Z] http.request.method: GET http.response.status_code: 200 http.route: api/Windows network.protocol.version: 1.1 url.scheme: http Histogram
Value: Sum: 0.012355099999999999 Count: 2 Min: 0.0004461 Max: 0.011909 
(-Infinity,0.005]:1
(0.005,0.01]:0
(0.01,0.025]:1
(0.025,0.05]:0
(0.05,0.075]:0
(0.075,0.1]:0
(0.1,0.25]:0
(0.25,0.5]:0
(0.5,0.75]:0
(0.75,1]:0
(1,2.5]:0
(2.5,5]:0
(5,7.5]:0
(7.5,10]:0
(10,+Infinity]:0
(2025-09-11T03:42:58.8940294Z, 2025-09-11T03:43:01.6134865Z] http.request.method: GET http.response.status_code: 200 http.route: api/Roles network.protocol.version: 1.1 url.scheme: http Histogram
Value: Sum: 0.0057937 Count: 2 Min: 0.0003922 Max: 0.0054015 
(-Infinity,0.005]:1
(0.005,0.01]:1
(0.01,0.025]:0
(0.025,0.05]:0
(0.05,0.075]:0
(0.075,0.1]:0
(0.1,0.25]:0
(0.25,0.5]:0
(0.5,0.75]:0
(0.75,1]:0
(1,2.5]:0
(2.5,5]:0
(5,7.5]:0
(7.5,10]:0
(10,+Infinity]:0
(2025-09-11T03:42:58.8940294Z, 2025-09-11T03:43:01.6134865Z] http.request.method: GET http.response.status_code: 200 http.route: api/People network.protocol.version: 1.1 url.scheme: http Histogram
Value: Sum: 0.007937999999999999 Count: 2 Min: 0.0004504 Max: 0.0074876 
(-Infinity,0.005]:1
(0.005,0.01]:1
(0.01,0.025]:0
(0.025,0.05]:0
(0.05,0.075]:0
(0.075,0.1]:0
(0.1,0.25]:0
(0.25,0.5]:0
(0.5,0.75]:0
(0.75,1]:0
(1,2.5]:0
(2.5,5]:0
(5,7.5]:0
(7.5,10]:0
(10,+Infinity]:0
(2025-09-11T03:42:58.8940294Z, 2025-09-11T03:43:01.6134865Z] http.request.method: GET http.response.status_code: 200 http.route: api/People/{id:guid} network.protocol.version: 1.1 url.scheme: http Histogram
Value: Sum: 0.0074853 Count: 2 Min: 0.0004922 Max: 0.0069931 
(-Infinity,0.005]:1
(0.005,0.01]:1
(0.01,0.025]:0
(0.025,0.05]:0
(0.05,0.075]:0
(0.075,0.1]:0
(0.1,0.25]:0
(0.25,0.5]:0
(0.5,0.75]:0
(0.75,1]:0
(1,2.5]:0
(2.5,5]:0
(5,7.5]:0
(7.5,10]:0
(10,+Infinity]:0
Metric Name: aspnetcore.rate_limiting.active_request_leases, Number of HTTP requests that are currently active on the server that hold a rate limiting lease., Unit: {request}, Meter: Microsoft.AspNetCore.RateLimiting
(2025-09-11T03:42:58.9019560Z, 2025-09-11T03:43:01.6134871Z] LongSumNonMonotonic
Value: 0
Metric Name: aspnetcore.rate_limiting.request_lease.duration, The duration of rate limiting leases held by HTTP requests on the server., Unit: s, Meter: Microsoft.AspNetCore.RateLimiting
(2025-09-11T03:42:58.9019765Z, 2025-09-11T03:43:01.6134880Z] Histogram
Value: Sum: 1.5525479000000002 Count: 15 Min: 0.0003342 Max: 0.3063735 
(-Infinity,0.005]:5
(0.005,0.01]:3
(0.01,0.025]:2
(0.025,0.05]:0
(0.05,0.075]:0
(0.075,0.1]:0
(0.1,0.25]:0
(0.25,0.5]:5
(0.5,0.75]:0
(0.75,1]:0
(1,2.5]:0
(2.5,5]:0
(5,7.5]:0
(7.5,10]:0
(10,+Infinity]:0
Metric Name: aspnetcore.rate_limiting.requests, Number of requests that tried to acquire a rate limiting lease. Requests could be rejected by global or endpoint rate limiting policies. Or the request could be canceled while waiting for the lease., Unit: {request}, Meter: Microsoft.AspNetCore.RateLimiting
(2025-09-11T03:42:58.9020109Z, 2025-09-11T03:43:01.6134899Z] aspnetcore.rate_limiting.result: acquired LongSum
Value: 15
Metric Name: aspnetcore.routing.match_attempts, Number of requests that were attempted to be matched to an endpoint., Unit: {match_attempt}, Meter: Microsoft.AspNetCore.Routing
(2025-09-11T03:42:58.9027756Z, 2025-09-11T03:43:01.6134905Z] aspnetcore.routing.is_fallback: false aspnetcore.routing.match_status: success http.route: api/Auth/register LongSum
Value: 5
(2025-09-11T03:42:58.9027756Z, 2025-09-11T03:43:01.6134905Z] aspnetcore.routing.is_fallback: false aspnetcore.routing.match_status: success http.route: api/Walls LongSum
Value: 2
(2025-09-11T03:42:58.9027756Z, 2025-09-11T03:43:01.6134905Z] aspnetcore.routing.is_fallback: false aspnetcore.routing.match_status: success http.route: api/Windows LongSum
Value: 2
(2025-09-11T03:42:58.9027756Z, 2025-09-11T03:43:01.6134905Z] aspnetcore.routing.is_fallback: false aspnetcore.routing.match_status: success http.route: api/Roles LongSum
Value: 2
(2025-09-11T03:42:58.9027756Z, 2025-09-11T03:43:01.6134905Z] aspnetcore.routing.is_fallback: false aspnetcore.routing.match_status: success http.route: api/People LongSum
Value: 2
(2025-09-11T03:42:58.9027756Z, 2025-09-11T03:43:01.6134905Z] aspnetcore.routing.is_fallback: false aspnetcore.routing.match_status: success http.route: api/People/{id:guid} LongSum
Value: 2
[03:43:01 INF] Starting Crud API application {"Application": "Crud.Api"}
[03:43:01 INF] Using SQLite provider with connection: Data Source=TestDatabase.db {"Application": "Crud.Api"}
[03:43:01 INF] Database ensured successfully {"Application": "Crud.Api"}
[03:43:01 INF] Application configured successfully. Starting web host... {"Application": "Crud.Api"}
[03:43:01 INF] Resetting database for worker 17273 {"SourceContext": "Infrastructure.Services.DatabaseTestService", "Application": "Crud.Api"}
[03:43:01 INF] Resetting database via file deletion for worker 17273 in CI environment {"SourceContext": "Infrastructure.Services.DatabaseTestService", "Application": "Crud.Api"}
[03:43:01 INF] Acquiring database mutex for worker 17273... {"SourceContext": "Infrastructure.Services.DatabaseTestService", "Application": "Crud.Api"}
[03:43:01 INF] Database mutex acquired for worker 17273 {"SourceContext": "Infrastructure.Services.DatabaseTestService", "Application": "Crud.Api"}
[03:43:01 INF] Current database state - CanConnect: True {"SourceContext": "Infrastructure.Services.DatabaseTestService", "Application": "Crud.Api"}
[03:43:01 INF] [Phase 0] Closing database connection for worker 17273... {"SourceContext": "Infrastructure.Services.DatabaseTestService", "Application": "Crud.Api"}
[03:43:01 INF] [Phase 0] Connection closed in 0.0011ms {"SourceContext": "Infrastructure.Services.DatabaseTestService", "Application": "Crud.Api"}
[03:43:01 INF] [Phase 1] Starting EnsureDeletedAsync for worker 17273... {"SourceContext": "Infrastructure.Services.DatabaseTestService", "Application": "Crud.Api"}
[03:43:01 INF] [Phase 1] EnsureDeletedAsync completed in 1.7468ms {"SourceContext": "Infrastructure.Services.DatabaseTestService", "Application": "Crud.Api"}
[03:43:01 INF] [Phase 2] Starting EnsureCreatedAsync for worker 17273... {"SourceContext": "Infrastructure.Services.DatabaseTestService", "Application": "Crud.Api"}
[03:43:01 INF] [Phase 2] EnsureCreatedAsync completed in 8.0988ms {"SourceContext": "Infrastructure.Services.DatabaseTestService", "Application": "Crud.Api"}
[03:43:01 INF] [Phase 3] Skipping database seeding as requested for worker 17273 {"SourceContext": "Infrastructure.Services.DatabaseTestService", "Application": "Crud.Api"}
[03:43:01 INF] Database reset via file deletion completed for worker 17273 in 110.3476ms (Close: 0.0011ms, Delete: 1.7468ms, Create: 8.0988ms) {"SourceContext": "Infrastructure.Services.DatabaseTestService", "Application": "Crud.Api"}
[03:43:01 INF] Releasing database mutex for worker 17273 {"SourceContext": "Infrastructure.Services.DatabaseTestService", "Application": "Crud.Api"}
[03:43:01 WRN] Failed to determine the https port for redirect. {"EventId": {"Id": 3, "Name": "FailedToDeterminePort"}, "SourceContext": "Microsoft.AspNetCore.HttpsPolicy.HttpsRedirectionMiddleware", "RequestId": "0HNFGSKFKDJJ1", "RequestPath": "/api/auth/register", "Application": "Crud.Api"}
[03:43:02 INF] User registered successfully: edd4962f-3941-4444-9394-1d243653f8bc {"SourceContext": "App.Features.Authentication.RegisterUserCommandHandler", "ActionId": "52ee8bd4-8830-4a6a-ae87-40de4f698cc6", "ActionName": "Api.Controllers.AuthController.Register (Api)", "RequestId": "0HNFGSKFKDJJ1", "RequestPath": "/api/auth/register", "Application": "Crud.Api"}
Activity.TraceId:            68adf38e360125298e0bea3e32b6b725
Activity.SpanId:             ec9c59b629e26145
Activity.TraceFlags:         Recorded
Activity.ActivitySourceName: Microsoft.AspNetCore
Activity.DisplayName:        POST api/Auth/register
Activity.Kind:               Server
Activity.StartTime:          2025-09-11T03:43:01.7629779Z
Activity.Duration:           00:00:00.3058274
Activity.Tags:
    server.address: localhost
    http.request.method: POST
    url.scheme: http
    url.path: /api/auth/register
    network.protocol.version: 1.1
    http.route: api/Auth/register
    http.response.status_code: 200
Resource associated with Activity:
    deployment.environment: Testing
    service.name: Crud.Api
    service.version: 1.0.0
    service.instance.id: a483e3f3-32ea-4a50-a508-2cd77b6b2522
    telemetry.sdk.name: opentelemetry
    telemetry.sdk.language: dotnet
    telemetry.sdk.version: 1.8.1
[03:43:02 DBG] Cache miss for key: entity:person:373ba761d5ce4a49aef919336cf95abd {"SourceContext": "Infrastructure.Services.Caching.InMemoryCacheService", "ActionId": "c8eeb2cc-9351-471a-8cf7-789ca5dcba3d", "ActionName": "Api.Controllers.PeopleController.Get (Api)", "RequestId": "0HNFGSKFKDJJ2", "RequestPath": "/api/people/373ba761-d5ce-4a49-aef9-19336cf95abd", "Application": "Crud.Api"}
[03:43:02 DBG] Set cache value for key: entity:person:373ba761d5ce4a49aef919336cf95abd {"SourceContext": "Infrastructure.Services.Caching.InMemoryCacheService", "ActionId": "c8eeb2cc-9351-471a-8cf7-789ca5dcba3d", "ActionName": "Api.Controllers.PeopleController.Get (Api)", "RequestId": "0HNFGSKFKDJJ2", "RequestPath": "/api/people/373ba761-d5ce-4a49-aef9-19336cf95abd", "Application": "Crud.Api"}
Activity.TraceId:            d35e520787e05b25047dbacf8a5ae12e
Activity.SpanId:             5385b2cc4cdebfb0
Activity.TraceFlags:         Recorded
Activity.ActivitySourceName: Microsoft.AspNetCore
Activity.DisplayName:        GET api/People/{id:guid}
Activity.Kind:               Server
Activity.StartTime:          2025-09-11T03:43:02.0694098Z
Activity.Duration:           00:00:00.0103953
Activity.Tags:
    server.address: localhost
    http.request.method: GET
    url.scheme: http
    url.path: /api/people/373ba761-d5ce-4a49-aef9-19336cf95abd
    network.protocol.version: 1.1
    http.route: api/People/{id:guid}
    http.response.status_code: 200
Resource associated with Activity:
    deployment.environment: Testing
    service.name: Crud.Api
    service.version: 1.0.0
    service.instance.id: a483e3f3-32ea-4a50-a508-2cd77b6b2522
    telemetry.sdk.name: opentelemetry
    telemetry.sdk.language: dotnet
    telemetry.sdk.version: 1.8.1
[03:43:02 DBG] Cache hit for key: entity:person:373ba761d5ce4a49aef919336cf95abd {"SourceContext": "Infrastructure.Services.Caching.InMemoryCacheService", "ActionId": "c8eeb2cc-9351-471a-8cf7-789ca5dcba3d", "ActionName": "Api.Controllers.PeopleController.Get (Api)", "RequestId": "0HNFGSKFKDJJ3", "RequestPath": "/api/people/373ba761-d5ce-4a49-aef9-19336cf95abd", "Application": "Crud.Api"}
[03:43:02 DBG] Returning 304 Not Modified for /api/people/373ba761-d5ce-4a49-aef9-19336cf95abd (Not modified since) {"SourceContext": "Api.Middleware.ConditionalRequestMiddleware", "RequestId": "0HNFGSKFKDJJ3", "RequestPath": "/api/people/373ba761-d5ce-4a49-aef9-19336cf95abd", "Application": "Crud.Api"}
Activity.TraceId:            8a0bce6e707c6e1286704b551e635f62
Activity.SpanId:             dc9993c5fd0f8561
Activity.TraceFlags:         Recorded
Activity.ActivitySourceName: Microsoft.AspNetCore
Activity.DisplayName:        GET api/People/{id:guid}
Activity.Kind:               Server
Activity.StartTime:          2025-09-11T03:43:02.0800692Z
Activity.Duration:           00:00:00.0029918
Activity.Tags:
    server.address: localhost
    http.request.method: GET
    url.scheme: http
    url.path: /api/people/373ba761-d5ce-4a49-aef9-19336cf95abd
    network.protocol.version: 1.1
    http.route: api/People/{id:guid}
    http.response.status_code: 304
Resource associated with Activity:
    deployment.environment: Testing
    service.name: Crud.Api
    service.version: 1.0.0
    service.instance.id: a483e3f3-32ea-4a50-a508-2cd77b6b2522
    telemetry.sdk.name: opentelemetry
    telemetry.sdk.language: dotnet
    telemetry.sdk.version: 1.8.1
[03:43:02 INF] Resetting database for worker 17273 {"SourceContext": "Infrastructure.Services.DatabaseTestService", "Application": "Crud.Api"}
[03:43:02 INF] Resetting database via file deletion for worker 17273 in CI environment {"SourceContext": "Infrastructure.Services.DatabaseTestService", "Application": "Crud.Api"}
[03:43:02 INF] Acquiring database mutex for worker 17273... {"SourceContext": "Infrastructure.Services.DatabaseTestService", "Application": "Crud.Api"}
[03:43:02 INF] Database mutex acquired for worker 17273 {"SourceContext": "Infrastructure.Services.DatabaseTestService", "Application": "Crud.Api"}
[03:43:02 INF] Current database state - CanConnect: True {"SourceContext": "Infrastructure.Services.DatabaseTestService", "Application": "Crud.Api"}
[03:43:02 INF] [Phase 0] Closing database connection for worker 17273... {"SourceContext": "Infrastructure.Services.DatabaseTestService", "Application": "Crud.Api"}
[03:43:02 INF] [Phase 0] Connection closed in 0.0008ms {"SourceContext": "Infrastructure.Services.DatabaseTestService", "Application": "Crud.Api"}
[03:43:02 INF] [Phase 1] Starting EnsureDeletedAsync for worker 17273... {"SourceContext": "Infrastructure.Services.DatabaseTestService", "Application": "Crud.Api"}
[03:43:02 INF] [Phase 1] EnsureDeletedAsync completed in 1.5467ms {"SourceContext": "Infrastructure.Services.DatabaseTestService", "Application": "Crud.Api"}
[03:43:02 INF] [Phase 2] Starting EnsureCreatedAsync for worker 17273... {"SourceContext": "Infrastructure.Services.DatabaseTestService", "Application": "Crud.Api"}
[03:43:02 INF] [Phase 2] EnsureCreatedAsync completed in 12.6603ms {"SourceContext": "Infrastructure.Services.DatabaseTestService", "Application": "Crud.Api"}
[03:43:02 INF] [Phase 3] Skipping database seeding as requested for worker 17273 {"SourceContext": "Infrastructure.Services.DatabaseTestService", "Application": "Crud.Api"}
[03:43:02 INF] Database reset via file deletion completed for worker 17273 in 114.3397ms (Close: 0.0008ms, Delete: 1.5467ms, Create: 12.6603ms) {"SourceContext": "Infrastructure.Services.DatabaseTestService", "Application": "Crud.Api"}
[03:43:02 INF] Releasing database mutex for worker 17273 {"SourceContext": "Infrastructure.Services.DatabaseTestService", "Application": "Crud.Api"}
[03:43:02 INF] Resetting database for worker 17273 {"SourceContext": "Infrastructure.Services.DatabaseTestService", "Application": "Crud.Api"}
[03:43:02 INF] Resetting database via file deletion for worker 17273 in CI environment {"SourceContext": "Infrastructure.Services.DatabaseTestService", "Application": "Crud.Api"}
[03:43:02 INF] Acquiring database mutex for worker 17273... {"SourceContext": "Infrastructure.Services.DatabaseTestService", "Application": "Crud.Api"}
[03:43:02 INF] Database mutex acquired for worker 17273 {"SourceContext": "Infrastructure.Services.DatabaseTestService", "Application": "Crud.Api"}
[03:43:02 INF] Current database state - CanConnect: True {"SourceContext": "Infrastructure.Services.DatabaseTestService", "Application": "Crud.Api"}
[03:43:02 INF] [Phase 0] Closing database connection for worker 17273... {"SourceContext": "Infrastructure.Services.DatabaseTestService", "Application": "Crud.Api"}
[03:43:02 INF] [Phase 0] Connection closed in 0.0008ms {"SourceContext": "Infrastructure.Services.DatabaseTestService", "Application": "Crud.Api"}
[03:43:02 INF] [Phase 1] Starting EnsureDeletedAsync for worker 17273... {"SourceContext": "Infrastructure.Services.DatabaseTestService", "Application": "Crud.Api"}
[03:43:02 INF] [Phase 1] EnsureDeletedAsync completed in 1.196ms {"SourceContext": "Infrastructure.Services.DatabaseTestService", "Application": "Crud.Api"}
[03:43:02 INF] [Phase 2] Starting EnsureCreatedAsync for worker 17273... {"SourceContext": "Infrastructure.Services.DatabaseTestService", "Application": "Crud.Api"}
[03:43:02 INF] [Phase 2] EnsureCreatedAsync completed in 7.2826ms {"SourceContext": "Infrastructure.Services.DatabaseTestService", "Application": "Crud.Api"}
[03:43:02 INF] [Phase 3] Skipping database seeding as requested for worker 17273 {"SourceContext": "Infrastructure.Services.DatabaseTestService", "Application": "Crud.Api"}
[03:43:02 INF] Database reset via file deletion completed for worker 17273 in 109.7008ms (Close: 0.0008ms, Delete: 1.196ms, Create: 7.2826ms) {"SourceContext": "Infrastructure.Services.DatabaseTestService", "Application": "Crud.Api"}
[03:43:02 INF] Releasing database mutex for worker 17273 {"SourceContext": "Infrastructure.Services.DatabaseTestService", "Application": "Crud.Api"}
[03:43:02 INF] User registered successfully: 2d01412b-0e45-40c5-a9a1-915f143ae285 {"SourceContext": "App.Features.Authentication.RegisterUserCommandHandler", "ActionId": "52ee8bd4-8830-4a6a-ae87-40de4f698cc6", "ActionName": "Api.Controllers.AuthController.Register (Api)", "RequestId": "0HNFGSKFKDJJ4", "RequestPath": "/api/auth/register", "Application": "Crud.Api"}
Activity.TraceId:            805c121e2e5396a9fe346f51b41cce84
Activity.SpanId:             7532ca386cdf0c30
Activity.TraceFlags:         Recorded
Activity.ActivitySourceName: Microsoft.AspNetCore
Activity.DisplayName:        POST api/Auth/register
Activity.Kind:               Server
Activity.StartTime:          2025-09-11T03:43:02.3143094Z
Activity.Duration:           00:00:00.3014713
Activity.Tags:
    server.address: localhost
    http.request.method: POST
    url.scheme: http
    url.path: /api/auth/register
    network.protocol.version: 1.1
    http.route: api/Auth/register
    http.response.status_code: 200
Resource associated with Activity:
    deployment.environment: Testing
    service.name: Crud.Api
    service.version: 1.0.0
    service.instance.id: a483e3f3-32ea-4a50-a508-2cd77b6b2522
    telemetry.sdk.name: opentelemetry
    telemetry.sdk.language: dotnet
    telemetry.sdk.version: 1.8.1
[03:43:02 DBG] Cache miss for key: list:wall {"SourceContext": "Infrastructure.Services.Caching.InMemoryCacheService", "ActionId": "c3dbe62c-bd24-475b-8bb7-b0080fa53dd1", "ActionName": "Api.Controllers.WallsController.List (Api)", "RequestId": "0HNFGSKFKDJJ5", "RequestPath": "/api/walls", "Application": "Crud.Api"}
[03:43:02 DBG] Set cache value for key: list:wall {"SourceContext": "Infrastructure.Services.Caching.InMemoryCacheService", "ActionId": "c3dbe62c-bd24-475b-8bb7-b0080fa53dd1", "ActionName": "Api.Controllers.WallsController.List (Api)", "RequestId": "0HNFGSKFKDJJ5", "RequestPath": "/api/walls", "Application": "Crud.Api"}
Activity.TraceId:            94b664ff77fb8e542bd2d2df4e9734ac
Activity.SpanId:             8368aaa5e174e090
Activity.TraceFlags:         Recorded
Activity.ActivitySourceName: Microsoft.AspNetCore
Activity.DisplayName:        GET api/Walls
Activity.Kind:               Server
Activity.StartTime:          2025-09-11T03:43:02.6164606Z
Activity.Duration:           00:00:00.0103197
Activity.Tags:
    server.address: localhost
    http.request.method: GET
    url.scheme: http
    url.path: /api/walls
    network.protocol.version: 1.1
    http.route: api/Walls
    http.response.status_code: 200
Resource associated with Activity:
    deployment.environment: Testing
    service.name: Crud.Api
    service.version: 1.0.0
    service.instance.id: a483e3f3-32ea-4a50-a508-2cd77b6b2522
    telemetry.sdk.name: opentelemetry
    telemetry.sdk.language: dotnet
    telemetry.sdk.version: 1.8.1
[03:43:02 INF] Resetting database for worker 17273 {"SourceContext": "Infrastructure.Services.DatabaseTestService", "Application": "Crud.Api"}
[03:43:02 INF] Resetting database via file deletion for worker 17273 in CI environment {"SourceContext": "Infrastructure.Services.DatabaseTestService", "Application": "Crud.Api"}
[03:43:02 INF] Acquiring database mutex for worker 17273... {"SourceContext": "Infrastructure.Services.DatabaseTestService", "Application": "Crud.Api"}
[03:43:02 INF] Database mutex acquired for worker 17273 {"SourceContext": "Infrastructure.Services.DatabaseTestService", "Application": "Crud.Api"}
[03:43:02 INF] Current database state - CanConnect: True {"SourceContext": "Infrastructure.Services.DatabaseTestService", "Application": "Crud.Api"}
[03:43:02 INF] [Phase 0] Closing database connection for worker 17273... {"SourceContext": "Infrastructure.Services.DatabaseTestService", "Application": "Crud.Api"}
[03:43:02 INF] [Phase 0] Connection closed in 0.0007ms {"SourceContext": "Infrastructure.Services.DatabaseTestService", "Application": "Crud.Api"}
[03:43:02 INF] [Phase 1] Starting EnsureDeletedAsync for worker 17273... {"SourceContext": "Infrastructure.Services.DatabaseTestService", "Application": "Crud.Api"}
[03:43:02 INF] [Phase 1] EnsureDeletedAsync completed in 1.6482ms {"SourceContext": "Infrastructure.Services.DatabaseTestService", "Application": "Crud.Api"}
[03:43:02 INF] [Phase 2] Starting EnsureCreatedAsync for worker 17273... {"SourceContext": "Infrastructure.Services.DatabaseTestService", "Application": "Crud.Api"}
[03:43:02 INF] [Phase 2] EnsureCreatedAsync completed in 7.1216ms {"SourceContext": "Infrastructure.Services.DatabaseTestService", "Application": "Crud.Api"}
[03:43:02 INF] [Phase 3] Skipping database seeding as requested for worker 17273 {"SourceContext": "Infrastructure.Services.DatabaseTestService", "Application": "Crud.Api"}
[03:43:02 INF] Database reset via file deletion completed for worker 17273 in 109.7951ms (Close: 0.0007ms, Delete: 1.6482ms, Create: 7.1216ms) {"SourceContext": "Infrastructure.Services.DatabaseTestService", "Application": "Crud.Api"}
[03:43:02 INF] Releasing database mutex for worker 17273 {"SourceContext": "Infrastructure.Services.DatabaseTestService", "Application": "Crud.Api"}
[03:43:02 INF] Resetting database for worker 17273 {"SourceContext": "Infrastructure.Services.DatabaseTestService", "Application": "Crud.Api"}
[03:43:02 INF] Resetting database via file deletion for worker 17273 in CI environment {"SourceContext": "Infrastructure.Services.DatabaseTestService", "Application": "Crud.Api"}
[03:43:02 INF] Acquiring database mutex for worker 17273... {"SourceContext": "Infrastructure.Services.DatabaseTestService", "Application": "Crud.Api"}
[03:43:02 INF] Database mutex acquired for worker 17273 {"SourceContext": "Infrastructure.Services.DatabaseTestService", "Application": "Crud.Api"}
[03:43:02 INF] Current database state - CanConnect: True {"SourceContext": "Infrastructure.Services.DatabaseTestService", "Application": "Crud.Api"}
[03:43:02 INF] [Phase 0] Closing database connection for worker 17273... {"SourceContext": "Infrastructure.Services.DatabaseTestService", "Application": "Crud.Api"}
[03:43:02 INF] [Phase 0] Connection closed in 0.0009ms {"SourceContext": "Infrastructure.Services.DatabaseTestService", "Application": "Crud.Api"}
[03:43:02 INF] [Phase 1] Starting EnsureDeletedAsync for worker 17273... {"SourceContext": "Infrastructure.Services.DatabaseTestService", "Application": "Crud.Api"}
[03:43:02 INF] [Phase 1] EnsureDeletedAsync completed in 1.0427ms {"SourceContext": "Infrastructure.Services.DatabaseTestService", "Application": "Crud.Api"}
[03:43:02 INF] [Phase 2] Starting EnsureCreatedAsync for worker 17273... {"SourceContext": "Infrastructure.Services.DatabaseTestService", "Application": "Crud.Api"}
[03:43:02 INF] [Phase 2] EnsureCreatedAsync completed in 7.4909ms {"SourceContext": "Infrastructure.Services.DatabaseTestService", "Application": "Crud.Api"}
[03:43:02 INF] [Phase 3] Skipping database seeding as requested for worker 17273 {"SourceContext": "Infrastructure.Services.DatabaseTestService", "Application": "Crud.Api"}
[03:43:02 INF] Database reset via file deletion completed for worker 17273 in 109.1298ms (Close: 0.0009ms, Delete: 1.0427ms, Create: 7.4909ms) {"SourceContext": "Infrastructure.Services.DatabaseTestService", "Application": "Crud.Api"}
[03:43:02 INF] Releasing database mutex for worker 17273 {"SourceContext": "Infrastructure.Services.DatabaseTestService", "Application": "Crud.Api"}
[03:43:03 INF] User registered successfully: 78e6bd43-f14c-4473-8b68-ff15e74c9c1c {"SourceContext": "App.Features.Authentication.RegisterUserCommandHandler", "ActionId": "52ee8bd4-8830-4a6a-ae87-40de4f698cc6", "ActionName": "Api.Controllers.AuthController.Register (Api)", "RequestId": "0HNFGSKFKDJJ6", "RequestPath": "/api/auth/register", "Application": "Crud.Api"}
Activity.TraceId:            3dc4f48c3a1d4f20b790412bc4a2e0af
Activity.SpanId:             a496d5f309eb70d7
Activity.TraceFlags:         Recorded
Activity.ActivitySourceName: Microsoft.AspNetCore
Activity.DisplayName:        POST api/Auth/register
Activity.Kind:               Server
Activity.StartTime:          2025-09-11T03:43:02.8513764Z
Activity.Duration:           00:00:00.3020519
Activity.Tags:
    server.address: localhost
    http.request.method: POST
    url.scheme: http
    url.path: /api/auth/register
    network.protocol.version: 1.1
    http.route: api/Auth/register
    http.response.status_code: 200
Resource associated with Activity:
    deployment.environment: Testing
    service.name: Crud.Api
    service.version: 1.0.0
    service.instance.id: a483e3f3-32ea-4a50-a508-2cd77b6b2522
    telemetry.sdk.name: opentelemetry
    telemetry.sdk.language: dotnet
    telemetry.sdk.version: 1.8.1
[03:43:03 DBG] Cache miss for key: entity:person:cb859cf8c8f745069e5944893ded74dc {"SourceContext": "Infrastructure.Services.Caching.InMemoryCacheService", "ActionId": "c8eeb2cc-9351-471a-8cf7-789ca5dcba3d", "ActionName": "Api.Controllers.PeopleController.Get (Api)", "RequestId": "0HNFGSKFKDJJ7", "RequestPath": "/api/people/cb859cf8-c8f7-4506-9e59-44893ded74dc", "Application": "Crud.Api"}
[03:43:03 DBG] Set cache value for key: entity:person:cb859cf8c8f745069e5944893ded74dc {"SourceContext": "Infrastructure.Services.Caching.InMemoryCacheService", "ActionId": "c8eeb2cc-9351-471a-8cf7-789ca5dcba3d", "ActionName": "Api.Controllers.PeopleController.Get (Api)", "RequestId": "0HNFGSKFKDJJ7", "RequestPath": "/api/people/cb859cf8-c8f7-4506-9e59-44893ded74dc", "Application": "Crud.Api"}
Activity.TraceId:            08eebdf4b28cf1bde9d3bc43291ce245
Activity.SpanId:             96785cd5e0964295
Activity.TraceFlags:         Recorded
Activity.ActivitySourceName: Microsoft.AspNetCore
Activity.DisplayName:        GET api/People/{id:guid}
Activity.Kind:               Server
Activity.StartTime:          2025-09-11T03:43:03.1540721Z
Activity.Duration:           00:00:00.0038715
Activity.Tags:
    server.address: localhost
    http.request.method: GET
    url.scheme: http
    url.path: /api/people/cb859cf8-c8f7-4506-9e59-44893ded74dc
    network.protocol.version: 1.1
    http.route: api/People/{id:guid}
    http.response.status_code: 200
Resource associated with Activity:
    deployment.environment: Testing
    service.name: Crud.Api
    service.version: 1.0.0
    service.instance.id: a483e3f3-32ea-4a50-a508-2cd77b6b2522
    telemetry.sdk.name: opentelemetry
    telemetry.sdk.language: dotnet
    telemetry.sdk.version: 1.8.1
[03:43:03 DBG] Cache hit for key: entity:person:cb859cf8c8f745069e5944893ded74dc {"SourceContext": "Infrastructure.Services.Caching.InMemoryCacheService", "ActionId": "c8eeb2cc-9351-471a-8cf7-789ca5dcba3d", "ActionName": "Api.Controllers.PeopleController.Get (Api)", "RequestId": "0HNFGSKFKDJJ8", "RequestPath": "/api/people/cb859cf8-c8f7-4506-9e59-44893ded74dc", "Application": "Crud.Api"}
[03:43:03 DBG] Returning 304 Not Modified for /api/people/cb859cf8-c8f7-4506-9e59-44893ded74dc (ETag match) {"SourceContext": "Api.Middleware.ConditionalRequestMiddleware", "RequestId": "0HNFGSKFKDJJ8", "RequestPath": "/api/people/cb859cf8-c8f7-4506-9e59-44893ded74dc", "Application": "Crud.Api"}
Activity.TraceId:            d9a1ed39ff277acb8246c7df0028ed09
Activity.SpanId:             d7efae2fbce3aa2a
Activity.TraceFlags:         Recorded
Activity.ActivitySourceName: Microsoft.AspNetCore
Activity.DisplayName:        GET api/People/{id:guid}
Activity.Kind:               Server
Activity.StartTime:          2025-09-11T03:43:03.1581850Z
Activity.Duration:           00:00:00.0004982
Activity.Tags:
    server.address: localhost
    http.request.method: GET
    url.scheme: http
    url.path: /api/people/cb859cf8-c8f7-4506-9e59-44893ded74dc
    network.protocol.version: 1.1
    http.route: api/People/{id:guid}
    http.response.status_code: 304
Resource associated with Activity:
    deployment.environment: Testing
    service.name: Crud.Api
    service.version: 1.0.0
    service.instance.id: a483e3f3-32ea-4a50-a508-2cd77b6b2522
    telemetry.sdk.name: opentelemetry
    telemetry.sdk.language: dotnet
    telemetry.sdk.version: 1.8.1
[03:43:03 INF] Resetting database for worker 17273 {"SourceContext": "Infrastructure.Services.DatabaseTestService", "Application": "Crud.Api"}
[03:43:03 INF] Resetting database via file deletion for worker 17273 in CI environment {"SourceContext": "Infrastructure.Services.DatabaseTestService", "Application": "Crud.Api"}
[03:43:03 INF] Acquiring database mutex for worker 17273... {"SourceContext": "Infrastructure.Services.DatabaseTestService", "Application": "Crud.Api"}
[03:43:03 INF] Database mutex acquired for worker 17273 {"SourceContext": "Infrastructure.Services.DatabaseTestService", "Application": "Crud.Api"}
[03:43:03 INF] Current database state - CanConnect: True {"SourceContext": "Infrastructure.Services.DatabaseTestService", "Application": "Crud.Api"}
[03:43:03 INF] [Phase 0] Closing database connection for worker 17273... {"SourceContext": "Infrastructure.Services.DatabaseTestService", "Application": "Crud.Api"}
[03:43:03 INF] [Phase 0] Connection closed in 0.0007ms {"SourceContext": "Infrastructure.Services.DatabaseTestService", "Application": "Crud.Api"}
[03:43:03 INF] [Phase 1] Starting EnsureDeletedAsync for worker 17273... {"SourceContext": "Infrastructure.Services.DatabaseTestService", "Application": "Crud.Api"}
[03:43:03 INF] [Phase 1] EnsureDeletedAsync completed in 1.2373ms {"SourceContext": "Infrastructure.Services.DatabaseTestService", "Application": "Crud.Api"}
[03:43:03 INF] [Phase 2] Starting EnsureCreatedAsync for worker 17273... {"SourceContext": "Infrastructure.Services.DatabaseTestService", "Application": "Crud.Api"}
[03:43:03 INF] [Phase 2] EnsureCreatedAsync completed in 7.2614ms {"SourceContext": "Infrastructure.Services.DatabaseTestService", "Application": "Crud.Api"}
[03:43:03 INF] [Phase 3] Skipping database seeding as requested for worker 17273 {"SourceContext": "Infrastructure.Services.DatabaseTestService", "Application": "Crud.Api"}
[03:43:03 INF] Database reset via file deletion completed for worker 17273 in 108.7771ms (Close: 0.0007ms, Delete: 1.2373ms, Create: 7.2614ms) {"SourceContext": "Infrastructure.Services.DatabaseTestService", "Application": "Crud.Api"}
[03:43:03 INF] Releasing database mutex for worker 17273 {"SourceContext": "Infrastructure.Services.DatabaseTestService", "Application": "Crud.Api"}
[03:43:03 INF] Resetting database for worker 17273 {"SourceContext": "Infrastructure.Services.DatabaseTestService", "Application": "Crud.Api"}
[03:43:03 INF] Resetting database via file deletion for worker 17273 in CI environment {"SourceContext": "Infrastructure.Services.DatabaseTestService", "Application": "Crud.Api"}
[03:43:03 INF] Acquiring database mutex for worker 17273... {"SourceContext": "Infrastructure.Services.DatabaseTestService", "Application": "Crud.Api"}
[03:43:03 INF] Database mutex acquired for worker 17273 {"SourceContext": "Infrastructure.Services.DatabaseTestService", "Application": "Crud.Api"}
[03:43:03 INF] Current database state - CanConnect: True {"SourceContext": "Infrastructure.Services.DatabaseTestService", "Application": "Crud.Api"}
[03:43:03 INF] [Phase 0] Closing database connection for worker 17273... {"SourceContext": "Infrastructure.Services.DatabaseTestService", "Application": "Crud.Api"}
[03:43:03 INF] [Phase 0] Connection closed in 0.0008ms {"SourceContext": "Infrastructure.Services.DatabaseTestService", "Application": "Crud.Api"}
[03:43:03 INF] [Phase 1] Starting EnsureDeletedAsync for worker 17273... {"SourceContext": "Infrastructure.Services.DatabaseTestService", "Application": "Crud.Api"}
[03:43:03 INF] [Phase 1] EnsureDeletedAsync completed in 1.1375ms {"SourceContext": "Infrastructure.Services.DatabaseTestService", "Application": "Crud.Api"}
[03:43:03 INF] [Phase 2] Starting EnsureCreatedAsync for worker 17273... {"SourceContext": "Infrastructure.Services.DatabaseTestService", "Application": "Crud.Api"}
[03:43:03 INF] [Phase 2] EnsureCreatedAsync completed in 8.3506ms {"SourceContext": "Infrastructure.Services.DatabaseTestService", "Application": "Crud.Api"}
[03:43:03 INF] [Phase 3] Skipping database seeding as requested for worker 17273 {"SourceContext": "Infrastructure.Services.DatabaseTestService", "Application": "Crud.Api"}
[03:43:03 INF] Database reset via file deletion completed for worker 17273 in 110.0066ms (Close: 0.0008ms, Delete: 1.1375ms, Create: 8.3506ms) {"SourceContext": "Infrastructure.Services.DatabaseTestService", "Application": "Crud.Api"}
[03:43:03 INF] Releasing database mutex for worker 17273 {"SourceContext": "Infrastructure.Services.DatabaseTestService", "Application": "Crud.Api"}
[03:43:03 INF] User registered successfully: c93f1478-6bda-4bcd-8b99-766e9b097c85 {"SourceContext": "App.Features.Authentication.RegisterUserCommandHandler", "ActionId": "52ee8bd4-8830-4a6a-ae87-40de4f698cc6", "ActionName": "Api.Controllers.AuthController.Register (Api)", "RequestId": "0HNFGSKFKDJJ9", "RequestPath": "/api/auth/register", "Application": "Crud.Api"}
Activity.TraceId:            3cc519b83a5bc57b46145da3c99b4671
Activity.SpanId:             d190a0b932f2d821
Activity.TraceFlags:         Recorded
Activity.ActivitySourceName: Microsoft.AspNetCore
Activity.DisplayName:        POST api/Auth/register
Activity.Kind:               Server
Activity.StartTime:          2025-09-11T03:43:03.3829830Z
Activity.Duration:           00:00:00.2987579
Activity.Tags:
    server.address: localhost
    http.request.method: POST
    url.scheme: http
    url.path: /api/auth/register
    network.protocol.version: 1.1
    http.route: api/Auth/register
    http.response.status_code: 200
Resource associated with Activity:
    deployment.environment: Testing
    service.name: Crud.Api
    service.version: 1.0.0
    service.instance.id: a483e3f3-32ea-4a50-a508-2cd77b6b2522
    telemetry.sdk.name: opentelemetry
    telemetry.sdk.language: dotnet
    telemetry.sdk.version: 1.8.1
[03:43:03 DBG] Cache miss for key: entity:person:560732f3a20c46228f914dbbada1a407 {"SourceContext": "Infrastructure.Services.Caching.InMemoryCacheService", "ActionId": "c8eeb2cc-9351-471a-8cf7-789ca5dcba3d", "ActionName": "Api.Controllers.PeopleController.Get (Api)", "RequestId": "0HNFGSKFKDJJA", "RequestPath": "/api/people/560732f3-a20c-4622-8f91-4dbbada1a407", "Application": "Crud.Api"}
[03:43:03 DBG] Set cache value for key: entity:person:560732f3a20c46228f914dbbada1a407 {"SourceContext": "Infrastructure.Services.Caching.InMemoryCacheService", "ActionId": "c8eeb2cc-9351-471a-8cf7-789ca5dcba3d", "ActionName": "Api.Controllers.PeopleController.Get (Api)", "RequestId": "0HNFGSKFKDJJA", "RequestPath": "/api/people/560732f3-a20c-4622-8f91-4dbbada1a407", "Application": "Crud.Api"}
Activity.TraceId:            0f53369e77e2aa4054294a7213dea088
Activity.SpanId:             c6afb622be3d6e84
Activity.TraceFlags:         Recorded
Activity.ActivitySourceName: Microsoft.AspNetCore
Activity.DisplayName:        GET api/People/{id:guid}
Activity.Kind:               Server
Activity.StartTime:          2025-09-11T03:43:03.6824457Z
Activity.Duration:           00:00:00.0015014
Activity.Tags:
    server.address: localhost
    http.request.method: GET
    url.scheme: http
    url.path: /api/people/560732f3-a20c-4622-8f91-4dbbada1a407
    network.protocol.version: 1.1
    http.route: api/People/{id:guid}
    http.response.status_code: 200
Resource associated with Activity:
    deployment.environment: Testing
    service.name: Crud.Api
    service.version: 1.0.0
    service.instance.id: a483e3f3-32ea-4a50-a508-2cd77b6b2522
    telemetry.sdk.name: opentelemetry
    telemetry.sdk.language: dotnet
    telemetry.sdk.version: 1.8.1
[03:43:03 DBG] Cache hit for key: entity:person:560732f3a20c46228f914dbbada1a407 {"SourceContext": "Infrastructure.Services.Caching.InMemoryCacheService", "ActionId": "c8eeb2cc-9351-471a-8cf7-789ca5dcba3d", "ActionName": "Api.Controllers.PeopleController.Get (Api)", "RequestId": "0HNFGSKFKDJJB", "RequestPath": "/api/people/560732f3-a20c-4622-8f91-4dbbada1a407", "Application": "Crud.Api"}
[03:43:03 DBG] Returning 304 Not Modified for /api/people/560732f3-a20c-4622-8f91-4dbbada1a407 (ETag match) {"SourceContext": "Api.Middleware.ConditionalRequestMiddleware", "RequestId": "0HNFGSKFKDJJB", "RequestPath": "/api/people/560732f3-a20c-4622-8f91-4dbbada1a407", "Application": "Crud.Api"}
Activity.TraceId:            502aa96d5973fc0c9349405203589bb1
Activity.SpanId:             5ef7ce603a02110e
Activity.TraceFlags:         Recorded
Activity.ActivitySourceName: Microsoft.AspNetCore
Activity.DisplayName:        GET api/People/{id:guid}
Activity.Kind:               Server
Activity.StartTime:          2025-09-11T03:43:03.6850337Z
Activity.Duration:           00:00:00.0006517
Activity.Tags:
    server.address: localhost
    http.request.method: GET
    url.scheme: http
    url.path: /api/people/560732f3-a20c-4622-8f91-4dbbada1a407
    network.protocol.version: 1.1
    http.route: api/People/{id:guid}
    http.response.status_code: 304
Resource associated with Activity:
    deployment.environment: Testing
    service.name: Crud.Api
    service.version: 1.0.0
    service.instance.id: a483e3f3-32ea-4a50-a508-2cd77b6b2522
    telemetry.sdk.name: opentelemetry
    telemetry.sdk.language: dotnet
    telemetry.sdk.version: 1.8.1
[03:43:03 INF] Resetting database for worker 17273 {"SourceContext": "Infrastructure.Services.DatabaseTestService", "Application": "Crud.Api"}
[03:43:03 INF] Resetting database via file deletion for worker 17273 in CI environment {"SourceContext": "Infrastructure.Services.DatabaseTestService", "Application": "Crud.Api"}
[03:43:03 INF] Acquiring database mutex for worker 17273... {"SourceContext": "Infrastructure.Services.DatabaseTestService", "Application": "Crud.Api"}
[03:43:03 INF] Database mutex acquired for worker 17273 {"SourceContext": "Infrastructure.Services.DatabaseTestService", "Application": "Crud.Api"}
[03:43:03 INF] Current database state - CanConnect: True {"SourceContext": "Infrastructure.Services.DatabaseTestService", "Application": "Crud.Api"}
[03:43:03 INF] [Phase 0] Closing database connection for worker 17273... {"SourceContext": "Infrastructure.Services.DatabaseTestService", "Application": "Crud.Api"}
[03:43:03 INF] [Phase 0] Connection closed in 0.0013ms {"SourceContext": "Infrastructure.Services.DatabaseTestService", "Application": "Crud.Api"}
[03:43:03 INF] [Phase 1] Starting EnsureDeletedAsync for worker 17273... {"SourceContext": "Infrastructure.Services.DatabaseTestService", "Application": "Crud.Api"}
[03:43:03 INF] [Phase 1] EnsureDeletedAsync completed in 1.4216ms {"SourceContext": "Infrastructure.Services.DatabaseTestService", "Application": "Crud.Api"}
[03:43:03 INF] [Phase 2] Starting EnsureCreatedAsync for worker 17273... {"SourceContext": "Infrastructure.Services.DatabaseTestService", "Application": "Crud.Api"}
[03:43:03 INF] [Phase 2] EnsureCreatedAsync completed in 7.9635ms {"SourceContext": "Infrastructure.Services.DatabaseTestService", "Application": "Crud.Api"}
[03:43:03 INF] [Phase 3] Skipping database seeding as requested for worker 17273 {"SourceContext": "Infrastructure.Services.DatabaseTestService", "Application": "Crud.Api"}
[03:43:03 INF] Database reset via file deletion completed for worker 17273 in 109.8233ms (Close: 0.0013ms, Delete: 1.4216ms, Create: 7.9635ms) {"SourceContext": "Infrastructure.Services.DatabaseTestService", "Application": "Crud.Api"}
[03:43:03 INF] Releasing database mutex for worker 17273 {"SourceContext": "Infrastructure.Services.DatabaseTestService", "Application": "Crud.Api"}
[03:43:03 INF] Resetting database for worker 17273 {"SourceContext": "Infrastructure.Services.DatabaseTestService", "Application": "Crud.Api"}
[03:43:03 INF] Resetting database via file deletion for worker 17273 in CI environment {"SourceContext": "Infrastructure.Services.DatabaseTestService", "Application": "Crud.Api"}
[03:43:03 INF] Acquiring database mutex for worker 17273... {"SourceContext": "Infrastructure.Services.DatabaseTestService", "Application": "Crud.Api"}
[03:43:03 INF] Database mutex acquired for worker 17273 {"SourceContext": "Infrastructure.Services.DatabaseTestService", "Application": "Crud.Api"}
[03:43:03 INF] Current database state - CanConnect: True {"SourceContext": "Infrastructure.Services.DatabaseTestService", "Application": "Crud.Api"}
[03:43:03 INF] [Phase 0] Closing database connection for worker 17273... {"SourceContext": "Infrastructure.Services.DatabaseTestService", "Application": "Crud.Api"}
[03:43:03 INF] [Phase 0] Connection closed in 0.0008ms {"SourceContext": "Infrastructure.Services.DatabaseTestService", "Application": "Crud.Api"}
[03:43:03 INF] [Phase 1] Starting EnsureDeletedAsync for worker 17273... {"SourceContext": "Infrastructure.Services.DatabaseTestService", "Application": "Crud.Api"}
[03:43:03 INF] [Phase 1] EnsureDeletedAsync completed in 1.049ms {"SourceContext": "Infrastructure.Services.DatabaseTestService", "Application": "Crud.Api"}
[xUnit.net 00:01:23.36]       Expected response2.StatusCode to be HttpStatusCode.OK {value: 200} because Server should return 200 when ETag doesn't match, but found HttpStatusCode.NotModified {value: 304}.
[xUnit.net 00:01:23.36]       Stack Trace:
[xUnit.net 00:01:23.36]            at FluentAssertions.Execution.XUnit2TestFramework.Throw(String message)
[xUnit.net 00:01:23.36]            at FluentAssertions.Execution.TestFrameworkProvider.Throw(String message)
[xUnit.net 00:01:23.36]            at FluentAssertions.Execution.DefaultAssertionStrategy.HandleFailure(String message)
[xUnit.net 00:01:23.36]            at FluentAssertions.Execution.AssertionScope.FailWith(Func`1 failReasonFunc)
[xUnit.net 00:01:23.36]            at FluentAssertions.Primitives.EnumAssertions`2.Be(TEnum expected, String because, Object[] becauseArgs)
[xUnit.net 00:01:23.36]         /home/runner/work/Crud/Crud/test/Tests.Integration.Backend/OutputCaching/ConditionalRequestTests.cs(90,0): at Tests.Integration.Backend.OutputCaching.ConditionalRequestTests.&lt;GetRequest_WithIfNoneMatch_ShouldReturn200_WhenETagDoesNotMatch&gt;b__2_0()
[xUnit.net 00:01:23.36]         /home/runner/work/Crud/Crud/test/Tests.Integration.Backend/Infrastructure/IntegrationTestBase.cs(48,0): at Tests.Integration.Backend.Infrastructure.IntegrationTestBase.RunWithCleanDatabaseAsync(Func`1 testAction)
[xUnit.net 00:01:23.36]         /home/runner/work/Crud/Crud/test/Tests.Integration.Backend/Infrastructure/IntegrationTestBase.cs(53,0): at Tests.Integration.Backend.Infrastructure.IntegrationTestBase.RunWithCleanDatabaseAsync(Func`1 testAction)
[xUnit.net 00:01:23.36]         /home/runner/work/Crud/Crud/test/Tests.Integration.Backend/OutputCaching/ConditionalRequestTests.cs(61,0): at Tests.Integration.Backend.OutputCaching.ConditionalRequestTests.GetRequest_WithIfNoneMatch_ShouldReturn200_WhenETagDoesNotMatch()
[xUnit.net 00:01:23.36]         --- End of stack trace from previous location ---
[03:43:03 INF] [Phase 2] Starting EnsureCreatedAsync for worker 17273... {"SourceContext": "Infrastructure.Services.DatabaseTestService", "Application": "Crud.Api"}
[03:43:03 INF] [Phase 2] EnsureCreatedAsync completed in 7.8577ms {"SourceContext": "Infrastructure.Services.DatabaseTestService", "Application": "Crud.Api"}
[03:43:03 INF] [Phase 3] Skipping database seeding as requested for worker 17273 {"SourceContext": "Infrastructure.Services.DatabaseTestService", "Application": "Crud.Api"}
[03:43:03 INF] Database reset via file deletion completed for worker 17273 in 110.3264ms (Close: 0.0008ms, Delete: 1.049ms, Create: 7.8577ms) {"SourceContext": "Infrastructure.Services.DatabaseTestService", "Application": "Crud.Api"}
[03:43:03 INF] Releasing database mutex for worker 17273 {"SourceContext": "Infrastructure.Services.DatabaseTestService", "Application": "Crud.Api"}
[03:43:04 INF] User registered successfully: a995a457-5fdc-4c5b-be01-1864797f75ad {"SourceContext": "App.Features.Authentication.RegisterUserCommandHandler", "ActionId": "52ee8bd4-8830-4a6a-ae87-40de4f698cc6", "ActionName": "Api.Controllers.AuthController.Register (Api)", "RequestId": "0HNFGSKFKDJJC", "RequestPath": "/api/auth/register", "Application": "Crud.Api"}
Activity.TraceId:            978e3b3a25d32dc6ee590eb9715fae77
Activity.SpanId:             e0651e467825a6d5
Activity.TraceFlags:         Recorded
Activity.ActivitySourceName: Microsoft.AspNetCore
Activity.DisplayName:        POST api/Auth/register
Activity.Kind:               Server
Activity.StartTime:          2025-09-11T03:43:03.9672404Z
Activity.Duration:           00:00:00.3013389
Activity.Tags:
    server.address: localhost
    http.request.method: POST
    url.scheme: http
    url.path: /api/auth/register
    network.protocol.version: 1.1
    http.route: api/Auth/register
    http.response.status_code: 200
Resource associated with Activity:
    deployment.environment: Testing
    service.name: Crud.Api
    service.version: 1.0.0
    service.instance.id: a483e3f3-32ea-4a50-a508-2cd77b6b2522
    telemetry.sdk.name: opentelemetry
    telemetry.sdk.language: dotnet
    telemetry.sdk.version: 1.8.1
[03:43:04 DBG] Cache miss for key: list:role {"SourceContext": "Infrastructure.Services.Caching.InMemoryCacheService", "ActionId": "12c26e75-8447-4d2e-a0eb-b95b14405ce1", "ActionName": "Api.Controllers.RolesController.List (Api)", "RequestId": "0HNFGSKFKDJJD", "RequestPath": "/api/roles", "Application": "Crud.Api"}
[03:43:04 DBG] Set cache value for key: list:role {"SourceContext": "Infrastructure.Services.Caching.InMemoryCacheService", "ActionId": "12c26e75-8447-4d2e-a0eb-b95b14405ce1", "ActionName": "Api.Controllers.RolesController.List (Api)", "RequestId": "0HNFGSKFKDJJD", "RequestPath": "/api/roles", "Application": "Crud.Api"}
Activity.TraceId:            52d23f719c51e074f463f46f1962dd35
Activity.SpanId:             5b3842c4b15ca111
Activity.TraceFlags:         Recorded
Activity.ActivitySourceName: Microsoft.AspNetCore
Activity.DisplayName:        GET api/Roles
Activity.Kind:               Server
Activity.StartTime:          2025-09-11T03:43:04.2693049Z
Activity.Duration:           00:00:00.0058534
Activity.Tags:
    server.address: localhost
    http.request.method: GET
    url.scheme: http
    url.path: /api/roles
    network.protocol.version: 1.1
    http.route: api/Roles
    http.response.status_code: 200
Resource associated with Activity:
    deployment.environment: Testing
    service.name: Crud.Api
    service.version: 1.0.0
    service.instance.id: a483e3f3-32ea-4a50-a508-2cd77b6b2522
    telemetry.sdk.name: opentelemetry
    telemetry.sdk.language: dotnet
    telemetry.sdk.version: 1.8.1
[03:43:04 DBG] Cache hit for key: list:role {"SourceContext": "Infrastructure.Services.Caching.InMemoryCacheService", "ActionId": "12c26e75-8447-4d2e-a0eb-b95b14405ce1", "ActionName": "Api.Controllers.RolesController.List (Api)", "RequestId": "0HNFGSKFKDJJE", "RequestPath": "/api/roles", "Application": "Crud.Api"}
[03:43:04 DBG] Returning 304 Not Modified for /api/roles (Not modified since) {"SourceContext": "Api.Middleware.ConditionalRequestMiddleware", "RequestId": "0HNFGSKFKDJJE", "RequestPath": "/api/roles", "Application": "Crud.Api"}
Activity.TraceId:            87989b07455ed1c0a2be60e03d7b4494
Activity.SpanId:             4313813f46e32e11
Activity.TraceFlags:         Recorded
Activity.ActivitySourceName: Microsoft.AspNetCore
Activity.DisplayName:        GET api/Roles
Activity.Kind:               Server
Activity.StartTime:          2025-09-11T03:43:04.3759555Z
Activity.Duration:           00:00:00.0008641
Activity.Tags:
    server.address: localhost
    http.request.method: GET
    url.scheme: http
    url.path: /api/roles
    network.protocol.version: 1.1
    http.route: api/Roles
    http.response.status_code: 304
Resource associated with Activity:
    deployment.environment: Testing
    service.name: Crud.Api
    service.version: 1.0.0
    service.instance.id: a483e3f3-32ea-4a50-a508-2cd77b6b2522
    telemetry.sdk.name: opentelemetry
    telemetry.sdk.language: dotnet
    telemetry.sdk.version: 1.8.1
[03:43:04 INF] Resetting database for worker 17273 {"SourceContext": "Infrastructure.Services.DatabaseTestService", "Application": "Crud.Api"}
[03:43:04 INF] Resetting database via file deletion for worker 17273 in CI environment {"SourceContext": "Infrastructure.Services.DatabaseTestService", "Application": "Crud.Api"}
[03:43:04 INF] Acquiring database mutex for worker 17273... {"SourceContext": "Infrastructure.Services.DatabaseTestService", "Application": "Crud.Api"}
[03:43:04 INF] Database mutex acquired for worker 17273 {"SourceContext": "Infrastructure.Services.DatabaseTestService", "Application": "Crud.Api"}
[03:43:04 INF] Current database state - CanConnect: True {"SourceContext": "Infrastructure.Services.DatabaseTestService", "Application": "Crud.Api"}
[03:43:04 INF] [Phase 0] Closing database connection for worker 17273... {"SourceContext": "Infrastructure.Services.DatabaseTestService", "Application": "Crud.Api"}
[03:43:04 INF] [Phase 0] Connection closed in 0.001ms {"SourceContext": "Infrastructure.Services.DatabaseTestService", "Application": "Crud.Api"}
[03:43:04 INF] [Phase 1] Starting EnsureDeletedAsync for worker 17273... {"SourceContext": "Infrastructure.Services.DatabaseTestService", "Application": "Crud.Api"}
[03:43:04 INF] [Phase 1] EnsureDeletedAsync completed in 1.1631ms {"SourceContext": "Infrastructure.Services.DatabaseTestService", "Application": "Crud.Api"}
[03:43:04 INF] [Phase 2] Starting EnsureCreatedAsync for worker 17273... {"SourceContext": "Infrastructure.Services.DatabaseTestService", "Application": "Crud.Api"}
[03:43:04 INF] [Phase 2] EnsureCreatedAsync completed in 7.1712ms {"SourceContext": "Infrastructure.Services.DatabaseTestService", "Application": "Crud.Api"}
[03:43:04 INF] [Phase 3] Skipping database seeding as requested for worker 17273 {"SourceContext": "Infrastructure.Services.DatabaseTestService", "Application": "Crud.Api"}
[03:43:04 INF] Database reset via file deletion completed for worker 17273 in 108.8235ms (Close: 0.001ms, Delete: 1.1631ms, Create: 7.1712ms) {"SourceContext": "Infrastructure.Services.DatabaseTestService", "Application": "Crud.Api"}
[03:43:04 INF] Releasing database mutex for worker 17273 {"SourceContext": "Infrastructure.Services.DatabaseTestService", "Application": "Crud.Api"}
[xUnit.net 00:01:23.99]       Expected response2.StatusCode to be HttpStatusCode.OK {value: 200} because Server should return 200 when resource has been modified, but found HttpStatusCode.NotModified {value: 304}.
[xUnit.net 00:01:23.99]       Stack Trace:
[xUnit.net 00:01:23.99]            at FluentAssertions.Execution.XUnit2TestFramework.Throw(String message)
[xUnit.net 00:01:23.99]            at FluentAssertions.Execution.TestFrameworkProvider.Throw(String message)
[xUnit.net 00:01:23.99]            at FluentAssertions.Execution.DefaultAssertionStrategy.HandleFailure(String message)
[xUnit.net 00:01:23.99]            at FluentAssertions.Execution.AssertionScope.FailWith(Func`1 failReasonFunc)
[xUnit.net 00:01:23.99]            at FluentAssertions.Primitives.EnumAssertions`2.Be(TEnum expected, String because, Object[] becauseArgs)
[xUnit.net 00:01:23.99]         /home/runner/work/Crud/Crud/test/Tests.Integration.Backend/OutputCaching/ConditionalRequestTests.cs(168,0): at Tests.Integration.Backend.OutputCaching.ConditionalRequestTests.&lt;GetRequest_WithIfModifiedSince_ShouldReturn200_WhenModified&gt;b__4_0()
Resource associated with Metric:
    deployment.environment: Testing
    service.name: Crud.Api
    service.version: 1.0.0
    service.instance.id: a483e3f3-32ea-4a50-a508-2cd77b6b2522
    telemetry.sdk.name: opentelemetry
    telemetry.sdk.language: dotnet
    telemetry.sdk.version: 1.8.1
Metric Name: http.server.active_requests, Number of active HTTP server requests., Unit: {request}, Meter: Microsoft.AspNetCore.Hosting
(2025-09-11T03:43:01.6436518Z, 2025-09-11T03:43:04.4900534Z] http.request.method: POST url.scheme: http LongSumNonMonotonic
Value: 0
(2025-09-11T03:43:01.6436518Z, 2025-09-11T03:43:04.4900534Z] http.request.method: GET url.scheme: http LongSumNonMonotonic
Value: 0
Metric Name: http.server.request.duration, Duration of HTTP server requests., Unit: s, Meter: Microsoft.AspNetCore.Hosting
(2025-09-11T03:43:01.6436721Z, 2025-09-11T03:43:04.4900561Z] http.request.method: POST http.response.status_code: 200 http.route: api/Auth/register network.protocol.version: 1.1 url.scheme: http Histogram
Value: Sum: 1.5094199000000001 Count: 5 Min: 0.2987466 Max: 0.3058224 
(-Infinity,0.005]:0
(0.005,0.01]:0
(0.01,0.025]:0
(0.025,0.05]:0
(0.05,0.075]:0
(0.075,0.1]:0
(0.1,0.25]:0
(0.25,0.5]:5
(0.5,0.75]:0
(0.75,1]:0
(1,2.5]:0
(2.5,5]:0
(5,7.5]:0
[xUnit.net 00:01:23.99]         /home/runner/work/Crud/Crud/test/Tests.Integration.Backend/Infrastructure/IntegrationTestBase.cs(48,0): at Tests.Integration.Backend.Infrastructure.IntegrationTestBase.RunWithCleanDatabaseAsync(Func`1 testAction)
(7.5,10]:0
(10,+Infinity]:0
(2025-09-11T03:43:01.6436721Z, 2025-09-11T03:43:04.4900561Z] http.request.method: GET http.response.status_code: 200 http.route: api/People/{id:guid} network.protocol.version: 1.1 url.scheme: http Histogram
Value: Sum: 0.0157728 Count: 3 Min: 0.0015093 Max: 0.0103928 
(-Infinity,0.005]:2
(0.005,0.01]:0
[xUnit.net 00:01:23.99]         /home/runner/work/Crud/Crud/test/Tests.Integration.Backend/Infrastructure/IntegrationTestBase.cs(53,0): at Tests.Integration.Backend.Infrastructure.IntegrationTestBase.RunWithCleanDatabaseAsync(Func`1 testAction)
(0.01,0.025]:1
(0.025,0.05]:0
(0.05,0.075]:0
(0.075,0.1]:0
(0.1,0.25]:0
(0.25,0.5]:0
(0.5,0.75]:0
(0.75,1]:0
(1,2.5]:0
(2.5,5]:0
(5,7.5]:0
(7.5,10]:0
(10,+Infinity]:0
(2025-09-11T03:43:01.6436721Z, 2025-09-11T03:43:04.4900561Z] http.request.method: GET http.response.status_code: 304 http.route: api/People/{id:guid} network.protocol.version: 1.1 url.scheme: http Histogram
Value: Sum: 0.0041341 Count: 3 Min: 0.0004984 Max: 0.0029858 
(-Infinity,0.005]:3
(0.005,0.01]:0
[xUnit.net 00:01:23.99]         /home/runner/work/Crud/Crud/test/Tests.Integration.Backend/OutputCaching/ConditionalRequestTests.cs(138,0): at Tests.Integration.Backend.OutputCaching.ConditionalRequestTests.GetRequest_WithIfModifiedSince_ShouldReturn200_WhenModified()
(0.01,0.025]:0
(0.025,0.05]:0
(0.05,0.075]:0
(0.075,0.1]:0
(0.1,0.25]:0
(0.25,0.5]:0
(0.5,0.75]:0
(0.75,1]:0
(1,2.5]:0
(2.5,5]:0
(5,7.5]:0
(7.5,10]:0
(10,+Infinity]:0
(2025-09-11T03:43:01.6436721Z, 2025-09-11T03:43:04.4900561Z] http.request.method: GET http.response.status_code: 200 http.route: api/Walls network.protocol.version: 1.1 url.scheme: http Histogram
Value: Sum: 0.0103098 Count: 1 Min: 0.0103098 Max: 0.0103098 
(-Infinity,0.005]:0
(0.005,0.01]:0
(0.01,0.025]:1
(0.025,0.05]:0
(0.05,0.075]:0
(0.075,0.1]:0
(0.1,0.25]:0
(0.25,0.5]:0
(0.5,0.75]:0
(0.75,1]:0
(1,2.5]:0
(2.5,5]:0
[xUnit.net 00:01:23.99]         --- End of stack trace from previous location ---
(5,7.5]:0
(7.5,10]:0
(10,+Infinity]:0
(2025-09-11T03:43:01.6436721Z, 2025-09-11T03:43:04.4900561Z] http.request.method: GET http.response.status_code: 200 http.route: api/Roles network.protocol.version: 1.1 url.scheme: http Histogram
Value: Sum: 0.0058368 Count: 1 Min: 0.0058368 Max: 0.0058368 
(-Infinity,0.005]:0
(0.005,0.01]:1
(0.01,0.025]:0
(0.025,0.05]:0
(0.05,0.075]:0
(0.075,0.1]:0
(0.1,0.25]:0
(0.25,0.5]:0
(0.5,0.75]:0
(0.75,1]:0
(1,2.5]:0
(2.5,5]:0
(5,7.5]:0
(7.5,10]:0
(10,+Infinity]:0
(2025-09-11T03:43:01.6436721Z, 2025-09-11T03:43:04.4900561Z] http.request.method: GET http.response.status_code: 304 http.route: api/Roles network.protocol.version: 1.1 url.scheme: http Histogram
Value: Sum: 0.0008592 Count: 1 Min: 0.0008592 Max: 0.0008592 
(-Infinity,0.005]:1
(0.005,0.01]:0
(0.01,0.025]:0
(0.025,0.05]:0
(0.05,0.075]:0
(0.075,0.1]:0
(0.1,0.25]:0
(0.25,0.5]:0
(0.5,0.75]:0
(0.75,1]:0
(1,2.5]:0
(2.5,5]:0
(5,7.5]:0
(7.5,10]:0
(10,+Infinity]:0
Metric Name: aspnetcore.rate_limiting.active_request_leases, Number of HTTP requests that are currently active on the server that hold a rate limiting lease., Unit: {request}, Meter: Microsoft.AspNetCore.RateLimiting
(2025-09-11T03:43:01.6459934Z, 2025-09-11T03:43:04.4900572Z] LongSumNonMonotonic
Value: 0
Metric Name: aspnetcore.rate_limiting.request_lease.duration, The duration of rate limiting leases held by HTTP requests on the server., Unit: s, Meter: Microsoft.AspNetCore.RateLimiting
(2025-09-11T03:43:01.6460169Z, 2025-09-11T03:43:04.4900581Z] Histogram
Value: Sum: 1.5408543 Count: 14 Min: 0.0004281 Max: 0.304734 
(-Infinity,0.005]:6
(0.005,0.01]:2
(0.01,0.025]:1
(0.025,0.05]:0
(0.05,0.075]:0
(0.075,0.1]:0
(0.1,0.25]:0
(0.25,0.5]:5
(0.5,0.75]:0
(0.75,1]:0
(1,2.5]:0
(2.5,5]:0
(5,7.5]:0
(7.5,10]:0
(10,+Infinity]:0
Metric Name: aspnetcore.rate_limiting.requests, Number of requests that tried to acquire a rate limiting lease. Requests could be rejected by global or endpoint rate limiting policies. Or the request could be canceled while waiting for the lease., Unit: {request}, Meter: Microsoft.AspNetCore.RateLimiting
(2025-09-11T03:43:01.6469589Z, 2025-09-11T03:43:04.4900599Z] aspnetcore.rate_limiting.result: acquired LongSum
Value: 14
Metric Name: aspnetcore.routing.match_attempts, Number of requests that were attempted to be matched to an endpoint., Unit: {match_attempt}, Meter: Microsoft.AspNetCore.Routing
(2025-09-11T03:43:01.6478239Z, 2025-09-11T03:43:04.4900604Z] aspnetcore.routing.is_fallback: false aspnetcore.routing.match_status: success http.route: api/Auth/register LongSum
Value: 5
(2025-09-11T03:43:01.6478239Z, 2025-09-11T03:43:04.4900604Z] aspnetcore.routing.is_fallback: false aspnetcore.routing.match_status: success http.route: api/People/{id:guid} LongSum
Value: 6
(2025-09-11T03:43:01.6478239Z, 2025-09-11T03:43:04.4900604Z] aspnetcore.routing.is_fallback: false aspnetcore.routing.match_status: success http.route: api/Walls LongSum
Value: 1
(2025-09-11T03:43:01.6478239Z, 2025-09-11T03:43:04.4900604Z] aspnetcore.routing.is_fallback: false aspnetcore.routing.match_status: success http.route: api/Roles LongSum
Value: 2
[03:43:04 INF] Starting Crud API application {"Application": "Crud.Api"}
[03:43:04 INF] Using SQLite provider with connection: Data Source=TestDatabase.db {"Application": "Crud.Api"}
[03:43:04 INF] Database ensured successfully {"Application": "Crud.Api"}
[03:43:04 INF] Application configured successfully. Starting web host... {"Application": "Crud.Api"}
[03:43:04 INF] Resetting database for worker 12017 {"SourceContext": "Infrastructure.Services.DatabaseTestService", "Application": "Crud.Api"}
[03:43:04 INF] Resetting database via file deletion for worker 12017 in CI environment {"SourceContext": "Infrastructure.Services.DatabaseTestService", "Application": "Crud.Api"}
[03:43:04 INF] Acquiring database mutex for worker 12017... {"SourceContext": "Infrastructure.Services.DatabaseTestService", "Application": "Crud.Api"}
[03:43:04 INF] Database mutex acquired for worker 12017 {"SourceContext": "Infrastructure.Services.DatabaseTestService", "Application": "Crud.Api"}
[03:43:04 INF] Current database state - CanConnect: True {"SourceContext": "Infrastructure.Services.DatabaseTestService", "Application": "Crud.Api"}
[03:43:04 INF] [Phase 0] Closing database connection for worker 12017... {"SourceContext": "Infrastructure.Services.DatabaseTestService", "Application": "Crud.Api"}
[03:43:04 INF] [Phase 0] Connection closed in 0.0013ms {"SourceContext": "Infrastructure.Services.DatabaseTestService", "Application": "Crud.Api"}
[03:43:04 INF] [Phase 1] Starting EnsureDeletedAsync for worker 12017... {"SourceContext": "Infrastructure.Services.DatabaseTestService", "Application": "Crud.Api"}
[03:43:04 INF] [Phase 1] EnsureDeletedAsync completed in 1.489ms {"SourceContext": "Infrastructure.Services.DatabaseTestService", "Application": "Crud.Api"}
[03:43:04 INF] [Phase 2] Starting EnsureCreatedAsync for worker 12017... {"SourceContext": "Infrastructure.Services.DatabaseTestService", "Application": "Crud.Api"}
[03:43:04 INF] [Phase 2] EnsureCreatedAsync completed in 8.0745ms {"SourceContext": "Infrastructure.Services.DatabaseTestService", "Application": "Crud.Api"}
[03:43:04 INF] [Phase 3] Skipping database seeding as requested for worker 12017 {"SourceContext": "Infrastructure.Services.DatabaseTestService", "Application": "Crud.Api"}
[03:43:04 INF] Database reset via file deletion completed for worker 12017 in 109.8777ms (Close: 0.0013ms, Delete: 1.489ms, Create: 8.0745ms) {"SourceContext": "Infrastructure.Services.DatabaseTestService", "Application": "Crud.Api"}
[03:43:04 INF] Releasing database mutex for worker 12017 {"SourceContext": "Infrastructure.Services.DatabaseTestService", "Application": "Crud.Api"}
[03:43:04 WRN] Failed to determine the https port for redirect. {"EventId": {"Id": 3, "Name": "FailedToDeterminePort"}, "SourceContext": "Microsoft.AspNetCore.HttpsPolicy.HttpsRedirectionMiddleware", "RequestId": "0HNFGSKFKDJJF", "RequestPath": "/api/auth/register", "Application": "Crud.Api"}
[03:43:04 ERR] An unhandled exception occurred during request POST /api/auth/register. Request ID: 0HNFGSKFKDJJF, User: Anonymous {"SourceContext": "Api.Middleware.GlobalExceptionHandlingMiddleware", "RequestPath": "/api/auth/register", "Application": "Crud.Api"}
FluentValidation.ValidationException: Validation failed: 
 -- Email: Invalid email format Severity: Error
   at App.Behaviors.ValidationBehavior`2.Handle(TRequest request, RequestHandlerDelegate`1 next, CancellationToken cancellationToken) in /home/runner/work/Crud/Crud/src/App/Behaviors/ValidationBehavior.cs:line 39
   at Api.Controllers.AuthController.Register(RegisterUserCommand command, CancellationToken cancellationToken) in /home/runner/work/Crud/Crud/src/Api/Controllers/AuthController.cs:line 27
   at Microsoft.AspNetCore.Mvc.Infrastructure.ActionMethodExecutor.TaskOfIActionResultExecutor.Execute(ActionContext actionContext, IActionResultTypeMapper mapper, ObjectMethodExecutor executor, Object controller, Object[] arguments)
   at Microsoft.AspNetCore.Mvc.Infrastructure.ControllerActionInvoker.&lt;InvokeActionMethodAsync&gt;g__Logged|12_1(ControllerActionInvoker invoker)
   at Microsoft.AspNetCore.Mvc.Infrastructure.ControllerActionInvoker.&lt;InvokeNextActionFilterAsync&gt;g__Awaited|10_0(ControllerActionInvoker invoker, Task lastTask, State next, Scope scope, Object state, Boolean isCompleted)
   at Microsoft.AspNetCore.Mvc.Infrastructure.ControllerActionInvoker.Rethrow(ActionExecutedContextSealed context)
   at Microsoft.AspNetCore.Mvc.Infrastructure.ControllerActionInvoker.Next(State&amp; next, Scope&amp; scope, Object&amp; state, Boolean&amp; isCompleted)
   at Microsoft.AspNetCore.Mvc.Infrastructure.ControllerActionInvoker.InvokeInnerFilterAsync()
--- End of stack trace from previous location ---
   at Microsoft.AspNetCore.Mvc.Infrastructure.ResourceInvoker.&lt;InvokeFilterPipelineAsync&gt;g__Awaited|20_0(ResourceInvoker invoker, Task lastTask, State next, Scope scope, Object state, Boolean isCompleted)
   at Microsoft.AspNetCore.Mvc.Infrastructure.ResourceInvoker.&lt;InvokeAsync&gt;g__Logged|17_1(ResourceInvoker invoker)
   at Microsoft.AspNetCore.Mvc.Infrastructure.ResourceInvoker.&lt;InvokeAsync&gt;g__Logged|17_1(ResourceInvoker invoker)
   at Api.Middleware.ConditionalRequestMiddleware.InvokeAsync(HttpContext context) in /home/runner/work/Crud/Crud/src/Api/Middleware/ConditionalRequestMiddleware.cs:line 30
   at Microsoft.AspNetCore.Authorization.AuthorizationMiddleware.Invoke(HttpContext context)
   at Microsoft.AspNetCore.Authentication.AuthenticationMiddleware.Invoke(HttpContext context)
   at Microsoft.AspNetCore.RateLimiting.RateLimitingMiddleware.InvokeInternal(HttpContext context, EnableRateLimitingAttribute enableRateLimitingAttribute)
   at Api.Middleware.GlobalExceptionHandlingMiddleware.InvokeAsync(HttpContext context) in /home/runner/work/Crud/Crud/src/Api/Middleware/GlobalExceptionHandlingMiddleware.cs:line 27
Activity.TraceId:            9605f8238060ee0289af53d638a2577e
Activity.SpanId:             edb866d67ad9f6b9
Activity.TraceFlags:         Recorded
Activity.ActivitySourceName: Microsoft.AspNetCore
Activity.DisplayName:        POST api/Auth/register
Activity.Kind:               Server
Activity.StartTime:          2025-09-11T03:43:04.6410516Z
Activity.Duration:           00:00:00.0066949
Activity.Tags:
    server.address: localhost
    http.request.method: POST
    url.scheme: http
    url.path: /api/auth/register
    network.protocol.version: 1.1
    http.route: api/Auth/register
    http.response.status_code: 400
Resource associated with Activity:
    deployment.environment: Testing
    service.name: Crud.Api
    service.version: 1.0.0
    service.instance.id: a483e3f3-32ea-4a50-a508-2cd77b6b2522
    telemetry.sdk.name: opentelemetry
    telemetry.sdk.language: dotnet
    telemetry.sdk.version: 1.8.1
❌ POST /api/auth/register failed:
   Status: BadRequest (400)
   Reason: Bad Request
   Response Body: {"status":400,"title":"Validation Failed","detail":null,"errors":{"Email":["Invalid email format"]},"traceId":"e81f8bd2-3fd7-4f5c-a76c-b94bb352d36b","timestamp":"2025-09-11T03:43:04.6476055Z"}
   Content Headers: Content-Type=application/json
[03:43:04 INF] Resetting database for worker 12017 {"SourceContext": "Infrastructure.Services.DatabaseTestService", "Application": "Crud.Api"}
[03:43:04 INF] Resetting database via file deletion for worker 12017 in CI environment {"SourceContext": "Infrastructure.Services.DatabaseTestService", "Application": "Crud.Api"}
[03:43:04 INF] Acquiring database mutex for worker 12017... {"SourceContext": "Infrastructure.Services.DatabaseTestService", "Application": "Crud.Api"}
[03:43:04 INF] Database mutex acquired for worker 12017 {"SourceContext": "Infrastructure.Services.DatabaseTestService", "Application": "Crud.Api"}
[03:43:04 INF] Current database state - CanConnect: True {"SourceContext": "Infrastructure.Services.DatabaseTestService", "Application": "Crud.Api"}
[03:43:04 INF] [Phase 0] Closing database connection for worker 12017... {"SourceContext": "Infrastructure.Services.DatabaseTestService", "Application": "Crud.Api"}
[03:43:04 INF] [Phase 0] Connection closed in 0.0012ms {"SourceContext": "Infrastructure.Services.DatabaseTestService", "Application": "Crud.Api"}
[03:43:04 INF] [Phase 1] Starting EnsureDeletedAsync for worker 12017... {"SourceContext": "Infrastructure.Services.DatabaseTestService", "Application": "Crud.Api"}
[03:43:04 INF] [Phase 1] EnsureDeletedAsync completed in 1.4759ms {"SourceContext": "Infrastructure.Services.DatabaseTestService", "Application": "Crud.Api"}
[03:43:04 INF] [Phase 2] Starting EnsureCreatedAsync for worker 12017... {"SourceContext": "Infrastructure.Services.DatabaseTestService", "Application": "Crud.Api"}
[03:43:04 INF] [Phase 2] EnsureCreatedAsync completed in 7.3685ms {"SourceContext": "Infrastructure.Services.DatabaseTestService", "Application": "Crud.Api"}
[03:43:04 INF] [Phase 3] Skipping database seeding as requested for worker 12017 {"SourceContext": "Infrastructure.Services.DatabaseTestService", "Application": "Crud.Api"}
[03:43:04 INF] Database reset via file deletion completed for worker 12017 in 109.654ms (Close: 0.0012ms, Delete: 1.4759ms, Create: 7.3685ms) {"SourceContext": "Infrastructure.Services.DatabaseTestService", "Application": "Crud.Api"}
[03:43:04 INF] Releasing database mutex for worker 12017 {"SourceContext": "Infrastructure.Services.DatabaseTestService", "Application": "Crud.Api"}
[03:43:04 INF] Resetting database for worker 12017 {"SourceContext": "Infrastructure.Services.DatabaseTestService", "Application": "Crud.Api"}
[03:43:04 INF] Resetting database via file deletion for worker 12017 in CI environment {"SourceContext": "Infrastructure.Services.DatabaseTestService", "Application": "Crud.Api"}
[03:43:04 INF] Acquiring database mutex for worker 12017... {"SourceContext": "Infrastructure.Services.DatabaseTestService", "Application": "Crud.Api"}
[03:43:04 INF] Database mutex acquired for worker 12017 {"SourceContext": "Infrastructure.Services.DatabaseTestService", "Application": "Crud.Api"}
[03:43:04 INF] Current database state - CanConnect: True {"SourceContext": "Infrastructure.Services.DatabaseTestService", "Application": "Crud.Api"}
[03:43:04 INF] [Phase 0] Closing database connection for worker 12017... {"SourceContext": "Infrastructure.Services.DatabaseTestService", "Application": "Crud.Api"}
[03:43:04 INF] [Phase 0] Connection closed in 0.0007ms {"SourceContext": "Infrastructure.Services.DatabaseTestService", "Application": "Crud.Api"}
[03:43:04 INF] [Phase 1] Starting EnsureDeletedAsync for worker 12017... {"SourceContext": "Infrastructure.Services.DatabaseTestService", "Application": "Crud.Api"}
[03:43:04 INF] [Phase 1] EnsureDeletedAsync completed in 1.3522ms {"SourceContext": "Infrastructure.Services.DatabaseTestService", "Application": "Crud.Api"}
[03:43:04 INF] [Phase 2] Starting EnsureCreatedAsync for worker 12017... {"SourceContext": "Infrastructure.Services.DatabaseTestService", "Application": "Crud.Api"}
[03:43:04 INF] [Phase 2] EnsureCreatedAsync completed in 8.2616ms {"SourceContext": "Infrastructure.Services.DatabaseTestService", "Application": "Crud.Api"}
[03:43:04 INF] [Phase 3] Skipping database seeding as requested for worker 12017 {"SourceContext": "Infrastructure.Services.DatabaseTestService", "Application": "Crud.Api"}
[03:43:04 INF] Database reset via file deletion completed for worker 12017 in 111.0559ms (Close: 0.0007ms, Delete: 1.3522ms, Create: 8.2616ms) {"SourceContext": "Infrastructure.Services.DatabaseTestService", "Application": "Crud.Api"}
[03:43:04 INF] Releasing database mutex for worker 12017 {"SourceContext": "Infrastructure.Services.DatabaseTestService", "Application": "Crud.Api"}
[03:43:05 INF] User registered successfully: 1eee8dbb-63b1-4b9a-a880-82f5e7706e19 {"SourceContext": "App.Features.Authentication.RegisterUserCommandHandler", "ActionId": "84437b5d-7cd0-444e-9cf3-56361bfd44c5", "ActionName": "Api.Controllers.AuthController.Register (Api)", "RequestId": "0HNFGSKFKDJJG", "RequestPath": "/api/auth/register", "Application": "Crud.Api"}
Activity.TraceId:            3671d107f53ab3274b0d34c6dd8a5bd7
Activity.SpanId:             6443c9a98d669832
Activity.TraceFlags:         Recorded
Activity.ActivitySourceName: Microsoft.AspNetCore
Activity.DisplayName:        POST api/Auth/register
Activity.Kind:               Server
Activity.StartTime:          2025-09-11T03:43:04.8748446Z
Activity.Duration:           00:00:00.3019467
Activity.Tags:
    server.address: localhost
    http.request.method: POST
    url.scheme: http
    url.path: /api/auth/register
    network.protocol.version: 1.1
    http.route: api/Auth/register
    http.response.status_code: 200
Resource associated with Activity:
    deployment.environment: Testing
    service.name: Crud.Api
    service.version: 1.0.0
    service.instance.id: a483e3f3-32ea-4a50-a508-2cd77b6b2522
    telemetry.sdk.name: opentelemetry
    telemetry.sdk.language: dotnet
    telemetry.sdk.version: 1.8.1
[03:43:05 WRN] Registration attempt with existing email: existing@example.com {"SourceContext": "App.Features.Authentication.RegisterUserCommandHandler", "ActionId": "84437b5d-7cd0-444e-9cf3-56361bfd44c5", "ActionName": "Api.Controllers.AuthController.Register (Api)", "RequestId": "0HNFGSKFKDJJH", "RequestPath": "/api/auth/register", "Application": "Crud.Api"}
Activity.TraceId:            6ba7b4dc112d53b9e29d768a6412c7f8
Activity.SpanId:             8f4330f57deecb1d
Activity.TraceFlags:         Recorded
Activity.ActivitySourceName: Microsoft.AspNetCore
Activity.DisplayName:        POST api/Auth/register
Activity.Kind:               Server
Activity.StartTime:          2025-09-11T03:43:05.1775863Z
Activity.Duration:           00:00:00.0038818
Activity.Tags:
    server.address: localhost
    http.request.method: POST
    url.scheme: http
    url.path: /api/auth/register
    network.protocol.version: 1.1
    http.route: api/Auth/register
    http.response.status_code: 400
Resource associated with Activity:
❌ POST /api/auth/register failed:
    deployment.environment: Testing
    service.name: Crud.Api
    service.version: 1.0.0
    service.instance.id: a483e3f3-32ea-4a50-a508-2cd77b6b2522
   Status: BadRequest (400)
    telemetry.sdk.name: opentelemetry
    telemetry.sdk.language: dotnet
   Reason: Bad Request
    telemetry.sdk.version: 1.8.1
   Response Body: {"error":"Email already exists"}
   Content Headers: Content-Type=application/json; charset=utf-8
[03:43:05 INF] Resetting database for worker 12017 {"SourceContext": "Infrastructure.Services.DatabaseTestService", "Application": "Crud.Api"}
[03:43:05 INF] Resetting database via file deletion for worker 12017 in CI environment {"SourceContext": "Infrastructure.Services.DatabaseTestService", "Application": "Crud.Api"}
[03:43:05 INF] Acquiring database mutex for worker 12017... {"SourceContext": "Infrastructure.Services.DatabaseTestService", "Application": "Crud.Api"}
[03:43:05 INF] Database mutex acquired for worker 12017 {"SourceContext": "Infrastructure.Services.DatabaseTestService", "Application": "Crud.Api"}
[03:43:05 INF] Current database state - CanConnect: True {"SourceContext": "Infrastructure.Services.DatabaseTestService", "Application": "Crud.Api"}
[03:43:05 INF] [Phase 0] Closing database connection for worker 12017... {"SourceContext": "Infrastructure.Services.DatabaseTestService", "Application": "Crud.Api"}
[03:43:05 INF] [Phase 0] Connection closed in 0.0007ms {"SourceContext": "Infrastructure.Services.DatabaseTestService", "Application": "Crud.Api"}
[03:43:05 INF] [Phase 1] Starting EnsureDeletedAsync for worker 12017... {"SourceContext": "Infrastructure.Services.DatabaseTestService", "Application": "Crud.Api"}
[03:43:05 INF] [Phase 1] EnsureDeletedAsync completed in 1.7637ms {"SourceContext": "Infrastructure.Services.DatabaseTestService", "Application": "Crud.Api"}
[03:43:05 INF] [Phase 2] Starting EnsureCreatedAsync for worker 12017... {"SourceContext": "Infrastructure.Services.DatabaseTestService", "Application": "Crud.Api"}
[03:43:05 INF] [Phase 2] EnsureCreatedAsync completed in 8.2663ms {"SourceContext": "Infrastructure.Services.DatabaseTestService", "Application": "Crud.Api"}
[03:43:05 INF] [Phase 3] Skipping database seeding as requested for worker 12017 {"SourceContext": "Infrastructure.Services.DatabaseTestService", "Application": "Crud.Api"}
[03:43:05 INF] Database reset via file deletion completed for worker 12017 in 110.5185ms (Close: 0.0007ms, Delete: 1.7637ms, Create: 8.2663ms) {"SourceContext": "Infrastructure.Services.DatabaseTestService", "Application": "Crud.Api"}
[03:43:05 INF] Releasing database mutex for worker 12017 {"SourceContext": "Infrastructure.Services.DatabaseTestService", "Application": "Crud.Api"}
[03:43:05 INF] Resetting database for worker 12017 {"SourceContext": "Infrastructure.Services.DatabaseTestService", "Application": "Crud.Api"}
[03:43:05 INF] Resetting database via file deletion for worker 12017 in CI environment {"SourceContext": "Infrastructure.Services.DatabaseTestService", "Application": "Crud.Api"}
[03:43:05 INF] Acquiring database mutex for worker 12017... {"SourceContext": "Infrastructure.Services.DatabaseTestService", "Application": "Crud.Api"}
[03:43:05 INF] Database mutex acquired for worker 12017 {"SourceContext": "Infrastructure.Services.DatabaseTestService", "Application": "Crud.Api"}
[03:43:05 INF] Current database state - CanConnect: True {"SourceContext": "Infrastructure.Services.DatabaseTestService", "Application": "Crud.Api"}
[03:43:05 INF] [Phase 0] Closing database connection for worker 12017... {"SourceContext": "Infrastructure.Services.DatabaseTestService", "Application": "Crud.Api"}
[03:43:05 INF] [Phase 0] Connection closed in 0.0008ms {"SourceContext": "Infrastructure.Services.DatabaseTestService", "Application": "Crud.Api"}
[03:43:05 INF] [Phase 1] Starting EnsureDeletedAsync for worker 12017... {"SourceContext": "Infrastructure.Services.DatabaseTestService", "Application": "Crud.Api"}
[03:43:05 INF] [Phase 1] EnsureDeletedAsync completed in 1.3533ms {"SourceContext": "Infrastructure.Services.DatabaseTestService", "Application": "Crud.Api"}
[03:43:05 INF] [Phase 2] Starting EnsureCreatedAsync for worker 12017... {"SourceContext": "Infrastructure.Services.DatabaseTestService", "Application": "Crud.Api"}
[03:43:05 INF] [Phase 2] EnsureCreatedAsync completed in 19.6735ms {"SourceContext": "Infrastructure.Services.DatabaseTestService", "Application": "Crud.Api"}
[03:43:05 INF] [Phase 3] Skipping database seeding as requested for worker 12017 {"SourceContext": "Infrastructure.Services.DatabaseTestService", "Application": "Crud.Api"}
[03:43:05 INF] Database reset via file deletion completed for worker 12017 in 122.1763ms (Close: 0.0008ms, Delete: 1.3533ms, Create: 19.6735ms) {"SourceContext": "Infrastructure.Services.DatabaseTestService", "Application": "Crud.Api"}
[03:43:05 INF] Releasing database mutex for worker 12017 {"SourceContext": "Infrastructure.Services.DatabaseTestService", "Application": "Crud.Api"}
[03:43:05 INF] User registered successfully: bb46dcb5-0c54-479b-9968-9540b6878c65 {"SourceContext": "App.Features.Authentication.RegisterUserCommandHandler", "ActionId": "84437b5d-7cd0-444e-9cf3-56361bfd44c5", "ActionName": "Api.Controllers.AuthController.Register (Api)", "RequestId": "0HNFGSKFKDJJI", "RequestPath": "/api/auth/register", "Application": "Crud.Api"}
Activity.TraceId:            be91e4c3bda55b93143ee0efb4b22bab
Activity.SpanId:             6024fd8426990721
Activity.TraceFlags:         Recorded
Activity.ActivitySourceName: Microsoft.AspNetCore
Activity.DisplayName:        POST api/Auth/register
Activity.Kind:               Server
Activity.StartTime:          2025-09-11T03:43:05.4184977Z
Activity.Duration:           00:00:00.3002446
Activity.Tags:
    server.address: localhost
    http.request.method: POST
    url.scheme: http
    url.path: /api/auth/register
    network.protocol.version: 1.1
    http.route: api/Auth/register
    http.response.status_code: 200
Resource associated with Activity:
    deployment.environment: Testing
    service.name: Crud.Api
    service.version: 1.0.0
    service.instance.id: a483e3f3-32ea-4a50-a508-2cd77b6b2522
    telemetry.sdk.name: opentelemetry
    telemetry.sdk.language: dotnet
    telemetry.sdk.version: 1.8.1
[03:43:06 INF] User logged in successfully: bb46dcb5-0c54-479b-9968-9540b6878c65 {"SourceContext": "App.Features.Authentication.LoginCommandHandler", "ActionId": "a9522275-4d73-45ec-b4a2-4c1c3640bd06", "ActionName": "Api.Controllers.AuthController.Login (Api)", "RequestId": "0HNFGSKFKDJJJ", "RequestPath": "/api/auth/login", "Application": "Crud.Api"}
Activity.TraceId:            fa94959737956cd544ba34ef824796e5
Activity.SpanId:             14022c90e8f597ed
Activity.TraceFlags:         Recorded
Activity.ActivitySourceName: Microsoft.AspNetCore
Activity.DisplayName:        POST api/Auth/login
Activity.Kind:               Server
Activity.StartTime:          2025-09-11T03:43:05.7193696Z
Activity.Duration:           00:00:00.3173156
Activity.Tags:
    server.address: localhost
    http.request.method: POST
    url.scheme: http
    url.path: /api/auth/login
    network.protocol.version: 1.1
    http.route: api/Auth/login
    http.response.status_code: 200
Resource associated with Activity:
    deployment.environment: Testing
    service.name: Crud.Api
    service.version: 1.0.0
    service.instance.id: a483e3f3-32ea-4a50-a508-2cd77b6b2522
    telemetry.sdk.name: opentelemetry
    telemetry.sdk.language: dotnet
    telemetry.sdk.version: 1.8.1
[03:43:06 INF] Refresh token rotated successfully for user: bb46dcb5-0c54-479b-9968-9540b6878c65 {"SourceContext": "App.Features.Authentication.RefreshTokenCommandHandler", "ActionId": "7f3bd866-460f-4640-bca3-dcf1c958682c", "ActionName": "Api.Controllers.AuthController.Refresh (Api)", "RequestId": "0HNFGSKFKDJJK", "RequestPath": "/api/auth/refresh", "Application": "Crud.Api"}
Activity.TraceId:            cd31e25fecbcba8cdd507cf20199325c
Activity.SpanId:             6b0977e4697606db
Activity.TraceFlags:         Recorded
Activity.ActivitySourceName: Microsoft.AspNetCore
Activity.DisplayName:        POST api/Auth/refresh
Activity.Kind:               Server
Activity.StartTime:          2025-09-11T03:43:06.0410752Z
Activity.Duration:           00:00:00.0159587
Activity.Tags:
    server.address: localhost
    http.request.method: POST
    url.scheme: http
    url.path: /api/auth/refresh
    network.protocol.version: 1.1
    http.route: api/Auth/refresh
    http.response.status_code: 200
Resource associated with Activity:
    deployment.environment: Testing
    service.name: Crud.Api
    service.version: 1.0.0
    service.instance.id: a483e3f3-32ea-4a50-a508-2cd77b6b2522
    telemetry.sdk.name: opentelemetry
    telemetry.sdk.language: dotnet
    telemetry.sdk.version: 1.8.1
[03:43:06 INF] Resetting database for worker 12017 {"SourceContext": "Infrastructure.Services.DatabaseTestService", "Application": "Crud.Api"}
[03:43:06 INF] Resetting database via file deletion for worker 12017 in CI environment {"SourceContext": "Infrastructure.Services.DatabaseTestService", "Application": "Crud.Api"}
[03:43:06 INF] Acquiring database mutex for worker 12017... {"SourceContext": "Infrastructure.Services.DatabaseTestService", "Application": "Crud.Api"}
[03:43:06 INF] Database mutex acquired for worker 12017 {"SourceContext": "Infrastructure.Services.DatabaseTestService", "Application": "Crud.Api"}
[03:43:06 INF] Current database state - CanConnect: True {"SourceContext": "Infrastructure.Services.DatabaseTestService", "Application": "Crud.Api"}
[03:43:06 INF] [Phase 0] Closing database connection for worker 12017... {"SourceContext": "Infrastructure.Services.DatabaseTestService", "Application": "Crud.Api"}
[03:43:06 INF] [Phase 0] Connection closed in 0.0007ms {"SourceContext": "Infrastructure.Services.DatabaseTestService", "Application": "Crud.Api"}
[03:43:06 INF] [Phase 1] Starting EnsureDeletedAsync for worker 12017... {"SourceContext": "Infrastructure.Services.DatabaseTestService", "Application": "Crud.Api"}
[03:43:06 INF] [Phase 1] EnsureDeletedAsync completed in 1.3071ms {"SourceContext": "Infrastructure.Services.DatabaseTestService", "Application": "Crud.Api"}
[03:43:06 INF] [Phase 2] Starting EnsureCreatedAsync for worker 12017... {"SourceContext": "Infrastructure.Services.DatabaseTestService", "Application": "Crud.Api"}
[03:43:06 INF] [Phase 2] EnsureCreatedAsync completed in 7.8881ms {"SourceContext": "Infrastructure.Services.DatabaseTestService", "Application": "Crud.Api"}
[03:43:06 INF] [Phase 3] Skipping database seeding as requested for worker 12017 {"SourceContext": "Infrastructure.Services.DatabaseTestService", "Application": "Crud.Api"}
[03:43:06 INF] Database reset via file deletion completed for worker 12017 in 109.53ms (Close: 0.0007ms, Delete: 1.3071ms, Create: 7.8881ms) {"SourceContext": "Infrastructure.Services.DatabaseTestService", "Application": "Crud.Api"}
[03:43:06 INF] Releasing database mutex for worker 12017 {"SourceContext": "Infrastructure.Services.DatabaseTestService", "Application": "Crud.Api"}
[03:43:06 INF] Resetting database for worker 12017 {"SourceContext": "Infrastructure.Services.DatabaseTestService", "Application": "Crud.Api"}
[03:43:06 INF] Resetting database via file deletion for worker 12017 in CI environment {"SourceContext": "Infrastructure.Services.DatabaseTestService", "Application": "Crud.Api"}
[03:43:06 INF] Acquiring database mutex for worker 12017... {"SourceContext": "Infrastructure.Services.DatabaseTestService", "Application": "Crud.Api"}
[03:43:06 INF] Database mutex acquired for worker 12017 {"SourceContext": "Infrastructure.Services.DatabaseTestService", "Application": "Crud.Api"}
[03:43:06 INF] Current database state - CanConnect: True {"SourceContext": "Infrastructure.Services.DatabaseTestService", "Application": "Crud.Api"}
[03:43:06 INF] [Phase 0] Closing database connection for worker 12017... {"SourceContext": "Infrastructure.Services.DatabaseTestService", "Application": "Crud.Api"}
[03:43:06 INF] [Phase 0] Connection closed in 0.0007ms {"SourceContext": "Infrastructure.Services.DatabaseTestService", "Application": "Crud.Api"}
[03:43:06 INF] [Phase 1] Starting EnsureDeletedAsync for worker 12017... {"SourceContext": "Infrastructure.Services.DatabaseTestService", "Application": "Crud.Api"}
[03:43:06 INF] [Phase 1] EnsureDeletedAsync completed in 1.4695ms {"SourceContext": "Infrastructure.Services.DatabaseTestService", "Application": "Crud.Api"}
[03:43:06 INF] [Phase 2] Starting EnsureCreatedAsync for worker 12017... {"SourceContext": "Infrastructure.Services.DatabaseTestService", "Application": "Crud.Api"}
[03:43:06 INF] [Phase 2] EnsureCreatedAsync completed in 8.6333ms {"SourceContext": "Infrastructure.Services.DatabaseTestService", "Application": "Crud.Api"}
[03:43:06 INF] [Phase 3] Skipping database seeding as requested for worker 12017 {"SourceContext": "Infrastructure.Services.DatabaseTestService", "Application": "Crud.Api"}
[03:43:06 INF] Database reset via file deletion completed for worker 12017 in 110.2526ms (Close: 0.0007ms, Delete: 1.4695ms, Create: 8.6333ms) {"SourceContext": "Infrastructure.Services.DatabaseTestService", "Application": "Crud.Api"}
[03:43:06 INF] Releasing database mutex for worker 12017 {"SourceContext": "Infrastructure.Services.DatabaseTestService", "Application": "Crud.Api"}
[03:43:06 WRN] Login attempt with non-existent email address {"SourceContext": "App.Features.Authentication.LoginCommandHandler", "ActionId": "a9522275-4d73-45ec-b4a2-4c1c3640bd06", "ActionName": "Api.Controllers.AuthController.Login (Api)", "RequestId": "0HNFGSKFKDJJL", "RequestPath": "/api/auth/login", "Application": "Crud.Api"}
Activity.TraceId:            4046ac7e6759d91baa7bd09a2a810b45
Activity.SpanId:             779bbaca4e0c3f32
Activity.TraceFlags:         Recorded
Activity.ActivitySourceName: Microsoft.AspNetCore
Activity.DisplayName:        POST api/Auth/login
Activity.Kind:               Server
Activity.StartTime:          2025-09-11T03:43:06.2816326Z
Activity.Duration:           00:00:00.0011718
Activity.Tags:
    server.address: localhost
    http.request.method: POST
    url.scheme: http
    url.path: /api/auth/login
    network.protocol.version: 1.1
    http.route: api/Auth/login
    http.response.status_code: 401
Resource associated with Activity:
    deployment.environment: Testing
    service.name: Crud.Api
    service.version: 1.0.0
    service.instance.id: a483e3f3-32ea-4a50-a508-2cd77b6b2522
    telemetry.sdk.name: opentelemetry
    telemetry.sdk.language: dotnet
    telemetry.sdk.version: 1.8.1
[03:43:06 INF] Resetting database for worker 12017 {"SourceContext": "Infrastructure.Services.DatabaseTestService", "Application": "Crud.Api"}
[03:43:06 INF] Resetting database via file deletion for worker 12017 in CI environment {"SourceContext": "Infrastructure.Services.DatabaseTestService", "Application": "Crud.Api"}
[03:43:06 INF] Acquiring database mutex for worker 12017... {"SourceContext": "Infrastructure.Services.DatabaseTestService", "Application": "Crud.Api"}
[03:43:06 INF] Database mutex acquired for worker 12017 {"SourceContext": "Infrastructure.Services.DatabaseTestService", "Application": "Crud.Api"}
[03:43:06 INF] Current database state - CanConnect: True {"SourceContext": "Infrastructure.Services.DatabaseTestService", "Application": "Crud.Api"}
[03:43:06 INF] [Phase 0] Closing database connection for worker 12017... {"SourceContext": "Infrastructure.Services.DatabaseTestService", "Application": "Crud.Api"}
[03:43:06 INF] [Phase 0] Connection closed in 0.0008ms {"SourceContext": "Infrastructure.Services.DatabaseTestService", "Application": "Crud.Api"}
[03:43:06 INF] [Phase 1] Starting EnsureDeletedAsync for worker 12017... {"SourceContext": "Infrastructure.Services.DatabaseTestService", "Application": "Crud.Api"}
[03:43:06 INF] [Phase 1] EnsureDeletedAsync completed in 2.9633ms {"SourceContext": "Infrastructure.Services.DatabaseTestService", "Application": "Crud.Api"}
[03:43:06 INF] [Phase 2] Starting EnsureCreatedAsync for worker 12017... {"SourceContext": "Infrastructure.Services.DatabaseTestService", "Application": "Crud.Api"}
[03:43:06 INF] [Phase 2] EnsureCreatedAsync completed in 7.4857ms {"SourceContext": "Infrastructure.Services.DatabaseTestService", "Application": "Crud.Api"}
[03:43:06 INF] [Phase 3] Skipping database seeding as requested for worker 12017 {"SourceContext": "Infrastructure.Services.DatabaseTestService", "Application": "Crud.Api"}
[03:43:06 INF] Database reset via file deletion completed for worker 12017 in 110.6287ms (Close: 0.0008ms, Delete: 2.9633ms, Create: 7.4857ms) {"SourceContext": "Infrastructure.Services.DatabaseTestService", "Application": "Crud.Api"}
[03:43:06 INF] Releasing database mutex for worker 12017 {"SourceContext": "Infrastructure.Services.DatabaseTestService", "Application": "Crud.Api"}
[03:43:06 INF] Resetting database for worker 12017 {"SourceContext": "Infrastructure.Services.DatabaseTestService", "Application": "Crud.Api"}
[03:43:06 INF] Resetting database via file deletion for worker 12017 in CI environment {"SourceContext": "Infrastructure.Services.DatabaseTestService", "Application": "Crud.Api"}
[03:43:06 INF] Acquiring database mutex for worker 12017... {"SourceContext": "Infrastructure.Services.DatabaseTestService", "Application": "Crud.Api"}
[03:43:06 INF] Database mutex acquired for worker 12017 {"SourceContext": "Infrastructure.Services.DatabaseTestService", "Application": "Crud.Api"}
[03:43:06 INF] Current database state - CanConnect: True {"SourceContext": "Infrastructure.Services.DatabaseTestService", "Application": "Crud.Api"}
[03:43:06 INF] [Phase 0] Closing database connection for worker 12017... {"SourceContext": "Infrastructure.Services.DatabaseTestService", "Application": "Crud.Api"}
[03:43:06 INF] [Phase 0] Connection closed in 0.0006ms {"SourceContext": "Infrastructure.Services.DatabaseTestService", "Application": "Crud.Api"}
[03:43:06 INF] [Phase 1] Starting EnsureDeletedAsync for worker 12017... {"SourceContext": "Infrastructure.Services.DatabaseTestService", "Application": "Crud.Api"}
[03:43:06 INF] [Phase 1] EnsureDeletedAsync completed in 3.0618ms {"SourceContext": "Infrastructure.Services.DatabaseTestService", "Application": "Crud.Api"}
[03:43:06 INF] [Phase 2] Starting EnsureCreatedAsync for worker 12017... {"SourceContext": "Infrastructure.Services.DatabaseTestService", "Application": "Crud.Api"}
[03:43:06 INF] [Phase 2] EnsureCreatedAsync completed in 7.0686ms {"SourceContext": "Infrastructure.Services.DatabaseTestService", "Application": "Crud.Api"}
[03:43:06 INF] [Phase 3] Skipping database seeding as requested for worker 12017 {"SourceContext": "Infrastructure.Services.DatabaseTestService", "Application": "Crud.Api"}
[03:43:06 INF] Database reset via file deletion completed for worker 12017 in 110.4372ms (Close: 0.0006ms, Delete: 3.0618ms, Create: 7.0686ms) {"SourceContext": "Infrastructure.Services.DatabaseTestService", "Application": "Crud.Api"}
[03:43:06 INF] Releasing database mutex for worker 12017 {"SourceContext": "Infrastructure.Services.DatabaseTestService", "Application": "Crud.Api"}
[03:43:06 INF] User registered successfully: 42cc4fce-5782-499e-90ae-419586009b61 {"SourceContext": "App.Features.Authentication.RegisterUserCommandHandler", "ActionId": "84437b5d-7cd0-444e-9cf3-56361bfd44c5", "ActionName": "Api.Controllers.AuthController.Register (Api)", "RequestId": "0HNFGSKFKDJJM", "RequestPath": "/api/auth/register", "Application": "Crud.Api"}
Activity.TraceId:            d743d31333d0bac054388fde66866c0b
Activity.SpanId:             3447b3c542910ba8
Activity.TraceFlags:         Recorded
Activity.ActivitySourceName: Microsoft.AspNetCore
Activity.DisplayName:        POST api/Auth/register
Activity.Kind:               Server
Activity.StartTime:          2025-09-11T03:43:06.5082963Z
Activity.Duration:           00:00:00.2987677
Activity.Tags:
    server.address: localhost
    http.request.method: POST
    url.scheme: http
    url.path: /api/auth/register
    network.protocol.version: 1.1
    http.route: api/Auth/register
    http.response.status_code: 200
Resource associated with Activity:
    deployment.environment: Testing
    service.name: Crud.Api
    service.version: 1.0.0
    service.instance.id: a483e3f3-32ea-4a50-a508-2cd77b6b2522
    telemetry.sdk.name: opentelemetry
    telemetry.sdk.language: dotnet
    telemetry.sdk.version: 1.8.1
[03:43:07 INF] User logged in successfully: 42cc4fce-5782-499e-90ae-419586009b61 {"SourceContext": "App.Features.Authentication.LoginCommandHandler", "ActionId": "a9522275-4d73-45ec-b4a2-4c1c3640bd06", "ActionName": "Api.Controllers.AuthController.Login (Api)", "RequestId": "0HNFGSKFKDJJN", "RequestPath": "/api/auth/login", "Application": "Crud.Api"}
Activity.TraceId:            4fd27cc1695d00013aa7de5287976e88
Activity.SpanId:             6c4072206f11c5a3
Activity.TraceFlags:         Recorded
Activity.ActivitySourceName: Microsoft.AspNetCore
Activity.DisplayName:        POST api/Auth/login
Activity.Kind:               Server
Activity.StartTime:          2025-09-11T03:43:06.8077011Z
Activity.Duration:           00:00:00.3007929
Activity.Tags:
    server.address: localhost
    http.request.method: POST
    url.scheme: http
    url.path: /api/auth/login
    network.protocol.version: 1.1
    http.route: api/Auth/login
    http.response.status_code: 200
Resource associated with Activity:
    deployment.environment: Testing
    service.name: Crud.Api
    service.version: 1.0.0
    service.instance.id: a483e3f3-32ea-4a50-a508-2cd77b6b2522
    telemetry.sdk.name: opentelemetry
    telemetry.sdk.language: dotnet
    telemetry.sdk.version: 1.8.1
[03:43:07 INF] Resetting database for worker 12017 {"SourceContext": "Infrastructure.Services.DatabaseTestService", "Application": "Crud.Api"}
[03:43:07 INF] Resetting database via file deletion for worker 12017 in CI environment {"SourceContext": "Infrastructure.Services.DatabaseTestService", "Application": "Crud.Api"}
[03:43:07 INF] Acquiring database mutex for worker 12017... {"SourceContext": "Infrastructure.Services.DatabaseTestService", "Application": "Crud.Api"}
[03:43:07 INF] Database mutex acquired for worker 12017 {"SourceContext": "Infrastructure.Services.DatabaseTestService", "Application": "Crud.Api"}
[03:43:07 INF] Current database state - CanConnect: True {"SourceContext": "Infrastructure.Services.DatabaseTestService", "Application": "Crud.Api"}
[03:43:07 INF] [Phase 0] Closing database connection for worker 12017... {"SourceContext": "Infrastructure.Services.DatabaseTestService", "Application": "Crud.Api"}
[03:43:07 INF] [Phase 0] Connection closed in 0.0007ms {"SourceContext": "Infrastructure.Services.DatabaseTestService", "Application": "Crud.Api"}
[03:43:07 INF] [Phase 1] Starting EnsureDeletedAsync for worker 12017... {"SourceContext": "Infrastructure.Services.DatabaseTestService", "Application": "Crud.Api"}
[03:43:07 INF] [Phase 1] EnsureDeletedAsync completed in 1.8141ms {"SourceContext": "Infrastructure.Services.DatabaseTestService", "Application": "Crud.Api"}
[03:43:07 INF] [Phase 2] Starting EnsureCreatedAsync for worker 12017... {"SourceContext": "Infrastructure.Services.DatabaseTestService", "Application": "Crud.Api"}
[03:43:07 INF] [Phase 2] EnsureCreatedAsync completed in 10.538ms {"SourceContext": "Infrastructure.Services.DatabaseTestService", "Application": "Crud.Api"}
[03:43:07 INF] [Phase 3] Skipping database seeding as requested for worker 12017 {"SourceContext": "Infrastructure.Services.DatabaseTestService", "Application": "Crud.Api"}
[03:43:07 INF] Database reset via file deletion completed for worker 12017 in 113.5297ms (Close: 0.0007ms, Delete: 1.8141ms, Create: 10.538ms) {"SourceContext": "Infrastructure.Services.DatabaseTestService", "Application": "Crud.Api"}
[03:43:07 INF] Releasing database mutex for worker 12017 {"SourceContext": "Infrastructure.Services.DatabaseTestService", "Application": "Crud.Api"}
[03:43:07 INF] Resetting database for worker 12017 {"SourceContext": "Infrastructure.Services.DatabaseTestService", "Application": "Crud.Api"}
[03:43:07 INF] Resetting database via file deletion for worker 12017 in CI environment {"SourceContext": "Infrastructure.Services.DatabaseTestService", "Application": "Crud.Api"}
[03:43:07 INF] Acquiring database mutex for worker 12017... {"SourceContext": "Infrastructure.Services.DatabaseTestService", "Application": "Crud.Api"}
[03:43:07 INF] Database mutex acquired for worker 12017 {"SourceContext": "Infrastructure.Services.DatabaseTestService", "Application": "Crud.Api"}
[03:43:07 INF] Current database state - CanConnect: True {"SourceContext": "Infrastructure.Services.DatabaseTestService", "Application": "Crud.Api"}
[03:43:07 INF] [Phase 0] Closing database connection for worker 12017... {"SourceContext": "Infrastructure.Services.DatabaseTestService", "Application": "Crud.Api"}
[03:43:07 INF] [Phase 0] Connection closed in 0.0008ms {"SourceContext": "Infrastructure.Services.DatabaseTestService", "Application": "Crud.Api"}
[03:43:07 INF] [Phase 1] Starting EnsureDeletedAsync for worker 12017... {"SourceContext": "Infrastructure.Services.DatabaseTestService", "Application": "Crud.Api"}
[03:43:07 INF] [Phase 1] EnsureDeletedAsync completed in 1.6007ms {"SourceContext": "Infrastructure.Services.DatabaseTestService", "Application": "Crud.Api"}
[03:43:07 INF] [Phase 2] Starting EnsureCreatedAsync for worker 12017... {"SourceContext": "Infrastructure.Services.DatabaseTestService", "Application": "Crud.Api"}
[03:43:07 INF] [Phase 2] EnsureCreatedAsync completed in 8.5105ms {"SourceContext": "Infrastructure.Services.DatabaseTestService", "Application": "Crud.Api"}
[03:43:07 INF] [Phase 3] Skipping database seeding as requested for worker 12017 {"SourceContext": "Infrastructure.Services.DatabaseTestService", "Application": "Crud.Api"}
[03:43:07 INF] Database reset via file deletion completed for worker 12017 in 111.1669ms (Close: 0.0008ms, Delete: 1.6007ms, Create: 8.5105ms) {"SourceContext": "Infrastructure.Services.DatabaseTestService", "Application": "Crud.Api"}
[03:43:07 INF] Releasing database mutex for worker 12017 {"SourceContext": "Infrastructure.Services.DatabaseTestService", "Application": "Crud.Api"}
[03:43:07 INF] User registered successfully: 2658da4e-36d2-4a83-a815-9a3252308547 {"SourceContext": "App.Features.Authentication.RegisterUserCommandHandler", "ActionId": "84437b5d-7cd0-444e-9cf3-56361bfd44c5", "ActionName": "Api.Controllers.AuthController.Register (Api)", "RequestId": "0HNFGSKFKDJJO", "RequestPath": "/api/auth/register", "Application": "Crud.Api"}
Activity.TraceId:            05eb85648bbe2d9d1c2a5588dc058f1c
Activity.SpanId:             bc5f64336b3e08f4
Activity.TraceFlags:         Recorded
Activity.ActivitySourceName: Microsoft.AspNetCore
Activity.DisplayName:        POST api/Auth/register
Activity.Kind:               Server
Activity.StartTime:          2025-09-11T03:43:07.3376089Z
Activity.Duration:           00:00:00.2987068
Activity.Tags:
    server.address: localhost
    http.request.method: POST
    url.scheme: http
    url.path: /api/auth/register
    network.protocol.version: 1.1
    http.route: api/Auth/register
    http.response.status_code: 200
Resource associated with Activity:
    deployment.environment: Testing
    service.name: Crud.Api
    service.version: 1.0.0
    service.instance.id: a483e3f3-32ea-4a50-a508-2cd77b6b2522
    telemetry.sdk.name: opentelemetry
    telemetry.sdk.language: dotnet
    telemetry.sdk.version: 1.8.1
[03:43:07 INF] User logged in successfully: 2658da4e-36d2-4a83-a815-9a3252308547 {"SourceContext": "App.Features.Authentication.LoginCommandHandler", "ActionId": "a9522275-4d73-45ec-b4a2-4c1c3640bd06", "ActionName": "Api.Controllers.AuthController.Login (Api)", "RequestId": "0HNFGSKFKDJJP", "RequestPath": "/api/auth/login", "Application": "Crud.Api"}
Activity.TraceId:            b18114274ae66db66af06f6c62fa7c50
Activity.SpanId:             56430fea47bf07ae
Activity.TraceFlags:         Recorded
Activity.ActivitySourceName: Microsoft.AspNetCore
Activity.DisplayName:        POST api/Auth/login
Activity.Kind:               Server
Activity.StartTime:          2025-09-11T03:43:07.6369486Z
Activity.Duration:           00:00:00.3000820
Activity.Tags:
    server.address: localhost
    http.request.method: POST
    url.scheme: http
    url.path: /api/auth/login
    network.protocol.version: 1.1
    http.route: api/Auth/login
    http.response.status_code: 200
Resource associated with Activity:
    deployment.environment: Testing
    service.name: Crud.Api
    service.version: 1.0.0
    service.instance.id: a483e3f3-32ea-4a50-a508-2cd77b6b2522
    telemetry.sdk.name: opentelemetry
    telemetry.sdk.language: dotnet
    telemetry.sdk.version: 1.8.1
[03:43:07 INF] User logged out successfully: 2658da4e-36d2-4a83-a815-9a3252308547 {"SourceContext": "App.Features.Authentication.LogoutCommandHandler", "ActionId": "f00806dd-9b2d-4dac-b91f-49c5684c8fa9", "ActionName": "Api.Controllers.AuthController.Logout (Api)", "RequestId": "0HNFGSKFKDJJQ", "RequestPath": "/api/auth/logout", "Application": "Crud.Api"}
Activity.TraceId:            418e0465251a516024f2e94083d73004
Activity.SpanId:             35db21f5d8b0f302
Activity.TraceFlags:         Recorded
Activity.ActivitySourceName: Microsoft.AspNetCore
Activity.DisplayName:        POST api/Auth/logout
Activity.Kind:               Server
Activity.StartTime:          2025-09-11T03:43:07.9373497Z
Activity.Duration:           00:00:00.0063785
Activity.Tags:
    server.address: localhost
    http.request.method: POST
    url.scheme: http
    url.path: /api/auth/logout
    network.protocol.version: 1.1
    http.route: api/Auth/logout
    http.response.status_code: 200
Resource associated with Activity:
    deployment.environment: Testing
    service.name: Crud.Api
    service.version: 1.0.0
    service.instance.id: a483e3f3-32ea-4a50-a508-2cd77b6b2522
    telemetry.sdk.name: opentelemetry
    telemetry.sdk.language: dotnet
    telemetry.sdk.version: 1.8.1
[03:43:07 WRN] Refresh token attempt with invalid token {"SourceContext": "App.Features.Authentication.RefreshTokenCommandHandler", "ActionId": "7f3bd866-460f-4640-bca3-dcf1c958682c", "ActionName": "Api.Controllers.AuthController.Refresh (Api)", "RequestId": "0HNFGSKFKDJJR", "RequestPath": "/api/auth/refresh", "Application": "Crud.Api"}
Activity.TraceId:            7a9b633d1d75b9f6aafaba1f7e577117
Activity.SpanId:             cac27c740528825f
Activity.TraceFlags:         Recorded
Activity.ActivitySourceName: Microsoft.AspNetCore
Activity.DisplayName:        POST api/Auth/refresh
Activity.Kind:               Server
Activity.StartTime:          2025-09-11T03:43:07.9439622Z
Activity.Duration:           00:00:00.0012147
Activity.Tags:
    server.address: localhost
    http.request.method: POST
    url.scheme: http
    url.path: /api/auth/refresh
    network.protocol.version: 1.1
    http.route: api/Auth/refresh
    http.response.status_code: 401
Resource associated with Activity:
    deployment.environment: Testing
    service.name: Crud.Api
    service.version: 1.0.0
    service.instance.id: a483e3f3-32ea-4a50-a508-2cd77b6b2522
    telemetry.sdk.name: opentelemetry
    telemetry.sdk.language: dotnet
    telemetry.sdk.version: 1.8.1
[03:43:07 INF] Resetting database for worker 12017 {"SourceContext": "Infrastructure.Services.DatabaseTestService", "Application": "Crud.Api"}
[03:43:07 INF] Resetting database via file deletion for worker 12017 in CI environment {"SourceContext": "Infrastructure.Services.DatabaseTestService", "Application": "Crud.Api"}
[03:43:07 INF] Acquiring database mutex for worker 12017... {"SourceContext": "Infrastructure.Services.DatabaseTestService", "Application": "Crud.Api"}
[03:43:07 INF] Database mutex acquired for worker 12017 {"SourceContext": "Infrastructure.Services.DatabaseTestService", "Application": "Crud.Api"}
[03:43:07 INF] Current database state - CanConnect: True {"SourceContext": "Infrastructure.Services.DatabaseTestService", "Application": "Crud.Api"}
[03:43:07 INF] [Phase 0] Closing database connection for worker 12017... {"SourceContext": "Infrastructure.Services.DatabaseTestService", "Application": "Crud.Api"}
[03:43:07 INF] [Phase 0] Connection closed in 0.0007ms {"SourceContext": "Infrastructure.Services.DatabaseTestService", "Application": "Crud.Api"}
[03:43:07 INF] [Phase 1] Starting EnsureDeletedAsync for worker 12017... {"SourceContext": "Infrastructure.Services.DatabaseTestService", "Application": "Crud.Api"}
[03:43:07 INF] [Phase 1] EnsureDeletedAsync completed in 2.057ms {"SourceContext": "Infrastructure.Services.DatabaseTestService", "Application": "Crud.Api"}
[03:43:08 INF] [Phase 2] Starting EnsureCreatedAsync for worker 12017... {"SourceContext": "Infrastructure.Services.DatabaseTestService", "Application": "Crud.Api"}
[03:43:08 INF] [Phase 2] EnsureCreatedAsync completed in 8.4473ms {"SourceContext": "Infrastructure.Services.DatabaseTestService", "Application": "Crud.Api"}
[03:43:08 INF] [Phase 3] Skipping database seeding as requested for worker 12017 {"SourceContext": "Infrastructure.Services.DatabaseTestService", "Application": "Crud.Api"}
[03:43:08 INF] Database reset via file deletion completed for worker 12017 in 111.064ms (Close: 0.0007ms, Delete: 2.057ms, Create: 8.4473ms) {"SourceContext": "Infrastructure.Services.DatabaseTestService", "Application": "Crud.Api"}
[03:43:08 INF] Releasing database mutex for worker 12017 {"SourceContext": "Infrastructure.Services.DatabaseTestService", "Application": "Crud.Api"}
[03:43:08 INF] Resetting database for worker 12017 {"SourceContext": "Infrastructure.Services.DatabaseTestService", "Application": "Crud.Api"}
[03:43:08 INF] Resetting database via file deletion for worker 12017 in CI environment {"SourceContext": "Infrastructure.Services.DatabaseTestService", "Application": "Crud.Api"}
[03:43:08 INF] Acquiring database mutex for worker 12017... {"SourceContext": "Infrastructure.Services.DatabaseTestService", "Application": "Crud.Api"}
[03:43:08 INF] Database mutex acquired for worker 12017 {"SourceContext": "Infrastructure.Services.DatabaseTestService", "Application": "Crud.Api"}
[03:43:08 INF] Current database state - CanConnect: True {"SourceContext": "Infrastructure.Services.DatabaseTestService", "Application": "Crud.Api"}
[03:43:08 INF] [Phase 0] Closing database connection for worker 12017... {"SourceContext": "Infrastructure.Services.DatabaseTestService", "Application": "Crud.Api"}
[03:43:08 INF] [Phase 0] Connection closed in 0.0007ms {"SourceContext": "Infrastructure.Services.DatabaseTestService", "Application": "Crud.Api"}
[03:43:08 INF] [Phase 1] Starting EnsureDeletedAsync for worker 12017... {"SourceContext": "Infrastructure.Services.DatabaseTestService", "Application": "Crud.Api"}
[03:43:08 INF] [Phase 1] EnsureDeletedAsync completed in 2.884ms {"SourceContext": "Infrastructure.Services.DatabaseTestService", "Application": "Crud.Api"}
[03:43:08 INF] [Phase 2] Starting EnsureCreatedAsync for worker 12017... {"SourceContext": "Infrastructure.Services.DatabaseTestService", "Application": "Crud.Api"}
[03:43:08 INF] [Phase 2] EnsureCreatedAsync completed in 10.8827ms {"SourceContext": "Infrastructure.Services.DatabaseTestService", "Application": "Crud.Api"}
[03:43:08 INF] [Phase 3] Skipping database seeding as requested for worker 12017 {"SourceContext": "Infrastructure.Services.DatabaseTestService", "Application": "Crud.Api"}
[03:43:08 INF] Database reset via file deletion completed for worker 12017 in 114.5084ms (Close: 0.0007ms, Delete: 2.884ms, Create: 10.8827ms) {"SourceContext": "Infrastructure.Services.DatabaseTestService", "Application": "Crud.Api"}
[03:43:08 INF] Releasing database mutex for worker 12017 {"SourceContext": "Infrastructure.Services.DatabaseTestService", "Application": "Crud.Api"}
[03:43:08 INF] User registered successfully: 0341e7ce-08dd-498c-a1bd-1b2f19e92ca2 {"SourceContext": "App.Features.Authentication.RegisterUserCommandHandler", "ActionId": "84437b5d-7cd0-444e-9cf3-56361bfd44c5", "ActionName": "Api.Controllers.AuthController.Register (Api)", "RequestId": "0HNFGSKFKDJJS", "RequestPath": "/api/auth/register", "Application": "Crud.Api"}
Activity.TraceId:            34a93ec4ca7a190e933519557cc0d319
Activity.SpanId:             8e44d094c05c633e
Activity.TraceFlags:         Recorded
Activity.ActivitySourceName: Microsoft.AspNetCore
Activity.DisplayName:        POST api/Auth/register
Activity.Kind:               Server
Activity.StartTime:          2025-09-11T03:43:08.1747949Z
Activity.Duration:           00:00:00.3009440
Activity.Tags:
    server.address: localhost
    http.request.method: POST
    url.scheme: http
    url.path: /api/auth/register
    network.protocol.version: 1.1
    http.route: api/Auth/register
    http.response.status_code: 200
Resource associated with Activity:
    deployment.environment: Testing
    service.name: Crud.Api
    service.version: 1.0.0
    service.instance.id: a483e3f3-32ea-4a50-a508-2cd77b6b2522
    telemetry.sdk.name: opentelemetry
    telemetry.sdk.language: dotnet
    telemetry.sdk.version: 1.8.1
[03:43:08 INF] User logged in successfully: 0341e7ce-08dd-498c-a1bd-1b2f19e92ca2 {"SourceContext": "App.Features.Authentication.LoginCommandHandler", "ActionId": "a9522275-4d73-45ec-b4a2-4c1c3640bd06", "ActionName": "Api.Controllers.AuthController.Login (Api)", "RequestId": "0HNFGSKFKDJJT", "RequestPath": "/api/auth/login", "Application": "Crud.Api"}
Activity.TraceId:            553bed810510d45b9919d4e86297add0
Activity.SpanId:             4aa173a1d73d918a
Activity.TraceFlags:         Recorded
Activity.ActivitySourceName: Microsoft.AspNetCore
Activity.DisplayName:        POST api/Auth/login
Activity.Kind:               Server
Activity.StartTime:          2025-09-11T03:43:08.4763875Z
Activity.Duration:           00:00:00.3002674
Activity.Tags:
    server.address: localhost
    http.request.method: POST
    url.scheme: http
    url.path: /api/auth/login
    network.protocol.version: 1.1
    http.route: api/Auth/login
    http.response.status_code: 200
Resource associated with Activity:
    deployment.environment: Testing
    service.name: Crud.Api
    service.version: 1.0.0
    service.instance.id: a483e3f3-32ea-4a50-a508-2cd77b6b2522
    telemetry.sdk.name: opentelemetry
    telemetry.sdk.language: dotnet
    telemetry.sdk.version: 1.8.1
Activity.TraceId:            93ce81138fcfc31be9cfacd53547347b
Activity.SpanId:             d8e3f30cd0a7b783
Activity.TraceFlags:         Recorded
Activity.ActivitySourceName: Microsoft.AspNetCore
Activity.DisplayName:        GET api/Auth/me
Activity.Kind:               Server
Activity.StartTime:          2025-09-11T03:43:08.7770097Z
Activity.Duration:           00:00:00.0019679
Activity.Tags:
    server.address: localhost
    http.request.method: GET
    url.scheme: http
    url.path: /api/auth/me
    network.protocol.version: 1.1
    http.route: api/Auth/me
    http.response.status_code: 200
Resource associated with Activity:
    deployment.environment: Testing
    service.name: Crud.Api
    service.version: 1.0.0
    service.instance.id: a483e3f3-32ea-4a50-a508-2cd77b6b2522
    telemetry.sdk.name: opentelemetry
    telemetry.sdk.language: dotnet
    telemetry.sdk.version: 1.8.1
[03:43:08 INF] Resetting database for worker 12017 {"SourceContext": "Infrastructure.Services.DatabaseTestService", "Application": "Crud.Api"}
[03:43:08 INF] Resetting database via file deletion for worker 12017 in CI environment {"SourceContext": "Infrastructure.Services.DatabaseTestService", "Application": "Crud.Api"}
[03:43:08 INF] Acquiring database mutex for worker 12017... {"SourceContext": "Infrastructure.Services.DatabaseTestService", "Application": "Crud.Api"}
[03:43:08 INF] Database mutex acquired for worker 12017 {"SourceContext": "Infrastructure.Services.DatabaseTestService", "Application": "Crud.Api"}
[03:43:08 INF] Current database state - CanConnect: True {"SourceContext": "Infrastructure.Services.DatabaseTestService", "Application": "Crud.Api"}
[03:43:08 INF] [Phase 0] Closing database connection for worker 12017... {"SourceContext": "Infrastructure.Services.DatabaseTestService", "Application": "Crud.Api"}
[03:43:08 INF] [Phase 0] Connection closed in 0.0008ms {"SourceContext": "Infrastructure.Services.DatabaseTestService", "Application": "Crud.Api"}
[03:43:08 INF] [Phase 1] Starting EnsureDeletedAsync for worker 12017... {"SourceContext": "Infrastructure.Services.DatabaseTestService", "Application": "Crud.Api"}
[03:43:08 INF] [Phase 1] EnsureDeletedAsync completed in 1.7597ms {"SourceContext": "Infrastructure.Services.DatabaseTestService", "Application": "Crud.Api"}
[03:43:08 INF] [Phase 2] Starting EnsureCreatedAsync for worker 12017... {"SourceContext": "Infrastructure.Services.DatabaseTestService", "Application": "Crud.Api"}
[03:43:08 INF] [Phase 2] EnsureCreatedAsync completed in 8.0509ms {"SourceContext": "Infrastructure.Services.DatabaseTestService", "Application": "Crud.Api"}
[03:43:08 INF] [Phase 3] Skipping database seeding as requested for worker 12017 {"SourceContext": "Infrastructure.Services.DatabaseTestService", "Application": "Crud.Api"}
[03:43:08 INF] Database reset via file deletion completed for worker 12017 in 110.7343ms (Close: 0.0008ms, Delete: 1.7597ms, Create: 8.0509ms) {"SourceContext": "Infrastructure.Services.DatabaseTestService", "Application": "Crud.Api"}
[03:43:08 INF] Releasing database mutex for worker 12017 {"SourceContext": "Infrastructure.Services.DatabaseTestService", "Application": "Crud.Api"}
[03:43:08 INF] Resetting database for worker 12017 {"SourceContext": "Infrastructure.Services.DatabaseTestService", "Application": "Crud.Api"}
[03:43:08 INF] Resetting database via file deletion for worker 12017 in CI environment {"SourceContext": "Infrastructure.Services.DatabaseTestService", "Application": "Crud.Api"}
[03:43:08 INF] Acquiring database mutex for worker 12017... {"SourceContext": "Infrastructure.Services.DatabaseTestService", "Application": "Crud.Api"}
[03:43:08 INF] Database mutex acquired for worker 12017 {"SourceContext": "Infrastructure.Services.DatabaseTestService", "Application": "Crud.Api"}
[03:43:08 INF] Current database state - CanConnect: True {"SourceContext": "Infrastructure.Services.DatabaseTestService", "Application": "Crud.Api"}
[03:43:08 INF] [Phase 0] Closing database connection for worker 12017... {"SourceContext": "Infrastructure.Services.DatabaseTestService", "Application": "Crud.Api"}
[03:43:08 INF] [Phase 0] Connection closed in 0.0006ms {"SourceContext": "Infrastructure.Services.DatabaseTestService", "Application": "Crud.Api"}
[03:43:08 INF] [Phase 1] Starting EnsureDeletedAsync for worker 12017... {"SourceContext": "Infrastructure.Services.DatabaseTestService", "Application": "Crud.Api"}
[03:43:08 INF] [Phase 1] EnsureDeletedAsync completed in 1.8846ms {"SourceContext": "Infrastructure.Services.DatabaseTestService", "Application": "Crud.Api"}
[03:43:08 INF] [Phase 2] Starting EnsureCreatedAsync for worker 12017... {"SourceContext": "Infrastructure.Services.DatabaseTestService", "Application": "Crud.Api"}
[03:43:09 INF] [Phase 2] EnsureCreatedAsync completed in 10.2804ms {"SourceContext": "Infrastructure.Services.DatabaseTestService", "Application": "Crud.Api"}
[03:43:09 INF] [Phase 3] Skipping database seeding as requested for worker 12017 {"SourceContext": "Infrastructure.Services.DatabaseTestService", "Application": "Crud.Api"}
[03:43:09 INF] Database reset via file deletion completed for worker 12017 in 112.8728ms (Close: 0.0006ms, Delete: 1.8846ms, Create: 10.2804ms) {"SourceContext": "Infrastructure.Services.DatabaseTestService", "Application": "Crud.Api"}
[03:43:09 INF] Releasing database mutex for worker 12017 {"SourceContext": "Infrastructure.Services.DatabaseTestService", "Application": "Crud.Api"}
[03:43:09 WRN] Refresh token attempt with invalid token {"SourceContext": "App.Features.Authentication.RefreshTokenCommandHandler", "ActionId": "7f3bd866-460f-4640-bca3-dcf1c958682c", "ActionName": "Api.Controllers.AuthController.Refresh (Api)", "RequestId": "0HNFGSKFKDJJV", "RequestPath": "/api/auth/refresh", "Application": "Crud.Api"}
Activity.TraceId:            b909bb6d25722b0a0634f7c77e7058c5
Activity.SpanId:             1e7f86d42881f834
Activity.TraceFlags:         Recorded
Activity.ActivitySourceName: Microsoft.AspNetCore
Activity.DisplayName:        POST api/Auth/refresh
Activity.Kind:               Server
Activity.StartTime:          2025-09-11T03:43:09.0068492Z
Activity.Duration:           00:00:00.0034911
Activity.Tags:
    server.address: localhost
    http.request.method: POST
    url.scheme: http
    url.path: /api/auth/refresh
    network.protocol.version: 1.1
    http.route: api/Auth/refresh
    http.response.status_code: 401
Resource associated with Activity:
    deployment.environment: Testing
    service.name: Crud.Api
    service.version: 1.0.0
    service.instance.id: a483e3f3-32ea-4a50-a508-2cd77b6b2522
    telemetry.sdk.name: opentelemetry
    telemetry.sdk.language: dotnet
    telemetry.sdk.version: 1.8.1
[03:43:09 INF] Resetting database for worker 12017 {"SourceContext": "Infrastructure.Services.DatabaseTestService", "Application": "Crud.Api"}
[03:43:09 INF] Resetting database via file deletion for worker 12017 in CI environment {"SourceContext": "Infrastructure.Services.DatabaseTestService", "Application": "Crud.Api"}
[03:43:09 INF] Acquiring database mutex for worker 12017... {"SourceContext": "Infrastructure.Services.DatabaseTestService", "Application": "Crud.Api"}
[03:43:09 INF] Database mutex acquired for worker 12017 {"SourceContext": "Infrastructure.Services.DatabaseTestService", "Application": "Crud.Api"}
[03:43:09 INF] Current database state - CanConnect: True {"SourceContext": "Infrastructure.Services.DatabaseTestService", "Application": "Crud.Api"}
[03:43:09 INF] [Phase 0] Closing database connection for worker 12017... {"SourceContext": "Infrastructure.Services.DatabaseTestService", "Application": "Crud.Api"}
[03:43:09 INF] [Phase 0] Connection closed in 0.0006ms {"SourceContext": "Infrastructure.Services.DatabaseTestService", "Application": "Crud.Api"}
[03:43:09 INF] [Phase 1] Starting EnsureDeletedAsync for worker 12017... {"SourceContext": "Infrastructure.Services.DatabaseTestService", "Application": "Crud.Api"}
[03:43:09 INF] [Phase 1] EnsureDeletedAsync completed in 1.8232ms {"SourceContext": "Infrastructure.Services.DatabaseTestService", "Application": "Crud.Api"}
[03:43:09 INF] [Phase 2] Starting EnsureCreatedAsync for worker 12017... {"SourceContext": "Infrastructure.Services.DatabaseTestService", "Application": "Crud.Api"}
[03:43:09 INF] [Phase 2] EnsureCreatedAsync completed in 8.0238ms {"SourceContext": "Infrastructure.Services.DatabaseTestService", "Application": "Crud.Api"}
[03:43:09 INF] [Phase 3] Skipping database seeding as requested for worker 12017 {"SourceContext": "Infrastructure.Services.DatabaseTestService", "Application": "Crud.Api"}
[03:43:09 INF] Database reset via file deletion completed for worker 12017 in 111.1617ms (Close: 0.0006ms, Delete: 1.8232ms, Create: 8.0238ms) {"SourceContext": "Infrastructure.Services.DatabaseTestService", "Application": "Crud.Api"}
[03:43:09 INF] Releasing database mutex for worker 12017 {"SourceContext": "Infrastructure.Services.DatabaseTestService", "Application": "Crud.Api"}
[03:43:09 INF] Resetting database for worker 12017 {"SourceContext": "Infrastructure.Services.DatabaseTestService", "Application": "Crud.Api"}
[03:43:09 INF] Resetting database via file deletion for worker 12017 in CI environment {"SourceContext": "Infrastructure.Services.DatabaseTestService", "Application": "Crud.Api"}
[03:43:09 INF] Acquiring database mutex for worker 12017... {"SourceContext": "Infrastructure.Services.DatabaseTestService", "Application": "Crud.Api"}
[03:43:09 INF] Database mutex acquired for worker 12017 {"SourceContext": "Infrastructure.Services.DatabaseTestService", "Application": "Crud.Api"}
[03:43:09 INF] Current database state - CanConnect: True {"SourceContext": "Infrastructure.Services.DatabaseTestService", "Application": "Crud.Api"}
[03:43:09 INF] [Phase 0] Closing database connection for worker 12017... {"SourceContext": "Infrastructure.Services.DatabaseTestService", "Application": "Crud.Api"}
[03:43:09 INF] [Phase 0] Connection closed in 0.0008ms {"SourceContext": "Infrastructure.Services.DatabaseTestService", "Application": "Crud.Api"}
[03:43:09 INF] [Phase 1] Starting EnsureDeletedAsync for worker 12017... {"SourceContext": "Infrastructure.Services.DatabaseTestService", "Application": "Crud.Api"}
[03:43:09 INF] [Phase 1] EnsureDeletedAsync completed in 1.3254ms {"SourceContext": "Infrastructure.Services.DatabaseTestService", "Application": "Crud.Api"}
[03:43:09 INF] [Phase 2] Starting EnsureCreatedAsync for worker 12017... {"SourceContext": "Infrastructure.Services.DatabaseTestService", "Application": "Crud.Api"}
[03:43:09 INF] [Phase 2] EnsureCreatedAsync completed in 8.0173ms {"SourceContext": "Infrastructure.Services.DatabaseTestService", "Application": "Crud.Api"}
[03:43:09 INF] [Phase 3] Skipping database seeding as requested for worker 12017 {"SourceContext": "Infrastructure.Services.DatabaseTestService", "Application": "Crud.Api"}
[03:43:09 INF] Database reset via file deletion completed for worker 12017 in 110.5611ms (Close: 0.0008ms, Delete: 1.3254ms, Create: 8.0173ms) {"SourceContext": "Infrastructure.Services.DatabaseTestService", "Application": "Crud.Api"}
[03:43:09 INF] Releasing database mutex for worker 12017 {"SourceContext": "Infrastructure.Services.DatabaseTestService", "Application": "Crud.Api"}
[03:43:09 INF] User registered successfully: e6dde822-c633-4108-a7de-c300f8c682b8 {"SourceContext": "App.Features.Authentication.RegisterUserCommandHandler", "ActionId": "84437b5d-7cd0-444e-9cf3-56361bfd44c5", "ActionName": "Api.Controllers.AuthController.Register (Api)", "RequestId": "0HNFGSKFKDJK0", "RequestPath": "/api/auth/register", "Application": "Crud.Api"}
Activity.TraceId:            72ef095e4d9f38d440f74812fc25271e
Activity.SpanId:             a2f3cc93e6c8d7ca
Activity.TraceFlags:         Recorded
Activity.ActivitySourceName: Microsoft.AspNetCore
Activity.DisplayName:        POST api/Auth/register
Activity.Kind:               Server
Activity.StartTime:          2025-09-11T03:43:09.2363923Z
Activity.Duration:           00:00:00.2989202
Activity.Tags:
    server.address: localhost
    http.request.method: POST
    url.scheme: http
    url.path: /api/auth/register
    network.protocol.version: 1.1
    http.route: api/Auth/register
    http.response.status_code: 200
Resource associated with Activity:
    deployment.environment: Testing
    service.name: Crud.Api
    service.version: 1.0.0
    service.instance.id: a483e3f3-32ea-4a50-a508-2cd77b6b2522
    telemetry.sdk.name: opentelemetry
    telemetry.sdk.language: dotnet
    telemetry.sdk.version: 1.8.1
[03:43:09 INF] Resetting database for worker 12017 {"SourceContext": "Infrastructure.Services.DatabaseTestService", "Application": "Crud.Api"}
[03:43:09 INF] Resetting database via file deletion for worker 12017 in CI environment {"SourceContext": "Infrastructure.Services.DatabaseTestService", "Application": "Crud.Api"}
[03:43:09 INF] Acquiring database mutex for worker 12017... {"SourceContext": "Infrastructure.Services.DatabaseTestService", "Application": "Crud.Api"}
[03:43:09 INF] Database mutex acquired for worker 12017 {"SourceContext": "Infrastructure.Services.DatabaseTestService", "Application": "Crud.Api"}
[03:43:09 INF] Current database state - CanConnect: True {"SourceContext": "Infrastructure.Services.DatabaseTestService", "Application": "Crud.Api"}
[03:43:09 INF] [Phase 0] Closing database connection for worker 12017... {"SourceContext": "Infrastructure.Services.DatabaseTestService", "Application": "Crud.Api"}
[03:43:09 INF] [Phase 0] Connection closed in 0.0008ms {"SourceContext": "Infrastructure.Services.DatabaseTestService", "Application": "Crud.Api"}
[03:43:09 INF] [Phase 1] Starting EnsureDeletedAsync for worker 12017... {"SourceContext": "Infrastructure.Services.DatabaseTestService", "Application": "Crud.Api"}
[03:43:09 INF] [Phase 1] EnsureDeletedAsync completed in 1.4207ms {"SourceContext": "Infrastructure.Services.DatabaseTestService", "Application": "Crud.Api"}
[03:43:09 INF] [Phase 2] Starting EnsureCreatedAsync for worker 12017... {"SourceContext": "Infrastructure.Services.DatabaseTestService", "Application": "Crud.Api"}
[03:43:09 INF] [Phase 2] EnsureCreatedAsync completed in 8.3727ms {"SourceContext": "Infrastructure.Services.DatabaseTestService", "Application": "Crud.Api"}
[03:43:09 INF] [Phase 3] Skipping database seeding as requested for worker 12017 {"SourceContext": "Infrastructure.Services.DatabaseTestService", "Application": "Crud.Api"}
[03:43:09 INF] Database reset via file deletion completed for worker 12017 in 110.7738ms (Close: 0.0008ms, Delete: 1.4207ms, Create: 8.3727ms) {"SourceContext": "Infrastructure.Services.DatabaseTestService", "Application": "Crud.Api"}
[03:43:09 INF] Releasing database mutex for worker 12017 {"SourceContext": "Infrastructure.Services.DatabaseTestService", "Application": "Crud.Api"}
[03:43:09 INF] Resetting database for worker 12017 {"SourceContext": "Infrastructure.Services.DatabaseTestService", "Application": "Crud.Api"}
[03:43:09 INF] Resetting database via file deletion for worker 12017 in CI environment {"SourceContext": "Infrastructure.Services.DatabaseTestService", "Application": "Crud.Api"}
[03:43:09 INF] Acquiring database mutex for worker 12017... {"SourceContext": "Infrastructure.Services.DatabaseTestService", "Application": "Crud.Api"}
[03:43:09 INF] Database mutex acquired for worker 12017 {"SourceContext": "Infrastructure.Services.DatabaseTestService", "Application": "Crud.Api"}
[03:43:09 INF] Current database state - CanConnect: True {"SourceContext": "Infrastructure.Services.DatabaseTestService", "Application": "Crud.Api"}
[03:43:09 INF] [Phase 0] Closing database connection for worker 12017... {"SourceContext": "Infrastructure.Services.DatabaseTestService", "Application": "Crud.Api"}
[03:43:09 INF] [Phase 0] Connection closed in 0.0007ms {"SourceContext": "Infrastructure.Services.DatabaseTestService", "Application": "Crud.Api"}
[03:43:09 INF] [Phase 1] Starting EnsureDeletedAsync for worker 12017... {"SourceContext": "Infrastructure.Services.DatabaseTestService", "Application": "Crud.Api"}
[03:43:09 INF] [Phase 1] EnsureDeletedAsync completed in 1.381ms {"SourceContext": "Infrastructure.Services.DatabaseTestService", "Application": "Crud.Api"}
[03:43:09 INF] [Phase 2] Starting EnsureCreatedAsync for worker 12017... {"SourceContext": "Infrastructure.Services.DatabaseTestService", "Application": "Crud.Api"}
[03:43:09 INF] [Phase 2] EnsureCreatedAsync completed in 7.6055ms {"SourceContext": "Infrastructure.Services.DatabaseTestService", "Application": "Crud.Api"}
[03:43:09 INF] [Phase 3] Skipping database seeding as requested for worker 12017 {"SourceContext": "Infrastructure.Services.DatabaseTestService", "Application": "Crud.Api"}
[03:43:09 INF] Database reset via file deletion completed for worker 12017 in 110.629ms (Close: 0.0007ms, Delete: 1.381ms, Create: 7.6055ms) {"SourceContext": "Infrastructure.Services.DatabaseTestService", "Application": "Crud.Api"}
[03:43:09 INF] Releasing database mutex for worker 12017 {"SourceContext": "Infrastructure.Services.DatabaseTestService", "Application": "Crud.Api"}
Activity.TraceId:            3104c1b487feafc592066e6af2caac71
Activity.SpanId:             1d3e0e7f1eafd8ed
Activity.TraceFlags:         Recorded
Activity.ActivitySourceName: Microsoft.AspNetCore
Activity.DisplayName:        GET api/Auth/me
Activity.Kind:               Server
Activity.StartTime:          2025-09-11T03:43:09.7615112Z
Activity.Duration:           00:00:00.0011159
Activity.Tags:
    server.address: localhost
    http.request.method: GET
    url.scheme: http
    url.path: /api/auth/me
    network.protocol.version: 1.1
    http.route: api/Auth/me
    http.response.status_code: 401
Resource associated with Activity:
    deployment.environment: Testing
    service.name: Crud.Api
    service.version: 1.0.0
    service.instance.id: a483e3f3-32ea-4a50-a508-2cd77b6b2522
    telemetry.sdk.name: opentelemetry
    telemetry.sdk.language: dotnet
    telemetry.sdk.version: 1.8.1
[03:43:09 INF] Resetting database for worker 12017 {"SourceContext": "Infrastructure.Services.DatabaseTestService", "Application": "Crud.Api"}
[03:43:09 INF] Resetting database via file deletion for worker 12017 in CI environment {"SourceContext": "Infrastructure.Services.DatabaseTestService", "Application": "Crud.Api"}
[03:43:09 INF] Acquiring database mutex for worker 12017... {"SourceContext": "Infrastructure.Services.DatabaseTestService", "Application": "Crud.Api"}
[03:43:09 INF] Database mutex acquired for worker 12017 {"SourceContext": "Infrastructure.Services.DatabaseTestService", "Application": "Crud.Api"}
[03:43:09 INF] Current database state - CanConnect: True {"SourceContext": "Infrastructure.Services.DatabaseTestService", "Application": "Crud.Api"}
[03:43:09 INF] [Phase 0] Closing database connection for worker 12017... {"SourceContext": "Infrastructure.Services.DatabaseTestService", "Application": "Crud.Api"}
[03:43:09 INF] [Phase 0] Connection closed in 0.0008ms {"SourceContext": "Infrastructure.Services.DatabaseTestService", "Application": "Crud.Api"}
[03:43:09 INF] [Phase 1] Starting EnsureDeletedAsync for worker 12017... {"SourceContext": "Infrastructure.Services.DatabaseTestService", "Application": "Crud.Api"}
[03:43:09 INF] [Phase 1] EnsureDeletedAsync completed in 1.319ms {"SourceContext": "Infrastructure.Services.DatabaseTestService", "Application": "Crud.Api"}
[03:43:09 INF] [Phase 2] Starting EnsureCreatedAsync for worker 12017... {"SourceContext": "Infrastructure.Services.DatabaseTestService", "Application": "Crud.Api"}
[03:43:09 INF] [Phase 2] EnsureCreatedAsync completed in 8.3354ms {"SourceContext": "Infrastructure.Services.DatabaseTestService", "Application": "Crud.Api"}
[03:43:09 INF] [Phase 3] Skipping database seeding as requested for worker 12017 {"SourceContext": "Infrastructure.Services.DatabaseTestService", "Application": "Crud.Api"}
[03:43:09 INF] Database reset via file deletion completed for worker 12017 in 110.93ms (Close: 0.0008ms, Delete: 1.319ms, Create: 8.3354ms) {"SourceContext": "Infrastructure.Services.DatabaseTestService", "Application": "Crud.Api"}
[03:43:09 INF] Releasing database mutex for worker 12017 {"SourceContext": "Infrastructure.Services.DatabaseTestService", "Application": "Crud.Api"}
[03:43:09 INF] Resetting database for worker 12017 {"SourceContext": "Infrastructure.Services.DatabaseTestService", "Application": "Crud.Api"}
[03:43:09 INF] Resetting database via file deletion for worker 12017 in CI environment {"SourceContext": "Infrastructure.Services.DatabaseTestService", "Application": "Crud.Api"}
[03:43:09 INF] Acquiring database mutex for worker 12017... {"SourceContext": "Infrastructure.Services.DatabaseTestService", "Application": "Crud.Api"}
[03:43:09 INF] Database mutex acquired for worker 12017 {"SourceContext": "Infrastructure.Services.DatabaseTestService", "Application": "Crud.Api"}
[03:43:09 INF] Current database state - CanConnect: True {"SourceContext": "Infrastructure.Services.DatabaseTestService", "Application": "Crud.Api"}
[03:43:09 INF] [Phase 0] Closing database connection for worker 12017... {"SourceContext": "Infrastructure.Services.DatabaseTestService", "Application": "Crud.Api"}
[03:43:09 INF] [Phase 0] Connection closed in 0.0007ms {"SourceContext": "Infrastructure.Services.DatabaseTestService", "Application": "Crud.Api"}
[03:43:09 INF] [Phase 1] Starting EnsureDeletedAsync for worker 12017... {"SourceContext": "Infrastructure.Services.DatabaseTestService", "Application": "Crud.Api"}
[03:43:09 INF] [Phase 1] EnsureDeletedAsync completed in 1.5193ms {"SourceContext": "Infrastructure.Services.DatabaseTestService", "Application": "Crud.Api"}
[03:43:09 INF] [Phase 2] Starting EnsureCreatedAsync for worker 12017... {"SourceContext": "Infrastructure.Services.DatabaseTestService", "Application": "Crud.Api"}
[03:43:09 INF] [Phase 2] EnsureCreatedAsync completed in 9.8696ms {"SourceContext": "Infrastructure.Services.DatabaseTestService", "Application": "Crud.Api"}
[03:43:09 INF] [Phase 3] Skipping database seeding as requested for worker 12017 {"SourceContext": "Infrastructure.Services.DatabaseTestService", "Application": "Crud.Api"}
[03:43:09 INF] Database reset via file deletion completed for worker 12017 in 112.6505ms (Close: 0.0007ms, Delete: 1.5193ms, Create: 9.8696ms) {"SourceContext": "Infrastructure.Services.DatabaseTestService", "Application": "Crud.Api"}
[03:43:09 INF] Releasing database mutex for worker 12017 {"SourceContext": "Infrastructure.Services.DatabaseTestService", "Application": "Crud.Api"}
[03:43:09 ERR] An unhandled exception occurred during request POST /api/auth/login. Request ID: 0HNFGSKFKDJK2, User: Anonymous {"SourceContext": "Api.Middleware.GlobalExceptionHandlingMiddleware", "RequestPath": "/api/auth/login", "Application": "Crud.Api"}
FluentValidation.ValidationException: Validation failed: 
 -- Email: Invalid email format Severity: Error
   at App.Behaviors.ValidationBehavior`2.Handle(TRequest request, RequestHandlerDelegate`1 next, CancellationToken cancellationToken) in /home/runner/work/Crud/Crud/src/App/Behaviors/ValidationBehavior.cs:line 39
   at Api.Controllers.AuthController.Login(LoginCommand command, CancellationToken cancellationToken) in /home/runner/work/Crud/Crud/src/Api/Controllers/AuthController.cs:line 47
   at Microsoft.AspNetCore.Mvc.Infrastructure.ActionMethodExecutor.TaskOfIActionResultExecutor.Execute(ActionContext actionContext, IActionResultTypeMapper mapper, ObjectMethodExecutor executor, Object controller, Object[] arguments)
   at Microsoft.AspNetCore.Mvc.Infrastructure.ControllerActionInvoker.&lt;InvokeActionMethodAsync&gt;g__Logged|12_1(ControllerActionInvoker invoker)
   at Microsoft.AspNetCore.Mvc.Infrastructure.ControllerActionInvoker.&lt;InvokeNextActionFilterAsync&gt;g__Awaited|10_0(ControllerActionInvoker invoker, Task lastTask, State next, Scope scope, Object state, Boolean isCompleted)
   at Microsoft.AspNetCore.Mvc.Infrastructure.ControllerActionInvoker.Rethrow(ActionExecutedContextSealed context)
   at Microsoft.AspNetCore.Mvc.Infrastructure.ControllerActionInvoker.Next(State&amp; next, Scope&amp; scope, Object&amp; state, Boolean&amp; isCompleted)
   at Microsoft.AspNetCore.Mvc.Infrastructure.ControllerActionInvoker.InvokeInnerFilterAsync()
--- End of stack trace from previous location ---
   at Microsoft.AspNetCore.Mvc.Infrastructure.ResourceInvoker.&lt;InvokeFilterPipelineAsync&gt;g__Awaited|20_0(ResourceInvoker invoker, Task lastTask, State next, Scope scope, Object state, Boolean isCompleted)
   at Microsoft.AspNetCore.Mvc.Infrastructure.ResourceInvoker.&lt;InvokeAsync&gt;g__Logged|17_1(ResourceInvoker invoker)
   at Microsoft.AspNetCore.Mvc.Infrastructure.ResourceInvoker.&lt;InvokeAsync&gt;g__Logged|17_1(ResourceInvoker invoker)
   at Api.Middleware.ConditionalRequestMiddleware.InvokeAsync(HttpContext context) in /home/runner/work/Crud/Crud/src/Api/Middleware/ConditionalRequestMiddleware.cs:line 30
   at Microsoft.AspNetCore.Authorization.AuthorizationMiddleware.Invoke(HttpContext context)
   at Microsoft.AspNetCore.Authentication.AuthenticationMiddleware.Invoke(HttpContext context)
   at Microsoft.AspNetCore.RateLimiting.RateLimitingMiddleware.InvokeInternal(HttpContext context, EnableRateLimitingAttribute enableRateLimitingAttribute)
   at Api.Middleware.GlobalExceptionHandlingMiddleware.InvokeAsync(HttpContext context) in /home/runner/work/Crud/Crud/src/Api/Middleware/GlobalExceptionHandlingMiddleware.cs:line 27
Activity.TraceId:            026d60d8722a83e93d40577888f54128
Activity.SpanId:             df001da5106ad01a
Activity.TraceFlags:         Recorded
Activity.ActivitySourceName: Microsoft.AspNetCore
Activity.DisplayName:        POST api/Auth/login
Activity.Kind:               Server
Activity.StartTime:          2025-09-11T03:43:09.9905563Z
Activity.Duration:           00:00:00.0016051
Activity.Tags:
    server.address: localhost
    http.request.method: POST
    url.scheme: http
    url.path: /api/auth/login
    network.protocol.version: 1.1
    http.route: api/Auth/login
    http.response.status_code: 400
Resource associated with Activity:
    deployment.environment: Testing
    service.name: Crud.Api
    service.version: 1.0.0
    service.instance.id: a483e3f3-32ea-4a50-a508-2cd77b6b2522
    telemetry.sdk.name: opentelemetry
    telemetry.sdk.language: dotnet
    telemetry.sdk.version: 1.8.1
[03:43:09 INF] Resetting database for worker 12017 {"SourceContext": "Infrastructure.Services.DatabaseTestService", "Application": "Crud.Api"}
[03:43:09 INF] Resetting database via file deletion for worker 12017 in CI environment {"SourceContext": "Infrastructure.Services.DatabaseTestService", "Application": "Crud.Api"}
[03:43:09 INF] Acquiring database mutex for worker 12017... {"SourceContext": "Infrastructure.Services.DatabaseTestService", "Application": "Crud.Api"}
[03:43:09 INF] Database mutex acquired for worker 12017 {"SourceContext": "Infrastructure.Services.DatabaseTestService", "Application": "Crud.Api"}
[03:43:09 INF] Current database state - CanConnect: True {"SourceContext": "Infrastructure.Services.DatabaseTestService", "Application": "Crud.Api"}
[03:43:09 INF] [Phase 0] Closing database connection for worker 12017... {"SourceContext": "Infrastructure.Services.DatabaseTestService", "Application": "Crud.Api"}
[03:43:09 INF] [Phase 0] Connection closed in 0.0006ms {"SourceContext": "Infrastructure.Services.DatabaseTestService", "Application": "Crud.Api"}
[03:43:09 INF] [Phase 1] Starting EnsureDeletedAsync for worker 12017... {"SourceContext": "Infrastructure.Services.DatabaseTestService", "Application": "Crud.Api"}
[03:43:09 INF] [Phase 1] EnsureDeletedAsync completed in 1.399ms {"SourceContext": "Infrastructure.Services.DatabaseTestService", "Application": "Crud.Api"}
[03:43:10 INF] [Phase 2] Starting EnsureCreatedAsync for worker 12017... {"SourceContext": "Infrastructure.Services.DatabaseTestService", "Application": "Crud.Api"}
[03:43:10 INF] [Phase 2] EnsureCreatedAsync completed in 8.7575ms {"SourceContext": "Infrastructure.Services.DatabaseTestService", "Application": "Crud.Api"}
[03:43:10 INF] [Phase 3] Skipping database seeding as requested for worker 12017 {"SourceContext": "Infrastructure.Services.DatabaseTestService", "Application": "Crud.Api"}
[03:43:10 INF] Database reset via file deletion completed for worker 12017 in 110.3885ms (Close: 0.0006ms, Delete: 1.399ms, Create: 8.7575ms) {"SourceContext": "Infrastructure.Services.DatabaseTestService", "Application": "Crud.Api"}
[03:43:10 INF] Releasing database mutex for worker 12017 {"SourceContext": "Infrastructure.Services.DatabaseTestService", "Application": "Crud.Api"}
Resource associated with Metric:
    deployment.environment: Testing
    service.name: Crud.Api
    service.version: 1.0.0
    service.instance.id: a483e3f3-32ea-4a50-a508-2cd77b6b2522
    telemetry.sdk.name: opentelemetry
    telemetry.sdk.language: dotnet
    telemetry.sdk.version: 1.8.1
Metric Name: http.server.active_requests, Number of active HTTP server requests., Unit: {request}, Meter: Microsoft.AspNetCore.Hosting
(2025-09-11T03:43:04.5201808Z, 2025-09-11T03:43:10.1050476Z] http.request.method: POST url.scheme: http LongSumNonMonotonic
Value: 0
(2025-09-11T03:43:04.5201808Z, 2025-09-11T03:43:10.1050476Z] http.request.method: GET url.scheme: http LongSumNonMonotonic
Value: 0
Metric Name: http.server.request.duration, Duration of HTTP server requests., Unit: s, Meter: Microsoft.AspNetCore.Hosting
(2025-09-11T03:43:04.5202044Z, 2025-09-11T03:43:10.1050522Z] http.request.method: POST http.response.status_code: 400 http.route: api/Auth/register network.protocol.version: 1.1 url.scheme: http Histogram
Value: Sum: 0.0105741 Count: 2 Min: 0.0038802 Max: 0.0066939 
(-Infinity,0.005]:1
(0.005,0.01]:1
(0.01,0.025]:0
(0.025,0.05]:0
(0.05,0.075]:0
(0.075,0.1]:0
(0.1,0.25]:0
(0.25,0.5]:0
(0.5,0.75]:0
(0.75,1]:0
(1,2.5]:0
(2.5,5]:0
(5,7.5]:0
(7.5,10]:0
(10,+Infinity]:0
(2025-09-11T03:43:04.5202044Z, 2025-09-11T03:43:10.1050522Z] http.request.method: POST http.response.status_code: 200 http.route: api/Auth/register network.protocol.version: 1.1 url.scheme: http Histogram
Value: Sum: 1.7994858999999999 Count: 6 Min: 0.2987012 Max: 0.3019289 
(-Infinity,0.005]:0
(0.005,0.01]:0
(0.01,0.025]:0
(0.025,0.05]:0
(0.05,0.075]:0
(0.075,0.1]:0
(0.1,0.25]:0
(0.25,0.5]:6
(0.5,0.75]:0
(0.75,1]:0
(1,2.5]:0
(2.5,5]:0
(5,7.5]:0
(7.5,10]:0
(10,+Infinity]:0
(2025-09-11T03:43:04.5202044Z, 2025-09-11T03:43:10.1050522Z] http.request.method: POST http.response.status_code: 200 http.route: api/Auth/login network.protocol.version: 1.1 url.scheme: http Histogram
Value: Sum: 1.2184120999999999 Count: 4 Min: 0.3000734 Max: 0.3172964 
(-Infinity,0.005]:0
(0.005,0.01]:0
(0.01,0.025]:0
(0.025,0.05]:0
(0.05,0.075]:0
(0.075,0.1]:0
(0.1,0.25]:0
(0.25,0.5]:4
(0.5,0.75]:0
(0.75,1]:0
(1,2.5]:0
(2.5,5]:0
(5,7.5]:0
(7.5,10]:0
(10,+Infinity]:0
(2025-09-11T03:43:04.5202044Z, 2025-09-11T03:43:10.1050522Z] http.request.method: POST http.response.status_code: 200 http.route: api/Auth/refresh network.protocol.version: 1.1 url.scheme: http Histogram
Value: Sum: 0.0159446 Count: 1 Min: 0.0159446 Max: 0.0159446 
(-Infinity,0.005]:0
(0.005,0.01]:0
(0.01,0.025]:1
(0.025,0.05]:0
(0.05,0.075]:0
(0.075,0.1]:0
(0.1,0.25]:0
(0.25,0.5]:0
(0.5,0.75]:0
(0.75,1]:0
(1,2.5]:0
(2.5,5]:0
(5,7.5]:0
(7.5,10]:0
(10,+Infinity]:0
(2025-09-11T03:43:04.5202044Z, 2025-09-11T03:43:10.1050522Z] http.request.method: POST http.response.status_code: 401 http.route: api/Auth/login network.protocol.version: 1.1 url.scheme: http Histogram
Value: Sum: 0.001165 Count: 1 Min: 0.001165 Max: 0.001165 
(-Infinity,0.005]:1
(0.005,0.01]:0
(0.01,0.025]:0
(0.025,0.05]:0
(0.05,0.075]:0
(0.075,0.1]:0
(0.1,0.25]:0
(0.25,0.5]:0
(0.5,0.75]:0
(0.75,1]:0
(1,2.5]:0
(2.5,5]:0
(5,7.5]:0
(7.5,10]:0
(10,+Infinity]:0
(2025-09-11T03:43:04.5202044Z, 2025-09-11T03:43:10.1050522Z] http.request.method: POST http.response.status_code: 200 http.route: api/Auth/logout network.protocol.version: 1.1 url.scheme: http Histogram
Value: Sum: 0.0063711 Count: 1 Min: 0.0063711 Max: 0.0063711 
(-Infinity,0.005]:0
(0.005,0.01]:1
(0.01,0.025]:0
(0.025,0.05]:0
(0.05,0.075]:0
(0.075,0.1]:0
(0.1,0.25]:0
(0.25,0.5]:0
(0.5,0.75]:0
(0.75,1]:0
(1,2.5]:0
(2.5,5]:0
(5,7.5]:0
(7.5,10]:0
(10,+Infinity]:0
(2025-09-11T03:43:04.5202044Z, 2025-09-11T03:43:10.1050522Z] http.request.method: POST http.response.status_code: 401 http.route: api/Auth/refresh network.protocol.version: 1.1 url.scheme: http Histogram
Value: Sum: 0.0047041 Count: 2 Min: 0.001208 Max: 0.0034961 
(-Infinity,0.005]:2
(0.005,0.01]:0
(0.01,0.025]:0
(0.025,0.05]:0
(0.05,0.075]:0
(0.075,0.1]:0
(0.1,0.25]:0
(0.25,0.5]:0
(0.5,0.75]:0
(0.75,1]:0
(1,2.5]:0
(2.5,5]:0
(5,7.5]:0
(7.5,10]:0
(10,+Infinity]:0
(2025-09-11T03:43:04.5202044Z, 2025-09-11T03:43:10.1050522Z] http.request.method: GET http.response.status_code: 200 http.route: api/Auth/me network.protocol.version: 1.1 url.scheme: http Histogram
Value: Sum: 0.0019689 Count: 1 Min: 0.0019689 Max: 0.0019689 
(-Infinity,0.005]:1
(0.005,0.01]:0
(0.01,0.025]:0
(0.025,0.05]:0
(0.05,0.075]:0
(0.075,0.1]:0
(0.1,0.25]:0
(0.25,0.5]:0
(0.5,0.75]:0
(0.75,1]:0
(1,2.5]:0
(2.5,5]:0
(5,7.5]:0
(7.5,10]:0
(10,+Infinity]:0
(2025-09-11T03:43:04.5202044Z, 2025-09-11T03:43:10.1050522Z] http.request.method: GET http.response.status_code: 401 http.route: api/Auth/me network.protocol.version: 1.1 url.scheme: http Histogram
Value: Sum: 0.00111 Count: 1 Min: 0.00111 Max: 0.00111 
(-Infinity,0.005]:1
(0.005,0.01]:0
(0.01,0.025]:0
(0.025,0.05]:0
(0.05,0.075]:0
(0.075,0.1]:0
(0.1,0.25]:0
(0.25,0.5]:0
(0.5,0.75]:0
(0.75,1]:0
(1,2.5]:0
(2.5,5]:0
(5,7.5]:0
(7.5,10]:0
(10,+Infinity]:0
(2025-09-11T03:43:04.5202044Z, 2025-09-11T03:43:10.1050522Z] http.request.method: POST http.response.status_code: 400 http.route: api/Auth/login network.protocol.version: 1.1 url.scheme: http Histogram
Value: Sum: 0.0015968 Count: 1 Min: 0.0015968 Max: 0.0015968 
(-Infinity,0.005]:1
(0.005,0.01]:0
(0.01,0.025]:0
(0.025,0.05]:0
(0.05,0.075]:0
(0.075,0.1]:0
(0.1,0.25]:0
(0.25,0.5]:0
(0.5,0.75]:0
(0.75,1]:0
(1,2.5]:0
(2.5,5]:0
(5,7.5]:0
(7.5,10]:0
(10,+Infinity]:0
Metric Name: aspnetcore.rate_limiting.active_request_leases, Number of HTTP requests that are currently active on the server that hold a rate limiting lease., Unit: {request}, Meter: Microsoft.AspNetCore.RateLimiting
(2025-09-11T03:43:04.5265312Z, 2025-09-11T03:43:10.1050532Z] LongSumNonMonotonic
Value: 0
Metric Name: aspnetcore.rate_limiting.request_lease.duration, The duration of rate limiting leases held by HTTP requests on the server., Unit: s, Meter: Microsoft.AspNetCore.RateLimiting
(2025-09-11T03:43:04.5266043Z, 2025-09-11T03:43:10.1050540Z] Histogram
Value: Sum: 3.0537477 Count: 20 Min: 0.0005536 Max: 0.3171647 
(-Infinity,0.005]:8
(0.005,0.01]:1
(0.01,0.025]:1
(0.025,0.05]:0
(0.05,0.075]:0
(0.075,0.1]:0
(0.1,0.25]:0
(0.25,0.5]:10
(0.5,0.75]:0
(0.75,1]:0
(1,2.5]:0
(2.5,5]:0
(5,7.5]:0
(7.5,10]:0
(10,+Infinity]:0
Metric Name: aspnetcore.rate_limiting.requests, Number of requests that tried to acquire a rate limiting lease. Requests could be rejected by global or endpoint rate limiting policies. Or the request could be canceled while waiting for the lease., Unit: {request}, Meter: Microsoft.AspNetCore.RateLimiting
(2025-09-11T03:43:04.5267956Z, 2025-09-11T03:43:10.1050559Z] aspnetcore.rate_limiting.result: acquired LongSum
Value: 20
Metric Name: aspnetcore.routing.match_attempts, Number of requests that were attempted to be matched to an endpoint., Unit: {match_attempt}, Meter: Microsoft.AspNetCore.Routing
(2025-09-11T03:43:04.5277676Z, 2025-09-11T03:43:10.1050565Z] aspnetcore.routing.is_fallback: false aspnetcore.routing.match_status: success http.route: api/Auth/register LongSum
Value: 8
(2025-09-11T03:43:04.5277676Z, 2025-09-11T03:43:10.1050565Z] aspnetcore.routing.is_fallback: false aspnetcore.routing.match_status: success http.route: api/Auth/login LongSum
Value: 6
(2025-09-11T03:43:04.5277676Z, 2025-09-11T03:43:10.1050565Z] aspnetcore.routing.is_fallback: false aspnetcore.routing.match_status: success http.route: api/Auth/refresh LongSum
Value: 3
(2025-09-11T03:43:04.5277676Z, 2025-09-11T03:43:10.1050565Z] aspnetcore.routing.is_fallback: false aspnetcore.routing.match_status: success http.route: api/Auth/logout LongSum
Value: 1
(2025-09-11T03:43:04.5277676Z, 2025-09-11T03:43:10.1050565Z] aspnetcore.routing.is_fallback: false aspnetcore.routing.match_status: success http.route: api/Auth/me LongSum
Value: 2
[03:43:10 INF] Starting Crud API application {"Application": "Crud.Api"}
[03:43:10 INF] Using SQLite provider with connection: Data Source=TestDatabase.db {"Application": "Crud.Api"}
[03:43:10 INF] Database ensured successfully {"Application": "Crud.Api"}
[03:43:10 INF] Application configured successfully. Starting web host... {"Application": "Crud.Api"}
[03:43:10 INF] Resetting database for worker 13757 {"SourceContext": "Infrastructure.Services.DatabaseTestService", "Application": "Crud.Api"}
[03:43:10 INF] Resetting database via file deletion for worker 13757 in CI environment {"SourceContext": "Infrastructure.Services.DatabaseTestService", "Application": "Crud.Api"}
[03:43:10 INF] Acquiring database mutex for worker 13757... {"SourceContext": "Infrastructure.Services.DatabaseTestService", "Application": "Crud.Api"}
[03:43:10 INF] Database mutex acquired for worker 13757 {"SourceContext": "Infrastructure.Services.DatabaseTestService", "Application": "Crud.Api"}
[03:43:10 INF] Current database state - CanConnect: True {"SourceContext": "Infrastructure.Services.DatabaseTestService", "Application": "Crud.Api"}
[03:43:10 INF] [Phase 0] Closing database connection for worker 13757... {"SourceContext": "Infrastructure.Services.DatabaseTestService", "Application": "Crud.Api"}
[03:43:10 INF] [Phase 0] Connection closed in 0.0013ms {"SourceContext": "Infrastructure.Services.DatabaseTestService", "Application": "Crud.Api"}
[03:43:10 INF] [Phase 1] Starting EnsureDeletedAsync for worker 13757... {"SourceContext": "Infrastructure.Services.DatabaseTestService", "Application": "Crud.Api"}
[03:43:10 INF] [Phase 1] EnsureDeletedAsync completed in 1.5608ms {"SourceContext": "Infrastructure.Services.DatabaseTestService", "Application": "Crud.Api"}
[03:43:10 INF] [Phase 2] Starting EnsureCreatedAsync for worker 13757... {"SourceContext": "Infrastructure.Services.DatabaseTestService", "Application": "Crud.Api"}
[03:43:10 INF] [Phase 2] EnsureCreatedAsync completed in 9.7058ms {"SourceContext": "Infrastructure.Services.DatabaseTestService", "Application": "Crud.Api"}
[03:43:10 INF] [Phase 3] Skipping database seeding as requested for worker 13757 {"SourceContext": "Infrastructure.Services.DatabaseTestService", "Application": "Crud.Api"}
[03:43:10 INF] Database reset via file deletion completed for worker 13757 in 112.3083ms (Close: 0.0013ms, Delete: 1.5608ms, Create: 9.7058ms) {"SourceContext": "Infrastructure.Services.DatabaseTestService", "Application": "Crud.Api"}
[03:43:10 INF] Releasing database mutex for worker 13757 {"SourceContext": "Infrastructure.Services.DatabaseTestService", "Application": "Crud.Api"}
[03:43:10 WRN] Failed to determine the https port for redirect. {"EventId": {"Id": 3, "Name": "FailedToDeterminePort"}, "SourceContext": "Microsoft.AspNetCore.HttpsPolicy.HttpsRedirectionMiddleware", "RequestId": "0HNFGSKFKDJK3", "RequestPath": "/api/database/reset", "Application": "Crud.Api"}
[03:43:10 INF] Database reset request received for worker 1 at 09/11/2025 03:43:10 {"SourceContext": "Api.Controllers.DatabaseController", "ActionId": "440dac51-6df8-465d-9906-e39c1b027d76", "ActionName": "Api.Controllers.DatabaseController.ResetDatabase (Api)", "RequestId": "0HNFGSKFKDJK3", "RequestPath": "/api/database/reset", "Application": "Crud.Api"}
[03:43:10 WRN] Unauthorized database reset attempt from null {"SourceContext": "Api.Controllers.DatabaseController", "ActionId": "440dac51-6df8-465d-9906-e39c1b027d76", "ActionName": "Api.Controllers.DatabaseController.ResetDatabase (Api)", "RequestId": "0HNFGSKFKDJK3", "RequestPath": "/api/database/reset", "Application": "Crud.Api"}
Activity.TraceId:            d4e284f0d31b71f3d5b23f4a1667ad30
Activity.SpanId:             f851b2ed4630d2be
Activity.TraceFlags:         Recorded
Activity.ActivitySourceName: Microsoft.AspNetCore
Activity.DisplayName:        POST api/Database/reset
Activity.Kind:               Server
Activity.StartTime:          2025-09-11T03:43:10.2567578Z
Activity.Duration:           00:00:00.0141237
Activity.Tags:
    server.address: localhost
    http.request.method: POST
    url.scheme: http
    url.path: /api/database/reset
    network.protocol.version: 1.1
    http.route: api/Database/reset
    http.response.status_code: 401
Resource associated with Activity:
    deployment.environment: Testing
    service.name: Crud.Api
    service.version: 1.0.0
    service.instance.id: a483e3f3-32ea-4a50-a508-2cd77b6b2522
    telemetry.sdk.name: opentelemetry
    telemetry.sdk.language: dotnet
    telemetry.sdk.version: 1.8.1
[03:43:10 INF] Resetting database for worker 13757 {"SourceContext": "Infrastructure.Services.DatabaseTestService", "Application": "Crud.Api"}
[03:43:10 INF] Resetting database via file deletion for worker 13757 in CI environment {"SourceContext": "Infrastructure.Services.DatabaseTestService", "Application": "Crud.Api"}
[03:43:10 INF] Acquiring database mutex for worker 13757... {"SourceContext": "Infrastructure.Services.DatabaseTestService", "Application": "Crud.Api"}
[03:43:10 INF] Database mutex acquired for worker 13757 {"SourceContext": "Infrastructure.Services.DatabaseTestService", "Application": "Crud.Api"}
[03:43:10 INF] Current database state - CanConnect: True {"SourceContext": "Infrastructure.Services.DatabaseTestService", "Application": "Crud.Api"}
[03:43:10 INF] [Phase 0] Closing database connection for worker 13757... {"SourceContext": "Infrastructure.Services.DatabaseTestService", "Application": "Crud.Api"}
[03:43:10 INF] [Phase 0] Connection closed in 0.001ms {"SourceContext": "Infrastructure.Services.DatabaseTestService", "Application": "Crud.Api"}
[03:43:10 INF] [Phase 1] Starting EnsureDeletedAsync for worker 13757... {"SourceContext": "Infrastructure.Services.DatabaseTestService", "Application": "Crud.Api"}
[03:43:10 INF] [Phase 1] EnsureDeletedAsync completed in 1.9242ms {"SourceContext": "Infrastructure.Services.DatabaseTestService", "Application": "Crud.Api"}
[03:43:10 INF] [Phase 2] Starting EnsureCreatedAsync for worker 13757... {"SourceContext": "Infrastructure.Services.DatabaseTestService", "Application": "Crud.Api"}
[03:43:10 INF] [Phase 2] EnsureCreatedAsync completed in 8.1216ms {"SourceContext": "Infrastructure.Services.DatabaseTestService", "Application": "Crud.Api"}
[03:43:10 INF] [Phase 3] Skipping database seeding as requested for worker 13757 {"SourceContext": "Infrastructure.Services.DatabaseTestService", "Application": "Crud.Api"}
[03:43:10 INF] Database reset via file deletion completed for worker 13757 in 111.2995ms (Close: 0.001ms, Delete: 1.9242ms, Create: 8.1216ms) {"SourceContext": "Infrastructure.Services.DatabaseTestService", "Application": "Crud.Api"}
[03:43:10 INF] Releasing database mutex for worker 13757 {"SourceContext": "Infrastructure.Services.DatabaseTestService", "Application": "Crud.Api"}
[03:43:10 INF] Resetting database for worker 13757 {"SourceContext": "Infrastructure.Services.DatabaseTestService", "Application": "Crud.Api"}
[03:43:10 INF] Resetting database via file deletion for worker 13757 in CI environment {"SourceContext": "Infrastructure.Services.DatabaseTestService", "Application": "Crud.Api"}
[03:43:10 INF] Acquiring database mutex for worker 13757... {"SourceContext": "Infrastructure.Services.DatabaseTestService", "Application": "Crud.Api"}
[03:43:10 INF] Database mutex acquired for worker 13757 {"SourceContext": "Infrastructure.Services.DatabaseTestService", "Application": "Crud.Api"}
[03:43:10 INF] Current database state - CanConnect: True {"SourceContext": "Infrastructure.Services.DatabaseTestService", "Application": "Crud.Api"}
[03:43:10 INF] [Phase 0] Closing database connection for worker 13757... {"SourceContext": "Infrastructure.Services.DatabaseTestService", "Application": "Crud.Api"}
[03:43:10 INF] [Phase 0] Connection closed in 0.0008ms {"SourceContext": "Infrastructure.Services.DatabaseTestService", "Application": "Crud.Api"}
[03:43:10 INF] [Phase 1] Starting EnsureDeletedAsync for worker 13757... {"SourceContext": "Infrastructure.Services.DatabaseTestService", "Application": "Crud.Api"}
[03:43:10 INF] [Phase 1] EnsureDeletedAsync completed in 1.3871ms {"SourceContext": "Infrastructure.Services.DatabaseTestService", "Application": "Crud.Api"}
[03:43:10 INF] [Phase 2] Starting EnsureCreatedAsync for worker 13757... {"SourceContext": "Infrastructure.Services.DatabaseTestService", "Application": "Crud.Api"}
[03:43:10 INF] [Phase 2] EnsureCreatedAsync completed in 7.6761ms {"SourceContext": "Infrastructure.Services.DatabaseTestService", "Application": "Crud.Api"}
[03:43:10 INF] [Phase 3] Skipping database seeding as requested for worker 13757 {"SourceContext": "Infrastructure.Services.DatabaseTestService", "Application": "Crud.Api"}
[03:43:10 INF] Database reset via file deletion completed for worker 13757 in 109.7216ms (Close: 0.0008ms, Delete: 1.3871ms, Create: 7.6761ms) {"SourceContext": "Infrastructure.Services.DatabaseTestService", "Application": "Crud.Api"}
[03:43:10 INF] Releasing database mutex for worker 13757 {"SourceContext": "Infrastructure.Services.DatabaseTestService", "Application": "Crud.Api"}
[03:43:10 INF] Seeding database for worker 1 {"SourceContext": "Infrastructure.Services.DatabaseTestService", "ActionId": "570d2c01-7210-4207-aac6-bbd87ef5c1b7", "ActionName": "Api.Controllers.DatabaseController.SeedDatabase (Api)", "RequestId": "0HNFGSKFKDJK4", "RequestPath": "/api/database/seed", "Application": "Crud.Api"}
[03:43:10 DBG] Added 3 seed roles {"SourceContext": "Infrastructure.Services.DatabaseTestService", "ActionId": "570d2c01-7210-4207-aac6-bbd87ef5c1b7", "ActionName": "Api.Controllers.DatabaseController.SeedDatabase (Api)", "RequestId": "0HNFGSKFKDJK4", "RequestPath": "/api/database/seed", "Application": "Crud.Api"}
[03:43:10 DBG] Added 2 seed people {"SourceContext": "Infrastructure.Services.DatabaseTestService", "ActionId": "570d2c01-7210-4207-aac6-bbd87ef5c1b7", "ActionName": "Api.Controllers.DatabaseController.SeedDatabase (Api)", "RequestId": "0HNFGSKFKDJK4", "RequestPath": "/api/database/seed", "Application": "Crud.Api"}
[03:43:10 INF] Database seeding completed for worker 1 {"SourceContext": "Infrastructure.Services.DatabaseTestService", "ActionId": "570d2c01-7210-4207-aac6-bbd87ef5c1b7", "ActionName": "Api.Controllers.DatabaseController.SeedDatabase (Api)", "RequestId": "0HNFGSKFKDJK4", "RequestPath": "/api/database/seed", "Application": "Crud.Api"}
Activity.TraceId:            fe95b366843bb01fc80de3a6f2ebcbe8
Activity.SpanId:             b8113cadec353b77
Activity.TraceFlags:         Recorded
Activity.ActivitySourceName: Microsoft.AspNetCore
Activity.DisplayName:        POST api/Database/seed
Activity.Kind:               Server
Activity.StartTime:          2025-09-11T03:43:10.4985648Z
Activity.Duration:           00:00:00.0150056
Activity.Tags:
    server.address: localhost
    http.request.method: POST
    url.scheme: http
    url.path: /api/database/seed
    network.protocol.version: 1.1
    http.route: api/Database/seed
    http.response.status_code: 200
Resource associated with Activity:
    deployment.environment: Testing
    service.name: Crud.Api
    service.version: 1.0.0
    service.instance.id: a483e3f3-32ea-4a50-a508-2cd77b6b2522
    telemetry.sdk.name: opentelemetry
    telemetry.sdk.language: dotnet
    telemetry.sdk.version: 1.8.1
[03:43:10 INF] Resetting database for worker 13757 {"SourceContext": "Infrastructure.Services.DatabaseTestService", "Application": "Crud.Api"}
[03:43:10 INF] Resetting database via file deletion for worker 13757 in CI environment {"SourceContext": "Infrastructure.Services.DatabaseTestService", "Application": "Crud.Api"}
[03:43:10 INF] Acquiring database mutex for worker 13757... {"SourceContext": "Infrastructure.Services.DatabaseTestService", "Application": "Crud.Api"}
[03:43:10 INF] Database mutex acquired for worker 13757 {"SourceContext": "Infrastructure.Services.DatabaseTestService", "Application": "Crud.Api"}
[03:43:10 INF] Current database state - CanConnect: True {"SourceContext": "Infrastructure.Services.DatabaseTestService", "Application": "Crud.Api"}
[03:43:10 INF] [Phase 0] Closing database connection for worker 13757... {"SourceContext": "Infrastructure.Services.DatabaseTestService", "Application": "Crud.Api"}
[03:43:10 INF] [Phase 0] Connection closed in 0.0008ms {"SourceContext": "Infrastructure.Services.DatabaseTestService", "Application": "Crud.Api"}
[03:43:10 INF] [Phase 1] Starting EnsureDeletedAsync for worker 13757... {"SourceContext": "Infrastructure.Services.DatabaseTestService", "Application": "Crud.Api"}
[03:43:10 INF] [Phase 1] EnsureDeletedAsync completed in 2.0238ms {"SourceContext": "Infrastructure.Services.DatabaseTestService", "Application": "Crud.Api"}
[03:43:10 INF] [Phase 2] Starting EnsureCreatedAsync for worker 13757... {"SourceContext": "Infrastructure.Services.DatabaseTestService", "Application": "Crud.Api"}
[03:43:10 INF] [Phase 2] EnsureCreatedAsync completed in 8.5905ms {"SourceContext": "Infrastructure.Services.DatabaseTestService", "Application": "Crud.Api"}
[03:43:10 INF] [Phase 3] Skipping database seeding as requested for worker 13757 {"SourceContext": "Infrastructure.Services.DatabaseTestService", "Application": "Crud.Api"}
[03:43:10 INF] Database reset via file deletion completed for worker 13757 in 111.1418ms (Close: 0.0008ms, Delete: 2.0238ms, Create: 8.5905ms) {"SourceContext": "Infrastructure.Services.DatabaseTestService", "Application": "Crud.Api"}
[03:43:10 INF] Releasing database mutex for worker 13757 {"SourceContext": "Infrastructure.Services.DatabaseTestService", "Application": "Crud.Api"}
[03:43:10 INF] Resetting database for worker 13757 {"SourceContext": "Infrastructure.Services.DatabaseTestService", "Application": "Crud.Api"}
[03:43:10 INF] Resetting database via file deletion for worker 13757 in CI environment {"SourceContext": "Infrastructure.Services.DatabaseTestService", "Application": "Crud.Api"}
[03:43:10 INF] Acquiring database mutex for worker 13757... {"SourceContext": "Infrastructure.Services.DatabaseTestService", "Application": "Crud.Api"}
[03:43:10 INF] Database mutex acquired for worker 13757 {"SourceContext": "Infrastructure.Services.DatabaseTestService", "Application": "Crud.Api"}
[03:43:10 INF] Current database state - CanConnect: True {"SourceContext": "Infrastructure.Services.DatabaseTestService", "Application": "Crud.Api"}
[03:43:10 INF] [Phase 0] Closing database connection for worker 13757... {"SourceContext": "Infrastructure.Services.DatabaseTestService", "Application": "Crud.Api"}
[03:43:10 INF] [Phase 0] Connection closed in 0.0007ms {"SourceContext": "Infrastructure.Services.DatabaseTestService", "Application": "Crud.Api"}
[03:43:10 INF] [Phase 1] Starting EnsureDeletedAsync for worker 13757... {"SourceContext": "Infrastructure.Services.DatabaseTestService", "Application": "Crud.Api"}
[03:43:10 INF] [Phase 1] EnsureDeletedAsync completed in 1.3061ms {"SourceContext": "Infrastructure.Services.DatabaseTestService", "Application": "Crud.Api"}
[03:43:10 INF] [Phase 2] Starting EnsureCreatedAsync for worker 13757... {"SourceContext": "Infrastructure.Services.DatabaseTestService", "Application": "Crud.Api"}
[03:43:10 INF] [Phase 2] EnsureCreatedAsync completed in 7.7924ms {"SourceContext": "Infrastructure.Services.DatabaseTestService", "Application": "Crud.Api"}
[03:43:10 INF] [Phase 3] Skipping database seeding as requested for worker 13757 {"SourceContext": "Infrastructure.Services.DatabaseTestService", "Application": "Crud.Api"}
[03:43:10 INF] Database reset via file deletion completed for worker 13757 in 110.0698ms (Close: 0.0007ms, Delete: 1.3061ms, Create: 7.7924ms) {"SourceContext": "Infrastructure.Services.DatabaseTestService", "Application": "Crud.Api"}
[03:43:10 INF] Releasing database mutex for worker 13757 {"SourceContext": "Infrastructure.Services.DatabaseTestService", "Application": "Crud.Api"}
[03:43:10 DBG] Validating pre-test database state for worker 1 {"SourceContext": "Infrastructure.Services.DatabaseTestService", "ActionId": "f8fb74ce-0164-439e-954a-5ed22f583433", "ActionName": "Api.Controllers.DatabaseController.ValidatePreTestState (Api)", "RequestId": "0HNFGSKFKDJK5", "RequestPath": "/api/database/validate-pre-test", "Application": "Crud.Api"}
[03:43:10 DBG] Pre-test validation passed for worker 1 {"SourceContext": "Infrastructure.Services.DatabaseTestService", "ActionId": "f8fb74ce-0164-439e-954a-5ed22f583433", "ActionName": "Api.Controllers.DatabaseController.ValidatePreTestState (Api)", "RequestId": "0HNFGSKFKDJK5", "RequestPath": "/api/database/validate-pre-test", "Application": "Crud.Api"}
Activity.TraceId:            63b35abae3e7110740923fbc3bf5622f
Activity.SpanId:             55121a3afed58894
Activity.TraceFlags:         Recorded
Activity.ActivitySourceName: Microsoft.AspNetCore
Activity.DisplayName:        GET api/Database/validate-pre-test
Activity.Kind:               Server
Activity.StartTime:          2025-09-11T03:43:10.7391415Z
Activity.Duration:           00:00:00.0180273
Activity.Tags:
    server.address: localhost
    url.query: ?workerIndex=Redacted
    http.request.method: GET
    url.scheme: http
    url.path: /api/database/validate-pre-test
    network.protocol.version: 1.1
    http.route: api/Database/validate-pre-test
    http.response.status_code: 200
Resource associated with Activity:
    deployment.environment: Testing
    service.name: Crud.Api
    service.version: 1.0.0
    service.instance.id: a483e3f3-32ea-4a50-a508-2cd77b6b2522
    telemetry.sdk.name: opentelemetry
    telemetry.sdk.language: dotnet
    telemetry.sdk.version: 1.8.1
[03:43:10 INF] Resetting database for worker 13757 {"SourceContext": "Infrastructure.Services.DatabaseTestService", "Application": "Crud.Api"}
[03:43:10 INF] Resetting database via file deletion for worker 13757 in CI environment {"SourceContext": "Infrastructure.Services.DatabaseTestService", "Application": "Crud.Api"}
[03:43:10 INF] Acquiring database mutex for worker 13757... {"SourceContext": "Infrastructure.Services.DatabaseTestService", "Application": "Crud.Api"}
[03:43:10 INF] Database mutex acquired for worker 13757 {"SourceContext": "Infrastructure.Services.DatabaseTestService", "Application": "Crud.Api"}
[03:43:10 INF] Current database state - CanConnect: True {"SourceContext": "Infrastructure.Services.DatabaseTestService", "Application": "Crud.Api"}
[03:43:10 INF] [Phase 0] Closing database connection for worker 13757... {"SourceContext": "Infrastructure.Services.DatabaseTestService", "Application": "Crud.Api"}
[03:43:10 INF] [Phase 0] Connection closed in 0.0011ms {"SourceContext": "Infrastructure.Services.DatabaseTestService", "Application": "Crud.Api"}
[03:43:10 INF] [Phase 1] Starting EnsureDeletedAsync for worker 13757... {"SourceContext": "Infrastructure.Services.DatabaseTestService", "Application": "Crud.Api"}
[03:43:10 INF] [Phase 1] EnsureDeletedAsync completed in 1.567ms {"SourceContext": "Infrastructure.Services.DatabaseTestService", "Application": "Crud.Api"}
[03:43:10 INF] [Phase 2] Starting EnsureCreatedAsync for worker 13757... {"SourceContext": "Infrastructure.Services.DatabaseTestService", "Application": "Crud.Api"}
[03:43:10 INF] [Phase 2] EnsureCreatedAsync completed in 7.5196ms {"SourceContext": "Infrastructure.Services.DatabaseTestService", "Application": "Crud.Api"}
[03:43:10 INF] [Phase 3] Skipping database seeding as requested for worker 13757 {"SourceContext": "Infrastructure.Services.DatabaseTestService", "Application": "Crud.Api"}
[03:43:10 INF] Database reset via file deletion completed for worker 13757 in 109.8896ms (Close: 0.0011ms, Delete: 1.567ms, Create: 7.5196ms) {"SourceContext": "Infrastructure.Services.DatabaseTestService", "Application": "Crud.Api"}
[03:43:10 INF] Releasing database mutex for worker 13757 {"SourceContext": "Infrastructure.Services.DatabaseTestService", "Application": "Crud.Api"}
[03:43:10 INF] Resetting database for worker 13757 {"SourceContext": "Infrastructure.Services.DatabaseTestService", "Application": "Crud.Api"}
[03:43:10 INF] Resetting database via file deletion for worker 13757 in CI environment {"SourceContext": "Infrastructure.Services.DatabaseTestService", "Application": "Crud.Api"}
[03:43:10 INF] Acquiring database mutex for worker 13757... {"SourceContext": "Infrastructure.Services.DatabaseTestService", "Application": "Crud.Api"}
[03:43:10 INF] Database mutex acquired for worker 13757 {"SourceContext": "Infrastructure.Services.DatabaseTestService", "Application": "Crud.Api"}
[03:43:10 INF] Current database state - CanConnect: True {"SourceContext": "Infrastructure.Services.DatabaseTestService", "Application": "Crud.Api"}
[03:43:10 INF] [Phase 0] Closing database connection for worker 13757... {"SourceContext": "Infrastructure.Services.DatabaseTestService", "Application": "Crud.Api"}
[03:43:10 INF] [Phase 0] Connection closed in 0.0007ms {"SourceContext": "Infrastructure.Services.DatabaseTestService", "Application": "Crud.Api"}
[03:43:10 INF] [Phase 1] Starting EnsureDeletedAsync for worker 13757... {"SourceContext": "Infrastructure.Services.DatabaseTestService", "Application": "Crud.Api"}
[03:43:10 INF] [Phase 1] EnsureDeletedAsync completed in 1.3335ms {"SourceContext": "Infrastructure.Services.DatabaseTestService", "Application": "Crud.Api"}
[03:43:10 INF] [Phase 2] Starting EnsureCreatedAsync for worker 13757... {"SourceContext": "Infrastructure.Services.DatabaseTestService", "Application": "Crud.Api"}
[03:43:10 INF] [Phase 2] EnsureCreatedAsync completed in 10.5725ms {"SourceContext": "Infrastructure.Services.DatabaseTestService", "Application": "Crud.Api"}
[03:43:10 INF] [Phase 3] Skipping database seeding as requested for worker 13757 {"SourceContext": "Infrastructure.Services.DatabaseTestService", "Application": "Crud.Api"}
[03:43:10 INF] Database reset via file deletion completed for worker 13757 in 112.0238ms (Close: 0.0007ms, Delete: 1.3335ms, Create: 10.5725ms) {"SourceContext": "Infrastructure.Services.DatabaseTestService", "Application": "Crud.Api"}
[03:43:10 INF] Releasing database mutex for worker 13757 {"SourceContext": "Infrastructure.Services.DatabaseTestService", "Application": "Crud.Api"}
[03:43:10 DBG] Verifying database integrity for worker 1 {"SourceContext": "Infrastructure.Services.DatabaseTestService", "ActionId": "ae002aa0-1cec-4726-af9d-6ed948b6e255", "ActionName": "Api.Controllers.DatabaseController.VerifyDatabaseIntegrity (Api)", "RequestId": "0HNFGSKFKDJK6", "RequestPath": "/api/database/verify-integrity", "Application": "Crud.Api"}
[03:43:10 DBG] Database integrity verification passed for worker 1 {"SourceContext": "Infrastructure.Services.DatabaseTestService", "ActionId": "ae002aa0-1cec-4726-af9d-6ed948b6e255", "ActionName": "Api.Controllers.DatabaseController.VerifyDatabaseIntegrity (Api)", "RequestId": "0HNFGSKFKDJK6", "RequestPath": "/api/database/verify-integrity", "Application": "Crud.Api"}
Activity.TraceId:            f286c9d3a189b0790def92a5c5ccf91b
Activity.SpanId:             c46c62d338544bd0
Activity.TraceFlags:         Recorded
Activity.ActivitySourceName: Microsoft.AspNetCore
Activity.DisplayName:        GET api/Database/verify-integrity
Activity.Kind:               Server
Activity.StartTime:          2025-09-11T03:43:10.9855394Z
Activity.Duration:           00:00:00.0065069
Activity.Tags:
    server.address: localhost
    url.query: ?workerIndex=Redacted
    http.request.method: GET
    url.scheme: http
    url.path: /api/database/verify-integrity
    network.protocol.version: 1.1
    http.route: api/Database/verify-integrity
    http.response.status_code: 200
Resource associated with Activity:
    deployment.environment: Testing
    service.name: Crud.Api
    service.version: 1.0.0
    service.instance.id: a483e3f3-32ea-4a50-a508-2cd77b6b2522
    telemetry.sdk.name: opentelemetry
    telemetry.sdk.language: dotnet
    telemetry.sdk.version: 1.8.1
[03:43:10 INF] Resetting database for worker 13757 {"SourceContext": "Infrastructure.Services.DatabaseTestService", "Application": "Crud.Api"}
[03:43:10 INF] Resetting database via file deletion for worker 13757 in CI environment {"SourceContext": "Infrastructure.Services.DatabaseTestService", "Application": "Crud.Api"}
[03:43:10 INF] Acquiring database mutex for worker 13757... {"SourceContext": "Infrastructure.Services.DatabaseTestService", "Application": "Crud.Api"}
[03:43:10 INF] Database mutex acquired for worker 13757 {"SourceContext": "Infrastructure.Services.DatabaseTestService", "Application": "Crud.Api"}
[03:43:10 INF] Current database state - CanConnect: True {"SourceContext": "Infrastructure.Services.DatabaseTestService", "Application": "Crud.Api"}
[03:43:10 INF] [Phase 0] Closing database connection for worker 13757... {"SourceContext": "Infrastructure.Services.DatabaseTestService", "Application": "Crud.Api"}
[03:43:10 INF] [Phase 0] Connection closed in 0.0008ms {"SourceContext": "Infrastructure.Services.DatabaseTestService", "Application": "Crud.Api"}
[03:43:10 INF] [Phase 1] Starting EnsureDeletedAsync for worker 13757... {"SourceContext": "Infrastructure.Services.DatabaseTestService", "Application": "Crud.Api"}
[03:43:10 INF] [Phase 1] EnsureDeletedAsync completed in 1.3344ms {"SourceContext": "Infrastructure.Services.DatabaseTestService", "Application": "Crud.Api"}
[03:43:11 INF] [Phase 2] Starting EnsureCreatedAsync for worker 13757... {"SourceContext": "Infrastructure.Services.DatabaseTestService", "Application": "Crud.Api"}
[03:43:11 INF] [Phase 2] EnsureCreatedAsync completed in 6.9225ms {"SourceContext": "Infrastructure.Services.DatabaseTestService", "Application": "Crud.Api"}
[03:43:11 INF] [Phase 3] Skipping database seeding as requested for worker 13757 {"SourceContext": "Infrastructure.Services.DatabaseTestService", "Application": "Crud.Api"}
[03:43:11 INF] Database reset via file deletion completed for worker 13757 in 108.8763ms (Close: 0.0008ms, Delete: 1.3344ms, Create: 6.9225ms) {"SourceContext": "Infrastructure.Services.DatabaseTestService", "Application": "Crud.Api"}
[03:43:11 INF] Releasing database mutex for worker 13757 {"SourceContext": "Infrastructure.Services.DatabaseTestService", "Application": "Crud.Api"}
[03:43:11 INF] Resetting database for worker 13757 {"SourceContext": "Infrastructure.Services.DatabaseTestService", "Application": "Crud.Api"}
[03:43:11 INF] Resetting database via file deletion for worker 13757 in CI environment {"SourceContext": "Infrastructure.Services.DatabaseTestService", "Application": "Crud.Api"}
[03:43:11 INF] Acquiring database mutex for worker 13757... {"SourceContext": "Infrastructure.Services.DatabaseTestService", "Application": "Crud.Api"}
[03:43:11 INF] Database mutex acquired for worker 13757 {"SourceContext": "Infrastructure.Services.DatabaseTestService", "Application": "Crud.Api"}
[03:43:11 INF] Current database state - CanConnect: True {"SourceContext": "Infrastructure.Services.DatabaseTestService", "Application": "Crud.Api"}
[03:43:11 INF] [Phase 0] Closing database connection for worker 13757... {"SourceContext": "Infrastructure.Services.DatabaseTestService", "Application": "Crud.Api"}
[03:43:11 INF] [Phase 0] Connection closed in 0.0009ms {"SourceContext": "Infrastructure.Services.DatabaseTestService", "Application": "Crud.Api"}
[03:43:11 INF] [Phase 1] Starting EnsureDeletedAsync for worker 13757... {"SourceContext": "Infrastructure.Services.DatabaseTestService", "Application": "Crud.Api"}
[03:43:11 INF] [Phase 1] EnsureDeletedAsync completed in 1.2807ms {"SourceContext": "Infrastructure.Services.DatabaseTestService", "Application": "Crud.Api"}
[03:43:11 INF] [Phase 2] Starting EnsureCreatedAsync for worker 13757... {"SourceContext": "Infrastructure.Services.DatabaseTestService", "Application": "Crud.Api"}
[03:43:11 INF] [Phase 2] EnsureCreatedAsync completed in 8.2823ms {"SourceContext": "Infrastructure.Services.DatabaseTestService", "Application": "Crud.Api"}
[03:43:11 INF] [Phase 3] Skipping database seeding as requested for worker 13757 {"SourceContext": "Infrastructure.Services.DatabaseTestService", "Application": "Crud.Api"}
[03:43:11 INF] Database reset via file deletion completed for worker 13757 in 110.4881ms (Close: 0.0009ms, Delete: 1.2807ms, Create: 8.2823ms) {"SourceContext": "Infrastructure.Services.DatabaseTestService", "Application": "Crud.Api"}
[03:43:11 INF] Releasing database mutex for worker 13757 {"SourceContext": "Infrastructure.Services.DatabaseTestService", "Application": "Crud.Api"}
Activity.TraceId:            5eb5cfb3dedf804124f4f12529646ce5
Activity.SpanId:             ec1cb2ef608fc5e0
Activity.TraceFlags:         Recorded
Activity.ActivitySourceName: Microsoft.AspNetCore
Activity.DisplayName:        GET api/Database/status
Activity.Kind:               Server
Activity.StartTime:          2025-09-11T03:43:11.2157916Z
Activity.Duration:           00:00:00.0054672
Activity.Tags:
    server.address: localhost
    http.request.method: GET
    url.scheme: http
    url.path: /api/database/status
    network.protocol.version: 1.1
    http.route: api/Database/status
    http.response.status_code: 200
Resource associated with Activity:
    deployment.environment: Testing
    service.name: Crud.Api
    service.version: 1.0.0
    service.instance.id: a483e3f3-32ea-4a50-a508-2cd77b6b2522
    telemetry.sdk.name: opentelemetry
    telemetry.sdk.language: dotnet
    telemetry.sdk.version: 1.8.1
[03:43:11 INF] Resetting database for worker 13757 {"SourceContext": "Infrastructure.Services.DatabaseTestService", "Application": "Crud.Api"}
[03:43:11 INF] Resetting database via file deletion for worker 13757 in CI environment {"SourceContext": "Infrastructure.Services.DatabaseTestService", "Application": "Crud.Api"}
[03:43:11 INF] Acquiring database mutex for worker 13757... {"SourceContext": "Infrastructure.Services.DatabaseTestService", "Application": "Crud.Api"}
[03:43:11 INF] Database mutex acquired for worker 13757 {"SourceContext": "Infrastructure.Services.DatabaseTestService", "Application": "Crud.Api"}
[03:43:11 INF] Current database state - CanConnect: True {"SourceContext": "Infrastructure.Services.DatabaseTestService", "Application": "Crud.Api"}
[03:43:11 INF] [Phase 0] Closing database connection for worker 13757... {"SourceContext": "Infrastructure.Services.DatabaseTestService", "Application": "Crud.Api"}
[03:43:11 INF] [Phase 0] Connection closed in 0.0007ms {"SourceContext": "Infrastructure.Services.DatabaseTestService", "Application": "Crud.Api"}
[03:43:11 INF] [Phase 1] Starting EnsureDeletedAsync for worker 13757... {"SourceContext": "Infrastructure.Services.DatabaseTestService", "Application": "Crud.Api"}
[03:43:11 INF] [Phase 1] EnsureDeletedAsync completed in 1.5821ms {"SourceContext": "Infrastructure.Services.DatabaseTestService", "Application": "Crud.Api"}
[03:43:11 INF] [Phase 2] Starting EnsureCreatedAsync for worker 13757... {"SourceContext": "Infrastructure.Services.DatabaseTestService", "Application": "Crud.Api"}
[03:43:11 INF] [Phase 2] EnsureCreatedAsync completed in 7.4583ms {"SourceContext": "Infrastructure.Services.DatabaseTestService", "Application": "Crud.Api"}
[03:43:11 INF] [Phase 3] Skipping database seeding as requested for worker 13757 {"SourceContext": "Infrastructure.Services.DatabaseTestService", "Application": "Crud.Api"}
[03:43:11 INF] Database reset via file deletion completed for worker 13757 in 109.4274ms (Close: 0.0007ms, Delete: 1.5821ms, Create: 7.4583ms) {"SourceContext": "Infrastructure.Services.DatabaseTestService", "Application": "Crud.Api"}
[03:43:11 INF] Releasing database mutex for worker 13757 {"SourceContext": "Infrastructure.Services.DatabaseTestService", "Application": "Crud.Api"}
[03:43:11 INF] Resetting database for worker 13757 {"SourceContext": "Infrastructure.Services.DatabaseTestService", "Application": "Crud.Api"}
[03:43:11 INF] Resetting database via file deletion for worker 13757 in CI environment {"SourceContext": "Infrastructure.Services.DatabaseTestService", "Application": "Crud.Api"}
[03:43:11 INF] Acquiring database mutex for worker 13757... {"SourceContext": "Infrastructure.Services.DatabaseTestService", "Application": "Crud.Api"}
[03:43:11 INF] Database mutex acquired for worker 13757 {"SourceContext": "Infrastructure.Services.DatabaseTestService", "Application": "Crud.Api"}
[03:43:11 INF] Current database state - CanConnect: True {"SourceContext": "Infrastructure.Services.DatabaseTestService", "Application": "Crud.Api"}
[03:43:11 INF] [Phase 0] Closing database connection for worker 13757... {"SourceContext": "Infrastructure.Services.DatabaseTestService", "Application": "Crud.Api"}
[03:43:11 INF] [Phase 0] Connection closed in 0.0007ms {"SourceContext": "Infrastructure.Services.DatabaseTestService", "Application": "Crud.Api"}
[03:43:11 INF] [Phase 1] Starting EnsureDeletedAsync for worker 13757... {"SourceContext": "Infrastructure.Services.DatabaseTestService", "Application": "Crud.Api"}
[03:43:11 INF] [Phase 1] EnsureDeletedAsync completed in 1.3717ms {"SourceContext": "Infrastructure.Services.DatabaseTestService", "Application": "Crud.Api"}
[03:43:11 INF] [Phase 2] Starting EnsureCreatedAsync for worker 13757... {"SourceContext": "Infrastructure.Services.DatabaseTestService", "Application": "Crud.Api"}
[03:43:11 INF] [Phase 2] EnsureCreatedAsync completed in 7.35ms {"SourceContext": "Infrastructure.Services.DatabaseTestService", "Application": "Crud.Api"}
[03:43:11 INF] [Phase 3] Skipping database seeding as requested for worker 13757 {"SourceContext": "Infrastructure.Services.DatabaseTestService", "Application": "Crud.Api"}
[03:43:11 INF] Database reset via file deletion completed for worker 13757 in 110.3274ms (Close: 0.0007ms, Delete: 1.3717ms, Create: 7.35ms) {"SourceContext": "Infrastructure.Services.DatabaseTestService", "Application": "Crud.Api"}
[03:43:11 INF] Releasing database mutex for worker 13757 {"SourceContext": "Infrastructure.Services.DatabaseTestService", "Application": "Crud.Api"}
[03:43:11 INF] Database reset request received for worker 1 at 09/11/2025 03:43:11 {"SourceContext": "Api.Controllers.DatabaseController", "ActionId": "440dac51-6df8-465d-9906-e39c1b027d76", "ActionName": "Api.Controllers.DatabaseController.ResetDatabase (Api)", "RequestId": "0HNFGSKFKDJK8", "RequestPath": "/api/database/reset", "Application": "Crud.Api"}
[03:43:11 INF] CI environment detected - allowing database reset from any IP {"SourceContext": "Api.Controllers.DatabaseController", "ActionId": "440dac51-6df8-465d-9906-e39c1b027d76", "ActionName": "Api.Controllers.DatabaseController.ResetDatabase (Api)", "RequestId": "0HNFGSKFKDJK8", "RequestPath": "/api/database/reset", "Application": "Crud.Api"}
[03:43:11 INF] Starting database reset for worker 1... {"SourceContext": "Api.Controllers.DatabaseController", "ActionId": "440dac51-6df8-465d-9906-e39c1b027d76", "ActionName": "Api.Controllers.DatabaseController.ResetDatabase (Api)", "RequestId": "0HNFGSKFKDJK8", "RequestPath": "/api/database/reset", "Application": "Crud.Api"}
[03:43:11 INF] Resetting database for worker 1 {"SourceContext": "Infrastructure.Services.DatabaseTestService", "ActionId": "440dac51-6df8-465d-9906-e39c1b027d76", "ActionName": "Api.Controllers.DatabaseController.ResetDatabase (Api)", "RequestId": "0HNFGSKFKDJK8", "RequestPath": "/api/database/reset", "Application": "Crud.Api"}
[03:43:11 INF] Resetting database via file deletion for worker 1 in CI environment {"SourceContext": "Infrastructure.Services.DatabaseTestService", "ActionId": "440dac51-6df8-465d-9906-e39c1b027d76", "ActionName": "Api.Controllers.DatabaseController.ResetDatabase (Api)", "RequestId": "0HNFGSKFKDJK8", "RequestPath": "/api/database/reset", "Application": "Crud.Api"}
[03:43:11 INF] Acquiring database mutex for worker 1... {"SourceContext": "Infrastructure.Services.DatabaseTestService", "ActionId": "440dac51-6df8-465d-9906-e39c1b027d76", "ActionName": "Api.Controllers.DatabaseController.ResetDatabase (Api)", "RequestId": "0HNFGSKFKDJK8", "RequestPath": "/api/database/reset", "Application": "Crud.Api"}
[03:43:11 INF] Database mutex acquired for worker 1 {"SourceContext": "Infrastructure.Services.DatabaseTestService", "ActionId": "440dac51-6df8-465d-9906-e39c1b027d76", "ActionName": "Api.Controllers.DatabaseController.ResetDatabase (Api)", "RequestId": "0HNFGSKFKDJK8", "RequestPath": "/api/database/reset", "Application": "Crud.Api"}
[03:43:11 INF] Current database state - CanConnect: True {"SourceContext": "Infrastructure.Services.DatabaseTestService", "ActionId": "440dac51-6df8-465d-9906-e39c1b027d76", "ActionName": "Api.Controllers.DatabaseController.ResetDatabase (Api)", "RequestId": "0HNFGSKFKDJK8", "RequestPath": "/api/database/reset", "Application": "Crud.Api"}
[03:43:11 INF] [Phase 0] Closing database connection for worker 1... {"SourceContext": "Infrastructure.Services.DatabaseTestService", "ActionId": "440dac51-6df8-465d-9906-e39c1b027d76", "ActionName": "Api.Controllers.DatabaseController.ResetDatabase (Api)", "RequestId": "0HNFGSKFKDJK8", "RequestPath": "/api/database/reset", "Application": "Crud.Api"}
[03:43:11 INF] [Phase 0] Connection closed in 0.0006ms {"SourceContext": "Infrastructure.Services.DatabaseTestService", "ActionId": "440dac51-6df8-465d-9906-e39c1b027d76", "ActionName": "Api.Controllers.DatabaseController.ResetDatabase (Api)", "RequestId": "0HNFGSKFKDJK8", "RequestPath": "/api/database/reset", "Application": "Crud.Api"}
[03:43:11 INF] [Phase 1] Starting EnsureDeletedAsync for worker 1... {"SourceContext": "Infrastructure.Services.DatabaseTestService", "ActionId": "440dac51-6df8-465d-9906-e39c1b027d76", "ActionName": "Api.Controllers.DatabaseController.ResetDatabase (Api)", "RequestId": "0HNFGSKFKDJK8", "RequestPath": "/api/database/reset", "Application": "Crud.Api"}
[03:43:11 INF] [Phase 1] EnsureDeletedAsync completed in 1.442ms {"SourceContext": "Infrastructure.Services.DatabaseTestService", "ActionId": "440dac51-6df8-465d-9906-e39c1b027d76", "ActionName": "Api.Controllers.DatabaseController.ResetDatabase (Api)", "RequestId": "0HNFGSKFKDJK8", "RequestPath": "/api/database/reset", "Application": "Crud.Api"}
[03:43:11 INF] [Phase 2] Starting EnsureCreatedAsync for worker 1... {"SourceContext": "Infrastructure.Services.DatabaseTestService", "ActionId": "440dac51-6df8-465d-9906-e39c1b027d76", "ActionName": "Api.Controllers.DatabaseController.ResetDatabase (Api)", "RequestId": "0HNFGSKFKDJK8", "RequestPath": "/api/database/reset", "Application": "Crud.Api"}
[03:43:11 INF] [Phase 2] EnsureCreatedAsync completed in 10.4608ms {"SourceContext": "Infrastructure.Services.DatabaseTestService", "ActionId": "440dac51-6df8-465d-9906-e39c1b027d76", "ActionName": "Api.Controllers.DatabaseController.ResetDatabase (Api)", "RequestId": "0HNFGSKFKDJK8", "RequestPath": "/api/database/reset", "Application": "Crud.Api"}
[03:43:11 INF] [Phase 3] Skipping database seeding as requested for worker 1 {"SourceContext": "Infrastructure.Services.DatabaseTestService", "ActionId": "440dac51-6df8-465d-9906-e39c1b027d76", "ActionName": "Api.Controllers.DatabaseController.ResetDatabase (Api)", "RequestId": "0HNFGSKFKDJK8", "RequestPath": "/api/database/reset", "Application": "Crud.Api"}
[03:43:11 INF] Database reset via file deletion completed for worker 1 in 112.4403ms (Close: 0.0006ms, Delete: 1.442ms, Create: 10.4608ms) {"SourceContext": "Infrastructure.Services.DatabaseTestService", "ActionId": "440dac51-6df8-465d-9906-e39c1b027d76", "ActionName": "Api.Controllers.DatabaseController.ResetDatabase (Api)", "RequestId": "0HNFGSKFKDJK8", "RequestPath": "/api/database/reset", "Application": "Crud.Api"}
[03:43:11 INF] Releasing database mutex for worker 1 {"SourceContext": "Infrastructure.Services.DatabaseTestService", "ActionId": "440dac51-6df8-465d-9906-e39c1b027d76", "ActionName": "Api.Controllers.DatabaseController.ResetDatabase (Api)", "RequestId": "0HNFGSKFKDJK8", "RequestPath": "/api/database/reset", "Application": "Crud.Api"}
[03:43:11 INF] Database reset completed for worker 1 in 113.8353ms {"SourceContext": "Api.Controllers.DatabaseController", "ActionId": "440dac51-6df8-465d-9906-e39c1b027d76", "ActionName": "Api.Controllers.DatabaseController.ResetDatabase (Api)", "RequestId": "0HNFGSKFKDJK8", "RequestPath": "/api/database/reset", "Application": "Crud.Api"}
Activity.TraceId:            f919c07ec8b046db1713dd0b61365b3b
Activity.SpanId:             d8ede58ca7f0f731
Activity.TraceFlags:         Recorded
Activity.ActivitySourceName: Microsoft.AspNetCore
Activity.DisplayName:        POST api/Database/reset
Activity.Kind:               Server
Activity.StartTime:          2025-09-11T03:43:11.4454989Z
Activity.Duration:           00:00:00.1162720
Activity.Tags:
    server.address: localhost
    http.request.method: POST
    url.scheme: http
    url.path: /api/database/reset
    network.protocol.version: 1.1
    http.route: api/Database/reset
    http.response.status_code: 200
Resource associated with Activity:
    deployment.environment: Testing
    service.name: Crud.Api
    service.version: 1.0.0
    service.instance.id: a483e3f3-32ea-4a50-a508-2cd77b6b2522
    telemetry.sdk.name: opentelemetry
    telemetry.sdk.language: dotnet
    telemetry.sdk.version: 1.8.1
[03:43:11 INF] Resetting database for worker 13757 {"SourceContext": "Infrastructure.Services.DatabaseTestService", "Application": "Crud.Api"}
[03:43:11 INF] Resetting database via file deletion for worker 13757 in CI environment {"SourceContext": "Infrastructure.Services.DatabaseTestService", "Application": "Crud.Api"}
[03:43:11 INF] Acquiring database mutex for worker 13757... {"SourceContext": "Infrastructure.Services.DatabaseTestService", "Application": "Crud.Api"}
[03:43:11 INF] Database mutex acquired for worker 13757 {"SourceContext": "Infrastructure.Services.DatabaseTestService", "Application": "Crud.Api"}
[03:43:11 INF] Current database state - CanConnect: True {"SourceContext": "Infrastructure.Services.DatabaseTestService", "Application": "Crud.Api"}
[03:43:11 INF] [Phase 0] Closing database connection for worker 13757... {"SourceContext": "Infrastructure.Services.DatabaseTestService", "Application": "Crud.Api"}
[03:43:11 INF] [Phase 0] Connection closed in 0.0007ms {"SourceContext": "Infrastructure.Services.DatabaseTestService", "Application": "Crud.Api"}
[03:43:11 INF] [Phase 1] Starting EnsureDeletedAsync for worker 13757... {"SourceContext": "Infrastructure.Services.DatabaseTestService", "Application": "Crud.Api"}
[03:43:11 INF] [Phase 1] EnsureDeletedAsync completed in 1.8384ms {"SourceContext": "Infrastructure.Services.DatabaseTestService", "Application": "Crud.Api"}
[03:43:11 INF] [Phase 2] Starting EnsureCreatedAsync for worker 13757... {"SourceContext": "Infrastructure.Services.DatabaseTestService", "Application": "Crud.Api"}
[03:43:11 INF] [Phase 2] EnsureCreatedAsync completed in 7.5484ms {"SourceContext": "Infrastructure.Services.DatabaseTestService", "Application": "Crud.Api"}
[03:43:11 INF] [Phase 3] Skipping database seeding as requested for worker 13757 {"SourceContext": "Infrastructure.Services.DatabaseTestService", "Application": "Crud.Api"}
[03:43:11 INF] Database reset via file deletion completed for worker 13757 in 109.4332ms (Close: 0.0007ms, Delete: 1.8384ms, Create: 7.5484ms) {"SourceContext": "Infrastructure.Services.DatabaseTestService", "Application": "Crud.Api"}
[03:43:11 INF] Releasing database mutex for worker 13757 {"SourceContext": "Infrastructure.Services.DatabaseTestService", "Application": "Crud.Api"}
Resource associated with Metric:
    deployment.environment: Testing
    service.name: Crud.Api
    service.version: 1.0.0
    service.instance.id: a483e3f3-32ea-4a50-a508-2cd77b6b2522
    telemetry.sdk.name: opentelemetry
    telemetry.sdk.language: dotnet
    telemetry.sdk.version: 1.8.1
Metric Name: http.server.active_requests, Number of active HTTP server requests., Unit: {request}, Meter: Microsoft.AspNetCore.Hosting
(2025-09-11T03:43:10.1379487Z, 2025-09-11T03:43:11.6736873Z] http.request.method: POST url.scheme: http LongSumNonMonotonic
Value: 0
(2025-09-11T03:43:10.1379487Z, 2025-09-11T03:43:11.6736873Z] http.request.method: GET url.scheme: http LongSumNonMonotonic
Value: 0
Metric Name: http.server.request.duration, Duration of HTTP server requests., Unit: s, Meter: Microsoft.AspNetCore.Hosting
(2025-09-11T03:43:10.1380187Z, 2025-09-11T03:43:11.6736894Z] http.request.method: POST http.response.status_code: 401 http.route: api/Database/reset network.protocol.version: 1.1 url.scheme: http Histogram
Value: Sum: 0.0141209 Count: 1 Min: 0.0141209 Max: 0.0141209 
(-Infinity,0.005]:0
(0.005,0.01]:0
(0.01,0.025]:1
(0.025,0.05]:0
(0.05,0.075]:0
(0.075,0.1]:0
(0.1,0.25]:0
(0.25,0.5]:0
(0.5,0.75]:0
(0.75,1]:0
(1,2.5]:0
(2.5,5]:0
(5,7.5]:0
(7.5,10]:0
(10,+Infinity]:0
(2025-09-11T03:43:10.1380187Z, 2025-09-11T03:43:11.6736894Z] http.request.method: POST http.response.status_code: 200 http.route: api/Database/seed network.protocol.version: 1.1 url.scheme: http Histogram
Value: Sum: 0.0149914 Count: 1 Min: 0.0149914 Max: 0.0149914 
(-Infinity,0.005]:0
(0.005,0.01]:0
(0.01,0.025]:1
(0.025,0.05]:0
(0.05,0.075]:0
(0.075,0.1]:0
(0.1,0.25]:0
(0.25,0.5]:0
(0.5,0.75]:0
(0.75,1]:0
(1,2.5]:0
(2.5,5]:0
(5,7.5]:0
(7.5,10]:0
(10,+Infinity]:0
(2025-09-11T03:43:10.1380187Z, 2025-09-11T03:43:11.6736894Z] http.request.method: GET http.response.status_code: 200 http.route: api/Database/validate-pre-test network.protocol.version: 1.1 url.scheme: http Histogram
Value: Sum: 0.0180232 Count: 1 Min: 0.0180232 Max: 0.0180232 
(-Infinity,0.005]:0
(0.005,0.01]:0
(0.01,0.025]:1
(0.025,0.05]:0
(0.05,0.075]:0
(0.075,0.1]:0
(0.1,0.25]:0
(0.25,0.5]:0
(0.5,0.75]:0
(0.75,1]:0
(1,2.5]:0
(2.5,5]:0
(5,7.5]:0
(7.5,10]:0
(10,+Infinity]:0
(2025-09-11T03:43:10.1380187Z, 2025-09-11T03:43:11.6736894Z] http.request.method: GET http.response.status_code: 200 http.route: api/Database/verify-integrity network.protocol.version: 1.1 url.scheme: http Histogram
Value: Sum: 0.0065018 Count: 1 Min: 0.0065018 Max: 0.0065018 
(-Infinity,0.005]:0
(0.005,0.01]:1
(0.01,0.025]:0
(0.025,0.05]:0
(0.05,0.075]:0
(0.075,0.1]:0
(0.1,0.25]:0
(0.25,0.5]:0
(0.5,0.75]:0
(0.75,1]:0
(1,2.5]:0
(2.5,5]:0
(5,7.5]:0
(7.5,10]:0
(10,+Infinity]:0
(2025-09-11T03:43:10.1380187Z, 2025-09-11T03:43:11.6736894Z] http.request.method: GET http.response.status_code: 200 http.route: api/Database/status network.protocol.version: 1.1 url.scheme: http Histogram
Value: Sum: 0.0054637 Count: 1 Min: 0.0054637 Max: 0.0054637 
(-Infinity,0.005]:0
(0.005,0.01]:1
(0.01,0.025]:0
(0.025,0.05]:0
(0.05,0.075]:0
(0.075,0.1]:0
(0.1,0.25]:0
(0.25,0.5]:0
(0.5,0.75]:0
(0.75,1]:0
(1,2.5]:0
(2.5,5]:0
(5,7.5]:0
(7.5,10]:0
(10,+Infinity]:0
(2025-09-11T03:43:10.1380187Z, 2025-09-11T03:43:11.6736894Z] http.request.method: POST http.response.status_code: 200 http.route: api/Database/reset network.protocol.version: 1.1 url.scheme: http Histogram
Value: Sum: 0.1162645 Count: 1 Min: 0.1162645 Max: 0.1162645 
(-Infinity,0.005]:0
(0.005,0.01]:0
(0.01,0.025]:0
(0.025,0.05]:0
(0.05,0.075]:0
(0.075,0.1]:0
(0.1,0.25]:1
(0.25,0.5]:0
(0.5,0.75]:0
(0.75,1]:0
(1,2.5]:0
(2.5,5]:0
(5,7.5]:0
(7.5,10]:0
(10,+Infinity]:0
Metric Name: aspnetcore.rate_limiting.active_request_leases, Number of HTTP requests that are currently active on the server that hold a rate limiting lease., Unit: {request}, Meter: Microsoft.AspNetCore.RateLimiting
(2025-09-11T03:43:10.1398811Z, 2025-09-11T03:43:11.6736901Z] LongSumNonMonotonic
Value: 0
Metric Name: aspnetcore.rate_limiting.request_lease.duration, The duration of rate limiting leases held by HTTP requests on the server., Unit: s, Meter: Microsoft.AspNetCore.RateLimiting
(2025-09-11T03:43:10.1399474Z, 2025-09-11T03:43:11.6736908Z] Histogram
Value: Sum: 0.1712566 Count: 6 Min: 0.0053356 Max: 0.1161416 
(-Infinity,0.005]:0
(0.005,0.01]:2
(0.01,0.025]:3
(0.025,0.05]:0
(0.05,0.075]:0
(0.075,0.1]:0
(0.1,0.25]:1
(0.25,0.5]:0
(0.5,0.75]:0
(0.75,1]:0
(1,2.5]:0
(2.5,5]:0
(5,7.5]:0
(7.5,10]:0
(10,+Infinity]:0
Metric Name: aspnetcore.rate_limiting.requests, Number of requests that tried to acquire a rate limiting lease. Requests could be rejected by global or endpoint rate limiting policies. Or the request could be canceled while waiting for the lease., Unit: {request}, Meter: Microsoft.AspNetCore.RateLimiting
(2025-09-11T03:43:10.1401453Z, 2025-09-11T03:43:11.6736918Z] aspnetcore.rate_limiting.result: acquired LongSum
Value: 6
Metric Name: aspnetcore.routing.match_attempts, Number of requests that were attempted to be matched to an endpoint., Unit: {match_attempt}, Meter: Microsoft.AspNetCore.Routing
(2025-09-11T03:43:10.1410124Z, 2025-09-11T03:43:11.6736923Z] aspnetcore.routing.is_fallback: false aspnetcore.routing.match_status: success http.route: api/Database/reset LongSum
Value: 2
(2025-09-11T03:43:10.1410124Z, 2025-09-11T03:43:11.6736923Z] aspnetcore.routing.is_fallback: false aspnetcore.routing.match_status: success http.route: api/Database/seed LongSum
Value: 1
(2025-09-11T03:43:10.1410124Z, 2025-09-11T03:43:11.6736923Z] aspnetcore.routing.is_fallback: false aspnetcore.routing.match_status: success http.route: api/Database/validate-pre-test LongSum
Value: 1
(2025-09-11T03:43:10.1410124Z, 2025-09-11T03:43:11.6736923Z] aspnetcore.routing.is_fallback: false aspnetcore.routing.match_status: success http.route: api/Database/verify-integrity LongSum
Value: 1
(2025-09-11T03:43:10.1410124Z, 2025-09-11T03:43:11.6736923Z] aspnetcore.routing.is_fallback: false aspnetcore.routing.match_status: success http.route: api/Database/status LongSum
Value: 1
[03:43:11 INF] Starting Crud API application {"Application": "Crud.Api"}
[03:43:11 INF] Using SQLite provider with connection: Data Source=TestDatabase.db {"Application": "Crud.Api"}
[03:43:11 INF] Database ensured successfully {"Application": "Crud.Api"}
[03:43:11 INF] Application configured successfully. Starting web host... {"Application": "Crud.Api"}
[03:43:11 INF] Resetting database for worker 5188 {"SourceContext": "Infrastructure.Services.DatabaseTestService", "Application": "Crud.Api"}
[03:43:11 INF] Resetting database via file deletion for worker 5188 in CI environment {"SourceContext": "Infrastructure.Services.DatabaseTestService", "Application": "Crud.Api"}
[03:43:11 INF] Acquiring database mutex for worker 5188... {"SourceContext": "Infrastructure.Services.DatabaseTestService", "Application": "Crud.Api"}
[03:43:11 INF] Database mutex acquired for worker 5188 {"SourceContext": "Infrastructure.Services.DatabaseTestService", "Application": "Crud.Api"}
[03:43:11 INF] Current database state - CanConnect: True {"SourceContext": "Infrastructure.Services.DatabaseTestService", "Application": "Crud.Api"}
[03:43:11 INF] [Phase 0] Closing database connection for worker 5188... {"SourceContext": "Infrastructure.Services.DatabaseTestService", "Application": "Crud.Api"}
[03:43:11 INF] [Phase 0] Connection closed in 0.0006ms {"SourceContext": "Infrastructure.Services.DatabaseTestService", "Application": "Crud.Api"}
[03:43:11 INF] [Phase 1] Starting EnsureDeletedAsync for worker 5188... {"SourceContext": "Infrastructure.Services.DatabaseTestService", "Application": "Crud.Api"}
[03:43:11 INF] [Phase 1] EnsureDeletedAsync completed in 2.0171ms {"SourceContext": "Infrastructure.Services.DatabaseTestService", "Application": "Crud.Api"}
[03:43:11 INF] [Phase 2] Starting EnsureCreatedAsync for worker 5188... {"SourceContext": "Infrastructure.Services.DatabaseTestService", "Application": "Crud.Api"}
[03:43:11 INF] [Phase 2] EnsureCreatedAsync completed in 9.0247ms {"SourceContext": "Infrastructure.Services.DatabaseTestService", "Application": "Crud.Api"}
[03:43:11 INF] [Phase 3] Skipping database seeding as requested for worker 5188 {"SourceContext": "Infrastructure.Services.DatabaseTestService", "Application": "Crud.Api"}
[03:43:11 INF] Database reset via file deletion completed for worker 5188 in 112.4826ms (Close: 0.0006ms, Delete: 2.0171ms, Create: 9.0247ms) {"SourceContext": "Infrastructure.Services.DatabaseTestService", "Application": "Crud.Api"}
[03:43:11 INF] Releasing database mutex for worker 5188 {"SourceContext": "Infrastructure.Services.DatabaseTestService", "Application": "Crud.Api"}
[03:43:11 WRN] Failed to determine the https port for redirect. {"EventId": {"Id": 3, "Name": "FailedToDeterminePort"}, "SourceContext": "Microsoft.AspNetCore.HttpsPolicy.HttpsRedirectionMiddleware", "RequestId": "0HNFGSKFKDJK9", "RequestPath": "/api/auth/register", "Application": "Crud.Api"}
[03:43:12 INF] User registered successfully: 45ddd870-04e3-42a9-aacb-fb88d0677eb4 {"SourceContext": "App.Features.Authentication.RegisterUserCommandHandler", "ActionId": "d0a7eb3d-18d5-4dda-b803-aa71866203fc", "ActionName": "Api.Controllers.AuthController.Register (Api)", "RequestId": "0HNFGSKFKDJK9", "RequestPath": "/api/auth/register", "Application": "Crud.Api"}
Activity.TraceId:            3f5df1b46206872fddbbb7b07cd96964
Activity.SpanId:             f6c7a9a5bfd5f332
Activity.TraceFlags:         Recorded
Activity.ActivitySourceName: Microsoft.AspNetCore
Activity.DisplayName:        POST api/Auth/register
Activity.Kind:               Server
Activity.StartTime:          2025-09-11T03:43:11.8225571Z
Activity.Duration:           00:00:00.3059762
Activity.Tags:
    server.address: localhost
    http.request.method: POST
    url.scheme: http
    url.path: /api/auth/register
    network.protocol.version: 1.1
    http.route: api/Auth/register
    http.response.status_code: 200
Resource associated with Activity:
    deployment.environment: Testing
    service.name: Crud.Api
    service.version: 1.0.0
    service.instance.id: a483e3f3-32ea-4a50-a508-2cd77b6b2522
    telemetry.sdk.name: opentelemetry
    telemetry.sdk.language: dotnet
    telemetry.sdk.version: 1.8.1
[03:43:12 INF] User logged in successfully: 45ddd870-04e3-42a9-aacb-fb88d0677eb4 {"SourceContext": "App.Features.Authentication.LoginCommandHandler", "ActionId": "754a2af5-5f83-42ab-893d-489568c4fa66", "ActionName": "Api.Controllers.AuthController.Login (Api)", "RequestId": "0HNFGSKFKDJKA", "RequestPath": "/api/auth/login", "Application": "Crud.Api"}
Activity.TraceId:            94839bd2ac506c6513378c0837a31908
Activity.SpanId:             0e9bd38ee88df9d6
Activity.TraceFlags:         Recorded
Activity.ActivitySourceName: Microsoft.AspNetCore
Activity.DisplayName:        POST api/Auth/login
Activity.Kind:               Server
Activity.StartTime:          2025-09-11T03:43:12.1305942Z
Activity.Duration:           00:00:00.3051838
Activity.Tags:
    server.address: localhost
    http.request.method: POST
    url.scheme: http
    url.path: /api/auth/login
    network.protocol.version: 1.1
    http.route: api/Auth/login
    http.response.status_code: 200
Resource associated with Activity:
    deployment.environment: Testing
    service.name: Crud.Api
    service.version: 1.0.0
    service.instance.id: a483e3f3-32ea-4a50-a508-2cd77b6b2522
    telemetry.sdk.name: opentelemetry
    telemetry.sdk.language: dotnet
    telemetry.sdk.version: 1.8.1
[03:43:12 DBG] Cache miss for key: name:role:admin {"SourceContext": "Infrastructure.Services.Caching.InMemoryCacheService", "ActionId": "993ff515-a5b2-4425-a5d4-33ad6826e647", "ActionName": "Api.Controllers.RolesController.Create (Api)", "RequestId": "0HNFGSKFKDJKB", "RequestPath": "/api/roles", "Application": "Crud.Api"}
[03:43:12 DBG] Removed cache value for key: entity:role:5999967a1f324dd79bf8961f92a4557c {"SourceContext": "Infrastructure.Services.Caching.InMemoryCacheService", "ActionId": "993ff515-a5b2-4425-a5d4-33ad6826e647", "ActionName": "Api.Controllers.RolesController.Create (Api)", "RequestId": "0HNFGSKFKDJKB", "RequestPath": "/api/roles", "Application": "Crud.Api"}
[03:43:12 DBG] Removed cache value for key: list:role {"SourceContext": "Infrastructure.Services.Caching.InMemoryCacheService", "ActionId": "993ff515-a5b2-4425-a5d4-33ad6826e647", "ActionName": "Api.Controllers.RolesController.Create (Api)", "RequestId": "0HNFGSKFKDJKB", "RequestPath": "/api/roles", "Application": "Crud.Api"}
[03:43:12 DBG] Invalidating cache for entity type: roles with tag: roles {"SourceContext": "Api.Services.OutputCacheInvalidationService", "ActionId": "993ff515-a5b2-4425-a5d4-33ad6826e647", "ActionName": "Api.Controllers.RolesController.Create (Api)", "RequestId": "0HNFGSKFKDJKB", "RequestPath": "/api/roles", "Application": "Crud.Api"}
[03:43:12 INF] Successfully invalidated cache for entity type: roles {"SourceContext": "Api.Services.OutputCacheInvalidationService", "ActionId": "993ff515-a5b2-4425-a5d4-33ad6826e647", "ActionName": "Api.Controllers.RolesController.Create (Api)", "RequestId": "0HNFGSKFKDJKB", "RequestPath": "/api/roles", "Application": "Crud.Api"}
Activity.TraceId:            7c3d0803d1ab91a3b5ff704d5a687760
Activity.SpanId:             5a13ef211466d090
Activity.TraceFlags:         Recorded
Activity.ActivitySourceName: Microsoft.AspNetCore
Activity.DisplayName:        POST api/Roles
Activity.Kind:               Server
Activity.StartTime:          2025-09-11T03:43:12.4365612Z
Activity.Duration:           00:00:00.0198615
Activity.Tags:
    server.address: localhost
    http.request.method: POST
    url.scheme: http
    url.path: /api/roles
    network.protocol.version: 1.1
    http.route: api/Roles
    http.response.status_code: 201
Resource associated with Activity:
    deployment.environment: Testing
    service.name: Crud.Api
    service.version: 1.0.0
    service.instance.id: a483e3f3-32ea-4a50-a508-2cd77b6b2522
    telemetry.sdk.name: opentelemetry
    telemetry.sdk.language: dotnet
    telemetry.sdk.version: 1.8.1
[03:43:12 DBG] Cache miss for key: name:role:user {"SourceContext": "Infrastructure.Services.Caching.InMemoryCacheService", "ActionId": "993ff515-a5b2-4425-a5d4-33ad6826e647", "ActionName": "Api.Controllers.RolesController.Create (Api)", "RequestId": "0HNFGSKFKDJKC", "RequestPath": "/api/roles", "Application": "Crud.Api"}
[03:43:12 DBG] Removed cache value for key: entity:role:ef561052009c43799528fd3c8505c437 {"SourceContext": "Infrastructure.Services.Caching.InMemoryCacheService", "ActionId": "993ff515-a5b2-4425-a5d4-33ad6826e647", "ActionName": "Api.Controllers.RolesController.Create (Api)", "RequestId": "0HNFGSKFKDJKC", "RequestPath": "/api/roles", "Application": "Crud.Api"}
[03:43:12 DBG] Removed cache value for key: list:role {"SourceContext": "Infrastructure.Services.Caching.InMemoryCacheService", "ActionId": "993ff515-a5b2-4425-a5d4-33ad6826e647", "ActionName": "Api.Controllers.RolesController.Create (Api)", "RequestId": "0HNFGSKFKDJKC", "RequestPath": "/api/roles", "Application": "Crud.Api"}
[03:43:12 DBG] Invalidating cache for entity type: roles with tag: roles {"SourceContext": "Api.Services.OutputCacheInvalidationService", "ActionId": "993ff515-a5b2-4425-a5d4-33ad6826e647", "ActionName": "Api.Controllers.RolesController.Create (Api)", "RequestId": "0HNFGSKFKDJKC", "RequestPath": "/api/roles", "Application": "Crud.Api"}
[03:43:12 INF] Successfully invalidated cache for entity type: roles {"SourceContext": "Api.Services.OutputCacheInvalidationService", "ActionId": "993ff515-a5b2-4425-a5d4-33ad6826e647", "ActionName": "Api.Controllers.RolesController.Create (Api)", "RequestId": "0HNFGSKFKDJKC", "RequestPath": "/api/roles", "Application": "Crud.Api"}
Activity.TraceId:            d5dc465789f431dec7415f41888b3abf
Activity.SpanId:             508b78a738602070
Activity.TraceFlags:         Recorded
Activity.ActivitySourceName: Microsoft.AspNetCore
Activity.DisplayName:        POST api/Roles
Activity.Kind:               Server
Activity.StartTime:          2025-09-11T03:43:12.4566395Z
Activity.Duration:           00:00:00.0019024
Activity.Tags:
    server.address: localhost
    http.request.method: POST
    url.scheme: http
    url.path: /api/roles
    network.protocol.version: 1.1
    http.route: api/Roles
    http.response.status_code: 201
Resource associated with Activity:
    deployment.environment: Testing
    service.name: Crud.Api
    service.version: 1.0.0
    service.instance.id: a483e3f3-32ea-4a50-a508-2cd77b6b2522
    telemetry.sdk.name: opentelemetry
    telemetry.sdk.language: dotnet
    telemetry.sdk.version: 1.8.1
[03:43:12 DBG] Cache miss for key: entity:role:5999967a1f324dd79bf8961f92a4557c {"SourceContext": "Infrastructure.Services.Caching.InMemoryCacheService", "ActionId": "5268d0ab-77de-4042-9d89-ba5df6a430f1", "ActionName": "Api.Controllers.PeopleController.Create (Api)", "RequestId": "0HNFGSKFKDJKD", "RequestPath": "/api/people", "Application": "Crud.Api"}
[03:43:12 DBG] Set cache value for key: entity:role:5999967a1f324dd79bf8961f92a4557c {"SourceContext": "Infrastructure.Services.Caching.InMemoryCacheService", "ActionId": "5268d0ab-77de-4042-9d89-ba5df6a430f1", "ActionName": "Api.Controllers.PeopleController.Create (Api)", "RequestId": "0HNFGSKFKDJKD", "RequestPath": "/api/people", "Application": "Crud.Api"}
[03:43:12 DBG] Cache miss for key: entity:role:ef561052009c43799528fd3c8505c437 {"SourceContext": "Infrastructure.Services.Caching.InMemoryCacheService", "ActionId": "5268d0ab-77de-4042-9d89-ba5df6a430f1", "ActionName": "Api.Controllers.PeopleController.Create (Api)", "RequestId": "0HNFGSKFKDJKD", "RequestPath": "/api/people", "Application": "Crud.Api"}
[03:43:12 DBG] Set cache value for key: entity:role:ef561052009c43799528fd3c8505c437 {"SourceContext": "Infrastructure.Services.Caching.InMemoryCacheService", "ActionId": "5268d0ab-77de-4042-9d89-ba5df6a430f1", "ActionName": "Api.Controllers.PeopleController.Create (Api)", "RequestId": "0HNFGSKFKDJKD", "RequestPath": "/api/people", "Application": "Crud.Api"}
[03:43:12 DBG] Removed cache value for key: entity:person:362a1c6daa0c47ed9ab8b3e4ab8b6eba {"SourceContext": "Infrastructure.Services.Caching.InMemoryCacheService", "ActionId": "5268d0ab-77de-4042-9d89-ba5df6a430f1", "ActionName": "Api.Controllers.PeopleController.Create (Api)", "RequestId": "0HNFGSKFKDJKD", "RequestPath": "/api/people", "Application": "Crud.Api"}
[03:43:12 DBG] Removed cache value for key: list:person {"SourceContext": "Infrastructure.Services.Caching.InMemoryCacheService", "ActionId": "5268d0ab-77de-4042-9d89-ba5df6a430f1", "ActionName": "Api.Controllers.PeopleController.Create (Api)", "RequestId": "0HNFGSKFKDJKD", "RequestPath": "/api/people", "Application": "Crud.Api"}
[03:43:12 DBG] Invalidating cache for entity type: people with tag: people {"SourceContext": "Api.Services.OutputCacheInvalidationService", "ActionId": "5268d0ab-77de-4042-9d89-ba5df6a430f1", "ActionName": "Api.Controllers.PeopleController.Create (Api)", "RequestId": "0HNFGSKFKDJKD", "RequestPath": "/api/people", "Application": "Crud.Api"}
[03:43:12 INF] Successfully invalidated cache for entity type: people {"SourceContext": "Api.Services.OutputCacheInvalidationService", "ActionId": "5268d0ab-77de-4042-9d89-ba5df6a430f1", "ActionName": "Api.Controllers.PeopleController.Create (Api)", "RequestId": "0HNFGSKFKDJKD", "RequestPath": "/api/people", "Application": "Crud.Api"}
Activity.TraceId:            6a913df60f743b88765b1e027844c557
Activity.SpanId:             8814e1861aa08c24
Activity.TraceFlags:         Recorded
Activity.ActivitySourceName: Microsoft.AspNetCore
Activity.DisplayName:        POST api/People
Activity.Kind:               Server
Activity.StartTime:          2025-09-11T03:43:12.4596923Z
Activity.Duration:           00:00:00.0137626
Activity.Tags:
    server.address: localhost
    http.request.method: POST
    url.scheme: http
    url.path: /api/people
    network.protocol.version: 1.1
    http.route: api/People
    http.response.status_code: 201
Resource associated with Activity:
    deployment.environment: Testing
    service.name: Crud.Api
    service.version: 1.0.0
    service.instance.id: a483e3f3-32ea-4a50-a508-2cd77b6b2522
    telemetry.sdk.name: opentelemetry
    telemetry.sdk.language: dotnet
    telemetry.sdk.version: 1.8.1
[03:43:12 INF] Resetting database for worker 5188 {"SourceContext": "Infrastructure.Services.DatabaseTestService", "Application": "Crud.Api"}
[03:43:12 INF] Resetting database via file deletion for worker 5188 in CI environment {"SourceContext": "Infrastructure.Services.DatabaseTestService", "Application": "Crud.Api"}
[03:43:12 INF] Acquiring database mutex for worker 5188... {"SourceContext": "Infrastructure.Services.DatabaseTestService", "Application": "Crud.Api"}
[03:43:12 INF] Database mutex acquired for worker 5188 {"SourceContext": "Infrastructure.Services.DatabaseTestService", "Application": "Crud.Api"}
[03:43:12 INF] Current database state - CanConnect: True {"SourceContext": "Infrastructure.Services.DatabaseTestService", "Application": "Crud.Api"}
[03:43:12 INF] [Phase 0] Closing database connection for worker 5188... {"SourceContext": "Infrastructure.Services.DatabaseTestService", "Application": "Crud.Api"}
[03:43:12 INF] [Phase 0] Connection closed in 0.0009ms {"SourceContext": "Infrastructure.Services.DatabaseTestService", "Application": "Crud.Api"}
[03:43:12 INF] [Phase 1] Starting EnsureDeletedAsync for worker 5188... {"SourceContext": "Infrastructure.Services.DatabaseTestService", "Application": "Crud.Api"}
[03:43:12 INF] [Phase 1] EnsureDeletedAsync completed in 1.6167ms {"SourceContext": "Infrastructure.Services.DatabaseTestService", "Application": "Crud.Api"}
[03:43:12 INF] [Phase 2] Starting EnsureCreatedAsync for worker 5188... {"SourceContext": "Infrastructure.Services.DatabaseTestService", "Application": "Crud.Api"}
[03:43:12 INF] [Phase 2] EnsureCreatedAsync completed in 8.2768ms {"SourceContext": "Infrastructure.Services.DatabaseTestService", "Application": "Crud.Api"}
[03:43:12 INF] [Phase 3] Skipping database seeding as requested for worker 5188 {"SourceContext": "Infrastructure.Services.DatabaseTestService", "Application": "Crud.Api"}
[03:43:12 INF] Database reset via file deletion completed for worker 5188 in 110.3993ms (Close: 0.0009ms, Delete: 1.6167ms, Create: 8.2768ms) {"SourceContext": "Infrastructure.Services.DatabaseTestService", "Application": "Crud.Api"}
[03:43:12 INF] Releasing database mutex for worker 5188 {"SourceContext": "Infrastructure.Services.DatabaseTestService", "Application": "Crud.Api"}
[03:43:12 INF] Resetting database for worker 5188 {"SourceContext": "Infrastructure.Services.DatabaseTestService", "Application": "Crud.Api"}
[03:43:12 INF] Resetting database via file deletion for worker 5188 in CI environment {"SourceContext": "Infrastructure.Services.DatabaseTestService", "Application": "Crud.Api"}
[03:43:12 INF] Acquiring database mutex for worker 5188... {"SourceContext": "Infrastructure.Services.DatabaseTestService", "Application": "Crud.Api"}
[03:43:12 INF] Database mutex acquired for worker 5188 {"SourceContext": "Infrastructure.Services.DatabaseTestService", "Application": "Crud.Api"}
[03:43:12 INF] Current database state - CanConnect: True {"SourceContext": "Infrastructure.Services.DatabaseTestService", "Application": "Crud.Api"}
[03:43:12 INF] [Phase 0] Closing database connection for worker 5188... {"SourceContext": "Infrastructure.Services.DatabaseTestService", "Application": "Crud.Api"}
[03:43:12 INF] [Phase 0] Connection closed in 0.0007ms {"SourceContext": "Infrastructure.Services.DatabaseTestService", "Application": "Crud.Api"}
[03:43:12 INF] [Phase 1] Starting EnsureDeletedAsync for worker 5188... {"SourceContext": "Infrastructure.Services.DatabaseTestService", "Application": "Crud.Api"}
[03:43:12 INF] [Phase 1] EnsureDeletedAsync completed in 1.3069ms {"SourceContext": "Infrastructure.Services.DatabaseTestService", "Application": "Crud.Api"}
[03:43:12 INF] [Phase 2] Starting EnsureCreatedAsync for worker 5188... {"SourceContext": "Infrastructure.Services.DatabaseTestService", "Application": "Crud.Api"}
[03:43:12 INF] [Phase 2] EnsureCreatedAsync completed in 9.1245ms {"SourceContext": "Infrastructure.Services.DatabaseTestService", "Application": "Crud.Api"}
[03:43:12 INF] [Phase 3] Skipping database seeding as requested for worker 5188 {"SourceContext": "Infrastructure.Services.DatabaseTestService", "Application": "Crud.Api"}
[03:43:12 INF] Database reset via file deletion completed for worker 5188 in 111.2538ms (Close: 0.0007ms, Delete: 1.3069ms, Create: 9.1245ms) {"SourceContext": "Infrastructure.Services.DatabaseTestService", "Application": "Crud.Api"}
[03:43:12 INF] Releasing database mutex for worker 5188 {"SourceContext": "Infrastructure.Services.DatabaseTestService", "Application": "Crud.Api"}
[03:43:13 INF] User registered successfully: 73cab538-0c0b-4bcb-9580-01843e0c200e {"SourceContext": "App.Features.Authentication.RegisterUserCommandHandler", "ActionId": "d0a7eb3d-18d5-4dda-b803-aa71866203fc", "ActionName": "Api.Controllers.AuthController.Register (Api)", "RequestId": "0HNFGSKFKDJKE", "RequestPath": "/api/auth/register", "Application": "Crud.Api"}
Activity.TraceId:            023be346dee517ac67db148d2dc8b7b2
Activity.SpanId:             e11add8cbd881c87
Activity.TraceFlags:         Recorded
Activity.ActivitySourceName: Microsoft.AspNetCore
Activity.DisplayName:        POST api/Auth/register
Activity.Kind:               Server
Activity.StartTime:          2025-09-11T03:43:12.7017838Z
Activity.Duration:           00:00:00.2988217
Activity.Tags:
    server.address: localhost
    http.request.method: POST
    url.scheme: http
    url.path: /api/auth/register
    network.protocol.version: 1.1
    http.route: api/Auth/register
    http.response.status_code: 200
Resource associated with Activity:
    deployment.environment: Testing
    service.name: Crud.Api
    service.version: 1.0.0
    service.instance.id: a483e3f3-32ea-4a50-a508-2cd77b6b2522
    telemetry.sdk.name: opentelemetry
    telemetry.sdk.language: dotnet
    telemetry.sdk.version: 1.8.1
[03:43:13 INF] User logged in successfully: 73cab538-0c0b-4bcb-9580-01843e0c200e {"SourceContext": "App.Features.Authentication.LoginCommandHandler", "ActionId": "754a2af5-5f83-42ab-893d-489568c4fa66", "ActionName": "Api.Controllers.AuthController.Login (Api)", "RequestId": "0HNFGSKFKDJKF", "RequestPath": "/api/auth/login", "Application": "Crud.Api"}
Activity.TraceId:            54bfc476473f689c549002f9f48a309d
Activity.SpanId:             6afe68c9145b85f9
Activity.TraceFlags:         Recorded
Activity.ActivitySourceName: Microsoft.AspNetCore
Activity.DisplayName:        POST api/Auth/login
Activity.Kind:               Server
Activity.StartTime:          2025-09-11T03:43:13.0017686Z
Activity.Duration:           00:00:00.2990505
Activity.Tags:
    server.address: localhost
    http.request.method: POST
    url.scheme: http
    url.path: /api/auth/login
    network.protocol.version: 1.1
    http.route: api/Auth/login
    http.response.status_code: 200
Resource associated with Activity:
    deployment.environment: Testing
    service.name: Crud.Api
    service.version: 1.0.0
    service.instance.id: a483e3f3-32ea-4a50-a508-2cd77b6b2522
    telemetry.sdk.name: opentelemetry
    telemetry.sdk.language: dotnet
    telemetry.sdk.version: 1.8.1
[03:43:13 DBG] Removed cache value for key: entity:person:6b0b14a3a60947bba51e5365c151aa47 {"SourceContext": "Infrastructure.Services.Caching.InMemoryCacheService", "ActionId": "5268d0ab-77de-4042-9d89-ba5df6a430f1", "ActionName": "Api.Controllers.PeopleController.Create (Api)", "RequestId": "0HNFGSKFKDJKG", "RequestPath": "/api/people", "Application": "Crud.Api"}
[03:43:13 DBG] Removed cache value for key: list:person {"SourceContext": "Infrastructure.Services.Caching.InMemoryCacheService", "ActionId": "5268d0ab-77de-4042-9d89-ba5df6a430f1", "ActionName": "Api.Controllers.PeopleController.Create (Api)", "RequestId": "0HNFGSKFKDJKG", "RequestPath": "/api/people", "Application": "Crud.Api"}
[03:43:13 DBG] Invalidating cache for entity type: people with tag: people {"SourceContext": "Api.Services.OutputCacheInvalidationService", "ActionId": "5268d0ab-77de-4042-9d89-ba5df6a430f1", "ActionName": "Api.Controllers.PeopleController.Create (Api)", "RequestId": "0HNFGSKFKDJKG", "RequestPath": "/api/people", "Application": "Crud.Api"}
[03:43:13 INF] Successfully invalidated cache for entity type: people {"SourceContext": "Api.Services.OutputCacheInvalidationService", "ActionId": "5268d0ab-77de-4042-9d89-ba5df6a430f1", "ActionName": "Api.Controllers.PeopleController.Create (Api)", "RequestId": "0HNFGSKFKDJKG", "RequestPath": "/api/people", "Application": "Crud.Api"}
Activity.TraceId:            a1cb15f883095b7b3dae90b57a8842de
Activity.SpanId:             c8f04d8bbb9cb881
Activity.TraceFlags:         Recorded
Activity.ActivitySourceName: Microsoft.AspNetCore
Activity.DisplayName:        POST api/People
Activity.Kind:               Server
Activity.StartTime:          2025-09-11T03:43:13.3018496Z
Activity.Duration:           00:00:00.0016930
Activity.Tags:
    server.address: localhost
    http.request.method: POST
    url.scheme: http
    url.path: /api/people
    network.protocol.version: 1.1
    http.route: api/People
    http.response.status_code: 201
Resource associated with Activity:
    deployment.environment: Testing
    service.name: Crud.Api
    service.version: 1.0.0
    service.instance.id: a483e3f3-32ea-4a50-a508-2cd77b6b2522
    telemetry.sdk.name: opentelemetry
    telemetry.sdk.language: dotnet
    telemetry.sdk.version: 1.8.1
[03:43:13 INF] Resetting database for worker 5188 {"SourceContext": "Infrastructure.Services.DatabaseTestService", "Application": "Crud.Api"}
[03:43:13 INF] Resetting database via file deletion for worker 5188 in CI environment {"SourceContext": "Infrastructure.Services.DatabaseTestService", "Application": "Crud.Api"}
[03:43:13 INF] Acquiring database mutex for worker 5188... {"SourceContext": "Infrastructure.Services.DatabaseTestService", "Application": "Crud.Api"}
[03:43:13 INF] Database mutex acquired for worker 5188 {"SourceContext": "Infrastructure.Services.DatabaseTestService", "Application": "Crud.Api"}
[03:43:13 INF] Current database state - CanConnect: True {"SourceContext": "Infrastructure.Services.DatabaseTestService", "Application": "Crud.Api"}
[03:43:13 INF] [Phase 0] Closing database connection for worker 5188... {"SourceContext": "Infrastructure.Services.DatabaseTestService", "Application": "Crud.Api"}
[03:43:13 INF] [Phase 0] Connection closed in 0.0006ms {"SourceContext": "Infrastructure.Services.DatabaseTestService", "Application": "Crud.Api"}
[03:43:13 INF] [Phase 1] Starting EnsureDeletedAsync for worker 5188... {"SourceContext": "Infrastructure.Services.DatabaseTestService", "Application": "Crud.Api"}
[03:43:13 INF] [Phase 1] EnsureDeletedAsync completed in 1.4344ms {"SourceContext": "Infrastructure.Services.DatabaseTestService", "Application": "Crud.Api"}
[03:43:13 INF] [Phase 2] Starting EnsureCreatedAsync for worker 5188... {"SourceContext": "Infrastructure.Services.DatabaseTestService", "Application": "Crud.Api"}
[03:43:13 INF] [Phase 2] EnsureCreatedAsync completed in 7.8275ms {"SourceContext": "Infrastructure.Services.DatabaseTestService", "Application": "Crud.Api"}
[03:43:13 INF] [Phase 3] Skipping database seeding as requested for worker 5188 {"SourceContext": "Infrastructure.Services.DatabaseTestService", "Application": "Crud.Api"}
[03:43:13 INF] Database reset via file deletion completed for worker 5188 in 109.7886ms (Close: 0.0006ms, Delete: 1.4344ms, Create: 7.8275ms) {"SourceContext": "Infrastructure.Services.DatabaseTestService", "Application": "Crud.Api"}
[03:43:13 INF] Releasing database mutex for worker 5188 {"SourceContext": "Infrastructure.Services.DatabaseTestService", "Application": "Crud.Api"}
[03:43:13 INF] Resetting database for worker 5188 {"SourceContext": "Infrastructure.Services.DatabaseTestService", "Application": "Crud.Api"}
[03:43:13 INF] Resetting database via file deletion for worker 5188 in CI environment {"SourceContext": "Infrastructure.Services.DatabaseTestService", "Application": "Crud.Api"}
[03:43:13 INF] Acquiring database mutex for worker 5188... {"SourceContext": "Infrastructure.Services.DatabaseTestService", "Application": "Crud.Api"}
[03:43:13 INF] Database mutex acquired for worker 5188 {"SourceContext": "Infrastructure.Services.DatabaseTestService", "Application": "Crud.Api"}
[03:43:13 INF] Current database state - CanConnect: True {"SourceContext": "Infrastructure.Services.DatabaseTestService", "Application": "Crud.Api"}
[03:43:13 INF] [Phase 0] Closing database connection for worker 5188... {"SourceContext": "Infrastructure.Services.DatabaseTestService", "Application": "Crud.Api"}
[03:43:13 INF] [Phase 0] Connection closed in 0.0005ms {"SourceContext": "Infrastructure.Services.DatabaseTestService", "Application": "Crud.Api"}
[03:43:13 INF] [Phase 1] Starting EnsureDeletedAsync for worker 5188... {"SourceContext": "Infrastructure.Services.DatabaseTestService", "Application": "Crud.Api"}
[03:43:13 INF] [Phase 1] EnsureDeletedAsync completed in 1.393ms {"SourceContext": "Infrastructure.Services.DatabaseTestService", "Application": "Crud.Api"}
[03:43:13 INF] [Phase 2] Starting EnsureCreatedAsync for worker 5188... {"SourceContext": "Infrastructure.Services.DatabaseTestService", "Application": "Crud.Api"}
[03:43:13 INF] [Phase 2] EnsureCreatedAsync completed in 6.7278ms {"SourceContext": "Infrastructure.Services.DatabaseTestService", "Application": "Crud.Api"}
[03:43:13 INF] [Phase 3] Skipping database seeding as requested for worker 5188 {"SourceContext": "Infrastructure.Services.DatabaseTestService", "Application": "Crud.Api"}
[03:43:13 INF] Database reset via file deletion completed for worker 5188 in 108.8111ms (Close: 0.0005ms, Delete: 1.393ms, Create: 6.7278ms) {"SourceContext": "Infrastructure.Services.DatabaseTestService", "Application": "Crud.Api"}
[03:43:13 INF] Releasing database mutex for worker 5188 {"SourceContext": "Infrastructure.Services.DatabaseTestService", "Application": "Crud.Api"}
[03:43:13 INF] User registered successfully: 36d0d49d-6b09-4474-b65a-b8fd6ef7fc4b {"SourceContext": "App.Features.Authentication.RegisterUserCommandHandler", "ActionId": "d0a7eb3d-18d5-4dda-b803-aa71866203fc", "ActionName": "Api.Controllers.AuthController.Register (Api)", "RequestId": "0HNFGSKFKDJKH", "RequestPath": "/api/auth/register", "Application": "Crud.Api"}
Activity.TraceId:            697a88cc4550c4b1b48eb5f5d038a0fa
Activity.SpanId:             0508c73a33085331
Activity.TraceFlags:         Recorded
Activity.ActivitySourceName: Microsoft.AspNetCore
Activity.DisplayName:        POST api/Auth/register
Activity.Kind:               Server
Activity.StartTime:          2025-09-11T03:43:13.5267770Z
Activity.Duration:           00:00:00.3014094
Activity.Tags:
    server.address: localhost
    http.request.method: POST
    url.scheme: http
    url.path: /api/auth/register
    network.protocol.version: 1.1
    http.route: api/Auth/register
    http.response.status_code: 200
Resource associated with Activity:
    deployment.environment: Testing
    service.name: Crud.Api
    service.version: 1.0.0
    service.instance.id: a483e3f3-32ea-4a50-a508-2cd77b6b2522
    telemetry.sdk.name: opentelemetry
    telemetry.sdk.language: dotnet
    telemetry.sdk.version: 1.8.1
[03:43:13 DBG] Cache miss for key: list:person {"SourceContext": "Infrastructure.Services.Caching.InMemoryCacheService", "ActionId": "b794d6ed-2d6a-4edb-aff0-3174bfcc6f78", "ActionName": "Api.Controllers.PeopleController.List (Api)", "RequestId": "0HNFGSKFKDJKI", "RequestPath": "/api/people", "Application": "Crud.Api"}
[03:43:13 DBG] Set cache value for key: list:person {"SourceContext": "Infrastructure.Services.Caching.InMemoryCacheService", "ActionId": "b794d6ed-2d6a-4edb-aff0-3174bfcc6f78", "ActionName": "Api.Controllers.PeopleController.List (Api)", "RequestId": "0HNFGSKFKDJKI", "RequestPath": "/api/people", "Application": "Crud.Api"}
Activity.TraceId:            476e39aeafcb1a479b2a3e42c137121e
Activity.SpanId:             1095a9ce66847173
Activity.TraceFlags:         Recorded
Activity.ActivitySourceName: Microsoft.AspNetCore
Activity.DisplayName:        GET api/People
Activity.Kind:               Server
Activity.StartTime:          2025-09-11T03:43:13.8292645Z
Activity.Duration:           00:00:00.0072303
Activity.Tags:
    server.address: localhost
    http.request.method: GET
    url.scheme: http
    url.path: /api/people
    network.protocol.version: 1.1
    http.route: api/People
    http.response.status_code: 200
Resource associated with Activity:
    deployment.environment: Testing
    service.name: Crud.Api
    service.version: 1.0.0
    service.instance.id: a483e3f3-32ea-4a50-a508-2cd77b6b2522
    telemetry.sdk.name: opentelemetry
    telemetry.sdk.language: dotnet
    telemetry.sdk.version: 1.8.1
[03:43:13 INF] Resetting database for worker 5188 {"SourceContext": "Infrastructure.Services.DatabaseTestService", "Application": "Crud.Api"}
[03:43:13 INF] Resetting database via file deletion for worker 5188 in CI environment {"SourceContext": "Infrastructure.Services.DatabaseTestService", "Application": "Crud.Api"}
[03:43:13 INF] Acquiring database mutex for worker 5188... {"SourceContext": "Infrastructure.Services.DatabaseTestService", "Application": "Crud.Api"}
[03:43:13 INF] Database mutex acquired for worker 5188 {"SourceContext": "Infrastructure.Services.DatabaseTestService", "Application": "Crud.Api"}
[03:43:13 INF] Current database state - CanConnect: True {"SourceContext": "Infrastructure.Services.DatabaseTestService", "Application": "Crud.Api"}
[03:43:13 INF] [Phase 0] Closing database connection for worker 5188... {"SourceContext": "Infrastructure.Services.DatabaseTestService", "Application": "Crud.Api"}
[03:43:13 INF] [Phase 0] Connection closed in 0.0008ms {"SourceContext": "Infrastructure.Services.DatabaseTestService", "Application": "Crud.Api"}
[03:43:13 INF] [Phase 1] Starting EnsureDeletedAsync for worker 5188... {"SourceContext": "Infrastructure.Services.DatabaseTestService", "Application": "Crud.Api"}
[03:43:13 INF] [Phase 1] EnsureDeletedAsync completed in 1.364ms {"SourceContext": "Infrastructure.Services.DatabaseTestService", "Application": "Crud.Api"}
[03:43:13 INF] [Phase 2] Starting EnsureCreatedAsync for worker 5188... {"SourceContext": "Infrastructure.Services.DatabaseTestService", "Application": "Crud.Api"}
[03:43:13 INF] [Phase 2] EnsureCreatedAsync completed in 11.1109ms {"SourceContext": "Infrastructure.Services.DatabaseTestService", "Application": "Crud.Api"}
[03:43:13 INF] [Phase 3] Skipping database seeding as requested for worker 5188 {"SourceContext": "Infrastructure.Services.DatabaseTestService", "Application": "Crud.Api"}
[03:43:13 INF] Database reset via file deletion completed for worker 5188 in 113.463ms (Close: 0.0008ms, Delete: 1.364ms, Create: 11.1109ms) {"SourceContext": "Infrastructure.Services.DatabaseTestService", "Application": "Crud.Api"}
[03:43:13 INF] Releasing database mutex for worker 5188 {"SourceContext": "Infrastructure.Services.DatabaseTestService", "Application": "Crud.Api"}
[03:43:13 INF] Resetting database for worker 5188 {"SourceContext": "Infrastructure.Services.DatabaseTestService", "Application": "Crud.Api"}
[03:43:13 INF] Resetting database via file deletion for worker 5188 in CI environment {"SourceContext": "Infrastructure.Services.DatabaseTestService", "Application": "Crud.Api"}
[03:43:13 INF] Acquiring database mutex for worker 5188... {"SourceContext": "Infrastructure.Services.DatabaseTestService", "Application": "Crud.Api"}
[03:43:13 INF] Database mutex acquired for worker 5188 {"SourceContext": "Infrastructure.Services.DatabaseTestService", "Application": "Crud.Api"}
[03:43:13 INF] Current database state - CanConnect: True {"SourceContext": "Infrastructure.Services.DatabaseTestService", "Application": "Crud.Api"}
[03:43:13 INF] [Phase 0] Closing database connection for worker 5188... {"SourceContext": "Infrastructure.Services.DatabaseTestService", "Application": "Crud.Api"}
[03:43:13 INF] [Phase 0] Connection closed in 0.0007ms {"SourceContext": "Infrastructure.Services.DatabaseTestService", "Application": "Crud.Api"}
[03:43:13 INF] [Phase 1] Starting EnsureDeletedAsync for worker 5188... {"SourceContext": "Infrastructure.Services.DatabaseTestService", "Application": "Crud.Api"}
[03:43:13 INF] [Phase 1] EnsureDeletedAsync completed in 1.384ms {"SourceContext": "Infrastructure.Services.DatabaseTestService", "Application": "Crud.Api"}
[03:43:14 INF] [Phase 2] Starting EnsureCreatedAsync for worker 5188... {"SourceContext": "Infrastructure.Services.DatabaseTestService", "Application": "Crud.Api"}
[03:43:14 INF] [Phase 2] EnsureCreatedAsync completed in 7.6553ms {"SourceContext": "Infrastructure.Services.DatabaseTestService", "Application": "Crud.Api"}
[03:43:14 INF] [Phase 3] Skipping database seeding as requested for worker 5188 {"SourceContext": "Infrastructure.Services.DatabaseTestService", "Application": "Crud.Api"}
[03:43:14 INF] Database reset via file deletion completed for worker 5188 in 109.8294ms (Close: 0.0007ms, Delete: 1.384ms, Create: 7.6553ms) {"SourceContext": "Infrastructure.Services.DatabaseTestService", "Application": "Crud.Api"}
[03:43:14 INF] Releasing database mutex for worker 5188 {"SourceContext": "Infrastructure.Services.DatabaseTestService", "Application": "Crud.Api"}
[03:43:14 INF] User registered successfully: 3a54132a-f8c1-4876-842f-7ed4222c1ac9 {"SourceContext": "App.Features.Authentication.RegisterUserCommandHandler", "ActionId": "d0a7eb3d-18d5-4dda-b803-aa71866203fc", "ActionName": "Api.Controllers.AuthController.Register (Api)", "RequestId": "0HNFGSKFKDJKJ", "RequestPath": "/api/auth/register", "Application": "Crud.Api"}
Activity.TraceId:            4c347a13d666f0d8bbe66012bddd39d9
Activity.SpanId:             067b7e4f1dd51fe4
Activity.TraceFlags:         Recorded
Activity.ActivitySourceName: Microsoft.AspNetCore
Activity.DisplayName:        POST api/Auth/register
Activity.Kind:               Server
Activity.StartTime:          2025-09-11T03:43:14.0642175Z
Activity.Duration:           00:00:00.3007374
Activity.Tags:
    server.address: localhost
    http.request.method: POST
    url.scheme: http
    url.path: /api/auth/register
    network.protocol.version: 1.1
    http.route: api/Auth/register
    http.response.status_code: 200
Resource associated with Activity:
    deployment.environment: Testing
    service.name: Crud.Api
    service.version: 1.0.0
    service.instance.id: a483e3f3-32ea-4a50-a508-2cd77b6b2522
    telemetry.sdk.name: opentelemetry
    telemetry.sdk.language: dotnet
    telemetry.sdk.version: 1.8.1
[03:43:14 INF] User logged in successfully: 3a54132a-f8c1-4876-842f-7ed4222c1ac9 {"SourceContext": "App.Features.Authentication.LoginCommandHandler", "ActionId": "754a2af5-5f83-42ab-893d-489568c4fa66", "ActionName": "Api.Controllers.AuthController.Login (Api)", "RequestId": "0HNFGSKFKDJKK", "RequestPath": "/api/auth/login", "Application": "Crud.Api"}
Activity.TraceId:            092b28ca7eaebcd22687705a419009dc
Activity.SpanId:             5aff39c15e11e594
Activity.TraceFlags:         Recorded
Activity.ActivitySourceName: Microsoft.AspNetCore
Activity.DisplayName:        POST api/Auth/login
Activity.Kind:               Server
Activity.StartTime:          2025-09-11T03:43:14.3658853Z
Activity.Duration:           00:00:00.3019914
Activity.Tags:
    server.address: localhost
    http.request.method: POST
    url.scheme: http
    url.path: /api/auth/login
    network.protocol.version: 1.1
    http.route: api/Auth/login
    http.response.status_code: 200
Resource associated with Activity:
    deployment.environment: Testing
    service.name: Crud.Api
    service.version: 1.0.0
    service.instance.id: a483e3f3-32ea-4a50-a508-2cd77b6b2522
    telemetry.sdk.name: opentelemetry
    telemetry.sdk.language: dotnet
    telemetry.sdk.version: 1.8.1
Activity.TraceId:            6ee3ce49c162c05d5964173977151d5a
Activity.SpanId:             13b1df90feb86d05
Activity.TraceFlags:         Recorded
Activity.ActivitySourceName: Microsoft.AspNetCore
Activity.DisplayName:        POST api/People
Activity.Kind:               Server
Activity.StartTime:          2025-09-11T03:43:14.6689088Z
Activity.Duration:           00:00:00.0021948
Activity.Tags:
    server.address: localhost
    http.request.method: POST
    url.scheme: http
    url.path: /api/people
    network.protocol.version: 1.1
    http.route: api/People
    http.response.status_code: 400
Resource associated with Activity:
    deployment.environment: Testing
    service.name: Crud.Api
    service.version: 1.0.0
    service.instance.id: a483e3f3-32ea-4a50-a508-2cd77b6b2522
    telemetry.sdk.name: opentelemetry
    telemetry.sdk.language: dotnet
    telemetry.sdk.version: 1.8.1
[03:43:14 INF] Resetting database for worker 5188 {"SourceContext": "Infrastructure.Services.DatabaseTestService", "Application": "Crud.Api"}
[03:43:14 INF] Resetting database via file deletion for worker 5188 in CI environment {"SourceContext": "Infrastructure.Services.DatabaseTestService", "Application": "Crud.Api"}
[03:43:14 INF] Acquiring database mutex for worker 5188... {"SourceContext": "Infrastructure.Services.DatabaseTestService", "Application": "Crud.Api"}
[03:43:14 INF] Database mutex acquired for worker 5188 {"SourceContext": "Infrastructure.Services.DatabaseTestService", "Application": "Crud.Api"}
[03:43:14 INF] Current database state - CanConnect: True {"SourceContext": "Infrastructure.Services.DatabaseTestService", "Application": "Crud.Api"}
[03:43:14 INF] [Phase 0] Closing database connection for worker 5188... {"SourceContext": "Infrastructure.Services.DatabaseTestService", "Application": "Crud.Api"}
[03:43:14 INF] [Phase 0] Connection closed in 0.0008ms {"SourceContext": "Infrastructure.Services.DatabaseTestService", "Application": "Crud.Api"}
[03:43:14 INF] [Phase 1] Starting EnsureDeletedAsync for worker 5188... {"SourceContext": "Infrastructure.Services.DatabaseTestService", "Application": "Crud.Api"}
[03:43:14 INF] [Phase 1] EnsureDeletedAsync completed in 1.6764ms {"SourceContext": "Infrastructure.Services.DatabaseTestService", "Application": "Crud.Api"}
[03:43:14 INF] [Phase 2] Starting EnsureCreatedAsync for worker 5188... {"SourceContext": "Infrastructure.Services.DatabaseTestService", "Application": "Crud.Api"}
[03:43:14 INF] [Phase 2] EnsureCreatedAsync completed in 7.8254ms {"SourceContext": "Infrastructure.Services.DatabaseTestService", "Application": "Crud.Api"}
[03:43:14 INF] [Phase 3] Skipping database seeding as requested for worker 5188 {"SourceContext": "Infrastructure.Services.DatabaseTestService", "Application": "Crud.Api"}
[03:43:14 INF] Database reset via file deletion completed for worker 5188 in 109.7798ms (Close: 0.0008ms, Delete: 1.6764ms, Create: 7.8254ms) {"SourceContext": "Infrastructure.Services.DatabaseTestService", "Application": "Crud.Api"}
[03:43:14 INF] Releasing database mutex for worker 5188 {"SourceContext": "Infrastructure.Services.DatabaseTestService", "Application": "Crud.Api"}
[03:43:14 INF] Resetting database for worker 5188 {"SourceContext": "Infrastructure.Services.DatabaseTestService", "Application": "Crud.Api"}
[03:43:14 INF] Resetting database via file deletion for worker 5188 in CI environment {"SourceContext": "Infrastructure.Services.DatabaseTestService", "Application": "Crud.Api"}
[03:43:14 INF] Acquiring database mutex for worker 5188... {"SourceContext": "Infrastructure.Services.DatabaseTestService", "Application": "Crud.Api"}
[03:43:14 INF] Database mutex acquired for worker 5188 {"SourceContext": "Infrastructure.Services.DatabaseTestService", "Application": "Crud.Api"}
[03:43:14 INF] Current database state - CanConnect: True {"SourceContext": "Infrastructure.Services.DatabaseTestService", "Application": "Crud.Api"}
[03:43:14 INF] [Phase 0] Closing database connection for worker 5188... {"SourceContext": "Infrastructure.Services.DatabaseTestService", "Application": "Crud.Api"}
[03:43:14 INF] [Phase 0] Connection closed in 0.0006ms {"SourceContext": "Infrastructure.Services.DatabaseTestService", "Application": "Crud.Api"}
[03:43:14 INF] [Phase 1] Starting EnsureDeletedAsync for worker 5188... {"SourceContext": "Infrastructure.Services.DatabaseTestService", "Application": "Crud.Api"}
[03:43:14 INF] [Phase 1] EnsureDeletedAsync completed in 1.2748ms {"SourceContext": "Infrastructure.Services.DatabaseTestService", "Application": "Crud.Api"}
[03:43:14 INF] [Phase 2] Starting EnsureCreatedAsync for worker 5188... {"SourceContext": "Infrastructure.Services.DatabaseTestService", "Application": "Crud.Api"}
[03:43:14 INF] [Phase 2] EnsureCreatedAsync completed in 7.5524ms {"SourceContext": "Infrastructure.Services.DatabaseTestService", "Application": "Crud.Api"}
[03:43:14 INF] [Phase 3] Skipping database seeding as requested for worker 5188 {"SourceContext": "Infrastructure.Services.DatabaseTestService", "Application": "Crud.Api"}
[03:43:14 INF] Database reset via file deletion completed for worker 5188 in 109.2515ms (Close: 0.0006ms, Delete: 1.2748ms, Create: 7.5524ms) {"SourceContext": "Infrastructure.Services.DatabaseTestService", "Application": "Crud.Api"}
[03:43:14 INF] Releasing database mutex for worker 5188 {"SourceContext": "Infrastructure.Services.DatabaseTestService", "Application": "Crud.Api"}
[03:43:15 INF] User registered successfully: ed96fb4b-bda5-4bd7-93ea-a8526ac99ab0 {"SourceContext": "App.Features.Authentication.RegisterUserCommandHandler", "ActionId": "d0a7eb3d-18d5-4dda-b803-aa71866203fc", "ActionName": "Api.Controllers.AuthController.Register (Api)", "RequestId": "0HNFGSKFKDJKM", "RequestPath": "/api/auth/register", "Application": "Crud.Api"}
Activity.TraceId:            cef1e93ff6a70002cd80684c7cc0dde8
Activity.SpanId:             abfae10935aa4ba6
Activity.TraceFlags:         Recorded
Activity.ActivitySourceName: Microsoft.AspNetCore
Activity.DisplayName:        POST api/Auth/register
Activity.Kind:               Server
Activity.StartTime:          2025-09-11T03:43:14.8943574Z
Activity.Duration:           00:00:00.3004322
Activity.Tags:
    server.address: localhost
    http.request.method: POST
    url.scheme: http
    url.path: /api/auth/register
    network.protocol.version: 1.1
    http.route: api/Auth/register
    http.response.status_code: 200
Resource associated with Activity:
    deployment.environment: Testing
    service.name: Crud.Api
    service.version: 1.0.0
    service.instance.id: a483e3f3-32ea-4a50-a508-2cd77b6b2522
    telemetry.sdk.name: opentelemetry
    telemetry.sdk.language: dotnet
    telemetry.sdk.version: 1.8.1
[03:43:15 INF] User logged in successfully: ed96fb4b-bda5-4bd7-93ea-a8526ac99ab0 {"SourceContext": "App.Features.Authentication.LoginCommandHandler", "ActionId": "754a2af5-5f83-42ab-893d-489568c4fa66", "ActionName": "Api.Controllers.AuthController.Login (Api)", "RequestId": "0HNFGSKFKDJKN", "RequestPath": "/api/auth/login", "Application": "Crud.Api"}
Activity.TraceId:            123ced09336d315d1a6222d65c6cc4c6
Activity.SpanId:             aff8ba7cf62f709e
Activity.TraceFlags:         Recorded
Activity.ActivitySourceName: Microsoft.AspNetCore
Activity.DisplayName:        POST api/Auth/login
Activity.Kind:               Server
Activity.StartTime:          2025-09-11T03:43:15.1959851Z
Activity.Duration:           00:00:00.3005178
Activity.Tags:
    server.address: localhost
    http.request.method: POST
    url.scheme: http
    url.path: /api/auth/login
    network.protocol.version: 1.1
    http.route: api/Auth/login
    http.response.status_code: 200
Resource associated with Activity:
    deployment.environment: Testing
    service.name: Crud.Api
    service.version: 1.0.0
    service.instance.id: a483e3f3-32ea-4a50-a508-2cd77b6b2522
    telemetry.sdk.name: opentelemetry
    telemetry.sdk.language: dotnet
    telemetry.sdk.version: 1.8.1
[03:43:15 DBG] Removed cache value for key: entity:person:3ec29ccecdfa4d8599a6d40b324c9e0f {"SourceContext": "Infrastructure.Services.Caching.InMemoryCacheService", "ActionId": "5268d0ab-77de-4042-9d89-ba5df6a430f1", "ActionName": "Api.Controllers.PeopleController.Create (Api)", "RequestId": "0HNFGSKFKDJKO", "RequestPath": "/api/people", "Application": "Crud.Api"}
[03:43:15 DBG] Removed cache value for key: list:person {"SourceContext": "Infrastructure.Services.Caching.InMemoryCacheService", "ActionId": "5268d0ab-77de-4042-9d89-ba5df6a430f1", "ActionName": "Api.Controllers.PeopleController.Create (Api)", "RequestId": "0HNFGSKFKDJKO", "RequestPath": "/api/people", "Application": "Crud.Api"}
[03:43:15 DBG] Invalidating cache for entity type: people with tag: people {"SourceContext": "Api.Services.OutputCacheInvalidationService", "ActionId": "5268d0ab-77de-4042-9d89-ba5df6a430f1", "ActionName": "Api.Controllers.PeopleController.Create (Api)", "RequestId": "0HNFGSKFKDJKO", "RequestPath": "/api/people", "Application": "Crud.Api"}
[03:43:15 INF] Successfully invalidated cache for entity type: people {"SourceContext": "Api.Services.OutputCacheInvalidationService", "ActionId": "5268d0ab-77de-4042-9d89-ba5df6a430f1", "ActionName": "Api.Controllers.PeopleController.Create (Api)", "RequestId": "0HNFGSKFKDJKO", "RequestPath": "/api/people", "Application": "Crud.Api"}
Activity.TraceId:            c77c289213ed6743166061081236f61d
Activity.SpanId:             d30c1514d5a20bb0
Activity.TraceFlags:         Recorded
Activity.ActivitySourceName: Microsoft.AspNetCore
Activity.DisplayName:        POST api/People
Activity.Kind:               Server
Activity.StartTime:          2025-09-11T03:43:15.4976981Z
Activity.Duration:           00:00:00.0040019
Activity.Tags:
    server.address: localhost
    http.request.method: POST
    url.scheme: http
    url.path: /api/people
    network.protocol.version: 1.1
    http.route: api/People
    http.response.status_code: 201
Resource associated with Activity:
    deployment.environment: Testing
    service.name: Crud.Api
    service.version: 1.0.0
    service.instance.id: a483e3f3-32ea-4a50-a508-2cd77b6b2522
    telemetry.sdk.name: opentelemetry
    telemetry.sdk.language: dotnet
    telemetry.sdk.version: 1.8.1
[03:43:15 DBG] Cache miss for key: entity:person:3ec29ccecdfa4d8599a6d40b324c9e0f {"SourceContext": "Infrastructure.Services.Caching.InMemoryCacheService", "ActionId": "7868c9f7-0777-48e2-954b-1420854695ab", "ActionName": "Api.Controllers.PeopleController.Update (Api)", "RequestId": "0HNFGSKFKDJKP", "RequestPath": "/api/people/3ec29cce-cdfa-4d85-99a6-d40b324c9e0f", "Application": "Crud.Api"}
[03:43:15 DBG] Set cache value for key: entity:person:3ec29ccecdfa4d8599a6d40b324c9e0f {"SourceContext": "Infrastructure.Services.Caching.InMemoryCacheService", "ActionId": "7868c9f7-0777-48e2-954b-1420854695ab", "ActionName": "Api.Controllers.PeopleController.Update (Api)", "RequestId": "0HNFGSKFKDJKP", "RequestPath": "/api/people/3ec29cce-cdfa-4d85-99a6-d40b324c9e0f", "Application": "Crud.Api"}
[03:43:15 DBG] Removed cache value for key: entity:person:3ec29ccecdfa4d8599a6d40b324c9e0f {"SourceContext": "Infrastructure.Services.Caching.InMemoryCacheService", "ActionId": "7868c9f7-0777-48e2-954b-1420854695ab", "ActionName": "Api.Controllers.PeopleController.Update (Api)", "RequestId": "0HNFGSKFKDJKP", "RequestPath": "/api/people/3ec29cce-cdfa-4d85-99a6-d40b324c9e0f", "Application": "Crud.Api"}
[03:43:15 DBG] Removed cache value for key: list:person {"SourceContext": "Infrastructure.Services.Caching.InMemoryCacheService", "ActionId": "7868c9f7-0777-48e2-954b-1420854695ab", "ActionName": "Api.Controllers.PeopleController.Update (Api)", "RequestId": "0HNFGSKFKDJKP", "RequestPath": "/api/people/3ec29cce-cdfa-4d85-99a6-d40b324c9e0f", "Application": "Crud.Api"}
[03:43:15 DBG] Invalidating cache for entity: people/3ec29cce-cdfa-4d85-99a6-d40b324c9e0f with tags: people, people:3ec29cce-cdfa-4d85-99a6-d40b324c9e0f {"SourceContext": "Api.Services.OutputCacheInvalidationService", "ActionId": "7868c9f7-0777-48e2-954b-1420854695ab", "ActionName": "Api.Controllers.PeopleController.Update (Api)", "RequestId": "0HNFGSKFKDJKP", "RequestPath": "/api/people/3ec29cce-cdfa-4d85-99a6-d40b324c9e0f", "Application": "Crud.Api"}
[03:43:15 DBG] Successfully invalidated cache for tag: people {"SourceContext": "Api.Services.OutputCacheInvalidationService", "ActionId": "7868c9f7-0777-48e2-954b-1420854695ab", "ActionName": "Api.Controllers.PeopleController.Update (Api)", "RequestId": "0HNFGSKFKDJKP", "RequestPath": "/api/people/3ec29cce-cdfa-4d85-99a6-d40b324c9e0f", "Application": "Crud.Api"}
[03:43:15 DBG] Successfully invalidated cache for tag: people:3ec29cce-cdfa-4d85-99a6-d40b324c9e0f {"SourceContext": "Api.Services.OutputCacheInvalidationService", "ActionId": "7868c9f7-0777-48e2-954b-1420854695ab", "ActionName": "Api.Controllers.PeopleController.Update (Api)", "RequestId": "0HNFGSKFKDJKP", "RequestPath": "/api/people/3ec29cce-cdfa-4d85-99a6-d40b324c9e0f", "Application": "Crud.Api"}
Activity.TraceId:            ecc03db27f28666b4fff02124bf3e1e7
Activity.SpanId:             676b41975aef0a3e
Activity.TraceFlags:         Recorded
Activity.ActivitySourceName: Microsoft.AspNetCore
Activity.DisplayName:        PUT api/People/{id:guid}
Activity.Kind:               Server
Activity.StartTime:          2025-09-11T03:43:15.5021421Z
Activity.Duration:           00:00:00.0067650
Activity.Tags:
    server.address: localhost
    http.request.method: PUT
    url.scheme: http
    url.path: /api/people/3ec29cce-cdfa-4d85-99a6-d40b324c9e0f
    network.protocol.version: 1.1
    http.route: api/People/{id:guid}
    http.response.status_code: 204
Resource associated with Activity:
    deployment.environment: Testing
    service.name: Crud.Api
    service.version: 1.0.0
    service.instance.id: a483e3f3-32ea-4a50-a508-2cd77b6b2522
    telemetry.sdk.name: opentelemetry
    telemetry.sdk.language: dotnet
    telemetry.sdk.version: 1.8.1
[03:43:15 DBG] Cache miss for key: entity:person:3ec29ccecdfa4d8599a6d40b324c9e0f {"SourceContext": "Infrastructure.Services.Caching.InMemoryCacheService", "ActionId": "9394f352-275e-4152-a88d-e42fa3a8f2cb", "ActionName": "Api.Controllers.PeopleController.Get (Api)", "RequestId": "0HNFGSKFKDJKQ", "RequestPath": "/api/people/3ec29cce-cdfa-4d85-99a6-d40b324c9e0f", "Application": "Crud.Api"}
[03:43:15 DBG] Set cache value for key: entity:person:3ec29ccecdfa4d8599a6d40b324c9e0f {"SourceContext": "Infrastructure.Services.Caching.InMemoryCacheService", "ActionId": "9394f352-275e-4152-a88d-e42fa3a8f2cb", "ActionName": "Api.Controllers.PeopleController.Get (Api)", "RequestId": "0HNFGSKFKDJKQ", "RequestPath": "/api/people/3ec29cce-cdfa-4d85-99a6-d40b324c9e0f", "Application": "Crud.Api"}
Activity.TraceId:            5ecabe9ac2bca45b3fb8616f83354fbb
Activity.SpanId:             30a117dc11a02832
Activity.TraceFlags:         Recorded
Activity.ActivitySourceName: Microsoft.AspNetCore
Activity.DisplayName:        GET api/People/{id:guid}
Activity.Kind:               Server
Activity.StartTime:          2025-09-11T03:43:15.5090263Z
Activity.Duration:           00:00:00.0033318
Activity.Tags:
    server.address: localhost
    http.request.method: GET
    url.scheme: http
    url.path: /api/people/3ec29cce-cdfa-4d85-99a6-d40b324c9e0f
    network.protocol.version: 1.1
    http.route: api/People/{id:guid}
    http.response.status_code: 200
Resource associated with Activity:
    deployment.environment: Testing
    service.name: Crud.Api
    service.version: 1.0.0
    service.instance.id: a483e3f3-32ea-4a50-a508-2cd77b6b2522
    telemetry.sdk.name: opentelemetry
    telemetry.sdk.language: dotnet
    telemetry.sdk.version: 1.8.1
[03:43:15 INF] Resetting database for worker 5188 {"SourceContext": "Infrastructure.Services.DatabaseTestService", "Application": "Crud.Api"}
[03:43:15 INF] Resetting database via file deletion for worker 5188 in CI environment {"SourceContext": "Infrastructure.Services.DatabaseTestService", "Application": "Crud.Api"}
[03:43:15 INF] Acquiring database mutex for worker 5188... {"SourceContext": "Infrastructure.Services.DatabaseTestService", "Application": "Crud.Api"}
[03:43:15 INF] Database mutex acquired for worker 5188 {"SourceContext": "Infrastructure.Services.DatabaseTestService", "Application": "Crud.Api"}
[03:43:15 INF] Current database state - CanConnect: True {"SourceContext": "Infrastructure.Services.DatabaseTestService", "Application": "Crud.Api"}
[03:43:15 INF] [Phase 0] Closing database connection for worker 5188... {"SourceContext": "Infrastructure.Services.DatabaseTestService", "Application": "Crud.Api"}
[03:43:15 INF] [Phase 0] Connection closed in 0.0006ms {"SourceContext": "Infrastructure.Services.DatabaseTestService", "Application": "Crud.Api"}
[03:43:15 INF] [Phase 1] Starting EnsureDeletedAsync for worker 5188... {"SourceContext": "Infrastructure.Services.DatabaseTestService", "Application": "Crud.Api"}
[03:43:15 INF] [Phase 1] EnsureDeletedAsync completed in 1.7264ms {"SourceContext": "Infrastructure.Services.DatabaseTestService", "Application": "Crud.Api"}
[03:43:15 INF] [Phase 2] Starting EnsureCreatedAsync for worker 5188... {"SourceContext": "Infrastructure.Services.DatabaseTestService", "Application": "Crud.Api"}
[03:43:15 INF] [Phase 2] EnsureCreatedAsync completed in 7.7826ms {"SourceContext": "Infrastructure.Services.DatabaseTestService", "Application": "Crud.Api"}
[03:43:15 INF] [Phase 3] Skipping database seeding as requested for worker 5188 {"SourceContext": "Infrastructure.Services.DatabaseTestService", "Application": "Crud.Api"}
[03:43:15 INF] Database reset via file deletion completed for worker 5188 in 110.5112ms (Close: 0.0006ms, Delete: 1.7264ms, Create: 7.7826ms) {"SourceContext": "Infrastructure.Services.DatabaseTestService", "Application": "Crud.Api"}
[03:43:15 INF] Releasing database mutex for worker 5188 {"SourceContext": "Infrastructure.Services.DatabaseTestService", "Application": "Crud.Api"}
[03:43:15 INF] Resetting database for worker 5188 {"SourceContext": "Infrastructure.Services.DatabaseTestService", "Application": "Crud.Api"}
[03:43:15 INF] Resetting database via file deletion for worker 5188 in CI environment {"SourceContext": "Infrastructure.Services.DatabaseTestService", "Application": "Crud.Api"}
[03:43:15 INF] Acquiring database mutex for worker 5188... {"SourceContext": "Infrastructure.Services.DatabaseTestService", "Application": "Crud.Api"}
[03:43:15 INF] Database mutex acquired for worker 5188 {"SourceContext": "Infrastructure.Services.DatabaseTestService", "Application": "Crud.Api"}
[03:43:15 INF] Current database state - CanConnect: True {"SourceContext": "Infrastructure.Services.DatabaseTestService", "Application": "Crud.Api"}
[03:43:15 INF] [Phase 0] Closing database connection for worker 5188... {"SourceContext": "Infrastructure.Services.DatabaseTestService", "Application": "Crud.Api"}
[03:43:15 INF] [Phase 0] Connection closed in 0.0008ms {"SourceContext": "Infrastructure.Services.DatabaseTestService", "Application": "Crud.Api"}
[03:43:15 INF] [Phase 1] Starting EnsureDeletedAsync for worker 5188... {"SourceContext": "Infrastructure.Services.DatabaseTestService", "Application": "Crud.Api"}
[03:43:15 INF] [Phase 1] EnsureDeletedAsync completed in 1.2551ms {"SourceContext": "Infrastructure.Services.DatabaseTestService", "Application": "Crud.Api"}
[03:43:15 INF] [Phase 2] Starting EnsureCreatedAsync for worker 5188... {"SourceContext": "Infrastructure.Services.DatabaseTestService", "Application": "Crud.Api"}
[03:43:15 INF] [Phase 2] EnsureCreatedAsync completed in 10.9446ms {"SourceContext": "Infrastructure.Services.DatabaseTestService", "Application": "Crud.Api"}
[03:43:15 INF] [Phase 3] Skipping database seeding as requested for worker 5188 {"SourceContext": "Infrastructure.Services.DatabaseTestService", "Application": "Crud.Api"}
[03:43:15 INF] Database reset via file deletion completed for worker 5188 in 112.4429ms (Close: 0.0008ms, Delete: 1.2551ms, Create: 10.9446ms) {"SourceContext": "Infrastructure.Services.DatabaseTestService", "Application": "Crud.Api"}
[03:43:15 INF] Releasing database mutex for worker 5188 {"SourceContext": "Infrastructure.Services.DatabaseTestService", "Application": "Crud.Api"}
Activity.TraceId:            252ed48ccfa91d037f152f9e74af5035
Activity.SpanId:             b0f61ff8c60f31c8
Activity.TraceFlags:         Recorded
Activity.ActivitySourceName: Microsoft.AspNetCore
Activity.DisplayName:        GET api/People
Activity.Kind:               Server
Activity.StartTime:          2025-09-11T03:43:15.7389110Z
Activity.Duration:           00:00:00.0002656
Activity.Tags:
    server.address: localhost
    http.request.method: GET
    url.scheme: http
    url.path: /api/people
    network.protocol.version: 1.1
    http.route: api/People
    http.response.status_code: 401
Resource associated with Activity:
    deployment.environment: Testing
    service.name: Crud.Api
    service.version: 1.0.0
    service.instance.id: a483e3f3-32ea-4a50-a508-2cd77b6b2522
    telemetry.sdk.name: opentelemetry
    telemetry.sdk.language: dotnet
    telemetry.sdk.version: 1.8.1
[03:43:15 INF] Resetting database for worker 5188 {"SourceContext": "Infrastructure.Services.DatabaseTestService", "Application": "Crud.Api"}
[03:43:15 INF] Resetting database via file deletion for worker 5188 in CI environment {"SourceContext": "Infrastructure.Services.DatabaseTestService", "Application": "Crud.Api"}
[03:43:15 INF] Acquiring database mutex for worker 5188... {"SourceContext": "Infrastructure.Services.DatabaseTestService", "Application": "Crud.Api"}
[03:43:15 INF] Database mutex acquired for worker 5188 {"SourceContext": "Infrastructure.Services.DatabaseTestService", "Application": "Crud.Api"}
[03:43:15 INF] Current database state - CanConnect: True {"SourceContext": "Infrastructure.Services.DatabaseTestService", "Application": "Crud.Api"}
[03:43:15 INF] [Phase 0] Closing database connection for worker 5188... {"SourceContext": "Infrastructure.Services.DatabaseTestService", "Application": "Crud.Api"}
[03:43:15 INF] [Phase 0] Connection closed in 0.0008ms {"SourceContext": "Infrastructure.Services.DatabaseTestService", "Application": "Crud.Api"}
[03:43:15 INF] [Phase 1] Starting EnsureDeletedAsync for worker 5188... {"SourceContext": "Infrastructure.Services.DatabaseTestService", "Application": "Crud.Api"}
[03:43:15 INF] [Phase 1] EnsureDeletedAsync completed in 1.581ms {"SourceContext": "Infrastructure.Services.DatabaseTestService", "Application": "Crud.Api"}
[03:43:15 INF] [Phase 2] Starting EnsureCreatedAsync for worker 5188... {"SourceContext": "Infrastructure.Services.DatabaseTestService", "Application": "Crud.Api"}
[03:43:15 INF] [Phase 2] EnsureCreatedAsync completed in 7.4678ms {"SourceContext": "Infrastructure.Services.DatabaseTestService", "Application": "Crud.Api"}
[03:43:15 INF] [Phase 3] Skipping database seeding as requested for worker 5188 {"SourceContext": "Infrastructure.Services.DatabaseTestService", "Application": "Crud.Api"}
[03:43:15 INF] Database reset via file deletion completed for worker 5188 in 109.6971ms (Close: 0.0008ms, Delete: 1.581ms, Create: 7.4678ms) {"SourceContext": "Infrastructure.Services.DatabaseTestService", "Application": "Crud.Api"}
[03:43:15 INF] Releasing database mutex for worker 5188 {"SourceContext": "Infrastructure.Services.DatabaseTestService", "Application": "Crud.Api"}
[03:43:15 INF] Resetting database for worker 5188 {"SourceContext": "Infrastructure.Services.DatabaseTestService", "Application": "Crud.Api"}
[03:43:15 INF] Resetting database via file deletion for worker 5188 in CI environment {"SourceContext": "Infrastructure.Services.DatabaseTestService", "Application": "Crud.Api"}
[03:43:15 INF] Acquiring database mutex for worker 5188... {"SourceContext": "Infrastructure.Services.DatabaseTestService", "Application": "Crud.Api"}
[03:43:15 INF] Database mutex acquired for worker 5188 {"SourceContext": "Infrastructure.Services.DatabaseTestService", "Application": "Crud.Api"}
[03:43:15 INF] Current database state - CanConnect: True {"SourceContext": "Infrastructure.Services.DatabaseTestService", "Application": "Crud.Api"}
[03:43:15 INF] [Phase 0] Closing database connection for worker 5188... {"SourceContext": "Infrastructure.Services.DatabaseTestService", "Application": "Crud.Api"}
[03:43:15 INF] [Phase 0] Connection closed in 0.0008ms {"SourceContext": "Infrastructure.Services.DatabaseTestService", "Application": "Crud.Api"}
[03:43:15 INF] [Phase 1] Starting EnsureDeletedAsync for worker 5188... {"SourceContext": "Infrastructure.Services.DatabaseTestService", "Application": "Crud.Api"}
[03:43:15 INF] [Phase 1] EnsureDeletedAsync completed in 1.3629ms {"SourceContext": "Infrastructure.Services.DatabaseTestService", "Application": "Crud.Api"}
[03:43:15 INF] [Phase 2] Starting EnsureCreatedAsync for worker 5188... {"SourceContext": "Infrastructure.Services.DatabaseTestService", "Application": "Crud.Api"}
[03:43:15 INF] [Phase 2] EnsureCreatedAsync completed in 8.4531ms {"SourceContext": "Infrastructure.Services.DatabaseTestService", "Application": "Crud.Api"}
[03:43:15 INF] [Phase 3] Skipping database seeding as requested for worker 5188 {"SourceContext": "Infrastructure.Services.DatabaseTestService", "Application": "Crud.Api"}
[03:43:15 INF] Database reset via file deletion completed for worker 5188 in 110.5308ms (Close: 0.0008ms, Delete: 1.3629ms, Create: 8.4531ms) {"SourceContext": "Infrastructure.Services.DatabaseTestService", "Application": "Crud.Api"}
[03:43:15 INF] Releasing database mutex for worker 5188 {"SourceContext": "Infrastructure.Services.DatabaseTestService", "Application": "Crud.Api"}
[03:43:16 INF] User registered successfully: e9d7e96e-df41-4a98-a181-92469ae15e1a {"SourceContext": "App.Features.Authentication.RegisterUserCommandHandler", "ActionId": "d0a7eb3d-18d5-4dda-b803-aa71866203fc", "ActionName": "Api.Controllers.AuthController.Register (Api)", "RequestId": "0HNFGSKFKDJKS", "RequestPath": "/api/auth/register", "Application": "Crud.Api"}
Activity.TraceId:            aa5b2c0ba9df8762c29baab0a36e9ebe
Activity.SpanId:             ff87e53198940d6a
Activity.TraceFlags:         Recorded
Activity.ActivitySourceName: Microsoft.AspNetCore
Activity.DisplayName:        POST api/Auth/register
Activity.Kind:               Server
Activity.StartTime:          2025-09-11T03:43:15.9647551Z
Activity.Duration:           00:00:00.3005342
Activity.Tags:
    server.address: localhost
    http.request.method: POST
    url.scheme: http
    url.path: /api/auth/register
    network.protocol.version: 1.1
    http.route: api/Auth/register
    http.response.status_code: 200
Resource associated with Activity:
    deployment.environment: Testing
    service.name: Crud.Api
    service.version: 1.0.0
    service.instance.id: a483e3f3-32ea-4a50-a508-2cd77b6b2522
    telemetry.sdk.name: opentelemetry
    telemetry.sdk.language: dotnet
    telemetry.sdk.version: 1.8.1
[03:43:16 INF] User logged in successfully: e9d7e96e-df41-4a98-a181-92469ae15e1a {"SourceContext": "App.Features.Authentication.LoginCommandHandler", "ActionId": "754a2af5-5f83-42ab-893d-489568c4fa66", "ActionName": "Api.Controllers.AuthController.Login (Api)", "RequestId": "0HNFGSKFKDJKT", "RequestPath": "/api/auth/login", "Application": "Crud.Api"}
Activity.TraceId:            ec9ead6dd0f4b2926137ab8b638d6e8d
Activity.SpanId:             2bd2ed596bc8969c
Activity.TraceFlags:         Recorded
Activity.ActivitySourceName: Microsoft.AspNetCore
Activity.DisplayName:        POST api/Auth/login
Activity.Kind:               Server
Activity.StartTime:          2025-09-11T03:43:16.2665448Z
Activity.Duration:           00:00:00.3001911
Activity.Tags:
    server.address: localhost
    http.request.method: POST
    url.scheme: http
    url.path: /api/auth/login
    network.protocol.version: 1.1
    http.route: api/Auth/login
    http.response.status_code: 200
Resource associated with Activity:
    deployment.environment: Testing
    service.name: Crud.Api
    service.version: 1.0.0
    service.instance.id: a483e3f3-32ea-4a50-a508-2cd77b6b2522
    telemetry.sdk.name: opentelemetry
    telemetry.sdk.language: dotnet
    telemetry.sdk.version: 1.8.1
[03:43:16 INF] User registered successfully: 74868e37-e869-46c7-a648-cad7dcec2ffc {"SourceContext": "App.Features.Authentication.RegisterUserCommandHandler", "ActionId": "d0a7eb3d-18d5-4dda-b803-aa71866203fc", "ActionName": "Api.Controllers.AuthController.Register (Api)", "RequestId": "0HNFGSKFKDJKU", "RequestPath": "/api/auth/register", "Application": "Crud.Api"}
Activity.TraceId:            f1d95bdb396649819022fdea1275712a
Activity.SpanId:             868bcec575555620
Activity.TraceFlags:         Recorded
Activity.ActivitySourceName: Microsoft.AspNetCore
Activity.DisplayName:        POST api/Auth/register
Activity.Kind:               Server
Activity.StartTime:          2025-09-11T03:43:16.5673750Z
Activity.Duration:           00:00:00.3002829
Activity.Tags:
    server.address: localhost
    http.request.method: POST
    url.scheme: http
    url.path: /api/auth/register
    network.protocol.version: 1.1
    http.route: api/Auth/register
    http.response.status_code: 200
Resource associated with Activity:
    deployment.environment: Testing
    service.name: Crud.Api
    service.version: 1.0.0
    service.instance.id: a483e3f3-32ea-4a50-a508-2cd77b6b2522
    telemetry.sdk.name: opentelemetry
    telemetry.sdk.language: dotnet
    telemetry.sdk.version: 1.8.1
[03:43:16 DBG] Cache miss for key: name:role:testrole {"SourceContext": "Infrastructure.Services.Caching.InMemoryCacheService", "ActionId": "993ff515-a5b2-4425-a5d4-33ad6826e647", "ActionName": "Api.Controllers.RolesController.Create (Api)", "RequestId": "0HNFGSKFKDJKV", "RequestPath": "/api/roles", "Application": "Crud.Api"}
[03:43:16 DBG] Removed cache value for key: entity:role:2e70951f0abe48cd90fd2a563e0f24d7 {"SourceContext": "Infrastructure.Services.Caching.InMemoryCacheService", "ActionId": "993ff515-a5b2-4425-a5d4-33ad6826e647", "ActionName": "Api.Controllers.RolesController.Create (Api)", "RequestId": "0HNFGSKFKDJKV", "RequestPath": "/api/roles", "Application": "Crud.Api"}
[03:43:16 DBG] Removed cache value for key: list:role {"SourceContext": "Infrastructure.Services.Caching.InMemoryCacheService", "ActionId": "993ff515-a5b2-4425-a5d4-33ad6826e647", "ActionName": "Api.Controllers.RolesController.Create (Api)", "RequestId": "0HNFGSKFKDJKV", "RequestPath": "/api/roles", "Application": "Crud.Api"}
[03:43:16 DBG] Invalidating cache for entity type: roles with tag: roles {"SourceContext": "Api.Services.OutputCacheInvalidationService", "ActionId": "993ff515-a5b2-4425-a5d4-33ad6826e647", "ActionName": "Api.Controllers.RolesController.Create (Api)", "RequestId": "0HNFGSKFKDJKV", "RequestPath": "/api/roles", "Application": "Crud.Api"}
[03:43:16 INF] Successfully invalidated cache for entity type: roles {"SourceContext": "Api.Services.OutputCacheInvalidationService", "ActionId": "993ff515-a5b2-4425-a5d4-33ad6826e647", "ActionName": "Api.Controllers.RolesController.Create (Api)", "RequestId": "0HNFGSKFKDJKV", "RequestPath": "/api/roles", "Application": "Crud.Api"}
Activity.TraceId:            65723e488fcdce49e3d6fe04302a757e
Activity.SpanId:             8ad4a40fb97aa977
Activity.TraceFlags:         Recorded
Activity.ActivitySourceName: Microsoft.AspNetCore
Activity.DisplayName:        POST api/Roles
Activity.Kind:               Server
Activity.StartTime:          2025-09-11T03:43:16.8679809Z
Activity.Duration:           00:00:00.0037925
Activity.Tags:
    server.address: localhost
    http.request.method: POST
    url.scheme: http
    url.path: /api/roles
    network.protocol.version: 1.1
    http.route: api/Roles
    http.response.status_code: 201
Resource associated with Activity:
    deployment.environment: Testing
    service.name: Crud.Api
    service.version: 1.0.0
    service.instance.id: a483e3f3-32ea-4a50-a508-2cd77b6b2522
    telemetry.sdk.name: opentelemetry
    telemetry.sdk.language: dotnet
    telemetry.sdk.version: 1.8.1
[03:43:16 DBG] Cache miss for key: entity:role:2e70951f0abe48cd90fd2a563e0f24d7 {"SourceContext": "Infrastructure.Services.Caching.InMemoryCacheService", "ActionId": "5268d0ab-77de-4042-9d89-ba5df6a430f1", "ActionName": "Api.Controllers.PeopleController.Create (Api)", "RequestId": "0HNFGSKFKDJL0", "RequestPath": "/api/people", "Application": "Crud.Api"}
[03:43:16 DBG] Set cache value for key: entity:role:2e70951f0abe48cd90fd2a563e0f24d7 {"SourceContext": "Infrastructure.Services.Caching.InMemoryCacheService", "ActionId": "5268d0ab-77de-4042-9d89-ba5df6a430f1", "ActionName": "Api.Controllers.PeopleController.Create (Api)", "RequestId": "0HNFGSKFKDJL0", "RequestPath": "/api/people", "Application": "Crud.Api"}
[03:43:16 DBG] Removed cache value for key: entity:person:3776a0fe17f04dd09a420b54f2505481 {"SourceContext": "Infrastructure.Services.Caching.InMemoryCacheService", "ActionId": "5268d0ab-77de-4042-9d89-ba5df6a430f1", "ActionName": "Api.Controllers.PeopleController.Create (Api)", "RequestId": "0HNFGSKFKDJL0", "RequestPath": "/api/people", "Application": "Crud.Api"}
[03:43:16 DBG] Removed cache value for key: list:person {"SourceContext": "Infrastructure.Services.Caching.InMemoryCacheService", "ActionId": "5268d0ab-77de-4042-9d89-ba5df6a430f1", "ActionName": "Api.Controllers.PeopleController.Create (Api)", "RequestId": "0HNFGSKFKDJL0", "RequestPath": "/api/people", "Application": "Crud.Api"}
[03:43:16 DBG] Invalidating cache for entity type: people with tag: people {"SourceContext": "Api.Services.OutputCacheInvalidationService", "ActionId": "5268d0ab-77de-4042-9d89-ba5df6a430f1", "ActionName": "Api.Controllers.PeopleController.Create (Api)", "RequestId": "0HNFGSKFKDJL0", "RequestPath": "/api/people", "Application": "Crud.Api"}
[03:43:16 INF] Successfully invalidated cache for entity type: people {"SourceContext": "Api.Services.OutputCacheInvalidationService", "ActionId": "5268d0ab-77de-4042-9d89-ba5df6a430f1", "ActionName": "Api.Controllers.PeopleController.Create (Api)", "RequestId": "0HNFGSKFKDJL0", "RequestPath": "/api/people", "Application": "Crud.Api"}
Activity.TraceId:            f3ab58adddff43e551ef56136f50c06a
Activity.SpanId:             7e157c66d49df031
Activity.TraceFlags:         Recorded
Activity.ActivitySourceName: Microsoft.AspNetCore
Activity.DisplayName:        POST api/People
Activity.Kind:               Server
Activity.StartTime:          2025-09-11T03:43:16.8718974Z
Activity.Duration:           00:00:00.0026166
Activity.Tags:
    server.address: localhost
    http.request.method: POST
    url.scheme: http
    url.path: /api/people
    network.protocol.version: 1.1
    http.route: api/People
    http.response.status_code: 201
Resource associated with Activity:
    deployment.environment: Testing
    service.name: Crud.Api
    service.version: 1.0.0
    service.instance.id: a483e3f3-32ea-4a50-a508-2cd77b6b2522
    telemetry.sdk.name: opentelemetry
    telemetry.sdk.language: dotnet
    telemetry.sdk.version: 1.8.1
[03:43:16 DBG] Cache miss for key: entity:person:3776a0fe17f04dd09a420b54f2505481 {"SourceContext": "Infrastructure.Services.Caching.InMemoryCacheService", "ActionId": "9394f352-275e-4152-a88d-e42fa3a8f2cb", "ActionName": "Api.Controllers.PeopleController.Get (Api)", "RequestId": "0HNFGSKFKDJL1", "RequestPath": "/api/people/3776a0fe-17f0-4dd0-9a42-0b54f2505481", "Application": "Crud.Api"}
[03:43:16 DBG] Set cache value for key: entity:person:3776a0fe17f04dd09a420b54f2505481 {"SourceContext": "Infrastructure.Services.Caching.InMemoryCacheService", "ActionId": "9394f352-275e-4152-a88d-e42fa3a8f2cb", "ActionName": "Api.Controllers.PeopleController.Get (Api)", "RequestId": "0HNFGSKFKDJL1", "RequestPath": "/api/people/3776a0fe-17f0-4dd0-9a42-0b54f2505481", "Application": "Crud.Api"}
Activity.TraceId:            d362e893a4b55c817a2658630f058632
Activity.SpanId:             ee4b1af397c2c8fd
Activity.TraceFlags:         Recorded
Activity.ActivitySourceName: Microsoft.AspNetCore
Activity.DisplayName:        GET api/People/{id:guid}
Activity.Kind:               Server
Activity.StartTime:          2025-09-11T03:43:16.8745734Z
Activity.Duration:           00:00:00.0013813
Activity.Tags:
    server.address: localhost
    http.request.method: GET
    url.scheme: http
    url.path: /api/people/3776a0fe-17f0-4dd0-9a42-0b54f2505481
    network.protocol.version: 1.1
    http.route: api/People/{id:guid}
    http.response.status_code: 200
Resource associated with Activity:
    deployment.environment: Testing
    service.name: Crud.Api
    service.version: 1.0.0
    service.instance.id: a483e3f3-32ea-4a50-a508-2cd77b6b2522
    telemetry.sdk.name: opentelemetry
    telemetry.sdk.language: dotnet
    telemetry.sdk.version: 1.8.1
[03:43:16 INF] Resetting database for worker 5188 {"SourceContext": "Infrastructure.Services.DatabaseTestService", "Application": "Crud.Api"}
[03:43:16 INF] Resetting database via file deletion for worker 5188 in CI environment {"SourceContext": "Infrastructure.Services.DatabaseTestService", "Application": "Crud.Api"}
[03:43:16 INF] Acquiring database mutex for worker 5188... {"SourceContext": "Infrastructure.Services.DatabaseTestService", "Application": "Crud.Api"}
[03:43:16 INF] Database mutex acquired for worker 5188 {"SourceContext": "Infrastructure.Services.DatabaseTestService", "Application": "Crud.Api"}
[03:43:16 INF] Current database state - CanConnect: True {"SourceContext": "Infrastructure.Services.DatabaseTestService", "Application": "Crud.Api"}
[03:43:16 INF] [Phase 0] Closing database connection for worker 5188... {"SourceContext": "Infrastructure.Services.DatabaseTestService", "Application": "Crud.Api"}
[03:43:16 INF] [Phase 0] Connection closed in 0.0007ms {"SourceContext": "Infrastructure.Services.DatabaseTestService", "Application": "Crud.Api"}
[03:43:16 INF] [Phase 1] Starting EnsureDeletedAsync for worker 5188... {"SourceContext": "Infrastructure.Services.DatabaseTestService", "Application": "Crud.Api"}
[03:43:16 INF] [Phase 1] EnsureDeletedAsync completed in 1.7918ms {"SourceContext": "Infrastructure.Services.DatabaseTestService", "Application": "Crud.Api"}
[03:43:16 INF] [Phase 2] Starting EnsureCreatedAsync for worker 5188... {"SourceContext": "Infrastructure.Services.DatabaseTestService", "Application": "Crud.Api"}
[03:43:16 INF] [Phase 2] EnsureCreatedAsync completed in 8.3527ms {"SourceContext": "Infrastructure.Services.DatabaseTestService", "Application": "Crud.Api"}
[03:43:16 INF] [Phase 3] Skipping database seeding as requested for worker 5188 {"SourceContext": "Infrastructure.Services.DatabaseTestService", "Application": "Crud.Api"}
[03:43:16 INF] Database reset via file deletion completed for worker 5188 in 110.5273ms (Close: 0.0007ms, Delete: 1.7918ms, Create: 8.3527ms) {"SourceContext": "Infrastructure.Services.DatabaseTestService", "Application": "Crud.Api"}
[03:43:16 INF] Releasing database mutex for worker 5188 {"SourceContext": "Infrastructure.Services.DatabaseTestService", "Application": "Crud.Api"}
[03:43:16 INF] Resetting database for worker 5188 {"SourceContext": "Infrastructure.Services.DatabaseTestService", "Application": "Crud.Api"}
[03:43:16 INF] Resetting database via file deletion for worker 5188 in CI environment {"SourceContext": "Infrastructure.Services.DatabaseTestService", "Application": "Crud.Api"}
[03:43:16 INF] Acquiring database mutex for worker 5188... {"SourceContext": "Infrastructure.Services.DatabaseTestService", "Application": "Crud.Api"}
[03:43:16 INF] Database mutex acquired for worker 5188 {"SourceContext": "Infrastructure.Services.DatabaseTestService", "Application": "Crud.Api"}
[03:43:16 INF] Current database state - CanConnect: True {"SourceContext": "Infrastructure.Services.DatabaseTestService", "Application": "Crud.Api"}
[03:43:16 INF] [Phase 0] Closing database connection for worker 5188... {"SourceContext": "Infrastructure.Services.DatabaseTestService", "Application": "Crud.Api"}
[03:43:16 INF] [Phase 0] Connection closed in 0.0008ms {"SourceContext": "Infrastructure.Services.DatabaseTestService", "Application": "Crud.Api"}
[03:43:16 INF] [Phase 1] Starting EnsureDeletedAsync for worker 5188... {"SourceContext": "Infrastructure.Services.DatabaseTestService", "Application": "Crud.Api"}
[xUnit.net 00:01:36.49]       Skipping due to concurrency conflict - RowVersion not implemented in UpdatePersonRequest
[03:43:16 INF] [Phase 1] EnsureDeletedAsync completed in 1.2894ms {"SourceContext": "Infrastructure.Services.DatabaseTestService", "Application": "Crud.Api"}
[03:43:17 INF] [Phase 2] Starting EnsureCreatedAsync for worker 5188... {"SourceContext": "Infrastructure.Services.DatabaseTestService", "Application": "Crud.Api"}
[03:43:17 INF] [Phase 2] EnsureCreatedAsync completed in 7.3929ms {"SourceContext": "Infrastructure.Services.DatabaseTestService", "Application": "Crud.Api"}
[03:43:17 INF] [Phase 3] Skipping database seeding as requested for worker 5188 {"SourceContext": "Infrastructure.Services.DatabaseTestService", "Application": "Crud.Api"}
[03:43:17 INF] Database reset via file deletion completed for worker 5188 in 109.9456ms (Close: 0.0008ms, Delete: 1.2894ms, Create: 7.3929ms) {"SourceContext": "Infrastructure.Services.DatabaseTestService", "Application": "Crud.Api"}
[03:43:17 INF] Releasing database mutex for worker 5188 {"SourceContext": "Infrastructure.Services.DatabaseTestService", "Application": "Crud.Api"}
[03:43:17 INF] User registered successfully: b103615d-e38c-4ba3-8da8-162c3bcde89b {"SourceContext": "App.Features.Authentication.RegisterUserCommandHandler", "ActionId": "d0a7eb3d-18d5-4dda-b803-aa71866203fc", "ActionName": "Api.Controllers.AuthController.Register (Api)", "RequestId": "0HNFGSKFKDJL2", "RequestPath": "/api/auth/register", "Application": "Crud.Api"}
Activity.TraceId:            020efac1055798605dd370e96eb9f619
Activity.SpanId:             0468d140af6743ee
Activity.TraceFlags:         Recorded
Activity.ActivitySourceName: Microsoft.AspNetCore
Activity.DisplayName:        POST api/Auth/register
Activity.Kind:               Server
Activity.StartTime:          2025-09-11T03:43:17.1010678Z
Activity.Duration:           00:00:00.2994858
Activity.Tags:
    server.address: localhost
    http.request.method: POST
    url.scheme: http
    url.path: /api/auth/register
    network.protocol.version: 1.1
    http.route: api/Auth/register
    http.response.status_code: 200
Resource associated with Activity:
    deployment.environment: Testing
    service.name: Crud.Api
    service.version: 1.0.0
    service.instance.id: a483e3f3-32ea-4a50-a508-2cd77b6b2522
    telemetry.sdk.name: opentelemetry
    telemetry.sdk.language: dotnet
    telemetry.sdk.version: 1.8.1
[03:43:17 INF] User logged in successfully: b103615d-e38c-4ba3-8da8-162c3bcde89b {"SourceContext": "App.Features.Authentication.LoginCommandHandler", "ActionId": "754a2af5-5f83-42ab-893d-489568c4fa66", "ActionName": "Api.Controllers.AuthController.Login (Api)", "RequestId": "0HNFGSKFKDJL3", "RequestPath": "/api/auth/login", "Application": "Crud.Api"}
Activity.TraceId:            55e68b818602e91a1c1a286a53a8afa1
Activity.SpanId:             3517390135e064e5
Activity.TraceFlags:         Recorded
Activity.ActivitySourceName: Microsoft.AspNetCore
Activity.DisplayName:        POST api/Auth/login
Activity.Kind:               Server
Activity.StartTime:          2025-09-11T03:43:17.4020263Z
Activity.Duration:           00:00:00.3057310
Activity.Tags:
    server.address: localhost
    http.request.method: POST
    url.scheme: http
    url.path: /api/auth/login
    network.protocol.version: 1.1
    http.route: api/Auth/login
    http.response.status_code: 200
Resource associated with Activity:
    deployment.environment: Testing
    service.name: Crud.Api
    service.version: 1.0.0
    service.instance.id: a483e3f3-32ea-4a50-a508-2cd77b6b2522
    telemetry.sdk.name: opentelemetry
    telemetry.sdk.language: dotnet
    telemetry.sdk.version: 1.8.1
[03:43:17 DBG] Removed cache value for key: entity:person:9bd8873ba48345c79f4cffcd6e240ae4 {"SourceContext": "Infrastructure.Services.Caching.InMemoryCacheService", "ActionId": "5268d0ab-77de-4042-9d89-ba5df6a430f1", "ActionName": "Api.Controllers.PeopleController.Create (Api)", "RequestId": "0HNFGSKFKDJL4", "RequestPath": "/api/people", "Application": "Crud.Api"}
[03:43:17 DBG] Removed cache value for key: list:person {"SourceContext": "Infrastructure.Services.Caching.InMemoryCacheService", "ActionId": "5268d0ab-77de-4042-9d89-ba5df6a430f1", "ActionName": "Api.Controllers.PeopleController.Create (Api)", "RequestId": "0HNFGSKFKDJL4", "RequestPath": "/api/people", "Application": "Crud.Api"}
[03:43:17 DBG] Invalidating cache for entity type: people with tag: people {"SourceContext": "Api.Services.OutputCacheInvalidationService", "ActionId": "5268d0ab-77de-4042-9d89-ba5df6a430f1", "ActionName": "Api.Controllers.PeopleController.Create (Api)", "RequestId": "0HNFGSKFKDJL4", "RequestPath": "/api/people", "Application": "Crud.Api"}
[03:43:17 INF] Successfully invalidated cache for entity type: people {"SourceContext": "Api.Services.OutputCacheInvalidationService", "ActionId": "5268d0ab-77de-4042-9d89-ba5df6a430f1", "ActionName": "Api.Controllers.PeopleController.Create (Api)", "RequestId": "0HNFGSKFKDJL4", "RequestPath": "/api/people", "Application": "Crud.Api"}
Activity.TraceId:            fdb8f8c7e108b38fce13afee869ad3b1
Activity.SpanId:             d70103cd136f54b6
Activity.TraceFlags:         Recorded
Activity.ActivitySourceName: Microsoft.AspNetCore
Activity.DisplayName:        POST api/People
Activity.Kind:               Server
Activity.StartTime:          2025-09-11T03:43:17.7084034Z
Activity.Duration:           00:00:00.0017952
Activity.Tags:
    server.address: localhost
    http.request.method: POST
    url.scheme: http
    url.path: /api/people
    network.protocol.version: 1.1
    http.route: api/People
    http.response.status_code: 201
Resource associated with Activity:
    deployment.environment: Testing
    service.name: Crud.Api
    service.version: 1.0.0
    service.instance.id: a483e3f3-32ea-4a50-a508-2cd77b6b2522
    telemetry.sdk.name: opentelemetry
    telemetry.sdk.language: dotnet
    telemetry.sdk.version: 1.8.1
[03:43:17 INF] Resetting database for worker 5188 {"SourceContext": "Infrastructure.Services.DatabaseTestService", "Application": "Crud.Api"}
[03:43:17 INF] Resetting database via file deletion for worker 5188 in CI environment {"SourceContext": "Infrastructure.Services.DatabaseTestService", "Application": "Crud.Api"}
[03:43:17 INF] Acquiring database mutex for worker 5188... {"SourceContext": "Infrastructure.Services.DatabaseTestService", "Application": "Crud.Api"}
[03:43:17 INF] Database mutex acquired for worker 5188 {"SourceContext": "Infrastructure.Services.DatabaseTestService", "Application": "Crud.Api"}
[03:43:17 INF] Current database state - CanConnect: True {"SourceContext": "Infrastructure.Services.DatabaseTestService", "Application": "Crud.Api"}
[03:43:17 INF] [Phase 0] Closing database connection for worker 5188... {"SourceContext": "Infrastructure.Services.DatabaseTestService", "Application": "Crud.Api"}
[03:43:17 INF] [Phase 0] Connection closed in 0.0005ms {"SourceContext": "Infrastructure.Services.DatabaseTestService", "Application": "Crud.Api"}
[03:43:17 INF] [Phase 1] Starting EnsureDeletedAsync for worker 5188... {"SourceContext": "Infrastructure.Services.DatabaseTestService", "Application": "Crud.Api"}
[03:43:17 INF] [Phase 1] EnsureDeletedAsync completed in 1.4932ms {"SourceContext": "Infrastructure.Services.DatabaseTestService", "Application": "Crud.Api"}
Test 'Tests.Integration.Backend.Controllers.PeopleControllerTests.PUT_People_Should_Update_Person_Roles' was skipped in the test run.
[03:43:17 INF] [Phase 2] Starting EnsureCreatedAsync for worker 5188... {"SourceContext": "Infrastructure.Services.DatabaseTestService", "Application": "Crud.Api"}
[03:43:17 INF] [Phase 2] EnsureCreatedAsync completed in 11.135ms {"SourceContext": "Infrastructure.Services.DatabaseTestService", "Application": "Crud.Api"}
[03:43:17 INF] [Phase 3] Skipping database seeding as requested for worker 5188 {"SourceContext": "Infrastructure.Services.DatabaseTestService", "Application": "Crud.Api"}
[03:43:17 INF] Database reset via file deletion completed for worker 5188 in 112.9883ms (Close: 0.0005ms, Delete: 1.4932ms, Create: 11.135ms) {"SourceContext": "Infrastructure.Services.DatabaseTestService", "Application": "Crud.Api"}
[03:43:17 INF] Releasing database mutex for worker 5188 {"SourceContext": "Infrastructure.Services.DatabaseTestService", "Application": "Crud.Api"}
[03:43:17 INF] Resetting database for worker 5188 {"SourceContext": "Infrastructure.Services.DatabaseTestService", "Application": "Crud.Api"}
[03:43:17 INF] Resetting database via file deletion for worker 5188 in CI environment {"SourceContext": "Infrastructure.Services.DatabaseTestService", "Application": "Crud.Api"}
[03:43:17 INF] Acquiring database mutex for worker 5188... {"SourceContext": "Infrastructure.Services.DatabaseTestService", "Application": "Crud.Api"}
[03:43:17 INF] Database mutex acquired for worker 5188 {"SourceContext": "Infrastructure.Services.DatabaseTestService", "Application": "Crud.Api"}
[03:43:17 INF] Current database state - CanConnect: True {"SourceContext": "Infrastructure.Services.DatabaseTestService", "Application": "Crud.Api"}
[03:43:17 INF] [Phase 0] Closing database connection for worker 5188... {"SourceContext": "Infrastructure.Services.DatabaseTestService", "Application": "Crud.Api"}
[03:43:17 INF] [Phase 0] Connection closed in 0.0009ms {"SourceContext": "Infrastructure.Services.DatabaseTestService", "Application": "Crud.Api"}
[03:43:17 INF] [Phase 1] Starting EnsureDeletedAsync for worker 5188... {"SourceContext": "Infrastructure.Services.DatabaseTestService", "Application": "Crud.Api"}
[03:43:17 INF] [Phase 1] EnsureDeletedAsync completed in 1.5659ms {"SourceContext": "Infrastructure.Services.DatabaseTestService", "Application": "Crud.Api"}
[03:43:17 INF] [Phase 2] Starting EnsureCreatedAsync for worker 5188... {"SourceContext": "Infrastructure.Services.DatabaseTestService", "Application": "Crud.Api"}
[03:43:17 INF] [Phase 2] EnsureCreatedAsync completed in 7.5498ms {"SourceContext": "Infrastructure.Services.DatabaseTestService", "Application": "Crud.Api"}
[03:43:17 INF] [Phase 3] Skipping database seeding as requested for worker 5188 {"SourceContext": "Infrastructure.Services.DatabaseTestService", "Application": "Crud.Api"}
[03:43:17 INF] Database reset via file deletion completed for worker 5188 in 109.4136ms (Close: 0.0009ms, Delete: 1.5659ms, Create: 7.5498ms) {"SourceContext": "Infrastructure.Services.DatabaseTestService", "Application": "Crud.Api"}
[03:43:17 INF] Releasing database mutex for worker 5188 {"SourceContext": "Infrastructure.Services.DatabaseTestService", "Application": "Crud.Api"}
Activity.TraceId:            01e14bf13693755cc2e2464f9fecaa12
Activity.SpanId:             a743118666783034
Activity.TraceFlags:         Recorded
Activity.ActivitySourceName: Microsoft.AspNetCore
Activity.DisplayName:        POST api/People
Activity.Kind:               Server
Activity.StartTime:          2025-09-11T03:43:17.9366738Z
Activity.Duration:           00:00:00.0002380
Activity.Tags:
    server.address: localhost
    http.request.method: POST
    url.scheme: http
    url.path: /api/people
    network.protocol.version: 1.1
    http.route: api/People
    http.response.status_code: 401
Resource associated with Activity:
    deployment.environment: Testing
    service.name: Crud.Api
    service.version: 1.0.0
    service.instance.id: a483e3f3-32ea-4a50-a508-2cd77b6b2522
    telemetry.sdk.name: opentelemetry
    telemetry.sdk.language: dotnet
    telemetry.sdk.version: 1.8.1
[03:43:17 INF] Resetting database for worker 5188 {"SourceContext": "Infrastructure.Services.DatabaseTestService", "Application": "Crud.Api"}
[03:43:17 INF] Resetting database via file deletion for worker 5188 in CI environment {"SourceContext": "Infrastructure.Services.DatabaseTestService", "Application": "Crud.Api"}
[03:43:17 INF] Acquiring database mutex for worker 5188... {"SourceContext": "Infrastructure.Services.DatabaseTestService", "Application": "Crud.Api"}
[03:43:17 INF] Database mutex acquired for worker 5188 {"SourceContext": "Infrastructure.Services.DatabaseTestService", "Application": "Crud.Api"}
[03:43:17 INF] Current database state - CanConnect: True {"SourceContext": "Infrastructure.Services.DatabaseTestService", "Application": "Crud.Api"}
[03:43:17 INF] [Phase 0] Closing database connection for worker 5188... {"SourceContext": "Infrastructure.Services.DatabaseTestService", "Application": "Crud.Api"}
[03:43:17 INF] [Phase 0] Connection closed in 0.0007ms {"SourceContext": "Infrastructure.Services.DatabaseTestService", "Application": "Crud.Api"}
[03:43:17 INF] [Phase 1] Starting EnsureDeletedAsync for worker 5188... {"SourceContext": "Infrastructure.Services.DatabaseTestService", "Application": "Crud.Api"}
[03:43:17 INF] [Phase 1] EnsureDeletedAsync completed in 2.8249ms {"SourceContext": "Infrastructure.Services.DatabaseTestService", "Application": "Crud.Api"}
[03:43:18 INF] [Phase 2] Starting EnsureCreatedAsync for worker 5188... {"SourceContext": "Infrastructure.Services.DatabaseTestService", "Application": "Crud.Api"}
[03:43:18 INF] [Phase 2] EnsureCreatedAsync completed in 9.1804ms {"SourceContext": "Infrastructure.Services.DatabaseTestService", "Application": "Crud.Api"}
[03:43:18 INF] [Phase 3] Skipping database seeding as requested for worker 5188 {"SourceContext": "Infrastructure.Services.DatabaseTestService", "Application": "Crud.Api"}
[03:43:18 INF] Database reset via file deletion completed for worker 5188 in 112.6092ms (Close: 0.0007ms, Delete: 2.8249ms, Create: 9.1804ms) {"SourceContext": "Infrastructure.Services.DatabaseTestService", "Application": "Crud.Api"}
[03:43:18 INF] Releasing database mutex for worker 5188 {"SourceContext": "Infrastructure.Services.DatabaseTestService", "Application": "Crud.Api"}
[03:43:18 INF] Resetting database for worker 5188 {"SourceContext": "Infrastructure.Services.DatabaseTestService", "Application": "Crud.Api"}
[03:43:18 INF] Resetting database via file deletion for worker 5188 in CI environment {"SourceContext": "Infrastructure.Services.DatabaseTestService", "Application": "Crud.Api"}
[03:43:18 INF] Acquiring database mutex for worker 5188... {"SourceContext": "Infrastructure.Services.DatabaseTestService", "Application": "Crud.Api"}
[03:43:18 INF] Database mutex acquired for worker 5188 {"SourceContext": "Infrastructure.Services.DatabaseTestService", "Application": "Crud.Api"}
[03:43:18 INF] Current database state - CanConnect: True {"SourceContext": "Infrastructure.Services.DatabaseTestService", "Application": "Crud.Api"}
[03:43:18 INF] [Phase 0] Closing database connection for worker 5188... {"SourceContext": "Infrastructure.Services.DatabaseTestService", "Application": "Crud.Api"}
[03:43:18 INF] [Phase 0] Connection closed in 0.0007ms {"SourceContext": "Infrastructure.Services.DatabaseTestService", "Application": "Crud.Api"}
[03:43:18 INF] [Phase 1] Starting EnsureDeletedAsync for worker 5188... {"SourceContext": "Infrastructure.Services.DatabaseTestService", "Application": "Crud.Api"}
[03:43:18 INF] [Phase 1] EnsureDeletedAsync completed in 1.3482ms {"SourceContext": "Infrastructure.Services.DatabaseTestService", "Application": "Crud.Api"}
[03:43:18 INF] [Phase 2] Starting EnsureCreatedAsync for worker 5188... {"SourceContext": "Infrastructure.Services.DatabaseTestService", "Application": "Crud.Api"}
[03:43:18 INF] [Phase 2] EnsureCreatedAsync completed in 7.8515ms {"SourceContext": "Infrastructure.Services.DatabaseTestService", "Application": "Crud.Api"}
[03:43:18 INF] [Phase 3] Skipping database seeding as requested for worker 5188 {"SourceContext": "Infrastructure.Services.DatabaseTestService", "Application": "Crud.Api"}
[03:43:18 INF] Database reset via file deletion completed for worker 5188 in 110.1035ms (Close: 0.0007ms, Delete: 1.3482ms, Create: 7.8515ms) {"SourceContext": "Infrastructure.Services.DatabaseTestService", "Application": "Crud.Api"}
[03:43:18 INF] Releasing database mutex for worker 5188 {"SourceContext": "Infrastructure.Services.DatabaseTestService", "Application": "Crud.Api"}
[03:43:18 INF] User registered successfully: c6a21e59-e386-448e-9a9a-dca358e24c45 {"SourceContext": "App.Features.Authentication.RegisterUserCommandHandler", "ActionId": "d0a7eb3d-18d5-4dda-b803-aa71866203fc", "ActionName": "Api.Controllers.AuthController.Register (Api)", "RequestId": "0HNFGSKFKDJL6", "RequestPath": "/api/auth/register", "Application": "Crud.Api"}
Activity.TraceId:            fca5f0da03f473a0d903fabe9e8ea67f
Activity.SpanId:             cfc2040fcea9c6f4
Activity.TraceFlags:         Recorded
Activity.ActivitySourceName: Microsoft.AspNetCore
Activity.DisplayName:        POST api/Auth/register
Activity.Kind:               Server
Activity.StartTime:          2025-09-11T03:43:18.1646384Z
Activity.Duration:           00:00:00.3003323
Activity.Tags:
    server.address: localhost
    http.request.method: POST
    url.scheme: http
    url.path: /api/auth/register
    network.protocol.version: 1.1
    http.route: api/Auth/register
    http.response.status_code: 200
Resource associated with Activity:
    deployment.environment: Testing
    service.name: Crud.Api
    service.version: 1.0.0
    service.instance.id: a483e3f3-32ea-4a50-a508-2cd77b6b2522
    telemetry.sdk.name: opentelemetry
    telemetry.sdk.language: dotnet
    telemetry.sdk.version: 1.8.1
[03:43:18 DBG] Cache miss for key: entity:person:41c8d418ddf641d5829c980c7099ae95 {"SourceContext": "Infrastructure.Services.Caching.InMemoryCacheService", "ActionId": "9394f352-275e-4152-a88d-e42fa3a8f2cb", "ActionName": "Api.Controllers.PeopleController.Get (Api)", "RequestId": "0HNFGSKFKDJL7", "RequestPath": "/api/people/41c8d418-ddf6-41d5-829c-980c7099ae95", "Application": "Crud.Api"}
Activity.TraceId:            2df46f394a14f5c5733718723912ac32
Activity.SpanId:             4c2214e475d35ded
Activity.TraceFlags:         Recorded
Activity.ActivitySourceName: Microsoft.AspNetCore
Activity.DisplayName:        GET api/People/{id:guid}
Activity.Kind:               Server
Activity.StartTime:          2025-09-11T03:43:18.4656758Z
Activity.Duration:           00:00:00.0037497
Activity.Tags:
    server.address: localhost
    http.request.method: GET
    url.scheme: http
    url.path: /api/people/41c8d418-ddf6-41d5-829c-980c7099ae95
    network.protocol.version: 1.1
    http.route: api/People/{id:guid}
    http.response.status_code: 404
Resource associated with Activity:
    deployment.environment: Testing
    service.name: Crud.Api
    service.version: 1.0.0
    service.instance.id: a483e3f3-32ea-4a50-a508-2cd77b6b2522
    telemetry.sdk.name: opentelemetry
    telemetry.sdk.language: dotnet
    telemetry.sdk.version: 1.8.1
[03:43:18 INF] Resetting database for worker 5188 {"SourceContext": "Infrastructure.Services.DatabaseTestService", "Application": "Crud.Api"}
[03:43:18 INF] Resetting database via file deletion for worker 5188 in CI environment {"SourceContext": "Infrastructure.Services.DatabaseTestService", "Application": "Crud.Api"}
[03:43:18 INF] Acquiring database mutex for worker 5188... {"SourceContext": "Infrastructure.Services.DatabaseTestService", "Application": "Crud.Api"}
[03:43:18 INF] Database mutex acquired for worker 5188 {"SourceContext": "Infrastructure.Services.DatabaseTestService", "Application": "Crud.Api"}
[03:43:18 INF] Current database state - CanConnect: True {"SourceContext": "Infrastructure.Services.DatabaseTestService", "Application": "Crud.Api"}
[03:43:18 INF] [Phase 0] Closing database connection for worker 5188... {"SourceContext": "Infrastructure.Services.DatabaseTestService", "Application": "Crud.Api"}
[03:43:18 INF] [Phase 0] Connection closed in 0.0006ms {"SourceContext": "Infrastructure.Services.DatabaseTestService", "Application": "Crud.Api"}
[03:43:18 INF] [Phase 1] Starting EnsureDeletedAsync for worker 5188... {"SourceContext": "Infrastructure.Services.DatabaseTestService", "Application": "Crud.Api"}
[03:43:18 INF] [Phase 1] EnsureDeletedAsync completed in 1.5716ms {"SourceContext": "Infrastructure.Services.DatabaseTestService", "Application": "Crud.Api"}
[03:43:18 INF] [Phase 2] Starting EnsureCreatedAsync for worker 5188... {"SourceContext": "Infrastructure.Services.DatabaseTestService", "Application": "Crud.Api"}
[03:43:18 INF] [Phase 2] EnsureCreatedAsync completed in 8.0806ms {"SourceContext": "Infrastructure.Services.DatabaseTestService", "Application": "Crud.Api"}
[03:43:18 INF] [Phase 3] Skipping database seeding as requested for worker 5188 {"SourceContext": "Infrastructure.Services.DatabaseTestService", "Application": "Crud.Api"}
[03:43:18 INF] Database reset via file deletion completed for worker 5188 in 109.9503ms (Close: 0.0006ms, Delete: 1.5716ms, Create: 8.0806ms) {"SourceContext": "Infrastructure.Services.DatabaseTestService", "Application": "Crud.Api"}
[03:43:18 INF] Releasing database mutex for worker 5188 {"SourceContext": "Infrastructure.Services.DatabaseTestService", "Application": "Crud.Api"}
[03:43:18 INF] Resetting database for worker 5188 {"SourceContext": "Infrastructure.Services.DatabaseTestService", "Application": "Crud.Api"}
[03:43:18 INF] Resetting database via file deletion for worker 5188 in CI environment {"SourceContext": "Infrastructure.Services.DatabaseTestService", "Application": "Crud.Api"}
[03:43:18 INF] Acquiring database mutex for worker 5188... {"SourceContext": "Infrastructure.Services.DatabaseTestService", "Application": "Crud.Api"}
[03:43:18 INF] Database mutex acquired for worker 5188 {"SourceContext": "Infrastructure.Services.DatabaseTestService", "Application": "Crud.Api"}
[03:43:18 INF] Current database state - CanConnect: True {"SourceContext": "Infrastructure.Services.DatabaseTestService", "Application": "Crud.Api"}
[03:43:18 INF] [Phase 0] Closing database connection for worker 5188... {"SourceContext": "Infrastructure.Services.DatabaseTestService", "Application": "Crud.Api"}
[03:43:18 INF] [Phase 0] Connection closed in 0.0006ms {"SourceContext": "Infrastructure.Services.DatabaseTestService", "Application": "Crud.Api"}
[03:43:18 INF] [Phase 1] Starting EnsureDeletedAsync for worker 5188... {"SourceContext": "Infrastructure.Services.DatabaseTestService", "Application": "Crud.Api"}
[03:43:18 INF] [Phase 1] EnsureDeletedAsync completed in 1.3951ms {"SourceContext": "Infrastructure.Services.DatabaseTestService", "Application": "Crud.Api"}
[03:43:18 INF] [Phase 2] Starting EnsureCreatedAsync for worker 5188... {"SourceContext": "Infrastructure.Services.DatabaseTestService", "Application": "Crud.Api"}
[03:43:18 INF] [Phase 2] EnsureCreatedAsync completed in 10.7727ms {"SourceContext": "Infrastructure.Services.DatabaseTestService", "Application": "Crud.Api"}
[03:43:18 INF] [Phase 3] Skipping database seeding as requested for worker 5188 {"SourceContext": "Infrastructure.Services.DatabaseTestService", "Application": "Crud.Api"}
[03:43:18 INF] Database reset via file deletion completed for worker 5188 in 113.2378ms (Close: 0.0006ms, Delete: 1.3951ms, Create: 10.7727ms) {"SourceContext": "Infrastructure.Services.DatabaseTestService", "Application": "Crud.Api"}
[03:43:18 INF] Releasing database mutex for worker 5188 {"SourceContext": "Infrastructure.Services.DatabaseTestService", "Application": "Crud.Api"}
[03:43:19 INF] User registered successfully: 542c3193-db37-4da9-bc4b-a2264aa8fdb2 {"SourceContext": "App.Features.Authentication.RegisterUserCommandHandler", "ActionId": "d0a7eb3d-18d5-4dda-b803-aa71866203fc", "ActionName": "Api.Controllers.AuthController.Register (Api)", "RequestId": "0HNFGSKFKDJL8", "RequestPath": "/api/auth/register", "Application": "Crud.Api"}
Activity.TraceId:            23baec348efda9a5096071289a31ffc4
Activity.SpanId:             ddd7c3c0bff68ec4
Activity.TraceFlags:         Recorded
Activity.ActivitySourceName: Microsoft.AspNetCore
Activity.DisplayName:        POST api/Auth/register
Activity.Kind:               Server
Activity.StartTime:          2025-09-11T03:43:18.6969030Z
Activity.Duration:           00:00:00.3070755
Activity.Tags:
    server.address: localhost
    http.request.method: POST
    url.scheme: http
    url.path: /api/auth/register
    network.protocol.version: 1.1
    http.route: api/Auth/register
    http.response.status_code: 200
Resource associated with Activity:
    deployment.environment: Testing
    service.name: Crud.Api
    service.version: 1.0.0
    service.instance.id: a483e3f3-32ea-4a50-a508-2cd77b6b2522
    telemetry.sdk.name: opentelemetry
    telemetry.sdk.language: dotnet
    telemetry.sdk.version: 1.8.1
[03:43:19 INF] User logged in successfully: 542c3193-db37-4da9-bc4b-a2264aa8fdb2 {"SourceContext": "App.Features.Authentication.LoginCommandHandler", "ActionId": "754a2af5-5f83-42ab-893d-489568c4fa66", "ActionName": "Api.Controllers.AuthController.Login (Api)", "RequestId": "0HNFGSKFKDJL9", "RequestPath": "/api/auth/login", "Application": "Crud.Api"}
Activity.TraceId:            6bbc40feb5fa141572a511ab901454bb
Activity.SpanId:             2603554aa6668b3d
Activity.TraceFlags:         Recorded
Activity.ActivitySourceName: Microsoft.AspNetCore
Activity.DisplayName:        POST api/Auth/login
Activity.Kind:               Server
Activity.StartTime:          2025-09-11T03:43:19.0053113Z
Activity.Duration:           00:00:00.2988873
Activity.Tags:
    server.address: localhost
    http.request.method: POST
    url.scheme: http
    url.path: /api/auth/login
    network.protocol.version: 1.1
    http.route: api/Auth/login
    http.response.status_code: 200
Resource associated with Activity:
    deployment.environment: Testing
    service.name: Crud.Api
    service.version: 1.0.0
    service.instance.id: a483e3f3-32ea-4a50-a508-2cd77b6b2522
    telemetry.sdk.name: opentelemetry
    telemetry.sdk.language: dotnet
    telemetry.sdk.version: 1.8.1
[03:43:19 INF] User registered successfully: 00b2dadb-81e6-499a-8bc9-400a69250776 {"SourceContext": "App.Features.Authentication.RegisterUserCommandHandler", "ActionId": "d0a7eb3d-18d5-4dda-b803-aa71866203fc", "ActionName": "Api.Controllers.AuthController.Register (Api)", "RequestId": "0HNFGSKFKDJLA", "RequestPath": "/api/auth/register", "Application": "Crud.Api"}
Activity.TraceId:            54c0380d5f7d108409b62728a2c5f82c
Activity.SpanId:             86d9283b79713c77
Activity.TraceFlags:         Recorded
Activity.ActivitySourceName: Microsoft.AspNetCore
Activity.DisplayName:        POST api/Auth/register
Activity.Kind:               Server
Activity.StartTime:          2025-09-11T03:43:19.3048624Z
Activity.Duration:           00:00:00.2991637
Activity.Tags:
    server.address: localhost
    http.request.method: POST
    url.scheme: http
    url.path: /api/auth/register
    network.protocol.version: 1.1
    http.route: api/Auth/register
    http.response.status_code: 200
Resource associated with Activity:
    deployment.environment: Testing
    service.name: Crud.Api
    service.version: 1.0.0
    service.instance.id: a483e3f3-32ea-4a50-a508-2cd77b6b2522
    telemetry.sdk.name: opentelemetry
    telemetry.sdk.language: dotnet
    telemetry.sdk.version: 1.8.1
[03:43:19 DBG] Removed cache value for key: entity:person:d00f448d8a6041de9a7b1a6ccfabdd82 {"SourceContext": "Infrastructure.Services.Caching.InMemoryCacheService", "ActionId": "5268d0ab-77de-4042-9d89-ba5df6a430f1", "ActionName": "Api.Controllers.PeopleController.Create (Api)", "RequestId": "0HNFGSKFKDJLB", "RequestPath": "/api/people", "Application": "Crud.Api"}
[03:43:19 DBG] Removed cache value for key: list:person {"SourceContext": "Infrastructure.Services.Caching.InMemoryCacheService", "ActionId": "5268d0ab-77de-4042-9d89-ba5df6a430f1", "ActionName": "Api.Controllers.PeopleController.Create (Api)", "RequestId": "0HNFGSKFKDJLB", "RequestPath": "/api/people", "Application": "Crud.Api"}
[03:43:19 DBG] Invalidating cache for entity type: people with tag: people {"SourceContext": "Api.Services.OutputCacheInvalidationService", "ActionId": "5268d0ab-77de-4042-9d89-ba5df6a430f1", "ActionName": "Api.Controllers.PeopleController.Create (Api)", "RequestId": "0HNFGSKFKDJLB", "RequestPath": "/api/people", "Application": "Crud.Api"}
[03:43:19 INF] Successfully invalidated cache for entity type: people {"SourceContext": "Api.Services.OutputCacheInvalidationService", "ActionId": "5268d0ab-77de-4042-9d89-ba5df6a430f1", "ActionName": "Api.Controllers.PeopleController.Create (Api)", "RequestId": "0HNFGSKFKDJLB", "RequestPath": "/api/people", "Application": "Crud.Api"}
Activity.TraceId:            b47946357c15fc0680fa0af817c2d98b
Activity.SpanId:             381a4e16a1da4358
Activity.TraceFlags:         Recorded
Activity.ActivitySourceName: Microsoft.AspNetCore
Activity.DisplayName:        POST api/People
Activity.Kind:               Server
Activity.StartTime:          2025-09-11T03:43:19.6044183Z
Activity.Duration:           00:00:00.0020927
Activity.Tags:
    server.address: localhost
    http.request.method: POST
    url.scheme: http
    url.path: /api/people
    network.protocol.version: 1.1
    http.route: api/People
    http.response.status_code: 201
Resource associated with Activity:
    deployment.environment: Testing
    service.name: Crud.Api
    service.version: 1.0.0
    service.instance.id: a483e3f3-32ea-4a50-a508-2cd77b6b2522
    telemetry.sdk.name: opentelemetry
    telemetry.sdk.language: dotnet
    telemetry.sdk.version: 1.8.1
[03:43:19 DBG] Cache miss for key: entity:person:d00f448d8a6041de9a7b1a6ccfabdd82 {"SourceContext": "Infrastructure.Services.Caching.InMemoryCacheService", "ActionId": "9394f352-275e-4152-a88d-e42fa3a8f2cb", "ActionName": "Api.Controllers.PeopleController.Get (Api)", "RequestId": "0HNFGSKFKDJLC", "RequestPath": "/api/people/d00f448d-8a60-41de-9a7b-1a6ccfabdd82", "Application": "Crud.Api"}
[03:43:19 DBG] Set cache value for key: entity:person:d00f448d8a6041de9a7b1a6ccfabdd82 {"SourceContext": "Infrastructure.Services.Caching.InMemoryCacheService", "ActionId": "9394f352-275e-4152-a88d-e42fa3a8f2cb", "ActionName": "Api.Controllers.PeopleController.Get (Api)", "RequestId": "0HNFGSKFKDJLC", "RequestPath": "/api/people/d00f448d-8a60-41de-9a7b-1a6ccfabdd82", "Application": "Crud.Api"}
Activity.TraceId:            22b2144f7595454852fce97c71e8803e
Activity.SpanId:             64f3cf2a75981836
Activity.TraceFlags:         Recorded
Activity.ActivitySourceName: Microsoft.AspNetCore
Activity.DisplayName:        GET api/People/{id:guid}
Activity.Kind:               Server
Activity.StartTime:          2025-09-11T03:43:19.6066033Z
Activity.Duration:           00:00:00.0009645
Activity.Tags:
    server.address: localhost
    http.request.method: GET
    url.scheme: http
    url.path: /api/people/d00f448d-8a60-41de-9a7b-1a6ccfabdd82
    network.protocol.version: 1.1
    http.route: api/People/{id:guid}
    http.response.status_code: 200
Resource associated with Activity:
    deployment.environment: Testing
    service.name: Crud.Api
    service.version: 1.0.0
    service.instance.id: a483e3f3-32ea-4a50-a508-2cd77b6b2522
    telemetry.sdk.name: opentelemetry
    telemetry.sdk.language: dotnet
    telemetry.sdk.version: 1.8.1
[03:43:19 INF] Resetting database for worker 5188 {"SourceContext": "Infrastructure.Services.DatabaseTestService", "Application": "Crud.Api"}
[03:43:19 INF] Resetting database via file deletion for worker 5188 in CI environment {"SourceContext": "Infrastructure.Services.DatabaseTestService", "Application": "Crud.Api"}
[03:43:19 INF] Acquiring database mutex for worker 5188... {"SourceContext": "Infrastructure.Services.DatabaseTestService", "Application": "Crud.Api"}
[03:43:19 INF] Database mutex acquired for worker 5188 {"SourceContext": "Infrastructure.Services.DatabaseTestService", "Application": "Crud.Api"}
[03:43:19 INF] Current database state - CanConnect: True {"SourceContext": "Infrastructure.Services.DatabaseTestService", "Application": "Crud.Api"}
[03:43:19 INF] [Phase 0] Closing database connection for worker 5188... {"SourceContext": "Infrastructure.Services.DatabaseTestService", "Application": "Crud.Api"}
[03:43:19 INF] [Phase 0] Connection closed in 0.0007ms {"SourceContext": "Infrastructure.Services.DatabaseTestService", "Application": "Crud.Api"}
[03:43:19 INF] [Phase 1] Starting EnsureDeletedAsync for worker 5188... {"SourceContext": "Infrastructure.Services.DatabaseTestService", "Application": "Crud.Api"}
[03:43:19 INF] [Phase 1] EnsureDeletedAsync completed in 1.5524ms {"SourceContext": "Infrastructure.Services.DatabaseTestService", "Application": "Crud.Api"}
[03:43:19 INF] [Phase 2] Starting EnsureCreatedAsync for worker 5188... {"SourceContext": "Infrastructure.Services.DatabaseTestService", "Application": "Crud.Api"}
[03:43:19 INF] [Phase 2] EnsureCreatedAsync completed in 7.7819ms {"SourceContext": "Infrastructure.Services.DatabaseTestService", "Application": "Crud.Api"}
[03:43:19 INF] [Phase 3] Skipping database seeding as requested for worker 5188 {"SourceContext": "Infrastructure.Services.DatabaseTestService", "Application": "Crud.Api"}
[03:43:19 INF] Database reset via file deletion completed for worker 5188 in 109.1954ms (Close: 0.0007ms, Delete: 1.5524ms, Create: 7.7819ms) {"SourceContext": "Infrastructure.Services.DatabaseTestService", "Application": "Crud.Api"}
[03:43:19 INF] Releasing database mutex for worker 5188 {"SourceContext": "Infrastructure.Services.DatabaseTestService", "Application": "Crud.Api"}
[03:43:19 INF] Resetting database for worker 5188 {"SourceContext": "Infrastructure.Services.DatabaseTestService", "Application": "Crud.Api"}
[03:43:19 INF] Resetting database via file deletion for worker 5188 in CI environment {"SourceContext": "Infrastructure.Services.DatabaseTestService", "Application": "Crud.Api"}
[03:43:19 INF] Acquiring database mutex for worker 5188... {"SourceContext": "Infrastructure.Services.DatabaseTestService", "Application": "Crud.Api"}
[03:43:19 INF] Database mutex acquired for worker 5188 {"SourceContext": "Infrastructure.Services.DatabaseTestService", "Application": "Crud.Api"}
[03:43:19 INF] Current database state - CanConnect: True {"SourceContext": "Infrastructure.Services.DatabaseTestService", "Application": "Crud.Api"}
[03:43:19 INF] [Phase 0] Closing database connection for worker 5188... {"SourceContext": "Infrastructure.Services.DatabaseTestService", "Application": "Crud.Api"}
[03:43:19 INF] [Phase 0] Connection closed in 0.0007ms {"SourceContext": "Infrastructure.Services.DatabaseTestService", "Application": "Crud.Api"}
[03:43:19 INF] [Phase 1] Starting EnsureDeletedAsync for worker 5188... {"SourceContext": "Infrastructure.Services.DatabaseTestService", "Application": "Crud.Api"}
[03:43:19 INF] [Phase 1] EnsureDeletedAsync completed in 1.2973ms {"SourceContext": "Infrastructure.Services.DatabaseTestService", "Application": "Crud.Api"}
[03:43:19 INF] [Phase 2] Starting EnsureCreatedAsync for worker 5188... {"SourceContext": "Infrastructure.Services.DatabaseTestService", "Application": "Crud.Api"}
[03:43:19 INF] [Phase 2] EnsureCreatedAsync completed in 8.1786ms {"SourceContext": "Infrastructure.Services.DatabaseTestService", "Application": "Crud.Api"}
[03:43:19 INF] [Phase 3] Skipping database seeding as requested for worker 5188 {"SourceContext": "Infrastructure.Services.DatabaseTestService", "Application": "Crud.Api"}
[03:43:19 INF] Database reset via file deletion completed for worker 5188 in 110.5254ms (Close: 0.0007ms, Delete: 1.2973ms, Create: 8.1786ms) {"SourceContext": "Infrastructure.Services.DatabaseTestService", "Application": "Crud.Api"}
[03:43:19 INF] Releasing database mutex for worker 5188 {"SourceContext": "Infrastructure.Services.DatabaseTestService", "Application": "Crud.Api"}
[03:43:20 INF] User registered successfully: eccef376-cb14-43a8-abd1-af7f5a305ac8 {"SourceContext": "App.Features.Authentication.RegisterUserCommandHandler", "ActionId": "d0a7eb3d-18d5-4dda-b803-aa71866203fc", "ActionName": "Api.Controllers.AuthController.Register (Api)", "RequestId": "0HNFGSKFKDJLD", "RequestPath": "/api/auth/register", "Application": "Crud.Api"}
Activity.TraceId:            e92d24fd99070791ada52580fe2be937
Activity.SpanId:             9bf7d3bb13ae2b18
Activity.TraceFlags:         Recorded
Activity.ActivitySourceName: Microsoft.AspNetCore
Activity.DisplayName:        POST api/Auth/register
Activity.Kind:               Server
Activity.StartTime:          2025-09-11T03:43:19.8310437Z
Activity.Duration:           00:00:00.3007057
Activity.Tags:
    server.address: localhost
    http.request.method: POST
    url.scheme: http
    url.path: /api/auth/register
    network.protocol.version: 1.1
    http.route: api/Auth/register
    http.response.status_code: 200
Resource associated with Activity:
    deployment.environment: Testing
    service.name: Crud.Api
    service.version: 1.0.0
    service.instance.id: a483e3f3-32ea-4a50-a508-2cd77b6b2522
    telemetry.sdk.name: opentelemetry
    telemetry.sdk.language: dotnet
    telemetry.sdk.version: 1.8.1
Activity.TraceId:            9ad821ab92ba34ba4f6bbc997e93efaf
Activity.SpanId:             aa7a9767f41e3fd8
Activity.TraceFlags:         Recorded
Activity.ActivitySourceName: Microsoft.AspNetCore
Activity.DisplayName:        POST api/People
Activity.Kind:               Server
Activity.StartTime:          2025-09-11T03:43:20.1324533Z
Activity.Duration:           00:00:00.0013569
Activity.Tags:
    server.address: localhost
    http.request.method: POST
    url.scheme: http
    url.path: /api/people
    network.protocol.version: 1.1
    http.route: api/People
    http.response.status_code: 403
Resource associated with Activity:
    deployment.environment: Testing
    service.name: Crud.Api
    service.version: 1.0.0
    service.instance.id: a483e3f3-32ea-4a50-a508-2cd77b6b2522
    telemetry.sdk.name: opentelemetry
    telemetry.sdk.language: dotnet
    telemetry.sdk.version: 1.8.1
[03:43:20 INF] Resetting database for worker 5188 {"SourceContext": "Infrastructure.Services.DatabaseTestService", "Application": "Crud.Api"}
[03:43:20 INF] Resetting database via file deletion for worker 5188 in CI environment {"SourceContext": "Infrastructure.Services.DatabaseTestService", "Application": "Crud.Api"}
[03:43:20 INF] Acquiring database mutex for worker 5188... {"SourceContext": "Infrastructure.Services.DatabaseTestService", "Application": "Crud.Api"}
[03:43:20 INF] Database mutex acquired for worker 5188 {"SourceContext": "Infrastructure.Services.DatabaseTestService", "Application": "Crud.Api"}
[03:43:20 INF] Current database state - CanConnect: True {"SourceContext": "Infrastructure.Services.DatabaseTestService", "Application": "Crud.Api"}
[03:43:20 INF] [Phase 0] Closing database connection for worker 5188... {"SourceContext": "Infrastructure.Services.DatabaseTestService", "Application": "Crud.Api"}
[03:43:20 INF] [Phase 0] Connection closed in 0.0009ms {"SourceContext": "Infrastructure.Services.DatabaseTestService", "Application": "Crud.Api"}
[03:43:20 INF] [Phase 1] Starting EnsureDeletedAsync for worker 5188... {"SourceContext": "Infrastructure.Services.DatabaseTestService", "Application": "Crud.Api"}
[03:43:20 INF] [Phase 1] EnsureDeletedAsync completed in 1.6162ms {"SourceContext": "Infrastructure.Services.DatabaseTestService", "Application": "Crud.Api"}
[03:43:20 INF] [Phase 2] Starting EnsureCreatedAsync for worker 5188... {"SourceContext": "Infrastructure.Services.DatabaseTestService", "Application": "Crud.Api"}
[03:43:20 INF] [Phase 2] EnsureCreatedAsync completed in 7.7605ms {"SourceContext": "Infrastructure.Services.DatabaseTestService", "Application": "Crud.Api"}
[03:43:20 INF] [Phase 3] Skipping database seeding as requested for worker 5188 {"SourceContext": "Infrastructure.Services.DatabaseTestService", "Application": "Crud.Api"}
[03:43:20 INF] Database reset via file deletion completed for worker 5188 in 110.1572ms (Close: 0.0009ms, Delete: 1.6162ms, Create: 7.7605ms) {"SourceContext": "Infrastructure.Services.DatabaseTestService", "Application": "Crud.Api"}
[03:43:20 INF] Releasing database mutex for worker 5188 {"SourceContext": "Infrastructure.Services.DatabaseTestService", "Application": "Crud.Api"}
[03:43:20 INF] Resetting database for worker 5188 {"SourceContext": "Infrastructure.Services.DatabaseTestService", "Application": "Crud.Api"}
[03:43:20 INF] Resetting database via file deletion for worker 5188 in CI environment {"SourceContext": "Infrastructure.Services.DatabaseTestService", "Application": "Crud.Api"}
[03:43:20 INF] Acquiring database mutex for worker 5188... {"SourceContext": "Infrastructure.Services.DatabaseTestService", "Application": "Crud.Api"}
[03:43:20 INF] Database mutex acquired for worker 5188 {"SourceContext": "Infrastructure.Services.DatabaseTestService", "Application": "Crud.Api"}
[03:43:20 INF] Current database state - CanConnect: True {"SourceContext": "Infrastructure.Services.DatabaseTestService", "Application": "Crud.Api"}
[03:43:20 INF] [Phase 0] Closing database connection for worker 5188... {"SourceContext": "Infrastructure.Services.DatabaseTestService", "Application": "Crud.Api"}
[03:43:20 INF] [Phase 0] Connection closed in 0.0008ms {"SourceContext": "Infrastructure.Services.DatabaseTestService", "Application": "Crud.Api"}
[03:43:20 INF] [Phase 1] Starting EnsureDeletedAsync for worker 5188... {"SourceContext": "Infrastructure.Services.DatabaseTestService", "Application": "Crud.Api"}
[03:43:20 INF] [Phase 1] EnsureDeletedAsync completed in 1.3363ms {"SourceContext": "Infrastructure.Services.DatabaseTestService", "Application": "Crud.Api"}
[03:43:20 INF] [Phase 2] Starting EnsureCreatedAsync for worker 5188... {"SourceContext": "Infrastructure.Services.DatabaseTestService", "Application": "Crud.Api"}
[03:43:20 INF] [Phase 2] EnsureCreatedAsync completed in 7.8895ms {"SourceContext": "Infrastructure.Services.DatabaseTestService", "Application": "Crud.Api"}
[03:43:20 INF] [Phase 3] Skipping database seeding as requested for worker 5188 {"SourceContext": "Infrastructure.Services.DatabaseTestService", "Application": "Crud.Api"}
[03:43:20 INF] Database reset via file deletion completed for worker 5188 in 110.3906ms (Close: 0.0008ms, Delete: 1.3363ms, Create: 7.8895ms) {"SourceContext": "Infrastructure.Services.DatabaseTestService", "Application": "Crud.Api"}
[03:43:20 INF] Releasing database mutex for worker 5188 {"SourceContext": "Infrastructure.Services.DatabaseTestService", "Application": "Crud.Api"}
[03:43:20 INF] User registered successfully: 4883a96f-4027-464e-a4eb-7148bd77099f {"SourceContext": "App.Features.Authentication.RegisterUserCommandHandler", "ActionId": "d0a7eb3d-18d5-4dda-b803-aa71866203fc", "ActionName": "Api.Controllers.AuthController.Register (Api)", "RequestId": "0HNFGSKFKDJLF", "RequestPath": "/api/auth/register", "Application": "Crud.Api"}
Activity.TraceId:            96fd1871293e81e7e94aa2addd3e1569
Activity.SpanId:             c57df707916538e4
Activity.TraceFlags:         Recorded
Activity.ActivitySourceName: Microsoft.AspNetCore
Activity.DisplayName:        POST api/Auth/register
Activity.Kind:               Server
Activity.StartTime:          2025-09-11T03:43:20.3585045Z
Activity.Duration:           00:00:00.2988777
Activity.Tags:
    server.address: localhost
    http.request.method: POST
    url.scheme: http
    url.path: /api/auth/register
    network.protocol.version: 1.1
    http.route: api/Auth/register
    http.response.status_code: 200
Resource associated with Activity:
    deployment.environment: Testing
    service.name: Crud.Api
    service.version: 1.0.0
    service.instance.id: a483e3f3-32ea-4a50-a508-2cd77b6b2522
    telemetry.sdk.name: opentelemetry
    telemetry.sdk.language: dotnet
    telemetry.sdk.version: 1.8.1
[03:43:20 INF] User logged in successfully: 4883a96f-4027-464e-a4eb-7148bd77099f {"SourceContext": "App.Features.Authentication.LoginCommandHandler", "ActionId": "754a2af5-5f83-42ab-893d-489568c4fa66", "ActionName": "Api.Controllers.AuthController.Login (Api)", "RequestId": "0HNFGSKFKDJLG", "RequestPath": "/api/auth/login", "Application": "Crud.Api"}
Activity.TraceId:            53f8d425c39ea1a42a219bbd874274f7
Activity.SpanId:             158b90e228c90a77
Activity.TraceFlags:         Recorded
Activity.ActivitySourceName: Microsoft.AspNetCore
Activity.DisplayName:        POST api/Auth/login
Activity.Kind:               Server
Activity.StartTime:          2025-09-11T03:43:20.6584236Z
Activity.Duration:           00:00:00.2992541
Activity.Tags:
    server.address: localhost
    http.request.method: POST
    url.scheme: http
    url.path: /api/auth/login
    network.protocol.version: 1.1
    http.route: api/Auth/login
    http.response.status_code: 200
Resource associated with Activity:
    deployment.environment: Testing
    service.name: Crud.Api
    service.version: 1.0.0
    service.instance.id: a483e3f3-32ea-4a50-a508-2cd77b6b2522
    telemetry.sdk.name: opentelemetry
    telemetry.sdk.language: dotnet
    telemetry.sdk.version: 1.8.1
[03:43:20 DBG] Removed cache value for key: entity:person:be544cbe04d54a948b931bc3ef170573 {"SourceContext": "Infrastructure.Services.Caching.InMemoryCacheService", "ActionId": "1914ba47-9669-4d29-89f0-8a7a9b281edf", "ActionName": "Api.Controllers.PeopleController.Delete (Api)", "RequestId": "0HNFGSKFKDJLH", "RequestPath": "/api/people/be544cbe-04d5-4a94-8b93-1bc3ef170573", "Application": "Crud.Api"}
[03:43:20 DBG] Removed cache value for key: list:person {"SourceContext": "Infrastructure.Services.Caching.InMemoryCacheService", "ActionId": "1914ba47-9669-4d29-89f0-8a7a9b281edf", "ActionName": "Api.Controllers.PeopleController.Delete (Api)", "RequestId": "0HNFGSKFKDJLH", "RequestPath": "/api/people/be544cbe-04d5-4a94-8b93-1bc3ef170573", "Application": "Crud.Api"}
[03:43:20 DBG] Invalidating cache for entity: people/be544cbe-04d5-4a94-8b93-1bc3ef170573 with tags: people, people:be544cbe-04d5-4a94-8b93-1bc3ef170573 {"SourceContext": "Api.Services.OutputCacheInvalidationService", "ActionId": "1914ba47-9669-4d29-89f0-8a7a9b281edf", "ActionName": "Api.Controllers.PeopleController.Delete (Api)", "RequestId": "0HNFGSKFKDJLH", "RequestPath": "/api/people/be544cbe-04d5-4a94-8b93-1bc3ef170573", "Application": "Crud.Api"}
[03:43:20 DBG] Successfully invalidated cache for tag: people {"SourceContext": "Api.Services.OutputCacheInvalidationService", "ActionId": "1914ba47-9669-4d29-89f0-8a7a9b281edf", "ActionName": "Api.Controllers.PeopleController.Delete (Api)", "RequestId": "0HNFGSKFKDJLH", "RequestPath": "/api/people/be544cbe-04d5-4a94-8b93-1bc3ef170573", "Application": "Crud.Api"}
[03:43:20 DBG] Successfully invalidated cache for tag: people:be544cbe-04d5-4a94-8b93-1bc3ef170573 {"SourceContext": "Api.Services.OutputCacheInvalidationService", "ActionId": "1914ba47-9669-4d29-89f0-8a7a9b281edf", "ActionName": "Api.Controllers.PeopleController.Delete (Api)", "RequestId": "0HNFGSKFKDJLH", "RequestPath": "/api/people/be544cbe-04d5-4a94-8b93-1bc3ef170573", "Application": "Crud.Api"}
Activity.TraceId:            f8d1ef30b89f9019c87ad8603fa6e6b1
Activity.SpanId:             eaa858b3be04bfce
Activity.TraceFlags:         Recorded
Activity.ActivitySourceName: Microsoft.AspNetCore
Activity.DisplayName:        DELETE api/People/{id:guid}
Activity.Kind:               Server
Activity.StartTime:          2025-09-11T03:43:20.9584193Z
Activity.Duration:           00:00:00.0041438
Activity.Tags:
    server.address: localhost
    http.request.method: DELETE
    url.scheme: http
    url.path: /api/people/be544cbe-04d5-4a94-8b93-1bc3ef170573
    network.protocol.version: 1.1
    http.route: api/People/{id:guid}
    http.response.status_code: 204
Resource associated with Activity:
    deployment.environment: Testing
    service.name: Crud.Api
    service.version: 1.0.0
    service.instance.id: a483e3f3-32ea-4a50-a508-2cd77b6b2522
    telemetry.sdk.name: opentelemetry
    telemetry.sdk.language: dotnet
    telemetry.sdk.version: 1.8.1
[03:43:20 INF] Resetting database for worker 5188 {"SourceContext": "Infrastructure.Services.DatabaseTestService", "Application": "Crud.Api"}
[03:43:20 INF] Resetting database via file deletion for worker 5188 in CI environment {"SourceContext": "Infrastructure.Services.DatabaseTestService", "Application": "Crud.Api"}
[03:43:20 INF] Acquiring database mutex for worker 5188... {"SourceContext": "Infrastructure.Services.DatabaseTestService", "Application": "Crud.Api"}
[03:43:20 INF] Database mutex acquired for worker 5188 {"SourceContext": "Infrastructure.Services.DatabaseTestService", "Application": "Crud.Api"}
[03:43:20 INF] Current database state - CanConnect: True {"SourceContext": "Infrastructure.Services.DatabaseTestService", "Application": "Crud.Api"}
[03:43:20 INF] [Phase 0] Closing database connection for worker 5188... {"SourceContext": "Infrastructure.Services.DatabaseTestService", "Application": "Crud.Api"}
[03:43:20 INF] [Phase 0] Connection closed in 0.0009ms {"SourceContext": "Infrastructure.Services.DatabaseTestService", "Application": "Crud.Api"}
[03:43:20 INF] [Phase 1] Starting EnsureDeletedAsync for worker 5188... {"SourceContext": "Infrastructure.Services.DatabaseTestService", "Application": "Crud.Api"}
[03:43:20 INF] [Phase 1] EnsureDeletedAsync completed in 1.6174ms {"SourceContext": "Infrastructure.Services.DatabaseTestService", "Application": "Crud.Api"}
[03:43:21 INF] [Phase 2] Starting EnsureCreatedAsync for worker 5188... {"SourceContext": "Infrastructure.Services.DatabaseTestService", "Application": "Crud.Api"}
[03:43:21 INF] [Phase 2] EnsureCreatedAsync completed in 17.0841ms {"SourceContext": "Infrastructure.Services.DatabaseTestService", "Application": "Crud.Api"}
[03:43:21 INF] [Phase 3] Skipping database seeding as requested for worker 5188 {"SourceContext": "Infrastructure.Services.DatabaseTestService", "Application": "Crud.Api"}
[03:43:21 INF] Database reset via file deletion completed for worker 5188 in 119.4598ms (Close: 0.0009ms, Delete: 1.6174ms, Create: 17.0841ms) {"SourceContext": "Infrastructure.Services.DatabaseTestService", "Application": "Crud.Api"}
[03:43:21 INF] Releasing database mutex for worker 5188 {"SourceContext": "Infrastructure.Services.DatabaseTestService", "Application": "Crud.Api"}
[03:43:21 INF] Resetting database for worker 5188 {"SourceContext": "Infrastructure.Services.DatabaseTestService", "Application": "Crud.Api"}
[03:43:21 INF] Resetting database via file deletion for worker 5188 in CI environment {"SourceContext": "Infrastructure.Services.DatabaseTestService", "Application": "Crud.Api"}
[03:43:21 INF] Acquiring database mutex for worker 5188... {"SourceContext": "Infrastructure.Services.DatabaseTestService", "Application": "Crud.Api"}
[03:43:21 INF] Database mutex acquired for worker 5188 {"SourceContext": "Infrastructure.Services.DatabaseTestService", "Application": "Crud.Api"}
[03:43:21 INF] Current database state - CanConnect: True {"SourceContext": "Infrastructure.Services.DatabaseTestService", "Application": "Crud.Api"}
[03:43:21 INF] [Phase 0] Closing database connection for worker 5188... {"SourceContext": "Infrastructure.Services.DatabaseTestService", "Application": "Crud.Api"}
[03:43:21 INF] [Phase 0] Connection closed in 0.0008ms {"SourceContext": "Infrastructure.Services.DatabaseTestService", "Application": "Crud.Api"}
[03:43:21 INF] [Phase 1] Starting EnsureDeletedAsync for worker 5188... {"SourceContext": "Infrastructure.Services.DatabaseTestService", "Application": "Crud.Api"}
[03:43:21 INF] [Phase 1] EnsureDeletedAsync completed in 1.2778ms {"SourceContext": "Infrastructure.Services.DatabaseTestService", "Application": "Crud.Api"}
[03:43:21 INF] [Phase 2] Starting EnsureCreatedAsync for worker 5188... {"SourceContext": "Infrastructure.Services.DatabaseTestService", "Application": "Crud.Api"}
[03:43:21 INF] [Phase 2] EnsureCreatedAsync completed in 8.2705ms {"SourceContext": "Infrastructure.Services.DatabaseTestService", "Application": "Crud.Api"}
[03:43:21 INF] [Phase 3] Skipping database seeding as requested for worker 5188 {"SourceContext": "Infrastructure.Services.DatabaseTestService", "Application": "Crud.Api"}
[03:43:21 INF] Database reset via file deletion completed for worker 5188 in 110.9177ms (Close: 0.0008ms, Delete: 1.2778ms, Create: 8.2705ms) {"SourceContext": "Infrastructure.Services.DatabaseTestService", "Application": "Crud.Api"}
[03:43:21 INF] Releasing database mutex for worker 5188 {"SourceContext": "Infrastructure.Services.DatabaseTestService", "Application": "Crud.Api"}
[03:43:21 INF] User registered successfully: 3d1f3c68-d1a1-45f6-8f3d-bc3efa1c88ae {"SourceContext": "App.Features.Authentication.RegisterUserCommandHandler", "ActionId": "d0a7eb3d-18d5-4dda-b803-aa71866203fc", "ActionName": "Api.Controllers.AuthController.Register (Api)", "RequestId": "0HNFGSKFKDJLI", "RequestPath": "/api/auth/register", "Application": "Crud.Api"}
Activity.TraceId:            25f11647c460da4ce824d8ae53a9297b
Activity.SpanId:             17323adfc8966b66
Activity.TraceFlags:         Recorded
Activity.ActivitySourceName: Microsoft.AspNetCore
Activity.DisplayName:        POST api/Auth/register
Activity.Kind:               Server
Activity.StartTime:          2025-09-11T03:43:21.1972639Z
Activity.Duration:           00:00:00.2992413
Activity.Tags:
    server.address: localhost
    http.request.method: POST
    url.scheme: http
    url.path: /api/auth/register
    network.protocol.version: 1.1
    http.route: api/Auth/register
    http.response.status_code: 200
Resource associated with Activity:
    deployment.environment: Testing
    service.name: Crud.Api
    service.version: 1.0.0
    service.instance.id: a483e3f3-32ea-4a50-a508-2cd77b6b2522
    telemetry.sdk.name: opentelemetry
    telemetry.sdk.language: dotnet
    telemetry.sdk.version: 1.8.1
Resource associated with Metric:
    deployment.environment: Testing
    service.name: Crud.Api
    service.version: 1.0.0
    service.instance.id: a483e3f3-32ea-4a50-a508-2cd77b6b2522
    telemetry.sdk.name: opentelemetry
    telemetry.sdk.language: dotnet
    telemetry.sdk.version: 1.8.1
Metric Name: http.server.active_requests, Number of active HTTP server requests., Unit: {request}, Meter: Microsoft.AspNetCore.Hosting
(2025-09-11T03:43:11.7040532Z, 2025-09-11T03:43:21.7040519Z] http.request.method: POST url.scheme: http LongSumNonMonotonic
Value: 1
(2025-09-11T03:43:11.7040532Z, 2025-09-11T03:43:21.7040519Z] http.request.method: GET url.scheme: http LongSumNonMonotonic
Value: 0
(2025-09-11T03:43:11.7040532Z, 2025-09-11T03:43:21.7040519Z] http.request.method: PUT url.scheme: http LongSumNonMonotonic
Value: 0
(2025-09-11T03:43:11.7040532Z, 2025-09-11T03:43:21.7040519Z] http.request.method: DELETE url.scheme: http LongSumNonMonotonic
Value: 0
Metric Name: http.server.request.duration, Duration of HTTP server requests., Unit: s, Meter: Microsoft.AspNetCore.Hosting
(2025-09-11T03:43:11.7041370Z, 2025-09-11T03:43:21.7040558Z] http.request.method: POST http.response.status_code: 200 http.route: api/Auth/register network.protocol.version: 1.1 url.scheme: http Histogram
Value: Sum: 4.2129985 Count: 14 Min: 0.2988185 Max: 0.3070688 
(-Infinity,0.005]:0
(0.005,0.01]:0
(0.01,0.025]:0
(0.025,0.05]:0
(0.05,0.075]:0
(0.075,0.1]:0
(0.1,0.25]:0
(0.25,0.5]:14
(0.5,0.75]:0
(0.75,1]:0
(1,2.5]:0
(2.5,5]:0
(5,7.5]:0
(7.5,10]:0
(10,+Infinity]:0
(2025-09-11T03:43:11.7041370Z, 2025-09-11T03:43:21.7040558Z] http.request.method: POST http.response.status_code: 200 http.route: api/Auth/login network.protocol.version: 1.1 url.scheme: http Histogram
Value: Sum: 2.4107178 Count: 8 Min: 0.2988768 Max: 0.3057225 
(-Infinity,0.005]:0
(0.005,0.01]:0
(0.01,0.025]:0
(0.025,0.05]:0
(0.05,0.075]:0
(0.075,0.1]:0
(0.1,0.25]:0
(0.25,0.5]:8
(0.5,0.75]:0
(0.75,1]:0
(1,2.5]:0
(2.5,5]:0
(5,7.5]:0
(7.5,10]:0
(10,+Infinity]:0
(2025-09-11T03:43:11.7041370Z, 2025-09-11T03:43:21.7040558Z] http.request.method: POST http.response.status_code: 201 http.route: api/Roles network.protocol.version: 1.1 url.scheme: http Histogram
Value: Sum: 0.0255499 Count: 3 Min: 0.0019045 Max: 0.0198512 
(-Infinity,0.005]:2
(0.005,0.01]:0
(0.01,0.025]:1
(0.025,0.05]:0
(0.05,0.075]:0
(0.075,0.1]:0
(0.1,0.25]:0
(0.25,0.5]:0
(0.5,0.75]:0
(0.75,1]:0
(1,2.5]:0
(2.5,5]:0
(5,7.5]:0
(7.5,10]:0
(10,+Infinity]:0
(2025-09-11T03:43:11.7041370Z, 2025-09-11T03:43:21.7040558Z] http.request.method: POST http.response.status_code: 201 http.route: api/People network.protocol.version: 1.1 url.scheme: http Histogram
Value: Sum: 0.025948799999999998 Count: 6 Min: 0.0016952 Max: 0.0137411 
(-Infinity,0.005]:5
(0.005,0.01]:0
(0.01,0.025]:1
(0.025,0.05]:0
(0.05,0.075]:0
(0.075,0.1]:0
(0.1,0.25]:0
(0.25,0.5]:0
(0.5,0.75]:0
(0.75,1]:0
(1,2.5]:0
(2.5,5]:0
(5,7.5]:0
(7.5,10]:0
(10,+Infinity]:0
(2025-09-11T03:43:11.7041370Z, 2025-09-11T03:43:21.7040558Z] http.request.method: GET http.response.status_code: 200 http.route: api/People network.protocol.version: 1.1 url.scheme: http Histogram
Value: Sum: 0.0072304 Count: 1 Min: 0.0072304 Max: 0.0072304 
(-Infinity,0.005]:0
(0.005,0.01]:1
(0.01,0.025]:0
(0.025,0.05]:0
(0.05,0.075]:0
(0.075,0.1]:0
(0.1,0.25]:0
(0.25,0.5]:0
(0.5,0.75]:0
(0.75,1]:0
(1,2.5]:0
(2.5,5]:0
(5,7.5]:0
(7.5,10]:0
(10,+Infinity]:0
(2025-09-11T03:43:11.7041370Z, 2025-09-11T03:43:21.7040558Z] http.request.method: POST http.response.status_code: 400 http.route: api/People network.protocol.version: 1.1 url.scheme: http Histogram
Value: Sum: 0.0021717 Count: 1 Min: 0.0021717 Max: 0.0021717 
(-Infinity,0.005]:1
(0.005,0.01]:0
(0.01,0.025]:0
(0.025,0.05]:0
(0.05,0.075]:0
(0.075,0.1]:0
(0.1,0.25]:0
(0.25,0.5]:0
(0.5,0.75]:0
(0.75,1]:0
(1,2.5]:0
(2.5,5]:0
(5,7.5]:0
(7.5,10]:0
(10,+Infinity]:0
(2025-09-11T03:43:11.7041370Z, 2025-09-11T03:43:21.7040558Z] http.request.method: PUT http.response.status_code: 204 http.route: api/People/{id:guid} network.protocol.version: 1.1 url.scheme: http Histogram
Value: Sum: 0.0067609 Count: 1 Min: 0.0067609 Max: 0.0067609 
(-Infinity,0.005]:0
(0.005,0.01]:1
(0.01,0.025]:0
(0.025,0.05]:0
(0.05,0.075]:0
(0.075,0.1]:0
(0.1,0.25]:0
(0.25,0.5]:0
(0.5,0.75]:0
(0.75,1]:0
(1,2.5]:0
(2.5,5]:0
(5,7.5]:0
(7.5,10]:0
(10,+Infinity]:0
(2025-09-11T03:43:11.7041370Z, 2025-09-11T03:43:21.7040558Z] http.request.method: GET http.response.status_code: 200 http.route: api/People/{id:guid} network.protocol.version: 1.1 url.scheme: http Histogram
Value: Sum: 0.0056647 Count: 3 Min: 0.0009616 Max: 0.0033244 
(-Infinity,0.005]:3
(0.005,0.01]:0
(0.01,0.025]:0
(0.025,0.05]:0
(0.05,0.075]:0
(0.075,0.1]:0
(0.1,0.25]:0
(0.25,0.5]:0
(0.5,0.75]:0
(0.75,1]:0
(1,2.5]:0
(2.5,5]:0
(5,7.5]:0
(7.5,10]:0
(10,+Infinity]:0
(2025-09-11T03:43:11.7041370Z, 2025-09-11T03:43:21.7040558Z] http.request.method: GET http.response.status_code: 401 http.route: api/People network.protocol.version: 1.1 url.scheme: http Histogram
Value: Sum: 0.0002578 Count: 1 Min: 0.0002578 Max: 0.0002578 
(-Infinity,0.005]:1
(0.005,0.01]:0
(0.01,0.025]:0
(0.025,0.05]:0
(0.05,0.075]:0
(0.075,0.1]:0
(0.1,0.25]:0
(0.25,0.5]:0
(0.5,0.75]:0
(0.75,1]:0
(1,2.5]:0
(2.5,5]:0
(5,7.5]:0
(7.5,10]:0
(10,+Infinity]:0
(2025-09-11T03:43:11.7041370Z, 2025-09-11T03:43:21.7040558Z] http.request.method: POST http.response.status_code: 401 http.route: api/People network.protocol.version: 1.1 url.scheme: http Histogram
Value: Sum: 0.0002327 Count: 1 Min: 0.0002327 Max: 0.0002327 
(-Infinity,0.005]:1
(0.005,0.01]:0
(0.01,0.025]:0
(0.025,0.05]:0
(0.05,0.075]:0
(0.075,0.1]:0
(0.1,0.25]:0
(0.25,0.5]:0
(0.5,0.75]:0
(0.75,1]:0
(1,2.5]:0
(2.5,5]:0
(5,7.5]:0
(7.5,10]:0
(10,+Infinity]:0
(2025-09-11T03:43:11.7041370Z, 2025-09-11T03:43:21.7040558Z] http.request.method: GET http.response.status_code: 404 http.route: api/People/{id:guid} network.protocol.version: 1.1 url.scheme: http Histogram
Value: Sum: 0.0037343 Count: 1 Min: 0.0037343 Max: 0.0037343 
(-Infinity,0.005]:1
(0.005,0.01]:0
(0.01,0.025]:0
(0.025,0.05]:0
(0.05,0.075]:0
(0.075,0.1]:0
(0.1,0.25]:0
(0.25,0.5]:0
(0.5,0.75]:0
(0.75,1]:0
(1,2.5]:0
(2.5,5]:0
(5,7.5]:0
(7.5,10]:0
(10,+Infinity]:0
(2025-09-11T03:43:11.7041370Z, 2025-09-11T03:43:21.7040558Z] http.request.method: POST http.response.status_code: 403 http.route: api/People network.protocol.version: 1.1 url.scheme: http Histogram
Value: Sum: 0.0013517 Count: 1 Min: 0.0013517 Max: 0.0013517 
(-Infinity,0.005]:1
(0.005,0.01]:0
(0.01,0.025]:0
(0.025,0.05]:0
(0.05,0.075]:0
(0.075,0.1]:0
(0.1,0.25]:0
(0.25,0.5]:0
(0.5,0.75]:0
(0.75,1]:0
(1,2.5]:0
(2.5,5]:0
(5,7.5]:0
(7.5,10]:0
(10,+Infinity]:0
(2025-09-11T03:43:11.7041370Z, 2025-09-11T03:43:21.7040558Z] http.request.method: DELETE http.response.status_code: 204 http.route: api/People/{id:guid} network.protocol.version: 1.1 url.scheme: http Histogram
Value: Sum: 0.0041415 Count: 1 Min: 0.0041415 Max: 0.0041415 
(-Infinity,0.005]:1
(0.005,0.01]:0
(0.01,0.025]:0
(0.025,0.05]:0
(0.05,0.075]:0
(0.075,0.1]:0
(0.1,0.25]:0
(0.25,0.5]:0
(0.5,0.75]:0
(0.75,1]:0
(1,2.5]:0
(2.5,5]:0
(5,7.5]:0
(7.5,10]:0
(10,+Infinity]:0
Metric Name: aspnetcore.rate_limiting.active_request_leases, Number of HTTP requests that are currently active on the server that hold a rate limiting lease., Unit: {request}, Meter: Microsoft.AspNetCore.RateLimiting
(2025-09-11T03:43:11.7059993Z, 2025-09-11T03:43:21.7040565Z] LongSumNonMonotonic
Value: 1
Metric Name: aspnetcore.rate_limiting.request_lease.duration, The duration of rate limiting leases held by HTTP requests on the server., Unit: s, Meter: Microsoft.AspNetCore.RateLimiting
(2025-09-11T03:43:11.7060745Z, 2025-09-11T03:43:21.7040573Z] Histogram
Value: Sum: 6.698924899999999 Count: 42 Min: 0.0001134 Max: 0.3069529 
(-Infinity,0.005]:16
(0.005,0.01]:2
(0.01,0.025]:2
(0.025,0.05]:0
(0.05,0.075]:0
(0.075,0.1]:0
(0.1,0.25]:0
(0.25,0.5]:22
(0.5,0.75]:0
(0.75,1]:0
(1,2.5]:0
(2.5,5]:0
(5,7.5]:0
(7.5,10]:0
(10,+Infinity]:0
Metric Name: aspnetcore.rate_limiting.requests, Number of requests that tried to acquire a rate limiting lease. Requests could be rejected by global or endpoint rate limiting policies. Or the request could be canceled while waiting for the lease., Unit: {request}, Meter: Microsoft.AspNetCore.RateLimiting
(2025-09-11T03:43:11.7062829Z, 2025-09-11T03:43:21.7040586Z] aspnetcore.rate_limiting.result: acquired LongSum
Value: 42
Metric Name: aspnetcore.routing.match_attempts, Number of requests that were attempted to be matched to an endpoint., Unit: {match_attempt}, Meter: Microsoft.AspNetCore.Routing
(2025-09-11T03:43:11.7070585Z, 2025-09-11T03:43:21.7040595Z] aspnetcore.routing.is_fallback: false aspnetcore.routing.match_status: success http.route: api/Auth/register LongSum
Value: 14
(2025-09-11T03:43:11.7070585Z, 2025-09-11T03:43:21.7040595Z] aspnetcore.routing.is_fallback: false aspnetcore.routing.match_status: success http.route: api/Auth/login LongSum
Value: 9
(2025-09-11T03:43:11.7070585Z, 2025-09-11T03:43:21.7040595Z] aspnetcore.routing.is_fallback: false aspnetcore.routing.match_status: success http.route: api/Roles LongSum
Value: 3
(2025-09-11T03:43:11.7070585Z, 2025-09-11T03:43:21.7040595Z] aspnetcore.routing.is_fallback: false aspnetcore.routing.match_status: success http.route: api/People LongSum
Value: 11
(2025-09-11T03:43:11.7070585Z, 2025-09-11T03:43:21.7040595Z] aspnetcore.routing.is_fallback: false aspnetcore.routing.match_status: success http.route: api/People/{id:guid} LongSum
Value: 6
[03:43:21 INF] User logged in successfully: 3d1f3c68-d1a1-45f6-8f3d-bc3efa1c88ae {"SourceContext": "App.Features.Authentication.LoginCommandHandler", "ActionId": "754a2af5-5f83-42ab-893d-489568c4fa66", "ActionName": "Api.Controllers.AuthController.Login (Api)", "RequestId": "0HNFGSKFKDJLJ", "RequestPath": "/api/auth/login", "Application": "Crud.Api"}
Activity.TraceId:            9e0e1333d122d5e7cd452ce32553b7e2
Activity.SpanId:             7f6be2799c574ee2
Activity.TraceFlags:         Recorded
Activity.ActivitySourceName: Microsoft.AspNetCore
Activity.DisplayName:        POST api/Auth/login
Activity.Kind:               Server
Activity.StartTime:          2025-09-11T03:43:21.4991894Z
Activity.Duration:           00:00:00.2997372
Activity.Tags:
    server.address: localhost
    http.request.method: POST
    url.scheme: http
    url.path: /api/auth/login
    network.protocol.version: 1.1
    http.route: api/Auth/login
    http.response.status_code: 200
Resource associated with Activity:
    deployment.environment: Testing
    service.name: Crud.Api
    service.version: 1.0.0
    service.instance.id: a483e3f3-32ea-4a50-a508-2cd77b6b2522
    telemetry.sdk.name: opentelemetry
    telemetry.sdk.language: dotnet
    telemetry.sdk.version: 1.8.1
[03:43:21 DBG] Removed cache value for key: entity:person:3d9c554b2a10485b98c5fbfa14364f2d {"SourceContext": "Infrastructure.Services.Caching.InMemoryCacheService", "ActionId": "5268d0ab-77de-4042-9d89-ba5df6a430f1", "ActionName": "Api.Controllers.PeopleController.Create (Api)", "RequestId": "0HNFGSKFKDJLK", "RequestPath": "/api/people", "Application": "Crud.Api"}
[03:43:21 DBG] Removed cache value for key: list:person {"SourceContext": "Infrastructure.Services.Caching.InMemoryCacheService", "ActionId": "5268d0ab-77de-4042-9d89-ba5df6a430f1", "ActionName": "Api.Controllers.PeopleController.Create (Api)", "RequestId": "0HNFGSKFKDJLK", "RequestPath": "/api/people", "Application": "Crud.Api"}
[03:43:21 DBG] Invalidating cache for entity type: people with tag: people {"SourceContext": "Api.Services.OutputCacheInvalidationService", "ActionId": "5268d0ab-77de-4042-9d89-ba5df6a430f1", "ActionName": "Api.Controllers.PeopleController.Create (Api)", "RequestId": "0HNFGSKFKDJLK", "RequestPath": "/api/people", "Application": "Crud.Api"}
[03:43:21 INF] Successfully invalidated cache for entity type: people {"SourceContext": "Api.Services.OutputCacheInvalidationService", "ActionId": "5268d0ab-77de-4042-9d89-ba5df6a430f1", "ActionName": "Api.Controllers.PeopleController.Create (Api)", "RequestId": "0HNFGSKFKDJLK", "RequestPath": "/api/people", "Application": "Crud.Api"}
Activity.TraceId:            bbeea996893e9db87d8b2c0cebb6ea38
Activity.SpanId:             824ba4b7e5ce2da0
Activity.TraceFlags:         Recorded
Activity.ActivitySourceName: Microsoft.AspNetCore
Activity.DisplayName:        POST api/People
Activity.Kind:               Server
Activity.StartTime:          2025-09-11T03:43:21.7996331Z
Activity.Duration:           00:00:00.0016899
Activity.Tags:
    server.address: localhost
    http.request.method: POST
    url.scheme: http
    url.path: /api/people
    network.protocol.version: 1.1
    http.route: api/People
    http.response.status_code: 201
Resource associated with Activity:
    deployment.environment: Testing
    service.name: Crud.Api
    service.version: 1.0.0
    service.instance.id: a483e3f3-32ea-4a50-a508-2cd77b6b2522
    telemetry.sdk.name: opentelemetry
    telemetry.sdk.language: dotnet
    telemetry.sdk.version: 1.8.1
[03:43:21 DBG] Removed cache value for key: entity:person:3d9c554b2a10485b98c5fbfa14364f2d {"SourceContext": "Infrastructure.Services.Caching.InMemoryCacheService", "ActionId": "1914ba47-9669-4d29-89f0-8a7a9b281edf", "ActionName": "Api.Controllers.PeopleController.Delete (Api)", "RequestId": "0HNFGSKFKDJLL", "RequestPath": "/api/people/3d9c554b-2a10-485b-98c5-fbfa14364f2d", "Application": "Crud.Api"}
[03:43:21 DBG] Removed cache value for key: list:person {"SourceContext": "Infrastructure.Services.Caching.InMemoryCacheService", "ActionId": "1914ba47-9669-4d29-89f0-8a7a9b281edf", "ActionName": "Api.Controllers.PeopleController.Delete (Api)", "RequestId": "0HNFGSKFKDJLL", "RequestPath": "/api/people/3d9c554b-2a10-485b-98c5-fbfa14364f2d", "Application": "Crud.Api"}
[03:43:21 DBG] Invalidating cache for entity: people/3d9c554b-2a10-485b-98c5-fbfa14364f2d with tags: people, people:3d9c554b-2a10-485b-98c5-fbfa14364f2d {"SourceContext": "Api.Services.OutputCacheInvalidationService", "ActionId": "1914ba47-9669-4d29-89f0-8a7a9b281edf", "ActionName": "Api.Controllers.PeopleController.Delete (Api)", "RequestId": "0HNFGSKFKDJLL", "RequestPath": "/api/people/3d9c554b-2a10-485b-98c5-fbfa14364f2d", "Application": "Crud.Api"}
[03:43:21 DBG] Successfully invalidated cache for tag: people {"SourceContext": "Api.Services.OutputCacheInvalidationService", "ActionId": "1914ba47-9669-4d29-89f0-8a7a9b281edf", "ActionName": "Api.Controllers.PeopleController.Delete (Api)", "RequestId": "0HNFGSKFKDJLL", "RequestPath": "/api/people/3d9c554b-2a10-485b-98c5-fbfa14364f2d", "Application": "Crud.Api"}
[03:43:21 DBG] Successfully invalidated cache for tag: people:3d9c554b-2a10-485b-98c5-fbfa14364f2d {"SourceContext": "Api.Services.OutputCacheInvalidationService", "ActionId": "1914ba47-9669-4d29-89f0-8a7a9b281edf", "ActionName": "Api.Controllers.PeopleController.Delete (Api)", "RequestId": "0HNFGSKFKDJLL", "RequestPath": "/api/people/3d9c554b-2a10-485b-98c5-fbfa14364f2d", "Application": "Crud.Api"}
Activity.TraceId:            3497d17ea41216a9fae8c87431d56dcc
Activity.SpanId:             009985e0d1a70a36
Activity.TraceFlags:         Recorded
Activity.ActivitySourceName: Microsoft.AspNetCore
Activity.DisplayName:        DELETE api/People/{id:guid}
Activity.Kind:               Server
Activity.StartTime:          2025-09-11T03:43:21.8015944Z
Activity.Duration:           00:00:00.0017110
Activity.Tags:
    server.address: localhost
    http.request.method: DELETE
    url.scheme: http
    url.path: /api/people/3d9c554b-2a10-485b-98c5-fbfa14364f2d
    network.protocol.version: 1.1
    http.route: api/People/{id:guid}
    http.response.status_code: 204
Resource associated with Activity:
    deployment.environment: Testing
    service.name: Crud.Api
    service.version: 1.0.0
    service.instance.id: a483e3f3-32ea-4a50-a508-2cd77b6b2522
    telemetry.sdk.name: opentelemetry
    telemetry.sdk.language: dotnet
    telemetry.sdk.version: 1.8.1
[03:43:21 DBG] Cache miss for key: entity:person:3d9c554b2a10485b98c5fbfa14364f2d {"SourceContext": "Infrastructure.Services.Caching.InMemoryCacheService", "ActionId": "9394f352-275e-4152-a88d-e42fa3a8f2cb", "ActionName": "Api.Controllers.PeopleController.Get (Api)", "RequestId": "0HNFGSKFKDJLM", "RequestPath": "/api/people/3d9c554b-2a10-485b-98c5-fbfa14364f2d", "Application": "Crud.Api"}
Activity.TraceId:            3a7b27a1d0a7e8642ddb775d5be00de6
Activity.SpanId:             77c5b45ae8026332
Activity.TraceFlags:         Recorded
Activity.ActivitySourceName: Microsoft.AspNetCore
Activity.DisplayName:        GET api/People/{id:guid}
Activity.Kind:               Server
Activity.StartTime:          2025-09-11T03:43:21.8033717Z
Activity.Duration:           00:00:00.0007745
Activity.Tags:
    server.address: localhost
    http.request.method: GET
    url.scheme: http
    url.path: /api/people/3d9c554b-2a10-485b-98c5-fbfa14364f2d
    network.protocol.version: 1.1
    http.route: api/People/{id:guid}
    http.response.status_code: 404
Resource associated with Activity:
    deployment.environment: Testing
    service.name: Crud.Api
    service.version: 1.0.0
    service.instance.id: a483e3f3-32ea-4a50-a508-2cd77b6b2522
    telemetry.sdk.name: opentelemetry
    telemetry.sdk.language: dotnet
    telemetry.sdk.version: 1.8.1
[03:43:21 INF] Resetting database for worker 5188 {"SourceContext": "Infrastructure.Services.DatabaseTestService", "Application": "Crud.Api"}
[03:43:21 INF] Resetting database via file deletion for worker 5188 in CI environment {"SourceContext": "Infrastructure.Services.DatabaseTestService", "Application": "Crud.Api"}
[03:43:21 INF] Acquiring database mutex for worker 5188... {"SourceContext": "Infrastructure.Services.DatabaseTestService", "Application": "Crud.Api"}
[03:43:21 INF] Database mutex acquired for worker 5188 {"SourceContext": "Infrastructure.Services.DatabaseTestService", "Application": "Crud.Api"}
[03:43:21 INF] Current database state - CanConnect: True {"SourceContext": "Infrastructure.Services.DatabaseTestService", "Application": "Crud.Api"}
[03:43:21 INF] [Phase 0] Closing database connection for worker 5188... {"SourceContext": "Infrastructure.Services.DatabaseTestService", "Application": "Crud.Api"}
[03:43:21 INF] [Phase 0] Connection closed in 0.0005ms {"SourceContext": "Infrastructure.Services.DatabaseTestService", "Application": "Crud.Api"}
[03:43:21 INF] [Phase 1] Starting EnsureDeletedAsync for worker 5188... {"SourceContext": "Infrastructure.Services.DatabaseTestService", "Application": "Crud.Api"}
[03:43:21 INF] [Phase 1] EnsureDeletedAsync completed in 1.4342ms {"SourceContext": "Infrastructure.Services.DatabaseTestService", "Application": "Crud.Api"}
[03:43:21 INF] [Phase 2] Starting EnsureCreatedAsync for worker 5188... {"SourceContext": "Infrastructure.Services.DatabaseTestService", "Application": "Crud.Api"}
[03:43:21 INF] [Phase 2] EnsureCreatedAsync completed in 8.2161ms {"SourceContext": "Infrastructure.Services.DatabaseTestService", "Application": "Crud.Api"}
[03:43:21 INF] [Phase 3] Skipping database seeding as requested for worker 5188 {"SourceContext": "Infrastructure.Services.DatabaseTestService", "Application": "Crud.Api"}
[03:43:21 INF] Database reset via file deletion completed for worker 5188 in 110.5248ms (Close: 0.0005ms, Delete: 1.4342ms, Create: 8.2161ms) {"SourceContext": "Infrastructure.Services.DatabaseTestService", "Application": "Crud.Api"}
[03:43:21 INF] Releasing database mutex for worker 5188 {"SourceContext": "Infrastructure.Services.DatabaseTestService", "Application": "Crud.Api"}
[03:43:21 INF] Resetting database for worker 5188 {"SourceContext": "Infrastructure.Services.DatabaseTestService", "Application": "Crud.Api"}
[03:43:21 INF] Resetting database via file deletion for worker 5188 in CI environment {"SourceContext": "Infrastructure.Services.DatabaseTestService", "Application": "Crud.Api"}
[03:43:21 INF] Acquiring database mutex for worker 5188... {"SourceContext": "Infrastructure.Services.DatabaseTestService", "Application": "Crud.Api"}
[03:43:21 INF] Database mutex acquired for worker 5188 {"SourceContext": "Infrastructure.Services.DatabaseTestService", "Application": "Crud.Api"}
[03:43:21 INF] Current database state - CanConnect: True {"SourceContext": "Infrastructure.Services.DatabaseTestService", "Application": "Crud.Api"}
[03:43:21 INF] [Phase 0] Closing database connection for worker 5188... {"SourceContext": "Infrastructure.Services.DatabaseTestService", "Application": "Crud.Api"}
[03:43:21 INF] [Phase 0] Connection closed in 0.0009ms {"SourceContext": "Infrastructure.Services.DatabaseTestService", "Application": "Crud.Api"}
[03:43:21 INF] [Phase 1] Starting EnsureDeletedAsync for worker 5188... {"SourceContext": "Infrastructure.Services.DatabaseTestService", "Application": "Crud.Api"}
[03:43:21 INF] [Phase 1] EnsureDeletedAsync completed in 1.3424ms {"SourceContext": "Infrastructure.Services.DatabaseTestService", "Application": "Crud.Api"}
[03:43:22 INF] [Phase 2] Starting EnsureCreatedAsync for worker 5188... {"SourceContext": "Infrastructure.Services.DatabaseTestService", "Application": "Crud.Api"}
[03:43:22 INF] [Phase 2] EnsureCreatedAsync completed in 7.9629ms {"SourceContext": "Infrastructure.Services.DatabaseTestService", "Application": "Crud.Api"}
[03:43:22 INF] [Phase 3] Skipping database seeding as requested for worker 5188 {"SourceContext": "Infrastructure.Services.DatabaseTestService", "Application": "Crud.Api"}
[03:43:22 INF] Database reset via file deletion completed for worker 5188 in 110.8327ms (Close: 0.0009ms, Delete: 1.3424ms, Create: 7.9629ms) {"SourceContext": "Infrastructure.Services.DatabaseTestService", "Application": "Crud.Api"}
[03:43:22 INF] Releasing database mutex for worker 5188 {"SourceContext": "Infrastructure.Services.DatabaseTestService", "Application": "Crud.Api"}
[03:43:22 INF] User registered successfully: da27a088-5be5-4256-a3de-3ea74f84e803 {"SourceContext": "App.Features.Authentication.RegisterUserCommandHandler", "ActionId": "d0a7eb3d-18d5-4dda-b803-aa71866203fc", "ActionName": "Api.Controllers.AuthController.Register (Api)", "RequestId": "0HNFGSKFKDJLN", "RequestPath": "/api/auth/register", "Application": "Crud.Api"}
Activity.TraceId:            fb49cf311f75c1f0b4d09d59da1760b2
Activity.SpanId:             e05c0f0642724c96
Activity.TraceFlags:         Recorded
Activity.ActivitySourceName: Microsoft.AspNetCore
Activity.DisplayName:        POST api/Auth/register
Activity.Kind:               Server
Activity.StartTime:          2025-09-11T03:43:22.0296754Z
Activity.Duration:           00:00:00.2991402
Activity.Tags:
    server.address: localhost
    http.request.method: POST
    url.scheme: http
    url.path: /api/auth/register
    network.protocol.version: 1.1
    http.route: api/Auth/register
    http.response.status_code: 200
Resource associated with Activity:
    deployment.environment: Testing
    service.name: Crud.Api
    service.version: 1.0.0
    service.instance.id: a483e3f3-32ea-4a50-a508-2cd77b6b2522
    telemetry.sdk.name: opentelemetry
    telemetry.sdk.language: dotnet
    telemetry.sdk.version: 1.8.1
[03:43:22 INF] User logged in successfully: da27a088-5be5-4256-a3de-3ea74f84e803 {"SourceContext": "App.Features.Authentication.LoginCommandHandler", "ActionId": "754a2af5-5f83-42ab-893d-489568c4fa66", "ActionName": "Api.Controllers.AuthController.Login (Api)", "RequestId": "0HNFGSKFKDJLO", "RequestPath": "/api/auth/login", "Application": "Crud.Api"}
Activity.TraceId:            e27b4f955cd5d1bd0646bc7d242de8f1
Activity.SpanId:             ffee557fc6f674f5
Activity.TraceFlags:         Recorded
Activity.ActivitySourceName: Microsoft.AspNetCore
Activity.DisplayName:        POST api/Auth/login
Activity.Kind:               Server
Activity.StartTime:          2025-09-11T03:43:22.3301778Z
Activity.Duration:           00:00:00.2996813
Activity.Tags:
    server.address: localhost
    http.request.method: POST
    url.scheme: http
    url.path: /api/auth/login
    network.protocol.version: 1.1
    http.route: api/Auth/login
    http.response.status_code: 200
Resource associated with Activity:
    deployment.environment: Testing
    service.name: Crud.Api
    service.version: 1.0.0
    service.instance.id: a483e3f3-32ea-4a50-a508-2cd77b6b2522
    telemetry.sdk.name: opentelemetry
    telemetry.sdk.language: dotnet
    telemetry.sdk.version: 1.8.1
[03:43:22 DBG] Cache miss for key: entity:person:4979d1de3e7343e1a1d689aa466b1480 {"SourceContext": "Infrastructure.Services.Caching.InMemoryCacheService", "ActionId": "7868c9f7-0777-48e2-954b-1420854695ab", "ActionName": "Api.Controllers.PeopleController.Update (Api)", "RequestId": "0HNFGSKFKDJLP", "RequestPath": "/api/people/4979d1de-3e73-43e1-a1d6-89aa466b1480", "Application": "Crud.Api"}
[03:43:22 ERR] An unhandled exception occurred during request PUT /api/people/4979d1de-3e73-43e1-a1d6-89aa466b1480. Request ID: 0HNFGSKFKDJLP, User: Anonymous {"SourceContext": "Api.Middleware.GlobalExceptionHandlingMiddleware", "RequestPath": "/api/people/4979d1de-3e73-43e1-a1d6-89aa466b1480", "Application": "Crud.Api"}
System.Collections.Generic.KeyNotFoundException: Person 4979d1de-3e73-43e1-a1d6-89aa466b1480 not found
   at App.Features.People.UpdatePersonCommandHandler.Handle(UpdatePersonCommand request, CancellationToken cancellationToken) in /home/runner/work/Crud/Crud/src/App/Features/People/CommandHandlers.cs:line 31
   at MediatR.Wrappers.RequestHandlerWrapperImpl`1.&lt;&gt;c__DisplayClass1_0.&lt;&lt;Handle&gt;g__Handler|0&gt;d.MoveNext()
--- End of stack trace from previous location ---
   at Api.Controllers.PeopleController.Update(Guid id, UpdatePersonRequest request, CancellationToken ct) in /home/runner/work/Crud/Crud/src/Api/Controllers/PeopleController.cs:line 54
   at Microsoft.AspNetCore.Mvc.Infrastructure.ActionMethodExecutor.TaskOfIActionResultExecutor.Execute(ActionContext actionContext, IActionResultTypeMapper mapper, ObjectMethodExecutor executor, Object controller, Object[] arguments)
   at Microsoft.AspNetCore.Mvc.Infrastructure.ControllerActionInvoker.&lt;InvokeActionMethodAsync&gt;g__Logged|12_1(ControllerActionInvoker invoker)
   at Microsoft.AspNetCore.Mvc.Infrastructure.ControllerActionInvoker.&lt;InvokeNextActionFilterAsync&gt;g__Awaited|10_0(ControllerActionInvoker invoker, Task lastTask, State next, Scope scope, Object state, Boolean isCompleted)
   at Microsoft.AspNetCore.Mvc.Infrastructure.ControllerActionInvoker.Rethrow(ActionExecutedContextSealed context)
   at Microsoft.AspNetCore.Mvc.Infrastructure.ControllerActionInvoker.Next(State&amp; next, Scope&amp; scope, Object&amp; state, Boolean&amp; isCompleted)
   at Microsoft.AspNetCore.Mvc.Infrastructure.ControllerActionInvoker.InvokeInnerFilterAsync()
--- End of stack trace from previous location ---
   at Microsoft.AspNetCore.Mvc.Infrastructure.ResourceInvoker.&lt;InvokeFilterPipelineAsync&gt;g__Awaited|20_0(ResourceInvoker invoker, Task lastTask, State next, Scope scope, Object state, Boolean isCompleted)
   at Microsoft.AspNetCore.Mvc.Infrastructure.ResourceInvoker.&lt;InvokeAsync&gt;g__Logged|17_1(ResourceInvoker invoker)
   at Microsoft.AspNetCore.Mvc.Infrastructure.ResourceInvoker.&lt;InvokeAsync&gt;g__Logged|17_1(ResourceInvoker invoker)
   at Api.Middleware.ConditionalRequestMiddleware.InvokeAsync(HttpContext context) in /home/runner/work/Crud/Crud/src/Api/Middleware/ConditionalRequestMiddleware.cs:line 30
   at Microsoft.AspNetCore.Authorization.AuthorizationMiddleware.Invoke(HttpContext context)
   at Microsoft.AspNetCore.Authentication.AuthenticationMiddleware.Invoke(HttpContext context)
   at Microsoft.AspNetCore.RateLimiting.RateLimitingMiddleware.InvokeInternal(HttpContext context, EnableRateLimitingAttribute enableRateLimitingAttribute)
   at Api.Middleware.GlobalExceptionHandlingMiddleware.InvokeAsync(HttpContext context) in /home/runner/work/Crud/Crud/src/Api/Middleware/GlobalExceptionHandlingMiddleware.cs:line 27
[03:43:22 INF] Resetting database for worker 5188 {"SourceContext": "Infrastructure.Services.DatabaseTestService", "Application": "Crud.Api"}
Activity.TraceId:            8432a0e8389231b0b5f02532a3555e7f
Activity.SpanId:             8ff26f96b6a6ee16
Activity.TraceFlags:         Recorded
Activity.ActivitySourceName: Microsoft.AspNetCore
Activity.DisplayName:        PUT api/People/{id:guid}
Activity.Kind:               Server
Activity.StartTime:          2025-09-11T03:43:22.6305668Z
Activity.Duration:           00:00:00.0032614
Activity.Tags:
    server.address: localhost
    http.request.method: PUT
    url.scheme: http
    url.path: /api/people/4979d1de-3e73-43e1-a1d6-89aa466b1480
    network.protocol.version: 1.1
    http.route: api/People/{id:guid}
    http.response.status_code: 404
Resource associated with Activity:
    deployment.environment: Testing
    service.name: Crud.Api
    service.version: 1.0.0
    service.instance.id: a483e3f3-32ea-4a50-a508-2cd77b6b2522
    telemetry.sdk.name: opentelemetry
    telemetry.sdk.language: dotnet
    telemetry.sdk.version: 1.8.1
[03:43:22 INF] Resetting database via file deletion for worker 5188 in CI environment {"SourceContext": "Infrastructure.Services.DatabaseTestService", "Application": "Crud.Api"}
[03:43:22 INF] Acquiring database mutex for worker 5188... {"SourceContext": "Infrastructure.Services.DatabaseTestService", "Application": "Crud.Api"}
[03:43:22 INF] Database mutex acquired for worker 5188 {"SourceContext": "Infrastructure.Services.DatabaseTestService", "Application": "Crud.Api"}
[03:43:22 INF] Current database state - CanConnect: True {"SourceContext": "Infrastructure.Services.DatabaseTestService", "Application": "Crud.Api"}
[03:43:22 INF] [Phase 0] Closing database connection for worker 5188... {"SourceContext": "Infrastructure.Services.DatabaseTestService", "Application": "Crud.Api"}
[03:43:22 INF] [Phase 0] Connection closed in 0.0008ms {"SourceContext": "Infrastructure.Services.DatabaseTestService", "Application": "Crud.Api"}
[03:43:22 INF] [Phase 1] Starting EnsureDeletedAsync for worker 5188... {"SourceContext": "Infrastructure.Services.DatabaseTestService", "Application": "Crud.Api"}
[03:43:22 INF] [Phase 1] EnsureDeletedAsync completed in 1.6064ms {"SourceContext": "Infrastructure.Services.DatabaseTestService", "Application": "Crud.Api"}
[03:43:22 INF] [Phase 2] Starting EnsureCreatedAsync for worker 5188... {"SourceContext": "Infrastructure.Services.DatabaseTestService", "Application": "Crud.Api"}
[03:43:22 INF] [Phase 2] EnsureCreatedAsync completed in 10.8983ms {"SourceContext": "Infrastructure.Services.DatabaseTestService", "Application": "Crud.Api"}
[03:43:22 INF] [Phase 3] Skipping database seeding as requested for worker 5188 {"SourceContext": "Infrastructure.Services.DatabaseTestService", "Application": "Crud.Api"}
[03:43:22 INF] Database reset via file deletion completed for worker 5188 in 113.2111ms (Close: 0.0008ms, Delete: 1.6064ms, Create: 10.8983ms) {"SourceContext": "Infrastructure.Services.DatabaseTestService", "Application": "Crud.Api"}
[03:43:22 INF] Releasing database mutex for worker 5188 {"SourceContext": "Infrastructure.Services.DatabaseTestService", "Application": "Crud.Api"}
[03:43:22 INF] Resetting database for worker 5188 {"SourceContext": "Infrastructure.Services.DatabaseTestService", "Application": "Crud.Api"}
[03:43:22 INF] Resetting database via file deletion for worker 5188 in CI environment {"SourceContext": "Infrastructure.Services.DatabaseTestService", "Application": "Crud.Api"}
[03:43:22 INF] Acquiring database mutex for worker 5188... {"SourceContext": "Infrastructure.Services.DatabaseTestService", "Application": "Crud.Api"}
[03:43:22 INF] Database mutex acquired for worker 5188 {"SourceContext": "Infrastructure.Services.DatabaseTestService", "Application": "Crud.Api"}
[03:43:22 INF] Current database state - CanConnect: True {"SourceContext": "Infrastructure.Services.DatabaseTestService", "Application": "Crud.Api"}
[03:43:22 INF] [Phase 0] Closing database connection for worker 5188... {"SourceContext": "Infrastructure.Services.DatabaseTestService", "Application": "Crud.Api"}
[03:43:22 INF] [Phase 0] Connection closed in 0.0008ms {"SourceContext": "Infrastructure.Services.DatabaseTestService", "Application": "Crud.Api"}
[03:43:22 INF] [Phase 1] Starting EnsureDeletedAsync for worker 5188... {"SourceContext": "Infrastructure.Services.DatabaseTestService", "Application": "Crud.Api"}
[03:43:22 INF] [Phase 1] EnsureDeletedAsync completed in 1.5243ms {"SourceContext": "Infrastructure.Services.DatabaseTestService", "Application": "Crud.Api"}
[03:43:22 INF] [Phase 2] Starting EnsureCreatedAsync for worker 5188... {"SourceContext": "Infrastructure.Services.DatabaseTestService", "Application": "Crud.Api"}
[03:43:22 INF] [Phase 2] EnsureCreatedAsync completed in 8.8152ms {"SourceContext": "Infrastructure.Services.DatabaseTestService", "Application": "Crud.Api"}
[03:43:22 INF] [Phase 3] Skipping database seeding as requested for worker 5188 {"SourceContext": "Infrastructure.Services.DatabaseTestService", "Application": "Crud.Api"}
[03:43:22 INF] Database reset via file deletion completed for worker 5188 in 111.4962ms (Close: 0.0008ms, Delete: 1.5243ms, Create: 8.8152ms) {"SourceContext": "Infrastructure.Services.DatabaseTestService", "Application": "Crud.Api"}
[03:43:22 INF] Releasing database mutex for worker 5188 {"SourceContext": "Infrastructure.Services.DatabaseTestService", "Application": "Crud.Api"}
[03:43:23 INF] User registered successfully: 2264e29b-d5ae-443f-a836-e18219ad14bf {"SourceContext": "App.Features.Authentication.RegisterUserCommandHandler", "ActionId": "d0a7eb3d-18d5-4dda-b803-aa71866203fc", "ActionName": "Api.Controllers.AuthController.Register (Api)", "RequestId": "0HNFGSKFKDJLQ", "RequestPath": "/api/auth/register", "Application": "Crud.Api"}
Activity.TraceId:            f461d45f7f41943c504c351a0964319a
Activity.SpanId:             fac010346f1274c2
Activity.TraceFlags:         Recorded
Activity.ActivitySourceName: Microsoft.AspNetCore
Activity.DisplayName:        POST api/Auth/register
Activity.Kind:               Server
Activity.StartTime:          2025-09-11T03:43:22.8640006Z
Activity.Duration:           00:00:00.2991388
Activity.Tags:
    server.address: localhost
    http.request.method: POST
    url.scheme: http
    url.path: /api/auth/register
    network.protocol.version: 1.1
    http.route: api/Auth/register
    http.response.status_code: 200
Resource associated with Activity:
    deployment.environment: Testing
    service.name: Crud.Api
    service.version: 1.0.0
    service.instance.id: a483e3f3-32ea-4a50-a508-2cd77b6b2522
    telemetry.sdk.name: opentelemetry
    telemetry.sdk.language: dotnet
    telemetry.sdk.version: 1.8.1
[03:43:23 INF] User logged in successfully: 2264e29b-d5ae-443f-a836-e18219ad14bf {"SourceContext": "App.Features.Authentication.LoginCommandHandler", "ActionId": "754a2af5-5f83-42ab-893d-489568c4fa66", "ActionName": "Api.Controllers.AuthController.Login (Api)", "RequestId": "0HNFGSKFKDJLR", "RequestPath": "/api/auth/login", "Application": "Crud.Api"}
Activity.TraceId:            1a7807792c9764bbc09a40ed3ae78ab9
Activity.SpanId:             54213160a6c9a942
Activity.TraceFlags:         Recorded
Activity.ActivitySourceName: Microsoft.AspNetCore
Activity.DisplayName:        POST api/Auth/login
Activity.Kind:               Server
Activity.StartTime:          2025-09-11T03:43:23.1641379Z
Activity.Duration:           00:00:00.2990207
Activity.Tags:
    server.address: localhost
    http.request.method: POST
    url.scheme: http
    url.path: /api/auth/login
    network.protocol.version: 1.1
    http.route: api/Auth/login
    http.response.status_code: 200
Resource associated with Activity:
    deployment.environment: Testing
    service.name: Crud.Api
    service.version: 1.0.0
    service.instance.id: a483e3f3-32ea-4a50-a508-2cd77b6b2522
    telemetry.sdk.name: opentelemetry
    telemetry.sdk.language: dotnet
    telemetry.sdk.version: 1.8.1
[03:43:23 INF] User registered successfully: ac240e00-fea8-4a0c-8205-d9a459606430 {"SourceContext": "App.Features.Authentication.RegisterUserCommandHandler", "ActionId": "d0a7eb3d-18d5-4dda-b803-aa71866203fc", "ActionName": "Api.Controllers.AuthController.Register (Api)", "RequestId": "0HNFGSKFKDJLS", "RequestPath": "/api/auth/register", "Application": "Crud.Api"}
Activity.TraceId:            420c36f97ce0c8d0af5b787e4b705ef5
Activity.SpanId:             56bbf5537bc29a3b
Activity.TraceFlags:         Recorded
Activity.ActivitySourceName: Microsoft.AspNetCore
Activity.DisplayName:        POST api/Auth/register
Activity.Kind:               Server
Activity.StartTime:          2025-09-11T03:43:23.4640376Z
Activity.Duration:           00:00:00.2997306
Activity.Tags:
    server.address: localhost
    http.request.method: POST
    url.scheme: http
    url.path: /api/auth/register
    network.protocol.version: 1.1
    http.route: api/Auth/register
    http.response.status_code: 200
Resource associated with Activity:
    deployment.environment: Testing
    service.name: Crud.Api
    service.version: 1.0.0
    service.instance.id: a483e3f3-32ea-4a50-a508-2cd77b6b2522
    telemetry.sdk.name: opentelemetry
    telemetry.sdk.language: dotnet
    telemetry.sdk.version: 1.8.1
[03:43:23 DBG] Removed cache value for key: entity:person:672a7bc350a742d8bb0f81adb3d3b715 {"SourceContext": "Infrastructure.Services.Caching.InMemoryCacheService", "ActionId": "5268d0ab-77de-4042-9d89-ba5df6a430f1", "ActionName": "Api.Controllers.PeopleController.Create (Api)", "RequestId": "0HNFGSKFKDJLT", "RequestPath": "/api/people", "Application": "Crud.Api"}
[03:43:23 DBG] Removed cache value for key: list:person {"SourceContext": "Infrastructure.Services.Caching.InMemoryCacheService", "ActionId": "5268d0ab-77de-4042-9d89-ba5df6a430f1", "ActionName": "Api.Controllers.PeopleController.Create (Api)", "RequestId": "0HNFGSKFKDJLT", "RequestPath": "/api/people", "Application": "Crud.Api"}
[03:43:23 DBG] Invalidating cache for entity type: people with tag: people {"SourceContext": "Api.Services.OutputCacheInvalidationService", "ActionId": "5268d0ab-77de-4042-9d89-ba5df6a430f1", "ActionName": "Api.Controllers.PeopleController.Create (Api)", "RequestId": "0HNFGSKFKDJLT", "RequestPath": "/api/people", "Application": "Crud.Api"}
[03:43:23 INF] Successfully invalidated cache for entity type: people {"SourceContext": "Api.Services.OutputCacheInvalidationService", "ActionId": "5268d0ab-77de-4042-9d89-ba5df6a430f1", "ActionName": "Api.Controllers.PeopleController.Create (Api)", "RequestId": "0HNFGSKFKDJLT", "RequestPath": "/api/people", "Application": "Crud.Api"}
Activity.TraceId:            7b65704f44127fcd87223eef43e0005a
Activity.SpanId:             b988adb07c07f89d
Activity.TraceFlags:         Recorded
Activity.ActivitySourceName: Microsoft.AspNetCore
Activity.DisplayName:        POST api/People
Activity.Kind:               Server
Activity.StartTime:          2025-09-11T03:43:23.7641880Z
Activity.Duration:           00:00:00.0018553
Activity.Tags:
    server.address: localhost
    http.request.method: POST
    url.scheme: http
    url.path: /api/people
    network.protocol.version: 1.1
    http.route: api/People
    http.response.status_code: 201
Resource associated with Activity:
    deployment.environment: Testing
    service.name: Crud.Api
    service.version: 1.0.0
    service.instance.id: a483e3f3-32ea-4a50-a508-2cd77b6b2522
    telemetry.sdk.name: opentelemetry
    telemetry.sdk.language: dotnet
    telemetry.sdk.version: 1.8.1
[03:43:23 DBG] Removed cache value for key: entity:person:6e4c492809bc46ceb26692acf0c396f5 {"SourceContext": "Infrastructure.Services.Caching.InMemoryCacheService", "ActionId": "5268d0ab-77de-4042-9d89-ba5df6a430f1", "ActionName": "Api.Controllers.PeopleController.Create (Api)", "RequestId": "0HNFGSKFKDJLU", "RequestPath": "/api/people", "Application": "Crud.Api"}
[03:43:23 DBG] Removed cache value for key: list:person {"SourceContext": "Infrastructure.Services.Caching.InMemoryCacheService", "ActionId": "5268d0ab-77de-4042-9d89-ba5df6a430f1", "ActionName": "Api.Controllers.PeopleController.Create (Api)", "RequestId": "0HNFGSKFKDJLU", "RequestPath": "/api/people", "Application": "Crud.Api"}
[03:43:23 DBG] Invalidating cache for entity type: people with tag: people {"SourceContext": "Api.Services.OutputCacheInvalidationService", "ActionId": "5268d0ab-77de-4042-9d89-ba5df6a430f1", "ActionName": "Api.Controllers.PeopleController.Create (Api)", "RequestId": "0HNFGSKFKDJLU", "RequestPath": "/api/people", "Application": "Crud.Api"}
[03:43:23 INF] Successfully invalidated cache for entity type: people {"SourceContext": "Api.Services.OutputCacheInvalidationService", "ActionId": "5268d0ab-77de-4042-9d89-ba5df6a430f1", "ActionName": "Api.Controllers.PeopleController.Create (Api)", "RequestId": "0HNFGSKFKDJLU", "RequestPath": "/api/people", "Application": "Crud.Api"}
Activity.TraceId:            9016e0416e2fc75390cd45905fd335d0
Activity.SpanId:             541cadd3b4b34163
Activity.TraceFlags:         Recorded
Activity.ActivitySourceName: Microsoft.AspNetCore
Activity.DisplayName:        POST api/People
Activity.Kind:               Server
Activity.StartTime:          2025-09-11T03:43:23.7661361Z
Activity.Duration:           00:00:00.0013576
Activity.Tags:
    server.address: localhost
    http.request.method: POST
    url.scheme: http
    url.path: /api/people
    network.protocol.version: 1.1
    http.route: api/People
    http.response.status_code: 201
Resource associated with Activity:
    deployment.environment: Testing
    service.name: Crud.Api
    service.version: 1.0.0
    service.instance.id: a483e3f3-32ea-4a50-a508-2cd77b6b2522
    telemetry.sdk.name: opentelemetry
    telemetry.sdk.language: dotnet
    telemetry.sdk.version: 1.8.1
[03:43:23 DBG] Cache miss for key: list:person {"SourceContext": "Infrastructure.Services.Caching.InMemoryCacheService", "ActionId": "b794d6ed-2d6a-4edb-aff0-3174bfcc6f78", "ActionName": "Api.Controllers.PeopleController.List (Api)", "RequestId": "0HNFGSKFKDJLV", "RequestPath": "/api/people", "Application": "Crud.Api"}
[03:43:23 DBG] Set cache value for key: list:person {"SourceContext": "Infrastructure.Services.Caching.InMemoryCacheService", "ActionId": "b794d6ed-2d6a-4edb-aff0-3174bfcc6f78", "ActionName": "Api.Controllers.PeopleController.List (Api)", "RequestId": "0HNFGSKFKDJLV", "RequestPath": "/api/people", "Application": "Crud.Api"}
Activity.TraceId:            51ac209064ce5805f19e41fcb9af9882
Activity.SpanId:             db481a527fa057d0
Activity.TraceFlags:         Recorded
Activity.ActivitySourceName: Microsoft.AspNetCore
Activity.DisplayName:        GET api/People
Activity.Kind:               Server
Activity.StartTime:          2025-09-11T03:43:23.7676109Z
Activity.Duration:           00:00:00.0008712
Activity.Tags:
    server.address: localhost
    http.request.method: GET
    url.scheme: http
    url.path: /api/people
    network.protocol.version: 1.1
    http.route: api/People
    http.response.status_code: 200
Resource associated with Activity:
    deployment.environment: Testing
    service.name: Crud.Api
    service.version: 1.0.0
    service.instance.id: a483e3f3-32ea-4a50-a508-2cd77b6b2522
    telemetry.sdk.name: opentelemetry
    telemetry.sdk.language: dotnet
    telemetry.sdk.version: 1.8.1
[03:43:23 INF] Resetting database for worker 5188 {"SourceContext": "Infrastructure.Services.DatabaseTestService", "Application": "Crud.Api"}
[03:43:23 INF] Resetting database via file deletion for worker 5188 in CI environment {"SourceContext": "Infrastructure.Services.DatabaseTestService", "Application": "Crud.Api"}
[03:43:23 INF] Acquiring database mutex for worker 5188... {"SourceContext": "Infrastructure.Services.DatabaseTestService", "Application": "Crud.Api"}
[03:43:23 INF] Database mutex acquired for worker 5188 {"SourceContext": "Infrastructure.Services.DatabaseTestService", "Application": "Crud.Api"}
[03:43:23 INF] Current database state - CanConnect: True {"SourceContext": "Infrastructure.Services.DatabaseTestService", "Application": "Crud.Api"}
[03:43:23 INF] [Phase 0] Closing database connection for worker 5188... {"SourceContext": "Infrastructure.Services.DatabaseTestService", "Application": "Crud.Api"}
[03:43:23 INF] [Phase 0] Connection closed in 0.0006ms {"SourceContext": "Infrastructure.Services.DatabaseTestService", "Application": "Crud.Api"}
[03:43:23 INF] [Phase 1] Starting EnsureDeletedAsync for worker 5188... {"SourceContext": "Infrastructure.Services.DatabaseTestService", "Application": "Crud.Api"}
[03:43:23 INF] [Phase 1] EnsureDeletedAsync completed in 1.795ms {"SourceContext": "Infrastructure.Services.DatabaseTestService", "Application": "Crud.Api"}
[03:43:23 INF] [Phase 2] Starting EnsureCreatedAsync for worker 5188... {"SourceContext": "Infrastructure.Services.DatabaseTestService", "Application": "Crud.Api"}
[03:43:23 INF] [Phase 2] EnsureCreatedAsync completed in 7.6671ms {"SourceContext": "Infrastructure.Services.DatabaseTestService", "Application": "Crud.Api"}
[03:43:23 INF] [Phase 3] Skipping database seeding as requested for worker 5188 {"SourceContext": "Infrastructure.Services.DatabaseTestService", "Application": "Crud.Api"}
[03:43:23 INF] Database reset via file deletion completed for worker 5188 in 110.0943ms (Close: 0.0006ms, Delete: 1.795ms, Create: 7.6671ms) {"SourceContext": "Infrastructure.Services.DatabaseTestService", "Application": "Crud.Api"}
[03:43:23 INF] Releasing database mutex for worker 5188 {"SourceContext": "Infrastructure.Services.DatabaseTestService", "Application": "Crud.Api"}
[03:43:23 INF] Resetting database for worker 5188 {"SourceContext": "Infrastructure.Services.DatabaseTestService", "Application": "Crud.Api"}
[03:43:23 INF] Resetting database via file deletion for worker 5188 in CI environment {"SourceContext": "Infrastructure.Services.DatabaseTestService", "Application": "Crud.Api"}
[03:43:23 INF] Acquiring database mutex for worker 5188... {"SourceContext": "Infrastructure.Services.DatabaseTestService", "Application": "Crud.Api"}
[03:43:23 INF] Database mutex acquired for worker 5188 {"SourceContext": "Infrastructure.Services.DatabaseTestService", "Application": "Crud.Api"}
[03:43:23 INF] Current database state - CanConnect: True {"SourceContext": "Infrastructure.Services.DatabaseTestService", "Application": "Crud.Api"}
[03:43:23 INF] [Phase 0] Closing database connection for worker 5188... {"SourceContext": "Infrastructure.Services.DatabaseTestService", "Application": "Crud.Api"}
[03:43:23 INF] [Phase 0] Connection closed in 0.0007ms {"SourceContext": "Infrastructure.Services.DatabaseTestService", "Application": "Crud.Api"}
[03:43:23 INF] [Phase 1] Starting EnsureDeletedAsync for worker 5188... {"SourceContext": "Infrastructure.Services.DatabaseTestService", "Application": "Crud.Api"}
[03:43:23 INF] [Phase 1] EnsureDeletedAsync completed in 1.358ms {"SourceContext": "Infrastructure.Services.DatabaseTestService", "Application": "Crud.Api"}
[03:43:23 INF] [Phase 2] Starting EnsureCreatedAsync for worker 5188... {"SourceContext": "Infrastructure.Services.DatabaseTestService", "Application": "Crud.Api"}
[03:43:23 INF] [Phase 2] EnsureCreatedAsync completed in 8.0922ms {"SourceContext": "Infrastructure.Services.DatabaseTestService", "Application": "Crud.Api"}
[03:43:23 INF] [Phase 3] Skipping database seeding as requested for worker 5188 {"SourceContext": "Infrastructure.Services.DatabaseTestService", "Application": "Crud.Api"}
[03:43:23 INF] Database reset via file deletion completed for worker 5188 in 109.7684ms (Close: 0.0007ms, Delete: 1.358ms, Create: 8.0922ms) {"SourceContext": "Infrastructure.Services.DatabaseTestService", "Application": "Crud.Api"}
[03:43:23 INF] Releasing database mutex for worker 5188 {"SourceContext": "Infrastructure.Services.DatabaseTestService", "Application": "Crud.Api"}
[03:43:24 INF] User registered successfully: 888ffb1d-a194-48da-b522-0f48be73f062 {"SourceContext": "App.Features.Authentication.RegisterUserCommandHandler", "ActionId": "d0a7eb3d-18d5-4dda-b803-aa71866203fc", "ActionName": "Api.Controllers.AuthController.Register (Api)", "RequestId": "0HNFGSKFKDJM0", "RequestPath": "/api/auth/register", "Application": "Crud.Api"}
Activity.TraceId:            b062a202df964d3fdfa5d8f591bc7301
Activity.SpanId:             57055fd3cd0af3cf
Activity.TraceFlags:         Recorded
Activity.ActivitySourceName: Microsoft.AspNetCore
Activity.DisplayName:        POST api/Auth/register
Activity.Kind:               Server
Activity.StartTime:          2025-09-11T03:43:23.9936808Z
Activity.Duration:           00:00:00.2993271
Activity.Tags:
    server.address: localhost
    http.request.method: POST
    url.scheme: http
    url.path: /api/auth/register
    network.protocol.version: 1.1
    http.route: api/Auth/register
    http.response.status_code: 200
Resource associated with Activity:
    deployment.environment: Testing
    service.name: Crud.Api
    service.version: 1.0.0
    service.instance.id: a483e3f3-32ea-4a50-a508-2cd77b6b2522
    telemetry.sdk.name: opentelemetry
    telemetry.sdk.language: dotnet
    telemetry.sdk.version: 1.8.1
[03:43:24 INF] User logged in successfully: 888ffb1d-a194-48da-b522-0f48be73f062 {"SourceContext": "App.Features.Authentication.LoginCommandHandler", "ActionId": "754a2af5-5f83-42ab-893d-489568c4fa66", "ActionName": "Api.Controllers.AuthController.Login (Api)", "RequestId": "0HNFGSKFKDJM1", "RequestPath": "/api/auth/login", "Application": "Crud.Api"}
Activity.TraceId:            1b7402e962b2041de8eb07ae368c1b24
Activity.SpanId:             fa44753628ce4fe5
Activity.TraceFlags:         Recorded
Activity.ActivitySourceName: Microsoft.AspNetCore
Activity.DisplayName:        POST api/Auth/login
Activity.Kind:               Server
Activity.StartTime:          2025-09-11T03:43:24.2941440Z
Activity.Duration:           00:00:00.2993229
Activity.Tags:
    server.address: localhost
    http.request.method: POST
    url.scheme: http
    url.path: /api/auth/login
    network.protocol.version: 1.1
    http.route: api/Auth/login
    http.response.status_code: 200
Resource associated with Activity:
    deployment.environment: Testing
    service.name: Crud.Api
    service.version: 1.0.0
    service.instance.id: a483e3f3-32ea-4a50-a508-2cd77b6b2522
    telemetry.sdk.name: opentelemetry
    telemetry.sdk.language: dotnet
    telemetry.sdk.version: 1.8.1
[03:43:24 INF] User registered successfully: 11cc8bf8-8fac-40b4-8dee-682faa6ddf8c {"SourceContext": "App.Features.Authentication.RegisterUserCommandHandler", "ActionId": "d0a7eb3d-18d5-4dda-b803-aa71866203fc", "ActionName": "Api.Controllers.AuthController.Register (Api)", "RequestId": "0HNFGSKFKDJM2", "RequestPath": "/api/auth/register", "Application": "Crud.Api"}
Activity.TraceId:            4cd2ee33e1e41ffae3d1ff7b28715a3d
Activity.SpanId:             3670e9f643cade06
Activity.TraceFlags:         Recorded
Activity.ActivitySourceName: Microsoft.AspNetCore
Activity.DisplayName:        POST api/Auth/register
Activity.Kind:               Server
Activity.StartTime:          2025-09-11T03:43:24.5941672Z
Activity.Duration:           00:00:00.2995603
Activity.Tags:
    server.address: localhost
    http.request.method: POST
    url.scheme: http
    url.path: /api/auth/register
    network.protocol.version: 1.1
    http.route: api/Auth/register
    http.response.status_code: 200
Resource associated with Activity:
    deployment.environment: Testing
    service.name: Crud.Api
    service.version: 1.0.0
    service.instance.id: a483e3f3-32ea-4a50-a508-2cd77b6b2522
    telemetry.sdk.name: opentelemetry
    telemetry.sdk.language: dotnet
    telemetry.sdk.version: 1.8.1
[03:43:24 DBG] Removed cache value for key: entity:person:5979067fe23e4ee59dea49d70baa37d3 {"SourceContext": "Infrastructure.Services.Caching.InMemoryCacheService", "ActionId": "5268d0ab-77de-4042-9d89-ba5df6a430f1", "ActionName": "Api.Controllers.PeopleController.Create (Api)", "RequestId": "0HNFGSKFKDJM3", "RequestPath": "/api/people", "Application": "Crud.Api"}
[03:43:24 DBG] Removed cache value for key: list:person {"SourceContext": "Infrastructure.Services.Caching.InMemoryCacheService", "ActionId": "5268d0ab-77de-4042-9d89-ba5df6a430f1", "ActionName": "Api.Controllers.PeopleController.Create (Api)", "RequestId": "0HNFGSKFKDJM3", "RequestPath": "/api/people", "Application": "Crud.Api"}
[03:43:24 DBG] Invalidating cache for entity type: people with tag: people {"SourceContext": "Api.Services.OutputCacheInvalidationService", "ActionId": "5268d0ab-77de-4042-9d89-ba5df6a430f1", "ActionName": "Api.Controllers.PeopleController.Create (Api)", "RequestId": "0HNFGSKFKDJM3", "RequestPath": "/api/people", "Application": "Crud.Api"}
[03:43:24 INF] Successfully invalidated cache for entity type: people {"SourceContext": "Api.Services.OutputCacheInvalidationService", "ActionId": "5268d0ab-77de-4042-9d89-ba5df6a430f1", "ActionName": "Api.Controllers.PeopleController.Create (Api)", "RequestId": "0HNFGSKFKDJM3", "RequestPath": "/api/people", "Application": "Crud.Api"}
Activity.TraceId:            9f880815448ae71f86539ce020ca2f62
Activity.SpanId:             030c7b0fa12fbcc7
Activity.TraceFlags:         Recorded
Activity.ActivitySourceName: Microsoft.AspNetCore
Activity.DisplayName:        POST api/People
Activity.Kind:               Server
Activity.StartTime:          2025-09-11T03:43:24.8942947Z
Activity.Duration:           00:00:00.0021592
Activity.Tags:
    server.address: localhost
    http.request.method: POST
    url.scheme: http
    url.path: /api/people
    network.protocol.version: 1.1
    http.route: api/People
    http.response.status_code: 201
Resource associated with Activity:
    deployment.environment: Testing
    service.name: Crud.Api
    service.version: 1.0.0
    service.instance.id: a483e3f3-32ea-4a50-a508-2cd77b6b2522
    telemetry.sdk.name: opentelemetry
    telemetry.sdk.language: dotnet
    telemetry.sdk.version: 1.8.1
Activity.TraceId:            e25ed93eb45f62de4c4e3f6b490c52cf
Activity.SpanId:             08075c394325254d
Activity.TraceFlags:         Recorded
Activity.ActivitySourceName: Microsoft.AspNetCore
Activity.DisplayName:        DELETE api/People/{id:guid}
Activity.Kind:               Server
Activity.StartTime:          2025-09-11T03:43:24.8966262Z
Activity.Duration:           00:00:00.0003176
Activity.Tags:
    server.address: localhost
    http.request.method: DELETE
    url.scheme: http
    url.path: /api/people/5979067f-e23e-4ee5-9dea-49d70baa37d3
    network.protocol.version: 1.1
    http.route: api/People/{id:guid}
    http.response.status_code: 403
Resource associated with Activity:
    deployment.environment: Testing
    service.name: Crud.Api
    service.version: 1.0.0
    service.instance.id: a483e3f3-32ea-4a50-a508-2cd77b6b2522
    telemetry.sdk.name: opentelemetry
    telemetry.sdk.language: dotnet
    telemetry.sdk.version: 1.8.1
[03:43:24 INF] Resetting database for worker 5188 {"SourceContext": "Infrastructure.Services.DatabaseTestService", "Application": "Crud.Api"}
[03:43:24 INF] Resetting database via file deletion for worker 5188 in CI environment {"SourceContext": "Infrastructure.Services.DatabaseTestService", "Application": "Crud.Api"}
[03:43:24 INF] Acquiring database mutex for worker 5188... {"SourceContext": "Infrastructure.Services.DatabaseTestService", "Application": "Crud.Api"}
[03:43:24 INF] Database mutex acquired for worker 5188 {"SourceContext": "Infrastructure.Services.DatabaseTestService", "Application": "Crud.Api"}
[03:43:24 INF] Current database state - CanConnect: True {"SourceContext": "Infrastructure.Services.DatabaseTestService", "Application": "Crud.Api"}
[03:43:24 INF] [Phase 0] Closing database connection for worker 5188... {"SourceContext": "Infrastructure.Services.DatabaseTestService", "Application": "Crud.Api"}
[03:43:24 INF] [Phase 0] Connection closed in 0.0012ms {"SourceContext": "Infrastructure.Services.DatabaseTestService", "Application": "Crud.Api"}
[03:43:24 INF] [Phase 1] Starting EnsureDeletedAsync for worker 5188... {"SourceContext": "Infrastructure.Services.DatabaseTestService", "Application": "Crud.Api"}
[03:43:24 INF] [Phase 1] EnsureDeletedAsync completed in 1.5585ms {"SourceContext": "Infrastructure.Services.DatabaseTestService", "Application": "Crud.Api"}
[03:43:24 INF] [Phase 2] Starting EnsureCreatedAsync for worker 5188... {"SourceContext": "Infrastructure.Services.DatabaseTestService", "Application": "Crud.Api"}
[03:43:25 INF] [Phase 2] EnsureCreatedAsync completed in 7.9345ms {"SourceContext": "Infrastructure.Services.DatabaseTestService", "Application": "Crud.Api"}
[03:43:25 INF] [Phase 3] Skipping database seeding as requested for worker 5188 {"SourceContext": "Infrastructure.Services.DatabaseTestService", "Application": "Crud.Api"}
[03:43:25 INF] Database reset via file deletion completed for worker 5188 in 110.1437ms (Close: 0.0012ms, Delete: 1.5585ms, Create: 7.9345ms) {"SourceContext": "Infrastructure.Services.DatabaseTestService", "Application": "Crud.Api"}
[03:43:25 INF] Releasing database mutex for worker 5188 {"SourceContext": "Infrastructure.Services.DatabaseTestService", "Application": "Crud.Api"}
Metric Name: http.server.active_requests, Number of active HTTP server requests., Unit: {request}, Meter: Microsoft.AspNetCore.Hosting
(2025-09-11T03:43:11.7040532Z, 2025-09-11T03:43:25.0097265Z] http.request.method: POST url.scheme: http LongSumNonMonotonic
Value: 0
(2025-09-11T03:43:11.7040532Z, 2025-09-11T03:43:25.0097265Z] http.request.method: GET url.scheme: http LongSumNonMonotonic
Value: 0
(2025-09-11T03:43:11.7040532Z, 2025-09-11T03:43:25.0097265Z] http.request.method: PUT url.scheme: http LongSumNonMonotonic
Value: 0
(2025-09-11T03:43:11.7040532Z, 2025-09-11T03:43:25.0097265Z] http.request.method: DELETE url.scheme: http LongSumNonMonotonic
Value: 0
Metric Name: http.server.request.duration, Duration of HTTP server requests., Unit: s, Meter: Microsoft.AspNetCore.Hosting
(2025-09-11T03:43:11.7041370Z, 2025-09-11T03:43:25.0097334Z] http.request.method: POST http.response.status_code: 200 http.route: api/Auth/register network.protocol.version: 1.1 url.scheme: http Histogram
Value: Sum: 5.7098486 Count: 19 Min: 0.2988185 Max: 0.3070688 
(-Infinity,0.005]:0
(0.005,0.01]:0
(0.01,0.025]:0
(0.025,0.05]:0
(0.05,0.075]:0
(0.075,0.1]:0
(0.1,0.25]:0
(0.25,0.5]:19
(0.5,0.75]:0
(0.75,1]:0
(1,2.5]:0
(2.5,5]:0
(5,7.5]:0
(7.5,10]:0
(10,+Infinity]:0
(2025-09-11T03:43:11.7041370Z, 2025-09-11T03:43:25.0097334Z] http.request.method: POST http.response.status_code: 200 http.route: api/Auth/login network.protocol.version: 1.1 url.scheme: http Histogram
Value: Sum: 3.6084423 Count: 12 Min: 0.2988768 Max: 0.3057225 
(-Infinity,0.005]:0
(0.005,0.01]:0
(0.01,0.025]:0
(0.025,0.05]:0
(0.05,0.075]:0
(0.075,0.1]:0
(0.1,0.25]:0
(0.25,0.5]:12
(0.5,0.75]:0
(0.75,1]:0
(1,2.5]:0
(2.5,5]:0
(5,7.5]:0
(7.5,10]:0
(10,+Infinity]:0
(2025-09-11T03:43:11.7041370Z, 2025-09-11T03:43:25.0097334Z] http.request.method: POST http.response.status_code: 201 http.route: api/Roles network.protocol.version: 1.1 url.scheme: http Histogram
Value: Sum: 0.0255499 Count: 3 Min: 0.0019045 Max: 0.0198512 
(-Infinity,0.005]:2
(0.005,0.01]:0
(0.01,0.025]:1
(0.025,0.05]:0
(0.05,0.075]:0
(0.075,0.1]:0
(0.1,0.25]:0
(0.25,0.5]:0
(0.5,0.75]:0
(0.75,1]:0
(1,2.5]:0
(2.5,5]:0
(5,7.5]:0
(7.5,10]:0
(10,+Infinity]:0
(2025-09-11T03:43:11.7041370Z, 2025-09-11T03:43:25.0097334Z] http.request.method: POST http.response.status_code: 201 http.route: api/People network.protocol.version: 1.1 url.scheme: http Histogram
Value: Sum: 0.0332217 Count: 10 Min: 0.0013589 Max: 0.0137411 
(-Infinity,0.005]:9
(0.005,0.01]:0
(0.01,0.025]:1
(0.025,0.05]:0
(0.05,0.075]:0
(0.075,0.1]:0
(0.1,0.25]:0
(0.25,0.5]:0
(0.5,0.75]:0
(0.75,1]:0
(1,2.5]:0
(2.5,5]:0
(5,7.5]:0
(7.5,10]:0
(10,+Infinity]:0
(2025-09-11T03:43:11.7041370Z, 2025-09-11T03:43:25.0097334Z] http.request.method: GET http.response.status_code: 200 http.route: api/People network.protocol.version: 1.1 url.scheme: http Histogram
Value: Sum: 0.0080996 Count: 2 Min: 0.0008692 Max: 0.0072304 
(-Infinity,0.005]:1
(0.005,0.01]:1
(0.01,0.025]:0
(0.025,0.05]:0
(0.05,0.075]:0
(0.075,0.1]:0
(0.1,0.25]:0
(0.25,0.5]:0
(0.5,0.75]:0
(0.75,1]:0
(1,2.5]:0
(2.5,5]:0
(5,7.5]:0
(7.5,10]:0
(10,+Infinity]:0
(2025-09-11T03:43:11.7041370Z, 2025-09-11T03:43:25.0097334Z] http.request.method: POST http.response.status_code: 400 http.route: api/People network.protocol.version: 1.1 url.scheme: http Histogram
Value: Sum: 0.0021717 Count: 1 Min: 0.0021717 Max: 0.0021717 
(-Infinity,0.005]:1
(0.005,0.01]:0
(0.01,0.025]:0
(0.025,0.05]:0
(0.05,0.075]:0
(0.075,0.1]:0
(0.1,0.25]:0
(0.25,0.5]:0
(0.5,0.75]:0
(0.75,1]:0
(1,2.5]:0
(2.5,5]:0
(5,7.5]:0
(7.5,10]:0
(10,+Infinity]:0
(2025-09-11T03:43:11.7041370Z, 2025-09-11T03:43:25.0097334Z] http.request.method: PUT http.response.status_code: 204 http.route: api/People/{id:guid} network.protocol.version: 1.1 url.scheme: http Histogram
Value: Sum: 0.0067609 Count: 1 Min: 0.0067609 Max: 0.0067609 
(-Infinity,0.005]:0
(0.005,0.01]:1
(0.01,0.025]:0
(0.025,0.05]:0
(0.05,0.075]:0
(0.075,0.1]:0
(0.1,0.25]:0
(0.25,0.5]:0
(0.5,0.75]:0
(0.75,1]:0
(1,2.5]:0
(2.5,5]:0
(5,7.5]:0
(7.5,10]:0
(10,+Infinity]:0
(2025-09-11T03:43:11.7041370Z, 2025-09-11T03:43:25.0097334Z] http.request.method: GET http.response.status_code: 200 http.route: api/People/{id:guid} network.protocol.version: 1.1 url.scheme: http Histogram
Value: Sum: 0.0056647 Count: 3 Min: 0.0009616 Max: 0.0033244 
(-Infinity,0.005]:3
(0.005,0.01]:0
(0.01,0.025]:0
(0.025,0.05]:0
(0.05,0.075]:0
(0.075,0.1]:0
(0.1,0.25]:0
(0.25,0.5]:0
(0.5,0.75]:0
(0.75,1]:0
(1,2.5]:0
(2.5,5]:0
(5,7.5]:0
(7.5,10]:0
(10,+Infinity]:0
(2025-09-11T03:43:11.7041370Z, 2025-09-11T03:43:25.0097334Z] http.request.method: GET http.response.status_code: 401 http.route: api/People network.protocol.version: 1.1 url.scheme: http Histogram
Value: Sum: 0.0002578 Count: 1 Min: 0.0002578 Max: 0.0002578 
(-Infinity,0.005]:1
(0.005,0.01]:0
(0.01,0.025]:0
(0.025,0.05]:0
(0.05,0.075]:0
(0.075,0.1]:0
(0.1,0.25]:0
(0.25,0.5]:0
(0.5,0.75]:0
(0.75,1]:0
(1,2.5]:0
(2.5,5]:0
(5,7.5]:0
(7.5,10]:0
(10,+Infinity]:0
(2025-09-11T03:43:11.7041370Z, 2025-09-11T03:43:25.0097334Z] http.request.method: POST http.response.status_code: 401 http.route: api/People network.protocol.version: 1.1 url.scheme: http Histogram
Value: Sum: 0.0002327 Count: 1 Min: 0.0002327 Max: 0.0002327 
(-Infinity,0.005]:1
(0.005,0.01]:0
(0.01,0.025]:0
(0.025,0.05]:0
(0.05,0.075]:0
(0.075,0.1]:0
(0.1,0.25]:0
(0.25,0.5]:0
(0.5,0.75]:0
(0.75,1]:0
(1,2.5]:0
(2.5,5]:0
(5,7.5]:0
(7.5,10]:0
(10,+Infinity]:0
(2025-09-11T03:43:11.7041370Z, 2025-09-11T03:43:25.0097334Z] http.request.method: GET http.response.status_code: 404 http.route: api/People/{id:guid} network.protocol.version: 1.1 url.scheme: http Histogram
Value: Sum: 0.0045071 Count: 2 Min: 0.0007728 Max: 0.0037343 
(-Infinity,0.005]:2
(0.005,0.01]:0
(0.01,0.025]:0
(0.025,0.05]:0
(0.05,0.075]:0
(0.075,0.1]:0
(0.1,0.25]:0
(0.25,0.5]:0
(0.5,0.75]:0
(0.75,1]:0
(1,2.5]:0
(2.5,5]:0
(5,7.5]:0
(7.5,10]:0
(10,+Infinity]:0
(2025-09-11T03:43:11.7041370Z, 2025-09-11T03:43:25.0097334Z] http.request.method: POST http.response.status_code: 403 http.route: api/People network.protocol.version: 1.1 url.scheme: http Histogram
Value: Sum: 0.0013517 Count: 1 Min: 0.0013517 Max: 0.0013517 
(-Infinity,0.005]:1
(0.005,0.01]:0
(0.01,0.025]:0
(0.025,0.05]:0
(0.05,0.075]:0
(0.075,0.1]:0
(0.1,0.25]:0
(0.25,0.5]:0
(0.5,0.75]:0
(0.75,1]:0
(1,2.5]:0
(2.5,5]:0
(5,7.5]:0
(7.5,10]:0
(10,+Infinity]:0
(2025-09-11T03:43:11.7041370Z, 2025-09-11T03:43:25.0097334Z] http.request.method: DELETE http.response.status_code: 204 http.route: api/People/{id:guid} network.protocol.version: 1.1 url.scheme: http Histogram
Value: Sum: 0.0058511 Count: 2 Min: 0.0017096 Max: 0.0041415 
(-Infinity,0.005]:2
(0.005,0.01]:0
(0.01,0.025]:0
(0.025,0.05]:0
(0.05,0.075]:0
(0.075,0.1]:0
(0.1,0.25]:0
(0.25,0.5]:0
(0.5,0.75]:0
(0.75,1]:0
(1,2.5]:0
(2.5,5]:0
(5,7.5]:0
(7.5,10]:0
(10,+Infinity]:0
(2025-09-11T03:43:11.7041370Z, 2025-09-11T03:43:25.0097334Z] http.request.method: PUT http.response.status_code: 404 http.route: api/People/{id:guid} network.protocol.version: 1.1 url.scheme: http Histogram
Value: Sum: 0.0023044 Count: 1 Min: 0.0023044 Max: 0.0023044 
(-Infinity,0.005]:1
(0.005,0.01]:0
(0.01,0.025]:0
(0.025,0.05]:0
(0.05,0.075]:0
(0.075,0.1]:0
(0.1,0.25]:0
(0.25,0.5]:0
(0.5,0.75]:0
(0.75,1]:0
(1,2.5]:0
(2.5,5]:0
(5,7.5]:0
(7.5,10]:0
(10,+Infinity]:0
(2025-09-11T03:43:11.7041370Z, 2025-09-11T03:43:25.0097334Z] http.request.method: DELETE http.response.status_code: 403 http.route: api/People/{id:guid} network.protocol.version: 1.1 url.scheme: http Histogram
Value: Sum: 0.0003068 Count: 1 Min: 0.0003068 Max: 0.0003068 
(-Infinity,0.005]:1
(0.005,0.01]:0
(0.01,0.025]:0
(0.025,0.05]:0
(0.05,0.075]:0
(0.075,0.1]:0
(0.1,0.25]:0
(0.25,0.5]:0
(0.5,0.75]:0
(0.75,1]:0
(1,2.5]:0
(2.5,5]:0
(5,7.5]:0
(7.5,10]:0
(10,+Infinity]:0
Metric Name: aspnetcore.rate_limiting.active_request_leases, Number of HTTP requests that are currently active on the server that hold a rate limiting lease., Unit: {request}, Meter: Microsoft.AspNetCore.RateLimiting
(2025-09-11T03:43:11.7059993Z, 2025-09-11T03:43:25.0097342Z] LongSumNonMonotonic
Value: 0
Metric Name: aspnetcore.rate_limiting.request_lease.duration, The duration of rate limiting leases held by HTTP requests on the server., Unit: s, Meter: Microsoft.AspNetCore.RateLimiting
(2025-09-11T03:43:11.7060745Z, 2025-09-11T03:43:25.0097352Z] Histogram
Value: Sum: 9.4037638 Count: 60 Min: 0.0001134 Max: 0.3069529 
(-Infinity,0.005]:25
(0.005,0.01]:2
(0.01,0.025]:2
(0.025,0.05]:0
(0.05,0.075]:0
(0.075,0.1]:0
(0.1,0.25]:0
(0.25,0.5]:31
(0.5,0.75]:0
(0.75,1]:0
(1,2.5]:0
(2.5,5]:0
(5,7.5]:0
(7.5,10]:0
(10,+Infinity]:0
Metric Name: aspnetcore.rate_limiting.requests, Number of requests that tried to acquire a rate limiting lease. Requests could be rejected by global or endpoint rate limiting policies. Or the request could be canceled while waiting for the lease., Unit: {request}, Meter: Microsoft.AspNetCore.RateLimiting
(2025-09-11T03:43:11.7062829Z, 2025-09-11T03:43:25.0097370Z] aspnetcore.rate_limiting.result: acquired LongSum
Value: 60
Metric Name: aspnetcore.routing.match_attempts, Number of requests that were attempted to be matched to an endpoint., Unit: {match_attempt}, Meter: Microsoft.AspNetCore.Routing
(2025-09-11T03:43:11.7070585Z, 2025-09-11T03:43:25.0097376Z] aspnetcore.routing.is_fallback: false aspnetcore.routing.match_status: success http.route: api/Auth/register LongSum
Value: 19
(2025-09-11T03:43:11.7070585Z, 2025-09-11T03:43:25.0097376Z] aspnetcore.routing.is_fallback: false aspnetcore.routing.match_status: success http.route: api/Auth/login LongSum
Value: 12
(2025-09-11T03:43:11.7070585Z, 2025-09-11T03:43:25.0097376Z] aspnetcore.routing.is_fallback: false aspnetcore.routing.match_status: success http.route: api/Roles LongSum
Value: 3
(2025-09-11T03:43:11.7070585Z, 2025-09-11T03:43:25.0097376Z] aspnetcore.routing.is_fallback: false aspnetcore.routing.match_status: success http.route: api/People LongSum
Value: 16
(2025-09-11T03:43:11.7070585Z, 2025-09-11T03:43:25.0097376Z] aspnetcore.routing.is_fallback: false aspnetcore.routing.match_status: success http.route: api/People/{id:guid} LongSum
Value: 10
[03:43:25 INF] Starting Crud API application {"Application": "Crud.Api"}
[03:43:25 INF] Using SQLite provider with connection: Data Source=TestDatabase.db {"Application": "Crud.Api"}
[03:43:25 INF] Database ensured successfully {"Application": "Crud.Api"}
[03:43:25 INF] Application configured successfully. Starting web host... {"Application": "Crud.Api"}
[03:43:25 INF] Starting Crud API application {"Application": "Crud.Api"}
[03:43:25 INF] Using SQLite provider with connection: Data Source=TestDatabase.db {"Application": "Crud.Api"}
[03:43:25 INF] Database ensured successfully {"Application": "Crud.Api"}
[03:43:25 INF] Application configured successfully. Starting web host... {"Application": "Crud.Api"}
[03:43:25 INF] Starting Crud API application {"Application": "Crud.Api"}
[03:43:25 INF] Using SQLite provider with connection: Data Source=TestDatabase.db {"Application": "Crud.Api"}
[03:43:25 INF] Database ensured successfully {"Application": "Crud.Api"}
[03:43:25 INF] Application configured successfully. Starting web host... {"Application": "Crud.Api"}
Resource associated with Metric:
    deployment.environment: Testing
    service.name: Crud.Api
    service.version: 1.0.0
    service.instance.id: a483e3f3-32ea-4a50-a508-2cd77b6b2522
    telemetry.sdk.name: opentelemetry
    telemetry.sdk.language: dotnet
    telemetry.sdk.version: 1.8.1
Resource associated with Metric:
Resource associated with Metric:
    deployment.environment: Testing
    deployment.environment: Testing
    service.name: Crud.Api
    service.name: Crud.Api
    service.version: 1.0.0
    service.version: 1.0.0
    service.instance.id: a483e3f3-32ea-4a50-a508-2cd77b6b2522
    service.instance.id: a483e3f3-32ea-4a50-a508-2cd77b6b2522
    telemetry.sdk.name: opentelemetry
    telemetry.sdk.name: opentelemetry
    telemetry.sdk.language: dotnet
    telemetry.sdk.language: dotnet
    telemetry.sdk.version: 1.8.1
    telemetry.sdk.version: 1.8.1
[xUnit.net 00:01:44.61]   Finished:    Tests.Integration.Backend
</StdOut>
    </Output>
    <RunInfos>
      <RunInfo computerName="runnervmf4ws1" outcome="Error" timestamp="2025-09-11T03:43:03.8564013+00:00">
        <Text>[xUnit.net 00:01:23.36]     Tests.Integration.Backend.OutputCaching.ConditionalRequestTests.GetRequest_WithIfNoneMatch_ShouldReturn200_WhenETagDoesNotMatch [FAIL]</Text>
      </RunInfo>
      <RunInfo computerName="runnervmf4ws1" outcome="Error" timestamp="2025-09-11T03:43:04.4906189+00:00">
        <Text>[xUnit.net 00:01:23.99]     Tests.Integration.Backend.OutputCaching.ConditionalRequestTests.GetRequest_WithIfModifiedSince_ShouldReturn200_WhenModified [FAIL]</Text>
      </RunInfo>
      <RunInfo computerName="runnervmf4ws1" outcome="Warning" timestamp="2025-09-11T03:43:16.9896278+00:00">
        <Text>[xUnit.net 00:01:36.49]     Tests.Integration.Backend.Controllers.PeopleControllerTests.PUT_People_Should_Update_Person_Roles [SKIP]</Text>
      </RunInfo>
    </RunInfos>
  </ResultSummary>
</TestRun>