<?xml version="1.0" encoding="utf-8"?>
<TestRun id="6515a7bc-7970-410e-9517-423e454f25a6" name="@runnervmf4ws1 2025-09-11 04:17:53" xmlns="http://microsoft.com/schemas/VisualStudio/TeamTest/2010">
  <Times creation="2025-09-11T04:17:53.1281541+00:00" queuing="2025-09-11T04:17:53.1281541+00:00" start="2025-09-11T04:17:49.5935359+00:00" finish="2025-09-11T04:19:38.0355564+00:00" />
  <TestSettings name="default" id="6a9c48b9-1c96-468a-9209-c8f703a01705">
    <Deployment runDeploymentRoot="_runnervmf4ws1_2025-09-11_04_17_53" />
  </TestSettings>
  <Results>
    <UnitTestResult executionId="0f239509-0c41-4f6e-8afb-7f18aa8a0374" testId="53a7b40c-019b-3989-42c2-31ec0027eed1" testName="Tests.Integration.Backend.OutputCaching.OutputCachingTests.GetWindows_ShouldReturnConsistentResponses" computerName="runnervmf4ws1" duration="00:00:00.5925686" startTime="2025-09-11T04:18:19.0791851+00:00" endTime="2025-09-11T04:18:19.0791853+00:00" testType="13cdc9d9-ddb5-4fa4-a97d-d965ccfc6d4b" outcome="Passed" testListId="8c84fa94-04c1-424b-9868-57a2d4851a1d" relativeResultsDirectory="0f239509-0c41-4f6e-8afb-7f18aa8a0374" />
    <UnitTestResult executionId="f04aa34b-bdf8-49b5-bb97-9f519d0085ee" testId="e164b20e-2591-89f8-06fb-740275819de8" testName="Tests.Integration.Backend.Compression.ResponseCompressionTests.ResponseCompressionServices_ShouldBeRegistered" computerName="runnervmf4ws1" duration="00:00:00.0004943" startTime="2025-09-11T04:19:37.3503513+00:00" endTime="2025-09-11T04:19:37.3503514+00:00" testType="13cdc9d9-ddb5-4fa4-a97d-d965ccfc6d4b" outcome="Passed" testListId="8c84fa94-04c1-424b-9868-57a2d4851a1d" relativeResultsDirectory="f04aa34b-bdf8-49b5-bb97-9f519d0085ee" />
    <UnitTestResult executionId="497cc477-79c8-485e-a57d-2328de747da5" testId="60dfb5c8-db46-6bbb-f8af-46af1d350941" testName="Tests.Integration.Backend.Controllers.PeopleControllerTests.DELETE_People_Should_Remove_Person" computerName="runnervmf4ws1" duration="00:00:00.8215523" startTime="2025-09-11T04:18:42.2946453+00:00" endTime="2025-09-11T04:18:42.2946453+00:00" testType="13cdc9d9-ddb5-4fa4-a97d-d965ccfc6d4b" outcome="Passed" testListId="8c84fa94-04c1-424b-9868-57a2d4851a1d" relativeResultsDirectory="497cc477-79c8-485e-a57d-2328de747da5" />
    <UnitTestResult executionId="7faf0779-8590-4753-b0d4-73740800b174" testId="bd9e404f-7715-359c-e0a9-f0f39ae1a952" testName="Tests.Integration.Backend.Controllers.WallsControllerTests.POST_Walls_Should_Validate_Numeric_Ranges" computerName="runnervmf4ws1" duration="00:00:00.6166188" startTime="2025-09-11T04:18:07.3428388+00:00" endTime="2025-09-11T04:18:07.3428391+00:00" testType="13cdc9d9-ddb5-4fa4-a97d-d965ccfc6d4b" outcome="Passed" testListId="8c84fa94-04c1-424b-9868-57a2d4851a1d" relativeResultsDirectory="7faf0779-8590-4753-b0d4-73740800b174" />
    <UnitTestResult executionId="ddfb3a7f-1d0c-4d8e-aedd-93439148bc07" testId="fd587af6-8ac9-79bb-4579-c4177d8d0828" testName="Tests.Integration.Backend.Controllers.WindowsControllerTests.GET_Window_By_Id_Should_Return_Window_When_Exists" computerName="runnervmf4ws1" duration="00:00:00.9136126" startTime="2025-09-11T04:19:00.6019721+00:00" endTime="2025-09-11T04:19:00.6019721+00:00" testType="13cdc9d9-ddb5-4fa4-a97d-d965ccfc6d4b" outcome="Passed" testListId="8c84fa94-04c1-424b-9868-57a2d4851a1d" relativeResultsDirectory="ddfb3a7f-1d0c-4d8e-aedd-93439148bc07" />
    <UnitTestResult executionId="7f9521fd-851d-4dbd-815d-35dafb1a439c" testId="5fe2d973-b7ff-5b61-b9d0-9afdc13b9ebf" testName="Tests.Integration.Backend.Controllers.ApiHealthTests.All_Endpoints_Should_Support_Expected_HTTP_Methods(method: &quot;POST&quot;, endpoint: &quot;/api/walls&quot;)" computerName="runnervmf4ws1" duration="00:00:00.6138470" startTime="2025-09-11T04:19:25.0982761+00:00" endTime="2025-09-11T04:19:25.0982761+00:00" testType="13cdc9d9-ddb5-4fa4-a97d-d965ccfc6d4b" outcome="Passed" testListId="8c84fa94-04c1-424b-9868-57a2d4851a1d" relativeResultsDirectory="7f9521fd-851d-4dbd-815d-35dafb1a439c" />
    <UnitTestResult executionId="798e65d6-253a-41e3-abbb-4a92f28fec77" testId="9624bd8d-101a-a0f9-4e88-2b9292a1caad" testName="Tests.Integration.Backend.Controllers.RolesControllerTests.PUT_Role_Should_Return_404_When_Not_Exists" computerName="runnervmf4ws1" duration="00:00:00.6039248" startTime="2025-09-11T04:18:32.0951012+00:00" endTime="2025-09-11T04:18:32.0951012+00:00" testType="13cdc9d9-ddb5-4fa4-a97d-d965ccfc6d4b" outcome="Passed" testListId="8c84fa94-04c1-424b-9868-57a2d4851a1d" relativeResultsDirectory="798e65d6-253a-41e3-abbb-4a92f28fec77" />
    <UnitTestResult executionId="f7ae3e25-6e26-4357-a080-a6bf823eda2f" testId="7bc10e4f-5a04-518e-0136-35873081b204" testName="Tests.Integration.Backend.Controllers.WindowsControllerTests.PUT_Window_Should_Update_Existing_Window" computerName="runnervmf4ws1" duration="00:00:01.5273895" startTime="2025-09-11T04:18:59.6879549+00:00" endTime="2025-09-11T04:18:59.6879550+00:00" testType="13cdc9d9-ddb5-4fa4-a97d-d965ccfc6d4b" outcome="Passed" testListId="8c84fa94-04c1-424b-9868-57a2d4851a1d" relativeResultsDirectory="f7ae3e25-6e26-4357-a080-a6bf823eda2f" />
    <UnitTestResult executionId="25e5722a-c96b-4825-8f8f-56eb899ce695" testId="79e70e1e-8075-8996-1211-c6d54a3d9ffa" testName="Tests.Integration.Backend.Controllers.RolesControllerTests.DELETE_Role_Should_Return_204_When_Not_Exists" computerName="runnervmf4ws1" duration="00:00:00.6569939" startTime="2025-09-11T04:18:21.3639975+00:00" endTime="2025-09-11T04:18:21.3639978+00:00" testType="13cdc9d9-ddb5-4fa4-a97d-d965ccfc6d4b" outcome="Passed" testListId="8c84fa94-04c1-424b-9868-57a2d4851a1d" relativeResultsDirectory="25e5722a-c96b-4825-8f8f-56eb899ce695" />
    <UnitTestResult executionId="99f45f62-ee9b-4038-a5ba-d07b137d6ca4" testId="01d0203b-7c6e-72b9-08eb-f1b3242c360c" testName="Tests.Integration.Backend.Controllers.PeopleControllerTests.PUT_People_Should_Update_Person_Roles" computerName="runnervmf4ws1" duration="00:00:00.0010000" startTime="2025-09-11T04:18:37.4403358+00:00" endTime="2025-09-11T04:18:37.4403358+00:00" testType="13cdc9d9-ddb5-4fa4-a97d-d965ccfc6d4b" outcome="NotExecuted" testListId="8c84fa94-04c1-424b-9868-57a2d4851a1d" relativeResultsDirectory="99f45f62-ee9b-4038-a5ba-d07b137d6ca4">
      <Output>
        <ErrorInfo>
          <Message>Skipping due to concurrency conflict - RowVersion not implemented in UpdatePersonRequest</Message>
        </ErrorInfo>
      </Output>
    </UnitTestResult>
    <UnitTestResult executionId="7b2119be-37d4-4b09-8b30-5d1c90bc46c6" testId="6ab30ede-2d43-e3c2-d85a-058d5fd2dee1" testName="Tests.Integration.Backend.E2E.AuthenticationE2ETests.Refresh_Token_Rotation_Should_Work" computerName="runnervmf4ws1" duration="00:00:00.3219189" startTime="2025-09-11T04:18:17.5804519+00:00" endTime="2025-09-11T04:18:17.5804521+00:00" testType="13cdc9d9-ddb5-4fa4-a97d-d965ccfc6d4b" outcome="Passed" testListId="8c84fa94-04c1-424b-9868-57a2d4851a1d" relativeResultsDirectory="7b2119be-37d4-4b09-8b30-5d1c90bc46c6" />
    <UnitTestResult executionId="d3b31463-9d1c-4156-b7e3-f6ae5f2ed08a" testId="aeaaee5e-bc09-54e8-9ec4-6c4cdf3ce87c" testName="Tests.Integration.Backend.Controllers.ApiHealthTests.API_Should_Handle_Large_Payloads" computerName="runnervmf4ws1" duration="00:00:00.6025697" startTime="2025-09-11T04:19:30.2895543+00:00" endTime="2025-09-11T04:19:30.2895544+00:00" testType="13cdc9d9-ddb5-4fa4-a97d-d965ccfc6d4b" outcome="Passed" testListId="8c84fa94-04c1-424b-9868-57a2d4851a1d" relativeResultsDirectory="d3b31463-9d1c-4156-b7e3-f6ae5f2ed08a" />
    <UnitTestResult executionId="9d8014e5-ba2b-4026-8b18-46e39816f152" testId="575d783b-dbc0-13f3-17de-767c6d0c6111" testName="Tests.Integration.Backend.OutputCaching.OutputCachingConfigurationTests.OutputCachePolicies_ShouldHaveCorrectDurations(policyName: &quot;PeoplePolicy&quot;, expectedDurationSeconds: 300)" computerName="runnervmf4ws1" duration="00:00:00.0000099" startTime="2025-09-11T04:18:45.4193350+00:00" endTime="2025-09-11T04:18:45.4193350+00:00" testType="13cdc9d9-ddb5-4fa4-a97d-d965ccfc6d4b" outcome="Passed" testListId="8c84fa94-04c1-424b-9868-57a2d4851a1d" relativeResultsDirectory="9d8014e5-ba2b-4026-8b18-46e39816f152" />
    <UnitTestResult executionId="b727dba2-f590-44a2-93a1-7bfad398e540" testId="9525fcd3-b949-7544-779c-3d3500ebec99" testName="Tests.Integration.Backend.Controllers.RolesControllerTests.PUT_Role_Should_Update_Existing_Role" computerName="runnervmf4ws1" duration="00:00:01.5066634" startTime="2025-09-11T04:18:26.1537050+00:00" endTime="2025-09-11T04:18:26.1537053+00:00" testType="13cdc9d9-ddb5-4fa4-a97d-d965ccfc6d4b" outcome="Passed" testListId="8c84fa94-04c1-424b-9868-57a2d4851a1d" relativeResultsDirectory="b727dba2-f590-44a2-93a1-7bfad398e540" />
    <UnitTestResult executionId="32dc2dd1-2a71-4397-8c19-bcb5c3f3cea8" testId="e9e2b921-0a1d-aae8-34e0-f52557170fc1" testName="Tests.Integration.Backend.Controllers.WallsControllerTests.GET_Walls_Should_Return_All_Walls" computerName="runnervmf4ws1" duration="00:00:01.7882513" startTime="2025-09-11T04:18:02.1503139+00:00" endTime="2025-09-11T04:18:02.1503141+00:00" testType="13cdc9d9-ddb5-4fa4-a97d-d965ccfc6d4b" outcome="Passed" testListId="8c84fa94-04c1-424b-9868-57a2d4851a1d" relativeResultsDirectory="32dc2dd1-2a71-4397-8c19-bcb5c3f3cea8" />
    <UnitTestResult executionId="e14ea6f3-9b1a-466f-b447-cbabd915b4de" testId="a4e7fe1d-8462-8e20-a217-708cdc9d8f6a" testName="Tests.Integration.Backend.Controllers.WallsControllerTests.Walls_Should_Persist_Timestamps_Correctly" computerName="runnervmf4ws1" duration="00:00:01.6306327" startTime="2025-09-11T04:18:08.9738869+00:00" endTime="2025-09-11T04:18:08.9738873+00:00" testType="13cdc9d9-ddb5-4fa4-a97d-d965ccfc6d4b" outcome="Passed" testListId="8c84fa94-04c1-424b-9868-57a2d4851a1d" relativeResultsDirectory="e14ea6f3-9b1a-466f-b447-cbabd915b4de" />
    <UnitTestResult executionId="ca41d5fb-4198-4cac-92f7-d0f260dd2b39" testId="33b821d5-726b-640c-d1cd-04721e7e48d9" testName="Tests.Integration.Backend.Controllers.RolesControllerTests.GET_Roles_Should_Return_All_Roles" computerName="runnervmf4ws1" duration="00:00:01.7726497" startTime="2025-09-11T04:18:23.1370433+00:00" endTime="2025-09-11T04:18:23.1370435+00:00" testType="13cdc9d9-ddb5-4fa4-a97d-d965ccfc6d4b" outcome="Passed" testListId="8c84fa94-04c1-424b-9868-57a2d4851a1d" relativeResultsDirectory="ca41d5fb-4198-4cac-92f7-d0f260dd2b39" />
    <UnitTestResult executionId="4ec8a91b-e28c-4edb-a264-1e22ba1490ab" testId="d9ffd841-a3fd-b913-e8c1-55347431d17d" testName="Tests.Integration.Backend.Controllers.WindowsControllerTests.GET_Windows_Should_Return_All_Windows" computerName="runnervmf4ws1" duration="00:00:01.5180202" startTime="2025-09-11T04:18:56.9486912+00:00" endTime="2025-09-11T04:18:56.9486913+00:00" testType="13cdc9d9-ddb5-4fa4-a97d-d965ccfc6d4b" outcome="Passed" testListId="8c84fa94-04c1-424b-9868-57a2d4851a1d" relativeResultsDirectory="4ec8a91b-e28c-4edb-a264-1e22ba1490ab" />
    <UnitTestResult executionId="8b41e23f-847e-40ed-9a54-890ce3d202e9" testId="25c388e9-4416-bcb2-f5bb-f92fe28b725a" testName="Tests.Integration.Backend.Controllers.AuthControllerPasswordResetTests.POST_ResetPassword_WithValidToken_Should_Reset_Password_Successfully" computerName="runnervmf4ws1" duration="00:00:00.6648652" startTime="2025-09-11T04:19:07.5982369+00:00" endTime="2025-09-11T04:19:07.5982370+00:00" testType="13cdc9d9-ddb5-4fa4-a97d-d965ccfc6d4b" outcome="Passed" testListId="8c84fa94-04c1-424b-9868-57a2d4851a1d" relativeResultsDirectory="8b41e23f-847e-40ed-9a54-890ce3d202e9" />
    <UnitTestResult executionId="66f6b82b-77bf-4d5a-bed2-4e35fe08f21f" testId="f63011fd-c6a3-fc9c-0ff5-216045de6e40" testName="Tests.Integration.Backend.E2E.AuthenticationE2ETests.Registration_Should_Validate_Email_Format" computerName="runnervmf4ws1" duration="00:00:00.0072440" startTime="2025-09-11T04:18:16.9492163+00:00" endTime="2025-09-11T04:18:16.9492164+00:00" testType="13cdc9d9-ddb5-4fa4-a97d-d965ccfc6d4b" outcome="Passed" testListId="8c84fa94-04c1-424b-9868-57a2d4851a1d" relativeResultsDirectory="66f6b82b-77bf-4d5a-bed2-4e35fe08f21f" />
    <UnitTestResult executionId="454b69e2-bde0-4c7b-9d10-052144cc4b6a" testId="76f204dd-32a0-ce3a-8917-3041e6ffb334" testName="Tests.Integration.Backend.Infrastructure.GenericRepositoryIntegrationTests.GenericRepository_ShouldWorkAlongsideCustomRepositories" computerName="runnervmf4ws1" duration="00:00:02.9501327" startTime="2025-09-11T04:17:53.1033465+00:00" endTime="2025-09-11T04:17:53.1033828+00:00" testType="13cdc9d9-ddb5-4fa4-a97d-d965ccfc6d4b" outcome="Passed" testListId="8c84fa94-04c1-424b-9868-57a2d4851a1d" relativeResultsDirectory="454b69e2-bde0-4c7b-9d10-052144cc4b6a" />
    <UnitTestResult executionId="afa64178-8a7b-47a0-83c1-42bbfbe15378" testId="aaddc149-d8b9-e302-ef68-034ece67c17b" testName="Tests.Integration.Backend.Controllers.ApiHealthTests.All_Endpoints_Should_Support_Expected_HTTP_Methods(method: &quot;GET&quot;, endpoint: &quot;/api/windows&quot;)" computerName="runnervmf4ws1" duration="00:00:00.3021670" startTime="2025-09-11T04:19:27.2476190+00:00" endTime="2025-09-11T04:19:27.2476190+00:00" testType="13cdc9d9-ddb5-4fa4-a97d-d965ccfc6d4b" outcome="Passed" testListId="8c84fa94-04c1-424b-9868-57a2d4851a1d" relativeResultsDirectory="afa64178-8a7b-47a0-83c1-42bbfbe15378" />
    <UnitTestResult executionId="e3d9583f-52fd-49e5-931f-7db441e0e06a" testId="6701ad16-b836-ee76-0566-4e5adb91c861" testName="Tests.Integration.Backend.OutputCaching.CachingE2ETests.AllCachedEndpoints_ShouldReturnCacheHeaders(endpoint: &quot;/api/roles&quot;)" computerName="runnervmf4ws1" duration="00:00:00.5194891" startTime="2025-09-11T04:18:50.5216160+00:00" endTime="2025-09-11T04:18:50.5216161+00:00" testType="13cdc9d9-ddb5-4fa4-a97d-d965ccfc6d4b" outcome="Passed" testListId="8c84fa94-04c1-424b-9868-57a2d4851a1d" relativeResultsDirectory="e3d9583f-52fd-49e5-931f-7db441e0e06a">
      <Output>
        <StdOut>Endpoint: /api/roles
  ETag: "K4Jax2OgZa08Z9c5D25vFQ=="
  Last-Modified: 09/11/2025 04:18:50 +00:00</StdOut>
      </Output>
    </UnitTestResult>
    <UnitTestResult executionId="d9c89da3-1d4c-4f07-b709-4893a3924128" testId="f48af067-4eb4-5a80-a058-995d81b9c49e" testName="Tests.Integration.Backend.OutputCaching.OutputCachingTests.GetWalls_ShouldReturnConsistentResponses" computerName="runnervmf4ws1" duration="00:00:00.5887496" startTime="2025-09-11T04:18:18.4862600+00:00" endTime="2025-09-11T04:18:18.4862602+00:00" testType="13cdc9d9-ddb5-4fa4-a97d-d965ccfc6d4b" outcome="Passed" testListId="8c84fa94-04c1-424b-9868-57a2d4851a1d" relativeResultsDirectory="d9c89da3-1d4c-4f07-b709-4893a3924128" />
    <UnitTestResult executionId="99dca085-7223-4972-95af-86f7d1e16653" testId="60d93c6a-68de-f18d-ead0-561ac4ded916" testName="Tests.Integration.Backend.OutputCaching.CacheInvalidationTests.PutPerson_ShouldInvalidateBothEntityAndListCache" computerName="runnervmf4ws1" duration="00:00:01.1434719" startTime="2025-09-11T04:19:15.0984049+00:00" endTime="2025-09-11T04:19:15.0984049+00:00" testType="13cdc9d9-ddb5-4fa4-a97d-d965ccfc6d4b" outcome="Passed" testListId="8c84fa94-04c1-424b-9868-57a2d4851a1d" relativeResultsDirectory="99dca085-7223-4972-95af-86f7d1e16653" />
    <UnitTestResult executionId="77935cf2-c869-4be9-98fb-2a0ddd5ec114" testId="f6484c9f-d44d-28f7-583b-e91d4b7f5382" testName="Tests.Integration.Backend.Compression.StaticFileCompressionTests.CssFile_ShouldBeCompressed_WhenClientSupportsBrotli" computerName="runnervmf4ws1" duration="00:00:00.0026126" startTime="2025-09-11T04:17:54.0336867+00:00" endTime="2025-09-11T04:17:54.0336869+00:00" testType="13cdc9d9-ddb5-4fa4-a97d-d965ccfc6d4b" outcome="Passed" testListId="8c84fa94-04c1-424b-9868-57a2d4851a1d" relativeResultsDirectory="77935cf2-c869-4be9-98fb-2a0ddd5ec114" />
    <UnitTestResult executionId="fda8dac0-2fb2-45b6-8934-0ce68bd5e861" testId="b5dacbe5-c50b-ea4a-e128-040bd713ffe8" testName="Tests.Integration.Backend.Controllers.DatabaseControllerTests.POST_Database_Reset_Should_Return_Unauthorized_Without_Valid_Token" computerName="runnervmf4ws1" duration="00:00:00.3900412" startTime="2025-09-11T04:17:54.4464004+00:00" endTime="2025-09-11T04:17:54.4464006+00:00" testType="13cdc9d9-ddb5-4fa4-a97d-d965ccfc6d4b" outcome="Passed" testListId="8c84fa94-04c1-424b-9868-57a2d4851a1d" relativeResultsDirectory="fda8dac0-2fb2-45b6-8934-0ce68bd5e861" />
    <UnitTestResult executionId="81368446-b9d4-445b-8c99-78e166791fd3" testId="58a8f096-af1a-ba52-8cf7-4f27a22072be" testName="Tests.Integration.Backend.Controllers.RolesControllerTests.DELETE_Role_Should_Remove_Existing_Role" computerName="runnervmf4ws1" duration="00:00:01.5092530" startTime="2025-09-11T04:18:24.6466415+00:00" endTime="2025-09-11T04:18:24.6466417+00:00" testType="13cdc9d9-ddb5-4fa4-a97d-d965ccfc6d4b" outcome="Passed" testListId="8c84fa94-04c1-424b-9868-57a2d4851a1d" relativeResultsDirectory="81368446-b9d4-445b-8c99-78e166791fd3" />
    <UnitTestResult executionId="08279ca0-986e-47f6-affa-c757a9e0fcd7" testId="0dfe4e62-1a92-361e-05c3-42444e197ce6" testName="Tests.Integration.Backend.OutputCaching.OutputCachingConfigurationTests.OutputCachePolicies_ShouldHaveCorrectDurations(policyName: &quot;WallsPolicy&quot;, expectedDurationSeconds: 600)" computerName="runnervmf4ws1" duration="00:00:00.0000053" startTime="2025-09-11T04:18:45.4193575+00:00" endTime="2025-09-11T04:18:45.4193575+00:00" testType="13cdc9d9-ddb5-4fa4-a97d-d965ccfc6d4b" outcome="Passed" testListId="8c84fa94-04c1-424b-9868-57a2d4851a1d" relativeResultsDirectory="08279ca0-986e-47f6-affa-c757a9e0fcd7" />
    <UnitTestResult executionId="370fb58a-aa78-4d2d-be37-1672d6af5cc7" testId="3a356b3b-e4e2-4f05-db20-65ad8602bd3c" testName="Tests.Integration.Backend.Controllers.PeopleControllerTests.People_Should_Maintain_Role_Relationships" computerName="runnervmf4ws1" duration="00:00:01.1644101" startTime="2025-09-11T04:18:37.4387489+00:00" endTime="2025-09-11T04:18:37.4387489+00:00" testType="13cdc9d9-ddb5-4fa4-a97d-d965ccfc6d4b" outcome="Passed" testListId="8c84fa94-04c1-424b-9868-57a2d4851a1d" relativeResultsDirectory="370fb58a-aa78-4d2d-be37-1672d6af5cc7" />
    <UnitTestResult executionId="4e6e3212-9c18-4689-b40e-2387af40720a" testId="1a8b33fa-e8e7-c5c8-b527-0b5fd94498f4" testName="Tests.Integration.Backend.OutputCaching.CacheInvalidationTests.PostPerson_ShouldInvalidateListCache" computerName="runnervmf4ws1" duration="00:00:01.1495680" startTime="2025-09-11T04:19:11.6812732+00:00" endTime="2025-09-11T04:19:11.6812732+00:00" testType="13cdc9d9-ddb5-4fa4-a97d-d965ccfc6d4b" outcome="Passed" testListId="8c84fa94-04c1-424b-9868-57a2d4851a1d" relativeResultsDirectory="4e6e3212-9c18-4689-b40e-2387af40720a" />
    <UnitTestResult executionId="0dbb9e4e-4028-437b-a510-fdf3fd4fc1f5" testId="a46a2a4d-c658-0cec-efdf-8b3a220df306" testName="Tests.Integration.Backend.OutputCaching.OutputCachingConfigurationTests.OutputCaching_ShouldUseRedisWhenConfigured" computerName="runnervmf4ws1" duration="00:00:00.0318567" startTime="2025-09-11T04:18:45.4512629+00:00" endTime="2025-09-11T04:18:45.4512630+00:00" testType="13cdc9d9-ddb5-4fa4-a97d-d965ccfc6d4b" outcome="Passed" testListId="8c84fa94-04c1-424b-9868-57a2d4851a1d" relativeResultsDirectory="0dbb9e4e-4028-437b-a510-fdf3fd4fc1f5" />
    <UnitTestResult executionId="1acb7187-b6a5-49e1-839b-241d44e17dc3" testId="74823db9-4157-34a3-9710-5272b5fb4159" testName="Tests.Integration.Backend.OutputCaching.OutputCachingConfigurationTests.OutputCachePolicies_ShouldHaveCorrectDurations(policyName: &quot;WindowsPolicy&quot;, expectedDurationSeconds: 600)" computerName="runnervmf4ws1" duration="00:00:00.0257715" startTime="2025-09-11T04:18:45.4191294+00:00" endTime="2025-09-11T04:18:45.4191295+00:00" testType="13cdc9d9-ddb5-4fa4-a97d-d965ccfc6d4b" outcome="Passed" testListId="8c84fa94-04c1-424b-9868-57a2d4851a1d" relativeResultsDirectory="1acb7187-b6a5-49e1-839b-241d44e17dc3" />
    <UnitTestResult executionId="f2e06875-d5c5-4b87-a619-f925f12e00e5" testId="78b405b2-a7b4-22cc-fd25-19657615e9ba" testName="Tests.Integration.Backend.Controllers.PeopleControllerTests.PUT_People_Should_Return_404_For_NonExistent_Person" computerName="runnervmf4ws1" duration="00:00:00.8225026" startTime="2025-09-11T04:18:43.1174875+00:00" endTime="2025-09-11T04:18:43.1174875+00:00" testType="13cdc9d9-ddb5-4fa4-a97d-d965ccfc6d4b" outcome="Passed" testListId="8c84fa94-04c1-424b-9868-57a2d4851a1d" relativeResultsDirectory="f2e06875-d5c5-4b87-a619-f925f12e00e5" />
    <UnitTestResult executionId="b47967e9-a63a-41e3-aefc-ac2a58eefc19" testId="55dddd7e-5762-c034-d77c-c5f90ba94706" testName="Tests.Integration.Backend.Controllers.AuthControllerPasswordResetTests.Complete_Password_Reset_Workflow_Should_Work" computerName="runnervmf4ws1" duration="00:00:00.6285954" startTime="2025-09-11T04:19:08.4585478+00:00" endTime="2025-09-11T04:19:08.4585478+00:00" testType="13cdc9d9-ddb5-4fa4-a97d-d965ccfc6d4b" outcome="Passed" testListId="8c84fa94-04c1-424b-9868-57a2d4851a1d" relativeResultsDirectory="b47967e9-a63a-41e3-aefc-ac2a58eefc19" />
    <UnitTestResult executionId="0bfecc37-4728-40f2-b43b-18af41b0cdea" testId="bc4ebe26-634c-986e-8a8c-e92c2437e06a" testName="Tests.Integration.Backend.Controllers.PeopleControllerTests.POST_People_Should_Allow_Empty_Phone_Number" computerName="runnervmf4ws1" duration="00:00:00.8187135" startTime="2025-09-11T04:18:38.2579255+00:00" endTime="2025-09-11T04:18:38.2579256+00:00" testType="13cdc9d9-ddb5-4fa4-a97d-d965ccfc6d4b" outcome="Passed" testListId="8c84fa94-04c1-424b-9868-57a2d4851a1d" relativeResultsDirectory="0bfecc37-4728-40f2-b43b-18af41b0cdea" />
    <UnitTestResult executionId="3e297b4a-0926-4126-b4c0-1823a6597142" testId="06592b62-9486-dc14-09e9-81aa1f2eb0eb" testName="Tests.Integration.Backend.Compression.StaticFileCompressionTests.CompressedStaticFiles_ShouldBeSmallerThanUncompressed" computerName="runnervmf4ws1" duration="00:00:00.0041420" startTime="2025-09-11T04:17:54.0508916+00:00" endTime="2025-09-11T04:17:54.0508917+00:00" testType="13cdc9d9-ddb5-4fa4-a97d-d965ccfc6d4b" outcome="Passed" testListId="8c84fa94-04c1-424b-9868-57a2d4851a1d" relativeResultsDirectory="3e297b4a-0926-4126-b4c0-1823a6597142" />
    <UnitTestResult executionId="2ce2629e-5819-455c-b784-e669bddbd803" testId="a509d6b0-b691-0a3b-74c8-b5408578a6d5" testName="Tests.Integration.Backend.Controllers.WallsControllerTests.DELETE_Wall_Should_Remove_Existing_Wall" computerName="runnervmf4ws1" duration="00:00:01.5289965" startTime="2025-09-11T04:18:05.5403643+00:00" endTime="2025-09-11T04:18:05.5403645+00:00" testType="13cdc9d9-ddb5-4fa4-a97d-d965ccfc6d4b" outcome="Passed" testListId="8c84fa94-04c1-424b-9868-57a2d4851a1d" relativeResultsDirectory="2ce2629e-5819-455c-b784-e669bddbd803" />
    <UnitTestResult executionId="d5f368d8-fdc7-4bf0-8f66-f8d4acf9b3e3" testId="4e4996c7-f4bf-6a3f-b2c5-de38dd6676bb" testName="Tests.Integration.Backend.Controllers.PeopleControllerTests.GET_People_By_Id_Should_Return_404_For_NonExistent_Person" computerName="runnervmf4ws1" duration="00:00:00.5246097" startTime="2025-09-11T04:18:39.0036039+00:00" endTime="2025-09-11T04:18:39.0036039+00:00" testType="13cdc9d9-ddb5-4fa4-a97d-d965ccfc6d4b" outcome="Passed" testListId="8c84fa94-04c1-424b-9868-57a2d4851a1d" relativeResultsDirectory="d5f368d8-fdc7-4bf0-8f66-f8d4acf9b3e3" />
    <UnitTestResult executionId="537491af-f0ee-4a86-b6c8-a4562649543f" testId="696a1e18-7066-ca21-55a7-645fa8e1a26a" testName="Tests.Integration.Backend.Controllers.WallsControllerTests.GET_Walls_Should_Return_Empty_List_Initially" computerName="runnervmf4ws1" duration="00:00:00.5347790" startTime="2025-09-11T04:18:06.7258330+00:00" endTime="2025-09-11T04:18:06.7258332+00:00" testType="13cdc9d9-ddb5-4fa4-a97d-d965ccfc6d4b" outcome="Passed" testListId="8c84fa94-04c1-424b-9868-57a2d4851a1d" relativeResultsDirectory="537491af-f0ee-4a86-b6c8-a4562649543f" />
    <UnitTestResult executionId="cc24309c-b03a-46ff-859d-5d0cbe6bcabf" testId="8feb6ba1-0aea-ccd4-705a-a363165ab119" testName="Tests.Integration.Backend.Compression.ResponseCompressionTests.ApiResponse_ShouldBeCompressed_WhenClientSupportsBrotli" computerName="runnervmf4ws1" duration="00:00:00.3492870" startTime="2025-09-11T04:19:36.4308548+00:00" endTime="2025-09-11T04:19:36.4308548+00:00" testType="13cdc9d9-ddb5-4fa4-a97d-d965ccfc6d4b" outcome="Passed" testListId="8c84fa94-04c1-424b-9868-57a2d4851a1d" relativeResultsDirectory="cc24309c-b03a-46ff-859d-5d0cbe6bcabf" />
    <UnitTestResult executionId="1f6bc262-4170-4354-ac40-b643baae26f1" testId="2bf8b19c-cf08-fc4d-1420-d095f4b1337b" testName="Tests.Integration.Backend.Controllers.AuthControllerTests.POST_Register_Should_Return_BadRequest_For_Invalid_Email" computerName="runnervmf4ws1" duration="00:00:00.2645263" startTime="2025-09-11T04:19:17.6303640+00:00" endTime="2025-09-11T04:19:17.6303640+00:00" testType="13cdc9d9-ddb5-4fa4-a97d-d965ccfc6d4b" outcome="Passed" testListId="8c84fa94-04c1-424b-9868-57a2d4851a1d" relativeResultsDirectory="1f6bc262-4170-4354-ac40-b643baae26f1" />
    <UnitTestResult executionId="bd2a3632-f5cf-4022-b2d3-48db18c5e77d" testId="d962a0d7-c5e8-e659-8957-69cdfae1f523" testName="Tests.Integration.Backend.Controllers.DatabaseControllerTests.GET_Database_ValidatePreTest_Should_Return_Validation_Result" computerName="runnervmf4ws1" duration="00:00:00.2828124" startTime="2025-09-11T04:17:55.0090101+00:00" endTime="2025-09-11T04:17:55.0090104+00:00" testType="13cdc9d9-ddb5-4fa4-a97d-d965ccfc6d4b" outcome="Passed" testListId="8c84fa94-04c1-424b-9868-57a2d4851a1d" relativeResultsDirectory="bd2a3632-f5cf-4022-b2d3-48db18c5e77d" />
    <UnitTestResult executionId="7863bffc-9ec5-4897-b700-69def55f3a10" testId="3ff5fdb0-8488-3e48-6905-fa8bdf7eaa4c" testName="Tests.Integration.Backend.Controllers.AuthControllerTests.POST_Register_Should_Return_BadRequest_For_Existing_Email" computerName="runnervmf4ws1" duration="00:00:00.5280353" startTime="2025-09-11T04:19:18.1586978+00:00" endTime="2025-09-11T04:19:18.1586979+00:00" testType="13cdc9d9-ddb5-4fa4-a97d-d965ccfc6d4b" outcome="Passed" testListId="8c84fa94-04c1-424b-9868-57a2d4851a1d" relativeResultsDirectory="7863bffc-9ec5-4897-b700-69def55f3a10" />
    <UnitTestResult executionId="47c5b818-703f-4cdf-9529-33904ac80533" testId="cca41772-191f-0a82-bb6f-ddd4fb32e2c7" testName="Tests.Integration.Backend.Controllers.WallsControllerTests.PUT_Wall_Should_Update_Existing_Wall" computerName="runnervmf4ws1" duration="00:00:01.5174461" startTime="2025-09-11T04:18:10.4918118+00:00" endTime="2025-09-11T04:18:10.4918121+00:00" testType="13cdc9d9-ddb5-4fa4-a97d-d965ccfc6d4b" outcome="Passed" testListId="8c84fa94-04c1-424b-9868-57a2d4851a1d" relativeResultsDirectory="47c5b818-703f-4cdf-9529-33904ac80533" />
    <UnitTestResult executionId="bfbabb71-c6bc-4d3b-a2e6-4313345b1d46" testId="fb20298c-4879-8f71-4e88-e39a0110f3e6" testName="Tests.Integration.Backend.OutputCaching.CachingE2ETests.ConcurrentRequests_ShouldBeCachedEfficiently" computerName="runnervmf4ws1" duration="00:00:00.5264278" startTime="2025-09-11T04:18:52.0941831+00:00" endTime="2025-09-11T04:18:52.0941832+00:00" testType="13cdc9d9-ddb5-4fa4-a97d-d965ccfc6d4b" outcome="Passed" testListId="8c84fa94-04c1-424b-9868-57a2d4851a1d" relativeResultsDirectory="bfbabb71-c6bc-4d3b-a2e6-4313345b1d46">
      <Output>
        <StdOut>20 concurrent requests completed in 4ms
Average time per request: 0.2ms</StdOut>
      </Output>
    </UnitTestResult>
    <UnitTestResult executionId="f9db530f-df2e-4a4b-84a5-8c18576b06bb" testId="76fbe764-5e84-e751-cc4c-187af70eca54" testName="Tests.Integration.Backend.Infrastructure.GenericRepositoryIntegrationTests.GenericRepository_ShouldWorkWithSpecifications_EndToEnd" computerName="runnervmf4ws1" duration="00:00:00.3835829" startTime="2025-09-11T04:17:53.4876625+00:00" endTime="2025-09-11T04:17:53.4876628+00:00" testType="13cdc9d9-ddb5-4fa4-a97d-d965ccfc6d4b" outcome="Passed" testListId="8c84fa94-04c1-424b-9868-57a2d4851a1d" relativeResultsDirectory="f9db530f-df2e-4a4b-84a5-8c18576b06bb" />
    <UnitTestResult executionId="4dc0e884-3965-4a28-85ec-0a983360be13" testId="42775960-58e6-9486-14ff-996dea311598" testName="Tests.Integration.Backend.Infrastructure.GenericRepositoryIntegrationTests.IRepository_ShouldBeRegisteredInDIContainer" computerName="runnervmf4ws1" duration="00:00:00.2612312" startTime="2025-09-11T04:17:53.7495543+00:00" endTime="2025-09-11T04:17:53.7495546+00:00" testType="13cdc9d9-ddb5-4fa4-a97d-d965ccfc6d4b" outcome="Passed" testListId="8c84fa94-04c1-424b-9868-57a2d4851a1d" relativeResultsDirectory="4dc0e884-3965-4a28-85ec-0a983360be13" />
    <UnitTestResult executionId="9d73056d-889e-4792-a766-af2485692821" testId="a6bb128b-1161-cbb2-5ff4-da08f9a71fbf" testName="Tests.Integration.Backend.Controllers.PeopleControllerTests.GET_People_Should_Return_401_Without_Authentication" computerName="runnervmf4ws1" duration="00:00:00.2193950" startTime="2025-09-11T04:18:36.2739688+00:00" endTime="2025-09-11T04:18:36.2739689+00:00" testType="13cdc9d9-ddb5-4fa4-a97d-d965ccfc6d4b" outcome="Passed" testListId="8c84fa94-04c1-424b-9868-57a2d4851a1d" relativeResultsDirectory="9d73056d-889e-4792-a766-af2485692821" />
    <UnitTestResult executionId="6979c4e4-ef69-4056-9ca9-c5b68cbf925b" testId="3c9c11b5-6967-f47a-cfd8-d22458fa9229" testName="Tests.Integration.Backend.OutputCaching.ConditionalRequestTests.CacheHeaders_ShouldBePresent_OnGetRequests" computerName="runnervmf4ws1" duration="00:00:00.5454309" startTime="2025-09-11T04:18:12.6583503+00:00" endTime="2025-09-11T04:18:12.6583505+00:00" testType="13cdc9d9-ddb5-4fa4-a97d-d965ccfc6d4b" outcome="Passed" testListId="8c84fa94-04c1-424b-9868-57a2d4851a1d" relativeResultsDirectory="6979c4e4-ef69-4056-9ca9-c5b68cbf925b" />
    <UnitTestResult executionId="d636f5cf-6acd-4192-bdfd-14d16ed26a0d" testId="a52f36e0-aa87-4104-3036-3d7d9607f688" testName="Tests.Integration.Backend.Compression.ResponseCompressionTests.SmallResponse_ShouldNotBeCompressed_WhenBelowThreshold" computerName="runnervmf4ws1" duration="00:00:00.0050958" startTime="2025-09-11T04:19:37.3498184+00:00" endTime="2025-09-11T04:19:37.3498184+00:00" testType="13cdc9d9-ddb5-4fa4-a97d-d965ccfc6d4b" outcome="Passed" testListId="8c84fa94-04c1-424b-9868-57a2d4851a1d" relativeResultsDirectory="d636f5cf-6acd-4192-bdfd-14d16ed26a0d" />
    <UnitTestResult executionId="48a3e991-bcc9-49c7-9fe8-c95efef3746d" testId="3ae9a197-02ed-3bf8-219d-823a522da5f1" testName="Tests.Integration.Backend.Controllers.PeopleControllerTests.DELETE_People_Should_Return_204_For_NonExistent_Person" computerName="runnervmf4ws1" duration="00:00:00.8267560" startTime="2025-09-11T04:18:41.4727765+00:00" endTime="2025-09-11T04:18:41.4727765+00:00" testType="13cdc9d9-ddb5-4fa4-a97d-d965ccfc6d4b" outcome="Passed" testListId="8c84fa94-04c1-424b-9868-57a2d4851a1d" relativeResultsDirectory="48a3e991-bcc9-49c7-9fe8-c95efef3746d" />
    <UnitTestResult executionId="f3d00757-1d68-4e7c-bbb7-4057d88b6b2e" testId="3aa435ad-a9a4-65ee-4bc9-21f73753b103" testName="Tests.Integration.Backend.OutputCaching.OutputCachingConfigurationTests.OutputCaching_ShouldBeRegisteredInServices" computerName="runnervmf4ws1" duration="00:00:00.0001382" startTime="2025-09-11T04:18:45.4518135+00:00" endTime="2025-09-11T04:18:45.4518135+00:00" testType="13cdc9d9-ddb5-4fa4-a97d-d965ccfc6d4b" outcome="Passed" testListId="8c84fa94-04c1-424b-9868-57a2d4851a1d" relativeResultsDirectory="f3d00757-1d68-4e7c-bbb7-4057d88b6b2e" />
    <UnitTestResult executionId="33387bee-4954-478e-a292-2c7bc55f34a0" testId="03a14d36-6f95-8492-bfd4-a25fff2f6772" testName="Tests.Integration.Backend.Controllers.WindowsControllerTests.POST_Windows_Should_Return_400_For_Invalid_Data" computerName="runnervmf4ws1" duration="00:00:00.6629617" startTime="2025-09-11T04:18:53.2854547+00:00" endTime="2025-09-11T04:18:53.2854548+00:00" testType="13cdc9d9-ddb5-4fa4-a97d-d965ccfc6d4b" outcome="Passed" testListId="8c84fa94-04c1-424b-9868-57a2d4851a1d" relativeResultsDirectory="33387bee-4954-478e-a292-2c7bc55f34a0" />
    <UnitTestResult executionId="bddb59c8-eedb-4c09-a075-03a587329a08" testId="a0e7a1c4-1639-53f1-ce02-5d2f760332a2" testName="Tests.Integration.Backend.E2E.AuthenticationE2ETests.Token_Should_Expire_And_Require_Refresh" computerName="runnervmf4ws1" duration="00:00:00.3075763" startTime="2025-09-11T04:18:17.8964596+00:00" endTime="2025-09-11T04:18:17.8964598+00:00" testType="13cdc9d9-ddb5-4fa4-a97d-d965ccfc6d4b" outcome="Passed" testListId="8c84fa94-04c1-424b-9868-57a2d4851a1d" relativeResultsDirectory="bddb59c8-eedb-4c09-a075-03a587329a08" />
    <UnitTestResult executionId="440e4af3-d58d-4007-8e61-4a1a1ce8e0c4" testId="4ca138d0-3af0-bb0b-3bfb-df9507be5ed5" testName="Tests.Integration.Backend.Controllers.PeopleControllerTests.POST_People_Should_Return_400_For_Invalid_Request" computerName="runnervmf4ws1" duration="00:00:00.8282097" startTime="2025-09-11T04:18:35.2110573+00:00" endTime="2025-09-11T04:18:35.2110574+00:00" testType="13cdc9d9-ddb5-4fa4-a97d-d965ccfc6d4b" outcome="Passed" testListId="8c84fa94-04c1-424b-9868-57a2d4851a1d" relativeResultsDirectory="440e4af3-d58d-4007-8e61-4a1a1ce8e0c4" />
    <UnitTestResult executionId="8e4ffb34-2a9d-42d0-a143-6acccf882e8e" testId="41853896-8f31-97ce-b78f-41cf4c24e045" testName="Tests.Integration.Backend.Controllers.PeopleControllerTests.POST_People_Should_Return_403_For_Non_Admin_User" computerName="runnervmf4ws1" duration="00:00:00.5205870" startTime="2025-09-11T04:18:40.6456545+00:00" endTime="2025-09-11T04:18:40.6456545+00:00" testType="13cdc9d9-ddb5-4fa4-a97d-d965ccfc6d4b" outcome="Passed" testListId="8c84fa94-04c1-424b-9868-57a2d4851a1d" relativeResultsDirectory="8e4ffb34-2a9d-42d0-a143-6acccf882e8e" />
    <UnitTestResult executionId="7f90bf60-1712-4d77-95bf-e8e8ef2da971" testId="19212179-02a1-0bfe-fef4-7e3682270e04" testName="Tests.Integration.Backend.OutputCaching.CachingE2ETests.CacheInvalidation_ShouldWorkAcrossEntities" computerName="runnervmf4ws1" duration="00:00:01.1553479" startTime="2025-09-11T04:18:47.8100588+00:00" endTime="2025-09-11T04:18:47.8100588+00:00" testType="13cdc9d9-ddb5-4fa4-a97d-d965ccfc6d4b" outcome="Passed" testListId="8c84fa94-04c1-424b-9868-57a2d4851a1d" relativeResultsDirectory="7f90bf60-1712-4d77-95bf-e8e8ef2da971" />
    <UnitTestResult executionId="47b0a303-5bb6-4218-837e-2c88aac01d21" testId="ca246cb1-0b00-e31f-8cae-0e70703e829e" testName="Tests.Integration.Backend.E2E.AuthenticationE2ETests.Login_Should_Fail_With_Invalid_Credentials" computerName="runnervmf4ws1" duration="00:00:00.0028580" startTime="2025-09-11T04:18:16.9523710+00:00" endTime="2025-09-11T04:18:16.9523711+00:00" testType="13cdc9d9-ddb5-4fa4-a97d-d965ccfc6d4b" outcome="Passed" testListId="8c84fa94-04c1-424b-9868-57a2d4851a1d" relativeResultsDirectory="47b0a303-5bb6-4218-837e-2c88aac01d21" />
    <UnitTestResult executionId="37974838-cfc5-43b0-8164-85673cd8cd9e" testId="d513fe07-1dc8-1c74-2c21-98142b85dcfb" testName="Tests.Integration.Backend.Controllers.ApiHealthTests.All_Endpoints_Should_Support_Expected_HTTP_Methods(method: &quot;POST&quot;, endpoint: &quot;/api/people&quot;)" computerName="runnervmf4ws1" duration="00:00:00.6096400" startTime="2025-09-11T04:19:26.9451580+00:00" endTime="2025-09-11T04:19:26.9451581+00:00" testType="13cdc9d9-ddb5-4fa4-a97d-d965ccfc6d4b" outcome="Passed" testListId="8c84fa94-04c1-424b-9868-57a2d4851a1d" relativeResultsDirectory="37974838-cfc5-43b0-8164-85673cd8cd9e" />
    <UnitTestResult executionId="120afcdd-a8db-4541-9e1d-1ec3e195504c" testId="4b80b6dd-af6e-92d9-97c9-a8c31eb301db" testName="Tests.Integration.Backend.OutputCaching.CachingE2ETests.AllCachedEndpoints_ShouldReturnCacheHeaders(endpoint: &quot;/api/walls&quot;)" computerName="runnervmf4ws1" duration="00:00:00.5267697" startTime="2025-09-11T04:18:50.0019401+00:00" endTime="2025-09-11T04:18:50.0019401+00:00" testType="13cdc9d9-ddb5-4fa4-a97d-d965ccfc6d4b" outcome="Passed" testListId="8c84fa94-04c1-424b-9868-57a2d4851a1d" relativeResultsDirectory="120afcdd-a8db-4541-9e1d-1ec3e195504c">
      <Output>
        <StdOut>Endpoint: /api/walls
  ETag: "igAQWjhfdMKc1mhzSFEY8w=="
  Last-Modified: 09/11/2025 04:18:45 +00:00</StdOut>
      </Output>
    </UnitTestResult>
    <UnitTestResult executionId="a93c6d4e-7108-4c4f-9186-e913d9d2889a" testId="410da1bb-0033-e445-230e-baa696a924ac" testName="Tests.Integration.Backend.E2E.AuthenticationE2ETests.Registration_Should_Validate_Password_Complexity" computerName="runnervmf4ws1" duration="00:00:00.0033553" startTime="2025-09-11T04:18:17.5884445+00:00" endTime="2025-09-11T04:18:17.5884447+00:00" testType="13cdc9d9-ddb5-4fa4-a97d-d965ccfc6d4b" outcome="Passed" testListId="8c84fa94-04c1-424b-9868-57a2d4851a1d" relativeResultsDirectory="a93c6d4e-7108-4c4f-9186-e913d9d2889a" />
    <UnitTestResult executionId="9731bad9-dcac-483f-aeb2-04fd7001b38f" testId="5ba1ea2b-a035-33f8-2d26-2c5753c3433e" testName="Tests.Integration.Backend.Compression.StaticFileCompressionTests.UncompressedStaticFiles_ShouldNotHaveCompressionHeaders" computerName="runnervmf4ws1" duration="00:00:00.0047597" startTime="2025-09-11T04:17:54.0435203+00:00" endTime="2025-09-11T04:17:54.0435205+00:00" testType="13cdc9d9-ddb5-4fa4-a97d-d965ccfc6d4b" outcome="Passed" testListId="8c84fa94-04c1-424b-9868-57a2d4851a1d" relativeResultsDirectory="9731bad9-dcac-483f-aeb2-04fd7001b38f" />
    <UnitTestResult executionId="8eb7ff70-b392-4e62-b0dc-1cd0e921322e" testId="3a855c55-b695-d057-ad6f-34eef0eb2eae" testName="Tests.Integration.Backend.OutputCaching.ConditionalRequestTests.GetRequest_WithIfNoneMatch_ShouldReturn304_WhenETagMatches" computerName="runnervmf4ws1" duration="00:00:00.5324087" startTime="2025-09-11T04:18:13.1924325+00:00" endTime="2025-09-11T04:18:13.1924327+00:00" testType="13cdc9d9-ddb5-4fa4-a97d-d965ccfc6d4b" outcome="Failed" testListId="8c84fa94-04c1-424b-9868-57a2d4851a1d" relativeResultsDirectory="8eb7ff70-b392-4e62-b0dc-1cd0e921322e">
      <Output>
        <ErrorInfo>
          <Message>Expected response2.StatusCode to be HttpStatusCode.NotModified {value: 304} because Server should return 304 when ETag matches, but found HttpStatusCode.OK {value: 200}.</Message>
          <StackTrace>   at FluentAssertions.Execution.XUnit2TestFramework.Throw(String message)
   at FluentAssertions.Execution.TestFrameworkProvider.Throw(String message)
   at FluentAssertions.Execution.DefaultAssertionStrategy.HandleFailure(String message)
   at FluentAssertions.Execution.AssertionScope.FailWith(Func`1 failReasonFunc)
   at FluentAssertions.Primitives.EnumAssertions`2.Be(TEnum expected, String because, Object[] becauseArgs)
   at Tests.Integration.Backend.OutputCaching.ConditionalRequestTests.&lt;GetRequest_WithIfNoneMatch_ShouldReturn304_WhenETagMatches&gt;b__1_0() in /home/runner/work/Crud/Crud/test/Tests.Integration.Backend/OutputCaching/ConditionalRequestTests.cs:line 53
   at Tests.Integration.Backend.Infrastructure.IntegrationTestBase.RunWithCleanDatabaseAsync(Func`1 testAction) in /home/runner/work/Crud/Crud/test/Tests.Integration.Backend/Infrastructure/IntegrationTestBase.cs:line 48
   at Tests.Integration.Backend.Infrastructure.IntegrationTestBase.RunWithCleanDatabaseAsync(Func`1 testAction) in /home/runner/work/Crud/Crud/test/Tests.Integration.Backend/Infrastructure/IntegrationTestBase.cs:line 53
   at Tests.Integration.Backend.OutputCaching.ConditionalRequestTests.GetRequest_WithIfNoneMatch_ShouldReturn304_WhenETagMatches() in /home/runner/work/Crud/Crud/test/Tests.Integration.Backend/OutputCaching/ConditionalRequestTests.cs:line 28
--- End of stack trace from previous location ---</StackTrace>
        </ErrorInfo>
      </Output>
    </UnitTestResult>
    <UnitTestResult executionId="4334f538-304d-4739-af0d-545df4be348d" testId="b669f2ae-31fe-37d1-6d74-8de9a66812e1" testName="Tests.Integration.Backend.Controllers.DatabaseControllerTests.POST_Database_Reset_Should_Reset_Database_With_Valid_Token" computerName="runnervmf4ws1" duration="00:00:00.3769573" startTime="2025-09-11T04:17:55.9014812+00:00" endTime="2025-09-11T04:17:55.9014814+00:00" testType="13cdc9d9-ddb5-4fa4-a97d-d965ccfc6d4b" outcome="Passed" testListId="8c84fa94-04c1-424b-9868-57a2d4851a1d" relativeResultsDirectory="4334f538-304d-4739-af0d-545df4be348d" />
    <UnitTestResult executionId="188db6f7-8ccc-4a72-9ad0-ac13cc8218a1" testId="34d6d731-abe6-2c2d-f525-44f047db1777" testName="Tests.Integration.Backend.Controllers.WallsControllerTests.POST_Wall_Should_Handle_Optional_Fields" computerName="runnervmf4ws1" duration="00:00:02.5560577" startTime="2025-09-11T04:17:58.4588129+00:00" endTime="2025-09-11T04:17:58.4588133+00:00" testType="13cdc9d9-ddb5-4fa4-a97d-d965ccfc6d4b" outcome="Passed" testListId="8c84fa94-04c1-424b-9868-57a2d4851a1d" relativeResultsDirectory="188db6f7-8ccc-4a72-9ad0-ac13cc8218a1" />
    <UnitTestResult executionId="165ca5ff-d99a-4259-833b-96edbf43f9f3" testId="cbf0626f-7167-adff-b20c-96cc3cdf6ce9" testName="Tests.Integration.Backend.OutputCaching.OutputCachingTests.GetEntityById_ShouldReturnConsistentResponses" computerName="runnervmf4ws1" duration="00:00:00.5428834" startTime="2025-09-11T04:18:20.7053354+00:00" endTime="2025-09-11T04:18:20.7053356+00:00" testType="13cdc9d9-ddb5-4fa4-a97d-d965ccfc6d4b" outcome="Passed" testListId="8c84fa94-04c1-424b-9868-57a2d4851a1d" relativeResultsDirectory="165ca5ff-d99a-4259-833b-96edbf43f9f3" />
    <UnitTestResult executionId="0ef32fcd-1d52-4dc3-9b30-635bef394b9f" testId="29ba8dce-52f9-1a09-beb5-2c73bb03e4dd" testName="Tests.Integration.Backend.Controllers.RolesControllerTests.GET_Role_By_Id_Should_Return_404_When_Not_Exists" computerName="runnervmf4ws1" duration="00:00:00.5247147" startTime="2025-09-11T04:18:30.3600064+00:00" endTime="2025-09-11T04:18:30.3600069+00:00" testType="13cdc9d9-ddb5-4fa4-a97d-d965ccfc6d4b" outcome="Passed" testListId="8c84fa94-04c1-424b-9868-57a2d4851a1d" relativeResultsDirectory="0ef32fcd-1d52-4dc3-9b30-635bef394b9f" />
    <UnitTestResult executionId="9161e1e2-15fb-4a9f-a5b0-421e66a889c6" testId="ff9b3969-a7f6-2222-47ce-4595f8d0cb7e" testName="Tests.Integration.Backend.Controllers.DatabaseControllerTests.GET_Database_VerifyIntegrity_Should_Return_Integrity_Check_Result" computerName="runnervmf4ws1" duration="00:00:00.2602216" startTime="2025-09-11T04:17:55.2696282+00:00" endTime="2025-09-11T04:17:55.2696285+00:00" testType="13cdc9d9-ddb5-4fa4-a97d-d965ccfc6d4b" outcome="Passed" testListId="8c84fa94-04c1-424b-9868-57a2d4851a1d" relativeResultsDirectory="9161e1e2-15fb-4a9f-a5b0-421e66a889c6" />
    <UnitTestResult executionId="be29e7a3-9b1d-4f03-9a60-35b92296321a" testId="9fb85c0b-c781-4485-f6e0-88690963221a" testName="Tests.Integration.Backend.Controllers.ApiHealthTests.API_Should_Handle_Malformed_JSON" computerName="runnervmf4ws1" duration="00:00:00.6058871" startTime="2025-09-11T04:19:29.6866636+00:00" endTime="2025-09-11T04:19:29.6866636+00:00" testType="13cdc9d9-ddb5-4fa4-a97d-d965ccfc6d4b" outcome="Passed" testListId="8c84fa94-04c1-424b-9868-57a2d4851a1d" relativeResultsDirectory="be29e7a3-9b1d-4f03-9a60-35b92296321a" />
    <UnitTestResult executionId="9e0fa978-2c20-4da1-bbfa-0b1cb46d997a" testId="d4d4848b-8d11-cc53-4c2f-7b3836864b98" testName="Tests.Integration.Backend.Controllers.AuthControllerTests.POST_Logout_Should_Revoke_RefreshToken" computerName="runnervmf4ws1" duration="00:00:00.8273066" startTime="2025-09-11T04:19:20.8904170+00:00" endTime="2025-09-11T04:19:20.8904171+00:00" testType="13cdc9d9-ddb5-4fa4-a97d-d965ccfc6d4b" outcome="Passed" testListId="8c84fa94-04c1-424b-9868-57a2d4851a1d" relativeResultsDirectory="9e0fa978-2c20-4da1-bbfa-0b1cb46d997a" />
    <UnitTestResult executionId="83c61b60-710b-4ff6-ac97-afdfbbd06da7" testId="3b2e3bce-af10-026c-a2ca-d924efcd601d" testName="Tests.Integration.Backend.Compression.StaticFileCompressionTests.JsFile_ShouldBeCompressed_WhenClientSupportsGzip" computerName="runnervmf4ws1" duration="00:00:00.0021851" startTime="2025-09-11T04:17:54.0460337+00:00" endTime="2025-09-11T04:17:54.0460338+00:00" testType="13cdc9d9-ddb5-4fa4-a97d-d965ccfc6d4b" outcome="Passed" testListId="8c84fa94-04c1-424b-9868-57a2d4851a1d" relativeResultsDirectory="83c61b60-710b-4ff6-ac97-afdfbbd06da7" />
    <UnitTestResult executionId="8e504123-798b-4635-b915-3e2b994e7628" testId="98463f55-b92d-02fc-1e9d-e879206d0dbe" testName="Tests.Integration.Backend.Controllers.ApiHealthTests.All_Endpoints_Should_Support_Expected_HTTP_Methods(method: &quot;POST&quot;, endpoint: &quot;/api/roles&quot;)" computerName="runnervmf4ws1" duration="00:00:00.6067622" startTime="2025-09-11T04:19:25.7053423+00:00" endTime="2025-09-11T04:19:25.7053424+00:00" testType="13cdc9d9-ddb5-4fa4-a97d-d965ccfc6d4b" outcome="Passed" testListId="8c84fa94-04c1-424b-9868-57a2d4851a1d" relativeResultsDirectory="8e504123-798b-4635-b915-3e2b994e7628" />
    <UnitTestResult executionId="956bc6c6-643e-40e3-8665-f922d0ec2a16" testId="297d158e-047c-5612-bd99-21893c5634e4" testName="Tests.Integration.Backend.Controllers.AuthControllerTests.POST_Refresh_Should_Return_Unauthorized_For_Invalid_RefreshToken" computerName="runnervmf4ws1" duration="00:00:00.2226784" startTime="2025-09-11T04:19:21.9314653+00:00" endTime="2025-09-11T04:19:21.9314654+00:00" testType="13cdc9d9-ddb5-4fa4-a97d-d965ccfc6d4b" outcome="Passed" testListId="8c84fa94-04c1-424b-9868-57a2d4851a1d" relativeResultsDirectory="956bc6c6-643e-40e3-8665-f922d0ec2a16" />
    <UnitTestResult executionId="f9938a85-6f69-4223-923a-f9824f64a739" testId="06054800-c7da-a693-e1d3-d81d35d825c2" testName="Tests.Integration.Backend.Controllers.ApiHealthTests.All_Controllers_Should_Be_Accessible(endpoint: &quot;/api/people&quot;)" computerName="runnervmf4ws1" duration="00:00:00.3473572" startTime="2025-09-11T04:19:23.2542565+00:00" endTime="2025-09-11T04:19:23.2542566+00:00" testType="13cdc9d9-ddb5-4fa4-a97d-d965ccfc6d4b" outcome="Passed" testListId="8c84fa94-04c1-424b-9868-57a2d4851a1d" relativeResultsDirectory="f9938a85-6f69-4223-923a-f9824f64a739" />
    <UnitTestResult executionId="5993bc35-f217-40d9-b0bd-7af846decae8" testId="70e1a820-63f2-9d05-e43e-21258bccb063" testName="Tests.Integration.Backend.OutputCaching.CachingE2ETests.CompleteCachingWorkflow_ShouldPerformAsExpected" computerName="runnervmf4ws1" duration="00:00:01.1325171" startTime="2025-09-11T04:18:49.4758634+00:00" endTime="2025-09-11T04:18:49.4758634+00:00" testType="13cdc9d9-ddb5-4fa4-a97d-d965ccfc6d4b" outcome="Failed" testListId="8c84fa94-04c1-424b-9868-57a2d4851a1d" relativeResultsDirectory="5993bc35-f217-40d9-b0bd-7af846decae8">
      <Output>
        <StdOut>Initial request (cache miss): 1ms
Cached request (cache hit): 0ms</StdOut>
        <ErrorInfo>
          <Message>Expected response3.StatusCode to be HttpStatusCode.NotModified {value: 304}, but found HttpStatusCode.OK {value: 200}.</Message>
          <StackTrace>   at FluentAssertions.Execution.XUnit2TestFramework.Throw(String message)
   at FluentAssertions.Execution.TestFrameworkProvider.Throw(String message)
   at FluentAssertions.Execution.DefaultAssertionStrategy.HandleFailure(String message)
   at FluentAssertions.Execution.AssertionScope.FailWith(Func`1 failReasonFunc)
   at FluentAssertions.Primitives.EnumAssertions`2.Be(TEnum expected, String because, Object[] becauseArgs)
   at Tests.Integration.Backend.OutputCaching.CachingE2ETests.&lt;CompleteCachingWorkflow_ShouldPerformAsExpected&gt;b__2_0() in /home/runner/work/Crud/Crud/test/Tests.Integration.Backend/OutputCaching/CachingE2ETests.cs:line 73
   at Tests.Integration.Backend.Infrastructure.IntegrationTestBase.RunWithCleanDatabaseAsync(Func`1 testAction) in /home/runner/work/Crud/Crud/test/Tests.Integration.Backend/Infrastructure/IntegrationTestBase.cs:line 48
   at Tests.Integration.Backend.Infrastructure.IntegrationTestBase.RunWithCleanDatabaseAsync(Func`1 testAction) in /home/runner/work/Crud/Crud/test/Tests.Integration.Backend/Infrastructure/IntegrationTestBase.cs:line 53
   at Tests.Integration.Backend.OutputCaching.CachingE2ETests.CompleteCachingWorkflow_ShouldPerformAsExpected() in /home/runner/work/Crud/Crud/test/Tests.Integration.Backend/OutputCaching/CachingE2ETests.cs:line 32
--- End of stack trace from previous location ---</StackTrace>
        </ErrorInfo>
      </Output>
    </UnitTestResult>
    <UnitTestResult executionId="7bf518d8-c111-4a01-9b72-0ac0dba77277" testId="41b3b4e1-06a8-534f-90a6-fb2576f3807d" testName="Tests.Integration.Backend.OutputCaching.CachingE2ETests.EntityCaching_ShouldCacheIndividualEntities" computerName="runnervmf4ws1" duration="00:00:00.5268542" startTime="2025-09-11T04:18:52.6213251+00:00" endTime="2025-09-11T04:18:52.6213252+00:00" testType="13cdc9d9-ddb5-4fa4-a97d-d965ccfc6d4b" outcome="Passed" testListId="8c84fa94-04c1-424b-9868-57a2d4851a1d" relativeResultsDirectory="7bf518d8-c111-4a01-9b72-0ac0dba77277">
      <Output>
        <StdOut>Average cached response time: 0.4ms</StdOut>
      </Output>
    </UnitTestResult>
    <UnitTestResult executionId="41262dd2-9b67-4ae3-9fd3-d98acb6eff11" testId="28caa8d5-c8a9-c82d-9ea0-c02736f0dfd9" testName="Tests.Integration.Backend.OutputCaching.CachingE2ETests.CrossEntityCaching_ShouldNotInterfere" computerName="runnervmf4ws1" duration="00:00:01.2006568" startTime="2025-09-11T04:18:46.6543788+00:00" endTime="2025-09-11T04:18:46.6543789+00:00" testType="13cdc9d9-ddb5-4fa4-a97d-d965ccfc6d4b" outcome="Passed" testListId="8c84fa94-04c1-424b-9868-57a2d4851a1d" relativeResultsDirectory="41262dd2-9b67-4ae3-9fd3-d98acb6eff11" />
    <UnitTestResult executionId="8c426a52-aaa6-441d-a975-32d6a623e282" testId="8e410b3f-ed9f-5189-87a9-0a81e42ccd93" testName="Tests.Integration.Backend.Controllers.AuthControllerPasswordResetTests.POST_ForgotPassword_WithInvalidEmail_Should_Return_BadRequest" computerName="runnervmf4ws1" duration="00:00:00.2241863" startTime="2025-09-11T04:19:06.9330519+00:00" endTime="2025-09-11T04:19:06.9330519+00:00" testType="13cdc9d9-ddb5-4fa4-a97d-d965ccfc6d4b" outcome="Passed" testListId="8c84fa94-04c1-424b-9868-57a2d4851a1d" relativeResultsDirectory="8c426a52-aaa6-441d-a975-32d6a623e282" />
    <UnitTestResult executionId="3ad37ec9-5664-4a67-abc7-e89d4006466a" testId="20b78283-04d3-fc47-1574-93af6fec32ea" testName="Tests.Integration.Backend.Controllers.AuthControllerPasswordResetTests.POST_ForgotPassword_WithValidEmail_Should_Return_Success" computerName="runnervmf4ws1" duration="00:00:00.3211018" startTime="2025-09-11T04:19:09.3274446+00:00" endTime="2025-09-11T04:19:09.3274447+00:00" testType="13cdc9d9-ddb5-4fa4-a97d-d965ccfc6d4b" outcome="Passed" testListId="8c84fa94-04c1-424b-9868-57a2d4851a1d" relativeResultsDirectory="3ad37ec9-5664-4a67-abc7-e89d4006466a" />
    <UnitTestResult executionId="ff5d1490-99f0-4c43-80cd-37e07f26a44d" testId="78d2062e-7c45-d260-f795-f1b53c418237" testName="Tests.Integration.Backend.Compression.StaticFileCompressionTests.CssFile_ShouldBeCompressed_WhenClientSupportsGzip" computerName="runnervmf4ws1" duration="00:00:00.0081790" startTime="2025-09-11T04:17:54.0307321+00:00" endTime="2025-09-11T04:17:54.0307323+00:00" testType="13cdc9d9-ddb5-4fa4-a97d-d965ccfc6d4b" outcome="Passed" testListId="8c84fa94-04c1-424b-9868-57a2d4851a1d" relativeResultsDirectory="ff5d1490-99f0-4c43-80cd-37e07f26a44d" />
    <UnitTestResult executionId="316c55eb-5f9f-4438-aaed-f37c0f4fd25c" testId="37ce62cb-c39d-d9d9-9814-53126b8a17ea" testName="Tests.Integration.Backend.Controllers.ApiHealthTests.API_Should_Be_Responsive" computerName="runnervmf4ws1" duration="00:00:00.3021523" startTime="2025-09-11T04:19:28.1526917+00:00" endTime="2025-09-11T04:19:28.1526917+00:00" testType="13cdc9d9-ddb5-4fa4-a97d-d965ccfc6d4b" outcome="Passed" testListId="8c84fa94-04c1-424b-9868-57a2d4851a1d" relativeResultsDirectory="316c55eb-5f9f-4438-aaed-f37c0f4fd25c" />
    <UnitTestResult executionId="074ec2a8-8f48-4c44-959d-6100e55284ec" testId="0853ac09-c300-33d5-e3a7-a607360126ba" testName="Tests.Integration.Backend.OutputCaching.ConditionalRequestTests.GetRequest_WithIfModifiedSince_ShouldReturn200_WhenModified" computerName="runnervmf4ws1" duration="00:00:01.1598911" startTime="2025-09-11T04:18:15.5072450+00:00" endTime="2025-09-11T04:18:15.5072452+00:00" testType="13cdc9d9-ddb5-4fa4-a97d-d965ccfc6d4b" outcome="Passed" testListId="8c84fa94-04c1-424b-9868-57a2d4851a1d" relativeResultsDirectory="074ec2a8-8f48-4c44-959d-6100e55284ec" />
    <UnitTestResult executionId="b2bee3c4-095b-4bf5-b669-28889b31b69c" testId="4fb3036c-0d92-3b62-20b9-33331422414d" testName="Tests.Integration.Backend.Controllers.AuthControllerTests.Protected_Endpoint_Should_Return_Unauthorized_Without_Token" computerName="runnervmf4ws1" duration="00:00:00.2212752" startTime="2025-09-11T04:19:22.6810663+00:00" endTime="2025-09-11T04:19:22.6810663+00:00" testType="13cdc9d9-ddb5-4fa4-a97d-d965ccfc6d4b" outcome="Passed" testListId="8c84fa94-04c1-424b-9868-57a2d4851a1d" relativeResultsDirectory="b2bee3c4-095b-4bf5-b669-28889b31b69c" />
    <UnitTestResult executionId="8f145354-2e61-4290-a620-16decc9c45bc" testId="d818e0b1-081a-89e5-4910-f245961c9079" testName="Tests.Integration.Backend.Controllers.ApiHealthTests.All_Endpoints_Should_Support_Expected_HTTP_Methods(method: &quot;GET&quot;, endpoint: &quot;/api/walls&quot;)" computerName="runnervmf4ws1" duration="00:00:00.3013494" startTime="2025-09-11T04:19:27.5492738+00:00" endTime="2025-09-11T04:19:27.5492738+00:00" testType="13cdc9d9-ddb5-4fa4-a97d-d965ccfc6d4b" outcome="Passed" testListId="8c84fa94-04c1-424b-9868-57a2d4851a1d" relativeResultsDirectory="8f145354-2e61-4290-a620-16decc9c45bc" />
    <UnitTestResult executionId="5977db84-cda0-4a1a-a57a-086b4bcec218" testId="02f305ed-30cd-4399-cb1c-75d62f144801" testName="Tests.Integration.Backend.OutputCaching.OutputCachingConfigurationTests.OutputCaching_ShouldHaveNamedPolicies" computerName="runnervmf4ws1" duration="00:00:00.0002712" startTime="2025-09-11T04:18:45.4515582+00:00" endTime="2025-09-11T04:18:45.4515582+00:00" testType="13cdc9d9-ddb5-4fa4-a97d-d965ccfc6d4b" outcome="Passed" testListId="8c84fa94-04c1-424b-9868-57a2d4851a1d" relativeResultsDirectory="5977db84-cda0-4a1a-a57a-086b4bcec218" />
    <UnitTestResult executionId="808354f1-f045-4f19-93cd-e10da6713ed6" testId="9ed0881a-ade1-55d1-ff4e-861058b9ed01" testName="Tests.Integration.Backend.Controllers.AuthControllerTests.POST_Refresh_Should_Return_New_Tokens_For_Valid_RefreshToken" computerName="runnervmf4ws1" duration="00:00:00.8526683" startTime="2025-09-11T04:19:19.0117333+00:00" endTime="2025-09-11T04:19:19.0117334+00:00" testType="13cdc9d9-ddb5-4fa4-a97d-d965ccfc6d4b" outcome="Passed" testListId="8c84fa94-04c1-424b-9868-57a2d4851a1d" relativeResultsDirectory="808354f1-f045-4f19-93cd-e10da6713ed6" />
    <UnitTestResult executionId="328ef14a-fd94-413d-9d53-67dc4a1f2160" testId="89abbdd3-2d4a-032e-64a6-9a76add4cdf5" testName="Tests.Integration.Backend.Controllers.WindowsControllerTests.Windows_Should_Handle_Boolean_Properties_Correctly" computerName="runnervmf4ws1" duration="00:00:01.2109410" startTime="2025-09-11T04:19:02.1154361+00:00" endTime="2025-09-11T04:19:02.1154361+00:00" testType="13cdc9d9-ddb5-4fa4-a97d-d965ccfc6d4b" outcome="Passed" testListId="8c84fa94-04c1-424b-9868-57a2d4851a1d" relativeResultsDirectory="328ef14a-fd94-413d-9d53-67dc4a1f2160" />
    <UnitTestResult executionId="0ae4b4c9-2ba3-42f4-8783-3df26aef9729" testId="46cfbc2c-72c5-516f-bca0-390b42b51d43" testName="Tests.Integration.Backend.E2E.AuthenticationE2ETests.Complete_Authentication_Flow_Should_Work_End_To_End" computerName="runnervmf4ws1" duration="00:00:00.6901077" startTime="2025-09-11T04:18:16.6270650+00:00" endTime="2025-09-11T04:18:16.6270652+00:00" testType="13cdc9d9-ddb5-4fa4-a97d-d965ccfc6d4b" outcome="Passed" testListId="8c84fa94-04c1-424b-9868-57a2d4851a1d" relativeResultsDirectory="0ae4b4c9-2ba3-42f4-8783-3df26aef9729" />
    <UnitTestResult executionId="8a629508-4655-4b2a-b330-76e86d138fe2" testId="87f4b6f2-4d01-15e3-8fa0-456f1577e608" testName="Tests.Integration.Backend.Controllers.AuthControllerPasswordResetTests.POST_ResetPassword_WithInvalidToken_Should_Return_Error" computerName="runnervmf4ws1" duration="00:00:00.2215651" startTime="2025-09-11T04:19:09.0060581+00:00" endTime="2025-09-11T04:19:09.0060581+00:00" testType="13cdc9d9-ddb5-4fa4-a97d-d965ccfc6d4b" outcome="Passed" testListId="8c84fa94-04c1-424b-9868-57a2d4851a1d" relativeResultsDirectory="8a629508-4655-4b2a-b330-76e86d138fe2" />
    <UnitTestResult executionId="b69c0435-35e2-455d-ae58-0021c35bb5f1" testId="dfaed238-70c1-ab80-405a-08edfd13c1ba" testName="Tests.Integration.Backend.Controllers.WindowsControllerTests.POST_Windows_Should_Create_Window_And_Return_201" computerName="runnervmf4ws1" duration="00:00:00.6070529" startTime="2025-09-11T04:18:58.1599503+00:00" endTime="2025-09-11T04:18:58.1599504+00:00" testType="13cdc9d9-ddb5-4fa4-a97d-d965ccfc6d4b" outcome="Passed" testListId="8c84fa94-04c1-424b-9868-57a2d4851a1d" relativeResultsDirectory="b69c0435-35e2-455d-ae58-0021c35bb5f1" />
    <UnitTestResult executionId="7bb974b5-f61e-400d-9c89-6c5fb1e584e8" testId="43b9d173-0889-c0cd-91e8-55b0783b32ae" testName="Tests.Integration.Backend.OutputCaching.CacheInvalidationTests.DeletePerson_ShouldInvalidateListCache" computerName="runnervmf4ws1" duration="00:00:01.1372342" startTime="2025-09-11T04:19:13.9546583+00:00" endTime="2025-09-11T04:19:13.9546584+00:00" testType="13cdc9d9-ddb5-4fa4-a97d-d965ccfc6d4b" outcome="Passed" testListId="8c84fa94-04c1-424b-9868-57a2d4851a1d" relativeResultsDirectory="7bb974b5-f61e-400d-9c89-6c5fb1e584e8" />
    <UnitTestResult executionId="b5bcdd81-a2a2-4ba4-bc5f-77996fa07442" testId="de79744e-fb76-44fa-6422-be59e037cde5" testName="Tests.Integration.Backend.OutputCaching.CachingE2ETests.CachePerformance_ShouldShowSignificantImprovement" computerName="runnervmf4ws1" duration="00:00:00.5311770" startTime="2025-09-11T04:18:48.3418651+00:00" endTime="2025-09-11T04:18:48.3418651+00:00" testType="13cdc9d9-ddb5-4fa4-a97d-d965ccfc6d4b" outcome="Passed" testListId="8c84fa94-04c1-424b-9868-57a2d4851a1d" relativeResultsDirectory="b5bcdd81-a2a2-4ba4-bc5f-77996fa07442">
      <Output>
        <StdOut>Initial request: 1ms
Average cached request: 0ms
Performance improvement: Infinityx faster</StdOut>
      </Output>
    </UnitTestResult>
    <UnitTestResult executionId="9057fcd9-c3cc-43be-b18a-6ccea49e88e9" testId="39e1ba24-0a2a-e8f7-d815-046e06e37c3f" testName="Tests.Integration.Backend.Controllers.WallsControllerTests.POST_Walls_Should_Return_400_For_Invalid_Data" computerName="runnervmf4ws1" duration="00:00:00.6230608" startTime="2025-09-11T04:18:02.7737622+00:00" endTime="2025-09-11T04:18:02.7737625+00:00" testType="13cdc9d9-ddb5-4fa4-a97d-d965ccfc6d4b" outcome="Passed" testListId="8c84fa94-04c1-424b-9868-57a2d4851a1d" relativeResultsDirectory="9057fcd9-c3cc-43be-b18a-6ccea49e88e9" />
    <UnitTestResult executionId="e09f9424-4d64-495a-86a9-4798a6215e89" testId="7ad6cdf7-78b9-6f08-7531-fe00a6e266bc" testName="Tests.Integration.Backend.OutputCaching.CacheInvalidationTests.PostWall_ShouldInvalidateWallsCache" computerName="runnervmf4ws1" duration="00:00:01.1439792" startTime="2025-09-11T04:19:16.2427513+00:00" endTime="2025-09-11T04:19:16.2427514+00:00" testType="13cdc9d9-ddb5-4fa4-a97d-d965ccfc6d4b" outcome="Passed" testListId="8c84fa94-04c1-424b-9868-57a2d4851a1d" relativeResultsDirectory="e09f9424-4d64-495a-86a9-4798a6215e89" />
    <UnitTestResult executionId="98109b5f-3998-4d88-a451-2c1a0ece1c47" testId="f7bc3491-94dd-b6b9-3778-9c1a4322e7be" testName="Tests.Integration.Backend.Controllers.WallsControllerTests.POST_Walls_Should_Create_Wall_And_Return_201" computerName="runnervmf4ws1" duration="00:00:00.6118643" startTime="2025-09-11T04:18:04.0109106+00:00" endTime="2025-09-11T04:18:04.0109108+00:00" testType="13cdc9d9-ddb5-4fa4-a97d-d965ccfc6d4b" outcome="Passed" testListId="8c84fa94-04c1-424b-9868-57a2d4851a1d" relativeResultsDirectory="98109b5f-3998-4d88-a451-2c1a0ece1c47" />
    <UnitTestResult executionId="d1952fb7-ceed-4cca-8637-168777e80421" testId="84be9167-1ae7-c4b1-fa12-da145604b354" testName="Tests.Integration.Backend.Controllers.AuthControllerPasswordResetTests.POST_ValidateResetToken_WithValidToken_Should_Return_Valid_Status" computerName="runnervmf4ws1" duration="00:00:00.3253093" startTime="2025-09-11T04:19:08.7841833+00:00" endTime="2025-09-11T04:19:08.7841834+00:00" testType="13cdc9d9-ddb5-4fa4-a97d-d965ccfc6d4b" outcome="Passed" testListId="8c84fa94-04c1-424b-9868-57a2d4851a1d" relativeResultsDirectory="d1952fb7-ceed-4cca-8637-168777e80421" />
    <UnitTestResult executionId="2d4f212b-d014-4c87-ac48-0be24fba6c85" testId="494ff55a-87c7-5f37-d44c-a6dbdeeb90c7" testName="Tests.Integration.Backend.Controllers.WindowsControllerTests.GET_Window_By_Id_Should_Return_404_When_Not_Exists" computerName="runnervmf4ws1" duration="00:00:00.3018228" startTime="2025-09-11T04:19:00.9040843+00:00" endTime="2025-09-11T04:19:00.9040843+00:00" testType="13cdc9d9-ddb5-4fa4-a97d-d965ccfc6d4b" outcome="Passed" testListId="8c84fa94-04c1-424b-9868-57a2d4851a1d" relativeResultsDirectory="2d4f212b-d014-4c87-ac48-0be24fba6c85" />
    <UnitTestResult executionId="8469faf2-5c28-4653-a531-87674ae7160b" testId="5915cbaf-7ed1-cbfd-2c81-4746833e58cd" testName="Tests.Integration.Backend.OutputCaching.CacheInvalidationTests.CacheInvalidation_ShouldBeEntitySpecific" computerName="runnervmf4ws1" duration="00:00:01.1218292" startTime="2025-09-11T04:19:17.3649093+00:00" endTime="2025-09-11T04:19:17.3649094+00:00" testType="13cdc9d9-ddb5-4fa4-a97d-d965ccfc6d4b" outcome="Passed" testListId="8c84fa94-04c1-424b-9868-57a2d4851a1d" relativeResultsDirectory="8469faf2-5c28-4653-a531-87674ae7160b" />
    <UnitTestResult executionId="ce2dfa9a-2499-447d-836c-f2bc220c5c8f" testId="3115f456-ece1-1790-9284-157082a1d43c" testName="Tests.Integration.Backend.Controllers.RolesControllerTests.POST_Roles_Should_Return_400_For_Invalid_Data" computerName="runnervmf4ws1" duration="00:00:00.8230150" startTime="2025-09-11T04:18:29.0081010+00:00" endTime="2025-09-11T04:18:29.0081011+00:00" testType="13cdc9d9-ddb5-4fa4-a97d-d965ccfc6d4b" outcome="Passed" testListId="8c84fa94-04c1-424b-9868-57a2d4851a1d" relativeResultsDirectory="ce2dfa9a-2499-447d-836c-f2bc220c5c8f" />
    <UnitTestResult executionId="220ef7dc-7453-44e8-ab61-b50e3daba6ff" testId="9c4bd49d-31a4-6530-0f02-8fe23a54becf" testName="Tests.Integration.Backend.Controllers.DatabaseControllerTests.GET_Database_Status_Should_Return_Database_Statistics" computerName="runnervmf4ws1" duration="00:00:00.2541658" startTime="2025-09-11T04:17:55.5241767+00:00" endTime="2025-09-11T04:17:55.5241770+00:00" testType="13cdc9d9-ddb5-4fa4-a97d-d965ccfc6d4b" outcome="Passed" testListId="8c84fa94-04c1-424b-9868-57a2d4851a1d" relativeResultsDirectory="220ef7dc-7453-44e8-ab61-b50e3daba6ff" />
    <UnitTestResult executionId="de82648a-aebf-4f2e-bb4f-9dc58dcbc849" testId="516b5511-ab51-be62-9f5e-ce253f082ce3" testName="Tests.Integration.Backend.Controllers.ApiHealthTests.All_Controllers_Should_Be_Accessible(endpoint: &quot;/api/windows&quot;)" computerName="runnervmf4ws1" duration="00:00:00.3074494" startTime="2025-09-11T04:19:24.1807611+00:00" endTime="2025-09-11T04:19:24.1807611+00:00" testType="13cdc9d9-ddb5-4fa4-a97d-d965ccfc6d4b" outcome="Passed" testListId="8c84fa94-04c1-424b-9868-57a2d4851a1d" relativeResultsDirectory="de82648a-aebf-4f2e-bb4f-9dc58dcbc849" />
    <UnitTestResult executionId="bd552a30-6aeb-43fd-b9b8-44896cec7d3e" testId="5128edc8-60ad-8628-2a75-9feb9f8f888b" testName="Tests.Integration.Backend.Controllers.WallsControllerTests.PUT_Wall_Should_Return_404_When_Not_Exists" computerName="runnervmf4ws1" duration="00:00:00.6220666" startTime="2025-09-11T04:18:11.4359812+00:00" endTime="2025-09-11T04:18:11.4359818+00:00" testType="13cdc9d9-ddb5-4fa4-a97d-d965ccfc6d4b" outcome="Passed" testListId="8c84fa94-04c1-424b-9868-57a2d4851a1d" relativeResultsDirectory="bd552a30-6aeb-43fd-b9b8-44896cec7d3e" />
    <UnitTestResult executionId="db82e183-4e3d-498e-9d3d-8e46719d3ebe" testId="187ff446-ae11-3e2e-df34-66d33f545ac9" testName="Tests.Integration.Backend.Controllers.ApiHealthTests.All_Controllers_Should_Be_Accessible(endpoint: &quot;/api/roles&quot;)" computerName="runnervmf4ws1" duration="00:00:00.3080548" startTime="2025-09-11T04:19:23.8728337+00:00" endTime="2025-09-11T04:19:23.8728337+00:00" testType="13cdc9d9-ddb5-4fa4-a97d-d965ccfc6d4b" outcome="Passed" testListId="8c84fa94-04c1-424b-9868-57a2d4851a1d" relativeResultsDirectory="db82e183-4e3d-498e-9d3d-8e46719d3ebe" />
    <UnitTestResult executionId="3735ac65-6c91-455f-9b1b-b33bed0b3a33" testId="5250d740-754a-3ba2-19d9-7b7107d87e03" testName="Tests.Integration.Backend.Controllers.WindowsControllerTests.DELETE_Window_Should_Return_204_When_Not_Exists" computerName="runnervmf4ws1" duration="00:00:00.6015590" startTime="2025-09-11T04:19:05.5284472+00:00" endTime="2025-09-11T04:19:05.5284472+00:00" testType="13cdc9d9-ddb5-4fa4-a97d-d965ccfc6d4b" outcome="Passed" testListId="8c84fa94-04c1-424b-9868-57a2d4851a1d" relativeResultsDirectory="3735ac65-6c91-455f-9b1b-b33bed0b3a33" />
    <UnitTestResult executionId="5edae618-4686-44d0-86f9-6d22a345e3d0" testId="e883dfad-5803-12bb-5b1f-de2527fafd69" testName="Tests.Integration.Backend.E2E.AuthenticationE2ETests.Concurrent_Requests_Should_Be_Handled_Properly" computerName="runnervmf4ws1" duration="00:00:00.3048346" startTime="2025-09-11T04:18:17.2581801+00:00" endTime="2025-09-11T04:18:17.2581803+00:00" testType="13cdc9d9-ddb5-4fa4-a97d-d965ccfc6d4b" outcome="Passed" testListId="8c84fa94-04c1-424b-9868-57a2d4851a1d" relativeResultsDirectory="5edae618-4686-44d0-86f9-6d22a345e3d0" />
    <UnitTestResult executionId="076286a5-18d7-4654-92fa-0f19196e18ce" testId="97379147-d8b9-39e9-e5ac-c96169fc4948" testName="Tests.Integration.Backend.OutputCaching.ConditionalRequestTests.GetRequest_WithIfModifiedSince_ShouldReturn304_WhenNotModified" computerName="runnervmf4ws1" duration="00:00:00.6724816" startTime="2025-09-11T04:18:12.1171142+00:00" endTime="2025-09-11T04:18:12.1171144+00:00" testType="13cdc9d9-ddb5-4fa4-a97d-d965ccfc6d4b" outcome="Failed" testListId="8c84fa94-04c1-424b-9868-57a2d4851a1d" relativeResultsDirectory="076286a5-18d7-4654-92fa-0f19196e18ce">
      <Output>
        <ErrorInfo>
          <Message>Expected response2.StatusCode to be HttpStatusCode.NotModified {value: 304} because Server should return 304 when resource hasn't been modified, but found HttpStatusCode.OK {value: 200}.</Message>
          <StackTrace>   at FluentAssertions.Execution.XUnit2TestFramework.Throw(String message)
   at FluentAssertions.Execution.TestFrameworkProvider.Throw(String message)
   at FluentAssertions.Execution.DefaultAssertionStrategy.HandleFailure(String message)
   at FluentAssertions.Execution.AssertionScope.FailWith(Func`1 failReasonFunc)
   at FluentAssertions.Primitives.EnumAssertions`2.Be(TEnum expected, String because, Object[] becauseArgs)
   at Tests.Integration.Backend.OutputCaching.ConditionalRequestTests.&lt;GetRequest_WithIfModifiedSince_ShouldReturn304_WhenNotModified&gt;b__3_0() in /home/runner/work/Crud/Crud/test/Tests.Integration.Backend/OutputCaching/ConditionalRequestTests.cs:line 132
   at Tests.Integration.Backend.Infrastructure.IntegrationTestBase.RunWithCleanDatabaseAsync(Func`1 testAction) in /home/runner/work/Crud/Crud/test/Tests.Integration.Backend/Infrastructure/IntegrationTestBase.cs:line 48
   at Tests.Integration.Backend.Infrastructure.IntegrationTestBase.RunWithCleanDatabaseAsync(Func`1 testAction) in /home/runner/work/Crud/Crud/test/Tests.Integration.Backend/Infrastructure/IntegrationTestBase.cs:line 53
   at Tests.Integration.Backend.OutputCaching.ConditionalRequestTests.GetRequest_WithIfModifiedSince_ShouldReturn304_WhenNotModified() in /home/runner/work/Crud/Crud/test/Tests.Integration.Backend/OutputCaching/ConditionalRequestTests.cs:line 107
--- End of stack trace from previous location ---</StackTrace>
        </ErrorInfo>
      </Output>
    </UnitTestResult>
    <UnitTestResult executionId="535b4f78-1995-4500-9f6c-46217da60095" testId="927ecc12-27fc-afb1-a7a2-a42476361110" testName="Tests.Integration.Backend.E2E.AuthenticationE2ETests.Role_Based_Access_Should_Work" computerName="runnervmf4ws1" duration="00:00:00.4282196" startTime="2025-09-11T04:18:15.9364984+00:00" endTime="2025-09-11T04:18:15.9364986+00:00" testType="13cdc9d9-ddb5-4fa4-a97d-d965ccfc6d4b" outcome="Passed" testListId="8c84fa94-04c1-424b-9868-57a2d4851a1d" relativeResultsDirectory="535b4f78-1995-4500-9f6c-46217da60095" />
    <UnitTestResult executionId="1a8725f0-1f9d-49c5-87bb-5f47f32026f2" testId="8231f168-9927-9d00-f91d-f5006f875a5b" testName="Tests.Integration.Backend.Controllers.ApiHealthTests.All_Controllers_Should_Be_Accessible(endpoint: &quot;/api/walls&quot;)" computerName="runnervmf4ws1" duration="00:00:00.3097600" startTime="2025-09-11T04:19:23.5644177+00:00" endTime="2025-09-11T04:19:23.5644178+00:00" testType="13cdc9d9-ddb5-4fa4-a97d-d965ccfc6d4b" outcome="Passed" testListId="8c84fa94-04c1-424b-9868-57a2d4851a1d" relativeResultsDirectory="1a8725f0-1f9d-49c5-87bb-5f47f32026f2" />
    <UnitTestResult executionId="acee0342-1656-4004-a98d-3f5ce84666cc" testId="1dbf163c-bf18-d62c-e932-92ef9d3bc71a" testName="Tests.Integration.Backend.Controllers.WindowsControllerTests.GET_Windows_Should_Return_Empty_List_Initially" computerName="runnervmf4ws1" duration="00:00:00.5208717" startTime="2025-09-11T04:19:06.0496396+00:00" endTime="2025-09-11T04:19:06.0496397+00:00" testType="13cdc9d9-ddb5-4fa4-a97d-d965ccfc6d4b" outcome="Passed" testListId="8c84fa94-04c1-424b-9868-57a2d4851a1d" relativeResultsDirectory="acee0342-1656-4004-a98d-3f5ce84666cc" />
    <UnitTestResult executionId="2909f60a-634c-4dc3-87cd-22a66cd06ea4" testId="74c46e58-3df7-a0cc-53b5-5247c5480908" testName="Tests.Integration.Backend.OutputCaching.CachingE2ETests.AllCachedEndpoints_ShouldReturnCacheHeaders(endpoint: &quot;/api/people&quot;)" computerName="runnervmf4ws1" duration="00:00:00.5176955" startTime="2025-09-11T04:18:51.5674474+00:00" endTime="2025-09-11T04:18:51.5674475+00:00" testType="13cdc9d9-ddb5-4fa4-a97d-d965ccfc6d4b" outcome="Passed" testListId="8c84fa94-04c1-424b-9868-57a2d4851a1d" relativeResultsDirectory="2909f60a-634c-4dc3-87cd-22a66cd06ea4">
      <Output>
        <StdOut>Endpoint: /api/people
  ETag: "hYKVTz9Pk0KnYkht7JT8NA=="
  Last-Modified: 09/11/2025 04:18:51 +00:00</StdOut>
      </Output>
    </UnitTestResult>
    <UnitTestResult executionId="ad3ac330-48ba-4030-b8fc-e8516f64fec4" testId="437f9b9e-301b-15b7-f72b-040911d1fd97" testName="Tests.Integration.Backend.Compression.ResponseCompressionTests.JsonResponse_ShouldBeCompressed" computerName="runnervmf4ws1" duration="00:00:00.3037731" startTime="2025-09-11T04:19:36.7351171+00:00" endTime="2025-09-11T04:19:36.7351172+00:00" testType="13cdc9d9-ddb5-4fa4-a97d-d965ccfc6d4b" outcome="Passed" testListId="8c84fa94-04c1-424b-9868-57a2d4851a1d" relativeResultsDirectory="ad3ac330-48ba-4030-b8fc-e8516f64fec4" />
    <UnitTestResult executionId="52f483ce-ef04-4bde-b714-b48bb9ff717c" testId="5b94e67b-8161-a4c1-a97f-c638ed8f05ba" testName="Tests.Integration.Backend.Controllers.PeopleControllerTests.GET_People_Should_Return_All_People" computerName="runnervmf4ws1" duration="00:00:01.1211341" startTime="2025-09-11T04:18:44.2390366+00:00" endTime="2025-09-11T04:18:44.2390366+00:00" testType="13cdc9d9-ddb5-4fa4-a97d-d965ccfc6d4b" outcome="Passed" testListId="8c84fa94-04c1-424b-9868-57a2d4851a1d" relativeResultsDirectory="52f483ce-ef04-4bde-b714-b48bb9ff717c" />
    <UnitTestResult executionId="29f776f3-0dd9-4a4b-b42a-799abf1c4072" testId="f8a89fdf-3bc2-915a-c2bf-5b68e643a78c" testName="Tests.Integration.Backend.OutputCaching.CacheInvalidationTests.PostRole_ShouldInvalidateRolesCache" computerName="runnervmf4ws1" duration="00:00:01.1354077" startTime="2025-09-11T04:19:12.8170678+00:00" endTime="2025-09-11T04:19:12.8170679+00:00" testType="13cdc9d9-ddb5-4fa4-a97d-d965ccfc6d4b" outcome="Passed" testListId="8c84fa94-04c1-424b-9868-57a2d4851a1d" relativeResultsDirectory="29f776f3-0dd9-4a4b-b42a-799abf1c4072" />
    <UnitTestResult executionId="9d4188f3-8870-4160-8ece-f14b014f4ec8" testId="41b359b4-fccb-bafc-c2ca-d65a5df61c20" testName="Tests.Integration.Backend.Controllers.WindowsControllerTests.PUT_Window_Should_Return_404_When_Not_Exists" computerName="runnervmf4ws1" duration="00:00:00.6035296" startTime="2025-09-11T04:19:04.3242144+00:00" endTime="2025-09-11T04:19:04.3242144+00:00" testType="13cdc9d9-ddb5-4fa4-a97d-d965ccfc6d4b" outcome="Passed" testListId="8c84fa94-04c1-424b-9868-57a2d4851a1d" relativeResultsDirectory="9d4188f3-8870-4160-8ece-f14b014f4ec8" />
    <UnitTestResult executionId="11666865-f221-4cee-96d2-ab23e71546f6" testId="1089b26f-11d1-1b14-2fb8-2326613cba50" testName="Tests.Integration.Backend.Controllers.ApiHealthTests.All_Endpoints_Should_Support_Expected_HTTP_Methods(method: &quot;POST&quot;, endpoint: &quot;/api/windows&quot;)" computerName="runnervmf4ws1" duration="00:00:00.6292533" startTime="2025-09-11T04:19:26.3350350+00:00" endTime="2025-09-11T04:19:26.3350350+00:00" testType="13cdc9d9-ddb5-4fa4-a97d-d965ccfc6d4b" outcome="Passed" testListId="8c84fa94-04c1-424b-9868-57a2d4851a1d" relativeResultsDirectory="11666865-f221-4cee-96d2-ab23e71546f6" />
    <UnitTestResult executionId="6b5050c8-efe0-4c6e-be46-c985ef465a73" testId="dc62b2c0-66b3-fee4-dcd7-e086c4c46187" testName="Tests.Integration.Backend.Controllers.WallsControllerTests.DELETE_Wall_Should_Return_204_When_Not_Exists" computerName="runnervmf4ws1" duration="00:00:00.6244888" startTime="2025-09-11T04:18:03.3986334+00:00" endTime="2025-09-11T04:18:03.3986337+00:00" testType="13cdc9d9-ddb5-4fa4-a97d-d965ccfc6d4b" outcome="Passed" testListId="8c84fa94-04c1-424b-9868-57a2d4851a1d" relativeResultsDirectory="6b5050c8-efe0-4c6e-be46-c985ef465a73" />
    <UnitTestResult executionId="8b854333-56ac-43d3-a2b2-31b4cef6febe" testId="cce4bcb7-a8a4-30d2-f887-eca92f2b74be" testName="Tests.Integration.Backend.Controllers.PeopleControllerTests.POST_People_Should_Create_Person_With_Roles" computerName="runnervmf4ws1" duration="00:00:00.9156908" startTime="2025-09-11T04:18:33.0129243+00:00" endTime="2025-09-11T04:18:33.0129243+00:00" testType="13cdc9d9-ddb5-4fa4-a97d-d965ccfc6d4b" outcome="Passed" testListId="8c84fa94-04c1-424b-9868-57a2d4851a1d" relativeResultsDirectory="8b854333-56ac-43d3-a2b2-31b4cef6febe" />
    <UnitTestResult executionId="60136319-8266-412a-9a2e-f212d1d03d6f" testId="abfa73e9-0257-16cb-29aa-f2c99faf213f" testName="Tests.Integration.Backend.Compression.ResponseCompressionTests.ApiResponse_ShouldBeCompressed_WhenClientSupportsGzip" computerName="runnervmf4ws1" duration="00:00:00.3077959" startTime="2025-09-11T04:19:37.0431704+00:00" endTime="2025-09-11T04:19:37.0431704+00:00" testType="13cdc9d9-ddb5-4fa4-a97d-d965ccfc6d4b" outcome="Passed" testListId="8c84fa94-04c1-424b-9868-57a2d4851a1d" relativeResultsDirectory="60136319-8266-412a-9a2e-f212d1d03d6f" />
    <UnitTestResult executionId="2adcf109-fd18-4c9a-8119-1d1c5ebb93ea" testId="24b020ea-ff8d-51dc-4354-4d878d866f45" testName="Tests.Integration.Backend.Controllers.AuthControllerPasswordResetTests.POST_ForgotPassword_WithNonExistentEmail_Should_Return_Success" computerName="runnervmf4ws1" duration="00:00:00.2369116" startTime="2025-09-11T04:19:06.7085582+00:00" endTime="2025-09-11T04:19:06.7085582+00:00" testType="13cdc9d9-ddb5-4fa4-a97d-d965ccfc6d4b" outcome="Passed" testListId="8c84fa94-04c1-424b-9868-57a2d4851a1d" relativeResultsDirectory="2adcf109-fd18-4c9a-8119-1d1c5ebb93ea" />
    <UnitTestResult executionId="463be0a6-c2c9-4707-b005-5a0ccb33f727" testId="53592f08-0da7-0cd5-09c9-a1ba0d87949c" testName="Tests.Integration.Backend.Controllers.AuthControllerTests.POST_Login_Should_Return_Tokens_For_Valid_Credentials" computerName="runnervmf4ws1" duration="00:00:00.8275776" startTime="2025-09-11T04:19:20.0627618+00:00" endTime="2025-09-11T04:19:20.0627619+00:00" testType="13cdc9d9-ddb5-4fa4-a97d-d965ccfc6d4b" outcome="Passed" testListId="8c84fa94-04c1-424b-9868-57a2d4851a1d" relativeResultsDirectory="463be0a6-c2c9-4707-b005-5a0ccb33f727" />
    <UnitTestResult executionId="5345577c-84d6-4d30-a18b-e4c3c388ecef" testId="cc1dc38d-e485-bd07-2880-7ffdde1c97ec" testName="Tests.Integration.Backend.Controllers.PeopleControllerTests.GET_People_By_Id_Should_Return_Specific_Person" computerName="runnervmf4ws1" duration="00:00:01.1208455" startTime="2025-09-11T04:18:40.1247624+00:00" endTime="2025-09-11T04:18:40.1247624+00:00" testType="13cdc9d9-ddb5-4fa4-a97d-d965ccfc6d4b" outcome="Passed" testListId="8c84fa94-04c1-424b-9868-57a2d4851a1d" relativeResultsDirectory="5345577c-84d6-4d30-a18b-e4c3c388ecef" />
    <UnitTestResult executionId="a6dbc380-e7d7-489b-b61f-470299b54864" testId="585749df-18b6-91ed-3a17-d18e3a118780" testName="Tests.Integration.Backend.OutputCaching.CachingE2ETests.AllCachedEndpoints_ShouldReturnCacheHeaders(endpoint: &quot;/api/windows&quot;)" computerName="runnervmf4ws1" duration="00:00:00.5274548" startTime="2025-09-11T04:18:51.0494126+00:00" endTime="2025-09-11T04:18:51.0494127+00:00" testType="13cdc9d9-ddb5-4fa4-a97d-d965ccfc6d4b" outcome="Passed" testListId="8c84fa94-04c1-424b-9868-57a2d4851a1d" relativeResultsDirectory="a6dbc380-e7d7-489b-b61f-470299b54864">
      <Output>
        <StdOut>Endpoint: /api/windows
  ETag: "11FxOYiYfpMxmANj4kGJzg=="</StdOut>
      </Output>
    </UnitTestResult>
    <UnitTestResult executionId="5d8ea06e-86a2-45c0-8746-4614b46a9914" testId="5d6d527c-ff6b-65d9-2afb-cc1214f1f646" testName="Tests.Integration.Backend.Controllers.WindowsControllerTests.Windows_Should_Persist_Energy_Efficiency_Data" computerName="runnervmf4ws1" duration="00:00:00.6019927" startTime="2025-09-11T04:19:04.9265082+00:00" endTime="2025-09-11T04:19:04.9265083+00:00" testType="13cdc9d9-ddb5-4fa4-a97d-d965ccfc6d4b" outcome="Passed" testListId="8c84fa94-04c1-424b-9868-57a2d4851a1d" relativeResultsDirectory="5d8ea06e-86a2-45c0-8746-4614b46a9914" />
    <UnitTestResult executionId="56c77a74-1a0d-4571-9fc1-df3ec1f62050" testId="0786cd9f-2220-51d9-4156-4d742eda00d4" testName="Tests.Integration.Backend.OutputCaching.OutputCachingTests.GetPeople_ShouldReturnConsistentResponses" computerName="runnervmf4ws1" duration="00:00:00.5418984" startTime="2025-09-11T04:18:20.1621000+00:00" endTime="2025-09-11T04:18:20.1621002+00:00" testType="13cdc9d9-ddb5-4fa4-a97d-d965ccfc6d4b" outcome="Passed" testListId="8c84fa94-04c1-424b-9868-57a2d4851a1d" relativeResultsDirectory="56c77a74-1a0d-4571-9fc1-df3ec1f62050" />
    <UnitTestResult executionId="1e6fd0fb-b80f-4e6d-950d-c24b4402a9bc" testId="c1e9fd41-ccc9-89c1-34d7-2e348277c312" testName="Tests.Integration.Backend.E2E.AuthenticationE2ETests.Protected_Endpoint_Should_Require_Authentication" computerName="runnervmf4ws1" duration="00:00:00.0040072" startTime="2025-09-11T04:18:17.5847945+00:00" endTime="2025-09-11T04:18:17.5847946+00:00" testType="13cdc9d9-ddb5-4fa4-a97d-d965ccfc6d4b" outcome="Passed" testListId="8c84fa94-04c1-424b-9868-57a2d4851a1d" relativeResultsDirectory="1e6fd0fb-b80f-4e6d-950d-c24b4402a9bc" />
    <UnitTestResult executionId="41315393-38b0-43d4-b74b-bb246ee4a82e" testId="fce1fb25-ab7d-1dd5-5d83-ba39255b0e9a" testName="Tests.Integration.Backend.Compression.StaticFileCompressionTests.StaticFiles_ShouldHaveCorrectContentTypes" computerName="runnervmf4ws1" duration="00:00:00.0043400" startTime="2025-09-11T04:17:54.0384037+00:00" endTime="2025-09-11T04:17:54.0384039+00:00" testType="13cdc9d9-ddb5-4fa4-a97d-d965ccfc6d4b" outcome="Passed" testListId="8c84fa94-04c1-424b-9868-57a2d4851a1d" relativeResultsDirectory="41315393-38b0-43d4-b74b-bb246ee4a82e" />
    <UnitTestResult executionId="f3beebec-194d-402e-9c72-5d55d43ce698" testId="d43526e9-cec8-6f67-27fe-2d630de644f9" testName="Tests.Integration.Backend.Controllers.AuthControllerTests.POST_Login_Should_Return_Unauthorized_For_Invalid_Credentials" computerName="runnervmf4ws1" duration="00:00:00.2227869" startTime="2025-09-11T04:19:19.2348461+00:00" endTime="2025-09-11T04:19:19.2348461+00:00" testType="13cdc9d9-ddb5-4fa4-a97d-d965ccfc6d4b" outcome="Passed" testListId="8c84fa94-04c1-424b-9868-57a2d4851a1d" relativeResultsDirectory="f3beebec-194d-402e-9c72-5d55d43ce698" />
    <UnitTestResult executionId="788a6085-b286-4204-8083-71242b701bce" testId="f05cedeb-e83b-1e7e-3928-23724172eea5" testName="Tests.Integration.Backend.Controllers.DatabaseControllerTests.POST_Database_Seed_Should_Seed_Database_Successfully" computerName="runnervmf4ws1" duration="00:00:00.2789437" startTime="2025-09-11T04:17:54.7257872+00:00" endTime="2025-09-11T04:17:54.7257875+00:00" testType="13cdc9d9-ddb5-4fa4-a97d-d965ccfc6d4b" outcome="Passed" testListId="8c84fa94-04c1-424b-9868-57a2d4851a1d" relativeResultsDirectory="788a6085-b286-4204-8083-71242b701bce" />
    <UnitTestResult executionId="4d50d3ca-6e0c-4929-a193-3e1b5375816f" testId="f7ccf265-e80b-872a-2ee9-60a9a3351b24" testName="Tests.Integration.Backend.Controllers.ApiHealthTests.API_Should_Handle_Invalid_Routes" computerName="runnervmf4ws1" duration="00:00:00.3003047" startTime="2025-09-11T04:19:33.6389566+00:00" endTime="2025-09-11T04:19:33.6389567+00:00" testType="13cdc9d9-ddb5-4fa4-a97d-d965ccfc6d4b" outcome="Passed" testListId="8c84fa94-04c1-424b-9868-57a2d4851a1d" relativeResultsDirectory="4d50d3ca-6e0c-4929-a193-3e1b5375816f" />
    <UnitTestResult executionId="464efa6b-1a0e-410c-b0c1-ac5410f3d183" testId="b7cda526-0758-c938-af92-6a6e25e8efc9" testName="Tests.Integration.Backend.OutputCaching.OutputCachingConfigurationTests.OutputCaching_ShouldFallbackToMemoryWhenRedisUnavailable" computerName="runnervmf4ws1" duration="00:00:00.0320656" startTime="2025-09-11T04:18:45.3932928+00:00" endTime="2025-09-11T04:18:45.3932929+00:00" testType="13cdc9d9-ddb5-4fa4-a97d-d965ccfc6d4b" outcome="Passed" testListId="8c84fa94-04c1-424b-9868-57a2d4851a1d" relativeResultsDirectory="464efa6b-1a0e-410c-b0c1-ac5410f3d183" />
    <UnitTestResult executionId="153b75d3-ed24-4579-9d62-37be4c717a74" testId="8b7765b0-2273-0340-cca9-006e0a342472" testName="Tests.Integration.Backend.Controllers.WindowsControllerTests.Windows_Should_Persist_Timestamps_Correctly" computerName="runnervmf4ws1" duration="00:00:01.6045539" startTime="2025-09-11T04:19:03.7203642+00:00" endTime="2025-09-11T04:19:03.7203642+00:00" testType="13cdc9d9-ddb5-4fa4-a97d-d965ccfc6d4b" outcome="Passed" testListId="8c84fa94-04c1-424b-9868-57a2d4851a1d" relativeResultsDirectory="153b75d3-ed24-4579-9d62-37be4c717a74" />
    <UnitTestResult executionId="0594d936-606e-4f95-b082-03390a6559d5" testId="e4619fb0-2f02-c154-40bc-f54ee36b9b38" testName="Tests.Integration.Backend.Controllers.ApiHealthTests.API_Should_Handle_Concurrent_Requests" computerName="runnervmf4ws1" duration="00:00:02.7470759" startTime="2025-09-11T04:19:33.0369753+00:00" endTime="2025-09-11T04:19:33.0369754+00:00" testType="13cdc9d9-ddb5-4fa4-a97d-d965ccfc6d4b" outcome="Passed" testListId="8c84fa94-04c1-424b-9868-57a2d4851a1d" relativeResultsDirectory="0594d936-606e-4f95-b082-03390a6559d5" />
    <UnitTestResult executionId="577a67c8-f2c5-4a85-bed3-55bbeafadbde" testId="60a682be-767f-9c17-a43b-33d1adbef252" testName="Tests.Integration.Backend.Controllers.PeopleControllerTests.POST_People_Should_Return_401_Without_Authentication" computerName="runnervmf4ws1" duration="00:00:00.2204326" startTime="2025-09-11T04:18:38.4786585+00:00" endTime="2025-09-11T04:18:38.4786586+00:00" testType="13cdc9d9-ddb5-4fa4-a97d-d965ccfc6d4b" outcome="Passed" testListId="8c84fa94-04c1-424b-9868-57a2d4851a1d" relativeResultsDirectory="577a67c8-f2c5-4a85-bed3-55bbeafadbde" />
    <UnitTestResult executionId="bfa1c456-5be9-4eab-8838-62f38e9f2e55" testId="9805b897-cbb6-397d-b557-62afcb8b9211" testName="Tests.Integration.Backend.Controllers.RolesControllerTests.GET_Role_By_Id_Should_Return_Role_When_Exists" computerName="runnervmf4ws1" duration="00:00:01.1304595" startTime="2025-09-11T04:18:31.4908075+00:00" endTime="2025-09-11T04:18:31.4908075+00:00" testType="13cdc9d9-ddb5-4fa4-a97d-d965ccfc6d4b" outcome="Passed" testListId="8c84fa94-04c1-424b-9868-57a2d4851a1d" relativeResultsDirectory="bfa1c456-5be9-4eab-8838-62f38e9f2e55" />
    <UnitTestResult executionId="20687768-82c0-454d-aea2-41a58d1e0319" testId="3f2238c8-a9eb-4aa1-b9fa-c736db0a92cb" testName="Tests.Integration.Backend.OutputCaching.ConditionalRequestTests.GetRequest_WithIfNoneMatch_ShouldReturn200_WhenETagDoesNotMatch" computerName="runnervmf4ws1" duration="00:00:01.1551455" startTime="2025-09-11T04:18:14.3470141+00:00" endTime="2025-09-11T04:18:14.3470143+00:00" testType="13cdc9d9-ddb5-4fa4-a97d-d965ccfc6d4b" outcome="Passed" testListId="8c84fa94-04c1-424b-9868-57a2d4851a1d" relativeResultsDirectory="20687768-82c0-454d-aea2-41a58d1e0319" />
    <UnitTestResult executionId="fe589131-e994-4ff9-b6ef-bddc335627f1" testId="7810a33a-ed10-21b4-237d-f07ca1a37883" testName="Tests.Integration.Backend.Controllers.AuthControllerPasswordResetTests.POST_ResetPassword_WithWeakPassword_Should_Return_Error" computerName="runnervmf4ws1" duration="00:00:00.4207307" startTime="2025-09-11T04:19:06.4712988+00:00" endTime="2025-09-11T04:19:06.4712988+00:00" testType="13cdc9d9-ddb5-4fa4-a97d-d965ccfc6d4b" outcome="Passed" testListId="8c84fa94-04c1-424b-9868-57a2d4851a1d" relativeResultsDirectory="fe589131-e994-4ff9-b6ef-bddc335627f1" />
    <UnitTestResult executionId="200010a7-afe4-403a-b10c-4d99bab68609" testId="48288144-3004-3fb6-5971-16808e53c3e3" testName="Tests.Integration.Backend.Controllers.RolesControllerTests.POST_Role_Should_Handle_Null_Description" computerName="runnervmf4ws1" duration="00:00:00.6019119" startTime="2025-09-11T04:18:26.7559824+00:00" endTime="2025-09-11T04:18:26.7559826+00:00" testType="13cdc9d9-ddb5-4fa4-a97d-d965ccfc6d4b" outcome="Passed" testListId="8c84fa94-04c1-424b-9868-57a2d4851a1d" relativeResultsDirectory="200010a7-afe4-403a-b10c-4d99bab68609" />
    <UnitTestResult executionId="05392111-d515-4ee6-9590-164ee3dca12c" testId="59c1b068-0fcd-d32e-da01-b21421cb74d4" testName="Tests.Integration.Backend.Controllers.RolesControllerTests.GET_Roles_Should_Return_Empty_List_Initially" computerName="runnervmf4ws1" duration="00:00:00.5221359" startTime="2025-09-11T04:18:27.2784447+00:00" endTime="2025-09-11T04:18:27.2784449+00:00" testType="13cdc9d9-ddb5-4fa4-a97d-d965ccfc6d4b" outcome="Passed" testListId="8c84fa94-04c1-424b-9868-57a2d4851a1d" relativeResultsDirectory="05392111-d515-4ee6-9590-164ee3dca12c" />
    <UnitTestResult executionId="8a799def-2447-4fd8-bfb0-ea98457af573" testId="bc66b42a-da4a-96c7-2103-52f52cf67ffd" testName="Tests.Integration.Backend.Controllers.AuthControllerTests.Protected_Endpoint_Should_Return_OK_With_Valid_Token" computerName="runnervmf4ws1" duration="00:00:00.8177464" startTime="2025-09-11T04:19:21.7084722+00:00" endTime="2025-09-11T04:19:21.7084722+00:00" testType="13cdc9d9-ddb5-4fa4-a97d-d965ccfc6d4b" outcome="Passed" testListId="8c84fa94-04c1-424b-9868-57a2d4851a1d" relativeResultsDirectory="8a799def-2447-4fd8-bfb0-ea98457af573" />
    <UnitTestResult executionId="f6348091-760f-4dec-968a-0a918fbaaec5" testId="a5770765-4612-4372-f1a9-727a017fca24" testName="Tests.Integration.Backend.Compression.ResponseCompressionTests.CompressedResponse_ShouldHaveCompressionHeaders" computerName="runnervmf4ws1" duration="00:00:00.6065540" startTime="2025-09-11T04:19:37.9573036+00:00" endTime="2025-09-11T04:19:37.9573036+00:00" testType="13cdc9d9-ddb5-4fa4-a97d-d965ccfc6d4b" outcome="Passed" testListId="8c84fa94-04c1-424b-9868-57a2d4851a1d" relativeResultsDirectory="f6348091-760f-4dec-968a-0a918fbaaec5" />
    <UnitTestResult executionId="1918c02a-f636-4ee3-a92d-af14efa2cd6b" testId="7ef81c0c-3038-9435-7857-ab17f80f7cdb" testName="Tests.Integration.Backend.OutputCaching.CacheInvalidationTests.PostWindow_ShouldInvalidateWindowsCache" computerName="runnervmf4ws1" duration="00:00:01.2028521" startTime="2025-09-11T04:19:10.5313595+00:00" endTime="2025-09-11T04:19:10.5313596+00:00" testType="13cdc9d9-ddb5-4fa4-a97d-d965ccfc6d4b" outcome="Passed" testListId="8c84fa94-04c1-424b-9868-57a2d4851a1d" relativeResultsDirectory="1918c02a-f636-4ee3-a92d-af14efa2cd6b" />
    <UnitTestResult executionId="6c1dbd53-63e5-4644-927f-78757b3ffe4e" testId="ab17e4f5-654f-3749-a1be-206a5019e954" testName="Tests.Integration.Backend.Controllers.WallsControllerTests.POST_Wall_Should_Calculate_And_Store_Complex_Properties" computerName="runnervmf4ws1" duration="00:00:00.6499254" startTime="2025-09-11T04:18:06.1906555+00:00" endTime="2025-09-11T04:18:06.1906556+00:00" testType="13cdc9d9-ddb5-4fa4-a97d-d965ccfc6d4b" outcome="Passed" testListId="8c84fa94-04c1-424b-9868-57a2d4851a1d" relativeResultsDirectory="6c1dbd53-63e5-4644-927f-78757b3ffe4e" />
    <UnitTestResult executionId="d3791545-67dd-4368-ab31-19136aeb51fa" testId="9be21e93-9fc5-d98c-6abd-02370621f63e" testName="Tests.Integration.Backend.Controllers.PeopleControllerTests.DELETE_People_Should_Return_403_For_Non_Admin_User" computerName="runnervmf4ws1" duration="00:00:01.1186921" startTime="2025-09-11T04:18:45.3600443+00:00" endTime="2025-09-11T04:18:45.3600443+00:00" testType="13cdc9d9-ddb5-4fa4-a97d-d965ccfc6d4b" outcome="Passed" testListId="8c84fa94-04c1-424b-9868-57a2d4851a1d" relativeResultsDirectory="d3791545-67dd-4368-ab31-19136aeb51fa" />
    <UnitTestResult executionId="93b376a8-8437-45f8-b1ae-ef5e32512ca5" testId="cc336df8-b701-eea1-c754-b46ee3091b03" testName="Tests.Integration.Backend.Controllers.AuthControllerTests.POST_Login_Should_Return_BadRequest_For_Invalid_Email_Format" computerName="runnervmf4ws1" duration="00:00:00.2244719" startTime="2025-09-11T04:19:22.9058935+00:00" endTime="2025-09-11T04:19:22.9058936+00:00" testType="13cdc9d9-ddb5-4fa4-a97d-d965ccfc6d4b" outcome="Passed" testListId="8c84fa94-04c1-424b-9868-57a2d4851a1d" relativeResultsDirectory="93b376a8-8437-45f8-b1ae-ef5e32512ca5" />
    <UnitTestResult executionId="52109f23-93c1-4059-ae07-06949f3dabc7" testId="dc3d8a1b-91eb-4926-ce54-153010e68cad" testName="Tests.Integration.Backend.Controllers.RolesControllerTests.POST_Roles_Should_Create_Role_And_Return_201" computerName="runnervmf4ws1" duration="00:00:00.8263944" startTime="2025-09-11T04:18:29.8348348+00:00" endTime="2025-09-11T04:18:29.8348350+00:00" testType="13cdc9d9-ddb5-4fa4-a97d-d965ccfc6d4b" outcome="Passed" testListId="8c84fa94-04c1-424b-9868-57a2d4851a1d" relativeResultsDirectory="52109f23-93c1-4059-ae07-06949f3dabc7" />
    <UnitTestResult executionId="cb182c72-95d4-426b-b88d-a35d2dd3a0b3" testId="67c0dda5-90c3-5662-c072-7db17a34e9f0" testName="Tests.Integration.Backend.Controllers.AuthControllerPasswordResetTests.POST_ValidateResetToken_WithInvalidToken_Should_Return_Invalid_Status" computerName="runnervmf4ws1" duration="00:00:00.2310883" startTime="2025-09-11T04:19:07.8296461+00:00" endTime="2025-09-11T04:19:07.8296462+00:00" testType="13cdc9d9-ddb5-4fa4-a97d-d965ccfc6d4b" outcome="Passed" testListId="8c84fa94-04c1-424b-9868-57a2d4851a1d" relativeResultsDirectory="cb182c72-95d4-426b-b88d-a35d2dd3a0b3" />
    <UnitTestResult executionId="448e43e4-2121-4709-9cf1-6064283a2aff" testId="e3433c1d-41f7-b660-a894-db56a9b283f4" testName="Tests.Integration.Backend.Controllers.ApiHealthTests.API_Should_Handle_CORS_Headers" computerName="runnervmf4ws1" duration="00:00:00.3009389" startTime="2025-09-11T04:19:33.3382162+00:00" endTime="2025-09-11T04:19:33.3382162+00:00" testType="13cdc9d9-ddb5-4fa4-a97d-d965ccfc6d4b" outcome="Passed" testListId="8c84fa94-04c1-424b-9868-57a2d4851a1d" relativeResultsDirectory="448e43e4-2121-4709-9cf1-6064283a2aff" />
    <UnitTestResult executionId="849d827a-ef50-45d4-aa25-5ddb3df1fa1f" testId="f06ae6c9-50ad-cafd-2eae-e83fde29317d" testName="Tests.Integration.Backend.Controllers.WallsControllerTests.GET_Wall_By_Id_Should_Return_Wall_When_Exists" computerName="runnervmf4ws1" duration="00:00:01.9023934" startTime="2025-09-11T04:18:00.3616527+00:00" endTime="2025-09-11T04:18:00.3616530+00:00" testType="13cdc9d9-ddb5-4fa4-a97d-d965ccfc6d4b" outcome="Passed" testListId="8c84fa94-04c1-424b-9868-57a2d4851a1d" relativeResultsDirectory="849d827a-ef50-45d4-aa25-5ddb3df1fa1f" />
    <UnitTestResult executionId="2ae1f16d-b95d-459c-b81a-b8b7aada4baa" testId="47dc67ee-ce10-2cea-0c24-ab118e917beb" testName="Tests.Integration.Backend.Controllers.ApiHealthTests.API_Should_Handle_Invalid_HTTP_Methods" computerName="runnervmf4ws1" duration="00:00:00.6007419" startTime="2025-09-11T04:19:29.0804367+00:00" endTime="2025-09-11T04:19:29.0804368+00:00" testType="13cdc9d9-ddb5-4fa4-a97d-d965ccfc6d4b" outcome="Passed" testListId="8c84fa94-04c1-424b-9868-57a2d4851a1d" relativeResultsDirectory="2ae1f16d-b95d-459c-b81a-b8b7aada4baa" />
    <UnitTestResult executionId="2ba8c376-20fb-4c64-81f5-11249ab729d9" testId="095ad9f7-04a5-8bcb-02fd-fdd6dab3a934" testName="Tests.Integration.Backend.Compression.StaticFileCompressionTests.HtmlFile_ShouldBeCompressed_WhenClientSupportsGzip" computerName="runnervmf4ws1" duration="00:00:00.2569232" startTime="2025-09-11T04:17:54.0153458+00:00" endTime="2025-09-11T04:17:54.0153462+00:00" testType="13cdc9d9-ddb5-4fa4-a97d-d965ccfc6d4b" outcome="Passed" testListId="8c84fa94-04c1-424b-9868-57a2d4851a1d" relativeResultsDirectory="2ba8c376-20fb-4c64-81f5-11249ab729d9" />
    <UnitTestResult executionId="fbe09418-5adf-4a40-a632-adb0e85e4d02" testId="cf8a559d-45fb-9221-5781-06292f54735a" testName="Tests.Integration.Backend.Controllers.ApiHealthTests.All_Endpoints_Should_Support_Expected_HTTP_Methods(method: &quot;GET&quot;, endpoint: &quot;/api/people&quot;)" computerName="runnervmf4ws1" duration="00:00:00.3031662" startTime="2025-09-11T04:19:24.4840736+00:00" endTime="2025-09-11T04:19:24.4840736+00:00" testType="13cdc9d9-ddb5-4fa4-a97d-d965ccfc6d4b" outcome="Passed" testListId="8c84fa94-04c1-424b-9868-57a2d4851a1d" relativeResultsDirectory="fbe09418-5adf-4a40-a632-adb0e85e4d02" />
    <UnitTestResult executionId="a3fe1f4a-abbb-4cd5-bf3e-62c09f3451a9" testId="58d6d3e1-eb4b-146c-6475-5a89377fd38d" testName="Tests.Integration.Backend.Controllers.ApiHealthTests.API_Should_Maintain_Data_Consistency_Under_Load" computerName="runnervmf4ws1" duration="00:00:02.4413975" startTime="2025-09-11T04:19:36.0805637+00:00" endTime="2025-09-11T04:19:36.0805638+00:00" testType="13cdc9d9-ddb5-4fa4-a97d-d965ccfc6d4b" outcome="Passed" testListId="8c84fa94-04c1-424b-9868-57a2d4851a1d" relativeResultsDirectory="a3fe1f4a-abbb-4cd5-bf3e-62c09f3451a9" />
    <UnitTestResult executionId="a939234e-5c6a-4e8d-9f5a-2754c418e27f" testId="d0fa0570-460f-ec62-156b-5af9612d66a8" testName="Tests.Integration.Backend.Compression.ResponseCompressionTests.HttpsResponse_ShouldSupportCompression" computerName="runnervmf4ws1" duration="00:00:00.3009130" startTime="2025-09-11T04:19:37.3444182+00:00" endTime="2025-09-11T04:19:37.3444182+00:00" testType="13cdc9d9-ddb5-4fa4-a97d-d965ccfc6d4b" outcome="Passed" testListId="8c84fa94-04c1-424b-9868-57a2d4851a1d" relativeResultsDirectory="a939234e-5c6a-4e8d-9f5a-2754c418e27f" />
    <UnitTestResult executionId="7e1b4357-e0eb-4b1e-b0b1-b95890e3e059" testId="d52400d3-aadd-aa81-a16e-1863a2b50655" testName="Tests.Integration.Backend.OutputCaching.OutputCachingConfigurationTests.OutputCachePolicies_ShouldHaveCorrectDurations(policyName: &quot;RolesPolicy&quot;, expectedDurationSeconds: 3600)" computerName="runnervmf4ws1" duration="00:00:00.0001459" startTime="2025-09-11T04:18:45.4193079+00:00" endTime="2025-09-11T04:18:45.4193080+00:00" testType="13cdc9d9-ddb5-4fa4-a97d-d965ccfc6d4b" outcome="Passed" testListId="8c84fa94-04c1-424b-9868-57a2d4851a1d" relativeResultsDirectory="7e1b4357-e0eb-4b1e-b0b1-b95890e3e059" />
    <UnitTestResult executionId="5ff0aa93-805f-40f3-9b0a-e7ac8311f4e3" testId="a607d0ef-948b-6788-8be8-6f42840aa828" testName="Tests.Integration.Backend.Controllers.ApiHealthTests.All_Endpoints_Should_Support_Expected_HTTP_Methods(method: &quot;GET&quot;, endpoint: &quot;/api/roles&quot;)" computerName="runnervmf4ws1" duration="00:00:00.3006486" startTime="2025-09-11T04:19:27.8502348+00:00" endTime="2025-09-11T04:19:27.8502348+00:00" testType="13cdc9d9-ddb5-4fa4-a97d-d965ccfc6d4b" outcome="Passed" testListId="8c84fa94-04c1-424b-9868-57a2d4851a1d" relativeResultsDirectory="5ff0aa93-805f-40f3-9b0a-e7ac8311f4e3" />
    <UnitTestResult executionId="e797c127-3194-4f40-97d2-0e5e1b38acfd" testId="f746e85d-5530-5c7f-8b39-c9d23cfa24b9" testName="Tests.Integration.Backend.Controllers.PeopleControllerTests.GET_People_Should_Return_Empty_List_Initially" computerName="runnervmf4ws1" duration="00:00:00.5320281" startTime="2025-09-11T04:18:34.3825128+00:00" endTime="2025-09-11T04:18:34.3825129+00:00" testType="13cdc9d9-ddb5-4fa4-a97d-d965ccfc6d4b" outcome="Passed" testListId="8c84fa94-04c1-424b-9868-57a2d4851a1d" relativeResultsDirectory="e797c127-3194-4f40-97d2-0e5e1b38acfd" />
    <UnitTestResult executionId="4060b408-d560-4936-ad75-048b6a8807f4" testId="dd89f673-671f-182c-819f-0c99c5f63d13" testName="Tests.Integration.Backend.Compression.StaticFileCompressionTests.CompressedStaticFiles_ShouldHaveVaryHeader" computerName="runnervmf4ws1" duration="00:00:00.0039677" startTime="2025-09-11T04:17:54.0552152+00:00" endTime="2025-09-11T04:17:54.0552153+00:00" testType="13cdc9d9-ddb5-4fa4-a97d-d965ccfc6d4b" outcome="Passed" testListId="8c84fa94-04c1-424b-9868-57a2d4851a1d" relativeResultsDirectory="4060b408-d560-4936-ad75-048b6a8807f4" />
    <UnitTestResult executionId="7877990d-de1f-4287-aceb-35a07748f142" testId="1c428206-078b-ef8a-981a-72b75853f6ff" testName="Tests.Integration.Backend.Compression.StaticFileCompressionTests.JsFile_ShouldBeCompressed_WhenClientSupportsBrotli" computerName="runnervmf4ws1" duration="00:00:00.0063611" startTime="2025-09-11T04:17:54.0221956+00:00" endTime="2025-09-11T04:17:54.0221958+00:00" testType="13cdc9d9-ddb5-4fa4-a97d-d965ccfc6d4b" outcome="Passed" testListId="8c84fa94-04c1-424b-9868-57a2d4851a1d" relativeResultsDirectory="7877990d-de1f-4287-aceb-35a07748f142" />
    <UnitTestResult executionId="fd06005a-68ec-4181-8292-d21820652fbe" testId="20da3b3a-c531-7fe5-3776-1e7b0c6c1d26" testName="Tests.Integration.Backend.Controllers.PeopleControllerTests.PUT_People_Should_Update_Person" computerName="runnervmf4ws1" duration="00:00:00.8428740" startTime="2025-09-11T04:18:36.0542548+00:00" endTime="2025-09-11T04:18:36.0542549+00:00" testType="13cdc9d9-ddb5-4fa4-a97d-d965ccfc6d4b" outcome="Passed" testListId="8c84fa94-04c1-424b-9868-57a2d4851a1d" relativeResultsDirectory="fd06005a-68ec-4181-8292-d21820652fbe" />
    <UnitTestResult executionId="90192cd0-290e-4279-9fe1-a27495090e6f" testId="4fd1e2d8-0d90-8547-c5f7-6f4689c0269c" testName="Tests.Integration.Backend.Controllers.RolesControllerTests.Roles_Should_Persist_Across_Requests" computerName="runnervmf4ws1" duration="00:00:00.9059074" startTime="2025-09-11T04:18:28.1847762+00:00" endTime="2025-09-11T04:18:28.1847764+00:00" testType="13cdc9d9-ddb5-4fa4-a97d-d965ccfc6d4b" outcome="Passed" testListId="8c84fa94-04c1-424b-9868-57a2d4851a1d" relativeResultsDirectory="90192cd0-290e-4279-9fe1-a27495090e6f" />
    <UnitTestResult executionId="840d1884-74ef-4740-92c7-0adb0ac39d9f" testId="17dbb37c-0ae3-4711-733a-8ec5b81611d9" testName="Tests.Integration.Backend.Controllers.AuthControllerTests.POST_Register_Should_Create_User_And_Return_Tokens" computerName="runnervmf4ws1" duration="00:00:00.5277005" startTime="2025-09-11T04:19:22.4594885+00:00" endTime="2025-09-11T04:19:22.4594886+00:00" testType="13cdc9d9-ddb5-4fa4-a97d-d965ccfc6d4b" outcome="Passed" testListId="8c84fa94-04c1-424b-9868-57a2d4851a1d" relativeResultsDirectory="840d1884-74ef-4740-92c7-0adb0ac39d9f" />
    <UnitTestResult executionId="ace1422e-a3b2-4926-9a1a-3918609b456f" testId="01f8b1a1-47e4-68c0-8cf3-4a745a731823" testName="Tests.Integration.Backend.Controllers.WallsControllerTests.GET_Wall_By_Id_Should_Return_404_When_Not_Exists" computerName="runnervmf4ws1" duration="00:00:00.3211926" startTime="2025-09-11T04:18:10.8134936+00:00" endTime="2025-09-11T04:18:10.8134939+00:00" testType="13cdc9d9-ddb5-4fa4-a97d-d965ccfc6d4b" outcome="Passed" testListId="8c84fa94-04c1-424b-9868-57a2d4851a1d" relativeResultsDirectory="ace1422e-a3b2-4926-9a1a-3918609b456f" />
    <UnitTestResult executionId="52c8729c-de98-485c-a902-37dfbdb8a442" testId="2e2345f0-0d5a-ea86-479d-222f77025a6a" testName="Tests.Integration.Backend.Controllers.PeopleControllerTests.POST_People_Should_Create_Person_And_Return_201" computerName="runnervmf4ws1" duration="00:00:00.8369213" startTime="2025-09-11T04:18:33.8501712+00:00" endTime="2025-09-11T04:18:33.8501712+00:00" testType="13cdc9d9-ddb5-4fa4-a97d-d965ccfc6d4b" outcome="Passed" testListId="8c84fa94-04c1-424b-9868-57a2d4851a1d" relativeResultsDirectory="52c8729c-de98-485c-a902-37dfbdb8a442" />
    <UnitTestResult executionId="8f3f688b-e5c2-44fb-a5a6-463d133b5f0f" testId="96921323-114c-162a-b25a-d2db1a76a43f" testName="Tests.Integration.Backend.Controllers.ApiHealthTests.API_Should_Return_JSON_Content_Type" computerName="runnervmf4ws1" duration="00:00:00.3263787" startTime="2025-09-11T04:19:28.4793768+00:00" endTime="2025-09-11T04:19:28.4793768+00:00" testType="13cdc9d9-ddb5-4fa4-a97d-d965ccfc6d4b" outcome="Passed" testListId="8c84fa94-04c1-424b-9868-57a2d4851a1d" relativeResultsDirectory="8f3f688b-e5c2-44fb-a5a6-463d133b5f0f" />
    <UnitTestResult executionId="1fa2a153-b684-403f-a5f3-a0964d524716" testId="b7695dc8-52d4-1e66-b81e-a27de7f041fc" testName="Tests.Integration.Backend.E2E.AuthenticationE2ETests.Registration_Should_Prevent_Duplicate_Emails" computerName="runnervmf4ws1" duration="00:00:00.3141341" startTime="2025-09-11T04:18:16.9416629+00:00" endTime="2025-09-11T04:18:16.9416631+00:00" testType="13cdc9d9-ddb5-4fa4-a97d-d965ccfc6d4b" outcome="Passed" testListId="8c84fa94-04c1-424b-9868-57a2d4851a1d" relativeResultsDirectory="1fa2a153-b684-403f-a5f3-a0964d524716" />
    <UnitTestResult executionId="64d7c483-32bb-4d15-bbfb-c15b493f2d9e" testId="3c12eda2-b3ce-445c-ab96-ec2f1aa7f5f7" testName="Tests.Integration.Backend.Controllers.WindowsControllerTests.POST_Window_Should_Handle_Optional_Fields" computerName="runnervmf4ws1" duration="00:00:00.6035400" startTime="2025-09-11T04:18:57.5525670+00:00" endTime="2025-09-11T04:18:57.5525671+00:00" testType="13cdc9d9-ddb5-4fa4-a97d-d965ccfc6d4b" outcome="Passed" testListId="8c84fa94-04c1-424b-9868-57a2d4851a1d" relativeResultsDirectory="64d7c483-32bb-4d15-bbfb-c15b493f2d9e" />
    <UnitTestResult executionId="ba5748dd-59aa-4ba5-8931-a5f5e19217a7" testId="28a5e352-3d95-d1b8-53ef-7edd0326a49c" testName="Tests.Integration.Backend.Controllers.WindowsControllerTests.DELETE_Window_Should_Remove_Existing_Window" computerName="runnervmf4ws1" duration="00:00:01.5385800" startTime="2025-09-11T04:18:55.4303237+00:00" endTime="2025-09-11T04:18:55.4303237+00:00" testType="13cdc9d9-ddb5-4fa4-a97d-d965ccfc6d4b" outcome="Passed" testListId="8c84fa94-04c1-424b-9868-57a2d4851a1d" relativeResultsDirectory="ba5748dd-59aa-4ba5-8931-a5f5e19217a7" />
    <UnitTestResult executionId="2af74e26-d3e8-4580-8835-ac5d4c1ba057" testId="9f4c88b5-75b1-89cf-0e7e-8e0e67eff9e0" testName="Tests.Integration.Backend.Controllers.WindowsControllerTests.POST_Windows_Should_Validate_Numeric_Ranges" computerName="runnervmf4ws1" duration="00:00:00.6055147" startTime="2025-09-11T04:18:53.8913541+00:00" endTime="2025-09-11T04:18:53.8913541+00:00" testType="13cdc9d9-ddb5-4fa4-a97d-d965ccfc6d4b" outcome="Passed" testListId="8c84fa94-04c1-424b-9868-57a2d4851a1d" relativeResultsDirectory="2af74e26-d3e8-4580-8835-ac5d4c1ba057" />
    <UnitTestResult executionId="f61bd75a-1d00-4a6d-8414-3a8dfa6a6f57" testId="47bac687-f373-0ca2-6e08-37ce4bb5fb7e" testName="Tests.Integration.Backend.OutputCaching.OutputCachingTests.GetRoles_ShouldReturnConsistentResponses" computerName="runnervmf4ws1" duration="00:00:00.5403186" startTime="2025-09-11T04:18:19.6198729+00:00" endTime="2025-09-11T04:18:19.6198731+00:00" testType="13cdc9d9-ddb5-4fa4-a97d-d965ccfc6d4b" outcome="Passed" testListId="8c84fa94-04c1-424b-9868-57a2d4851a1d" relativeResultsDirectory="f61bd75a-1d00-4a6d-8414-3a8dfa6a6f57" />
  </Results>
  <TestDefinitions>
    <UnitTest name="Tests.Integration.Backend.Compression.ResponseCompressionTests.ResponseCompressionServices_ShouldBeRegistered" storage="/home/runner/work/crud/crud/test/tests.integration.backend/bin/release/net8.0/tests.integration.backend.dll" id="e164b20e-2591-89f8-06fb-740275819de8">
      <Execution id="f04aa34b-bdf8-49b5-bb97-9f519d0085ee" />
      <TestMethod codeBase="/home/runner/work/Crud/Crud/test/Tests.Integration.Backend/bin/Release/net8.0/Tests.Integration.Backend.dll" adapterTypeName="executor://xunit/VsTestRunner2/netcoreapp" className="Tests.Integration.Backend.Compression.ResponseCompressionTests" name="ResponseCompressionServices_ShouldBeRegistered" />
    </UnitTest>
    <UnitTest name="Tests.Integration.Backend.Compression.ResponseCompressionTests.SmallResponse_ShouldNotBeCompressed_WhenBelowThreshold" storage="/home/runner/work/crud/crud/test/tests.integration.backend/bin/release/net8.0/tests.integration.backend.dll" id="a52f36e0-aa87-4104-3036-3d7d9607f688">
      <Execution id="d636f5cf-6acd-4192-bdfd-14d16ed26a0d" />
      <TestMethod codeBase="/home/runner/work/Crud/Crud/test/Tests.Integration.Backend/bin/Release/net8.0/Tests.Integration.Backend.dll" adapterTypeName="executor://xunit/VsTestRunner2/netcoreapp" className="Tests.Integration.Backend.Compression.ResponseCompressionTests" name="SmallResponse_ShouldNotBeCompressed_WhenBelowThreshold" />
    </UnitTest>
    <UnitTest name="Tests.Integration.Backend.OutputCaching.CachingE2ETests.EntityCaching_ShouldCacheIndividualEntities" storage="/home/runner/work/crud/crud/test/tests.integration.backend/bin/release/net8.0/tests.integration.backend.dll" id="41b3b4e1-06a8-534f-90a6-fb2576f3807d">
      <Execution id="7bf518d8-c111-4a01-9b72-0ac0dba77277" />
      <TestMethod codeBase="/home/runner/work/Crud/Crud/test/Tests.Integration.Backend/bin/Release/net8.0/Tests.Integration.Backend.dll" adapterTypeName="executor://xunit/VsTestRunner2/netcoreapp" className="Tests.Integration.Backend.OutputCaching.CachingE2ETests" name="EntityCaching_ShouldCacheIndividualEntities" />
    </UnitTest>
    <UnitTest name="Tests.Integration.Backend.Controllers.PeopleControllerTests.DELETE_People_Should_Remove_Person" storage="/home/runner/work/crud/crud/test/tests.integration.backend/bin/release/net8.0/tests.integration.backend.dll" id="60dfb5c8-db46-6bbb-f8af-46af1d350941">
      <Execution id="497cc477-79c8-485e-a57d-2328de747da5" />
      <TestMethod codeBase="/home/runner/work/Crud/Crud/test/Tests.Integration.Backend/bin/Release/net8.0/Tests.Integration.Backend.dll" adapterTypeName="executor://xunit/VsTestRunner2/netcoreapp" className="Tests.Integration.Backend.Controllers.PeopleControllerTests" name="DELETE_People_Should_Remove_Person" />
    </UnitTest>
    <UnitTest name="Tests.Integration.Backend.Infrastructure.GenericRepositoryIntegrationTests.GenericRepository_ShouldWorkWithSpecifications_EndToEnd" storage="/home/runner/work/crud/crud/test/tests.integration.backend/bin/release/net8.0/tests.integration.backend.dll" id="76fbe764-5e84-e751-cc4c-187af70eca54">
      <Execution id="f9db530f-df2e-4a4b-84a5-8c18576b06bb" />
      <TestMethod codeBase="/home/runner/work/Crud/Crud/test/Tests.Integration.Backend/bin/Release/net8.0/Tests.Integration.Backend.dll" adapterTypeName="executor://xunit/VsTestRunner2/netcoreapp" className="Tests.Integration.Backend.Infrastructure.GenericRepositoryIntegrationTests" name="GenericRepository_ShouldWorkWithSpecifications_EndToEnd" />
    </UnitTest>
    <UnitTest name="Tests.Integration.Backend.Controllers.AuthControllerPasswordResetTests.POST_ValidateResetToken_WithValidToken_Should_Return_Valid_Status" storage="/home/runner/work/crud/crud/test/tests.integration.backend/bin/release/net8.0/tests.integration.backend.dll" id="84be9167-1ae7-c4b1-fa12-da145604b354">
      <Execution id="d1952fb7-ceed-4cca-8637-168777e80421" />
      <TestMethod codeBase="/home/runner/work/Crud/Crud/test/Tests.Integration.Backend/bin/Release/net8.0/Tests.Integration.Backend.dll" adapterTypeName="executor://xunit/VsTestRunner2/netcoreapp" className="Tests.Integration.Backend.Controllers.AuthControllerPasswordResetTests" name="POST_ValidateResetToken_WithValidToken_Should_Return_Valid_Status" />
    </UnitTest>
    <UnitTest name="Tests.Integration.Backend.Controllers.ApiHealthTests.API_Should_Be_Responsive" storage="/home/runner/work/crud/crud/test/tests.integration.backend/bin/release/net8.0/tests.integration.backend.dll" id="37ce62cb-c39d-d9d9-9814-53126b8a17ea">
      <Execution id="316c55eb-5f9f-4438-aaed-f37c0f4fd25c" />
      <TestMethod codeBase="/home/runner/work/Crud/Crud/test/Tests.Integration.Backend/bin/Release/net8.0/Tests.Integration.Backend.dll" adapterTypeName="executor://xunit/VsTestRunner2/netcoreapp" className="Tests.Integration.Backend.Controllers.ApiHealthTests" name="API_Should_Be_Responsive" />
    </UnitTest>
    <UnitTest name="Tests.Integration.Backend.Controllers.WallsControllerTests.POST_Walls_Should_Validate_Numeric_Ranges" storage="/home/runner/work/crud/crud/test/tests.integration.backend/bin/release/net8.0/tests.integration.backend.dll" id="bd9e404f-7715-359c-e0a9-f0f39ae1a952">
      <Execution id="7faf0779-8590-4753-b0d4-73740800b174" />
      <TestMethod codeBase="/home/runner/work/Crud/Crud/test/Tests.Integration.Backend/bin/Release/net8.0/Tests.Integration.Backend.dll" adapterTypeName="executor://xunit/VsTestRunner2/netcoreapp" className="Tests.Integration.Backend.Controllers.WallsControllerTests" name="POST_Walls_Should_Validate_Numeric_Ranges" />
    </UnitTest>
    <UnitTest name="Tests.Integration.Backend.Controllers.WindowsControllerTests.DELETE_Window_Should_Remove_Existing_Window" storage="/home/runner/work/crud/crud/test/tests.integration.backend/bin/release/net8.0/tests.integration.backend.dll" id="28a5e352-3d95-d1b8-53ef-7edd0326a49c">
      <Execution id="ba5748dd-59aa-4ba5-8931-a5f5e19217a7" />
      <TestMethod codeBase="/home/runner/work/Crud/Crud/test/Tests.Integration.Backend/bin/Release/net8.0/Tests.Integration.Backend.dll" adapterTypeName="executor://xunit/VsTestRunner2/netcoreapp" className="Tests.Integration.Backend.Controllers.WindowsControllerTests" name="DELETE_Window_Should_Remove_Existing_Window" />
    </UnitTest>
    <UnitTest name="Tests.Integration.Backend.Controllers.WindowsControllerTests.GET_Windows_Should_Return_Empty_List_Initially" storage="/home/runner/work/crud/crud/test/tests.integration.backend/bin/release/net8.0/tests.integration.backend.dll" id="1dbf163c-bf18-d62c-e932-92ef9d3bc71a">
      <Execution id="acee0342-1656-4004-a98d-3f5ce84666cc" />
      <TestMethod codeBase="/home/runner/work/Crud/Crud/test/Tests.Integration.Backend/bin/Release/net8.0/Tests.Integration.Backend.dll" adapterTypeName="executor://xunit/VsTestRunner2/netcoreapp" className="Tests.Integration.Backend.Controllers.WindowsControllerTests" name="GET_Windows_Should_Return_Empty_List_Initially" />
    </UnitTest>
    <UnitTest name="Tests.Integration.Backend.OutputCaching.OutputCachingTests.GetPeople_ShouldReturnConsistentResponses" storage="/home/runner/work/crud/crud/test/tests.integration.backend/bin/release/net8.0/tests.integration.backend.dll" id="0786cd9f-2220-51d9-4156-4d742eda00d4">
      <Execution id="56c77a74-1a0d-4571-9fc1-df3ec1f62050" />
      <TestMethod codeBase="/home/runner/work/Crud/Crud/test/Tests.Integration.Backend/bin/Release/net8.0/Tests.Integration.Backend.dll" adapterTypeName="executor://xunit/VsTestRunner2/netcoreapp" className="Tests.Integration.Backend.OutputCaching.OutputCachingTests" name="GetPeople_ShouldReturnConsistentResponses" />
    </UnitTest>
    <UnitTest name="Tests.Integration.Backend.Controllers.PeopleControllerTests.DELETE_People_Should_Return_403_For_Non_Admin_User" storage="/home/runner/work/crud/crud/test/tests.integration.backend/bin/release/net8.0/tests.integration.backend.dll" id="9be21e93-9fc5-d98c-6abd-02370621f63e">
      <Execution id="d3791545-67dd-4368-ab31-19136aeb51fa" />
      <TestMethod codeBase="/home/runner/work/Crud/Crud/test/Tests.Integration.Backend/bin/Release/net8.0/Tests.Integration.Backend.dll" adapterTypeName="executor://xunit/VsTestRunner2/netcoreapp" className="Tests.Integration.Backend.Controllers.PeopleControllerTests" name="DELETE_People_Should_Return_403_For_Non_Admin_User" />
    </UnitTest>
    <UnitTest name="Tests.Integration.Backend.OutputCaching.CacheInvalidationTests.PutPerson_ShouldInvalidateBothEntityAndListCache" storage="/home/runner/work/crud/crud/test/tests.integration.backend/bin/release/net8.0/tests.integration.backend.dll" id="60d93c6a-68de-f18d-ead0-561ac4ded916">
      <Execution id="99dca085-7223-4972-95af-86f7d1e16653" />
      <TestMethod codeBase="/home/runner/work/Crud/Crud/test/Tests.Integration.Backend/bin/Release/net8.0/Tests.Integration.Backend.dll" adapterTypeName="executor://xunit/VsTestRunner2/netcoreapp" className="Tests.Integration.Backend.OutputCaching.CacheInvalidationTests" name="PutPerson_ShouldInvalidateBothEntityAndListCache" />
    </UnitTest>
    <UnitTest name="Tests.Integration.Backend.Controllers.WallsControllerTests.POST_Walls_Should_Create_Wall_And_Return_201" storage="/home/runner/work/crud/crud/test/tests.integration.backend/bin/release/net8.0/tests.integration.backend.dll" id="f7bc3491-94dd-b6b9-3778-9c1a4322e7be">
      <Execution id="98109b5f-3998-4d88-a451-2c1a0ece1c47" />
      <TestMethod codeBase="/home/runner/work/Crud/Crud/test/Tests.Integration.Backend/bin/Release/net8.0/Tests.Integration.Backend.dll" adapterTypeName="executor://xunit/VsTestRunner2/netcoreapp" className="Tests.Integration.Backend.Controllers.WallsControllerTests" name="POST_Walls_Should_Create_Wall_And_Return_201" />
    </UnitTest>
    <UnitTest name="Tests.Integration.Backend.E2E.AuthenticationE2ETests.Registration_Should_Validate_Email_Format" storage="/home/runner/work/crud/crud/test/tests.integration.backend/bin/release/net8.0/tests.integration.backend.dll" id="f63011fd-c6a3-fc9c-0ff5-216045de6e40">
      <Execution id="66f6b82b-77bf-4d5a-bed2-4e35fe08f21f" />
      <TestMethod codeBase="/home/runner/work/Crud/Crud/test/Tests.Integration.Backend/bin/Release/net8.0/Tests.Integration.Backend.dll" adapterTypeName="executor://xunit/VsTestRunner2/netcoreapp" className="Tests.Integration.Backend.E2E.AuthenticationE2ETests" name="Registration_Should_Validate_Email_Format" />
    </UnitTest>
    <UnitTest name="Tests.Integration.Backend.OutputCaching.OutputCachingTests.GetEntityById_ShouldReturnConsistentResponses" storage="/home/runner/work/crud/crud/test/tests.integration.backend/bin/release/net8.0/tests.integration.backend.dll" id="cbf0626f-7167-adff-b20c-96cc3cdf6ce9">
      <Execution id="165ca5ff-d99a-4259-833b-96edbf43f9f3" />
      <TestMethod codeBase="/home/runner/work/Crud/Crud/test/Tests.Integration.Backend/bin/Release/net8.0/Tests.Integration.Backend.dll" adapterTypeName="executor://xunit/VsTestRunner2/netcoreapp" className="Tests.Integration.Backend.OutputCaching.OutputCachingTests" name="GetEntityById_ShouldReturnConsistentResponses" />
    </UnitTest>
    <UnitTest name="Tests.Integration.Backend.Controllers.PeopleControllerTests.PUT_People_Should_Update_Person_Roles" storage="/home/runner/work/crud/crud/test/tests.integration.backend/bin/release/net8.0/tests.integration.backend.dll" id="01d0203b-7c6e-72b9-08eb-f1b3242c360c">
      <Execution id="99f45f62-ee9b-4038-a5ba-d07b137d6ca4" />
      <TestMethod codeBase="/home/runner/work/Crud/Crud/test/Tests.Integration.Backend/bin/Release/net8.0/Tests.Integration.Backend.dll" adapterTypeName="executor://xunit/VsTestRunner2/netcoreapp" className="Tests.Integration.Backend.Controllers.PeopleControllerTests" name="PUT_People_Should_Update_Person_Roles" />
    </UnitTest>
    <UnitTest name="Tests.Integration.Backend.Compression.StaticFileCompressionTests.HtmlFile_ShouldBeCompressed_WhenClientSupportsGzip" storage="/home/runner/work/crud/crud/test/tests.integration.backend/bin/release/net8.0/tests.integration.backend.dll" id="095ad9f7-04a5-8bcb-02fd-fdd6dab3a934">
      <Execution id="2ba8c376-20fb-4c64-81f5-11249ab729d9" />
      <TestMethod codeBase="/home/runner/work/Crud/Crud/test/Tests.Integration.Backend/bin/Release/net8.0/Tests.Integration.Backend.dll" adapterTypeName="executor://xunit/VsTestRunner2/netcoreapp" className="Tests.Integration.Backend.Compression.StaticFileCompressionTests" name="HtmlFile_ShouldBeCompressed_WhenClientSupportsGzip" />
    </UnitTest>
    <UnitTest name="Tests.Integration.Backend.OutputCaching.CacheInvalidationTests.DeletePerson_ShouldInvalidateListCache" storage="/home/runner/work/crud/crud/test/tests.integration.backend/bin/release/net8.0/tests.integration.backend.dll" id="43b9d173-0889-c0cd-91e8-55b0783b32ae">
      <Execution id="7bb974b5-f61e-400d-9c89-6c5fb1e584e8" />
      <TestMethod codeBase="/home/runner/work/Crud/Crud/test/Tests.Integration.Backend/bin/Release/net8.0/Tests.Integration.Backend.dll" adapterTypeName="executor://xunit/VsTestRunner2/netcoreapp" className="Tests.Integration.Backend.OutputCaching.CacheInvalidationTests" name="DeletePerson_ShouldInvalidateListCache" />
    </UnitTest>
    <UnitTest name="Tests.Integration.Backend.Compression.ResponseCompressionTests.JsonResponse_ShouldBeCompressed" storage="/home/runner/work/crud/crud/test/tests.integration.backend/bin/release/net8.0/tests.integration.backend.dll" id="437f9b9e-301b-15b7-f72b-040911d1fd97">
      <Execution id="ad3ac330-48ba-4030-b8fc-e8516f64fec4" />
      <TestMethod codeBase="/home/runner/work/Crud/Crud/test/Tests.Integration.Backend/bin/Release/net8.0/Tests.Integration.Backend.dll" adapterTypeName="executor://xunit/VsTestRunner2/netcoreapp" className="Tests.Integration.Backend.Compression.ResponseCompressionTests" name="JsonResponse_ShouldBeCompressed" />
    </UnitTest>
    <UnitTest name="Tests.Integration.Backend.Controllers.WindowsControllerTests.POST_Window_Should_Handle_Optional_Fields" storage="/home/runner/work/crud/crud/test/tests.integration.backend/bin/release/net8.0/tests.integration.backend.dll" id="3c12eda2-b3ce-445c-ab96-ec2f1aa7f5f7">
      <Execution id="64d7c483-32bb-4d15-bbfb-c15b493f2d9e" />
      <TestMethod codeBase="/home/runner/work/Crud/Crud/test/Tests.Integration.Backend/bin/Release/net8.0/Tests.Integration.Backend.dll" adapterTypeName="executor://xunit/VsTestRunner2/netcoreapp" className="Tests.Integration.Backend.Controllers.WindowsControllerTests" name="POST_Window_Should_Handle_Optional_Fields" />
    </UnitTest>
    <UnitTest name="Tests.Integration.Backend.Infrastructure.GenericRepositoryIntegrationTests.IRepository_ShouldBeRegisteredInDIContainer" storage="/home/runner/work/crud/crud/test/tests.integration.backend/bin/release/net8.0/tests.integration.backend.dll" id="42775960-58e6-9486-14ff-996dea311598">
      <Execution id="4dc0e884-3965-4a28-85ec-0a983360be13" />
      <TestMethod codeBase="/home/runner/work/Crud/Crud/test/Tests.Integration.Backend/bin/Release/net8.0/Tests.Integration.Backend.dll" adapterTypeName="executor://xunit/VsTestRunner2/netcoreapp" className="Tests.Integration.Backend.Infrastructure.GenericRepositoryIntegrationTests" name="IRepository_ShouldBeRegisteredInDIContainer" />
    </UnitTest>
    <UnitTest name="Tests.Integration.Backend.OutputCaching.OutputCachingTests.GetRoles_ShouldReturnConsistentResponses" storage="/home/runner/work/crud/crud/test/tests.integration.backend/bin/release/net8.0/tests.integration.backend.dll" id="47bac687-f373-0ca2-6e08-37ce4bb5fb7e">
      <Execution id="f61bd75a-1d00-4a6d-8414-3a8dfa6a6f57" />
      <TestMethod codeBase="/home/runner/work/Crud/Crud/test/Tests.Integration.Backend/bin/Release/net8.0/Tests.Integration.Backend.dll" adapterTypeName="executor://xunit/VsTestRunner2/netcoreapp" className="Tests.Integration.Backend.OutputCaching.OutputCachingTests" name="GetRoles_ShouldReturnConsistentResponses" />
    </UnitTest>
    <UnitTest name="Tests.Integration.Backend.OutputCaching.ConditionalRequestTests.CacheHeaders_ShouldBePresent_OnGetRequests" storage="/home/runner/work/crud/crud/test/tests.integration.backend/bin/release/net8.0/tests.integration.backend.dll" id="3c9c11b5-6967-f47a-cfd8-d22458fa9229">
      <Execution id="6979c4e4-ef69-4056-9ca9-c5b68cbf925b" />
      <TestMethod codeBase="/home/runner/work/Crud/Crud/test/Tests.Integration.Backend/bin/Release/net8.0/Tests.Integration.Backend.dll" adapterTypeName="executor://xunit/VsTestRunner2/netcoreapp" className="Tests.Integration.Backend.OutputCaching.ConditionalRequestTests" name="CacheHeaders_ShouldBePresent_OnGetRequests" />
    </UnitTest>
    <UnitTest name="Tests.Integration.Backend.Controllers.DatabaseControllerTests.GET_Database_ValidatePreTest_Should_Return_Validation_Result" storage="/home/runner/work/crud/crud/test/tests.integration.backend/bin/release/net8.0/tests.integration.backend.dll" id="d962a0d7-c5e8-e659-8957-69cdfae1f523">
      <Execution id="bd2a3632-f5cf-4022-b2d3-48db18c5e77d" />
      <TestMethod codeBase="/home/runner/work/Crud/Crud/test/Tests.Integration.Backend/bin/Release/net8.0/Tests.Integration.Backend.dll" adapterTypeName="executor://xunit/VsTestRunner2/netcoreapp" className="Tests.Integration.Backend.Controllers.DatabaseControllerTests" name="GET_Database_ValidatePreTest_Should_Return_Validation_Result" />
    </UnitTest>
    <UnitTest name="Tests.Integration.Backend.E2E.AuthenticationE2ETests.Registration_Should_Prevent_Duplicate_Emails" storage="/home/runner/work/crud/crud/test/tests.integration.backend/bin/release/net8.0/tests.integration.backend.dll" id="b7695dc8-52d4-1e66-b81e-a27de7f041fc">
      <Execution id="1fa2a153-b684-403f-a5f3-a0964d524716" />
      <TestMethod codeBase="/home/runner/work/Crud/Crud/test/Tests.Integration.Backend/bin/Release/net8.0/Tests.Integration.Backend.dll" adapterTypeName="executor://xunit/VsTestRunner2/netcoreapp" className="Tests.Integration.Backend.E2E.AuthenticationE2ETests" name="Registration_Should_Prevent_Duplicate_Emails" />
    </UnitTest>
    <UnitTest name="Tests.Integration.Backend.Controllers.WallsControllerTests.PUT_Wall_Should_Return_404_When_Not_Exists" storage="/home/runner/work/crud/crud/test/tests.integration.backend/bin/release/net8.0/tests.integration.backend.dll" id="5128edc8-60ad-8628-2a75-9feb9f8f888b">
      <Execution id="bd552a30-6aeb-43fd-b9b8-44896cec7d3e" />
      <TestMethod codeBase="/home/runner/work/Crud/Crud/test/Tests.Integration.Backend/bin/Release/net8.0/Tests.Integration.Backend.dll" adapterTypeName="executor://xunit/VsTestRunner2/netcoreapp" className="Tests.Integration.Backend.Controllers.WallsControllerTests" name="PUT_Wall_Should_Return_404_When_Not_Exists" />
    </UnitTest>
    <UnitTest name="Tests.Integration.Backend.Controllers.PeopleControllerTests.GET_People_Should_Return_Empty_List_Initially" storage="/home/runner/work/crud/crud/test/tests.integration.backend/bin/release/net8.0/tests.integration.backend.dll" id="f746e85d-5530-5c7f-8b39-c9d23cfa24b9">
      <Execution id="e797c127-3194-4f40-97d2-0e5e1b38acfd" />
      <TestMethod codeBase="/home/runner/work/Crud/Crud/test/Tests.Integration.Backend/bin/Release/net8.0/Tests.Integration.Backend.dll" adapterTypeName="executor://xunit/VsTestRunner2/netcoreapp" className="Tests.Integration.Backend.Controllers.PeopleControllerTests" name="GET_People_Should_Return_Empty_List_Initially" />
    </UnitTest>
    <UnitTest name="Tests.Integration.Backend.Controllers.WallsControllerTests.GET_Wall_By_Id_Should_Return_404_When_Not_Exists" storage="/home/runner/work/crud/crud/test/tests.integration.backend/bin/release/net8.0/tests.integration.backend.dll" id="01f8b1a1-47e4-68c0-8cf3-4a745a731823">
      <Execution id="ace1422e-a3b2-4926-9a1a-3918609b456f" />
      <TestMethod codeBase="/home/runner/work/Crud/Crud/test/Tests.Integration.Backend/bin/Release/net8.0/Tests.Integration.Backend.dll" adapterTypeName="executor://xunit/VsTestRunner2/netcoreapp" className="Tests.Integration.Backend.Controllers.WallsControllerTests" name="GET_Wall_By_Id_Should_Return_404_When_Not_Exists" />
    </UnitTest>
    <UnitTest name="Tests.Integration.Backend.Controllers.WallsControllerTests.PUT_Wall_Should_Update_Existing_Wall" storage="/home/runner/work/crud/crud/test/tests.integration.backend/bin/release/net8.0/tests.integration.backend.dll" id="cca41772-191f-0a82-bb6f-ddd4fb32e2c7">
      <Execution id="47c5b818-703f-4cdf-9529-33904ac80533" />
      <TestMethod codeBase="/home/runner/work/Crud/Crud/test/Tests.Integration.Backend/bin/Release/net8.0/Tests.Integration.Backend.dll" adapterTypeName="executor://xunit/VsTestRunner2/netcoreapp" className="Tests.Integration.Backend.Controllers.WallsControllerTests" name="PUT_Wall_Should_Update_Existing_Wall" />
    </UnitTest>
    <UnitTest name="Tests.Integration.Backend.E2E.AuthenticationE2ETests.Token_Should_Expire_And_Require_Refresh" storage="/home/runner/work/crud/crud/test/tests.integration.backend/bin/release/net8.0/tests.integration.backend.dll" id="a0e7a1c4-1639-53f1-ce02-5d2f760332a2">
      <Execution id="bddb59c8-eedb-4c09-a075-03a587329a08" />
      <TestMethod codeBase="/home/runner/work/Crud/Crud/test/Tests.Integration.Backend/bin/Release/net8.0/Tests.Integration.Backend.dll" adapterTypeName="executor://xunit/VsTestRunner2/netcoreapp" className="Tests.Integration.Backend.E2E.AuthenticationE2ETests" name="Token_Should_Expire_And_Require_Refresh" />
    </UnitTest>
    <UnitTest name="Tests.Integration.Backend.Controllers.PeopleControllerTests.GET_People_Should_Return_All_People" storage="/home/runner/work/crud/crud/test/tests.integration.backend/bin/release/net8.0/tests.integration.backend.dll" id="5b94e67b-8161-a4c1-a97f-c638ed8f05ba">
      <Execution id="52f483ce-ef04-4bde-b714-b48bb9ff717c" />
      <TestMethod codeBase="/home/runner/work/Crud/Crud/test/Tests.Integration.Backend/bin/Release/net8.0/Tests.Integration.Backend.dll" adapterTypeName="executor://xunit/VsTestRunner2/netcoreapp" className="Tests.Integration.Backend.Controllers.PeopleControllerTests" name="GET_People_Should_Return_All_People" />
    </UnitTest>
    <UnitTest name="Tests.Integration.Backend.Controllers.AuthControllerPasswordResetTests.POST_ForgotPassword_WithNonExistentEmail_Should_Return_Success" storage="/home/runner/work/crud/crud/test/tests.integration.backend/bin/release/net8.0/tests.integration.backend.dll" id="24b020ea-ff8d-51dc-4354-4d878d866f45">
      <Execution id="2adcf109-fd18-4c9a-8119-1d1c5ebb93ea" />
      <TestMethod codeBase="/home/runner/work/Crud/Crud/test/Tests.Integration.Backend/bin/Release/net8.0/Tests.Integration.Backend.dll" adapterTypeName="executor://xunit/VsTestRunner2/netcoreapp" className="Tests.Integration.Backend.Controllers.AuthControllerPasswordResetTests" name="POST_ForgotPassword_WithNonExistentEmail_Should_Return_Success" />
    </UnitTest>
    <UnitTest name="Tests.Integration.Backend.OutputCaching.CacheInvalidationTests.PostRole_ShouldInvalidateRolesCache" storage="/home/runner/work/crud/crud/test/tests.integration.backend/bin/release/net8.0/tests.integration.backend.dll" id="f8a89fdf-3bc2-915a-c2bf-5b68e643a78c">
      <Execution id="29f776f3-0dd9-4a4b-b42a-799abf1c4072" />
      <TestMethod codeBase="/home/runner/work/Crud/Crud/test/Tests.Integration.Backend/bin/Release/net8.0/Tests.Integration.Backend.dll" adapterTypeName="executor://xunit/VsTestRunner2/netcoreapp" className="Tests.Integration.Backend.OutputCaching.CacheInvalidationTests" name="PostRole_ShouldInvalidateRolesCache" />
    </UnitTest>
    <UnitTest name="Tests.Integration.Backend.Controllers.PeopleControllerTests.People_Should_Maintain_Role_Relationships" storage="/home/runner/work/crud/crud/test/tests.integration.backend/bin/release/net8.0/tests.integration.backend.dll" id="3a356b3b-e4e2-4f05-db20-65ad8602bd3c">
      <Execution id="370fb58a-aa78-4d2d-be37-1672d6af5cc7" />
      <TestMethod codeBase="/home/runner/work/Crud/Crud/test/Tests.Integration.Backend/bin/Release/net8.0/Tests.Integration.Backend.dll" adapterTypeName="executor://xunit/VsTestRunner2/netcoreapp" className="Tests.Integration.Backend.Controllers.PeopleControllerTests" name="People_Should_Maintain_Role_Relationships" />
    </UnitTest>
    <UnitTest name="Tests.Integration.Backend.Controllers.ApiHealthTests.All_Endpoints_Should_Support_Expected_HTTP_Methods(method: &quot;GET&quot;, endpoint: &quot;/api/people&quot;)" storage="/home/runner/work/crud/crud/test/tests.integration.backend/bin/release/net8.0/tests.integration.backend.dll" id="cf8a559d-45fb-9221-5781-06292f54735a">
      <Execution id="fbe09418-5adf-4a40-a632-adb0e85e4d02" />
      <TestMethod codeBase="/home/runner/work/Crud/Crud/test/Tests.Integration.Backend/bin/Release/net8.0/Tests.Integration.Backend.dll" adapterTypeName="executor://xunit/VsTestRunner2/netcoreapp" className="Tests.Integration.Backend.Controllers.ApiHealthTests" name="All_Endpoints_Should_Support_Expected_HTTP_Methods" />
    </UnitTest>
    <UnitTest name="Tests.Integration.Backend.OutputCaching.OutputCachingConfigurationTests.OutputCachePolicies_ShouldHaveCorrectDurations(policyName: &quot;PeoplePolicy&quot;, expectedDurationSeconds: 300)" storage="/home/runner/work/crud/crud/test/tests.integration.backend/bin/release/net8.0/tests.integration.backend.dll" id="575d783b-dbc0-13f3-17de-767c6d0c6111">
      <Execution id="9d8014e5-ba2b-4026-8b18-46e39816f152" />
      <TestMethod codeBase="/home/runner/work/Crud/Crud/test/Tests.Integration.Backend/bin/Release/net8.0/Tests.Integration.Backend.dll" adapterTypeName="executor://xunit/VsTestRunner2/netcoreapp" className="Tests.Integration.Backend.OutputCaching.OutputCachingConfigurationTests" name="OutputCachePolicies_ShouldHaveCorrectDurations" />
    </UnitTest>
    <UnitTest name="Tests.Integration.Backend.OutputCaching.OutputCachingConfigurationTests.OutputCachePolicies_ShouldHaveCorrectDurations(policyName: &quot;WallsPolicy&quot;, expectedDurationSeconds: 600)" storage="/home/runner/work/crud/crud/test/tests.integration.backend/bin/release/net8.0/tests.integration.backend.dll" id="0dfe4e62-1a92-361e-05c3-42444e197ce6">
      <Execution id="08279ca0-986e-47f6-affa-c757a9e0fcd7" />
      <TestMethod codeBase="/home/runner/work/Crud/Crud/test/Tests.Integration.Backend/bin/Release/net8.0/Tests.Integration.Backend.dll" adapterTypeName="executor://xunit/VsTestRunner2/netcoreapp" className="Tests.Integration.Backend.OutputCaching.OutputCachingConfigurationTests" name="OutputCachePolicies_ShouldHaveCorrectDurations" />
    </UnitTest>
    <UnitTest name="Tests.Integration.Backend.OutputCaching.OutputCachingConfigurationTests.OutputCachePolicies_ShouldHaveCorrectDurations(policyName: &quot;RolesPolicy&quot;, expectedDurationSeconds: 3600)" storage="/home/runner/work/crud/crud/test/tests.integration.backend/bin/release/net8.0/tests.integration.backend.dll" id="d52400d3-aadd-aa81-a16e-1863a2b50655">
      <Execution id="7e1b4357-e0eb-4b1e-b0b1-b95890e3e059" />
      <TestMethod codeBase="/home/runner/work/Crud/Crud/test/Tests.Integration.Backend/bin/Release/net8.0/Tests.Integration.Backend.dll" adapterTypeName="executor://xunit/VsTestRunner2/netcoreapp" className="Tests.Integration.Backend.OutputCaching.OutputCachingConfigurationTests" name="OutputCachePolicies_ShouldHaveCorrectDurations" />
    </UnitTest>
    <UnitTest name="Tests.Integration.Backend.Controllers.WallsControllerTests.GET_Walls_Should_Return_Empty_List_Initially" storage="/home/runner/work/crud/crud/test/tests.integration.backend/bin/release/net8.0/tests.integration.backend.dll" id="696a1e18-7066-ca21-55a7-645fa8e1a26a">
      <Execution id="537491af-f0ee-4a86-b6c8-a4562649543f" />
      <TestMethod codeBase="/home/runner/work/Crud/Crud/test/Tests.Integration.Backend/bin/Release/net8.0/Tests.Integration.Backend.dll" adapterTypeName="executor://xunit/VsTestRunner2/netcoreapp" className="Tests.Integration.Backend.Controllers.WallsControllerTests" name="GET_Walls_Should_Return_Empty_List_Initially" />
    </UnitTest>
    <UnitTest name="Tests.Integration.Backend.Controllers.RolesControllerTests.PUT_Role_Should_Return_404_When_Not_Exists" storage="/home/runner/work/crud/crud/test/tests.integration.backend/bin/release/net8.0/tests.integration.backend.dll" id="9624bd8d-101a-a0f9-4e88-2b9292a1caad">
      <Execution id="798e65d6-253a-41e3-abbb-4a92f28fec77" />
      <TestMethod codeBase="/home/runner/work/Crud/Crud/test/Tests.Integration.Backend/bin/Release/net8.0/Tests.Integration.Backend.dll" adapterTypeName="executor://xunit/VsTestRunner2/netcoreapp" className="Tests.Integration.Backend.Controllers.RolesControllerTests" name="PUT_Role_Should_Return_404_When_Not_Exists" />
    </UnitTest>
    <UnitTest name="Tests.Integration.Backend.OutputCaching.ConditionalRequestTests.GetRequest_WithIfNoneMatch_ShouldReturn304_WhenETagMatches" storage="/home/runner/work/crud/crud/test/tests.integration.backend/bin/release/net8.0/tests.integration.backend.dll" id="3a855c55-b695-d057-ad6f-34eef0eb2eae">
      <Execution id="8eb7ff70-b392-4e62-b0dc-1cd0e921322e" />
      <TestMethod codeBase="/home/runner/work/Crud/Crud/test/Tests.Integration.Backend/bin/Release/net8.0/Tests.Integration.Backend.dll" adapterTypeName="executor://xunit/VsTestRunner2/netcoreapp" className="Tests.Integration.Backend.OutputCaching.ConditionalRequestTests" name="GetRequest_WithIfNoneMatch_ShouldReturn304_WhenETagMatches" />
    </UnitTest>
    <UnitTest name="Tests.Integration.Backend.Controllers.PeopleControllerTests.POST_People_Should_Return_401_Without_Authentication" storage="/home/runner/work/crud/crud/test/tests.integration.backend/bin/release/net8.0/tests.integration.backend.dll" id="60a682be-767f-9c17-a43b-33d1adbef252">
      <Execution id="577a67c8-f2c5-4a85-bed3-55bbeafadbde" />
      <TestMethod codeBase="/home/runner/work/Crud/Crud/test/Tests.Integration.Backend/bin/Release/net8.0/Tests.Integration.Backend.dll" adapterTypeName="executor://xunit/VsTestRunner2/netcoreapp" className="Tests.Integration.Backend.Controllers.PeopleControllerTests" name="POST_People_Should_Return_401_Without_Authentication" />
    </UnitTest>
    <UnitTest name="Tests.Integration.Backend.OutputCaching.OutputCachingConfigurationTests.OutputCaching_ShouldUseRedisWhenConfigured" storage="/home/runner/work/crud/crud/test/tests.integration.backend/bin/release/net8.0/tests.integration.backend.dll" id="a46a2a4d-c658-0cec-efdf-8b3a220df306">
      <Execution id="0dbb9e4e-4028-437b-a510-fdf3fd4fc1f5" />
      <TestMethod codeBase="/home/runner/work/Crud/Crud/test/Tests.Integration.Backend/bin/Release/net8.0/Tests.Integration.Backend.dll" adapterTypeName="executor://xunit/VsTestRunner2/netcoreapp" className="Tests.Integration.Backend.OutputCaching.OutputCachingConfigurationTests" name="OutputCaching_ShouldUseRedisWhenConfigured" />
    </UnitTest>
    <UnitTest name="Tests.Integration.Backend.Controllers.AuthControllerTests.POST_Register_Should_Return_BadRequest_For_Existing_Email" storage="/home/runner/work/crud/crud/test/tests.integration.backend/bin/release/net8.0/tests.integration.backend.dll" id="3ff5fdb0-8488-3e48-6905-fa8bdf7eaa4c">
      <Execution id="7863bffc-9ec5-4897-b700-69def55f3a10" />
      <TestMethod codeBase="/home/runner/work/Crud/Crud/test/Tests.Integration.Backend/bin/Release/net8.0/Tests.Integration.Backend.dll" adapterTypeName="executor://xunit/VsTestRunner2/netcoreapp" className="Tests.Integration.Backend.Controllers.AuthControllerTests" name="POST_Register_Should_Return_BadRequest_For_Existing_Email" />
    </UnitTest>
    <UnitTest name="Tests.Integration.Backend.OutputCaching.OutputCachingConfigurationTests.OutputCachePolicies_ShouldHaveCorrectDurations(policyName: &quot;WindowsPolicy&quot;, expectedDurationSeconds: 600)" storage="/home/runner/work/crud/crud/test/tests.integration.backend/bin/release/net8.0/tests.integration.backend.dll" id="74823db9-4157-34a3-9710-5272b5fb4159">
      <Execution id="1acb7187-b6a5-49e1-839b-241d44e17dc3" />
      <TestMethod codeBase="/home/runner/work/Crud/Crud/test/Tests.Integration.Backend/bin/Release/net8.0/Tests.Integration.Backend.dll" adapterTypeName="executor://xunit/VsTestRunner2/netcoreapp" className="Tests.Integration.Backend.OutputCaching.OutputCachingConfigurationTests" name="OutputCachePolicies_ShouldHaveCorrectDurations" />
    </UnitTest>
    <UnitTest name="Tests.Integration.Backend.Controllers.ApiHealthTests.All_Controllers_Should_Be_Accessible(endpoint: &quot;/api/roles&quot;)" storage="/home/runner/work/crud/crud/test/tests.integration.backend/bin/release/net8.0/tests.integration.backend.dll" id="187ff446-ae11-3e2e-df34-66d33f545ac9">
      <Execution id="db82e183-4e3d-498e-9d3d-8e46719d3ebe" />
      <TestMethod codeBase="/home/runner/work/Crud/Crud/test/Tests.Integration.Backend/bin/Release/net8.0/Tests.Integration.Backend.dll" adapterTypeName="executor://xunit/VsTestRunner2/netcoreapp" className="Tests.Integration.Backend.Controllers.ApiHealthTests" name="All_Controllers_Should_Be_Accessible" />
    </UnitTest>
    <UnitTest name="Tests.Integration.Backend.Controllers.AuthControllerTests.POST_Login_Should_Return_BadRequest_For_Invalid_Email_Format" storage="/home/runner/work/crud/crud/test/tests.integration.backend/bin/release/net8.0/tests.integration.backend.dll" id="cc336df8-b701-eea1-c754-b46ee3091b03">
      <Execution id="93b376a8-8437-45f8-b1ae-ef5e32512ca5" />
      <TestMethod codeBase="/home/runner/work/Crud/Crud/test/Tests.Integration.Backend/bin/Release/net8.0/Tests.Integration.Backend.dll" adapterTypeName="executor://xunit/VsTestRunner2/netcoreapp" className="Tests.Integration.Backend.Controllers.AuthControllerTests" name="POST_Login_Should_Return_BadRequest_For_Invalid_Email_Format" />
    </UnitTest>
    <UnitTest name="Tests.Integration.Backend.Controllers.ApiHealthTests.All_Endpoints_Should_Support_Expected_HTTP_Methods(method: &quot;POST&quot;, endpoint: &quot;/api/roles&quot;)" storage="/home/runner/work/crud/crud/test/tests.integration.backend/bin/release/net8.0/tests.integration.backend.dll" id="98463f55-b92d-02fc-1e9d-e879206d0dbe">
      <Execution id="8e504123-798b-4635-b915-3e2b994e7628" />
      <TestMethod codeBase="/home/runner/work/Crud/Crud/test/Tests.Integration.Backend/bin/Release/net8.0/Tests.Integration.Backend.dll" adapterTypeName="executor://xunit/VsTestRunner2/netcoreapp" className="Tests.Integration.Backend.Controllers.ApiHealthTests" name="All_Endpoints_Should_Support_Expected_HTTP_Methods" />
    </UnitTest>
    <UnitTest name="Tests.Integration.Backend.Controllers.ApiHealthTests.All_Endpoints_Should_Support_Expected_HTTP_Methods(method: &quot;POST&quot;, endpoint: &quot;/api/people&quot;)" storage="/home/runner/work/crud/crud/test/tests.integration.backend/bin/release/net8.0/tests.integration.backend.dll" id="d513fe07-1dc8-1c74-2c21-98142b85dcfb">
      <Execution id="37974838-cfc5-43b0-8164-85673cd8cd9e" />
      <TestMethod codeBase="/home/runner/work/Crud/Crud/test/Tests.Integration.Backend/bin/Release/net8.0/Tests.Integration.Backend.dll" adapterTypeName="executor://xunit/VsTestRunner2/netcoreapp" className="Tests.Integration.Backend.Controllers.ApiHealthTests" name="All_Endpoints_Should_Support_Expected_HTTP_Methods" />
    </UnitTest>
    <UnitTest name="Tests.Integration.Backend.Controllers.WindowsControllerTests.POST_Windows_Should_Validate_Numeric_Ranges" storage="/home/runner/work/crud/crud/test/tests.integration.backend/bin/release/net8.0/tests.integration.backend.dll" id="9f4c88b5-75b1-89cf-0e7e-8e0e67eff9e0">
      <Execution id="2af74e26-d3e8-4580-8835-ac5d4c1ba057" />
      <TestMethod codeBase="/home/runner/work/Crud/Crud/test/Tests.Integration.Backend/bin/Release/net8.0/Tests.Integration.Backend.dll" adapterTypeName="executor://xunit/VsTestRunner2/netcoreapp" className="Tests.Integration.Backend.Controllers.WindowsControllerTests" name="POST_Windows_Should_Validate_Numeric_Ranges" />
    </UnitTest>
    <UnitTest name="Tests.Integration.Backend.Controllers.AuthControllerTests.POST_Login_Should_Return_Unauthorized_For_Invalid_Credentials" storage="/home/runner/work/crud/crud/test/tests.integration.backend/bin/release/net8.0/tests.integration.backend.dll" id="d43526e9-cec8-6f67-27fe-2d630de644f9">
      <Execution id="f3beebec-194d-402e-9c72-5d55d43ce698" />
      <TestMethod codeBase="/home/runner/work/Crud/Crud/test/Tests.Integration.Backend/bin/Release/net8.0/Tests.Integration.Backend.dll" adapterTypeName="executor://xunit/VsTestRunner2/netcoreapp" className="Tests.Integration.Backend.Controllers.AuthControllerTests" name="POST_Login_Should_Return_Unauthorized_For_Invalid_Credentials" />
    </UnitTest>
    <UnitTest name="Tests.Integration.Backend.E2E.AuthenticationE2ETests.Registration_Should_Validate_Password_Complexity" storage="/home/runner/work/crud/crud/test/tests.integration.backend/bin/release/net8.0/tests.integration.backend.dll" id="410da1bb-0033-e445-230e-baa696a924ac">
      <Execution id="a93c6d4e-7108-4c4f-9186-e913d9d2889a" />
      <TestMethod codeBase="/home/runner/work/Crud/Crud/test/Tests.Integration.Backend/bin/Release/net8.0/Tests.Integration.Backend.dll" adapterTypeName="executor://xunit/VsTestRunner2/netcoreapp" className="Tests.Integration.Backend.E2E.AuthenticationE2ETests" name="Registration_Should_Validate_Password_Complexity" />
    </UnitTest>
    <UnitTest name="Tests.Integration.Backend.Controllers.PeopleControllerTests.POST_People_Should_Create_Person_And_Return_201" storage="/home/runner/work/crud/crud/test/tests.integration.backend/bin/release/net8.0/tests.integration.backend.dll" id="2e2345f0-0d5a-ea86-479d-222f77025a6a">
      <Execution id="52c8729c-de98-485c-a902-37dfbdb8a442" />
      <TestMethod codeBase="/home/runner/work/Crud/Crud/test/Tests.Integration.Backend/bin/Release/net8.0/Tests.Integration.Backend.dll" adapterTypeName="executor://xunit/VsTestRunner2/netcoreapp" className="Tests.Integration.Backend.Controllers.PeopleControllerTests" name="POST_People_Should_Create_Person_And_Return_201" />
    </UnitTest>
    <UnitTest name="Tests.Integration.Backend.Compression.StaticFileCompressionTests.CompressedStaticFiles_ShouldBeSmallerThanUncompressed" storage="/home/runner/work/crud/crud/test/tests.integration.backend/bin/release/net8.0/tests.integration.backend.dll" id="06592b62-9486-dc14-09e9-81aa1f2eb0eb">
      <Execution id="3e297b4a-0926-4126-b4c0-1823a6597142" />
      <TestMethod codeBase="/home/runner/work/Crud/Crud/test/Tests.Integration.Backend/bin/Release/net8.0/Tests.Integration.Backend.dll" adapterTypeName="executor://xunit/VsTestRunner2/netcoreapp" className="Tests.Integration.Backend.Compression.StaticFileCompressionTests" name="CompressedStaticFiles_ShouldBeSmallerThanUncompressed" />
    </UnitTest>
    <UnitTest name="Tests.Integration.Backend.Compression.StaticFileCompressionTests.JsFile_ShouldBeCompressed_WhenClientSupportsBrotli" storage="/home/runner/work/crud/crud/test/tests.integration.backend/bin/release/net8.0/tests.integration.backend.dll" id="1c428206-078b-ef8a-981a-72b75853f6ff">
      <Execution id="7877990d-de1f-4287-aceb-35a07748f142" />
      <TestMethod codeBase="/home/runner/work/Crud/Crud/test/Tests.Integration.Backend/bin/Release/net8.0/Tests.Integration.Backend.dll" adapterTypeName="executor://xunit/VsTestRunner2/netcoreapp" className="Tests.Integration.Backend.Compression.StaticFileCompressionTests" name="JsFile_ShouldBeCompressed_WhenClientSupportsBrotli" />
    </UnitTest>
    <UnitTest name="Tests.Integration.Backend.E2E.AuthenticationE2ETests.Protected_Endpoint_Should_Require_Authentication" storage="/home/runner/work/crud/crud/test/tests.integration.backend/bin/release/net8.0/tests.integration.backend.dll" id="c1e9fd41-ccc9-89c1-34d7-2e348277c312">
      <Execution id="1e6fd0fb-b80f-4e6d-950d-c24b4402a9bc" />
      <TestMethod codeBase="/home/runner/work/Crud/Crud/test/Tests.Integration.Backend/bin/Release/net8.0/Tests.Integration.Backend.dll" adapterTypeName="executor://xunit/VsTestRunner2/netcoreapp" className="Tests.Integration.Backend.E2E.AuthenticationE2ETests" name="Protected_Endpoint_Should_Require_Authentication" />
    </UnitTest>
    <UnitTest name="Tests.Integration.Backend.Controllers.WindowsControllerTests.Windows_Should_Persist_Timestamps_Correctly" storage="/home/runner/work/crud/crud/test/tests.integration.backend/bin/release/net8.0/tests.integration.backend.dll" id="8b7765b0-2273-0340-cca9-006e0a342472">
      <Execution id="153b75d3-ed24-4579-9d62-37be4c717a74" />
      <TestMethod codeBase="/home/runner/work/Crud/Crud/test/Tests.Integration.Backend/bin/Release/net8.0/Tests.Integration.Backend.dll" adapterTypeName="executor://xunit/VsTestRunner2/netcoreapp" className="Tests.Integration.Backend.Controllers.WindowsControllerTests" name="Windows_Should_Persist_Timestamps_Correctly" />
    </UnitTest>
    <UnitTest name="Tests.Integration.Backend.Controllers.PeopleControllerTests.POST_People_Should_Allow_Empty_Phone_Number" storage="/home/runner/work/crud/crud/test/tests.integration.backend/bin/release/net8.0/tests.integration.backend.dll" id="bc4ebe26-634c-986e-8a8c-e92c2437e06a">
      <Execution id="0bfecc37-4728-40f2-b43b-18af41b0cdea" />
      <TestMethod codeBase="/home/runner/work/Crud/Crud/test/Tests.Integration.Backend/bin/Release/net8.0/Tests.Integration.Backend.dll" adapterTypeName="executor://xunit/VsTestRunner2/netcoreapp" className="Tests.Integration.Backend.Controllers.PeopleControllerTests" name="POST_People_Should_Allow_Empty_Phone_Number" />
    </UnitTest>
    <UnitTest name="Tests.Integration.Backend.Controllers.PeopleControllerTests.POST_People_Should_Return_400_For_Invalid_Request" storage="/home/runner/work/crud/crud/test/tests.integration.backend/bin/release/net8.0/tests.integration.backend.dll" id="4ca138d0-3af0-bb0b-3bfb-df9507be5ed5">
      <Execution id="440e4af3-d58d-4007-8e61-4a1a1ce8e0c4" />
      <TestMethod codeBase="/home/runner/work/Crud/Crud/test/Tests.Integration.Backend/bin/Release/net8.0/Tests.Integration.Backend.dll" adapterTypeName="executor://xunit/VsTestRunner2/netcoreapp" className="Tests.Integration.Backend.Controllers.PeopleControllerTests" name="POST_People_Should_Return_400_For_Invalid_Request" />
    </UnitTest>
    <UnitTest name="Tests.Integration.Backend.Controllers.PeopleControllerTests.POST_People_Should_Return_403_For_Non_Admin_User" storage="/home/runner/work/crud/crud/test/tests.integration.backend/bin/release/net8.0/tests.integration.backend.dll" id="41853896-8f31-97ce-b78f-41cf4c24e045">
      <Execution id="8e4ffb34-2a9d-42d0-a143-6acccf882e8e" />
      <TestMethod codeBase="/home/runner/work/Crud/Crud/test/Tests.Integration.Backend/bin/Release/net8.0/Tests.Integration.Backend.dll" adapterTypeName="executor://xunit/VsTestRunner2/netcoreapp" className="Tests.Integration.Backend.Controllers.PeopleControllerTests" name="POST_People_Should_Return_403_For_Non_Admin_User" />
    </UnitTest>
    <UnitTest name="Tests.Integration.Backend.Controllers.ApiHealthTests.All_Endpoints_Should_Support_Expected_HTTP_Methods(method: &quot;GET&quot;, endpoint: &quot;/api/walls&quot;)" storage="/home/runner/work/crud/crud/test/tests.integration.backend/bin/release/net8.0/tests.integration.backend.dll" id="d818e0b1-081a-89e5-4910-f245961c9079">
      <Execution id="8f145354-2e61-4290-a620-16decc9c45bc" />
      <TestMethod codeBase="/home/runner/work/Crud/Crud/test/Tests.Integration.Backend/bin/Release/net8.0/Tests.Integration.Backend.dll" adapterTypeName="executor://xunit/VsTestRunner2/netcoreapp" className="Tests.Integration.Backend.Controllers.ApiHealthTests" name="All_Endpoints_Should_Support_Expected_HTTP_Methods" />
    </UnitTest>
    <UnitTest name="Tests.Integration.Backend.Controllers.AuthControllerPasswordResetTests.POST_ResetPassword_WithValidToken_Should_Reset_Password_Successfully" storage="/home/runner/work/crud/crud/test/tests.integration.backend/bin/release/net8.0/tests.integration.backend.dll" id="25c388e9-4416-bcb2-f5bb-f92fe28b725a">
      <Execution id="8b41e23f-847e-40ed-9a54-890ce3d202e9" />
      <TestMethod codeBase="/home/runner/work/Crud/Crud/test/Tests.Integration.Backend/bin/Release/net8.0/Tests.Integration.Backend.dll" adapterTypeName="executor://xunit/VsTestRunner2/netcoreapp" className="Tests.Integration.Backend.Controllers.AuthControllerPasswordResetTests" name="POST_ResetPassword_WithValidToken_Should_Reset_Password_Successfully" />
    </UnitTest>
    <UnitTest name="Tests.Integration.Backend.Controllers.WindowsControllerTests.PUT_Window_Should_Update_Existing_Window" storage="/home/runner/work/crud/crud/test/tests.integration.backend/bin/release/net8.0/tests.integration.backend.dll" id="7bc10e4f-5a04-518e-0136-35873081b204">
      <Execution id="f7ae3e25-6e26-4357-a080-a6bf823eda2f" />
      <TestMethod codeBase="/home/runner/work/Crud/Crud/test/Tests.Integration.Backend/bin/Release/net8.0/Tests.Integration.Backend.dll" adapterTypeName="executor://xunit/VsTestRunner2/netcoreapp" className="Tests.Integration.Backend.Controllers.WindowsControllerTests" name="PUT_Window_Should_Update_Existing_Window" />
    </UnitTest>
    <UnitTest name="Tests.Integration.Backend.Controllers.WallsControllerTests.POST_Wall_Should_Handle_Optional_Fields" storage="/home/runner/work/crud/crud/test/tests.integration.backend/bin/release/net8.0/tests.integration.backend.dll" id="34d6d731-abe6-2c2d-f525-44f047db1777">
      <Execution id="188db6f7-8ccc-4a72-9ad0-ac13cc8218a1" />
      <TestMethod codeBase="/home/runner/work/Crud/Crud/test/Tests.Integration.Backend/bin/Release/net8.0/Tests.Integration.Backend.dll" adapterTypeName="executor://xunit/VsTestRunner2/netcoreapp" className="Tests.Integration.Backend.Controllers.WallsControllerTests" name="POST_Wall_Should_Handle_Optional_Fields" />
    </UnitTest>
    <UnitTest name="Tests.Integration.Backend.Controllers.PeopleControllerTests.PUT_People_Should_Update_Person" storage="/home/runner/work/crud/crud/test/tests.integration.backend/bin/release/net8.0/tests.integration.backend.dll" id="20da3b3a-c531-7fe5-3776-1e7b0c6c1d26">
      <Execution id="fd06005a-68ec-4181-8292-d21820652fbe" />
      <TestMethod codeBase="/home/runner/work/Crud/Crud/test/Tests.Integration.Backend/bin/Release/net8.0/Tests.Integration.Backend.dll" adapterTypeName="executor://xunit/VsTestRunner2/netcoreapp" className="Tests.Integration.Backend.Controllers.PeopleControllerTests" name="PUT_People_Should_Update_Person" />
    </UnitTest>
    <UnitTest name="Tests.Integration.Backend.OutputCaching.ConditionalRequestTests.GetRequest_WithIfNoneMatch_ShouldReturn200_WhenETagDoesNotMatch" storage="/home/runner/work/crud/crud/test/tests.integration.backend/bin/release/net8.0/tests.integration.backend.dll" id="3f2238c8-a9eb-4aa1-b9fa-c736db0a92cb">
      <Execution id="20687768-82c0-454d-aea2-41a58d1e0319" />
      <TestMethod codeBase="/home/runner/work/Crud/Crud/test/Tests.Integration.Backend/bin/Release/net8.0/Tests.Integration.Backend.dll" adapterTypeName="executor://xunit/VsTestRunner2/netcoreapp" className="Tests.Integration.Backend.OutputCaching.ConditionalRequestTests" name="GetRequest_WithIfNoneMatch_ShouldReturn200_WhenETagDoesNotMatch" />
    </UnitTest>
    <UnitTest name="Tests.Integration.Backend.Controllers.ApiHealthTests.All_Controllers_Should_Be_Accessible(endpoint: &quot;/api/walls&quot;)" storage="/home/runner/work/crud/crud/test/tests.integration.backend/bin/release/net8.0/tests.integration.backend.dll" id="8231f168-9927-9d00-f91d-f5006f875a5b">
      <Execution id="1a8725f0-1f9d-49c5-87bb-5f47f32026f2" />
      <TestMethod codeBase="/home/runner/work/Crud/Crud/test/Tests.Integration.Backend/bin/Release/net8.0/Tests.Integration.Backend.dll" adapterTypeName="executor://xunit/VsTestRunner2/netcoreapp" className="Tests.Integration.Backend.Controllers.ApiHealthTests" name="All_Controllers_Should_Be_Accessible" />
    </UnitTest>
    <UnitTest name="Tests.Integration.Backend.Infrastructure.GenericRepositoryIntegrationTests.GenericRepository_ShouldWorkAlongsideCustomRepositories" storage="/home/runner/work/crud/crud/test/tests.integration.backend/bin/release/net8.0/tests.integration.backend.dll" id="76f204dd-32a0-ce3a-8917-3041e6ffb334">
      <Execution id="454b69e2-bde0-4c7b-9d10-052144cc4b6a" />
      <TestMethod codeBase="/home/runner/work/Crud/Crud/test/Tests.Integration.Backend/bin/Release/net8.0/Tests.Integration.Backend.dll" adapterTypeName="executor://xunit/VsTestRunner2/netcoreapp" className="Tests.Integration.Backend.Infrastructure.GenericRepositoryIntegrationTests" name="GenericRepository_ShouldWorkAlongsideCustomRepositories" />
    </UnitTest>
    <UnitTest name="Tests.Integration.Backend.Controllers.RolesControllerTests.GET_Role_By_Id_Should_Return_404_When_Not_Exists" storage="/home/runner/work/crud/crud/test/tests.integration.backend/bin/release/net8.0/tests.integration.backend.dll" id="29ba8dce-52f9-1a09-beb5-2c73bb03e4dd">
      <Execution id="0ef32fcd-1d52-4dc3-9b30-635bef394b9f" />
      <TestMethod codeBase="/home/runner/work/Crud/Crud/test/Tests.Integration.Backend/bin/Release/net8.0/Tests.Integration.Backend.dll" adapterTypeName="executor://xunit/VsTestRunner2/netcoreapp" className="Tests.Integration.Backend.Controllers.RolesControllerTests" name="GET_Role_By_Id_Should_Return_404_When_Not_Exists" />
    </UnitTest>
    <UnitTest name="Tests.Integration.Backend.Controllers.AuthControllerPasswordResetTests.POST_ForgotPassword_WithInvalidEmail_Should_Return_BadRequest" storage="/home/runner/work/crud/crud/test/tests.integration.backend/bin/release/net8.0/tests.integration.backend.dll" id="8e410b3f-ed9f-5189-87a9-0a81e42ccd93">
      <Execution id="8c426a52-aaa6-441d-a975-32d6a623e282" />
      <TestMethod codeBase="/home/runner/work/Crud/Crud/test/Tests.Integration.Backend/bin/Release/net8.0/Tests.Integration.Backend.dll" adapterTypeName="executor://xunit/VsTestRunner2/netcoreapp" className="Tests.Integration.Backend.Controllers.AuthControllerPasswordResetTests" name="POST_ForgotPassword_WithInvalidEmail_Should_Return_BadRequest" />
    </UnitTest>
    <UnitTest name="Tests.Integration.Backend.Controllers.PeopleControllerTests.POST_People_Should_Create_Person_With_Roles" storage="/home/runner/work/crud/crud/test/tests.integration.backend/bin/release/net8.0/tests.integration.backend.dll" id="cce4bcb7-a8a4-30d2-f887-eca92f2b74be">
      <Execution id="8b854333-56ac-43d3-a2b2-31b4cef6febe" />
      <TestMethod codeBase="/home/runner/work/Crud/Crud/test/Tests.Integration.Backend/bin/Release/net8.0/Tests.Integration.Backend.dll" adapterTypeName="executor://xunit/VsTestRunner2/netcoreapp" className="Tests.Integration.Backend.Controllers.PeopleControllerTests" name="POST_People_Should_Create_Person_With_Roles" />
    </UnitTest>
    <UnitTest name="Tests.Integration.Backend.Controllers.WindowsControllerTests.Windows_Should_Handle_Boolean_Properties_Correctly" storage="/home/runner/work/crud/crud/test/tests.integration.backend/bin/release/net8.0/tests.integration.backend.dll" id="89abbdd3-2d4a-032e-64a6-9a76add4cdf5">
      <Execution id="328ef14a-fd94-413d-9d53-67dc4a1f2160" />
      <TestMethod codeBase="/home/runner/work/Crud/Crud/test/Tests.Integration.Backend/bin/Release/net8.0/Tests.Integration.Backend.dll" adapterTypeName="executor://xunit/VsTestRunner2/netcoreapp" className="Tests.Integration.Backend.Controllers.WindowsControllerTests" name="Windows_Should_Handle_Boolean_Properties_Correctly" />
    </UnitTest>
    <UnitTest name="Tests.Integration.Backend.Controllers.WallsControllerTests.GET_Wall_By_Id_Should_Return_Wall_When_Exists" storage="/home/runner/work/crud/crud/test/tests.integration.backend/bin/release/net8.0/tests.integration.backend.dll" id="f06ae6c9-50ad-cafd-2eae-e83fde29317d">
      <Execution id="849d827a-ef50-45d4-aa25-5ddb3df1fa1f" />
      <TestMethod codeBase="/home/runner/work/Crud/Crud/test/Tests.Integration.Backend/bin/Release/net8.0/Tests.Integration.Backend.dll" adapterTypeName="executor://xunit/VsTestRunner2/netcoreapp" className="Tests.Integration.Backend.Controllers.WallsControllerTests" name="GET_Wall_By_Id_Should_Return_Wall_When_Exists" />
    </UnitTest>
    <UnitTest name="Tests.Integration.Backend.Compression.StaticFileCompressionTests.UncompressedStaticFiles_ShouldNotHaveCompressionHeaders" storage="/home/runner/work/crud/crud/test/tests.integration.backend/bin/release/net8.0/tests.integration.backend.dll" id="5ba1ea2b-a035-33f8-2d26-2c5753c3433e">
      <Execution id="9731bad9-dcac-483f-aeb2-04fd7001b38f" />
      <TestMethod codeBase="/home/runner/work/Crud/Crud/test/Tests.Integration.Backend/bin/Release/net8.0/Tests.Integration.Backend.dll" adapterTypeName="executor://xunit/VsTestRunner2/netcoreapp" className="Tests.Integration.Backend.Compression.StaticFileCompressionTests" name="UncompressedStaticFiles_ShouldNotHaveCompressionHeaders" />
    </UnitTest>
    <UnitTest name="Tests.Integration.Backend.OutputCaching.ConditionalRequestTests.GetRequest_WithIfModifiedSince_ShouldReturn200_WhenModified" storage="/home/runner/work/crud/crud/test/tests.integration.backend/bin/release/net8.0/tests.integration.backend.dll" id="0853ac09-c300-33d5-e3a7-a607360126ba">
      <Execution id="074ec2a8-8f48-4c44-959d-6100e55284ec" />
      <TestMethod codeBase="/home/runner/work/Crud/Crud/test/Tests.Integration.Backend/bin/Release/net8.0/Tests.Integration.Backend.dll" adapterTypeName="executor://xunit/VsTestRunner2/netcoreapp" className="Tests.Integration.Backend.OutputCaching.ConditionalRequestTests" name="GetRequest_WithIfModifiedSince_ShouldReturn200_WhenModified" />
    </UnitTest>
    <UnitTest name="Tests.Integration.Backend.Controllers.RolesControllerTests.GET_Roles_Should_Return_All_Roles" storage="/home/runner/work/crud/crud/test/tests.integration.backend/bin/release/net8.0/tests.integration.backend.dll" id="33b821d5-726b-640c-d1cd-04721e7e48d9">
      <Execution id="ca41d5fb-4198-4cac-92f7-d0f260dd2b39" />
      <TestMethod codeBase="/home/runner/work/Crud/Crud/test/Tests.Integration.Backend/bin/Release/net8.0/Tests.Integration.Backend.dll" adapterTypeName="executor://xunit/VsTestRunner2/netcoreapp" className="Tests.Integration.Backend.Controllers.RolesControllerTests" name="GET_Roles_Should_Return_All_Roles" />
    </UnitTest>
    <UnitTest name="Tests.Integration.Backend.Controllers.ApiHealthTests.API_Should_Handle_Invalid_Routes" storage="/home/runner/work/crud/crud/test/tests.integration.backend/bin/release/net8.0/tests.integration.backend.dll" id="f7ccf265-e80b-872a-2ee9-60a9a3351b24">
      <Execution id="4d50d3ca-6e0c-4929-a193-3e1b5375816f" />
      <TestMethod codeBase="/home/runner/work/Crud/Crud/test/Tests.Integration.Backend/bin/Release/net8.0/Tests.Integration.Backend.dll" adapterTypeName="executor://xunit/VsTestRunner2/netcoreapp" className="Tests.Integration.Backend.Controllers.ApiHealthTests" name="API_Should_Handle_Invalid_Routes" />
    </UnitTest>
    <UnitTest name="Tests.Integration.Backend.Controllers.RolesControllerTests.PUT_Role_Should_Update_Existing_Role" storage="/home/runner/work/crud/crud/test/tests.integration.backend/bin/release/net8.0/tests.integration.backend.dll" id="9525fcd3-b949-7544-779c-3d3500ebec99">
      <Execution id="b727dba2-f590-44a2-93a1-7bfad398e540" />
      <TestMethod codeBase="/home/runner/work/Crud/Crud/test/Tests.Integration.Backend/bin/Release/net8.0/Tests.Integration.Backend.dll" adapterTypeName="executor://xunit/VsTestRunner2/netcoreapp" className="Tests.Integration.Backend.Controllers.RolesControllerTests" name="PUT_Role_Should_Update_Existing_Role" />
    </UnitTest>
    <UnitTest name="Tests.Integration.Backend.OutputCaching.CachingE2ETests.CompleteCachingWorkflow_ShouldPerformAsExpected" storage="/home/runner/work/crud/crud/test/tests.integration.backend/bin/release/net8.0/tests.integration.backend.dll" id="70e1a820-63f2-9d05-e43e-21258bccb063">
      <Execution id="5993bc35-f217-40d9-b0bd-7af846decae8" />
      <TestMethod codeBase="/home/runner/work/Crud/Crud/test/Tests.Integration.Backend/bin/Release/net8.0/Tests.Integration.Backend.dll" adapterTypeName="executor://xunit/VsTestRunner2/netcoreapp" className="Tests.Integration.Backend.OutputCaching.CachingE2ETests" name="CompleteCachingWorkflow_ShouldPerformAsExpected" />
    </UnitTest>
    <UnitTest name="Tests.Integration.Backend.Controllers.RolesControllerTests.POST_Roles_Should_Return_400_For_Invalid_Data" storage="/home/runner/work/crud/crud/test/tests.integration.backend/bin/release/net8.0/tests.integration.backend.dll" id="3115f456-ece1-1790-9284-157082a1d43c">
      <Execution id="ce2dfa9a-2499-447d-836c-f2bc220c5c8f" />
      <TestMethod codeBase="/home/runner/work/Crud/Crud/test/Tests.Integration.Backend/bin/Release/net8.0/Tests.Integration.Backend.dll" adapterTypeName="executor://xunit/VsTestRunner2/netcoreapp" className="Tests.Integration.Backend.Controllers.RolesControllerTests" name="POST_Roles_Should_Return_400_For_Invalid_Data" />
    </UnitTest>
    <UnitTest name="Tests.Integration.Backend.OutputCaching.CacheInvalidationTests.PostWindow_ShouldInvalidateWindowsCache" storage="/home/runner/work/crud/crud/test/tests.integration.backend/bin/release/net8.0/tests.integration.backend.dll" id="7ef81c0c-3038-9435-7857-ab17f80f7cdb">
      <Execution id="1918c02a-f636-4ee3-a92d-af14efa2cd6b" />
      <TestMethod codeBase="/home/runner/work/Crud/Crud/test/Tests.Integration.Backend/bin/Release/net8.0/Tests.Integration.Backend.dll" adapterTypeName="executor://xunit/VsTestRunner2/netcoreapp" className="Tests.Integration.Backend.OutputCaching.CacheInvalidationTests" name="PostWindow_ShouldInvalidateWindowsCache" />
    </UnitTest>
    <UnitTest name="Tests.Integration.Backend.Controllers.ApiHealthTests.API_Should_Handle_Concurrent_Requests" storage="/home/runner/work/crud/crud/test/tests.integration.backend/bin/release/net8.0/tests.integration.backend.dll" id="e4619fb0-2f02-c154-40bc-f54ee36b9b38">
      <Execution id="0594d936-606e-4f95-b082-03390a6559d5" />
      <TestMethod codeBase="/home/runner/work/Crud/Crud/test/Tests.Integration.Backend/bin/Release/net8.0/Tests.Integration.Backend.dll" adapterTypeName="executor://xunit/VsTestRunner2/netcoreapp" className="Tests.Integration.Backend.Controllers.ApiHealthTests" name="API_Should_Handle_Concurrent_Requests" />
    </UnitTest>
    <UnitTest name="Tests.Integration.Backend.OutputCaching.CachingE2ETests.CrossEntityCaching_ShouldNotInterfere" storage="/home/runner/work/crud/crud/test/tests.integration.backend/bin/release/net8.0/tests.integration.backend.dll" id="28caa8d5-c8a9-c82d-9ea0-c02736f0dfd9">
      <Execution id="41262dd2-9b67-4ae3-9fd3-d98acb6eff11" />
      <TestMethod codeBase="/home/runner/work/Crud/Crud/test/Tests.Integration.Backend/bin/Release/net8.0/Tests.Integration.Backend.dll" adapterTypeName="executor://xunit/VsTestRunner2/netcoreapp" className="Tests.Integration.Backend.OutputCaching.CachingE2ETests" name="CrossEntityCaching_ShouldNotInterfere" />
    </UnitTest>
    <UnitTest name="Tests.Integration.Backend.Controllers.AuthControllerPasswordResetTests.POST_ForgotPassword_WithValidEmail_Should_Return_Success" storage="/home/runner/work/crud/crud/test/tests.integration.backend/bin/release/net8.0/tests.integration.backend.dll" id="20b78283-04d3-fc47-1574-93af6fec32ea">
      <Execution id="3ad37ec9-5664-4a67-abc7-e89d4006466a" />
      <TestMethod codeBase="/home/runner/work/Crud/Crud/test/Tests.Integration.Backend/bin/Release/net8.0/Tests.Integration.Backend.dll" adapterTypeName="executor://xunit/VsTestRunner2/netcoreapp" className="Tests.Integration.Backend.Controllers.AuthControllerPasswordResetTests" name="POST_ForgotPassword_WithValidEmail_Should_Return_Success" />
    </UnitTest>
    <UnitTest name="Tests.Integration.Backend.OutputCaching.OutputCachingConfigurationTests.OutputCaching_ShouldFallbackToMemoryWhenRedisUnavailable" storage="/home/runner/work/crud/crud/test/tests.integration.backend/bin/release/net8.0/tests.integration.backend.dll" id="b7cda526-0758-c938-af92-6a6e25e8efc9">
      <Execution id="464efa6b-1a0e-410c-b0c1-ac5410f3d183" />
      <TestMethod codeBase="/home/runner/work/Crud/Crud/test/Tests.Integration.Backend/bin/Release/net8.0/Tests.Integration.Backend.dll" adapterTypeName="executor://xunit/VsTestRunner2/netcoreapp" className="Tests.Integration.Backend.OutputCaching.OutputCachingConfigurationTests" name="OutputCaching_ShouldFallbackToMemoryWhenRedisUnavailable" />
    </UnitTest>
    <UnitTest name="Tests.Integration.Backend.Controllers.RolesControllerTests.DELETE_Role_Should_Return_204_When_Not_Exists" storage="/home/runner/work/crud/crud/test/tests.integration.backend/bin/release/net8.0/tests.integration.backend.dll" id="79e70e1e-8075-8996-1211-c6d54a3d9ffa">
      <Execution id="25e5722a-c96b-4825-8f8f-56eb899ce695" />
      <TestMethod codeBase="/home/runner/work/Crud/Crud/test/Tests.Integration.Backend/bin/Release/net8.0/Tests.Integration.Backend.dll" adapterTypeName="executor://xunit/VsTestRunner2/netcoreapp" className="Tests.Integration.Backend.Controllers.RolesControllerTests" name="DELETE_Role_Should_Return_204_When_Not_Exists" />
    </UnitTest>
    <UnitTest name="Tests.Integration.Backend.Controllers.ApiHealthTests.API_Should_Handle_CORS_Headers" storage="/home/runner/work/crud/crud/test/tests.integration.backend/bin/release/net8.0/tests.integration.backend.dll" id="e3433c1d-41f7-b660-a894-db56a9b283f4">
      <Execution id="448e43e4-2121-4709-9cf1-6064283a2aff" />
      <TestMethod codeBase="/home/runner/work/Crud/Crud/test/Tests.Integration.Backend/bin/Release/net8.0/Tests.Integration.Backend.dll" adapterTypeName="executor://xunit/VsTestRunner2/netcoreapp" className="Tests.Integration.Backend.Controllers.ApiHealthTests" name="API_Should_Handle_CORS_Headers" />
    </UnitTest>
    <UnitTest name="Tests.Integration.Backend.Compression.ResponseCompressionTests.CompressedResponse_ShouldHaveCompressionHeaders" storage="/home/runner/work/crud/crud/test/tests.integration.backend/bin/release/net8.0/tests.integration.backend.dll" id="a5770765-4612-4372-f1a9-727a017fca24">
      <Execution id="f6348091-760f-4dec-968a-0a918fbaaec5" />
      <TestMethod codeBase="/home/runner/work/Crud/Crud/test/Tests.Integration.Backend/bin/Release/net8.0/Tests.Integration.Backend.dll" adapterTypeName="executor://xunit/VsTestRunner2/netcoreapp" className="Tests.Integration.Backend.Compression.ResponseCompressionTests" name="CompressedResponse_ShouldHaveCompressionHeaders" />
    </UnitTest>
    <UnitTest name="Tests.Integration.Backend.Controllers.AuthControllerTests.POST_Refresh_Should_Return_New_Tokens_For_Valid_RefreshToken" storage="/home/runner/work/crud/crud/test/tests.integration.backend/bin/release/net8.0/tests.integration.backend.dll" id="9ed0881a-ade1-55d1-ff4e-861058b9ed01">
      <Execution id="808354f1-f045-4f19-93cd-e10da6713ed6" />
      <TestMethod codeBase="/home/runner/work/Crud/Crud/test/Tests.Integration.Backend/bin/Release/net8.0/Tests.Integration.Backend.dll" adapterTypeName="executor://xunit/VsTestRunner2/netcoreapp" className="Tests.Integration.Backend.Controllers.AuthControllerTests" name="POST_Refresh_Should_Return_New_Tokens_For_Valid_RefreshToken" />
    </UnitTest>
    <UnitTest name="Tests.Integration.Backend.Controllers.ApiHealthTests.API_Should_Maintain_Data_Consistency_Under_Load" storage="/home/runner/work/crud/crud/test/tests.integration.backend/bin/release/net8.0/tests.integration.backend.dll" id="58d6d3e1-eb4b-146c-6475-5a89377fd38d">
      <Execution id="a3fe1f4a-abbb-4cd5-bf3e-62c09f3451a9" />
      <TestMethod codeBase="/home/runner/work/Crud/Crud/test/Tests.Integration.Backend/bin/Release/net8.0/Tests.Integration.Backend.dll" adapterTypeName="executor://xunit/VsTestRunner2/netcoreapp" className="Tests.Integration.Backend.Controllers.ApiHealthTests" name="API_Should_Maintain_Data_Consistency_Under_Load" />
    </UnitTest>
    <UnitTest name="Tests.Integration.Backend.Controllers.ApiHealthTests.All_Endpoints_Should_Support_Expected_HTTP_Methods(method: &quot;GET&quot;, endpoint: &quot;/api/roles&quot;)" storage="/home/runner/work/crud/crud/test/tests.integration.backend/bin/release/net8.0/tests.integration.backend.dll" id="a607d0ef-948b-6788-8be8-6f42840aa828">
      <Execution id="5ff0aa93-805f-40f3-9b0a-e7ac8311f4e3" />
      <TestMethod codeBase="/home/runner/work/Crud/Crud/test/Tests.Integration.Backend/bin/Release/net8.0/Tests.Integration.Backend.dll" adapterTypeName="executor://xunit/VsTestRunner2/netcoreapp" className="Tests.Integration.Backend.Controllers.ApiHealthTests" name="All_Endpoints_Should_Support_Expected_HTTP_Methods" />
    </UnitTest>
    <UnitTest name="Tests.Integration.Backend.Controllers.WallsControllerTests.POST_Wall_Should_Calculate_And_Store_Complex_Properties" storage="/home/runner/work/crud/crud/test/tests.integration.backend/bin/release/net8.0/tests.integration.backend.dll" id="ab17e4f5-654f-3749-a1be-206a5019e954">
      <Execution id="6c1dbd53-63e5-4644-927f-78757b3ffe4e" />
      <TestMethod codeBase="/home/runner/work/Crud/Crud/test/Tests.Integration.Backend/bin/Release/net8.0/Tests.Integration.Backend.dll" adapterTypeName="executor://xunit/VsTestRunner2/netcoreapp" className="Tests.Integration.Backend.Controllers.WallsControllerTests" name="POST_Wall_Should_Calculate_And_Store_Complex_Properties" />
    </UnitTest>
    <UnitTest name="Tests.Integration.Backend.Controllers.WindowsControllerTests.POST_Windows_Should_Return_400_For_Invalid_Data" storage="/home/runner/work/crud/crud/test/tests.integration.backend/bin/release/net8.0/tests.integration.backend.dll" id="03a14d36-6f95-8492-bfd4-a25fff2f6772">
      <Execution id="33387bee-4954-478e-a292-2c7bc55f34a0" />
      <TestMethod codeBase="/home/runner/work/Crud/Crud/test/Tests.Integration.Backend/bin/Release/net8.0/Tests.Integration.Backend.dll" adapterTypeName="executor://xunit/VsTestRunner2/netcoreapp" className="Tests.Integration.Backend.Controllers.WindowsControllerTests" name="POST_Windows_Should_Return_400_For_Invalid_Data" />
    </UnitTest>
    <UnitTest name="Tests.Integration.Backend.Controllers.WindowsControllerTests.DELETE_Window_Should_Return_204_When_Not_Exists" storage="/home/runner/work/crud/crud/test/tests.integration.backend/bin/release/net8.0/tests.integration.backend.dll" id="5250d740-754a-3ba2-19d9-7b7107d87e03">
      <Execution id="3735ac65-6c91-455f-9b1b-b33bed0b3a33" />
      <TestMethod codeBase="/home/runner/work/Crud/Crud/test/Tests.Integration.Backend/bin/Release/net8.0/Tests.Integration.Backend.dll" adapterTypeName="executor://xunit/VsTestRunner2/netcoreapp" className="Tests.Integration.Backend.Controllers.WindowsControllerTests" name="DELETE_Window_Should_Return_204_When_Not_Exists" />
    </UnitTest>
    <UnitTest name="Tests.Integration.Backend.Controllers.AuthControllerTests.POST_Refresh_Should_Return_Unauthorized_For_Invalid_RefreshToken" storage="/home/runner/work/crud/crud/test/tests.integration.backend/bin/release/net8.0/tests.integration.backend.dll" id="297d158e-047c-5612-bd99-21893c5634e4">
      <Execution id="956bc6c6-643e-40e3-8665-f922d0ec2a16" />
      <TestMethod codeBase="/home/runner/work/Crud/Crud/test/Tests.Integration.Backend/bin/Release/net8.0/Tests.Integration.Backend.dll" adapterTypeName="executor://xunit/VsTestRunner2/netcoreapp" className="Tests.Integration.Backend.Controllers.AuthControllerTests" name="POST_Refresh_Should_Return_Unauthorized_For_Invalid_RefreshToken" />
    </UnitTest>
    <UnitTest name="Tests.Integration.Backend.Controllers.WindowsControllerTests.POST_Windows_Should_Create_Window_And_Return_201" storage="/home/runner/work/crud/crud/test/tests.integration.backend/bin/release/net8.0/tests.integration.backend.dll" id="dfaed238-70c1-ab80-405a-08edfd13c1ba">
      <Execution id="b69c0435-35e2-455d-ae58-0021c35bb5f1" />
      <TestMethod codeBase="/home/runner/work/Crud/Crud/test/Tests.Integration.Backend/bin/Release/net8.0/Tests.Integration.Backend.dll" adapterTypeName="executor://xunit/VsTestRunner2/netcoreapp" className="Tests.Integration.Backend.Controllers.WindowsControllerTests" name="POST_Windows_Should_Create_Window_And_Return_201" />
    </UnitTest>
    <UnitTest name="Tests.Integration.Backend.E2E.AuthenticationE2ETests.Refresh_Token_Rotation_Should_Work" storage="/home/runner/work/crud/crud/test/tests.integration.backend/bin/release/net8.0/tests.integration.backend.dll" id="6ab30ede-2d43-e3c2-d85a-058d5fd2dee1">
      <Execution id="7b2119be-37d4-4b09-8b30-5d1c90bc46c6" />
      <TestMethod codeBase="/home/runner/work/Crud/Crud/test/Tests.Integration.Backend/bin/Release/net8.0/Tests.Integration.Backend.dll" adapterTypeName="executor://xunit/VsTestRunner2/netcoreapp" className="Tests.Integration.Backend.E2E.AuthenticationE2ETests" name="Refresh_Token_Rotation_Should_Work" />
    </UnitTest>
    <UnitTest name="Tests.Integration.Backend.OutputCaching.CacheInvalidationTests.CacheInvalidation_ShouldBeEntitySpecific" storage="/home/runner/work/crud/crud/test/tests.integration.backend/bin/release/net8.0/tests.integration.backend.dll" id="5915cbaf-7ed1-cbfd-2c81-4746833e58cd">
      <Execution id="8469faf2-5c28-4653-a531-87674ae7160b" />
      <TestMethod codeBase="/home/runner/work/Crud/Crud/test/Tests.Integration.Backend/bin/Release/net8.0/Tests.Integration.Backend.dll" adapterTypeName="executor://xunit/VsTestRunner2/netcoreapp" className="Tests.Integration.Backend.OutputCaching.CacheInvalidationTests" name="CacheInvalidation_ShouldBeEntitySpecific" />
    </UnitTest>
    <UnitTest name="Tests.Integration.Backend.OutputCaching.CachingE2ETests.AllCachedEndpoints_ShouldReturnCacheHeaders(endpoint: &quot;/api/walls&quot;)" storage="/home/runner/work/crud/crud/test/tests.integration.backend/bin/release/net8.0/tests.integration.backend.dll" id="4b80b6dd-af6e-92d9-97c9-a8c31eb301db">
      <Execution id="120afcdd-a8db-4541-9e1d-1ec3e195504c" />
      <TestMethod codeBase="/home/runner/work/Crud/Crud/test/Tests.Integration.Backend/bin/Release/net8.0/Tests.Integration.Backend.dll" adapterTypeName="executor://xunit/VsTestRunner2/netcoreapp" className="Tests.Integration.Backend.OutputCaching.CachingE2ETests" name="AllCachedEndpoints_ShouldReturnCacheHeaders" />
    </UnitTest>
    <UnitTest name="Tests.Integration.Backend.Controllers.AuthControllerTests.POST_Register_Should_Return_BadRequest_For_Invalid_Email" storage="/home/runner/work/crud/crud/test/tests.integration.backend/bin/release/net8.0/tests.integration.backend.dll" id="2bf8b19c-cf08-fc4d-1420-d095f4b1337b">
      <Execution id="1f6bc262-4170-4354-ac40-b643baae26f1" />
      <TestMethod codeBase="/home/runner/work/Crud/Crud/test/Tests.Integration.Backend/bin/Release/net8.0/Tests.Integration.Backend.dll" adapterTypeName="executor://xunit/VsTestRunner2/netcoreapp" className="Tests.Integration.Backend.Controllers.AuthControllerTests" name="POST_Register_Should_Return_BadRequest_For_Invalid_Email" />
    </UnitTest>
    <UnitTest name="Tests.Integration.Backend.Controllers.PeopleControllerTests.PUT_People_Should_Return_404_For_NonExistent_Person" storage="/home/runner/work/crud/crud/test/tests.integration.backend/bin/release/net8.0/tests.integration.backend.dll" id="78b405b2-a7b4-22cc-fd25-19657615e9ba">
      <Execution id="f2e06875-d5c5-4b87-a619-f925f12e00e5" />
      <TestMethod codeBase="/home/runner/work/Crud/Crud/test/Tests.Integration.Backend/bin/Release/net8.0/Tests.Integration.Backend.dll" adapterTypeName="executor://xunit/VsTestRunner2/netcoreapp" className="Tests.Integration.Backend.Controllers.PeopleControllerTests" name="PUT_People_Should_Return_404_For_NonExistent_Person" />
    </UnitTest>
    <UnitTest name="Tests.Integration.Backend.Controllers.DatabaseControllerTests.GET_Database_Status_Should_Return_Database_Statistics" storage="/home/runner/work/crud/crud/test/tests.integration.backend/bin/release/net8.0/tests.integration.backend.dll" id="9c4bd49d-31a4-6530-0f02-8fe23a54becf">
      <Execution id="220ef7dc-7453-44e8-ab61-b50e3daba6ff" />
      <TestMethod codeBase="/home/runner/work/Crud/Crud/test/Tests.Integration.Backend/bin/Release/net8.0/Tests.Integration.Backend.dll" adapterTypeName="executor://xunit/VsTestRunner2/netcoreapp" className="Tests.Integration.Backend.Controllers.DatabaseControllerTests" name="GET_Database_Status_Should_Return_Database_Statistics" />
    </UnitTest>
    <UnitTest name="Tests.Integration.Backend.Controllers.WallsControllerTests.GET_Walls_Should_Return_All_Walls" storage="/home/runner/work/crud/crud/test/tests.integration.backend/bin/release/net8.0/tests.integration.backend.dll" id="e9e2b921-0a1d-aae8-34e0-f52557170fc1">
      <Execution id="32dc2dd1-2a71-4397-8c19-bcb5c3f3cea8" />
      <TestMethod codeBase="/home/runner/work/Crud/Crud/test/Tests.Integration.Backend/bin/Release/net8.0/Tests.Integration.Backend.dll" adapterTypeName="executor://xunit/VsTestRunner2/netcoreapp" className="Tests.Integration.Backend.Controllers.WallsControllerTests" name="GET_Walls_Should_Return_All_Walls" />
    </UnitTest>
    <UnitTest name="Tests.Integration.Backend.Controllers.AuthControllerTests.Protected_Endpoint_Should_Return_Unauthorized_Without_Token" storage="/home/runner/work/crud/crud/test/tests.integration.backend/bin/release/net8.0/tests.integration.backend.dll" id="4fb3036c-0d92-3b62-20b9-33331422414d">
      <Execution id="b2bee3c4-095b-4bf5-b669-28889b31b69c" />
      <TestMethod codeBase="/home/runner/work/Crud/Crud/test/Tests.Integration.Backend/bin/Release/net8.0/Tests.Integration.Backend.dll" adapterTypeName="executor://xunit/VsTestRunner2/netcoreapp" className="Tests.Integration.Backend.Controllers.AuthControllerTests" name="Protected_Endpoint_Should_Return_Unauthorized_Without_Token" />
    </UnitTest>
    <UnitTest name="Tests.Integration.Backend.Controllers.ApiHealthTests.API_Should_Handle_Large_Payloads" storage="/home/runner/work/crud/crud/test/tests.integration.backend/bin/release/net8.0/tests.integration.backend.dll" id="aeaaee5e-bc09-54e8-9ec4-6c4cdf3ce87c">
      <Execution id="d3b31463-9d1c-4156-b7e3-f6ae5f2ed08a" />
      <TestMethod codeBase="/home/runner/work/Crud/Crud/test/Tests.Integration.Backend/bin/Release/net8.0/Tests.Integration.Backend.dll" adapterTypeName="executor://xunit/VsTestRunner2/netcoreapp" className="Tests.Integration.Backend.Controllers.ApiHealthTests" name="API_Should_Handle_Large_Payloads" />
    </UnitTest>
    <UnitTest name="Tests.Integration.Backend.OutputCaching.OutputCachingConfigurationTests.OutputCaching_ShouldBeRegisteredInServices" storage="/home/runner/work/crud/crud/test/tests.integration.backend/bin/release/net8.0/tests.integration.backend.dll" id="3aa435ad-a9a4-65ee-4bc9-21f73753b103">
      <Execution id="f3d00757-1d68-4e7c-bbb7-4057d88b6b2e" />
      <TestMethod codeBase="/home/runner/work/Crud/Crud/test/Tests.Integration.Backend/bin/Release/net8.0/Tests.Integration.Backend.dll" adapterTypeName="executor://xunit/VsTestRunner2/netcoreapp" className="Tests.Integration.Backend.OutputCaching.OutputCachingConfigurationTests" name="OutputCaching_ShouldBeRegisteredInServices" />
    </UnitTest>
    <UnitTest name="Tests.Integration.Backend.Controllers.RolesControllerTests.DELETE_Role_Should_Remove_Existing_Role" storage="/home/runner/work/crud/crud/test/tests.integration.backend/bin/release/net8.0/tests.integration.backend.dll" id="58a8f096-af1a-ba52-8cf7-4f27a22072be">
      <Execution id="81368446-b9d4-445b-8c99-78e166791fd3" />
      <TestMethod codeBase="/home/runner/work/Crud/Crud/test/Tests.Integration.Backend/bin/Release/net8.0/Tests.Integration.Backend.dll" adapterTypeName="executor://xunit/VsTestRunner2/netcoreapp" className="Tests.Integration.Backend.Controllers.RolesControllerTests" name="DELETE_Role_Should_Remove_Existing_Role" />
    </UnitTest>
    <UnitTest name="Tests.Integration.Backend.Compression.StaticFileCompressionTests.JsFile_ShouldBeCompressed_WhenClientSupportsGzip" storage="/home/runner/work/crud/crud/test/tests.integration.backend/bin/release/net8.0/tests.integration.backend.dll" id="3b2e3bce-af10-026c-a2ca-d924efcd601d">
      <Execution id="83c61b60-710b-4ff6-ac97-afdfbbd06da7" />
      <TestMethod codeBase="/home/runner/work/Crud/Crud/test/Tests.Integration.Backend/bin/Release/net8.0/Tests.Integration.Backend.dll" adapterTypeName="executor://xunit/VsTestRunner2/netcoreapp" className="Tests.Integration.Backend.Compression.StaticFileCompressionTests" name="JsFile_ShouldBeCompressed_WhenClientSupportsGzip" />
    </UnitTest>
    <UnitTest name="Tests.Integration.Backend.Controllers.AuthControllerPasswordResetTests.POST_ValidateResetToken_WithInvalidToken_Should_Return_Invalid_Status" storage="/home/runner/work/crud/crud/test/tests.integration.backend/bin/release/net8.0/tests.integration.backend.dll" id="67c0dda5-90c3-5662-c072-7db17a34e9f0">
      <Execution id="cb182c72-95d4-426b-b88d-a35d2dd3a0b3" />
      <TestMethod codeBase="/home/runner/work/Crud/Crud/test/Tests.Integration.Backend/bin/Release/net8.0/Tests.Integration.Backend.dll" adapterTypeName="executor://xunit/VsTestRunner2/netcoreapp" className="Tests.Integration.Backend.Controllers.AuthControllerPasswordResetTests" name="POST_ValidateResetToken_WithInvalidToken_Should_Return_Invalid_Status" />
    </UnitTest>
    <UnitTest name="Tests.Integration.Backend.OutputCaching.OutputCachingTests.GetWindows_ShouldReturnConsistentResponses" storage="/home/runner/work/crud/crud/test/tests.integration.backend/bin/release/net8.0/tests.integration.backend.dll" id="53a7b40c-019b-3989-42c2-31ec0027eed1">
      <Execution id="0f239509-0c41-4f6e-8afb-7f18aa8a0374" />
      <TestMethod codeBase="/home/runner/work/Crud/Crud/test/Tests.Integration.Backend/bin/Release/net8.0/Tests.Integration.Backend.dll" adapterTypeName="executor://xunit/VsTestRunner2/netcoreapp" className="Tests.Integration.Backend.OutputCaching.OutputCachingTests" name="GetWindows_ShouldReturnConsistentResponses" />
    </UnitTest>
    <UnitTest name="Tests.Integration.Backend.Controllers.PeopleControllerTests.GET_People_By_Id_Should_Return_Specific_Person" storage="/home/runner/work/crud/crud/test/tests.integration.backend/bin/release/net8.0/tests.integration.backend.dll" id="cc1dc38d-e485-bd07-2880-7ffdde1c97ec">
      <Execution id="5345577c-84d6-4d30-a18b-e4c3c388ecef" />
      <TestMethod codeBase="/home/runner/work/Crud/Crud/test/Tests.Integration.Backend/bin/Release/net8.0/Tests.Integration.Backend.dll" adapterTypeName="executor://xunit/VsTestRunner2/netcoreapp" className="Tests.Integration.Backend.Controllers.PeopleControllerTests" name="GET_People_By_Id_Should_Return_Specific_Person" />
    </UnitTest>
    <UnitTest name="Tests.Integration.Backend.Compression.ResponseCompressionTests.ApiResponse_ShouldBeCompressed_WhenClientSupportsGzip" storage="/home/runner/work/crud/crud/test/tests.integration.backend/bin/release/net8.0/tests.integration.backend.dll" id="abfa73e9-0257-16cb-29aa-f2c99faf213f">
      <Execution id="60136319-8266-412a-9a2e-f212d1d03d6f" />
      <TestMethod codeBase="/home/runner/work/Crud/Crud/test/Tests.Integration.Backend/bin/Release/net8.0/Tests.Integration.Backend.dll" adapterTypeName="executor://xunit/VsTestRunner2/netcoreapp" className="Tests.Integration.Backend.Compression.ResponseCompressionTests" name="ApiResponse_ShouldBeCompressed_WhenClientSupportsGzip" />
    </UnitTest>
    <UnitTest name="Tests.Integration.Backend.Controllers.RolesControllerTests.GET_Role_By_Id_Should_Return_Role_When_Exists" storage="/home/runner/work/crud/crud/test/tests.integration.backend/bin/release/net8.0/tests.integration.backend.dll" id="9805b897-cbb6-397d-b557-62afcb8b9211">
      <Execution id="bfa1c456-5be9-4eab-8838-62f38e9f2e55" />
      <TestMethod codeBase="/home/runner/work/Crud/Crud/test/Tests.Integration.Backend/bin/Release/net8.0/Tests.Integration.Backend.dll" adapterTypeName="executor://xunit/VsTestRunner2/netcoreapp" className="Tests.Integration.Backend.Controllers.RolesControllerTests" name="GET_Role_By_Id_Should_Return_Role_When_Exists" />
    </UnitTest>
    <UnitTest name="Tests.Integration.Backend.E2E.AuthenticationE2ETests.Concurrent_Requests_Should_Be_Handled_Properly" storage="/home/runner/work/crud/crud/test/tests.integration.backend/bin/release/net8.0/tests.integration.backend.dll" id="e883dfad-5803-12bb-5b1f-de2527fafd69">
      <Execution id="5edae618-4686-44d0-86f9-6d22a345e3d0" />
      <TestMethod codeBase="/home/runner/work/Crud/Crud/test/Tests.Integration.Backend/bin/Release/net8.0/Tests.Integration.Backend.dll" adapterTypeName="executor://xunit/VsTestRunner2/netcoreapp" className="Tests.Integration.Backend.E2E.AuthenticationE2ETests" name="Concurrent_Requests_Should_Be_Handled_Properly" />
    </UnitTest>
    <UnitTest name="Tests.Integration.Backend.OutputCaching.OutputCachingTests.GetWalls_ShouldReturnConsistentResponses" storage="/home/runner/work/crud/crud/test/tests.integration.backend/bin/release/net8.0/tests.integration.backend.dll" id="f48af067-4eb4-5a80-a058-995d81b9c49e">
      <Execution id="d9c89da3-1d4c-4f07-b709-4893a3924128" />
      <TestMethod codeBase="/home/runner/work/Crud/Crud/test/Tests.Integration.Backend/bin/Release/net8.0/Tests.Integration.Backend.dll" adapterTypeName="executor://xunit/VsTestRunner2/netcoreapp" className="Tests.Integration.Backend.OutputCaching.OutputCachingTests" name="GetWalls_ShouldReturnConsistentResponses" />
    </UnitTest>
    <UnitTest name="Tests.Integration.Backend.OutputCaching.CachingE2ETests.AllCachedEndpoints_ShouldReturnCacheHeaders(endpoint: &quot;/api/people&quot;)" storage="/home/runner/work/crud/crud/test/tests.integration.backend/bin/release/net8.0/tests.integration.backend.dll" id="74c46e58-3df7-a0cc-53b5-5247c5480908">
      <Execution id="2909f60a-634c-4dc3-87cd-22a66cd06ea4" />
      <TestMethod codeBase="/home/runner/work/Crud/Crud/test/Tests.Integration.Backend/bin/Release/net8.0/Tests.Integration.Backend.dll" adapterTypeName="executor://xunit/VsTestRunner2/netcoreapp" className="Tests.Integration.Backend.OutputCaching.CachingE2ETests" name="AllCachedEndpoints_ShouldReturnCacheHeaders" />
    </UnitTest>
    <UnitTest name="Tests.Integration.Backend.Controllers.WallsControllerTests.DELETE_Wall_Should_Remove_Existing_Wall" storage="/home/runner/work/crud/crud/test/tests.integration.backend/bin/release/net8.0/tests.integration.backend.dll" id="a509d6b0-b691-0a3b-74c8-b5408578a6d5">
      <Execution id="2ce2629e-5819-455c-b784-e669bddbd803" />
      <TestMethod codeBase="/home/runner/work/Crud/Crud/test/Tests.Integration.Backend/bin/Release/net8.0/Tests.Integration.Backend.dll" adapterTypeName="executor://xunit/VsTestRunner2/netcoreapp" className="Tests.Integration.Backend.Controllers.WallsControllerTests" name="DELETE_Wall_Should_Remove_Existing_Wall" />
    </UnitTest>
    <UnitTest name="Tests.Integration.Backend.E2E.AuthenticationE2ETests.Role_Based_Access_Should_Work" storage="/home/runner/work/crud/crud/test/tests.integration.backend/bin/release/net8.0/tests.integration.backend.dll" id="927ecc12-27fc-afb1-a7a2-a42476361110">
      <Execution id="535b4f78-1995-4500-9f6c-46217da60095" />
      <TestMethod codeBase="/home/runner/work/Crud/Crud/test/Tests.Integration.Backend/bin/Release/net8.0/Tests.Integration.Backend.dll" adapterTypeName="executor://xunit/VsTestRunner2/netcoreapp" className="Tests.Integration.Backend.E2E.AuthenticationE2ETests" name="Role_Based_Access_Should_Work" />
    </UnitTest>
    <UnitTest name="Tests.Integration.Backend.Controllers.DatabaseControllerTests.POST_Database_Seed_Should_Seed_Database_Successfully" storage="/home/runner/work/crud/crud/test/tests.integration.backend/bin/release/net8.0/tests.integration.backend.dll" id="f05cedeb-e83b-1e7e-3928-23724172eea5">
      <Execution id="788a6085-b286-4204-8083-71242b701bce" />
      <TestMethod codeBase="/home/runner/work/Crud/Crud/test/Tests.Integration.Backend/bin/Release/net8.0/Tests.Integration.Backend.dll" adapterTypeName="executor://xunit/VsTestRunner2/netcoreapp" className="Tests.Integration.Backend.Controllers.DatabaseControllerTests" name="POST_Database_Seed_Should_Seed_Database_Successfully" />
    </UnitTest>
    <UnitTest name="Tests.Integration.Backend.Controllers.PeopleControllerTests.GET_People_By_Id_Should_Return_404_For_NonExistent_Person" storage="/home/runner/work/crud/crud/test/tests.integration.backend/bin/release/net8.0/tests.integration.backend.dll" id="4e4996c7-f4bf-6a3f-b2c5-de38dd6676bb">
      <Execution id="d5f368d8-fdc7-4bf0-8f66-f8d4acf9b3e3" />
      <TestMethod codeBase="/home/runner/work/Crud/Crud/test/Tests.Integration.Backend/bin/Release/net8.0/Tests.Integration.Backend.dll" adapterTypeName="executor://xunit/VsTestRunner2/netcoreapp" className="Tests.Integration.Backend.Controllers.PeopleControllerTests" name="GET_People_By_Id_Should_Return_404_For_NonExistent_Person" />
    </UnitTest>
    <UnitTest name="Tests.Integration.Backend.OutputCaching.CachingE2ETests.AllCachedEndpoints_ShouldReturnCacheHeaders(endpoint: &quot;/api/roles&quot;)" storage="/home/runner/work/crud/crud/test/tests.integration.backend/bin/release/net8.0/tests.integration.backend.dll" id="6701ad16-b836-ee76-0566-4e5adb91c861">
      <Execution id="e3d9583f-52fd-49e5-931f-7db441e0e06a" />
      <TestMethod codeBase="/home/runner/work/Crud/Crud/test/Tests.Integration.Backend/bin/Release/net8.0/Tests.Integration.Backend.dll" adapterTypeName="executor://xunit/VsTestRunner2/netcoreapp" className="Tests.Integration.Backend.OutputCaching.CachingE2ETests" name="AllCachedEndpoints_ShouldReturnCacheHeaders" />
    </UnitTest>
    <UnitTest name="Tests.Integration.Backend.Compression.StaticFileCompressionTests.CssFile_ShouldBeCompressed_WhenClientSupportsGzip" storage="/home/runner/work/crud/crud/test/tests.integration.backend/bin/release/net8.0/tests.integration.backend.dll" id="78d2062e-7c45-d260-f795-f1b53c418237">
      <Execution id="ff5d1490-99f0-4c43-80cd-37e07f26a44d" />
      <TestMethod codeBase="/home/runner/work/Crud/Crud/test/Tests.Integration.Backend/bin/Release/net8.0/Tests.Integration.Backend.dll" adapterTypeName="executor://xunit/VsTestRunner2/netcoreapp" className="Tests.Integration.Backend.Compression.StaticFileCompressionTests" name="CssFile_ShouldBeCompressed_WhenClientSupportsGzip" />
    </UnitTest>
    <UnitTest name="Tests.Integration.Backend.Controllers.PeopleControllerTests.GET_People_Should_Return_401_Without_Authentication" storage="/home/runner/work/crud/crud/test/tests.integration.backend/bin/release/net8.0/tests.integration.backend.dll" id="a6bb128b-1161-cbb2-5ff4-da08f9a71fbf">
      <Execution id="9d73056d-889e-4792-a766-af2485692821" />
      <TestMethod codeBase="/home/runner/work/Crud/Crud/test/Tests.Integration.Backend/bin/Release/net8.0/Tests.Integration.Backend.dll" adapterTypeName="executor://xunit/VsTestRunner2/netcoreapp" className="Tests.Integration.Backend.Controllers.PeopleControllerTests" name="GET_People_Should_Return_401_Without_Authentication" />
    </UnitTest>
    <UnitTest name="Tests.Integration.Backend.Controllers.AuthControllerTests.POST_Logout_Should_Revoke_RefreshToken" storage="/home/runner/work/crud/crud/test/tests.integration.backend/bin/release/net8.0/tests.integration.backend.dll" id="d4d4848b-8d11-cc53-4c2f-7b3836864b98">
      <Execution id="9e0fa978-2c20-4da1-bbfa-0b1cb46d997a" />
      <TestMethod codeBase="/home/runner/work/Crud/Crud/test/Tests.Integration.Backend/bin/Release/net8.0/Tests.Integration.Backend.dll" adapterTypeName="executor://xunit/VsTestRunner2/netcoreapp" className="Tests.Integration.Backend.Controllers.AuthControllerTests" name="POST_Logout_Should_Revoke_RefreshToken" />
    </UnitTest>
    <UnitTest name="Tests.Integration.Backend.Controllers.WindowsControllerTests.PUT_Window_Should_Return_404_When_Not_Exists" storage="/home/runner/work/crud/crud/test/tests.integration.backend/bin/release/net8.0/tests.integration.backend.dll" id="41b359b4-fccb-bafc-c2ca-d65a5df61c20">
      <Execution id="9d4188f3-8870-4160-8ece-f14b014f4ec8" />
      <TestMethod codeBase="/home/runner/work/Crud/Crud/test/Tests.Integration.Backend/bin/Release/net8.0/Tests.Integration.Backend.dll" adapterTypeName="executor://xunit/VsTestRunner2/netcoreapp" className="Tests.Integration.Backend.Controllers.WindowsControllerTests" name="PUT_Window_Should_Return_404_When_Not_Exists" />
    </UnitTest>
    <UnitTest name="Tests.Integration.Backend.Controllers.AuthControllerTests.POST_Login_Should_Return_Tokens_For_Valid_Credentials" storage="/home/runner/work/crud/crud/test/tests.integration.backend/bin/release/net8.0/tests.integration.backend.dll" id="53592f08-0da7-0cd5-09c9-a1ba0d87949c">
      <Execution id="463be0a6-c2c9-4707-b005-5a0ccb33f727" />
      <TestMethod codeBase="/home/runner/work/Crud/Crud/test/Tests.Integration.Backend/bin/Release/net8.0/Tests.Integration.Backend.dll" adapterTypeName="executor://xunit/VsTestRunner2/netcoreapp" className="Tests.Integration.Backend.Controllers.AuthControllerTests" name="POST_Login_Should_Return_Tokens_For_Valid_Credentials" />
    </UnitTest>
    <UnitTest name="Tests.Integration.Backend.E2E.AuthenticationE2ETests.Complete_Authentication_Flow_Should_Work_End_To_End" storage="/home/runner/work/crud/crud/test/tests.integration.backend/bin/release/net8.0/tests.integration.backend.dll" id="46cfbc2c-72c5-516f-bca0-390b42b51d43">
      <Execution id="0ae4b4c9-2ba3-42f4-8783-3df26aef9729" />
      <TestMethod codeBase="/home/runner/work/Crud/Crud/test/Tests.Integration.Backend/bin/Release/net8.0/Tests.Integration.Backend.dll" adapterTypeName="executor://xunit/VsTestRunner2/netcoreapp" className="Tests.Integration.Backend.E2E.AuthenticationE2ETests" name="Complete_Authentication_Flow_Should_Work_End_To_End" />
    </UnitTest>
    <UnitTest name="Tests.Integration.Backend.Controllers.ApiHealthTests.API_Should_Handle_Invalid_HTTP_Methods" storage="/home/runner/work/crud/crud/test/tests.integration.backend/bin/release/net8.0/tests.integration.backend.dll" id="47dc67ee-ce10-2cea-0c24-ab118e917beb">
      <Execution id="2ae1f16d-b95d-459c-b81a-b8b7aada4baa" />
      <TestMethod codeBase="/home/runner/work/Crud/Crud/test/Tests.Integration.Backend/bin/Release/net8.0/Tests.Integration.Backend.dll" adapterTypeName="executor://xunit/VsTestRunner2/netcoreapp" className="Tests.Integration.Backend.Controllers.ApiHealthTests" name="API_Should_Handle_Invalid_HTTP_Methods" />
    </UnitTest>
    <UnitTest name="Tests.Integration.Backend.Controllers.WindowsControllerTests.GET_Window_By_Id_Should_Return_Window_When_Exists" storage="/home/runner/work/crud/crud/test/tests.integration.backend/bin/release/net8.0/tests.integration.backend.dll" id="fd587af6-8ac9-79bb-4579-c4177d8d0828">
      <Execution id="ddfb3a7f-1d0c-4d8e-aedd-93439148bc07" />
      <TestMethod codeBase="/home/runner/work/Crud/Crud/test/Tests.Integration.Backend/bin/Release/net8.0/Tests.Integration.Backend.dll" adapterTypeName="executor://xunit/VsTestRunner2/netcoreapp" className="Tests.Integration.Backend.Controllers.WindowsControllerTests" name="GET_Window_By_Id_Should_Return_Window_When_Exists" />
    </UnitTest>
    <UnitTest name="Tests.Integration.Backend.Controllers.AuthControllerPasswordResetTests.POST_ResetPassword_WithWeakPassword_Should_Return_Error" storage="/home/runner/work/crud/crud/test/tests.integration.backend/bin/release/net8.0/tests.integration.backend.dll" id="7810a33a-ed10-21b4-237d-f07ca1a37883">
      <Execution id="fe589131-e994-4ff9-b6ef-bddc335627f1" />
      <TestMethod codeBase="/home/runner/work/Crud/Crud/test/Tests.Integration.Backend/bin/Release/net8.0/Tests.Integration.Backend.dll" adapterTypeName="executor://xunit/VsTestRunner2/netcoreapp" className="Tests.Integration.Backend.Controllers.AuthControllerPasswordResetTests" name="POST_ResetPassword_WithWeakPassword_Should_Return_Error" />
    </UnitTest>
    <UnitTest name="Tests.Integration.Backend.Controllers.WallsControllerTests.Walls_Should_Persist_Timestamps_Correctly" storage="/home/runner/work/crud/crud/test/tests.integration.backend/bin/release/net8.0/tests.integration.backend.dll" id="a4e7fe1d-8462-8e20-a217-708cdc9d8f6a">
      <Execution id="e14ea6f3-9b1a-466f-b447-cbabd915b4de" />
      <TestMethod codeBase="/home/runner/work/Crud/Crud/test/Tests.Integration.Backend/bin/Release/net8.0/Tests.Integration.Backend.dll" adapterTypeName="executor://xunit/VsTestRunner2/netcoreapp" className="Tests.Integration.Backend.Controllers.WallsControllerTests" name="Walls_Should_Persist_Timestamps_Correctly" />
    </UnitTest>
    <UnitTest name="Tests.Integration.Backend.OutputCaching.CacheInvalidationTests.PostPerson_ShouldInvalidateListCache" storage="/home/runner/work/crud/crud/test/tests.integration.backend/bin/release/net8.0/tests.integration.backend.dll" id="1a8b33fa-e8e7-c5c8-b527-0b5fd94498f4">
      <Execution id="4e6e3212-9c18-4689-b40e-2387af40720a" />
      <TestMethod codeBase="/home/runner/work/Crud/Crud/test/Tests.Integration.Backend/bin/Release/net8.0/Tests.Integration.Backend.dll" adapterTypeName="executor://xunit/VsTestRunner2/netcoreapp" className="Tests.Integration.Backend.OutputCaching.CacheInvalidationTests" name="PostPerson_ShouldInvalidateListCache" />
    </UnitTest>
    <UnitTest name="Tests.Integration.Backend.Controllers.WindowsControllerTests.Windows_Should_Persist_Energy_Efficiency_Data" storage="/home/runner/work/crud/crud/test/tests.integration.backend/bin/release/net8.0/tests.integration.backend.dll" id="5d6d527c-ff6b-65d9-2afb-cc1214f1f646">
      <Execution id="5d8ea06e-86a2-45c0-8746-4614b46a9914" />
      <TestMethod codeBase="/home/runner/work/Crud/Crud/test/Tests.Integration.Backend/bin/Release/net8.0/Tests.Integration.Backend.dll" adapterTypeName="executor://xunit/VsTestRunner2/netcoreapp" className="Tests.Integration.Backend.Controllers.WindowsControllerTests" name="Windows_Should_Persist_Energy_Efficiency_Data" />
    </UnitTest>
    <UnitTest name="Tests.Integration.Backend.Controllers.WindowsControllerTests.GET_Window_By_Id_Should_Return_404_When_Not_Exists" storage="/home/runner/work/crud/crud/test/tests.integration.backend/bin/release/net8.0/tests.integration.backend.dll" id="494ff55a-87c7-5f37-d44c-a6dbdeeb90c7">
      <Execution id="2d4f212b-d014-4c87-ac48-0be24fba6c85" />
      <TestMethod codeBase="/home/runner/work/Crud/Crud/test/Tests.Integration.Backend/bin/Release/net8.0/Tests.Integration.Backend.dll" adapterTypeName="executor://xunit/VsTestRunner2/netcoreapp" className="Tests.Integration.Backend.Controllers.WindowsControllerTests" name="GET_Window_By_Id_Should_Return_404_When_Not_Exists" />
    </UnitTest>
    <UnitTest name="Tests.Integration.Backend.Controllers.RolesControllerTests.POST_Roles_Should_Create_Role_And_Return_201" storage="/home/runner/work/crud/crud/test/tests.integration.backend/bin/release/net8.0/tests.integration.backend.dll" id="dc3d8a1b-91eb-4926-ce54-153010e68cad">
      <Execution id="52109f23-93c1-4059-ae07-06949f3dabc7" />
      <TestMethod codeBase="/home/runner/work/Crud/Crud/test/Tests.Integration.Backend/bin/Release/net8.0/Tests.Integration.Backend.dll" adapterTypeName="executor://xunit/VsTestRunner2/netcoreapp" className="Tests.Integration.Backend.Controllers.RolesControllerTests" name="POST_Roles_Should_Create_Role_And_Return_201" />
    </UnitTest>
    <UnitTest name="Tests.Integration.Backend.Controllers.WallsControllerTests.DELETE_Wall_Should_Return_204_When_Not_Exists" storage="/home/runner/work/crud/crud/test/tests.integration.backend/bin/release/net8.0/tests.integration.backend.dll" id="dc62b2c0-66b3-fee4-dcd7-e086c4c46187">
      <Execution id="6b5050c8-efe0-4c6e-be46-c985ef465a73" />
      <TestMethod codeBase="/home/runner/work/Crud/Crud/test/Tests.Integration.Backend/bin/Release/net8.0/Tests.Integration.Backend.dll" adapterTypeName="executor://xunit/VsTestRunner2/netcoreapp" className="Tests.Integration.Backend.Controllers.WallsControllerTests" name="DELETE_Wall_Should_Return_204_When_Not_Exists" />
    </UnitTest>
    <UnitTest name="Tests.Integration.Backend.Compression.ResponseCompressionTests.ApiResponse_ShouldBeCompressed_WhenClientSupportsBrotli" storage="/home/runner/work/crud/crud/test/tests.integration.backend/bin/release/net8.0/tests.integration.backend.dll" id="8feb6ba1-0aea-ccd4-705a-a363165ab119">
      <Execution id="cc24309c-b03a-46ff-859d-5d0cbe6bcabf" />
      <TestMethod codeBase="/home/runner/work/Crud/Crud/test/Tests.Integration.Backend/bin/Release/net8.0/Tests.Integration.Backend.dll" adapterTypeName="executor://xunit/VsTestRunner2/netcoreapp" className="Tests.Integration.Backend.Compression.ResponseCompressionTests" name="ApiResponse_ShouldBeCompressed_WhenClientSupportsBrotli" />
    </UnitTest>
    <UnitTest name="Tests.Integration.Backend.Controllers.ApiHealthTests.API_Should_Return_JSON_Content_Type" storage="/home/runner/work/crud/crud/test/tests.integration.backend/bin/release/net8.0/tests.integration.backend.dll" id="96921323-114c-162a-b25a-d2db1a76a43f">
      <Execution id="8f3f688b-e5c2-44fb-a5a6-463d133b5f0f" />
      <TestMethod codeBase="/home/runner/work/Crud/Crud/test/Tests.Integration.Backend/bin/Release/net8.0/Tests.Integration.Backend.dll" adapterTypeName="executor://xunit/VsTestRunner2/netcoreapp" className="Tests.Integration.Backend.Controllers.ApiHealthTests" name="API_Should_Return_JSON_Content_Type" />
    </UnitTest>
    <UnitTest name="Tests.Integration.Backend.Controllers.AuthControllerTests.Protected_Endpoint_Should_Return_OK_With_Valid_Token" storage="/home/runner/work/crud/crud/test/tests.integration.backend/bin/release/net8.0/tests.integration.backend.dll" id="bc66b42a-da4a-96c7-2103-52f52cf67ffd">
      <Execution id="8a799def-2447-4fd8-bfb0-ea98457af573" />
      <TestMethod codeBase="/home/runner/work/Crud/Crud/test/Tests.Integration.Backend/bin/Release/net8.0/Tests.Integration.Backend.dll" adapterTypeName="executor://xunit/VsTestRunner2/netcoreapp" className="Tests.Integration.Backend.Controllers.AuthControllerTests" name="Protected_Endpoint_Should_Return_OK_With_Valid_Token" />
    </UnitTest>
    <UnitTest name="Tests.Integration.Backend.Compression.StaticFileCompressionTests.CompressedStaticFiles_ShouldHaveVaryHeader" storage="/home/runner/work/crud/crud/test/tests.integration.backend/bin/release/net8.0/tests.integration.backend.dll" id="dd89f673-671f-182c-819f-0c99c5f63d13">
      <Execution id="4060b408-d560-4936-ad75-048b6a8807f4" />
      <TestMethod codeBase="/home/runner/work/Crud/Crud/test/Tests.Integration.Backend/bin/Release/net8.0/Tests.Integration.Backend.dll" adapterTypeName="executor://xunit/VsTestRunner2/netcoreapp" className="Tests.Integration.Backend.Compression.StaticFileCompressionTests" name="CompressedStaticFiles_ShouldHaveVaryHeader" />
    </UnitTest>
    <UnitTest name="Tests.Integration.Backend.OutputCaching.ConditionalRequestTests.GetRequest_WithIfModifiedSince_ShouldReturn304_WhenNotModified" storage="/home/runner/work/crud/crud/test/tests.integration.backend/bin/release/net8.0/tests.integration.backend.dll" id="97379147-d8b9-39e9-e5ac-c96169fc4948">
      <Execution id="076286a5-18d7-4654-92fa-0f19196e18ce" />
      <TestMethod codeBase="/home/runner/work/Crud/Crud/test/Tests.Integration.Backend/bin/Release/net8.0/Tests.Integration.Backend.dll" adapterTypeName="executor://xunit/VsTestRunner2/netcoreapp" className="Tests.Integration.Backend.OutputCaching.ConditionalRequestTests" name="GetRequest_WithIfModifiedSince_ShouldReturn304_WhenNotModified" />
    </UnitTest>
    <UnitTest name="Tests.Integration.Backend.Controllers.ApiHealthTests.All_Controllers_Should_Be_Accessible(endpoint: &quot;/api/people&quot;)" storage="/home/runner/work/crud/crud/test/tests.integration.backend/bin/release/net8.0/tests.integration.backend.dll" id="06054800-c7da-a693-e1d3-d81d35d825c2">
      <Execution id="f9938a85-6f69-4223-923a-f9824f64a739" />
      <TestMethod codeBase="/home/runner/work/Crud/Crud/test/Tests.Integration.Backend/bin/Release/net8.0/Tests.Integration.Backend.dll" adapterTypeName="executor://xunit/VsTestRunner2/netcoreapp" className="Tests.Integration.Backend.Controllers.ApiHealthTests" name="All_Controllers_Should_Be_Accessible" />
    </UnitTest>
    <UnitTest name="Tests.Integration.Backend.Controllers.RolesControllerTests.Roles_Should_Persist_Across_Requests" storage="/home/runner/work/crud/crud/test/tests.integration.backend/bin/release/net8.0/tests.integration.backend.dll" id="4fd1e2d8-0d90-8547-c5f7-6f4689c0269c">
      <Execution id="90192cd0-290e-4279-9fe1-a27495090e6f" />
      <TestMethod codeBase="/home/runner/work/Crud/Crud/test/Tests.Integration.Backend/bin/Release/net8.0/Tests.Integration.Backend.dll" adapterTypeName="executor://xunit/VsTestRunner2/netcoreapp" className="Tests.Integration.Backend.Controllers.RolesControllerTests" name="Roles_Should_Persist_Across_Requests" />
    </UnitTest>
    <UnitTest name="Tests.Integration.Backend.Controllers.ApiHealthTests.API_Should_Handle_Malformed_JSON" storage="/home/runner/work/crud/crud/test/tests.integration.backend/bin/release/net8.0/tests.integration.backend.dll" id="9fb85c0b-c781-4485-f6e0-88690963221a">
      <Execution id="be29e7a3-9b1d-4f03-9a60-35b92296321a" />
      <TestMethod codeBase="/home/runner/work/Crud/Crud/test/Tests.Integration.Backend/bin/Release/net8.0/Tests.Integration.Backend.dll" adapterTypeName="executor://xunit/VsTestRunner2/netcoreapp" className="Tests.Integration.Backend.Controllers.ApiHealthTests" name="API_Should_Handle_Malformed_JSON" />
    </UnitTest>
    <UnitTest name="Tests.Integration.Backend.Controllers.ApiHealthTests.All_Endpoints_Should_Support_Expected_HTTP_Methods(method: &quot;GET&quot;, endpoint: &quot;/api/windows&quot;)" storage="/home/runner/work/crud/crud/test/tests.integration.backend/bin/release/net8.0/tests.integration.backend.dll" id="aaddc149-d8b9-e302-ef68-034ece67c17b">
      <Execution id="afa64178-8a7b-47a0-83c1-42bbfbe15378" />
      <TestMethod codeBase="/home/runner/work/Crud/Crud/test/Tests.Integration.Backend/bin/Release/net8.0/Tests.Integration.Backend.dll" adapterTypeName="executor://xunit/VsTestRunner2/netcoreapp" className="Tests.Integration.Backend.Controllers.ApiHealthTests" name="All_Endpoints_Should_Support_Expected_HTTP_Methods" />
    </UnitTest>
    <UnitTest name="Tests.Integration.Backend.OutputCaching.OutputCachingConfigurationTests.OutputCaching_ShouldHaveNamedPolicies" storage="/home/runner/work/crud/crud/test/tests.integration.backend/bin/release/net8.0/tests.integration.backend.dll" id="02f305ed-30cd-4399-cb1c-75d62f144801">
      <Execution id="5977db84-cda0-4a1a-a57a-086b4bcec218" />
      <TestMethod codeBase="/home/runner/work/Crud/Crud/test/Tests.Integration.Backend/bin/Release/net8.0/Tests.Integration.Backend.dll" adapterTypeName="executor://xunit/VsTestRunner2/netcoreapp" className="Tests.Integration.Backend.OutputCaching.OutputCachingConfigurationTests" name="OutputCaching_ShouldHaveNamedPolicies" />
    </UnitTest>
    <UnitTest name="Tests.Integration.Backend.Controllers.AuthControllerTests.POST_Register_Should_Create_User_And_Return_Tokens" storage="/home/runner/work/crud/crud/test/tests.integration.backend/bin/release/net8.0/tests.integration.backend.dll" id="17dbb37c-0ae3-4711-733a-8ec5b81611d9">
      <Execution id="840d1884-74ef-4740-92c7-0adb0ac39d9f" />
      <TestMethod codeBase="/home/runner/work/Crud/Crud/test/Tests.Integration.Backend/bin/Release/net8.0/Tests.Integration.Backend.dll" adapterTypeName="executor://xunit/VsTestRunner2/netcoreapp" className="Tests.Integration.Backend.Controllers.AuthControllerTests" name="POST_Register_Should_Create_User_And_Return_Tokens" />
    </UnitTest>
    <UnitTest name="Tests.Integration.Backend.Compression.StaticFileCompressionTests.StaticFiles_ShouldHaveCorrectContentTypes" storage="/home/runner/work/crud/crud/test/tests.integration.backend/bin/release/net8.0/tests.integration.backend.dll" id="fce1fb25-ab7d-1dd5-5d83-ba39255b0e9a">
      <Execution id="41315393-38b0-43d4-b74b-bb246ee4a82e" />
      <TestMethod codeBase="/home/runner/work/Crud/Crud/test/Tests.Integration.Backend/bin/Release/net8.0/Tests.Integration.Backend.dll" adapterTypeName="executor://xunit/VsTestRunner2/netcoreapp" className="Tests.Integration.Backend.Compression.StaticFileCompressionTests" name="StaticFiles_ShouldHaveCorrectContentTypes" />
    </UnitTest>
    <UnitTest name="Tests.Integration.Backend.OutputCaching.CachingE2ETests.CacheInvalidation_ShouldWorkAcrossEntities" storage="/home/runner/work/crud/crud/test/tests.integration.backend/bin/release/net8.0/tests.integration.backend.dll" id="19212179-02a1-0bfe-fef4-7e3682270e04">
      <Execution id="7f90bf60-1712-4d77-95bf-e8e8ef2da971" />
      <TestMethod codeBase="/home/runner/work/Crud/Crud/test/Tests.Integration.Backend/bin/Release/net8.0/Tests.Integration.Backend.dll" adapterTypeName="executor://xunit/VsTestRunner2/netcoreapp" className="Tests.Integration.Backend.OutputCaching.CachingE2ETests" name="CacheInvalidation_ShouldWorkAcrossEntities" />
    </UnitTest>
    <UnitTest name="Tests.Integration.Backend.Controllers.ApiHealthTests.All_Endpoints_Should_Support_Expected_HTTP_Methods(method: &quot;POST&quot;, endpoint: &quot;/api/windows&quot;)" storage="/home/runner/work/crud/crud/test/tests.integration.backend/bin/release/net8.0/tests.integration.backend.dll" id="1089b26f-11d1-1b14-2fb8-2326613cba50">
      <Execution id="11666865-f221-4cee-96d2-ab23e71546f6" />
      <TestMethod codeBase="/home/runner/work/Crud/Crud/test/Tests.Integration.Backend/bin/Release/net8.0/Tests.Integration.Backend.dll" adapterTypeName="executor://xunit/VsTestRunner2/netcoreapp" className="Tests.Integration.Backend.Controllers.ApiHealthTests" name="All_Endpoints_Should_Support_Expected_HTTP_Methods" />
    </UnitTest>
    <UnitTest name="Tests.Integration.Backend.OutputCaching.CachingE2ETests.AllCachedEndpoints_ShouldReturnCacheHeaders(endpoint: &quot;/api/windows&quot;)" storage="/home/runner/work/crud/crud/test/tests.integration.backend/bin/release/net8.0/tests.integration.backend.dll" id="585749df-18b6-91ed-3a17-d18e3a118780">
      <Execution id="a6dbc380-e7d7-489b-b61f-470299b54864" />
      <TestMethod codeBase="/home/runner/work/Crud/Crud/test/Tests.Integration.Backend/bin/Release/net8.0/Tests.Integration.Backend.dll" adapterTypeName="executor://xunit/VsTestRunner2/netcoreapp" className="Tests.Integration.Backend.OutputCaching.CachingE2ETests" name="AllCachedEndpoints_ShouldReturnCacheHeaders" />
    </UnitTest>
    <UnitTest name="Tests.Integration.Backend.Controllers.WallsControllerTests.POST_Walls_Should_Return_400_For_Invalid_Data" storage="/home/runner/work/crud/crud/test/tests.integration.backend/bin/release/net8.0/tests.integration.backend.dll" id="39e1ba24-0a2a-e8f7-d815-046e06e37c3f">
      <Execution id="9057fcd9-c3cc-43be-b18a-6ccea49e88e9" />
      <TestMethod codeBase="/home/runner/work/Crud/Crud/test/Tests.Integration.Backend/bin/Release/net8.0/Tests.Integration.Backend.dll" adapterTypeName="executor://xunit/VsTestRunner2/netcoreapp" className="Tests.Integration.Backend.Controllers.WallsControllerTests" name="POST_Walls_Should_Return_400_For_Invalid_Data" />
    </UnitTest>
    <UnitTest name="Tests.Integration.Backend.Controllers.ApiHealthTests.All_Controllers_Should_Be_Accessible(endpoint: &quot;/api/windows&quot;)" storage="/home/runner/work/crud/crud/test/tests.integration.backend/bin/release/net8.0/tests.integration.backend.dll" id="516b5511-ab51-be62-9f5e-ce253f082ce3">
      <Execution id="de82648a-aebf-4f2e-bb4f-9dc58dcbc849" />
      <TestMethod codeBase="/home/runner/work/Crud/Crud/test/Tests.Integration.Backend/bin/Release/net8.0/Tests.Integration.Backend.dll" adapterTypeName="executor://xunit/VsTestRunner2/netcoreapp" className="Tests.Integration.Backend.Controllers.ApiHealthTests" name="All_Controllers_Should_Be_Accessible" />
    </UnitTest>
    <UnitTest name="Tests.Integration.Backend.Controllers.PeopleControllerTests.DELETE_People_Should_Return_204_For_NonExistent_Person" storage="/home/runner/work/crud/crud/test/tests.integration.backend/bin/release/net8.0/tests.integration.backend.dll" id="3ae9a197-02ed-3bf8-219d-823a522da5f1">
      <Execution id="48a3e991-bcc9-49c7-9fe8-c95efef3746d" />
      <TestMethod codeBase="/home/runner/work/Crud/Crud/test/Tests.Integration.Backend/bin/Release/net8.0/Tests.Integration.Backend.dll" adapterTypeName="executor://xunit/VsTestRunner2/netcoreapp" className="Tests.Integration.Backend.Controllers.PeopleControllerTests" name="DELETE_People_Should_Return_204_For_NonExistent_Person" />
    </UnitTest>
    <UnitTest name="Tests.Integration.Backend.E2E.AuthenticationE2ETests.Login_Should_Fail_With_Invalid_Credentials" storage="/home/runner/work/crud/crud/test/tests.integration.backend/bin/release/net8.0/tests.integration.backend.dll" id="ca246cb1-0b00-e31f-8cae-0e70703e829e">
      <Execution id="47b0a303-5bb6-4218-837e-2c88aac01d21" />
      <TestMethod codeBase="/home/runner/work/Crud/Crud/test/Tests.Integration.Backend/bin/Release/net8.0/Tests.Integration.Backend.dll" adapterTypeName="executor://xunit/VsTestRunner2/netcoreapp" className="Tests.Integration.Backend.E2E.AuthenticationE2ETests" name="Login_Should_Fail_With_Invalid_Credentials" />
    </UnitTest>
    <UnitTest name="Tests.Integration.Backend.Controllers.RolesControllerTests.GET_Roles_Should_Return_Empty_List_Initially" storage="/home/runner/work/crud/crud/test/tests.integration.backend/bin/release/net8.0/tests.integration.backend.dll" id="59c1b068-0fcd-d32e-da01-b21421cb74d4">
      <Execution id="05392111-d515-4ee6-9590-164ee3dca12c" />
      <TestMethod codeBase="/home/runner/work/Crud/Crud/test/Tests.Integration.Backend/bin/Release/net8.0/Tests.Integration.Backend.dll" adapterTypeName="executor://xunit/VsTestRunner2/netcoreapp" className="Tests.Integration.Backend.Controllers.RolesControllerTests" name="GET_Roles_Should_Return_Empty_List_Initially" />
    </UnitTest>
    <UnitTest name="Tests.Integration.Backend.Controllers.AuthControllerPasswordResetTests.Complete_Password_Reset_Workflow_Should_Work" storage="/home/runner/work/crud/crud/test/tests.integration.backend/bin/release/net8.0/tests.integration.backend.dll" id="55dddd7e-5762-c034-d77c-c5f90ba94706">
      <Execution id="b47967e9-a63a-41e3-aefc-ac2a58eefc19" />
      <TestMethod codeBase="/home/runner/work/Crud/Crud/test/Tests.Integration.Backend/bin/Release/net8.0/Tests.Integration.Backend.dll" adapterTypeName="executor://xunit/VsTestRunner2/netcoreapp" className="Tests.Integration.Backend.Controllers.AuthControllerPasswordResetTests" name="Complete_Password_Reset_Workflow_Should_Work" />
    </UnitTest>
    <UnitTest name="Tests.Integration.Backend.Controllers.WindowsControllerTests.GET_Windows_Should_Return_All_Windows" storage="/home/runner/work/crud/crud/test/tests.integration.backend/bin/release/net8.0/tests.integration.backend.dll" id="d9ffd841-a3fd-b913-e8c1-55347431d17d">
      <Execution id="4ec8a91b-e28c-4edb-a264-1e22ba1490ab" />
      <TestMethod codeBase="/home/runner/work/Crud/Crud/test/Tests.Integration.Backend/bin/Release/net8.0/Tests.Integration.Backend.dll" adapterTypeName="executor://xunit/VsTestRunner2/netcoreapp" className="Tests.Integration.Backend.Controllers.WindowsControllerTests" name="GET_Windows_Should_Return_All_Windows" />
    </UnitTest>
    <UnitTest name="Tests.Integration.Backend.Controllers.DatabaseControllerTests.POST_Database_Reset_Should_Return_Unauthorized_Without_Valid_Token" storage="/home/runner/work/crud/crud/test/tests.integration.backend/bin/release/net8.0/tests.integration.backend.dll" id="b5dacbe5-c50b-ea4a-e128-040bd713ffe8">
      <Execution id="fda8dac0-2fb2-45b6-8934-0ce68bd5e861" />
      <TestMethod codeBase="/home/runner/work/Crud/Crud/test/Tests.Integration.Backend/bin/Release/net8.0/Tests.Integration.Backend.dll" adapterTypeName="executor://xunit/VsTestRunner2/netcoreapp" className="Tests.Integration.Backend.Controllers.DatabaseControllerTests" name="POST_Database_Reset_Should_Return_Unauthorized_Without_Valid_Token" />
    </UnitTest>
    <UnitTest name="Tests.Integration.Backend.Controllers.AuthControllerPasswordResetTests.POST_ResetPassword_WithInvalidToken_Should_Return_Error" storage="/home/runner/work/crud/crud/test/tests.integration.backend/bin/release/net8.0/tests.integration.backend.dll" id="87f4b6f2-4d01-15e3-8fa0-456f1577e608">
      <Execution id="8a629508-4655-4b2a-b330-76e86d138fe2" />
      <TestMethod codeBase="/home/runner/work/Crud/Crud/test/Tests.Integration.Backend/bin/Release/net8.0/Tests.Integration.Backend.dll" adapterTypeName="executor://xunit/VsTestRunner2/netcoreapp" className="Tests.Integration.Backend.Controllers.AuthControllerPasswordResetTests" name="POST_ResetPassword_WithInvalidToken_Should_Return_Error" />
    </UnitTest>
    <UnitTest name="Tests.Integration.Backend.Controllers.RolesControllerTests.POST_Role_Should_Handle_Null_Description" storage="/home/runner/work/crud/crud/test/tests.integration.backend/bin/release/net8.0/tests.integration.backend.dll" id="48288144-3004-3fb6-5971-16808e53c3e3">
      <Execution id="200010a7-afe4-403a-b10c-4d99bab68609" />
      <TestMethod codeBase="/home/runner/work/Crud/Crud/test/Tests.Integration.Backend/bin/Release/net8.0/Tests.Integration.Backend.dll" adapterTypeName="executor://xunit/VsTestRunner2/netcoreapp" className="Tests.Integration.Backend.Controllers.RolesControllerTests" name="POST_Role_Should_Handle_Null_Description" />
    </UnitTest>
    <UnitTest name="Tests.Integration.Backend.Compression.ResponseCompressionTests.HttpsResponse_ShouldSupportCompression" storage="/home/runner/work/crud/crud/test/tests.integration.backend/bin/release/net8.0/tests.integration.backend.dll" id="d0fa0570-460f-ec62-156b-5af9612d66a8">
      <Execution id="a939234e-5c6a-4e8d-9f5a-2754c418e27f" />
      <TestMethod codeBase="/home/runner/work/Crud/Crud/test/Tests.Integration.Backend/bin/Release/net8.0/Tests.Integration.Backend.dll" adapterTypeName="executor://xunit/VsTestRunner2/netcoreapp" className="Tests.Integration.Backend.Compression.ResponseCompressionTests" name="HttpsResponse_ShouldSupportCompression" />
    </UnitTest>
    <UnitTest name="Tests.Integration.Backend.Controllers.ApiHealthTests.All_Endpoints_Should_Support_Expected_HTTP_Methods(method: &quot;POST&quot;, endpoint: &quot;/api/walls&quot;)" storage="/home/runner/work/crud/crud/test/tests.integration.backend/bin/release/net8.0/tests.integration.backend.dll" id="5fe2d973-b7ff-5b61-b9d0-9afdc13b9ebf">
      <Execution id="7f9521fd-851d-4dbd-815d-35dafb1a439c" />
      <TestMethod codeBase="/home/runner/work/Crud/Crud/test/Tests.Integration.Backend/bin/Release/net8.0/Tests.Integration.Backend.dll" adapterTypeName="executor://xunit/VsTestRunner2/netcoreapp" className="Tests.Integration.Backend.Controllers.ApiHealthTests" name="All_Endpoints_Should_Support_Expected_HTTP_Methods" />
    </UnitTest>
    <UnitTest name="Tests.Integration.Backend.Controllers.DatabaseControllerTests.GET_Database_VerifyIntegrity_Should_Return_Integrity_Check_Result" storage="/home/runner/work/crud/crud/test/tests.integration.backend/bin/release/net8.0/tests.integration.backend.dll" id="ff9b3969-a7f6-2222-47ce-4595f8d0cb7e">
      <Execution id="9161e1e2-15fb-4a9f-a5b0-421e66a889c6" />
      <TestMethod codeBase="/home/runner/work/Crud/Crud/test/Tests.Integration.Backend/bin/Release/net8.0/Tests.Integration.Backend.dll" adapterTypeName="executor://xunit/VsTestRunner2/netcoreapp" className="Tests.Integration.Backend.Controllers.DatabaseControllerTests" name="GET_Database_VerifyIntegrity_Should_Return_Integrity_Check_Result" />
    </UnitTest>
    <UnitTest name="Tests.Integration.Backend.Controllers.DatabaseControllerTests.POST_Database_Reset_Should_Reset_Database_With_Valid_Token" storage="/home/runner/work/crud/crud/test/tests.integration.backend/bin/release/net8.0/tests.integration.backend.dll" id="b669f2ae-31fe-37d1-6d74-8de9a66812e1">
      <Execution id="4334f538-304d-4739-af0d-545df4be348d" />
      <TestMethod codeBase="/home/runner/work/Crud/Crud/test/Tests.Integration.Backend/bin/Release/net8.0/Tests.Integration.Backend.dll" adapterTypeName="executor://xunit/VsTestRunner2/netcoreapp" className="Tests.Integration.Backend.Controllers.DatabaseControllerTests" name="POST_Database_Reset_Should_Reset_Database_With_Valid_Token" />
    </UnitTest>
    <UnitTest name="Tests.Integration.Backend.OutputCaching.CachingE2ETests.CachePerformance_ShouldShowSignificantImprovement" storage="/home/runner/work/crud/crud/test/tests.integration.backend/bin/release/net8.0/tests.integration.backend.dll" id="de79744e-fb76-44fa-6422-be59e037cde5">
      <Execution id="b5bcdd81-a2a2-4ba4-bc5f-77996fa07442" />
      <TestMethod codeBase="/home/runner/work/Crud/Crud/test/Tests.Integration.Backend/bin/Release/net8.0/Tests.Integration.Backend.dll" adapterTypeName="executor://xunit/VsTestRunner2/netcoreapp" className="Tests.Integration.Backend.OutputCaching.CachingE2ETests" name="CachePerformance_ShouldShowSignificantImprovement" />
    </UnitTest>
    <UnitTest name="Tests.Integration.Backend.OutputCaching.CacheInvalidationTests.PostWall_ShouldInvalidateWallsCache" storage="/home/runner/work/crud/crud/test/tests.integration.backend/bin/release/net8.0/tests.integration.backend.dll" id="7ad6cdf7-78b9-6f08-7531-fe00a6e266bc">
      <Execution id="e09f9424-4d64-495a-86a9-4798a6215e89" />
      <TestMethod codeBase="/home/runner/work/Crud/Crud/test/Tests.Integration.Backend/bin/Release/net8.0/Tests.Integration.Backend.dll" adapterTypeName="executor://xunit/VsTestRunner2/netcoreapp" className="Tests.Integration.Backend.OutputCaching.CacheInvalidationTests" name="PostWall_ShouldInvalidateWallsCache" />
    </UnitTest>
    <UnitTest name="Tests.Integration.Backend.Compression.StaticFileCompressionTests.CssFile_ShouldBeCompressed_WhenClientSupportsBrotli" storage="/home/runner/work/crud/crud/test/tests.integration.backend/bin/release/net8.0/tests.integration.backend.dll" id="f6484c9f-d44d-28f7-583b-e91d4b7f5382">
      <Execution id="77935cf2-c869-4be9-98fb-2a0ddd5ec114" />
      <TestMethod codeBase="/home/runner/work/Crud/Crud/test/Tests.Integration.Backend/bin/Release/net8.0/Tests.Integration.Backend.dll" adapterTypeName="executor://xunit/VsTestRunner2/netcoreapp" className="Tests.Integration.Backend.Compression.StaticFileCompressionTests" name="CssFile_ShouldBeCompressed_WhenClientSupportsBrotli" />
    </UnitTest>
    <UnitTest name="Tests.Integration.Backend.OutputCaching.CachingE2ETests.ConcurrentRequests_ShouldBeCachedEfficiently" storage="/home/runner/work/crud/crud/test/tests.integration.backend/bin/release/net8.0/tests.integration.backend.dll" id="fb20298c-4879-8f71-4e88-e39a0110f3e6">
      <Execution id="bfbabb71-c6bc-4d3b-a2e6-4313345b1d46" />
      <TestMethod codeBase="/home/runner/work/Crud/Crud/test/Tests.Integration.Backend/bin/Release/net8.0/Tests.Integration.Backend.dll" adapterTypeName="executor://xunit/VsTestRunner2/netcoreapp" className="Tests.Integration.Backend.OutputCaching.CachingE2ETests" name="ConcurrentRequests_ShouldBeCachedEfficiently" />
    </UnitTest>
  </TestDefinitions>
  <TestEntries>
    <TestEntry testId="53a7b40c-019b-3989-42c2-31ec0027eed1" executionId="0f239509-0c41-4f6e-8afb-7f18aa8a0374" testListId="8c84fa94-04c1-424b-9868-57a2d4851a1d" />
    <TestEntry testId="e164b20e-2591-89f8-06fb-740275819de8" executionId="f04aa34b-bdf8-49b5-bb97-9f519d0085ee" testListId="8c84fa94-04c1-424b-9868-57a2d4851a1d" />
    <TestEntry testId="60dfb5c8-db46-6bbb-f8af-46af1d350941" executionId="497cc477-79c8-485e-a57d-2328de747da5" testListId="8c84fa94-04c1-424b-9868-57a2d4851a1d" />
    <TestEntry testId="bd9e404f-7715-359c-e0a9-f0f39ae1a952" executionId="7faf0779-8590-4753-b0d4-73740800b174" testListId="8c84fa94-04c1-424b-9868-57a2d4851a1d" />
    <TestEntry testId="fd587af6-8ac9-79bb-4579-c4177d8d0828" executionId="ddfb3a7f-1d0c-4d8e-aedd-93439148bc07" testListId="8c84fa94-04c1-424b-9868-57a2d4851a1d" />
    <TestEntry testId="5fe2d973-b7ff-5b61-b9d0-9afdc13b9ebf" executionId="7f9521fd-851d-4dbd-815d-35dafb1a439c" testListId="8c84fa94-04c1-424b-9868-57a2d4851a1d" />
    <TestEntry testId="9624bd8d-101a-a0f9-4e88-2b9292a1caad" executionId="798e65d6-253a-41e3-abbb-4a92f28fec77" testListId="8c84fa94-04c1-424b-9868-57a2d4851a1d" />
    <TestEntry testId="7bc10e4f-5a04-518e-0136-35873081b204" executionId="f7ae3e25-6e26-4357-a080-a6bf823eda2f" testListId="8c84fa94-04c1-424b-9868-57a2d4851a1d" />
    <TestEntry testId="79e70e1e-8075-8996-1211-c6d54a3d9ffa" executionId="25e5722a-c96b-4825-8f8f-56eb899ce695" testListId="8c84fa94-04c1-424b-9868-57a2d4851a1d" />
    <TestEntry testId="01d0203b-7c6e-72b9-08eb-f1b3242c360c" executionId="99f45f62-ee9b-4038-a5ba-d07b137d6ca4" testListId="8c84fa94-04c1-424b-9868-57a2d4851a1d" />
    <TestEntry testId="6ab30ede-2d43-e3c2-d85a-058d5fd2dee1" executionId="7b2119be-37d4-4b09-8b30-5d1c90bc46c6" testListId="8c84fa94-04c1-424b-9868-57a2d4851a1d" />
    <TestEntry testId="aeaaee5e-bc09-54e8-9ec4-6c4cdf3ce87c" executionId="d3b31463-9d1c-4156-b7e3-f6ae5f2ed08a" testListId="8c84fa94-04c1-424b-9868-57a2d4851a1d" />
    <TestEntry testId="575d783b-dbc0-13f3-17de-767c6d0c6111" executionId="9d8014e5-ba2b-4026-8b18-46e39816f152" testListId="8c84fa94-04c1-424b-9868-57a2d4851a1d" />
    <TestEntry testId="9525fcd3-b949-7544-779c-3d3500ebec99" executionId="b727dba2-f590-44a2-93a1-7bfad398e540" testListId="8c84fa94-04c1-424b-9868-57a2d4851a1d" />
    <TestEntry testId="e9e2b921-0a1d-aae8-34e0-f52557170fc1" executionId="32dc2dd1-2a71-4397-8c19-bcb5c3f3cea8" testListId="8c84fa94-04c1-424b-9868-57a2d4851a1d" />
    <TestEntry testId="a4e7fe1d-8462-8e20-a217-708cdc9d8f6a" executionId="e14ea6f3-9b1a-466f-b447-cbabd915b4de" testListId="8c84fa94-04c1-424b-9868-57a2d4851a1d" />
    <TestEntry testId="33b821d5-726b-640c-d1cd-04721e7e48d9" executionId="ca41d5fb-4198-4cac-92f7-d0f260dd2b39" testListId="8c84fa94-04c1-424b-9868-57a2d4851a1d" />
    <TestEntry testId="d9ffd841-a3fd-b913-e8c1-55347431d17d" executionId="4ec8a91b-e28c-4edb-a264-1e22ba1490ab" testListId="8c84fa94-04c1-424b-9868-57a2d4851a1d" />
    <TestEntry testId="25c388e9-4416-bcb2-f5bb-f92fe28b725a" executionId="8b41e23f-847e-40ed-9a54-890ce3d202e9" testListId="8c84fa94-04c1-424b-9868-57a2d4851a1d" />
    <TestEntry testId="f63011fd-c6a3-fc9c-0ff5-216045de6e40" executionId="66f6b82b-77bf-4d5a-bed2-4e35fe08f21f" testListId="8c84fa94-04c1-424b-9868-57a2d4851a1d" />
    <TestEntry testId="76f204dd-32a0-ce3a-8917-3041e6ffb334" executionId="454b69e2-bde0-4c7b-9d10-052144cc4b6a" testListId="8c84fa94-04c1-424b-9868-57a2d4851a1d" />
    <TestEntry testId="aaddc149-d8b9-e302-ef68-034ece67c17b" executionId="afa64178-8a7b-47a0-83c1-42bbfbe15378" testListId="8c84fa94-04c1-424b-9868-57a2d4851a1d" />
    <TestEntry testId="6701ad16-b836-ee76-0566-4e5adb91c861" executionId="e3d9583f-52fd-49e5-931f-7db441e0e06a" testListId="8c84fa94-04c1-424b-9868-57a2d4851a1d" />
    <TestEntry testId="f48af067-4eb4-5a80-a058-995d81b9c49e" executionId="d9c89da3-1d4c-4f07-b709-4893a3924128" testListId="8c84fa94-04c1-424b-9868-57a2d4851a1d" />
    <TestEntry testId="60d93c6a-68de-f18d-ead0-561ac4ded916" executionId="99dca085-7223-4972-95af-86f7d1e16653" testListId="8c84fa94-04c1-424b-9868-57a2d4851a1d" />
    <TestEntry testId="f6484c9f-d44d-28f7-583b-e91d4b7f5382" executionId="77935cf2-c869-4be9-98fb-2a0ddd5ec114" testListId="8c84fa94-04c1-424b-9868-57a2d4851a1d" />
    <TestEntry testId="b5dacbe5-c50b-ea4a-e128-040bd713ffe8" executionId="fda8dac0-2fb2-45b6-8934-0ce68bd5e861" testListId="8c84fa94-04c1-424b-9868-57a2d4851a1d" />
    <TestEntry testId="58a8f096-af1a-ba52-8cf7-4f27a22072be" executionId="81368446-b9d4-445b-8c99-78e166791fd3" testListId="8c84fa94-04c1-424b-9868-57a2d4851a1d" />
    <TestEntry testId="0dfe4e62-1a92-361e-05c3-42444e197ce6" executionId="08279ca0-986e-47f6-affa-c757a9e0fcd7" testListId="8c84fa94-04c1-424b-9868-57a2d4851a1d" />
    <TestEntry testId="3a356b3b-e4e2-4f05-db20-65ad8602bd3c" executionId="370fb58a-aa78-4d2d-be37-1672d6af5cc7" testListId="8c84fa94-04c1-424b-9868-57a2d4851a1d" />
    <TestEntry testId="1a8b33fa-e8e7-c5c8-b527-0b5fd94498f4" executionId="4e6e3212-9c18-4689-b40e-2387af40720a" testListId="8c84fa94-04c1-424b-9868-57a2d4851a1d" />
    <TestEntry testId="a46a2a4d-c658-0cec-efdf-8b3a220df306" executionId="0dbb9e4e-4028-437b-a510-fdf3fd4fc1f5" testListId="8c84fa94-04c1-424b-9868-57a2d4851a1d" />
    <TestEntry testId="74823db9-4157-34a3-9710-5272b5fb4159" executionId="1acb7187-b6a5-49e1-839b-241d44e17dc3" testListId="8c84fa94-04c1-424b-9868-57a2d4851a1d" />
    <TestEntry testId="78b405b2-a7b4-22cc-fd25-19657615e9ba" executionId="f2e06875-d5c5-4b87-a619-f925f12e00e5" testListId="8c84fa94-04c1-424b-9868-57a2d4851a1d" />
    <TestEntry testId="55dddd7e-5762-c034-d77c-c5f90ba94706" executionId="b47967e9-a63a-41e3-aefc-ac2a58eefc19" testListId="8c84fa94-04c1-424b-9868-57a2d4851a1d" />
    <TestEntry testId="bc4ebe26-634c-986e-8a8c-e92c2437e06a" executionId="0bfecc37-4728-40f2-b43b-18af41b0cdea" testListId="8c84fa94-04c1-424b-9868-57a2d4851a1d" />
    <TestEntry testId="06592b62-9486-dc14-09e9-81aa1f2eb0eb" executionId="3e297b4a-0926-4126-b4c0-1823a6597142" testListId="8c84fa94-04c1-424b-9868-57a2d4851a1d" />
    <TestEntry testId="a509d6b0-b691-0a3b-74c8-b5408578a6d5" executionId="2ce2629e-5819-455c-b784-e669bddbd803" testListId="8c84fa94-04c1-424b-9868-57a2d4851a1d" />
    <TestEntry testId="4e4996c7-f4bf-6a3f-b2c5-de38dd6676bb" executionId="d5f368d8-fdc7-4bf0-8f66-f8d4acf9b3e3" testListId="8c84fa94-04c1-424b-9868-57a2d4851a1d" />
    <TestEntry testId="696a1e18-7066-ca21-55a7-645fa8e1a26a" executionId="537491af-f0ee-4a86-b6c8-a4562649543f" testListId="8c84fa94-04c1-424b-9868-57a2d4851a1d" />
    <TestEntry testId="8feb6ba1-0aea-ccd4-705a-a363165ab119" executionId="cc24309c-b03a-46ff-859d-5d0cbe6bcabf" testListId="8c84fa94-04c1-424b-9868-57a2d4851a1d" />
    <TestEntry testId="2bf8b19c-cf08-fc4d-1420-d095f4b1337b" executionId="1f6bc262-4170-4354-ac40-b643baae26f1" testListId="8c84fa94-04c1-424b-9868-57a2d4851a1d" />
    <TestEntry testId="d962a0d7-c5e8-e659-8957-69cdfae1f523" executionId="bd2a3632-f5cf-4022-b2d3-48db18c5e77d" testListId="8c84fa94-04c1-424b-9868-57a2d4851a1d" />
    <TestEntry testId="3ff5fdb0-8488-3e48-6905-fa8bdf7eaa4c" executionId="7863bffc-9ec5-4897-b700-69def55f3a10" testListId="8c84fa94-04c1-424b-9868-57a2d4851a1d" />
    <TestEntry testId="cca41772-191f-0a82-bb6f-ddd4fb32e2c7" executionId="47c5b818-703f-4cdf-9529-33904ac80533" testListId="8c84fa94-04c1-424b-9868-57a2d4851a1d" />
    <TestEntry testId="fb20298c-4879-8f71-4e88-e39a0110f3e6" executionId="bfbabb71-c6bc-4d3b-a2e6-4313345b1d46" testListId="8c84fa94-04c1-424b-9868-57a2d4851a1d" />
    <TestEntry testId="76fbe764-5e84-e751-cc4c-187af70eca54" executionId="f9db530f-df2e-4a4b-84a5-8c18576b06bb" testListId="8c84fa94-04c1-424b-9868-57a2d4851a1d" />
    <TestEntry testId="42775960-58e6-9486-14ff-996dea311598" executionId="4dc0e884-3965-4a28-85ec-0a983360be13" testListId="8c84fa94-04c1-424b-9868-57a2d4851a1d" />
    <TestEntry testId="a6bb128b-1161-cbb2-5ff4-da08f9a71fbf" executionId="9d73056d-889e-4792-a766-af2485692821" testListId="8c84fa94-04c1-424b-9868-57a2d4851a1d" />
    <TestEntry testId="3c9c11b5-6967-f47a-cfd8-d22458fa9229" executionId="6979c4e4-ef69-4056-9ca9-c5b68cbf925b" testListId="8c84fa94-04c1-424b-9868-57a2d4851a1d" />
    <TestEntry testId="a52f36e0-aa87-4104-3036-3d7d9607f688" executionId="d636f5cf-6acd-4192-bdfd-14d16ed26a0d" testListId="8c84fa94-04c1-424b-9868-57a2d4851a1d" />
    <TestEntry testId="3ae9a197-02ed-3bf8-219d-823a522da5f1" executionId="48a3e991-bcc9-49c7-9fe8-c95efef3746d" testListId="8c84fa94-04c1-424b-9868-57a2d4851a1d" />
    <TestEntry testId="3aa435ad-a9a4-65ee-4bc9-21f73753b103" executionId="f3d00757-1d68-4e7c-bbb7-4057d88b6b2e" testListId="8c84fa94-04c1-424b-9868-57a2d4851a1d" />
    <TestEntry testId="03a14d36-6f95-8492-bfd4-a25fff2f6772" executionId="33387bee-4954-478e-a292-2c7bc55f34a0" testListId="8c84fa94-04c1-424b-9868-57a2d4851a1d" />
    <TestEntry testId="a0e7a1c4-1639-53f1-ce02-5d2f760332a2" executionId="bddb59c8-eedb-4c09-a075-03a587329a08" testListId="8c84fa94-04c1-424b-9868-57a2d4851a1d" />
    <TestEntry testId="4ca138d0-3af0-bb0b-3bfb-df9507be5ed5" executionId="440e4af3-d58d-4007-8e61-4a1a1ce8e0c4" testListId="8c84fa94-04c1-424b-9868-57a2d4851a1d" />
    <TestEntry testId="41853896-8f31-97ce-b78f-41cf4c24e045" executionId="8e4ffb34-2a9d-42d0-a143-6acccf882e8e" testListId="8c84fa94-04c1-424b-9868-57a2d4851a1d" />
    <TestEntry testId="19212179-02a1-0bfe-fef4-7e3682270e04" executionId="7f90bf60-1712-4d77-95bf-e8e8ef2da971" testListId="8c84fa94-04c1-424b-9868-57a2d4851a1d" />
    <TestEntry testId="ca246cb1-0b00-e31f-8cae-0e70703e829e" executionId="47b0a303-5bb6-4218-837e-2c88aac01d21" testListId="8c84fa94-04c1-424b-9868-57a2d4851a1d" />
    <TestEntry testId="d513fe07-1dc8-1c74-2c21-98142b85dcfb" executionId="37974838-cfc5-43b0-8164-85673cd8cd9e" testListId="8c84fa94-04c1-424b-9868-57a2d4851a1d" />
    <TestEntry testId="4b80b6dd-af6e-92d9-97c9-a8c31eb301db" executionId="120afcdd-a8db-4541-9e1d-1ec3e195504c" testListId="8c84fa94-04c1-424b-9868-57a2d4851a1d" />
    <TestEntry testId="410da1bb-0033-e445-230e-baa696a924ac" executionId="a93c6d4e-7108-4c4f-9186-e913d9d2889a" testListId="8c84fa94-04c1-424b-9868-57a2d4851a1d" />
    <TestEntry testId="5ba1ea2b-a035-33f8-2d26-2c5753c3433e" executionId="9731bad9-dcac-483f-aeb2-04fd7001b38f" testListId="8c84fa94-04c1-424b-9868-57a2d4851a1d" />
    <TestEntry testId="3a855c55-b695-d057-ad6f-34eef0eb2eae" executionId="8eb7ff70-b392-4e62-b0dc-1cd0e921322e" testListId="8c84fa94-04c1-424b-9868-57a2d4851a1d" />
    <TestEntry testId="b669f2ae-31fe-37d1-6d74-8de9a66812e1" executionId="4334f538-304d-4739-af0d-545df4be348d" testListId="8c84fa94-04c1-424b-9868-57a2d4851a1d" />
    <TestEntry testId="34d6d731-abe6-2c2d-f525-44f047db1777" executionId="188db6f7-8ccc-4a72-9ad0-ac13cc8218a1" testListId="8c84fa94-04c1-424b-9868-57a2d4851a1d" />
    <TestEntry testId="cbf0626f-7167-adff-b20c-96cc3cdf6ce9" executionId="165ca5ff-d99a-4259-833b-96edbf43f9f3" testListId="8c84fa94-04c1-424b-9868-57a2d4851a1d" />
    <TestEntry testId="29ba8dce-52f9-1a09-beb5-2c73bb03e4dd" executionId="0ef32fcd-1d52-4dc3-9b30-635bef394b9f" testListId="8c84fa94-04c1-424b-9868-57a2d4851a1d" />
    <TestEntry testId="ff9b3969-a7f6-2222-47ce-4595f8d0cb7e" executionId="9161e1e2-15fb-4a9f-a5b0-421e66a889c6" testListId="8c84fa94-04c1-424b-9868-57a2d4851a1d" />
    <TestEntry testId="9fb85c0b-c781-4485-f6e0-88690963221a" executionId="be29e7a3-9b1d-4f03-9a60-35b92296321a" testListId="8c84fa94-04c1-424b-9868-57a2d4851a1d" />
    <TestEntry testId="d4d4848b-8d11-cc53-4c2f-7b3836864b98" executionId="9e0fa978-2c20-4da1-bbfa-0b1cb46d997a" testListId="8c84fa94-04c1-424b-9868-57a2d4851a1d" />
    <TestEntry testId="3b2e3bce-af10-026c-a2ca-d924efcd601d" executionId="83c61b60-710b-4ff6-ac97-afdfbbd06da7" testListId="8c84fa94-04c1-424b-9868-57a2d4851a1d" />
    <TestEntry testId="98463f55-b92d-02fc-1e9d-e879206d0dbe" executionId="8e504123-798b-4635-b915-3e2b994e7628" testListId="8c84fa94-04c1-424b-9868-57a2d4851a1d" />
    <TestEntry testId="297d158e-047c-5612-bd99-21893c5634e4" executionId="956bc6c6-643e-40e3-8665-f922d0ec2a16" testListId="8c84fa94-04c1-424b-9868-57a2d4851a1d" />
    <TestEntry testId="06054800-c7da-a693-e1d3-d81d35d825c2" executionId="f9938a85-6f69-4223-923a-f9824f64a739" testListId="8c84fa94-04c1-424b-9868-57a2d4851a1d" />
    <TestEntry testId="70e1a820-63f2-9d05-e43e-21258bccb063" executionId="5993bc35-f217-40d9-b0bd-7af846decae8" testListId="8c84fa94-04c1-424b-9868-57a2d4851a1d" />
    <TestEntry testId="41b3b4e1-06a8-534f-90a6-fb2576f3807d" executionId="7bf518d8-c111-4a01-9b72-0ac0dba77277" testListId="8c84fa94-04c1-424b-9868-57a2d4851a1d" />
    <TestEntry testId="28caa8d5-c8a9-c82d-9ea0-c02736f0dfd9" executionId="41262dd2-9b67-4ae3-9fd3-d98acb6eff11" testListId="8c84fa94-04c1-424b-9868-57a2d4851a1d" />
    <TestEntry testId="8e410b3f-ed9f-5189-87a9-0a81e42ccd93" executionId="8c426a52-aaa6-441d-a975-32d6a623e282" testListId="8c84fa94-04c1-424b-9868-57a2d4851a1d" />
    <TestEntry testId="20b78283-04d3-fc47-1574-93af6fec32ea" executionId="3ad37ec9-5664-4a67-abc7-e89d4006466a" testListId="8c84fa94-04c1-424b-9868-57a2d4851a1d" />
    <TestEntry testId="78d2062e-7c45-d260-f795-f1b53c418237" executionId="ff5d1490-99f0-4c43-80cd-37e07f26a44d" testListId="8c84fa94-04c1-424b-9868-57a2d4851a1d" />
    <TestEntry testId="37ce62cb-c39d-d9d9-9814-53126b8a17ea" executionId="316c55eb-5f9f-4438-aaed-f37c0f4fd25c" testListId="8c84fa94-04c1-424b-9868-57a2d4851a1d" />
    <TestEntry testId="0853ac09-c300-33d5-e3a7-a607360126ba" executionId="074ec2a8-8f48-4c44-959d-6100e55284ec" testListId="8c84fa94-04c1-424b-9868-57a2d4851a1d" />
    <TestEntry testId="4fb3036c-0d92-3b62-20b9-33331422414d" executionId="b2bee3c4-095b-4bf5-b669-28889b31b69c" testListId="8c84fa94-04c1-424b-9868-57a2d4851a1d" />
    <TestEntry testId="d818e0b1-081a-89e5-4910-f245961c9079" executionId="8f145354-2e61-4290-a620-16decc9c45bc" testListId="8c84fa94-04c1-424b-9868-57a2d4851a1d" />
    <TestEntry testId="02f305ed-30cd-4399-cb1c-75d62f144801" executionId="5977db84-cda0-4a1a-a57a-086b4bcec218" testListId="8c84fa94-04c1-424b-9868-57a2d4851a1d" />
    <TestEntry testId="9ed0881a-ade1-55d1-ff4e-861058b9ed01" executionId="808354f1-f045-4f19-93cd-e10da6713ed6" testListId="8c84fa94-04c1-424b-9868-57a2d4851a1d" />
    <TestEntry testId="89abbdd3-2d4a-032e-64a6-9a76add4cdf5" executionId="328ef14a-fd94-413d-9d53-67dc4a1f2160" testListId="8c84fa94-04c1-424b-9868-57a2d4851a1d" />
    <TestEntry testId="46cfbc2c-72c5-516f-bca0-390b42b51d43" executionId="0ae4b4c9-2ba3-42f4-8783-3df26aef9729" testListId="8c84fa94-04c1-424b-9868-57a2d4851a1d" />
    <TestEntry testId="87f4b6f2-4d01-15e3-8fa0-456f1577e608" executionId="8a629508-4655-4b2a-b330-76e86d138fe2" testListId="8c84fa94-04c1-424b-9868-57a2d4851a1d" />
    <TestEntry testId="dfaed238-70c1-ab80-405a-08edfd13c1ba" executionId="b69c0435-35e2-455d-ae58-0021c35bb5f1" testListId="8c84fa94-04c1-424b-9868-57a2d4851a1d" />
    <TestEntry testId="43b9d173-0889-c0cd-91e8-55b0783b32ae" executionId="7bb974b5-f61e-400d-9c89-6c5fb1e584e8" testListId="8c84fa94-04c1-424b-9868-57a2d4851a1d" />
    <TestEntry testId="de79744e-fb76-44fa-6422-be59e037cde5" executionId="b5bcdd81-a2a2-4ba4-bc5f-77996fa07442" testListId="8c84fa94-04c1-424b-9868-57a2d4851a1d" />
    <TestEntry testId="39e1ba24-0a2a-e8f7-d815-046e06e37c3f" executionId="9057fcd9-c3cc-43be-b18a-6ccea49e88e9" testListId="8c84fa94-04c1-424b-9868-57a2d4851a1d" />
    <TestEntry testId="7ad6cdf7-78b9-6f08-7531-fe00a6e266bc" executionId="e09f9424-4d64-495a-86a9-4798a6215e89" testListId="8c84fa94-04c1-424b-9868-57a2d4851a1d" />
    <TestEntry testId="f7bc3491-94dd-b6b9-3778-9c1a4322e7be" executionId="98109b5f-3998-4d88-a451-2c1a0ece1c47" testListId="8c84fa94-04c1-424b-9868-57a2d4851a1d" />
    <TestEntry testId="84be9167-1ae7-c4b1-fa12-da145604b354" executionId="d1952fb7-ceed-4cca-8637-168777e80421" testListId="8c84fa94-04c1-424b-9868-57a2d4851a1d" />
    <TestEntry testId="494ff55a-87c7-5f37-d44c-a6dbdeeb90c7" executionId="2d4f212b-d014-4c87-ac48-0be24fba6c85" testListId="8c84fa94-04c1-424b-9868-57a2d4851a1d" />
    <TestEntry testId="5915cbaf-7ed1-cbfd-2c81-4746833e58cd" executionId="8469faf2-5c28-4653-a531-87674ae7160b" testListId="8c84fa94-04c1-424b-9868-57a2d4851a1d" />
    <TestEntry testId="3115f456-ece1-1790-9284-157082a1d43c" executionId="ce2dfa9a-2499-447d-836c-f2bc220c5c8f" testListId="8c84fa94-04c1-424b-9868-57a2d4851a1d" />
    <TestEntry testId="9c4bd49d-31a4-6530-0f02-8fe23a54becf" executionId="220ef7dc-7453-44e8-ab61-b50e3daba6ff" testListId="8c84fa94-04c1-424b-9868-57a2d4851a1d" />
    <TestEntry testId="516b5511-ab51-be62-9f5e-ce253f082ce3" executionId="de82648a-aebf-4f2e-bb4f-9dc58dcbc849" testListId="8c84fa94-04c1-424b-9868-57a2d4851a1d" />
    <TestEntry testId="5128edc8-60ad-8628-2a75-9feb9f8f888b" executionId="bd552a30-6aeb-43fd-b9b8-44896cec7d3e" testListId="8c84fa94-04c1-424b-9868-57a2d4851a1d" />
    <TestEntry testId="187ff446-ae11-3e2e-df34-66d33f545ac9" executionId="db82e183-4e3d-498e-9d3d-8e46719d3ebe" testListId="8c84fa94-04c1-424b-9868-57a2d4851a1d" />
    <TestEntry testId="5250d740-754a-3ba2-19d9-7b7107d87e03" executionId="3735ac65-6c91-455f-9b1b-b33bed0b3a33" testListId="8c84fa94-04c1-424b-9868-57a2d4851a1d" />
    <TestEntry testId="e883dfad-5803-12bb-5b1f-de2527fafd69" executionId="5edae618-4686-44d0-86f9-6d22a345e3d0" testListId="8c84fa94-04c1-424b-9868-57a2d4851a1d" />
    <TestEntry testId="97379147-d8b9-39e9-e5ac-c96169fc4948" executionId="076286a5-18d7-4654-92fa-0f19196e18ce" testListId="8c84fa94-04c1-424b-9868-57a2d4851a1d" />
    <TestEntry testId="927ecc12-27fc-afb1-a7a2-a42476361110" executionId="535b4f78-1995-4500-9f6c-46217da60095" testListId="8c84fa94-04c1-424b-9868-57a2d4851a1d" />
    <TestEntry testId="8231f168-9927-9d00-f91d-f5006f875a5b" executionId="1a8725f0-1f9d-49c5-87bb-5f47f32026f2" testListId="8c84fa94-04c1-424b-9868-57a2d4851a1d" />
    <TestEntry testId="1dbf163c-bf18-d62c-e932-92ef9d3bc71a" executionId="acee0342-1656-4004-a98d-3f5ce84666cc" testListId="8c84fa94-04c1-424b-9868-57a2d4851a1d" />
    <TestEntry testId="74c46e58-3df7-a0cc-53b5-5247c5480908" executionId="2909f60a-634c-4dc3-87cd-22a66cd06ea4" testListId="8c84fa94-04c1-424b-9868-57a2d4851a1d" />
    <TestEntry testId="437f9b9e-301b-15b7-f72b-040911d1fd97" executionId="ad3ac330-48ba-4030-b8fc-e8516f64fec4" testListId="8c84fa94-04c1-424b-9868-57a2d4851a1d" />
    <TestEntry testId="5b94e67b-8161-a4c1-a97f-c638ed8f05ba" executionId="52f483ce-ef04-4bde-b714-b48bb9ff717c" testListId="8c84fa94-04c1-424b-9868-57a2d4851a1d" />
    <TestEntry testId="f8a89fdf-3bc2-915a-c2bf-5b68e643a78c" executionId="29f776f3-0dd9-4a4b-b42a-799abf1c4072" testListId="8c84fa94-04c1-424b-9868-57a2d4851a1d" />
    <TestEntry testId="41b359b4-fccb-bafc-c2ca-d65a5df61c20" executionId="9d4188f3-8870-4160-8ece-f14b014f4ec8" testListId="8c84fa94-04c1-424b-9868-57a2d4851a1d" />
    <TestEntry testId="1089b26f-11d1-1b14-2fb8-2326613cba50" executionId="11666865-f221-4cee-96d2-ab23e71546f6" testListId="8c84fa94-04c1-424b-9868-57a2d4851a1d" />
    <TestEntry testId="dc62b2c0-66b3-fee4-dcd7-e086c4c46187" executionId="6b5050c8-efe0-4c6e-be46-c985ef465a73" testListId="8c84fa94-04c1-424b-9868-57a2d4851a1d" />
    <TestEntry testId="cce4bcb7-a8a4-30d2-f887-eca92f2b74be" executionId="8b854333-56ac-43d3-a2b2-31b4cef6febe" testListId="8c84fa94-04c1-424b-9868-57a2d4851a1d" />
    <TestEntry testId="abfa73e9-0257-16cb-29aa-f2c99faf213f" executionId="60136319-8266-412a-9a2e-f212d1d03d6f" testListId="8c84fa94-04c1-424b-9868-57a2d4851a1d" />
    <TestEntry testId="24b020ea-ff8d-51dc-4354-4d878d866f45" executionId="2adcf109-fd18-4c9a-8119-1d1c5ebb93ea" testListId="8c84fa94-04c1-424b-9868-57a2d4851a1d" />
    <TestEntry testId="53592f08-0da7-0cd5-09c9-a1ba0d87949c" executionId="463be0a6-c2c9-4707-b005-5a0ccb33f727" testListId="8c84fa94-04c1-424b-9868-57a2d4851a1d" />
    <TestEntry testId="cc1dc38d-e485-bd07-2880-7ffdde1c97ec" executionId="5345577c-84d6-4d30-a18b-e4c3c388ecef" testListId="8c84fa94-04c1-424b-9868-57a2d4851a1d" />
    <TestEntry testId="585749df-18b6-91ed-3a17-d18e3a118780" executionId="a6dbc380-e7d7-489b-b61f-470299b54864" testListId="8c84fa94-04c1-424b-9868-57a2d4851a1d" />
    <TestEntry testId="5d6d527c-ff6b-65d9-2afb-cc1214f1f646" executionId="5d8ea06e-86a2-45c0-8746-4614b46a9914" testListId="8c84fa94-04c1-424b-9868-57a2d4851a1d" />
    <TestEntry testId="0786cd9f-2220-51d9-4156-4d742eda00d4" executionId="56c77a74-1a0d-4571-9fc1-df3ec1f62050" testListId="8c84fa94-04c1-424b-9868-57a2d4851a1d" />
    <TestEntry testId="c1e9fd41-ccc9-89c1-34d7-2e348277c312" executionId="1e6fd0fb-b80f-4e6d-950d-c24b4402a9bc" testListId="8c84fa94-04c1-424b-9868-57a2d4851a1d" />
    <TestEntry testId="fce1fb25-ab7d-1dd5-5d83-ba39255b0e9a" executionId="41315393-38b0-43d4-b74b-bb246ee4a82e" testListId="8c84fa94-04c1-424b-9868-57a2d4851a1d" />
    <TestEntry testId="d43526e9-cec8-6f67-27fe-2d630de644f9" executionId="f3beebec-194d-402e-9c72-5d55d43ce698" testListId="8c84fa94-04c1-424b-9868-57a2d4851a1d" />
    <TestEntry testId="f05cedeb-e83b-1e7e-3928-23724172eea5" executionId="788a6085-b286-4204-8083-71242b701bce" testListId="8c84fa94-04c1-424b-9868-57a2d4851a1d" />
    <TestEntry testId="f7ccf265-e80b-872a-2ee9-60a9a3351b24" executionId="4d50d3ca-6e0c-4929-a193-3e1b5375816f" testListId="8c84fa94-04c1-424b-9868-57a2d4851a1d" />
    <TestEntry testId="b7cda526-0758-c938-af92-6a6e25e8efc9" executionId="464efa6b-1a0e-410c-b0c1-ac5410f3d183" testListId="8c84fa94-04c1-424b-9868-57a2d4851a1d" />
    <TestEntry testId="8b7765b0-2273-0340-cca9-006e0a342472" executionId="153b75d3-ed24-4579-9d62-37be4c717a74" testListId="8c84fa94-04c1-424b-9868-57a2d4851a1d" />
    <TestEntry testId="e4619fb0-2f02-c154-40bc-f54ee36b9b38" executionId="0594d936-606e-4f95-b082-03390a6559d5" testListId="8c84fa94-04c1-424b-9868-57a2d4851a1d" />
    <TestEntry testId="60a682be-767f-9c17-a43b-33d1adbef252" executionId="577a67c8-f2c5-4a85-bed3-55bbeafadbde" testListId="8c84fa94-04c1-424b-9868-57a2d4851a1d" />
    <TestEntry testId="9805b897-cbb6-397d-b557-62afcb8b9211" executionId="bfa1c456-5be9-4eab-8838-62f38e9f2e55" testListId="8c84fa94-04c1-424b-9868-57a2d4851a1d" />
    <TestEntry testId="3f2238c8-a9eb-4aa1-b9fa-c736db0a92cb" executionId="20687768-82c0-454d-aea2-41a58d1e0319" testListId="8c84fa94-04c1-424b-9868-57a2d4851a1d" />
    <TestEntry testId="7810a33a-ed10-21b4-237d-f07ca1a37883" executionId="fe589131-e994-4ff9-b6ef-bddc335627f1" testListId="8c84fa94-04c1-424b-9868-57a2d4851a1d" />
    <TestEntry testId="48288144-3004-3fb6-5971-16808e53c3e3" executionId="200010a7-afe4-403a-b10c-4d99bab68609" testListId="8c84fa94-04c1-424b-9868-57a2d4851a1d" />
    <TestEntry testId="59c1b068-0fcd-d32e-da01-b21421cb74d4" executionId="05392111-d515-4ee6-9590-164ee3dca12c" testListId="8c84fa94-04c1-424b-9868-57a2d4851a1d" />
    <TestEntry testId="bc66b42a-da4a-96c7-2103-52f52cf67ffd" executionId="8a799def-2447-4fd8-bfb0-ea98457af573" testListId="8c84fa94-04c1-424b-9868-57a2d4851a1d" />
    <TestEntry testId="a5770765-4612-4372-f1a9-727a017fca24" executionId="f6348091-760f-4dec-968a-0a918fbaaec5" testListId="8c84fa94-04c1-424b-9868-57a2d4851a1d" />
    <TestEntry testId="7ef81c0c-3038-9435-7857-ab17f80f7cdb" executionId="1918c02a-f636-4ee3-a92d-af14efa2cd6b" testListId="8c84fa94-04c1-424b-9868-57a2d4851a1d" />
    <TestEntry testId="ab17e4f5-654f-3749-a1be-206a5019e954" executionId="6c1dbd53-63e5-4644-927f-78757b3ffe4e" testListId="8c84fa94-04c1-424b-9868-57a2d4851a1d" />
    <TestEntry testId="9be21e93-9fc5-d98c-6abd-02370621f63e" executionId="d3791545-67dd-4368-ab31-19136aeb51fa" testListId="8c84fa94-04c1-424b-9868-57a2d4851a1d" />
    <TestEntry testId="cc336df8-b701-eea1-c754-b46ee3091b03" executionId="93b376a8-8437-45f8-b1ae-ef5e32512ca5" testListId="8c84fa94-04c1-424b-9868-57a2d4851a1d" />
    <TestEntry testId="dc3d8a1b-91eb-4926-ce54-153010e68cad" executionId="52109f23-93c1-4059-ae07-06949f3dabc7" testListId="8c84fa94-04c1-424b-9868-57a2d4851a1d" />
    <TestEntry testId="67c0dda5-90c3-5662-c072-7db17a34e9f0" executionId="cb182c72-95d4-426b-b88d-a35d2dd3a0b3" testListId="8c84fa94-04c1-424b-9868-57a2d4851a1d" />
    <TestEntry testId="e3433c1d-41f7-b660-a894-db56a9b283f4" executionId="448e43e4-2121-4709-9cf1-6064283a2aff" testListId="8c84fa94-04c1-424b-9868-57a2d4851a1d" />
    <TestEntry testId="f06ae6c9-50ad-cafd-2eae-e83fde29317d" executionId="849d827a-ef50-45d4-aa25-5ddb3df1fa1f" testListId="8c84fa94-04c1-424b-9868-57a2d4851a1d" />
    <TestEntry testId="47dc67ee-ce10-2cea-0c24-ab118e917beb" executionId="2ae1f16d-b95d-459c-b81a-b8b7aada4baa" testListId="8c84fa94-04c1-424b-9868-57a2d4851a1d" />
    <TestEntry testId="095ad9f7-04a5-8bcb-02fd-fdd6dab3a934" executionId="2ba8c376-20fb-4c64-81f5-11249ab729d9" testListId="8c84fa94-04c1-424b-9868-57a2d4851a1d" />
    <TestEntry testId="cf8a559d-45fb-9221-5781-06292f54735a" executionId="fbe09418-5adf-4a40-a632-adb0e85e4d02" testListId="8c84fa94-04c1-424b-9868-57a2d4851a1d" />
    <TestEntry testId="58d6d3e1-eb4b-146c-6475-5a89377fd38d" executionId="a3fe1f4a-abbb-4cd5-bf3e-62c09f3451a9" testListId="8c84fa94-04c1-424b-9868-57a2d4851a1d" />
    <TestEntry testId="d0fa0570-460f-ec62-156b-5af9612d66a8" executionId="a939234e-5c6a-4e8d-9f5a-2754c418e27f" testListId="8c84fa94-04c1-424b-9868-57a2d4851a1d" />
    <TestEntry testId="d52400d3-aadd-aa81-a16e-1863a2b50655" executionId="7e1b4357-e0eb-4b1e-b0b1-b95890e3e059" testListId="8c84fa94-04c1-424b-9868-57a2d4851a1d" />
    <TestEntry testId="a607d0ef-948b-6788-8be8-6f42840aa828" executionId="5ff0aa93-805f-40f3-9b0a-e7ac8311f4e3" testListId="8c84fa94-04c1-424b-9868-57a2d4851a1d" />
    <TestEntry testId="f746e85d-5530-5c7f-8b39-c9d23cfa24b9" executionId="e797c127-3194-4f40-97d2-0e5e1b38acfd" testListId="8c84fa94-04c1-424b-9868-57a2d4851a1d" />
    <TestEntry testId="dd89f673-671f-182c-819f-0c99c5f63d13" executionId="4060b408-d560-4936-ad75-048b6a8807f4" testListId="8c84fa94-04c1-424b-9868-57a2d4851a1d" />
    <TestEntry testId="1c428206-078b-ef8a-981a-72b75853f6ff" executionId="7877990d-de1f-4287-aceb-35a07748f142" testListId="8c84fa94-04c1-424b-9868-57a2d4851a1d" />
    <TestEntry testId="20da3b3a-c531-7fe5-3776-1e7b0c6c1d26" executionId="fd06005a-68ec-4181-8292-d21820652fbe" testListId="8c84fa94-04c1-424b-9868-57a2d4851a1d" />
    <TestEntry testId="4fd1e2d8-0d90-8547-c5f7-6f4689c0269c" executionId="90192cd0-290e-4279-9fe1-a27495090e6f" testListId="8c84fa94-04c1-424b-9868-57a2d4851a1d" />
    <TestEntry testId="17dbb37c-0ae3-4711-733a-8ec5b81611d9" executionId="840d1884-74ef-4740-92c7-0adb0ac39d9f" testListId="8c84fa94-04c1-424b-9868-57a2d4851a1d" />
    <TestEntry testId="01f8b1a1-47e4-68c0-8cf3-4a745a731823" executionId="ace1422e-a3b2-4926-9a1a-3918609b456f" testListId="8c84fa94-04c1-424b-9868-57a2d4851a1d" />
    <TestEntry testId="2e2345f0-0d5a-ea86-479d-222f77025a6a" executionId="52c8729c-de98-485c-a902-37dfbdb8a442" testListId="8c84fa94-04c1-424b-9868-57a2d4851a1d" />
    <TestEntry testId="96921323-114c-162a-b25a-d2db1a76a43f" executionId="8f3f688b-e5c2-44fb-a5a6-463d133b5f0f" testListId="8c84fa94-04c1-424b-9868-57a2d4851a1d" />
    <TestEntry testId="b7695dc8-52d4-1e66-b81e-a27de7f041fc" executionId="1fa2a153-b684-403f-a5f3-a0964d524716" testListId="8c84fa94-04c1-424b-9868-57a2d4851a1d" />
    <TestEntry testId="3c12eda2-b3ce-445c-ab96-ec2f1aa7f5f7" executionId="64d7c483-32bb-4d15-bbfb-c15b493f2d9e" testListId="8c84fa94-04c1-424b-9868-57a2d4851a1d" />
    <TestEntry testId="28a5e352-3d95-d1b8-53ef-7edd0326a49c" executionId="ba5748dd-59aa-4ba5-8931-a5f5e19217a7" testListId="8c84fa94-04c1-424b-9868-57a2d4851a1d" />
    <TestEntry testId="9f4c88b5-75b1-89cf-0e7e-8e0e67eff9e0" executionId="2af74e26-d3e8-4580-8835-ac5d4c1ba057" testListId="8c84fa94-04c1-424b-9868-57a2d4851a1d" />
    <TestEntry testId="47bac687-f373-0ca2-6e08-37ce4bb5fb7e" executionId="f61bd75a-1d00-4a6d-8414-3a8dfa6a6f57" testListId="8c84fa94-04c1-424b-9868-57a2d4851a1d" />
  </TestEntries>
  <TestLists>
    <TestList name="Results Not in a List" id="8c84fa94-04c1-424b-9868-57a2d4851a1d" />
    <TestList name="All Loaded Results" id="19431567-8539-422a-85d7-44ee4e166bda" />
  </TestLists>
  <ResultSummary outcome="Failed">
    <Counters total="170" executed="169" passed="166" failed="3" error="0" timeout="0" aborted="0" inconclusive="0" passedButRunAborted="0" notRunnable="0" notExecuted="0" disconnected="0" warning="0" completed="0" inProgress="0" pending="0" />
    <Output>
      <StdOut>[xUnit.net 00:00:00.00] xUnit.net VSTest Adapter v2.5.3.1+6b60a9e56a (64-bit .NET 8.0.20)
[xUnit.net 00:00:00.09]   Discovering: Tests.Integration.Backend
[xUnit.net 00:00:00.14]   Discovered:  Tests.Integration.Backend
[xUnit.net 00:00:00.15]   Starting:    Tests.Integration.Backend
[04:17:50 INF] Starting Crud API application {"Application": "Crud.Api"}
[04:17:50 INF] Using SQLite provider with connection: Data Source=TestDatabase.db {"Application": "Crud.Api"}
[04:17:51 WRN] Sensitive data logging is enabled. Log entries and exception messages may include sensitive application data; this mode should only be enabled during development. {"EventId": {"Id": 10400, "Name": "Microsoft.EntityFrameworkCore.Infrastructure.SensitiveDataLoggingEnabledWarning"}, "SourceContext": "Microsoft.EntityFrameworkCore.Model.Validation", "Application": "Crud.Api"}
[04:17:51 WRN] The property 'User.Roles' is a collection or enumeration type with a value converter but with no value comparer. Set a value comparer to ensure the collection/enumeration elements are compared correctly. {"EventId": {"Id": 10620, "Name": "Microsoft.EntityFrameworkCore.Model.Validation.CollectionWithoutComparer"}, "SourceContext": "Microsoft.EntityFrameworkCore.Model.Validation", "Application": "Crud.Api"}
[04:17:51 INF] Database ensured successfully {"Application": "Crud.Api"}
[04:17:51 INF] Application configured successfully. Starting web host... {"Application": "Crud.Api"}
[04:17:51 WRN] No XML encryptor configured. Key {59832ad5-7cad-4db7-9906-1f984261c8ba} may be persisted to storage in unencrypted form. {"EventId": {"Id": 35, "Name": "NoXMLEncryptorConfiguredKeyMayBePersistedToStorageInUnencryptedForm"}, "SourceContext": "Microsoft.AspNetCore.DataProtection.KeyManagement.XmlKeyManager", "Application": "Crud.Api"}
[04:17:51 INF] Resetting database for worker 18274 {"SourceContext": "Infrastructure.Services.DatabaseTestService", "Application": "Crud.Api"}
[04:17:51 INF] Resetting database via file deletion for worker 18274 in CI environment {"SourceContext": "Infrastructure.Services.DatabaseTestService", "Application": "Crud.Api"}
[04:17:51 INF] Acquiring database mutex for worker 18274... {"SourceContext": "Infrastructure.Services.DatabaseTestService", "Application": "Crud.Api"}
[04:17:51 INF] Database mutex acquired for worker 18274 {"SourceContext": "Infrastructure.Services.DatabaseTestService", "Application": "Crud.Api"}
[04:17:51 INF] Current database state - CanConnect: True {"SourceContext": "Infrastructure.Services.DatabaseTestService", "Application": "Crud.Api"}
[04:17:51 INF] [Phase 0] Closing database connection for worker 18274... {"SourceContext": "Infrastructure.Services.DatabaseTestService", "Application": "Crud.Api"}
[04:17:51 INF] [Phase 0] Connection closed in 0.1579ms {"SourceContext": "Infrastructure.Services.DatabaseTestService", "Application": "Crud.Api"}
[04:17:51 INF] [Phase 1] Starting EnsureDeletedAsync for worker 18274... {"SourceContext": "Infrastructure.Services.DatabaseTestService", "Application": "Crud.Api"}
[04:17:51 INF] [Phase 1] EnsureDeletedAsync completed in 222.3351ms {"SourceContext": "Infrastructure.Services.DatabaseTestService", "Application": "Crud.Api"}
[04:17:51 INF] [Phase 2] Starting EnsureCreatedAsync for worker 18274... {"SourceContext": "Infrastructure.Services.DatabaseTestService", "Application": "Crud.Api"}
[04:17:52 WRN] The property 'User.Roles' is a collection or enumeration type with a value converter but with no value comparer. Set a value comparer to ensure the collection/enumeration elements are compared correctly. {"EventId": {"Id": 10620, "Name": "Microsoft.EntityFrameworkCore.Model.Validation.CollectionWithoutComparer"}, "SourceContext": "Microsoft.EntityFrameworkCore.Model.Validation", "Application": "Crud.Api"}
[04:17:52 INF] [Phase 2] EnsureCreatedAsync completed in 598.6527ms {"SourceContext": "Infrastructure.Services.DatabaseTestService", "Application": "Crud.Api"}
[04:17:52 INF] [Phase 3] Skipping database seeding as requested for worker 18274 {"SourceContext": "Infrastructure.Services.DatabaseTestService", "Application": "Crud.Api"}
[04:17:52 INF] Database reset via file deletion completed for worker 18274 in 926.5453ms (Close: 0.1579ms, Delete: 222.3351ms, Create: 598.6527ms) {"SourceContext": "Infrastructure.Services.DatabaseTestService", "Application": "Crud.Api"}
[04:17:52 INF] Releasing database mutex for worker 18274 {"SourceContext": "Infrastructure.Services.DatabaseTestService", "Application": "Crud.Api"}
[04:17:52 DBG] Cache miss for key: entity:person:070d8b18da6c4c56b553e4b5e9d2ee77 {"SourceContext": "Infrastructure.Services.Caching.InMemoryCacheService", "Application": "Crud.Api"}
[04:17:52 DBG] Set cache value for key: entity:person:070d8b18da6c4c56b553e4b5e9d2ee77 {"SourceContext": "Infrastructure.Services.Caching.InMemoryCacheService", "Application": "Crud.Api"}
[04:17:52 DBG] Removed cache value for key: entity:person:070d8b18da6c4c56b553e4b5e9d2ee77 {"SourceContext": "Infrastructure.Services.Caching.InMemoryCacheService", "Application": "Crud.Api"}
[04:17:52 DBG] Removed cache value for key: list:person {"SourceContext": "Infrastructure.Services.Caching.InMemoryCacheService", "Application": "Crud.Api"}
[04:17:52 INF] Resetting database for worker 18274 {"SourceContext": "Infrastructure.Services.DatabaseTestService", "Application": "Crud.Api"}
[04:17:52 INF] Resetting database via file deletion for worker 18274 in CI environment {"SourceContext": "Infrastructure.Services.DatabaseTestService", "Application": "Crud.Api"}
[04:17:52 INF] Acquiring database mutex for worker 18274... {"SourceContext": "Infrastructure.Services.DatabaseTestService", "Application": "Crud.Api"}
[04:17:52 INF] Database mutex acquired for worker 18274 {"SourceContext": "Infrastructure.Services.DatabaseTestService", "Application": "Crud.Api"}
[04:17:52 INF] Current database state - CanConnect: True {"SourceContext": "Infrastructure.Services.DatabaseTestService", "Application": "Crud.Api"}
[04:17:52 INF] [Phase 0] Closing database connection for worker 18274... {"SourceContext": "Infrastructure.Services.DatabaseTestService", "Application": "Crud.Api"}
[04:17:52 INF] [Phase 0] Connection closed in 0.0028ms {"SourceContext": "Infrastructure.Services.DatabaseTestService", "Application": "Crud.Api"}
[04:17:52 INF] [Phase 1] Starting EnsureDeletedAsync for worker 18274... {"SourceContext": "Infrastructure.Services.DatabaseTestService", "Application": "Crud.Api"}
[04:17:52 INF] [Phase 1] EnsureDeletedAsync completed in 1.7885ms {"SourceContext": "Infrastructure.Services.DatabaseTestService", "Application": "Crud.Api"}
[04:17:53 INF] [Phase 2] Starting EnsureCreatedAsync for worker 18274... {"SourceContext": "Infrastructure.Services.DatabaseTestService", "Application": "Crud.Api"}
[04:17:53 INF] [Phase 2] EnsureCreatedAsync completed in 25.5311ms {"SourceContext": "Infrastructure.Services.DatabaseTestService", "Application": "Crud.Api"}
[04:17:53 INF] [Phase 3] Skipping database seeding as requested for worker 18274 {"SourceContext": "Infrastructure.Services.DatabaseTestService", "Application": "Crud.Api"}
[04:17:53 INF] Database reset via file deletion completed for worker 18274 in 129.4285ms (Close: 0.0028ms, Delete: 1.7885ms, Create: 25.5311ms) {"SourceContext": "Infrastructure.Services.DatabaseTestService", "Application": "Crud.Api"}
[04:17:53 INF] Releasing database mutex for worker 18274 {"SourceContext": "Infrastructure.Services.DatabaseTestService", "Application": "Crud.Api"}
[04:17:53 INF] Resetting database for worker 18274 {"SourceContext": "Infrastructure.Services.DatabaseTestService", "Application": "Crud.Api"}
[04:17:53 INF] Resetting database via file deletion for worker 18274 in CI environment {"SourceContext": "Infrastructure.Services.DatabaseTestService", "Application": "Crud.Api"}
[04:17:53 INF] Acquiring database mutex for worker 18274... {"SourceContext": "Infrastructure.Services.DatabaseTestService", "Application": "Crud.Api"}
[04:17:53 INF] Database mutex acquired for worker 18274 {"SourceContext": "Infrastructure.Services.DatabaseTestService", "Application": "Crud.Api"}
[04:17:53 INF] Current database state - CanConnect: True {"SourceContext": "Infrastructure.Services.DatabaseTestService", "Application": "Crud.Api"}
[04:17:53 INF] [Phase 0] Closing database connection for worker 18274... {"SourceContext": "Infrastructure.Services.DatabaseTestService", "Application": "Crud.Api"}
[04:17:53 INF] [Phase 0] Connection closed in 0.0031ms {"SourceContext": "Infrastructure.Services.DatabaseTestService", "Application": "Crud.Api"}
[04:17:53 INF] [Phase 1] Starting EnsureDeletedAsync for worker 18274... {"SourceContext": "Infrastructure.Services.DatabaseTestService", "Application": "Crud.Api"}
[04:17:53 INF] [Phase 1] EnsureDeletedAsync completed in 2.2812ms {"SourceContext": "Infrastructure.Services.DatabaseTestService", "Application": "Crud.Api"}
[04:17:53 INF] [Phase 2] Starting EnsureCreatedAsync for worker 18274... {"SourceContext": "Infrastructure.Services.DatabaseTestService", "Application": "Crud.Api"}
[04:17:53 INF] [Phase 2] EnsureCreatedAsync completed in 18.9012ms {"SourceContext": "Infrastructure.Services.DatabaseTestService", "Application": "Crud.Api"}
[04:17:53 INF] [Phase 3] Skipping database seeding as requested for worker 18274 {"SourceContext": "Infrastructure.Services.DatabaseTestService", "Application": "Crud.Api"}
[04:17:53 INF] Database reset via file deletion completed for worker 18274 in 123.0248ms (Close: 0.0031ms, Delete: 2.2812ms, Create: 18.9012ms) {"SourceContext": "Infrastructure.Services.DatabaseTestService", "Application": "Crud.Api"}
[04:17:53 INF] Releasing database mutex for worker 18274 {"SourceContext": "Infrastructure.Services.DatabaseTestService", "Application": "Crud.Api"}
[04:17:53 INF] Resetting database for worker 18274 {"SourceContext": "Infrastructure.Services.DatabaseTestService", "Application": "Crud.Api"}
[04:17:53 INF] Resetting database via file deletion for worker 18274 in CI environment {"SourceContext": "Infrastructure.Services.DatabaseTestService", "Application": "Crud.Api"}
[04:17:53 INF] Acquiring database mutex for worker 18274... {"SourceContext": "Infrastructure.Services.DatabaseTestService", "Application": "Crud.Api"}
[04:17:53 INF] Database mutex acquired for worker 18274 {"SourceContext": "Infrastructure.Services.DatabaseTestService", "Application": "Crud.Api"}
[04:17:53 INF] Current database state - CanConnect: True {"SourceContext": "Infrastructure.Services.DatabaseTestService", "Application": "Crud.Api"}
[04:17:53 INF] [Phase 0] Closing database connection for worker 18274... {"SourceContext": "Infrastructure.Services.DatabaseTestService", "Application": "Crud.Api"}
[04:17:53 INF] [Phase 0] Connection closed in 0.0028ms {"SourceContext": "Infrastructure.Services.DatabaseTestService", "Application": "Crud.Api"}
[04:17:53 INF] [Phase 1] Starting EnsureDeletedAsync for worker 18274... {"SourceContext": "Infrastructure.Services.DatabaseTestService", "Application": "Crud.Api"}
[04:17:53 INF] [Phase 1] EnsureDeletedAsync completed in 1.6847ms {"SourceContext": "Infrastructure.Services.DatabaseTestService", "Application": "Crud.Api"}
[04:17:53 INF] [Phase 2] Starting EnsureCreatedAsync for worker 18274... {"SourceContext": "Infrastructure.Services.DatabaseTestService", "Application": "Crud.Api"}
[04:17:53 INF] [Phase 2] EnsureCreatedAsync completed in 20.6708ms {"SourceContext": "Infrastructure.Services.DatabaseTestService", "Application": "Crud.Api"}
[04:17:53 INF] [Phase 3] Skipping database seeding as requested for worker 18274 {"SourceContext": "Infrastructure.Services.DatabaseTestService", "Application": "Crud.Api"}
[04:17:53 INF] Database reset via file deletion completed for worker 18274 in 123.5171ms (Close: 0.0028ms, Delete: 1.6847ms, Create: 20.6708ms) {"SourceContext": "Infrastructure.Services.DatabaseTestService", "Application": "Crud.Api"}
[04:17:53 INF] Releasing database mutex for worker 18274 {"SourceContext": "Infrastructure.Services.DatabaseTestService", "Application": "Crud.Api"}
[04:17:53 INF] Resetting database for worker 18274 {"SourceContext": "Infrastructure.Services.DatabaseTestService", "Application": "Crud.Api"}
[04:17:53 INF] Resetting database via file deletion for worker 18274 in CI environment {"SourceContext": "Infrastructure.Services.DatabaseTestService", "Application": "Crud.Api"}
[04:17:53 INF] Acquiring database mutex for worker 18274... {"SourceContext": "Infrastructure.Services.DatabaseTestService", "Application": "Crud.Api"}
[04:17:53 INF] Database mutex acquired for worker 18274 {"SourceContext": "Infrastructure.Services.DatabaseTestService", "Application": "Crud.Api"}
[04:17:53 INF] Current database state - CanConnect: True {"SourceContext": "Infrastructure.Services.DatabaseTestService", "Application": "Crud.Api"}
[04:17:53 INF] [Phase 0] Closing database connection for worker 18274... {"SourceContext": "Infrastructure.Services.DatabaseTestService", "Application": "Crud.Api"}
[04:17:53 INF] [Phase 0] Connection closed in 0.0036ms {"SourceContext": "Infrastructure.Services.DatabaseTestService", "Application": "Crud.Api"}
[04:17:53 INF] [Phase 1] Starting EnsureDeletedAsync for worker 18274... {"SourceContext": "Infrastructure.Services.DatabaseTestService", "Application": "Crud.Api"}
[04:17:53 INF] [Phase 1] EnsureDeletedAsync completed in 1.9937ms {"SourceContext": "Infrastructure.Services.DatabaseTestService", "Application": "Crud.Api"}
[04:17:53 INF] [Phase 2] Starting EnsureCreatedAsync for worker 18274... {"SourceContext": "Infrastructure.Services.DatabaseTestService", "Application": "Crud.Api"}
[04:17:53 INF] [Phase 2] EnsureCreatedAsync completed in 18.6935ms {"SourceContext": "Infrastructure.Services.DatabaseTestService", "Application": "Crud.Api"}
[04:17:53 INF] [Phase 3] Skipping database seeding as requested for worker 18274 {"SourceContext": "Infrastructure.Services.DatabaseTestService", "Application": "Crud.Api"}
[04:17:53 INF] Database reset via file deletion completed for worker 18274 in 121.7104ms (Close: 0.0036ms, Delete: 1.9937ms, Create: 18.6935ms) {"SourceContext": "Infrastructure.Services.DatabaseTestService", "Application": "Crud.Api"}
[04:17:53 INF] Releasing database mutex for worker 18274 {"SourceContext": "Infrastructure.Services.DatabaseTestService", "Application": "Crud.Api"}
[04:17:53 INF] Resetting database for worker 18274 {"SourceContext": "Infrastructure.Services.DatabaseTestService", "Application": "Crud.Api"}
[04:17:53 INF] Resetting database via file deletion for worker 18274 in CI environment {"SourceContext": "Infrastructure.Services.DatabaseTestService", "Application": "Crud.Api"}
[04:17:53 INF] Acquiring database mutex for worker 18274... {"SourceContext": "Infrastructure.Services.DatabaseTestService", "Application": "Crud.Api"}
[04:17:53 INF] Database mutex acquired for worker 18274 {"SourceContext": "Infrastructure.Services.DatabaseTestService", "Application": "Crud.Api"}
[04:17:53 INF] Current database state - CanConnect: True {"SourceContext": "Infrastructure.Services.DatabaseTestService", "Application": "Crud.Api"}
[04:17:53 INF] [Phase 0] Closing database connection for worker 18274... {"SourceContext": "Infrastructure.Services.DatabaseTestService", "Application": "Crud.Api"}
[04:17:53 INF] [Phase 0] Connection closed in 0.0027ms {"SourceContext": "Infrastructure.Services.DatabaseTestService", "Application": "Crud.Api"}
[04:17:53 INF] [Phase 1] Starting EnsureDeletedAsync for worker 18274... {"SourceContext": "Infrastructure.Services.DatabaseTestService", "Application": "Crud.Api"}
[04:17:53 INF] [Phase 1] EnsureDeletedAsync completed in 1.375ms {"SourceContext": "Infrastructure.Services.DatabaseTestService", "Application": "Crud.Api"}
[04:17:53 INF] [Phase 2] Starting EnsureCreatedAsync for worker 18274... {"SourceContext": "Infrastructure.Services.DatabaseTestService", "Application": "Crud.Api"}
[04:17:53 INF] [Phase 2] EnsureCreatedAsync completed in 26.7531ms {"SourceContext": "Infrastructure.Services.DatabaseTestService", "Application": "Crud.Api"}
[04:17:53 INF] [Phase 3] Skipping database seeding as requested for worker 18274 {"SourceContext": "Infrastructure.Services.DatabaseTestService", "Application": "Crud.Api"}
[04:17:53 INF] Database reset via file deletion completed for worker 18274 in 129.8837ms (Close: 0.0027ms, Delete: 1.375ms, Create: 26.7531ms) {"SourceContext": "Infrastructure.Services.DatabaseTestService", "Application": "Crud.Api"}
[04:17:53 INF] Releasing database mutex for worker 18274 {"SourceContext": "Infrastructure.Services.DatabaseTestService", "Application": "Crud.Api"}
Resource associated with Metric:
    deployment.environment: Testing
    service.name: Crud.Api
    service.version: 1.0.0
    service.instance.id: 8958bff5-028e-43b0-8103-5553bc095d18
    telemetry.sdk.name: opentelemetry
    telemetry.sdk.language: dotnet
    telemetry.sdk.version: 1.8.1
[04:17:53 INF] Starting Crud API application {"Application": "Crud.Api"}
[04:17:53 INF] Using SQLite provider with connection: Data Source=TestDatabase.db {"Application": "Crud.Api"}
[04:17:53 WRN] The property 'User.Roles' is a collection or enumeration type with a value converter but with no value comparer. Set a value comparer to ensure the collection/enumeration elements are compared correctly. {"EventId": {"Id": 10620, "Name": "Microsoft.EntityFrameworkCore.Model.Validation.CollectionWithoutComparer"}, "SourceContext": "Microsoft.EntityFrameworkCore.Model.Validation", "Application": "Crud.Api"}
[04:17:53 WRN] The property 'User.Roles' is a collection or enumeration type with a value converter but with no value comparer. Set a value comparer to ensure the collection/enumeration elements are compared correctly. {"EventId": {"Id": 10620, "Name": "Microsoft.EntityFrameworkCore.Model.Validation.CollectionWithoutComparer"}, "SourceContext": "Microsoft.EntityFrameworkCore.Model.Validation", "Application": "Crud.Api"}
[04:17:53 INF] Database ensured successfully {"Application": "Crud.Api"}
[04:17:53 INF] Application configured successfully. Starting web host... {"Application": "Crud.Api"}
[04:17:53 WRN] Failed to determine the https port for redirect. {"EventId": {"Id": 3, "Name": "FailedToDeterminePort"}, "SourceContext": "Microsoft.AspNetCore.HttpsPolicy.HttpsRedirectionMiddleware", "RequestId": "0HNFGT8MUJP3U", "RequestPath": "/index.html", "Application": "Crud.Api"}
Activity.TraceId:            4ef333e0eb045999fe67e2d114bc47d4
Activity.SpanId:             9999ed21f961bd5e
Activity.TraceFlags:         Recorded
Activity.ActivitySourceName: Microsoft.AspNetCore
Activity.DisplayName:        GET
Activity.Kind:               Server
Activity.StartTime:          2025-09-11T04:17:53.9755636Z
Activity.Duration:           00:00:00.0379942
Activity.Tags:
    server.address: localhost
    http.request.method: GET
    url.scheme: http
    url.path: /index.html
    network.protocol.version: 1.1
    http.response.status_code: 200
Resource associated with Activity:
    deployment.environment: Testing
    service.name: Crud.Api
    service.version: 1.0.0
    service.instance.id: 8958bff5-028e-43b0-8103-5553bc095d18
    telemetry.sdk.name: opentelemetry
    telemetry.sdk.language: dotnet
    telemetry.sdk.version: 1.8.1
Activity.TraceId:            79ad5fb4ed7a6f071e00ccbb655ae1d8
Activity.SpanId:             258a64a3c50def5b
Activity.TraceFlags:         Recorded
Activity.ActivitySourceName: Microsoft.AspNetCore
Activity.DisplayName:        GET
Activity.Kind:               Server
Activity.StartTime:          2025-09-11T04:17:54.0164029Z
Activity.Duration:           00:00:00.0037648
Activity.Tags:
    server.address: localhost
    http.request.method: GET
    url.scheme: http
    url.path: /js/test.js
    network.protocol.version: 1.1
    http.response.status_code: 200
Resource associated with Activity:
    deployment.environment: Testing
    service.name: Crud.Api
    service.version: 1.0.0
    service.instance.id: 8958bff5-028e-43b0-8103-5553bc095d18
    telemetry.sdk.name: opentelemetry
    telemetry.sdk.language: dotnet
    telemetry.sdk.version: 1.8.1
Activity.TraceId:            b54d069e3d683588168a0f992a75907c
Activity.SpanId:             45a98c6dcc29df87
Activity.TraceFlags:         Recorded
Activity.ActivitySourceName: Microsoft.AspNetCore
Activity.DisplayName:        GET
Activity.Kind:               Server
Activity.StartTime:          2025-09-11T04:17:54.0233109Z
Activity.Duration:           00:00:00.0054734
Activity.Tags:
    server.address: localhost
    http.request.method: GET
    url.scheme: http
    url.path: /css/test.css
    network.protocol.version: 1.1
    http.response.status_code: 200
Resource associated with Activity:
    deployment.environment: Testing
    service.name: Crud.Api
    service.version: 1.0.0
    service.instance.id: 8958bff5-028e-43b0-8103-5553bc095d18
    telemetry.sdk.name: opentelemetry
    telemetry.sdk.language: dotnet
    telemetry.sdk.version: 1.8.1
Activity.TraceId:            11002114f9fb630d291617f8173c90e6
Activity.SpanId:             71fdd14939dda443
Activity.TraceFlags:         Recorded
Activity.ActivitySourceName: Microsoft.AspNetCore
Activity.DisplayName:        GET
Activity.Kind:               Server
Activity.StartTime:          2025-09-11T04:17:54.0313884Z
Activity.Duration:           00:00:00.0008721
Activity.Tags:
    server.address: localhost
    http.request.method: GET
    url.scheme: http
    url.path: /css/test.css
    network.protocol.version: 1.1
    http.response.status_code: 200
Resource associated with Activity:
    deployment.environment: Testing
    service.name: Crud.Api
    service.version: 1.0.0
    service.instance.id: 8958bff5-028e-43b0-8103-5553bc095d18
    telemetry.sdk.name: opentelemetry
    telemetry.sdk.language: dotnet
    telemetry.sdk.version: 1.8.1
Activity.TraceId:            7d7511f16c3ee5011811b5a16ea2eaa7
Activity.SpanId:             8170294ccfd30eeb
Activity.TraceFlags:         Recorded
Activity.ActivitySourceName: Microsoft.AspNetCore
Activity.DisplayName:        GET
Activity.Kind:               Server
Activity.StartTime:          2025-09-11T04:17:54.0345509Z
Activity.Duration:           00:00:00.0004884
Activity.Tags:
    server.address: localhost
    http.request.method: GET
    url.scheme: http
    url.path: /css/test.css
    network.protocol.version: 1.1
    http.response.status_code: 200
Resource associated with Activity:
    deployment.environment: Testing
    service.name: Crud.Api
    service.version: 1.0.0
    service.instance.id: 8958bff5-028e-43b0-8103-5553bc095d18
    telemetry.sdk.name: opentelemetry
    telemetry.sdk.language: dotnet
    telemetry.sdk.version: 1.8.1
Activity.TraceId:            99124f819decf1ac510b26ddb98db83b
Activity.SpanId:             91f138b5eaa8210e
Activity.TraceFlags:         Recorded
Activity.ActivitySourceName: Microsoft.AspNetCore
Activity.DisplayName:        GET
Activity.Kind:               Server
Activity.StartTime:          2025-09-11T04:17:54.0362232Z
Activity.Duration:           00:00:00.0002093
Activity.Tags:
    server.address: localhost
    http.request.method: GET
    url.scheme: http
    url.path: /js/test.js
    network.protocol.version: 1.1
    http.response.status_code: 200
Resource associated with Activity:
    deployment.environment: Testing
    service.name: Crud.Api
    service.version: 1.0.0
    service.instance.id: 8958bff5-028e-43b0-8103-5553bc095d18
    telemetry.sdk.name: opentelemetry
    telemetry.sdk.language: dotnet
    telemetry.sdk.version: 1.8.1
Activity.TraceId:            fac1c6874cac90c2f4f867b239b5dfdd
Activity.SpanId:             3615670384791040
Activity.TraceFlags:         Recorded
Activity.ActivitySourceName: Microsoft.AspNetCore
Activity.DisplayName:        GET
Activity.Kind:               Server
Activity.StartTime:          2025-09-11T04:17:54.0366559Z
Activity.Duration:           00:00:00.0005769
Activity.Tags:
    server.address: localhost
    http.request.method: GET
    url.scheme: http
    url.path: /index.html
    network.protocol.version: 1.1
    http.response.status_code: 200
Resource associated with Activity:
    deployment.environment: Testing
    service.name: Crud.Api
    service.version: 1.0.0
    service.instance.id: 8958bff5-028e-43b0-8103-5553bc095d18
    telemetry.sdk.name: opentelemetry
    telemetry.sdk.language: dotnet
    telemetry.sdk.version: 1.8.1
Activity.TraceId:            318a200b357fd1e63d6ea26607327a0c
Activity.SpanId:             b8b18a5bd14312e1
Activity.TraceFlags:         Recorded
Activity.ActivitySourceName: Microsoft.AspNetCore
Activity.DisplayName:        GET
Activity.Kind:               Server
Activity.StartTime:          2025-09-11T04:17:54.0391262Z
Activity.Duration:           00:00:00.0003296
Activity.Tags:
    server.address: localhost
    http.request.method: GET
    url.scheme: http
    url.path: /css/test.css
    network.protocol.version: 1.1
    http.response.status_code: 200
Resource associated with Activity:
    deployment.environment: Testing
    service.name: Crud.Api
    service.version: 1.0.0
    service.instance.id: 8958bff5-028e-43b0-8103-5553bc095d18
    telemetry.sdk.name: opentelemetry
    telemetry.sdk.language: dotnet
    telemetry.sdk.version: 1.8.1
Activity.TraceId:            cf87e1661d6abcfc356c521f32e50939
Activity.SpanId:             ecbc876cf436c210
Activity.TraceFlags:         Recorded
Activity.ActivitySourceName: Microsoft.AspNetCore
Activity.DisplayName:        GET
Activity.Kind:               Server
Activity.StartTime:          2025-09-11T04:17:54.0404268Z
Activity.Duration:           00:00:00.0001683
Activity.Tags:
    server.address: localhost
    http.request.method: GET
    url.scheme: http
    url.path: /js/test.js
    network.protocol.version: 1.1
    http.response.status_code: 200
Resource associated with Activity:
    deployment.environment: Testing
    service.name: Crud.Api
    service.version: 1.0.0
    service.instance.id: 8958bff5-028e-43b0-8103-5553bc095d18
    telemetry.sdk.name: opentelemetry
    telemetry.sdk.language: dotnet
    telemetry.sdk.version: 1.8.1
Activity.TraceId:            9c276e08d841c537085648de9b443076
Activity.SpanId:             1f0db74aa5973b2b
Activity.TraceFlags:         Recorded
Activity.ActivitySourceName: Microsoft.AspNetCore
Activity.DisplayName:        GET
Activity.Kind:               Server
Activity.StartTime:          2025-09-11T04:17:54.0407602Z
Activity.Duration:           00:00:00.0001762
Activity.Tags:
    server.address: localhost
    http.request.method: GET
    url.scheme: http
    url.path: /index.html
    network.protocol.version: 1.1
    http.response.status_code: 200
Resource associated with Activity:
    deployment.environment: Testing
    service.name: Crud.Api
    service.version: 1.0.0
    service.instance.id: 8958bff5-028e-43b0-8103-5553bc095d18
    telemetry.sdk.name: opentelemetry
    telemetry.sdk.language: dotnet
    telemetry.sdk.version: 1.8.1
Activity.TraceId:            3068d7b27eaecf3c6bdd275674de5f2f
Activity.SpanId:             5e4db5e9e90e8e80
Activity.TraceFlags:         Recorded
Activity.ActivitySourceName: Microsoft.AspNetCore
Activity.DisplayName:        GET
Activity.Kind:               Server
Activity.StartTime:          2025-09-11T04:17:54.0441271Z
Activity.Duration:           00:00:00.0004720
Activity.Tags:
    server.address: localhost
    http.request.method: GET
    url.scheme: http
    url.path: /js/test.js
    network.protocol.version: 1.1
    http.response.status_code: 200
Resource associated with Activity:
    deployment.environment: Testing
    service.name: Crud.Api
    service.version: 1.0.0
    service.instance.id: 8958bff5-028e-43b0-8103-5553bc095d18
    telemetry.sdk.name: opentelemetry
    telemetry.sdk.language: dotnet
    telemetry.sdk.version: 1.8.1
Activity.TraceId:            f6beeb37fde162d1c4a22e2131ba342e
Activity.SpanId:             36f7a7d970c68aa0
Activity.TraceFlags:         Recorded
Activity.ActivitySourceName: Microsoft.AspNetCore
Activity.DisplayName:        GET
Activity.Kind:               Server
Activity.StartTime:          2025-09-11T04:17:54.0467868Z
Activity.Duration:           00:00:00.0004178
Activity.Tags:
    server.address: localhost
    http.request.method: GET
    url.scheme: http
    url.path: /css/test.css
    network.protocol.version: 1.1
    http.response.status_code: 200
Resource associated with Activity:
    deployment.environment: Testing
    service.name: Crud.Api
    service.version: 1.0.0
    service.instance.id: 8958bff5-028e-43b0-8103-5553bc095d18
    telemetry.sdk.name: opentelemetry
    telemetry.sdk.language: dotnet
    telemetry.sdk.version: 1.8.1
Activity.TraceId:            baf385c35385ff4c2f689f6377f315d6
Activity.SpanId:             79f32a23e15f55c3
Activity.TraceFlags:         Recorded
Activity.ActivitySourceName: Microsoft.AspNetCore
Activity.DisplayName:        GET
Activity.Kind:               Server
Activity.StartTime:          2025-09-11T04:17:54.0482700Z
Activity.Duration:           00:00:00.0003282
Activity.Tags:
    server.address: localhost
    http.request.method: GET
    url.scheme: http
    url.path: /css/test.css
    network.protocol.version: 1.1
    http.response.status_code: 200
Resource associated with Activity:
    deployment.environment: Testing
    service.name: Crud.Api
    service.version: 1.0.0
    service.instance.id: 8958bff5-028e-43b0-8103-5553bc095d18
    telemetry.sdk.name: opentelemetry
    telemetry.sdk.language: dotnet
    telemetry.sdk.version: 1.8.1
Activity.TraceId:            4ef10dfdc335acdb52a0f66ebc56879a
Activity.SpanId:             f0e3312665a89008
Activity.TraceFlags:         Recorded
Activity.ActivitySourceName: Microsoft.AspNetCore
Activity.DisplayName:        GET
Activity.Kind:               Server
Activity.StartTime:          2025-09-11T04:17:54.0517702Z
Activity.Duration:           00:00:00.0004408
Activity.Tags:
    server.address: localhost
    http.request.method: GET
    url.scheme: http
    url.path: /css/test.css
    network.protocol.version: 1.1
    http.response.status_code: 200
Resource associated with Activity:
    deployment.environment: Testing
    service.name: Crud.Api
    service.version: 1.0.0
    service.instance.id: 8958bff5-028e-43b0-8103-5553bc095d18
    telemetry.sdk.name: opentelemetry
    telemetry.sdk.language: dotnet
    telemetry.sdk.version: 1.8.1
Activity.TraceId:            c1e2e08bd0ed4dcebd58b82d34fd4582
Activity.SpanId:             2ab72527dfda19e5
Activity.TraceFlags:         Recorded
Activity.ActivitySourceName: Microsoft.AspNetCore
Activity.DisplayName:        GET
Activity.Kind:               Server
Activity.StartTime:          2025-09-11T04:17:54.0532053Z
Activity.Duration:           00:00:00.0003339
Activity.Tags:
    server.address: localhost
    http.request.method: GET
    url.scheme: http
    url.path: /js/test.js
    network.protocol.version: 1.1
    http.response.status_code: 200
Resource associated with Activity:
    deployment.environment: Testing
    service.name: Crud.Api
    service.version: 1.0.0
    service.instance.id: 8958bff5-028e-43b0-8103-5553bc095d18
    telemetry.sdk.name: opentelemetry
    telemetry.sdk.language: dotnet
    telemetry.sdk.version: 1.8.1
Activity.TraceId:            ff0273d9b644ced174464346a172cc6d
Activity.SpanId:             cc39feef98542e7e
Activity.TraceFlags:         Recorded
Activity.ActivitySourceName: Microsoft.AspNetCore
Activity.DisplayName:        GET
Activity.Kind:               Server
Activity.StartTime:          2025-09-11T04:17:54.0536820Z
Activity.Duration:           00:00:00.0003965
Activity.Tags:
    server.address: localhost
    http.request.method: GET
    url.scheme: http
    url.path: /index.html
    network.protocol.version: 1.1
    http.response.status_code: 200
Resource associated with Activity:
    deployment.environment: Testing
    service.name: Crud.Api
    service.version: 1.0.0
    service.instance.id: 8958bff5-028e-43b0-8103-5553bc095d18
    telemetry.sdk.name: opentelemetry
    telemetry.sdk.language: dotnet
    telemetry.sdk.version: 1.8.1
Resource associated with Metric:
    deployment.environment: Testing
    service.name: Crud.Api
    service.version: 1.0.0
    service.instance.id: 8958bff5-028e-43b0-8103-5553bc095d18
    telemetry.sdk.name: opentelemetry
    telemetry.sdk.language: dotnet
    telemetry.sdk.version: 1.8.1
Metric Name: http.server.active_requests, Number of active HTTP server requests., Unit: {request}, Meter: Microsoft.AspNetCore.Hosting
(2025-09-11T04:17:53.9353342Z, 2025-09-11T04:17:54.0561847Z] http.request.method: GET url.scheme: http LongSumNonMonotonic
Value: 0
Metric Name: http.server.request.duration, Duration of HTTP server requests., Unit: s, Meter: Microsoft.AspNetCore.Hosting
(2025-09-11T04:17:53.9353627Z, 2025-09-11T04:17:54.0563805Z] http.request.method: GET http.response.status_code: 200 network.protocol.version: 1.1 url.scheme: http Histogram
Value: Sum: 0.061300200000000006 Count: 16 Min: 0.0001755 Max: 0.0467995 
(-Infinity,0.005]:14
(0.005,0.01]:1
(0.01,0.025]:0
(0.025,0.05]:1
(0.05,0.075]:0
(0.075,0.1]:0
(0.1,0.25]:0
(0.25,0.5]:0
(0.5,0.75]:0
(0.75,1]:0
(1,2.5]:0
(2.5,5]:0
(5,7.5]:0
(7.5,10]:0
(10,+Infinity]:0
Metric Name: aspnetcore.routing.match_attempts, Number of requests that were attempted to be matched to an endpoint., Unit: {match_attempt}, Meter: Microsoft.AspNetCore.Routing
(2025-09-11T04:17:53.9479863Z, 2025-09-11T04:17:54.0563841Z] aspnetcore.routing.match_status: failure LongSum
Value: 16
[04:17:54 INF] Starting Crud API application {"Application": "Crud.Api"}
[04:17:54 INF] Using SQLite provider with connection: Data Source=TestDatabase.db {"Application": "Crud.Api"}
[04:17:54 INF] Database ensured successfully {"Application": "Crud.Api"}
[04:17:54 INF] Application configured successfully. Starting web host... {"Application": "Crud.Api"}
[04:17:54 INF] Resetting database for worker 20938 {"SourceContext": "Infrastructure.Services.DatabaseTestService", "Application": "Crud.Api"}
[04:17:54 INF] Resetting database via file deletion for worker 20938 in CI environment {"SourceContext": "Infrastructure.Services.DatabaseTestService", "Application": "Crud.Api"}
[04:17:54 INF] Acquiring database mutex for worker 20938... {"SourceContext": "Infrastructure.Services.DatabaseTestService", "Application": "Crud.Api"}
[04:17:54 INF] Database mutex acquired for worker 20938 {"SourceContext": "Infrastructure.Services.DatabaseTestService", "Application": "Crud.Api"}
[04:17:54 INF] Current database state - CanConnect: True {"SourceContext": "Infrastructure.Services.DatabaseTestService", "Application": "Crud.Api"}
[04:17:54 INF] [Phase 0] Closing database connection for worker 20938... {"SourceContext": "Infrastructure.Services.DatabaseTestService", "Application": "Crud.Api"}
[04:17:54 INF] [Phase 0] Connection closed in 0.0026ms {"SourceContext": "Infrastructure.Services.DatabaseTestService", "Application": "Crud.Api"}
[04:17:54 INF] [Phase 1] Starting EnsureDeletedAsync for worker 20938... {"SourceContext": "Infrastructure.Services.DatabaseTestService", "Application": "Crud.Api"}
[04:17:54 INF] [Phase 1] EnsureDeletedAsync completed in 2.0126ms {"SourceContext": "Infrastructure.Services.DatabaseTestService", "Application": "Crud.Api"}
[04:17:54 INF] [Phase 2] Starting EnsureCreatedAsync for worker 20938... {"SourceContext": "Infrastructure.Services.DatabaseTestService", "Application": "Crud.Api"}
[04:17:54 INF] [Phase 2] EnsureCreatedAsync completed in 17.3916ms {"SourceContext": "Infrastructure.Services.DatabaseTestService", "Application": "Crud.Api"}
[04:17:54 INF] [Phase 3] Skipping database seeding as requested for worker 20938 {"SourceContext": "Infrastructure.Services.DatabaseTestService", "Application": "Crud.Api"}
[04:17:54 INF] Database reset via file deletion completed for worker 20938 in 121.1969ms (Close: 0.0026ms, Delete: 2.0126ms, Create: 17.3916ms) {"SourceContext": "Infrastructure.Services.DatabaseTestService", "Application": "Crud.Api"}
[04:17:54 INF] Releasing database mutex for worker 20938 {"SourceContext": "Infrastructure.Services.DatabaseTestService", "Application": "Crud.Api"}
[04:17:54 WRN] Failed to determine the https port for redirect. {"EventId": {"Id": 3, "Name": "FailedToDeterminePort"}, "SourceContext": "Microsoft.AspNetCore.HttpsPolicy.HttpsRedirectionMiddleware", "RequestId": "0HNFGT8MUJP4E", "RequestPath": "/api/database/reset", "Application": "Crud.Api"}
[04:17:54 INF] Database reset request received for worker 1 at 09/11/2025 04:17:54 {"SourceContext": "Api.Controllers.DatabaseController", "ActionId": "4aacf318-5169-4c0c-951b-8baa1bd50934", "ActionName": "Api.Controllers.DatabaseController.ResetDatabase (Api)", "RequestId": "0HNFGT8MUJP4E", "RequestPath": "/api/database/reset", "Application": "Crud.Api"}
[04:17:54 WRN] Unauthorized database reset attempt from null {"SourceContext": "Api.Controllers.DatabaseController", "ActionId": "4aacf318-5169-4c0c-951b-8baa1bd50934", "ActionName": "Api.Controllers.DatabaseController.ResetDatabase (Api)", "RequestId": "0HNFGT8MUJP4E", "RequestPath": "/api/database/reset", "Application": "Crud.Api"}
[04:17:54 INF] Resetting database for worker 20938 {"SourceContext": "Infrastructure.Services.DatabaseTestService", "Application": "Crud.Api"}
Activity.TraceId:            80cde303813af2e8f0ab7eee40873a00
Activity.SpanId:             b38d81744dda3e5d
Activity.TraceFlags:         Recorded
Activity.ActivitySourceName: Microsoft.AspNetCore
Activity.DisplayName:        POST api/Database/reset
Activity.Kind:               Server
Activity.StartTime:          2025-09-11T04:17:54.2625059Z
Activity.Duration:           00:00:00.0607556
Activity.Tags:
    server.address: localhost
    http.request.method: POST
    url.scheme: http
    url.path: /api/database/reset
    network.protocol.version: 1.1
    http.route: api/Database/reset
    http.response.status_code: 401
Resource associated with Activity:
    deployment.environment: Testing
    service.name: Crud.Api
    service.version: 1.0.0
    service.instance.id: 8958bff5-028e-43b0-8103-5553bc095d18
    telemetry.sdk.name: opentelemetry
    telemetry.sdk.language: dotnet
    telemetry.sdk.version: 1.8.1
[04:17:54 INF] Resetting database via file deletion for worker 20938 in CI environment {"SourceContext": "Infrastructure.Services.DatabaseTestService", "Application": "Crud.Api"}
[04:17:54 INF] Acquiring database mutex for worker 20938... {"SourceContext": "Infrastructure.Services.DatabaseTestService", "Application": "Crud.Api"}
[04:17:54 INF] Database mutex acquired for worker 20938 {"SourceContext": "Infrastructure.Services.DatabaseTestService", "Application": "Crud.Api"}
[04:17:54 INF] Current database state - CanConnect: True {"SourceContext": "Infrastructure.Services.DatabaseTestService", "Application": "Crud.Api"}
[04:17:54 INF] [Phase 0] Closing database connection for worker 20938... {"SourceContext": "Infrastructure.Services.DatabaseTestService", "Application": "Crud.Api"}
[04:17:54 INF] [Phase 0] Connection closed in 0.0032ms {"SourceContext": "Infrastructure.Services.DatabaseTestService", "Application": "Crud.Api"}
[04:17:54 INF] [Phase 1] Starting EnsureDeletedAsync for worker 20938... {"SourceContext": "Infrastructure.Services.DatabaseTestService", "Application": "Crud.Api"}
[04:17:54 INF] [Phase 1] EnsureDeletedAsync completed in 2.1489ms {"SourceContext": "Infrastructure.Services.DatabaseTestService", "Application": "Crud.Api"}
[04:17:54 INF] [Phase 2] Starting EnsureCreatedAsync for worker 20938... {"SourceContext": "Infrastructure.Services.DatabaseTestService", "Application": "Crud.Api"}
[04:17:54 INF] [Phase 2] EnsureCreatedAsync completed in 17.7165ms {"SourceContext": "Infrastructure.Services.DatabaseTestService", "Application": "Crud.Api"}
[04:17:54 INF] [Phase 3] Skipping database seeding as requested for worker 20938 {"SourceContext": "Infrastructure.Services.DatabaseTestService", "Application": "Crud.Api"}
[04:17:54 INF] Database reset via file deletion completed for worker 20938 in 121.2571ms (Close: 0.0032ms, Delete: 2.1489ms, Create: 17.7165ms) {"SourceContext": "Infrastructure.Services.DatabaseTestService", "Application": "Crud.Api"}
[04:17:54 INF] Releasing database mutex for worker 20938 {"SourceContext": "Infrastructure.Services.DatabaseTestService", "Application": "Crud.Api"}
[04:17:54 INF] Resetting database for worker 20938 {"SourceContext": "Infrastructure.Services.DatabaseTestService", "Application": "Crud.Api"}
[04:17:54 INF] Resetting database via file deletion for worker 20938 in CI environment {"SourceContext": "Infrastructure.Services.DatabaseTestService", "Application": "Crud.Api"}
[04:17:54 INF] Acquiring database mutex for worker 20938... {"SourceContext": "Infrastructure.Services.DatabaseTestService", "Application": "Crud.Api"}
[04:17:54 INF] Database mutex acquired for worker 20938 {"SourceContext": "Infrastructure.Services.DatabaseTestService", "Application": "Crud.Api"}
[04:17:54 INF] Current database state - CanConnect: True {"SourceContext": "Infrastructure.Services.DatabaseTestService", "Application": "Crud.Api"}
[04:17:54 INF] [Phase 0] Closing database connection for worker 20938... {"SourceContext": "Infrastructure.Services.DatabaseTestService", "Application": "Crud.Api"}
[04:17:54 INF] [Phase 0] Connection closed in 0.0022ms {"SourceContext": "Infrastructure.Services.DatabaseTestService", "Application": "Crud.Api"}
[04:17:54 INF] [Phase 1] Starting EnsureDeletedAsync for worker 20938... {"SourceContext": "Infrastructure.Services.DatabaseTestService", "Application": "Crud.Api"}
[04:17:54 INF] [Phase 1] EnsureDeletedAsync completed in 1.7097ms {"SourceContext": "Infrastructure.Services.DatabaseTestService", "Application": "Crud.Api"}
[04:17:54 INF] [Phase 2] Starting EnsureCreatedAsync for worker 20938... {"SourceContext": "Infrastructure.Services.DatabaseTestService", "Application": "Crud.Api"}
[04:17:54 INF] [Phase 2] EnsureCreatedAsync completed in 16.6213ms {"SourceContext": "Infrastructure.Services.DatabaseTestService", "Application": "Crud.Api"}
[04:17:54 INF] [Phase 3] Skipping database seeding as requested for worker 20938 {"SourceContext": "Infrastructure.Services.DatabaseTestService", "Application": "Crud.Api"}
[04:17:54 INF] Database reset via file deletion completed for worker 20938 in 119.6774ms (Close: 0.0022ms, Delete: 1.7097ms, Create: 16.6213ms) {"SourceContext": "Infrastructure.Services.DatabaseTestService", "Application": "Crud.Api"}
[04:17:54 INF] Releasing database mutex for worker 20938 {"SourceContext": "Infrastructure.Services.DatabaseTestService", "Application": "Crud.Api"}
[04:17:54 INF] Seeding database for worker 1 {"SourceContext": "Infrastructure.Services.DatabaseTestService", "ActionId": "a8d9552a-9404-4670-981b-fb0b53b25a0d", "ActionName": "Api.Controllers.DatabaseController.SeedDatabase (Api)", "RequestId": "0HNFGT8MUJP4F", "RequestPath": "/api/database/seed", "Application": "Crud.Api"}
[04:17:54 DBG] Added 3 seed roles {"SourceContext": "Infrastructure.Services.DatabaseTestService", "ActionId": "a8d9552a-9404-4670-981b-fb0b53b25a0d", "ActionName": "Api.Controllers.DatabaseController.SeedDatabase (Api)", "RequestId": "0HNFGT8MUJP4F", "RequestPath": "/api/database/seed", "Application": "Crud.Api"}
[04:17:54 DBG] Added 2 seed people {"SourceContext": "Infrastructure.Services.DatabaseTestService", "ActionId": "a8d9552a-9404-4670-981b-fb0b53b25a0d", "ActionName": "Api.Controllers.DatabaseController.SeedDatabase (Api)", "RequestId": "0HNFGT8MUJP4F", "RequestPath": "/api/database/seed", "Application": "Crud.Api"}
[04:17:54 INF] Database seeding completed for worker 1 {"SourceContext": "Infrastructure.Services.DatabaseTestService", "ActionId": "a8d9552a-9404-4670-981b-fb0b53b25a0d", "ActionName": "Api.Controllers.DatabaseController.SeedDatabase (Api)", "RequestId": "0HNFGT8MUJP4F", "RequestPath": "/api/database/seed", "Application": "Crud.Api"}
Activity.TraceId:            c6732410339018c3b6b8cb99a2de0915
Activity.SpanId:             e413733f673e685d
Activity.TraceFlags:         Recorded
Activity.ActivitySourceName: Microsoft.AspNetCore
Activity.DisplayName:        POST api/Database/seed
Activity.Kind:               Server
Activity.StartTime:          2025-09-11T04:17:54.5711453Z
Activity.Duration:           00:00:00.0242824
Activity.Tags:
    server.address: localhost
    http.request.method: POST
    url.scheme: http
    url.path: /api/database/seed
    network.protocol.version: 1.1
    http.route: api/Database/seed
    http.response.status_code: 200
Resource associated with Activity:
    deployment.environment: Testing
    service.name: Crud.Api
    service.version: 1.0.0
    service.instance.id: 8958bff5-028e-43b0-8103-5553bc095d18
    telemetry.sdk.name: opentelemetry
    telemetry.sdk.language: dotnet
    telemetry.sdk.version: 1.8.1
[04:17:54 INF] Resetting database for worker 20938 {"SourceContext": "Infrastructure.Services.DatabaseTestService", "Application": "Crud.Api"}
[04:17:54 INF] Resetting database via file deletion for worker 20938 in CI environment {"SourceContext": "Infrastructure.Services.DatabaseTestService", "Application": "Crud.Api"}
[04:17:54 INF] Acquiring database mutex for worker 20938... {"SourceContext": "Infrastructure.Services.DatabaseTestService", "Application": "Crud.Api"}
[04:17:54 INF] Database mutex acquired for worker 20938 {"SourceContext": "Infrastructure.Services.DatabaseTestService", "Application": "Crud.Api"}
[04:17:54 INF] Current database state - CanConnect: True {"SourceContext": "Infrastructure.Services.DatabaseTestService", "Application": "Crud.Api"}
[04:17:54 INF] [Phase 0] Closing database connection for worker 20938... {"SourceContext": "Infrastructure.Services.DatabaseTestService", "Application": "Crud.Api"}
[04:17:54 INF] [Phase 0] Connection closed in 0.0023ms {"SourceContext": "Infrastructure.Services.DatabaseTestService", "Application": "Crud.Api"}
[04:17:54 INF] [Phase 1] Starting EnsureDeletedAsync for worker 20938... {"SourceContext": "Infrastructure.Services.DatabaseTestService", "Application": "Crud.Api"}
[04:17:54 INF] [Phase 1] EnsureDeletedAsync completed in 1.8357ms {"SourceContext": "Infrastructure.Services.DatabaseTestService", "Application": "Crud.Api"}
[04:17:54 INF] [Phase 2] Starting EnsureCreatedAsync for worker 20938... {"SourceContext": "Infrastructure.Services.DatabaseTestService", "Application": "Crud.Api"}
[04:17:54 INF] [Phase 2] EnsureCreatedAsync completed in 24.7553ms {"SourceContext": "Infrastructure.Services.DatabaseTestService", "Application": "Crud.Api"}
[04:17:54 INF] [Phase 3] Skipping database seeding as requested for worker 20938 {"SourceContext": "Infrastructure.Services.DatabaseTestService", "Application": "Crud.Api"}
[04:17:54 INF] Database reset via file deletion completed for worker 20938 in 127.8098ms (Close: 0.0023ms, Delete: 1.8357ms, Create: 24.7553ms) {"SourceContext": "Infrastructure.Services.DatabaseTestService", "Application": "Crud.Api"}
[04:17:54 INF] Releasing database mutex for worker 20938 {"SourceContext": "Infrastructure.Services.DatabaseTestService", "Application": "Crud.Api"}
[04:17:54 INF] Resetting database for worker 20938 {"SourceContext": "Infrastructure.Services.DatabaseTestService", "Application": "Crud.Api"}
[04:17:54 INF] Resetting database via file deletion for worker 20938 in CI environment {"SourceContext": "Infrastructure.Services.DatabaseTestService", "Application": "Crud.Api"}
[04:17:54 INF] Acquiring database mutex for worker 20938... {"SourceContext": "Infrastructure.Services.DatabaseTestService", "Application": "Crud.Api"}
[04:17:54 INF] Database mutex acquired for worker 20938 {"SourceContext": "Infrastructure.Services.DatabaseTestService", "Application": "Crud.Api"}
[04:17:54 INF] Current database state - CanConnect: True {"SourceContext": "Infrastructure.Services.DatabaseTestService", "Application": "Crud.Api"}
[04:17:54 INF] [Phase 0] Closing database connection for worker 20938... {"SourceContext": "Infrastructure.Services.DatabaseTestService", "Application": "Crud.Api"}
[04:17:54 INF] [Phase 0] Connection closed in 0.0023ms {"SourceContext": "Infrastructure.Services.DatabaseTestService", "Application": "Crud.Api"}
[04:17:54 INF] [Phase 1] Starting EnsureDeletedAsync for worker 20938... {"SourceContext": "Infrastructure.Services.DatabaseTestService", "Application": "Crud.Api"}
[04:17:54 INF] [Phase 1] EnsureDeletedAsync completed in 6.253ms {"SourceContext": "Infrastructure.Services.DatabaseTestService", "Application": "Crud.Api"}
[04:17:54 INF] [Phase 2] Starting EnsureCreatedAsync for worker 20938... {"SourceContext": "Infrastructure.Services.DatabaseTestService", "Application": "Crud.Api"}
[04:17:54 INF] [Phase 2] EnsureCreatedAsync completed in 17.2738ms {"SourceContext": "Infrastructure.Services.DatabaseTestService", "Application": "Crud.Api"}
[04:17:54 INF] [Phase 3] Skipping database seeding as requested for worker 20938 {"SourceContext": "Infrastructure.Services.DatabaseTestService", "Application": "Crud.Api"}
[04:17:54 INF] Database reset via file deletion completed for worker 20938 in 124.5722ms (Close: 0.0023ms, Delete: 6.253ms, Create: 17.2738ms) {"SourceContext": "Infrastructure.Services.DatabaseTestService", "Application": "Crud.Api"}
[04:17:54 INF] Releasing database mutex for worker 20938 {"SourceContext": "Infrastructure.Services.DatabaseTestService", "Application": "Crud.Api"}
[04:17:54 DBG] Validating pre-test database state for worker 1 {"SourceContext": "Infrastructure.Services.DatabaseTestService", "ActionId": "3778ec4d-3298-4e4f-ac92-8fbfd8ad5751", "ActionName": "Api.Controllers.DatabaseController.ValidatePreTestState (Api)", "RequestId": "0HNFGT8MUJP4G", "RequestPath": "/api/database/validate-pre-test", "Application": "Crud.Api"}
[04:17:54 DBG] Pre-test validation passed for worker 1 {"SourceContext": "Infrastructure.Services.DatabaseTestService", "ActionId": "3778ec4d-3298-4e4f-ac92-8fbfd8ad5751", "ActionName": "Api.Controllers.DatabaseController.ValidatePreTestState (Api)", "RequestId": "0HNFGT8MUJP4G", "RequestPath": "/api/database/validate-pre-test", "Application": "Crud.Api"}
Activity.TraceId:            ad9ce9d594e02008c3f7aff755bd0738
Activity.SpanId:             0e6d4b01b71a422b
Activity.TraceFlags:         Recorded
Activity.ActivitySourceName: Microsoft.AspNetCore
Activity.DisplayName:        GET api/Database/validate-pre-test
Activity.Kind:               Server
Activity.StartTime:          2025-09-11T04:17:54.8552402Z
Activity.Duration:           00:00:00.0273002
Activity.Tags:
    server.address: localhost
    url.query: ?workerIndex=Redacted
    http.request.method: GET
    url.scheme: http
    url.path: /api/database/validate-pre-test
    network.protocol.version: 1.1
    http.route: api/Database/validate-pre-test
    http.response.status_code: 200
Resource associated with Activity:
    deployment.environment: Testing
    service.name: Crud.Api
    service.version: 1.0.0
    service.instance.id: 8958bff5-028e-43b0-8103-5553bc095d18
    telemetry.sdk.name: opentelemetry
    telemetry.sdk.language: dotnet
    telemetry.sdk.version: 1.8.1
[04:17:54 INF] Resetting database for worker 20938 {"SourceContext": "Infrastructure.Services.DatabaseTestService", "Application": "Crud.Api"}
[04:17:54 INF] Resetting database via file deletion for worker 20938 in CI environment {"SourceContext": "Infrastructure.Services.DatabaseTestService", "Application": "Crud.Api"}
[04:17:54 INF] Acquiring database mutex for worker 20938... {"SourceContext": "Infrastructure.Services.DatabaseTestService", "Application": "Crud.Api"}
[04:17:54 INF] Database mutex acquired for worker 20938 {"SourceContext": "Infrastructure.Services.DatabaseTestService", "Application": "Crud.Api"}
[04:17:54 INF] Current database state - CanConnect: True {"SourceContext": "Infrastructure.Services.DatabaseTestService", "Application": "Crud.Api"}
[04:17:54 INF] [Phase 0] Closing database connection for worker 20938... {"SourceContext": "Infrastructure.Services.DatabaseTestService", "Application": "Crud.Api"}
[04:17:54 INF] [Phase 0] Connection closed in 0.0022ms {"SourceContext": "Infrastructure.Services.DatabaseTestService", "Application": "Crud.Api"}
[04:17:54 INF] [Phase 1] Starting EnsureDeletedAsync for worker 20938... {"SourceContext": "Infrastructure.Services.DatabaseTestService", "Application": "Crud.Api"}
[04:17:54 INF] [Phase 1] EnsureDeletedAsync completed in 1.6506ms {"SourceContext": "Infrastructure.Services.DatabaseTestService", "Application": "Crud.Api"}
[04:17:54 INF] [Phase 2] Starting EnsureCreatedAsync for worker 20938... {"SourceContext": "Infrastructure.Services.DatabaseTestService", "Application": "Crud.Api"}
[04:17:55 INF] [Phase 2] EnsureCreatedAsync completed in 19.3413ms {"SourceContext": "Infrastructure.Services.DatabaseTestService", "Application": "Crud.Api"}
[04:17:55 INF] [Phase 3] Skipping database seeding as requested for worker 20938 {"SourceContext": "Infrastructure.Services.DatabaseTestService", "Application": "Crud.Api"}
[04:17:55 INF] Database reset via file deletion completed for worker 20938 in 122.2933ms (Close: 0.0022ms, Delete: 1.6506ms, Create: 19.3413ms) {"SourceContext": "Infrastructure.Services.DatabaseTestService", "Application": "Crud.Api"}
[04:17:55 INF] Releasing database mutex for worker 20938 {"SourceContext": "Infrastructure.Services.DatabaseTestService", "Application": "Crud.Api"}
[04:17:55 INF] Resetting database for worker 20938 {"SourceContext": "Infrastructure.Services.DatabaseTestService", "Application": "Crud.Api"}
[04:17:55 INF] Resetting database via file deletion for worker 20938 in CI environment {"SourceContext": "Infrastructure.Services.DatabaseTestService", "Application": "Crud.Api"}
[04:17:55 INF] Acquiring database mutex for worker 20938... {"SourceContext": "Infrastructure.Services.DatabaseTestService", "Application": "Crud.Api"}
[04:17:55 INF] Database mutex acquired for worker 20938 {"SourceContext": "Infrastructure.Services.DatabaseTestService", "Application": "Crud.Api"}
[04:17:55 INF] Current database state - CanConnect: True {"SourceContext": "Infrastructure.Services.DatabaseTestService", "Application": "Crud.Api"}
[04:17:55 INF] [Phase 0] Closing database connection for worker 20938... {"SourceContext": "Infrastructure.Services.DatabaseTestService", "Application": "Crud.Api"}
[04:17:55 INF] [Phase 0] Connection closed in 0.0022ms {"SourceContext": "Infrastructure.Services.DatabaseTestService", "Application": "Crud.Api"}
[04:17:55 INF] [Phase 1] Starting EnsureDeletedAsync for worker 20938... {"SourceContext": "Infrastructure.Services.DatabaseTestService", "Application": "Crud.Api"}
[04:17:55 INF] [Phase 1] EnsureDeletedAsync completed in 1.4784ms {"SourceContext": "Infrastructure.Services.DatabaseTestService", "Application": "Crud.Api"}
[04:17:55 INF] [Phase 2] Starting EnsureCreatedAsync for worker 20938... {"SourceContext": "Infrastructure.Services.DatabaseTestService", "Application": "Crud.Api"}
[04:17:55 INF] [Phase 2] EnsureCreatedAsync completed in 17.4694ms {"SourceContext": "Infrastructure.Services.DatabaseTestService", "Application": "Crud.Api"}
[04:17:55 INF] [Phase 3] Skipping database seeding as requested for worker 20938 {"SourceContext": "Infrastructure.Services.DatabaseTestService", "Application": "Crud.Api"}
[04:17:55 INF] Database reset via file deletion completed for worker 20938 in 120.6256ms (Close: 0.0022ms, Delete: 1.4784ms, Create: 17.4694ms) {"SourceContext": "Infrastructure.Services.DatabaseTestService", "Application": "Crud.Api"}
[04:17:55 INF] Releasing database mutex for worker 20938 {"SourceContext": "Infrastructure.Services.DatabaseTestService", "Application": "Crud.Api"}
[04:17:55 DBG] Verifying database integrity for worker 1 {"SourceContext": "Infrastructure.Services.DatabaseTestService", "ActionId": "76949a39-7738-4d00-aba4-9440995f031b", "ActionName": "Api.Controllers.DatabaseController.VerifyDatabaseIntegrity (Api)", "RequestId": "0HNFGT8MUJP4H", "RequestPath": "/api/database/verify-integrity", "Application": "Crud.Api"}
[04:17:55 DBG] Database integrity verification passed for worker 1 {"SourceContext": "Infrastructure.Services.DatabaseTestService", "ActionId": "76949a39-7738-4d00-aba4-9440995f031b", "ActionName": "Api.Controllers.DatabaseController.VerifyDatabaseIntegrity (Api)", "RequestId": "0HNFGT8MUJP4H", "RequestPath": "/api/database/verify-integrity", "Application": "Crud.Api"}
Activity.TraceId:            833c0038d35e9aa7fae7fa44030a4d57
Activity.SpanId:             628e5e5de5011624
Activity.TraceFlags:         Recorded
Activity.ActivitySourceName: Microsoft.AspNetCore
Activity.DisplayName:        GET api/Database/verify-integrity
Activity.Kind:               Server
Activity.StartTime:          2025-09-11T04:17:55.1323579Z
Activity.Duration:           00:00:00.0088220
Activity.Tags:
    server.address: localhost
    url.query: ?workerIndex=Redacted
    http.request.method: GET
    url.scheme: http
    url.path: /api/database/verify-integrity
    network.protocol.version: 1.1
    http.route: api/Database/verify-integrity
    http.response.status_code: 200
Resource associated with Activity:
    deployment.environment: Testing
    service.name: Crud.Api
    service.version: 1.0.0
    service.instance.id: 8958bff5-028e-43b0-8103-5553bc095d18
    telemetry.sdk.name: opentelemetry
    telemetry.sdk.language: dotnet
    telemetry.sdk.version: 1.8.1
[04:17:55 INF] Resetting database for worker 20938 {"SourceContext": "Infrastructure.Services.DatabaseTestService", "Application": "Crud.Api"}
[04:17:55 INF] Resetting database via file deletion for worker 20938 in CI environment {"SourceContext": "Infrastructure.Services.DatabaseTestService", "Application": "Crud.Api"}
[04:17:55 INF] Acquiring database mutex for worker 20938... {"SourceContext": "Infrastructure.Services.DatabaseTestService", "Application": "Crud.Api"}
[04:17:55 INF] Database mutex acquired for worker 20938 {"SourceContext": "Infrastructure.Services.DatabaseTestService", "Application": "Crud.Api"}
[04:17:55 INF] Current database state - CanConnect: True {"SourceContext": "Infrastructure.Services.DatabaseTestService", "Application": "Crud.Api"}
[04:17:55 INF] [Phase 0] Closing database connection for worker 20938... {"SourceContext": "Infrastructure.Services.DatabaseTestService", "Application": "Crud.Api"}
[04:17:55 INF] [Phase 0] Connection closed in 0.002ms {"SourceContext": "Infrastructure.Services.DatabaseTestService", "Application": "Crud.Api"}
[04:17:55 INF] [Phase 1] Starting EnsureDeletedAsync for worker 20938... {"SourceContext": "Infrastructure.Services.DatabaseTestService", "Application": "Crud.Api"}
[04:17:55 INF] [Phase 1] EnsureDeletedAsync completed in 1.6403ms {"SourceContext": "Infrastructure.Services.DatabaseTestService", "Application": "Crud.Api"}
[04:17:55 INF] [Phase 2] Starting EnsureCreatedAsync for worker 20938... {"SourceContext": "Infrastructure.Services.DatabaseTestService", "Application": "Crud.Api"}
[04:17:55 INF] [Phase 2] EnsureCreatedAsync completed in 22.6745ms {"SourceContext": "Infrastructure.Services.DatabaseTestService", "Application": "Crud.Api"}
[04:17:55 INF] [Phase 3] Skipping database seeding as requested for worker 20938 {"SourceContext": "Infrastructure.Services.DatabaseTestService", "Application": "Crud.Api"}
[04:17:55 INF] Database reset via file deletion completed for worker 20938 in 125.5867ms (Close: 0.002ms, Delete: 1.6403ms, Create: 22.6745ms) {"SourceContext": "Infrastructure.Services.DatabaseTestService", "Application": "Crud.Api"}
[04:17:55 INF] Releasing database mutex for worker 20938 {"SourceContext": "Infrastructure.Services.DatabaseTestService", "Application": "Crud.Api"}
[04:17:55 INF] Resetting database for worker 20938 {"SourceContext": "Infrastructure.Services.DatabaseTestService", "Application": "Crud.Api"}
[04:17:55 INF] Resetting database via file deletion for worker 20938 in CI environment {"SourceContext": "Infrastructure.Services.DatabaseTestService", "Application": "Crud.Api"}
[04:17:55 INF] Acquiring database mutex for worker 20938... {"SourceContext": "Infrastructure.Services.DatabaseTestService", "Application": "Crud.Api"}
[04:17:55 INF] Database mutex acquired for worker 20938 {"SourceContext": "Infrastructure.Services.DatabaseTestService", "Application": "Crud.Api"}
[04:17:55 INF] Current database state - CanConnect: True {"SourceContext": "Infrastructure.Services.DatabaseTestService", "Application": "Crud.Api"}
[04:17:55 INF] [Phase 0] Closing database connection for worker 20938... {"SourceContext": "Infrastructure.Services.DatabaseTestService", "Application": "Crud.Api"}
[04:17:55 INF] [Phase 0] Connection closed in 0.0019ms {"SourceContext": "Infrastructure.Services.DatabaseTestService", "Application": "Crud.Api"}
[04:17:55 INF] [Phase 1] Starting EnsureDeletedAsync for worker 20938... {"SourceContext": "Infrastructure.Services.DatabaseTestService", "Application": "Crud.Api"}
[04:17:55 INF] [Phase 1] EnsureDeletedAsync completed in 1.6519ms {"SourceContext": "Infrastructure.Services.DatabaseTestService", "Application": "Crud.Api"}
[04:17:55 INF] [Phase 2] Starting EnsureCreatedAsync for worker 20938... {"SourceContext": "Infrastructure.Services.DatabaseTestService", "Application": "Crud.Api"}
[04:17:55 INF] [Phase 2] EnsureCreatedAsync completed in 19.3387ms {"SourceContext": "Infrastructure.Services.DatabaseTestService", "Application": "Crud.Api"}
[04:17:55 INF] [Phase 3] Skipping database seeding as requested for worker 20938 {"SourceContext": "Infrastructure.Services.DatabaseTestService", "Application": "Crud.Api"}
[04:17:55 INF] Database reset via file deletion completed for worker 20938 in 122.0636ms (Close: 0.0019ms, Delete: 1.6519ms, Create: 19.3387ms) {"SourceContext": "Infrastructure.Services.DatabaseTestService", "Application": "Crud.Api"}
[04:17:55 INF] Releasing database mutex for worker 20938 {"SourceContext": "Infrastructure.Services.DatabaseTestService", "Application": "Crud.Api"}
Activity.TraceId:            bb104db2537bf4e01a4cece4e9aad1ae
Activity.SpanId:             8ffd7c10a38383f6
Activity.TraceFlags:         Recorded
Activity.ActivitySourceName: Microsoft.AspNetCore
Activity.DisplayName:        GET api/Database/status
Activity.Kind:               Server
Activity.StartTime:          2025-09-11T04:17:55.3943792Z
Activity.Duration:           00:00:00.0071206
Activity.Tags:
    server.address: localhost
    http.request.method: GET
    url.scheme: http
    url.path: /api/database/status
    network.protocol.version: 1.1
    http.route: api/Database/status
    http.response.status_code: 200
Resource associated with Activity:
    deployment.environment: Testing
    service.name: Crud.Api
    service.version: 1.0.0
    service.instance.id: 8958bff5-028e-43b0-8103-5553bc095d18
    telemetry.sdk.name: opentelemetry
    telemetry.sdk.language: dotnet
    telemetry.sdk.version: 1.8.1
[04:17:55 INF] Resetting database for worker 20938 {"SourceContext": "Infrastructure.Services.DatabaseTestService", "Application": "Crud.Api"}
[04:17:55 INF] Resetting database via file deletion for worker 20938 in CI environment {"SourceContext": "Infrastructure.Services.DatabaseTestService", "Application": "Crud.Api"}
[04:17:55 INF] Acquiring database mutex for worker 20938... {"SourceContext": "Infrastructure.Services.DatabaseTestService", "Application": "Crud.Api"}
[04:17:55 INF] Database mutex acquired for worker 20938 {"SourceContext": "Infrastructure.Services.DatabaseTestService", "Application": "Crud.Api"}
[04:17:55 INF] Current database state - CanConnect: True {"SourceContext": "Infrastructure.Services.DatabaseTestService", "Application": "Crud.Api"}
[04:17:55 INF] [Phase 0] Closing database connection for worker 20938... {"SourceContext": "Infrastructure.Services.DatabaseTestService", "Application": "Crud.Api"}
[04:17:55 INF] [Phase 0] Connection closed in 0.002ms {"SourceContext": "Infrastructure.Services.DatabaseTestService", "Application": "Crud.Api"}
[04:17:55 INF] [Phase 1] Starting EnsureDeletedAsync for worker 20938... {"SourceContext": "Infrastructure.Services.DatabaseTestService", "Application": "Crud.Api"}
[04:17:55 INF] [Phase 1] EnsureDeletedAsync completed in 1.9072ms {"SourceContext": "Infrastructure.Services.DatabaseTestService", "Application": "Crud.Api"}
[04:17:55 INF] [Phase 2] Starting EnsureCreatedAsync for worker 20938... {"SourceContext": "Infrastructure.Services.DatabaseTestService", "Application": "Crud.Api"}
[04:17:55 INF] [Phase 2] EnsureCreatedAsync completed in 17.3557ms {"SourceContext": "Infrastructure.Services.DatabaseTestService", "Application": "Crud.Api"}
[04:17:55 INF] [Phase 3] Skipping database seeding as requested for worker 20938 {"SourceContext": "Infrastructure.Services.DatabaseTestService", "Application": "Crud.Api"}
[04:17:55 INF] Database reset via file deletion completed for worker 20938 in 120.1227ms (Close: 0.002ms, Delete: 1.9072ms, Create: 17.3557ms) {"SourceContext": "Infrastructure.Services.DatabaseTestService", "Application": "Crud.Api"}
[04:17:55 INF] Releasing database mutex for worker 20938 {"SourceContext": "Infrastructure.Services.DatabaseTestService", "Application": "Crud.Api"}
[04:17:55 INF] Resetting database for worker 20938 {"SourceContext": "Infrastructure.Services.DatabaseTestService", "Application": "Crud.Api"}
[04:17:55 INF] Resetting database via file deletion for worker 20938 in CI environment {"SourceContext": "Infrastructure.Services.DatabaseTestService", "Application": "Crud.Api"}
[04:17:55 INF] Acquiring database mutex for worker 20938... {"SourceContext": "Infrastructure.Services.DatabaseTestService", "Application": "Crud.Api"}
[04:17:55 INF] Database mutex acquired for worker 20938 {"SourceContext": "Infrastructure.Services.DatabaseTestService", "Application": "Crud.Api"}
[04:17:55 INF] Current database state - CanConnect: True {"SourceContext": "Infrastructure.Services.DatabaseTestService", "Application": "Crud.Api"}
[04:17:55 INF] [Phase 0] Closing database connection for worker 20938... {"SourceContext": "Infrastructure.Services.DatabaseTestService", "Application": "Crud.Api"}
[04:17:55 INF] [Phase 0] Connection closed in 0.002ms {"SourceContext": "Infrastructure.Services.DatabaseTestService", "Application": "Crud.Api"}
[04:17:55 INF] [Phase 1] Starting EnsureDeletedAsync for worker 20938... {"SourceContext": "Infrastructure.Services.DatabaseTestService", "Application": "Crud.Api"}
[04:17:55 INF] [Phase 1] EnsureDeletedAsync completed in 1.6558ms {"SourceContext": "Infrastructure.Services.DatabaseTestService", "Application": "Crud.Api"}
[04:17:55 INF] [Phase 2] Starting EnsureCreatedAsync for worker 20938... {"SourceContext": "Infrastructure.Services.DatabaseTestService", "Application": "Crud.Api"}
[04:17:55 INF] [Phase 2] EnsureCreatedAsync completed in 16.7413ms {"SourceContext": "Infrastructure.Services.DatabaseTestService", "Application": "Crud.Api"}
[04:17:55 INF] [Phase 3] Skipping database seeding as requested for worker 20938 {"SourceContext": "Infrastructure.Services.DatabaseTestService", "Application": "Crud.Api"}
[04:17:55 INF] Database reset via file deletion completed for worker 20938 in 120.0739ms (Close: 0.002ms, Delete: 1.6558ms, Create: 16.7413ms) {"SourceContext": "Infrastructure.Services.DatabaseTestService", "Application": "Crud.Api"}
[04:17:55 INF] Releasing database mutex for worker 20938 {"SourceContext": "Infrastructure.Services.DatabaseTestService", "Application": "Crud.Api"}
[04:17:55 INF] Database reset request received for worker 1 at 09/11/2025 04:17:55 {"SourceContext": "Api.Controllers.DatabaseController", "ActionId": "4aacf318-5169-4c0c-951b-8baa1bd50934", "ActionName": "Api.Controllers.DatabaseController.ResetDatabase (Api)", "RequestId": "0HNFGT8MUJP4J", "RequestPath": "/api/database/reset", "Application": "Crud.Api"}
[04:17:55 INF] CI environment detected - allowing database reset from any IP {"SourceContext": "Api.Controllers.DatabaseController", "ActionId": "4aacf318-5169-4c0c-951b-8baa1bd50934", "ActionName": "Api.Controllers.DatabaseController.ResetDatabase (Api)", "RequestId": "0HNFGT8MUJP4J", "RequestPath": "/api/database/reset", "Application": "Crud.Api"}
[04:17:55 INF] Starting database reset for worker 1... {"SourceContext": "Api.Controllers.DatabaseController", "ActionId": "4aacf318-5169-4c0c-951b-8baa1bd50934", "ActionName": "Api.Controllers.DatabaseController.ResetDatabase (Api)", "RequestId": "0HNFGT8MUJP4J", "RequestPath": "/api/database/reset", "Application": "Crud.Api"}
[04:17:55 INF] Resetting database for worker 1 {"SourceContext": "Infrastructure.Services.DatabaseTestService", "ActionId": "4aacf318-5169-4c0c-951b-8baa1bd50934", "ActionName": "Api.Controllers.DatabaseController.ResetDatabase (Api)", "RequestId": "0HNFGT8MUJP4J", "RequestPath": "/api/database/reset", "Application": "Crud.Api"}
[04:17:55 INF] Resetting database via file deletion for worker 1 in CI environment {"SourceContext": "Infrastructure.Services.DatabaseTestService", "ActionId": "4aacf318-5169-4c0c-951b-8baa1bd50934", "ActionName": "Api.Controllers.DatabaseController.ResetDatabase (Api)", "RequestId": "0HNFGT8MUJP4J", "RequestPath": "/api/database/reset", "Application": "Crud.Api"}
[04:17:55 INF] Acquiring database mutex for worker 1... {"SourceContext": "Infrastructure.Services.DatabaseTestService", "ActionId": "4aacf318-5169-4c0c-951b-8baa1bd50934", "ActionName": "Api.Controllers.DatabaseController.ResetDatabase (Api)", "RequestId": "0HNFGT8MUJP4J", "RequestPath": "/api/database/reset", "Application": "Crud.Api"}
[04:17:55 INF] Database mutex acquired for worker 1 {"SourceContext": "Infrastructure.Services.DatabaseTestService", "ActionId": "4aacf318-5169-4c0c-951b-8baa1bd50934", "ActionName": "Api.Controllers.DatabaseController.ResetDatabase (Api)", "RequestId": "0HNFGT8MUJP4J", "RequestPath": "/api/database/reset", "Application": "Crud.Api"}
[04:17:55 INF] Current database state - CanConnect: True {"SourceContext": "Infrastructure.Services.DatabaseTestService", "ActionId": "4aacf318-5169-4c0c-951b-8baa1bd50934", "ActionName": "Api.Controllers.DatabaseController.ResetDatabase (Api)", "RequestId": "0HNFGT8MUJP4J", "RequestPath": "/api/database/reset", "Application": "Crud.Api"}
[04:17:55 INF] [Phase 0] Closing database connection for worker 1... {"SourceContext": "Infrastructure.Services.DatabaseTestService", "ActionId": "4aacf318-5169-4c0c-951b-8baa1bd50934", "ActionName": "Api.Controllers.DatabaseController.ResetDatabase (Api)", "RequestId": "0HNFGT8MUJP4J", "RequestPath": "/api/database/reset", "Application": "Crud.Api"}
[04:17:55 INF] [Phase 0] Connection closed in 0.0021ms {"SourceContext": "Infrastructure.Services.DatabaseTestService", "ActionId": "4aacf318-5169-4c0c-951b-8baa1bd50934", "ActionName": "Api.Controllers.DatabaseController.ResetDatabase (Api)", "RequestId": "0HNFGT8MUJP4J", "RequestPath": "/api/database/reset", "Application": "Crud.Api"}
[04:17:55 INF] [Phase 1] Starting EnsureDeletedAsync for worker 1... {"SourceContext": "Infrastructure.Services.DatabaseTestService", "ActionId": "4aacf318-5169-4c0c-951b-8baa1bd50934", "ActionName": "Api.Controllers.DatabaseController.ResetDatabase (Api)", "RequestId": "0HNFGT8MUJP4J", "RequestPath": "/api/database/reset", "Application": "Crud.Api"}
[04:17:55 INF] [Phase 1] EnsureDeletedAsync completed in 1.6174ms {"SourceContext": "Infrastructure.Services.DatabaseTestService", "ActionId": "4aacf318-5169-4c0c-951b-8baa1bd50934", "ActionName": "Api.Controllers.DatabaseController.ResetDatabase (Api)", "RequestId": "0HNFGT8MUJP4J", "RequestPath": "/api/database/reset", "Application": "Crud.Api"}
[04:17:55 INF] [Phase 2] Starting EnsureCreatedAsync for worker 1... {"SourceContext": "Infrastructure.Services.DatabaseTestService", "ActionId": "4aacf318-5169-4c0c-951b-8baa1bd50934", "ActionName": "Api.Controllers.DatabaseController.ResetDatabase (Api)", "RequestId": "0HNFGT8MUJP4J", "RequestPath": "/api/database/reset", "Application": "Crud.Api"}
[04:17:55 INF] [Phase 2] EnsureCreatedAsync completed in 17.0367ms {"SourceContext": "Infrastructure.Services.DatabaseTestService", "ActionId": "4aacf318-5169-4c0c-951b-8baa1bd50934", "ActionName": "Api.Controllers.DatabaseController.ResetDatabase (Api)", "RequestId": "0HNFGT8MUJP4J", "RequestPath": "/api/database/reset", "Application": "Crud.Api"}
[04:17:55 INF] [Phase 3] Skipping database seeding as requested for worker 1 {"SourceContext": "Infrastructure.Services.DatabaseTestService", "ActionId": "4aacf318-5169-4c0c-951b-8baa1bd50934", "ActionName": "Api.Controllers.DatabaseController.ResetDatabase (Api)", "RequestId": "0HNFGT8MUJP4J", "RequestPath": "/api/database/reset", "Application": "Crud.Api"}
[04:17:55 INF] Database reset via file deletion completed for worker 1 in 120.4653ms (Close: 0.0021ms, Delete: 1.6174ms, Create: 17.0367ms) {"SourceContext": "Infrastructure.Services.DatabaseTestService", "ActionId": "4aacf318-5169-4c0c-951b-8baa1bd50934", "ActionName": "Api.Controllers.DatabaseController.ResetDatabase (Api)", "RequestId": "0HNFGT8MUJP4J", "RequestPath": "/api/database/reset", "Application": "Crud.Api"}
[04:17:55 INF] Releasing database mutex for worker 1 {"SourceContext": "Infrastructure.Services.DatabaseTestService", "ActionId": "4aacf318-5169-4c0c-951b-8baa1bd50934", "ActionName": "Api.Controllers.DatabaseController.ResetDatabase (Api)", "RequestId": "0HNFGT8MUJP4J", "RequestPath": "/api/database/reset", "Application": "Crud.Api"}
[04:17:55 INF] Database reset completed for worker 1 in 122.5174ms {"SourceContext": "Api.Controllers.DatabaseController", "ActionId": "4aacf318-5169-4c0c-951b-8baa1bd50934", "ActionName": "Api.Controllers.DatabaseController.ResetDatabase (Api)", "RequestId": "0HNFGT8MUJP4J", "RequestPath": "/api/database/reset", "Application": "Crud.Api"}
Activity.TraceId:            b32f31dd44111fecb4f5f62f20fe8177
Activity.SpanId:             02c9aa43a6ddd598
Activity.TraceFlags:         Recorded
Activity.ActivitySourceName: Microsoft.AspNetCore
Activity.DisplayName:        POST api/Database/reset
Activity.Kind:               Server
Activity.StartTime:          2025-09-11T04:17:55.6470317Z
Activity.Duration:           00:00:00.1309910
Activity.Tags:
    server.address: localhost
    http.request.method: POST
    url.scheme: http
    url.path: /api/database/reset
    network.protocol.version: 1.1
    http.route: api/Database/reset
    http.response.status_code: 200
Resource associated with Activity:
    deployment.environment: Testing
    service.name: Crud.Api
    service.version: 1.0.0
    service.instance.id: 8958bff5-028e-43b0-8103-5553bc095d18
    telemetry.sdk.name: opentelemetry
    telemetry.sdk.language: dotnet
    telemetry.sdk.version: 1.8.1
[04:17:55 INF] Resetting database for worker 20938 {"SourceContext": "Infrastructure.Services.DatabaseTestService", "Application": "Crud.Api"}
[04:17:55 INF] Resetting database via file deletion for worker 20938 in CI environment {"SourceContext": "Infrastructure.Services.DatabaseTestService", "Application": "Crud.Api"}
[04:17:55 INF] Acquiring database mutex for worker 20938... {"SourceContext": "Infrastructure.Services.DatabaseTestService", "Application": "Crud.Api"}
[04:17:55 INF] Database mutex acquired for worker 20938 {"SourceContext": "Infrastructure.Services.DatabaseTestService", "Application": "Crud.Api"}
[04:17:55 INF] Current database state - CanConnect: True {"SourceContext": "Infrastructure.Services.DatabaseTestService", "Application": "Crud.Api"}
[04:17:55 INF] [Phase 0] Closing database connection for worker 20938... {"SourceContext": "Infrastructure.Services.DatabaseTestService", "Application": "Crud.Api"}
[04:17:55 INF] [Phase 0] Connection closed in 0.002ms {"SourceContext": "Infrastructure.Services.DatabaseTestService", "Application": "Crud.Api"}
[04:17:55 INF] [Phase 1] Starting EnsureDeletedAsync for worker 20938... {"SourceContext": "Infrastructure.Services.DatabaseTestService", "Application": "Crud.Api"}
[04:17:55 INF] [Phase 1] EnsureDeletedAsync completed in 1.6714ms {"SourceContext": "Infrastructure.Services.DatabaseTestService", "Application": "Crud.Api"}
[04:17:55 INF] [Phase 2] Starting EnsureCreatedAsync for worker 20938... {"SourceContext": "Infrastructure.Services.DatabaseTestService", "Application": "Crud.Api"}
[04:17:55 INF] [Phase 2] EnsureCreatedAsync completed in 17.5326ms {"SourceContext": "Infrastructure.Services.DatabaseTestService", "Application": "Crud.Api"}
[04:17:55 INF] [Phase 3] Skipping database seeding as requested for worker 20938 {"SourceContext": "Infrastructure.Services.DatabaseTestService", "Application": "Crud.Api"}
[04:17:55 INF] Database reset via file deletion completed for worker 20938 in 120.5799ms (Close: 0.002ms, Delete: 1.6714ms, Create: 17.5326ms) {"SourceContext": "Infrastructure.Services.DatabaseTestService", "Application": "Crud.Api"}
[04:17:55 INF] Releasing database mutex for worker 20938 {"SourceContext": "Infrastructure.Services.DatabaseTestService", "Application": "Crud.Api"}
Resource associated with Metric:
    deployment.environment: Testing
    service.name: Crud.Api
    service.version: 1.0.0
    service.instance.id: 8958bff5-028e-43b0-8103-5553bc095d18
    telemetry.sdk.name: opentelemetry
    telemetry.sdk.language: dotnet
    telemetry.sdk.version: 1.8.1
Metric Name: http.server.active_requests, Number of active HTTP server requests., Unit: {request}, Meter: Microsoft.AspNetCore.Hosting
(2025-09-11T04:17:54.1191881Z, 2025-09-11T04:17:55.9017538Z] http.request.method: POST url.scheme: http LongSumNonMonotonic
Value: 0
(2025-09-11T04:17:54.1191881Z, 2025-09-11T04:17:55.9017538Z] http.request.method: GET url.scheme: http LongSumNonMonotonic
Value: 0
Metric Name: http.server.request.duration, Duration of HTTP server requests., Unit: s, Meter: Microsoft.AspNetCore.Hosting
(2025-09-11T04:17:54.1192122Z, 2025-09-11T04:17:55.9017574Z] http.request.method: POST http.response.status_code: 401 http.route: api/Database/reset network.protocol.version: 1.1 url.scheme: http Histogram
Value: Sum: 0.0607153 Count: 1 Min: 0.0607153 Max: 0.0607153 
(-Infinity,0.005]:0
(0.005,0.01]:0
(0.01,0.025]:0
(0.025,0.05]:0
(0.05,0.075]:1
(0.075,0.1]:0
(0.1,0.25]:0
(0.25,0.5]:0
(0.5,0.75]:0
(0.75,1]:0
(1,2.5]:0
(2.5,5]:0
(5,7.5]:0
(7.5,10]:0
(10,+Infinity]:0
(2025-09-11T04:17:54.1192122Z, 2025-09-11T04:17:55.9017574Z] http.request.method: POST http.response.status_code: 200 http.route: api/Database/seed network.protocol.version: 1.1 url.scheme: http Histogram
Value: Sum: 0.0242873 Count: 1 Min: 0.0242873 Max: 0.0242873 
(-Infinity,0.005]:0
(0.005,0.01]:0
(0.01,0.025]:1
(0.025,0.05]:0
(0.05,0.075]:0
(0.075,0.1]:0
(0.1,0.25]:0
(0.25,0.5]:0
(0.5,0.75]:0
(0.75,1]:0
(1,2.5]:0
(2.5,5]:0
(5,7.5]:0
(7.5,10]:0
(10,+Infinity]:0
(2025-09-11T04:17:54.1192122Z, 2025-09-11T04:17:55.9017574Z] http.request.method: GET http.response.status_code: 200 http.route: api/Database/validate-pre-test network.protocol.version: 1.1 url.scheme: http Histogram
Value: Sum: 0.0273159 Count: 1 Min: 0.0273159 Max: 0.0273159 
(-Infinity,0.005]:0
(0.005,0.01]:0
(0.01,0.025]:0
(0.025,0.05]:1
(0.05,0.075]:0
(0.075,0.1]:0
(0.1,0.25]:0
(0.25,0.5]:0
(0.5,0.75]:0
(0.75,1]:0
(1,2.5]:0
(2.5,5]:0
(5,7.5]:0
(7.5,10]:0
(10,+Infinity]:0
(2025-09-11T04:17:54.1192122Z, 2025-09-11T04:17:55.9017574Z] http.request.method: GET http.response.status_code: 200 http.route: api/Database/verify-integrity network.protocol.version: 1.1 url.scheme: http Histogram
Value: Sum: 0.0088306 Count: 1 Min: 0.0088306 Max: 0.0088306 
(-Infinity,0.005]:0
(0.005,0.01]:1
(0.01,0.025]:0
(0.025,0.05]:0
(0.05,0.075]:0
(0.075,0.1]:0
(0.1,0.25]:0
(0.25,0.5]:0
(0.5,0.75]:0
(0.75,1]:0
(1,2.5]:0
(2.5,5]:0
(5,7.5]:0
(7.5,10]:0
(10,+Infinity]:0
(2025-09-11T04:17:54.1192122Z, 2025-09-11T04:17:55.9017574Z] http.request.method: GET http.response.status_code: 200 http.route: api/Database/status network.protocol.version: 1.1 url.scheme: http Histogram
Value: Sum: 0.0071234 Count: 1 Min: 0.0071234 Max: 0.0071234 
(-Infinity,0.005]:0
(0.005,0.01]:1
(0.01,0.025]:0
(0.025,0.05]:0
(0.05,0.075]:0
(0.075,0.1]:0
(0.1,0.25]:0
(0.25,0.5]:0
(0.5,0.75]:0
(0.75,1]:0
(1,2.5]:0
(2.5,5]:0
(5,7.5]:0
(7.5,10]:0
(10,+Infinity]:0
(2025-09-11T04:17:54.1192122Z, 2025-09-11T04:17:55.9017574Z] http.request.method: POST http.response.status_code: 200 http.route: api/Database/reset network.protocol.version: 1.1 url.scheme: http Histogram
Value: Sum: 0.1309869 Count: 1 Min: 0.1309869 Max: 0.1309869 
(-Infinity,0.005]:0
(0.005,0.01]:0
(0.01,0.025]:0
(0.025,0.05]:0
(0.05,0.075]:0
(0.075,0.1]:0
(0.1,0.25]:1
(0.25,0.5]:0
(0.5,0.75]:0
(0.75,1]:0
(1,2.5]:0
(2.5,5]:0
(5,7.5]:0
(7.5,10]:0
(10,+Infinity]:0
Metric Name: aspnetcore.rate_limiting.active_request_leases, Number of HTTP requests that are currently active on the server that hold a rate limiting lease., Unit: {request}, Meter: Microsoft.AspNetCore.RateLimiting
(2025-09-11T04:17:54.1227848Z, 2025-09-11T04:17:55.9017582Z] LongSumNonMonotonic
Value: 0
Metric Name: aspnetcore.rate_limiting.request_lease.duration, The duration of rate limiting leases held by HTTP requests on the server., Unit: s, Meter: Microsoft.AspNetCore.RateLimiting
(2025-09-11T04:17:54.1228175Z, 2025-09-11T04:17:55.9017591Z] Histogram
Value: Sum: 0.2400913 Count: 6 Min: 0.0068859 Max: 0.1303492 
(-Infinity,0.005]:0
(0.005,0.01]:2
(0.01,0.025]:2
(0.025,0.05]:1
(0.05,0.075]:0
(0.075,0.1]:0
(0.1,0.25]:1
(0.25,0.5]:0
(0.5,0.75]:0
(0.75,1]:0
(1,2.5]:0
(2.5,5]:0
(5,7.5]:0
(7.5,10]:0
(10,+Infinity]:0
Metric Name: aspnetcore.rate_limiting.requests, Number of requests that tried to acquire a rate limiting lease. Requests could be rejected by global or endpoint rate limiting policies. Or the request could be canceled while waiting for the lease., Unit: {request}, Meter: Microsoft.AspNetCore.RateLimiting
(2025-09-11T04:17:54.1228816Z, 2025-09-11T04:17:55.9017606Z] aspnetcore.rate_limiting.result: acquired LongSum
Value: 6
Metric Name: aspnetcore.routing.match_attempts, Number of requests that were attempted to be matched to an endpoint., Unit: {match_attempt}, Meter: Microsoft.AspNetCore.Routing
(2025-09-11T04:17:54.1241011Z, 2025-09-11T04:17:55.9017631Z] aspnetcore.routing.is_fallback: false aspnetcore.routing.match_status: success http.route: api/Database/reset LongSum
Value: 2
(2025-09-11T04:17:54.1241011Z, 2025-09-11T04:17:55.9017631Z] aspnetcore.routing.is_fallback: false aspnetcore.routing.match_status: success http.route: api/Database/seed LongSum
Value: 1
(2025-09-11T04:17:54.1241011Z, 2025-09-11T04:17:55.9017631Z] aspnetcore.routing.is_fallback: false aspnetcore.routing.match_status: success http.route: api/Database/validate-pre-test LongSum
Value: 1
(2025-09-11T04:17:54.1241011Z, 2025-09-11T04:17:55.9017631Z] aspnetcore.routing.is_fallback: false aspnetcore.routing.match_status: success http.route: api/Database/verify-integrity LongSum
Value: 1
(2025-09-11T04:17:54.1241011Z, 2025-09-11T04:17:55.9017631Z] aspnetcore.routing.is_fallback: false aspnetcore.routing.match_status: success http.route: api/Database/status LongSum
Value: 1
[04:17:55 INF] Starting Crud API application {"Application": "Crud.Api"}
[04:17:55 INF] Using SQLite provider with connection: Data Source=TestDatabase.db {"Application": "Crud.Api"}
[04:17:55 INF] Database ensured successfully {"Application": "Crud.Api"}
[04:17:55 INF] Application configured successfully. Starting web host... {"Application": "Crud.Api"}
[04:17:56 WRN] Failed to determine the https port for redirect. {"EventId": {"Id": 3, "Name": "FailedToDeterminePort"}, "SourceContext": "Microsoft.AspNetCore.HttpsPolicy.HttpsRedirectionMiddleware", "RequestId": "0HNFGT8MUJP4K", "RequestPath": "/api/auth/register", "Application": "Crud.Api"}
[04:17:56 WRN] You do not have a valid license key for the Lucky Penny software MediatR. This is allowed for development and testing scenarios. If you are running in production you are required to have a licensed version. Please visit https://luckypennysoftware.com to obtain a valid license. {"SourceContext": "LuckyPennySoftware.MediatR.License", "ActionId": "b42a1ca5-6f7e-4f9d-baf6-69655fc45291", "ActionName": "Api.Controllers.AuthController.Register (Api)", "RequestId": "0HNFGT8MUJP4K", "RequestPath": "/api/auth/register", "Application": "Crud.Api"}
[04:17:57 INF] User registered successfully: 0a7aefbb-68e4-41a5-8a69-13cb70b66839 {"SourceContext": "App.Features.Authentication.RegisterUserCommandHandler", "ActionId": "b42a1ca5-6f7e-4f9d-baf6-69655fc45291", "ActionName": "Api.Controllers.AuthController.Register (Api)", "RequestId": "0HNFGT8MUJP4K", "RequestPath": "/api/auth/register", "Application": "Crud.Api"}
Activity.TraceId:            eee2906ad16e90ebdffc5d2754ef6342
Activity.SpanId:             244429940d086899
Activity.TraceFlags:         Recorded
Activity.ActivitySourceName: Microsoft.AspNetCore
Activity.DisplayName:        POST api/Auth/register
Activity.Kind:               Server
Activity.StartTime:          2025-09-11T04:17:56.0048970Z
Activity.Duration:           00:00:01.1861115
Activity.Tags:
    server.address: localhost
    http.request.method: POST
    url.scheme: http
    url.path: /api/auth/register
    network.protocol.version: 1.1
    http.route: api/Auth/register
    http.response.status_code: 200
Resource associated with Activity:
    deployment.environment: Testing
    service.name: Crud.Api
    service.version: 1.0.0
    service.instance.id: 8958bff5-028e-43b0-8103-5553bc095d18
    telemetry.sdk.name: opentelemetry
    telemetry.sdk.language: dotnet
    telemetry.sdk.version: 1.8.1
[04:17:58 INF] User logged in successfully: 0a7aefbb-68e4-41a5-8a69-13cb70b66839 {"SourceContext": "App.Features.Authentication.LoginCommandHandler", "ActionId": "bb653be6-bdb7-4fa1-9d21-e0e1c61c429c", "ActionName": "Api.Controllers.AuthController.Login (Api)", "RequestId": "0HNFGT8MUJP4L", "RequestPath": "/api/auth/login", "Application": "Crud.Api"}
Activity.TraceId:            9a92d4510be038923e8abfb7145e3b01
Activity.SpanId:             7d25f03c745363f6
Activity.TraceFlags:         Recorded
Activity.ActivitySourceName: Microsoft.AspNetCore
Activity.DisplayName:        POST api/Auth/login
Activity.Kind:               Server
Activity.StartTime:          2025-09-11T04:17:57.1991856Z
Activity.Duration:           00:00:01.0572637
Activity.Tags:
    server.address: localhost
    http.request.method: POST
    url.scheme: http
    url.path: /api/auth/login
    network.protocol.version: 1.1
    http.route: api/Auth/login
    http.response.status_code: 200
Resource associated with Activity:
    deployment.environment: Testing
    service.name: Crud.Api
    service.version: 1.0.0
    service.instance.id: 8958bff5-028e-43b0-8103-5553bc095d18
    telemetry.sdk.name: opentelemetry
    telemetry.sdk.language: dotnet
    telemetry.sdk.version: 1.8.1
[04:17:58 DBG] Removed cache value for key: entity:wall:bd72162a64ed4179a04c0294915cbec3 {"SourceContext": "Infrastructure.Services.Caching.InMemoryCacheService", "ActionId": "5adbcc0a-8839-4a56-935d-d2a30140ccdc", "ActionName": "Api.Controllers.WallsController.Create (Api)", "RequestId": "0HNFGT8MUJP4M", "RequestPath": "/api/walls", "Application": "Crud.Api"}
[04:17:58 DBG] Removed cache value for key: list:wall {"SourceContext": "Infrastructure.Services.Caching.InMemoryCacheService", "ActionId": "5adbcc0a-8839-4a56-935d-d2a30140ccdc", "ActionName": "Api.Controllers.WallsController.Create (Api)", "RequestId": "0HNFGT8MUJP4M", "RequestPath": "/api/walls", "Application": "Crud.Api"}
[04:17:58 DBG] Invalidating cache for entity type: walls with tag: walls {"SourceContext": "Api.Services.OutputCacheInvalidationService", "ActionId": "5adbcc0a-8839-4a56-935d-d2a30140ccdc", "ActionName": "Api.Controllers.WallsController.Create (Api)", "RequestId": "0HNFGT8MUJP4M", "RequestPath": "/api/walls", "Application": "Crud.Api"}
[04:17:58 INF] Successfully invalidated cache for entity type: walls {"SourceContext": "Api.Services.OutputCacheInvalidationService", "ActionId": "5adbcc0a-8839-4a56-935d-d2a30140ccdc", "ActionName": "Api.Controllers.WallsController.Create (Api)", "RequestId": "0HNFGT8MUJP4M", "RequestPath": "/api/walls", "Application": "Crud.Api"}
Activity.TraceId:            382d916ff497023b31f684c9d7a412d3
Activity.SpanId:             2e4f8b51b0aa4c3a
Activity.TraceFlags:         Recorded
Activity.ActivitySourceName: Microsoft.AspNetCore
Activity.DisplayName:        POST api/Walls
Activity.Kind:               Server
Activity.StartTime:          2025-09-11T04:17:58.2660585Z
Activity.Duration:           00:00:00.1872236
Activity.Tags:
    server.address: localhost
    http.request.method: POST
    url.scheme: http
    url.path: /api/walls
    network.protocol.version: 1.1
    http.route: api/Walls
    http.response.status_code: 201
Resource associated with Activity:
    deployment.environment: Testing
    service.name: Crud.Api
    service.version: 1.0.0
    service.instance.id: 8958bff5-028e-43b0-8103-5553bc095d18
    telemetry.sdk.name: opentelemetry
    telemetry.sdk.language: dotnet
    telemetry.sdk.version: 1.8.1
[04:17:59 INF] User registered successfully: d8800038-86e9-4aed-969e-9f5f066a77fb {"SourceContext": "App.Features.Authentication.RegisterUserCommandHandler", "ActionId": "b42a1ca5-6f7e-4f9d-baf6-69655fc45291", "ActionName": "Api.Controllers.AuthController.Register (Api)", "RequestId": "0HNFGT8MUJP4N", "RequestPath": "/api/auth/register", "Application": "Crud.Api"}
Activity.TraceId:            617d6bf63f23745609b385ab0a1b7e4c
Activity.SpanId:             b326217aabeadead
Activity.TraceFlags:         Recorded
Activity.ActivitySourceName: Microsoft.AspNetCore
Activity.DisplayName:        POST api/Auth/register
Activity.Kind:               Server
Activity.StartTime:          2025-09-11T04:17:58.4603689Z
Activity.Duration:           00:00:01.0359039
Activity.Tags:
    server.address: localhost
    http.request.method: POST
    url.scheme: http
    url.path: /api/auth/register
    network.protocol.version: 1.1
    http.route: api/Auth/register
    http.response.status_code: 200
Resource associated with Activity:
    deployment.environment: Testing
    service.name: Crud.Api
    service.version: 1.0.0
    service.instance.id: 8958bff5-028e-43b0-8103-5553bc095d18
    telemetry.sdk.name: opentelemetry
    telemetry.sdk.language: dotnet
    telemetry.sdk.version: 1.8.1
[04:18:00 INF] User logged in successfully: d8800038-86e9-4aed-969e-9f5f066a77fb {"SourceContext": "App.Features.Authentication.LoginCommandHandler", "ActionId": "bb653be6-bdb7-4fa1-9d21-e0e1c61c429c", "ActionName": "Api.Controllers.AuthController.Login (Api)", "RequestId": "0HNFGT8MUJP4O", "RequestPath": "/api/auth/login", "Application": "Crud.Api"}
Activity.TraceId:            973aabf87254e6d9688b23dc59bf8b64
Activity.SpanId:             b93ca30de87a64c9
Activity.TraceFlags:         Recorded
Activity.ActivitySourceName: Microsoft.AspNetCore
Activity.DisplayName:        POST api/Auth/login
Activity.Kind:               Server
Activity.StartTime:          2025-09-11T04:17:59.4988788Z
Activity.Duration:           00:00:00.5217511
Activity.Tags:
    server.address: localhost
    http.request.method: POST
    url.scheme: http
    url.path: /api/auth/login
    network.protocol.version: 1.1
    http.route: api/Auth/login
    http.response.status_code: 200
Resource associated with Activity:
    deployment.environment: Testing
    service.name: Crud.Api
    service.version: 1.0.0
    service.instance.id: 8958bff5-028e-43b0-8103-5553bc095d18
    telemetry.sdk.name: opentelemetry
    telemetry.sdk.language: dotnet
    telemetry.sdk.version: 1.8.1
[04:18:00 DBG] Removed cache value for key: entity:wall:47a722e289134415a313617b0a86de9c {"SourceContext": "Infrastructure.Services.Caching.InMemoryCacheService", "ActionId": "5adbcc0a-8839-4a56-935d-d2a30140ccdc", "ActionName": "Api.Controllers.WallsController.Create (Api)", "RequestId": "0HNFGT8MUJP4P", "RequestPath": "/api/walls", "Application": "Crud.Api"}
[04:18:00 DBG] Removed cache value for key: list:wall {"SourceContext": "Infrastructure.Services.Caching.InMemoryCacheService", "ActionId": "5adbcc0a-8839-4a56-935d-d2a30140ccdc", "ActionName": "Api.Controllers.WallsController.Create (Api)", "RequestId": "0HNFGT8MUJP4P", "RequestPath": "/api/walls", "Application": "Crud.Api"}
[04:18:00 DBG] Invalidating cache for entity type: walls with tag: walls {"SourceContext": "Api.Services.OutputCacheInvalidationService", "ActionId": "5adbcc0a-8839-4a56-935d-d2a30140ccdc", "ActionName": "Api.Controllers.WallsController.Create (Api)", "RequestId": "0HNFGT8MUJP4P", "RequestPath": "/api/walls", "Application": "Crud.Api"}
[04:18:00 INF] Successfully invalidated cache for entity type: walls {"SourceContext": "Api.Services.OutputCacheInvalidationService", "ActionId": "5adbcc0a-8839-4a56-935d-d2a30140ccdc", "ActionName": "Api.Controllers.WallsController.Create (Api)", "RequestId": "0HNFGT8MUJP4P", "RequestPath": "/api/walls", "Application": "Crud.Api"}
Activity.TraceId:            6808ebbffbbacb3a776118b5cfecf650
Activity.SpanId:             3947135883dc1b7d
Activity.TraceFlags:         Recorded
Activity.ActivitySourceName: Microsoft.AspNetCore
Activity.DisplayName:        POST api/Walls
Activity.Kind:               Server
Activity.StartTime:          2025-09-11T04:18:00.0217972Z
Activity.Duration:           00:00:00.0060346
Activity.Tags:
    server.address: localhost
    http.request.method: POST
    url.scheme: http
    url.path: /api/walls
    network.protocol.version: 1.1
    http.route: api/Walls
    http.response.status_code: 201
Resource associated with Activity:
    deployment.environment: Testing
    service.name: Crud.Api
    service.version: 1.0.0
    service.instance.id: 8958bff5-028e-43b0-8103-5553bc095d18
    telemetry.sdk.name: opentelemetry
    telemetry.sdk.language: dotnet
    telemetry.sdk.version: 1.8.1
[04:18:00 INF] User registered successfully: bfadfdd5-7b9b-40e3-83c8-5fad9f369fc0 {"SourceContext": "App.Features.Authentication.RegisterUserCommandHandler", "ActionId": "b42a1ca5-6f7e-4f9d-baf6-69655fc45291", "ActionName": "Api.Controllers.AuthController.Register (Api)", "RequestId": "0HNFGT8MUJP4Q", "RequestPath": "/api/auth/register", "Application": "Crud.Api"}
Activity.TraceId:            c164987542baf95240c0e39a3f3f4052
Activity.SpanId:             1ba283bda72115da
Activity.TraceFlags:         Recorded
Activity.ActivitySourceName: Microsoft.AspNetCore
Activity.DisplayName:        POST api/Auth/register
Activity.Kind:               Server
Activity.StartTime:          2025-09-11T04:18:00.0299946Z
Activity.Duration:           00:00:00.3043254
Activity.Tags:
    server.address: localhost
    http.request.method: POST
    url.scheme: http
    url.path: /api/auth/register
    network.protocol.version: 1.1
    http.route: api/Auth/register
    http.response.status_code: 200
Resource associated with Activity:
    deployment.environment: Testing
    service.name: Crud.Api
    service.version: 1.0.0
    service.instance.id: 8958bff5-028e-43b0-8103-5553bc095d18
    telemetry.sdk.name: opentelemetry
    telemetry.sdk.language: dotnet
    telemetry.sdk.version: 1.8.1
[04:18:00 DBG] Cache miss for key: entity:wall:47a722e289134415a313617b0a86de9c {"SourceContext": "Infrastructure.Services.Caching.InMemoryCacheService", "ActionId": "fe438803-3950-49d8-a038-b3d45ae002f3", "ActionName": "Api.Controllers.WallsController.Get (Api)", "RequestId": "0HNFGT8MUJP4R", "RequestPath": "/api/walls/47a722e2-8913-4415-a313-617b0a86de9c", "Application": "Crud.Api"}
[04:18:00 DBG] Set cache value for key: entity:wall:47a722e289134415a313617b0a86de9c {"SourceContext": "Infrastructure.Services.Caching.InMemoryCacheService", "ActionId": "fe438803-3950-49d8-a038-b3d45ae002f3", "ActionName": "Api.Controllers.WallsController.Get (Api)", "RequestId": "0HNFGT8MUJP4R", "RequestPath": "/api/walls/47a722e2-8913-4415-a313-617b0a86de9c", "Application": "Crud.Api"}
Activity.TraceId:            554df6ee8e67668d0d7c9e89f12ae0f6
Activity.SpanId:             d1c23a351a5ff5e1
Activity.TraceFlags:         Recorded
Activity.ActivitySourceName: Microsoft.AspNetCore
Activity.DisplayName:        GET api/Walls/{id:guid}
Activity.Kind:               Server
Activity.StartTime:          2025-09-11T04:18:00.3355818Z
Activity.Duration:           00:00:00.0238327
Activity.Tags:
    server.address: localhost
    http.request.method: GET
    url.scheme: http
    url.path: /api/walls/47a722e2-8913-4415-a313-617b0a86de9c
    network.protocol.version: 1.1
    http.route: api/Walls/{id:guid}
    http.response.status_code: 200
Resource associated with Activity:
    deployment.environment: Testing
    service.name: Crud.Api
    service.version: 1.0.0
    service.instance.id: 8958bff5-028e-43b0-8103-5553bc095d18
    telemetry.sdk.name: opentelemetry
    telemetry.sdk.language: dotnet
    telemetry.sdk.version: 1.8.1
[04:18:00 INF] Resetting database for worker 12522 {"SourceContext": "Infrastructure.Services.DatabaseTestService", "Application": "Crud.Api"}
[04:18:00 INF] Resetting database via file deletion for worker 12522 in CI environment {"SourceContext": "Infrastructure.Services.DatabaseTestService", "Application": "Crud.Api"}
[04:18:00 INF] Acquiring database mutex for worker 12522... {"SourceContext": "Infrastructure.Services.DatabaseTestService", "Application": "Crud.Api"}
[04:18:00 INF] Database mutex acquired for worker 12522 {"SourceContext": "Infrastructure.Services.DatabaseTestService", "Application": "Crud.Api"}
[04:18:00 INF] Current database state - CanConnect: True {"SourceContext": "Infrastructure.Services.DatabaseTestService", "Application": "Crud.Api"}
[04:18:00 INF] [Phase 0] Closing database connection for worker 12522... {"SourceContext": "Infrastructure.Services.DatabaseTestService", "Application": "Crud.Api"}
[04:18:00 INF] [Phase 0] Connection closed in 0.0026ms {"SourceContext": "Infrastructure.Services.DatabaseTestService", "Application": "Crud.Api"}
[04:18:00 INF] [Phase 1] Starting EnsureDeletedAsync for worker 12522... {"SourceContext": "Infrastructure.Services.DatabaseTestService", "Application": "Crud.Api"}
[04:18:00 INF] [Phase 1] EnsureDeletedAsync completed in 2.0151ms {"SourceContext": "Infrastructure.Services.DatabaseTestService", "Application": "Crud.Api"}
[04:18:00 INF] [Phase 2] Starting EnsureCreatedAsync for worker 12522... {"SourceContext": "Infrastructure.Services.DatabaseTestService", "Application": "Crud.Api"}
[04:18:00 INF] [Phase 2] EnsureCreatedAsync completed in 24.4322ms {"SourceContext": "Infrastructure.Services.DatabaseTestService", "Application": "Crud.Api"}
[04:18:00 INF] [Phase 3] Skipping database seeding as requested for worker 12522 {"SourceContext": "Infrastructure.Services.DatabaseTestService", "Application": "Crud.Api"}
[04:18:00 INF] Database reset via file deletion completed for worker 12522 in 126.8783ms (Close: 0.0026ms, Delete: 2.0151ms, Create: 24.4322ms) {"SourceContext": "Infrastructure.Services.DatabaseTestService", "Application": "Crud.Api"}
[04:18:00 INF] Releasing database mutex for worker 12522 {"SourceContext": "Infrastructure.Services.DatabaseTestService", "Application": "Crud.Api"}
[04:18:00 INF] User registered successfully: 1280cb80-36e6-41e8-925e-107e7ae84b8d {"SourceContext": "App.Features.Authentication.RegisterUserCommandHandler", "ActionId": "b42a1ca5-6f7e-4f9d-baf6-69655fc45291", "ActionName": "Api.Controllers.AuthController.Register (Api)", "RequestId": "0HNFGT8MUJP4S", "RequestPath": "/api/auth/register", "Application": "Crud.Api"}
Activity.TraceId:            175d62396216885bb46771a0a9fb64da
Activity.SpanId:             3423de9aa70eadae
Activity.TraceFlags:         Recorded
Activity.ActivitySourceName: Microsoft.AspNetCore
Activity.DisplayName:        POST api/Auth/register
Activity.Kind:               Server
Activity.StartTime:          2025-09-11T04:18:00.4917312Z
Activity.Duration:           00:00:00.3036596
Activity.Tags:
    server.address: localhost
    http.request.method: POST
    url.scheme: http
    url.path: /api/auth/register
    network.protocol.version: 1.1
    http.route: api/Auth/register
    http.response.status_code: 200
Resource associated with Activity:
    deployment.environment: Testing
    service.name: Crud.Api
    service.version: 1.0.0
    service.instance.id: 8958bff5-028e-43b0-8103-5553bc095d18
    telemetry.sdk.name: opentelemetry
    telemetry.sdk.language: dotnet
    telemetry.sdk.version: 1.8.1
[04:18:01 INF] User logged in successfully: 1280cb80-36e6-41e8-925e-107e7ae84b8d {"SourceContext": "App.Features.Authentication.LoginCommandHandler", "ActionId": "bb653be6-bdb7-4fa1-9d21-e0e1c61c429c", "ActionName": "Api.Controllers.AuthController.Login (Api)", "RequestId": "0HNFGT8MUJP4T", "RequestPath": "/api/auth/login", "Application": "Crud.Api"}
Activity.TraceId:            17224eda64858d70eb214b31a7bfb70b
Activity.SpanId:             1db364f71d5500a5
Activity.TraceFlags:         Recorded
Activity.ActivitySourceName: Microsoft.AspNetCore
Activity.DisplayName:        POST api/Auth/login
Activity.Kind:               Server
Activity.StartTime:          2025-09-11T04:18:00.7972180Z
Activity.Duration:           00:00:00.3043604
Activity.Tags:
    server.address: localhost
    http.request.method: POST
    url.scheme: http
    url.path: /api/auth/login
    network.protocol.version: 1.1
    http.route: api/Auth/login
    http.response.status_code: 200
Resource associated with Activity:
    deployment.environment: Testing
    service.name: Crud.Api
    service.version: 1.0.0
    service.instance.id: 8958bff5-028e-43b0-8103-5553bc095d18
    telemetry.sdk.name: opentelemetry
    telemetry.sdk.language: dotnet
    telemetry.sdk.version: 1.8.1
[04:18:01 DBG] Removed cache value for key: entity:wall:903fa28c8cb245308ed1d1cae616ed92 {"SourceContext": "Infrastructure.Services.Caching.InMemoryCacheService", "ActionId": "5adbcc0a-8839-4a56-935d-d2a30140ccdc", "ActionName": "Api.Controllers.WallsController.Create (Api)", "RequestId": "0HNFGT8MUJP4U", "RequestPath": "/api/walls", "Application": "Crud.Api"}
[04:18:01 DBG] Removed cache value for key: list:wall {"SourceContext": "Infrastructure.Services.Caching.InMemoryCacheService", "ActionId": "5adbcc0a-8839-4a56-935d-d2a30140ccdc", "ActionName": "Api.Controllers.WallsController.Create (Api)", "RequestId": "0HNFGT8MUJP4U", "RequestPath": "/api/walls", "Application": "Crud.Api"}
[04:18:01 DBG] Invalidating cache for entity type: walls with tag: walls {"SourceContext": "Api.Services.OutputCacheInvalidationService", "ActionId": "5adbcc0a-8839-4a56-935d-d2a30140ccdc", "ActionName": "Api.Controllers.WallsController.Create (Api)", "RequestId": "0HNFGT8MUJP4U", "RequestPath": "/api/walls", "Application": "Crud.Api"}
[04:18:01 INF] Successfully invalidated cache for entity type: walls {"SourceContext": "Api.Services.OutputCacheInvalidationService", "ActionId": "5adbcc0a-8839-4a56-935d-d2a30140ccdc", "ActionName": "Api.Controllers.WallsController.Create (Api)", "RequestId": "0HNFGT8MUJP4U", "RequestPath": "/api/walls", "Application": "Crud.Api"}
Activity.TraceId:            4e872d2fd89effc2c7224dba0cba337e
Activity.SpanId:             50b3518a384e19b9
Activity.TraceFlags:         Recorded
Activity.ActivitySourceName: Microsoft.AspNetCore
Activity.DisplayName:        POST api/Walls
Activity.Kind:               Server
Activity.StartTime:          2025-09-11T04:18:01.1019801Z
Activity.Duration:           00:00:00.0043915
Activity.Tags:
    server.address: localhost
    http.request.method: POST
    url.scheme: http
    url.path: /api/walls
    network.protocol.version: 1.1
    http.route: api/Walls
    http.response.status_code: 201
Resource associated with Activity:
    deployment.environment: Testing
    service.name: Crud.Api
    service.version: 1.0.0
    service.instance.id: 8958bff5-028e-43b0-8103-5553bc095d18
    telemetry.sdk.name: opentelemetry
    telemetry.sdk.language: dotnet
    telemetry.sdk.version: 1.8.1
[04:18:01 INF] User registered successfully: ad8ee60c-9350-43ac-b024-2d95bbcc91c8 {"SourceContext": "App.Features.Authentication.RegisterUserCommandHandler", "ActionId": "b42a1ca5-6f7e-4f9d-baf6-69655fc45291", "ActionName": "Api.Controllers.AuthController.Register (Api)", "RequestId": "0HNFGT8MUJP4V", "RequestPath": "/api/auth/register", "Application": "Crud.Api"}
Activity.TraceId:            71a8edb440ff3ad8c413763170495fd8
Activity.SpanId:             89c624df92fbdd22
Activity.TraceFlags:         Recorded
Activity.ActivitySourceName: Microsoft.AspNetCore
Activity.DisplayName:        POST api/Auth/register
Activity.Kind:               Server
Activity.StartTime:          2025-09-11T04:18:01.1068894Z
Activity.Duration:           00:00:00.2993833
Activity.Tags:
    server.address: localhost
    http.request.method: POST
    url.scheme: http
    url.path: /api/auth/register
    network.protocol.version: 1.1
    http.route: api/Auth/register
    http.response.status_code: 200
Resource associated with Activity:
    deployment.environment: Testing
    service.name: Crud.Api
    service.version: 1.0.0
    service.instance.id: 8958bff5-028e-43b0-8103-5553bc095d18
    telemetry.sdk.name: opentelemetry
    telemetry.sdk.language: dotnet
    telemetry.sdk.version: 1.8.1
[04:18:01 INF] User logged in successfully: ad8ee60c-9350-43ac-b024-2d95bbcc91c8 {"SourceContext": "App.Features.Authentication.LoginCommandHandler", "ActionId": "bb653be6-bdb7-4fa1-9d21-e0e1c61c429c", "ActionName": "Api.Controllers.AuthController.Login (Api)", "RequestId": "0HNFGT8MUJP50", "RequestPath": "/api/auth/login", "Application": "Crud.Api"}
Activity.TraceId:            813cc641e85cbb10262fdee21b94f1ce
Activity.SpanId:             22c702754d08df72
Activity.TraceFlags:         Recorded
Activity.ActivitySourceName: Microsoft.AspNetCore
Activity.DisplayName:        POST api/Auth/login
Activity.Kind:               Server
Activity.StartTime:          2025-09-11T04:18:01.4079775Z
Activity.Duration:           00:00:00.3008785
Activity.Tags:
    server.address: localhost
    http.request.method: POST
    url.scheme: http
    url.path: /api/auth/login
    network.protocol.version: 1.1
    http.route: api/Auth/login
    http.response.status_code: 200
Resource associated with Activity:
    deployment.environment: Testing
    service.name: Crud.Api
    service.version: 1.0.0
    service.instance.id: 8958bff5-028e-43b0-8103-5553bc095d18
    telemetry.sdk.name: opentelemetry
    telemetry.sdk.language: dotnet
    telemetry.sdk.version: 1.8.1
[04:18:01 DBG] Removed cache value for key: entity:wall:266791f4433c47c0963c0ccf35287e04 {"SourceContext": "Infrastructure.Services.Caching.InMemoryCacheService", "ActionId": "5adbcc0a-8839-4a56-935d-d2a30140ccdc", "ActionName": "Api.Controllers.WallsController.Create (Api)", "RequestId": "0HNFGT8MUJP51", "RequestPath": "/api/walls", "Application": "Crud.Api"}
[04:18:01 DBG] Removed cache value for key: list:wall {"SourceContext": "Infrastructure.Services.Caching.InMemoryCacheService", "ActionId": "5adbcc0a-8839-4a56-935d-d2a30140ccdc", "ActionName": "Api.Controllers.WallsController.Create (Api)", "RequestId": "0HNFGT8MUJP51", "RequestPath": "/api/walls", "Application": "Crud.Api"}
[04:18:01 DBG] Invalidating cache for entity type: walls with tag: walls {"SourceContext": "Api.Services.OutputCacheInvalidationService", "ActionId": "5adbcc0a-8839-4a56-935d-d2a30140ccdc", "ActionName": "Api.Controllers.WallsController.Create (Api)", "RequestId": "0HNFGT8MUJP51", "RequestPath": "/api/walls", "Application": "Crud.Api"}
[04:18:01 INF] Successfully invalidated cache for entity type: walls {"SourceContext": "Api.Services.OutputCacheInvalidationService", "ActionId": "5adbcc0a-8839-4a56-935d-d2a30140ccdc", "ActionName": "Api.Controllers.WallsController.Create (Api)", "RequestId": "0HNFGT8MUJP51", "RequestPath": "/api/walls", "Application": "Crud.Api"}
Activity.TraceId:            8efa80f0850687742350fbda904bd2e6
Activity.SpanId:             895fa0a11dcbf3bb
Activity.TraceFlags:         Recorded
Activity.ActivitySourceName: Microsoft.AspNetCore
Activity.DisplayName:        POST api/Walls
Activity.Kind:               Server
Activity.StartTime:          2025-09-11T04:18:01.7092346Z
Activity.Duration:           00:00:00.0025609
Activity.Tags:
    server.address: localhost
    http.request.method: POST
    url.scheme: http
    url.path: /api/walls
    network.protocol.version: 1.1
    http.route: api/Walls
    http.response.status_code: 201
Resource associated with Activity:
    deployment.environment: Testing
    service.name: Crud.Api
    service.version: 1.0.0
    service.instance.id: 8958bff5-028e-43b0-8103-5553bc095d18
    telemetry.sdk.name: opentelemetry
    telemetry.sdk.language: dotnet
    telemetry.sdk.version: 1.8.1
[04:18:02 INF] User registered successfully: 25279bfd-c2a0-4420-b307-b8198866c75f {"SourceContext": "App.Features.Authentication.RegisterUserCommandHandler", "ActionId": "b42a1ca5-6f7e-4f9d-baf6-69655fc45291", "ActionName": "Api.Controllers.AuthController.Register (Api)", "RequestId": "0HNFGT8MUJP52", "RequestPath": "/api/auth/register", "Application": "Crud.Api"}
Activity.TraceId:            096728e340cb02509bdc6af8540db564
Activity.SpanId:             48e8c8743cafffec
Activity.TraceFlags:         Recorded
Activity.ActivitySourceName: Microsoft.AspNetCore
Activity.DisplayName:        POST api/Auth/register
Activity.Kind:               Server
Activity.StartTime:          2025-09-11T04:18:01.7120782Z
Activity.Duration:           00:00:00.3034979
Activity.Tags:
    server.address: localhost
    http.request.method: POST
    url.scheme: http
    url.path: /api/auth/register
    network.protocol.version: 1.1
    http.route: api/Auth/register
    http.response.status_code: 200
Resource associated with Activity:
    deployment.environment: Testing
    service.name: Crud.Api
    service.version: 1.0.0
    service.instance.id: 8958bff5-028e-43b0-8103-5553bc095d18
    telemetry.sdk.name: opentelemetry
    telemetry.sdk.language: dotnet
    telemetry.sdk.version: 1.8.1
[04:18:02 DBG] Cache miss for key: list:wall {"SourceContext": "Infrastructure.Services.Caching.InMemoryCacheService", "ActionId": "c3e482ee-8c07-478e-89fd-e1920871ec9c", "ActionName": "Api.Controllers.WallsController.List (Api)", "RequestId": "0HNFGT8MUJP53", "RequestPath": "/api/walls", "Application": "Crud.Api"}
[04:18:02 DBG] Set cache value for key: list:wall {"SourceContext": "Infrastructure.Services.Caching.InMemoryCacheService", "ActionId": "c3e482ee-8c07-478e-89fd-e1920871ec9c", "ActionName": "Api.Controllers.WallsController.List (Api)", "RequestId": "0HNFGT8MUJP53", "RequestPath": "/api/walls", "Application": "Crud.Api"}
Activity.TraceId:            0ce969d2773697d35a123b4b8b64857f
Activity.SpanId:             2c6561f1465df4c5
Activity.TraceFlags:         Recorded
Activity.ActivitySourceName: Microsoft.AspNetCore
Activity.DisplayName:        GET api/Walls
Activity.Kind:               Server
Activity.StartTime:          2025-09-11T04:18:02.0158414Z
Activity.Duration:           00:00:00.0177439
Activity.Tags:
    server.address: localhost
    http.request.method: GET
    url.scheme: http
    url.path: /api/walls
    network.protocol.version: 1.1
    http.route: api/Walls
    http.response.status_code: 200
Resource associated with Activity:
    deployment.environment: Testing
    service.name: Crud.Api
    service.version: 1.0.0
    service.instance.id: 8958bff5-028e-43b0-8103-5553bc095d18
    telemetry.sdk.name: opentelemetry
    telemetry.sdk.language: dotnet
    telemetry.sdk.version: 1.8.1
[04:18:02 INF] Resetting database for worker 12522 {"SourceContext": "Infrastructure.Services.DatabaseTestService", "Application": "Crud.Api"}
[04:18:02 INF] Resetting database via file deletion for worker 12522 in CI environment {"SourceContext": "Infrastructure.Services.DatabaseTestService", "Application": "Crud.Api"}
[04:18:02 INF] Acquiring database mutex for worker 12522... {"SourceContext": "Infrastructure.Services.DatabaseTestService", "Application": "Crud.Api"}
[04:18:02 INF] Database mutex acquired for worker 12522 {"SourceContext": "Infrastructure.Services.DatabaseTestService", "Application": "Crud.Api"}
[04:18:02 INF] Current database state - CanConnect: True {"SourceContext": "Infrastructure.Services.DatabaseTestService", "Application": "Crud.Api"}
[04:18:02 INF] [Phase 0] Closing database connection for worker 12522... {"SourceContext": "Infrastructure.Services.DatabaseTestService", "Application": "Crud.Api"}
[04:18:02 INF] [Phase 0] Connection closed in 0.0019ms {"SourceContext": "Infrastructure.Services.DatabaseTestService", "Application": "Crud.Api"}
[04:18:02 INF] [Phase 1] Starting EnsureDeletedAsync for worker 12522... {"SourceContext": "Infrastructure.Services.DatabaseTestService", "Application": "Crud.Api"}
[04:18:02 INF] [Phase 1] EnsureDeletedAsync completed in 1.7866ms {"SourceContext": "Infrastructure.Services.DatabaseTestService", "Application": "Crud.Api"}
[04:18:02 INF] [Phase 2] Starting EnsureCreatedAsync for worker 12522... {"SourceContext": "Infrastructure.Services.DatabaseTestService", "Application": "Crud.Api"}
[04:18:02 INF] [Phase 2] EnsureCreatedAsync completed in 10.7718ms {"SourceContext": "Infrastructure.Services.DatabaseTestService", "Application": "Crud.Api"}
[04:18:02 INF] [Phase 3] Skipping database seeding as requested for worker 12522 {"SourceContext": "Infrastructure.Services.DatabaseTestService", "Application": "Crud.Api"}
[04:18:02 INF] Database reset via file deletion completed for worker 12522 in 113.3551ms (Close: 0.0019ms, Delete: 1.7866ms, Create: 10.7718ms) {"SourceContext": "Infrastructure.Services.DatabaseTestService", "Application": "Crud.Api"}
[04:18:02 INF] Releasing database mutex for worker 12522 {"SourceContext": "Infrastructure.Services.DatabaseTestService", "Application": "Crud.Api"}
[04:18:02 INF] User registered successfully: 7c46a03d-735a-4011-9695-5c165d756296 {"SourceContext": "App.Features.Authentication.RegisterUserCommandHandler", "ActionId": "b42a1ca5-6f7e-4f9d-baf6-69655fc45291", "ActionName": "Api.Controllers.AuthController.Register (Api)", "RequestId": "0HNFGT8MUJP54", "RequestPath": "/api/auth/register", "Application": "Crud.Api"}
Activity.TraceId:            ba5df92f920484a43fb792f89e13febc
Activity.SpanId:             6cbf730e87b57a2b
Activity.TraceFlags:         Recorded
Activity.ActivitySourceName: Microsoft.AspNetCore
Activity.DisplayName:        POST api/Auth/register
Activity.Kind:               Server
Activity.StartTime:          2025-09-11T04:18:02.1513856Z
Activity.Duration:           00:00:00.3051135
Activity.Tags:
    server.address: localhost
    http.request.method: POST
    url.scheme: http
    url.path: /api/auth/register
    network.protocol.version: 1.1
    http.route: api/Auth/register
    http.response.status_code: 200
Resource associated with Activity:
    deployment.environment: Testing
    service.name: Crud.Api
    service.version: 1.0.0
    service.instance.id: 8958bff5-028e-43b0-8103-5553bc095d18
    telemetry.sdk.name: opentelemetry
    telemetry.sdk.language: dotnet
    telemetry.sdk.version: 1.8.1
[04:18:02 INF] User logged in successfully: 7c46a03d-735a-4011-9695-5c165d756296 {"SourceContext": "App.Features.Authentication.LoginCommandHandler", "ActionId": "bb653be6-bdb7-4fa1-9d21-e0e1c61c429c", "ActionName": "Api.Controllers.AuthController.Login (Api)", "RequestId": "0HNFGT8MUJP55", "RequestPath": "/api/auth/login", "Application": "Crud.Api"}
Activity.TraceId:            be3971e879522deb87d9eed110568329
Activity.SpanId:             f630c6d0b718b058
Activity.TraceFlags:         Recorded
Activity.ActivitySourceName: Microsoft.AspNetCore
Activity.DisplayName:        POST api/Auth/login
Activity.Kind:               Server
Activity.StartTime:          2025-09-11T04:18:02.4586825Z
Activity.Duration:           00:00:00.3000771
Activity.Tags:
    server.address: localhost
    http.request.method: POST
    url.scheme: http
    url.path: /api/auth/login
    network.protocol.version: 1.1
    http.route: api/Auth/login
    http.response.status_code: 200
Resource associated with Activity:
    deployment.environment: Testing
    service.name: Crud.Api
    service.version: 1.0.0
    service.instance.id: 8958bff5-028e-43b0-8103-5553bc095d18
    telemetry.sdk.name: opentelemetry
    telemetry.sdk.language: dotnet
    telemetry.sdk.version: 1.8.1
Activity.TraceId:            f2208882c974c499cc5e1b232c9c8ddb
Activity.SpanId:             8afe78794c3b2e21
Activity.TraceFlags:         Recorded
Activity.ActivitySourceName: Microsoft.AspNetCore
Activity.DisplayName:        POST api/Walls
Activity.Kind:               Server
Activity.StartTime:          2025-09-11T04:18:02.7607091Z
Activity.Duration:           00:00:00.0117249
Activity.Tags:
    server.address: localhost
    http.request.method: POST
    url.scheme: http
    url.path: /api/walls
    network.protocol.version: 1.1
    http.route: api/Walls
    http.response.status_code: 400
Resource associated with Activity:
    deployment.environment: Testing
    service.name: Crud.Api
    service.version: 1.0.0
    service.instance.id: 8958bff5-028e-43b0-8103-5553bc095d18
    telemetry.sdk.name: opentelemetry
    telemetry.sdk.language: dotnet
    telemetry.sdk.version: 1.8.1
[04:18:03 INF] User registered successfully: 901b0fcd-60d9-481b-beab-aed72ec59dd4 {"SourceContext": "App.Features.Authentication.RegisterUserCommandHandler", "ActionId": "b42a1ca5-6f7e-4f9d-baf6-69655fc45291", "ActionName": "Api.Controllers.AuthController.Register (Api)", "RequestId": "0HNFGT8MUJP57", "RequestPath": "/api/auth/register", "Application": "Crud.Api"}
Activity.TraceId:            53780b2efbc9b648eab7c9c6cc74fc2e
Activity.SpanId:             f0f783c360b57732
Activity.TraceFlags:         Recorded
Activity.ActivitySourceName: Microsoft.AspNetCore
Activity.DisplayName:        POST api/Auth/register
Activity.Kind:               Server
Activity.StartTime:          2025-09-11T04:18:02.7749135Z
Activity.Duration:           00:00:00.3079586
Activity.Tags:
    server.address: localhost
    http.request.method: POST
    url.scheme: http
    url.path: /api/auth/register
    network.protocol.version: 1.1
    http.route: api/Auth/register
    http.response.status_code: 200
Resource associated with Activity:
    deployment.environment: Testing
    service.name: Crud.Api
    service.version: 1.0.0
    service.instance.id: 8958bff5-028e-43b0-8103-5553bc095d18
    telemetry.sdk.name: opentelemetry
    telemetry.sdk.language: dotnet
    telemetry.sdk.version: 1.8.1
[04:18:03 INF] User logged in successfully: 901b0fcd-60d9-481b-beab-aed72ec59dd4 {"SourceContext": "App.Features.Authentication.LoginCommandHandler", "ActionId": "bb653be6-bdb7-4fa1-9d21-e0e1c61c429c", "ActionName": "Api.Controllers.AuthController.Login (Api)", "RequestId": "0HNFGT8MUJP58", "RequestPath": "/api/auth/login", "Application": "Crud.Api"}
Activity.TraceId:            4a9844275439b925760d13d01acc5091
Activity.SpanId:             bfc5c1341a5ecfb7
Activity.TraceFlags:         Recorded
Activity.ActivitySourceName: Microsoft.AspNetCore
Activity.DisplayName:        POST api/Auth/login
Activity.Kind:               Server
Activity.StartTime:          2025-09-11T04:18:03.0852320Z
Activity.Duration:           00:00:00.2998154
Activity.Tags:
    server.address: localhost
    http.request.method: POST
    url.scheme: http
    url.path: /api/auth/login
    network.protocol.version: 1.1
    http.route: api/Auth/login
    http.response.status_code: 200
Resource associated with Activity:
    deployment.environment: Testing
    service.name: Crud.Api
    service.version: 1.0.0
    service.instance.id: 8958bff5-028e-43b0-8103-5553bc095d18
    telemetry.sdk.name: opentelemetry
    telemetry.sdk.language: dotnet
    telemetry.sdk.version: 1.8.1
[04:18:03 DBG] Removed cache value for key: entity:wall:1f7a81fb41c842af89811c202b05e3c2 {"SourceContext": "Infrastructure.Services.Caching.InMemoryCacheService", "ActionId": "cf581ace-9918-4a80-b244-2c660206d2bc", "ActionName": "Api.Controllers.WallsController.Delete (Api)", "RequestId": "0HNFGT8MUJP59", "RequestPath": "/api/walls/1f7a81fb-41c8-42af-8981-1c202b05e3c2", "Application": "Crud.Api"}
[04:18:03 DBG] Removed cache value for key: list:wall {"SourceContext": "Infrastructure.Services.Caching.InMemoryCacheService", "ActionId": "cf581ace-9918-4a80-b244-2c660206d2bc", "ActionName": "Api.Controllers.WallsController.Delete (Api)", "RequestId": "0HNFGT8MUJP59", "RequestPath": "/api/walls/1f7a81fb-41c8-42af-8981-1c202b05e3c2", "Application": "Crud.Api"}
[04:18:03 DBG] Invalidating cache for entity: walls/1f7a81fb-41c8-42af-8981-1c202b05e3c2 with tags: walls, walls:1f7a81fb-41c8-42af-8981-1c202b05e3c2 {"SourceContext": "Api.Services.OutputCacheInvalidationService", "ActionId": "cf581ace-9918-4a80-b244-2c660206d2bc", "ActionName": "Api.Controllers.WallsController.Delete (Api)", "RequestId": "0HNFGT8MUJP59", "RequestPath": "/api/walls/1f7a81fb-41c8-42af-8981-1c202b05e3c2", "Application": "Crud.Api"}
[04:18:03 DBG] Successfully invalidated cache for tag: walls {"SourceContext": "Api.Services.OutputCacheInvalidationService", "ActionId": "cf581ace-9918-4a80-b244-2c660206d2bc", "ActionName": "Api.Controllers.WallsController.Delete (Api)", "RequestId": "0HNFGT8MUJP59", "RequestPath": "/api/walls/1f7a81fb-41c8-42af-8981-1c202b05e3c2", "Application": "Crud.Api"}
[04:18:03 DBG] Successfully invalidated cache for tag: walls:1f7a81fb-41c8-42af-8981-1c202b05e3c2 {"SourceContext": "Api.Services.OutputCacheInvalidationService", "ActionId": "cf581ace-9918-4a80-b244-2c660206d2bc", "ActionName": "Api.Controllers.WallsController.Delete (Api)", "RequestId": "0HNFGT8MUJP59", "RequestPath": "/api/walls/1f7a81fb-41c8-42af-8981-1c202b05e3c2", "Application": "Crud.Api"}
Activity.TraceId:            71820bf061f2b78b4af3218cd46f7b8d
Activity.SpanId:             6907035a06721f70
Activity.TraceFlags:         Recorded
Activity.ActivitySourceName: Microsoft.AspNetCore
Activity.DisplayName:        DELETE api/Walls/{id:guid}
Activity.Kind:               Server
Activity.StartTime:          2025-09-11T04:18:03.3867470Z
Activity.Duration:           00:00:00.0102230
Activity.Tags:
    server.address: localhost
    http.request.method: DELETE
    url.scheme: http
    url.path: /api/walls/1f7a81fb-41c8-42af-8981-1c202b05e3c2
    network.protocol.version: 1.1
    http.route: api/Walls/{id:guid}
    http.response.status_code: 204
Resource associated with Activity:
    deployment.environment: Testing
    service.name: Crud.Api
    service.version: 1.0.0
    service.instance.id: 8958bff5-028e-43b0-8103-5553bc095d18
    telemetry.sdk.name: opentelemetry
    telemetry.sdk.language: dotnet
    telemetry.sdk.version: 1.8.1
[04:18:03 INF] User registered successfully: 64769d0a-be72-46cc-bb73-1496c8ab9597 {"SourceContext": "App.Features.Authentication.RegisterUserCommandHandler", "ActionId": "b42a1ca5-6f7e-4f9d-baf6-69655fc45291", "ActionName": "Api.Controllers.AuthController.Register (Api)", "RequestId": "0HNFGT8MUJP5A", "RequestPath": "/api/auth/register", "Application": "Crud.Api"}
Activity.TraceId:            634b453a95a5ceac771b494c2d5de26f
Activity.SpanId:             952036355504de32
Activity.TraceFlags:         Recorded
Activity.ActivitySourceName: Microsoft.AspNetCore
Activity.DisplayName:        POST api/Auth/register
Activity.Kind:               Server
Activity.StartTime:          2025-09-11T04:18:03.3998915Z
Activity.Duration:           00:00:00.3024192
Activity.Tags:
    server.address: localhost
    http.request.method: POST
    url.scheme: http
    url.path: /api/auth/register
    network.protocol.version: 1.1
    http.route: api/Auth/register
    http.response.status_code: 200
Resource associated with Activity:
    deployment.environment: Testing
    service.name: Crud.Api
    service.version: 1.0.0
    service.instance.id: 8958bff5-028e-43b0-8103-5553bc095d18
    telemetry.sdk.name: opentelemetry
    telemetry.sdk.language: dotnet
    telemetry.sdk.version: 1.8.1
[04:18:04 INF] User logged in successfully: 64769d0a-be72-46cc-bb73-1496c8ab9597 {"SourceContext": "App.Features.Authentication.LoginCommandHandler", "ActionId": "bb653be6-bdb7-4fa1-9d21-e0e1c61c429c", "ActionName": "Api.Controllers.AuthController.Login (Api)", "RequestId": "0HNFGT8MUJP5B", "RequestPath": "/api/auth/login", "Application": "Crud.Api"}
Activity.TraceId:            0672f7d2c0c02094e568c34ea0cec171
Activity.SpanId:             4ab397162ee2e754
Activity.TraceFlags:         Recorded
Activity.ActivitySourceName: Microsoft.AspNetCore
Activity.DisplayName:        POST api/Auth/login
Activity.Kind:               Server
Activity.StartTime:          2025-09-11T04:18:03.7039895Z
Activity.Duration:           00:00:00.2992531
Activity.Tags:
    server.address: localhost
    http.request.method: POST
    url.scheme: http
    url.path: /api/auth/login
    network.protocol.version: 1.1
    http.route: api/Auth/login
    http.response.status_code: 200
Resource associated with Activity:
    deployment.environment: Testing
    service.name: Crud.Api
    service.version: 1.0.0
    service.instance.id: 8958bff5-028e-43b0-8103-5553bc095d18
    telemetry.sdk.name: opentelemetry
    telemetry.sdk.language: dotnet
    telemetry.sdk.version: 1.8.1
[04:18:04 DBG] Removed cache value for key: entity:wall:1ba912bec5e2477890cb98ed350761c1 {"SourceContext": "Infrastructure.Services.Caching.InMemoryCacheService", "ActionId": "5adbcc0a-8839-4a56-935d-d2a30140ccdc", "ActionName": "Api.Controllers.WallsController.Create (Api)", "RequestId": "0HNFGT8MUJP5C", "RequestPath": "/api/walls", "Application": "Crud.Api"}
[04:18:04 DBG] Removed cache value for key: list:wall {"SourceContext": "Infrastructure.Services.Caching.InMemoryCacheService", "ActionId": "5adbcc0a-8839-4a56-935d-d2a30140ccdc", "ActionName": "Api.Controllers.WallsController.Create (Api)", "RequestId": "0HNFGT8MUJP5C", "RequestPath": "/api/walls", "Application": "Crud.Api"}
[04:18:04 DBG] Invalidating cache for entity type: walls with tag: walls {"SourceContext": "Api.Services.OutputCacheInvalidationService", "ActionId": "5adbcc0a-8839-4a56-935d-d2a30140ccdc", "ActionName": "Api.Controllers.WallsController.Create (Api)", "RequestId": "0HNFGT8MUJP5C", "RequestPath": "/api/walls", "Application": "Crud.Api"}
[04:18:04 INF] Successfully invalidated cache for entity type: walls {"SourceContext": "Api.Services.OutputCacheInvalidationService", "ActionId": "5adbcc0a-8839-4a56-935d-d2a30140ccdc", "ActionName": "Api.Controllers.WallsController.Create (Api)", "RequestId": "0HNFGT8MUJP5C", "RequestPath": "/api/walls", "Application": "Crud.Api"}
Activity.TraceId:            eb838deeab19db118f30815f28f95b76
Activity.SpanId:             c4f9fd7fdb4085d2
Activity.TraceFlags:         Recorded
Activity.ActivitySourceName: Microsoft.AspNetCore
Activity.DisplayName:        POST api/Walls
Activity.Kind:               Server
Activity.StartTime:          2025-09-11T04:18:04.0049959Z
Activity.Duration:           00:00:00.0036813
Activity.Tags:
    server.address: localhost
    http.request.method: POST
    url.scheme: http
    url.path: /api/walls
    network.protocol.version: 1.1
    http.route: api/Walls
    http.response.status_code: 201
Resource associated with Activity:
    deployment.environment: Testing
    service.name: Crud.Api
    service.version: 1.0.0
    service.instance.id: 8958bff5-028e-43b0-8103-5553bc095d18
    telemetry.sdk.name: opentelemetry
    telemetry.sdk.language: dotnet
    telemetry.sdk.version: 1.8.1
[04:18:04 INF] User registered successfully: f4de0218-fdff-435d-bc4b-3424f3283e66 {"SourceContext": "App.Features.Authentication.RegisterUserCommandHandler", "ActionId": "b42a1ca5-6f7e-4f9d-baf6-69655fc45291", "ActionName": "Api.Controllers.AuthController.Register (Api)", "RequestId": "0HNFGT8MUJP5D", "RequestPath": "/api/auth/register", "Application": "Crud.Api"}
Activity.TraceId:            21fe04a4aa47d1519bf1097f18f977df
Activity.SpanId:             a1575fe7a19ddc96
Activity.TraceFlags:         Recorded
Activity.ActivitySourceName: Microsoft.AspNetCore
Activity.DisplayName:        POST api/Auth/register
Activity.Kind:               Server
Activity.StartTime:          2025-09-11T04:18:04.0119458Z
Activity.Duration:           00:00:00.3001116
Activity.Tags:
    server.address: localhost
    http.request.method: POST
    url.scheme: http
    url.path: /api/auth/register
    network.protocol.version: 1.1
    http.route: api/Auth/register
    http.response.status_code: 200
Resource associated with Activity:
    deployment.environment: Testing
    service.name: Crud.Api
    service.version: 1.0.0
    service.instance.id: 8958bff5-028e-43b0-8103-5553bc095d18
    telemetry.sdk.name: opentelemetry
    telemetry.sdk.language: dotnet
    telemetry.sdk.version: 1.8.1
[04:18:04 INF] User logged in successfully: f4de0218-fdff-435d-bc4b-3424f3283e66 {"SourceContext": "App.Features.Authentication.LoginCommandHandler", "ActionId": "bb653be6-bdb7-4fa1-9d21-e0e1c61c429c", "ActionName": "Api.Controllers.AuthController.Login (Api)", "RequestId": "0HNFGT8MUJP5E", "RequestPath": "/api/auth/login", "Application": "Crud.Api"}
Activity.TraceId:            22dc05334ef3a068d4acae775df253d7
Activity.SpanId:             7f585aee1024c28f
Activity.TraceFlags:         Recorded
Activity.ActivitySourceName: Microsoft.AspNetCore
Activity.DisplayName:        POST api/Auth/login
Activity.Kind:               Server
Activity.StartTime:          2025-09-11T04:18:04.3144590Z
Activity.Duration:           00:00:00.3000894
Activity.Tags:
    server.address: localhost
    http.request.method: POST
    url.scheme: http
    url.path: /api/auth/login
    network.protocol.version: 1.1
    http.route: api/Auth/login
    http.response.status_code: 200
Resource associated with Activity:
    deployment.environment: Testing
    service.name: Crud.Api
    service.version: 1.0.0
    service.instance.id: 8958bff5-028e-43b0-8103-5553bc095d18
    telemetry.sdk.name: opentelemetry
    telemetry.sdk.language: dotnet
    telemetry.sdk.version: 1.8.1
[04:18:04 DBG] Removed cache value for key: entity:wall:356d81f5fbd94e6099c37d0d7d8662fa {"SourceContext": "Infrastructure.Services.Caching.InMemoryCacheService", "ActionId": "5adbcc0a-8839-4a56-935d-d2a30140ccdc", "ActionName": "Api.Controllers.WallsController.Create (Api)", "RequestId": "0HNFGT8MUJP5F", "RequestPath": "/api/walls", "Application": "Crud.Api"}
[04:18:04 DBG] Removed cache value for key: list:wall {"SourceContext": "Infrastructure.Services.Caching.InMemoryCacheService", "ActionId": "5adbcc0a-8839-4a56-935d-d2a30140ccdc", "ActionName": "Api.Controllers.WallsController.Create (Api)", "RequestId": "0HNFGT8MUJP5F", "RequestPath": "/api/walls", "Application": "Crud.Api"}
[04:18:04 DBG] Invalidating cache for entity type: walls with tag: walls {"SourceContext": "Api.Services.OutputCacheInvalidationService", "ActionId": "5adbcc0a-8839-4a56-935d-d2a30140ccdc", "ActionName": "Api.Controllers.WallsController.Create (Api)", "RequestId": "0HNFGT8MUJP5F", "RequestPath": "/api/walls", "Application": "Crud.Api"}
[04:18:04 INF] Successfully invalidated cache for entity type: walls {"SourceContext": "Api.Services.OutputCacheInvalidationService", "ActionId": "5adbcc0a-8839-4a56-935d-d2a30140ccdc", "ActionName": "Api.Controllers.WallsController.Create (Api)", "RequestId": "0HNFGT8MUJP5F", "RequestPath": "/api/walls", "Application": "Crud.Api"}
Activity.TraceId:            12e5674c012190d8d1f28dd2cfe000ee
Activity.SpanId:             420ef196697268ce
Activity.TraceFlags:         Recorded
Activity.ActivitySourceName: Microsoft.AspNetCore
Activity.DisplayName:        POST api/Walls
Activity.Kind:               Server
Activity.StartTime:          2025-09-11T04:18:04.6156376Z
Activity.Duration:           00:00:00.0024652
Activity.Tags:
    server.address: localhost
    http.request.method: POST
    url.scheme: http
    url.path: /api/walls
    network.protocol.version: 1.1
    http.route: api/Walls
    http.response.status_code: 201
Resource associated with Activity:
    deployment.environment: Testing
    service.name: Crud.Api
    service.version: 1.0.0
    service.instance.id: 8958bff5-028e-43b0-8103-5553bc095d18
    telemetry.sdk.name: opentelemetry
    telemetry.sdk.language: dotnet
    telemetry.sdk.version: 1.8.1
[04:18:04 INF] User registered successfully: 73dbdf2d-9bd6-4343-8d6b-47cb4c1a64a0 {"SourceContext": "App.Features.Authentication.RegisterUserCommandHandler", "ActionId": "b42a1ca5-6f7e-4f9d-baf6-69655fc45291", "ActionName": "Api.Controllers.AuthController.Register (Api)", "RequestId": "0HNFGT8MUJP5G", "RequestPath": "/api/auth/register", "Application": "Crud.Api"}
Activity.TraceId:            73e00ba87b24705b1005dd892632a4d0
Activity.SpanId:             6a2c38df3fa8bb4d
Activity.TraceFlags:         Recorded
Activity.ActivitySourceName: Microsoft.AspNetCore
Activity.DisplayName:        POST api/Auth/register
Activity.Kind:               Server
Activity.StartTime:          2025-09-11T04:18:04.6188253Z
Activity.Duration:           00:00:00.3006833
Activity.Tags:
    server.address: localhost
    http.request.method: POST
    url.scheme: http
    url.path: /api/auth/register
    network.protocol.version: 1.1
    http.route: api/Auth/register
    http.response.status_code: 200
Resource associated with Activity:
    deployment.environment: Testing
    service.name: Crud.Api
    service.version: 1.0.0
    service.instance.id: 8958bff5-028e-43b0-8103-5553bc095d18
    telemetry.sdk.name: opentelemetry
    telemetry.sdk.language: dotnet
    telemetry.sdk.version: 1.8.1
[04:18:05 INF] User logged in successfully: 73dbdf2d-9bd6-4343-8d6b-47cb4c1a64a0 {"SourceContext": "App.Features.Authentication.LoginCommandHandler", "ActionId": "bb653be6-bdb7-4fa1-9d21-e0e1c61c429c", "ActionName": "Api.Controllers.AuthController.Login (Api)", "RequestId": "0HNFGT8MUJP5H", "RequestPath": "/api/auth/login", "Application": "Crud.Api"}
Activity.TraceId:            1308b75154671dbeee782d53f6c1c44a
Activity.SpanId:             216441b5df8d2305
Activity.TraceFlags:         Recorded
Activity.ActivitySourceName: Microsoft.AspNetCore
Activity.DisplayName:        POST api/Auth/login
Activity.Kind:               Server
Activity.StartTime:          2025-09-11T04:18:04.9205889Z
Activity.Duration:           00:00:00.3004196
Activity.Tags:
    server.address: localhost
    http.request.method: POST
    url.scheme: http
    url.path: /api/auth/login
    network.protocol.version: 1.1
    http.route: api/Auth/login
    http.response.status_code: 200
Resource associated with Activity:
    deployment.environment: Testing
    service.name: Crud.Api
    service.version: 1.0.0
    service.instance.id: 8958bff5-028e-43b0-8103-5553bc095d18
    telemetry.sdk.name: opentelemetry
    telemetry.sdk.language: dotnet
    telemetry.sdk.version: 1.8.1
[04:18:05 DBG] Removed cache value for key: entity:wall:356d81f5fbd94e6099c37d0d7d8662fa {"SourceContext": "Infrastructure.Services.Caching.InMemoryCacheService", "ActionId": "cf581ace-9918-4a80-b244-2c660206d2bc", "ActionName": "Api.Controllers.WallsController.Delete (Api)", "RequestId": "0HNFGT8MUJP5I", "RequestPath": "/api/walls/356d81f5-fbd9-4e60-99c3-7d0d7d8662fa", "Application": "Crud.Api"}
[04:18:05 DBG] Removed cache value for key: list:wall {"SourceContext": "Infrastructure.Services.Caching.InMemoryCacheService", "ActionId": "cf581ace-9918-4a80-b244-2c660206d2bc", "ActionName": "Api.Controllers.WallsController.Delete (Api)", "RequestId": "0HNFGT8MUJP5I", "RequestPath": "/api/walls/356d81f5-fbd9-4e60-99c3-7d0d7d8662fa", "Application": "Crud.Api"}
[04:18:05 DBG] Invalidating cache for entity: walls/356d81f5-fbd9-4e60-99c3-7d0d7d8662fa with tags: walls, walls:356d81f5-fbd9-4e60-99c3-7d0d7d8662fa {"SourceContext": "Api.Services.OutputCacheInvalidationService", "ActionId": "cf581ace-9918-4a80-b244-2c660206d2bc", "ActionName": "Api.Controllers.WallsController.Delete (Api)", "RequestId": "0HNFGT8MUJP5I", "RequestPath": "/api/walls/356d81f5-fbd9-4e60-99c3-7d0d7d8662fa", "Application": "Crud.Api"}
[04:18:05 DBG] Successfully invalidated cache for tag: walls {"SourceContext": "Api.Services.OutputCacheInvalidationService", "ActionId": "cf581ace-9918-4a80-b244-2c660206d2bc", "ActionName": "Api.Controllers.WallsController.Delete (Api)", "RequestId": "0HNFGT8MUJP5I", "RequestPath": "/api/walls/356d81f5-fbd9-4e60-99c3-7d0d7d8662fa", "Application": "Crud.Api"}
[04:18:05 DBG] Successfully invalidated cache for tag: walls:356d81f5-fbd9-4e60-99c3-7d0d7d8662fa {"SourceContext": "Api.Services.OutputCacheInvalidationService", "ActionId": "cf581ace-9918-4a80-b244-2c660206d2bc", "ActionName": "Api.Controllers.WallsController.Delete (Api)", "RequestId": "0HNFGT8MUJP5I", "RequestPath": "/api/walls/356d81f5-fbd9-4e60-99c3-7d0d7d8662fa", "Application": "Crud.Api"}
Activity.TraceId:            3b0ae2a4bb39595365b23f5bc3a9fadc
Activity.SpanId:             46afbe0092be2ba6
Activity.TraceFlags:         Recorded
Activity.ActivitySourceName: Microsoft.AspNetCore
Activity.DisplayName:        DELETE api/Walls/{id:guid}
Activity.Kind:               Server
Activity.StartTime:          2025-09-11T04:18:05.2214062Z
Activity.Duration:           00:00:00.0084240
Activity.Tags:
    server.address: localhost
    http.request.method: DELETE
    url.scheme: http
    url.path: /api/walls/356d81f5-fbd9-4e60-99c3-7d0d7d8662fa
    network.protocol.version: 1.1
    http.route: api/Walls/{id:guid}
    http.response.status_code: 204
Resource associated with Activity:
    deployment.environment: Testing
    service.name: Crud.Api
    service.version: 1.0.0
    service.instance.id: 8958bff5-028e-43b0-8103-5553bc095d18
    telemetry.sdk.name: opentelemetry
    telemetry.sdk.language: dotnet
    telemetry.sdk.version: 1.8.1
[04:18:05 INF] User registered successfully: 7eb93d58-7559-45d7-8942-37fc4ca10384 {"SourceContext": "App.Features.Authentication.RegisterUserCommandHandler", "ActionId": "b42a1ca5-6f7e-4f9d-baf6-69655fc45291", "ActionName": "Api.Controllers.AuthController.Register (Api)", "RequestId": "0HNFGT8MUJP5J", "RequestPath": "/api/auth/register", "Application": "Crud.Api"}
Activity.TraceId:            5b1ad100fd1da4eedd03457bdc9b3e22
Activity.SpanId:             237479a7c6b085d7
Activity.TraceFlags:         Recorded
Activity.ActivitySourceName: Microsoft.AspNetCore
Activity.DisplayName:        POST api/Auth/register
Activity.Kind:               Server
Activity.StartTime:          2025-09-11T04:18:05.2300748Z
Activity.Duration:           00:00:00.3050863
Activity.Tags:
    server.address: localhost
    http.request.method: POST
    url.scheme: http
    url.path: /api/auth/register
    network.protocol.version: 1.1
    http.route: api/Auth/register
    http.response.status_code: 200
Resource associated with Activity:
    deployment.environment: Testing
    service.name: Crud.Api
    service.version: 1.0.0
    service.instance.id: 8958bff5-028e-43b0-8103-5553bc095d18
    telemetry.sdk.name: opentelemetry
    telemetry.sdk.language: dotnet
    telemetry.sdk.version: 1.8.1
[04:18:05 DBG] Cache miss for key: entity:wall:356d81f5fbd94e6099c37d0d7d8662fa {"SourceContext": "Infrastructure.Services.Caching.InMemoryCacheService", "ActionId": "fe438803-3950-49d8-a038-b3d45ae002f3", "ActionName": "Api.Controllers.WallsController.Get (Api)", "RequestId": "0HNFGT8MUJP5K", "RequestPath": "/api/walls/356d81f5-fbd9-4e60-99c3-7d0d7d8662fa", "Application": "Crud.Api"}
Activity.TraceId:            6c0552fbc3470b66bc48e38b1a842768
Activity.SpanId:             988e057bffb142f3
Activity.TraceFlags:         Recorded
Activity.ActivitySourceName: Microsoft.AspNetCore
Activity.DisplayName:        GET api/Walls/{id:guid}
Activity.Kind:               Server
Activity.StartTime:          2025-09-11T04:18:05.5353180Z
Activity.Duration:           00:00:00.0037054
Activity.Tags:
    server.address: localhost
    http.request.method: GET
    url.scheme: http
    url.path: /api/walls/356d81f5-fbd9-4e60-99c3-7d0d7d8662fa
    network.protocol.version: 1.1
    http.route: api/Walls/{id:guid}
    http.response.status_code: 404
Resource associated with Activity:
    deployment.environment: Testing
    service.name: Crud.Api
    service.version: 1.0.0
    service.instance.id: 8958bff5-028e-43b0-8103-5553bc095d18
    telemetry.sdk.name: opentelemetry
    telemetry.sdk.language: dotnet
    telemetry.sdk.version: 1.8.1
[04:18:05 INF] User registered successfully: ef6b21d4-02a5-4cd0-ae0f-674d5f5834dd {"SourceContext": "App.Features.Authentication.RegisterUserCommandHandler", "ActionId": "b42a1ca5-6f7e-4f9d-baf6-69655fc45291", "ActionName": "Api.Controllers.AuthController.Register (Api)", "RequestId": "0HNFGT8MUJP5L", "RequestPath": "/api/auth/register", "Application": "Crud.Api"}
Activity.TraceId:            d307d38f18c35d2bfb27fe232fbc506f
Activity.SpanId:             9737ca81e8bb8080
Activity.TraceFlags:         Recorded
Activity.ActivitySourceName: Microsoft.AspNetCore
Activity.DisplayName:        POST api/Auth/register
Activity.Kind:               Server
Activity.StartTime:          2025-09-11T04:18:05.5413639Z
Activity.Duration:           00:00:00.2991947
Activity.Tags:
    server.address: localhost
    http.request.method: POST
    url.scheme: http
    url.path: /api/auth/register
    network.protocol.version: 1.1
    http.route: api/Auth/register
    http.response.status_code: 200
Resource associated with Activity:
    deployment.environment: Testing
    service.name: Crud.Api
    service.version: 1.0.0
    service.instance.id: 8958bff5-028e-43b0-8103-5553bc095d18
    telemetry.sdk.name: opentelemetry
    telemetry.sdk.language: dotnet
    telemetry.sdk.version: 1.8.1
Resource associated with Metric:
    deployment.environment: Testing
    service.name: Crud.Api
    service.version: 1.0.0
    service.instance.id: 8958bff5-028e-43b0-8103-5553bc095d18
    telemetry.sdk.name: opentelemetry
    telemetry.sdk.language: dotnet
    telemetry.sdk.version: 1.8.1
Metric Name: http.server.active_requests, Number of active HTTP server requests., Unit: {request}, Meter: Microsoft.AspNetCore.Hosting
(2025-09-11T04:17:55.9939114Z, 2025-09-11T04:18:05.9940657Z] http.request.method: POST url.scheme: http LongSumNonMonotonic
Value: 1
(2025-09-11T04:17:55.9939114Z, 2025-09-11T04:18:05.9940657Z] http.request.method: GET url.scheme: http LongSumNonMonotonic
Value: 0
(2025-09-11T04:17:55.9939114Z, 2025-09-11T04:18:05.9940657Z] http.request.method: DELETE url.scheme: http LongSumNonMonotonic
Value: 0
Metric Name: http.server.request.duration, Duration of HTTP server requests., Unit: s, Meter: Microsoft.AspNetCore.Hosting
(2025-09-11T04:17:55.9939331Z, 2025-09-11T04:18:05.9940708Z] http.request.method: POST http.response.status_code: 200 http.route: api/Auth/register network.protocol.version: 1.1 url.scheme: http Histogram
Value: Sum: 5.553467199999998 Count: 13 Min: 0.2991964 Max: 1.1860918 
(-Infinity,0.005]:0
(0.005,0.01]:0
(0.01,0.025]:0
(0.025,0.05]:0
(0.05,0.075]:0
(0.075,0.1]:0
(0.1,0.25]:0
(0.25,0.5]:11
(0.5,0.75]:0
(0.75,1]:0
(1,2.5]:2
(2.5,5]:0
(5,7.5]:0
(7.5,10]:0
(10,+Infinity]:0
(2025-09-11T04:17:55.9939331Z, 2025-09-11T04:18:05.9940708Z] http.request.method: POST http.response.status_code: 200 http.route: api/Auth/login network.protocol.version: 1.1 url.scheme: http Histogram
Value: Sum: 3.6838923 Count: 9 Min: 0.2992614 Max: 1.0572424 
(-Infinity,0.005]:0
(0.005,0.01]:0
(0.01,0.025]:0
(0.025,0.05]:0
(0.05,0.075]:0
(0.075,0.1]:0
(0.1,0.25]:0
(0.25,0.5]:7
(0.5,0.75]:1
(0.75,1]:0
(1,2.5]:1
(2.5,5]:0
(5,7.5]:0
(7.5,10]:0
(10,+Infinity]:0
(2025-09-11T04:17:55.9939331Z, 2025-09-11T04:18:05.9940708Z] http.request.method: POST http.response.status_code: 201 http.route: api/Walls network.protocol.version: 1.1 url.scheme: http Histogram
Value: Sum: 0.2064058 Count: 6 Min: 0.0024792 Max: 0.1872212 
(-Infinity,0.005]:4
(0.005,0.01]:1
(0.01,0.025]:0
(0.025,0.05]:0
(0.05,0.075]:0
(0.075,0.1]:0
(0.1,0.25]:1
(0.25,0.5]:0
(0.5,0.75]:0
(0.75,1]:0
(1,2.5]:0
(2.5,5]:0
(5,7.5]:0
(7.5,10]:0
(10,+Infinity]:0
(2025-09-11T04:17:55.9939331Z, 2025-09-11T04:18:05.9940708Z] http.request.method: GET http.response.status_code: 200 http.route: api/Walls/{id:guid} network.protocol.version: 1.1 url.scheme: http Histogram
Value: Sum: 0.0238445 Count: 1 Min: 0.0238445 Max: 0.0238445 
(-Infinity,0.005]:0
(0.005,0.01]:0
(0.01,0.025]:1
(0.025,0.05]:0
(0.05,0.075]:0
(0.075,0.1]:0
(0.1,0.25]:0
(0.25,0.5]:0
(0.5,0.75]:0
(0.75,1]:0
(1,2.5]:0
(2.5,5]:0
(5,7.5]:0
(7.5,10]:0
(10,+Infinity]:0
(2025-09-11T04:17:55.9939331Z, 2025-09-11T04:18:05.9940708Z] http.request.method: GET http.response.status_code: 200 http.route: api/Walls network.protocol.version: 1.1 url.scheme: http Histogram
Value: Sum: 0.0177319 Count: 1 Min: 0.0177319 Max: 0.0177319 
(-Infinity,0.005]:0
(0.005,0.01]:0
(0.01,0.025]:1
(0.025,0.05]:0
(0.05,0.075]:0
(0.075,0.1]:0
(0.1,0.25]:0
(0.25,0.5]:0
(0.5,0.75]:0
(0.75,1]:0
(1,2.5]:0
(2.5,5]:0
(5,7.5]:0
(7.5,10]:0
(10,+Infinity]:0
(2025-09-11T04:17:55.9939331Z, 2025-09-11T04:18:05.9940708Z] http.request.method: POST http.response.status_code: 400 http.route: api/Walls network.protocol.version: 1.1 url.scheme: http Histogram
Value: Sum: 0.0117366 Count: 1 Min: 0.0117366 Max: 0.0117366 
(-Infinity,0.005]:0
(0.005,0.01]:0
(0.01,0.025]:1
(0.025,0.05]:0
(0.05,0.075]:0
(0.075,0.1]:0
(0.1,0.25]:0
(0.25,0.5]:0
(0.5,0.75]:0
(0.75,1]:0
(1,2.5]:0
(2.5,5]:0
(5,7.5]:0
(7.5,10]:0
(10,+Infinity]:0
(2025-09-11T04:17:55.9939331Z, 2025-09-11T04:18:05.9940708Z] http.request.method: DELETE http.response.status_code: 204 http.route: api/Walls/{id:guid} network.protocol.version: 1.1 url.scheme: http Histogram
Value: Sum: 0.018678300000000002 Count: 2 Min: 0.0084291 Max: 0.0102492 
(-Infinity,0.005]:0
(0.005,0.01]:1
(0.01,0.025]:1
(0.025,0.05]:0
(0.05,0.075]:0
(0.075,0.1]:0
(0.1,0.25]:0
(0.25,0.5]:0
(0.5,0.75]:0
(0.75,1]:0
(1,2.5]:0
(2.5,5]:0
(5,7.5]:0
(7.5,10]:0
(10,+Infinity]:0
(2025-09-11T04:17:55.9939331Z, 2025-09-11T04:18:05.9940708Z] http.request.method: GET http.response.status_code: 404 http.route: api/Walls/{id:guid} network.protocol.version: 1.1 url.scheme: http Histogram
Value: Sum: 0.003697 Count: 1 Min: 0.003697 Max: 0.003697 
(-Infinity,0.005]:1
(0.005,0.01]:0
(0.01,0.025]:0
(0.025,0.05]:0
(0.05,0.075]:0
(0.075,0.1]:0
(0.1,0.25]:0
(0.25,0.5]:0
(0.5,0.75]:0
(0.75,1]:0
(1,2.5]:0
(2.5,5]:0
(5,7.5]:0
(7.5,10]:0
(10,+Infinity]:0
Metric Name: aspnetcore.rate_limiting.active_request_leases, Number of HTTP requests that are currently active on the server that hold a rate limiting lease., Unit: {request}, Meter: Microsoft.AspNetCore.RateLimiting
(2025-09-11T04:17:55.9974714Z, 2025-09-11T04:18:05.9940713Z] LongSumNonMonotonic
Value: 1
Metric Name: aspnetcore.rate_limiting.request_lease.duration, The duration of rate limiting leases held by HTTP requests on the server., Unit: s, Meter: Microsoft.AspNetCore.RateLimiting
(2025-09-11T04:17:55.9975021Z, 2025-09-11T04:18:05.9940720Z] Histogram
Value: Sum: 9.506426599999998 Count: 34 Min: 0.0022584 Max: 1.1834806 
(-Infinity,0.005]:5
(0.005,0.01]:2
(0.01,0.025]:4
(0.025,0.05]:0
(0.05,0.075]:0
(0.075,0.1]:0
(0.1,0.25]:1
(0.25,0.5]:18
(0.5,0.75]:1
(0.75,1]:0
(1,2.5]:3
(2.5,5]:0
(5,7.5]:0
(7.5,10]:0
(10,+Infinity]:0
Metric Name: aspnetcore.rate_limiting.requests, Number of requests that tried to acquire a rate limiting lease. Requests could be rejected by global or endpoint rate limiting policies. Or the request could be canceled while waiting for the lease., Unit: {request}, Meter: Microsoft.AspNetCore.RateLimiting
(2025-09-11T04:17:55.9975610Z, 2025-09-11T04:18:05.9940744Z] aspnetcore.rate_limiting.result: acquired LongSum
Value: 34
Metric Name: aspnetcore.routing.match_attempts, Number of requests that were attempted to be matched to an endpoint., Unit: {match_attempt}, Meter: Microsoft.AspNetCore.Routing
(2025-09-11T04:17:55.9990075Z, 2025-09-11T04:18:05.9940757Z] aspnetcore.routing.is_fallback: false aspnetcore.routing.match_status: success http.route: api/Auth/register LongSum
Value: 13
(2025-09-11T04:17:55.9990075Z, 2025-09-11T04:18:05.9940757Z] aspnetcore.routing.is_fallback: false aspnetcore.routing.match_status: success http.route: api/Auth/login LongSum
Value: 10
(2025-09-11T04:17:55.9990075Z, 2025-09-11T04:18:05.9940757Z] aspnetcore.routing.is_fallback: false aspnetcore.routing.match_status: success http.route: api/Walls LongSum
Value: 8
(2025-09-11T04:17:55.9990075Z, 2025-09-11T04:18:05.9940757Z] aspnetcore.routing.is_fallback: false aspnetcore.routing.match_status: success http.route: api/Walls/{id:guid} LongSum
Value: 4
[04:18:06 INF] User logged in successfully: ef6b21d4-02a5-4cd0-ae0f-674d5f5834dd {"SourceContext": "App.Features.Authentication.LoginCommandHandler", "ActionId": "bb653be6-bdb7-4fa1-9d21-e0e1c61c429c", "ActionName": "Api.Controllers.AuthController.Login (Api)", "RequestId": "0HNFGT8MUJP5M", "RequestPath": "/api/auth/login", "Application": "Crud.Api"}
Activity.TraceId:            b9ceab1ffeab276b2fbe3e80afd72084
Activity.SpanId:             d0de51870211868e
Activity.TraceFlags:         Recorded
Activity.ActivitySourceName: Microsoft.AspNetCore
Activity.DisplayName:        POST api/Auth/login
Activity.Kind:               Server
Activity.StartTime:          2025-09-11T04:18:05.8424218Z
Activity.Duration:           00:00:00.3439454
Activity.Tags:
    server.address: localhost
    http.request.method: POST
    url.scheme: http
    url.path: /api/auth/login
    network.protocol.version: 1.1
    http.route: api/Auth/login
    http.response.status_code: 200
Resource associated with Activity:
    deployment.environment: Testing
    service.name: Crud.Api
    service.version: 1.0.0
    service.instance.id: 8958bff5-028e-43b0-8103-5553bc095d18
    telemetry.sdk.name: opentelemetry
    telemetry.sdk.language: dotnet
    telemetry.sdk.version: 1.8.1
[04:18:06 DBG] Removed cache value for key: entity:wall:9982959bff7347e08ca9518f9fe788c8 {"SourceContext": "Infrastructure.Services.Caching.InMemoryCacheService", "ActionId": "5adbcc0a-8839-4a56-935d-d2a30140ccdc", "ActionName": "Api.Controllers.WallsController.Create (Api)", "RequestId": "0HNFGT8MUJP5N", "RequestPath": "/api/walls", "Application": "Crud.Api"}
[04:18:06 DBG] Removed cache value for key: list:wall {"SourceContext": "Infrastructure.Services.Caching.InMemoryCacheService", "ActionId": "5adbcc0a-8839-4a56-935d-d2a30140ccdc", "ActionName": "Api.Controllers.WallsController.Create (Api)", "RequestId": "0HNFGT8MUJP5N", "RequestPath": "/api/walls", "Application": "Crud.Api"}
[04:18:06 DBG] Invalidating cache for entity type: walls with tag: walls {"SourceContext": "Api.Services.OutputCacheInvalidationService", "ActionId": "5adbcc0a-8839-4a56-935d-d2a30140ccdc", "ActionName": "Api.Controllers.WallsController.Create (Api)", "RequestId": "0HNFGT8MUJP5N", "RequestPath": "/api/walls", "Application": "Crud.Api"}
[04:18:06 INF] Successfully invalidated cache for entity type: walls {"SourceContext": "Api.Services.OutputCacheInvalidationService", "ActionId": "5adbcc0a-8839-4a56-935d-d2a30140ccdc", "ActionName": "Api.Controllers.WallsController.Create (Api)", "RequestId": "0HNFGT8MUJP5N", "RequestPath": "/api/walls", "Application": "Crud.Api"}
Activity.TraceId:            0a0bbe997069e1e6f3c74f346c1dc86b
Activity.SpanId:             b51bdc007aec50d0
Activity.TraceFlags:         Recorded
Activity.ActivitySourceName: Microsoft.AspNetCore
Activity.DisplayName:        POST api/Walls
Activity.Kind:               Server
Activity.StartTime:          2025-09-11T04:18:06.1871810Z
Activity.Duration:           00:00:00.0021516
Activity.Tags:
    server.address: localhost
    http.request.method: POST
    url.scheme: http
    url.path: /api/walls
    network.protocol.version: 1.1
    http.route: api/Walls
    http.response.status_code: 201
Resource associated with Activity:
    deployment.environment: Testing
    service.name: Crud.Api
    service.version: 1.0.0
    service.instance.id: 8958bff5-028e-43b0-8103-5553bc095d18
    telemetry.sdk.name: opentelemetry
    telemetry.sdk.language: dotnet
    telemetry.sdk.version: 1.8.1
[04:18:06 INF] Resetting database for worker 12522 {"SourceContext": "Infrastructure.Services.DatabaseTestService", "Application": "Crud.Api"}
[04:18:06 INF] Resetting database via file deletion for worker 12522 in CI environment {"SourceContext": "Infrastructure.Services.DatabaseTestService", "Application": "Crud.Api"}
[04:18:06 INF] Acquiring database mutex for worker 12522... {"SourceContext": "Infrastructure.Services.DatabaseTestService", "Application": "Crud.Api"}
[04:18:06 INF] Database mutex acquired for worker 12522 {"SourceContext": "Infrastructure.Services.DatabaseTestService", "Application": "Crud.Api"}
[04:18:06 INF] Current database state - CanConnect: True {"SourceContext": "Infrastructure.Services.DatabaseTestService", "Application": "Crud.Api"}
[04:18:06 INF] [Phase 0] Closing database connection for worker 12522... {"SourceContext": "Infrastructure.Services.DatabaseTestService", "Application": "Crud.Api"}
[04:18:06 INF] [Phase 0] Connection closed in 0.0016ms {"SourceContext": "Infrastructure.Services.DatabaseTestService", "Application": "Crud.Api"}
[04:18:06 INF] [Phase 1] Starting EnsureDeletedAsync for worker 12522... {"SourceContext": "Infrastructure.Services.DatabaseTestService", "Application": "Crud.Api"}
[04:18:06 INF] [Phase 1] EnsureDeletedAsync completed in 2.0408ms {"SourceContext": "Infrastructure.Services.DatabaseTestService", "Application": "Crud.Api"}
[04:18:06 INF] [Phase 2] Starting EnsureCreatedAsync for worker 12522... {"SourceContext": "Infrastructure.Services.DatabaseTestService", "Application": "Crud.Api"}
[04:18:06 INF] [Phase 2] EnsureCreatedAsync completed in 13.6388ms {"SourceContext": "Infrastructure.Services.DatabaseTestService", "Application": "Crud.Api"}
[04:18:06 INF] [Phase 3] Skipping database seeding as requested for worker 12522 {"SourceContext": "Infrastructure.Services.DatabaseTestService", "Application": "Crud.Api"}
[04:18:06 INF] Database reset via file deletion completed for worker 12522 in 116.7719ms (Close: 0.0016ms, Delete: 2.0408ms, Create: 13.6388ms) {"SourceContext": "Infrastructure.Services.DatabaseTestService", "Application": "Crud.Api"}
[04:18:06 INF] Releasing database mutex for worker 12522 {"SourceContext": "Infrastructure.Services.DatabaseTestService", "Application": "Crud.Api"}
[04:18:06 INF] User registered successfully: b3fa3b5b-3e04-4a20-8731-0dffbfe4a919 {"SourceContext": "App.Features.Authentication.RegisterUserCommandHandler", "ActionId": "b42a1ca5-6f7e-4f9d-baf6-69655fc45291", "ActionName": "Api.Controllers.AuthController.Register (Api)", "RequestId": "0HNFGT8MUJP5O", "RequestPath": "/api/auth/register", "Application": "Crud.Api"}
Activity.TraceId:            dfb37e062a2423dfc9c66018eeecd355
Activity.SpanId:             bd85996f960cd58a
Activity.TraceFlags:         Recorded
Activity.ActivitySourceName: Microsoft.AspNetCore
Activity.DisplayName:        POST api/Auth/register
Activity.Kind:               Server
Activity.StartTime:          2025-09-11T04:18:06.3100158Z
Activity.Duration:           00:00:00.2986782
Activity.Tags:
    server.address: localhost
    http.request.method: POST
    url.scheme: http
    url.path: /api/auth/register
    network.protocol.version: 1.1
    http.route: api/Auth/register
    http.response.status_code: 200
Resource associated with Activity:
    deployment.environment: Testing
    service.name: Crud.Api
    service.version: 1.0.0
    service.instance.id: 8958bff5-028e-43b0-8103-5553bc095d18
    telemetry.sdk.name: opentelemetry
    telemetry.sdk.language: dotnet
    telemetry.sdk.version: 1.8.1
[04:18:06 DBG] Cache miss for key: list:wall {"SourceContext": "Infrastructure.Services.Caching.InMemoryCacheService", "ActionId": "c3e482ee-8c07-478e-89fd-e1920871ec9c", "ActionName": "Api.Controllers.WallsController.List (Api)", "RequestId": "0HNFGT8MUJP5P", "RequestPath": "/api/walls", "Application": "Crud.Api"}
[04:18:06 DBG] Set cache value for key: list:wall {"SourceContext": "Infrastructure.Services.Caching.InMemoryCacheService", "ActionId": "c3e482ee-8c07-478e-89fd-e1920871ec9c", "ActionName": "Api.Controllers.WallsController.List (Api)", "RequestId": "0HNFGT8MUJP5P", "RequestPath": "/api/walls", "Application": "Crud.Api"}
Activity.TraceId:            1a11a31a81e7f29e50c5a90269164c9b
Activity.SpanId:             f48487cc334d0399
Activity.TraceFlags:         Recorded
Activity.ActivitySourceName: Microsoft.AspNetCore
Activity.DisplayName:        GET api/Walls
Activity.Kind:               Server
Activity.StartTime:          2025-09-11T04:18:06.6090234Z
Activity.Duration:           00:00:00.0020368
Activity.Tags:
    server.address: localhost
    http.request.method: GET
    url.scheme: http
    url.path: /api/walls
    network.protocol.version: 1.1
    http.route: api/Walls
    http.response.status_code: 200
Resource associated with Activity:
    deployment.environment: Testing
    service.name: Crud.Api
    service.version: 1.0.0
    service.instance.id: 8958bff5-028e-43b0-8103-5553bc095d18
    telemetry.sdk.name: opentelemetry
    telemetry.sdk.language: dotnet
    telemetry.sdk.version: 1.8.1
[04:18:06 INF] Resetting database for worker 12522 {"SourceContext": "Infrastructure.Services.DatabaseTestService", "Application": "Crud.Api"}
[04:18:06 INF] Resetting database via file deletion for worker 12522 in CI environment {"SourceContext": "Infrastructure.Services.DatabaseTestService", "Application": "Crud.Api"}
[04:18:06 INF] Acquiring database mutex for worker 12522... {"SourceContext": "Infrastructure.Services.DatabaseTestService", "Application": "Crud.Api"}
[04:18:06 INF] Database mutex acquired for worker 12522 {"SourceContext": "Infrastructure.Services.DatabaseTestService", "Application": "Crud.Api"}
[04:18:06 INF] Current database state - CanConnect: True {"SourceContext": "Infrastructure.Services.DatabaseTestService", "Application": "Crud.Api"}
[04:18:06 INF] [Phase 0] Closing database connection for worker 12522... {"SourceContext": "Infrastructure.Services.DatabaseTestService", "Application": "Crud.Api"}
[04:18:06 INF] [Phase 0] Connection closed in 0.0015ms {"SourceContext": "Infrastructure.Services.DatabaseTestService", "Application": "Crud.Api"}
[04:18:06 INF] [Phase 1] Starting EnsureDeletedAsync for worker 12522... {"SourceContext": "Infrastructure.Services.DatabaseTestService", "Application": "Crud.Api"}
[04:18:06 INF] [Phase 1] EnsureDeletedAsync completed in 1.7504ms {"SourceContext": "Infrastructure.Services.DatabaseTestService", "Application": "Crud.Api"}
[04:18:06 INF] [Phase 2] Starting EnsureCreatedAsync for worker 12522... {"SourceContext": "Infrastructure.Services.DatabaseTestService", "Application": "Crud.Api"}
[04:18:06 INF] [Phase 2] EnsureCreatedAsync completed in 9.807ms {"SourceContext": "Infrastructure.Services.DatabaseTestService", "Application": "Crud.Api"}
[04:18:06 INF] [Phase 3] Skipping database seeding as requested for worker 12522 {"SourceContext": "Infrastructure.Services.DatabaseTestService", "Application": "Crud.Api"}
[04:18:06 INF] Database reset via file deletion completed for worker 12522 in 112.4666ms (Close: 0.0015ms, Delete: 1.7504ms, Create: 9.807ms) {"SourceContext": "Infrastructure.Services.DatabaseTestService", "Application": "Crud.Api"}
[04:18:06 INF] Releasing database mutex for worker 12522 {"SourceContext": "Infrastructure.Services.DatabaseTestService", "Application": "Crud.Api"}
[04:18:07 INF] User registered successfully: c424e031-ed95-49dd-b3d0-ce1210a12cd4 {"SourceContext": "App.Features.Authentication.RegisterUserCommandHandler", "ActionId": "b42a1ca5-6f7e-4f9d-baf6-69655fc45291", "ActionName": "Api.Controllers.AuthController.Register (Api)", "RequestId": "0HNFGT8MUJP5Q", "RequestPath": "/api/auth/register", "Application": "Crud.Api"}
Activity.TraceId:            5235b9bae04b9f0647026ce9807518af
Activity.SpanId:             da666ff4ef42fa96
Activity.TraceFlags:         Recorded
Activity.ActivitySourceName: Microsoft.AspNetCore
Activity.DisplayName:        POST api/Auth/register
Activity.Kind:               Server
Activity.StartTime:          2025-09-11T04:18:06.7265586Z
Activity.Duration:           00:00:00.3116906
Activity.Tags:
    server.address: localhost
    http.request.method: POST
    url.scheme: http
    url.path: /api/auth/register
    network.protocol.version: 1.1
    http.route: api/Auth/register
    http.response.status_code: 200
Resource associated with Activity:
    deployment.environment: Testing
    service.name: Crud.Api
    service.version: 1.0.0
    service.instance.id: 8958bff5-028e-43b0-8103-5553bc095d18
    telemetry.sdk.name: opentelemetry
    telemetry.sdk.language: dotnet
    telemetry.sdk.version: 1.8.1
[04:18:07 INF] User logged in successfully: c424e031-ed95-49dd-b3d0-ce1210a12cd4 {"SourceContext": "App.Features.Authentication.LoginCommandHandler", "ActionId": "bb653be6-bdb7-4fa1-9d21-e0e1c61c429c", "ActionName": "Api.Controllers.AuthController.Login (Api)", "RequestId": "0HNFGT8MUJP5R", "RequestPath": "/api/auth/login", "Application": "Crud.Api"}
Activity.TraceId:            cd5c97f5a17bf768c1c1bc6f950fd6f5
Activity.SpanId:             8bde385100f15535
Activity.TraceFlags:         Recorded
Activity.ActivitySourceName: Microsoft.AspNetCore
Activity.DisplayName:        POST api/Auth/login
Activity.Kind:               Server
Activity.StartTime:          2025-09-11T04:18:07.0398413Z
Activity.Duration:           00:00:00.3001660
Activity.Tags:
    server.address: localhost
    http.request.method: POST
    url.scheme: http
    url.path: /api/auth/login
    network.protocol.version: 1.1
    http.route: api/Auth/login
    http.response.status_code: 200
Resource associated with Activity:
    deployment.environment: Testing
    service.name: Crud.Api
    service.version: 1.0.0
    service.instance.id: 8958bff5-028e-43b0-8103-5553bc095d18
    telemetry.sdk.name: opentelemetry
    telemetry.sdk.language: dotnet
    telemetry.sdk.version: 1.8.1
Activity.TraceId:            880806b8be0cf27f116166f0bd75c0e2
Activity.SpanId:             bd174802dd5533c7
Activity.TraceFlags:         Recorded
Activity.ActivitySourceName: Microsoft.AspNetCore
Activity.DisplayName:        POST api/Walls
Activity.Kind:               Server
Activity.StartTime:          2025-09-11T04:18:07.3410280Z
Activity.Duration:           00:00:00.0006321
Activity.Tags:
    server.address: localhost
    http.request.method: POST
    url.scheme: http
    url.path: /api/walls
    network.protocol.version: 1.1
    http.route: api/Walls
    http.response.status_code: 400
Resource associated with Activity:
    deployment.environment: Testing
    service.name: Crud.Api
    service.version: 1.0.0
    service.instance.id: 8958bff5-028e-43b0-8103-5553bc095d18
    telemetry.sdk.name: opentelemetry
    telemetry.sdk.language: dotnet
    telemetry.sdk.version: 1.8.1
[04:18:07 INF] User registered successfully: 4885779b-f057-483c-9905-d76e7dd71bab {"SourceContext": "App.Features.Authentication.RegisterUserCommandHandler", "ActionId": "b42a1ca5-6f7e-4f9d-baf6-69655fc45291", "ActionName": "Api.Controllers.AuthController.Register (Api)", "RequestId": "0HNFGT8MUJP5T", "RequestPath": "/api/auth/register", "Application": "Crud.Api"}
Activity.TraceId:            ef85ec198325cf70d743d62aadd0fb2f
Activity.SpanId:             63878f8e40a814cd
Activity.TraceFlags:         Recorded
Activity.ActivitySourceName: Microsoft.AspNetCore
Activity.DisplayName:        POST api/Auth/register
Activity.Kind:               Server
Activity.StartTime:          2025-09-11T04:18:07.3440364Z
Activity.Duration:           00:00:00.3018333
Activity.Tags:
    server.address: localhost
    http.request.method: POST
    url.scheme: http
    url.path: /api/auth/register
    network.protocol.version: 1.1
    http.route: api/Auth/register
    http.response.status_code: 200
Resource associated with Activity:
    deployment.environment: Testing
    service.name: Crud.Api
    service.version: 1.0.0
    service.instance.id: 8958bff5-028e-43b0-8103-5553bc095d18
    telemetry.sdk.name: opentelemetry
    telemetry.sdk.language: dotnet
    telemetry.sdk.version: 1.8.1
[04:18:07 INF] User logged in successfully: 4885779b-f057-483c-9905-d76e7dd71bab {"SourceContext": "App.Features.Authentication.LoginCommandHandler", "ActionId": "bb653be6-bdb7-4fa1-9d21-e0e1c61c429c", "ActionName": "Api.Controllers.AuthController.Login (Api)", "RequestId": "0HNFGT8MUJP5U", "RequestPath": "/api/auth/login", "Application": "Crud.Api"}
Activity.TraceId:            beae7194ff57a8ae5e33ab101a3954c2
Activity.SpanId:             ae990059b04939d1
Activity.TraceFlags:         Recorded
Activity.ActivitySourceName: Microsoft.AspNetCore
Activity.DisplayName:        POST api/Auth/login
Activity.Kind:               Server
Activity.StartTime:          2025-09-11T04:18:07.6476811Z
Activity.Duration:           00:00:00.2995708
Activity.Tags:
    server.address: localhost
    http.request.method: POST
    url.scheme: http
    url.path: /api/auth/login
    network.protocol.version: 1.1
    http.route: api/Auth/login
    http.response.status_code: 200
Resource associated with Activity:
    deployment.environment: Testing
    service.name: Crud.Api
    service.version: 1.0.0
    service.instance.id: 8958bff5-028e-43b0-8103-5553bc095d18
    telemetry.sdk.name: opentelemetry
    telemetry.sdk.language: dotnet
    telemetry.sdk.version: 1.8.1
[04:18:07 DBG] Removed cache value for key: entity:wall:a34e1749f0874a76ad59469f9eb8d599 {"SourceContext": "Infrastructure.Services.Caching.InMemoryCacheService", "ActionId": "5adbcc0a-8839-4a56-935d-d2a30140ccdc", "ActionName": "Api.Controllers.WallsController.Create (Api)", "RequestId": "0HNFGT8MUJP5V", "RequestPath": "/api/walls", "Application": "Crud.Api"}
[04:18:07 DBG] Removed cache value for key: list:wall {"SourceContext": "Infrastructure.Services.Caching.InMemoryCacheService", "ActionId": "5adbcc0a-8839-4a56-935d-d2a30140ccdc", "ActionName": "Api.Controllers.WallsController.Create (Api)", "RequestId": "0HNFGT8MUJP5V", "RequestPath": "/api/walls", "Application": "Crud.Api"}
[04:18:07 DBG] Invalidating cache for entity type: walls with tag: walls {"SourceContext": "Api.Services.OutputCacheInvalidationService", "ActionId": "5adbcc0a-8839-4a56-935d-d2a30140ccdc", "ActionName": "Api.Controllers.WallsController.Create (Api)", "RequestId": "0HNFGT8MUJP5V", "RequestPath": "/api/walls", "Application": "Crud.Api"}
[04:18:07 INF] Successfully invalidated cache for entity type: walls {"SourceContext": "Api.Services.OutputCacheInvalidationService", "ActionId": "5adbcc0a-8839-4a56-935d-d2a30140ccdc", "ActionName": "Api.Controllers.WallsController.Create (Api)", "RequestId": "0HNFGT8MUJP5V", "RequestPath": "/api/walls", "Application": "Crud.Api"}
Activity.TraceId:            16240eb5dbdd7981999fe3933b26ea62
Activity.SpanId:             c1ac8745a1a4d136
Activity.TraceFlags:         Recorded
Activity.ActivitySourceName: Microsoft.AspNetCore
Activity.DisplayName:        POST api/Walls
Activity.Kind:               Server
Activity.StartTime:          2025-09-11T04:18:07.9480476Z
Activity.Duration:           00:00:00.0019677
Activity.Tags:
    server.address: localhost
    http.request.method: POST
    url.scheme: http
    url.path: /api/walls
    network.protocol.version: 1.1
    http.route: api/Walls
    http.response.status_code: 201
Resource associated with Activity:
    deployment.environment: Testing
    service.name: Crud.Api
    service.version: 1.0.0
    service.instance.id: 8958bff5-028e-43b0-8103-5553bc095d18
    telemetry.sdk.name: opentelemetry
    telemetry.sdk.language: dotnet
    telemetry.sdk.version: 1.8.1
[04:18:08 INF] User registered successfully: 5c24745d-69e2-47c5-b81e-3b48669ebc88 {"SourceContext": "App.Features.Authentication.RegisterUserCommandHandler", "ActionId": "b42a1ca5-6f7e-4f9d-baf6-69655fc45291", "ActionName": "Api.Controllers.AuthController.Register (Api)", "RequestId": "0HNFGT8MUJP60", "RequestPath": "/api/auth/register", "Application": "Crud.Api"}
Activity.TraceId:            af429894e5b99b9c0bfaae52a03d5f01
Activity.SpanId:             43006985cfcf802f
Activity.TraceFlags:         Recorded
Activity.ActivitySourceName: Microsoft.AspNetCore
Activity.DisplayName:        POST api/Auth/register
Activity.Kind:               Server
Activity.StartTime:          2025-09-11T04:18:08.0531617Z
Activity.Duration:           00:00:00.3011565
Activity.Tags:
    server.address: localhost
    http.request.method: POST
    url.scheme: http
    url.path: /api/auth/register
    network.protocol.version: 1.1
    http.route: api/Auth/register
    http.response.status_code: 200
Resource associated with Activity:
    deployment.environment: Testing
    service.name: Crud.Api
    service.version: 1.0.0
    service.instance.id: 8958bff5-028e-43b0-8103-5553bc095d18
    telemetry.sdk.name: opentelemetry
    telemetry.sdk.language: dotnet
    telemetry.sdk.version: 1.8.1
[04:18:08 INF] User logged in successfully: 5c24745d-69e2-47c5-b81e-3b48669ebc88 {"SourceContext": "App.Features.Authentication.LoginCommandHandler", "ActionId": "bb653be6-bdb7-4fa1-9d21-e0e1c61c429c", "ActionName": "Api.Controllers.AuthController.Login (Api)", "RequestId": "0HNFGT8MUJP61", "RequestPath": "/api/auth/login", "Application": "Crud.Api"}
Activity.TraceId:            5b8415f653444f1ebbcbbd9ec20df320
Activity.SpanId:             4dc388d10930b64d
Activity.TraceFlags:         Recorded
Activity.ActivitySourceName: Microsoft.AspNetCore
Activity.DisplayName:        POST api/Auth/login
Activity.Kind:               Server
Activity.StartTime:          2025-09-11T04:18:08.3554227Z
Activity.Duration:           00:00:00.2984002
Activity.Tags:
    server.address: localhost
    http.request.method: POST
    url.scheme: http
    url.path: /api/auth/login
    network.protocol.version: 1.1
    http.route: api/Auth/login
    http.response.status_code: 200
Resource associated with Activity:
    deployment.environment: Testing
    service.name: Crud.Api
    service.version: 1.0.0
    service.instance.id: 8958bff5-028e-43b0-8103-5553bc095d18
    telemetry.sdk.name: opentelemetry
    telemetry.sdk.language: dotnet
    telemetry.sdk.version: 1.8.1
[04:18:08 DBG] Cache miss for key: entity:wall:a34e1749f0874a76ad59469f9eb8d599 {"SourceContext": "Infrastructure.Services.Caching.InMemoryCacheService", "ActionId": "644a5aca-a602-4048-90b8-c458ff8b6cc2", "ActionName": "Api.Controllers.WallsController.Update (Api)", "RequestId": "0HNFGT8MUJP62", "RequestPath": "/api/walls/a34e1749-f087-4a76-ad59-469f9eb8d599", "Application": "Crud.Api"}
[04:18:08 DBG] Set cache value for key: entity:wall:a34e1749f0874a76ad59469f9eb8d599 {"SourceContext": "Infrastructure.Services.Caching.InMemoryCacheService", "ActionId": "644a5aca-a602-4048-90b8-c458ff8b6cc2", "ActionName": "Api.Controllers.WallsController.Update (Api)", "RequestId": "0HNFGT8MUJP62", "RequestPath": "/api/walls/a34e1749-f087-4a76-ad59-469f9eb8d599", "Application": "Crud.Api"}
[04:18:08 DBG] Removed cache value for key: entity:wall:a34e1749f0874a76ad59469f9eb8d599 {"SourceContext": "Infrastructure.Services.Caching.InMemoryCacheService", "ActionId": "644a5aca-a602-4048-90b8-c458ff8b6cc2", "ActionName": "Api.Controllers.WallsController.Update (Api)", "RequestId": "0HNFGT8MUJP62", "RequestPath": "/api/walls/a34e1749-f087-4a76-ad59-469f9eb8d599", "Application": "Crud.Api"}
[04:18:08 DBG] Removed cache value for key: list:wall {"SourceContext": "Infrastructure.Services.Caching.InMemoryCacheService", "ActionId": "644a5aca-a602-4048-90b8-c458ff8b6cc2", "ActionName": "Api.Controllers.WallsController.Update (Api)", "RequestId": "0HNFGT8MUJP62", "RequestPath": "/api/walls/a34e1749-f087-4a76-ad59-469f9eb8d599", "Application": "Crud.Api"}
[04:18:08 DBG] Invalidating cache for entity: walls/a34e1749-f087-4a76-ad59-469f9eb8d599 with tags: walls, walls:a34e1749-f087-4a76-ad59-469f9eb8d599 {"SourceContext": "Api.Services.OutputCacheInvalidationService", "ActionId": "644a5aca-a602-4048-90b8-c458ff8b6cc2", "ActionName": "Api.Controllers.WallsController.Update (Api)", "RequestId": "0HNFGT8MUJP62", "RequestPath": "/api/walls/a34e1749-f087-4a76-ad59-469f9eb8d599", "Application": "Crud.Api"}
[04:18:08 DBG] Successfully invalidated cache for tag: walls {"SourceContext": "Api.Services.OutputCacheInvalidationService", "ActionId": "644a5aca-a602-4048-90b8-c458ff8b6cc2", "ActionName": "Api.Controllers.WallsController.Update (Api)", "RequestId": "0HNFGT8MUJP62", "RequestPath": "/api/walls/a34e1749-f087-4a76-ad59-469f9eb8d599", "Application": "Crud.Api"}
[04:18:08 DBG] Successfully invalidated cache for tag: walls:a34e1749-f087-4a76-ad59-469f9eb8d599 {"SourceContext": "Api.Services.OutputCacheInvalidationService", "ActionId": "644a5aca-a602-4048-90b8-c458ff8b6cc2", "ActionName": "Api.Controllers.WallsController.Update (Api)", "RequestId": "0HNFGT8MUJP62", "RequestPath": "/api/walls/a34e1749-f087-4a76-ad59-469f9eb8d599", "Application": "Crud.Api"}
Activity.TraceId:            05e9033c0f6695b33da0a3119c740a27
Activity.SpanId:             faf90f12ae9d82c4
Activity.TraceFlags:         Recorded
Activity.ActivitySourceName: Microsoft.AspNetCore
Activity.DisplayName:        PUT api/Walls/{id:guid}
Activity.Kind:               Server
Activity.StartTime:          2025-09-11T04:18:08.6566455Z
Activity.Duration:           00:00:00.0121912
Activity.Tags:
    server.address: localhost
    http.request.method: PUT
    url.scheme: http
    url.path: /api/walls/a34e1749-f087-4a76-ad59-469f9eb8d599
    network.protocol.version: 1.1
    http.route: api/Walls/{id:guid}
    http.response.status_code: 204
Resource associated with Activity:
    deployment.environment: Testing
    service.name: Crud.Api
    service.version: 1.0.0
    service.instance.id: 8958bff5-028e-43b0-8103-5553bc095d18
    telemetry.sdk.name: opentelemetry
    telemetry.sdk.language: dotnet
    telemetry.sdk.version: 1.8.1
[04:18:08 INF] User registered successfully: 8dd1c0b5-df2d-4e90-a2f8-6740550c46ee {"SourceContext": "App.Features.Authentication.RegisterUserCommandHandler", "ActionId": "b42a1ca5-6f7e-4f9d-baf6-69655fc45291", "ActionName": "Api.Controllers.AuthController.Register (Api)", "RequestId": "0HNFGT8MUJP63", "RequestPath": "/api/auth/register", "Application": "Crud.Api"}
Activity.TraceId:            d4adee98d60b94a13064eb682bb64420
Activity.SpanId:             ddf8c359bc4d8946
Activity.TraceFlags:         Recorded
Activity.ActivitySourceName: Microsoft.AspNetCore
Activity.DisplayName:        POST api/Auth/register
Activity.Kind:               Server
Activity.StartTime:          2025-09-11T04:18:08.6689365Z
Activity.Duration:           00:00:00.2990043
Activity.Tags:
    server.address: localhost
    http.request.method: POST
    url.scheme: http
    url.path: /api/auth/register
    network.protocol.version: 1.1
    http.route: api/Auth/register
    http.response.status_code: 200
Resource associated with Activity:
    deployment.environment: Testing
    service.name: Crud.Api
    service.version: 1.0.0
    service.instance.id: 8958bff5-028e-43b0-8103-5553bc095d18
    telemetry.sdk.name: opentelemetry
    telemetry.sdk.language: dotnet
    telemetry.sdk.version: 1.8.1
[04:18:08 DBG] Cache miss for key: entity:wall:a34e1749f0874a76ad59469f9eb8d599 {"SourceContext": "Infrastructure.Services.Caching.InMemoryCacheService", "ActionId": "fe438803-3950-49d8-a038-b3d45ae002f3", "ActionName": "Api.Controllers.WallsController.Get (Api)", "RequestId": "0HNFGT8MUJP64", "RequestPath": "/api/walls/a34e1749-f087-4a76-ad59-469f9eb8d599", "Application": "Crud.Api"}
[04:18:08 DBG] Set cache value for key: entity:wall:a34e1749f0874a76ad59469f9eb8d599 {"SourceContext": "Infrastructure.Services.Caching.InMemoryCacheService", "ActionId": "fe438803-3950-49d8-a038-b3d45ae002f3", "ActionName": "Api.Controllers.WallsController.Get (Api)", "RequestId": "0HNFGT8MUJP64", "RequestPath": "/api/walls/a34e1749-f087-4a76-ad59-469f9eb8d599", "Application": "Crud.Api"}
Activity.TraceId:            533f80407d11f980a51432aa6bcf33fa
Activity.SpanId:             87251e55eae6f4e9
Activity.TraceFlags:         Recorded
Activity.ActivitySourceName: Microsoft.AspNetCore
Activity.DisplayName:        GET api/Walls/{id:guid}
Activity.Kind:               Server
Activity.StartTime:          2025-09-11T04:18:08.9680950Z
Activity.Duration:           00:00:00.0042507
Activity.Tags:
    server.address: localhost
    http.request.method: GET
    url.scheme: http
    url.path: /api/walls/a34e1749-f087-4a76-ad59-469f9eb8d599
    network.protocol.version: 1.1
    http.route: api/Walls/{id:guid}
    http.response.status_code: 200
Resource associated with Activity:
    deployment.environment: Testing
    service.name: Crud.Api
    service.version: 1.0.0
    service.instance.id: 8958bff5-028e-43b0-8103-5553bc095d18
    telemetry.sdk.name: opentelemetry
    telemetry.sdk.language: dotnet
    telemetry.sdk.version: 1.8.1
[04:18:09 INF] User registered successfully: c90aaba7-679c-4c01-b07c-23eccec743b4 {"SourceContext": "App.Features.Authentication.RegisterUserCommandHandler", "ActionId": "b42a1ca5-6f7e-4f9d-baf6-69655fc45291", "ActionName": "Api.Controllers.AuthController.Register (Api)", "RequestId": "0HNFGT8MUJP65", "RequestPath": "/api/auth/register", "Application": "Crud.Api"}
Activity.TraceId:            cfad8dafaaac0b299ca6f6f26a903263
Activity.SpanId:             1fc2c29a5d19a93b
Activity.TraceFlags:         Recorded
Activity.ActivitySourceName: Microsoft.AspNetCore
Activity.DisplayName:        POST api/Auth/register
Activity.Kind:               Server
Activity.StartTime:          2025-09-11T04:18:08.9750891Z
Activity.Duration:           00:00:00.2988160
Activity.Tags:
    server.address: localhost
    http.request.method: POST
    url.scheme: http
    url.path: /api/auth/register
    network.protocol.version: 1.1
    http.route: api/Auth/register
    http.response.status_code: 200
Resource associated with Activity:
    deployment.environment: Testing
    service.name: Crud.Api
    service.version: 1.0.0
    service.instance.id: 8958bff5-028e-43b0-8103-5553bc095d18
    telemetry.sdk.name: opentelemetry
    telemetry.sdk.language: dotnet
    telemetry.sdk.version: 1.8.1
[04:18:09 INF] User logged in successfully: c90aaba7-679c-4c01-b07c-23eccec743b4 {"SourceContext": "App.Features.Authentication.LoginCommandHandler", "ActionId": "bb653be6-bdb7-4fa1-9d21-e0e1c61c429c", "ActionName": "Api.Controllers.AuthController.Login (Api)", "RequestId": "0HNFGT8MUJP66", "RequestPath": "/api/auth/login", "Application": "Crud.Api"}
Activity.TraceId:            68c2df48a5dffadf74f91c6bafa09df9
Activity.SpanId:             abb15c4a6f079bfc
Activity.TraceFlags:         Recorded
Activity.ActivitySourceName: Microsoft.AspNetCore
Activity.DisplayName:        POST api/Auth/login
Activity.Kind:               Server
Activity.StartTime:          2025-09-11T04:18:09.2763868Z
Activity.Duration:           00:00:00.3043861
Activity.Tags:
    server.address: localhost
    http.request.method: POST
    url.scheme: http
    url.path: /api/auth/login
    network.protocol.version: 1.1
    http.route: api/Auth/login
    http.response.status_code: 200
Resource associated with Activity:
    deployment.environment: Testing
    service.name: Crud.Api
    service.version: 1.0.0
    service.instance.id: 8958bff5-028e-43b0-8103-5553bc095d18
    telemetry.sdk.name: opentelemetry
    telemetry.sdk.language: dotnet
    telemetry.sdk.version: 1.8.1
[04:18:09 DBG] Removed cache value for key: entity:wall:0c94ced408354075b2b89ccf445c8b40 {"SourceContext": "Infrastructure.Services.Caching.InMemoryCacheService", "ActionId": "5adbcc0a-8839-4a56-935d-d2a30140ccdc", "ActionName": "Api.Controllers.WallsController.Create (Api)", "RequestId": "0HNFGT8MUJP67", "RequestPath": "/api/walls", "Application": "Crud.Api"}
[04:18:09 DBG] Removed cache value for key: list:wall {"SourceContext": "Infrastructure.Services.Caching.InMemoryCacheService", "ActionId": "5adbcc0a-8839-4a56-935d-d2a30140ccdc", "ActionName": "Api.Controllers.WallsController.Create (Api)", "RequestId": "0HNFGT8MUJP67", "RequestPath": "/api/walls", "Application": "Crud.Api"}
[04:18:09 DBG] Invalidating cache for entity type: walls with tag: walls {"SourceContext": "Api.Services.OutputCacheInvalidationService", "ActionId": "5adbcc0a-8839-4a56-935d-d2a30140ccdc", "ActionName": "Api.Controllers.WallsController.Create (Api)", "RequestId": "0HNFGT8MUJP67", "RequestPath": "/api/walls", "Application": "Crud.Api"}
[04:18:09 INF] Successfully invalidated cache for entity type: walls {"SourceContext": "Api.Services.OutputCacheInvalidationService", "ActionId": "5adbcc0a-8839-4a56-935d-d2a30140ccdc", "ActionName": "Api.Controllers.WallsController.Create (Api)", "RequestId": "0HNFGT8MUJP67", "RequestPath": "/api/walls", "Application": "Crud.Api"}
Activity.TraceId:            90ecb482b7ee69b8a9b3af20c699f6b0
Activity.SpanId:             2af4bb11f342ae62
Activity.TraceFlags:         Recorded
Activity.ActivitySourceName: Microsoft.AspNetCore
Activity.DisplayName:        POST api/Walls
Activity.Kind:               Server
Activity.StartTime:          2025-09-11T04:18:09.5816308Z
Activity.Duration:           00:00:00.0018870
Activity.Tags:
    server.address: localhost
    http.request.method: POST
    url.scheme: http
    url.path: /api/walls
    network.protocol.version: 1.1
    http.route: api/Walls
    http.response.status_code: 201
Resource associated with Activity:
    deployment.environment: Testing
    service.name: Crud.Api
    service.version: 1.0.0
    service.instance.id: 8958bff5-028e-43b0-8103-5553bc095d18
    telemetry.sdk.name: opentelemetry
    telemetry.sdk.language: dotnet
    telemetry.sdk.version: 1.8.1
[04:18:09 INF] User registered successfully: b5e4c207-7498-4c50-9aef-35a13b770add {"SourceContext": "App.Features.Authentication.RegisterUserCommandHandler", "ActionId": "b42a1ca5-6f7e-4f9d-baf6-69655fc45291", "ActionName": "Api.Controllers.AuthController.Register (Api)", "RequestId": "0HNFGT8MUJP68", "RequestPath": "/api/auth/register", "Application": "Crud.Api"}
Activity.TraceId:            c4c6e98a24fe0d5b16a282515a8d2695
Activity.SpanId:             f044d5c7902d9210
Activity.TraceFlags:         Recorded
Activity.ActivitySourceName: Microsoft.AspNetCore
Activity.DisplayName:        POST api/Auth/register
Activity.Kind:               Server
Activity.StartTime:          2025-09-11T04:18:09.5844798Z
Activity.Duration:           00:00:00.3000241
Activity.Tags:
    server.address: localhost
    http.request.method: POST
    url.scheme: http
    url.path: /api/auth/register
    network.protocol.version: 1.1
    http.route: api/Auth/register
    http.response.status_code: 200
Resource associated with Activity:
    deployment.environment: Testing
    service.name: Crud.Api
    service.version: 1.0.0
    service.instance.id: 8958bff5-028e-43b0-8103-5553bc095d18
    telemetry.sdk.name: opentelemetry
    telemetry.sdk.language: dotnet
    telemetry.sdk.version: 1.8.1
[04:18:10 INF] User logged in successfully: b5e4c207-7498-4c50-9aef-35a13b770add {"SourceContext": "App.Features.Authentication.LoginCommandHandler", "ActionId": "bb653be6-bdb7-4fa1-9d21-e0e1c61c429c", "ActionName": "Api.Controllers.AuthController.Login (Api)", "RequestId": "0HNFGT8MUJP69", "RequestPath": "/api/auth/login", "Application": "Crud.Api"}
Activity.TraceId:            5841ac2c336c03ea20204bcee00c9da5
Activity.SpanId:             ad7befe1e020158f
Activity.TraceFlags:         Recorded
Activity.ActivitySourceName: Microsoft.AspNetCore
Activity.DisplayName:        POST api/Auth/login
Activity.Kind:               Server
Activity.StartTime:          2025-09-11T04:18:09.8855761Z
Activity.Duration:           00:00:00.3009693
Activity.Tags:
    server.address: localhost
    http.request.method: POST
    url.scheme: http
    url.path: /api/auth/login
    network.protocol.version: 1.1
    http.route: api/Auth/login
    http.response.status_code: 200
Resource associated with Activity:
    deployment.environment: Testing
    service.name: Crud.Api
    service.version: 1.0.0
    service.instance.id: 8958bff5-028e-43b0-8103-5553bc095d18
    telemetry.sdk.name: opentelemetry
    telemetry.sdk.language: dotnet
    telemetry.sdk.version: 1.8.1
[04:18:10 DBG] Cache miss for key: entity:wall:0c94ced408354075b2b89ccf445c8b40 {"SourceContext": "Infrastructure.Services.Caching.InMemoryCacheService", "ActionId": "644a5aca-a602-4048-90b8-c458ff8b6cc2", "ActionName": "Api.Controllers.WallsController.Update (Api)", "RequestId": "0HNFGT8MUJP6A", "RequestPath": "/api/walls/0c94ced4-0835-4075-b2b8-9ccf445c8b40", "Application": "Crud.Api"}
[04:18:10 DBG] Set cache value for key: entity:wall:0c94ced408354075b2b89ccf445c8b40 {"SourceContext": "Infrastructure.Services.Caching.InMemoryCacheService", "ActionId": "644a5aca-a602-4048-90b8-c458ff8b6cc2", "ActionName": "Api.Controllers.WallsController.Update (Api)", "RequestId": "0HNFGT8MUJP6A", "RequestPath": "/api/walls/0c94ced4-0835-4075-b2b8-9ccf445c8b40", "Application": "Crud.Api"}
[04:18:10 DBG] Removed cache value for key: entity:wall:0c94ced408354075b2b89ccf445c8b40 {"SourceContext": "Infrastructure.Services.Caching.InMemoryCacheService", "ActionId": "644a5aca-a602-4048-90b8-c458ff8b6cc2", "ActionName": "Api.Controllers.WallsController.Update (Api)", "RequestId": "0HNFGT8MUJP6A", "RequestPath": "/api/walls/0c94ced4-0835-4075-b2b8-9ccf445c8b40", "Application": "Crud.Api"}
[04:18:10 DBG] Removed cache value for key: list:wall {"SourceContext": "Infrastructure.Services.Caching.InMemoryCacheService", "ActionId": "644a5aca-a602-4048-90b8-c458ff8b6cc2", "ActionName": "Api.Controllers.WallsController.Update (Api)", "RequestId": "0HNFGT8MUJP6A", "RequestPath": "/api/walls/0c94ced4-0835-4075-b2b8-9ccf445c8b40", "Application": "Crud.Api"}
[04:18:10 DBG] Invalidating cache for entity: walls/0c94ced4-0835-4075-b2b8-9ccf445c8b40 with tags: walls, walls:0c94ced4-0835-4075-b2b8-9ccf445c8b40 {"SourceContext": "Api.Services.OutputCacheInvalidationService", "ActionId": "644a5aca-a602-4048-90b8-c458ff8b6cc2", "ActionName": "Api.Controllers.WallsController.Update (Api)", "RequestId": "0HNFGT8MUJP6A", "RequestPath": "/api/walls/0c94ced4-0835-4075-b2b8-9ccf445c8b40", "Application": "Crud.Api"}
[04:18:10 DBG] Successfully invalidated cache for tag: walls {"SourceContext": "Api.Services.OutputCacheInvalidationService", "ActionId": "644a5aca-a602-4048-90b8-c458ff8b6cc2", "ActionName": "Api.Controllers.WallsController.Update (Api)", "RequestId": "0HNFGT8MUJP6A", "RequestPath": "/api/walls/0c94ced4-0835-4075-b2b8-9ccf445c8b40", "Application": "Crud.Api"}
[04:18:10 DBG] Successfully invalidated cache for tag: walls:0c94ced4-0835-4075-b2b8-9ccf445c8b40 {"SourceContext": "Api.Services.OutputCacheInvalidationService", "ActionId": "644a5aca-a602-4048-90b8-c458ff8b6cc2", "ActionName": "Api.Controllers.WallsController.Update (Api)", "RequestId": "0HNFGT8MUJP6A", "RequestPath": "/api/walls/0c94ced4-0835-4075-b2b8-9ccf445c8b40", "Application": "Crud.Api"}
Activity.TraceId:            f6542446a814ab25fafd9a74a58efc61
Activity.SpanId:             b2f391e45845d8a1
Activity.TraceFlags:         Recorded
Activity.ActivitySourceName: Microsoft.AspNetCore
Activity.DisplayName:        PUT api/Walls/{id:guid}
Activity.Kind:               Server
Activity.StartTime:          2025-09-11T04:18:10.1867544Z
Activity.Duration:           00:00:00.0026525
Activity.Tags:
    server.address: localhost
    http.request.method: PUT
    url.scheme: http
    url.path: /api/walls/0c94ced4-0835-4075-b2b8-9ccf445c8b40
    network.protocol.version: 1.1
    http.route: api/Walls/{id:guid}
    http.response.status_code: 204
Resource associated with Activity:
    deployment.environment: Testing
    service.name: Crud.Api
    service.version: 1.0.0
    service.instance.id: 8958bff5-028e-43b0-8103-5553bc095d18
    telemetry.sdk.name: opentelemetry
    telemetry.sdk.language: dotnet
    telemetry.sdk.version: 1.8.1
[04:18:10 INF] User registered successfully: c894ff3c-73b0-4f1c-b4df-765bf0180bdd {"SourceContext": "App.Features.Authentication.RegisterUserCommandHandler", "ActionId": "b42a1ca5-6f7e-4f9d-baf6-69655fc45291", "ActionName": "Api.Controllers.AuthController.Register (Api)", "RequestId": "0HNFGT8MUJP6B", "RequestPath": "/api/auth/register", "Application": "Crud.Api"}
Activity.TraceId:            5ceafea506679dfe082d1facc57020f5
Activity.SpanId:             edfaa1763256eb02
Activity.TraceFlags:         Recorded
Activity.ActivitySourceName: Microsoft.AspNetCore
Activity.DisplayName:        POST api/Auth/register
Activity.Kind:               Server
Activity.StartTime:          2025-09-11T04:18:10.1896334Z
Activity.Duration:           00:00:00.2986516
Activity.Tags:
    server.address: localhost
    http.request.method: POST
    url.scheme: http
    url.path: /api/auth/register
    network.protocol.version: 1.1
    http.route: api/Auth/register
    http.response.status_code: 200
Resource associated with Activity:
    deployment.environment: Testing
    service.name: Crud.Api
    service.version: 1.0.0
    service.instance.id: 8958bff5-028e-43b0-8103-5553bc095d18
    telemetry.sdk.name: opentelemetry
    telemetry.sdk.language: dotnet
    telemetry.sdk.version: 1.8.1
[04:18:10 DBG] Cache miss for key: entity:wall:0c94ced408354075b2b89ccf445c8b40 {"SourceContext": "Infrastructure.Services.Caching.InMemoryCacheService", "ActionId": "fe438803-3950-49d8-a038-b3d45ae002f3", "ActionName": "Api.Controllers.WallsController.Get (Api)", "RequestId": "0HNFGT8MUJP6C", "RequestPath": "/api/walls/0c94ced4-0835-4075-b2b8-9ccf445c8b40", "Application": "Crud.Api"}
[04:18:10 DBG] Set cache value for key: entity:wall:0c94ced408354075b2b89ccf445c8b40 {"SourceContext": "Infrastructure.Services.Caching.InMemoryCacheService", "ActionId": "fe438803-3950-49d8-a038-b3d45ae002f3", "ActionName": "Api.Controllers.WallsController.Get (Api)", "RequestId": "0HNFGT8MUJP6C", "RequestPath": "/api/walls/0c94ced4-0835-4075-b2b8-9ccf445c8b40", "Application": "Crud.Api"}
Activity.TraceId:            277354b69f28d9e02b615be893c2c11e
Activity.SpanId:             f63264902ffcadfc
Activity.TraceFlags:         Recorded
Activity.ActivitySourceName: Microsoft.AspNetCore
Activity.DisplayName:        GET api/Walls/{id:guid}
Activity.Kind:               Server
Activity.StartTime:          2025-09-11T04:18:10.4885876Z
Activity.Duration:           00:00:00.0015418
Activity.Tags:
    server.address: localhost
    http.request.method: GET
    url.scheme: http
    url.path: /api/walls/0c94ced4-0835-4075-b2b8-9ccf445c8b40
    network.protocol.version: 1.1
    http.route: api/Walls/{id:guid}
    http.response.status_code: 200
Resource associated with Activity:
    deployment.environment: Testing
    service.name: Crud.Api
    service.version: 1.0.0
    service.instance.id: 8958bff5-028e-43b0-8103-5553bc095d18
    telemetry.sdk.name: opentelemetry
    telemetry.sdk.language: dotnet
    telemetry.sdk.version: 1.8.1
[04:18:10 INF] User registered successfully: 51c8d72b-9036-40fc-9000-18526bfa85d3 {"SourceContext": "App.Features.Authentication.RegisterUserCommandHandler", "ActionId": "b42a1ca5-6f7e-4f9d-baf6-69655fc45291", "ActionName": "Api.Controllers.AuthController.Register (Api)", "RequestId": "0HNFGT8MUJP6D", "RequestPath": "/api/auth/register", "Application": "Crud.Api"}
Activity.TraceId:            056bfbb62d82f2a3f7289ee3dfebb34c
Activity.SpanId:             6c8f5c20acd8124c
Activity.TraceFlags:         Recorded
Activity.ActivitySourceName: Microsoft.AspNetCore
Activity.DisplayName:        POST api/Auth/register
Activity.Kind:               Server
Activity.StartTime:          2025-09-11T04:18:10.4926370Z
Activity.Duration:           00:00:00.2989164
Activity.Tags:
    server.address: localhost
    http.request.method: POST
    url.scheme: http
    url.path: /api/auth/register
    network.protocol.version: 1.1
    http.route: api/Auth/register
    http.response.status_code: 200
Resource associated with Activity:
    deployment.environment: Testing
    service.name: Crud.Api
    service.version: 1.0.0
    service.instance.id: 8958bff5-028e-43b0-8103-5553bc095d18
    telemetry.sdk.name: opentelemetry
    telemetry.sdk.language: dotnet
    telemetry.sdk.version: 1.8.1
[04:18:10 DBG] Cache miss for key: entity:wall:d185fd8ca8174b6ba4ca1498009a7035 {"SourceContext": "Infrastructure.Services.Caching.InMemoryCacheService", "ActionId": "fe438803-3950-49d8-a038-b3d45ae002f3", "ActionName": "Api.Controllers.WallsController.Get (Api)", "RequestId": "0HNFGT8MUJP6E", "RequestPath": "/api/walls/d185fd8c-a817-4b6b-a4ca-1498009a7035", "Application": "Crud.Api"}
Activity.TraceId:            fdea1395b1eba1d509a1ee9564cc09f0
Activity.SpanId:             c53b9a753f6fd783
Activity.TraceFlags:         Recorded
Activity.ActivitySourceName: Microsoft.AspNetCore
Activity.DisplayName:        GET api/Walls/{id:guid}
Activity.Kind:               Server
Activity.StartTime:          2025-09-11T04:18:10.7931610Z
Activity.Duration:           00:00:00.0190650
Activity.Tags:
    server.address: localhost
    http.request.method: GET
    url.scheme: http
    url.path: /api/walls/d185fd8c-a817-4b6b-a4ca-1498009a7035
    network.protocol.version: 1.1
    http.route: api/Walls/{id:guid}
    http.response.status_code: 404
Resource associated with Activity:
    deployment.environment: Testing
    service.name: Crud.Api
    service.version: 1.0.0
    service.instance.id: 8958bff5-028e-43b0-8103-5553bc095d18
    telemetry.sdk.name: opentelemetry
    telemetry.sdk.language: dotnet
    telemetry.sdk.version: 1.8.1
[04:18:11 INF] User registered successfully: 6127f885-989d-4760-bea5-86f6ae9e6616 {"SourceContext": "App.Features.Authentication.RegisterUserCommandHandler", "ActionId": "b42a1ca5-6f7e-4f9d-baf6-69655fc45291", "ActionName": "Api.Controllers.AuthController.Register (Api)", "RequestId": "0HNFGT8MUJP6F", "RequestPath": "/api/auth/register", "Application": "Crud.Api"}
Activity.TraceId:            2e00e35580ccecf3fb5c0520a7298c7e
Activity.SpanId:             ac2d4a57282e4ff7
Activity.TraceFlags:         Recorded
Activity.ActivitySourceName: Microsoft.AspNetCore
Activity.DisplayName:        POST api/Auth/register
Activity.Kind:               Server
Activity.StartTime:          2025-09-11T04:18:10.8143477Z
Activity.Duration:           00:00:00.3018278
Activity.Tags:
    server.address: localhost
    http.request.method: POST
    url.scheme: http
    url.path: /api/auth/register
    network.protocol.version: 1.1
    http.route: api/Auth/register
    http.response.status_code: 200
Resource associated with Activity:
    deployment.environment: Testing
    service.name: Crud.Api
    service.version: 1.0.0
    service.instance.id: 8958bff5-028e-43b0-8103-5553bc095d18
    telemetry.sdk.name: opentelemetry
    telemetry.sdk.language: dotnet
    telemetry.sdk.version: 1.8.1
[04:18:11 INF] User logged in successfully: 6127f885-989d-4760-bea5-86f6ae9e6616 {"SourceContext": "App.Features.Authentication.LoginCommandHandler", "ActionId": "bb653be6-bdb7-4fa1-9d21-e0e1c61c429c", "ActionName": "Api.Controllers.AuthController.Login (Api)", "RequestId": "0HNFGT8MUJP6G", "RequestPath": "/api/auth/login", "Application": "Crud.Api"}
Activity.TraceId:            50e86fce2584b3660acaab3b706fdc9b
Activity.SpanId:             cbb5d24cd9805e8d
Activity.TraceFlags:         Recorded
Activity.ActivitySourceName: Microsoft.AspNetCore
Activity.DisplayName:        POST api/Auth/login
Activity.Kind:               Server
Activity.StartTime:          2025-09-11T04:18:11.1177676Z
Activity.Duration:           00:00:00.2991667
Activity.Tags:
    server.address: localhost
    http.request.method: POST
    url.scheme: http
    url.path: /api/auth/login
    network.protocol.version: 1.1
    http.route: api/Auth/login
    http.response.status_code: 200
Resource associated with Activity:
    deployment.environment: Testing
    service.name: Crud.Api
    service.version: 1.0.0
    service.instance.id: 8958bff5-028e-43b0-8103-5553bc095d18
    telemetry.sdk.name: opentelemetry
    telemetry.sdk.language: dotnet
    telemetry.sdk.version: 1.8.1
[04:18:11 DBG] Cache miss for key: entity:wall:394aff1d41204a578b0f4d61b6c42099 {"SourceContext": "Infrastructure.Services.Caching.InMemoryCacheService", "ActionId": "644a5aca-a602-4048-90b8-c458ff8b6cc2", "ActionName": "Api.Controllers.WallsController.Update (Api)", "RequestId": "0HNFGT8MUJP6H", "RequestPath": "/api/walls/394aff1d-4120-4a57-8b0f-4d61b6c42099", "Application": "Crud.Api"}
[04:18:11 ERR] An unhandled exception occurred during request PUT /api/walls/394aff1d-4120-4a57-8b0f-4d61b6c42099. Request ID: 0HNFGT8MUJP6H, User: Anonymous {"SourceContext": "Api.Middleware.GlobalExceptionHandlingMiddleware", "RequestPath": "/api/walls/394aff1d-4120-4a57-8b0f-4d61b6c42099", "Application": "Crud.Api"}
System.Collections.Generic.KeyNotFoundException: Wall 394aff1d-4120-4a57-8b0f-4d61b6c42099 not found
   at App.Features.Walls.UpdateWallCommandHandler.Handle(UpdateWallCommand request, CancellationToken cancellationToken) in /home/runner/work/Crud/Crud/src/App/Features/Walls/CommandHandlers.cs:line 34
   at MediatR.Wrappers.RequestHandlerWrapperImpl`1.&lt;&gt;c__DisplayClass1_0.&lt;&lt;Handle&gt;g__Handler|0&gt;d.MoveNext()
--- End of stack trace from previous location ---
   at Api.Controllers.WallsController.Update(Guid id, UpdateWallRequest request, CancellationToken ct) in /home/runner/work/Crud/Crud/src/Api/Controllers/WallsController.cs:line 67
   at Microsoft.AspNetCore.Mvc.Infrastructure.ActionMethodExecutor.TaskOfIActionResultExecutor.Execute(ActionContext actionContext, IActionResultTypeMapper mapper, ObjectMethodExecutor executor, Object controller, Object[] arguments)
   at Microsoft.AspNetCore.Mvc.Infrastructure.ControllerActionInvoker.&lt;InvokeActionMethodAsync&gt;g__Logged|12_1(ControllerActionInvoker invoker)
   at Microsoft.AspNetCore.Mvc.Infrastructure.ControllerActionInvoker.&lt;InvokeNextActionFilterAsync&gt;g__Awaited|10_0(ControllerActionInvoker invoker, Task lastTask, State next, Scope scope, Object state, Boolean isCompleted)
   at Microsoft.AspNetCore.Mvc.Infrastructure.ControllerActionInvoker.Rethrow(ActionExecutedContextSealed context)
   at Microsoft.AspNetCore.Mvc.Infrastructure.ControllerActionInvoker.Next(State&amp; next, Scope&amp; scope, Object&amp; state, Boolean&amp; isCompleted)
   at Microsoft.AspNetCore.Mvc.Infrastructure.ControllerActionInvoker.InvokeInnerFilterAsync()
--- End of stack trace from previous location ---
   at Microsoft.AspNetCore.Mvc.Infrastructure.ResourceInvoker.&lt;InvokeFilterPipelineAsync&gt;g__Awaited|20_0(ResourceInvoker invoker, Task lastTask, State next, Scope scope, Object state, Boolean isCompleted)
   at Microsoft.AspNetCore.Mvc.Infrastructure.ResourceInvoker.&lt;InvokeAsync&gt;g__Logged|17_1(ResourceInvoker invoker)
   at Microsoft.AspNetCore.Mvc.Infrastructure.ResourceInvoker.&lt;InvokeAsync&gt;g__Logged|17_1(ResourceInvoker invoker)
   at Microsoft.AspNetCore.Authorization.AuthorizationMiddleware.Invoke(HttpContext context)
   at Microsoft.AspNetCore.Authentication.AuthenticationMiddleware.Invoke(HttpContext context)
   at Microsoft.AspNetCore.RateLimiting.RateLimitingMiddleware.InvokeInternal(HttpContext context, EnableRateLimitingAttribute enableRateLimitingAttribute)
   at Api.Middleware.GlobalExceptionHandlingMiddleware.InvokeAsync(HttpContext context) in /home/runner/work/Crud/Crud/src/Api/Middleware/GlobalExceptionHandlingMiddleware.cs:line 27
Activity.TraceId:            db395e0b995fc60c7ecdbe578505f3f4
Activity.SpanId:             a5299a1d711c5de0
Activity.TraceFlags:         Recorded
Activity.ActivitySourceName: Microsoft.AspNetCore
Activity.DisplayName:        PUT api/Walls/{id:guid}
Activity.Kind:               Server
Activity.StartTime:          2025-09-11T04:18:11.4179751Z
Activity.Duration:           00:00:00.0167930
Activity.Tags:
    server.address: localhost
    http.request.method: PUT
    url.scheme: http
    url.path: /api/walls/394aff1d-4120-4a57-8b0f-4d61b6c42099
    network.protocol.version: 1.1
    http.route: api/Walls/{id:guid}
    http.response.status_code: 404
Resource associated with Activity:
    deployment.environment: Testing
    service.name: Crud.Api
    service.version: 1.0.0
    service.instance.id: 8958bff5-028e-43b0-8103-5553bc095d18
    telemetry.sdk.name: opentelemetry
    telemetry.sdk.language: dotnet
    telemetry.sdk.version: 1.8.1
Metric Name: http.server.active_requests, Number of active HTTP server requests., Unit: {request}, Meter: Microsoft.AspNetCore.Hosting
(2025-09-11T04:17:55.9939114Z, 2025-09-11T04:18:11.4364284Z] http.request.method: POST url.scheme: http LongSumNonMonotonic
Value: 0
(2025-09-11T04:17:55.9939114Z, 2025-09-11T04:18:11.4364284Z] http.request.method: GET url.scheme: http LongSumNonMonotonic
Value: 0
(2025-09-11T04:17:55.9939114Z, 2025-09-11T04:18:11.4364284Z] http.request.method: DELETE url.scheme: http LongSumNonMonotonic
Value: 0
(2025-09-11T04:17:55.9939114Z, 2025-09-11T04:18:11.4364284Z] http.request.method: PUT url.scheme: http LongSumNonMonotonic
Value: 0
Metric Name: http.server.request.duration, Duration of HTTP server requests., Unit: s, Meter: Microsoft.AspNetCore.Hosting
(2025-09-11T04:17:55.9939331Z, 2025-09-11T04:18:11.4364334Z] http.request.method: POST http.response.status_code: 200 http.route: api/Auth/register network.protocol.version: 1.1 url.scheme: http Histogram
Value: Sum: 8.564071299999998 Count: 23 Min: 0.2986381 Max: 1.1860918 
(-Infinity,0.005]:0
(0.005,0.01]:0
(0.01,0.025]:0
(0.025,0.05]:0
(0.05,0.075]:0
(0.075,0.1]:0
(0.1,0.25]:0
(0.25,0.5]:21
(0.5,0.75]:0
(0.75,1]:0
(1,2.5]:2
(2.5,5]:0
(5,7.5]:0
(7.5,10]:0
(10,+Infinity]:0
(2025-09-11T04:17:55.9939331Z, 2025-09-11T04:18:11.4364334Z] http.request.method: POST http.response.status_code: 200 http.route: api/Auth/login network.protocol.version: 1.1 url.scheme: http Histogram
Value: Sum: 5.830523999999999 Count: 16 Min: 0.298404 Max: 1.0572424 
(-Infinity,0.005]:0
(0.005,0.01]:0
(0.01,0.025]:0
(0.025,0.05]:0
(0.05,0.075]:0
(0.075,0.1]:0
(0.1,0.25]:0
(0.25,0.5]:14
(0.5,0.75]:1
(0.75,1]:0
(1,2.5]:1
(2.5,5]:0
(5,7.5]:0
(7.5,10]:0
(10,+Infinity]:0
(2025-09-11T04:17:55.9939331Z, 2025-09-11T04:18:11.4364334Z] http.request.method: POST http.response.status_code: 201 http.route: api/Walls network.protocol.version: 1.1 url.scheme: http Histogram
Value: Sum: 0.21238939999999998 Count: 9 Min: 0.0018986 Max: 0.1872212 
(-Infinity,0.005]:7
(0.005,0.01]:1
(0.01,0.025]:0
(0.025,0.05]:0
(0.05,0.075]:0
(0.075,0.1]:0
(0.1,0.25]:1
(0.25,0.5]:0
(0.5,0.75]:0
(0.75,1]:0
(1,2.5]:0
(2.5,5]:0
(5,7.5]:0
(7.5,10]:0
(10,+Infinity]:0
(2025-09-11T04:17:55.9939331Z, 2025-09-11T04:18:11.4364334Z] http.request.method: GET http.response.status_code: 200 http.route: api/Walls/{id:guid} network.protocol.version: 1.1 url.scheme: http Histogram
Value: Sum: 0.029673900000000003 Count: 3 Min: 0.0015726 Max: 0.0238445 
(-Infinity,0.005]:2
(0.005,0.01]:0
(0.01,0.025]:1
(0.025,0.05]:0
(0.05,0.075]:0
(0.075,0.1]:0
(0.1,0.25]:0
(0.25,0.5]:0
(0.5,0.75]:0
(0.75,1]:0
(1,2.5]:0
(2.5,5]:0
(5,7.5]:0
(7.5,10]:0
(10,+Infinity]:0
(2025-09-11T04:17:55.9939331Z, 2025-09-11T04:18:11.4364334Z] http.request.method: GET http.response.status_code: 200 http.route: api/Walls network.protocol.version: 1.1 url.scheme: http Histogram
Value: Sum: 0.019774399999999998 Count: 2 Min: 0.0020425 Max: 0.0177319 
(-Infinity,0.005]:1
(0.005,0.01]:0
(0.01,0.025]:1
(0.025,0.05]:0
(0.05,0.075]:0
(0.075,0.1]:0
(0.1,0.25]:0
(0.25,0.5]:0
(0.5,0.75]:0
(0.75,1]:0
(1,2.5]:0
(2.5,5]:0
(5,7.5]:0
(7.5,10]:0
(10,+Infinity]:0
(2025-09-11T04:17:55.9939331Z, 2025-09-11T04:18:11.4364334Z] http.request.method: POST http.response.status_code: 400 http.route: api/Walls network.protocol.version: 1.1 url.scheme: http Histogram
Value: Sum: 0.0123789 Count: 2 Min: 0.0006423 Max: 0.0117366 
(-Infinity,0.005]:1
(0.005,0.01]:0
(0.01,0.025]:1
(0.025,0.05]:0
(0.05,0.075]:0
(0.075,0.1]:0
(0.1,0.25]:0
(0.25,0.5]:0
(0.5,0.75]:0
(0.75,1]:0
(1,2.5]:0
(2.5,5]:0
(5,7.5]:0
(7.5,10]:0
(10,+Infinity]:0
(2025-09-11T04:17:55.9939331Z, 2025-09-11T04:18:11.4364334Z] http.request.method: DELETE http.response.status_code: 204 http.route: api/Walls/{id:guid} network.protocol.version: 1.1 url.scheme: http Histogram
Value: Sum: 0.018678300000000002 Count: 2 Min: 0.0084291 Max: 0.0102492 
(-Infinity,0.005]:0
(0.005,0.01]:1
(0.01,0.025]:1
(0.025,0.05]:0
(0.05,0.075]:0
(0.075,0.1]:0
(0.1,0.25]:0
(0.25,0.5]:0
(0.5,0.75]:0
(0.75,1]:0
(1,2.5]:0
(2.5,5]:0
(5,7.5]:0
(7.5,10]:0
(10,+Infinity]:0
(2025-09-11T04:17:55.9939331Z, 2025-09-11T04:18:11.4364334Z] http.request.method: GET http.response.status_code: 404 http.route: api/Walls/{id:guid} network.protocol.version: 1.1 url.scheme: http Histogram
Value: Sum: 0.0227669 Count: 2 Min: 0.003697 Max: 0.0190699 
(-Infinity,0.005]:1
(0.005,0.01]:0
(0.01,0.025]:1
(0.025,0.05]:0
(0.05,0.075]:0
(0.075,0.1]:0
(0.1,0.25]:0
(0.25,0.5]:0
(0.5,0.75]:0
(0.75,1]:0
(1,2.5]:0
(2.5,5]:0
(5,7.5]:0
(7.5,10]:0
(10,+Infinity]:0
(2025-09-11T04:17:55.9939331Z, 2025-09-11T04:18:11.4364334Z] http.request.method: PUT http.response.status_code: 204 http.route: api/Walls/{id:guid} network.protocol.version: 1.1 url.scheme: http Histogram
Value: Sum: 0.014851999999999999 Count: 2 Min: 0.002657 Max: 0.012195 
(-Infinity,0.005]:1
(0.005,0.01]:0
(0.01,0.025]:1
(0.025,0.05]:0
(0.05,0.075]:0
(0.075,0.1]:0
(0.1,0.25]:0
(0.25,0.5]:0
(0.5,0.75]:0
(0.75,1]:0
(1,2.5]:0
(2.5,5]:0
(5,7.5]:0
(7.5,10]:0
(10,+Infinity]:0
(2025-09-11T04:17:55.9939331Z, 2025-09-11T04:18:11.4364334Z] http.request.method: PUT http.response.status_code: 404 http.route: api/Walls/{id:guid} network.protocol.version: 1.1 url.scheme: http Histogram
Value: Sum: 0.0167813 Count: 1 Min: 0.0167813 Max: 0.0167813 
(-Infinity,0.005]:0
(0.005,0.01]:0
(0.01,0.025]:1
(0.025,0.05]:0
(0.05,0.075]:0
(0.075,0.1]:0
(0.1,0.25]:0
(0.25,0.5]:0
(0.5,0.75]:0
(0.75,1]:0
(1,2.5]:0
(2.5,5]:0
(5,7.5]:0
(7.5,10]:0
(10,+Infinity]:0
Metric Name: aspnetcore.rate_limiting.active_request_leases, Number of HTTP requests that are currently active on the server that hold a rate limiting lease., Unit: {request}, Meter: Microsoft.AspNetCore.RateLimiting
(2025-09-11T04:17:55.9974714Z, 2025-09-11T04:18:11.4364338Z] LongSumNonMonotonic
Value: 0
Metric Name: aspnetcore.rate_limiting.request_lease.duration, The duration of rate limiting leases held by HTTP requests on the server., Unit: s, Meter: Microsoft.AspNetCore.RateLimiting
(2025-09-11T04:17:55.9975021Z, 2025-09-11T04:18:11.4364344Z] Histogram
Value: Sum: 14.709657400000003 Count: 62 Min: 0.0005278 Max: 1.1834806 
(-Infinity,0.005]:14
(0.005,0.01]:2
(0.01,0.025]:6
(0.025,0.05]:0
(0.05,0.075]:0
(0.075,0.1]:0
(0.1,0.25]:1
(0.25,0.5]:35
(0.5,0.75]:1
(0.75,1]:0
(1,2.5]:3
(2.5,5]:0
(5,7.5]:0
(7.5,10]:0
(10,+Infinity]:0
Metric Name: aspnetcore.rate_limiting.requests, Number of requests that tried to acquire a rate limiting lease. Requests could be rejected by global or endpoint rate limiting policies. Or the request could be canceled while waiting for the lease., Unit: {request}, Meter: Microsoft.AspNetCore.RateLimiting
(2025-09-11T04:17:55.9975610Z, 2025-09-11T04:18:11.4364360Z] aspnetcore.rate_limiting.result: acquired LongSum
Value: 62
Metric Name: aspnetcore.routing.match_attempts, Number of requests that were attempted to be matched to an endpoint., Unit: {match_attempt}, Meter: Microsoft.AspNetCore.Routing
(2025-09-11T04:17:55.9990075Z, 2025-09-11T04:18:11.4364366Z] aspnetcore.routing.is_fallback: false aspnetcore.routing.match_status: success http.route: api/Auth/register LongSum
Value: 23
(2025-09-11T04:17:55.9990075Z, 2025-09-11T04:18:11.4364366Z] aspnetcore.routing.is_fallback: false aspnetcore.routing.match_status: success http.route: api/Auth/login LongSum
Value: 16
(2025-09-11T04:17:55.9990075Z, 2025-09-11T04:18:11.4364366Z] aspnetcore.routing.is_fallback: false aspnetcore.routing.match_status: success http.route: api/Walls LongSum
Value: 13
(2025-09-11T04:17:55.9990075Z, 2025-09-11T04:18:11.4364366Z] aspnetcore.routing.is_fallback: false aspnetcore.routing.match_status: success http.route: api/Walls/{id:guid} LongSum
Value: 10
[04:18:11 INF] Starting Crud API application {"Application": "Crud.Api"}
[04:18:11 INF] Using SQLite provider with connection: Data Source=TestDatabase.db {"Application": "Crud.Api"}
[04:18:11 INF] Database ensured successfully {"Application": "Crud.Api"}
[04:18:11 INF] Application configured successfully. Starting web host... {"Application": "Crud.Api"}
[04:18:11 INF] Resetting database for worker 7148 {"SourceContext": "Infrastructure.Services.DatabaseTestService", "Application": "Crud.Api"}
[04:18:11 INF] Resetting database via file deletion for worker 7148 in CI environment {"SourceContext": "Infrastructure.Services.DatabaseTestService", "Application": "Crud.Api"}
[04:18:11 INF] Acquiring database mutex for worker 7148... {"SourceContext": "Infrastructure.Services.DatabaseTestService", "Application": "Crud.Api"}
[04:18:11 INF] Database mutex acquired for worker 7148 {"SourceContext": "Infrastructure.Services.DatabaseTestService", "Application": "Crud.Api"}
[04:18:11 INF] Current database state - CanConnect: True {"SourceContext": "Infrastructure.Services.DatabaseTestService", "Application": "Crud.Api"}
[04:18:11 INF] [Phase 0] Closing database connection for worker 7148... {"SourceContext": "Infrastructure.Services.DatabaseTestService", "Application": "Crud.Api"}
[04:18:11 INF] [Phase 0] Connection closed in 0.0014ms {"SourceContext": "Infrastructure.Services.DatabaseTestService", "Application": "Crud.Api"}
[04:18:11 INF] [Phase 1] Starting EnsureDeletedAsync for worker 7148... {"SourceContext": "Infrastructure.Services.DatabaseTestService", "Application": "Crud.Api"}
[04:18:11 INF] [Phase 1] EnsureDeletedAsync completed in 1.4703ms {"SourceContext": "Infrastructure.Services.DatabaseTestService", "Application": "Crud.Api"}
[04:18:11 INF] [Phase 2] Starting EnsureCreatedAsync for worker 7148... {"SourceContext": "Infrastructure.Services.DatabaseTestService", "Application": "Crud.Api"}
[04:18:11 INF] [Phase 2] EnsureCreatedAsync completed in 8.0005ms {"SourceContext": "Infrastructure.Services.DatabaseTestService", "Application": "Crud.Api"}
[04:18:11 INF] [Phase 3] Skipping database seeding as requested for worker 7148 {"SourceContext": "Infrastructure.Services.DatabaseTestService", "Application": "Crud.Api"}
[04:18:11 INF] Database reset via file deletion completed for worker 7148 in 110.0114ms (Close: 0.0014ms, Delete: 1.4703ms, Create: 8.0005ms) {"SourceContext": "Infrastructure.Services.DatabaseTestService", "Application": "Crud.Api"}
[04:18:11 INF] Releasing database mutex for worker 7148 {"SourceContext": "Infrastructure.Services.DatabaseTestService", "Application": "Crud.Api"}
[04:18:11 WRN] Failed to determine the https port for redirect. {"EventId": {"Id": 3, "Name": "FailedToDeterminePort"}, "SourceContext": "Microsoft.AspNetCore.HttpsPolicy.HttpsRedirectionMiddleware", "RequestId": "0HNFGT8MUJP6I", "RequestPath": "/api/auth/register", "Application": "Crud.Api"}
[04:18:11 INF] User registered successfully: 6822a5b5-1d36-4151-beb7-4c1718bbb39e {"SourceContext": "App.Features.Authentication.RegisterUserCommandHandler", "ActionId": "ec0ce3f1-0b2d-4ad5-8cc0-7ee60dc3a481", "ActionName": "Api.Controllers.AuthController.Register (Api)", "RequestId": "0HNFGT8MUJP6I", "RequestPath": "/api/auth/register", "Application": "Crud.Api"}
Activity.TraceId:            a029d15ba658d2767664c0a5533b2a6b
Activity.SpanId:             c562aec677961a8e
Activity.TraceFlags:         Recorded
Activity.ActivitySourceName: Microsoft.AspNetCore
Activity.DisplayName:        POST api/Auth/register
Activity.Kind:               Server
Activity.StartTime:          2025-09-11T04:18:11.6021926Z
Activity.Duration:           00:00:00.3089379
Activity.Tags:
    server.address: localhost
    http.request.method: POST
    url.scheme: http
    url.path: /api/auth/register
    network.protocol.version: 1.1
    http.route: api/Auth/register
    http.response.status_code: 200
Resource associated with Activity:
    deployment.environment: Testing
    service.name: Crud.Api
    service.version: 1.0.0
    service.instance.id: 8958bff5-028e-43b0-8103-5553bc095d18
    telemetry.sdk.name: opentelemetry
    telemetry.sdk.language: dotnet
    telemetry.sdk.version: 1.8.1
[04:18:11 DBG] Cache miss for key: entity:person:705ed0623b37470a9fb45a22583c0b0a {"SourceContext": "Infrastructure.Services.Caching.InMemoryCacheService", "ActionId": "c04da2d9-c30b-4698-98ae-875c34ed2bd9", "ActionName": "Api.Controllers.PeopleController.Get (Api)", "RequestId": "0HNFGT8MUJP6J", "RequestPath": "/api/people/705ed062-3b37-470a-9fb4-5a22583c0b0a", "Application": "Crud.Api"}
[04:18:11 DBG] Set cache value for key: entity:person:705ed0623b37470a9fb45a22583c0b0a {"SourceContext": "Infrastructure.Services.Caching.InMemoryCacheService", "ActionId": "c04da2d9-c30b-4698-98ae-875c34ed2bd9", "ActionName": "Api.Controllers.PeopleController.Get (Api)", "RequestId": "0HNFGT8MUJP6J", "RequestPath": "/api/people/705ed062-3b37-470a-9fb4-5a22583c0b0a", "Application": "Crud.Api"}
Activity.TraceId:            da15b65a8b96191acf85ea963d40e3d0
Activity.SpanId:             3985b7af1b90e570
Activity.TraceFlags:         Recorded
Activity.ActivitySourceName: Microsoft.AspNetCore
Activity.DisplayName:        GET api/People/{id:guid}
Activity.Kind:               Server
Activity.StartTime:          2025-09-11T04:18:11.9116489Z
Activity.Duration:           00:00:00.0175525
Activity.Tags:
    server.address: localhost
    http.request.method: GET
    url.scheme: http
    url.path: /api/people/705ed062-3b37-470a-9fb4-5a22583c0b0a
    network.protocol.version: 1.1
    http.route: api/People/{id:guid}
    http.response.status_code: 200
Resource associated with Activity:
    deployment.environment: Testing
    service.name: Crud.Api
    service.version: 1.0.0
    service.instance.id: 8958bff5-028e-43b0-8103-5553bc095d18
    telemetry.sdk.name: opentelemetry
    telemetry.sdk.language: dotnet
    telemetry.sdk.version: 1.8.1
[04:18:11 DBG] Cache hit for key: entity:person:705ed0623b37470a9fb45a22583c0b0a {"SourceContext": "Infrastructure.Services.Caching.InMemoryCacheService", "ActionId": "c04da2d9-c30b-4698-98ae-875c34ed2bd9", "ActionName": "Api.Controllers.PeopleController.Get (Api)", "RequestId": "0HNFGT8MUJP6K", "RequestPath": "/api/people/705ed062-3b37-470a-9fb4-5a22583c0b0a", "Application": "Crud.Api"}
Activity.TraceId:            45e566346048a01890f9bbca48e180d1
Activity.SpanId:             20480fd23b566889
Activity.TraceFlags:         Recorded
Activity.ActivitySourceName: Microsoft.AspNetCore
Activity.DisplayName:        GET api/People/{id:guid}
Activity.Kind:               Server
Activity.StartTime:          2025-09-11T04:18:11.9295865Z
Activity.Duration:           00:00:00.0033062
Activity.Tags:
    server.address: localhost
    http.request.method: GET
    url.scheme: http
    url.path: /api/people/705ed062-3b37-470a-9fb4-5a22583c0b0a
    network.protocol.version: 1.1
    http.route: api/People/{id:guid}
    http.response.status_code: 200
Resource associated with Activity:
    deployment.environment: Testing
    service.name: Crud.Api
    service.version: 1.0.0
    service.instance.id: 8958bff5-028e-43b0-8103-5553bc095d18
    telemetry.sdk.name: opentelemetry
    telemetry.sdk.language: dotnet
    telemetry.sdk.version: 1.8.1
[04:18:11 INF] Resetting database for worker 7148 {"SourceContext": "Infrastructure.Services.DatabaseTestService", "Application": "Crud.Api"}
[04:18:11 INF] Resetting database via file deletion for worker 7148 in CI environment {"SourceContext": "Infrastructure.Services.DatabaseTestService", "Application": "Crud.Api"}
[04:18:11 INF] Acquiring database mutex for worker 7148... {"SourceContext": "Infrastructure.Services.DatabaseTestService", "Application": "Crud.Api"}
[04:18:11 INF] Database mutex acquired for worker 7148 {"SourceContext": "Infrastructure.Services.DatabaseTestService", "Application": "Crud.Api"}
[04:18:11 INF] Current database state - CanConnect: True {"SourceContext": "Infrastructure.Services.DatabaseTestService", "Application": "Crud.Api"}
[04:18:11 INF] [Phase 0] Closing database connection for worker 7148... {"SourceContext": "Infrastructure.Services.DatabaseTestService", "Application": "Crud.Api"}
[04:18:11 INF] [Phase 0] Connection closed in 0.0016ms {"SourceContext": "Infrastructure.Services.DatabaseTestService", "Application": "Crud.Api"}
[04:18:11 INF] [Phase 1] Starting EnsureDeletedAsync for worker 7148... {"SourceContext": "Infrastructure.Services.DatabaseTestService", "Application": "Crud.Api"}
[04:18:11 INF] [Phase 1] EnsureDeletedAsync completed in 1.6746ms {"SourceContext": "Infrastructure.Services.DatabaseTestService", "Application": "Crud.Api"}
[04:18:12 INF] [Phase 2] Starting EnsureCreatedAsync for worker 7148... {"SourceContext": "Infrastructure.Services.DatabaseTestService", "Application": "Crud.Api"}
[04:18:12 INF] [Phase 2] EnsureCreatedAsync completed in 8.0715ms {"SourceContext": "Infrastructure.Services.DatabaseTestService", "Application": "Crud.Api"}
[04:18:12 INF] [Phase 3] Skipping database seeding as requested for worker 7148 {"SourceContext": "Infrastructure.Services.DatabaseTestService", "Application": "Crud.Api"}
[04:18:12 INF] Database reset via file deletion completed for worker 7148 in 110.8501ms (Close: 0.0016ms, Delete: 1.6746ms, Create: 8.0715ms) {"SourceContext": "Infrastructure.Services.DatabaseTestService", "Application": "Crud.Api"}
[04:18:12 INF] Releasing database mutex for worker 7148 {"SourceContext": "Infrastructure.Services.DatabaseTestService", "Application": "Crud.Api"}
[04:18:12 INF] Resetting database for worker 7148 {"SourceContext": "Infrastructure.Services.DatabaseTestService", "Application": "Crud.Api"}
[04:18:12 INF] Resetting database via file deletion for worker 7148 in CI environment {"SourceContext": "Infrastructure.Services.DatabaseTestService", "Application": "Crud.Api"}
[04:18:12 INF] Acquiring database mutex for worker 7148... {"SourceContext": "Infrastructure.Services.DatabaseTestService", "Application": "Crud.Api"}
[04:18:12 INF] Database mutex acquired for worker 7148 {"SourceContext": "Infrastructure.Services.DatabaseTestService", "Application": "Crud.Api"}
[04:18:12 INF] Current database state - CanConnect: True {"SourceContext": "Infrastructure.Services.DatabaseTestService", "Application": "Crud.Api"}
[04:18:12 INF] [Phase 0] Closing database connection for worker 7148... {"SourceContext": "Infrastructure.Services.DatabaseTestService", "Application": "Crud.Api"}
[04:18:12 INF] [Phase 0] Connection closed in 0.0014ms {"SourceContext": "Infrastructure.Services.DatabaseTestService", "Application": "Crud.Api"}
[04:18:12 INF] [Phase 1] Starting EnsureDeletedAsync for worker 7148... {"SourceContext": "Infrastructure.Services.DatabaseTestService", "Application": "Crud.Api"}
[xUnit.net 00:00:22.15]       Expected response2.StatusCode to be HttpStatusCode.NotModified {value: 304} because Server should return 304 when resource hasn't been modified, but found HttpStatusCode.OK {value: 200}.
[xUnit.net 00:00:22.15]       Stack Trace:
[xUnit.net 00:00:22.15]            at FluentAssertions.Execution.XUnit2TestFramework.Throw(String message)
[xUnit.net 00:00:22.15]            at FluentAssertions.Execution.TestFrameworkProvider.Throw(String message)
[xUnit.net 00:00:22.15]            at FluentAssertions.Execution.DefaultAssertionStrategy.HandleFailure(String message)
[xUnit.net 00:00:22.15]            at FluentAssertions.Execution.AssertionScope.FailWith(Func`1 failReasonFunc)
[xUnit.net 00:00:22.15]            at FluentAssertions.Primitives.EnumAssertions`2.Be(TEnum expected, String because, Object[] becauseArgs)
[xUnit.net 00:00:22.15]         /home/runner/work/Crud/Crud/test/Tests.Integration.Backend/OutputCaching/ConditionalRequestTests.cs(132,0): at Tests.Integration.Backend.OutputCaching.ConditionalRequestTests.&lt;GetRequest_WithIfModifiedSince_ShouldReturn304_WhenNotModified&gt;b__3_0()
[xUnit.net 00:00:22.15]         /home/runner/work/Crud/Crud/test/Tests.Integration.Backend/Infrastructure/IntegrationTestBase.cs(48,0): at Tests.Integration.Backend.Infrastructure.IntegrationTestBase.RunWithCleanDatabaseAsync(Func`1 testAction)
[xUnit.net 00:00:22.15]         /home/runner/work/Crud/Crud/test/Tests.Integration.Backend/Infrastructure/IntegrationTestBase.cs(53,0): at Tests.Integration.Backend.Infrastructure.IntegrationTestBase.RunWithCleanDatabaseAsync(Func`1 testAction)
[xUnit.net 00:00:22.15]         /home/runner/work/Crud/Crud/test/Tests.Integration.Backend/OutputCaching/ConditionalRequestTests.cs(107,0): at Tests.Integration.Backend.OutputCaching.ConditionalRequestTests.GetRequest_WithIfModifiedSince_ShouldReturn304_WhenNotModified()
[xUnit.net 00:00:22.15]         --- End of stack trace from previous location ---
[04:18:12 INF] [Phase 1] EnsureDeletedAsync completed in 2.3306ms {"SourceContext": "Infrastructure.Services.DatabaseTestService", "Application": "Crud.Api"}
[04:18:12 INF] [Phase 2] Starting EnsureCreatedAsync for worker 7148... {"SourceContext": "Infrastructure.Services.DatabaseTestService", "Application": "Crud.Api"}
[04:18:12 INF] [Phase 2] EnsureCreatedAsync completed in 7.9566ms {"SourceContext": "Infrastructure.Services.DatabaseTestService", "Application": "Crud.Api"}
[04:18:12 INF] [Phase 3] Skipping database seeding as requested for worker 7148 {"SourceContext": "Infrastructure.Services.DatabaseTestService", "Application": "Crud.Api"}
[04:18:12 INF] Database reset via file deletion completed for worker 7148 in 110.9489ms (Close: 0.0014ms, Delete: 2.3306ms, Create: 7.9566ms) {"SourceContext": "Infrastructure.Services.DatabaseTestService", "Application": "Crud.Api"}
[04:18:12 INF] Releasing database mutex for worker 7148 {"SourceContext": "Infrastructure.Services.DatabaseTestService", "Application": "Crud.Api"}
[04:18:12 INF] User registered successfully: 57cd7824-7201-46d2-b365-0090d05aaf97 {"SourceContext": "App.Features.Authentication.RegisterUserCommandHandler", "ActionId": "ec0ce3f1-0b2d-4ad5-8cc0-7ee60dc3a481", "ActionName": "Api.Controllers.AuthController.Register (Api)", "RequestId": "0HNFGT8MUJP6L", "RequestPath": "/api/auth/register", "Application": "Crud.Api"}
Activity.TraceId:            91c9aa841a09bc0a4d5cbc3c8b1af59e
Activity.SpanId:             7a54359265aea34f
Activity.TraceFlags:         Recorded
Activity.ActivitySourceName: Microsoft.AspNetCore
Activity.DisplayName:        POST api/Auth/register
Activity.Kind:               Server
Activity.StartTime:          2025-09-11T04:18:12.2280533Z
Activity.Duration:           00:00:00.3000776
Activity.Tags:
    server.address: localhost
    http.request.method: POST
    url.scheme: http
    url.path: /api/auth/register
    network.protocol.version: 1.1
    http.route: api/Auth/register
    http.response.status_code: 200
Resource associated with Activity:
    deployment.environment: Testing
    service.name: Crud.Api
    service.version: 1.0.0
    service.instance.id: 8958bff5-028e-43b0-8103-5553bc095d18
    telemetry.sdk.name: opentelemetry
    telemetry.sdk.language: dotnet
    telemetry.sdk.version: 1.8.1
[04:18:12 DBG] Cache miss for key: list:wall {"SourceContext": "Infrastructure.Services.Caching.InMemoryCacheService", "ActionId": "694c4940-660b-4e37-bf91-3a50d44c5c6a", "ActionName": "Api.Controllers.WallsController.List (Api)", "RequestId": "0HNFGT8MUJP6M", "RequestPath": "/api/walls", "Application": "Crud.Api"}
[04:18:12 DBG] Set cache value for key: list:wall {"SourceContext": "Infrastructure.Services.Caching.InMemoryCacheService", "ActionId": "694c4940-660b-4e37-bf91-3a50d44c5c6a", "ActionName": "Api.Controllers.WallsController.List (Api)", "RequestId": "0HNFGT8MUJP6M", "RequestPath": "/api/walls", "Application": "Crud.Api"}
Activity.TraceId:            200f3f5bb85cbc7e4d053e48f2374076
Activity.SpanId:             4f4a2d9cfd454da8
Activity.TraceFlags:         Recorded
Activity.ActivitySourceName: Microsoft.AspNetCore
Activity.DisplayName:        GET api/Walls
Activity.Kind:               Server
Activity.StartTime:          2025-09-11T04:18:12.5287309Z
Activity.Duration:           00:00:00.0099738
Activity.Tags:
    server.address: localhost
    http.request.method: GET
    url.scheme: http
    url.path: /api/walls
    network.protocol.version: 1.1
    http.route: api/Walls
    http.response.status_code: 200
Resource associated with Activity:
    deployment.environment: Testing
    service.name: Crud.Api
    service.version: 1.0.0
    service.instance.id: 8958bff5-028e-43b0-8103-5553bc095d18
    telemetry.sdk.name: opentelemetry
    telemetry.sdk.language: dotnet
    telemetry.sdk.version: 1.8.1
[04:18:12 INF] Resetting database for worker 7148 {"SourceContext": "Infrastructure.Services.DatabaseTestService", "Application": "Crud.Api"}
[04:18:12 INF] Resetting database via file deletion for worker 7148 in CI environment {"SourceContext": "Infrastructure.Services.DatabaseTestService", "Application": "Crud.Api"}
[04:18:12 INF] Acquiring database mutex for worker 7148... {"SourceContext": "Infrastructure.Services.DatabaseTestService", "Application": "Crud.Api"}
[04:18:12 INF] Database mutex acquired for worker 7148 {"SourceContext": "Infrastructure.Services.DatabaseTestService", "Application": "Crud.Api"}
[04:18:12 INF] Current database state - CanConnect: True {"SourceContext": "Infrastructure.Services.DatabaseTestService", "Application": "Crud.Api"}
[04:18:12 INF] [Phase 0] Closing database connection for worker 7148... {"SourceContext": "Infrastructure.Services.DatabaseTestService", "Application": "Crud.Api"}
[04:18:12 INF] [Phase 0] Connection closed in 0.0015ms {"SourceContext": "Infrastructure.Services.DatabaseTestService", "Application": "Crud.Api"}
[04:18:12 INF] [Phase 1] Starting EnsureDeletedAsync for worker 7148... {"SourceContext": "Infrastructure.Services.DatabaseTestService", "Application": "Crud.Api"}
[04:18:12 INF] [Phase 1] EnsureDeletedAsync completed in 1.4899ms {"SourceContext": "Infrastructure.Services.DatabaseTestService", "Application": "Crud.Api"}
[04:18:12 INF] [Phase 2] Starting EnsureCreatedAsync for worker 7148... {"SourceContext": "Infrastructure.Services.DatabaseTestService", "Application": "Crud.Api"}
[04:18:12 INF] [Phase 2] EnsureCreatedAsync completed in 15.9062ms {"SourceContext": "Infrastructure.Services.DatabaseTestService", "Application": "Crud.Api"}
[04:18:12 INF] [Phase 3] Skipping database seeding as requested for worker 7148 {"SourceContext": "Infrastructure.Services.DatabaseTestService", "Application": "Crud.Api"}
[04:18:12 INF] Database reset via file deletion completed for worker 7148 in 117.8337ms (Close: 0.0015ms, Delete: 1.4899ms, Create: 15.9062ms) {"SourceContext": "Infrastructure.Services.DatabaseTestService", "Application": "Crud.Api"}
[04:18:12 INF] Releasing database mutex for worker 7148 {"SourceContext": "Infrastructure.Services.DatabaseTestService", "Application": "Crud.Api"}
[04:18:12 INF] Resetting database for worker 7148 {"SourceContext": "Infrastructure.Services.DatabaseTestService", "Application": "Crud.Api"}
[04:18:12 INF] Resetting database via file deletion for worker 7148 in CI environment {"SourceContext": "Infrastructure.Services.DatabaseTestService", "Application": "Crud.Api"}
[04:18:12 INF] Acquiring database mutex for worker 7148... {"SourceContext": "Infrastructure.Services.DatabaseTestService", "Application": "Crud.Api"}
[04:18:12 INF] Database mutex acquired for worker 7148 {"SourceContext": "Infrastructure.Services.DatabaseTestService", "Application": "Crud.Api"}
[04:18:12 INF] Current database state - CanConnect: True {"SourceContext": "Infrastructure.Services.DatabaseTestService", "Application": "Crud.Api"}
[04:18:12 INF] [Phase 0] Closing database connection for worker 7148... {"SourceContext": "Infrastructure.Services.DatabaseTestService", "Application": "Crud.Api"}
[04:18:12 INF] [Phase 0] Connection closed in 0.0015ms {"SourceContext": "Infrastructure.Services.DatabaseTestService", "Application": "Crud.Api"}
[04:18:12 INF] [Phase 1] Starting EnsureDeletedAsync for worker 7148... {"SourceContext": "Infrastructure.Services.DatabaseTestService", "Application": "Crud.Api"}
[04:18:12 INF] [Phase 1] EnsureDeletedAsync completed in 0.9939ms {"SourceContext": "Infrastructure.Services.DatabaseTestService", "Application": "Crud.Api"}
[04:18:12 INF] [Phase 2] Starting EnsureCreatedAsync for worker 7148... {"SourceContext": "Infrastructure.Services.DatabaseTestService", "Application": "Crud.Api"}
[04:18:12 INF] [Phase 2] EnsureCreatedAsync completed in 7.5389ms {"SourceContext": "Infrastructure.Services.DatabaseTestService", "Application": "Crud.Api"}
[04:18:12 INF] [Phase 3] Skipping database seeding as requested for worker 7148 {"SourceContext": "Infrastructure.Services.DatabaseTestService", "Application": "Crud.Api"}
[04:18:12 INF] Database reset via file deletion completed for worker 7148 in 108.6365ms (Close: 0.0015ms, Delete: 0.9939ms, Create: 7.5389ms) {"SourceContext": "Infrastructure.Services.DatabaseTestService", "Application": "Crud.Api"}
[04:18:12 INF] Releasing database mutex for worker 7148 {"SourceContext": "Infrastructure.Services.DatabaseTestService", "Application": "Crud.Api"}
[04:18:13 INF] User registered successfully: ac234fd6-c41c-4a8f-943b-dba310c968f7 {"SourceContext": "App.Features.Authentication.RegisterUserCommandHandler", "ActionId": "ec0ce3f1-0b2d-4ad5-8cc0-7ee60dc3a481", "ActionName": "Api.Controllers.AuthController.Register (Api)", "RequestId": "0HNFGT8MUJP6N", "RequestPath": "/api/auth/register", "Application": "Crud.Api"}
Activity.TraceId:            fc48c8c4950eb44c9c3aece5ac63846a
Activity.SpanId:             b550ff77673ee259
Activity.TraceFlags:         Recorded
Activity.ActivitySourceName: Microsoft.AspNetCore
Activity.DisplayName:        POST api/Auth/register
Activity.Kind:               Server
Activity.StartTime:          2025-09-11T04:18:12.7701356Z
Activity.Duration:           00:00:00.3028214
Activity.Tags:
    server.address: localhost
    http.request.method: POST
    url.scheme: http
    url.path: /api/auth/register
    network.protocol.version: 1.1
    http.route: api/Auth/register
    http.response.status_code: 200
Resource associated with Activity:
    deployment.environment: Testing
    service.name: Crud.Api
    service.version: 1.0.0
    service.instance.id: 8958bff5-028e-43b0-8103-5553bc095d18
    telemetry.sdk.name: opentelemetry
    telemetry.sdk.language: dotnet
    telemetry.sdk.version: 1.8.1
[04:18:13 DBG] Cache miss for key: entity:person:00aaa6b4da354f9ab89590bd2da598d1 {"SourceContext": "Infrastructure.Services.Caching.InMemoryCacheService", "ActionId": "c04da2d9-c30b-4698-98ae-875c34ed2bd9", "ActionName": "Api.Controllers.PeopleController.Get (Api)", "RequestId": "0HNFGT8MUJP6O", "RequestPath": "/api/people/00aaa6b4-da35-4f9a-b895-90bd2da598d1", "Application": "Crud.Api"}
[04:18:13 DBG] Set cache value for key: entity:person:00aaa6b4da354f9ab89590bd2da598d1 {"SourceContext": "Infrastructure.Services.Caching.InMemoryCacheService", "ActionId": "c04da2d9-c30b-4698-98ae-875c34ed2bd9", "ActionName": "Api.Controllers.PeopleController.Get (Api)", "RequestId": "0HNFGT8MUJP6O", "RequestPath": "/api/people/00aaa6b4-da35-4f9a-b895-90bd2da598d1", "Application": "Crud.Api"}
Activity.TraceId:            503e656f361a7bd31250b18342fa8a4c
Activity.SpanId:             559dad0e49471558
Activity.TraceFlags:         Recorded
Activity.ActivitySourceName: Microsoft.AspNetCore
Activity.DisplayName:        GET api/People/{id:guid}
Activity.Kind:               Server
Activity.StartTime:          2025-09-11T04:18:13.0734767Z
Activity.Duration:           00:00:00.0036769
Activity.Tags:
    server.address: localhost
    http.request.method: GET
    url.scheme: http
    url.path: /api/people/00aaa6b4-da35-4f9a-b895-90bd2da598d1
    network.protocol.version: 1.1
    http.route: api/People/{id:guid}
    http.response.status_code: 200
Resource associated with Activity:
    deployment.environment: Testing
    service.name: Crud.Api
    service.version: 1.0.0
    service.instance.id: 8958bff5-028e-43b0-8103-5553bc095d18
    telemetry.sdk.name: opentelemetry
    telemetry.sdk.language: dotnet
    telemetry.sdk.version: 1.8.1
[04:18:13 DBG] Cache hit for key: entity:person:00aaa6b4da354f9ab89590bd2da598d1 {"SourceContext": "Infrastructure.Services.Caching.InMemoryCacheService", "ActionId": "c04da2d9-c30b-4698-98ae-875c34ed2bd9", "ActionName": "Api.Controllers.PeopleController.Get (Api)", "RequestId": "0HNFGT8MUJP6P", "RequestPath": "/api/people/00aaa6b4-da35-4f9a-b895-90bd2da598d1", "Application": "Crud.Api"}
[04:18:13 DBG] Returning 304 Not Modified for /api/people/00aaa6b4-da35-4f9a-b895-90bd2da598d1 (ETag match) {"SourceContext": "Api.Filters.ConditionalRequestFilter", "ActionId": "c04da2d9-c30b-4698-98ae-875c34ed2bd9", "ActionName": "Api.Controllers.PeopleController.Get (Api)", "RequestId": "0HNFGT8MUJP6P", "RequestPath": "/api/people/00aaa6b4-da35-4f9a-b895-90bd2da598d1", "Application": "Crud.Api"}
Activity.TraceId:            33e4a33bcba7b543c100183e5f02a94a
Activity.SpanId:             d2cffcc2d26c7d49
Activity.TraceFlags:         Recorded
Activity.ActivitySourceName: Microsoft.AspNetCore
Activity.DisplayName:        GET api/People/{id:guid}
Activity.Kind:               Server
Activity.StartTime:          2025-09-11T04:18:13.0773542Z
Activity.Duration:           00:00:00.0016823
Activity.Tags:
    server.address: localhost
    http.request.method: GET
    url.scheme: http
    url.path: /api/people/00aaa6b4-da35-4f9a-b895-90bd2da598d1
    network.protocol.version: 1.1
    http.route: api/People/{id:guid}
    http.response.status_code: 200
Resource associated with Activity:
    deployment.environment: Testing
    service.name: Crud.Api
    service.version: 1.0.0
    service.instance.id: 8958bff5-028e-43b0-8103-5553bc095d18
    telemetry.sdk.name: opentelemetry
    telemetry.sdk.language: dotnet
    telemetry.sdk.version: 1.8.1
[04:18:13 INF] Resetting database for worker 7148 {"SourceContext": "Infrastructure.Services.DatabaseTestService", "Application": "Crud.Api"}
[04:18:13 INF] Resetting database via file deletion for worker 7148 in CI environment {"SourceContext": "Infrastructure.Services.DatabaseTestService", "Application": "Crud.Api"}
[04:18:13 INF] Acquiring database mutex for worker 7148... {"SourceContext": "Infrastructure.Services.DatabaseTestService", "Application": "Crud.Api"}
[04:18:13 INF] Database mutex acquired for worker 7148 {"SourceContext": "Infrastructure.Services.DatabaseTestService", "Application": "Crud.Api"}
[04:18:13 INF] Current database state - CanConnect: True {"SourceContext": "Infrastructure.Services.DatabaseTestService", "Application": "Crud.Api"}
[04:18:13 INF] [Phase 0] Closing database connection for worker 7148... {"SourceContext": "Infrastructure.Services.DatabaseTestService", "Application": "Crud.Api"}
[04:18:13 INF] [Phase 0] Connection closed in 0.0014ms {"SourceContext": "Infrastructure.Services.DatabaseTestService", "Application": "Crud.Api"}
[04:18:13 INF] [Phase 1] Starting EnsureDeletedAsync for worker 7148... {"SourceContext": "Infrastructure.Services.DatabaseTestService", "Application": "Crud.Api"}
[04:18:13 INF] [Phase 1] EnsureDeletedAsync completed in 1.2896ms {"SourceContext": "Infrastructure.Services.DatabaseTestService", "Application": "Crud.Api"}
[04:18:13 INF] [Phase 2] Starting EnsureCreatedAsync for worker 7148... {"SourceContext": "Infrastructure.Services.DatabaseTestService", "Application": "Crud.Api"}
[04:18:13 INF] [Phase 2] EnsureCreatedAsync completed in 7.7229ms {"SourceContext": "Infrastructure.Services.DatabaseTestService", "Application": "Crud.Api"}
[04:18:13 INF] [Phase 3] Skipping database seeding as requested for worker 7148 {"SourceContext": "Infrastructure.Services.DatabaseTestService", "Application": "Crud.Api"}
[04:18:13 INF] Database reset via file deletion completed for worker 7148 in 109.3249ms (Close: 0.0014ms, Delete: 1.2896ms, Create: 7.7229ms) {"SourceContext": "Infrastructure.Services.DatabaseTestService", "Application": "Crud.Api"}
[04:18:13 INF] Releasing database mutex for worker 7148 {"SourceContext": "Infrastructure.Services.DatabaseTestService", "Application": "Crud.Api"}
[xUnit.net 00:00:23.23]       Expected response2.StatusCode to be HttpStatusCode.NotModified {value: 304} because Server should return 304 when ETag matches, but found HttpStatusCode.OK {value: 200}.
[xUnit.net 00:00:23.23]       Stack Trace:
[xUnit.net 00:00:23.23]            at FluentAssertions.Execution.XUnit2TestFramework.Throw(String message)
[xUnit.net 00:00:23.23]            at FluentAssertions.Execution.TestFrameworkProvider.Throw(String message)
[xUnit.net 00:00:23.23]            at FluentAssertions.Execution.DefaultAssertionStrategy.HandleFailure(String message)
[xUnit.net 00:00:23.23]            at FluentAssertions.Execution.AssertionScope.FailWith(Func`1 failReasonFunc)
[xUnit.net 00:00:23.23]            at FluentAssertions.Primitives.EnumAssertions`2.Be(TEnum expected, String because, Object[] becauseArgs)
[xUnit.net 00:00:23.23]         /home/runner/work/Crud/Crud/test/Tests.Integration.Backend/OutputCaching/ConditionalRequestTests.cs(53,0): at Tests.Integration.Backend.OutputCaching.ConditionalRequestTests.&lt;GetRequest_WithIfNoneMatch_ShouldReturn304_WhenETagMatches&gt;b__1_0()
[xUnit.net 00:00:23.23]         /home/runner/work/Crud/Crud/test/Tests.Integration.Backend/Infrastructure/IntegrationTestBase.cs(48,0): at Tests.Integration.Backend.Infrastructure.IntegrationTestBase.RunWithCleanDatabaseAsync(Func`1 testAction)
[xUnit.net 00:00:23.23]         /home/runner/work/Crud/Crud/test/Tests.Integration.Backend/Infrastructure/IntegrationTestBase.cs(53,0): at Tests.Integration.Backend.Infrastructure.IntegrationTestBase.RunWithCleanDatabaseAsync(Func`1 testAction)
[xUnit.net 00:00:23.23]         /home/runner/work/Crud/Crud/test/Tests.Integration.Backend/OutputCaching/ConditionalRequestTests.cs(28,0): at Tests.Integration.Backend.OutputCaching.ConditionalRequestTests.GetRequest_WithIfNoneMatch_ShouldReturn304_WhenETagMatches()
[xUnit.net 00:00:23.23]         --- End of stack trace from previous location ---
[04:18:13 INF] Resetting database for worker 7148 {"SourceContext": "Infrastructure.Services.DatabaseTestService", "Application": "Crud.Api"}
[04:18:13 INF] Resetting database via file deletion for worker 7148 in CI environment {"SourceContext": "Infrastructure.Services.DatabaseTestService", "Application": "Crud.Api"}
[04:18:13 INF] Acquiring database mutex for worker 7148... {"SourceContext": "Infrastructure.Services.DatabaseTestService", "Application": "Crud.Api"}
[04:18:13 INF] Database mutex acquired for worker 7148 {"SourceContext": "Infrastructure.Services.DatabaseTestService", "Application": "Crud.Api"}
[04:18:13 INF] Current database state - CanConnect: True {"SourceContext": "Infrastructure.Services.DatabaseTestService", "Application": "Crud.Api"}
[04:18:13 INF] [Phase 0] Closing database connection for worker 7148... {"SourceContext": "Infrastructure.Services.DatabaseTestService", "Application": "Crud.Api"}
[04:18:13 INF] [Phase 0] Connection closed in 0.0012ms {"SourceContext": "Infrastructure.Services.DatabaseTestService", "Application": "Crud.Api"}
[04:18:13 INF] [Phase 1] Starting EnsureDeletedAsync for worker 7148... {"SourceContext": "Infrastructure.Services.DatabaseTestService", "Application": "Crud.Api"}
[04:18:13 INF] [Phase 1] EnsureDeletedAsync completed in 1.3563ms {"SourceContext": "Infrastructure.Services.DatabaseTestService", "Application": "Crud.Api"}
[04:18:13 INF] [Phase 2] Starting EnsureCreatedAsync for worker 7148... {"SourceContext": "Infrastructure.Services.DatabaseTestService", "Application": "Crud.Api"}
[04:18:13 INF] [Phase 2] EnsureCreatedAsync completed in 7.3469ms {"SourceContext": "Infrastructure.Services.DatabaseTestService", "Application": "Crud.Api"}
[04:18:13 INF] [Phase 3] Skipping database seeding as requested for worker 7148 {"SourceContext": "Infrastructure.Services.DatabaseTestService", "Application": "Crud.Api"}
[04:18:13 INF] Database reset via file deletion completed for worker 7148 in 109.2023ms (Close: 0.0012ms, Delete: 1.3563ms, Create: 7.3469ms) {"SourceContext": "Infrastructure.Services.DatabaseTestService", "Application": "Crud.Api"}
[04:18:13 INF] Releasing database mutex for worker 7148 {"SourceContext": "Infrastructure.Services.DatabaseTestService", "Application": "Crud.Api"}
[04:18:13 INF] User registered successfully: 90059ac9-e31c-4da8-ad52-20d27b8ba958 {"SourceContext": "App.Features.Authentication.RegisterUserCommandHandler", "ActionId": "ec0ce3f1-0b2d-4ad5-8cc0-7ee60dc3a481", "ActionName": "Api.Controllers.AuthController.Register (Api)", "RequestId": "0HNFGT8MUJP6Q", "RequestPath": "/api/auth/register", "Application": "Crud.Api"}
Activity.TraceId:            d54e81ca24cdb40b14e983487e3b6a42
Activity.SpanId:             f0a19c40b4aa1bd6
Activity.TraceFlags:         Recorded
Activity.ActivitySourceName: Microsoft.AspNetCore
Activity.DisplayName:        POST api/Auth/register
Activity.Kind:               Server
Activity.StartTime:          2025-09-11T04:18:13.3041100Z
Activity.Duration:           00:00:00.2990688
Activity.Tags:
    server.address: localhost
    http.request.method: POST
    url.scheme: http
    url.path: /api/auth/register
    network.protocol.version: 1.1
    http.route: api/Auth/register
    http.response.status_code: 200
Resource associated with Activity:
    deployment.environment: Testing
    service.name: Crud.Api
    service.version: 1.0.0
    service.instance.id: 8958bff5-028e-43b0-8103-5553bc095d18
    telemetry.sdk.name: opentelemetry
    telemetry.sdk.language: dotnet
    telemetry.sdk.version: 1.8.1
[04:18:13 DBG] Cache miss for key: entity:person:230d542cc3044439ae524431558e2487 {"SourceContext": "Infrastructure.Services.Caching.InMemoryCacheService", "ActionId": "c04da2d9-c30b-4698-98ae-875c34ed2bd9", "ActionName": "Api.Controllers.PeopleController.Get (Api)", "RequestId": "0HNFGT8MUJP6R", "RequestPath": "/api/people/230d542c-c304-4439-ae52-4431558e2487", "Application": "Crud.Api"}
[04:18:13 DBG] Set cache value for key: entity:person:230d542cc3044439ae524431558e2487 {"SourceContext": "Infrastructure.Services.Caching.InMemoryCacheService", "ActionId": "c04da2d9-c30b-4698-98ae-875c34ed2bd9", "ActionName": "Api.Controllers.PeopleController.Get (Api)", "RequestId": "0HNFGT8MUJP6R", "RequestPath": "/api/people/230d542c-c304-4439-ae52-4431558e2487", "Application": "Crud.Api"}
Activity.TraceId:            9c05d8ed7f3bb7353fd9d1997ae4a682
Activity.SpanId:             6e5c57628338c511
Activity.TraceFlags:         Recorded
Activity.ActivitySourceName: Microsoft.AspNetCore
Activity.DisplayName:        GET api/People/{id:guid}
Activity.Kind:               Server
Activity.StartTime:          2025-09-11T04:18:13.6037486Z
Activity.Duration:           00:00:00.0012101
Activity.Tags:
    server.address: localhost
    http.request.method: GET
    url.scheme: http
    url.path: /api/people/230d542c-c304-4439-ae52-4431558e2487
    network.protocol.version: 1.1
    http.route: api/People/{id:guid}
    http.response.status_code: 200
Resource associated with Activity:
    deployment.environment: Testing
    service.name: Crud.Api
    service.version: 1.0.0
    service.instance.id: 8958bff5-028e-43b0-8103-5553bc095d18
    telemetry.sdk.name: opentelemetry
    telemetry.sdk.language: dotnet
    telemetry.sdk.version: 1.8.1
[04:18:13 INF] User registered successfully: 83c0714c-ed8e-4c1e-b33d-6a8918f29327 {"SourceContext": "App.Features.Authentication.RegisterUserCommandHandler", "ActionId": "ec0ce3f1-0b2d-4ad5-8cc0-7ee60dc3a481", "ActionName": "Api.Controllers.AuthController.Register (Api)", "RequestId": "0HNFGT8MUJP6S", "RequestPath": "/api/auth/register", "Application": "Crud.Api"}
Activity.TraceId:            50a22634a9091bb35f81996ad1d6e9d3
Activity.SpanId:             b20fb955c8e5b92d
Activity.TraceFlags:         Recorded
Activity.ActivitySourceName: Microsoft.AspNetCore
Activity.DisplayName:        POST api/Auth/register
Activity.Kind:               Server
Activity.StartTime:          2025-09-11T04:18:13.6051968Z
Activity.Duration:           00:00:00.2987344
Activity.Tags:
    server.address: localhost
    http.request.method: POST
    url.scheme: http
    url.path: /api/auth/register
    network.protocol.version: 1.1
    http.route: api/Auth/register
    http.response.status_code: 200
Resource associated with Activity:
    deployment.environment: Testing
    service.name: Crud.Api
    service.version: 1.0.0
    service.instance.id: 8958bff5-028e-43b0-8103-5553bc095d18
    telemetry.sdk.name: opentelemetry
    telemetry.sdk.language: dotnet
    telemetry.sdk.version: 1.8.1
[04:18:14 INF] User logged in successfully: 83c0714c-ed8e-4c1e-b33d-6a8918f29327 {"SourceContext": "App.Features.Authentication.LoginCommandHandler", "ActionId": "55ae4b93-97ed-4ee9-8218-911c55d04f86", "ActionName": "Api.Controllers.AuthController.Login (Api)", "RequestId": "0HNFGT8MUJP6T", "RequestPath": "/api/auth/login", "Application": "Crud.Api"}
Activity.TraceId:            b32a6e63daa795c52e2655164a906c0b
Activity.SpanId:             da4702f529ec8778
Activity.TraceFlags:         Recorded
Activity.ActivitySourceName: Microsoft.AspNetCore
Activity.DisplayName:        POST api/Auth/login
Activity.Kind:               Server
Activity.StartTime:          2025-09-11T04:18:13.9048396Z
Activity.Duration:           00:00:00.3033075
Activity.Tags:
    server.address: localhost
    http.request.method: POST
    url.scheme: http
    url.path: /api/auth/login
    network.protocol.version: 1.1
    http.route: api/Auth/login
    http.response.status_code: 200
Resource associated with Activity:
    deployment.environment: Testing
    service.name: Crud.Api
    service.version: 1.0.0
    service.instance.id: 8958bff5-028e-43b0-8103-5553bc095d18
    telemetry.sdk.name: opentelemetry
    telemetry.sdk.language: dotnet
    telemetry.sdk.version: 1.8.1
[04:18:14 DBG] Cache hit for key: entity:person:230d542cc3044439ae524431558e2487 {"SourceContext": "Infrastructure.Services.Caching.InMemoryCacheService", "ActionId": "9ac0311e-16a5-47d5-a899-965236eb47a6", "ActionName": "Api.Controllers.PeopleController.Update (Api)", "RequestId": "0HNFGT8MUJP6U", "RequestPath": "/api/people/230d542c-c304-4439-ae52-4431558e2487", "Application": "Crud.Api"}
[04:18:14 DBG] Removed cache value for key: entity:person:230d542cc3044439ae524431558e2487 {"SourceContext": "Infrastructure.Services.Caching.InMemoryCacheService", "ActionId": "9ac0311e-16a5-47d5-a899-965236eb47a6", "ActionName": "Api.Controllers.PeopleController.Update (Api)", "RequestId": "0HNFGT8MUJP6U", "RequestPath": "/api/people/230d542c-c304-4439-ae52-4431558e2487", "Application": "Crud.Api"}
[04:18:14 DBG] Removed cache value for key: list:person {"SourceContext": "Infrastructure.Services.Caching.InMemoryCacheService", "ActionId": "9ac0311e-16a5-47d5-a899-965236eb47a6", "ActionName": "Api.Controllers.PeopleController.Update (Api)", "RequestId": "0HNFGT8MUJP6U", "RequestPath": "/api/people/230d542c-c304-4439-ae52-4431558e2487", "Application": "Crud.Api"}
[04:18:14 DBG] Invalidating cache for entity: people/230d542c-c304-4439-ae52-4431558e2487 with tags: people, people:230d542c-c304-4439-ae52-4431558e2487 {"SourceContext": "Api.Services.OutputCacheInvalidationService", "ActionId": "9ac0311e-16a5-47d5-a899-965236eb47a6", "ActionName": "Api.Controllers.PeopleController.Update (Api)", "RequestId": "0HNFGT8MUJP6U", "RequestPath": "/api/people/230d542c-c304-4439-ae52-4431558e2487", "Application": "Crud.Api"}
[04:18:14 DBG] Successfully invalidated cache for tag: people {"SourceContext": "Api.Services.OutputCacheInvalidationService", "ActionId": "9ac0311e-16a5-47d5-a899-965236eb47a6", "ActionName": "Api.Controllers.PeopleController.Update (Api)", "RequestId": "0HNFGT8MUJP6U", "RequestPath": "/api/people/230d542c-c304-4439-ae52-4431558e2487", "Application": "Crud.Api"}
[04:18:14 DBG] Successfully invalidated cache for tag: people:230d542c-c304-4439-ae52-4431558e2487 {"SourceContext": "Api.Services.OutputCacheInvalidationService", "ActionId": "9ac0311e-16a5-47d5-a899-965236eb47a6", "ActionName": "Api.Controllers.PeopleController.Update (Api)", "RequestId": "0HNFGT8MUJP6U", "RequestPath": "/api/people/230d542c-c304-4439-ae52-4431558e2487", "Application": "Crud.Api"}
Activity.TraceId:            25e17495ef752815f6d6bd33476fc83d
Activity.SpanId:             c9e503c6bd768dda
Activity.TraceFlags:         Recorded
Activity.ActivitySourceName: Microsoft.AspNetCore
Activity.DisplayName:        PUT api/People/{id:guid}
Activity.Kind:               Server
Activity.StartTime:          2025-09-11T04:18:14.2102270Z
Activity.Duration:           00:00:00.0110598
Activity.Tags:
    server.address: localhost
    http.request.method: PUT
    url.scheme: http
    url.path: /api/people/230d542c-c304-4439-ae52-4431558e2487
    network.protocol.version: 1.1
    http.route: api/People/{id:guid}
    http.response.status_code: 204
Resource associated with Activity:
    deployment.environment: Testing
    service.name: Crud.Api
    service.version: 1.0.0
    service.instance.id: 8958bff5-028e-43b0-8103-5553bc095d18
    telemetry.sdk.name: opentelemetry
    telemetry.sdk.language: dotnet
    telemetry.sdk.version: 1.8.1
[04:18:14 DBG] Cache miss for key: entity:person:230d542cc3044439ae524431558e2487 {"SourceContext": "Infrastructure.Services.Caching.InMemoryCacheService", "ActionId": "c04da2d9-c30b-4698-98ae-875c34ed2bd9", "ActionName": "Api.Controllers.PeopleController.Get (Api)", "RequestId": "0HNFGT8MUJP6V", "RequestPath": "/api/people/230d542c-c304-4439-ae52-4431558e2487", "Application": "Crud.Api"}
[04:18:14 DBG] Set cache value for key: entity:person:230d542cc3044439ae524431558e2487 {"SourceContext": "Infrastructure.Services.Caching.InMemoryCacheService", "ActionId": "c04da2d9-c30b-4698-98ae-875c34ed2bd9", "ActionName": "Api.Controllers.PeopleController.Get (Api)", "RequestId": "0HNFGT8MUJP6V", "RequestPath": "/api/people/230d542c-c304-4439-ae52-4431558e2487", "Application": "Crud.Api"}
Activity.TraceId:            bc00a885df00426d713c862fbe97829b
Activity.SpanId:             0d1dd0e3d083515a
Activity.TraceFlags:         Recorded
Activity.ActivitySourceName: Microsoft.AspNetCore
Activity.DisplayName:        GET api/People/{id:guid}
Activity.Kind:               Server
Activity.StartTime:          2025-09-11T04:18:14.2213939Z
Activity.Duration:           00:00:00.0012722
Activity.Tags:
    server.address: localhost
    http.request.method: GET
    url.scheme: http
    url.path: /api/people/230d542c-c304-4439-ae52-4431558e2487
    network.protocol.version: 1.1
    http.route: api/People/{id:guid}
    http.response.status_code: 200
Resource associated with Activity:
    deployment.environment: Testing
    service.name: Crud.Api
    service.version: 1.0.0
    service.instance.id: 8958bff5-028e-43b0-8103-5553bc095d18
    telemetry.sdk.name: opentelemetry
    telemetry.sdk.language: dotnet
    telemetry.sdk.version: 1.8.1
[04:18:14 INF] Resetting database for worker 7148 {"SourceContext": "Infrastructure.Services.DatabaseTestService", "Application": "Crud.Api"}
[04:18:14 INF] Resetting database via file deletion for worker 7148 in CI environment {"SourceContext": "Infrastructure.Services.DatabaseTestService", "Application": "Crud.Api"}
[04:18:14 INF] Acquiring database mutex for worker 7148... {"SourceContext": "Infrastructure.Services.DatabaseTestService", "Application": "Crud.Api"}
[04:18:14 INF] Database mutex acquired for worker 7148 {"SourceContext": "Infrastructure.Services.DatabaseTestService", "Application": "Crud.Api"}
[04:18:14 INF] Current database state - CanConnect: True {"SourceContext": "Infrastructure.Services.DatabaseTestService", "Application": "Crud.Api"}
[04:18:14 INF] [Phase 0] Closing database connection for worker 7148... {"SourceContext": "Infrastructure.Services.DatabaseTestService", "Application": "Crud.Api"}
[04:18:14 INF] [Phase 0] Connection closed in 0.002ms {"SourceContext": "Infrastructure.Services.DatabaseTestService", "Application": "Crud.Api"}
[04:18:14 INF] [Phase 1] Starting EnsureDeletedAsync for worker 7148... {"SourceContext": "Infrastructure.Services.DatabaseTestService", "Application": "Crud.Api"}
[04:18:14 INF] [Phase 1] EnsureDeletedAsync completed in 1.2876ms {"SourceContext": "Infrastructure.Services.DatabaseTestService", "Application": "Crud.Api"}
[04:18:14 INF] [Phase 2] Starting EnsureCreatedAsync for worker 7148... {"SourceContext": "Infrastructure.Services.DatabaseTestService", "Application": "Crud.Api"}
[04:18:14 INF] [Phase 2] EnsureCreatedAsync completed in 20.6828ms {"SourceContext": "Infrastructure.Services.DatabaseTestService", "Application": "Crud.Api"}
[04:18:14 INF] [Phase 3] Skipping database seeding as requested for worker 7148 {"SourceContext": "Infrastructure.Services.DatabaseTestService", "Application": "Crud.Api"}
[04:18:14 INF] Database reset via file deletion completed for worker 7148 in 122.5523ms (Close: 0.002ms, Delete: 1.2876ms, Create: 20.6828ms) {"SourceContext": "Infrastructure.Services.DatabaseTestService", "Application": "Crud.Api"}
[04:18:14 INF] Releasing database mutex for worker 7148 {"SourceContext": "Infrastructure.Services.DatabaseTestService", "Application": "Crud.Api"}
[04:18:14 INF] Resetting database for worker 7148 {"SourceContext": "Infrastructure.Services.DatabaseTestService", "Application": "Crud.Api"}
[04:18:14 INF] Resetting database via file deletion for worker 7148 in CI environment {"SourceContext": "Infrastructure.Services.DatabaseTestService", "Application": "Crud.Api"}
[04:18:14 INF] Acquiring database mutex for worker 7148... {"SourceContext": "Infrastructure.Services.DatabaseTestService", "Application": "Crud.Api"}
[04:18:14 INF] Database mutex acquired for worker 7148 {"SourceContext": "Infrastructure.Services.DatabaseTestService", "Application": "Crud.Api"}
[04:18:14 INF] Current database state - CanConnect: True {"SourceContext": "Infrastructure.Services.DatabaseTestService", "Application": "Crud.Api"}
[04:18:14 INF] [Phase 0] Closing database connection for worker 7148... {"SourceContext": "Infrastructure.Services.DatabaseTestService", "Application": "Crud.Api"}
[04:18:14 INF] [Phase 0] Connection closed in 0.0011ms {"SourceContext": "Infrastructure.Services.DatabaseTestService", "Application": "Crud.Api"}
[04:18:14 INF] [Phase 1] Starting EnsureDeletedAsync for worker 7148... {"SourceContext": "Infrastructure.Services.DatabaseTestService", "Application": "Crud.Api"}
[04:18:14 INF] [Phase 1] EnsureDeletedAsync completed in 1.1498ms {"SourceContext": "Infrastructure.Services.DatabaseTestService", "Application": "Crud.Api"}
[04:18:14 INF] [Phase 2] Starting EnsureCreatedAsync for worker 7148... {"SourceContext": "Infrastructure.Services.DatabaseTestService", "Application": "Crud.Api"}
[04:18:14 INF] [Phase 2] EnsureCreatedAsync completed in 6.91ms {"SourceContext": "Infrastructure.Services.DatabaseTestService", "Application": "Crud.Api"}
[04:18:14 INF] [Phase 3] Skipping database seeding as requested for worker 7148 {"SourceContext": "Infrastructure.Services.DatabaseTestService", "Application": "Crud.Api"}
[04:18:14 INF] Database reset via file deletion completed for worker 7148 in 108.6597ms (Close: 0.0011ms, Delete: 1.1498ms, Create: 6.91ms) {"SourceContext": "Infrastructure.Services.DatabaseTestService", "Application": "Crud.Api"}
[04:18:14 INF] Releasing database mutex for worker 7148 {"SourceContext": "Infrastructure.Services.DatabaseTestService", "Application": "Crud.Api"}
[04:18:14 INF] User registered successfully: 7aac0119-ef4d-433b-8fcc-ed7afde65148 {"SourceContext": "App.Features.Authentication.RegisterUserCommandHandler", "ActionId": "ec0ce3f1-0b2d-4ad5-8cc0-7ee60dc3a481", "ActionName": "Api.Controllers.AuthController.Register (Api)", "RequestId": "0HNFGT8MUJP70", "RequestPath": "/api/auth/register", "Application": "Crud.Api"}
Activity.TraceId:            3a3ac5df3f59095fe3bfd7f42e0a2a98
Activity.SpanId:             51edad74b305d902
Activity.TraceFlags:         Recorded
Activity.ActivitySourceName: Microsoft.AspNetCore
Activity.DisplayName:        POST api/Auth/register
Activity.Kind:               Server
Activity.StartTime:          2025-09-11T04:18:14.4589017Z
Activity.Duration:           00:00:00.2987819
Activity.Tags:
    server.address: localhost
    http.request.method: POST
    url.scheme: http
    url.path: /api/auth/register
    network.protocol.version: 1.1
    http.route: api/Auth/register
    http.response.status_code: 200
Resource associated with Activity:
    deployment.environment: Testing
    service.name: Crud.Api
    service.version: 1.0.0
    service.instance.id: 8958bff5-028e-43b0-8103-5553bc095d18
    telemetry.sdk.name: opentelemetry
    telemetry.sdk.language: dotnet
    telemetry.sdk.version: 1.8.1
[04:18:14 DBG] Cache miss for key: list:role {"SourceContext": "Infrastructure.Services.Caching.InMemoryCacheService", "ActionId": "db08dce0-d7bf-4cbe-bd52-9e3e6a4ac840", "ActionName": "Api.Controllers.RolesController.List (Api)", "RequestId": "0HNFGT8MUJP71", "RequestPath": "/api/roles", "Application": "Crud.Api"}
[04:18:14 DBG] Set cache value for key: list:role {"SourceContext": "Infrastructure.Services.Caching.InMemoryCacheService", "ActionId": "db08dce0-d7bf-4cbe-bd52-9e3e6a4ac840", "ActionName": "Api.Controllers.RolesController.List (Api)", "RequestId": "0HNFGT8MUJP71", "RequestPath": "/api/roles", "Application": "Crud.Api"}
Activity.TraceId:            1182677a32e9980e235b82cd74c89422
Activity.SpanId:             bbecf784a034df13
Activity.TraceFlags:         Recorded
Activity.ActivitySourceName: Microsoft.AspNetCore
Activity.DisplayName:        GET api/Roles
Activity.Kind:               Server
Activity.StartTime:          2025-09-11T04:18:14.7584757Z
Activity.Duration:           00:00:00.0146319
Activity.Tags:
    server.address: localhost
    http.request.method: GET
    url.scheme: http
    url.path: /api/roles
    network.protocol.version: 1.1
    http.route: api/Roles
    http.response.status_code: 200
Resource associated with Activity:
    deployment.environment: Testing
    service.name: Crud.Api
    service.version: 1.0.0
    service.instance.id: 8958bff5-028e-43b0-8103-5553bc095d18
    telemetry.sdk.name: opentelemetry
    telemetry.sdk.language: dotnet
    telemetry.sdk.version: 1.8.1
[04:18:15 INF] User registered successfully: f62a5699-9a28-4228-8508-53d5772203dd {"SourceContext": "App.Features.Authentication.RegisterUserCommandHandler", "ActionId": "ec0ce3f1-0b2d-4ad5-8cc0-7ee60dc3a481", "ActionName": "Api.Controllers.AuthController.Register (Api)", "RequestId": "0HNFGT8MUJP72", "RequestPath": "/api/auth/register", "Application": "Crud.Api"}
Activity.TraceId:            7660881abd5a24428c35f80b7cd3ee0f
Activity.SpanId:             70fb7bfe883c2129
Activity.TraceFlags:         Recorded
Activity.ActivitySourceName: Microsoft.AspNetCore
Activity.DisplayName:        POST api/Auth/register
Activity.Kind:               Server
Activity.StartTime:          2025-09-11T04:18:14.7732485Z
Activity.Duration:           00:00:00.3038724
Activity.Tags:
    server.address: localhost
    http.request.method: POST
    url.scheme: http
    url.path: /api/auth/register
    network.protocol.version: 1.1
    http.route: api/Auth/register
    http.response.status_code: 200
Resource associated with Activity:
    deployment.environment: Testing
    service.name: Crud.Api
    service.version: 1.0.0
    service.instance.id: 8958bff5-028e-43b0-8103-5553bc095d18
    telemetry.sdk.name: opentelemetry
    telemetry.sdk.language: dotnet
    telemetry.sdk.version: 1.8.1
[04:18:15 INF] User logged in successfully: f62a5699-9a28-4228-8508-53d5772203dd {"SourceContext": "App.Features.Authentication.LoginCommandHandler", "ActionId": "55ae4b93-97ed-4ee9-8218-911c55d04f86", "ActionName": "Api.Controllers.AuthController.Login (Api)", "RequestId": "0HNFGT8MUJP73", "RequestPath": "/api/auth/login", "Application": "Crud.Api"}
Activity.TraceId:            3e82e956897f9ffcaaafe61e5e8584ff
Activity.SpanId:             8c4e99123e20a246
Activity.TraceFlags:         Recorded
Activity.ActivitySourceName: Microsoft.AspNetCore
Activity.DisplayName:        POST api/Auth/login
Activity.Kind:               Server
Activity.StartTime:          2025-09-11T04:18:15.0780828Z
Activity.Duration:           00:00:00.2981531
Activity.Tags:
    server.address: localhost
    http.request.method: POST
    url.scheme: http
    url.path: /api/auth/login
    network.protocol.version: 1.1
    http.route: api/Auth/login
    http.response.status_code: 200
Resource associated with Activity:
    deployment.environment: Testing
    service.name: Crud.Api
    service.version: 1.0.0
    service.instance.id: 8958bff5-028e-43b0-8103-5553bc095d18
    telemetry.sdk.name: opentelemetry
    telemetry.sdk.language: dotnet
    telemetry.sdk.version: 1.8.1
[04:18:15 DBG] Cache miss for key: entity:role:9f757e01c41d4af9ba7193315fc0c1b3 {"SourceContext": "Infrastructure.Services.Caching.InMemoryCacheService", "ActionId": "6b0af1fe-64c8-46cc-9a5f-37ac8570c627", "ActionName": "Api.Controllers.RolesController.Update (Api)", "RequestId": "0HNFGT8MUJP74", "RequestPath": "/api/roles/9f757e01-c41d-4af9-ba71-93315fc0c1b3", "Application": "Crud.Api"}
[04:18:15 DBG] Set cache value for key: entity:role:9f757e01c41d4af9ba7193315fc0c1b3 {"SourceContext": "Infrastructure.Services.Caching.InMemoryCacheService", "ActionId": "6b0af1fe-64c8-46cc-9a5f-37ac8570c627", "ActionName": "Api.Controllers.RolesController.Update (Api)", "RequestId": "0HNFGT8MUJP74", "RequestPath": "/api/roles/9f757e01-c41d-4af9-ba71-93315fc0c1b3", "Application": "Crud.Api"}
[04:18:15 DBG] Removed cache value for key: entity:role:9f757e01c41d4af9ba7193315fc0c1b3 {"SourceContext": "Infrastructure.Services.Caching.InMemoryCacheService", "ActionId": "6b0af1fe-64c8-46cc-9a5f-37ac8570c627", "ActionName": "Api.Controllers.RolesController.Update (Api)", "RequestId": "0HNFGT8MUJP74", "RequestPath": "/api/roles/9f757e01-c41d-4af9-ba71-93315fc0c1b3", "Application": "Crud.Api"}
[04:18:15 DBG] Removed cache value for key: list:role {"SourceContext": "Infrastructure.Services.Caching.InMemoryCacheService", "ActionId": "6b0af1fe-64c8-46cc-9a5f-37ac8570c627", "ActionName": "Api.Controllers.RolesController.Update (Api)", "RequestId": "0HNFGT8MUJP74", "RequestPath": "/api/roles/9f757e01-c41d-4af9-ba71-93315fc0c1b3", "Application": "Crud.Api"}
[04:18:15 DBG] Invalidating cache for entity: roles/9f757e01-c41d-4af9-ba71-93315fc0c1b3 with tags: roles, roles:9f757e01-c41d-4af9-ba71-93315fc0c1b3 {"SourceContext": "Api.Services.OutputCacheInvalidationService", "ActionId": "6b0af1fe-64c8-46cc-9a5f-37ac8570c627", "ActionName": "Api.Controllers.RolesController.Update (Api)", "RequestId": "0HNFGT8MUJP74", "RequestPath": "/api/roles/9f757e01-c41d-4af9-ba71-93315fc0c1b3", "Application": "Crud.Api"}
[04:18:15 DBG] Successfully invalidated cache for tag: roles {"SourceContext": "Api.Services.OutputCacheInvalidationService", "ActionId": "6b0af1fe-64c8-46cc-9a5f-37ac8570c627", "ActionName": "Api.Controllers.RolesController.Update (Api)", "RequestId": "0HNFGT8MUJP74", "RequestPath": "/api/roles/9f757e01-c41d-4af9-ba71-93315fc0c1b3", "Application": "Crud.Api"}
[04:18:15 DBG] Successfully invalidated cache for tag: roles:9f757e01-c41d-4af9-ba71-93315fc0c1b3 {"SourceContext": "Api.Services.OutputCacheInvalidationService", "ActionId": "6b0af1fe-64c8-46cc-9a5f-37ac8570c627", "ActionName": "Api.Controllers.RolesController.Update (Api)", "RequestId": "0HNFGT8MUJP74", "RequestPath": "/api/roles/9f757e01-c41d-4af9-ba71-93315fc0c1b3", "Application": "Crud.Api"}
Activity.TraceId:            5c218ff688e67db071d4da03783fb802
Activity.SpanId:             c72bc76c48499144
Activity.TraceFlags:         Recorded
Activity.ActivitySourceName: Microsoft.AspNetCore
Activity.DisplayName:        PUT api/Roles/{id:guid}
Activity.Kind:               Server
Activity.StartTime:          2025-09-11T04:18:15.3772134Z
Activity.Duration:           00:00:00.0174085
Activity.Tags:
    server.address: localhost
    http.request.method: PUT
    url.scheme: http
    url.path: /api/roles/9f757e01-c41d-4af9-ba71-93315fc0c1b3
    network.protocol.version: 1.1
    http.route: api/Roles/{id:guid}
    http.response.status_code: 204
Resource associated with Activity:
    deployment.environment: Testing
    service.name: Crud.Api
    service.version: 1.0.0
    service.instance.id: 8958bff5-028e-43b0-8103-5553bc095d18
    telemetry.sdk.name: opentelemetry
    telemetry.sdk.language: dotnet
    telemetry.sdk.version: 1.8.1
[04:18:15 DBG] Cache miss for key: list:role {"SourceContext": "Infrastructure.Services.Caching.InMemoryCacheService", "ActionId": "db08dce0-d7bf-4cbe-bd52-9e3e6a4ac840", "ActionName": "Api.Controllers.RolesController.List (Api)", "RequestId": "0HNFGT8MUJP75", "RequestPath": "/api/roles", "Application": "Crud.Api"}
[04:18:15 DBG] Set cache value for key: list:role {"SourceContext": "Infrastructure.Services.Caching.InMemoryCacheService", "ActionId": "db08dce0-d7bf-4cbe-bd52-9e3e6a4ac840", "ActionName": "Api.Controllers.RolesController.List (Api)", "RequestId": "0HNFGT8MUJP75", "RequestPath": "/api/roles", "Application": "Crud.Api"}
Activity.TraceId:            fb3b6f54e7410fe537b00ec941cc4429
Activity.SpanId:             fcfa885ecd678a0a
Activity.TraceFlags:         Recorded
Activity.ActivitySourceName: Microsoft.AspNetCore
Activity.DisplayName:        GET api/Roles
Activity.Kind:               Server
Activity.StartTime:          2025-09-11T04:18:15.3946794Z
Activity.Duration:           00:00:00.0014028
Activity.Tags:
    server.address: localhost
    http.request.method: GET
    url.scheme: http
    url.path: /api/roles
    network.protocol.version: 1.1
    http.route: api/Roles
    http.response.status_code: 200
Resource associated with Activity:
    deployment.environment: Testing
    service.name: Crud.Api
    service.version: 1.0.0
    service.instance.id: 8958bff5-028e-43b0-8103-5553bc095d18
    telemetry.sdk.name: opentelemetry
    telemetry.sdk.language: dotnet
    telemetry.sdk.version: 1.8.1
[04:18:15 INF] Resetting database for worker 7148 {"SourceContext": "Infrastructure.Services.DatabaseTestService", "Application": "Crud.Api"}
[04:18:15 INF] Resetting database via file deletion for worker 7148 in CI environment {"SourceContext": "Infrastructure.Services.DatabaseTestService", "Application": "Crud.Api"}
[04:18:15 INF] Acquiring database mutex for worker 7148... {"SourceContext": "Infrastructure.Services.DatabaseTestService", "Application": "Crud.Api"}
[04:18:15 INF] Database mutex acquired for worker 7148 {"SourceContext": "Infrastructure.Services.DatabaseTestService", "Application": "Crud.Api"}
[04:18:15 INF] Current database state - CanConnect: True {"SourceContext": "Infrastructure.Services.DatabaseTestService", "Application": "Crud.Api"}
[04:18:15 INF] [Phase 0] Closing database connection for worker 7148... {"SourceContext": "Infrastructure.Services.DatabaseTestService", "Application": "Crud.Api"}
[04:18:15 INF] [Phase 0] Connection closed in 0.0046ms {"SourceContext": "Infrastructure.Services.DatabaseTestService", "Application": "Crud.Api"}
[04:18:15 INF] [Phase 1] Starting EnsureDeletedAsync for worker 7148... {"SourceContext": "Infrastructure.Services.DatabaseTestService", "Application": "Crud.Api"}
[04:18:15 INF] [Phase 1] EnsureDeletedAsync completed in 1.171ms {"SourceContext": "Infrastructure.Services.DatabaseTestService", "Application": "Crud.Api"}
[04:18:15 INF] [Phase 2] Starting EnsureCreatedAsync for worker 7148... {"SourceContext": "Infrastructure.Services.DatabaseTestService", "Application": "Crud.Api"}
[04:18:15 INF] [Phase 2] EnsureCreatedAsync completed in 7.701ms {"SourceContext": "Infrastructure.Services.DatabaseTestService", "Application": "Crud.Api"}
[04:18:15 INF] [Phase 3] Skipping database seeding as requested for worker 7148 {"SourceContext": "Infrastructure.Services.DatabaseTestService", "Application": "Crud.Api"}
[04:18:15 INF] Database reset via file deletion completed for worker 7148 in 109.7013ms (Close: 0.0046ms, Delete: 1.171ms, Create: 7.701ms) {"SourceContext": "Infrastructure.Services.DatabaseTestService", "Application": "Crud.Api"}
[04:18:15 INF] Releasing database mutex for worker 7148 {"SourceContext": "Infrastructure.Services.DatabaseTestService", "Application": "Crud.Api"}
Resource associated with Metric:
    deployment.environment: Testing
    service.name: Crud.Api
    service.version: 1.0.0
    service.instance.id: 8958bff5-028e-43b0-8103-5553bc095d18
    telemetry.sdk.name: opentelemetry
    telemetry.sdk.language: dotnet
    telemetry.sdk.version: 1.8.1
Metric Name: http.server.active_requests, Number of active HTTP server requests., Unit: {request}, Meter: Microsoft.AspNetCore.Hosting
(2025-09-11T04:18:11.4834991Z, 2025-09-11T04:18:15.5074427Z] http.request.method: POST url.scheme: http LongSumNonMonotonic
Value: 0
(2025-09-11T04:18:11.4834991Z, 2025-09-11T04:18:15.5074427Z] http.request.method: GET url.scheme: http LongSumNonMonotonic
Value: 0
(2025-09-11T04:18:11.4834991Z, 2025-09-11T04:18:15.5074427Z] http.request.method: PUT url.scheme: http LongSumNonMonotonic
Value: 0
Metric Name: http.server.request.duration, Duration of HTTP server requests., Unit: s, Meter: Microsoft.AspNetCore.Hosting
(2025-09-11T04:18:11.4835732Z, 2025-09-11T04:18:15.5074495Z] http.request.method: POST http.response.status_code: 200 http.route: api/Auth/register network.protocol.version: 1.1 url.scheme: http Histogram
Value: Sum: 2.1122929 Count: 7 Min: 0.2987315 Max: 0.3089356 
(-Infinity,0.005]:0
(0.005,0.01]:0
(0.01,0.025]:0
(0.025,0.05]:0
(0.05,0.075]:0
(0.075,0.1]:0
(0.1,0.25]:0
(0.25,0.5]:7
(0.5,0.75]:0
(0.75,1]:0
(1,2.5]:0
(2.5,5]:0
(5,7.5]:0
(7.5,10]:0
(10,+Infinity]:0
(2025-09-11T04:18:11.4835732Z, 2025-09-11T04:18:15.5074495Z] http.request.method: GET http.response.status_code: 200 http.route: api/People/{id:guid} network.protocol.version: 1.1 url.scheme: http Histogram
Value: Sum: 0.0287074 Count: 6 Min: 0.0012097 Max: 0.0175589 
(-Infinity,0.005]:5
(0.005,0.01]:0
(0.01,0.025]:1
(0.025,0.05]:0
(0.05,0.075]:0
(0.075,0.1]:0
(0.1,0.25]:0
(0.25,0.5]:0
(0.5,0.75]:0
(0.75,1]:0
(1,2.5]:0
(2.5,5]:0
(5,7.5]:0
(7.5,10]:0
(10,+Infinity]:0
(2025-09-11T04:18:11.4835732Z, 2025-09-11T04:18:15.5074495Z] http.request.method: GET http.response.status_code: 200 http.route: api/Walls network.protocol.version: 1.1 url.scheme: http Histogram
Value: Sum: 0.0099806 Count: 1 Min: 0.0099806 Max: 0.0099806 
(-Infinity,0.005]:0
(0.005,0.01]:1
(0.01,0.025]:0
(0.025,0.05]:0
(0.05,0.075]:0
(0.075,0.1]:0
(0.1,0.25]:0
(0.25,0.5]:0
(0.5,0.75]:0
(0.75,1]:0
(1,2.5]:0
(2.5,5]:0
(5,7.5]:0
(7.5,10]:0
(10,+Infinity]:0
(2025-09-11T04:18:11.4835732Z, 2025-09-11T04:18:15.5074495Z] http.request.method: POST http.response.status_code: 200 http.route: api/Auth/login network.protocol.version: 1.1 url.scheme: http Histogram
Value: Sum: 0.6014378 Count: 2 Min: 0.2981502 Max: 0.3032876 
(-Infinity,0.005]:0
(0.005,0.01]:0
(0.01,0.025]:0
(0.025,0.05]:0
(0.05,0.075]:0
(0.075,0.1]:0
(0.1,0.25]:0
(0.25,0.5]:2
(0.5,0.75]:0
(0.75,1]:0
(1,2.5]:0
(2.5,5]:0
(5,7.5]:0
(7.5,10]:0
(10,+Infinity]:0
(2025-09-11T04:18:11.4835732Z, 2025-09-11T04:18:15.5074495Z] http.request.method: PUT http.response.status_code: 204 http.route: api/People/{id:guid} network.protocol.version: 1.1 url.scheme: http Histogram
Value: Sum: 0.0110552 Count: 1 Min: 0.0110552 Max: 0.0110552 
(-Infinity,0.005]:0
(0.005,0.01]:0
(0.01,0.025]:1
(0.025,0.05]:0
(0.05,0.075]:0
(0.075,0.1]:0
(0.1,0.25]:0
(0.25,0.5]:0
(0.5,0.75]:0
(0.75,1]:0
(1,2.5]:0
(2.5,5]:0
(5,7.5]:0
(7.5,10]:0
(10,+Infinity]:0
(2025-09-11T04:18:11.4835732Z, 2025-09-11T04:18:15.5074495Z] http.request.method: GET http.response.status_code: 200 http.route: api/Roles network.protocol.version: 1.1 url.scheme: http Histogram
Value: Sum: 0.016026 Count: 2 Min: 0.0014005 Max: 0.0146255 
(-Infinity,0.005]:1
(0.005,0.01]:0
(0.01,0.025]:1
(0.025,0.05]:0
(0.05,0.075]:0
(0.075,0.1]:0
(0.1,0.25]:0
(0.25,0.5]:0
(0.5,0.75]:0
(0.75,1]:0
(1,2.5]:0
(2.5,5]:0
(5,7.5]:0
(7.5,10]:0
(10,+Infinity]:0
(2025-09-11T04:18:11.4835732Z, 2025-09-11T04:18:15.5074495Z] http.request.method: PUT http.response.status_code: 204 http.route: api/Roles/{id:guid} network.protocol.version: 1.1 url.scheme: http Histogram
Value: Sum: 0.0174004 Count: 1 Min: 0.0174004 Max: 0.0174004 
(-Infinity,0.005]:0
(0.005,0.01]:0
(0.01,0.025]:1
(0.025,0.05]:0
(0.05,0.075]:0
(0.075,0.1]:0
(0.1,0.25]:0
(0.25,0.5]:0
(0.5,0.75]:0
(0.75,1]:0
(1,2.5]:0
(2.5,5]:0
(5,7.5]:0
(7.5,10]:0
(10,+Infinity]:0
Metric Name: aspnetcore.rate_limiting.active_request_leases, Number of HTTP requests that are currently active on the server that hold a rate limiting lease., Unit: {request}, Meter: Microsoft.AspNetCore.RateLimiting
(2025-09-11T04:18:11.4871951Z, 2025-09-11T04:18:15.5074500Z] LongSumNonMonotonic
Value: 0
Metric Name: aspnetcore.rate_limiting.request_lease.duration, The duration of rate limiting leases held by HTTP requests on the server., Unit: s, Meter: Microsoft.AspNetCore.RateLimiting
(2025-09-11T04:18:11.4872666Z, 2025-09-11T04:18:15.5074505Z] Histogram
Value: Sum: 2.7911579000000004 Count: 20 Min: 0.0011287 Max: 0.3073684 
(-Infinity,0.005]:6
(0.005,0.01]:1
(0.01,0.025]:4
(0.025,0.05]:0
(0.05,0.075]:0
(0.075,0.1]:0
(0.1,0.25]:0
(0.25,0.5]:9
(0.5,0.75]:0
(0.75,1]:0
(1,2.5]:0
(2.5,5]:0
(5,7.5]:0
(7.5,10]:0
(10,+Infinity]:0
Metric Name: aspnetcore.rate_limiting.requests, Number of requests that tried to acquire a rate limiting lease. Requests could be rejected by global or endpoint rate limiting policies. Or the request could be canceled while waiting for the lease., Unit: {request}, Meter: Microsoft.AspNetCore.RateLimiting
(2025-09-11T04:18:11.4873877Z, 2025-09-11T04:18:15.5074544Z] aspnetcore.rate_limiting.result: acquired LongSum
Value: 20
Metric Name: aspnetcore.routing.match_attempts, Number of requests that were attempted to be matched to an endpoint., Unit: {match_attempt}, Meter: Microsoft.AspNetCore.Routing
(2025-09-11T04:18:11.4886028Z, 2025-09-11T04:18:15.5074552Z] aspnetcore.routing.is_fallback: false aspnetcore.routing.match_status: success http.route: api/Auth/register LongSum
Value: 7
(2025-09-11T04:18:11.4886028Z, 2025-09-11T04:18:15.5074552Z] aspnetcore.routing.is_fallback: false aspnetcore.routing.match_status: success http.route: api/People/{id:guid} LongSum
Value: 7
(2025-09-11T04:18:11.4886028Z, 2025-09-11T04:18:15.5074552Z] aspnetcore.routing.is_fallback: false aspnetcore.routing.match_status: success http.route: api/Walls LongSum
Value: 1
(2025-09-11T04:18:11.4886028Z, 2025-09-11T04:18:15.5074552Z] aspnetcore.routing.is_fallback: false aspnetcore.routing.match_status: success http.route: api/Auth/login LongSum
Value: 2
(2025-09-11T04:18:11.4886028Z, 2025-09-11T04:18:15.5074552Z] aspnetcore.routing.is_fallback: false aspnetcore.routing.match_status: success http.route: api/Roles LongSum
Value: 2
(2025-09-11T04:18:11.4886028Z, 2025-09-11T04:18:15.5074552Z] aspnetcore.routing.is_fallback: false aspnetcore.routing.match_status: success http.route: api/Roles/{id:guid} LongSum
Value: 1
[04:18:15 INF] Starting Crud API application {"Application": "Crud.Api"}
[04:18:15 INF] Using SQLite provider with connection: Data Source=TestDatabase.db {"Application": "Crud.Api"}
[04:18:15 INF] Database ensured successfully {"Application": "Crud.Api"}
[04:18:15 INF] Application configured successfully. Starting web host... {"Application": "Crud.Api"}
[04:18:15 WRN] Failed to determine the https port for redirect. {"EventId": {"Id": 3, "Name": "FailedToDeterminePort"}, "SourceContext": "Microsoft.AspNetCore.HttpsPolicy.HttpsRedirectionMiddleware", "RequestId": "0HNFGT8MUJP76", "RequestPath": "/api/auth/register", "Application": "Crud.Api"}
[04:18:15 INF] User registered successfully: 3c44f658-2e0a-4b4a-933b-6343b365d63f {"SourceContext": "App.Features.Authentication.RegisterUserCommandHandler", "ActionId": "c77fad34-4693-485a-ad04-0b866bcd4472", "ActionName": "Api.Controllers.AuthController.Register (Api)", "RequestId": "0HNFGT8MUJP76", "RequestPath": "/api/auth/register", "Application": "Crud.Api"}
Activity.TraceId:            08f95dcd28d322607b83623cdeb72ac8
Activity.SpanId:             5488e321216e9b8a
Activity.TraceFlags:         Recorded
Activity.ActivitySourceName: Microsoft.AspNetCore
Activity.DisplayName:        POST api/Auth/register
Activity.Kind:               Server
Activity.StartTime:          2025-09-11T04:18:15.5428767Z
Activity.Duration:           00:00:00.3866410
Activity.Tags:
    server.address: localhost
    http.request.method: POST
    url.scheme: http
    url.path: /api/auth/register
    network.protocol.version: 1.1
    http.route: api/Auth/register
    http.response.status_code: 200
Resource associated with Activity:
    deployment.environment: Testing
    service.name: Crud.Api
    service.version: 1.0.0
    service.instance.id: 8958bff5-028e-43b0-8103-5553bc095d18
    telemetry.sdk.name: opentelemetry
    telemetry.sdk.language: dotnet
    telemetry.sdk.version: 1.8.1
Activity.TraceId:            cf4a0844507b35658618f9d4602f6455
Activity.SpanId:             d012e64900124f6e
Activity.TraceFlags:         Recorded
Activity.ActivitySourceName: Microsoft.AspNetCore
Activity.DisplayName:        GET api/Auth/me
Activity.Kind:               Server
Activity.StartTime:          2025-09-11T04:18:15.9312172Z
Activity.Duration:           00:00:00.0044759
Activity.Tags:
    server.address: localhost
    http.request.method: GET
    url.scheme: http
    url.path: /api/auth/me
    network.protocol.version: 1.1
    http.route: api/Auth/me
    http.response.status_code: 200
Resource associated with Activity:
    deployment.environment: Testing
    service.name: Crud.Api
    service.version: 1.0.0
    service.instance.id: 8958bff5-028e-43b0-8103-5553bc095d18
    telemetry.sdk.name: opentelemetry
    telemetry.sdk.language: dotnet
    telemetry.sdk.version: 1.8.1
[04:18:16 INF] User registered successfully: 95f2a876-477b-4d20-8e9e-c6d5f159d103 {"SourceContext": "App.Features.Authentication.RegisterUserCommandHandler", "ActionId": "c77fad34-4693-485a-ad04-0b866bcd4472", "ActionName": "Api.Controllers.AuthController.Register (Api)", "RequestId": "0HNFGT8MUJP78", "RequestPath": "/api/auth/register", "Application": "Crud.Api"}
Activity.TraceId:            ea5c60288212168db32527b2dfcc1581
Activity.SpanId:             5e8bf6f3d559ff48
Activity.TraceFlags:         Recorded
Activity.ActivitySourceName: Microsoft.AspNetCore
Activity.DisplayName:        POST api/Auth/register
Activity.Kind:               Server
Activity.StartTime:          2025-09-11T04:18:15.9381109Z
Activity.Duration:           00:00:00.3037065
Activity.Tags:
    server.address: localhost
    http.request.method: POST
    url.scheme: http
    url.path: /api/auth/register
    network.protocol.version: 1.1
    http.route: api/Auth/register
    http.response.status_code: 200
Resource associated with Activity:
    deployment.environment: Testing
    service.name: Crud.Api
    service.version: 1.0.0
    service.instance.id: 8958bff5-028e-43b0-8103-5553bc095d18
    telemetry.sdk.name: opentelemetry
    telemetry.sdk.language: dotnet
    telemetry.sdk.version: 1.8.1
Activity.TraceId:            fe4fa54d6c74f5016e6a3b0c45a05f73
Activity.SpanId:             9dd9155dca444f07
Activity.TraceFlags:         Recorded
Activity.ActivitySourceName: Microsoft.AspNetCore
Activity.DisplayName:        GET api/Auth/me
Activity.Kind:               Server
Activity.StartTime:          2025-09-11T04:18:16.2436939Z
Activity.Duration:           00:00:00.0005164
Activity.Tags:
    server.address: localhost
    http.request.method: GET
    url.scheme: http
    url.path: /api/auth/me
    network.protocol.version: 1.1
    http.route: api/Auth/me
    http.response.status_code: 200
Resource associated with Activity:
    deployment.environment: Testing
    service.name: Crud.Api
    service.version: 1.0.0
    service.instance.id: 8958bff5-028e-43b0-8103-5553bc095d18
    telemetry.sdk.name: opentelemetry
    telemetry.sdk.language: dotnet
    telemetry.sdk.version: 1.8.1
[04:18:16 INF] User logged in successfully: 95f2a876-477b-4d20-8e9e-c6d5f159d103 {"SourceContext": "App.Features.Authentication.LoginCommandHandler", "ActionId": "96b524e4-d441-447e-be2b-af4ead2e085a", "ActionName": "Api.Controllers.AuthController.Login (Api)", "RequestId": "0HNFGT8MUJP7A", "RequestPath": "/api/auth/login", "Application": "Crud.Api"}
Activity.TraceId:            aff8a56ca96f755574236ba69fc641ef
Activity.SpanId:             f100b4cac4c150b8
Activity.TraceFlags:         Recorded
Activity.ActivitySourceName: Microsoft.AspNetCore
Activity.DisplayName:        POST api/Auth/login
Activity.Kind:               Server
Activity.StartTime:          2025-09-11T04:18:16.2443965Z
Activity.Duration:           00:00:00.3196539
Activity.Tags:
    server.address: localhost
    http.request.method: POST
    url.scheme: http
    url.path: /api/auth/login
    network.protocol.version: 1.1
    http.route: api/Auth/login
    http.response.status_code: 200
Resource associated with Activity:
    deployment.environment: Testing
    service.name: Crud.Api
    service.version: 1.0.0
    service.instance.id: 8958bff5-028e-43b0-8103-5553bc095d18
    telemetry.sdk.name: opentelemetry
    telemetry.sdk.language: dotnet
    telemetry.sdk.version: 1.8.1
[04:18:16 INF] Refresh token rotated successfully for user: 95f2a876-477b-4d20-8e9e-c6d5f159d103 {"SourceContext": "App.Features.Authentication.RefreshTokenCommandHandler", "ActionId": "2cbdc5d2-8f92-4237-bede-192364dad30c", "ActionName": "Api.Controllers.AuthController.Refresh (Api)", "RequestId": "0HNFGT8MUJP7B", "RequestPath": "/api/auth/refresh", "Application": "Crud.Api"}
Activity.TraceId:            4d2f67c1c4917bcf7eb266e5a520e53a
Activity.SpanId:             543ecfbd1ba6705e
Activity.TraceFlags:         Recorded
Activity.ActivitySourceName: Microsoft.AspNetCore
Activity.DisplayName:        POST api/Auth/refresh
Activity.Kind:               Server
Activity.StartTime:          2025-09-11T04:18:16.5647511Z
Activity.Duration:           00:00:00.0281828
Activity.Tags:
    server.address: localhost
    http.request.method: POST
    url.scheme: http
    url.path: /api/auth/refresh
    network.protocol.version: 1.1
    http.route: api/Auth/refresh
    http.response.status_code: 200
Resource associated with Activity:
    deployment.environment: Testing
    service.name: Crud.Api
    service.version: 1.0.0
    service.instance.id: 8958bff5-028e-43b0-8103-5553bc095d18
    telemetry.sdk.name: opentelemetry
    telemetry.sdk.language: dotnet
    telemetry.sdk.version: 1.8.1
[04:18:16 INF] User logged out successfully: 95f2a876-477b-4d20-8e9e-c6d5f159d103 {"SourceContext": "App.Features.Authentication.LogoutCommandHandler", "ActionId": "a51c6b73-bb53-4051-898d-90aee3f799f4", "ActionName": "Api.Controllers.AuthController.Logout (Api)", "RequestId": "0HNFGT8MUJP7C", "RequestPath": "/api/auth/logout", "Application": "Crud.Api"}
Activity.TraceId:            90fc5e9e7f9ec8f9fbac7071c6e6e377
Activity.SpanId:             dc6a20a8d82a22da
Activity.TraceFlags:         Recorded
Activity.ActivitySourceName: Microsoft.AspNetCore
Activity.DisplayName:        POST api/Auth/logout
Activity.Kind:               Server
Activity.StartTime:          2025-09-11T04:18:16.5932342Z
Activity.Duration:           00:00:00.0300714
Activity.Tags:
    server.address: localhost
    http.request.method: POST
    url.scheme: http
    url.path: /api/auth/logout
    network.protocol.version: 1.1
    http.route: api/Auth/logout
    http.response.status_code: 200
Resource associated with Activity:
    deployment.environment: Testing
    service.name: Crud.Api
    service.version: 1.0.0
    service.instance.id: 8958bff5-028e-43b0-8103-5553bc095d18
    telemetry.sdk.name: opentelemetry
    telemetry.sdk.language: dotnet
    telemetry.sdk.version: 1.8.1
[04:18:16 WRN] Refresh token attempt with invalid token {"SourceContext": "App.Features.Authentication.RefreshTokenCommandHandler", "ActionId": "2cbdc5d2-8f92-4237-bede-192364dad30c", "ActionName": "Api.Controllers.AuthController.Refresh (Api)", "RequestId": "0HNFGT8MUJP7D", "RequestPath": "/api/auth/refresh", "Application": "Crud.Api"}
Activity.TraceId:            e842bc2fd1cf6bc5ad87a90e080e3f24
Activity.SpanId:             8e6eb884b54c02cd
Activity.TraceFlags:         Recorded
Activity.ActivitySourceName: Microsoft.AspNetCore
Activity.DisplayName:        POST api/Auth/refresh
Activity.Kind:               Server
Activity.StartTime:          2025-09-11T04:18:16.6236673Z
Activity.Duration:           00:00:00.0024553
Activity.Tags:
    server.address: localhost
    http.request.method: POST
    url.scheme: http
    url.path: /api/auth/refresh
    network.protocol.version: 1.1
    http.route: api/Auth/refresh
    http.response.status_code: 401
Resource associated with Activity:
    deployment.environment: Testing
    service.name: Crud.Api
    service.version: 1.0.0
    service.instance.id: 8958bff5-028e-43b0-8103-5553bc095d18
    telemetry.sdk.name: opentelemetry
    telemetry.sdk.language: dotnet
    telemetry.sdk.version: 1.8.1
[04:18:16 INF] User registered successfully: 04d000b2-a8c4-4c3a-91ea-8307bfb64f6d {"SourceContext": "App.Features.Authentication.RegisterUserCommandHandler", "ActionId": "c77fad34-4693-485a-ad04-0b866bcd4472", "ActionName": "Api.Controllers.AuthController.Register (Api)", "RequestId": "0HNFGT8MUJP7E", "RequestPath": "/api/auth/register", "Application": "Crud.Api"}
Activity.TraceId:            3c3aa66c2af87adcde36bfa81899a955
Activity.SpanId:             f3c3cc398798eb78
Activity.TraceFlags:         Recorded
Activity.ActivitySourceName: Microsoft.AspNetCore
Activity.DisplayName:        POST api/Auth/register
Activity.Kind:               Server
Activity.StartTime:          2025-09-11T04:18:16.6278014Z
Activity.Duration:           00:00:00.3103431
Activity.Tags:
    server.address: localhost
    http.request.method: POST
    url.scheme: http
    url.path: /api/auth/register
    network.protocol.version: 1.1
    http.route: api/Auth/register
    http.response.status_code: 200
Resource associated with Activity:
    deployment.environment: Testing
    service.name: Crud.Api
    service.version: 1.0.0
    service.instance.id: 8958bff5-028e-43b0-8103-5553bc095d18
    telemetry.sdk.name: opentelemetry
    telemetry.sdk.language: dotnet
    telemetry.sdk.version: 1.8.1
[04:18:16 WRN] Registration attempt with existing email: duplicate.c7dd159c-f1ce-4bd2-bc9f-9a6a6a6f8a66@example.com {"SourceContext": "App.Features.Authentication.RegisterUserCommandHandler", "ActionId": "c77fad34-4693-485a-ad04-0b866bcd4472", "ActionName": "Api.Controllers.AuthController.Register (Api)", "RequestId": "0HNFGT8MUJP7F", "RequestPath": "/api/auth/register", "Application": "Crud.Api"}
Activity.TraceId:            15b817b57d29220f5c48e833daa61092
Activity.SpanId:             fea1d5fd4d25c988
Activity.TraceFlags:         Recorded
Activity.ActivitySourceName: Microsoft.AspNetCore
Activity.DisplayName:        POST api/Auth/register
Activity.Kind:               Server
Activity.StartTime:          2025-09-11T04:18:16.9391249Z
Activity.Duration:           00:00:00.0014906
Activity.Tags:
    server.address: localhost
    http.request.method: POST
    url.scheme: http
    url.path: /api/auth/register
    network.protocol.version: 1.1
    http.route: api/Auth/register
    http.response.status_code: 400
Resource associated with Activity:
    deployment.environment: Testing
    service.name: Crud.Api
    service.version: 1.0.0
    service.instance.id: 8958bff5-028e-43b0-8103-5553bc095d18
    telemetry.sdk.name: opentelemetry
    telemetry.sdk.language: dotnet
    telemetry.sdk.version: 1.8.1
[04:18:16 ERR] An unhandled exception occurred during request POST /api/auth/register. Request ID: 0HNFGT8MUJP7G, User: Anonymous {"SourceContext": "Api.Middleware.GlobalExceptionHandlingMiddleware", "RequestPath": "/api/auth/register", "Application": "Crud.Api"}
FluentValidation.ValidationException: Validation failed: 
 -- Email: Invalid email format Severity: Error
   at App.Behaviors.ValidationBehavior`2.Handle(TRequest request, RequestHandlerDelegate`1 next, CancellationToken cancellationToken) in /home/runner/work/Crud/Crud/src/App/Behaviors/ValidationBehavior.cs:line 39
   at Api.Controllers.AuthController.Register(RegisterUserCommand command, CancellationToken cancellationToken) in /home/runner/work/Crud/Crud/src/Api/Controllers/AuthController.cs:line 27
   at Microsoft.AspNetCore.Mvc.Infrastructure.ActionMethodExecutor.TaskOfIActionResultExecutor.Execute(ActionContext actionContext, IActionResultTypeMapper mapper, ObjectMethodExecutor executor, Object controller, Object[] arguments)
   at Microsoft.AspNetCore.Mvc.Infrastructure.ControllerActionInvoker.&lt;InvokeActionMethodAsync&gt;g__Logged|12_1(ControllerActionInvoker invoker)
   at Microsoft.AspNetCore.Mvc.Infrastructure.ControllerActionInvoker.&lt;InvokeNextActionFilterAsync&gt;g__Awaited|10_0(ControllerActionInvoker invoker, Task lastTask, State next, Scope scope, Object state, Boolean isCompleted)
   at Microsoft.AspNetCore.Mvc.Infrastructure.ControllerActionInvoker.Rethrow(ActionExecutedContextSealed context)
   at Microsoft.AspNetCore.Mvc.Infrastructure.ControllerActionInvoker.Next(State&amp; next, Scope&amp; scope, Object&amp; state, Boolean&amp; isCompleted)
   at Microsoft.AspNetCore.Mvc.Infrastructure.ControllerActionInvoker.InvokeInnerFilterAsync()
--- End of stack trace from previous location ---
   at Microsoft.AspNetCore.Mvc.Infrastructure.ResourceInvoker.&lt;InvokeFilterPipelineAsync&gt;g__Awaited|20_0(ResourceInvoker invoker, Task lastTask, State next, Scope scope, Object state, Boolean isCompleted)
   at Microsoft.AspNetCore.Mvc.Infrastructure.ResourceInvoker.&lt;InvokeAsync&gt;g__Logged|17_1(ResourceInvoker invoker)
   at Microsoft.AspNetCore.Mvc.Infrastructure.ResourceInvoker.&lt;InvokeAsync&gt;g__Logged|17_1(ResourceInvoker invoker)
   at Microsoft.AspNetCore.Authorization.AuthorizationMiddleware.Invoke(HttpContext context)
   at Microsoft.AspNetCore.Authentication.AuthenticationMiddleware.Invoke(HttpContext context)
   at Microsoft.AspNetCore.RateLimiting.RateLimitingMiddleware.InvokeInternal(HttpContext context, EnableRateLimitingAttribute enableRateLimitingAttribute)
   at Api.Middleware.GlobalExceptionHandlingMiddleware.InvokeAsync(HttpContext context) in /home/runner/work/Crud/Crud/src/Api/Middleware/GlobalExceptionHandlingMiddleware.cs:line 27
Activity.TraceId:            867766dc6f0f1a92297444e6dd4f8172
Activity.SpanId:             c35a0d7b2e396308
Activity.TraceFlags:         Recorded
Activity.ActivitySourceName: Microsoft.AspNetCore
Activity.DisplayName:        POST api/Auth/register
Activity.Kind:               Server
Activity.StartTime:          2025-09-11T04:18:16.9422583Z
Activity.Duration:           00:00:00.0055456
Activity.Tags:
    server.address: localhost
    http.request.method: POST
    url.scheme: http
    url.path: /api/auth/register
    network.protocol.version: 1.1
    http.route: api/Auth/register
    http.response.status_code: 400
Resource associated with Activity:
    deployment.environment: Testing
    service.name: Crud.Api
    service.version: 1.0.0
    service.instance.id: 8958bff5-028e-43b0-8103-5553bc095d18
    telemetry.sdk.name: opentelemetry
    telemetry.sdk.language: dotnet
    telemetry.sdk.version: 1.8.1
[04:18:16 WRN] Login attempt with non-existent email address {"SourceContext": "App.Features.Authentication.LoginCommandHandler", "ActionId": "96b524e4-d441-447e-be2b-af4ead2e085a", "ActionName": "Api.Controllers.AuthController.Login (Api)", "RequestId": "0HNFGT8MUJP7H", "RequestPath": "/api/auth/login", "Application": "Crud.Api"}
Activity.TraceId:            710bff58d98cf8d8f36903e87cf47b46
Activity.SpanId:             145563664c1a9afe
Activity.TraceFlags:         Recorded
Activity.ActivitySourceName: Microsoft.AspNetCore
Activity.DisplayName:        POST api/Auth/login
Activity.Kind:               Server
Activity.StartTime:          2025-09-11T04:18:16.9497354Z
Activity.Duration:           00:00:00.0013461
Activity.Tags:
    server.address: localhost
    http.request.method: POST
    url.scheme: http
    url.path: /api/auth/login
    network.protocol.version: 1.1
    http.route: api/Auth/login
    http.response.status_code: 401
Resource associated with Activity:
    deployment.environment: Testing
    service.name: Crud.Api
    service.version: 1.0.0
    service.instance.id: 8958bff5-028e-43b0-8103-5553bc095d18
    telemetry.sdk.name: opentelemetry
    telemetry.sdk.language: dotnet
    telemetry.sdk.version: 1.8.1
[04:18:17 INF] User registered successfully: 05bb42ea-013e-4326-a262-0e7942cc3c26 {"SourceContext": "App.Features.Authentication.RegisterUserCommandHandler", "ActionId": "c77fad34-4693-485a-ad04-0b866bcd4472", "ActionName": "Api.Controllers.AuthController.Register (Api)", "RequestId": "0HNFGT8MUJP7I", "RequestPath": "/api/auth/register", "Application": "Crud.Api"}
Activity.TraceId:            e735648fbdc7cf0afb95fe69fd4b270f
Activity.SpanId:             2e8d394496365e08
Activity.TraceFlags:         Recorded
Activity.ActivitySourceName: Microsoft.AspNetCore
Activity.DisplayName:        POST api/Auth/register
Activity.Kind:               Server
Activity.StartTime:          2025-09-11T04:18:16.9532460Z
Activity.Duration:           00:00:00.3013354
Activity.Tags:
    server.address: localhost
    http.request.method: POST
    url.scheme: http
    url.path: /api/auth/register
    network.protocol.version: 1.1
    http.route: api/Auth/register
    http.response.status_code: 200
Resource associated with Activity:
    deployment.environment: Testing
    service.name: Crud.Api
    service.version: 1.0.0
    service.instance.id: 8958bff5-028e-43b0-8103-5553bc095d18
    telemetry.sdk.name: opentelemetry
    telemetry.sdk.language: dotnet
    telemetry.sdk.version: 1.8.1
Activity.TraceId:            88cfa7924ca404bdda9ea3b36eaafcf6
Activity.SpanId:             bc4af8d84d409d06
Activity.TraceFlags:         Recorded
Activity.ActivitySourceName: Microsoft.AspNetCore
Activity.DisplayName:        GET api/Auth/me
Activity.Kind:               Server
Activity.StartTime:          2025-09-11T04:18:17.2555861Z
Activity.Duration:           00:00:00.0002958
Activity.Tags:
    server.address: localhost
    http.request.method: GET
    url.scheme: http
    url.path: /api/auth/me
    network.protocol.version: 1.1
    http.route: api/Auth/me
    http.response.status_code: 200
Resource associated with Activity:
    deployment.environment: Testing
    service.name: Crud.Api
    service.version: 1.0.0
    service.instance.id: 8958bff5-028e-43b0-8103-5553bc095d18
    telemetry.sdk.name: opentelemetry
    telemetry.sdk.language: dotnet
    telemetry.sdk.version: 1.8.1
Activity.TraceId:            440afd60b4dfbecf2d3ccfb0499eea79
Activity.SpanId:             50e1cf7a3e58ce7f
Activity.TraceFlags:         Recorded
Activity.ActivitySourceName: Microsoft.AspNetCore
Activity.DisplayName:        GET api/Auth/me
Activity.Kind:               Server
Activity.StartTime:          2025-09-11T04:18:17.2555579Z
Activity.Duration:           00:00:00.0003292
Activity.Tags:
    server.address: localhost
    http.request.method: GET
    url.scheme: http
    url.path: /api/auth/me
    network.protocol.version: 1.1
    http.route: api/Auth/me
    http.response.status_code: 200
Resource associated with Activity:
    deployment.environment: Testing
    service.name: Crud.Api
    service.version: 1.0.0
    service.instance.id: 8958bff5-028e-43b0-8103-5553bc095d18
    telemetry.sdk.name: opentelemetry
    telemetry.sdk.language: dotnet
    telemetry.sdk.version: 1.8.1
Activity.TraceId:            f6c27c13100f0c0c447656cbf0b4dcf9
Activity.SpanId:             dcd6d04146ac5c85
Activity.TraceFlags:         Recorded
Activity.ActivitySourceName: Microsoft.AspNetCore
Activity.DisplayName:        GET api/Auth/me
Activity.Kind:               Server
Activity.StartTime:          2025-09-11T04:18:17.2560068Z
Activity.Duration:           00:00:00.0001709
Activity.Tags:
    server.address: localhost
    http.request.method: GET
    url.scheme: http
    url.path: /api/auth/me
    network.protocol.version: 1.1
    http.route: api/Auth/me
    http.response.status_code: 200
Resource associated with Activity:
    deployment.environment: Testing
    service.name: Crud.Api
    service.version: 1.0.0
    service.instance.id: 8958bff5-028e-43b0-8103-5553bc095d18
    telemetry.sdk.name: opentelemetry
    telemetry.sdk.language: dotnet
    telemetry.sdk.version: 1.8.1
Activity.TraceId:            c535de1ba31ae3046b3a4bbb2b34133d
Activity.SpanId:             977f4a283b96534d
Activity.TraceFlags:         Recorded
Activity.ActivitySourceName: Microsoft.AspNetCore
Activity.DisplayName:        GET api/Auth/me
Activity.Kind:               Server
Activity.StartTime:          2025-09-11T04:18:17.2559926Z
Activity.Duration:           00:00:00.0001896
Activity.Tags:
    server.address: localhost
    http.request.method: GET
    url.scheme: http
    url.path: /api/auth/me
    network.protocol.version: 1.1
    http.route: api/Auth/me
    http.response.status_code: 200
Resource associated with Activity:
    deployment.environment: Testing
    service.name: Crud.Api
    service.version: 1.0.0
    service.instance.id: 8958bff5-028e-43b0-8103-5553bc095d18
    telemetry.sdk.name: opentelemetry
    telemetry.sdk.language: dotnet
    telemetry.sdk.version: 1.8.1
Activity.TraceId:            fff534e1215cd1272fa7bbc0ab9e66b7
Activity.SpanId:             140ada051de26189
Activity.TraceFlags:         Recorded
Activity.ActivitySourceName: Microsoft.AspNetCore
Activity.DisplayName:        GET api/Auth/me
Activity.Kind:               Server
Activity.StartTime:          2025-09-11T04:18:17.2555871Z
Activity.Duration:           00:00:00.0007543
Activity.Tags:
    server.address: localhost
    http.request.method: GET
    url.scheme: http
    url.path: /api/auth/me
    network.protocol.version: 1.1
    http.route: api/Auth/me
    http.response.status_code: 200
Resource associated with Activity:
    deployment.environment: Testing
    service.name: Crud.Api
    service.version: 1.0.0
    service.instance.id: 8958bff5-028e-43b0-8103-5553bc095d18
    telemetry.sdk.name: opentelemetry
    telemetry.sdk.language: dotnet
    telemetry.sdk.version: 1.8.1
Activity.TraceId:            18b0cc74e1b0931347ce60a3232cda68
Activity.SpanId:             b736e26c8233b862
Activity.TraceFlags:         Recorded
Activity.ActivitySourceName: Microsoft.AspNetCore
Activity.DisplayName:        GET api/Auth/me
Activity.Kind:               Server
Activity.StartTime:          2025-09-11T04:18:17.2562335Z
Activity.Duration:           00:00:00.0001849
Activity.Tags:
    server.address: localhost
    http.request.method: GET
    url.scheme: http
    url.path: /api/auth/me
    network.protocol.version: 1.1
    http.route: api/Auth/me
    http.response.status_code: 200
Resource associated with Activity:
    deployment.environment: Testing
    service.name: Crud.Api
    service.version: 1.0.0
    service.instance.id: 8958bff5-028e-43b0-8103-5553bc095d18
    telemetry.sdk.name: opentelemetry
    telemetry.sdk.language: dotnet
    telemetry.sdk.version: 1.8.1
Activity.TraceId:            ed972f7f7ed0ef48370a38e679d8570d
Activity.SpanId:             9568dccf3c04fbc6
Activity.TraceFlags:         Recorded
Activity.ActivitySourceName: Microsoft.AspNetCore
Activity.DisplayName:        GET api/Auth/me
Activity.Kind:               Server
Activity.StartTime:          2025-09-11T04:18:17.2563891Z
Activity.Duration:           00:00:00.0001882
Activity.Tags:
    server.address: localhost
    http.request.method: GET
    url.scheme: http
    url.path: /api/auth/me
    network.protocol.version: 1.1
    http.route: api/Auth/me
    http.response.status_code: 200
Resource associated with Activity:
    deployment.environment: Testing
    service.name: Crud.Api
    service.version: 1.0.0
    service.instance.id: 8958bff5-028e-43b0-8103-5553bc095d18
    telemetry.sdk.name: opentelemetry
    telemetry.sdk.language: dotnet
    telemetry.sdk.version: 1.8.1
Activity.TraceId:            dbedaa20cb14f46c5264bb1fc84f45ee
Activity.SpanId:             7510b3c99c8dc8bf
Activity.TraceFlags:         Recorded
Activity.ActivitySourceName: Microsoft.AspNetCore
Activity.DisplayName:        GET api/Auth/me
Activity.Kind:               Server
Activity.StartTime:          2025-09-11T04:18:17.2564806Z
Activity.Duration:           00:00:00.0001812
Activity.Tags:
    server.address: localhost
    http.request.method: GET
    url.scheme: http
    url.path: /api/auth/me
    network.protocol.version: 1.1
    http.route: api/Auth/me
    http.response.status_code: 200
Resource associated with Activity:
    deployment.environment: Testing
    service.name: Crud.Api
    service.version: 1.0.0
    service.instance.id: 8958bff5-028e-43b0-8103-5553bc095d18
    telemetry.sdk.name: opentelemetry
    telemetry.sdk.language: dotnet
    telemetry.sdk.version: 1.8.1
Activity.TraceId:            afbc788ee2c359cde13307add2319eeb
Activity.SpanId:             d3bc3045e19113f3
Activity.TraceFlags:         Recorded
Activity.ActivitySourceName: Microsoft.AspNetCore
Activity.DisplayName:        GET api/Auth/me
Activity.Kind:               Server
Activity.StartTime:          2025-09-11T04:18:17.2566617Z
Activity.Duration:           00:00:00.0002166
Activity.Tags:
    server.address: localhost
    http.request.method: GET
    url.scheme: http
    url.path: /api/auth/me
    network.protocol.version: 1.1
    http.route: api/Auth/me
    http.response.status_code: 200
Resource associated with Activity:
    deployment.environment: Testing
    service.name: Crud.Api
    service.version: 1.0.0
    service.instance.id: 8958bff5-028e-43b0-8103-5553bc095d18
    telemetry.sdk.name: opentelemetry
    telemetry.sdk.language: dotnet
    telemetry.sdk.version: 1.8.1
Activity.TraceId:            969fd4bd17740cc34ba017c1f4cfbdf1
Activity.SpanId:             e1037507c0168479
Activity.TraceFlags:         Recorded
Activity.ActivitySourceName: Microsoft.AspNetCore
Activity.DisplayName:        GET api/Auth/me
Activity.Kind:               Server
Activity.StartTime:          2025-09-11T04:18:17.2564346Z
Activity.Duration:           00:00:00.0001491
Activity.Tags:
    server.address: localhost
    http.request.method: GET
    url.scheme: http
    url.path: /api/auth/me
    network.protocol.version: 1.1
    http.route: api/Auth/me
    http.response.status_code: 200
Resource associated with Activity:
    deployment.environment: Testing
    service.name: Crud.Api
    service.version: 1.0.0
    service.instance.id: 8958bff5-028e-43b0-8103-5553bc095d18
    telemetry.sdk.name: opentelemetry
    telemetry.sdk.language: dotnet
    telemetry.sdk.version: 1.8.1
[04:18:17 INF] User registered successfully: 396caa7e-3b7e-43c4-a337-60b66b0c03ac {"SourceContext": "App.Features.Authentication.RegisterUserCommandHandler", "ActionId": "c77fad34-4693-485a-ad04-0b866bcd4472", "ActionName": "Api.Controllers.AuthController.Register (Api)", "RequestId": "0HNFGT8MUJP7T", "RequestPath": "/api/auth/register", "Application": "Crud.Api"}
Activity.TraceId:            12f0892d69dfc3cd4931a6489c1e4d79
Activity.SpanId:             e3bf812ccfeef649
Activity.TraceFlags:         Recorded
Activity.ActivitySourceName: Microsoft.AspNetCore
Activity.DisplayName:        POST api/Auth/register
Activity.Kind:               Server
Activity.StartTime:          2025-09-11T04:18:17.2590323Z
Activity.Duration:           00:00:00.3010721
Activity.Tags:
    server.address: localhost
    http.request.method: POST
    url.scheme: http
    url.path: /api/auth/register
    network.protocol.version: 1.1
    http.route: api/Auth/register
    http.response.status_code: 200
Resource associated with Activity:
    deployment.environment: Testing
    service.name: Crud.Api
    service.version: 1.0.0
    service.instance.id: 8958bff5-028e-43b0-8103-5553bc095d18
    telemetry.sdk.name: opentelemetry
    telemetry.sdk.language: dotnet
    telemetry.sdk.version: 1.8.1
[04:18:17 INF] Refresh token rotated successfully for user: 396caa7e-3b7e-43c4-a337-60b66b0c03ac {"SourceContext": "App.Features.Authentication.RefreshTokenCommandHandler", "ActionId": "2cbdc5d2-8f92-4237-bede-192364dad30c", "ActionName": "Api.Controllers.AuthController.Refresh (Api)", "RequestId": "0HNFGT8MUJP7U", "RequestPath": "/api/auth/refresh", "Application": "Crud.Api"}
Activity.TraceId:            1de010ca0dfae4a183b723ede68e273a
Activity.SpanId:             62749ae36c670bbe
Activity.TraceFlags:         Recorded
Activity.ActivitySourceName: Microsoft.AspNetCore
Activity.DisplayName:        POST api/Auth/refresh
Activity.Kind:               Server
Activity.StartTime:          2025-09-11T04:18:17.5612133Z
Activity.Duration:           00:00:00.0066433
Activity.Tags:
    server.address: localhost
    http.request.method: POST
    url.scheme: http
    url.path: /api/auth/refresh
    network.protocol.version: 1.1
    http.route: api/Auth/refresh
    http.response.status_code: 200
Resource associated with Activity:
    deployment.environment: Testing
    service.name: Crud.Api
    service.version: 1.0.0
    service.instance.id: 8958bff5-028e-43b0-8103-5553bc095d18
    telemetry.sdk.name: opentelemetry
    telemetry.sdk.language: dotnet
    telemetry.sdk.version: 1.8.1
[04:18:17 INF] Refresh token rotated successfully for user: 396caa7e-3b7e-43c4-a337-60b66b0c03ac {"SourceContext": "App.Features.Authentication.RefreshTokenCommandHandler", "ActionId": "2cbdc5d2-8f92-4237-bede-192364dad30c", "ActionName": "Api.Controllers.AuthController.Refresh (Api)", "RequestId": "0HNFGT8MUJP7V", "RequestPath": "/api/auth/refresh", "Application": "Crud.Api"}
Activity.TraceId:            99a81fa79acfb3ae7bf28f827b240bdc
Activity.SpanId:             3136eca9ea45f147
Activity.TraceFlags:         Recorded
Activity.ActivitySourceName: Microsoft.AspNetCore
Activity.DisplayName:        POST api/Auth/refresh
Activity.Kind:               Server
Activity.StartTime:          2025-09-11T04:18:17.5680413Z
Activity.Duration:           00:00:00.0054803
Activity.Tags:
    server.address: localhost
    http.request.method: POST
    url.scheme: http
    url.path: /api/auth/refresh
    network.protocol.version: 1.1
    http.route: api/Auth/refresh
    http.response.status_code: 200
Resource associated with Activity:
    deployment.environment: Testing
    service.name: Crud.Api
    service.version: 1.0.0
    service.instance.id: 8958bff5-028e-43b0-8103-5553bc095d18
    telemetry.sdk.name: opentelemetry
    telemetry.sdk.language: dotnet
    telemetry.sdk.version: 1.8.1
[04:18:17 INF] Refresh token rotated successfully for user: 396caa7e-3b7e-43c4-a337-60b66b0c03ac {"SourceContext": "App.Features.Authentication.RefreshTokenCommandHandler", "ActionId": "2cbdc5d2-8f92-4237-bede-192364dad30c", "ActionName": "Api.Controllers.AuthController.Refresh (Api)", "RequestId": "0HNFGT8MUJP80", "RequestPath": "/api/auth/refresh", "Application": "Crud.Api"}
Activity.TraceId:            9e0e52a86fd0d2e511c3c8cc0d5ecac1
Activity.SpanId:             bb3695e9f737d4e4
Activity.TraceFlags:         Recorded
Activity.ActivitySourceName: Microsoft.AspNetCore
Activity.DisplayName:        POST api/Auth/refresh
Activity.Kind:               Server
Activity.StartTime:          2025-09-11T04:18:17.5736158Z
Activity.Duration:           00:00:00.0059953
Activity.Tags:
    server.address: localhost
    http.request.method: POST
    url.scheme: http
    url.path: /api/auth/refresh
    network.protocol.version: 1.1
    http.route: api/Auth/refresh
    http.response.status_code: 200
Resource associated with Activity:
    deployment.environment: Testing
    service.name: Crud.Api
    service.version: 1.0.0
    service.instance.id: 8958bff5-028e-43b0-8103-5553bc095d18
    telemetry.sdk.name: opentelemetry
    telemetry.sdk.language: dotnet
    telemetry.sdk.version: 1.8.1
Activity.TraceId:            977f3c51e1fbd3f52168bb00930d05e5
Activity.SpanId:             c47e9c055f5554a1
Activity.TraceFlags:         Recorded
Activity.ActivitySourceName: Microsoft.AspNetCore
Activity.DisplayName:        GET api/Auth/me
Activity.Kind:               Server
Activity.StartTime:          2025-09-11T04:18:17.5809592Z
Activity.Duration:           00:00:00.0024640
Activity.Tags:
    server.address: localhost
    http.request.method: GET
    url.scheme: http
    url.path: /api/auth/me
    network.protocol.version: 1.1
    http.route: api/Auth/me
    http.response.status_code: 401
Resource associated with Activity:
    deployment.environment: Testing
    service.name: Crud.Api
    service.version: 1.0.0
    service.instance.id: 8958bff5-028e-43b0-8103-5553bc095d18
    telemetry.sdk.name: opentelemetry
    telemetry.sdk.language: dotnet
    telemetry.sdk.version: 1.8.1
[04:18:17 ERR] An unhandled exception occurred during request POST /api/auth/register. Request ID: 0HNFGT8MUJP82, User: Anonymous {"SourceContext": "Api.Middleware.GlobalExceptionHandlingMiddleware", "RequestPath": "/api/auth/register", "Application": "Crud.Api"}
FluentValidation.ValidationException: Validation failed: 
 -- Password: Password must be at least 8 characters Severity: Error
 -- Password: Password must contain at least one uppercase letter Severity: Error
 -- Password: Password must contain at least one number Severity: Error
 -- Password: Password must contain at least one special character Severity: Error
   at App.Behaviors.ValidationBehavior`2.Handle(TRequest request, RequestHandlerDelegate`1 next, CancellationToken cancellationToken) in /home/runner/work/Crud/Crud/src/App/Behaviors/ValidationBehavior.cs:line 39
   at Api.Controllers.AuthController.Register(RegisterUserCommand command, CancellationToken cancellationToken) in /home/runner/work/Crud/Crud/src/Api/Controllers/AuthController.cs:line 27
   at Microsoft.AspNetCore.Mvc.Infrastructure.ActionMethodExecutor.TaskOfIActionResultExecutor.Execute(ActionContext actionContext, IActionResultTypeMapper mapper, ObjectMethodExecutor executor, Object controller, Object[] arguments)
   at Microsoft.AspNetCore.Mvc.Infrastructure.ControllerActionInvoker.&lt;InvokeActionMethodAsync&gt;g__Logged|12_1(ControllerActionInvoker invoker)
   at Microsoft.AspNetCore.Mvc.Infrastructure.ControllerActionInvoker.&lt;InvokeNextActionFilterAsync&gt;g__Awaited|10_0(ControllerActionInvoker invoker, Task lastTask, State next, Scope scope, Object state, Boolean isCompleted)
   at Microsoft.AspNetCore.Mvc.Infrastructure.ControllerActionInvoker.Rethrow(ActionExecutedContextSealed context)
   at Microsoft.AspNetCore.Mvc.Infrastructure.ControllerActionInvoker.Next(State&amp; next, Scope&amp; scope, Object&amp; state, Boolean&amp; isCompleted)
   at Microsoft.AspNetCore.Mvc.Infrastructure.ControllerActionInvoker.InvokeInnerFilterAsync()
--- End of stack trace from previous location ---
   at Microsoft.AspNetCore.Mvc.Infrastructure.ResourceInvoker.&lt;InvokeFilterPipelineAsync&gt;g__Awaited|20_0(ResourceInvoker invoker, Task lastTask, State next, Scope scope, Object state, Boolean isCompleted)
   at Microsoft.AspNetCore.Mvc.Infrastructure.ResourceInvoker.&lt;InvokeAsync&gt;g__Logged|17_1(ResourceInvoker invoker)
   at Microsoft.AspNetCore.Mvc.Infrastructure.ResourceInvoker.&lt;InvokeAsync&gt;g__Logged|17_1(ResourceInvoker invoker)
   at Microsoft.AspNetCore.Authorization.AuthorizationMiddleware.Invoke(HttpContext context)
   at Microsoft.AspNetCore.Authentication.AuthenticationMiddleware.Invoke(HttpContext context)
   at Microsoft.AspNetCore.RateLimiting.RateLimitingMiddleware.InvokeInternal(HttpContext context, EnableRateLimitingAttribute enableRateLimitingAttribute)
   at Api.Middleware.GlobalExceptionHandlingMiddleware.InvokeAsync(HttpContext context) in /home/runner/work/Crud/Crud/src/Api/Middleware/GlobalExceptionHandlingMiddleware.cs:line 27
Activity.TraceId:            e9e1f21fd8dab8c4d7ef9ef04dd496bb
Activity.SpanId:             0afa6a67ac16dd03
Activity.TraceFlags:         Recorded
Activity.ActivitySourceName: Microsoft.AspNetCore
Activity.DisplayName:        POST api/Auth/register
Activity.Kind:               Server
Activity.StartTime:          2025-09-11T04:18:17.5853668Z
Activity.Duration:           00:00:00.0018257
Activity.Tags:
    server.address: localhost
    http.request.method: POST
    url.scheme: http
    url.path: /api/auth/register
    network.protocol.version: 1.1
    http.route: api/Auth/register
    http.response.status_code: 400
Resource associated with Activity:
    deployment.environment: Testing
    service.name: Crud.Api
    service.version: 1.0.0
    service.instance.id: 8958bff5-028e-43b0-8103-5553bc095d18
    telemetry.sdk.name: opentelemetry
    telemetry.sdk.language: dotnet
    telemetry.sdk.version: 1.8.1
[04:18:17 INF] User registered successfully: dfb17950-96e0-47b4-b805-aaba2248ef7f {"SourceContext": "App.Features.Authentication.RegisterUserCommandHandler", "ActionId": "c77fad34-4693-485a-ad04-0b866bcd4472", "ActionName": "Api.Controllers.AuthController.Register (Api)", "RequestId": "0HNFGT8MUJP83", "RequestPath": "/api/auth/register", "Application": "Crud.Api"}
Activity.TraceId:            d8537019272ececdb0b111b8880999be
Activity.SpanId:             30589c61a01b7156
Activity.TraceFlags:         Recorded
Activity.ActivitySourceName: Microsoft.AspNetCore
Activity.DisplayName:        POST api/Auth/register
Activity.Kind:               Server
Activity.StartTime:          2025-09-11T04:18:17.5891845Z
Activity.Duration:           00:00:00.3002244
Activity.Tags:
    server.address: localhost
    http.request.method: POST
    url.scheme: http
    url.path: /api/auth/register
    network.protocol.version: 1.1
    http.route: api/Auth/register
    http.response.status_code: 200
Resource associated with Activity:
    deployment.environment: Testing
    service.name: Crud.Api
    service.version: 1.0.0
    service.instance.id: 8958bff5-028e-43b0-8103-5553bc095d18
    telemetry.sdk.name: opentelemetry
    telemetry.sdk.language: dotnet
    telemetry.sdk.version: 1.8.1
[04:18:17 INF] Refresh token rotated successfully for user: dfb17950-96e0-47b4-b805-aaba2248ef7f {"SourceContext": "App.Features.Authentication.RefreshTokenCommandHandler", "ActionId": "2cbdc5d2-8f92-4237-bede-192364dad30c", "ActionName": "Api.Controllers.AuthController.Refresh (Api)", "RequestId": "0HNFGT8MUJP84", "RequestPath": "/api/auth/refresh", "Application": "Crud.Api"}
Activity.TraceId:            ce5a4f51a169562652261bea8a911267
Activity.SpanId:             a7c57d7c74985c56
Activity.TraceFlags:         Recorded
Activity.ActivitySourceName: Microsoft.AspNetCore
Activity.DisplayName:        POST api/Auth/refresh
Activity.Kind:               Server
Activity.StartTime:          2025-09-11T04:18:17.8903450Z
Activity.Duration:           00:00:00.0052975
Activity.Tags:
    server.address: localhost
    http.request.method: POST
    url.scheme: http
    url.path: /api/auth/refresh
    network.protocol.version: 1.1
    http.route: api/Auth/refresh
    http.response.status_code: 200
Resource associated with Activity:
    deployment.environment: Testing
    service.name: Crud.Api
    service.version: 1.0.0
    service.instance.id: 8958bff5-028e-43b0-8103-5553bc095d18
    telemetry.sdk.name: opentelemetry
    telemetry.sdk.language: dotnet
    telemetry.sdk.version: 1.8.1
Resource associated with Metric:
    deployment.environment: Testing
    service.name: Crud.Api
    service.version: 1.0.0
    service.instance.id: 8958bff5-028e-43b0-8103-5553bc095d18
    telemetry.sdk.name: opentelemetry
    telemetry.sdk.language: dotnet
    telemetry.sdk.version: 1.8.1
Metric Name: http.server.active_requests, Number of active HTTP server requests., Unit: {request}, Meter: Microsoft.AspNetCore.Hosting
(2025-09-11T04:18:15.5389696Z, 2025-09-11T04:18:17.8967573Z] http.request.method: POST url.scheme: http LongSumNonMonotonic
Value: 0
(2025-09-11T04:18:15.5389696Z, 2025-09-11T04:18:17.8967573Z] http.request.method: GET url.scheme: http LongSumNonMonotonic
Value: 0
Metric Name: http.server.request.duration, Duration of HTTP server requests., Unit: s, Meter: Microsoft.AspNetCore.Hosting
(2025-09-11T04:18:15.5389986Z, 2025-09-11T04:18:17.8967613Z] http.request.method: POST http.response.status_code: 200 http.route: api/Auth/register network.protocol.version: 1.1 url.scheme: http Histogram
Value: Sum: 1.9032907 Count: 6 Min: 0.3002213 Max: 0.3866334 
(-Infinity,0.005]:0
(0.005,0.01]:0
(0.01,0.025]:0
(0.025,0.05]:0
(0.05,0.075]:0
(0.075,0.1]:0
(0.1,0.25]:0
(0.25,0.5]:6
(0.5,0.75]:0
(0.75,1]:0
(1,2.5]:0
(2.5,5]:0
(5,7.5]:0
(7.5,10]:0
(10,+Infinity]:0
(2025-09-11T04:18:15.5389986Z, 2025-09-11T04:18:17.8967613Z] http.request.method: GET http.response.status_code: 200 http.route: api/Auth/me network.protocol.version: 1.1 url.scheme: http Histogram
Value: Sum: 0.0076462000000000006 Count: 12 Min: 0.000151 Max: 0.0044713 
(-Infinity,0.005]:12
(0.005,0.01]:0
(0.01,0.025]:0
(0.025,0.05]:0
(0.05,0.075]:0
(0.075,0.1]:0
(0.1,0.25]:0
(0.25,0.5]:0
(0.5,0.75]:0
(0.75,1]:0
(1,2.5]:0
(2.5,5]:0
(5,7.5]:0
(7.5,10]:0
(10,+Infinity]:0
(2025-09-11T04:18:15.5389986Z, 2025-09-11T04:18:17.8967613Z] http.request.method: POST http.response.status_code: 200 http.route: api/Auth/login network.protocol.version: 1.1 url.scheme: http Histogram
Value: Sum: 0.319633 Count: 1 Min: 0.319633 Max: 0.319633 
(-Infinity,0.005]:0
(0.005,0.01]:0
(0.01,0.025]:0
(0.025,0.05]:0
(0.05,0.075]:0
(0.075,0.1]:0
(0.1,0.25]:0
(0.25,0.5]:1
(0.5,0.75]:0
(0.75,1]:0
(1,2.5]:0
(2.5,5]:0
(5,7.5]:0
(7.5,10]:0
(10,+Infinity]:0
(2025-09-11T04:18:15.5389986Z, 2025-09-11T04:18:17.8967613Z] http.request.method: POST http.response.status_code: 200 http.route: api/Auth/refresh network.protocol.version: 1.1 url.scheme: http Histogram
Value: Sum: 0.0515878 Count: 5 Min: 0.0052975 Max: 0.0281753 
(-Infinity,0.005]:0
(0.005,0.01]:4
(0.01,0.025]:0
(0.025,0.05]:1
(0.05,0.075]:0
(0.075,0.1]:0
(0.1,0.25]:0
(0.25,0.5]:0
(0.5,0.75]:0
(0.75,1]:0
(1,2.5]:0
(2.5,5]:0
(5,7.5]:0
(7.5,10]:0
(10,+Infinity]:0
(2025-09-11T04:18:15.5389986Z, 2025-09-11T04:18:17.8967613Z] http.request.method: POST http.response.status_code: 200 http.route: api/Auth/logout network.protocol.version: 1.1 url.scheme: http Histogram
Value: Sum: 0.0300617 Count: 1 Min: 0.0300617 Max: 0.0300617 
(-Infinity,0.005]:0
(0.005,0.01]:0
(0.01,0.025]:0
(0.025,0.05]:1
(0.05,0.075]:0
(0.075,0.1]:0
(0.1,0.25]:0
(0.25,0.5]:0
(0.5,0.75]:0
(0.75,1]:0
(1,2.5]:0
(2.5,5]:0
(5,7.5]:0
(7.5,10]:0
(10,+Infinity]:0
(2025-09-11T04:18:15.5389986Z, 2025-09-11T04:18:17.8967613Z] http.request.method: POST http.response.status_code: 401 http.route: api/Auth/refresh network.protocol.version: 1.1 url.scheme: http Histogram
Value: Sum: 0.0024431 Count: 1 Min: 0.0024431 Max: 0.0024431 
(-Infinity,0.005]:1
(0.005,0.01]:0
(0.01,0.025]:0
(0.025,0.05]:0
(0.05,0.075]:0
(0.075,0.1]:0
(0.1,0.25]:0
(0.25,0.5]:0
(0.5,0.75]:0
(0.75,1]:0
(1,2.5]:0
(2.5,5]:0
(5,7.5]:0
(7.5,10]:0
(10,+Infinity]:0
(2025-09-11T04:18:15.5389986Z, 2025-09-11T04:18:17.8967613Z] http.request.method: POST http.response.status_code: 400 http.route: api/Auth/register network.protocol.version: 1.1 url.scheme: http Histogram
Value: Sum: 0.0088462 Count: 3 Min: 0.0014805 Max: 0.0055436 
(-Infinity,0.005]:2
(0.005,0.01]:1
(0.01,0.025]:0
(0.025,0.05]:0
(0.05,0.075]:0
(0.075,0.1]:0
(0.1,0.25]:0
(0.25,0.5]:0
(0.5,0.75]:0
(0.75,1]:0
(1,2.5]:0
(2.5,5]:0
(5,7.5]:0
(7.5,10]:0
(10,+Infinity]:0
(2025-09-11T04:18:15.5389986Z, 2025-09-11T04:18:17.8967613Z] http.request.method: POST http.response.status_code: 401 http.route: api/Auth/login network.protocol.version: 1.1 url.scheme: http Histogram
Value: Sum: 0.0013563 Count: 1 Min: 0.0013563 Max: 0.0013563 
(-Infinity,0.005]:1
(0.005,0.01]:0
(0.01,0.025]:0
(0.025,0.05]:0
(0.05,0.075]:0
(0.075,0.1]:0
(0.1,0.25]:0
(0.25,0.5]:0
(0.5,0.75]:0
(0.75,1]:0
(1,2.5]:0
(2.5,5]:0
(5,7.5]:0
(7.5,10]:0
(10,+Infinity]:0
(2025-09-11T04:18:15.5389986Z, 2025-09-11T04:18:17.8967613Z] http.request.method: GET http.response.status_code: 401 http.route: api/Auth/me network.protocol.version: 1.1 url.scheme: http Histogram
Value: Sum: 0.0024515 Count: 1 Min: 0.0024515 Max: 0.0024515 
(-Infinity,0.005]:1
(0.005,0.01]:0
(0.01,0.025]:0
(0.025,0.05]:0
(0.05,0.075]:0
(0.075,0.1]:0
(0.1,0.25]:0
(0.25,0.5]:0
(0.5,0.75]:0
(0.75,1]:0
(1,2.5]:0
(2.5,5]:0
(5,7.5]:0
(7.5,10]:0
(10,+Infinity]:0
Metric Name: aspnetcore.rate_limiting.active_request_leases, Number of HTTP requests that are currently active on the server that hold a rate limiting lease., Unit: {request}, Meter: Microsoft.AspNetCore.RateLimiting
(2025-09-11T04:18:15.5410019Z, 2025-09-11T04:18:17.8967616Z] LongSumNonMonotonic
Value: 0
Metric Name: aspnetcore.rate_limiting.request_lease.duration, The duration of rate limiting leases held by HTTP requests on the server., Unit: s, Meter: Microsoft.AspNetCore.RateLimiting
(2025-09-11T04:18:15.5410330Z, 2025-09-11T04:18:17.8967619Z] Histogram
Value: Sum: 2.3177733000000003 Count: 31 Min: 0.0001181 Max: 0.3853953 
(-Infinity,0.005]:18
(0.005,0.01]:4
(0.01,0.025]:0
(0.025,0.05]:2
(0.05,0.075]:0
(0.075,0.1]:0
(0.1,0.25]:0
(0.25,0.5]:7
(0.5,0.75]:0
(0.75,1]:0
(1,2.5]:0
(2.5,5]:0
(5,7.5]:0
(7.5,10]:0
(10,+Infinity]:0
Metric Name: aspnetcore.rate_limiting.requests, Number of requests that tried to acquire a rate limiting lease. Requests could be rejected by global or endpoint rate limiting policies. Or the request could be canceled while waiting for the lease., Unit: {request}, Meter: Microsoft.AspNetCore.RateLimiting
(2025-09-11T04:18:15.5411011Z, 2025-09-11T04:18:17.8967633Z] aspnetcore.rate_limiting.result: acquired LongSum
Value: 31
Metric Name: aspnetcore.routing.match_attempts, Number of requests that were attempted to be matched to an endpoint., Unit: {match_attempt}, Meter: Microsoft.AspNetCore.Routing
(2025-09-11T04:18:15.5418471Z, 2025-09-11T04:18:17.8967637Z] aspnetcore.routing.is_fallback: false aspnetcore.routing.match_status: success http.route: api/Auth/register LongSum
Value: 9
(2025-09-11T04:18:15.5418471Z, 2025-09-11T04:18:17.8967637Z] aspnetcore.routing.is_fallback: false aspnetcore.routing.match_status: success http.route: api/Auth/me LongSum
Value: 13
(2025-09-11T04:18:15.5418471Z, 2025-09-11T04:18:17.8967637Z] aspnetcore.routing.is_fallback: false aspnetcore.routing.match_status: success http.route: api/Auth/login LongSum
Value: 2
(2025-09-11T04:18:15.5418471Z, 2025-09-11T04:18:17.8967637Z] aspnetcore.routing.is_fallback: false aspnetcore.routing.match_status: success http.route: api/Auth/refresh LongSum
Value: 6
(2025-09-11T04:18:15.5418471Z, 2025-09-11T04:18:17.8967637Z] aspnetcore.routing.is_fallback: false aspnetcore.routing.match_status: success http.route: api/Auth/logout LongSum
Value: 1
[04:18:17 INF] Starting Crud API application {"Application": "Crud.Api"}
[04:18:17 INF] Using SQLite provider with connection: Data Source=TestDatabase.db {"Application": "Crud.Api"}
[04:18:17 INF] Database ensured successfully {"Application": "Crud.Api"}
[04:18:17 INF] Application configured successfully. Starting web host... {"Application": "Crud.Api"}
[04:18:17 INF] Resetting database for worker 5841 {"SourceContext": "Infrastructure.Services.DatabaseTestService", "Application": "Crud.Api"}
[04:18:17 INF] Resetting database via file deletion for worker 5841 in CI environment {"SourceContext": "Infrastructure.Services.DatabaseTestService", "Application": "Crud.Api"}
[04:18:17 INF] Acquiring database mutex for worker 5841... {"SourceContext": "Infrastructure.Services.DatabaseTestService", "Application": "Crud.Api"}
[04:18:17 INF] Database mutex acquired for worker 5841 {"SourceContext": "Infrastructure.Services.DatabaseTestService", "Application": "Crud.Api"}
[04:18:17 INF] Current database state - CanConnect: True {"SourceContext": "Infrastructure.Services.DatabaseTestService", "Application": "Crud.Api"}
[04:18:17 INF] [Phase 0] Closing database connection for worker 5841... {"SourceContext": "Infrastructure.Services.DatabaseTestService", "Application": "Crud.Api"}
[04:18:17 INF] [Phase 0] Connection closed in 0.0014ms {"SourceContext": "Infrastructure.Services.DatabaseTestService", "Application": "Crud.Api"}
[04:18:17 INF] [Phase 1] Starting EnsureDeletedAsync for worker 5841... {"SourceContext": "Infrastructure.Services.DatabaseTestService", "Application": "Crud.Api"}
[04:18:17 INF] [Phase 1] EnsureDeletedAsync completed in 1.4586ms {"SourceContext": "Infrastructure.Services.DatabaseTestService", "Application": "Crud.Api"}
[04:18:18 INF] [Phase 2] Starting EnsureCreatedAsync for worker 5841... {"SourceContext": "Infrastructure.Services.DatabaseTestService", "Application": "Crud.Api"}
[04:18:18 INF] [Phase 2] EnsureCreatedAsync completed in 14.4945ms {"SourceContext": "Infrastructure.Services.DatabaseTestService", "Application": "Crud.Api"}
[04:18:18 INF] [Phase 3] Skipping database seeding as requested for worker 5841 {"SourceContext": "Infrastructure.Services.DatabaseTestService", "Application": "Crud.Api"}
[04:18:18 INF] Database reset via file deletion completed for worker 5841 in 117.1521ms (Close: 0.0014ms, Delete: 1.4586ms, Create: 14.4945ms) {"SourceContext": "Infrastructure.Services.DatabaseTestService", "Application": "Crud.Api"}
[04:18:18 INF] Releasing database mutex for worker 5841 {"SourceContext": "Infrastructure.Services.DatabaseTestService", "Application": "Crud.Api"}
[04:18:18 WRN] Failed to determine the https port for redirect. {"EventId": {"Id": 3, "Name": "FailedToDeterminePort"}, "SourceContext": "Microsoft.AspNetCore.HttpsPolicy.HttpsRedirectionMiddleware", "RequestId": "0HNFGT8MUJP85", "RequestPath": "/api/auth/register", "Application": "Crud.Api"}
[04:18:18 INF] User registered successfully: 58120a82-a362-4eab-a81d-e1e0e8692107 {"SourceContext": "App.Features.Authentication.RegisterUserCommandHandler", "ActionId": "d49fc7ef-bfa8-4b61-8a95-bffa25d44a82", "ActionName": "Api.Controllers.AuthController.Register (Api)", "RequestId": "0HNFGT8MUJP85", "RequestPath": "/api/auth/register", "Application": "Crud.Api"}
Activity.TraceId:            9bdf66f87a209107017d06f72155f105
Activity.SpanId:             2360a0b944f67e77
Activity.TraceFlags:         Recorded
Activity.ActivitySourceName: Microsoft.AspNetCore
Activity.DisplayName:        POST api/Auth/register
Activity.Kind:               Server
Activity.StartTime:          2025-09-11T04:18:18.0526999Z
Activity.Duration:           00:00:00.3054096
Activity.Tags:
    server.address: localhost
    http.request.method: POST
    url.scheme: http
    url.path: /api/auth/register
    network.protocol.version: 1.1
    http.route: api/Auth/register
    http.response.status_code: 200
Resource associated with Activity:
    deployment.environment: Testing
    service.name: Crud.Api
    service.version: 1.0.0
    service.instance.id: 8958bff5-028e-43b0-8103-5553bc095d18
    telemetry.sdk.name: opentelemetry
    telemetry.sdk.language: dotnet
    telemetry.sdk.version: 1.8.1
[04:18:18 DBG] Cache miss for key: list:wall {"SourceContext": "Infrastructure.Services.Caching.InMemoryCacheService", "ActionId": "4dc28800-2ef2-4ede-9e9c-46cb1604d12c", "ActionName": "Api.Controllers.WallsController.List (Api)", "RequestId": "0HNFGT8MUJP86", "RequestPath": "/api/walls", "Application": "Crud.Api"}
[04:18:18 DBG] Set cache value for key: list:wall {"SourceContext": "Infrastructure.Services.Caching.InMemoryCacheService", "ActionId": "4dc28800-2ef2-4ede-9e9c-46cb1604d12c", "ActionName": "Api.Controllers.WallsController.List (Api)", "RequestId": "0HNFGT8MUJP86", "RequestPath": "/api/walls", "Application": "Crud.Api"}
Activity.TraceId:            755a76d17a514ef8a9900c5b3c435767
Activity.SpanId:             bbf74de5028e3bb7
Activity.TraceFlags:         Recorded
Activity.ActivitySourceName: Microsoft.AspNetCore
Activity.DisplayName:        GET api/Walls
Activity.Kind:               Server
Activity.StartTime:          2025-09-11T04:18:18.3587390Z
Activity.Duration:           00:00:00.0118453
Activity.Tags:
    server.address: localhost
    http.request.method: GET
    url.scheme: http
    url.path: /api/walls
    network.protocol.version: 1.1
    http.route: api/Walls
    http.response.status_code: 200
Resource associated with Activity:
    deployment.environment: Testing
    service.name: Crud.Api
    service.version: 1.0.0
    service.instance.id: 8958bff5-028e-43b0-8103-5553bc095d18
    telemetry.sdk.name: opentelemetry
    telemetry.sdk.language: dotnet
    telemetry.sdk.version: 1.8.1
[04:18:18 DBG] Cache hit for key: list:wall {"SourceContext": "Infrastructure.Services.Caching.InMemoryCacheService", "ActionId": "4dc28800-2ef2-4ede-9e9c-46cb1604d12c", "ActionName": "Api.Controllers.WallsController.List (Api)", "RequestId": "0HNFGT8MUJP87", "RequestPath": "/api/walls", "Application": "Crud.Api"}
Activity.TraceId:            81a951690d92a4a9f8e353a59ee357bd
Activity.SpanId:             921b7f07beb4ea2d
Activity.TraceFlags:         Recorded
Activity.ActivitySourceName: Microsoft.AspNetCore
Activity.DisplayName:        GET api/Walls
Activity.Kind:               Server
Activity.StartTime:          2025-09-11T04:18:18.3707331Z
Activity.Duration:           00:00:00.0019177
Activity.Tags:
    server.address: localhost
    http.request.method: GET
    url.scheme: http
    url.path: /api/walls
    network.protocol.version: 1.1
    http.route: api/Walls
    http.response.status_code: 200
Resource associated with Activity:
    deployment.environment: Testing
    service.name: Crud.Api
    service.version: 1.0.0
    service.instance.id: 8958bff5-028e-43b0-8103-5553bc095d18
    telemetry.sdk.name: opentelemetry
    telemetry.sdk.language: dotnet
    telemetry.sdk.version: 1.8.1
[04:18:18 INF] Resetting database for worker 5841 {"SourceContext": "Infrastructure.Services.DatabaseTestService", "Application": "Crud.Api"}
[04:18:18 INF] Resetting database via file deletion for worker 5841 in CI environment {"SourceContext": "Infrastructure.Services.DatabaseTestService", "Application": "Crud.Api"}
[04:18:18 INF] Acquiring database mutex for worker 5841... {"SourceContext": "Infrastructure.Services.DatabaseTestService", "Application": "Crud.Api"}
[04:18:18 INF] Database mutex acquired for worker 5841 {"SourceContext": "Infrastructure.Services.DatabaseTestService", "Application": "Crud.Api"}
[04:18:18 INF] Current database state - CanConnect: True {"SourceContext": "Infrastructure.Services.DatabaseTestService", "Application": "Crud.Api"}
[04:18:18 INF] [Phase 0] Closing database connection for worker 5841... {"SourceContext": "Infrastructure.Services.DatabaseTestService", "Application": "Crud.Api"}
[04:18:18 INF] [Phase 0] Connection closed in 0.001ms {"SourceContext": "Infrastructure.Services.DatabaseTestService", "Application": "Crud.Api"}
[04:18:18 INF] [Phase 1] Starting EnsureDeletedAsync for worker 5841... {"SourceContext": "Infrastructure.Services.DatabaseTestService", "Application": "Crud.Api"}
[04:18:18 INF] [Phase 1] EnsureDeletedAsync completed in 1.693ms {"SourceContext": "Infrastructure.Services.DatabaseTestService", "Application": "Crud.Api"}
[04:18:18 INF] [Phase 2] Starting EnsureCreatedAsync for worker 5841... {"SourceContext": "Infrastructure.Services.DatabaseTestService", "Application": "Crud.Api"}
[04:18:18 INF] [Phase 2] EnsureCreatedAsync completed in 8.2545ms {"SourceContext": "Infrastructure.Services.DatabaseTestService", "Application": "Crud.Api"}
[04:18:18 INF] [Phase 3] Skipping database seeding as requested for worker 5841 {"SourceContext": "Infrastructure.Services.DatabaseTestService", "Application": "Crud.Api"}
[04:18:18 INF] Database reset via file deletion completed for worker 5841 in 111.4259ms (Close: 0.001ms, Delete: 1.693ms, Create: 8.2545ms) {"SourceContext": "Infrastructure.Services.DatabaseTestService", "Application": "Crud.Api"}
[04:18:18 INF] Releasing database mutex for worker 5841 {"SourceContext": "Infrastructure.Services.DatabaseTestService", "Application": "Crud.Api"}
[04:18:18 INF] Resetting database for worker 5841 {"SourceContext": "Infrastructure.Services.DatabaseTestService", "Application": "Crud.Api"}
[04:18:18 INF] Resetting database via file deletion for worker 5841 in CI environment {"SourceContext": "Infrastructure.Services.DatabaseTestService", "Application": "Crud.Api"}
[04:18:18 INF] Acquiring database mutex for worker 5841... {"SourceContext": "Infrastructure.Services.DatabaseTestService", "Application": "Crud.Api"}
[04:18:18 INF] Database mutex acquired for worker 5841 {"SourceContext": "Infrastructure.Services.DatabaseTestService", "Application": "Crud.Api"}
[04:18:18 INF] Current database state - CanConnect: True {"SourceContext": "Infrastructure.Services.DatabaseTestService", "Application": "Crud.Api"}
[04:18:18 INF] [Phase 0] Closing database connection for worker 5841... {"SourceContext": "Infrastructure.Services.DatabaseTestService", "Application": "Crud.Api"}
[04:18:18 INF] [Phase 0] Connection closed in 0.0005ms {"SourceContext": "Infrastructure.Services.DatabaseTestService", "Application": "Crud.Api"}
[04:18:18 INF] [Phase 1] Starting EnsureDeletedAsync for worker 5841... {"SourceContext": "Infrastructure.Services.DatabaseTestService", "Application": "Crud.Api"}
[04:18:18 INF] [Phase 1] EnsureDeletedAsync completed in 1.2826ms {"SourceContext": "Infrastructure.Services.DatabaseTestService", "Application": "Crud.Api"}
[04:18:18 INF] [Phase 2] Starting EnsureCreatedAsync for worker 5841... {"SourceContext": "Infrastructure.Services.DatabaseTestService", "Application": "Crud.Api"}
[04:18:18 INF] [Phase 2] EnsureCreatedAsync completed in 7.6063ms {"SourceContext": "Infrastructure.Services.DatabaseTestService", "Application": "Crud.Api"}
[04:18:18 INF] [Phase 3] Skipping database seeding as requested for worker 5841 {"SourceContext": "Infrastructure.Services.DatabaseTestService", "Application": "Crud.Api"}
[04:18:18 INF] Database reset via file deletion completed for worker 5841 in 110.2664ms (Close: 0.0005ms, Delete: 1.2826ms, Create: 7.6063ms) {"SourceContext": "Infrastructure.Services.DatabaseTestService", "Application": "Crud.Api"}
[04:18:18 INF] Releasing database mutex for worker 5841 {"SourceContext": "Infrastructure.Services.DatabaseTestService", "Application": "Crud.Api"}
[04:18:18 INF] User registered successfully: 80d99ef8-d195-4379-8e16-cae834cbb573 {"SourceContext": "App.Features.Authentication.RegisterUserCommandHandler", "ActionId": "d49fc7ef-bfa8-4b61-8a95-bffa25d44a82", "ActionName": "Api.Controllers.AuthController.Register (Api)", "RequestId": "0HNFGT8MUJP88", "RequestPath": "/api/auth/register", "Application": "Crud.Api"}
Activity.TraceId:            3925ea7c68ff5914d5b4353f0e9790f1
Activity.SpanId:             c2203637d2b105f6
Activity.TraceFlags:         Recorded
Activity.ActivitySourceName: Microsoft.AspNetCore
Activity.DisplayName:        POST api/Auth/register
Activity.Kind:               Server
Activity.StartTime:          2025-09-11T04:18:18.6390681Z
Activity.Duration:           00:00:00.3033403
Activity.Tags:
    server.address: localhost
    http.request.method: POST
    url.scheme: http
    url.path: /api/auth/register
    network.protocol.version: 1.1
    http.route: api/Auth/register
    http.response.status_code: 200
Resource associated with Activity:
    deployment.environment: Testing
    service.name: Crud.Api
    service.version: 1.0.0
    service.instance.id: 8958bff5-028e-43b0-8103-5553bc095d18
    telemetry.sdk.name: opentelemetry
    telemetry.sdk.language: dotnet
    telemetry.sdk.version: 1.8.1
[04:18:18 DBG] Cache miss for key: list:window {"SourceContext": "Infrastructure.Services.Caching.InMemoryCacheService", "ActionId": "6d1a496d-83e7-4bce-b6fd-44b2d8bd87a1", "ActionName": "Api.Controllers.WindowsController.List (Api)", "RequestId": "0HNFGT8MUJP89", "RequestPath": "/api/windows", "Application": "Crud.Api"}
[04:18:18 DBG] Set cache value for key: list:window {"SourceContext": "Infrastructure.Services.Caching.InMemoryCacheService", "ActionId": "6d1a496d-83e7-4bce-b6fd-44b2d8bd87a1", "ActionName": "Api.Controllers.WindowsController.List (Api)", "RequestId": "0HNFGT8MUJP89", "RequestPath": "/api/windows", "Application": "Crud.Api"}
Activity.TraceId:            cd8ae33dd5d8bf6ad793f96c8a7a5d94
Activity.SpanId:             f9e02b2f39ae65ca
Activity.TraceFlags:         Recorded
Activity.ActivitySourceName: Microsoft.AspNetCore
Activity.DisplayName:        GET api/Windows
Activity.Kind:               Server
Activity.StartTime:          2025-09-11T04:18:18.9430671Z
Activity.Duration:           00:00:00.0222374
Activity.Tags:
    server.address: localhost
    http.request.method: GET
    url.scheme: http
    url.path: /api/windows
    network.protocol.version: 1.1
    http.route: api/Windows
    http.response.status_code: 200
Resource associated with Activity:
    deployment.environment: Testing
    service.name: Crud.Api
    service.version: 1.0.0
    service.instance.id: 8958bff5-028e-43b0-8103-5553bc095d18
    telemetry.sdk.name: opentelemetry
    telemetry.sdk.language: dotnet
    telemetry.sdk.version: 1.8.1
[04:18:18 DBG] Cache hit for key: list:window {"SourceContext": "Infrastructure.Services.Caching.InMemoryCacheService", "ActionId": "6d1a496d-83e7-4bce-b6fd-44b2d8bd87a1", "ActionName": "Api.Controllers.WindowsController.List (Api)", "RequestId": "0HNFGT8MUJP8A", "RequestPath": "/api/windows", "Application": "Crud.Api"}
Activity.TraceId:            70bf73fcd628dec5b668c563962d9aa9
Activity.SpanId:             40730f2fec2bbe57
Activity.TraceFlags:         Recorded
Activity.ActivitySourceName: Microsoft.AspNetCore
Activity.DisplayName:        GET api/Windows
Activity.Kind:               Server
Activity.StartTime:          2025-09-11T04:18:18.9653999Z
Activity.Duration:           00:00:00.0014369
Activity.Tags:
    server.address: localhost
    http.request.method: GET
    url.scheme: http
    url.path: /api/windows
    network.protocol.version: 1.1
    http.route: api/Windows
    http.response.status_code: 200
Resource associated with Activity:
    deployment.environment: Testing
    service.name: Crud.Api
    service.version: 1.0.0
    service.instance.id: 8958bff5-028e-43b0-8103-5553bc095d18
    telemetry.sdk.name: opentelemetry
    telemetry.sdk.language: dotnet
    telemetry.sdk.version: 1.8.1
[04:18:18 INF] Resetting database for worker 5841 {"SourceContext": "Infrastructure.Services.DatabaseTestService", "Application": "Crud.Api"}
[04:18:18 INF] Resetting database via file deletion for worker 5841 in CI environment {"SourceContext": "Infrastructure.Services.DatabaseTestService", "Application": "Crud.Api"}
[04:18:18 INF] Acquiring database mutex for worker 5841... {"SourceContext": "Infrastructure.Services.DatabaseTestService", "Application": "Crud.Api"}
[04:18:18 INF] Database mutex acquired for worker 5841 {"SourceContext": "Infrastructure.Services.DatabaseTestService", "Application": "Crud.Api"}
[04:18:18 INF] Current database state - CanConnect: True {"SourceContext": "Infrastructure.Services.DatabaseTestService", "Application": "Crud.Api"}
[04:18:18 INF] [Phase 0] Closing database connection for worker 5841... {"SourceContext": "Infrastructure.Services.DatabaseTestService", "Application": "Crud.Api"}
[04:18:18 INF] [Phase 0] Connection closed in 0.0006ms {"SourceContext": "Infrastructure.Services.DatabaseTestService", "Application": "Crud.Api"}
[04:18:18 INF] [Phase 1] Starting EnsureDeletedAsync for worker 5841... {"SourceContext": "Infrastructure.Services.DatabaseTestService", "Application": "Crud.Api"}
[04:18:18 INF] [Phase 1] EnsureDeletedAsync completed in 1.5188ms {"SourceContext": "Infrastructure.Services.DatabaseTestService", "Application": "Crud.Api"}
[04:18:19 INF] [Phase 2] Starting EnsureCreatedAsync for worker 5841... {"SourceContext": "Infrastructure.Services.DatabaseTestService", "Application": "Crud.Api"}
[04:18:19 INF] [Phase 2] EnsureCreatedAsync completed in 7.9622ms {"SourceContext": "Infrastructure.Services.DatabaseTestService", "Application": "Crud.Api"}
[04:18:19 INF] [Phase 3] Skipping database seeding as requested for worker 5841 {"SourceContext": "Infrastructure.Services.DatabaseTestService", "Application": "Crud.Api"}
[04:18:19 INF] Database reset via file deletion completed for worker 5841 in 110.7006ms (Close: 0.0006ms, Delete: 1.5188ms, Create: 7.9622ms) {"SourceContext": "Infrastructure.Services.DatabaseTestService", "Application": "Crud.Api"}
[04:18:19 INF] Releasing database mutex for worker 5841 {"SourceContext": "Infrastructure.Services.DatabaseTestService", "Application": "Crud.Api"}
[04:18:19 INF] Resetting database for worker 5841 {"SourceContext": "Infrastructure.Services.DatabaseTestService", "Application": "Crud.Api"}
[04:18:19 INF] Resetting database via file deletion for worker 5841 in CI environment {"SourceContext": "Infrastructure.Services.DatabaseTestService", "Application": "Crud.Api"}
[04:18:19 INF] Acquiring database mutex for worker 5841... {"SourceContext": "Infrastructure.Services.DatabaseTestService", "Application": "Crud.Api"}
[04:18:19 INF] Database mutex acquired for worker 5841 {"SourceContext": "Infrastructure.Services.DatabaseTestService", "Application": "Crud.Api"}
[04:18:19 INF] Current database state - CanConnect: True {"SourceContext": "Infrastructure.Services.DatabaseTestService", "Application": "Crud.Api"}
[04:18:19 INF] [Phase 0] Closing database connection for worker 5841... {"SourceContext": "Infrastructure.Services.DatabaseTestService", "Application": "Crud.Api"}
[04:18:19 INF] [Phase 0] Connection closed in 0.0006ms {"SourceContext": "Infrastructure.Services.DatabaseTestService", "Application": "Crud.Api"}
[04:18:19 INF] [Phase 1] Starting EnsureDeletedAsync for worker 5841... {"SourceContext": "Infrastructure.Services.DatabaseTestService", "Application": "Crud.Api"}
[04:18:19 INF] [Phase 1] EnsureDeletedAsync completed in 4.273ms {"SourceContext": "Infrastructure.Services.DatabaseTestService", "Application": "Crud.Api"}
[04:18:19 INF] [Phase 2] Starting EnsureCreatedAsync for worker 5841... {"SourceContext": "Infrastructure.Services.DatabaseTestService", "Application": "Crud.Api"}
[04:18:19 INF] [Phase 2] EnsureCreatedAsync completed in 13.84ms {"SourceContext": "Infrastructure.Services.DatabaseTestService", "Application": "Crud.Api"}
[04:18:19 INF] [Phase 3] Skipping database seeding as requested for worker 5841 {"SourceContext": "Infrastructure.Services.DatabaseTestService", "Application": "Crud.Api"}
[04:18:19 INF] Database reset via file deletion completed for worker 5841 in 118.1227ms (Close: 0.0006ms, Delete: 4.273ms, Create: 13.84ms) {"SourceContext": "Infrastructure.Services.DatabaseTestService", "Application": "Crud.Api"}
[04:18:19 INF] Releasing database mutex for worker 5841 {"SourceContext": "Infrastructure.Services.DatabaseTestService", "Application": "Crud.Api"}
[04:18:19 INF] User registered successfully: 3bf35b49-ae6a-46ff-92b0-ed54aafe2755 {"SourceContext": "App.Features.Authentication.RegisterUserCommandHandler", "ActionId": "d49fc7ef-bfa8-4b61-8a95-bffa25d44a82", "ActionName": "Api.Controllers.AuthController.Register (Api)", "RequestId": "0HNFGT8MUJP8B", "RequestPath": "/api/auth/register", "Application": "Crud.Api"}
Activity.TraceId:            a35724aaf2b1f55473ef828e90abc2a1
Activity.SpanId:             823722fab0571f15
Activity.TraceFlags:         Recorded
Activity.ActivitySourceName: Microsoft.AspNetCore
Activity.DisplayName:        POST api/Auth/register
Activity.Kind:               Server
Activity.StartTime:          2025-09-11T04:18:19.2005795Z
Activity.Duration:           00:00:00.3004779
Activity.Tags:
    server.address: localhost
    http.request.method: POST
    url.scheme: http
    url.path: /api/auth/register
    network.protocol.version: 1.1
    http.route: api/Auth/register
    http.response.status_code: 200
Resource associated with Activity:
    deployment.environment: Testing
    service.name: Crud.Api
    service.version: 1.0.0
    service.instance.id: 8958bff5-028e-43b0-8103-5553bc095d18
    telemetry.sdk.name: opentelemetry
    telemetry.sdk.language: dotnet
    telemetry.sdk.version: 1.8.1
[04:18:19 DBG] Cache miss for key: list:role {"SourceContext": "Infrastructure.Services.Caching.InMemoryCacheService", "ActionId": "4a9397b0-6da0-4102-a8c6-943aca7192c5", "ActionName": "Api.Controllers.RolesController.List (Api)", "RequestId": "0HNFGT8MUJP8C", "RequestPath": "/api/roles", "Application": "Crud.Api"}
[04:18:19 DBG] Set cache value for key: list:role {"SourceContext": "Infrastructure.Services.Caching.InMemoryCacheService", "ActionId": "4a9397b0-6da0-4102-a8c6-943aca7192c5", "ActionName": "Api.Controllers.RolesController.List (Api)", "RequestId": "0HNFGT8MUJP8C", "RequestPath": "/api/roles", "Application": "Crud.Api"}
Activity.TraceId:            1ca036876730fbf487032ec9974096cf
Activity.SpanId:             2182b024fa0f9c1a
Activity.TraceFlags:         Recorded
Activity.ActivitySourceName: Microsoft.AspNetCore
Activity.DisplayName:        GET api/Roles
Activity.Kind:               Server
Activity.StartTime:          2025-09-11T04:18:19.5015219Z
Activity.Duration:           00:00:00.0055566
Activity.Tags:
    server.address: localhost
    http.request.method: GET
    url.scheme: http
    url.path: /api/roles
    network.protocol.version: 1.1
    http.route: api/Roles
    http.response.status_code: 200
Resource associated with Activity:
    deployment.environment: Testing
    service.name: Crud.Api
    service.version: 1.0.0
    service.instance.id: 8958bff5-028e-43b0-8103-5553bc095d18
    telemetry.sdk.name: opentelemetry
    telemetry.sdk.language: dotnet
    telemetry.sdk.version: 1.8.1
[04:18:19 DBG] Cache hit for key: list:role {"SourceContext": "Infrastructure.Services.Caching.InMemoryCacheService", "ActionId": "4a9397b0-6da0-4102-a8c6-943aca7192c5", "ActionName": "Api.Controllers.RolesController.List (Api)", "RequestId": "0HNFGT8MUJP8D", "RequestPath": "/api/roles", "Application": "Crud.Api"}
Activity.TraceId:            83b4cdfc6ee9a8131fe3eeac8684d477
Activity.SpanId:             171df3f18a0449d7
Activity.TraceFlags:         Recorded
Activity.ActivitySourceName: Microsoft.AspNetCore
Activity.DisplayName:        GET api/Roles
Activity.Kind:               Server
Activity.StartTime:          2025-09-11T04:18:19.5071718Z
Activity.Duration:           00:00:00.0003866
Activity.Tags:
    server.address: localhost
    http.request.method: GET
    url.scheme: http
    url.path: /api/roles
    network.protocol.version: 1.1
    http.route: api/Roles
    http.response.status_code: 200
Resource associated with Activity:
    deployment.environment: Testing
    service.name: Crud.Api
    service.version: 1.0.0
    service.instance.id: 8958bff5-028e-43b0-8103-5553bc095d18
    telemetry.sdk.name: opentelemetry
    telemetry.sdk.language: dotnet
    telemetry.sdk.version: 1.8.1
[04:18:19 INF] Resetting database for worker 5841 {"SourceContext": "Infrastructure.Services.DatabaseTestService", "Application": "Crud.Api"}
[04:18:19 INF] Resetting database via file deletion for worker 5841 in CI environment {"SourceContext": "Infrastructure.Services.DatabaseTestService", "Application": "Crud.Api"}
[04:18:19 INF] Acquiring database mutex for worker 5841... {"SourceContext": "Infrastructure.Services.DatabaseTestService", "Application": "Crud.Api"}
[04:18:19 INF] Database mutex acquired for worker 5841 {"SourceContext": "Infrastructure.Services.DatabaseTestService", "Application": "Crud.Api"}
[04:18:19 INF] Current database state - CanConnect: True {"SourceContext": "Infrastructure.Services.DatabaseTestService", "Application": "Crud.Api"}
[04:18:19 INF] [Phase 0] Closing database connection for worker 5841... {"SourceContext": "Infrastructure.Services.DatabaseTestService", "Application": "Crud.Api"}
[04:18:19 INF] [Phase 0] Connection closed in 0.0008ms {"SourceContext": "Infrastructure.Services.DatabaseTestService", "Application": "Crud.Api"}
[04:18:19 INF] [Phase 1] Starting EnsureDeletedAsync for worker 5841... {"SourceContext": "Infrastructure.Services.DatabaseTestService", "Application": "Crud.Api"}
[04:18:19 INF] [Phase 1] EnsureDeletedAsync completed in 1.2585ms {"SourceContext": "Infrastructure.Services.DatabaseTestService", "Application": "Crud.Api"}
[04:18:19 INF] [Phase 2] Starting EnsureCreatedAsync for worker 5841... {"SourceContext": "Infrastructure.Services.DatabaseTestService", "Application": "Crud.Api"}
[04:18:19 INF] [Phase 2] EnsureCreatedAsync completed in 8.0777ms {"SourceContext": "Infrastructure.Services.DatabaseTestService", "Application": "Crud.Api"}
[04:18:19 INF] [Phase 3] Skipping database seeding as requested for worker 5841 {"SourceContext": "Infrastructure.Services.DatabaseTestService", "Application": "Crud.Api"}
[04:18:19 INF] Database reset via file deletion completed for worker 5841 in 110.6546ms (Close: 0.0008ms, Delete: 1.2585ms, Create: 8.0777ms) {"SourceContext": "Infrastructure.Services.DatabaseTestService", "Application": "Crud.Api"}
[04:18:19 INF] Releasing database mutex for worker 5841 {"SourceContext": "Infrastructure.Services.DatabaseTestService", "Application": "Crud.Api"}
[04:18:19 INF] Resetting database for worker 5841 {"SourceContext": "Infrastructure.Services.DatabaseTestService", "Application": "Crud.Api"}
[04:18:19 INF] Resetting database via file deletion for worker 5841 in CI environment {"SourceContext": "Infrastructure.Services.DatabaseTestService", "Application": "Crud.Api"}
[04:18:19 INF] Acquiring database mutex for worker 5841... {"SourceContext": "Infrastructure.Services.DatabaseTestService", "Application": "Crud.Api"}
[04:18:19 INF] Database mutex acquired for worker 5841 {"SourceContext": "Infrastructure.Services.DatabaseTestService", "Application": "Crud.Api"}
[04:18:19 INF] Current database state - CanConnect: True {"SourceContext": "Infrastructure.Services.DatabaseTestService", "Application": "Crud.Api"}
[04:18:19 INF] [Phase 0] Closing database connection for worker 5841... {"SourceContext": "Infrastructure.Services.DatabaseTestService", "Application": "Crud.Api"}
[04:18:19 INF] [Phase 0] Connection closed in 0.0009ms {"SourceContext": "Infrastructure.Services.DatabaseTestService", "Application": "Crud.Api"}
[04:18:19 INF] [Phase 1] Starting EnsureDeletedAsync for worker 5841... {"SourceContext": "Infrastructure.Services.DatabaseTestService", "Application": "Crud.Api"}
[04:18:19 INF] [Phase 1] EnsureDeletedAsync completed in 1.3882ms {"SourceContext": "Infrastructure.Services.DatabaseTestService", "Application": "Crud.Api"}
[04:18:19 INF] [Phase 2] Starting EnsureCreatedAsync for worker 5841... {"SourceContext": "Infrastructure.Services.DatabaseTestService", "Application": "Crud.Api"}
[04:18:19 INF] [Phase 2] EnsureCreatedAsync completed in 7.6855ms {"SourceContext": "Infrastructure.Services.DatabaseTestService", "Application": "Crud.Api"}
[04:18:19 INF] [Phase 3] Skipping database seeding as requested for worker 5841 {"SourceContext": "Infrastructure.Services.DatabaseTestService", "Application": "Crud.Api"}
[04:18:19 INF] Database reset via file deletion completed for worker 5841 in 109.3255ms (Close: 0.0009ms, Delete: 1.3882ms, Create: 7.6855ms) {"SourceContext": "Infrastructure.Services.DatabaseTestService", "Application": "Crud.Api"}
[04:18:19 INF] Releasing database mutex for worker 5841 {"SourceContext": "Infrastructure.Services.DatabaseTestService", "Application": "Crud.Api"}
[04:18:20 INF] User registered successfully: c72b4b1f-9784-4e16-aad0-ba36fb374cdd {"SourceContext": "App.Features.Authentication.RegisterUserCommandHandler", "ActionId": "d49fc7ef-bfa8-4b61-8a95-bffa25d44a82", "ActionName": "Api.Controllers.AuthController.Register (Api)", "RequestId": "0HNFGT8MUJP8E", "RequestPath": "/api/auth/register", "Application": "Crud.Api"}
Activity.TraceId:            58b871b335ca4f5b55e4ddeda58dce7d
Activity.SpanId:             af01c012a6e827e8
Activity.TraceFlags:         Recorded
Activity.ActivitySourceName: Microsoft.AspNetCore
Activity.DisplayName:        POST api/Auth/register
Activity.Kind:               Server
Activity.StartTime:          2025-09-11T04:18:19.7321529Z
Activity.Duration:           00:00:00.2981360
Activity.Tags:
    server.address: localhost
    http.request.method: POST
    url.scheme: http
    url.path: /api/auth/register
    network.protocol.version: 1.1
    http.route: api/Auth/register
    http.response.status_code: 200
Resource associated with Activity:
    deployment.environment: Testing
    service.name: Crud.Api
    service.version: 1.0.0
    service.instance.id: 8958bff5-028e-43b0-8103-5553bc095d18
    telemetry.sdk.name: opentelemetry
    telemetry.sdk.language: dotnet
    telemetry.sdk.version: 1.8.1
[04:18:20 DBG] Cache miss for key: list:person {"SourceContext": "Infrastructure.Services.Caching.InMemoryCacheService", "ActionId": "555d08c3-b70d-4c42-9ada-f30fe13a770f", "ActionName": "Api.Controllers.PeopleController.List (Api)", "RequestId": "0HNFGT8MUJP8F", "RequestPath": "/api/people", "Application": "Crud.Api"}
[04:18:20 DBG] Set cache value for key: list:person {"SourceContext": "Infrastructure.Services.Caching.InMemoryCacheService", "ActionId": "555d08c3-b70d-4c42-9ada-f30fe13a770f", "ActionName": "Api.Controllers.PeopleController.List (Api)", "RequestId": "0HNFGT8MUJP8F", "RequestPath": "/api/people", "Application": "Crud.Api"}
Activity.TraceId:            4f79e2964ff0fd70efe4b6d0d8b213e4
Activity.SpanId:             b30a475b8759cd02
Activity.TraceFlags:         Recorded
Activity.ActivitySourceName: Microsoft.AspNetCore
Activity.DisplayName:        GET api/People
Activity.Kind:               Server
Activity.StartTime:          2025-09-11T04:18:20.0315101Z
Activity.Duration:           00:00:00.0175829
Activity.Tags:
    server.address: localhost
    http.request.method: GET
    url.scheme: http
    url.path: /api/people
    network.protocol.version: 1.1
    http.route: api/People
    http.response.status_code: 200
Resource associated with Activity:
    deployment.environment: Testing
    service.name: Crud.Api
    service.version: 1.0.0
    service.instance.id: 8958bff5-028e-43b0-8103-5553bc095d18
    telemetry.sdk.name: opentelemetry
    telemetry.sdk.language: dotnet
    telemetry.sdk.version: 1.8.1
[04:18:20 DBG] Cache hit for key: list:person {"SourceContext": "Infrastructure.Services.Caching.InMemoryCacheService", "ActionId": "555d08c3-b70d-4c42-9ada-f30fe13a770f", "ActionName": "Api.Controllers.PeopleController.List (Api)", "RequestId": "0HNFGT8MUJP8G", "RequestPath": "/api/people", "Application": "Crud.Api"}
Activity.TraceId:            937f2f06bf9307e4eff1ee7b5294b823
Activity.SpanId:             4d4fe6ad1168d740
Activity.TraceFlags:         Recorded
Activity.ActivitySourceName: Microsoft.AspNetCore
Activity.DisplayName:        GET api/People
Activity.Kind:               Server
Activity.StartTime:          2025-09-11T04:18:20.0491906Z
Activity.Duration:           00:00:00.0010382
Activity.Tags:
    server.address: localhost
    http.request.method: GET
    url.scheme: http
    url.path: /api/people
    network.protocol.version: 1.1
    http.route: api/People
    http.response.status_code: 200
Resource associated with Activity:
    deployment.environment: Testing
    service.name: Crud.Api
    service.version: 1.0.0
    service.instance.id: 8958bff5-028e-43b0-8103-5553bc095d18
    telemetry.sdk.name: opentelemetry
    telemetry.sdk.language: dotnet
    telemetry.sdk.version: 1.8.1
[04:18:20 INF] Resetting database for worker 5841 {"SourceContext": "Infrastructure.Services.DatabaseTestService", "Application": "Crud.Api"}
[04:18:20 INF] Resetting database via file deletion for worker 5841 in CI environment {"SourceContext": "Infrastructure.Services.DatabaseTestService", "Application": "Crud.Api"}
[04:18:20 INF] Acquiring database mutex for worker 5841... {"SourceContext": "Infrastructure.Services.DatabaseTestService", "Application": "Crud.Api"}
[04:18:20 INF] Database mutex acquired for worker 5841 {"SourceContext": "Infrastructure.Services.DatabaseTestService", "Application": "Crud.Api"}
[04:18:20 INF] Current database state - CanConnect: True {"SourceContext": "Infrastructure.Services.DatabaseTestService", "Application": "Crud.Api"}
[04:18:20 INF] [Phase 0] Closing database connection for worker 5841... {"SourceContext": "Infrastructure.Services.DatabaseTestService", "Application": "Crud.Api"}
[04:18:20 INF] [Phase 0] Connection closed in 0.0007ms {"SourceContext": "Infrastructure.Services.DatabaseTestService", "Application": "Crud.Api"}
[04:18:20 INF] [Phase 1] Starting EnsureDeletedAsync for worker 5841... {"SourceContext": "Infrastructure.Services.DatabaseTestService", "Application": "Crud.Api"}
[04:18:20 INF] [Phase 1] EnsureDeletedAsync completed in 1.3263ms {"SourceContext": "Infrastructure.Services.DatabaseTestService", "Application": "Crud.Api"}
[04:18:20 INF] [Phase 2] Starting EnsureCreatedAsync for worker 5841... {"SourceContext": "Infrastructure.Services.DatabaseTestService", "Application": "Crud.Api"}
[04:18:20 INF] [Phase 2] EnsureCreatedAsync completed in 8.7387ms {"SourceContext": "Infrastructure.Services.DatabaseTestService", "Application": "Crud.Api"}
[04:18:20 INF] [Phase 3] Skipping database seeding as requested for worker 5841 {"SourceContext": "Infrastructure.Services.DatabaseTestService", "Application": "Crud.Api"}
[04:18:20 INF] Database reset via file deletion completed for worker 5841 in 110.4056ms (Close: 0.0007ms, Delete: 1.3263ms, Create: 8.7387ms) {"SourceContext": "Infrastructure.Services.DatabaseTestService", "Application": "Crud.Api"}
[04:18:20 INF] Releasing database mutex for worker 5841 {"SourceContext": "Infrastructure.Services.DatabaseTestService", "Application": "Crud.Api"}
[04:18:20 INF] Resetting database for worker 5841 {"SourceContext": "Infrastructure.Services.DatabaseTestService", "Application": "Crud.Api"}
[04:18:20 INF] Resetting database via file deletion for worker 5841 in CI environment {"SourceContext": "Infrastructure.Services.DatabaseTestService", "Application": "Crud.Api"}
[04:18:20 INF] Acquiring database mutex for worker 5841... {"SourceContext": "Infrastructure.Services.DatabaseTestService", "Application": "Crud.Api"}
[04:18:20 INF] Database mutex acquired for worker 5841 {"SourceContext": "Infrastructure.Services.DatabaseTestService", "Application": "Crud.Api"}
[04:18:20 INF] Current database state - CanConnect: True {"SourceContext": "Infrastructure.Services.DatabaseTestService", "Application": "Crud.Api"}
[04:18:20 INF] [Phase 0] Closing database connection for worker 5841... {"SourceContext": "Infrastructure.Services.DatabaseTestService", "Application": "Crud.Api"}
[04:18:20 INF] [Phase 0] Connection closed in 0.0005ms {"SourceContext": "Infrastructure.Services.DatabaseTestService", "Application": "Crud.Api"}
[04:18:20 INF] [Phase 1] Starting EnsureDeletedAsync for worker 5841... {"SourceContext": "Infrastructure.Services.DatabaseTestService", "Application": "Crud.Api"}
[04:18:20 INF] [Phase 1] EnsureDeletedAsync completed in 1.5623ms {"SourceContext": "Infrastructure.Services.DatabaseTestService", "Application": "Crud.Api"}
[04:18:20 INF] [Phase 2] Starting EnsureCreatedAsync for worker 5841... {"SourceContext": "Infrastructure.Services.DatabaseTestService", "Application": "Crud.Api"}
[04:18:20 INF] [Phase 2] EnsureCreatedAsync completed in 8.2519ms {"SourceContext": "Infrastructure.Services.DatabaseTestService", "Application": "Crud.Api"}
[04:18:20 INF] [Phase 3] Skipping database seeding as requested for worker 5841 {"SourceContext": "Infrastructure.Services.DatabaseTestService", "Application": "Crud.Api"}
[04:18:20 INF] Database reset via file deletion completed for worker 5841 in 110.6312ms (Close: 0.0005ms, Delete: 1.5623ms, Create: 8.2519ms) {"SourceContext": "Infrastructure.Services.DatabaseTestService", "Application": "Crud.Api"}
[04:18:20 INF] Releasing database mutex for worker 5841 {"SourceContext": "Infrastructure.Services.DatabaseTestService", "Application": "Crud.Api"}
[04:18:20 INF] User registered successfully: 21618fbb-b308-41d0-98dc-cc35a6e2f74b {"SourceContext": "App.Features.Authentication.RegisterUserCommandHandler", "ActionId": "d49fc7ef-bfa8-4b61-8a95-bffa25d44a82", "ActionName": "Api.Controllers.AuthController.Register (Api)", "RequestId": "0HNFGT8MUJP8H", "RequestPath": "/api/auth/register", "Application": "Crud.Api"}
Activity.TraceId:            57a6f5562bb45fc1106f3b36510aeb69
Activity.SpanId:             7d89545ff008c808
Activity.TraceFlags:         Recorded
Activity.ActivitySourceName: Microsoft.AspNetCore
Activity.DisplayName:        POST api/Auth/register
Activity.Kind:               Server
Activity.StartTime:          2025-09-11T04:18:20.2757382Z
Activity.Duration:           00:00:00.3055719
Activity.Tags:
    server.address: localhost
    http.request.method: POST
    url.scheme: http
    url.path: /api/auth/register
    network.protocol.version: 1.1
    http.route: api/Auth/register
    http.response.status_code: 200
Resource associated with Activity:
    deployment.environment: Testing
    service.name: Crud.Api
    service.version: 1.0.0
    service.instance.id: 8958bff5-028e-43b0-8103-5553bc095d18
    telemetry.sdk.name: opentelemetry
    telemetry.sdk.language: dotnet
    telemetry.sdk.version: 1.8.1
[04:18:20 DBG] Cache miss for key: entity:person:82672f921bec485aaf2da6dcbd0f0e9a {"SourceContext": "Infrastructure.Services.Caching.InMemoryCacheService", "ActionId": "e46320b4-e936-4178-a2fc-277c285b5af4", "ActionName": "Api.Controllers.PeopleController.Get (Api)", "RequestId": "0HNFGT8MUJP8I", "RequestPath": "/api/people/82672f92-1bec-485a-af2d-a6dcbd0f0e9a", "Application": "Crud.Api"}
[04:18:20 DBG] Set cache value for key: entity:person:82672f921bec485aaf2da6dcbd0f0e9a {"SourceContext": "Infrastructure.Services.Caching.InMemoryCacheService", "ActionId": "e46320b4-e936-4178-a2fc-277c285b5af4", "ActionName": "Api.Controllers.PeopleController.Get (Api)", "RequestId": "0HNFGT8MUJP8I", "RequestPath": "/api/people/82672f92-1bec-485a-af2d-a6dcbd0f0e9a", "Application": "Crud.Api"}
Activity.TraceId:            de755038a1160c8d39a43641dbbe5729
Activity.SpanId:             317de626b18abcdd
Activity.TraceFlags:         Recorded
Activity.ActivitySourceName: Microsoft.AspNetCore
Activity.DisplayName:        GET api/People/{id:guid}
Activity.Kind:               Server
Activity.StartTime:          2025-09-11T04:18:20.5818358Z
Activity.Duration:           00:00:00.0073983
Activity.Tags:
    server.address: localhost
    http.request.method: GET
    url.scheme: http
    url.path: /api/people/82672f92-1bec-485a-af2d-a6dcbd0f0e9a
    network.protocol.version: 1.1
    http.route: api/People/{id:guid}
    http.response.status_code: 200
Resource associated with Activity:
    deployment.environment: Testing
    service.name: Crud.Api
    service.version: 1.0.0
    service.instance.id: 8958bff5-028e-43b0-8103-5553bc095d18
    telemetry.sdk.name: opentelemetry
    telemetry.sdk.language: dotnet
    telemetry.sdk.version: 1.8.1
[04:18:20 DBG] Cache hit for key: entity:person:82672f921bec485aaf2da6dcbd0f0e9a {"SourceContext": "Infrastructure.Services.Caching.InMemoryCacheService", "ActionId": "e46320b4-e936-4178-a2fc-277c285b5af4", "ActionName": "Api.Controllers.PeopleController.Get (Api)", "RequestId": "0HNFGT8MUJP8J", "RequestPath": "/api/people/82672f92-1bec-485a-af2d-a6dcbd0f0e9a", "Application": "Crud.Api"}
Activity.TraceId:            8d797a3da5e3037d488be1347663d23c
Activity.SpanId:             0ee2de9c826249f4
Activity.TraceFlags:         Recorded
Activity.ActivitySourceName: Microsoft.AspNetCore
Activity.DisplayName:        GET api/People/{id:guid}
Activity.Kind:               Server
Activity.StartTime:          2025-09-11T04:18:20.5897090Z
Activity.Duration:           00:00:00.0005094
Activity.Tags:
    server.address: localhost
    http.request.method: GET
    url.scheme: http
    url.path: /api/people/82672f92-1bec-485a-af2d-a6dcbd0f0e9a
    network.protocol.version: 1.1
    http.route: api/People/{id:guid}
    http.response.status_code: 200
Resource associated with Activity:
    deployment.environment: Testing
    service.name: Crud.Api
    service.version: 1.0.0
    service.instance.id: 8958bff5-028e-43b0-8103-5553bc095d18
    telemetry.sdk.name: opentelemetry
    telemetry.sdk.language: dotnet
    telemetry.sdk.version: 1.8.1
[04:18:20 INF] Resetting database for worker 5841 {"SourceContext": "Infrastructure.Services.DatabaseTestService", "Application": "Crud.Api"}
[04:18:20 INF] Resetting database via file deletion for worker 5841 in CI environment {"SourceContext": "Infrastructure.Services.DatabaseTestService", "Application": "Crud.Api"}
[04:18:20 INF] Acquiring database mutex for worker 5841... {"SourceContext": "Infrastructure.Services.DatabaseTestService", "Application": "Crud.Api"}
[04:18:20 INF] Database mutex acquired for worker 5841 {"SourceContext": "Infrastructure.Services.DatabaseTestService", "Application": "Crud.Api"}
[04:18:20 INF] Current database state - CanConnect: True {"SourceContext": "Infrastructure.Services.DatabaseTestService", "Application": "Crud.Api"}
[04:18:20 INF] [Phase 0] Closing database connection for worker 5841... {"SourceContext": "Infrastructure.Services.DatabaseTestService", "Application": "Crud.Api"}
[04:18:20 INF] [Phase 0] Connection closed in 0.0006ms {"SourceContext": "Infrastructure.Services.DatabaseTestService", "Application": "Crud.Api"}
[04:18:20 INF] [Phase 1] Starting EnsureDeletedAsync for worker 5841... {"SourceContext": "Infrastructure.Services.DatabaseTestService", "Application": "Crud.Api"}
[04:18:20 INF] [Phase 1] EnsureDeletedAsync completed in 1.4425ms {"SourceContext": "Infrastructure.Services.DatabaseTestService", "Application": "Crud.Api"}
[04:18:20 INF] [Phase 2] Starting EnsureCreatedAsync for worker 5841... {"SourceContext": "Infrastructure.Services.DatabaseTestService", "Application": "Crud.Api"}
[04:18:20 INF] [Phase 2] EnsureCreatedAsync completed in 11.4751ms {"SourceContext": "Infrastructure.Services.DatabaseTestService", "Application": "Crud.Api"}
[04:18:20 INF] [Phase 3] Skipping database seeding as requested for worker 5841 {"SourceContext": "Infrastructure.Services.DatabaseTestService", "Application": "Crud.Api"}
[04:18:20 INF] Database reset via file deletion completed for worker 5841 in 113.6073ms (Close: 0.0006ms, Delete: 1.4425ms, Create: 11.4751ms) {"SourceContext": "Infrastructure.Services.DatabaseTestService", "Application": "Crud.Api"}
[04:18:20 INF] Releasing database mutex for worker 5841 {"SourceContext": "Infrastructure.Services.DatabaseTestService", "Application": "Crud.Api"}
Resource associated with Metric:
    deployment.environment: Testing
    service.name: Crud.Api
    service.version: 1.0.0
    service.instance.id: 8958bff5-028e-43b0-8103-5553bc095d18
    telemetry.sdk.name: opentelemetry
    telemetry.sdk.language: dotnet
    telemetry.sdk.version: 1.8.1
Metric Name: http.server.active_requests, Number of active HTTP server requests., Unit: {request}, Meter: Microsoft.AspNetCore.Hosting
(2025-09-11T04:18:17.9292073Z, 2025-09-11T04:18:20.7055324Z] http.request.method: POST url.scheme: http LongSumNonMonotonic
Value: 0
(2025-09-11T04:18:17.9292073Z, 2025-09-11T04:18:20.7055324Z] http.request.method: GET url.scheme: http LongSumNonMonotonic
Value: 0
Metric Name: http.server.request.duration, Duration of HTTP server requests., Unit: s, Meter: Microsoft.AspNetCore.Hosting
(2025-09-11T04:18:17.9292294Z, 2025-09-11T04:18:20.7055348Z] http.request.method: POST http.response.status_code: 200 http.route: api/Auth/register network.protocol.version: 1.1 url.scheme: http Histogram
Value: Sum: 1.5129267 Count: 5 Min: 0.2981351 Max: 0.3055712 
(-Infinity,0.005]:0
(0.005,0.01]:0
(0.01,0.025]:0
(0.025,0.05]:0
(0.05,0.075]:0
(0.075,0.1]:0
(0.1,0.25]:0
(0.25,0.5]:5
(0.5,0.75]:0
(0.75,1]:0
(1,2.5]:0
(2.5,5]:0
(5,7.5]:0
(7.5,10]:0
(10,+Infinity]:0
(2025-09-11T04:18:17.9292294Z, 2025-09-11T04:18:20.7055348Z] http.request.method: GET http.response.status_code: 200 http.route: api/Walls network.protocol.version: 1.1 url.scheme: http Histogram
Value: Sum: 0.013776100000000001 Count: 2 Min: 0.0019333 Max: 0.0118428 
(-Infinity,0.005]:1
(0.005,0.01]:0
(0.01,0.025]:1
(0.025,0.05]:0
(0.05,0.075]:0
(0.075,0.1]:0
(0.1,0.25]:0
(0.25,0.5]:0
(0.5,0.75]:0
(0.75,1]:0
(1,2.5]:0
(2.5,5]:0
(5,7.5]:0
(7.5,10]:0
(10,+Infinity]:0
(2025-09-11T04:18:17.9292294Z, 2025-09-11T04:18:20.7055348Z] http.request.method: GET http.response.status_code: 200 http.route: api/Windows network.protocol.version: 1.1 url.scheme: http Histogram
Value: Sum: 0.0236689 Count: 2 Min: 0.0014353 Max: 0.0222336 
(-Infinity,0.005]:1
(0.005,0.01]:0
(0.01,0.025]:1
(0.025,0.05]:0
(0.05,0.075]:0
(0.075,0.1]:0
(0.1,0.25]:0
(0.25,0.5]:0
(0.5,0.75]:0
(0.75,1]:0
(1,2.5]:0
(2.5,5]:0
(5,7.5]:0
(7.5,10]:0
(10,+Infinity]:0
(2025-09-11T04:18:17.9292294Z, 2025-09-11T04:18:20.7055348Z] http.request.method: GET http.response.status_code: 200 http.route: api/Roles network.protocol.version: 1.1 url.scheme: http Histogram
Value: Sum: 0.0059333 Count: 2 Min: 0.0003847 Max: 0.0055486 
(-Infinity,0.005]:1
(0.005,0.01]:1
(0.01,0.025]:0
(0.025,0.05]:0
(0.05,0.075]:0
(0.075,0.1]:0
(0.1,0.25]:0
(0.25,0.5]:0
(0.5,0.75]:0
(0.75,1]:0
(1,2.5]:0
(2.5,5]:0
(5,7.5]:0
(7.5,10]:0
(10,+Infinity]:0
(2025-09-11T04:18:17.9292294Z, 2025-09-11T04:18:20.7055348Z] http.request.method: GET http.response.status_code: 200 http.route: api/People network.protocol.version: 1.1 url.scheme: http Histogram
Value: Sum: 0.018614400000000003 Count: 2 Min: 0.001039 Max: 0.0175754 
(-Infinity,0.005]:1
(0.005,0.01]:0
(0.01,0.025]:1
(0.025,0.05]:0
(0.05,0.075]:0
(0.075,0.1]:0
(0.1,0.25]:0
(0.25,0.5]:0
(0.5,0.75]:0
(0.75,1]:0
(1,2.5]:0
(2.5,5]:0
(5,7.5]:0
(7.5,10]:0
(10,+Infinity]:0
(2025-09-11T04:18:17.9292294Z, 2025-09-11T04:18:20.7055348Z] http.request.method: GET http.response.status_code: 200 http.route: api/People/{id:guid} network.protocol.version: 1.1 url.scheme: http Histogram
Value: Sum: 0.0079035 Count: 2 Min: 0.0005086 Max: 0.0073949 
(-Infinity,0.005]:1
(0.005,0.01]:1
(0.01,0.025]:0
(0.025,0.05]:0
(0.05,0.075]:0
(0.075,0.1]:0
(0.1,0.25]:0
(0.25,0.5]:0
(0.5,0.75]:0
(0.75,1]:0
(1,2.5]:0
(2.5,5]:0
(5,7.5]:0
(7.5,10]:0
(10,+Infinity]:0
Metric Name: aspnetcore.rate_limiting.active_request_leases, Number of HTTP requests that are currently active on the server that hold a rate limiting lease., Unit: {request}, Meter: Microsoft.AspNetCore.RateLimiting
(2025-09-11T04:18:17.9311939Z, 2025-09-11T04:18:20.7055352Z] LongSumNonMonotonic
Value: 0
Metric Name: aspnetcore.rate_limiting.request_lease.duration, The duration of rate limiting leases held by HTTP requests on the server., Unit: s, Meter: Microsoft.AspNetCore.RateLimiting
(2025-09-11T04:18:17.9312274Z, 2025-09-11T04:18:20.7055356Z] Histogram
Value: Sum: 1.5787049 Count: 15 Min: 0.000343 Max: 0.3054856 
(-Infinity,0.005]:5
(0.005,0.01]:2
(0.01,0.025]:3
(0.025,0.05]:0
(0.05,0.075]:0
(0.075,0.1]:0
(0.1,0.25]:0
(0.25,0.5]:5
(0.5,0.75]:0
(0.75,1]:0
(1,2.5]:0
(2.5,5]:0
(5,7.5]:0
(7.5,10]:0
(10,+Infinity]:0
Metric Name: aspnetcore.rate_limiting.requests, Number of requests that tried to acquire a rate limiting lease. Requests could be rejected by global or endpoint rate limiting policies. Or the request could be canceled while waiting for the lease., Unit: {request}, Meter: Microsoft.AspNetCore.RateLimiting
(2025-09-11T04:18:17.9312900Z, 2025-09-11T04:18:20.7055366Z] aspnetcore.rate_limiting.result: acquired LongSum
Value: 15
Metric Name: aspnetcore.routing.match_attempts, Number of requests that were attempted to be matched to an endpoint., Unit: {match_attempt}, Meter: Microsoft.AspNetCore.Routing
(2025-09-11T04:18:17.9320419Z, 2025-09-11T04:18:20.7055370Z] aspnetcore.routing.is_fallback: false aspnetcore.routing.match_status: success http.route: api/Auth/register LongSum
Value: 5
(2025-09-11T04:18:17.9320419Z, 2025-09-11T04:18:20.7055370Z] aspnetcore.routing.is_fallback: false aspnetcore.routing.match_status: success http.route: api/Walls LongSum
Value: 2
(2025-09-11T04:18:17.9320419Z, 2025-09-11T04:18:20.7055370Z] aspnetcore.routing.is_fallback: false aspnetcore.routing.match_status: success http.route: api/Windows LongSum
Value: 2
(2025-09-11T04:18:17.9320419Z, 2025-09-11T04:18:20.7055370Z] aspnetcore.routing.is_fallback: false aspnetcore.routing.match_status: success http.route: api/Roles LongSum
Value: 2
(2025-09-11T04:18:17.9320419Z, 2025-09-11T04:18:20.7055370Z] aspnetcore.routing.is_fallback: false aspnetcore.routing.match_status: success http.route: api/People LongSum
Value: 2
(2025-09-11T04:18:17.9320419Z, 2025-09-11T04:18:20.7055370Z] aspnetcore.routing.is_fallback: false aspnetcore.routing.match_status: success http.route: api/People/{id:guid} LongSum
Value: 2
[04:18:20 INF] Starting Crud API application {"Application": "Crud.Api"}
[04:18:20 INF] Using SQLite provider with connection: Data Source=TestDatabase.db {"Application": "Crud.Api"}
[04:18:20 INF] Database ensured successfully {"Application": "Crud.Api"}
[04:18:20 INF] Application configured successfully. Starting web host... {"Application": "Crud.Api"}
[04:18:20 WRN] Failed to determine the https port for redirect. {"EventId": {"Id": 3, "Name": "FailedToDeterminePort"}, "SourceContext": "Microsoft.AspNetCore.HttpsPolicy.HttpsRedirectionMiddleware", "RequestId": "0HNFGT8MUJP8K", "RequestPath": "/api/auth/register", "Application": "Crud.Api"}
[04:18:21 INF] User registered successfully: 41c4bccf-49a7-4a34-a557-889814d6231a {"SourceContext": "App.Features.Authentication.RegisterUserCommandHandler", "ActionId": "ae3a8892-b7e6-422a-b93d-be1163cafcd6", "ActionName": "Api.Controllers.AuthController.Register (Api)", "RequestId": "0HNFGT8MUJP8K", "RequestPath": "/api/auth/register", "Application": "Crud.Api"}
Activity.TraceId:            9702cd653bda4bce48fb9b56da499b89
Activity.SpanId:             8978354f9e63cfcf
Activity.TraceFlags:         Recorded
Activity.ActivitySourceName: Microsoft.AspNetCore
Activity.DisplayName:        POST api/Auth/register
Activity.Kind:               Server
Activity.StartTime:          2025-09-11T04:18:20.7401496Z
Activity.Duration:           00:00:00.3065509
Activity.Tags:
    server.address: localhost
    http.request.method: POST
    url.scheme: http
    url.path: /api/auth/register
    network.protocol.version: 1.1
    http.route: api/Auth/register
    http.response.status_code: 200
Resource associated with Activity:
    deployment.environment: Testing
    service.name: Crud.Api
    service.version: 1.0.0
    service.instance.id: 8958bff5-028e-43b0-8103-5553bc095d18
    telemetry.sdk.name: opentelemetry
    telemetry.sdk.language: dotnet
    telemetry.sdk.version: 1.8.1
[04:18:21 INF] User logged in successfully: 41c4bccf-49a7-4a34-a557-889814d6231a {"SourceContext": "App.Features.Authentication.LoginCommandHandler", "ActionId": "2dc5c831-9313-45c6-a2e2-cdf1ec58e5bc", "ActionName": "Api.Controllers.AuthController.Login (Api)", "RequestId": "0HNFGT8MUJP8L", "RequestPath": "/api/auth/login", "Application": "Crud.Api"}
Activity.TraceId:            5a58759a1293c688585907e8504f09ea
Activity.SpanId:             8e3a8a5b8153560b
Activity.TraceFlags:         Recorded
Activity.ActivitySourceName: Microsoft.AspNetCore
Activity.DisplayName:        POST api/Auth/login
Activity.Kind:               Server
Activity.StartTime:          2025-09-11T04:18:21.0493478Z
Activity.Duration:           00:00:00.3029044
Activity.Tags:
    server.address: localhost
    http.request.method: POST
    url.scheme: http
    url.path: /api/auth/login
    network.protocol.version: 1.1
    http.route: api/Auth/login
    http.response.status_code: 200
Resource associated with Activity:
    deployment.environment: Testing
    service.name: Crud.Api
    service.version: 1.0.0
    service.instance.id: 8958bff5-028e-43b0-8103-5553bc095d18
    telemetry.sdk.name: opentelemetry
    telemetry.sdk.language: dotnet
    telemetry.sdk.version: 1.8.1
[04:18:21 DBG] Removed cache value for key: entity:role:c82564a57eff427284598a6134814723 {"SourceContext": "Infrastructure.Services.Caching.InMemoryCacheService", "ActionId": "9b2526d9-c456-4ed0-8af0-29dcac892646", "ActionName": "Api.Controllers.RolesController.Delete (Api)", "RequestId": "0HNFGT8MUJP8M", "RequestPath": "/api/roles/c82564a5-7eff-4272-8459-8a6134814723", "Application": "Crud.Api"}
[04:18:21 DBG] Removed cache value for key: list:role {"SourceContext": "Infrastructure.Services.Caching.InMemoryCacheService", "ActionId": "9b2526d9-c456-4ed0-8af0-29dcac892646", "ActionName": "Api.Controllers.RolesController.Delete (Api)", "RequestId": "0HNFGT8MUJP8M", "RequestPath": "/api/roles/c82564a5-7eff-4272-8459-8a6134814723", "Application": "Crud.Api"}
[04:18:21 DBG] Invalidating cache for entity: roles/c82564a5-7eff-4272-8459-8a6134814723 with tags: roles, roles:c82564a5-7eff-4272-8459-8a6134814723 {"SourceContext": "Api.Services.OutputCacheInvalidationService", "ActionId": "9b2526d9-c456-4ed0-8af0-29dcac892646", "ActionName": "Api.Controllers.RolesController.Delete (Api)", "RequestId": "0HNFGT8MUJP8M", "RequestPath": "/api/roles/c82564a5-7eff-4272-8459-8a6134814723", "Application": "Crud.Api"}
[04:18:21 DBG] Successfully invalidated cache for tag: roles {"SourceContext": "Api.Services.OutputCacheInvalidationService", "ActionId": "9b2526d9-c456-4ed0-8af0-29dcac892646", "ActionName": "Api.Controllers.RolesController.Delete (Api)", "RequestId": "0HNFGT8MUJP8M", "RequestPath": "/api/roles/c82564a5-7eff-4272-8459-8a6134814723", "Application": "Crud.Api"}
[04:18:21 DBG] Successfully invalidated cache for tag: roles:c82564a5-7eff-4272-8459-8a6134814723 {"SourceContext": "Api.Services.OutputCacheInvalidationService", "ActionId": "9b2526d9-c456-4ed0-8af0-29dcac892646", "ActionName": "Api.Controllers.RolesController.Delete (Api)", "RequestId": "0HNFGT8MUJP8M", "RequestPath": "/api/roles/c82564a5-7eff-4272-8459-8a6134814723", "Application": "Crud.Api"}
Activity.TraceId:            e273a349846e5129879b1a22f44829ac
Activity.SpanId:             ee78099801fdbe19
Activity.TraceFlags:         Recorded
Activity.ActivitySourceName: Microsoft.AspNetCore
Activity.DisplayName:        DELETE api/Roles/{id:guid}
Activity.Kind:               Server
Activity.StartTime:          2025-09-11T04:18:21.3528939Z
Activity.Duration:           00:00:00.0096668
Activity.Tags:
    server.address: localhost
    http.request.method: DELETE
    url.scheme: http
    url.path: /api/roles/c82564a5-7eff-4272-8459-8a6134814723
    network.protocol.version: 1.1
    http.route: api/Roles/{id:guid}
    http.response.status_code: 204
Resource associated with Activity:
    deployment.environment: Testing
    service.name: Crud.Api
    service.version: 1.0.0
    service.instance.id: 8958bff5-028e-43b0-8103-5553bc095d18
    telemetry.sdk.name: opentelemetry
    telemetry.sdk.language: dotnet
    telemetry.sdk.version: 1.8.1
[04:18:21 INF] Resetting database for worker 10122 {"SourceContext": "Infrastructure.Services.DatabaseTestService", "Application": "Crud.Api"}
[04:18:21 INF] Resetting database via file deletion for worker 10122 in CI environment {"SourceContext": "Infrastructure.Services.DatabaseTestService", "Application": "Crud.Api"}
[04:18:21 INF] Acquiring database mutex for worker 10122... {"SourceContext": "Infrastructure.Services.DatabaseTestService", "Application": "Crud.Api"}
[04:18:21 INF] Database mutex acquired for worker 10122 {"SourceContext": "Infrastructure.Services.DatabaseTestService", "Application": "Crud.Api"}
[04:18:21 INF] Current database state - CanConnect: True {"SourceContext": "Infrastructure.Services.DatabaseTestService", "Application": "Crud.Api"}
[04:18:21 INF] [Phase 0] Closing database connection for worker 10122... {"SourceContext": "Infrastructure.Services.DatabaseTestService", "Application": "Crud.Api"}
[04:18:21 INF] [Phase 0] Connection closed in 0.0006ms {"SourceContext": "Infrastructure.Services.DatabaseTestService", "Application": "Crud.Api"}
[04:18:21 INF] [Phase 1] Starting EnsureDeletedAsync for worker 10122... {"SourceContext": "Infrastructure.Services.DatabaseTestService", "Application": "Crud.Api"}
[04:18:21 INF] [Phase 1] EnsureDeletedAsync completed in 1.5885ms {"SourceContext": "Infrastructure.Services.DatabaseTestService", "Application": "Crud.Api"}
[04:18:21 INF] [Phase 2] Starting EnsureCreatedAsync for worker 10122... {"SourceContext": "Infrastructure.Services.DatabaseTestService", "Application": "Crud.Api"}
[04:18:21 INF] [Phase 2] EnsureCreatedAsync completed in 8.4976ms {"SourceContext": "Infrastructure.Services.DatabaseTestService", "Application": "Crud.Api"}
[04:18:21 INF] [Phase 3] Skipping database seeding as requested for worker 10122 {"SourceContext": "Infrastructure.Services.DatabaseTestService", "Application": "Crud.Api"}
[04:18:21 INF] Database reset via file deletion completed for worker 10122 in 110.7514ms (Close: 0.0006ms, Delete: 1.5885ms, Create: 8.4976ms) {"SourceContext": "Infrastructure.Services.DatabaseTestService", "Application": "Crud.Api"}
[04:18:21 INF] Releasing database mutex for worker 10122 {"SourceContext": "Infrastructure.Services.DatabaseTestService", "Application": "Crud.Api"}
[04:18:21 INF] User registered successfully: 2a4ec23e-bfb8-48f5-9a23-14b226056490 {"SourceContext": "App.Features.Authentication.RegisterUserCommandHandler", "ActionId": "ae3a8892-b7e6-422a-b93d-be1163cafcd6", "ActionName": "Api.Controllers.AuthController.Register (Api)", "RequestId": "0HNFGT8MUJP8N", "RequestPath": "/api/auth/register", "Application": "Crud.Api"}
Activity.TraceId:            f5045220945431a8241cdac32f69bbf5
Activity.SpanId:             fa3d3429f6bd0534
Activity.TraceFlags:         Recorded
Activity.ActivitySourceName: Microsoft.AspNetCore
Activity.DisplayName:        POST api/Auth/register
Activity.Kind:               Server
Activity.StartTime:          2025-09-11T04:18:21.4776929Z
Activity.Duration:           00:00:00.3007501
Activity.Tags:
    server.address: localhost
    http.request.method: POST
    url.scheme: http
    url.path: /api/auth/register
    network.protocol.version: 1.1
    http.route: api/Auth/register
    http.response.status_code: 200
Resource associated with Activity:
    deployment.environment: Testing
    service.name: Crud.Api
    service.version: 1.0.0
    service.instance.id: 8958bff5-028e-43b0-8103-5553bc095d18
    telemetry.sdk.name: opentelemetry
    telemetry.sdk.language: dotnet
    telemetry.sdk.version: 1.8.1
[04:18:22 INF] User logged in successfully: 2a4ec23e-bfb8-48f5-9a23-14b226056490 {"SourceContext": "App.Features.Authentication.LoginCommandHandler", "ActionId": "2dc5c831-9313-45c6-a2e2-cdf1ec58e5bc", "ActionName": "Api.Controllers.AuthController.Login (Api)", "RequestId": "0HNFGT8MUJP8O", "RequestPath": "/api/auth/login", "Application": "Crud.Api"}
Activity.TraceId:            c22d71b372bde2ae59a010eac4a1cb87
Activity.SpanId:             0bc30f8be47ec622
Activity.TraceFlags:         Recorded
Activity.ActivitySourceName: Microsoft.AspNetCore
Activity.DisplayName:        POST api/Auth/login
Activity.Kind:               Server
Activity.StartTime:          2025-09-11T04:18:21.7797525Z
Activity.Duration:           00:00:00.3023322
Activity.Tags:
    server.address: localhost
    http.request.method: POST
    url.scheme: http
    url.path: /api/auth/login
    network.protocol.version: 1.1
    http.route: api/Auth/login
    http.response.status_code: 200
Resource associated with Activity:
    deployment.environment: Testing
    service.name: Crud.Api
    service.version: 1.0.0
    service.instance.id: 8958bff5-028e-43b0-8103-5553bc095d18
    telemetry.sdk.name: opentelemetry
    telemetry.sdk.language: dotnet
    telemetry.sdk.version: 1.8.1
[04:18:22 DBG] Cache miss for key: name:role:admin {"SourceContext": "Infrastructure.Services.Caching.InMemoryCacheService", "ActionId": "9c64c88d-855d-49d6-b2c8-b8cdf96ab8c8", "ActionName": "Api.Controllers.RolesController.Create (Api)", "RequestId": "0HNFGT8MUJP8P", "RequestPath": "/api/roles", "Application": "Crud.Api"}
[04:18:22 DBG] Removed cache value for key: entity:role:62455f8b158b4bb0889ee948612a5485 {"SourceContext": "Infrastructure.Services.Caching.InMemoryCacheService", "ActionId": "9c64c88d-855d-49d6-b2c8-b8cdf96ab8c8", "ActionName": "Api.Controllers.RolesController.Create (Api)", "RequestId": "0HNFGT8MUJP8P", "RequestPath": "/api/roles", "Application": "Crud.Api"}
[04:18:22 DBG] Removed cache value for key: list:role {"SourceContext": "Infrastructure.Services.Caching.InMemoryCacheService", "ActionId": "9c64c88d-855d-49d6-b2c8-b8cdf96ab8c8", "ActionName": "Api.Controllers.RolesController.Create (Api)", "RequestId": "0HNFGT8MUJP8P", "RequestPath": "/api/roles", "Application": "Crud.Api"}
[04:18:22 DBG] Invalidating cache for entity type: roles with tag: roles {"SourceContext": "Api.Services.OutputCacheInvalidationService", "ActionId": "9c64c88d-855d-49d6-b2c8-b8cdf96ab8c8", "ActionName": "Api.Controllers.RolesController.Create (Api)", "RequestId": "0HNFGT8MUJP8P", "RequestPath": "/api/roles", "Application": "Crud.Api"}
[04:18:22 INF] Successfully invalidated cache for entity type: roles {"SourceContext": "Api.Services.OutputCacheInvalidationService", "ActionId": "9c64c88d-855d-49d6-b2c8-b8cdf96ab8c8", "ActionName": "Api.Controllers.RolesController.Create (Api)", "RequestId": "0HNFGT8MUJP8P", "RequestPath": "/api/roles", "Application": "Crud.Api"}
Activity.TraceId:            eb70cf7aae9e32a2eaebd51d05e98f92
Activity.SpanId:             ba87920fe61abdbb
Activity.TraceFlags:         Recorded
Activity.ActivitySourceName: Microsoft.AspNetCore
Activity.DisplayName:        POST api/Roles
Activity.Kind:               Server
Activity.StartTime:          2025-09-11T04:18:22.0831878Z
Activity.Duration:           00:00:00.0171704
Activity.Tags:
    server.address: localhost
    http.request.method: POST
    url.scheme: http
    url.path: /api/roles
    network.protocol.version: 1.1
    http.route: api/Roles
    http.response.status_code: 201
Resource associated with Activity:
    deployment.environment: Testing
    service.name: Crud.Api
    service.version: 1.0.0
    service.instance.id: 8958bff5-028e-43b0-8103-5553bc095d18
    telemetry.sdk.name: opentelemetry
    telemetry.sdk.language: dotnet
    telemetry.sdk.version: 1.8.1
[04:18:22 INF] User registered successfully: f70d9c87-978d-477f-9dd9-b7f3440e103c {"SourceContext": "App.Features.Authentication.RegisterUserCommandHandler", "ActionId": "ae3a8892-b7e6-422a-b93d-be1163cafcd6", "ActionName": "Api.Controllers.AuthController.Register (Api)", "RequestId": "0HNFGT8MUJP8Q", "RequestPath": "/api/auth/register", "Application": "Crud.Api"}
Activity.TraceId:            bdfce65774e857d6ee2d89b149ff6ae5
Activity.SpanId:             48e84db0e056e7f7
Activity.TraceFlags:         Recorded
Activity.ActivitySourceName: Microsoft.AspNetCore
Activity.DisplayName:        POST api/Auth/register
Activity.Kind:               Server
Activity.StartTime:          2025-09-11T04:18:22.1008360Z
Activity.Duration:           00:00:00.3135449
Activity.Tags:
    server.address: localhost
    http.request.method: POST
    url.scheme: http
    url.path: /api/auth/register
    network.protocol.version: 1.1
    http.route: api/Auth/register
    http.response.status_code: 200
Resource associated with Activity:
    deployment.environment: Testing
    service.name: Crud.Api
    service.version: 1.0.0
    service.instance.id: 8958bff5-028e-43b0-8103-5553bc095d18
    telemetry.sdk.name: opentelemetry
    telemetry.sdk.language: dotnet
    telemetry.sdk.version: 1.8.1
[04:18:22 INF] User logged in successfully: f70d9c87-978d-477f-9dd9-b7f3440e103c {"SourceContext": "App.Features.Authentication.LoginCommandHandler", "ActionId": "2dc5c831-9313-45c6-a2e2-cdf1ec58e5bc", "ActionName": "Api.Controllers.AuthController.Login (Api)", "RequestId": "0HNFGT8MUJP8R", "RequestPath": "/api/auth/login", "Application": "Crud.Api"}
Activity.TraceId:            1b3df02d1b840a20f80787bb4f2a0165
Activity.SpanId:             0451c5f47cfa0dd4
Activity.TraceFlags:         Recorded
Activity.ActivitySourceName: Microsoft.AspNetCore
Activity.DisplayName:        POST api/Auth/login
Activity.Kind:               Server
Activity.StartTime:          2025-09-11T04:18:22.4157963Z
Activity.Duration:           00:00:00.2996044
Activity.Tags:
    server.address: localhost
    http.request.method: POST
    url.scheme: http
    url.path: /api/auth/login
    network.protocol.version: 1.1
    http.route: api/Auth/login
    http.response.status_code: 200
Resource associated with Activity:
    deployment.environment: Testing
    service.name: Crud.Api
    service.version: 1.0.0
    service.instance.id: 8958bff5-028e-43b0-8103-5553bc095d18
    telemetry.sdk.name: opentelemetry
    telemetry.sdk.language: dotnet
    telemetry.sdk.version: 1.8.1
[04:18:22 DBG] Cache miss for key: name:role:user {"SourceContext": "Infrastructure.Services.Caching.InMemoryCacheService", "ActionId": "9c64c88d-855d-49d6-b2c8-b8cdf96ab8c8", "ActionName": "Api.Controllers.RolesController.Create (Api)", "RequestId": "0HNFGT8MUJP8S", "RequestPath": "/api/roles", "Application": "Crud.Api"}
[04:18:22 DBG] Removed cache value for key: entity:role:e262b486c7a84687a7e0272796147826 {"SourceContext": "Infrastructure.Services.Caching.InMemoryCacheService", "ActionId": "9c64c88d-855d-49d6-b2c8-b8cdf96ab8c8", "ActionName": "Api.Controllers.RolesController.Create (Api)", "RequestId": "0HNFGT8MUJP8S", "RequestPath": "/api/roles", "Application": "Crud.Api"}
[04:18:22 DBG] Removed cache value for key: list:role {"SourceContext": "Infrastructure.Services.Caching.InMemoryCacheService", "ActionId": "9c64c88d-855d-49d6-b2c8-b8cdf96ab8c8", "ActionName": "Api.Controllers.RolesController.Create (Api)", "RequestId": "0HNFGT8MUJP8S", "RequestPath": "/api/roles", "Application": "Crud.Api"}
[04:18:22 DBG] Invalidating cache for entity type: roles with tag: roles {"SourceContext": "Api.Services.OutputCacheInvalidationService", "ActionId": "9c64c88d-855d-49d6-b2c8-b8cdf96ab8c8", "ActionName": "Api.Controllers.RolesController.Create (Api)", "RequestId": "0HNFGT8MUJP8S", "RequestPath": "/api/roles", "Application": "Crud.Api"}
[04:18:22 INF] Successfully invalidated cache for entity type: roles {"SourceContext": "Api.Services.OutputCacheInvalidationService", "ActionId": "9c64c88d-855d-49d6-b2c8-b8cdf96ab8c8", "ActionName": "Api.Controllers.RolesController.Create (Api)", "RequestId": "0HNFGT8MUJP8S", "RequestPath": "/api/roles", "Application": "Crud.Api"}
Activity.TraceId:            87df001ae81d1222d489f7d70cb3b937
Activity.SpanId:             2cb4e5d7394df99b
Activity.TraceFlags:         Recorded
Activity.ActivitySourceName: Microsoft.AspNetCore
Activity.DisplayName:        POST api/Roles
Activity.Kind:               Server
Activity.StartTime:          2025-09-11T04:18:22.7155486Z
Activity.Duration:           00:00:00.0050315
Activity.Tags:
    server.address: localhost
    http.request.method: POST
    url.scheme: http
    url.path: /api/roles
    network.protocol.version: 1.1
    http.route: api/Roles
    http.response.status_code: 201
Resource associated with Activity:
    deployment.environment: Testing
    service.name: Crud.Api
    service.version: 1.0.0
    service.instance.id: 8958bff5-028e-43b0-8103-5553bc095d18
    telemetry.sdk.name: opentelemetry
    telemetry.sdk.language: dotnet
    telemetry.sdk.version: 1.8.1
[04:18:23 INF] User registered successfully: 0865285f-7d64-463b-8c56-9d3fdf67cf9a {"SourceContext": "App.Features.Authentication.RegisterUserCommandHandler", "ActionId": "ae3a8892-b7e6-422a-b93d-be1163cafcd6", "ActionName": "Api.Controllers.AuthController.Register (Api)", "RequestId": "0HNFGT8MUJP8T", "RequestPath": "/api/auth/register", "Application": "Crud.Api"}
Activity.TraceId:            9e15b6dbdf35b538bf22923fba164b0b
Activity.SpanId:             e7fc917eeb19ce00
Activity.TraceFlags:         Recorded
Activity.ActivitySourceName: Microsoft.AspNetCore
Activity.DisplayName:        POST api/Auth/register
Activity.Kind:               Server
Activity.StartTime:          2025-09-11T04:18:22.7207036Z
Activity.Duration:           00:00:00.2978427
Activity.Tags:
    server.address: localhost
    http.request.method: POST
    url.scheme: http
    url.path: /api/auth/register
    network.protocol.version: 1.1
    http.route: api/Auth/register
    http.response.status_code: 200
Resource associated with Activity:
    deployment.environment: Testing
    service.name: Crud.Api
    service.version: 1.0.0
    service.instance.id: 8958bff5-028e-43b0-8103-5553bc095d18
    telemetry.sdk.name: opentelemetry
    telemetry.sdk.language: dotnet
    telemetry.sdk.version: 1.8.1
[04:18:23 DBG] Cache miss for key: list:role {"SourceContext": "Infrastructure.Services.Caching.InMemoryCacheService", "ActionId": "86b6a428-68db-4b03-96be-a30358c749ff", "ActionName": "Api.Controllers.RolesController.List (Api)", "RequestId": "0HNFGT8MUJP8U", "RequestPath": "/api/roles", "Application": "Crud.Api"}
[04:18:23 DBG] Set cache value for key: list:role {"SourceContext": "Infrastructure.Services.Caching.InMemoryCacheService", "ActionId": "86b6a428-68db-4b03-96be-a30358c749ff", "ActionName": "Api.Controllers.RolesController.List (Api)", "RequestId": "0HNFGT8MUJP8U", "RequestPath": "/api/roles", "Application": "Crud.Api"}
Activity.TraceId:            dcbffdb85aedd688df73b60450beb59a
Activity.SpanId:             d573724f022b1b98
Activity.TraceFlags:         Recorded
Activity.ActivitySourceName: Microsoft.AspNetCore
Activity.DisplayName:        GET api/Roles
Activity.Kind:               Server
Activity.StartTime:          2025-09-11T04:18:23.0186636Z
Activity.Duration:           00:00:00.0051634
Activity.Tags:
    server.address: localhost
    http.request.method: GET
    url.scheme: http
    url.path: /api/roles
    network.protocol.version: 1.1
    http.route: api/Roles
    http.response.status_code: 200
Resource associated with Activity:
    deployment.environment: Testing
    service.name: Crud.Api
    service.version: 1.0.0
    service.instance.id: 8958bff5-028e-43b0-8103-5553bc095d18
    telemetry.sdk.name: opentelemetry
    telemetry.sdk.language: dotnet
    telemetry.sdk.version: 1.8.1
[04:18:23 INF] Resetting database for worker 10122 {"SourceContext": "Infrastructure.Services.DatabaseTestService", "Application": "Crud.Api"}
[04:18:23 INF] Resetting database via file deletion for worker 10122 in CI environment {"SourceContext": "Infrastructure.Services.DatabaseTestService", "Application": "Crud.Api"}
[04:18:23 INF] Acquiring database mutex for worker 10122... {"SourceContext": "Infrastructure.Services.DatabaseTestService", "Application": "Crud.Api"}
[04:18:23 INF] Database mutex acquired for worker 10122 {"SourceContext": "Infrastructure.Services.DatabaseTestService", "Application": "Crud.Api"}
[04:18:23 INF] Current database state - CanConnect: True {"SourceContext": "Infrastructure.Services.DatabaseTestService", "Application": "Crud.Api"}
[04:18:23 INF] [Phase 0] Closing database connection for worker 10122... {"SourceContext": "Infrastructure.Services.DatabaseTestService", "Application": "Crud.Api"}
[04:18:23 INF] [Phase 0] Connection closed in 0.0007ms {"SourceContext": "Infrastructure.Services.DatabaseTestService", "Application": "Crud.Api"}
[04:18:23 INF] [Phase 1] Starting EnsureDeletedAsync for worker 10122... {"SourceContext": "Infrastructure.Services.DatabaseTestService", "Application": "Crud.Api"}
[04:18:23 INF] [Phase 1] EnsureDeletedAsync completed in 1.2591ms {"SourceContext": "Infrastructure.Services.DatabaseTestService", "Application": "Crud.Api"}
[04:18:23 INF] [Phase 2] Starting EnsureCreatedAsync for worker 10122... {"SourceContext": "Infrastructure.Services.DatabaseTestService", "Application": "Crud.Api"}
[04:18:23 INF] [Phase 2] EnsureCreatedAsync completed in 7.6778ms {"SourceContext": "Infrastructure.Services.DatabaseTestService", "Application": "Crud.Api"}
[04:18:23 INF] [Phase 3] Skipping database seeding as requested for worker 10122 {"SourceContext": "Infrastructure.Services.DatabaseTestService", "Application": "Crud.Api"}
[04:18:23 INF] Database reset via file deletion completed for worker 10122 in 109.3352ms (Close: 0.0007ms, Delete: 1.2591ms, Create: 7.6778ms) {"SourceContext": "Infrastructure.Services.DatabaseTestService", "Application": "Crud.Api"}
[04:18:23 INF] Releasing database mutex for worker 10122 {"SourceContext": "Infrastructure.Services.DatabaseTestService", "Application": "Crud.Api"}
[04:18:23 INF] User registered successfully: 0791681a-7826-4167-babc-790c0478035a {"SourceContext": "App.Features.Authentication.RegisterUserCommandHandler", "ActionId": "ae3a8892-b7e6-422a-b93d-be1163cafcd6", "ActionName": "Api.Controllers.AuthController.Register (Api)", "RequestId": "0HNFGT8MUJP8V", "RequestPath": "/api/auth/register", "Application": "Crud.Api"}
Activity.TraceId:            40dee76f0879d3b4e63020c7d7860b69
Activity.SpanId:             5701ed4c6efa709a
Activity.TraceFlags:         Recorded
Activity.ActivitySourceName: Microsoft.AspNetCore
Activity.DisplayName:        POST api/Auth/register
Activity.Kind:               Server
Activity.StartTime:          2025-09-11T04:18:23.1378510Z
Activity.Duration:           00:00:00.2981726
Activity.Tags:
    server.address: localhost
    http.request.method: POST
    url.scheme: http
    url.path: /api/auth/register
    network.protocol.version: 1.1
    http.route: api/Auth/register
    http.response.status_code: 200
Resource associated with Activity:
    deployment.environment: Testing
    service.name: Crud.Api
    service.version: 1.0.0
    service.instance.id: 8958bff5-028e-43b0-8103-5553bc095d18
    telemetry.sdk.name: opentelemetry
    telemetry.sdk.language: dotnet
    telemetry.sdk.version: 1.8.1
[04:18:23 INF] User logged in successfully: 0791681a-7826-4167-babc-790c0478035a {"SourceContext": "App.Features.Authentication.LoginCommandHandler", "ActionId": "2dc5c831-9313-45c6-a2e2-cdf1ec58e5bc", "ActionName": "Api.Controllers.AuthController.Login (Api)", "RequestId": "0HNFGT8MUJP90", "RequestPath": "/api/auth/login", "Application": "Crud.Api"}
Activity.TraceId:            4992d667581a14b9e83a1629ce46e0bb
Activity.SpanId:             39f483c9584d4c04
Activity.TraceFlags:         Recorded
Activity.ActivitySourceName: Microsoft.AspNetCore
Activity.DisplayName:        POST api/Auth/login
Activity.Kind:               Server
Activity.StartTime:          2025-09-11T04:18:23.4374495Z
Activity.Duration:           00:00:00.2979477
Activity.Tags:
    server.address: localhost
    http.request.method: POST
    url.scheme: http
    url.path: /api/auth/login
    network.protocol.version: 1.1
    http.route: api/Auth/login
    http.response.status_code: 200
Resource associated with Activity:
    deployment.environment: Testing
    service.name: Crud.Api
    service.version: 1.0.0
    service.instance.id: 8958bff5-028e-43b0-8103-5553bc095d18
    telemetry.sdk.name: opentelemetry
    telemetry.sdk.language: dotnet
    telemetry.sdk.version: 1.8.1
[04:18:23 DBG] Cache miss for key: name:role:todelete {"SourceContext": "Infrastructure.Services.Caching.InMemoryCacheService", "ActionId": "9c64c88d-855d-49d6-b2c8-b8cdf96ab8c8", "ActionName": "Api.Controllers.RolesController.Create (Api)", "RequestId": "0HNFGT8MUJP91", "RequestPath": "/api/roles", "Application": "Crud.Api"}
[04:18:23 DBG] Removed cache value for key: entity:role:66673234133642bab45f45e0c4096128 {"SourceContext": "Infrastructure.Services.Caching.InMemoryCacheService", "ActionId": "9c64c88d-855d-49d6-b2c8-b8cdf96ab8c8", "ActionName": "Api.Controllers.RolesController.Create (Api)", "RequestId": "0HNFGT8MUJP91", "RequestPath": "/api/roles", "Application": "Crud.Api"}
[04:18:23 DBG] Removed cache value for key: list:role {"SourceContext": "Infrastructure.Services.Caching.InMemoryCacheService", "ActionId": "9c64c88d-855d-49d6-b2c8-b8cdf96ab8c8", "ActionName": "Api.Controllers.RolesController.Create (Api)", "RequestId": "0HNFGT8MUJP91", "RequestPath": "/api/roles", "Application": "Crud.Api"}
[04:18:23 DBG] Invalidating cache for entity type: roles with tag: roles {"SourceContext": "Api.Services.OutputCacheInvalidationService", "ActionId": "9c64c88d-855d-49d6-b2c8-b8cdf96ab8c8", "ActionName": "Api.Controllers.RolesController.Create (Api)", "RequestId": "0HNFGT8MUJP91", "RequestPath": "/api/roles", "Application": "Crud.Api"}
[04:18:23 INF] Successfully invalidated cache for entity type: roles {"SourceContext": "Api.Services.OutputCacheInvalidationService", "ActionId": "9c64c88d-855d-49d6-b2c8-b8cdf96ab8c8", "ActionName": "Api.Controllers.RolesController.Create (Api)", "RequestId": "0HNFGT8MUJP91", "RequestPath": "/api/roles", "Application": "Crud.Api"}
Activity.TraceId:            358ab9456fbda8738ef7272660b51669
Activity.SpanId:             c8ed02cc5ec2f4af
Activity.TraceFlags:         Recorded
Activity.ActivitySourceName: Microsoft.AspNetCore
Activity.DisplayName:        POST api/Roles
Activity.Kind:               Server
Activity.StartTime:          2025-09-11T04:18:23.7360692Z
Activity.Duration:           00:00:00.0034576
Activity.Tags:
    server.address: localhost
    http.request.method: POST
    url.scheme: http
    url.path: /api/roles
    network.protocol.version: 1.1
    http.route: api/Roles
    http.response.status_code: 201
Resource associated with Activity:
    deployment.environment: Testing
    service.name: Crud.Api
    service.version: 1.0.0
    service.instance.id: 8958bff5-028e-43b0-8103-5553bc095d18
    telemetry.sdk.name: opentelemetry
    telemetry.sdk.language: dotnet
    telemetry.sdk.version: 1.8.1
[04:18:24 INF] User registered successfully: 78b2c455-cb33-4d69-a312-dccc2e6f8dfb {"SourceContext": "App.Features.Authentication.RegisterUserCommandHandler", "ActionId": "ae3a8892-b7e6-422a-b93d-be1163cafcd6", "ActionName": "Api.Controllers.AuthController.Register (Api)", "RequestId": "0HNFGT8MUJP92", "RequestPath": "/api/auth/register", "Application": "Crud.Api"}
Activity.TraceId:            37d51df6a509f7d1bb2197ddfff83158
Activity.SpanId:             9fa1a63a203a6aeb
Activity.TraceFlags:         Recorded
Activity.ActivitySourceName: Microsoft.AspNetCore
Activity.DisplayName:        POST api/Auth/register
Activity.Kind:               Server
Activity.StartTime:          2025-09-11T04:18:23.7403174Z
Activity.Duration:           00:00:00.2976592
Activity.Tags:
    server.address: localhost
    http.request.method: POST
    url.scheme: http
    url.path: /api/auth/register
    network.protocol.version: 1.1
    http.route: api/Auth/register
    http.response.status_code: 200
Resource associated with Activity:
    deployment.environment: Testing
    service.name: Crud.Api
    service.version: 1.0.0
    service.instance.id: 8958bff5-028e-43b0-8103-5553bc095d18
    telemetry.sdk.name: opentelemetry
    telemetry.sdk.language: dotnet
    telemetry.sdk.version: 1.8.1
[04:18:24 INF] User logged in successfully: 78b2c455-cb33-4d69-a312-dccc2e6f8dfb {"SourceContext": "App.Features.Authentication.LoginCommandHandler", "ActionId": "2dc5c831-9313-45c6-a2e2-cdf1ec58e5bc", "ActionName": "Api.Controllers.AuthController.Login (Api)", "RequestId": "0HNFGT8MUJP93", "RequestPath": "/api/auth/login", "Application": "Crud.Api"}
Activity.TraceId:            578c315add1ca3ed3d9f03dcbb433c38
Activity.SpanId:             f78f58645cb9a4a7
Activity.TraceFlags:         Recorded
Activity.ActivitySourceName: Microsoft.AspNetCore
Activity.DisplayName:        POST api/Auth/login
Activity.Kind:               Server
Activity.StartTime:          2025-09-11T04:18:24.0390939Z
Activity.Duration:           00:00:00.2978769
Activity.Tags:
    server.address: localhost
    http.request.method: POST
    url.scheme: http
    url.path: /api/auth/login
    network.protocol.version: 1.1
    http.route: api/Auth/login
    http.response.status_code: 200
Resource associated with Activity:
    deployment.environment: Testing
    service.name: Crud.Api
    service.version: 1.0.0
    service.instance.id: 8958bff5-028e-43b0-8103-5553bc095d18
    telemetry.sdk.name: opentelemetry
    telemetry.sdk.language: dotnet
    telemetry.sdk.version: 1.8.1
[04:18:24 DBG] Removed cache value for key: entity:role:66673234133642bab45f45e0c4096128 {"SourceContext": "Infrastructure.Services.Caching.InMemoryCacheService", "ActionId": "9b2526d9-c456-4ed0-8af0-29dcac892646", "ActionName": "Api.Controllers.RolesController.Delete (Api)", "RequestId": "0HNFGT8MUJP94", "RequestPath": "/api/roles/66673234-1336-42ba-b45f-45e0c4096128", "Application": "Crud.Api"}
[04:18:24 DBG] Removed cache value for key: list:role {"SourceContext": "Infrastructure.Services.Caching.InMemoryCacheService", "ActionId": "9b2526d9-c456-4ed0-8af0-29dcac892646", "ActionName": "Api.Controllers.RolesController.Delete (Api)", "RequestId": "0HNFGT8MUJP94", "RequestPath": "/api/roles/66673234-1336-42ba-b45f-45e0c4096128", "Application": "Crud.Api"}
[04:18:24 DBG] Invalidating cache for entity: roles/66673234-1336-42ba-b45f-45e0c4096128 with tags: roles, roles:66673234-1336-42ba-b45f-45e0c4096128 {"SourceContext": "Api.Services.OutputCacheInvalidationService", "ActionId": "9b2526d9-c456-4ed0-8af0-29dcac892646", "ActionName": "Api.Controllers.RolesController.Delete (Api)", "RequestId": "0HNFGT8MUJP94", "RequestPath": "/api/roles/66673234-1336-42ba-b45f-45e0c4096128", "Application": "Crud.Api"}
[04:18:24 DBG] Successfully invalidated cache for tag: roles {"SourceContext": "Api.Services.OutputCacheInvalidationService", "ActionId": "9b2526d9-c456-4ed0-8af0-29dcac892646", "ActionName": "Api.Controllers.RolesController.Delete (Api)", "RequestId": "0HNFGT8MUJP94", "RequestPath": "/api/roles/66673234-1336-42ba-b45f-45e0c4096128", "Application": "Crud.Api"}
[04:18:24 DBG] Successfully invalidated cache for tag: roles:66673234-1336-42ba-b45f-45e0c4096128 {"SourceContext": "Api.Services.OutputCacheInvalidationService", "ActionId": "9b2526d9-c456-4ed0-8af0-29dcac892646", "ActionName": "Api.Controllers.RolesController.Delete (Api)", "RequestId": "0HNFGT8MUJP94", "RequestPath": "/api/roles/66673234-1336-42ba-b45f-45e0c4096128", "Application": "Crud.Api"}
Activity.TraceId:            bc8fc26ed991f8a7e6cd0d99ac477fda
Activity.SpanId:             35c05ed6dbb2f4cf
Activity.TraceFlags:         Recorded
Activity.ActivitySourceName: Microsoft.AspNetCore
Activity.DisplayName:        DELETE api/Roles/{id:guid}
Activity.Kind:               Server
Activity.StartTime:          2025-09-11T04:18:24.3370686Z
Activity.Duration:           00:00:00.0026086
Activity.Tags:
    server.address: localhost
    http.request.method: DELETE
    url.scheme: http
    url.path: /api/roles/66673234-1336-42ba-b45f-45e0c4096128
    network.protocol.version: 1.1
    http.route: api/Roles/{id:guid}
    http.response.status_code: 204
Resource associated with Activity:
    deployment.environment: Testing
    service.name: Crud.Api
    service.version: 1.0.0
    service.instance.id: 8958bff5-028e-43b0-8103-5553bc095d18
    telemetry.sdk.name: opentelemetry
    telemetry.sdk.language: dotnet
    telemetry.sdk.version: 1.8.1
[04:18:24 INF] User registered successfully: c0f06a97-11fd-4ee4-b5d4-4c60e521351d {"SourceContext": "App.Features.Authentication.RegisterUserCommandHandler", "ActionId": "ae3a8892-b7e6-422a-b93d-be1163cafcd6", "ActionName": "Api.Controllers.AuthController.Register (Api)", "RequestId": "0HNFGT8MUJP95", "RequestPath": "/api/auth/register", "Application": "Crud.Api"}
Activity.TraceId:            4471c9bf90e56c54f8f82811b8418375
Activity.SpanId:             68754fd6e6babade
Activity.TraceFlags:         Recorded
Activity.ActivitySourceName: Microsoft.AspNetCore
Activity.DisplayName:        POST api/Auth/register
Activity.Kind:               Server
Activity.StartTime:          2025-09-11T04:18:24.3400353Z
Activity.Duration:           00:00:00.2978790
Activity.Tags:
    server.address: localhost
    http.request.method: POST
    url.scheme: http
    url.path: /api/auth/register
    network.protocol.version: 1.1
    http.route: api/Auth/register
    http.response.status_code: 200
Resource associated with Activity:
    deployment.environment: Testing
    service.name: Crud.Api
    service.version: 1.0.0
    service.instance.id: 8958bff5-028e-43b0-8103-5553bc095d18
    telemetry.sdk.name: opentelemetry
    telemetry.sdk.language: dotnet
    telemetry.sdk.version: 1.8.1
[04:18:24 DBG] Cache miss for key: entity:role:66673234133642bab45f45e0c4096128 {"SourceContext": "Infrastructure.Services.Caching.InMemoryCacheService", "ActionId": "39572821-14fa-47b1-8388-e478e0ae9dce", "ActionName": "Api.Controllers.RolesController.Get (Api)", "RequestId": "0HNFGT8MUJP96", "RequestPath": "/api/roles/66673234-1336-42ba-b45f-45e0c4096128", "Application": "Crud.Api"}
Activity.TraceId:            013e09a99077f6831b2b6c5f19f1cbeb
Activity.SpanId:             5c498b82f55918b8
Activity.TraceFlags:         Recorded
Activity.ActivitySourceName: Microsoft.AspNetCore
Activity.DisplayName:        GET api/Roles/{id:guid}
Activity.Kind:               Server
Activity.StartTime:          2025-09-11T04:18:24.6380020Z
Activity.Duration:           00:00:00.0079998
Activity.Tags:
    server.address: localhost
    http.request.method: GET
    url.scheme: http
    url.path: /api/roles/66673234-1336-42ba-b45f-45e0c4096128
    network.protocol.version: 1.1
    http.route: api/Roles/{id:guid}
    http.response.status_code: 404
Resource associated with Activity:
    deployment.environment: Testing
    service.name: Crud.Api
    service.version: 1.0.0
    service.instance.id: 8958bff5-028e-43b0-8103-5553bc095d18
    telemetry.sdk.name: opentelemetry
    telemetry.sdk.language: dotnet
    telemetry.sdk.version: 1.8.1
[04:18:24 INF] User registered successfully: b9e2f034-dc8b-4cc4-9347-c8592604f6ff {"SourceContext": "App.Features.Authentication.RegisterUserCommandHandler", "ActionId": "ae3a8892-b7e6-422a-b93d-be1163cafcd6", "ActionName": "Api.Controllers.AuthController.Register (Api)", "RequestId": "0HNFGT8MUJP97", "RequestPath": "/api/auth/register", "Application": "Crud.Api"}
Activity.TraceId:            3784e4e694caf42fac3a8c3e212525d2
Activity.SpanId:             40528d015ceeb1c2
Activity.TraceFlags:         Recorded
Activity.ActivitySourceName: Microsoft.AspNetCore
Activity.DisplayName:        POST api/Auth/register
Activity.Kind:               Server
Activity.StartTime:          2025-09-11T04:18:24.6475935Z
Activity.Duration:           00:00:00.2985021
Activity.Tags:
    server.address: localhost
    http.request.method: POST
    url.scheme: http
    url.path: /api/auth/register
    network.protocol.version: 1.1
    http.route: api/Auth/register
    http.response.status_code: 200
Resource associated with Activity:
    deployment.environment: Testing
    service.name: Crud.Api
    service.version: 1.0.0
    service.instance.id: 8958bff5-028e-43b0-8103-5553bc095d18
    telemetry.sdk.name: opentelemetry
    telemetry.sdk.language: dotnet
    telemetry.sdk.version: 1.8.1
[04:18:25 INF] User logged in successfully: b9e2f034-dc8b-4cc4-9347-c8592604f6ff {"SourceContext": "App.Features.Authentication.LoginCommandHandler", "ActionId": "2dc5c831-9313-45c6-a2e2-cdf1ec58e5bc", "ActionName": "Api.Controllers.AuthController.Login (Api)", "RequestId": "0HNFGT8MUJP98", "RequestPath": "/api/auth/login", "Application": "Crud.Api"}
Activity.TraceId:            0662265602368ffa28fb866bba9241f9
Activity.SpanId:             c7fa04570922acd9
Activity.TraceFlags:         Recorded
Activity.ActivitySourceName: Microsoft.AspNetCore
Activity.DisplayName:        POST api/Auth/login
Activity.Kind:               Server
Activity.StartTime:          2025-09-11T04:18:24.9475862Z
Activity.Duration:           00:00:00.2982568
Activity.Tags:
    server.address: localhost
    http.request.method: POST
    url.scheme: http
    url.path: /api/auth/login
    network.protocol.version: 1.1
    http.route: api/Auth/login
    http.response.status_code: 200
Resource associated with Activity:
    deployment.environment: Testing
    service.name: Crud.Api
    service.version: 1.0.0
    service.instance.id: 8958bff5-028e-43b0-8103-5553bc095d18
    telemetry.sdk.name: opentelemetry
    telemetry.sdk.language: dotnet
    telemetry.sdk.version: 1.8.1
[04:18:25 DBG] Cache miss for key: name:role:original {"SourceContext": "Infrastructure.Services.Caching.InMemoryCacheService", "ActionId": "9c64c88d-855d-49d6-b2c8-b8cdf96ab8c8", "ActionName": "Api.Controllers.RolesController.Create (Api)", "RequestId": "0HNFGT8MUJP99", "RequestPath": "/api/roles", "Application": "Crud.Api"}
[04:18:25 DBG] Removed cache value for key: entity:role:eddbf44b65954bdf9a203a1b00e93294 {"SourceContext": "Infrastructure.Services.Caching.InMemoryCacheService", "ActionId": "9c64c88d-855d-49d6-b2c8-b8cdf96ab8c8", "ActionName": "Api.Controllers.RolesController.Create (Api)", "RequestId": "0HNFGT8MUJP99", "RequestPath": "/api/roles", "Application": "Crud.Api"}
[04:18:25 DBG] Removed cache value for key: list:role {"SourceContext": "Infrastructure.Services.Caching.InMemoryCacheService", "ActionId": "9c64c88d-855d-49d6-b2c8-b8cdf96ab8c8", "ActionName": "Api.Controllers.RolesController.Create (Api)", "RequestId": "0HNFGT8MUJP99", "RequestPath": "/api/roles", "Application": "Crud.Api"}
[04:18:25 DBG] Invalidating cache for entity type: roles with tag: roles {"SourceContext": "Api.Services.OutputCacheInvalidationService", "ActionId": "9c64c88d-855d-49d6-b2c8-b8cdf96ab8c8", "ActionName": "Api.Controllers.RolesController.Create (Api)", "RequestId": "0HNFGT8MUJP99", "RequestPath": "/api/roles", "Application": "Crud.Api"}
[04:18:25 INF] Successfully invalidated cache for entity type: roles {"SourceContext": "Api.Services.OutputCacheInvalidationService", "ActionId": "9c64c88d-855d-49d6-b2c8-b8cdf96ab8c8", "ActionName": "Api.Controllers.RolesController.Create (Api)", "RequestId": "0HNFGT8MUJP99", "RequestPath": "/api/roles", "Application": "Crud.Api"}
Activity.TraceId:            9b675211117923bf0f4182c1ede08944
Activity.SpanId:             04763a4a978cb42f
Activity.TraceFlags:         Recorded
Activity.ActivitySourceName: Microsoft.AspNetCore
Activity.DisplayName:        POST api/Roles
Activity.Kind:               Server
Activity.StartTime:          2025-09-11T04:18:25.2465696Z
Activity.Duration:           00:00:00.0016031
Activity.Tags:
    server.address: localhost
    http.request.method: POST
    url.scheme: http
    url.path: /api/roles
    network.protocol.version: 1.1
    http.route: api/Roles
    http.response.status_code: 201
Resource associated with Activity:
    deployment.environment: Testing
    service.name: Crud.Api
    service.version: 1.0.0
    service.instance.id: 8958bff5-028e-43b0-8103-5553bc095d18
    telemetry.sdk.name: opentelemetry
    telemetry.sdk.language: dotnet
    telemetry.sdk.version: 1.8.1
[04:18:25 INF] User registered successfully: 8384b09b-49a3-4442-9748-182a2e9dc2b3 {"SourceContext": "App.Features.Authentication.RegisterUserCommandHandler", "ActionId": "ae3a8892-b7e6-422a-b93d-be1163cafcd6", "ActionName": "Api.Controllers.AuthController.Register (Api)", "RequestId": "0HNFGT8MUJP9A", "RequestPath": "/api/auth/register", "Application": "Crud.Api"}
Activity.TraceId:            93a3f2c0911ceee261d16ed31e428a4e
Activity.SpanId:             076b24b98351e247
Activity.TraceFlags:         Recorded
Activity.ActivitySourceName: Microsoft.AspNetCore
Activity.DisplayName:        POST api/Auth/register
Activity.Kind:               Server
Activity.StartTime:          2025-09-11T04:18:25.2491303Z
Activity.Duration:           00:00:00.2978763
Activity.Tags:
    server.address: localhost
    http.request.method: POST
    url.scheme: http
    url.path: /api/auth/register
    network.protocol.version: 1.1
    http.route: api/Auth/register
    http.response.status_code: 200
Resource associated with Activity:
    deployment.environment: Testing
    service.name: Crud.Api
    service.version: 1.0.0
    service.instance.id: 8958bff5-028e-43b0-8103-5553bc095d18
    telemetry.sdk.name: opentelemetry
    telemetry.sdk.language: dotnet
    telemetry.sdk.version: 1.8.1
[04:18:25 INF] User logged in successfully: 8384b09b-49a3-4442-9748-182a2e9dc2b3 {"SourceContext": "App.Features.Authentication.LoginCommandHandler", "ActionId": "2dc5c831-9313-45c6-a2e2-cdf1ec58e5bc", "ActionName": "Api.Controllers.AuthController.Login (Api)", "RequestId": "0HNFGT8MUJP9B", "RequestPath": "/api/auth/login", "Application": "Crud.Api"}
Activity.TraceId:            022f598c9a2747b7be84e968b9f7eb69
Activity.SpanId:             0d142c13bd238fca
Activity.TraceFlags:         Recorded
Activity.ActivitySourceName: Microsoft.AspNetCore
Activity.DisplayName:        POST api/Auth/login
Activity.Kind:               Server
Activity.StartTime:          2025-09-11T04:18:25.5479225Z
Activity.Duration:           00:00:00.2981584
Activity.Tags:
    server.address: localhost
    http.request.method: POST
    url.scheme: http
    url.path: /api/auth/login
    network.protocol.version: 1.1
    http.route: api/Auth/login
    http.response.status_code: 200
Resource associated with Activity:
    deployment.environment: Testing
    service.name: Crud.Api
    service.version: 1.0.0
    service.instance.id: 8958bff5-028e-43b0-8103-5553bc095d18
    telemetry.sdk.name: opentelemetry
    telemetry.sdk.language: dotnet
    telemetry.sdk.version: 1.8.1
[04:18:25 DBG] Cache miss for key: entity:role:eddbf44b65954bdf9a203a1b00e93294 {"SourceContext": "Infrastructure.Services.Caching.InMemoryCacheService", "ActionId": "4ef7d3b8-be4b-4498-b1f7-b9168911d7ce", "ActionName": "Api.Controllers.RolesController.Update (Api)", "RequestId": "0HNFGT8MUJP9C", "RequestPath": "/api/roles/eddbf44b-6595-4bdf-9a20-3a1b00e93294", "Application": "Crud.Api"}
[04:18:25 DBG] Set cache value for key: entity:role:eddbf44b65954bdf9a203a1b00e93294 {"SourceContext": "Infrastructure.Services.Caching.InMemoryCacheService", "ActionId": "4ef7d3b8-be4b-4498-b1f7-b9168911d7ce", "ActionName": "Api.Controllers.RolesController.Update (Api)", "RequestId": "0HNFGT8MUJP9C", "RequestPath": "/api/roles/eddbf44b-6595-4bdf-9a20-3a1b00e93294", "Application": "Crud.Api"}
[04:18:25 DBG] Removed cache value for key: entity:role:eddbf44b65954bdf9a203a1b00e93294 {"SourceContext": "Infrastructure.Services.Caching.InMemoryCacheService", "ActionId": "4ef7d3b8-be4b-4498-b1f7-b9168911d7ce", "ActionName": "Api.Controllers.RolesController.Update (Api)", "RequestId": "0HNFGT8MUJP9C", "RequestPath": "/api/roles/eddbf44b-6595-4bdf-9a20-3a1b00e93294", "Application": "Crud.Api"}
[04:18:25 DBG] Removed cache value for key: list:role {"SourceContext": "Infrastructure.Services.Caching.InMemoryCacheService", "ActionId": "4ef7d3b8-be4b-4498-b1f7-b9168911d7ce", "ActionName": "Api.Controllers.RolesController.Update (Api)", "RequestId": "0HNFGT8MUJP9C", "RequestPath": "/api/roles/eddbf44b-6595-4bdf-9a20-3a1b00e93294", "Application": "Crud.Api"}
[04:18:25 DBG] Invalidating cache for entity: roles/eddbf44b-6595-4bdf-9a20-3a1b00e93294 with tags: roles, roles:eddbf44b-6595-4bdf-9a20-3a1b00e93294 {"SourceContext": "Api.Services.OutputCacheInvalidationService", "ActionId": "4ef7d3b8-be4b-4498-b1f7-b9168911d7ce", "ActionName": "Api.Controllers.RolesController.Update (Api)", "RequestId": "0HNFGT8MUJP9C", "RequestPath": "/api/roles/eddbf44b-6595-4bdf-9a20-3a1b00e93294", "Application": "Crud.Api"}
[04:18:25 DBG] Successfully invalidated cache for tag: roles {"SourceContext": "Api.Services.OutputCacheInvalidationService", "ActionId": "4ef7d3b8-be4b-4498-b1f7-b9168911d7ce", "ActionName": "Api.Controllers.RolesController.Update (Api)", "RequestId": "0HNFGT8MUJP9C", "RequestPath": "/api/roles/eddbf44b-6595-4bdf-9a20-3a1b00e93294", "Application": "Crud.Api"}
[04:18:25 DBG] Successfully invalidated cache for tag: roles:eddbf44b-6595-4bdf-9a20-3a1b00e93294 {"SourceContext": "Api.Services.OutputCacheInvalidationService", "ActionId": "4ef7d3b8-be4b-4498-b1f7-b9168911d7ce", "ActionName": "Api.Controllers.RolesController.Update (Api)", "RequestId": "0HNFGT8MUJP9C", "RequestPath": "/api/roles/eddbf44b-6595-4bdf-9a20-3a1b00e93294", "Application": "Crud.Api"}
Activity.TraceId:            c01a2d91e3aabde13f66b724456961d4
Activity.SpanId:             fbd6341e033706b1
Activity.TraceFlags:         Recorded
Activity.ActivitySourceName: Microsoft.AspNetCore
Activity.DisplayName:        PUT api/Roles/{id:guid}
Activity.Kind:               Server
Activity.StartTime:          2025-09-11T04:18:25.8468812Z
Activity.Duration:           00:00:00.0053874
Activity.Tags:
    server.address: localhost
    http.request.method: PUT
    url.scheme: http
    url.path: /api/roles/eddbf44b-6595-4bdf-9a20-3a1b00e93294
    network.protocol.version: 1.1
    http.route: api/Roles/{id:guid}
    http.response.status_code: 204
Resource associated with Activity:
    deployment.environment: Testing
    service.name: Crud.Api
    service.version: 1.0.0
    service.instance.id: 8958bff5-028e-43b0-8103-5553bc095d18
    telemetry.sdk.name: opentelemetry
    telemetry.sdk.language: dotnet
    telemetry.sdk.version: 1.8.1
[04:18:26 INF] User registered successfully: 1cfed0b7-3fa6-4593-b804-8ffe50acf578 {"SourceContext": "App.Features.Authentication.RegisterUserCommandHandler", "ActionId": "ae3a8892-b7e6-422a-b93d-be1163cafcd6", "ActionName": "Api.Controllers.AuthController.Register (Api)", "RequestId": "0HNFGT8MUJP9D", "RequestPath": "/api/auth/register", "Application": "Crud.Api"}
Activity.TraceId:            b958faa5d17063af783a3f802ba5e0dc
Activity.SpanId:             a3ce4315bfeac0b6
Activity.TraceFlags:         Recorded
Activity.ActivitySourceName: Microsoft.AspNetCore
Activity.DisplayName:        POST api/Auth/register
Activity.Kind:               Server
Activity.StartTime:          2025-09-11T04:18:25.8523682Z
Activity.Duration:           00:00:00.2984745
Activity.Tags:
    server.address: localhost
    http.request.method: POST
    url.scheme: http
    url.path: /api/auth/register
    network.protocol.version: 1.1
    http.route: api/Auth/register
    http.response.status_code: 200
Resource associated with Activity:
    deployment.environment: Testing
    service.name: Crud.Api
    service.version: 1.0.0
    service.instance.id: 8958bff5-028e-43b0-8103-5553bc095d18
    telemetry.sdk.name: opentelemetry
    telemetry.sdk.language: dotnet
    telemetry.sdk.version: 1.8.1
[04:18:26 DBG] Cache miss for key: entity:role:eddbf44b65954bdf9a203a1b00e93294 {"SourceContext": "Infrastructure.Services.Caching.InMemoryCacheService", "ActionId": "39572821-14fa-47b1-8388-e478e0ae9dce", "ActionName": "Api.Controllers.RolesController.Get (Api)", "RequestId": "0HNFGT8MUJP9E", "RequestPath": "/api/roles/eddbf44b-6595-4bdf-9a20-3a1b00e93294", "Application": "Crud.Api"}
[04:18:26 DBG] Set cache value for key: entity:role:eddbf44b65954bdf9a203a1b00e93294 {"SourceContext": "Infrastructure.Services.Caching.InMemoryCacheService", "ActionId": "39572821-14fa-47b1-8388-e478e0ae9dce", "ActionName": "Api.Controllers.RolesController.Get (Api)", "RequestId": "0HNFGT8MUJP9E", "RequestPath": "/api/roles/eddbf44b-6595-4bdf-9a20-3a1b00e93294", "Application": "Crud.Api"}
Activity.TraceId:            ad3ddd3e0403eab420f3ea52a492c1b1
Activity.SpanId:             2143dbc4d8277b52
Activity.TraceFlags:         Recorded
Activity.ActivitySourceName: Microsoft.AspNetCore
Activity.DisplayName:        GET api/Roles/{id:guid}
Activity.Kind:               Server
Activity.StartTime:          2025-09-11T04:18:26.1509719Z
Activity.Duration:           00:00:00.0019416
Activity.Tags:
    server.address: localhost
    http.request.method: GET
    url.scheme: http
    url.path: /api/roles/eddbf44b-6595-4bdf-9a20-3a1b00e93294
    network.protocol.version: 1.1
    http.route: api/Roles/{id:guid}
    http.response.status_code: 200
Resource associated with Activity:
    deployment.environment: Testing
    service.name: Crud.Api
    service.version: 1.0.0
    service.instance.id: 8958bff5-028e-43b0-8103-5553bc095d18
    telemetry.sdk.name: opentelemetry
    telemetry.sdk.language: dotnet
    telemetry.sdk.version: 1.8.1
[04:18:26 INF] User registered successfully: 4b35258f-d9fc-45a9-bcec-0fe01c50e0e3 {"SourceContext": "App.Features.Authentication.RegisterUserCommandHandler", "ActionId": "ae3a8892-b7e6-422a-b93d-be1163cafcd6", "ActionName": "Api.Controllers.AuthController.Register (Api)", "RequestId": "0HNFGT8MUJP9F", "RequestPath": "/api/auth/register", "Application": "Crud.Api"}
Activity.TraceId:            36137d94c640c361c11f913b1243e4c4
Activity.SpanId:             31964a06a626ad53
Activity.TraceFlags:         Recorded
Activity.ActivitySourceName: Microsoft.AspNetCore
Activity.DisplayName:        POST api/Auth/register
Activity.Kind:               Server
Activity.StartTime:          2025-09-11T04:18:26.1544189Z
Activity.Duration:           00:00:00.2986229
Activity.Tags:
    server.address: localhost
    http.request.method: POST
    url.scheme: http
    url.path: /api/auth/register
    network.protocol.version: 1.1
    http.route: api/Auth/register
    http.response.status_code: 200
Resource associated with Activity:
    deployment.environment: Testing
    service.name: Crud.Api
    service.version: 1.0.0
    service.instance.id: 8958bff5-028e-43b0-8103-5553bc095d18
    telemetry.sdk.name: opentelemetry
    telemetry.sdk.language: dotnet
    telemetry.sdk.version: 1.8.1
[04:18:26 INF] User logged in successfully: 4b35258f-d9fc-45a9-bcec-0fe01c50e0e3 {"SourceContext": "App.Features.Authentication.LoginCommandHandler", "ActionId": "2dc5c831-9313-45c6-a2e2-cdf1ec58e5bc", "ActionName": "Api.Controllers.AuthController.Login (Api)", "RequestId": "0HNFGT8MUJP9G", "RequestPath": "/api/auth/login", "Application": "Crud.Api"}
Activity.TraceId:            3338d3713cfafe2a8dbef53833530ee9
Activity.SpanId:             fe748cccdc1be656
Activity.TraceFlags:         Recorded
Activity.ActivitySourceName: Microsoft.AspNetCore
Activity.DisplayName:        POST api/Auth/login
Activity.Kind:               Server
Activity.StartTime:          2025-09-11T04:18:26.4543668Z
Activity.Duration:           00:00:00.2976934
Activity.Tags:
    server.address: localhost
    http.request.method: POST
    url.scheme: http
    url.path: /api/auth/login
    network.protocol.version: 1.1
    http.route: api/Auth/login
    http.response.status_code: 200
Resource associated with Activity:
    deployment.environment: Testing
    service.name: Crud.Api
    service.version: 1.0.0
    service.instance.id: 8958bff5-028e-43b0-8103-5553bc095d18
    telemetry.sdk.name: opentelemetry
    telemetry.sdk.language: dotnet
    telemetry.sdk.version: 1.8.1
[04:18:26 DBG] Cache miss for key: name:role:simplerole {"SourceContext": "Infrastructure.Services.Caching.InMemoryCacheService", "ActionId": "9c64c88d-855d-49d6-b2c8-b8cdf96ab8c8", "ActionName": "Api.Controllers.RolesController.Create (Api)", "RequestId": "0HNFGT8MUJP9H", "RequestPath": "/api/roles", "Application": "Crud.Api"}
[04:18:26 DBG] Removed cache value for key: entity:role:449a17eb33134e41b086446c59f968af {"SourceContext": "Infrastructure.Services.Caching.InMemoryCacheService", "ActionId": "9c64c88d-855d-49d6-b2c8-b8cdf96ab8c8", "ActionName": "Api.Controllers.RolesController.Create (Api)", "RequestId": "0HNFGT8MUJP9H", "RequestPath": "/api/roles", "Application": "Crud.Api"}
[04:18:26 DBG] Removed cache value for key: list:role {"SourceContext": "Infrastructure.Services.Caching.InMemoryCacheService", "ActionId": "9c64c88d-855d-49d6-b2c8-b8cdf96ab8c8", "ActionName": "Api.Controllers.RolesController.Create (Api)", "RequestId": "0HNFGT8MUJP9H", "RequestPath": "/api/roles", "Application": "Crud.Api"}
[04:18:26 DBG] Invalidating cache for entity type: roles with tag: roles {"SourceContext": "Api.Services.OutputCacheInvalidationService", "ActionId": "9c64c88d-855d-49d6-b2c8-b8cdf96ab8c8", "ActionName": "Api.Controllers.RolesController.Create (Api)", "RequestId": "0HNFGT8MUJP9H", "RequestPath": "/api/roles", "Application": "Crud.Api"}
[04:18:26 INF] Successfully invalidated cache for entity type: roles {"SourceContext": "Api.Services.OutputCacheInvalidationService", "ActionId": "9c64c88d-855d-49d6-b2c8-b8cdf96ab8c8", "ActionName": "Api.Controllers.RolesController.Create (Api)", "RequestId": "0HNFGT8MUJP9H", "RequestPath": "/api/roles", "Application": "Crud.Api"}
Activity.TraceId:            a71a32f04552b6c0d014a548fd1c53db
Activity.SpanId:             5249851457d7688b
Activity.TraceFlags:         Recorded
Activity.ActivitySourceName: Microsoft.AspNetCore
Activity.DisplayName:        POST api/Roles
Activity.Kind:               Server
Activity.StartTime:          2025-09-11T04:18:26.7527493Z
Activity.Duration:           00:00:00.0016821
Activity.Tags:
    server.address: localhost
    http.request.method: POST
    url.scheme: http
    url.path: /api/roles
    network.protocol.version: 1.1
    http.route: api/Roles
    http.response.status_code: 201
Resource associated with Activity:
    deployment.environment: Testing
    service.name: Crud.Api
    service.version: 1.0.0
    service.instance.id: 8958bff5-028e-43b0-8103-5553bc095d18
    telemetry.sdk.name: opentelemetry
    telemetry.sdk.language: dotnet
    telemetry.sdk.version: 1.8.1
[04:18:26 INF] Resetting database for worker 10122 {"SourceContext": "Infrastructure.Services.DatabaseTestService", "Application": "Crud.Api"}
[04:18:26 INF] Resetting database via file deletion for worker 10122 in CI environment {"SourceContext": "Infrastructure.Services.DatabaseTestService", "Application": "Crud.Api"}
[04:18:26 INF] Acquiring database mutex for worker 10122... {"SourceContext": "Infrastructure.Services.DatabaseTestService", "Application": "Crud.Api"}
[04:18:26 INF] Database mutex acquired for worker 10122 {"SourceContext": "Infrastructure.Services.DatabaseTestService", "Application": "Crud.Api"}
[04:18:26 INF] Current database state - CanConnect: True {"SourceContext": "Infrastructure.Services.DatabaseTestService", "Application": "Crud.Api"}
[04:18:26 INF] [Phase 0] Closing database connection for worker 10122... {"SourceContext": "Infrastructure.Services.DatabaseTestService", "Application": "Crud.Api"}
[04:18:26 INF] [Phase 0] Connection closed in 0.0005ms {"SourceContext": "Infrastructure.Services.DatabaseTestService", "Application": "Crud.Api"}
[04:18:26 INF] [Phase 1] Starting EnsureDeletedAsync for worker 10122... {"SourceContext": "Infrastructure.Services.DatabaseTestService", "Application": "Crud.Api"}
[04:18:26 INF] [Phase 1] EnsureDeletedAsync completed in 1.4332ms {"SourceContext": "Infrastructure.Services.DatabaseTestService", "Application": "Crud.Api"}
[04:18:26 INF] [Phase 2] Starting EnsureCreatedAsync for worker 10122... {"SourceContext": "Infrastructure.Services.DatabaseTestService", "Application": "Crud.Api"}
[04:18:26 INF] [Phase 2] EnsureCreatedAsync completed in 7.5142ms {"SourceContext": "Infrastructure.Services.DatabaseTestService", "Application": "Crud.Api"}
[04:18:26 INF] [Phase 3] Skipping database seeding as requested for worker 10122 {"SourceContext": "Infrastructure.Services.DatabaseTestService", "Application": "Crud.Api"}
[04:18:26 INF] Database reset via file deletion completed for worker 10122 in 110.357ms (Close: 0.0005ms, Delete: 1.4332ms, Create: 7.5142ms) {"SourceContext": "Infrastructure.Services.DatabaseTestService", "Application": "Crud.Api"}
[04:18:26 INF] Releasing database mutex for worker 10122 {"SourceContext": "Infrastructure.Services.DatabaseTestService", "Application": "Crud.Api"}
[04:18:27 INF] User registered successfully: 7b68bb0c-6651-4d95-be42-34c1d2b33c59 {"SourceContext": "App.Features.Authentication.RegisterUserCommandHandler", "ActionId": "ae3a8892-b7e6-422a-b93d-be1163cafcd6", "ActionName": "Api.Controllers.AuthController.Register (Api)", "RequestId": "0HNFGT8MUJP9I", "RequestPath": "/api/auth/register", "Application": "Crud.Api"}
Activity.TraceId:            15e05a572a1b1db410c0bc0fb3ddec8e
Activity.SpanId:             c5c5ce551f145502
Activity.TraceFlags:         Recorded
Activity.ActivitySourceName: Microsoft.AspNetCore
Activity.DisplayName:        POST api/Auth/register
Activity.Kind:               Server
Activity.StartTime:          2025-09-11T04:18:26.8687273Z
Activity.Duration:           00:00:00.2977275
Activity.Tags:
    server.address: localhost
    http.request.method: POST
    url.scheme: http
    url.path: /api/auth/register
    network.protocol.version: 1.1
    http.route: api/Auth/register
    http.response.status_code: 200
Resource associated with Activity:
    deployment.environment: Testing
    service.name: Crud.Api
    service.version: 1.0.0
    service.instance.id: 8958bff5-028e-43b0-8103-5553bc095d18
    telemetry.sdk.name: opentelemetry
    telemetry.sdk.language: dotnet
    telemetry.sdk.version: 1.8.1
[04:18:27 DBG] Cache miss for key: list:role {"SourceContext": "Infrastructure.Services.Caching.InMemoryCacheService", "ActionId": "86b6a428-68db-4b03-96be-a30358c749ff", "ActionName": "Api.Controllers.RolesController.List (Api)", "RequestId": "0HNFGT8MUJP9J", "RequestPath": "/api/roles", "Application": "Crud.Api"}
[04:18:27 DBG] Set cache value for key: list:role {"SourceContext": "Infrastructure.Services.Caching.InMemoryCacheService", "ActionId": "86b6a428-68db-4b03-96be-a30358c749ff", "ActionName": "Api.Controllers.RolesController.List (Api)", "RequestId": "0HNFGT8MUJP9J", "RequestPath": "/api/roles", "Application": "Crud.Api"}
Activity.TraceId:            67b742d9b92301895b47c15f1a98be64
Activity.SpanId:             06d9b7d45b09914d
Activity.TraceFlags:         Recorded
Activity.ActivitySourceName: Microsoft.AspNetCore
Activity.DisplayName:        GET api/Roles
Activity.Kind:               Server
Activity.StartTime:          2025-09-11T04:18:27.1665521Z
Activity.Duration:           00:00:00.0007617
Activity.Tags:
    server.address: localhost
    http.request.method: GET
    url.scheme: http
    url.path: /api/roles
    network.protocol.version: 1.1
    http.route: api/Roles
    http.response.status_code: 200
Resource associated with Activity:
    deployment.environment: Testing
    service.name: Crud.Api
    service.version: 1.0.0
    service.instance.id: 8958bff5-028e-43b0-8103-5553bc095d18
    telemetry.sdk.name: opentelemetry
    telemetry.sdk.language: dotnet
    telemetry.sdk.version: 1.8.1
[04:18:27 INF] Resetting database for worker 10122 {"SourceContext": "Infrastructure.Services.DatabaseTestService", "Application": "Crud.Api"}
[04:18:27 INF] Resetting database via file deletion for worker 10122 in CI environment {"SourceContext": "Infrastructure.Services.DatabaseTestService", "Application": "Crud.Api"}
[04:18:27 INF] Acquiring database mutex for worker 10122... {"SourceContext": "Infrastructure.Services.DatabaseTestService", "Application": "Crud.Api"}
[04:18:27 INF] Database mutex acquired for worker 10122 {"SourceContext": "Infrastructure.Services.DatabaseTestService", "Application": "Crud.Api"}
[04:18:27 INF] Current database state - CanConnect: True {"SourceContext": "Infrastructure.Services.DatabaseTestService", "Application": "Crud.Api"}
[04:18:27 INF] [Phase 0] Closing database connection for worker 10122... {"SourceContext": "Infrastructure.Services.DatabaseTestService", "Application": "Crud.Api"}
[04:18:27 INF] [Phase 0] Connection closed in 0.0005ms {"SourceContext": "Infrastructure.Services.DatabaseTestService", "Application": "Crud.Api"}
[04:18:27 INF] [Phase 1] Starting EnsureDeletedAsync for worker 10122... {"SourceContext": "Infrastructure.Services.DatabaseTestService", "Application": "Crud.Api"}
[04:18:27 INF] [Phase 1] EnsureDeletedAsync completed in 1.2077ms {"SourceContext": "Infrastructure.Services.DatabaseTestService", "Application": "Crud.Api"}
[04:18:27 INF] [Phase 2] Starting EnsureCreatedAsync for worker 10122... {"SourceContext": "Infrastructure.Services.DatabaseTestService", "Application": "Crud.Api"}
[04:18:27 INF] [Phase 2] EnsureCreatedAsync completed in 8.1366ms {"SourceContext": "Infrastructure.Services.DatabaseTestService", "Application": "Crud.Api"}
[04:18:27 INF] [Phase 3] Skipping database seeding as requested for worker 10122 {"SourceContext": "Infrastructure.Services.DatabaseTestService", "Application": "Crud.Api"}
[04:18:27 INF] Database reset via file deletion completed for worker 10122 in 109.2346ms (Close: 0.0005ms, Delete: 1.2077ms, Create: 8.1366ms) {"SourceContext": "Infrastructure.Services.DatabaseTestService", "Application": "Crud.Api"}
[04:18:27 INF] Releasing database mutex for worker 10122 {"SourceContext": "Infrastructure.Services.DatabaseTestService", "Application": "Crud.Api"}
[04:18:27 INF] User registered successfully: b92537cb-8f42-453c-bcd9-7e3eff3b8ac1 {"SourceContext": "App.Features.Authentication.RegisterUserCommandHandler", "ActionId": "ae3a8892-b7e6-422a-b93d-be1163cafcd6", "ActionName": "Api.Controllers.AuthController.Register (Api)", "RequestId": "0HNFGT8MUJP9K", "RequestPath": "/api/auth/register", "Application": "Crud.Api"}
Activity.TraceId:            eed314b62a3a82de06b9dc7974eb8e8c
Activity.SpanId:             184bec3cc2046678
Activity.TraceFlags:         Recorded
Activity.ActivitySourceName: Microsoft.AspNetCore
Activity.DisplayName:        POST api/Auth/register
Activity.Kind:               Server
Activity.StartTime:          2025-09-11T04:18:27.2793302Z
Activity.Duration:           00:00:00.2980036
Activity.Tags:
    server.address: localhost
    http.request.method: POST
    url.scheme: http
    url.path: /api/auth/register
    network.protocol.version: 1.1
    http.route: api/Auth/register
    http.response.status_code: 200
Resource associated with Activity:
    deployment.environment: Testing
    service.name: Crud.Api
    service.version: 1.0.0
    service.instance.id: 8958bff5-028e-43b0-8103-5553bc095d18
    telemetry.sdk.name: opentelemetry
    telemetry.sdk.language: dotnet
    telemetry.sdk.version: 1.8.1
[04:18:27 INF] User logged in successfully: b92537cb-8f42-453c-bcd9-7e3eff3b8ac1 {"SourceContext": "App.Features.Authentication.LoginCommandHandler", "ActionId": "2dc5c831-9313-45c6-a2e2-cdf1ec58e5bc", "ActionName": "Api.Controllers.AuthController.Login (Api)", "RequestId": "0HNFGT8MUJP9L", "RequestPath": "/api/auth/login", "Application": "Crud.Api"}
Activity.TraceId:            72a44df274e447faccad9d25f7c453b2
Activity.SpanId:             1db2b73dd437c645
Activity.TraceFlags:         Recorded
Activity.ActivitySourceName: Microsoft.AspNetCore
Activity.DisplayName:        POST api/Auth/login
Activity.Kind:               Server
Activity.StartTime:          2025-09-11T04:18:27.5785201Z
Activity.Duration:           00:00:00.2982687
Activity.Tags:
    server.address: localhost
    http.request.method: POST
    url.scheme: http
    url.path: /api/auth/login
    network.protocol.version: 1.1
    http.route: api/Auth/login
    http.response.status_code: 200
Resource associated with Activity:
    deployment.environment: Testing
    service.name: Crud.Api
    service.version: 1.0.0
    service.instance.id: 8958bff5-028e-43b0-8103-5553bc095d18
    telemetry.sdk.name: opentelemetry
    telemetry.sdk.language: dotnet
    telemetry.sdk.version: 1.8.1
[04:18:27 DBG] Cache miss for key: name:role:persistent {"SourceContext": "Infrastructure.Services.Caching.InMemoryCacheService", "ActionId": "9c64c88d-855d-49d6-b2c8-b8cdf96ab8c8", "ActionName": "Api.Controllers.RolesController.Create (Api)", "RequestId": "0HNFGT8MUJP9M", "RequestPath": "/api/roles", "Application": "Crud.Api"}
[04:18:27 DBG] Removed cache value for key: entity:role:650e85bd75d349c4baf282abbe536499 {"SourceContext": "Infrastructure.Services.Caching.InMemoryCacheService", "ActionId": "9c64c88d-855d-49d6-b2c8-b8cdf96ab8c8", "ActionName": "Api.Controllers.RolesController.Create (Api)", "RequestId": "0HNFGT8MUJP9M", "RequestPath": "/api/roles", "Application": "Crud.Api"}
[04:18:27 DBG] Removed cache value for key: list:role {"SourceContext": "Infrastructure.Services.Caching.InMemoryCacheService", "ActionId": "9c64c88d-855d-49d6-b2c8-b8cdf96ab8c8", "ActionName": "Api.Controllers.RolesController.Create (Api)", "RequestId": "0HNFGT8MUJP9M", "RequestPath": "/api/roles", "Application": "Crud.Api"}
[04:18:27 DBG] Invalidating cache for entity type: roles with tag: roles {"SourceContext": "Api.Services.OutputCacheInvalidationService", "ActionId": "9c64c88d-855d-49d6-b2c8-b8cdf96ab8c8", "ActionName": "Api.Controllers.RolesController.Create (Api)", "RequestId": "0HNFGT8MUJP9M", "RequestPath": "/api/roles", "Application": "Crud.Api"}
[04:18:27 INF] Successfully invalidated cache for entity type: roles {"SourceContext": "Api.Services.OutputCacheInvalidationService", "ActionId": "9c64c88d-855d-49d6-b2c8-b8cdf96ab8c8", "ActionName": "Api.Controllers.RolesController.Create (Api)", "RequestId": "0HNFGT8MUJP9M", "RequestPath": "/api/roles", "Application": "Crud.Api"}
Activity.TraceId:            a31a7a354858fa7eb83e0d0130297c9c
Activity.SpanId:             788f17e59e469bb4
Activity.TraceFlags:         Recorded
Activity.ActivitySourceName: Microsoft.AspNetCore
Activity.DisplayName:        POST api/Roles
Activity.Kind:               Server
Activity.StartTime:          2025-09-11T04:18:27.8778016Z
Activity.Duration:           00:00:00.0048404
Activity.Tags:
    server.address: localhost
    http.request.method: POST
    url.scheme: http
    url.path: /api/roles
    network.protocol.version: 1.1
    http.route: api/Roles
    http.response.status_code: 201
Resource associated with Activity:
    deployment.environment: Testing
    service.name: Crud.Api
    service.version: 1.0.0
    service.instance.id: 8958bff5-028e-43b0-8103-5553bc095d18
    telemetry.sdk.name: opentelemetry
    telemetry.sdk.language: dotnet
    telemetry.sdk.version: 1.8.1
[04:18:28 INF] User registered successfully: 2992df5e-9f23-47a3-bd79-8a787f2a70d2 {"SourceContext": "App.Features.Authentication.RegisterUserCommandHandler", "ActionId": "ae3a8892-b7e6-422a-b93d-be1163cafcd6", "ActionName": "Api.Controllers.AuthController.Register (Api)", "RequestId": "0HNFGT8MUJP9N", "RequestPath": "/api/auth/register", "Application": "Crud.Api"}
Activity.TraceId:            ec67943369c884c1270109df293d646e
Activity.SpanId:             b4350ec61479b0b7
Activity.TraceFlags:         Recorded
Activity.ActivitySourceName: Microsoft.AspNetCore
Activity.DisplayName:        POST api/Auth/register
Activity.Kind:               Server
Activity.StartTime:          2025-09-11T04:18:27.8833600Z
Activity.Duration:           00:00:00.2974204
Activity.Tags:
    server.address: localhost
    http.request.method: POST
    url.scheme: http
    url.path: /api/auth/register
    network.protocol.version: 1.1
    http.route: api/Auth/register
    http.response.status_code: 200
Resource associated with Activity:
    deployment.environment: Testing
    service.name: Crud.Api
    service.version: 1.0.0
    service.instance.id: 8958bff5-028e-43b0-8103-5553bc095d18
    telemetry.sdk.name: opentelemetry
    telemetry.sdk.language: dotnet
    telemetry.sdk.version: 1.8.1
[04:18:28 DBG] Cache miss for key: entity:role:650e85bd75d349c4baf282abbe536499 {"SourceContext": "Infrastructure.Services.Caching.InMemoryCacheService", "ActionId": "39572821-14fa-47b1-8388-e478e0ae9dce", "ActionName": "Api.Controllers.RolesController.Get (Api)", "RequestId": "0HNFGT8MUJP9O", "RequestPath": "/api/roles/650e85bd-75d3-49c4-baf2-82abbe536499", "Application": "Crud.Api"}
[04:18:28 DBG] Set cache value for key: entity:role:650e85bd75d349c4baf282abbe536499 {"SourceContext": "Infrastructure.Services.Caching.InMemoryCacheService", "ActionId": "39572821-14fa-47b1-8388-e478e0ae9dce", "ActionName": "Api.Controllers.RolesController.Get (Api)", "RequestId": "0HNFGT8MUJP9O", "RequestPath": "/api/roles/650e85bd-75d3-49c4-baf2-82abbe536499", "Application": "Crud.Api"}
Activity.TraceId:            bfa5ae2efa2401cd7d41e3edbfc7f5f2
Activity.SpanId:             911654de0fb3dbc4
Activity.TraceFlags:         Recorded
Activity.ActivitySourceName: Microsoft.AspNetCore
Activity.DisplayName:        GET api/Roles/{id:guid}
Activity.Kind:               Server
Activity.StartTime:          2025-09-11T04:18:28.1809171Z
Activity.Duration:           00:00:00.0025268
Activity.Tags:
    server.address: localhost
    http.request.method: GET
    url.scheme: http
    url.path: /api/roles/650e85bd-75d3-49c4-baf2-82abbe536499
    network.protocol.version: 1.1
    http.route: api/Roles/{id:guid}
    http.response.status_code: 200
Resource associated with Activity:
    deployment.environment: Testing
    service.name: Crud.Api
    service.version: 1.0.0
    service.instance.id: 8958bff5-028e-43b0-8103-5553bc095d18
    telemetry.sdk.name: opentelemetry
    telemetry.sdk.language: dotnet
    telemetry.sdk.version: 1.8.1
[04:18:28 INF] Resetting database for worker 10122 {"SourceContext": "Infrastructure.Services.DatabaseTestService", "Application": "Crud.Api"}
[04:18:28 INF] Resetting database via file deletion for worker 10122 in CI environment {"SourceContext": "Infrastructure.Services.DatabaseTestService", "Application": "Crud.Api"}
[04:18:28 INF] Acquiring database mutex for worker 10122... {"SourceContext": "Infrastructure.Services.DatabaseTestService", "Application": "Crud.Api"}
[04:18:28 INF] Database mutex acquired for worker 10122 {"SourceContext": "Infrastructure.Services.DatabaseTestService", "Application": "Crud.Api"}
[04:18:28 INF] Current database state - CanConnect: True {"SourceContext": "Infrastructure.Services.DatabaseTestService", "Application": "Crud.Api"}
[04:18:28 INF] [Phase 0] Closing database connection for worker 10122... {"SourceContext": "Infrastructure.Services.DatabaseTestService", "Application": "Crud.Api"}
[04:18:28 INF] [Phase 0] Connection closed in 0.0005ms {"SourceContext": "Infrastructure.Services.DatabaseTestService", "Application": "Crud.Api"}
[04:18:28 INF] [Phase 1] Starting EnsureDeletedAsync for worker 10122... {"SourceContext": "Infrastructure.Services.DatabaseTestService", "Application": "Crud.Api"}
[04:18:28 INF] [Phase 1] EnsureDeletedAsync completed in 1.2705ms {"SourceContext": "Infrastructure.Services.DatabaseTestService", "Application": "Crud.Api"}
[04:18:28 INF] [Phase 2] Starting EnsureCreatedAsync for worker 10122... {"SourceContext": "Infrastructure.Services.DatabaseTestService", "Application": "Crud.Api"}
[04:18:28 INF] [Phase 2] EnsureCreatedAsync completed in 7.5839ms {"SourceContext": "Infrastructure.Services.DatabaseTestService", "Application": "Crud.Api"}
[04:18:28 INF] [Phase 3] Skipping database seeding as requested for worker 10122 {"SourceContext": "Infrastructure.Services.DatabaseTestService", "Application": "Crud.Api"}
[04:18:28 INF] Database reset via file deletion completed for worker 10122 in 109.6073ms (Close: 0.0005ms, Delete: 1.2705ms, Create: 7.5839ms) {"SourceContext": "Infrastructure.Services.DatabaseTestService", "Application": "Crud.Api"}
[04:18:28 INF] Releasing database mutex for worker 10122 {"SourceContext": "Infrastructure.Services.DatabaseTestService", "Application": "Crud.Api"}
[04:18:28 INF] User registered successfully: d88b64f8-abd4-4f6f-87e2-344c8d2ae95a {"SourceContext": "App.Features.Authentication.RegisterUserCommandHandler", "ActionId": "ae3a8892-b7e6-422a-b93d-be1163cafcd6", "ActionName": "Api.Controllers.AuthController.Register (Api)", "RequestId": "0HNFGT8MUJP9P", "RequestPath": "/api/auth/register", "Application": "Crud.Api"}
Activity.TraceId:            8efe927a7dff7ac2231dd3bf9649cd23
Activity.SpanId:             74f6d3e987d1b2da
Activity.TraceFlags:         Recorded
Activity.ActivitySourceName: Microsoft.AspNetCore
Activity.DisplayName:        POST api/Auth/register
Activity.Kind:               Server
Activity.StartTime:          2025-09-11T04:18:28.2962435Z
Activity.Duration:           00:00:00.2992613
Activity.Tags:
    server.address: localhost
    http.request.method: POST
    url.scheme: http
    url.path: /api/auth/register
    network.protocol.version: 1.1
    http.route: api/Auth/register
    http.response.status_code: 200
Resource associated with Activity:
    deployment.environment: Testing
    service.name: Crud.Api
    service.version: 1.0.0
    service.instance.id: 8958bff5-028e-43b0-8103-5553bc095d18
    telemetry.sdk.name: opentelemetry
    telemetry.sdk.language: dotnet
    telemetry.sdk.version: 1.8.1
[04:18:28 INF] User logged in successfully: d88b64f8-abd4-4f6f-87e2-344c8d2ae95a {"SourceContext": "App.Features.Authentication.LoginCommandHandler", "ActionId": "2dc5c831-9313-45c6-a2e2-cdf1ec58e5bc", "ActionName": "Api.Controllers.AuthController.Login (Api)", "RequestId": "0HNFGT8MUJP9Q", "RequestPath": "/api/auth/login", "Application": "Crud.Api"}
Activity.TraceId:            8e922eee6febb1db20137582db6e5a99
Activity.SpanId:             15b246fbeeedada8
Activity.TraceFlags:         Recorded
Activity.ActivitySourceName: Microsoft.AspNetCore
Activity.DisplayName:        POST api/Auth/login
Activity.Kind:               Server
Activity.StartTime:          2025-09-11T04:18:28.5964281Z
Activity.Duration:           00:00:00.2977527
Activity.Tags:
    server.address: localhost
    http.request.method: POST
    url.scheme: http
    url.path: /api/auth/login
    network.protocol.version: 1.1
    http.route: api/Auth/login
    http.response.status_code: 200
Resource associated with Activity:
    deployment.environment: Testing
    service.name: Crud.Api
    service.version: 1.0.0
    service.instance.id: 8958bff5-028e-43b0-8103-5553bc095d18
    telemetry.sdk.name: opentelemetry
    telemetry.sdk.language: dotnet
    telemetry.sdk.version: 1.8.1
Activity.TraceId:            ab1016872b2e6380f88d4c1349563ee4
Activity.SpanId:             5b867a02cdb5bcd3
Activity.TraceFlags:         Recorded
Activity.ActivitySourceName: Microsoft.AspNetCore
Activity.DisplayName:        POST api/Roles
Activity.Kind:               Server
Activity.StartTime:          2025-09-11T04:18:28.8951466Z
Activity.Duration:           00:00:00.0016906
Activity.Tags:
    server.address: localhost
    http.request.method: POST
    url.scheme: http
    url.path: /api/roles
    network.protocol.version: 1.1
    http.route: api/Roles
    http.response.status_code: 400
Resource associated with Activity:
    deployment.environment: Testing
    service.name: Crud.Api
    service.version: 1.0.0
    service.instance.id: 8958bff5-028e-43b0-8103-5553bc095d18
    telemetry.sdk.name: opentelemetry
    telemetry.sdk.language: dotnet
    telemetry.sdk.version: 1.8.1
[04:18:28 INF] Resetting database for worker 10122 {"SourceContext": "Infrastructure.Services.DatabaseTestService", "Application": "Crud.Api"}
[04:18:28 INF] Resetting database via file deletion for worker 10122 in CI environment {"SourceContext": "Infrastructure.Services.DatabaseTestService", "Application": "Crud.Api"}
[04:18:28 INF] Acquiring database mutex for worker 10122... {"SourceContext": "Infrastructure.Services.DatabaseTestService", "Application": "Crud.Api"}
[04:18:28 INF] Database mutex acquired for worker 10122 {"SourceContext": "Infrastructure.Services.DatabaseTestService", "Application": "Crud.Api"}
[04:18:28 INF] Current database state - CanConnect: True {"SourceContext": "Infrastructure.Services.DatabaseTestService", "Application": "Crud.Api"}
[04:18:28 INF] [Phase 0] Closing database connection for worker 10122... {"SourceContext": "Infrastructure.Services.DatabaseTestService", "Application": "Crud.Api"}
[04:18:28 INF] [Phase 0] Connection closed in 0.0007ms {"SourceContext": "Infrastructure.Services.DatabaseTestService", "Application": "Crud.Api"}
[04:18:28 INF] [Phase 1] Starting EnsureDeletedAsync for worker 10122... {"SourceContext": "Infrastructure.Services.DatabaseTestService", "Application": "Crud.Api"}
[04:18:28 INF] [Phase 1] EnsureDeletedAsync completed in 1.5225ms {"SourceContext": "Infrastructure.Services.DatabaseTestService", "Application": "Crud.Api"}
[04:18:28 INF] [Phase 2] Starting EnsureCreatedAsync for worker 10122... {"SourceContext": "Infrastructure.Services.DatabaseTestService", "Application": "Crud.Api"}
[04:18:29 INF] [Phase 2] EnsureCreatedAsync completed in 7.5125ms {"SourceContext": "Infrastructure.Services.DatabaseTestService", "Application": "Crud.Api"}
[04:18:29 INF] [Phase 3] Skipping database seeding as requested for worker 10122 {"SourceContext": "Infrastructure.Services.DatabaseTestService", "Application": "Crud.Api"}
[04:18:29 INF] Database reset via file deletion completed for worker 10122 in 109.4659ms (Close: 0.0007ms, Delete: 1.5225ms, Create: 7.5125ms) {"SourceContext": "Infrastructure.Services.DatabaseTestService", "Application": "Crud.Api"}
[04:18:29 INF] Releasing database mutex for worker 10122 {"SourceContext": "Infrastructure.Services.DatabaseTestService", "Application": "Crud.Api"}
[04:18:29 INF] Resetting database for worker 10122 {"SourceContext": "Infrastructure.Services.DatabaseTestService", "Application": "Crud.Api"}
[04:18:29 INF] Resetting database via file deletion for worker 10122 in CI environment {"SourceContext": "Infrastructure.Services.DatabaseTestService", "Application": "Crud.Api"}
[04:18:29 INF] Acquiring database mutex for worker 10122... {"SourceContext": "Infrastructure.Services.DatabaseTestService", "Application": "Crud.Api"}
[04:18:29 INF] Database mutex acquired for worker 10122 {"SourceContext": "Infrastructure.Services.DatabaseTestService", "Application": "Crud.Api"}
[04:18:29 INF] Current database state - CanConnect: True {"SourceContext": "Infrastructure.Services.DatabaseTestService", "Application": "Crud.Api"}
[04:18:29 INF] [Phase 0] Closing database connection for worker 10122... {"SourceContext": "Infrastructure.Services.DatabaseTestService", "Application": "Crud.Api"}
[04:18:29 INF] [Phase 0] Connection closed in 0.0005ms {"SourceContext": "Infrastructure.Services.DatabaseTestService", "Application": "Crud.Api"}
[04:18:29 INF] [Phase 1] Starting EnsureDeletedAsync for worker 10122... {"SourceContext": "Infrastructure.Services.DatabaseTestService", "Application": "Crud.Api"}
[04:18:29 INF] [Phase 1] EnsureDeletedAsync completed in 1.1834ms {"SourceContext": "Infrastructure.Services.DatabaseTestService", "Application": "Crud.Api"}
[04:18:29 INF] [Phase 2] Starting EnsureCreatedAsync for worker 10122... {"SourceContext": "Infrastructure.Services.DatabaseTestService", "Application": "Crud.Api"}
[04:18:29 INF] [Phase 2] EnsureCreatedAsync completed in 7.3381ms {"SourceContext": "Infrastructure.Services.DatabaseTestService", "Application": "Crud.Api"}
[04:18:29 INF] [Phase 3] Skipping database seeding as requested for worker 10122 {"SourceContext": "Infrastructure.Services.DatabaseTestService", "Application": "Crud.Api"}
[04:18:29 INF] Database reset via file deletion completed for worker 10122 in 108.9763ms (Close: 0.0005ms, Delete: 1.1834ms, Create: 7.3381ms) {"SourceContext": "Infrastructure.Services.DatabaseTestService", "Application": "Crud.Api"}
[04:18:29 INF] Releasing database mutex for worker 10122 {"SourceContext": "Infrastructure.Services.DatabaseTestService", "Application": "Crud.Api"}
[04:18:29 INF] User registered successfully: 2d0ac6bb-2e4f-4559-886d-1e6bac0e7423 {"SourceContext": "App.Features.Authentication.RegisterUserCommandHandler", "ActionId": "ae3a8892-b7e6-422a-b93d-be1163cafcd6", "ActionName": "Api.Controllers.AuthController.Register (Api)", "RequestId": "0HNFGT8MUJP9S", "RequestPath": "/api/auth/register", "Application": "Crud.Api"}
Activity.TraceId:            cff0fd221b78407238b784d30ebddc7b
Activity.SpanId:             935726b362f30781
Activity.TraceFlags:         Recorded
Activity.ActivitySourceName: Microsoft.AspNetCore
Activity.DisplayName:        POST api/Auth/register
Activity.Kind:               Server
Activity.StartTime:          2025-09-11T04:18:29.1191105Z
Activity.Duration:           00:00:00.2988497
Activity.Tags:
    server.address: localhost
    http.request.method: POST
    url.scheme: http
    url.path: /api/auth/register
    network.protocol.version: 1.1
    http.route: api/Auth/register
    http.response.status_code: 200
Resource associated with Activity:
    deployment.environment: Testing
    service.name: Crud.Api
    service.version: 1.0.0
    service.instance.id: 8958bff5-028e-43b0-8103-5553bc095d18
    telemetry.sdk.name: opentelemetry
    telemetry.sdk.language: dotnet
    telemetry.sdk.version: 1.8.1
[04:18:29 INF] User logged in successfully: 2d0ac6bb-2e4f-4559-886d-1e6bac0e7423 {"SourceContext": "App.Features.Authentication.LoginCommandHandler", "ActionId": "2dc5c831-9313-45c6-a2e2-cdf1ec58e5bc", "ActionName": "Api.Controllers.AuthController.Login (Api)", "RequestId": "0HNFGT8MUJP9T", "RequestPath": "/api/auth/login", "Application": "Crud.Api"}
Activity.TraceId:            720d148c5062216ac9c5a4057b16dfc2
Activity.SpanId:             8920e16ed3c4d872
Activity.TraceFlags:         Recorded
Activity.ActivitySourceName: Microsoft.AspNetCore
Activity.DisplayName:        POST api/Auth/login
Activity.Kind:               Server
Activity.StartTime:          2025-09-11T04:18:29.4188848Z
Activity.Duration:           00:00:00.3000572
Activity.Tags:
    server.address: localhost
    http.request.method: POST
    url.scheme: http
    url.path: /api/auth/login
    network.protocol.version: 1.1
    http.route: api/Auth/login
    http.response.status_code: 200
Resource associated with Activity:
    deployment.environment: Testing
    service.name: Crud.Api
    service.version: 1.0.0
    service.instance.id: 8958bff5-028e-43b0-8103-5553bc095d18
    telemetry.sdk.name: opentelemetry
    telemetry.sdk.language: dotnet
    telemetry.sdk.version: 1.8.1
[04:18:29 DBG] Cache miss for key: name:role:administrator {"SourceContext": "Infrastructure.Services.Caching.InMemoryCacheService", "ActionId": "9c64c88d-855d-49d6-b2c8-b8cdf96ab8c8", "ActionName": "Api.Controllers.RolesController.Create (Api)", "RequestId": "0HNFGT8MUJP9U", "RequestPath": "/api/roles", "Application": "Crud.Api"}
[04:18:29 DBG] Removed cache value for key: entity:role:e93db1e7ac104d8abd407099a396f953 {"SourceContext": "Infrastructure.Services.Caching.InMemoryCacheService", "ActionId": "9c64c88d-855d-49d6-b2c8-b8cdf96ab8c8", "ActionName": "Api.Controllers.RolesController.Create (Api)", "RequestId": "0HNFGT8MUJP9U", "RequestPath": "/api/roles", "Application": "Crud.Api"}
[04:18:29 DBG] Removed cache value for key: list:role {"SourceContext": "Infrastructure.Services.Caching.InMemoryCacheService", "ActionId": "9c64c88d-855d-49d6-b2c8-b8cdf96ab8c8", "ActionName": "Api.Controllers.RolesController.Create (Api)", "RequestId": "0HNFGT8MUJP9U", "RequestPath": "/api/roles", "Application": "Crud.Api"}
[04:18:29 DBG] Invalidating cache for entity type: roles with tag: roles {"SourceContext": "Api.Services.OutputCacheInvalidationService", "ActionId": "9c64c88d-855d-49d6-b2c8-b8cdf96ab8c8", "ActionName": "Api.Controllers.RolesController.Create (Api)", "RequestId": "0HNFGT8MUJP9U", "RequestPath": "/api/roles", "Application": "Crud.Api"}
[04:18:29 INF] Successfully invalidated cache for entity type: roles {"SourceContext": "Api.Services.OutputCacheInvalidationService", "ActionId": "9c64c88d-855d-49d6-b2c8-b8cdf96ab8c8", "ActionName": "Api.Controllers.RolesController.Create (Api)", "RequestId": "0HNFGT8MUJP9U", "RequestPath": "/api/roles", "Application": "Crud.Api"}
Activity.TraceId:            ca1f765d43a5fc52b3ffea70ca1dc0f7
Activity.SpanId:             9b3023241739b483
Activity.TraceFlags:         Recorded
Activity.ActivitySourceName: Microsoft.AspNetCore
Activity.DisplayName:        POST api/Roles
Activity.Kind:               Server
Activity.StartTime:          2025-09-11T04:18:29.7191081Z
Activity.Duration:           00:00:00.0019617
Activity.Tags:
    server.address: localhost
    http.request.method: POST
    url.scheme: http
    url.path: /api/roles
    network.protocol.version: 1.1
    http.route: api/Roles
    http.response.status_code: 201
Resource associated with Activity:
    deployment.environment: Testing
    service.name: Crud.Api
    service.version: 1.0.0
    service.instance.id: 8958bff5-028e-43b0-8103-5553bc095d18
    telemetry.sdk.name: opentelemetry
    telemetry.sdk.language: dotnet
    telemetry.sdk.version: 1.8.1
[04:18:29 INF] Resetting database for worker 10122 {"SourceContext": "Infrastructure.Services.DatabaseTestService", "Application": "Crud.Api"}
[04:18:29 INF] Resetting database via file deletion for worker 10122 in CI environment {"SourceContext": "Infrastructure.Services.DatabaseTestService", "Application": "Crud.Api"}
[04:18:29 INF] Acquiring database mutex for worker 10122... {"SourceContext": "Infrastructure.Services.DatabaseTestService", "Application": "Crud.Api"}
[04:18:29 INF] Database mutex acquired for worker 10122 {"SourceContext": "Infrastructure.Services.DatabaseTestService", "Application": "Crud.Api"}
[04:18:29 INF] Current database state - CanConnect: True {"SourceContext": "Infrastructure.Services.DatabaseTestService", "Application": "Crud.Api"}
[04:18:29 INF] [Phase 0] Closing database connection for worker 10122... {"SourceContext": "Infrastructure.Services.DatabaseTestService", "Application": "Crud.Api"}
[04:18:29 INF] [Phase 0] Connection closed in 0.0006ms {"SourceContext": "Infrastructure.Services.DatabaseTestService", "Application": "Crud.Api"}
[04:18:29 INF] [Phase 1] Starting EnsureDeletedAsync for worker 10122... {"SourceContext": "Infrastructure.Services.DatabaseTestService", "Application": "Crud.Api"}
[04:18:29 INF] [Phase 1] EnsureDeletedAsync completed in 1.1599ms {"SourceContext": "Infrastructure.Services.DatabaseTestService", "Application": "Crud.Api"}
[04:18:29 INF] [Phase 2] Starting EnsureCreatedAsync for worker 10122... {"SourceContext": "Infrastructure.Services.DatabaseTestService", "Application": "Crud.Api"}
[04:18:29 INF] [Phase 2] EnsureCreatedAsync completed in 9.9545ms {"SourceContext": "Infrastructure.Services.DatabaseTestService", "Application": "Crud.Api"}
[04:18:29 INF] [Phase 3] Skipping database seeding as requested for worker 10122 {"SourceContext": "Infrastructure.Services.DatabaseTestService", "Application": "Crud.Api"}
[04:18:29 INF] Database reset via file deletion completed for worker 10122 in 111.9124ms (Close: 0.0006ms, Delete: 1.1599ms, Create: 9.9545ms) {"SourceContext": "Infrastructure.Services.DatabaseTestService", "Application": "Crud.Api"}
[04:18:29 INF] Releasing database mutex for worker 10122 {"SourceContext": "Infrastructure.Services.DatabaseTestService", "Application": "Crud.Api"}
[04:18:29 INF] Resetting database for worker 10122 {"SourceContext": "Infrastructure.Services.DatabaseTestService", "Application": "Crud.Api"}
[04:18:29 INF] Resetting database via file deletion for worker 10122 in CI environment {"SourceContext": "Infrastructure.Services.DatabaseTestService", "Application": "Crud.Api"}
[04:18:29 INF] Acquiring database mutex for worker 10122... {"SourceContext": "Infrastructure.Services.DatabaseTestService", "Application": "Crud.Api"}
[04:18:29 INF] Database mutex acquired for worker 10122 {"SourceContext": "Infrastructure.Services.DatabaseTestService", "Application": "Crud.Api"}
[04:18:29 INF] Current database state - CanConnect: True {"SourceContext": "Infrastructure.Services.DatabaseTestService", "Application": "Crud.Api"}
[04:18:29 INF] [Phase 0] Closing database connection for worker 10122... {"SourceContext": "Infrastructure.Services.DatabaseTestService", "Application": "Crud.Api"}
[04:18:29 INF] [Phase 0] Connection closed in 0.0007ms {"SourceContext": "Infrastructure.Services.DatabaseTestService", "Application": "Crud.Api"}
[04:18:29 INF] [Phase 1] Starting EnsureDeletedAsync for worker 10122... {"SourceContext": "Infrastructure.Services.DatabaseTestService", "Application": "Crud.Api"}
[04:18:29 INF] [Phase 1] EnsureDeletedAsync completed in 1.236ms {"SourceContext": "Infrastructure.Services.DatabaseTestService", "Application": "Crud.Api"}
[04:18:29 INF] [Phase 2] Starting EnsureCreatedAsync for worker 10122... {"SourceContext": "Infrastructure.Services.DatabaseTestService", "Application": "Crud.Api"}
[04:18:29 INF] [Phase 2] EnsureCreatedAsync completed in 8.8017ms {"SourceContext": "Infrastructure.Services.DatabaseTestService", "Application": "Crud.Api"}
[04:18:29 INF] [Phase 3] Skipping database seeding as requested for worker 10122 {"SourceContext": "Infrastructure.Services.DatabaseTestService", "Application": "Crud.Api"}
[04:18:29 INF] Database reset via file deletion completed for worker 10122 in 110.855ms (Close: 0.0007ms, Delete: 1.236ms, Create: 8.8017ms) {"SourceContext": "Infrastructure.Services.DatabaseTestService", "Application": "Crud.Api"}
[04:18:29 INF] Releasing database mutex for worker 10122 {"SourceContext": "Infrastructure.Services.DatabaseTestService", "Application": "Crud.Api"}
[04:18:30 INF] User registered successfully: cd15dc81-a38b-439e-9aa9-4c747a3dd839 {"SourceContext": "App.Features.Authentication.RegisterUserCommandHandler", "ActionId": "ae3a8892-b7e6-422a-b93d-be1163cafcd6", "ActionName": "Api.Controllers.AuthController.Register (Api)", "RequestId": "0HNFGT8MUJP9V", "RequestPath": "/api/auth/register", "Application": "Crud.Api"}
Activity.TraceId:            5bc994382d7dd8add0e00424148c49bd
Activity.SpanId:             0c532828c5fbb961
Activity.TraceFlags:         Recorded
Activity.ActivitySourceName: Microsoft.AspNetCore
Activity.DisplayName:        POST api/Auth/register
Activity.Kind:               Server
Activity.StartTime:          2025-09-11T04:18:29.9474991Z
Activity.Duration:           00:00:00.2979104
Activity.Tags:
    server.address: localhost
    http.request.method: POST
    url.scheme: http
    url.path: /api/auth/register
    network.protocol.version: 1.1
    http.route: api/Auth/register
    http.response.status_code: 200
Resource associated with Activity:
    deployment.environment: Testing
    service.name: Crud.Api
    service.version: 1.0.0
    service.instance.id: 8958bff5-028e-43b0-8103-5553bc095d18
    telemetry.sdk.name: opentelemetry
    telemetry.sdk.language: dotnet
    telemetry.sdk.version: 1.8.1
[04:18:30 DBG] Cache miss for key: entity:role:0fae2d1a661f4ff68ccb634de54a6eab {"SourceContext": "Infrastructure.Services.Caching.InMemoryCacheService", "ActionId": "39572821-14fa-47b1-8388-e478e0ae9dce", "ActionName": "Api.Controllers.RolesController.Get (Api)", "RequestId": "0HNFGT8MUJPA0", "RequestPath": "/api/roles/0fae2d1a-661f-4ff6-8ccb-634de54a6eab", "Application": "Crud.Api"}
Activity.TraceId:            460228d7ed04d22e17d3bff52a955bc0
Activity.SpanId:             449e7e54a85882e0
Activity.TraceFlags:         Recorded
Activity.ActivitySourceName: Microsoft.AspNetCore
Activity.DisplayName:        GET api/Roles/{id:guid}
Activity.Kind:               Server
Activity.StartTime:          2025-09-11T04:18:30.2456083Z
Activity.Duration:           00:00:00.0032354
Activity.Tags:
    server.address: localhost
    http.request.method: GET
    url.scheme: http
    url.path: /api/roles/0fae2d1a-661f-4ff6-8ccb-634de54a6eab
    network.protocol.version: 1.1
    http.route: api/Roles/{id:guid}
    http.response.status_code: 404
Resource associated with Activity:
    deployment.environment: Testing
    service.name: Crud.Api
    service.version: 1.0.0
    service.instance.id: 8958bff5-028e-43b0-8103-5553bc095d18
    telemetry.sdk.name: opentelemetry
    telemetry.sdk.language: dotnet
    telemetry.sdk.version: 1.8.1
[04:18:30 INF] Resetting database for worker 10122 {"SourceContext": "Infrastructure.Services.DatabaseTestService", "Application": "Crud.Api"}
[04:18:30 INF] Resetting database via file deletion for worker 10122 in CI environment {"SourceContext": "Infrastructure.Services.DatabaseTestService", "Application": "Crud.Api"}
[04:18:30 INF] Acquiring database mutex for worker 10122... {"SourceContext": "Infrastructure.Services.DatabaseTestService", "Application": "Crud.Api"}
[04:18:30 INF] Database mutex acquired for worker 10122 {"SourceContext": "Infrastructure.Services.DatabaseTestService", "Application": "Crud.Api"}
[04:18:30 INF] Current database state - CanConnect: True {"SourceContext": "Infrastructure.Services.DatabaseTestService", "Application": "Crud.Api"}
[04:18:30 INF] [Phase 0] Closing database connection for worker 10122... {"SourceContext": "Infrastructure.Services.DatabaseTestService", "Application": "Crud.Api"}
[04:18:30 INF] [Phase 0] Connection closed in 0.0005ms {"SourceContext": "Infrastructure.Services.DatabaseTestService", "Application": "Crud.Api"}
[04:18:30 INF] [Phase 1] Starting EnsureDeletedAsync for worker 10122... {"SourceContext": "Infrastructure.Services.DatabaseTestService", "Application": "Crud.Api"}
[04:18:30 INF] [Phase 1] EnsureDeletedAsync completed in 1.1748ms {"SourceContext": "Infrastructure.Services.DatabaseTestService", "Application": "Crud.Api"}
[04:18:30 INF] [Phase 2] Starting EnsureCreatedAsync for worker 10122... {"SourceContext": "Infrastructure.Services.DatabaseTestService", "Application": "Crud.Api"}
[04:18:30 INF] [Phase 2] EnsureCreatedAsync completed in 7.1759ms {"SourceContext": "Infrastructure.Services.DatabaseTestService", "Application": "Crud.Api"}
[04:18:30 INF] [Phase 3] Skipping database seeding as requested for worker 10122 {"SourceContext": "Infrastructure.Services.DatabaseTestService", "Application": "Crud.Api"}
[04:18:30 INF] Database reset via file deletion completed for worker 10122 in 109.2972ms (Close: 0.0005ms, Delete: 1.1748ms, Create: 7.1759ms) {"SourceContext": "Infrastructure.Services.DatabaseTestService", "Application": "Crud.Api"}
[04:18:30 INF] Releasing database mutex for worker 10122 {"SourceContext": "Infrastructure.Services.DatabaseTestService", "Application": "Crud.Api"}
[04:18:30 INF] Resetting database for worker 10122 {"SourceContext": "Infrastructure.Services.DatabaseTestService", "Application": "Crud.Api"}
[04:18:30 INF] Resetting database via file deletion for worker 10122 in CI environment {"SourceContext": "Infrastructure.Services.DatabaseTestService", "Application": "Crud.Api"}
[04:18:30 INF] Acquiring database mutex for worker 10122... {"SourceContext": "Infrastructure.Services.DatabaseTestService", "Application": "Crud.Api"}
[04:18:30 INF] Database mutex acquired for worker 10122 {"SourceContext": "Infrastructure.Services.DatabaseTestService", "Application": "Crud.Api"}
[04:18:30 INF] Current database state - CanConnect: True {"SourceContext": "Infrastructure.Services.DatabaseTestService", "Application": "Crud.Api"}
[04:18:30 INF] [Phase 0] Closing database connection for worker 10122... {"SourceContext": "Infrastructure.Services.DatabaseTestService", "Application": "Crud.Api"}
[04:18:30 INF] [Phase 0] Connection closed in 0.0006ms {"SourceContext": "Infrastructure.Services.DatabaseTestService", "Application": "Crud.Api"}
[04:18:30 INF] [Phase 1] Starting EnsureDeletedAsync for worker 10122... {"SourceContext": "Infrastructure.Services.DatabaseTestService", "Application": "Crud.Api"}
[04:18:30 INF] [Phase 1] EnsureDeletedAsync completed in 1.0661ms {"SourceContext": "Infrastructure.Services.DatabaseTestService", "Application": "Crud.Api"}
[04:18:30 INF] [Phase 2] Starting EnsureCreatedAsync for worker 10122... {"SourceContext": "Infrastructure.Services.DatabaseTestService", "Application": "Crud.Api"}
[04:18:30 INF] [Phase 2] EnsureCreatedAsync completed in 7.5112ms {"SourceContext": "Infrastructure.Services.DatabaseTestService", "Application": "Crud.Api"}
[04:18:30 INF] [Phase 3] Skipping database seeding as requested for worker 10122 {"SourceContext": "Infrastructure.Services.DatabaseTestService", "Application": "Crud.Api"}
[04:18:30 INF] Database reset via file deletion completed for worker 10122 in 109.0779ms (Close: 0.0006ms, Delete: 1.0661ms, Create: 7.5112ms) {"SourceContext": "Infrastructure.Services.DatabaseTestService", "Application": "Crud.Api"}
[04:18:30 INF] Releasing database mutex for worker 10122 {"SourceContext": "Infrastructure.Services.DatabaseTestService", "Application": "Crud.Api"}
Resource associated with Metric:
    deployment.environment: Testing
    service.name: Crud.Api
    service.version: 1.0.0
    service.instance.id: 8958bff5-028e-43b0-8103-5553bc095d18
    telemetry.sdk.name: opentelemetry
    telemetry.sdk.language: dotnet
    telemetry.sdk.version: 1.8.1
Metric Name: http.server.active_requests, Number of active HTTP server requests., Unit: {request}, Meter: Microsoft.AspNetCore.Hosting
(2025-09-11T04:18:20.7364981Z, 2025-09-11T04:18:30.7367029Z] http.request.method: POST url.scheme: http LongSumNonMonotonic
Value: 1
(2025-09-11T04:18:20.7364981Z, 2025-09-11T04:18:30.7367029Z] http.request.method: DELETE url.scheme: http LongSumNonMonotonic
Value: 0
(2025-09-11T04:18:20.7364981Z, 2025-09-11T04:18:30.7367029Z] http.request.method: GET url.scheme: http LongSumNonMonotonic
Value: 0
(2025-09-11T04:18:20.7364981Z, 2025-09-11T04:18:30.7367029Z] http.request.method: PUT url.scheme: http LongSumNonMonotonic
Value: 0
Metric Name: http.server.request.duration, Duration of HTTP server requests., Unit: s, Meter: Microsoft.AspNetCore.Hosting
(2025-09-11T04:18:20.7365174Z, 2025-09-11T04:18:30.7367070Z] http.request.method: POST http.response.status_code: 200 http.route: api/Auth/register network.protocol.version: 1.1 url.scheme: http Histogram
Value: Sum: 5.0950282 Count: 17 Min: 0.2974206 Max: 0.3135396 
(-Infinity,0.005]:0
(0.005,0.01]:0
(0.01,0.025]:0
(0.025,0.05]:0
(0.05,0.075]:0
(0.075,0.1]:0
(0.1,0.25]:0
(0.25,0.5]:17
(0.5,0.75]:0
(0.75,1]:0
(1,2.5]:0
(2.5,5]:0
(5,7.5]:0
(7.5,10]:0
(10,+Infinity]:0
(2025-09-11T04:18:20.7365174Z, 2025-09-11T04:18:30.7367070Z] http.request.method: POST http.response.status_code: 200 http.route: api/Auth/login network.protocol.version: 1.1 url.scheme: http Histogram
Value: Sum: 3.2908327999999996 Count: 11 Min: 0.2976935 Max: 0.3028963 
(-Infinity,0.005]:0
(0.005,0.01]:0
(0.01,0.025]:0
(0.025,0.05]:0
(0.05,0.075]:0
(0.075,0.1]:0
(0.1,0.25]:0
(0.25,0.5]:11
(0.5,0.75]:0
(0.75,1]:0
(1,2.5]:0
(2.5,5]:0
(5,7.5]:0
(7.5,10]:0
(10,+Infinity]:0
(2025-09-11T04:18:20.7365174Z, 2025-09-11T04:18:30.7367070Z] http.request.method: DELETE http.response.status_code: 204 http.route: api/Roles/{id:guid} network.protocol.version: 1.1 url.scheme: http Histogram
Value: Sum: 0.0122694 Count: 2 Min: 0.0026055 Max: 0.0096639 
(-Infinity,0.005]:1
(0.005,0.01]:1
(0.01,0.025]:0
(0.025,0.05]:0
(0.05,0.075]:0
(0.075,0.1]:0
(0.1,0.25]:0
(0.25,0.5]:0
(0.5,0.75]:0
(0.75,1]:0
(1,2.5]:0
(2.5,5]:0
(5,7.5]:0
(7.5,10]:0
(10,+Infinity]:0
(2025-09-11T04:18:20.7365174Z, 2025-09-11T04:18:30.7367070Z] http.request.method: POST http.response.status_code: 201 http.route: api/Roles network.protocol.version: 1.1 url.scheme: http Histogram
Value: Sum: 0.0357398 Count: 7 Min: 0.0016044 Max: 0.0171626 
(-Infinity,0.005]:5
(0.005,0.01]:1
(0.01,0.025]:1
(0.025,0.05]:0
(0.05,0.075]:0
(0.075,0.1]:0
(0.1,0.25]:0
(0.25,0.5]:0
(0.5,0.75]:0
(0.75,1]:0
(1,2.5]:0
(2.5,5]:0
(5,7.5]:0
(7.5,10]:0
(10,+Infinity]:0
(2025-09-11T04:18:20.7365174Z, 2025-09-11T04:18:30.7367070Z] http.request.method: GET http.response.status_code: 200 http.route: api/Roles network.protocol.version: 1.1 url.scheme: http Histogram
Value: Sum: 0.0059185 Count: 2 Min: 0.0007599 Max: 0.0051586 
(-Infinity,0.005]:1
(0.005,0.01]:1
(0.01,0.025]:0
(0.025,0.05]:0
(0.05,0.075]:0
(0.075,0.1]:0
(0.1,0.25]:0
(0.25,0.5]:0
(0.5,0.75]:0
(0.75,1]:0
(1,2.5]:0
(2.5,5]:0
(5,7.5]:0
(7.5,10]:0
(10,+Infinity]:0
(2025-09-11T04:18:20.7365174Z, 2025-09-11T04:18:30.7367070Z] http.request.method: GET http.response.status_code: 404 http.route: api/Roles/{id:guid} network.protocol.version: 1.1 url.scheme: http Histogram
Value: Sum: 0.011215300000000001 Count: 2 Min: 0.0032326 Max: 0.0079827 
(-Infinity,0.005]:1
(0.005,0.01]:1
(0.01,0.025]:0
(0.025,0.05]:0
(0.05,0.075]:0
(0.075,0.1]:0
(0.1,0.25]:0
(0.25,0.5]:0
(0.5,0.75]:0
(0.75,1]:0
(1,2.5]:0
(2.5,5]:0
(5,7.5]:0
(7.5,10]:0
(10,+Infinity]:0
(2025-09-11T04:18:20.7365174Z, 2025-09-11T04:18:30.7367070Z] http.request.method: PUT http.response.status_code: 204 http.route: api/Roles/{id:guid} network.protocol.version: 1.1 url.scheme: http Histogram
Value: Sum: 0.0053854 Count: 1 Min: 0.0053854 Max: 0.0053854 
(-Infinity,0.005]:0
(0.005,0.01]:1
(0.01,0.025]:0
(0.025,0.05]:0
(0.05,0.075]:0
(0.075,0.1]:0
(0.1,0.25]:0
(0.25,0.5]:0
(0.5,0.75]:0
(0.75,1]:0
(1,2.5]:0
(2.5,5]:0
(5,7.5]:0
(7.5,10]:0
(10,+Infinity]:0
(2025-09-11T04:18:20.7365174Z, 2025-09-11T04:18:30.7367070Z] http.request.method: GET http.response.status_code: 200 http.route: api/Roles/{id:guid} network.protocol.version: 1.1 url.scheme: http Histogram
Value: Sum: 0.0044574 Count: 2 Min: 0.0019334 Max: 0.002524 
(-Infinity,0.005]:2
(0.005,0.01]:0
(0.01,0.025]:0
(0.025,0.05]:0
(0.05,0.075]:0
(0.075,0.1]:0
(0.1,0.25]:0
(0.25,0.5]:0
(0.5,0.75]:0
(0.75,1]:0
(1,2.5]:0
(2.5,5]:0
(5,7.5]:0
(7.5,10]:0
(10,+Infinity]:0
(2025-09-11T04:18:20.7365174Z, 2025-09-11T04:18:30.7367070Z] http.request.method: POST http.response.status_code: 400 http.route: api/Roles network.protocol.version: 1.1 url.scheme: http Histogram
Value: Sum: 0.0016852 Count: 1 Min: 0.0016852 Max: 0.0016852 
(-Infinity,0.005]:1
(0.005,0.01]:0
(0.01,0.025]:0
(0.025,0.05]:0
(0.05,0.075]:0
(0.075,0.1]:0
(0.1,0.25]:0
(0.25,0.5]:0
(0.5,0.75]:0
(0.75,1]:0
(1,2.5]:0
(2.5,5]:0
(5,7.5]:0
(7.5,10]:0
(10,+Infinity]:0
Metric Name: aspnetcore.rate_limiting.active_request_leases, Number of HTTP requests that are currently active on the server that hold a rate limiting lease., Unit: {request}, Meter: Microsoft.AspNetCore.RateLimiting
(2025-09-11T04:18:20.7383964Z, 2025-09-11T04:18:30.7367074Z] LongSumNonMonotonic
Value: 1
Metric Name: aspnetcore.rate_limiting.request_lease.duration, The duration of rate limiting leases held by HTTP requests on the server., Unit: s, Meter: Microsoft.AspNetCore.RateLimiting
(2025-09-11T04:18:20.7384158Z, 2025-09-11T04:18:30.7367080Z] Histogram
Value: Sum: 8.455754100000004 Count: 45 Min: 0.0007037 Max: 0.3134458 
(-Infinity,0.005]:12
(0.005,0.01]:4
(0.01,0.025]:1
(0.025,0.05]:0
(0.05,0.075]:0
(0.075,0.1]:0
(0.1,0.25]:0
(0.25,0.5]:28
(0.5,0.75]:0
(0.75,1]:0
(1,2.5]:0
(2.5,5]:0
(5,7.5]:0
(7.5,10]:0
(10,+Infinity]:0
Metric Name: aspnetcore.rate_limiting.requests, Number of requests that tried to acquire a rate limiting lease. Requests could be rejected by global or endpoint rate limiting policies. Or the request could be canceled while waiting for the lease., Unit: {request}, Meter: Microsoft.AspNetCore.RateLimiting
(2025-09-11T04:18:20.7384539Z, 2025-09-11T04:18:30.7367094Z] aspnetcore.rate_limiting.result: acquired LongSum
Value: 45
Metric Name: aspnetcore.routing.match_attempts, Number of requests that were attempted to be matched to an endpoint., Unit: {match_attempt}, Meter: Microsoft.AspNetCore.Routing
(2025-09-11T04:18:20.7391755Z, 2025-09-11T04:18:30.7367099Z] aspnetcore.routing.is_fallback: false aspnetcore.routing.match_status: success http.route: api/Auth/register LongSum
Value: 18
(2025-09-11T04:18:20.7391755Z, 2025-09-11T04:18:30.7367099Z] aspnetcore.routing.is_fallback: false aspnetcore.routing.match_status: success http.route: api/Auth/login LongSum
Value: 11
(2025-09-11T04:18:20.7391755Z, 2025-09-11T04:18:30.7367099Z] aspnetcore.routing.is_fallback: false aspnetcore.routing.match_status: success http.route: api/Roles/{id:guid} LongSum
Value: 7
(2025-09-11T04:18:20.7391755Z, 2025-09-11T04:18:30.7367099Z] aspnetcore.routing.is_fallback: false aspnetcore.routing.match_status: success http.route: api/Roles LongSum
Value: 10
[04:18:30 INF] User registered successfully: b20d71bf-b3ab-43d3-9eb3-e594c6e65091 {"SourceContext": "App.Features.Authentication.RegisterUserCommandHandler", "ActionId": "ae3a8892-b7e6-422a-b93d-be1163cafcd6", "ActionName": "Api.Controllers.AuthController.Register (Api)", "RequestId": "0HNFGT8MUJPA1", "RequestPath": "/api/auth/register", "Application": "Crud.Api"}
Activity.TraceId:            9a149ce8343410223e8cdb9edf8d7244
Activity.SpanId:             9edb3a6f6483a089
Activity.TraceFlags:         Recorded
Activity.ActivitySourceName: Microsoft.AspNetCore
Activity.DisplayName:        POST api/Auth/register
Activity.Kind:               Server
Activity.StartTime:          2025-09-11T04:18:30.4712094Z
Activity.Duration:           00:00:00.3060724
Activity.Tags:
    server.address: localhost
    http.request.method: POST
    url.scheme: http
    url.path: /api/auth/register
    network.protocol.version: 1.1
    http.route: api/Auth/register
    http.response.status_code: 200
Resource associated with Activity:
    deployment.environment: Testing
    service.name: Crud.Api
    service.version: 1.0.0
    service.instance.id: 8958bff5-028e-43b0-8103-5553bc095d18
    telemetry.sdk.name: opentelemetry
    telemetry.sdk.language: dotnet
    telemetry.sdk.version: 1.8.1
[04:18:31 INF] User logged in successfully: b20d71bf-b3ab-43d3-9eb3-e594c6e65091 {"SourceContext": "App.Features.Authentication.LoginCommandHandler", "ActionId": "2dc5c831-9313-45c6-a2e2-cdf1ec58e5bc", "ActionName": "Api.Controllers.AuthController.Login (Api)", "RequestId": "0HNFGT8MUJPA2", "RequestPath": "/api/auth/login", "Application": "Crud.Api"}
Activity.TraceId:            9b84db2e550e0b647dbd2b3e8a4fa11f
Activity.SpanId:             b3476d25a9daf0eb
Activity.TraceFlags:         Recorded
Activity.ActivitySourceName: Microsoft.AspNetCore
Activity.DisplayName:        POST api/Auth/login
Activity.Kind:               Server
Activity.StartTime:          2025-09-11T04:18:30.7783227Z
Activity.Duration:           00:00:00.2987307
Activity.Tags:
    server.address: localhost
    http.request.method: POST
    url.scheme: http
    url.path: /api/auth/login
    network.protocol.version: 1.1
    http.route: api/Auth/login
    http.response.status_code: 200
Resource associated with Activity:
    deployment.environment: Testing
    service.name: Crud.Api
    service.version: 1.0.0
    service.instance.id: 8958bff5-028e-43b0-8103-5553bc095d18
    telemetry.sdk.name: opentelemetry
    telemetry.sdk.language: dotnet
    telemetry.sdk.version: 1.8.1
[04:18:31 DBG] Cache miss for key: name:role:manager {"SourceContext": "Infrastructure.Services.Caching.InMemoryCacheService", "ActionId": "9c64c88d-855d-49d6-b2c8-b8cdf96ab8c8", "ActionName": "Api.Controllers.RolesController.Create (Api)", "RequestId": "0HNFGT8MUJPA3", "RequestPath": "/api/roles", "Application": "Crud.Api"}
[04:18:31 DBG] Removed cache value for key: entity:role:a890fd12c4d346aba972bcfa074f0b49 {"SourceContext": "Infrastructure.Services.Caching.InMemoryCacheService", "ActionId": "9c64c88d-855d-49d6-b2c8-b8cdf96ab8c8", "ActionName": "Api.Controllers.RolesController.Create (Api)", "RequestId": "0HNFGT8MUJPA3", "RequestPath": "/api/roles", "Application": "Crud.Api"}
[04:18:31 DBG] Removed cache value for key: list:role {"SourceContext": "Infrastructure.Services.Caching.InMemoryCacheService", "ActionId": "9c64c88d-855d-49d6-b2c8-b8cdf96ab8c8", "ActionName": "Api.Controllers.RolesController.Create (Api)", "RequestId": "0HNFGT8MUJPA3", "RequestPath": "/api/roles", "Application": "Crud.Api"}
[04:18:31 DBG] Invalidating cache for entity type: roles with tag: roles {"SourceContext": "Api.Services.OutputCacheInvalidationService", "ActionId": "9c64c88d-855d-49d6-b2c8-b8cdf96ab8c8", "ActionName": "Api.Controllers.RolesController.Create (Api)", "RequestId": "0HNFGT8MUJPA3", "RequestPath": "/api/roles", "Application": "Crud.Api"}
[04:18:31 INF] Successfully invalidated cache for entity type: roles {"SourceContext": "Api.Services.OutputCacheInvalidationService", "ActionId": "9c64c88d-855d-49d6-b2c8-b8cdf96ab8c8", "ActionName": "Api.Controllers.RolesController.Create (Api)", "RequestId": "0HNFGT8MUJPA3", "RequestPath": "/api/roles", "Application": "Crud.Api"}
Activity.TraceId:            d93859d0ffbe43ca39fc8f9a910352f8
Activity.SpanId:             77fba6858724dfb8
Activity.TraceFlags:         Recorded
Activity.ActivitySourceName: Microsoft.AspNetCore
Activity.DisplayName:        POST api/Roles
Activity.Kind:               Server
Activity.StartTime:          2025-09-11T04:18:31.0771668Z
Activity.Duration:           00:00:00.0019330
Activity.Tags:
    server.address: localhost
    http.request.method: POST
    url.scheme: http
    url.path: /api/roles
    network.protocol.version: 1.1
    http.route: api/Roles
    http.response.status_code: 201
Resource associated with Activity:
    deployment.environment: Testing
    service.name: Crud.Api
    service.version: 1.0.0
    service.instance.id: 8958bff5-028e-43b0-8103-5553bc095d18
    telemetry.sdk.name: opentelemetry
    telemetry.sdk.language: dotnet
    telemetry.sdk.version: 1.8.1
[04:18:31 INF] User registered successfully: b756bade-aafe-4a83-bcbb-92c0bf43aa6f {"SourceContext": "App.Features.Authentication.RegisterUserCommandHandler", "ActionId": "ae3a8892-b7e6-422a-b93d-be1163cafcd6", "ActionName": "Api.Controllers.AuthController.Register (Api)", "RequestId": "0HNFGT8MUJPA4", "RequestPath": "/api/auth/register", "Application": "Crud.Api"}
Activity.TraceId:            d721e2f69f533b8410631d66095348d5
Activity.SpanId:             4cc1cc1f2e263f59
Activity.TraceFlags:         Recorded
Activity.ActivitySourceName: Microsoft.AspNetCore
Activity.DisplayName:        POST api/Auth/register
Activity.Kind:               Server
Activity.StartTime:          2025-09-11T04:18:31.0795290Z
Activity.Duration:           00:00:00.2978876
Activity.Tags:
    server.address: localhost
    http.request.method: POST
    url.scheme: http
    url.path: /api/auth/register
    network.protocol.version: 1.1
    http.route: api/Auth/register
    http.response.status_code: 200
Resource associated with Activity:
    deployment.environment: Testing
    service.name: Crud.Api
    service.version: 1.0.0
    service.instance.id: 8958bff5-028e-43b0-8103-5553bc095d18
    telemetry.sdk.name: opentelemetry
    telemetry.sdk.language: dotnet
    telemetry.sdk.version: 1.8.1
[04:18:31 DBG] Cache miss for key: entity:role:a890fd12c4d346aba972bcfa074f0b49 {"SourceContext": "Infrastructure.Services.Caching.InMemoryCacheService", "ActionId": "39572821-14fa-47b1-8388-e478e0ae9dce", "ActionName": "Api.Controllers.RolesController.Get (Api)", "RequestId": "0HNFGT8MUJPA5", "RequestPath": "/api/roles/a890fd12-c4d3-46ab-a972-bcfa074f0b49", "Application": "Crud.Api"}
[04:18:31 DBG] Set cache value for key: entity:role:a890fd12c4d346aba972bcfa074f0b49 {"SourceContext": "Infrastructure.Services.Caching.InMemoryCacheService", "ActionId": "39572821-14fa-47b1-8388-e478e0ae9dce", "ActionName": "Api.Controllers.RolesController.Get (Api)", "RequestId": "0HNFGT8MUJPA5", "RequestPath": "/api/roles/a890fd12-c4d3-46ab-a972-bcfa074f0b49", "Application": "Crud.Api"}
Activity.TraceId:            72ad8dee7273f2c22344008f7a6d87d0
Activity.SpanId:             40158de7d142e14c
Activity.TraceFlags:         Recorded
Activity.ActivitySourceName: Microsoft.AspNetCore
Activity.DisplayName:        GET api/Roles/{id:guid}
Activity.Kind:               Server
Activity.StartTime:          2025-09-11T04:18:31.3775704Z
Activity.Duration:           00:00:00.0009573
Activity.Tags:
    server.address: localhost
    http.request.method: GET
    url.scheme: http
    url.path: /api/roles/a890fd12-c4d3-46ab-a972-bcfa074f0b49
    network.protocol.version: 1.1
    http.route: api/Roles/{id:guid}
    http.response.status_code: 200
Resource associated with Activity:
    deployment.environment: Testing
    service.name: Crud.Api
    service.version: 1.0.0
    service.instance.id: 8958bff5-028e-43b0-8103-5553bc095d18
    telemetry.sdk.name: opentelemetry
    telemetry.sdk.language: dotnet
    telemetry.sdk.version: 1.8.1
[04:18:31 INF] Resetting database for worker 10122 {"SourceContext": "Infrastructure.Services.DatabaseTestService", "Application": "Crud.Api"}
[04:18:31 INF] Resetting database via file deletion for worker 10122 in CI environment {"SourceContext": "Infrastructure.Services.DatabaseTestService", "Application": "Crud.Api"}
[04:18:31 INF] Acquiring database mutex for worker 10122... {"SourceContext": "Infrastructure.Services.DatabaseTestService", "Application": "Crud.Api"}
[04:18:31 INF] Database mutex acquired for worker 10122 {"SourceContext": "Infrastructure.Services.DatabaseTestService", "Application": "Crud.Api"}
[04:18:31 INF] Current database state - CanConnect: True {"SourceContext": "Infrastructure.Services.DatabaseTestService", "Application": "Crud.Api"}
[04:18:31 INF] [Phase 0] Closing database connection for worker 10122... {"SourceContext": "Infrastructure.Services.DatabaseTestService", "Application": "Crud.Api"}
[04:18:31 INF] [Phase 0] Connection closed in 0.0005ms {"SourceContext": "Infrastructure.Services.DatabaseTestService", "Application": "Crud.Api"}
[04:18:31 INF] [Phase 1] Starting EnsureDeletedAsync for worker 10122... {"SourceContext": "Infrastructure.Services.DatabaseTestService", "Application": "Crud.Api"}
[04:18:31 INF] [Phase 1] EnsureDeletedAsync completed in 1.5888ms {"SourceContext": "Infrastructure.Services.DatabaseTestService", "Application": "Crud.Api"}
[04:18:31 INF] [Phase 2] Starting EnsureCreatedAsync for worker 10122... {"SourceContext": "Infrastructure.Services.DatabaseTestService", "Application": "Crud.Api"}
[04:18:31 INF] [Phase 2] EnsureCreatedAsync completed in 7.6778ms {"SourceContext": "Infrastructure.Services.DatabaseTestService", "Application": "Crud.Api"}
[04:18:31 INF] [Phase 3] Skipping database seeding as requested for worker 10122 {"SourceContext": "Infrastructure.Services.DatabaseTestService", "Application": "Crud.Api"}
[04:18:31 INF] Database reset via file deletion completed for worker 10122 in 110.6876ms (Close: 0.0005ms, Delete: 1.5888ms, Create: 7.6778ms) {"SourceContext": "Infrastructure.Services.DatabaseTestService", "Application": "Crud.Api"}
[04:18:31 INF] Releasing database mutex for worker 10122 {"SourceContext": "Infrastructure.Services.DatabaseTestService", "Application": "Crud.Api"}
[04:18:31 INF] User registered successfully: d3eb9a2c-38f4-4b8d-9f64-dd4f1dcf4756 {"SourceContext": "App.Features.Authentication.RegisterUserCommandHandler", "ActionId": "ae3a8892-b7e6-422a-b93d-be1163cafcd6", "ActionName": "Api.Controllers.AuthController.Register (Api)", "RequestId": "0HNFGT8MUJPA6", "RequestPath": "/api/auth/register", "Application": "Crud.Api"}
Activity.TraceId:            92be2c21f830a729ec16584d86f11f19
Activity.SpanId:             eaf65b2599b8a94f
Activity.TraceFlags:         Recorded
Activity.ActivitySourceName: Microsoft.AspNetCore
Activity.DisplayName:        POST api/Auth/register
Activity.Kind:               Server
Activity.StartTime:          2025-09-11T04:18:31.4914409Z
Activity.Duration:           00:00:00.2983485
Activity.Tags:
    server.address: localhost
    http.request.method: POST
    url.scheme: http
    url.path: /api/auth/register
    network.protocol.version: 1.1
    http.route: api/Auth/register
    http.response.status_code: 200
Resource associated with Activity:
    deployment.environment: Testing
    service.name: Crud.Api
    service.version: 1.0.0
    service.instance.id: 8958bff5-028e-43b0-8103-5553bc095d18
    telemetry.sdk.name: opentelemetry
    telemetry.sdk.language: dotnet
    telemetry.sdk.version: 1.8.1
[04:18:32 INF] User logged in successfully: d3eb9a2c-38f4-4b8d-9f64-dd4f1dcf4756 {"SourceContext": "App.Features.Authentication.LoginCommandHandler", "ActionId": "2dc5c831-9313-45c6-a2e2-cdf1ec58e5bc", "ActionName": "Api.Controllers.AuthController.Login (Api)", "RequestId": "0HNFGT8MUJPA7", "RequestPath": "/api/auth/login", "Application": "Crud.Api"}
Activity.TraceId:            2f615a35ca5691f688b2e9b82187dc5f
Activity.SpanId:             371ed214c45db8a8
Activity.TraceFlags:         Recorded
Activity.ActivitySourceName: Microsoft.AspNetCore
Activity.DisplayName:        POST api/Auth/login
Activity.Kind:               Server
Activity.StartTime:          2025-09-11T04:18:31.7917405Z
Activity.Duration:           00:00:00.2979559
Activity.Tags:
    server.address: localhost
    http.request.method: POST
    url.scheme: http
    url.path: /api/auth/login
    network.protocol.version: 1.1
    http.route: api/Auth/login
    http.response.status_code: 200
Resource associated with Activity:
    deployment.environment: Testing
    service.name: Crud.Api
    service.version: 1.0.0
    service.instance.id: 8958bff5-028e-43b0-8103-5553bc095d18
    telemetry.sdk.name: opentelemetry
    telemetry.sdk.language: dotnet
    telemetry.sdk.version: 1.8.1
[04:18:32 DBG] Cache miss for key: entity:role:dc2c5bdff1be43148f7cb8f58ec7dcb7 {"SourceContext": "Infrastructure.Services.Caching.InMemoryCacheService", "ActionId": "4ef7d3b8-be4b-4498-b1f7-b9168911d7ce", "ActionName": "Api.Controllers.RolesController.Update (Api)", "RequestId": "0HNFGT8MUJPA8", "RequestPath": "/api/roles/dc2c5bdf-f1be-4314-8f7c-b8f58ec7dcb7", "Application": "Crud.Api"}
[04:18:32 ERR] An unhandled exception occurred during request PUT /api/roles/dc2c5bdf-f1be-4314-8f7c-b8f58ec7dcb7. Request ID: 0HNFGT8MUJPA8, User: Anonymous {"SourceContext": "Api.Middleware.GlobalExceptionHandlingMiddleware", "RequestPath": "/api/roles/dc2c5bdf-f1be-4314-8f7c-b8f58ec7dcb7", "Application": "Crud.Api"}
System.Collections.Generic.KeyNotFoundException: Role dc2c5bdf-f1be-4314-8f7c-b8f58ec7dcb7 not found
   at App.Features.Roles.UpdateRoleCommandHandler.Handle(UpdateRoleCommand request, CancellationToken cancellationToken) in /home/runner/work/Crud/Crud/src/App/Features/Roles/CommandHandlers.cs:line 24
   at MediatR.Wrappers.RequestHandlerWrapperImpl`1.&lt;&gt;c__DisplayClass1_0.&lt;&lt;Handle&gt;g__Handler|0&gt;d.MoveNext()
--- End of stack trace from previous location ---
   at Api.Controllers.RolesController.Update(Guid id, UpdateRoleRequest request, CancellationToken ct) in /home/runner/work/Crud/Crud/src/Api/Controllers/RolesController.cs:line 98
   at Microsoft.AspNetCore.Mvc.Infrastructure.ActionMethodExecutor.TaskOfIActionResultExecutor.Execute(ActionContext actionContext, IActionResultTypeMapper mapper, ObjectMethodExecutor executor, Object controller, Object[] arguments)
   at Microsoft.AspNetCore.Mvc.Infrastructure.ControllerActionInvoker.&lt;InvokeActionMethodAsync&gt;g__Logged|12_1(ControllerActionInvoker invoker)
   at Microsoft.AspNetCore.Mvc.Infrastructure.ControllerActionInvoker.&lt;InvokeNextActionFilterAsync&gt;g__Awaited|10_0(ControllerActionInvoker invoker, Task lastTask, State next, Scope scope, Object state, Boolean isCompleted)
   at Microsoft.AspNetCore.Mvc.Infrastructure.ControllerActionInvoker.Rethrow(ActionExecutedContextSealed context)
   at Microsoft.AspNetCore.Mvc.Infrastructure.ControllerActionInvoker.Next(State&amp; next, Scope&amp; scope, Object&amp; state, Boolean&amp; isCompleted)
   at Microsoft.AspNetCore.Mvc.Infrastructure.ControllerActionInvoker.InvokeInnerFilterAsync()
--- End of stack trace from previous location ---
   at Microsoft.AspNetCore.Mvc.Infrastructure.ResourceInvoker.&lt;InvokeFilterPipelineAsync&gt;g__Awaited|20_0(ResourceInvoker invoker, Task lastTask, State next, Scope scope, Object state, Boolean isCompleted)
   at Microsoft.AspNetCore.Mvc.Infrastructure.ResourceInvoker.&lt;InvokeAsync&gt;g__Logged|17_1(ResourceInvoker invoker)
   at Microsoft.AspNetCore.Mvc.Infrastructure.ResourceInvoker.&lt;InvokeAsync&gt;g__Logged|17_1(ResourceInvoker invoker)
   at Microsoft.AspNetCore.Authorization.AuthorizationMiddleware.Invoke(HttpContext context)
   at Microsoft.AspNetCore.Authentication.AuthenticationMiddleware.Invoke(HttpContext context)
   at Microsoft.AspNetCore.RateLimiting.RateLimitingMiddleware.InvokeInternal(HttpContext context, EnableRateLimitingAttribute enableRateLimitingAttribute)
   at Api.Middleware.GlobalExceptionHandlingMiddleware.InvokeAsync(HttpContext context) in /home/runner/work/Crud/Crud/src/Api/Middleware/GlobalExceptionHandlingMiddleware.cs:line 27
Activity.TraceId:            3c433cee7e8b775a0b34edf312021552
Activity.SpanId:             8f81c06e7f97c43a
Activity.TraceFlags:         Recorded
Activity.ActivitySourceName: Microsoft.AspNetCore
Activity.DisplayName:        PUT api/Roles/{id:guid}
Activity.Kind:               Server
Activity.StartTime:          2025-09-11T04:18:32.0905538Z
Activity.Duration:           00:00:00.0028103
Activity.Tags:
    server.address: localhost
    http.request.method: PUT
    url.scheme: http
    url.path: /api/roles/dc2c5bdf-f1be-4314-8f7c-b8f58ec7dcb7
    network.protocol.version: 1.1
    http.route: api/Roles/{id:guid}
    http.response.status_code: 404
Resource associated with Activity:
    deployment.environment: Testing
    service.name: Crud.Api
    service.version: 1.0.0
    service.instance.id: 8958bff5-028e-43b0-8103-5553bc095d18
    telemetry.sdk.name: opentelemetry
    telemetry.sdk.language: dotnet
    telemetry.sdk.version: 1.8.1
Metric Name: http.server.active_requests, Number of active HTTP server requests., Unit: {request}, Meter: Microsoft.AspNetCore.Hosting
(2025-09-11T04:18:20.7364981Z, 2025-09-11T04:18:32.0959503Z] http.request.method: POST url.scheme: http LongSumNonMonotonic
Value: 0
(2025-09-11T04:18:20.7364981Z, 2025-09-11T04:18:32.0959503Z] http.request.method: DELETE url.scheme: http LongSumNonMonotonic
Value: 0
(2025-09-11T04:18:20.7364981Z, 2025-09-11T04:18:32.0959503Z] http.request.method: GET url.scheme: http LongSumNonMonotonic
Value: 0
(2025-09-11T04:18:20.7364981Z, 2025-09-11T04:18:32.0959503Z] http.request.method: PUT url.scheme: http LongSumNonMonotonic
Value: 0
Metric Name: http.server.request.duration, Duration of HTTP server requests., Unit: s, Meter: Microsoft.AspNetCore.Hosting
(2025-09-11T04:18:20.7365174Z, 2025-09-11T04:18:32.0959538Z] http.request.method: POST http.response.status_code: 200 http.route: api/Auth/register network.protocol.version: 1.1 url.scheme: http Histogram
Value: Sum: 5.997328899999999 Count: 20 Min: 0.2974206 Max: 0.3135396 
(-Infinity,0.005]:0
(0.005,0.01]:0
(0.01,0.025]:0
(0.025,0.05]:0
(0.05,0.075]:0
(0.075,0.1]:0
(0.1,0.25]:0
(0.25,0.5]:20
(0.5,0.75]:0
(0.75,1]:0
(1,2.5]:0
(2.5,5]:0
(5,7.5]:0
(7.5,10]:0
(10,+Infinity]:0
(2025-09-11T04:18:20.7365174Z, 2025-09-11T04:18:32.0959538Z] http.request.method: POST http.response.status_code: 200 http.route: api/Auth/login network.protocol.version: 1.1 url.scheme: http Histogram
Value: Sum: 3.8875187999999996 Count: 13 Min: 0.2976935 Max: 0.3028963 
(-Infinity,0.005]:0
(0.005,0.01]:0
(0.01,0.025]:0
(0.025,0.05]:0
(0.05,0.075]:0
(0.075,0.1]:0
(0.1,0.25]:0
(0.25,0.5]:13
(0.5,0.75]:0
(0.75,1]:0
(1,2.5]:0
(2.5,5]:0
(5,7.5]:0
(7.5,10]:0
(10,+Infinity]:0
(2025-09-11T04:18:20.7365174Z, 2025-09-11T04:18:32.0959538Z] http.request.method: DELETE http.response.status_code: 204 http.route: api/Roles/{id:guid} network.protocol.version: 1.1 url.scheme: http Histogram
Value: Sum: 0.0122694 Count: 2 Min: 0.0026055 Max: 0.0096639 
(-Infinity,0.005]:1
(0.005,0.01]:1
(0.01,0.025]:0
(0.025,0.05]:0
(0.05,0.075]:0
(0.075,0.1]:0
(0.1,0.25]:0
(0.25,0.5]:0
(0.5,0.75]:0
(0.75,1]:0
(1,2.5]:0
(2.5,5]:0
(5,7.5]:0
(7.5,10]:0
(10,+Infinity]:0
(2025-09-11T04:18:20.7365174Z, 2025-09-11T04:18:32.0959538Z] http.request.method: POST http.response.status_code: 201 http.route: api/Roles network.protocol.version: 1.1 url.scheme: http Histogram
Value: Sum: 0.0376707 Count: 8 Min: 0.0016044 Max: 0.0171626 
(-Infinity,0.005]:6
(0.005,0.01]:1
(0.01,0.025]:1
(0.025,0.05]:0
(0.05,0.075]:0
(0.075,0.1]:0
(0.1,0.25]:0
(0.25,0.5]:0
(0.5,0.75]:0
(0.75,1]:0
(1,2.5]:0
(2.5,5]:0
(5,7.5]:0
(7.5,10]:0
(10,+Infinity]:0
(2025-09-11T04:18:20.7365174Z, 2025-09-11T04:18:32.0959538Z] http.request.method: GET http.response.status_code: 200 http.route: api/Roles network.protocol.version: 1.1 url.scheme: http Histogram
Value: Sum: 0.0059185 Count: 2 Min: 0.0007599 Max: 0.0051586 
(-Infinity,0.005]:1
(0.005,0.01]:1
(0.01,0.025]:0
(0.025,0.05]:0
(0.05,0.075]:0
(0.075,0.1]:0
(0.1,0.25]:0
(0.25,0.5]:0
(0.5,0.75]:0
(0.75,1]:0
(1,2.5]:0
(2.5,5]:0
(5,7.5]:0
(7.5,10]:0
(10,+Infinity]:0
(2025-09-11T04:18:20.7365174Z, 2025-09-11T04:18:32.0959538Z] http.request.method: GET http.response.status_code: 404 http.route: api/Roles/{id:guid} network.protocol.version: 1.1 url.scheme: http Histogram
Value: Sum: 0.011215300000000001 Count: 2 Min: 0.0032326 Max: 0.0079827 
(-Infinity,0.005]:1
(0.005,0.01]:1
(0.01,0.025]:0
(0.025,0.05]:0
(0.05,0.075]:0
(0.075,0.1]:0
(0.1,0.25]:0
(0.25,0.5]:0
(0.5,0.75]:0
(0.75,1]:0
(1,2.5]:0
(2.5,5]:0
(5,7.5]:0
(7.5,10]:0
(10,+Infinity]:0
(2025-09-11T04:18:20.7365174Z, 2025-09-11T04:18:32.0959538Z] http.request.method: PUT http.response.status_code: 204 http.route: api/Roles/{id:guid} network.protocol.version: 1.1 url.scheme: http Histogram
Value: Sum: 0.0053854 Count: 1 Min: 0.0053854 Max: 0.0053854 
(-Infinity,0.005]:0
(0.005,0.01]:1
(0.01,0.025]:0
(0.025,0.05]:0
(0.05,0.075]:0
(0.075,0.1]:0
(0.1,0.25]:0
(0.25,0.5]:0
(0.5,0.75]:0
(0.75,1]:0
(1,2.5]:0
(2.5,5]:0
(5,7.5]:0
(7.5,10]:0
(10,+Infinity]:0
(2025-09-11T04:18:20.7365174Z, 2025-09-11T04:18:32.0959538Z] http.request.method: GET http.response.status_code: 200 http.route: api/Roles/{id:guid} network.protocol.version: 1.1 url.scheme: http Histogram
Value: Sum: 0.0054116 Count: 3 Min: 0.0009542 Max: 0.002524 
(-Infinity,0.005]:3
(0.005,0.01]:0
(0.01,0.025]:0
(0.025,0.05]:0
(0.05,0.075]:0
(0.075,0.1]:0
(0.1,0.25]:0
(0.25,0.5]:0
(0.5,0.75]:0
(0.75,1]:0
(1,2.5]:0
(2.5,5]:0
(5,7.5]:0
(7.5,10]:0
(10,+Infinity]:0
(2025-09-11T04:18:20.7365174Z, 2025-09-11T04:18:32.0959538Z] http.request.method: POST http.response.status_code: 400 http.route: api/Roles network.protocol.version: 1.1 url.scheme: http Histogram
Value: Sum: 0.0016852 Count: 1 Min: 0.0016852 Max: 0.0016852 
(-Infinity,0.005]:1
(0.005,0.01]:0
(0.01,0.025]:0
(0.025,0.05]:0
(0.05,0.075]:0
(0.075,0.1]:0
(0.1,0.25]:0
(0.25,0.5]:0
(0.5,0.75]:0
(0.75,1]:0
(1,2.5]:0
(2.5,5]:0
(5,7.5]:0
(7.5,10]:0
(10,+Infinity]:0
(2025-09-11T04:18:20.7365174Z, 2025-09-11T04:18:32.0959538Z] http.request.method: PUT http.response.status_code: 404 http.route: api/Roles/{id:guid} network.protocol.version: 1.1 url.scheme: http Histogram
Value: Sum: 0.0028009 Count: 1 Min: 0.0028009 Max: 0.0028009 
(-Infinity,0.005]:1
(0.005,0.01]:0
(0.01,0.025]:0
(0.025,0.05]:0
(0.05,0.075]:0
(0.075,0.1]:0
(0.1,0.25]:0
(0.25,0.5]:0
(0.5,0.75]:0
(0.75,1]:0
(1,2.5]:0
(2.5,5]:0
(5,7.5]:0
(7.5,10]:0
(10,+Infinity]:0
Metric Name: aspnetcore.rate_limiting.active_request_leases, Number of HTTP requests that are currently active on the server that hold a rate limiting lease., Unit: {request}, Meter: Microsoft.AspNetCore.RateLimiting
(2025-09-11T04:18:20.7383964Z, 2025-09-11T04:18:32.0959542Z] LongSumNonMonotonic
Value: 0
Metric Name: aspnetcore.rate_limiting.request_lease.duration, The duration of rate limiting leases held by HTTP requests on the server., Unit: s, Meter: Microsoft.AspNetCore.RateLimiting
(2025-09-11T04:18:20.7384158Z, 2025-09-11T04:18:32.0959546Z] Histogram
Value: Sum: 9.958250700000004 Count: 53 Min: 0.0007037 Max: 0.3134458 
(-Infinity,0.005]:15
(0.005,0.01]:4
(0.01,0.025]:1
(0.025,0.05]:0
(0.05,0.075]:0
(0.075,0.1]:0
(0.1,0.25]:0
(0.25,0.5]:33
(0.5,0.75]:0
(0.75,1]:0
(1,2.5]:0
(2.5,5]:0
(5,7.5]:0
(7.5,10]:0
(10,+Infinity]:0
Metric Name: aspnetcore.rate_limiting.requests, Number of requests that tried to acquire a rate limiting lease. Requests could be rejected by global or endpoint rate limiting policies. Or the request could be canceled while waiting for the lease., Unit: {request}, Meter: Microsoft.AspNetCore.RateLimiting
(2025-09-11T04:18:20.7384539Z, 2025-09-11T04:18:32.0959586Z] aspnetcore.rate_limiting.result: acquired LongSum
Value: 53
Metric Name: aspnetcore.routing.match_attempts, Number of requests that were attempted to be matched to an endpoint., Unit: {match_attempt}, Meter: Microsoft.AspNetCore.Routing
(2025-09-11T04:18:20.7391755Z, 2025-09-11T04:18:32.0959590Z] aspnetcore.routing.is_fallback: false aspnetcore.routing.match_status: success http.route: api/Auth/register LongSum
Value: 20
(2025-09-11T04:18:20.7391755Z, 2025-09-11T04:18:32.0959590Z] aspnetcore.routing.is_fallback: false aspnetcore.routing.match_status: success http.route: api/Auth/login LongSum
Value: 13
(2025-09-11T04:18:20.7391755Z, 2025-09-11T04:18:32.0959590Z] aspnetcore.routing.is_fallback: false aspnetcore.routing.match_status: success http.route: api/Roles/{id:guid} LongSum
Value: 9
(2025-09-11T04:18:20.7391755Z, 2025-09-11T04:18:32.0959590Z] aspnetcore.routing.is_fallback: false aspnetcore.routing.match_status: success http.route: api/Roles LongSum
Value: 11
[04:18:32 INF] Starting Crud API application {"Application": "Crud.Api"}
[04:18:32 INF] Using SQLite provider with connection: Data Source=TestDatabase.db {"Application": "Crud.Api"}
[04:18:32 INF] Database ensured successfully {"Application": "Crud.Api"}
[04:18:32 INF] Application configured successfully. Starting web host... {"Application": "Crud.Api"}
[04:18:32 INF] Resetting database for worker 15164 {"SourceContext": "Infrastructure.Services.DatabaseTestService", "Application": "Crud.Api"}
[04:18:32 INF] Resetting database via file deletion for worker 15164 in CI environment {"SourceContext": "Infrastructure.Services.DatabaseTestService", "Application": "Crud.Api"}
[04:18:32 INF] Acquiring database mutex for worker 15164... {"SourceContext": "Infrastructure.Services.DatabaseTestService", "Application": "Crud.Api"}
[04:18:32 INF] Database mutex acquired for worker 15164 {"SourceContext": "Infrastructure.Services.DatabaseTestService", "Application": "Crud.Api"}
[04:18:32 INF] Current database state - CanConnect: True {"SourceContext": "Infrastructure.Services.DatabaseTestService", "Application": "Crud.Api"}
[04:18:32 INF] [Phase 0] Closing database connection for worker 15164... {"SourceContext": "Infrastructure.Services.DatabaseTestService", "Application": "Crud.Api"}
[04:18:32 INF] [Phase 0] Connection closed in 0.0009ms {"SourceContext": "Infrastructure.Services.DatabaseTestService", "Application": "Crud.Api"}
[04:18:32 INF] [Phase 1] Starting EnsureDeletedAsync for worker 15164... {"SourceContext": "Infrastructure.Services.DatabaseTestService", "Application": "Crud.Api"}
[04:18:32 INF] [Phase 1] EnsureDeletedAsync completed in 1.3307ms {"SourceContext": "Infrastructure.Services.DatabaseTestService", "Application": "Crud.Api"}
[04:18:32 INF] [Phase 2] Starting EnsureCreatedAsync for worker 15164... {"SourceContext": "Infrastructure.Services.DatabaseTestService", "Application": "Crud.Api"}
[04:18:32 INF] [Phase 2] EnsureCreatedAsync completed in 8.2129ms {"SourceContext": "Infrastructure.Services.DatabaseTestService", "Application": "Crud.Api"}
[04:18:32 INF] [Phase 3] Skipping database seeding as requested for worker 15164 {"SourceContext": "Infrastructure.Services.DatabaseTestService", "Application": "Crud.Api"}
[04:18:32 INF] Database reset via file deletion completed for worker 15164 in 110.7697ms (Close: 0.0009ms, Delete: 1.3307ms, Create: 8.2129ms) {"SourceContext": "Infrastructure.Services.DatabaseTestService", "Application": "Crud.Api"}
[04:18:32 INF] Releasing database mutex for worker 15164 {"SourceContext": "Infrastructure.Services.DatabaseTestService", "Application": "Crud.Api"}
[04:18:32 WRN] Failed to determine the https port for redirect. {"EventId": {"Id": 3, "Name": "FailedToDeterminePort"}, "SourceContext": "Microsoft.AspNetCore.HttpsPolicy.HttpsRedirectionMiddleware", "RequestId": "0HNFGT8MUJPA9", "RequestPath": "/api/auth/register", "Application": "Crud.Api"}
[04:18:32 INF] User registered successfully: e742fe91-494e-4a79-96c9-fd7f1c0b2d7d {"SourceContext": "App.Features.Authentication.RegisterUserCommandHandler", "ActionId": "9096c718-56b6-41c7-96a3-4b85b1a2f796", "ActionName": "Api.Controllers.AuthController.Register (Api)", "RequestId": "0HNFGT8MUJPA9", "RequestPath": "/api/auth/register", "Application": "Crud.Api"}
Activity.TraceId:            60f679da9b70b625d75519792eb6b878
Activity.SpanId:             1a75f5f306174901
Activity.TraceFlags:         Recorded
Activity.ActivitySourceName: Microsoft.AspNetCore
Activity.DisplayName:        POST api/Auth/register
Activity.Kind:               Server
Activity.StartTime:          2025-09-11T04:18:32.2460210Z
Activity.Duration:           00:00:00.3143334
Activity.Tags:
    server.address: localhost
    http.request.method: POST
    url.scheme: http
    url.path: /api/auth/register
    network.protocol.version: 1.1
    http.route: api/Auth/register
    http.response.status_code: 200
Resource associated with Activity:
    deployment.environment: Testing
    service.name: Crud.Api
    service.version: 1.0.0
    service.instance.id: 8958bff5-028e-43b0-8103-5553bc095d18
    telemetry.sdk.name: opentelemetry
    telemetry.sdk.language: dotnet
    telemetry.sdk.version: 1.8.1
[04:18:32 INF] User logged in successfully: e742fe91-494e-4a79-96c9-fd7f1c0b2d7d {"SourceContext": "App.Features.Authentication.LoginCommandHandler", "ActionId": "d978f069-a869-4c6a-a293-782d2c390f83", "ActionName": "Api.Controllers.AuthController.Login (Api)", "RequestId": "0HNFGT8MUJPAA", "RequestPath": "/api/auth/login", "Application": "Crud.Api"}
Activity.TraceId:            691186d6b06ba688227d1459a679c249
Activity.SpanId:             979136ecd639d4f7
Activity.TraceFlags:         Recorded
Activity.ActivitySourceName: Microsoft.AspNetCore
Activity.DisplayName:        POST api/Auth/login
Activity.Kind:               Server
Activity.StartTime:          2025-09-11T04:18:32.5621063Z
Activity.Duration:           00:00:00.3034048
Activity.Tags:
    server.address: localhost
    http.request.method: POST
    url.scheme: http
    url.path: /api/auth/login
    network.protocol.version: 1.1
    http.route: api/Auth/login
    http.response.status_code: 200
Resource associated with Activity:
    deployment.environment: Testing
    service.name: Crud.Api
    service.version: 1.0.0
    service.instance.id: 8958bff5-028e-43b0-8103-5553bc095d18
    telemetry.sdk.name: opentelemetry
    telemetry.sdk.language: dotnet
    telemetry.sdk.version: 1.8.1
[04:18:32 DBG] Cache miss for key: name:role:admin {"SourceContext": "Infrastructure.Services.Caching.InMemoryCacheService", "ActionId": "05d8c198-178b-47e2-8af4-07a9548a4739", "ActionName": "Api.Controllers.RolesController.Create (Api)", "RequestId": "0HNFGT8MUJPAB", "RequestPath": "/api/roles", "Application": "Crud.Api"}
[04:18:32 DBG] Removed cache value for key: entity:role:d295ed3d873542aab38c7a048f0cd36c {"SourceContext": "Infrastructure.Services.Caching.InMemoryCacheService", "ActionId": "05d8c198-178b-47e2-8af4-07a9548a4739", "ActionName": "Api.Controllers.RolesController.Create (Api)", "RequestId": "0HNFGT8MUJPAB", "RequestPath": "/api/roles", "Application": "Crud.Api"}
[04:18:32 DBG] Removed cache value for key: list:role {"SourceContext": "Infrastructure.Services.Caching.InMemoryCacheService", "ActionId": "05d8c198-178b-47e2-8af4-07a9548a4739", "ActionName": "Api.Controllers.RolesController.Create (Api)", "RequestId": "0HNFGT8MUJPAB", "RequestPath": "/api/roles", "Application": "Crud.Api"}
[04:18:32 DBG] Invalidating cache for entity type: roles with tag: roles {"SourceContext": "Api.Services.OutputCacheInvalidationService", "ActionId": "05d8c198-178b-47e2-8af4-07a9548a4739", "ActionName": "Api.Controllers.RolesController.Create (Api)", "RequestId": "0HNFGT8MUJPAB", "RequestPath": "/api/roles", "Application": "Crud.Api"}
[04:18:32 INF] Successfully invalidated cache for entity type: roles {"SourceContext": "Api.Services.OutputCacheInvalidationService", "ActionId": "05d8c198-178b-47e2-8af4-07a9548a4739", "ActionName": "Api.Controllers.RolesController.Create (Api)", "RequestId": "0HNFGT8MUJPAB", "RequestPath": "/api/roles", "Application": "Crud.Api"}
Activity.TraceId:            5c142cdefb040911cf3d8bb42de8414f
Activity.SpanId:             75e099dee894514e
Activity.TraceFlags:         Recorded
Activity.ActivitySourceName: Microsoft.AspNetCore
Activity.DisplayName:        POST api/Roles
Activity.Kind:               Server
Activity.StartTime:          2025-09-11T04:18:32.8660726Z
Activity.Duration:           00:00:00.0108010
Activity.Tags:
    server.address: localhost
    http.request.method: POST
    url.scheme: http
    url.path: /api/roles
    network.protocol.version: 1.1
    http.route: api/Roles
    http.response.status_code: 201
Resource associated with Activity:
    deployment.environment: Testing
    service.name: Crud.Api
    service.version: 1.0.0
    service.instance.id: 8958bff5-028e-43b0-8103-5553bc095d18
    telemetry.sdk.name: opentelemetry
    telemetry.sdk.language: dotnet
    telemetry.sdk.version: 1.8.1
[04:18:32 DBG] Cache miss for key: name:role:user {"SourceContext": "Infrastructure.Services.Caching.InMemoryCacheService", "ActionId": "05d8c198-178b-47e2-8af4-07a9548a4739", "ActionName": "Api.Controllers.RolesController.Create (Api)", "RequestId": "0HNFGT8MUJPAC", "RequestPath": "/api/roles", "Application": "Crud.Api"}
[04:18:32 DBG] Removed cache value for key: entity:role:127ab6c683b34dbc80f6c3773b57f32e {"SourceContext": "Infrastructure.Services.Caching.InMemoryCacheService", "ActionId": "05d8c198-178b-47e2-8af4-07a9548a4739", "ActionName": "Api.Controllers.RolesController.Create (Api)", "RequestId": "0HNFGT8MUJPAC", "RequestPath": "/api/roles", "Application": "Crud.Api"}
[04:18:32 DBG] Removed cache value for key: list:role {"SourceContext": "Infrastructure.Services.Caching.InMemoryCacheService", "ActionId": "05d8c198-178b-47e2-8af4-07a9548a4739", "ActionName": "Api.Controllers.RolesController.Create (Api)", "RequestId": "0HNFGT8MUJPAC", "RequestPath": "/api/roles", "Application": "Crud.Api"}
[04:18:32 DBG] Invalidating cache for entity type: roles with tag: roles {"SourceContext": "Api.Services.OutputCacheInvalidationService", "ActionId": "05d8c198-178b-47e2-8af4-07a9548a4739", "ActionName": "Api.Controllers.RolesController.Create (Api)", "RequestId": "0HNFGT8MUJPAC", "RequestPath": "/api/roles", "Application": "Crud.Api"}
[04:18:32 INF] Successfully invalidated cache for entity type: roles {"SourceContext": "Api.Services.OutputCacheInvalidationService", "ActionId": "05d8c198-178b-47e2-8af4-07a9548a4739", "ActionName": "Api.Controllers.RolesController.Create (Api)", "RequestId": "0HNFGT8MUJPAC", "RequestPath": "/api/roles", "Application": "Crud.Api"}
Activity.TraceId:            828f90466b03b52db82b2aadad2f0b58
Activity.SpanId:             508c9fc2ef25560f
Activity.TraceFlags:         Recorded
Activity.ActivitySourceName: Microsoft.AspNetCore
Activity.DisplayName:        POST api/Roles
Activity.Kind:               Server
Activity.StartTime:          2025-09-11T04:18:32.8769809Z
Activity.Duration:           00:00:00.0016726
Activity.Tags:
    server.address: localhost
    http.request.method: POST
    url.scheme: http
    url.path: /api/roles
    network.protocol.version: 1.1
    http.route: api/Roles
    http.response.status_code: 201
Resource associated with Activity:
    deployment.environment: Testing
    service.name: Crud.Api
    service.version: 1.0.0
    service.instance.id: 8958bff5-028e-43b0-8103-5553bc095d18
    telemetry.sdk.name: opentelemetry
    telemetry.sdk.language: dotnet
    telemetry.sdk.version: 1.8.1
[04:18:32 DBG] Cache miss for key: entity:role:d295ed3d873542aab38c7a048f0cd36c {"SourceContext": "Infrastructure.Services.Caching.InMemoryCacheService", "ActionId": "9954ae4e-f02d-4e47-ba4d-f7949f2e419a", "ActionName": "Api.Controllers.PeopleController.Create (Api)", "RequestId": "0HNFGT8MUJPAD", "RequestPath": "/api/people", "Application": "Crud.Api"}
[04:18:32 DBG] Set cache value for key: entity:role:d295ed3d873542aab38c7a048f0cd36c {"SourceContext": "Infrastructure.Services.Caching.InMemoryCacheService", "ActionId": "9954ae4e-f02d-4e47-ba4d-f7949f2e419a", "ActionName": "Api.Controllers.PeopleController.Create (Api)", "RequestId": "0HNFGT8MUJPAD", "RequestPath": "/api/people", "Application": "Crud.Api"}
[04:18:32 DBG] Cache miss for key: entity:role:127ab6c683b34dbc80f6c3773b57f32e {"SourceContext": "Infrastructure.Services.Caching.InMemoryCacheService", "ActionId": "9954ae4e-f02d-4e47-ba4d-f7949f2e419a", "ActionName": "Api.Controllers.PeopleController.Create (Api)", "RequestId": "0HNFGT8MUJPAD", "RequestPath": "/api/people", "Application": "Crud.Api"}
[04:18:32 DBG] Set cache value for key: entity:role:127ab6c683b34dbc80f6c3773b57f32e {"SourceContext": "Infrastructure.Services.Caching.InMemoryCacheService", "ActionId": "9954ae4e-f02d-4e47-ba4d-f7949f2e419a", "ActionName": "Api.Controllers.PeopleController.Create (Api)", "RequestId": "0HNFGT8MUJPAD", "RequestPath": "/api/people", "Application": "Crud.Api"}
[04:18:32 DBG] Removed cache value for key: entity:person:743ca9debf824871974f5c5eb17ad684 {"SourceContext": "Infrastructure.Services.Caching.InMemoryCacheService", "ActionId": "9954ae4e-f02d-4e47-ba4d-f7949f2e419a", "ActionName": "Api.Controllers.PeopleController.Create (Api)", "RequestId": "0HNFGT8MUJPAD", "RequestPath": "/api/people", "Application": "Crud.Api"}
[04:18:32 DBG] Removed cache value for key: list:person {"SourceContext": "Infrastructure.Services.Caching.InMemoryCacheService", "ActionId": "9954ae4e-f02d-4e47-ba4d-f7949f2e419a", "ActionName": "Api.Controllers.PeopleController.Create (Api)", "RequestId": "0HNFGT8MUJPAD", "RequestPath": "/api/people", "Application": "Crud.Api"}
[04:18:32 DBG] Invalidating cache for entity type: people with tag: people {"SourceContext": "Api.Services.OutputCacheInvalidationService", "ActionId": "9954ae4e-f02d-4e47-ba4d-f7949f2e419a", "ActionName": "Api.Controllers.PeopleController.Create (Api)", "RequestId": "0HNFGT8MUJPAD", "RequestPath": "/api/people", "Application": "Crud.Api"}
[04:18:32 INF] Successfully invalidated cache for entity type: people {"SourceContext": "Api.Services.OutputCacheInvalidationService", "ActionId": "9954ae4e-f02d-4e47-ba4d-f7949f2e419a", "ActionName": "Api.Controllers.PeopleController.Create (Api)", "RequestId": "0HNFGT8MUJPAD", "RequestPath": "/api/people", "Application": "Crud.Api"}
Activity.TraceId:            ac131173a345a3b71c77a1a332508c09
Activity.SpanId:             d69f7afaae4fe7ff
Activity.TraceFlags:         Recorded
Activity.ActivitySourceName: Microsoft.AspNetCore
Activity.DisplayName:        POST api/People
Activity.Kind:               Server
Activity.StartTime:          2025-09-11T04:18:32.8803057Z
Activity.Duration:           00:00:00.0194274
Activity.Tags:
    server.address: localhost
    http.request.method: POST
    url.scheme: http
    url.path: /api/people
    network.protocol.version: 1.1
    http.route: api/People
    http.response.status_code: 201
Resource associated with Activity:
    deployment.environment: Testing
    service.name: Crud.Api
    service.version: 1.0.0
    service.instance.id: 8958bff5-028e-43b0-8103-5553bc095d18
    telemetry.sdk.name: opentelemetry
    telemetry.sdk.language: dotnet
    telemetry.sdk.version: 1.8.1
[04:18:32 INF] Resetting database for worker 15164 {"SourceContext": "Infrastructure.Services.DatabaseTestService", "Application": "Crud.Api"}
[04:18:32 INF] Resetting database via file deletion for worker 15164 in CI environment {"SourceContext": "Infrastructure.Services.DatabaseTestService", "Application": "Crud.Api"}
[04:18:32 INF] Acquiring database mutex for worker 15164... {"SourceContext": "Infrastructure.Services.DatabaseTestService", "Application": "Crud.Api"}
[04:18:32 INF] Database mutex acquired for worker 15164 {"SourceContext": "Infrastructure.Services.DatabaseTestService", "Application": "Crud.Api"}
[04:18:32 INF] Current database state - CanConnect: True {"SourceContext": "Infrastructure.Services.DatabaseTestService", "Application": "Crud.Api"}
[04:18:32 INF] [Phase 0] Closing database connection for worker 15164... {"SourceContext": "Infrastructure.Services.DatabaseTestService", "Application": "Crud.Api"}
[04:18:32 INF] [Phase 0] Connection closed in 0.0007ms {"SourceContext": "Infrastructure.Services.DatabaseTestService", "Application": "Crud.Api"}
[04:18:32 INF] [Phase 1] Starting EnsureDeletedAsync for worker 15164... {"SourceContext": "Infrastructure.Services.DatabaseTestService", "Application": "Crud.Api"}
[04:18:32 INF] [Phase 1] EnsureDeletedAsync completed in 1.4771ms {"SourceContext": "Infrastructure.Services.DatabaseTestService", "Application": "Crud.Api"}
[04:18:33 INF] [Phase 2] Starting EnsureCreatedAsync for worker 15164... {"SourceContext": "Infrastructure.Services.DatabaseTestService", "Application": "Crud.Api"}
[04:18:33 INF] [Phase 2] EnsureCreatedAsync completed in 7.968ms {"SourceContext": "Infrastructure.Services.DatabaseTestService", "Application": "Crud.Api"}
[04:18:33 INF] [Phase 3] Skipping database seeding as requested for worker 15164 {"SourceContext": "Infrastructure.Services.DatabaseTestService", "Application": "Crud.Api"}
[04:18:33 INF] Database reset via file deletion completed for worker 15164 in 110.2183ms (Close: 0.0007ms, Delete: 1.4771ms, Create: 7.968ms) {"SourceContext": "Infrastructure.Services.DatabaseTestService", "Application": "Crud.Api"}
[04:18:33 INF] Releasing database mutex for worker 15164 {"SourceContext": "Infrastructure.Services.DatabaseTestService", "Application": "Crud.Api"}
[04:18:33 INF] Resetting database for worker 15164 {"SourceContext": "Infrastructure.Services.DatabaseTestService", "Application": "Crud.Api"}
[04:18:33 INF] Resetting database via file deletion for worker 15164 in CI environment {"SourceContext": "Infrastructure.Services.DatabaseTestService", "Application": "Crud.Api"}
[04:18:33 INF] Acquiring database mutex for worker 15164... {"SourceContext": "Infrastructure.Services.DatabaseTestService", "Application": "Crud.Api"}
[04:18:33 INF] Database mutex acquired for worker 15164 {"SourceContext": "Infrastructure.Services.DatabaseTestService", "Application": "Crud.Api"}
[04:18:33 INF] Current database state - CanConnect: True {"SourceContext": "Infrastructure.Services.DatabaseTestService", "Application": "Crud.Api"}
[04:18:33 INF] [Phase 0] Closing database connection for worker 15164... {"SourceContext": "Infrastructure.Services.DatabaseTestService", "Application": "Crud.Api"}
[04:18:33 INF] [Phase 0] Connection closed in 0.0006ms {"SourceContext": "Infrastructure.Services.DatabaseTestService", "Application": "Crud.Api"}
[04:18:33 INF] [Phase 1] Starting EnsureDeletedAsync for worker 15164... {"SourceContext": "Infrastructure.Services.DatabaseTestService", "Application": "Crud.Api"}
[04:18:33 INF] [Phase 1] EnsureDeletedAsync completed in 1.2671ms {"SourceContext": "Infrastructure.Services.DatabaseTestService", "Application": "Crud.Api"}
[04:18:33 INF] [Phase 2] Starting EnsureCreatedAsync for worker 15164... {"SourceContext": "Infrastructure.Services.DatabaseTestService", "Application": "Crud.Api"}
[04:18:33 INF] [Phase 2] EnsureCreatedAsync completed in 7.4308ms {"SourceContext": "Infrastructure.Services.DatabaseTestService", "Application": "Crud.Api"}
[04:18:33 INF] [Phase 3] Skipping database seeding as requested for worker 15164 {"SourceContext": "Infrastructure.Services.DatabaseTestService", "Application": "Crud.Api"}
[04:18:33 INF] Database reset via file deletion completed for worker 15164 in 109.7282ms (Close: 0.0006ms, Delete: 1.2671ms, Create: 7.4308ms) {"SourceContext": "Infrastructure.Services.DatabaseTestService", "Application": "Crud.Api"}
[04:18:33 INF] Releasing database mutex for worker 15164 {"SourceContext": "Infrastructure.Services.DatabaseTestService", "Application": "Crud.Api"}
[04:18:33 INF] User registered successfully: 2a91b7d4-4b7e-4238-90a9-adb287c6353b {"SourceContext": "App.Features.Authentication.RegisterUserCommandHandler", "ActionId": "9096c718-56b6-41c7-96a3-4b85b1a2f796", "ActionName": "Api.Controllers.AuthController.Register (Api)", "RequestId": "0HNFGT8MUJPAE", "RequestPath": "/api/auth/register", "Application": "Crud.Api"}
Activity.TraceId:            ac0df97f5ae18632500e985140abbc8a
Activity.SpanId:             b5adb3ea1b7cea3c
Activity.TraceFlags:         Recorded
Activity.ActivitySourceName: Microsoft.AspNetCore
Activity.DisplayName:        POST api/Auth/register
Activity.Kind:               Server
Activity.StartTime:          2025-09-11T04:18:33.1252863Z
Activity.Duration:           00:00:00.3010909
Activity.Tags:
    server.address: localhost
    http.request.method: POST
    url.scheme: http
    url.path: /api/auth/register
    network.protocol.version: 1.1
    http.route: api/Auth/register
    http.response.status_code: 200
Resource associated with Activity:
    deployment.environment: Testing
    service.name: Crud.Api
    service.version: 1.0.0
    service.instance.id: 8958bff5-028e-43b0-8103-5553bc095d18
    telemetry.sdk.name: opentelemetry
    telemetry.sdk.language: dotnet
    telemetry.sdk.version: 1.8.1
[04:18:33 INF] User logged in successfully: 2a91b7d4-4b7e-4238-90a9-adb287c6353b {"SourceContext": "App.Features.Authentication.LoginCommandHandler", "ActionId": "d978f069-a869-4c6a-a293-782d2c390f83", "ActionName": "Api.Controllers.AuthController.Login (Api)", "RequestId": "0HNFGT8MUJPAF", "RequestPath": "/api/auth/login", "Application": "Crud.Api"}
Activity.TraceId:            428805b4012cda454f81f7ebd41f40b7
Activity.SpanId:             a48de4dcede38888
Activity.TraceFlags:         Recorded
Activity.ActivitySourceName: Microsoft.AspNetCore
Activity.DisplayName:        POST api/Auth/login
Activity.Kind:               Server
Activity.StartTime:          2025-09-11T04:18:33.4273826Z
Activity.Duration:           00:00:00.2996417
Activity.Tags:
    server.address: localhost
    http.request.method: POST
    url.scheme: http
    url.path: /api/auth/login
    network.protocol.version: 1.1
    http.route: api/Auth/login
    http.response.status_code: 200
Resource associated with Activity:
    deployment.environment: Testing
    service.name: Crud.Api
    service.version: 1.0.0
    service.instance.id: 8958bff5-028e-43b0-8103-5553bc095d18
    telemetry.sdk.name: opentelemetry
    telemetry.sdk.language: dotnet
    telemetry.sdk.version: 1.8.1
[04:18:33 DBG] Removed cache value for key: entity:person:d2f9e1a7e074406f8039078be19ca148 {"SourceContext": "Infrastructure.Services.Caching.InMemoryCacheService", "ActionId": "9954ae4e-f02d-4e47-ba4d-f7949f2e419a", "ActionName": "Api.Controllers.PeopleController.Create (Api)", "RequestId": "0HNFGT8MUJPAG", "RequestPath": "/api/people", "Application": "Crud.Api"}
[04:18:33 DBG] Removed cache value for key: list:person {"SourceContext": "Infrastructure.Services.Caching.InMemoryCacheService", "ActionId": "9954ae4e-f02d-4e47-ba4d-f7949f2e419a", "ActionName": "Api.Controllers.PeopleController.Create (Api)", "RequestId": "0HNFGT8MUJPAG", "RequestPath": "/api/people", "Application": "Crud.Api"}
[04:18:33 DBG] Invalidating cache for entity type: people with tag: people {"SourceContext": "Api.Services.OutputCacheInvalidationService", "ActionId": "9954ae4e-f02d-4e47-ba4d-f7949f2e419a", "ActionName": "Api.Controllers.PeopleController.Create (Api)", "RequestId": "0HNFGT8MUJPAG", "RequestPath": "/api/people", "Application": "Crud.Api"}
[04:18:33 INF] Successfully invalidated cache for entity type: people {"SourceContext": "Api.Services.OutputCacheInvalidationService", "ActionId": "9954ae4e-f02d-4e47-ba4d-f7949f2e419a", "ActionName": "Api.Controllers.PeopleController.Create (Api)", "RequestId": "0HNFGT8MUJPAG", "RequestPath": "/api/people", "Application": "Crud.Api"}
Activity.TraceId:            0c23e366461ee2a3b1b0c137d3120a30
Activity.SpanId:             434dd74d82f73459
Activity.TraceFlags:         Recorded
Activity.ActivitySourceName: Microsoft.AspNetCore
Activity.DisplayName:        POST api/People
Activity.Kind:               Server
Activity.StartTime:          2025-09-11T04:18:33.7276944Z
Activity.Duration:           00:00:00.0026345
Activity.Tags:
    server.address: localhost
    http.request.method: POST
    url.scheme: http
    url.path: /api/people
    network.protocol.version: 1.1
    http.route: api/People
    http.response.status_code: 201
Resource associated with Activity:
    deployment.environment: Testing
    service.name: Crud.Api
    service.version: 1.0.0
    service.instance.id: 8958bff5-028e-43b0-8103-5553bc095d18
    telemetry.sdk.name: opentelemetry
    telemetry.sdk.language: dotnet
    telemetry.sdk.version: 1.8.1
[04:18:33 INF] Resetting database for worker 15164 {"SourceContext": "Infrastructure.Services.DatabaseTestService", "Application": "Crud.Api"}
[04:18:33 INF] Resetting database via file deletion for worker 15164 in CI environment {"SourceContext": "Infrastructure.Services.DatabaseTestService", "Application": "Crud.Api"}
[04:18:33 INF] Acquiring database mutex for worker 15164... {"SourceContext": "Infrastructure.Services.DatabaseTestService", "Application": "Crud.Api"}
[04:18:33 INF] Database mutex acquired for worker 15164 {"SourceContext": "Infrastructure.Services.DatabaseTestService", "Application": "Crud.Api"}
[04:18:33 INF] Current database state - CanConnect: True {"SourceContext": "Infrastructure.Services.DatabaseTestService", "Application": "Crud.Api"}
[04:18:33 INF] [Phase 0] Closing database connection for worker 15164... {"SourceContext": "Infrastructure.Services.DatabaseTestService", "Application": "Crud.Api"}
[04:18:33 INF] [Phase 0] Connection closed in 0.0005ms {"SourceContext": "Infrastructure.Services.DatabaseTestService", "Application": "Crud.Api"}
[04:18:33 INF] [Phase 1] Starting EnsureDeletedAsync for worker 15164... {"SourceContext": "Infrastructure.Services.DatabaseTestService", "Application": "Crud.Api"}
[04:18:33 INF] [Phase 1] EnsureDeletedAsync completed in 1.3679ms {"SourceContext": "Infrastructure.Services.DatabaseTestService", "Application": "Crud.Api"}
[04:18:33 INF] [Phase 2] Starting EnsureCreatedAsync for worker 15164... {"SourceContext": "Infrastructure.Services.DatabaseTestService", "Application": "Crud.Api"}
[04:18:33 INF] [Phase 2] EnsureCreatedAsync completed in 15.4466ms {"SourceContext": "Infrastructure.Services.DatabaseTestService", "Application": "Crud.Api"}
[04:18:33 INF] [Phase 3] Skipping database seeding as requested for worker 15164 {"SourceContext": "Infrastructure.Services.DatabaseTestService", "Application": "Crud.Api"}
[04:18:33 INF] Database reset via file deletion completed for worker 15164 in 117.8357ms (Close: 0.0005ms, Delete: 1.3679ms, Create: 15.4466ms) {"SourceContext": "Infrastructure.Services.DatabaseTestService", "Application": "Crud.Api"}
[04:18:33 INF] Releasing database mutex for worker 15164 {"SourceContext": "Infrastructure.Services.DatabaseTestService", "Application": "Crud.Api"}
[04:18:33 INF] Resetting database for worker 15164 {"SourceContext": "Infrastructure.Services.DatabaseTestService", "Application": "Crud.Api"}
[04:18:33 INF] Resetting database via file deletion for worker 15164 in CI environment {"SourceContext": "Infrastructure.Services.DatabaseTestService", "Application": "Crud.Api"}
[04:18:33 INF] Acquiring database mutex for worker 15164... {"SourceContext": "Infrastructure.Services.DatabaseTestService", "Application": "Crud.Api"}
[04:18:33 INF] Database mutex acquired for worker 15164 {"SourceContext": "Infrastructure.Services.DatabaseTestService", "Application": "Crud.Api"}
[04:18:33 INF] Current database state - CanConnect: True {"SourceContext": "Infrastructure.Services.DatabaseTestService", "Application": "Crud.Api"}
[04:18:33 INF] [Phase 0] Closing database connection for worker 15164... {"SourceContext": "Infrastructure.Services.DatabaseTestService", "Application": "Crud.Api"}
[04:18:33 INF] [Phase 0] Connection closed in 0.0009ms {"SourceContext": "Infrastructure.Services.DatabaseTestService", "Application": "Crud.Api"}
[04:18:33 INF] [Phase 1] Starting EnsureDeletedAsync for worker 15164... {"SourceContext": "Infrastructure.Services.DatabaseTestService", "Application": "Crud.Api"}
[04:18:33 INF] [Phase 1] EnsureDeletedAsync completed in 1.1267ms {"SourceContext": "Infrastructure.Services.DatabaseTestService", "Application": "Crud.Api"}
[04:18:33 INF] [Phase 2] Starting EnsureCreatedAsync for worker 15164... {"SourceContext": "Infrastructure.Services.DatabaseTestService", "Application": "Crud.Api"}
[04:18:33 INF] [Phase 2] EnsureCreatedAsync completed in 7.1377ms {"SourceContext": "Infrastructure.Services.DatabaseTestService", "Application": "Crud.Api"}
[04:18:33 INF] [Phase 3] Skipping database seeding as requested for worker 15164 {"SourceContext": "Infrastructure.Services.DatabaseTestService", "Application": "Crud.Api"}
[04:18:33 INF] Database reset via file deletion completed for worker 15164 in 109.1723ms (Close: 0.0009ms, Delete: 1.1267ms, Create: 7.1377ms) {"SourceContext": "Infrastructure.Services.DatabaseTestService", "Application": "Crud.Api"}
[04:18:33 INF] Releasing database mutex for worker 15164 {"SourceContext": "Infrastructure.Services.DatabaseTestService", "Application": "Crud.Api"}
[04:18:34 INF] User registered successfully: ff0e6c36-24ba-4fc1-bb4c-071c8a9a9469 {"SourceContext": "App.Features.Authentication.RegisterUserCommandHandler", "ActionId": "9096c718-56b6-41c7-96a3-4b85b1a2f796", "ActionName": "Api.Controllers.AuthController.Register (Api)", "RequestId": "0HNFGT8MUJPAH", "RequestPath": "/api/auth/register", "Application": "Crud.Api"}
Activity.TraceId:            05597af99f47370795e9d29e99bcf169
Activity.SpanId:             de0e3c1ddce60d52
Activity.TraceFlags:         Recorded
Activity.ActivitySourceName: Microsoft.AspNetCore
Activity.DisplayName:        POST api/Auth/register
Activity.Kind:               Server
Activity.StartTime:          2025-09-11T04:18:33.9612967Z
Activity.Duration:           00:00:00.3028380
Activity.Tags:
    server.address: localhost
    http.request.method: POST
    url.scheme: http
    url.path: /api/auth/register
    network.protocol.version: 1.1
    http.route: api/Auth/register
    http.response.status_code: 200
Resource associated with Activity:
    deployment.environment: Testing
    service.name: Crud.Api
    service.version: 1.0.0
    service.instance.id: 8958bff5-028e-43b0-8103-5553bc095d18
    telemetry.sdk.name: opentelemetry
    telemetry.sdk.language: dotnet
    telemetry.sdk.version: 1.8.1
[04:18:34 DBG] Cache miss for key: list:person {"SourceContext": "Infrastructure.Services.Caching.InMemoryCacheService", "ActionId": "3459dc07-c0bf-47eb-836a-3256113ddaae", "ActionName": "Api.Controllers.PeopleController.List (Api)", "RequestId": "0HNFGT8MUJPAI", "RequestPath": "/api/people", "Application": "Crud.Api"}
[04:18:34 DBG] Set cache value for key: list:person {"SourceContext": "Infrastructure.Services.Caching.InMemoryCacheService", "ActionId": "3459dc07-c0bf-47eb-836a-3256113ddaae", "ActionName": "Api.Controllers.PeopleController.List (Api)", "RequestId": "0HNFGT8MUJPAI", "RequestPath": "/api/people", "Application": "Crud.Api"}
Activity.TraceId:            ec8ce0b5823f91aaf2b5e848bc6b5ce5
Activity.SpanId:             037dad783df0e2bb
Activity.TraceFlags:         Recorded
Activity.ActivitySourceName: Microsoft.AspNetCore
Activity.DisplayName:        GET api/People
Activity.Kind:               Server
Activity.StartTime:          2025-09-11T04:18:34.2646438Z
Activity.Duration:           00:00:00.0075969
Activity.Tags:
    server.address: localhost
    http.request.method: GET
    url.scheme: http
    url.path: /api/people
    network.protocol.version: 1.1
    http.route: api/People
    http.response.status_code: 200
Resource associated with Activity:
    deployment.environment: Testing
    service.name: Crud.Api
    service.version: 1.0.0
    service.instance.id: 8958bff5-028e-43b0-8103-5553bc095d18
    telemetry.sdk.name: opentelemetry
    telemetry.sdk.language: dotnet
    telemetry.sdk.version: 1.8.1
[04:18:34 INF] Resetting database for worker 15164 {"SourceContext": "Infrastructure.Services.DatabaseTestService", "Application": "Crud.Api"}
[04:18:34 INF] Resetting database via file deletion for worker 15164 in CI environment {"SourceContext": "Infrastructure.Services.DatabaseTestService", "Application": "Crud.Api"}
[04:18:34 INF] Acquiring database mutex for worker 15164... {"SourceContext": "Infrastructure.Services.DatabaseTestService", "Application": "Crud.Api"}
[04:18:34 INF] Database mutex acquired for worker 15164 {"SourceContext": "Infrastructure.Services.DatabaseTestService", "Application": "Crud.Api"}
[04:18:34 INF] Current database state - CanConnect: True {"SourceContext": "Infrastructure.Services.DatabaseTestService", "Application": "Crud.Api"}
[04:18:34 INF] [Phase 0] Closing database connection for worker 15164... {"SourceContext": "Infrastructure.Services.DatabaseTestService", "Application": "Crud.Api"}
[04:18:34 INF] [Phase 0] Connection closed in 0.0007ms {"SourceContext": "Infrastructure.Services.DatabaseTestService", "Application": "Crud.Api"}
[04:18:34 INF] [Phase 1] Starting EnsureDeletedAsync for worker 15164... {"SourceContext": "Infrastructure.Services.DatabaseTestService", "Application": "Crud.Api"}
[04:18:34 INF] [Phase 1] EnsureDeletedAsync completed in 1.2119ms {"SourceContext": "Infrastructure.Services.DatabaseTestService", "Application": "Crud.Api"}
[04:18:34 INF] [Phase 2] Starting EnsureCreatedAsync for worker 15164... {"SourceContext": "Infrastructure.Services.DatabaseTestService", "Application": "Crud.Api"}
[04:18:34 INF] [Phase 2] EnsureCreatedAsync completed in 7.1562ms {"SourceContext": "Infrastructure.Services.DatabaseTestService", "Application": "Crud.Api"}
[04:18:34 INF] [Phase 3] Skipping database seeding as requested for worker 15164 {"SourceContext": "Infrastructure.Services.DatabaseTestService", "Application": "Crud.Api"}
[04:18:34 INF] Database reset via file deletion completed for worker 15164 in 108.1966ms (Close: 0.0007ms, Delete: 1.2119ms, Create: 7.1562ms) {"SourceContext": "Infrastructure.Services.DatabaseTestService", "Application": "Crud.Api"}
[04:18:34 INF] Releasing database mutex for worker 15164 {"SourceContext": "Infrastructure.Services.DatabaseTestService", "Application": "Crud.Api"}
[04:18:34 INF] Resetting database for worker 15164 {"SourceContext": "Infrastructure.Services.DatabaseTestService", "Application": "Crud.Api"}
[04:18:34 INF] Resetting database via file deletion for worker 15164 in CI environment {"SourceContext": "Infrastructure.Services.DatabaseTestService", "Application": "Crud.Api"}
[04:18:34 INF] Acquiring database mutex for worker 15164... {"SourceContext": "Infrastructure.Services.DatabaseTestService", "Application": "Crud.Api"}
[04:18:34 INF] Database mutex acquired for worker 15164 {"SourceContext": "Infrastructure.Services.DatabaseTestService", "Application": "Crud.Api"}
[04:18:34 INF] Current database state - CanConnect: True {"SourceContext": "Infrastructure.Services.DatabaseTestService", "Application": "Crud.Api"}
[04:18:34 INF] [Phase 0] Closing database connection for worker 15164... {"SourceContext": "Infrastructure.Services.DatabaseTestService", "Application": "Crud.Api"}
[04:18:34 INF] [Phase 0] Connection closed in 0.0006ms {"SourceContext": "Infrastructure.Services.DatabaseTestService", "Application": "Crud.Api"}
[04:18:34 INF] [Phase 1] Starting EnsureDeletedAsync for worker 15164... {"SourceContext": "Infrastructure.Services.DatabaseTestService", "Application": "Crud.Api"}
[04:18:34 INF] [Phase 1] EnsureDeletedAsync completed in 1.1389ms {"SourceContext": "Infrastructure.Services.DatabaseTestService", "Application": "Crud.Api"}
[04:18:34 INF] [Phase 2] Starting EnsureCreatedAsync for worker 15164... {"SourceContext": "Infrastructure.Services.DatabaseTestService", "Application": "Crud.Api"}
[04:18:34 INF] [Phase 2] EnsureCreatedAsync completed in 7.3481ms {"SourceContext": "Infrastructure.Services.DatabaseTestService", "Application": "Crud.Api"}
[04:18:34 INF] [Phase 3] Skipping database seeding as requested for worker 15164 {"SourceContext": "Infrastructure.Services.DatabaseTestService", "Application": "Crud.Api"}
[04:18:34 INF] Database reset via file deletion completed for worker 15164 in 109.2914ms (Close: 0.0006ms, Delete: 1.1389ms, Create: 7.3481ms) {"SourceContext": "Infrastructure.Services.DatabaseTestService", "Application": "Crud.Api"}
[04:18:34 INF] Releasing database mutex for worker 15164 {"SourceContext": "Infrastructure.Services.DatabaseTestService", "Application": "Crud.Api"}
[04:18:34 INF] User registered successfully: b6e8313a-f8be-4633-8aa1-c677c81b83e7 {"SourceContext": "App.Features.Authentication.RegisterUserCommandHandler", "ActionId": "9096c718-56b6-41c7-96a3-4b85b1a2f796", "ActionName": "Api.Controllers.AuthController.Register (Api)", "RequestId": "0HNFGT8MUJPAJ", "RequestPath": "/api/auth/register", "Application": "Crud.Api"}
Activity.TraceId:            4ff52a94dd9aa30b9af86d74531dccc1
Activity.SpanId:             76917107a74be416
Activity.TraceFlags:         Recorded
Activity.ActivitySourceName: Microsoft.AspNetCore
Activity.DisplayName:        POST api/Auth/register
Activity.Kind:               Server
Activity.StartTime:          2025-09-11T04:18:34.4937068Z
Activity.Duration:           00:00:00.2976847
Activity.Tags:
    server.address: localhost
    http.request.method: POST
    url.scheme: http
    url.path: /api/auth/register
    network.protocol.version: 1.1
    http.route: api/Auth/register
    http.response.status_code: 200
Resource associated with Activity:
    deployment.environment: Testing
    service.name: Crud.Api
    service.version: 1.0.0
    service.instance.id: 8958bff5-028e-43b0-8103-5553bc095d18
    telemetry.sdk.name: opentelemetry
    telemetry.sdk.language: dotnet
    telemetry.sdk.version: 1.8.1
[04:18:35 INF] User logged in successfully: b6e8313a-f8be-4633-8aa1-c677c81b83e7 {"SourceContext": "App.Features.Authentication.LoginCommandHandler", "ActionId": "d978f069-a869-4c6a-a293-782d2c390f83", "ActionName": "Api.Controllers.AuthController.Login (Api)", "RequestId": "0HNFGT8MUJPAK", "RequestPath": "/api/auth/login", "Application": "Crud.Api"}
Activity.TraceId:            0fb1d64fa5f56ba78624c741f43edc5f
Activity.SpanId:             b592ceeab6092ef7
Activity.TraceFlags:         Recorded
Activity.ActivitySourceName: Microsoft.AspNetCore
Activity.DisplayName:        POST api/Auth/login
Activity.Kind:               Server
Activity.StartTime:          2025-09-11T04:18:34.7924322Z
Activity.Duration:           00:00:00.3003288
Activity.Tags:
    server.address: localhost
    http.request.method: POST
    url.scheme: http
    url.path: /api/auth/login
    network.protocol.version: 1.1
    http.route: api/Auth/login
    http.response.status_code: 200
Resource associated with Activity:
    deployment.environment: Testing
    service.name: Crud.Api
    service.version: 1.0.0
    service.instance.id: 8958bff5-028e-43b0-8103-5553bc095d18
    telemetry.sdk.name: opentelemetry
    telemetry.sdk.language: dotnet
    telemetry.sdk.version: 1.8.1
Activity.TraceId:            8b756bfb3828ef9be1cb95c3ddb4c53f
Activity.SpanId:             afa3faafe7309b7f
Activity.TraceFlags:         Recorded
Activity.ActivitySourceName: Microsoft.AspNetCore
Activity.DisplayName:        POST api/People
Activity.Kind:               Server
Activity.StartTime:          2025-09-11T04:18:35.0934698Z
Activity.Duration:           00:00:00.0020147
Activity.Tags:
    server.address: localhost
    http.request.method: POST
    url.scheme: http
    url.path: /api/people
    network.protocol.version: 1.1
    http.route: api/People
    http.response.status_code: 400
Resource associated with Activity:
    deployment.environment: Testing
    service.name: Crud.Api
    service.version: 1.0.0
    service.instance.id: 8958bff5-028e-43b0-8103-5553bc095d18
    telemetry.sdk.name: opentelemetry
    telemetry.sdk.language: dotnet
    telemetry.sdk.version: 1.8.1
[04:18:35 INF] Resetting database for worker 15164 {"SourceContext": "Infrastructure.Services.DatabaseTestService", "Application": "Crud.Api"}
[04:18:35 INF] Resetting database via file deletion for worker 15164 in CI environment {"SourceContext": "Infrastructure.Services.DatabaseTestService", "Application": "Crud.Api"}
[04:18:35 INF] Acquiring database mutex for worker 15164... {"SourceContext": "Infrastructure.Services.DatabaseTestService", "Application": "Crud.Api"}
[04:18:35 INF] Database mutex acquired for worker 15164 {"SourceContext": "Infrastructure.Services.DatabaseTestService", "Application": "Crud.Api"}
[04:18:35 INF] Current database state - CanConnect: True {"SourceContext": "Infrastructure.Services.DatabaseTestService", "Application": "Crud.Api"}
[04:18:35 INF] [Phase 0] Closing database connection for worker 15164... {"SourceContext": "Infrastructure.Services.DatabaseTestService", "Application": "Crud.Api"}
[04:18:35 INF] [Phase 0] Connection closed in 0.0006ms {"SourceContext": "Infrastructure.Services.DatabaseTestService", "Application": "Crud.Api"}
[04:18:35 INF] [Phase 1] Starting EnsureDeletedAsync for worker 15164... {"SourceContext": "Infrastructure.Services.DatabaseTestService", "Application": "Crud.Api"}
[04:18:35 INF] [Phase 1] EnsureDeletedAsync completed in 1.4439ms {"SourceContext": "Infrastructure.Services.DatabaseTestService", "Application": "Crud.Api"}
[04:18:35 INF] [Phase 2] Starting EnsureCreatedAsync for worker 15164... {"SourceContext": "Infrastructure.Services.DatabaseTestService", "Application": "Crud.Api"}
[04:18:35 INF] [Phase 2] EnsureCreatedAsync completed in 12.3654ms {"SourceContext": "Infrastructure.Services.DatabaseTestService", "Application": "Crud.Api"}
[04:18:35 INF] [Phase 3] Skipping database seeding as requested for worker 15164 {"SourceContext": "Infrastructure.Services.DatabaseTestService", "Application": "Crud.Api"}
[04:18:35 INF] Database reset via file deletion completed for worker 15164 in 114.0439ms (Close: 0.0006ms, Delete: 1.4439ms, Create: 12.3654ms) {"SourceContext": "Infrastructure.Services.DatabaseTestService", "Application": "Crud.Api"}
[04:18:35 INF] Releasing database mutex for worker 15164 {"SourceContext": "Infrastructure.Services.DatabaseTestService", "Application": "Crud.Api"}
[04:18:35 INF] Resetting database for worker 15164 {"SourceContext": "Infrastructure.Services.DatabaseTestService", "Application": "Crud.Api"}
[04:18:35 INF] Resetting database via file deletion for worker 15164 in CI environment {"SourceContext": "Infrastructure.Services.DatabaseTestService", "Application": "Crud.Api"}
[04:18:35 INF] Acquiring database mutex for worker 15164... {"SourceContext": "Infrastructure.Services.DatabaseTestService", "Application": "Crud.Api"}
[04:18:35 INF] Database mutex acquired for worker 15164 {"SourceContext": "Infrastructure.Services.DatabaseTestService", "Application": "Crud.Api"}
[04:18:35 INF] Current database state - CanConnect: True {"SourceContext": "Infrastructure.Services.DatabaseTestService", "Application": "Crud.Api"}
[04:18:35 INF] [Phase 0] Closing database connection for worker 15164... {"SourceContext": "Infrastructure.Services.DatabaseTestService", "Application": "Crud.Api"}
[04:18:35 INF] [Phase 0] Connection closed in 0.0005ms {"SourceContext": "Infrastructure.Services.DatabaseTestService", "Application": "Crud.Api"}
[04:18:35 INF] [Phase 1] Starting EnsureDeletedAsync for worker 15164... {"SourceContext": "Infrastructure.Services.DatabaseTestService", "Application": "Crud.Api"}
[04:18:35 INF] [Phase 1] EnsureDeletedAsync completed in 1.1067ms {"SourceContext": "Infrastructure.Services.DatabaseTestService", "Application": "Crud.Api"}
[04:18:35 INF] [Phase 2] Starting EnsureCreatedAsync for worker 15164... {"SourceContext": "Infrastructure.Services.DatabaseTestService", "Application": "Crud.Api"}
[04:18:35 INF] [Phase 2] EnsureCreatedAsync completed in 18.2951ms {"SourceContext": "Infrastructure.Services.DatabaseTestService", "Application": "Crud.Api"}
[04:18:35 INF] [Phase 3] Skipping database seeding as requested for worker 15164 {"SourceContext": "Infrastructure.Services.DatabaseTestService", "Application": "Crud.Api"}
[04:18:35 INF] Database reset via file deletion completed for worker 15164 in 120.6878ms (Close: 0.0005ms, Delete: 1.1067ms, Create: 18.2951ms) {"SourceContext": "Infrastructure.Services.DatabaseTestService", "Application": "Crud.Api"}
[04:18:35 INF] Releasing database mutex for worker 15164 {"SourceContext": "Infrastructure.Services.DatabaseTestService", "Application": "Crud.Api"}
[04:18:35 INF] User registered successfully: e834bcba-4b2b-491e-80ca-fa957163f282 {"SourceContext": "App.Features.Authentication.RegisterUserCommandHandler", "ActionId": "9096c718-56b6-41c7-96a3-4b85b1a2f796", "ActionName": "Api.Controllers.AuthController.Register (Api)", "RequestId": "0HNFGT8MUJPAM", "RequestPath": "/api/auth/register", "Application": "Crud.Api"}
Activity.TraceId:            103017ee1ed62ed4948d10f15caf1c41
Activity.SpanId:             d51dd2c9f5842125
Activity.TraceFlags:         Recorded
Activity.ActivitySourceName: Microsoft.AspNetCore
Activity.DisplayName:        POST api/Auth/register
Activity.Kind:               Server
Activity.StartTime:          2025-09-11T04:18:35.3337797Z
Activity.Duration:           00:00:00.2977104
Activity.Tags:
    server.address: localhost
    http.request.method: POST
    url.scheme: http
    url.path: /api/auth/register
    network.protocol.version: 1.1
    http.route: api/Auth/register
    http.response.status_code: 200
Resource associated with Activity:
    deployment.environment: Testing
    service.name: Crud.Api
    service.version: 1.0.0
    service.instance.id: 8958bff5-028e-43b0-8103-5553bc095d18
    telemetry.sdk.name: opentelemetry
    telemetry.sdk.language: dotnet
    telemetry.sdk.version: 1.8.1
[04:18:35 INF] User logged in successfully: e834bcba-4b2b-491e-80ca-fa957163f282 {"SourceContext": "App.Features.Authentication.LoginCommandHandler", "ActionId": "d978f069-a869-4c6a-a293-782d2c390f83", "ActionName": "Api.Controllers.AuthController.Login (Api)", "RequestId": "0HNFGT8MUJPAN", "RequestPath": "/api/auth/login", "Application": "Crud.Api"}
Activity.TraceId:            0425d24c4e8f38ea481994ae05428adb
Activity.SpanId:             42419e6ac2344452
Activity.TraceFlags:         Recorded
Activity.ActivitySourceName: Microsoft.AspNetCore
Activity.DisplayName:        POST api/Auth/login
Activity.Kind:               Server
Activity.StartTime:          2025-09-11T04:18:35.6325949Z
Activity.Duration:           00:00:00.2975152
Activity.Tags:
    server.address: localhost
    http.request.method: POST
    url.scheme: http
    url.path: /api/auth/login
    network.protocol.version: 1.1
    http.route: api/Auth/login
    http.response.status_code: 200
Resource associated with Activity:
    deployment.environment: Testing
    service.name: Crud.Api
    service.version: 1.0.0
    service.instance.id: 8958bff5-028e-43b0-8103-5553bc095d18
    telemetry.sdk.name: opentelemetry
    telemetry.sdk.language: dotnet
    telemetry.sdk.version: 1.8.1
[04:18:35 DBG] Removed cache value for key: entity:person:9ebc6a1257d34992aa3da9a9e6639790 {"SourceContext": "Infrastructure.Services.Caching.InMemoryCacheService", "ActionId": "9954ae4e-f02d-4e47-ba4d-f7949f2e419a", "ActionName": "Api.Controllers.PeopleController.Create (Api)", "RequestId": "0HNFGT8MUJPAO", "RequestPath": "/api/people", "Application": "Crud.Api"}
[04:18:35 DBG] Removed cache value for key: list:person {"SourceContext": "Infrastructure.Services.Caching.InMemoryCacheService", "ActionId": "9954ae4e-f02d-4e47-ba4d-f7949f2e419a", "ActionName": "Api.Controllers.PeopleController.Create (Api)", "RequestId": "0HNFGT8MUJPAO", "RequestPath": "/api/people", "Application": "Crud.Api"}
[04:18:35 DBG] Invalidating cache for entity type: people with tag: people {"SourceContext": "Api.Services.OutputCacheInvalidationService", "ActionId": "9954ae4e-f02d-4e47-ba4d-f7949f2e419a", "ActionName": "Api.Controllers.PeopleController.Create (Api)", "RequestId": "0HNFGT8MUJPAO", "RequestPath": "/api/people", "Application": "Crud.Api"}
[04:18:35 INF] Successfully invalidated cache for entity type: people {"SourceContext": "Api.Services.OutputCacheInvalidationService", "ActionId": "9954ae4e-f02d-4e47-ba4d-f7949f2e419a", "ActionName": "Api.Controllers.PeopleController.Create (Api)", "RequestId": "0HNFGT8MUJPAO", "RequestPath": "/api/people", "Application": "Crud.Api"}
Activity.TraceId:            6499b8fcadeab3e322265a899cf6936a
Activity.SpanId:             0ffbc74f3e9dc460
Activity.TraceFlags:         Recorded
Activity.ActivitySourceName: Microsoft.AspNetCore
Activity.DisplayName:        POST api/People
Activity.Kind:               Server
Activity.StartTime:          2025-09-11T04:18:35.9305880Z
Activity.Duration:           00:00:00.0039723
Activity.Tags:
    server.address: localhost
    http.request.method: POST
    url.scheme: http
    url.path: /api/people
    network.protocol.version: 1.1
    http.route: api/People
    http.response.status_code: 201
Resource associated with Activity:
    deployment.environment: Testing
    service.name: Crud.Api
    service.version: 1.0.0
    service.instance.id: 8958bff5-028e-43b0-8103-5553bc095d18
    telemetry.sdk.name: opentelemetry
    telemetry.sdk.language: dotnet
    telemetry.sdk.version: 1.8.1
[04:18:35 DBG] Cache miss for key: entity:person:9ebc6a1257d34992aa3da9a9e6639790 {"SourceContext": "Infrastructure.Services.Caching.InMemoryCacheService", "ActionId": "b5dace80-5cf4-4b76-a6a8-8f6d74b2f20c", "ActionName": "Api.Controllers.PeopleController.Update (Api)", "RequestId": "0HNFGT8MUJPAP", "RequestPath": "/api/people/9ebc6a12-57d3-4992-aa3d-a9a9e6639790", "Application": "Crud.Api"}
[04:18:35 DBG] Set cache value for key: entity:person:9ebc6a1257d34992aa3da9a9e6639790 {"SourceContext": "Infrastructure.Services.Caching.InMemoryCacheService", "ActionId": "b5dace80-5cf4-4b76-a6a8-8f6d74b2f20c", "ActionName": "Api.Controllers.PeopleController.Update (Api)", "RequestId": "0HNFGT8MUJPAP", "RequestPath": "/api/people/9ebc6a12-57d3-4992-aa3d-a9a9e6639790", "Application": "Crud.Api"}
[04:18:35 DBG] Removed cache value for key: entity:person:9ebc6a1257d34992aa3da9a9e6639790 {"SourceContext": "Infrastructure.Services.Caching.InMemoryCacheService", "ActionId": "b5dace80-5cf4-4b76-a6a8-8f6d74b2f20c", "ActionName": "Api.Controllers.PeopleController.Update (Api)", "RequestId": "0HNFGT8MUJPAP", "RequestPath": "/api/people/9ebc6a12-57d3-4992-aa3d-a9a9e6639790", "Application": "Crud.Api"}
[04:18:35 DBG] Removed cache value for key: list:person {"SourceContext": "Infrastructure.Services.Caching.InMemoryCacheService", "ActionId": "b5dace80-5cf4-4b76-a6a8-8f6d74b2f20c", "ActionName": "Api.Controllers.PeopleController.Update (Api)", "RequestId": "0HNFGT8MUJPAP", "RequestPath": "/api/people/9ebc6a12-57d3-4992-aa3d-a9a9e6639790", "Application": "Crud.Api"}
[04:18:35 DBG] Invalidating cache for entity: people/9ebc6a12-57d3-4992-aa3d-a9a9e6639790 with tags: people, people:9ebc6a12-57d3-4992-aa3d-a9a9e6639790 {"SourceContext": "Api.Services.OutputCacheInvalidationService", "ActionId": "b5dace80-5cf4-4b76-a6a8-8f6d74b2f20c", "ActionName": "Api.Controllers.PeopleController.Update (Api)", "RequestId": "0HNFGT8MUJPAP", "RequestPath": "/api/people/9ebc6a12-57d3-4992-aa3d-a9a9e6639790", "Application": "Crud.Api"}
[04:18:35 DBG] Successfully invalidated cache for tag: people {"SourceContext": "Api.Services.OutputCacheInvalidationService", "ActionId": "b5dace80-5cf4-4b76-a6a8-8f6d74b2f20c", "ActionName": "Api.Controllers.PeopleController.Update (Api)", "RequestId": "0HNFGT8MUJPAP", "RequestPath": "/api/people/9ebc6a12-57d3-4992-aa3d-a9a9e6639790", "Application": "Crud.Api"}
[04:18:35 DBG] Successfully invalidated cache for tag: people:9ebc6a12-57d3-4992-aa3d-a9a9e6639790 {"SourceContext": "Api.Services.OutputCacheInvalidationService", "ActionId": "b5dace80-5cf4-4b76-a6a8-8f6d74b2f20c", "ActionName": "Api.Controllers.PeopleController.Update (Api)", "RequestId": "0HNFGT8MUJPAP", "RequestPath": "/api/people/9ebc6a12-57d3-4992-aa3d-a9a9e6639790", "Application": "Crud.Api"}
Activity.TraceId:            9025d27e1528b483b709d6324ca63008
Activity.SpanId:             99bd7d9f180b397e
Activity.TraceFlags:         Recorded
Activity.ActivitySourceName: Microsoft.AspNetCore
Activity.DisplayName:        PUT api/People/{id:guid}
Activity.Kind:               Server
Activity.StartTime:          2025-09-11T04:18:35.9355581Z
Activity.Duration:           00:00:00.0056551
Activity.Tags:
    server.address: localhost
    http.request.method: PUT
    url.scheme: http
    url.path: /api/people/9ebc6a12-57d3-4992-aa3d-a9a9e6639790
    network.protocol.version: 1.1
    http.route: api/People/{id:guid}
    http.response.status_code: 204
Resource associated with Activity:
    deployment.environment: Testing
    service.name: Crud.Api
    service.version: 1.0.0
    service.instance.id: 8958bff5-028e-43b0-8103-5553bc095d18
    telemetry.sdk.name: opentelemetry
    telemetry.sdk.language: dotnet
    telemetry.sdk.version: 1.8.1
[04:18:35 DBG] Cache miss for key: entity:person:9ebc6a1257d34992aa3da9a9e6639790 {"SourceContext": "Infrastructure.Services.Caching.InMemoryCacheService", "ActionId": "e96866c3-886d-4043-8bb3-174dbc787548", "ActionName": "Api.Controllers.PeopleController.Get (Api)", "RequestId": "0HNFGT8MUJPAQ", "RequestPath": "/api/people/9ebc6a12-57d3-4992-aa3d-a9a9e6639790", "Application": "Crud.Api"}
[04:18:35 DBG] Set cache value for key: entity:person:9ebc6a1257d34992aa3da9a9e6639790 {"SourceContext": "Infrastructure.Services.Caching.InMemoryCacheService", "ActionId": "e96866c3-886d-4043-8bb3-174dbc787548", "ActionName": "Api.Controllers.PeopleController.Get (Api)", "RequestId": "0HNFGT8MUJPAQ", "RequestPath": "/api/people/9ebc6a12-57d3-4992-aa3d-a9a9e6639790", "Application": "Crud.Api"}
Activity.TraceId:            f156d831732a3d16ef548153831c9a47
Activity.SpanId:             145643b586a9974b
Activity.TraceFlags:         Recorded
Activity.ActivitySourceName: Microsoft.AspNetCore
Activity.DisplayName:        GET api/People/{id:guid}
Activity.Kind:               Server
Activity.StartTime:          2025-09-11T04:18:35.9412561Z
Activity.Duration:           00:00:00.0032622
Activity.Tags:
    server.address: localhost
    http.request.method: GET
    url.scheme: http
    url.path: /api/people/9ebc6a12-57d3-4992-aa3d-a9a9e6639790
    network.protocol.version: 1.1
    http.route: api/People/{id:guid}
    http.response.status_code: 200
Resource associated with Activity:
    deployment.environment: Testing
    service.name: Crud.Api
    service.version: 1.0.0
    service.instance.id: 8958bff5-028e-43b0-8103-5553bc095d18
    telemetry.sdk.name: opentelemetry
    telemetry.sdk.language: dotnet
    telemetry.sdk.version: 1.8.1
[04:18:35 INF] Resetting database for worker 15164 {"SourceContext": "Infrastructure.Services.DatabaseTestService", "Application": "Crud.Api"}
[04:18:35 INF] Resetting database via file deletion for worker 15164 in CI environment {"SourceContext": "Infrastructure.Services.DatabaseTestService", "Application": "Crud.Api"}
[04:18:35 INF] Acquiring database mutex for worker 15164... {"SourceContext": "Infrastructure.Services.DatabaseTestService", "Application": "Crud.Api"}
[04:18:35 INF] Database mutex acquired for worker 15164 {"SourceContext": "Infrastructure.Services.DatabaseTestService", "Application": "Crud.Api"}
[04:18:35 INF] Current database state - CanConnect: True {"SourceContext": "Infrastructure.Services.DatabaseTestService", "Application": "Crud.Api"}
[04:18:35 INF] [Phase 0] Closing database connection for worker 15164... {"SourceContext": "Infrastructure.Services.DatabaseTestService", "Application": "Crud.Api"}
[04:18:35 INF] [Phase 0] Connection closed in 0.0005ms {"SourceContext": "Infrastructure.Services.DatabaseTestService", "Application": "Crud.Api"}
[04:18:35 INF] [Phase 1] Starting EnsureDeletedAsync for worker 15164... {"SourceContext": "Infrastructure.Services.DatabaseTestService", "Application": "Crud.Api"}
[04:18:35 INF] [Phase 1] EnsureDeletedAsync completed in 1.3897ms {"SourceContext": "Infrastructure.Services.DatabaseTestService", "Application": "Crud.Api"}
[04:18:36 INF] [Phase 2] Starting EnsureCreatedAsync for worker 15164... {"SourceContext": "Infrastructure.Services.DatabaseTestService", "Application": "Crud.Api"}
[04:18:36 INF] [Phase 2] EnsureCreatedAsync completed in 7.1238ms {"SourceContext": "Infrastructure.Services.DatabaseTestService", "Application": "Crud.Api"}
[04:18:36 INF] [Phase 3] Skipping database seeding as requested for worker 15164 {"SourceContext": "Infrastructure.Services.DatabaseTestService", "Application": "Crud.Api"}
[04:18:36 INF] Database reset via file deletion completed for worker 15164 in 108.3354ms (Close: 0.0005ms, Delete: 1.3897ms, Create: 7.1238ms) {"SourceContext": "Infrastructure.Services.DatabaseTestService", "Application": "Crud.Api"}
[04:18:36 INF] Releasing database mutex for worker 15164 {"SourceContext": "Infrastructure.Services.DatabaseTestService", "Application": "Crud.Api"}
[04:18:36 INF] Resetting database for worker 15164 {"SourceContext": "Infrastructure.Services.DatabaseTestService", "Application": "Crud.Api"}
[04:18:36 INF] Resetting database via file deletion for worker 15164 in CI environment {"SourceContext": "Infrastructure.Services.DatabaseTestService", "Application": "Crud.Api"}
[04:18:36 INF] Acquiring database mutex for worker 15164... {"SourceContext": "Infrastructure.Services.DatabaseTestService", "Application": "Crud.Api"}
[04:18:36 INF] Database mutex acquired for worker 15164 {"SourceContext": "Infrastructure.Services.DatabaseTestService", "Application": "Crud.Api"}
[04:18:36 INF] Current database state - CanConnect: True {"SourceContext": "Infrastructure.Services.DatabaseTestService", "Application": "Crud.Api"}
[04:18:36 INF] [Phase 0] Closing database connection for worker 15164... {"SourceContext": "Infrastructure.Services.DatabaseTestService", "Application": "Crud.Api"}
[04:18:36 INF] [Phase 0] Connection closed in 0.0005ms {"SourceContext": "Infrastructure.Services.DatabaseTestService", "Application": "Crud.Api"}
[04:18:36 INF] [Phase 1] Starting EnsureDeletedAsync for worker 15164... {"SourceContext": "Infrastructure.Services.DatabaseTestService", "Application": "Crud.Api"}
[04:18:36 INF] [Phase 1] EnsureDeletedAsync completed in 0.9845ms {"SourceContext": "Infrastructure.Services.DatabaseTestService", "Application": "Crud.Api"}
[04:18:36 INF] [Phase 2] Starting EnsureCreatedAsync for worker 15164... {"SourceContext": "Infrastructure.Services.DatabaseTestService", "Application": "Crud.Api"}
[04:18:36 INF] [Phase 2] EnsureCreatedAsync completed in 7.2653ms {"SourceContext": "Infrastructure.Services.DatabaseTestService", "Application": "Crud.Api"}
[04:18:36 INF] [Phase 3] Skipping database seeding as requested for worker 15164 {"SourceContext": "Infrastructure.Services.DatabaseTestService", "Application": "Crud.Api"}
[04:18:36 INF] Database reset via file deletion completed for worker 15164 in 108.0524ms (Close: 0.0005ms, Delete: 0.9845ms, Create: 7.2653ms) {"SourceContext": "Infrastructure.Services.DatabaseTestService", "Application": "Crud.Api"}
[04:18:36 INF] Releasing database mutex for worker 15164 {"SourceContext": "Infrastructure.Services.DatabaseTestService", "Application": "Crud.Api"}
Activity.TraceId:            a5976ece8bc21889ee1222ad9044659d
Activity.SpanId:             39da3572714ac530
Activity.TraceFlags:         Recorded
Activity.ActivitySourceName: Microsoft.AspNetCore
Activity.DisplayName:        GET api/People
Activity.Kind:               Server
Activity.StartTime:          2025-09-11T04:18:36.1639585Z
Activity.Duration:           00:00:00.0002982
Activity.Tags:
    server.address: localhost
    http.request.method: GET
    url.scheme: http
    url.path: /api/people
    network.protocol.version: 1.1
    http.route: api/People
    http.response.status_code: 401
Resource associated with Activity:
    deployment.environment: Testing
    service.name: Crud.Api
    service.version: 1.0.0
    service.instance.id: 8958bff5-028e-43b0-8103-5553bc095d18
    telemetry.sdk.name: opentelemetry
    telemetry.sdk.language: dotnet
    telemetry.sdk.version: 1.8.1
[04:18:36 INF] Resetting database for worker 15164 {"SourceContext": "Infrastructure.Services.DatabaseTestService", "Application": "Crud.Api"}
[04:18:36 INF] Resetting database via file deletion for worker 15164 in CI environment {"SourceContext": "Infrastructure.Services.DatabaseTestService", "Application": "Crud.Api"}
[04:18:36 INF] Acquiring database mutex for worker 15164... {"SourceContext": "Infrastructure.Services.DatabaseTestService", "Application": "Crud.Api"}
[04:18:36 INF] Database mutex acquired for worker 15164 {"SourceContext": "Infrastructure.Services.DatabaseTestService", "Application": "Crud.Api"}
[04:18:36 INF] Current database state - CanConnect: True {"SourceContext": "Infrastructure.Services.DatabaseTestService", "Application": "Crud.Api"}
[04:18:36 INF] [Phase 0] Closing database connection for worker 15164... {"SourceContext": "Infrastructure.Services.DatabaseTestService", "Application": "Crud.Api"}
[04:18:36 INF] [Phase 0] Connection closed in 0.0006ms {"SourceContext": "Infrastructure.Services.DatabaseTestService", "Application": "Crud.Api"}
[04:18:36 INF] [Phase 1] Starting EnsureDeletedAsync for worker 15164... {"SourceContext": "Infrastructure.Services.DatabaseTestService", "Application": "Crud.Api"}
[04:18:36 INF] [Phase 1] EnsureDeletedAsync completed in 1.1553ms {"SourceContext": "Infrastructure.Services.DatabaseTestService", "Application": "Crud.Api"}
[04:18:36 INF] [Phase 2] Starting EnsureCreatedAsync for worker 15164... {"SourceContext": "Infrastructure.Services.DatabaseTestService", "Application": "Crud.Api"}
[04:18:36 INF] [Phase 2] EnsureCreatedAsync completed in 7.2057ms {"SourceContext": "Infrastructure.Services.DatabaseTestService", "Application": "Crud.Api"}
[04:18:36 INF] [Phase 3] Skipping database seeding as requested for worker 15164 {"SourceContext": "Infrastructure.Services.DatabaseTestService", "Application": "Crud.Api"}
[04:18:36 INF] Database reset via file deletion completed for worker 15164 in 107.8102ms (Close: 0.0006ms, Delete: 1.1553ms, Create: 7.2057ms) {"SourceContext": "Infrastructure.Services.DatabaseTestService", "Application": "Crud.Api"}
[04:18:36 INF] Releasing database mutex for worker 15164 {"SourceContext": "Infrastructure.Services.DatabaseTestService", "Application": "Crud.Api"}
[04:18:36 INF] Resetting database for worker 15164 {"SourceContext": "Infrastructure.Services.DatabaseTestService", "Application": "Crud.Api"}
[04:18:36 INF] Resetting database via file deletion for worker 15164 in CI environment {"SourceContext": "Infrastructure.Services.DatabaseTestService", "Application": "Crud.Api"}
[04:18:36 INF] Acquiring database mutex for worker 15164... {"SourceContext": "Infrastructure.Services.DatabaseTestService", "Application": "Crud.Api"}
[04:18:36 INF] Database mutex acquired for worker 15164 {"SourceContext": "Infrastructure.Services.DatabaseTestService", "Application": "Crud.Api"}
[04:18:36 INF] Current database state - CanConnect: True {"SourceContext": "Infrastructure.Services.DatabaseTestService", "Application": "Crud.Api"}
[04:18:36 INF] [Phase 0] Closing database connection for worker 15164... {"SourceContext": "Infrastructure.Services.DatabaseTestService", "Application": "Crud.Api"}
[04:18:36 INF] [Phase 0] Connection closed in 0.0005ms {"SourceContext": "Infrastructure.Services.DatabaseTestService", "Application": "Crud.Api"}
[04:18:36 INF] [Phase 1] Starting EnsureDeletedAsync for worker 15164... {"SourceContext": "Infrastructure.Services.DatabaseTestService", "Application": "Crud.Api"}
[04:18:36 INF] [Phase 1] EnsureDeletedAsync completed in 1.1279ms {"SourceContext": "Infrastructure.Services.DatabaseTestService", "Application": "Crud.Api"}
[04:18:36 INF] [Phase 2] Starting EnsureCreatedAsync for worker 15164... {"SourceContext": "Infrastructure.Services.DatabaseTestService", "Application": "Crud.Api"}
[04:18:36 INF] [Phase 2] EnsureCreatedAsync completed in 7.2185ms {"SourceContext": "Infrastructure.Services.DatabaseTestService", "Application": "Crud.Api"}
[04:18:36 INF] [Phase 3] Skipping database seeding as requested for worker 15164 {"SourceContext": "Infrastructure.Services.DatabaseTestService", "Application": "Crud.Api"}
[04:18:36 INF] Database reset via file deletion completed for worker 15164 in 108.0014ms (Close: 0.0005ms, Delete: 1.1279ms, Create: 7.2185ms) {"SourceContext": "Infrastructure.Services.DatabaseTestService", "Application": "Crud.Api"}
[04:18:36 INF] Releasing database mutex for worker 15164 {"SourceContext": "Infrastructure.Services.DatabaseTestService", "Application": "Crud.Api"}
[04:18:36 INF] User registered successfully: dabaf6b8-aec1-4f33-bc02-e520658d9de5 {"SourceContext": "App.Features.Authentication.RegisterUserCommandHandler", "ActionId": "9096c718-56b6-41c7-96a3-4b85b1a2f796", "ActionName": "Api.Controllers.AuthController.Register (Api)", "RequestId": "0HNFGT8MUJPAS", "RequestPath": "/api/auth/register", "Application": "Crud.Api"}
Activity.TraceId:            9c518306fcf98872ede3562ef27715d3
Activity.SpanId:             59f3cf1e7b68ce6e
Activity.TraceFlags:         Recorded
Activity.ActivitySourceName: Microsoft.AspNetCore
Activity.DisplayName:        POST api/Auth/register
Activity.Kind:               Server
Activity.StartTime:          2025-09-11T04:18:36.3841305Z
Activity.Duration:           00:00:00.3006302
Activity.Tags:
    server.address: localhost
    http.request.method: POST
    url.scheme: http
    url.path: /api/auth/register
    network.protocol.version: 1.1
    http.route: api/Auth/register
    http.response.status_code: 200
Resource associated with Activity:
    deployment.environment: Testing
    service.name: Crud.Api
    service.version: 1.0.0
    service.instance.id: 8958bff5-028e-43b0-8103-5553bc095d18
    telemetry.sdk.name: opentelemetry
    telemetry.sdk.language: dotnet
    telemetry.sdk.version: 1.8.1
[04:18:36 INF] User logged in successfully: dabaf6b8-aec1-4f33-bc02-e520658d9de5 {"SourceContext": "App.Features.Authentication.LoginCommandHandler", "ActionId": "d978f069-a869-4c6a-a293-782d2c390f83", "ActionName": "Api.Controllers.AuthController.Login (Api)", "RequestId": "0HNFGT8MUJPAT", "RequestPath": "/api/auth/login", "Application": "Crud.Api"}
Activity.TraceId:            bd8836039f9d8825ba053fb728c9410d
Activity.SpanId:             88212a7d1e485862
Activity.TraceFlags:         Recorded
Activity.ActivitySourceName: Microsoft.AspNetCore
Activity.DisplayName:        POST api/Auth/login
Activity.Kind:               Server
Activity.StartTime:          2025-09-11T04:18:36.6856392Z
Activity.Duration:           00:00:00.2978953
Activity.Tags:
    server.address: localhost
    http.request.method: POST
    url.scheme: http
    url.path: /api/auth/login
    network.protocol.version: 1.1
    http.route: api/Auth/login
    http.response.status_code: 200
Resource associated with Activity:
    deployment.environment: Testing
    service.name: Crud.Api
    service.version: 1.0.0
    service.instance.id: 8958bff5-028e-43b0-8103-5553bc095d18
    telemetry.sdk.name: opentelemetry
    telemetry.sdk.language: dotnet
    telemetry.sdk.version: 1.8.1
[04:18:37 INF] User registered successfully: 5debd3b0-d159-48b0-8e52-160f9352deef {"SourceContext": "App.Features.Authentication.RegisterUserCommandHandler", "ActionId": "9096c718-56b6-41c7-96a3-4b85b1a2f796", "ActionName": "Api.Controllers.AuthController.Register (Api)", "RequestId": "0HNFGT8MUJPAU", "RequestPath": "/api/auth/register", "Application": "Crud.Api"}
Activity.TraceId:            49eb516415980ae2b5b61ab219588d79
Activity.SpanId:             ec24ae01b301c8b5
Activity.TraceFlags:         Recorded
Activity.ActivitySourceName: Microsoft.AspNetCore
Activity.DisplayName:        POST api/Auth/register
Activity.Kind:               Server
Activity.StartTime:          2025-09-11T04:18:36.9842021Z
Activity.Duration:           00:00:00.3337694
Activity.Tags:
    server.address: localhost
    http.request.method: POST
    url.scheme: http
    url.path: /api/auth/register
    network.protocol.version: 1.1
    http.route: api/Auth/register
    http.response.status_code: 200
Resource associated with Activity:
    deployment.environment: Testing
    service.name: Crud.Api
    service.version: 1.0.0
    service.instance.id: 8958bff5-028e-43b0-8103-5553bc095d18
    telemetry.sdk.name: opentelemetry
    telemetry.sdk.language: dotnet
    telemetry.sdk.version: 1.8.1
[04:18:37 DBG] Cache miss for key: name:role:testrole {"SourceContext": "Infrastructure.Services.Caching.InMemoryCacheService", "ActionId": "05d8c198-178b-47e2-8af4-07a9548a4739", "ActionName": "Api.Controllers.RolesController.Create (Api)", "RequestId": "0HNFGT8MUJPAV", "RequestPath": "/api/roles", "Application": "Crud.Api"}
[04:18:37 DBG] Removed cache value for key: entity:role:17121d616a8041449a1f6e63712baf7a {"SourceContext": "Infrastructure.Services.Caching.InMemoryCacheService", "ActionId": "05d8c198-178b-47e2-8af4-07a9548a4739", "ActionName": "Api.Controllers.RolesController.Create (Api)", "RequestId": "0HNFGT8MUJPAV", "RequestPath": "/api/roles", "Application": "Crud.Api"}
[04:18:37 DBG] Removed cache value for key: list:role {"SourceContext": "Infrastructure.Services.Caching.InMemoryCacheService", "ActionId": "05d8c198-178b-47e2-8af4-07a9548a4739", "ActionName": "Api.Controllers.RolesController.Create (Api)", "RequestId": "0HNFGT8MUJPAV", "RequestPath": "/api/roles", "Application": "Crud.Api"}
[04:18:37 DBG] Invalidating cache for entity type: roles with tag: roles {"SourceContext": "Api.Services.OutputCacheInvalidationService", "ActionId": "05d8c198-178b-47e2-8af4-07a9548a4739", "ActionName": "Api.Controllers.RolesController.Create (Api)", "RequestId": "0HNFGT8MUJPAV", "RequestPath": "/api/roles", "Application": "Crud.Api"}
[04:18:37 INF] Successfully invalidated cache for entity type: roles {"SourceContext": "Api.Services.OutputCacheInvalidationService", "ActionId": "05d8c198-178b-47e2-8af4-07a9548a4739", "ActionName": "Api.Controllers.RolesController.Create (Api)", "RequestId": "0HNFGT8MUJPAV", "RequestPath": "/api/roles", "Application": "Crud.Api"}
Activity.TraceId:            6c2d96f747958ac10ed3492ce06e5f16
Activity.SpanId:             338fdbdb8d94b052
Activity.TraceFlags:         Recorded
Activity.ActivitySourceName: Microsoft.AspNetCore
Activity.DisplayName:        POST api/Roles
Activity.Kind:               Server
Activity.StartTime:          2025-09-11T04:18:37.3182617Z
Activity.Duration:           00:00:00.0032820
Activity.Tags:
    server.address: localhost
    http.request.method: POST
    url.scheme: http
    url.path: /api/roles
    network.protocol.version: 1.1
    http.route: api/Roles
    http.response.status_code: 201
Resource associated with Activity:
    deployment.environment: Testing
    service.name: Crud.Api
    service.version: 1.0.0
    service.instance.id: 8958bff5-028e-43b0-8103-5553bc095d18
    telemetry.sdk.name: opentelemetry
    telemetry.sdk.language: dotnet
    telemetry.sdk.version: 1.8.1
[04:18:37 DBG] Cache miss for key: entity:role:17121d616a8041449a1f6e63712baf7a {"SourceContext": "Infrastructure.Services.Caching.InMemoryCacheService", "ActionId": "9954ae4e-f02d-4e47-ba4d-f7949f2e419a", "ActionName": "Api.Controllers.PeopleController.Create (Api)", "RequestId": "0HNFGT8MUJPB0", "RequestPath": "/api/people", "Application": "Crud.Api"}
[04:18:37 DBG] Set cache value for key: entity:role:17121d616a8041449a1f6e63712baf7a {"SourceContext": "Infrastructure.Services.Caching.InMemoryCacheService", "ActionId": "9954ae4e-f02d-4e47-ba4d-f7949f2e419a", "ActionName": "Api.Controllers.PeopleController.Create (Api)", "RequestId": "0HNFGT8MUJPB0", "RequestPath": "/api/people", "Application": "Crud.Api"}
[04:18:37 DBG] Removed cache value for key: entity:person:73f5e742efc74afbbf2f07ec54742037 {"SourceContext": "Infrastructure.Services.Caching.InMemoryCacheService", "ActionId": "9954ae4e-f02d-4e47-ba4d-f7949f2e419a", "ActionName": "Api.Controllers.PeopleController.Create (Api)", "RequestId": "0HNFGT8MUJPB0", "RequestPath": "/api/people", "Application": "Crud.Api"}
[04:18:37 DBG] Removed cache value for key: list:person {"SourceContext": "Infrastructure.Services.Caching.InMemoryCacheService", "ActionId": "9954ae4e-f02d-4e47-ba4d-f7949f2e419a", "ActionName": "Api.Controllers.PeopleController.Create (Api)", "RequestId": "0HNFGT8MUJPB0", "RequestPath": "/api/people", "Application": "Crud.Api"}
[04:18:37 DBG] Invalidating cache for entity type: people with tag: people {"SourceContext": "Api.Services.OutputCacheInvalidationService", "ActionId": "9954ae4e-f02d-4e47-ba4d-f7949f2e419a", "ActionName": "Api.Controllers.PeopleController.Create (Api)", "RequestId": "0HNFGT8MUJPB0", "RequestPath": "/api/people", "Application": "Crud.Api"}
[04:18:37 INF] Successfully invalidated cache for entity type: people {"SourceContext": "Api.Services.OutputCacheInvalidationService", "ActionId": "9954ae4e-f02d-4e47-ba4d-f7949f2e419a", "ActionName": "Api.Controllers.PeopleController.Create (Api)", "RequestId": "0HNFGT8MUJPB0", "RequestPath": "/api/people", "Application": "Crud.Api"}
Activity.TraceId:            f61e81da1920d6210daaf5795404e20d
Activity.SpanId:             635ce0f372c5d631
Activity.TraceFlags:         Recorded
Activity.ActivitySourceName: Microsoft.AspNetCore
Activity.DisplayName:        POST api/People
Activity.Kind:               Server
Activity.StartTime:          2025-09-11T04:18:37.3216781Z
Activity.Duration:           00:00:00.0022675
Activity.Tags:
    server.address: localhost
    http.request.method: POST
    url.scheme: http
    url.path: /api/people
    network.protocol.version: 1.1
    http.route: api/People
    http.response.status_code: 201
Resource associated with Activity:
    deployment.environment: Testing
    service.name: Crud.Api
    service.version: 1.0.0
    service.instance.id: 8958bff5-028e-43b0-8103-5553bc095d18
    telemetry.sdk.name: opentelemetry
    telemetry.sdk.language: dotnet
    telemetry.sdk.version: 1.8.1
[04:18:37 DBG] Cache miss for key: entity:person:73f5e742efc74afbbf2f07ec54742037 {"SourceContext": "Infrastructure.Services.Caching.InMemoryCacheService", "ActionId": "e96866c3-886d-4043-8bb3-174dbc787548", "ActionName": "Api.Controllers.PeopleController.Get (Api)", "RequestId": "0HNFGT8MUJPB1", "RequestPath": "/api/people/73f5e742-efc7-4afb-bf2f-07ec54742037", "Application": "Crud.Api"}
[04:18:37 DBG] Set cache value for key: entity:person:73f5e742efc74afbbf2f07ec54742037 {"SourceContext": "Infrastructure.Services.Caching.InMemoryCacheService", "ActionId": "e96866c3-886d-4043-8bb3-174dbc787548", "ActionName": "Api.Controllers.PeopleController.Get (Api)", "RequestId": "0HNFGT8MUJPB1", "RequestPath": "/api/people/73f5e742-efc7-4afb-bf2f-07ec54742037", "Application": "Crud.Api"}
Activity.TraceId:            b6d98684c8a64519abe86d7624b309f4
Activity.SpanId:             0f042e63e743894e
Activity.TraceFlags:         Recorded
Activity.ActivitySourceName: Microsoft.AspNetCore
Activity.DisplayName:        GET api/People/{id:guid}
Activity.Kind:               Server
Activity.StartTime:          2025-09-11T04:18:37.3241133Z
Activity.Duration:           00:00:00.0016131
Activity.Tags:
    server.address: localhost
    http.request.method: GET
    url.scheme: http
    url.path: /api/people/73f5e742-efc7-4afb-bf2f-07ec54742037
    network.protocol.version: 1.1
    http.route: api/People/{id:guid}
    http.response.status_code: 200
Resource associated with Activity:
    deployment.environment: Testing
    service.name: Crud.Api
    service.version: 1.0.0
    service.instance.id: 8958bff5-028e-43b0-8103-5553bc095d18
    telemetry.sdk.name: opentelemetry
    telemetry.sdk.language: dotnet
    telemetry.sdk.version: 1.8.1
[04:18:37 INF] Resetting database for worker 15164 {"SourceContext": "Infrastructure.Services.DatabaseTestService", "Application": "Crud.Api"}
[04:18:37 INF] Resetting database via file deletion for worker 15164 in CI environment {"SourceContext": "Infrastructure.Services.DatabaseTestService", "Application": "Crud.Api"}
[04:18:37 INF] Acquiring database mutex for worker 15164... {"SourceContext": "Infrastructure.Services.DatabaseTestService", "Application": "Crud.Api"}
[04:18:37 INF] Database mutex acquired for worker 15164 {"SourceContext": "Infrastructure.Services.DatabaseTestService", "Application": "Crud.Api"}
[04:18:37 INF] Current database state - CanConnect: True {"SourceContext": "Infrastructure.Services.DatabaseTestService", "Application": "Crud.Api"}
[04:18:37 INF] [Phase 0] Closing database connection for worker 15164... {"SourceContext": "Infrastructure.Services.DatabaseTestService", "Application": "Crud.Api"}
[04:18:37 INF] [Phase 0] Connection closed in 0.0005ms {"SourceContext": "Infrastructure.Services.DatabaseTestService", "Application": "Crud.Api"}
[04:18:37 INF] [Phase 1] Starting EnsureDeletedAsync for worker 15164... {"SourceContext": "Infrastructure.Services.DatabaseTestService", "Application": "Crud.Api"}
[04:18:37 INF] [Phase 1] EnsureDeletedAsync completed in 1.1057ms {"SourceContext": "Infrastructure.Services.DatabaseTestService", "Application": "Crud.Api"}
[04:18:37 INF] [Phase 2] Starting EnsureCreatedAsync for worker 15164... {"SourceContext": "Infrastructure.Services.DatabaseTestService", "Application": "Crud.Api"}
[04:18:37 INF] [Phase 2] EnsureCreatedAsync completed in 9.4856ms {"SourceContext": "Infrastructure.Services.DatabaseTestService", "Application": "Crud.Api"}
[04:18:37 INF] [Phase 3] Skipping database seeding as requested for worker 15164 {"SourceContext": "Infrastructure.Services.DatabaseTestService", "Application": "Crud.Api"}
[04:18:37 INF] Database reset via file deletion completed for worker 15164 in 111.1666ms (Close: 0.0005ms, Delete: 1.1057ms, Create: 9.4856ms) {"SourceContext": "Infrastructure.Services.DatabaseTestService", "Application": "Crud.Api"}
[04:18:37 INF] Releasing database mutex for worker 15164 {"SourceContext": "Infrastructure.Services.DatabaseTestService", "Application": "Crud.Api"}
[04:18:37 INF] Resetting database for worker 15164 {"SourceContext": "Infrastructure.Services.DatabaseTestService", "Application": "Crud.Api"}
[04:18:37 INF] Resetting database via file deletion for worker 15164 in CI environment {"SourceContext": "Infrastructure.Services.DatabaseTestService", "Application": "Crud.Api"}
[04:18:37 INF] Acquiring database mutex for worker 15164... {"SourceContext": "Infrastructure.Services.DatabaseTestService", "Application": "Crud.Api"}
[04:18:37 INF] Database mutex acquired for worker 15164 {"SourceContext": "Infrastructure.Services.DatabaseTestService", "Application": "Crud.Api"}
[xUnit.net 00:00:47.48]       Skipping due to concurrency conflict - RowVersion not implemented in UpdatePersonRequest
[04:18:37 INF] Current database state - CanConnect: True {"SourceContext": "Infrastructure.Services.DatabaseTestService", "Application": "Crud.Api"}
[04:18:37 INF] [Phase 0] Closing database connection for worker 15164... {"SourceContext": "Infrastructure.Services.DatabaseTestService", "Application": "Crud.Api"}
[04:18:37 INF] [Phase 0] Connection closed in 0.0005ms {"SourceContext": "Infrastructure.Services.DatabaseTestService", "Application": "Crud.Api"}
[04:18:37 INF] [Phase 1] Starting EnsureDeletedAsync for worker 15164... {"SourceContext": "Infrastructure.Services.DatabaseTestService", "Application": "Crud.Api"}
[04:18:37 INF] [Phase 1] EnsureDeletedAsync completed in 1.2369ms {"SourceContext": "Infrastructure.Services.DatabaseTestService", "Application": "Crud.Api"}
[04:18:37 INF] [Phase 2] Starting EnsureCreatedAsync for worker 15164... {"SourceContext": "Infrastructure.Services.DatabaseTestService", "Application": "Crud.Api"}
[04:18:37 INF] [Phase 2] EnsureCreatedAsync completed in 6.9797ms {"SourceContext": "Infrastructure.Services.DatabaseTestService", "Application": "Crud.Api"}
[04:18:37 INF] [Phase 3] Skipping database seeding as requested for worker 15164 {"SourceContext": "Infrastructure.Services.DatabaseTestService", "Application": "Crud.Api"}
[04:18:37 INF] Database reset via file deletion completed for worker 15164 in 108.3691ms (Close: 0.0005ms, Delete: 1.2369ms, Create: 6.9797ms) {"SourceContext": "Infrastructure.Services.DatabaseTestService", "Application": "Crud.Api"}
[04:18:37 INF] Releasing database mutex for worker 15164 {"SourceContext": "Infrastructure.Services.DatabaseTestService", "Application": "Crud.Api"}
[04:18:37 INF] User registered successfully: a787207b-cff0-4545-932b-4d5256469012 {"SourceContext": "App.Features.Authentication.RegisterUserCommandHandler", "ActionId": "9096c718-56b6-41c7-96a3-4b85b1a2f796", "ActionName": "Api.Controllers.AuthController.Register (Api)", "RequestId": "0HNFGT8MUJPB2", "RequestPath": "/api/auth/register", "Application": "Crud.Api"}
Activity.TraceId:            68fcba0eeb02a11a69c20750e870b0bc
Activity.SpanId:             a0fa7915c8105774
Activity.TraceFlags:         Recorded
Activity.ActivitySourceName: Microsoft.AspNetCore
Activity.DisplayName:        POST api/Auth/register
Activity.Kind:               Server
Activity.StartTime:          2025-09-11T04:18:37.5492001Z
Activity.Duration:           00:00:00.2977119
Activity.Tags:
    server.address: localhost
    http.request.method: POST
    url.scheme: http
    url.path: /api/auth/register
    network.protocol.version: 1.1
    http.route: api/Auth/register
    http.response.status_code: 200
Resource associated with Activity:
    deployment.environment: Testing
    service.name: Crud.Api
    service.version: 1.0.0
    service.instance.id: 8958bff5-028e-43b0-8103-5553bc095d18
    telemetry.sdk.name: opentelemetry
    telemetry.sdk.language: dotnet
    telemetry.sdk.version: 1.8.1
[04:18:38 INF] User logged in successfully: a787207b-cff0-4545-932b-4d5256469012 {"SourceContext": "App.Features.Authentication.LoginCommandHandler", "ActionId": "d978f069-a869-4c6a-a293-782d2c390f83", "ActionName": "Api.Controllers.AuthController.Login (Api)", "RequestId": "0HNFGT8MUJPB3", "RequestPath": "/api/auth/login", "Application": "Crud.Api"}
Activity.TraceId:            81b6738983a6ae30126a69855d600545
Activity.SpanId:             54c92916be21a3d8
Activity.TraceFlags:         Recorded
Activity.ActivitySourceName: Microsoft.AspNetCore
Activity.DisplayName:        POST api/Auth/login
Activity.Kind:               Server
Activity.StartTime:          2025-09-11T04:18:37.8477987Z
Activity.Duration:           00:00:00.2979440
Activity.Tags:
    server.address: localhost
    http.request.method: POST
    url.scheme: http
    url.path: /api/auth/login
    network.protocol.version: 1.1
    http.route: api/Auth/login
    http.response.status_code: 200
Resource associated with Activity:
    deployment.environment: Testing
    service.name: Crud.Api
    service.version: 1.0.0
    service.instance.id: 8958bff5-028e-43b0-8103-5553bc095d18
    telemetry.sdk.name: opentelemetry
    telemetry.sdk.language: dotnet
    telemetry.sdk.version: 1.8.1
[04:18:38 DBG] Removed cache value for key: entity:person:dcdd0e1aa62146d997fb84f6540b3900 {"SourceContext": "Infrastructure.Services.Caching.InMemoryCacheService", "ActionId": "9954ae4e-f02d-4e47-ba4d-f7949f2e419a", "ActionName": "Api.Controllers.PeopleController.Create (Api)", "RequestId": "0HNFGT8MUJPB4", "RequestPath": "/api/people", "Application": "Crud.Api"}
[04:18:38 DBG] Removed cache value for key: list:person {"SourceContext": "Infrastructure.Services.Caching.InMemoryCacheService", "ActionId": "9954ae4e-f02d-4e47-ba4d-f7949f2e419a", "ActionName": "Api.Controllers.PeopleController.Create (Api)", "RequestId": "0HNFGT8MUJPB4", "RequestPath": "/api/people", "Application": "Crud.Api"}
[04:18:38 DBG] Invalidating cache for entity type: people with tag: people {"SourceContext": "Api.Services.OutputCacheInvalidationService", "ActionId": "9954ae4e-f02d-4e47-ba4d-f7949f2e419a", "ActionName": "Api.Controllers.PeopleController.Create (Api)", "RequestId": "0HNFGT8MUJPB4", "RequestPath": "/api/people", "Application": "Crud.Api"}
[04:18:38 INF] Successfully invalidated cache for entity type: people {"SourceContext": "Api.Services.OutputCacheInvalidationService", "ActionId": "9954ae4e-f02d-4e47-ba4d-f7949f2e419a", "ActionName": "Api.Controllers.PeopleController.Create (Api)", "RequestId": "0HNFGT8MUJPB4", "RequestPath": "/api/people", "Application": "Crud.Api"}
Activity.TraceId:            fd86f779283e5d721fe86413f514c137
Activity.SpanId:             9d71924caa23959f
Activity.TraceFlags:         Recorded
Activity.ActivitySourceName: Microsoft.AspNetCore
Activity.DisplayName:        POST api/People
Activity.Kind:               Server
Activity.StartTime:          2025-09-11T04:18:38.1462583Z
Activity.Duration:           00:00:00.0013097
Activity.Tags:
    server.address: localhost
    http.request.method: POST
    url.scheme: http
    url.path: /api/people
    network.protocol.version: 1.1
    http.route: api/People
    http.response.status_code: 201
Resource associated with Activity:
    deployment.environment: Testing
    service.name: Crud.Api
    service.version: 1.0.0
    service.instance.id: 8958bff5-028e-43b0-8103-5553bc095d18
    telemetry.sdk.name: opentelemetry
    telemetry.sdk.language: dotnet
    telemetry.sdk.version: 1.8.1
[04:18:38 INF] Resetting database for worker 15164 {"SourceContext": "Infrastructure.Services.DatabaseTestService", "Application": "Crud.Api"}
[04:18:38 INF] Resetting database via file deletion for worker 15164 in CI environment {"SourceContext": "Infrastructure.Services.DatabaseTestService", "Application": "Crud.Api"}
[04:18:38 INF] Acquiring database mutex for worker 15164... {"SourceContext": "Infrastructure.Services.DatabaseTestService", "Application": "Crud.Api"}
[04:18:38 INF] Database mutex acquired for worker 15164 {"SourceContext": "Infrastructure.Services.DatabaseTestService", "Application": "Crud.Api"}
[04:18:38 INF] Current database state - CanConnect: True {"SourceContext": "Infrastructure.Services.DatabaseTestService", "Application": "Crud.Api"}
[04:18:38 INF] [Phase 0] Closing database connection for worker 15164... {"SourceContext": "Infrastructure.Services.DatabaseTestService", "Application": "Crud.Api"}
[04:18:38 INF] [Phase 0] Connection closed in 0.0005ms {"SourceContext": "Infrastructure.Services.DatabaseTestService", "Application": "Crud.Api"}
[04:18:38 INF] [Phase 1] Starting EnsureDeletedAsync for worker 15164... {"SourceContext": "Infrastructure.Services.DatabaseTestService", "Application": "Crud.Api"}
[04:18:38 INF] [Phase 1] EnsureDeletedAsync completed in 1.2845ms {"SourceContext": "Infrastructure.Services.DatabaseTestService", "Application": "Crud.Api"}
Test 'Tests.Integration.Backend.Controllers.PeopleControllerTests.PUT_People_Should_Update_Person_Roles' was skipped in the test run.
[04:18:38 INF] [Phase 2] Starting EnsureCreatedAsync for worker 15164... {"SourceContext": "Infrastructure.Services.DatabaseTestService", "Application": "Crud.Api"}
[04:18:38 INF] [Phase 2] EnsureCreatedAsync completed in 7.8446ms {"SourceContext": "Infrastructure.Services.DatabaseTestService", "Application": "Crud.Api"}
[04:18:38 INF] [Phase 3] Skipping database seeding as requested for worker 15164 {"SourceContext": "Infrastructure.Services.DatabaseTestService", "Application": "Crud.Api"}
[04:18:38 INF] Database reset via file deletion completed for worker 15164 in 108.9289ms (Close: 0.0005ms, Delete: 1.2845ms, Create: 7.8446ms) {"SourceContext": "Infrastructure.Services.DatabaseTestService", "Application": "Crud.Api"}
[04:18:38 INF] Releasing database mutex for worker 15164 {"SourceContext": "Infrastructure.Services.DatabaseTestService", "Application": "Crud.Api"}
[04:18:38 INF] Resetting database for worker 15164 {"SourceContext": "Infrastructure.Services.DatabaseTestService", "Application": "Crud.Api"}
[04:18:38 INF] Resetting database via file deletion for worker 15164 in CI environment {"SourceContext": "Infrastructure.Services.DatabaseTestService", "Application": "Crud.Api"}
[04:18:38 INF] Acquiring database mutex for worker 15164... {"SourceContext": "Infrastructure.Services.DatabaseTestService", "Application": "Crud.Api"}
[04:18:38 INF] Database mutex acquired for worker 15164 {"SourceContext": "Infrastructure.Services.DatabaseTestService", "Application": "Crud.Api"}
[04:18:38 INF] Current database state - CanConnect: True {"SourceContext": "Infrastructure.Services.DatabaseTestService", "Application": "Crud.Api"}
[04:18:38 INF] [Phase 0] Closing database connection for worker 15164... {"SourceContext": "Infrastructure.Services.DatabaseTestService", "Application": "Crud.Api"}
[04:18:38 INF] [Phase 0] Connection closed in 0.0005ms {"SourceContext": "Infrastructure.Services.DatabaseTestService", "Application": "Crud.Api"}
[04:18:38 INF] [Phase 1] Starting EnsureDeletedAsync for worker 15164... {"SourceContext": "Infrastructure.Services.DatabaseTestService", "Application": "Crud.Api"}
[04:18:38 INF] [Phase 1] EnsureDeletedAsync completed in 1.0617ms {"SourceContext": "Infrastructure.Services.DatabaseTestService", "Application": "Crud.Api"}
[04:18:38 INF] [Phase 2] Starting EnsureCreatedAsync for worker 15164... {"SourceContext": "Infrastructure.Services.DatabaseTestService", "Application": "Crud.Api"}
[04:18:38 INF] [Phase 2] EnsureCreatedAsync completed in 7.5849ms {"SourceContext": "Infrastructure.Services.DatabaseTestService", "Application": "Crud.Api"}
[04:18:38 INF] [Phase 3] Skipping database seeding as requested for worker 15164 {"SourceContext": "Infrastructure.Services.DatabaseTestService", "Application": "Crud.Api"}
[04:18:38 INF] Database reset via file deletion completed for worker 15164 in 108.9062ms (Close: 0.0005ms, Delete: 1.0617ms, Create: 7.5849ms) {"SourceContext": "Infrastructure.Services.DatabaseTestService", "Application": "Crud.Api"}
[04:18:38 INF] Releasing database mutex for worker 15164 {"SourceContext": "Infrastructure.Services.DatabaseTestService", "Application": "Crud.Api"}
Activity.TraceId:            3013facd90af8f35fdebe60ce0904784
Activity.SpanId:             5c855b847d9ba3d2
Activity.TraceFlags:         Recorded
Activity.ActivitySourceName: Microsoft.AspNetCore
Activity.DisplayName:        POST api/People
Activity.Kind:               Server
Activity.StartTime:          2025-09-11T04:18:38.3686172Z
Activity.Duration:           00:00:00.0001704
Activity.Tags:
    server.address: localhost
    http.request.method: POST
    url.scheme: http
    url.path: /api/people
    network.protocol.version: 1.1
    http.route: api/People
    http.response.status_code: 401
Resource associated with Activity:
    deployment.environment: Testing
    service.name: Crud.Api
    service.version: 1.0.0
    service.instance.id: 8958bff5-028e-43b0-8103-5553bc095d18
    telemetry.sdk.name: opentelemetry
    telemetry.sdk.language: dotnet
    telemetry.sdk.version: 1.8.1
[04:18:38 INF] Resetting database for worker 15164 {"SourceContext": "Infrastructure.Services.DatabaseTestService", "Application": "Crud.Api"}
[04:18:38 INF] Resetting database via file deletion for worker 15164 in CI environment {"SourceContext": "Infrastructure.Services.DatabaseTestService", "Application": "Crud.Api"}
[04:18:38 INF] Acquiring database mutex for worker 15164... {"SourceContext": "Infrastructure.Services.DatabaseTestService", "Application": "Crud.Api"}
[04:18:38 INF] Database mutex acquired for worker 15164 {"SourceContext": "Infrastructure.Services.DatabaseTestService", "Application": "Crud.Api"}
[04:18:38 INF] Current database state - CanConnect: True {"SourceContext": "Infrastructure.Services.DatabaseTestService", "Application": "Crud.Api"}
[04:18:38 INF] [Phase 0] Closing database connection for worker 15164... {"SourceContext": "Infrastructure.Services.DatabaseTestService", "Application": "Crud.Api"}
[04:18:38 INF] [Phase 0] Connection closed in 0.0005ms {"SourceContext": "Infrastructure.Services.DatabaseTestService", "Application": "Crud.Api"}
[04:18:38 INF] [Phase 1] Starting EnsureDeletedAsync for worker 15164... {"SourceContext": "Infrastructure.Services.DatabaseTestService", "Application": "Crud.Api"}
[04:18:38 INF] [Phase 1] EnsureDeletedAsync completed in 1.195ms {"SourceContext": "Infrastructure.Services.DatabaseTestService", "Application": "Crud.Api"}
[04:18:38 INF] [Phase 2] Starting EnsureCreatedAsync for worker 15164... {"SourceContext": "Infrastructure.Services.DatabaseTestService", "Application": "Crud.Api"}
[04:18:38 INF] [Phase 2] EnsureCreatedAsync completed in 7.2312ms {"SourceContext": "Infrastructure.Services.DatabaseTestService", "Application": "Crud.Api"}
[04:18:38 INF] [Phase 3] Skipping database seeding as requested for worker 15164 {"SourceContext": "Infrastructure.Services.DatabaseTestService", "Application": "Crud.Api"}
[04:18:38 INF] Database reset via file deletion completed for worker 15164 in 107.903ms (Close: 0.0005ms, Delete: 1.195ms, Create: 7.2312ms) {"SourceContext": "Infrastructure.Services.DatabaseTestService", "Application": "Crud.Api"}
[04:18:38 INF] Releasing database mutex for worker 15164 {"SourceContext": "Infrastructure.Services.DatabaseTestService", "Application": "Crud.Api"}
[04:18:38 INF] Resetting database for worker 15164 {"SourceContext": "Infrastructure.Services.DatabaseTestService", "Application": "Crud.Api"}
[04:18:38 INF] Resetting database via file deletion for worker 15164 in CI environment {"SourceContext": "Infrastructure.Services.DatabaseTestService", "Application": "Crud.Api"}
[04:18:38 INF] Acquiring database mutex for worker 15164... {"SourceContext": "Infrastructure.Services.DatabaseTestService", "Application": "Crud.Api"}
[04:18:38 INF] Database mutex acquired for worker 15164 {"SourceContext": "Infrastructure.Services.DatabaseTestService", "Application": "Crud.Api"}
[04:18:38 INF] Current database state - CanConnect: True {"SourceContext": "Infrastructure.Services.DatabaseTestService", "Application": "Crud.Api"}
[04:18:38 INF] [Phase 0] Closing database connection for worker 15164... {"SourceContext": "Infrastructure.Services.DatabaseTestService", "Application": "Crud.Api"}
[04:18:38 INF] [Phase 0] Connection closed in 0.0006ms {"SourceContext": "Infrastructure.Services.DatabaseTestService", "Application": "Crud.Api"}
[04:18:38 INF] [Phase 1] Starting EnsureDeletedAsync for worker 15164... {"SourceContext": "Infrastructure.Services.DatabaseTestService", "Application": "Crud.Api"}
[04:18:38 INF] [Phase 1] EnsureDeletedAsync completed in 1.2189ms {"SourceContext": "Infrastructure.Services.DatabaseTestService", "Application": "Crud.Api"}
[04:18:38 INF] [Phase 2] Starting EnsureCreatedAsync for worker 15164... {"SourceContext": "Infrastructure.Services.DatabaseTestService", "Application": "Crud.Api"}
[04:18:38 INF] [Phase 2] EnsureCreatedAsync completed in 7.0478ms {"SourceContext": "Infrastructure.Services.DatabaseTestService", "Application": "Crud.Api"}
[04:18:38 INF] [Phase 3] Skipping database seeding as requested for worker 15164 {"SourceContext": "Infrastructure.Services.DatabaseTestService", "Application": "Crud.Api"}
[04:18:38 INF] Database reset via file deletion completed for worker 15164 in 108.9409ms (Close: 0.0006ms, Delete: 1.2189ms, Create: 7.0478ms) {"SourceContext": "Infrastructure.Services.DatabaseTestService", "Application": "Crud.Api"}
[04:18:38 INF] Releasing database mutex for worker 15164 {"SourceContext": "Infrastructure.Services.DatabaseTestService", "Application": "Crud.Api"}
[04:18:38 INF] User registered successfully: 702450d7-d15b-4ea4-843f-063f3eef8c43 {"SourceContext": "App.Features.Authentication.RegisterUserCommandHandler", "ActionId": "9096c718-56b6-41c7-96a3-4b85b1a2f796", "ActionName": "Api.Controllers.AuthController.Register (Api)", "RequestId": "0HNFGT8MUJPB6", "RequestPath": "/api/auth/register", "Application": "Crud.Api"}
Activity.TraceId:            f96a52205020289a68edf7c7fcb9e14b
Activity.SpanId:             8b82af9733c9c921
Activity.TraceFlags:         Recorded
Activity.ActivitySourceName: Microsoft.AspNetCore
Activity.DisplayName:        POST api/Auth/register
Activity.Kind:               Server
Activity.StartTime:          2025-09-11T04:18:38.5892638Z
Activity.Duration:           00:00:00.2987423
Activity.Tags:
    server.address: localhost
    http.request.method: POST
    url.scheme: http
    url.path: /api/auth/register
    network.protocol.version: 1.1
    http.route: api/Auth/register
    http.response.status_code: 200
Resource associated with Activity:
    deployment.environment: Testing
    service.name: Crud.Api
    service.version: 1.0.0
    service.instance.id: 8958bff5-028e-43b0-8103-5553bc095d18
    telemetry.sdk.name: opentelemetry
    telemetry.sdk.language: dotnet
    telemetry.sdk.version: 1.8.1
[04:18:38 DBG] Cache miss for key: entity:person:13dcaac2e26c44e6b44a6186e7996e62 {"SourceContext": "Infrastructure.Services.Caching.InMemoryCacheService", "ActionId": "e96866c3-886d-4043-8bb3-174dbc787548", "ActionName": "Api.Controllers.PeopleController.Get (Api)", "RequestId": "0HNFGT8MUJPB7", "RequestPath": "/api/people/13dcaac2-e26c-44e6-b44a-6186e7996e62", "Application": "Crud.Api"}
Activity.TraceId:            87e6b42b8a00329999c49e667688e683
Activity.SpanId:             2a9e1a9ce294bde9
Activity.TraceFlags:         Recorded
Activity.ActivitySourceName: Microsoft.AspNetCore
Activity.DisplayName:        GET api/People/{id:guid}
Activity.Kind:               Server
Activity.StartTime:          2025-09-11T04:18:38.8887488Z
Activity.Duration:           00:00:00.0055402
Activity.Tags:
    server.address: localhost
    http.request.method: GET
    url.scheme: http
    url.path: /api/people/13dcaac2-e26c-44e6-b44a-6186e7996e62
    network.protocol.version: 1.1
    http.route: api/People/{id:guid}
    http.response.status_code: 404
Resource associated with Activity:
    deployment.environment: Testing
    service.name: Crud.Api
    service.version: 1.0.0
    service.instance.id: 8958bff5-028e-43b0-8103-5553bc095d18
    telemetry.sdk.name: opentelemetry
    telemetry.sdk.language: dotnet
    telemetry.sdk.version: 1.8.1
[04:18:38 INF] Resetting database for worker 15164 {"SourceContext": "Infrastructure.Services.DatabaseTestService", "Application": "Crud.Api"}
[04:18:38 INF] Resetting database via file deletion for worker 15164 in CI environment {"SourceContext": "Infrastructure.Services.DatabaseTestService", "Application": "Crud.Api"}
[04:18:38 INF] Acquiring database mutex for worker 15164... {"SourceContext": "Infrastructure.Services.DatabaseTestService", "Application": "Crud.Api"}
[04:18:38 INF] Database mutex acquired for worker 15164 {"SourceContext": "Infrastructure.Services.DatabaseTestService", "Application": "Crud.Api"}
[04:18:38 INF] Current database state - CanConnect: True {"SourceContext": "Infrastructure.Services.DatabaseTestService", "Application": "Crud.Api"}
[04:18:38 INF] [Phase 0] Closing database connection for worker 15164... {"SourceContext": "Infrastructure.Services.DatabaseTestService", "Application": "Crud.Api"}
[04:18:38 INF] [Phase 0] Connection closed in 0.0006ms {"SourceContext": "Infrastructure.Services.DatabaseTestService", "Application": "Crud.Api"}
[04:18:38 INF] [Phase 1] Starting EnsureDeletedAsync for worker 15164... {"SourceContext": "Infrastructure.Services.DatabaseTestService", "Application": "Crud.Api"}
[04:18:38 INF] [Phase 1] EnsureDeletedAsync completed in 1.3837ms {"SourceContext": "Infrastructure.Services.DatabaseTestService", "Application": "Crud.Api"}
[04:18:38 INF] [Phase 2] Starting EnsureCreatedAsync for worker 15164... {"SourceContext": "Infrastructure.Services.DatabaseTestService", "Application": "Crud.Api"}
[04:18:39 INF] [Phase 2] EnsureCreatedAsync completed in 7.4885ms {"SourceContext": "Infrastructure.Services.DatabaseTestService", "Application": "Crud.Api"}
[04:18:39 INF] [Phase 3] Skipping database seeding as requested for worker 15164 {"SourceContext": "Infrastructure.Services.DatabaseTestService", "Application": "Crud.Api"}
[04:18:39 INF] Database reset via file deletion completed for worker 15164 in 107.8389ms (Close: 0.0006ms, Delete: 1.3837ms, Create: 7.4885ms) {"SourceContext": "Infrastructure.Services.DatabaseTestService", "Application": "Crud.Api"}
[04:18:39 INF] Releasing database mutex for worker 15164 {"SourceContext": "Infrastructure.Services.DatabaseTestService", "Application": "Crud.Api"}
[04:18:39 INF] Resetting database for worker 15164 {"SourceContext": "Infrastructure.Services.DatabaseTestService", "Application": "Crud.Api"}
[04:18:39 INF] Resetting database via file deletion for worker 15164 in CI environment {"SourceContext": "Infrastructure.Services.DatabaseTestService", "Application": "Crud.Api"}
[04:18:39 INF] Acquiring database mutex for worker 15164... {"SourceContext": "Infrastructure.Services.DatabaseTestService", "Application": "Crud.Api"}
[04:18:39 INF] Database mutex acquired for worker 15164 {"SourceContext": "Infrastructure.Services.DatabaseTestService", "Application": "Crud.Api"}
[04:18:39 INF] Current database state - CanConnect: True {"SourceContext": "Infrastructure.Services.DatabaseTestService", "Application": "Crud.Api"}
[04:18:39 INF] [Phase 0] Closing database connection for worker 15164... {"SourceContext": "Infrastructure.Services.DatabaseTestService", "Application": "Crud.Api"}
[04:18:39 INF] [Phase 0] Connection closed in 0.0005ms {"SourceContext": "Infrastructure.Services.DatabaseTestService", "Application": "Crud.Api"}
[04:18:39 INF] [Phase 1] Starting EnsureDeletedAsync for worker 15164... {"SourceContext": "Infrastructure.Services.DatabaseTestService", "Application": "Crud.Api"}
[04:18:39 INF] [Phase 1] EnsureDeletedAsync completed in 1.2995ms {"SourceContext": "Infrastructure.Services.DatabaseTestService", "Application": "Crud.Api"}
[04:18:39 INF] [Phase 2] Starting EnsureCreatedAsync for worker 15164... {"SourceContext": "Infrastructure.Services.DatabaseTestService", "Application": "Crud.Api"}
[04:18:39 INF] [Phase 2] EnsureCreatedAsync completed in 7.2155ms {"SourceContext": "Infrastructure.Services.DatabaseTestService", "Application": "Crud.Api"}
[04:18:39 INF] [Phase 3] Skipping database seeding as requested for worker 15164 {"SourceContext": "Infrastructure.Services.DatabaseTestService", "Application": "Crud.Api"}
[04:18:39 INF] Database reset via file deletion completed for worker 15164 in 108.8847ms (Close: 0.0005ms, Delete: 1.2995ms, Create: 7.2155ms) {"SourceContext": "Infrastructure.Services.DatabaseTestService", "Application": "Crud.Api"}
[04:18:39 INF] Releasing database mutex for worker 15164 {"SourceContext": "Infrastructure.Services.DatabaseTestService", "Application": "Crud.Api"}
[04:18:39 INF] User registered successfully: 8b72f930-5da1-4276-8a9f-ffa04a52e7dc {"SourceContext": "App.Features.Authentication.RegisterUserCommandHandler", "ActionId": "9096c718-56b6-41c7-96a3-4b85b1a2f796", "ActionName": "Api.Controllers.AuthController.Register (Api)", "RequestId": "0HNFGT8MUJPB8", "RequestPath": "/api/auth/register", "Application": "Crud.Api"}
Activity.TraceId:            c41a3a810171507d695f3089afcdd25f
Activity.SpanId:             7353638655712bcf
Activity.TraceFlags:         Recorded
Activity.ActivitySourceName: Microsoft.AspNetCore
Activity.DisplayName:        POST api/Auth/register
Activity.Kind:               Server
Activity.StartTime:          2025-09-11T04:18:39.1145106Z
Activity.Duration:           00:00:00.2976966
Activity.Tags:
    server.address: localhost
    http.request.method: POST
    url.scheme: http
    url.path: /api/auth/register
    network.protocol.version: 1.1
    http.route: api/Auth/register
    http.response.status_code: 200
Resource associated with Activity:
    deployment.environment: Testing
    service.name: Crud.Api
    service.version: 1.0.0
    service.instance.id: 8958bff5-028e-43b0-8103-5553bc095d18
    telemetry.sdk.name: opentelemetry
    telemetry.sdk.language: dotnet
    telemetry.sdk.version: 1.8.1
[04:18:39 INF] User logged in successfully: 8b72f930-5da1-4276-8a9f-ffa04a52e7dc {"SourceContext": "App.Features.Authentication.LoginCommandHandler", "ActionId": "d978f069-a869-4c6a-a293-782d2c390f83", "ActionName": "Api.Controllers.AuthController.Login (Api)", "RequestId": "0HNFGT8MUJPB9", "RequestPath": "/api/auth/login", "Application": "Crud.Api"}
Activity.TraceId:            220b3fb9696cf0ac77c65a11c171d009
Activity.SpanId:             dd2246451020e0ad
Activity.TraceFlags:         Recorded
Activity.ActivitySourceName: Microsoft.AspNetCore
Activity.DisplayName:        POST api/Auth/login
Activity.Kind:               Server
Activity.StartTime:          2025-09-11T04:18:39.4133558Z
Activity.Duration:           00:00:00.3001998
Activity.Tags:
    server.address: localhost
    http.request.method: POST
    url.scheme: http
    url.path: /api/auth/login
    network.protocol.version: 1.1
    http.route: api/Auth/login
    http.response.status_code: 200
Resource associated with Activity:
    deployment.environment: Testing
    service.name: Crud.Api
    service.version: 1.0.0
    service.instance.id: 8958bff5-028e-43b0-8103-5553bc095d18
    telemetry.sdk.name: opentelemetry
    telemetry.sdk.language: dotnet
    telemetry.sdk.version: 1.8.1
[04:18:40 INF] User registered successfully: da150647-7424-435b-8d1f-db7250ea2dcf {"SourceContext": "App.Features.Authentication.RegisterUserCommandHandler", "ActionId": "9096c718-56b6-41c7-96a3-4b85b1a2f796", "ActionName": "Api.Controllers.AuthController.Register (Api)", "RequestId": "0HNFGT8MUJPBA", "RequestPath": "/api/auth/register", "Application": "Crud.Api"}
Activity.TraceId:            24a55335768fd3a4c55ee38944b6ccab
Activity.SpanId:             c3ca81d886b91921
Activity.TraceFlags:         Recorded
Activity.ActivitySourceName: Microsoft.AspNetCore
Activity.DisplayName:        POST api/Auth/register
Activity.Kind:               Server
Activity.StartTime:          2025-09-11T04:18:39.7141405Z
Activity.Duration:           00:00:00.2974130
Activity.Tags:
    server.address: localhost
    http.request.method: POST
    url.scheme: http
    url.path: /api/auth/register
    network.protocol.version: 1.1
    http.route: api/Auth/register
    http.response.status_code: 200
Resource associated with Activity:
    deployment.environment: Testing
    service.name: Crud.Api
    service.version: 1.0.0
    service.instance.id: 8958bff5-028e-43b0-8103-5553bc095d18
    telemetry.sdk.name: opentelemetry
    telemetry.sdk.language: dotnet
    telemetry.sdk.version: 1.8.1
[04:18:40 DBG] Removed cache value for key: entity:person:6ee220fc22a44c2da5133f229a569669 {"SourceContext": "Infrastructure.Services.Caching.InMemoryCacheService", "ActionId": "9954ae4e-f02d-4e47-ba4d-f7949f2e419a", "ActionName": "Api.Controllers.PeopleController.Create (Api)", "RequestId": "0HNFGT8MUJPBB", "RequestPath": "/api/people", "Application": "Crud.Api"}
[04:18:40 DBG] Removed cache value for key: list:person {"SourceContext": "Infrastructure.Services.Caching.InMemoryCacheService", "ActionId": "9954ae4e-f02d-4e47-ba4d-f7949f2e419a", "ActionName": "Api.Controllers.PeopleController.Create (Api)", "RequestId": "0HNFGT8MUJPBB", "RequestPath": "/api/people", "Application": "Crud.Api"}
[04:18:40 DBG] Invalidating cache for entity type: people with tag: people {"SourceContext": "Api.Services.OutputCacheInvalidationService", "ActionId": "9954ae4e-f02d-4e47-ba4d-f7949f2e419a", "ActionName": "Api.Controllers.PeopleController.Create (Api)", "RequestId": "0HNFGT8MUJPBB", "RequestPath": "/api/people", "Application": "Crud.Api"}
[04:18:40 INF] Successfully invalidated cache for entity type: people {"SourceContext": "Api.Services.OutputCacheInvalidationService", "ActionId": "9954ae4e-f02d-4e47-ba4d-f7949f2e419a", "ActionName": "Api.Controllers.PeopleController.Create (Api)", "RequestId": "0HNFGT8MUJPBB", "RequestPath": "/api/people", "Application": "Crud.Api"}
Activity.TraceId:            4a63f853e0ded4ed94be0b8cb9824cd7
Activity.SpanId:             882daafe7d9443a7
Activity.TraceFlags:         Recorded
Activity.ActivitySourceName: Microsoft.AspNetCore
Activity.DisplayName:        POST api/People
Activity.Kind:               Server
Activity.StartTime:          2025-09-11T04:18:40.0118407Z
Activity.Duration:           00:00:00.0015340
Activity.Tags:
    server.address: localhost
    http.request.method: POST
    url.scheme: http
    url.path: /api/people
    network.protocol.version: 1.1
    http.route: api/People
    http.response.status_code: 201
Resource associated with Activity:
    deployment.environment: Testing
    service.name: Crud.Api
    service.version: 1.0.0
    service.instance.id: 8958bff5-028e-43b0-8103-5553bc095d18
    telemetry.sdk.name: opentelemetry
    telemetry.sdk.language: dotnet
    telemetry.sdk.version: 1.8.1
[04:18:40 DBG] Cache miss for key: entity:person:6ee220fc22a44c2da5133f229a569669 {"SourceContext": "Infrastructure.Services.Caching.InMemoryCacheService", "ActionId": "e96866c3-886d-4043-8bb3-174dbc787548", "ActionName": "Api.Controllers.PeopleController.Get (Api)", "RequestId": "0HNFGT8MUJPBC", "RequestPath": "/api/people/6ee220fc-22a4-4c2d-a513-3f229a569669", "Application": "Crud.Api"}
[04:18:40 DBG] Set cache value for key: entity:person:6ee220fc22a44c2da5133f229a569669 {"SourceContext": "Infrastructure.Services.Caching.InMemoryCacheService", "ActionId": "e96866c3-886d-4043-8bb3-174dbc787548", "ActionName": "Api.Controllers.PeopleController.Get (Api)", "RequestId": "0HNFGT8MUJPBC", "RequestPath": "/api/people/6ee220fc-22a4-4c2d-a513-3f229a569669", "Application": "Crud.Api"}
Activity.TraceId:            e9c7f69a13e820d9ee8fcc8aa753df29
Activity.SpanId:             73edb8a826a502b8
Activity.TraceFlags:         Recorded
Activity.ActivitySourceName: Microsoft.AspNetCore
Activity.DisplayName:        GET api/People/{id:guid}
Activity.Kind:               Server
Activity.StartTime:          2025-09-11T04:18:40.0135065Z
Activity.Duration:           00:00:00.0008888
Activity.Tags:
    server.address: localhost
    http.request.method: GET
    url.scheme: http
    url.path: /api/people/6ee220fc-22a4-4c2d-a513-3f229a569669
    network.protocol.version: 1.1
    http.route: api/People/{id:guid}
    http.response.status_code: 200
Resource associated with Activity:
    deployment.environment: Testing
    service.name: Crud.Api
    service.version: 1.0.0
    service.instance.id: 8958bff5-028e-43b0-8103-5553bc095d18
    telemetry.sdk.name: opentelemetry
    telemetry.sdk.language: dotnet
    telemetry.sdk.version: 1.8.1
[04:18:40 INF] Resetting database for worker 15164 {"SourceContext": "Infrastructure.Services.DatabaseTestService", "Application": "Crud.Api"}
[04:18:40 INF] Resetting database via file deletion for worker 15164 in CI environment {"SourceContext": "Infrastructure.Services.DatabaseTestService", "Application": "Crud.Api"}
[04:18:40 INF] Acquiring database mutex for worker 15164... {"SourceContext": "Infrastructure.Services.DatabaseTestService", "Application": "Crud.Api"}
[04:18:40 INF] Database mutex acquired for worker 15164 {"SourceContext": "Infrastructure.Services.DatabaseTestService", "Application": "Crud.Api"}
[04:18:40 INF] Current database state - CanConnect: True {"SourceContext": "Infrastructure.Services.DatabaseTestService", "Application": "Crud.Api"}
[04:18:40 INF] [Phase 0] Closing database connection for worker 15164... {"SourceContext": "Infrastructure.Services.DatabaseTestService", "Application": "Crud.Api"}
[04:18:40 INF] [Phase 0] Connection closed in 0.0005ms {"SourceContext": "Infrastructure.Services.DatabaseTestService", "Application": "Crud.Api"}
[04:18:40 INF] [Phase 1] Starting EnsureDeletedAsync for worker 15164... {"SourceContext": "Infrastructure.Services.DatabaseTestService", "Application": "Crud.Api"}
[04:18:40 INF] [Phase 1] EnsureDeletedAsync completed in 1.3193ms {"SourceContext": "Infrastructure.Services.DatabaseTestService", "Application": "Crud.Api"}
[04:18:40 INF] [Phase 2] Starting EnsureCreatedAsync for worker 15164... {"SourceContext": "Infrastructure.Services.DatabaseTestService", "Application": "Crud.Api"}
[04:18:40 INF] [Phase 2] EnsureCreatedAsync completed in 7.8499ms {"SourceContext": "Infrastructure.Services.DatabaseTestService", "Application": "Crud.Api"}
[04:18:40 INF] [Phase 3] Skipping database seeding as requested for worker 15164 {"SourceContext": "Infrastructure.Services.DatabaseTestService", "Application": "Crud.Api"}
[04:18:40 INF] Database reset via file deletion completed for worker 15164 in 108.7907ms (Close: 0.0005ms, Delete: 1.3193ms, Create: 7.8499ms) {"SourceContext": "Infrastructure.Services.DatabaseTestService", "Application": "Crud.Api"}
[04:18:40 INF] Releasing database mutex for worker 15164 {"SourceContext": "Infrastructure.Services.DatabaseTestService", "Application": "Crud.Api"}
[04:18:40 INF] Resetting database for worker 15164 {"SourceContext": "Infrastructure.Services.DatabaseTestService", "Application": "Crud.Api"}
[04:18:40 INF] Resetting database via file deletion for worker 15164 in CI environment {"SourceContext": "Infrastructure.Services.DatabaseTestService", "Application": "Crud.Api"}
[04:18:40 INF] Acquiring database mutex for worker 15164... {"SourceContext": "Infrastructure.Services.DatabaseTestService", "Application": "Crud.Api"}
[04:18:40 INF] Database mutex acquired for worker 15164 {"SourceContext": "Infrastructure.Services.DatabaseTestService", "Application": "Crud.Api"}
[04:18:40 INF] Current database state - CanConnect: True {"SourceContext": "Infrastructure.Services.DatabaseTestService", "Application": "Crud.Api"}
[04:18:40 INF] [Phase 0] Closing database connection for worker 15164... {"SourceContext": "Infrastructure.Services.DatabaseTestService", "Application": "Crud.Api"}
[04:18:40 INF] [Phase 0] Connection closed in 0.0005ms {"SourceContext": "Infrastructure.Services.DatabaseTestService", "Application": "Crud.Api"}
[04:18:40 INF] [Phase 1] Starting EnsureDeletedAsync for worker 15164... {"SourceContext": "Infrastructure.Services.DatabaseTestService", "Application": "Crud.Api"}
[04:18:40 INF] [Phase 1] EnsureDeletedAsync completed in 1.164ms {"SourceContext": "Infrastructure.Services.DatabaseTestService", "Application": "Crud.Api"}
[04:18:40 INF] [Phase 2] Starting EnsureCreatedAsync for worker 15164... {"SourceContext": "Infrastructure.Services.DatabaseTestService", "Application": "Crud.Api"}
[04:18:40 INF] [Phase 2] EnsureCreatedAsync completed in 7.0893ms {"SourceContext": "Infrastructure.Services.DatabaseTestService", "Application": "Crud.Api"}
[04:18:40 INF] [Phase 3] Skipping database seeding as requested for worker 15164 {"SourceContext": "Infrastructure.Services.DatabaseTestService", "Application": "Crud.Api"}
[04:18:40 INF] Database reset via file deletion completed for worker 15164 in 109.1852ms (Close: 0.0005ms, Delete: 1.164ms, Create: 7.0893ms) {"SourceContext": "Infrastructure.Services.DatabaseTestService", "Application": "Crud.Api"}
[04:18:40 INF] Releasing database mutex for worker 15164 {"SourceContext": "Infrastructure.Services.DatabaseTestService", "Application": "Crud.Api"}
[04:18:40 INF] User registered successfully: 5de4e8e4-27a7-4c5c-85b6-8c364a74ba7e {"SourceContext": "App.Features.Authentication.RegisterUserCommandHandler", "ActionId": "9096c718-56b6-41c7-96a3-4b85b1a2f796", "ActionName": "Api.Controllers.AuthController.Register (Api)", "RequestId": "0HNFGT8MUJPBD", "RequestPath": "/api/auth/register", "Application": "Crud.Api"}
Activity.TraceId:            fdfc2bde407275fe01898a30d86352ed
Activity.SpanId:             b06edeb9f76dfdb7
Activity.TraceFlags:         Recorded
Activity.ActivitySourceName: Microsoft.AspNetCore
Activity.DisplayName:        POST api/Auth/register
Activity.Kind:               Server
Activity.StartTime:          2025-09-11T04:18:40.2357351Z
Activity.Duration:           00:00:00.2980491
Activity.Tags:
    server.address: localhost
    http.request.method: POST
    url.scheme: http
    url.path: /api/auth/register
    network.protocol.version: 1.1
    http.route: api/Auth/register
    http.response.status_code: 200
Resource associated with Activity:
    deployment.environment: Testing
    service.name: Crud.Api
    service.version: 1.0.0
    service.instance.id: 8958bff5-028e-43b0-8103-5553bc095d18
    telemetry.sdk.name: opentelemetry
    telemetry.sdk.language: dotnet
    telemetry.sdk.version: 1.8.1
Activity.TraceId:            b333d1d9fcf3347a4b483b727c506371
Activity.SpanId:             bab88fc9a5404d5b
Activity.TraceFlags:         Recorded
Activity.ActivitySourceName: Microsoft.AspNetCore
Activity.DisplayName:        POST api/People
Activity.Kind:               Server
Activity.StartTime:          2025-09-11T04:18:40.5343383Z
Activity.Duration:           00:00:00.0009549
Activity.Tags:
    server.address: localhost
    http.request.method: POST
    url.scheme: http
    url.path: /api/people
    network.protocol.version: 1.1
    http.route: api/People
    http.response.status_code: 403
Resource associated with Activity:
    deployment.environment: Testing
    service.name: Crud.Api
    service.version: 1.0.0
    service.instance.id: 8958bff5-028e-43b0-8103-5553bc095d18
    telemetry.sdk.name: opentelemetry
    telemetry.sdk.language: dotnet
    telemetry.sdk.version: 1.8.1
[04:18:40 INF] Resetting database for worker 15164 {"SourceContext": "Infrastructure.Services.DatabaseTestService", "Application": "Crud.Api"}
[04:18:40 INF] Resetting database via file deletion for worker 15164 in CI environment {"SourceContext": "Infrastructure.Services.DatabaseTestService", "Application": "Crud.Api"}
[04:18:40 INF] Acquiring database mutex for worker 15164... {"SourceContext": "Infrastructure.Services.DatabaseTestService", "Application": "Crud.Api"}
[04:18:40 INF] Database mutex acquired for worker 15164 {"SourceContext": "Infrastructure.Services.DatabaseTestService", "Application": "Crud.Api"}
[04:18:40 INF] Current database state - CanConnect: True {"SourceContext": "Infrastructure.Services.DatabaseTestService", "Application": "Crud.Api"}
[04:18:40 INF] [Phase 0] Closing database connection for worker 15164... {"SourceContext": "Infrastructure.Services.DatabaseTestService", "Application": "Crud.Api"}
[04:18:40 INF] [Phase 0] Connection closed in 0.0007ms {"SourceContext": "Infrastructure.Services.DatabaseTestService", "Application": "Crud.Api"}
[04:18:40 INF] [Phase 1] Starting EnsureDeletedAsync for worker 15164... {"SourceContext": "Infrastructure.Services.DatabaseTestService", "Application": "Crud.Api"}
[04:18:40 INF] [Phase 1] EnsureDeletedAsync completed in 1.2375ms {"SourceContext": "Infrastructure.Services.DatabaseTestService", "Application": "Crud.Api"}
[04:18:40 INF] [Phase 2] Starting EnsureCreatedAsync for worker 15164... {"SourceContext": "Infrastructure.Services.DatabaseTestService", "Application": "Crud.Api"}
[04:18:40 INF] [Phase 2] EnsureCreatedAsync completed in 7.6444ms {"SourceContext": "Infrastructure.Services.DatabaseTestService", "Application": "Crud.Api"}
[04:18:40 INF] [Phase 3] Skipping database seeding as requested for worker 15164 {"SourceContext": "Infrastructure.Services.DatabaseTestService", "Application": "Crud.Api"}
[04:18:40 INF] Database reset via file deletion completed for worker 15164 in 108.8834ms (Close: 0.0007ms, Delete: 1.2375ms, Create: 7.6444ms) {"SourceContext": "Infrastructure.Services.DatabaseTestService", "Application": "Crud.Api"}
[04:18:40 INF] Releasing database mutex for worker 15164 {"SourceContext": "Infrastructure.Services.DatabaseTestService", "Application": "Crud.Api"}
[04:18:40 INF] Resetting database for worker 15164 {"SourceContext": "Infrastructure.Services.DatabaseTestService", "Application": "Crud.Api"}
[04:18:40 INF] Resetting database via file deletion for worker 15164 in CI environment {"SourceContext": "Infrastructure.Services.DatabaseTestService", "Application": "Crud.Api"}
[04:18:40 INF] Acquiring database mutex for worker 15164... {"SourceContext": "Infrastructure.Services.DatabaseTestService", "Application": "Crud.Api"}
[04:18:40 INF] Database mutex acquired for worker 15164 {"SourceContext": "Infrastructure.Services.DatabaseTestService", "Application": "Crud.Api"}
[04:18:40 INF] Current database state - CanConnect: True {"SourceContext": "Infrastructure.Services.DatabaseTestService", "Application": "Crud.Api"}
[04:18:40 INF] [Phase 0] Closing database connection for worker 15164... {"SourceContext": "Infrastructure.Services.DatabaseTestService", "Application": "Crud.Api"}
[04:18:40 INF] [Phase 0] Connection closed in 0.0004ms {"SourceContext": "Infrastructure.Services.DatabaseTestService", "Application": "Crud.Api"}
[04:18:40 INF] [Phase 1] Starting EnsureDeletedAsync for worker 15164... {"SourceContext": "Infrastructure.Services.DatabaseTestService", "Application": "Crud.Api"}
[04:18:40 INF] [Phase 1] EnsureDeletedAsync completed in 1.0811ms {"SourceContext": "Infrastructure.Services.DatabaseTestService", "Application": "Crud.Api"}
[04:18:40 INF] [Phase 2] Starting EnsureCreatedAsync for worker 15164... {"SourceContext": "Infrastructure.Services.DatabaseTestService", "Application": "Crud.Api"}
[04:18:40 INF] [Phase 2] EnsureCreatedAsync completed in 9.4545ms {"SourceContext": "Infrastructure.Services.DatabaseTestService", "Application": "Crud.Api"}
[04:18:40 INF] [Phase 3] Skipping database seeding as requested for worker 15164 {"SourceContext": "Infrastructure.Services.DatabaseTestService", "Application": "Crud.Api"}
[04:18:40 INF] Database reset via file deletion completed for worker 15164 in 110.1517ms (Close: 0.0004ms, Delete: 1.0811ms, Create: 9.4545ms) {"SourceContext": "Infrastructure.Services.DatabaseTestService", "Application": "Crud.Api"}
[04:18:40 INF] Releasing database mutex for worker 15164 {"SourceContext": "Infrastructure.Services.DatabaseTestService", "Application": "Crud.Api"}
[04:18:41 INF] User registered successfully: d56699eb-cd47-41de-b009-85e7dfd9f4c7 {"SourceContext": "App.Features.Authentication.RegisterUserCommandHandler", "ActionId": "9096c718-56b6-41c7-96a3-4b85b1a2f796", "ActionName": "Api.Controllers.AuthController.Register (Api)", "RequestId": "0HNFGT8MUJPBF", "RequestPath": "/api/auth/register", "Application": "Crud.Api"}
Activity.TraceId:            84178eb9d06fbb9e7330931188f42612
Activity.SpanId:             cdff814e423489e6
Activity.TraceFlags:         Recorded
Activity.ActivitySourceName: Microsoft.AspNetCore
Activity.DisplayName:        POST api/Auth/register
Activity.Kind:               Server
Activity.StartTime:          2025-09-11T04:18:40.7575748Z
Activity.Duration:           00:00:00.2978697
Activity.Tags:
    server.address: localhost
    http.request.method: POST
    url.scheme: http
    url.path: /api/auth/register
    network.protocol.version: 1.1
    http.route: api/Auth/register
    http.response.status_code: 200
Resource associated with Activity:
    deployment.environment: Testing
    service.name: Crud.Api
    service.version: 1.0.0
    service.instance.id: 8958bff5-028e-43b0-8103-5553bc095d18
    telemetry.sdk.name: opentelemetry
    telemetry.sdk.language: dotnet
    telemetry.sdk.version: 1.8.1
[04:18:41 INF] User logged in successfully: d56699eb-cd47-41de-b009-85e7dfd9f4c7 {"SourceContext": "App.Features.Authentication.LoginCommandHandler", "ActionId": "d978f069-a869-4c6a-a293-782d2c390f83", "ActionName": "Api.Controllers.AuthController.Login (Api)", "RequestId": "0HNFGT8MUJPBG", "RequestPath": "/api/auth/login", "Application": "Crud.Api"}
Activity.TraceId:            f63781a64c40d2e4d061e03529d6153e
Activity.SpanId:             42a64d4a8c1e81bc
Activity.TraceFlags:         Recorded
Activity.ActivitySourceName: Microsoft.AspNetCore
Activity.DisplayName:        POST api/Auth/login
Activity.Kind:               Server
Activity.StartTime:          2025-09-11T04:18:41.0563864Z
Activity.Duration:           00:00:00.2978316
Activity.Tags:
    server.address: localhost
    http.request.method: POST
    url.scheme: http
    url.path: /api/auth/login
    network.protocol.version: 1.1
    http.route: api/Auth/login
    http.response.status_code: 200
Resource associated with Activity:
    deployment.environment: Testing
    service.name: Crud.Api
    service.version: 1.0.0
    service.instance.id: 8958bff5-028e-43b0-8103-5553bc095d18
    telemetry.sdk.name: opentelemetry
    telemetry.sdk.language: dotnet
    telemetry.sdk.version: 1.8.1
[04:18:41 DBG] Removed cache value for key: entity:person:839466fab33e464f88d0959d892a588a {"SourceContext": "Infrastructure.Services.Caching.InMemoryCacheService", "ActionId": "e075360e-522c-4b00-b234-d667bd47f918", "ActionName": "Api.Controllers.PeopleController.Delete (Api)", "RequestId": "0HNFGT8MUJPBH", "RequestPath": "/api/people/839466fa-b33e-464f-88d0-959d892a588a", "Application": "Crud.Api"}
[04:18:41 DBG] Removed cache value for key: list:person {"SourceContext": "Infrastructure.Services.Caching.InMemoryCacheService", "ActionId": "e075360e-522c-4b00-b234-d667bd47f918", "ActionName": "Api.Controllers.PeopleController.Delete (Api)", "RequestId": "0HNFGT8MUJPBH", "RequestPath": "/api/people/839466fa-b33e-464f-88d0-959d892a588a", "Application": "Crud.Api"}
[04:18:41 DBG] Invalidating cache for entity: people/839466fa-b33e-464f-88d0-959d892a588a with tags: people, people:839466fa-b33e-464f-88d0-959d892a588a {"SourceContext": "Api.Services.OutputCacheInvalidationService", "ActionId": "e075360e-522c-4b00-b234-d667bd47f918", "ActionName": "Api.Controllers.PeopleController.Delete (Api)", "RequestId": "0HNFGT8MUJPBH", "RequestPath": "/api/people/839466fa-b33e-464f-88d0-959d892a588a", "Application": "Crud.Api"}
[04:18:41 DBG] Successfully invalidated cache for tag: people {"SourceContext": "Api.Services.OutputCacheInvalidationService", "ActionId": "e075360e-522c-4b00-b234-d667bd47f918", "ActionName": "Api.Controllers.PeopleController.Delete (Api)", "RequestId": "0HNFGT8MUJPBH", "RequestPath": "/api/people/839466fa-b33e-464f-88d0-959d892a588a", "Application": "Crud.Api"}
[04:18:41 DBG] Successfully invalidated cache for tag: people:839466fa-b33e-464f-88d0-959d892a588a {"SourceContext": "Api.Services.OutputCacheInvalidationService", "ActionId": "e075360e-522c-4b00-b234-d667bd47f918", "ActionName": "Api.Controllers.PeopleController.Delete (Api)", "RequestId": "0HNFGT8MUJPBH", "RequestPath": "/api/people/839466fa-b33e-464f-88d0-959d892a588a", "Application": "Crud.Api"}
[04:18:41 INF] Resetting database for worker 15164 {"SourceContext": "Infrastructure.Services.DatabaseTestService", "Application": "Crud.Api"}
[04:18:41 INF] Resetting database via file deletion for worker 15164 in CI environment {"SourceContext": "Infrastructure.Services.DatabaseTestService", "Application": "Crud.Api"}
[04:18:41 INF] Acquiring database mutex for worker 15164... {"SourceContext": "Infrastructure.Services.DatabaseTestService", "Application": "Crud.Api"}
[04:18:41 INF] Database mutex acquired for worker 15164 {"SourceContext": "Infrastructure.Services.DatabaseTestService", "Application": "Crud.Api"}
[04:18:41 INF] Current database state - CanConnect: True {"SourceContext": "Infrastructure.Services.DatabaseTestService", "Application": "Crud.Api"}
[04:18:41 INF] [Phase 0] Closing database connection for worker 15164... {"SourceContext": "Infrastructure.Services.DatabaseTestService", "Application": "Crud.Api"}
[04:18:41 INF] [Phase 0] Connection closed in 0.0005ms {"SourceContext": "Infrastructure.Services.DatabaseTestService", "Application": "Crud.Api"}
[04:18:41 INF] [Phase 1] Starting EnsureDeletedAsync for worker 15164... {"SourceContext": "Infrastructure.Services.DatabaseTestService", "Application": "Crud.Api"}
Activity.TraceId:            8a23c636531a10f65a2735a35310628e
Activity.SpanId:             3999afbb3fdc267e
Activity.TraceFlags:         Recorded
Activity.ActivitySourceName: Microsoft.AspNetCore
Activity.DisplayName:        DELETE api/People/{id:guid}
Activity.Kind:               Server
Activity.StartTime:          2025-09-11T04:18:41.3546826Z
Activity.Duration:           00:00:00.0090625
Activity.Tags:
    server.address: localhost
    http.request.method: DELETE
    url.scheme: http
    url.path: /api/people/839466fa-b33e-464f-88d0-959d892a588a
    network.protocol.version: 1.1
    http.route: api/People/{id:guid}
    http.response.status_code: 204
Resource associated with Activity:
    deployment.environment: Testing
    service.name: Crud.Api
    service.version: 1.0.0
    service.instance.id: 8958bff5-028e-43b0-8103-5553bc095d18
    telemetry.sdk.name: opentelemetry
    telemetry.sdk.language: dotnet
    telemetry.sdk.version: 1.8.1
[04:18:41 INF] [Phase 1] EnsureDeletedAsync completed in 1.2878ms {"SourceContext": "Infrastructure.Services.DatabaseTestService", "Application": "Crud.Api"}
[04:18:41 INF] [Phase 2] Starting EnsureCreatedAsync for worker 15164... {"SourceContext": "Infrastructure.Services.DatabaseTestService", "Application": "Crud.Api"}
[04:18:41 INF] [Phase 2] EnsureCreatedAsync completed in 7.3768ms {"SourceContext": "Infrastructure.Services.DatabaseTestService", "Application": "Crud.Api"}
[04:18:41 INF] [Phase 3] Skipping database seeding as requested for worker 15164 {"SourceContext": "Infrastructure.Services.DatabaseTestService", "Application": "Crud.Api"}
[04:18:41 INF] Database reset via file deletion completed for worker 15164 in 108.4977ms (Close: 0.0005ms, Delete: 1.2878ms, Create: 7.3768ms) {"SourceContext": "Infrastructure.Services.DatabaseTestService", "Application": "Crud.Api"}
[04:18:41 INF] Releasing database mutex for worker 15164 {"SourceContext": "Infrastructure.Services.DatabaseTestService", "Application": "Crud.Api"}
[04:18:41 INF] Resetting database for worker 15164 {"SourceContext": "Infrastructure.Services.DatabaseTestService", "Application": "Crud.Api"}
[04:18:41 INF] Resetting database via file deletion for worker 15164 in CI environment {"SourceContext": "Infrastructure.Services.DatabaseTestService", "Application": "Crud.Api"}
[04:18:41 INF] Acquiring database mutex for worker 15164... {"SourceContext": "Infrastructure.Services.DatabaseTestService", "Application": "Crud.Api"}
[04:18:41 INF] Database mutex acquired for worker 15164 {"SourceContext": "Infrastructure.Services.DatabaseTestService", "Application": "Crud.Api"}
[04:18:41 INF] Current database state - CanConnect: True {"SourceContext": "Infrastructure.Services.DatabaseTestService", "Application": "Crud.Api"}
[04:18:41 INF] [Phase 0] Closing database connection for worker 15164... {"SourceContext": "Infrastructure.Services.DatabaseTestService", "Application": "Crud.Api"}
[04:18:41 INF] [Phase 0] Connection closed in 0.0006ms {"SourceContext": "Infrastructure.Services.DatabaseTestService", "Application": "Crud.Api"}
[04:18:41 INF] [Phase 1] Starting EnsureDeletedAsync for worker 15164... {"SourceContext": "Infrastructure.Services.DatabaseTestService", "Application": "Crud.Api"}
[04:18:41 INF] [Phase 1] EnsureDeletedAsync completed in 1.1111ms {"SourceContext": "Infrastructure.Services.DatabaseTestService", "Application": "Crud.Api"}
[04:18:41 INF] [Phase 2] Starting EnsureCreatedAsync for worker 15164... {"SourceContext": "Infrastructure.Services.DatabaseTestService", "Application": "Crud.Api"}
[04:18:41 INF] [Phase 2] EnsureCreatedAsync completed in 7.0598ms {"SourceContext": "Infrastructure.Services.DatabaseTestService", "Application": "Crud.Api"}
[04:18:41 INF] [Phase 3] Skipping database seeding as requested for worker 15164 {"SourceContext": "Infrastructure.Services.DatabaseTestService", "Application": "Crud.Api"}
[04:18:41 INF] Database reset via file deletion completed for worker 15164 in 108.6222ms (Close: 0.0006ms, Delete: 1.1111ms, Create: 7.0598ms) {"SourceContext": "Infrastructure.Services.DatabaseTestService", "Application": "Crud.Api"}
[04:18:41 INF] Releasing database mutex for worker 15164 {"SourceContext": "Infrastructure.Services.DatabaseTestService", "Application": "Crud.Api"}
[04:18:41 INF] User registered successfully: d8107a42-12d2-4f43-a734-edc475d3a86f {"SourceContext": "App.Features.Authentication.RegisterUserCommandHandler", "ActionId": "9096c718-56b6-41c7-96a3-4b85b1a2f796", "ActionName": "Api.Controllers.AuthController.Register (Api)", "RequestId": "0HNFGT8MUJPBI", "RequestPath": "/api/auth/register", "Application": "Crud.Api"}
Activity.TraceId:            ac0a81f797bbfbe5e21f28a4acf5a58b
Activity.SpanId:             4e2e6b1a92ae153b
Activity.TraceFlags:         Recorded
Activity.ActivitySourceName: Microsoft.AspNetCore
Activity.DisplayName:        POST api/Auth/register
Activity.Kind:               Server
Activity.StartTime:          2025-09-11T04:18:41.5833846Z
Activity.Duration:           00:00:00.2983837
Activity.Tags:
    server.address: localhost
    http.request.method: POST
    url.scheme: http
    url.path: /api/auth/register
    network.protocol.version: 1.1
    http.route: api/Auth/register
    http.response.status_code: 200
Resource associated with Activity:
    deployment.environment: Testing
    service.name: Crud.Api
    service.version: 1.0.0
    service.instance.id: 8958bff5-028e-43b0-8103-5553bc095d18
    telemetry.sdk.name: opentelemetry
    telemetry.sdk.language: dotnet
    telemetry.sdk.version: 1.8.1
Resource associated with Metric:
    deployment.environment: Testing
    service.name: Crud.Api
    service.version: 1.0.0
    service.instance.id: 8958bff5-028e-43b0-8103-5553bc095d18
    telemetry.sdk.name: opentelemetry
    telemetry.sdk.language: dotnet
    telemetry.sdk.version: 1.8.1
Metric Name: http.server.active_requests, Number of active HTTP server requests., Unit: {request}, Meter: Microsoft.AspNetCore.Hosting
(2025-09-11T04:18:32.1296119Z, 2025-09-11T04:18:42.1296333Z] http.request.method: POST url.scheme: http LongSumNonMonotonic
Value: 1
(2025-09-11T04:18:32.1296119Z, 2025-09-11T04:18:42.1296333Z] http.request.method: GET url.scheme: http LongSumNonMonotonic
Value: 0
(2025-09-11T04:18:32.1296119Z, 2025-09-11T04:18:42.1296333Z] http.request.method: PUT url.scheme: http LongSumNonMonotonic
Value: 0
(2025-09-11T04:18:32.1296119Z, 2025-09-11T04:18:42.1296333Z] http.request.method: DELETE url.scheme: http LongSumNonMonotonic
Value: 0
Metric Name: http.server.request.duration, Duration of HTTP server requests., Unit: s, Meter: Microsoft.AspNetCore.Hosting
(2025-09-11T04:18:32.1296323Z, 2025-09-11T04:18:42.1296364Z] http.request.method: POST http.response.status_code: 200 http.route: api/Auth/register network.protocol.version: 1.1 url.scheme: http Histogram
Value: Sum: 4.2339512 Count: 14 Min: 0.2974128 Max: 0.3337682 
(-Infinity,0.005]:0
(0.005,0.01]:0
(0.01,0.025]:0
(0.025,0.05]:0
(0.05,0.075]:0
(0.075,0.1]:0
(0.1,0.25]:0
(0.25,0.5]:14
(0.5,0.75]:0
(0.75,1]:0
(1,2.5]:0
(2.5,5]:0
(5,7.5]:0
(7.5,10]:0
(10,+Infinity]:0
(2025-09-11T04:18:32.1296323Z, 2025-09-11T04:18:42.1296364Z] http.request.method: POST http.response.status_code: 200 http.route: api/Auth/login network.protocol.version: 1.1 url.scheme: http Histogram
Value: Sum: 2.3947338 Count: 8 Min: 0.2975126 Max: 0.3033921 
(-Infinity,0.005]:0
(0.005,0.01]:0
(0.01,0.025]:0
(0.025,0.05]:0
(0.05,0.075]:0
(0.075,0.1]:0
(0.1,0.25]:0
(0.25,0.5]:8
(0.5,0.75]:0
(0.75,1]:0
(1,2.5]:0
(2.5,5]:0
(5,7.5]:0
(7.5,10]:0
(10,+Infinity]:0
(2025-09-11T04:18:32.1296323Z, 2025-09-11T04:18:42.1296364Z] http.request.method: POST http.response.status_code: 201 http.route: api/Roles network.protocol.version: 1.1 url.scheme: http Histogram
Value: Sum: 0.0157495 Count: 3 Min: 0.0016715 Max: 0.0107959 
(-Infinity,0.005]:2
(0.005,0.01]:0
(0.01,0.025]:1
(0.025,0.05]:0
(0.05,0.075]:0
(0.075,0.1]:0
(0.1,0.25]:0
(0.25,0.5]:0
(0.5,0.75]:0
(0.75,1]:0
(1,2.5]:0
(2.5,5]:0
(5,7.5]:0
(7.5,10]:0
(10,+Infinity]:0
(2025-09-11T04:18:32.1296323Z, 2025-09-11T04:18:42.1296364Z] http.request.method: POST http.response.status_code: 201 http.route: api/People network.protocol.version: 1.1 url.scheme: http Histogram
Value: Sum: 0.0311099 Count: 6 Min: 0.0013083 Max: 0.0193991 
(-Infinity,0.005]:5
(0.005,0.01]:0
(0.01,0.025]:1
(0.025,0.05]:0
(0.05,0.075]:0
(0.075,0.1]:0
(0.1,0.25]:0
(0.25,0.5]:0
(0.5,0.75]:0
(0.75,1]:0
(1,2.5]:0
(2.5,5]:0
(5,7.5]:0
(7.5,10]:0
(10,+Infinity]:0
(2025-09-11T04:18:32.1296323Z, 2025-09-11T04:18:42.1296364Z] http.request.method: GET http.response.status_code: 200 http.route: api/People network.protocol.version: 1.1 url.scheme: http Histogram
Value: Sum: 0.0075949 Count: 1 Min: 0.0075949 Max: 0.0075949 
(-Infinity,0.005]:0
(0.005,0.01]:1
(0.01,0.025]:0
(0.025,0.05]:0
(0.05,0.075]:0
(0.075,0.1]:0
(0.1,0.25]:0
(0.25,0.5]:0
(0.5,0.75]:0
(0.75,1]:0
(1,2.5]:0
(2.5,5]:0
(5,7.5]:0
(7.5,10]:0
(10,+Infinity]:0
(2025-09-11T04:18:32.1296323Z, 2025-09-11T04:18:42.1296364Z] http.request.method: POST http.response.status_code: 400 http.route: api/People network.protocol.version: 1.1 url.scheme: http Histogram
Value: Sum: 0.0020052 Count: 1 Min: 0.0020052 Max: 0.0020052 
(-Infinity,0.005]:1
(0.005,0.01]:0
(0.01,0.025]:0
(0.025,0.05]:0
(0.05,0.075]:0
(0.075,0.1]:0
(0.1,0.25]:0
(0.25,0.5]:0
(0.5,0.75]:0
(0.75,1]:0
(1,2.5]:0
(2.5,5]:0
(5,7.5]:0
(7.5,10]:0
(10,+Infinity]:0
(2025-09-11T04:18:32.1296323Z, 2025-09-11T04:18:42.1296364Z] http.request.method: PUT http.response.status_code: 204 http.route: api/People/{id:guid} network.protocol.version: 1.1 url.scheme: http Histogram
Value: Sum: 0.0056498 Count: 1 Min: 0.0056498 Max: 0.0056498 
(-Infinity,0.005]:0
(0.005,0.01]:1
(0.01,0.025]:0
(0.025,0.05]:0
(0.05,0.075]:0
(0.075,0.1]:0
(0.1,0.25]:0
(0.25,0.5]:0
(0.5,0.75]:0
(0.75,1]:0
(1,2.5]:0
(2.5,5]:0
(5,7.5]:0
(7.5,10]:0
(10,+Infinity]:0
(2025-09-11T04:18:32.1296323Z, 2025-09-11T04:18:42.1296364Z] http.request.method: GET http.response.status_code: 200 http.route: api/People/{id:guid} network.protocol.version: 1.1 url.scheme: http Histogram
Value: Sum: 0.0057383 Count: 3 Min: 0.0008862 Max: 0.0032534 
(-Infinity,0.005]:3
(0.005,0.01]:0
(0.01,0.025]:0
(0.025,0.05]:0
(0.05,0.075]:0
(0.075,0.1]:0
(0.1,0.25]:0
(0.25,0.5]:0
(0.5,0.75]:0
(0.75,1]:0
(1,2.5]:0
(2.5,5]:0
(5,7.5]:0
(7.5,10]:0
(10,+Infinity]:0
(2025-09-11T04:18:32.1296323Z, 2025-09-11T04:18:42.1296364Z] http.request.method: GET http.response.status_code: 401 http.route: api/People network.protocol.version: 1.1 url.scheme: http Histogram
Value: Sum: 0.0002946 Count: 1 Min: 0.0002946 Max: 0.0002946 
(-Infinity,0.005]:1
(0.005,0.01]:0
(0.01,0.025]:0
(0.025,0.05]:0
(0.05,0.075]:0
(0.075,0.1]:0
(0.1,0.25]:0
(0.25,0.5]:0
(0.5,0.75]:0
(0.75,1]:0
(1,2.5]:0
(2.5,5]:0
(5,7.5]:0
(7.5,10]:0
(10,+Infinity]:0
(2025-09-11T04:18:32.1296323Z, 2025-09-11T04:18:42.1296364Z] http.request.method: POST http.response.status_code: 401 http.route: api/People network.protocol.version: 1.1 url.scheme: http Histogram
Value: Sum: 0.0001631 Count: 1 Min: 0.0001631 Max: 0.0001631 
(-Infinity,0.005]:1
(0.005,0.01]:0
(0.01,0.025]:0
(0.025,0.05]:0
(0.05,0.075]:0
(0.075,0.1]:0
(0.1,0.25]:0
(0.25,0.5]:0
(0.5,0.75]:0
(0.75,1]:0
(1,2.5]:0
(2.5,5]:0
(5,7.5]:0
(7.5,10]:0
(10,+Infinity]:0
(2025-09-11T04:18:32.1296323Z, 2025-09-11T04:18:42.1296364Z] http.request.method: GET http.response.status_code: 404 http.route: api/People/{id:guid} network.protocol.version: 1.1 url.scheme: http Histogram
Value: Sum: 0.0055348 Count: 1 Min: 0.0055348 Max: 0.0055348 
(-Infinity,0.005]:0
(0.005,0.01]:1
(0.01,0.025]:0
(0.025,0.05]:0
(0.05,0.075]:0
(0.075,0.1]:0
(0.1,0.25]:0
(0.25,0.5]:0
(0.5,0.75]:0
(0.75,1]:0
(1,2.5]:0
(2.5,5]:0
(5,7.5]:0
(7.5,10]:0
(10,+Infinity]:0
(2025-09-11T04:18:32.1296323Z, 2025-09-11T04:18:42.1296364Z] http.request.method: POST http.response.status_code: 403 http.route: api/People network.protocol.version: 1.1 url.scheme: http Histogram
Value: Sum: 0.0009486 Count: 1 Min: 0.0009486 Max: 0.0009486 
(-Infinity,0.005]:1
(0.005,0.01]:0
(0.01,0.025]:0
(0.025,0.05]:0
(0.05,0.075]:0
(0.075,0.1]:0
(0.1,0.25]:0
(0.25,0.5]:0
(0.5,0.75]:0
(0.75,1]:0
(1,2.5]:0
(2.5,5]:0
(5,7.5]:0
(7.5,10]:0
(10,+Infinity]:0
(2025-09-11T04:18:32.1296323Z, 2025-09-11T04:18:42.1296364Z] http.request.method: DELETE http.response.status_code: 204 http.route: api/People/{id:guid} network.protocol.version: 1.1 url.scheme: http Histogram
Value: Sum: 0.0080103 Count: 1 Min: 0.0080103 Max: 0.0080103 
(-Infinity,0.005]:0
(0.005,0.01]:1
(0.01,0.025]:0
(0.025,0.05]:0
(0.05,0.075]:0
(0.075,0.1]:0
(0.1,0.25]:0
(0.25,0.5]:0
(0.5,0.75]:0
(0.75,1]:0
(1,2.5]:0
(2.5,5]:0
(5,7.5]:0
(7.5,10]:0
(10,+Infinity]:0
Metric Name: aspnetcore.rate_limiting.active_request_leases, Number of HTTP requests that are currently active on the server that hold a rate limiting lease., Unit: {request}, Meter: Microsoft.AspNetCore.RateLimiting
(2025-09-11T04:18:32.1315017Z, 2025-09-11T04:18:42.1296367Z] LongSumNonMonotonic
Value: 1
Metric Name: aspnetcore.rate_limiting.request_lease.duration, The duration of rate limiting leases held by HTTP requests on the server., Unit: s, Meter: Microsoft.AspNetCore.RateLimiting
(2025-09-11T04:18:32.1315266Z, 2025-09-11T04:18:42.1296370Z] Histogram
Value: Sum: 6.7054510999999986 Count: 42 Min: 9.63E-05 Max: 0.3337067 
(-Infinity,0.005]:14
(0.005,0.01]:4
(0.01,0.025]:2
(0.025,0.05]:0
(0.05,0.075]:0
(0.075,0.1]:0
(0.1,0.25]:0
(0.25,0.5]:22
(0.5,0.75]:0
(0.75,1]:0
(1,2.5]:0
(2.5,5]:0
(5,7.5]:0
(7.5,10]:0
(10,+Infinity]:0
Metric Name: aspnetcore.rate_limiting.requests, Number of requests that tried to acquire a rate limiting lease. Requests could be rejected by global or endpoint rate limiting policies. Or the request could be canceled while waiting for the lease., Unit: {request}, Meter: Microsoft.AspNetCore.RateLimiting
(2025-09-11T04:18:32.1315929Z, 2025-09-11T04:18:42.1296384Z] aspnetcore.rate_limiting.result: acquired LongSum
Value: 42
Metric Name: aspnetcore.routing.match_attempts, Number of requests that were attempted to be matched to an endpoint., Unit: {match_attempt}, Meter: Microsoft.AspNetCore.Routing
(2025-09-11T04:18:32.1323391Z, 2025-09-11T04:18:42.1296386Z] aspnetcore.routing.is_fallback: false aspnetcore.routing.match_status: success http.route: api/Auth/register LongSum
Value: 14
(2025-09-11T04:18:32.1323391Z, 2025-09-11T04:18:42.1296386Z] aspnetcore.routing.is_fallback: false aspnetcore.routing.match_status: success http.route: api/Auth/login LongSum
Value: 9
(2025-09-11T04:18:32.1323391Z, 2025-09-11T04:18:42.1296386Z] aspnetcore.routing.is_fallback: false aspnetcore.routing.match_status: success http.route: api/Roles LongSum
Value: 3
(2025-09-11T04:18:32.1323391Z, 2025-09-11T04:18:42.1296386Z] aspnetcore.routing.is_fallback: false aspnetcore.routing.match_status: success http.route: api/People LongSum
Value: 11
(2025-09-11T04:18:32.1323391Z, 2025-09-11T04:18:42.1296386Z] aspnetcore.routing.is_fallback: false aspnetcore.routing.match_status: success http.route: api/People/{id:guid} LongSum
Value: 6
[04:18:42 INF] User logged in successfully: d8107a42-12d2-4f43-a734-edc475d3a86f {"SourceContext": "App.Features.Authentication.LoginCommandHandler", "ActionId": "d978f069-a869-4c6a-a293-782d2c390f83", "ActionName": "Api.Controllers.AuthController.Login (Api)", "RequestId": "0HNFGT8MUJPBJ", "RequestPath": "/api/auth/login", "Application": "Crud.Api"}
Activity.TraceId:            806243b4c2f7e6cb515b08506450c10e
Activity.SpanId:             001751aed4e4954f
Activity.TraceFlags:         Recorded
Activity.ActivitySourceName: Microsoft.AspNetCore
Activity.DisplayName:        POST api/Auth/login
Activity.Kind:               Server
Activity.StartTime:          2025-09-11T04:18:41.8825803Z
Activity.Duration:           00:00:00.2982152
Activity.Tags:
    server.address: localhost
    http.request.method: POST
    url.scheme: http
    url.path: /api/auth/login
    network.protocol.version: 1.1
    http.route: api/Auth/login
    http.response.status_code: 200
Resource associated with Activity:
    deployment.environment: Testing
    service.name: Crud.Api
    service.version: 1.0.0
    service.instance.id: 8958bff5-028e-43b0-8103-5553bc095d18
    telemetry.sdk.name: opentelemetry
    telemetry.sdk.language: dotnet
    telemetry.sdk.version: 1.8.1
[04:18:42 DBG] Removed cache value for key: entity:person:779c2eb0236b4f4f8436fd5096f9e316 {"SourceContext": "Infrastructure.Services.Caching.InMemoryCacheService", "ActionId": "9954ae4e-f02d-4e47-ba4d-f7949f2e419a", "ActionName": "Api.Controllers.PeopleController.Create (Api)", "RequestId": "0HNFGT8MUJPBK", "RequestPath": "/api/people", "Application": "Crud.Api"}
[04:18:42 DBG] Removed cache value for key: list:person {"SourceContext": "Infrastructure.Services.Caching.InMemoryCacheService", "ActionId": "9954ae4e-f02d-4e47-ba4d-f7949f2e419a", "ActionName": "Api.Controllers.PeopleController.Create (Api)", "RequestId": "0HNFGT8MUJPBK", "RequestPath": "/api/people", "Application": "Crud.Api"}
[04:18:42 DBG] Invalidating cache for entity type: people with tag: people {"SourceContext": "Api.Services.OutputCacheInvalidationService", "ActionId": "9954ae4e-f02d-4e47-ba4d-f7949f2e419a", "ActionName": "Api.Controllers.PeopleController.Create (Api)", "RequestId": "0HNFGT8MUJPBK", "RequestPath": "/api/people", "Application": "Crud.Api"}
[04:18:42 INF] Successfully invalidated cache for entity type: people {"SourceContext": "Api.Services.OutputCacheInvalidationService", "ActionId": "9954ae4e-f02d-4e47-ba4d-f7949f2e419a", "ActionName": "Api.Controllers.PeopleController.Create (Api)", "RequestId": "0HNFGT8MUJPBK", "RequestPath": "/api/people", "Application": "Crud.Api"}
Activity.TraceId:            4199eae894cc74736a5f1ecde4a32d32
Activity.SpanId:             4724460bb1178a9c
Activity.TraceFlags:         Recorded
Activity.ActivitySourceName: Microsoft.AspNetCore
Activity.DisplayName:        POST api/People
Activity.Kind:               Server
Activity.StartTime:          2025-09-11T04:18:42.1812942Z
Activity.Duration:           00:00:00.0016383
Activity.Tags:
    server.address: localhost
    http.request.method: POST
    url.scheme: http
    url.path: /api/people
    network.protocol.version: 1.1
    http.route: api/People
    http.response.status_code: 201
Resource associated with Activity:
    deployment.environment: Testing
    service.name: Crud.Api
    service.version: 1.0.0
    service.instance.id: 8958bff5-028e-43b0-8103-5553bc095d18
    telemetry.sdk.name: opentelemetry
    telemetry.sdk.language: dotnet
    telemetry.sdk.version: 1.8.1
[04:18:42 DBG] Removed cache value for key: entity:person:779c2eb0236b4f4f8436fd5096f9e316 {"SourceContext": "Infrastructure.Services.Caching.InMemoryCacheService", "ActionId": "e075360e-522c-4b00-b234-d667bd47f918", "ActionName": "Api.Controllers.PeopleController.Delete (Api)", "RequestId": "0HNFGT8MUJPBL", "RequestPath": "/api/people/779c2eb0-236b-4f4f-8436-fd5096f9e316", "Application": "Crud.Api"}
[04:18:42 DBG] Removed cache value for key: list:person {"SourceContext": "Infrastructure.Services.Caching.InMemoryCacheService", "ActionId": "e075360e-522c-4b00-b234-d667bd47f918", "ActionName": "Api.Controllers.PeopleController.Delete (Api)", "RequestId": "0HNFGT8MUJPBL", "RequestPath": "/api/people/779c2eb0-236b-4f4f-8436-fd5096f9e316", "Application": "Crud.Api"}
[04:18:42 DBG] Invalidating cache for entity: people/779c2eb0-236b-4f4f-8436-fd5096f9e316 with tags: people, people:779c2eb0-236b-4f4f-8436-fd5096f9e316 {"SourceContext": "Api.Services.OutputCacheInvalidationService", "ActionId": "e075360e-522c-4b00-b234-d667bd47f918", "ActionName": "Api.Controllers.PeopleController.Delete (Api)", "RequestId": "0HNFGT8MUJPBL", "RequestPath": "/api/people/779c2eb0-236b-4f4f-8436-fd5096f9e316", "Application": "Crud.Api"}
[04:18:42 DBG] Successfully invalidated cache for tag: people {"SourceContext": "Api.Services.OutputCacheInvalidationService", "ActionId": "e075360e-522c-4b00-b234-d667bd47f918", "ActionName": "Api.Controllers.PeopleController.Delete (Api)", "RequestId": "0HNFGT8MUJPBL", "RequestPath": "/api/people/779c2eb0-236b-4f4f-8436-fd5096f9e316", "Application": "Crud.Api"}
[04:18:42 DBG] Successfully invalidated cache for tag: people:779c2eb0-236b-4f4f-8436-fd5096f9e316 {"SourceContext": "Api.Services.OutputCacheInvalidationService", "ActionId": "e075360e-522c-4b00-b234-d667bd47f918", "ActionName": "Api.Controllers.PeopleController.Delete (Api)", "RequestId": "0HNFGT8MUJPBL", "RequestPath": "/api/people/779c2eb0-236b-4f4f-8436-fd5096f9e316", "Application": "Crud.Api"}
Activity.TraceId:            d2056746dafb365f8233e84ff2241382
Activity.SpanId:             6382805c0b70ed2d
Activity.TraceFlags:         Recorded
Activity.ActivitySourceName: Microsoft.AspNetCore
Activity.DisplayName:        DELETE api/People/{id:guid}
Activity.Kind:               Server
Activity.StartTime:          2025-09-11T04:18:42.1831530Z
Activity.Duration:           00:00:00.0016939
Activity.Tags:
    server.address: localhost
    http.request.method: DELETE
    url.scheme: http
    url.path: /api/people/779c2eb0-236b-4f4f-8436-fd5096f9e316
    network.protocol.version: 1.1
    http.route: api/People/{id:guid}
    http.response.status_code: 204
Resource associated with Activity:
    deployment.environment: Testing
    service.name: Crud.Api
    service.version: 1.0.0
    service.instance.id: 8958bff5-028e-43b0-8103-5553bc095d18
    telemetry.sdk.name: opentelemetry
    telemetry.sdk.language: dotnet
    telemetry.sdk.version: 1.8.1
[04:18:42 DBG] Cache miss for key: entity:person:779c2eb0236b4f4f8436fd5096f9e316 {"SourceContext": "Infrastructure.Services.Caching.InMemoryCacheService", "ActionId": "e96866c3-886d-4043-8bb3-174dbc787548", "ActionName": "Api.Controllers.PeopleController.Get (Api)", "RequestId": "0HNFGT8MUJPBM", "RequestPath": "/api/people/779c2eb0-236b-4f4f-8436-fd5096f9e316", "Application": "Crud.Api"}
Activity.TraceId:            2c44d604213db7ace3c87cab42a5d49b
Activity.SpanId:             5161c7917b36dde6
Activity.TraceFlags:         Recorded
Activity.ActivitySourceName: Microsoft.AspNetCore
Activity.DisplayName:        GET api/People/{id:guid}
Activity.Kind:               Server
Activity.StartTime:          2025-09-11T04:18:42.1849005Z
Activity.Duration:           00:00:00.0007165
Activity.Tags:
    server.address: localhost
    http.request.method: GET
    url.scheme: http
    url.path: /api/people/779c2eb0-236b-4f4f-8436-fd5096f9e316
    network.protocol.version: 1.1
    http.route: api/People/{id:guid}
    http.response.status_code: 404
Resource associated with Activity:
    deployment.environment: Testing
    service.name: Crud.Api
    service.version: 1.0.0
    service.instance.id: 8958bff5-028e-43b0-8103-5553bc095d18
    telemetry.sdk.name: opentelemetry
    telemetry.sdk.language: dotnet
    telemetry.sdk.version: 1.8.1
[04:18:42 INF] Resetting database for worker 15164 {"SourceContext": "Infrastructure.Services.DatabaseTestService", "Application": "Crud.Api"}
[04:18:42 INF] Resetting database via file deletion for worker 15164 in CI environment {"SourceContext": "Infrastructure.Services.DatabaseTestService", "Application": "Crud.Api"}
[04:18:42 INF] Acquiring database mutex for worker 15164... {"SourceContext": "Infrastructure.Services.DatabaseTestService", "Application": "Crud.Api"}
[04:18:42 INF] Database mutex acquired for worker 15164 {"SourceContext": "Infrastructure.Services.DatabaseTestService", "Application": "Crud.Api"}
[04:18:42 INF] Current database state - CanConnect: True {"SourceContext": "Infrastructure.Services.DatabaseTestService", "Application": "Crud.Api"}
[04:18:42 INF] [Phase 0] Closing database connection for worker 15164... {"SourceContext": "Infrastructure.Services.DatabaseTestService", "Application": "Crud.Api"}
[04:18:42 INF] [Phase 0] Connection closed in 0.0005ms {"SourceContext": "Infrastructure.Services.DatabaseTestService", "Application": "Crud.Api"}
[04:18:42 INF] [Phase 1] Starting EnsureDeletedAsync for worker 15164... {"SourceContext": "Infrastructure.Services.DatabaseTestService", "Application": "Crud.Api"}
[04:18:42 INF] [Phase 1] EnsureDeletedAsync completed in 1.2426ms {"SourceContext": "Infrastructure.Services.DatabaseTestService", "Application": "Crud.Api"}
[04:18:42 INF] [Phase 2] Starting EnsureCreatedAsync for worker 15164... {"SourceContext": "Infrastructure.Services.DatabaseTestService", "Application": "Crud.Api"}
[04:18:42 INF] [Phase 2] EnsureCreatedAsync completed in 7.346ms {"SourceContext": "Infrastructure.Services.DatabaseTestService", "Application": "Crud.Api"}
[04:18:42 INF] [Phase 3] Skipping database seeding as requested for worker 15164 {"SourceContext": "Infrastructure.Services.DatabaseTestService", "Application": "Crud.Api"}
[04:18:42 INF] Database reset via file deletion completed for worker 15164 in 107.534ms (Close: 0.0005ms, Delete: 1.2426ms, Create: 7.346ms) {"SourceContext": "Infrastructure.Services.DatabaseTestService", "Application": "Crud.Api"}
[04:18:42 INF] Releasing database mutex for worker 15164 {"SourceContext": "Infrastructure.Services.DatabaseTestService", "Application": "Crud.Api"}
[04:18:42 INF] Resetting database for worker 15164 {"SourceContext": "Infrastructure.Services.DatabaseTestService", "Application": "Crud.Api"}
[04:18:42 INF] Resetting database via file deletion for worker 15164 in CI environment {"SourceContext": "Infrastructure.Services.DatabaseTestService", "Application": "Crud.Api"}
[04:18:42 INF] Acquiring database mutex for worker 15164... {"SourceContext": "Infrastructure.Services.DatabaseTestService", "Application": "Crud.Api"}
[04:18:42 INF] Database mutex acquired for worker 15164 {"SourceContext": "Infrastructure.Services.DatabaseTestService", "Application": "Crud.Api"}
[04:18:42 INF] Current database state - CanConnect: True {"SourceContext": "Infrastructure.Services.DatabaseTestService", "Application": "Crud.Api"}
[04:18:42 INF] [Phase 0] Closing database connection for worker 15164... {"SourceContext": "Infrastructure.Services.DatabaseTestService", "Application": "Crud.Api"}
[04:18:42 INF] [Phase 0] Connection closed in 0.0006ms {"SourceContext": "Infrastructure.Services.DatabaseTestService", "Application": "Crud.Api"}
[04:18:42 INF] [Phase 1] Starting EnsureDeletedAsync for worker 15164... {"SourceContext": "Infrastructure.Services.DatabaseTestService", "Application": "Crud.Api"}
[04:18:42 INF] [Phase 1] EnsureDeletedAsync completed in 1.3336ms {"SourceContext": "Infrastructure.Services.DatabaseTestService", "Application": "Crud.Api"}
[04:18:42 INF] [Phase 2] Starting EnsureCreatedAsync for worker 15164... {"SourceContext": "Infrastructure.Services.DatabaseTestService", "Application": "Crud.Api"}
[04:18:42 INF] [Phase 2] EnsureCreatedAsync completed in 7.6878ms {"SourceContext": "Infrastructure.Services.DatabaseTestService", "Application": "Crud.Api"}
[04:18:42 INF] [Phase 3] Skipping database seeding as requested for worker 15164 {"SourceContext": "Infrastructure.Services.DatabaseTestService", "Application": "Crud.Api"}
[04:18:42 INF] Database reset via file deletion completed for worker 15164 in 109.2736ms (Close: 0.0006ms, Delete: 1.3336ms, Create: 7.6878ms) {"SourceContext": "Infrastructure.Services.DatabaseTestService", "Application": "Crud.Api"}
[04:18:42 INF] Releasing database mutex for worker 15164 {"SourceContext": "Infrastructure.Services.DatabaseTestService", "Application": "Crud.Api"}
[04:18:42 INF] User registered successfully: d7168496-be86-420d-bb4f-49b3d79b5065 {"SourceContext": "App.Features.Authentication.RegisterUserCommandHandler", "ActionId": "9096c718-56b6-41c7-96a3-4b85b1a2f796", "ActionName": "Api.Controllers.AuthController.Register (Api)", "RequestId": "0HNFGT8MUJPBN", "RequestPath": "/api/auth/register", "Application": "Crud.Api"}
Activity.TraceId:            acc1c63c84714c7a54bf48edb901bec2
Activity.SpanId:             40ab77382fa8781f
Activity.TraceFlags:         Recorded
Activity.ActivitySourceName: Microsoft.AspNetCore
Activity.DisplayName:        POST api/Auth/register
Activity.Kind:               Server
Activity.StartTime:          2025-09-11T04:18:42.4057542Z
Activity.Duration:           00:00:00.2975983
Activity.Tags:
    server.address: localhost
    http.request.method: POST
    url.scheme: http
    url.path: /api/auth/register
    network.protocol.version: 1.1
    http.route: api/Auth/register
    http.response.status_code: 200
Resource associated with Activity:
    deployment.environment: Testing
    service.name: Crud.Api
    service.version: 1.0.0
    service.instance.id: 8958bff5-028e-43b0-8103-5553bc095d18
    telemetry.sdk.name: opentelemetry
    telemetry.sdk.language: dotnet
    telemetry.sdk.version: 1.8.1
[04:18:43 INF] User logged in successfully: d7168496-be86-420d-bb4f-49b3d79b5065 {"SourceContext": "App.Features.Authentication.LoginCommandHandler", "ActionId": "d978f069-a869-4c6a-a293-782d2c390f83", "ActionName": "Api.Controllers.AuthController.Login (Api)", "RequestId": "0HNFGT8MUJPBO", "RequestPath": "/api/auth/login", "Application": "Crud.Api"}
Activity.TraceId:            36bd587b6d40aee2a9b4e5feb5e66270
Activity.SpanId:             dd595840d2746f7f
Activity.TraceFlags:         Recorded
Activity.ActivitySourceName: Microsoft.AspNetCore
Activity.DisplayName:        POST api/Auth/login
Activity.Kind:               Server
Activity.StartTime:          2025-09-11T04:18:42.7043447Z
Activity.Duration:           00:00:00.2975813
Activity.Tags:
    server.address: localhost
    http.request.method: POST
    url.scheme: http
    url.path: /api/auth/login
    network.protocol.version: 1.1
    http.route: api/Auth/login
    http.response.status_code: 200
Resource associated with Activity:
    deployment.environment: Testing
    service.name: Crud.Api
    service.version: 1.0.0
    service.instance.id: 8958bff5-028e-43b0-8103-5553bc095d18
    telemetry.sdk.name: opentelemetry
    telemetry.sdk.language: dotnet
    telemetry.sdk.version: 1.8.1
[04:18:43 DBG] Cache miss for key: entity:person:36082f5b63824950b9041595ab22015d {"SourceContext": "Infrastructure.Services.Caching.InMemoryCacheService", "ActionId": "b5dace80-5cf4-4b76-a6a8-8f6d74b2f20c", "ActionName": "Api.Controllers.PeopleController.Update (Api)", "RequestId": "0HNFGT8MUJPBP", "RequestPath": "/api/people/36082f5b-6382-4950-b904-1595ab22015d", "Application": "Crud.Api"}
[04:18:43 ERR] An unhandled exception occurred during request PUT /api/people/36082f5b-6382-4950-b904-1595ab22015d. Request ID: 0HNFGT8MUJPBP, User: Anonymous {"SourceContext": "Api.Middleware.GlobalExceptionHandlingMiddleware", "RequestPath": "/api/people/36082f5b-6382-4950-b904-1595ab22015d", "Application": "Crud.Api"}
System.Collections.Generic.KeyNotFoundException: Person 36082f5b-6382-4950-b904-1595ab22015d not found
   at App.Features.People.UpdatePersonCommandHandler.Handle(UpdatePersonCommand request, CancellationToken cancellationToken) in /home/runner/work/Crud/Crud/src/App/Features/People/CommandHandlers.cs:line 31
   at MediatR.Wrappers.RequestHandlerWrapperImpl`1.&lt;&gt;c__DisplayClass1_0.&lt;&lt;Handle&gt;g__Handler|0&gt;d.MoveNext()
--- End of stack trace from previous location ---
   at Api.Controllers.PeopleController.Update(Guid id, UpdatePersonRequest request, CancellationToken ct) in /home/runner/work/Crud/Crud/src/Api/Controllers/PeopleController.cs:line 91
   at Microsoft.AspNetCore.Mvc.Infrastructure.ActionMethodExecutor.TaskOfIActionResultExecutor.Execute(ActionContext actionContext, IActionResultTypeMapper mapper, ObjectMethodExecutor executor, Object controller, Object[] arguments)
   at Microsoft.AspNetCore.Mvc.Infrastructure.ControllerActionInvoker.&lt;InvokeActionMethodAsync&gt;g__Logged|12_1(ControllerActionInvoker invoker)
   at Microsoft.AspNetCore.Mvc.Infrastructure.ControllerActionInvoker.&lt;InvokeNextActionFilterAsync&gt;g__Awaited|10_0(ControllerActionInvoker invoker, Task lastTask, State next, Scope scope, Object state, Boolean isCompleted)
   at Microsoft.AspNetCore.Mvc.Infrastructure.ControllerActionInvoker.Rethrow(ActionExecutedContextSealed context)
   at Microsoft.AspNetCore.Mvc.Infrastructure.ControllerActionInvoker.Next(State&amp; next, Scope&amp; scope, Object&amp; state, Boolean&amp; isCompleted)
   at Microsoft.AspNetCore.Mvc.Infrastructure.ControllerActionInvoker.InvokeInnerFilterAsync()
--- End of stack trace from previous location ---
   at Microsoft.AspNetCore.Mvc.Infrastructure.ResourceInvoker.&lt;InvokeFilterPipelineAsync&gt;g__Awaited|20_0(ResourceInvoker invoker, Task lastTask, State next, Scope scope, Object state, Boolean isCompleted)
   at Microsoft.AspNetCore.Mvc.Infrastructure.ResourceInvoker.&lt;InvokeAsync&gt;g__Logged|17_1(ResourceInvoker invoker)
   at Microsoft.AspNetCore.Mvc.Infrastructure.ResourceInvoker.&lt;InvokeAsync&gt;g__Logged|17_1(ResourceInvoker invoker)
   at Microsoft.AspNetCore.Authorization.AuthorizationMiddleware.Invoke(HttpContext context)
   at Microsoft.AspNetCore.Authentication.AuthenticationMiddleware.Invoke(HttpContext context)
   at Microsoft.AspNetCore.RateLimiting.RateLimitingMiddleware.InvokeInternal(HttpContext context, EnableRateLimitingAttribute enableRateLimitingAttribute)
   at Api.Middleware.GlobalExceptionHandlingMiddleware.InvokeAsync(HttpContext context) in /home/runner/work/Crud/Crud/src/Api/Middleware/GlobalExceptionHandlingMiddleware.cs:line 27
Activity.TraceId:            9086d8ad89632fbfadf87889a14cfa5c
Activity.SpanId:             8eef7c1e373b9fc6
Activity.TraceFlags:         Recorded
Activity.ActivitySourceName: Microsoft.AspNetCore
Activity.DisplayName:        PUT api/People/{id:guid}
Activity.Kind:               Server
Activity.StartTime:          2025-09-11T04:18:43.0024014Z
Activity.Duration:           00:00:00.0018798
Activity.Tags:
    server.address: localhost
    http.request.method: PUT
    url.scheme: http
    url.path: /api/people/36082f5b-6382-4950-b904-1595ab22015d
    network.protocol.version: 1.1
    http.route: api/People/{id:guid}
    http.response.status_code: 404
Resource associated with Activity:
    deployment.environment: Testing
    service.name: Crud.Api
    service.version: 1.0.0
    service.instance.id: 8958bff5-028e-43b0-8103-5553bc095d18
    telemetry.sdk.name: opentelemetry
    telemetry.sdk.language: dotnet
    telemetry.sdk.version: 1.8.1
[04:18:43 INF] Resetting database for worker 15164 {"SourceContext": "Infrastructure.Services.DatabaseTestService", "Application": "Crud.Api"}
[04:18:43 INF] Resetting database via file deletion for worker 15164 in CI environment {"SourceContext": "Infrastructure.Services.DatabaseTestService", "Application": "Crud.Api"}
[04:18:43 INF] Acquiring database mutex for worker 15164... {"SourceContext": "Infrastructure.Services.DatabaseTestService", "Application": "Crud.Api"}
[04:18:43 INF] Database mutex acquired for worker 15164 {"SourceContext": "Infrastructure.Services.DatabaseTestService", "Application": "Crud.Api"}
[04:18:43 INF] Current database state - CanConnect: True {"SourceContext": "Infrastructure.Services.DatabaseTestService", "Application": "Crud.Api"}
[04:18:43 INF] [Phase 0] Closing database connection for worker 15164... {"SourceContext": "Infrastructure.Services.DatabaseTestService", "Application": "Crud.Api"}
[04:18:43 INF] [Phase 0] Connection closed in 0.0006ms {"SourceContext": "Infrastructure.Services.DatabaseTestService", "Application": "Crud.Api"}
[04:18:43 INF] [Phase 1] Starting EnsureDeletedAsync for worker 15164... {"SourceContext": "Infrastructure.Services.DatabaseTestService", "Application": "Crud.Api"}
[04:18:43 INF] [Phase 1] EnsureDeletedAsync completed in 1.2742ms {"SourceContext": "Infrastructure.Services.DatabaseTestService", "Application": "Crud.Api"}
[04:18:43 INF] [Phase 2] Starting EnsureCreatedAsync for worker 15164... {"SourceContext": "Infrastructure.Services.DatabaseTestService", "Application": "Crud.Api"}
[04:18:43 INF] [Phase 2] EnsureCreatedAsync completed in 7.9122ms {"SourceContext": "Infrastructure.Services.DatabaseTestService", "Application": "Crud.Api"}
[04:18:43 INF] [Phase 3] Skipping database seeding as requested for worker 15164 {"SourceContext": "Infrastructure.Services.DatabaseTestService", "Application": "Crud.Api"}
[04:18:43 INF] Database reset via file deletion completed for worker 15164 in 108.7528ms (Close: 0.0006ms, Delete: 1.2742ms, Create: 7.9122ms) {"SourceContext": "Infrastructure.Services.DatabaseTestService", "Application": "Crud.Api"}
[04:18:43 INF] Releasing database mutex for worker 15164 {"SourceContext": "Infrastructure.Services.DatabaseTestService", "Application": "Crud.Api"}
[04:18:43 INF] Resetting database for worker 15164 {"SourceContext": "Infrastructure.Services.DatabaseTestService", "Application": "Crud.Api"}
[04:18:43 INF] Resetting database via file deletion for worker 15164 in CI environment {"SourceContext": "Infrastructure.Services.DatabaseTestService", "Application": "Crud.Api"}
[04:18:43 INF] Acquiring database mutex for worker 15164... {"SourceContext": "Infrastructure.Services.DatabaseTestService", "Application": "Crud.Api"}
[04:18:43 INF] Database mutex acquired for worker 15164 {"SourceContext": "Infrastructure.Services.DatabaseTestService", "Application": "Crud.Api"}
[04:18:43 INF] Current database state - CanConnect: True {"SourceContext": "Infrastructure.Services.DatabaseTestService", "Application": "Crud.Api"}
[04:18:43 INF] [Phase 0] Closing database connection for worker 15164... {"SourceContext": "Infrastructure.Services.DatabaseTestService", "Application": "Crud.Api"}
[04:18:43 INF] [Phase 0] Connection closed in 0.0005ms {"SourceContext": "Infrastructure.Services.DatabaseTestService", "Application": "Crud.Api"}
[04:18:43 INF] [Phase 1] Starting EnsureDeletedAsync for worker 15164... {"SourceContext": "Infrastructure.Services.DatabaseTestService", "Application": "Crud.Api"}
[04:18:43 INF] [Phase 1] EnsureDeletedAsync completed in 0.9825ms {"SourceContext": "Infrastructure.Services.DatabaseTestService", "Application": "Crud.Api"}
[04:18:43 INF] [Phase 2] Starting EnsureCreatedAsync for worker 15164... {"SourceContext": "Infrastructure.Services.DatabaseTestService", "Application": "Crud.Api"}
[04:18:43 INF] [Phase 2] EnsureCreatedAsync completed in 7.3331ms {"SourceContext": "Infrastructure.Services.DatabaseTestService", "Application": "Crud.Api"}
[04:18:43 INF] [Phase 3] Skipping database seeding as requested for worker 15164 {"SourceContext": "Infrastructure.Services.DatabaseTestService", "Application": "Crud.Api"}
[04:18:43 INF] Database reset via file deletion completed for worker 15164 in 108.4631ms (Close: 0.0005ms, Delete: 0.9825ms, Create: 7.3331ms) {"SourceContext": "Infrastructure.Services.DatabaseTestService", "Application": "Crud.Api"}
[04:18:43 INF] Releasing database mutex for worker 15164 {"SourceContext": "Infrastructure.Services.DatabaseTestService", "Application": "Crud.Api"}
[04:18:43 INF] User registered successfully: 6276b46f-18fe-420e-8d70-64c8f10a9d95 {"SourceContext": "App.Features.Authentication.RegisterUserCommandHandler", "ActionId": "9096c718-56b6-41c7-96a3-4b85b1a2f796", "ActionName": "Api.Controllers.AuthController.Register (Api)", "RequestId": "0HNFGT8MUJPBQ", "RequestPath": "/api/auth/register", "Application": "Crud.Api"}
Activity.TraceId:            d1b363f34288794a3a66e1cfe3fc6b5a
Activity.SpanId:             4136249ba036e770
Activity.TraceFlags:         Recorded
Activity.ActivitySourceName: Microsoft.AspNetCore
Activity.DisplayName:        POST api/Auth/register
Activity.Kind:               Server
Activity.StartTime:          2025-09-11T04:18:43.2281455Z
Activity.Duration:           00:00:00.2980185
Activity.Tags:
    server.address: localhost
    http.request.method: POST
    url.scheme: http
    url.path: /api/auth/register
    network.protocol.version: 1.1
    http.route: api/Auth/register
    http.response.status_code: 200
Resource associated with Activity:
    deployment.environment: Testing
    service.name: Crud.Api
    service.version: 1.0.0
    service.instance.id: 8958bff5-028e-43b0-8103-5553bc095d18
    telemetry.sdk.name: opentelemetry
    telemetry.sdk.language: dotnet
    telemetry.sdk.version: 1.8.1
[04:18:43 INF] User logged in successfully: 6276b46f-18fe-420e-8d70-64c8f10a9d95 {"SourceContext": "App.Features.Authentication.LoginCommandHandler", "ActionId": "d978f069-a869-4c6a-a293-782d2c390f83", "ActionName": "Api.Controllers.AuthController.Login (Api)", "RequestId": "0HNFGT8MUJPBR", "RequestPath": "/api/auth/login", "Application": "Crud.Api"}
Activity.TraceId:            131b73fd28ca20e945ab2401b60d0fc7
Activity.SpanId:             8b21a430c7f7a421
Activity.TraceFlags:         Recorded
Activity.ActivitySourceName: Microsoft.AspNetCore
Activity.DisplayName:        POST api/Auth/login
Activity.Kind:               Server
Activity.StartTime:          2025-09-11T04:18:43.5272018Z
Activity.Duration:           00:00:00.2979464
Activity.Tags:
    server.address: localhost
    http.request.method: POST
    url.scheme: http
    url.path: /api/auth/login
    network.protocol.version: 1.1
    http.route: api/Auth/login
    http.response.status_code: 200
Resource associated with Activity:
    deployment.environment: Testing
    service.name: Crud.Api
    service.version: 1.0.0
    service.instance.id: 8958bff5-028e-43b0-8103-5553bc095d18
    telemetry.sdk.name: opentelemetry
    telemetry.sdk.language: dotnet
    telemetry.sdk.version: 1.8.1
[04:18:44 INF] User registered successfully: 74d4e265-97a0-4f10-be70-4585a03a0a6d {"SourceContext": "App.Features.Authentication.RegisterUserCommandHandler", "ActionId": "9096c718-56b6-41c7-96a3-4b85b1a2f796", "ActionName": "Api.Controllers.AuthController.Register (Api)", "RequestId": "0HNFGT8MUJPBS", "RequestPath": "/api/auth/register", "Application": "Crud.Api"}
Activity.TraceId:            071ed704dbdceaf411d32782d0b80e6d
Activity.SpanId:             4d360b69e0217da0
Activity.TraceFlags:         Recorded
Activity.ActivitySourceName: Microsoft.AspNetCore
Activity.DisplayName:        POST api/Auth/register
Activity.Kind:               Server
Activity.StartTime:          2025-09-11T04:18:43.8256896Z
Activity.Duration:           00:00:00.2978477
Activity.Tags:
    server.address: localhost
    http.request.method: POST
    url.scheme: http
    url.path: /api/auth/register
    network.protocol.version: 1.1
    http.route: api/Auth/register
    http.response.status_code: 200
Resource associated with Activity:
    deployment.environment: Testing
    service.name: Crud.Api
    service.version: 1.0.0
    service.instance.id: 8958bff5-028e-43b0-8103-5553bc095d18
    telemetry.sdk.name: opentelemetry
    telemetry.sdk.language: dotnet
    telemetry.sdk.version: 1.8.1
[04:18:44 DBG] Removed cache value for key: entity:person:3ce21fe83a074e29be944f5b3b858efb {"SourceContext": "Infrastructure.Services.Caching.InMemoryCacheService", "ActionId": "9954ae4e-f02d-4e47-ba4d-f7949f2e419a", "ActionName": "Api.Controllers.PeopleController.Create (Api)", "RequestId": "0HNFGT8MUJPBT", "RequestPath": "/api/people", "Application": "Crud.Api"}
[04:18:44 DBG] Removed cache value for key: list:person {"SourceContext": "Infrastructure.Services.Caching.InMemoryCacheService", "ActionId": "9954ae4e-f02d-4e47-ba4d-f7949f2e419a", "ActionName": "Api.Controllers.PeopleController.Create (Api)", "RequestId": "0HNFGT8MUJPBT", "RequestPath": "/api/people", "Application": "Crud.Api"}
[04:18:44 DBG] Invalidating cache for entity type: people with tag: people {"SourceContext": "Api.Services.OutputCacheInvalidationService", "ActionId": "9954ae4e-f02d-4e47-ba4d-f7949f2e419a", "ActionName": "Api.Controllers.PeopleController.Create (Api)", "RequestId": "0HNFGT8MUJPBT", "RequestPath": "/api/people", "Application": "Crud.Api"}
[04:18:44 INF] Successfully invalidated cache for entity type: people {"SourceContext": "Api.Services.OutputCacheInvalidationService", "ActionId": "9954ae4e-f02d-4e47-ba4d-f7949f2e419a", "ActionName": "Api.Controllers.PeopleController.Create (Api)", "RequestId": "0HNFGT8MUJPBT", "RequestPath": "/api/people", "Application": "Crud.Api"}
Activity.TraceId:            c3e02588360063bcef8c77636b912cdd
Activity.SpanId:             cd1e08ec3b118b0a
Activity.TraceFlags:         Recorded
Activity.ActivitySourceName: Microsoft.AspNetCore
Activity.DisplayName:        POST api/People
Activity.Kind:               Server
Activity.StartTime:          2025-09-11T04:18:44.1238213Z
Activity.Duration:           00:00:00.0016566
Activity.Tags:
    server.address: localhost
    http.request.method: POST
    url.scheme: http
    url.path: /api/people
    network.protocol.version: 1.1
    http.route: api/People
    http.response.status_code: 201
Resource associated with Activity:
    deployment.environment: Testing
    service.name: Crud.Api
    service.version: 1.0.0
    service.instance.id: 8958bff5-028e-43b0-8103-5553bc095d18
    telemetry.sdk.name: opentelemetry
    telemetry.sdk.language: dotnet
    telemetry.sdk.version: 1.8.1
[04:18:44 DBG] Removed cache value for key: entity:person:c707d1a1013843f3a63fc7a9b9338a9d {"SourceContext": "Infrastructure.Services.Caching.InMemoryCacheService", "ActionId": "9954ae4e-f02d-4e47-ba4d-f7949f2e419a", "ActionName": "Api.Controllers.PeopleController.Create (Api)", "RequestId": "0HNFGT8MUJPBU", "RequestPath": "/api/people", "Application": "Crud.Api"}
[04:18:44 DBG] Removed cache value for key: list:person {"SourceContext": "Infrastructure.Services.Caching.InMemoryCacheService", "ActionId": "9954ae4e-f02d-4e47-ba4d-f7949f2e419a", "ActionName": "Api.Controllers.PeopleController.Create (Api)", "RequestId": "0HNFGT8MUJPBU", "RequestPath": "/api/people", "Application": "Crud.Api"}
[04:18:44 DBG] Invalidating cache for entity type: people with tag: people {"SourceContext": "Api.Services.OutputCacheInvalidationService", "ActionId": "9954ae4e-f02d-4e47-ba4d-f7949f2e419a", "ActionName": "Api.Controllers.PeopleController.Create (Api)", "RequestId": "0HNFGT8MUJPBU", "RequestPath": "/api/people", "Application": "Crud.Api"}
[04:18:44 INF] Successfully invalidated cache for entity type: people {"SourceContext": "Api.Services.OutputCacheInvalidationService", "ActionId": "9954ae4e-f02d-4e47-ba4d-f7949f2e419a", "ActionName": "Api.Controllers.PeopleController.Create (Api)", "RequestId": "0HNFGT8MUJPBU", "RequestPath": "/api/people", "Application": "Crud.Api"}
Activity.TraceId:            5250811bc549dcd9a4b66c3a4cbd3543
Activity.SpanId:             fa667c402f8c53f1
Activity.TraceFlags:         Recorded
Activity.ActivitySourceName: Microsoft.AspNetCore
Activity.DisplayName:        POST api/People
Activity.Kind:               Server
Activity.StartTime:          2025-09-11T04:18:44.1256210Z
Activity.Duration:           00:00:00.0017063
Activity.Tags:
    server.address: localhost
    http.request.method: POST
    url.scheme: http
    url.path: /api/people
    network.protocol.version: 1.1
    http.route: api/People
    http.response.status_code: 201
Resource associated with Activity:
    deployment.environment: Testing
    service.name: Crud.Api
    service.version: 1.0.0
    service.instance.id: 8958bff5-028e-43b0-8103-5553bc095d18
    telemetry.sdk.name: opentelemetry
    telemetry.sdk.language: dotnet
    telemetry.sdk.version: 1.8.1
[04:18:44 DBG] Cache miss for key: list:person {"SourceContext": "Infrastructure.Services.Caching.InMemoryCacheService", "ActionId": "3459dc07-c0bf-47eb-836a-3256113ddaae", "ActionName": "Api.Controllers.PeopleController.List (Api)", "RequestId": "0HNFGT8MUJPBV", "RequestPath": "/api/people", "Application": "Crud.Api"}
[04:18:44 DBG] Set cache value for key: list:person {"SourceContext": "Infrastructure.Services.Caching.InMemoryCacheService", "ActionId": "3459dc07-c0bf-47eb-836a-3256113ddaae", "ActionName": "Api.Controllers.PeopleController.List (Api)", "RequestId": "0HNFGT8MUJPBV", "RequestPath": "/api/people", "Application": "Crud.Api"}
Activity.TraceId:            29f4f5facd8d3ea8682047fddc7710cb
Activity.SpanId:             0088b39e3984b72a
Activity.TraceFlags:         Recorded
Activity.ActivitySourceName: Microsoft.AspNetCore
Activity.DisplayName:        GET api/People
Activity.Kind:               Server
Activity.StartTime:          2025-09-11T04:18:44.1276510Z
Activity.Duration:           00:00:00.0009145
Activity.Tags:
    server.address: localhost
    http.request.method: GET
    url.scheme: http
    url.path: /api/people
    network.protocol.version: 1.1
    http.route: api/People
    http.response.status_code: 200
Resource associated with Activity:
    deployment.environment: Testing
    service.name: Crud.Api
    service.version: 1.0.0
    service.instance.id: 8958bff5-028e-43b0-8103-5553bc095d18
    telemetry.sdk.name: opentelemetry
    telemetry.sdk.language: dotnet
    telemetry.sdk.version: 1.8.1
[04:18:44 INF] Resetting database for worker 15164 {"SourceContext": "Infrastructure.Services.DatabaseTestService", "Application": "Crud.Api"}
[04:18:44 INF] Resetting database via file deletion for worker 15164 in CI environment {"SourceContext": "Infrastructure.Services.DatabaseTestService", "Application": "Crud.Api"}
[04:18:44 INF] Acquiring database mutex for worker 15164... {"SourceContext": "Infrastructure.Services.DatabaseTestService", "Application": "Crud.Api"}
[04:18:44 INF] Database mutex acquired for worker 15164 {"SourceContext": "Infrastructure.Services.DatabaseTestService", "Application": "Crud.Api"}
[04:18:44 INF] Current database state - CanConnect: True {"SourceContext": "Infrastructure.Services.DatabaseTestService", "Application": "Crud.Api"}
[04:18:44 INF] [Phase 0] Closing database connection for worker 15164... {"SourceContext": "Infrastructure.Services.DatabaseTestService", "Application": "Crud.Api"}
[04:18:44 INF] [Phase 0] Connection closed in 0.0005ms {"SourceContext": "Infrastructure.Services.DatabaseTestService", "Application": "Crud.Api"}
[04:18:44 INF] [Phase 1] Starting EnsureDeletedAsync for worker 15164... {"SourceContext": "Infrastructure.Services.DatabaseTestService", "Application": "Crud.Api"}
[04:18:44 INF] [Phase 1] EnsureDeletedAsync completed in 1.3516ms {"SourceContext": "Infrastructure.Services.DatabaseTestService", "Application": "Crud.Api"}
[04:18:44 INF] [Phase 2] Starting EnsureCreatedAsync for worker 15164... {"SourceContext": "Infrastructure.Services.DatabaseTestService", "Application": "Crud.Api"}
[04:18:44 INF] [Phase 2] EnsureCreatedAsync completed in 7.3617ms {"SourceContext": "Infrastructure.Services.DatabaseTestService", "Application": "Crud.Api"}
[04:18:44 INF] [Phase 3] Skipping database seeding as requested for worker 15164 {"SourceContext": "Infrastructure.Services.DatabaseTestService", "Application": "Crud.Api"}
[04:18:44 INF] Database reset via file deletion completed for worker 15164 in 107.8705ms (Close: 0.0005ms, Delete: 1.3516ms, Create: 7.3617ms) {"SourceContext": "Infrastructure.Services.DatabaseTestService", "Application": "Crud.Api"}
[04:18:44 INF] Releasing database mutex for worker 15164 {"SourceContext": "Infrastructure.Services.DatabaseTestService", "Application": "Crud.Api"}
[04:18:44 INF] Resetting database for worker 15164 {"SourceContext": "Infrastructure.Services.DatabaseTestService", "Application": "Crud.Api"}
[04:18:44 INF] Resetting database via file deletion for worker 15164 in CI environment {"SourceContext": "Infrastructure.Services.DatabaseTestService", "Application": "Crud.Api"}
[04:18:44 INF] Acquiring database mutex for worker 15164... {"SourceContext": "Infrastructure.Services.DatabaseTestService", "Application": "Crud.Api"}
[04:18:44 INF] Database mutex acquired for worker 15164 {"SourceContext": "Infrastructure.Services.DatabaseTestService", "Application": "Crud.Api"}
[04:18:44 INF] Current database state - CanConnect: True {"SourceContext": "Infrastructure.Services.DatabaseTestService", "Application": "Crud.Api"}
[04:18:44 INF] [Phase 0] Closing database connection for worker 15164... {"SourceContext": "Infrastructure.Services.DatabaseTestService", "Application": "Crud.Api"}
[04:18:44 INF] [Phase 0] Connection closed in 0.0006ms {"SourceContext": "Infrastructure.Services.DatabaseTestService", "Application": "Crud.Api"}
[04:18:44 INF] [Phase 1] Starting EnsureDeletedAsync for worker 15164... {"SourceContext": "Infrastructure.Services.DatabaseTestService", "Application": "Crud.Api"}
[04:18:44 INF] [Phase 1] EnsureDeletedAsync completed in 1.1584ms {"SourceContext": "Infrastructure.Services.DatabaseTestService", "Application": "Crud.Api"}
[04:18:44 INF] [Phase 2] Starting EnsureCreatedAsync for worker 15164... {"SourceContext": "Infrastructure.Services.DatabaseTestService", "Application": "Crud.Api"}
[04:18:44 INF] [Phase 2] EnsureCreatedAsync completed in 7.1448ms {"SourceContext": "Infrastructure.Services.DatabaseTestService", "Application": "Crud.Api"}
[04:18:44 INF] [Phase 3] Skipping database seeding as requested for worker 15164 {"SourceContext": "Infrastructure.Services.DatabaseTestService", "Application": "Crud.Api"}
[04:18:44 INF] Database reset via file deletion completed for worker 15164 in 108.7639ms (Close: 0.0006ms, Delete: 1.1584ms, Create: 7.1448ms) {"SourceContext": "Infrastructure.Services.DatabaseTestService", "Application": "Crud.Api"}
[04:18:44 INF] Releasing database mutex for worker 15164 {"SourceContext": "Infrastructure.Services.DatabaseTestService", "Application": "Crud.Api"}
[04:18:44 INF] User registered successfully: d363e6f4-4d52-4e00-ba96-d1ef8e4c1461 {"SourceContext": "App.Features.Authentication.RegisterUserCommandHandler", "ActionId": "9096c718-56b6-41c7-96a3-4b85b1a2f796", "ActionName": "Api.Controllers.AuthController.Register (Api)", "RequestId": "0HNFGT8MUJPC0", "RequestPath": "/api/auth/register", "Application": "Crud.Api"}
Activity.TraceId:            1fced4618de720fa036ce8deeecf73e4
Activity.SpanId:             cd749930688fc76e
Activity.TraceFlags:         Recorded
Activity.ActivitySourceName: Microsoft.AspNetCore
Activity.DisplayName:        POST api/Auth/register
Activity.Kind:               Server
Activity.StartTime:          2025-09-11T04:18:44.3497494Z
Activity.Duration:           00:00:00.2996235
Activity.Tags:
    server.address: localhost
    http.request.method: POST
    url.scheme: http
    url.path: /api/auth/register
    network.protocol.version: 1.1
    http.route: api/Auth/register
    http.response.status_code: 200
Resource associated with Activity:
    deployment.environment: Testing
    service.name: Crud.Api
    service.version: 1.0.0
    service.instance.id: 8958bff5-028e-43b0-8103-5553bc095d18
    telemetry.sdk.name: opentelemetry
    telemetry.sdk.language: dotnet
    telemetry.sdk.version: 1.8.1
[04:18:44 INF] User logged in successfully: d363e6f4-4d52-4e00-ba96-d1ef8e4c1461 {"SourceContext": "App.Features.Authentication.LoginCommandHandler", "ActionId": "d978f069-a869-4c6a-a293-782d2c390f83", "ActionName": "Api.Controllers.AuthController.Login (Api)", "RequestId": "0HNFGT8MUJPC1", "RequestPath": "/api/auth/login", "Application": "Crud.Api"}
Activity.TraceId:            1babe9be58e87e11342b551a317342c7
Activity.SpanId:             30d3075528985f13
Activity.TraceFlags:         Recorded
Activity.ActivitySourceName: Microsoft.AspNetCore
Activity.DisplayName:        POST api/Auth/login
Activity.Kind:               Server
Activity.StartTime:          2025-09-11T04:18:44.6502483Z
Activity.Duration:           00:00:00.2979840
Activity.Tags:
    server.address: localhost
    http.request.method: POST
    url.scheme: http
    url.path: /api/auth/login
    network.protocol.version: 1.1
    http.route: api/Auth/login
    http.response.status_code: 200
Resource associated with Activity:
    deployment.environment: Testing
    service.name: Crud.Api
    service.version: 1.0.0
    service.instance.id: 8958bff5-028e-43b0-8103-5553bc095d18
    telemetry.sdk.name: opentelemetry
    telemetry.sdk.language: dotnet
    telemetry.sdk.version: 1.8.1
[04:18:45 INF] User registered successfully: 8751dfc9-84ed-4837-81db-3c8eee9c5e91 {"SourceContext": "App.Features.Authentication.RegisterUserCommandHandler", "ActionId": "9096c718-56b6-41c7-96a3-4b85b1a2f796", "ActionName": "Api.Controllers.AuthController.Register (Api)", "RequestId": "0HNFGT8MUJPC2", "RequestPath": "/api/auth/register", "Application": "Crud.Api"}
Activity.TraceId:            0a859667d92b2d7c8a7ef29bb5e41553
Activity.SpanId:             efc6696f9010cd27
Activity.TraceFlags:         Recorded
Activity.ActivitySourceName: Microsoft.AspNetCore
Activity.DisplayName:        POST api/Auth/register
Activity.Kind:               Server
Activity.StartTime:          2025-09-11T04:18:44.9487356Z
Activity.Duration:           00:00:00.2977099
Activity.Tags:
    server.address: localhost
    http.request.method: POST
    url.scheme: http
    url.path: /api/auth/register
    network.protocol.version: 1.1
    http.route: api/Auth/register
    http.response.status_code: 200
Resource associated with Activity:
    deployment.environment: Testing
    service.name: Crud.Api
    service.version: 1.0.0
    service.instance.id: 8958bff5-028e-43b0-8103-5553bc095d18
    telemetry.sdk.name: opentelemetry
    telemetry.sdk.language: dotnet
    telemetry.sdk.version: 1.8.1
[04:18:45 DBG] Removed cache value for key: entity:person:60c8a5869d6642779350923d25828b3e {"SourceContext": "Infrastructure.Services.Caching.InMemoryCacheService", "ActionId": "9954ae4e-f02d-4e47-ba4d-f7949f2e419a", "ActionName": "Api.Controllers.PeopleController.Create (Api)", "RequestId": "0HNFGT8MUJPC3", "RequestPath": "/api/people", "Application": "Crud.Api"}
[04:18:45 DBG] Removed cache value for key: list:person {"SourceContext": "Infrastructure.Services.Caching.InMemoryCacheService", "ActionId": "9954ae4e-f02d-4e47-ba4d-f7949f2e419a", "ActionName": "Api.Controllers.PeopleController.Create (Api)", "RequestId": "0HNFGT8MUJPC3", "RequestPath": "/api/people", "Application": "Crud.Api"}
[04:18:45 DBG] Invalidating cache for entity type: people with tag: people {"SourceContext": "Api.Services.OutputCacheInvalidationService", "ActionId": "9954ae4e-f02d-4e47-ba4d-f7949f2e419a", "ActionName": "Api.Controllers.PeopleController.Create (Api)", "RequestId": "0HNFGT8MUJPC3", "RequestPath": "/api/people", "Application": "Crud.Api"}
[04:18:45 INF] Successfully invalidated cache for entity type: people {"SourceContext": "Api.Services.OutputCacheInvalidationService", "ActionId": "9954ae4e-f02d-4e47-ba4d-f7949f2e419a", "ActionName": "Api.Controllers.PeopleController.Create (Api)", "RequestId": "0HNFGT8MUJPC3", "RequestPath": "/api/people", "Application": "Crud.Api"}
Activity.TraceId:            7f4223d46d71f1de32088d0f8592ce1c
Activity.SpanId:             2e51569619560530
Activity.TraceFlags:         Recorded
Activity.ActivitySourceName: Microsoft.AspNetCore
Activity.DisplayName:        POST api/People
Activity.Kind:               Server
Activity.StartTime:          2025-09-11T04:18:45.2467736Z
Activity.Duration:           00:00:00.0014504
Activity.Tags:
    server.address: localhost
    http.request.method: POST
    url.scheme: http
    url.path: /api/people
    network.protocol.version: 1.1
    http.route: api/People
    http.response.status_code: 201
Resource associated with Activity:
    deployment.environment: Testing
    service.name: Crud.Api
    service.version: 1.0.0
    service.instance.id: 8958bff5-028e-43b0-8103-5553bc095d18
    telemetry.sdk.name: opentelemetry
    telemetry.sdk.language: dotnet
    telemetry.sdk.version: 1.8.1
Activity.TraceId:            db2227396f89ef32fd65bea57c93e701
Activity.SpanId:             dda082afda3ecfc3
Activity.TraceFlags:         Recorded
Activity.ActivitySourceName: Microsoft.AspNetCore
Activity.DisplayName:        DELETE api/People/{id:guid}
Activity.Kind:               Server
Activity.StartTime:          2025-09-11T04:18:45.2483361Z
Activity.Duration:           00:00:00.0003359
Activity.Tags:
    server.address: localhost
    http.request.method: DELETE
    url.scheme: http
    url.path: /api/people/60c8a586-9d66-4277-9350-923d25828b3e
    network.protocol.version: 1.1
    http.route: api/People/{id:guid}
    http.response.status_code: 403
Resource associated with Activity:
    deployment.environment: Testing
    service.name: Crud.Api
    service.version: 1.0.0
    service.instance.id: 8958bff5-028e-43b0-8103-5553bc095d18
    telemetry.sdk.name: opentelemetry
    telemetry.sdk.language: dotnet
    telemetry.sdk.version: 1.8.1
[04:18:45 INF] Resetting database for worker 15164 {"SourceContext": "Infrastructure.Services.DatabaseTestService", "Application": "Crud.Api"}
[04:18:45 INF] Resetting database via file deletion for worker 15164 in CI environment {"SourceContext": "Infrastructure.Services.DatabaseTestService", "Application": "Crud.Api"}
[04:18:45 INF] Acquiring database mutex for worker 15164... {"SourceContext": "Infrastructure.Services.DatabaseTestService", "Application": "Crud.Api"}
[04:18:45 INF] Database mutex acquired for worker 15164 {"SourceContext": "Infrastructure.Services.DatabaseTestService", "Application": "Crud.Api"}
[04:18:45 INF] Current database state - CanConnect: True {"SourceContext": "Infrastructure.Services.DatabaseTestService", "Application": "Crud.Api"}
[04:18:45 INF] [Phase 0] Closing database connection for worker 15164... {"SourceContext": "Infrastructure.Services.DatabaseTestService", "Application": "Crud.Api"}
[04:18:45 INF] [Phase 0] Connection closed in 0.0005ms {"SourceContext": "Infrastructure.Services.DatabaseTestService", "Application": "Crud.Api"}
[04:18:45 INF] [Phase 1] Starting EnsureDeletedAsync for worker 15164... {"SourceContext": "Infrastructure.Services.DatabaseTestService", "Application": "Crud.Api"}
[04:18:45 INF] [Phase 1] EnsureDeletedAsync completed in 1.474ms {"SourceContext": "Infrastructure.Services.DatabaseTestService", "Application": "Crud.Api"}
[04:18:45 INF] [Phase 2] Starting EnsureCreatedAsync for worker 15164... {"SourceContext": "Infrastructure.Services.DatabaseTestService", "Application": "Crud.Api"}
[04:18:45 INF] [Phase 2] EnsureCreatedAsync completed in 7.4707ms {"SourceContext": "Infrastructure.Services.DatabaseTestService", "Application": "Crud.Api"}
[04:18:45 INF] [Phase 3] Skipping database seeding as requested for worker 15164 {"SourceContext": "Infrastructure.Services.DatabaseTestService", "Application": "Crud.Api"}
[04:18:45 INF] Database reset via file deletion completed for worker 15164 in 107.9327ms (Close: 0.0005ms, Delete: 1.474ms, Create: 7.4707ms) {"SourceContext": "Infrastructure.Services.DatabaseTestService", "Application": "Crud.Api"}
[04:18:45 INF] Releasing database mutex for worker 15164 {"SourceContext": "Infrastructure.Services.DatabaseTestService", "Application": "Crud.Api"}
Metric Name: http.server.active_requests, Number of active HTTP server requests., Unit: {request}, Meter: Microsoft.AspNetCore.Hosting
(2025-09-11T04:18:32.1296119Z, 2025-09-11T04:18:45.3603244Z] http.request.method: POST url.scheme: http LongSumNonMonotonic
Value: 0
(2025-09-11T04:18:32.1296119Z, 2025-09-11T04:18:45.3603244Z] http.request.method: GET url.scheme: http LongSumNonMonotonic
Value: 0
(2025-09-11T04:18:32.1296119Z, 2025-09-11T04:18:45.3603244Z] http.request.method: PUT url.scheme: http LongSumNonMonotonic
Value: 0
(2025-09-11T04:18:32.1296119Z, 2025-09-11T04:18:45.3603244Z] http.request.method: DELETE url.scheme: http LongSumNonMonotonic
Value: 0
Metric Name: http.server.request.duration, Duration of HTTP server requests., Unit: s, Meter: Microsoft.AspNetCore.Hosting
(2025-09-11T04:18:32.1296323Z, 2025-09-11T04:18:45.3603259Z] http.request.method: POST http.response.status_code: 200 http.route: api/Auth/register network.protocol.version: 1.1 url.scheme: http Histogram
Value: Sum: 5.7247654 Count: 19 Min: 0.2974128 Max: 0.3337682 
(-Infinity,0.005]:0
(0.005,0.01]:0
(0.01,0.025]:0
(0.025,0.05]:0
(0.05,0.075]:0
(0.075,0.1]:0
(0.1,0.25]:0
(0.25,0.5]:19
(0.5,0.75]:0
(0.75,1]:0
(1,2.5]:0
(2.5,5]:0
(5,7.5]:0
(7.5,10]:0
(10,+Infinity]:0
(2025-09-11T04:18:32.1296323Z, 2025-09-11T04:18:45.3603259Z] http.request.method: POST http.response.status_code: 200 http.route: api/Auth/login network.protocol.version: 1.1 url.scheme: http Histogram
Value: Sum: 3.5864534 Count: 12 Min: 0.2975126 Max: 0.3033921 
(-Infinity,0.005]:0
(0.005,0.01]:0
(0.01,0.025]:0
(0.025,0.05]:0
(0.05,0.075]:0
(0.075,0.1]:0
(0.1,0.25]:0
(0.25,0.5]:12
(0.5,0.75]:0
(0.75,1]:0
(1,2.5]:0
(2.5,5]:0
(5,7.5]:0
(7.5,10]:0
(10,+Infinity]:0
(2025-09-11T04:18:32.1296323Z, 2025-09-11T04:18:45.3603259Z] http.request.method: POST http.response.status_code: 201 http.route: api/Roles network.protocol.version: 1.1 url.scheme: http Histogram
Value: Sum: 0.0157495 Count: 3 Min: 0.0016715 Max: 0.0107959 
(-Infinity,0.005]:2
(0.005,0.01]:0
(0.01,0.025]:1
(0.025,0.05]:0
(0.05,0.075]:0
(0.075,0.1]:0
(0.1,0.25]:0
(0.25,0.5]:0
(0.5,0.75]:0
(0.75,1]:0
(1,2.5]:0
(2.5,5]:0
(5,7.5]:0
(7.5,10]:0
(10,+Infinity]:0
(2025-09-11T04:18:32.1296323Z, 2025-09-11T04:18:45.3603259Z] http.request.method: POST http.response.status_code: 201 http.route: api/People network.protocol.version: 1.1 url.scheme: http Histogram
Value: Sum: 0.03753929999999999 Count: 10 Min: 0.0013083 Max: 0.0193991 
(-Infinity,0.005]:9
(0.005,0.01]:0
(0.01,0.025]:1
(0.025,0.05]:0
(0.05,0.075]:0
(0.075,0.1]:0
(0.1,0.25]:0
(0.25,0.5]:0
(0.5,0.75]:0
(0.75,1]:0
(1,2.5]:0
(2.5,5]:0
(5,7.5]:0
(7.5,10]:0
(10,+Infinity]:0
(2025-09-11T04:18:32.1296323Z, 2025-09-11T04:18:45.3603259Z] http.request.method: GET http.response.status_code: 200 http.route: api/People network.protocol.version: 1.1 url.scheme: http Histogram
Value: Sum: 0.0085092 Count: 2 Min: 0.0009143 Max: 0.0075949 
(-Infinity,0.005]:1
(0.005,0.01]:1
(0.01,0.025]:0
(0.025,0.05]:0
(0.05,0.075]:0
(0.075,0.1]:0
(0.1,0.25]:0
(0.25,0.5]:0
(0.5,0.75]:0
(0.75,1]:0
(1,2.5]:0
(2.5,5]:0
(5,7.5]:0
(7.5,10]:0
(10,+Infinity]:0
(2025-09-11T04:18:32.1296323Z, 2025-09-11T04:18:45.3603259Z] http.request.method: POST http.response.status_code: 400 http.route: api/People network.protocol.version: 1.1 url.scheme: http Histogram
Value: Sum: 0.0020052 Count: 1 Min: 0.0020052 Max: 0.0020052 
(-Infinity,0.005]:1
(0.005,0.01]:0
(0.01,0.025]:0
(0.025,0.05]:0
(0.05,0.075]:0
(0.075,0.1]:0
(0.1,0.25]:0
(0.25,0.5]:0
(0.5,0.75]:0
(0.75,1]:0
(1,2.5]:0
(2.5,5]:0
(5,7.5]:0
(7.5,10]:0
(10,+Infinity]:0
(2025-09-11T04:18:32.1296323Z, 2025-09-11T04:18:45.3603259Z] http.request.method: PUT http.response.status_code: 204 http.route: api/People/{id:guid} network.protocol.version: 1.1 url.scheme: http Histogram
Value: Sum: 0.0056498 Count: 1 Min: 0.0056498 Max: 0.0056498 
(-Infinity,0.005]:0
(0.005,0.01]:1
(0.01,0.025]:0
(0.025,0.05]:0
(0.05,0.075]:0
(0.075,0.1]:0
(0.1,0.25]:0
(0.25,0.5]:0
(0.5,0.75]:0
(0.75,1]:0
(1,2.5]:0
(2.5,5]:0
(5,7.5]:0
(7.5,10]:0
(10,+Infinity]:0
(2025-09-11T04:18:32.1296323Z, 2025-09-11T04:18:45.3603259Z] http.request.method: GET http.response.status_code: 200 http.route: api/People/{id:guid} network.protocol.version: 1.1 url.scheme: http Histogram
Value: Sum: 0.0057383 Count: 3 Min: 0.0008862 Max: 0.0032534 
(-Infinity,0.005]:3
(0.005,0.01]:0
(0.01,0.025]:0
(0.025,0.05]:0
(0.05,0.075]:0
(0.075,0.1]:0
(0.1,0.25]:0
(0.25,0.5]:0
(0.5,0.75]:0
(0.75,1]:0
(1,2.5]:0
(2.5,5]:0
(5,7.5]:0
(7.5,10]:0
(10,+Infinity]:0
(2025-09-11T04:18:32.1296323Z, 2025-09-11T04:18:45.3603259Z] http.request.method: GET http.response.status_code: 401 http.route: api/People network.protocol.version: 1.1 url.scheme: http Histogram
Value: Sum: 0.0002946 Count: 1 Min: 0.0002946 Max: 0.0002946 
(-Infinity,0.005]:1
(0.005,0.01]:0
(0.01,0.025]:0
(0.025,0.05]:0
(0.05,0.075]:0
(0.075,0.1]:0
(0.1,0.25]:0
(0.25,0.5]:0
(0.5,0.75]:0
(0.75,1]:0
(1,2.5]:0
(2.5,5]:0
(5,7.5]:0
(7.5,10]:0
(10,+Infinity]:0
(2025-09-11T04:18:32.1296323Z, 2025-09-11T04:18:45.3603259Z] http.request.method: POST http.response.status_code: 401 http.route: api/People network.protocol.version: 1.1 url.scheme: http Histogram
Value: Sum: 0.0001631 Count: 1 Min: 0.0001631 Max: 0.0001631 
(-Infinity,0.005]:1
(0.005,0.01]:0
(0.01,0.025]:0
(0.025,0.05]:0
(0.05,0.075]:0
(0.075,0.1]:0
(0.1,0.25]:0
(0.25,0.5]:0
(0.5,0.75]:0
(0.75,1]:0
(1,2.5]:0
(2.5,5]:0
(5,7.5]:0
(7.5,10]:0
(10,+Infinity]:0
(2025-09-11T04:18:32.1296323Z, 2025-09-11T04:18:45.3603259Z] http.request.method: GET http.response.status_code: 404 http.route: api/People/{id:guid} network.protocol.version: 1.1 url.scheme: http Histogram
Value: Sum: 0.0062509 Count: 2 Min: 0.0007161 Max: 0.0055348 
(-Infinity,0.005]:1
(0.005,0.01]:1
(0.01,0.025]:0
(0.025,0.05]:0
(0.05,0.075]:0
(0.075,0.1]:0
(0.1,0.25]:0
(0.25,0.5]:0
(0.5,0.75]:0
(0.75,1]:0
(1,2.5]:0
(2.5,5]:0
(5,7.5]:0
(7.5,10]:0
(10,+Infinity]:0
(2025-09-11T04:18:32.1296323Z, 2025-09-11T04:18:45.3603259Z] http.request.method: POST http.response.status_code: 403 http.route: api/People network.protocol.version: 1.1 url.scheme: http Histogram
Value: Sum: 0.0009486 Count: 1 Min: 0.0009486 Max: 0.0009486 
(-Infinity,0.005]:1
(0.005,0.01]:0
(0.01,0.025]:0
(0.025,0.05]:0
(0.05,0.075]:0
(0.075,0.1]:0
(0.1,0.25]:0
(0.25,0.5]:0
(0.5,0.75]:0
(0.75,1]:0
(1,2.5]:0
(2.5,5]:0
(5,7.5]:0
(7.5,10]:0
(10,+Infinity]:0
(2025-09-11T04:18:32.1296323Z, 2025-09-11T04:18:45.3603259Z] http.request.method: DELETE http.response.status_code: 204 http.route: api/People/{id:guid} network.protocol.version: 1.1 url.scheme: http Histogram
Value: Sum: 0.0097041 Count: 2 Min: 0.0016938 Max: 0.0080103 
(-Infinity,0.005]:1
(0.005,0.01]:1
(0.01,0.025]:0
(0.025,0.05]:0
(0.05,0.075]:0
(0.075,0.1]:0
(0.1,0.25]:0
(0.25,0.5]:0
(0.5,0.75]:0
(0.75,1]:0
(1,2.5]:0
(2.5,5]:0
(5,7.5]:0
(7.5,10]:0
(10,+Infinity]:0
(2025-09-11T04:18:32.1296323Z, 2025-09-11T04:18:45.3603259Z] http.request.method: PUT http.response.status_code: 404 http.route: api/People/{id:guid} network.protocol.version: 1.1 url.scheme: http Histogram
Value: Sum: 0.0018674 Count: 1 Min: 0.0018674 Max: 0.0018674 
(-Infinity,0.005]:1
(0.005,0.01]:0
(0.01,0.025]:0
(0.025,0.05]:0
(0.05,0.075]:0
(0.075,0.1]:0
(0.1,0.25]:0
(0.25,0.5]:0
(0.5,0.75]:0
(0.75,1]:0
(1,2.5]:0
(2.5,5]:0
(5,7.5]:0
(7.5,10]:0
(10,+Infinity]:0
(2025-09-11T04:18:32.1296323Z, 2025-09-11T04:18:45.3603259Z] http.request.method: DELETE http.response.status_code: 403 http.route: api/People/{id:guid} network.protocol.version: 1.1 url.scheme: http Histogram
Value: Sum: 0.0003247 Count: 1 Min: 0.0003247 Max: 0.0003247 
(-Infinity,0.005]:1
(0.005,0.01]:0
(0.01,0.025]:0
(0.025,0.05]:0
(0.05,0.075]:0
(0.075,0.1]:0
(0.1,0.25]:0
(0.25,0.5]:0
(0.5,0.75]:0
(0.75,1]:0
(1,2.5]:0
(2.5,5]:0
(5,7.5]:0
(7.5,10]:0
(10,+Infinity]:0
Metric Name: aspnetcore.rate_limiting.active_request_leases, Number of HTTP requests that are currently active on the server that hold a rate limiting lease., Unit: {request}, Meter: Microsoft.AspNetCore.RateLimiting
(2025-09-11T04:18:32.1315017Z, 2025-09-11T04:18:45.3603262Z] LongSumNonMonotonic
Value: 0
Metric Name: aspnetcore.rate_limiting.request_lease.duration, The duration of rate limiting leases held by HTTP requests on the server., Unit: s, Meter: Microsoft.AspNetCore.RateLimiting
(2025-09-11T04:18:32.1315266Z, 2025-09-11T04:18:45.3603265Z] Histogram
Value: Sum: 9.397897999999998 Count: 60 Min: 9.63E-05 Max: 0.3337067 
(-Infinity,0.005]:23
(0.005,0.01]:4
(0.01,0.025]:2
(0.025,0.05]:0
(0.05,0.075]:0
(0.075,0.1]:0
(0.1,0.25]:0
(0.25,0.5]:31
(0.5,0.75]:0
(0.75,1]:0
(1,2.5]:0
(2.5,5]:0
(5,7.5]:0
(7.5,10]:0
(10,+Infinity]:0
Metric Name: aspnetcore.rate_limiting.requests, Number of requests that tried to acquire a rate limiting lease. Requests could be rejected by global or endpoint rate limiting policies. Or the request could be canceled while waiting for the lease., Unit: {request}, Meter: Microsoft.AspNetCore.RateLimiting
(2025-09-11T04:18:32.1315929Z, 2025-09-11T04:18:45.3603272Z] aspnetcore.rate_limiting.result: acquired LongSum
Value: 60
Metric Name: aspnetcore.routing.match_attempts, Number of requests that were attempted to be matched to an endpoint., Unit: {match_attempt}, Meter: Microsoft.AspNetCore.Routing
(2025-09-11T04:18:32.1323391Z, 2025-09-11T04:18:45.3603274Z] aspnetcore.routing.is_fallback: false aspnetcore.routing.match_status: success http.route: api/Auth/register LongSum
Value: 19
(2025-09-11T04:18:32.1323391Z, 2025-09-11T04:18:45.3603274Z] aspnetcore.routing.is_fallback: false aspnetcore.routing.match_status: success http.route: api/Auth/login LongSum
Value: 12
(2025-09-11T04:18:32.1323391Z, 2025-09-11T04:18:45.3603274Z] aspnetcore.routing.is_fallback: false aspnetcore.routing.match_status: success http.route: api/Roles LongSum
Value: 3
(2025-09-11T04:18:32.1323391Z, 2025-09-11T04:18:45.3603274Z] aspnetcore.routing.is_fallback: false aspnetcore.routing.match_status: success http.route: api/People LongSum
Value: 16
(2025-09-11T04:18:32.1323391Z, 2025-09-11T04:18:45.3603274Z] aspnetcore.routing.is_fallback: false aspnetcore.routing.match_status: success http.route: api/People/{id:guid} LongSum
Value: 10
[04:18:45 INF] Starting Crud API application {"Application": "Crud.Api"}
[04:18:45 INF] Using SQLite provider with connection: Data Source=TestDatabase.db {"Application": "Crud.Api"}
[04:18:45 INF] Database ensured successfully {"Application": "Crud.Api"}
[04:18:45 INF] Application configured successfully. Starting web host... {"Application": "Crud.Api"}
[04:18:45 INF] Starting Crud API application {"Application": "Crud.Api"}
[04:18:45 INF] Using SQLite provider with connection: Data Source=TestDatabase.db {"Application": "Crud.Api"}
[04:18:45 INF] Database ensured successfully {"Application": "Crud.Api"}
[04:18:45 INF] Application configured successfully. Starting web host... {"Application": "Crud.Api"}
[04:18:45 INF] Starting Crud API application {"Application": "Crud.Api"}
[04:18:45 INF] Using SQLite provider with connection: Data Source=TestDatabase.db {"Application": "Crud.Api"}
[04:18:45 INF] Database ensured successfully {"Application": "Crud.Api"}
[04:18:45 INF] Application configured successfully. Starting web host... {"Application": "Crud.Api"}
Resource associated with Metric:
    deployment.environment: Testing
    service.name: Crud.Api
    service.version: 1.0.0
    service.instance.id: 8958bff5-028e-43b0-8103-5553bc095d18
    telemetry.sdk.name: opentelemetry
    telemetry.sdk.language: dotnet
    telemetry.sdk.version: 1.8.1
Resource associated with Metric:
    deployment.environment: Testing
    service.name: Crud.Api
    service.version: 1.0.0
    service.instance.id: 8958bff5-028e-43b0-8103-5553bc095d18
    telemetry.sdk.name: opentelemetry
    telemetry.sdk.language: dotnet
    telemetry.sdk.version: 1.8.1
Resource associated with Metric:
    deployment.environment: Testing
    service.name: Crud.Api
    service.version: 1.0.0
    service.instance.id: 8958bff5-028e-43b0-8103-5553bc095d18
    telemetry.sdk.name: opentelemetry
    telemetry.sdk.language: dotnet
    telemetry.sdk.version: 1.8.1
[04:18:45 INF] Starting Crud API application {"Application": "Crud.Api"}
[04:18:45 INF] Using SQLite provider with connection: Data Source=TestDatabase.db {"Application": "Crud.Api"}
[04:18:45 INF] Database ensured successfully {"Application": "Crud.Api"}
[04:18:45 INF] Application configured successfully. Starting web host... {"Application": "Crud.Api"}
[04:18:45 INF] Resetting database for worker 18255 {"SourceContext": "Infrastructure.Services.DatabaseTestService", "Application": "Crud.Api"}
[04:18:45 INF] Resetting database via file deletion for worker 18255 in CI environment {"SourceContext": "Infrastructure.Services.DatabaseTestService", "Application": "Crud.Api"}
[04:18:45 INF] Acquiring database mutex for worker 18255... {"SourceContext": "Infrastructure.Services.DatabaseTestService", "Application": "Crud.Api"}
[04:18:45 INF] Database mutex acquired for worker 18255 {"SourceContext": "Infrastructure.Services.DatabaseTestService", "Application": "Crud.Api"}
[04:18:45 INF] Current database state - CanConnect: True {"SourceContext": "Infrastructure.Services.DatabaseTestService", "Application": "Crud.Api"}
[04:18:45 INF] [Phase 0] Closing database connection for worker 18255... {"SourceContext": "Infrastructure.Services.DatabaseTestService", "Application": "Crud.Api"}
[04:18:45 INF] [Phase 0] Connection closed in 0.0006ms {"SourceContext": "Infrastructure.Services.DatabaseTestService", "Application": "Crud.Api"}
[04:18:45 INF] [Phase 1] Starting EnsureDeletedAsync for worker 18255... {"SourceContext": "Infrastructure.Services.DatabaseTestService", "Application": "Crud.Api"}
[04:18:45 INF] [Phase 1] EnsureDeletedAsync completed in 1.4184ms {"SourceContext": "Infrastructure.Services.DatabaseTestService", "Application": "Crud.Api"}
[04:18:45 INF] [Phase 2] Starting EnsureCreatedAsync for worker 18255... {"SourceContext": "Infrastructure.Services.DatabaseTestService", "Application": "Crud.Api"}
[04:18:45 INF] [Phase 2] EnsureCreatedAsync completed in 7.701ms {"SourceContext": "Infrastructure.Services.DatabaseTestService", "Application": "Crud.Api"}
[04:18:45 INF] [Phase 3] Skipping database seeding as requested for worker 18255 {"SourceContext": "Infrastructure.Services.DatabaseTestService", "Application": "Crud.Api"}
[04:18:45 INF] Database reset via file deletion completed for worker 18255 in 108.7449ms (Close: 0.0006ms, Delete: 1.4184ms, Create: 7.701ms) {"SourceContext": "Infrastructure.Services.DatabaseTestService", "Application": "Crud.Api"}
[04:18:45 INF] Releasing database mutex for worker 18255 {"SourceContext": "Infrastructure.Services.DatabaseTestService", "Application": "Crud.Api"}
[04:18:45 WRN] Failed to determine the https port for redirect. {"EventId": {"Id": 3, "Name": "FailedToDeterminePort"}, "SourceContext": "Microsoft.AspNetCore.HttpsPolicy.HttpsRedirectionMiddleware", "RequestId": "0HNFGT8MUJPC5", "RequestPath": "/api/auth/register", "Application": "Crud.Api"}
[04:18:45 INF] User registered successfully: b1a25cea-24bd-4140-859c-53c4aae25580 {"SourceContext": "App.Features.Authentication.RegisterUserCommandHandler", "ActionId": "28a63aed-9eb0-4359-a02f-2c27a7995531", "ActionName": "Api.Controllers.AuthController.Register (Api)", "RequestId": "0HNFGT8MUJPC5", "RequestPath": "/api/auth/register", "Application": "Crud.Api"}
Activity.TraceId:            11c62b4f42e7f7ed08c23ff9d3fb0654
Activity.SpanId:             52f1d2ebaa8dc927
Activity.TraceFlags:         Recorded
Activity.ActivitySourceName: Microsoft.AspNetCore
Activity.DisplayName:        POST api/Auth/register
Activity.Kind:               Server
Activity.StartTime:          2025-09-11T04:18:45.6047567Z
Activity.Duration:           00:00:00.3044022
Activity.Tags:
    server.address: localhost
    http.request.method: POST
    url.scheme: http
    url.path: /api/auth/register
    network.protocol.version: 1.1
    http.route: api/Auth/register
    http.response.status_code: 200
Resource associated with Activity:
    deployment.environment: Testing
    service.name: Crud.Api
    service.version: 1.0.0
    service.instance.id: 8958bff5-028e-43b0-8103-5553bc095d18
    telemetry.sdk.name: opentelemetry
    telemetry.sdk.language: dotnet
    telemetry.sdk.version: 1.8.1
[04:18:46 INF] User registered successfully: 6ff1a570-2326-4214-bacb-137f1f718028 {"SourceContext": "App.Features.Authentication.RegisterUserCommandHandler", "ActionId": "28a63aed-9eb0-4359-a02f-2c27a7995531", "ActionName": "Api.Controllers.AuthController.Register (Api)", "RequestId": "0HNFGT8MUJPC6", "RequestPath": "/api/auth/register", "Application": "Crud.Api"}
Activity.TraceId:            881206e3d3cad37768817f69ab6b55a3
Activity.SpanId:             c75ad6bccd204497
Activity.TraceFlags:         Recorded
Activity.ActivitySourceName: Microsoft.AspNetCore
Activity.DisplayName:        POST api/Auth/register
Activity.Kind:               Server
Activity.StartTime:          2025-09-11T04:18:45.9097915Z
Activity.Duration:           00:00:00.2999649
Activity.Tags:
    server.address: localhost
    http.request.method: POST
    url.scheme: http
    url.path: /api/auth/register
    network.protocol.version: 1.1
    http.route: api/Auth/register
    http.response.status_code: 200
Resource associated with Activity:
    deployment.environment: Testing
    service.name: Crud.Api
    service.version: 1.0.0
    service.instance.id: 8958bff5-028e-43b0-8103-5553bc095d18
    telemetry.sdk.name: opentelemetry
    telemetry.sdk.language: dotnet
    telemetry.sdk.version: 1.8.1
[04:18:46 INF] User logged in successfully: 6ff1a570-2326-4214-bacb-137f1f718028 {"SourceContext": "App.Features.Authentication.LoginCommandHandler", "ActionId": "4ea911c3-f653-464c-87ec-e5e60f609670", "ActionName": "Api.Controllers.AuthController.Login (Api)", "RequestId": "0HNFGT8MUJPC7", "RequestPath": "/api/auth/login", "Application": "Crud.Api"}
Activity.TraceId:            010aa81f01e3f8aa96c33281243cfd18
Activity.SpanId:             e30d7de871261631
Activity.TraceFlags:         Recorded
Activity.ActivitySourceName: Microsoft.AspNetCore
Activity.DisplayName:        POST api/Auth/login
Activity.Kind:               Server
Activity.StartTime:          2025-09-11T04:18:46.2115251Z
Activity.Duration:           00:00:00.3023563
Activity.Tags:
    server.address: localhost
    http.request.method: POST
    url.scheme: http
    url.path: /api/auth/login
    network.protocol.version: 1.1
    http.route: api/Auth/login
    http.response.status_code: 200
Resource associated with Activity:
    deployment.environment: Testing
    service.name: Crud.Api
    service.version: 1.0.0
    service.instance.id: 8958bff5-028e-43b0-8103-5553bc095d18
    telemetry.sdk.name: opentelemetry
    telemetry.sdk.language: dotnet
    telemetry.sdk.version: 1.8.1
[04:18:46 DBG] Cache miss for key: list:role {"SourceContext": "Infrastructure.Services.Caching.InMemoryCacheService", "ActionId": "0af23e13-a70e-480c-b03d-1994fc4b35f4", "ActionName": "Api.Controllers.RolesController.List (Api)", "RequestId": "0HNFGT8MUJPC8", "RequestPath": "/api/roles", "Application": "Crud.Api"}
[04:18:46 DBG] Set cache value for key: list:role {"SourceContext": "Infrastructure.Services.Caching.InMemoryCacheService", "ActionId": "0af23e13-a70e-480c-b03d-1994fc4b35f4", "ActionName": "Api.Controllers.RolesController.List (Api)", "RequestId": "0HNFGT8MUJPC8", "RequestPath": "/api/roles", "Application": "Crud.Api"}
Activity.TraceId:            15b74b228c9398c35eea527cb03eeb5a
Activity.SpanId:             7ec8fd9aae975035
Activity.TraceFlags:         Recorded
Activity.ActivitySourceName: Microsoft.AspNetCore
Activity.DisplayName:        GET api/Roles
Activity.Kind:               Server
Activity.StartTime:          2025-09-11T04:18:46.5146045Z
Activity.Duration:           00:00:00.0077111
Activity.Tags:
    server.address: localhost
    http.request.method: GET
    url.scheme: http
    url.path: /api/roles
    network.protocol.version: 1.1
    http.route: api/Roles
    http.response.status_code: 200
Resource associated with Activity:
    deployment.environment: Testing
    service.name: Crud.Api
    service.version: 1.0.0
    service.instance.id: 8958bff5-028e-43b0-8103-5553bc095d18
    telemetry.sdk.name: opentelemetry
    telemetry.sdk.language: dotnet
    telemetry.sdk.version: 1.8.1
[04:18:46 DBG] Cache miss for key: list:wall {"SourceContext": "Infrastructure.Services.Caching.InMemoryCacheService", "ActionId": "a1687e68-5215-4b76-9b4c-f003cfd466bc", "ActionName": "Api.Controllers.WallsController.List (Api)", "RequestId": "0HNFGT8MUJPC9", "RequestPath": "/api/walls", "Application": "Crud.Api"}
[04:18:46 DBG] Set cache value for key: list:wall {"SourceContext": "Infrastructure.Services.Caching.InMemoryCacheService", "ActionId": "a1687e68-5215-4b76-9b4c-f003cfd466bc", "ActionName": "Api.Controllers.WallsController.List (Api)", "RequestId": "0HNFGT8MUJPC9", "RequestPath": "/api/walls", "Application": "Crud.Api"}
Activity.TraceId:            15919ed120f2a56be3f7d7bea4d3fea3
Activity.SpanId:             4c30bc2a77a16c19
Activity.TraceFlags:         Recorded
Activity.ActivitySourceName: Microsoft.AspNetCore
Activity.DisplayName:        GET api/Walls
Activity.Kind:               Server
Activity.StartTime:          2025-09-11T04:18:46.5223774Z
Activity.Duration:           00:00:00.0085398
Activity.Tags:
    server.address: localhost
    http.request.method: GET
    url.scheme: http
    url.path: /api/walls
    network.protocol.version: 1.1
    http.route: api/Walls
    http.response.status_code: 200
Resource associated with Activity:
    deployment.environment: Testing
    service.name: Crud.Api
    service.version: 1.0.0
    service.instance.id: 8958bff5-028e-43b0-8103-5553bc095d18
    telemetry.sdk.name: opentelemetry
    telemetry.sdk.language: dotnet
    telemetry.sdk.version: 1.8.1
[04:18:46 DBG] Cache miss for key: name:role:new_role {"SourceContext": "Infrastructure.Services.Caching.InMemoryCacheService", "ActionId": "517140ac-4002-4768-9132-2e81c01b4aad", "ActionName": "Api.Controllers.RolesController.Create (Api)", "RequestId": "0HNFGT8MUJPCA", "RequestPath": "/api/roles", "Application": "Crud.Api"}
[04:18:46 DBG] Removed cache value for key: entity:role:be46fdaeb82448d981bb6327fe5df617 {"SourceContext": "Infrastructure.Services.Caching.InMemoryCacheService", "ActionId": "517140ac-4002-4768-9132-2e81c01b4aad", "ActionName": "Api.Controllers.RolesController.Create (Api)", "RequestId": "0HNFGT8MUJPCA", "RequestPath": "/api/roles", "Application": "Crud.Api"}
[04:18:46 DBG] Removed cache value for key: list:role {"SourceContext": "Infrastructure.Services.Caching.InMemoryCacheService", "ActionId": "517140ac-4002-4768-9132-2e81c01b4aad", "ActionName": "Api.Controllers.RolesController.Create (Api)", "RequestId": "0HNFGT8MUJPCA", "RequestPath": "/api/roles", "Application": "Crud.Api"}
[04:18:46 DBG] Invalidating cache for entity type: roles with tag: roles {"SourceContext": "Api.Services.OutputCacheInvalidationService", "ActionId": "517140ac-4002-4768-9132-2e81c01b4aad", "ActionName": "Api.Controllers.RolesController.Create (Api)", "RequestId": "0HNFGT8MUJPCA", "RequestPath": "/api/roles", "Application": "Crud.Api"}
[04:18:46 INF] Successfully invalidated cache for entity type: roles {"SourceContext": "Api.Services.OutputCacheInvalidationService", "ActionId": "517140ac-4002-4768-9132-2e81c01b4aad", "ActionName": "Api.Controllers.RolesController.Create (Api)", "RequestId": "0HNFGT8MUJPCA", "RequestPath": "/api/roles", "Application": "Crud.Api"}
Activity.TraceId:            5da399699d2097562aa4f72e9a03baeb
Activity.SpanId:             e8e764f8163ecb16
Activity.TraceFlags:         Recorded
Activity.ActivitySourceName: Microsoft.AspNetCore
Activity.DisplayName:        POST api/Roles
Activity.Kind:               Server
Activity.StartTime:          2025-09-11T04:18:46.5309822Z
Activity.Duration:           00:00:00.0076710
Activity.Tags:
    server.address: localhost
    http.request.method: POST
    url.scheme: http
    url.path: /api/roles
    network.protocol.version: 1.1
    http.route: api/Roles
    http.response.status_code: 201
Resource associated with Activity:
    deployment.environment: Testing
    service.name: Crud.Api
    service.version: 1.0.0
    service.instance.id: 8958bff5-028e-43b0-8103-5553bc095d18
    telemetry.sdk.name: opentelemetry
    telemetry.sdk.language: dotnet
    telemetry.sdk.version: 1.8.1
[04:18:46 DBG] Cache miss for key: list:role {"SourceContext": "Infrastructure.Services.Caching.InMemoryCacheService", "ActionId": "0af23e13-a70e-480c-b03d-1994fc4b35f4", "ActionName": "Api.Controllers.RolesController.List (Api)", "RequestId": "0HNFGT8MUJPCB", "RequestPath": "/api/roles", "Application": "Crud.Api"}
[04:18:46 DBG] Set cache value for key: list:role {"SourceContext": "Infrastructure.Services.Caching.InMemoryCacheService", "ActionId": "0af23e13-a70e-480c-b03d-1994fc4b35f4", "ActionName": "Api.Controllers.RolesController.List (Api)", "RequestId": "0HNFGT8MUJPCB", "RequestPath": "/api/roles", "Application": "Crud.Api"}
[04:18:46 DBG] Cache hit for key: list:wall {"SourceContext": "Infrastructure.Services.Caching.InMemoryCacheService", "ActionId": "a1687e68-5215-4b76-9b4c-f003cfd466bc", "ActionName": "Api.Controllers.WallsController.List (Api)", "RequestId": "0HNFGT8MUJPCC", "RequestPath": "/api/walls", "Application": "Crud.Api"}
Activity.TraceId:            e48b33eace300f617ab7c379590a5754
Activity.SpanId:             af6803d70b9b39d8
Activity.TraceFlags:         Recorded
Activity.ActivitySourceName: Microsoft.AspNetCore
Activity.DisplayName:        GET api/Walls
Activity.Kind:               Server
Activity.StartTime:          2025-09-11T04:18:46.5403071Z
Activity.Duration:           00:00:00.0003299
Activity.Tags:
    server.address: localhost
    http.request.method: GET
    url.scheme: http
    url.path: /api/walls
    network.protocol.version: 1.1
    http.route: api/Walls
    http.response.status_code: 200
Resource associated with Activity:
    deployment.environment: Testing
    service.name: Crud.Api
    service.version: 1.0.0
    service.instance.id: 8958bff5-028e-43b0-8103-5553bc095d18
    telemetry.sdk.name: opentelemetry
    telemetry.sdk.language: dotnet
    telemetry.sdk.version: 1.8.1
[04:18:46 INF] Resetting database for worker 18255 {"SourceContext": "Infrastructure.Services.DatabaseTestService", "Application": "Crud.Api"}
[04:18:46 INF] Resetting database via file deletion for worker 18255 in CI environment {"SourceContext": "Infrastructure.Services.DatabaseTestService", "Application": "Crud.Api"}
[04:18:46 INF] Acquiring database mutex for worker 18255... {"SourceContext": "Infrastructure.Services.DatabaseTestService", "Application": "Crud.Api"}
[04:18:46 INF] Database mutex acquired for worker 18255 {"SourceContext": "Infrastructure.Services.DatabaseTestService", "Application": "Crud.Api"}
[04:18:46 INF] Current database state - CanConnect: True {"SourceContext": "Infrastructure.Services.DatabaseTestService", "Application": "Crud.Api"}
[04:18:46 INF] [Phase 0] Closing database connection for worker 18255... {"SourceContext": "Infrastructure.Services.DatabaseTestService", "Application": "Crud.Api"}
[04:18:46 INF] [Phase 0] Connection closed in 0.0006ms {"SourceContext": "Infrastructure.Services.DatabaseTestService", "Application": "Crud.Api"}
[04:18:46 INF] [Phase 1] Starting EnsureDeletedAsync for worker 18255... {"SourceContext": "Infrastructure.Services.DatabaseTestService", "Application": "Crud.Api"}
Activity.TraceId:            1245b53df044c780391d9a9bb053e006
Activity.SpanId:             c59f40b36c07a465
Activity.TraceFlags:         Recorded
Activity.ActivitySourceName: Microsoft.AspNetCore
Activity.DisplayName:        GET api/Roles
Activity.Kind:               Server
Activity.StartTime:          2025-09-11T04:18:46.5387847Z
Activity.Duration:           00:00:00.0031789
Activity.Tags:
    server.address: localhost
    http.request.method: GET
    url.scheme: http
    url.path: /api/roles
    network.protocol.version: 1.1
    http.route: api/Roles
    http.response.status_code: 200
Resource associated with Activity:
    deployment.environment: Testing
    service.name: Crud.Api
    service.version: 1.0.0
    service.instance.id: 8958bff5-028e-43b0-8103-5553bc095d18
    telemetry.sdk.name: opentelemetry
    telemetry.sdk.language: dotnet
    telemetry.sdk.version: 1.8.1
[04:18:46 INF] [Phase 1] EnsureDeletedAsync completed in 3.0807ms {"SourceContext": "Infrastructure.Services.DatabaseTestService", "Application": "Crud.Api"}
[04:18:46 INF] [Phase 2] Starting EnsureCreatedAsync for worker 18255... {"SourceContext": "Infrastructure.Services.DatabaseTestService", "Application": "Crud.Api"}
[04:18:46 INF] [Phase 2] EnsureCreatedAsync completed in 8.9054ms {"SourceContext": "Infrastructure.Services.DatabaseTestService", "Application": "Crud.Api"}
[04:18:46 INF] [Phase 3] Skipping database seeding as requested for worker 18255 {"SourceContext": "Infrastructure.Services.DatabaseTestService", "Application": "Crud.Api"}
[04:18:46 INF] Database reset via file deletion completed for worker 18255 in 111.828ms (Close: 0.0006ms, Delete: 3.0807ms, Create: 8.9054ms) {"SourceContext": "Infrastructure.Services.DatabaseTestService", "Application": "Crud.Api"}
[04:18:46 INF] Releasing database mutex for worker 18255 {"SourceContext": "Infrastructure.Services.DatabaseTestService", "Application": "Crud.Api"}
[04:18:46 INF] Resetting database for worker 18255 {"SourceContext": "Infrastructure.Services.DatabaseTestService", "Application": "Crud.Api"}
[04:18:46 INF] Resetting database via file deletion for worker 18255 in CI environment {"SourceContext": "Infrastructure.Services.DatabaseTestService", "Application": "Crud.Api"}
[04:18:46 INF] Acquiring database mutex for worker 18255... {"SourceContext": "Infrastructure.Services.DatabaseTestService", "Application": "Crud.Api"}
[04:18:46 INF] Database mutex acquired for worker 18255 {"SourceContext": "Infrastructure.Services.DatabaseTestService", "Application": "Crud.Api"}
[04:18:46 INF] Current database state - CanConnect: True {"SourceContext": "Infrastructure.Services.DatabaseTestService", "Application": "Crud.Api"}
[04:18:46 INF] [Phase 0] Closing database connection for worker 18255... {"SourceContext": "Infrastructure.Services.DatabaseTestService", "Application": "Crud.Api"}
[04:18:46 INF] [Phase 0] Connection closed in 0.0007ms {"SourceContext": "Infrastructure.Services.DatabaseTestService", "Application": "Crud.Api"}
[04:18:46 INF] [Phase 1] Starting EnsureDeletedAsync for worker 18255... {"SourceContext": "Infrastructure.Services.DatabaseTestService", "Application": "Crud.Api"}
[04:18:46 INF] [Phase 1] EnsureDeletedAsync completed in 1.3418ms {"SourceContext": "Infrastructure.Services.DatabaseTestService", "Application": "Crud.Api"}
[04:18:46 INF] [Phase 2] Starting EnsureCreatedAsync for worker 18255... {"SourceContext": "Infrastructure.Services.DatabaseTestService", "Application": "Crud.Api"}
[04:18:46 INF] [Phase 2] EnsureCreatedAsync completed in 23.2187ms {"SourceContext": "Infrastructure.Services.DatabaseTestService", "Application": "Crud.Api"}
[04:18:46 INF] [Phase 3] Skipping database seeding as requested for worker 18255 {"SourceContext": "Infrastructure.Services.DatabaseTestService", "Application": "Crud.Api"}
[04:18:46 INF] Database reset via file deletion completed for worker 18255 in 124.1611ms (Close: 0.0007ms, Delete: 1.3418ms, Create: 23.2187ms) {"SourceContext": "Infrastructure.Services.DatabaseTestService", "Application": "Crud.Api"}
[04:18:46 INF] Releasing database mutex for worker 18255 {"SourceContext": "Infrastructure.Services.DatabaseTestService", "Application": "Crud.Api"}
[04:18:47 INF] User registered successfully: 88185216-990e-4672-a619-abdb91e288d7 {"SourceContext": "App.Features.Authentication.RegisterUserCommandHandler", "ActionId": "28a63aed-9eb0-4359-a02f-2c27a7995531", "ActionName": "Api.Controllers.AuthController.Register (Api)", "RequestId": "0HNFGT8MUJPCD", "RequestPath": "/api/auth/register", "Application": "Crud.Api"}
Activity.TraceId:            9d6962119d94e2a9f5bec546ec6e8b92
Activity.SpanId:             b62d2f3ccbadb6e8
Activity.TraceFlags:         Recorded
Activity.ActivitySourceName: Microsoft.AspNetCore
Activity.DisplayName:        POST api/Auth/register
Activity.Kind:               Server
Activity.StartTime:          2025-09-11T04:18:46.7826649Z
Activity.Duration:           00:00:00.3009091
Activity.Tags:
    server.address: localhost
    http.request.method: POST
    url.scheme: http
    url.path: /api/auth/register
    network.protocol.version: 1.1
    http.route: api/Auth/register
    http.response.status_code: 200
Resource associated with Activity:
    deployment.environment: Testing
    service.name: Crud.Api
    service.version: 1.0.0
    service.instance.id: 8958bff5-028e-43b0-8103-5553bc095d18
    telemetry.sdk.name: opentelemetry
    telemetry.sdk.language: dotnet
    telemetry.sdk.version: 1.8.1
[04:18:47 INF] User registered successfully: 6583042a-9fb8-48a2-aa62-fa7a0c4391bd {"SourceContext": "App.Features.Authentication.RegisterUserCommandHandler", "ActionId": "28a63aed-9eb0-4359-a02f-2c27a7995531", "ActionName": "Api.Controllers.AuthController.Register (Api)", "RequestId": "0HNFGT8MUJPCE", "RequestPath": "/api/auth/register", "Application": "Crud.Api"}
Activity.TraceId:            ca5a139c3bbe51db4395c4e1c4e560d5
Activity.SpanId:             0c0b44a597237bdc
Activity.TraceFlags:         Recorded
Activity.ActivitySourceName: Microsoft.AspNetCore
Activity.DisplayName:        POST api/Auth/register
Activity.Kind:               Server
Activity.StartTime:          2025-09-11T04:18:47.0840937Z
Activity.Duration:           00:00:00.2977579
Activity.Tags:
    server.address: localhost
    http.request.method: POST
    url.scheme: http
    url.path: /api/auth/register
    network.protocol.version: 1.1
    http.route: api/Auth/register
    http.response.status_code: 200
Resource associated with Activity:
    deployment.environment: Testing
    service.name: Crud.Api
    service.version: 1.0.0
    service.instance.id: 8958bff5-028e-43b0-8103-5553bc095d18
    telemetry.sdk.name: opentelemetry
    telemetry.sdk.language: dotnet
    telemetry.sdk.version: 1.8.1
[04:18:47 INF] User logged in successfully: 6583042a-9fb8-48a2-aa62-fa7a0c4391bd {"SourceContext": "App.Features.Authentication.LoginCommandHandler", "ActionId": "4ea911c3-f653-464c-87ec-e5e60f609670", "ActionName": "Api.Controllers.AuthController.Login (Api)", "RequestId": "0HNFGT8MUJPCF", "RequestPath": "/api/auth/login", "Application": "Crud.Api"}
Activity.TraceId:            c7b002f1ed00ac7105479125360ab45f
Activity.SpanId:             304d1759cdbff77e
Activity.TraceFlags:         Recorded
Activity.ActivitySourceName: Microsoft.AspNetCore
Activity.DisplayName:        POST api/Auth/login
Activity.Kind:               Server
Activity.StartTime:          2025-09-11T04:18:47.3827975Z
Activity.Duration:           00:00:00.2978793
Activity.Tags:
    server.address: localhost
    http.request.method: POST
    url.scheme: http
    url.path: /api/auth/login
    network.protocol.version: 1.1
    http.route: api/Auth/login
    http.response.status_code: 200
Resource associated with Activity:
    deployment.environment: Testing
    service.name: Crud.Api
    service.version: 1.0.0
    service.instance.id: 8958bff5-028e-43b0-8103-5553bc095d18
    telemetry.sdk.name: opentelemetry
    telemetry.sdk.language: dotnet
    telemetry.sdk.version: 1.8.1
[04:18:47 DBG] Cache miss for key: list:person {"SourceContext": "Infrastructure.Services.Caching.InMemoryCacheService", "ActionId": "7c742077-6dcc-4cd2-8c53-565846df2caf", "ActionName": "Api.Controllers.PeopleController.List (Api)", "RequestId": "0HNFGT8MUJPCG", "RequestPath": "/api/people", "Application": "Crud.Api"}
[04:18:47 DBG] Set cache value for key: list:person {"SourceContext": "Infrastructure.Services.Caching.InMemoryCacheService", "ActionId": "7c742077-6dcc-4cd2-8c53-565846df2caf", "ActionName": "Api.Controllers.PeopleController.List (Api)", "RequestId": "0HNFGT8MUJPCG", "RequestPath": "/api/people", "Application": "Crud.Api"}
Activity.TraceId:            fcc3def2388c4ee29f4c6706a47dedd4
Activity.SpanId:             dc0a76363e7cca42
Activity.TraceFlags:         Recorded
Activity.ActivitySourceName: Microsoft.AspNetCore
Activity.DisplayName:        GET api/People
Activity.Kind:               Server
Activity.StartTime:          2025-09-11T04:18:47.6809327Z
Activity.Duration:           00:00:00.0075157
Activity.Tags:
    server.address: localhost
    http.request.method: GET
    url.scheme: http
    url.path: /api/people
    network.protocol.version: 1.1
    http.route: api/People
    http.response.status_code: 200
Resource associated with Activity:
    deployment.environment: Testing
    service.name: Crud.Api
    service.version: 1.0.0
    service.instance.id: 8958bff5-028e-43b0-8103-5553bc095d18
    telemetry.sdk.name: opentelemetry
    telemetry.sdk.language: dotnet
    telemetry.sdk.version: 1.8.1
[04:18:47 DBG] Removed cache value for key: entity:person:5dcba1fec06a42f7ae1c05035f0b7120 {"SourceContext": "Infrastructure.Services.Caching.InMemoryCacheService", "ActionId": "26808491-bdbf-454a-bf04-bad4c7a1198c", "ActionName": "Api.Controllers.PeopleController.Create (Api)", "RequestId": "0HNFGT8MUJPCH", "RequestPath": "/api/people", "Application": "Crud.Api"}
[04:18:47 DBG] Removed cache value for key: list:person {"SourceContext": "Infrastructure.Services.Caching.InMemoryCacheService", "ActionId": "26808491-bdbf-454a-bf04-bad4c7a1198c", "ActionName": "Api.Controllers.PeopleController.Create (Api)", "RequestId": "0HNFGT8MUJPCH", "RequestPath": "/api/people", "Application": "Crud.Api"}
[04:18:47 DBG] Invalidating cache for entity type: people with tag: people {"SourceContext": "Api.Services.OutputCacheInvalidationService", "ActionId": "26808491-bdbf-454a-bf04-bad4c7a1198c", "ActionName": "Api.Controllers.PeopleController.Create (Api)", "RequestId": "0HNFGT8MUJPCH", "RequestPath": "/api/people", "Application": "Crud.Api"}
[04:18:47 INF] Successfully invalidated cache for entity type: people {"SourceContext": "Api.Services.OutputCacheInvalidationService", "ActionId": "26808491-bdbf-454a-bf04-bad4c7a1198c", "ActionName": "Api.Controllers.PeopleController.Create (Api)", "RequestId": "0HNFGT8MUJPCH", "RequestPath": "/api/people", "Application": "Crud.Api"}
Activity.TraceId:            7ebe0647523240d559d035b65c8c7bd1
Activity.SpanId:             39f3578ae9bdaedd
Activity.TraceFlags:         Recorded
Activity.ActivitySourceName: Microsoft.AspNetCore
Activity.DisplayName:        POST api/People
Activity.Kind:               Server
Activity.StartTime:          2025-09-11T04:18:47.6885187Z
Activity.Duration:           00:00:00.0087203
Activity.Tags:
    server.address: localhost
    http.request.method: POST
    url.scheme: http
    url.path: /api/people
    network.protocol.version: 1.1
    http.route: api/People
    http.response.status_code: 201
Resource associated with Activity:
    deployment.environment: Testing
    service.name: Crud.Api
    service.version: 1.0.0
    service.instance.id: 8958bff5-028e-43b0-8103-5553bc095d18
    telemetry.sdk.name: opentelemetry
    telemetry.sdk.language: dotnet
    telemetry.sdk.version: 1.8.1
[04:18:47 DBG] Cache miss for key: list:person {"SourceContext": "Infrastructure.Services.Caching.InMemoryCacheService", "ActionId": "7c742077-6dcc-4cd2-8c53-565846df2caf", "ActionName": "Api.Controllers.PeopleController.List (Api)", "RequestId": "0HNFGT8MUJPCI", "RequestPath": "/api/people", "Application": "Crud.Api"}
[04:18:47 DBG] Set cache value for key: list:person {"SourceContext": "Infrastructure.Services.Caching.InMemoryCacheService", "ActionId": "7c742077-6dcc-4cd2-8c53-565846df2caf", "ActionName": "Api.Controllers.PeopleController.List (Api)", "RequestId": "0HNFGT8MUJPCI", "RequestPath": "/api/people", "Application": "Crud.Api"}
Activity.TraceId:            e1e0719a043d1f4af739947336140897
Activity.SpanId:             9724a65d1c3bff4b
Activity.TraceFlags:         Recorded
Activity.ActivitySourceName: Microsoft.AspNetCore
Activity.DisplayName:        GET api/People
Activity.Kind:               Server
Activity.StartTime:          2025-09-11T04:18:47.6973001Z
Activity.Duration:           00:00:00.0013875
Activity.Tags:
    server.address: localhost
    http.request.method: GET
    url.scheme: http
    url.path: /api/people
    network.protocol.version: 1.1
    http.route: api/People
    http.response.status_code: 200
Resource associated with Activity:
    deployment.environment: Testing
    service.name: Crud.Api
    service.version: 1.0.0
    service.instance.id: 8958bff5-028e-43b0-8103-5553bc095d18
    telemetry.sdk.name: opentelemetry
    telemetry.sdk.language: dotnet
    telemetry.sdk.version: 1.8.1
[04:18:47 INF] Resetting database for worker 18255 {"SourceContext": "Infrastructure.Services.DatabaseTestService", "Application": "Crud.Api"}
[04:18:47 INF] Resetting database via file deletion for worker 18255 in CI environment {"SourceContext": "Infrastructure.Services.DatabaseTestService", "Application": "Crud.Api"}
[04:18:47 INF] Acquiring database mutex for worker 18255... {"SourceContext": "Infrastructure.Services.DatabaseTestService", "Application": "Crud.Api"}
[04:18:47 INF] Database mutex acquired for worker 18255 {"SourceContext": "Infrastructure.Services.DatabaseTestService", "Application": "Crud.Api"}
[04:18:47 INF] Current database state - CanConnect: True {"SourceContext": "Infrastructure.Services.DatabaseTestService", "Application": "Crud.Api"}
[04:18:47 INF] [Phase 0] Closing database connection for worker 18255... {"SourceContext": "Infrastructure.Services.DatabaseTestService", "Application": "Crud.Api"}
[04:18:47 INF] [Phase 0] Connection closed in 0.0006ms {"SourceContext": "Infrastructure.Services.DatabaseTestService", "Application": "Crud.Api"}
[04:18:47 INF] [Phase 1] Starting EnsureDeletedAsync for worker 18255... {"SourceContext": "Infrastructure.Services.DatabaseTestService", "Application": "Crud.Api"}
[04:18:47 INF] [Phase 1] EnsureDeletedAsync completed in 1.2869ms {"SourceContext": "Infrastructure.Services.DatabaseTestService", "Application": "Crud.Api"}
[04:18:47 INF] [Phase 2] Starting EnsureCreatedAsync for worker 18255... {"SourceContext": "Infrastructure.Services.DatabaseTestService", "Application": "Crud.Api"}
[04:18:47 INF] [Phase 2] EnsureCreatedAsync completed in 8.4471ms {"SourceContext": "Infrastructure.Services.DatabaseTestService", "Application": "Crud.Api"}
[04:18:47 INF] [Phase 3] Skipping database seeding as requested for worker 18255 {"SourceContext": "Infrastructure.Services.DatabaseTestService", "Application": "Crud.Api"}
[04:18:47 INF] Database reset via file deletion completed for worker 18255 in 109.6468ms (Close: 0.0006ms, Delete: 1.2869ms, Create: 8.4471ms) {"SourceContext": "Infrastructure.Services.DatabaseTestService", "Application": "Crud.Api"}
[04:18:47 INF] Releasing database mutex for worker 18255 {"SourceContext": "Infrastructure.Services.DatabaseTestService", "Application": "Crud.Api"}
[04:18:47 INF] Resetting database for worker 18255 {"SourceContext": "Infrastructure.Services.DatabaseTestService", "Application": "Crud.Api"}
[04:18:47 INF] Resetting database via file deletion for worker 18255 in CI environment {"SourceContext": "Infrastructure.Services.DatabaseTestService", "Application": "Crud.Api"}
[04:18:47 INF] Acquiring database mutex for worker 18255... {"SourceContext": "Infrastructure.Services.DatabaseTestService", "Application": "Crud.Api"}
[04:18:47 INF] Database mutex acquired for worker 18255 {"SourceContext": "Infrastructure.Services.DatabaseTestService", "Application": "Crud.Api"}
[04:18:47 INF] Current database state - CanConnect: True {"SourceContext": "Infrastructure.Services.DatabaseTestService", "Application": "Crud.Api"}
[04:18:47 INF] [Phase 0] Closing database connection for worker 18255... {"SourceContext": "Infrastructure.Services.DatabaseTestService", "Application": "Crud.Api"}
[04:18:47 INF] [Phase 0] Connection closed in 0.0006ms {"SourceContext": "Infrastructure.Services.DatabaseTestService", "Application": "Crud.Api"}
[04:18:47 INF] [Phase 1] Starting EnsureDeletedAsync for worker 18255... {"SourceContext": "Infrastructure.Services.DatabaseTestService", "Application": "Crud.Api"}
[04:18:47 INF] [Phase 1] EnsureDeletedAsync completed in 1.0429ms {"SourceContext": "Infrastructure.Services.DatabaseTestService", "Application": "Crud.Api"}
[04:18:47 INF] [Phase 2] Starting EnsureCreatedAsync for worker 18255... {"SourceContext": "Infrastructure.Services.DatabaseTestService", "Application": "Crud.Api"}
[04:18:47 INF] [Phase 2] EnsureCreatedAsync completed in 7.0681ms {"SourceContext": "Infrastructure.Services.DatabaseTestService", "Application": "Crud.Api"}
[04:18:47 INF] [Phase 3] Skipping database seeding as requested for worker 18255 {"SourceContext": "Infrastructure.Services.DatabaseTestService", "Application": "Crud.Api"}
[04:18:47 INF] Database reset via file deletion completed for worker 18255 in 107.7531ms (Close: 0.0006ms, Delete: 1.0429ms, Create: 7.0681ms) {"SourceContext": "Infrastructure.Services.DatabaseTestService", "Application": "Crud.Api"}
[04:18:47 INF] Releasing database mutex for worker 18255 {"SourceContext": "Infrastructure.Services.DatabaseTestService", "Application": "Crud.Api"}
[04:18:48 INF] User registered successfully: a2e16674-4cba-4604-bdfb-3cf9281a3399 {"SourceContext": "App.Features.Authentication.RegisterUserCommandHandler", "ActionId": "28a63aed-9eb0-4359-a02f-2c27a7995531", "ActionName": "Api.Controllers.AuthController.Register (Api)", "RequestId": "0HNFGT8MUJPCJ", "RequestPath": "/api/auth/register", "Application": "Crud.Api"}
Activity.TraceId:            dec2ba7c883eccc93cf6995c3bea3935
Activity.SpanId:             d03850abe5143aa3
Activity.TraceFlags:         Recorded
Activity.ActivitySourceName: Microsoft.AspNetCore
Activity.DisplayName:        POST api/Auth/register
Activity.Kind:               Server
Activity.StartTime:          2025-09-11T04:18:47.9213451Z
Activity.Duration:           00:00:00.2976970
Activity.Tags:
    server.address: localhost
    http.request.method: POST
    url.scheme: http
    url.path: /api/auth/register
    network.protocol.version: 1.1
    http.route: api/Auth/register
    http.response.status_code: 200
Resource associated with Activity:
    deployment.environment: Testing
    service.name: Crud.Api
    service.version: 1.0.0
    service.instance.id: 8958bff5-028e-43b0-8103-5553bc095d18
    telemetry.sdk.name: opentelemetry
    telemetry.sdk.language: dotnet
    telemetry.sdk.version: 1.8.1
[04:18:48 DBG] Cache hit for key: list:role {"SourceContext": "Infrastructure.Services.Caching.InMemoryCacheService", "ActionId": "0af23e13-a70e-480c-b03d-1994fc4b35f4", "ActionName": "Api.Controllers.RolesController.List (Api)", "RequestId": "0HNFGT8MUJPCK", "RequestPath": "/api/roles", "Application": "Crud.Api"}
Activity.TraceId:            0884b937595374431c186c20805209e2
Activity.SpanId:             eeb6304b69a8a72b
Activity.TraceFlags:         Recorded
Activity.ActivitySourceName: Microsoft.AspNetCore
Activity.DisplayName:        GET api/Roles
Activity.Kind:               Server
Activity.StartTime:          2025-09-11T04:18:48.2194559Z
Activity.Duration:           00:00:00.0012541
Activity.Tags:
    server.address: localhost
    http.request.method: GET
    url.scheme: http
    url.path: /api/roles
    network.protocol.version: 1.1
    http.route: api/Roles
    http.response.status_code: 200
Resource associated with Activity:
    deployment.environment: Testing
    service.name: Crud.Api
    service.version: 1.0.0
    service.instance.id: 8958bff5-028e-43b0-8103-5553bc095d18
    telemetry.sdk.name: opentelemetry
    telemetry.sdk.language: dotnet
    telemetry.sdk.version: 1.8.1
[04:18:48 DBG] Cache hit for key: list:role {"SourceContext": "Infrastructure.Services.Caching.InMemoryCacheService", "ActionId": "0af23e13-a70e-480c-b03d-1994fc4b35f4", "ActionName": "Api.Controllers.RolesController.List (Api)", "RequestId": "0HNFGT8MUJPCL", "RequestPath": "/api/roles", "Application": "Crud.Api"}
Activity.TraceId:            d49d68cf27e971efbc106d765586bf27
Activity.SpanId:             9d4046bd700442c7
Activity.TraceFlags:         Recorded
Activity.ActivitySourceName: Microsoft.AspNetCore
Activity.DisplayName:        GET api/Roles
Activity.Kind:               Server
Activity.StartTime:          2025-09-11T04:18:48.2210331Z
Activity.Duration:           00:00:00.0003260
Activity.Tags:
    server.address: localhost
    http.request.method: GET
    url.scheme: http
    url.path: /api/roles
    network.protocol.version: 1.1
    http.route: api/Roles
    http.response.status_code: 200
Resource associated with Activity:
    deployment.environment: Testing
    service.name: Crud.Api
    service.version: 1.0.0
    service.instance.id: 8958bff5-028e-43b0-8103-5553bc095d18
    telemetry.sdk.name: opentelemetry
    telemetry.sdk.language: dotnet
    telemetry.sdk.version: 1.8.1
[04:18:48 DBG] Cache hit for key: list:role {"SourceContext": "Infrastructure.Services.Caching.InMemoryCacheService", "ActionId": "0af23e13-a70e-480c-b03d-1994fc4b35f4", "ActionName": "Api.Controllers.RolesController.List (Api)", "RequestId": "0HNFGT8MUJPCM", "RequestPath": "/api/roles", "Application": "Crud.Api"}
Activity.TraceId:            2214a88a38f8850677a30ddf34bd9b6b
Activity.SpanId:             0188ea90d91a305e
Activity.TraceFlags:         Recorded
Activity.ActivitySourceName: Microsoft.AspNetCore
Activity.DisplayName:        GET api/Roles
Activity.Kind:               Server
Activity.StartTime:          2025-09-11T04:18:48.2217025Z
Activity.Duration:           00:00:00.0003498
Activity.Tags:
    server.address: localhost
    http.request.method: GET
    url.scheme: http
    url.path: /api/roles
    network.protocol.version: 1.1
    http.route: api/Roles
    http.response.status_code: 200
Resource associated with Activity:
    deployment.environment: Testing
    service.name: Crud.Api
    service.version: 1.0.0
    service.instance.id: 8958bff5-028e-43b0-8103-5553bc095d18
    telemetry.sdk.name: opentelemetry
    telemetry.sdk.language: dotnet
    telemetry.sdk.version: 1.8.1
[04:18:48 DBG] Cache hit for key: list:role {"SourceContext": "Infrastructure.Services.Caching.InMemoryCacheService", "ActionId": "0af23e13-a70e-480c-b03d-1994fc4b35f4", "ActionName": "Api.Controllers.RolesController.List (Api)", "RequestId": "0HNFGT8MUJPCN", "RequestPath": "/api/roles", "Application": "Crud.Api"}
Activity.TraceId:            f3222caf57a291847c928eafa689a384
Activity.SpanId:             dc7148d362a1d2b1
Activity.TraceFlags:         Recorded
Activity.ActivitySourceName: Microsoft.AspNetCore
Activity.DisplayName:        GET api/Roles
Activity.Kind:               Server
Activity.StartTime:          2025-09-11T04:18:48.2221040Z
Activity.Duration:           00:00:00.0002902
Activity.Tags:
    server.address: localhost
    http.request.method: GET
    url.scheme: http
    url.path: /api/roles
    network.protocol.version: 1.1
    http.route: api/Roles
    http.response.status_code: 200
Resource associated with Activity:
    deployment.environment: Testing
    service.name: Crud.Api
    service.version: 1.0.0
    service.instance.id: 8958bff5-028e-43b0-8103-5553bc095d18
    telemetry.sdk.name: opentelemetry
    telemetry.sdk.language: dotnet
    telemetry.sdk.version: 1.8.1
[04:18:48 DBG] Cache hit for key: list:role {"SourceContext": "Infrastructure.Services.Caching.InMemoryCacheService", "ActionId": "0af23e13-a70e-480c-b03d-1994fc4b35f4", "ActionName": "Api.Controllers.RolesController.List (Api)", "RequestId": "0HNFGT8MUJPCO", "RequestPath": "/api/roles", "Application": "Crud.Api"}
Activity.TraceId:            0bc3ea0a20c97f61ba4f6e057ece0f4e
Activity.SpanId:             83e01715cbbaa520
Activity.TraceFlags:         Recorded
Activity.ActivitySourceName: Microsoft.AspNetCore
Activity.DisplayName:        GET api/Roles
Activity.Kind:               Server
Activity.StartTime:          2025-09-11T04:18:48.2224332Z
Activity.Duration:           00:00:00.0003143
Activity.Tags:
    server.address: localhost
    http.request.method: GET
    url.scheme: http
    url.path: /api/roles
    network.protocol.version: 1.1
    http.route: api/Roles
    http.response.status_code: 200
Resource associated with Activity:
    deployment.environment: Testing
    service.name: Crud.Api
    service.version: 1.0.0
    service.instance.id: 8958bff5-028e-43b0-8103-5553bc095d18
    telemetry.sdk.name: opentelemetry
    telemetry.sdk.language: dotnet
    telemetry.sdk.version: 1.8.1
[04:18:48 DBG] Cache hit for key: list:role {"SourceContext": "Infrastructure.Services.Caching.InMemoryCacheService", "ActionId": "0af23e13-a70e-480c-b03d-1994fc4b35f4", "ActionName": "Api.Controllers.RolesController.List (Api)", "RequestId": "0HNFGT8MUJPCP", "RequestPath": "/api/roles", "Application": "Crud.Api"}
Activity.TraceId:            47f10cabf55322c3d06214e15e776fcc
Activity.SpanId:             a10ff43434e6fc6a
Activity.TraceFlags:         Recorded
Activity.ActivitySourceName: Microsoft.AspNetCore
Activity.DisplayName:        GET api/Roles
Activity.Kind:               Server
Activity.StartTime:          2025-09-11T04:18:48.2227993Z
Activity.Duration:           00:00:00.0002947
Activity.Tags:
    server.address: localhost
    http.request.method: GET
    url.scheme: http
    url.path: /api/roles
    network.protocol.version: 1.1
    http.route: api/Roles
    http.response.status_code: 200
Resource associated with Activity:
    deployment.environment: Testing
    service.name: Crud.Api
    service.version: 1.0.0
    service.instance.id: 8958bff5-028e-43b0-8103-5553bc095d18
    telemetry.sdk.name: opentelemetry
    telemetry.sdk.language: dotnet
    telemetry.sdk.version: 1.8.1
[04:18:48 DBG] Cache hit for key: list:role {"SourceContext": "Infrastructure.Services.Caching.InMemoryCacheService", "ActionId": "0af23e13-a70e-480c-b03d-1994fc4b35f4", "ActionName": "Api.Controllers.RolesController.List (Api)", "RequestId": "0HNFGT8MUJPCQ", "RequestPath": "/api/roles", "Application": "Crud.Api"}
Activity.TraceId:            45b0d28067619472c17e285a9eafb2fa
Activity.SpanId:             91375dc660230613
Activity.TraceFlags:         Recorded
Activity.ActivitySourceName: Microsoft.AspNetCore
Activity.DisplayName:        GET api/Roles
Activity.Kind:               Server
Activity.StartTime:          2025-09-11T04:18:48.2231972Z
Activity.Duration:           00:00:00.0002879
Activity.Tags:
    server.address: localhost
    http.request.method: GET
    url.scheme: http
    url.path: /api/roles
    network.protocol.version: 1.1
    http.route: api/Roles
    http.response.status_code: 200
Resource associated with Activity:
    deployment.environment: Testing
    service.name: Crud.Api
    service.version: 1.0.0
    service.instance.id: 8958bff5-028e-43b0-8103-5553bc095d18
    telemetry.sdk.name: opentelemetry
    telemetry.sdk.language: dotnet
    telemetry.sdk.version: 1.8.1
[04:18:48 DBG] Cache hit for key: list:role {"SourceContext": "Infrastructure.Services.Caching.InMemoryCacheService", "ActionId": "0af23e13-a70e-480c-b03d-1994fc4b35f4", "ActionName": "Api.Controllers.RolesController.List (Api)", "RequestId": "0HNFGT8MUJPCR", "RequestPath": "/api/roles", "Application": "Crud.Api"}
Activity.TraceId:            025847d999f17555cdfe14bc95ec549d
Activity.SpanId:             bb46e39b8f609641
Activity.TraceFlags:         Recorded
Activity.ActivitySourceName: Microsoft.AspNetCore
Activity.DisplayName:        GET api/Roles
Activity.Kind:               Server
Activity.StartTime:          2025-09-11T04:18:48.2236266Z
Activity.Duration:           00:00:00.0003306
Activity.Tags:
    server.address: localhost
    http.request.method: GET
    url.scheme: http
    url.path: /api/roles
    network.protocol.version: 1.1
    http.route: api/Roles
    http.response.status_code: 200
Resource associated with Activity:
    deployment.environment: Testing
    service.name: Crud.Api
    service.version: 1.0.0
    service.instance.id: 8958bff5-028e-43b0-8103-5553bc095d18
    telemetry.sdk.name: opentelemetry
    telemetry.sdk.language: dotnet
    telemetry.sdk.version: 1.8.1
[04:18:48 DBG] Cache hit for key: list:role {"SourceContext": "Infrastructure.Services.Caching.InMemoryCacheService", "ActionId": "0af23e13-a70e-480c-b03d-1994fc4b35f4", "ActionName": "Api.Controllers.RolesController.List (Api)", "RequestId": "0HNFGT8MUJPCS", "RequestPath": "/api/roles", "Application": "Crud.Api"}
Activity.TraceId:            1c9c40bc1e68f757c81f154e46c0f6ef
Activity.SpanId:             2986a1c3602aafd5
Activity.TraceFlags:         Recorded
Activity.ActivitySourceName: Microsoft.AspNetCore
Activity.DisplayName:        GET api/Roles
Activity.Kind:               Server
Activity.StartTime:          2025-09-11T04:18:48.2242021Z
Activity.Duration:           00:00:00.0002920
Activity.Tags:
    server.address: localhost
    http.request.method: GET
    url.scheme: http
    url.path: /api/roles
    network.protocol.version: 1.1
    http.route: api/Roles
    http.response.status_code: 200
Resource associated with Activity:
    deployment.environment: Testing
    service.name: Crud.Api
    service.version: 1.0.0
    service.instance.id: 8958bff5-028e-43b0-8103-5553bc095d18
    telemetry.sdk.name: opentelemetry
    telemetry.sdk.language: dotnet
    telemetry.sdk.version: 1.8.1
[04:18:48 DBG] Cache hit for key: list:role {"SourceContext": "Infrastructure.Services.Caching.InMemoryCacheService", "ActionId": "0af23e13-a70e-480c-b03d-1994fc4b35f4", "ActionName": "Api.Controllers.RolesController.List (Api)", "RequestId": "0HNFGT8MUJPCT", "RequestPath": "/api/roles", "Application": "Crud.Api"}
Activity.TraceId:            d9408309bd29278670a77712784bad03
Activity.SpanId:             5865bea6662bbd00
Activity.TraceFlags:         Recorded
Activity.ActivitySourceName: Microsoft.AspNetCore
Activity.DisplayName:        GET api/Roles
Activity.Kind:               Server
Activity.StartTime:          2025-09-11T04:18:48.2245816Z
Activity.Duration:           00:00:00.0003163
Activity.Tags:
    server.address: localhost
    http.request.method: GET
    url.scheme: http
    url.path: /api/roles
    network.protocol.version: 1.1
    http.route: api/Roles
    http.response.status_code: 200
Resource associated with Activity:
    deployment.environment: Testing
    service.name: Crud.Api
    service.version: 1.0.0
    service.instance.id: 8958bff5-028e-43b0-8103-5553bc095d18
    telemetry.sdk.name: opentelemetry
    telemetry.sdk.language: dotnet
    telemetry.sdk.version: 1.8.1
[04:18:48 DBG] Cache hit for key: list:role {"SourceContext": "Infrastructure.Services.Caching.InMemoryCacheService", "ActionId": "0af23e13-a70e-480c-b03d-1994fc4b35f4", "ActionName": "Api.Controllers.RolesController.List (Api)", "RequestId": "0HNFGT8MUJPCU", "RequestPath": "/api/roles", "Application": "Crud.Api"}
Activity.TraceId:            d60f8f9c166bf3b2aff90ec9cc1a688b
Activity.SpanId:             c289507c84f56d6a
Activity.TraceFlags:         Recorded
Activity.ActivitySourceName: Microsoft.AspNetCore
Activity.DisplayName:        GET api/Roles
Activity.Kind:               Server
Activity.StartTime:          2025-09-11T04:18:48.2249850Z
Activity.Duration:           00:00:00.0002831
Activity.Tags:
    server.address: localhost
    http.request.method: GET
    url.scheme: http
    url.path: /api/roles
    network.protocol.version: 1.1
    http.route: api/Roles
    http.response.status_code: 200
Resource associated with Activity:
    deployment.environment: Testing
    service.name: Crud.Api
    service.version: 1.0.0
    service.instance.id: 8958bff5-028e-43b0-8103-5553bc095d18
    telemetry.sdk.name: opentelemetry
    telemetry.sdk.language: dotnet
    telemetry.sdk.version: 1.8.1
[04:18:48 INF] Resetting database for worker 18255 {"SourceContext": "Infrastructure.Services.DatabaseTestService", "Application": "Crud.Api"}
[04:18:48 INF] Resetting database via file deletion for worker 18255 in CI environment {"SourceContext": "Infrastructure.Services.DatabaseTestService", "Application": "Crud.Api"}
[04:18:48 INF] Acquiring database mutex for worker 18255... {"SourceContext": "Infrastructure.Services.DatabaseTestService", "Application": "Crud.Api"}
[04:18:48 INF] Database mutex acquired for worker 18255 {"SourceContext": "Infrastructure.Services.DatabaseTestService", "Application": "Crud.Api"}
[04:18:48 INF] Current database state - CanConnect: True {"SourceContext": "Infrastructure.Services.DatabaseTestService", "Application": "Crud.Api"}
[04:18:48 INF] [Phase 0] Closing database connection for worker 18255... {"SourceContext": "Infrastructure.Services.DatabaseTestService", "Application": "Crud.Api"}
[04:18:48 INF] [Phase 0] Connection closed in 0.0006ms {"SourceContext": "Infrastructure.Services.DatabaseTestService", "Application": "Crud.Api"}
[04:18:48 INF] [Phase 1] Starting EnsureDeletedAsync for worker 18255... {"SourceContext": "Infrastructure.Services.DatabaseTestService", "Application": "Crud.Api"}
[04:18:48 INF] [Phase 1] EnsureDeletedAsync completed in 1.1902ms {"SourceContext": "Infrastructure.Services.DatabaseTestService", "Application": "Crud.Api"}
[04:18:48 INF] [Phase 2] Starting EnsureCreatedAsync for worker 18255... {"SourceContext": "Infrastructure.Services.DatabaseTestService", "Application": "Crud.Api"}
[04:18:48 INF] [Phase 2] EnsureCreatedAsync completed in 7.3905ms {"SourceContext": "Infrastructure.Services.DatabaseTestService", "Application": "Crud.Api"}
[04:18:48 INF] [Phase 3] Skipping database seeding as requested for worker 18255 {"SourceContext": "Infrastructure.Services.DatabaseTestService", "Application": "Crud.Api"}
[04:18:48 INF] Database reset via file deletion completed for worker 18255 in 108.2594ms (Close: 0.0006ms, Delete: 1.1902ms, Create: 7.3905ms) {"SourceContext": "Infrastructure.Services.DatabaseTestService", "Application": "Crud.Api"}
[04:18:48 INF] Releasing database mutex for worker 18255 {"SourceContext": "Infrastructure.Services.DatabaseTestService", "Application": "Crud.Api"}
[04:18:48 INF] Resetting database for worker 18255 {"SourceContext": "Infrastructure.Services.DatabaseTestService", "Application": "Crud.Api"}
[04:18:48 INF] Resetting database via file deletion for worker 18255 in CI environment {"SourceContext": "Infrastructure.Services.DatabaseTestService", "Application": "Crud.Api"}
[04:18:48 INF] Acquiring database mutex for worker 18255... {"SourceContext": "Infrastructure.Services.DatabaseTestService", "Application": "Crud.Api"}
[04:18:48 INF] Database mutex acquired for worker 18255 {"SourceContext": "Infrastructure.Services.DatabaseTestService", "Application": "Crud.Api"}
[04:18:48 INF] Current database state - CanConnect: True {"SourceContext": "Infrastructure.Services.DatabaseTestService", "Application": "Crud.Api"}
[04:18:48 INF] [Phase 0] Closing database connection for worker 18255... {"SourceContext": "Infrastructure.Services.DatabaseTestService", "Application": "Crud.Api"}
[04:18:48 INF] [Phase 0] Connection closed in 0.0005ms {"SourceContext": "Infrastructure.Services.DatabaseTestService", "Application": "Crud.Api"}
[04:18:48 INF] [Phase 1] Starting EnsureDeletedAsync for worker 18255... {"SourceContext": "Infrastructure.Services.DatabaseTestService", "Application": "Crud.Api"}
[04:18:48 INF] [Phase 1] EnsureDeletedAsync completed in 1.1223ms {"SourceContext": "Infrastructure.Services.DatabaseTestService", "Application": "Crud.Api"}
[04:18:48 INF] [Phase 2] Starting EnsureCreatedAsync for worker 18255... {"SourceContext": "Infrastructure.Services.DatabaseTestService", "Application": "Crud.Api"}
[04:18:48 INF] [Phase 2] EnsureCreatedAsync completed in 8.8889ms {"SourceContext": "Infrastructure.Services.DatabaseTestService", "Application": "Crud.Api"}
[04:18:48 INF] [Phase 3] Skipping database seeding as requested for worker 18255 {"SourceContext": "Infrastructure.Services.DatabaseTestService", "Application": "Crud.Api"}
[04:18:48 INF] Database reset via file deletion completed for worker 18255 in 110.7032ms (Close: 0.0005ms, Delete: 1.1223ms, Create: 8.8889ms) {"SourceContext": "Infrastructure.Services.DatabaseTestService", "Application": "Crud.Api"}
[04:18:48 INF] Releasing database mutex for worker 18255 {"SourceContext": "Infrastructure.Services.DatabaseTestService", "Application": "Crud.Api"}
[04:18:48 INF] User registered successfully: d4a61601-2f35-46c5-91fc-6c24ca34b45b {"SourceContext": "App.Features.Authentication.RegisterUserCommandHandler", "ActionId": "28a63aed-9eb0-4359-a02f-2c27a7995531", "ActionName": "Api.Controllers.AuthController.Register (Api)", "RequestId": "0HNFGT8MUJPCV", "RequestPath": "/api/auth/register", "Application": "Crud.Api"}
Activity.TraceId:            149d6a7826cd31250372bc8ad6a73d7f
Activity.SpanId:             943f11175d48cf1a
Activity.TraceFlags:         Recorded
Activity.ActivitySourceName: Microsoft.AspNetCore
Activity.DisplayName:        POST api/Auth/register
Activity.Kind:               Server
Activity.StartTime:          2025-09-11T04:18:48.4559153Z
Activity.Duration:           00:00:00.2982286
Activity.Tags:
    server.address: localhost
    http.request.method: POST
    url.scheme: http
    url.path: /api/auth/register
    network.protocol.version: 1.1
    http.route: api/Auth/register
    http.response.status_code: 200
Resource associated with Activity:
    deployment.environment: Testing
    service.name: Crud.Api
    service.version: 1.0.0
    service.instance.id: 8958bff5-028e-43b0-8103-5553bc095d18
    telemetry.sdk.name: opentelemetry
    telemetry.sdk.language: dotnet
    telemetry.sdk.version: 1.8.1
[04:18:49 INF] User registered successfully: 307decea-26a0-4b65-a132-953ef769dd56 {"SourceContext": "App.Features.Authentication.RegisterUserCommandHandler", "ActionId": "28a63aed-9eb0-4359-a02f-2c27a7995531", "ActionName": "Api.Controllers.AuthController.Register (Api)", "RequestId": "0HNFGT8MUJPD0", "RequestPath": "/api/auth/register", "Application": "Crud.Api"}
Activity.TraceId:            ac663a4a17801b0f693ae9576479088e
Activity.SpanId:             981cbdb37499ebce
Activity.TraceFlags:         Recorded
Activity.ActivitySourceName: Microsoft.AspNetCore
Activity.DisplayName:        POST api/Auth/register
Activity.Kind:               Server
Activity.StartTime:          2025-09-11T04:18:48.7546060Z
Activity.Duration:           00:00:00.3008020
Activity.Tags:
    server.address: localhost
    http.request.method: POST
    url.scheme: http
    url.path: /api/auth/register
    network.protocol.version: 1.1
    http.route: api/Auth/register
    http.response.status_code: 200
Resource associated with Activity:
    deployment.environment: Testing
    service.name: Crud.Api
    service.version: 1.0.0
    service.instance.id: 8958bff5-028e-43b0-8103-5553bc095d18
    telemetry.sdk.name: opentelemetry
    telemetry.sdk.language: dotnet
    telemetry.sdk.version: 1.8.1
[04:18:49 INF] User logged in successfully: 307decea-26a0-4b65-a132-953ef769dd56 {"SourceContext": "App.Features.Authentication.LoginCommandHandler", "ActionId": "4ea911c3-f653-464c-87ec-e5e60f609670", "ActionName": "Api.Controllers.AuthController.Login (Api)", "RequestId": "0HNFGT8MUJPD1", "RequestPath": "/api/auth/login", "Application": "Crud.Api"}
Activity.TraceId:            8837fbd53f199a85c04f9e399ae1cc29
Activity.SpanId:             3f2fe8df34de346d
Activity.TraceFlags:         Recorded
Activity.ActivitySourceName: Microsoft.AspNetCore
Activity.DisplayName:        POST api/Auth/login
Activity.Kind:               Server
Activity.StartTime:          2025-09-11T04:18:49.0564145Z
Activity.Duration:           00:00:00.2999751
Activity.Tags:
    server.address: localhost
    http.request.method: POST
    url.scheme: http
    url.path: /api/auth/login
    network.protocol.version: 1.1
    http.route: api/Auth/login
    http.response.status_code: 200
Resource associated with Activity:
    deployment.environment: Testing
    service.name: Crud.Api
    service.version: 1.0.0
    service.instance.id: 8958bff5-028e-43b0-8103-5553bc095d18
    telemetry.sdk.name: opentelemetry
    telemetry.sdk.language: dotnet
    telemetry.sdk.version: 1.8.1
[04:18:49 DBG] Cache hit for key: list:person {"SourceContext": "Infrastructure.Services.Caching.InMemoryCacheService", "ActionId": "7c742077-6dcc-4cd2-8c53-565846df2caf", "ActionName": "Api.Controllers.PeopleController.List (Api)", "RequestId": "0HNFGT8MUJPD2", "RequestPath": "/api/people", "Application": "Crud.Api"}
Activity.TraceId:            c9ab97ad0a36252ea05ba393bbb612dd
Activity.SpanId:             62d47e99bab52ed0
Activity.TraceFlags:         Recorded
Activity.ActivitySourceName: Microsoft.AspNetCore
Activity.DisplayName:        GET api/People
Activity.Kind:               Server
Activity.StartTime:          2025-09-11T04:18:49.3566454Z
Activity.Duration:           00:00:00.0018108
Activity.Tags:
    server.address: localhost
    http.request.method: GET
    url.scheme: http
    url.path: /api/people
    network.protocol.version: 1.1
    http.route: api/People
    http.response.status_code: 200
Resource associated with Activity:
    deployment.environment: Testing
    service.name: Crud.Api
    service.version: 1.0.0
    service.instance.id: 8958bff5-028e-43b0-8103-5553bc095d18
    telemetry.sdk.name: opentelemetry
    telemetry.sdk.language: dotnet
    telemetry.sdk.version: 1.8.1
[04:18:49 DBG] Cache hit for key: list:person {"SourceContext": "Infrastructure.Services.Caching.InMemoryCacheService", "ActionId": "7c742077-6dcc-4cd2-8c53-565846df2caf", "ActionName": "Api.Controllers.PeopleController.List (Api)", "RequestId": "0HNFGT8MUJPD3", "RequestPath": "/api/people", "Application": "Crud.Api"}
Activity.TraceId:            3779de8bd3dca105c9083f1a13c638ae
Activity.SpanId:             c7a836d484e85796
Activity.TraceFlags:         Recorded
Activity.ActivitySourceName: Microsoft.AspNetCore
Activity.DisplayName:        GET api/People
Activity.Kind:               Server
Activity.StartTime:          2025-09-11T04:18:49.3585444Z
Activity.Duration:           00:00:00.0003696
Activity.Tags:
    server.address: localhost
    http.request.method: GET
    url.scheme: http
    url.path: /api/people
    network.protocol.version: 1.1
    http.route: api/People
    http.response.status_code: 200
Resource associated with Activity:
    deployment.environment: Testing
    service.name: Crud.Api
    service.version: 1.0.0
    service.instance.id: 8958bff5-028e-43b0-8103-5553bc095d18
    telemetry.sdk.name: opentelemetry
    telemetry.sdk.language: dotnet
    telemetry.sdk.version: 1.8.1
[04:18:49 DBG] Cache hit for key: list:person {"SourceContext": "Infrastructure.Services.Caching.InMemoryCacheService", "ActionId": "7c742077-6dcc-4cd2-8c53-565846df2caf", "ActionName": "Api.Controllers.PeopleController.List (Api)", "RequestId": "0HNFGT8MUJPD4", "RequestPath": "/api/people", "Application": "Crud.Api"}
[04:18:49 DBG] Returning 304 Not Modified for /api/people (ETag match) {"SourceContext": "Api.Filters.ConditionalRequestFilter", "ActionId": "7c742077-6dcc-4cd2-8c53-565846df2caf", "ActionName": "Api.Controllers.PeopleController.List (Api)", "RequestId": "0HNFGT8MUJPD4", "RequestPath": "/api/people", "Application": "Crud.Api"}
Activity.TraceId:            d2dedbc9b41e3d9e2f65703180f73867
Activity.SpanId:             fd71f8a2853c9a70
Activity.TraceFlags:         Recorded
Activity.ActivitySourceName: Microsoft.AspNetCore
Activity.DisplayName:        GET api/People
Activity.Kind:               Server
Activity.StartTime:          2025-09-11T04:18:49.3600329Z
Activity.Duration:           00:00:00.0039703
Activity.Tags:
    server.address: localhost
    http.request.method: GET
    url.scheme: http
    url.path: /api/people
    network.protocol.version: 1.1
    http.route: api/People
    http.response.status_code: 200
Resource associated with Activity:
    deployment.environment: Testing
    service.name: Crud.Api
    service.version: 1.0.0
    service.instance.id: 8958bff5-028e-43b0-8103-5553bc095d18
    telemetry.sdk.name: opentelemetry
    telemetry.sdk.language: dotnet
    telemetry.sdk.version: 1.8.1
[04:18:49 INF] Resetting database for worker 18255 {"SourceContext": "Infrastructure.Services.DatabaseTestService", "Application": "Crud.Api"}
[04:18:49 INF] Resetting database via file deletion for worker 18255 in CI environment {"SourceContext": "Infrastructure.Services.DatabaseTestService", "Application": "Crud.Api"}
[04:18:49 INF] Acquiring database mutex for worker 18255... {"SourceContext": "Infrastructure.Services.DatabaseTestService", "Application": "Crud.Api"}
[04:18:49 INF] Database mutex acquired for worker 18255 {"SourceContext": "Infrastructure.Services.DatabaseTestService", "Application": "Crud.Api"}
[04:18:49 INF] Current database state - CanConnect: True {"SourceContext": "Infrastructure.Services.DatabaseTestService", "Application": "Crud.Api"}
[04:18:49 INF] [Phase 0] Closing database connection for worker 18255... {"SourceContext": "Infrastructure.Services.DatabaseTestService", "Application": "Crud.Api"}
[04:18:49 INF] [Phase 0] Connection closed in 0.0006ms {"SourceContext": "Infrastructure.Services.DatabaseTestService", "Application": "Crud.Api"}
[04:18:49 INF] [Phase 1] Starting EnsureDeletedAsync for worker 18255... {"SourceContext": "Infrastructure.Services.DatabaseTestService", "Application": "Crud.Api"}
[04:18:49 INF] [Phase 1] EnsureDeletedAsync completed in 1.1184ms {"SourceContext": "Infrastructure.Services.DatabaseTestService", "Application": "Crud.Api"}
[04:18:49 INF] [Phase 2] Starting EnsureCreatedAsync for worker 18255... {"SourceContext": "Infrastructure.Services.DatabaseTestService", "Application": "Crud.Api"}
[04:18:49 INF] [Phase 2] EnsureCreatedAsync completed in 7.3687ms {"SourceContext": "Infrastructure.Services.DatabaseTestService", "Application": "Crud.Api"}
[04:18:49 INF] [Phase 3] Skipping database seeding as requested for worker 18255 {"SourceContext": "Infrastructure.Services.DatabaseTestService", "Application": "Crud.Api"}
[04:18:49 INF] Database reset via file deletion completed for worker 18255 in 107.9575ms (Close: 0.0006ms, Delete: 1.1184ms, Create: 7.3687ms) {"SourceContext": "Infrastructure.Services.DatabaseTestService", "Application": "Crud.Api"}
[04:18:49 INF] Releasing database mutex for worker 18255 {"SourceContext": "Infrastructure.Services.DatabaseTestService", "Application": "Crud.Api"}
[xUnit.net 00:00:59.51]       Expected response3.StatusCode to be HttpStatusCode.NotModified {value: 304}, but found HttpStatusCode.OK {value: 200}.
[xUnit.net 00:00:59.51]       Stack Trace:
[xUnit.net 00:00:59.51]            at FluentAssertions.Execution.XUnit2TestFramework.Throw(String message)
[xUnit.net 00:00:59.51]            at FluentAssertions.Execution.TestFrameworkProvider.Throw(String message)
[xUnit.net 00:00:59.51]            at FluentAssertions.Execution.DefaultAssertionStrategy.HandleFailure(String message)
[xUnit.net 00:00:59.51]            at FluentAssertions.Execution.AssertionScope.FailWith(Func`1 failReasonFunc)
[xUnit.net 00:00:59.51]            at FluentAssertions.Primitives.EnumAssertions`2.Be(TEnum expected, String because, Object[] becauseArgs)
[xUnit.net 00:00:59.51]         /home/runner/work/Crud/Crud/test/Tests.Integration.Backend/OutputCaching/CachingE2ETests.cs(73,0): at Tests.Integration.Backend.OutputCaching.CachingE2ETests.&lt;CompleteCachingWorkflow_ShouldPerformAsExpected&gt;b__2_0()
[xUnit.net 00:00:59.51]         /home/runner/work/Crud/Crud/test/Tests.Integration.Backend/Infrastructure/IntegrationTestBase.cs(48,0): at Tests.Integration.Backend.Infrastructure.IntegrationTestBase.RunWithCleanDatabaseAsync(Func`1 testAction)
[04:18:49 INF] Resetting database for worker 18255 {"SourceContext": "Infrastructure.Services.DatabaseTestService", "Application": "Crud.Api"}
[04:18:49 INF] Resetting database via file deletion for worker 18255 in CI environment {"SourceContext": "Infrastructure.Services.DatabaseTestService", "Application": "Crud.Api"}
[04:18:49 INF] Acquiring database mutex for worker 18255... {"SourceContext": "Infrastructure.Services.DatabaseTestService", "Application": "Crud.Api"}
[04:18:49 INF] Database mutex acquired for worker 18255 {"SourceContext": "Infrastructure.Services.DatabaseTestService", "Application": "Crud.Api"}
[04:18:49 INF] Current database state - CanConnect: True {"SourceContext": "Infrastructure.Services.DatabaseTestService", "Application": "Crud.Api"}
[04:18:49 INF] [Phase 0] Closing database connection for worker 18255... {"SourceContext": "Infrastructure.Services.DatabaseTestService", "Application": "Crud.Api"}
[xUnit.net 00:00:59.51]         /home/runner/work/Crud/Crud/test/Tests.Integration.Backend/Infrastructure/IntegrationTestBase.cs(53,0): at Tests.Integration.Backend.Infrastructure.IntegrationTestBase.RunWithCleanDatabaseAsync(Func`1 testAction)
[04:18:49 INF] [Phase 0] Connection closed in 0.0004ms {"SourceContext": "Infrastructure.Services.DatabaseTestService", "Application": "Crud.Api"}
[04:18:49 INF] [Phase 1] Starting EnsureDeletedAsync for worker 18255... {"SourceContext": "Infrastructure.Services.DatabaseTestService", "Application": "Crud.Api"}
[xUnit.net 00:00:59.51]         /home/runner/work/Crud/Crud/test/Tests.Integration.Backend/OutputCaching/CachingE2ETests.cs(32,0): at Tests.Integration.Backend.OutputCaching.CachingE2ETests.CompleteCachingWorkflow_ShouldPerformAsExpected()
[xUnit.net 00:00:59.51]         --- End of stack trace from previous location ---
[xUnit.net 00:00:59.51]       Output:
[xUnit.net 00:00:59.51]         Initial request (cache miss): 1ms
[xUnit.net 00:00:59.51]         Cached request (cache hit): 0ms
[04:18:49 INF] [Phase 1] EnsureDeletedAsync completed in 1.1507ms {"SourceContext": "Infrastructure.Services.DatabaseTestService", "Application": "Crud.Api"}
[04:18:49 INF] [Phase 2] Starting EnsureCreatedAsync for worker 18255... {"SourceContext": "Infrastructure.Services.DatabaseTestService", "Application": "Crud.Api"}
[04:18:49 INF] [Phase 2] EnsureCreatedAsync completed in 7.3446ms {"SourceContext": "Infrastructure.Services.DatabaseTestService", "Application": "Crud.Api"}
[04:18:49 INF] [Phase 3] Skipping database seeding as requested for worker 18255 {"SourceContext": "Infrastructure.Services.DatabaseTestService", "Application": "Crud.Api"}
[04:18:49 INF] Database reset via file deletion completed for worker 18255 in 108.7121ms (Close: 0.0004ms, Delete: 1.1507ms, Create: 7.3446ms) {"SourceContext": "Infrastructure.Services.DatabaseTestService", "Application": "Crud.Api"}
[04:18:49 INF] Releasing database mutex for worker 18255 {"SourceContext": "Infrastructure.Services.DatabaseTestService", "Application": "Crud.Api"}
[04:18:49 INF] User registered successfully: 61adc4a5-c668-407a-a32f-91744bb963df {"SourceContext": "App.Features.Authentication.RegisterUserCommandHandler", "ActionId": "28a63aed-9eb0-4359-a02f-2c27a7995531", "ActionName": "Api.Controllers.AuthController.Register (Api)", "RequestId": "0HNFGT8MUJPD5", "RequestPath": "/api/auth/register", "Application": "Crud.Api"}
Activity.TraceId:            09ba1d879cc0e9f3141594cf13a0c3c2
Activity.SpanId:             96c5db8fbeb62b39
Activity.TraceFlags:         Recorded
Activity.ActivitySourceName: Microsoft.AspNetCore
Activity.DisplayName:        POST api/Auth/register
Activity.Kind:               Server
Activity.StartTime:          2025-09-11T04:18:49.5858784Z
Activity.Duration:           00:00:00.3026954
Activity.Tags:
    server.address: localhost
    http.request.method: POST
    url.scheme: http
    url.path: /api/auth/register
    network.protocol.version: 1.1
    http.route: api/Auth/register
    http.response.status_code: 200
Resource associated with Activity:
    deployment.environment: Testing
    service.name: Crud.Api
    service.version: 1.0.0
    service.instance.id: 8958bff5-028e-43b0-8103-5553bc095d18
    telemetry.sdk.name: opentelemetry
    telemetry.sdk.language: dotnet
    telemetry.sdk.version: 1.8.1
[04:18:49 DBG] Cache hit for key: list:wall {"SourceContext": "Infrastructure.Services.Caching.InMemoryCacheService", "ActionId": "a1687e68-5215-4b76-9b4c-f003cfd466bc", "ActionName": "Api.Controllers.WallsController.List (Api)", "RequestId": "0HNFGT8MUJPD6", "RequestPath": "/api/walls", "Application": "Crud.Api"}
Activity.TraceId:            318ffdb67ede1574c8c773d6612b16aa
Activity.SpanId:             47c11c775dc03b29
Activity.TraceFlags:         Recorded
Activity.ActivitySourceName: Microsoft.AspNetCore
Activity.DisplayName:        GET api/Walls
Activity.Kind:               Server
Activity.StartTime:          2025-09-11T04:18:49.8890329Z
Activity.Duration:           00:00:00.0017896
Activity.Tags:
    server.address: localhost
    http.request.method: GET
    url.scheme: http
    url.path: /api/walls
    network.protocol.version: 1.1
    http.route: api/Walls
    http.response.status_code: 200
Resource associated with Activity:
    deployment.environment: Testing
    service.name: Crud.Api
    service.version: 1.0.0
    service.instance.id: 8958bff5-028e-43b0-8103-5553bc095d18
    telemetry.sdk.name: opentelemetry
    telemetry.sdk.language: dotnet
    telemetry.sdk.version: 1.8.1
[04:18:49 INF] Resetting database for worker 18255 {"SourceContext": "Infrastructure.Services.DatabaseTestService", "Application": "Crud.Api"}
[04:18:49 INF] Resetting database via file deletion for worker 18255 in CI environment {"SourceContext": "Infrastructure.Services.DatabaseTestService", "Application": "Crud.Api"}
[04:18:49 INF] Acquiring database mutex for worker 18255... {"SourceContext": "Infrastructure.Services.DatabaseTestService", "Application": "Crud.Api"}
[04:18:49 INF] Database mutex acquired for worker 18255 {"SourceContext": "Infrastructure.Services.DatabaseTestService", "Application": "Crud.Api"}
[04:18:49 INF] Current database state - CanConnect: True {"SourceContext": "Infrastructure.Services.DatabaseTestService", "Application": "Crud.Api"}
[04:18:49 INF] [Phase 0] Closing database connection for worker 18255... {"SourceContext": "Infrastructure.Services.DatabaseTestService", "Application": "Crud.Api"}
[04:18:49 INF] [Phase 0] Connection closed in 0.0007ms {"SourceContext": "Infrastructure.Services.DatabaseTestService", "Application": "Crud.Api"}
[04:18:49 INF] [Phase 1] Starting EnsureDeletedAsync for worker 18255... {"SourceContext": "Infrastructure.Services.DatabaseTestService", "Application": "Crud.Api"}
[04:18:49 INF] [Phase 1] EnsureDeletedAsync completed in 1.3269ms {"SourceContext": "Infrastructure.Services.DatabaseTestService", "Application": "Crud.Api"}
[04:18:49 INF] [Phase 2] Starting EnsureCreatedAsync for worker 18255... {"SourceContext": "Infrastructure.Services.DatabaseTestService", "Application": "Crud.Api"}
[04:18:50 INF] [Phase 2] EnsureCreatedAsync completed in 7.7594ms {"SourceContext": "Infrastructure.Services.DatabaseTestService", "Application": "Crud.Api"}
[04:18:50 INF] [Phase 3] Skipping database seeding as requested for worker 18255 {"SourceContext": "Infrastructure.Services.DatabaseTestService", "Application": "Crud.Api"}
[04:18:50 INF] Database reset via file deletion completed for worker 18255 in 109.1452ms (Close: 0.0007ms, Delete: 1.3269ms, Create: 7.7594ms) {"SourceContext": "Infrastructure.Services.DatabaseTestService", "Application": "Crud.Api"}
[04:18:50 INF] Releasing database mutex for worker 18255 {"SourceContext": "Infrastructure.Services.DatabaseTestService", "Application": "Crud.Api"}
[04:18:50 INF] Resetting database for worker 18255 {"SourceContext": "Infrastructure.Services.DatabaseTestService", "Application": "Crud.Api"}
[04:18:50 INF] Resetting database via file deletion for worker 18255 in CI environment {"SourceContext": "Infrastructure.Services.DatabaseTestService", "Application": "Crud.Api"}
[04:18:50 INF] Acquiring database mutex for worker 18255... {"SourceContext": "Infrastructure.Services.DatabaseTestService", "Application": "Crud.Api"}
[04:18:50 INF] Database mutex acquired for worker 18255 {"SourceContext": "Infrastructure.Services.DatabaseTestService", "Application": "Crud.Api"}
[04:18:50 INF] Current database state - CanConnect: True {"SourceContext": "Infrastructure.Services.DatabaseTestService", "Application": "Crud.Api"}
[04:18:50 INF] [Phase 0] Closing database connection for worker 18255... {"SourceContext": "Infrastructure.Services.DatabaseTestService", "Application": "Crud.Api"}
[04:18:50 INF] [Phase 0] Connection closed in 0.0005ms {"SourceContext": "Infrastructure.Services.DatabaseTestService", "Application": "Crud.Api"}
[04:18:50 INF] [Phase 1] Starting EnsureDeletedAsync for worker 18255... {"SourceContext": "Infrastructure.Services.DatabaseTestService", "Application": "Crud.Api"}
[04:18:50 INF] [Phase 1] EnsureDeletedAsync completed in 1.3434ms {"SourceContext": "Infrastructure.Services.DatabaseTestService", "Application": "Crud.Api"}
[04:18:50 INF] [Phase 2] Starting EnsureCreatedAsync for worker 18255... {"SourceContext": "Infrastructure.Services.DatabaseTestService", "Application": "Crud.Api"}
[04:18:50 INF] [Phase 2] EnsureCreatedAsync completed in 7.1447ms {"SourceContext": "Infrastructure.Services.DatabaseTestService", "Application": "Crud.Api"}
[04:18:50 INF] [Phase 3] Skipping database seeding as requested for worker 18255 {"SourceContext": "Infrastructure.Services.DatabaseTestService", "Application": "Crud.Api"}
[04:18:50 INF] Database reset via file deletion completed for worker 18255 in 109.0819ms (Close: 0.0005ms, Delete: 1.3434ms, Create: 7.1447ms) {"SourceContext": "Infrastructure.Services.DatabaseTestService", "Application": "Crud.Api"}
[04:18:50 INF] Releasing database mutex for worker 18255 {"SourceContext": "Infrastructure.Services.DatabaseTestService", "Application": "Crud.Api"}
[04:18:50 INF] User registered successfully: 334b66a9-4caa-4b41-a13f-5004253bb13d {"SourceContext": "App.Features.Authentication.RegisterUserCommandHandler", "ActionId": "28a63aed-9eb0-4359-a02f-2c27a7995531", "ActionName": "Api.Controllers.AuthController.Register (Api)", "RequestId": "0HNFGT8MUJPD7", "RequestPath": "/api/auth/register", "Application": "Crud.Api"}
Activity.TraceId:            362e1ff254dbd9967caa0557be935d10
Activity.SpanId:             eeab381299b3e771
Activity.TraceFlags:         Recorded
Activity.ActivitySourceName: Microsoft.AspNetCore
Activity.DisplayName:        POST api/Auth/register
Activity.Kind:               Server
Activity.StartTime:          2025-09-11T04:18:50.1119435Z
Activity.Duration:           00:00:00.2981466
Activity.Tags:
    server.address: localhost
    http.request.method: POST
    url.scheme: http
    url.path: /api/auth/register
    network.protocol.version: 1.1
    http.route: api/Auth/register
    http.response.status_code: 200
Resource associated with Activity:
    deployment.environment: Testing
    service.name: Crud.Api
    service.version: 1.0.0
    service.instance.id: 8958bff5-028e-43b0-8103-5553bc095d18
    telemetry.sdk.name: opentelemetry
    telemetry.sdk.language: dotnet
    telemetry.sdk.version: 1.8.1
[04:18:50 DBG] Cache hit for key: list:role {"SourceContext": "Infrastructure.Services.Caching.InMemoryCacheService", "ActionId": "0af23e13-a70e-480c-b03d-1994fc4b35f4", "ActionName": "Api.Controllers.RolesController.List (Api)", "RequestId": "0HNFGT8MUJPD8", "RequestPath": "/api/roles", "Application": "Crud.Api"}
Activity.TraceId:            9b28f2c1fd2de4727004e38a9ee482cc
Activity.SpanId:             d9670a272e74c49e
Activity.TraceFlags:         Recorded
Activity.ActivitySourceName: Microsoft.AspNetCore
Activity.DisplayName:        GET api/Roles
Activity.Kind:               Server
Activity.StartTime:          2025-09-11T04:18:50.4102117Z
Activity.Duration:           00:00:00.0004055
Activity.Tags:
    server.address: localhost
    http.request.method: GET
    url.scheme: http
    url.path: /api/roles
    network.protocol.version: 1.1
    http.route: api/Roles
    http.response.status_code: 200
Resource associated with Activity:
    deployment.environment: Testing
    service.name: Crud.Api
    service.version: 1.0.0
    service.instance.id: 8958bff5-028e-43b0-8103-5553bc095d18
    telemetry.sdk.name: opentelemetry
    telemetry.sdk.language: dotnet
    telemetry.sdk.version: 1.8.1
[04:18:50 INF] Resetting database for worker 18255 {"SourceContext": "Infrastructure.Services.DatabaseTestService", "Application": "Crud.Api"}
[04:18:50 INF] Resetting database via file deletion for worker 18255 in CI environment {"SourceContext": "Infrastructure.Services.DatabaseTestService", "Application": "Crud.Api"}
[04:18:50 INF] Acquiring database mutex for worker 18255... {"SourceContext": "Infrastructure.Services.DatabaseTestService", "Application": "Crud.Api"}
[04:18:50 INF] Database mutex acquired for worker 18255 {"SourceContext": "Infrastructure.Services.DatabaseTestService", "Application": "Crud.Api"}
[04:18:50 INF] Current database state - CanConnect: True {"SourceContext": "Infrastructure.Services.DatabaseTestService", "Application": "Crud.Api"}
[04:18:50 INF] [Phase 0] Closing database connection for worker 18255... {"SourceContext": "Infrastructure.Services.DatabaseTestService", "Application": "Crud.Api"}
[04:18:50 INF] [Phase 0] Connection closed in 0.0005ms {"SourceContext": "Infrastructure.Services.DatabaseTestService", "Application": "Crud.Api"}
[04:18:50 INF] [Phase 1] Starting EnsureDeletedAsync for worker 18255... {"SourceContext": "Infrastructure.Services.DatabaseTestService", "Application": "Crud.Api"}
[04:18:50 INF] [Phase 1] EnsureDeletedAsync completed in 1.5057ms {"SourceContext": "Infrastructure.Services.DatabaseTestService", "Application": "Crud.Api"}
[04:18:50 INF] [Phase 2] Starting EnsureCreatedAsync for worker 18255... {"SourceContext": "Infrastructure.Services.DatabaseTestService", "Application": "Crud.Api"}
[04:18:50 INF] [Phase 2] EnsureCreatedAsync completed in 7.7598ms {"SourceContext": "Infrastructure.Services.DatabaseTestService", "Application": "Crud.Api"}
[04:18:50 INF] [Phase 3] Skipping database seeding as requested for worker 18255 {"SourceContext": "Infrastructure.Services.DatabaseTestService", "Application": "Crud.Api"}
[04:18:50 INF] Database reset via file deletion completed for worker 18255 in 109.7581ms (Close: 0.0005ms, Delete: 1.5057ms, Create: 7.7598ms) {"SourceContext": "Infrastructure.Services.DatabaseTestService", "Application": "Crud.Api"}
[04:18:50 INF] Releasing database mutex for worker 18255 {"SourceContext": "Infrastructure.Services.DatabaseTestService", "Application": "Crud.Api"}
[04:18:50 INF] Resetting database for worker 18255 {"SourceContext": "Infrastructure.Services.DatabaseTestService", "Application": "Crud.Api"}
[04:18:50 INF] Resetting database via file deletion for worker 18255 in CI environment {"SourceContext": "Infrastructure.Services.DatabaseTestService", "Application": "Crud.Api"}
[04:18:50 INF] Acquiring database mutex for worker 18255... {"SourceContext": "Infrastructure.Services.DatabaseTestService", "Application": "Crud.Api"}
[04:18:50 INF] Database mutex acquired for worker 18255 {"SourceContext": "Infrastructure.Services.DatabaseTestService", "Application": "Crud.Api"}
[04:18:50 INF] Current database state - CanConnect: True {"SourceContext": "Infrastructure.Services.DatabaseTestService", "Application": "Crud.Api"}
[04:18:50 INF] [Phase 0] Closing database connection for worker 18255... {"SourceContext": "Infrastructure.Services.DatabaseTestService", "Application": "Crud.Api"}
[04:18:50 INF] [Phase 0] Connection closed in 0.0005ms {"SourceContext": "Infrastructure.Services.DatabaseTestService", "Application": "Crud.Api"}
[04:18:50 INF] [Phase 1] Starting EnsureDeletedAsync for worker 18255... {"SourceContext": "Infrastructure.Services.DatabaseTestService", "Application": "Crud.Api"}
[04:18:50 INF] [Phase 1] EnsureDeletedAsync completed in 1.0584ms {"SourceContext": "Infrastructure.Services.DatabaseTestService", "Application": "Crud.Api"}
[04:18:50 INF] [Phase 2] Starting EnsureCreatedAsync for worker 18255... {"SourceContext": "Infrastructure.Services.DatabaseTestService", "Application": "Crud.Api"}
[04:18:50 INF] [Phase 2] EnsureCreatedAsync completed in 9.6336ms {"SourceContext": "Infrastructure.Services.DatabaseTestService", "Application": "Crud.Api"}
[04:18:50 INF] [Phase 3] Skipping database seeding as requested for worker 18255 {"SourceContext": "Infrastructure.Services.DatabaseTestService", "Application": "Crud.Api"}
[04:18:50 INF] Database reset via file deletion completed for worker 18255 in 110.6285ms (Close: 0.0005ms, Delete: 1.0584ms, Create: 9.6336ms) {"SourceContext": "Infrastructure.Services.DatabaseTestService", "Application": "Crud.Api"}
[04:18:50 INF] Releasing database mutex for worker 18255 {"SourceContext": "Infrastructure.Services.DatabaseTestService", "Application": "Crud.Api"}
[04:18:50 INF] User registered successfully: 687c31c5-80ce-4061-8b0e-e1b64e5efad8 {"SourceContext": "App.Features.Authentication.RegisterUserCommandHandler", "ActionId": "28a63aed-9eb0-4359-a02f-2c27a7995531", "ActionName": "Api.Controllers.AuthController.Register (Api)", "RequestId": "0HNFGT8MUJPD9", "RequestPath": "/api/auth/register", "Application": "Crud.Api"}
Activity.TraceId:            dd1db4db0e606bea3d9b6f4e3de51f5a
Activity.SpanId:             1a8adbf84cf58bd4
Activity.TraceFlags:         Recorded
Activity.ActivitySourceName: Microsoft.AspNetCore
Activity.DisplayName:        POST api/Auth/register
Activity.Kind:               Server
Activity.StartTime:          2025-09-11T04:18:50.6331906Z
Activity.Duration:           00:00:00.2977196
Activity.Tags:
    server.address: localhost
    http.request.method: POST
    url.scheme: http
    url.path: /api/auth/register
    network.protocol.version: 1.1
    http.route: api/Auth/register
    http.response.status_code: 200
Resource associated with Activity:
    deployment.environment: Testing
    service.name: Crud.Api
    service.version: 1.0.0
    service.instance.id: 8958bff5-028e-43b0-8103-5553bc095d18
    telemetry.sdk.name: opentelemetry
    telemetry.sdk.language: dotnet
    telemetry.sdk.version: 1.8.1
[04:18:50 DBG] Cache miss for key: list:window {"SourceContext": "Infrastructure.Services.Caching.InMemoryCacheService", "ActionId": "0ce5e27e-5db3-4c3d-a0d4-0cced89aff26", "ActionName": "Api.Controllers.WindowsController.List (Api)", "RequestId": "0HNFGT8MUJPDA", "RequestPath": "/api/windows", "Application": "Crud.Api"}
[04:18:50 DBG] Set cache value for key: list:window {"SourceContext": "Infrastructure.Services.Caching.InMemoryCacheService", "ActionId": "0ce5e27e-5db3-4c3d-a0d4-0cced89aff26", "ActionName": "Api.Controllers.WindowsController.List (Api)", "RequestId": "0HNFGT8MUJPDA", "RequestPath": "/api/windows", "Application": "Crud.Api"}
Activity.TraceId:            5686a5f45ee0b7abbb69ff8aaf1ce996
Activity.SpanId:             779460cbe0ef6696
Activity.TraceFlags:         Recorded
Activity.ActivitySourceName: Microsoft.AspNetCore
Activity.DisplayName:        GET api/Windows
Activity.Kind:               Server
Activity.StartTime:          2025-09-11T04:18:50.9310171Z
Activity.Duration:           00:00:00.0088202
Activity.Tags:
    server.address: localhost
    http.request.method: GET
    url.scheme: http
    url.path: /api/windows
    network.protocol.version: 1.1
    http.route: api/Windows
    http.response.status_code: 200
Resource associated with Activity:
    deployment.environment: Testing
    service.name: Crud.Api
    service.version: 1.0.0
    service.instance.id: 8958bff5-028e-43b0-8103-5553bc095d18
    telemetry.sdk.name: opentelemetry
    telemetry.sdk.language: dotnet
    telemetry.sdk.version: 1.8.1
[04:18:50 INF] Resetting database for worker 18255 {"SourceContext": "Infrastructure.Services.DatabaseTestService", "Application": "Crud.Api"}
[04:18:50 INF] Resetting database via file deletion for worker 18255 in CI environment {"SourceContext": "Infrastructure.Services.DatabaseTestService", "Application": "Crud.Api"}
[04:18:50 INF] Acquiring database mutex for worker 18255... {"SourceContext": "Infrastructure.Services.DatabaseTestService", "Application": "Crud.Api"}
[04:18:50 INF] Database mutex acquired for worker 18255 {"SourceContext": "Infrastructure.Services.DatabaseTestService", "Application": "Crud.Api"}
[04:18:50 INF] Current database state - CanConnect: True {"SourceContext": "Infrastructure.Services.DatabaseTestService", "Application": "Crud.Api"}
[04:18:50 INF] [Phase 0] Closing database connection for worker 18255... {"SourceContext": "Infrastructure.Services.DatabaseTestService", "Application": "Crud.Api"}
[04:18:50 INF] [Phase 0] Connection closed in 0.0006ms {"SourceContext": "Infrastructure.Services.DatabaseTestService", "Application": "Crud.Api"}
[04:18:50 INF] [Phase 1] Starting EnsureDeletedAsync for worker 18255... {"SourceContext": "Infrastructure.Services.DatabaseTestService", "Application": "Crud.Api"}
[04:18:50 INF] [Phase 1] EnsureDeletedAsync completed in 1.1104ms {"SourceContext": "Infrastructure.Services.DatabaseTestService", "Application": "Crud.Api"}
[04:18:51 INF] [Phase 2] Starting EnsureCreatedAsync for worker 18255... {"SourceContext": "Infrastructure.Services.DatabaseTestService", "Application": "Crud.Api"}
[04:18:51 INF] [Phase 2] EnsureCreatedAsync completed in 7.6705ms {"SourceContext": "Infrastructure.Services.DatabaseTestService", "Application": "Crud.Api"}
[04:18:51 INF] [Phase 3] Skipping database seeding as requested for worker 18255 {"SourceContext": "Infrastructure.Services.DatabaseTestService", "Application": "Crud.Api"}
[04:18:51 INF] Database reset via file deletion completed for worker 18255 in 108.4649ms (Close: 0.0006ms, Delete: 1.1104ms, Create: 7.6705ms) {"SourceContext": "Infrastructure.Services.DatabaseTestService", "Application": "Crud.Api"}
[04:18:51 INF] Releasing database mutex for worker 18255 {"SourceContext": "Infrastructure.Services.DatabaseTestService", "Application": "Crud.Api"}
[04:18:51 INF] Resetting database for worker 18255 {"SourceContext": "Infrastructure.Services.DatabaseTestService", "Application": "Crud.Api"}
[04:18:51 INF] Resetting database via file deletion for worker 18255 in CI environment {"SourceContext": "Infrastructure.Services.DatabaseTestService", "Application": "Crud.Api"}
[04:18:51 INF] Acquiring database mutex for worker 18255... {"SourceContext": "Infrastructure.Services.DatabaseTestService", "Application": "Crud.Api"}
[04:18:51 INF] Database mutex acquired for worker 18255 {"SourceContext": "Infrastructure.Services.DatabaseTestService", "Application": "Crud.Api"}
[04:18:51 INF] Current database state - CanConnect: True {"SourceContext": "Infrastructure.Services.DatabaseTestService", "Application": "Crud.Api"}
[04:18:51 INF] [Phase 0] Closing database connection for worker 18255... {"SourceContext": "Infrastructure.Services.DatabaseTestService", "Application": "Crud.Api"}
[04:18:51 INF] [Phase 0] Connection closed in 0.0006ms {"SourceContext": "Infrastructure.Services.DatabaseTestService", "Application": "Crud.Api"}
[04:18:51 INF] [Phase 1] Starting EnsureDeletedAsync for worker 18255... {"SourceContext": "Infrastructure.Services.DatabaseTestService", "Application": "Crud.Api"}
[04:18:51 INF] [Phase 1] EnsureDeletedAsync completed in 1.1261ms {"SourceContext": "Infrastructure.Services.DatabaseTestService", "Application": "Crud.Api"}
[04:18:51 INF] [Phase 2] Starting EnsureCreatedAsync for worker 18255... {"SourceContext": "Infrastructure.Services.DatabaseTestService", "Application": "Crud.Api"}
[04:18:51 INF] [Phase 2] EnsureCreatedAsync completed in 6.8951ms {"SourceContext": "Infrastructure.Services.DatabaseTestService", "Application": "Crud.Api"}
[04:18:51 INF] [Phase 3] Skipping database seeding as requested for worker 18255 {"SourceContext": "Infrastructure.Services.DatabaseTestService", "Application": "Crud.Api"}
[04:18:51 INF] Database reset via file deletion completed for worker 18255 in 107.7021ms (Close: 0.0006ms, Delete: 1.1261ms, Create: 6.8951ms) {"SourceContext": "Infrastructure.Services.DatabaseTestService", "Application": "Crud.Api"}
[04:18:51 INF] Releasing database mutex for worker 18255 {"SourceContext": "Infrastructure.Services.DatabaseTestService", "Application": "Crud.Api"}
[04:18:51 INF] User registered successfully: 63a8d347-1815-415c-8b1d-1ea9c59ebcda {"SourceContext": "App.Features.Authentication.RegisterUserCommandHandler", "ActionId": "28a63aed-9eb0-4359-a02f-2c27a7995531", "ActionName": "Api.Controllers.AuthController.Register (Api)", "RequestId": "0HNFGT8MUJPDB", "RequestPath": "/api/auth/register", "Application": "Crud.Api"}
Activity.TraceId:            b223170052bafcf295195f2d9473d7b0
Activity.SpanId:             22f4151934b5e72c
Activity.TraceFlags:         Recorded
Activity.ActivitySourceName: Microsoft.AspNetCore
Activity.DisplayName:        POST api/Auth/register
Activity.Kind:               Server
Activity.StartTime:          2025-09-11T04:18:51.1580854Z
Activity.Duration:           00:00:00.2979890
Activity.Tags:
    server.address: localhost
    http.request.method: POST
    url.scheme: http
    url.path: /api/auth/register
    network.protocol.version: 1.1
    http.route: api/Auth/register
    http.response.status_code: 200
Resource associated with Activity:
    deployment.environment: Testing
    service.name: Crud.Api
    service.version: 1.0.0
    service.instance.id: 8958bff5-028e-43b0-8103-5553bc095d18
    telemetry.sdk.name: opentelemetry
    telemetry.sdk.language: dotnet
    telemetry.sdk.version: 1.8.1
[04:18:51 DBG] Cache hit for key: list:person {"SourceContext": "Infrastructure.Services.Caching.InMemoryCacheService", "ActionId": "7c742077-6dcc-4cd2-8c53-565846df2caf", "ActionName": "Api.Controllers.PeopleController.List (Api)", "RequestId": "0HNFGT8MUJPDC", "RequestPath": "/api/people", "Application": "Crud.Api"}
Activity.TraceId:            5860d34937a14fa4fbe2bafd36574263
Activity.SpanId:             509a8d26938eb766
Activity.TraceFlags:         Recorded
Activity.ActivitySourceName: Microsoft.AspNetCore
Activity.DisplayName:        GET api/People
Activity.Kind:               Server
Activity.StartTime:          2025-09-11T04:18:51.4561821Z
Activity.Duration:           00:00:00.0004040
Activity.Tags:
    server.address: localhost
    http.request.method: GET
    url.scheme: http
    url.path: /api/people
    network.protocol.version: 1.1
    http.route: api/People
    http.response.status_code: 200
Resource associated with Activity:
    deployment.environment: Testing
    service.name: Crud.Api
    service.version: 1.0.0
    service.instance.id: 8958bff5-028e-43b0-8103-5553bc095d18
    telemetry.sdk.name: opentelemetry
    telemetry.sdk.language: dotnet
    telemetry.sdk.version: 1.8.1
[04:18:51 INF] Resetting database for worker 18255 {"SourceContext": "Infrastructure.Services.DatabaseTestService", "Application": "Crud.Api"}
[04:18:51 INF] Resetting database via file deletion for worker 18255 in CI environment {"SourceContext": "Infrastructure.Services.DatabaseTestService", "Application": "Crud.Api"}
[04:18:51 INF] Acquiring database mutex for worker 18255... {"SourceContext": "Infrastructure.Services.DatabaseTestService", "Application": "Crud.Api"}
[04:18:51 INF] Database mutex acquired for worker 18255 {"SourceContext": "Infrastructure.Services.DatabaseTestService", "Application": "Crud.Api"}
[04:18:51 INF] Current database state - CanConnect: True {"SourceContext": "Infrastructure.Services.DatabaseTestService", "Application": "Crud.Api"}
[04:18:51 INF] [Phase 0] Closing database connection for worker 18255... {"SourceContext": "Infrastructure.Services.DatabaseTestService", "Application": "Crud.Api"}
[04:18:51 INF] [Phase 0] Connection closed in 0.0005ms {"SourceContext": "Infrastructure.Services.DatabaseTestService", "Application": "Crud.Api"}
[04:18:51 INF] [Phase 1] Starting EnsureDeletedAsync for worker 18255... {"SourceContext": "Infrastructure.Services.DatabaseTestService", "Application": "Crud.Api"}
[04:18:51 INF] [Phase 1] EnsureDeletedAsync completed in 1.4314ms {"SourceContext": "Infrastructure.Services.DatabaseTestService", "Application": "Crud.Api"}
[04:18:51 INF] [Phase 2] Starting EnsureCreatedAsync for worker 18255... {"SourceContext": "Infrastructure.Services.DatabaseTestService", "Application": "Crud.Api"}
[04:18:51 INF] [Phase 2] EnsureCreatedAsync completed in 7.5448ms {"SourceContext": "Infrastructure.Services.DatabaseTestService", "Application": "Crud.Api"}
[04:18:51 INF] [Phase 3] Skipping database seeding as requested for worker 18255 {"SourceContext": "Infrastructure.Services.DatabaseTestService", "Application": "Crud.Api"}
[04:18:51 INF] Database reset via file deletion completed for worker 18255 in 109.6019ms (Close: 0.0005ms, Delete: 1.4314ms, Create: 7.5448ms) {"SourceContext": "Infrastructure.Services.DatabaseTestService", "Application": "Crud.Api"}
[04:18:51 INF] Releasing database mutex for worker 18255 {"SourceContext": "Infrastructure.Services.DatabaseTestService", "Application": "Crud.Api"}
[04:18:51 INF] Resetting database for worker 18255 {"SourceContext": "Infrastructure.Services.DatabaseTestService", "Application": "Crud.Api"}
[04:18:51 INF] Resetting database via file deletion for worker 18255 in CI environment {"SourceContext": "Infrastructure.Services.DatabaseTestService", "Application": "Crud.Api"}
[04:18:51 INF] Acquiring database mutex for worker 18255... {"SourceContext": "Infrastructure.Services.DatabaseTestService", "Application": "Crud.Api"}
[04:18:51 INF] Database mutex acquired for worker 18255 {"SourceContext": "Infrastructure.Services.DatabaseTestService", "Application": "Crud.Api"}
[04:18:51 INF] Current database state - CanConnect: True {"SourceContext": "Infrastructure.Services.DatabaseTestService", "Application": "Crud.Api"}
[04:18:51 INF] [Phase 0] Closing database connection for worker 18255... {"SourceContext": "Infrastructure.Services.DatabaseTestService", "Application": "Crud.Api"}
[04:18:51 INF] [Phase 0] Connection closed in 0.0006ms {"SourceContext": "Infrastructure.Services.DatabaseTestService", "Application": "Crud.Api"}
[04:18:51 INF] [Phase 1] Starting EnsureDeletedAsync for worker 18255... {"SourceContext": "Infrastructure.Services.DatabaseTestService", "Application": "Crud.Api"}
[04:18:51 INF] [Phase 1] EnsureDeletedAsync completed in 1.1084ms {"SourceContext": "Infrastructure.Services.DatabaseTestService", "Application": "Crud.Api"}
[04:18:51 INF] [Phase 2] Starting EnsureCreatedAsync for worker 18255... {"SourceContext": "Infrastructure.Services.DatabaseTestService", "Application": "Crud.Api"}
[04:18:51 INF] [Phase 2] EnsureCreatedAsync completed in 7.1528ms {"SourceContext": "Infrastructure.Services.DatabaseTestService", "Application": "Crud.Api"}
[04:18:51 INF] [Phase 3] Skipping database seeding as requested for worker 18255 {"SourceContext": "Infrastructure.Services.DatabaseTestService", "Application": "Crud.Api"}
[04:18:51 INF] Database reset via file deletion completed for worker 18255 in 108.1399ms (Close: 0.0006ms, Delete: 1.1084ms, Create: 7.1528ms) {"SourceContext": "Infrastructure.Services.DatabaseTestService", "Application": "Crud.Api"}
[04:18:51 INF] Releasing database mutex for worker 18255 {"SourceContext": "Infrastructure.Services.DatabaseTestService", "Application": "Crud.Api"}
[04:18:51 INF] User registered successfully: 68ab33da-d78b-4380-aadc-3a157af50c08 {"SourceContext": "App.Features.Authentication.RegisterUserCommandHandler", "ActionId": "28a63aed-9eb0-4359-a02f-2c27a7995531", "ActionName": "Api.Controllers.AuthController.Register (Api)", "RequestId": "0HNFGT8MUJPDD", "RequestPath": "/api/auth/register", "Application": "Crud.Api"}
Activity.TraceId:            66362f0d35d16437e6a5ffb52b9b1325
Activity.SpanId:             353e7a396744a01b
Activity.TraceFlags:         Recorded
Activity.ActivitySourceName: Microsoft.AspNetCore
Activity.DisplayName:        POST api/Auth/register
Activity.Kind:               Server
Activity.StartTime:          2025-09-11T04:18:51.6788502Z
Activity.Duration:           00:00:00.2981230
Activity.Tags:
    server.address: localhost
    http.request.method: POST
    url.scheme: http
    url.path: /api/auth/register
    network.protocol.version: 1.1
    http.route: api/Auth/register
    http.response.status_code: 200
Resource associated with Activity:
    deployment.environment: Testing
    service.name: Crud.Api
    service.version: 1.0.0
    service.instance.id: 8958bff5-028e-43b0-8103-5553bc095d18
    telemetry.sdk.name: opentelemetry
    telemetry.sdk.language: dotnet
    telemetry.sdk.version: 1.8.1
[04:18:51 DBG] Cache hit for key: list:person {"SourceContext": "Infrastructure.Services.Caching.InMemoryCacheService", "ActionId": "7c742077-6dcc-4cd2-8c53-565846df2caf", "ActionName": "Api.Controllers.PeopleController.List (Api)", "RequestId": "0HNFGT8MUJPDE", "RequestPath": "/api/people", "Application": "Crud.Api"}
Activity.TraceId:            e9293030d17b7faeb0ee435b77db6dea
Activity.SpanId:             3ce233bc309140d7
Activity.TraceFlags:         Recorded
Activity.ActivitySourceName: Microsoft.AspNetCore
Activity.DisplayName:        GET api/People
Activity.Kind:               Server
Activity.StartTime:          2025-09-11T04:18:51.9774760Z
Activity.Duration:           00:00:00.0004376
Activity.Tags:
    server.address: localhost
    http.request.method: GET
    url.scheme: http
    url.path: /api/people
    network.protocol.version: 1.1
    http.route: api/People
    http.response.status_code: 200
Resource associated with Activity:
    deployment.environment: Testing
    service.name: Crud.Api
    service.version: 1.0.0
    service.instance.id: 8958bff5-028e-43b0-8103-5553bc095d18
    telemetry.sdk.name: opentelemetry
    telemetry.sdk.language: dotnet
    telemetry.sdk.version: 1.8.1
[04:18:51 DBG] Cache hit for key: list:person {"SourceContext": "Infrastructure.Services.Caching.InMemoryCacheService", "ActionId": "7c742077-6dcc-4cd2-8c53-565846df2caf", "ActionName": "Api.Controllers.PeopleController.List (Api)", "RequestId": "0HNFGT8MUJPDG", "RequestPath": "/api/people", "Application": "Crud.Api"}
[04:18:51 DBG] Cache hit for key: list:person {"SourceContext": "Infrastructure.Services.Caching.InMemoryCacheService", "ActionId": "7c742077-6dcc-4cd2-8c53-565846df2caf", "ActionName": "Api.Controllers.PeopleController.List (Api)", "RequestId": "0HNFGT8MUJPDF", "RequestPath": "/api/people", "Application": "Crud.Api"}
Activity.TraceId:            da4f22c528ec9e53dd35890789e6b239
Activity.SpanId:             01ec1f55c10ac5d1
Activity.TraceFlags:         Recorded
Activity.ActivitySourceName: Microsoft.AspNetCore
Activity.DisplayName:        GET api/People
Activity.Kind:               Server
Activity.StartTime:          2025-09-11T04:18:51.9782573Z
Activity.Duration:           00:00:00.0002928
Activity.Tags:
    server.address: localhost
    http.request.method: GET
    url.scheme: http
    url.path: /api/people
    network.protocol.version: 1.1
    http.route: api/People
    http.response.status_code: 200
Resource associated with Activity:
    deployment.environment: Testing
    service.name: Crud.Api
    service.version: 1.0.0
    service.instance.id: 8958bff5-028e-43b0-8103-5553bc095d18
    telemetry.sdk.name: opentelemetry
    telemetry.sdk.language: dotnet
    telemetry.sdk.version: 1.8.1
Activity.TraceId:            1eff84345f97da6fcb08bc15db49157b
Activity.SpanId:             71f946338d826f11
Activity.TraceFlags:         Recorded
Activity.ActivitySourceName: Microsoft.AspNetCore
Activity.DisplayName:        GET api/People
Activity.Kind:               Server
Activity.StartTime:          2025-09-11T04:18:51.9782777Z
Activity.Duration:           00:00:00.0003875
Activity.Tags:
    server.address: localhost
    http.request.method: GET
    url.scheme: http
    url.path: /api/people
    network.protocol.version: 1.1
    http.route: api/People
    http.response.status_code: 200
Resource associated with Activity:
    deployment.environment: Testing
    service.name: Crud.Api
    service.version: 1.0.0
    service.instance.id: 8958bff5-028e-43b0-8103-5553bc095d18
    telemetry.sdk.name: opentelemetry
    telemetry.sdk.language: dotnet
    telemetry.sdk.version: 1.8.1
[04:18:51 DBG] Cache hit for key: list:person {"SourceContext": "Infrastructure.Services.Caching.InMemoryCacheService", "ActionId": "7c742077-6dcc-4cd2-8c53-565846df2caf", "ActionName": "Api.Controllers.PeopleController.List (Api)", "RequestId": "0HNFGT8MUJPDH", "RequestPath": "/api/people", "Application": "Crud.Api"}
[04:18:51 DBG] Cache hit for key: list:person {"SourceContext": "Infrastructure.Services.Caching.InMemoryCacheService", "ActionId": "7c742077-6dcc-4cd2-8c53-565846df2caf", "ActionName": "Api.Controllers.PeopleController.List (Api)", "RequestId": "0HNFGT8MUJPDI", "RequestPath": "/api/people", "Application": "Crud.Api"}
Activity.TraceId:            e932c660883a1ec9e93882df2651335a
Activity.SpanId:             9d585e447e761527
Activity.TraceFlags:         Recorded
Activity.ActivitySourceName: Microsoft.AspNetCore
Activity.DisplayName:        GET api/People
Activity.Kind:               Server
Activity.StartTime:          2025-09-11T04:18:51.9786300Z
Activity.Duration:           00:00:00.0003237
Activity.Tags:
    server.address: localhost
    http.request.method: GET
    url.scheme: http
    url.path: /api/people
    network.protocol.version: 1.1
    http.route: api/People
    http.response.status_code: 200
Resource associated with Activity:
    deployment.environment: Testing
    service.name: Crud.Api
    service.version: 1.0.0
    service.instance.id: 8958bff5-028e-43b0-8103-5553bc095d18
    telemetry.sdk.name: opentelemetry
    telemetry.sdk.language: dotnet
    telemetry.sdk.version: 1.8.1
Activity.TraceId:            44a52f45c004c052e9094916e252cebe
Activity.SpanId:             0f4bf758295002b1
Activity.TraceFlags:         Recorded
Activity.ActivitySourceName: Microsoft.AspNetCore
Activity.DisplayName:        GET api/People
Activity.Kind:               Server
Activity.StartTime:          2025-09-11T04:18:51.9787586Z
Activity.Duration:           00:00:00.0002782
Activity.Tags:
    server.address: localhost
    http.request.method: GET
    url.scheme: http
    url.path: /api/people
    network.protocol.version: 1.1
    http.route: api/People
    http.response.status_code: 200
Resource associated with Activity:
    deployment.environment: Testing
    service.name: Crud.Api
    service.version: 1.0.0
    service.instance.id: 8958bff5-028e-43b0-8103-5553bc095d18
    telemetry.sdk.name: opentelemetry
    telemetry.sdk.language: dotnet
    telemetry.sdk.version: 1.8.1
[04:18:51 DBG] Cache hit for key: list:person {"SourceContext": "Infrastructure.Services.Caching.InMemoryCacheService", "ActionId": "7c742077-6dcc-4cd2-8c53-565846df2caf", "ActionName": "Api.Controllers.PeopleController.List (Api)", "RequestId": "0HNFGT8MUJPDJ", "RequestPath": "/api/people", "Application": "Crud.Api"}
[04:18:51 DBG] Cache hit for key: list:person {"SourceContext": "Infrastructure.Services.Caching.InMemoryCacheService", "ActionId": "7c742077-6dcc-4cd2-8c53-565846df2caf", "ActionName": "Api.Controllers.PeopleController.List (Api)", "RequestId": "0HNFGT8MUJPDK", "RequestPath": "/api/people", "Application": "Crud.Api"}
Activity.TraceId:            a842c5f5f6a6fe7ac275359024a2f0e6
Activity.SpanId:             16e8da53874de012
Activity.TraceFlags:         Recorded
Activity.ActivitySourceName: Microsoft.AspNetCore
Activity.DisplayName:        GET api/People
Activity.Kind:               Server
Activity.StartTime:          2025-09-11T04:18:51.9790108Z
Activity.Duration:           00:00:00.0002864
Activity.Tags:
    server.address: localhost
    http.request.method: GET
    url.scheme: http
    url.path: /api/people
    network.protocol.version: 1.1
    http.route: api/People
    http.response.status_code: 200
Resource associated with Activity:
    deployment.environment: Testing
    service.name: Crud.Api
    service.version: 1.0.0
    service.instance.id: 8958bff5-028e-43b0-8103-5553bc095d18
    telemetry.sdk.name: opentelemetry
    telemetry.sdk.language: dotnet
    telemetry.sdk.version: 1.8.1
Activity.TraceId:            2147dccc76bd346807cab01208f91940
Activity.SpanId:             a9fce5b865dbeb2a
Activity.TraceFlags:         Recorded
Activity.ActivitySourceName: Microsoft.AspNetCore
Activity.DisplayName:        GET api/People
Activity.Kind:               Server
Activity.StartTime:          2025-09-11T04:18:51.9790939Z
Activity.Duration:           00:00:00.0002610
Activity.Tags:
    server.address: localhost
    http.request.method: GET
    url.scheme: http
    url.path: /api/people
    network.protocol.version: 1.1
    http.route: api/People
    http.response.status_code: 200
Resource associated with Activity:
    deployment.environment: Testing
    service.name: Crud.Api
    service.version: 1.0.0
    service.instance.id: 8958bff5-028e-43b0-8103-5553bc095d18
    telemetry.sdk.name: opentelemetry
    telemetry.sdk.language: dotnet
    telemetry.sdk.version: 1.8.1
[04:18:51 DBG] Cache hit for key: list:person {"SourceContext": "Infrastructure.Services.Caching.InMemoryCacheService", "ActionId": "7c742077-6dcc-4cd2-8c53-565846df2caf", "ActionName": "Api.Controllers.PeopleController.List (Api)", "RequestId": "0HNFGT8MUJPDL", "RequestPath": "/api/people", "Application": "Crud.Api"}
[04:18:51 DBG] Cache hit for key: list:person {"SourceContext": "Infrastructure.Services.Caching.InMemoryCacheService", "ActionId": "7c742077-6dcc-4cd2-8c53-565846df2caf", "ActionName": "Api.Controllers.PeopleController.List (Api)", "RequestId": "0HNFGT8MUJPDM", "RequestPath": "/api/people", "Application": "Crud.Api"}
Activity.TraceId:            fe6bd735f503baaf4dafd4db9026c4ff
Activity.SpanId:             5b3ca2f332bf0820
Activity.TraceFlags:         Recorded
Activity.ActivitySourceName: Microsoft.AspNetCore
Activity.DisplayName:        GET api/People
Activity.Kind:               Server
Activity.StartTime:          2025-09-11T04:18:51.9793823Z
Activity.Duration:           00:00:00.0002778
Activity.Tags:
    server.address: localhost
    http.request.method: GET
    url.scheme: http
    url.path: /api/people
    network.protocol.version: 1.1
    http.route: api/People
    http.response.status_code: 200
Resource associated with Activity:
    deployment.environment: Testing
    service.name: Crud.Api
    service.version: 1.0.0
    service.instance.id: 8958bff5-028e-43b0-8103-5553bc095d18
    telemetry.sdk.name: opentelemetry
    telemetry.sdk.language: dotnet
    telemetry.sdk.version: 1.8.1
Activity.TraceId:            da18df9448021cbd88607bbebd13adc6
Activity.SpanId:             4246a70dfdb05fc1
Activity.TraceFlags:         Recorded
Activity.ActivitySourceName: Microsoft.AspNetCore
Activity.DisplayName:        GET api/People
Activity.Kind:               Server
Activity.StartTime:          2025-09-11T04:18:51.9794139Z
Activity.Duration:           00:00:00.0002463
Activity.Tags:
    server.address: localhost
    http.request.method: GET
    url.scheme: http
    url.path: /api/people
    network.protocol.version: 1.1
    http.route: api/People
    http.response.status_code: 200
Resource associated with Activity:
    deployment.environment: Testing
    service.name: Crud.Api
    service.version: 1.0.0
    service.instance.id: 8958bff5-028e-43b0-8103-5553bc095d18
    telemetry.sdk.name: opentelemetry
    telemetry.sdk.language: dotnet
    telemetry.sdk.version: 1.8.1
[04:18:51 DBG] Cache hit for key: list:person {"SourceContext": "Infrastructure.Services.Caching.InMemoryCacheService", "ActionId": "7c742077-6dcc-4cd2-8c53-565846df2caf", "ActionName": "Api.Controllers.PeopleController.List (Api)", "RequestId": "0HNFGT8MUJPDN", "RequestPath": "/api/people", "Application": "Crud.Api"}
[04:18:51 DBG] Cache hit for key: list:person {"SourceContext": "Infrastructure.Services.Caching.InMemoryCacheService", "ActionId": "7c742077-6dcc-4cd2-8c53-565846df2caf", "ActionName": "Api.Controllers.PeopleController.List (Api)", "RequestId": "0HNFGT8MUJPDO", "RequestPath": "/api/people", "Application": "Crud.Api"}
Activity.TraceId:            9dee576b5d71aa86713940e0597d2c70
Activity.SpanId:             a8d0370f29ed6014
Activity.TraceFlags:         Recorded
Activity.ActivitySourceName: Microsoft.AspNetCore
Activity.DisplayName:        GET api/People
Activity.Kind:               Server
Activity.StartTime:          2025-09-11T04:18:51.9797434Z
Activity.Duration:           00:00:00.0003088
Activity.Tags:
    server.address: localhost
    http.request.method: GET
    url.scheme: http
    url.path: /api/people
    network.protocol.version: 1.1
    http.route: api/People
    http.response.status_code: 200
Resource associated with Activity:
    deployment.environment: Testing
    service.name: Crud.Api
    service.version: 1.0.0
    service.instance.id: 8958bff5-028e-43b0-8103-5553bc095d18
    telemetry.sdk.name: opentelemetry
    telemetry.sdk.language: dotnet
    telemetry.sdk.version: 1.8.1
[04:18:51 DBG] Cache hit for key: list:person {"SourceContext": "Infrastructure.Services.Caching.InMemoryCacheService", "ActionId": "7c742077-6dcc-4cd2-8c53-565846df2caf", "ActionName": "Api.Controllers.PeopleController.List (Api)", "RequestId": "0HNFGT8MUJPDP", "RequestPath": "/api/people", "Application": "Crud.Api"}
[04:18:51 DBG] Cache hit for key: list:person {"SourceContext": "Infrastructure.Services.Caching.InMemoryCacheService", "ActionId": "7c742077-6dcc-4cd2-8c53-565846df2caf", "ActionName": "Api.Controllers.PeopleController.List (Api)", "RequestId": "0HNFGT8MUJPDQ", "RequestPath": "/api/people", "Application": "Crud.Api"}
Activity.TraceId:            148db59199776e0c482dd4b6880295b2
Activity.SpanId:             be4d754ba095289f
Activity.TraceFlags:         Recorded
Activity.ActivitySourceName: Microsoft.AspNetCore
Activity.DisplayName:        GET api/People
Activity.Kind:               Server
Activity.StartTime:          2025-09-11T04:18:51.9801289Z
Activity.Duration:           00:00:00.0002809
Activity.Tags:
    server.address: localhost
    http.request.method: GET
    url.scheme: http
    url.path: /api/people
    network.protocol.version: 1.1
    http.route: api/People
    http.response.status_code: 200
Resource associated with Activity:
    deployment.environment: Testing
    service.name: Crud.Api
    service.version: 1.0.0
    service.instance.id: 8958bff5-028e-43b0-8103-5553bc095d18
    telemetry.sdk.name: opentelemetry
    telemetry.sdk.language: dotnet
    telemetry.sdk.version: 1.8.1
Activity.TraceId:            4e657848f2e9840e6bb0ea31dd658640
Activity.SpanId:             996d0e89a622d908
Activity.TraceFlags:         Recorded
Activity.ActivitySourceName: Microsoft.AspNetCore
Activity.DisplayName:        GET api/People
Activity.Kind:               Server
Activity.StartTime:          2025-09-11T04:18:51.9797681Z
Activity.Duration:           00:00:00.0003029
Activity.Tags:
    server.address: localhost
    http.request.method: GET
    url.scheme: http
    url.path: /api/people
    network.protocol.version: 1.1
    http.route: api/People
    http.response.status_code: 200
Resource associated with Activity:
    deployment.environment: Testing
    service.name: Crud.Api
    service.version: 1.0.0
    service.instance.id: 8958bff5-028e-43b0-8103-5553bc095d18
    telemetry.sdk.name: opentelemetry
    telemetry.sdk.language: dotnet
    telemetry.sdk.version: 1.8.1
Activity.TraceId:            2bb8ff3abc96480ac7e41f2f66652e9a
Activity.SpanId:             6815bba134d90178
Activity.TraceFlags:         Recorded
Activity.ActivitySourceName: Microsoft.AspNetCore
Activity.DisplayName:        GET api/People
Activity.Kind:               Server
Activity.StartTime:          2025-09-11T04:18:51.9799084Z
Activity.Duration:           00:00:00.0006865
Activity.Tags:
    server.address: localhost
    http.request.method: GET
    url.scheme: http
    url.path: /api/people
    network.protocol.version: 1.1
    http.route: api/People
    http.response.status_code: 200
Resource associated with Activity:
    deployment.environment: Testing
    service.name: Crud.Api
    service.version: 1.0.0
    service.instance.id: 8958bff5-028e-43b0-8103-5553bc095d18
    telemetry.sdk.name: opentelemetry
    telemetry.sdk.language: dotnet
    telemetry.sdk.version: 1.8.1
[04:18:51 DBG] Cache hit for key: list:person {"SourceContext": "Infrastructure.Services.Caching.InMemoryCacheService", "ActionId": "7c742077-6dcc-4cd2-8c53-565846df2caf", "ActionName": "Api.Controllers.PeopleController.List (Api)", "RequestId": "0HNFGT8MUJPDR", "RequestPath": "/api/people", "Application": "Crud.Api"}
[04:18:51 DBG] Cache hit for key: list:person {"SourceContext": "Infrastructure.Services.Caching.InMemoryCacheService", "ActionId": "7c742077-6dcc-4cd2-8c53-565846df2caf", "ActionName": "Api.Controllers.PeopleController.List (Api)", "RequestId": "0HNFGT8MUJPDS", "RequestPath": "/api/people", "Application": "Crud.Api"}
Activity.TraceId:            5f00f626bd842739d3cb3565c86f222e
Activity.SpanId:             7f2a839a9c701f4e
Activity.TraceFlags:         Recorded
Activity.ActivitySourceName: Microsoft.AspNetCore
Activity.DisplayName:        GET api/People
Activity.Kind:               Server
Activity.StartTime:          2025-09-11T04:18:51.9804902Z
Activity.Duration:           00:00:00.0003033
Activity.Tags:
    server.address: localhost
    http.request.method: GET
    url.scheme: http
    url.path: /api/people
    network.protocol.version: 1.1
    http.route: api/People
    http.response.status_code: 200
Resource associated with Activity:
    deployment.environment: Testing
    service.name: Crud.Api
    service.version: 1.0.0
    service.instance.id: 8958bff5-028e-43b0-8103-5553bc095d18
    telemetry.sdk.name: opentelemetry
    telemetry.sdk.language: dotnet
    telemetry.sdk.version: 1.8.1
Activity.TraceId:            beba24f2aa0fb985486ddee2c01926d6
Activity.SpanId:             f9abaf5bd4c6f1ec
Activity.TraceFlags:         Recorded
Activity.ActivitySourceName: Microsoft.AspNetCore
Activity.DisplayName:        GET api/People
Activity.Kind:               Server
Activity.StartTime:          2025-09-11T04:18:51.9805411Z
Activity.Duration:           00:00:00.0003108
Activity.Tags:
    server.address: localhost
    http.request.method: GET
    url.scheme: http
    url.path: /api/people
    network.protocol.version: 1.1
    http.route: api/People
    http.response.status_code: 200
[04:18:51 DBG] Cache hit for key: list:person {"SourceContext": "Infrastructure.Services.Caching.InMemoryCacheService", "ActionId": "7c742077-6dcc-4cd2-8c53-565846df2caf", "ActionName": "Api.Controllers.PeopleController.List (Api)", "RequestId": "0HNFGT8MUJPDT", "RequestPath": "/api/people", "Application": "Crud.Api"}
Resource associated with Activity:
    deployment.environment: Testing
    service.name: Crud.Api
    service.version: 1.0.0
    service.instance.id: 8958bff5-028e-43b0-8103-5553bc095d18
    telemetry.sdk.name: opentelemetry
    telemetry.sdk.language: dotnet
    telemetry.sdk.version: 1.8.1
Activity.TraceId:            dc9f2e587a2031eea207d0a0406c13dc
Activity.SpanId:             57d9ed80bdb787c0
Activity.TraceFlags:         Recorded
Activity.ActivitySourceName: Microsoft.AspNetCore
Activity.DisplayName:        GET api/People
Activity.Kind:               Server
Activity.StartTime:          2025-09-11T04:18:51.9806740Z
Activity.Duration:           00:00:00.0002820
Activity.Tags:
    server.address: localhost
    http.request.method: GET
    url.scheme: http
    url.path: /api/people
    network.protocol.version: 1.1
    http.route: api/People
    http.response.status_code: 200
Resource associated with Activity:
    deployment.environment: Testing
    service.name: Crud.Api
    service.version: 1.0.0
    service.instance.id: 8958bff5-028e-43b0-8103-5553bc095d18
    telemetry.sdk.name: opentelemetry
    telemetry.sdk.language: dotnet
    telemetry.sdk.version: 1.8.1
[04:18:51 DBG] Cache hit for key: list:person {"SourceContext": "Infrastructure.Services.Caching.InMemoryCacheService", "ActionId": "7c742077-6dcc-4cd2-8c53-565846df2caf", "ActionName": "Api.Controllers.PeopleController.List (Api)", "RequestId": "0HNFGT8MUJPDU", "RequestPath": "/api/people", "Application": "Crud.Api"}
[04:18:51 DBG] Cache hit for key: list:person {"SourceContext": "Infrastructure.Services.Caching.InMemoryCacheService", "ActionId": "7c742077-6dcc-4cd2-8c53-565846df2caf", "ActionName": "Api.Controllers.PeopleController.List (Api)", "RequestId": "0HNFGT8MUJPDV", "RequestPath": "/api/people", "Application": "Crud.Api"}
Activity.TraceId:            9b8a364b4cf6fbd6943b043c9e3b4c66
Activity.SpanId:             dcfff66672f7455a
Activity.TraceFlags:         Recorded
Activity.ActivitySourceName: Microsoft.AspNetCore
Activity.DisplayName:        GET api/People
Activity.Kind:               Server
Activity.StartTime:          2025-09-11T04:18:51.9808564Z
Activity.Duration:           00:00:00.0002794
Activity.Tags:
    server.address: localhost
    http.request.method: GET
    url.scheme: http
    url.path: /api/people
    network.protocol.version: 1.1
    http.route: api/People
    http.response.status_code: 200
Resource associated with Activity:
    deployment.environment: Testing
    service.name: Crud.Api
    service.version: 1.0.0
    service.instance.id: 8958bff5-028e-43b0-8103-5553bc095d18
[04:18:51 DBG] Cache hit for key: list:person {"SourceContext": "Infrastructure.Services.Caching.InMemoryCacheService", "ActionId": "7c742077-6dcc-4cd2-8c53-565846df2caf", "ActionName": "Api.Controllers.PeopleController.List (Api)", "RequestId": "0HNFGT8MUJPE0", "RequestPath": "/api/people", "Application": "Crud.Api"}
    telemetry.sdk.name: opentelemetry
    telemetry.sdk.language: dotnet
    telemetry.sdk.version: 1.8.1
Activity.TraceId:            8dcbec8319511b6753349b3ab76ff01b
Activity.SpanId:             1aa0509a614a2b9b
Activity.TraceFlags:         Recorded
Activity.ActivitySourceName: Microsoft.AspNetCore
Activity.DisplayName:        GET api/People
Activity.Kind:               Server
Activity.StartTime:          2025-09-11T04:18:51.9810179Z
Activity.Duration:           00:00:00.0002670
Activity.Tags:
    server.address: localhost
    http.request.method: GET
    url.scheme: http
    url.path: /api/people
    network.protocol.version: 1.1
    http.route: api/People
    http.response.status_code: 200
Resource associated with Activity:
    deployment.environment: Testing
    service.name: Crud.Api
    service.version: 1.0.0
    service.instance.id: 8958bff5-028e-43b0-8103-5553bc095d18
    telemetry.sdk.name: opentelemetry
    telemetry.sdk.language: dotnet
    telemetry.sdk.version: 1.8.1
[04:18:51 DBG] Cache hit for key: list:person {"SourceContext": "Infrastructure.Services.Caching.InMemoryCacheService", "ActionId": "7c742077-6dcc-4cd2-8c53-565846df2caf", "ActionName": "Api.Controllers.PeopleController.List (Api)", "RequestId": "0HNFGT8MUJPE1", "RequestPath": "/api/people", "Application": "Crud.Api"}
Activity.TraceId:            875cc8f00d986afd153fce87781371f4
Activity.SpanId:             9d3765398d44bf5d
Activity.TraceFlags:         Recorded
Activity.ActivitySourceName: Microsoft.AspNetCore
Activity.DisplayName:        GET api/People
Activity.Kind:               Server
Activity.StartTime:          2025-09-11T04:18:51.9812403Z
Activity.Duration:           00:00:00.0003204
Activity.Tags:
    server.address: localhost
    http.request.method: GET
    url.scheme: http
    url.path: /api/people
    network.protocol.version: 1.1
    http.route: api/People
    http.response.status_code: 200
Resource associated with Activity:
    deployment.environment: Testing
    service.name: Crud.Api
    service.version: 1.0.0
    service.instance.id: 8958bff5-028e-43b0-8103-5553bc095d18
    telemetry.sdk.name: opentelemetry
    telemetry.sdk.language: dotnet
    telemetry.sdk.version: 1.8.1
[04:18:51 DBG] Cache hit for key: list:person {"SourceContext": "Infrastructure.Services.Caching.InMemoryCacheService", "ActionId": "7c742077-6dcc-4cd2-8c53-565846df2caf", "ActionName": "Api.Controllers.PeopleController.List (Api)", "RequestId": "0HNFGT8MUJPE2", "RequestPath": "/api/people", "Application": "Crud.Api"}
Activity.TraceId:            8f32d30c1181e4928c56628c41c9672a
Activity.SpanId:             9a290d2109a13848
Activity.TraceFlags:         Recorded
Activity.ActivitySourceName: Microsoft.AspNetCore
Activity.DisplayName:        GET api/People
Activity.Kind:               Server
Activity.StartTime:          2025-09-11T04:18:51.9814781Z
Activity.Duration:           00:00:00.0005527
Activity.Tags:
    server.address: localhost
    http.request.method: GET
    url.scheme: http
    url.path: /api/people
    network.protocol.version: 1.1
    http.route: api/People
    http.response.status_code: 200
Resource associated with Activity:
    deployment.environment: Testing
    service.name: Crud.Api
    service.version: 1.0.0
    service.instance.id: 8958bff5-028e-43b0-8103-5553bc095d18
    telemetry.sdk.name: opentelemetry
    telemetry.sdk.language: dotnet
    telemetry.sdk.version: 1.8.1
[04:18:51 INF] Resetting database for worker 18255 {"SourceContext": "Infrastructure.Services.DatabaseTestService", "Application": "Crud.Api"}
[04:18:51 INF] Resetting database via file deletion for worker 18255 in CI environment {"SourceContext": "Infrastructure.Services.DatabaseTestService", "Application": "Crud.Api"}
[04:18:51 INF] Acquiring database mutex for worker 18255... {"SourceContext": "Infrastructure.Services.DatabaseTestService", "Application": "Crud.Api"}
[04:18:51 INF] Database mutex acquired for worker 18255 {"SourceContext": "Infrastructure.Services.DatabaseTestService", "Application": "Crud.Api"}
[04:18:51 INF] Current database state - CanConnect: True {"SourceContext": "Infrastructure.Services.DatabaseTestService", "Application": "Crud.Api"}
[04:18:51 INF] [Phase 0] Closing database connection for worker 18255... {"SourceContext": "Infrastructure.Services.DatabaseTestService", "Application": "Crud.Api"}
[04:18:51 INF] [Phase 0] Connection closed in 0.0007ms {"SourceContext": "Infrastructure.Services.DatabaseTestService", "Application": "Crud.Api"}
[04:18:51 INF] [Phase 1] Starting EnsureDeletedAsync for worker 18255... {"SourceContext": "Infrastructure.Services.DatabaseTestService", "Application": "Crud.Api"}
Activity.TraceId:            e8e44be6411bb3eb0817ef9350760ec4
Activity.SpanId:             6a898c6336e9950d
Activity.TraceFlags:         Recorded
Activity.ActivitySourceName: Microsoft.AspNetCore
Activity.DisplayName:        GET api/People
Activity.Kind:               Server
Activity.StartTime:          2025-09-11T04:18:51.9809138Z
Activity.Duration:           00:00:00.0002834
Activity.Tags:
    server.address: localhost
    http.request.method: GET
    url.scheme: http
    url.path: /api/people
    network.protocol.version: 1.1
    http.route: api/People
    http.response.status_code: 200
Resource associated with Activity:
    deployment.environment: Testing
    service.name: Crud.Api
    service.version: 1.0.0
    service.instance.id: 8958bff5-028e-43b0-8103-5553bc095d18
    telemetry.sdk.name: opentelemetry
    telemetry.sdk.language: dotnet
    telemetry.sdk.version: 1.8.1
[04:18:51 INF] [Phase 1] EnsureDeletedAsync completed in 1.2774ms {"SourceContext": "Infrastructure.Services.DatabaseTestService", "Application": "Crud.Api"}
[04:18:52 INF] [Phase 2] Starting EnsureCreatedAsync for worker 18255... {"SourceContext": "Infrastructure.Services.DatabaseTestService", "Application": "Crud.Api"}
[04:18:52 INF] [Phase 2] EnsureCreatedAsync completed in 9.5248ms {"SourceContext": "Infrastructure.Services.DatabaseTestService", "Application": "Crud.Api"}
[04:18:52 INF] [Phase 3] Skipping database seeding as requested for worker 18255 {"SourceContext": "Infrastructure.Services.DatabaseTestService", "Application": "Crud.Api"}
[04:18:52 INF] Database reset via file deletion completed for worker 18255 in 110.6261ms (Close: 0.0007ms, Delete: 1.2774ms, Create: 9.5248ms) {"SourceContext": "Infrastructure.Services.DatabaseTestService", "Application": "Crud.Api"}
[04:18:52 INF] Releasing database mutex for worker 18255 {"SourceContext": "Infrastructure.Services.DatabaseTestService", "Application": "Crud.Api"}
[04:18:52 INF] Resetting database for worker 18255 {"SourceContext": "Infrastructure.Services.DatabaseTestService", "Application": "Crud.Api"}
[04:18:52 INF] Resetting database via file deletion for worker 18255 in CI environment {"SourceContext": "Infrastructure.Services.DatabaseTestService", "Application": "Crud.Api"}
[04:18:52 INF] Acquiring database mutex for worker 18255... {"SourceContext": "Infrastructure.Services.DatabaseTestService", "Application": "Crud.Api"}
[04:18:52 INF] Database mutex acquired for worker 18255 {"SourceContext": "Infrastructure.Services.DatabaseTestService", "Application": "Crud.Api"}
[04:18:52 INF] Current database state - CanConnect: True {"SourceContext": "Infrastructure.Services.DatabaseTestService", "Application": "Crud.Api"}
[04:18:52 INF] [Phase 0] Closing database connection for worker 18255... {"SourceContext": "Infrastructure.Services.DatabaseTestService", "Application": "Crud.Api"}
[04:18:52 INF] [Phase 0] Connection closed in 0.0005ms {"SourceContext": "Infrastructure.Services.DatabaseTestService", "Application": "Crud.Api"}
[04:18:52 INF] [Phase 1] Starting EnsureDeletedAsync for worker 18255... {"SourceContext": "Infrastructure.Services.DatabaseTestService", "Application": "Crud.Api"}
[04:18:52 INF] [Phase 1] EnsureDeletedAsync completed in 1.0998ms {"SourceContext": "Infrastructure.Services.DatabaseTestService", "Application": "Crud.Api"}
[04:18:52 INF] [Phase 2] Starting EnsureCreatedAsync for worker 18255... {"SourceContext": "Infrastructure.Services.DatabaseTestService", "Application": "Crud.Api"}
[04:18:52 INF] [Phase 2] EnsureCreatedAsync completed in 6.983ms {"SourceContext": "Infrastructure.Services.DatabaseTestService", "Application": "Crud.Api"}
[04:18:52 INF] [Phase 3] Skipping database seeding as requested for worker 18255 {"SourceContext": "Infrastructure.Services.DatabaseTestService", "Application": "Crud.Api"}
[04:18:52 INF] Database reset via file deletion completed for worker 18255 in 108.2086ms (Close: 0.0005ms, Delete: 1.0998ms, Create: 6.983ms) {"SourceContext": "Infrastructure.Services.DatabaseTestService", "Application": "Crud.Api"}
[04:18:52 INF] Releasing database mutex for worker 18255 {"SourceContext": "Infrastructure.Services.DatabaseTestService", "Application": "Crud.Api"}
[04:18:52 INF] User registered successfully: dbd68262-891f-4477-840c-0d82ebc71d42 {"SourceContext": "App.Features.Authentication.RegisterUserCommandHandler", "ActionId": "28a63aed-9eb0-4359-a02f-2c27a7995531", "ActionName": "Api.Controllers.AuthController.Register (Api)", "RequestId": "0HNFGT8MUJPE3", "RequestPath": "/api/auth/register", "Application": "Crud.Api"}
Activity.TraceId:            7e3713921d3070e1c5715c9ca4d27208
Activity.SpanId:             8ce3e6fe8ade599a
Activity.TraceFlags:         Recorded
Activity.ActivitySourceName: Microsoft.AspNetCore
Activity.DisplayName:        POST api/Auth/register
Activity.Kind:               Server
Activity.StartTime:          2025-09-11T04:18:52.2056002Z
Activity.Duration:           00:00:00.2983372
Activity.Tags:
    server.address: localhost
    http.request.method: POST
    url.scheme: http
    url.path: /api/auth/register
    network.protocol.version: 1.1
    http.route: api/Auth/register
    http.response.status_code: 200
Resource associated with Activity:
    deployment.environment: Testing
    service.name: Crud.Api
    service.version: 1.0.0
    service.instance.id: 8958bff5-028e-43b0-8103-5553bc095d18
    telemetry.sdk.name: opentelemetry
    telemetry.sdk.language: dotnet
    telemetry.sdk.version: 1.8.1
[04:18:52 DBG] Cache miss for key: entity:person:81959c7b8cf24d79b81466be4ec901be {"SourceContext": "Infrastructure.Services.Caching.InMemoryCacheService", "ActionId": "1902a861-9670-45db-9e91-08a659f69ce0", "ActionName": "Api.Controllers.PeopleController.Get (Api)", "RequestId": "0HNFGT8MUJPE4", "RequestPath": "/api/people/81959c7b-8cf2-4d79-b814-66be4ec901be", "Application": "Crud.Api"}
[04:18:52 DBG] Set cache value for key: entity:person:81959c7b8cf24d79b81466be4ec901be {"SourceContext": "Infrastructure.Services.Caching.InMemoryCacheService", "ActionId": "1902a861-9670-45db-9e91-08a659f69ce0", "ActionName": "Api.Controllers.PeopleController.Get (Api)", "RequestId": "0HNFGT8MUJPE4", "RequestPath": "/api/people/81959c7b-8cf2-4d79-b814-66be4ec901be", "Application": "Crud.Api"}
Activity.TraceId:            3245906cddfa7a1745c4711435fe43da
Activity.SpanId:             bae1b67104d5b6a9
Activity.TraceFlags:         Recorded
Activity.ActivitySourceName: Microsoft.AspNetCore
Activity.DisplayName:        GET api/People/{id:guid}
Activity.Kind:               Server
Activity.StartTime:          2025-09-11T04:18:52.5043488Z
Activity.Duration:           00:00:00.0035753
Activity.Tags:
    server.address: localhost
    http.request.method: GET
    url.scheme: http
    url.path: /api/people/81959c7b-8cf2-4d79-b814-66be4ec901be
    network.protocol.version: 1.1
    http.route: api/People/{id:guid}
    http.response.status_code: 200
Resource associated with Activity:
    deployment.environment: Testing
    service.name: Crud.Api
    service.version: 1.0.0
    service.instance.id: 8958bff5-028e-43b0-8103-5553bc095d18
    telemetry.sdk.name: opentelemetry
    telemetry.sdk.language: dotnet
    telemetry.sdk.version: 1.8.1
[04:18:52 DBG] Cache hit for key: entity:person:81959c7b8cf24d79b81466be4ec901be {"SourceContext": "Infrastructure.Services.Caching.InMemoryCacheService", "ActionId": "1902a861-9670-45db-9e91-08a659f69ce0", "ActionName": "Api.Controllers.PeopleController.Get (Api)", "RequestId": "0HNFGT8MUJPE6", "RequestPath": "/api/people/81959c7b-8cf2-4d79-b814-66be4ec901be", "Application": "Crud.Api"}
Activity.TraceId:            accf058e1cbf279d6178284723d4cba4
Activity.SpanId:             9fe137d40a24d5c5
Activity.TraceFlags:         Recorded
Activity.ActivitySourceName: Microsoft.AspNetCore
Activity.DisplayName:        GET api/People/{id:guid}
Activity.Kind:               Server
Activity.StartTime:          2025-09-11T04:18:52.5081781Z
Activity.Duration:           00:00:00.0004549
Activity.Tags:
    server.address: localhost
    http.request.method: GET
    url.scheme: http
    url.path: /api/people/81959c7b-8cf2-4d79-b814-66be4ec901be
    network.protocol.version: 1.1
    http.route: api/People/{id:guid}
    http.response.status_code: 200
Resource associated with Activity:
    deployment.environment: Testing
    service.name: Crud.Api
    service.version: 1.0.0
    service.instance.id: 8958bff5-028e-43b0-8103-5553bc095d18
    telemetry.sdk.name: opentelemetry
    telemetry.sdk.language: dotnet
    telemetry.sdk.version: 1.8.1
[04:18:52 DBG] Cache hit for key: entity:person:81959c7b8cf24d79b81466be4ec901be {"SourceContext": "Infrastructure.Services.Caching.InMemoryCacheService", "ActionId": "1902a861-9670-45db-9e91-08a659f69ce0", "ActionName": "Api.Controllers.PeopleController.Get (Api)", "RequestId": "0HNFGT8MUJPE5", "RequestPath": "/api/people/81959c7b-8cf2-4d79-b814-66be4ec901be", "Application": "Crud.Api"}
[04:18:52 DBG] Cache hit for key: entity:person:81959c7b8cf24d79b81466be4ec901be {"SourceContext": "Infrastructure.Services.Caching.InMemoryCacheService", "ActionId": "1902a861-9670-45db-9e91-08a659f69ce0", "ActionName": "Api.Controllers.PeopleController.Get (Api)", "RequestId": "0HNFGT8MUJPE7", "RequestPath": "/api/people/81959c7b-8cf2-4d79-b814-66be4ec901be", "Application": "Crud.Api"}
Activity.TraceId:            1700211a89ba277b6c28df253d0333bf
Activity.SpanId:             b1ffef3f2698e5a6
Activity.TraceFlags:         Recorded
Activity.ActivitySourceName: Microsoft.AspNetCore
Activity.DisplayName:        GET api/People/{id:guid}
Activity.Kind:               Server
Activity.StartTime:          2025-09-11T04:18:52.5081310Z
Activity.Duration:           00:00:00.0007813
Activity.Tags:
    server.address: localhost
    http.request.method: GET
    url.scheme: http
    url.path: /api/people/81959c7b-8cf2-4d79-b814-66be4ec901be
    network.protocol.version: 1.1
    http.route: api/People/{id:guid}
    http.response.status_code: 200
Resource associated with Activity:
    deployment.environment: Testing
    service.name: Crud.Api
    service.version: 1.0.0
    service.instance.id: 8958bff5-028e-43b0-8103-5553bc095d18
    telemetry.sdk.name: opentelemetry
    telemetry.sdk.language: dotnet
    telemetry.sdk.version: 1.8.1
Activity.TraceId:            325c66e0299624f6974f0d2a97032869
Activity.SpanId:             545f51c5bc6a7482
Activity.TraceFlags:         Recorded
Activity.ActivitySourceName: Microsoft.AspNetCore
Activity.DisplayName:        GET api/People/{id:guid}
Activity.Kind:               Server
Activity.StartTime:          2025-09-11T04:18:52.5085811Z
Activity.Duration:           00:00:00.0003518
Activity.Tags:
    server.address: localhost
    http.request.method: GET
    url.scheme: http
    url.path: /api/people/81959c7b-8cf2-4d79-b814-66be4ec901be
    network.protocol.version: 1.1
    http.route: api/People/{id:guid}
    http.response.status_code: 200
Resource associated with Activity:
    deployment.environment: Testing
    service.name: Crud.Api
[04:18:52 DBG] Cache hit for key: entity:person:81959c7b8cf24d79b81466be4ec901be {"SourceContext": "Infrastructure.Services.Caching.InMemoryCacheService", "ActionId": "1902a861-9670-45db-9e91-08a659f69ce0", "ActionName": "Api.Controllers.PeopleController.Get (Api)", "RequestId": "0HNFGT8MUJPE8", "RequestPath": "/api/people/81959c7b-8cf2-4d79-b814-66be4ec901be", "Application": "Crud.Api"}
    service.version: 1.0.0
    service.instance.id: 8958bff5-028e-43b0-8103-5553bc095d18
    telemetry.sdk.name: opentelemetry
    telemetry.sdk.language: dotnet
    telemetry.sdk.version: 1.8.1
Activity.TraceId:            ce8183d7b80eb2ac55dd03714a0fbdf6
Activity.SpanId:             67c9fad88315bd00
Activity.TraceFlags:         Recorded
Activity.ActivitySourceName: Microsoft.AspNetCore
Activity.DisplayName:        GET api/People/{id:guid}
Activity.Kind:               Server
Activity.StartTime:          2025-09-11T04:18:52.5087654Z
Activity.Duration:           00:00:00.0003233
Activity.Tags:
    server.address: localhost
    http.request.method: GET
    url.scheme: http
    url.path: /api/people/81959c7b-8cf2-4d79-b814-66be4ec901be
    network.protocol.version: 1.1
    http.route: api/People/{id:guid}
    http.response.status_code: 200
Resource associated with Activity:
    deployment.environment: Testing
    service.name: Crud.Api
    service.version: 1.0.0
    service.instance.id: 8958bff5-028e-43b0-8103-5553bc095d18
    telemetry.sdk.name: opentelemetry
    telemetry.sdk.language: dotnet
    telemetry.sdk.version: 1.8.1
[04:18:52 DBG] Cache hit for key: entity:person:81959c7b8cf24d79b81466be4ec901be {"SourceContext": "Infrastructure.Services.Caching.InMemoryCacheService", "ActionId": "1902a861-9670-45db-9e91-08a659f69ce0", "ActionName": "Api.Controllers.PeopleController.Get (Api)", "RequestId": "0HNFGT8MUJPE9", "RequestPath": "/api/people/81959c7b-8cf2-4d79-b814-66be4ec901be", "Application": "Crud.Api"}
Activity.TraceId:            b714123061bcb8713f04edd8dba6ad2b
Activity.SpanId:             800946aa39e1ecc6
Activity.TraceFlags:         Recorded
Activity.ActivitySourceName: Microsoft.AspNetCore
Activity.DisplayName:        GET api/People/{id:guid}
Activity.Kind:               Server
Activity.StartTime:          2025-09-11T04:18:52.5089928Z
Activity.Duration:           00:00:00.0019626
Activity.Tags:
    server.address: localhost
    http.request.method: GET
    url.scheme: http
    url.path: /api/people/81959c7b-8cf2-4d79-b814-66be4ec901be
    network.protocol.version: 1.1
    http.route: api/People/{id:guid}
    http.response.status_code: 200
Resource associated with Activity:
    deployment.environment: Testing
    service.name: Crud.Api
    service.version: 1.0.0
    service.instance.id: 8958bff5-028e-43b0-8103-5553bc095d18
    telemetry.sdk.name: opentelemetry
    telemetry.sdk.language: dotnet
    telemetry.sdk.version: 1.8.1
[04:18:52 INF] Resetting database for worker 18255 {"SourceContext": "Infrastructure.Services.DatabaseTestService", "Application": "Crud.Api"}
[04:18:52 INF] Resetting database via file deletion for worker 18255 in CI environment {"SourceContext": "Infrastructure.Services.DatabaseTestService", "Application": "Crud.Api"}
[04:18:52 INF] Acquiring database mutex for worker 18255... {"SourceContext": "Infrastructure.Services.DatabaseTestService", "Application": "Crud.Api"}
[04:18:52 INF] Database mutex acquired for worker 18255 {"SourceContext": "Infrastructure.Services.DatabaseTestService", "Application": "Crud.Api"}
[04:18:52 INF] Current database state - CanConnect: True {"SourceContext": "Infrastructure.Services.DatabaseTestService", "Application": "Crud.Api"}
[04:18:52 INF] [Phase 0] Closing database connection for worker 18255... {"SourceContext": "Infrastructure.Services.DatabaseTestService", "Application": "Crud.Api"}
[04:18:52 INF] [Phase 0] Connection closed in 0.0006ms {"SourceContext": "Infrastructure.Services.DatabaseTestService", "Application": "Crud.Api"}
[04:18:52 INF] [Phase 1] Starting EnsureDeletedAsync for worker 18255... {"SourceContext": "Infrastructure.Services.DatabaseTestService", "Application": "Crud.Api"}
[04:18:52 INF] [Phase 1] EnsureDeletedAsync completed in 1.0654ms {"SourceContext": "Infrastructure.Services.DatabaseTestService", "Application": "Crud.Api"}
[04:18:52 INF] [Phase 2] Starting EnsureCreatedAsync for worker 18255... {"SourceContext": "Infrastructure.Services.DatabaseTestService", "Application": "Crud.Api"}
[04:18:52 INF] [Phase 2] EnsureCreatedAsync completed in 8.3926ms {"SourceContext": "Infrastructure.Services.DatabaseTestService", "Application": "Crud.Api"}
[04:18:52 INF] [Phase 3] Skipping database seeding as requested for worker 18255 {"SourceContext": "Infrastructure.Services.DatabaseTestService", "Application": "Crud.Api"}
[04:18:52 INF] Database reset via file deletion completed for worker 18255 in 108.9521ms (Close: 0.0006ms, Delete: 1.0654ms, Create: 8.3926ms) {"SourceContext": "Infrastructure.Services.DatabaseTestService", "Application": "Crud.Api"}
[04:18:52 INF] Releasing database mutex for worker 18255 {"SourceContext": "Infrastructure.Services.DatabaseTestService", "Application": "Crud.Api"}
Resource associated with Metric:
    deployment.environment: Testing
    service.name: Crud.Api
    service.version: 1.0.0
    service.instance.id: 8958bff5-028e-43b0-8103-5553bc095d18
    telemetry.sdk.name: opentelemetry
    telemetry.sdk.language: dotnet
    telemetry.sdk.version: 1.8.1
Metric Name: http.server.active_requests, Number of active HTTP server requests., Unit: {request}, Meter: Microsoft.AspNetCore.Hosting
(2025-09-11T04:18:45.4893740Z, 2025-09-11T04:18:52.6216985Z] http.request.method: POST url.scheme: http LongSumNonMonotonic
Value: 0
(2025-09-11T04:18:45.4893740Z, 2025-09-11T04:18:52.6216985Z] http.request.method: GET url.scheme: http LongSumNonMonotonic
Value: 0
Metric Name: http.server.request.duration, Duration of HTTP server requests., Unit: s, Meter: Microsoft.AspNetCore.Hosting
(2025-09-11T04:18:45.4894405Z, 2025-09-11T04:18:52.6217005Z] http.request.method: POST http.response.status_code: 200 http.route: api/Auth/register network.protocol.version: 1.1 url.scheme: http Histogram
Value: Sum: 3.8927715999999997 Count: 13 Min: 0.2976979 Max: 0.3044009 
(-Infinity,0.005]:0
(0.005,0.01]:0
(0.01,0.025]:0
(0.025,0.05]:0
(0.05,0.075]:0
(0.075,0.1]:0
(0.1,0.25]:0
(0.25,0.5]:13
(0.5,0.75]:0
(0.75,1]:0
(1,2.5]:0
(2.5,5]:0
(5,7.5]:0
(7.5,10]:0
(10,+Infinity]:0
(2025-09-11T04:18:45.4894405Z, 2025-09-11T04:18:52.6217005Z] http.request.method: POST http.response.status_code: 200 http.route: api/Auth/login network.protocol.version: 1.1 url.scheme: http Histogram
Value: Sum: 0.9001953 Count: 3 Min: 0.2978759 Max: 0.3023478 
(-Infinity,0.005]:0
(0.005,0.01]:0
(0.01,0.025]:0
(0.025,0.05]:0
(0.05,0.075]:0
(0.075,0.1]:0
(0.1,0.25]:0
(0.25,0.5]:3
(0.5,0.75]:0
(0.75,1]:0
(1,2.5]:0
(2.5,5]:0
(5,7.5]:0
(7.5,10]:0
(10,+Infinity]:0
(2025-09-11T04:18:45.4894405Z, 2025-09-11T04:18:52.6217005Z] http.request.method: GET http.response.status_code: 200 http.route: api/Roles network.protocol.version: 1.1 url.scheme: http Histogram
Value: Sum: 0.013915599999999998 Count: 14 Min: 0.0002811 Max: 0.0077087 
(-Infinity,0.005]:13
(0.005,0.01]:1
(0.01,0.025]:0
(0.025,0.05]:0
(0.05,0.075]:0
(0.075,0.1]:0
(0.1,0.25]:0
(0.25,0.5]:0
(0.5,0.75]:0
(0.75,1]:0
(1,2.5]:0
(2.5,5]:0
(5,7.5]:0
(7.5,10]:0
(10,+Infinity]:0
(2025-09-11T04:18:45.4894405Z, 2025-09-11T04:18:52.6217005Z] http.request.method: GET http.response.status_code: 200 http.route: api/Walls network.protocol.version: 1.1 url.scheme: http Histogram
Value: Sum: 0.010650699999999999 Count: 3 Min: 0.0003281 Max: 0.0085328 
(-Infinity,0.005]:2
(0.005,0.01]:1
(0.01,0.025]:0
(0.025,0.05]:0
(0.05,0.075]:0
(0.075,0.1]:0
(0.1,0.25]:0
(0.25,0.5]:0
(0.5,0.75]:0
(0.75,1]:0
(1,2.5]:0
(2.5,5]:0
(5,7.5]:0
(7.5,10]:0
(10,+Infinity]:0
(2025-09-11T04:18:45.4894405Z, 2025-09-11T04:18:52.6217005Z] http.request.method: POST http.response.status_code: 201 http.route: api/Roles network.protocol.version: 1.1 url.scheme: http Histogram
Value: Sum: 0.0076641 Count: 1 Min: 0.0076641 Max: 0.0076641 
(-Infinity,0.005]:0
(0.005,0.01]:1
(0.01,0.025]:0
(0.025,0.05]:0
(0.05,0.075]:0
(0.075,0.1]:0
(0.1,0.25]:0
(0.25,0.5]:0
(0.5,0.75]:0
(0.75,1]:0
(1,2.5]:0
(2.5,5]:0
(5,7.5]:0
(7.5,10]:0
(10,+Infinity]:0
(2025-09-11T04:18:45.4894405Z, 2025-09-11T04:18:52.6217005Z] http.request.method: GET http.response.status_code: 200 http.route: api/People network.protocol.version: 1.1 url.scheme: http Histogram
Value: Sum: 0.0223977 Count: 27 Min: 0.0002439 Max: 0.0075076 
(-Infinity,0.005]:26
(0.005,0.01]:1
(0.01,0.025]:0
(0.025,0.05]:0
(0.05,0.075]:0
(0.075,0.1]:0
(0.1,0.25]:0
(0.25,0.5]:0
(0.5,0.75]:0
(0.75,1]:0
(1,2.5]:0
(2.5,5]:0
(5,7.5]:0
(7.5,10]:0
(10,+Infinity]:0
(2025-09-11T04:18:45.4894405Z, 2025-09-11T04:18:52.6217005Z] http.request.method: POST http.response.status_code: 201 http.route: api/People network.protocol.version: 1.1 url.scheme: http Histogram
Value: Sum: 0.0087184 Count: 1 Min: 0.0087184 Max: 0.0087184 
(-Infinity,0.005]:0
(0.005,0.01]:1
(0.01,0.025]:0
(0.025,0.05]:0
(0.05,0.075]:0
(0.075,0.1]:0
(0.1,0.25]:0
(0.25,0.5]:0
(0.5,0.75]:0
(0.75,1]:0
(1,2.5]:0
(2.5,5]:0
(5,7.5]:0
(7.5,10]:0
(10,+Infinity]:0
(2025-09-11T04:18:45.4894405Z, 2025-09-11T04:18:52.6217005Z] http.request.method: GET http.response.status_code: 200 http.route: api/Windows network.protocol.version: 1.1 url.scheme: http Histogram
Value: Sum: 0.0088114 Count: 1 Min: 0.0088114 Max: 0.0088114 
(-Infinity,0.005]:0
(0.005,0.01]:1
(0.01,0.025]:0
(0.025,0.05]:0
(0.05,0.075]:0
(0.075,0.1]:0
(0.1,0.25]:0
(0.25,0.5]:0
(0.5,0.75]:0
(0.75,1]:0
(1,2.5]:0
(2.5,5]:0
(5,7.5]:0
(7.5,10]:0
(10,+Infinity]:0
(2025-09-11T04:18:45.4894405Z, 2025-09-11T04:18:52.6217005Z] http.request.method: GET http.response.status_code: 200 http.route: api/People/{id:guid} network.protocol.version: 1.1 url.scheme: http Histogram
Value: Sum: 0.007446100000000001 Count: 6 Min: 0.0003229 Max: 0.0035712 
(-Infinity,0.005]:6
(0.005,0.01]:0
(0.01,0.025]:0
(0.025,0.05]:0
(0.05,0.075]:0
(0.075,0.1]:0
(0.1,0.25]:0
(0.25,0.5]:0
(0.5,0.75]:0
(0.75,1]:0
(1,2.5]:0
(2.5,5]:0
(5,7.5]:0
(7.5,10]:0
(10,+Infinity]:0
Metric Name: aspnetcore.rate_limiting.active_request_leases, Number of HTTP requests that are currently active on the server that hold a rate limiting lease., Unit: {request}, Meter: Microsoft.AspNetCore.RateLimiting
(2025-09-11T04:18:45.4911693Z, 2025-09-11T04:18:52.6217008Z] LongSumNonMonotonic
Value: 0
Metric Name: aspnetcore.rate_limiting.request_lease.duration, The duration of rate limiting leases held by HTTP requests on the server., Unit: s, Meter: Microsoft.AspNetCore.RateLimiting
(2025-09-11T04:18:45.4912342Z, 2025-09-11T04:18:52.6217014Z] Histogram
Value: Sum: 4.865796799999998 Count: 69 Min: 0.0002103 Max: 0.303477 
(-Infinity,0.005]:47
(0.005,0.01]:6
(0.01,0.025]:0
(0.025,0.05]:0
(0.05,0.075]:0
(0.075,0.1]:0
(0.1,0.25]:0
(0.25,0.5]:16
(0.5,0.75]:0
(0.75,1]:0
(1,2.5]:0
(2.5,5]:0
(5,7.5]:0
(7.5,10]:0
(10,+Infinity]:0
Metric Name: aspnetcore.rate_limiting.requests, Number of requests that tried to acquire a rate limiting lease. Requests could be rejected by global or endpoint rate limiting policies. Or the request could be canceled while waiting for the lease., Unit: {request}, Meter: Microsoft.AspNetCore.RateLimiting
(2025-09-11T04:18:45.4914328Z, 2025-09-11T04:18:52.6217021Z] aspnetcore.rate_limiting.result: acquired LongSum
Value: 69
Metric Name: aspnetcore.routing.match_attempts, Number of requests that were attempted to be matched to an endpoint., Unit: {match_attempt}, Meter: Microsoft.AspNetCore.Routing
(2025-09-11T04:18:45.4922168Z, 2025-09-11T04:18:52.6217024Z] aspnetcore.routing.is_fallback: false aspnetcore.routing.match_status: success http.route: api/Auth/register LongSum
Value: 13
(2025-09-11T04:18:45.4922168Z, 2025-09-11T04:18:52.6217024Z] aspnetcore.routing.is_fallback: false aspnetcore.routing.match_status: success http.route: api/Auth/login LongSum
Value: 3
(2025-09-11T04:18:45.4922168Z, 2025-09-11T04:18:52.6217024Z] aspnetcore.routing.is_fallback: false aspnetcore.routing.match_status: success http.route: api/Roles LongSum
Value: 15
(2025-09-11T04:18:45.4922168Z, 2025-09-11T04:18:52.6217024Z] aspnetcore.routing.is_fallback: false aspnetcore.routing.match_status: success http.route: api/Walls LongSum
Value: 3
(2025-09-11T04:18:45.4922168Z, 2025-09-11T04:18:52.6217024Z] aspnetcore.routing.is_fallback: false aspnetcore.routing.match_status: success http.route: api/People LongSum
Value: 28
(2025-09-11T04:18:45.4922168Z, 2025-09-11T04:18:52.6217024Z] aspnetcore.routing.is_fallback: false aspnetcore.routing.match_status: success http.route: api/Windows LongSum
Value: 1
(2025-09-11T04:18:45.4922168Z, 2025-09-11T04:18:52.6217024Z] aspnetcore.routing.is_fallback: false aspnetcore.routing.match_status: success http.route: api/People/{id:guid} LongSum
Value: 6
[04:18:52 INF] Starting Crud API application {"Application": "Crud.Api"}
[04:18:52 INF] Using SQLite provider with connection: Data Source=TestDatabase.db {"Application": "Crud.Api"}
[04:18:52 INF] Database ensured successfully {"Application": "Crud.Api"}
[04:18:52 INF] Application configured successfully. Starting web host... {"Application": "Crud.Api"}
[04:18:52 WRN] Failed to determine the https port for redirect. {"EventId": {"Id": 3, "Name": "FailedToDeterminePort"}, "SourceContext": "Microsoft.AspNetCore.HttpsPolicy.HttpsRedirectionMiddleware", "RequestId": "0HNFGT8MUJPEA", "RequestPath": "/api/auth/register", "Application": "Crud.Api"}
[04:18:52 INF] User registered successfully: d3a143b9-3faf-4e6e-b982-a64d66e2a7a2 {"SourceContext": "App.Features.Authentication.RegisterUserCommandHandler", "ActionId": "051fa220-171a-46d8-bff7-a2056a64a478", "ActionName": "Api.Controllers.AuthController.Register (Api)", "RequestId": "0HNFGT8MUJPEA", "RequestPath": "/api/auth/register", "Application": "Crud.Api"}
Activity.TraceId:            0a0c0a66aa8656397fc19f99b65fb359
Activity.SpanId:             7bab244442389075
Activity.TraceFlags:         Recorded
Activity.ActivitySourceName: Microsoft.AspNetCore
Activity.DisplayName:        POST api/Auth/register
Activity.Kind:               Server
Activity.StartTime:          2025-09-11T04:18:52.6544106Z
Activity.Duration:           00:00:00.3101739
Activity.Tags:
    server.address: localhost
    http.request.method: POST
    url.scheme: http
    url.path: /api/auth/register
    network.protocol.version: 1.1
    http.route: api/Auth/register
    http.response.status_code: 200
Resource associated with Activity:
    deployment.environment: Testing
    service.name: Crud.Api
    service.version: 1.0.0
    service.instance.id: 8958bff5-028e-43b0-8103-5553bc095d18
    telemetry.sdk.name: opentelemetry
    telemetry.sdk.language: dotnet
    telemetry.sdk.version: 1.8.1
[04:18:53 INF] User logged in successfully: d3a143b9-3faf-4e6e-b982-a64d66e2a7a2 {"SourceContext": "App.Features.Authentication.LoginCommandHandler", "ActionId": "33e52a18-b3a1-485a-b75f-15286ee3412a", "ActionName": "Api.Controllers.AuthController.Login (Api)", "RequestId": "0HNFGT8MUJPEB", "RequestPath": "/api/auth/login", "Application": "Crud.Api"}
Activity.TraceId:            03b22827d67ac85764cf776b8ccd08e9
Activity.SpanId:             5588544e60180def
Activity.TraceFlags:         Recorded
Activity.ActivitySourceName: Microsoft.AspNetCore
Activity.DisplayName:        POST api/Auth/login
Activity.Kind:               Server
Activity.StartTime:          2025-09-11T04:18:52.9670615Z
Activity.Duration:           00:00:00.3025961
Activity.Tags:
    server.address: localhost
    http.request.method: POST
    url.scheme: http
    url.path: /api/auth/login
    network.protocol.version: 1.1
    http.route: api/Auth/login
    http.response.status_code: 200
Resource associated with Activity:
    deployment.environment: Testing
    service.name: Crud.Api
    service.version: 1.0.0
    service.instance.id: 8958bff5-028e-43b0-8103-5553bc095d18
    telemetry.sdk.name: opentelemetry
    telemetry.sdk.language: dotnet
    telemetry.sdk.version: 1.8.1
Activity.TraceId:            ff570f545677341688eaf8a7c1806482
Activity.SpanId:             9a6ca6070b30e8b0
Activity.TraceFlags:         Recorded
Activity.ActivitySourceName: Microsoft.AspNetCore
Activity.DisplayName:        POST api/Windows
Activity.Kind:               Server
Activity.StartTime:          2025-09-11T04:18:53.2712862Z
Activity.Duration:           00:00:00.0129627
Activity.Tags:
    server.address: localhost
    http.request.method: POST
    url.scheme: http
    url.path: /api/windows
    network.protocol.version: 1.1
    http.route: api/Windows
    http.response.status_code: 400
Resource associated with Activity:
    deployment.environment: Testing
    service.name: Crud.Api
    service.version: 1.0.0
    service.instance.id: 8958bff5-028e-43b0-8103-5553bc095d18
    telemetry.sdk.name: opentelemetry
    telemetry.sdk.language: dotnet
    telemetry.sdk.version: 1.8.1
[04:18:53 INF] User registered successfully: be50e84d-d447-4096-a73d-2d7da6806315 {"SourceContext": "App.Features.Authentication.RegisterUserCommandHandler", "ActionId": "051fa220-171a-46d8-bff7-a2056a64a478", "ActionName": "Api.Controllers.AuthController.Register (Api)", "RequestId": "0HNFGT8MUJPED", "RequestPath": "/api/auth/register", "Application": "Crud.Api"}
Activity.TraceId:            d31f73c212cfdfa174d9cebee5b18f01
Activity.SpanId:             0f02dee73b0d6352
Activity.TraceFlags:         Recorded
Activity.ActivitySourceName: Microsoft.AspNetCore
Activity.DisplayName:        POST api/Auth/register
Activity.Kind:               Server
Activity.StartTime:          2025-09-11T04:18:53.2865226Z
Activity.Duration:           00:00:00.2984474
Activity.Tags:
    server.address: localhost
    http.request.method: POST
    url.scheme: http
    url.path: /api/auth/register
    network.protocol.version: 1.1
    http.route: api/Auth/register
    http.response.status_code: 200
Resource associated with Activity:
    deployment.environment: Testing
    service.name: Crud.Api
    service.version: 1.0.0
    service.instance.id: 8958bff5-028e-43b0-8103-5553bc095d18
    telemetry.sdk.name: opentelemetry
    telemetry.sdk.language: dotnet
    telemetry.sdk.version: 1.8.1
[04:18:53 INF] User logged in successfully: be50e84d-d447-4096-a73d-2d7da6806315 {"SourceContext": "App.Features.Authentication.LoginCommandHandler", "ActionId": "33e52a18-b3a1-485a-b75f-15286ee3412a", "ActionName": "Api.Controllers.AuthController.Login (Api)", "RequestId": "0HNFGT8MUJPEE", "RequestPath": "/api/auth/login", "Application": "Crud.Api"}
Activity.TraceId:            8cd0e2494f9d623326ad2191e773a194
Activity.SpanId:             0f43aacb7ff1fb2c
Activity.TraceFlags:         Recorded
Activity.ActivitySourceName: Microsoft.AspNetCore
Activity.DisplayName:        POST api/Auth/login
Activity.Kind:               Server
Activity.StartTime:          2025-09-11T04:18:53.5864062Z
Activity.Duration:           00:00:00.2979508
Activity.Tags:
    server.address: localhost
    http.request.method: POST
    url.scheme: http
    url.path: /api/auth/login
    network.protocol.version: 1.1
    http.route: api/Auth/login
    http.response.status_code: 200
Resource associated with Activity:
    deployment.environment: Testing
    service.name: Crud.Api
    service.version: 1.0.0
    service.instance.id: 8958bff5-028e-43b0-8103-5553bc095d18
    telemetry.sdk.name: opentelemetry
    telemetry.sdk.language: dotnet
    telemetry.sdk.version: 1.8.1
Activity.TraceId:            514bd5a3168dcea8a004bf52e7d09e97
Activity.SpanId:             0c5ed72437626fe4
Activity.TraceFlags:         Recorded
Activity.ActivitySourceName: Microsoft.AspNetCore
Activity.DisplayName:        POST api/Windows
Activity.Kind:               Server
Activity.StartTime:          2025-09-11T04:18:53.8884972Z
Activity.Duration:           00:00:00.0016286
Activity.Tags:
    server.address: localhost
    http.request.method: POST
    url.scheme: http
    url.path: /api/windows
    network.protocol.version: 1.1
    http.route: api/Windows
    http.response.status_code: 400
Resource associated with Activity:
    deployment.environment: Testing
    service.name: Crud.Api
    service.version: 1.0.0
    service.instance.id: 8958bff5-028e-43b0-8103-5553bc095d18
    telemetry.sdk.name: opentelemetry
    telemetry.sdk.language: dotnet
    telemetry.sdk.version: 1.8.1
[04:18:54 INF] User registered successfully: 418d2e89-db0f-45a6-b2b3-cbe277aaf6d3 {"SourceContext": "App.Features.Authentication.RegisterUserCommandHandler", "ActionId": "051fa220-171a-46d8-bff7-a2056a64a478", "ActionName": "Api.Controllers.AuthController.Register (Api)", "RequestId": "0HNFGT8MUJPEG", "RequestPath": "/api/auth/register", "Application": "Crud.Api"}
Activity.TraceId:            4667287c220e09ad2686c4d1ac4a56b6
Activity.SpanId:             07d013dc485fd5c7
Activity.TraceFlags:         Recorded
Activity.ActivitySourceName: Microsoft.AspNetCore
Activity.DisplayName:        POST api/Auth/register
Activity.Kind:               Server
Activity.StartTime:          2025-09-11T04:18:53.8922650Z
Activity.Duration:           00:00:00.3019108
Activity.Tags:
    server.address: localhost
    http.request.method: POST
    url.scheme: http
    url.path: /api/auth/register
    network.protocol.version: 1.1
    http.route: api/Auth/register
    http.response.status_code: 200
Resource associated with Activity:
    deployment.environment: Testing
    service.name: Crud.Api
    service.version: 1.0.0
    service.instance.id: 8958bff5-028e-43b0-8103-5553bc095d18
    telemetry.sdk.name: opentelemetry
    telemetry.sdk.language: dotnet
    telemetry.sdk.version: 1.8.1
[04:18:54 INF] User logged in successfully: 418d2e89-db0f-45a6-b2b3-cbe277aaf6d3 {"SourceContext": "App.Features.Authentication.LoginCommandHandler", "ActionId": "33e52a18-b3a1-485a-b75f-15286ee3412a", "ActionName": "Api.Controllers.AuthController.Login (Api)", "RequestId": "0HNFGT8MUJPEH", "RequestPath": "/api/auth/login", "Application": "Crud.Api"}
Activity.TraceId:            01224bf7029f5f534d875306b1684988
Activity.SpanId:             ad8eac42e9ce2c8e
Activity.TraceFlags:         Recorded
Activity.ActivitySourceName: Microsoft.AspNetCore
Activity.DisplayName:        POST api/Auth/login
Activity.Kind:               Server
Activity.StartTime:          2025-09-11T04:18:54.1954391Z
Activity.Duration:           00:00:00.2996499
Activity.Tags:
    server.address: localhost
    http.request.method: POST
    url.scheme: http
    url.path: /api/auth/login
    network.protocol.version: 1.1
    http.route: api/Auth/login
    http.response.status_code: 200
Resource associated with Activity:
    deployment.environment: Testing
    service.name: Crud.Api
    service.version: 1.0.0
    service.instance.id: 8958bff5-028e-43b0-8103-5553bc095d18
    telemetry.sdk.name: opentelemetry
    telemetry.sdk.language: dotnet
    telemetry.sdk.version: 1.8.1
[04:18:54 DBG] Removed cache value for key: entity:window:662c3ff4f7c944d5abaffa7ec781ffb7 {"SourceContext": "Infrastructure.Services.Caching.InMemoryCacheService", "ActionId": "508b00ab-3fab-45a8-8f6e-7057609590e8", "ActionName": "Api.Controllers.WindowsController.Create (Api)", "RequestId": "0HNFGT8MUJPEI", "RequestPath": "/api/windows", "Application": "Crud.Api"}
[04:18:54 DBG] Removed cache value for key: list:window {"SourceContext": "Infrastructure.Services.Caching.InMemoryCacheService", "ActionId": "508b00ab-3fab-45a8-8f6e-7057609590e8", "ActionName": "Api.Controllers.WindowsController.Create (Api)", "RequestId": "0HNFGT8MUJPEI", "RequestPath": "/api/windows", "Application": "Crud.Api"}
[04:18:54 DBG] Invalidating cache for entity type: windows with tag: windows {"SourceContext": "Api.Services.OutputCacheInvalidationService", "ActionId": "508b00ab-3fab-45a8-8f6e-7057609590e8", "ActionName": "Api.Controllers.WindowsController.Create (Api)", "RequestId": "0HNFGT8MUJPEI", "RequestPath": "/api/windows", "Application": "Crud.Api"}
[04:18:54 INF] Successfully invalidated cache for entity type: windows {"SourceContext": "Api.Services.OutputCacheInvalidationService", "ActionId": "508b00ab-3fab-45a8-8f6e-7057609590e8", "ActionName": "Api.Controllers.WindowsController.Create (Api)", "RequestId": "0HNFGT8MUJPEI", "RequestPath": "/api/windows", "Application": "Crud.Api"}
Activity.TraceId:            dba3cd72aac5fd26744d2c2fafc3412c
Activity.SpanId:             94eb236a64d3f126
Activity.TraceFlags:         Recorded
Activity.ActivitySourceName: Microsoft.AspNetCore
Activity.DisplayName:        POST api/Windows
Activity.Kind:               Server
Activity.StartTime:          2025-09-11T04:18:54.4958480Z
Activity.Duration:           00:00:00.0172356
Activity.Tags:
    server.address: localhost
    http.request.method: POST
    url.scheme: http
    url.path: /api/windows
    network.protocol.version: 1.1
    http.route: api/Windows
    http.response.status_code: 201
Resource associated with Activity:
    deployment.environment: Testing
    service.name: Crud.Api
    service.version: 1.0.0
    service.instance.id: 8958bff5-028e-43b0-8103-5553bc095d18
    telemetry.sdk.name: opentelemetry
    telemetry.sdk.language: dotnet
    telemetry.sdk.version: 1.8.1
[04:18:54 INF] User registered successfully: 104e9c22-69e8-4fc1-bf2d-1da77910e462 {"SourceContext": "App.Features.Authentication.RegisterUserCommandHandler", "ActionId": "051fa220-171a-46d8-bff7-a2056a64a478", "ActionName": "Api.Controllers.AuthController.Register (Api)", "RequestId": "0HNFGT8MUJPEJ", "RequestPath": "/api/auth/register", "Application": "Crud.Api"}
Activity.TraceId:            0a0999d2ea313a8881e78a8b4ef9ef49
Activity.SpanId:             b68f396e6561f947
Activity.TraceFlags:         Recorded
Activity.ActivitySourceName: Microsoft.AspNetCore
Activity.DisplayName:        POST api/Auth/register
Activity.Kind:               Server
Activity.StartTime:          2025-09-11T04:18:54.5151439Z
Activity.Duration:           00:00:00.2978167
Activity.Tags:
    server.address: localhost
    http.request.method: POST
    url.scheme: http
    url.path: /api/auth/register
    network.protocol.version: 1.1
    http.route: api/Auth/register
    http.response.status_code: 200
Resource associated with Activity:
    deployment.environment: Testing
    service.name: Crud.Api
    service.version: 1.0.0
    service.instance.id: 8958bff5-028e-43b0-8103-5553bc095d18
    telemetry.sdk.name: opentelemetry
    telemetry.sdk.language: dotnet
    telemetry.sdk.version: 1.8.1
[04:18:55 INF] User logged in successfully: 104e9c22-69e8-4fc1-bf2d-1da77910e462 {"SourceContext": "App.Features.Authentication.LoginCommandHandler", "ActionId": "33e52a18-b3a1-485a-b75f-15286ee3412a", "ActionName": "Api.Controllers.AuthController.Login (Api)", "RequestId": "0HNFGT8MUJPEK", "RequestPath": "/api/auth/login", "Application": "Crud.Api"}
Activity.TraceId:            21cf152d2a379e1d26e122a80e43305d
Activity.SpanId:             92bc3c49d6c7c5ef
Activity.TraceFlags:         Recorded
Activity.ActivitySourceName: Microsoft.AspNetCore
Activity.DisplayName:        POST api/Auth/login
Activity.Kind:               Server
Activity.StartTime:          2025-09-11T04:18:54.8138141Z
Activity.Duration:           00:00:00.2987405
Activity.Tags:
    server.address: localhost
    http.request.method: POST
    url.scheme: http
    url.path: /api/auth/login
    network.protocol.version: 1.1
    http.route: api/Auth/login
    http.response.status_code: 200
Resource associated with Activity:
    deployment.environment: Testing
    service.name: Crud.Api
    service.version: 1.0.0
    service.instance.id: 8958bff5-028e-43b0-8103-5553bc095d18
    telemetry.sdk.name: opentelemetry
    telemetry.sdk.language: dotnet
    telemetry.sdk.version: 1.8.1
[04:18:55 DBG] Removed cache value for key: entity:window:662c3ff4f7c944d5abaffa7ec781ffb7 {"SourceContext": "Infrastructure.Services.Caching.InMemoryCacheService", "ActionId": "78540673-2b71-4019-bbee-d88dfe19efb8", "ActionName": "Api.Controllers.WindowsController.Delete (Api)", "RequestId": "0HNFGT8MUJPEL", "RequestPath": "/api/windows/662c3ff4-f7c9-44d5-abaf-fa7ec781ffb7", "Application": "Crud.Api"}
[04:18:55 DBG] Removed cache value for key: list:window {"SourceContext": "Infrastructure.Services.Caching.InMemoryCacheService", "ActionId": "78540673-2b71-4019-bbee-d88dfe19efb8", "ActionName": "Api.Controllers.WindowsController.Delete (Api)", "RequestId": "0HNFGT8MUJPEL", "RequestPath": "/api/windows/662c3ff4-f7c9-44d5-abaf-fa7ec781ffb7", "Application": "Crud.Api"}
[04:18:55 DBG] Invalidating cache for entity: windows/662c3ff4-f7c9-44d5-abaf-fa7ec781ffb7 with tags: windows, windows:662c3ff4-f7c9-44d5-abaf-fa7ec781ffb7 {"SourceContext": "Api.Services.OutputCacheInvalidationService", "ActionId": "78540673-2b71-4019-bbee-d88dfe19efb8", "ActionName": "Api.Controllers.WindowsController.Delete (Api)", "RequestId": "0HNFGT8MUJPEL", "RequestPath": "/api/windows/662c3ff4-f7c9-44d5-abaf-fa7ec781ffb7", "Application": "Crud.Api"}
[04:18:55 DBG] Successfully invalidated cache for tag: windows {"SourceContext": "Api.Services.OutputCacheInvalidationService", "ActionId": "78540673-2b71-4019-bbee-d88dfe19efb8", "ActionName": "Api.Controllers.WindowsController.Delete (Api)", "RequestId": "0HNFGT8MUJPEL", "RequestPath": "/api/windows/662c3ff4-f7c9-44d5-abaf-fa7ec781ffb7", "Application": "Crud.Api"}
[04:18:55 DBG] Successfully invalidated cache for tag: windows:662c3ff4-f7c9-44d5-abaf-fa7ec781ffb7 {"SourceContext": "Api.Services.OutputCacheInvalidationService", "ActionId": "78540673-2b71-4019-bbee-d88dfe19efb8", "ActionName": "Api.Controllers.WindowsController.Delete (Api)", "RequestId": "0HNFGT8MUJPEL", "RequestPath": "/api/windows/662c3ff4-f7c9-44d5-abaf-fa7ec781ffb7", "Application": "Crud.Api"}
Activity.TraceId:            720fa3fcff485ed0242f0ec38edd5f40
Activity.SpanId:             ec32bc2d035016b8
Activity.TraceFlags:         Recorded
Activity.ActivitySourceName: Microsoft.AspNetCore
Activity.DisplayName:        DELETE api/Windows/{id:guid}
Activity.Kind:               Server
Activity.StartTime:          2025-09-11T04:18:55.1126315Z
Activity.Duration:           00:00:00.0101127
Activity.Tags:
    server.address: localhost
    http.request.method: DELETE
    url.scheme: http
    url.path: /api/windows/662c3ff4-f7c9-44d5-abaf-fa7ec781ffb7
    network.protocol.version: 1.1
    http.route: api/Windows/{id:guid}
    http.response.status_code: 204
Resource associated with Activity:
    deployment.environment: Testing
    service.name: Crud.Api
    service.version: 1.0.0
    service.instance.id: 8958bff5-028e-43b0-8103-5553bc095d18
    telemetry.sdk.name: opentelemetry
    telemetry.sdk.language: dotnet
    telemetry.sdk.version: 1.8.1
[04:18:55 INF] User registered successfully: 1c0a789b-9af3-4823-8a7b-b658f9bac466 {"SourceContext": "App.Features.Authentication.RegisterUserCommandHandler", "ActionId": "051fa220-171a-46d8-bff7-a2056a64a478", "ActionName": "Api.Controllers.AuthController.Register (Api)", "RequestId": "0HNFGT8MUJPEM", "RequestPath": "/api/auth/register", "Application": "Crud.Api"}
Activity.TraceId:            d454f6b0ed07965c254c8775426b31ef
Activity.SpanId:             2b423a8ac16bbf49
Activity.TraceFlags:         Recorded
Activity.ActivitySourceName: Microsoft.AspNetCore
Activity.DisplayName:        POST api/Auth/register
Activity.Kind:               Server
Activity.StartTime:          2025-09-11T04:18:55.1228631Z
Activity.Duration:           00:00:00.2982141
Activity.Tags:
    server.address: localhost
    http.request.method: POST
    url.scheme: http
    url.path: /api/auth/register
    network.protocol.version: 1.1
    http.route: api/Auth/register
    http.response.status_code: 200
Resource associated with Activity:
    deployment.environment: Testing
    service.name: Crud.Api
    service.version: 1.0.0
    service.instance.id: 8958bff5-028e-43b0-8103-5553bc095d18
    telemetry.sdk.name: opentelemetry
    telemetry.sdk.language: dotnet
    telemetry.sdk.version: 1.8.1
[04:18:55 DBG] Cache miss for key: entity:window:662c3ff4f7c944d5abaffa7ec781ffb7 {"SourceContext": "Infrastructure.Services.Caching.InMemoryCacheService", "ActionId": "1463475d-3cf0-4b3a-997d-776dfbd0bfa4", "ActionName": "Api.Controllers.WindowsController.Get (Api)", "RequestId": "0HNFGT8MUJPEN", "RequestPath": "/api/windows/662c3ff4-f7c9-44d5-abaf-fa7ec781ffb7", "Application": "Crud.Api"}
Activity.TraceId:            38ee527c3eddcfb9b36ec8362f9fddd6
Activity.SpanId:             e3b71a62e52bf352
Activity.TraceFlags:         Recorded
Activity.ActivitySourceName: Microsoft.AspNetCore
Activity.DisplayName:        GET api/Windows/{id:guid}
Activity.Kind:               Server
Activity.StartTime:          2025-09-11T04:18:55.4211885Z
Activity.Duration:           00:00:00.0082935
Activity.Tags:
    server.address: localhost
    http.request.method: GET
    url.scheme: http
    url.path: /api/windows/662c3ff4-f7c9-44d5-abaf-fa7ec781ffb7
    network.protocol.version: 1.1
    http.route: api/Windows/{id:guid}
    http.response.status_code: 404
Resource associated with Activity:
    deployment.environment: Testing
    service.name: Crud.Api
    service.version: 1.0.0
    service.instance.id: 8958bff5-028e-43b0-8103-5553bc095d18
    telemetry.sdk.name: opentelemetry
    telemetry.sdk.language: dotnet
    telemetry.sdk.version: 1.8.1
[04:18:55 INF] User registered successfully: 9b2e0b76-7564-473b-8d7f-202d7b429663 {"SourceContext": "App.Features.Authentication.RegisterUserCommandHandler", "ActionId": "051fa220-171a-46d8-bff7-a2056a64a478", "ActionName": "Api.Controllers.AuthController.Register (Api)", "RequestId": "0HNFGT8MUJPEO", "RequestPath": "/api/auth/register", "Application": "Crud.Api"}
Activity.TraceId:            a36dc33790292b5dd666f71df60c5cf0
Activity.SpanId:             5f14173200786b06
Activity.TraceFlags:         Recorded
Activity.ActivitySourceName: Microsoft.AspNetCore
Activity.DisplayName:        POST api/Auth/register
Activity.Kind:               Server
Activity.StartTime:          2025-09-11T04:18:55.4314809Z
Activity.Duration:           00:00:00.2989694
Activity.Tags:
    server.address: localhost
    http.request.method: POST
    url.scheme: http
    url.path: /api/auth/register
    network.protocol.version: 1.1
    http.route: api/Auth/register
    http.response.status_code: 200
Resource associated with Activity:
    deployment.environment: Testing
    service.name: Crud.Api
    service.version: 1.0.0
    service.instance.id: 8958bff5-028e-43b0-8103-5553bc095d18
    telemetry.sdk.name: opentelemetry
    telemetry.sdk.language: dotnet
    telemetry.sdk.version: 1.8.1
[04:18:56 INF] User logged in successfully: 9b2e0b76-7564-473b-8d7f-202d7b429663 {"SourceContext": "App.Features.Authentication.LoginCommandHandler", "ActionId": "33e52a18-b3a1-485a-b75f-15286ee3412a", "ActionName": "Api.Controllers.AuthController.Login (Api)", "RequestId": "0HNFGT8MUJPEP", "RequestPath": "/api/auth/login", "Application": "Crud.Api"}
Activity.TraceId:            697f9dcaa2efdd93205522811c282242
Activity.SpanId:             f1085a4868ba617d
Activity.TraceFlags:         Recorded
Activity.ActivitySourceName: Microsoft.AspNetCore
Activity.DisplayName:        POST api/Auth/login
Activity.Kind:               Server
Activity.StartTime:          2025-09-11T04:18:55.7320689Z
Activity.Duration:           00:00:00.2978610
Activity.Tags:
    server.address: localhost
    http.request.method: POST
    url.scheme: http
    url.path: /api/auth/login
    network.protocol.version: 1.1
    http.route: api/Auth/login
    http.response.status_code: 200
Resource associated with Activity:
    deployment.environment: Testing
    service.name: Crud.Api
    service.version: 1.0.0
    service.instance.id: 8958bff5-028e-43b0-8103-5553bc095d18
    telemetry.sdk.name: opentelemetry
    telemetry.sdk.language: dotnet
    telemetry.sdk.version: 1.8.1
[04:18:56 DBG] Removed cache value for key: entity:window:7365122a4de34098a0814a83d285a420 {"SourceContext": "Infrastructure.Services.Caching.InMemoryCacheService", "ActionId": "508b00ab-3fab-45a8-8f6e-7057609590e8", "ActionName": "Api.Controllers.WindowsController.Create (Api)", "RequestId": "0HNFGT8MUJPEQ", "RequestPath": "/api/windows", "Application": "Crud.Api"}
[04:18:56 DBG] Removed cache value for key: list:window {"SourceContext": "Infrastructure.Services.Caching.InMemoryCacheService", "ActionId": "508b00ab-3fab-45a8-8f6e-7057609590e8", "ActionName": "Api.Controllers.WindowsController.Create (Api)", "RequestId": "0HNFGT8MUJPEQ", "RequestPath": "/api/windows", "Application": "Crud.Api"}
[04:18:56 DBG] Invalidating cache for entity type: windows with tag: windows {"SourceContext": "Api.Services.OutputCacheInvalidationService", "ActionId": "508b00ab-3fab-45a8-8f6e-7057609590e8", "ActionName": "Api.Controllers.WindowsController.Create (Api)", "RequestId": "0HNFGT8MUJPEQ", "RequestPath": "/api/windows", "Application": "Crud.Api"}
[04:18:56 INF] Successfully invalidated cache for entity type: windows {"SourceContext": "Api.Services.OutputCacheInvalidationService", "ActionId": "508b00ab-3fab-45a8-8f6e-7057609590e8", "ActionName": "Api.Controllers.WindowsController.Create (Api)", "RequestId": "0HNFGT8MUJPEQ", "RequestPath": "/api/windows", "Application": "Crud.Api"}
Activity.TraceId:            9aa7f1cfad33d15b73c2ea900f6d7113
Activity.SpanId:             ff81807878c78852
Activity.TraceFlags:         Recorded
Activity.ActivitySourceName: Microsoft.AspNetCore
Activity.DisplayName:        POST api/Windows
Activity.Kind:               Server
Activity.StartTime:          2025-09-11T04:18:56.0305219Z
Activity.Duration:           00:00:00.0030097
Activity.Tags:
    server.address: localhost
    http.request.method: POST
    url.scheme: http
    url.path: /api/windows
    network.protocol.version: 1.1
    http.route: api/Windows
    http.response.status_code: 201
Resource associated with Activity:
    deployment.environment: Testing
    service.name: Crud.Api
    service.version: 1.0.0
    service.instance.id: 8958bff5-028e-43b0-8103-5553bc095d18
    telemetry.sdk.name: opentelemetry
    telemetry.sdk.language: dotnet
    telemetry.sdk.version: 1.8.1
[04:18:56 INF] User registered successfully: 061cee02-0b48-4a4b-9ed8-559d2bc7b379 {"SourceContext": "App.Features.Authentication.RegisterUserCommandHandler", "ActionId": "051fa220-171a-46d8-bff7-a2056a64a478", "ActionName": "Api.Controllers.AuthController.Register (Api)", "RequestId": "0HNFGT8MUJPER", "RequestPath": "/api/auth/register", "Application": "Crud.Api"}
Activity.TraceId:            dea4e328c923e92d68db4fda0646b534
Activity.SpanId:             af314f523d6232f3
Activity.TraceFlags:         Recorded
Activity.ActivitySourceName: Microsoft.AspNetCore
Activity.DisplayName:        POST api/Auth/register
Activity.Kind:               Server
Activity.StartTime:          2025-09-11T04:18:56.0345211Z
Activity.Duration:           00:00:00.3004592
Activity.Tags:
    server.address: localhost
    http.request.method: POST
    url.scheme: http
    url.path: /api/auth/register
    network.protocol.version: 1.1
    http.route: api/Auth/register
    http.response.status_code: 200
Resource associated with Activity:
    deployment.environment: Testing
    service.name: Crud.Api
    service.version: 1.0.0
    service.instance.id: 8958bff5-028e-43b0-8103-5553bc095d18
    telemetry.sdk.name: opentelemetry
    telemetry.sdk.language: dotnet
    telemetry.sdk.version: 1.8.1
[04:18:56 INF] User logged in successfully: 061cee02-0b48-4a4b-9ed8-559d2bc7b379 {"SourceContext": "App.Features.Authentication.LoginCommandHandler", "ActionId": "33e52a18-b3a1-485a-b75f-15286ee3412a", "ActionName": "Api.Controllers.AuthController.Login (Api)", "RequestId": "0HNFGT8MUJPES", "RequestPath": "/api/auth/login", "Application": "Crud.Api"}
Activity.TraceId:            09399201acdf5a4afdcd9fc5871dc4b3
Activity.SpanId:             687f7274e2dd1f10
Activity.TraceFlags:         Recorded
Activity.ActivitySourceName: Microsoft.AspNetCore
Activity.DisplayName:        POST api/Auth/login
Activity.Kind:               Server
Activity.StartTime:          2025-09-11T04:18:56.3362606Z
Activity.Duration:           00:00:00.2981594
Activity.Tags:
    server.address: localhost
    http.request.method: POST
    url.scheme: http
    url.path: /api/auth/login
    network.protocol.version: 1.1
    http.route: api/Auth/login
    http.response.status_code: 200
Resource associated with Activity:
    deployment.environment: Testing
    service.name: Crud.Api
    service.version: 1.0.0
    service.instance.id: 8958bff5-028e-43b0-8103-5553bc095d18
    telemetry.sdk.name: opentelemetry
    telemetry.sdk.language: dotnet
    telemetry.sdk.version: 1.8.1
[04:18:56 DBG] Removed cache value for key: entity:window:ef4dcde010ec462c9cddcc0afa8726a4 {"SourceContext": "Infrastructure.Services.Caching.InMemoryCacheService", "ActionId": "508b00ab-3fab-45a8-8f6e-7057609590e8", "ActionName": "Api.Controllers.WindowsController.Create (Api)", "RequestId": "0HNFGT8MUJPET", "RequestPath": "/api/windows", "Application": "Crud.Api"}
[04:18:56 DBG] Removed cache value for key: list:window {"SourceContext": "Infrastructure.Services.Caching.InMemoryCacheService", "ActionId": "508b00ab-3fab-45a8-8f6e-7057609590e8", "ActionName": "Api.Controllers.WindowsController.Create (Api)", "RequestId": "0HNFGT8MUJPET", "RequestPath": "/api/windows", "Application": "Crud.Api"}
[04:18:56 DBG] Invalidating cache for entity type: windows with tag: windows {"SourceContext": "Api.Services.OutputCacheInvalidationService", "ActionId": "508b00ab-3fab-45a8-8f6e-7057609590e8", "ActionName": "Api.Controllers.WindowsController.Create (Api)", "RequestId": "0HNFGT8MUJPET", "RequestPath": "/api/windows", "Application": "Crud.Api"}
[04:18:56 INF] Successfully invalidated cache for entity type: windows {"SourceContext": "Api.Services.OutputCacheInvalidationService", "ActionId": "508b00ab-3fab-45a8-8f6e-7057609590e8", "ActionName": "Api.Controllers.WindowsController.Create (Api)", "RequestId": "0HNFGT8MUJPET", "RequestPath": "/api/windows", "Application": "Crud.Api"}
Activity.TraceId:            2ea0c816c2f475f628ff89c519a173da
Activity.SpanId:             6c0825bfaabc6606
Activity.TraceFlags:         Recorded
Activity.ActivitySourceName: Microsoft.AspNetCore
Activity.DisplayName:        POST api/Windows
Activity.Kind:               Server
Activity.StartTime:          2025-09-11T04:18:56.6345848Z
Activity.Duration:           00:00:00.0033523
Activity.Tags:
    server.address: localhost
    http.request.method: POST
    url.scheme: http
    url.path: /api/windows
    network.protocol.version: 1.1
    http.route: api/Windows
    http.response.status_code: 201
Resource associated with Activity:
    deployment.environment: Testing
    service.name: Crud.Api
    service.version: 1.0.0
    service.instance.id: 8958bff5-028e-43b0-8103-5553bc095d18
    telemetry.sdk.name: opentelemetry
    telemetry.sdk.language: dotnet
    telemetry.sdk.version: 1.8.1
[04:18:56 INF] User registered successfully: 5e192229-ac89-4b79-b776-b8129c028a4b {"SourceContext": "App.Features.Authentication.RegisterUserCommandHandler", "ActionId": "051fa220-171a-46d8-bff7-a2056a64a478", "ActionName": "Api.Controllers.AuthController.Register (Api)", "RequestId": "0HNFGT8MUJPEU", "RequestPath": "/api/auth/register", "Application": "Crud.Api"}
Activity.TraceId:            144cb31db05fbea459459d688b345fa5
Activity.SpanId:             6174ee3e877a9576
Activity.TraceFlags:         Recorded
Activity.ActivitySourceName: Microsoft.AspNetCore
Activity.DisplayName:        POST api/Auth/register
Activity.Kind:               Server
Activity.StartTime:          2025-09-11T04:18:56.6382089Z
Activity.Duration:           00:00:00.2998039
Activity.Tags:
    server.address: localhost
    http.request.method: POST
    url.scheme: http
    url.path: /api/auth/register
    network.protocol.version: 1.1
    http.route: api/Auth/register
    http.response.status_code: 200
Resource associated with Activity:
    deployment.environment: Testing
    service.name: Crud.Api
    service.version: 1.0.0
    service.instance.id: 8958bff5-028e-43b0-8103-5553bc095d18
    telemetry.sdk.name: opentelemetry
    telemetry.sdk.language: dotnet
    telemetry.sdk.version: 1.8.1
[04:18:56 DBG] Cache miss for key: list:window {"SourceContext": "Infrastructure.Services.Caching.InMemoryCacheService", "ActionId": "1002fb4b-8121-49e8-9bac-60f28c7eb0b5", "ActionName": "Api.Controllers.WindowsController.List (Api)", "RequestId": "0HNFGT8MUJPEV", "RequestPath": "/api/windows", "Application": "Crud.Api"}
[04:18:56 DBG] Set cache value for key: list:window {"SourceContext": "Infrastructure.Services.Caching.InMemoryCacheService", "ActionId": "1002fb4b-8121-49e8-9bac-60f28c7eb0b5", "ActionName": "Api.Controllers.WindowsController.List (Api)", "RequestId": "0HNFGT8MUJPEV", "RequestPath": "/api/windows", "Application": "Crud.Api"}
[04:18:56 DBG] Response not compressed: application/json; charset=utf-8 | Size: 1086 bytes | Path: /api/windows {"SourceContext": "Api.Middleware.CompressionPerformanceMiddleware", "RequestId": "0HNFGT8MUJPEV", "RequestPath": "/api/windows", "Application": "Crud.Api"}
Activity.TraceId:            aaddb36933ec376b387702c044d91fbf
Activity.SpanId:             3c3cc17cbcd372e3
Activity.TraceFlags:         Recorded
Activity.ActivitySourceName: Microsoft.AspNetCore
Activity.DisplayName:        GET api/Windows
Activity.Kind:               Server
Activity.StartTime:          2025-09-11T04:18:56.9381245Z
Activity.Duration:           00:00:00.0087327
Activity.Tags:
    server.address: localhost
    http.request.method: GET
    url.scheme: http
    url.path: /api/windows
    network.protocol.version: 1.1
    http.route: api/Windows
    http.response.status_code: 200
Resource associated with Activity:
    deployment.environment: Testing
    service.name: Crud.Api
    service.version: 1.0.0
    service.instance.id: 8958bff5-028e-43b0-8103-5553bc095d18
    telemetry.sdk.name: opentelemetry
    telemetry.sdk.language: dotnet
    telemetry.sdk.version: 1.8.1
[04:18:57 INF] User registered successfully: 555f4f2c-662a-40f9-8777-a46ca25a600d {"SourceContext": "App.Features.Authentication.RegisterUserCommandHandler", "ActionId": "051fa220-171a-46d8-bff7-a2056a64a478", "ActionName": "Api.Controllers.AuthController.Register (Api)", "RequestId": "0HNFGT8MUJPF0", "RequestPath": "/api/auth/register", "Application": "Crud.Api"}
Activity.TraceId:            bf1338f4423447287f0c5ef3b928c4e1
Activity.SpanId:             52d3ebe5f303db3e
Activity.TraceFlags:         Recorded
Activity.ActivitySourceName: Microsoft.AspNetCore
Activity.DisplayName:        POST api/Auth/register
Activity.Kind:               Server
Activity.StartTime:          2025-09-11T04:18:56.9498689Z
Activity.Duration:           00:00:00.2984121
Activity.Tags:
    server.address: localhost
    http.request.method: POST
    url.scheme: http
    url.path: /api/auth/register
    network.protocol.version: 1.1
    http.route: api/Auth/register
    http.response.status_code: 200
Resource associated with Activity:
    deployment.environment: Testing
    service.name: Crud.Api
    service.version: 1.0.0
    service.instance.id: 8958bff5-028e-43b0-8103-5553bc095d18
    telemetry.sdk.name: opentelemetry
    telemetry.sdk.language: dotnet
    telemetry.sdk.version: 1.8.1
[04:18:57 INF] User logged in successfully: 555f4f2c-662a-40f9-8777-a46ca25a600d {"SourceContext": "App.Features.Authentication.LoginCommandHandler", "ActionId": "33e52a18-b3a1-485a-b75f-15286ee3412a", "ActionName": "Api.Controllers.AuthController.Login (Api)", "RequestId": "0HNFGT8MUJPF1", "RequestPath": "/api/auth/login", "Application": "Crud.Api"}
Activity.TraceId:            930b22346ceb8aeb8e821d3e7edb39be
Activity.SpanId:             7c8939e20f0658d0
Activity.TraceFlags:         Recorded
Activity.ActivitySourceName: Microsoft.AspNetCore
Activity.DisplayName:        POST api/Auth/login
Activity.Kind:               Server
Activity.StartTime:          2025-09-11T04:18:57.2497025Z
Activity.Duration:           00:00:00.2984848
Activity.Tags:
    server.address: localhost
    http.request.method: POST
    url.scheme: http
    url.path: /api/auth/login
    network.protocol.version: 1.1
    http.route: api/Auth/login
    http.response.status_code: 200
Resource associated with Activity:
    deployment.environment: Testing
    service.name: Crud.Api
    service.version: 1.0.0
    service.instance.id: 8958bff5-028e-43b0-8103-5553bc095d18
    telemetry.sdk.name: opentelemetry
    telemetry.sdk.language: dotnet
    telemetry.sdk.version: 1.8.1
[04:18:57 DBG] Removed cache value for key: entity:window:b3b6b92843814eba87238c7f6178dc6d {"SourceContext": "Infrastructure.Services.Caching.InMemoryCacheService", "ActionId": "508b00ab-3fab-45a8-8f6e-7057609590e8", "ActionName": "Api.Controllers.WindowsController.Create (Api)", "RequestId": "0HNFGT8MUJPF2", "RequestPath": "/api/windows", "Application": "Crud.Api"}
[04:18:57 DBG] Removed cache value for key: list:window {"SourceContext": "Infrastructure.Services.Caching.InMemoryCacheService", "ActionId": "508b00ab-3fab-45a8-8f6e-7057609590e8", "ActionName": "Api.Controllers.WindowsController.Create (Api)", "RequestId": "0HNFGT8MUJPF2", "RequestPath": "/api/windows", "Application": "Crud.Api"}
[04:18:57 DBG] Invalidating cache for entity type: windows with tag: windows {"SourceContext": "Api.Services.OutputCacheInvalidationService", "ActionId": "508b00ab-3fab-45a8-8f6e-7057609590e8", "ActionName": "Api.Controllers.WindowsController.Create (Api)", "RequestId": "0HNFGT8MUJPF2", "RequestPath": "/api/windows", "Application": "Crud.Api"}
[04:18:57 INF] Successfully invalidated cache for entity type: windows {"SourceContext": "Api.Services.OutputCacheInvalidationService", "ActionId": "508b00ab-3fab-45a8-8f6e-7057609590e8", "ActionName": "Api.Controllers.WindowsController.Create (Api)", "RequestId": "0HNFGT8MUJPF2", "RequestPath": "/api/windows", "Application": "Crud.Api"}
Activity.TraceId:            a1235d4d86b4b5cd1f3f23cb0ce4f8e1
Activity.SpanId:             8be5c0baf657d80b
Activity.TraceFlags:         Recorded
Activity.ActivitySourceName: Microsoft.AspNetCore
Activity.DisplayName:        POST api/Windows
Activity.Kind:               Server
Activity.StartTime:          2025-09-11T04:18:57.5492022Z
Activity.Duration:           00:00:00.0016312
Activity.Tags:
    server.address: localhost
    http.request.method: POST
    url.scheme: http
    url.path: /api/windows
    network.protocol.version: 1.1
    http.route: api/Windows
    http.response.status_code: 201
Resource associated with Activity:
    deployment.environment: Testing
    service.name: Crud.Api
    service.version: 1.0.0
    service.instance.id: 8958bff5-028e-43b0-8103-5553bc095d18
    telemetry.sdk.name: opentelemetry
    telemetry.sdk.language: dotnet
    telemetry.sdk.version: 1.8.1
[04:18:57 INF] User registered successfully: 04557ad0-097c-41a9-b0d0-3b75f87a9f57 {"SourceContext": "App.Features.Authentication.RegisterUserCommandHandler", "ActionId": "051fa220-171a-46d8-bff7-a2056a64a478", "ActionName": "Api.Controllers.AuthController.Register (Api)", "RequestId": "0HNFGT8MUJPF3", "RequestPath": "/api/auth/register", "Application": "Crud.Api"}
Activity.TraceId:            c2c5de73b673bd361db9b0b5ffe7b55f
Activity.SpanId:             f3f1fc48fd2fd808
Activity.TraceFlags:         Recorded
Activity.ActivitySourceName: Microsoft.AspNetCore
Activity.DisplayName:        POST api/Auth/register
Activity.Kind:               Server
Activity.StartTime:          2025-09-11T04:18:57.5536601Z
Activity.Duration:           00:00:00.2977749
Activity.Tags:
    server.address: localhost
    http.request.method: POST
    url.scheme: http
    url.path: /api/auth/register
    network.protocol.version: 1.1
    http.route: api/Auth/register
    http.response.status_code: 200
Resource associated with Activity:
    deployment.environment: Testing
    service.name: Crud.Api
    service.version: 1.0.0
    service.instance.id: 8958bff5-028e-43b0-8103-5553bc095d18
    telemetry.sdk.name: opentelemetry
    telemetry.sdk.language: dotnet
    telemetry.sdk.version: 1.8.1
[04:18:58 INF] User logged in successfully: 04557ad0-097c-41a9-b0d0-3b75f87a9f57 {"SourceContext": "App.Features.Authentication.LoginCommandHandler", "ActionId": "33e52a18-b3a1-485a-b75f-15286ee3412a", "ActionName": "Api.Controllers.AuthController.Login (Api)", "RequestId": "0HNFGT8MUJPF4", "RequestPath": "/api/auth/login", "Application": "Crud.Api"}
Activity.TraceId:            1377d2fa0c29ba19ec3558d5c65491ea
Activity.SpanId:             63b6d9f4d64efe18
Activity.TraceFlags:         Recorded
Activity.ActivitySourceName: Microsoft.AspNetCore
Activity.DisplayName:        POST api/Auth/login
Activity.Kind:               Server
Activity.StartTime:          2025-09-11T04:18:57.8527471Z
Activity.Duration:           00:00:00.2982075
Activity.Tags:
    server.address: localhost
    http.request.method: POST
    url.scheme: http
    url.path: /api/auth/login
    network.protocol.version: 1.1
    http.route: api/Auth/login
    http.response.status_code: 200
Resource associated with Activity:
    deployment.environment: Testing
    service.name: Crud.Api
    service.version: 1.0.0
    service.instance.id: 8958bff5-028e-43b0-8103-5553bc095d18
    telemetry.sdk.name: opentelemetry
    telemetry.sdk.language: dotnet
    telemetry.sdk.version: 1.8.1
[04:18:58 DBG] Removed cache value for key: entity:window:86d484eb78f245fc926d4ed761537a38 {"SourceContext": "Infrastructure.Services.Caching.InMemoryCacheService", "ActionId": "508b00ab-3fab-45a8-8f6e-7057609590e8", "ActionName": "Api.Controllers.WindowsController.Create (Api)", "RequestId": "0HNFGT8MUJPF5", "RequestPath": "/api/windows", "Application": "Crud.Api"}
[04:18:58 DBG] Removed cache value for key: list:window {"SourceContext": "Infrastructure.Services.Caching.InMemoryCacheService", "ActionId": "508b00ab-3fab-45a8-8f6e-7057609590e8", "ActionName": "Api.Controllers.WindowsController.Create (Api)", "RequestId": "0HNFGT8MUJPF5", "RequestPath": "/api/windows", "Application": "Crud.Api"}
[04:18:58 DBG] Invalidating cache for entity type: windows with tag: windows {"SourceContext": "Api.Services.OutputCacheInvalidationService", "ActionId": "508b00ab-3fab-45a8-8f6e-7057609590e8", "ActionName": "Api.Controllers.WindowsController.Create (Api)", "RequestId": "0HNFGT8MUJPF5", "RequestPath": "/api/windows", "Application": "Crud.Api"}
[04:18:58 INF] Successfully invalidated cache for entity type: windows {"SourceContext": "Api.Services.OutputCacheInvalidationService", "ActionId": "508b00ab-3fab-45a8-8f6e-7057609590e8", "ActionName": "Api.Controllers.WindowsController.Create (Api)", "RequestId": "0HNFGT8MUJPF5", "RequestPath": "/api/windows", "Application": "Crud.Api"}
Activity.TraceId:            4be710889ea04b6ef0f116475014cc79
Activity.SpanId:             994e8f37391bcb90
Activity.TraceFlags:         Recorded
Activity.ActivitySourceName: Microsoft.AspNetCore
Activity.DisplayName:        POST api/Windows
Activity.Kind:               Server
Activity.StartTime:          2025-09-11T04:18:58.1522695Z
Activity.Duration:           00:00:00.0059945
Activity.Tags:
    server.address: localhost
    http.request.method: POST
    url.scheme: http
    url.path: /api/windows
    network.protocol.version: 1.1
    http.route: api/Windows
    http.response.status_code: 201
Resource associated with Activity:
    deployment.environment: Testing
    service.name: Crud.Api
    service.version: 1.0.0
    service.instance.id: 8958bff5-028e-43b0-8103-5553bc095d18
    telemetry.sdk.name: opentelemetry
    telemetry.sdk.language: dotnet
    telemetry.sdk.version: 1.8.1
[04:18:58 INF] User registered successfully: 38f94ad7-5ffd-456d-80ad-bb703cd22ee6 {"SourceContext": "App.Features.Authentication.RegisterUserCommandHandler", "ActionId": "051fa220-171a-46d8-bff7-a2056a64a478", "ActionName": "Api.Controllers.AuthController.Register (Api)", "RequestId": "0HNFGT8MUJPF6", "RequestPath": "/api/auth/register", "Application": "Crud.Api"}
Activity.TraceId:            5d8a8cba2898250213cae8903427ff9d
Activity.SpanId:             0aeb5f1a2a02a01f
Activity.TraceFlags:         Recorded
Activity.ActivitySourceName: Microsoft.AspNetCore
Activity.DisplayName:        POST api/Auth/register
Activity.Kind:               Server
Activity.StartTime:          2025-09-11T04:18:58.1612949Z
Activity.Duration:           00:00:00.2985873
Activity.Tags:
    server.address: localhost
    http.request.method: POST
    url.scheme: http
    url.path: /api/auth/register
    network.protocol.version: 1.1
    http.route: api/Auth/register
    http.response.status_code: 200
Resource associated with Activity:
    deployment.environment: Testing
    service.name: Crud.Api
    service.version: 1.0.0
    service.instance.id: 8958bff5-028e-43b0-8103-5553bc095d18
    telemetry.sdk.name: opentelemetry
    telemetry.sdk.language: dotnet
    telemetry.sdk.version: 1.8.1
[04:18:58 INF] User logged in successfully: 38f94ad7-5ffd-456d-80ad-bb703cd22ee6 {"SourceContext": "App.Features.Authentication.LoginCommandHandler", "ActionId": "33e52a18-b3a1-485a-b75f-15286ee3412a", "ActionName": "Api.Controllers.AuthController.Login (Api)", "RequestId": "0HNFGT8MUJPF7", "RequestPath": "/api/auth/login", "Application": "Crud.Api"}
Activity.TraceId:            2cf82c2c808e708d38905ca7c618262c
Activity.SpanId:             d478c56925a60732
Activity.TraceFlags:         Recorded
Activity.ActivitySourceName: Microsoft.AspNetCore
Activity.DisplayName:        POST api/Auth/login
Activity.Kind:               Server
Activity.StartTime:          2025-09-11T04:18:58.4614370Z
Activity.Duration:           00:00:00.2995161
Activity.Tags:
    server.address: localhost
    http.request.method: POST
    url.scheme: http
    url.path: /api/auth/login
    network.protocol.version: 1.1
    http.route: api/Auth/login
    http.response.status_code: 200
Resource associated with Activity:
    deployment.environment: Testing
    service.name: Crud.Api
    service.version: 1.0.0
    service.instance.id: 8958bff5-028e-43b0-8103-5553bc095d18
    telemetry.sdk.name: opentelemetry
    telemetry.sdk.language: dotnet
    telemetry.sdk.version: 1.8.1
[04:18:58 DBG] Removed cache value for key: entity:window:42832307de904ab7b4c3da44cd986a7d {"SourceContext": "Infrastructure.Services.Caching.InMemoryCacheService", "ActionId": "508b00ab-3fab-45a8-8f6e-7057609590e8", "ActionName": "Api.Controllers.WindowsController.Create (Api)", "RequestId": "0HNFGT8MUJPF8", "RequestPath": "/api/windows", "Application": "Crud.Api"}
[04:18:58 DBG] Removed cache value for key: list:window {"SourceContext": "Infrastructure.Services.Caching.InMemoryCacheService", "ActionId": "508b00ab-3fab-45a8-8f6e-7057609590e8", "ActionName": "Api.Controllers.WindowsController.Create (Api)", "RequestId": "0HNFGT8MUJPF8", "RequestPath": "/api/windows", "Application": "Crud.Api"}
[04:18:58 DBG] Invalidating cache for entity type: windows with tag: windows {"SourceContext": "Api.Services.OutputCacheInvalidationService", "ActionId": "508b00ab-3fab-45a8-8f6e-7057609590e8", "ActionName": "Api.Controllers.WindowsController.Create (Api)", "RequestId": "0HNFGT8MUJPF8", "RequestPath": "/api/windows", "Application": "Crud.Api"}
[04:18:58 INF] Successfully invalidated cache for entity type: windows {"SourceContext": "Api.Services.OutputCacheInvalidationService", "ActionId": "508b00ab-3fab-45a8-8f6e-7057609590e8", "ActionName": "Api.Controllers.WindowsController.Create (Api)", "RequestId": "0HNFGT8MUJPF8", "RequestPath": "/api/windows", "Application": "Crud.Api"}
Activity.TraceId:            a8491461d79182f30977f04e99b6c371
Activity.SpanId:             2adc28ca4f324f93
Activity.TraceFlags:         Recorded
Activity.ActivitySourceName: Microsoft.AspNetCore
Activity.DisplayName:        POST api/Windows
Activity.Kind:               Server
Activity.StartTime:          2025-09-11T04:18:58.7624026Z
Activity.Duration:           00:00:00.0015046
Activity.Tags:
    server.address: localhost
    http.request.method: POST
    url.scheme: http
    url.path: /api/windows
    network.protocol.version: 1.1
    http.route: api/Windows
    http.response.status_code: 201
Resource associated with Activity:
    deployment.environment: Testing
    service.name: Crud.Api
    service.version: 1.0.0
    service.instance.id: 8958bff5-028e-43b0-8103-5553bc095d18
    telemetry.sdk.name: opentelemetry
    telemetry.sdk.language: dotnet
    telemetry.sdk.version: 1.8.1
[04:18:59 INF] User registered successfully: b6c8a29a-ac10-495f-b099-dc3a1ea45899 {"SourceContext": "App.Features.Authentication.RegisterUserCommandHandler", "ActionId": "051fa220-171a-46d8-bff7-a2056a64a478", "ActionName": "Api.Controllers.AuthController.Register (Api)", "RequestId": "0HNFGT8MUJPF9", "RequestPath": "/api/auth/register", "Application": "Crud.Api"}
Activity.TraceId:            3477005e2025994426b299ca35ab5348
Activity.SpanId:             8f1c1f7ff8ec2c84
Activity.TraceFlags:         Recorded
Activity.ActivitySourceName: Microsoft.AspNetCore
Activity.DisplayName:        POST api/Auth/register
Activity.Kind:               Server
Activity.StartTime:          2025-09-11T04:18:58.7652155Z
Activity.Duration:           00:00:00.2980086
Activity.Tags:
    server.address: localhost
    http.request.method: POST
    url.scheme: http
    url.path: /api/auth/register
    network.protocol.version: 1.1
    http.route: api/Auth/register
    http.response.status_code: 200
Resource associated with Activity:
    deployment.environment: Testing
    service.name: Crud.Api
    service.version: 1.0.0
    service.instance.id: 8958bff5-028e-43b0-8103-5553bc095d18
    telemetry.sdk.name: opentelemetry
    telemetry.sdk.language: dotnet
    telemetry.sdk.version: 1.8.1
[04:18:59 INF] User logged in successfully: b6c8a29a-ac10-495f-b099-dc3a1ea45899 {"SourceContext": "App.Features.Authentication.LoginCommandHandler", "ActionId": "33e52a18-b3a1-485a-b75f-15286ee3412a", "ActionName": "Api.Controllers.AuthController.Login (Api)", "RequestId": "0HNFGT8MUJPFA", "RequestPath": "/api/auth/login", "Application": "Crud.Api"}
Activity.TraceId:            f924ded110746ce4040b068650b9c685
Activity.SpanId:             a67299fdb1db45ff
Activity.TraceFlags:         Recorded
Activity.ActivitySourceName: Microsoft.AspNetCore
Activity.DisplayName:        POST api/Auth/login
Activity.Kind:               Server
Activity.StartTime:          2025-09-11T04:18:59.0644296Z
Activity.Duration:           00:00:00.2989807
Activity.Tags:
    server.address: localhost
    http.request.method: POST
    url.scheme: http
    url.path: /api/auth/login
    network.protocol.version: 1.1
    http.route: api/Auth/login
    http.response.status_code: 200
Resource associated with Activity:
    deployment.environment: Testing
    service.name: Crud.Api
    service.version: 1.0.0
    service.instance.id: 8958bff5-028e-43b0-8103-5553bc095d18
    telemetry.sdk.name: opentelemetry
    telemetry.sdk.language: dotnet
    telemetry.sdk.version: 1.8.1
[04:18:59 DBG] Cache miss for key: entity:window:42832307de904ab7b4c3da44cd986a7d {"SourceContext": "Infrastructure.Services.Caching.InMemoryCacheService", "ActionId": "073d6813-b02a-4812-be32-b80bf23b577a", "ActionName": "Api.Controllers.WindowsController.Update (Api)", "RequestId": "0HNFGT8MUJPFB", "RequestPath": "/api/windows/42832307-de90-4ab7-b4c3-da44cd986a7d", "Application": "Crud.Api"}
[04:18:59 DBG] Set cache value for key: entity:window:42832307de904ab7b4c3da44cd986a7d {"SourceContext": "Infrastructure.Services.Caching.InMemoryCacheService", "ActionId": "073d6813-b02a-4812-be32-b80bf23b577a", "ActionName": "Api.Controllers.WindowsController.Update (Api)", "RequestId": "0HNFGT8MUJPFB", "RequestPath": "/api/windows/42832307-de90-4ab7-b4c3-da44cd986a7d", "Application": "Crud.Api"}
[04:18:59 DBG] Removed cache value for key: entity:window:42832307de904ab7b4c3da44cd986a7d {"SourceContext": "Infrastructure.Services.Caching.InMemoryCacheService", "ActionId": "073d6813-b02a-4812-be32-b80bf23b577a", "ActionName": "Api.Controllers.WindowsController.Update (Api)", "RequestId": "0HNFGT8MUJPFB", "RequestPath": "/api/windows/42832307-de90-4ab7-b4c3-da44cd986a7d", "Application": "Crud.Api"}
[04:18:59 DBG] Removed cache value for key: list:window {"SourceContext": "Infrastructure.Services.Caching.InMemoryCacheService", "ActionId": "073d6813-b02a-4812-be32-b80bf23b577a", "ActionName": "Api.Controllers.WindowsController.Update (Api)", "RequestId": "0HNFGT8MUJPFB", "RequestPath": "/api/windows/42832307-de90-4ab7-b4c3-da44cd986a7d", "Application": "Crud.Api"}
[04:18:59 DBG] Invalidating cache for entity: windows/42832307-de90-4ab7-b4c3-da44cd986a7d with tags: windows, windows:42832307-de90-4ab7-b4c3-da44cd986a7d {"SourceContext": "Api.Services.OutputCacheInvalidationService", "ActionId": "073d6813-b02a-4812-be32-b80bf23b577a", "ActionName": "Api.Controllers.WindowsController.Update (Api)", "RequestId": "0HNFGT8MUJPFB", "RequestPath": "/api/windows/42832307-de90-4ab7-b4c3-da44cd986a7d", "Application": "Crud.Api"}
[04:18:59 DBG] Successfully invalidated cache for tag: windows {"SourceContext": "Api.Services.OutputCacheInvalidationService", "ActionId": "073d6813-b02a-4812-be32-b80bf23b577a", "ActionName": "Api.Controllers.WindowsController.Update (Api)", "RequestId": "0HNFGT8MUJPFB", "RequestPath": "/api/windows/42832307-de90-4ab7-b4c3-da44cd986a7d", "Application": "Crud.Api"}
[04:18:59 DBG] Successfully invalidated cache for tag: windows:42832307-de90-4ab7-b4c3-da44cd986a7d {"SourceContext": "Api.Services.OutputCacheInvalidationService", "ActionId": "073d6813-b02a-4812-be32-b80bf23b577a", "ActionName": "Api.Controllers.WindowsController.Update (Api)", "RequestId": "0HNFGT8MUJPFB", "RequestPath": "/api/windows/42832307-de90-4ab7-b4c3-da44cd986a7d", "Application": "Crud.Api"}
Activity.TraceId:            b71b262ba04fd22cdfdb51dc6baa7c5a
Activity.SpanId:             0ec94f1c63661714
Activity.TraceFlags:         Recorded
Activity.ActivitySourceName: Microsoft.AspNetCore
Activity.DisplayName:        PUT api/Windows/{id:guid}
Activity.Kind:               Server
Activity.StartTime:          2025-09-11T04:18:59.3663248Z
Activity.Duration:           00:00:00.0176132
Activity.Tags:
    server.address: localhost
    http.request.method: PUT
    url.scheme: http
    url.path: /api/windows/42832307-de90-4ab7-b4c3-da44cd986a7d
    network.protocol.version: 1.1
    http.route: api/Windows/{id:guid}
    http.response.status_code: 204
Resource associated with Activity:
    deployment.environment: Testing
    service.name: Crud.Api
    service.version: 1.0.0
    service.instance.id: 8958bff5-028e-43b0-8103-5553bc095d18
    telemetry.sdk.name: opentelemetry
    telemetry.sdk.language: dotnet
    telemetry.sdk.version: 1.8.1
[04:18:59 INF] User registered successfully: 1471c9ef-2f98-45d5-83f1-1cb3a9575eba {"SourceContext": "App.Features.Authentication.RegisterUserCommandHandler", "ActionId": "051fa220-171a-46d8-bff7-a2056a64a478", "ActionName": "Api.Controllers.AuthController.Register (Api)", "RequestId": "0HNFGT8MUJPFC", "RequestPath": "/api/auth/register", "Application": "Crud.Api"}
Activity.TraceId:            33a44c823fe15fd055ca062f2b08ff61
Activity.SpanId:             159d5c20c718f735
Activity.TraceFlags:         Recorded
Activity.ActivitySourceName: Microsoft.AspNetCore
Activity.DisplayName:        POST api/Auth/register
Activity.Kind:               Server
Activity.StartTime:          2025-09-11T04:18:59.3841258Z
Activity.Duration:           00:00:00.3006310
Activity.Tags:
    server.address: localhost
    http.request.method: POST
    url.scheme: http
    url.path: /api/auth/register
    network.protocol.version: 1.1
    http.route: api/Auth/register
    http.response.status_code: 200
Resource associated with Activity:
    deployment.environment: Testing
    service.name: Crud.Api
    service.version: 1.0.0
    service.instance.id: 8958bff5-028e-43b0-8103-5553bc095d18
    telemetry.sdk.name: opentelemetry
    telemetry.sdk.language: dotnet
    telemetry.sdk.version: 1.8.1
[04:18:59 DBG] Cache miss for key: entity:window:42832307de904ab7b4c3da44cd986a7d {"SourceContext": "Infrastructure.Services.Caching.InMemoryCacheService", "ActionId": "1463475d-3cf0-4b3a-997d-776dfbd0bfa4", "ActionName": "Api.Controllers.WindowsController.Get (Api)", "RequestId": "0HNFGT8MUJPFD", "RequestPath": "/api/windows/42832307-de90-4ab7-b4c3-da44cd986a7d", "Application": "Crud.Api"}
[04:18:59 DBG] Set cache value for key: entity:window:42832307de904ab7b4c3da44cd986a7d {"SourceContext": "Infrastructure.Services.Caching.InMemoryCacheService", "ActionId": "1463475d-3cf0-4b3a-997d-776dfbd0bfa4", "ActionName": "Api.Controllers.WindowsController.Get (Api)", "RequestId": "0HNFGT8MUJPFD", "RequestPath": "/api/windows/42832307-de90-4ab7-b4c3-da44cd986a7d", "Application": "Crud.Api"}
Activity.TraceId:            2d91858410c35dc0acd4b4852752891a
Activity.SpanId:             949f9df0921c0c48
Activity.TraceFlags:         Recorded
Activity.ActivitySourceName: Microsoft.AspNetCore
Activity.DisplayName:        GET api/Windows/{id:guid}
Activity.Kind:               Server
Activity.StartTime:          2025-09-11T04:18:59.6848490Z
Activity.Duration:           00:00:00.0019806
Activity.Tags:
    server.address: localhost
    http.request.method: GET
    url.scheme: http
    url.path: /api/windows/42832307-de90-4ab7-b4c3-da44cd986a7d
    network.protocol.version: 1.1
    http.route: api/Windows/{id:guid}
    http.response.status_code: 200
Resource associated with Activity:
    deployment.environment: Testing
    service.name: Crud.Api
    service.version: 1.0.0
    service.instance.id: 8958bff5-028e-43b0-8103-5553bc095d18
    telemetry.sdk.name: opentelemetry
    telemetry.sdk.language: dotnet
    telemetry.sdk.version: 1.8.1
[04:18:59 INF] User registered successfully: 1b477ade-b05b-4b2e-bde2-f9be63d77c9e {"SourceContext": "App.Features.Authentication.RegisterUserCommandHandler", "ActionId": "051fa220-171a-46d8-bff7-a2056a64a478", "ActionName": "Api.Controllers.AuthController.Register (Api)", "RequestId": "0HNFGT8MUJPFE", "RequestPath": "/api/auth/register", "Application": "Crud.Api"}
Activity.TraceId:            2f6d4190ba690b35f7a4e5745d47a9a9
Activity.SpanId:             cf0b3cdf6fbbe863
Activity.TraceFlags:         Recorded
Activity.ActivitySourceName: Microsoft.AspNetCore
Activity.DisplayName:        POST api/Auth/register
Activity.Kind:               Server
Activity.StartTime:          2025-09-11T04:18:59.6893165Z
Activity.Duration:           00:00:00.2979948
Activity.Tags:
    server.address: localhost
    http.request.method: POST
    url.scheme: http
    url.path: /api/auth/register
    network.protocol.version: 1.1
    http.route: api/Auth/register
    http.response.status_code: 200
Resource associated with Activity:
    deployment.environment: Testing
    service.name: Crud.Api
    service.version: 1.0.0
    service.instance.id: 8958bff5-028e-43b0-8103-5553bc095d18
    telemetry.sdk.name: opentelemetry
    telemetry.sdk.language: dotnet
    telemetry.sdk.version: 1.8.1
[04:19:00 INF] User logged in successfully: 1b477ade-b05b-4b2e-bde2-f9be63d77c9e {"SourceContext": "App.Features.Authentication.LoginCommandHandler", "ActionId": "33e52a18-b3a1-485a-b75f-15286ee3412a", "ActionName": "Api.Controllers.AuthController.Login (Api)", "RequestId": "0HNFGT8MUJPFF", "RequestPath": "/api/auth/login", "Application": "Crud.Api"}
Activity.TraceId:            8925c147b7c8a0db75690f7316992f64
Activity.SpanId:             b53a847d99aa6490
Activity.TraceFlags:         Recorded
Activity.ActivitySourceName: Microsoft.AspNetCore
Activity.DisplayName:        POST api/Auth/login
Activity.Kind:               Server
Activity.StartTime:          2025-09-11T04:18:59.9888575Z
Activity.Duration:           00:00:00.2981178
Activity.Tags:
    server.address: localhost
    http.request.method: POST
    url.scheme: http
    url.path: /api/auth/login
    network.protocol.version: 1.1
    http.route: api/Auth/login
    http.response.status_code: 200
Resource associated with Activity:
    deployment.environment: Testing
    service.name: Crud.Api
    service.version: 1.0.0
    service.instance.id: 8958bff5-028e-43b0-8103-5553bc095d18
    telemetry.sdk.name: opentelemetry
    telemetry.sdk.language: dotnet
    telemetry.sdk.version: 1.8.1
[04:19:00 DBG] Removed cache value for key: entity:window:d685b34d993f4e4795c69659a1c59d20 {"SourceContext": "Infrastructure.Services.Caching.InMemoryCacheService", "ActionId": "508b00ab-3fab-45a8-8f6e-7057609590e8", "ActionName": "Api.Controllers.WindowsController.Create (Api)", "RequestId": "0HNFGT8MUJPFG", "RequestPath": "/api/windows", "Application": "Crud.Api"}
[04:19:00 DBG] Removed cache value for key: list:window {"SourceContext": "Infrastructure.Services.Caching.InMemoryCacheService", "ActionId": "508b00ab-3fab-45a8-8f6e-7057609590e8", "ActionName": "Api.Controllers.WindowsController.Create (Api)", "RequestId": "0HNFGT8MUJPFG", "RequestPath": "/api/windows", "Application": "Crud.Api"}
[04:19:00 DBG] Invalidating cache for entity type: windows with tag: windows {"SourceContext": "Api.Services.OutputCacheInvalidationService", "ActionId": "508b00ab-3fab-45a8-8f6e-7057609590e8", "ActionName": "Api.Controllers.WindowsController.Create (Api)", "RequestId": "0HNFGT8MUJPFG", "RequestPath": "/api/windows", "Application": "Crud.Api"}
[04:19:00 INF] Successfully invalidated cache for entity type: windows {"SourceContext": "Api.Services.OutputCacheInvalidationService", "ActionId": "508b00ab-3fab-45a8-8f6e-7057609590e8", "ActionName": "Api.Controllers.WindowsController.Create (Api)", "RequestId": "0HNFGT8MUJPFG", "RequestPath": "/api/windows", "Application": "Crud.Api"}
Activity.TraceId:            352ae13172e4e1e42e0c09911e7e7881
Activity.SpanId:             0f1d29494464656c
Activity.TraceFlags:         Recorded
Activity.ActivitySourceName: Microsoft.AspNetCore
Activity.DisplayName:        POST api/Windows
Activity.Kind:               Server
Activity.StartTime:          2025-09-11T04:19:00.2877597Z
Activity.Duration:           00:00:00.0016120
Activity.Tags:
    server.address: localhost
    http.request.method: POST
    url.scheme: http
    url.path: /api/windows
    network.protocol.version: 1.1
    http.route: api/Windows
    http.response.status_code: 201
Resource associated with Activity:
    deployment.environment: Testing
    service.name: Crud.Api
    service.version: 1.0.0
    service.instance.id: 8958bff5-028e-43b0-8103-5553bc095d18
    telemetry.sdk.name: opentelemetry
    telemetry.sdk.language: dotnet
    telemetry.sdk.version: 1.8.1
[04:19:00 INF] User registered successfully: a80bce90-b095-4e66-9ccc-01c0f26227d1 {"SourceContext": "App.Features.Authentication.RegisterUserCommandHandler", "ActionId": "051fa220-171a-46d8-bff7-a2056a64a478", "ActionName": "Api.Controllers.AuthController.Register (Api)", "RequestId": "0HNFGT8MUJPFH", "RequestPath": "/api/auth/register", "Application": "Crud.Api"}
Activity.TraceId:            887ca17c9623daebfa8df35b37ffd1f7
Activity.SpanId:             7486d6df14f261f0
Activity.TraceFlags:         Recorded
Activity.ActivitySourceName: Microsoft.AspNetCore
Activity.DisplayName:        POST api/Auth/register
Activity.Kind:               Server
Activity.StartTime:          2025-09-11T04:19:00.2901563Z
Activity.Duration:           00:00:00.3082373
Activity.Tags:
    server.address: localhost
    http.request.method: POST
    url.scheme: http
    url.path: /api/auth/register
    network.protocol.version: 1.1
    http.route: api/Auth/register
    http.response.status_code: 200
Resource associated with Activity:
    deployment.environment: Testing
    service.name: Crud.Api
    service.version: 1.0.0
    service.instance.id: 8958bff5-028e-43b0-8103-5553bc095d18
    telemetry.sdk.name: opentelemetry
    telemetry.sdk.language: dotnet
    telemetry.sdk.version: 1.8.1
[04:19:00 DBG] Cache miss for key: entity:window:d685b34d993f4e4795c69659a1c59d20 {"SourceContext": "Infrastructure.Services.Caching.InMemoryCacheService", "ActionId": "1463475d-3cf0-4b3a-997d-776dfbd0bfa4", "ActionName": "Api.Controllers.WindowsController.Get (Api)", "RequestId": "0HNFGT8MUJPFI", "RequestPath": "/api/windows/d685b34d-993f-4e47-95c6-9659a1c59d20", "Application": "Crud.Api"}
[04:19:00 DBG] Set cache value for key: entity:window:d685b34d993f4e4795c69659a1c59d20 {"SourceContext": "Infrastructure.Services.Caching.InMemoryCacheService", "ActionId": "1463475d-3cf0-4b3a-997d-776dfbd0bfa4", "ActionName": "Api.Controllers.WindowsController.Get (Api)", "RequestId": "0HNFGT8MUJPFI", "RequestPath": "/api/windows/d685b34d-993f-4e47-95c6-9659a1c59d20", "Application": "Crud.Api"}
Activity.TraceId:            709857610ab12d0a920537a641dc186c
Activity.SpanId:             27b341a4f3921e45
Activity.TraceFlags:         Recorded
Activity.ActivitySourceName: Microsoft.AspNetCore
Activity.DisplayName:        GET api/Windows/{id:guid}
Activity.Kind:               Server
Activity.StartTime:          2025-09-11T04:19:00.5985108Z
Activity.Duration:           00:00:00.0024835
Activity.Tags:
    server.address: localhost
    http.request.method: GET
    url.scheme: http
    url.path: /api/windows/d685b34d-993f-4e47-95c6-9659a1c59d20
    network.protocol.version: 1.1
    http.route: api/Windows/{id:guid}
    http.response.status_code: 200
Resource associated with Activity:
    deployment.environment: Testing
    service.name: Crud.Api
    service.version: 1.0.0
    service.instance.id: 8958bff5-028e-43b0-8103-5553bc095d18
    telemetry.sdk.name: opentelemetry
    telemetry.sdk.language: dotnet
    telemetry.sdk.version: 1.8.1
[04:19:00 INF] User registered successfully: c15af622-efb5-4821-a0ce-6bbb000b7bf1 {"SourceContext": "App.Features.Authentication.RegisterUserCommandHandler", "ActionId": "051fa220-171a-46d8-bff7-a2056a64a478", "ActionName": "Api.Controllers.AuthController.Register (Api)", "RequestId": "0HNFGT8MUJPFJ", "RequestPath": "/api/auth/register", "Application": "Crud.Api"}
Activity.TraceId:            3640ff62c878e192919fec895503742c
Activity.SpanId:             914e467b4dd7dd24
Activity.TraceFlags:         Recorded
Activity.ActivitySourceName: Microsoft.AspNetCore
Activity.DisplayName:        POST api/Auth/register
Activity.Kind:               Server
Activity.StartTime:          2025-09-11T04:19:00.6025718Z
Activity.Duration:           00:00:00.2981064
Activity.Tags:
    server.address: localhost
    http.request.method: POST
    url.scheme: http
    url.path: /api/auth/register
    network.protocol.version: 1.1
    http.route: api/Auth/register
    http.response.status_code: 200
Resource associated with Activity:
    deployment.environment: Testing
    service.name: Crud.Api
    service.version: 1.0.0
    service.instance.id: 8958bff5-028e-43b0-8103-5553bc095d18
    telemetry.sdk.name: opentelemetry
    telemetry.sdk.language: dotnet
    telemetry.sdk.version: 1.8.1
[04:19:00 DBG] Cache miss for key: entity:window:87c22aa82f3a49f8ac87adff3d8613c8 {"SourceContext": "Infrastructure.Services.Caching.InMemoryCacheService", "ActionId": "1463475d-3cf0-4b3a-997d-776dfbd0bfa4", "ActionName": "Api.Controllers.WindowsController.Get (Api)", "RequestId": "0HNFGT8MUJPFK", "RequestPath": "/api/windows/87c22aa8-2f3a-49f8-ac87-adff3d8613c8", "Application": "Crud.Api"}
Activity.TraceId:            9f14dfb44a51356cf4c045bbe65b55ff
Activity.SpanId:             2200965ce05afbb4
Activity.TraceFlags:         Recorded
Activity.ActivitySourceName: Microsoft.AspNetCore
Activity.DisplayName:        GET api/Windows/{id:guid}
Activity.Kind:               Server
Activity.StartTime:          2025-09-11T04:19:00.9018543Z
Activity.Duration:           00:00:00.0009160
Activity.Tags:
    server.address: localhost
    http.request.method: GET
    url.scheme: http
    url.path: /api/windows/87c22aa8-2f3a-49f8-ac87-adff3d8613c8
    network.protocol.version: 1.1
    http.route: api/Windows/{id:guid}
    http.response.status_code: 404
Resource associated with Activity:
    deployment.environment: Testing
    service.name: Crud.Api
    service.version: 1.0.0
    service.instance.id: 8958bff5-028e-43b0-8103-5553bc095d18
    telemetry.sdk.name: opentelemetry
    telemetry.sdk.language: dotnet
    telemetry.sdk.version: 1.8.1
[04:19:01 INF] User registered successfully: d75f1eff-b520-44e8-b561-8f17fa3a5a70 {"SourceContext": "App.Features.Authentication.RegisterUserCommandHandler", "ActionId": "051fa220-171a-46d8-bff7-a2056a64a478", "ActionName": "Api.Controllers.AuthController.Register (Api)", "RequestId": "0HNFGT8MUJPFL", "RequestPath": "/api/auth/register", "Application": "Crud.Api"}
Activity.TraceId:            802ba2d1c7a822ef51804d54d588e2ed
Activity.SpanId:             e0393e934a41be43
Activity.TraceFlags:         Recorded
Activity.ActivitySourceName: Microsoft.AspNetCore
Activity.DisplayName:        POST api/Auth/register
Activity.Kind:               Server
Activity.StartTime:          2025-09-11T04:19:00.9050775Z
Activity.Duration:           00:00:00.2982533
Activity.Tags:
    server.address: localhost
    http.request.method: POST
    url.scheme: http
    url.path: /api/auth/register
    network.protocol.version: 1.1
    http.route: api/Auth/register
    http.response.status_code: 200
Resource associated with Activity:
    deployment.environment: Testing
    service.name: Crud.Api
    service.version: 1.0.0
    service.instance.id: 8958bff5-028e-43b0-8103-5553bc095d18
    telemetry.sdk.name: opentelemetry
    telemetry.sdk.language: dotnet
    telemetry.sdk.version: 1.8.1
[04:19:01 INF] User logged in successfully: d75f1eff-b520-44e8-b561-8f17fa3a5a70 {"SourceContext": "App.Features.Authentication.LoginCommandHandler", "ActionId": "33e52a18-b3a1-485a-b75f-15286ee3412a", "ActionName": "Api.Controllers.AuthController.Login (Api)", "RequestId": "0HNFGT8MUJPFM", "RequestPath": "/api/auth/login", "Application": "Crud.Api"}
Activity.TraceId:            920546785d90d1924052db2574c4e051
Activity.SpanId:             a40d2037f6f4e135
Activity.TraceFlags:         Recorded
Activity.ActivitySourceName: Microsoft.AspNetCore
Activity.DisplayName:        POST api/Auth/login
Activity.Kind:               Server
Activity.StartTime:          2025-09-11T04:19:01.2046349Z
Activity.Duration:           00:00:00.2982100
Activity.Tags:
    server.address: localhost
    http.request.method: POST
    url.scheme: http
    url.path: /api/auth/login
    network.protocol.version: 1.1
    http.route: api/Auth/login
    http.response.status_code: 200
Resource associated with Activity:
    deployment.environment: Testing
    service.name: Crud.Api
    service.version: 1.0.0
    service.instance.id: 8958bff5-028e-43b0-8103-5553bc095d18
    telemetry.sdk.name: opentelemetry
    telemetry.sdk.language: dotnet
    telemetry.sdk.version: 1.8.1
[04:19:01 DBG] Removed cache value for key: entity:window:69140820fb4844a8b5f4eaec0ab2899d {"SourceContext": "Infrastructure.Services.Caching.InMemoryCacheService", "ActionId": "508b00ab-3fab-45a8-8f6e-7057609590e8", "ActionName": "Api.Controllers.WindowsController.Create (Api)", "RequestId": "0HNFGT8MUJPFN", "RequestPath": "/api/windows", "Application": "Crud.Api"}
[04:19:01 DBG] Removed cache value for key: list:window {"SourceContext": "Infrastructure.Services.Caching.InMemoryCacheService", "ActionId": "508b00ab-3fab-45a8-8f6e-7057609590e8", "ActionName": "Api.Controllers.WindowsController.Create (Api)", "RequestId": "0HNFGT8MUJPFN", "RequestPath": "/api/windows", "Application": "Crud.Api"}
[04:19:01 DBG] Invalidating cache for entity type: windows with tag: windows {"SourceContext": "Api.Services.OutputCacheInvalidationService", "ActionId": "508b00ab-3fab-45a8-8f6e-7057609590e8", "ActionName": "Api.Controllers.WindowsController.Create (Api)", "RequestId": "0HNFGT8MUJPFN", "RequestPath": "/api/windows", "Application": "Crud.Api"}
[04:19:01 INF] Successfully invalidated cache for entity type: windows {"SourceContext": "Api.Services.OutputCacheInvalidationService", "ActionId": "508b00ab-3fab-45a8-8f6e-7057609590e8", "ActionName": "Api.Controllers.WindowsController.Create (Api)", "RequestId": "0HNFGT8MUJPFN", "RequestPath": "/api/windows", "Application": "Crud.Api"}
Activity.TraceId:            ad884c0153ffb827f72822a453cb0511
Activity.SpanId:             9c8326d9a5fdf796
Activity.TraceFlags:         Recorded
Activity.ActivitySourceName: Microsoft.AspNetCore
Activity.DisplayName:        POST api/Windows
Activity.Kind:               Server
Activity.StartTime:          2025-09-11T04:19:01.5034895Z
Activity.Duration:           00:00:00.0088720
Activity.Tags:
    server.address: localhost
    http.request.method: POST
    url.scheme: http
    url.path: /api/windows
    network.protocol.version: 1.1
    http.route: api/Windows
    http.response.status_code: 201
Resource associated with Activity:
    deployment.environment: Testing
    service.name: Crud.Api
    service.version: 1.0.0
    service.instance.id: 8958bff5-028e-43b0-8103-5553bc095d18
    telemetry.sdk.name: opentelemetry
    telemetry.sdk.language: dotnet
    telemetry.sdk.version: 1.8.1
[04:19:01 INF] User registered successfully: 3f06a827-e11a-4c73-8c49-823b67d65a65 {"SourceContext": "App.Features.Authentication.RegisterUserCommandHandler", "ActionId": "051fa220-171a-46d8-bff7-a2056a64a478", "ActionName": "Api.Controllers.AuthController.Register (Api)", "RequestId": "0HNFGT8MUJPFO", "RequestPath": "/api/auth/register", "Application": "Crud.Api"}
Activity.TraceId:            dfd147889326376e44cf4d073906433b
Activity.SpanId:             553e909e30bf2e6c
Activity.TraceFlags:         Recorded
Activity.ActivitySourceName: Microsoft.AspNetCore
Activity.DisplayName:        POST api/Auth/register
Activity.Kind:               Server
Activity.StartTime:          2025-09-11T04:19:01.5132314Z
Activity.Duration:           00:00:00.2980308
Activity.Tags:
    server.address: localhost
    http.request.method: POST
    url.scheme: http
    url.path: /api/auth/register
    network.protocol.version: 1.1
    http.route: api/Auth/register
    http.response.status_code: 200
Resource associated with Activity:
    deployment.environment: Testing
    service.name: Crud.Api
    service.version: 1.0.0
    service.instance.id: 8958bff5-028e-43b0-8103-5553bc095d18
    telemetry.sdk.name: opentelemetry
    telemetry.sdk.language: dotnet
    telemetry.sdk.version: 1.8.1
[04:19:02 INF] User logged in successfully: 3f06a827-e11a-4c73-8c49-823b67d65a65 {"SourceContext": "App.Features.Authentication.LoginCommandHandler", "ActionId": "33e52a18-b3a1-485a-b75f-15286ee3412a", "ActionName": "Api.Controllers.AuthController.Login (Api)", "RequestId": "0HNFGT8MUJPFP", "RequestPath": "/api/auth/login", "Application": "Crud.Api"}
Activity.TraceId:            d84e7f07d5b20aad1a6f246b194d3582
Activity.SpanId:             6c27b89d0e858a00
Activity.TraceFlags:         Recorded
Activity.ActivitySourceName: Microsoft.AspNetCore
Activity.DisplayName:        POST api/Auth/login
Activity.Kind:               Server
Activity.StartTime:          2025-09-11T04:19:01.8145479Z
Activity.Duration:           00:00:00.2980716
Activity.Tags:
    server.address: localhost
    http.request.method: POST
    url.scheme: http
    url.path: /api/auth/login
    network.protocol.version: 1.1
    http.route: api/Auth/login
    http.response.status_code: 200
Resource associated with Activity:
    deployment.environment: Testing
    service.name: Crud.Api
    service.version: 1.0.0
    service.instance.id: 8958bff5-028e-43b0-8103-5553bc095d18
    telemetry.sdk.name: opentelemetry
    telemetry.sdk.language: dotnet
    telemetry.sdk.version: 1.8.1
[04:19:02 DBG] Removed cache value for key: entity:window:2905d5ccabfa4e548016ef03079ed034 {"SourceContext": "Infrastructure.Services.Caching.InMemoryCacheService", "ActionId": "508b00ab-3fab-45a8-8f6e-7057609590e8", "ActionName": "Api.Controllers.WindowsController.Create (Api)", "RequestId": "0HNFGT8MUJPFQ", "RequestPath": "/api/windows", "Application": "Crud.Api"}
[04:19:02 DBG] Removed cache value for key: list:window {"SourceContext": "Infrastructure.Services.Caching.InMemoryCacheService", "ActionId": "508b00ab-3fab-45a8-8f6e-7057609590e8", "ActionName": "Api.Controllers.WindowsController.Create (Api)", "RequestId": "0HNFGT8MUJPFQ", "RequestPath": "/api/windows", "Application": "Crud.Api"}
[04:19:02 DBG] Invalidating cache for entity type: windows with tag: windows {"SourceContext": "Api.Services.OutputCacheInvalidationService", "ActionId": "508b00ab-3fab-45a8-8f6e-7057609590e8", "ActionName": "Api.Controllers.WindowsController.Create (Api)", "RequestId": "0HNFGT8MUJPFQ", "RequestPath": "/api/windows", "Application": "Crud.Api"}
[04:19:02 INF] Successfully invalidated cache for entity type: windows {"SourceContext": "Api.Services.OutputCacheInvalidationService", "ActionId": "508b00ab-3fab-45a8-8f6e-7057609590e8", "ActionName": "Api.Controllers.WindowsController.Create (Api)", "RequestId": "0HNFGT8MUJPFQ", "RequestPath": "/api/windows", "Application": "Crud.Api"}
Activity.TraceId:            04fd37ad8d0c1a5eced4fac09a45b13f
Activity.SpanId:             b2e7412b2857d968
Activity.TraceFlags:         Recorded
Activity.ActivitySourceName: Microsoft.AspNetCore
Activity.DisplayName:        POST api/Windows
Activity.Kind:               Server
Activity.StartTime:          2025-09-11T04:19:02.1128382Z
Activity.Duration:           00:00:00.0016079
Activity.Tags:
    server.address: localhost
    http.request.method: POST
    url.scheme: http
    url.path: /api/windows
    network.protocol.version: 1.1
    http.route: api/Windows
    http.response.status_code: 201
Resource associated with Activity:
    deployment.environment: Testing
    service.name: Crud.Api
    service.version: 1.0.0
    service.instance.id: 8958bff5-028e-43b0-8103-5553bc095d18
    telemetry.sdk.name: opentelemetry
    telemetry.sdk.language: dotnet
    telemetry.sdk.version: 1.8.1
[04:19:02 INF] User registered successfully: 9c75a34d-9b05-4d18-82d3-62749c7ce519 {"SourceContext": "App.Features.Authentication.RegisterUserCommandHandler", "ActionId": "051fa220-171a-46d8-bff7-a2056a64a478", "ActionName": "Api.Controllers.AuthController.Register (Api)", "RequestId": "0HNFGT8MUJPFR", "RequestPath": "/api/auth/register", "Application": "Crud.Api"}
Activity.TraceId:            af626f8ac9520ab7f28380ba45cd0c8d
Activity.SpanId:             955e186056dccd49
Activity.TraceFlags:         Recorded
Activity.ActivitySourceName: Microsoft.AspNetCore
Activity.DisplayName:        POST api/Auth/register
Activity.Kind:               Server
Activity.StartTime:          2025-09-11T04:19:02.1168360Z
Activity.Duration:           00:00:00.2982116
Activity.Tags:
    server.address: localhost
    http.request.method: POST
    url.scheme: http
    url.path: /api/auth/register
    network.protocol.version: 1.1
    http.route: api/Auth/register
    http.response.status_code: 200
Resource associated with Activity:
    deployment.environment: Testing
    service.name: Crud.Api
    service.version: 1.0.0
    service.instance.id: 8958bff5-028e-43b0-8103-5553bc095d18
    telemetry.sdk.name: opentelemetry
    telemetry.sdk.language: dotnet
    telemetry.sdk.version: 1.8.1
Resource associated with Metric:
    deployment.environment: Testing
    service.name: Crud.Api
    service.version: 1.0.0
    service.instance.id: 8958bff5-028e-43b0-8103-5553bc095d18
    telemetry.sdk.name: opentelemetry
    telemetry.sdk.language: dotnet
    telemetry.sdk.version: 1.8.1
Metric Name: http.server.active_requests, Number of active HTTP server requests., Unit: {request}, Meter: Microsoft.AspNetCore.Hosting
(2025-09-11T04:18:52.6507932Z, 2025-09-11T04:19:02.6507917Z] http.request.method: POST url.scheme: http LongSumNonMonotonic
Value: 1
(2025-09-11T04:18:52.6507932Z, 2025-09-11T04:19:02.6507917Z] http.request.method: DELETE url.scheme: http LongSumNonMonotonic
Value: 0
(2025-09-11T04:18:52.6507932Z, 2025-09-11T04:19:02.6507917Z] http.request.method: GET url.scheme: http LongSumNonMonotonic
Value: 0
(2025-09-11T04:18:52.6507932Z, 2025-09-11T04:19:02.6507917Z] http.request.method: PUT url.scheme: http LongSumNonMonotonic
Value: 0
Metric Name: http.server.request.duration, Duration of HTTP server requests., Unit: s, Meter: Microsoft.AspNetCore.Hosting
(2025-09-11T04:18:52.6508110Z, 2025-09-11T04:19:02.6507934Z] http.request.method: POST http.response.status_code: 200 http.route: api/Auth/register network.protocol.version: 1.1 url.scheme: http Histogram
Value: Sum: 5.6979973 Count: 19 Min: 0.2977726 Max: 0.31017 
(-Infinity,0.005]:0
(0.005,0.01]:0
(0.01,0.025]:0
(0.025,0.05]:0
(0.05,0.075]:0
(0.075,0.1]:0
(0.1,0.25]:0
(0.25,0.5]:19
(0.5,0.75]:0
(0.75,1]:0
(1,2.5]:0
(2.5,5]:0
(5,7.5]:0
(7.5,10]:0
(10,+Infinity]:0
(2025-09-11T04:18:52.6508110Z, 2025-09-11T04:19:02.6507934Z] http.request.method: POST http.response.status_code: 200 http.route: api/Auth/login network.protocol.version: 1.1 url.scheme: http Histogram
Value: Sum: 3.884523 Count: 13 Min: 0.2978605 Max: 0.3025896 
(-Infinity,0.005]:0
(0.005,0.01]:0
(0.01,0.025]:0
(0.025,0.05]:0
(0.05,0.075]:0
(0.075,0.1]:0
(0.1,0.25]:0
(0.25,0.5]:13
(0.5,0.75]:0
(0.75,1]:0
(1,2.5]:0
(2.5,5]:0
(5,7.5]:0
(7.5,10]:0
(10,+Infinity]:0
(2025-09-11T04:18:52.6508110Z, 2025-09-11T04:19:02.6507934Z] http.request.method: POST http.response.status_code: 400 http.route: api/Windows network.protocol.version: 1.1 url.scheme: http Histogram
Value: Sum: 0.014586499999999999 Count: 2 Min: 0.0016277 Max: 0.0129588 
(-Infinity,0.005]:1
(0.005,0.01]:0
(0.01,0.025]:1
(0.025,0.05]:0
(0.05,0.075]:0
(0.075,0.1]:0
(0.1,0.25]:0
(0.25,0.5]:0
(0.5,0.75]:0
(0.75,1]:0
(1,2.5]:0
(2.5,5]:0
(5,7.5]:0
(7.5,10]:0
(10,+Infinity]:0
(2025-09-11T04:18:52.6508110Z, 2025-09-11T04:19:02.6507934Z] http.request.method: POST http.response.status_code: 201 http.route: api/Windows network.protocol.version: 1.1 url.scheme: http Histogram
Value: Sum: 0.0448228 Count: 9 Min: 0.0015049 Max: 0.0172311 
(-Infinity,0.005]:6
(0.005,0.01]:2
(0.01,0.025]:1
(0.025,0.05]:0
(0.05,0.075]:0
(0.075,0.1]:0
(0.1,0.25]:0
(0.25,0.5]:0
(0.5,0.75]:0
(0.75,1]:0
(1,2.5]:0
(2.5,5]:0
(5,7.5]:0
(7.5,10]:0
(10,+Infinity]:0
(2025-09-11T04:18:52.6508110Z, 2025-09-11T04:19:02.6507934Z] http.request.method: DELETE http.response.status_code: 204 http.route: api/Windows/{id:guid} network.protocol.version: 1.1 url.scheme: http Histogram
Value: Sum: 0.0100883 Count: 1 Min: 0.0100883 Max: 0.0100883 
(-Infinity,0.005]:0
(0.005,0.01]:0
(0.01,0.025]:1
(0.025,0.05]:0
(0.05,0.075]:0
(0.075,0.1]:0
(0.1,0.25]:0
(0.25,0.5]:0
(0.5,0.75]:0
(0.75,1]:0
(1,2.5]:0
(2.5,5]:0
(5,7.5]:0
(7.5,10]:0
(10,+Infinity]:0
(2025-09-11T04:18:52.6508110Z, 2025-09-11T04:19:02.6507934Z] http.request.method: GET http.response.status_code: 404 http.route: api/Windows/{id:guid} network.protocol.version: 1.1 url.scheme: http Histogram
Value: Sum: 0.0092061 Count: 2 Min: 0.0009164 Max: 0.0082897 
(-Infinity,0.005]:1
(0.005,0.01]:1
(0.01,0.025]:0
(0.025,0.05]:0
(0.05,0.075]:0
(0.075,0.1]:0
(0.1,0.25]:0
(0.25,0.5]:0
(0.5,0.75]:0
(0.75,1]:0
(1,2.5]:0
(2.5,5]:0
(5,7.5]:0
(7.5,10]:0
(10,+Infinity]:0
(2025-09-11T04:18:52.6508110Z, 2025-09-11T04:19:02.6507934Z] http.request.method: GET http.response.status_code: 200 http.route: api/Windows network.protocol.version: 1.1 url.scheme: http Histogram
Value: Sum: 0.0087218 Count: 1 Min: 0.0087218 Max: 0.0087218 
(-Infinity,0.005]:0
(0.005,0.01]:1
(0.01,0.025]:0
(0.025,0.05]:0
(0.05,0.075]:0
(0.075,0.1]:0
(0.1,0.25]:0
(0.25,0.5]:0
(0.5,0.75]:0
(0.75,1]:0
(1,2.5]:0
(2.5,5]:0
(5,7.5]:0
(7.5,10]:0
(10,+Infinity]:0
(2025-09-11T04:18:52.6508110Z, 2025-09-11T04:19:02.6507934Z] http.request.method: PUT http.response.status_code: 204 http.route: api/Windows/{id:guid} network.protocol.version: 1.1 url.scheme: http Histogram
Value: Sum: 0.0176105 Count: 1 Min: 0.0176105 Max: 0.0176105 
(-Infinity,0.005]:0
(0.005,0.01]:0
(0.01,0.025]:1
(0.025,0.05]:0
(0.05,0.075]:0
(0.075,0.1]:0
(0.1,0.25]:0
(0.25,0.5]:0
(0.5,0.75]:0
(0.75,1]:0
(1,2.5]:0
(2.5,5]:0
(5,7.5]:0
(7.5,10]:0
(10,+Infinity]:0
(2025-09-11T04:18:52.6508110Z, 2025-09-11T04:19:02.6507934Z] http.request.method: GET http.response.status_code: 200 http.route: api/Windows/{id:guid} network.protocol.version: 1.1 url.scheme: http Histogram
Value: Sum: 0.0044545999999999995 Count: 2 Min: 0.0019733 Max: 0.0024813 
(-Infinity,0.005]:2
(0.005,0.01]:0
(0.01,0.025]:0
(0.025,0.05]:0
(0.05,0.075]:0
(0.075,0.1]:0
(0.1,0.25]:0
(0.25,0.5]:0
(0.5,0.75]:0
(0.75,1]:0
(1,2.5]:0
(2.5,5]:0
(5,7.5]:0
(7.5,10]:0
(10,+Infinity]:0
Metric Name: aspnetcore.rate_limiting.active_request_leases, Number of HTTP requests that are currently active on the server that hold a rate limiting lease., Unit: {request}, Meter: Microsoft.AspNetCore.RateLimiting
(2025-09-11T04:18:52.6525397Z, 2025-09-11T04:19:02.6507936Z] LongSumNonMonotonic
Value: 1
Metric Name: aspnetcore.rate_limiting.request_lease.duration, The duration of rate limiting leases held by HTTP requests on the server., Unit: s, Meter: Microsoft.AspNetCore.RateLimiting
(2025-09-11T04:18:52.6525615Z, 2025-09-11T04:19:02.6507939Z] Histogram
Value: Sum: 9.6783108 Count: 50 Min: 0.0008505 Max: 0.3081765 
(-Infinity,0.005]:10
(0.005,0.01]:4
(0.01,0.025]:4
(0.025,0.05]:0
(0.05,0.075]:0
(0.075,0.1]:0
(0.1,0.25]:0
(0.25,0.5]:32
(0.5,0.75]:0
(0.75,1]:0
(1,2.5]:0
(2.5,5]:0
(5,7.5]:0
(7.5,10]:0
(10,+Infinity]:0
Metric Name: aspnetcore.rate_limiting.requests, Number of requests that tried to acquire a rate limiting lease. Requests could be rejected by global or endpoint rate limiting policies. Or the request could be canceled while waiting for the lease., Unit: {request}, Meter: Microsoft.AspNetCore.RateLimiting
(2025-09-11T04:18:52.6526076Z, 2025-09-11T04:19:02.6507951Z] aspnetcore.rate_limiting.result: acquired LongSum
Value: 50
Metric Name: aspnetcore.routing.match_attempts, Number of requests that were attempted to be matched to an endpoint., Unit: {match_attempt}, Meter: Microsoft.AspNetCore.Routing
(2025-09-11T04:18:52.6533377Z, 2025-09-11T04:19:02.6507953Z] aspnetcore.routing.is_fallback: false aspnetcore.routing.match_status: success http.route: api/Auth/register LongSum
Value: 19
(2025-09-11T04:18:52.6533377Z, 2025-09-11T04:19:02.6507953Z] aspnetcore.routing.is_fallback: false aspnetcore.routing.match_status: success http.route: api/Auth/login LongSum
Value: 14
(2025-09-11T04:18:52.6533377Z, 2025-09-11T04:19:02.6507953Z] aspnetcore.routing.is_fallback: false aspnetcore.routing.match_status: success http.route: api/Windows LongSum
Value: 12
(2025-09-11T04:18:52.6533377Z, 2025-09-11T04:19:02.6507953Z] aspnetcore.routing.is_fallback: false aspnetcore.routing.match_status: success http.route: api/Windows/{id:guid} LongSum
Value: 6
[04:19:02 INF] User logged in successfully: 9c75a34d-9b05-4d18-82d3-62749c7ce519 {"SourceContext": "App.Features.Authentication.LoginCommandHandler", "ActionId": "33e52a18-b3a1-485a-b75f-15286ee3412a", "ActionName": "Api.Controllers.AuthController.Login (Api)", "RequestId": "0HNFGT8MUJPFS", "RequestPath": "/api/auth/login", "Application": "Crud.Api"}
Activity.TraceId:            3faac40dea6adb1d2a4ae5a0b0a6f6d1
Activity.SpanId:             1562f23cf6ee0096
Activity.TraceFlags:         Recorded
Activity.ActivitySourceName: Microsoft.AspNetCore
Activity.DisplayName:        POST api/Auth/login
Activity.Kind:               Server
Activity.StartTime:          2025-09-11T04:19:02.4164136Z
Activity.Duration:           00:00:00.2998105
Activity.Tags:
    server.address: localhost
    http.request.method: POST
    url.scheme: http
    url.path: /api/auth/login
    network.protocol.version: 1.1
    http.route: api/Auth/login
    http.response.status_code: 200
Resource associated with Activity:
    deployment.environment: Testing
    service.name: Crud.Api
    service.version: 1.0.0
    service.instance.id: 8958bff5-028e-43b0-8103-5553bc095d18
    telemetry.sdk.name: opentelemetry
    telemetry.sdk.language: dotnet
    telemetry.sdk.version: 1.8.1
[04:19:02 DBG] Removed cache value for key: entity:window:579dcb1c09974542bccf2b22bbbd4a10 {"SourceContext": "Infrastructure.Services.Caching.InMemoryCacheService", "ActionId": "508b00ab-3fab-45a8-8f6e-7057609590e8", "ActionName": "Api.Controllers.WindowsController.Create (Api)", "RequestId": "0HNFGT8MUJPFT", "RequestPath": "/api/windows", "Application": "Crud.Api"}
[04:19:02 DBG] Removed cache value for key: list:window {"SourceContext": "Infrastructure.Services.Caching.InMemoryCacheService", "ActionId": "508b00ab-3fab-45a8-8f6e-7057609590e8", "ActionName": "Api.Controllers.WindowsController.Create (Api)", "RequestId": "0HNFGT8MUJPFT", "RequestPath": "/api/windows", "Application": "Crud.Api"}
[04:19:02 DBG] Invalidating cache for entity type: windows with tag: windows {"SourceContext": "Api.Services.OutputCacheInvalidationService", "ActionId": "508b00ab-3fab-45a8-8f6e-7057609590e8", "ActionName": "Api.Controllers.WindowsController.Create (Api)", "RequestId": "0HNFGT8MUJPFT", "RequestPath": "/api/windows", "Application": "Crud.Api"}
[04:19:02 INF] Successfully invalidated cache for entity type: windows {"SourceContext": "Api.Services.OutputCacheInvalidationService", "ActionId": "508b00ab-3fab-45a8-8f6e-7057609590e8", "ActionName": "Api.Controllers.WindowsController.Create (Api)", "RequestId": "0HNFGT8MUJPFT", "RequestPath": "/api/windows", "Application": "Crud.Api"}
Activity.TraceId:            041b184bec0119b136bc21abedd71d83
Activity.SpanId:             8c1ae82df623b52a
Activity.TraceFlags:         Recorded
Activity.ActivitySourceName: Microsoft.AspNetCore
Activity.DisplayName:        POST api/Windows
Activity.Kind:               Server
Activity.StartTime:          2025-09-11T04:19:02.7180227Z
Activity.Duration:           00:00:00.0012955
Activity.Tags:
    server.address: localhost
    http.request.method: POST
    url.scheme: http
    url.path: /api/windows
    network.protocol.version: 1.1
    http.route: api/Windows
    http.response.status_code: 201
Resource associated with Activity:
    deployment.environment: Testing
    service.name: Crud.Api
    service.version: 1.0.0
    service.instance.id: 8958bff5-028e-43b0-8103-5553bc095d18
    telemetry.sdk.name: opentelemetry
    telemetry.sdk.language: dotnet
    telemetry.sdk.version: 1.8.1
[04:19:03 INF] User registered successfully: d561c1e9-a6f8-4dc5-8a67-fc9d297b4b9f {"SourceContext": "App.Features.Authentication.RegisterUserCommandHandler", "ActionId": "051fa220-171a-46d8-bff7-a2056a64a478", "ActionName": "Api.Controllers.AuthController.Register (Api)", "RequestId": "0HNFGT8MUJPFU", "RequestPath": "/api/auth/register", "Application": "Crud.Api"}
Activity.TraceId:            6056cca9a012da8e8d77d349f5ae3786
Activity.SpanId:             4f6974a6532a6596
Activity.TraceFlags:         Recorded
Activity.ActivitySourceName: Microsoft.AspNetCore
Activity.DisplayName:        POST api/Auth/register
Activity.Kind:               Server
Activity.StartTime:          2025-09-11T04:19:02.8199921Z
Activity.Duration:           00:00:00.2979497
Activity.Tags:
    server.address: localhost
    http.request.method: POST
    url.scheme: http
    url.path: /api/auth/register
    network.protocol.version: 1.1
    http.route: api/Auth/register
    http.response.status_code: 200
Resource associated with Activity:
    deployment.environment: Testing
    service.name: Crud.Api
    service.version: 1.0.0
    service.instance.id: 8958bff5-028e-43b0-8103-5553bc095d18
    telemetry.sdk.name: opentelemetry
    telemetry.sdk.language: dotnet
    telemetry.sdk.version: 1.8.1
[04:19:03 INF] User logged in successfully: d561c1e9-a6f8-4dc5-8a67-fc9d297b4b9f {"SourceContext": "App.Features.Authentication.LoginCommandHandler", "ActionId": "33e52a18-b3a1-485a-b75f-15286ee3412a", "ActionName": "Api.Controllers.AuthController.Login (Api)", "RequestId": "0HNFGT8MUJPFV", "RequestPath": "/api/auth/login", "Application": "Crud.Api"}
Activity.TraceId:            e4528414b3cdefd7cbc0f12ff1213fe9
Activity.SpanId:             5fe1c5950ad5cd17
Activity.TraceFlags:         Recorded
Activity.ActivitySourceName: Microsoft.AspNetCore
Activity.DisplayName:        POST api/Auth/login
Activity.Kind:               Server
Activity.StartTime:          2025-09-11T04:19:03.1189896Z
Activity.Duration:           00:00:00.2983406
Activity.Tags:
    server.address: localhost
    http.request.method: POST
    url.scheme: http
    url.path: /api/auth/login
    network.protocol.version: 1.1
    http.route: api/Auth/login
    http.response.status_code: 200
Resource associated with Activity:
    deployment.environment: Testing
    service.name: Crud.Api
    service.version: 1.0.0
    service.instance.id: 8958bff5-028e-43b0-8103-5553bc095d18
    telemetry.sdk.name: opentelemetry
    telemetry.sdk.language: dotnet
    telemetry.sdk.version: 1.8.1
[04:19:03 DBG] Cache miss for key: entity:window:579dcb1c09974542bccf2b22bbbd4a10 {"SourceContext": "Infrastructure.Services.Caching.InMemoryCacheService", "ActionId": "073d6813-b02a-4812-be32-b80bf23b577a", "ActionName": "Api.Controllers.WindowsController.Update (Api)", "RequestId": "0HNFGT8MUJPG0", "RequestPath": "/api/windows/579dcb1c-0997-4542-bccf-2b22bbbd4a10", "Application": "Crud.Api"}
[04:19:03 DBG] Set cache value for key: entity:window:579dcb1c09974542bccf2b22bbbd4a10 {"SourceContext": "Infrastructure.Services.Caching.InMemoryCacheService", "ActionId": "073d6813-b02a-4812-be32-b80bf23b577a", "ActionName": "Api.Controllers.WindowsController.Update (Api)", "RequestId": "0HNFGT8MUJPG0", "RequestPath": "/api/windows/579dcb1c-0997-4542-bccf-2b22bbbd4a10", "Application": "Crud.Api"}
[04:19:03 DBG] Removed cache value for key: entity:window:579dcb1c09974542bccf2b22bbbd4a10 {"SourceContext": "Infrastructure.Services.Caching.InMemoryCacheService", "ActionId": "073d6813-b02a-4812-be32-b80bf23b577a", "ActionName": "Api.Controllers.WindowsController.Update (Api)", "RequestId": "0HNFGT8MUJPG0", "RequestPath": "/api/windows/579dcb1c-0997-4542-bccf-2b22bbbd4a10", "Application": "Crud.Api"}
[04:19:03 DBG] Removed cache value for key: list:window {"SourceContext": "Infrastructure.Services.Caching.InMemoryCacheService", "ActionId": "073d6813-b02a-4812-be32-b80bf23b577a", "ActionName": "Api.Controllers.WindowsController.Update (Api)", "RequestId": "0HNFGT8MUJPG0", "RequestPath": "/api/windows/579dcb1c-0997-4542-bccf-2b22bbbd4a10", "Application": "Crud.Api"}
[04:19:03 DBG] Invalidating cache for entity: windows/579dcb1c-0997-4542-bccf-2b22bbbd4a10 with tags: windows, windows:579dcb1c-0997-4542-bccf-2b22bbbd4a10 {"SourceContext": "Api.Services.OutputCacheInvalidationService", "ActionId": "073d6813-b02a-4812-be32-b80bf23b577a", "ActionName": "Api.Controllers.WindowsController.Update (Api)", "RequestId": "0HNFGT8MUJPG0", "RequestPath": "/api/windows/579dcb1c-0997-4542-bccf-2b22bbbd4a10", "Application": "Crud.Api"}
[04:19:03 DBG] Successfully invalidated cache for tag: windows {"SourceContext": "Api.Services.OutputCacheInvalidationService", "ActionId": "073d6813-b02a-4812-be32-b80bf23b577a", "ActionName": "Api.Controllers.WindowsController.Update (Api)", "RequestId": "0HNFGT8MUJPG0", "RequestPath": "/api/windows/579dcb1c-0997-4542-bccf-2b22bbbd4a10", "Application": "Crud.Api"}
[04:19:03 DBG] Successfully invalidated cache for tag: windows:579dcb1c-0997-4542-bccf-2b22bbbd4a10 {"SourceContext": "Api.Services.OutputCacheInvalidationService", "ActionId": "073d6813-b02a-4812-be32-b80bf23b577a", "ActionName": "Api.Controllers.WindowsController.Update (Api)", "RequestId": "0HNFGT8MUJPG0", "RequestPath": "/api/windows/579dcb1c-0997-4542-bccf-2b22bbbd4a10", "Application": "Crud.Api"}
Activity.TraceId:            995f20a90474374388da436f310410a7
Activity.SpanId:             24bb27c1dd87418e
Activity.TraceFlags:         Recorded
Activity.ActivitySourceName: Microsoft.AspNetCore
Activity.DisplayName:        PUT api/Windows/{id:guid}
Activity.Kind:               Server
Activity.StartTime:          2025-09-11T04:19:03.4175224Z
Activity.Duration:           00:00:00.0027770
Activity.Tags:
    server.address: localhost
    http.request.method: PUT
    url.scheme: http
    url.path: /api/windows/579dcb1c-0997-4542-bccf-2b22bbbd4a10
    network.protocol.version: 1.1
    http.route: api/Windows/{id:guid}
    http.response.status_code: 204
Resource associated with Activity:
    deployment.environment: Testing
    service.name: Crud.Api
    service.version: 1.0.0
    service.instance.id: 8958bff5-028e-43b0-8103-5553bc095d18
    telemetry.sdk.name: opentelemetry
    telemetry.sdk.language: dotnet
    telemetry.sdk.version: 1.8.1
[04:19:03 INF] User registered successfully: bbbdc582-1c14-4f0e-a34c-c5b9890ee756 {"SourceContext": "App.Features.Authentication.RegisterUserCommandHandler", "ActionId": "051fa220-171a-46d8-bff7-a2056a64a478", "ActionName": "Api.Controllers.AuthController.Register (Api)", "RequestId": "0HNFGT8MUJPG1", "RequestPath": "/api/auth/register", "Application": "Crud.Api"}
Activity.TraceId:            60835221fb12fac616ce00a766e146c6
Activity.SpanId:             7485f5020275c58d
Activity.TraceFlags:         Recorded
Activity.ActivitySourceName: Microsoft.AspNetCore
Activity.DisplayName:        POST api/Auth/register
Activity.Kind:               Server
Activity.StartTime:          2025-09-11T04:19:03.4204076Z
Activity.Duration:           00:00:00.2981030
Activity.Tags:
    server.address: localhost
    http.request.method: POST
    url.scheme: http
    url.path: /api/auth/register
    network.protocol.version: 1.1
    http.route: api/Auth/register
    http.response.status_code: 200
Resource associated with Activity:
    deployment.environment: Testing
    service.name: Crud.Api
    service.version: 1.0.0
    service.instance.id: 8958bff5-028e-43b0-8103-5553bc095d18
    telemetry.sdk.name: opentelemetry
    telemetry.sdk.language: dotnet
    telemetry.sdk.version: 1.8.1
[04:19:03 DBG] Cache miss for key: entity:window:579dcb1c09974542bccf2b22bbbd4a10 {"SourceContext": "Infrastructure.Services.Caching.InMemoryCacheService", "ActionId": "1463475d-3cf0-4b3a-997d-776dfbd0bfa4", "ActionName": "Api.Controllers.WindowsController.Get (Api)", "RequestId": "0HNFGT8MUJPG2", "RequestPath": "/api/windows/579dcb1c-0997-4542-bccf-2b22bbbd4a10", "Application": "Crud.Api"}
[04:19:03 DBG] Set cache value for key: entity:window:579dcb1c09974542bccf2b22bbbd4a10 {"SourceContext": "Infrastructure.Services.Caching.InMemoryCacheService", "ActionId": "1463475d-3cf0-4b3a-997d-776dfbd0bfa4", "ActionName": "Api.Controllers.WindowsController.Get (Api)", "RequestId": "0HNFGT8MUJPG2", "RequestPath": "/api/windows/579dcb1c-0997-4542-bccf-2b22bbbd4a10", "Application": "Crud.Api"}
Activity.TraceId:            e86357aa87c71dfc48e9478043e6f092
Activity.SpanId:             4db83c54eb9da83c
Activity.TraceFlags:         Recorded
Activity.ActivitySourceName: Microsoft.AspNetCore
Activity.DisplayName:        GET api/Windows/{id:guid}
Activity.Kind:               Server
Activity.StartTime:          2025-09-11T04:19:03.7186131Z
Activity.Duration:           00:00:00.0008681
Activity.Tags:
    server.address: localhost
    http.request.method: GET
    url.scheme: http
    url.path: /api/windows/579dcb1c-0997-4542-bccf-2b22bbbd4a10
    network.protocol.version: 1.1
    http.route: api/Windows/{id:guid}
    http.response.status_code: 200
Resource associated with Activity:
    deployment.environment: Testing
    service.name: Crud.Api
    service.version: 1.0.0
    service.instance.id: 8958bff5-028e-43b0-8103-5553bc095d18
    telemetry.sdk.name: opentelemetry
    telemetry.sdk.language: dotnet
    telemetry.sdk.version: 1.8.1
[04:19:04 INF] User registered successfully: ff8865fe-854c-4158-8aba-0e6e7380e739 {"SourceContext": "App.Features.Authentication.RegisterUserCommandHandler", "ActionId": "051fa220-171a-46d8-bff7-a2056a64a478", "ActionName": "Api.Controllers.AuthController.Register (Api)", "RequestId": "0HNFGT8MUJPG3", "RequestPath": "/api/auth/register", "Application": "Crud.Api"}
Activity.TraceId:            4101c45162e425864c3d06a0a8fcb02e
Activity.SpanId:             5d04a75caf92326b
Activity.TraceFlags:         Recorded
Activity.ActivitySourceName: Microsoft.AspNetCore
Activity.DisplayName:        POST api/Auth/register
Activity.Kind:               Server
Activity.StartTime:          2025-09-11T04:19:03.7210620Z
Activity.Duration:           00:00:00.2986938
Activity.Tags:
    server.address: localhost
    http.request.method: POST
    url.scheme: http
    url.path: /api/auth/register
    network.protocol.version: 1.1
    http.route: api/Auth/register
    http.response.status_code: 200
Resource associated with Activity:
    deployment.environment: Testing
    service.name: Crud.Api
    service.version: 1.0.0
    service.instance.id: 8958bff5-028e-43b0-8103-5553bc095d18
    telemetry.sdk.name: opentelemetry
    telemetry.sdk.language: dotnet
    telemetry.sdk.version: 1.8.1
[04:19:04 INF] User logged in successfully: ff8865fe-854c-4158-8aba-0e6e7380e739 {"SourceContext": "App.Features.Authentication.LoginCommandHandler", "ActionId": "33e52a18-b3a1-485a-b75f-15286ee3412a", "ActionName": "Api.Controllers.AuthController.Login (Api)", "RequestId": "0HNFGT8MUJPG4", "RequestPath": "/api/auth/login", "Application": "Crud.Api"}
Activity.TraceId:            23440393dc9461764850ca0ba9edf3fe
Activity.SpanId:             169c2bd8c769f524
Activity.TraceFlags:         Recorded
Activity.ActivitySourceName: Microsoft.AspNetCore
Activity.DisplayName:        POST api/Auth/login
Activity.Kind:               Server
Activity.StartTime:          2025-09-11T04:19:04.0211910Z
Activity.Duration:           00:00:00.2985157
Activity.Tags:
    server.address: localhost
    http.request.method: POST
    url.scheme: http
    url.path: /api/auth/login
    network.protocol.version: 1.1
    http.route: api/Auth/login
    http.response.status_code: 200
Resource associated with Activity:
    deployment.environment: Testing
    service.name: Crud.Api
    service.version: 1.0.0
    service.instance.id: 8958bff5-028e-43b0-8103-5553bc095d18
    telemetry.sdk.name: opentelemetry
    telemetry.sdk.language: dotnet
    telemetry.sdk.version: 1.8.1
[04:19:04 DBG] Cache miss for key: entity:window:492e5f85c97848418b7538072fe886cc {"SourceContext": "Infrastructure.Services.Caching.InMemoryCacheService", "ActionId": "073d6813-b02a-4812-be32-b80bf23b577a", "ActionName": "Api.Controllers.WindowsController.Update (Api)", "RequestId": "0HNFGT8MUJPG5", "RequestPath": "/api/windows/492e5f85-c978-4841-8b75-38072fe886cc", "Application": "Crud.Api"}
Activity.TraceId:            de7afd6e37da9966b01a21358d258576
Activity.SpanId:             fbcfce168041abc3
Activity.TraceFlags:         Recorded
Activity.ActivitySourceName: Microsoft.AspNetCore
Activity.DisplayName:        PUT api/Windows/{id:guid}
Activity.Kind:               Server
Activity.StartTime:          2025-09-11T04:19:04.3207556Z
Activity.Duration:           00:00:00.0011916
Activity.Tags:
    server.address: localhost
    http.request.method: PUT
    url.scheme: http
    url.path: /api/windows/492e5f85-c978-4841-8b75-38072fe886cc
    network.protocol.version: 1.1
    http.route: api/Windows/{id:guid}
    http.response.status_code: 404
Resource associated with Activity:
    deployment.environment: Testing
    service.name: Crud.Api
    service.version: 1.0.0
    service.instance.id: 8958bff5-028e-43b0-8103-5553bc095d18
    telemetry.sdk.name: opentelemetry
    telemetry.sdk.language: dotnet
    telemetry.sdk.version: 1.8.1
[04:19:04 INF] User registered successfully: f7bf2ab8-cc43-4b8d-b726-7001ba55eec8 {"SourceContext": "App.Features.Authentication.RegisterUserCommandHandler", "ActionId": "051fa220-171a-46d8-bff7-a2056a64a478", "ActionName": "Api.Controllers.AuthController.Register (Api)", "RequestId": "0HNFGT8MUJPG6", "RequestPath": "/api/auth/register", "Application": "Crud.Api"}
Activity.TraceId:            79410b393e0d1127eb9b8fd7797cddbf
Activity.SpanId:             13112dc3ec95e87e
Activity.TraceFlags:         Recorded
Activity.ActivitySourceName: Microsoft.AspNetCore
Activity.DisplayName:        POST api/Auth/register
Activity.Kind:               Server
Activity.StartTime:          2025-09-11T04:19:04.3251783Z
Activity.Duration:           00:00:00.2984658
Activity.Tags:
    server.address: localhost
    http.request.method: POST
    url.scheme: http
    url.path: /api/auth/register
    network.protocol.version: 1.1
    http.route: api/Auth/register
    http.response.status_code: 200
Resource associated with Activity:
    deployment.environment: Testing
    service.name: Crud.Api
    service.version: 1.0.0
    service.instance.id: 8958bff5-028e-43b0-8103-5553bc095d18
    telemetry.sdk.name: opentelemetry
    telemetry.sdk.language: dotnet
    telemetry.sdk.version: 1.8.1
[04:19:04 INF] User logged in successfully: f7bf2ab8-cc43-4b8d-b726-7001ba55eec8 {"SourceContext": "App.Features.Authentication.LoginCommandHandler", "ActionId": "33e52a18-b3a1-485a-b75f-15286ee3412a", "ActionName": "Api.Controllers.AuthController.Login (Api)", "RequestId": "0HNFGT8MUJPG7", "RequestPath": "/api/auth/login", "Application": "Crud.Api"}
Activity.TraceId:            e8408544b0cb4f028d10a22019b823cf
Activity.SpanId:             b07c447a8652bfe3
Activity.TraceFlags:         Recorded
Activity.ActivitySourceName: Microsoft.AspNetCore
Activity.DisplayName:        POST api/Auth/login
Activity.Kind:               Server
Activity.StartTime:          2025-09-11T04:19:04.6249761Z
Activity.Duration:           00:00:00.2979287
Activity.Tags:
    server.address: localhost
    http.request.method: POST
    url.scheme: http
    url.path: /api/auth/login
    network.protocol.version: 1.1
    http.route: api/Auth/login
    http.response.status_code: 200
Resource associated with Activity:
    deployment.environment: Testing
    service.name: Crud.Api
    service.version: 1.0.0
    service.instance.id: 8958bff5-028e-43b0-8103-5553bc095d18
    telemetry.sdk.name: opentelemetry
    telemetry.sdk.language: dotnet
    telemetry.sdk.version: 1.8.1
[04:19:04 DBG] Removed cache value for key: entity:window:87b69b7f3cad48c9a4094448088afd38 {"SourceContext": "Infrastructure.Services.Caching.InMemoryCacheService", "ActionId": "508b00ab-3fab-45a8-8f6e-7057609590e8", "ActionName": "Api.Controllers.WindowsController.Create (Api)", "RequestId": "0HNFGT8MUJPG8", "RequestPath": "/api/windows", "Application": "Crud.Api"}
[04:19:04 DBG] Removed cache value for key: list:window {"SourceContext": "Infrastructure.Services.Caching.InMemoryCacheService", "ActionId": "508b00ab-3fab-45a8-8f6e-7057609590e8", "ActionName": "Api.Controllers.WindowsController.Create (Api)", "RequestId": "0HNFGT8MUJPG8", "RequestPath": "/api/windows", "Application": "Crud.Api"}
[04:19:04 DBG] Invalidating cache for entity type: windows with tag: windows {"SourceContext": "Api.Services.OutputCacheInvalidationService", "ActionId": "508b00ab-3fab-45a8-8f6e-7057609590e8", "ActionName": "Api.Controllers.WindowsController.Create (Api)", "RequestId": "0HNFGT8MUJPG8", "RequestPath": "/api/windows", "Application": "Crud.Api"}
[04:19:04 INF] Successfully invalidated cache for entity type: windows {"SourceContext": "Api.Services.OutputCacheInvalidationService", "ActionId": "508b00ab-3fab-45a8-8f6e-7057609590e8", "ActionName": "Api.Controllers.WindowsController.Create (Api)", "RequestId": "0HNFGT8MUJPG8", "RequestPath": "/api/windows", "Application": "Crud.Api"}
Activity.TraceId:            06a453595e13129195501393e87c8ce0
Activity.SpanId:             d8af1fce4c136a9f
Activity.TraceFlags:         Recorded
Activity.ActivitySourceName: Microsoft.AspNetCore
Activity.DisplayName:        POST api/Windows
Activity.Kind:               Server
Activity.StartTime:          2025-09-11T04:19:04.9238199Z
Activity.Duration:           00:00:00.0014175
Activity.Tags:
    server.address: localhost
    http.request.method: POST
    url.scheme: http
    url.path: /api/windows
    network.protocol.version: 1.1
    http.route: api/Windows
    http.response.status_code: 201
Resource associated with Activity:
    deployment.environment: Testing
    service.name: Crud.Api
    service.version: 1.0.0
    service.instance.id: 8958bff5-028e-43b0-8103-5553bc095d18
    telemetry.sdk.name: opentelemetry
    telemetry.sdk.language: dotnet
    telemetry.sdk.version: 1.8.1
[04:19:05 INF] User registered successfully: 415bf0cc-c1f6-4508-9e2b-34bc5b4b931e {"SourceContext": "App.Features.Authentication.RegisterUserCommandHandler", "ActionId": "051fa220-171a-46d8-bff7-a2056a64a478", "ActionName": "Api.Controllers.AuthController.Register (Api)", "RequestId": "0HNFGT8MUJPG9", "RequestPath": "/api/auth/register", "Application": "Crud.Api"}
Activity.TraceId:            b935b28c13caa847b0b22e10c7b7270d
Activity.SpanId:             5073cfba2324bac2
Activity.TraceFlags:         Recorded
Activity.ActivitySourceName: Microsoft.AspNetCore
Activity.DisplayName:        POST api/Auth/register
Activity.Kind:               Server
Activity.StartTime:          2025-09-11T04:19:04.9270948Z
Activity.Duration:           00:00:00.2982183
Activity.Tags:
    server.address: localhost
    http.request.method: POST
    url.scheme: http
    url.path: /api/auth/register
    network.protocol.version: 1.1
    http.route: api/Auth/register
    http.response.status_code: 200
Resource associated with Activity:
    deployment.environment: Testing
    service.name: Crud.Api
    service.version: 1.0.0
    service.instance.id: 8958bff5-028e-43b0-8103-5553bc095d18
    telemetry.sdk.name: opentelemetry
    telemetry.sdk.language: dotnet
    telemetry.sdk.version: 1.8.1
[04:19:05 INF] User logged in successfully: 415bf0cc-c1f6-4508-9e2b-34bc5b4b931e {"SourceContext": "App.Features.Authentication.LoginCommandHandler", "ActionId": "33e52a18-b3a1-485a-b75f-15286ee3412a", "ActionName": "Api.Controllers.AuthController.Login (Api)", "RequestId": "0HNFGT8MUJPGA", "RequestPath": "/api/auth/login", "Application": "Crud.Api"}
Activity.TraceId:            41680b5dae37aeec01125b85ee945b35
Activity.SpanId:             2f09ab58d7eb7a4a
Activity.TraceFlags:         Recorded
Activity.ActivitySourceName: Microsoft.AspNetCore
Activity.DisplayName:        POST api/Auth/login
Activity.Kind:               Server
Activity.StartTime:          2025-09-11T04:19:05.2269943Z
Activity.Duration:           00:00:00.2981761
Activity.Tags:
    server.address: localhost
    http.request.method: POST
    url.scheme: http
    url.path: /api/auth/login
    network.protocol.version: 1.1
    http.route: api/Auth/login
    http.response.status_code: 200
Resource associated with Activity:
    deployment.environment: Testing
    service.name: Crud.Api
    service.version: 1.0.0
    service.instance.id: 8958bff5-028e-43b0-8103-5553bc095d18
    telemetry.sdk.name: opentelemetry
    telemetry.sdk.language: dotnet
    telemetry.sdk.version: 1.8.1
[04:19:05 DBG] Removed cache value for key: entity:window:1adb3fc3262d47a8bc11a48d8c9162eb {"SourceContext": "Infrastructure.Services.Caching.InMemoryCacheService", "ActionId": "78540673-2b71-4019-bbee-d88dfe19efb8", "ActionName": "Api.Controllers.WindowsController.Delete (Api)", "RequestId": "0HNFGT8MUJPGB", "RequestPath": "/api/windows/1adb3fc3-262d-47a8-bc11-a48d8c9162eb", "Application": "Crud.Api"}
[04:19:05 DBG] Removed cache value for key: list:window {"SourceContext": "Infrastructure.Services.Caching.InMemoryCacheService", "ActionId": "78540673-2b71-4019-bbee-d88dfe19efb8", "ActionName": "Api.Controllers.WindowsController.Delete (Api)", "RequestId": "0HNFGT8MUJPGB", "RequestPath": "/api/windows/1adb3fc3-262d-47a8-bc11-a48d8c9162eb", "Application": "Crud.Api"}
[04:19:05 DBG] Invalidating cache for entity: windows/1adb3fc3-262d-47a8-bc11-a48d8c9162eb with tags: windows, windows:1adb3fc3-262d-47a8-bc11-a48d8c9162eb {"SourceContext": "Api.Services.OutputCacheInvalidationService", "ActionId": "78540673-2b71-4019-bbee-d88dfe19efb8", "ActionName": "Api.Controllers.WindowsController.Delete (Api)", "RequestId": "0HNFGT8MUJPGB", "RequestPath": "/api/windows/1adb3fc3-262d-47a8-bc11-a48d8c9162eb", "Application": "Crud.Api"}
[04:19:05 DBG] Successfully invalidated cache for tag: windows {"SourceContext": "Api.Services.OutputCacheInvalidationService", "ActionId": "78540673-2b71-4019-bbee-d88dfe19efb8", "ActionName": "Api.Controllers.WindowsController.Delete (Api)", "RequestId": "0HNFGT8MUJPGB", "RequestPath": "/api/windows/1adb3fc3-262d-47a8-bc11-a48d8c9162eb", "Application": "Crud.Api"}
[04:19:05 DBG] Successfully invalidated cache for tag: windows:1adb3fc3-262d-47a8-bc11-a48d8c9162eb {"SourceContext": "Api.Services.OutputCacheInvalidationService", "ActionId": "78540673-2b71-4019-bbee-d88dfe19efb8", "ActionName": "Api.Controllers.WindowsController.Delete (Api)", "RequestId": "0HNFGT8MUJPGB", "RequestPath": "/api/windows/1adb3fc3-262d-47a8-bc11-a48d8c9162eb", "Application": "Crud.Api"}
Activity.TraceId:            64a50216d5795ccd4c850dc2a5582423
Activity.SpanId:             526e0e854a3dad7a
Activity.TraceFlags:         Recorded
Activity.ActivitySourceName: Microsoft.AspNetCore
Activity.DisplayName:        DELETE api/Windows/{id:guid}
Activity.Kind:               Server
Activity.StartTime:          2025-09-11T04:19:05.5258946Z
Activity.Duration:           00:00:00.0012722
Activity.Tags:
    server.address: localhost
    http.request.method: DELETE
    url.scheme: http
    url.path: /api/windows/1adb3fc3-262d-47a8-bc11-a48d8c9162eb
    network.protocol.version: 1.1
    http.route: api/Windows/{id:guid}
    http.response.status_code: 204
Resource associated with Activity:
    deployment.environment: Testing
    service.name: Crud.Api
    service.version: 1.0.0
    service.instance.id: 8958bff5-028e-43b0-8103-5553bc095d18
    telemetry.sdk.name: opentelemetry
    telemetry.sdk.language: dotnet
    telemetry.sdk.version: 1.8.1
[04:19:05 INF] Resetting database for worker 5072 {"SourceContext": "Infrastructure.Services.DatabaseTestService", "Application": "Crud.Api"}
[04:19:05 INF] Resetting database via file deletion for worker 5072 in CI environment {"SourceContext": "Infrastructure.Services.DatabaseTestService", "Application": "Crud.Api"}
[04:19:05 INF] Acquiring database mutex for worker 5072... {"SourceContext": "Infrastructure.Services.DatabaseTestService", "Application": "Crud.Api"}
[04:19:05 INF] Database mutex acquired for worker 5072 {"SourceContext": "Infrastructure.Services.DatabaseTestService", "Application": "Crud.Api"}
[04:19:05 INF] Current database state - CanConnect: True {"SourceContext": "Infrastructure.Services.DatabaseTestService", "Application": "Crud.Api"}
[04:19:05 INF] [Phase 0] Closing database connection for worker 5072... {"SourceContext": "Infrastructure.Services.DatabaseTestService", "Application": "Crud.Api"}
[04:19:05 INF] [Phase 0] Connection closed in 0.0007ms {"SourceContext": "Infrastructure.Services.DatabaseTestService", "Application": "Crud.Api"}
[04:19:05 INF] [Phase 1] Starting EnsureDeletedAsync for worker 5072... {"SourceContext": "Infrastructure.Services.DatabaseTestService", "Application": "Crud.Api"}
[04:19:05 INF] [Phase 1] EnsureDeletedAsync completed in 1.6298ms {"SourceContext": "Infrastructure.Services.DatabaseTestService", "Application": "Crud.Api"}
[04:19:05 INF] [Phase 2] Starting EnsureCreatedAsync for worker 5072... {"SourceContext": "Infrastructure.Services.DatabaseTestService", "Application": "Crud.Api"}
[04:19:05 INF] [Phase 2] EnsureCreatedAsync completed in 7.7214ms {"SourceContext": "Infrastructure.Services.DatabaseTestService", "Application": "Crud.Api"}
[04:19:05 INF] [Phase 3] Skipping database seeding as requested for worker 5072 {"SourceContext": "Infrastructure.Services.DatabaseTestService", "Application": "Crud.Api"}
[04:19:05 INF] Database reset via file deletion completed for worker 5072 in 109.7734ms (Close: 0.0007ms, Delete: 1.6298ms, Create: 7.7214ms) {"SourceContext": "Infrastructure.Services.DatabaseTestService", "Application": "Crud.Api"}
[04:19:05 INF] Releasing database mutex for worker 5072 {"SourceContext": "Infrastructure.Services.DatabaseTestService", "Application": "Crud.Api"}
[04:19:05 INF] User registered successfully: ff868c79-9f4f-4bc4-8b55-5ac3aa7c81d5 {"SourceContext": "App.Features.Authentication.RegisterUserCommandHandler", "ActionId": "051fa220-171a-46d8-bff7-a2056a64a478", "ActionName": "Api.Controllers.AuthController.Register (Api)", "RequestId": "0HNFGT8MUJPGC", "RequestPath": "/api/auth/register", "Application": "Crud.Api"}
Activity.TraceId:            7bf1c4fa57c91fe55b793ffff841d462
Activity.SpanId:             2a84e116abad014e
Activity.TraceFlags:         Recorded
Activity.ActivitySourceName: Microsoft.AspNetCore
Activity.DisplayName:        POST api/Auth/register
Activity.Kind:               Server
Activity.StartTime:          2025-09-11T04:19:05.6400078Z
Activity.Duration:           00:00:00.2978824
Activity.Tags:
    server.address: localhost
    http.request.method: POST
    url.scheme: http
    url.path: /api/auth/register
    network.protocol.version: 1.1
    http.route: api/Auth/register
    http.response.status_code: 200
Resource associated with Activity:
    deployment.environment: Testing
    service.name: Crud.Api
    service.version: 1.0.0
    service.instance.id: 8958bff5-028e-43b0-8103-5553bc095d18
    telemetry.sdk.name: opentelemetry
    telemetry.sdk.language: dotnet
    telemetry.sdk.version: 1.8.1
[04:19:05 DBG] Cache miss for key: list:window {"SourceContext": "Infrastructure.Services.Caching.InMemoryCacheService", "ActionId": "1002fb4b-8121-49e8-9bac-60f28c7eb0b5", "ActionName": "Api.Controllers.WindowsController.List (Api)", "RequestId": "0HNFGT8MUJPGD", "RequestPath": "/api/windows", "Application": "Crud.Api"}
[04:19:05 DBG] Set cache value for key: list:window {"SourceContext": "Infrastructure.Services.Caching.InMemoryCacheService", "ActionId": "1002fb4b-8121-49e8-9bac-60f28c7eb0b5", "ActionName": "Api.Controllers.WindowsController.List (Api)", "RequestId": "0HNFGT8MUJPGD", "RequestPath": "/api/windows", "Application": "Crud.Api"}
Activity.TraceId:            1ed554c7f68fde70de4b02f09153ef14
Activity.SpanId:             fa3625aee407bacd
Activity.TraceFlags:         Recorded
Activity.ActivitySourceName: Microsoft.AspNetCore
Activity.DisplayName:        GET api/Windows
Activity.Kind:               Server
Activity.StartTime:          2025-09-11T04:19:05.9379999Z
Activity.Duration:           00:00:00.0006644
Activity.Tags:
    server.address: localhost
    http.request.method: GET
    url.scheme: http
    url.path: /api/windows
    network.protocol.version: 1.1
    http.route: api/Windows
    http.response.status_code: 200
Resource associated with Activity:
    deployment.environment: Testing
    service.name: Crud.Api
    service.version: 1.0.0
    service.instance.id: 8958bff5-028e-43b0-8103-5553bc095d18
    telemetry.sdk.name: opentelemetry
    telemetry.sdk.language: dotnet
    telemetry.sdk.version: 1.8.1
[04:19:05 INF] Resetting database for worker 5072 {"SourceContext": "Infrastructure.Services.DatabaseTestService", "Application": "Crud.Api"}
[04:19:05 INF] Resetting database via file deletion for worker 5072 in CI environment {"SourceContext": "Infrastructure.Services.DatabaseTestService", "Application": "Crud.Api"}
[04:19:05 INF] Acquiring database mutex for worker 5072... {"SourceContext": "Infrastructure.Services.DatabaseTestService", "Application": "Crud.Api"}
[04:19:05 INF] Database mutex acquired for worker 5072 {"SourceContext": "Infrastructure.Services.DatabaseTestService", "Application": "Crud.Api"}
[04:19:05 INF] Current database state - CanConnect: True {"SourceContext": "Infrastructure.Services.DatabaseTestService", "Application": "Crud.Api"}
[04:19:05 INF] [Phase 0] Closing database connection for worker 5072... {"SourceContext": "Infrastructure.Services.DatabaseTestService", "Application": "Crud.Api"}
[04:19:05 INF] [Phase 0] Connection closed in 0.0006ms {"SourceContext": "Infrastructure.Services.DatabaseTestService", "Application": "Crud.Api"}
[04:19:05 INF] [Phase 1] Starting EnsureDeletedAsync for worker 5072... {"SourceContext": "Infrastructure.Services.DatabaseTestService", "Application": "Crud.Api"}
[04:19:05 INF] [Phase 1] EnsureDeletedAsync completed in 1.2243ms {"SourceContext": "Infrastructure.Services.DatabaseTestService", "Application": "Crud.Api"}
[04:19:06 INF] [Phase 2] Starting EnsureCreatedAsync for worker 5072... {"SourceContext": "Infrastructure.Services.DatabaseTestService", "Application": "Crud.Api"}
[04:19:06 INF] [Phase 2] EnsureCreatedAsync completed in 7.8811ms {"SourceContext": "Infrastructure.Services.DatabaseTestService", "Application": "Crud.Api"}
[04:19:06 INF] [Phase 3] Skipping database seeding as requested for worker 5072 {"SourceContext": "Infrastructure.Services.DatabaseTestService", "Application": "Crud.Api"}
[04:19:06 INF] Database reset via file deletion completed for worker 5072 in 109.0004ms (Close: 0.0006ms, Delete: 1.2243ms, Create: 7.8811ms) {"SourceContext": "Infrastructure.Services.DatabaseTestService", "Application": "Crud.Api"}
[04:19:06 INF] Releasing database mutex for worker 5072 {"SourceContext": "Infrastructure.Services.DatabaseTestService", "Application": "Crud.Api"}
Metric Name: http.server.active_requests, Number of active HTTP server requests., Unit: {request}, Meter: Microsoft.AspNetCore.Hosting
(2025-09-11T04:18:52.6507932Z, 2025-09-11T04:19:06.0498577Z] http.request.method: POST url.scheme: http LongSumNonMonotonic
Value: 0
(2025-09-11T04:18:52.6507932Z, 2025-09-11T04:19:06.0498577Z] http.request.method: DELETE url.scheme: http LongSumNonMonotonic
Value: 0
(2025-09-11T04:18:52.6507932Z, 2025-09-11T04:19:06.0498577Z] http.request.method: GET url.scheme: http LongSumNonMonotonic
Value: 0
(2025-09-11T04:18:52.6507932Z, 2025-09-11T04:19:06.0498577Z] http.request.method: PUT url.scheme: http LongSumNonMonotonic
Value: 0
Metric Name: http.server.request.duration, Duration of HTTP server requests., Unit: s, Meter: Microsoft.AspNetCore.Hosting
(2025-09-11T04:18:52.6508110Z, 2025-09-11T04:19:06.0498605Z] http.request.method: POST http.response.status_code: 200 http.route: api/Auth/register network.protocol.version: 1.1 url.scheme: http Histogram
Value: Sum: 7.4873014 Count: 25 Min: 0.2977726 Max: 0.31017 
(-Infinity,0.005]:0
(0.005,0.01]:0
(0.01,0.025]:0
(0.025,0.05]:0
(0.05,0.075]:0
(0.075,0.1]:0
(0.1,0.25]:0
(0.25,0.5]:25
(0.5,0.75]:0
(0.75,1]:0
(1,2.5]:0
(2.5,5]:0
(5,7.5]:0
(7.5,10]:0
(10,+Infinity]:0
(2025-09-11T04:18:52.6508110Z, 2025-09-11T04:19:06.0498605Z] http.request.method: POST http.response.status_code: 200 http.route: api/Auth/login network.protocol.version: 1.1 url.scheme: http Histogram
Value: Sum: 5.377293400000001 Count: 18 Min: 0.2978605 Max: 0.3025896 
(-Infinity,0.005]:0
(0.005,0.01]:0
(0.01,0.025]:0
(0.025,0.05]:0
(0.05,0.075]:0
(0.075,0.1]:0
(0.1,0.25]:0
(0.25,0.5]:18
(0.5,0.75]:0
(0.75,1]:0
(1,2.5]:0
(2.5,5]:0
(5,7.5]:0
(7.5,10]:0
(10,+Infinity]:0
(2025-09-11T04:18:52.6508110Z, 2025-09-11T04:19:06.0498605Z] http.request.method: POST http.response.status_code: 400 http.route: api/Windows network.protocol.version: 1.1 url.scheme: http Histogram
Value: Sum: 0.014586499999999999 Count: 2 Min: 0.0016277 Max: 0.0129588 
(-Infinity,0.005]:1
(0.005,0.01]:0
(0.01,0.025]:1
(0.025,0.05]:0
(0.05,0.075]:0
(0.075,0.1]:0
(0.1,0.25]:0
(0.25,0.5]:0
(0.5,0.75]:0
(0.75,1]:0
(1,2.5]:0
(2.5,5]:0
(5,7.5]:0
(7.5,10]:0
(10,+Infinity]:0
(2025-09-11T04:18:52.6508110Z, 2025-09-11T04:19:06.0498605Z] http.request.method: POST http.response.status_code: 201 http.route: api/Windows network.protocol.version: 1.1 url.scheme: http Histogram
Value: Sum: 0.0475376 Count: 11 Min: 0.0012967 Max: 0.0172311 
(-Infinity,0.005]:8
(0.005,0.01]:2
(0.01,0.025]:1
(0.025,0.05]:0
(0.05,0.075]:0
(0.075,0.1]:0
(0.1,0.25]:0
(0.25,0.5]:0
(0.5,0.75]:0
(0.75,1]:0
(1,2.5]:0
(2.5,5]:0
(5,7.5]:0
(7.5,10]:0
(10,+Infinity]:0
(2025-09-11T04:18:52.6508110Z, 2025-09-11T04:19:06.0498605Z] http.request.method: DELETE http.response.status_code: 204 http.route: api/Windows/{id:guid} network.protocol.version: 1.1 url.scheme: http Histogram
Value: Sum: 0.0113604 Count: 2 Min: 0.0012721 Max: 0.0100883 
(-Infinity,0.005]:1
(0.005,0.01]:0
(0.01,0.025]:1
(0.025,0.05]:0
(0.05,0.075]:0
(0.075,0.1]:0
(0.1,0.25]:0
(0.25,0.5]:0
(0.5,0.75]:0
(0.75,1]:0
(1,2.5]:0
(2.5,5]:0
(5,7.5]:0
(7.5,10]:0
(10,+Infinity]:0
(2025-09-11T04:18:52.6508110Z, 2025-09-11T04:19:06.0498605Z] http.request.method: GET http.response.status_code: 404 http.route: api/Windows/{id:guid} network.protocol.version: 1.1 url.scheme: http Histogram
Value: Sum: 0.0092061 Count: 2 Min: 0.0009164 Max: 0.0082897 
(-Infinity,0.005]:1
(0.005,0.01]:1
(0.01,0.025]:0
(0.025,0.05]:0
(0.05,0.075]:0
(0.075,0.1]:0
(0.1,0.25]:0
(0.25,0.5]:0
(0.5,0.75]:0
(0.75,1]:0
(1,2.5]:0
(2.5,5]:0
(5,7.5]:0
(7.5,10]:0
(10,+Infinity]:0
(2025-09-11T04:18:52.6508110Z, 2025-09-11T04:19:06.0498605Z] http.request.method: GET http.response.status_code: 200 http.route: api/Windows network.protocol.version: 1.1 url.scheme: http Histogram
Value: Sum: 0.0093838 Count: 2 Min: 0.000662 Max: 0.0087218 
(-Infinity,0.005]:1
(0.005,0.01]:1
(0.01,0.025]:0
(0.025,0.05]:0
(0.05,0.075]:0
(0.075,0.1]:0
(0.1,0.25]:0
(0.25,0.5]:0
(0.5,0.75]:0
(0.75,1]:0
(1,2.5]:0
(2.5,5]:0
(5,7.5]:0
(7.5,10]:0
(10,+Infinity]:0
(2025-09-11T04:18:52.6508110Z, 2025-09-11T04:19:06.0498605Z] http.request.method: PUT http.response.status_code: 204 http.route: api/Windows/{id:guid} network.protocol.version: 1.1 url.scheme: http Histogram
Value: Sum: 0.020385200000000003 Count: 2 Min: 0.0027747 Max: 0.0176105 
(-Infinity,0.005]:1
(0.005,0.01]:0
(0.01,0.025]:1
(0.025,0.05]:0
(0.05,0.075]:0
(0.075,0.1]:0
(0.1,0.25]:0
(0.25,0.5]:0
(0.5,0.75]:0
(0.75,1]:0
(1,2.5]:0
(2.5,5]:0
(5,7.5]:0
(7.5,10]:0
(10,+Infinity]:0
(2025-09-11T04:18:52.6508110Z, 2025-09-11T04:19:06.0498605Z] http.request.method: GET http.response.status_code: 200 http.route: api/Windows/{id:guid} network.protocol.version: 1.1 url.scheme: http Histogram
Value: Sum: 0.0053208 Count: 3 Min: 0.0008662 Max: 0.0024813 
(-Infinity,0.005]:3
(0.005,0.01]:0
(0.01,0.025]:0
(0.025,0.05]:0
(0.05,0.075]:0
(0.075,0.1]:0
(0.1,0.25]:0
(0.25,0.5]:0
(0.5,0.75]:0
(0.75,1]:0
(1,2.5]:0
(2.5,5]:0
(5,7.5]:0
(7.5,10]:0
(10,+Infinity]:0
(2025-09-11T04:18:52.6508110Z, 2025-09-11T04:19:06.0498605Z] http.request.method: PUT http.response.status_code: 404 http.route: api/Windows/{id:guid} network.protocol.version: 1.1 url.scheme: http Histogram
Value: Sum: 0.0011849 Count: 1 Min: 0.0011849 Max: 0.0011849 
(-Infinity,0.005]:1
(0.005,0.01]:0
(0.01,0.025]:0
(0.025,0.05]:0
(0.05,0.075]:0
(0.075,0.1]:0
(0.1,0.25]:0
(0.25,0.5]:0
(0.5,0.75]:0
(0.75,1]:0
(1,2.5]:0
(2.5,5]:0
(5,7.5]:0
(7.5,10]:0
(10,+Infinity]:0
Metric Name: aspnetcore.rate_limiting.active_request_leases, Number of HTTP requests that are currently active on the server that hold a rate limiting lease., Unit: {request}, Meter: Microsoft.AspNetCore.RateLimiting
(2025-09-11T04:18:52.6525397Z, 2025-09-11T04:19:06.0498608Z] LongSumNonMonotonic
Value: 0
Metric Name: aspnetcore.rate_limiting.request_lease.duration, The duration of rate limiting leases held by HTTP requests on the server., Unit: s, Meter: Microsoft.AspNetCore.RateLimiting
(2025-09-11T04:18:52.6525615Z, 2025-09-11T04:19:06.0498611Z] Histogram
Value: Sum: 12.968243400000002 Count: 68 Min: 0.0006027 Max: 0.3081765 
(-Infinity,0.005]:17
(0.005,0.01]:4
(0.01,0.025]:4
(0.025,0.05]:0
(0.05,0.075]:0
(0.075,0.1]:0
(0.1,0.25]:0
(0.25,0.5]:43
(0.5,0.75]:0
(0.75,1]:0
(1,2.5]:0
(2.5,5]:0
(5,7.5]:0
(7.5,10]:0
(10,+Infinity]:0
Metric Name: aspnetcore.rate_limiting.requests, Number of requests that tried to acquire a rate limiting lease. Requests could be rejected by global or endpoint rate limiting policies. Or the request could be canceled while waiting for the lease., Unit: {request}, Meter: Microsoft.AspNetCore.RateLimiting
(2025-09-11T04:18:52.6526076Z, 2025-09-11T04:19:06.0498620Z] aspnetcore.rate_limiting.result: acquired LongSum
Value: 68
Metric Name: aspnetcore.routing.match_attempts, Number of requests that were attempted to be matched to an endpoint., Unit: {match_attempt}, Meter: Microsoft.AspNetCore.Routing
(2025-09-11T04:18:52.6533377Z, 2025-09-11T04:19:06.0498622Z] aspnetcore.routing.is_fallback: false aspnetcore.routing.match_status: success http.route: api/Auth/register LongSum
Value: 25
(2025-09-11T04:18:52.6533377Z, 2025-09-11T04:19:06.0498622Z] aspnetcore.routing.is_fallback: false aspnetcore.routing.match_status: success http.route: api/Auth/login LongSum
Value: 18
(2025-09-11T04:18:52.6533377Z, 2025-09-11T04:19:06.0498622Z] aspnetcore.routing.is_fallback: false aspnetcore.routing.match_status: success http.route: api/Windows LongSum
Value: 15
(2025-09-11T04:18:52.6533377Z, 2025-09-11T04:19:06.0498622Z] aspnetcore.routing.is_fallback: false aspnetcore.routing.match_status: success http.route: api/Windows/{id:guid} LongSum
Value: 10
[04:19:06 INF] Starting Crud API application {"Application": "Crud.Api"}
[04:19:06 INF] Using SQLite provider with connection: Data Source=TestDatabase.db {"Application": "Crud.Api"}
[04:19:06 INF] Database ensured successfully {"Application": "Crud.Api"}
[04:19:06 INF] Application configured successfully. Starting web host... {"Application": "Crud.Api"}
[04:19:06 INF] Resetting database for worker 12015 {"SourceContext": "Infrastructure.Services.DatabaseTestService", "Application": "Crud.Api"}
[04:19:06 INF] Resetting database via file deletion for worker 12015 in CI environment {"SourceContext": "Infrastructure.Services.DatabaseTestService", "Application": "Crud.Api"}
[04:19:06 INF] Acquiring database mutex for worker 12015... {"SourceContext": "Infrastructure.Services.DatabaseTestService", "Application": "Crud.Api"}
[04:19:06 INF] Database mutex acquired for worker 12015 {"SourceContext": "Infrastructure.Services.DatabaseTestService", "Application": "Crud.Api"}
[04:19:06 INF] Current database state - CanConnect: True {"SourceContext": "Infrastructure.Services.DatabaseTestService", "Application": "Crud.Api"}
[04:19:06 INF] [Phase 0] Closing database connection for worker 12015... {"SourceContext": "Infrastructure.Services.DatabaseTestService", "Application": "Crud.Api"}
[04:19:06 INF] [Phase 0] Connection closed in 0.0007ms {"SourceContext": "Infrastructure.Services.DatabaseTestService", "Application": "Crud.Api"}
[04:19:06 INF] [Phase 1] Starting EnsureDeletedAsync for worker 12015... {"SourceContext": "Infrastructure.Services.DatabaseTestService", "Application": "Crud.Api"}
[04:19:06 INF] [Phase 1] EnsureDeletedAsync completed in 1.4487ms {"SourceContext": "Infrastructure.Services.DatabaseTestService", "Application": "Crud.Api"}
[04:19:06 INF] [Phase 2] Starting EnsureCreatedAsync for worker 12015... {"SourceContext": "Infrastructure.Services.DatabaseTestService", "Application": "Crud.Api"}
[04:19:06 INF] [Phase 2] EnsureCreatedAsync completed in 8.0891ms {"SourceContext": "Infrastructure.Services.DatabaseTestService", "Application": "Crud.Api"}
[04:19:06 INF] [Phase 3] Skipping database seeding as requested for worker 12015 {"SourceContext": "Infrastructure.Services.DatabaseTestService", "Application": "Crud.Api"}
[04:19:06 INF] Database reset via file deletion completed for worker 12015 in 109.8758ms (Close: 0.0007ms, Delete: 1.4487ms, Create: 8.0891ms) {"SourceContext": "Infrastructure.Services.DatabaseTestService", "Application": "Crud.Api"}
[04:19:06 INF] Releasing database mutex for worker 12015 {"SourceContext": "Infrastructure.Services.DatabaseTestService", "Application": "Crud.Api"}
[04:19:06 WRN] Failed to determine the https port for redirect. {"EventId": {"Id": 3, "Name": "FailedToDeterminePort"}, "SourceContext": "Microsoft.AspNetCore.HttpsPolicy.HttpsRedirectionMiddleware", "RequestId": "0HNFGT8MUJPGE", "RequestPath": "/api/auth/forgot-password", "Application": "Crud.Api"}
[04:19:06 INF] Password reset requested from IP: unknown {"SourceContext": "Api.Controllers.AuthController", "ActionId": "15f53a82-803b-415e-8d13-6eb3842aa876", "ActionName": "Api.Controllers.AuthController.ForgotPassword (Api)", "RequestId": "0HNFGT8MUJPGE", "RequestPath": "/api/auth/forgot-password", "Application": "Crud.Api"}
[04:19:06 INF] Password reset requested for user: 8c567d41-d4b2-448b-ba8a-de1f14990fa0 {"SourceContext": "App.Features.Authentication.ForgotPasswordCommandHandler", "ActionId": "15f53a82-803b-415e-8d13-6eb3842aa876", "ActionName": "Api.Controllers.AuthController.ForgotPassword (Api)", "RequestId": "0HNFGT8MUJPGE", "RequestPath": "/api/auth/forgot-password", "Application": "Crud.Api"}
[04:19:06 INF] Password reset email sent (Mock Service - Not Actually Sent) {"SourceContext": "Infrastructure.Services.MockEmailService", "ActionId": "15f53a82-803b-415e-8d13-6eb3842aa876", "ActionName": "Api.Controllers.AuthController.ForgotPassword (Api)", "RequestId": "0HNFGT8MUJPGE", "RequestPath": "/api/auth/forgot-password", "Application": "Crud.Api"}
[04:19:06 DBG] Email Details - From: noreply@example.com, Subject: Password Reset Request {"SourceContext": "Infrastructure.Services.MockEmailService", "ActionId": "15f53a82-803b-415e-8d13-6eb3842aa876", "ActionName": "Api.Controllers.AuthController.ForgotPassword (Api)", "RequestId": "0HNFGT8MUJPGE", "RequestPath": "/api/auth/forgot-password", "Application": "Crud.Api"}
[04:19:06 INF] Password reset email sent successfully for user: 8c567d41-d4b2-448b-ba8a-de1f14990fa0 {"SourceContext": "App.Features.Authentication.ForgotPasswordCommandHandler", "ActionId": "15f53a82-803b-415e-8d13-6eb3842aa876", "ActionName": "Api.Controllers.AuthController.ForgotPassword (Api)", "RequestId": "0HNFGT8MUJPGE", "RequestPath": "/api/auth/forgot-password", "Application": "Crud.Api"}
Activity.TraceId:            0c0867c2520f140cb549fe4ad4ca742d
Activity.SpanId:             0eccd8779ac54957
Activity.TraceFlags:         Recorded
Activity.ActivitySourceName: Microsoft.AspNetCore
Activity.DisplayName:        POST api/Auth/forgot-password
Activity.Kind:               Server
Activity.StartTime:          2025-09-11T04:19:06.2042791Z
Activity.Duration:           00:00:00.1385931
Activity.Tags:
    server.address: localhost
    http.request.method: POST
    url.scheme: http
    url.path: /api/auth/forgot-password
    network.protocol.version: 1.1
    http.route: api/Auth/forgot-password
    http.response.status_code: 200
Resource associated with Activity:
    deployment.environment: Testing
    service.name: Crud.Api
    service.version: 1.0.0
    service.instance.id: 8958bff5-028e-43b0-8103-5553bc095d18
    telemetry.sdk.name: opentelemetry
    telemetry.sdk.language: dotnet
    telemetry.sdk.version: 1.8.1
[04:19:06 INF] Password reset attempt from IP: unknown {"SourceContext": "Api.Controllers.AuthController", "ActionId": "988736b1-0769-41da-b155-eebc89dc1be3", "ActionName": "Api.Controllers.AuthController.ResetPassword (Api)", "RequestId": "0HNFGT8MUJPGF", "RequestPath": "/api/auth/reset-password", "Application": "Crud.Api"}
Activity.TraceId:            6748202e63f0468cbc223949e455ad88
Activity.SpanId:             cd62c3db8cc0238f
Activity.TraceFlags:         Recorded
Activity.ActivitySourceName: Microsoft.AspNetCore
Activity.DisplayName:        POST api/Auth/reset-password
Activity.Kind:               Server
Activity.StartTime:          2025-09-11T04:19:06.3483009Z
Activity.Duration:           00:00:00.0082213
Activity.Tags:
    server.address: localhost
    http.request.method: POST
    url.scheme: http
    url.path: /api/auth/reset-password
    network.protocol.version: 1.1
    http.route: api/Auth/reset-password
    http.response.status_code: 400
Resource associated with Activity:
    deployment.environment: Testing
    service.name: Crud.Api
    service.version: 1.0.0
    service.instance.id: 8958bff5-028e-43b0-8103-5553bc095d18
    telemetry.sdk.name: opentelemetry
    telemetry.sdk.language: dotnet
    telemetry.sdk.version: 1.8.1
❌ POST /api/auth/reset-password failed:
   Status: BadRequest (400)
   Reason: Bad Request
   Response Body: {"error":"Password must be at least 8 characters long"}
   Content Headers: Content-Type=application/json; charset=utf-8
[04:19:06 INF] Resetting database for worker 12015 {"SourceContext": "Infrastructure.Services.DatabaseTestService", "Application": "Crud.Api"}
[04:19:06 INF] Resetting database via file deletion for worker 12015 in CI environment {"SourceContext": "Infrastructure.Services.DatabaseTestService", "Application": "Crud.Api"}
[04:19:06 INF] Acquiring database mutex for worker 12015... {"SourceContext": "Infrastructure.Services.DatabaseTestService", "Application": "Crud.Api"}
[04:19:06 INF] Database mutex acquired for worker 12015 {"SourceContext": "Infrastructure.Services.DatabaseTestService", "Application": "Crud.Api"}
[04:19:06 INF] Current database state - CanConnect: True {"SourceContext": "Infrastructure.Services.DatabaseTestService", "Application": "Crud.Api"}
[04:19:06 INF] [Phase 0] Closing database connection for worker 12015... {"SourceContext": "Infrastructure.Services.DatabaseTestService", "Application": "Crud.Api"}
[04:19:06 INF] [Phase 0] Connection closed in 0.0006ms {"SourceContext": "Infrastructure.Services.DatabaseTestService", "Application": "Crud.Api"}
[04:19:06 INF] [Phase 1] Starting EnsureDeletedAsync for worker 12015... {"SourceContext": "Infrastructure.Services.DatabaseTestService", "Application": "Crud.Api"}
[04:19:06 INF] [Phase 1] EnsureDeletedAsync completed in 1.6189ms {"SourceContext": "Infrastructure.Services.DatabaseTestService", "Application": "Crud.Api"}
[04:19:06 INF] [Phase 2] Starting EnsureCreatedAsync for worker 12015... {"SourceContext": "Infrastructure.Services.DatabaseTestService", "Application": "Crud.Api"}
[04:19:06 INF] [Phase 2] EnsureCreatedAsync completed in 7.9656ms {"SourceContext": "Infrastructure.Services.DatabaseTestService", "Application": "Crud.Api"}
[04:19:06 INF] [Phase 3] Skipping database seeding as requested for worker 12015 {"SourceContext": "Infrastructure.Services.DatabaseTestService", "Application": "Crud.Api"}
[04:19:06 INF] Database reset via file deletion completed for worker 12015 in 110.3065ms (Close: 0.0006ms, Delete: 1.6189ms, Create: 7.9656ms) {"SourceContext": "Infrastructure.Services.DatabaseTestService", "Application": "Crud.Api"}
[04:19:06 INF] Releasing database mutex for worker 12015 {"SourceContext": "Infrastructure.Services.DatabaseTestService", "Application": "Crud.Api"}
[04:19:06 INF] Resetting database for worker 12015 {"SourceContext": "Infrastructure.Services.DatabaseTestService", "Application": "Crud.Api"}
[04:19:06 INF] Resetting database via file deletion for worker 12015 in CI environment {"SourceContext": "Infrastructure.Services.DatabaseTestService", "Application": "Crud.Api"}
[04:19:06 INF] Acquiring database mutex for worker 12015... {"SourceContext": "Infrastructure.Services.DatabaseTestService", "Application": "Crud.Api"}
[04:19:06 INF] Database mutex acquired for worker 12015 {"SourceContext": "Infrastructure.Services.DatabaseTestService", "Application": "Crud.Api"}
[04:19:06 INF] Current database state - CanConnect: True {"SourceContext": "Infrastructure.Services.DatabaseTestService", "Application": "Crud.Api"}
[04:19:06 INF] [Phase 0] Closing database connection for worker 12015... {"SourceContext": "Infrastructure.Services.DatabaseTestService", "Application": "Crud.Api"}
[04:19:06 INF] [Phase 0] Connection closed in 0.0006ms {"SourceContext": "Infrastructure.Services.DatabaseTestService", "Application": "Crud.Api"}
[04:19:06 INF] [Phase 1] Starting EnsureDeletedAsync for worker 12015... {"SourceContext": "Infrastructure.Services.DatabaseTestService", "Application": "Crud.Api"}
[04:19:06 INF] [Phase 1] EnsureDeletedAsync completed in 1.284ms {"SourceContext": "Infrastructure.Services.DatabaseTestService", "Application": "Crud.Api"}
[04:19:06 INF] [Phase 2] Starting EnsureCreatedAsync for worker 12015... {"SourceContext": "Infrastructure.Services.DatabaseTestService", "Application": "Crud.Api"}
[04:19:06 INF] [Phase 2] EnsureCreatedAsync completed in 7.9664ms {"SourceContext": "Infrastructure.Services.DatabaseTestService", "Application": "Crud.Api"}
[04:19:06 INF] [Phase 3] Skipping database seeding as requested for worker 12015 {"SourceContext": "Infrastructure.Services.DatabaseTestService", "Application": "Crud.Api"}
[04:19:06 INF] Database reset via file deletion completed for worker 12015 in 109.5882ms (Close: 0.0006ms, Delete: 1.284ms, Create: 7.9664ms) {"SourceContext": "Infrastructure.Services.DatabaseTestService", "Application": "Crud.Api"}
[04:19:06 INF] Releasing database mutex for worker 12015 {"SourceContext": "Infrastructure.Services.DatabaseTestService", "Application": "Crud.Api"}
[04:19:06 INF] Password reset requested from IP: unknown {"SourceContext": "Api.Controllers.AuthController", "ActionId": "15f53a82-803b-415e-8d13-6eb3842aa876", "ActionName": "Api.Controllers.AuthController.ForgotPassword (Api)", "RequestId": "0HNFGT8MUJPGG", "RequestPath": "/api/auth/forgot-password", "Application": "Crud.Api"}
[04:19:06 WRN] Password reset requested for non-existent user {"SourceContext": "App.Features.Authentication.ForgotPasswordCommandHandler", "ActionId": "15f53a82-803b-415e-8d13-6eb3842aa876", "ActionName": "Api.Controllers.AuthController.ForgotPassword (Api)", "RequestId": "0HNFGT8MUJPGG", "RequestPath": "/api/auth/forgot-password", "Application": "Crud.Api"}
Activity.TraceId:            42d9cb609c2a62d934a40524ffe6dd44
Activity.SpanId:             5b2385407f3c8bf6
Activity.TraceFlags:         Recorded
Activity.ActivitySourceName: Microsoft.AspNetCore
Activity.DisplayName:        POST api/Auth/forgot-password
Activity.Kind:               Server
Activity.StartTime:          2025-09-11T04:19:06.5835064Z
Activity.Duration:           00:00:00.0029714
Activity.Tags:
    server.address: localhost
    http.request.method: POST
    url.scheme: http
    url.path: /api/auth/forgot-password
    network.protocol.version: 1.1
    http.route: api/Auth/forgot-password
    http.response.status_code: 200
Resource associated with Activity:
    deployment.environment: Testing
    service.name: Crud.Api
    service.version: 1.0.0
    service.instance.id: 8958bff5-028e-43b0-8103-5553bc095d18
    telemetry.sdk.name: opentelemetry
    telemetry.sdk.language: dotnet
    telemetry.sdk.version: 1.8.1
[04:19:06 INF] Resetting database for worker 12015 {"SourceContext": "Infrastructure.Services.DatabaseTestService", "Application": "Crud.Api"}
[04:19:06 INF] Resetting database via file deletion for worker 12015 in CI environment {"SourceContext": "Infrastructure.Services.DatabaseTestService", "Application": "Crud.Api"}
[04:19:06 INF] Acquiring database mutex for worker 12015... {"SourceContext": "Infrastructure.Services.DatabaseTestService", "Application": "Crud.Api"}
[04:19:06 INF] Database mutex acquired for worker 12015 {"SourceContext": "Infrastructure.Services.DatabaseTestService", "Application": "Crud.Api"}
[04:19:06 INF] Current database state - CanConnect: True {"SourceContext": "Infrastructure.Services.DatabaseTestService", "Application": "Crud.Api"}
[04:19:06 INF] [Phase 0] Closing database connection for worker 12015... {"SourceContext": "Infrastructure.Services.DatabaseTestService", "Application": "Crud.Api"}
[04:19:06 INF] [Phase 0] Connection closed in 0.0006ms {"SourceContext": "Infrastructure.Services.DatabaseTestService", "Application": "Crud.Api"}
[04:19:06 INF] [Phase 1] Starting EnsureDeletedAsync for worker 12015... {"SourceContext": "Infrastructure.Services.DatabaseTestService", "Application": "Crud.Api"}
[04:19:06 INF] [Phase 1] EnsureDeletedAsync completed in 1.5095ms {"SourceContext": "Infrastructure.Services.DatabaseTestService", "Application": "Crud.Api"}
[04:19:06 INF] [Phase 2] Starting EnsureCreatedAsync for worker 12015... {"SourceContext": "Infrastructure.Services.DatabaseTestService", "Application": "Crud.Api"}
[04:19:06 INF] [Phase 2] EnsureCreatedAsync completed in 18.9252ms {"SourceContext": "Infrastructure.Services.DatabaseTestService", "Application": "Crud.Api"}
[04:19:06 INF] [Phase 3] Skipping database seeding as requested for worker 12015 {"SourceContext": "Infrastructure.Services.DatabaseTestService", "Application": "Crud.Api"}
[04:19:06 INF] Database reset via file deletion completed for worker 12015 in 120.0805ms (Close: 0.0006ms, Delete: 1.5095ms, Create: 18.9252ms) {"SourceContext": "Infrastructure.Services.DatabaseTestService", "Application": "Crud.Api"}
[04:19:06 INF] Releasing database mutex for worker 12015 {"SourceContext": "Infrastructure.Services.DatabaseTestService", "Application": "Crud.Api"}
[04:19:06 INF] Resetting database for worker 12015 {"SourceContext": "Infrastructure.Services.DatabaseTestService", "Application": "Crud.Api"}
[04:19:06 INF] Resetting database via file deletion for worker 12015 in CI environment {"SourceContext": "Infrastructure.Services.DatabaseTestService", "Application": "Crud.Api"}
[04:19:06 INF] Acquiring database mutex for worker 12015... {"SourceContext": "Infrastructure.Services.DatabaseTestService", "Application": "Crud.Api"}
[04:19:06 INF] Database mutex acquired for worker 12015 {"SourceContext": "Infrastructure.Services.DatabaseTestService", "Application": "Crud.Api"}
[04:19:06 INF] Current database state - CanConnect: True {"SourceContext": "Infrastructure.Services.DatabaseTestService", "Application": "Crud.Api"}
[04:19:06 INF] [Phase 0] Closing database connection for worker 12015... {"SourceContext": "Infrastructure.Services.DatabaseTestService", "Application": "Crud.Api"}
[04:19:06 INF] [Phase 0] Connection closed in 0.0007ms {"SourceContext": "Infrastructure.Services.DatabaseTestService", "Application": "Crud.Api"}
[04:19:06 INF] [Phase 1] Starting EnsureDeletedAsync for worker 12015... {"SourceContext": "Infrastructure.Services.DatabaseTestService", "Application": "Crud.Api"}
[04:19:06 INF] [Phase 1] EnsureDeletedAsync completed in 1.2091ms {"SourceContext": "Infrastructure.Services.DatabaseTestService", "Application": "Crud.Api"}
[04:19:06 INF] [Phase 2] Starting EnsureCreatedAsync for worker 12015... {"SourceContext": "Infrastructure.Services.DatabaseTestService", "Application": "Crud.Api"}
[04:19:06 INF] [Phase 2] EnsureCreatedAsync completed in 7.8826ms {"SourceContext": "Infrastructure.Services.DatabaseTestService", "Application": "Crud.Api"}
[04:19:06 INF] [Phase 3] Skipping database seeding as requested for worker 12015 {"SourceContext": "Infrastructure.Services.DatabaseTestService", "Application": "Crud.Api"}
[04:19:06 INF] Database reset via file deletion completed for worker 12015 in 109.563ms (Close: 0.0007ms, Delete: 1.2091ms, Create: 7.8826ms) {"SourceContext": "Infrastructure.Services.DatabaseTestService", "Application": "Crud.Api"}
[04:19:06 INF] Releasing database mutex for worker 12015 {"SourceContext": "Infrastructure.Services.DatabaseTestService", "Application": "Crud.Api"}
[04:19:06 INF] Password reset requested from IP: unknown {"SourceContext": "Api.Controllers.AuthController", "ActionId": "15f53a82-803b-415e-8d13-6eb3842aa876", "ActionName": "Api.Controllers.AuthController.ForgotPassword (Api)", "RequestId": "0HNFGT8MUJPGH", "RequestPath": "/api/auth/forgot-password", "Application": "Crud.Api"}
Activity.TraceId:            50245ae68e741f2fd38512db3b5f7fb3
Activity.SpanId:             d01ddeed2038e76a
❌ POST /api/auth/forgot-password failed:
Activity.TraceFlags:         Recorded
Activity.ActivitySourceName: Microsoft.AspNetCore
Activity.DisplayName:        POST api/Auth/forgot-password
Activity.Kind:               Server
Activity.StartTime:          2025-09-11T04:19:06.8201004Z
Activity.Duration:           00:00:00.0024004
Activity.Tags:
   Status: BadRequest (400)
    server.address: localhost
    http.request.method: POST
    url.scheme: http
    url.path: /api/auth/forgot-password
   Reason: Bad Request
   Response Body: {"error":"Invalid email format. Please provide a valid email address."}
    network.protocol.version: 1.1
    http.route: api/Auth/forgot-password
    http.response.status_code: 400
Resource associated with Activity:
    deployment.environment: Testing
    service.name: Crud.Api
    service.version: 1.0.0
    service.instance.id: 8958bff5-028e-43b0-8103-5553bc095d18
    telemetry.sdk.name: opentelemetry
    telemetry.sdk.language: dotnet
    telemetry.sdk.version: 1.8.1
   Content Headers: Content-Type=application/json; charset=utf-8
[04:19:06 INF] Resetting database for worker 12015 {"SourceContext": "Infrastructure.Services.DatabaseTestService", "Application": "Crud.Api"}
[04:19:06 INF] Resetting database via file deletion for worker 12015 in CI environment {"SourceContext": "Infrastructure.Services.DatabaseTestService", "Application": "Crud.Api"}
[04:19:06 INF] Acquiring database mutex for worker 12015... {"SourceContext": "Infrastructure.Services.DatabaseTestService", "Application": "Crud.Api"}
[04:19:06 INF] Database mutex acquired for worker 12015 {"SourceContext": "Infrastructure.Services.DatabaseTestService", "Application": "Crud.Api"}
[04:19:06 INF] Current database state - CanConnect: True {"SourceContext": "Infrastructure.Services.DatabaseTestService", "Application": "Crud.Api"}
[04:19:06 INF] [Phase 0] Closing database connection for worker 12015... {"SourceContext": "Infrastructure.Services.DatabaseTestService", "Application": "Crud.Api"}
[04:19:06 INF] [Phase 0] Connection closed in 0.0006ms {"SourceContext": "Infrastructure.Services.DatabaseTestService", "Application": "Crud.Api"}
[04:19:06 INF] [Phase 1] Starting EnsureDeletedAsync for worker 12015... {"SourceContext": "Infrastructure.Services.DatabaseTestService", "Application": "Crud.Api"}
[04:19:06 INF] [Phase 1] EnsureDeletedAsync completed in 1.3039ms {"SourceContext": "Infrastructure.Services.DatabaseTestService", "Application": "Crud.Api"}
[04:19:06 INF] [Phase 2] Starting EnsureCreatedAsync for worker 12015... {"SourceContext": "Infrastructure.Services.DatabaseTestService", "Application": "Crud.Api"}
[04:19:06 INF] [Phase 2] EnsureCreatedAsync completed in 7.6347ms {"SourceContext": "Infrastructure.Services.DatabaseTestService", "Application": "Crud.Api"}
[04:19:06 INF] [Phase 3] Skipping database seeding as requested for worker 12015 {"SourceContext": "Infrastructure.Services.DatabaseTestService", "Application": "Crud.Api"}
[04:19:06 INF] Database reset via file deletion completed for worker 12015 in 108.5553ms (Close: 0.0006ms, Delete: 1.3039ms, Create: 7.6347ms) {"SourceContext": "Infrastructure.Services.DatabaseTestService", "Application": "Crud.Api"}
[04:19:06 INF] Releasing database mutex for worker 12015 {"SourceContext": "Infrastructure.Services.DatabaseTestService", "Application": "Crud.Api"}
[04:19:06 INF] Resetting database for worker 12015 {"SourceContext": "Infrastructure.Services.DatabaseTestService", "Application": "Crud.Api"}
[04:19:06 INF] Resetting database via file deletion for worker 12015 in CI environment {"SourceContext": "Infrastructure.Services.DatabaseTestService", "Application": "Crud.Api"}
[04:19:06 INF] Acquiring database mutex for worker 12015... {"SourceContext": "Infrastructure.Services.DatabaseTestService", "Application": "Crud.Api"}
[04:19:06 INF] Database mutex acquired for worker 12015 {"SourceContext": "Infrastructure.Services.DatabaseTestService", "Application": "Crud.Api"}
[04:19:06 INF] Current database state - CanConnect: True {"SourceContext": "Infrastructure.Services.DatabaseTestService", "Application": "Crud.Api"}
[04:19:06 INF] [Phase 0] Closing database connection for worker 12015... {"SourceContext": "Infrastructure.Services.DatabaseTestService", "Application": "Crud.Api"}
[04:19:06 INF] [Phase 0] Connection closed in 0.0006ms {"SourceContext": "Infrastructure.Services.DatabaseTestService", "Application": "Crud.Api"}
[04:19:06 INF] [Phase 1] Starting EnsureDeletedAsync for worker 12015... {"SourceContext": "Infrastructure.Services.DatabaseTestService", "Application": "Crud.Api"}
[04:19:06 INF] [Phase 1] EnsureDeletedAsync completed in 1.108ms {"SourceContext": "Infrastructure.Services.DatabaseTestService", "Application": "Crud.Api"}
[04:19:07 INF] [Phase 2] Starting EnsureCreatedAsync for worker 12015... {"SourceContext": "Infrastructure.Services.DatabaseTestService", "Application": "Crud.Api"}
[04:19:07 INF] [Phase 2] EnsureCreatedAsync completed in 9.3919ms {"SourceContext": "Infrastructure.Services.DatabaseTestService", "Application": "Crud.Api"}
[04:19:07 INF] [Phase 3] Skipping database seeding as requested for worker 12015 {"SourceContext": "Infrastructure.Services.DatabaseTestService", "Application": "Crud.Api"}
[04:19:07 INF] Database reset via file deletion completed for worker 12015 in 110.1719ms (Close: 0.0006ms, Delete: 1.108ms, Create: 9.3919ms) {"SourceContext": "Infrastructure.Services.DatabaseTestService", "Application": "Crud.Api"}
[04:19:07 INF] Releasing database mutex for worker 12015 {"SourceContext": "Infrastructure.Services.DatabaseTestService", "Application": "Crud.Api"}
[04:19:07 INF] Password reset requested from IP: unknown {"SourceContext": "Api.Controllers.AuthController", "ActionId": "15f53a82-803b-415e-8d13-6eb3842aa876", "ActionName": "Api.Controllers.AuthController.ForgotPassword (Api)", "RequestId": "0HNFGT8MUJPGI", "RequestPath": "/api/auth/forgot-password", "Application": "Crud.Api"}
[04:19:07 INF] Password reset requested for user: def97017-eeff-4da6-ba71-d292eaab3994 {"SourceContext": "App.Features.Authentication.ForgotPasswordCommandHandler", "ActionId": "15f53a82-803b-415e-8d13-6eb3842aa876", "ActionName": "Api.Controllers.AuthController.ForgotPassword (Api)", "RequestId": "0HNFGT8MUJPGI", "RequestPath": "/api/auth/forgot-password", "Application": "Crud.Api"}
[04:19:07 INF] Password reset email sent (Mock Service - Not Actually Sent) {"SourceContext": "Infrastructure.Services.MockEmailService", "ActionId": "15f53a82-803b-415e-8d13-6eb3842aa876", "ActionName": "Api.Controllers.AuthController.ForgotPassword (Api)", "RequestId": "0HNFGT8MUJPGI", "RequestPath": "/api/auth/forgot-password", "Application": "Crud.Api"}
[04:19:07 DBG] Email Details - From: noreply@example.com, Subject: Password Reset Request {"SourceContext": "Infrastructure.Services.MockEmailService", "ActionId": "15f53a82-803b-415e-8d13-6eb3842aa876", "ActionName": "Api.Controllers.AuthController.ForgotPassword (Api)", "RequestId": "0HNFGT8MUJPGI", "RequestPath": "/api/auth/forgot-password", "Application": "Crud.Api"}
[04:19:07 INF] Password reset email sent successfully for user: def97017-eeff-4da6-ba71-d292eaab3994 {"SourceContext": "App.Features.Authentication.ForgotPasswordCommandHandler", "ActionId": "15f53a82-803b-415e-8d13-6eb3842aa876", "ActionName": "Api.Controllers.AuthController.ForgotPassword (Api)", "RequestId": "0HNFGT8MUJPGI", "RequestPath": "/api/auth/forgot-password", "Application": "Crud.Api"}
Activity.TraceId:            a90117e3d362f03d00e147cb28cadc0e
Activity.SpanId:             f8f1354c77041a85
Activity.TraceFlags:         Recorded
Activity.ActivitySourceName: Microsoft.AspNetCore
Activity.DisplayName:        POST api/Auth/forgot-password
Activity.Kind:               Server
Activity.StartTime:          2025-09-11T04:19:07.0471475Z
Activity.Duration:           00:00:00.1017968
Activity.Tags:
    server.address: localhost
    http.request.method: POST
    url.scheme: http
    url.path: /api/auth/forgot-password
    network.protocol.version: 1.1
    http.route: api/Auth/forgot-password
    http.response.status_code: 200
Resource associated with Activity:
    deployment.environment: Testing
    service.name: Crud.Api
    service.version: 1.0.0
    service.instance.id: 8958bff5-028e-43b0-8103-5553bc095d18
    telemetry.sdk.name: opentelemetry
    telemetry.sdk.language: dotnet
    telemetry.sdk.version: 1.8.1
[04:19:07 INF] Password reset attempt from IP: unknown {"SourceContext": "Api.Controllers.AuthController", "ActionId": "988736b1-0769-41da-b155-eebc89dc1be3", "ActionName": "Api.Controllers.AuthController.ResetPassword (Api)", "RequestId": "0HNFGT8MUJPGJ", "RequestPath": "/api/auth/reset-password", "Application": "Crud.Api"}
[04:19:07 INF] Password reset successful for user: def97017-eeff-4da6-ba71-d292eaab3994, Email: test@example.com {"SourceContext": "App.Features.Authentication.ResetPasswordCommandHandler", "ActionId": "988736b1-0769-41da-b155-eebc89dc1be3", "ActionName": "Api.Controllers.AuthController.ResetPassword (Api)", "RequestId": "0HNFGT8MUJPGJ", "RequestPath": "/api/auth/reset-password", "Application": "Crud.Api"}
Activity.TraceId:            48b07af825d9cfdb2fe3a4db9eece5c3
Activity.SpanId:             b7cc8168d07056d0
Activity.TraceFlags:         Recorded
Activity.ActivitySourceName: Microsoft.AspNetCore
Activity.DisplayName:        POST api/Auth/reset-password
Activity.Kind:               Server
Activity.StartTime:          2025-09-11T04:19:07.1497447Z
Activity.Duration:           00:00:00.3232919
Activity.Tags:
    server.address: localhost
    http.request.method: POST
    url.scheme: http
    url.path: /api/auth/reset-password
    network.protocol.version: 1.1
    http.route: api/Auth/reset-password
    http.response.status_code: 200
Resource associated with Activity:
    deployment.environment: Testing
    service.name: Crud.Api
    service.version: 1.0.0
    service.instance.id: 8958bff5-028e-43b0-8103-5553bc095d18
    telemetry.sdk.name: opentelemetry
    telemetry.sdk.language: dotnet
    telemetry.sdk.version: 1.8.1
[04:19:07 INF] Resetting database for worker 12015 {"SourceContext": "Infrastructure.Services.DatabaseTestService", "Application": "Crud.Api"}
[04:19:07 INF] Resetting database via file deletion for worker 12015 in CI environment {"SourceContext": "Infrastructure.Services.DatabaseTestService", "Application": "Crud.Api"}
[04:19:07 INF] Acquiring database mutex for worker 12015... {"SourceContext": "Infrastructure.Services.DatabaseTestService", "Application": "Crud.Api"}
[04:19:07 INF] Database mutex acquired for worker 12015 {"SourceContext": "Infrastructure.Services.DatabaseTestService", "Application": "Crud.Api"}
[04:19:07 INF] Current database state - CanConnect: True {"SourceContext": "Infrastructure.Services.DatabaseTestService", "Application": "Crud.Api"}
[04:19:07 INF] [Phase 0] Closing database connection for worker 12015... {"SourceContext": "Infrastructure.Services.DatabaseTestService", "Application": "Crud.Api"}
[04:19:07 INF] [Phase 0] Connection closed in 0.0006ms {"SourceContext": "Infrastructure.Services.DatabaseTestService", "Application": "Crud.Api"}
[04:19:07 INF] [Phase 1] Starting EnsureDeletedAsync for worker 12015... {"SourceContext": "Infrastructure.Services.DatabaseTestService", "Application": "Crud.Api"}
[04:19:07 INF] [Phase 1] EnsureDeletedAsync completed in 1.2738ms {"SourceContext": "Infrastructure.Services.DatabaseTestService", "Application": "Crud.Api"}
[04:19:07 INF] [Phase 2] Starting EnsureCreatedAsync for worker 12015... {"SourceContext": "Infrastructure.Services.DatabaseTestService", "Application": "Crud.Api"}
[04:19:07 INF] [Phase 2] EnsureCreatedAsync completed in 6.9597ms {"SourceContext": "Infrastructure.Services.DatabaseTestService", "Application": "Crud.Api"}
[04:19:07 INF] [Phase 3] Skipping database seeding as requested for worker 12015 {"SourceContext": "Infrastructure.Services.DatabaseTestService", "Application": "Crud.Api"}
[04:19:07 INF] Database reset via file deletion completed for worker 12015 in 108.1191ms (Close: 0.0006ms, Delete: 1.2738ms, Create: 6.9597ms) {"SourceContext": "Infrastructure.Services.DatabaseTestService", "Application": "Crud.Api"}
[04:19:07 INF] Releasing database mutex for worker 12015 {"SourceContext": "Infrastructure.Services.DatabaseTestService", "Application": "Crud.Api"}
[04:19:07 INF] Resetting database for worker 12015 {"SourceContext": "Infrastructure.Services.DatabaseTestService", "Application": "Crud.Api"}
[04:19:07 INF] Resetting database via file deletion for worker 12015 in CI environment {"SourceContext": "Infrastructure.Services.DatabaseTestService", "Application": "Crud.Api"}
[04:19:07 INF] Acquiring database mutex for worker 12015... {"SourceContext": "Infrastructure.Services.DatabaseTestService", "Application": "Crud.Api"}
[04:19:07 INF] Database mutex acquired for worker 12015 {"SourceContext": "Infrastructure.Services.DatabaseTestService", "Application": "Crud.Api"}
[04:19:07 INF] Current database state - CanConnect: True {"SourceContext": "Infrastructure.Services.DatabaseTestService", "Application": "Crud.Api"}
[04:19:07 INF] [Phase 0] Closing database connection for worker 12015... {"SourceContext": "Infrastructure.Services.DatabaseTestService", "Application": "Crud.Api"}
[04:19:07 INF] [Phase 0] Connection closed in 0.0006ms {"SourceContext": "Infrastructure.Services.DatabaseTestService", "Application": "Crud.Api"}
[04:19:07 INF] [Phase 1] Starting EnsureDeletedAsync for worker 12015... {"SourceContext": "Infrastructure.Services.DatabaseTestService", "Application": "Crud.Api"}
[04:19:07 INF] [Phase 1] EnsureDeletedAsync completed in 1.0725ms {"SourceContext": "Infrastructure.Services.DatabaseTestService", "Application": "Crud.Api"}
[04:19:07 INF] [Phase 2] Starting EnsureCreatedAsync for worker 12015... {"SourceContext": "Infrastructure.Services.DatabaseTestService", "Application": "Crud.Api"}
[04:19:07 INF] [Phase 2] EnsureCreatedAsync completed in 7.282ms {"SourceContext": "Infrastructure.Services.DatabaseTestService", "Application": "Crud.Api"}
[04:19:07 INF] [Phase 3] Skipping database seeding as requested for worker 12015 {"SourceContext": "Infrastructure.Services.DatabaseTestService", "Application": "Crud.Api"}
[04:19:07 INF] Database reset via file deletion completed for worker 12015 in 108.0227ms (Close: 0.0006ms, Delete: 1.0725ms, Create: 7.282ms) {"SourceContext": "Infrastructure.Services.DatabaseTestService", "Application": "Crud.Api"}
[04:19:07 INF] Releasing database mutex for worker 12015 {"SourceContext": "Infrastructure.Services.DatabaseTestService", "Application": "Crud.Api"}
[04:19:07 INF] Token validation requested for token: invalid-to*** {"SourceContext": "App.Features.Authentication.ValidateResetTokenQueryHandler", "ActionId": "ac572ebd-fba7-4a3d-ac5d-85dde11d5630", "ActionName": "Api.Controllers.AuthController.ValidateResetToken (Api)", "RequestId": "0HNFGT8MUJPGK", "RequestPath": "/api/auth/validate-reset-token", "Application": "Crud.Api"}
[04:19:07 WRN] Token validation failed - token not found {"SourceContext": "App.Features.Authentication.ValidateResetTokenQueryHandler", "ActionId": "ac572ebd-fba7-4a3d-ac5d-85dde11d5630", "ActionName": "Api.Controllers.AuthController.ValidateResetToken (Api)", "RequestId": "0HNFGT8MUJPGK", "RequestPath": "/api/auth/validate-reset-token", "Application": "Crud.Api"}
Activity.TraceId:            d9bf76ad096eb479865919a617ec554e
Activity.SpanId:             dc6e695d0153b084
Activity.TraceFlags:         Recorded
Activity.ActivitySourceName: Microsoft.AspNetCore
Activity.DisplayName:        POST api/Auth/validate-reset-token
Activity.Kind:               Server
Activity.StartTime:          2025-09-11T04:19:07.7085968Z
Activity.Duration:           00:00:00.0110450
Activity.Tags:
    server.address: localhost
    http.request.method: POST
    url.scheme: http
    url.path: /api/auth/validate-reset-token
    network.protocol.version: 1.1
    http.route: api/Auth/validate-reset-token
    http.response.status_code: 200
Resource associated with Activity:
    deployment.environment: Testing
    service.name: Crud.Api
    service.version: 1.0.0
    service.instance.id: 8958bff5-028e-43b0-8103-5553bc095d18
    telemetry.sdk.name: opentelemetry
    telemetry.sdk.language: dotnet
    telemetry.sdk.version: 1.8.1
[04:19:07 INF] Resetting database for worker 12015 {"SourceContext": "Infrastructure.Services.DatabaseTestService", "Application": "Crud.Api"}
[04:19:07 INF] Resetting database via file deletion for worker 12015 in CI environment {"SourceContext": "Infrastructure.Services.DatabaseTestService", "Application": "Crud.Api"}
[04:19:07 INF] Acquiring database mutex for worker 12015... {"SourceContext": "Infrastructure.Services.DatabaseTestService", "Application": "Crud.Api"}
[04:19:07 INF] Database mutex acquired for worker 12015 {"SourceContext": "Infrastructure.Services.DatabaseTestService", "Application": "Crud.Api"}
[04:19:07 INF] Current database state - CanConnect: True {"SourceContext": "Infrastructure.Services.DatabaseTestService", "Application": "Crud.Api"}
[04:19:07 INF] [Phase 0] Closing database connection for worker 12015... {"SourceContext": "Infrastructure.Services.DatabaseTestService", "Application": "Crud.Api"}
[04:19:07 INF] [Phase 0] Connection closed in 0.0005ms {"SourceContext": "Infrastructure.Services.DatabaseTestService", "Application": "Crud.Api"}
[04:19:07 INF] [Phase 1] Starting EnsureDeletedAsync for worker 12015... {"SourceContext": "Infrastructure.Services.DatabaseTestService", "Application": "Crud.Api"}
[04:19:07 INF] [Phase 1] EnsureDeletedAsync completed in 1.3336ms {"SourceContext": "Infrastructure.Services.DatabaseTestService", "Application": "Crud.Api"}
[04:19:07 INF] [Phase 2] Starting EnsureCreatedAsync for worker 12015... {"SourceContext": "Infrastructure.Services.DatabaseTestService", "Application": "Crud.Api"}
[04:19:07 INF] [Phase 2] EnsureCreatedAsync completed in 7.056ms {"SourceContext": "Infrastructure.Services.DatabaseTestService", "Application": "Crud.Api"}
[04:19:07 INF] [Phase 3] Skipping database seeding as requested for worker 12015 {"SourceContext": "Infrastructure.Services.DatabaseTestService", "Application": "Crud.Api"}
[04:19:07 INF] Database reset via file deletion completed for worker 12015 in 108.1462ms (Close: 0.0005ms, Delete: 1.3336ms, Create: 7.056ms) {"SourceContext": "Infrastructure.Services.DatabaseTestService", "Application": "Crud.Api"}
[04:19:07 INF] Releasing database mutex for worker 12015 {"SourceContext": "Infrastructure.Services.DatabaseTestService", "Application": "Crud.Api"}
[04:19:07 INF] Resetting database for worker 12015 {"SourceContext": "Infrastructure.Services.DatabaseTestService", "Application": "Crud.Api"}
[04:19:07 INF] Resetting database via file deletion for worker 12015 in CI environment {"SourceContext": "Infrastructure.Services.DatabaseTestService", "Application": "Crud.Api"}
[04:19:07 INF] Acquiring database mutex for worker 12015... {"SourceContext": "Infrastructure.Services.DatabaseTestService", "Application": "Crud.Api"}
[04:19:07 INF] Database mutex acquired for worker 12015 {"SourceContext": "Infrastructure.Services.DatabaseTestService", "Application": "Crud.Api"}
[04:19:07 INF] Current database state - CanConnect: True {"SourceContext": "Infrastructure.Services.DatabaseTestService", "Application": "Crud.Api"}
[04:19:07 INF] [Phase 0] Closing database connection for worker 12015... {"SourceContext": "Infrastructure.Services.DatabaseTestService", "Application": "Crud.Api"}
[04:19:07 INF] [Phase 0] Connection closed in 0.0006ms {"SourceContext": "Infrastructure.Services.DatabaseTestService", "Application": "Crud.Api"}
[04:19:07 INF] [Phase 1] Starting EnsureDeletedAsync for worker 12015... {"SourceContext": "Infrastructure.Services.DatabaseTestService", "Application": "Crud.Api"}
[04:19:07 INF] [Phase 1] EnsureDeletedAsync completed in 1.1118ms {"SourceContext": "Infrastructure.Services.DatabaseTestService", "Application": "Crud.Api"}
[04:19:07 INF] [Phase 2] Starting EnsureCreatedAsync for worker 12015... {"SourceContext": "Infrastructure.Services.DatabaseTestService", "Application": "Crud.Api"}
[04:19:07 INF] [Phase 2] EnsureCreatedAsync completed in 7.0821ms {"SourceContext": "Infrastructure.Services.DatabaseTestService", "Application": "Crud.Api"}
[04:19:07 INF] [Phase 3] Skipping database seeding as requested for worker 12015 {"SourceContext": "Infrastructure.Services.DatabaseTestService", "Application": "Crud.Api"}
[04:19:07 INF] Database reset via file deletion completed for worker 12015 in 107.8282ms (Close: 0.0006ms, Delete: 1.1118ms, Create: 7.0821ms) {"SourceContext": "Infrastructure.Services.DatabaseTestService", "Application": "Crud.Api"}
[04:19:07 INF] Releasing database mutex for worker 12015 {"SourceContext": "Infrastructure.Services.DatabaseTestService", "Application": "Crud.Api"}
[04:19:07 INF] Password reset requested from IP: unknown {"SourceContext": "Api.Controllers.AuthController", "ActionId": "15f53a82-803b-415e-8d13-6eb3842aa876", "ActionName": "Api.Controllers.AuthController.ForgotPassword (Api)", "RequestId": "0HNFGT8MUJPGL", "RequestPath": "/api/auth/forgot-password", "Application": "Crud.Api"}
[04:19:07 INF] Password reset requested for user: 9bd10aa9-90b5-4350-873e-63b35ce9512c {"SourceContext": "App.Features.Authentication.ForgotPasswordCommandHandler", "ActionId": "15f53a82-803b-415e-8d13-6eb3842aa876", "ActionName": "Api.Controllers.AuthController.ForgotPassword (Api)", "RequestId": "0HNFGT8MUJPGL", "RequestPath": "/api/auth/forgot-password", "Application": "Crud.Api"}
[04:19:08 INF] Password reset email sent (Mock Service - Not Actually Sent) {"SourceContext": "Infrastructure.Services.MockEmailService", "ActionId": "15f53a82-803b-415e-8d13-6eb3842aa876", "ActionName": "Api.Controllers.AuthController.ForgotPassword (Api)", "RequestId": "0HNFGT8MUJPGL", "RequestPath": "/api/auth/forgot-password", "Application": "Crud.Api"}
[04:19:08 DBG] Email Details - From: noreply@example.com, Subject: Password Reset Request {"SourceContext": "Infrastructure.Services.MockEmailService", "ActionId": "15f53a82-803b-415e-8d13-6eb3842aa876", "ActionName": "Api.Controllers.AuthController.ForgotPassword (Api)", "RequestId": "0HNFGT8MUJPGL", "RequestPath": "/api/auth/forgot-password", "Application": "Crud.Api"}
[04:19:08 INF] Password reset email sent successfully for user: 9bd10aa9-90b5-4350-873e-63b35ce9512c {"SourceContext": "App.Features.Authentication.ForgotPasswordCommandHandler", "ActionId": "15f53a82-803b-415e-8d13-6eb3842aa876", "ActionName": "Api.Controllers.AuthController.ForgotPassword (Api)", "RequestId": "0HNFGT8MUJPGL", "RequestPath": "/api/auth/forgot-password", "Application": "Crud.Api"}
Activity.TraceId:            db41e290d670a270156b8aaedcdcb292
Activity.SpanId:             603b5eed2fa68dc4
Activity.TraceFlags:         Recorded
Activity.ActivitySourceName: Microsoft.AspNetCore
Activity.DisplayName:        POST api/Auth/forgot-password
Activity.Kind:               Server
Activity.StartTime:          2025-09-11T04:19:07.9408204Z
Activity.Duration:           00:00:00.1014573
Activity.Tags:
    server.address: localhost
    http.request.method: POST
    url.scheme: http
    url.path: /api/auth/forgot-password
    network.protocol.version: 1.1
    http.route: api/Auth/forgot-password
    http.response.status_code: 200
Resource associated with Activity:
    deployment.environment: Testing
    service.name: Crud.Api
    service.version: 1.0.0
    service.instance.id: 8958bff5-028e-43b0-8103-5553bc095d18
    telemetry.sdk.name: opentelemetry
    telemetry.sdk.language: dotnet
    telemetry.sdk.version: 1.8.1
[04:19:08 INF] Token validation requested for token: chFa83PWY7*** {"SourceContext": "App.Features.Authentication.ValidateResetTokenQueryHandler", "ActionId": "ac572ebd-fba7-4a3d-ac5d-85dde11d5630", "ActionName": "Api.Controllers.AuthController.ValidateResetToken (Api)", "RequestId": "0HNFGT8MUJPGM", "RequestPath": "/api/auth/validate-reset-token", "Application": "Crud.Api"}
[04:19:08 INF] Token validation completed - Valid: True, Expired: False, Used: False {"SourceContext": "App.Features.Authentication.ValidateResetTokenQueryHandler", "ActionId": "ac572ebd-fba7-4a3d-ac5d-85dde11d5630", "ActionName": "Api.Controllers.AuthController.ValidateResetToken (Api)", "RequestId": "0HNFGT8MUJPGM", "RequestPath": "/api/auth/validate-reset-token", "Application": "Crud.Api"}
Activity.TraceId:            600a6bb04137c306abd7d24090955a8a
Activity.SpanId:             c4252406a6129851
Activity.TraceFlags:         Recorded
Activity.ActivitySourceName: Microsoft.AspNetCore
Activity.DisplayName:        POST api/Auth/validate-reset-token
Activity.Kind:               Server
Activity.StartTime:          2025-09-11T04:19:08.0430248Z
Activity.Duration:           00:00:00.0013679
Activity.Tags:
    server.address: localhost
    http.request.method: POST
    url.scheme: http
    url.path: /api/auth/validate-reset-token
    network.protocol.version: 1.1
    http.route: api/Auth/validate-reset-token
    http.response.status_code: 200
Resource associated with Activity:
    deployment.environment: Testing
    service.name: Crud.Api
    service.version: 1.0.0
    service.instance.id: 8958bff5-028e-43b0-8103-5553bc095d18
    telemetry.sdk.name: opentelemetry
    telemetry.sdk.language: dotnet
    telemetry.sdk.version: 1.8.1
[04:19:08 INF] Password reset attempt from IP: unknown {"SourceContext": "Api.Controllers.AuthController", "ActionId": "988736b1-0769-41da-b155-eebc89dc1be3", "ActionName": "Api.Controllers.AuthController.ResetPassword (Api)", "RequestId": "0HNFGT8MUJPGN", "RequestPath": "/api/auth/reset-password", "Application": "Crud.Api"}
[04:19:08 INF] Password reset successful for user: 9bd10aa9-90b5-4350-873e-63b35ce9512c, Email: test@example.com {"SourceContext": "App.Features.Authentication.ResetPasswordCommandHandler", "ActionId": "988736b1-0769-41da-b155-eebc89dc1be3", "ActionName": "Api.Controllers.AuthController.ResetPassword (Api)", "RequestId": "0HNFGT8MUJPGN", "RequestPath": "/api/auth/reset-password", "Application": "Crud.Api"}
Activity.TraceId:            c5087b6ee1d68c38e66f49823c77ed78
Activity.SpanId:             7565e7acda014af9
Activity.TraceFlags:         Recorded
Activity.ActivitySourceName: Microsoft.AspNetCore
Activity.DisplayName:        POST api/Auth/reset-password
Activity.Kind:               Server
Activity.StartTime:          2025-09-11T04:19:08.0445444Z
Activity.Duration:           00:00:00.3008981
Activity.Tags:
    server.address: localhost
    http.request.method: POST
    url.scheme: http
    url.path: /api/auth/reset-password
    network.protocol.version: 1.1
    http.route: api/Auth/reset-password
    http.response.status_code: 200
Resource associated with Activity:
    deployment.environment: Testing
    service.name: Crud.Api
    service.version: 1.0.0
    service.instance.id: 8958bff5-028e-43b0-8103-5553bc095d18
    telemetry.sdk.name: opentelemetry
    telemetry.sdk.language: dotnet
    telemetry.sdk.version: 1.8.1
[04:19:08 INF] Token validation requested for token: chFa83PWY7*** {"SourceContext": "App.Features.Authentication.ValidateResetTokenQueryHandler", "ActionId": "ac572ebd-fba7-4a3d-ac5d-85dde11d5630", "ActionName": "Api.Controllers.AuthController.ValidateResetToken (Api)", "RequestId": "0HNFGT8MUJPGO", "RequestPath": "/api/auth/validate-reset-token", "Application": "Crud.Api"}
[04:19:08 INF] Token validation completed - Valid: False, Expired: False, Used: True {"SourceContext": "App.Features.Authentication.ValidateResetTokenQueryHandler", "ActionId": "ac572ebd-fba7-4a3d-ac5d-85dde11d5630", "ActionName": "Api.Controllers.AuthController.ValidateResetToken (Api)", "RequestId": "0HNFGT8MUJPGO", "RequestPath": "/api/auth/validate-reset-token", "Application": "Crud.Api"}
Activity.TraceId:            8c5e8c68169debe12d079fb9e13223ba
Activity.SpanId:             f444f4e77a1de3df
Activity.TraceFlags:         Recorded
Activity.ActivitySourceName: Microsoft.AspNetCore
Activity.DisplayName:        POST api/Auth/validate-reset-token
Activity.Kind:               Server
Activity.StartTime:          2025-09-11T04:19:08.3455444Z
Activity.Duration:           00:00:00.0013753
Activity.Tags:
    server.address: localhost
    http.request.method: POST
    url.scheme: http
    url.path: /api/auth/validate-reset-token
    network.protocol.version: 1.1
    http.route: api/Auth/validate-reset-token
    http.response.status_code: 200
Resource associated with Activity:
    deployment.environment: Testing
    service.name: Crud.Api
    service.version: 1.0.0
    service.instance.id: 8958bff5-028e-43b0-8103-5553bc095d18
    telemetry.sdk.name: opentelemetry
    telemetry.sdk.language: dotnet
    telemetry.sdk.version: 1.8.1
[04:19:08 INF] Password reset attempt from IP: unknown {"SourceContext": "Api.Controllers.AuthController", "ActionId": "988736b1-0769-41da-b155-eebc89dc1be3", "ActionName": "Api.Controllers.AuthController.ResetPassword (Api)", "RequestId": "0HNFGT8MUJPGP", "RequestPath": "/api/auth/reset-password", "Application": "Crud.Api"}
[04:19:08 WRN] Password reset attempted with already used token for user: 9bd10aa9-90b5-4350-873e-63b35ce9512c {"SourceContext": "App.Features.Authentication.ResetPasswordCommandHandler", "ActionId": "988736b1-0769-41da-b155-eebc89dc1be3", "ActionName": "Api.Controllers.AuthController.ResetPassword (Api)", "RequestId": "0HNFGT8MUJPGP", "RequestPath": "/api/auth/reset-password", "Application": "Crud.Api"}
Activity.TraceId:            74da268a0166d08cf780d082d2c6ac38
Activity.SpanId:             bb78510a07ba4575
Activity.TraceFlags:         Recorded
Activity.ActivitySourceName: Microsoft.AspNetCore
Activity.DisplayName:        POST api/Auth/reset-password
Activity.Kind:               Server
Activity.StartTime:          2025-09-11T04:19:08.3470017Z
Activity.Duration:           00:00:00.0006915
Activity.Tags:
❌ POST /api/auth/reset-password failed:
    server.address: localhost
    http.request.method: POST
    url.scheme: http
    url.path: /api/auth/reset-password
    network.protocol.version: 1.1
    http.route: api/Auth/reset-password
    http.response.status_code: 400
Resource associated with Activity:
    deployment.environment: Testing
    service.name: Crud.Api
    service.version: 1.0.0
    service.instance.id: 8958bff5-028e-43b0-8103-5553bc095d18
    telemetry.sdk.name: opentelemetry
    telemetry.sdk.language: dotnet
    telemetry.sdk.version: 1.8.1
   Status: BadRequest (400)
   Reason: Bad Request
   Response Body: {"error":"This password reset link has already been used."}
   Content Headers: Content-Type=application/json; charset=utf-8
[04:19:08 INF] Resetting database for worker 12015 {"SourceContext": "Infrastructure.Services.DatabaseTestService", "Application": "Crud.Api"}
[04:19:08 INF] Resetting database via file deletion for worker 12015 in CI environment {"SourceContext": "Infrastructure.Services.DatabaseTestService", "Application": "Crud.Api"}
[04:19:08 INF] Acquiring database mutex for worker 12015... {"SourceContext": "Infrastructure.Services.DatabaseTestService", "Application": "Crud.Api"}
[04:19:08 INF] Database mutex acquired for worker 12015 {"SourceContext": "Infrastructure.Services.DatabaseTestService", "Application": "Crud.Api"}
[04:19:08 INF] Current database state - CanConnect: True {"SourceContext": "Infrastructure.Services.DatabaseTestService", "Application": "Crud.Api"}
[04:19:08 INF] [Phase 0] Closing database connection for worker 12015... {"SourceContext": "Infrastructure.Services.DatabaseTestService", "Application": "Crud.Api"}
[04:19:08 INF] [Phase 0] Connection closed in 0.0005ms {"SourceContext": "Infrastructure.Services.DatabaseTestService", "Application": "Crud.Api"}
[04:19:08 INF] [Phase 1] Starting EnsureDeletedAsync for worker 12015... {"SourceContext": "Infrastructure.Services.DatabaseTestService", "Application": "Crud.Api"}
[04:19:08 INF] [Phase 1] EnsureDeletedAsync completed in 1.3938ms {"SourceContext": "Infrastructure.Services.DatabaseTestService", "Application": "Crud.Api"}
[04:19:08 INF] [Phase 2] Starting EnsureCreatedAsync for worker 12015... {"SourceContext": "Infrastructure.Services.DatabaseTestService", "Application": "Crud.Api"}
[04:19:08 INF] [Phase 2] EnsureCreatedAsync completed in 7.4451ms {"SourceContext": "Infrastructure.Services.DatabaseTestService", "Application": "Crud.Api"}
[04:19:08 INF] [Phase 3] Skipping database seeding as requested for worker 12015 {"SourceContext": "Infrastructure.Services.DatabaseTestService", "Application": "Crud.Api"}
[04:19:08 INF] Database reset via file deletion completed for worker 12015 in 109.2009ms (Close: 0.0005ms, Delete: 1.3938ms, Create: 7.4451ms) {"SourceContext": "Infrastructure.Services.DatabaseTestService", "Application": "Crud.Api"}
[04:19:08 INF] Releasing database mutex for worker 12015 {"SourceContext": "Infrastructure.Services.DatabaseTestService", "Application": "Crud.Api"}
[04:19:08 INF] Resetting database for worker 12015 {"SourceContext": "Infrastructure.Services.DatabaseTestService", "Application": "Crud.Api"}
[04:19:08 INF] Resetting database via file deletion for worker 12015 in CI environment {"SourceContext": "Infrastructure.Services.DatabaseTestService", "Application": "Crud.Api"}
[04:19:08 INF] Acquiring database mutex for worker 12015... {"SourceContext": "Infrastructure.Services.DatabaseTestService", "Application": "Crud.Api"}
[04:19:08 INF] Database mutex acquired for worker 12015 {"SourceContext": "Infrastructure.Services.DatabaseTestService", "Application": "Crud.Api"}
[04:19:08 INF] Current database state - CanConnect: True {"SourceContext": "Infrastructure.Services.DatabaseTestService", "Application": "Crud.Api"}
[04:19:08 INF] [Phase 0] Closing database connection for worker 12015... {"SourceContext": "Infrastructure.Services.DatabaseTestService", "Application": "Crud.Api"}
[04:19:08 INF] [Phase 0] Connection closed in 0.0005ms {"SourceContext": "Infrastructure.Services.DatabaseTestService", "Application": "Crud.Api"}
[04:19:08 INF] [Phase 1] Starting EnsureDeletedAsync for worker 12015... {"SourceContext": "Infrastructure.Services.DatabaseTestService", "Application": "Crud.Api"}
[04:19:08 INF] [Phase 1] EnsureDeletedAsync completed in 1.1199ms {"SourceContext": "Infrastructure.Services.DatabaseTestService", "Application": "Crud.Api"}
[04:19:08 INF] [Phase 2] Starting EnsureCreatedAsync for worker 12015... {"SourceContext": "Infrastructure.Services.DatabaseTestService", "Application": "Crud.Api"}
[04:19:08 INF] [Phase 2] EnsureCreatedAsync completed in 7.3142ms {"SourceContext": "Infrastructure.Services.DatabaseTestService", "Application": "Crud.Api"}
[04:19:08 INF] [Phase 3] Skipping database seeding as requested for worker 12015 {"SourceContext": "Infrastructure.Services.DatabaseTestService", "Application": "Crud.Api"}
[04:19:08 INF] Database reset via file deletion completed for worker 12015 in 108.3326ms (Close: 0.0005ms, Delete: 1.1199ms, Create: 7.3142ms) {"SourceContext": "Infrastructure.Services.DatabaseTestService", "Application": "Crud.Api"}
[04:19:08 INF] Releasing database mutex for worker 12015 {"SourceContext": "Infrastructure.Services.DatabaseTestService", "Application": "Crud.Api"}
[04:19:08 INF] Password reset requested from IP: unknown {"SourceContext": "Api.Controllers.AuthController", "ActionId": "15f53a82-803b-415e-8d13-6eb3842aa876", "ActionName": "Api.Controllers.AuthController.ForgotPassword (Api)", "RequestId": "0HNFGT8MUJPGQ", "RequestPath": "/api/auth/forgot-password", "Application": "Crud.Api"}
[04:19:08 INF] Password reset requested for user: 4f54110c-b989-4ea0-aad6-7a7a3bfe5aac {"SourceContext": "App.Features.Authentication.ForgotPasswordCommandHandler", "ActionId": "15f53a82-803b-415e-8d13-6eb3842aa876", "ActionName": "Api.Controllers.AuthController.ForgotPassword (Api)", "RequestId": "0HNFGT8MUJPGQ", "RequestPath": "/api/auth/forgot-password", "Application": "Crud.Api"}
[04:19:08 INF] Password reset email sent (Mock Service - Not Actually Sent) {"SourceContext": "Infrastructure.Services.MockEmailService", "ActionId": "15f53a82-803b-415e-8d13-6eb3842aa876", "ActionName": "Api.Controllers.AuthController.ForgotPassword (Api)", "RequestId": "0HNFGT8MUJPGQ", "RequestPath": "/api/auth/forgot-password", "Application": "Crud.Api"}
[04:19:08 DBG] Email Details - From: noreply@example.com, Subject: Password Reset Request {"SourceContext": "Infrastructure.Services.MockEmailService", "ActionId": "15f53a82-803b-415e-8d13-6eb3842aa876", "ActionName": "Api.Controllers.AuthController.ForgotPassword (Api)", "RequestId": "0HNFGT8MUJPGQ", "RequestPath": "/api/auth/forgot-password", "Application": "Crud.Api"}
[04:19:08 INF] Password reset email sent successfully for user: 4f54110c-b989-4ea0-aad6-7a7a3bfe5aac {"SourceContext": "App.Features.Authentication.ForgotPasswordCommandHandler", "ActionId": "15f53a82-803b-415e-8d13-6eb3842aa876", "ActionName": "Api.Controllers.AuthController.ForgotPassword (Api)", "RequestId": "0HNFGT8MUJPGQ", "RequestPath": "/api/auth/forgot-password", "Application": "Crud.Api"}
Activity.TraceId:            23974234524cd93d463d38a5b8ece0c5
Activity.SpanId:             183e4941be0f39c9
Activity.TraceFlags:         Recorded
Activity.ActivitySourceName: Microsoft.AspNetCore
Activity.DisplayName:        POST api/Auth/forgot-password
Activity.Kind:               Server
Activity.StartTime:          2025-09-11T04:19:08.5705127Z
Activity.Duration:           00:00:00.1013943
Activity.Tags:
    server.address: localhost
    http.request.method: POST
    url.scheme: http
    url.path: /api/auth/forgot-password
    network.protocol.version: 1.1
    http.route: api/Auth/forgot-password
    http.response.status_code: 200
Resource associated with Activity:
    deployment.environment: Testing
    service.name: Crud.Api
    service.version: 1.0.0
    service.instance.id: 8958bff5-028e-43b0-8103-5553bc095d18
    telemetry.sdk.name: opentelemetry
    telemetry.sdk.language: dotnet
    telemetry.sdk.version: 1.8.1
[04:19:08 INF] Token validation requested for token: thnXv63vLL*** {"SourceContext": "App.Features.Authentication.ValidateResetTokenQueryHandler", "ActionId": "ac572ebd-fba7-4a3d-ac5d-85dde11d5630", "ActionName": "Api.Controllers.AuthController.ValidateResetToken (Api)", "RequestId": "0HNFGT8MUJPGR", "RequestPath": "/api/auth/validate-reset-token", "Application": "Crud.Api"}
[04:19:08 INF] Token validation completed - Valid: True, Expired: False, Used: False {"SourceContext": "App.Features.Authentication.ValidateResetTokenQueryHandler", "ActionId": "ac572ebd-fba7-4a3d-ac5d-85dde11d5630", "ActionName": "Api.Controllers.AuthController.ValidateResetToken (Api)", "RequestId": "0HNFGT8MUJPGR", "RequestPath": "/api/auth/validate-reset-token", "Application": "Crud.Api"}
Activity.TraceId:            671c223e54ec3c27605c0ecd6f4f1325
Activity.SpanId:             c9df769f7f351c20
Activity.TraceFlags:         Recorded
Activity.ActivitySourceName: Microsoft.AspNetCore
Activity.DisplayName:        POST api/Auth/validate-reset-token
Activity.Kind:               Server
Activity.StartTime:          2025-09-11T04:19:08.6729080Z
Activity.Duration:           00:00:00.0006453
Activity.Tags:
    server.address: localhost
    http.request.method: POST
    url.scheme: http
    url.path: /api/auth/validate-reset-token
    network.protocol.version: 1.1
    http.route: api/Auth/validate-reset-token
    http.response.status_code: 200
Resource associated with Activity:
    deployment.environment: Testing
    service.name: Crud.Api
    service.version: 1.0.0
    service.instance.id: 8958bff5-028e-43b0-8103-5553bc095d18
    telemetry.sdk.name: opentelemetry
    telemetry.sdk.language: dotnet
    telemetry.sdk.version: 1.8.1
[04:19:08 INF] Resetting database for worker 12015 {"SourceContext": "Infrastructure.Services.DatabaseTestService", "Application": "Crud.Api"}
[04:19:08 INF] Resetting database via file deletion for worker 12015 in CI environment {"SourceContext": "Infrastructure.Services.DatabaseTestService", "Application": "Crud.Api"}
[04:19:08 INF] Acquiring database mutex for worker 12015... {"SourceContext": "Infrastructure.Services.DatabaseTestService", "Application": "Crud.Api"}
[04:19:08 INF] Database mutex acquired for worker 12015 {"SourceContext": "Infrastructure.Services.DatabaseTestService", "Application": "Crud.Api"}
[04:19:08 INF] Current database state - CanConnect: True {"SourceContext": "Infrastructure.Services.DatabaseTestService", "Application": "Crud.Api"}
[04:19:08 INF] [Phase 0] Closing database connection for worker 12015... {"SourceContext": "Infrastructure.Services.DatabaseTestService", "Application": "Crud.Api"}
[04:19:08 INF] [Phase 0] Connection closed in 0.0006ms {"SourceContext": "Infrastructure.Services.DatabaseTestService", "Application": "Crud.Api"}
[04:19:08 INF] [Phase 1] Starting EnsureDeletedAsync for worker 12015... {"SourceContext": "Infrastructure.Services.DatabaseTestService", "Application": "Crud.Api"}
[04:19:08 INF] [Phase 1] EnsureDeletedAsync completed in 1.3744ms {"SourceContext": "Infrastructure.Services.DatabaseTestService", "Application": "Crud.Api"}
[04:19:08 INF] [Phase 2] Starting EnsureCreatedAsync for worker 12015... {"SourceContext": "Infrastructure.Services.DatabaseTestService", "Application": "Crud.Api"}
[04:19:08 INF] [Phase 2] EnsureCreatedAsync completed in 7.1119ms {"SourceContext": "Infrastructure.Services.DatabaseTestService", "Application": "Crud.Api"}
[04:19:08 INF] [Phase 3] Skipping database seeding as requested for worker 12015 {"SourceContext": "Infrastructure.Services.DatabaseTestService", "Application": "Crud.Api"}
[04:19:08 INF] Database reset via file deletion completed for worker 12015 in 109.0894ms (Close: 0.0006ms, Delete: 1.3744ms, Create: 7.1119ms) {"SourceContext": "Infrastructure.Services.DatabaseTestService", "Application": "Crud.Api"}
[04:19:08 INF] Releasing database mutex for worker 12015 {"SourceContext": "Infrastructure.Services.DatabaseTestService", "Application": "Crud.Api"}
[04:19:08 INF] Resetting database for worker 12015 {"SourceContext": "Infrastructure.Services.DatabaseTestService", "Application": "Crud.Api"}
[04:19:08 INF] Resetting database via file deletion for worker 12015 in CI environment {"SourceContext": "Infrastructure.Services.DatabaseTestService", "Application": "Crud.Api"}
[04:19:08 INF] Acquiring database mutex for worker 12015... {"SourceContext": "Infrastructure.Services.DatabaseTestService", "Application": "Crud.Api"}
[04:19:08 INF] Database mutex acquired for worker 12015 {"SourceContext": "Infrastructure.Services.DatabaseTestService", "Application": "Crud.Api"}
[04:19:08 INF] Current database state - CanConnect: True {"SourceContext": "Infrastructure.Services.DatabaseTestService", "Application": "Crud.Api"}
[04:19:08 INF] [Phase 0] Closing database connection for worker 12015... {"SourceContext": "Infrastructure.Services.DatabaseTestService", "Application": "Crud.Api"}
[04:19:08 INF] [Phase 0] Connection closed in 0.0005ms {"SourceContext": "Infrastructure.Services.DatabaseTestService", "Application": "Crud.Api"}
[04:19:08 INF] [Phase 1] Starting EnsureDeletedAsync for worker 12015... {"SourceContext": "Infrastructure.Services.DatabaseTestService", "Application": "Crud.Api"}
[04:19:08 INF] [Phase 1] EnsureDeletedAsync completed in 1.0665ms {"SourceContext": "Infrastructure.Services.DatabaseTestService", "Application": "Crud.Api"}
[04:19:08 INF] [Phase 2] Starting EnsureCreatedAsync for worker 12015... {"SourceContext": "Infrastructure.Services.DatabaseTestService", "Application": "Crud.Api"}
[04:19:08 INF] [Phase 2] EnsureCreatedAsync completed in 8.8461ms {"SourceContext": "Infrastructure.Services.DatabaseTestService", "Application": "Crud.Api"}
[04:19:08 INF] [Phase 3] Skipping database seeding as requested for worker 12015 {"SourceContext": "Infrastructure.Services.DatabaseTestService", "Application": "Crud.Api"}
[04:19:08 INF] Database reset via file deletion completed for worker 12015 in 109.9365ms (Close: 0.0005ms, Delete: 1.0665ms, Create: 8.8461ms) {"SourceContext": "Infrastructure.Services.DatabaseTestService", "Application": "Crud.Api"}
[04:19:08 INF] Releasing database mutex for worker 12015 {"SourceContext": "Infrastructure.Services.DatabaseTestService", "Application": "Crud.Api"}
[04:19:08 INF] Password reset attempt from IP: unknown {"SourceContext": "Api.Controllers.AuthController", "ActionId": "988736b1-0769-41da-b155-eebc89dc1be3", "ActionName": "Api.Controllers.AuthController.ResetPassword (Api)", "RequestId": "0HNFGT8MUJPGS", "RequestPath": "/api/auth/reset-password", "Application": "Crud.Api"}
[04:19:08 WRN] Password reset attempted with invalid token {"SourceContext": "App.Features.Authentication.ResetPasswordCommandHandler", "ActionId": "988736b1-0769-41da-b155-eebc89dc1be3", "ActionName": "Api.Controllers.AuthController.ResetPassword (Api)", "RequestId": "0HNFGT8MUJPGS", "RequestPath": "/api/auth/reset-password", "Application": "Crud.Api"}
Activity.TraceId:            74e14a66b7114ad4a78fab342908c565
Activity.SpanId:             740c2992cd3ef469
Activity.TraceFlags:         Recorded
Activity.ActivitySourceName: Microsoft.AspNetCore
Activity.DisplayName:        POST api/Auth/reset-password
Activity.Kind:               Server
❌ POST /api/auth/reset-password failed:
Activity.StartTime:          2025-09-11T04:19:08.8959212Z
Activity.Duration:           00:00:00.0006770
Activity.Tags:
    server.address: localhost
    http.request.method: POST
    url.scheme: http
    url.path: /api/auth/reset-password
    network.protocol.version: 1.1
    http.route: api/Auth/reset-password
    http.response.status_code: 400
Resource associated with Activity:
    deployment.environment: Testing
    service.name: Crud.Api
    service.version: 1.0.0
    service.instance.id: 8958bff5-028e-43b0-8103-5553bc095d18
    telemetry.sdk.name: opentelemetry
    telemetry.sdk.language: dotnet
    telemetry.sdk.version: 1.8.1
   Status: BadRequest (400)
   Reason: Bad Request
   Response Body: {"error":"Invalid or expired password reset link."}
   Content Headers: Content-Type=application/json; charset=utf-8
[04:19:08 INF] Resetting database for worker 12015 {"SourceContext": "Infrastructure.Services.DatabaseTestService", "Application": "Crud.Api"}
[04:19:08 INF] Resetting database via file deletion for worker 12015 in CI environment {"SourceContext": "Infrastructure.Services.DatabaseTestService", "Application": "Crud.Api"}
[04:19:08 INF] Acquiring database mutex for worker 12015... {"SourceContext": "Infrastructure.Services.DatabaseTestService", "Application": "Crud.Api"}
[04:19:08 INF] Database mutex acquired for worker 12015 {"SourceContext": "Infrastructure.Services.DatabaseTestService", "Application": "Crud.Api"}
[04:19:08 INF] Current database state - CanConnect: True {"SourceContext": "Infrastructure.Services.DatabaseTestService", "Application": "Crud.Api"}
[04:19:08 INF] [Phase 0] Closing database connection for worker 12015... {"SourceContext": "Infrastructure.Services.DatabaseTestService", "Application": "Crud.Api"}
[04:19:08 INF] [Phase 0] Connection closed in 0.0005ms {"SourceContext": "Infrastructure.Services.DatabaseTestService", "Application": "Crud.Api"}
[04:19:08 INF] [Phase 1] Starting EnsureDeletedAsync for worker 12015... {"SourceContext": "Infrastructure.Services.DatabaseTestService", "Application": "Crud.Api"}
[04:19:08 INF] [Phase 1] EnsureDeletedAsync completed in 1.2451ms {"SourceContext": "Infrastructure.Services.DatabaseTestService", "Application": "Crud.Api"}
[04:19:08 INF] [Phase 2] Starting EnsureCreatedAsync for worker 12015... {"SourceContext": "Infrastructure.Services.DatabaseTestService", "Application": "Crud.Api"}
[04:19:09 INF] [Phase 2] EnsureCreatedAsync completed in 6.7803ms {"SourceContext": "Infrastructure.Services.DatabaseTestService", "Application": "Crud.Api"}
[04:19:09 INF] [Phase 3] Skipping database seeding as requested for worker 12015 {"SourceContext": "Infrastructure.Services.DatabaseTestService", "Application": "Crud.Api"}
[04:19:09 INF] Database reset via file deletion completed for worker 12015 in 107.7399ms (Close: 0.0005ms, Delete: 1.2451ms, Create: 6.7803ms) {"SourceContext": "Infrastructure.Services.DatabaseTestService", "Application": "Crud.Api"}
[04:19:09 INF] Releasing database mutex for worker 12015 {"SourceContext": "Infrastructure.Services.DatabaseTestService", "Application": "Crud.Api"}
[04:19:09 INF] Resetting database for worker 12015 {"SourceContext": "Infrastructure.Services.DatabaseTestService", "Application": "Crud.Api"}
[04:19:09 INF] Resetting database via file deletion for worker 12015 in CI environment {"SourceContext": "Infrastructure.Services.DatabaseTestService", "Application": "Crud.Api"}
[04:19:09 INF] Acquiring database mutex for worker 12015... {"SourceContext": "Infrastructure.Services.DatabaseTestService", "Application": "Crud.Api"}
[04:19:09 INF] Database mutex acquired for worker 12015 {"SourceContext": "Infrastructure.Services.DatabaseTestService", "Application": "Crud.Api"}
[04:19:09 INF] Current database state - CanConnect: True {"SourceContext": "Infrastructure.Services.DatabaseTestService", "Application": "Crud.Api"}
[04:19:09 INF] [Phase 0] Closing database connection for worker 12015... {"SourceContext": "Infrastructure.Services.DatabaseTestService", "Application": "Crud.Api"}
[04:19:09 INF] [Phase 0] Connection closed in 0.0006ms {"SourceContext": "Infrastructure.Services.DatabaseTestService", "Application": "Crud.Api"}
[04:19:09 INF] [Phase 1] Starting EnsureDeletedAsync for worker 12015... {"SourceContext": "Infrastructure.Services.DatabaseTestService", "Application": "Crud.Api"}
[04:19:09 INF] [Phase 1] EnsureDeletedAsync completed in 1.1566ms {"SourceContext": "Infrastructure.Services.DatabaseTestService", "Application": "Crud.Api"}
[04:19:09 INF] [Phase 2] Starting EnsureCreatedAsync for worker 12015... {"SourceContext": "Infrastructure.Services.DatabaseTestService", "Application": "Crud.Api"}
[04:19:09 INF] [Phase 2] EnsureCreatedAsync completed in 7.2279ms {"SourceContext": "Infrastructure.Services.DatabaseTestService", "Application": "Crud.Api"}
[04:19:09 INF] [Phase 3] Skipping database seeding as requested for worker 12015 {"SourceContext": "Infrastructure.Services.DatabaseTestService", "Application": "Crud.Api"}
[04:19:09 INF] Database reset via file deletion completed for worker 12015 in 108.6651ms (Close: 0.0006ms, Delete: 1.1566ms, Create: 7.2279ms) {"SourceContext": "Infrastructure.Services.DatabaseTestService", "Application": "Crud.Api"}
[04:19:09 INF] Releasing database mutex for worker 12015 {"SourceContext": "Infrastructure.Services.DatabaseTestService", "Application": "Crud.Api"}
[04:19:09 INF] Password reset requested from IP: unknown {"SourceContext": "Api.Controllers.AuthController", "ActionId": "15f53a82-803b-415e-8d13-6eb3842aa876", "ActionName": "Api.Controllers.AuthController.ForgotPassword (Api)", "RequestId": "0HNFGT8MUJPGT", "RequestPath": "/api/auth/forgot-password", "Application": "Crud.Api"}
[04:19:09 INF] Password reset requested for user: a57b7c72-8ded-47b3-857f-c5b3868ddb87 {"SourceContext": "App.Features.Authentication.ForgotPasswordCommandHandler", "ActionId": "15f53a82-803b-415e-8d13-6eb3842aa876", "ActionName": "Api.Controllers.AuthController.ForgotPassword (Api)", "RequestId": "0HNFGT8MUJPGT", "RequestPath": "/api/auth/forgot-password", "Application": "Crud.Api"}
[04:19:09 INF] Password reset email sent (Mock Service - Not Actually Sent) {"SourceContext": "Infrastructure.Services.MockEmailService", "ActionId": "15f53a82-803b-415e-8d13-6eb3842aa876", "ActionName": "Api.Controllers.AuthController.ForgotPassword (Api)", "RequestId": "0HNFGT8MUJPGT", "RequestPath": "/api/auth/forgot-password", "Application": "Crud.Api"}
[04:19:09 DBG] Email Details - From: noreply@example.com, Subject: Password Reset Request {"SourceContext": "Infrastructure.Services.MockEmailService", "ActionId": "15f53a82-803b-415e-8d13-6eb3842aa876", "ActionName": "Api.Controllers.AuthController.ForgotPassword (Api)", "RequestId": "0HNFGT8MUJPGT", "RequestPath": "/api/auth/forgot-password", "Application": "Crud.Api"}
[04:19:09 INF] Password reset email sent successfully for user: a57b7c72-8ded-47b3-857f-c5b3868ddb87 {"SourceContext": "App.Features.Authentication.ForgotPasswordCommandHandler", "ActionId": "15f53a82-803b-415e-8d13-6eb3842aa876", "ActionName": "Api.Controllers.AuthController.ForgotPassword (Api)", "RequestId": "0HNFGT8MUJPGT", "RequestPath": "/api/auth/forgot-password", "Application": "Crud.Api"}
Activity.TraceId:            911c4a7810e307d4596d00e57b7774ed
Activity.SpanId:             a2ee5d9cfbde4325
Activity.TraceFlags:         Recorded
Activity.ActivitySourceName: Microsoft.AspNetCore
Activity.DisplayName:        POST api/Auth/forgot-password
Activity.Kind:               Server
Activity.StartTime:          2025-09-11T04:19:09.1172816Z
Activity.Duration:           00:00:00.1010295
Activity.Tags:
    server.address: localhost
    http.request.method: POST
    url.scheme: http
    url.path: /api/auth/forgot-password
    network.protocol.version: 1.1
    http.route: api/Auth/forgot-password
    http.response.status_code: 200
Resource associated with Activity:
    deployment.environment: Testing
    service.name: Crud.Api
    service.version: 1.0.0
    service.instance.id: 8958bff5-028e-43b0-8103-5553bc095d18
    telemetry.sdk.name: opentelemetry
    telemetry.sdk.language: dotnet
    telemetry.sdk.version: 1.8.1
[04:19:09 INF] Resetting database for worker 12015 {"SourceContext": "Infrastructure.Services.DatabaseTestService", "Application": "Crud.Api"}
[04:19:09 INF] Resetting database via file deletion for worker 12015 in CI environment {"SourceContext": "Infrastructure.Services.DatabaseTestService", "Application": "Crud.Api"}
[04:19:09 INF] Acquiring database mutex for worker 12015... {"SourceContext": "Infrastructure.Services.DatabaseTestService", "Application": "Crud.Api"}
[04:19:09 INF] Database mutex acquired for worker 12015 {"SourceContext": "Infrastructure.Services.DatabaseTestService", "Application": "Crud.Api"}
[04:19:09 INF] Current database state - CanConnect: True {"SourceContext": "Infrastructure.Services.DatabaseTestService", "Application": "Crud.Api"}
[04:19:09 INF] [Phase 0] Closing database connection for worker 12015... {"SourceContext": "Infrastructure.Services.DatabaseTestService", "Application": "Crud.Api"}
[04:19:09 INF] [Phase 0] Connection closed in 0.0005ms {"SourceContext": "Infrastructure.Services.DatabaseTestService", "Application": "Crud.Api"}
[04:19:09 INF] [Phase 1] Starting EnsureDeletedAsync for worker 12015... {"SourceContext": "Infrastructure.Services.DatabaseTestService", "Application": "Crud.Api"}
[04:19:09 INF] [Phase 1] EnsureDeletedAsync completed in 1.2429ms {"SourceContext": "Infrastructure.Services.DatabaseTestService", "Application": "Crud.Api"}
[04:19:09 INF] [Phase 2] Starting EnsureCreatedAsync for worker 12015... {"SourceContext": "Infrastructure.Services.DatabaseTestService", "Application": "Crud.Api"}
[04:19:09 INF] [Phase 2] EnsureCreatedAsync completed in 6.9134ms {"SourceContext": "Infrastructure.Services.DatabaseTestService", "Application": "Crud.Api"}
[04:19:09 INF] [Phase 3] Skipping database seeding as requested for worker 12015 {"SourceContext": "Infrastructure.Services.DatabaseTestService", "Application": "Crud.Api"}
[04:19:09 INF] Database reset via file deletion completed for worker 12015 in 107.3976ms (Close: 0.0005ms, Delete: 1.2429ms, Create: 6.9134ms) {"SourceContext": "Infrastructure.Services.DatabaseTestService", "Application": "Crud.Api"}
[04:19:09 INF] Releasing database mutex for worker 12015 {"SourceContext": "Infrastructure.Services.DatabaseTestService", "Application": "Crud.Api"}
Resource associated with Metric:
    deployment.environment: Testing
    service.name: Crud.Api
    service.version: 1.0.0
    service.instance.id: 8958bff5-028e-43b0-8103-5553bc095d18
    telemetry.sdk.name: opentelemetry
    telemetry.sdk.language: dotnet
    telemetry.sdk.version: 1.8.1
Metric Name: http.server.active_requests, Number of active HTTP server requests., Unit: {request}, Meter: Microsoft.AspNetCore.Hosting
(2025-09-11T04:19:06.0847857Z, 2025-09-11T04:19:09.3276555Z] http.request.method: POST url.scheme: http LongSumNonMonotonic
Value: 0
Metric Name: http.server.request.duration, Duration of HTTP server requests., Unit: s, Meter: Microsoft.AspNetCore.Hosting
(2025-09-11T04:19:06.0848021Z, 2025-09-11T04:19:09.3276568Z] http.request.method: POST http.response.status_code: 200 http.route: api/Auth/forgot-password network.protocol.version: 1.1 url.scheme: http Histogram
Value: Sum: 0.5472328000000001 Count: 6 Min: 0.0029723 Max: 0.1385985 
(-Infinity,0.005]:1
(0.005,0.01]:0
(0.01,0.025]:0
(0.025,0.05]:0
(0.05,0.075]:0
(0.075,0.1]:0
(0.1,0.25]:5
(0.25,0.5]:0
(0.5,0.75]:0
(0.75,1]:0
(1,2.5]:0
(2.5,5]:0
(5,7.5]:0
(7.5,10]:0
(10,+Infinity]:0
(2025-09-11T04:19:06.0848021Z, 2025-09-11T04:19:09.3276568Z] http.request.method: POST http.response.status_code: 400 http.route: api/Auth/reset-password network.protocol.version: 1.1 url.scheme: http Histogram
Value: Sum: 0.0095868 Count: 3 Min: 0.0006784 Max: 0.0082186 
(-Infinity,0.005]:2
(0.005,0.01]:1
(0.01,0.025]:0
(0.025,0.05]:0
(0.05,0.075]:0
(0.075,0.1]:0
(0.1,0.25]:0
(0.25,0.5]:0
(0.5,0.75]:0
(0.75,1]:0
(1,2.5]:0
(2.5,5]:0
(5,7.5]:0
(7.5,10]:0
(10,+Infinity]:0
(2025-09-11T04:19:06.0848021Z, 2025-09-11T04:19:09.3276568Z] http.request.method: POST http.response.status_code: 400 http.route: api/Auth/forgot-password network.protocol.version: 1.1 url.scheme: http Histogram
Value: Sum: 0.0023922 Count: 1 Min: 0.0023922 Max: 0.0023922 
(-Infinity,0.005]:1
(0.005,0.01]:0
(0.01,0.025]:0
(0.025,0.05]:0
(0.05,0.075]:0
(0.075,0.1]:0
(0.1,0.25]:0
(0.25,0.5]:0
(0.5,0.75]:0
(0.75,1]:0
(1,2.5]:0
(2.5,5]:0
(5,7.5]:0
(7.5,10]:0
(10,+Infinity]:0
(2025-09-11T04:19:06.0848021Z, 2025-09-11T04:19:09.3276568Z] http.request.method: POST http.response.status_code: 200 http.route: api/Auth/reset-password network.protocol.version: 1.1 url.scheme: http Histogram
Value: Sum: 0.6241722999999999 Count: 2 Min: 0.3008934 Max: 0.3232789 
(-Infinity,0.005]:0
(0.005,0.01]:0
(0.01,0.025]:0
(0.025,0.05]:0
(0.05,0.075]:0
(0.075,0.1]:0
(0.1,0.25]:0
(0.25,0.5]:2
(0.5,0.75]:0
(0.75,1]:0
(1,2.5]:0
(2.5,5]:0
(5,7.5]:0
(7.5,10]:0
(10,+Infinity]:0
(2025-09-11T04:19:06.0848021Z, 2025-09-11T04:19:09.3276568Z] http.request.method: POST http.response.status_code: 200 http.route: api/Auth/validate-reset-token network.protocol.version: 1.1 url.scheme: http Histogram
Value: Sum: 0.0144251 Count: 4 Min: 0.0006438 Max: 0.0110404 
(-Infinity,0.005]:3
(0.005,0.01]:0
(0.01,0.025]:1
(0.025,0.05]:0
(0.05,0.075]:0
(0.075,0.1]:0
(0.1,0.25]:0
(0.25,0.5]:0
(0.5,0.75]:0
(0.75,1]:0
(1,2.5]:0
(2.5,5]:0
(5,7.5]:0
(7.5,10]:0
(10,+Infinity]:0
Metric Name: aspnetcore.rate_limiting.active_request_leases, Number of HTTP requests that are currently active on the server that hold a rate limiting lease., Unit: {request}, Meter: Microsoft.AspNetCore.RateLimiting
(2025-09-11T04:19:06.0865849Z, 2025-09-11T04:19:09.3276572Z] LongSumNonMonotonic
Value: 0
(2025-09-11T04:19:06.0865849Z, 2025-09-11T04:19:09.3276572Z] aspnetcore.rate_limiting.policy: PasswordReset LongSumNonMonotonic
Value: 0
Metric Name: aspnetcore.rate_limiting.request_lease.duration, The duration of rate limiting leases held by HTTP requests on the server., Unit: s, Meter: Microsoft.AspNetCore.RateLimiting
(2025-09-11T04:19:06.0866023Z, 2025-09-11T04:19:09.3276575Z] Histogram
Value: Sum: 0.0141401 Count: 4 Min: 0.0005853 Max: 0.0109305 
(-Infinity,0.005]:3
(0.005,0.01]:0
(0.01,0.025]:1
(0.025,0.05]:0
(0.05,0.075]:0
(0.075,0.1]:0
(0.1,0.25]:0
(0.25,0.5]:0
(0.5,0.75]:0
(0.75,1]:0
(1,2.5]:0
(2.5,5]:0
(5,7.5]:0
(7.5,10]:0
(10,+Infinity]:0
(2025-09-11T04:19:06.0866023Z, 2025-09-11T04:19:09.3276575Z] aspnetcore.rate_limiting.policy: PasswordReset Histogram
Value: Sum: 1.1794175 Count: 12 Min: 0.0006061 Max: 0.3232055 
(-Infinity,0.005]:4
(0.005,0.01]:1
(0.01,0.025]:0
(0.025,0.05]:0
(0.05,0.075]:0
(0.075,0.1]:0
(0.1,0.25]:5
(0.25,0.5]:2
(0.5,0.75]:0
(0.75,1]:0
(1,2.5]:0
(2.5,5]:0
(5,7.5]:0
(7.5,10]:0
(10,+Infinity]:0
Metric Name: aspnetcore.rate_limiting.requests, Number of requests that tried to acquire a rate limiting lease. Requests could be rejected by global or endpoint rate limiting policies. Or the request could be canceled while waiting for the lease., Unit: {request}, Meter: Microsoft.AspNetCore.RateLimiting
(2025-09-11T04:19:06.0866382Z, 2025-09-11T04:19:09.3276589Z] aspnetcore.rate_limiting.policy: PasswordReset aspnetcore.rate_limiting.result: acquired LongSum
Value: 12
(2025-09-11T04:19:06.0866382Z, 2025-09-11T04:19:09.3276589Z] aspnetcore.rate_limiting.result: acquired LongSum
Value: 4
Metric Name: aspnetcore.routing.match_attempts, Number of requests that were attempted to be matched to an endpoint., Unit: {match_attempt}, Meter: Microsoft.AspNetCore.Routing
(2025-09-11T04:19:06.0874168Z, 2025-09-11T04:19:09.3276592Z] aspnetcore.routing.is_fallback: false aspnetcore.routing.match_status: success http.route: api/Auth/forgot-password LongSum
Value: 7
(2025-09-11T04:19:06.0874168Z, 2025-09-11T04:19:09.3276592Z] aspnetcore.routing.is_fallback: false aspnetcore.routing.match_status: success http.route: api/Auth/reset-password LongSum
Value: 5
(2025-09-11T04:19:06.0874168Z, 2025-09-11T04:19:09.3276592Z] aspnetcore.routing.is_fallback: false aspnetcore.routing.match_status: success http.route: api/Auth/validate-reset-token LongSum
Value: 4
[04:19:09 INF] Starting Crud API application {"Application": "Crud.Api"}
[04:19:09 INF] Using SQLite provider with connection: Data Source=TestDatabase.db {"Application": "Crud.Api"}
[04:19:09 INF] Database ensured successfully {"Application": "Crud.Api"}
[04:19:09 INF] Application configured successfully. Starting web host... {"Application": "Crud.Api"}
[04:19:09 INF] Resetting database for worker 12970 {"SourceContext": "Infrastructure.Services.DatabaseTestService", "Application": "Crud.Api"}
[04:19:09 INF] Resetting database via file deletion for worker 12970 in CI environment {"SourceContext": "Infrastructure.Services.DatabaseTestService", "Application": "Crud.Api"}
[04:19:09 INF] Acquiring database mutex for worker 12970... {"SourceContext": "Infrastructure.Services.DatabaseTestService", "Application": "Crud.Api"}
[04:19:09 INF] Database mutex acquired for worker 12970 {"SourceContext": "Infrastructure.Services.DatabaseTestService", "Application": "Crud.Api"}
[04:19:09 INF] Current database state - CanConnect: True {"SourceContext": "Infrastructure.Services.DatabaseTestService", "Application": "Crud.Api"}
[04:19:09 INF] [Phase 0] Closing database connection for worker 12970... {"SourceContext": "Infrastructure.Services.DatabaseTestService", "Application": "Crud.Api"}
[04:19:09 INF] [Phase 0] Connection closed in 0.0006ms {"SourceContext": "Infrastructure.Services.DatabaseTestService", "Application": "Crud.Api"}
[04:19:09 INF] [Phase 1] Starting EnsureDeletedAsync for worker 12970... {"SourceContext": "Infrastructure.Services.DatabaseTestService", "Application": "Crud.Api"}
[04:19:09 INF] [Phase 1] EnsureDeletedAsync completed in 1.4097ms {"SourceContext": "Infrastructure.Services.DatabaseTestService", "Application": "Crud.Api"}
[04:19:09 INF] [Phase 2] Starting EnsureCreatedAsync for worker 12970... {"SourceContext": "Infrastructure.Services.DatabaseTestService", "Application": "Crud.Api"}
[04:19:09 INF] [Phase 2] EnsureCreatedAsync completed in 7.7838ms {"SourceContext": "Infrastructure.Services.DatabaseTestService", "Application": "Crud.Api"}
[04:19:09 INF] [Phase 3] Skipping database seeding as requested for worker 12970 {"SourceContext": "Infrastructure.Services.DatabaseTestService", "Application": "Crud.Api"}
[04:19:09 INF] Database reset via file deletion completed for worker 12970 in 109.3794ms (Close: 0.0006ms, Delete: 1.4097ms, Create: 7.7838ms) {"SourceContext": "Infrastructure.Services.DatabaseTestService", "Application": "Crud.Api"}
[04:19:09 INF] Releasing database mutex for worker 12970 {"SourceContext": "Infrastructure.Services.DatabaseTestService", "Application": "Crud.Api"}
[04:19:09 WRN] Failed to determine the https port for redirect. {"EventId": {"Id": 3, "Name": "FailedToDeterminePort"}, "SourceContext": "Microsoft.AspNetCore.HttpsPolicy.HttpsRedirectionMiddleware", "RequestId": "0HNFGT8MUJPGU", "RequestPath": "/api/auth/register", "Application": "Crud.Api"}
[04:19:09 INF] User registered successfully: e7500b58-e096-4f25-baab-47818bc77add {"SourceContext": "App.Features.Authentication.RegisterUserCommandHandler", "ActionId": "1edc9bf6-55aa-47b1-80d8-6e1932a590ae", "ActionName": "Api.Controllers.AuthController.Register (Api)", "RequestId": "0HNFGT8MUJPGU", "RequestPath": "/api/auth/register", "Application": "Crud.Api"}
Activity.TraceId:            d6db20771f4b1c8e528a9357b48c18dd
Activity.SpanId:             2595b4c7758d3148
Activity.TraceFlags:         Recorded
Activity.ActivitySourceName: Microsoft.AspNetCore
Activity.DisplayName:        POST api/Auth/register
Activity.Kind:               Server
Activity.StartTime:          2025-09-11T04:19:09.4787782Z
Activity.Duration:           00:00:00.3056801
Activity.Tags:
    server.address: localhost
    http.request.method: POST
    url.scheme: http
    url.path: /api/auth/register
    network.protocol.version: 1.1
    http.route: api/Auth/register
    http.response.status_code: 200
Resource associated with Activity:
    deployment.environment: Testing
    service.name: Crud.Api
    service.version: 1.0.0
    service.instance.id: 8958bff5-028e-43b0-8103-5553bc095d18
    telemetry.sdk.name: opentelemetry
    telemetry.sdk.language: dotnet
    telemetry.sdk.version: 1.8.1
[04:19:10 INF] User registered successfully: 00617419-45c3-4658-821d-23aba719c82c {"SourceContext": "App.Features.Authentication.RegisterUserCommandHandler", "ActionId": "1edc9bf6-55aa-47b1-80d8-6e1932a590ae", "ActionName": "Api.Controllers.AuthController.Register (Api)", "RequestId": "0HNFGT8MUJPGV", "RequestPath": "/api/auth/register", "Application": "Crud.Api"}
Activity.TraceId:            0d49f06b52f76b621e575f651eddf3eb
Activity.SpanId:             d323ee68dd50f9b6
Activity.TraceFlags:         Recorded
Activity.ActivitySourceName: Microsoft.AspNetCore
Activity.DisplayName:        POST api/Auth/register
Activity.Kind:               Server
Activity.StartTime:          2025-09-11T04:19:09.7849615Z
Activity.Duration:           00:00:00.3002445
Activity.Tags:
    server.address: localhost
    http.request.method: POST
    url.scheme: http
    url.path: /api/auth/register
    network.protocol.version: 1.1
    http.route: api/Auth/register
    http.response.status_code: 200
Resource associated with Activity:
    deployment.environment: Testing
    service.name: Crud.Api
    service.version: 1.0.0
    service.instance.id: 8958bff5-028e-43b0-8103-5553bc095d18
    telemetry.sdk.name: opentelemetry
    telemetry.sdk.language: dotnet
    telemetry.sdk.version: 1.8.1
[04:19:10 INF] User logged in successfully: 00617419-45c3-4658-821d-23aba719c82c {"SourceContext": "App.Features.Authentication.LoginCommandHandler", "ActionId": "338e3eb6-8350-43a9-89a4-707b7c6999e9", "ActionName": "Api.Controllers.AuthController.Login (Api)", "RequestId": "0HNFGT8MUJPH0", "RequestPath": "/api/auth/login", "Application": "Crud.Api"}
Activity.TraceId:            3e060df95fd06fb9da76518b707c0ac3
Activity.SpanId:             d2065db0afaddaca
Activity.TraceFlags:         Recorded
Activity.ActivitySourceName: Microsoft.AspNetCore
Activity.DisplayName:        POST api/Auth/login
Activity.Kind:               Server
Activity.StartTime:          2025-09-11T04:19:10.0870458Z
Activity.Duration:           00:00:00.3024367
Activity.Tags:
    server.address: localhost
    http.request.method: POST
    url.scheme: http
    url.path: /api/auth/login
    network.protocol.version: 1.1
    http.route: api/Auth/login
    http.response.status_code: 200
Resource associated with Activity:
    deployment.environment: Testing
    service.name: Crud.Api
    service.version: 1.0.0
    service.instance.id: 8958bff5-028e-43b0-8103-5553bc095d18
    telemetry.sdk.name: opentelemetry
    telemetry.sdk.language: dotnet
    telemetry.sdk.version: 1.8.1
[04:19:10 DBG] Cache miss for key: list:window {"SourceContext": "Infrastructure.Services.Caching.InMemoryCacheService", "ActionId": "4a3faa7c-e9ba-4b90-8176-a04e04c2ddd5", "ActionName": "Api.Controllers.WindowsController.List (Api)", "RequestId": "0HNFGT8MUJPH1", "RequestPath": "/api/windows", "Application": "Crud.Api"}
[04:19:10 DBG] Set cache value for key: list:window {"SourceContext": "Infrastructure.Services.Caching.InMemoryCacheService", "ActionId": "4a3faa7c-e9ba-4b90-8176-a04e04c2ddd5", "ActionName": "Api.Controllers.WindowsController.List (Api)", "RequestId": "0HNFGT8MUJPH1", "RequestPath": "/api/windows", "Application": "Crud.Api"}
Activity.TraceId:            857d3f5d03e91cff5d0555a8a328f77d
Activity.SpanId:             d6ab9f3d246395e5
Activity.TraceFlags:         Recorded
Activity.ActivitySourceName: Microsoft.AspNetCore
Activity.DisplayName:        GET api/Windows
Activity.Kind:               Server
Activity.StartTime:          2025-09-11T04:19:10.3897065Z
Activity.Duration:           00:00:00.0125883
Activity.Tags:
    server.address: localhost
    http.request.method: GET
    url.scheme: http
    url.path: /api/windows
    network.protocol.version: 1.1
    http.route: api/Windows
    http.response.status_code: 200
Resource associated with Activity:
    deployment.environment: Testing
    service.name: Crud.Api
    service.version: 1.0.0
    service.instance.id: 8958bff5-028e-43b0-8103-5553bc095d18
    telemetry.sdk.name: opentelemetry
    telemetry.sdk.language: dotnet
    telemetry.sdk.version: 1.8.1
[04:19:10 DBG] Removed cache value for key: entity:window:3123de0825104085a391031583071db1 {"SourceContext": "Infrastructure.Services.Caching.InMemoryCacheService", "ActionId": "55f2da21-4e31-4827-b2c9-93bf9ac3d082", "ActionName": "Api.Controllers.WindowsController.Create (Api)", "RequestId": "0HNFGT8MUJPH2", "RequestPath": "/api/windows", "Application": "Crud.Api"}
[04:19:10 DBG] Removed cache value for key: list:window {"SourceContext": "Infrastructure.Services.Caching.InMemoryCacheService", "ActionId": "55f2da21-4e31-4827-b2c9-93bf9ac3d082", "ActionName": "Api.Controllers.WindowsController.Create (Api)", "RequestId": "0HNFGT8MUJPH2", "RequestPath": "/api/windows", "Application": "Crud.Api"}
[04:19:10 DBG] Invalidating cache for entity type: windows with tag: windows {"SourceContext": "Api.Services.OutputCacheInvalidationService", "ActionId": "55f2da21-4e31-4827-b2c9-93bf9ac3d082", "ActionName": "Api.Controllers.WindowsController.Create (Api)", "RequestId": "0HNFGT8MUJPH2", "RequestPath": "/api/windows", "Application": "Crud.Api"}
[04:19:10 INF] Successfully invalidated cache for entity type: windows {"SourceContext": "Api.Services.OutputCacheInvalidationService", "ActionId": "55f2da21-4e31-4827-b2c9-93bf9ac3d082", "ActionName": "Api.Controllers.WindowsController.Create (Api)", "RequestId": "0HNFGT8MUJPH2", "RequestPath": "/api/windows", "Application": "Crud.Api"}
Activity.TraceId:            fc2a9cc69386247ccfd5329a78e6772e
Activity.SpanId:             a4c5c28ec25a0d4f
Activity.TraceFlags:         Recorded
Activity.ActivitySourceName: Microsoft.AspNetCore
Activity.DisplayName:        POST api/Windows
Activity.Kind:               Server
Activity.StartTime:          2025-09-11T04:19:10.4023858Z
Activity.Duration:           00:00:00.0137324
Activity.Tags:
    server.address: localhost
    http.request.method: POST
    url.scheme: http
    url.path: /api/windows
    network.protocol.version: 1.1
    http.route: api/Windows
    http.response.status_code: 201
Resource associated with Activity:
    deployment.environment: Testing
    service.name: Crud.Api
    service.version: 1.0.0
    service.instance.id: 8958bff5-028e-43b0-8103-5553bc095d18
    telemetry.sdk.name: opentelemetry
    telemetry.sdk.language: dotnet
    telemetry.sdk.version: 1.8.1
[04:19:10 DBG] Cache miss for key: list:window {"SourceContext": "Infrastructure.Services.Caching.InMemoryCacheService", "ActionId": "4a3faa7c-e9ba-4b90-8176-a04e04c2ddd5", "ActionName": "Api.Controllers.WindowsController.List (Api)", "RequestId": "0HNFGT8MUJPH3", "RequestPath": "/api/windows", "Application": "Crud.Api"}
[04:19:10 DBG] Set cache value for key: list:window {"SourceContext": "Infrastructure.Services.Caching.InMemoryCacheService", "ActionId": "4a3faa7c-e9ba-4b90-8176-a04e04c2ddd5", "ActionName": "Api.Controllers.WindowsController.List (Api)", "RequestId": "0HNFGT8MUJPH3", "RequestPath": "/api/windows", "Application": "Crud.Api"}
[04:19:10 DBG] Response not compressed: application/json; charset=utf-8 | Size: 1048 bytes | Path: /api/windows {"SourceContext": "Api.Middleware.CompressionPerformanceMiddleware", "RequestId": "0HNFGT8MUJPH3", "RequestPath": "/api/windows", "Application": "Crud.Api"}
Activity.TraceId:            0be16a8f1ba63456d30d06f5f2887b24
Activity.SpanId:             492042d0ddc1644d
Activity.TraceFlags:         Recorded
Activity.ActivitySourceName: Microsoft.AspNetCore
Activity.DisplayName:        GET api/Windows
Activity.Kind:               Server
Activity.StartTime:          2025-09-11T04:19:10.4161814Z
Activity.Duration:           00:00:00.0034531
Activity.Tags:
    server.address: localhost
    http.request.method: GET
    url.scheme: http
    url.path: /api/windows
    network.protocol.version: 1.1
    http.route: api/Windows
    http.response.status_code: 200
Resource associated with Activity:
    deployment.environment: Testing
    service.name: Crud.Api
    service.version: 1.0.0
    service.instance.id: 8958bff5-028e-43b0-8103-5553bc095d18
    telemetry.sdk.name: opentelemetry
    telemetry.sdk.language: dotnet
    telemetry.sdk.version: 1.8.1
[04:19:10 INF] Resetting database for worker 12970 {"SourceContext": "Infrastructure.Services.DatabaseTestService", "Application": "Crud.Api"}
[04:19:10 INF] Resetting database via file deletion for worker 12970 in CI environment {"SourceContext": "Infrastructure.Services.DatabaseTestService", "Application": "Crud.Api"}
[04:19:10 INF] Acquiring database mutex for worker 12970... {"SourceContext": "Infrastructure.Services.DatabaseTestService", "Application": "Crud.Api"}
[04:19:10 INF] Database mutex acquired for worker 12970 {"SourceContext": "Infrastructure.Services.DatabaseTestService", "Application": "Crud.Api"}
[04:19:10 INF] Current database state - CanConnect: True {"SourceContext": "Infrastructure.Services.DatabaseTestService", "Application": "Crud.Api"}
[04:19:10 INF] [Phase 0] Closing database connection for worker 12970... {"SourceContext": "Infrastructure.Services.DatabaseTestService", "Application": "Crud.Api"}
[04:19:10 INF] [Phase 0] Connection closed in 0.0005ms {"SourceContext": "Infrastructure.Services.DatabaseTestService", "Application": "Crud.Api"}
[04:19:10 INF] [Phase 1] Starting EnsureDeletedAsync for worker 12970... {"SourceContext": "Infrastructure.Services.DatabaseTestService", "Application": "Crud.Api"}
[04:19:10 INF] [Phase 1] EnsureDeletedAsync completed in 1.7689ms {"SourceContext": "Infrastructure.Services.DatabaseTestService", "Application": "Crud.Api"}
[04:19:10 INF] [Phase 2] Starting EnsureCreatedAsync for worker 12970... {"SourceContext": "Infrastructure.Services.DatabaseTestService", "Application": "Crud.Api"}
[04:19:10 INF] [Phase 2] EnsureCreatedAsync completed in 8.5459ms {"SourceContext": "Infrastructure.Services.DatabaseTestService", "Application": "Crud.Api"}
[04:19:10 INF] [Phase 3] Skipping database seeding as requested for worker 12970 {"SourceContext": "Infrastructure.Services.DatabaseTestService", "Application": "Crud.Api"}
[04:19:10 INF] Database reset via file deletion completed for worker 12970 in 110.029ms (Close: 0.0005ms, Delete: 1.7689ms, Create: 8.5459ms) {"SourceContext": "Infrastructure.Services.DatabaseTestService", "Application": "Crud.Api"}
[04:19:10 INF] Releasing database mutex for worker 12970 {"SourceContext": "Infrastructure.Services.DatabaseTestService", "Application": "Crud.Api"}
[04:19:10 INF] Resetting database for worker 12970 {"SourceContext": "Infrastructure.Services.DatabaseTestService", "Application": "Crud.Api"}
[04:19:10 INF] Resetting database via file deletion for worker 12970 in CI environment {"SourceContext": "Infrastructure.Services.DatabaseTestService", "Application": "Crud.Api"}
[04:19:10 INF] Acquiring database mutex for worker 12970... {"SourceContext": "Infrastructure.Services.DatabaseTestService", "Application": "Crud.Api"}
[04:19:10 INF] Database mutex acquired for worker 12970 {"SourceContext": "Infrastructure.Services.DatabaseTestService", "Application": "Crud.Api"}
[04:19:10 INF] Current database state - CanConnect: True {"SourceContext": "Infrastructure.Services.DatabaseTestService", "Application": "Crud.Api"}
[04:19:10 INF] [Phase 0] Closing database connection for worker 12970... {"SourceContext": "Infrastructure.Services.DatabaseTestService", "Application": "Crud.Api"}
[04:19:10 INF] [Phase 0] Connection closed in 0.0006ms {"SourceContext": "Infrastructure.Services.DatabaseTestService", "Application": "Crud.Api"}
[04:19:10 INF] [Phase 1] Starting EnsureDeletedAsync for worker 12970... {"SourceContext": "Infrastructure.Services.DatabaseTestService", "Application": "Crud.Api"}
[04:19:10 INF] [Phase 1] EnsureDeletedAsync completed in 1.3589ms {"SourceContext": "Infrastructure.Services.DatabaseTestService", "Application": "Crud.Api"}
[04:19:10 INF] [Phase 2] Starting EnsureCreatedAsync for worker 12970... {"SourceContext": "Infrastructure.Services.DatabaseTestService", "Application": "Crud.Api"}
[04:19:10 INF] [Phase 2] EnsureCreatedAsync completed in 7.8916ms {"SourceContext": "Infrastructure.Services.DatabaseTestService", "Application": "Crud.Api"}
[04:19:10 INF] [Phase 3] Skipping database seeding as requested for worker 12970 {"SourceContext": "Infrastructure.Services.DatabaseTestService", "Application": "Crud.Api"}
[04:19:10 INF] Database reset via file deletion completed for worker 12970 in 109.0756ms (Close: 0.0006ms, Delete: 1.3589ms, Create: 7.8916ms) {"SourceContext": "Infrastructure.Services.DatabaseTestService", "Application": "Crud.Api"}
[04:19:10 INF] Releasing database mutex for worker 12970 {"SourceContext": "Infrastructure.Services.DatabaseTestService", "Application": "Crud.Api"}
[04:19:10 INF] User registered successfully: 47668b2b-e3c5-4e62-ae57-271d340fdbb8 {"SourceContext": "App.Features.Authentication.RegisterUserCommandHandler", "ActionId": "1edc9bf6-55aa-47b1-80d8-6e1932a590ae", "ActionName": "Api.Controllers.AuthController.Register (Api)", "RequestId": "0HNFGT8MUJPH4", "RequestPath": "/api/auth/register", "Application": "Crud.Api"}
Activity.TraceId:            3b3d9f5661d89881873a6b0183b5bf3e
Activity.SpanId:             cc76cfba572c68ef
Activity.TraceFlags:         Recorded
Activity.ActivitySourceName: Microsoft.AspNetCore
Activity.DisplayName:        POST api/Auth/register
Activity.Kind:               Server
Activity.StartTime:          2025-09-11T04:19:10.6438836Z
Activity.Duration:           00:00:00.3009393
Activity.Tags:
    server.address: localhost
    http.request.method: POST
    url.scheme: http
    url.path: /api/auth/register
    network.protocol.version: 1.1
    http.route: api/Auth/register
    http.response.status_code: 200
Resource associated with Activity:
    deployment.environment: Testing
    service.name: Crud.Api
    service.version: 1.0.0
    service.instance.id: 8958bff5-028e-43b0-8103-5553bc095d18
    telemetry.sdk.name: opentelemetry
    telemetry.sdk.language: dotnet
    telemetry.sdk.version: 1.8.1
[04:19:11 INF] User registered successfully: 1b7343d9-a44f-49bd-bf17-910e7b0a443b {"SourceContext": "App.Features.Authentication.RegisterUserCommandHandler", "ActionId": "1edc9bf6-55aa-47b1-80d8-6e1932a590ae", "ActionName": "Api.Controllers.AuthController.Register (Api)", "RequestId": "0HNFGT8MUJPH5", "RequestPath": "/api/auth/register", "Application": "Crud.Api"}
Activity.TraceId:            eab001d9433a994bb12f114c53bea16f
Activity.SpanId:             abafbe3c3081034c
Activity.TraceFlags:         Recorded
Activity.ActivitySourceName: Microsoft.AspNetCore
Activity.DisplayName:        POST api/Auth/register
Activity.Kind:               Server
Activity.StartTime:          2025-09-11T04:19:10.9453347Z
Activity.Duration:           00:00:00.2983117
Activity.Tags:
    server.address: localhost
    http.request.method: POST
    url.scheme: http
    url.path: /api/auth/register
    network.protocol.version: 1.1
    http.route: api/Auth/register
    http.response.status_code: 200
Resource associated with Activity:
    deployment.environment: Testing
    service.name: Crud.Api
    service.version: 1.0.0
    service.instance.id: 8958bff5-028e-43b0-8103-5553bc095d18
    telemetry.sdk.name: opentelemetry
    telemetry.sdk.language: dotnet
    telemetry.sdk.version: 1.8.1
[04:19:11 INF] User logged in successfully: 1b7343d9-a44f-49bd-bf17-910e7b0a443b {"SourceContext": "App.Features.Authentication.LoginCommandHandler", "ActionId": "338e3eb6-8350-43a9-89a4-707b7c6999e9", "ActionName": "Api.Controllers.AuthController.Login (Api)", "RequestId": "0HNFGT8MUJPH6", "RequestPath": "/api/auth/login", "Application": "Crud.Api"}
Activity.TraceId:            a63619f3c94f66bd235c1aa2f038440a
Activity.SpanId:             d6b0042606bc400f
Activity.TraceFlags:         Recorded
Activity.ActivitySourceName: Microsoft.AspNetCore
Activity.DisplayName:        POST api/Auth/login
Activity.Kind:               Server
Activity.StartTime:          2025-09-11T04:19:11.2444534Z
Activity.Duration:           00:00:00.2984906
Activity.Tags:
    server.address: localhost
    http.request.method: POST
    url.scheme: http
    url.path: /api/auth/login
    network.protocol.version: 1.1
    http.route: api/Auth/login
    http.response.status_code: 200
Resource associated with Activity:
    deployment.environment: Testing
    service.name: Crud.Api
    service.version: 1.0.0
    service.instance.id: 8958bff5-028e-43b0-8103-5553bc095d18
    telemetry.sdk.name: opentelemetry
    telemetry.sdk.language: dotnet
    telemetry.sdk.version: 1.8.1
[04:19:11 DBG] Cache miss for key: list:person {"SourceContext": "Infrastructure.Services.Caching.InMemoryCacheService", "ActionId": "65c6248c-3de8-46ef-9b2e-7d8c5b3ddbe2", "ActionName": "Api.Controllers.PeopleController.List (Api)", "RequestId": "0HNFGT8MUJPH7", "RequestPath": "/api/people", "Application": "Crud.Api"}
[04:19:11 DBG] Set cache value for key: list:person {"SourceContext": "Infrastructure.Services.Caching.InMemoryCacheService", "ActionId": "65c6248c-3de8-46ef-9b2e-7d8c5b3ddbe2", "ActionName": "Api.Controllers.PeopleController.List (Api)", "RequestId": "0HNFGT8MUJPH7", "RequestPath": "/api/people", "Application": "Crud.Api"}
Activity.TraceId:            d7e69e0cb4b0b8ce6e933cead3b9bae4
Activity.SpanId:             ece5907f35fc9c12
Activity.TraceFlags:         Recorded
Activity.ActivitySourceName: Microsoft.AspNetCore
Activity.DisplayName:        GET api/People
Activity.Kind:               Server
Activity.StartTime:          2025-09-11T04:19:11.5431632Z
Activity.Duration:           00:00:00.0151397
Activity.Tags:
    server.address: localhost
    http.request.method: GET
    url.scheme: http
    url.path: /api/people
    network.protocol.version: 1.1
    http.route: api/People
    http.response.status_code: 200
Resource associated with Activity:
    deployment.environment: Testing
    service.name: Crud.Api
    service.version: 1.0.0
    service.instance.id: 8958bff5-028e-43b0-8103-5553bc095d18
    telemetry.sdk.name: opentelemetry
    telemetry.sdk.language: dotnet
    telemetry.sdk.version: 1.8.1
[04:19:11 DBG] Removed cache value for key: entity:person:f58b13f57f6c4550a58b7e5648b5bffd {"SourceContext": "Infrastructure.Services.Caching.InMemoryCacheService", "ActionId": "8546a53e-b40e-4ed7-bba0-377cbd534c7b", "ActionName": "Api.Controllers.PeopleController.Create (Api)", "RequestId": "0HNFGT8MUJPH8", "RequestPath": "/api/people", "Application": "Crud.Api"}
[04:19:11 DBG] Removed cache value for key: list:person {"SourceContext": "Infrastructure.Services.Caching.InMemoryCacheService", "ActionId": "8546a53e-b40e-4ed7-bba0-377cbd534c7b", "ActionName": "Api.Controllers.PeopleController.Create (Api)", "RequestId": "0HNFGT8MUJPH8", "RequestPath": "/api/people", "Application": "Crud.Api"}
[04:19:11 DBG] Invalidating cache for entity type: people with tag: people {"SourceContext": "Api.Services.OutputCacheInvalidationService", "ActionId": "8546a53e-b40e-4ed7-bba0-377cbd534c7b", "ActionName": "Api.Controllers.PeopleController.Create (Api)", "RequestId": "0HNFGT8MUJPH8", "RequestPath": "/api/people", "Application": "Crud.Api"}
[04:19:11 INF] Successfully invalidated cache for entity type: people {"SourceContext": "Api.Services.OutputCacheInvalidationService", "ActionId": "8546a53e-b40e-4ed7-bba0-377cbd534c7b", "ActionName": "Api.Controllers.PeopleController.Create (Api)", "RequestId": "0HNFGT8MUJPH8", "RequestPath": "/api/people", "Application": "Crud.Api"}
Activity.TraceId:            d032735fab94b4ee33c487fc714d9553
Activity.SpanId:             f6f423c32df12c06
Activity.TraceFlags:         Recorded
Activity.ActivitySourceName: Microsoft.AspNetCore
Activity.DisplayName:        POST api/People
Activity.Kind:               Server
Activity.StartTime:          2025-09-11T04:19:11.5584008Z
Activity.Duration:           00:00:00.0090763
Activity.Tags:
    server.address: localhost
    http.request.method: POST
    url.scheme: http
    url.path: /api/people
    network.protocol.version: 1.1
    http.route: api/People
    http.response.status_code: 201
Resource associated with Activity:
    deployment.environment: Testing
    service.name: Crud.Api
    service.version: 1.0.0
    service.instance.id: 8958bff5-028e-43b0-8103-5553bc095d18
    telemetry.sdk.name: opentelemetry
    telemetry.sdk.language: dotnet
    telemetry.sdk.version: 1.8.1
[04:19:11 DBG] Cache miss for key: list:person {"SourceContext": "Infrastructure.Services.Caching.InMemoryCacheService", "ActionId": "65c6248c-3de8-46ef-9b2e-7d8c5b3ddbe2", "ActionName": "Api.Controllers.PeopleController.List (Api)", "RequestId": "0HNFGT8MUJPH9", "RequestPath": "/api/people", "Application": "Crud.Api"}
[04:19:11 DBG] Set cache value for key: list:person {"SourceContext": "Infrastructure.Services.Caching.InMemoryCacheService", "ActionId": "65c6248c-3de8-46ef-9b2e-7d8c5b3ddbe2", "ActionName": "Api.Controllers.PeopleController.List (Api)", "RequestId": "0HNFGT8MUJPH9", "RequestPath": "/api/people", "Application": "Crud.Api"}
Activity.TraceId:            9650d7687df35f55318485b816da1b12
Activity.SpanId:             c68c1183a8ab1bc4
Activity.TraceFlags:         Recorded
Activity.ActivitySourceName: Microsoft.AspNetCore
Activity.DisplayName:        GET api/People
Activity.Kind:               Server
Activity.StartTime:          2025-09-11T04:19:11.5675534Z
Activity.Duration:           00:00:00.0015524
Activity.Tags:
    server.address: localhost
    http.request.method: GET
    url.scheme: http
    url.path: /api/people
    network.protocol.version: 1.1
    http.route: api/People
    http.response.status_code: 200
Resource associated with Activity:
    deployment.environment: Testing
    service.name: Crud.Api
    service.version: 1.0.0
    service.instance.id: 8958bff5-028e-43b0-8103-5553bc095d18
    telemetry.sdk.name: opentelemetry
    telemetry.sdk.language: dotnet
    telemetry.sdk.version: 1.8.1
[04:19:11 INF] Resetting database for worker 12970 {"SourceContext": "Infrastructure.Services.DatabaseTestService", "Application": "Crud.Api"}
[04:19:11 INF] Resetting database via file deletion for worker 12970 in CI environment {"SourceContext": "Infrastructure.Services.DatabaseTestService", "Application": "Crud.Api"}
[04:19:11 INF] Acquiring database mutex for worker 12970... {"SourceContext": "Infrastructure.Services.DatabaseTestService", "Application": "Crud.Api"}
[04:19:11 INF] Database mutex acquired for worker 12970 {"SourceContext": "Infrastructure.Services.DatabaseTestService", "Application": "Crud.Api"}
[04:19:11 INF] Current database state - CanConnect: True {"SourceContext": "Infrastructure.Services.DatabaseTestService", "Application": "Crud.Api"}
[04:19:11 INF] [Phase 0] Closing database connection for worker 12970... {"SourceContext": "Infrastructure.Services.DatabaseTestService", "Application": "Crud.Api"}
[04:19:11 INF] [Phase 0] Connection closed in 0.0006ms {"SourceContext": "Infrastructure.Services.DatabaseTestService", "Application": "Crud.Api"}
[04:19:11 INF] [Phase 1] Starting EnsureDeletedAsync for worker 12970... {"SourceContext": "Infrastructure.Services.DatabaseTestService", "Application": "Crud.Api"}
[04:19:11 INF] [Phase 1] EnsureDeletedAsync completed in 1.4952ms {"SourceContext": "Infrastructure.Services.DatabaseTestService", "Application": "Crud.Api"}
[04:19:11 INF] [Phase 2] Starting EnsureCreatedAsync for worker 12970... {"SourceContext": "Infrastructure.Services.DatabaseTestService", "Application": "Crud.Api"}
[04:19:11 INF] [Phase 2] EnsureCreatedAsync completed in 8.9608ms {"SourceContext": "Infrastructure.Services.DatabaseTestService", "Application": "Crud.Api"}
[04:19:11 INF] [Phase 3] Skipping database seeding as requested for worker 12970 {"SourceContext": "Infrastructure.Services.DatabaseTestService", "Application": "Crud.Api"}
[04:19:11 INF] Database reset via file deletion completed for worker 12970 in 110.7189ms (Close: 0.0006ms, Delete: 1.4952ms, Create: 8.9608ms) {"SourceContext": "Infrastructure.Services.DatabaseTestService", "Application": "Crud.Api"}
[04:19:11 INF] Releasing database mutex for worker 12970 {"SourceContext": "Infrastructure.Services.DatabaseTestService", "Application": "Crud.Api"}
[04:19:11 INF] Resetting database for worker 12970 {"SourceContext": "Infrastructure.Services.DatabaseTestService", "Application": "Crud.Api"}
[04:19:11 INF] Resetting database via file deletion for worker 12970 in CI environment {"SourceContext": "Infrastructure.Services.DatabaseTestService", "Application": "Crud.Api"}
[04:19:11 INF] Acquiring database mutex for worker 12970... {"SourceContext": "Infrastructure.Services.DatabaseTestService", "Application": "Crud.Api"}
[04:19:11 INF] Database mutex acquired for worker 12970 {"SourceContext": "Infrastructure.Services.DatabaseTestService", "Application": "Crud.Api"}
[04:19:11 INF] Current database state - CanConnect: True {"SourceContext": "Infrastructure.Services.DatabaseTestService", "Application": "Crud.Api"}
[04:19:11 INF] [Phase 0] Closing database connection for worker 12970... {"SourceContext": "Infrastructure.Services.DatabaseTestService", "Application": "Crud.Api"}
[04:19:11 INF] [Phase 0] Connection closed in 0.0006ms {"SourceContext": "Infrastructure.Services.DatabaseTestService", "Application": "Crud.Api"}
[04:19:11 INF] [Phase 1] Starting EnsureDeletedAsync for worker 12970... {"SourceContext": "Infrastructure.Services.DatabaseTestService", "Application": "Crud.Api"}
[04:19:11 INF] [Phase 1] EnsureDeletedAsync completed in 1.1752ms {"SourceContext": "Infrastructure.Services.DatabaseTestService", "Application": "Crud.Api"}
[04:19:11 INF] [Phase 2] Starting EnsureCreatedAsync for worker 12970... {"SourceContext": "Infrastructure.Services.DatabaseTestService", "Application": "Crud.Api"}
[04:19:11 INF] [Phase 2] EnsureCreatedAsync completed in 7.1639ms {"SourceContext": "Infrastructure.Services.DatabaseTestService", "Application": "Crud.Api"}
[04:19:11 INF] [Phase 3] Skipping database seeding as requested for worker 12970 {"SourceContext": "Infrastructure.Services.DatabaseTestService", "Application": "Crud.Api"}
[04:19:11 INF] Database reset via file deletion completed for worker 12970 in 108.3586ms (Close: 0.0006ms, Delete: 1.1752ms, Create: 7.1639ms) {"SourceContext": "Infrastructure.Services.DatabaseTestService", "Application": "Crud.Api"}
[04:19:11 INF] Releasing database mutex for worker 12970 {"SourceContext": "Infrastructure.Services.DatabaseTestService", "Application": "Crud.Api"}
[04:19:12 INF] User registered successfully: c0d27fde-3156-4848-bd9e-2d72e99df3e9 {"SourceContext": "App.Features.Authentication.RegisterUserCommandHandler", "ActionId": "1edc9bf6-55aa-47b1-80d8-6e1932a590ae", "ActionName": "Api.Controllers.AuthController.Register (Api)", "RequestId": "0HNFGT8MUJPHA", "RequestPath": "/api/auth/register", "Application": "Crud.Api"}
Activity.TraceId:            136626dd66b33114fe280c55bf2f28f5
Activity.SpanId:             f383767f0ca9716d
Activity.TraceFlags:         Recorded
Activity.ActivitySourceName: Microsoft.AspNetCore
Activity.DisplayName:        POST api/Auth/register
Activity.Kind:               Server
Activity.StartTime:          2025-09-11T04:19:11.7924317Z
Activity.Duration:           00:00:00.2979949
Activity.Tags:
    server.address: localhost
    http.request.method: POST
    url.scheme: http
    url.path: /api/auth/register
    network.protocol.version: 1.1
    http.route: api/Auth/register
    http.response.status_code: 200
Resource associated with Activity:
    deployment.environment: Testing
    service.name: Crud.Api
    service.version: 1.0.0
    service.instance.id: 8958bff5-028e-43b0-8103-5553bc095d18
    telemetry.sdk.name: opentelemetry
    telemetry.sdk.language: dotnet
    telemetry.sdk.version: 1.8.1
[04:19:12 INF] User registered successfully: c8ed51b3-3452-4435-baa3-ee08df4d7dc8 {"SourceContext": "App.Features.Authentication.RegisterUserCommandHandler", "ActionId": "1edc9bf6-55aa-47b1-80d8-6e1932a590ae", "ActionName": "Api.Controllers.AuthController.Register (Api)", "RequestId": "0HNFGT8MUJPHB", "RequestPath": "/api/auth/register", "Application": "Crud.Api"}
Activity.TraceId:            d0e8ceb963c2dea6c7124c0912c4f06f
Activity.SpanId:             c11102e482394b48
Activity.TraceFlags:         Recorded
Activity.ActivitySourceName: Microsoft.AspNetCore
Activity.DisplayName:        POST api/Auth/register
Activity.Kind:               Server
Activity.StartTime:          2025-09-11T04:19:12.0911561Z
Activity.Duration:           00:00:00.2998822
Activity.Tags:
    server.address: localhost
    http.request.method: POST
    url.scheme: http
    url.path: /api/auth/register
    network.protocol.version: 1.1
    http.route: api/Auth/register
    http.response.status_code: 200
Resource associated with Activity:
    deployment.environment: Testing
    service.name: Crud.Api
    service.version: 1.0.0
    service.instance.id: 8958bff5-028e-43b0-8103-5553bc095d18
    telemetry.sdk.name: opentelemetry
    telemetry.sdk.language: dotnet
    telemetry.sdk.version: 1.8.1
[04:19:12 INF] User logged in successfully: c8ed51b3-3452-4435-baa3-ee08df4d7dc8 {"SourceContext": "App.Features.Authentication.LoginCommandHandler", "ActionId": "338e3eb6-8350-43a9-89a4-707b7c6999e9", "ActionName": "Api.Controllers.AuthController.Login (Api)", "RequestId": "0HNFGT8MUJPHC", "RequestPath": "/api/auth/login", "Application": "Crud.Api"}
Activity.TraceId:            a5e323c34fec3a465d244bc3485986f3
Activity.SpanId:             028a0791880cc8d0
Activity.TraceFlags:         Recorded
Activity.ActivitySourceName: Microsoft.AspNetCore
Activity.DisplayName:        POST api/Auth/login
Activity.Kind:               Server
Activity.StartTime:          2025-09-11T04:19:12.3921091Z
Activity.Duration:           00:00:00.2995119
Activity.Tags:
    server.address: localhost
    http.request.method: POST
    url.scheme: http
    url.path: /api/auth/login
    network.protocol.version: 1.1
    http.route: api/Auth/login
    http.response.status_code: 200
Resource associated with Activity:
    deployment.environment: Testing
    service.name: Crud.Api
    service.version: 1.0.0
    service.instance.id: 8958bff5-028e-43b0-8103-5553bc095d18
    telemetry.sdk.name: opentelemetry
    telemetry.sdk.language: dotnet
    telemetry.sdk.version: 1.8.1
[04:19:12 DBG] Cache miss for key: list:role {"SourceContext": "Infrastructure.Services.Caching.InMemoryCacheService", "ActionId": "87ce9bfe-ef04-4323-93fc-0feae3faded5", "ActionName": "Api.Controllers.RolesController.List (Api)", "RequestId": "0HNFGT8MUJPHD", "RequestPath": "/api/roles", "Application": "Crud.Api"}
[04:19:12 DBG] Set cache value for key: list:role {"SourceContext": "Infrastructure.Services.Caching.InMemoryCacheService", "ActionId": "87ce9bfe-ef04-4323-93fc-0feae3faded5", "ActionName": "Api.Controllers.RolesController.List (Api)", "RequestId": "0HNFGT8MUJPHD", "RequestPath": "/api/roles", "Application": "Crud.Api"}
Activity.TraceId:            463de8396c7ed19065a2175d045f56cd
Activity.SpanId:             24c95c6a72ef45fc
Activity.TraceFlags:         Recorded
Activity.ActivitySourceName: Microsoft.AspNetCore
Activity.DisplayName:        GET api/Roles
Activity.Kind:               Server
Activity.StartTime:          2025-09-11T04:19:12.6919019Z
Activity.Duration:           00:00:00.0051903
Activity.Tags:
    server.address: localhost
    http.request.method: GET
    url.scheme: http
    url.path: /api/roles
    network.protocol.version: 1.1
    http.route: api/Roles
    http.response.status_code: 200
Resource associated with Activity:
    deployment.environment: Testing
    service.name: Crud.Api
    service.version: 1.0.0
    service.instance.id: 8958bff5-028e-43b0-8103-5553bc095d18
    telemetry.sdk.name: opentelemetry
    telemetry.sdk.language: dotnet
    telemetry.sdk.version: 1.8.1
[04:19:12 DBG] Cache miss for key: name:role:new_role {"SourceContext": "Infrastructure.Services.Caching.InMemoryCacheService", "ActionId": "d8c3d6d7-3a71-4b25-90ea-04aafa1b9cc2", "ActionName": "Api.Controllers.RolesController.Create (Api)", "RequestId": "0HNFGT8MUJPHE", "RequestPath": "/api/roles", "Application": "Crud.Api"}
[04:19:12 DBG] Removed cache value for key: entity:role:f1496d334a9f4e7c8d916c13e2d56eea {"SourceContext": "Infrastructure.Services.Caching.InMemoryCacheService", "ActionId": "d8c3d6d7-3a71-4b25-90ea-04aafa1b9cc2", "ActionName": "Api.Controllers.RolesController.Create (Api)", "RequestId": "0HNFGT8MUJPHE", "RequestPath": "/api/roles", "Application": "Crud.Api"}
[04:19:12 DBG] Removed cache value for key: list:role {"SourceContext": "Infrastructure.Services.Caching.InMemoryCacheService", "ActionId": "d8c3d6d7-3a71-4b25-90ea-04aafa1b9cc2", "ActionName": "Api.Controllers.RolesController.Create (Api)", "RequestId": "0HNFGT8MUJPHE", "RequestPath": "/api/roles", "Application": "Crud.Api"}
[04:19:12 DBG] Invalidating cache for entity type: roles with tag: roles {"SourceContext": "Api.Services.OutputCacheInvalidationService", "ActionId": "d8c3d6d7-3a71-4b25-90ea-04aafa1b9cc2", "ActionName": "Api.Controllers.RolesController.Create (Api)", "RequestId": "0HNFGT8MUJPHE", "RequestPath": "/api/roles", "Application": "Crud.Api"}
[04:19:12 INF] Successfully invalidated cache for entity type: roles {"SourceContext": "Api.Services.OutputCacheInvalidationService", "ActionId": "d8c3d6d7-3a71-4b25-90ea-04aafa1b9cc2", "ActionName": "Api.Controllers.RolesController.Create (Api)", "RequestId": "0HNFGT8MUJPHE", "RequestPath": "/api/roles", "Application": "Crud.Api"}
Activity.TraceId:            4e8098a5744d3f77358ee204152472f0
Activity.SpanId:             c1f3d49b8ac7cee5
Activity.TraceFlags:         Recorded
Activity.ActivitySourceName: Microsoft.AspNetCore
Activity.DisplayName:        POST api/Roles
Activity.Kind:               Server
Activity.StartTime:          2025-09-11T04:19:12.6971727Z
Activity.Duration:           00:00:00.0063044
Activity.Tags:
    server.address: localhost
    http.request.method: POST
    url.scheme: http
    url.path: /api/roles
    network.protocol.version: 1.1
    http.route: api/Roles
    http.response.status_code: 201
Resource associated with Activity:
    deployment.environment: Testing
    service.name: Crud.Api
    service.version: 1.0.0
    service.instance.id: 8958bff5-028e-43b0-8103-5553bc095d18
    telemetry.sdk.name: opentelemetry
    telemetry.sdk.language: dotnet
    telemetry.sdk.version: 1.8.1
[04:19:12 DBG] Cache miss for key: list:role {"SourceContext": "Infrastructure.Services.Caching.InMemoryCacheService", "ActionId": "87ce9bfe-ef04-4323-93fc-0feae3faded5", "ActionName": "Api.Controllers.RolesController.List (Api)", "RequestId": "0HNFGT8MUJPHF", "RequestPath": "/api/roles", "Application": "Crud.Api"}
[04:19:12 DBG] Set cache value for key: list:role {"SourceContext": "Infrastructure.Services.Caching.InMemoryCacheService", "ActionId": "87ce9bfe-ef04-4323-93fc-0feae3faded5", "ActionName": "Api.Controllers.RolesController.List (Api)", "RequestId": "0HNFGT8MUJPHF", "RequestPath": "/api/roles", "Application": "Crud.Api"}
Activity.TraceId:            493c1d9b1e49d0638d105ce4d768c56b
Activity.SpanId:             96ac24b9220c93f5
Activity.TraceFlags:         Recorded
Activity.ActivitySourceName: Microsoft.AspNetCore
Activity.DisplayName:        GET api/Roles
Activity.Kind:               Server
Activity.StartTime:          2025-09-11T04:19:12.7035255Z
Activity.Duration:           00:00:00.0011486
Activity.Tags:
    server.address: localhost
    http.request.method: GET
    url.scheme: http
    url.path: /api/roles
    network.protocol.version: 1.1
    http.route: api/Roles
    http.response.status_code: 200
Resource associated with Activity:
    deployment.environment: Testing
    service.name: Crud.Api
    service.version: 1.0.0
    service.instance.id: 8958bff5-028e-43b0-8103-5553bc095d18
    telemetry.sdk.name: opentelemetry
    telemetry.sdk.language: dotnet
    telemetry.sdk.version: 1.8.1
[04:19:12 INF] Resetting database for worker 12970 {"SourceContext": "Infrastructure.Services.DatabaseTestService", "Application": "Crud.Api"}
[04:19:12 INF] Resetting database via file deletion for worker 12970 in CI environment {"SourceContext": "Infrastructure.Services.DatabaseTestService", "Application": "Crud.Api"}
[04:19:12 INF] Acquiring database mutex for worker 12970... {"SourceContext": "Infrastructure.Services.DatabaseTestService", "Application": "Crud.Api"}
[04:19:12 INF] Database mutex acquired for worker 12970 {"SourceContext": "Infrastructure.Services.DatabaseTestService", "Application": "Crud.Api"}
[04:19:12 INF] Current database state - CanConnect: True {"SourceContext": "Infrastructure.Services.DatabaseTestService", "Application": "Crud.Api"}
[04:19:12 INF] [Phase 0] Closing database connection for worker 12970... {"SourceContext": "Infrastructure.Services.DatabaseTestService", "Application": "Crud.Api"}
[04:19:12 INF] [Phase 0] Connection closed in 0.0006ms {"SourceContext": "Infrastructure.Services.DatabaseTestService", "Application": "Crud.Api"}
[04:19:12 INF] [Phase 1] Starting EnsureDeletedAsync for worker 12970... {"SourceContext": "Infrastructure.Services.DatabaseTestService", "Application": "Crud.Api"}
[04:19:12 INF] [Phase 1] EnsureDeletedAsync completed in 1.2695ms {"SourceContext": "Infrastructure.Services.DatabaseTestService", "Application": "Crud.Api"}
[04:19:12 INF] [Phase 2] Starting EnsureCreatedAsync for worker 12970... {"SourceContext": "Infrastructure.Services.DatabaseTestService", "Application": "Crud.Api"}
[04:19:12 INF] [Phase 2] EnsureCreatedAsync completed in 9.8639ms {"SourceContext": "Infrastructure.Services.DatabaseTestService", "Application": "Crud.Api"}
[04:19:12 INF] [Phase 3] Skipping database seeding as requested for worker 12970 {"SourceContext": "Infrastructure.Services.DatabaseTestService", "Application": "Crud.Api"}
[04:19:12 INF] Database reset via file deletion completed for worker 12970 in 110.7102ms (Close: 0.0006ms, Delete: 1.2695ms, Create: 9.8639ms) {"SourceContext": "Infrastructure.Services.DatabaseTestService", "Application": "Crud.Api"}
[04:19:12 INF] Releasing database mutex for worker 12970 {"SourceContext": "Infrastructure.Services.DatabaseTestService", "Application": "Crud.Api"}
[04:19:12 INF] Resetting database for worker 12970 {"SourceContext": "Infrastructure.Services.DatabaseTestService", "Application": "Crud.Api"}
[04:19:12 INF] Resetting database via file deletion for worker 12970 in CI environment {"SourceContext": "Infrastructure.Services.DatabaseTestService", "Application": "Crud.Api"}
[04:19:12 INF] Acquiring database mutex for worker 12970... {"SourceContext": "Infrastructure.Services.DatabaseTestService", "Application": "Crud.Api"}
[04:19:12 INF] Database mutex acquired for worker 12970 {"SourceContext": "Infrastructure.Services.DatabaseTestService", "Application": "Crud.Api"}
[04:19:12 INF] Current database state - CanConnect: True {"SourceContext": "Infrastructure.Services.DatabaseTestService", "Application": "Crud.Api"}
[04:19:12 INF] [Phase 0] Closing database connection for worker 12970... {"SourceContext": "Infrastructure.Services.DatabaseTestService", "Application": "Crud.Api"}
[04:19:12 INF] [Phase 0] Connection closed in 0.0005ms {"SourceContext": "Infrastructure.Services.DatabaseTestService", "Application": "Crud.Api"}
[04:19:12 INF] [Phase 1] Starting EnsureDeletedAsync for worker 12970... {"SourceContext": "Infrastructure.Services.DatabaseTestService", "Application": "Crud.Api"}
[04:19:12 INF] [Phase 1] EnsureDeletedAsync completed in 1.1581ms {"SourceContext": "Infrastructure.Services.DatabaseTestService", "Application": "Crud.Api"}
[04:19:12 INF] [Phase 2] Starting EnsureCreatedAsync for worker 12970... {"SourceContext": "Infrastructure.Services.DatabaseTestService", "Application": "Crud.Api"}
[04:19:12 INF] [Phase 2] EnsureCreatedAsync completed in 6.9603ms {"SourceContext": "Infrastructure.Services.DatabaseTestService", "Application": "Crud.Api"}
[04:19:12 INF] [Phase 3] Skipping database seeding as requested for worker 12970 {"SourceContext": "Infrastructure.Services.DatabaseTestService", "Application": "Crud.Api"}
[04:19:12 INF] Database reset via file deletion completed for worker 12970 in 108.4633ms (Close: 0.0005ms, Delete: 1.1581ms, Create: 6.9603ms) {"SourceContext": "Infrastructure.Services.DatabaseTestService", "Application": "Crud.Api"}
[04:19:12 INF] Releasing database mutex for worker 12970 {"SourceContext": "Infrastructure.Services.DatabaseTestService", "Application": "Crud.Api"}
[04:19:13 INF] User registered successfully: 6e5089a0-54c4-47f4-ae86-167ded212bad {"SourceContext": "App.Features.Authentication.RegisterUserCommandHandler", "ActionId": "1edc9bf6-55aa-47b1-80d8-6e1932a590ae", "ActionName": "Api.Controllers.AuthController.Register (Api)", "RequestId": "0HNFGT8MUJPHG", "RequestPath": "/api/auth/register", "Application": "Crud.Api"}
Activity.TraceId:            c9e35951b901499ef016faa4e94f639b
Activity.SpanId:             77469dfc27a900f6
Activity.TraceFlags:         Recorded
Activity.ActivitySourceName: Microsoft.AspNetCore
Activity.DisplayName:        POST api/Auth/register
Activity.Kind:               Server
Activity.StartTime:          2025-09-11T04:19:12.9283660Z
Activity.Duration:           00:00:00.2988674
Activity.Tags:
    server.address: localhost
    http.request.method: POST
    url.scheme: http
    url.path: /api/auth/register
    network.protocol.version: 1.1
    http.route: api/Auth/register
    http.response.status_code: 200
Resource associated with Activity:
    deployment.environment: Testing
    service.name: Crud.Api
    service.version: 1.0.0
    service.instance.id: 8958bff5-028e-43b0-8103-5553bc095d18
    telemetry.sdk.name: opentelemetry
    telemetry.sdk.language: dotnet
    telemetry.sdk.version: 1.8.1
[04:19:13 INF] User registered successfully: 6e959d59-fc9e-4a8a-8e38-05f77ee219a3 {"SourceContext": "App.Features.Authentication.RegisterUserCommandHandler", "ActionId": "1edc9bf6-55aa-47b1-80d8-6e1932a590ae", "ActionName": "Api.Controllers.AuthController.Register (Api)", "RequestId": "0HNFGT8MUJPHH", "RequestPath": "/api/auth/register", "Application": "Crud.Api"}
Activity.TraceId:            0652a72c121787a9222ed6d6e7e9f153
Activity.SpanId:             1c45159e6f8359ce
Activity.TraceFlags:         Recorded
Activity.ActivitySourceName: Microsoft.AspNetCore
Activity.DisplayName:        POST api/Auth/register
Activity.Kind:               Server
Activity.StartTime:          2025-09-11T04:19:13.2277024Z
Activity.Duration:           00:00:00.2977564
Activity.Tags:
    server.address: localhost
    http.request.method: POST
    url.scheme: http
    url.path: /api/auth/register
    network.protocol.version: 1.1
    http.route: api/Auth/register
    http.response.status_code: 200
Resource associated with Activity:
    deployment.environment: Testing
    service.name: Crud.Api
    service.version: 1.0.0
    service.instance.id: 8958bff5-028e-43b0-8103-5553bc095d18
    telemetry.sdk.name: opentelemetry
    telemetry.sdk.language: dotnet
    telemetry.sdk.version: 1.8.1
[04:19:13 INF] User logged in successfully: 6e959d59-fc9e-4a8a-8e38-05f77ee219a3 {"SourceContext": "App.Features.Authentication.LoginCommandHandler", "ActionId": "338e3eb6-8350-43a9-89a4-707b7c6999e9", "ActionName": "Api.Controllers.AuthController.Login (Api)", "RequestId": "0HNFGT8MUJPHI", "RequestPath": "/api/auth/login", "Application": "Crud.Api"}
Activity.TraceId:            b2b51d1cc99a6ce237f254e27376e35f
Activity.SpanId:             3f62be60b6967b76
Activity.TraceFlags:         Recorded
Activity.ActivitySourceName: Microsoft.AspNetCore
Activity.DisplayName:        POST api/Auth/login
Activity.Kind:               Server
Activity.StartTime:          2025-09-11T04:19:13.5262967Z
Activity.Duration:           00:00:00.2980614
Activity.Tags:
    server.address: localhost
    http.request.method: POST
    url.scheme: http
    url.path: /api/auth/login
    network.protocol.version: 1.1
    http.route: api/Auth/login
    http.response.status_code: 200
Resource associated with Activity:
    deployment.environment: Testing
    service.name: Crud.Api
    service.version: 1.0.0
    service.instance.id: 8958bff5-028e-43b0-8103-5553bc095d18
    telemetry.sdk.name: opentelemetry
    telemetry.sdk.language: dotnet
    telemetry.sdk.version: 1.8.1
[04:19:13 DBG] Cache hit for key: list:person {"SourceContext": "Infrastructure.Services.Caching.InMemoryCacheService", "ActionId": "65c6248c-3de8-46ef-9b2e-7d8c5b3ddbe2", "ActionName": "Api.Controllers.PeopleController.List (Api)", "RequestId": "0HNFGT8MUJPHJ", "RequestPath": "/api/people", "Application": "Crud.Api"}
Activity.TraceId:            7e4297be6ca9c7b741b8a8d369649016
Activity.SpanId:             c23db7d8c654997c
Activity.TraceFlags:         Recorded
Activity.ActivitySourceName: Microsoft.AspNetCore
Activity.DisplayName:        GET api/People
Activity.Kind:               Server
Activity.StartTime:          2025-09-11T04:19:13.8246073Z
Activity.Duration:           00:00:00.0013393
Activity.Tags:
    server.address: localhost
    http.request.method: GET
    url.scheme: http
    url.path: /api/people
    network.protocol.version: 1.1
    http.route: api/People
    http.response.status_code: 200
Resource associated with Activity:
    deployment.environment: Testing
    service.name: Crud.Api
    service.version: 1.0.0
    service.instance.id: 8958bff5-028e-43b0-8103-5553bc095d18
    telemetry.sdk.name: opentelemetry
    telemetry.sdk.language: dotnet
    telemetry.sdk.version: 1.8.1
[04:19:13 DBG] Removed cache value for key: entity:person:1a3b1d01751e47c38a59b49b56870430 {"SourceContext": "Infrastructure.Services.Caching.InMemoryCacheService", "ActionId": "8fcd7d1e-15c0-47dd-9c8a-348878a9b666", "ActionName": "Api.Controllers.PeopleController.Delete (Api)", "RequestId": "0HNFGT8MUJPHK", "RequestPath": "/api/people/1a3b1d01-751e-47c3-8a59-b49b56870430", "Application": "Crud.Api"}
[04:19:13 DBG] Removed cache value for key: list:person {"SourceContext": "Infrastructure.Services.Caching.InMemoryCacheService", "ActionId": "8fcd7d1e-15c0-47dd-9c8a-348878a9b666", "ActionName": "Api.Controllers.PeopleController.Delete (Api)", "RequestId": "0HNFGT8MUJPHK", "RequestPath": "/api/people/1a3b1d01-751e-47c3-8a59-b49b56870430", "Application": "Crud.Api"}
[04:19:13 DBG] Invalidating cache for entity: people/1a3b1d01-751e-47c3-8a59-b49b56870430 with tags: people, people:1a3b1d01-751e-47c3-8a59-b49b56870430 {"SourceContext": "Api.Services.OutputCacheInvalidationService", "ActionId": "8fcd7d1e-15c0-47dd-9c8a-348878a9b666", "ActionName": "Api.Controllers.PeopleController.Delete (Api)", "RequestId": "0HNFGT8MUJPHK", "RequestPath": "/api/people/1a3b1d01-751e-47c3-8a59-b49b56870430", "Application": "Crud.Api"}
[04:19:13 DBG] Successfully invalidated cache for tag: people {"SourceContext": "Api.Services.OutputCacheInvalidationService", "ActionId": "8fcd7d1e-15c0-47dd-9c8a-348878a9b666", "ActionName": "Api.Controllers.PeopleController.Delete (Api)", "RequestId": "0HNFGT8MUJPHK", "RequestPath": "/api/people/1a3b1d01-751e-47c3-8a59-b49b56870430", "Application": "Crud.Api"}
[04:19:13 DBG] Successfully invalidated cache for tag: people:1a3b1d01-751e-47c3-8a59-b49b56870430 {"SourceContext": "Api.Services.OutputCacheInvalidationService", "ActionId": "8fcd7d1e-15c0-47dd-9c8a-348878a9b666", "ActionName": "Api.Controllers.PeopleController.Delete (Api)", "RequestId": "0HNFGT8MUJPHK", "RequestPath": "/api/people/1a3b1d01-751e-47c3-8a59-b49b56870430", "Application": "Crud.Api"}
Activity.TraceId:            9342263f2b9fc3ad4b8388eae45e1d50
Activity.SpanId:             e2668eb7c3e5a37f
Activity.TraceFlags:         Recorded
Activity.ActivitySourceName: Microsoft.AspNetCore
Activity.DisplayName:        DELETE api/People/{id:guid}
Activity.Kind:               Server
Activity.StartTime:          2025-09-11T04:19:13.8260682Z
Activity.Duration:           00:00:00.0096794
Activity.Tags:
    server.address: localhost
    http.request.method: DELETE
    url.scheme: http
    url.path: /api/people/1a3b1d01-751e-47c3-8a59-b49b56870430
    network.protocol.version: 1.1
    http.route: api/People/{id:guid}
    http.response.status_code: 204
Resource associated with Activity:
    deployment.environment: Testing
    service.name: Crud.Api
    service.version: 1.0.0
    service.instance.id: 8958bff5-028e-43b0-8103-5553bc095d18
    telemetry.sdk.name: opentelemetry
    telemetry.sdk.language: dotnet
    telemetry.sdk.version: 1.8.1
[04:19:13 DBG] Cache miss for key: list:person {"SourceContext": "Infrastructure.Services.Caching.InMemoryCacheService", "ActionId": "65c6248c-3de8-46ef-9b2e-7d8c5b3ddbe2", "ActionName": "Api.Controllers.PeopleController.List (Api)", "RequestId": "0HNFGT8MUJPHL", "RequestPath": "/api/people", "Application": "Crud.Api"}
[04:19:13 DBG] Set cache value for key: list:person {"SourceContext": "Infrastructure.Services.Caching.InMemoryCacheService", "ActionId": "65c6248c-3de8-46ef-9b2e-7d8c5b3ddbe2", "ActionName": "Api.Controllers.PeopleController.List (Api)", "RequestId": "0HNFGT8MUJPHL", "RequestPath": "/api/people", "Application": "Crud.Api"}
Activity.TraceId:            d2580c245c4c7786156b25eb87889fec
Activity.SpanId:             09b0b45739299c95
Activity.TraceFlags:         Recorded
Activity.ActivitySourceName: Microsoft.AspNetCore
Activity.DisplayName:        GET api/People
Activity.Kind:               Server
Activity.StartTime:          2025-09-11T04:19:13.8358231Z
Activity.Duration:           00:00:00.0007973
Activity.Tags:
    server.address: localhost
    http.request.method: GET
    url.scheme: http
    url.path: /api/people
    network.protocol.version: 1.1
    http.route: api/People
    http.response.status_code: 200
Resource associated with Activity:
    deployment.environment: Testing
    service.name: Crud.Api
    service.version: 1.0.0
    service.instance.id: 8958bff5-028e-43b0-8103-5553bc095d18
    telemetry.sdk.name: opentelemetry
    telemetry.sdk.language: dotnet
    telemetry.sdk.version: 1.8.1
[04:19:13 INF] Resetting database for worker 12970 {"SourceContext": "Infrastructure.Services.DatabaseTestService", "Application": "Crud.Api"}
[04:19:13 INF] Resetting database via file deletion for worker 12970 in CI environment {"SourceContext": "Infrastructure.Services.DatabaseTestService", "Application": "Crud.Api"}
[04:19:13 INF] Acquiring database mutex for worker 12970... {"SourceContext": "Infrastructure.Services.DatabaseTestService", "Application": "Crud.Api"}
[04:19:13 INF] Database mutex acquired for worker 12970 {"SourceContext": "Infrastructure.Services.DatabaseTestService", "Application": "Crud.Api"}
[04:19:13 INF] Current database state - CanConnect: True {"SourceContext": "Infrastructure.Services.DatabaseTestService", "Application": "Crud.Api"}
[04:19:13 INF] [Phase 0] Closing database connection for worker 12970... {"SourceContext": "Infrastructure.Services.DatabaseTestService", "Application": "Crud.Api"}
[04:19:13 INF] [Phase 0] Connection closed in 0.0006ms {"SourceContext": "Infrastructure.Services.DatabaseTestService", "Application": "Crud.Api"}
[04:19:13 INF] [Phase 1] Starting EnsureDeletedAsync for worker 12970... {"SourceContext": "Infrastructure.Services.DatabaseTestService", "Application": "Crud.Api"}
[04:19:13 INF] [Phase 1] EnsureDeletedAsync completed in 1.3083ms {"SourceContext": "Infrastructure.Services.DatabaseTestService", "Application": "Crud.Api"}
[04:19:13 INF] [Phase 2] Starting EnsureCreatedAsync for worker 12970... {"SourceContext": "Infrastructure.Services.DatabaseTestService", "Application": "Crud.Api"}
[04:19:13 INF] [Phase 2] EnsureCreatedAsync completed in 14.3701ms {"SourceContext": "Infrastructure.Services.DatabaseTestService", "Application": "Crud.Api"}
[04:19:13 INF] [Phase 3] Skipping database seeding as requested for worker 12970 {"SourceContext": "Infrastructure.Services.DatabaseTestService", "Application": "Crud.Api"}
[04:19:13 INF] Database reset via file deletion completed for worker 12970 in 116.2911ms (Close: 0.0006ms, Delete: 1.3083ms, Create: 14.3701ms) {"SourceContext": "Infrastructure.Services.DatabaseTestService", "Application": "Crud.Api"}
[04:19:13 INF] Releasing database mutex for worker 12970 {"SourceContext": "Infrastructure.Services.DatabaseTestService", "Application": "Crud.Api"}
[04:19:13 INF] Resetting database for worker 12970 {"SourceContext": "Infrastructure.Services.DatabaseTestService", "Application": "Crud.Api"}
[04:19:13 INF] Resetting database via file deletion for worker 12970 in CI environment {"SourceContext": "Infrastructure.Services.DatabaseTestService", "Application": "Crud.Api"}
[04:19:13 INF] Acquiring database mutex for worker 12970... {"SourceContext": "Infrastructure.Services.DatabaseTestService", "Application": "Crud.Api"}
[04:19:13 INF] Database mutex acquired for worker 12970 {"SourceContext": "Infrastructure.Services.DatabaseTestService", "Application": "Crud.Api"}
[04:19:13 INF] Current database state - CanConnect: True {"SourceContext": "Infrastructure.Services.DatabaseTestService", "Application": "Crud.Api"}
[04:19:13 INF] [Phase 0] Closing database connection for worker 12970... {"SourceContext": "Infrastructure.Services.DatabaseTestService", "Application": "Crud.Api"}
[04:19:13 INF] [Phase 0] Connection closed in 0.0005ms {"SourceContext": "Infrastructure.Services.DatabaseTestService", "Application": "Crud.Api"}
[04:19:13 INF] [Phase 1] Starting EnsureDeletedAsync for worker 12970... {"SourceContext": "Infrastructure.Services.DatabaseTestService", "Application": "Crud.Api"}
[04:19:13 INF] [Phase 1] EnsureDeletedAsync completed in 1.1034ms {"SourceContext": "Infrastructure.Services.DatabaseTestService", "Application": "Crud.Api"}
[04:19:14 INF] [Phase 2] Starting EnsureCreatedAsync for worker 12970... {"SourceContext": "Infrastructure.Services.DatabaseTestService", "Application": "Crud.Api"}
[04:19:14 INF] [Phase 2] EnsureCreatedAsync completed in 7.0126ms {"SourceContext": "Infrastructure.Services.DatabaseTestService", "Application": "Crud.Api"}
[04:19:14 INF] [Phase 3] Skipping database seeding as requested for worker 12970 {"SourceContext": "Infrastructure.Services.DatabaseTestService", "Application": "Crud.Api"}
[04:19:14 INF] Database reset via file deletion completed for worker 12970 in 109.2899ms (Close: 0.0005ms, Delete: 1.1034ms, Create: 7.0126ms) {"SourceContext": "Infrastructure.Services.DatabaseTestService", "Application": "Crud.Api"}
[04:19:14 INF] Releasing database mutex for worker 12970 {"SourceContext": "Infrastructure.Services.DatabaseTestService", "Application": "Crud.Api"}
[04:19:14 INF] User registered successfully: 67eb5b94-062b-4e1d-8029-b1a1439ee7ba {"SourceContext": "App.Features.Authentication.RegisterUserCommandHandler", "ActionId": "1edc9bf6-55aa-47b1-80d8-6e1932a590ae", "ActionName": "Api.Controllers.AuthController.Register (Api)", "RequestId": "0HNFGT8MUJPHM", "RequestPath": "/api/auth/register", "Application": "Crud.Api"}
Activity.TraceId:            409c9a70c06c45d96c7844b14beceee2
Activity.SpanId:             3840186894535f3f
Activity.TraceFlags:         Recorded
Activity.ActivitySourceName: Microsoft.AspNetCore
Activity.DisplayName:        POST api/Auth/register
Activity.Kind:               Server
Activity.StartTime:          2025-09-11T04:19:14.0673326Z
Activity.Duration:           00:00:00.3090887
Activity.Tags:
    server.address: localhost
    http.request.method: POST
    url.scheme: http
    url.path: /api/auth/register
    network.protocol.version: 1.1
    http.route: api/Auth/register
    http.response.status_code: 200
Resource associated with Activity:
    deployment.environment: Testing
    service.name: Crud.Api
    service.version: 1.0.0
    service.instance.id: 8958bff5-028e-43b0-8103-5553bc095d18
    telemetry.sdk.name: opentelemetry
    telemetry.sdk.language: dotnet
    telemetry.sdk.version: 1.8.1
[04:19:14 INF] User registered successfully: 455460e8-10a2-436e-8a5e-d8fedc68fd27 {"SourceContext": "App.Features.Authentication.RegisterUserCommandHandler", "ActionId": "1edc9bf6-55aa-47b1-80d8-6e1932a590ae", "ActionName": "Api.Controllers.AuthController.Register (Api)", "RequestId": "0HNFGT8MUJPHN", "RequestPath": "/api/auth/register", "Application": "Crud.Api"}
Activity.TraceId:            04349dcabe946b34be8b4970c2997542
Activity.SpanId:             71a395a7b89f815a
Activity.TraceFlags:         Recorded
Activity.ActivitySourceName: Microsoft.AspNetCore
Activity.DisplayName:        POST api/Auth/register
Activity.Kind:               Server
Activity.StartTime:          2025-09-11T04:19:14.3768826Z
Activity.Duration:           00:00:00.2980686
Activity.Tags:
    server.address: localhost
    http.request.method: POST
    url.scheme: http
    url.path: /api/auth/register
    network.protocol.version: 1.1
    http.route: api/Auth/register
    http.response.status_code: 200
Resource associated with Activity:
    deployment.environment: Testing
    service.name: Crud.Api
    service.version: 1.0.0
    service.instance.id: 8958bff5-028e-43b0-8103-5553bc095d18
    telemetry.sdk.name: opentelemetry
    telemetry.sdk.language: dotnet
    telemetry.sdk.version: 1.8.1
[04:19:14 INF] User logged in successfully: 455460e8-10a2-436e-8a5e-d8fedc68fd27 {"SourceContext": "App.Features.Authentication.LoginCommandHandler", "ActionId": "338e3eb6-8350-43a9-89a4-707b7c6999e9", "ActionName": "Api.Controllers.AuthController.Login (Api)", "RequestId": "0HNFGT8MUJPHO", "RequestPath": "/api/auth/login", "Application": "Crud.Api"}
Activity.TraceId:            889a6378425d5416336ef4465963c088
Activity.SpanId:             6c436631d4f02a96
Activity.TraceFlags:         Recorded
Activity.ActivitySourceName: Microsoft.AspNetCore
Activity.DisplayName:        POST api/Auth/login
Activity.Kind:               Server
Activity.StartTime:          2025-09-11T04:19:14.6759674Z
Activity.Duration:           00:00:00.2996948
Activity.Tags:
    server.address: localhost
    http.request.method: POST
    url.scheme: http
    url.path: /api/auth/login
    network.protocol.version: 1.1
    http.route: api/Auth/login
    http.response.status_code: 200
Resource associated with Activity:
    deployment.environment: Testing
    service.name: Crud.Api
    service.version: 1.0.0
    service.instance.id: 8958bff5-028e-43b0-8103-5553bc095d18
    telemetry.sdk.name: opentelemetry
    telemetry.sdk.language: dotnet
    telemetry.sdk.version: 1.8.1
[04:19:14 DBG] Cache miss for key: entity:person:5bb5c5ea0d2d4fae85571750b108f9fb {"SourceContext": "Infrastructure.Services.Caching.InMemoryCacheService", "ActionId": "0776fedf-123f-4e28-82c0-b746d8c27b52", "ActionName": "Api.Controllers.PeopleController.Get (Api)", "RequestId": "0HNFGT8MUJPHP", "RequestPath": "/api/people/5bb5c5ea-0d2d-4fae-8557-1750b108f9fb", "Application": "Crud.Api"}
[04:19:14 DBG] Set cache value for key: entity:person:5bb5c5ea0d2d4fae85571750b108f9fb {"SourceContext": "Infrastructure.Services.Caching.InMemoryCacheService", "ActionId": "0776fedf-123f-4e28-82c0-b746d8c27b52", "ActionName": "Api.Controllers.PeopleController.Get (Api)", "RequestId": "0HNFGT8MUJPHP", "RequestPath": "/api/people/5bb5c5ea-0d2d-4fae-8557-1750b108f9fb", "Application": "Crud.Api"}
Activity.TraceId:            b246adf94a98326a3336230c979e4b10
Activity.SpanId:             63e62afd4f4f9e09
Activity.TraceFlags:         Recorded
Activity.ActivitySourceName: Microsoft.AspNetCore
Activity.DisplayName:        GET api/People/{id:guid}
Activity.Kind:               Server
Activity.StartTime:          2025-09-11T04:19:14.9759035Z
Activity.Duration:           00:00:00.0034386
Activity.Tags:
    server.address: localhost
    http.request.method: GET
    url.scheme: http
    url.path: /api/people/5bb5c5ea-0d2d-4fae-8557-1750b108f9fb
    network.protocol.version: 1.1
    http.route: api/People/{id:guid}
    http.response.status_code: 200
Resource associated with Activity:
    deployment.environment: Testing
    service.name: Crud.Api
    service.version: 1.0.0
    service.instance.id: 8958bff5-028e-43b0-8103-5553bc095d18
    telemetry.sdk.name: opentelemetry
    telemetry.sdk.language: dotnet
    telemetry.sdk.version: 1.8.1
[04:19:14 DBG] Cache hit for key: list:person {"SourceContext": "Infrastructure.Services.Caching.InMemoryCacheService", "ActionId": "65c6248c-3de8-46ef-9b2e-7d8c5b3ddbe2", "ActionName": "Api.Controllers.PeopleController.List (Api)", "RequestId": "0HNFGT8MUJPHQ", "RequestPath": "/api/people", "Application": "Crud.Api"}
Activity.TraceId:            fecccb46b253e1e24e8785e096c79aa3
Activity.SpanId:             52824421f2006841
Activity.TraceFlags:         Recorded
Activity.ActivitySourceName: Microsoft.AspNetCore
Activity.DisplayName:        GET api/People
Activity.Kind:               Server
Activity.StartTime:          2025-09-11T04:19:14.9793987Z
Activity.Duration:           00:00:00.0002948
Activity.Tags:
    server.address: localhost
    http.request.method: GET
    url.scheme: http
    url.path: /api/people
    network.protocol.version: 1.1
    http.route: api/People
    http.response.status_code: 200
Resource associated with Activity:
    deployment.environment: Testing
    service.name: Crud.Api
    service.version: 1.0.0
    service.instance.id: 8958bff5-028e-43b0-8103-5553bc095d18
    telemetry.sdk.name: opentelemetry
    telemetry.sdk.language: dotnet
    telemetry.sdk.version: 1.8.1
[04:19:14 DBG] Cache hit for key: entity:person:5bb5c5ea0d2d4fae85571750b108f9fb {"SourceContext": "Infrastructure.Services.Caching.InMemoryCacheService", "ActionId": "d7a05096-b2eb-4b4f-bbe6-690dfcf1e46b", "ActionName": "Api.Controllers.PeopleController.Update (Api)", "RequestId": "0HNFGT8MUJPHR", "RequestPath": "/api/people/5bb5c5ea-0d2d-4fae-8557-1750b108f9fb", "Application": "Crud.Api"}
[04:19:14 DBG] Removed cache value for key: entity:person:5bb5c5ea0d2d4fae85571750b108f9fb {"SourceContext": "Infrastructure.Services.Caching.InMemoryCacheService", "ActionId": "d7a05096-b2eb-4b4f-bbe6-690dfcf1e46b", "ActionName": "Api.Controllers.PeopleController.Update (Api)", "RequestId": "0HNFGT8MUJPHR", "RequestPath": "/api/people/5bb5c5ea-0d2d-4fae-8557-1750b108f9fb", "Application": "Crud.Api"}
[04:19:14 DBG] Removed cache value for key: list:person {"SourceContext": "Infrastructure.Services.Caching.InMemoryCacheService", "ActionId": "d7a05096-b2eb-4b4f-bbe6-690dfcf1e46b", "ActionName": "Api.Controllers.PeopleController.Update (Api)", "RequestId": "0HNFGT8MUJPHR", "RequestPath": "/api/people/5bb5c5ea-0d2d-4fae-8557-1750b108f9fb", "Application": "Crud.Api"}
[04:19:14 DBG] Invalidating cache for entity: people/5bb5c5ea-0d2d-4fae-8557-1750b108f9fb with tags: people, people:5bb5c5ea-0d2d-4fae-8557-1750b108f9fb {"SourceContext": "Api.Services.OutputCacheInvalidationService", "ActionId": "d7a05096-b2eb-4b4f-bbe6-690dfcf1e46b", "ActionName": "Api.Controllers.PeopleController.Update (Api)", "RequestId": "0HNFGT8MUJPHR", "RequestPath": "/api/people/5bb5c5ea-0d2d-4fae-8557-1750b108f9fb", "Application": "Crud.Api"}
[04:19:14 DBG] Successfully invalidated cache for tag: people {"SourceContext": "Api.Services.OutputCacheInvalidationService", "ActionId": "d7a05096-b2eb-4b4f-bbe6-690dfcf1e46b", "ActionName": "Api.Controllers.PeopleController.Update (Api)", "RequestId": "0HNFGT8MUJPHR", "RequestPath": "/api/people/5bb5c5ea-0d2d-4fae-8557-1750b108f9fb", "Application": "Crud.Api"}
[04:19:14 DBG] Successfully invalidated cache for tag: people:5bb5c5ea-0d2d-4fae-8557-1750b108f9fb {"SourceContext": "Api.Services.OutputCacheInvalidationService", "ActionId": "d7a05096-b2eb-4b4f-bbe6-690dfcf1e46b", "ActionName": "Api.Controllers.PeopleController.Update (Api)", "RequestId": "0HNFGT8MUJPHR", "RequestPath": "/api/people/5bb5c5ea-0d2d-4fae-8557-1750b108f9fb", "Application": "Crud.Api"}
Activity.TraceId:            44596cab109394e654a6e77b459a8645
Activity.SpanId:             648c28d4a57ebf35
Activity.TraceFlags:         Recorded
Activity.ActivitySourceName: Microsoft.AspNetCore
Activity.DisplayName:        PUT api/People/{id:guid}
Activity.Kind:               Server
Activity.StartTime:          2025-09-11T04:19:14.9797751Z
Activity.Duration:           00:00:00.0056317
Activity.Tags:
    server.address: localhost
    http.request.method: PUT
    url.scheme: http
    url.path: /api/people/5bb5c5ea-0d2d-4fae-8557-1750b108f9fb
    network.protocol.version: 1.1
    http.route: api/People/{id:guid}
    http.response.status_code: 204
Resource associated with Activity:
    deployment.environment: Testing
    service.name: Crud.Api
    service.version: 1.0.0
    service.instance.id: 8958bff5-028e-43b0-8103-5553bc095d18
    telemetry.sdk.name: opentelemetry
    telemetry.sdk.language: dotnet
    telemetry.sdk.version: 1.8.1
[04:19:14 DBG] Cache miss for key: entity:person:5bb5c5ea0d2d4fae85571750b108f9fb {"SourceContext": "Infrastructure.Services.Caching.InMemoryCacheService", "ActionId": "0776fedf-123f-4e28-82c0-b746d8c27b52", "ActionName": "Api.Controllers.PeopleController.Get (Api)", "RequestId": "0HNFGT8MUJPHS", "RequestPath": "/api/people/5bb5c5ea-0d2d-4fae-8557-1750b108f9fb", "Application": "Crud.Api"}
[04:19:14 DBG] Set cache value for key: entity:person:5bb5c5ea0d2d4fae85571750b108f9fb {"SourceContext": "Infrastructure.Services.Caching.InMemoryCacheService", "ActionId": "0776fedf-123f-4e28-82c0-b746d8c27b52", "ActionName": "Api.Controllers.PeopleController.Get (Api)", "RequestId": "0HNFGT8MUJPHS", "RequestPath": "/api/people/5bb5c5ea-0d2d-4fae-8557-1750b108f9fb", "Application": "Crud.Api"}
Activity.TraceId:            a004d9290183b57b54f34655af1fd1ac
Activity.SpanId:             6ab96d10f6871285
Activity.TraceFlags:         Recorded
Activity.ActivitySourceName: Microsoft.AspNetCore
Activity.DisplayName:        GET api/People/{id:guid}
Activity.Kind:               Server
Activity.StartTime:          2025-09-11T04:19:14.9854821Z
Activity.Duration:           00:00:00.0008349
Activity.Tags:
    server.address: localhost
    http.request.method: GET
    url.scheme: http
    url.path: /api/people/5bb5c5ea-0d2d-4fae-8557-1750b108f9fb
    network.protocol.version: 1.1
    http.route: api/People/{id:guid}
    http.response.status_code: 200
Resource associated with Activity:
    deployment.environment: Testing
    service.name: Crud.Api
    service.version: 1.0.0
    service.instance.id: 8958bff5-028e-43b0-8103-5553bc095d18
    telemetry.sdk.name: opentelemetry
    telemetry.sdk.language: dotnet
    telemetry.sdk.version: 1.8.1
[04:19:14 DBG] Cache miss for key: list:person {"SourceContext": "Infrastructure.Services.Caching.InMemoryCacheService", "ActionId": "65c6248c-3de8-46ef-9b2e-7d8c5b3ddbe2", "ActionName": "Api.Controllers.PeopleController.List (Api)", "RequestId": "0HNFGT8MUJPHT", "RequestPath": "/api/people", "Application": "Crud.Api"}
[04:19:14 DBG] Set cache value for key: list:person {"SourceContext": "Infrastructure.Services.Caching.InMemoryCacheService", "ActionId": "65c6248c-3de8-46ef-9b2e-7d8c5b3ddbe2", "ActionName": "Api.Controllers.PeopleController.List (Api)", "RequestId": "0HNFGT8MUJPHT", "RequestPath": "/api/people", "Application": "Crud.Api"}
Activity.TraceId:            33b850c6a42174d9c14ed973bb6ba201
Activity.SpanId:             de5a7fe1ff6014ba
Activity.TraceFlags:         Recorded
Activity.ActivitySourceName: Microsoft.AspNetCore
Activity.DisplayName:        GET api/People
Activity.Kind:               Server
Activity.StartTime:          2025-09-11T04:19:14.9863604Z
Activity.Duration:           00:00:00.0007259
Activity.Tags:
    server.address: localhost
    http.request.method: GET
    url.scheme: http
    url.path: /api/people
    network.protocol.version: 1.1
    http.route: api/People
    http.response.status_code: 200
Resource associated with Activity:
    deployment.environment: Testing
    service.name: Crud.Api
    service.version: 1.0.0
    service.instance.id: 8958bff5-028e-43b0-8103-5553bc095d18
    telemetry.sdk.name: opentelemetry
    telemetry.sdk.language: dotnet
    telemetry.sdk.version: 1.8.1
[04:19:14 INF] Resetting database for worker 12970 {"SourceContext": "Infrastructure.Services.DatabaseTestService", "Application": "Crud.Api"}
[04:19:14 INF] Resetting database via file deletion for worker 12970 in CI environment {"SourceContext": "Infrastructure.Services.DatabaseTestService", "Application": "Crud.Api"}
[04:19:14 INF] Acquiring database mutex for worker 12970... {"SourceContext": "Infrastructure.Services.DatabaseTestService", "Application": "Crud.Api"}
[04:19:14 INF] Database mutex acquired for worker 12970 {"SourceContext": "Infrastructure.Services.DatabaseTestService", "Application": "Crud.Api"}
[04:19:14 INF] Current database state - CanConnect: True {"SourceContext": "Infrastructure.Services.DatabaseTestService", "Application": "Crud.Api"}
[04:19:14 INF] [Phase 0] Closing database connection for worker 12970... {"SourceContext": "Infrastructure.Services.DatabaseTestService", "Application": "Crud.Api"}
[04:19:14 INF] [Phase 0] Connection closed in 0.0005ms {"SourceContext": "Infrastructure.Services.DatabaseTestService", "Application": "Crud.Api"}
[04:19:14 INF] [Phase 1] Starting EnsureDeletedAsync for worker 12970... {"SourceContext": "Infrastructure.Services.DatabaseTestService", "Application": "Crud.Api"}
[04:19:14 INF] [Phase 1] EnsureDeletedAsync completed in 1.414ms {"SourceContext": "Infrastructure.Services.DatabaseTestService", "Application": "Crud.Api"}
[04:19:15 INF] [Phase 2] Starting EnsureCreatedAsync for worker 12970... {"SourceContext": "Infrastructure.Services.DatabaseTestService", "Application": "Crud.Api"}
[04:19:15 INF] [Phase 2] EnsureCreatedAsync completed in 7.986ms {"SourceContext": "Infrastructure.Services.DatabaseTestService", "Application": "Crud.Api"}
[04:19:15 INF] [Phase 3] Skipping database seeding as requested for worker 12970 {"SourceContext": "Infrastructure.Services.DatabaseTestService", "Application": "Crud.Api"}
[04:19:15 INF] Database reset via file deletion completed for worker 12970 in 109.8917ms (Close: 0.0005ms, Delete: 1.414ms, Create: 7.986ms) {"SourceContext": "Infrastructure.Services.DatabaseTestService", "Application": "Crud.Api"}
[04:19:15 INF] Releasing database mutex for worker 12970 {"SourceContext": "Infrastructure.Services.DatabaseTestService", "Application": "Crud.Api"}
[04:19:15 INF] Resetting database for worker 12970 {"SourceContext": "Infrastructure.Services.DatabaseTestService", "Application": "Crud.Api"}
[04:19:15 INF] Resetting database via file deletion for worker 12970 in CI environment {"SourceContext": "Infrastructure.Services.DatabaseTestService", "Application": "Crud.Api"}
[04:19:15 INF] Acquiring database mutex for worker 12970... {"SourceContext": "Infrastructure.Services.DatabaseTestService", "Application": "Crud.Api"}
[04:19:15 INF] Database mutex acquired for worker 12970 {"SourceContext": "Infrastructure.Services.DatabaseTestService", "Application": "Crud.Api"}
[04:19:15 INF] Current database state - CanConnect: True {"SourceContext": "Infrastructure.Services.DatabaseTestService", "Application": "Crud.Api"}
[04:19:15 INF] [Phase 0] Closing database connection for worker 12970... {"SourceContext": "Infrastructure.Services.DatabaseTestService", "Application": "Crud.Api"}
[04:19:15 INF] [Phase 0] Connection closed in 0.0005ms {"SourceContext": "Infrastructure.Services.DatabaseTestService", "Application": "Crud.Api"}
[04:19:15 INF] [Phase 1] Starting EnsureDeletedAsync for worker 12970... {"SourceContext": "Infrastructure.Services.DatabaseTestService", "Application": "Crud.Api"}
[04:19:15 INF] [Phase 1] EnsureDeletedAsync completed in 1.1267ms {"SourceContext": "Infrastructure.Services.DatabaseTestService", "Application": "Crud.Api"}
[04:19:15 INF] [Phase 2] Starting EnsureCreatedAsync for worker 12970... {"SourceContext": "Infrastructure.Services.DatabaseTestService", "Application": "Crud.Api"}
[04:19:15 INF] [Phase 2] EnsureCreatedAsync completed in 7.5552ms {"SourceContext": "Infrastructure.Services.DatabaseTestService", "Application": "Crud.Api"}
[04:19:15 INF] [Phase 3] Skipping database seeding as requested for worker 12970 {"SourceContext": "Infrastructure.Services.DatabaseTestService", "Application": "Crud.Api"}
[04:19:15 INF] Database reset via file deletion completed for worker 12970 in 108.5ms (Close: 0.0005ms, Delete: 1.1267ms, Create: 7.5552ms) {"SourceContext": "Infrastructure.Services.DatabaseTestService", "Application": "Crud.Api"}
[04:19:15 INF] Releasing database mutex for worker 12970 {"SourceContext": "Infrastructure.Services.DatabaseTestService", "Application": "Crud.Api"}
[04:19:15 INF] User registered successfully: 252468cc-3872-43c2-818b-a5fbed8120d2 {"SourceContext": "App.Features.Authentication.RegisterUserCommandHandler", "ActionId": "1edc9bf6-55aa-47b1-80d8-6e1932a590ae", "ActionName": "Api.Controllers.AuthController.Register (Api)", "RequestId": "0HNFGT8MUJPHU", "RequestPath": "/api/auth/register", "Application": "Crud.Api"}
Activity.TraceId:            6a4c1d6c50221b7eeda36505b5de3e08
Activity.SpanId:             667ccfaafed636cd
Activity.TraceFlags:         Recorded
Activity.ActivitySourceName: Microsoft.AspNetCore
Activity.DisplayName:        POST api/Auth/register
Activity.Kind:               Server
Activity.StartTime:          2025-09-11T04:19:15.2099764Z
Activity.Duration:           00:00:00.3022513
Activity.Tags:
    server.address: localhost
    http.request.method: POST
    url.scheme: http
    url.path: /api/auth/register
    network.protocol.version: 1.1
    http.route: api/Auth/register
    http.response.status_code: 200
Resource associated with Activity:
    deployment.environment: Testing
    service.name: Crud.Api
    service.version: 1.0.0
    service.instance.id: 8958bff5-028e-43b0-8103-5553bc095d18
    telemetry.sdk.name: opentelemetry
    telemetry.sdk.language: dotnet
    telemetry.sdk.version: 1.8.1
[04:19:15 INF] User registered successfully: 3a904dff-ac47-4131-8d25-82fd4012e701 {"SourceContext": "App.Features.Authentication.RegisterUserCommandHandler", "ActionId": "1edc9bf6-55aa-47b1-80d8-6e1932a590ae", "ActionName": "Api.Controllers.AuthController.Register (Api)", "RequestId": "0HNFGT8MUJPHV", "RequestPath": "/api/auth/register", "Application": "Crud.Api"}
Activity.TraceId:            27e265d07dcc400393d5d1548b0cc2d8
Activity.SpanId:             0a348403961a086d
Activity.TraceFlags:         Recorded
Activity.ActivitySourceName: Microsoft.AspNetCore
Activity.DisplayName:        POST api/Auth/register
Activity.Kind:               Server
Activity.StartTime:          2025-09-11T04:19:15.5129065Z
Activity.Duration:           00:00:00.2982060
Activity.Tags:
    server.address: localhost
    http.request.method: POST
    url.scheme: http
    url.path: /api/auth/register
    network.protocol.version: 1.1
    http.route: api/Auth/register
    http.response.status_code: 200
Resource associated with Activity:
    deployment.environment: Testing
    service.name: Crud.Api
    service.version: 1.0.0
    service.instance.id: 8958bff5-028e-43b0-8103-5553bc095d18
    telemetry.sdk.name: opentelemetry
    telemetry.sdk.language: dotnet
    telemetry.sdk.version: 1.8.1
[04:19:16 INF] User logged in successfully: 3a904dff-ac47-4131-8d25-82fd4012e701 {"SourceContext": "App.Features.Authentication.LoginCommandHandler", "ActionId": "338e3eb6-8350-43a9-89a4-707b7c6999e9", "ActionName": "Api.Controllers.AuthController.Login (Api)", "RequestId": "0HNFGT8MUJPI0", "RequestPath": "/api/auth/login", "Application": "Crud.Api"}
Activity.TraceId:            d2119bca9ae1a4d4c5f31b36f09ce899
Activity.SpanId:             23b759678522102e
Activity.TraceFlags:         Recorded
Activity.ActivitySourceName: Microsoft.AspNetCore
Activity.DisplayName:        POST api/Auth/login
Activity.Kind:               Server
Activity.StartTime:          2025-09-11T04:19:15.8120032Z
Activity.Duration:           00:00:00.2997258
Activity.Tags:
    server.address: localhost
    http.request.method: POST
    url.scheme: http
    url.path: /api/auth/login
    network.protocol.version: 1.1
    http.route: api/Auth/login
    http.response.status_code: 200
Resource associated with Activity:
    deployment.environment: Testing
    service.name: Crud.Api
    service.version: 1.0.0
    service.instance.id: 8958bff5-028e-43b0-8103-5553bc095d18
    telemetry.sdk.name: opentelemetry
    telemetry.sdk.language: dotnet
    telemetry.sdk.version: 1.8.1
[04:19:16 DBG] Cache miss for key: list:wall {"SourceContext": "Infrastructure.Services.Caching.InMemoryCacheService", "ActionId": "cec3452c-04c3-4bb7-b8e1-c2448dd2a690", "ActionName": "Api.Controllers.WallsController.List (Api)", "RequestId": "0HNFGT8MUJPI1", "RequestPath": "/api/walls", "Application": "Crud.Api"}
[04:19:16 DBG] Set cache value for key: list:wall {"SourceContext": "Infrastructure.Services.Caching.InMemoryCacheService", "ActionId": "cec3452c-04c3-4bb7-b8e1-c2448dd2a690", "ActionName": "Api.Controllers.WallsController.List (Api)", "RequestId": "0HNFGT8MUJPI1", "RequestPath": "/api/walls", "Application": "Crud.Api"}
Activity.TraceId:            50d751755ce3b5d4200365319a5e128b
Activity.SpanId:             30e24b3f9c9ee828
Activity.TraceFlags:         Recorded
Activity.ActivitySourceName: Microsoft.AspNetCore
Activity.DisplayName:        GET api/Walls
Activity.Kind:               Server
Activity.StartTime:          2025-09-11T04:19:16.1120486Z
Activity.Duration:           00:00:00.0078548
Activity.Tags:
    server.address: localhost
    http.request.method: GET
    url.scheme: http
    url.path: /api/walls
    network.protocol.version: 1.1
    http.route: api/Walls
    http.response.status_code: 200
Resource associated with Activity:
    deployment.environment: Testing
    service.name: Crud.Api
    service.version: 1.0.0
    service.instance.id: 8958bff5-028e-43b0-8103-5553bc095d18
    telemetry.sdk.name: opentelemetry
    telemetry.sdk.language: dotnet
    telemetry.sdk.version: 1.8.1
[04:19:16 DBG] Removed cache value for key: entity:wall:e635e8e567d84569950e7ea93d489e52 {"SourceContext": "Infrastructure.Services.Caching.InMemoryCacheService", "ActionId": "885e7970-d74b-4dce-9fe8-f8a5d89542e3", "ActionName": "Api.Controllers.WallsController.Create (Api)", "RequestId": "0HNFGT8MUJPI2", "RequestPath": "/api/walls", "Application": "Crud.Api"}
[04:19:16 DBG] Removed cache value for key: list:wall {"SourceContext": "Infrastructure.Services.Caching.InMemoryCacheService", "ActionId": "885e7970-d74b-4dce-9fe8-f8a5d89542e3", "ActionName": "Api.Controllers.WallsController.Create (Api)", "RequestId": "0HNFGT8MUJPI2", "RequestPath": "/api/walls", "Application": "Crud.Api"}
[04:19:16 DBG] Invalidating cache for entity type: walls with tag: walls {"SourceContext": "Api.Services.OutputCacheInvalidationService", "ActionId": "885e7970-d74b-4dce-9fe8-f8a5d89542e3", "ActionName": "Api.Controllers.WallsController.Create (Api)", "RequestId": "0HNFGT8MUJPI2", "RequestPath": "/api/walls", "Application": "Crud.Api"}
[04:19:16 INF] Successfully invalidated cache for entity type: walls {"SourceContext": "Api.Services.OutputCacheInvalidationService", "ActionId": "885e7970-d74b-4dce-9fe8-f8a5d89542e3", "ActionName": "Api.Controllers.WallsController.Create (Api)", "RequestId": "0HNFGT8MUJPI2", "RequestPath": "/api/walls", "Application": "Crud.Api"}
Activity.TraceId:            6e2de16a957027930cf6784c0e72bae7
Activity.SpanId:             921f2eaacf89597f
Activity.TraceFlags:         Recorded
Activity.ActivitySourceName: Microsoft.AspNetCore
Activity.DisplayName:        POST api/Walls
Activity.Kind:               Server
Activity.StartTime:          2025-09-11T04:19:16.1199934Z
Activity.Duration:           00:00:00.0083260
Activity.Tags:
    server.address: localhost
    http.request.method: POST
    url.scheme: http
    url.path: /api/walls
    network.protocol.version: 1.1
    http.route: api/Walls
    http.response.status_code: 201
Resource associated with Activity:
    deployment.environment: Testing
    service.name: Crud.Api
    service.version: 1.0.0
    service.instance.id: 8958bff5-028e-43b0-8103-5553bc095d18
    telemetry.sdk.name: opentelemetry
    telemetry.sdk.language: dotnet
    telemetry.sdk.version: 1.8.1
[04:19:16 DBG] Cache miss for key: list:wall {"SourceContext": "Infrastructure.Services.Caching.InMemoryCacheService", "ActionId": "cec3452c-04c3-4bb7-b8e1-c2448dd2a690", "ActionName": "Api.Controllers.WallsController.List (Api)", "RequestId": "0HNFGT8MUJPI3", "RequestPath": "/api/walls", "Application": "Crud.Api"}
[04:19:16 DBG] Set cache value for key: list:wall {"SourceContext": "Infrastructure.Services.Caching.InMemoryCacheService", "ActionId": "cec3452c-04c3-4bb7-b8e1-c2448dd2a690", "ActionName": "Api.Controllers.WallsController.List (Api)", "RequestId": "0HNFGT8MUJPI3", "RequestPath": "/api/walls", "Application": "Crud.Api"}
Activity.TraceId:            ec99424591e3f1d48c7284cd059e848b
Activity.SpanId:             c48a362e85ac8932
Activity.TraceFlags:         Recorded
Activity.ActivitySourceName: Microsoft.AspNetCore
Activity.DisplayName:        GET api/Walls
Activity.Kind:               Server
Activity.StartTime:          2025-09-11T04:19:16.1283660Z
Activity.Duration:           00:00:00.0012289
Activity.Tags:
    server.address: localhost
    http.request.method: GET
    url.scheme: http
    url.path: /api/walls
    network.protocol.version: 1.1
    http.route: api/Walls
    http.response.status_code: 200
Resource associated with Activity:
    deployment.environment: Testing
    service.name: Crud.Api
    service.version: 1.0.0
    service.instance.id: 8958bff5-028e-43b0-8103-5553bc095d18
    telemetry.sdk.name: opentelemetry
    telemetry.sdk.language: dotnet
    telemetry.sdk.version: 1.8.1
[04:19:16 INF] Resetting database for worker 12970 {"SourceContext": "Infrastructure.Services.DatabaseTestService", "Application": "Crud.Api"}
[04:19:16 INF] Resetting database via file deletion for worker 12970 in CI environment {"SourceContext": "Infrastructure.Services.DatabaseTestService", "Application": "Crud.Api"}
[04:19:16 INF] Acquiring database mutex for worker 12970... {"SourceContext": "Infrastructure.Services.DatabaseTestService", "Application": "Crud.Api"}
[04:19:16 INF] Database mutex acquired for worker 12970 {"SourceContext": "Infrastructure.Services.DatabaseTestService", "Application": "Crud.Api"}
[04:19:16 INF] Current database state - CanConnect: True {"SourceContext": "Infrastructure.Services.DatabaseTestService", "Application": "Crud.Api"}
[04:19:16 INF] [Phase 0] Closing database connection for worker 12970... {"SourceContext": "Infrastructure.Services.DatabaseTestService", "Application": "Crud.Api"}
[04:19:16 INF] [Phase 0] Connection closed in 0.0006ms {"SourceContext": "Infrastructure.Services.DatabaseTestService", "Application": "Crud.Api"}
[04:19:16 INF] [Phase 1] Starting EnsureDeletedAsync for worker 12970... {"SourceContext": "Infrastructure.Services.DatabaseTestService", "Application": "Crud.Api"}
[04:19:16 INF] [Phase 1] EnsureDeletedAsync completed in 1.2325ms {"SourceContext": "Infrastructure.Services.DatabaseTestService", "Application": "Crud.Api"}
[04:19:16 INF] [Phase 2] Starting EnsureCreatedAsync for worker 12970... {"SourceContext": "Infrastructure.Services.DatabaseTestService", "Application": "Crud.Api"}
[04:19:16 INF] [Phase 2] EnsureCreatedAsync completed in 11.0498ms {"SourceContext": "Infrastructure.Services.DatabaseTestService", "Application": "Crud.Api"}
[04:19:16 INF] [Phase 3] Skipping database seeding as requested for worker 12970 {"SourceContext": "Infrastructure.Services.DatabaseTestService", "Application": "Crud.Api"}
[04:19:16 INF] Database reset via file deletion completed for worker 12970 in 111.6503ms (Close: 0.0006ms, Delete: 1.2325ms, Create: 11.0498ms) {"SourceContext": "Infrastructure.Services.DatabaseTestService", "Application": "Crud.Api"}
[04:19:16 INF] Releasing database mutex for worker 12970 {"SourceContext": "Infrastructure.Services.DatabaseTestService", "Application": "Crud.Api"}
[04:19:16 INF] Resetting database for worker 12970 {"SourceContext": "Infrastructure.Services.DatabaseTestService", "Application": "Crud.Api"}
[04:19:16 INF] Resetting database via file deletion for worker 12970 in CI environment {"SourceContext": "Infrastructure.Services.DatabaseTestService", "Application": "Crud.Api"}
[04:19:16 INF] Acquiring database mutex for worker 12970... {"SourceContext": "Infrastructure.Services.DatabaseTestService", "Application": "Crud.Api"}
[04:19:16 INF] Database mutex acquired for worker 12970 {"SourceContext": "Infrastructure.Services.DatabaseTestService", "Application": "Crud.Api"}
[04:19:16 INF] Current database state - CanConnect: True {"SourceContext": "Infrastructure.Services.DatabaseTestService", "Application": "Crud.Api"}
[04:19:16 INF] [Phase 0] Closing database connection for worker 12970... {"SourceContext": "Infrastructure.Services.DatabaseTestService", "Application": "Crud.Api"}
[04:19:16 INF] [Phase 0] Connection closed in 0.0006ms {"SourceContext": "Infrastructure.Services.DatabaseTestService", "Application": "Crud.Api"}
[04:19:16 INF] [Phase 1] Starting EnsureDeletedAsync for worker 12970... {"SourceContext": "Infrastructure.Services.DatabaseTestService", "Application": "Crud.Api"}
[04:19:16 INF] [Phase 1] EnsureDeletedAsync completed in 1.1046ms {"SourceContext": "Infrastructure.Services.DatabaseTestService", "Application": "Crud.Api"}
[04:19:16 INF] [Phase 2] Starting EnsureCreatedAsync for worker 12970... {"SourceContext": "Infrastructure.Services.DatabaseTestService", "Application": "Crud.Api"}
[04:19:16 INF] [Phase 2] EnsureCreatedAsync completed in 7.0903ms {"SourceContext": "Infrastructure.Services.DatabaseTestService", "Application": "Crud.Api"}
[04:19:16 INF] [Phase 3] Skipping database seeding as requested for worker 12970 {"SourceContext": "Infrastructure.Services.DatabaseTestService", "Application": "Crud.Api"}
[04:19:16 INF] Database reset via file deletion completed for worker 12970 in 108.3526ms (Close: 0.0006ms, Delete: 1.1046ms, Create: 7.0903ms) {"SourceContext": "Infrastructure.Services.DatabaseTestService", "Application": "Crud.Api"}
[04:19:16 INF] Releasing database mutex for worker 12970 {"SourceContext": "Infrastructure.Services.DatabaseTestService", "Application": "Crud.Api"}
[04:19:16 INF] User registered successfully: b12b03d1-09ae-4c9a-82d9-e8a472345e05 {"SourceContext": "App.Features.Authentication.RegisterUserCommandHandler", "ActionId": "1edc9bf6-55aa-47b1-80d8-6e1932a590ae", "ActionName": "Api.Controllers.AuthController.Register (Api)", "RequestId": "0HNFGT8MUJPI4", "RequestPath": "/api/auth/register", "Application": "Crud.Api"}
Activity.TraceId:            418b3c20c7cc21f28b999b41ccd36afb
Activity.SpanId:             e98c877524c1b66f
Activity.TraceFlags:         Recorded
Activity.ActivitySourceName: Microsoft.AspNetCore
Activity.DisplayName:        POST api/Auth/register
Activity.Kind:               Server
Activity.StartTime:          2025-09-11T04:19:16.3543515Z
Activity.Duration:           00:00:00.2981588
Activity.Tags:
    server.address: localhost
    http.request.method: POST
    url.scheme: http
    url.path: /api/auth/register
    network.protocol.version: 1.1
    http.route: api/Auth/register
    http.response.status_code: 200
Resource associated with Activity:
    deployment.environment: Testing
    service.name: Crud.Api
    service.version: 1.0.0
    service.instance.id: 8958bff5-028e-43b0-8103-5553bc095d18
    telemetry.sdk.name: opentelemetry
    telemetry.sdk.language: dotnet
    telemetry.sdk.version: 1.8.1
[04:19:16 INF] User registered successfully: 0af3d49d-5f1b-4878-918b-bc43835309d2 {"SourceContext": "App.Features.Authentication.RegisterUserCommandHandler", "ActionId": "1edc9bf6-55aa-47b1-80d8-6e1932a590ae", "ActionName": "Api.Controllers.AuthController.Register (Api)", "RequestId": "0HNFGT8MUJPI5", "RequestPath": "/api/auth/register", "Application": "Crud.Api"}
Activity.TraceId:            143a1b37550b65dc6672fb8dcbe8fa9b
Activity.SpanId:             9dfe76faba1d0f74
Activity.TraceFlags:         Recorded
Activity.ActivitySourceName: Microsoft.AspNetCore
Activity.DisplayName:        POST api/Auth/register
Activity.Kind:               Server
Activity.StartTime:          2025-09-11T04:19:16.6530041Z
Activity.Duration:           00:00:00.2976249
Activity.Tags:
    server.address: localhost
    http.request.method: POST
    url.scheme: http
    url.path: /api/auth/register
    network.protocol.version: 1.1
    http.route: api/Auth/register
    http.response.status_code: 200
Resource associated with Activity:
    deployment.environment: Testing
    service.name: Crud.Api
    service.version: 1.0.0
    service.instance.id: 8958bff5-028e-43b0-8103-5553bc095d18
    telemetry.sdk.name: opentelemetry
    telemetry.sdk.language: dotnet
    telemetry.sdk.version: 1.8.1
[04:19:17 INF] User logged in successfully: 0af3d49d-5f1b-4878-918b-bc43835309d2 {"SourceContext": "App.Features.Authentication.LoginCommandHandler", "ActionId": "338e3eb6-8350-43a9-89a4-707b7c6999e9", "ActionName": "Api.Controllers.AuthController.Login (Api)", "RequestId": "0HNFGT8MUJPI6", "RequestPath": "/api/auth/login", "Application": "Crud.Api"}
Activity.TraceId:            df8daf4e10ddb6829c7d4d5d78caed28
Activity.SpanId:             4dfd66436e2ef424
Activity.TraceFlags:         Recorded
Activity.ActivitySourceName: Microsoft.AspNetCore
Activity.DisplayName:        POST api/Auth/login
Activity.Kind:               Server
Activity.StartTime:          2025-09-11T04:19:16.9514401Z
Activity.Duration:           00:00:00.2979269
Activity.Tags:
    server.address: localhost
    http.request.method: POST
    url.scheme: http
    url.path: /api/auth/login
    network.protocol.version: 1.1
    http.route: api/Auth/login
    http.response.status_code: 200
Resource associated with Activity:
    deployment.environment: Testing
    service.name: Crud.Api
    service.version: 1.0.0
    service.instance.id: 8958bff5-028e-43b0-8103-5553bc095d18
    telemetry.sdk.name: opentelemetry
    telemetry.sdk.language: dotnet
    telemetry.sdk.version: 1.8.1
[04:19:17 DBG] Cache hit for key: list:person {"SourceContext": "Infrastructure.Services.Caching.InMemoryCacheService", "ActionId": "65c6248c-3de8-46ef-9b2e-7d8c5b3ddbe2", "ActionName": "Api.Controllers.PeopleController.List (Api)", "RequestId": "0HNFGT8MUJPI7", "RequestPath": "/api/people", "Application": "Crud.Api"}
Activity.TraceId:            668789a4a9f611e8c9afe00e09be899e
Activity.SpanId:             cd331f8494d90300
Activity.TraceFlags:         Recorded
Activity.ActivitySourceName: Microsoft.AspNetCore
Activity.DisplayName:        GET api/People
Activity.Kind:               Server
Activity.StartTime:          2025-09-11T04:19:17.2495834Z
Activity.Duration:           00:00:00.0006567
Activity.Tags:
    server.address: localhost
    http.request.method: GET
    url.scheme: http
    url.path: /api/people
    network.protocol.version: 1.1
    http.route: api/People
    http.response.status_code: 200
Resource associated with Activity:
    deployment.environment: Testing
    service.name: Crud.Api
    service.version: 1.0.0
    service.instance.id: 8958bff5-028e-43b0-8103-5553bc095d18
    telemetry.sdk.name: opentelemetry
    telemetry.sdk.language: dotnet
    telemetry.sdk.version: 1.8.1
[04:19:17 DBG] Cache hit for key: list:role {"SourceContext": "Infrastructure.Services.Caching.InMemoryCacheService", "ActionId": "87ce9bfe-ef04-4323-93fc-0feae3faded5", "ActionName": "Api.Controllers.RolesController.List (Api)", "RequestId": "0HNFGT8MUJPI8", "RequestPath": "/api/roles", "Application": "Crud.Api"}
Activity.TraceId:            1b76d89047ac4bc9cdbeea9264b2553e
Activity.SpanId:             05afd6109b43fb89
Activity.TraceFlags:         Recorded
Activity.ActivitySourceName: Microsoft.AspNetCore
Activity.DisplayName:        GET api/Roles
Activity.Kind:               Server
Activity.StartTime:          2025-09-11T04:19:17.2502966Z
Activity.Duration:           00:00:00.0015907
Activity.Tags:
    server.address: localhost
    http.request.method: GET
    url.scheme: http
    url.path: /api/roles
    network.protocol.version: 1.1
    http.route: api/Roles
    http.response.status_code: 200
Resource associated with Activity:
    deployment.environment: Testing
    service.name: Crud.Api
    service.version: 1.0.0
    service.instance.id: 8958bff5-028e-43b0-8103-5553bc095d18
    telemetry.sdk.name: opentelemetry
    telemetry.sdk.language: dotnet
    telemetry.sdk.version: 1.8.1
[04:19:17 DBG] Removed cache value for key: entity:person:f1f637ce41d644e2995f97569a98bc18 {"SourceContext": "Infrastructure.Services.Caching.InMemoryCacheService", "ActionId": "8546a53e-b40e-4ed7-bba0-377cbd534c7b", "ActionName": "Api.Controllers.PeopleController.Create (Api)", "RequestId": "0HNFGT8MUJPI9", "RequestPath": "/api/people", "Application": "Crud.Api"}
[04:19:17 DBG] Removed cache value for key: list:person {"SourceContext": "Infrastructure.Services.Caching.InMemoryCacheService", "ActionId": "8546a53e-b40e-4ed7-bba0-377cbd534c7b", "ActionName": "Api.Controllers.PeopleController.Create (Api)", "RequestId": "0HNFGT8MUJPI9", "RequestPath": "/api/people", "Application": "Crud.Api"}
[04:19:17 DBG] Invalidating cache for entity type: people with tag: people {"SourceContext": "Api.Services.OutputCacheInvalidationService", "ActionId": "8546a53e-b40e-4ed7-bba0-377cbd534c7b", "ActionName": "Api.Controllers.PeopleController.Create (Api)", "RequestId": "0HNFGT8MUJPI9", "RequestPath": "/api/people", "Application": "Crud.Api"}
[04:19:17 INF] Successfully invalidated cache for entity type: people {"SourceContext": "Api.Services.OutputCacheInvalidationService", "ActionId": "8546a53e-b40e-4ed7-bba0-377cbd534c7b", "ActionName": "Api.Controllers.PeopleController.Create (Api)", "RequestId": "0HNFGT8MUJPI9", "RequestPath": "/api/people", "Application": "Crud.Api"}
Activity.TraceId:            2af386d461a995a1816147d5059da76a
Activity.SpanId:             6166975176888de4
Activity.TraceFlags:         Recorded
Activity.ActivitySourceName: Microsoft.AspNetCore
Activity.DisplayName:        POST api/People
Activity.Kind:               Server
Activity.StartTime:          2025-09-11T04:19:17.2519597Z
Activity.Duration:           00:00:00.0013387
Activity.Tags:
    server.address: localhost
    http.request.method: POST
    url.scheme: http
    url.path: /api/people
    network.protocol.version: 1.1
    http.route: api/People
    http.response.status_code: 201
Resource associated with Activity:
    deployment.environment: Testing
    service.name: Crud.Api
    service.version: 1.0.0
    service.instance.id: 8958bff5-028e-43b0-8103-5553bc095d18
    telemetry.sdk.name: opentelemetry
    telemetry.sdk.language: dotnet
    telemetry.sdk.version: 1.8.1
[04:19:17 DBG] Cache miss for key: list:person {"SourceContext": "Infrastructure.Services.Caching.InMemoryCacheService", "ActionId": "65c6248c-3de8-46ef-9b2e-7d8c5b3ddbe2", "ActionName": "Api.Controllers.PeopleController.List (Api)", "RequestId": "0HNFGT8MUJPIA", "RequestPath": "/api/people", "Application": "Crud.Api"}
[04:19:17 DBG] Set cache value for key: list:person {"SourceContext": "Infrastructure.Services.Caching.InMemoryCacheService", "ActionId": "65c6248c-3de8-46ef-9b2e-7d8c5b3ddbe2", "ActionName": "Api.Controllers.PeopleController.List (Api)", "RequestId": "0HNFGT8MUJPIA", "RequestPath": "/api/people", "Application": "Crud.Api"}
Activity.TraceId:            197b0e1e1d8312c5e79a8e587862b2ce
Activity.SpanId:             f5789a571bdc45d3
Activity.TraceFlags:         Recorded
Activity.ActivitySourceName: Microsoft.AspNetCore
Activity.DisplayName:        GET api/People
Activity.Kind:               Server
Activity.StartTime:          2025-09-11T04:19:17.2534205Z
Activity.Duration:           00:00:00.0008100
Activity.Tags:
    server.address: localhost
    http.request.method: GET
    url.scheme: http
    url.path: /api/people
    network.protocol.version: 1.1
    http.route: api/People
    http.response.status_code: 200
Resource associated with Activity:
    deployment.environment: Testing
    service.name: Crud.Api
    service.version: 1.0.0
    service.instance.id: 8958bff5-028e-43b0-8103-5553bc095d18
    telemetry.sdk.name: opentelemetry
    telemetry.sdk.language: dotnet
    telemetry.sdk.version: 1.8.1
[04:19:17 DBG] Cache hit for key: list:role {"SourceContext": "Infrastructure.Services.Caching.InMemoryCacheService", "ActionId": "87ce9bfe-ef04-4323-93fc-0feae3faded5", "ActionName": "Api.Controllers.RolesController.List (Api)", "RequestId": "0HNFGT8MUJPIB", "RequestPath": "/api/roles", "Application": "Crud.Api"}
Activity.TraceId:            6c6cce1938954363f898b8d10396ee1b
Activity.SpanId:             fc81f2e020b69cbb
Activity.TraceFlags:         Recorded
Activity.ActivitySourceName: Microsoft.AspNetCore
Activity.DisplayName:        GET api/Roles
Activity.Kind:               Server
Activity.StartTime:          2025-09-11T04:19:17.2542823Z
Activity.Duration:           00:00:00.0002930
Activity.Tags:
    server.address: localhost
    http.request.method: GET
    url.scheme: http
    url.path: /api/roles
    network.protocol.version: 1.1
    http.route: api/Roles
    http.response.status_code: 200
Resource associated with Activity:
    deployment.environment: Testing
    service.name: Crud.Api
    service.version: 1.0.0
    service.instance.id: 8958bff5-028e-43b0-8103-5553bc095d18
    telemetry.sdk.name: opentelemetry
    telemetry.sdk.language: dotnet
    telemetry.sdk.version: 1.8.1
[04:19:17 INF] Resetting database for worker 12970 {"SourceContext": "Infrastructure.Services.DatabaseTestService", "Application": "Crud.Api"}
[04:19:17 INF] Resetting database via file deletion for worker 12970 in CI environment {"SourceContext": "Infrastructure.Services.DatabaseTestService", "Application": "Crud.Api"}
[04:19:17 INF] Acquiring database mutex for worker 12970... {"SourceContext": "Infrastructure.Services.DatabaseTestService", "Application": "Crud.Api"}
[04:19:17 INF] Database mutex acquired for worker 12970 {"SourceContext": "Infrastructure.Services.DatabaseTestService", "Application": "Crud.Api"}
[04:19:17 INF] Current database state - CanConnect: True {"SourceContext": "Infrastructure.Services.DatabaseTestService", "Application": "Crud.Api"}
[04:19:17 INF] [Phase 0] Closing database connection for worker 12970... {"SourceContext": "Infrastructure.Services.DatabaseTestService", "Application": "Crud.Api"}
[04:19:17 INF] [Phase 0] Connection closed in 0.0006ms {"SourceContext": "Infrastructure.Services.DatabaseTestService", "Application": "Crud.Api"}
[04:19:17 INF] [Phase 1] Starting EnsureDeletedAsync for worker 12970... {"SourceContext": "Infrastructure.Services.DatabaseTestService", "Application": "Crud.Api"}
[04:19:17 INF] [Phase 1] EnsureDeletedAsync completed in 1.401ms {"SourceContext": "Infrastructure.Services.DatabaseTestService", "Application": "Crud.Api"}
[04:19:17 INF] [Phase 2] Starting EnsureCreatedAsync for worker 12970... {"SourceContext": "Infrastructure.Services.DatabaseTestService", "Application": "Crud.Api"}
[04:19:17 INF] [Phase 2] EnsureCreatedAsync completed in 7.6626ms {"SourceContext": "Infrastructure.Services.DatabaseTestService", "Application": "Crud.Api"}
[04:19:17 INF] [Phase 3] Skipping database seeding as requested for worker 12970 {"SourceContext": "Infrastructure.Services.DatabaseTestService", "Application": "Crud.Api"}
[04:19:17 INF] Database reset via file deletion completed for worker 12970 in 108.8242ms (Close: 0.0006ms, Delete: 1.401ms, Create: 7.6626ms) {"SourceContext": "Infrastructure.Services.DatabaseTestService", "Application": "Crud.Api"}
[04:19:17 INF] Releasing database mutex for worker 12970 {"SourceContext": "Infrastructure.Services.DatabaseTestService", "Application": "Crud.Api"}
Resource associated with Metric:
    deployment.environment: Testing
    service.name: Crud.Api
    service.version: 1.0.0
    service.instance.id: 8958bff5-028e-43b0-8103-5553bc095d18
    telemetry.sdk.name: opentelemetry
    telemetry.sdk.language: dotnet
    telemetry.sdk.version: 1.8.1
Metric Name: http.server.active_requests, Number of active HTTP server requests., Unit: {request}, Meter: Microsoft.AspNetCore.Hosting
(2025-09-11T04:19:09.3630318Z, 2025-09-11T04:19:17.3651019Z] http.request.method: POST url.scheme: http LongSumNonMonotonic
Value: 0
(2025-09-11T04:19:09.3630318Z, 2025-09-11T04:19:17.3651019Z] http.request.method: GET url.scheme: http LongSumNonMonotonic
Value: 0
(2025-09-11T04:19:09.3630318Z, 2025-09-11T04:19:17.3651019Z] http.request.method: DELETE url.scheme: http LongSumNonMonotonic
Value: 0
(2025-09-11T04:19:09.3630318Z, 2025-09-11T04:19:17.3651019Z] http.request.method: PUT url.scheme: http LongSumNonMonotonic
Value: 0
Metric Name: http.server.request.duration, Duration of HTTP server requests., Unit: s, Meter: Microsoft.AspNetCore.Hosting
(2025-09-11T04:19:09.3630482Z, 2025-09-11T04:19:17.3651047Z] http.request.method: POST http.response.status_code: 200 http.route: api/Auth/register network.protocol.version: 1.1 url.scheme: http Histogram
Value: Sum: 4.203061 Count: 14 Min: 0.2976247 Max: 0.3090897 
(-Infinity,0.005]:0
(0.005,0.01]:0
(0.01,0.025]:0
(0.025,0.05]:0
(0.05,0.075]:0
(0.075,0.1]:0
(0.1,0.25]:0
(0.25,0.5]:14
(0.5,0.75]:0
(0.75,1]:0
(1,2.5]:0
(2.5,5]:0
(5,7.5]:0
(7.5,10]:0
(10,+Infinity]:0
(2025-09-11T04:19:09.3630482Z, 2025-09-11T04:19:17.3651047Z] http.request.method: POST http.response.status_code: 200 http.route: api/Auth/login network.protocol.version: 1.1 url.scheme: http Histogram
Value: Sum: 2.0958153 Count: 7 Min: 0.2979242 Max: 0.302429 
(-Infinity,0.005]:0
(0.005,0.01]:0
(0.01,0.025]:0
(0.025,0.05]:0
(0.05,0.075]:0
(0.075,0.1]:0
(0.1,0.25]:0
(0.25,0.5]:7
(0.5,0.75]:0
(0.75,1]:0
(1,2.5]:0
(2.5,5]:0
(5,7.5]:0
(7.5,10]:0
(10,+Infinity]:0
(2025-09-11T04:19:09.3630482Z, 2025-09-11T04:19:17.3651047Z] http.request.method: GET http.response.status_code: 200 http.route: api/Windows network.protocol.version: 1.1 url.scheme: http Histogram
Value: Sum: 0.0160393 Count: 2 Min: 0.003451 Max: 0.0125883 
(-Infinity,0.005]:1
(0.005,0.01]:0
(0.01,0.025]:1
(0.025,0.05]:0
(0.05,0.075]:0
(0.075,0.1]:0
(0.1,0.25]:0
(0.25,0.5]:0
(0.5,0.75]:0
(0.75,1]:0
(1,2.5]:0
(2.5,5]:0
(5,7.5]:0
(7.5,10]:0
(10,+Infinity]:0
(2025-09-11T04:19:09.3630482Z, 2025-09-11T04:19:17.3651047Z] http.request.method: POST http.response.status_code: 201 http.route: api/Windows network.protocol.version: 1.1 url.scheme: http Histogram
Value: Sum: 0.0137251 Count: 1 Min: 0.0137251 Max: 0.0137251 
(-Infinity,0.005]:0
(0.005,0.01]:0
(0.01,0.025]:1
(0.025,0.05]:0
(0.05,0.075]:0
(0.075,0.1]:0
(0.1,0.25]:0
(0.25,0.5]:0
(0.5,0.75]:0
(0.75,1]:0
(1,2.5]:0
(2.5,5]:0
(5,7.5]:0
(7.5,10]:0
(10,+Infinity]:0
(2025-09-11T04:19:09.3630482Z, 2025-09-11T04:19:17.3651047Z] http.request.method: GET http.response.status_code: 200 http.route: api/People network.protocol.version: 1.1 url.scheme: http Histogram
Value: Sum: 0.0213 Count: 8 Min: 0.0002928 Max: 0.0151285 
(-Infinity,0.005]:7
(0.005,0.01]:0
(0.01,0.025]:1
(0.025,0.05]:0
(0.05,0.075]:0
(0.075,0.1]:0
(0.1,0.25]:0
(0.25,0.5]:0
(0.5,0.75]:0
(0.75,1]:0
(1,2.5]:0
(2.5,5]:0
(5,7.5]:0
(7.5,10]:0
(10,+Infinity]:0
(2025-09-11T04:19:09.3630482Z, 2025-09-11T04:19:17.3651047Z] http.request.method: POST http.response.status_code: 201 http.route: api/People network.protocol.version: 1.1 url.scheme: http Histogram
Value: Sum: 0.0104055 Count: 2 Min: 0.001337 Max: 0.0090685 
(-Infinity,0.005]:1
(0.005,0.01]:1
(0.01,0.025]:0
(0.025,0.05]:0
(0.05,0.075]:0
(0.075,0.1]:0
(0.1,0.25]:0
(0.25,0.5]:0
(0.5,0.75]:0
(0.75,1]:0
(1,2.5]:0
(2.5,5]:0
(5,7.5]:0
(7.5,10]:0
(10,+Infinity]:0
(2025-09-11T04:19:09.3630482Z, 2025-09-11T04:19:17.3651047Z] http.request.method: GET http.response.status_code: 200 http.route: api/Roles network.protocol.version: 1.1 url.scheme: http Histogram
Value: Sum: 0.0082118 Count: 4 Min: 0.0002924 Max: 0.005183 
(-Infinity,0.005]:3
(0.005,0.01]:1
(0.01,0.025]:0
(0.025,0.05]:0
(0.05,0.075]:0
(0.075,0.1]:0
(0.1,0.25]:0
(0.25,0.5]:0
(0.5,0.75]:0
(0.75,1]:0
(1,2.5]:0
(2.5,5]:0
(5,7.5]:0
(7.5,10]:0
(10,+Infinity]:0
(2025-09-11T04:19:09.3630482Z, 2025-09-11T04:19:17.3651047Z] http.request.method: POST http.response.status_code: 201 http.route: api/Roles network.protocol.version: 1.1 url.scheme: http Histogram
Value: Sum: 0.0062957 Count: 1 Min: 0.0062957 Max: 0.0062957 
(-Infinity,0.005]:0
(0.005,0.01]:1
(0.01,0.025]:0
(0.025,0.05]:0
(0.05,0.075]:0
(0.075,0.1]:0
(0.1,0.25]:0
(0.25,0.5]:0
(0.5,0.75]:0
(0.75,1]:0
(1,2.5]:0
(2.5,5]:0
(5,7.5]:0
(7.5,10]:0
(10,+Infinity]:0
(2025-09-11T04:19:09.3630482Z, 2025-09-11T04:19:17.3651047Z] http.request.method: DELETE http.response.status_code: 204 http.route: api/People/{id:guid} network.protocol.version: 1.1 url.scheme: http Histogram
Value: Sum: 0.0096747 Count: 1 Min: 0.0096747 Max: 0.0096747 
(-Infinity,0.005]:0
(0.005,0.01]:1
(0.01,0.025]:0
(0.025,0.05]:0
(0.05,0.075]:0
(0.075,0.1]:0
(0.1,0.25]:0
(0.25,0.5]:0
(0.5,0.75]:0
(0.75,1]:0
(1,2.5]:0
(2.5,5]:0
(5,7.5]:0
(7.5,10]:0
(10,+Infinity]:0
(2025-09-11T04:19:09.3630482Z, 2025-09-11T04:19:17.3651047Z] http.request.method: GET http.response.status_code: 200 http.route: api/People/{id:guid} network.protocol.version: 1.1 url.scheme: http Histogram
Value: Sum: 0.0042651 Count: 2 Min: 0.0008323 Max: 0.0034328 
(-Infinity,0.005]:2
(0.005,0.01]:0
(0.01,0.025]:0
(0.025,0.05]:0
(0.05,0.075]:0
(0.075,0.1]:0
(0.1,0.25]:0
(0.25,0.5]:0
(0.5,0.75]:0
(0.75,1]:0
(1,2.5]:0
(2.5,5]:0
(5,7.5]:0
(7.5,10]:0
(10,+Infinity]:0
(2025-09-11T04:19:09.3630482Z, 2025-09-11T04:19:17.3651047Z] http.request.method: PUT http.response.status_code: 204 http.route: api/People/{id:guid} network.protocol.version: 1.1 url.scheme: http Histogram
Value: Sum: 0.0056278 Count: 1 Min: 0.0056278 Max: 0.0056278 
(-Infinity,0.005]:0
(0.005,0.01]:1
(0.01,0.025]:0
(0.025,0.05]:0
(0.05,0.075]:0
(0.075,0.1]:0
(0.1,0.25]:0
(0.25,0.5]:0
(0.5,0.75]:0
(0.75,1]:0
(1,2.5]:0
(2.5,5]:0
(5,7.5]:0
(7.5,10]:0
(10,+Infinity]:0
(2025-09-11T04:19:09.3630482Z, 2025-09-11T04:19:17.3651047Z] http.request.method: GET http.response.status_code: 200 http.route: api/Walls network.protocol.version: 1.1 url.scheme: http Histogram
Value: Sum: 0.0090784 Count: 2 Min: 0.001227 Max: 0.0078514 
(-Infinity,0.005]:1
(0.005,0.01]:1
(0.01,0.025]:0
(0.025,0.05]:0
(0.05,0.075]:0
(0.075,0.1]:0
(0.1,0.25]:0
(0.25,0.5]:0
(0.5,0.75]:0
(0.75,1]:0
(1,2.5]:0
(2.5,5]:0
(5,7.5]:0
(7.5,10]:0
(10,+Infinity]:0
(2025-09-11T04:19:09.3630482Z, 2025-09-11T04:19:17.3651047Z] http.request.method: POST http.response.status_code: 201 http.route: api/Walls network.protocol.version: 1.1 url.scheme: http Histogram
Value: Sum: 0.0083208 Count: 1 Min: 0.0083208 Max: 0.0083208 
(-Infinity,0.005]:0
(0.005,0.01]:1
(0.01,0.025]:0
(0.025,0.05]:0
(0.05,0.075]:0
(0.075,0.1]:0
(0.1,0.25]:0
(0.25,0.5]:0
(0.5,0.75]:0
(0.75,1]:0
(1,2.5]:0
(2.5,5]:0
(5,7.5]:0
(7.5,10]:0
(10,+Infinity]:0
Metric Name: aspnetcore.rate_limiting.active_request_leases, Number of HTTP requests that are currently active on the server that hold a rate limiting lease., Unit: {request}, Meter: Microsoft.AspNetCore.RateLimiting
(2025-09-11T04:19:09.3648083Z, 2025-09-11T04:19:17.3651050Z] LongSumNonMonotonic
Value: 0
Metric Name: aspnetcore.rate_limiting.request_lease.duration, The duration of rate limiting leases held by HTTP requests on the server., Unit: s, Meter: Microsoft.AspNetCore.RateLimiting
(2025-09-11T04:19:09.3648334Z, 2025-09-11T04:19:17.3651053Z] Histogram
Value: Sum: 6.4054691 Count: 46 Min: 0.0002495 Max: 0.3090084 
(-Infinity,0.005]:15
(0.005,0.01]:7
(0.01,0.025]:3
(0.025,0.05]:0
(0.05,0.075]:0
(0.075,0.1]:0
(0.1,0.25]:0
(0.25,0.5]:21
(0.5,0.75]:0
(0.75,1]:0
(1,2.5]:0
(2.5,5]:0
(5,7.5]:0
(7.5,10]:0
(10,+Infinity]:0
Metric Name: aspnetcore.rate_limiting.requests, Number of requests that tried to acquire a rate limiting lease. Requests could be rejected by global or endpoint rate limiting policies. Or the request could be canceled while waiting for the lease., Unit: {request}, Meter: Microsoft.AspNetCore.RateLimiting
(2025-09-11T04:19:09.3648719Z, 2025-09-11T04:19:17.3651060Z] aspnetcore.rate_limiting.result: acquired LongSum
Value: 46
Metric Name: aspnetcore.routing.match_attempts, Number of requests that were attempted to be matched to an endpoint., Unit: {match_attempt}, Meter: Microsoft.AspNetCore.Routing
(2025-09-11T04:19:09.3655860Z, 2025-09-11T04:19:17.3651064Z] aspnetcore.routing.is_fallback: false aspnetcore.routing.match_status: success http.route: api/Auth/register LongSum
Value: 14
(2025-09-11T04:19:09.3655860Z, 2025-09-11T04:19:17.3651064Z] aspnetcore.routing.is_fallback: false aspnetcore.routing.match_status: success http.route: api/Auth/login LongSum
Value: 7
(2025-09-11T04:19:09.3655860Z, 2025-09-11T04:19:17.3651064Z] aspnetcore.routing.is_fallback: false aspnetcore.routing.match_status: success http.route: api/Windows LongSum
Value: 3
(2025-09-11T04:19:09.3655860Z, 2025-09-11T04:19:17.3651064Z] aspnetcore.routing.is_fallback: false aspnetcore.routing.match_status: success http.route: api/People LongSum
Value: 10
(2025-09-11T04:19:09.3655860Z, 2025-09-11T04:19:17.3651064Z] aspnetcore.routing.is_fallback: false aspnetcore.routing.match_status: success http.route: api/Roles LongSum
Value: 5
(2025-09-11T04:19:09.3655860Z, 2025-09-11T04:19:17.3651064Z] aspnetcore.routing.is_fallback: false aspnetcore.routing.match_status: success http.route: api/People/{id:guid} LongSum
Value: 4
(2025-09-11T04:19:09.3655860Z, 2025-09-11T04:19:17.3651064Z] aspnetcore.routing.is_fallback: false aspnetcore.routing.match_status: success http.route: api/Walls LongSum
Value: 3
[04:19:17 INF] Starting Crud API application {"Application": "Crud.Api"}
[04:19:17 INF] Using SQLite provider with connection: Data Source=TestDatabase.db {"Application": "Crud.Api"}
[04:19:17 INF] Database ensured successfully {"Application": "Crud.Api"}
[04:19:17 INF] Application configured successfully. Starting web host... {"Application": "Crud.Api"}
[04:19:17 INF] Resetting database for worker 11141 {"SourceContext": "Infrastructure.Services.DatabaseTestService", "Application": "Crud.Api"}
[04:19:17 INF] Resetting database via file deletion for worker 11141 in CI environment {"SourceContext": "Infrastructure.Services.DatabaseTestService", "Application": "Crud.Api"}
[04:19:17 INF] Acquiring database mutex for worker 11141... {"SourceContext": "Infrastructure.Services.DatabaseTestService", "Application": "Crud.Api"}
[04:19:17 INF] Database mutex acquired for worker 11141 {"SourceContext": "Infrastructure.Services.DatabaseTestService", "Application": "Crud.Api"}
[04:19:17 INF] Current database state - CanConnect: True {"SourceContext": "Infrastructure.Services.DatabaseTestService", "Application": "Crud.Api"}
[04:19:17 INF] [Phase 0] Closing database connection for worker 11141... {"SourceContext": "Infrastructure.Services.DatabaseTestService", "Application": "Crud.Api"}
[04:19:17 INF] [Phase 0] Connection closed in 0.0006ms {"SourceContext": "Infrastructure.Services.DatabaseTestService", "Application": "Crud.Api"}
[04:19:17 INF] [Phase 1] Starting EnsureDeletedAsync for worker 11141... {"SourceContext": "Infrastructure.Services.DatabaseTestService", "Application": "Crud.Api"}
[04:19:17 INF] [Phase 1] EnsureDeletedAsync completed in 1.256ms {"SourceContext": "Infrastructure.Services.DatabaseTestService", "Application": "Crud.Api"}
[04:19:17 INF] [Phase 2] Starting EnsureCreatedAsync for worker 11141... {"SourceContext": "Infrastructure.Services.DatabaseTestService", "Application": "Crud.Api"}
[04:19:17 INF] [Phase 2] EnsureCreatedAsync completed in 13.7371ms {"SourceContext": "Infrastructure.Services.DatabaseTestService", "Application": "Crud.Api"}
[04:19:17 INF] [Phase 3] Skipping database seeding as requested for worker 11141 {"SourceContext": "Infrastructure.Services.DatabaseTestService", "Application": "Crud.Api"}
[04:19:17 INF] Database reset via file deletion completed for worker 11141 in 114.4948ms (Close: 0.0006ms, Delete: 1.256ms, Create: 13.7371ms) {"SourceContext": "Infrastructure.Services.DatabaseTestService", "Application": "Crud.Api"}
[04:19:17 INF] Releasing database mutex for worker 11141 {"SourceContext": "Infrastructure.Services.DatabaseTestService", "Application": "Crud.Api"}
[04:19:17 WRN] Failed to determine the https port for redirect. {"EventId": {"Id": 3, "Name": "FailedToDeterminePort"}, "SourceContext": "Microsoft.AspNetCore.HttpsPolicy.HttpsRedirectionMiddleware", "RequestId": "0HNFGT8MUJPIC", "RequestPath": "/api/auth/register", "Application": "Crud.Api"}
[04:19:17 ERR] An unhandled exception occurred during request POST /api/auth/register. Request ID: 0HNFGT8MUJPIC, User: Anonymous {"SourceContext": "Api.Middleware.GlobalExceptionHandlingMiddleware", "RequestPath": "/api/auth/register", "Application": "Crud.Api"}
FluentValidation.ValidationException: Validation failed: 
 -- Email: Invalid email format Severity: Error
   at App.Behaviors.ValidationBehavior`2.Handle(TRequest request, RequestHandlerDelegate`1 next, CancellationToken cancellationToken) in /home/runner/work/Crud/Crud/src/App/Behaviors/ValidationBehavior.cs:line 39
   at Api.Controllers.AuthController.Register(RegisterUserCommand command, CancellationToken cancellationToken) in /home/runner/work/Crud/Crud/src/Api/Controllers/AuthController.cs:line 27
   at Microsoft.AspNetCore.Mvc.Infrastructure.ActionMethodExecutor.TaskOfIActionResultExecutor.Execute(ActionContext actionContext, IActionResultTypeMapper mapper, ObjectMethodExecutor executor, Object controller, Object[] arguments)
   at Microsoft.AspNetCore.Mvc.Infrastructure.ControllerActionInvoker.&lt;InvokeActionMethodAsync&gt;g__Logged|12_1(ControllerActionInvoker invoker)
   at Microsoft.AspNetCore.Mvc.Infrastructure.ControllerActionInvoker.&lt;InvokeNextActionFilterAsync&gt;g__Awaited|10_0(ControllerActionInvoker invoker, Task lastTask, State next, Scope scope, Object state, Boolean isCompleted)
   at Microsoft.AspNetCore.Mvc.Infrastructure.ControllerActionInvoker.Rethrow(ActionExecutedContextSealed context)
   at Microsoft.AspNetCore.Mvc.Infrastructure.ControllerActionInvoker.Next(State&amp; next, Scope&amp; scope, Object&amp; state, Boolean&amp; isCompleted)
   at Microsoft.AspNetCore.Mvc.Infrastructure.ControllerActionInvoker.InvokeInnerFilterAsync()
--- End of stack trace from previous location ---
   at Microsoft.AspNetCore.Mvc.Infrastructure.ResourceInvoker.&lt;InvokeFilterPipelineAsync&gt;g__Awaited|20_0(ResourceInvoker invoker, Task lastTask, State next, Scope scope, Object state, Boolean isCompleted)
   at Microsoft.AspNetCore.Mvc.Infrastructure.ResourceInvoker.&lt;InvokeAsync&gt;g__Logged|17_1(ResourceInvoker invoker)
   at Microsoft.AspNetCore.Mvc.Infrastructure.ResourceInvoker.&lt;InvokeAsync&gt;g__Logged|17_1(ResourceInvoker invoker)
   at Microsoft.AspNetCore.Authorization.AuthorizationMiddleware.Invoke(HttpContext context)
   at Microsoft.AspNetCore.Authentication.AuthenticationMiddleware.Invoke(HttpContext context)
   at Microsoft.AspNetCore.RateLimiting.RateLimitingMiddleware.InvokeInternal(HttpContext context, EnableRateLimitingAttribute enableRateLimitingAttribute)
   at Api.Middleware.GlobalExceptionHandlingMiddleware.InvokeAsync(HttpContext context) in /home/runner/work/Crud/Crud/src/Api/Middleware/GlobalExceptionHandlingMiddleware.cs:line 27
Activity.TraceId:            71d8ce30ba862bd8cb5b5de82bfe058c
Activity.SpanId:             7518b1be1bfa8923
Activity.TraceFlags:         Recorded
Activity.ActivitySourceName: Microsoft.AspNetCore
Activity.DisplayName:        POST api/Auth/register
Activity.Kind:               Server
Activity.StartTime:          2025-09-11T04:19:17.5141193Z
Activity.Duration:           00:00:00.0058790
Activity.Tags:
    server.address: localhost
    http.request.method: POST
    url.scheme: http
    url.path: /api/auth/register
    network.protocol.version: 1.1
    http.route: api/Auth/register
    http.response.status_code: 400
Resource associated with Activity:
    deployment.environment: Testing
    service.name: Crud.Api
    service.version: 1.0.0
    service.instance.id: 8958bff5-028e-43b0-8103-5553bc095d18
    telemetry.sdk.name: opentelemetry
    telemetry.sdk.language: dotnet
    telemetry.sdk.version: 1.8.1
❌ POST /api/auth/register failed:
   Status: BadRequest (400)
   Reason: Bad Request
   Response Body: {"status":400,"title":"Validation Failed","detail":null,"errors":{"Email":["Invalid email format"]},"traceId":"8295cf3a-b77e-45e6-89fb-48a9c3cf74ac","timestamp":"2025-09-11T04:19:17.5198982Z"}
   Content Headers: Content-Type=application/json
[04:19:17 INF] Resetting database for worker 11141 {"SourceContext": "Infrastructure.Services.DatabaseTestService", "Application": "Crud.Api"}
[04:19:17 INF] Resetting database via file deletion for worker 11141 in CI environment {"SourceContext": "Infrastructure.Services.DatabaseTestService", "Application": "Crud.Api"}
[04:19:17 INF] Acquiring database mutex for worker 11141... {"SourceContext": "Infrastructure.Services.DatabaseTestService", "Application": "Crud.Api"}
[04:19:17 INF] Database mutex acquired for worker 11141 {"SourceContext": "Infrastructure.Services.DatabaseTestService", "Application": "Crud.Api"}
[04:19:17 INF] Current database state - CanConnect: True {"SourceContext": "Infrastructure.Services.DatabaseTestService", "Application": "Crud.Api"}
[04:19:17 INF] [Phase 0] Closing database connection for worker 11141... {"SourceContext": "Infrastructure.Services.DatabaseTestService", "Application": "Crud.Api"}
[04:19:17 INF] [Phase 0] Connection closed in 0.0006ms {"SourceContext": "Infrastructure.Services.DatabaseTestService", "Application": "Crud.Api"}
[04:19:17 INF] [Phase 1] Starting EnsureDeletedAsync for worker 11141... {"SourceContext": "Infrastructure.Services.DatabaseTestService", "Application": "Crud.Api"}
[04:19:17 INF] [Phase 1] EnsureDeletedAsync completed in 1.4813ms {"SourceContext": "Infrastructure.Services.DatabaseTestService", "Application": "Crud.Api"}
[04:19:17 INF] [Phase 2] Starting EnsureCreatedAsync for worker 11141... {"SourceContext": "Infrastructure.Services.DatabaseTestService", "Application": "Crud.Api"}
[04:19:17 INF] [Phase 2] EnsureCreatedAsync completed in 7.5527ms {"SourceContext": "Infrastructure.Services.DatabaseTestService", "Application": "Crud.Api"}
[04:19:17 INF] [Phase 3] Skipping database seeding as requested for worker 11141 {"SourceContext": "Infrastructure.Services.DatabaseTestService", "Application": "Crud.Api"}
[04:19:17 INF] Database reset via file deletion completed for worker 11141 in 108.3438ms (Close: 0.0006ms, Delete: 1.4813ms, Create: 7.5527ms) {"SourceContext": "Infrastructure.Services.DatabaseTestService", "Application": "Crud.Api"}
[04:19:17 INF] Releasing database mutex for worker 11141 {"SourceContext": "Infrastructure.Services.DatabaseTestService", "Application": "Crud.Api"}
[04:19:17 INF] Resetting database for worker 11141 {"SourceContext": "Infrastructure.Services.DatabaseTestService", "Application": "Crud.Api"}
[04:19:17 INF] Resetting database via file deletion for worker 11141 in CI environment {"SourceContext": "Infrastructure.Services.DatabaseTestService", "Application": "Crud.Api"}
[04:19:17 INF] Acquiring database mutex for worker 11141... {"SourceContext": "Infrastructure.Services.DatabaseTestService", "Application": "Crud.Api"}
[04:19:17 INF] Database mutex acquired for worker 11141 {"SourceContext": "Infrastructure.Services.DatabaseTestService", "Application": "Crud.Api"}
[04:19:17 INF] Current database state - CanConnect: True {"SourceContext": "Infrastructure.Services.DatabaseTestService", "Application": "Crud.Api"}
[04:19:17 INF] [Phase 0] Closing database connection for worker 11141... {"SourceContext": "Infrastructure.Services.DatabaseTestService", "Application": "Crud.Api"}
[04:19:17 INF] [Phase 0] Connection closed in 0.0006ms {"SourceContext": "Infrastructure.Services.DatabaseTestService", "Application": "Crud.Api"}
[04:19:17 INF] [Phase 1] Starting EnsureDeletedAsync for worker 11141... {"SourceContext": "Infrastructure.Services.DatabaseTestService", "Application": "Crud.Api"}
[04:19:17 INF] [Phase 1] EnsureDeletedAsync completed in 1.1187ms {"SourceContext": "Infrastructure.Services.DatabaseTestService", "Application": "Crud.Api"}
[04:19:17 INF] [Phase 2] Starting EnsureCreatedAsync for worker 11141... {"SourceContext": "Infrastructure.Services.DatabaseTestService", "Application": "Crud.Api"}
[04:19:17 INF] [Phase 2] EnsureCreatedAsync completed in 7.261ms {"SourceContext": "Infrastructure.Services.DatabaseTestService", "Application": "Crud.Api"}
[04:19:17 INF] [Phase 3] Skipping database seeding as requested for worker 11141 {"SourceContext": "Infrastructure.Services.DatabaseTestService", "Application": "Crud.Api"}
[04:19:17 INF] Database reset via file deletion completed for worker 11141 in 108.8069ms (Close: 0.0006ms, Delete: 1.1187ms, Create: 7.261ms) {"SourceContext": "Infrastructure.Services.DatabaseTestService", "Application": "Crud.Api"}
[04:19:17 INF] Releasing database mutex for worker 11141 {"SourceContext": "Infrastructure.Services.DatabaseTestService", "Application": "Crud.Api"}
[04:19:18 INF] User registered successfully: ce9caa48-493f-4eae-ba11-e7f1e38e7afd {"SourceContext": "App.Features.Authentication.RegisterUserCommandHandler", "ActionId": "715410a8-c669-428f-bab0-872a62bb42c7", "ActionName": "Api.Controllers.AuthController.Register (Api)", "RequestId": "0HNFGT8MUJPID", "RequestPath": "/api/auth/register", "Application": "Crud.Api"}
Activity.TraceId:            a7869f14d779bc31cba2af422f59b055
Activity.SpanId:             3ea36a4480c4d584
Activity.TraceFlags:         Recorded
Activity.ActivitySourceName: Microsoft.AspNetCore
Activity.DisplayName:        POST api/Auth/register
Activity.Kind:               Server
Activity.StartTime:          2025-09-11T04:19:17.7425053Z
Activity.Duration:           00:00:00.3013480
Activity.Tags:
    server.address: localhost
    http.request.method: POST
    url.scheme: http
    url.path: /api/auth/register
    network.protocol.version: 1.1
    http.route: api/Auth/register
    http.response.status_code: 200
Resource associated with Activity:
    deployment.environment: Testing
    service.name: Crud.Api
    service.version: 1.0.0
    service.instance.id: 8958bff5-028e-43b0-8103-5553bc095d18
    telemetry.sdk.name: opentelemetry
    telemetry.sdk.language: dotnet
    telemetry.sdk.version: 1.8.1
[04:19:18 WRN] Registration attempt with existing email: existing@example.com {"SourceContext": "App.Features.Authentication.RegisterUserCommandHandler", "ActionId": "715410a8-c669-428f-bab0-872a62bb42c7", "ActionName": "Api.Controllers.AuthController.Register (Api)", "RequestId": "0HNFGT8MUJPIE", "RequestPath": "/api/auth/register", "Application": "Crud.Api"}
Activity.TraceId:            4f14f2deb3279f35eabcd8451a612632
Activity.SpanId:             4b0b5bcbcdca3b97
Activity.TraceFlags:         Recorded
Activity.ActivitySourceName: Microsoft.AspNetCore
Activity.DisplayName:        POST api/Auth/register
Activity.Kind:               Server
Activity.StartTime:          2025-09-11T04:19:18.0442755Z
Activity.Duration:           00:00:00.0035059
Activity.Tags:
    server.address: localhost
    http.request.method: POST
    url.scheme: http
❌ POST /api/auth/register failed:
    url.path: /api/auth/register
    network.protocol.version: 1.1
    http.route: api/Auth/register
   Status: BadRequest (400)
    http.response.status_code: 400
   Reason: Bad Request
   Response Body: {"error":"Email already exists"}
Resource associated with Activity:
    deployment.environment: Testing
    service.name: Crud.Api
    service.version: 1.0.0
    service.instance.id: 8958bff5-028e-43b0-8103-5553bc095d18
    telemetry.sdk.name: opentelemetry
    telemetry.sdk.language: dotnet
    telemetry.sdk.version: 1.8.1
   Content Headers: Content-Type=application/json; charset=utf-8
[04:19:18 INF] Resetting database for worker 11141 {"SourceContext": "Infrastructure.Services.DatabaseTestService", "Application": "Crud.Api"}
[04:19:18 INF] Resetting database via file deletion for worker 11141 in CI environment {"SourceContext": "Infrastructure.Services.DatabaseTestService", "Application": "Crud.Api"}
[04:19:18 INF] Acquiring database mutex for worker 11141... {"SourceContext": "Infrastructure.Services.DatabaseTestService", "Application": "Crud.Api"}
[04:19:18 INF] Database mutex acquired for worker 11141 {"SourceContext": "Infrastructure.Services.DatabaseTestService", "Application": "Crud.Api"}
[04:19:18 INF] Current database state - CanConnect: True {"SourceContext": "Infrastructure.Services.DatabaseTestService", "Application": "Crud.Api"}
[04:19:18 INF] [Phase 0] Closing database connection for worker 11141... {"SourceContext": "Infrastructure.Services.DatabaseTestService", "Application": "Crud.Api"}
[04:19:18 INF] [Phase 0] Connection closed in 0.0007ms {"SourceContext": "Infrastructure.Services.DatabaseTestService", "Application": "Crud.Api"}
[04:19:18 INF] [Phase 1] Starting EnsureDeletedAsync for worker 11141... {"SourceContext": "Infrastructure.Services.DatabaseTestService", "Application": "Crud.Api"}
[04:19:18 INF] [Phase 1] EnsureDeletedAsync completed in 1.2921ms {"SourceContext": "Infrastructure.Services.DatabaseTestService", "Application": "Crud.Api"}
[04:19:18 INF] [Phase 2] Starting EnsureCreatedAsync for worker 11141... {"SourceContext": "Infrastructure.Services.DatabaseTestService", "Application": "Crud.Api"}
[04:19:18 INF] [Phase 2] EnsureCreatedAsync completed in 7.6004ms {"SourceContext": "Infrastructure.Services.DatabaseTestService", "Application": "Crud.Api"}
[04:19:18 INF] [Phase 3] Skipping database seeding as requested for worker 11141 {"SourceContext": "Infrastructure.Services.DatabaseTestService", "Application": "Crud.Api"}
[04:19:18 INF] Database reset via file deletion completed for worker 11141 in 109.423ms (Close: 0.0007ms, Delete: 1.2921ms, Create: 7.6004ms) {"SourceContext": "Infrastructure.Services.DatabaseTestService", "Application": "Crud.Api"}
[04:19:18 INF] Releasing database mutex for worker 11141 {"SourceContext": "Infrastructure.Services.DatabaseTestService", "Application": "Crud.Api"}
[04:19:18 INF] Resetting database for worker 11141 {"SourceContext": "Infrastructure.Services.DatabaseTestService", "Application": "Crud.Api"}
[04:19:18 INF] Resetting database via file deletion for worker 11141 in CI environment {"SourceContext": "Infrastructure.Services.DatabaseTestService", "Application": "Crud.Api"}
[04:19:18 INF] Acquiring database mutex for worker 11141... {"SourceContext": "Infrastructure.Services.DatabaseTestService", "Application": "Crud.Api"}
[04:19:18 INF] Database mutex acquired for worker 11141 {"SourceContext": "Infrastructure.Services.DatabaseTestService", "Application": "Crud.Api"}
[04:19:18 INF] Current database state - CanConnect: True {"SourceContext": "Infrastructure.Services.DatabaseTestService", "Application": "Crud.Api"}
[04:19:18 INF] [Phase 0] Closing database connection for worker 11141... {"SourceContext": "Infrastructure.Services.DatabaseTestService", "Application": "Crud.Api"}
[04:19:18 INF] [Phase 0] Connection closed in 0.0005ms {"SourceContext": "Infrastructure.Services.DatabaseTestService", "Application": "Crud.Api"}
[04:19:18 INF] [Phase 1] Starting EnsureDeletedAsync for worker 11141... {"SourceContext": "Infrastructure.Services.DatabaseTestService", "Application": "Crud.Api"}
[04:19:18 INF] [Phase 1] EnsureDeletedAsync completed in 1.1481ms {"SourceContext": "Infrastructure.Services.DatabaseTestService", "Application": "Crud.Api"}
[04:19:18 INF] [Phase 2] Starting EnsureCreatedAsync for worker 11141... {"SourceContext": "Infrastructure.Services.DatabaseTestService", "Application": "Crud.Api"}
[04:19:18 INF] [Phase 2] EnsureCreatedAsync completed in 8.0196ms {"SourceContext": "Infrastructure.Services.DatabaseTestService", "Application": "Crud.Api"}
[04:19:18 INF] [Phase 3] Skipping database seeding as requested for worker 11141 {"SourceContext": "Infrastructure.Services.DatabaseTestService", "Application": "Crud.Api"}
[04:19:18 INF] Database reset via file deletion completed for worker 11141 in 109.5466ms (Close: 0.0005ms, Delete: 1.1481ms, Create: 8.0196ms) {"SourceContext": "Infrastructure.Services.DatabaseTestService", "Application": "Crud.Api"}
[04:19:18 INF] Releasing database mutex for worker 11141 {"SourceContext": "Infrastructure.Services.DatabaseTestService", "Application": "Crud.Api"}
[04:19:18 INF] User registered successfully: 70ddfe92-d37b-4ba6-b6a5-42ee95e23393 {"SourceContext": "App.Features.Authentication.RegisterUserCommandHandler", "ActionId": "715410a8-c669-428f-bab0-872a62bb42c7", "ActionName": "Api.Controllers.AuthController.Register (Api)", "RequestId": "0HNFGT8MUJPIF", "RequestPath": "/api/auth/register", "Application": "Crud.Api"}
Activity.TraceId:            dcd14c990175ba1f8ae0f298636881c5
Activity.SpanId:             9b9e915f6d8bd41d
Activity.TraceFlags:         Recorded
Activity.ActivitySourceName: Microsoft.AspNetCore
Activity.DisplayName:        POST api/Auth/register
Activity.Kind:               Server
Activity.StartTime:          2025-09-11T04:19:18.2702614Z
Activity.Duration:           00:00:00.3001886
Activity.Tags:
    server.address: localhost
    http.request.method: POST
    url.scheme: http
    url.path: /api/auth/register
    network.protocol.version: 1.1
    http.route: api/Auth/register
    http.response.status_code: 200
Resource associated with Activity:
    deployment.environment: Testing
    service.name: Crud.Api
    service.version: 1.0.0
    service.instance.id: 8958bff5-028e-43b0-8103-5553bc095d18
    telemetry.sdk.name: opentelemetry
    telemetry.sdk.language: dotnet
    telemetry.sdk.version: 1.8.1
[04:19:18 INF] User logged in successfully: 70ddfe92-d37b-4ba6-b6a5-42ee95e23393 {"SourceContext": "App.Features.Authentication.LoginCommandHandler", "ActionId": "321dd63f-2818-4cd2-b28f-4720b007c6c4", "ActionName": "Api.Controllers.AuthController.Login (Api)", "RequestId": "0HNFGT8MUJPIG", "RequestPath": "/api/auth/login", "Application": "Crud.Api"}
Activity.TraceId:            72d4989ef2d3be523056921d4c5e592d
Activity.SpanId:             e3c2a7a779ff9e3d
Activity.TraceFlags:         Recorded
Activity.ActivitySourceName: Microsoft.AspNetCore
Activity.DisplayName:        POST api/Auth/login
Activity.Kind:               Server
Activity.StartTime:          2025-09-11T04:19:18.5709064Z
Activity.Duration:           00:00:00.3040893
Activity.Tags:
    server.address: localhost
    http.request.method: POST
    url.scheme: http
    url.path: /api/auth/login
    network.protocol.version: 1.1
    http.route: api/Auth/login
    http.response.status_code: 200
Resource associated with Activity:
    deployment.environment: Testing
    service.name: Crud.Api
    service.version: 1.0.0
    service.instance.id: 8958bff5-028e-43b0-8103-5553bc095d18
    telemetry.sdk.name: opentelemetry
    telemetry.sdk.language: dotnet
    telemetry.sdk.version: 1.8.1
[04:19:18 INF] Refresh token rotated successfully for user: 70ddfe92-d37b-4ba6-b6a5-42ee95e23393 {"SourceContext": "App.Features.Authentication.RefreshTokenCommandHandler", "ActionId": "5170e77b-99c2-422a-88ec-d8bf31f52da6", "ActionName": "Api.Controllers.AuthController.Refresh (Api)", "RequestId": "0HNFGT8MUJPIH", "RequestPath": "/api/auth/refresh", "Application": "Crud.Api"}
Activity.TraceId:            e3d0553dd33ba3c8034ebf75e39c0ec5
Activity.SpanId:             0671d43a28c72a7c
Activity.TraceFlags:         Recorded
Activity.ActivitySourceName: Microsoft.AspNetCore
Activity.DisplayName:        POST api/Auth/refresh
Activity.Kind:               Server
Activity.StartTime:          2025-09-11T04:19:18.8789261Z
Activity.Duration:           00:00:00.0159031
Activity.Tags:
    server.address: localhost
    http.request.method: POST
    url.scheme: http
    url.path: /api/auth/refresh
    network.protocol.version: 1.1
    http.route: api/Auth/refresh
    http.response.status_code: 200
Resource associated with Activity:
    deployment.environment: Testing
    service.name: Crud.Api
    service.version: 1.0.0
    service.instance.id: 8958bff5-028e-43b0-8103-5553bc095d18
    telemetry.sdk.name: opentelemetry
    telemetry.sdk.language: dotnet
    telemetry.sdk.version: 1.8.1
[04:19:18 INF] Resetting database for worker 11141 {"SourceContext": "Infrastructure.Services.DatabaseTestService", "Application": "Crud.Api"}
[04:19:18 INF] Resetting database via file deletion for worker 11141 in CI environment {"SourceContext": "Infrastructure.Services.DatabaseTestService", "Application": "Crud.Api"}
[04:19:18 INF] Acquiring database mutex for worker 11141... {"SourceContext": "Infrastructure.Services.DatabaseTestService", "Application": "Crud.Api"}
[04:19:18 INF] Database mutex acquired for worker 11141 {"SourceContext": "Infrastructure.Services.DatabaseTestService", "Application": "Crud.Api"}
[04:19:18 INF] Current database state - CanConnect: True {"SourceContext": "Infrastructure.Services.DatabaseTestService", "Application": "Crud.Api"}
[04:19:18 INF] [Phase 0] Closing database connection for worker 11141... {"SourceContext": "Infrastructure.Services.DatabaseTestService", "Application": "Crud.Api"}
[04:19:18 INF] [Phase 0] Connection closed in 0.0007ms {"SourceContext": "Infrastructure.Services.DatabaseTestService", "Application": "Crud.Api"}
[04:19:18 INF] [Phase 1] Starting EnsureDeletedAsync for worker 11141... {"SourceContext": "Infrastructure.Services.DatabaseTestService", "Application": "Crud.Api"}
[04:19:18 INF] [Phase 1] EnsureDeletedAsync completed in 1.3373ms {"SourceContext": "Infrastructure.Services.DatabaseTestService", "Application": "Crud.Api"}
[04:19:18 INF] [Phase 2] Starting EnsureCreatedAsync for worker 11141... {"SourceContext": "Infrastructure.Services.DatabaseTestService", "Application": "Crud.Api"}
[04:19:19 INF] [Phase 2] EnsureCreatedAsync completed in 11.6995ms {"SourceContext": "Infrastructure.Services.DatabaseTestService", "Application": "Crud.Api"}
[04:19:19 INF] [Phase 3] Skipping database seeding as requested for worker 11141 {"SourceContext": "Infrastructure.Services.DatabaseTestService", "Application": "Crud.Api"}
[04:19:19 INF] Database reset via file deletion completed for worker 11141 in 114.3382ms (Close: 0.0007ms, Delete: 1.3373ms, Create: 11.6995ms) {"SourceContext": "Infrastructure.Services.DatabaseTestService", "Application": "Crud.Api"}
[04:19:19 INF] Releasing database mutex for worker 11141 {"SourceContext": "Infrastructure.Services.DatabaseTestService", "Application": "Crud.Api"}
[04:19:19 INF] Resetting database for worker 11141 {"SourceContext": "Infrastructure.Services.DatabaseTestService", "Application": "Crud.Api"}
[04:19:19 INF] Resetting database via file deletion for worker 11141 in CI environment {"SourceContext": "Infrastructure.Services.DatabaseTestService", "Application": "Crud.Api"}
[04:19:19 INF] Acquiring database mutex for worker 11141... {"SourceContext": "Infrastructure.Services.DatabaseTestService", "Application": "Crud.Api"}
[04:19:19 INF] Database mutex acquired for worker 11141 {"SourceContext": "Infrastructure.Services.DatabaseTestService", "Application": "Crud.Api"}
[04:19:19 INF] Current database state - CanConnect: True {"SourceContext": "Infrastructure.Services.DatabaseTestService", "Application": "Crud.Api"}
[04:19:19 INF] [Phase 0] Closing database connection for worker 11141... {"SourceContext": "Infrastructure.Services.DatabaseTestService", "Application": "Crud.Api"}
[04:19:19 INF] [Phase 0] Connection closed in 0.0005ms {"SourceContext": "Infrastructure.Services.DatabaseTestService", "Application": "Crud.Api"}
[04:19:19 INF] [Phase 1] Starting EnsureDeletedAsync for worker 11141... {"SourceContext": "Infrastructure.Services.DatabaseTestService", "Application": "Crud.Api"}
[04:19:19 INF] [Phase 1] EnsureDeletedAsync completed in 1.3128ms {"SourceContext": "Infrastructure.Services.DatabaseTestService", "Application": "Crud.Api"}
[04:19:19 INF] [Phase 2] Starting EnsureCreatedAsync for worker 11141... {"SourceContext": "Infrastructure.Services.DatabaseTestService", "Application": "Crud.Api"}
[04:19:19 INF] [Phase 2] EnsureCreatedAsync completed in 8.0564ms {"SourceContext": "Infrastructure.Services.DatabaseTestService", "Application": "Crud.Api"}
[04:19:19 INF] [Phase 3] Skipping database seeding as requested for worker 11141 {"SourceContext": "Infrastructure.Services.DatabaseTestService", "Application": "Crud.Api"}
[04:19:19 INF] Database reset via file deletion completed for worker 11141 in 109.424ms (Close: 0.0005ms, Delete: 1.3128ms, Create: 8.0564ms) {"SourceContext": "Infrastructure.Services.DatabaseTestService", "Application": "Crud.Api"}
[04:19:19 INF] Releasing database mutex for worker 11141 {"SourceContext": "Infrastructure.Services.DatabaseTestService", "Application": "Crud.Api"}
[04:19:19 WRN] Login attempt with non-existent email address {"SourceContext": "App.Features.Authentication.LoginCommandHandler", "ActionId": "321dd63f-2818-4cd2-b28f-4720b007c6c4", "ActionName": "Api.Controllers.AuthController.Login (Api)", "RequestId": "0HNFGT8MUJPII", "RequestPath": "/api/auth/login", "Application": "Crud.Api"}
Activity.TraceId:            ba4c9d98002a861b770dde77fd9cfb75
Activity.SpanId:             6482516f0408f6f9
Activity.TraceFlags:         Recorded
Activity.ActivitySourceName: Microsoft.AspNetCore
Activity.DisplayName:        POST api/Auth/login
Activity.Kind:               Server
Activity.StartTime:          2025-09-11T04:19:19.1229951Z
Activity.Duration:           00:00:00.0008335
Activity.Tags:
    server.address: localhost
    http.request.method: POST
    url.scheme: http
    url.path: /api/auth/login
    network.protocol.version: 1.1
    http.route: api/Auth/login
    http.response.status_code: 401
Resource associated with Activity:
    deployment.environment: Testing
    service.name: Crud.Api
    service.version: 1.0.0
    service.instance.id: 8958bff5-028e-43b0-8103-5553bc095d18
    telemetry.sdk.name: opentelemetry
    telemetry.sdk.language: dotnet
    telemetry.sdk.version: 1.8.1
[04:19:19 INF] Resetting database for worker 11141 {"SourceContext": "Infrastructure.Services.DatabaseTestService", "Application": "Crud.Api"}
[04:19:19 INF] Resetting database via file deletion for worker 11141 in CI environment {"SourceContext": "Infrastructure.Services.DatabaseTestService", "Application": "Crud.Api"}
[04:19:19 INF] Acquiring database mutex for worker 11141... {"SourceContext": "Infrastructure.Services.DatabaseTestService", "Application": "Crud.Api"}
[04:19:19 INF] Database mutex acquired for worker 11141 {"SourceContext": "Infrastructure.Services.DatabaseTestService", "Application": "Crud.Api"}
[04:19:19 INF] Current database state - CanConnect: True {"SourceContext": "Infrastructure.Services.DatabaseTestService", "Application": "Crud.Api"}
[04:19:19 INF] [Phase 0] Closing database connection for worker 11141... {"SourceContext": "Infrastructure.Services.DatabaseTestService", "Application": "Crud.Api"}
[04:19:19 INF] [Phase 0] Connection closed in 0.0005ms {"SourceContext": "Infrastructure.Services.DatabaseTestService", "Application": "Crud.Api"}
[04:19:19 INF] [Phase 1] Starting EnsureDeletedAsync for worker 11141... {"SourceContext": "Infrastructure.Services.DatabaseTestService", "Application": "Crud.Api"}
[04:19:19 INF] [Phase 1] EnsureDeletedAsync completed in 1.1905ms {"SourceContext": "Infrastructure.Services.DatabaseTestService", "Application": "Crud.Api"}
[04:19:19 INF] [Phase 2] Starting EnsureCreatedAsync for worker 11141... {"SourceContext": "Infrastructure.Services.DatabaseTestService", "Application": "Crud.Api"}
[04:19:19 INF] [Phase 2] EnsureCreatedAsync completed in 7.7824ms {"SourceContext": "Infrastructure.Services.DatabaseTestService", "Application": "Crud.Api"}
[04:19:19 INF] [Phase 3] Skipping database seeding as requested for worker 11141 {"SourceContext": "Infrastructure.Services.DatabaseTestService", "Application": "Crud.Api"}
[04:19:19 INF] Database reset via file deletion completed for worker 11141 in 109.3338ms (Close: 0.0005ms, Delete: 1.1905ms, Create: 7.7824ms) {"SourceContext": "Infrastructure.Services.DatabaseTestService", "Application": "Crud.Api"}
[04:19:19 INF] Releasing database mutex for worker 11141 {"SourceContext": "Infrastructure.Services.DatabaseTestService", "Application": "Crud.Api"}
[04:19:19 INF] Resetting database for worker 11141 {"SourceContext": "Infrastructure.Services.DatabaseTestService", "Application": "Crud.Api"}
[04:19:19 INF] Resetting database via file deletion for worker 11141 in CI environment {"SourceContext": "Infrastructure.Services.DatabaseTestService", "Application": "Crud.Api"}
[04:19:19 INF] Acquiring database mutex for worker 11141... {"SourceContext": "Infrastructure.Services.DatabaseTestService", "Application": "Crud.Api"}
[04:19:19 INF] Database mutex acquired for worker 11141 {"SourceContext": "Infrastructure.Services.DatabaseTestService", "Application": "Crud.Api"}
[04:19:19 INF] Current database state - CanConnect: True {"SourceContext": "Infrastructure.Services.DatabaseTestService", "Application": "Crud.Api"}
[04:19:19 INF] [Phase 0] Closing database connection for worker 11141... {"SourceContext": "Infrastructure.Services.DatabaseTestService", "Application": "Crud.Api"}
[04:19:19 INF] [Phase 0] Connection closed in 0.0006ms {"SourceContext": "Infrastructure.Services.DatabaseTestService", "Application": "Crud.Api"}
[04:19:19 INF] [Phase 1] Starting EnsureDeletedAsync for worker 11141... {"SourceContext": "Infrastructure.Services.DatabaseTestService", "Application": "Crud.Api"}
[04:19:19 INF] [Phase 1] EnsureDeletedAsync completed in 1.1649ms {"SourceContext": "Infrastructure.Services.DatabaseTestService", "Application": "Crud.Api"}
[04:19:19 INF] [Phase 2] Starting EnsureCreatedAsync for worker 11141... {"SourceContext": "Infrastructure.Services.DatabaseTestService", "Application": "Crud.Api"}
[04:19:19 INF] [Phase 2] EnsureCreatedAsync completed in 7.2362ms {"SourceContext": "Infrastructure.Services.DatabaseTestService", "Application": "Crud.Api"}
[04:19:19 INF] [Phase 3] Skipping database seeding as requested for worker 11141 {"SourceContext": "Infrastructure.Services.DatabaseTestService", "Application": "Crud.Api"}
[04:19:19 INF] Database reset via file deletion completed for worker 11141 in 109.2451ms (Close: 0.0006ms, Delete: 1.1649ms, Create: 7.2362ms) {"SourceContext": "Infrastructure.Services.DatabaseTestService", "Application": "Crud.Api"}
[04:19:19 INF] Releasing database mutex for worker 11141 {"SourceContext": "Infrastructure.Services.DatabaseTestService", "Application": "Crud.Api"}
[04:19:19 INF] User registered successfully: 24b4d7ff-9bd7-4eec-a752-884d953ad636 {"SourceContext": "App.Features.Authentication.RegisterUserCommandHandler", "ActionId": "715410a8-c669-428f-bab0-872a62bb42c7", "ActionName": "Api.Controllers.AuthController.Register (Api)", "RequestId": "0HNFGT8MUJPIJ", "RequestPath": "/api/auth/register", "Application": "Crud.Api"}
Activity.TraceId:            a8d8c26eeb9f8287f3fcf37588ba3cb6
Activity.SpanId:             1d803ebbd83f958d
Activity.TraceFlags:         Recorded
Activity.ActivitySourceName: Microsoft.AspNetCore
Activity.DisplayName:        POST api/Auth/register
Activity.Kind:               Server
Activity.StartTime:          2025-09-11T04:19:19.3459724Z
Activity.Duration:           00:00:00.3038625
Activity.Tags:
    server.address: localhost
    http.request.method: POST
    url.scheme: http
    url.path: /api/auth/register
    network.protocol.version: 1.1
    http.route: api/Auth/register
    http.response.status_code: 200
Resource associated with Activity:
    deployment.environment: Testing
    service.name: Crud.Api
    service.version: 1.0.0
    service.instance.id: 8958bff5-028e-43b0-8103-5553bc095d18
    telemetry.sdk.name: opentelemetry
    telemetry.sdk.language: dotnet
    telemetry.sdk.version: 1.8.1
[04:19:19 INF] User logged in successfully: 24b4d7ff-9bd7-4eec-a752-884d953ad636 {"SourceContext": "App.Features.Authentication.LoginCommandHandler", "ActionId": "321dd63f-2818-4cd2-b28f-4720b007c6c4", "ActionName": "Api.Controllers.AuthController.Login (Api)", "RequestId": "0HNFGT8MUJPIK", "RequestPath": "/api/auth/login", "Application": "Crud.Api"}
Activity.TraceId:            6a77ded6f5288599a85dd3c9f86984dc
Activity.SpanId:             3863d0bbd7c5a2ae
Activity.TraceFlags:         Recorded
Activity.ActivitySourceName: Microsoft.AspNetCore
Activity.DisplayName:        POST api/Auth/login
Activity.Kind:               Server
Activity.StartTime:          2025-09-11T04:19:19.6502528Z
Activity.Duration:           00:00:00.3016110
Activity.Tags:
    server.address: localhost
    http.request.method: POST
    url.scheme: http
    url.path: /api/auth/login
    network.protocol.version: 1.1
    http.route: api/Auth/login
    http.response.status_code: 200
Resource associated with Activity:
    deployment.environment: Testing
    service.name: Crud.Api
    service.version: 1.0.0
    service.instance.id: 8958bff5-028e-43b0-8103-5553bc095d18
    telemetry.sdk.name: opentelemetry
    telemetry.sdk.language: dotnet
    telemetry.sdk.version: 1.8.1
[04:19:19 INF] Resetting database for worker 11141 {"SourceContext": "Infrastructure.Services.DatabaseTestService", "Application": "Crud.Api"}
[04:19:19 INF] Resetting database via file deletion for worker 11141 in CI environment {"SourceContext": "Infrastructure.Services.DatabaseTestService", "Application": "Crud.Api"}
[04:19:19 INF] Acquiring database mutex for worker 11141... {"SourceContext": "Infrastructure.Services.DatabaseTestService", "Application": "Crud.Api"}
[04:19:19 INF] Database mutex acquired for worker 11141 {"SourceContext": "Infrastructure.Services.DatabaseTestService", "Application": "Crud.Api"}
[04:19:19 INF] Current database state - CanConnect: True {"SourceContext": "Infrastructure.Services.DatabaseTestService", "Application": "Crud.Api"}
[04:19:19 INF] [Phase 0] Closing database connection for worker 11141... {"SourceContext": "Infrastructure.Services.DatabaseTestService", "Application": "Crud.Api"}
[04:19:19 INF] [Phase 0] Connection closed in 0.0008ms {"SourceContext": "Infrastructure.Services.DatabaseTestService", "Application": "Crud.Api"}
[04:19:19 INF] [Phase 1] Starting EnsureDeletedAsync for worker 11141... {"SourceContext": "Infrastructure.Services.DatabaseTestService", "Application": "Crud.Api"}
[04:19:19 INF] [Phase 1] EnsureDeletedAsync completed in 1.0769ms {"SourceContext": "Infrastructure.Services.DatabaseTestService", "Application": "Crud.Api"}
[04:19:20 INF] [Phase 2] Starting EnsureCreatedAsync for worker 11141... {"SourceContext": "Infrastructure.Services.DatabaseTestService", "Application": "Crud.Api"}
[04:19:20 INF] [Phase 2] EnsureCreatedAsync completed in 7.2608ms {"SourceContext": "Infrastructure.Services.DatabaseTestService", "Application": "Crud.Api"}
[04:19:20 INF] [Phase 3] Skipping database seeding as requested for worker 11141 {"SourceContext": "Infrastructure.Services.DatabaseTestService", "Application": "Crud.Api"}
[04:19:20 INF] Database reset via file deletion completed for worker 11141 in 109.1304ms (Close: 0.0008ms, Delete: 1.0769ms, Create: 7.2608ms) {"SourceContext": "Infrastructure.Services.DatabaseTestService", "Application": "Crud.Api"}
[04:19:20 INF] Releasing database mutex for worker 11141 {"SourceContext": "Infrastructure.Services.DatabaseTestService", "Application": "Crud.Api"}
[04:19:20 INF] Resetting database for worker 11141 {"SourceContext": "Infrastructure.Services.DatabaseTestService", "Application": "Crud.Api"}
[04:19:20 INF] Resetting database via file deletion for worker 11141 in CI environment {"SourceContext": "Infrastructure.Services.DatabaseTestService", "Application": "Crud.Api"}
[04:19:20 INF] Acquiring database mutex for worker 11141... {"SourceContext": "Infrastructure.Services.DatabaseTestService", "Application": "Crud.Api"}
[04:19:20 INF] Database mutex acquired for worker 11141 {"SourceContext": "Infrastructure.Services.DatabaseTestService", "Application": "Crud.Api"}
[04:19:20 INF] Current database state - CanConnect: True {"SourceContext": "Infrastructure.Services.DatabaseTestService", "Application": "Crud.Api"}
[04:19:20 INF] [Phase 0] Closing database connection for worker 11141... {"SourceContext": "Infrastructure.Services.DatabaseTestService", "Application": "Crud.Api"}
[04:19:20 INF] [Phase 0] Connection closed in 0.0005ms {"SourceContext": "Infrastructure.Services.DatabaseTestService", "Application": "Crud.Api"}
[04:19:20 INF] [Phase 1] Starting EnsureDeletedAsync for worker 11141... {"SourceContext": "Infrastructure.Services.DatabaseTestService", "Application": "Crud.Api"}
[04:19:20 INF] [Phase 1] EnsureDeletedAsync completed in 1.1814ms {"SourceContext": "Infrastructure.Services.DatabaseTestService", "Application": "Crud.Api"}
[04:19:20 INF] [Phase 2] Starting EnsureCreatedAsync for worker 11141... {"SourceContext": "Infrastructure.Services.DatabaseTestService", "Application": "Crud.Api"}
[04:19:20 INF] [Phase 2] EnsureCreatedAsync completed in 9.9686ms {"SourceContext": "Infrastructure.Services.DatabaseTestService", "Application": "Crud.Api"}
[04:19:20 INF] [Phase 3] Skipping database seeding as requested for worker 11141 {"SourceContext": "Infrastructure.Services.DatabaseTestService", "Application": "Crud.Api"}
[04:19:20 INF] Database reset via file deletion completed for worker 11141 in 111.3315ms (Close: 0.0005ms, Delete: 1.1814ms, Create: 9.9686ms) {"SourceContext": "Infrastructure.Services.DatabaseTestService", "Application": "Crud.Api"}
[04:19:20 INF] Releasing database mutex for worker 11141 {"SourceContext": "Infrastructure.Services.DatabaseTestService", "Application": "Crud.Api"}
[04:19:20 INF] User registered successfully: 3993eabb-478f-40a2-8d0c-5b4eb7c4b312 {"SourceContext": "App.Features.Authentication.RegisterUserCommandHandler", "ActionId": "715410a8-c669-428f-bab0-872a62bb42c7", "ActionName": "Api.Controllers.AuthController.Register (Api)", "RequestId": "0HNFGT8MUJPIL", "RequestPath": "/api/auth/register", "Application": "Crud.Api"}
Activity.TraceId:            c5e4f9d5265f623bcc78c442830984b3
Activity.SpanId:             e6381d16fcaa2577
Activity.TraceFlags:         Recorded
Activity.ActivitySourceName: Microsoft.AspNetCore
Activity.DisplayName:        POST api/Auth/register
Activity.Kind:               Server
Activity.StartTime:          2025-09-11T04:19:20.1761390Z
Activity.Duration:           00:00:00.2986561
Activity.Tags:
    server.address: localhost
    http.request.method: POST
    url.scheme: http
    url.path: /api/auth/register
    network.protocol.version: 1.1
    http.route: api/Auth/register
    http.response.status_code: 200
Resource associated with Activity:
    deployment.environment: Testing
    service.name: Crud.Api
    service.version: 1.0.0
    service.instance.id: 8958bff5-028e-43b0-8103-5553bc095d18
    telemetry.sdk.name: opentelemetry
    telemetry.sdk.language: dotnet
    telemetry.sdk.version: 1.8.1
[04:19:20 INF] User logged in successfully: 3993eabb-478f-40a2-8d0c-5b4eb7c4b312 {"SourceContext": "App.Features.Authentication.LoginCommandHandler", "ActionId": "321dd63f-2818-4cd2-b28f-4720b007c6c4", "ActionName": "Api.Controllers.AuthController.Login (Api)", "RequestId": "0HNFGT8MUJPIM", "RequestPath": "/api/auth/login", "Application": "Crud.Api"}
Activity.TraceId:            8f908c392ac17842d1f8d9df57307ab5
Activity.SpanId:             9f3c5e23fb6f1996
Activity.TraceFlags:         Recorded
Activity.ActivitySourceName: Microsoft.AspNetCore
Activity.DisplayName:        POST api/Auth/login
Activity.Kind:               Server
Activity.StartTime:          2025-09-11T04:19:20.4752265Z
Activity.Duration:           00:00:00.2980011
Activity.Tags:
    server.address: localhost
    http.request.method: POST
    url.scheme: http
    url.path: /api/auth/login
    network.protocol.version: 1.1
    http.route: api/Auth/login
    http.response.status_code: 200
Resource associated with Activity:
    deployment.environment: Testing
    service.name: Crud.Api
    service.version: 1.0.0
    service.instance.id: 8958bff5-028e-43b0-8103-5553bc095d18
    telemetry.sdk.name: opentelemetry
    telemetry.sdk.language: dotnet
    telemetry.sdk.version: 1.8.1
[04:19:20 INF] User logged out successfully: 3993eabb-478f-40a2-8d0c-5b4eb7c4b312 {"SourceContext": "App.Features.Authentication.LogoutCommandHandler", "ActionId": "0aa121ae-6d32-4a42-8e61-d2b2f8439c5d", "ActionName": "Api.Controllers.AuthController.Logout (Api)", "RequestId": "0HNFGT8MUJPIN", "RequestPath": "/api/auth/logout", "Application": "Crud.Api"}
Activity.TraceId:            1c1549b07794c0775a2f45b9070b90a8
Activity.SpanId:             01884fded8541516
Activity.TraceFlags:         Recorded
Activity.ActivitySourceName: Microsoft.AspNetCore
Activity.DisplayName:        POST api/Auth/logout
Activity.Kind:               Server
Activity.StartTime:          2025-09-11T04:19:20.7734211Z
Activity.Duration:           00:00:00.0058410
Activity.Tags:
    server.address: localhost
    http.request.method: POST
    url.scheme: http
    url.path: /api/auth/logout
    network.protocol.version: 1.1
    http.route: api/Auth/logout
    http.response.status_code: 200
Resource associated with Activity:
    deployment.environment: Testing
    service.name: Crud.Api
    service.version: 1.0.0
    service.instance.id: 8958bff5-028e-43b0-8103-5553bc095d18
    telemetry.sdk.name: opentelemetry
    telemetry.sdk.language: dotnet
    telemetry.sdk.version: 1.8.1
[04:19:20 WRN] Refresh token attempt with invalid token {"SourceContext": "App.Features.Authentication.RefreshTokenCommandHandler", "ActionId": "5170e77b-99c2-422a-88ec-d8bf31f52da6", "ActionName": "Api.Controllers.AuthController.Refresh (Api)", "RequestId": "0HNFGT8MUJPIO", "RequestPath": "/api/auth/refresh", "Application": "Crud.Api"}
Activity.TraceId:            29d7355aa63da057c96ab74ada24a2b4
Activity.SpanId:             ba4ac70dd0c1a911
Activity.TraceFlags:         Recorded
Activity.ActivitySourceName: Microsoft.AspNetCore
Activity.DisplayName:        POST api/Auth/refresh
Activity.Kind:               Server
Activity.StartTime:          2025-09-11T04:19:20.7795807Z
Activity.Duration:           00:00:00.0008455
Activity.Tags:
    server.address: localhost
    http.request.method: POST
    url.scheme: http
    url.path: /api/auth/refresh
    network.protocol.version: 1.1
    http.route: api/Auth/refresh
    http.response.status_code: 401
Resource associated with Activity:
    deployment.environment: Testing
    service.name: Crud.Api
    service.version: 1.0.0
    service.instance.id: 8958bff5-028e-43b0-8103-5553bc095d18
    telemetry.sdk.name: opentelemetry
    telemetry.sdk.language: dotnet
    telemetry.sdk.version: 1.8.1
[04:19:20 INF] Resetting database for worker 11141 {"SourceContext": "Infrastructure.Services.DatabaseTestService", "Application": "Crud.Api"}
[04:19:20 INF] Resetting database via file deletion for worker 11141 in CI environment {"SourceContext": "Infrastructure.Services.DatabaseTestService", "Application": "Crud.Api"}
[04:19:20 INF] Acquiring database mutex for worker 11141... {"SourceContext": "Infrastructure.Services.DatabaseTestService", "Application": "Crud.Api"}
[04:19:20 INF] Database mutex acquired for worker 11141 {"SourceContext": "Infrastructure.Services.DatabaseTestService", "Application": "Crud.Api"}
[04:19:20 INF] Current database state - CanConnect: True {"SourceContext": "Infrastructure.Services.DatabaseTestService", "Application": "Crud.Api"}
[04:19:20 INF] [Phase 0] Closing database connection for worker 11141... {"SourceContext": "Infrastructure.Services.DatabaseTestService", "Application": "Crud.Api"}
[04:19:20 INF] [Phase 0] Connection closed in 0.0007ms {"SourceContext": "Infrastructure.Services.DatabaseTestService", "Application": "Crud.Api"}
[04:19:20 INF] [Phase 1] Starting EnsureDeletedAsync for worker 11141... {"SourceContext": "Infrastructure.Services.DatabaseTestService", "Application": "Crud.Api"}
[04:19:20 INF] [Phase 1] EnsureDeletedAsync completed in 1.1502ms {"SourceContext": "Infrastructure.Services.DatabaseTestService", "Application": "Crud.Api"}
[04:19:20 INF] [Phase 2] Starting EnsureCreatedAsync for worker 11141... {"SourceContext": "Infrastructure.Services.DatabaseTestService", "Application": "Crud.Api"}
[04:19:20 INF] [Phase 2] EnsureCreatedAsync completed in 7.6969ms {"SourceContext": "Infrastructure.Services.DatabaseTestService", "Application": "Crud.Api"}
[04:19:20 INF] [Phase 3] Skipping database seeding as requested for worker 11141 {"SourceContext": "Infrastructure.Services.DatabaseTestService", "Application": "Crud.Api"}
[04:19:20 INF] Database reset via file deletion completed for worker 11141 in 108.4549ms (Close: 0.0007ms, Delete: 1.1502ms, Create: 7.6969ms) {"SourceContext": "Infrastructure.Services.DatabaseTestService", "Application": "Crud.Api"}
[04:19:20 INF] Releasing database mutex for worker 11141 {"SourceContext": "Infrastructure.Services.DatabaseTestService", "Application": "Crud.Api"}
[04:19:20 INF] Resetting database for worker 11141 {"SourceContext": "Infrastructure.Services.DatabaseTestService", "Application": "Crud.Api"}
[04:19:20 INF] Resetting database via file deletion for worker 11141 in CI environment {"SourceContext": "Infrastructure.Services.DatabaseTestService", "Application": "Crud.Api"}
[04:19:20 INF] Acquiring database mutex for worker 11141... {"SourceContext": "Infrastructure.Services.DatabaseTestService", "Application": "Crud.Api"}
[04:19:20 INF] Database mutex acquired for worker 11141 {"SourceContext": "Infrastructure.Services.DatabaseTestService", "Application": "Crud.Api"}
[04:19:20 INF] Current database state - CanConnect: True {"SourceContext": "Infrastructure.Services.DatabaseTestService", "Application": "Crud.Api"}
[04:19:20 INF] [Phase 0] Closing database connection for worker 11141... {"SourceContext": "Infrastructure.Services.DatabaseTestService", "Application": "Crud.Api"}
[04:19:20 INF] [Phase 0] Connection closed in 0.0006ms {"SourceContext": "Infrastructure.Services.DatabaseTestService", "Application": "Crud.Api"}
[04:19:20 INF] [Phase 1] Starting EnsureDeletedAsync for worker 11141... {"SourceContext": "Infrastructure.Services.DatabaseTestService", "Application": "Crud.Api"}
[04:19:20 INF] [Phase 1] EnsureDeletedAsync completed in 1.1191ms {"SourceContext": "Infrastructure.Services.DatabaseTestService", "Application": "Crud.Api"}
[04:19:20 INF] [Phase 2] Starting EnsureCreatedAsync for worker 11141... {"SourceContext": "Infrastructure.Services.DatabaseTestService", "Application": "Crud.Api"}
[04:19:20 INF] [Phase 2] EnsureCreatedAsync completed in 7.6684ms {"SourceContext": "Infrastructure.Services.DatabaseTestService", "Application": "Crud.Api"}
[04:19:20 INF] [Phase 3] Skipping database seeding as requested for worker 11141 {"SourceContext": "Infrastructure.Services.DatabaseTestService", "Application": "Crud.Api"}
[04:19:20 INF] Database reset via file deletion completed for worker 11141 in 108.2508ms (Close: 0.0006ms, Delete: 1.1191ms, Create: 7.6684ms) {"SourceContext": "Infrastructure.Services.DatabaseTestService", "Application": "Crud.Api"}
[04:19:20 INF] Releasing database mutex for worker 11141 {"SourceContext": "Infrastructure.Services.DatabaseTestService", "Application": "Crud.Api"}
[04:19:21 INF] User registered successfully: f62783a2-84bd-4539-913a-46d01a8e9a88 {"SourceContext": "App.Features.Authentication.RegisterUserCommandHandler", "ActionId": "715410a8-c669-428f-bab0-872a62bb42c7", "ActionName": "Api.Controllers.AuthController.Register (Api)", "RequestId": "0HNFGT8MUJPIP", "RequestPath": "/api/auth/register", "Application": "Crud.Api"}
Activity.TraceId:            d1a5d951b4a0367c4bdcab62b0646bfd
Activity.SpanId:             06f26e5d67572335
Activity.TraceFlags:         Recorded
Activity.ActivitySourceName: Microsoft.AspNetCore
Activity.DisplayName:        POST api/Auth/register
Activity.Kind:               Server
Activity.StartTime:          2025-09-11T04:19:21.0005724Z
Activity.Duration:           00:00:00.2979192
Activity.Tags:
    server.address: localhost
    http.request.method: POST
    url.scheme: http
    url.path: /api/auth/register
    network.protocol.version: 1.1
    http.route: api/Auth/register
    http.response.status_code: 200
Resource associated with Activity:
    deployment.environment: Testing
    service.name: Crud.Api
    service.version: 1.0.0
    service.instance.id: 8958bff5-028e-43b0-8103-5553bc095d18
    telemetry.sdk.name: opentelemetry
    telemetry.sdk.language: dotnet
    telemetry.sdk.version: 1.8.1
[04:19:21 INF] User logged in successfully: f62783a2-84bd-4539-913a-46d01a8e9a88 {"SourceContext": "App.Features.Authentication.LoginCommandHandler", "ActionId": "321dd63f-2818-4cd2-b28f-4720b007c6c4", "ActionName": "Api.Controllers.AuthController.Login (Api)", "RequestId": "0HNFGT8MUJPIQ", "RequestPath": "/api/auth/login", "Application": "Crud.Api"}
Activity.TraceId:            dc832da84b029f5ff1e379b65cbaa1f5
Activity.SpanId:             1978aadd1d9847bc
Activity.TraceFlags:         Recorded
Activity.ActivitySourceName: Microsoft.AspNetCore
Activity.DisplayName:        POST api/Auth/login
Activity.Kind:               Server
Activity.StartTime:          2025-09-11T04:19:21.2989300Z
Activity.Duration:           00:00:00.2981357
Activity.Tags:
    server.address: localhost
    http.request.method: POST
    url.scheme: http
    url.path: /api/auth/login
    network.protocol.version: 1.1
    http.route: api/Auth/login
    http.response.status_code: 200
Resource associated with Activity:
    deployment.environment: Testing
    service.name: Crud.Api
    service.version: 1.0.0
    service.instance.id: 8958bff5-028e-43b0-8103-5553bc095d18
    telemetry.sdk.name: opentelemetry
    telemetry.sdk.language: dotnet
    telemetry.sdk.version: 1.8.1
Activity.TraceId:            54eff2aca9543b03058ff5639f4f87dc
Activity.SpanId:             a1333256980a0a78
Activity.TraceFlags:         Recorded
Activity.ActivitySourceName: Microsoft.AspNetCore
Activity.DisplayName:        GET api/Auth/me
Activity.Kind:               Server
Activity.StartTime:          2025-09-11T04:19:21.5972852Z
Activity.Duration:           00:00:00.0016358
Activity.Tags:
    server.address: localhost
    http.request.method: GET
    url.scheme: http
    url.path: /api/auth/me
    network.protocol.version: 1.1
    http.route: api/Auth/me
    http.response.status_code: 200
Resource associated with Activity:
    deployment.environment: Testing
    service.name: Crud.Api
    service.version: 1.0.0
    service.instance.id: 8958bff5-028e-43b0-8103-5553bc095d18
    telemetry.sdk.name: opentelemetry
    telemetry.sdk.language: dotnet
    telemetry.sdk.version: 1.8.1
[04:19:21 INF] Resetting database for worker 11141 {"SourceContext": "Infrastructure.Services.DatabaseTestService", "Application": "Crud.Api"}
[04:19:21 INF] Resetting database via file deletion for worker 11141 in CI environment {"SourceContext": "Infrastructure.Services.DatabaseTestService", "Application": "Crud.Api"}
[04:19:21 INF] Acquiring database mutex for worker 11141... {"SourceContext": "Infrastructure.Services.DatabaseTestService", "Application": "Crud.Api"}
[04:19:21 INF] Database mutex acquired for worker 11141 {"SourceContext": "Infrastructure.Services.DatabaseTestService", "Application": "Crud.Api"}
[04:19:21 INF] Current database state - CanConnect: True {"SourceContext": "Infrastructure.Services.DatabaseTestService", "Application": "Crud.Api"}
[04:19:21 INF] [Phase 0] Closing database connection for worker 11141... {"SourceContext": "Infrastructure.Services.DatabaseTestService", "Application": "Crud.Api"}
[04:19:21 INF] [Phase 0] Connection closed in 0.0007ms {"SourceContext": "Infrastructure.Services.DatabaseTestService", "Application": "Crud.Api"}
[04:19:21 INF] [Phase 1] Starting EnsureDeletedAsync for worker 11141... {"SourceContext": "Infrastructure.Services.DatabaseTestService", "Application": "Crud.Api"}
[04:19:21 INF] [Phase 1] EnsureDeletedAsync completed in 1.0817ms {"SourceContext": "Infrastructure.Services.DatabaseTestService", "Application": "Crud.Api"}
[04:19:21 INF] [Phase 2] Starting EnsureCreatedAsync for worker 11141... {"SourceContext": "Infrastructure.Services.DatabaseTestService", "Application": "Crud.Api"}
[04:19:21 INF] [Phase 2] EnsureCreatedAsync completed in 7.5274ms {"SourceContext": "Infrastructure.Services.DatabaseTestService", "Application": "Crud.Api"}
[04:19:21 INF] [Phase 3] Skipping database seeding as requested for worker 11141 {"SourceContext": "Infrastructure.Services.DatabaseTestService", "Application": "Crud.Api"}
[04:19:21 INF] Database reset via file deletion completed for worker 11141 in 108.1366ms (Close: 0.0007ms, Delete: 1.0817ms, Create: 7.5274ms) {"SourceContext": "Infrastructure.Services.DatabaseTestService", "Application": "Crud.Api"}
[04:19:21 INF] Releasing database mutex for worker 11141 {"SourceContext": "Infrastructure.Services.DatabaseTestService", "Application": "Crud.Api"}
[04:19:21 INF] Resetting database for worker 11141 {"SourceContext": "Infrastructure.Services.DatabaseTestService", "Application": "Crud.Api"}
[04:19:21 INF] Resetting database via file deletion for worker 11141 in CI environment {"SourceContext": "Infrastructure.Services.DatabaseTestService", "Application": "Crud.Api"}
[04:19:21 INF] Acquiring database mutex for worker 11141... {"SourceContext": "Infrastructure.Services.DatabaseTestService", "Application": "Crud.Api"}
[04:19:21 INF] Database mutex acquired for worker 11141 {"SourceContext": "Infrastructure.Services.DatabaseTestService", "Application": "Crud.Api"}
[04:19:21 INF] Current database state - CanConnect: True {"SourceContext": "Infrastructure.Services.DatabaseTestService", "Application": "Crud.Api"}
[04:19:21 INF] [Phase 0] Closing database connection for worker 11141... {"SourceContext": "Infrastructure.Services.DatabaseTestService", "Application": "Crud.Api"}
[04:19:21 INF] [Phase 0] Connection closed in 0.0004ms {"SourceContext": "Infrastructure.Services.DatabaseTestService", "Application": "Crud.Api"}
[04:19:21 INF] [Phase 1] Starting EnsureDeletedAsync for worker 11141... {"SourceContext": "Infrastructure.Services.DatabaseTestService", "Application": "Crud.Api"}
[04:19:21 INF] [Phase 1] EnsureDeletedAsync completed in 1.1822ms {"SourceContext": "Infrastructure.Services.DatabaseTestService", "Application": "Crud.Api"}
[04:19:21 INF] [Phase 2] Starting EnsureCreatedAsync for worker 11141... {"SourceContext": "Infrastructure.Services.DatabaseTestService", "Application": "Crud.Api"}
[04:19:21 INF] [Phase 2] EnsureCreatedAsync completed in 7.5763ms {"SourceContext": "Infrastructure.Services.DatabaseTestService", "Application": "Crud.Api"}
[04:19:21 INF] [Phase 3] Skipping database seeding as requested for worker 11141 {"SourceContext": "Infrastructure.Services.DatabaseTestService", "Application": "Crud.Api"}
[04:19:21 INF] Database reset via file deletion completed for worker 11141 in 108.1383ms (Close: 0.0004ms, Delete: 1.1822ms, Create: 7.5763ms) {"SourceContext": "Infrastructure.Services.DatabaseTestService", "Application": "Crud.Api"}
[04:19:21 INF] Releasing database mutex for worker 11141 {"SourceContext": "Infrastructure.Services.DatabaseTestService", "Application": "Crud.Api"}
[04:19:21 WRN] Refresh token attempt with invalid token {"SourceContext": "App.Features.Authentication.RefreshTokenCommandHandler", "ActionId": "5170e77b-99c2-422a-88ec-d8bf31f52da6", "ActionName": "Api.Controllers.AuthController.Refresh (Api)", "RequestId": "0HNFGT8MUJPIS", "RequestPath": "/api/auth/refresh", "Application": "Crud.Api"}
Activity.TraceId:            144a9c0b56e26459fd5b34889c5df1b2
Activity.SpanId:             2c60935acebedd2c
Activity.TraceFlags:         Recorded
Activity.ActivitySourceName: Microsoft.AspNetCore
Activity.DisplayName:        POST api/Auth/refresh
Activity.Kind:               Server
Activity.StartTime:          2025-09-11T04:19:21.8184037Z
Activity.Duration:           00:00:00.0021489
Activity.Tags:
    server.address: localhost
    http.request.method: POST
    url.scheme: http
    url.path: /api/auth/refresh
    network.protocol.version: 1.1
    http.route: api/Auth/refresh
    http.response.status_code: 401
Resource associated with Activity:
    deployment.environment: Testing
    service.name: Crud.Api
    service.version: 1.0.0
    service.instance.id: 8958bff5-028e-43b0-8103-5553bc095d18
    telemetry.sdk.name: opentelemetry
    telemetry.sdk.language: dotnet
    telemetry.sdk.version: 1.8.1
[04:19:21 INF] Resetting database for worker 11141 {"SourceContext": "Infrastructure.Services.DatabaseTestService", "Application": "Crud.Api"}
[04:19:21 INF] Resetting database via file deletion for worker 11141 in CI environment {"SourceContext": "Infrastructure.Services.DatabaseTestService", "Application": "Crud.Api"}
[04:19:21 INF] Acquiring database mutex for worker 11141... {"SourceContext": "Infrastructure.Services.DatabaseTestService", "Application": "Crud.Api"}
[04:19:21 INF] Database mutex acquired for worker 11141 {"SourceContext": "Infrastructure.Services.DatabaseTestService", "Application": "Crud.Api"}
[04:19:21 INF] Current database state - CanConnect: True {"SourceContext": "Infrastructure.Services.DatabaseTestService", "Application": "Crud.Api"}
[04:19:21 INF] [Phase 0] Closing database connection for worker 11141... {"SourceContext": "Infrastructure.Services.DatabaseTestService", "Application": "Crud.Api"}
[04:19:21 INF] [Phase 0] Connection closed in 0.0005ms {"SourceContext": "Infrastructure.Services.DatabaseTestService", "Application": "Crud.Api"}
[04:19:21 INF] [Phase 1] Starting EnsureDeletedAsync for worker 11141... {"SourceContext": "Infrastructure.Services.DatabaseTestService", "Application": "Crud.Api"}
[04:19:21 INF] [Phase 1] EnsureDeletedAsync completed in 1.2107ms {"SourceContext": "Infrastructure.Services.DatabaseTestService", "Application": "Crud.Api"}
[04:19:21 INF] [Phase 2] Starting EnsureCreatedAsync for worker 11141... {"SourceContext": "Infrastructure.Services.DatabaseTestService", "Application": "Crud.Api"}
[04:19:21 INF] [Phase 2] EnsureCreatedAsync completed in 7.4052ms {"SourceContext": "Infrastructure.Services.DatabaseTestService", "Application": "Crud.Api"}
[04:19:21 INF] [Phase 3] Skipping database seeding as requested for worker 11141 {"SourceContext": "Infrastructure.Services.DatabaseTestService", "Application": "Crud.Api"}
[04:19:21 INF] Database reset via file deletion completed for worker 11141 in 109.1017ms (Close: 0.0005ms, Delete: 1.2107ms, Create: 7.4052ms) {"SourceContext": "Infrastructure.Services.DatabaseTestService", "Application": "Crud.Api"}
[04:19:21 INF] Releasing database mutex for worker 11141 {"SourceContext": "Infrastructure.Services.DatabaseTestService", "Application": "Crud.Api"}
[04:19:21 INF] Resetting database for worker 11141 {"SourceContext": "Infrastructure.Services.DatabaseTestService", "Application": "Crud.Api"}
[04:19:21 INF] Resetting database via file deletion for worker 11141 in CI environment {"SourceContext": "Infrastructure.Services.DatabaseTestService", "Application": "Crud.Api"}
[04:19:21 INF] Acquiring database mutex for worker 11141... {"SourceContext": "Infrastructure.Services.DatabaseTestService", "Application": "Crud.Api"}
[04:19:21 INF] Database mutex acquired for worker 11141 {"SourceContext": "Infrastructure.Services.DatabaseTestService", "Application": "Crud.Api"}
[04:19:21 INF] Current database state - CanConnect: True {"SourceContext": "Infrastructure.Services.DatabaseTestService", "Application": "Crud.Api"}
[04:19:21 INF] [Phase 0] Closing database connection for worker 11141... {"SourceContext": "Infrastructure.Services.DatabaseTestService", "Application": "Crud.Api"}
[04:19:21 INF] [Phase 0] Connection closed in 0.0005ms {"SourceContext": "Infrastructure.Services.DatabaseTestService", "Application": "Crud.Api"}
[04:19:21 INF] [Phase 1] Starting EnsureDeletedAsync for worker 11141... {"SourceContext": "Infrastructure.Services.DatabaseTestService", "Application": "Crud.Api"}
[04:19:21 INF] [Phase 1] EnsureDeletedAsync completed in 1.2483ms {"SourceContext": "Infrastructure.Services.DatabaseTestService", "Application": "Crud.Api"}
[04:19:22 INF] [Phase 2] Starting EnsureCreatedAsync for worker 11141... {"SourceContext": "Infrastructure.Services.DatabaseTestService", "Application": "Crud.Api"}
[04:19:22 INF] [Phase 2] EnsureCreatedAsync completed in 9.7478ms {"SourceContext": "Infrastructure.Services.DatabaseTestService", "Application": "Crud.Api"}
[04:19:22 INF] [Phase 3] Skipping database seeding as requested for worker 11141 {"SourceContext": "Infrastructure.Services.DatabaseTestService", "Application": "Crud.Api"}
[04:19:22 INF] Database reset via file deletion completed for worker 11141 in 111.0548ms (Close: 0.0005ms, Delete: 1.2483ms, Create: 9.7478ms) {"SourceContext": "Infrastructure.Services.DatabaseTestService", "Application": "Crud.Api"}
[04:19:22 INF] Releasing database mutex for worker 11141 {"SourceContext": "Infrastructure.Services.DatabaseTestService", "Application": "Crud.Api"}
[04:19:22 INF] User registered successfully: b67ec48f-1088-410a-bfe6-0c90035e4174 {"SourceContext": "App.Features.Authentication.RegisterUserCommandHandler", "ActionId": "715410a8-c669-428f-bab0-872a62bb42c7", "ActionName": "Api.Controllers.AuthController.Register (Api)", "RequestId": "0HNFGT8MUJPIT", "RequestPath": "/api/auth/register", "Application": "Crud.Api"}
Activity.TraceId:            82e9f907c41dbed013681419bc991881
Activity.SpanId:             2722fe4056eedec7
Activity.TraceFlags:         Recorded
Activity.ActivitySourceName: Microsoft.AspNetCore
Activity.DisplayName:        POST api/Auth/register
Activity.Kind:               Server
Activity.StartTime:          2025-09-11T04:19:22.0445151Z
Activity.Duration:           00:00:00.2982441
Activity.Tags:
    server.address: localhost
    http.request.method: POST
    url.scheme: http
    url.path: /api/auth/register
    network.protocol.version: 1.1
    http.route: api/Auth/register
    http.response.status_code: 200
Resource associated with Activity:
    deployment.environment: Testing
    service.name: Crud.Api
    service.version: 1.0.0
    service.instance.id: 8958bff5-028e-43b0-8103-5553bc095d18
    telemetry.sdk.name: opentelemetry
    telemetry.sdk.language: dotnet
    telemetry.sdk.version: 1.8.1
[04:19:22 INF] Resetting database for worker 11141 {"SourceContext": "Infrastructure.Services.DatabaseTestService", "Application": "Crud.Api"}
[04:19:22 INF] Resetting database via file deletion for worker 11141 in CI environment {"SourceContext": "Infrastructure.Services.DatabaseTestService", "Application": "Crud.Api"}
[04:19:22 INF] Acquiring database mutex for worker 11141... {"SourceContext": "Infrastructure.Services.DatabaseTestService", "Application": "Crud.Api"}
[04:19:22 INF] Database mutex acquired for worker 11141 {"SourceContext": "Infrastructure.Services.DatabaseTestService", "Application": "Crud.Api"}
[04:19:22 INF] Current database state - CanConnect: True {"SourceContext": "Infrastructure.Services.DatabaseTestService", "Application": "Crud.Api"}
[04:19:22 INF] [Phase 0] Closing database connection for worker 11141... {"SourceContext": "Infrastructure.Services.DatabaseTestService", "Application": "Crud.Api"}
[04:19:22 INF] [Phase 0] Connection closed in 0.0009ms {"SourceContext": "Infrastructure.Services.DatabaseTestService", "Application": "Crud.Api"}
[04:19:22 INF] [Phase 1] Starting EnsureDeletedAsync for worker 11141... {"SourceContext": "Infrastructure.Services.DatabaseTestService", "Application": "Crud.Api"}
[04:19:22 INF] [Phase 1] EnsureDeletedAsync completed in 1.1572ms {"SourceContext": "Infrastructure.Services.DatabaseTestService", "Application": "Crud.Api"}
[04:19:22 INF] [Phase 2] Starting EnsureCreatedAsync for worker 11141... {"SourceContext": "Infrastructure.Services.DatabaseTestService", "Application": "Crud.Api"}
[04:19:22 INF] [Phase 2] EnsureCreatedAsync completed in 13.4742ms {"SourceContext": "Infrastructure.Services.DatabaseTestService", "Application": "Crud.Api"}
[04:19:22 INF] [Phase 3] Skipping database seeding as requested for worker 11141 {"SourceContext": "Infrastructure.Services.DatabaseTestService", "Application": "Crud.Api"}
[04:19:22 INF] Database reset via file deletion completed for worker 11141 in 114.506ms (Close: 0.0009ms, Delete: 1.1572ms, Create: 13.4742ms) {"SourceContext": "Infrastructure.Services.DatabaseTestService", "Application": "Crud.Api"}
[04:19:22 INF] Releasing database mutex for worker 11141 {"SourceContext": "Infrastructure.Services.DatabaseTestService", "Application": "Crud.Api"}
[04:19:22 INF] Resetting database for worker 11141 {"SourceContext": "Infrastructure.Services.DatabaseTestService", "Application": "Crud.Api"}
[04:19:22 INF] Resetting database via file deletion for worker 11141 in CI environment {"SourceContext": "Infrastructure.Services.DatabaseTestService", "Application": "Crud.Api"}
[04:19:22 INF] Acquiring database mutex for worker 11141... {"SourceContext": "Infrastructure.Services.DatabaseTestService", "Application": "Crud.Api"}
[04:19:22 INF] Database mutex acquired for worker 11141 {"SourceContext": "Infrastructure.Services.DatabaseTestService", "Application": "Crud.Api"}
[04:19:22 INF] Current database state - CanConnect: True {"SourceContext": "Infrastructure.Services.DatabaseTestService", "Application": "Crud.Api"}
[04:19:22 INF] [Phase 0] Closing database connection for worker 11141... {"SourceContext": "Infrastructure.Services.DatabaseTestService", "Application": "Crud.Api"}
[04:19:22 INF] [Phase 0] Connection closed in 0.0005ms {"SourceContext": "Infrastructure.Services.DatabaseTestService", "Application": "Crud.Api"}
[04:19:22 INF] [Phase 1] Starting EnsureDeletedAsync for worker 11141... {"SourceContext": "Infrastructure.Services.DatabaseTestService", "Application": "Crud.Api"}
[04:19:22 INF] [Phase 1] EnsureDeletedAsync completed in 1.2713ms {"SourceContext": "Infrastructure.Services.DatabaseTestService", "Application": "Crud.Api"}
[04:19:22 INF] [Phase 2] Starting EnsureCreatedAsync for worker 11141... {"SourceContext": "Infrastructure.Services.DatabaseTestService", "Application": "Crud.Api"}
[04:19:22 INF] [Phase 2] EnsureCreatedAsync completed in 7.4355ms {"SourceContext": "Infrastructure.Services.DatabaseTestService", "Application": "Crud.Api"}
[04:19:22 INF] [Phase 3] Skipping database seeding as requested for worker 11141 {"SourceContext": "Infrastructure.Services.DatabaseTestService", "Application": "Crud.Api"}
[04:19:22 INF] Database reset via file deletion completed for worker 11141 in 108.7313ms (Close: 0.0005ms, Delete: 1.2713ms, Create: 7.4355ms) {"SourceContext": "Infrastructure.Services.DatabaseTestService", "Application": "Crud.Api"}
[04:19:22 INF] Releasing database mutex for worker 11141 {"SourceContext": "Infrastructure.Services.DatabaseTestService", "Application": "Crud.Api"}
Activity.TraceId:            10ae66f8b012bfea2431095d9e9ad0a7
Activity.SpanId:             a2d9b49f48a8924b
Activity.TraceFlags:         Recorded
Activity.ActivitySourceName: Microsoft.AspNetCore
Activity.DisplayName:        GET api/Auth/me
Activity.Kind:               Server
Activity.StartTime:          2025-09-11T04:19:22.5698056Z
Activity.Duration:           00:00:00.0008633
Activity.Tags:
    server.address: localhost
    http.request.method: GET
    url.scheme: http
    url.path: /api/auth/me
    network.protocol.version: 1.1
    http.route: api/Auth/me
    http.response.status_code: 401
Resource associated with Activity:
    deployment.environment: Testing
    service.name: Crud.Api
    service.version: 1.0.0
    service.instance.id: 8958bff5-028e-43b0-8103-5553bc095d18
    telemetry.sdk.name: opentelemetry
    telemetry.sdk.language: dotnet
    telemetry.sdk.version: 1.8.1
[04:19:22 INF] Resetting database for worker 11141 {"SourceContext": "Infrastructure.Services.DatabaseTestService", "Application": "Crud.Api"}
[04:19:22 INF] Resetting database via file deletion for worker 11141 in CI environment {"SourceContext": "Infrastructure.Services.DatabaseTestService", "Application": "Crud.Api"}
[04:19:22 INF] Acquiring database mutex for worker 11141... {"SourceContext": "Infrastructure.Services.DatabaseTestService", "Application": "Crud.Api"}
[04:19:22 INF] Database mutex acquired for worker 11141 {"SourceContext": "Infrastructure.Services.DatabaseTestService", "Application": "Crud.Api"}
[04:19:22 INF] Current database state - CanConnect: True {"SourceContext": "Infrastructure.Services.DatabaseTestService", "Application": "Crud.Api"}
[04:19:22 INF] [Phase 0] Closing database connection for worker 11141... {"SourceContext": "Infrastructure.Services.DatabaseTestService", "Application": "Crud.Api"}
[04:19:22 INF] [Phase 0] Connection closed in 0.0006ms {"SourceContext": "Infrastructure.Services.DatabaseTestService", "Application": "Crud.Api"}
[04:19:22 INF] [Phase 1] Starting EnsureDeletedAsync for worker 11141... {"SourceContext": "Infrastructure.Services.DatabaseTestService", "Application": "Crud.Api"}
[04:19:22 INF] [Phase 1] EnsureDeletedAsync completed in 1.2995ms {"SourceContext": "Infrastructure.Services.DatabaseTestService", "Application": "Crud.Api"}
[04:19:22 INF] [Phase 2] Starting EnsureCreatedAsync for worker 11141... {"SourceContext": "Infrastructure.Services.DatabaseTestService", "Application": "Crud.Api"}
[04:19:22 INF] [Phase 2] EnsureCreatedAsync completed in 7.2502ms {"SourceContext": "Infrastructure.Services.DatabaseTestService", "Application": "Crud.Api"}
[04:19:22 INF] [Phase 3] Skipping database seeding as requested for worker 11141 {"SourceContext": "Infrastructure.Services.DatabaseTestService", "Application": "Crud.Api"}
[04:19:22 INF] Database reset via file deletion completed for worker 11141 in 108.6825ms (Close: 0.0006ms, Delete: 1.2995ms, Create: 7.2502ms) {"SourceContext": "Infrastructure.Services.DatabaseTestService", "Application": "Crud.Api"}
[04:19:22 INF] Releasing database mutex for worker 11141 {"SourceContext": "Infrastructure.Services.DatabaseTestService", "Application": "Crud.Api"}
[04:19:22 INF] Resetting database for worker 11141 {"SourceContext": "Infrastructure.Services.DatabaseTestService", "Application": "Crud.Api"}
[04:19:22 INF] Resetting database via file deletion for worker 11141 in CI environment {"SourceContext": "Infrastructure.Services.DatabaseTestService", "Application": "Crud.Api"}
[04:19:22 INF] Acquiring database mutex for worker 11141... {"SourceContext": "Infrastructure.Services.DatabaseTestService", "Application": "Crud.Api"}
[04:19:22 INF] Database mutex acquired for worker 11141 {"SourceContext": "Infrastructure.Services.DatabaseTestService", "Application": "Crud.Api"}
[04:19:22 INF] Current database state - CanConnect: True {"SourceContext": "Infrastructure.Services.DatabaseTestService", "Application": "Crud.Api"}
[04:19:22 INF] [Phase 0] Closing database connection for worker 11141... {"SourceContext": "Infrastructure.Services.DatabaseTestService", "Application": "Crud.Api"}
[04:19:22 INF] [Phase 0] Connection closed in 0.0006ms {"SourceContext": "Infrastructure.Services.DatabaseTestService", "Application": "Crud.Api"}
[04:19:22 INF] [Phase 1] Starting EnsureDeletedAsync for worker 11141... {"SourceContext": "Infrastructure.Services.DatabaseTestService", "Application": "Crud.Api"}
[04:19:22 INF] [Phase 1] EnsureDeletedAsync completed in 1.0233ms {"SourceContext": "Infrastructure.Services.DatabaseTestService", "Application": "Crud.Api"}
[04:19:22 INF] [Phase 2] Starting EnsureCreatedAsync for worker 11141... {"SourceContext": "Infrastructure.Services.DatabaseTestService", "Application": "Crud.Api"}
[04:19:22 INF] [Phase 2] EnsureCreatedAsync completed in 7.2594ms {"SourceContext": "Infrastructure.Services.DatabaseTestService", "Application": "Crud.Api"}
[04:19:22 INF] [Phase 3] Skipping database seeding as requested for worker 11141 {"SourceContext": "Infrastructure.Services.DatabaseTestService", "Application": "Crud.Api"}
[04:19:22 INF] Database reset via file deletion completed for worker 11141 in 108.7052ms (Close: 0.0006ms, Delete: 1.0233ms, Create: 7.2594ms) {"SourceContext": "Infrastructure.Services.DatabaseTestService", "Application": "Crud.Api"}
[04:19:22 INF] Releasing database mutex for worker 11141 {"SourceContext": "Infrastructure.Services.DatabaseTestService", "Application": "Crud.Api"}
[04:19:22 ERR] An unhandled exception occurred during request POST /api/auth/login. Request ID: 0HNFGT8MUJPIV, User: Anonymous {"SourceContext": "Api.Middleware.GlobalExceptionHandlingMiddleware", "RequestPath": "/api/auth/login", "Application": "Crud.Api"}
FluentValidation.ValidationException: Validation failed: 
 -- Email: Invalid email format Severity: Error
   at App.Behaviors.ValidationBehavior`2.Handle(TRequest request, RequestHandlerDelegate`1 next, CancellationToken cancellationToken) in /home/runner/work/Crud/Crud/src/App/Behaviors/ValidationBehavior.cs:line 39
   at Api.Controllers.AuthController.Login(LoginCommand command, CancellationToken cancellationToken) in /home/runner/work/Crud/Crud/src/Api/Controllers/AuthController.cs:line 47
   at Microsoft.AspNetCore.Mvc.Infrastructure.ActionMethodExecutor.TaskOfIActionResultExecutor.Execute(ActionContext actionContext, IActionResultTypeMapper mapper, ObjectMethodExecutor executor, Object controller, Object[] arguments)
   at Microsoft.AspNetCore.Mvc.Infrastructure.ControllerActionInvoker.&lt;InvokeActionMethodAsync&gt;g__Logged|12_1(ControllerActionInvoker invoker)
   at Microsoft.AspNetCore.Mvc.Infrastructure.ControllerActionInvoker.&lt;InvokeNextActionFilterAsync&gt;g__Awaited|10_0(ControllerActionInvoker invoker, Task lastTask, State next, Scope scope, Object state, Boolean isCompleted)
   at Microsoft.AspNetCore.Mvc.Infrastructure.ControllerActionInvoker.Rethrow(ActionExecutedContextSealed context)
   at Microsoft.AspNetCore.Mvc.Infrastructure.ControllerActionInvoker.Next(State&amp; next, Scope&amp; scope, Object&amp; state, Boolean&amp; isCompleted)
   at Microsoft.AspNetCore.Mvc.Infrastructure.ControllerActionInvoker.InvokeInnerFilterAsync()
--- End of stack trace from previous location ---
   at Microsoft.AspNetCore.Mvc.Infrastructure.ResourceInvoker.&lt;InvokeFilterPipelineAsync&gt;g__Awaited|20_0(ResourceInvoker invoker, Task lastTask, State next, Scope scope, Object state, Boolean isCompleted)
   at Microsoft.AspNetCore.Mvc.Infrastructure.ResourceInvoker.&lt;InvokeAsync&gt;g__Logged|17_1(ResourceInvoker invoker)
   at Microsoft.AspNetCore.Mvc.Infrastructure.ResourceInvoker.&lt;InvokeAsync&gt;g__Logged|17_1(ResourceInvoker invoker)
   at Microsoft.AspNetCore.Authorization.AuthorizationMiddleware.Invoke(HttpContext context)
   at Microsoft.AspNetCore.Authentication.AuthenticationMiddleware.Invoke(HttpContext context)
   at Microsoft.AspNetCore.RateLimiting.RateLimitingMiddleware.InvokeInternal(HttpContext context, EnableRateLimitingAttribute enableRateLimitingAttribute)
   at Api.Middleware.GlobalExceptionHandlingMiddleware.InvokeAsync(HttpContext context) in /home/runner/work/Crud/Crud/src/Api/Middleware/GlobalExceptionHandlingMiddleware.cs:line 27
Activity.TraceId:            0c7570ca89d3ae7d87a266b0312d9dc1
Activity.SpanId:             e662b61cf596b576
Activity.TraceFlags:         Recorded
Activity.ActivitySourceName: Microsoft.AspNetCore
Activity.DisplayName:        POST api/Auth/login
Activity.Kind:               Server
Activity.StartTime:          2025-09-11T04:19:22.7915358Z
Activity.Duration:           00:00:00.0014012
Activity.Tags:
    server.address: localhost
    http.request.method: POST
    url.scheme: http
    url.path: /api/auth/login
    network.protocol.version: 1.1
    http.route: api/Auth/login
    http.response.status_code: 400
Resource associated with Activity:
    deployment.environment: Testing
    service.name: Crud.Api
    service.version: 1.0.0
    service.instance.id: 8958bff5-028e-43b0-8103-5553bc095d18
    telemetry.sdk.name: opentelemetry
    telemetry.sdk.language: dotnet
    telemetry.sdk.version: 1.8.1
[04:19:22 INF] Resetting database for worker 11141 {"SourceContext": "Infrastructure.Services.DatabaseTestService", "Application": "Crud.Api"}
[04:19:22 INF] Resetting database via file deletion for worker 11141 in CI environment {"SourceContext": "Infrastructure.Services.DatabaseTestService", "Application": "Crud.Api"}
[04:19:22 INF] Acquiring database mutex for worker 11141... {"SourceContext": "Infrastructure.Services.DatabaseTestService", "Application": "Crud.Api"}
[04:19:22 INF] Database mutex acquired for worker 11141 {"SourceContext": "Infrastructure.Services.DatabaseTestService", "Application": "Crud.Api"}
[04:19:22 INF] Current database state - CanConnect: True {"SourceContext": "Infrastructure.Services.DatabaseTestService", "Application": "Crud.Api"}
[04:19:22 INF] [Phase 0] Closing database connection for worker 11141... {"SourceContext": "Infrastructure.Services.DatabaseTestService", "Application": "Crud.Api"}
[04:19:22 INF] [Phase 0] Connection closed in 0.0007ms {"SourceContext": "Infrastructure.Services.DatabaseTestService", "Application": "Crud.Api"}
[04:19:22 INF] [Phase 1] Starting EnsureDeletedAsync for worker 11141... {"SourceContext": "Infrastructure.Services.DatabaseTestService", "Application": "Crud.Api"}
[04:19:22 INF] [Phase 1] EnsureDeletedAsync completed in 1.0866ms {"SourceContext": "Infrastructure.Services.DatabaseTestService", "Application": "Crud.Api"}
[04:19:22 INF] [Phase 2] Starting EnsureCreatedAsync for worker 11141... {"SourceContext": "Infrastructure.Services.DatabaseTestService", "Application": "Crud.Api"}
[04:19:22 INF] [Phase 2] EnsureCreatedAsync completed in 10.1292ms {"SourceContext": "Infrastructure.Services.DatabaseTestService", "Application": "Crud.Api"}
[04:19:22 INF] [Phase 3] Skipping database seeding as requested for worker 11141 {"SourceContext": "Infrastructure.Services.DatabaseTestService", "Application": "Crud.Api"}
[04:19:22 INF] Database reset via file deletion completed for worker 11141 in 111.2736ms (Close: 0.0007ms, Delete: 1.0866ms, Create: 10.1292ms) {"SourceContext": "Infrastructure.Services.DatabaseTestService", "Application": "Crud.Api"}
[04:19:22 INF] Releasing database mutex for worker 11141 {"SourceContext": "Infrastructure.Services.DatabaseTestService", "Application": "Crud.Api"}
Resource associated with Metric:
    deployment.environment: Testing
    service.name: Crud.Api
    service.version: 1.0.0
    service.instance.id: 8958bff5-028e-43b0-8103-5553bc095d18
    telemetry.sdk.name: opentelemetry
    telemetry.sdk.language: dotnet
    telemetry.sdk.version: 1.8.1
Metric Name: http.server.active_requests, Number of active HTTP server requests., Unit: {request}, Meter: Microsoft.AspNetCore.Hosting
(2025-09-11T04:19:17.3940377Z, 2025-09-11T04:19:22.9060870Z] http.request.method: POST url.scheme: http LongSumNonMonotonic
Value: 0
(2025-09-11T04:19:17.3940377Z, 2025-09-11T04:19:22.9060870Z] http.request.method: GET url.scheme: http LongSumNonMonotonic
Value: 0
Metric Name: http.server.request.duration, Duration of HTTP server requests., Unit: s, Meter: Microsoft.AspNetCore.Hosting
(2025-09-11T04:19:17.3940534Z, 2025-09-11T04:19:22.9060885Z] http.request.method: POST http.response.status_code: 400 http.route: api/Auth/register network.protocol.version: 1.1 url.scheme: http Histogram
Value: Sum: 0.0093843 Count: 2 Min: 0.0035036 Max: 0.0058807 
(-Infinity,0.005]:1
(0.005,0.01]:1
(0.01,0.025]:0
(0.025,0.05]:0
(0.05,0.075]:0
(0.075,0.1]:0
(0.1,0.25]:0
(0.25,0.5]:0
(0.5,0.75]:0
(0.75,1]:0
(1,2.5]:0
(2.5,5]:0
(5,7.5]:0
(7.5,10]:0
(10,+Infinity]:0
(2025-09-11T04:19:17.3940534Z, 2025-09-11T04:19:22.9060885Z] http.request.method: POST http.response.status_code: 200 http.route: api/Auth/register network.protocol.version: 1.1 url.scheme: http Histogram
Value: Sum: 1.8002112000000001 Count: 6 Min: 0.2979203 Max: 0.3038634 
(-Infinity,0.005]:0
(0.005,0.01]:0
(0.01,0.025]:0
(0.025,0.05]:0
(0.05,0.075]:0
(0.075,0.1]:0
(0.1,0.25]:0
(0.25,0.5]:6
(0.5,0.75]:0
(0.75,1]:0
(1,2.5]:0
(2.5,5]:0
(5,7.5]:0
(7.5,10]:0
(10,+Infinity]:0
(2025-09-11T04:19:17.3940534Z, 2025-09-11T04:19:22.9060885Z] http.request.method: POST http.response.status_code: 200 http.route: api/Auth/login network.protocol.version: 1.1 url.scheme: http Histogram
Value: Sum: 1.2018208000000001 Count: 4 Min: 0.2980007 Max: 0.3040821 
(-Infinity,0.005]:0
(0.005,0.01]:0
(0.01,0.025]:0
(0.025,0.05]:0
(0.05,0.075]:0
(0.075,0.1]:0
(0.1,0.25]:0
(0.25,0.5]:4
(0.5,0.75]:0
(0.75,1]:0
(1,2.5]:0
(2.5,5]:0
(5,7.5]:0
(7.5,10]:0
(10,+Infinity]:0
(2025-09-11T04:19:17.3940534Z, 2025-09-11T04:19:22.9060885Z] http.request.method: POST http.response.status_code: 200 http.route: api/Auth/refresh network.protocol.version: 1.1 url.scheme: http Histogram
Value: Sum: 0.0158959 Count: 1 Min: 0.0158959 Max: 0.0158959 
(-Infinity,0.005]:0
(0.005,0.01]:0
(0.01,0.025]:1
(0.025,0.05]:0
(0.05,0.075]:0
(0.075,0.1]:0
(0.1,0.25]:0
(0.25,0.5]:0
(0.5,0.75]:0
(0.75,1]:0
(1,2.5]:0
(2.5,5]:0
(5,7.5]:0
(7.5,10]:0
(10,+Infinity]:0
(2025-09-11T04:19:17.3940534Z, 2025-09-11T04:19:22.9060885Z] http.request.method: POST http.response.status_code: 401 http.route: api/Auth/login network.protocol.version: 1.1 url.scheme: http Histogram
Value: Sum: 0.0008302 Count: 1 Min: 0.0008302 Max: 0.0008302 
(-Infinity,0.005]:1
(0.005,0.01]:0
(0.01,0.025]:0
(0.025,0.05]:0
(0.05,0.075]:0
(0.075,0.1]:0
(0.1,0.25]:0
(0.25,0.5]:0
(0.5,0.75]:0
(0.75,1]:0
(1,2.5]:0
(2.5,5]:0
(5,7.5]:0
(7.5,10]:0
(10,+Infinity]:0
(2025-09-11T04:19:17.3940534Z, 2025-09-11T04:19:22.9060885Z] http.request.method: POST http.response.status_code: 200 http.route: api/Auth/logout network.protocol.version: 1.1 url.scheme: http Histogram
Value: Sum: 0.0058348 Count: 1 Min: 0.0058348 Max: 0.0058348 
(-Infinity,0.005]:0
(0.005,0.01]:1
(0.01,0.025]:0
(0.025,0.05]:0
(0.05,0.075]:0
(0.075,0.1]:0
(0.1,0.25]:0
(0.25,0.5]:0
(0.5,0.75]:0
(0.75,1]:0
(1,2.5]:0
(2.5,5]:0
(5,7.5]:0
(7.5,10]:0
(10,+Infinity]:0
(2025-09-11T04:19:17.3940534Z, 2025-09-11T04:19:22.9060885Z] http.request.method: POST http.response.status_code: 401 http.route: api/Auth/refresh network.protocol.version: 1.1 url.scheme: http Histogram
Value: Sum: 0.0029892 Count: 2 Min: 0.0008392 Max: 0.00215 
(-Infinity,0.005]:2
(0.005,0.01]:0
(0.01,0.025]:0
(0.025,0.05]:0
(0.05,0.075]:0
(0.075,0.1]:0
(0.1,0.25]:0
(0.25,0.5]:0
(0.5,0.75]:0
(0.75,1]:0
(1,2.5]:0
(2.5,5]:0
(5,7.5]:0
(7.5,10]:0
(10,+Infinity]:0
(2025-09-11T04:19:17.3940534Z, 2025-09-11T04:19:22.9060885Z] http.request.method: GET http.response.status_code: 200 http.route: api/Auth/me network.protocol.version: 1.1 url.scheme: http Histogram
Value: Sum: 0.0016301 Count: 1 Min: 0.0016301 Max: 0.0016301 
(-Infinity,0.005]:1
(0.005,0.01]:0
(0.01,0.025]:0
(0.025,0.05]:0
(0.05,0.075]:0
(0.075,0.1]:0
(0.1,0.25]:0
(0.25,0.5]:0
(0.5,0.75]:0
(0.75,1]:0
(1,2.5]:0
(2.5,5]:0
(5,7.5]:0
(7.5,10]:0
(10,+Infinity]:0
(2025-09-11T04:19:17.3940534Z, 2025-09-11T04:19:22.9060885Z] http.request.method: GET http.response.status_code: 401 http.route: api/Auth/me network.protocol.version: 1.1 url.scheme: http Histogram
Value: Sum: 0.0008562 Count: 1 Min: 0.0008562 Max: 0.0008562 
(-Infinity,0.005]:1
(0.005,0.01]:0
(0.01,0.025]:0
(0.025,0.05]:0
(0.05,0.075]:0
(0.075,0.1]:0
(0.1,0.25]:0
(0.25,0.5]:0
(0.5,0.75]:0
(0.75,1]:0
(1,2.5]:0
(2.5,5]:0
(5,7.5]:0
(7.5,10]:0
(10,+Infinity]:0
(2025-09-11T04:19:17.3940534Z, 2025-09-11T04:19:22.9060885Z] http.request.method: POST http.response.status_code: 400 http.route: api/Auth/login network.protocol.version: 1.1 url.scheme: http Histogram
Value: Sum: 0.001395 Count: 1 Min: 0.001395 Max: 0.001395 
(-Infinity,0.005]:1
(0.005,0.01]:0
(0.01,0.025]:0
(0.025,0.05]:0
(0.05,0.075]:0
(0.075,0.1]:0
(0.1,0.25]:0
(0.25,0.5]:0
(0.5,0.75]:0
(0.75,1]:0
(1,2.5]:0
(2.5,5]:0
(5,7.5]:0
(7.5,10]:0
(10,+Infinity]:0
Metric Name: aspnetcore.rate_limiting.active_request_leases, Number of HTTP requests that are currently active on the server that hold a rate limiting lease., Unit: {request}, Meter: Microsoft.AspNetCore.RateLimiting
(2025-09-11T04:19:17.3959001Z, 2025-09-11T04:19:22.9060888Z] LongSumNonMonotonic
Value: 0
Metric Name: aspnetcore.rate_limiting.request_lease.duration, The duration of rate limiting leases held by HTTP requests on the server., Unit: s, Meter: Microsoft.AspNetCore.RateLimiting
(2025-09-11T04:19:17.3959169Z, 2025-09-11T04:19:22.9060891Z] Histogram
Value: Sum: 3.0348647 Count: 20 Min: 0.0004761 Max: 0.3039948 
(-Infinity,0.005]:8
(0.005,0.01]:1
(0.01,0.025]:1
(0.025,0.05]:0
(0.05,0.075]:0
(0.075,0.1]:0
(0.1,0.25]:0
(0.25,0.5]:10
(0.5,0.75]:0
(0.75,1]:0
(1,2.5]:0
(2.5,5]:0
(5,7.5]:0
(7.5,10]:0
(10,+Infinity]:0
Metric Name: aspnetcore.rate_limiting.requests, Number of requests that tried to acquire a rate limiting lease. Requests could be rejected by global or endpoint rate limiting policies. Or the request could be canceled while waiting for the lease., Unit: {request}, Meter: Microsoft.AspNetCore.RateLimiting
(2025-09-11T04:19:17.3959508Z, 2025-09-11T04:19:22.9060898Z] aspnetcore.rate_limiting.result: acquired LongSum
Value: 20
Metric Name: aspnetcore.routing.match_attempts, Number of requests that were attempted to be matched to an endpoint., Unit: {match_attempt}, Meter: Microsoft.AspNetCore.Routing
(2025-09-11T04:19:17.3966640Z, 2025-09-11T04:19:22.9060901Z] aspnetcore.routing.is_fallback: false aspnetcore.routing.match_status: success http.route: api/Auth/register LongSum
Value: 8
(2025-09-11T04:19:17.3966640Z, 2025-09-11T04:19:22.9060901Z] aspnetcore.routing.is_fallback: false aspnetcore.routing.match_status: success http.route: api/Auth/login LongSum
Value: 6
(2025-09-11T04:19:17.3966640Z, 2025-09-11T04:19:22.9060901Z] aspnetcore.routing.is_fallback: false aspnetcore.routing.match_status: success http.route: api/Auth/refresh LongSum
Value: 3
(2025-09-11T04:19:17.3966640Z, 2025-09-11T04:19:22.9060901Z] aspnetcore.routing.is_fallback: false aspnetcore.routing.match_status: success http.route: api/Auth/logout LongSum
Value: 1
(2025-09-11T04:19:17.3966640Z, 2025-09-11T04:19:22.9060901Z] aspnetcore.routing.is_fallback: false aspnetcore.routing.match_status: success http.route: api/Auth/me LongSum
Value: 2
[04:19:22 INF] Starting Crud API application {"Application": "Crud.Api"}
[04:19:22 INF] Using SQLite provider with connection: Data Source=TestDatabase.db {"Application": "Crud.Api"}
[04:19:22 INF] Database ensured successfully {"Application": "Crud.Api"}
[04:19:22 INF] Application configured successfully. Starting web host... {"Application": "Crud.Api"}
[04:19:22 WRN] Failed to determine the https port for redirect. {"EventId": {"Id": 3, "Name": "FailedToDeterminePort"}, "SourceContext": "Microsoft.AspNetCore.HttpsPolicy.HttpsRedirectionMiddleware", "RequestId": "0HNFGT8MUJPJ0", "RequestPath": "/api/auth/register", "Application": "Crud.Api"}
[04:19:23 INF] User registered successfully: bc342fdf-431b-45df-99d2-e531076a6caa {"SourceContext": "App.Features.Authentication.RegisterUserCommandHandler", "ActionId": "acde20d9-35d2-4ea3-a460-c8b03926d7e6", "ActionName": "Api.Controllers.AuthController.Register (Api)", "RequestId": "0HNFGT8MUJPJ0", "RequestPath": "/api/auth/register", "Application": "Crud.Api"}
Activity.TraceId:            93fea6a80baca3a3d2261ea12b523ab4
Activity.SpanId:             2a123196648be7d8
Activity.TraceFlags:         Recorded
Activity.ActivitySourceName: Microsoft.AspNetCore
Activity.DisplayName:        POST api/Auth/register
Activity.Kind:               Server
Activity.StartTime:          2025-09-11T04:19:22.9382131Z
Activity.Duration:           00:00:00.3041751
Activity.Tags:
    server.address: localhost
    http.request.method: POST
    url.scheme: http
    url.path: /api/auth/register
    network.protocol.version: 1.1
    http.route: api/Auth/register
    http.response.status_code: 200
Resource associated with Activity:
    deployment.environment: Testing
    service.name: Crud.Api
    service.version: 1.0.0
    service.instance.id: 8958bff5-028e-43b0-8103-5553bc095d18
    telemetry.sdk.name: opentelemetry
    telemetry.sdk.language: dotnet
    telemetry.sdk.version: 1.8.1
[04:19:23 DBG] Cache miss for key: list:person {"SourceContext": "Infrastructure.Services.Caching.InMemoryCacheService", "ActionId": "3f4e5544-9ac2-486a-80c2-fb6203d106d8", "ActionName": "Api.Controllers.PeopleController.List (Api)", "RequestId": "0HNFGT8MUJPJ1", "RequestPath": "/api/people", "Application": "Crud.Api"}
[04:19:23 DBG] Set cache value for key: list:person {"SourceContext": "Infrastructure.Services.Caching.InMemoryCacheService", "ActionId": "3f4e5544-9ac2-486a-80c2-fb6203d106d8", "ActionName": "Api.Controllers.PeopleController.List (Api)", "RequestId": "0HNFGT8MUJPJ1", "RequestPath": "/api/people", "Application": "Crud.Api"}
Activity.TraceId:            980ed12728434aed642edc64fa3d80d4
Activity.SpanId:             2af1f129aee780eb
Activity.TraceFlags:         Recorded
Activity.ActivitySourceName: Microsoft.AspNetCore
Activity.DisplayName:        GET api/People
Activity.Kind:               Server
Activity.StartTime:          2025-09-11T04:19:23.2434391Z
Activity.Duration:           00:00:00.0096155
Activity.Tags:
    server.address: localhost
    http.request.method: GET
    url.scheme: http
    url.path: /api/people
    network.protocol.version: 1.1
    http.route: api/People
    http.response.status_code: 200
Resource associated with Activity:
    deployment.environment: Testing
    service.name: Crud.Api
    service.version: 1.0.0
    service.instance.id: 8958bff5-028e-43b0-8103-5553bc095d18
    telemetry.sdk.name: opentelemetry
    telemetry.sdk.language: dotnet
    telemetry.sdk.version: 1.8.1
[04:19:23 INF] User registered successfully: a4ac130c-5410-4b17-b2b2-488b4213390a {"SourceContext": "App.Features.Authentication.RegisterUserCommandHandler", "ActionId": "acde20d9-35d2-4ea3-a460-c8b03926d7e6", "ActionName": "Api.Controllers.AuthController.Register (Api)", "RequestId": "0HNFGT8MUJPJ2", "RequestPath": "/api/auth/register", "Application": "Crud.Api"}
Activity.TraceId:            c9ab79d16f2c2a94e995c94817dafd61
Activity.SpanId:             98163d9f2679ffb7
Activity.TraceFlags:         Recorded
Activity.ActivitySourceName: Microsoft.AspNetCore
Activity.DisplayName:        POST api/Auth/register
Activity.Kind:               Server
Activity.StartTime:          2025-09-11T04:19:23.2555306Z
Activity.Duration:           00:00:00.3008153
Activity.Tags:
    server.address: localhost
    http.request.method: POST
    url.scheme: http
    url.path: /api/auth/register
    network.protocol.version: 1.1
    http.route: api/Auth/register
    http.response.status_code: 200
Resource associated with Activity:
    deployment.environment: Testing
    service.name: Crud.Api
    service.version: 1.0.0
    service.instance.id: 8958bff5-028e-43b0-8103-5553bc095d18
    telemetry.sdk.name: opentelemetry
    telemetry.sdk.language: dotnet
    telemetry.sdk.version: 1.8.1
[04:19:23 DBG] Cache miss for key: list:wall {"SourceContext": "Infrastructure.Services.Caching.InMemoryCacheService", "ActionId": "2477c05b-0dd3-485a-85ed-90ef7d025b5f", "ActionName": "Api.Controllers.WallsController.List (Api)", "RequestId": "0HNFGT8MUJPJ3", "RequestPath": "/api/walls", "Application": "Crud.Api"}
[04:19:23 DBG] Set cache value for key: list:wall {"SourceContext": "Infrastructure.Services.Caching.InMemoryCacheService", "ActionId": "2477c05b-0dd3-485a-85ed-90ef7d025b5f", "ActionName": "Api.Controllers.WallsController.List (Api)", "RequestId": "0HNFGT8MUJPJ3", "RequestPath": "/api/walls", "Application": "Crud.Api"}
Activity.TraceId:            08a0f211ea5af0a4dc099a59bd8cb13e
Activity.SpanId:             604a0752363580c7
Activity.TraceFlags:         Recorded
Activity.ActivitySourceName: Microsoft.AspNetCore
Activity.DisplayName:        GET api/Walls
Activity.Kind:               Server
Activity.StartTime:          2025-09-11T04:19:23.5574421Z
Activity.Duration:           00:00:00.0061380
Activity.Tags:
    server.address: localhost
    http.request.method: GET
    url.scheme: http
    url.path: /api/walls
    network.protocol.version: 1.1
    http.route: api/Walls
    http.response.status_code: 200
Resource associated with Activity:
    deployment.environment: Testing
    service.name: Crud.Api
    service.version: 1.0.0
    service.instance.id: 8958bff5-028e-43b0-8103-5553bc095d18
    telemetry.sdk.name: opentelemetry
    telemetry.sdk.language: dotnet
    telemetry.sdk.version: 1.8.1
[04:19:23 INF] User registered successfully: 74a98c4d-3248-4709-a9e3-62bc0fe6c145 {"SourceContext": "App.Features.Authentication.RegisterUserCommandHandler", "ActionId": "acde20d9-35d2-4ea3-a460-c8b03926d7e6", "ActionName": "Api.Controllers.AuthController.Register (Api)", "RequestId": "0HNFGT8MUJPJ4", "RequestPath": "/api/auth/register", "Application": "Crud.Api"}
Activity.TraceId:            984cb03f6cea382fc977b5981a98da3d
Activity.SpanId:             9c1b8fd91bf14f9e
Activity.TraceFlags:         Recorded
Activity.ActivitySourceName: Microsoft.AspNetCore
Activity.DisplayName:        POST api/Auth/register
Activity.Kind:               Server
Activity.StartTime:          2025-09-11T04:19:23.5645895Z
Activity.Duration:           00:00:00.3006855
Activity.Tags:
    server.address: localhost
    http.request.method: POST
    url.scheme: http
    url.path: /api/auth/register
    network.protocol.version: 1.1
    http.route: api/Auth/register
    http.response.status_code: 200
Resource associated with Activity:
    deployment.environment: Testing
    service.name: Crud.Api
    service.version: 1.0.0
    service.instance.id: 8958bff5-028e-43b0-8103-5553bc095d18
    telemetry.sdk.name: opentelemetry
    telemetry.sdk.language: dotnet
    telemetry.sdk.version: 1.8.1
[04:19:23 DBG] Cache miss for key: list:role {"SourceContext": "Infrastructure.Services.Caching.InMemoryCacheService", "ActionId": "d749f46d-0f6e-42e3-b730-57a34b2797e8", "ActionName": "Api.Controllers.RolesController.List (Api)", "RequestId": "0HNFGT8MUJPJ5", "RequestPath": "/api/roles", "Application": "Crud.Api"}
[04:19:23 DBG] Set cache value for key: list:role {"SourceContext": "Infrastructure.Services.Caching.InMemoryCacheService", "ActionId": "d749f46d-0f6e-42e3-b730-57a34b2797e8", "ActionName": "Api.Controllers.RolesController.List (Api)", "RequestId": "0HNFGT8MUJPJ5", "RequestPath": "/api/roles", "Application": "Crud.Api"}
Activity.TraceId:            81969af275a17345a6d3de884fbb560c
Activity.SpanId:             51322995e89a4e38
Activity.TraceFlags:         Recorded
Activity.ActivitySourceName: Microsoft.AspNetCore
Activity.DisplayName:        GET api/Roles
Activity.Kind:               Server
Activity.StartTime:          2025-09-11T04:19:23.8662559Z
Activity.Duration:           00:00:00.0057384
Activity.Tags:
    server.address: localhost
    http.request.method: GET
    url.scheme: http
    url.path: /api/roles
    network.protocol.version: 1.1
    http.route: api/Roles
    http.response.status_code: 200
Resource associated with Activity:
    deployment.environment: Testing
    service.name: Crud.Api
    service.version: 1.0.0
    service.instance.id: 8958bff5-028e-43b0-8103-5553bc095d18
    telemetry.sdk.name: opentelemetry
    telemetry.sdk.language: dotnet
    telemetry.sdk.version: 1.8.1
[04:19:24 INF] User registered successfully: adcd8a4a-0c3e-4a77-a837-98b51ced8df6 {"SourceContext": "App.Features.Authentication.RegisterUserCommandHandler", "ActionId": "acde20d9-35d2-4ea3-a460-c8b03926d7e6", "ActionName": "Api.Controllers.AuthController.Register (Api)", "RequestId": "0HNFGT8MUJPJ6", "RequestPath": "/api/auth/register", "Application": "Crud.Api"}
Activity.TraceId:            a42b5e71f9062de3b2ed0b0dcee2a2b1
Activity.SpanId:             9864c22eb3288c17
Activity.TraceFlags:         Recorded
Activity.ActivitySourceName: Microsoft.AspNetCore
Activity.DisplayName:        POST api/Auth/register
Activity.Kind:               Server
Activity.StartTime:          2025-09-11T04:19:23.8729791Z
Activity.Duration:           00:00:00.2983124
Activity.Tags:
    server.address: localhost
    http.request.method: POST
    url.scheme: http
    url.path: /api/auth/register
    network.protocol.version: 1.1
    http.route: api/Auth/register
    http.response.status_code: 200
Resource associated with Activity:
    deployment.environment: Testing
    service.name: Crud.Api
    service.version: 1.0.0
    service.instance.id: 8958bff5-028e-43b0-8103-5553bc095d18
    telemetry.sdk.name: opentelemetry
    telemetry.sdk.language: dotnet
    telemetry.sdk.version: 1.8.1
[04:19:24 DBG] Cache miss for key: list:window {"SourceContext": "Infrastructure.Services.Caching.InMemoryCacheService", "ActionId": "25f4ae60-e479-4bc2-b032-1887da3c625d", "ActionName": "Api.Controllers.WindowsController.List (Api)", "RequestId": "0HNFGT8MUJPJ7", "RequestPath": "/api/windows", "Application": "Crud.Api"}
[04:19:24 DBG] Set cache value for key: list:window {"SourceContext": "Infrastructure.Services.Caching.InMemoryCacheService", "ActionId": "25f4ae60-e479-4bc2-b032-1887da3c625d", "ActionName": "Api.Controllers.WindowsController.List (Api)", "RequestId": "0HNFGT8MUJPJ7", "RequestPath": "/api/windows", "Application": "Crud.Api"}
Activity.TraceId:            802869f43f2f8ec8e5ee03cfc779712e
Activity.SpanId:             ce500f671db063bd
Activity.TraceFlags:         Recorded
Activity.ActivitySourceName: Microsoft.AspNetCore
Activity.DisplayName:        GET api/Windows
Activity.Kind:               Server
Activity.StartTime:          2025-09-11T04:19:24.1722766Z
Activity.Duration:           00:00:00.0075955
Activity.Tags:
    server.address: localhost
    http.request.method: GET
    url.scheme: http
    url.path: /api/windows
    network.protocol.version: 1.1
    http.route: api/Windows
    http.response.status_code: 200
Resource associated with Activity:
    deployment.environment: Testing
    service.name: Crud.Api
    service.version: 1.0.0
    service.instance.id: 8958bff5-028e-43b0-8103-5553bc095d18
    telemetry.sdk.name: opentelemetry
    telemetry.sdk.language: dotnet
    telemetry.sdk.version: 1.8.1
[04:19:24 INF] User registered successfully: f1a16f00-887c-4346-9ebb-09fd5b7509f7 {"SourceContext": "App.Features.Authentication.RegisterUserCommandHandler", "ActionId": "acde20d9-35d2-4ea3-a460-c8b03926d7e6", "ActionName": "Api.Controllers.AuthController.Register (Api)", "RequestId": "0HNFGT8MUJPJ8", "RequestPath": "/api/auth/register", "Application": "Crud.Api"}
Activity.TraceId:            5ee2faee05a3c31105681f4d29ae928a
Activity.SpanId:             90554a80bf5e0f48
Activity.TraceFlags:         Recorded
Activity.ActivitySourceName: Microsoft.AspNetCore
Activity.DisplayName:        POST api/Auth/register
Activity.Kind:               Server
Activity.StartTime:          2025-09-11T04:19:24.1816531Z
Activity.Duration:           00:00:00.2985965
Activity.Tags:
    server.address: localhost
    http.request.method: POST
    url.scheme: http
    url.path: /api/auth/register
    network.protocol.version: 1.1
    http.route: api/Auth/register
    http.response.status_code: 200
Resource associated with Activity:
    deployment.environment: Testing
    service.name: Crud.Api
    service.version: 1.0.0
    service.instance.id: 8958bff5-028e-43b0-8103-5553bc095d18
    telemetry.sdk.name: opentelemetry
    telemetry.sdk.language: dotnet
    telemetry.sdk.version: 1.8.1
[04:19:24 DBG] Cache hit for key: list:person {"SourceContext": "Infrastructure.Services.Caching.InMemoryCacheService", "ActionId": "3f4e5544-9ac2-486a-80c2-fb6203d106d8", "ActionName": "Api.Controllers.PeopleController.List (Api)", "RequestId": "0HNFGT8MUJPJ9", "RequestPath": "/api/people", "Application": "Crud.Api"}
Activity.TraceId:            8524be2885420bdc463afb3231b48d85
Activity.SpanId:             23fa42c7ed7e9183
Activity.TraceFlags:         Recorded
Activity.ActivitySourceName: Microsoft.AspNetCore
Activity.DisplayName:        GET api/People
Activity.Kind:               Server
Activity.StartTime:          2025-09-11T04:19:24.4812501Z
Activity.Duration:           00:00:00.0003726
Activity.Tags:
    server.address: localhost
    http.request.method: GET
    url.scheme: http
    url.path: /api/people
    network.protocol.version: 1.1
    http.route: api/People
    http.response.status_code: 200
Resource associated with Activity:
    deployment.environment: Testing
    service.name: Crud.Api
    service.version: 1.0.0
    service.instance.id: 8958bff5-028e-43b0-8103-5553bc095d18
    telemetry.sdk.name: opentelemetry
    telemetry.sdk.language: dotnet
    telemetry.sdk.version: 1.8.1
[04:19:24 INF] User registered successfully: 62534ef2-af92-4266-b98a-7a0c50c67f0c {"SourceContext": "App.Features.Authentication.RegisterUserCommandHandler", "ActionId": "acde20d9-35d2-4ea3-a460-c8b03926d7e6", "ActionName": "Api.Controllers.AuthController.Register (Api)", "RequestId": "0HNFGT8MUJPJA", "RequestPath": "/api/auth/register", "Application": "Crud.Api"}
Activity.TraceId:            2a06bbe15b0024a8782b699715200de1
Activity.SpanId:             13efc24bef4e8d14
Activity.TraceFlags:         Recorded
Activity.ActivitySourceName: Microsoft.AspNetCore
Activity.DisplayName:        POST api/Auth/register
Activity.Kind:               Server
Activity.StartTime:          2025-09-11T04:19:24.4844133Z
Activity.Duration:           00:00:00.2981946
Activity.Tags:
    server.address: localhost
    http.request.method: POST
    url.scheme: http
    url.path: /api/auth/register
    network.protocol.version: 1.1
    http.route: api/Auth/register
    http.response.status_code: 200
Resource associated with Activity:
    deployment.environment: Testing
    service.name: Crud.Api
    service.version: 1.0.0
    service.instance.id: 8958bff5-028e-43b0-8103-5553bc095d18
    telemetry.sdk.name: opentelemetry
    telemetry.sdk.language: dotnet
    telemetry.sdk.version: 1.8.1
[04:19:25 INF] User logged in successfully: 62534ef2-af92-4266-b98a-7a0c50c67f0c {"SourceContext": "App.Features.Authentication.LoginCommandHandler", "ActionId": "c0510950-c787-4ec2-aa1a-edbb553e51c7", "ActionName": "Api.Controllers.AuthController.Login (Api)", "RequestId": "0HNFGT8MUJPJB", "RequestPath": "/api/auth/login", "Application": "Crud.Api"}
Activity.TraceId:            bda83232d9e4bf59811d898a00bc94bc
Activity.SpanId:             82850e506005a5ff
Activity.TraceFlags:         Recorded
Activity.ActivitySourceName: Microsoft.AspNetCore
Activity.DisplayName:        POST api/Auth/login
Activity.Kind:               Server
Activity.StartTime:          2025-09-11T04:19:24.7840912Z
Activity.Duration:           00:00:00.3014640
Activity.Tags:
    server.address: localhost
    http.request.method: POST
    url.scheme: http
    url.path: /api/auth/login
    network.protocol.version: 1.1
    http.route: api/Auth/login
    http.response.status_code: 200
Resource associated with Activity:
    deployment.environment: Testing
    service.name: Crud.Api
    service.version: 1.0.0
    service.instance.id: 8958bff5-028e-43b0-8103-5553bc095d18
    telemetry.sdk.name: opentelemetry
    telemetry.sdk.language: dotnet
    telemetry.sdk.version: 1.8.1
[04:19:25 DBG] Removed cache value for key: entity:wall:6b0150610233456fbb25c9513f80c087 {"SourceContext": "Infrastructure.Services.Caching.InMemoryCacheService", "ActionId": "3b025f14-798c-4813-9d24-4ca1aecb162e", "ActionName": "Api.Controllers.WallsController.Create (Api)", "RequestId": "0HNFGT8MUJPJC", "RequestPath": "/api/walls", "Application": "Crud.Api"}
[04:19:25 DBG] Removed cache value for key: list:wall {"SourceContext": "Infrastructure.Services.Caching.InMemoryCacheService", "ActionId": "3b025f14-798c-4813-9d24-4ca1aecb162e", "ActionName": "Api.Controllers.WallsController.Create (Api)", "RequestId": "0HNFGT8MUJPJC", "RequestPath": "/api/walls", "Application": "Crud.Api"}
[04:19:25 DBG] Invalidating cache for entity type: walls with tag: walls {"SourceContext": "Api.Services.OutputCacheInvalidationService", "ActionId": "3b025f14-798c-4813-9d24-4ca1aecb162e", "ActionName": "Api.Controllers.WallsController.Create (Api)", "RequestId": "0HNFGT8MUJPJC", "RequestPath": "/api/walls", "Application": "Crud.Api"}
[04:19:25 INF] Successfully invalidated cache for entity type: walls {"SourceContext": "Api.Services.OutputCacheInvalidationService", "ActionId": "3b025f14-798c-4813-9d24-4ca1aecb162e", "ActionName": "Api.Controllers.WallsController.Create (Api)", "RequestId": "0HNFGT8MUJPJC", "RequestPath": "/api/walls", "Application": "Crud.Api"}
Activity.TraceId:            0b1a5ab22b5b6744062d8fea3e69b54b
Activity.SpanId:             cffad91145591cb7
Activity.TraceFlags:         Recorded
Activity.ActivitySourceName: Microsoft.AspNetCore
Activity.DisplayName:        POST api/Walls
Activity.Kind:               Server
Activity.StartTime:          2025-09-11T04:19:25.0866520Z
Activity.Duration:           00:00:00.0102513
Activity.Tags:
    server.address: localhost
    http.request.method: POST
    url.scheme: http
    url.path: /api/walls
    network.protocol.version: 1.1
    http.route: api/Walls
    http.response.status_code: 201
Resource associated with Activity:
    deployment.environment: Testing
    service.name: Crud.Api
    service.version: 1.0.0
    service.instance.id: 8958bff5-028e-43b0-8103-5553bc095d18
    telemetry.sdk.name: opentelemetry
    telemetry.sdk.language: dotnet
    telemetry.sdk.version: 1.8.1
[04:19:25 INF] User registered successfully: 3b150c1b-aabe-4075-892c-2f934dabd1a7 {"SourceContext": "App.Features.Authentication.RegisterUserCommandHandler", "ActionId": "acde20d9-35d2-4ea3-a460-c8b03926d7e6", "ActionName": "Api.Controllers.AuthController.Register (Api)", "RequestId": "0HNFGT8MUJPJD", "RequestPath": "/api/auth/register", "Application": "Crud.Api"}
Activity.TraceId:            5041acd34195878c8599ae96c2ede75e
Activity.SpanId:             e138a68ab95c4b09
Activity.TraceFlags:         Recorded
Activity.ActivitySourceName: Microsoft.AspNetCore
Activity.DisplayName:        POST api/Auth/register
Activity.Kind:               Server
Activity.StartTime:          2025-09-11T04:19:25.0985186Z
Activity.Duration:           00:00:00.2982336
Activity.Tags:
    server.address: localhost
    http.request.method: POST
    url.scheme: http
    url.path: /api/auth/register
    network.protocol.version: 1.1
    http.route: api/Auth/register
    http.response.status_code: 200
Resource associated with Activity:
    deployment.environment: Testing
    service.name: Crud.Api
    service.version: 1.0.0
    service.instance.id: 8958bff5-028e-43b0-8103-5553bc095d18
    telemetry.sdk.name: opentelemetry
    telemetry.sdk.language: dotnet
    telemetry.sdk.version: 1.8.1
[04:19:25 INF] User logged in successfully: 3b150c1b-aabe-4075-892c-2f934dabd1a7 {"SourceContext": "App.Features.Authentication.LoginCommandHandler", "ActionId": "c0510950-c787-4ec2-aa1a-edbb553e51c7", "ActionName": "Api.Controllers.AuthController.Login (Api)", "RequestId": "0HNFGT8MUJPJE", "RequestPath": "/api/auth/login", "Application": "Crud.Api"}
Activity.TraceId:            9d186e47add5572371a6f9aa704ae30a
Activity.SpanId:             5cac596ca5da8306
Activity.TraceFlags:         Recorded
Activity.ActivitySourceName: Microsoft.AspNetCore
Activity.DisplayName:        POST api/Auth/login
Activity.Kind:               Server
Activity.StartTime:          2025-09-11T04:19:25.3982953Z
Activity.Duration:           00:00:00.2990770
Activity.Tags:
    server.address: localhost
    http.request.method: POST
    url.scheme: http
    url.path: /api/auth/login
    network.protocol.version: 1.1
    http.route: api/Auth/login
    http.response.status_code: 200
Resource associated with Activity:
    deployment.environment: Testing
    service.name: Crud.Api
    service.version: 1.0.0
    service.instance.id: 8958bff5-028e-43b0-8103-5553bc095d18
    telemetry.sdk.name: opentelemetry
    telemetry.sdk.language: dotnet
    telemetry.sdk.version: 1.8.1
[04:19:25 DBG] Cache miss for key: name:role:test_role {"SourceContext": "Infrastructure.Services.Caching.InMemoryCacheService", "ActionId": "fc95cbfc-5b3f-4a00-a430-fd9bb25cee4a", "ActionName": "Api.Controllers.RolesController.Create (Api)", "RequestId": "0HNFGT8MUJPJF", "RequestPath": "/api/roles", "Application": "Crud.Api"}
[04:19:25 DBG] Removed cache value for key: entity:role:3d3bcbe5e2544f9b803beb453e479a14 {"SourceContext": "Infrastructure.Services.Caching.InMemoryCacheService", "ActionId": "fc95cbfc-5b3f-4a00-a430-fd9bb25cee4a", "ActionName": "Api.Controllers.RolesController.Create (Api)", "RequestId": "0HNFGT8MUJPJF", "RequestPath": "/api/roles", "Application": "Crud.Api"}
[04:19:25 DBG] Removed cache value for key: list:role {"SourceContext": "Infrastructure.Services.Caching.InMemoryCacheService", "ActionId": "fc95cbfc-5b3f-4a00-a430-fd9bb25cee4a", "ActionName": "Api.Controllers.RolesController.Create (Api)", "RequestId": "0HNFGT8MUJPJF", "RequestPath": "/api/roles", "Application": "Crud.Api"}
[04:19:25 DBG] Invalidating cache for entity type: roles with tag: roles {"SourceContext": "Api.Services.OutputCacheInvalidationService", "ActionId": "fc95cbfc-5b3f-4a00-a430-fd9bb25cee4a", "ActionName": "Api.Controllers.RolesController.Create (Api)", "RequestId": "0HNFGT8MUJPJF", "RequestPath": "/api/roles", "Application": "Crud.Api"}
[04:19:25 INF] Successfully invalidated cache for entity type: roles {"SourceContext": "Api.Services.OutputCacheInvalidationService", "ActionId": "fc95cbfc-5b3f-4a00-a430-fd9bb25cee4a", "ActionName": "Api.Controllers.RolesController.Create (Api)", "RequestId": "0HNFGT8MUJPJF", "RequestPath": "/api/roles", "Application": "Crud.Api"}
Activity.TraceId:            18ceeab6d46f63cdf32652035780ee90
Activity.SpanId:             5ada090fc0a7d907
Activity.TraceFlags:         Recorded
Activity.ActivitySourceName: Microsoft.AspNetCore
Activity.DisplayName:        POST api/Roles
Activity.Kind:               Server
Activity.StartTime:          2025-09-11T04:19:25.6984725Z
Activity.Duration:           00:00:00.0059583
Activity.Tags:
    server.address: localhost
    http.request.method: POST
    url.scheme: http
    url.path: /api/roles
    network.protocol.version: 1.1
    http.route: api/Roles
    http.response.status_code: 201
Resource associated with Activity:
    deployment.environment: Testing
    service.name: Crud.Api
    service.version: 1.0.0
    service.instance.id: 8958bff5-028e-43b0-8103-5553bc095d18
    telemetry.sdk.name: opentelemetry
    telemetry.sdk.language: dotnet
    telemetry.sdk.version: 1.8.1
[04:19:26 INF] User registered successfully: 71f996c1-6355-42c1-9e3e-8f7412fb041d {"SourceContext": "App.Features.Authentication.RegisterUserCommandHandler", "ActionId": "acde20d9-35d2-4ea3-a460-c8b03926d7e6", "ActionName": "Api.Controllers.AuthController.Register (Api)", "RequestId": "0HNFGT8MUJPJG", "RequestPath": "/api/auth/register", "Application": "Crud.Api"}
Activity.TraceId:            9db32a95d69ff0544a845f770105c9d1
Activity.SpanId:             961769581b543c34
Activity.TraceFlags:         Recorded
Activity.ActivitySourceName: Microsoft.AspNetCore
Activity.DisplayName:        POST api/Auth/register
Activity.Kind:               Server
Activity.StartTime:          2025-09-11T04:19:25.7055075Z
Activity.Duration:           00:00:00.3128828
Activity.Tags:
    server.address: localhost
    http.request.method: POST
    url.scheme: http
    url.path: /api/auth/register
    network.protocol.version: 1.1
    http.route: api/Auth/register
    http.response.status_code: 200
Resource associated with Activity:
    deployment.environment: Testing
    service.name: Crud.Api
    service.version: 1.0.0
    service.instance.id: 8958bff5-028e-43b0-8103-5553bc095d18
    telemetry.sdk.name: opentelemetry
    telemetry.sdk.language: dotnet
    telemetry.sdk.version: 1.8.1
[04:19:26 INF] User logged in successfully: 71f996c1-6355-42c1-9e3e-8f7412fb041d {"SourceContext": "App.Features.Authentication.LoginCommandHandler", "ActionId": "c0510950-c787-4ec2-aa1a-edbb553e51c7", "ActionName": "Api.Controllers.AuthController.Login (Api)", "RequestId": "0HNFGT8MUJPJH", "RequestPath": "/api/auth/login", "Application": "Crud.Api"}
Activity.TraceId:            1d9ac326f8abcae0d43f1615a1fbe15a
Activity.SpanId:             84dd2a18293ac602
Activity.TraceFlags:         Recorded
Activity.ActivitySourceName: Microsoft.AspNetCore
Activity.DisplayName:        POST api/Auth/login
Activity.Kind:               Server
Activity.StartTime:          2025-09-11T04:19:26.0199175Z
Activity.Duration:           00:00:00.2999039
Activity.Tags:
    server.address: localhost
    http.request.method: POST
    url.scheme: http
    url.path: /api/auth/login
    network.protocol.version: 1.1
    http.route: api/Auth/login
    http.response.status_code: 200
Resource associated with Activity:
    deployment.environment: Testing
    service.name: Crud.Api
    service.version: 1.0.0
    service.instance.id: 8958bff5-028e-43b0-8103-5553bc095d18
    telemetry.sdk.name: opentelemetry
    telemetry.sdk.language: dotnet
    telemetry.sdk.version: 1.8.1
[04:19:26 DBG] Removed cache value for key: entity:window:4f9c92361106414b9140d7db19ff959e {"SourceContext": "Infrastructure.Services.Caching.InMemoryCacheService", "ActionId": "34993dd0-03e4-4248-adbe-4e0b99538b95", "ActionName": "Api.Controllers.WindowsController.Create (Api)", "RequestId": "0HNFGT8MUJPJI", "RequestPath": "/api/windows", "Application": "Crud.Api"}
[04:19:26 DBG] Removed cache value for key: list:window {"SourceContext": "Infrastructure.Services.Caching.InMemoryCacheService", "ActionId": "34993dd0-03e4-4248-adbe-4e0b99538b95", "ActionName": "Api.Controllers.WindowsController.Create (Api)", "RequestId": "0HNFGT8MUJPJI", "RequestPath": "/api/windows", "Application": "Crud.Api"}
[04:19:26 DBG] Invalidating cache for entity type: windows with tag: windows {"SourceContext": "Api.Services.OutputCacheInvalidationService", "ActionId": "34993dd0-03e4-4248-adbe-4e0b99538b95", "ActionName": "Api.Controllers.WindowsController.Create (Api)", "RequestId": "0HNFGT8MUJPJI", "RequestPath": "/api/windows", "Application": "Crud.Api"}
[04:19:26 INF] Successfully invalidated cache for entity type: windows {"SourceContext": "Api.Services.OutputCacheInvalidationService", "ActionId": "34993dd0-03e4-4248-adbe-4e0b99538b95", "ActionName": "Api.Controllers.WindowsController.Create (Api)", "RequestId": "0HNFGT8MUJPJI", "RequestPath": "/api/windows", "Application": "Crud.Api"}
Activity.TraceId:            6b0efc2ecd8d3ba63e474a6edff9ceee
Activity.SpanId:             b6ac490d37bef5d1
Activity.TraceFlags:         Recorded
Activity.ActivitySourceName: Microsoft.AspNetCore
Activity.DisplayName:        POST api/Windows
Activity.Kind:               Server
Activity.StartTime:          2025-09-11T04:19:26.3204581Z
Activity.Duration:           00:00:00.0137040
Activity.Tags:
    server.address: localhost
    http.request.method: POST
    url.scheme: http
    url.path: /api/windows
    network.protocol.version: 1.1
    http.route: api/Windows
    http.response.status_code: 201
Resource associated with Activity:
    deployment.environment: Testing
    service.name: Crud.Api
    service.version: 1.0.0
    service.instance.id: 8958bff5-028e-43b0-8103-5553bc095d18
    telemetry.sdk.name: opentelemetry
    telemetry.sdk.language: dotnet
    telemetry.sdk.version: 1.8.1
[04:19:26 INF] User registered successfully: a7a98af9-46e8-40fc-9119-1a7b408adda7 {"SourceContext": "App.Features.Authentication.RegisterUserCommandHandler", "ActionId": "acde20d9-35d2-4ea3-a460-c8b03926d7e6", "ActionName": "Api.Controllers.AuthController.Register (Api)", "RequestId": "0HNFGT8MUJPJJ", "RequestPath": "/api/auth/register", "Application": "Crud.Api"}
Activity.TraceId:            c9b4f5129ba5d875550980bbec3f51c7
Activity.SpanId:             b71ee07d02cebe08
Activity.TraceFlags:         Recorded
Activity.ActivitySourceName: Microsoft.AspNetCore
Activity.DisplayName:        POST api/Auth/register
Activity.Kind:               Server
Activity.StartTime:          2025-09-11T04:19:26.3353075Z
Activity.Duration:           00:00:00.2982024
Activity.Tags:
    server.address: localhost
    http.request.method: POST
    url.scheme: http
    url.path: /api/auth/register
    network.protocol.version: 1.1
    http.route: api/Auth/register
    http.response.status_code: 200
Resource associated with Activity:
    deployment.environment: Testing
    service.name: Crud.Api
    service.version: 1.0.0
    service.instance.id: 8958bff5-028e-43b0-8103-5553bc095d18
    telemetry.sdk.name: opentelemetry
    telemetry.sdk.language: dotnet
    telemetry.sdk.version: 1.8.1
[04:19:26 INF] User logged in successfully: a7a98af9-46e8-40fc-9119-1a7b408adda7 {"SourceContext": "App.Features.Authentication.LoginCommandHandler", "ActionId": "c0510950-c787-4ec2-aa1a-edbb553e51c7", "ActionName": "Api.Controllers.AuthController.Login (Api)", "RequestId": "0HNFGT8MUJPJK", "RequestPath": "/api/auth/login", "Application": "Crud.Api"}
Activity.TraceId:            3b39dc3ae95f3d10fd35106fcc21fbe4
Activity.SpanId:             231f0149bfbd680a
Activity.TraceFlags:         Recorded
Activity.ActivitySourceName: Microsoft.AspNetCore
Activity.DisplayName:        POST api/Auth/login
Activity.Kind:               Server
Activity.StartTime:          2025-09-11T04:19:26.6347783Z
Activity.Duration:           00:00:00.2995270
Activity.Tags:
    server.address: localhost
    http.request.method: POST
    url.scheme: http
    url.path: /api/auth/login
    network.protocol.version: 1.1
    http.route: api/Auth/login
    http.response.status_code: 200
Resource associated with Activity:
    deployment.environment: Testing
    service.name: Crud.Api
    service.version: 1.0.0
    service.instance.id: 8958bff5-028e-43b0-8103-5553bc095d18
    telemetry.sdk.name: opentelemetry
    telemetry.sdk.language: dotnet
    telemetry.sdk.version: 1.8.1
[04:19:26 DBG] Removed cache value for key: entity:person:d7a975f07891443494cd98da997652b4 {"SourceContext": "Infrastructure.Services.Caching.InMemoryCacheService", "ActionId": "b89fe4f7-d634-4f8d-b8a1-08cdcca639b6", "ActionName": "Api.Controllers.PeopleController.Create (Api)", "RequestId": "0HNFGT8MUJPJL", "RequestPath": "/api/people", "Application": "Crud.Api"}
[04:19:26 DBG] Removed cache value for key: list:person {"SourceContext": "Infrastructure.Services.Caching.InMemoryCacheService", "ActionId": "b89fe4f7-d634-4f8d-b8a1-08cdcca639b6", "ActionName": "Api.Controllers.PeopleController.Create (Api)", "RequestId": "0HNFGT8MUJPJL", "RequestPath": "/api/people", "Application": "Crud.Api"}
[04:19:26 DBG] Invalidating cache for entity type: people with tag: people {"SourceContext": "Api.Services.OutputCacheInvalidationService", "ActionId": "b89fe4f7-d634-4f8d-b8a1-08cdcca639b6", "ActionName": "Api.Controllers.PeopleController.Create (Api)", "RequestId": "0HNFGT8MUJPJL", "RequestPath": "/api/people", "Application": "Crud.Api"}
[04:19:26 INF] Successfully invalidated cache for entity type: people {"SourceContext": "Api.Services.OutputCacheInvalidationService", "ActionId": "b89fe4f7-d634-4f8d-b8a1-08cdcca639b6", "ActionName": "Api.Controllers.PeopleController.Create (Api)", "RequestId": "0HNFGT8MUJPJL", "RequestPath": "/api/people", "Application": "Crud.Api"}
Activity.TraceId:            e6aedf121c339aca2544f367c1273fd5
Activity.SpanId:             d7d64f25b7f4fe4e
Activity.TraceFlags:         Recorded
Activity.ActivitySourceName: Microsoft.AspNetCore
Activity.DisplayName:        POST api/People
Activity.Kind:               Server
Activity.StartTime:          2025-09-11T04:19:26.9353691Z
Activity.Duration:           00:00:00.0086849
Activity.Tags:
    server.address: localhost
    http.request.method: POST
    url.scheme: http
    url.path: /api/people
    network.protocol.version: 1.1
    http.route: api/People
    http.response.status_code: 201
Resource associated with Activity:
    deployment.environment: Testing
    service.name: Crud.Api
    service.version: 1.0.0
    service.instance.id: 8958bff5-028e-43b0-8103-5553bc095d18
    telemetry.sdk.name: opentelemetry
    telemetry.sdk.language: dotnet
    telemetry.sdk.version: 1.8.1
[04:19:27 INF] User registered successfully: 685bafea-9110-43d3-8014-c8af25a9f70e {"SourceContext": "App.Features.Authentication.RegisterUserCommandHandler", "ActionId": "acde20d9-35d2-4ea3-a460-c8b03926d7e6", "ActionName": "Api.Controllers.AuthController.Register (Api)", "RequestId": "0HNFGT8MUJPJM", "RequestPath": "/api/auth/register", "Application": "Crud.Api"}
Activity.TraceId:            3121b40c033f19b323ee659ebc79a426
Activity.SpanId:             35c0aab11f15d024
Activity.TraceFlags:         Recorded
Activity.ActivitySourceName: Microsoft.AspNetCore
Activity.DisplayName:        POST api/Auth/register
Activity.Kind:               Server
Activity.StartTime:          2025-09-11T04:19:26.9453405Z
Activity.Duration:           00:00:00.2978589
Activity.Tags:
    server.address: localhost
    http.request.method: POST
    url.scheme: http
    url.path: /api/auth/register
    network.protocol.version: 1.1
    http.route: api/Auth/register
    http.response.status_code: 200
Resource associated with Activity:
    deployment.environment: Testing
    service.name: Crud.Api
    service.version: 1.0.0
    service.instance.id: 8958bff5-028e-43b0-8103-5553bc095d18
    telemetry.sdk.name: opentelemetry
    telemetry.sdk.language: dotnet
    telemetry.sdk.version: 1.8.1
[04:19:27 DBG] Cache miss for key: list:window {"SourceContext": "Infrastructure.Services.Caching.InMemoryCacheService", "ActionId": "25f4ae60-e479-4bc2-b032-1887da3c625d", "ActionName": "Api.Controllers.WindowsController.List (Api)", "RequestId": "0HNFGT8MUJPJN", "RequestPath": "/api/windows", "Application": "Crud.Api"}
[04:19:27 DBG] Set cache value for key: list:window {"SourceContext": "Infrastructure.Services.Caching.InMemoryCacheService", "ActionId": "25f4ae60-e479-4bc2-b032-1887da3c625d", "ActionName": "Api.Controllers.WindowsController.List (Api)", "RequestId": "0HNFGT8MUJPJN", "RequestPath": "/api/windows", "Application": "Crud.Api"}
Activity.TraceId:            21e8cb478be10d72e0e3a6d37e248915
Activity.SpanId:             4e4ceb06a9eb2892
Activity.TraceFlags:         Recorded
Activity.ActivitySourceName: Microsoft.AspNetCore
Activity.DisplayName:        GET api/Windows
Activity.Kind:               Server
Activity.StartTime:          2025-09-11T04:19:27.2451756Z
Activity.Duration:           00:00:00.0013003
Activity.Tags:
    server.address: localhost
    http.request.method: GET
    url.scheme: http
    url.path: /api/windows
    network.protocol.version: 1.1
    http.route: api/Windows
    http.response.status_code: 200
Resource associated with Activity:
    deployment.environment: Testing
    service.name: Crud.Api
    service.version: 1.0.0
    service.instance.id: 8958bff5-028e-43b0-8103-5553bc095d18
    telemetry.sdk.name: opentelemetry
    telemetry.sdk.language: dotnet
    telemetry.sdk.version: 1.8.1
[04:19:27 INF] User registered successfully: 6b66efa6-f764-4ca3-b4f8-e61956cf34e1 {"SourceContext": "App.Features.Authentication.RegisterUserCommandHandler", "ActionId": "acde20d9-35d2-4ea3-a460-c8b03926d7e6", "ActionName": "Api.Controllers.AuthController.Register (Api)", "RequestId": "0HNFGT8MUJPJO", "RequestPath": "/api/auth/register", "Application": "Crud.Api"}
Activity.TraceId:            eb01e209950779e6b935a8bd080b8a24
Activity.SpanId:             37eb057e6dc4c5d1
Activity.TraceFlags:         Recorded
Activity.ActivitySourceName: Microsoft.AspNetCore
Activity.DisplayName:        POST api/Auth/register
Activity.Kind:               Server
Activity.StartTime:          2025-09-11T04:19:27.2478179Z
Activity.Duration:           00:00:00.2984415
Activity.Tags:
    server.address: localhost
    http.request.method: POST
    url.scheme: http
    url.path: /api/auth/register
    network.protocol.version: 1.1
    http.route: api/Auth/register
    http.response.status_code: 200
Resource associated with Activity:
    deployment.environment: Testing
    service.name: Crud.Api
    service.version: 1.0.0
    service.instance.id: 8958bff5-028e-43b0-8103-5553bc095d18
    telemetry.sdk.name: opentelemetry
    telemetry.sdk.language: dotnet
    telemetry.sdk.version: 1.8.1
[04:19:27 DBG] Cache miss for key: list:wall {"SourceContext": "Infrastructure.Services.Caching.InMemoryCacheService", "ActionId": "2477c05b-0dd3-485a-85ed-90ef7d025b5f", "ActionName": "Api.Controllers.WallsController.List (Api)", "RequestId": "0HNFGT8MUJPJP", "RequestPath": "/api/walls", "Application": "Crud.Api"}
[04:19:27 DBG] Set cache value for key: list:wall {"SourceContext": "Infrastructure.Services.Caching.InMemoryCacheService", "ActionId": "2477c05b-0dd3-485a-85ed-90ef7d025b5f", "ActionName": "Api.Controllers.WallsController.List (Api)", "RequestId": "0HNFGT8MUJPJP", "RequestPath": "/api/walls", "Application": "Crud.Api"}
Activity.TraceId:            4711f85f673e439bfdacb6294a621e0a
Activity.SpanId:             6bd946a31196aa81
Activity.TraceFlags:         Recorded
Activity.ActivitySourceName: Microsoft.AspNetCore
Activity.DisplayName:        GET api/Walls
Activity.Kind:               Server
Activity.StartTime:          2025-09-11T04:19:27.5473060Z
Activity.Duration:           00:00:00.0011840
Activity.Tags:
    server.address: localhost
    http.request.method: GET
    url.scheme: http
    url.path: /api/walls
    network.protocol.version: 1.1
    http.route: api/Walls
    http.response.status_code: 200
Resource associated with Activity:
    deployment.environment: Testing
    service.name: Crud.Api
    service.version: 1.0.0
    service.instance.id: 8958bff5-028e-43b0-8103-5553bc095d18
    telemetry.sdk.name: opentelemetry
    telemetry.sdk.language: dotnet
    telemetry.sdk.version: 1.8.1
[04:19:27 INF] User registered successfully: f7b7b2cc-0f9a-4100-90c6-895c78b9b676 {"SourceContext": "App.Features.Authentication.RegisterUserCommandHandler", "ActionId": "acde20d9-35d2-4ea3-a460-c8b03926d7e6", "ActionName": "Api.Controllers.AuthController.Register (Api)", "RequestId": "0HNFGT8MUJPJQ", "RequestPath": "/api/auth/register", "Application": "Crud.Api"}
Activity.TraceId:            b4e9245a3662cf1182ac088ac50f1988
Activity.SpanId:             086efe958b8db597
Activity.TraceFlags:         Recorded
Activity.ActivitySourceName: Microsoft.AspNetCore
Activity.DisplayName:        POST api/Auth/register
Activity.Kind:               Server
Activity.StartTime:          2025-09-11T04:19:27.5494278Z
Activity.Duration:           00:00:00.2980950
Activity.Tags:
    server.address: localhost
    http.request.method: POST
    url.scheme: http
    url.path: /api/auth/register
    network.protocol.version: 1.1
    http.route: api/Auth/register
    http.response.status_code: 200
Resource associated with Activity:
    deployment.environment: Testing
    service.name: Crud.Api
    service.version: 1.0.0
    service.instance.id: 8958bff5-028e-43b0-8103-5553bc095d18
    telemetry.sdk.name: opentelemetry
    telemetry.sdk.language: dotnet
    telemetry.sdk.version: 1.8.1
[04:19:27 DBG] Cache miss for key: list:role {"SourceContext": "Infrastructure.Services.Caching.InMemoryCacheService", "ActionId": "d749f46d-0f6e-42e3-b730-57a34b2797e8", "ActionName": "Api.Controllers.RolesController.List (Api)", "RequestId": "0HNFGT8MUJPJR", "RequestPath": "/api/roles", "Application": "Crud.Api"}
[04:19:27 DBG] Set cache value for key: list:role {"SourceContext": "Infrastructure.Services.Caching.InMemoryCacheService", "ActionId": "d749f46d-0f6e-42e3-b730-57a34b2797e8", "ActionName": "Api.Controllers.RolesController.List (Api)", "RequestId": "0HNFGT8MUJPJR", "RequestPath": "/api/roles", "Application": "Crud.Api"}
Activity.TraceId:            cd23cbb57dc934313dbc2cbbebedcc4b
Activity.SpanId:             935387188c4f8103
Activity.TraceFlags:         Recorded
Activity.ActivitySourceName: Microsoft.AspNetCore
Activity.DisplayName:        GET api/Roles
Activity.Kind:               Server
Activity.StartTime:          2025-09-11T04:19:27.8485392Z
Activity.Duration:           00:00:00.0007056
Activity.Tags:
    server.address: localhost
    http.request.method: GET
    url.scheme: http
    url.path: /api/roles
    network.protocol.version: 1.1
    http.route: api/Roles
    http.response.status_code: 200
Resource associated with Activity:
    deployment.environment: Testing
    service.name: Crud.Api
    service.version: 1.0.0
    service.instance.id: 8958bff5-028e-43b0-8103-5553bc095d18
    telemetry.sdk.name: opentelemetry
    telemetry.sdk.language: dotnet
    telemetry.sdk.version: 1.8.1
[04:19:28 INF] User registered successfully: 868025c8-5d65-40e9-abf7-ddc204c9c10e {"SourceContext": "App.Features.Authentication.RegisterUserCommandHandler", "ActionId": "acde20d9-35d2-4ea3-a460-c8b03926d7e6", "ActionName": "Api.Controllers.AuthController.Register (Api)", "RequestId": "0HNFGT8MUJPJS", "RequestPath": "/api/auth/register", "Application": "Crud.Api"}
Activity.TraceId:            da7140cf8d4278e7268b1e3ead5dfdac
Activity.SpanId:             e46ec80e46e62dc1
Activity.TraceFlags:         Recorded
Activity.ActivitySourceName: Microsoft.AspNetCore
Activity.DisplayName:        POST api/Auth/register
Activity.Kind:               Server
Activity.StartTime:          2025-09-11T04:19:27.8510731Z
Activity.Duration:           00:00:00.2980867
Activity.Tags:
    server.address: localhost
    http.request.method: POST
    url.scheme: http
    url.path: /api/auth/register
    network.protocol.version: 1.1
    http.route: api/Auth/register
    http.response.status_code: 200
Resource associated with Activity:
    deployment.environment: Testing
    service.name: Crud.Api
    service.version: 1.0.0
    service.instance.id: 8958bff5-028e-43b0-8103-5553bc095d18
    telemetry.sdk.name: opentelemetry
    telemetry.sdk.language: dotnet
    telemetry.sdk.version: 1.8.1
[04:19:28 DBG] Cache hit for key: list:role {"SourceContext": "Infrastructure.Services.Caching.InMemoryCacheService", "ActionId": "d749f46d-0f6e-42e3-b730-57a34b2797e8", "ActionName": "Api.Controllers.RolesController.List (Api)", "RequestId": "0HNFGT8MUJPJT", "RequestPath": "/api/roles", "Application": "Crud.Api"}
Activity.TraceId:            a490d711afc9e93bb726e1d0a1e3dd76
Activity.SpanId:             9c1410019bdf281e
Activity.TraceFlags:         Recorded
Activity.ActivitySourceName: Microsoft.AspNetCore
Activity.DisplayName:        GET api/Roles
Activity.Kind:               Server
Activity.StartTime:          2025-09-11T04:19:28.1501163Z
Activity.Duration:           00:00:00.0012173
Activity.Tags:
    server.address: localhost
    http.request.method: GET
    url.scheme: http
    url.path: /api/roles
    network.protocol.version: 1.1
    http.route: api/Roles
    http.response.status_code: 200
Resource associated with Activity:
    deployment.environment: Testing
    service.name: Crud.Api
    service.version: 1.0.0
    service.instance.id: 8958bff5-028e-43b0-8103-5553bc095d18
    telemetry.sdk.name: opentelemetry
    telemetry.sdk.language: dotnet
    telemetry.sdk.version: 1.8.1
[04:19:28 INF] User registered successfully: 851aaa11-b8b7-465a-9d8e-ddac969ece42 {"SourceContext": "App.Features.Authentication.RegisterUserCommandHandler", "ActionId": "acde20d9-35d2-4ea3-a460-c8b03926d7e6", "ActionName": "Api.Controllers.AuthController.Register (Api)", "RequestId": "0HNFGT8MUJPJU", "RequestPath": "/api/auth/register", "Application": "Crud.Api"}
Activity.TraceId:            1335796c82a4cd2631be75712ebe70e2
Activity.SpanId:             7af0cf1c6050fa56
Activity.TraceFlags:         Recorded
Activity.ActivitySourceName: Microsoft.AspNetCore
Activity.DisplayName:        POST api/Auth/register
Activity.Kind:               Server
Activity.StartTime:          2025-09-11T04:19:28.1532578Z
Activity.Duration:           00:00:00.3233934
Activity.Tags:
    server.address: localhost
    http.request.method: POST
    url.scheme: http
    url.path: /api/auth/register
    network.protocol.version: 1.1
    http.route: api/Auth/register
    http.response.status_code: 200
Resource associated with Activity:
    deployment.environment: Testing
    service.name: Crud.Api
    service.version: 1.0.0
    service.instance.id: 8958bff5-028e-43b0-8103-5553bc095d18
    telemetry.sdk.name: opentelemetry
    telemetry.sdk.language: dotnet
    telemetry.sdk.version: 1.8.1
[04:19:28 DBG] Cache hit for key: list:role {"SourceContext": "Infrastructure.Services.Caching.InMemoryCacheService", "ActionId": "d749f46d-0f6e-42e3-b730-57a34b2797e8", "ActionName": "Api.Controllers.RolesController.List (Api)", "RequestId": "0HNFGT8MUJPJV", "RequestPath": "/api/roles", "Application": "Crud.Api"}
Activity.TraceId:            11fd1fa86a2c8e6d193baf7d7bf861c7
Activity.SpanId:             a2bf030f3bd6f85b
Activity.TraceFlags:         Recorded
Activity.ActivitySourceName: Microsoft.AspNetCore
Activity.DisplayName:        GET api/Roles
Activity.Kind:               Server
Activity.StartTime:          2025-09-11T04:19:28.4777909Z
Activity.Duration:           00:00:00.0003462
Activity.Tags:
    server.address: localhost
    http.request.method: GET
    url.scheme: http
    url.path: /api/roles
    network.protocol.version: 1.1
    http.route: api/Roles
    http.response.status_code: 200
Resource associated with Activity:
    deployment.environment: Testing
    service.name: Crud.Api
    service.version: 1.0.0
    service.instance.id: 8958bff5-028e-43b0-8103-5553bc095d18
    telemetry.sdk.name: opentelemetry
    telemetry.sdk.language: dotnet
    telemetry.sdk.version: 1.8.1
[04:19:28 INF] User registered successfully: c136de33-39df-42c5-aa16-61b780c5b757 {"SourceContext": "App.Features.Authentication.RegisterUserCommandHandler", "ActionId": "acde20d9-35d2-4ea3-a460-c8b03926d7e6", "ActionName": "Api.Controllers.AuthController.Register (Api)", "RequestId": "0HNFGT8MUJPK0", "RequestPath": "/api/auth/register", "Application": "Crud.Api"}
Activity.TraceId:            135bae566647359d28bc63cba1f1ec09
Activity.SpanId:             bbe4c4c27ee2f791
Activity.TraceFlags:         Recorded
Activity.ActivitySourceName: Microsoft.AspNetCore
Activity.DisplayName:        POST api/Auth/register
Activity.Kind:               Server
Activity.StartTime:          2025-09-11T04:19:28.4800088Z
Activity.Duration:           00:00:00.2981555
Activity.Tags:
    server.address: localhost
    http.request.method: POST
    url.scheme: http
    url.path: /api/auth/register
    network.protocol.version: 1.1
    http.route: api/Auth/register
    http.response.status_code: 200
Resource associated with Activity:
    deployment.environment: Testing
    service.name: Crud.Api
    service.version: 1.0.0
    service.instance.id: 8958bff5-028e-43b0-8103-5553bc095d18
    telemetry.sdk.name: opentelemetry
    telemetry.sdk.language: dotnet
    telemetry.sdk.version: 1.8.1
[04:19:29 INF] User logged in successfully: c136de33-39df-42c5-aa16-61b780c5b757 {"SourceContext": "App.Features.Authentication.LoginCommandHandler", "ActionId": "c0510950-c787-4ec2-aa1a-edbb553e51c7", "ActionName": "Api.Controllers.AuthController.Login (Api)", "RequestId": "0HNFGT8MUJPK1", "RequestPath": "/api/auth/login", "Application": "Crud.Api"}
Activity.TraceId:            76419cc644644f0ac665cccaba21e1f8
Activity.SpanId:             15e818ba4b81c27e
Activity.TraceFlags:         Recorded
Activity.ActivitySourceName: Microsoft.AspNetCore
Activity.DisplayName:        POST api/Auth/login
Activity.Kind:               Server
Activity.StartTime:          2025-09-11T04:19:28.7795434Z
Activity.Duration:           00:00:00.2986780
Activity.Tags:
    server.address: localhost
    http.request.method: POST
    url.scheme: http
    url.path: /api/auth/login
    network.protocol.version: 1.1
    http.route: api/Auth/login
    http.response.status_code: 200
Resource associated with Activity:
    deployment.environment: Testing
    service.name: Crud.Api
    service.version: 1.0.0
    service.instance.id: 8958bff5-028e-43b0-8103-5553bc095d18
    telemetry.sdk.name: opentelemetry
    telemetry.sdk.language: dotnet
    telemetry.sdk.version: 1.8.1
Activity.TraceId:            3a54c30cc6253a69fdf97eaf335cfa6f
Activity.SpanId:             c470638aabd770b7
Activity.TraceFlags:         Recorded
Activity.ActivitySourceName: Microsoft.AspNetCore
Activity.DisplayName:        PATCH
Activity.Kind:               Server
Activity.StartTime:          2025-09-11T04:19:29.0791280Z
Activity.Duration:           00:00:00.0002596
Activity.Tags:
    server.address: localhost
    http.request.method: PATCH
    url.scheme: http
    url.path: /api/roles
    network.protocol.version: 1.1
    http.response.status_code: 405
Resource associated with Activity:
    deployment.environment: Testing
    service.name: Crud.Api
    service.version: 1.0.0
    service.instance.id: 8958bff5-028e-43b0-8103-5553bc095d18
    telemetry.sdk.name: opentelemetry
    telemetry.sdk.language: dotnet
    telemetry.sdk.version: 1.8.1
[04:19:29 INF] User registered successfully: 6111986e-ea2a-4058-a8c6-ccaf60c28894 {"SourceContext": "App.Features.Authentication.RegisterUserCommandHandler", "ActionId": "acde20d9-35d2-4ea3-a460-c8b03926d7e6", "ActionName": "Api.Controllers.AuthController.Register (Api)", "RequestId": "0HNFGT8MUJPK3", "RequestPath": "/api/auth/register", "Application": "Crud.Api"}
Activity.TraceId:            7250541bf4122533bace868fca98566d
Activity.SpanId:             c43fb7bd03da62eb
Activity.TraceFlags:         Recorded
Activity.ActivitySourceName: Microsoft.AspNetCore
Activity.DisplayName:        POST api/Auth/register
Activity.Kind:               Server
Activity.StartTime:          2025-09-11T04:19:29.0813125Z
Activity.Duration:           00:00:00.2983849
Activity.Tags:
    server.address: localhost
    http.request.method: POST
    url.scheme: http
    url.path: /api/auth/register
    network.protocol.version: 1.1
    http.route: api/Auth/register
    http.response.status_code: 200
Resource associated with Activity:
    deployment.environment: Testing
    service.name: Crud.Api
    service.version: 1.0.0
    service.instance.id: 8958bff5-028e-43b0-8103-5553bc095d18
    telemetry.sdk.name: opentelemetry
    telemetry.sdk.language: dotnet
    telemetry.sdk.version: 1.8.1
[04:19:29 INF] User logged in successfully: 6111986e-ea2a-4058-a8c6-ccaf60c28894 {"SourceContext": "App.Features.Authentication.LoginCommandHandler", "ActionId": "c0510950-c787-4ec2-aa1a-edbb553e51c7", "ActionName": "Api.Controllers.AuthController.Login (Api)", "RequestId": "0HNFGT8MUJPK4", "RequestPath": "/api/auth/login", "Application": "Crud.Api"}
Activity.TraceId:            718fff3e4127cb55e4f398f2d0869304
Activity.SpanId:             6b284234a1ad344e
Activity.TraceFlags:         Recorded
Activity.ActivitySourceName: Microsoft.AspNetCore
Activity.DisplayName:        POST api/Auth/login
Activity.Kind:               Server
Activity.StartTime:          2025-09-11T04:19:29.3811989Z
Activity.Duration:           00:00:00.3009480
Activity.Tags:
    server.address: localhost
    http.request.method: POST
    url.scheme: http
    url.path: /api/auth/login
    network.protocol.version: 1.1
    http.route: api/Auth/login
    http.response.status_code: 200
Resource associated with Activity:
    deployment.environment: Testing
    service.name: Crud.Api
    service.version: 1.0.0
    service.instance.id: 8958bff5-028e-43b0-8103-5553bc095d18
    telemetry.sdk.name: opentelemetry
    telemetry.sdk.language: dotnet
    telemetry.sdk.version: 1.8.1
Activity.TraceId:            a8be9d20775de84c9336fb6b3bd6de0a
Activity.SpanId:             ac03a6fa6ca94797
Activity.TraceFlags:         Recorded
Activity.ActivitySourceName: Microsoft.AspNetCore
Activity.DisplayName:        POST api/Roles
Activity.Kind:               Server
Activity.StartTime:          2025-09-11T04:19:29.6830494Z
Activity.Duration:           00:00:00.0027232
Activity.Tags:
    server.address: localhost
    http.request.method: POST
    url.scheme: http
    url.path: /api/roles
    network.protocol.version: 1.1
    http.route: api/Roles
    http.response.status_code: 400
Resource associated with Activity:
    deployment.environment: Testing
    service.name: Crud.Api
    service.version: 1.0.0
    service.instance.id: 8958bff5-028e-43b0-8103-5553bc095d18
    telemetry.sdk.name: opentelemetry
    telemetry.sdk.language: dotnet
    telemetry.sdk.version: 1.8.1
[04:19:29 INF] User registered successfully: 8874bdc4-9ac8-4f4e-9c44-471cf2ba6ea9 {"SourceContext": "App.Features.Authentication.RegisterUserCommandHandler", "ActionId": "acde20d9-35d2-4ea3-a460-c8b03926d7e6", "ActionName": "Api.Controllers.AuthController.Register (Api)", "RequestId": "0HNFGT8MUJPK6", "RequestPath": "/api/auth/register", "Application": "Crud.Api"}
Activity.TraceId:            034c0ac74e46cfbc90dae3102b74d21c
Activity.SpanId:             f7ff62610d19009d
Activity.TraceFlags:         Recorded
Activity.ActivitySourceName: Microsoft.AspNetCore
Activity.DisplayName:        POST api/Auth/register
Activity.Kind:               Server
Activity.StartTime:          2025-09-11T04:19:29.6872346Z
Activity.Duration:           00:00:00.2985969
Activity.Tags:
    server.address: localhost
    http.request.method: POST
    url.scheme: http
    url.path: /api/auth/register
    network.protocol.version: 1.1
    http.route: api/Auth/register
    http.response.status_code: 200
Resource associated with Activity:
    deployment.environment: Testing
    service.name: Crud.Api
    service.version: 1.0.0
    service.instance.id: 8958bff5-028e-43b0-8103-5553bc095d18
    telemetry.sdk.name: opentelemetry
    telemetry.sdk.language: dotnet
    telemetry.sdk.version: 1.8.1
[04:19:30 INF] User logged in successfully: 8874bdc4-9ac8-4f4e-9c44-471cf2ba6ea9 {"SourceContext": "App.Features.Authentication.LoginCommandHandler", "ActionId": "c0510950-c787-4ec2-aa1a-edbb553e51c7", "ActionName": "Api.Controllers.AuthController.Login (Api)", "RequestId": "0HNFGT8MUJPK7", "RequestPath": "/api/auth/login", "Application": "Crud.Api"}
Activity.TraceId:            948ff24c2151ddfeeeb530d76dcc560a
Activity.SpanId:             1ad1e90fe1f964ce
Activity.TraceFlags:         Recorded
Activity.ActivitySourceName: Microsoft.AspNetCore
Activity.DisplayName:        POST api/Auth/login
Activity.Kind:               Server
Activity.StartTime:          2025-09-11T04:19:29.9871865Z
Activity.Duration:           00:00:00.2986216
Activity.Tags:
    server.address: localhost
    http.request.method: POST
    url.scheme: http
    url.path: /api/auth/login
    network.protocol.version: 1.1
    http.route: api/Auth/login
    http.response.status_code: 200
Resource associated with Activity:
    deployment.environment: Testing
    service.name: Crud.Api
    service.version: 1.0.0
    service.instance.id: 8958bff5-028e-43b0-8103-5553bc095d18
    telemetry.sdk.name: opentelemetry
    telemetry.sdk.language: dotnet
    telemetry.sdk.version: 1.8.1
[04:19:30 ERR] An unhandled exception occurred during request POST /api/roles. Request ID: 0HNFGT8MUJPK8, User: Anonymous {"SourceContext": "Api.Middleware.GlobalExceptionHandlingMiddleware", "RequestPath": "/api/roles", "Application": "Crud.Api"}
FluentValidation.ValidationException: Validation failed: 
 -- Description: Description cannot exceed 500 characters Severity: Error
   at App.Behaviors.ValidationBehavior`2.Handle(TRequest request, RequestHandlerDelegate`1 next, CancellationToken cancellationToken) in /home/runner/work/Crud/Crud/src/App/Behaviors/ValidationBehavior.cs:line 39
   at Api.Controllers.RolesController.Create(CreateRoleRequest request, CancellationToken ct) in /home/runner/work/Crud/Crud/src/Api/Controllers/RolesController.cs:line 86
   at lambda_method2164(Closure, Object)
   at Microsoft.AspNetCore.Mvc.Infrastructure.ActionMethodExecutor.AwaitableObjectResultExecutor.Execute(ActionContext actionContext, IActionResultTypeMapper mapper, ObjectMethodExecutor executor, Object controller, Object[] arguments)
   at Microsoft.AspNetCore.Mvc.Infrastructure.ControllerActionInvoker.&lt;InvokeActionMethodAsync&gt;g__Logged|12_1(ControllerActionInvoker invoker)
   at Microsoft.AspNetCore.Mvc.Infrastructure.ControllerActionInvoker.&lt;InvokeNextActionFilterAsync&gt;g__Awaited|10_0(ControllerActionInvoker invoker, Task lastTask, State next, Scope scope, Object state, Boolean isCompleted)
   at Microsoft.AspNetCore.Mvc.Infrastructure.ControllerActionInvoker.Rethrow(ActionExecutedContextSealed context)
   at Microsoft.AspNetCore.Mvc.Infrastructure.ControllerActionInvoker.Next(State&amp; next, Scope&amp; scope, Object&amp; state, Boolean&amp; isCompleted)
   at Microsoft.AspNetCore.Mvc.Infrastructure.ControllerActionInvoker.InvokeInnerFilterAsync()
--- End of stack trace from previous location ---
   at Microsoft.AspNetCore.Mvc.Infrastructure.ResourceInvoker.&lt;InvokeFilterPipelineAsync&gt;g__Awaited|20_0(ResourceInvoker invoker, Task lastTask, State next, Scope scope, Object state, Boolean isCompleted)
   at Microsoft.AspNetCore.Mvc.Infrastructure.ResourceInvoker.&lt;InvokeAsync&gt;g__Logged|17_1(ResourceInvoker invoker)
   at Microsoft.AspNetCore.Mvc.Infrastructure.ResourceInvoker.&lt;InvokeAsync&gt;g__Logged|17_1(ResourceInvoker invoker)
   at Microsoft.AspNetCore.Authorization.AuthorizationMiddleware.Invoke(HttpContext context)
   at Microsoft.AspNetCore.Authentication.AuthenticationMiddleware.Invoke(HttpContext context)
   at Microsoft.AspNetCore.RateLimiting.RateLimitingMiddleware.InvokeInternal(HttpContext context, EnableRateLimitingAttribute enableRateLimitingAttribute)
   at Api.Middleware.GlobalExceptionHandlingMiddleware.InvokeAsync(HttpContext context) in /home/runner/work/Crud/Crud/src/Api/Middleware/GlobalExceptionHandlingMiddleware.cs:line 27
Activity.TraceId:            e5d611466a34ad5872603b379abbe3fb
Activity.SpanId:             370faf2483e8a750
Activity.TraceFlags:         Recorded
Activity.ActivitySourceName: Microsoft.AspNetCore
Activity.DisplayName:        POST api/Roles
Activity.Kind:               Server
Activity.StartTime:          2025-09-11T04:19:30.2864294Z
Activity.Duration:           00:00:00.0019538
Activity.Tags:
    server.address: localhost
    http.request.method: POST
    url.scheme: http
    url.path: /api/roles
    network.protocol.version: 1.1
    http.route: api/Roles
    http.response.status_code: 400
Resource associated with Activity:
    deployment.environment: Testing
    service.name: Crud.Api
    service.version: 1.0.0
    service.instance.id: 8958bff5-028e-43b0-8103-5553bc095d18
    telemetry.sdk.name: opentelemetry
    telemetry.sdk.language: dotnet
    telemetry.sdk.version: 1.8.1
[04:19:30 INF] Resetting database for worker 16799 {"SourceContext": "Infrastructure.Services.DatabaseTestService", "Application": "Crud.Api"}
[04:19:30 INF] Resetting database via file deletion for worker 16799 in CI environment {"SourceContext": "Infrastructure.Services.DatabaseTestService", "Application": "Crud.Api"}
[04:19:30 INF] Acquiring database mutex for worker 16799... {"SourceContext": "Infrastructure.Services.DatabaseTestService", "Application": "Crud.Api"}
[04:19:30 INF] Database mutex acquired for worker 16799 {"SourceContext": "Infrastructure.Services.DatabaseTestService", "Application": "Crud.Api"}
[04:19:30 INF] Current database state - CanConnect: True {"SourceContext": "Infrastructure.Services.DatabaseTestService", "Application": "Crud.Api"}
[04:19:30 INF] [Phase 0] Closing database connection for worker 16799... {"SourceContext": "Infrastructure.Services.DatabaseTestService", "Application": "Crud.Api"}
[04:19:30 INF] [Phase 0] Connection closed in 0.0006ms {"SourceContext": "Infrastructure.Services.DatabaseTestService", "Application": "Crud.Api"}
[04:19:30 INF] [Phase 1] Starting EnsureDeletedAsync for worker 16799... {"SourceContext": "Infrastructure.Services.DatabaseTestService", "Application": "Crud.Api"}
[04:19:30 INF] [Phase 1] EnsureDeletedAsync completed in 1.5715ms {"SourceContext": "Infrastructure.Services.DatabaseTestService", "Application": "Crud.Api"}
[04:19:30 INF] [Phase 2] Starting EnsureCreatedAsync for worker 16799... {"SourceContext": "Infrastructure.Services.DatabaseTestService", "Application": "Crud.Api"}
[04:19:30 INF] [Phase 2] EnsureCreatedAsync completed in 7.6558ms {"SourceContext": "Infrastructure.Services.DatabaseTestService", "Application": "Crud.Api"}
[04:19:30 INF] [Phase 3] Skipping database seeding as requested for worker 16799 {"SourceContext": "Infrastructure.Services.DatabaseTestService", "Application": "Crud.Api"}
[04:19:30 INF] Database reset via file deletion completed for worker 16799 in 109.4206ms (Close: 0.0006ms, Delete: 1.5715ms, Create: 7.6558ms) {"SourceContext": "Infrastructure.Services.DatabaseTestService", "Application": "Crud.Api"}
[04:19:30 INF] Releasing database mutex for worker 16799 {"SourceContext": "Infrastructure.Services.DatabaseTestService", "Application": "Crud.Api"}
[04:19:30 INF] User registered successfully: 335e1c17-bb4b-46eb-875e-8ef7d02590de {"SourceContext": "App.Features.Authentication.RegisterUserCommandHandler", "ActionId": "acde20d9-35d2-4ea3-a460-c8b03926d7e6", "ActionName": "Api.Controllers.AuthController.Register (Api)", "RequestId": "0HNFGT8MUJPK9", "RequestPath": "/api/auth/register", "Application": "Crud.Api"}
Activity.TraceId:            70783fcca8831eeb8e6f393cd3ffddc4
Activity.SpanId:             0c573a3fe34fff94
Activity.TraceFlags:         Recorded
Activity.ActivitySourceName: Microsoft.AspNetCore
Activity.DisplayName:        POST api/Auth/register
Activity.Kind:               Server
Activity.StartTime:          2025-09-11T04:19:30.4014012Z
Activity.Duration:           00:00:00.3248912
Activity.Tags:
    server.address: localhost
    http.request.method: POST
    url.scheme: http
    url.path: /api/auth/register
    network.protocol.version: 1.1
    http.route: api/Auth/register
    http.response.status_code: 200
Resource associated with Activity:
    deployment.environment: Testing
    service.name: Crud.Api
    service.version: 1.0.0
    service.instance.id: 8958bff5-028e-43b0-8103-5553bc095d18
    telemetry.sdk.name: opentelemetry
    telemetry.sdk.language: dotnet
    telemetry.sdk.version: 1.8.1
[04:19:30 INF] User registered successfully: 6c4792a9-e03a-4849-b189-ca997ec5fdda {"SourceContext": "App.Features.Authentication.RegisterUserCommandHandler", "ActionId": "acde20d9-35d2-4ea3-a460-c8b03926d7e6", "ActionName": "Api.Controllers.AuthController.Register (Api)", "RequestId": "0HNFGT8MUJPKA", "RequestPath": "/api/auth/register", "Application": "Crud.Api"}
Activity.TraceId:            3cb17255d67b1825cd62fa7d81a244b0
Activity.SpanId:             556506ee282b201c
Activity.TraceFlags:         Recorded
Activity.ActivitySourceName: Microsoft.AspNetCore
Activity.DisplayName:        POST api/Auth/register
Activity.Kind:               Server
Activity.StartTime:          2025-09-11T04:19:30.4014229Z
Activity.Duration:           00:00:00.3517149
Activity.Tags:
    server.address: localhost
    http.request.method: POST
    url.scheme: http
    url.path: /api/auth/register
    network.protocol.version: 1.1
    http.route: api/Auth/register
    http.response.status_code: 200
Resource associated with Activity:
    deployment.environment: Testing
    service.name: Crud.Api
    service.version: 1.0.0
    service.instance.id: 8958bff5-028e-43b0-8103-5553bc095d18
    telemetry.sdk.name: opentelemetry
    telemetry.sdk.language: dotnet
    telemetry.sdk.version: 1.8.1
[04:19:30 INF] User registered successfully: 482ecd35-26b3-4768-8db6-6ec6817392a8 {"SourceContext": "App.Features.Authentication.RegisterUserCommandHandler", "ActionId": "acde20d9-35d2-4ea3-a460-c8b03926d7e6", "ActionName": "Api.Controllers.AuthController.Register (Api)", "RequestId": "0HNFGT8MUJPKB", "RequestPath": "/api/auth/register", "Application": "Crud.Api"}
Activity.TraceId:            97a0500d2b18060eba229895c832c50b
Activity.SpanId:             c6c34653079a8f15
Activity.TraceFlags:         Recorded
Activity.ActivitySourceName: Microsoft.AspNetCore
Activity.DisplayName:        POST api/Auth/register
Activity.Kind:               Server
Activity.StartTime:          2025-09-11T04:19:30.4014317Z
Activity.Duration:           00:00:00.3654888
Activity.Tags:
    server.address: localhost
    http.request.method: POST
    url.scheme: http
    url.path: /api/auth/register
    network.protocol.version: 1.1
    http.route: api/Auth/register
    http.response.status_code: 200
Resource associated with Activity:
    deployment.environment: Testing
    service.name: Crud.Api
    service.version: 1.0.0
    service.instance.id: 8958bff5-028e-43b0-8103-5553bc095d18
    telemetry.sdk.name: opentelemetry
    telemetry.sdk.language: dotnet
    telemetry.sdk.version: 1.8.1
[04:19:31 INF] User registered successfully: 52dcc9ee-1f87-4092-aba9-442f9e29abfd {"SourceContext": "App.Features.Authentication.RegisterUserCommandHandler", "ActionId": "acde20d9-35d2-4ea3-a460-c8b03926d7e6", "ActionName": "Api.Controllers.AuthController.Register (Api)", "RequestId": "0HNFGT8MUJPKE", "RequestPath": "/api/auth/register", "Application": "Crud.Api"}
Activity.TraceId:            7451f94c9778ca71a1ba06921e7db407
Activity.SpanId:             b116cb2ced4ea293
Activity.TraceFlags:         Recorded
Activity.ActivitySourceName: Microsoft.AspNetCore
Activity.DisplayName:        POST api/Auth/register
Activity.Kind:               Server
Activity.StartTime:          2025-09-11T04:19:30.7682147Z
Activity.Duration:           00:00:00.2987670
Activity.Tags:
    server.address: localhost
    http.request.method: POST
    url.scheme: http
    url.path: /api/auth/register
    network.protocol.version: 1.1
    http.route: api/Auth/register
    http.response.status_code: 200
Resource associated with Activity:
    deployment.environment: Testing
    service.name: Crud.Api
    service.version: 1.0.0
    service.instance.id: 8958bff5-028e-43b0-8103-5553bc095d18
    telemetry.sdk.name: opentelemetry
    telemetry.sdk.language: dotnet
    telemetry.sdk.version: 1.8.1
[04:19:31 INF] User registered successfully: 0ee1f025-57f9-4497-9ce9-508fe249a7ca {"SourceContext": "App.Features.Authentication.RegisterUserCommandHandler", "ActionId": "acde20d9-35d2-4ea3-a460-c8b03926d7e6", "ActionName": "Api.Controllers.AuthController.Register (Api)", "RequestId": "0HNFGT8MUJPKC", "RequestPath": "/api/auth/register", "Application": "Crud.Api"}
Activity.TraceId:            2b71f42bcf1457b1bc907139f8dff115
Activity.SpanId:             a1ab8761f296f43f
Activity.TraceFlags:         Recorded
Activity.ActivitySourceName: Microsoft.AspNetCore
Activity.DisplayName:        POST api/Auth/register
Activity.Kind:               Server
Activity.StartTime:          2025-09-11T04:19:30.7275010Z
Activity.Duration:           00:00:00.3649380
Activity.Tags:
    server.address: localhost
    http.request.method: POST
    url.scheme: http
    url.path: /api/auth/register
    network.protocol.version: 1.1
    http.route: api/Auth/register
    http.response.status_code: 200
Resource associated with Activity:
    deployment.environment: Testing
    service.name: Crud.Api
    service.version: 1.0.0
    service.instance.id: 8958bff5-028e-43b0-8103-5553bc095d18
    telemetry.sdk.name: opentelemetry
    telemetry.sdk.language: dotnet
    telemetry.sdk.version: 1.8.1
[04:19:31 INF] User registered successfully: 4d92dce7-b966-4322-a263-efd1b6d7387f {"SourceContext": "App.Features.Authentication.RegisterUserCommandHandler", "ActionId": "acde20d9-35d2-4ea3-a460-c8b03926d7e6", "ActionName": "Api.Controllers.AuthController.Register (Api)", "RequestId": "0HNFGT8MUJPKD", "RequestPath": "/api/auth/register", "Application": "Crud.Api"}
Activity.TraceId:            0744b88f739a01fe74026f2d685e7613
Activity.SpanId:             5b727bf08f8c943a
Activity.TraceFlags:         Recorded
Activity.ActivitySourceName: Microsoft.AspNetCore
Activity.DisplayName:        POST api/Auth/register
Activity.Kind:               Server
Activity.StartTime:          2025-09-11T04:19:30.7540489Z
Activity.Duration:           00:00:00.3712434
Activity.Tags:
    server.address: localhost
    http.request.method: POST
    url.scheme: http
    url.path: /api/auth/register
    network.protocol.version: 1.1
    http.route: api/Auth/register
    http.response.status_code: 200
Resource associated with Activity:
    deployment.environment: Testing
    service.name: Crud.Api
    service.version: 1.0.0
    service.instance.id: 8958bff5-028e-43b0-8103-5553bc095d18
    telemetry.sdk.name: opentelemetry
    telemetry.sdk.language: dotnet
    telemetry.sdk.version: 1.8.1
[04:19:31 INF] User registered successfully: b88ba223-364f-494b-9044-12da5018b9ad {"SourceContext": "App.Features.Authentication.RegisterUserCommandHandler", "ActionId": "acde20d9-35d2-4ea3-a460-c8b03926d7e6", "ActionName": "Api.Controllers.AuthController.Register (Api)", "RequestId": "0HNFGT8MUJPKF", "RequestPath": "/api/auth/register", "Application": "Crud.Api"}
Activity.TraceId:            bd8c089855cb38156a60753c310bb55e
Activity.SpanId:             fe31682700764bcb
Activity.TraceFlags:         Recorded
Activity.ActivitySourceName: Microsoft.AspNetCore
Activity.DisplayName:        POST api/Auth/register
Activity.Kind:               Server
Activity.StartTime:          2025-09-11T04:19:31.0678481Z
Activity.Duration:           00:00:00.3705085
Activity.Tags:
    server.address: localhost
    http.request.method: POST
    url.scheme: http
    url.path: /api/auth/register
    network.protocol.version: 1.1
    http.route: api/Auth/register
    http.response.status_code: 200
Resource associated with Activity:
    deployment.environment: Testing
    service.name: Crud.Api
    service.version: 1.0.0
    service.instance.id: 8958bff5-028e-43b0-8103-5553bc095d18
    telemetry.sdk.name: opentelemetry
    telemetry.sdk.language: dotnet
    telemetry.sdk.version: 1.8.1
[04:19:31 INF] User registered successfully: abd9b79b-7085-4dbe-86ba-6093e7cd1d20 {"SourceContext": "App.Features.Authentication.RegisterUserCommandHandler", "ActionId": "acde20d9-35d2-4ea3-a460-c8b03926d7e6", "ActionName": "Api.Controllers.AuthController.Register (Api)", "RequestId": "0HNFGT8MUJPKG", "RequestPath": "/api/auth/register", "Application": "Crud.Api"}
Activity.TraceId:            50d3f2c4e830537091974e948eb6897d
Activity.SpanId:             04441bd25347fdab
Activity.TraceFlags:         Recorded
Activity.ActivitySourceName: Microsoft.AspNetCore
Activity.DisplayName:        POST api/Auth/register
Activity.Kind:               Server
Activity.StartTime:          2025-09-11T04:19:31.0937450Z
Activity.Duration:           00:00:00.3634338
Activity.Tags:
    server.address: localhost
    http.request.method: POST
    url.scheme: http
    url.path: /api/auth/register
    network.protocol.version: 1.1
    http.route: api/Auth/register
    http.response.status_code: 200
Resource associated with Activity:
    deployment.environment: Testing
    service.name: Crud.Api
    service.version: 1.0.0
    service.instance.id: 8958bff5-028e-43b0-8103-5553bc095d18
    telemetry.sdk.name: opentelemetry
    telemetry.sdk.language: dotnet
    telemetry.sdk.version: 1.8.1
[04:19:31 INF] User registered successfully: 9b13d98a-63a9-4489-bb18-16c7f5ff0d43 {"SourceContext": "App.Features.Authentication.RegisterUserCommandHandler", "ActionId": "acde20d9-35d2-4ea3-a460-c8b03926d7e6", "ActionName": "Api.Controllers.AuthController.Register (Api)", "RequestId": "0HNFGT8MUJPKH", "RequestPath": "/api/auth/register", "Application": "Crud.Api"}
Activity.TraceId:            88d31929aee030fa1464a426b18f2049
Activity.SpanId:             2cba514a5467fefa
Activity.TraceFlags:         Recorded
Activity.ActivitySourceName: Microsoft.AspNetCore
Activity.DisplayName:        POST api/Auth/register
Activity.Kind:               Server
Activity.StartTime:          2025-09-11T04:19:31.1261869Z
Activity.Duration:           00:00:00.3696394
Activity.Tags:
    server.address: localhost
    http.request.method: POST
    url.scheme: http
    url.path: /api/auth/register
    network.protocol.version: 1.1
    http.route: api/Auth/register
    http.response.status_code: 200
Resource associated with Activity:
    deployment.environment: Testing
    service.name: Crud.Api
    service.version: 1.0.0
    service.instance.id: 8958bff5-028e-43b0-8103-5553bc095d18
    telemetry.sdk.name: opentelemetry
    telemetry.sdk.language: dotnet
    telemetry.sdk.version: 1.8.1
[04:19:31 INF] User registered successfully: 783c1569-a97d-432a-a829-a46b9e3e2efc {"SourceContext": "App.Features.Authentication.RegisterUserCommandHandler", "ActionId": "acde20d9-35d2-4ea3-a460-c8b03926d7e6", "ActionName": "Api.Controllers.AuthController.Register (Api)", "RequestId": "0HNFGT8MUJPKI", "RequestPath": "/api/auth/register", "Application": "Crud.Api"}
Activity.TraceId:            22704edf65447281d2c52ae86a07e74c
Activity.SpanId:             a97b3f208cf94bec
Activity.TraceFlags:         Recorded
Activity.ActivitySourceName: Microsoft.AspNetCore
Activity.DisplayName:        POST api/Auth/register
Activity.Kind:               Server
Activity.StartTime:          2025-09-11T04:19:31.1277517Z
Activity.Duration:           00:00:00.3721340
Activity.Tags:
    server.address: localhost
    http.request.method: POST
    url.scheme: http
    url.path: /api/auth/register
    network.protocol.version: 1.1
    http.route: api/Auth/register
    http.response.status_code: 200
Resource associated with Activity:
    deployment.environment: Testing
    service.name: Crud.Api
    service.version: 1.0.0
    service.instance.id: 8958bff5-028e-43b0-8103-5553bc095d18
    telemetry.sdk.name: opentelemetry
    telemetry.sdk.language: dotnet
    telemetry.sdk.version: 1.8.1
[04:19:31 INF] User logged in successfully: 335e1c17-bb4b-46eb-875e-8ef7d02590de {"SourceContext": "App.Features.Authentication.LoginCommandHandler", "ActionId": "c0510950-c787-4ec2-aa1a-edbb553e51c7", "ActionName": "Api.Controllers.AuthController.Login (Api)", "RequestId": "0HNFGT8MUJPKJ", "RequestPath": "/api/auth/login", "Application": "Crud.Api"}
Activity.TraceId:            7a8160caff2f1cb046bd40af5e38c7fd
Activity.SpanId:             70853f1138c48884
Activity.TraceFlags:         Recorded
Activity.ActivitySourceName: Microsoft.AspNetCore
Activity.DisplayName:        POST api/Auth/login
Activity.Kind:               Server
Activity.StartTime:          2025-09-11T04:19:31.4421792Z
Activity.Duration:           00:00:00.3707526
Activity.Tags:
    server.address: localhost
    http.request.method: POST
    url.scheme: http
    url.path: /api/auth/login
    network.protocol.version: 1.1
    http.route: api/Auth/login
    http.response.status_code: 200
Resource associated with Activity:
    deployment.environment: Testing
    service.name: Crud.Api
    service.version: 1.0.0
    service.instance.id: 8958bff5-028e-43b0-8103-5553bc095d18
    telemetry.sdk.name: opentelemetry
    telemetry.sdk.language: dotnet
    telemetry.sdk.version: 1.8.1
[04:19:31 INF] User logged in successfully: 6c4792a9-e03a-4849-b189-ca997ec5fdda {"SourceContext": "App.Features.Authentication.LoginCommandHandler", "ActionId": "c0510950-c787-4ec2-aa1a-edbb553e51c7", "ActionName": "Api.Controllers.AuthController.Login (Api)", "RequestId": "0HNFGT8MUJPKK", "RequestPath": "/api/auth/login", "Application": "Crud.Api"}
Activity.TraceId:            f5ae9af567a682659e60f0881610608d
Activity.SpanId:             23b7e7e9cc15ea26
Activity.TraceFlags:         Recorded
Activity.ActivitySourceName: Microsoft.AspNetCore
Activity.DisplayName:        POST api/Auth/login
Activity.Kind:               Server
Activity.StartTime:          2025-09-11T04:19:31.4599014Z
Activity.Duration:           00:00:00.3725994
Activity.Tags:
    server.address: localhost
    http.request.method: POST
    url.scheme: http
    url.path: /api/auth/login
    network.protocol.version: 1.1
    http.route: api/Auth/login
    http.response.status_code: 200
Resource associated with Activity:
    deployment.environment: Testing
    service.name: Crud.Api
    service.version: 1.0.0
    service.instance.id: 8958bff5-028e-43b0-8103-5553bc095d18
    telemetry.sdk.name: opentelemetry
    telemetry.sdk.language: dotnet
    telemetry.sdk.version: 1.8.1
[04:19:31 INF] User logged in successfully: 52dcc9ee-1f87-4092-aba9-442f9e29abfd {"SourceContext": "App.Features.Authentication.LoginCommandHandler", "ActionId": "c0510950-c787-4ec2-aa1a-edbb553e51c7", "ActionName": "Api.Controllers.AuthController.Login (Api)", "RequestId": "0HNFGT8MUJPKM", "RequestPath": "/api/auth/login", "Application": "Crud.Api"}
Activity.TraceId:            8ac3a974623458c5f1bf8342c6b1bb09
Activity.SpanId:             6afc6aa322fba347
Activity.TraceFlags:         Recorded
Activity.ActivitySourceName: Microsoft.AspNetCore
Activity.DisplayName:        POST api/Auth/login
Activity.Kind:               Server
Activity.StartTime:          2025-09-11T04:19:31.5016404Z
Activity.Duration:           00:00:00.3631195
Activity.Tags:
    server.address: localhost
    http.request.method: POST
    url.scheme: http
    url.path: /api/auth/login
    network.protocol.version: 1.1
    http.route: api/Auth/login
    http.response.status_code: 200
Resource associated with Activity:
    deployment.environment: Testing
    service.name: Crud.Api
    service.version: 1.0.0
    service.instance.id: 8958bff5-028e-43b0-8103-5553bc095d18
    telemetry.sdk.name: opentelemetry
    telemetry.sdk.language: dotnet
    telemetry.sdk.version: 1.8.1
[04:19:31 INF] User logged in successfully: 482ecd35-26b3-4768-8db6-6ec6817392a8 {"SourceContext": "App.Features.Authentication.LoginCommandHandler", "ActionId": "c0510950-c787-4ec2-aa1a-edbb553e51c7", "ActionName": "Api.Controllers.AuthController.Login (Api)", "RequestId": "0HNFGT8MUJPKL", "RequestPath": "/api/auth/login", "Application": "Crud.Api"}
Activity.TraceId:            f28169ff44302a88156494624a34ce3b
Activity.SpanId:             c7f2484228895a29
Activity.TraceFlags:         Recorded
Activity.ActivitySourceName: Microsoft.AspNetCore
Activity.DisplayName:        POST api/Auth/login
Activity.Kind:               Server
Activity.StartTime:          2025-09-11T04:19:31.4972859Z
Activity.Duration:           00:00:00.3736680
Activity.Tags:
    server.address: localhost
    http.request.method: POST
    url.scheme: http
    url.path: /api/auth/login
    network.protocol.version: 1.1
    http.route: api/Auth/login
    http.response.status_code: 200
Resource associated with Activity:
    deployment.environment: Testing
    service.name: Crud.Api
    service.version: 1.0.0
    service.instance.id: 8958bff5-028e-43b0-8103-5553bc095d18
    telemetry.sdk.name: opentelemetry
    telemetry.sdk.language: dotnet
    telemetry.sdk.version: 1.8.1
[04:19:32 INF] User logged in successfully: 4d92dce7-b966-4322-a263-efd1b6d7387f {"SourceContext": "App.Features.Authentication.LoginCommandHandler", "ActionId": "c0510950-c787-4ec2-aa1a-edbb553e51c7", "ActionName": "Api.Controllers.AuthController.Login (Api)", "RequestId": "0HNFGT8MUJPKO", "RequestPath": "/api/auth/login", "Application": "Crud.Api"}
Activity.TraceId:            b9817984e3120907d72a6bedc1d4aafc
Activity.SpanId:             807ca114da018bfb
Activity.TraceFlags:         Recorded
Activity.ActivitySourceName: Microsoft.AspNetCore
Activity.DisplayName:        POST api/Auth/login
Activity.Kind:               Server
Activity.StartTime:          2025-09-11T04:19:31.8649461Z
Activity.Duration:           00:00:00.2987878
Activity.Tags:
    server.address: localhost
    http.request.method: POST
    url.scheme: http
    url.path: /api/auth/login
    network.protocol.version: 1.1
    http.route: api/Auth/login
    http.response.status_code: 200
Resource associated with Activity:
    deployment.environment: Testing
    service.name: Crud.Api
    service.version: 1.0.0
    service.instance.id: 8958bff5-028e-43b0-8103-5553bc095d18
    telemetry.sdk.name: opentelemetry
    telemetry.sdk.language: dotnet
    telemetry.sdk.version: 1.8.1
[04:19:32 INF] User logged in successfully: 0ee1f025-57f9-4497-9ce9-508fe249a7ca {"SourceContext": "App.Features.Authentication.LoginCommandHandler", "ActionId": "c0510950-c787-4ec2-aa1a-edbb553e51c7", "ActionName": "Api.Controllers.AuthController.Login (Api)", "RequestId": "0HNFGT8MUJPKN", "RequestPath": "/api/auth/login", "Application": "Crud.Api"}
Activity.TraceId:            24ab1eaea2a221cbc4c7344157713f5d
Activity.SpanId:             8894b3a412f3e6ac
Activity.TraceFlags:         Recorded
Activity.ActivitySourceName: Microsoft.AspNetCore
Activity.DisplayName:        POST api/Auth/login
Activity.Kind:               Server
Activity.StartTime:          2025-09-11T04:19:31.8330716Z
Activity.Duration:           00:00:00.3723815
Activity.Tags:
    server.address: localhost
    http.request.method: POST
    url.scheme: http
    url.path: /api/auth/login
    network.protocol.version: 1.1
    http.route: api/Auth/login
    http.response.status_code: 200
Resource associated with Activity:
    deployment.environment: Testing
    service.name: Crud.Api
    service.version: 1.0.0
    service.instance.id: 8958bff5-028e-43b0-8103-5553bc095d18
    telemetry.sdk.name: opentelemetry
    telemetry.sdk.language: dotnet
    telemetry.sdk.version: 1.8.1
[04:19:32 INF] User logged in successfully: b88ba223-364f-494b-9044-12da5018b9ad {"SourceContext": "App.Features.Authentication.LoginCommandHandler", "ActionId": "c0510950-c787-4ec2-aa1a-edbb553e51c7", "ActionName": "Api.Controllers.AuthController.Login (Api)", "RequestId": "0HNFGT8MUJPKP", "RequestPath": "/api/auth/login", "Application": "Crud.Api"}
Activity.TraceId:            3e7d55382dd70bd156636d4442115054
Activity.SpanId:             00fd45d1e7cb5c0f
Activity.TraceFlags:         Recorded
Activity.ActivitySourceName: Microsoft.AspNetCore
Activity.DisplayName:        POST api/Auth/login
Activity.Kind:               Server
Activity.StartTime:          2025-09-11T04:19:31.8710698Z
Activity.Duration:           00:00:00.3749922
Activity.Tags:
    server.address: localhost
    http.request.method: POST
    url.scheme: http
    url.path: /api/auth/login
    network.protocol.version: 1.1
    http.route: api/Auth/login
    http.response.status_code: 200
Resource associated with Activity:
    deployment.environment: Testing
    service.name: Crud.Api
    service.version: 1.0.0
    service.instance.id: 8958bff5-028e-43b0-8103-5553bc095d18
    telemetry.sdk.name: opentelemetry
    telemetry.sdk.language: dotnet
    telemetry.sdk.version: 1.8.1
[04:19:32 INF] User logged in successfully: abd9b79b-7085-4dbe-86ba-6093e7cd1d20 {"SourceContext": "App.Features.Authentication.LoginCommandHandler", "ActionId": "c0510950-c787-4ec2-aa1a-edbb553e51c7", "ActionName": "Api.Controllers.AuthController.Login (Api)", "RequestId": "0HNFGT8MUJPKQ", "RequestPath": "/api/auth/login", "Application": "Crud.Api"}
Activity.TraceId:            40871c5ea3e16e1ab70c28cec32afc7d
Activity.SpanId:             4d579917407a078d
Activity.TraceFlags:         Recorded
Activity.ActivitySourceName: Microsoft.AspNetCore
Activity.DisplayName:        POST api/Auth/login
Activity.Kind:               Server
Activity.StartTime:          2025-09-11T04:19:32.1639650Z
Activity.Duration:           00:00:00.3050426
Activity.Tags:
    server.address: localhost
    http.request.method: POST
    url.scheme: http
    url.path: /api/auth/login
    network.protocol.version: 1.1
    http.route: api/Auth/login
    http.response.status_code: 200
Resource associated with Activity:
    deployment.environment: Testing
    service.name: Crud.Api
    service.version: 1.0.0
    service.instance.id: 8958bff5-028e-43b0-8103-5553bc095d18
    telemetry.sdk.name: opentelemetry
    telemetry.sdk.language: dotnet
    telemetry.sdk.version: 1.8.1
[04:19:32 DBG] Cache miss for key: name:role:concurrentrole_b17bdf7a6d854331b1b7f0adbfa709c1_5 {"SourceContext": "Infrastructure.Services.Caching.InMemoryCacheService", "ActionId": "fc95cbfc-5b3f-4a00-a430-fd9bb25cee4a", "ActionName": "Api.Controllers.RolesController.Create (Api)", "RequestId": "0HNFGT8MUJPKU", "RequestPath": "/api/roles", "Application": "Crud.Api"}
[04:19:32 DBG] Cache miss for key: name:role:concurrentrole_b17bdf7a6d854331b1b7f0adbfa709c1_1 {"SourceContext": "Infrastructure.Services.Caching.InMemoryCacheService", "ActionId": "fc95cbfc-5b3f-4a00-a430-fd9bb25cee4a", "ActionName": "Api.Controllers.RolesController.Create (Api)", "RequestId": "0HNFGT8MUJPKT", "RequestPath": "/api/roles", "Application": "Crud.Api"}
[04:19:32 DBG] Removed cache value for key: entity:role:52c63575c8494c20beb19aa735680278 {"SourceContext": "Infrastructure.Services.Caching.InMemoryCacheService", "ActionId": "fc95cbfc-5b3f-4a00-a430-fd9bb25cee4a", "ActionName": "Api.Controllers.RolesController.Create (Api)", "RequestId": "0HNFGT8MUJPKU", "RequestPath": "/api/roles", "Application": "Crud.Api"}
[04:19:32 DBG] Removed cache value for key: list:role {"SourceContext": "Infrastructure.Services.Caching.InMemoryCacheService", "ActionId": "fc95cbfc-5b3f-4a00-a430-fd9bb25cee4a", "ActionName": "Api.Controllers.RolesController.Create (Api)", "RequestId": "0HNFGT8MUJPKU", "RequestPath": "/api/roles", "Application": "Crud.Api"}
[04:19:32 DBG] Invalidating cache for entity type: roles with tag: roles {"SourceContext": "Api.Services.OutputCacheInvalidationService", "ActionId": "fc95cbfc-5b3f-4a00-a430-fd9bb25cee4a", "ActionName": "Api.Controllers.RolesController.Create (Api)", "RequestId": "0HNFGT8MUJPKU", "RequestPath": "/api/roles", "Application": "Crud.Api"}
[04:19:32 INF] Successfully invalidated cache for entity type: roles {"SourceContext": "Api.Services.OutputCacheInvalidationService", "ActionId": "fc95cbfc-5b3f-4a00-a430-fd9bb25cee4a", "ActionName": "Api.Controllers.RolesController.Create (Api)", "RequestId": "0HNFGT8MUJPKU", "RequestPath": "/api/roles", "Application": "Crud.Api"}
Activity.TraceId:            189444edfeec0935f9d9b206ca3ff12b
Activity.SpanId:             be05442d1725d8bb
Activity.TraceFlags:         Recorded
Activity.ActivitySourceName: Microsoft.AspNetCore
Activity.DisplayName:        POST api/Roles
Activity.Kind:               Server
Activity.StartTime:          2025-09-11T04:19:32.4718270Z
Activity.Duration:           00:00:00.0019529
Activity.Tags:
    server.address: localhost
    http.request.method: POST
    url.scheme: http
    url.path: /api/roles
    network.protocol.version: 1.1
    http.route: api/Roles
    http.response.status_code: 201
Resource associated with Activity:
    deployment.environment: Testing
    service.name: Crud.Api
    service.version: 1.0.0
    service.instance.id: 8958bff5-028e-43b0-8103-5553bc095d18
    telemetry.sdk.name: opentelemetry
    telemetry.sdk.language: dotnet
    telemetry.sdk.version: 1.8.1
[04:19:32 DBG] Cache miss for key: name:role:concurrentrole_b17bdf7a6d854331b1b7f0adbfa709c1_2 {"SourceContext": "Infrastructure.Services.Caching.InMemoryCacheService", "ActionId": "fc95cbfc-5b3f-4a00-a430-fd9bb25cee4a", "ActionName": "Api.Controllers.RolesController.Create (Api)", "RequestId": "0HNFGT8MUJPKV", "RequestPath": "/api/roles", "Application": "Crud.Api"}
[04:19:32 DBG] Removed cache value for key: entity:role:655e408a1ab047bba7356572f9ae90d9 {"SourceContext": "Infrastructure.Services.Caching.InMemoryCacheService", "ActionId": "fc95cbfc-5b3f-4a00-a430-fd9bb25cee4a", "ActionName": "Api.Controllers.RolesController.Create (Api)", "RequestId": "0HNFGT8MUJPKV", "RequestPath": "/api/roles", "Application": "Crud.Api"}
[04:19:32 DBG] Removed cache value for key: list:role {"SourceContext": "Infrastructure.Services.Caching.InMemoryCacheService", "ActionId": "fc95cbfc-5b3f-4a00-a430-fd9bb25cee4a", "ActionName": "Api.Controllers.RolesController.Create (Api)", "RequestId": "0HNFGT8MUJPKV", "RequestPath": "/api/roles", "Application": "Crud.Api"}
[04:19:32 DBG] Invalidating cache for entity type: roles with tag: roles {"SourceContext": "Api.Services.OutputCacheInvalidationService", "ActionId": "fc95cbfc-5b3f-4a00-a430-fd9bb25cee4a", "ActionName": "Api.Controllers.RolesController.Create (Api)", "RequestId": "0HNFGT8MUJPKV", "RequestPath": "/api/roles", "Application": "Crud.Api"}
[04:19:32 INF] Successfully invalidated cache for entity type: roles {"SourceContext": "Api.Services.OutputCacheInvalidationService", "ActionId": "fc95cbfc-5b3f-4a00-a430-fd9bb25cee4a", "ActionName": "Api.Controllers.RolesController.Create (Api)", "RequestId": "0HNFGT8MUJPKV", "RequestPath": "/api/roles", "Application": "Crud.Api"}
Activity.TraceId:            fd4658a6272815b03ff35571965cf403
Activity.SpanId:             c79471f3124b4f8d
Activity.TraceFlags:         Recorded
Activity.ActivitySourceName: Microsoft.AspNetCore
Activity.DisplayName:        POST api/Roles
Activity.Kind:               Server
Activity.StartTime:          2025-09-11T04:19:32.4738603Z
Activity.Duration:           00:00:00.0013629
Activity.Tags:
    server.address: localhost
    http.request.method: POST
    url.scheme: http
    url.path: /api/roles
    network.protocol.version: 1.1
    http.route: api/Roles
    http.response.status_code: 201
Resource associated with Activity:
    deployment.environment: Testing
    service.name: Crud.Api
    service.version: 1.0.0
    service.instance.id: 8958bff5-028e-43b0-8103-5553bc095d18
    telemetry.sdk.name: opentelemetry
    telemetry.sdk.language: dotnet
    telemetry.sdk.version: 1.8.1
[04:19:32 DBG] Cache miss for key: name:role:concurrentrole_b17bdf7a6d854331b1b7f0adbfa709c1_4 {"SourceContext": "Infrastructure.Services.Caching.InMemoryCacheService", "ActionId": "fc95cbfc-5b3f-4a00-a430-fd9bb25cee4a", "ActionName": "Api.Controllers.RolesController.Create (Api)", "RequestId": "0HNFGT8MUJPL0", "RequestPath": "/api/roles", "Application": "Crud.Api"}
[04:19:32 DBG] Removed cache value for key: entity:role:fd75d0f4c63346e39579727574634718 {"SourceContext": "Infrastructure.Services.Caching.InMemoryCacheService", "ActionId": "fc95cbfc-5b3f-4a00-a430-fd9bb25cee4a", "ActionName": "Api.Controllers.RolesController.Create (Api)", "RequestId": "0HNFGT8MUJPL0", "RequestPath": "/api/roles", "Application": "Crud.Api"}
[04:19:32 DBG] Removed cache value for key: list:role {"SourceContext": "Infrastructure.Services.Caching.InMemoryCacheService", "ActionId": "fc95cbfc-5b3f-4a00-a430-fd9bb25cee4a", "ActionName": "Api.Controllers.RolesController.Create (Api)", "RequestId": "0HNFGT8MUJPL0", "RequestPath": "/api/roles", "Application": "Crud.Api"}
[04:19:32 DBG] Invalidating cache for entity type: roles with tag: roles {"SourceContext": "Api.Services.OutputCacheInvalidationService", "ActionId": "fc95cbfc-5b3f-4a00-a430-fd9bb25cee4a", "ActionName": "Api.Controllers.RolesController.Create (Api)", "RequestId": "0HNFGT8MUJPL0", "RequestPath": "/api/roles", "Application": "Crud.Api"}
[04:19:32 INF] Successfully invalidated cache for entity type: roles {"SourceContext": "Api.Services.OutputCacheInvalidationService", "ActionId": "fc95cbfc-5b3f-4a00-a430-fd9bb25cee4a", "ActionName": "Api.Controllers.RolesController.Create (Api)", "RequestId": "0HNFGT8MUJPL0", "RequestPath": "/api/roles", "Application": "Crud.Api"}
Activity.TraceId:            57c7b51fcd80954f4e6db875987456f7
Activity.SpanId:             1372f5bc374d434c
Activity.TraceFlags:         Recorded
Activity.ActivitySourceName: Microsoft.AspNetCore
Activity.DisplayName:        POST api/Roles
Activity.Kind:               Server
Activity.StartTime:          2025-09-11T04:19:32.4752980Z
Activity.Duration:           00:00:00.0015212
Activity.Tags:
    server.address: localhost
    http.request.method: POST
    url.scheme: http
    url.path: /api/roles
    network.protocol.version: 1.1
    http.route: api/Roles
    http.response.status_code: 201
Resource associated with Activity:
    deployment.environment: Testing
    service.name: Crud.Api
    service.version: 1.0.0
    service.instance.id: 8958bff5-028e-43b0-8103-5553bc095d18
    telemetry.sdk.name: opentelemetry
    telemetry.sdk.language: dotnet
    telemetry.sdk.version: 1.8.1
[04:19:32 DBG] Cache miss for key: name:role:concurrentrole_b17bdf7a6d854331b1b7f0adbfa709c1_3 {"SourceContext": "Infrastructure.Services.Caching.InMemoryCacheService", "ActionId": "fc95cbfc-5b3f-4a00-a430-fd9bb25cee4a", "ActionName": "Api.Controllers.RolesController.Create (Api)", "RequestId": "0HNFGT8MUJPL1", "RequestPath": "/api/roles", "Application": "Crud.Api"}
[04:19:32 DBG] Removed cache value for key: entity:role:32680145e11749c1b7cd89c8db2bd389 {"SourceContext": "Infrastructure.Services.Caching.InMemoryCacheService", "ActionId": "fc95cbfc-5b3f-4a00-a430-fd9bb25cee4a", "ActionName": "Api.Controllers.RolesController.Create (Api)", "RequestId": "0HNFGT8MUJPL1", "RequestPath": "/api/roles", "Application": "Crud.Api"}
[04:19:32 DBG] Removed cache value for key: list:role {"SourceContext": "Infrastructure.Services.Caching.InMemoryCacheService", "ActionId": "fc95cbfc-5b3f-4a00-a430-fd9bb25cee4a", "ActionName": "Api.Controllers.RolesController.Create (Api)", "RequestId": "0HNFGT8MUJPL1", "RequestPath": "/api/roles", "Application": "Crud.Api"}
[04:19:32 DBG] Invalidating cache for entity type: roles with tag: roles {"SourceContext": "Api.Services.OutputCacheInvalidationService", "ActionId": "fc95cbfc-5b3f-4a00-a430-fd9bb25cee4a", "ActionName": "Api.Controllers.RolesController.Create (Api)", "RequestId": "0HNFGT8MUJPL1", "RequestPath": "/api/roles", "Application": "Crud.Api"}
[04:19:32 INF] Successfully invalidated cache for entity type: roles {"SourceContext": "Api.Services.OutputCacheInvalidationService", "ActionId": "fc95cbfc-5b3f-4a00-a430-fd9bb25cee4a", "ActionName": "Api.Controllers.RolesController.Create (Api)", "RequestId": "0HNFGT8MUJPL1", "RequestPath": "/api/roles", "Application": "Crud.Api"}
Activity.TraceId:            7b59a7007eafb885770847439577cce0
Activity.SpanId:             2d8997c06317ccd1
Activity.TraceFlags:         Recorded
Activity.ActivitySourceName: Microsoft.AspNetCore
Activity.DisplayName:        POST api/Roles
Activity.Kind:               Server
Activity.StartTime:          2025-09-11T04:19:32.4768980Z
Activity.Duration:           00:00:00.0029421
Activity.Tags:
    server.address: localhost
    http.request.method: POST
    url.scheme: http
    url.path: /api/roles
    network.protocol.version: 1.1
    http.route: api/Roles
    http.response.status_code: 201
Resource associated with Activity:
    deployment.environment: Testing
    service.name: Crud.Api
    service.version: 1.0.0
    service.instance.id: 8958bff5-028e-43b0-8103-5553bc095d18
    telemetry.sdk.name: opentelemetry
    telemetry.sdk.language: dotnet
    telemetry.sdk.version: 1.8.1
[04:19:32 DBG] Cache miss for key: name:role:concurrentrole_b17bdf7a6d854331b1b7f0adbfa709c1_6 {"SourceContext": "Infrastructure.Services.Caching.InMemoryCacheService", "ActionId": "fc95cbfc-5b3f-4a00-a430-fd9bb25cee4a", "ActionName": "Api.Controllers.RolesController.Create (Api)", "RequestId": "0HNFGT8MUJPL2", "RequestPath": "/api/roles", "Application": "Crud.Api"}
[04:19:32 DBG] Removed cache value for key: entity:role:542ce5edce2743e380f62d789889a1c8 {"SourceContext": "Infrastructure.Services.Caching.InMemoryCacheService", "ActionId": "fc95cbfc-5b3f-4a00-a430-fd9bb25cee4a", "ActionName": "Api.Controllers.RolesController.Create (Api)", "RequestId": "0HNFGT8MUJPL2", "RequestPath": "/api/roles", "Application": "Crud.Api"}
[04:19:32 DBG] Removed cache value for key: list:role {"SourceContext": "Infrastructure.Services.Caching.InMemoryCacheService", "ActionId": "fc95cbfc-5b3f-4a00-a430-fd9bb25cee4a", "ActionName": "Api.Controllers.RolesController.Create (Api)", "RequestId": "0HNFGT8MUJPL2", "RequestPath": "/api/roles", "Application": "Crud.Api"}
[04:19:32 DBG] Invalidating cache for entity type: roles with tag: roles {"SourceContext": "Api.Services.OutputCacheInvalidationService", "ActionId": "fc95cbfc-5b3f-4a00-a430-fd9bb25cee4a", "ActionName": "Api.Controllers.RolesController.Create (Api)", "RequestId": "0HNFGT8MUJPL2", "RequestPath": "/api/roles", "Application": "Crud.Api"}
[04:19:32 INF] Successfully invalidated cache for entity type: roles {"SourceContext": "Api.Services.OutputCacheInvalidationService", "ActionId": "fc95cbfc-5b3f-4a00-a430-fd9bb25cee4a", "ActionName": "Api.Controllers.RolesController.Create (Api)", "RequestId": "0HNFGT8MUJPL2", "RequestPath": "/api/roles", "Application": "Crud.Api"}
Activity.TraceId:            1de90ec3b5df866d940665cfc781d011
Activity.SpanId:             e53acf5073b0f588
Activity.TraceFlags:         Recorded
Activity.ActivitySourceName: Microsoft.AspNetCore
Activity.DisplayName:        POST api/Roles
Activity.Kind:               Server
Activity.StartTime:          2025-09-11T04:19:32.4799191Z
Activity.Duration:           00:00:00.0019971
Activity.Tags:
    server.address: localhost
    http.request.method: POST
    url.scheme: http
    url.path: /api/roles
    network.protocol.version: 1.1
    http.route: api/Roles
    http.response.status_code: 201
Resource associated with Activity:
    deployment.environment: Testing
    service.name: Crud.Api
    service.version: 1.0.0
    service.instance.id: 8958bff5-028e-43b0-8103-5553bc095d18
    telemetry.sdk.name: opentelemetry
    telemetry.sdk.language: dotnet
    telemetry.sdk.version: 1.8.1
[04:19:32 DBG] Cache miss for key: name:role:concurrentrole_b17bdf7a6d854331b1b7f0adbfa709c1_0 {"SourceContext": "Infrastructure.Services.Caching.InMemoryCacheService", "ActionId": "fc95cbfc-5b3f-4a00-a430-fd9bb25cee4a", "ActionName": "Api.Controllers.RolesController.Create (Api)", "RequestId": "0HNFGT8MUJPL3", "RequestPath": "/api/roles", "Application": "Crud.Api"}
[04:19:32 DBG] Removed cache value for key: entity:role:44778f9d27fb467d8151851d08243aaa {"SourceContext": "Infrastructure.Services.Caching.InMemoryCacheService", "ActionId": "fc95cbfc-5b3f-4a00-a430-fd9bb25cee4a", "ActionName": "Api.Controllers.RolesController.Create (Api)", "RequestId": "0HNFGT8MUJPL3", "RequestPath": "/api/roles", "Application": "Crud.Api"}
[04:19:32 DBG] Removed cache value for key: list:role {"SourceContext": "Infrastructure.Services.Caching.InMemoryCacheService", "ActionId": "fc95cbfc-5b3f-4a00-a430-fd9bb25cee4a", "ActionName": "Api.Controllers.RolesController.Create (Api)", "RequestId": "0HNFGT8MUJPL3", "RequestPath": "/api/roles", "Application": "Crud.Api"}
[04:19:32 DBG] Invalidating cache for entity type: roles with tag: roles {"SourceContext": "Api.Services.OutputCacheInvalidationService", "ActionId": "fc95cbfc-5b3f-4a00-a430-fd9bb25cee4a", "ActionName": "Api.Controllers.RolesController.Create (Api)", "RequestId": "0HNFGT8MUJPL3", "RequestPath": "/api/roles", "Application": "Crud.Api"}
[04:19:32 INF] Successfully invalidated cache for entity type: roles {"SourceContext": "Api.Services.OutputCacheInvalidationService", "ActionId": "fc95cbfc-5b3f-4a00-a430-fd9bb25cee4a", "ActionName": "Api.Controllers.RolesController.Create (Api)", "RequestId": "0HNFGT8MUJPL3", "RequestPath": "/api/roles", "Application": "Crud.Api"}
Activity.TraceId:            682f4fec0d415c05f797071312177b3f
Activity.SpanId:             235f4166aed87e6c
Activity.TraceFlags:         Recorded
Activity.ActivitySourceName: Microsoft.AspNetCore
Activity.DisplayName:        POST api/Roles
Activity.Kind:               Server
Activity.StartTime:          2025-09-11T04:19:32.4819980Z
Activity.Duration:           00:00:00.0031282
Activity.Tags:
    server.address: localhost
    http.request.method: POST
    url.scheme: http
    url.path: /api/roles
    network.protocol.version: 1.1
    http.route: api/Roles
    http.response.status_code: 201
Resource associated with Activity:
    deployment.environment: Testing
    service.name: Crud.Api
    service.version: 1.0.0
    service.instance.id: 8958bff5-028e-43b0-8103-5553bc095d18
    telemetry.sdk.name: opentelemetry
    telemetry.sdk.language: dotnet
    telemetry.sdk.version: 1.8.1
[04:19:32 DBG] Cache miss for key: name:role:concurrentrole_b17bdf7a6d854331b1b7f0adbfa709c1_7 {"SourceContext": "Infrastructure.Services.Caching.InMemoryCacheService", "ActionId": "fc95cbfc-5b3f-4a00-a430-fd9bb25cee4a", "ActionName": "Api.Controllers.RolesController.Create (Api)", "RequestId": "0HNFGT8MUJPL4", "RequestPath": "/api/roles", "Application": "Crud.Api"}
[04:19:32 DBG] Removed cache value for key: entity:role:f0f99a690e904116aa3723fe025bfb94 {"SourceContext": "Infrastructure.Services.Caching.InMemoryCacheService", "ActionId": "fc95cbfc-5b3f-4a00-a430-fd9bb25cee4a", "ActionName": "Api.Controllers.RolesController.Create (Api)", "RequestId": "0HNFGT8MUJPL4", "RequestPath": "/api/roles", "Application": "Crud.Api"}
[04:19:32 DBG] Removed cache value for key: list:role {"SourceContext": "Infrastructure.Services.Caching.InMemoryCacheService", "ActionId": "fc95cbfc-5b3f-4a00-a430-fd9bb25cee4a", "ActionName": "Api.Controllers.RolesController.Create (Api)", "RequestId": "0HNFGT8MUJPL4", "RequestPath": "/api/roles", "Application": "Crud.Api"}
[04:19:32 DBG] Invalidating cache for entity type: roles with tag: roles {"SourceContext": "Api.Services.OutputCacheInvalidationService", "ActionId": "fc95cbfc-5b3f-4a00-a430-fd9bb25cee4a", "ActionName": "Api.Controllers.RolesController.Create (Api)", "RequestId": "0HNFGT8MUJPL4", "RequestPath": "/api/roles", "Application": "Crud.Api"}
[04:19:32 INF] Successfully invalidated cache for entity type: roles {"SourceContext": "Api.Services.OutputCacheInvalidationService", "ActionId": "fc95cbfc-5b3f-4a00-a430-fd9bb25cee4a", "ActionName": "Api.Controllers.RolesController.Create (Api)", "RequestId": "0HNFGT8MUJPL4", "RequestPath": "/api/roles", "Application": "Crud.Api"}
Activity.TraceId:            9b6ff485fa6b9aadaebdcc3104137398
Activity.SpanId:             fe777d6658115622
Activity.TraceFlags:         Recorded
Activity.ActivitySourceName: Microsoft.AspNetCore
Activity.DisplayName:        POST api/Roles
Activity.Kind:               Server
Activity.StartTime:          2025-09-11T04:19:32.4852003Z
Activity.Duration:           00:00:00.0025598
Activity.Tags:
    server.address: localhost
    http.request.method: POST
    url.scheme: http
    url.path: /api/roles
    network.protocol.version: 1.1
    http.route: api/Roles
    http.response.status_code: 201
Resource associated with Activity:
    deployment.environment: Testing
    service.name: Crud.Api
    service.version: 1.0.0
    service.instance.id: 8958bff5-028e-43b0-8103-5553bc095d18
    telemetry.sdk.name: opentelemetry
    telemetry.sdk.language: dotnet
    telemetry.sdk.version: 1.8.1
[04:19:32 INF] User logged in successfully: 9b13d98a-63a9-4489-bb18-16c7f5ff0d43 {"SourceContext": "App.Features.Authentication.LoginCommandHandler", "ActionId": "c0510950-c787-4ec2-aa1a-edbb553e51c7", "ActionName": "Api.Controllers.AuthController.Login (Api)", "RequestId": "0HNFGT8MUJPKR", "RequestPath": "/api/auth/login", "Application": "Crud.Api"}
Activity.TraceId:            9132ba456fead1cc4f40cb12e32396a3
Activity.SpanId:             77977f304e8ddd3f
Activity.TraceFlags:         Recorded
Activity.ActivitySourceName: Microsoft.AspNetCore
Activity.DisplayName:        POST api/Auth/login
Activity.Kind:               Server
Activity.StartTime:          2025-09-11T04:19:32.2056143Z
Activity.Duration:           00:00:00.3610716
Activity.Tags:
    server.address: localhost
    http.request.method: POST
    url.scheme: http
    url.path: /api/auth/login
    network.protocol.version: 1.1
    http.route: api/Auth/login
    http.response.status_code: 200
Resource associated with Activity:
    deployment.environment: Testing
    service.name: Crud.Api
    service.version: 1.0.0
    service.instance.id: 8958bff5-028e-43b0-8103-5553bc095d18
    telemetry.sdk.name: opentelemetry
    telemetry.sdk.language: dotnet
    telemetry.sdk.version: 1.8.1
[04:19:32 DBG] Cache miss for key: name:role:concurrentrole_b17bdf7a6d854331b1b7f0adbfa709c1_8 {"SourceContext": "Infrastructure.Services.Caching.InMemoryCacheService", "ActionId": "fc95cbfc-5b3f-4a00-a430-fd9bb25cee4a", "ActionName": "Api.Controllers.RolesController.Create (Api)", "RequestId": "0HNFGT8MUJPL5", "RequestPath": "/api/roles", "Application": "Crud.Api"}
[04:19:32 DBG] Removed cache value for key: entity:role:2bec58699134456d86fce77840dbb774 {"SourceContext": "Infrastructure.Services.Caching.InMemoryCacheService", "ActionId": "fc95cbfc-5b3f-4a00-a430-fd9bb25cee4a", "ActionName": "Api.Controllers.RolesController.Create (Api)", "RequestId": "0HNFGT8MUJPL5", "RequestPath": "/api/roles", "Application": "Crud.Api"}
[04:19:32 DBG] Removed cache value for key: list:role {"SourceContext": "Infrastructure.Services.Caching.InMemoryCacheService", "ActionId": "fc95cbfc-5b3f-4a00-a430-fd9bb25cee4a", "ActionName": "Api.Controllers.RolesController.Create (Api)", "RequestId": "0HNFGT8MUJPL5", "RequestPath": "/api/roles", "Application": "Crud.Api"}
[04:19:32 DBG] Invalidating cache for entity type: roles with tag: roles {"SourceContext": "Api.Services.OutputCacheInvalidationService", "ActionId": "fc95cbfc-5b3f-4a00-a430-fd9bb25cee4a", "ActionName": "Api.Controllers.RolesController.Create (Api)", "RequestId": "0HNFGT8MUJPL5", "RequestPath": "/api/roles", "Application": "Crud.Api"}
[04:19:32 INF] Successfully invalidated cache for entity type: roles {"SourceContext": "Api.Services.OutputCacheInvalidationService", "ActionId": "fc95cbfc-5b3f-4a00-a430-fd9bb25cee4a", "ActionName": "Api.Controllers.RolesController.Create (Api)", "RequestId": "0HNFGT8MUJPL5", "RequestPath": "/api/roles", "Application": "Crud.Api"}
Activity.TraceId:            b9dc31f60dcfb5feb46eef0e9ac8ec5d
Activity.SpanId:             96da446ca6aa4271
Activity.TraceFlags:         Recorded
Activity.ActivitySourceName: Microsoft.AspNetCore
Activity.DisplayName:        POST api/Roles
Activity.Kind:               Server
Activity.StartTime:          2025-09-11T04:19:32.5668326Z
Activity.Duration:           00:00:00.0017307
Activity.Tags:
    server.address: localhost
    http.request.method: POST
    url.scheme: http
    url.path: /api/roles
    network.protocol.version: 1.1
    http.route: api/Roles
    http.response.status_code: 201
Resource associated with Activity:
    deployment.environment: Testing
    service.name: Crud.Api
    service.version: 1.0.0
    service.instance.id: 8958bff5-028e-43b0-8103-5553bc095d18
    telemetry.sdk.name: opentelemetry
    telemetry.sdk.language: dotnet
    telemetry.sdk.version: 1.8.1
[04:19:32 INF] User logged in successfully: 783c1569-a97d-432a-a829-a46b9e3e2efc {"SourceContext": "App.Features.Authentication.LoginCommandHandler", "ActionId": "c0510950-c787-4ec2-aa1a-edbb553e51c7", "ActionName": "Api.Controllers.AuthController.Login (Api)", "RequestId": "0HNFGT8MUJPKS", "RequestPath": "/api/auth/login", "Application": "Crud.Api"}
Activity.TraceId:            2b60d632763af00d580abff6a0b1d8e0
Activity.SpanId:             38adaeacd8d880cb
Activity.TraceFlags:         Recorded
Activity.ActivitySourceName: Microsoft.AspNetCore
Activity.DisplayName:        POST api/Auth/login
Activity.Kind:               Server
Activity.StartTime:          2025-09-11T04:19:32.2462112Z
Activity.Duration:           00:00:00.3495444
Activity.Tags:
    server.address: localhost
    http.request.method: POST
    url.scheme: http
    url.path: /api/auth/login
    network.protocol.version: 1.1
    http.route: api/Auth/login
    http.response.status_code: 200
Resource associated with Activity:
    deployment.environment: Testing
    service.name: Crud.Api
    service.version: 1.0.0
    service.instance.id: 8958bff5-028e-43b0-8103-5553bc095d18
    telemetry.sdk.name: opentelemetry
    telemetry.sdk.language: dotnet
    telemetry.sdk.version: 1.8.1
[04:19:32 DBG] Cache miss for key: name:role:concurrentrole_b17bdf7a6d854331b1b7f0adbfa709c1_9 {"SourceContext": "Infrastructure.Services.Caching.InMemoryCacheService", "ActionId": "fc95cbfc-5b3f-4a00-a430-fd9bb25cee4a", "ActionName": "Api.Controllers.RolesController.Create (Api)", "RequestId": "0HNFGT8MUJPL6", "RequestPath": "/api/roles", "Application": "Crud.Api"}
[04:19:32 DBG] Removed cache value for key: entity:role:bab1672860794eb984b288f19b6c0198 {"SourceContext": "Infrastructure.Services.Caching.InMemoryCacheService", "ActionId": "fc95cbfc-5b3f-4a00-a430-fd9bb25cee4a", "ActionName": "Api.Controllers.RolesController.Create (Api)", "RequestId": "0HNFGT8MUJPL6", "RequestPath": "/api/roles", "Application": "Crud.Api"}
[04:19:32 DBG] Removed cache value for key: list:role {"SourceContext": "Infrastructure.Services.Caching.InMemoryCacheService", "ActionId": "fc95cbfc-5b3f-4a00-a430-fd9bb25cee4a", "ActionName": "Api.Controllers.RolesController.Create (Api)", "RequestId": "0HNFGT8MUJPL6", "RequestPath": "/api/roles", "Application": "Crud.Api"}
[04:19:32 DBG] Invalidating cache for entity type: roles with tag: roles {"SourceContext": "Api.Services.OutputCacheInvalidationService", "ActionId": "fc95cbfc-5b3f-4a00-a430-fd9bb25cee4a", "ActionName": "Api.Controllers.RolesController.Create (Api)", "RequestId": "0HNFGT8MUJPL6", "RequestPath": "/api/roles", "Application": "Crud.Api"}
[04:19:32 INF] Successfully invalidated cache for entity type: roles {"SourceContext": "Api.Services.OutputCacheInvalidationService", "ActionId": "fc95cbfc-5b3f-4a00-a430-fd9bb25cee4a", "ActionName": "Api.Controllers.RolesController.Create (Api)", "RequestId": "0HNFGT8MUJPL6", "RequestPath": "/api/roles", "Application": "Crud.Api"}
Activity.TraceId:            04e6e0ce9be82ed403c84bbdc280d4bb
Activity.SpanId:             2fa894e9cf9e7468
Activity.TraceFlags:         Recorded
Activity.ActivitySourceName: Microsoft.AspNetCore
Activity.DisplayName:        POST api/Roles
Activity.Kind:               Server
Activity.StartTime:          2025-09-11T04:19:32.5958467Z
Activity.Duration:           00:00:00.0014797
Activity.Tags:
    server.address: localhost
    http.request.method: POST
    url.scheme: http
    url.path: /api/roles
    network.protocol.version: 1.1
    http.route: api/Roles
    http.response.status_code: 201
Resource associated with Activity:
    deployment.environment: Testing
    service.name: Crud.Api
    service.version: 1.0.0
    service.instance.id: 8958bff5-028e-43b0-8103-5553bc095d18
    telemetry.sdk.name: opentelemetry
    telemetry.sdk.language: dotnet
    telemetry.sdk.version: 1.8.1
[04:19:32 DBG] Removed cache value for key: entity:role:5fabb0f1fdb64f9993b717b2b0a48072 {"SourceContext": "Infrastructure.Services.Caching.InMemoryCacheService", "ActionId": "fc95cbfc-5b3f-4a00-a430-fd9bb25cee4a", "ActionName": "Api.Controllers.RolesController.Create (Api)", "RequestId": "0HNFGT8MUJPKT", "RequestPath": "/api/roles", "Application": "Crud.Api"}
[04:19:32 DBG] Removed cache value for key: list:role {"SourceContext": "Infrastructure.Services.Caching.InMemoryCacheService", "ActionId": "fc95cbfc-5b3f-4a00-a430-fd9bb25cee4a", "ActionName": "Api.Controllers.RolesController.Create (Api)", "RequestId": "0HNFGT8MUJPKT", "RequestPath": "/api/roles", "Application": "Crud.Api"}
[04:19:32 DBG] Invalidating cache for entity type: roles with tag: roles {"SourceContext": "Api.Services.OutputCacheInvalidationService", "ActionId": "fc95cbfc-5b3f-4a00-a430-fd9bb25cee4a", "ActionName": "Api.Controllers.RolesController.Create (Api)", "RequestId": "0HNFGT8MUJPKT", "RequestPath": "/api/roles", "Application": "Crud.Api"}
[04:19:32 INF] Successfully invalidated cache for entity type: roles {"SourceContext": "Api.Services.OutputCacheInvalidationService", "ActionId": "fc95cbfc-5b3f-4a00-a430-fd9bb25cee4a", "ActionName": "Api.Controllers.RolesController.Create (Api)", "RequestId": "0HNFGT8MUJPKT", "RequestPath": "/api/roles", "Application": "Crud.Api"}
Activity.TraceId:            ca578d5e7225d8537c47794fee7627f5
Activity.SpanId:             c71e3af0df16a1a0
Activity.TraceFlags:         Recorded
Activity.ActivitySourceName: Microsoft.AspNetCore
Activity.DisplayName:        POST api/Roles
Activity.Kind:               Server
Activity.StartTime:          2025-09-11T04:19:32.4698488Z
Activity.Duration:           00:00:00.1542347
Activity.Tags:
    server.address: localhost
    http.request.method: POST
    url.scheme: http
    url.path: /api/roles
    network.protocol.version: 1.1
    http.route: api/Roles
    http.response.status_code: 201
Resource associated with Activity:
    deployment.environment: Testing
    service.name: Crud.Api
    service.version: 1.0.0
    service.instance.id: 8958bff5-028e-43b0-8103-5553bc095d18
    telemetry.sdk.name: opentelemetry
    telemetry.sdk.language: dotnet
    telemetry.sdk.version: 1.8.1
[04:19:32 INF] User registered successfully: b1434144-6987-4ad1-98b0-f93c7ee6412f {"SourceContext": "App.Features.Authentication.RegisterUserCommandHandler", "ActionId": "acde20d9-35d2-4ea3-a460-c8b03926d7e6", "ActionName": "Api.Controllers.AuthController.Register (Api)", "RequestId": "0HNFGT8MUJPL7", "RequestPath": "/api/auth/register", "Application": "Crud.Api"}
Activity.TraceId:            2bdd24cb64bdc8ce88fb8d4ea7a72644
Activity.SpanId:             ab41d95b88decbed
Activity.TraceFlags:         Recorded
Activity.ActivitySourceName: Microsoft.AspNetCore
Activity.DisplayName:        POST api/Auth/register
Activity.Kind:               Server
Activity.StartTime:          2025-09-11T04:19:32.6275195Z
Activity.Duration:           00:00:00.2973244
Activity.Tags:
    server.address: localhost
    http.request.method: POST
    url.scheme: http
    url.path: /api/auth/register
    network.protocol.version: 1.1
    http.route: api/Auth/register
    http.response.status_code: 200
Resource associated with Activity:
    deployment.environment: Testing
    service.name: Crud.Api
    service.version: 1.0.0
    service.instance.id: 8958bff5-028e-43b0-8103-5553bc095d18
    telemetry.sdk.name: opentelemetry
    telemetry.sdk.language: dotnet
    telemetry.sdk.version: 1.8.1
[04:19:32 DBG] Cache miss for key: list:role {"SourceContext": "Infrastructure.Services.Caching.InMemoryCacheService", "ActionId": "d749f46d-0f6e-42e3-b730-57a34b2797e8", "ActionName": "Api.Controllers.RolesController.List (Api)", "RequestId": "0HNFGT8MUJPL8", "RequestPath": "/api/roles", "Application": "Crud.Api"}
[04:19:32 DBG] Set cache value for key: list:role {"SourceContext": "Infrastructure.Services.Caching.InMemoryCacheService", "ActionId": "d749f46d-0f6e-42e3-b730-57a34b2797e8", "ActionName": "Api.Controllers.RolesController.List (Api)", "RequestId": "0HNFGT8MUJPL8", "RequestPath": "/api/roles", "Application": "Crud.Api"}
[04:19:32 DBG] Response not compressed: application/json; charset=utf-8 | Size: 1551 bytes | Path: /api/roles {"SourceContext": "Api.Middleware.CompressionPerformanceMiddleware", "RequestId": "0HNFGT8MUJPL8", "RequestPath": "/api/roles", "Application": "Crud.Api"}
Activity.TraceId:            34132d0da6e9bcd3cd6281a62b245956
Activity.SpanId:             dc6aef35644fc575
Activity.TraceFlags:         Recorded
Activity.ActivitySourceName: Microsoft.AspNetCore
Activity.DisplayName:        GET api/Roles
Activity.Kind:               Server
Activity.StartTime:          2025-09-11T04:19:32.9249279Z
Activity.Duration:           00:00:00.0007996
Activity.Tags:
    server.address: localhost
    http.request.method: GET
    url.scheme: http
    url.path: /api/roles
    network.protocol.version: 1.1
    http.route: api/Roles
    http.response.status_code: 200
Resource associated with Activity:
    deployment.environment: Testing
    service.name: Crud.Api
    service.version: 1.0.0
    service.instance.id: 8958bff5-028e-43b0-8103-5553bc095d18
    telemetry.sdk.name: opentelemetry
    telemetry.sdk.language: dotnet
    telemetry.sdk.version: 1.8.1
[04:19:32 INF] Resetting database for worker 16799 {"SourceContext": "Infrastructure.Services.DatabaseTestService", "Application": "Crud.Api"}
[04:19:32 INF] Resetting database via file deletion for worker 16799 in CI environment {"SourceContext": "Infrastructure.Services.DatabaseTestService", "Application": "Crud.Api"}
[04:19:32 INF] Acquiring database mutex for worker 16799... {"SourceContext": "Infrastructure.Services.DatabaseTestService", "Application": "Crud.Api"}
[04:19:32 INF] Database mutex acquired for worker 16799 {"SourceContext": "Infrastructure.Services.DatabaseTestService", "Application": "Crud.Api"}
[04:19:32 INF] Current database state - CanConnect: True {"SourceContext": "Infrastructure.Services.DatabaseTestService", "Application": "Crud.Api"}
[04:19:32 INF] [Phase 0] Closing database connection for worker 16799... {"SourceContext": "Infrastructure.Services.DatabaseTestService", "Application": "Crud.Api"}
[04:19:32 INF] [Phase 0] Connection closed in 0.0006ms {"SourceContext": "Infrastructure.Services.DatabaseTestService", "Application": "Crud.Api"}
[04:19:32 INF] [Phase 1] Starting EnsureDeletedAsync for worker 16799... {"SourceContext": "Infrastructure.Services.DatabaseTestService", "Application": "Crud.Api"}
[04:19:32 INF] [Phase 1] EnsureDeletedAsync completed in 1.4315ms {"SourceContext": "Infrastructure.Services.DatabaseTestService", "Application": "Crud.Api"}
Resource associated with Metric:
    deployment.environment: Testing
    service.name: Crud.Api
    service.version: 1.0.0
    service.instance.id: 8958bff5-028e-43b0-8103-5553bc095d18
    telemetry.sdk.name: opentelemetry
    telemetry.sdk.language: dotnet
    telemetry.sdk.version: 1.8.1
Metric Name: http.server.active_requests, Number of active HTTP server requests., Unit: {request}, Meter: Microsoft.AspNetCore.Hosting
(2025-09-11T04:19:22.9346470Z, 2025-09-11T04:19:32.9346599Z] http.request.method: POST url.scheme: http LongSumNonMonotonic
Value: 0
(2025-09-11T04:19:22.9346470Z, 2025-09-11T04:19:32.9346599Z] http.request.method: GET url.scheme: http LongSumNonMonotonic
Value: 0
(2025-09-11T04:19:22.9346470Z, 2025-09-11T04:19:32.9346599Z] http.request.method: PATCH url.scheme: http LongSumNonMonotonic
Value: 0
Metric Name: http.server.request.duration, Duration of HTTP server requests., Unit: s, Meter: Microsoft.AspNetCore.Hosting
(2025-09-11T04:19:22.9346632Z, 2025-09-11T04:19:32.9346623Z] http.request.method: POST http.response.status_code: 200 http.route: api/Auth/register network.protocol.version: 1.1 url.scheme: http Histogram
Value: Sum: 8.971143899999998 Count: 28 Min: 0.2973238 Max: 0.3721354 
(-Infinity,0.005]:0
(0.005,0.01]:0
(0.01,0.025]:0
(0.025,0.05]:0
(0.05,0.075]:0
(0.075,0.1]:0
(0.1,0.25]:0
(0.25,0.5]:28
(0.5,0.75]:0
(0.75,1]:0
(1,2.5]:0
(2.5,5]:0
(5,7.5]:0
(7.5,10]:0
(10,+Infinity]:0
(2025-09-11T04:19:22.9346632Z, 2025-09-11T04:19:32.9346623Z] http.request.method: GET http.response.status_code: 200 http.route: api/People network.protocol.version: 1.1 url.scheme: http Histogram
Value: Sum: 0.0099887 Count: 2 Min: 0.0003733 Max: 0.0096154 
(-Infinity,0.005]:1
(0.005,0.01]:1
(0.01,0.025]:0
(0.025,0.05]:0
(0.05,0.075]:0
(0.075,0.1]:0
(0.1,0.25]:0
(0.25,0.5]:0
(0.5,0.75]:0
(0.75,1]:0
(1,2.5]:0
(2.5,5]:0
(5,7.5]:0
(7.5,10]:0
(10,+Infinity]:0
(2025-09-11T04:19:22.9346632Z, 2025-09-11T04:19:32.9346623Z] http.request.method: GET http.response.status_code: 200 http.route: api/Walls network.protocol.version: 1.1 url.scheme: http Histogram
Value: Sum: 0.007318699999999999 Count: 2 Min: 0.0011844 Max: 0.0061343 
(-Infinity,0.005]:1
(0.005,0.01]:1
(0.01,0.025]:0
(0.025,0.05]:0
(0.05,0.075]:0
(0.075,0.1]:0
(0.1,0.25]:0
(0.25,0.5]:0
(0.5,0.75]:0
(0.75,1]:0
(1,2.5]:0
(2.5,5]:0
(5,7.5]:0
(7.5,10]:0
(10,+Infinity]:0
(2025-09-11T04:19:22.9346632Z, 2025-09-11T04:19:32.9346623Z] http.request.method: GET http.response.status_code: 200 http.route: api/Roles network.protocol.version: 1.1 url.scheme: http Histogram
Value: Sum: 0.0087866 Count: 5 Min: 0.0003465 Max: 0.005735 
(-Infinity,0.005]:4
(0.005,0.01]:1
(0.01,0.025]:0
(0.025,0.05]:0
(0.05,0.075]:0
(0.075,0.1]:0
(0.1,0.25]:0
(0.25,0.5]:0
(0.5,0.75]:0
(0.75,1]:0
(1,2.5]:0
(2.5,5]:0
(5,7.5]:0
(7.5,10]:0
(10,+Infinity]:0
(2025-09-11T04:19:22.9346632Z, 2025-09-11T04:19:32.9346623Z] http.request.method: GET http.response.status_code: 200 http.route: api/Windows network.protocol.version: 1.1 url.scheme: http Histogram
Value: Sum: 0.0088903 Count: 2 Min: 0.0013005 Max: 0.0075898 
(-Infinity,0.005]:1
(0.005,0.01]:1
(0.01,0.025]:0
(0.025,0.05]:0
(0.05,0.075]:0
(0.075,0.1]:0
(0.1,0.25]:0
(0.25,0.5]:0
(0.5,0.75]:0
(0.75,1]:0
(1,2.5]:0
(2.5,5]:0
(5,7.5]:0
(7.5,10]:0
(10,+Infinity]:0
(2025-09-11T04:19:22.9346632Z, 2025-09-11T04:19:32.9346623Z] http.request.method: POST http.response.status_code: 200 http.route: api/Auth/login network.protocol.version: 1.1 url.scheme: http Histogram
Value: Sum: 5.6401424 Count: 17 Min: 0.2986231 Max: 0.3749902 
(-Infinity,0.005]:0
(0.005,0.01]:0
(0.01,0.025]:0
(0.025,0.05]:0
(0.05,0.075]:0
(0.075,0.1]:0
(0.1,0.25]:0
(0.25,0.5]:17
(0.5,0.75]:0
(0.75,1]:0
(1,2.5]:0
(2.5,5]:0
(5,7.5]:0
(7.5,10]:0
(10,+Infinity]:0
(2025-09-11T04:19:22.9346632Z, 2025-09-11T04:19:32.9346623Z] http.request.method: POST http.response.status_code: 201 http.route: api/Walls network.protocol.version: 1.1 url.scheme: http Histogram
Value: Sum: 0.0102483 Count: 1 Min: 0.0102483 Max: 0.0102483 
(-Infinity,0.005]:0
(0.005,0.01]:0
(0.01,0.025]:1
(0.025,0.05]:0
(0.05,0.075]:0
(0.075,0.1]:0
(0.1,0.25]:0
(0.25,0.5]:0
(0.5,0.75]:0
(0.75,1]:0
(1,2.5]:0
(2.5,5]:0
(5,7.5]:0
(7.5,10]:0
(10,+Infinity]:0
(2025-09-11T04:19:22.9346632Z, 2025-09-11T04:19:32.9346623Z] http.request.method: POST http.response.status_code: 201 http.route: api/Roles network.protocol.version: 1.1 url.scheme: http Histogram
Value: Sum: 0.1788529 Count: 11 Min: 0.0013609 Max: 0.1542348 
(-Infinity,0.005]:9
(0.005,0.01]:1
(0.01,0.025]:0
(0.025,0.05]:0
(0.05,0.075]:0
(0.075,0.1]:0
(0.1,0.25]:1
(0.25,0.5]:0
(0.5,0.75]:0
(0.75,1]:0
(1,2.5]:0
(2.5,5]:0
(5,7.5]:0
(7.5,10]:0
(10,+Infinity]:0
(2025-09-11T04:19:22.9346632Z, 2025-09-11T04:19:32.9346623Z] http.request.method: POST http.response.status_code: 201 http.route: api/Windows network.protocol.version: 1.1 url.scheme: http Histogram
Value: Sum: 0.0136998 Count: 1 Min: 0.0136998 Max: 0.0136998 
(-Infinity,0.005]:0
(0.005,0.01]:0
(0.01,0.025]:1
(0.025,0.05]:0
(0.05,0.075]:0
(0.075,0.1]:0
(0.1,0.25]:0
(0.25,0.5]:0
(0.5,0.75]:0
(0.75,1]:0
(1,2.5]:0
(2.5,5]:0
(5,7.5]:0
(7.5,10]:0
(10,+Infinity]:0
(2025-09-11T04:19:22.9346632Z, 2025-09-11T04:19:32.9346623Z] http.request.method: POST http.response.status_code: 201 http.route: api/People network.protocol.version: 1.1 url.scheme: http Histogram
Value: Sum: 0.0086788 Count: 1 Min: 0.0086788 Max: 0.0086788 
(-Infinity,0.005]:0
(0.005,0.01]:1
(0.01,0.025]:0
(0.025,0.05]:0
(0.05,0.075]:0
(0.075,0.1]:0
(0.1,0.25]:0
(0.25,0.5]:0
(0.5,0.75]:0
(0.75,1]:0
(1,2.5]:0
(2.5,5]:0
(5,7.5]:0
(7.5,10]:0
(10,+Infinity]:0
(2025-09-11T04:19:22.9346632Z, 2025-09-11T04:19:32.9346623Z] http.request.method: PATCH http.response.status_code: 405 network.protocol.version: 1.1 url.scheme: http Histogram
Value: Sum: 0.0002612 Count: 1 Min: 0.0002612 Max: 0.0002612 
(-Infinity,0.005]:1
(0.005,0.01]:0
(0.01,0.025]:0
(0.025,0.05]:0
(0.05,0.075]:0
(0.075,0.1]:0
(0.1,0.25]:0
(0.25,0.5]:0
(0.5,0.75]:0
(0.75,1]:0
(1,2.5]:0
(2.5,5]:0
(5,7.5]:0
(7.5,10]:0
(10,+Infinity]:0
(2025-09-11T04:19:22.9346632Z, 2025-09-11T04:19:32.9346623Z] http.request.method: POST http.response.status_code: 400 http.route: api/Roles network.protocol.version: 1.1 url.scheme: http Histogram
Value: Sum: 0.0046692 Count: 2 Min: 0.0019526 Max: 0.0027166 
(-Infinity,0.005]:2
(0.005,0.01]:0
(0.01,0.025]:0
(0.025,0.05]:0
(0.05,0.075]:0
(0.075,0.1]:0
(0.1,0.25]:0
(0.25,0.5]:0
(0.5,0.75]:0
(0.75,1]:0
(1,2.5]:0
(2.5,5]:0
(5,7.5]:0
(7.5,10]:0
(10,+Infinity]:0
Metric Name: aspnetcore.rate_limiting.active_request_leases, Number of HTTP requests that are currently active on the server that hold a rate limiting lease., Unit: {request}, Meter: Microsoft.AspNetCore.RateLimiting
(2025-09-11T04:19:22.9363463Z, 2025-09-11T04:19:32.9346625Z] LongSumNonMonotonic
Value: 0
Metric Name: aspnetcore.rate_limiting.request_lease.duration, The duration of rate limiting leases held by HTTP requests on the server., Unit: s, Meter: Microsoft.AspNetCore.RateLimiting
(2025-09-11T04:19:22.9363692Z, 2025-09-11T04:19:32.9346630Z] Histogram
Value: Sum: 14.8518566 Count: 73 Min: 0.0001713 Max: 0.3749466 
(-Infinity,0.005]:19
(0.005,0.01]:6
(0.01,0.025]:2
(0.025,0.05]:0
(0.05,0.075]:0
(0.075,0.1]:0
(0.1,0.25]:1
(0.25,0.5]:45
(0.5,0.75]:0
(0.75,1]:0
(1,2.5]:0
(2.5,5]:0
(5,7.5]:0
(7.5,10]:0
(10,+Infinity]:0
Metric Name: aspnetcore.rate_limiting.requests, Number of requests that tried to acquire a rate limiting lease. Requests could be rejected by global or endpoint rate limiting policies. Or the request could be canceled while waiting for the lease., Unit: {request}, Meter: Microsoft.AspNetCore.RateLimiting
(2025-09-11T04:19:22.9364152Z, 2025-09-11T04:19:32.9346639Z] aspnetcore.rate_limiting.result: acquired LongSum
Value: 73
Metric Name: aspnetcore.routing.match_attempts, Number of requests that were attempted to be matched to an endpoint., Unit: {match_attempt}, Meter: Microsoft.AspNetCore.Routing
(2025-09-11T04:19:22.9372271Z, 2025-09-11T04:19:32.9346642Z] aspnetcore.routing.is_fallback: false aspnetcore.routing.match_status: success http.route: api/Auth/register LongSum
Value: 28
(2025-09-11T04:19:22.9372271Z, 2025-09-11T04:19:32.9346642Z] aspnetcore.routing.is_fallback: false aspnetcore.routing.match_status: success http.route: api/People LongSum
Value: 3
(2025-09-11T04:19:22.9372271Z, 2025-09-11T04:19:32.9346642Z] aspnetcore.routing.is_fallback: false aspnetcore.routing.match_status: success http.route: api/Walls LongSum
Value: 3
(2025-09-11T04:19:22.9372271Z, 2025-09-11T04:19:32.9346642Z] aspnetcore.routing.is_fallback: false aspnetcore.routing.match_status: success http.route: api/Roles LongSum
Value: 18
(2025-09-11T04:19:22.9372271Z, 2025-09-11T04:19:32.9346642Z] aspnetcore.routing.is_fallback: false aspnetcore.routing.match_status: success http.route: api/Windows LongSum
Value: 3
(2025-09-11T04:19:22.9372271Z, 2025-09-11T04:19:32.9346642Z] aspnetcore.routing.is_fallback: false aspnetcore.routing.match_status: success http.route: api/Auth/login LongSum
Value: 17
(2025-09-11T04:19:22.9372271Z, 2025-09-11T04:19:32.9346642Z] aspnetcore.routing.is_fallback: false aspnetcore.routing.match_status: success http.route: (missing) LongSum
Value: 1
[04:19:33 INF] [Phase 2] Starting EnsureCreatedAsync for worker 16799... {"SourceContext": "Infrastructure.Services.DatabaseTestService", "Application": "Crud.Api"}
[04:19:33 INF] [Phase 2] EnsureCreatedAsync completed in 7.4955ms {"SourceContext": "Infrastructure.Services.DatabaseTestService", "Application": "Crud.Api"}
[04:19:33 INF] [Phase 3] Skipping database seeding as requested for worker 16799 {"SourceContext": "Infrastructure.Services.DatabaseTestService", "Application": "Crud.Api"}
[04:19:33 INF] Database reset via file deletion completed for worker 16799 in 109.0595ms (Close: 0.0006ms, Delete: 1.4315ms, Create: 7.4955ms) {"SourceContext": "Infrastructure.Services.DatabaseTestService", "Application": "Crud.Api"}
[04:19:33 INF] Releasing database mutex for worker 16799 {"SourceContext": "Infrastructure.Services.DatabaseTestService", "Application": "Crud.Api"}
[04:19:33 INF] User registered successfully: 48cdfc93-e33b-4a97-980e-64a5581d7132 {"SourceContext": "App.Features.Authentication.RegisterUserCommandHandler", "ActionId": "acde20d9-35d2-4ea3-a460-c8b03926d7e6", "ActionName": "Api.Controllers.AuthController.Register (Api)", "RequestId": "0HNFGT8MUJPL9", "RequestPath": "/api/auth/register", "Application": "Crud.Api"}
Activity.TraceId:            19fd5f35a3aac2ff76c9707f01294a83
Activity.SpanId:             bb570c8fa11474ac
Activity.TraceFlags:         Recorded
Activity.ActivitySourceName: Microsoft.AspNetCore
Activity.DisplayName:        POST api/Auth/register
Activity.Kind:               Server
Activity.StartTime:          2025-09-11T04:19:33.0376429Z
Activity.Duration:           00:00:00.2977427
Activity.Tags:
    server.address: localhost
    http.request.method: POST
    url.scheme: http
    url.path: /api/auth/register
    network.protocol.version: 1.1
    http.route: api/Auth/register
    http.response.status_code: 200
Resource associated with Activity:
    deployment.environment: Testing
    service.name: Crud.Api
    service.version: 1.0.0
    service.instance.id: 8958bff5-028e-43b0-8103-5553bc095d18
    telemetry.sdk.name: opentelemetry
    telemetry.sdk.language: dotnet
    telemetry.sdk.version: 1.8.1
[04:19:33 DBG] Cache hit for key: list:role {"SourceContext": "Infrastructure.Services.Caching.InMemoryCacheService", "ActionId": "d749f46d-0f6e-42e3-b730-57a34b2797e8", "ActionName": "Api.Controllers.RolesController.List (Api)", "RequestId": "0HNFGT8MUJPLA", "RequestPath": "/api/roles", "Application": "Crud.Api"}
[04:19:33 DBG] Response not compressed: application/json; charset=utf-8 | Size: 1551 bytes | Path: /api/roles {"SourceContext": "Api.Middleware.CompressionPerformanceMiddleware", "RequestId": "0HNFGT8MUJPLA", "RequestPath": "/api/roles", "Application": "Crud.Api"}
Activity.TraceId:            3ab828e294c4c5a3e129d8cf491a164c
Activity.SpanId:             06268c355f6cfa9a
Activity.TraceFlags:         Recorded
Activity.ActivitySourceName: Microsoft.AspNetCore
Activity.DisplayName:        GET api/Roles
Activity.Kind:               Server
Activity.StartTime:          2025-09-11T04:19:33.3365495Z
Activity.Duration:           00:00:00.0004494
Activity.Tags:
    server.address: localhost
    http.request.method: GET
    url.scheme: http
    url.path: /api/roles
    network.protocol.version: 1.1
    http.route: api/Roles
    http.response.status_code: 200
Resource associated with Activity:
    deployment.environment: Testing
    service.name: Crud.Api
    service.version: 1.0.0
    service.instance.id: 8958bff5-028e-43b0-8103-5553bc095d18
    telemetry.sdk.name: opentelemetry
    telemetry.sdk.language: dotnet
    telemetry.sdk.version: 1.8.1
[04:19:33 INF] User registered successfully: 2bce07d9-cff5-41f3-8b34-21977aeb76c2 {"SourceContext": "App.Features.Authentication.RegisterUserCommandHandler", "ActionId": "acde20d9-35d2-4ea3-a460-c8b03926d7e6", "ActionName": "Api.Controllers.AuthController.Register (Api)", "RequestId": "0HNFGT8MUJPLB", "RequestPath": "/api/auth/register", "Application": "Crud.Api"}
Activity.TraceId:            020e0580c10d38138512371037cef9ff
Activity.SpanId:             1070d536b3253b91
Activity.TraceFlags:         Recorded
Activity.ActivitySourceName: Microsoft.AspNetCore
Activity.DisplayName:        POST api/Auth/register
Activity.Kind:               Server
Activity.StartTime:          2025-09-11T04:19:33.3387464Z
Activity.Duration:           00:00:00.2977914
Activity.Tags:
    server.address: localhost
    http.request.method: POST
    url.scheme: http
    url.path: /api/auth/register
    network.protocol.version: 1.1
    http.route: api/Auth/register
    http.response.status_code: 200
Resource associated with Activity:
    deployment.environment: Testing
    service.name: Crud.Api
    service.version: 1.0.0
    service.instance.id: 8958bff5-028e-43b0-8103-5553bc095d18
    telemetry.sdk.name: opentelemetry
    telemetry.sdk.language: dotnet
    telemetry.sdk.version: 1.8.1
Activity.TraceId:            d4a5d31a202c3f7dd3fdf662c924f2c0
Activity.SpanId:             b8a97f1ca687bb26
Activity.TraceFlags:         Recorded
Activity.ActivitySourceName: Microsoft.AspNetCore
Activity.DisplayName:        GET
Activity.Kind:               Server
Activity.StartTime:          2025-09-11T04:19:33.6375621Z
Activity.Duration:           00:00:00.0006369
Activity.Tags:
    server.address: localhost
    http.request.method: GET
    url.scheme: http
    url.path: /api/nonexistent
    network.protocol.version: 1.1
    http.response.status_code: 404
Resource associated with Activity:
    deployment.environment: Testing
    service.name: Crud.Api
    service.version: 1.0.0
    service.instance.id: 8958bff5-028e-43b0-8103-5553bc095d18
    telemetry.sdk.name: opentelemetry
    telemetry.sdk.language: dotnet
    telemetry.sdk.version: 1.8.1
[04:19:33 INF] Resetting database for worker 16799 {"SourceContext": "Infrastructure.Services.DatabaseTestService", "Application": "Crud.Api"}
[04:19:33 INF] Resetting database via file deletion for worker 16799 in CI environment {"SourceContext": "Infrastructure.Services.DatabaseTestService", "Application": "Crud.Api"}
[04:19:33 INF] Acquiring database mutex for worker 16799... {"SourceContext": "Infrastructure.Services.DatabaseTestService", "Application": "Crud.Api"}
[04:19:33 INF] Database mutex acquired for worker 16799 {"SourceContext": "Infrastructure.Services.DatabaseTestService", "Application": "Crud.Api"}
[04:19:33 INF] Current database state - CanConnect: True {"SourceContext": "Infrastructure.Services.DatabaseTestService", "Application": "Crud.Api"}
[04:19:33 INF] [Phase 0] Closing database connection for worker 16799... {"SourceContext": "Infrastructure.Services.DatabaseTestService", "Application": "Crud.Api"}
[04:19:33 INF] [Phase 0] Connection closed in 0.0006ms {"SourceContext": "Infrastructure.Services.DatabaseTestService", "Application": "Crud.Api"}
[04:19:33 INF] [Phase 1] Starting EnsureDeletedAsync for worker 16799... {"SourceContext": "Infrastructure.Services.DatabaseTestService", "Application": "Crud.Api"}
[04:19:33 INF] [Phase 1] EnsureDeletedAsync completed in 1.2314ms {"SourceContext": "Infrastructure.Services.DatabaseTestService", "Application": "Crud.Api"}
[04:19:33 INF] [Phase 2] Starting EnsureCreatedAsync for worker 16799... {"SourceContext": "Infrastructure.Services.DatabaseTestService", "Application": "Crud.Api"}
[04:19:33 INF] [Phase 2] EnsureCreatedAsync completed in 7.2529ms {"SourceContext": "Infrastructure.Services.DatabaseTestService", "Application": "Crud.Api"}
[04:19:33 INF] [Phase 3] Skipping database seeding as requested for worker 16799 {"SourceContext": "Infrastructure.Services.DatabaseTestService", "Application": "Crud.Api"}
[04:19:33 INF] Database reset via file deletion completed for worker 16799 in 107.919ms (Close: 0.0006ms, Delete: 1.2314ms, Create: 7.2529ms) {"SourceContext": "Infrastructure.Services.DatabaseTestService", "Application": "Crud.Api"}
[04:19:33 INF] Releasing database mutex for worker 16799 {"SourceContext": "Infrastructure.Services.DatabaseTestService", "Application": "Crud.Api"}
[04:19:34 INF] User registered successfully: b40ddb08-6878-4bf2-a935-d731e5d2c45b {"SourceContext": "App.Features.Authentication.RegisterUserCommandHandler", "ActionId": "acde20d9-35d2-4ea3-a460-c8b03926d7e6", "ActionName": "Api.Controllers.AuthController.Register (Api)", "RequestId": "0HNFGT8MUJPLD", "RequestPath": "/api/auth/register", "Application": "Crud.Api"}
Activity.TraceId:            31b56605375daf6abe30d2570075a8b2
Activity.SpanId:             91d2292e51599db0
Activity.TraceFlags:         Recorded
Activity.ActivitySourceName: Microsoft.AspNetCore
Activity.DisplayName:        POST api/Auth/register
Activity.Kind:               Server
Activity.StartTime:          2025-09-11T04:19:33.7496912Z
Activity.Duration:           00:00:00.2972270
Activity.Tags:
    server.address: localhost
    http.request.method: POST
    url.scheme: http
    url.path: /api/auth/register
    network.protocol.version: 1.1
    http.route: api/Auth/register
    http.response.status_code: 200
Resource associated with Activity:
    deployment.environment: Testing
    service.name: Crud.Api
    service.version: 1.0.0
    service.instance.id: 8958bff5-028e-43b0-8103-5553bc095d18
    telemetry.sdk.name: opentelemetry
    telemetry.sdk.language: dotnet
    telemetry.sdk.version: 1.8.1
[04:19:34 INF] User logged in successfully: b40ddb08-6878-4bf2-a935-d731e5d2c45b {"SourceContext": "App.Features.Authentication.LoginCommandHandler", "ActionId": "c0510950-c787-4ec2-aa1a-edbb553e51c7", "ActionName": "Api.Controllers.AuthController.Login (Api)", "RequestId": "0HNFGT8MUJPLE", "RequestPath": "/api/auth/login", "Application": "Crud.Api"}
Activity.TraceId:            0cc0ca59a2b742e5430dbd8a75bfa09f
Activity.SpanId:             5d6e939dc6014b6a
Activity.TraceFlags:         Recorded
Activity.ActivitySourceName: Microsoft.AspNetCore
Activity.DisplayName:        POST api/Auth/login
Activity.Kind:               Server
Activity.StartTime:          2025-09-11T04:19:34.0479304Z
Activity.Duration:           00:00:00.2972996
Activity.Tags:
    server.address: localhost
    http.request.method: POST
    url.scheme: http
    url.path: /api/auth/login
    network.protocol.version: 1.1
    http.route: api/Auth/login
    http.response.status_code: 200
Resource associated with Activity:
    deployment.environment: Testing
    service.name: Crud.Api
    service.version: 1.0.0
    service.instance.id: 8958bff5-028e-43b0-8103-5553bc095d18
    telemetry.sdk.name: opentelemetry
    telemetry.sdk.language: dotnet
    telemetry.sdk.version: 1.8.1
[04:19:34 DBG] Cache miss for key: name:role:testrole_f2ce36970c104d0ca05d496240c69471 {"SourceContext": "Infrastructure.Services.Caching.InMemoryCacheService", "ActionId": "fc95cbfc-5b3f-4a00-a430-fd9bb25cee4a", "ActionName": "Api.Controllers.RolesController.Create (Api)", "RequestId": "0HNFGT8MUJPLF", "RequestPath": "/api/roles", "Application": "Crud.Api"}
[04:19:34 DBG] Removed cache value for key: entity:role:b19d8ae3d1f24a08819a13e452f44f4a {"SourceContext": "Infrastructure.Services.Caching.InMemoryCacheService", "ActionId": "fc95cbfc-5b3f-4a00-a430-fd9bb25cee4a", "ActionName": "Api.Controllers.RolesController.Create (Api)", "RequestId": "0HNFGT8MUJPLF", "RequestPath": "/api/roles", "Application": "Crud.Api"}
[04:19:34 DBG] Removed cache value for key: list:role {"SourceContext": "Infrastructure.Services.Caching.InMemoryCacheService", "ActionId": "fc95cbfc-5b3f-4a00-a430-fd9bb25cee4a", "ActionName": "Api.Controllers.RolesController.Create (Api)", "RequestId": "0HNFGT8MUJPLF", "RequestPath": "/api/roles", "Application": "Crud.Api"}
[04:19:34 DBG] Invalidating cache for entity type: roles with tag: roles {"SourceContext": "Api.Services.OutputCacheInvalidationService", "ActionId": "fc95cbfc-5b3f-4a00-a430-fd9bb25cee4a", "ActionName": "Api.Controllers.RolesController.Create (Api)", "RequestId": "0HNFGT8MUJPLF", "RequestPath": "/api/roles", "Application": "Crud.Api"}
[04:19:34 INF] Successfully invalidated cache for entity type: roles {"SourceContext": "Api.Services.OutputCacheInvalidationService", "ActionId": "fc95cbfc-5b3f-4a00-a430-fd9bb25cee4a", "ActionName": "Api.Controllers.RolesController.Create (Api)", "RequestId": "0HNFGT8MUJPLF", "RequestPath": "/api/roles", "Application": "Crud.Api"}
Activity.TraceId:            c81f0afb74a23d765041df7cf740c7c9
Activity.SpanId:             0263f8ad2ee6629b
Activity.TraceFlags:         Recorded
Activity.ActivitySourceName: Microsoft.AspNetCore
Activity.DisplayName:        POST api/Roles
Activity.Kind:               Server
Activity.StartTime:          2025-09-11T04:19:34.3453715Z
Activity.Duration:           00:00:00.0017084
Activity.Tags:
    server.address: localhost
    http.request.method: POST
    url.scheme: http
    url.path: /api/roles
    network.protocol.version: 1.1
    http.route: api/Roles
    http.response.status_code: 201
Resource associated with Activity:
    deployment.environment: Testing
    service.name: Crud.Api
    service.version: 1.0.0
    service.instance.id: 8958bff5-028e-43b0-8103-5553bc095d18
    telemetry.sdk.name: opentelemetry
    telemetry.sdk.language: dotnet
    telemetry.sdk.version: 1.8.1
[04:19:34 INF] User registered successfully: ccebbbec-7fd2-4304-a50e-d9e2f3559cb0 {"SourceContext": "App.Features.Authentication.RegisterUserCommandHandler", "ActionId": "acde20d9-35d2-4ea3-a460-c8b03926d7e6", "ActionName": "Api.Controllers.AuthController.Register (Api)", "RequestId": "0HNFGT8MUJPLG", "RequestPath": "/api/auth/register", "Application": "Crud.Api"}
Activity.TraceId:            3c0d04106ce8feb1f17603e5a08072e1
Activity.SpanId:             645dba1ac524adbd
Activity.TraceFlags:         Recorded
Activity.ActivitySourceName: Microsoft.AspNetCore
Activity.DisplayName:        POST api/Auth/register
Activity.Kind:               Server
Activity.StartTime:          2025-09-11T04:19:34.3493017Z
Activity.Duration:           00:00:00.3027423
Activity.Tags:
    server.address: localhost
    http.request.method: POST
    url.scheme: http
    url.path: /api/auth/register
    network.protocol.version: 1.1
    http.route: api/Auth/register
    http.response.status_code: 200
Resource associated with Activity:
    deployment.environment: Testing
    service.name: Crud.Api
    service.version: 1.0.0
    service.instance.id: 8958bff5-028e-43b0-8103-5553bc095d18
    telemetry.sdk.name: opentelemetry
    telemetry.sdk.language: dotnet
    telemetry.sdk.version: 1.8.1
[04:19:34 INF] User registered successfully: 9083736f-6ab5-49ec-a4be-6fa9bf629a3b {"SourceContext": "App.Features.Authentication.RegisterUserCommandHandler", "ActionId": "acde20d9-35d2-4ea3-a460-c8b03926d7e6", "ActionName": "Api.Controllers.AuthController.Register (Api)", "RequestId": "0HNFGT8MUJPLH", "RequestPath": "/api/auth/register", "Application": "Crud.Api"}
Activity.TraceId:            692a8e36ddb720855cc3c1f7a5fff01a
Activity.SpanId:             af450ec183645582
Activity.TraceFlags:         Recorded
Activity.ActivitySourceName: Microsoft.AspNetCore
Activity.DisplayName:        POST api/Auth/register
Activity.Kind:               Server
Activity.StartTime:          2025-09-11T04:19:34.4000668Z
Activity.Duration:           00:00:00.3611512
Activity.Tags:
    server.address: localhost
    http.request.method: POST
    url.scheme: http
    url.path: /api/auth/register
    network.protocol.version: 1.1
    http.route: api/Auth/register
    http.response.status_code: 200
Resource associated with Activity:
    deployment.environment: Testing
    service.name: Crud.Api
    service.version: 1.0.0
    service.instance.id: 8958bff5-028e-43b0-8103-5553bc095d18
    telemetry.sdk.name: opentelemetry
    telemetry.sdk.language: dotnet
    telemetry.sdk.version: 1.8.1
[04:19:34 INF] User registered successfully: 04608e5c-fe82-4ae7-b419-951240ccab2c {"SourceContext": "App.Features.Authentication.RegisterUserCommandHandler", "ActionId": "acde20d9-35d2-4ea3-a460-c8b03926d7e6", "ActionName": "Api.Controllers.AuthController.Register (Api)", "RequestId": "0HNFGT8MUJPLI", "RequestPath": "/api/auth/register", "Application": "Crud.Api"}
Activity.TraceId:            d65227ec37f5f3942508478b34b1b84d
Activity.SpanId:             63ed40f4fb1fdd5c
Activity.TraceFlags:         Recorded
Activity.ActivitySourceName: Microsoft.AspNetCore
Activity.DisplayName:        POST api/Auth/register
Activity.Kind:               Server
Activity.StartTime:          2025-09-11T04:19:34.4498569Z
Activity.Duration:           00:00:00.3699875
Activity.Tags:
    server.address: localhost
    http.request.method: POST
    url.scheme: http
    url.path: /api/auth/register
    network.protocol.version: 1.1
    http.route: api/Auth/register
    http.response.status_code: 200
Resource associated with Activity:
    deployment.environment: Testing
    service.name: Crud.Api
    service.version: 1.0.0
    service.instance.id: 8958bff5-028e-43b0-8103-5553bc095d18
    telemetry.sdk.name: opentelemetry
    telemetry.sdk.language: dotnet
    telemetry.sdk.version: 1.8.1
[04:19:34 INF] User logged in successfully: ccebbbec-7fd2-4304-a50e-d9e2f3559cb0 {"SourceContext": "App.Features.Authentication.LoginCommandHandler", "ActionId": "c0510950-c787-4ec2-aa1a-edbb553e51c7", "ActionName": "Api.Controllers.AuthController.Login (Api)", "RequestId": "0HNFGT8MUJPLJ", "RequestPath": "/api/auth/login", "Application": "Crud.Api"}
Activity.TraceId:            9ffd6e3b814d018829b64fa8b3dd78b1
Activity.SpanId:             f779ad7b06a891f7
Activity.TraceFlags:         Recorded
Activity.ActivitySourceName: Microsoft.AspNetCore
Activity.DisplayName:        POST api/Auth/login
Activity.Kind:               Server
Activity.StartTime:          2025-09-11T04:19:34.6534877Z
Activity.Duration:           00:00:00.3294476
Activity.Tags:
    server.address: localhost
    http.request.method: POST
    url.scheme: http
    url.path: /api/auth/login
    network.protocol.version: 1.1
    http.route: api/Auth/login
    http.response.status_code: 200
Resource associated with Activity:
    deployment.environment: Testing
    service.name: Crud.Api
    service.version: 1.0.0
    service.instance.id: 8958bff5-028e-43b0-8103-5553bc095d18
    telemetry.sdk.name: opentelemetry
    telemetry.sdk.language: dotnet
    telemetry.sdk.version: 1.8.1
[04:19:35 INF] User logged in successfully: 9083736f-6ab5-49ec-a4be-6fa9bf629a3b {"SourceContext": "App.Features.Authentication.LoginCommandHandler", "ActionId": "c0510950-c787-4ec2-aa1a-edbb553e51c7", "ActionName": "Api.Controllers.AuthController.Login (Api)", "RequestId": "0HNFGT8MUJPLK", "RequestPath": "/api/auth/login", "Application": "Crud.Api"}
Activity.TraceId:            128e2ed7edba7a292f711781c535884e
Activity.SpanId:             eb12d0248027cec9
Activity.TraceFlags:         Recorded
Activity.ActivitySourceName: Microsoft.AspNetCore
Activity.DisplayName:        POST api/Auth/login
Activity.Kind:               Server
Activity.StartTime:          2025-09-11T04:19:34.7620742Z
Activity.Duration:           00:00:00.3732292
Activity.Tags:
    server.address: localhost
    http.request.method: POST
    url.scheme: http
    url.path: /api/auth/login
    network.protocol.version: 1.1
    http.route: api/Auth/login
    http.response.status_code: 200
Resource associated with Activity:
    deployment.environment: Testing
    service.name: Crud.Api
    service.version: 1.0.0
    service.instance.id: 8958bff5-028e-43b0-8103-5553bc095d18
    telemetry.sdk.name: opentelemetry
    telemetry.sdk.language: dotnet
    telemetry.sdk.version: 1.8.1
[04:19:35 INF] User registered successfully: 7990c6b4-8890-46da-8439-9c4162d7bf35 {"SourceContext": "App.Features.Authentication.RegisterUserCommandHandler", "ActionId": "acde20d9-35d2-4ea3-a460-c8b03926d7e6", "ActionName": "Api.Controllers.AuthController.Register (Api)", "RequestId": "0HNFGT8MUJPLM", "RequestPath": "/api/auth/register", "Application": "Crud.Api"}
Activity.TraceId:            7febb2f89ffbc6c64f685dbe3e5e6bd3
Activity.SpanId:             1d4dd1186fe9fbad
Activity.TraceFlags:         Recorded
Activity.ActivitySourceName: Microsoft.AspNetCore
Activity.DisplayName:        POST api/Auth/register
Activity.Kind:               Server
Activity.StartTime:          2025-09-11T04:19:34.8235810Z
Activity.Duration:           00:00:00.3700716
Activity.Tags:
    server.address: localhost
    http.request.method: POST
    url.scheme: http
    url.path: /api/auth/register
    network.protocol.version: 1.1
    http.route: api/Auth/register
    http.response.status_code: 200
Resource associated with Activity:
    deployment.environment: Testing
    service.name: Crud.Api
    service.version: 1.0.0
    service.instance.id: 8958bff5-028e-43b0-8103-5553bc095d18
    telemetry.sdk.name: opentelemetry
    telemetry.sdk.language: dotnet
    telemetry.sdk.version: 1.8.1
[04:19:35 DBG] Cache miss for key: entity:role:b19d8ae3d1f24a08819a13e452f44f4a {"SourceContext": "Infrastructure.Services.Caching.InMemoryCacheService", "ActionId": "b89fe4f7-d634-4f8d-b8a1-08cdcca639b6", "ActionName": "Api.Controllers.PeopleController.Create (Api)", "RequestId": "0HNFGT8MUJPLO", "RequestPath": "/api/people", "Application": "Crud.Api"}
[04:19:35 DBG] Set cache value for key: entity:role:b19d8ae3d1f24a08819a13e452f44f4a {"SourceContext": "Infrastructure.Services.Caching.InMemoryCacheService", "ActionId": "b89fe4f7-d634-4f8d-b8a1-08cdcca639b6", "ActionName": "Api.Controllers.PeopleController.Create (Api)", "RequestId": "0HNFGT8MUJPLO", "RequestPath": "/api/people", "Application": "Crud.Api"}
[04:19:35 DBG] Removed cache value for key: entity:person:48414046cf6f414283ed7ccd1ae1c14a {"SourceContext": "Infrastructure.Services.Caching.InMemoryCacheService", "ActionId": "b89fe4f7-d634-4f8d-b8a1-08cdcca639b6", "ActionName": "Api.Controllers.PeopleController.Create (Api)", "RequestId": "0HNFGT8MUJPLO", "RequestPath": "/api/people", "Application": "Crud.Api"}
[04:19:35 DBG] Removed cache value for key: list:person {"SourceContext": "Infrastructure.Services.Caching.InMemoryCacheService", "ActionId": "b89fe4f7-d634-4f8d-b8a1-08cdcca639b6", "ActionName": "Api.Controllers.PeopleController.Create (Api)", "RequestId": "0HNFGT8MUJPLO", "RequestPath": "/api/people", "Application": "Crud.Api"}
[04:19:35 DBG] Invalidating cache for entity type: people with tag: people {"SourceContext": "Api.Services.OutputCacheInvalidationService", "ActionId": "b89fe4f7-d634-4f8d-b8a1-08cdcca639b6", "ActionName": "Api.Controllers.PeopleController.Create (Api)", "RequestId": "0HNFGT8MUJPLO", "RequestPath": "/api/people", "Application": "Crud.Api"}
[04:19:35 INF] Successfully invalidated cache for entity type: people {"SourceContext": "Api.Services.OutputCacheInvalidationService", "ActionId": "b89fe4f7-d634-4f8d-b8a1-08cdcca639b6", "ActionName": "Api.Controllers.PeopleController.Create (Api)", "RequestId": "0HNFGT8MUJPLO", "RequestPath": "/api/people", "Application": "Crud.Api"}
Activity.TraceId:            78db0bc74ffc71fbe95f3decc81af7a0
Activity.SpanId:             0f0637d69c7cbbb2
Activity.TraceFlags:         Recorded
Activity.ActivitySourceName: Microsoft.AspNetCore
Activity.DisplayName:        POST api/People
Activity.Kind:               Server
Activity.StartTime:          2025-09-11T04:19:35.1945665Z
Activity.Duration:           00:00:00.0023945
Activity.Tags:
    server.address: localhost
    http.request.method: POST
    url.scheme: http
    url.path: /api/people
    network.protocol.version: 1.1
    http.route: api/People
    http.response.status_code: 201
Resource associated with Activity:
    deployment.environment: Testing
    service.name: Crud.Api
    service.version: 1.0.0
    service.instance.id: 8958bff5-028e-43b0-8103-5553bc095d18
    telemetry.sdk.name: opentelemetry
    telemetry.sdk.language: dotnet
    telemetry.sdk.version: 1.8.1
[04:19:35 INF] User logged in successfully: 04608e5c-fe82-4ae7-b419-951240ccab2c {"SourceContext": "App.Features.Authentication.LoginCommandHandler", "ActionId": "c0510950-c787-4ec2-aa1a-edbb553e51c7", "ActionName": "Api.Controllers.AuthController.Login (Api)", "RequestId": "0HNFGT8MUJPLN", "RequestPath": "/api/auth/login", "Application": "Crud.Api"}
Activity.TraceId:            15704aff236c463bc8dfb699fa3e8f45
Activity.SpanId:             82d4d08661380388
Activity.TraceFlags:         Recorded
Activity.ActivitySourceName: Microsoft.AspNetCore
Activity.DisplayName:        POST api/Auth/login
Activity.Kind:               Server
Activity.StartTime:          2025-09-11T04:19:34.9872367Z
Activity.Duration:           00:00:00.3345107
Activity.Tags:
    server.address: localhost
    http.request.method: POST
    url.scheme: http
    url.path: /api/auth/login
    network.protocol.version: 1.1
    http.route: api/Auth/login
    http.response.status_code: 200
Resource associated with Activity:
    deployment.environment: Testing
    service.name: Crud.Api
    service.version: 1.0.0
    service.instance.id: 8958bff5-028e-43b0-8103-5553bc095d18
    telemetry.sdk.name: opentelemetry
    telemetry.sdk.language: dotnet
    telemetry.sdk.version: 1.8.1
[04:19:35 DBG] Cache hit for key: entity:role:b19d8ae3d1f24a08819a13e452f44f4a {"SourceContext": "Infrastructure.Services.Caching.InMemoryCacheService", "ActionId": "b89fe4f7-d634-4f8d-b8a1-08cdcca639b6", "ActionName": "Api.Controllers.PeopleController.Create (Api)", "RequestId": "0HNFGT8MUJPLQ", "RequestPath": "/api/people", "Application": "Crud.Api"}
[04:19:35 ERR] Failed executing DbCommand (0ms) [Parameters=[@p0='b19d8ae3-d1f2-4a08-819a-13e452f44f4a', @p1='2025-09-11T04:19:34.3461065' (DbType = DateTime), @p2='Test' (Size = 4), @p3='TestRole_f2ce36970c104d0ca05d496240c69471' (Nullable = false) (Size = 41), @p4=NULL (DbType = Binary), @p5=NULL (DbType = DateTime)], CommandType='Text', CommandTimeout='30']
INSERT INTO "Roles" ("Id", "CreatedAt", "Description", "Name", "RowVersion", "UpdatedAt")
VALUES (@p0, @p1, @p2, @p3, @p4, @p5); {"EventId": {"Id": 20102, "Name": "Microsoft.EntityFrameworkCore.Database.Command.CommandError"}, "SourceContext": "Microsoft.EntityFrameworkCore.Database.Command", "ActionId": "b89fe4f7-d634-4f8d-b8a1-08cdcca639b6", "ActionName": "Api.Controllers.PeopleController.Create (Api)", "RequestId": "0HNFGT8MUJPLQ", "RequestPath": "/api/people", "Application": "Crud.Api"}
[04:19:35 ERR] An exception occurred in the database while saving changes for context type 'Infrastructure.Data.ApplicationDbContext'.
Microsoft.EntityFrameworkCore.DbUpdateException: An error occurred while saving the entity changes. See the inner exception for details.
 ---&gt; Microsoft.Data.Sqlite.SqliteException (0x80004005): SQLite Error 19: 'UNIQUE constraint failed: Roles.Name'.
   at Microsoft.Data.Sqlite.SqliteException.ThrowExceptionForRC(Int32 rc, sqlite3 db)
   at Microsoft.Data.Sqlite.SqliteDataReader.NextResult()
   at Microsoft.Data.Sqlite.SqliteCommand.ExecuteReader(CommandBehavior behavior)
   at Microsoft.Data.Sqlite.SqliteCommand.ExecuteDbDataReaderAsync(CommandBehavior behavior, CancellationToken cancellationToken)
   at Microsoft.EntityFrameworkCore.Storage.RelationalCommand.ExecuteReaderAsync(RelationalCommandParameterObject parameterObject, CancellationToken cancellationToken)
   at Microsoft.EntityFrameworkCore.Storage.RelationalCommand.ExecuteReaderAsync(RelationalCommandParameterObject parameterObject, CancellationToken cancellationToken)
   at Microsoft.EntityFrameworkCore.Update.ReaderModificationCommandBatch.ExecuteAsync(IRelationalConnection connection, CancellationToken cancellationToken)
   --- End of inner exception stack trace ---
   at Microsoft.EntityFrameworkCore.Update.ReaderModificationCommandBatch.ExecuteAsync(IRelationalConnection connection, CancellationToken cancellationToken)
   at Microsoft.EntityFrameworkCore.Update.Internal.BatchExecutor.ExecuteAsync(IEnumerable`1 commandBatches, IRelationalConnection connection, CancellationToken cancellationToken)
   at Microsoft.EntityFrameworkCore.Update.Internal.BatchExecutor.ExecuteAsync(IEnumerable`1 commandBatches, IRelationalConnection connection, CancellationToken cancellationToken)
   at Microsoft.EntityFrameworkCore.Update.Internal.BatchExecutor.ExecuteAsync(IEnumerable`1 commandBatches, IRelationalConnection connection, CancellationToken cancellationToken)
   at Microsoft.EntityFrameworkCore.ChangeTracking.Internal.StateManager.SaveChangesAsync(IList`1 entriesToSave, CancellationToken cancellationToken)
   at Microsoft.EntityFrameworkCore.ChangeTracking.Internal.StateManager.SaveChangesAsync(StateManager stateManager, Boolean acceptAllChangesOnSuccess, CancellationToken cancellationToken)
   at Microsoft.EntityFrameworkCore.DbContext.SaveChangesAsync(Boolean acceptAllChangesOnSuccess, CancellationToken cancellationToken) {"EventId": {"Id": 10000, "Name": "Microsoft.EntityFrameworkCore.Update.SaveChangesFailed"}, "SourceContext": "Microsoft.EntityFrameworkCore.Update", "ActionId": "b89fe4f7-d634-4f8d-b8a1-08cdcca639b6", "ActionName": "Api.Controllers.PeopleController.Create (Api)", "RequestId": "0HNFGT8MUJPLQ", "RequestPath": "/api/people", "Application": "Crud.Api"}
Microsoft.EntityFrameworkCore.DbUpdateException: An error occurred while saving the entity changes. See the inner exception for details.
 ---&gt; Microsoft.Data.Sqlite.SqliteException (0x80004005): SQLite Error 19: 'UNIQUE constraint failed: Roles.Name'.
   at Microsoft.Data.Sqlite.SqliteException.ThrowExceptionForRC(Int32 rc, sqlite3 db)
   at Microsoft.Data.Sqlite.SqliteDataReader.NextResult()
   at Microsoft.Data.Sqlite.SqliteCommand.ExecuteReader(CommandBehavior behavior)
   at Microsoft.Data.Sqlite.SqliteCommand.ExecuteDbDataReaderAsync(CommandBehavior behavior, CancellationToken cancellationToken)
   at Microsoft.EntityFrameworkCore.Storage.RelationalCommand.ExecuteReaderAsync(RelationalCommandParameterObject parameterObject, CancellationToken cancellationToken)
   at Microsoft.EntityFrameworkCore.Storage.RelationalCommand.ExecuteReaderAsync(RelationalCommandParameterObject parameterObject, CancellationToken cancellationToken)
   at Microsoft.EntityFrameworkCore.Update.ReaderModificationCommandBatch.ExecuteAsync(IRelationalConnection connection, CancellationToken cancellationToken)
   --- End of inner exception stack trace ---
   at Microsoft.EntityFrameworkCore.Update.ReaderModificationCommandBatch.ExecuteAsync(IRelationalConnection connection, CancellationToken cancellationToken)
   at Microsoft.EntityFrameworkCore.Update.Internal.BatchExecutor.ExecuteAsync(IEnumerable`1 commandBatches, IRelationalConnection connection, CancellationToken cancellationToken)
   at Microsoft.EntityFrameworkCore.Update.Internal.BatchExecutor.ExecuteAsync(IEnumerable`1 commandBatches, IRelationalConnection connection, CancellationToken cancellationToken)
   at Microsoft.EntityFrameworkCore.Update.Internal.BatchExecutor.ExecuteAsync(IEnumerable`1 commandBatches, IRelationalConnection connection, CancellationToken cancellationToken)
   at Microsoft.EntityFrameworkCore.ChangeTracking.Internal.StateManager.SaveChangesAsync(IList`1 entriesToSave, CancellationToken cancellationToken)
   at Microsoft.EntityFrameworkCore.ChangeTracking.Internal.StateManager.SaveChangesAsync(StateManager stateManager, Boolean acceptAllChangesOnSuccess, CancellationToken cancellationToken)
   at Microsoft.EntityFrameworkCore.DbContext.SaveChangesAsync(Boolean acceptAllChangesOnSuccess, CancellationToken cancellationToken)
[04:19:35 ERR] An unhandled exception occurred during request POST /api/people. Request ID: 0HNFGT8MUJPLQ, User: Anonymous {"SourceContext": "Api.Middleware.GlobalExceptionHandlingMiddleware", "RequestPath": "/api/people", "Application": "Crud.Api"}
System.InvalidOperationException: Failed to create person. Please check that all referenced roles exist.
 ---&gt; Microsoft.EntityFrameworkCore.DbUpdateException: An error occurred while saving the entity changes. See the inner exception for details.
 ---&gt; Microsoft.Data.Sqlite.SqliteException (0x80004005): SQLite Error 19: 'UNIQUE constraint failed: Roles.Name'.
   at Microsoft.Data.Sqlite.SqliteException.ThrowExceptionForRC(Int32 rc, sqlite3 db)
   at Microsoft.Data.Sqlite.SqliteDataReader.NextResult()
   at Microsoft.Data.Sqlite.SqliteCommand.ExecuteReader(CommandBehavior behavior)
   at Microsoft.Data.Sqlite.SqliteCommand.ExecuteDbDataReaderAsync(CommandBehavior behavior, CancellationToken cancellationToken)
   at Microsoft.EntityFrameworkCore.Storage.RelationalCommand.ExecuteReaderAsync(RelationalCommandParameterObject parameterObject, CancellationToken cancellationToken)
   at Microsoft.EntityFrameworkCore.Storage.RelationalCommand.ExecuteReaderAsync(RelationalCommandParameterObject parameterObject, CancellationToken cancellationToken)
   at Microsoft.EntityFrameworkCore.Update.ReaderModificationCommandBatch.ExecuteAsync(IRelationalConnection connection, CancellationToken cancellationToken)
   --- End of inner exception stack trace ---
   at Microsoft.EntityFrameworkCore.Update.ReaderModificationCommandBatch.ExecuteAsync(IRelationalConnection connection, CancellationToken cancellationToken)
   at Microsoft.EntityFrameworkCore.Update.Internal.BatchExecutor.ExecuteAsync(IEnumerable`1 commandBatches, IRelationalConnection connection, CancellationToken cancellationToken)
   at Microsoft.EntityFrameworkCore.Update.Internal.BatchExecutor.ExecuteAsync(IEnumerable`1 commandBatches, IRelationalConnection connection, CancellationToken cancellationToken)
   at Microsoft.EntityFrameworkCore.Update.Internal.BatchExecutor.ExecuteAsync(IEnumerable`1 commandBatches, IRelationalConnection connection, CancellationToken cancellationToken)
   at Microsoft.EntityFrameworkCore.ChangeTracking.Internal.StateManager.SaveChangesAsync(IList`1 entriesToSave, CancellationToken cancellationToken)
   at Microsoft.EntityFrameworkCore.ChangeTracking.Internal.StateManager.SaveChangesAsync(StateManager stateManager, Boolean acceptAllChangesOnSuccess, CancellationToken cancellationToken)
   at Microsoft.EntityFrameworkCore.DbContext.SaveChangesAsync(Boolean acceptAllChangesOnSuccess, CancellationToken cancellationToken)
   at Microsoft.EntityFrameworkCore.DbContext.SaveChangesAsync(Boolean acceptAllChangesOnSuccess, CancellationToken cancellationToken)
   at Infrastructure.Resilience.DbContextResilienceExtensions.&lt;&gt;c__DisplayClass0_0.&lt;&lt;SaveChangesWithRetryAsync&gt;b__0&gt;d.MoveNext() in /home/runner/work/Crud/Crud/src/Infrastructure/Resilience/ResilientDbContext.cs:line 72
--- End of stack trace from previous location ---
   at Polly.CircuitBreaker.AsyncCircuitBreakerPolicy.&lt;&gt;c__DisplayClass8_0`1.&lt;&lt;ImplementationAsync&gt;b__0&gt;d.MoveNext()
--- End of stack trace from previous location ---
   at Polly.CircuitBreaker.AsyncCircuitBreakerEngine.ImplementationAsync[TResult](Func`3 action, Context context, Boolean continueOnCapturedContext, ExceptionPredicates shouldHandleExceptionPredicates, ResultPredicates`1 shouldHandleResultPredicates, ICircuitController`1 breakerController, CancellationToken cancellationToken)
   at Polly.CircuitBreaker.AsyncCircuitBreakerPolicy.ImplementationAsync[TResult](Func`3 action, Context context, CancellationToken cancellationToken, Boolean continueOnCapturedContext)
   at Polly.AsyncPolicy.ExecuteInternalAsync[TResult](Func`3 action, Context context, Boolean continueOnCapturedContext, CancellationToken cancellationToken)
   at Polly.Retry.AsyncRetryEngine.ImplementationAsync[TResult](Func`3 action, Context context, ExceptionPredicates shouldRetryExceptionPredicates, ResultPredicates`1 shouldRetryResultPredicates, Func`5 onRetryAsync, CancellationToken cancellationToken, Int32 permittedRetryCount, IEnumerable`1 sleepDurationsEnumerable, Func`4 sleepDurationProvider, Boolean continueOnCapturedContext)
   at Polly.AsyncPolicy.ExecuteInternalAsync[TResult](Func`3 action, Context context, Boolean continueOnCapturedContext, CancellationToken cancellationToken)
   at Polly.AsyncPolicy.ExecuteInternalAsync[TResult](Func`3 action, Context context, Boolean continueOnCapturedContext, CancellationToken cancellationToken)
   at Polly.Timeout.AsyncTimeoutEngine.ImplementationAsync[TResult](Func`3 action, Context context, Func`2 timeoutProvider, TimeoutStrategy timeoutStrategy, Func`5 onTimeoutAsync, Boolean continueOnCapturedContext, CancellationToken cancellationToken)
   at Polly.Timeout.AsyncTimeoutEngine.ImplementationAsync[TResult](Func`3 action, Context context, Func`2 timeoutProvider, TimeoutStrategy timeoutStrategy, Func`5 onTimeoutAsync, Boolean continueOnCapturedContext, CancellationToken cancellationToken)
   at Polly.AsyncPolicy.ExecuteInternalAsync[TResult](Func`3 action, Context context, Boolean continueOnCapturedContext, CancellationToken cancellationToken)
   at Polly.AsyncPolicy.ExecuteInternalAsync[TResult](Func`3 action, Context context, Boolean continueOnCapturedContext, CancellationToken cancellationToken)
   at Infrastructure.Resilience.DbContextResilienceExtensions.SaveChangesWithRetryAsync(DbContext context, ILogger logger, CancellationToken cancellationToken) in /home/runner/work/Crud/Crud/src/Infrastructure/Resilience/ResilientDbContext.cs:line 70
   at Infrastructure.Repositories.EntityFramework.EfPersonRepository.AddAsync(Person person, CancellationToken ct) in /home/runner/work/Crud/Crud/src/Infrastructure/Repositories/EntityFramework/EfPersonRepository.cs:line 37
   --- End of inner exception stack trace ---
   at Infrastructure.Repositories.EntityFramework.EfPersonRepository.AddAsync(Person person, CancellationToken ct) in /home/runner/work/Crud/Crud/src/Infrastructure/Repositories/EntityFramework/EfPersonRepository.cs:line 42
   at Infrastructure.Services.Caching.CachedPersonRepositoryDecorator.AddAsync(Person entity, CancellationToken cancellationToken) in /home/runner/work/Crud/Crud/src/Infrastructure/Services/Caching/CachedRepositoryDecorator.cs:line 190
   at App.Features.People.CreatePersonCommandHandler.Handle(CreatePersonCommand request, CancellationToken cancellationToken) in /home/runner/work/Crud/Crud/src/App/Features/People/CommandHandlers.cs:line 23
   at App.Behaviors.CacheInvalidationBehavior`2.Handle(TRequest request, RequestHandlerDelegate`1 next, CancellationToken cancellationToken)
   at App.Behaviors.CachingBehavior`2.Handle(TRequest request, RequestHandlerDelegate`1 next, CancellationToken cancellationToken)
   at App.Behaviors.ValidationBehavior`2.Handle(TRequest request, RequestHandlerDelegate`1 next, CancellationToken cancellationToken)
   at Api.Controllers.PeopleController.Create(CreatePersonRequest request, CancellationToken ct) in /home/runner/work/Crud/Crud/src/Api/Controllers/PeopleController.cs:line 79
   at lambda_method2184(Closure, Object)
   at Microsoft.AspNetCore.Mvc.Infrastructure.ActionMethodExecutor.AwaitableObjectResultExecutor.Execute(ActionContext actionContext, IActionResultTypeMapper mapper, ObjectMethodExecutor executor, Object controller, Object[] arguments)
   at Microsoft.AspNetCore.Mvc.Infrastructure.ControllerActionInvoker.&lt;InvokeActionMethodAsync&gt;g__Logged|12_1(ControllerActionInvoker invoker)
   at Microsoft.AspNetCore.Mvc.Infrastructure.ControllerActionInvoker.&lt;InvokeNextActionFilterAsync&gt;g__Awaited|10_0(ControllerActionInvoker invoker, Task lastTask, State next, Scope scope, Object state, Boolean isCompleted)
   at Microsoft.AspNetCore.Mvc.Infrastructure.ControllerActionInvoker.Rethrow(ActionExecutedContextSealed context)
   at Microsoft.AspNetCore.Mvc.Infrastructure.ControllerActionInvoker.Next(State&amp; next, Scope&amp; scope, Object&amp; state, Boolean&amp; isCompleted)
   at Microsoft.AspNetCore.Mvc.Infrastructure.ControllerActionInvoker.InvokeInnerFilterAsync()
--- End of stack trace from previous location ---
   at Microsoft.AspNetCore.Mvc.Infrastructure.ResourceInvoker.&lt;InvokeFilterPipelineAsync&gt;g__Awaited|20_0(ResourceInvoker invoker, Task lastTask, State next, Scope scope, Object state, Boolean isCompleted)
   at Microsoft.AspNetCore.Mvc.Infrastructure.ResourceInvoker.&lt;InvokeAsync&gt;g__Logged|17_1(ResourceInvoker invoker)
   at Microsoft.AspNetCore.Mvc.Infrastructure.ResourceInvoker.&lt;InvokeAsync&gt;g__Logged|17_1(ResourceInvoker invoker)
   at Microsoft.AspNetCore.Authorization.AuthorizationMiddleware.Invoke(HttpContext context)
   at Microsoft.AspNetCore.Authentication.AuthenticationMiddleware.Invoke(HttpContext context)
   at Microsoft.AspNetCore.RateLimiting.RateLimitingMiddleware.InvokeInternal(HttpContext context, EnableRateLimitingAttribute enableRateLimitingAttribute)
   at Api.Middleware.GlobalExceptionHandlingMiddleware.InvokeAsync(HttpContext context) in /home/runner/work/Crud/Crud/src/Api/Middleware/GlobalExceptionHandlingMiddleware.cs:line 27
Activity.TraceId:            1296917fae0d8bfb15357b3139e6c814
Activity.SpanId:             dc26c08b7695ce3d
Activity.TraceFlags:         Recorded
Activity.ActivitySourceName: Microsoft.AspNetCore
Activity.DisplayName:        POST api/People
Activity.Kind:               Server
Activity.StartTime:          2025-09-11T04:19:35.3220450Z
Activity.Duration:           00:00:00.0198371
Activity.Tags:
    server.address: localhost
    http.request.method: POST
    url.scheme: http
    url.path: /api/people
    network.protocol.version: 1.1
    http.route: api/People
    http.response.status_code: 409
Resource associated with Activity:
    deployment.environment: Testing
    service.name: Crud.Api
    service.version: 1.0.0
    service.instance.id: 8958bff5-028e-43b0-8103-5553bc095d18
    telemetry.sdk.name: opentelemetry
    telemetry.sdk.language: dotnet
    telemetry.sdk.version: 1.8.1
[04:19:35 DBG] Cache hit for key: entity:role:b19d8ae3d1f24a08819a13e452f44f4a {"SourceContext": "Infrastructure.Services.Caching.InMemoryCacheService", "ActionId": "b89fe4f7-d634-4f8d-b8a1-08cdcca639b6", "ActionName": "Api.Controllers.PeopleController.Create (Api)", "RequestId": "0HNFGT8MUJPLR", "RequestPath": "/api/people", "Application": "Crud.Api"}
[04:19:35 ERR] Failed executing DbCommand (0ms) [Parameters=[@p0='b19d8ae3-d1f2-4a08-819a-13e452f44f4a', @p1='2025-09-11T04:19:34.3461065' (DbType = DateTime), @p2='Test' (Size = 4), @p3='TestRole_f2ce36970c104d0ca05d496240c69471' (Nullable = false) (Size = 41), @p4=NULL (DbType = Binary), @p5=NULL (DbType = DateTime)], CommandType='Text', CommandTimeout='30']
INSERT INTO "Roles" ("Id", "CreatedAt", "Description", "Name", "RowVersion", "UpdatedAt")
VALUES (@p0, @p1, @p2, @p3, @p4, @p5); {"EventId": {"Id": 20102, "Name": "Microsoft.EntityFrameworkCore.Database.Command.CommandError"}, "SourceContext": "Microsoft.EntityFrameworkCore.Database.Command", "ActionId": "b89fe4f7-d634-4f8d-b8a1-08cdcca639b6", "ActionName": "Api.Controllers.PeopleController.Create (Api)", "RequestId": "0HNFGT8MUJPLR", "RequestPath": "/api/people", "Application": "Crud.Api"}
[04:19:35 ERR] An exception occurred in the database while saving changes for context type 'Infrastructure.Data.ApplicationDbContext'.
Microsoft.EntityFrameworkCore.DbUpdateException: An error occurred while saving the entity changes. See the inner exception for details.
 ---&gt; Microsoft.Data.Sqlite.SqliteException (0x80004005): SQLite Error 19: 'UNIQUE constraint failed: Roles.Name'.
   at Microsoft.Data.Sqlite.SqliteException.ThrowExceptionForRC(Int32 rc, sqlite3 db)
   at Microsoft.Data.Sqlite.SqliteDataReader.NextResult()
   at Microsoft.Data.Sqlite.SqliteCommand.ExecuteReader(CommandBehavior behavior)
   at Microsoft.Data.Sqlite.SqliteCommand.ExecuteDbDataReaderAsync(CommandBehavior behavior, CancellationToken cancellationToken)
   at Microsoft.EntityFrameworkCore.Storage.RelationalCommand.ExecuteReaderAsync(RelationalCommandParameterObject parameterObject, CancellationToken cancellationToken)
   at Microsoft.EntityFrameworkCore.Storage.RelationalCommand.ExecuteReaderAsync(RelationalCommandParameterObject parameterObject, CancellationToken cancellationToken)
   at Microsoft.EntityFrameworkCore.Update.ReaderModificationCommandBatch.ExecuteAsync(IRelationalConnection connection, CancellationToken cancellationToken)
   --- End of inner exception stack trace ---
   at Microsoft.EntityFrameworkCore.Update.ReaderModificationCommandBatch.ExecuteAsync(IRelationalConnection connection, CancellationToken cancellationToken)
   at Microsoft.EntityFrameworkCore.Update.Internal.BatchExecutor.ExecuteAsync(IEnumerable`1 commandBatches, IRelationalConnection connection, CancellationToken cancellationToken)
   at Microsoft.EntityFrameworkCore.Update.Internal.BatchExecutor.ExecuteAsync(IEnumerable`1 commandBatches, IRelationalConnection connection, CancellationToken cancellationToken)
   at Microsoft.EntityFrameworkCore.Update.Internal.BatchExecutor.ExecuteAsync(IEnumerable`1 commandBatches, IRelationalConnection connection, CancellationToken cancellationToken)
   at Microsoft.EntityFrameworkCore.ChangeTracking.Internal.StateManager.SaveChangesAsync(IList`1 entriesToSave, CancellationToken cancellationToken)
   at Microsoft.EntityFrameworkCore.ChangeTracking.Internal.StateManager.SaveChangesAsync(StateManager stateManager, Boolean acceptAllChangesOnSuccess, CancellationToken cancellationToken)
   at Microsoft.EntityFrameworkCore.DbContext.SaveChangesAsync(Boolean acceptAllChangesOnSuccess, CancellationToken cancellationToken) {"EventId": {"Id": 10000, "Name": "Microsoft.EntityFrameworkCore.Update.SaveChangesFailed"}, "SourceContext": "Microsoft.EntityFrameworkCore.Update", "ActionId": "b89fe4f7-d634-4f8d-b8a1-08cdcca639b6", "ActionName": "Api.Controllers.PeopleController.Create (Api)", "RequestId": "0HNFGT8MUJPLR", "RequestPath": "/api/people", "Application": "Crud.Api"}
Microsoft.EntityFrameworkCore.DbUpdateException: An error occurred while saving the entity changes. See the inner exception for details.
 ---&gt; Microsoft.Data.Sqlite.SqliteException (0x80004005): SQLite Error 19: 'UNIQUE constraint failed: Roles.Name'.
   at Microsoft.Data.Sqlite.SqliteException.ThrowExceptionForRC(Int32 rc, sqlite3 db)
   at Microsoft.Data.Sqlite.SqliteDataReader.NextResult()
   at Microsoft.Data.Sqlite.SqliteCommand.ExecuteReader(CommandBehavior behavior)
   at Microsoft.Data.Sqlite.SqliteCommand.ExecuteDbDataReaderAsync(CommandBehavior behavior, CancellationToken cancellationToken)
   at Microsoft.EntityFrameworkCore.Storage.RelationalCommand.ExecuteReaderAsync(RelationalCommandParameterObject parameterObject, CancellationToken cancellationToken)
   at Microsoft.EntityFrameworkCore.Storage.RelationalCommand.ExecuteReaderAsync(RelationalCommandParameterObject parameterObject, CancellationToken cancellationToken)
   at Microsoft.EntityFrameworkCore.Update.ReaderModificationCommandBatch.ExecuteAsync(IRelationalConnection connection, CancellationToken cancellationToken)
   --- End of inner exception stack trace ---
   at Microsoft.EntityFrameworkCore.Update.ReaderModificationCommandBatch.ExecuteAsync(IRelationalConnection connection, CancellationToken cancellationToken)
   at Microsoft.EntityFrameworkCore.Update.Internal.BatchExecutor.ExecuteAsync(IEnumerable`1 commandBatches, IRelationalConnection connection, CancellationToken cancellationToken)
   at Microsoft.EntityFrameworkCore.Update.Internal.BatchExecutor.ExecuteAsync(IEnumerable`1 commandBatches, IRelationalConnection connection, CancellationToken cancellationToken)
   at Microsoft.EntityFrameworkCore.Update.Internal.BatchExecutor.ExecuteAsync(IEnumerable`1 commandBatches, IRelationalConnection connection, CancellationToken cancellationToken)
   at Microsoft.EntityFrameworkCore.ChangeTracking.Internal.StateManager.SaveChangesAsync(IList`1 entriesToSave, CancellationToken cancellationToken)
   at Microsoft.EntityFrameworkCore.ChangeTracking.Internal.StateManager.SaveChangesAsync(StateManager stateManager, Boolean acceptAllChangesOnSuccess, CancellationToken cancellationToken)
   at Microsoft.EntityFrameworkCore.DbContext.SaveChangesAsync(Boolean acceptAllChangesOnSuccess, CancellationToken cancellationToken)
[04:19:35 ERR] An unhandled exception occurred during request POST /api/people. Request ID: 0HNFGT8MUJPLR, User: Anonymous {"SourceContext": "Api.Middleware.GlobalExceptionHandlingMiddleware", "RequestPath": "/api/people", "Application": "Crud.Api"}
System.InvalidOperationException: Failed to create person. Please check that all referenced roles exist.
 ---&gt; Microsoft.EntityFrameworkCore.DbUpdateException: An error occurred while saving the entity changes. See the inner exception for details.
 ---&gt; Microsoft.Data.Sqlite.SqliteException (0x80004005): SQLite Error 19: 'UNIQUE constraint failed: Roles.Name'.
   at Microsoft.Data.Sqlite.SqliteException.ThrowExceptionForRC(Int32 rc, sqlite3 db)
   at Microsoft.Data.Sqlite.SqliteDataReader.NextResult()
   at Microsoft.Data.Sqlite.SqliteCommand.ExecuteReader(CommandBehavior behavior)
   at Microsoft.Data.Sqlite.SqliteCommand.ExecuteDbDataReaderAsync(CommandBehavior behavior, CancellationToken cancellationToken)
   at Microsoft.EntityFrameworkCore.Storage.RelationalCommand.ExecuteReaderAsync(RelationalCommandParameterObject parameterObject, CancellationToken cancellationToken)
   at Microsoft.EntityFrameworkCore.Storage.RelationalCommand.ExecuteReaderAsync(RelationalCommandParameterObject parameterObject, CancellationToken cancellationToken)
   at Microsoft.EntityFrameworkCore.Update.ReaderModificationCommandBatch.ExecuteAsync(IRelationalConnection connection, CancellationToken cancellationToken)
   --- End of inner exception stack trace ---
   at Microsoft.EntityFrameworkCore.Update.ReaderModificationCommandBatch.ExecuteAsync(IRelationalConnection connection, CancellationToken cancellationToken)
   at Microsoft.EntityFrameworkCore.Update.Internal.BatchExecutor.ExecuteAsync(IEnumerable`1 commandBatches, IRelationalConnection connection, CancellationToken cancellationToken)
   at Microsoft.EntityFrameworkCore.Update.Internal.BatchExecutor.ExecuteAsync(IEnumerable`1 commandBatches, IRelationalConnection connection, CancellationToken cancellationToken)
   at Microsoft.EntityFrameworkCore.Update.Internal.BatchExecutor.ExecuteAsync(IEnumerable`1 commandBatches, IRelationalConnection connection, CancellationToken cancellationToken)
   at Microsoft.EntityFrameworkCore.ChangeTracking.Internal.StateManager.SaveChangesAsync(IList`1 entriesToSave, CancellationToken cancellationToken)
   at Microsoft.EntityFrameworkCore.ChangeTracking.Internal.StateManager.SaveChangesAsync(StateManager stateManager, Boolean acceptAllChangesOnSuccess, CancellationToken cancellationToken)
   at Microsoft.EntityFrameworkCore.DbContext.SaveChangesAsync(Boolean acceptAllChangesOnSuccess, CancellationToken cancellationToken)
   at Microsoft.EntityFrameworkCore.DbContext.SaveChangesAsync(Boolean acceptAllChangesOnSuccess, CancellationToken cancellationToken)
   at Infrastructure.Resilience.DbContextResilienceExtensions.&lt;&gt;c__DisplayClass0_0.&lt;&lt;SaveChangesWithRetryAsync&gt;b__0&gt;d.MoveNext() in /home/runner/work/Crud/Crud/src/Infrastructure/Resilience/ResilientDbContext.cs:line 72
--- End of stack trace from previous location ---
   at Polly.CircuitBreaker.AsyncCircuitBreakerPolicy.&lt;&gt;c__DisplayClass8_0`1.&lt;&lt;ImplementationAsync&gt;b__0&gt;d.MoveNext()
--- End of stack trace from previous location ---
   at Polly.CircuitBreaker.AsyncCircuitBreakerEngine.ImplementationAsync[TResult](Func`3 action, Context context, Boolean continueOnCapturedContext, ExceptionPredicates shouldHandleExceptionPredicates, ResultPredicates`1 shouldHandleResultPredicates, ICircuitController`1 breakerController, CancellationToken cancellationToken)
   at Polly.CircuitBreaker.AsyncCircuitBreakerPolicy.ImplementationAsync[TResult](Func`3 action, Context context, CancellationToken cancellationToken, Boolean continueOnCapturedContext)
   at Polly.AsyncPolicy.ExecuteInternalAsync[TResult](Func`3 action, Context context, Boolean continueOnCapturedContext, CancellationToken cancellationToken)
   at Polly.Retry.AsyncRetryEngine.ImplementationAsync[TResult](Func`3 action, Context context, ExceptionPredicates shouldRetryExceptionPredicates, ResultPredicates`1 shouldRetryResultPredicates, Func`5 onRetryAsync, CancellationToken cancellationToken, Int32 permittedRetryCount, IEnumerable`1 sleepDurationsEnumerable, Func`4 sleepDurationProvider, Boolean continueOnCapturedContext)
   at Polly.AsyncPolicy.ExecuteInternalAsync[TResult](Func`3 action, Context context, Boolean continueOnCapturedContext, CancellationToken cancellationToken)
   at Polly.AsyncPolicy.ExecuteInternalAsync[TResult](Func`3 action, Context context, Boolean continueOnCapturedContext, CancellationToken cancellationToken)
   at Polly.Timeout.AsyncTimeoutEngine.ImplementationAsync[TResult](Func`3 action, Context context, Func`2 timeoutProvider, TimeoutStrategy timeoutStrategy, Func`5 onTimeoutAsync, Boolean continueOnCapturedContext, CancellationToken cancellationToken)
   at Polly.Timeout.AsyncTimeoutEngine.ImplementationAsync[TResult](Func`3 action, Context context, Func`2 timeoutProvider, TimeoutStrategy timeoutStrategy, Func`5 onTimeoutAsync, Boolean continueOnCapturedContext, CancellationToken cancellationToken)
   at Polly.AsyncPolicy.ExecuteInternalAsync[TResult](Func`3 action, Context context, Boolean continueOnCapturedContext, CancellationToken cancellationToken)
   at Polly.AsyncPolicy.ExecuteInternalAsync[TResult](Func`3 action, Context context, Boolean continueOnCapturedContext, CancellationToken cancellationToken)
   at Infrastructure.Resilience.DbContextResilienceExtensions.SaveChangesWithRetryAsync(DbContext context, ILogger logger, CancellationToken cancellationToken) in /home/runner/work/Crud/Crud/src/Infrastructure/Resilience/ResilientDbContext.cs:line 70
   at Infrastructure.Repositories.EntityFramework.EfPersonRepository.AddAsync(Person person, CancellationToken ct) in /home/runner/work/Crud/Crud/src/Infrastructure/Repositories/EntityFramework/EfPersonRepository.cs:line 37
   --- End of inner exception stack trace ---
   at Infrastructure.Repositories.EntityFramework.EfPersonRepository.AddAsync(Person person, CancellationToken ct) in /home/runner/work/Crud/Crud/src/Infrastructure/Repositories/EntityFramework/EfPersonRepository.cs:line 42
   at Infrastructure.Services.Caching.CachedPersonRepositoryDecorator.AddAsync(Person entity, CancellationToken cancellationToken) in /home/runner/work/Crud/Crud/src/Infrastructure/Services/Caching/CachedRepositoryDecorator.cs:line 190
   at App.Features.People.CreatePersonCommandHandler.Handle(CreatePersonCommand request, CancellationToken cancellationToken) in /home/runner/work/Crud/Crud/src/App/Features/People/CommandHandlers.cs:line 23
   at App.Behaviors.CacheInvalidationBehavior`2.Handle(TRequest request, RequestHandlerDelegate`1 next, CancellationToken cancellationToken)
   at App.Behaviors.CachingBehavior`2.Handle(TRequest request, RequestHandlerDelegate`1 next, CancellationToken cancellationToken)
   at App.Behaviors.ValidationBehavior`2.Handle(TRequest request, RequestHandlerDelegate`1 next, CancellationToken cancellationToken)
   at Api.Controllers.PeopleController.Create(CreatePersonRequest request, CancellationToken ct) in /home/runner/work/Crud/Crud/src/Api/Controllers/PeopleController.cs:line 79
   at lambda_method2184(Closure, Object)
   at Microsoft.AspNetCore.Mvc.Infrastructure.ActionMethodExecutor.AwaitableObjectResultExecutor.Execute(ActionContext actionContext, IActionResultTypeMapper mapper, ObjectMethodExecutor executor, Object controller, Object[] arguments)
   at Microsoft.AspNetCore.Mvc.Infrastructure.ControllerActionInvoker.&lt;InvokeActionMethodAsync&gt;g__Logged|12_1(ControllerActionInvoker invoker)
   at Microsoft.AspNetCore.Mvc.Infrastructure.ControllerActionInvoker.&lt;InvokeNextActionFilterAsync&gt;g__Awaited|10_0(ControllerActionInvoker invoker, Task lastTask, State next, Scope scope, Object state, Boolean isCompleted)
   at Microsoft.AspNetCore.Mvc.Infrastructure.ControllerActionInvoker.Rethrow(ActionExecutedContextSealed context)
   at Microsoft.AspNetCore.Mvc.Infrastructure.ControllerActionInvoker.Next(State&amp; next, Scope&amp; scope, Object&amp; state, Boolean&amp; isCompleted)
   at Microsoft.AspNetCore.Mvc.Infrastructure.ControllerActionInvoker.InvokeInnerFilterAsync()
--- End of stack trace from previous location ---
   at Microsoft.AspNetCore.Mvc.Infrastructure.ResourceInvoker.&lt;InvokeFilterPipelineAsync&gt;g__Awaited|20_0(ResourceInvoker invoker, Task lastTask, State next, Scope scope, Object state, Boolean isCompleted)
   at Microsoft.AspNetCore.Mvc.Infrastructure.ResourceInvoker.&lt;InvokeAsync&gt;g__Logged|17_1(ResourceInvoker invoker)
   at Microsoft.AspNetCore.Mvc.Infrastructure.ResourceInvoker.&lt;InvokeAsync&gt;g__Logged|17_1(ResourceInvoker invoker)
   at Microsoft.AspNetCore.Authorization.AuthorizationMiddleware.Invoke(HttpContext context)
   at Microsoft.AspNetCore.Authentication.AuthenticationMiddleware.Invoke(HttpContext context)
   at Microsoft.AspNetCore.RateLimiting.RateLimitingMiddleware.InvokeInternal(HttpContext context, EnableRateLimitingAttribute enableRateLimitingAttribute)
   at Api.Middleware.GlobalExceptionHandlingMiddleware.InvokeAsync(HttpContext context) in /home/runner/work/Crud/Crud/src/Api/Middleware/GlobalExceptionHandlingMiddleware.cs:line 27
Activity.TraceId:            58d31ecb978c71e0cfbec4e5e9a752e3
Activity.SpanId:             1835e0e38c2adefb
Activity.TraceFlags:         Recorded
Activity.ActivitySourceName: Microsoft.AspNetCore
Activity.DisplayName:        POST api/People
Activity.Kind:               Server
Activity.StartTime:          2025-09-11T04:19:35.3419879Z
Activity.Duration:           00:00:00.0059341
Activity.Tags:
    server.address: localhost
    http.request.method: POST
    url.scheme: http
    url.path: /api/people
    network.protocol.version: 1.1
    http.route: api/People
    http.response.status_code: 409
Resource associated with Activity:
    deployment.environment: Testing
    service.name: Crud.Api
    service.version: 1.0.0
    service.instance.id: 8958bff5-028e-43b0-8103-5553bc095d18
    telemetry.sdk.name: opentelemetry
    telemetry.sdk.language: dotnet
    telemetry.sdk.version: 1.8.1
[04:19:35 INF] User registered successfully: a87e8c72-7686-45a5-9967-5bc534f2e74d {"SourceContext": "App.Features.Authentication.RegisterUserCommandHandler", "ActionId": "acde20d9-35d2-4ea3-a460-c8b03926d7e6", "ActionName": "Api.Controllers.AuthController.Register (Api)", "RequestId": "0HNFGT8MUJPLL", "RequestPath": "/api/auth/register", "Application": "Crud.Api"}
Activity.TraceId:            652c9e5b3d994936594525fac7871053
Activity.SpanId:             54906238cca13841
Activity.TraceFlags:         Recorded
Activity.ActivitySourceName: Microsoft.AspNetCore
Activity.DisplayName:        POST api/Auth/register
Activity.Kind:               Server
Activity.StartTime:          2025-09-11T04:19:34.8202839Z
Activity.Duration:           00:00:00.5303015
Activity.Tags:
    server.address: localhost
    http.request.method: POST
    url.scheme: http
    url.path: /api/auth/register
    network.protocol.version: 1.1
    http.route: api/Auth/register
    http.response.status_code: 200
Resource associated with Activity:
    deployment.environment: Testing
    service.name: Crud.Api
    service.version: 1.0.0
    service.instance.id: 8958bff5-028e-43b0-8103-5553bc095d18
    telemetry.sdk.name: opentelemetry
    telemetry.sdk.language: dotnet
    telemetry.sdk.version: 1.8.1
[04:19:35 INF] User logged in successfully: 7990c6b4-8890-46da-8439-9c4162d7bf35 {"SourceContext": "App.Features.Authentication.LoginCommandHandler", "ActionId": "c0510950-c787-4ec2-aa1a-edbb553e51c7", "ActionName": "Api.Controllers.AuthController.Login (Api)", "RequestId": "0HNFGT8MUJPLP", "RequestPath": "/api/auth/login", "Application": "Crud.Api"}
Activity.TraceId:            b858b6a1183e90620fb0842f2f68342b
Activity.SpanId:             a31eaf198722d975
Activity.TraceFlags:         Recorded
Activity.ActivitySourceName: Microsoft.AspNetCore
Activity.DisplayName:        POST api/Auth/login
Activity.Kind:               Server
Activity.StartTime:          2025-09-11T04:19:35.1973074Z
Activity.Duration:           00:00:00.3116442
Activity.Tags:
    server.address: localhost
    http.request.method: POST
    url.scheme: http
    url.path: /api/auth/login
    network.protocol.version: 1.1
    http.route: api/Auth/login
    http.response.status_code: 200
Resource associated with Activity:
    deployment.environment: Testing
    service.name: Crud.Api
    service.version: 1.0.0
    service.instance.id: 8958bff5-028e-43b0-8103-5553bc095d18
    telemetry.sdk.name: opentelemetry
    telemetry.sdk.language: dotnet
    telemetry.sdk.version: 1.8.1
[04:19:35 DBG] Cache hit for key: entity:role:b19d8ae3d1f24a08819a13e452f44f4a {"SourceContext": "Infrastructure.Services.Caching.InMemoryCacheService", "ActionId": "b89fe4f7-d634-4f8d-b8a1-08cdcca639b6", "ActionName": "Api.Controllers.PeopleController.Create (Api)", "RequestId": "0HNFGT8MUJPLT", "RequestPath": "/api/people", "Application": "Crud.Api"}
[04:19:35 ERR] Failed executing DbCommand (0ms) [Parameters=[@p0='b19d8ae3-d1f2-4a08-819a-13e452f44f4a', @p1='2025-09-11T04:19:34.3461065' (DbType = DateTime), @p2='Test' (Size = 4), @p3='TestRole_f2ce36970c104d0ca05d496240c69471' (Nullable = false) (Size = 41), @p4=NULL (DbType = Binary), @p5=NULL (DbType = DateTime)], CommandType='Text', CommandTimeout='30']
INSERT INTO "Roles" ("Id", "CreatedAt", "Description", "Name", "RowVersion", "UpdatedAt")
VALUES (@p0, @p1, @p2, @p3, @p4, @p5); {"EventId": {"Id": 20102, "Name": "Microsoft.EntityFrameworkCore.Database.Command.CommandError"}, "SourceContext": "Microsoft.EntityFrameworkCore.Database.Command", "ActionId": "b89fe4f7-d634-4f8d-b8a1-08cdcca639b6", "ActionName": "Api.Controllers.PeopleController.Create (Api)", "RequestId": "0HNFGT8MUJPLT", "RequestPath": "/api/people", "Application": "Crud.Api"}
[04:19:35 ERR] An exception occurred in the database while saving changes for context type 'Infrastructure.Data.ApplicationDbContext'.
Microsoft.EntityFrameworkCore.DbUpdateException: An error occurred while saving the entity changes. See the inner exception for details.
 ---&gt; Microsoft.Data.Sqlite.SqliteException (0x80004005): SQLite Error 19: 'UNIQUE constraint failed: Roles.Name'.
   at Microsoft.Data.Sqlite.SqliteException.ThrowExceptionForRC(Int32 rc, sqlite3 db)
   at Microsoft.Data.Sqlite.SqliteDataReader.NextResult()
   at Microsoft.Data.Sqlite.SqliteCommand.ExecuteReader(CommandBehavior behavior)
   at Microsoft.Data.Sqlite.SqliteCommand.ExecuteDbDataReaderAsync(CommandBehavior behavior, CancellationToken cancellationToken)
   at Microsoft.EntityFrameworkCore.Storage.RelationalCommand.ExecuteReaderAsync(RelationalCommandParameterObject parameterObject, CancellationToken cancellationToken)
   at Microsoft.EntityFrameworkCore.Storage.RelationalCommand.ExecuteReaderAsync(RelationalCommandParameterObject parameterObject, CancellationToken cancellationToken)
   at Microsoft.EntityFrameworkCore.Update.ReaderModificationCommandBatch.ExecuteAsync(IRelationalConnection connection, CancellationToken cancellationToken)
   --- End of inner exception stack trace ---
   at Microsoft.EntityFrameworkCore.Update.ReaderModificationCommandBatch.ExecuteAsync(IRelationalConnection connection, CancellationToken cancellationToken)
   at Microsoft.EntityFrameworkCore.Update.Internal.BatchExecutor.ExecuteAsync(IEnumerable`1 commandBatches, IRelationalConnection connection, CancellationToken cancellationToken)
   at Microsoft.EntityFrameworkCore.Update.Internal.BatchExecutor.ExecuteAsync(IEnumerable`1 commandBatches, IRelationalConnection connection, CancellationToken cancellationToken)
   at Microsoft.EntityFrameworkCore.Update.Internal.BatchExecutor.ExecuteAsync(IEnumerable`1 commandBatches, IRelationalConnection connection, CancellationToken cancellationToken)
   at Microsoft.EntityFrameworkCore.ChangeTracking.Internal.StateManager.SaveChangesAsync(IList`1 entriesToSave, CancellationToken cancellationToken)
   at Microsoft.EntityFrameworkCore.ChangeTracking.Internal.StateManager.SaveChangesAsync(StateManager stateManager, Boolean acceptAllChangesOnSuccess, CancellationToken cancellationToken)
   at Microsoft.EntityFrameworkCore.DbContext.SaveChangesAsync(Boolean acceptAllChangesOnSuccess, CancellationToken cancellationToken) {"EventId": {"Id": 10000, "Name": "Microsoft.EntityFrameworkCore.Update.SaveChangesFailed"}, "SourceContext": "Microsoft.EntityFrameworkCore.Update", "ActionId": "b89fe4f7-d634-4f8d-b8a1-08cdcca639b6", "ActionName": "Api.Controllers.PeopleController.Create (Api)", "RequestId": "0HNFGT8MUJPLT", "RequestPath": "/api/people", "Application": "Crud.Api"}
Microsoft.EntityFrameworkCore.DbUpdateException: An error occurred while saving the entity changes. See the inner exception for details.
 ---&gt; Microsoft.Data.Sqlite.SqliteException (0x80004005): SQLite Error 19: 'UNIQUE constraint failed: Roles.Name'.
   at Microsoft.Data.Sqlite.SqliteException.ThrowExceptionForRC(Int32 rc, sqlite3 db)
   at Microsoft.Data.Sqlite.SqliteDataReader.NextResult()
   at Microsoft.Data.Sqlite.SqliteCommand.ExecuteReader(CommandBehavior behavior)
   at Microsoft.Data.Sqlite.SqliteCommand.ExecuteDbDataReaderAsync(CommandBehavior behavior, CancellationToken cancellationToken)
   at Microsoft.EntityFrameworkCore.Storage.RelationalCommand.ExecuteReaderAsync(RelationalCommandParameterObject parameterObject, CancellationToken cancellationToken)
   at Microsoft.EntityFrameworkCore.Storage.RelationalCommand.ExecuteReaderAsync(RelationalCommandParameterObject parameterObject, CancellationToken cancellationToken)
   at Microsoft.EntityFrameworkCore.Update.ReaderModificationCommandBatch.ExecuteAsync(IRelationalConnection connection, CancellationToken cancellationToken)
   --- End of inner exception stack trace ---
   at Microsoft.EntityFrameworkCore.Update.ReaderModificationCommandBatch.ExecuteAsync(IRelationalConnection connection, CancellationToken cancellationToken)
   at Microsoft.EntityFrameworkCore.Update.Internal.BatchExecutor.ExecuteAsync(IEnumerable`1 commandBatches, IRelationalConnection connection, CancellationToken cancellationToken)
   at Microsoft.EntityFrameworkCore.Update.Internal.BatchExecutor.ExecuteAsync(IEnumerable`1 commandBatches, IRelationalConnection connection, CancellationToken cancellationToken)
   at Microsoft.EntityFrameworkCore.Update.Internal.BatchExecutor.ExecuteAsync(IEnumerable`1 commandBatches, IRelationalConnection connection, CancellationToken cancellationToken)
   at Microsoft.EntityFrameworkCore.ChangeTracking.Internal.StateManager.SaveChangesAsync(IList`1 entriesToSave, CancellationToken cancellationToken)
   at Microsoft.EntityFrameworkCore.ChangeTracking.Internal.StateManager.SaveChangesAsync(StateManager stateManager, Boolean acceptAllChangesOnSuccess, CancellationToken cancellationToken)
   at Microsoft.EntityFrameworkCore.DbContext.SaveChangesAsync(Boolean acceptAllChangesOnSuccess, CancellationToken cancellationToken)
[04:19:35 ERR] An unhandled exception occurred during request POST /api/people. Request ID: 0HNFGT8MUJPLT, User: Anonymous {"SourceContext": "Api.Middleware.GlobalExceptionHandlingMiddleware", "RequestPath": "/api/people", "Application": "Crud.Api"}
System.InvalidOperationException: Failed to create person. Please check that all referenced roles exist.
 ---&gt; Microsoft.EntityFrameworkCore.DbUpdateException: An error occurred while saving the entity changes. See the inner exception for details.
 ---&gt; Microsoft.Data.Sqlite.SqliteException (0x80004005): SQLite Error 19: 'UNIQUE constraint failed: Roles.Name'.
   at Microsoft.Data.Sqlite.SqliteException.ThrowExceptionForRC(Int32 rc, sqlite3 db)
   at Microsoft.Data.Sqlite.SqliteDataReader.NextResult()
   at Microsoft.Data.Sqlite.SqliteCommand.ExecuteReader(CommandBehavior behavior)
   at Microsoft.Data.Sqlite.SqliteCommand.ExecuteDbDataReaderAsync(CommandBehavior behavior, CancellationToken cancellationToken)
   at Microsoft.EntityFrameworkCore.Storage.RelationalCommand.ExecuteReaderAsync(RelationalCommandParameterObject parameterObject, CancellationToken cancellationToken)
   at Microsoft.EntityFrameworkCore.Storage.RelationalCommand.ExecuteReaderAsync(RelationalCommandParameterObject parameterObject, CancellationToken cancellationToken)
   at Microsoft.EntityFrameworkCore.Update.ReaderModificationCommandBatch.ExecuteAsync(IRelationalConnection connection, CancellationToken cancellationToken)
   --- End of inner exception stack trace ---
   at Microsoft.EntityFrameworkCore.Update.ReaderModificationCommandBatch.ExecuteAsync(IRelationalConnection connection, CancellationToken cancellationToken)
   at Microsoft.EntityFrameworkCore.Update.Internal.BatchExecutor.ExecuteAsync(IEnumerable`1 commandBatches, IRelationalConnection connection, CancellationToken cancellationToken)
   at Microsoft.EntityFrameworkCore.Update.Internal.BatchExecutor.ExecuteAsync(IEnumerable`1 commandBatches, IRelationalConnection connection, CancellationToken cancellationToken)
   at Microsoft.EntityFrameworkCore.Update.Internal.BatchExecutor.ExecuteAsync(IEnumerable`1 commandBatches, IRelationalConnection connection, CancellationToken cancellationToken)
   at Microsoft.EntityFrameworkCore.ChangeTracking.Internal.StateManager.SaveChangesAsync(IList`1 entriesToSave, CancellationToken cancellationToken)
   at Microsoft.EntityFrameworkCore.ChangeTracking.Internal.StateManager.SaveChangesAsync(StateManager stateManager, Boolean acceptAllChangesOnSuccess, CancellationToken cancellationToken)
   at Microsoft.EntityFrameworkCore.DbContext.SaveChangesAsync(Boolean acceptAllChangesOnSuccess, CancellationToken cancellationToken)
   at Microsoft.EntityFrameworkCore.DbContext.SaveChangesAsync(Boolean acceptAllChangesOnSuccess, CancellationToken cancellationToken)
   at Infrastructure.Resilience.DbContextResilienceExtensions.&lt;&gt;c__DisplayClass0_0.&lt;&lt;SaveChangesWithRetryAsync&gt;b__0&gt;d.MoveNext() in /home/runner/work/Crud/Crud/src/Infrastructure/Resilience/ResilientDbContext.cs:line 72
--- End of stack trace from previous location ---
   at Polly.CircuitBreaker.AsyncCircuitBreakerPolicy.&lt;&gt;c__DisplayClass8_0`1.&lt;&lt;ImplementationAsync&gt;b__0&gt;d.MoveNext()
--- End of stack trace from previous location ---
   at Polly.CircuitBreaker.AsyncCircuitBreakerEngine.ImplementationAsync[TResult](Func`3 action, Context context, Boolean continueOnCapturedContext, ExceptionPredicates shouldHandleExceptionPredicates, ResultPredicates`1 shouldHandleResultPredicates, ICircuitController`1 breakerController, CancellationToken cancellationToken)
   at Polly.CircuitBreaker.AsyncCircuitBreakerPolicy.ImplementationAsync[TResult](Func`3 action, Context context, CancellationToken cancellationToken, Boolean continueOnCapturedContext)
   at Polly.AsyncPolicy.ExecuteInternalAsync[TResult](Func`3 action, Context context, Boolean continueOnCapturedContext, CancellationToken cancellationToken)
   at Polly.Retry.AsyncRetryEngine.ImplementationAsync[TResult](Func`3 action, Context context, ExceptionPredicates shouldRetryExceptionPredicates, ResultPredicates`1 shouldRetryResultPredicates, Func`5 onRetryAsync, CancellationToken cancellationToken, Int32 permittedRetryCount, IEnumerable`1 sleepDurationsEnumerable, Func`4 sleepDurationProvider, Boolean continueOnCapturedContext)
   at Polly.AsyncPolicy.ExecuteInternalAsync[TResult](Func`3 action, Context context, Boolean continueOnCapturedContext, CancellationToken cancellationToken)
   at Polly.AsyncPolicy.ExecuteInternalAsync[TResult](Func`3 action, Context context, Boolean continueOnCapturedContext, CancellationToken cancellationToken)
   at Polly.Timeout.AsyncTimeoutEngine.ImplementationAsync[TResult](Func`3 action, Context context, Func`2 timeoutProvider, TimeoutStrategy timeoutStrategy, Func`5 onTimeoutAsync, Boolean continueOnCapturedContext, CancellationToken cancellationToken)
   at Polly.Timeout.AsyncTimeoutEngine.ImplementationAsync[TResult](Func`3 action, Context context, Func`2 timeoutProvider, TimeoutStrategy timeoutStrategy, Func`5 onTimeoutAsync, Boolean continueOnCapturedContext, CancellationToken cancellationToken)
   at Polly.AsyncPolicy.ExecuteInternalAsync[TResult](Func`3 action, Context context, Boolean continueOnCapturedContext, CancellationToken cancellationToken)
   at Polly.AsyncPolicy.ExecuteInternalAsync[TResult](Func`3 action, Context context, Boolean continueOnCapturedContext, CancellationToken cancellationToken)
   at Infrastructure.Resilience.DbContextResilienceExtensions.SaveChangesWithRetryAsync(DbContext context, ILogger logger, CancellationToken cancellationToken) in /home/runner/work/Crud/Crud/src/Infrastructure/Resilience/ResilientDbContext.cs:line 70
   at Infrastructure.Repositories.EntityFramework.EfPersonRepository.AddAsync(Person person, CancellationToken ct) in /home/runner/work/Crud/Crud/src/Infrastructure/Repositories/EntityFramework/EfPersonRepository.cs:line 37
   --- End of inner exception stack trace ---
   at Infrastructure.Repositories.EntityFramework.EfPersonRepository.AddAsync(Person person, CancellationToken ct) in /home/runner/work/Crud/Crud/src/Infrastructure/Repositories/EntityFramework/EfPersonRepository.cs:line 42
   at Infrastructure.Services.Caching.CachedPersonRepositoryDecorator.AddAsync(Person entity, CancellationToken cancellationToken) in /home/runner/work/Crud/Crud/src/Infrastructure/Services/Caching/CachedRepositoryDecorator.cs:line 190
   at App.Features.People.CreatePersonCommandHandler.Handle(CreatePersonCommand request, CancellationToken cancellationToken) in /home/runner/work/Crud/Crud/src/App/Features/People/CommandHandlers.cs:line 23
   at App.Behaviors.CacheInvalidationBehavior`2.Handle(TRequest request, RequestHandlerDelegate`1 next, CancellationToken cancellationToken)
   at App.Behaviors.CachingBehavior`2.Handle(TRequest request, RequestHandlerDelegate`1 next, CancellationToken cancellationToken)
   at App.Behaviors.ValidationBehavior`2.Handle(TRequest request, RequestHandlerDelegate`1 next, CancellationToken cancellationToken)
   at Api.Controllers.PeopleController.Create(CreatePersonRequest request, CancellationToken ct) in /home/runner/work/Crud/Crud/src/Api/Controllers/PeopleController.cs:line 79
   at lambda_method2184(Closure, Object)
   at Microsoft.AspNetCore.Mvc.Infrastructure.ActionMethodExecutor.AwaitableObjectResultExecutor.Execute(ActionContext actionContext, IActionResultTypeMapper mapper, ObjectMethodExecutor executor, Object controller, Object[] arguments)
   at Microsoft.AspNetCore.Mvc.Infrastructure.ControllerActionInvoker.&lt;InvokeActionMethodAsync&gt;g__Logged|12_1(ControllerActionInvoker invoker)
   at Microsoft.AspNetCore.Mvc.Infrastructure.ControllerActionInvoker.&lt;InvokeNextActionFilterAsync&gt;g__Awaited|10_0(ControllerActionInvoker invoker, Task lastTask, State next, Scope scope, Object state, Boolean isCompleted)
   at Microsoft.AspNetCore.Mvc.Infrastructure.ControllerActionInvoker.Rethrow(ActionExecutedContextSealed context)
   at Microsoft.AspNetCore.Mvc.Infrastructure.ControllerActionInvoker.Next(State&amp; next, Scope&amp; scope, Object&amp; state, Boolean&amp; isCompleted)
   at Microsoft.AspNetCore.Mvc.Infrastructure.ControllerActionInvoker.InvokeInnerFilterAsync()
--- End of stack trace from previous location ---
   at Microsoft.AspNetCore.Mvc.Infrastructure.ResourceInvoker.&lt;InvokeFilterPipelineAsync&gt;g__Awaited|20_0(ResourceInvoker invoker, Task lastTask, State next, Scope scope, Object state, Boolean isCompleted)
   at Microsoft.AspNetCore.Mvc.Infrastructure.ResourceInvoker.&lt;InvokeAsync&gt;g__Logged|17_1(ResourceInvoker invoker)
   at Microsoft.AspNetCore.Mvc.Infrastructure.ResourceInvoker.&lt;InvokeAsync&gt;g__Logged|17_1(ResourceInvoker invoker)
   at Microsoft.AspNetCore.Authorization.AuthorizationMiddleware.Invoke(HttpContext context)
   at Microsoft.AspNetCore.Authentication.AuthenticationMiddleware.Invoke(HttpContext context)
   at Microsoft.AspNetCore.RateLimiting.RateLimitingMiddleware.InvokeInternal(HttpContext context, EnableRateLimitingAttribute enableRateLimitingAttribute)
   at Api.Middleware.GlobalExceptionHandlingMiddleware.InvokeAsync(HttpContext context) in /home/runner/work/Crud/Crud/src/Api/Middleware/GlobalExceptionHandlingMiddleware.cs:line 27
Activity.TraceId:            0fd94c07d27fde684770baeea4fcaa93
Activity.SpanId:             570e8f7a3af8dc8f
Activity.TraceFlags:         Recorded
Activity.ActivitySourceName: Microsoft.AspNetCore
Activity.DisplayName:        POST api/People
Activity.Kind:               Server
Activity.StartTime:          2025-09-11T04:19:35.5091053Z
Activity.Duration:           00:00:00.0116740
Activity.Tags:
    server.address: localhost
    http.request.method: POST
    url.scheme: http
    url.path: /api/people
    network.protocol.version: 1.1
    http.route: api/People
    http.response.status_code: 409
Resource associated with Activity:
    deployment.environment: Testing
    service.name: Crud.Api
    service.version: 1.0.0
    service.instance.id: 8958bff5-028e-43b0-8103-5553bc095d18
    telemetry.sdk.name: opentelemetry
    telemetry.sdk.language: dotnet
    telemetry.sdk.version: 1.8.1
[04:19:35 INF] User logged in successfully: a87e8c72-7686-45a5-9967-5bc534f2e74d {"SourceContext": "App.Features.Authentication.LoginCommandHandler", "ActionId": "c0510950-c787-4ec2-aa1a-edbb553e51c7", "ActionName": "Api.Controllers.AuthController.Login (Api)", "RequestId": "0HNFGT8MUJPLS", "RequestPath": "/api/auth/login", "Application": "Crud.Api"}
Activity.TraceId:            db770421504e0fed3b34fca8f36d92c6
Activity.SpanId:             dd8d7f25892df876
Activity.TraceFlags:         Recorded
Activity.ActivitySourceName: Microsoft.AspNetCore
Activity.DisplayName:        POST api/Auth/login
Activity.Kind:               Server
Activity.StartTime:          2025-09-11T04:19:35.3515186Z
Activity.Duration:           00:00:00.3081928
Activity.Tags:
    server.address: localhost
    http.request.method: POST
    url.scheme: http
    url.path: /api/auth/login
    network.protocol.version: 1.1
    http.route: api/Auth/login
    http.response.status_code: 200
Resource associated with Activity:
    deployment.environment: Testing
    service.name: Crud.Api
    service.version: 1.0.0
    service.instance.id: 8958bff5-028e-43b0-8103-5553bc095d18
    telemetry.sdk.name: opentelemetry
    telemetry.sdk.language: dotnet
    telemetry.sdk.version: 1.8.1
[04:19:35 DBG] Cache hit for key: entity:role:b19d8ae3d1f24a08819a13e452f44f4a {"SourceContext": "Infrastructure.Services.Caching.InMemoryCacheService", "ActionId": "b89fe4f7-d634-4f8d-b8a1-08cdcca639b6", "ActionName": "Api.Controllers.PeopleController.Create (Api)", "RequestId": "0HNFGT8MUJPLU", "RequestPath": "/api/people", "Application": "Crud.Api"}
[04:19:35 ERR] Failed executing DbCommand (0ms) [Parameters=[@p0='b19d8ae3-d1f2-4a08-819a-13e452f44f4a', @p1='2025-09-11T04:19:34.3461065' (DbType = DateTime), @p2='Test' (Size = 4), @p3='TestRole_f2ce36970c104d0ca05d496240c69471' (Nullable = false) (Size = 41), @p4=NULL (DbType = Binary), @p5=NULL (DbType = DateTime)], CommandType='Text', CommandTimeout='30']
INSERT INTO "Roles" ("Id", "CreatedAt", "Description", "Name", "RowVersion", "UpdatedAt")
VALUES (@p0, @p1, @p2, @p3, @p4, @p5); {"EventId": {"Id": 20102, "Name": "Microsoft.EntityFrameworkCore.Database.Command.CommandError"}, "SourceContext": "Microsoft.EntityFrameworkCore.Database.Command", "ActionId": "b89fe4f7-d634-4f8d-b8a1-08cdcca639b6", "ActionName": "Api.Controllers.PeopleController.Create (Api)", "RequestId": "0HNFGT8MUJPLU", "RequestPath": "/api/people", "Application": "Crud.Api"}
[04:19:35 ERR] An exception occurred in the database while saving changes for context type 'Infrastructure.Data.ApplicationDbContext'.
Microsoft.EntityFrameworkCore.DbUpdateException: An error occurred while saving the entity changes. See the inner exception for details.
 ---&gt; Microsoft.Data.Sqlite.SqliteException (0x80004005): SQLite Error 19: 'UNIQUE constraint failed: Roles.Name'.
   at Microsoft.Data.Sqlite.SqliteException.ThrowExceptionForRC(Int32 rc, sqlite3 db)
   at Microsoft.Data.Sqlite.SqliteDataReader.NextResult()
   at Microsoft.Data.Sqlite.SqliteCommand.ExecuteReader(CommandBehavior behavior)
   at Microsoft.Data.Sqlite.SqliteCommand.ExecuteDbDataReaderAsync(CommandBehavior behavior, CancellationToken cancellationToken)
   at Microsoft.EntityFrameworkCore.Storage.RelationalCommand.ExecuteReaderAsync(RelationalCommandParameterObject parameterObject, CancellationToken cancellationToken)
   at Microsoft.EntityFrameworkCore.Storage.RelationalCommand.ExecuteReaderAsync(RelationalCommandParameterObject parameterObject, CancellationToken cancellationToken)
   at Microsoft.EntityFrameworkCore.Update.ReaderModificationCommandBatch.ExecuteAsync(IRelationalConnection connection, CancellationToken cancellationToken)
   --- End of inner exception stack trace ---
   at Microsoft.EntityFrameworkCore.Update.ReaderModificationCommandBatch.ExecuteAsync(IRelationalConnection connection, CancellationToken cancellationToken)
   at Microsoft.EntityFrameworkCore.Update.Internal.BatchExecutor.ExecuteAsync(IEnumerable`1 commandBatches, IRelationalConnection connection, CancellationToken cancellationToken)
   at Microsoft.EntityFrameworkCore.Update.Internal.BatchExecutor.ExecuteAsync(IEnumerable`1 commandBatches, IRelationalConnection connection, CancellationToken cancellationToken)
   at Microsoft.EntityFrameworkCore.Update.Internal.BatchExecutor.ExecuteAsync(IEnumerable`1 commandBatches, IRelationalConnection connection, CancellationToken cancellationToken)
   at Microsoft.EntityFrameworkCore.ChangeTracking.Internal.StateManager.SaveChangesAsync(IList`1 entriesToSave, CancellationToken cancellationToken)
   at Microsoft.EntityFrameworkCore.ChangeTracking.Internal.StateManager.SaveChangesAsync(StateManager stateManager, Boolean acceptAllChangesOnSuccess, CancellationToken cancellationToken)
   at Microsoft.EntityFrameworkCore.DbContext.SaveChangesAsync(Boolean acceptAllChangesOnSuccess, CancellationToken cancellationToken) {"EventId": {"Id": 10000, "Name": "Microsoft.EntityFrameworkCore.Update.SaveChangesFailed"}, "SourceContext": "Microsoft.EntityFrameworkCore.Update", "ActionId": "b89fe4f7-d634-4f8d-b8a1-08cdcca639b6", "ActionName": "Api.Controllers.PeopleController.Create (Api)", "RequestId": "0HNFGT8MUJPLU", "RequestPath": "/api/people", "Application": "Crud.Api"}
Microsoft.EntityFrameworkCore.DbUpdateException: An error occurred while saving the entity changes. See the inner exception for details.
 ---&gt; Microsoft.Data.Sqlite.SqliteException (0x80004005): SQLite Error 19: 'UNIQUE constraint failed: Roles.Name'.
   at Microsoft.Data.Sqlite.SqliteException.ThrowExceptionForRC(Int32 rc, sqlite3 db)
   at Microsoft.Data.Sqlite.SqliteDataReader.NextResult()
   at Microsoft.Data.Sqlite.SqliteCommand.ExecuteReader(CommandBehavior behavior)
   at Microsoft.Data.Sqlite.SqliteCommand.ExecuteDbDataReaderAsync(CommandBehavior behavior, CancellationToken cancellationToken)
   at Microsoft.EntityFrameworkCore.Storage.RelationalCommand.ExecuteReaderAsync(RelationalCommandParameterObject parameterObject, CancellationToken cancellationToken)
   at Microsoft.EntityFrameworkCore.Storage.RelationalCommand.ExecuteReaderAsync(RelationalCommandParameterObject parameterObject, CancellationToken cancellationToken)
   at Microsoft.EntityFrameworkCore.Update.ReaderModificationCommandBatch.ExecuteAsync(IRelationalConnection connection, CancellationToken cancellationToken)
   --- End of inner exception stack trace ---
   at Microsoft.EntityFrameworkCore.Update.ReaderModificationCommandBatch.ExecuteAsync(IRelationalConnection connection, CancellationToken cancellationToken)
   at Microsoft.EntityFrameworkCore.Update.Internal.BatchExecutor.ExecuteAsync(IEnumerable`1 commandBatches, IRelationalConnection connection, CancellationToken cancellationToken)
   at Microsoft.EntityFrameworkCore.Update.Internal.BatchExecutor.ExecuteAsync(IEnumerable`1 commandBatches, IRelationalConnection connection, CancellationToken cancellationToken)
   at Microsoft.EntityFrameworkCore.Update.Internal.BatchExecutor.ExecuteAsync(IEnumerable`1 commandBatches, IRelationalConnection connection, CancellationToken cancellationToken)
   at Microsoft.EntityFrameworkCore.ChangeTracking.Internal.StateManager.SaveChangesAsync(IList`1 entriesToSave, CancellationToken cancellationToken)
   at Microsoft.EntityFrameworkCore.ChangeTracking.Internal.StateManager.SaveChangesAsync(StateManager stateManager, Boolean acceptAllChangesOnSuccess, CancellationToken cancellationToken)
   at Microsoft.EntityFrameworkCore.DbContext.SaveChangesAsync(Boolean acceptAllChangesOnSuccess, CancellationToken cancellationToken)
[04:19:35 ERR] An unhandled exception occurred during request POST /api/people. Request ID: 0HNFGT8MUJPLU, User: Anonymous {"SourceContext": "Api.Middleware.GlobalExceptionHandlingMiddleware", "RequestPath": "/api/people", "Application": "Crud.Api"}
System.InvalidOperationException: Failed to create person. Please check that all referenced roles exist.
 ---&gt; Microsoft.EntityFrameworkCore.DbUpdateException: An error occurred while saving the entity changes. See the inner exception for details.
 ---&gt; Microsoft.Data.Sqlite.SqliteException (0x80004005): SQLite Error 19: 'UNIQUE constraint failed: Roles.Name'.
   at Microsoft.Data.Sqlite.SqliteException.ThrowExceptionForRC(Int32 rc, sqlite3 db)
   at Microsoft.Data.Sqlite.SqliteDataReader.NextResult()
   at Microsoft.Data.Sqlite.SqliteCommand.ExecuteReader(CommandBehavior behavior)
   at Microsoft.Data.Sqlite.SqliteCommand.ExecuteDbDataReaderAsync(CommandBehavior behavior, CancellationToken cancellationToken)
   at Microsoft.EntityFrameworkCore.Storage.RelationalCommand.ExecuteReaderAsync(RelationalCommandParameterObject parameterObject, CancellationToken cancellationToken)
   at Microsoft.EntityFrameworkCore.Storage.RelationalCommand.ExecuteReaderAsync(RelationalCommandParameterObject parameterObject, CancellationToken cancellationToken)
   at Microsoft.EntityFrameworkCore.Update.ReaderModificationCommandBatch.ExecuteAsync(IRelationalConnection connection, CancellationToken cancellationToken)
   --- End of inner exception stack trace ---
   at Microsoft.EntityFrameworkCore.Update.ReaderModificationCommandBatch.ExecuteAsync(IRelationalConnection connection, CancellationToken cancellationToken)
   at Microsoft.EntityFrameworkCore.Update.Internal.BatchExecutor.ExecuteAsync(IEnumerable`1 commandBatches, IRelationalConnection connection, CancellationToken cancellationToken)
   at Microsoft.EntityFrameworkCore.Update.Internal.BatchExecutor.ExecuteAsync(IEnumerable`1 commandBatches, IRelationalConnection connection, CancellationToken cancellationToken)
   at Microsoft.EntityFrameworkCore.Update.Internal.BatchExecutor.ExecuteAsync(IEnumerable`1 commandBatches, IRelationalConnection connection, CancellationToken cancellationToken)
   at Microsoft.EntityFrameworkCore.ChangeTracking.Internal.StateManager.SaveChangesAsync(IList`1 entriesToSave, CancellationToken cancellationToken)
   at Microsoft.EntityFrameworkCore.ChangeTracking.Internal.StateManager.SaveChangesAsync(StateManager stateManager, Boolean acceptAllChangesOnSuccess, CancellationToken cancellationToken)
   at Microsoft.EntityFrameworkCore.DbContext.SaveChangesAsync(Boolean acceptAllChangesOnSuccess, CancellationToken cancellationToken)
   at Microsoft.EntityFrameworkCore.DbContext.SaveChangesAsync(Boolean acceptAllChangesOnSuccess, CancellationToken cancellationToken)
   at Infrastructure.Resilience.DbContextResilienceExtensions.&lt;&gt;c__DisplayClass0_0.&lt;&lt;SaveChangesWithRetryAsync&gt;b__0&gt;d.MoveNext() in /home/runner/work/Crud/Crud/src/Infrastructure/Resilience/ResilientDbContext.cs:line 72
--- End of stack trace from previous location ---
   at Polly.CircuitBreaker.AsyncCircuitBreakerPolicy.&lt;&gt;c__DisplayClass8_0`1.&lt;&lt;ImplementationAsync&gt;b__0&gt;d.MoveNext()
--- End of stack trace from previous location ---
   at Polly.CircuitBreaker.AsyncCircuitBreakerEngine.ImplementationAsync[TResult](Func`3 action, Context context, Boolean continueOnCapturedContext, ExceptionPredicates shouldHandleExceptionPredicates, ResultPredicates`1 shouldHandleResultPredicates, ICircuitController`1 breakerController, CancellationToken cancellationToken)
   at Polly.CircuitBreaker.AsyncCircuitBreakerPolicy.ImplementationAsync[TResult](Func`3 action, Context context, CancellationToken cancellationToken, Boolean continueOnCapturedContext)
   at Polly.AsyncPolicy.ExecuteInternalAsync[TResult](Func`3 action, Context context, Boolean continueOnCapturedContext, CancellationToken cancellationToken)
   at Polly.Retry.AsyncRetryEngine.ImplementationAsync[TResult](Func`3 action, Context context, ExceptionPredicates shouldRetryExceptionPredicates, ResultPredicates`1 shouldRetryResultPredicates, Func`5 onRetryAsync, CancellationToken cancellationToken, Int32 permittedRetryCount, IEnumerable`1 sleepDurationsEnumerable, Func`4 sleepDurationProvider, Boolean continueOnCapturedContext)
   at Polly.AsyncPolicy.ExecuteInternalAsync[TResult](Func`3 action, Context context, Boolean continueOnCapturedContext, CancellationToken cancellationToken)
   at Polly.AsyncPolicy.ExecuteInternalAsync[TResult](Func`3 action, Context context, Boolean continueOnCapturedContext, CancellationToken cancellationToken)
   at Polly.Timeout.AsyncTimeoutEngine.ImplementationAsync[TResult](Func`3 action, Context context, Func`2 timeoutProvider, TimeoutStrategy timeoutStrategy, Func`5 onTimeoutAsync, Boolean continueOnCapturedContext, CancellationToken cancellationToken)
   at Polly.Timeout.AsyncTimeoutEngine.ImplementationAsync[TResult](Func`3 action, Context context, Func`2 timeoutProvider, TimeoutStrategy timeoutStrategy, Func`5 onTimeoutAsync, Boolean continueOnCapturedContext, CancellationToken cancellationToken)
   at Polly.AsyncPolicy.ExecuteInternalAsync[TResult](Func`3 action, Context context, Boolean continueOnCapturedContext, CancellationToken cancellationToken)
   at Polly.AsyncPolicy.ExecuteInternalAsync[TResult](Func`3 action, Context context, Boolean continueOnCapturedContext, CancellationToken cancellationToken)
   at Infrastructure.Resilience.DbContextResilienceExtensions.SaveChangesWithRetryAsync(DbContext context, ILogger logger, CancellationToken cancellationToken) in /home/runner/work/Crud/Crud/src/Infrastructure/Resilience/ResilientDbContext.cs:line 70
   at Infrastructure.Repositories.EntityFramework.EfPersonRepository.AddAsync(Person person, CancellationToken ct) in /home/runner/work/Crud/Crud/src/Infrastructure/Repositories/EntityFramework/EfPersonRepository.cs:line 37
   --- End of inner exception stack trace ---
   at Infrastructure.Repositories.EntityFramework.EfPersonRepository.AddAsync(Person person, CancellationToken ct) in /home/runner/work/Crud/Crud/src/Infrastructure/Repositories/EntityFramework/EfPersonRepository.cs:line 42
   at Infrastructure.Services.Caching.CachedPersonRepositoryDecorator.AddAsync(Person entity, CancellationToken cancellationToken) in /home/runner/work/Crud/Crud/src/Infrastructure/Services/Caching/CachedRepositoryDecorator.cs:line 190
   at App.Features.People.CreatePersonCommandHandler.Handle(CreatePersonCommand request, CancellationToken cancellationToken) in /home/runner/work/Crud/Crud/src/App/Features/People/CommandHandlers.cs:line 23
   at App.Behaviors.CacheInvalidationBehavior`2.Handle(TRequest request, RequestHandlerDelegate`1 next, CancellationToken cancellationToken)
   at App.Behaviors.CachingBehavior`2.Handle(TRequest request, RequestHandlerDelegate`1 next, CancellationToken cancellationToken)
   at App.Behaviors.ValidationBehavior`2.Handle(TRequest request, RequestHandlerDelegate`1 next, CancellationToken cancellationToken)
   at Api.Controllers.PeopleController.Create(CreatePersonRequest request, CancellationToken ct) in /home/runner/work/Crud/Crud/src/Api/Controllers/PeopleController.cs:line 79
   at lambda_method2184(Closure, Object)
   at Microsoft.AspNetCore.Mvc.Infrastructure.ActionMethodExecutor.AwaitableObjectResultExecutor.Execute(ActionContext actionContext, IActionResultTypeMapper mapper, ObjectMethodExecutor executor, Object controller, Object[] arguments)
   at Microsoft.AspNetCore.Mvc.Infrastructure.ControllerActionInvoker.&lt;InvokeActionMethodAsync&gt;g__Logged|12_1(ControllerActionInvoker invoker)
   at Microsoft.AspNetCore.Mvc.Infrastructure.ControllerActionInvoker.&lt;InvokeNextActionFilterAsync&gt;g__Awaited|10_0(ControllerActionInvoker invoker, Task lastTask, State next, Scope scope, Object state, Boolean isCompleted)
   at Microsoft.AspNetCore.Mvc.Infrastructure.ControllerActionInvoker.Rethrow(ActionExecutedContextSealed context)
   at Microsoft.AspNetCore.Mvc.Infrastructure.ControllerActionInvoker.Next(State&amp; next, Scope&amp; scope, Object&amp; state, Boolean&amp; isCompleted)
   at Microsoft.AspNetCore.Mvc.Infrastructure.ControllerActionInvoker.InvokeInnerFilterAsync()
--- End of stack trace from previous location ---
   at Microsoft.AspNetCore.Mvc.Infrastructure.ResourceInvoker.&lt;InvokeFilterPipelineAsync&gt;g__Awaited|20_0(ResourceInvoker invoker, Task lastTask, State next, Scope scope, Object state, Boolean isCompleted)
   at Microsoft.AspNetCore.Mvc.Infrastructure.ResourceInvoker.&lt;InvokeAsync&gt;g__Logged|17_1(ResourceInvoker invoker)
   at Microsoft.AspNetCore.Mvc.Infrastructure.ResourceInvoker.&lt;InvokeAsync&gt;g__Logged|17_1(ResourceInvoker invoker)
   at Microsoft.AspNetCore.Authorization.AuthorizationMiddleware.Invoke(HttpContext context)
   at Microsoft.AspNetCore.Authentication.AuthenticationMiddleware.Invoke(HttpContext context)
   at Microsoft.AspNetCore.RateLimiting.RateLimitingMiddleware.InvokeInternal(HttpContext context, EnableRateLimitingAttribute enableRateLimitingAttribute)
   at Api.Middleware.GlobalExceptionHandlingMiddleware.InvokeAsync(HttpContext context) in /home/runner/work/Crud/Crud/src/Api/Middleware/GlobalExceptionHandlingMiddleware.cs:line 27
Activity.TraceId:            c3518f8f4cff5c34d46ab6354ffa8945
Activity.SpanId:             9ec72cced1deee17
Activity.TraceFlags:         Recorded
Activity.ActivitySourceName: Microsoft.AspNetCore
Activity.DisplayName:        POST api/People
Activity.Kind:               Server
Activity.StartTime:          2025-09-11T04:19:35.6599542Z
Activity.Duration:           00:00:00.0064437
Activity.Tags:
    server.address: localhost
    http.request.method: POST
    url.scheme: http
    url.path: /api/people
    network.protocol.version: 1.1
    http.route: api/People
    http.response.status_code: 409
Resource associated with Activity:
    deployment.environment: Testing
    service.name: Crud.Api
    service.version: 1.0.0
    service.instance.id: 8958bff5-028e-43b0-8103-5553bc095d18
    telemetry.sdk.name: opentelemetry
    telemetry.sdk.language: dotnet
    telemetry.sdk.version: 1.8.1
[04:19:35 INF] User registered successfully: 445b8003-d6e3-4478-a96a-dac0448d5050 {"SourceContext": "App.Features.Authentication.RegisterUserCommandHandler", "ActionId": "acde20d9-35d2-4ea3-a460-c8b03926d7e6", "ActionName": "Api.Controllers.AuthController.Register (Api)", "RequestId": "0HNFGT8MUJPLV", "RequestPath": "/api/auth/register", "Application": "Crud.Api"}
Activity.TraceId:            55969c29d493ccb33ae892bf7ede6e70
Activity.SpanId:             8b7d977a2abb4e2b
Activity.TraceFlags:         Recorded
Activity.ActivitySourceName: Microsoft.AspNetCore
Activity.DisplayName:        POST api/Auth/register
Activity.Kind:               Server
Activity.StartTime:          2025-09-11T04:19:35.6670618Z
Activity.Duration:           00:00:00.2996697
Activity.Tags:
    server.address: localhost
    http.request.method: POST
    url.scheme: http
    url.path: /api/auth/register
    network.protocol.version: 1.1
    http.route: api/Auth/register
    http.response.status_code: 200
Resource associated with Activity:
    deployment.environment: Testing
    service.name: Crud.Api
    service.version: 1.0.0
    service.instance.id: 8958bff5-028e-43b0-8103-5553bc095d18
    telemetry.sdk.name: opentelemetry
    telemetry.sdk.language: dotnet
    telemetry.sdk.version: 1.8.1
[04:19:35 DBG] Cache miss for key: list:person {"SourceContext": "Infrastructure.Services.Caching.InMemoryCacheService", "ActionId": "3f4e5544-9ac2-486a-80c2-fb6203d106d8", "ActionName": "Api.Controllers.PeopleController.List (Api)", "RequestId": "0HNFGT8MUJPM0", "RequestPath": "/api/people", "Application": "Crud.Api"}
[04:19:35 DBG] Set cache value for key: list:person {"SourceContext": "Infrastructure.Services.Caching.InMemoryCacheService", "ActionId": "3f4e5544-9ac2-486a-80c2-fb6203d106d8", "ActionName": "Api.Controllers.PeopleController.List (Api)", "RequestId": "0HNFGT8MUJPM0", "RequestPath": "/api/people", "Application": "Crud.Api"}
Activity.TraceId:            0bf1bcbc92c9fbfbc21ebb8a1e51f42c
Activity.SpanId:             d082403f6b3be048
Activity.TraceFlags:         Recorded
Activity.ActivitySourceName: Microsoft.AspNetCore
Activity.DisplayName:        GET api/People
Activity.Kind:               Server
Activity.StartTime:          2025-09-11T04:19:35.9670108Z
Activity.Duration:           00:00:00.0017813
Activity.Tags:
    server.address: localhost
    http.request.method: GET
    url.scheme: http
    url.path: /api/people
    network.protocol.version: 1.1
    http.route: api/People
    http.response.status_code: 200
Resource associated with Activity:
    deployment.environment: Testing
    service.name: Crud.Api
    service.version: 1.0.0
    service.instance.id: 8958bff5-028e-43b0-8103-5553bc095d18
    telemetry.sdk.name: opentelemetry
    telemetry.sdk.language: dotnet
    telemetry.sdk.version: 1.8.1
[04:19:35 INF] Resetting database for worker 16799 {"SourceContext": "Infrastructure.Services.DatabaseTestService", "Application": "Crud.Api"}
[04:19:35 INF] Resetting database via file deletion for worker 16799 in CI environment {"SourceContext": "Infrastructure.Services.DatabaseTestService", "Application": "Crud.Api"}
[04:19:35 INF] Acquiring database mutex for worker 16799... {"SourceContext": "Infrastructure.Services.DatabaseTestService", "Application": "Crud.Api"}
[04:19:35 INF] Database mutex acquired for worker 16799 {"SourceContext": "Infrastructure.Services.DatabaseTestService", "Application": "Crud.Api"}
[04:19:35 INF] Current database state - CanConnect: True {"SourceContext": "Infrastructure.Services.DatabaseTestService", "Application": "Crud.Api"}
[04:19:35 INF] [Phase 0] Closing database connection for worker 16799... {"SourceContext": "Infrastructure.Services.DatabaseTestService", "Application": "Crud.Api"}
[04:19:35 INF] [Phase 0] Connection closed in 0.0007ms {"SourceContext": "Infrastructure.Services.DatabaseTestService", "Application": "Crud.Api"}
[04:19:35 INF] [Phase 1] Starting EnsureDeletedAsync for worker 16799... {"SourceContext": "Infrastructure.Services.DatabaseTestService", "Application": "Crud.Api"}
[04:19:35 INF] [Phase 1] EnsureDeletedAsync completed in 1.7428ms {"SourceContext": "Infrastructure.Services.DatabaseTestService", "Application": "Crud.Api"}
[04:19:36 INF] [Phase 2] Starting EnsureCreatedAsync for worker 16799... {"SourceContext": "Infrastructure.Services.DatabaseTestService", "Application": "Crud.Api"}
[04:19:36 INF] [Phase 2] EnsureCreatedAsync completed in 8.1131ms {"SourceContext": "Infrastructure.Services.DatabaseTestService", "Application": "Crud.Api"}
[04:19:36 INF] [Phase 3] Skipping database seeding as requested for worker 16799 {"SourceContext": "Infrastructure.Services.DatabaseTestService", "Application": "Crud.Api"}
[04:19:36 INF] Database reset via file deletion completed for worker 16799 in 110.2473ms (Close: 0.0007ms, Delete: 1.7428ms, Create: 8.1131ms) {"SourceContext": "Infrastructure.Services.DatabaseTestService", "Application": "Crud.Api"}
[04:19:36 INF] Releasing database mutex for worker 16799 {"SourceContext": "Infrastructure.Services.DatabaseTestService", "Application": "Crud.Api"}
Metric Name: http.server.active_requests, Number of active HTTP server requests., Unit: {request}, Meter: Microsoft.AspNetCore.Hosting
(2025-09-11T04:19:22.9346470Z, 2025-09-11T04:19:36.0807531Z] http.request.method: POST url.scheme: http LongSumNonMonotonic
Value: 0
(2025-09-11T04:19:22.9346470Z, 2025-09-11T04:19:36.0807531Z] http.request.method: GET url.scheme: http LongSumNonMonotonic
Value: 0
(2025-09-11T04:19:22.9346470Z, 2025-09-11T04:19:36.0807531Z] http.request.method: PATCH url.scheme: http LongSumNonMonotonic
Value: 0
Metric Name: http.server.request.duration, Duration of HTTP server requests., Unit: s, Meter: Microsoft.AspNetCore.Hosting
(2025-09-11T04:19:22.9346632Z, 2025-09-11T04:19:36.0807575Z] http.request.method: POST http.response.status_code: 200 http.route: api/Auth/register network.protocol.version: 1.1 url.scheme: http Histogram
Value: Sum: 12.097799899999996 Count: 37 Min: 0.2972264 Max: 0.5303003 
(-Infinity,0.005]:0
(0.005,0.01]:0
(0.01,0.025]:0
(0.025,0.05]:0
(0.05,0.075]:0
(0.075,0.1]:0
(0.1,0.25]:0
(0.25,0.5]:36
(0.5,0.75]:1
(0.75,1]:0
(1,2.5]:0
(2.5,5]:0
(5,7.5]:0
(7.5,10]:0
(10,+Infinity]:0
(2025-09-11T04:19:22.9346632Z, 2025-09-11T04:19:36.0807575Z] http.request.method: GET http.response.status_code: 200 http.route: api/People network.protocol.version: 1.1 url.scheme: http Histogram
Value: Sum: 0.0117707 Count: 3 Min: 0.0003733 Max: 0.0096154 
(-Infinity,0.005]:2
(0.005,0.01]:1
(0.01,0.025]:0
(0.025,0.05]:0
(0.05,0.075]:0
(0.075,0.1]:0
(0.1,0.25]:0
(0.25,0.5]:0
(0.5,0.75]:0
(0.75,1]:0
(1,2.5]:0
(2.5,5]:0
(5,7.5]:0
(7.5,10]:0
(10,+Infinity]:0
(2025-09-11T04:19:22.9346632Z, 2025-09-11T04:19:36.0807575Z] http.request.method: GET http.response.status_code: 200 http.route: api/Walls network.protocol.version: 1.1 url.scheme: http Histogram
Value: Sum: 0.007318699999999999 Count: 2 Min: 0.0011844 Max: 0.0061343 
(-Infinity,0.005]:1
(0.005,0.01]:1
(0.01,0.025]:0
(0.025,0.05]:0
(0.05,0.075]:0
(0.075,0.1]:0
(0.1,0.25]:0
(0.25,0.5]:0
(0.5,0.75]:0
(0.75,1]:0
(1,2.5]:0
(2.5,5]:0
(5,7.5]:0
(7.5,10]:0
(10,+Infinity]:0
(2025-09-11T04:19:22.9346632Z, 2025-09-11T04:19:36.0807575Z] http.request.method: GET http.response.status_code: 200 http.route: api/Roles network.protocol.version: 1.1 url.scheme: http Histogram
Value: Sum: 0.0092352 Count: 6 Min: 0.0003465 Max: 0.005735 
(-Infinity,0.005]:5
(0.005,0.01]:1
(0.01,0.025]:0
(0.025,0.05]:0
(0.05,0.075]:0
(0.075,0.1]:0
(0.1,0.25]:0
(0.25,0.5]:0
(0.5,0.75]:0
(0.75,1]:0
(1,2.5]:0
(2.5,5]:0
(5,7.5]:0
(7.5,10]:0
(10,+Infinity]:0
(2025-09-11T04:19:22.9346632Z, 2025-09-11T04:19:36.0807575Z] http.request.method: GET http.response.status_code: 200 http.route: api/Windows network.protocol.version: 1.1 url.scheme: http Histogram
Value: Sum: 0.0088903 Count: 2 Min: 0.0013005 Max: 0.0075898 
(-Infinity,0.005]:1
(0.005,0.01]:1
(0.01,0.025]:0
(0.025,0.05]:0
(0.05,0.075]:0
(0.075,0.1]:0
(0.1,0.25]:0
(0.25,0.5]:0
(0.5,0.75]:0
(0.75,1]:0
(1,2.5]:0
(2.5,5]:0
(5,7.5]:0
(7.5,10]:0
(10,+Infinity]:0
(2025-09-11T04:19:22.9346632Z, 2025-09-11T04:19:36.0807575Z] http.request.method: POST http.response.status_code: 200 http.route: api/Auth/login network.protocol.version: 1.1 url.scheme: http Histogram
Value: Sum: 7.5944497 Count: 23 Min: 0.2972966 Max: 0.3749902 
(-Infinity,0.005]:0
(0.005,0.01]:0
(0.01,0.025]:0
(0.025,0.05]:0
(0.05,0.075]:0
(0.075,0.1]:0
(0.1,0.25]:0
(0.25,0.5]:23
(0.5,0.75]:0
(0.75,1]:0
(1,2.5]:0
(2.5,5]:0
(5,7.5]:0
(7.5,10]:0
(10,+Infinity]:0
(2025-09-11T04:19:22.9346632Z, 2025-09-11T04:19:36.0807575Z] http.request.method: POST http.response.status_code: 201 http.route: api/Walls network.protocol.version: 1.1 url.scheme: http Histogram
Value: Sum: 0.0102483 Count: 1 Min: 0.0102483 Max: 0.0102483 
(-Infinity,0.005]:0
(0.005,0.01]:0
(0.01,0.025]:1
(0.025,0.05]:0
(0.05,0.075]:0
(0.075,0.1]:0
(0.1,0.25]:0
(0.25,0.5]:0
(0.5,0.75]:0
(0.75,1]:0
(1,2.5]:0
(2.5,5]:0
(5,7.5]:0
(7.5,10]:0
(10,+Infinity]:0
(2025-09-11T04:19:22.9346632Z, 2025-09-11T04:19:36.0807575Z] http.request.method: POST http.response.status_code: 201 http.route: api/Roles network.protocol.version: 1.1 url.scheme: http Histogram
Value: Sum: 0.1805615 Count: 12 Min: 0.0013609 Max: 0.1542348 
(-Infinity,0.005]:10
(0.005,0.01]:1
(0.01,0.025]:0
(0.025,0.05]:0
(0.05,0.075]:0
(0.075,0.1]:0
(0.1,0.25]:1
(0.25,0.5]:0
(0.5,0.75]:0
(0.75,1]:0
(1,2.5]:0
(2.5,5]:0
(5,7.5]:0
(7.5,10]:0
(10,+Infinity]:0
(2025-09-11T04:19:22.9346632Z, 2025-09-11T04:19:36.0807575Z] http.request.method: POST http.response.status_code: 201 http.route: api/Windows network.protocol.version: 1.1 url.scheme: http Histogram
Value: Sum: 0.0136998 Count: 1 Min: 0.0136998 Max: 0.0136998 
(-Infinity,0.005]:0
(0.005,0.01]:0
(0.01,0.025]:1
(0.025,0.05]:0
(0.05,0.075]:0
(0.075,0.1]:0
(0.1,0.25]:0
(0.25,0.5]:0
(0.5,0.75]:0
(0.75,1]:0
(1,2.5]:0
(2.5,5]:0
(5,7.5]:0
(7.5,10]:0
(10,+Infinity]:0
(2025-09-11T04:19:22.9346632Z, 2025-09-11T04:19:36.0807575Z] http.request.method: POST http.response.status_code: 201 http.route: api/People network.protocol.version: 1.1 url.scheme: http Histogram
Value: Sum: 0.0110722 Count: 2 Min: 0.0023934 Max: 0.0086788 
(-Infinity,0.005]:1
(0.005,0.01]:1
(0.01,0.025]:0
(0.025,0.05]:0
(0.05,0.075]:0
(0.075,0.1]:0
(0.1,0.25]:0
(0.25,0.5]:0
(0.5,0.75]:0
(0.75,1]:0
(1,2.5]:0
(2.5,5]:0
(5,7.5]:0
(7.5,10]:0
(10,+Infinity]:0
(2025-09-11T04:19:22.9346632Z, 2025-09-11T04:19:36.0807575Z] http.request.method: PATCH http.response.status_code: 405 network.protocol.version: 1.1 url.scheme: http Histogram
Value: Sum: 0.0002612 Count: 1 Min: 0.0002612 Max: 0.0002612 
(-Infinity,0.005]:1
(0.005,0.01]:0
(0.01,0.025]:0
(0.025,0.05]:0
(0.05,0.075]:0
(0.075,0.1]:0
(0.1,0.25]:0
(0.25,0.5]:0
(0.5,0.75]:0
(0.75,1]:0
(1,2.5]:0
(2.5,5]:0
(5,7.5]:0
(7.5,10]:0
(10,+Infinity]:0
(2025-09-11T04:19:22.9346632Z, 2025-09-11T04:19:36.0807575Z] http.request.method: POST http.response.status_code: 400 http.route: api/Roles network.protocol.version: 1.1 url.scheme: http Histogram
Value: Sum: 0.0046692 Count: 2 Min: 0.0019526 Max: 0.0027166 
(-Infinity,0.005]:2
(0.005,0.01]:0
(0.01,0.025]:0
(0.025,0.05]:0
(0.05,0.075]:0
(0.075,0.1]:0
(0.1,0.25]:0
(0.25,0.5]:0
(0.5,0.75]:0
(0.75,1]:0
(1,2.5]:0
(2.5,5]:0
(5,7.5]:0
(7.5,10]:0
(10,+Infinity]:0
(2025-09-11T04:19:22.9346632Z, 2025-09-11T04:19:36.0807575Z] aspnetcore.request.is_unhandled: true http.request.method: GET http.response.status_code: 404 network.protocol.version: 1.1 url.scheme: http Histogram
Value: Sum: 0.0002119 Count: 1 Min: 0.0002119 Max: 0.0002119 
(-Infinity,0.005]:1
(0.005,0.01]:0
(0.01,0.025]:0
(0.025,0.05]:0
(0.05,0.075]:0
(0.075,0.1]:0
(0.1,0.25]:0
(0.25,0.5]:0
(0.5,0.75]:0
(0.75,1]:0
(1,2.5]:0
(2.5,5]:0
(5,7.5]:0
(7.5,10]:0
(10,+Infinity]:0
(2025-09-11T04:19:22.9346632Z, 2025-09-11T04:19:36.0807575Z] http.request.method: POST http.response.status_code: 409 http.route: api/People network.protocol.version: 1.1 url.scheme: http Histogram
Value: Sum: 0.0438727 Count: 4 Min: 0.0059325 Max: 0.0198271 
(-Infinity,0.005]:0
(0.005,0.01]:2
(0.01,0.025]:2
(0.025,0.05]:0
(0.05,0.075]:0
(0.075,0.1]:0
(0.1,0.25]:0
(0.25,0.5]:0
(0.5,0.75]:0
(0.75,1]:0
(1,2.5]:0
(2.5,5]:0
(5,7.5]:0
(7.5,10]:0
(10,+Infinity]:0
Metric Name: aspnetcore.rate_limiting.active_request_leases, Number of HTTP requests that are currently active on the server that hold a rate limiting lease., Unit: {request}, Meter: Microsoft.AspNetCore.RateLimiting
(2025-09-11T04:19:22.9363463Z, 2025-09-11T04:19:36.0807578Z] LongSumNonMonotonic
Value: 0
Metric Name: aspnetcore.rate_limiting.request_lease.duration, The duration of rate limiting leases held by HTTP requests on the server., Unit: s, Meter: Microsoft.AspNetCore.RateLimiting
(2025-09-11T04:19:22.9363692Z, 2025-09-11T04:19:36.0807582Z] Histogram
Value: Sum: 19.966720700000003 Count: 97 Min: 0.0001346 Max: 0.5302409 
(-Infinity,0.005]:27
(0.005,0.01]:6
(0.01,0.025]:3
(0.025,0.05]:0
(0.05,0.075]:0
(0.075,0.1]:0
(0.1,0.25]:1
(0.25,0.5]:59
(0.5,0.75]:1
(0.75,1]:0
(1,2.5]:0
(2.5,5]:0
(5,7.5]:0
(7.5,10]:0
(10,+Infinity]:0
Metric Name: aspnetcore.rate_limiting.requests, Number of requests that tried to acquire a rate limiting lease. Requests could be rejected by global or endpoint rate limiting policies. Or the request could be canceled while waiting for the lease., Unit: {request}, Meter: Microsoft.AspNetCore.RateLimiting
(2025-09-11T04:19:22.9364152Z, 2025-09-11T04:19:36.0807594Z] aspnetcore.rate_limiting.result: acquired LongSum
Value: 97
Metric Name: aspnetcore.routing.match_attempts, Number of requests that were attempted to be matched to an endpoint., Unit: {match_attempt}, Meter: Microsoft.AspNetCore.Routing
(2025-09-11T04:19:22.9372271Z, 2025-09-11T04:19:36.0807599Z] aspnetcore.routing.is_fallback: false aspnetcore.routing.match_status: success http.route: api/Auth/register LongSum
Value: 37
(2025-09-11T04:19:22.9372271Z, 2025-09-11T04:19:36.0807599Z] aspnetcore.routing.is_fallback: false aspnetcore.routing.match_status: success http.route: api/People LongSum
Value: 9
(2025-09-11T04:19:22.9372271Z, 2025-09-11T04:19:36.0807599Z] aspnetcore.routing.is_fallback: false aspnetcore.routing.match_status: success http.route: api/Walls LongSum
Value: 3
(2025-09-11T04:19:22.9372271Z, 2025-09-11T04:19:36.0807599Z] aspnetcore.routing.is_fallback: false aspnetcore.routing.match_status: success http.route: api/Roles LongSum
Value: 20
(2025-09-11T04:19:22.9372271Z, 2025-09-11T04:19:36.0807599Z] aspnetcore.routing.is_fallback: false aspnetcore.routing.match_status: success http.route: api/Windows LongSum
Value: 3
(2025-09-11T04:19:22.9372271Z, 2025-09-11T04:19:36.0807599Z] aspnetcore.routing.is_fallback: false aspnetcore.routing.match_status: success http.route: api/Auth/login LongSum
Value: 23
(2025-09-11T04:19:22.9372271Z, 2025-09-11T04:19:36.0807599Z] aspnetcore.routing.is_fallback: false aspnetcore.routing.match_status: success http.route: (missing) LongSum
Value: 1
(2025-09-11T04:19:22.9372271Z, 2025-09-11T04:19:36.0807599Z] aspnetcore.routing.match_status: failure LongSum
Value: 1
[04:19:36 INF] Starting Crud API application {"Application": "Crud.Api"}
[04:19:36 INF] Using SQLite provider with connection: Data Source=TestDatabase.db {"Application": "Crud.Api"}
[04:19:36 INF] Database ensured successfully {"Application": "Crud.Api"}
[04:19:36 INF] Application configured successfully. Starting web host... {"Application": "Crud.Api"}
[04:19:36 WRN] Failed to determine the https port for redirect. {"EventId": {"Id": 3, "Name": "FailedToDeterminePort"}, "SourceContext": "Microsoft.AspNetCore.HttpsPolicy.HttpsRedirectionMiddleware", "RequestId": "0HNFGT8MUJPM1", "RequestPath": "/api/auth/register", "Application": "Crud.Api"}
[04:19:36 INF] User registered successfully: bcf11fb7-8df5-4401-bd24-a7ae510e1a42 {"SourceContext": "App.Features.Authentication.RegisterUserCommandHandler", "ActionId": "cd2ca6af-a23f-40cd-8918-a5e3775527bc", "ActionName": "Api.Controllers.AuthController.Register (Api)", "RequestId": "0HNFGT8MUJPM1", "RequestPath": "/api/auth/register", "Application": "Crud.Api"}
Activity.TraceId:            9da8df790f4d7b98191c2ffc4038d63d
Activity.SpanId:             2dec5f24482a3961
Activity.TraceFlags:         Recorded
Activity.ActivitySourceName: Microsoft.AspNetCore
Activity.DisplayName:        POST api/Auth/register
Activity.Kind:               Server
Activity.StartTime:          2025-09-11T04:19:36.1135392Z
Activity.Duration:           00:00:00.3028241
Activity.Tags:
    server.address: localhost
    http.request.method: POST
    url.scheme: http
    url.path: /api/auth/register
    network.protocol.version: 1.1
    http.route: api/Auth/register
    http.response.status_code: 200
Resource associated with Activity:
    deployment.environment: Testing
    service.name: Crud.Api
    service.version: 1.0.0
    service.instance.id: 8958bff5-028e-43b0-8103-5553bc095d18
    telemetry.sdk.name: opentelemetry
    telemetry.sdk.language: dotnet
    telemetry.sdk.version: 1.8.1
[04:19:36 DBG] Cache miss for key: list:person {"SourceContext": "Infrastructure.Services.Caching.InMemoryCacheService", "ActionId": "56bf2e12-4ba4-4831-8fb5-9d0f72f490ef", "ActionName": "Api.Controllers.PeopleController.List (Api)", "RequestId": "0HNFGT8MUJPM2", "RequestPath": "/api/people", "Application": "Crud.Api"}
[04:19:36 DBG] Set cache value for key: list:person {"SourceContext": "Infrastructure.Services.Caching.InMemoryCacheService", "ActionId": "56bf2e12-4ba4-4831-8fb5-9d0f72f490ef", "ActionName": "Api.Controllers.PeopleController.List (Api)", "RequestId": "0HNFGT8MUJPM2", "RequestPath": "/api/people", "Application": "Crud.Api"}
Activity.TraceId:            74cf03133d6a941c46020338fa17e252
Activity.SpanId:             b78cb0b6df24293c
Activity.TraceFlags:         Recorded
Activity.ActivitySourceName: Microsoft.AspNetCore
Activity.DisplayName:        GET api/People
Activity.Kind:               Server
Activity.StartTime:          2025-09-11T04:19:36.4178513Z
Activity.Duration:           00:00:00.0121377
Activity.Tags:
    server.address: localhost
    http.request.method: GET
    url.scheme: http
    url.path: /api/people
    network.protocol.version: 1.1
    http.route: api/People
    http.response.status_code: 200
Resource associated with Activity:
    deployment.environment: Testing
    service.name: Crud.Api
    service.version: 1.0.0
    service.instance.id: 8958bff5-028e-43b0-8103-5553bc095d18
    telemetry.sdk.name: opentelemetry
    telemetry.sdk.language: dotnet
    telemetry.sdk.version: 1.8.1
[04:19:36 INF] User registered successfully: b96bb6c9-2974-4f54-b3c8-0a80cb6f8df7 {"SourceContext": "App.Features.Authentication.RegisterUserCommandHandler", "ActionId": "cd2ca6af-a23f-40cd-8918-a5e3775527bc", "ActionName": "Api.Controllers.AuthController.Register (Api)", "RequestId": "0HNFGT8MUJPM3", "RequestPath": "/api/auth/register", "Application": "Crud.Api"}
Activity.TraceId:            f5b907541c6e06dbfe50a5562d058ccd
Activity.SpanId:             260d011ce49802ee
Activity.TraceFlags:         Recorded
Activity.ActivitySourceName: Microsoft.AspNetCore
Activity.DisplayName:        POST api/Auth/register
Activity.Kind:               Server
Activity.StartTime:          2025-09-11T04:19:36.4318019Z
Activity.Duration:           00:00:00.3001693
Activity.Tags:
    server.address: localhost
    http.request.method: POST
    url.scheme: http
    url.path: /api/auth/register
    network.protocol.version: 1.1
    http.route: api/Auth/register
    http.response.status_code: 200
Resource associated with Activity:
    deployment.environment: Testing
    service.name: Crud.Api
    service.version: 1.0.0
    service.instance.id: 8958bff5-028e-43b0-8103-5553bc095d18
    telemetry.sdk.name: opentelemetry
    telemetry.sdk.language: dotnet
    telemetry.sdk.version: 1.8.1
[04:19:36 DBG] Cache hit for key: list:person {"SourceContext": "Infrastructure.Services.Caching.InMemoryCacheService", "ActionId": "56bf2e12-4ba4-4831-8fb5-9d0f72f490ef", "ActionName": "Api.Controllers.PeopleController.List (Api)", "RequestId": "0HNFGT8MUJPM4", "RequestPath": "/api/people", "Application": "Crud.Api"}
Activity.TraceId:            4f7f928f4fb553b410b8c211f201a21a
Activity.SpanId:             a7df512f8b8ad6a1
Activity.TraceFlags:         Recorded
Activity.ActivitySourceName: Microsoft.AspNetCore
Activity.DisplayName:        GET api/People
Activity.Kind:               Server
Activity.StartTime:          2025-09-11T04:19:36.7331778Z
Activity.Duration:           00:00:00.0010975
Activity.Tags:
    server.address: localhost
    http.request.method: GET
    url.scheme: http
    url.path: /api/people
    network.protocol.version: 1.1
    http.route: api/People
    http.response.status_code: 200
Resource associated with Activity:
    deployment.environment: Testing
    service.name: Crud.Api
    service.version: 1.0.0
    service.instance.id: 8958bff5-028e-43b0-8103-5553bc095d18
    telemetry.sdk.name: opentelemetry
    telemetry.sdk.language: dotnet
    telemetry.sdk.version: 1.8.1
[04:19:37 INF] User registered successfully: dcfa0e17-1b51-4a8d-b658-0b71bd2da427 {"SourceContext": "App.Features.Authentication.RegisterUserCommandHandler", "ActionId": "cd2ca6af-a23f-40cd-8918-a5e3775527bc", "ActionName": "Api.Controllers.AuthController.Register (Api)", "RequestId": "0HNFGT8MUJPM5", "RequestPath": "/api/auth/register", "Application": "Crud.Api"}
Activity.TraceId:            5d7d76c065d2b63cfcd1ad05b23e55c3
Activity.SpanId:             f1653ed8515234b3
Activity.TraceFlags:         Recorded
Activity.ActivitySourceName: Microsoft.AspNetCore
Activity.DisplayName:        POST api/Auth/register
Activity.Kind:               Server
Activity.StartTime:          2025-09-11T04:19:36.7356346Z
Activity.Duration:           00:00:00.3025532
Activity.Tags:
    server.address: localhost
    http.request.method: POST
    url.scheme: http
    url.path: /api/auth/register
    network.protocol.version: 1.1
    http.route: api/Auth/register
    http.response.status_code: 200
Resource associated with Activity:
    deployment.environment: Testing
    service.name: Crud.Api
    service.version: 1.0.0
    service.instance.id: 8958bff5-028e-43b0-8103-5553bc095d18
    telemetry.sdk.name: opentelemetry
    telemetry.sdk.language: dotnet
    telemetry.sdk.version: 1.8.1
[04:19:37 DBG] Cache hit for key: list:person {"SourceContext": "Infrastructure.Services.Caching.InMemoryCacheService", "ActionId": "56bf2e12-4ba4-4831-8fb5-9d0f72f490ef", "ActionName": "Api.Controllers.PeopleController.List (Api)", "RequestId": "0HNFGT8MUJPM6", "RequestPath": "/api/people", "Application": "Crud.Api"}
Activity.TraceId:            cf36483d16b4a968baedde677d224675
Activity.SpanId:             612b2ea04606b2fa
Activity.TraceFlags:         Recorded
Activity.ActivitySourceName: Microsoft.AspNetCore
Activity.DisplayName:        GET api/People
Activity.Kind:               Server
Activity.StartTime:          2025-09-11T04:19:37.0395795Z
Activity.Duration:           00:00:00.0028254
Activity.Tags:
    server.address: localhost
    http.request.method: GET
    url.scheme: http
    url.path: /api/people
    network.protocol.version: 1.1
    http.route: api/People
    http.response.status_code: 200
Resource associated with Activity:
    deployment.environment: Testing
    service.name: Crud.Api
    service.version: 1.0.0
    service.instance.id: 8958bff5-028e-43b0-8103-5553bc095d18
    telemetry.sdk.name: opentelemetry
    telemetry.sdk.language: dotnet
    telemetry.sdk.version: 1.8.1
[04:19:37 INF] User registered successfully: cba6827a-8e2c-4553-ab28-3d3b7a4906ea {"SourceContext": "App.Features.Authentication.RegisterUserCommandHandler", "ActionId": "cd2ca6af-a23f-40cd-8918-a5e3775527bc", "ActionName": "Api.Controllers.AuthController.Register (Api)", "RequestId": "0HNFGT8MUJPM7", "RequestPath": "/api/auth/register", "Application": "Crud.Api"}
Activity.TraceId:            c73c8caac50aa42f83af19e56cf131e8
Activity.SpanId:             cadaab4369816d7e
Activity.TraceFlags:         Recorded
Activity.ActivitySourceName: Microsoft.AspNetCore
Activity.DisplayName:        POST api/Auth/register
Activity.Kind:               Server
Activity.StartTime:          2025-09-11T04:19:37.0438201Z
Activity.Duration:           00:00:00.2980996
Activity.Tags:
    server.address: localhost
    http.request.method: POST
    url.scheme: http
    url.path: /api/auth/register
    network.protocol.version: 1.1
    http.route: api/Auth/register
    http.response.status_code: 200
Resource associated with Activity:
    deployment.environment: Testing
    service.name: Crud.Api
    service.version: 1.0.0
    service.instance.id: 8958bff5-028e-43b0-8103-5553bc095d18
    telemetry.sdk.name: opentelemetry
    telemetry.sdk.language: dotnet
    telemetry.sdk.version: 1.8.1
[04:19:37 DBG] Cache hit for key: list:person {"SourceContext": "Infrastructure.Services.Caching.InMemoryCacheService", "ActionId": "56bf2e12-4ba4-4831-8fb5-9d0f72f490ef", "ActionName": "Api.Controllers.PeopleController.List (Api)", "RequestId": "0HNFGT8MUJPM8", "RequestPath": "/api/people", "Application": "Crud.Api"}
Activity.TraceId:            b661f8570a9fad14275708db91883a1f
Activity.SpanId:             62ed51437ee6bfbb
Activity.TraceFlags:         Recorded
Activity.ActivitySourceName: Microsoft.AspNetCore
Activity.DisplayName:        GET api/People
Activity.Kind:               Server
Activity.StartTime:          2025-09-11T04:19:37.3430762Z
Activity.Duration:           00:00:00.0003911
Activity.Tags:
    server.address: localhost
    http.request.method: GET
    url.scheme: https
    url.path: /api/people
    network.protocol.version: 1.1
    http.route: api/People
    http.response.status_code: 200
Resource associated with Activity:
    deployment.environment: Testing
    service.name: Crud.Api
    service.version: 1.0.0
    service.instance.id: 8958bff5-028e-43b0-8103-5553bc095d18
    telemetry.sdk.name: opentelemetry
    telemetry.sdk.language: dotnet
    telemetry.sdk.version: 1.8.1
Activity.TraceId:            269e5ecbe02e3a287cc1c80e5cb9a4b5
Activity.SpanId:             b0c5c79da0b2117e
Activity.TraceFlags:         Recorded
Activity.ActivitySourceName: Microsoft.AspNetCore
Activity.DisplayName:        GET /health
Activity.Kind:               Server
Activity.StartTime:          2025-09-11T04:19:37.3450047Z
Activity.Duration:           00:00:00.0033894
Activity.Tags:
    server.address: localhost
    http.request.method: GET
    url.scheme: http
    url.path: /health
    network.protocol.version: 1.1
    http.route: /health
    http.response.status_code: 200
Resource associated with Activity:
    deployment.environment: Testing
    service.name: Crud.Api
    service.version: 1.0.0
    service.instance.id: 8958bff5-028e-43b0-8103-5553bc095d18
    telemetry.sdk.name: opentelemetry
    telemetry.sdk.language: dotnet
    telemetry.sdk.version: 1.8.1
[04:19:37 INF] User registered successfully: b0944f80-32e7-4582-b578-ed9299aeeccb {"SourceContext": "App.Features.Authentication.RegisterUserCommandHandler", "ActionId": "cd2ca6af-a23f-40cd-8918-a5e3775527bc", "ActionName": "Api.Controllers.AuthController.Register (Api)", "RequestId": "0HNFGT8MUJPMA", "RequestPath": "/api/auth/register", "Application": "Crud.Api"}
Activity.TraceId:            97d346f9e89f4cd6580be4d8c72a6671
Activity.SpanId:             9445f95303325e15
Activity.TraceFlags:         Recorded
Activity.ActivitySourceName: Microsoft.AspNetCore
Activity.DisplayName:        POST api/Auth/register
Activity.Kind:               Server
Activity.StartTime:          2025-09-11T04:19:37.3511963Z
Activity.Duration:           00:00:00.2981146
Activity.Tags:
    server.address: localhost
    http.request.method: POST
    url.scheme: http
    url.path: /api/auth/register
    network.protocol.version: 1.1
    http.route: api/Auth/register
    http.response.status_code: 200
Resource associated with Activity:
    deployment.environment: Testing
    service.name: Crud.Api
    service.version: 1.0.0
    service.instance.id: 8958bff5-028e-43b0-8103-5553bc095d18
    telemetry.sdk.name: opentelemetry
    telemetry.sdk.language: dotnet
    telemetry.sdk.version: 1.8.1
[04:19:37 INF] User registered successfully: d0a2ba2b-0486-4a88-9d28-613564ec43b3 {"SourceContext": "App.Features.Authentication.RegisterUserCommandHandler", "ActionId": "cd2ca6af-a23f-40cd-8918-a5e3775527bc", "ActionName": "Api.Controllers.AuthController.Register (Api)", "RequestId": "0HNFGT8MUJPMB", "RequestPath": "/api/auth/register", "Application": "Crud.Api"}
Activity.TraceId:            259bde6265ceb5af345547ab6d1eb010
Activity.SpanId:             79053f1399af2b56
Activity.TraceFlags:         Recorded
Activity.ActivitySourceName: Microsoft.AspNetCore
Activity.DisplayName:        POST api/Auth/register
Activity.Kind:               Server
Activity.StartTime:          2025-09-11T04:19:37.6504766Z
Activity.Duration:           00:00:00.3047945
Activity.Tags:
    server.address: localhost
    http.request.method: POST
    url.scheme: http
    url.path: /api/auth/register
    network.protocol.version: 1.1
    http.route: api/Auth/register
    http.response.status_code: 200
Resource associated with Activity:
    deployment.environment: Testing
    service.name: Crud.Api
    service.version: 1.0.0
    service.instance.id: 8958bff5-028e-43b0-8103-5553bc095d18
    telemetry.sdk.name: opentelemetry
    telemetry.sdk.language: dotnet
    telemetry.sdk.version: 1.8.1
[04:19:37 DBG] Cache hit for key: list:person {"SourceContext": "Infrastructure.Services.Caching.InMemoryCacheService", "ActionId": "56bf2e12-4ba4-4831-8fb5-9d0f72f490ef", "ActionName": "Api.Controllers.PeopleController.List (Api)", "RequestId": "0HNFGT8MUJPMC", "RequestPath": "/api/people", "Application": "Crud.Api"}
Activity.TraceId:            32b580148681deee4cbcf885581296b9
Activity.SpanId:             fdb2e3a9b56702ea
Activity.TraceFlags:         Recorded
Activity.ActivitySourceName: Microsoft.AspNetCore
Activity.DisplayName:        GET api/People
Activity.Kind:               Server
Activity.StartTime:          2025-09-11T04:19:37.9554994Z
Activity.Duration:           00:00:00.0004364
Activity.Tags:
    server.address: localhost
    http.request.method: GET
    url.scheme: http
    url.path: /api/people
    network.protocol.version: 1.1
    http.route: api/People
    http.response.status_code: 200
Resource associated with Activity:
    deployment.environment: Testing
    service.name: Crud.Api
    service.version: 1.0.0
    service.instance.id: 8958bff5-028e-43b0-8103-5553bc095d18
    telemetry.sdk.name: opentelemetry
    telemetry.sdk.language: dotnet
    telemetry.sdk.version: 1.8.1
[04:19:37 DBG] Cache hit for key: list:person {"SourceContext": "Infrastructure.Services.Caching.InMemoryCacheService", "ActionId": "56bf2e12-4ba4-4831-8fb5-9d0f72f490ef", "ActionName": "Api.Controllers.PeopleController.List (Api)", "RequestId": "0HNFGT8MUJPMD", "RequestPath": "/api/people", "Application": "Crud.Api"}
Activity.TraceId:            05aa9573989a44452ddf57c491aa066c
Activity.SpanId:             d81a090e1dbcbbb4
Activity.TraceFlags:         Recorded
Activity.ActivitySourceName: Microsoft.AspNetCore
Activity.DisplayName:        GET api/People
Activity.Kind:               Server
Activity.StartTime:          2025-09-11T04:19:37.9559911Z
Activity.Duration:           00:00:00.0003658
Activity.Tags:
    server.address: localhost
    http.request.method: GET
    url.scheme: http
    url.path: /api/people
    network.protocol.version: 1.1
    http.route: api/People
    http.response.status_code: 200
Resource associated with Activity:
    deployment.environment: Testing
    service.name: Crud.Api
    service.version: 1.0.0
    service.instance.id: 8958bff5-028e-43b0-8103-5553bc095d18
    telemetry.sdk.name: opentelemetry
    telemetry.sdk.language: dotnet
    telemetry.sdk.version: 1.8.1
Resource associated with Metric:
    deployment.environment: Testing
    service.name: Crud.Api
    service.version: 1.0.0
    service.instance.id: 8958bff5-028e-43b0-8103-5553bc095d18
    telemetry.sdk.name: opentelemetry
    telemetry.sdk.language: dotnet
    telemetry.sdk.version: 1.8.1
Metric Name: http.server.active_requests, Number of active HTTP server requests., Unit: {request}, Meter: Microsoft.AspNetCore.Hosting
(2025-09-11T04:19:36.1101199Z, 2025-09-11T04:19:37.9574544Z] http.request.method: POST url.scheme: http LongSumNonMonotonic
Value: 0
(2025-09-11T04:19:36.1101199Z, 2025-09-11T04:19:37.9574544Z] http.request.method: GET url.scheme: http LongSumNonMonotonic
Value: 0
(2025-09-11T04:19:36.1101199Z, 2025-09-11T04:19:37.9574544Z] http.request.method: GET url.scheme: https LongSumNonMonotonic
Value: 0
Metric Name: http.server.request.duration, Duration of HTTP server requests., Unit: s, Meter: Microsoft.AspNetCore.Hosting
(2025-09-11T04:19:36.1101352Z, 2025-09-11T04:19:37.9574553Z] http.request.method: POST http.response.status_code: 200 http.route: api/Auth/register network.protocol.version: 1.1 url.scheme: http Histogram
Value: Sum: 1.8065578 Count: 6 Min: 0.2981079 Max: 0.3047926 
(-Infinity,0.005]:0
(0.005,0.01]:0
(0.01,0.025]:0
(0.025,0.05]:0
(0.05,0.075]:0
(0.075,0.1]:0
(0.1,0.25]:0
(0.25,0.5]:6
(0.5,0.75]:0
(0.75,1]:0
(1,2.5]:0
(2.5,5]:0
(5,7.5]:0
(7.5,10]:0
(10,+Infinity]:0
(2025-09-11T04:19:36.1101352Z, 2025-09-11T04:19:37.9574553Z] http.request.method: GET http.response.status_code: 200 http.route: api/People network.protocol.version: 1.1 url.scheme: http Histogram
Value: Sum: 0.0168608 Count: 5 Min: 0.0003641 Max: 0.0121364 
(-Infinity,0.005]:4
(0.005,0.01]:0
(0.01,0.025]:1
(0.025,0.05]:0
(0.05,0.075]:0
(0.075,0.1]:0
(0.1,0.25]:0
(0.25,0.5]:0
(0.5,0.75]:0
(0.75,1]:0
(1,2.5]:0
(2.5,5]:0
(5,7.5]:0
(7.5,10]:0
(10,+Infinity]:0
(2025-09-11T04:19:36.1101352Z, 2025-09-11T04:19:37.9574553Z] http.request.method: GET http.response.status_code: 200 http.route: api/People network.protocol.version: 1.1 url.scheme: https Histogram
Value: Sum: 0.0003898 Count: 1 Min: 0.0003898 Max: 0.0003898 
(-Infinity,0.005]:1
(0.005,0.01]:0
(0.01,0.025]:0
(0.025,0.05]:0
(0.05,0.075]:0
(0.075,0.1]:0
(0.1,0.25]:0
(0.25,0.5]:0
(0.5,0.75]:0
(0.75,1]:0
(1,2.5]:0
(2.5,5]:0
(5,7.5]:0
(7.5,10]:0
(10,+Infinity]:0
(2025-09-11T04:19:36.1101352Z, 2025-09-11T04:19:37.9574553Z] http.request.method: GET http.response.status_code: 200 http.route: /health network.protocol.version: 1.1 url.scheme: http Histogram
Value: Sum: 0.0033852 Count: 1 Min: 0.0033852 Max: 0.0033852 
(-Infinity,0.005]:1
(0.005,0.01]:0
(0.01,0.025]:0
(0.025,0.05]:0
(0.05,0.075]:0
(0.075,0.1]:0
(0.1,0.25]:0
(0.25,0.5]:0
(0.5,0.75]:0
(0.75,1]:0
(1,2.5]:0
(2.5,5]:0
(5,7.5]:0
(7.5,10]:0
(10,+Infinity]:0
Metric Name: aspnetcore.rate_limiting.active_request_leases, Number of HTTP requests that are currently active on the server that hold a rate limiting lease., Unit: {request}, Meter: Microsoft.AspNetCore.RateLimiting
(2025-09-11T04:19:36.1119310Z, 2025-09-11T04:19:37.9574555Z] LongSumNonMonotonic
Value: 0
Metric Name: aspnetcore.rate_limiting.request_lease.duration, The duration of rate limiting leases held by HTTP requests on the server., Unit: s, Meter: Microsoft.AspNetCore.RateLimiting
(2025-09-11T04:19:36.1119486Z, 2025-09-11T04:19:37.9574557Z] Histogram
Value: Sum: 1.8219841 Count: 13 Min: 0.0002405 Max: 0.3047186 
(-Infinity,0.005]:6
(0.005,0.01]:0
(0.01,0.025]:1
(0.025,0.05]:0
(0.05,0.075]:0
(0.075,0.1]:0
(0.1,0.25]:0
(0.25,0.5]:6
(0.5,0.75]:0
(0.75,1]:0
(1,2.5]:0
(2.5,5]:0
(5,7.5]:0
(7.5,10]:0
(10,+Infinity]:0
Metric Name: aspnetcore.rate_limiting.requests, Number of requests that tried to acquire a rate limiting lease. Requests could be rejected by global or endpoint rate limiting policies. Or the request could be canceled while waiting for the lease., Unit: {request}, Meter: Microsoft.AspNetCore.RateLimiting
(2025-09-11T04:19:36.1119823Z, 2025-09-11T04:19:37.9574587Z] aspnetcore.rate_limiting.result: acquired LongSum
Value: 13
Metric Name: aspnetcore.routing.match_attempts, Number of requests that were attempted to be matched to an endpoint., Unit: {match_attempt}, Meter: Microsoft.AspNetCore.Routing
(2025-09-11T04:19:36.1126965Z, 2025-09-11T04:19:37.9574589Z] aspnetcore.routing.is_fallback: false aspnetcore.routing.match_status: success http.route: api/Auth/register LongSum
Value: 6
(2025-09-11T04:19:36.1126965Z, 2025-09-11T04:19:37.9574589Z] aspnetcore.routing.is_fallback: false aspnetcore.routing.match_status: success http.route: api/People LongSum
Value: 6
(2025-09-11T04:19:36.1126965Z, 2025-09-11T04:19:37.9574589Z] aspnetcore.routing.is_fallback: false aspnetcore.routing.match_status: success http.route: /health LongSum
Value: 1
[xUnit.net 00:01:48.00]   Finished:    Tests.Integration.Backend
</StdOut>
    </Output>
    <RunInfos>
      <RunInfo computerName="runnervmf4ws1" outcome="Error" timestamp="2025-09-11T04:18:12.1166855+00:00">
        <Text>[xUnit.net 00:00:22.15]     Tests.Integration.Backend.OutputCaching.ConditionalRequestTests.GetRequest_WithIfModifiedSince_ShouldReturn304_WhenNotModified [FAIL]</Text>
      </RunInfo>
      <RunInfo computerName="runnervmf4ws1" outcome="Error" timestamp="2025-09-11T04:18:13.1923568+00:00">
        <Text>[xUnit.net 00:00:23.23]     Tests.Integration.Backend.OutputCaching.ConditionalRequestTests.GetRequest_WithIfNoneMatch_ShouldReturn304_WhenETagMatches [FAIL]</Text>
      </RunInfo>
      <RunInfo computerName="runnervmf4ws1" outcome="Warning" timestamp="2025-09-11T04:18:37.4396375+00:00">
        <Text>[xUnit.net 00:00:47.48]     Tests.Integration.Backend.Controllers.PeopleControllerTests.PUT_People_Should_Update_Person_Roles [SKIP]</Text>
      </RunInfo>
      <RunInfo computerName="runnervmf4ws1" outcome="Error" timestamp="2025-09-11T04:18:49.4749817+00:00">
        <Text>[xUnit.net 00:00:59.51]     Tests.Integration.Backend.OutputCaching.CachingE2ETests.CompleteCachingWorkflow_ShouldPerformAsExpected [FAIL]</Text>
      </RunInfo>
    </RunInfos>
  </ResultSummary>
</TestRun>