<?xml version="1.0" encoding="utf-8"?>
<TestRun id="2575b50c-21ec-4817-b99b-fe20369a01c6" name="@runnervmf4ws1 2025-09-11 05:33:48" xmlns="http://microsoft.com/schemas/VisualStudio/TeamTest/2010">
  <Times creation="2025-09-11T05:33:48.5903801+00:00" queuing="2025-09-11T05:33:48.5903802+00:00" start="2025-09-11T05:33:45.1437648+00:00" finish="2025-09-11T05:35:33.2570387+00:00" />
  <TestSettings name="default" id="8239be48-7c40-4339-a469-6303b2594409">
    <Deployment runDeploymentRoot="_runnervmf4ws1_2025-09-11_05_33_48" />
  </TestSettings>
  <Results>
    <UnitTestResult executionId="c416a003-395d-4ed9-8584-504649aae86e" testId="17dbb37c-0ae3-4711-733a-8ec5b81611d9" testName="Tests.Integration.Backend.Controllers.AuthControllerTests.POST_Register_Should_Create_User_And_Return_Tokens" computerName="runnervmf4ws1" duration="00:00:00.5233117" startTime="2025-09-11T05:34:05.3673831+00:00" endTime="2025-09-11T05:34:05.3673836+00:00" testType="13cdc9d9-ddb5-4fa4-a97d-d965ccfc6d4b" outcome="Passed" testListId="8c84fa94-04c1-424b-9868-57a2d4851a1d" relativeResultsDirectory="c416a003-395d-4ed9-8584-504649aae86e" />
    <UnitTestResult executionId="2c04a2d8-721d-49db-8076-3e916db0e31a" testId="41b3b4e1-06a8-534f-90a6-fb2576f3807d" testName="Tests.Integration.Backend.OutputCaching.CachingE2ETests.EntityCaching_ShouldCacheIndividualEntities" computerName="runnervmf4ws1" duration="00:00:00.5704082" startTime="2025-09-11T05:34:00.1292773+00:00" endTime="2025-09-11T05:34:00.1292776+00:00" testType="13cdc9d9-ddb5-4fa4-a97d-d965ccfc6d4b" outcome="Passed" testListId="8c84fa94-04c1-424b-9868-57a2d4851a1d" relativeResultsDirectory="2c04a2d8-721d-49db-8076-3e916db0e31a">
      <Output>
        <StdOut>Average cached response time: 3.8ms</StdOut>
      </Output>
    </UnitTestResult>
    <UnitTestResult executionId="ac02f7d0-90ba-4905-b8b9-2c4bc2831acc" testId="84be9167-1ae7-c4b1-fa12-da145604b354" testName="Tests.Integration.Backend.Controllers.AuthControllerPasswordResetTests.POST_ValidateResetToken_WithValidToken_Should_Return_Valid_Status" computerName="runnervmf4ws1" duration="00:00:00.3404148" startTime="2025-09-11T05:35:16.9494102+00:00" endTime="2025-09-11T05:35:16.9494102+00:00" testType="13cdc9d9-ddb5-4fa4-a97d-d965ccfc6d4b" outcome="Passed" testListId="8c84fa94-04c1-424b-9868-57a2d4851a1d" relativeResultsDirectory="ac02f7d0-90ba-4905-b8b9-2c4bc2831acc" />
    <UnitTestResult executionId="d7328190-7937-46c7-af3b-557f9381331a" testId="47bac687-f373-0ca2-6e08-37ce4bb5fb7e" testName="Tests.Integration.Backend.OutputCaching.OutputCachingTests.GetRoles_ShouldReturnConsistentResponses" computerName="runnervmf4ws1" duration="00:00:00.5387680" startTime="2025-09-11T05:34:27.5496872+00:00" endTime="2025-09-11T05:34:27.5496874+00:00" testType="13cdc9d9-ddb5-4fa4-a97d-d965ccfc6d4b" outcome="Passed" testListId="8c84fa94-04c1-424b-9868-57a2d4851a1d" relativeResultsDirectory="d7328190-7937-46c7-af3b-557f9381331a" />
    <UnitTestResult executionId="51f703b7-38c9-441b-8d26-57337ecd0d15" testId="187ff446-ae11-3e2e-df34-66d33f545ac9" testName="Tests.Integration.Backend.Controllers.ApiHealthTests.All_Controllers_Should_Be_Accessible(endpoint: &quot;/api/roles&quot;)" computerName="runnervmf4ws1" duration="00:00:00.3098750" startTime="2025-09-11T05:34:58.0262189+00:00" endTime="2025-09-11T05:34:58.0262190+00:00" testType="13cdc9d9-ddb5-4fa4-a97d-d965ccfc6d4b" outcome="Passed" testListId="8c84fa94-04c1-424b-9868-57a2d4851a1d" relativeResultsDirectory="51f703b7-38c9-441b-8d26-57337ecd0d15" />
    <UnitTestResult executionId="f6fe6323-d7d5-4b44-99bd-ec1154d0e32d" testId="89abbdd3-2d4a-032e-64a6-9a76add4cdf5" testName="Tests.Integration.Backend.Controllers.WindowsControllerTests.Windows_Should_Handle_Boolean_Properties_Correctly" computerName="runnervmf4ws1" duration="00:00:01.2011607" startTime="2025-09-11T05:35:26.9263897+00:00" endTime="2025-09-11T05:35:26.9263898+00:00" testType="13cdc9d9-ddb5-4fa4-a97d-d965ccfc6d4b" outcome="Passed" testListId="8c84fa94-04c1-424b-9868-57a2d4851a1d" relativeResultsDirectory="f6fe6323-d7d5-4b44-99bd-ec1154d0e32d" />
    <UnitTestResult executionId="91b99a91-ce11-40df-9646-29a49e6f7a80" testId="02f305ed-30cd-4399-cb1c-75d62f144801" testName="Tests.Integration.Backend.OutputCaching.OutputCachingConfigurationTests.OutputCaching_ShouldHaveNamedPolicies" computerName="runnervmf4ws1" duration="00:00:00.0002783" startTime="2025-09-11T05:35:14.1732269+00:00" endTime="2025-09-11T05:35:14.1732269+00:00" testType="13cdc9d9-ddb5-4fa4-a97d-d965ccfc6d4b" outcome="Passed" testListId="8c84fa94-04c1-424b-9868-57a2d4851a1d" relativeResultsDirectory="91b99a91-ce11-40df-9646-29a49e6f7a80" />
    <UnitTestResult executionId="55e074d2-62ab-4abc-881d-e9ab847f68d8" testId="d962a0d7-c5e8-e659-8957-69cdfae1f523" testName="Tests.Integration.Backend.Controllers.DatabaseControllerTests.GET_Database_ValidatePreTest_Should_Return_Validation_Result" computerName="runnervmf4ws1" duration="00:00:00.3192354" startTime="2025-09-11T05:33:49.4301574+00:00" endTime="2025-09-11T05:33:49.4301576+00:00" testType="13cdc9d9-ddb5-4fa4-a97d-d965ccfc6d4b" outcome="Passed" testListId="8c84fa94-04c1-424b-9868-57a2d4851a1d" relativeResultsDirectory="55e074d2-62ab-4abc-881d-e9ab847f68d8" />
    <UnitTestResult executionId="077624f5-3e29-4ff1-b0d2-f060ca3e90ca" testId="d4d4848b-8d11-cc53-4c2f-7b3836864b98" testName="Tests.Integration.Backend.Controllers.AuthControllerTests.POST_Logout_Should_Revoke_RefreshToken" computerName="runnervmf4ws1" duration="00:00:00.8479355" startTime="2025-09-11T05:34:03.7857198+00:00" endTime="2025-09-11T05:34:03.7857201+00:00" testType="13cdc9d9-ddb5-4fa4-a97d-d965ccfc6d4b" outcome="Passed" testListId="8c84fa94-04c1-424b-9868-57a2d4851a1d" relativeResultsDirectory="077624f5-3e29-4ff1-b0d2-f060ca3e90ca" />
    <UnitTestResult executionId="bde38322-3e59-4c4e-87ee-81d17f42749f" testId="4fb3036c-0d92-3b62-20b9-33331422414d" testName="Tests.Integration.Backend.Controllers.AuthControllerTests.Protected_Endpoint_Should_Return_Unauthorized_Without_Token" computerName="runnervmf4ws1" duration="00:00:00.2274667" startTime="2025-09-11T05:34:05.5953108+00:00" endTime="2025-09-11T05:34:05.5953111+00:00" testType="13cdc9d9-ddb5-4fa4-a97d-d965ccfc6d4b" outcome="Passed" testListId="8c84fa94-04c1-424b-9868-57a2d4851a1d" relativeResultsDirectory="bde38322-3e59-4c4e-87ee-81d17f42749f" />
    <UnitTestResult executionId="cedb7a62-2520-4150-b189-2d13cb8f8cb6" testId="5b94e67b-8161-a4c1-a97f-c638ed8f05ba" testName="Tests.Integration.Backend.Controllers.PeopleControllerTests.GET_People_Should_Return_All_People" computerName="runnervmf4ws1" duration="00:00:01.1255764" startTime="2025-09-11T05:34:55.1399815+00:00" endTime="2025-09-11T05:34:55.1399816+00:00" testType="13cdc9d9-ddb5-4fa4-a97d-d965ccfc6d4b" outcome="Passed" testListId="8c84fa94-04c1-424b-9868-57a2d4851a1d" relativeResultsDirectory="cedb7a62-2520-4150-b189-2d13cb8f8cb6" />
    <UnitTestResult executionId="a0c1c339-2f1a-4767-ab20-931345239780" testId="cce4bcb7-a8a4-30d2-f887-eca92f2b74be" testName="Tests.Integration.Backend.Controllers.PeopleControllerTests.POST_People_Should_Create_Person_With_Roles" computerName="runnervmf4ws1" duration="00:00:00.9209811" startTime="2025-09-11T05:34:43.9578844+00:00" endTime="2025-09-11T05:34:43.9578845+00:00" testType="13cdc9d9-ddb5-4fa4-a97d-d965ccfc6d4b" outcome="Passed" testListId="8c84fa94-04c1-424b-9868-57a2d4851a1d" relativeResultsDirectory="a0c1c339-2f1a-4767-ab20-931345239780" />
    <UnitTestResult executionId="4c32d7db-4b38-40e7-8ed2-17ff495704b4" testId="3f2238c8-a9eb-4aa1-b9fa-c736db0a92cb" testName="Tests.Integration.Backend.OutputCaching.ConditionalRequestTests.GetRequest_WithIfNoneMatch_ShouldReturn200_WhenETagDoesNotMatch" computerName="runnervmf4ws1" duration="00:00:01.1403304" startTime="2025-09-11T05:35:12.9150564+00:00" endTime="2025-09-11T05:35:12.9150565+00:00" testType="13cdc9d9-ddb5-4fa4-a97d-d965ccfc6d4b" outcome="Passed" testListId="8c84fa94-04c1-424b-9868-57a2d4851a1d" relativeResultsDirectory="4c32d7db-4b38-40e7-8ed2-17ff495704b4" />
    <UnitTestResult executionId="4e8e118d-b120-4207-bd73-5bfbf2a8cfbd" testId="dfaed238-70c1-ab80-405a-08edfd13c1ba" testName="Tests.Integration.Backend.Controllers.WindowsControllerTests.POST_Windows_Should_Create_Window_And_Return_201" computerName="runnervmf4ws1" duration="00:00:00.6029606" startTime="2025-09-11T05:35:23.0108928+00:00" endTime="2025-09-11T05:35:23.0108928+00:00" testType="13cdc9d9-ddb5-4fa4-a97d-d965ccfc6d4b" outcome="Passed" testListId="8c84fa94-04c1-424b-9868-57a2d4851a1d" relativeResultsDirectory="4e8e118d-b120-4207-bd73-5bfbf2a8cfbd" />
    <UnitTestResult executionId="2e666777-14b0-40e5-b268-b43284592188" testId="34d6d731-abe6-2c2d-f525-44f047db1777" testName="Tests.Integration.Backend.Controllers.WallsControllerTests.POST_Wall_Should_Handle_Optional_Fields" computerName="runnervmf4ws1" duration="00:00:00.6717521" startTime="2025-09-11T05:34:31.3447287+00:00" endTime="2025-09-11T05:34:31.3447288+00:00" testType="13cdc9d9-ddb5-4fa4-a97d-d965ccfc6d4b" outcome="Passed" testListId="8c84fa94-04c1-424b-9868-57a2d4851a1d" relativeResultsDirectory="2e666777-14b0-40e5-b268-b43284592188" />
    <UnitTestResult executionId="8d65087f-242e-407a-9b4a-89d262c6ed72" testId="43b9d173-0889-c0cd-91e8-55b0783b32ae" testName="Tests.Integration.Backend.OutputCaching.CacheInvalidationTests.DeletePerson_ShouldInvalidateListCache" computerName="runnervmf4ws1" duration="00:00:01.1413088" startTime="2025-09-11T05:34:22.4593788+00:00" endTime="2025-09-11T05:34:22.4593790+00:00" testType="13cdc9d9-ddb5-4fa4-a97d-d965ccfc6d4b" outcome="Passed" testListId="8c84fa94-04c1-424b-9868-57a2d4851a1d" relativeResultsDirectory="8d65087f-242e-407a-9b4a-89d262c6ed72" />
    <UnitTestResult executionId="cbb60a02-f93b-49e7-a9a9-ebc61c3c822a" testId="47dc67ee-ce10-2cea-0c24-ab118e917beb" testName="Tests.Integration.Backend.Controllers.ApiHealthTests.API_Should_Handle_Invalid_HTTP_Methods" computerName="runnervmf4ws1" duration="00:00:00.5970145" startTime="2025-09-11T05:35:03.1933096+00:00" endTime="2025-09-11T05:35:03.1933096+00:00" testType="13cdc9d9-ddb5-4fa4-a97d-d965ccfc6d4b" outcome="Passed" testListId="8c84fa94-04c1-424b-9868-57a2d4851a1d" relativeResultsDirectory="cbb60a02-f93b-49e7-a9a9-ebc61c3c822a" />
    <UnitTestResult executionId="dc6787a4-13d8-4da3-a3b2-ef5c9eaf2665" testId="927ecc12-27fc-afb1-a7a2-a42476361110" testName="Tests.Integration.Backend.E2E.AuthenticationE2ETests.Role_Based_Access_Should_Work" computerName="runnervmf4ws1" duration="00:00:00.3878426" startTime="2025-09-11T05:35:31.2383739+00:00" endTime="2025-09-11T05:35:31.2383739+00:00" testType="13cdc9d9-ddb5-4fa4-a97d-d965ccfc6d4b" outcome="Passed" testListId="8c84fa94-04c1-424b-9868-57a2d4851a1d" relativeResultsDirectory="dc6787a4-13d8-4da3-a3b2-ef5c9eaf2665" />
    <UnitTestResult executionId="ad8e41a7-bc3d-4596-b849-96f6c9342182" testId="9c4bd49d-31a4-6530-0f02-8fe23a54becf" testName="Tests.Integration.Backend.Controllers.DatabaseControllerTests.GET_Database_Status_Should_Return_Database_Statistics" computerName="runnervmf4ws1" duration="00:00:00.2693211" startTime="2025-09-11T05:33:49.9562704+00:00" endTime="2025-09-11T05:33:49.9562709+00:00" testType="13cdc9d9-ddb5-4fa4-a97d-d965ccfc6d4b" outcome="Passed" testListId="8c84fa94-04c1-424b-9868-57a2d4851a1d" relativeResultsDirectory="ad8e41a7-bc3d-4596-b849-96f6c9342182" />
    <UnitTestResult executionId="e5f6be9b-729f-4de6-ac7e-f1ae2bb9596c" testId="8e410b3f-ed9f-5189-87a9-0a81e42ccd93" testName="Tests.Integration.Backend.Controllers.AuthControllerPasswordResetTests.POST_ForgotPassword_WithInvalidEmail_Should_Return_BadRequest" computerName="runnervmf4ws1" duration="00:00:00.2276258" startTime="2025-09-11T05:35:15.0718509+00:00" endTime="2025-09-11T05:35:15.0718510+00:00" testType="13cdc9d9-ddb5-4fa4-a97d-d965ccfc6d4b" outcome="Passed" testListId="8c84fa94-04c1-424b-9868-57a2d4851a1d" relativeResultsDirectory="e5f6be9b-729f-4de6-ac7e-f1ae2bb9596c" />
    <UnitTestResult executionId="9c1a9415-8077-4fd5-b43e-0d6125dc5b37" testId="494ff55a-87c7-5f37-d44c-a6dbdeeb90c7" testName="Tests.Integration.Backend.Controllers.WindowsControllerTests.GET_Window_By_Id_Should_Return_404_When_Not_Exists" computerName="runnervmf4ws1" duration="00:00:00.3014566" startTime="2025-09-11T05:35:25.7247868+00:00" endTime="2025-09-11T05:35:25.7247868+00:00" testType="13cdc9d9-ddb5-4fa4-a97d-d965ccfc6d4b" outcome="Passed" testListId="8c84fa94-04c1-424b-9868-57a2d4851a1d" relativeResultsDirectory="9c1a9415-8077-4fd5-b43e-0d6125dc5b37" />
    <UnitTestResult executionId="ed68e546-90db-46d8-a32f-11438ce3eaca" testId="76fbe764-5e84-e751-cc4c-187af70eca54" testName="Tests.Integration.Backend.Infrastructure.GenericRepositoryIntegrationTests.GenericRepository_ShouldWorkWithSpecifications_EndToEnd" computerName="runnervmf4ws1" duration="00:00:00.2812393" startTime="2025-09-11T05:34:56.8121910+00:00" endTime="2025-09-11T05:34:56.8121911+00:00" testType="13cdc9d9-ddb5-4fa4-a97d-d965ccfc6d4b" outcome="Passed" testListId="8c84fa94-04c1-424b-9868-57a2d4851a1d" relativeResultsDirectory="ed68e546-90db-46d8-a32f-11438ce3eaca" />
    <UnitTestResult executionId="57d204a6-2c63-468a-ace9-8f0b9dd5bac0" testId="a607d0ef-948b-6788-8be8-6f42840aa828" testName="Tests.Integration.Backend.Controllers.ApiHealthTests.All_Endpoints_Should_Support_Expected_HTTP_Methods(method: &quot;GET&quot;, endpoint: &quot;/api/roles&quot;)" computerName="runnervmf4ws1" duration="00:00:00.2994514" startTime="2025-09-11T05:35:01.9945024+00:00" endTime="2025-09-11T05:35:01.9945024+00:00" testType="13cdc9d9-ddb5-4fa4-a97d-d965ccfc6d4b" outcome="Passed" testListId="8c84fa94-04c1-424b-9868-57a2d4851a1d" relativeResultsDirectory="57d204a6-2c63-468a-ace9-8f0b9dd5bac0" />
    <UnitTestResult executionId="2692b2fa-dd09-41e5-b1ef-d8bf4eb7744a" testId="d818e0b1-081a-89e5-4910-f245961c9079" testName="Tests.Integration.Backend.Controllers.ApiHealthTests.All_Endpoints_Should_Support_Expected_HTTP_Methods(method: &quot;GET&quot;, endpoint: &quot;/api/walls&quot;)" computerName="runnervmf4ws1" duration="00:00:00.3109435" startTime="2025-09-11T05:35:01.6947042+00:00" endTime="2025-09-11T05:35:01.6947042+00:00" testType="13cdc9d9-ddb5-4fa4-a97d-d965ccfc6d4b" outcome="Passed" testListId="8c84fa94-04c1-424b-9868-57a2d4851a1d" relativeResultsDirectory="2692b2fa-dd09-41e5-b1ef-d8bf4eb7744a" />
    <UnitTestResult executionId="567197f0-ee81-4e42-abc6-3b01c72b6ffc" testId="0dfe4e62-1a92-361e-05c3-42444e197ce6" testName="Tests.Integration.Backend.OutputCaching.OutputCachingConfigurationTests.OutputCachePolicies_ShouldHaveCorrectDurations(policyName: &quot;WallsPolicy&quot;, expectedDurationSeconds: 600)" computerName="runnervmf4ws1" duration="00:00:00.0000056" startTime="2025-09-11T05:35:14.1485185+00:00" endTime="2025-09-11T05:35:14.1485185+00:00" testType="13cdc9d9-ddb5-4fa4-a97d-d965ccfc6d4b" outcome="Passed" testListId="8c84fa94-04c1-424b-9868-57a2d4851a1d" relativeResultsDirectory="567197f0-ee81-4e42-abc6-3b01c72b6ffc" />
    <UnitTestResult executionId="8f88f816-887c-4491-be3e-bb7b43d4ddd3" testId="6ab30ede-2d43-e3c2-d85a-058d5fd2dee1" testName="Tests.Integration.Backend.E2E.AuthenticationE2ETests.Refresh_Token_Rotation_Should_Work" computerName="runnervmf4ws1" duration="00:00:00.3222435" startTime="2025-09-11T05:35:32.8531106+00:00" endTime="2025-09-11T05:35:32.8531108+00:00" testType="13cdc9d9-ddb5-4fa4-a97d-d965ccfc6d4b" outcome="Passed" testListId="8c84fa94-04c1-424b-9868-57a2d4851a1d" relativeResultsDirectory="8f88f816-887c-4491-be3e-bb7b43d4ddd3" />
    <UnitTestResult executionId="2f785858-2d26-4de3-9e6e-a66a404b428e" testId="a6bb128b-1161-cbb2-5ff4-da08f9a71fbf" testName="Tests.Integration.Backend.Controllers.PeopleControllerTests.GET_People_Should_Return_401_Without_Authentication" computerName="runnervmf4ws1" duration="00:00:00.2279516" startTime="2025-09-11T05:34:47.2142634+00:00" endTime="2025-09-11T05:34:47.2142635+00:00" testType="13cdc9d9-ddb5-4fa4-a97d-d965ccfc6d4b" outcome="Passed" testListId="8c84fa94-04c1-424b-9868-57a2d4851a1d" relativeResultsDirectory="2f785858-2d26-4de3-9e6e-a66a404b428e" />
    <UnitTestResult executionId="a63eec43-dcdc-4b02-af9d-81e14d851d86" testId="74823db9-4157-34a3-9710-5272b5fb4159" testName="Tests.Integration.Backend.OutputCaching.OutputCachingConfigurationTests.OutputCachePolicies_ShouldHaveCorrectDurations(policyName: &quot;WindowsPolicy&quot;, expectedDurationSeconds: 600)" computerName="runnervmf4ws1" duration="00:00:00.0663176" startTime="2025-09-11T05:35:14.1482802+00:00" endTime="2025-09-11T05:35:14.1482802+00:00" testType="13cdc9d9-ddb5-4fa4-a97d-d965ccfc6d4b" outcome="Passed" testListId="8c84fa94-04c1-424b-9868-57a2d4851a1d" relativeResultsDirectory="a63eec43-dcdc-4b02-af9d-81e14d851d86" />
    <UnitTestResult executionId="7ae14b05-7dc3-4863-8c0c-7558b9e2cd1c" testId="60a682be-767f-9c17-a43b-33d1adbef252" testName="Tests.Integration.Backend.Controllers.PeopleControllerTests.POST_People_Should_Return_401_Without_Authentication" computerName="runnervmf4ws1" duration="00:00:00.2238960" startTime="2025-09-11T05:34:49.3822556+00:00" endTime="2025-09-11T05:34:49.3822557+00:00" testType="13cdc9d9-ddb5-4fa4-a97d-d965ccfc6d4b" outcome="Passed" testListId="8c84fa94-04c1-424b-9868-57a2d4851a1d" relativeResultsDirectory="7ae14b05-7dc3-4863-8c0c-7558b9e2cd1c" />
    <UnitTestResult executionId="eba6583e-dc9a-4c13-b521-b9e9f3f261cb" testId="d9ffd841-a3fd-b913-e8c1-55347431d17d" testName="Tests.Integration.Backend.Controllers.WindowsControllerTests.GET_Windows_Should_Return_All_Windows" computerName="runnervmf4ws1" duration="00:00:01.5106021" startTime="2025-09-11T05:35:21.8070082+00:00" endTime="2025-09-11T05:35:21.8070083+00:00" testType="13cdc9d9-ddb5-4fa4-a97d-d965ccfc6d4b" outcome="Passed" testListId="8c84fa94-04c1-424b-9868-57a2d4851a1d" relativeResultsDirectory="eba6583e-dc9a-4c13-b521-b9e9f3f261cb" />
    <UnitTestResult executionId="3498994a-5538-4584-a132-44321fd1f13c" testId="e9e2b921-0a1d-aae8-34e0-f52557170fc1" testName="Tests.Integration.Backend.Controllers.WallsControllerTests.GET_Walls_Should_Return_All_Walls" computerName="runnervmf4ws1" duration="00:00:01.7285913" startTime="2025-09-11T05:34:34.0057917+00:00" endTime="2025-09-11T05:34:34.0057918+00:00" testType="13cdc9d9-ddb5-4fa4-a97d-d965ccfc6d4b" outcome="Passed" testListId="8c84fa94-04c1-424b-9868-57a2d4851a1d" relativeResultsDirectory="3498994a-5538-4584-a132-44321fd1f13c" />
    <UnitTestResult executionId="534cfd9a-a50e-457e-a6b5-3ee2422bb1fb" testId="3aa435ad-a9a4-65ee-4bc9-21f73753b103" testName="Tests.Integration.Backend.OutputCaching.OutputCachingConfigurationTests.OutputCaching_ShouldBeRegisteredInServices" computerName="runnervmf4ws1" duration="00:00:00.0001410" startTime="2025-09-11T05:35:14.1733971+00:00" endTime="2025-09-11T05:35:14.1733971+00:00" testType="13cdc9d9-ddb5-4fa4-a97d-d965ccfc6d4b" outcome="Passed" testListId="8c84fa94-04c1-424b-9868-57a2d4851a1d" relativeResultsDirectory="534cfd9a-a50e-457e-a6b5-3ee2422bb1fb" />
    <UnitTestResult executionId="f10fdbfd-990e-444c-a3b9-f2ec0bdd673d" testId="d0fa0570-460f-ec62-156b-5af9612d66a8" testName="Tests.Integration.Backend.Compression.ResponseCompressionTests.HttpsResponse_ShouldSupportCompression" computerName="runnervmf4ws1" duration="00:00:00.3009578" startTime="2025-09-11T05:34:30.0623153+00:00" endTime="2025-09-11T05:34:30.0623155+00:00" testType="13cdc9d9-ddb5-4fa4-a97d-d965ccfc6d4b" outcome="Passed" testListId="8c84fa94-04c1-424b-9868-57a2d4851a1d" relativeResultsDirectory="f10fdbfd-990e-444c-a3b9-f2ec0bdd673d" />
    <UnitTestResult executionId="689e2107-8e00-417c-90fa-cb546b6486ba" testId="2bf8b19c-cf08-fc4d-1420-d095f4b1337b" testName="Tests.Integration.Backend.Controllers.AuthControllerTests.POST_Register_Should_Return_BadRequest_For_Invalid_Email" computerName="runnervmf4ws1" duration="00:00:00.3468139" startTime="2025-09-11T05:34:00.4780609+00:00" endTime="2025-09-11T05:34:00.4780611+00:00" testType="13cdc9d9-ddb5-4fa4-a97d-d965ccfc6d4b" outcome="Passed" testListId="8c84fa94-04c1-424b-9868-57a2d4851a1d" relativeResultsDirectory="689e2107-8e00-417c-90fa-cb546b6486ba" />
    <UnitTestResult executionId="dbeac06d-3729-4dea-84a1-dbc82eeb5299" testId="1089b26f-11d1-1b14-2fb8-2326613cba50" testName="Tests.Integration.Backend.Controllers.ApiHealthTests.All_Endpoints_Should_Support_Expected_HTTP_Methods(method: &quot;POST&quot;, endpoint: &quot;/api/windows&quot;)" computerName="runnervmf4ws1" duration="00:00:00.6176283" startTime="2025-09-11T05:35:00.4728950+00:00" endTime="2025-09-11T05:35:00.4728950+00:00" testType="13cdc9d9-ddb5-4fa4-a97d-d965ccfc6d4b" outcome="Passed" testListId="8c84fa94-04c1-424b-9868-57a2d4851a1d" relativeResultsDirectory="dbeac06d-3729-4dea-84a1-dbc82eeb5299" />
    <UnitTestResult executionId="bdb5daa9-1b80-485b-986e-af03d577d172" testId="96921323-114c-162a-b25a-d2db1a76a43f" testName="Tests.Integration.Backend.Controllers.ApiHealthTests.API_Should_Return_JSON_Content_Type" computerName="runnervmf4ws1" duration="00:00:00.2994987" startTime="2025-09-11T05:35:02.5957461+00:00" endTime="2025-09-11T05:35:02.5957462+00:00" testType="13cdc9d9-ddb5-4fa4-a97d-d965ccfc6d4b" outcome="Passed" testListId="8c84fa94-04c1-424b-9868-57a2d4851a1d" relativeResultsDirectory="bdb5daa9-1b80-485b-986e-af03d577d172" />
    <UnitTestResult executionId="00448a48-0eff-4bb3-b169-da34609dc16e" testId="8b7765b0-2273-0340-cca9-006e0a342472" testName="Tests.Integration.Backend.Controllers.WindowsControllerTests.Windows_Should_Persist_Timestamps_Correctly" computerName="runnervmf4ws1" duration="00:00:01.5944375" startTime="2025-09-11T05:35:28.5212580+00:00" endTime="2025-09-11T05:35:28.5212580+00:00" testType="13cdc9d9-ddb5-4fa4-a97d-d965ccfc6d4b" outcome="Passed" testListId="8c84fa94-04c1-424b-9868-57a2d4851a1d" relativeResultsDirectory="00448a48-0eff-4bb3-b169-da34609dc16e" />
    <UnitTestResult executionId="a2492c11-d78c-49ab-b80c-c26def0a24e1" testId="d513fe07-1dc8-1c74-2c21-98142b85dcfb" testName="Tests.Integration.Backend.Controllers.ApiHealthTests.All_Endpoints_Should_Support_Expected_HTTP_Methods(method: &quot;POST&quot;, endpoint: &quot;/api/people&quot;)" computerName="runnervmf4ws1" duration="00:00:00.6088741" startTime="2025-09-11T05:35:01.0821682+00:00" endTime="2025-09-11T05:35:01.0821682+00:00" testType="13cdc9d9-ddb5-4fa4-a97d-d965ccfc6d4b" outcome="Passed" testListId="8c84fa94-04c1-424b-9868-57a2d4851a1d" relativeResultsDirectory="a2492c11-d78c-49ab-b80c-c26def0a24e1" />
    <UnitTestResult executionId="4c12d495-8d0a-484d-8109-55b14ca4130a" testId="a52f36e0-aa87-4104-3036-3d7d9607f688" testName="Tests.Integration.Backend.Compression.ResponseCompressionTests.SmallResponse_ShouldNotBeCompressed_WhenBelowThreshold" computerName="runnervmf4ws1" duration="00:00:00.0052166" startTime="2025-09-11T05:34:30.0678857+00:00" endTime="2025-09-11T05:34:30.0678859+00:00" testType="13cdc9d9-ddb5-4fa4-a97d-d965ccfc6d4b" outcome="Passed" testListId="8c84fa94-04c1-424b-9868-57a2d4851a1d" relativeResultsDirectory="4c12d495-8d0a-484d-8109-55b14ca4130a" />
    <UnitTestResult executionId="1a08ebf3-4aec-4967-a6b0-2aeb5bd7f4bd" testId="fce1fb25-ab7d-1dd5-5d83-ba39255b0e9a" testName="Tests.Integration.Backend.Compression.StaticFileCompressionTests.StaticFiles_ShouldHaveCorrectContentTypes" computerName="runnervmf4ws1" duration="00:00:00.0036030" startTime="2025-09-11T05:34:28.7549184+00:00" endTime="2025-09-11T05:34:28.7549186+00:00" testType="13cdc9d9-ddb5-4fa4-a97d-d965ccfc6d4b" outcome="Passed" testListId="8c84fa94-04c1-424b-9868-57a2d4851a1d" relativeResultsDirectory="1a08ebf3-4aec-4967-a6b0-2aeb5bd7f4bd" />
    <UnitTestResult executionId="d1558972-f227-4e98-a0a2-9c1145778bc6" testId="3b2e3bce-af10-026c-a2ca-d924efcd601d" testName="Tests.Integration.Backend.Compression.StaticFileCompressionTests.JsFile_ShouldBeCompressed_WhenClientSupportsGzip" computerName="runnervmf4ws1" duration="00:00:00.0021832" startTime="2025-09-11T05:34:28.7606051+00:00" endTime="2025-09-11T05:34:28.7606052+00:00" testType="13cdc9d9-ddb5-4fa4-a97d-d965ccfc6d4b" outcome="Passed" testListId="8c84fa94-04c1-424b-9868-57a2d4851a1d" relativeResultsDirectory="d1558972-f227-4e98-a0a2-9c1145778bc6" />
    <UnitTestResult executionId="cdd281f1-4209-4ec4-a0e6-991a2abf53f2" testId="78b405b2-a7b4-22cc-fd25-19657615e9ba" testName="Tests.Integration.Backend.Controllers.PeopleControllerTests.PUT_People_Should_Return_404_For_NonExistent_Person" computerName="runnervmf4ws1" duration="00:00:00.8210456" startTime="2025-09-11T05:34:54.0140314+00:00" endTime="2025-09-11T05:34:54.0140315+00:00" testType="13cdc9d9-ddb5-4fa4-a97d-d965ccfc6d4b" outcome="Passed" testListId="8c84fa94-04c1-424b-9868-57a2d4851a1d" relativeResultsDirectory="cdd281f1-4209-4ec4-a0e6-991a2abf53f2" />
    <UnitTestResult executionId="160bba77-39ac-41ad-8f1f-b0a4800b2279" testId="e883dfad-5803-12bb-5b1f-de2527fafd69" testName="Tests.Integration.Backend.E2E.AuthenticationE2ETests.Concurrent_Requests_Should_Be_Handled_Properly" computerName="runnervmf4ws1" duration="00:00:00.3028419" startTime="2025-09-11T05:35:32.5326066+00:00" endTime="2025-09-11T05:35:32.5326066+00:00" testType="13cdc9d9-ddb5-4fa4-a97d-d965ccfc6d4b" outcome="Passed" testListId="8c84fa94-04c1-424b-9868-57a2d4851a1d" relativeResultsDirectory="160bba77-39ac-41ad-8f1f-b0a4800b2279" />
    <UnitTestResult executionId="2310c491-82ef-4cdc-a5d8-c5d7207b68b1" testId="e164b20e-2591-89f8-06fb-740275819de8" testName="Tests.Integration.Backend.Compression.ResponseCompressionTests.ResponseCompressionServices_ShouldBeRegistered" computerName="runnervmf4ws1" duration="00:00:00.0010012" startTime="2025-09-11T05:34:30.0690282+00:00" endTime="2025-09-11T05:34:30.0690283+00:00" testType="13cdc9d9-ddb5-4fa4-a97d-d965ccfc6d4b" outcome="Passed" testListId="8c84fa94-04c1-424b-9868-57a2d4851a1d" relativeResultsDirectory="2310c491-82ef-4cdc-a5d8-c5d7207b68b1" />
    <UnitTestResult executionId="62bb2589-ca49-4845-a5e1-e5aeede4b2c5" testId="7ad6cdf7-78b9-6f08-7531-fe00a6e266bc" testName="Tests.Integration.Backend.OutputCaching.CacheInvalidationTests.PostWall_ShouldInvalidateWallsCache" computerName="runnervmf4ws1" duration="00:00:01.1571807" startTime="2025-09-11T05:34:24.7513539+00:00" endTime="2025-09-11T05:34:24.7513541+00:00" testType="13cdc9d9-ddb5-4fa4-a97d-d965ccfc6d4b" outcome="Passed" testListId="8c84fa94-04c1-424b-9868-57a2d4851a1d" relativeResultsDirectory="62bb2589-ca49-4845-a5e1-e5aeede4b2c5" />
    <UnitTestResult executionId="930c1397-4712-4f8c-a1d1-4067ea9a07c8" testId="dc62b2c0-66b3-fee4-dcd7-e086c4c46187" testName="Tests.Integration.Backend.Controllers.WallsControllerTests.DELETE_Wall_Should_Return_204_When_Not_Exists" computerName="runnervmf4ws1" duration="00:00:00.6042802" startTime="2025-09-11T05:34:35.2105171+00:00" endTime="2025-09-11T05:34:35.2105171+00:00" testType="13cdc9d9-ddb5-4fa4-a97d-d965ccfc6d4b" outcome="Passed" testListId="8c84fa94-04c1-424b-9868-57a2d4851a1d" relativeResultsDirectory="930c1397-4712-4f8c-a1d1-4067ea9a07c8" />
    <UnitTestResult executionId="fa32b9c6-d52d-4171-80df-42d9c69ef348" testId="a509d6b0-b691-0a3b-74c8-b5408578a6d5" testName="Tests.Integration.Backend.Controllers.WallsControllerTests.DELETE_Wall_Should_Remove_Existing_Wall" computerName="runnervmf4ws1" duration="00:00:01.4970489" startTime="2025-09-11T05:34:37.3109959+00:00" endTime="2025-09-11T05:34:37.3109959+00:00" testType="13cdc9d9-ddb5-4fa4-a97d-d965ccfc6d4b" outcome="Passed" testListId="8c84fa94-04c1-424b-9868-57a2d4851a1d" relativeResultsDirectory="fa32b9c6-d52d-4171-80df-42d9c69ef348" />
    <UnitTestResult executionId="5233df8e-22bf-4178-a9dc-8793d944d973" testId="5d6d527c-ff6b-65d9-2afb-cc1214f1f646" testName="Tests.Integration.Backend.Controllers.WindowsControllerTests.Windows_Should_Persist_Energy_Efficiency_Data" computerName="runnervmf4ws1" duration="00:00:00.5999764" startTime="2025-09-11T05:35:29.7231704+00:00" endTime="2025-09-11T05:35:29.7231705+00:00" testType="13cdc9d9-ddb5-4fa4-a97d-d965ccfc6d4b" outcome="Passed" testListId="8c84fa94-04c1-424b-9868-57a2d4851a1d" relativeResultsDirectory="5233df8e-22bf-4178-a9dc-8793d944d973" />
    <UnitTestResult executionId="732313bc-0d28-4435-b274-9e2c7d2e1b73" testId="33b821d5-726b-640c-d1cd-04721e7e48d9" testName="Tests.Integration.Backend.Controllers.RolesControllerTests.GET_Roles_Should_Return_All_Roles" computerName="runnervmf4ws1" duration="00:00:01.7494465" startTime="2025-09-11T05:34:08.2520142+00:00" endTime="2025-09-11T05:34:08.2520144+00:00" testType="13cdc9d9-ddb5-4fa4-a97d-d965ccfc6d4b" outcome="Passed" testListId="8c84fa94-04c1-424b-9868-57a2d4851a1d" relativeResultsDirectory="732313bc-0d28-4435-b274-9e2c7d2e1b73" />
    <UnitTestResult executionId="a068d756-57d4-4ed4-acfc-7f6ce253e57c" testId="1a8b33fa-e8e7-c5c8-b527-0b5fd94498f4" testName="Tests.Integration.Backend.OutputCaching.CacheInvalidationTests.PostPerson_ShouldInvalidateListCache" computerName="runnervmf4ws1" duration="00:00:01.1583863" startTime="2025-09-11T05:34:20.1749508+00:00" endTime="2025-09-11T05:34:20.1749510+00:00" testType="13cdc9d9-ddb5-4fa4-a97d-d965ccfc6d4b" outcome="Passed" testListId="8c84fa94-04c1-424b-9868-57a2d4851a1d" relativeResultsDirectory="a068d756-57d4-4ed4-acfc-7f6ce253e57c" />
    <UnitTestResult executionId="0d6dace6-17e4-4149-94cd-cacf8797297e" testId="ab17e4f5-654f-3749-a1be-206a5019e954" testName="Tests.Integration.Backend.Controllers.WallsControllerTests.POST_Wall_Should_Calculate_And_Store_Complex_Properties" computerName="runnervmf4ws1" duration="00:00:00.5999599" startTime="2025-09-11T05:34:37.9113306+00:00" endTime="2025-09-11T05:34:37.9113306+00:00" testType="13cdc9d9-ddb5-4fa4-a97d-d965ccfc6d4b" outcome="Passed" testListId="8c84fa94-04c1-424b-9868-57a2d4851a1d" relativeResultsDirectory="0d6dace6-17e4-4149-94cd-cacf8797297e" />
    <UnitTestResult executionId="061b8a76-6260-45e7-bd7b-edc443c986a4" testId="abfa73e9-0257-16cb-29aa-f2c99faf213f" testName="Tests.Integration.Backend.Compression.ResponseCompressionTests.ApiResponse_ShouldBeCompressed_WhenClientSupportsGzip" computerName="runnervmf4ws1" duration="00:00:00.3064303" startTime="2025-09-11T05:34:29.7609117+00:00" endTime="2025-09-11T05:34:29.7609119+00:00" testType="13cdc9d9-ddb5-4fa4-a97d-d965ccfc6d4b" outcome="Passed" testListId="8c84fa94-04c1-424b-9868-57a2d4851a1d" relativeResultsDirectory="061b8a76-6260-45e7-bd7b-edc443c986a4" />
    <UnitTestResult executionId="3ad00495-798e-4c52-bd05-59074c1486cb" testId="7810a33a-ed10-21b4-237d-f07ca1a37883" testName="Tests.Integration.Backend.Controllers.AuthControllerPasswordResetTests.POST_ResetPassword_WithWeakPassword_Should_Return_Error" computerName="runnervmf4ws1" duration="00:00:00.4284260" startTime="2025-09-11T05:35:14.6042996+00:00" endTime="2025-09-11T05:35:14.6042996+00:00" testType="13cdc9d9-ddb5-4fa4-a97d-d965ccfc6d4b" outcome="Passed" testListId="8c84fa94-04c1-424b-9868-57a2d4851a1d" relativeResultsDirectory="3ad00495-798e-4c52-bd05-59074c1486cb" />
    <UnitTestResult executionId="2284200a-4889-493d-984a-d6e64634b631" testId="20b78283-04d3-fc47-1574-93af6fec32ea" testName="Tests.Integration.Backend.Controllers.AuthControllerPasswordResetTests.POST_ForgotPassword_WithValidEmail_Should_Return_Success" computerName="runnervmf4ws1" duration="00:00:00.3316869" startTime="2025-09-11T05:35:17.5068200+00:00" endTime="2025-09-11T05:35:17.5068200+00:00" testType="13cdc9d9-ddb5-4fa4-a97d-d965ccfc6d4b" outcome="Passed" testListId="8c84fa94-04c1-424b-9868-57a2d4851a1d" relativeResultsDirectory="2284200a-4889-493d-984a-d6e64634b631" />
    <UnitTestResult executionId="1430dc8f-f2f8-460b-babd-91ad5367c6f7" testId="19212179-02a1-0bfe-fef4-7e3682270e04" testName="Tests.Integration.Backend.OutputCaching.CachingE2ETests.CacheInvalidation_ShouldWorkAcrossEntities" computerName="runnervmf4ws1" duration="00:00:01.2118478" startTime="2025-09-11T05:33:55.1433966+00:00" endTime="2025-09-11T05:33:55.1433968+00:00" testType="13cdc9d9-ddb5-4fa4-a97d-d965ccfc6d4b" outcome="Passed" testListId="8c84fa94-04c1-424b-9868-57a2d4851a1d" relativeResultsDirectory="1430dc8f-f2f8-460b-babd-91ad5367c6f7" />
    <UnitTestResult executionId="6bea6fb8-3e03-4c3d-a672-895d71c5bc34" testId="06054800-c7da-a693-e1d3-d81d35d825c2" testName="Tests.Integration.Backend.Controllers.ApiHealthTests.All_Controllers_Should_Be_Accessible(endpoint: &quot;/api/people&quot;)" computerName="runnervmf4ws1" duration="00:00:00.3675513" startTime="2025-09-11T05:34:57.4044720+00:00" endTime="2025-09-11T05:34:57.4044720+00:00" testType="13cdc9d9-ddb5-4fa4-a97d-d965ccfc6d4b" outcome="Passed" testListId="8c84fa94-04c1-424b-9868-57a2d4851a1d" relativeResultsDirectory="6bea6fb8-3e03-4c3d-a672-895d71c5bc34" />
    <UnitTestResult executionId="54e6b2ed-eee3-41d0-83cf-89634f26de59" testId="42775960-58e6-9486-14ff-996dea311598" testName="Tests.Integration.Backend.Infrastructure.GenericRepositoryIntegrationTests.IRepository_ShouldBeRegisteredInDIContainer" computerName="runnervmf4ws1" duration="00:00:00.2230885" startTime="2025-09-11T05:34:57.0356962+00:00" endTime="2025-09-11T05:34:57.0356963+00:00" testType="13cdc9d9-ddb5-4fa4-a97d-d965ccfc6d4b" outcome="Passed" testListId="8c84fa94-04c1-424b-9868-57a2d4851a1d" relativeResultsDirectory="54e6b2ed-eee3-41d0-83cf-89634f26de59" />
    <UnitTestResult executionId="83d63981-0337-4593-8cb0-022f17ff9beb" testId="7ef81c0c-3038-9435-7857-ab17f80f7cdb" testName="Tests.Integration.Backend.OutputCaching.CacheInvalidationTests.PostWindow_ShouldInvalidateWindowsCache" computerName="runnervmf4ws1" duration="00:00:01.2863420" startTime="2025-09-11T05:34:19.0161147+00:00" endTime="2025-09-11T05:34:19.0161149+00:00" testType="13cdc9d9-ddb5-4fa4-a97d-d965ccfc6d4b" outcome="Passed" testListId="8c84fa94-04c1-424b-9868-57a2d4851a1d" relativeResultsDirectory="83d63981-0337-4593-8cb0-022f17ff9beb" />
    <UnitTestResult executionId="c1a9a900-29cc-4624-98e1-e97c26db3eb2" testId="aaddc149-d8b9-e302-ef68-034ece67c17b" testName="Tests.Integration.Backend.Controllers.ApiHealthTests.All_Endpoints_Should_Support_Expected_HTTP_Methods(method: &quot;GET&quot;, endpoint: &quot;/api/windows&quot;)" computerName="runnervmf4ws1" duration="00:00:00.3009029" startTime="2025-09-11T05:35:01.3842913+00:00" endTime="2025-09-11T05:35:01.3842913+00:00" testType="13cdc9d9-ddb5-4fa4-a97d-d965ccfc6d4b" outcome="Passed" testListId="8c84fa94-04c1-424b-9868-57a2d4851a1d" relativeResultsDirectory="c1a9a900-29cc-4624-98e1-e97c26db3eb2" />
    <UnitTestResult executionId="56085817-1c93-482d-a7e0-b8e27794867a" testId="9805b897-cbb6-397d-b557-62afcb8b9211" testName="Tests.Integration.Backend.Controllers.RolesControllerTests.GET_Role_By_Id_Should_Return_Role_When_Exists" computerName="runnervmf4ws1" duration="00:00:01.1232529" startTime="2025-09-11T05:34:17.1246927+00:00" endTime="2025-09-11T05:34:17.1246928+00:00" testType="13cdc9d9-ddb5-4fa4-a97d-d965ccfc6d4b" outcome="Passed" testListId="8c84fa94-04c1-424b-9868-57a2d4851a1d" relativeResultsDirectory="56085817-1c93-482d-a7e0-b8e27794867a" />
    <UnitTestResult executionId="1561a319-6b9d-4083-8c1a-6c25c81cfb64" testId="e3433c1d-41f7-b660-a894-db56a9b283f4" testName="Tests.Integration.Backend.Controllers.ApiHealthTests.API_Should_Handle_CORS_Headers" computerName="runnervmf4ws1" duration="00:00:00.3024259" startTime="2025-09-11T05:35:07.4257188+00:00" endTime="2025-09-11T05:35:07.4257188+00:00" testType="13cdc9d9-ddb5-4fa4-a97d-d965ccfc6d4b" outcome="Passed" testListId="8c84fa94-04c1-424b-9868-57a2d4851a1d" relativeResultsDirectory="1561a319-6b9d-4083-8c1a-6c25c81cfb64" />
    <UnitTestResult executionId="766c8f34-e255-44b3-bb1e-b8fc5ad1394e" testId="437f9b9e-301b-15b7-f72b-040911d1fd97" testName="Tests.Integration.Backend.Compression.ResponseCompressionTests.JsonResponse_ShouldBeCompressed" computerName="runnervmf4ws1" duration="00:00:00.3125323" startTime="2025-09-11T05:34:29.4540730+00:00" endTime="2025-09-11T05:34:29.4540738+00:00" testType="13cdc9d9-ddb5-4fa4-a97d-d965ccfc6d4b" outcome="Passed" testListId="8c84fa94-04c1-424b-9868-57a2d4851a1d" relativeResultsDirectory="766c8f34-e255-44b3-bb1e-b8fc5ad1394e" />
    <UnitTestResult executionId="877d8aff-67e5-4cb1-8cff-26d4df53847b" testId="a46a2a4d-c658-0cec-efdf-8b3a220df306" testName="Tests.Integration.Backend.OutputCaching.OutputCachingConfigurationTests.OutputCaching_ShouldUseRedisWhenConfigured" computerName="runnervmf4ws1" duration="00:00:00.0243595" startTime="2025-09-11T05:35:14.1729120+00:00" endTime="2025-09-11T05:35:14.1729121+00:00" testType="13cdc9d9-ddb5-4fa4-a97d-d965ccfc6d4b" outcome="Passed" testListId="8c84fa94-04c1-424b-9868-57a2d4851a1d" relativeResultsDirectory="877d8aff-67e5-4cb1-8cff-26d4df53847b" />
    <UnitTestResult executionId="203d7e6f-2531-46f6-8480-2f261a16eb59" testId="de79744e-fb76-44fa-6422-be59e037cde5" testName="Tests.Integration.Backend.OutputCaching.CachingE2ETests.CachePerformance_ShouldShowSignificantImprovement" computerName="runnervmf4ws1" duration="00:00:00.5551583" startTime="2025-09-11T05:33:55.6993114+00:00" endTime="2025-09-11T05:33:55.6993117+00:00" testType="13cdc9d9-ddb5-4fa4-a97d-d965ccfc6d4b" outcome="Passed" testListId="8c84fa94-04c1-424b-9868-57a2d4851a1d" relativeResultsDirectory="203d7e6f-2531-46f6-8480-2f261a16eb59">
      <Output>
        <StdOut>Initial request: 2ms
Average cached request: 0.3ms
Performance improvement: 6.7x faster</StdOut>
      </Output>
    </UnitTestResult>
    <UnitTestResult executionId="76c141ff-ef88-47a2-9ec8-7283a7ad2cb7" testId="aeaaee5e-bc09-54e8-9ec4-6c4cdf3ce87c" testName="Tests.Integration.Backend.Controllers.ApiHealthTests.API_Should_Handle_Large_Payloads" computerName="runnervmf4ws1" duration="00:00:00.6035847" startTime="2025-09-11T05:35:04.3990258+00:00" endTime="2025-09-11T05:35:04.3990259+00:00" testType="13cdc9d9-ddb5-4fa4-a97d-d965ccfc6d4b" outcome="Passed" testListId="8c84fa94-04c1-424b-9868-57a2d4851a1d" relativeResultsDirectory="76c141ff-ef88-47a2-9ec8-7283a7ad2cb7" />
    <UnitTestResult executionId="14ef8e53-20f2-4bc3-a4da-0a3c7e70bbf6" testId="74c46e58-3df7-a0cc-53b5-5247c5480908" testName="Tests.Integration.Backend.OutputCaching.CachingE2ETests.AllCachedEndpoints_ShouldReturnCacheHeaders(endpoint: &quot;/api/people&quot;)" computerName="runnervmf4ws1" duration="00:00:00.5247581" startTime="2025-09-11T05:33:59.0190001+00:00" endTime="2025-09-11T05:33:59.0190003+00:00" testType="13cdc9d9-ddb5-4fa4-a97d-d965ccfc6d4b" outcome="Passed" testListId="8c84fa94-04c1-424b-9868-57a2d4851a1d" relativeResultsDirectory="14ef8e53-20f2-4bc3-a4da-0a3c7e70bbf6">
      <Output>
        <StdOut>Endpoint: /api/people
  ETag: "t4v2fbOi4wy7MRkaTpzZgQ=="
  Last-Modified: 09/11/2025 05:33:58 +00:00</StdOut>
      </Output>
    </UnitTestResult>
    <UnitTestResult executionId="050b51c8-1265-4b99-8821-b5c6dfc81654" testId="3a356b3b-e4e2-4f05-db20-65ad8602bd3c" testName="Tests.Integration.Backend.Controllers.PeopleControllerTests.People_Should_Maintain_Role_Relationships" computerName="runnervmf4ws1" duration="00:00:01.1230321" startTime="2025-09-11T05:34:48.3376333+00:00" endTime="2025-09-11T05:34:48.3376333+00:00" testType="13cdc9d9-ddb5-4fa4-a97d-d965ccfc6d4b" outcome="Passed" testListId="8c84fa94-04c1-424b-9868-57a2d4851a1d" relativeResultsDirectory="050b51c8-1265-4b99-8821-b5c6dfc81654" />
    <UnitTestResult executionId="498c74df-9938-449d-9439-7c58bd0625ec" testId="fd587af6-8ac9-79bb-4579-c4177d8d0828" testName="Tests.Integration.Backend.Controllers.WindowsControllerTests.GET_Window_By_Id_Should_Return_Window_When_Exists" computerName="runnervmf4ws1" duration="00:00:00.8997456" startTime="2025-09-11T05:35:25.4230052+00:00" endTime="2025-09-11T05:35:25.4230053+00:00" testType="13cdc9d9-ddb5-4fa4-a97d-d965ccfc6d4b" outcome="Passed" testListId="8c84fa94-04c1-424b-9868-57a2d4851a1d" relativeResultsDirectory="498c74df-9938-449d-9439-7c58bd0625ec" />
    <UnitTestResult executionId="861cf92f-a850-4401-8c49-e4ba0f566dee" testId="095ad9f7-04a5-8bcb-02fd-fdd6dab3a934" testName="Tests.Integration.Backend.Compression.StaticFileCompressionTests.HtmlFile_ShouldBeCompressed_WhenClientSupportsGzip" computerName="runnervmf4ws1" duration="00:00:00.1219854" startTime="2025-09-11T05:34:28.7376924+00:00" endTime="2025-09-11T05:34:28.7376926+00:00" testType="13cdc9d9-ddb5-4fa4-a97d-d965ccfc6d4b" outcome="Passed" testListId="8c84fa94-04c1-424b-9868-57a2d4851a1d" relativeResultsDirectory="861cf92f-a850-4401-8c49-e4ba0f566dee" />
    <UnitTestResult executionId="e9164f2a-924a-4222-8e66-917dba9283b3" testId="f8a89fdf-3bc2-915a-c2bf-5b68e643a78c" testName="Tests.Integration.Backend.OutputCaching.CacheInvalidationTests.PostRole_ShouldInvalidateRolesCache" computerName="runnervmf4ws1" duration="00:00:01.1423136" startTime="2025-09-11T05:34:21.3176276+00:00" endTime="2025-09-11T05:34:21.3176278+00:00" testType="13cdc9d9-ddb5-4fa4-a97d-d965ccfc6d4b" outcome="Passed" testListId="8c84fa94-04c1-424b-9868-57a2d4851a1d" relativeResultsDirectory="e9164f2a-924a-4222-8e66-917dba9283b3" />
    <UnitTestResult executionId="3a93647f-c9f3-4a7f-b426-c7a6185e7738" testId="b7cda526-0758-c938-af92-6a6e25e8efc9" testName="Tests.Integration.Backend.OutputCaching.OutputCachingConfigurationTests.OutputCaching_ShouldFallbackToMemoryWhenRedisUnavailable" computerName="runnervmf4ws1" duration="00:00:00.0379378" startTime="2025-09-11T05:35:14.0818951+00:00" endTime="2025-09-11T05:35:14.0818952+00:00" testType="13cdc9d9-ddb5-4fa4-a97d-d965ccfc6d4b" outcome="Passed" testListId="8c84fa94-04c1-424b-9868-57a2d4851a1d" relativeResultsDirectory="3a93647f-c9f3-4a7f-b426-c7a6185e7738" />
    <UnitTestResult executionId="b413f6bf-1df8-4e3e-8595-5842f9ef9e1d" testId="4fd1e2d8-0d90-8547-c5f7-6f4689c0269c" testName="Tests.Integration.Backend.Controllers.RolesControllerTests.Roles_Should_Persist_Across_Requests" computerName="runnervmf4ws1" duration="00:00:00.9027566" startTime="2025-09-11T05:34:13.3363432+00:00" endTime="2025-09-11T05:34:13.3363434+00:00" testType="13cdc9d9-ddb5-4fa4-a97d-d965ccfc6d4b" outcome="Passed" testListId="8c84fa94-04c1-424b-9868-57a2d4851a1d" relativeResultsDirectory="b413f6bf-1df8-4e3e-8595-5842f9ef9e1d" />
    <UnitTestResult executionId="5205eb89-2350-40e9-8a3f-b89462af3357" testId="6701ad16-b836-ee76-0566-4e5adb91c861" testName="Tests.Integration.Backend.OutputCaching.CachingE2ETests.AllCachedEndpoints_ShouldReturnCacheHeaders(endpoint: &quot;/api/roles&quot;)" computerName="runnervmf4ws1" duration="00:00:00.5325839" startTime="2025-09-11T05:33:57.9550333+00:00" endTime="2025-09-11T05:33:57.9550335+00:00" testType="13cdc9d9-ddb5-4fa4-a97d-d965ccfc6d4b" outcome="Passed" testListId="8c84fa94-04c1-424b-9868-57a2d4851a1d" relativeResultsDirectory="5205eb89-2350-40e9-8a3f-b89462af3357">
      <Output>
        <StdOut>Endpoint: /api/roles
  ETag: "8Q9FkBvB0rU1R9D9tiQjrg=="
  Last-Modified: 09/11/2025 05:33:57 +00:00</StdOut>
      </Output>
    </UnitTestResult>
    <UnitTestResult executionId="d2ea794c-4883-4687-aef0-a2a067b42ed5" testId="b5dacbe5-c50b-ea4a-e128-040bd713ffe8" testName="Tests.Integration.Backend.Controllers.DatabaseControllerTests.POST_Database_Reset_Should_Return_Unauthorized_Without_Valid_Token" computerName="runnervmf4ws1" duration="00:00:02.8682620" startTime="2025-09-11T05:33:48.5646870+00:00" endTime="2025-09-11T05:33:48.5647176+00:00" testType="13cdc9d9-ddb5-4fa4-a97d-d965ccfc6d4b" outcome="Passed" testListId="8c84fa94-04c1-424b-9868-57a2d4851a1d" relativeResultsDirectory="d2ea794c-4883-4687-aef0-a2a067b42ed5" />
    <UnitTestResult executionId="438ae501-f9f2-46f0-9299-03ca21e68eae" testId="3ff5fdb0-8488-3e48-6905-fa8bdf7eaa4c" testName="Tests.Integration.Backend.Controllers.AuthControllerTests.POST_Register_Should_Return_BadRequest_For_Existing_Email" computerName="runnervmf4ws1" duration="00:00:00.5343536" startTime="2025-09-11T05:34:01.0128751+00:00" endTime="2025-09-11T05:34:01.0128754+00:00" testType="13cdc9d9-ddb5-4fa4-a97d-d965ccfc6d4b" outcome="Passed" testListId="8c84fa94-04c1-424b-9868-57a2d4851a1d" relativeResultsDirectory="438ae501-f9f2-46f0-9299-03ca21e68eae" />
    <UnitTestResult executionId="c0d4821e-9665-4b75-a5ba-bc201526853b" testId="0786cd9f-2220-51d9-4156-4d742eda00d4" testName="Tests.Integration.Backend.OutputCaching.OutputCachingTests.GetPeople_ShouldReturnConsistentResponses" computerName="runnervmf4ws1" duration="00:00:00.5295355" startTime="2025-09-11T05:34:28.0795916+00:00" endTime="2025-09-11T05:34:28.0795918+00:00" testType="13cdc9d9-ddb5-4fa4-a97d-d965ccfc6d4b" outcome="Passed" testListId="8c84fa94-04c1-424b-9868-57a2d4851a1d" relativeResultsDirectory="c0d4821e-9665-4b75-a5ba-bc201526853b" />
    <UnitTestResult executionId="27e2b82f-ded8-4af2-bdb8-aa815a26bd53" testId="5128edc8-60ad-8628-2a75-9feb9f8f888b" testName="Tests.Integration.Backend.Controllers.WallsControllerTests.PUT_Wall_Should_Return_404_When_Not_Exists" computerName="runnervmf4ws1" duration="00:00:00.5994475" startTime="2025-09-11T05:34:43.0358134+00:00" endTime="2025-09-11T05:34:43.0358134+00:00" testType="13cdc9d9-ddb5-4fa4-a97d-d965ccfc6d4b" outcome="Passed" testListId="8c84fa94-04c1-424b-9868-57a2d4851a1d" relativeResultsDirectory="27e2b82f-ded8-4af2-bdb8-aa815a26bd53" />
    <UnitTestResult executionId="4a620aa9-7935-47a1-acc5-9f86885bb67b" testId="41b359b4-fccb-bafc-c2ca-d65a5df61c20" testName="Tests.Integration.Backend.Controllers.WindowsControllerTests.PUT_Window_Should_Return_404_When_Not_Exists" computerName="runnervmf4ws1" duration="00:00:00.6011815" startTime="2025-09-11T05:35:29.1227908+00:00" endTime="2025-09-11T05:35:29.1227908+00:00" testType="13cdc9d9-ddb5-4fa4-a97d-d965ccfc6d4b" outcome="Passed" testListId="8c84fa94-04c1-424b-9868-57a2d4851a1d" relativeResultsDirectory="4a620aa9-7935-47a1-acc5-9f86885bb67b" />
    <UnitTestResult executionId="783f92eb-30e4-449e-aba6-24f6db421fac" testId="9f4c88b5-75b1-89cf-0e7e-8e0e67eff9e0" testName="Tests.Integration.Backend.Controllers.WindowsControllerTests.POST_Windows_Should_Validate_Numeric_Ranges" computerName="runnervmf4ws1" duration="00:00:00.5969332" startTime="2025-09-11T05:35:18.7666128+00:00" endTime="2025-09-11T05:35:18.7666129+00:00" testType="13cdc9d9-ddb5-4fa4-a97d-d965ccfc6d4b" outcome="Passed" testListId="8c84fa94-04c1-424b-9868-57a2d4851a1d" relativeResultsDirectory="783f92eb-30e4-449e-aba6-24f6db421fac" />
    <UnitTestResult executionId="b1a8273d-f090-4821-9397-0a321bfaeaa5" testId="1dbf163c-bf18-d62c-e932-92ef9d3bc71a" testName="Tests.Integration.Backend.Controllers.WindowsControllerTests.GET_Windows_Should_Return_Empty_List_Initially" computerName="runnervmf4ws1" duration="00:00:00.5272559" startTime="2025-09-11T05:35:30.8493989+00:00" endTime="2025-09-11T05:35:30.8493990+00:00" testType="13cdc9d9-ddb5-4fa4-a97d-d965ccfc6d4b" outcome="Passed" testListId="8c84fa94-04c1-424b-9868-57a2d4851a1d" relativeResultsDirectory="b1a8273d-f090-4821-9397-0a321bfaeaa5" />
    <UnitTestResult executionId="ffbb9f78-ef1e-48d7-afe5-7fdf624de4a0" testId="fb20298c-4879-8f71-4e88-e39a0110f3e6" testName="Tests.Integration.Backend.OutputCaching.CachingE2ETests.ConcurrentRequests_ShouldBeCachedEfficiently" computerName="runnervmf4ws1" duration="00:00:00.5389912" startTime="2025-09-11T05:33:59.5584283+00:00" endTime="2025-09-11T05:33:59.5584286+00:00" testType="13cdc9d9-ddb5-4fa4-a97d-d965ccfc6d4b" outcome="Passed" testListId="8c84fa94-04c1-424b-9868-57a2d4851a1d" relativeResultsDirectory="ffbb9f78-ef1e-48d7-afe5-7fdf624de4a0">
      <Output>
        <StdOut>20 concurrent requests completed in 11ms
Average time per request: 0.55ms</StdOut>
      </Output>
    </UnitTestResult>
    <UnitTestResult executionId="7d00fd36-fe87-4358-b3b9-cc7451e86826" testId="cca41772-191f-0a82-bb6f-ddd4fb32e2c7" testName="Tests.Integration.Backend.Controllers.WallsControllerTests.PUT_Wall_Should_Update_Existing_Wall" computerName="runnervmf4ws1" duration="00:00:01.4934215" startTime="2025-09-11T05:34:42.1355573+00:00" endTime="2025-09-11T05:34:42.1355574+00:00" testType="13cdc9d9-ddb5-4fa4-a97d-d965ccfc6d4b" outcome="Passed" testListId="8c84fa94-04c1-424b-9868-57a2d4851a1d" relativeResultsDirectory="7d00fd36-fe87-4358-b3b9-cc7451e86826" />
    <UnitTestResult executionId="50b2a0d0-d594-459d-95a5-8dec0da789e6" testId="3c9c11b5-6967-f47a-cfd8-d22458fa9229" testName="Tests.Integration.Backend.OutputCaching.ConditionalRequestTests.CacheHeaders_ShouldBePresent_OnGetRequests" computerName="runnervmf4ws1" duration="00:00:00.5364128" startTime="2025-09-11T05:35:11.2381898+00:00" endTime="2025-09-11T05:35:11.2381898+00:00" testType="13cdc9d9-ddb5-4fa4-a97d-d965ccfc6d4b" outcome="Passed" testListId="8c84fa94-04c1-424b-9868-57a2d4851a1d" relativeResultsDirectory="50b2a0d0-d594-459d-95a5-8dec0da789e6" />
    <UnitTestResult executionId="49b21b62-442a-4379-8048-9462ff3feb7a" testId="cbf0626f-7167-adff-b20c-96cc3cdf6ce9" testName="Tests.Integration.Backend.OutputCaching.OutputCachingTests.GetEntityById_ShouldReturnConsistentResponses" computerName="runnervmf4ws1" duration="00:00:00.5343360" startTime="2025-09-11T05:34:28.6143710+00:00" endTime="2025-09-11T05:34:28.6143711+00:00" testType="13cdc9d9-ddb5-4fa4-a97d-d965ccfc6d4b" outcome="Passed" testListId="8c84fa94-04c1-424b-9868-57a2d4851a1d" relativeResultsDirectory="49b21b62-442a-4379-8048-9462ff3feb7a" />
    <UnitTestResult executionId="40c7b74d-b122-44b4-9564-39efb5c0fb1b" testId="410da1bb-0033-e445-230e-baa696a924ac" testName="Tests.Integration.Backend.E2E.AuthenticationE2ETests.Registration_Should_Validate_Password_Complexity" computerName="runnervmf4ws1" duration="00:00:00.0040392" startTime="2025-09-11T05:35:32.8598835+00:00" endTime="2025-09-11T05:35:32.8598836+00:00" testType="13cdc9d9-ddb5-4fa4-a97d-d965ccfc6d4b" outcome="Passed" testListId="8c84fa94-04c1-424b-9868-57a2d4851a1d" relativeResultsDirectory="40c7b74d-b122-44b4-9564-39efb5c0fb1b" />
    <UnitTestResult executionId="fd396bd6-1ea4-489a-b2c2-0fa388597894" testId="c1e9fd41-ccc9-89c1-34d7-2e348277c312" testName="Tests.Integration.Backend.E2E.AuthenticationE2ETests.Protected_Endpoint_Should_Require_Authentication" computerName="runnervmf4ws1" duration="00:00:00.0020479" startTime="2025-09-11T05:35:32.8555264+00:00" endTime="2025-09-11T05:35:32.8555264+00:00" testType="13cdc9d9-ddb5-4fa4-a97d-d965ccfc6d4b" outcome="Passed" testListId="8c84fa94-04c1-424b-9868-57a2d4851a1d" relativeResultsDirectory="fd396bd6-1ea4-489a-b2c2-0fa388597894" />
    <UnitTestResult executionId="0fc19491-a13c-406a-9053-0b5adf4abb51" testId="4b80b6dd-af6e-92d9-97c9-a8c31eb301db" testName="Tests.Integration.Backend.OutputCaching.CachingE2ETests.AllCachedEndpoints_ShouldReturnCacheHeaders(endpoint: &quot;/api/walls&quot;)" computerName="runnervmf4ws1" duration="00:00:00.5292402" startTime="2025-09-11T05:33:57.4221814+00:00" endTime="2025-09-11T05:33:57.4221816+00:00" testType="13cdc9d9-ddb5-4fa4-a97d-d965ccfc6d4b" outcome="Passed" testListId="8c84fa94-04c1-424b-9868-57a2d4851a1d" relativeResultsDirectory="0fc19491-a13c-406a-9053-0b5adf4abb51">
      <Output>
        <StdOut>Endpoint: /api/walls
  ETag: "bh4SwzsylEwSsMa6NEcTGA=="
  Last-Modified: 09/11/2025 05:33:50 +00:00</StdOut>
      </Output>
    </UnitTestResult>
    <UnitTestResult executionId="15c968f9-dc97-4dcf-b434-6d2beada2325" testId="575d783b-dbc0-13f3-17de-767c6d0c6111" testName="Tests.Integration.Backend.OutputCaching.OutputCachingConfigurationTests.OutputCachePolicies_ShouldHaveCorrectDurations(policyName: &quot;PeoplePolicy&quot;, expectedDurationSeconds: 300)" computerName="runnervmf4ws1" duration="00:00:00.0000095" startTime="2025-09-11T05:35:14.1484958+00:00" endTime="2025-09-11T05:35:14.1484958+00:00" testType="13cdc9d9-ddb5-4fa4-a97d-d965ccfc6d4b" outcome="Passed" testListId="8c84fa94-04c1-424b-9868-57a2d4851a1d" relativeResultsDirectory="15c968f9-dc97-4dcf-b434-6d2beada2325" />
    <UnitTestResult executionId="9b1d1b7b-89b9-4df9-868a-d2ceab0bbc89" testId="41853896-8f31-97ce-b78f-41cf4c24e045" testName="Tests.Integration.Backend.Controllers.PeopleControllerTests.POST_People_Should_Return_403_For_Non_Admin_User" computerName="runnervmf4ws1" duration="00:00:00.5211737" startTime="2025-09-11T05:34:51.5475796+00:00" endTime="2025-09-11T05:34:51.5475796+00:00" testType="13cdc9d9-ddb5-4fa4-a97d-d965ccfc6d4b" outcome="Passed" testListId="8c84fa94-04c1-424b-9868-57a2d4851a1d" relativeResultsDirectory="9b1d1b7b-89b9-4df9-868a-d2ceab0bbc89" />
    <UnitTestResult executionId="4cf21933-83f5-475a-aa2b-9bc899855e30" testId="b669f2ae-31fe-37d1-6d74-8de9a66812e1" testName="Tests.Integration.Backend.Controllers.DatabaseControllerTests.POST_Database_Reset_Should_Reset_Database_With_Valid_Token" computerName="runnervmf4ws1" duration="00:00:00.3796834" startTime="2025-09-11T05:33:50.3363535+00:00" endTime="2025-09-11T05:33:50.3363538+00:00" testType="13cdc9d9-ddb5-4fa4-a97d-d965ccfc6d4b" outcome="Passed" testListId="8c84fa94-04c1-424b-9868-57a2d4851a1d" relativeResultsDirectory="4cf21933-83f5-475a-aa2b-9bc899855e30" />
    <UnitTestResult executionId="21e62f39-67e4-4269-ac41-318ca00e39a3" testId="5915cbaf-7ed1-cbfd-2c81-4746833e58cd" testName="Tests.Integration.Backend.OutputCaching.CacheInvalidationTests.CacheInvalidation_ShouldBeEntitySpecific" computerName="runnervmf4ws1" duration="00:00:01.1201588" startTime="2025-09-11T05:34:25.8718780+00:00" endTime="2025-09-11T05:34:25.8718782+00:00" testType="13cdc9d9-ddb5-4fa4-a97d-d965ccfc6d4b" outcome="Passed" testListId="8c84fa94-04c1-424b-9868-57a2d4851a1d" relativeResultsDirectory="21e62f39-67e4-4269-ac41-318ca00e39a3" />
    <UnitTestResult executionId="bf0f0262-fa47-40f0-927c-235519c0cdc7" testId="55dddd7e-5762-c034-d77c-c5f90ba94706" testName="Tests.Integration.Backend.Controllers.AuthControllerPasswordResetTests.Complete_Password_Reset_Workflow_Should_Work" computerName="runnervmf4ws1" duration="00:00:00.6407864" startTime="2025-09-11T05:35:16.6086180+00:00" endTime="2025-09-11T05:35:16.6086180+00:00" testType="13cdc9d9-ddb5-4fa4-a97d-d965ccfc6d4b" outcome="Passed" testListId="8c84fa94-04c1-424b-9868-57a2d4851a1d" relativeResultsDirectory="bf0f0262-fa47-40f0-927c-235519c0cdc7" />
    <UnitTestResult executionId="d691ca62-84e2-4038-80c3-21b24f1c4555" testId="8231f168-9927-9d00-f91d-f5006f875a5b" testName="Tests.Integration.Backend.Controllers.ApiHealthTests.All_Controllers_Should_Be_Accessible(endpoint: &quot;/api/walls&quot;)" computerName="runnervmf4ws1" duration="00:00:00.3110443" startTime="2025-09-11T05:34:57.7159205+00:00" endTime="2025-09-11T05:34:57.7159205+00:00" testType="13cdc9d9-ddb5-4fa4-a97d-d965ccfc6d4b" outcome="Passed" testListId="8c84fa94-04c1-424b-9868-57a2d4851a1d" relativeResultsDirectory="d691ca62-84e2-4038-80c3-21b24f1c4555" />
    <UnitTestResult executionId="2cffe5ae-4a55-4ecc-b5d2-cade34de1808" testId="0853ac09-c300-33d5-e3a7-a607360126ba" testName="Tests.Integration.Backend.OutputCaching.ConditionalRequestTests.GetRequest_WithIfModifiedSince_ShouldReturn200_WhenModified" computerName="runnervmf4ws1" duration="00:00:01.1278534" startTime="2025-09-11T05:35:14.0432505+00:00" endTime="2025-09-11T05:35:14.0432506+00:00" testType="13cdc9d9-ddb5-4fa4-a97d-d965ccfc6d4b" outcome="Passed" testListId="8c84fa94-04c1-424b-9868-57a2d4851a1d" relativeResultsDirectory="2cffe5ae-4a55-4ecc-b5d2-cade34de1808" />
    <UnitTestResult executionId="b2cbe9d7-6f77-4855-ae0e-201e070117e7" testId="01f8b1a1-47e4-68c0-8cf3-4a745a731823" testName="Tests.Integration.Backend.Controllers.WallsControllerTests.GET_Wall_By_Id_Should_Return_404_When_Not_Exists" computerName="runnervmf4ws1" duration="00:00:00.3001254" startTime="2025-09-11T05:34:42.4360069+00:00" endTime="2025-09-11T05:34:42.4360070+00:00" testType="13cdc9d9-ddb5-4fa4-a97d-d965ccfc6d4b" outcome="Passed" testListId="8c84fa94-04c1-424b-9868-57a2d4851a1d" relativeResultsDirectory="b2cbe9d7-6f77-4855-ae0e-201e070117e7" />
    <UnitTestResult executionId="a33cbca7-e290-4c47-ac2b-dcb349e5a939" testId="58a8f096-af1a-ba52-8cf7-4f27a22072be" testName="Tests.Integration.Backend.Controllers.RolesControllerTests.DELETE_Role_Should_Remove_Existing_Role" computerName="runnervmf4ws1" duration="00:00:01.5248009" startTime="2025-09-11T05:34:09.7772910+00:00" endTime="2025-09-11T05:34:09.7772912+00:00" testType="13cdc9d9-ddb5-4fa4-a97d-d965ccfc6d4b" outcome="Passed" testListId="8c84fa94-04c1-424b-9868-57a2d4851a1d" relativeResultsDirectory="a33cbca7-e290-4c47-ac2b-dcb349e5a939" />
    <UnitTestResult executionId="7e2d8da5-7fcd-46c2-b968-49ae5e3cf469" testId="4ca138d0-3af0-bb0b-3bfb-df9507be5ed5" testName="Tests.Integration.Backend.Controllers.PeopleControllerTests.POST_People_Should_Return_400_For_Invalid_Request" computerName="runnervmf4ws1" duration="00:00:00.8327874" startTime="2025-09-11T05:34:46.1516113+00:00" endTime="2025-09-11T05:34:46.1516114+00:00" testType="13cdc9d9-ddb5-4fa4-a97d-d965ccfc6d4b" outcome="Passed" testListId="8c84fa94-04c1-424b-9868-57a2d4851a1d" relativeResultsDirectory="7e2d8da5-7fcd-46c2-b968-49ae5e3cf469" />
    <UnitTestResult executionId="f710e4f4-efa3-4700-8ef2-2f912c9910f8" testId="b7695dc8-52d4-1e66-b81e-a27de7f041fc" testName="Tests.Integration.Backend.E2E.AuthenticationE2ETests.Registration_Should_Prevent_Duplicate_Emails" computerName="runnervmf4ws1" duration="00:00:00.3069391" startTime="2025-09-11T05:35:32.2198362+00:00" endTime="2025-09-11T05:35:32.2198362+00:00" testType="13cdc9d9-ddb5-4fa4-a97d-d965ccfc6d4b" outcome="Passed" testListId="8c84fa94-04c1-424b-9868-57a2d4851a1d" relativeResultsDirectory="f710e4f4-efa3-4700-8ef2-2f912c9910f8" />
    <UnitTestResult executionId="76111826-a1e9-4a4a-8675-26ace32825da" testId="7bc10e4f-5a04-518e-0136-35873081b204" testName="Tests.Integration.Backend.Controllers.WindowsControllerTests.PUT_Window_Should_Update_Existing_Window" computerName="runnervmf4ws1" duration="00:00:01.5107987" startTime="2025-09-11T05:35:24.5238018+00:00" endTime="2025-09-11T05:35:24.5238018+00:00" testType="13cdc9d9-ddb5-4fa4-a97d-d965ccfc6d4b" outcome="Passed" testListId="8c84fa94-04c1-424b-9868-57a2d4851a1d" relativeResultsDirectory="76111826-a1e9-4a4a-8675-26ace32825da" />
    <UnitTestResult executionId="78956f52-a9ea-4d0d-9b83-cc48b795a113" testId="bc4ebe26-634c-986e-8a8c-e92c2437e06a" testName="Tests.Integration.Backend.Controllers.PeopleControllerTests.POST_People_Should_Allow_Empty_Phone_Number" computerName="runnervmf4ws1" duration="00:00:00.8199221" startTime="2025-09-11T05:34:49.1579940+00:00" endTime="2025-09-11T05:34:49.1579941+00:00" testType="13cdc9d9-ddb5-4fa4-a97d-d965ccfc6d4b" outcome="Passed" testListId="8c84fa94-04c1-424b-9868-57a2d4851a1d" relativeResultsDirectory="78956f52-a9ea-4d0d-9b83-cc48b795a113" />
    <UnitTestResult executionId="6a87eb56-a660-4157-96ef-1a313e9b99e8" testId="4e4996c7-f4bf-6a3f-b2c5-de38dd6676bb" testName="Tests.Integration.Backend.Controllers.PeopleControllerTests.GET_People_By_Id_Should_Return_404_For_NonExistent_Person" computerName="runnervmf4ws1" duration="00:00:00.5246556" startTime="2025-09-11T05:34:49.9072540+00:00" endTime="2025-09-11T05:34:49.9072540+00:00" testType="13cdc9d9-ddb5-4fa4-a97d-d965ccfc6d4b" outcome="Passed" testListId="8c84fa94-04c1-424b-9868-57a2d4851a1d" relativeResultsDirectory="6a87eb56-a660-4157-96ef-1a313e9b99e8" />
    <UnitTestResult executionId="034d9746-4217-4ed1-8853-b11e73102317" testId="79e70e1e-8075-8996-1211-c6d54a3d9ffa" testName="Tests.Integration.Backend.Controllers.RolesControllerTests.DELETE_Role_Should_Return_204_When_Not_Exists" computerName="runnervmf4ws1" duration="00:00:00.6796036" startTime="2025-09-11T05:34:06.5021594+00:00" endTime="2025-09-11T05:34:06.5021598+00:00" testType="13cdc9d9-ddb5-4fa4-a97d-d965ccfc6d4b" outcome="Passed" testListId="8c84fa94-04c1-424b-9868-57a2d4851a1d" relativeResultsDirectory="034d9746-4217-4ed1-8853-b11e73102317" />
    <UnitTestResult executionId="2ce410d5-41cf-4e88-9c21-ba6a49a14a96" testId="9be21e93-9fc5-d98c-6abd-02370621f63e" testName="Tests.Integration.Backend.Controllers.PeopleControllerTests.DELETE_People_Should_Return_403_For_Non_Admin_User" computerName="runnervmf4ws1" duration="00:00:01.1163937" startTime="2025-09-11T05:34:56.2567320+00:00" endTime="2025-09-11T05:34:56.2567320+00:00" testType="13cdc9d9-ddb5-4fa4-a97d-d965ccfc6d4b" outcome="Passed" testListId="8c84fa94-04c1-424b-9868-57a2d4851a1d" relativeResultsDirectory="2ce410d5-41cf-4e88-9c21-ba6a49a14a96" />
    <UnitTestResult executionId="bfb9988f-eb0a-4445-91f0-2e903dd83f53" testId="dc3d8a1b-91eb-4926-ce54-153010e68cad" testName="Tests.Integration.Backend.Controllers.RolesControllerTests.POST_Roles_Should_Create_Role_And_Return_201" computerName="runnervmf4ws1" duration="00:00:00.8274528" startTime="2025-09-11T05:34:15.4767440+00:00" endTime="2025-09-11T05:34:15.4767442+00:00" testType="13cdc9d9-ddb5-4fa4-a97d-d965ccfc6d4b" outcome="Passed" testListId="8c84fa94-04c1-424b-9868-57a2d4851a1d" relativeResultsDirectory="bfb9988f-eb0a-4445-91f0-2e903dd83f53" />
    <UnitTestResult executionId="198d492d-de7f-4ec7-b733-4fe170231f68" testId="ff9b3969-a7f6-2222-47ce-4595f8d0cb7e" testName="Tests.Integration.Backend.Controllers.DatabaseControllerTests.GET_Database_VerifyIntegrity_Should_Return_Integrity_Check_Result" computerName="runnervmf4ws1" duration="00:00:00.2558197" startTime="2025-09-11T05:33:49.6864141+00:00" endTime="2025-09-11T05:33:49.6864144+00:00" testType="13cdc9d9-ddb5-4fa4-a97d-d965ccfc6d4b" outcome="Passed" testListId="8c84fa94-04c1-424b-9868-57a2d4851a1d" relativeResultsDirectory="198d492d-de7f-4ec7-b733-4fe170231f68" />
    <UnitTestResult executionId="0059c4a9-d1f8-4bd1-a5a0-d52153990ee5" testId="48288144-3004-3fb6-5971-16808e53c3e3" testName="Tests.Integration.Backend.Controllers.RolesControllerTests.POST_Role_Should_Handle_Null_Description" computerName="runnervmf4ws1" duration="00:00:00.6033099" startTime="2025-09-11T05:34:11.9053512+00:00" endTime="2025-09-11T05:34:11.9053519+00:00" testType="13cdc9d9-ddb5-4fa4-a97d-d965ccfc6d4b" outcome="Passed" testListId="8c84fa94-04c1-424b-9868-57a2d4851a1d" relativeResultsDirectory="0059c4a9-d1f8-4bd1-a5a0-d52153990ee5" />
    <UnitTestResult executionId="ca5291ac-b4eb-40b6-b343-cb69be47410d" testId="cc1dc38d-e485-bd07-2880-7ffdde1c97ec" testName="Tests.Integration.Backend.Controllers.PeopleControllerTests.GET_People_By_Id_Should_Return_Specific_Person" computerName="runnervmf4ws1" duration="00:00:01.1184498" startTime="2025-09-11T05:34:51.0260652+00:00" endTime="2025-09-11T05:34:51.0260652+00:00" testType="13cdc9d9-ddb5-4fa4-a97d-d965ccfc6d4b" outcome="Passed" testListId="8c84fa94-04c1-424b-9868-57a2d4851a1d" relativeResultsDirectory="ca5291ac-b4eb-40b6-b343-cb69be47410d" />
    <UnitTestResult executionId="fbcf3385-1ec1-4608-8493-e394623e6e5f" testId="59c1b068-0fcd-d32e-da01-b21421cb74d4" testName="Tests.Integration.Backend.Controllers.RolesControllerTests.GET_Roles_Should_Return_Empty_List_Initially" computerName="runnervmf4ws1" duration="00:00:00.5272518" startTime="2025-09-11T05:34:12.4330509+00:00" endTime="2025-09-11T05:34:12.4330511+00:00" testType="13cdc9d9-ddb5-4fa4-a97d-d965ccfc6d4b" outcome="Passed" testListId="8c84fa94-04c1-424b-9868-57a2d4851a1d" relativeResultsDirectory="fbcf3385-1ec1-4608-8493-e394623e6e5f" />
    <UnitTestResult executionId="b0ba03d2-5b0e-4336-b732-967c46a3d4ad" testId="06592b62-9486-dc14-09e9-81aa1f2eb0eb" testName="Tests.Integration.Backend.Compression.StaticFileCompressionTests.CompressedStaticFiles_ShouldBeSmallerThanUncompressed" computerName="runnervmf4ws1" duration="00:00:00.0028340" startTime="2025-09-11T05:34:28.7638051+00:00" endTime="2025-09-11T05:34:28.7638052+00:00" testType="13cdc9d9-ddb5-4fa4-a97d-d965ccfc6d4b" outcome="Passed" testListId="8c84fa94-04c1-424b-9868-57a2d4851a1d" relativeResultsDirectory="b0ba03d2-5b0e-4336-b732-967c46a3d4ad" />
    <UnitTestResult executionId="8983c0e2-d41c-45cb-97b4-4c2871384b99" testId="e4619fb0-2f02-c154-40bc-f54ee36b9b38" testName="Tests.Integration.Backend.Controllers.ApiHealthTests.API_Should_Handle_Concurrent_Requests" computerName="runnervmf4ws1" duration="00:00:02.7235524" startTime="2025-09-11T05:35:07.1229278+00:00" endTime="2025-09-11T05:35:07.1229278+00:00" testType="13cdc9d9-ddb5-4fa4-a97d-d965ccfc6d4b" outcome="Passed" testListId="8c84fa94-04c1-424b-9868-57a2d4851a1d" relativeResultsDirectory="8983c0e2-d41c-45cb-97b4-4c2871384b99" />
    <UnitTestResult executionId="c64e2e84-0517-45aa-a757-1fe2daf80f22" testId="696a1e18-7066-ca21-55a7-645fa8e1a26a" testName="Tests.Integration.Backend.Controllers.WallsControllerTests.GET_Walls_Should_Return_Empty_List_Initially" computerName="runnervmf4ws1" duration="00:00:00.5250905" startTime="2025-09-11T05:34:38.4367763+00:00" endTime="2025-09-11T05:34:38.4367764+00:00" testType="13cdc9d9-ddb5-4fa4-a97d-d965ccfc6d4b" outcome="Passed" testListId="8c84fa94-04c1-424b-9868-57a2d4851a1d" relativeResultsDirectory="c64e2e84-0517-45aa-a757-1fe2daf80f22" />
    <UnitTestResult executionId="bb236300-1373-42a9-9774-5ae8c0980ae7" testId="1c428206-078b-ef8a-981a-72b75853f6ff" testName="Tests.Integration.Backend.Compression.StaticFileCompressionTests.JsFile_ShouldBeCompressed_WhenClientSupportsBrotli" computerName="runnervmf4ws1" duration="00:00:00.0046176" startTime="2025-09-11T05:34:28.7426583+00:00" endTime="2025-09-11T05:34:28.7426584+00:00" testType="13cdc9d9-ddb5-4fa4-a97d-d965ccfc6d4b" outcome="Passed" testListId="8c84fa94-04c1-424b-9868-57a2d4851a1d" relativeResultsDirectory="bb236300-1373-42a9-9774-5ae8c0980ae7" />
    <UnitTestResult executionId="801e8b34-739e-4201-9bf8-481bbeeac6dc" testId="f7ccf265-e80b-872a-2ee9-60a9a3351b24" testName="Tests.Integration.Backend.Controllers.ApiHealthTests.API_Should_Handle_Invalid_Routes" computerName="runnervmf4ws1" duration="00:00:00.3005677" startTime="2025-09-11T05:35:07.7265819+00:00" endTime="2025-09-11T05:35:07.7265820+00:00" testType="13cdc9d9-ddb5-4fa4-a97d-d965ccfc6d4b" outcome="Passed" testListId="8c84fa94-04c1-424b-9868-57a2d4851a1d" relativeResultsDirectory="801e8b34-739e-4201-9bf8-481bbeeac6dc" />
    <UnitTestResult executionId="d2793b2f-3845-47f5-8e53-95e3b0653cc2" testId="3c12eda2-b3ce-445c-ab96-ec2f1aa7f5f7" testName="Tests.Integration.Backend.Controllers.WindowsControllerTests.POST_Window_Should_Handle_Optional_Fields" computerName="runnervmf4ws1" duration="00:00:00.6002295" startTime="2025-09-11T05:35:22.4075839+00:00" endTime="2025-09-11T05:35:22.4075840+00:00" testType="13cdc9d9-ddb5-4fa4-a97d-d965ccfc6d4b" outcome="Passed" testListId="8c84fa94-04c1-424b-9868-57a2d4851a1d" relativeResultsDirectory="d2793b2f-3845-47f5-8e53-95e3b0653cc2" />
    <UnitTestResult executionId="46cec991-86b5-4333-a51d-95a029740e92" testId="bc66b42a-da4a-96c7-2103-52f52cf67ffd" testName="Tests.Integration.Backend.Controllers.AuthControllerTests.Protected_Endpoint_Should_Return_OK_With_Valid_Token" computerName="runnervmf4ws1" duration="00:00:00.8305064" startTime="2025-09-11T05:34:04.6166606+00:00" endTime="2025-09-11T05:34:04.6166611+00:00" testType="13cdc9d9-ddb5-4fa4-a97d-d965ccfc6d4b" outcome="Passed" testListId="8c84fa94-04c1-424b-9868-57a2d4851a1d" relativeResultsDirectory="46cec991-86b5-4333-a51d-95a029740e92" />
    <UnitTestResult executionId="6cb9fd4d-77fa-486e-879a-2c83b591a552" testId="f6484c9f-d44d-28f7-583b-e91d4b7f5382" testName="Tests.Integration.Backend.Compression.StaticFileCompressionTests.CssFile_ShouldBeCompressed_WhenClientSupportsBrotli" computerName="runnervmf4ws1" duration="00:00:00.0024849" startTime="2025-09-11T05:34:28.7509459+00:00" endTime="2025-09-11T05:34:28.7509460+00:00" testType="13cdc9d9-ddb5-4fa4-a97d-d965ccfc6d4b" outcome="Passed" testListId="8c84fa94-04c1-424b-9868-57a2d4851a1d" relativeResultsDirectory="6cb9fd4d-77fa-486e-879a-2c83b591a552" />
    <UnitTestResult executionId="dbb97a7a-be03-4323-8fcd-cdffc31852d2" testId="2e2345f0-0d5a-ea86-479d-222f77025a6a" testName="Tests.Integration.Backend.Controllers.PeopleControllerTests.POST_People_Should_Create_Person_And_Return_201" computerName="runnervmf4ws1" duration="00:00:00.8292576" startTime="2025-09-11T05:34:44.7875300+00:00" endTime="2025-09-11T05:34:44.7875300+00:00" testType="13cdc9d9-ddb5-4fa4-a97d-d965ccfc6d4b" outcome="Passed" testListId="8c84fa94-04c1-424b-9868-57a2d4851a1d" relativeResultsDirectory="dbb97a7a-be03-4323-8fcd-cdffc31852d2" />
    <UnitTestResult executionId="9cd12839-60ba-48b8-b155-219e9faae5a1" testId="3ae9a197-02ed-3bf8-219d-823a522da5f1" testName="Tests.Integration.Backend.Controllers.PeopleControllerTests.DELETE_People_Should_Return_204_For_NonExistent_Person" computerName="runnervmf4ws1" duration="00:00:00.8212482" startTime="2025-09-11T05:34:52.3691841+00:00" endTime="2025-09-11T05:34:52.3691841+00:00" testType="13cdc9d9-ddb5-4fa4-a97d-d965ccfc6d4b" outcome="Passed" testListId="8c84fa94-04c1-424b-9868-57a2d4851a1d" relativeResultsDirectory="9cd12839-60ba-48b8-b155-219e9faae5a1" />
    <UnitTestResult executionId="0999dc7a-03fc-4bad-a775-8f7b14581e8a" testId="a5770765-4612-4372-f1a9-727a017fca24" testName="Tests.Integration.Backend.Compression.ResponseCompressionTests.CompressedResponse_ShouldHaveCompressionHeaders" computerName="runnervmf4ws1" duration="00:00:00.6023543" startTime="2025-09-11T05:34:30.6717703+00:00" endTime="2025-09-11T05:34:30.6717706+00:00" testType="13cdc9d9-ddb5-4fa4-a97d-d965ccfc6d4b" outcome="Passed" testListId="8c84fa94-04c1-424b-9868-57a2d4851a1d" relativeResultsDirectory="0999dc7a-03fc-4bad-a775-8f7b14581e8a" />
    <UnitTestResult executionId="c1dd2bac-c116-4377-9f3c-75610969fbb0" testId="98463f55-b92d-02fc-1e9d-e879206d0dbe" testName="Tests.Integration.Backend.Controllers.ApiHealthTests.All_Endpoints_Should_Support_Expected_HTTP_Methods(method: &quot;POST&quot;, endpoint: &quot;/api/roles&quot;)" computerName="runnervmf4ws1" duration="00:00:00.6056102" startTime="2025-09-11T05:34:59.8548660+00:00" endTime="2025-09-11T05:34:59.8548660+00:00" testType="13cdc9d9-ddb5-4fa4-a97d-d965ccfc6d4b" outcome="Passed" testListId="8c84fa94-04c1-424b-9868-57a2d4851a1d" relativeResultsDirectory="c1dd2bac-c116-4377-9f3c-75610969fbb0" />
    <UnitTestResult executionId="337a0b8f-7810-4418-a637-8ce9f8bafbaa" testId="cf8a559d-45fb-9221-5781-06292f54735a" testName="Tests.Integration.Backend.Controllers.ApiHealthTests.All_Endpoints_Should_Support_Expected_HTTP_Methods(method: &quot;GET&quot;, endpoint: &quot;/api/people&quot;)" computerName="runnervmf4ws1" duration="00:00:00.3014789" startTime="2025-09-11T05:34:58.6358333+00:00" endTime="2025-09-11T05:34:58.6358334+00:00" testType="13cdc9d9-ddb5-4fa4-a97d-d965ccfc6d4b" outcome="Passed" testListId="8c84fa94-04c1-424b-9868-57a2d4851a1d" relativeResultsDirectory="337a0b8f-7810-4418-a637-8ce9f8bafbaa" />
    <UnitTestResult executionId="ba5c4928-6b91-4147-b3d2-17a9c01f1326" testId="3115f456-ece1-1790-9284-157082a1d43c" testName="Tests.Integration.Backend.Controllers.RolesControllerTests.POST_Roles_Should_Return_400_For_Invalid_Data" computerName="runnervmf4ws1" duration="00:00:01.3121812" startTime="2025-09-11T05:34:14.6489072+00:00" endTime="2025-09-11T05:34:14.6489074+00:00" testType="13cdc9d9-ddb5-4fa4-a97d-d965ccfc6d4b" outcome="Passed" testListId="8c84fa94-04c1-424b-9868-57a2d4851a1d" relativeResultsDirectory="ba5c4928-6b91-4147-b3d2-17a9c01f1326" />
    <UnitTestResult executionId="a2b038e0-59c5-4e35-b491-a3772b7e896b" testId="f63011fd-c6a3-fc9c-0ff5-216045de6e40" testName="Tests.Integration.Backend.E2E.AuthenticationE2ETests.Registration_Should_Validate_Email_Format" computerName="runnervmf4ws1" duration="00:00:00.0033375" startTime="2025-09-11T05:35:32.2234865+00:00" endTime="2025-09-11T05:35:32.2234866+00:00" testType="13cdc9d9-ddb5-4fa4-a97d-d965ccfc6d4b" outcome="Passed" testListId="8c84fa94-04c1-424b-9868-57a2d4851a1d" relativeResultsDirectory="a2b038e0-59c5-4e35-b491-a3772b7e896b" />
    <UnitTestResult executionId="5fba0f32-73b5-4be7-b00b-e5372b794e76" testId="28caa8d5-c8a9-c82d-9ea0-c02736f0dfd9" testName="Tests.Integration.Backend.OutputCaching.CachingE2ETests.CrossEntityCaching_ShouldNotInterfere" computerName="runnervmf4ws1" duration="00:00:03.5734337" startTime="2025-09-11T05:33:53.9310142+00:00" endTime="2025-09-11T05:33:53.9310144+00:00" testType="13cdc9d9-ddb5-4fa4-a97d-d965ccfc6d4b" outcome="Passed" testListId="8c84fa94-04c1-424b-9868-57a2d4851a1d" relativeResultsDirectory="5fba0f32-73b5-4be7-b00b-e5372b794e76" />
    <UnitTestResult executionId="69483667-1c7c-4041-a438-f4e54c9b2fd0" testId="58d6d3e1-eb4b-146c-6475-5a89377fd38d" testName="Tests.Integration.Backend.Controllers.ApiHealthTests.API_Should_Maintain_Data_Consistency_Under_Load" computerName="runnervmf4ws1" duration="00:00:02.3781305" startTime="2025-09-11T05:35:10.1050676+00:00" endTime="2025-09-11T05:35:10.1050676+00:00" testType="13cdc9d9-ddb5-4fa4-a97d-d965ccfc6d4b" outcome="Passed" testListId="8c84fa94-04c1-424b-9868-57a2d4851a1d" relativeResultsDirectory="69483667-1c7c-4041-a438-f4e54c9b2fd0" />
    <UnitTestResult executionId="578414ae-06fe-4098-a977-f4a060ccb9b1" testId="39e1ba24-0a2a-e8f7-d815-046e06e37c3f" testName="Tests.Integration.Backend.Controllers.WallsControllerTests.POST_Walls_Should_Return_400_For_Invalid_Data" computerName="runnervmf4ws1" duration="00:00:00.5997241" startTime="2025-09-11T05:34:34.6058808+00:00" endTime="2025-09-11T05:34:34.6058809+00:00" testType="13cdc9d9-ddb5-4fa4-a97d-d965ccfc6d4b" outcome="Passed" testListId="8c84fa94-04c1-424b-9868-57a2d4851a1d" relativeResultsDirectory="578414ae-06fe-4098-a977-f4a060ccb9b1" />
    <UnitTestResult executionId="26beed22-0721-4d4a-ad5c-82ab77eb85f1" testId="f7bc3491-94dd-b6b9-3778-9c1a4322e7be" testName="Tests.Integration.Backend.Controllers.WallsControllerTests.POST_Walls_Should_Create_Wall_And_Return_201" computerName="runnervmf4ws1" duration="00:00:00.6026496" startTime="2025-09-11T05:34:35.8135110+00:00" endTime="2025-09-11T05:34:35.8135111+00:00" testType="13cdc9d9-ddb5-4fa4-a97d-d965ccfc6d4b" outcome="Passed" testListId="8c84fa94-04c1-424b-9868-57a2d4851a1d" relativeResultsDirectory="26beed22-0721-4d4a-ad5c-82ab77eb85f1" />
    <UnitTestResult executionId="22af37f7-7b7f-4f57-bcfe-2e8b5e3c849e" testId="a4e7fe1d-8462-8e20-a217-708cdc9d8f6a" testName="Tests.Integration.Backend.Controllers.WallsControllerTests.Walls_Should_Persist_Timestamps_Correctly" computerName="runnervmf4ws1" duration="00:00:01.6065200" startTime="2025-09-11T05:34:40.6416777+00:00" endTime="2025-09-11T05:34:40.6416777+00:00" testType="13cdc9d9-ddb5-4fa4-a97d-d965ccfc6d4b" outcome="Passed" testListId="8c84fa94-04c1-424b-9868-57a2d4851a1d" relativeResultsDirectory="22af37f7-7b7f-4f57-bcfe-2e8b5e3c849e" />
    <UnitTestResult executionId="054d663b-86a1-4ef1-bb82-dc9cd059992b" testId="78d2062e-7c45-d260-f795-f1b53c418237" testName="Tests.Integration.Backend.Compression.StaticFileCompressionTests.CssFile_ShouldBeCompressed_WhenClientSupportsGzip" computerName="runnervmf4ws1" duration="00:00:00.0050976" startTime="2025-09-11T05:34:28.7481306+00:00" endTime="2025-09-11T05:34:28.7481307+00:00" testType="13cdc9d9-ddb5-4fa4-a97d-d965ccfc6d4b" outcome="Passed" testListId="8c84fa94-04c1-424b-9868-57a2d4851a1d" relativeResultsDirectory="054d663b-86a1-4ef1-bb82-dc9cd059992b" />
    <UnitTestResult executionId="9e97171f-c467-4273-9bfe-beadd0132c85" testId="25c388e9-4416-bcb2-f5bb-f92fe28b725a" testName="Tests.Integration.Backend.Controllers.AuthControllerPasswordResetTests.POST_ResetPassword_WithValidToken_Should_Reset_Password_Successfully" computerName="runnervmf4ws1" duration="00:00:00.6591268" startTime="2025-09-11T05:35:15.7313693+00:00" endTime="2025-09-11T05:35:15.7313693+00:00" testType="13cdc9d9-ddb5-4fa4-a97d-d965ccfc6d4b" outcome="Passed" testListId="8c84fa94-04c1-424b-9868-57a2d4851a1d" relativeResultsDirectory="9e97171f-c467-4273-9bfe-beadd0132c85" />
    <UnitTestResult executionId="82d0a117-1459-47bd-a896-e72713bb817c" testId="cc336df8-b701-eea1-c754-b46ee3091b03" testName="Tests.Integration.Backend.Controllers.AuthControllerTests.POST_Login_Should_Return_BadRequest_For_Invalid_Email_Format" computerName="runnervmf4ws1" duration="00:00:00.2254829" startTime="2025-09-11T05:34:05.8212200+00:00" endTime="2025-09-11T05:34:05.8212203+00:00" testType="13cdc9d9-ddb5-4fa4-a97d-d965ccfc6d4b" outcome="Passed" testListId="8c84fa94-04c1-424b-9868-57a2d4851a1d" relativeResultsDirectory="82d0a117-1459-47bd-a896-e72713bb817c" />
    <UnitTestResult executionId="649b29b4-6384-4275-9d8f-afd249a9e203" testId="29ba8dce-52f9-1a09-beb5-2c73bb03e4dd" testName="Tests.Integration.Backend.Controllers.RolesControllerTests.GET_Role_By_Id_Should_Return_404_When_Not_Exists" computerName="runnervmf4ws1" duration="00:00:00.5239231" startTime="2025-09-11T05:34:16.0010493+00:00" endTime="2025-09-11T05:34:16.0010495+00:00" testType="13cdc9d9-ddb5-4fa4-a97d-d965ccfc6d4b" outcome="Passed" testListId="8c84fa94-04c1-424b-9868-57a2d4851a1d" relativeResultsDirectory="649b29b4-6384-4275-9d8f-afd249a9e203" />
    <UnitTestResult executionId="1d0c063b-c465-4921-bf57-1141c58ef482" testId="f746e85d-5530-5c7f-8b39-c9d23cfa24b9" testName="Tests.Integration.Backend.Controllers.PeopleControllerTests.GET_People_Should_Return_Empty_List_Initially" computerName="runnervmf4ws1" duration="00:00:00.5306023" startTime="2025-09-11T05:34:45.3184559+00:00" endTime="2025-09-11T05:34:45.3184560+00:00" testType="13cdc9d9-ddb5-4fa4-a97d-d965ccfc6d4b" outcome="Passed" testListId="8c84fa94-04c1-424b-9868-57a2d4851a1d" relativeResultsDirectory="1d0c063b-c465-4921-bf57-1141c58ef482" />
    <UnitTestResult executionId="383674c3-a19c-4223-9a5a-ab0fd70fa1b5" testId="53592f08-0da7-0cd5-09c9-a1ba0d87949c" testName="Tests.Integration.Backend.Controllers.AuthControllerTests.POST_Login_Should_Return_Tokens_For_Valid_Credentials" computerName="runnervmf4ws1" duration="00:00:00.8265729" startTime="2025-09-11T05:34:02.9374012+00:00" endTime="2025-09-11T05:34:02.9374015+00:00" testType="13cdc9d9-ddb5-4fa4-a97d-d965ccfc6d4b" outcome="Passed" testListId="8c84fa94-04c1-424b-9868-57a2d4851a1d" relativeResultsDirectory="383674c3-a19c-4223-9a5a-ab0fd70fa1b5" />
    <UnitTestResult executionId="82e4dbcb-ee53-4736-8a7b-66786d96d1cd" testId="37ce62cb-c39d-d9d9-9814-53126b8a17ea" testName="Tests.Integration.Backend.Controllers.ApiHealthTests.API_Should_Be_Responsive" computerName="runnervmf4ws1" duration="00:00:00.3010309" startTime="2025-09-11T05:35:02.2959043+00:00" endTime="2025-09-11T05:35:02.2959043+00:00" testType="13cdc9d9-ddb5-4fa4-a97d-d965ccfc6d4b" outcome="Passed" testListId="8c84fa94-04c1-424b-9868-57a2d4851a1d" relativeResultsDirectory="82e4dbcb-ee53-4736-8a7b-66786d96d1cd" />
    <UnitTestResult executionId="09ba5746-6d3f-4f95-8465-ecd5cf34adf1" testId="9525fcd3-b949-7544-779c-3d3500ebec99" testName="Tests.Integration.Backend.Controllers.RolesControllerTests.PUT_Role_Should_Update_Existing_Role" computerName="runnervmf4ws1" duration="00:00:01.5236226" startTime="2025-09-11T05:34:11.3015051+00:00" endTime="2025-09-11T05:34:11.3015053+00:00" testType="13cdc9d9-ddb5-4fa4-a97d-d965ccfc6d4b" outcome="Passed" testListId="8c84fa94-04c1-424b-9868-57a2d4851a1d" relativeResultsDirectory="09ba5746-6d3f-4f95-8465-ecd5cf34adf1" />
    <UnitTestResult executionId="9a2c9aa6-cbf3-4120-bfe6-49f7b15bc473" testId="297d158e-047c-5612-bd99-21893c5634e4" testName="Tests.Integration.Backend.Controllers.AuthControllerTests.POST_Refresh_Should_Return_Unauthorized_For_Invalid_RefreshToken" computerName="runnervmf4ws1" duration="00:00:00.2265780" startTime="2025-09-11T05:34:04.8436478+00:00" endTime="2025-09-11T05:34:04.8436481+00:00" testType="13cdc9d9-ddb5-4fa4-a97d-d965ccfc6d4b" outcome="Passed" testListId="8c84fa94-04c1-424b-9868-57a2d4851a1d" relativeResultsDirectory="9a2c9aa6-cbf3-4120-bfe6-49f7b15bc473" />
    <UnitTestResult executionId="1b813d9b-4edb-4dff-bea2-43ab1d93192d" testId="f06ae6c9-50ad-cafd-2eae-e83fde29317d" testName="Tests.Integration.Backend.Controllers.WallsControllerTests.GET_Wall_By_Id_Should_Return_Wall_When_Exists" computerName="runnervmf4ws1" duration="00:00:00.9317535" startTime="2025-09-11T05:34:32.2768757+00:00" endTime="2025-09-11T05:34:32.2768757+00:00" testType="13cdc9d9-ddb5-4fa4-a97d-d965ccfc6d4b" outcome="Passed" testListId="8c84fa94-04c1-424b-9868-57a2d4851a1d" relativeResultsDirectory="1b813d9b-4edb-4dff-bea2-43ab1d93192d" />
    <UnitTestResult executionId="22ada4cb-d9b6-424c-8adb-82bb0f05734c" testId="dd89f673-671f-182c-819f-0c99c5f63d13" testName="Tests.Integration.Backend.Compression.StaticFileCompressionTests.CompressedStaticFiles_ShouldHaveVaryHeader" computerName="runnervmf4ws1" duration="00:00:00.0044491" startTime="2025-09-11T05:34:28.7686362+00:00" endTime="2025-09-11T05:34:28.7686363+00:00" testType="13cdc9d9-ddb5-4fa4-a97d-d965ccfc6d4b" outcome="Passed" testListId="8c84fa94-04c1-424b-9868-57a2d4851a1d" relativeResultsDirectory="22ada4cb-d9b6-424c-8adb-82bb0f05734c" />
    <UnitTestResult executionId="3193afa4-c350-461a-a1cf-bff2d2abae7d" testId="60dfb5c8-db46-6bbb-f8af-46af1d350941" testName="Tests.Integration.Backend.Controllers.PeopleControllerTests.DELETE_People_Should_Remove_Person" computerName="runnervmf4ws1" duration="00:00:00.8231203" startTime="2025-09-11T05:34:53.1926677+00:00" endTime="2025-09-11T05:34:53.1926678+00:00" testType="13cdc9d9-ddb5-4fa4-a97d-d965ccfc6d4b" outcome="Passed" testListId="8c84fa94-04c1-424b-9868-57a2d4851a1d" relativeResultsDirectory="3193afa4-c350-461a-a1cf-bff2d2abae7d" />
    <UnitTestResult executionId="aaa6a283-19f1-4d10-b007-100a7fec1f23" testId="67c0dda5-90c3-5662-c072-7db17a34e9f0" testName="Tests.Integration.Backend.Controllers.AuthControllerPasswordResetTests.POST_ValidateResetToken_WithInvalidToken_Should_Return_Invalid_Status" computerName="runnervmf4ws1" duration="00:00:00.2357616" startTime="2025-09-11T05:35:15.9674930+00:00" endTime="2025-09-11T05:35:15.9674931+00:00" testType="13cdc9d9-ddb5-4fa4-a97d-d965ccfc6d4b" outcome="Passed" testListId="8c84fa94-04c1-424b-9868-57a2d4851a1d" relativeResultsDirectory="aaa6a283-19f1-4d10-b007-100a7fec1f23" />
    <UnitTestResult executionId="aaa3269c-28a7-4415-847d-07af20638a63" testId="d52400d3-aadd-aa81-a16e-1863a2b50655" testName="Tests.Integration.Backend.OutputCaching.OutputCachingConfigurationTests.OutputCachePolicies_ShouldHaveCorrectDurations(policyName: &quot;RolesPolicy&quot;, expectedDurationSeconds: 3600)" computerName="runnervmf4ws1" duration="00:00:00.0001465" startTime="2025-09-11T05:35:14.1484679+00:00" endTime="2025-09-11T05:35:14.1484680+00:00" testType="13cdc9d9-ddb5-4fa4-a97d-d965ccfc6d4b" outcome="Passed" testListId="8c84fa94-04c1-424b-9868-57a2d4851a1d" relativeResultsDirectory="aaa3269c-28a7-4415-847d-07af20638a63" />
    <UnitTestResult executionId="d9329e12-901a-4e13-a40f-9f5dd5025ec7" testId="97379147-d8b9-39e9-e5ac-c96169fc4948" testName="Tests.Integration.Backend.OutputCaching.ConditionalRequestTests.GetRequest_WithIfModifiedSince_ShouldReturn304_WhenNotModified" computerName="runnervmf4ws1" duration="00:00:00.5940616" startTime="2025-09-11T05:35:10.7023732+00:00" endTime="2025-09-11T05:35:10.7023733+00:00" testType="13cdc9d9-ddb5-4fa4-a97d-d965ccfc6d4b" outcome="Failed" testListId="8c84fa94-04c1-424b-9868-57a2d4851a1d" relativeResultsDirectory="d9329e12-901a-4e13-a40f-9f5dd5025ec7">
      <Output>
        <ErrorInfo>
          <Message>Expected response2.StatusCode to be HttpStatusCode.NotModified {value: 304} because Server should return 304 when resource hasn't been modified, but found HttpStatusCode.OK {value: 200}.</Message>
          <StackTrace>   at FluentAssertions.Execution.XUnit2TestFramework.Throw(String message)
   at FluentAssertions.Execution.TestFrameworkProvider.Throw(String message)
   at FluentAssertions.Execution.DefaultAssertionStrategy.HandleFailure(String message)
   at FluentAssertions.Execution.AssertionScope.FailWith(Func`1 failReasonFunc)
   at FluentAssertions.Primitives.EnumAssertions`2.Be(TEnum expected, String because, Object[] becauseArgs)
   at Tests.Integration.Backend.OutputCaching.ConditionalRequestTests.&lt;GetRequest_WithIfModifiedSince_ShouldReturn304_WhenNotModified&gt;b__3_0() in /home/runner/work/Crud/Crud/test/Tests.Integration.Backend/OutputCaching/ConditionalRequestTests.cs:line 132
   at Tests.Integration.Backend.Infrastructure.IntegrationTestBase.RunWithCleanDatabaseAsync(Func`1 testAction) in /home/runner/work/Crud/Crud/test/Tests.Integration.Backend/Infrastructure/IntegrationTestBase.cs:line 48
   at Tests.Integration.Backend.Infrastructure.IntegrationTestBase.RunWithCleanDatabaseAsync(Func`1 testAction) in /home/runner/work/Crud/Crud/test/Tests.Integration.Backend/Infrastructure/IntegrationTestBase.cs:line 53
   at Tests.Integration.Backend.OutputCaching.ConditionalRequestTests.GetRequest_WithIfModifiedSince_ShouldReturn304_WhenNotModified() in /home/runner/work/Crud/Crud/test/Tests.Integration.Backend/OutputCaching/ConditionalRequestTests.cs:line 107
--- End of stack trace from previous location ---</StackTrace>
        </ErrorInfo>
      </Output>
    </UnitTestResult>
    <UnitTestResult executionId="d1800d8f-f791-4f91-8c8f-21fdf708eaed" testId="20da3b3a-c531-7fe5-3776-1e7b0c6c1d26" testName="Tests.Integration.Backend.Controllers.PeopleControllerTests.PUT_People_Should_Update_Person" computerName="runnervmf4ws1" duration="00:00:00.8339801" startTime="2025-09-11T05:34:46.9859115+00:00" endTime="2025-09-11T05:34:46.9859115+00:00" testType="13cdc9d9-ddb5-4fa4-a97d-d965ccfc6d4b" outcome="Passed" testListId="8c84fa94-04c1-424b-9868-57a2d4851a1d" relativeResultsDirectory="d1800d8f-f791-4f91-8c8f-21fdf708eaed" />
    <UnitTestResult executionId="eda589ea-da8a-4b5b-b520-d29473fa225d" testId="f48af067-4eb4-5a80-a058-995d81b9c49e" testName="Tests.Integration.Backend.OutputCaching.OutputCachingTests.GetWalls_ShouldReturnConsistentResponses" computerName="runnervmf4ws1" duration="00:00:00.5886466" startTime="2025-09-11T05:34:26.4615674+00:00" endTime="2025-09-11T05:34:26.4615676+00:00" testType="13cdc9d9-ddb5-4fa4-a97d-d965ccfc6d4b" outcome="Passed" testListId="8c84fa94-04c1-424b-9868-57a2d4851a1d" relativeResultsDirectory="eda589ea-da8a-4b5b-b520-d29473fa225d" />
    <UnitTestResult executionId="b08077cc-ce88-46fb-a0b7-257255a1ca41" testId="3a855c55-b695-d057-ad6f-34eef0eb2eae" testName="Tests.Integration.Backend.OutputCaching.ConditionalRequestTests.GetRequest_WithIfNoneMatch_ShouldReturn304_WhenETagMatches" computerName="runnervmf4ws1" duration="00:00:00.5354991" startTime="2025-09-11T05:35:11.7756942+00:00" endTime="2025-09-11T05:35:11.7756942+00:00" testType="13cdc9d9-ddb5-4fa4-a97d-d965ccfc6d4b" outcome="Failed" testListId="8c84fa94-04c1-424b-9868-57a2d4851a1d" relativeResultsDirectory="b08077cc-ce88-46fb-a0b7-257255a1ca41">
      <Output>
        <ErrorInfo>
          <Message>Expected response2.StatusCode to be HttpStatusCode.NotModified {value: 304} because Server should return 304 when ETag matches, but found HttpStatusCode.OK {value: 200}.</Message>
          <StackTrace>   at FluentAssertions.Execution.XUnit2TestFramework.Throw(String message)
   at FluentAssertions.Execution.TestFrameworkProvider.Throw(String message)
   at FluentAssertions.Execution.DefaultAssertionStrategy.HandleFailure(String message)
   at FluentAssertions.Execution.AssertionScope.FailWith(Func`1 failReasonFunc)
   at FluentAssertions.Primitives.EnumAssertions`2.Be(TEnum expected, String because, Object[] becauseArgs)
   at Tests.Integration.Backend.OutputCaching.ConditionalRequestTests.&lt;GetRequest_WithIfNoneMatch_ShouldReturn304_WhenETagMatches&gt;b__1_0() in /home/runner/work/Crud/Crud/test/Tests.Integration.Backend/OutputCaching/ConditionalRequestTests.cs:line 53
   at Tests.Integration.Backend.Infrastructure.IntegrationTestBase.RunWithCleanDatabaseAsync(Func`1 testAction) in /home/runner/work/Crud/Crud/test/Tests.Integration.Backend/Infrastructure/IntegrationTestBase.cs:line 48
   at Tests.Integration.Backend.Infrastructure.IntegrationTestBase.RunWithCleanDatabaseAsync(Func`1 testAction) in /home/runner/work/Crud/Crud/test/Tests.Integration.Backend/Infrastructure/IntegrationTestBase.cs:line 53
   at Tests.Integration.Backend.OutputCaching.ConditionalRequestTests.GetRequest_WithIfNoneMatch_ShouldReturn304_WhenETagMatches() in /home/runner/work/Crud/Crud/test/Tests.Integration.Backend/OutputCaching/ConditionalRequestTests.cs:line 28
--- End of stack trace from previous location ---</StackTrace>
        </ErrorInfo>
      </Output>
    </UnitTestResult>
    <UnitTestResult executionId="7508a782-0274-4df4-9612-648403bba621" testId="01d0203b-7c6e-72b9-08eb-f1b3242c360c" testName="Tests.Integration.Backend.Controllers.PeopleControllerTests.PUT_People_Should_Update_Person_Roles" computerName="runnervmf4ws1" duration="00:00:00.0010000" startTime="2025-09-11T05:34:48.3396535+00:00" endTime="2025-09-11T05:34:48.3396536+00:00" testType="13cdc9d9-ddb5-4fa4-a97d-d965ccfc6d4b" outcome="NotExecuted" testListId="8c84fa94-04c1-424b-9868-57a2d4851a1d" relativeResultsDirectory="7508a782-0274-4df4-9612-648403bba621">
      <Output>
        <ErrorInfo>
          <Message>Skipping due to concurrency conflict - RowVersion not implemented in UpdatePersonRequest</Message>
        </ErrorInfo>
      </Output>
    </UnitTestResult>
    <UnitTestResult executionId="91608af6-a364-4b35-8ceb-4e1598f96768" testId="ca246cb1-0b00-e31f-8cae-0e70703e829e" testName="Tests.Integration.Backend.E2E.AuthenticationE2ETests.Login_Should_Fail_With_Invalid_Credentials" computerName="runnervmf4ws1" duration="00:00:00.0031303" startTime="2025-09-11T05:35:32.2269151+00:00" endTime="2025-09-11T05:35:32.2269152+00:00" testType="13cdc9d9-ddb5-4fa4-a97d-d965ccfc6d4b" outcome="Passed" testListId="8c84fa94-04c1-424b-9868-57a2d4851a1d" relativeResultsDirectory="91608af6-a364-4b35-8ceb-4e1598f96768" />
    <UnitTestResult executionId="f53175b5-0b52-4f04-9e89-2a233a7b6bef" testId="585749df-18b6-91ed-3a17-d18e3a118780" testName="Tests.Integration.Backend.OutputCaching.CachingE2ETests.AllCachedEndpoints_ShouldReturnCacheHeaders(endpoint: &quot;/api/windows&quot;)" computerName="runnervmf4ws1" duration="00:00:00.5384221" startTime="2025-09-11T05:33:58.4938545+00:00" endTime="2025-09-11T05:33:58.4938548+00:00" testType="13cdc9d9-ddb5-4fa4-a97d-d965ccfc6d4b" outcome="Passed" testListId="8c84fa94-04c1-424b-9868-57a2d4851a1d" relativeResultsDirectory="f53175b5-0b52-4f04-9e89-2a233a7b6bef">
      <Output>
        <StdOut>Endpoint: /api/windows
  ETag: "11FxOYiYfpMxmANj4kGJzg=="</StdOut>
      </Output>
    </UnitTestResult>
    <UnitTestResult executionId="8e0c004a-0ed5-4f3e-a843-06fed9f0cc5c" testId="46cfbc2c-72c5-516f-bca0-390b42b51d43" testName="Tests.Integration.Backend.E2E.AuthenticationE2ETests.Complete_Authentication_Flow_Should_Work_End_To_End" computerName="runnervmf4ws1" duration="00:00:00.6736843" startTime="2025-09-11T05:35:31.9125489+00:00" endTime="2025-09-11T05:35:31.9125490+00:00" testType="13cdc9d9-ddb5-4fa4-a97d-d965ccfc6d4b" outcome="Passed" testListId="8c84fa94-04c1-424b-9868-57a2d4851a1d" relativeResultsDirectory="8e0c004a-0ed5-4f3e-a843-06fed9f0cc5c" />
    <UnitTestResult executionId="ae8053e1-8ca9-4e6a-9379-a891929bd86e" testId="5fe2d973-b7ff-5b61-b9d0-9afdc13b9ebf" testName="Tests.Integration.Backend.Controllers.ApiHealthTests.All_Endpoints_Should_Support_Expected_HTTP_Methods(method: &quot;POST&quot;, endpoint: &quot;/api/walls&quot;)" computerName="runnervmf4ws1" duration="00:00:00.6127271" startTime="2025-09-11T05:34:59.2488991+00:00" endTime="2025-09-11T05:34:59.2488991+00:00" testType="13cdc9d9-ddb5-4fa4-a97d-d965ccfc6d4b" outcome="Passed" testListId="8c84fa94-04c1-424b-9868-57a2d4851a1d" relativeResultsDirectory="ae8053e1-8ca9-4e6a-9379-a891929bd86e" />
    <UnitTestResult executionId="271e0da0-ca94-4247-a1ba-495481df855e" testId="8feb6ba1-0aea-ccd4-705a-a363165ab119" testName="Tests.Integration.Backend.Compression.ResponseCompressionTests.ApiResponse_ShouldBeCompressed_WhenClientSupportsBrotli" computerName="runnervmf4ws1" duration="00:00:00.3709850" startTime="2025-09-11T05:34:29.1411217+00:00" endTime="2025-09-11T05:34:29.1411219+00:00" testType="13cdc9d9-ddb5-4fa4-a97d-d965ccfc6d4b" outcome="Passed" testListId="8c84fa94-04c1-424b-9868-57a2d4851a1d" relativeResultsDirectory="271e0da0-ca94-4247-a1ba-495481df855e" />
    <UnitTestResult executionId="befc7da0-1935-4486-b17f-323632c35a35" testId="9ed0881a-ade1-55d1-ff4e-861058b9ed01" testName="Tests.Integration.Backend.Controllers.AuthControllerTests.POST_Refresh_Should_Return_New_Tokens_For_Valid_RefreshToken" computerName="runnervmf4ws1" duration="00:00:00.8702676" startTime="2025-09-11T05:34:01.8835783+00:00" endTime="2025-09-11T05:34:01.8835785+00:00" testType="13cdc9d9-ddb5-4fa4-a97d-d965ccfc6d4b" outcome="Passed" testListId="8c84fa94-04c1-424b-9868-57a2d4851a1d" relativeResultsDirectory="befc7da0-1935-4486-b17f-323632c35a35" />
    <UnitTestResult executionId="b43b03dd-ee34-4552-9078-e88ed5093886" testId="516b5511-ab51-be62-9f5e-ce253f082ce3" testName="Tests.Integration.Backend.Controllers.ApiHealthTests.All_Controllers_Should_Be_Accessible(endpoint: &quot;/api/windows&quot;)" computerName="runnervmf4ws1" duration="00:00:00.3074368" startTime="2025-09-11T05:34:58.3340076+00:00" endTime="2025-09-11T05:34:58.3340077+00:00" testType="13cdc9d9-ddb5-4fa4-a97d-d965ccfc6d4b" outcome="Passed" testListId="8c84fa94-04c1-424b-9868-57a2d4851a1d" relativeResultsDirectory="b43b03dd-ee34-4552-9078-e88ed5093886" />
    <UnitTestResult executionId="50b7a7be-33e1-4d78-8dff-b13cabca062c" testId="f05cedeb-e83b-1e7e-3928-23724172eea5" testName="Tests.Integration.Backend.Controllers.DatabaseControllerTests.POST_Database_Seed_Should_Seed_Database_Successfully" computerName="runnervmf4ws1" duration="00:00:00.5440123" startTime="2025-09-11T05:33:49.1104732+00:00" endTime="2025-09-11T05:33:49.1104734+00:00" testType="13cdc9d9-ddb5-4fa4-a97d-d965ccfc6d4b" outcome="Passed" testListId="8c84fa94-04c1-424b-9868-57a2d4851a1d" relativeResultsDirectory="50b7a7be-33e1-4d78-8dff-b13cabca062c" />
    <UnitTestResult executionId="4de10628-4e64-41eb-acdf-cf3304a9148f" testId="d43526e9-cec8-6f67-27fe-2d630de644f9" testName="Tests.Integration.Backend.Controllers.AuthControllerTests.POST_Login_Should_Return_Unauthorized_For_Invalid_Credentials" computerName="runnervmf4ws1" duration="00:00:00.2263507" startTime="2025-09-11T05:34:02.1103638+00:00" endTime="2025-09-11T05:34:02.1103641+00:00" testType="13cdc9d9-ddb5-4fa4-a97d-d965ccfc6d4b" outcome="Passed" testListId="8c84fa94-04c1-424b-9868-57a2d4851a1d" relativeResultsDirectory="4de10628-4e64-41eb-acdf-cf3304a9148f" />
    <UnitTestResult executionId="b88d4343-41bf-44e3-b719-b7c3077be4a1" testId="60d93c6a-68de-f18d-ead0-561ac4ded916" testName="Tests.Integration.Backend.OutputCaching.CacheInvalidationTests.PutPerson_ShouldInvalidateBothEntityAndListCache" computerName="runnervmf4ws1" duration="00:00:01.1340100" startTime="2025-09-11T05:34:23.5937723+00:00" endTime="2025-09-11T05:34:23.5937725+00:00" testType="13cdc9d9-ddb5-4fa4-a97d-d965ccfc6d4b" outcome="Passed" testListId="8c84fa94-04c1-424b-9868-57a2d4851a1d" relativeResultsDirectory="b88d4343-41bf-44e3-b719-b7c3077be4a1" />
    <UnitTestResult executionId="46079ef5-7dcd-44e5-aa63-f8c772b3d7e3" testId="bd9e404f-7715-359c-e0a9-f0f39ae1a952" testName="Tests.Integration.Backend.Controllers.WallsControllerTests.POST_Walls_Should_Validate_Numeric_Ranges" computerName="runnervmf4ws1" duration="00:00:00.5976395" startTime="2025-09-11T05:34:39.0347516+00:00" endTime="2025-09-11T05:34:39.0347516+00:00" testType="13cdc9d9-ddb5-4fa4-a97d-d965ccfc6d4b" outcome="Passed" testListId="8c84fa94-04c1-424b-9868-57a2d4851a1d" relativeResultsDirectory="46079ef5-7dcd-44e5-aa63-f8c772b3d7e3" />
    <UnitTestResult executionId="5b88e86e-5b3f-4507-816c-2ec3a4277cb7" testId="70e1a820-63f2-9d05-e43e-21258bccb063" testName="Tests.Integration.Backend.OutputCaching.CachingE2ETests.CompleteCachingWorkflow_ShouldPerformAsExpected" computerName="runnervmf4ws1" duration="00:00:01.1893160" startTime="2025-09-11T05:33:56.8985910+00:00" endTime="2025-09-11T05:33:56.8985912+00:00" testType="13cdc9d9-ddb5-4fa4-a97d-d965ccfc6d4b" outcome="Failed" testListId="8c84fa94-04c1-424b-9868-57a2d4851a1d" relativeResultsDirectory="5b88e86e-5b3f-4507-816c-2ec3a4277cb7">
      <Output>
        <StdOut>Initial request (cache miss): 2ms
Cached request (cache hit): 0ms</StdOut>
        <ErrorInfo>
          <Message>Expected response3.StatusCode to be HttpStatusCode.NotModified {value: 304}, but found HttpStatusCode.OK {value: 200}.</Message>
          <StackTrace>   at FluentAssertions.Execution.XUnit2TestFramework.Throw(String message)
   at FluentAssertions.Execution.TestFrameworkProvider.Throw(String message)
   at FluentAssertions.Execution.DefaultAssertionStrategy.HandleFailure(String message)
   at FluentAssertions.Execution.AssertionScope.FailWith(Func`1 failReasonFunc)
   at FluentAssertions.Execution.AssertionScope.FailWith(Func`1 failReasonFunc)
   at FluentAssertions.Execution.AssertionScope.FailWith(String message, Object[] args)
   at FluentAssertions.Primitives.EnumAssertions`2.Be(TEnum expected, String because, Object[] becauseArgs)
   at Tests.Integration.Backend.OutputCaching.CachingE2ETests.&lt;CompleteCachingWorkflow_ShouldPerformAsExpected&gt;b__2_0() in /home/runner/work/Crud/Crud/test/Tests.Integration.Backend/OutputCaching/CachingE2ETests.cs:line 73
   at Tests.Integration.Backend.Infrastructure.IntegrationTestBase.RunWithCleanDatabaseAsync(Func`1 testAction) in /home/runner/work/Crud/Crud/test/Tests.Integration.Backend/Infrastructure/IntegrationTestBase.cs:line 48
   at Tests.Integration.Backend.Infrastructure.IntegrationTestBase.RunWithCleanDatabaseAsync(Func`1 testAction) in /home/runner/work/Crud/Crud/test/Tests.Integration.Backend/Infrastructure/IntegrationTestBase.cs:line 53
   at Tests.Integration.Backend.OutputCaching.CachingE2ETests.CompleteCachingWorkflow_ShouldPerformAsExpected() in /home/runner/work/Crud/Crud/test/Tests.Integration.Backend/OutputCaching/CachingE2ETests.cs:line 32
--- End of stack trace from previous location ---</StackTrace>
        </ErrorInfo>
      </Output>
    </UnitTestResult>
    <UnitTestResult executionId="7d16ae28-ccf3-468f-85a9-832b8c11fff8" testId="9624bd8d-101a-a0f9-4e88-2b9292a1caad" testName="Tests.Integration.Backend.Controllers.RolesControllerTests.PUT_Role_Should_Return_404_When_Not_Exists" computerName="runnervmf4ws1" duration="00:00:00.6034046" startTime="2025-09-11T05:34:17.7284920+00:00" endTime="2025-09-11T05:34:17.7284922+00:00" testType="13cdc9d9-ddb5-4fa4-a97d-d965ccfc6d4b" outcome="Passed" testListId="8c84fa94-04c1-424b-9868-57a2d4851a1d" relativeResultsDirectory="7d16ae28-ccf3-468f-85a9-832b8c11fff8" />
    <UnitTestResult executionId="9429324b-cce4-45a9-a8ee-1b477589824b" testId="76f204dd-32a0-ce3a-8917-3041e6ffb334" testName="Tests.Integration.Backend.Infrastructure.GenericRepositoryIntegrationTests.GenericRepository_ShouldWorkAlongsideCustomRepositories" computerName="runnervmf4ws1" duration="00:00:00.2726514" startTime="2025-09-11T05:34:56.5305302+00:00" endTime="2025-09-11T05:34:56.5305302+00:00" testType="13cdc9d9-ddb5-4fa4-a97d-d965ccfc6d4b" outcome="Passed" testListId="8c84fa94-04c1-424b-9868-57a2d4851a1d" relativeResultsDirectory="9429324b-cce4-45a9-a8ee-1b477589824b" />
    <UnitTestResult executionId="d9aeae53-38fa-4271-8f9c-2eab1fd739ed" testId="a0e7a1c4-1639-53f1-ce02-5d2f760332a2" testName="Tests.Integration.Backend.E2E.AuthenticationE2ETests.Token_Should_Expire_And_Require_Refresh" computerName="runnervmf4ws1" duration="00:00:00.3070376" startTime="2025-09-11T05:35:33.1673200+00:00" endTime="2025-09-11T05:35:33.1673201+00:00" testType="13cdc9d9-ddb5-4fa4-a97d-d965ccfc6d4b" outcome="Passed" testListId="8c84fa94-04c1-424b-9868-57a2d4851a1d" relativeResultsDirectory="d9aeae53-38fa-4271-8f9c-2eab1fd739ed" />
    <UnitTestResult executionId="d8c68b03-6de2-44cc-a3cb-1b102b4416da" testId="9fb85c0b-c781-4485-f6e0-88690963221a" testName="Tests.Integration.Backend.Controllers.ApiHealthTests.API_Should_Handle_Malformed_JSON" computerName="runnervmf4ws1" duration="00:00:00.6013546" startTime="2025-09-11T05:35:03.7950443+00:00" endTime="2025-09-11T05:35:03.7950443+00:00" testType="13cdc9d9-ddb5-4fa4-a97d-d965ccfc6d4b" outcome="Passed" testListId="8c84fa94-04c1-424b-9868-57a2d4851a1d" relativeResultsDirectory="d8c68b03-6de2-44cc-a3cb-1b102b4416da" />
    <UnitTestResult executionId="e8f7f184-14cb-4baf-bd66-f8ec37ab2b4f" testId="5250d740-754a-3ba2-19d9-7b7107d87e03" testName="Tests.Integration.Backend.Controllers.WindowsControllerTests.DELETE_Window_Should_Return_204_When_Not_Exists" computerName="runnervmf4ws1" duration="00:00:00.5980780" startTime="2025-09-11T05:35:30.3217791+00:00" endTime="2025-09-11T05:35:30.3217791+00:00" testType="13cdc9d9-ddb5-4fa4-a97d-d965ccfc6d4b" outcome="Passed" testListId="8c84fa94-04c1-424b-9868-57a2d4851a1d" relativeResultsDirectory="e8f7f184-14cb-4baf-bd66-f8ec37ab2b4f" />
    <UnitTestResult executionId="e804722e-9029-4652-99a0-6ba540884b10" testId="53a7b40c-019b-3989-42c2-31ec0027eed1" testName="Tests.Integration.Backend.OutputCaching.OutputCachingTests.GetWindows_ShouldReturnConsistentResponses" computerName="runnervmf4ws1" duration="00:00:00.5485679" startTime="2025-09-11T05:34:27.0105717+00:00" endTime="2025-09-11T05:34:27.0105719+00:00" testType="13cdc9d9-ddb5-4fa4-a97d-d965ccfc6d4b" outcome="Passed" testListId="8c84fa94-04c1-424b-9868-57a2d4851a1d" relativeResultsDirectory="e804722e-9029-4652-99a0-6ba540884b10" />
    <UnitTestResult executionId="9620eacf-6bc4-4cde-9cec-b4c93e0fc869" testId="5ba1ea2b-a035-33f8-2d26-2c5753c3433e" testName="Tests.Integration.Backend.Compression.StaticFileCompressionTests.UncompressedStaticFiles_ShouldNotHaveCompressionHeaders" computerName="runnervmf4ws1" duration="00:00:00.0028073" startTime="2025-09-11T05:34:28.7580745+00:00" endTime="2025-09-11T05:34:28.7580746+00:00" testType="13cdc9d9-ddb5-4fa4-a97d-d965ccfc6d4b" outcome="Passed" testListId="8c84fa94-04c1-424b-9868-57a2d4851a1d" relativeResultsDirectory="9620eacf-6bc4-4cde-9cec-b4c93e0fc869" />
    <UnitTestResult executionId="7a83db14-89b9-4c09-96fb-bbf8803375a9" testId="87f4b6f2-4d01-15e3-8fa0-456f1577e608" testName="Tests.Integration.Backend.Controllers.AuthControllerPasswordResetTests.POST_ResetPassword_WithInvalidToken_Should_Return_Error" computerName="runnervmf4ws1" duration="00:00:00.2250152" startTime="2025-09-11T05:35:17.1747667+00:00" endTime="2025-09-11T05:35:17.1747667+00:00" testType="13cdc9d9-ddb5-4fa4-a97d-d965ccfc6d4b" outcome="Passed" testListId="8c84fa94-04c1-424b-9868-57a2d4851a1d" relativeResultsDirectory="7a83db14-89b9-4c09-96fb-bbf8803375a9" />
    <UnitTestResult executionId="21e2700d-8a1a-4ae8-8922-33c8d653632d" testId="28a5e352-3d95-d1b8-53ef-7edd0326a49c" testName="Tests.Integration.Backend.Controllers.WindowsControllerTests.DELETE_Window_Should_Remove_Existing_Window" computerName="runnervmf4ws1" duration="00:00:01.5287090" startTime="2025-09-11T05:35:20.2959025+00:00" endTime="2025-09-11T05:35:20.2959026+00:00" testType="13cdc9d9-ddb5-4fa4-a97d-d965ccfc6d4b" outcome="Passed" testListId="8c84fa94-04c1-424b-9868-57a2d4851a1d" relativeResultsDirectory="21e2700d-8a1a-4ae8-8922-33c8d653632d" />
    <UnitTestResult executionId="0bdee0a0-38c3-44b1-b1b3-95ef65290afe" testId="24b020ea-ff8d-51dc-4354-4d878d866f45" testName="Tests.Integration.Backend.Controllers.AuthControllerPasswordResetTests.POST_ForgotPassword_WithNonExistentEmail_Should_Return_Success" computerName="runnervmf4ws1" duration="00:00:00.2391785" startTime="2025-09-11T05:35:14.8438925+00:00" endTime="2025-09-11T05:35:14.8438926+00:00" testType="13cdc9d9-ddb5-4fa4-a97d-d965ccfc6d4b" outcome="Passed" testListId="8c84fa94-04c1-424b-9868-57a2d4851a1d" relativeResultsDirectory="0bdee0a0-38c3-44b1-b1b3-95ef65290afe" />
    <UnitTestResult executionId="24b05088-db31-4dd7-8580-989cb3023fe3" testId="03a14d36-6f95-8492-bfd4-a25fff2f6772" testName="Tests.Integration.Backend.Controllers.WindowsControllerTests.POST_Windows_Should_Return_400_For_Invalid_Data" computerName="runnervmf4ws1" duration="00:00:00.6614280" startTime="2025-09-11T05:35:18.1693231+00:00" endTime="2025-09-11T05:35:18.1693232+00:00" testType="13cdc9d9-ddb5-4fa4-a97d-d965ccfc6d4b" outcome="Passed" testListId="8c84fa94-04c1-424b-9868-57a2d4851a1d" relativeResultsDirectory="24b05088-db31-4dd7-8580-989cb3023fe3" />
  </Results>
  <TestDefinitions>
    <UnitTest name="Tests.Integration.Backend.Compression.ResponseCompressionTests.ResponseCompressionServices_ShouldBeRegistered" storage="/home/runner/work/crud/crud/test/tests.integration.backend/bin/release/net8.0/tests.integration.backend.dll" id="e164b20e-2591-89f8-06fb-740275819de8">
      <Execution id="2310c491-82ef-4cdc-a5d8-c5d7207b68b1" />
      <TestMethod codeBase="/home/runner/work/Crud/Crud/test/Tests.Integration.Backend/bin/Release/net8.0/Tests.Integration.Backend.dll" adapterTypeName="executor://xunit/VsTestRunner2/netcoreapp" className="Tests.Integration.Backend.Compression.ResponseCompressionTests" name="ResponseCompressionServices_ShouldBeRegistered" />
    </UnitTest>
    <UnitTest name="Tests.Integration.Backend.OutputCaching.CachingE2ETests.EntityCaching_ShouldCacheIndividualEntities" storage="/home/runner/work/crud/crud/test/tests.integration.backend/bin/release/net8.0/tests.integration.backend.dll" id="41b3b4e1-06a8-534f-90a6-fb2576f3807d">
      <Execution id="2c04a2d8-721d-49db-8076-3e916db0e31a" />
      <TestMethod codeBase="/home/runner/work/Crud/Crud/test/Tests.Integration.Backend/bin/Release/net8.0/Tests.Integration.Backend.dll" adapterTypeName="executor://xunit/VsTestRunner2/netcoreapp" className="Tests.Integration.Backend.OutputCaching.CachingE2ETests" name="EntityCaching_ShouldCacheIndividualEntities" />
    </UnitTest>
    <UnitTest name="Tests.Integration.Backend.Compression.ResponseCompressionTests.SmallResponse_ShouldNotBeCompressed_WhenBelowThreshold" storage="/home/runner/work/crud/crud/test/tests.integration.backend/bin/release/net8.0/tests.integration.backend.dll" id="a52f36e0-aa87-4104-3036-3d7d9607f688">
      <Execution id="4c12d495-8d0a-484d-8109-55b14ca4130a" />
      <TestMethod codeBase="/home/runner/work/Crud/Crud/test/Tests.Integration.Backend/bin/Release/net8.0/Tests.Integration.Backend.dll" adapterTypeName="executor://xunit/VsTestRunner2/netcoreapp" className="Tests.Integration.Backend.Compression.ResponseCompressionTests" name="SmallResponse_ShouldNotBeCompressed_WhenBelowThreshold" />
    </UnitTest>
    <UnitTest name="Tests.Integration.Backend.Controllers.PeopleControllerTests.DELETE_People_Should_Remove_Person" storage="/home/runner/work/crud/crud/test/tests.integration.backend/bin/release/net8.0/tests.integration.backend.dll" id="60dfb5c8-db46-6bbb-f8af-46af1d350941">
      <Execution id="3193afa4-c350-461a-a1cf-bff2d2abae7d" />
      <TestMethod codeBase="/home/runner/work/Crud/Crud/test/Tests.Integration.Backend/bin/Release/net8.0/Tests.Integration.Backend.dll" adapterTypeName="executor://xunit/VsTestRunner2/netcoreapp" className="Tests.Integration.Backend.Controllers.PeopleControllerTests" name="DELETE_People_Should_Remove_Person" />
    </UnitTest>
    <UnitTest name="Tests.Integration.Backend.Infrastructure.GenericRepositoryIntegrationTests.GenericRepository_ShouldWorkWithSpecifications_EndToEnd" storage="/home/runner/work/crud/crud/test/tests.integration.backend/bin/release/net8.0/tests.integration.backend.dll" id="76fbe764-5e84-e751-cc4c-187af70eca54">
      <Execution id="ed68e546-90db-46d8-a32f-11438ce3eaca" />
      <TestMethod codeBase="/home/runner/work/Crud/Crud/test/Tests.Integration.Backend/bin/Release/net8.0/Tests.Integration.Backend.dll" adapterTypeName="executor://xunit/VsTestRunner2/netcoreapp" className="Tests.Integration.Backend.Infrastructure.GenericRepositoryIntegrationTests" name="GenericRepository_ShouldWorkWithSpecifications_EndToEnd" />
    </UnitTest>
    <UnitTest name="Tests.Integration.Backend.Controllers.AuthControllerPasswordResetTests.POST_ValidateResetToken_WithValidToken_Should_Return_Valid_Status" storage="/home/runner/work/crud/crud/test/tests.integration.backend/bin/release/net8.0/tests.integration.backend.dll" id="84be9167-1ae7-c4b1-fa12-da145604b354">
      <Execution id="ac02f7d0-90ba-4905-b8b9-2c4bc2831acc" />
      <TestMethod codeBase="/home/runner/work/Crud/Crud/test/Tests.Integration.Backend/bin/Release/net8.0/Tests.Integration.Backend.dll" adapterTypeName="executor://xunit/VsTestRunner2/netcoreapp" className="Tests.Integration.Backend.Controllers.AuthControllerPasswordResetTests" name="POST_ValidateResetToken_WithValidToken_Should_Return_Valid_Status" />
    </UnitTest>
    <UnitTest name="Tests.Integration.Backend.Controllers.ApiHealthTests.API_Should_Be_Responsive" storage="/home/runner/work/crud/crud/test/tests.integration.backend/bin/release/net8.0/tests.integration.backend.dll" id="37ce62cb-c39d-d9d9-9814-53126b8a17ea">
      <Execution id="82e4dbcb-ee53-4736-8a7b-66786d96d1cd" />
      <TestMethod codeBase="/home/runner/work/Crud/Crud/test/Tests.Integration.Backend/bin/Release/net8.0/Tests.Integration.Backend.dll" adapterTypeName="executor://xunit/VsTestRunner2/netcoreapp" className="Tests.Integration.Backend.Controllers.ApiHealthTests" name="API_Should_Be_Responsive" />
    </UnitTest>
    <UnitTest name="Tests.Integration.Backend.Controllers.WallsControllerTests.POST_Walls_Should_Validate_Numeric_Ranges" storage="/home/runner/work/crud/crud/test/tests.integration.backend/bin/release/net8.0/tests.integration.backend.dll" id="bd9e404f-7715-359c-e0a9-f0f39ae1a952">
      <Execution id="46079ef5-7dcd-44e5-aa63-f8c772b3d7e3" />
      <TestMethod codeBase="/home/runner/work/Crud/Crud/test/Tests.Integration.Backend/bin/Release/net8.0/Tests.Integration.Backend.dll" adapterTypeName="executor://xunit/VsTestRunner2/netcoreapp" className="Tests.Integration.Backend.Controllers.WallsControllerTests" name="POST_Walls_Should_Validate_Numeric_Ranges" />
    </UnitTest>
    <UnitTest name="Tests.Integration.Backend.Controllers.WindowsControllerTests.DELETE_Window_Should_Remove_Existing_Window" storage="/home/runner/work/crud/crud/test/tests.integration.backend/bin/release/net8.0/tests.integration.backend.dll" id="28a5e352-3d95-d1b8-53ef-7edd0326a49c">
      <Execution id="21e2700d-8a1a-4ae8-8922-33c8d653632d" />
      <TestMethod codeBase="/home/runner/work/Crud/Crud/test/Tests.Integration.Backend/bin/Release/net8.0/Tests.Integration.Backend.dll" adapterTypeName="executor://xunit/VsTestRunner2/netcoreapp" className="Tests.Integration.Backend.Controllers.WindowsControllerTests" name="DELETE_Window_Should_Remove_Existing_Window" />
    </UnitTest>
    <UnitTest name="Tests.Integration.Backend.Controllers.WindowsControllerTests.GET_Windows_Should_Return_Empty_List_Initially" storage="/home/runner/work/crud/crud/test/tests.integration.backend/bin/release/net8.0/tests.integration.backend.dll" id="1dbf163c-bf18-d62c-e932-92ef9d3bc71a">
      <Execution id="b1a8273d-f090-4821-9397-0a321bfaeaa5" />
      <TestMethod codeBase="/home/runner/work/Crud/Crud/test/Tests.Integration.Backend/bin/Release/net8.0/Tests.Integration.Backend.dll" adapterTypeName="executor://xunit/VsTestRunner2/netcoreapp" className="Tests.Integration.Backend.Controllers.WindowsControllerTests" name="GET_Windows_Should_Return_Empty_List_Initially" />
    </UnitTest>
    <UnitTest name="Tests.Integration.Backend.OutputCaching.OutputCachingTests.GetPeople_ShouldReturnConsistentResponses" storage="/home/runner/work/crud/crud/test/tests.integration.backend/bin/release/net8.0/tests.integration.backend.dll" id="0786cd9f-2220-51d9-4156-4d742eda00d4">
      <Execution id="c0d4821e-9665-4b75-a5ba-bc201526853b" />
      <TestMethod codeBase="/home/runner/work/Crud/Crud/test/Tests.Integration.Backend/bin/Release/net8.0/Tests.Integration.Backend.dll" adapterTypeName="executor://xunit/VsTestRunner2/netcoreapp" className="Tests.Integration.Backend.OutputCaching.OutputCachingTests" name="GetPeople_ShouldReturnConsistentResponses" />
    </UnitTest>
    <UnitTest name="Tests.Integration.Backend.Controllers.PeopleControllerTests.DELETE_People_Should_Return_403_For_Non_Admin_User" storage="/home/runner/work/crud/crud/test/tests.integration.backend/bin/release/net8.0/tests.integration.backend.dll" id="9be21e93-9fc5-d98c-6abd-02370621f63e">
      <Execution id="2ce410d5-41cf-4e88-9c21-ba6a49a14a96" />
      <TestMethod codeBase="/home/runner/work/Crud/Crud/test/Tests.Integration.Backend/bin/Release/net8.0/Tests.Integration.Backend.dll" adapterTypeName="executor://xunit/VsTestRunner2/netcoreapp" className="Tests.Integration.Backend.Controllers.PeopleControllerTests" name="DELETE_People_Should_Return_403_For_Non_Admin_User" />
    </UnitTest>
    <UnitTest name="Tests.Integration.Backend.OutputCaching.CacheInvalidationTests.PutPerson_ShouldInvalidateBothEntityAndListCache" storage="/home/runner/work/crud/crud/test/tests.integration.backend/bin/release/net8.0/tests.integration.backend.dll" id="60d93c6a-68de-f18d-ead0-561ac4ded916">
      <Execution id="b88d4343-41bf-44e3-b719-b7c3077be4a1" />
      <TestMethod codeBase="/home/runner/work/Crud/Crud/test/Tests.Integration.Backend/bin/Release/net8.0/Tests.Integration.Backend.dll" adapterTypeName="executor://xunit/VsTestRunner2/netcoreapp" className="Tests.Integration.Backend.OutputCaching.CacheInvalidationTests" name="PutPerson_ShouldInvalidateBothEntityAndListCache" />
    </UnitTest>
    <UnitTest name="Tests.Integration.Backend.Controllers.WallsControllerTests.POST_Walls_Should_Create_Wall_And_Return_201" storage="/home/runner/work/crud/crud/test/tests.integration.backend/bin/release/net8.0/tests.integration.backend.dll" id="f7bc3491-94dd-b6b9-3778-9c1a4322e7be">
      <Execution id="26beed22-0721-4d4a-ad5c-82ab77eb85f1" />
      <TestMethod codeBase="/home/runner/work/Crud/Crud/test/Tests.Integration.Backend/bin/Release/net8.0/Tests.Integration.Backend.dll" adapterTypeName="executor://xunit/VsTestRunner2/netcoreapp" className="Tests.Integration.Backend.Controllers.WallsControllerTests" name="POST_Walls_Should_Create_Wall_And_Return_201" />
    </UnitTest>
    <UnitTest name="Tests.Integration.Backend.E2E.AuthenticationE2ETests.Registration_Should_Validate_Email_Format" storage="/home/runner/work/crud/crud/test/tests.integration.backend/bin/release/net8.0/tests.integration.backend.dll" id="f63011fd-c6a3-fc9c-0ff5-216045de6e40">
      <Execution id="a2b038e0-59c5-4e35-b491-a3772b7e896b" />
      <TestMethod codeBase="/home/runner/work/Crud/Crud/test/Tests.Integration.Backend/bin/Release/net8.0/Tests.Integration.Backend.dll" adapterTypeName="executor://xunit/VsTestRunner2/netcoreapp" className="Tests.Integration.Backend.E2E.AuthenticationE2ETests" name="Registration_Should_Validate_Email_Format" />
    </UnitTest>
    <UnitTest name="Tests.Integration.Backend.OutputCaching.OutputCachingTests.GetEntityById_ShouldReturnConsistentResponses" storage="/home/runner/work/crud/crud/test/tests.integration.backend/bin/release/net8.0/tests.integration.backend.dll" id="cbf0626f-7167-adff-b20c-96cc3cdf6ce9">
      <Execution id="49b21b62-442a-4379-8048-9462ff3feb7a" />
      <TestMethod codeBase="/home/runner/work/Crud/Crud/test/Tests.Integration.Backend/bin/Release/net8.0/Tests.Integration.Backend.dll" adapterTypeName="executor://xunit/VsTestRunner2/netcoreapp" className="Tests.Integration.Backend.OutputCaching.OutputCachingTests" name="GetEntityById_ShouldReturnConsistentResponses" />
    </UnitTest>
    <UnitTest name="Tests.Integration.Backend.Controllers.PeopleControllerTests.PUT_People_Should_Update_Person_Roles" storage="/home/runner/work/crud/crud/test/tests.integration.backend/bin/release/net8.0/tests.integration.backend.dll" id="01d0203b-7c6e-72b9-08eb-f1b3242c360c">
      <Execution id="7508a782-0274-4df4-9612-648403bba621" />
      <TestMethod codeBase="/home/runner/work/Crud/Crud/test/Tests.Integration.Backend/bin/Release/net8.0/Tests.Integration.Backend.dll" adapterTypeName="executor://xunit/VsTestRunner2/netcoreapp" className="Tests.Integration.Backend.Controllers.PeopleControllerTests" name="PUT_People_Should_Update_Person_Roles" />
    </UnitTest>
    <UnitTest name="Tests.Integration.Backend.Compression.StaticFileCompressionTests.HtmlFile_ShouldBeCompressed_WhenClientSupportsGzip" storage="/home/runner/work/crud/crud/test/tests.integration.backend/bin/release/net8.0/tests.integration.backend.dll" id="095ad9f7-04a5-8bcb-02fd-fdd6dab3a934">
      <Execution id="861cf92f-a850-4401-8c49-e4ba0f566dee" />
      <TestMethod codeBase="/home/runner/work/Crud/Crud/test/Tests.Integration.Backend/bin/Release/net8.0/Tests.Integration.Backend.dll" adapterTypeName="executor://xunit/VsTestRunner2/netcoreapp" className="Tests.Integration.Backend.Compression.StaticFileCompressionTests" name="HtmlFile_ShouldBeCompressed_WhenClientSupportsGzip" />
    </UnitTest>
    <UnitTest name="Tests.Integration.Backend.OutputCaching.CacheInvalidationTests.DeletePerson_ShouldInvalidateListCache" storage="/home/runner/work/crud/crud/test/tests.integration.backend/bin/release/net8.0/tests.integration.backend.dll" id="43b9d173-0889-c0cd-91e8-55b0783b32ae">
      <Execution id="8d65087f-242e-407a-9b4a-89d262c6ed72" />
      <TestMethod codeBase="/home/runner/work/Crud/Crud/test/Tests.Integration.Backend/bin/Release/net8.0/Tests.Integration.Backend.dll" adapterTypeName="executor://xunit/VsTestRunner2/netcoreapp" className="Tests.Integration.Backend.OutputCaching.CacheInvalidationTests" name="DeletePerson_ShouldInvalidateListCache" />
    </UnitTest>
    <UnitTest name="Tests.Integration.Backend.Compression.ResponseCompressionTests.JsonResponse_ShouldBeCompressed" storage="/home/runner/work/crud/crud/test/tests.integration.backend/bin/release/net8.0/tests.integration.backend.dll" id="437f9b9e-301b-15b7-f72b-040911d1fd97">
      <Execution id="766c8f34-e255-44b3-bb1e-b8fc5ad1394e" />
      <TestMethod codeBase="/home/runner/work/Crud/Crud/test/Tests.Integration.Backend/bin/Release/net8.0/Tests.Integration.Backend.dll" adapterTypeName="executor://xunit/VsTestRunner2/netcoreapp" className="Tests.Integration.Backend.Compression.ResponseCompressionTests" name="JsonResponse_ShouldBeCompressed" />
    </UnitTest>
    <UnitTest name="Tests.Integration.Backend.Controllers.WindowsControllerTests.POST_Window_Should_Handle_Optional_Fields" storage="/home/runner/work/crud/crud/test/tests.integration.backend/bin/release/net8.0/tests.integration.backend.dll" id="3c12eda2-b3ce-445c-ab96-ec2f1aa7f5f7">
      <Execution id="d2793b2f-3845-47f5-8e53-95e3b0653cc2" />
      <TestMethod codeBase="/home/runner/work/Crud/Crud/test/Tests.Integration.Backend/bin/Release/net8.0/Tests.Integration.Backend.dll" adapterTypeName="executor://xunit/VsTestRunner2/netcoreapp" className="Tests.Integration.Backend.Controllers.WindowsControllerTests" name="POST_Window_Should_Handle_Optional_Fields" />
    </UnitTest>
    <UnitTest name="Tests.Integration.Backend.Infrastructure.GenericRepositoryIntegrationTests.IRepository_ShouldBeRegisteredInDIContainer" storage="/home/runner/work/crud/crud/test/tests.integration.backend/bin/release/net8.0/tests.integration.backend.dll" id="42775960-58e6-9486-14ff-996dea311598">
      <Execution id="54e6b2ed-eee3-41d0-83cf-89634f26de59" />
      <TestMethod codeBase="/home/runner/work/Crud/Crud/test/Tests.Integration.Backend/bin/Release/net8.0/Tests.Integration.Backend.dll" adapterTypeName="executor://xunit/VsTestRunner2/netcoreapp" className="Tests.Integration.Backend.Infrastructure.GenericRepositoryIntegrationTests" name="IRepository_ShouldBeRegisteredInDIContainer" />
    </UnitTest>
    <UnitTest name="Tests.Integration.Backend.OutputCaching.OutputCachingTests.GetRoles_ShouldReturnConsistentResponses" storage="/home/runner/work/crud/crud/test/tests.integration.backend/bin/release/net8.0/tests.integration.backend.dll" id="47bac687-f373-0ca2-6e08-37ce4bb5fb7e">
      <Execution id="d7328190-7937-46c7-af3b-557f9381331a" />
      <TestMethod codeBase="/home/runner/work/Crud/Crud/test/Tests.Integration.Backend/bin/Release/net8.0/Tests.Integration.Backend.dll" adapterTypeName="executor://xunit/VsTestRunner2/netcoreapp" className="Tests.Integration.Backend.OutputCaching.OutputCachingTests" name="GetRoles_ShouldReturnConsistentResponses" />
    </UnitTest>
    <UnitTest name="Tests.Integration.Backend.OutputCaching.ConditionalRequestTests.CacheHeaders_ShouldBePresent_OnGetRequests" storage="/home/runner/work/crud/crud/test/tests.integration.backend/bin/release/net8.0/tests.integration.backend.dll" id="3c9c11b5-6967-f47a-cfd8-d22458fa9229">
      <Execution id="50b2a0d0-d594-459d-95a5-8dec0da789e6" />
      <TestMethod codeBase="/home/runner/work/Crud/Crud/test/Tests.Integration.Backend/bin/Release/net8.0/Tests.Integration.Backend.dll" adapterTypeName="executor://xunit/VsTestRunner2/netcoreapp" className="Tests.Integration.Backend.OutputCaching.ConditionalRequestTests" name="CacheHeaders_ShouldBePresent_OnGetRequests" />
    </UnitTest>
    <UnitTest name="Tests.Integration.Backend.Controllers.DatabaseControllerTests.GET_Database_ValidatePreTest_Should_Return_Validation_Result" storage="/home/runner/work/crud/crud/test/tests.integration.backend/bin/release/net8.0/tests.integration.backend.dll" id="d962a0d7-c5e8-e659-8957-69cdfae1f523">
      <Execution id="55e074d2-62ab-4abc-881d-e9ab847f68d8" />
      <TestMethod codeBase="/home/runner/work/Crud/Crud/test/Tests.Integration.Backend/bin/Release/net8.0/Tests.Integration.Backend.dll" adapterTypeName="executor://xunit/VsTestRunner2/netcoreapp" className="Tests.Integration.Backend.Controllers.DatabaseControllerTests" name="GET_Database_ValidatePreTest_Should_Return_Validation_Result" />
    </UnitTest>
    <UnitTest name="Tests.Integration.Backend.E2E.AuthenticationE2ETests.Registration_Should_Prevent_Duplicate_Emails" storage="/home/runner/work/crud/crud/test/tests.integration.backend/bin/release/net8.0/tests.integration.backend.dll" id="b7695dc8-52d4-1e66-b81e-a27de7f041fc">
      <Execution id="f710e4f4-efa3-4700-8ef2-2f912c9910f8" />
      <TestMethod codeBase="/home/runner/work/Crud/Crud/test/Tests.Integration.Backend/bin/Release/net8.0/Tests.Integration.Backend.dll" adapterTypeName="executor://xunit/VsTestRunner2/netcoreapp" className="Tests.Integration.Backend.E2E.AuthenticationE2ETests" name="Registration_Should_Prevent_Duplicate_Emails" />
    </UnitTest>
    <UnitTest name="Tests.Integration.Backend.Controllers.WallsControllerTests.PUT_Wall_Should_Return_404_When_Not_Exists" storage="/home/runner/work/crud/crud/test/tests.integration.backend/bin/release/net8.0/tests.integration.backend.dll" id="5128edc8-60ad-8628-2a75-9feb9f8f888b">
      <Execution id="27e2b82f-ded8-4af2-bdb8-aa815a26bd53" />
      <TestMethod codeBase="/home/runner/work/Crud/Crud/test/Tests.Integration.Backend/bin/Release/net8.0/Tests.Integration.Backend.dll" adapterTypeName="executor://xunit/VsTestRunner2/netcoreapp" className="Tests.Integration.Backend.Controllers.WallsControllerTests" name="PUT_Wall_Should_Return_404_When_Not_Exists" />
    </UnitTest>
    <UnitTest name="Tests.Integration.Backend.Controllers.PeopleControllerTests.GET_People_Should_Return_Empty_List_Initially" storage="/home/runner/work/crud/crud/test/tests.integration.backend/bin/release/net8.0/tests.integration.backend.dll" id="f746e85d-5530-5c7f-8b39-c9d23cfa24b9">
      <Execution id="1d0c063b-c465-4921-bf57-1141c58ef482" />
      <TestMethod codeBase="/home/runner/work/Crud/Crud/test/Tests.Integration.Backend/bin/Release/net8.0/Tests.Integration.Backend.dll" adapterTypeName="executor://xunit/VsTestRunner2/netcoreapp" className="Tests.Integration.Backend.Controllers.PeopleControllerTests" name="GET_People_Should_Return_Empty_List_Initially" />
    </UnitTest>
    <UnitTest name="Tests.Integration.Backend.Controllers.WallsControllerTests.GET_Wall_By_Id_Should_Return_404_When_Not_Exists" storage="/home/runner/work/crud/crud/test/tests.integration.backend/bin/release/net8.0/tests.integration.backend.dll" id="01f8b1a1-47e4-68c0-8cf3-4a745a731823">
      <Execution id="b2cbe9d7-6f77-4855-ae0e-201e070117e7" />
      <TestMethod codeBase="/home/runner/work/Crud/Crud/test/Tests.Integration.Backend/bin/Release/net8.0/Tests.Integration.Backend.dll" adapterTypeName="executor://xunit/VsTestRunner2/netcoreapp" className="Tests.Integration.Backend.Controllers.WallsControllerTests" name="GET_Wall_By_Id_Should_Return_404_When_Not_Exists" />
    </UnitTest>
    <UnitTest name="Tests.Integration.Backend.E2E.AuthenticationE2ETests.Token_Should_Expire_And_Require_Refresh" storage="/home/runner/work/crud/crud/test/tests.integration.backend/bin/release/net8.0/tests.integration.backend.dll" id="a0e7a1c4-1639-53f1-ce02-5d2f760332a2">
      <Execution id="d9aeae53-38fa-4271-8f9c-2eab1fd739ed" />
      <TestMethod codeBase="/home/runner/work/Crud/Crud/test/Tests.Integration.Backend/bin/Release/net8.0/Tests.Integration.Backend.dll" adapterTypeName="executor://xunit/VsTestRunner2/netcoreapp" className="Tests.Integration.Backend.E2E.AuthenticationE2ETests" name="Token_Should_Expire_And_Require_Refresh" />
    </UnitTest>
    <UnitTest name="Tests.Integration.Backend.Controllers.WallsControllerTests.PUT_Wall_Should_Update_Existing_Wall" storage="/home/runner/work/crud/crud/test/tests.integration.backend/bin/release/net8.0/tests.integration.backend.dll" id="cca41772-191f-0a82-bb6f-ddd4fb32e2c7">
      <Execution id="7d00fd36-fe87-4358-b3b9-cc7451e86826" />
      <TestMethod codeBase="/home/runner/work/Crud/Crud/test/Tests.Integration.Backend/bin/Release/net8.0/Tests.Integration.Backend.dll" adapterTypeName="executor://xunit/VsTestRunner2/netcoreapp" className="Tests.Integration.Backend.Controllers.WallsControllerTests" name="PUT_Wall_Should_Update_Existing_Wall" />
    </UnitTest>
    <UnitTest name="Tests.Integration.Backend.Controllers.AuthControllerPasswordResetTests.POST_ForgotPassword_WithNonExistentEmail_Should_Return_Success" storage="/home/runner/work/crud/crud/test/tests.integration.backend/bin/release/net8.0/tests.integration.backend.dll" id="24b020ea-ff8d-51dc-4354-4d878d866f45">
      <Execution id="0bdee0a0-38c3-44b1-b1b3-95ef65290afe" />
      <TestMethod codeBase="/home/runner/work/Crud/Crud/test/Tests.Integration.Backend/bin/Release/net8.0/Tests.Integration.Backend.dll" adapterTypeName="executor://xunit/VsTestRunner2/netcoreapp" className="Tests.Integration.Backend.Controllers.AuthControllerPasswordResetTests" name="POST_ForgotPassword_WithNonExistentEmail_Should_Return_Success" />
    </UnitTest>
    <UnitTest name="Tests.Integration.Backend.Controllers.PeopleControllerTests.GET_People_Should_Return_All_People" storage="/home/runner/work/crud/crud/test/tests.integration.backend/bin/release/net8.0/tests.integration.backend.dll" id="5b94e67b-8161-a4c1-a97f-c638ed8f05ba">
      <Execution id="cedb7a62-2520-4150-b189-2d13cb8f8cb6" />
      <TestMethod codeBase="/home/runner/work/Crud/Crud/test/Tests.Integration.Backend/bin/Release/net8.0/Tests.Integration.Backend.dll" adapterTypeName="executor://xunit/VsTestRunner2/netcoreapp" className="Tests.Integration.Backend.Controllers.PeopleControllerTests" name="GET_People_Should_Return_All_People" />
    </UnitTest>
    <UnitTest name="Tests.Integration.Backend.OutputCaching.CacheInvalidationTests.PostRole_ShouldInvalidateRolesCache" storage="/home/runner/work/crud/crud/test/tests.integration.backend/bin/release/net8.0/tests.integration.backend.dll" id="f8a89fdf-3bc2-915a-c2bf-5b68e643a78c">
      <Execution id="e9164f2a-924a-4222-8e66-917dba9283b3" />
      <TestMethod codeBase="/home/runner/work/Crud/Crud/test/Tests.Integration.Backend/bin/Release/net8.0/Tests.Integration.Backend.dll" adapterTypeName="executor://xunit/VsTestRunner2/netcoreapp" className="Tests.Integration.Backend.OutputCaching.CacheInvalidationTests" name="PostRole_ShouldInvalidateRolesCache" />
    </UnitTest>
    <UnitTest name="Tests.Integration.Backend.Controllers.PeopleControllerTests.People_Should_Maintain_Role_Relationships" storage="/home/runner/work/crud/crud/test/tests.integration.backend/bin/release/net8.0/tests.integration.backend.dll" id="3a356b3b-e4e2-4f05-db20-65ad8602bd3c">
      <Execution id="050b51c8-1265-4b99-8821-b5c6dfc81654" />
      <TestMethod codeBase="/home/runner/work/Crud/Crud/test/Tests.Integration.Backend/bin/Release/net8.0/Tests.Integration.Backend.dll" adapterTypeName="executor://xunit/VsTestRunner2/netcoreapp" className="Tests.Integration.Backend.Controllers.PeopleControllerTests" name="People_Should_Maintain_Role_Relationships" />
    </UnitTest>
    <UnitTest name="Tests.Integration.Backend.OutputCaching.OutputCachingConfigurationTests.OutputCachePolicies_ShouldHaveCorrectDurations(policyName: &quot;PeoplePolicy&quot;, expectedDurationSeconds: 300)" storage="/home/runner/work/crud/crud/test/tests.integration.backend/bin/release/net8.0/tests.integration.backend.dll" id="575d783b-dbc0-13f3-17de-767c6d0c6111">
      <Execution id="15c968f9-dc97-4dcf-b434-6d2beada2325" />
      <TestMethod codeBase="/home/runner/work/Crud/Crud/test/Tests.Integration.Backend/bin/Release/net8.0/Tests.Integration.Backend.dll" adapterTypeName="executor://xunit/VsTestRunner2/netcoreapp" className="Tests.Integration.Backend.OutputCaching.OutputCachingConfigurationTests" name="OutputCachePolicies_ShouldHaveCorrectDurations" />
    </UnitTest>
    <UnitTest name="Tests.Integration.Backend.Controllers.ApiHealthTests.All_Endpoints_Should_Support_Expected_HTTP_Methods(method: &quot;GET&quot;, endpoint: &quot;/api/people&quot;)" storage="/home/runner/work/crud/crud/test/tests.integration.backend/bin/release/net8.0/tests.integration.backend.dll" id="cf8a559d-45fb-9221-5781-06292f54735a">
      <Execution id="337a0b8f-7810-4418-a637-8ce9f8bafbaa" />
      <TestMethod codeBase="/home/runner/work/Crud/Crud/test/Tests.Integration.Backend/bin/Release/net8.0/Tests.Integration.Backend.dll" adapterTypeName="executor://xunit/VsTestRunner2/netcoreapp" className="Tests.Integration.Backend.Controllers.ApiHealthTests" name="All_Endpoints_Should_Support_Expected_HTTP_Methods" />
    </UnitTest>
    <UnitTest name="Tests.Integration.Backend.OutputCaching.OutputCachingConfigurationTests.OutputCachePolicies_ShouldHaveCorrectDurations(policyName: &quot;WallsPolicy&quot;, expectedDurationSeconds: 600)" storage="/home/runner/work/crud/crud/test/tests.integration.backend/bin/release/net8.0/tests.integration.backend.dll" id="0dfe4e62-1a92-361e-05c3-42444e197ce6">
      <Execution id="567197f0-ee81-4e42-abc6-3b01c72b6ffc" />
      <TestMethod codeBase="/home/runner/work/Crud/Crud/test/Tests.Integration.Backend/bin/Release/net8.0/Tests.Integration.Backend.dll" adapterTypeName="executor://xunit/VsTestRunner2/netcoreapp" className="Tests.Integration.Backend.OutputCaching.OutputCachingConfigurationTests" name="OutputCachePolicies_ShouldHaveCorrectDurations" />
    </UnitTest>
    <UnitTest name="Tests.Integration.Backend.OutputCaching.OutputCachingConfigurationTests.OutputCachePolicies_ShouldHaveCorrectDurations(policyName: &quot;RolesPolicy&quot;, expectedDurationSeconds: 3600)" storage="/home/runner/work/crud/crud/test/tests.integration.backend/bin/release/net8.0/tests.integration.backend.dll" id="d52400d3-aadd-aa81-a16e-1863a2b50655">
      <Execution id="aaa3269c-28a7-4415-847d-07af20638a63" />
      <TestMethod codeBase="/home/runner/work/Crud/Crud/test/Tests.Integration.Backend/bin/Release/net8.0/Tests.Integration.Backend.dll" adapterTypeName="executor://xunit/VsTestRunner2/netcoreapp" className="Tests.Integration.Backend.OutputCaching.OutputCachingConfigurationTests" name="OutputCachePolicies_ShouldHaveCorrectDurations" />
    </UnitTest>
    <UnitTest name="Tests.Integration.Backend.Controllers.WallsControllerTests.GET_Walls_Should_Return_Empty_List_Initially" storage="/home/runner/work/crud/crud/test/tests.integration.backend/bin/release/net8.0/tests.integration.backend.dll" id="696a1e18-7066-ca21-55a7-645fa8e1a26a">
      <Execution id="c64e2e84-0517-45aa-a757-1fe2daf80f22" />
      <TestMethod codeBase="/home/runner/work/Crud/Crud/test/Tests.Integration.Backend/bin/Release/net8.0/Tests.Integration.Backend.dll" adapterTypeName="executor://xunit/VsTestRunner2/netcoreapp" className="Tests.Integration.Backend.Controllers.WallsControllerTests" name="GET_Walls_Should_Return_Empty_List_Initially" />
    </UnitTest>
    <UnitTest name="Tests.Integration.Backend.Controllers.RolesControllerTests.PUT_Role_Should_Return_404_When_Not_Exists" storage="/home/runner/work/crud/crud/test/tests.integration.backend/bin/release/net8.0/tests.integration.backend.dll" id="9624bd8d-101a-a0f9-4e88-2b9292a1caad">
      <Execution id="7d16ae28-ccf3-468f-85a9-832b8c11fff8" />
      <TestMethod codeBase="/home/runner/work/Crud/Crud/test/Tests.Integration.Backend/bin/Release/net8.0/Tests.Integration.Backend.dll" adapterTypeName="executor://xunit/VsTestRunner2/netcoreapp" className="Tests.Integration.Backend.Controllers.RolesControllerTests" name="PUT_Role_Should_Return_404_When_Not_Exists" />
    </UnitTest>
    <UnitTest name="Tests.Integration.Backend.OutputCaching.ConditionalRequestTests.GetRequest_WithIfNoneMatch_ShouldReturn304_WhenETagMatches" storage="/home/runner/work/crud/crud/test/tests.integration.backend/bin/release/net8.0/tests.integration.backend.dll" id="3a855c55-b695-d057-ad6f-34eef0eb2eae">
      <Execution id="b08077cc-ce88-46fb-a0b7-257255a1ca41" />
      <TestMethod codeBase="/home/runner/work/Crud/Crud/test/Tests.Integration.Backend/bin/Release/net8.0/Tests.Integration.Backend.dll" adapterTypeName="executor://xunit/VsTestRunner2/netcoreapp" className="Tests.Integration.Backend.OutputCaching.ConditionalRequestTests" name="GetRequest_WithIfNoneMatch_ShouldReturn304_WhenETagMatches" />
    </UnitTest>
    <UnitTest name="Tests.Integration.Backend.Controllers.PeopleControllerTests.POST_People_Should_Return_401_Without_Authentication" storage="/home/runner/work/crud/crud/test/tests.integration.backend/bin/release/net8.0/tests.integration.backend.dll" id="60a682be-767f-9c17-a43b-33d1adbef252">
      <Execution id="7ae14b05-7dc3-4863-8c0c-7558b9e2cd1c" />
      <TestMethod codeBase="/home/runner/work/Crud/Crud/test/Tests.Integration.Backend/bin/Release/net8.0/Tests.Integration.Backend.dll" adapterTypeName="executor://xunit/VsTestRunner2/netcoreapp" className="Tests.Integration.Backend.Controllers.PeopleControllerTests" name="POST_People_Should_Return_401_Without_Authentication" />
    </UnitTest>
    <UnitTest name="Tests.Integration.Backend.OutputCaching.OutputCachingConfigurationTests.OutputCaching_ShouldUseRedisWhenConfigured" storage="/home/runner/work/crud/crud/test/tests.integration.backend/bin/release/net8.0/tests.integration.backend.dll" id="a46a2a4d-c658-0cec-efdf-8b3a220df306">
      <Execution id="877d8aff-67e5-4cb1-8cff-26d4df53847b" />
      <TestMethod codeBase="/home/runner/work/Crud/Crud/test/Tests.Integration.Backend/bin/Release/net8.0/Tests.Integration.Backend.dll" adapterTypeName="executor://xunit/VsTestRunner2/netcoreapp" className="Tests.Integration.Backend.OutputCaching.OutputCachingConfigurationTests" name="OutputCaching_ShouldUseRedisWhenConfigured" />
    </UnitTest>
    <UnitTest name="Tests.Integration.Backend.Controllers.AuthControllerTests.POST_Register_Should_Return_BadRequest_For_Existing_Email" storage="/home/runner/work/crud/crud/test/tests.integration.backend/bin/release/net8.0/tests.integration.backend.dll" id="3ff5fdb0-8488-3e48-6905-fa8bdf7eaa4c">
      <Execution id="438ae501-f9f2-46f0-9299-03ca21e68eae" />
      <TestMethod codeBase="/home/runner/work/Crud/Crud/test/Tests.Integration.Backend/bin/Release/net8.0/Tests.Integration.Backend.dll" adapterTypeName="executor://xunit/VsTestRunner2/netcoreapp" className="Tests.Integration.Backend.Controllers.AuthControllerTests" name="POST_Register_Should_Return_BadRequest_For_Existing_Email" />
    </UnitTest>
    <UnitTest name="Tests.Integration.Backend.OutputCaching.OutputCachingConfigurationTests.OutputCachePolicies_ShouldHaveCorrectDurations(policyName: &quot;WindowsPolicy&quot;, expectedDurationSeconds: 600)" storage="/home/runner/work/crud/crud/test/tests.integration.backend/bin/release/net8.0/tests.integration.backend.dll" id="74823db9-4157-34a3-9710-5272b5fb4159">
      <Execution id="a63eec43-dcdc-4b02-af9d-81e14d851d86" />
      <TestMethod codeBase="/home/runner/work/Crud/Crud/test/Tests.Integration.Backend/bin/Release/net8.0/Tests.Integration.Backend.dll" adapterTypeName="executor://xunit/VsTestRunner2/netcoreapp" className="Tests.Integration.Backend.OutputCaching.OutputCachingConfigurationTests" name="OutputCachePolicies_ShouldHaveCorrectDurations" />
    </UnitTest>
    <UnitTest name="Tests.Integration.Backend.Controllers.AuthControllerTests.POST_Login_Should_Return_BadRequest_For_Invalid_Email_Format" storage="/home/runner/work/crud/crud/test/tests.integration.backend/bin/release/net8.0/tests.integration.backend.dll" id="cc336df8-b701-eea1-c754-b46ee3091b03">
      <Execution id="82d0a117-1459-47bd-a896-e72713bb817c" />
      <TestMethod codeBase="/home/runner/work/Crud/Crud/test/Tests.Integration.Backend/bin/Release/net8.0/Tests.Integration.Backend.dll" adapterTypeName="executor://xunit/VsTestRunner2/netcoreapp" className="Tests.Integration.Backend.Controllers.AuthControllerTests" name="POST_Login_Should_Return_BadRequest_For_Invalid_Email_Format" />
    </UnitTest>
    <UnitTest name="Tests.Integration.Backend.Controllers.ApiHealthTests.All_Controllers_Should_Be_Accessible(endpoint: &quot;/api/roles&quot;)" storage="/home/runner/work/crud/crud/test/tests.integration.backend/bin/release/net8.0/tests.integration.backend.dll" id="187ff446-ae11-3e2e-df34-66d33f545ac9">
      <Execution id="51f703b7-38c9-441b-8d26-57337ecd0d15" />
      <TestMethod codeBase="/home/runner/work/Crud/Crud/test/Tests.Integration.Backend/bin/Release/net8.0/Tests.Integration.Backend.dll" adapterTypeName="executor://xunit/VsTestRunner2/netcoreapp" className="Tests.Integration.Backend.Controllers.ApiHealthTests" name="All_Controllers_Should_Be_Accessible" />
    </UnitTest>
    <UnitTest name="Tests.Integration.Backend.Controllers.ApiHealthTests.All_Endpoints_Should_Support_Expected_HTTP_Methods(method: &quot;POST&quot;, endpoint: &quot;/api/roles&quot;)" storage="/home/runner/work/crud/crud/test/tests.integration.backend/bin/release/net8.0/tests.integration.backend.dll" id="98463f55-b92d-02fc-1e9d-e879206d0dbe">
      <Execution id="c1dd2bac-c116-4377-9f3c-75610969fbb0" />
      <TestMethod codeBase="/home/runner/work/Crud/Crud/test/Tests.Integration.Backend/bin/Release/net8.0/Tests.Integration.Backend.dll" adapterTypeName="executor://xunit/VsTestRunner2/netcoreapp" className="Tests.Integration.Backend.Controllers.ApiHealthTests" name="All_Endpoints_Should_Support_Expected_HTTP_Methods" />
    </UnitTest>
    <UnitTest name="Tests.Integration.Backend.Controllers.WindowsControllerTests.POST_Windows_Should_Validate_Numeric_Ranges" storage="/home/runner/work/crud/crud/test/tests.integration.backend/bin/release/net8.0/tests.integration.backend.dll" id="9f4c88b5-75b1-89cf-0e7e-8e0e67eff9e0">
      <Execution id="783f92eb-30e4-449e-aba6-24f6db421fac" />
      <TestMethod codeBase="/home/runner/work/Crud/Crud/test/Tests.Integration.Backend/bin/Release/net8.0/Tests.Integration.Backend.dll" adapterTypeName="executor://xunit/VsTestRunner2/netcoreapp" className="Tests.Integration.Backend.Controllers.WindowsControllerTests" name="POST_Windows_Should_Validate_Numeric_Ranges" />
    </UnitTest>
    <UnitTest name="Tests.Integration.Backend.Controllers.ApiHealthTests.All_Endpoints_Should_Support_Expected_HTTP_Methods(method: &quot;POST&quot;, endpoint: &quot;/api/people&quot;)" storage="/home/runner/work/crud/crud/test/tests.integration.backend/bin/release/net8.0/tests.integration.backend.dll" id="d513fe07-1dc8-1c74-2c21-98142b85dcfb">
      <Execution id="a2492c11-d78c-49ab-b80c-c26def0a24e1" />
      <TestMethod codeBase="/home/runner/work/Crud/Crud/test/Tests.Integration.Backend/bin/Release/net8.0/Tests.Integration.Backend.dll" adapterTypeName="executor://xunit/VsTestRunner2/netcoreapp" className="Tests.Integration.Backend.Controllers.ApiHealthTests" name="All_Endpoints_Should_Support_Expected_HTTP_Methods" />
    </UnitTest>
    <UnitTest name="Tests.Integration.Backend.E2E.AuthenticationE2ETests.Registration_Should_Validate_Password_Complexity" storage="/home/runner/work/crud/crud/test/tests.integration.backend/bin/release/net8.0/tests.integration.backend.dll" id="410da1bb-0033-e445-230e-baa696a924ac">
      <Execution id="40c7b74d-b122-44b4-9564-39efb5c0fb1b" />
      <TestMethod codeBase="/home/runner/work/Crud/Crud/test/Tests.Integration.Backend/bin/Release/net8.0/Tests.Integration.Backend.dll" adapterTypeName="executor://xunit/VsTestRunner2/netcoreapp" className="Tests.Integration.Backend.E2E.AuthenticationE2ETests" name="Registration_Should_Validate_Password_Complexity" />
    </UnitTest>
    <UnitTest name="Tests.Integration.Backend.Controllers.AuthControllerTests.POST_Login_Should_Return_Unauthorized_For_Invalid_Credentials" storage="/home/runner/work/crud/crud/test/tests.integration.backend/bin/release/net8.0/tests.integration.backend.dll" id="d43526e9-cec8-6f67-27fe-2d630de644f9">
      <Execution id="4de10628-4e64-41eb-acdf-cf3304a9148f" />
      <TestMethod codeBase="/home/runner/work/Crud/Crud/test/Tests.Integration.Backend/bin/Release/net8.0/Tests.Integration.Backend.dll" adapterTypeName="executor://xunit/VsTestRunner2/netcoreapp" className="Tests.Integration.Backend.Controllers.AuthControllerTests" name="POST_Login_Should_Return_Unauthorized_For_Invalid_Credentials" />
    </UnitTest>
    <UnitTest name="Tests.Integration.Backend.Controllers.PeopleControllerTests.POST_People_Should_Create_Person_And_Return_201" storage="/home/runner/work/crud/crud/test/tests.integration.backend/bin/release/net8.0/tests.integration.backend.dll" id="2e2345f0-0d5a-ea86-479d-222f77025a6a">
      <Execution id="dbb97a7a-be03-4323-8fcd-cdffc31852d2" />
      <TestMethod codeBase="/home/runner/work/Crud/Crud/test/Tests.Integration.Backend/bin/Release/net8.0/Tests.Integration.Backend.dll" adapterTypeName="executor://xunit/VsTestRunner2/netcoreapp" className="Tests.Integration.Backend.Controllers.PeopleControllerTests" name="POST_People_Should_Create_Person_And_Return_201" />
    </UnitTest>
    <UnitTest name="Tests.Integration.Backend.Compression.StaticFileCompressionTests.CompressedStaticFiles_ShouldBeSmallerThanUncompressed" storage="/home/runner/work/crud/crud/test/tests.integration.backend/bin/release/net8.0/tests.integration.backend.dll" id="06592b62-9486-dc14-09e9-81aa1f2eb0eb">
      <Execution id="b0ba03d2-5b0e-4336-b732-967c46a3d4ad" />
      <TestMethod codeBase="/home/runner/work/Crud/Crud/test/Tests.Integration.Backend/bin/Release/net8.0/Tests.Integration.Backend.dll" adapterTypeName="executor://xunit/VsTestRunner2/netcoreapp" className="Tests.Integration.Backend.Compression.StaticFileCompressionTests" name="CompressedStaticFiles_ShouldBeSmallerThanUncompressed" />
    </UnitTest>
    <UnitTest name="Tests.Integration.Backend.Compression.StaticFileCompressionTests.JsFile_ShouldBeCompressed_WhenClientSupportsBrotli" storage="/home/runner/work/crud/crud/test/tests.integration.backend/bin/release/net8.0/tests.integration.backend.dll" id="1c428206-078b-ef8a-981a-72b75853f6ff">
      <Execution id="bb236300-1373-42a9-9774-5ae8c0980ae7" />
      <TestMethod codeBase="/home/runner/work/Crud/Crud/test/Tests.Integration.Backend/bin/Release/net8.0/Tests.Integration.Backend.dll" adapterTypeName="executor://xunit/VsTestRunner2/netcoreapp" className="Tests.Integration.Backend.Compression.StaticFileCompressionTests" name="JsFile_ShouldBeCompressed_WhenClientSupportsBrotli" />
    </UnitTest>
    <UnitTest name="Tests.Integration.Backend.E2E.AuthenticationE2ETests.Protected_Endpoint_Should_Require_Authentication" storage="/home/runner/work/crud/crud/test/tests.integration.backend/bin/release/net8.0/tests.integration.backend.dll" id="c1e9fd41-ccc9-89c1-34d7-2e348277c312">
      <Execution id="fd396bd6-1ea4-489a-b2c2-0fa388597894" />
      <TestMethod codeBase="/home/runner/work/Crud/Crud/test/Tests.Integration.Backend/bin/Release/net8.0/Tests.Integration.Backend.dll" adapterTypeName="executor://xunit/VsTestRunner2/netcoreapp" className="Tests.Integration.Backend.E2E.AuthenticationE2ETests" name="Protected_Endpoint_Should_Require_Authentication" />
    </UnitTest>
    <UnitTest name="Tests.Integration.Backend.Controllers.WindowsControllerTests.Windows_Should_Persist_Timestamps_Correctly" storage="/home/runner/work/crud/crud/test/tests.integration.backend/bin/release/net8.0/tests.integration.backend.dll" id="8b7765b0-2273-0340-cca9-006e0a342472">
      <Execution id="00448a48-0eff-4bb3-b169-da34609dc16e" />
      <TestMethod codeBase="/home/runner/work/Crud/Crud/test/Tests.Integration.Backend/bin/Release/net8.0/Tests.Integration.Backend.dll" adapterTypeName="executor://xunit/VsTestRunner2/netcoreapp" className="Tests.Integration.Backend.Controllers.WindowsControllerTests" name="Windows_Should_Persist_Timestamps_Correctly" />
    </UnitTest>
    <UnitTest name="Tests.Integration.Backend.Controllers.PeopleControllerTests.POST_People_Should_Allow_Empty_Phone_Number" storage="/home/runner/work/crud/crud/test/tests.integration.backend/bin/release/net8.0/tests.integration.backend.dll" id="bc4ebe26-634c-986e-8a8c-e92c2437e06a">
      <Execution id="78956f52-a9ea-4d0d-9b83-cc48b795a113" />
      <TestMethod codeBase="/home/runner/work/Crud/Crud/test/Tests.Integration.Backend/bin/Release/net8.0/Tests.Integration.Backend.dll" adapterTypeName="executor://xunit/VsTestRunner2/netcoreapp" className="Tests.Integration.Backend.Controllers.PeopleControllerTests" name="POST_People_Should_Allow_Empty_Phone_Number" />
    </UnitTest>
    <UnitTest name="Tests.Integration.Backend.Controllers.PeopleControllerTests.POST_People_Should_Return_400_For_Invalid_Request" storage="/home/runner/work/crud/crud/test/tests.integration.backend/bin/release/net8.0/tests.integration.backend.dll" id="4ca138d0-3af0-bb0b-3bfb-df9507be5ed5">
      <Execution id="7e2d8da5-7fcd-46c2-b968-49ae5e3cf469" />
      <TestMethod codeBase="/home/runner/work/Crud/Crud/test/Tests.Integration.Backend/bin/Release/net8.0/Tests.Integration.Backend.dll" adapterTypeName="executor://xunit/VsTestRunner2/netcoreapp" className="Tests.Integration.Backend.Controllers.PeopleControllerTests" name="POST_People_Should_Return_400_For_Invalid_Request" />
    </UnitTest>
    <UnitTest name="Tests.Integration.Backend.Controllers.PeopleControllerTests.POST_People_Should_Return_403_For_Non_Admin_User" storage="/home/runner/work/crud/crud/test/tests.integration.backend/bin/release/net8.0/tests.integration.backend.dll" id="41853896-8f31-97ce-b78f-41cf4c24e045">
      <Execution id="9b1d1b7b-89b9-4df9-868a-d2ceab0bbc89" />
      <TestMethod codeBase="/home/runner/work/Crud/Crud/test/Tests.Integration.Backend/bin/Release/net8.0/Tests.Integration.Backend.dll" adapterTypeName="executor://xunit/VsTestRunner2/netcoreapp" className="Tests.Integration.Backend.Controllers.PeopleControllerTests" name="POST_People_Should_Return_403_For_Non_Admin_User" />
    </UnitTest>
    <UnitTest name="Tests.Integration.Backend.Controllers.ApiHealthTests.All_Endpoints_Should_Support_Expected_HTTP_Methods(method: &quot;GET&quot;, endpoint: &quot;/api/walls&quot;)" storage="/home/runner/work/crud/crud/test/tests.integration.backend/bin/release/net8.0/tests.integration.backend.dll" id="d818e0b1-081a-89e5-4910-f245961c9079">
      <Execution id="2692b2fa-dd09-41e5-b1ef-d8bf4eb7744a" />
      <TestMethod codeBase="/home/runner/work/Crud/Crud/test/Tests.Integration.Backend/bin/Release/net8.0/Tests.Integration.Backend.dll" adapterTypeName="executor://xunit/VsTestRunner2/netcoreapp" className="Tests.Integration.Backend.Controllers.ApiHealthTests" name="All_Endpoints_Should_Support_Expected_HTTP_Methods" />
    </UnitTest>
    <UnitTest name="Tests.Integration.Backend.Controllers.AuthControllerPasswordResetTests.POST_ResetPassword_WithValidToken_Should_Reset_Password_Successfully" storage="/home/runner/work/crud/crud/test/tests.integration.backend/bin/release/net8.0/tests.integration.backend.dll" id="25c388e9-4416-bcb2-f5bb-f92fe28b725a">
      <Execution id="9e97171f-c467-4273-9bfe-beadd0132c85" />
      <TestMethod codeBase="/home/runner/work/Crud/Crud/test/Tests.Integration.Backend/bin/Release/net8.0/Tests.Integration.Backend.dll" adapterTypeName="executor://xunit/VsTestRunner2/netcoreapp" className="Tests.Integration.Backend.Controllers.AuthControllerPasswordResetTests" name="POST_ResetPassword_WithValidToken_Should_Reset_Password_Successfully" />
    </UnitTest>
    <UnitTest name="Tests.Integration.Backend.Controllers.WindowsControllerTests.PUT_Window_Should_Update_Existing_Window" storage="/home/runner/work/crud/crud/test/tests.integration.backend/bin/release/net8.0/tests.integration.backend.dll" id="7bc10e4f-5a04-518e-0136-35873081b204">
      <Execution id="76111826-a1e9-4a4a-8675-26ace32825da" />
      <TestMethod codeBase="/home/runner/work/Crud/Crud/test/Tests.Integration.Backend/bin/Release/net8.0/Tests.Integration.Backend.dll" adapterTypeName="executor://xunit/VsTestRunner2/netcoreapp" className="Tests.Integration.Backend.Controllers.WindowsControllerTests" name="PUT_Window_Should_Update_Existing_Window" />
    </UnitTest>
    <UnitTest name="Tests.Integration.Backend.Controllers.WallsControllerTests.POST_Wall_Should_Handle_Optional_Fields" storage="/home/runner/work/crud/crud/test/tests.integration.backend/bin/release/net8.0/tests.integration.backend.dll" id="34d6d731-abe6-2c2d-f525-44f047db1777">
      <Execution id="2e666777-14b0-40e5-b268-b43284592188" />
      <TestMethod codeBase="/home/runner/work/Crud/Crud/test/Tests.Integration.Backend/bin/Release/net8.0/Tests.Integration.Backend.dll" adapterTypeName="executor://xunit/VsTestRunner2/netcoreapp" className="Tests.Integration.Backend.Controllers.WallsControllerTests" name="POST_Wall_Should_Handle_Optional_Fields" />
    </UnitTest>
    <UnitTest name="Tests.Integration.Backend.Controllers.PeopleControllerTests.PUT_People_Should_Update_Person" storage="/home/runner/work/crud/crud/test/tests.integration.backend/bin/release/net8.0/tests.integration.backend.dll" id="20da3b3a-c531-7fe5-3776-1e7b0c6c1d26">
      <Execution id="d1800d8f-f791-4f91-8c8f-21fdf708eaed" />
      <TestMethod codeBase="/home/runner/work/Crud/Crud/test/Tests.Integration.Backend/bin/Release/net8.0/Tests.Integration.Backend.dll" adapterTypeName="executor://xunit/VsTestRunner2/netcoreapp" className="Tests.Integration.Backend.Controllers.PeopleControllerTests" name="PUT_People_Should_Update_Person" />
    </UnitTest>
    <UnitTest name="Tests.Integration.Backend.OutputCaching.ConditionalRequestTests.GetRequest_WithIfNoneMatch_ShouldReturn200_WhenETagDoesNotMatch" storage="/home/runner/work/crud/crud/test/tests.integration.backend/bin/release/net8.0/tests.integration.backend.dll" id="3f2238c8-a9eb-4aa1-b9fa-c736db0a92cb">
      <Execution id="4c32d7db-4b38-40e7-8ed2-17ff495704b4" />
      <TestMethod codeBase="/home/runner/work/Crud/Crud/test/Tests.Integration.Backend/bin/Release/net8.0/Tests.Integration.Backend.dll" adapterTypeName="executor://xunit/VsTestRunner2/netcoreapp" className="Tests.Integration.Backend.OutputCaching.ConditionalRequestTests" name="GetRequest_WithIfNoneMatch_ShouldReturn200_WhenETagDoesNotMatch" />
    </UnitTest>
    <UnitTest name="Tests.Integration.Backend.Controllers.ApiHealthTests.All_Controllers_Should_Be_Accessible(endpoint: &quot;/api/walls&quot;)" storage="/home/runner/work/crud/crud/test/tests.integration.backend/bin/release/net8.0/tests.integration.backend.dll" id="8231f168-9927-9d00-f91d-f5006f875a5b">
      <Execution id="d691ca62-84e2-4038-80c3-21b24f1c4555" />
      <TestMethod codeBase="/home/runner/work/Crud/Crud/test/Tests.Integration.Backend/bin/Release/net8.0/Tests.Integration.Backend.dll" adapterTypeName="executor://xunit/VsTestRunner2/netcoreapp" className="Tests.Integration.Backend.Controllers.ApiHealthTests" name="All_Controllers_Should_Be_Accessible" />
    </UnitTest>
    <UnitTest name="Tests.Integration.Backend.Infrastructure.GenericRepositoryIntegrationTests.GenericRepository_ShouldWorkAlongsideCustomRepositories" storage="/home/runner/work/crud/crud/test/tests.integration.backend/bin/release/net8.0/tests.integration.backend.dll" id="76f204dd-32a0-ce3a-8917-3041e6ffb334">
      <Execution id="9429324b-cce4-45a9-a8ee-1b477589824b" />
      <TestMethod codeBase="/home/runner/work/Crud/Crud/test/Tests.Integration.Backend/bin/Release/net8.0/Tests.Integration.Backend.dll" adapterTypeName="executor://xunit/VsTestRunner2/netcoreapp" className="Tests.Integration.Backend.Infrastructure.GenericRepositoryIntegrationTests" name="GenericRepository_ShouldWorkAlongsideCustomRepositories" />
    </UnitTest>
    <UnitTest name="Tests.Integration.Backend.Controllers.RolesControllerTests.GET_Role_By_Id_Should_Return_404_When_Not_Exists" storage="/home/runner/work/crud/crud/test/tests.integration.backend/bin/release/net8.0/tests.integration.backend.dll" id="29ba8dce-52f9-1a09-beb5-2c73bb03e4dd">
      <Execution id="649b29b4-6384-4275-9d8f-afd249a9e203" />
      <TestMethod codeBase="/home/runner/work/Crud/Crud/test/Tests.Integration.Backend/bin/Release/net8.0/Tests.Integration.Backend.dll" adapterTypeName="executor://xunit/VsTestRunner2/netcoreapp" className="Tests.Integration.Backend.Controllers.RolesControllerTests" name="GET_Role_By_Id_Should_Return_404_When_Not_Exists" />
    </UnitTest>
    <UnitTest name="Tests.Integration.Backend.Controllers.AuthControllerPasswordResetTests.POST_ForgotPassword_WithInvalidEmail_Should_Return_BadRequest" storage="/home/runner/work/crud/crud/test/tests.integration.backend/bin/release/net8.0/tests.integration.backend.dll" id="8e410b3f-ed9f-5189-87a9-0a81e42ccd93">
      <Execution id="e5f6be9b-729f-4de6-ac7e-f1ae2bb9596c" />
      <TestMethod codeBase="/home/runner/work/Crud/Crud/test/Tests.Integration.Backend/bin/Release/net8.0/Tests.Integration.Backend.dll" adapterTypeName="executor://xunit/VsTestRunner2/netcoreapp" className="Tests.Integration.Backend.Controllers.AuthControllerPasswordResetTests" name="POST_ForgotPassword_WithInvalidEmail_Should_Return_BadRequest" />
    </UnitTest>
    <UnitTest name="Tests.Integration.Backend.Controllers.PeopleControllerTests.POST_People_Should_Create_Person_With_Roles" storage="/home/runner/work/crud/crud/test/tests.integration.backend/bin/release/net8.0/tests.integration.backend.dll" id="cce4bcb7-a8a4-30d2-f887-eca92f2b74be">
      <Execution id="a0c1c339-2f1a-4767-ab20-931345239780" />
      <TestMethod codeBase="/home/runner/work/Crud/Crud/test/Tests.Integration.Backend/bin/Release/net8.0/Tests.Integration.Backend.dll" adapterTypeName="executor://xunit/VsTestRunner2/netcoreapp" className="Tests.Integration.Backend.Controllers.PeopleControllerTests" name="POST_People_Should_Create_Person_With_Roles" />
    </UnitTest>
    <UnitTest name="Tests.Integration.Backend.Controllers.WindowsControllerTests.Windows_Should_Handle_Boolean_Properties_Correctly" storage="/home/runner/work/crud/crud/test/tests.integration.backend/bin/release/net8.0/tests.integration.backend.dll" id="89abbdd3-2d4a-032e-64a6-9a76add4cdf5">
      <Execution id="f6fe6323-d7d5-4b44-99bd-ec1154d0e32d" />
      <TestMethod codeBase="/home/runner/work/Crud/Crud/test/Tests.Integration.Backend/bin/Release/net8.0/Tests.Integration.Backend.dll" adapterTypeName="executor://xunit/VsTestRunner2/netcoreapp" className="Tests.Integration.Backend.Controllers.WindowsControllerTests" name="Windows_Should_Handle_Boolean_Properties_Correctly" />
    </UnitTest>
    <UnitTest name="Tests.Integration.Backend.Controllers.WallsControllerTests.GET_Wall_By_Id_Should_Return_Wall_When_Exists" storage="/home/runner/work/crud/crud/test/tests.integration.backend/bin/release/net8.0/tests.integration.backend.dll" id="f06ae6c9-50ad-cafd-2eae-e83fde29317d">
      <Execution id="1b813d9b-4edb-4dff-bea2-43ab1d93192d" />
      <TestMethod codeBase="/home/runner/work/Crud/Crud/test/Tests.Integration.Backend/bin/Release/net8.0/Tests.Integration.Backend.dll" adapterTypeName="executor://xunit/VsTestRunner2/netcoreapp" className="Tests.Integration.Backend.Controllers.WallsControllerTests" name="GET_Wall_By_Id_Should_Return_Wall_When_Exists" />
    </UnitTest>
    <UnitTest name="Tests.Integration.Backend.Compression.StaticFileCompressionTests.UncompressedStaticFiles_ShouldNotHaveCompressionHeaders" storage="/home/runner/work/crud/crud/test/tests.integration.backend/bin/release/net8.0/tests.integration.backend.dll" id="5ba1ea2b-a035-33f8-2d26-2c5753c3433e">
      <Execution id="9620eacf-6bc4-4cde-9cec-b4c93e0fc869" />
      <TestMethod codeBase="/home/runner/work/Crud/Crud/test/Tests.Integration.Backend/bin/Release/net8.0/Tests.Integration.Backend.dll" adapterTypeName="executor://xunit/VsTestRunner2/netcoreapp" className="Tests.Integration.Backend.Compression.StaticFileCompressionTests" name="UncompressedStaticFiles_ShouldNotHaveCompressionHeaders" />
    </UnitTest>
    <UnitTest name="Tests.Integration.Backend.OutputCaching.ConditionalRequestTests.GetRequest_WithIfModifiedSince_ShouldReturn200_WhenModified" storage="/home/runner/work/crud/crud/test/tests.integration.backend/bin/release/net8.0/tests.integration.backend.dll" id="0853ac09-c300-33d5-e3a7-a607360126ba">
      <Execution id="2cffe5ae-4a55-4ecc-b5d2-cade34de1808" />
      <TestMethod codeBase="/home/runner/work/Crud/Crud/test/Tests.Integration.Backend/bin/Release/net8.0/Tests.Integration.Backend.dll" adapterTypeName="executor://xunit/VsTestRunner2/netcoreapp" className="Tests.Integration.Backend.OutputCaching.ConditionalRequestTests" name="GetRequest_WithIfModifiedSince_ShouldReturn200_WhenModified" />
    </UnitTest>
    <UnitTest name="Tests.Integration.Backend.Controllers.RolesControllerTests.GET_Roles_Should_Return_All_Roles" storage="/home/runner/work/crud/crud/test/tests.integration.backend/bin/release/net8.0/tests.integration.backend.dll" id="33b821d5-726b-640c-d1cd-04721e7e48d9">
      <Execution id="732313bc-0d28-4435-b274-9e2c7d2e1b73" />
      <TestMethod codeBase="/home/runner/work/Crud/Crud/test/Tests.Integration.Backend/bin/Release/net8.0/Tests.Integration.Backend.dll" adapterTypeName="executor://xunit/VsTestRunner2/netcoreapp" className="Tests.Integration.Backend.Controllers.RolesControllerTests" name="GET_Roles_Should_Return_All_Roles" />
    </UnitTest>
    <UnitTest name="Tests.Integration.Backend.Controllers.RolesControllerTests.PUT_Role_Should_Update_Existing_Role" storage="/home/runner/work/crud/crud/test/tests.integration.backend/bin/release/net8.0/tests.integration.backend.dll" id="9525fcd3-b949-7544-779c-3d3500ebec99">
      <Execution id="09ba5746-6d3f-4f95-8465-ecd5cf34adf1" />
      <TestMethod codeBase="/home/runner/work/Crud/Crud/test/Tests.Integration.Backend/bin/Release/net8.0/Tests.Integration.Backend.dll" adapterTypeName="executor://xunit/VsTestRunner2/netcoreapp" className="Tests.Integration.Backend.Controllers.RolesControllerTests" name="PUT_Role_Should_Update_Existing_Role" />
    </UnitTest>
    <UnitTest name="Tests.Integration.Backend.Controllers.ApiHealthTests.API_Should_Handle_Invalid_Routes" storage="/home/runner/work/crud/crud/test/tests.integration.backend/bin/release/net8.0/tests.integration.backend.dll" id="f7ccf265-e80b-872a-2ee9-60a9a3351b24">
      <Execution id="801e8b34-739e-4201-9bf8-481bbeeac6dc" />
      <TestMethod codeBase="/home/runner/work/Crud/Crud/test/Tests.Integration.Backend/bin/Release/net8.0/Tests.Integration.Backend.dll" adapterTypeName="executor://xunit/VsTestRunner2/netcoreapp" className="Tests.Integration.Backend.Controllers.ApiHealthTests" name="API_Should_Handle_Invalid_Routes" />
    </UnitTest>
    <UnitTest name="Tests.Integration.Backend.OutputCaching.CachingE2ETests.CompleteCachingWorkflow_ShouldPerformAsExpected" storage="/home/runner/work/crud/crud/test/tests.integration.backend/bin/release/net8.0/tests.integration.backend.dll" id="70e1a820-63f2-9d05-e43e-21258bccb063">
      <Execution id="5b88e86e-5b3f-4507-816c-2ec3a4277cb7" />
      <TestMethod codeBase="/home/runner/work/Crud/Crud/test/Tests.Integration.Backend/bin/Release/net8.0/Tests.Integration.Backend.dll" adapterTypeName="executor://xunit/VsTestRunner2/netcoreapp" className="Tests.Integration.Backend.OutputCaching.CachingE2ETests" name="CompleteCachingWorkflow_ShouldPerformAsExpected" />
    </UnitTest>
    <UnitTest name="Tests.Integration.Backend.Controllers.RolesControllerTests.POST_Roles_Should_Return_400_For_Invalid_Data" storage="/home/runner/work/crud/crud/test/tests.integration.backend/bin/release/net8.0/tests.integration.backend.dll" id="3115f456-ece1-1790-9284-157082a1d43c">
      <Execution id="ba5c4928-6b91-4147-b3d2-17a9c01f1326" />
      <TestMethod codeBase="/home/runner/work/Crud/Crud/test/Tests.Integration.Backend/bin/Release/net8.0/Tests.Integration.Backend.dll" adapterTypeName="executor://xunit/VsTestRunner2/netcoreapp" className="Tests.Integration.Backend.Controllers.RolesControllerTests" name="POST_Roles_Should_Return_400_For_Invalid_Data" />
    </UnitTest>
    <UnitTest name="Tests.Integration.Backend.OutputCaching.CacheInvalidationTests.PostWindow_ShouldInvalidateWindowsCache" storage="/home/runner/work/crud/crud/test/tests.integration.backend/bin/release/net8.0/tests.integration.backend.dll" id="7ef81c0c-3038-9435-7857-ab17f80f7cdb">
      <Execution id="83d63981-0337-4593-8cb0-022f17ff9beb" />
      <TestMethod codeBase="/home/runner/work/Crud/Crud/test/Tests.Integration.Backend/bin/Release/net8.0/Tests.Integration.Backend.dll" adapterTypeName="executor://xunit/VsTestRunner2/netcoreapp" className="Tests.Integration.Backend.OutputCaching.CacheInvalidationTests" name="PostWindow_ShouldInvalidateWindowsCache" />
    </UnitTest>
    <UnitTest name="Tests.Integration.Backend.OutputCaching.CachingE2ETests.CrossEntityCaching_ShouldNotInterfere" storage="/home/runner/work/crud/crud/test/tests.integration.backend/bin/release/net8.0/tests.integration.backend.dll" id="28caa8d5-c8a9-c82d-9ea0-c02736f0dfd9">
      <Execution id="5fba0f32-73b5-4be7-b00b-e5372b794e76" />
      <TestMethod codeBase="/home/runner/work/Crud/Crud/test/Tests.Integration.Backend/bin/Release/net8.0/Tests.Integration.Backend.dll" adapterTypeName="executor://xunit/VsTestRunner2/netcoreapp" className="Tests.Integration.Backend.OutputCaching.CachingE2ETests" name="CrossEntityCaching_ShouldNotInterfere" />
    </UnitTest>
    <UnitTest name="Tests.Integration.Backend.Controllers.ApiHealthTests.API_Should_Handle_Concurrent_Requests" storage="/home/runner/work/crud/crud/test/tests.integration.backend/bin/release/net8.0/tests.integration.backend.dll" id="e4619fb0-2f02-c154-40bc-f54ee36b9b38">
      <Execution id="8983c0e2-d41c-45cb-97b4-4c2871384b99" />
      <TestMethod codeBase="/home/runner/work/Crud/Crud/test/Tests.Integration.Backend/bin/Release/net8.0/Tests.Integration.Backend.dll" adapterTypeName="executor://xunit/VsTestRunner2/netcoreapp" className="Tests.Integration.Backend.Controllers.ApiHealthTests" name="API_Should_Handle_Concurrent_Requests" />
    </UnitTest>
    <UnitTest name="Tests.Integration.Backend.Controllers.AuthControllerPasswordResetTests.POST_ForgotPassword_WithValidEmail_Should_Return_Success" storage="/home/runner/work/crud/crud/test/tests.integration.backend/bin/release/net8.0/tests.integration.backend.dll" id="20b78283-04d3-fc47-1574-93af6fec32ea">
      <Execution id="2284200a-4889-493d-984a-d6e64634b631" />
      <TestMethod codeBase="/home/runner/work/Crud/Crud/test/Tests.Integration.Backend/bin/Release/net8.0/Tests.Integration.Backend.dll" adapterTypeName="executor://xunit/VsTestRunner2/netcoreapp" className="Tests.Integration.Backend.Controllers.AuthControllerPasswordResetTests" name="POST_ForgotPassword_WithValidEmail_Should_Return_Success" />
    </UnitTest>
    <UnitTest name="Tests.Integration.Backend.OutputCaching.OutputCachingConfigurationTests.OutputCaching_ShouldFallbackToMemoryWhenRedisUnavailable" storage="/home/runner/work/crud/crud/test/tests.integration.backend/bin/release/net8.0/tests.integration.backend.dll" id="b7cda526-0758-c938-af92-6a6e25e8efc9">
      <Execution id="3a93647f-c9f3-4a7f-b426-c7a6185e7738" />
      <TestMethod codeBase="/home/runner/work/Crud/Crud/test/Tests.Integration.Backend/bin/Release/net8.0/Tests.Integration.Backend.dll" adapterTypeName="executor://xunit/VsTestRunner2/netcoreapp" className="Tests.Integration.Backend.OutputCaching.OutputCachingConfigurationTests" name="OutputCaching_ShouldFallbackToMemoryWhenRedisUnavailable" />
    </UnitTest>
    <UnitTest name="Tests.Integration.Backend.Controllers.RolesControllerTests.DELETE_Role_Should_Return_204_When_Not_Exists" storage="/home/runner/work/crud/crud/test/tests.integration.backend/bin/release/net8.0/tests.integration.backend.dll" id="79e70e1e-8075-8996-1211-c6d54a3d9ffa">
      <Execution id="034d9746-4217-4ed1-8853-b11e73102317" />
      <TestMethod codeBase="/home/runner/work/Crud/Crud/test/Tests.Integration.Backend/bin/Release/net8.0/Tests.Integration.Backend.dll" adapterTypeName="executor://xunit/VsTestRunner2/netcoreapp" className="Tests.Integration.Backend.Controllers.RolesControllerTests" name="DELETE_Role_Should_Return_204_When_Not_Exists" />
    </UnitTest>
    <UnitTest name="Tests.Integration.Backend.Controllers.ApiHealthTests.API_Should_Handle_CORS_Headers" storage="/home/runner/work/crud/crud/test/tests.integration.backend/bin/release/net8.0/tests.integration.backend.dll" id="e3433c1d-41f7-b660-a894-db56a9b283f4">
      <Execution id="1561a319-6b9d-4083-8c1a-6c25c81cfb64" />
      <TestMethod codeBase="/home/runner/work/Crud/Crud/test/Tests.Integration.Backend/bin/Release/net8.0/Tests.Integration.Backend.dll" adapterTypeName="executor://xunit/VsTestRunner2/netcoreapp" className="Tests.Integration.Backend.Controllers.ApiHealthTests" name="API_Should_Handle_CORS_Headers" />
    </UnitTest>
    <UnitTest name="Tests.Integration.Backend.Compression.ResponseCompressionTests.CompressedResponse_ShouldHaveCompressionHeaders" storage="/home/runner/work/crud/crud/test/tests.integration.backend/bin/release/net8.0/tests.integration.backend.dll" id="a5770765-4612-4372-f1a9-727a017fca24">
      <Execution id="0999dc7a-03fc-4bad-a775-8f7b14581e8a" />
      <TestMethod codeBase="/home/runner/work/Crud/Crud/test/Tests.Integration.Backend/bin/Release/net8.0/Tests.Integration.Backend.dll" adapterTypeName="executor://xunit/VsTestRunner2/netcoreapp" className="Tests.Integration.Backend.Compression.ResponseCompressionTests" name="CompressedResponse_ShouldHaveCompressionHeaders" />
    </UnitTest>
    <UnitTest name="Tests.Integration.Backend.Controllers.AuthControllerTests.POST_Refresh_Should_Return_New_Tokens_For_Valid_RefreshToken" storage="/home/runner/work/crud/crud/test/tests.integration.backend/bin/release/net8.0/tests.integration.backend.dll" id="9ed0881a-ade1-55d1-ff4e-861058b9ed01">
      <Execution id="befc7da0-1935-4486-b17f-323632c35a35" />
      <TestMethod codeBase="/home/runner/work/Crud/Crud/test/Tests.Integration.Backend/bin/Release/net8.0/Tests.Integration.Backend.dll" adapterTypeName="executor://xunit/VsTestRunner2/netcoreapp" className="Tests.Integration.Backend.Controllers.AuthControllerTests" name="POST_Refresh_Should_Return_New_Tokens_For_Valid_RefreshToken" />
    </UnitTest>
    <UnitTest name="Tests.Integration.Backend.Controllers.ApiHealthTests.API_Should_Maintain_Data_Consistency_Under_Load" storage="/home/runner/work/crud/crud/test/tests.integration.backend/bin/release/net8.0/tests.integration.backend.dll" id="58d6d3e1-eb4b-146c-6475-5a89377fd38d">
      <Execution id="69483667-1c7c-4041-a438-f4e54c9b2fd0" />
      <TestMethod codeBase="/home/runner/work/Crud/Crud/test/Tests.Integration.Backend/bin/Release/net8.0/Tests.Integration.Backend.dll" adapterTypeName="executor://xunit/VsTestRunner2/netcoreapp" className="Tests.Integration.Backend.Controllers.ApiHealthTests" name="API_Should_Maintain_Data_Consistency_Under_Load" />
    </UnitTest>
    <UnitTest name="Tests.Integration.Backend.Controllers.ApiHealthTests.All_Endpoints_Should_Support_Expected_HTTP_Methods(method: &quot;GET&quot;, endpoint: &quot;/api/roles&quot;)" storage="/home/runner/work/crud/crud/test/tests.integration.backend/bin/release/net8.0/tests.integration.backend.dll" id="a607d0ef-948b-6788-8be8-6f42840aa828">
      <Execution id="57d204a6-2c63-468a-ace9-8f0b9dd5bac0" />
      <TestMethod codeBase="/home/runner/work/Crud/Crud/test/Tests.Integration.Backend/bin/Release/net8.0/Tests.Integration.Backend.dll" adapterTypeName="executor://xunit/VsTestRunner2/netcoreapp" className="Tests.Integration.Backend.Controllers.ApiHealthTests" name="All_Endpoints_Should_Support_Expected_HTTP_Methods" />
    </UnitTest>
    <UnitTest name="Tests.Integration.Backend.Controllers.WallsControllerTests.POST_Wall_Should_Calculate_And_Store_Complex_Properties" storage="/home/runner/work/crud/crud/test/tests.integration.backend/bin/release/net8.0/tests.integration.backend.dll" id="ab17e4f5-654f-3749-a1be-206a5019e954">
      <Execution id="0d6dace6-17e4-4149-94cd-cacf8797297e" />
      <TestMethod codeBase="/home/runner/work/Crud/Crud/test/Tests.Integration.Backend/bin/Release/net8.0/Tests.Integration.Backend.dll" adapterTypeName="executor://xunit/VsTestRunner2/netcoreapp" className="Tests.Integration.Backend.Controllers.WallsControllerTests" name="POST_Wall_Should_Calculate_And_Store_Complex_Properties" />
    </UnitTest>
    <UnitTest name="Tests.Integration.Backend.Controllers.WindowsControllerTests.POST_Windows_Should_Return_400_For_Invalid_Data" storage="/home/runner/work/crud/crud/test/tests.integration.backend/bin/release/net8.0/tests.integration.backend.dll" id="03a14d36-6f95-8492-bfd4-a25fff2f6772">
      <Execution id="24b05088-db31-4dd7-8580-989cb3023fe3" />
      <TestMethod codeBase="/home/runner/work/Crud/Crud/test/Tests.Integration.Backend/bin/Release/net8.0/Tests.Integration.Backend.dll" adapterTypeName="executor://xunit/VsTestRunner2/netcoreapp" className="Tests.Integration.Backend.Controllers.WindowsControllerTests" name="POST_Windows_Should_Return_400_For_Invalid_Data" />
    </UnitTest>
    <UnitTest name="Tests.Integration.Backend.Controllers.WindowsControllerTests.DELETE_Window_Should_Return_204_When_Not_Exists" storage="/home/runner/work/crud/crud/test/tests.integration.backend/bin/release/net8.0/tests.integration.backend.dll" id="5250d740-754a-3ba2-19d9-7b7107d87e03">
      <Execution id="e8f7f184-14cb-4baf-bd66-f8ec37ab2b4f" />
      <TestMethod codeBase="/home/runner/work/Crud/Crud/test/Tests.Integration.Backend/bin/Release/net8.0/Tests.Integration.Backend.dll" adapterTypeName="executor://xunit/VsTestRunner2/netcoreapp" className="Tests.Integration.Backend.Controllers.WindowsControllerTests" name="DELETE_Window_Should_Return_204_When_Not_Exists" />
    </UnitTest>
    <UnitTest name="Tests.Integration.Backend.Controllers.AuthControllerTests.POST_Refresh_Should_Return_Unauthorized_For_Invalid_RefreshToken" storage="/home/runner/work/crud/crud/test/tests.integration.backend/bin/release/net8.0/tests.integration.backend.dll" id="297d158e-047c-5612-bd99-21893c5634e4">
      <Execution id="9a2c9aa6-cbf3-4120-bfe6-49f7b15bc473" />
      <TestMethod codeBase="/home/runner/work/Crud/Crud/test/Tests.Integration.Backend/bin/Release/net8.0/Tests.Integration.Backend.dll" adapterTypeName="executor://xunit/VsTestRunner2/netcoreapp" className="Tests.Integration.Backend.Controllers.AuthControllerTests" name="POST_Refresh_Should_Return_Unauthorized_For_Invalid_RefreshToken" />
    </UnitTest>
    <UnitTest name="Tests.Integration.Backend.Controllers.WindowsControllerTests.POST_Windows_Should_Create_Window_And_Return_201" storage="/home/runner/work/crud/crud/test/tests.integration.backend/bin/release/net8.0/tests.integration.backend.dll" id="dfaed238-70c1-ab80-405a-08edfd13c1ba">
      <Execution id="4e8e118d-b120-4207-bd73-5bfbf2a8cfbd" />
      <TestMethod codeBase="/home/runner/work/Crud/Crud/test/Tests.Integration.Backend/bin/Release/net8.0/Tests.Integration.Backend.dll" adapterTypeName="executor://xunit/VsTestRunner2/netcoreapp" className="Tests.Integration.Backend.Controllers.WindowsControllerTests" name="POST_Windows_Should_Create_Window_And_Return_201" />
    </UnitTest>
    <UnitTest name="Tests.Integration.Backend.E2E.AuthenticationE2ETests.Refresh_Token_Rotation_Should_Work" storage="/home/runner/work/crud/crud/test/tests.integration.backend/bin/release/net8.0/tests.integration.backend.dll" id="6ab30ede-2d43-e3c2-d85a-058d5fd2dee1">
      <Execution id="8f88f816-887c-4491-be3e-bb7b43d4ddd3" />
      <TestMethod codeBase="/home/runner/work/Crud/Crud/test/Tests.Integration.Backend/bin/Release/net8.0/Tests.Integration.Backend.dll" adapterTypeName="executor://xunit/VsTestRunner2/netcoreapp" className="Tests.Integration.Backend.E2E.AuthenticationE2ETests" name="Refresh_Token_Rotation_Should_Work" />
    </UnitTest>
    <UnitTest name="Tests.Integration.Backend.OutputCaching.CacheInvalidationTests.CacheInvalidation_ShouldBeEntitySpecific" storage="/home/runner/work/crud/crud/test/tests.integration.backend/bin/release/net8.0/tests.integration.backend.dll" id="5915cbaf-7ed1-cbfd-2c81-4746833e58cd">
      <Execution id="21e62f39-67e4-4269-ac41-318ca00e39a3" />
      <TestMethod codeBase="/home/runner/work/Crud/Crud/test/Tests.Integration.Backend/bin/Release/net8.0/Tests.Integration.Backend.dll" adapterTypeName="executor://xunit/VsTestRunner2/netcoreapp" className="Tests.Integration.Backend.OutputCaching.CacheInvalidationTests" name="CacheInvalidation_ShouldBeEntitySpecific" />
    </UnitTest>
    <UnitTest name="Tests.Integration.Backend.OutputCaching.CachingE2ETests.AllCachedEndpoints_ShouldReturnCacheHeaders(endpoint: &quot;/api/walls&quot;)" storage="/home/runner/work/crud/crud/test/tests.integration.backend/bin/release/net8.0/tests.integration.backend.dll" id="4b80b6dd-af6e-92d9-97c9-a8c31eb301db">
      <Execution id="0fc19491-a13c-406a-9053-0b5adf4abb51" />
      <TestMethod codeBase="/home/runner/work/Crud/Crud/test/Tests.Integration.Backend/bin/Release/net8.0/Tests.Integration.Backend.dll" adapterTypeName="executor://xunit/VsTestRunner2/netcoreapp" className="Tests.Integration.Backend.OutputCaching.CachingE2ETests" name="AllCachedEndpoints_ShouldReturnCacheHeaders" />
    </UnitTest>
    <UnitTest name="Tests.Integration.Backend.Controllers.PeopleControllerTests.PUT_People_Should_Return_404_For_NonExistent_Person" storage="/home/runner/work/crud/crud/test/tests.integration.backend/bin/release/net8.0/tests.integration.backend.dll" id="78b405b2-a7b4-22cc-fd25-19657615e9ba">
      <Execution id="cdd281f1-4209-4ec4-a0e6-991a2abf53f2" />
      <TestMethod codeBase="/home/runner/work/Crud/Crud/test/Tests.Integration.Backend/bin/Release/net8.0/Tests.Integration.Backend.dll" adapterTypeName="executor://xunit/VsTestRunner2/netcoreapp" className="Tests.Integration.Backend.Controllers.PeopleControllerTests" name="PUT_People_Should_Return_404_For_NonExistent_Person" />
    </UnitTest>
    <UnitTest name="Tests.Integration.Backend.Controllers.AuthControllerTests.POST_Register_Should_Return_BadRequest_For_Invalid_Email" storage="/home/runner/work/crud/crud/test/tests.integration.backend/bin/release/net8.0/tests.integration.backend.dll" id="2bf8b19c-cf08-fc4d-1420-d095f4b1337b">
      <Execution id="689e2107-8e00-417c-90fa-cb546b6486ba" />
      <TestMethod codeBase="/home/runner/work/Crud/Crud/test/Tests.Integration.Backend/bin/Release/net8.0/Tests.Integration.Backend.dll" adapterTypeName="executor://xunit/VsTestRunner2/netcoreapp" className="Tests.Integration.Backend.Controllers.AuthControllerTests" name="POST_Register_Should_Return_BadRequest_For_Invalid_Email" />
    </UnitTest>
    <UnitTest name="Tests.Integration.Backend.Controllers.DatabaseControllerTests.GET_Database_Status_Should_Return_Database_Statistics" storage="/home/runner/work/crud/crud/test/tests.integration.backend/bin/release/net8.0/tests.integration.backend.dll" id="9c4bd49d-31a4-6530-0f02-8fe23a54becf">
      <Execution id="ad8e41a7-bc3d-4596-b849-96f6c9342182" />
      <TestMethod codeBase="/home/runner/work/Crud/Crud/test/Tests.Integration.Backend/bin/Release/net8.0/Tests.Integration.Backend.dll" adapterTypeName="executor://xunit/VsTestRunner2/netcoreapp" className="Tests.Integration.Backend.Controllers.DatabaseControllerTests" name="GET_Database_Status_Should_Return_Database_Statistics" />
    </UnitTest>
    <UnitTest name="Tests.Integration.Backend.Controllers.WallsControllerTests.GET_Walls_Should_Return_All_Walls" storage="/home/runner/work/crud/crud/test/tests.integration.backend/bin/release/net8.0/tests.integration.backend.dll" id="e9e2b921-0a1d-aae8-34e0-f52557170fc1">
      <Execution id="3498994a-5538-4584-a132-44321fd1f13c" />
      <TestMethod codeBase="/home/runner/work/Crud/Crud/test/Tests.Integration.Backend/bin/Release/net8.0/Tests.Integration.Backend.dll" adapterTypeName="executor://xunit/VsTestRunner2/netcoreapp" className="Tests.Integration.Backend.Controllers.WallsControllerTests" name="GET_Walls_Should_Return_All_Walls" />
    </UnitTest>
    <UnitTest name="Tests.Integration.Backend.Controllers.AuthControllerTests.Protected_Endpoint_Should_Return_Unauthorized_Without_Token" storage="/home/runner/work/crud/crud/test/tests.integration.backend/bin/release/net8.0/tests.integration.backend.dll" id="4fb3036c-0d92-3b62-20b9-33331422414d">
      <Execution id="bde38322-3e59-4c4e-87ee-81d17f42749f" />
      <TestMethod codeBase="/home/runner/work/Crud/Crud/test/Tests.Integration.Backend/bin/Release/net8.0/Tests.Integration.Backend.dll" adapterTypeName="executor://xunit/VsTestRunner2/netcoreapp" className="Tests.Integration.Backend.Controllers.AuthControllerTests" name="Protected_Endpoint_Should_Return_Unauthorized_Without_Token" />
    </UnitTest>
    <UnitTest name="Tests.Integration.Backend.Controllers.ApiHealthTests.API_Should_Handle_Large_Payloads" storage="/home/runner/work/crud/crud/test/tests.integration.backend/bin/release/net8.0/tests.integration.backend.dll" id="aeaaee5e-bc09-54e8-9ec4-6c4cdf3ce87c">
      <Execution id="76c141ff-ef88-47a2-9ec8-7283a7ad2cb7" />
      <TestMethod codeBase="/home/runner/work/Crud/Crud/test/Tests.Integration.Backend/bin/Release/net8.0/Tests.Integration.Backend.dll" adapterTypeName="executor://xunit/VsTestRunner2/netcoreapp" className="Tests.Integration.Backend.Controllers.ApiHealthTests" name="API_Should_Handle_Large_Payloads" />
    </UnitTest>
    <UnitTest name="Tests.Integration.Backend.OutputCaching.OutputCachingConfigurationTests.OutputCaching_ShouldBeRegisteredInServices" storage="/home/runner/work/crud/crud/test/tests.integration.backend/bin/release/net8.0/tests.integration.backend.dll" id="3aa435ad-a9a4-65ee-4bc9-21f73753b103">
      <Execution id="534cfd9a-a50e-457e-a6b5-3ee2422bb1fb" />
      <TestMethod codeBase="/home/runner/work/Crud/Crud/test/Tests.Integration.Backend/bin/Release/net8.0/Tests.Integration.Backend.dll" adapterTypeName="executor://xunit/VsTestRunner2/netcoreapp" className="Tests.Integration.Backend.OutputCaching.OutputCachingConfigurationTests" name="OutputCaching_ShouldBeRegisteredInServices" />
    </UnitTest>
    <UnitTest name="Tests.Integration.Backend.Controllers.RolesControllerTests.DELETE_Role_Should_Remove_Existing_Role" storage="/home/runner/work/crud/crud/test/tests.integration.backend/bin/release/net8.0/tests.integration.backend.dll" id="58a8f096-af1a-ba52-8cf7-4f27a22072be">
      <Execution id="a33cbca7-e290-4c47-ac2b-dcb349e5a939" />
      <TestMethod codeBase="/home/runner/work/Crud/Crud/test/Tests.Integration.Backend/bin/Release/net8.0/Tests.Integration.Backend.dll" adapterTypeName="executor://xunit/VsTestRunner2/netcoreapp" className="Tests.Integration.Backend.Controllers.RolesControllerTests" name="DELETE_Role_Should_Remove_Existing_Role" />
    </UnitTest>
    <UnitTest name="Tests.Integration.Backend.Compression.StaticFileCompressionTests.JsFile_ShouldBeCompressed_WhenClientSupportsGzip" storage="/home/runner/work/crud/crud/test/tests.integration.backend/bin/release/net8.0/tests.integration.backend.dll" id="3b2e3bce-af10-026c-a2ca-d924efcd601d">
      <Execution id="d1558972-f227-4e98-a0a2-9c1145778bc6" />
      <TestMethod codeBase="/home/runner/work/Crud/Crud/test/Tests.Integration.Backend/bin/Release/net8.0/Tests.Integration.Backend.dll" adapterTypeName="executor://xunit/VsTestRunner2/netcoreapp" className="Tests.Integration.Backend.Compression.StaticFileCompressionTests" name="JsFile_ShouldBeCompressed_WhenClientSupportsGzip" />
    </UnitTest>
    <UnitTest name="Tests.Integration.Backend.Controllers.AuthControllerPasswordResetTests.POST_ValidateResetToken_WithInvalidToken_Should_Return_Invalid_Status" storage="/home/runner/work/crud/crud/test/tests.integration.backend/bin/release/net8.0/tests.integration.backend.dll" id="67c0dda5-90c3-5662-c072-7db17a34e9f0">
      <Execution id="aaa6a283-19f1-4d10-b007-100a7fec1f23" />
      <TestMethod codeBase="/home/runner/work/Crud/Crud/test/Tests.Integration.Backend/bin/Release/net8.0/Tests.Integration.Backend.dll" adapterTypeName="executor://xunit/VsTestRunner2/netcoreapp" className="Tests.Integration.Backend.Controllers.AuthControllerPasswordResetTests" name="POST_ValidateResetToken_WithInvalidToken_Should_Return_Invalid_Status" />
    </UnitTest>
    <UnitTest name="Tests.Integration.Backend.OutputCaching.OutputCachingTests.GetWindows_ShouldReturnConsistentResponses" storage="/home/runner/work/crud/crud/test/tests.integration.backend/bin/release/net8.0/tests.integration.backend.dll" id="53a7b40c-019b-3989-42c2-31ec0027eed1">
      <Execution id="e804722e-9029-4652-99a0-6ba540884b10" />
      <TestMethod codeBase="/home/runner/work/Crud/Crud/test/Tests.Integration.Backend/bin/Release/net8.0/Tests.Integration.Backend.dll" adapterTypeName="executor://xunit/VsTestRunner2/netcoreapp" className="Tests.Integration.Backend.OutputCaching.OutputCachingTests" name="GetWindows_ShouldReturnConsistentResponses" />
    </UnitTest>
    <UnitTest name="Tests.Integration.Backend.Controllers.PeopleControllerTests.GET_People_By_Id_Should_Return_Specific_Person" storage="/home/runner/work/crud/crud/test/tests.integration.backend/bin/release/net8.0/tests.integration.backend.dll" id="cc1dc38d-e485-bd07-2880-7ffdde1c97ec">
      <Execution id="ca5291ac-b4eb-40b6-b343-cb69be47410d" />
      <TestMethod codeBase="/home/runner/work/Crud/Crud/test/Tests.Integration.Backend/bin/Release/net8.0/Tests.Integration.Backend.dll" adapterTypeName="executor://xunit/VsTestRunner2/netcoreapp" className="Tests.Integration.Backend.Controllers.PeopleControllerTests" name="GET_People_By_Id_Should_Return_Specific_Person" />
    </UnitTest>
    <UnitTest name="Tests.Integration.Backend.Compression.ResponseCompressionTests.ApiResponse_ShouldBeCompressed_WhenClientSupportsGzip" storage="/home/runner/work/crud/crud/test/tests.integration.backend/bin/release/net8.0/tests.integration.backend.dll" id="abfa73e9-0257-16cb-29aa-f2c99faf213f">
      <Execution id="061b8a76-6260-45e7-bd7b-edc443c986a4" />
      <TestMethod codeBase="/home/runner/work/Crud/Crud/test/Tests.Integration.Backend/bin/Release/net8.0/Tests.Integration.Backend.dll" adapterTypeName="executor://xunit/VsTestRunner2/netcoreapp" className="Tests.Integration.Backend.Compression.ResponseCompressionTests" name="ApiResponse_ShouldBeCompressed_WhenClientSupportsGzip" />
    </UnitTest>
    <UnitTest name="Tests.Integration.Backend.E2E.AuthenticationE2ETests.Concurrent_Requests_Should_Be_Handled_Properly" storage="/home/runner/work/crud/crud/test/tests.integration.backend/bin/release/net8.0/tests.integration.backend.dll" id="e883dfad-5803-12bb-5b1f-de2527fafd69">
      <Execution id="160bba77-39ac-41ad-8f1f-b0a4800b2279" />
      <TestMethod codeBase="/home/runner/work/Crud/Crud/test/Tests.Integration.Backend/bin/Release/net8.0/Tests.Integration.Backend.dll" adapterTypeName="executor://xunit/VsTestRunner2/netcoreapp" className="Tests.Integration.Backend.E2E.AuthenticationE2ETests" name="Concurrent_Requests_Should_Be_Handled_Properly" />
    </UnitTest>
    <UnitTest name="Tests.Integration.Backend.Controllers.RolesControllerTests.GET_Role_By_Id_Should_Return_Role_When_Exists" storage="/home/runner/work/crud/crud/test/tests.integration.backend/bin/release/net8.0/tests.integration.backend.dll" id="9805b897-cbb6-397d-b557-62afcb8b9211">
      <Execution id="56085817-1c93-482d-a7e0-b8e27794867a" />
      <TestMethod codeBase="/home/runner/work/Crud/Crud/test/Tests.Integration.Backend/bin/Release/net8.0/Tests.Integration.Backend.dll" adapterTypeName="executor://xunit/VsTestRunner2/netcoreapp" className="Tests.Integration.Backend.Controllers.RolesControllerTests" name="GET_Role_By_Id_Should_Return_Role_When_Exists" />
    </UnitTest>
    <UnitTest name="Tests.Integration.Backend.OutputCaching.OutputCachingTests.GetWalls_ShouldReturnConsistentResponses" storage="/home/runner/work/crud/crud/test/tests.integration.backend/bin/release/net8.0/tests.integration.backend.dll" id="f48af067-4eb4-5a80-a058-995d81b9c49e">
      <Execution id="eda589ea-da8a-4b5b-b520-d29473fa225d" />
      <TestMethod codeBase="/home/runner/work/Crud/Crud/test/Tests.Integration.Backend/bin/Release/net8.0/Tests.Integration.Backend.dll" adapterTypeName="executor://xunit/VsTestRunner2/netcoreapp" className="Tests.Integration.Backend.OutputCaching.OutputCachingTests" name="GetWalls_ShouldReturnConsistentResponses" />
    </UnitTest>
    <UnitTest name="Tests.Integration.Backend.OutputCaching.CachingE2ETests.AllCachedEndpoints_ShouldReturnCacheHeaders(endpoint: &quot;/api/people&quot;)" storage="/home/runner/work/crud/crud/test/tests.integration.backend/bin/release/net8.0/tests.integration.backend.dll" id="74c46e58-3df7-a0cc-53b5-5247c5480908">
      <Execution id="14ef8e53-20f2-4bc3-a4da-0a3c7e70bbf6" />
      <TestMethod codeBase="/home/runner/work/Crud/Crud/test/Tests.Integration.Backend/bin/Release/net8.0/Tests.Integration.Backend.dll" adapterTypeName="executor://xunit/VsTestRunner2/netcoreapp" className="Tests.Integration.Backend.OutputCaching.CachingE2ETests" name="AllCachedEndpoints_ShouldReturnCacheHeaders" />
    </UnitTest>
    <UnitTest name="Tests.Integration.Backend.Controllers.WallsControllerTests.DELETE_Wall_Should_Remove_Existing_Wall" storage="/home/runner/work/crud/crud/test/tests.integration.backend/bin/release/net8.0/tests.integration.backend.dll" id="a509d6b0-b691-0a3b-74c8-b5408578a6d5">
      <Execution id="fa32b9c6-d52d-4171-80df-42d9c69ef348" />
      <TestMethod codeBase="/home/runner/work/Crud/Crud/test/Tests.Integration.Backend/bin/Release/net8.0/Tests.Integration.Backend.dll" adapterTypeName="executor://xunit/VsTestRunner2/netcoreapp" className="Tests.Integration.Backend.Controllers.WallsControllerTests" name="DELETE_Wall_Should_Remove_Existing_Wall" />
    </UnitTest>
    <UnitTest name="Tests.Integration.Backend.E2E.AuthenticationE2ETests.Role_Based_Access_Should_Work" storage="/home/runner/work/crud/crud/test/tests.integration.backend/bin/release/net8.0/tests.integration.backend.dll" id="927ecc12-27fc-afb1-a7a2-a42476361110">
      <Execution id="dc6787a4-13d8-4da3-a3b2-ef5c9eaf2665" />
      <TestMethod codeBase="/home/runner/work/Crud/Crud/test/Tests.Integration.Backend/bin/Release/net8.0/Tests.Integration.Backend.dll" adapterTypeName="executor://xunit/VsTestRunner2/netcoreapp" className="Tests.Integration.Backend.E2E.AuthenticationE2ETests" name="Role_Based_Access_Should_Work" />
    </UnitTest>
    <UnitTest name="Tests.Integration.Backend.Controllers.DatabaseControllerTests.POST_Database_Seed_Should_Seed_Database_Successfully" storage="/home/runner/work/crud/crud/test/tests.integration.backend/bin/release/net8.0/tests.integration.backend.dll" id="f05cedeb-e83b-1e7e-3928-23724172eea5">
      <Execution id="50b7a7be-33e1-4d78-8dff-b13cabca062c" />
      <TestMethod codeBase="/home/runner/work/Crud/Crud/test/Tests.Integration.Backend/bin/Release/net8.0/Tests.Integration.Backend.dll" adapterTypeName="executor://xunit/VsTestRunner2/netcoreapp" className="Tests.Integration.Backend.Controllers.DatabaseControllerTests" name="POST_Database_Seed_Should_Seed_Database_Successfully" />
    </UnitTest>
    <UnitTest name="Tests.Integration.Backend.Controllers.PeopleControllerTests.GET_People_By_Id_Should_Return_404_For_NonExistent_Person" storage="/home/runner/work/crud/crud/test/tests.integration.backend/bin/release/net8.0/tests.integration.backend.dll" id="4e4996c7-f4bf-6a3f-b2c5-de38dd6676bb">
      <Execution id="6a87eb56-a660-4157-96ef-1a313e9b99e8" />
      <TestMethod codeBase="/home/runner/work/Crud/Crud/test/Tests.Integration.Backend/bin/Release/net8.0/Tests.Integration.Backend.dll" adapterTypeName="executor://xunit/VsTestRunner2/netcoreapp" className="Tests.Integration.Backend.Controllers.PeopleControllerTests" name="GET_People_By_Id_Should_Return_404_For_NonExistent_Person" />
    </UnitTest>
    <UnitTest name="Tests.Integration.Backend.OutputCaching.CachingE2ETests.AllCachedEndpoints_ShouldReturnCacheHeaders(endpoint: &quot;/api/roles&quot;)" storage="/home/runner/work/crud/crud/test/tests.integration.backend/bin/release/net8.0/tests.integration.backend.dll" id="6701ad16-b836-ee76-0566-4e5adb91c861">
      <Execution id="5205eb89-2350-40e9-8a3f-b89462af3357" />
      <TestMethod codeBase="/home/runner/work/Crud/Crud/test/Tests.Integration.Backend/bin/Release/net8.0/Tests.Integration.Backend.dll" adapterTypeName="executor://xunit/VsTestRunner2/netcoreapp" className="Tests.Integration.Backend.OutputCaching.CachingE2ETests" name="AllCachedEndpoints_ShouldReturnCacheHeaders" />
    </UnitTest>
    <UnitTest name="Tests.Integration.Backend.Compression.StaticFileCompressionTests.CssFile_ShouldBeCompressed_WhenClientSupportsGzip" storage="/home/runner/work/crud/crud/test/tests.integration.backend/bin/release/net8.0/tests.integration.backend.dll" id="78d2062e-7c45-d260-f795-f1b53c418237">
      <Execution id="054d663b-86a1-4ef1-bb82-dc9cd059992b" />
      <TestMethod codeBase="/home/runner/work/Crud/Crud/test/Tests.Integration.Backend/bin/Release/net8.0/Tests.Integration.Backend.dll" adapterTypeName="executor://xunit/VsTestRunner2/netcoreapp" className="Tests.Integration.Backend.Compression.StaticFileCompressionTests" name="CssFile_ShouldBeCompressed_WhenClientSupportsGzip" />
    </UnitTest>
    <UnitTest name="Tests.Integration.Backend.Controllers.PeopleControllerTests.GET_People_Should_Return_401_Without_Authentication" storage="/home/runner/work/crud/crud/test/tests.integration.backend/bin/release/net8.0/tests.integration.backend.dll" id="a6bb128b-1161-cbb2-5ff4-da08f9a71fbf">
      <Execution id="2f785858-2d26-4de3-9e6e-a66a404b428e" />
      <TestMethod codeBase="/home/runner/work/Crud/Crud/test/Tests.Integration.Backend/bin/Release/net8.0/Tests.Integration.Backend.dll" adapterTypeName="executor://xunit/VsTestRunner2/netcoreapp" className="Tests.Integration.Backend.Controllers.PeopleControllerTests" name="GET_People_Should_Return_401_Without_Authentication" />
    </UnitTest>
    <UnitTest name="Tests.Integration.Backend.Controllers.AuthControllerTests.POST_Logout_Should_Revoke_RefreshToken" storage="/home/runner/work/crud/crud/test/tests.integration.backend/bin/release/net8.0/tests.integration.backend.dll" id="d4d4848b-8d11-cc53-4c2f-7b3836864b98">
      <Execution id="077624f5-3e29-4ff1-b0d2-f060ca3e90ca" />
      <TestMethod codeBase="/home/runner/work/Crud/Crud/test/Tests.Integration.Backend/bin/Release/net8.0/Tests.Integration.Backend.dll" adapterTypeName="executor://xunit/VsTestRunner2/netcoreapp" className="Tests.Integration.Backend.Controllers.AuthControllerTests" name="POST_Logout_Should_Revoke_RefreshToken" />
    </UnitTest>
    <UnitTest name="Tests.Integration.Backend.Controllers.WindowsControllerTests.PUT_Window_Should_Return_404_When_Not_Exists" storage="/home/runner/work/crud/crud/test/tests.integration.backend/bin/release/net8.0/tests.integration.backend.dll" id="41b359b4-fccb-bafc-c2ca-d65a5df61c20">
      <Execution id="4a620aa9-7935-47a1-acc5-9f86885bb67b" />
      <TestMethod codeBase="/home/runner/work/Crud/Crud/test/Tests.Integration.Backend/bin/Release/net8.0/Tests.Integration.Backend.dll" adapterTypeName="executor://xunit/VsTestRunner2/netcoreapp" className="Tests.Integration.Backend.Controllers.WindowsControllerTests" name="PUT_Window_Should_Return_404_When_Not_Exists" />
    </UnitTest>
    <UnitTest name="Tests.Integration.Backend.E2E.AuthenticationE2ETests.Complete_Authentication_Flow_Should_Work_End_To_End" storage="/home/runner/work/crud/crud/test/tests.integration.backend/bin/release/net8.0/tests.integration.backend.dll" id="46cfbc2c-72c5-516f-bca0-390b42b51d43">
      <Execution id="8e0c004a-0ed5-4f3e-a843-06fed9f0cc5c" />
      <TestMethod codeBase="/home/runner/work/Crud/Crud/test/Tests.Integration.Backend/bin/Release/net8.0/Tests.Integration.Backend.dll" adapterTypeName="executor://xunit/VsTestRunner2/netcoreapp" className="Tests.Integration.Backend.E2E.AuthenticationE2ETests" name="Complete_Authentication_Flow_Should_Work_End_To_End" />
    </UnitTest>
    <UnitTest name="Tests.Integration.Backend.Controllers.AuthControllerTests.POST_Login_Should_Return_Tokens_For_Valid_Credentials" storage="/home/runner/work/crud/crud/test/tests.integration.backend/bin/release/net8.0/tests.integration.backend.dll" id="53592f08-0da7-0cd5-09c9-a1ba0d87949c">
      <Execution id="383674c3-a19c-4223-9a5a-ab0fd70fa1b5" />
      <TestMethod codeBase="/home/runner/work/Crud/Crud/test/Tests.Integration.Backend/bin/Release/net8.0/Tests.Integration.Backend.dll" adapterTypeName="executor://xunit/VsTestRunner2/netcoreapp" className="Tests.Integration.Backend.Controllers.AuthControllerTests" name="POST_Login_Should_Return_Tokens_For_Valid_Credentials" />
    </UnitTest>
    <UnitTest name="Tests.Integration.Backend.Controllers.ApiHealthTests.API_Should_Handle_Invalid_HTTP_Methods" storage="/home/runner/work/crud/crud/test/tests.integration.backend/bin/release/net8.0/tests.integration.backend.dll" id="47dc67ee-ce10-2cea-0c24-ab118e917beb">
      <Execution id="cbb60a02-f93b-49e7-a9a9-ebc61c3c822a" />
      <TestMethod codeBase="/home/runner/work/Crud/Crud/test/Tests.Integration.Backend/bin/Release/net8.0/Tests.Integration.Backend.dll" adapterTypeName="executor://xunit/VsTestRunner2/netcoreapp" className="Tests.Integration.Backend.Controllers.ApiHealthTests" name="API_Should_Handle_Invalid_HTTP_Methods" />
    </UnitTest>
    <UnitTest name="Tests.Integration.Backend.Controllers.WindowsControllerTests.GET_Window_By_Id_Should_Return_Window_When_Exists" storage="/home/runner/work/crud/crud/test/tests.integration.backend/bin/release/net8.0/tests.integration.backend.dll" id="fd587af6-8ac9-79bb-4579-c4177d8d0828">
      <Execution id="498c74df-9938-449d-9439-7c58bd0625ec" />
      <TestMethod codeBase="/home/runner/work/Crud/Crud/test/Tests.Integration.Backend/bin/Release/net8.0/Tests.Integration.Backend.dll" adapterTypeName="executor://xunit/VsTestRunner2/netcoreapp" className="Tests.Integration.Backend.Controllers.WindowsControllerTests" name="GET_Window_By_Id_Should_Return_Window_When_Exists" />
    </UnitTest>
    <UnitTest name="Tests.Integration.Backend.Controllers.AuthControllerPasswordResetTests.POST_ResetPassword_WithWeakPassword_Should_Return_Error" storage="/home/runner/work/crud/crud/test/tests.integration.backend/bin/release/net8.0/tests.integration.backend.dll" id="7810a33a-ed10-21b4-237d-f07ca1a37883">
      <Execution id="3ad00495-798e-4c52-bd05-59074c1486cb" />
      <TestMethod codeBase="/home/runner/work/Crud/Crud/test/Tests.Integration.Backend/bin/Release/net8.0/Tests.Integration.Backend.dll" adapterTypeName="executor://xunit/VsTestRunner2/netcoreapp" className="Tests.Integration.Backend.Controllers.AuthControllerPasswordResetTests" name="POST_ResetPassword_WithWeakPassword_Should_Return_Error" />
    </UnitTest>
    <UnitTest name="Tests.Integration.Backend.Controllers.WallsControllerTests.Walls_Should_Persist_Timestamps_Correctly" storage="/home/runner/work/crud/crud/test/tests.integration.backend/bin/release/net8.0/tests.integration.backend.dll" id="a4e7fe1d-8462-8e20-a217-708cdc9d8f6a">
      <Execution id="22af37f7-7b7f-4f57-bcfe-2e8b5e3c849e" />
      <TestMethod codeBase="/home/runner/work/Crud/Crud/test/Tests.Integration.Backend/bin/Release/net8.0/Tests.Integration.Backend.dll" adapterTypeName="executor://xunit/VsTestRunner2/netcoreapp" className="Tests.Integration.Backend.Controllers.WallsControllerTests" name="Walls_Should_Persist_Timestamps_Correctly" />
    </UnitTest>
    <UnitTest name="Tests.Integration.Backend.OutputCaching.CacheInvalidationTests.PostPerson_ShouldInvalidateListCache" storage="/home/runner/work/crud/crud/test/tests.integration.backend/bin/release/net8.0/tests.integration.backend.dll" id="1a8b33fa-e8e7-c5c8-b527-0b5fd94498f4">
      <Execution id="a068d756-57d4-4ed4-acfc-7f6ce253e57c" />
      <TestMethod codeBase="/home/runner/work/Crud/Crud/test/Tests.Integration.Backend/bin/Release/net8.0/Tests.Integration.Backend.dll" adapterTypeName="executor://xunit/VsTestRunner2/netcoreapp" className="Tests.Integration.Backend.OutputCaching.CacheInvalidationTests" name="PostPerson_ShouldInvalidateListCache" />
    </UnitTest>
    <UnitTest name="Tests.Integration.Backend.Controllers.WindowsControllerTests.Windows_Should_Persist_Energy_Efficiency_Data" storage="/home/runner/work/crud/crud/test/tests.integration.backend/bin/release/net8.0/tests.integration.backend.dll" id="5d6d527c-ff6b-65d9-2afb-cc1214f1f646">
      <Execution id="5233df8e-22bf-4178-a9dc-8793d944d973" />
      <TestMethod codeBase="/home/runner/work/Crud/Crud/test/Tests.Integration.Backend/bin/Release/net8.0/Tests.Integration.Backend.dll" adapterTypeName="executor://xunit/VsTestRunner2/netcoreapp" className="Tests.Integration.Backend.Controllers.WindowsControllerTests" name="Windows_Should_Persist_Energy_Efficiency_Data" />
    </UnitTest>
    <UnitTest name="Tests.Integration.Backend.Controllers.WindowsControllerTests.GET_Window_By_Id_Should_Return_404_When_Not_Exists" storage="/home/runner/work/crud/crud/test/tests.integration.backend/bin/release/net8.0/tests.integration.backend.dll" id="494ff55a-87c7-5f37-d44c-a6dbdeeb90c7">
      <Execution id="9c1a9415-8077-4fd5-b43e-0d6125dc5b37" />
      <TestMethod codeBase="/home/runner/work/Crud/Crud/test/Tests.Integration.Backend/bin/Release/net8.0/Tests.Integration.Backend.dll" adapterTypeName="executor://xunit/VsTestRunner2/netcoreapp" className="Tests.Integration.Backend.Controllers.WindowsControllerTests" name="GET_Window_By_Id_Should_Return_404_When_Not_Exists" />
    </UnitTest>
    <UnitTest name="Tests.Integration.Backend.Controllers.RolesControllerTests.POST_Roles_Should_Create_Role_And_Return_201" storage="/home/runner/work/crud/crud/test/tests.integration.backend/bin/release/net8.0/tests.integration.backend.dll" id="dc3d8a1b-91eb-4926-ce54-153010e68cad">
      <Execution id="bfb9988f-eb0a-4445-91f0-2e903dd83f53" />
      <TestMethod codeBase="/home/runner/work/Crud/Crud/test/Tests.Integration.Backend/bin/Release/net8.0/Tests.Integration.Backend.dll" adapterTypeName="executor://xunit/VsTestRunner2/netcoreapp" className="Tests.Integration.Backend.Controllers.RolesControllerTests" name="POST_Roles_Should_Create_Role_And_Return_201" />
    </UnitTest>
    <UnitTest name="Tests.Integration.Backend.Controllers.WallsControllerTests.DELETE_Wall_Should_Return_204_When_Not_Exists" storage="/home/runner/work/crud/crud/test/tests.integration.backend/bin/release/net8.0/tests.integration.backend.dll" id="dc62b2c0-66b3-fee4-dcd7-e086c4c46187">
      <Execution id="930c1397-4712-4f8c-a1d1-4067ea9a07c8" />
      <TestMethod codeBase="/home/runner/work/Crud/Crud/test/Tests.Integration.Backend/bin/Release/net8.0/Tests.Integration.Backend.dll" adapterTypeName="executor://xunit/VsTestRunner2/netcoreapp" className="Tests.Integration.Backend.Controllers.WallsControllerTests" name="DELETE_Wall_Should_Return_204_When_Not_Exists" />
    </UnitTest>
    <UnitTest name="Tests.Integration.Backend.Compression.ResponseCompressionTests.ApiResponse_ShouldBeCompressed_WhenClientSupportsBrotli" storage="/home/runner/work/crud/crud/test/tests.integration.backend/bin/release/net8.0/tests.integration.backend.dll" id="8feb6ba1-0aea-ccd4-705a-a363165ab119">
      <Execution id="271e0da0-ca94-4247-a1ba-495481df855e" />
      <TestMethod codeBase="/home/runner/work/Crud/Crud/test/Tests.Integration.Backend/bin/Release/net8.0/Tests.Integration.Backend.dll" adapterTypeName="executor://xunit/VsTestRunner2/netcoreapp" className="Tests.Integration.Backend.Compression.ResponseCompressionTests" name="ApiResponse_ShouldBeCompressed_WhenClientSupportsBrotli" />
    </UnitTest>
    <UnitTest name="Tests.Integration.Backend.Controllers.ApiHealthTests.API_Should_Return_JSON_Content_Type" storage="/home/runner/work/crud/crud/test/tests.integration.backend/bin/release/net8.0/tests.integration.backend.dll" id="96921323-114c-162a-b25a-d2db1a76a43f">
      <Execution id="bdb5daa9-1b80-485b-986e-af03d577d172" />
      <TestMethod codeBase="/home/runner/work/Crud/Crud/test/Tests.Integration.Backend/bin/Release/net8.0/Tests.Integration.Backend.dll" adapterTypeName="executor://xunit/VsTestRunner2/netcoreapp" className="Tests.Integration.Backend.Controllers.ApiHealthTests" name="API_Should_Return_JSON_Content_Type" />
    </UnitTest>
    <UnitTest name="Tests.Integration.Backend.Controllers.AuthControllerTests.Protected_Endpoint_Should_Return_OK_With_Valid_Token" storage="/home/runner/work/crud/crud/test/tests.integration.backend/bin/release/net8.0/tests.integration.backend.dll" id="bc66b42a-da4a-96c7-2103-52f52cf67ffd">
      <Execution id="46cec991-86b5-4333-a51d-95a029740e92" />
      <TestMethod codeBase="/home/runner/work/Crud/Crud/test/Tests.Integration.Backend/bin/Release/net8.0/Tests.Integration.Backend.dll" adapterTypeName="executor://xunit/VsTestRunner2/netcoreapp" className="Tests.Integration.Backend.Controllers.AuthControllerTests" name="Protected_Endpoint_Should_Return_OK_With_Valid_Token" />
    </UnitTest>
    <UnitTest name="Tests.Integration.Backend.Compression.StaticFileCompressionTests.CompressedStaticFiles_ShouldHaveVaryHeader" storage="/home/runner/work/crud/crud/test/tests.integration.backend/bin/release/net8.0/tests.integration.backend.dll" id="dd89f673-671f-182c-819f-0c99c5f63d13">
      <Execution id="22ada4cb-d9b6-424c-8adb-82bb0f05734c" />
      <TestMethod codeBase="/home/runner/work/Crud/Crud/test/Tests.Integration.Backend/bin/Release/net8.0/Tests.Integration.Backend.dll" adapterTypeName="executor://xunit/VsTestRunner2/netcoreapp" className="Tests.Integration.Backend.Compression.StaticFileCompressionTests" name="CompressedStaticFiles_ShouldHaveVaryHeader" />
    </UnitTest>
    <UnitTest name="Tests.Integration.Backend.OutputCaching.ConditionalRequestTests.GetRequest_WithIfModifiedSince_ShouldReturn304_WhenNotModified" storage="/home/runner/work/crud/crud/test/tests.integration.backend/bin/release/net8.0/tests.integration.backend.dll" id="97379147-d8b9-39e9-e5ac-c96169fc4948">
      <Execution id="d9329e12-901a-4e13-a40f-9f5dd5025ec7" />
      <TestMethod codeBase="/home/runner/work/Crud/Crud/test/Tests.Integration.Backend/bin/Release/net8.0/Tests.Integration.Backend.dll" adapterTypeName="executor://xunit/VsTestRunner2/netcoreapp" className="Tests.Integration.Backend.OutputCaching.ConditionalRequestTests" name="GetRequest_WithIfModifiedSince_ShouldReturn304_WhenNotModified" />
    </UnitTest>
    <UnitTest name="Tests.Integration.Backend.Controllers.ApiHealthTests.All_Controllers_Should_Be_Accessible(endpoint: &quot;/api/people&quot;)" storage="/home/runner/work/crud/crud/test/tests.integration.backend/bin/release/net8.0/tests.integration.backend.dll" id="06054800-c7da-a693-e1d3-d81d35d825c2">
      <Execution id="6bea6fb8-3e03-4c3d-a672-895d71c5bc34" />
      <TestMethod codeBase="/home/runner/work/Crud/Crud/test/Tests.Integration.Backend/bin/Release/net8.0/Tests.Integration.Backend.dll" adapterTypeName="executor://xunit/VsTestRunner2/netcoreapp" className="Tests.Integration.Backend.Controllers.ApiHealthTests" name="All_Controllers_Should_Be_Accessible" />
    </UnitTest>
    <UnitTest name="Tests.Integration.Backend.Controllers.RolesControllerTests.Roles_Should_Persist_Across_Requests" storage="/home/runner/work/crud/crud/test/tests.integration.backend/bin/release/net8.0/tests.integration.backend.dll" id="4fd1e2d8-0d90-8547-c5f7-6f4689c0269c">
      <Execution id="b413f6bf-1df8-4e3e-8595-5842f9ef9e1d" />
      <TestMethod codeBase="/home/runner/work/Crud/Crud/test/Tests.Integration.Backend/bin/Release/net8.0/Tests.Integration.Backend.dll" adapterTypeName="executor://xunit/VsTestRunner2/netcoreapp" className="Tests.Integration.Backend.Controllers.RolesControllerTests" name="Roles_Should_Persist_Across_Requests" />
    </UnitTest>
    <UnitTest name="Tests.Integration.Backend.Controllers.ApiHealthTests.API_Should_Handle_Malformed_JSON" storage="/home/runner/work/crud/crud/test/tests.integration.backend/bin/release/net8.0/tests.integration.backend.dll" id="9fb85c0b-c781-4485-f6e0-88690963221a">
      <Execution id="d8c68b03-6de2-44cc-a3cb-1b102b4416da" />
      <TestMethod codeBase="/home/runner/work/Crud/Crud/test/Tests.Integration.Backend/bin/Release/net8.0/Tests.Integration.Backend.dll" adapterTypeName="executor://xunit/VsTestRunner2/netcoreapp" className="Tests.Integration.Backend.Controllers.ApiHealthTests" name="API_Should_Handle_Malformed_JSON" />
    </UnitTest>
    <UnitTest name="Tests.Integration.Backend.OutputCaching.OutputCachingConfigurationTests.OutputCaching_ShouldHaveNamedPolicies" storage="/home/runner/work/crud/crud/test/tests.integration.backend/bin/release/net8.0/tests.integration.backend.dll" id="02f305ed-30cd-4399-cb1c-75d62f144801">
      <Execution id="91b99a91-ce11-40df-9646-29a49e6f7a80" />
      <TestMethod codeBase="/home/runner/work/Crud/Crud/test/Tests.Integration.Backend/bin/Release/net8.0/Tests.Integration.Backend.dll" adapterTypeName="executor://xunit/VsTestRunner2/netcoreapp" className="Tests.Integration.Backend.OutputCaching.OutputCachingConfigurationTests" name="OutputCaching_ShouldHaveNamedPolicies" />
    </UnitTest>
    <UnitTest name="Tests.Integration.Backend.Controllers.ApiHealthTests.All_Endpoints_Should_Support_Expected_HTTP_Methods(method: &quot;GET&quot;, endpoint: &quot;/api/windows&quot;)" storage="/home/runner/work/crud/crud/test/tests.integration.backend/bin/release/net8.0/tests.integration.backend.dll" id="aaddc149-d8b9-e302-ef68-034ece67c17b">
      <Execution id="c1a9a900-29cc-4624-98e1-e97c26db3eb2" />
      <TestMethod codeBase="/home/runner/work/Crud/Crud/test/Tests.Integration.Backend/bin/Release/net8.0/Tests.Integration.Backend.dll" adapterTypeName="executor://xunit/VsTestRunner2/netcoreapp" className="Tests.Integration.Backend.Controllers.ApiHealthTests" name="All_Endpoints_Should_Support_Expected_HTTP_Methods" />
    </UnitTest>
    <UnitTest name="Tests.Integration.Backend.Compression.StaticFileCompressionTests.StaticFiles_ShouldHaveCorrectContentTypes" storage="/home/runner/work/crud/crud/test/tests.integration.backend/bin/release/net8.0/tests.integration.backend.dll" id="fce1fb25-ab7d-1dd5-5d83-ba39255b0e9a">
      <Execution id="1a08ebf3-4aec-4967-a6b0-2aeb5bd7f4bd" />
      <TestMethod codeBase="/home/runner/work/Crud/Crud/test/Tests.Integration.Backend/bin/Release/net8.0/Tests.Integration.Backend.dll" adapterTypeName="executor://xunit/VsTestRunner2/netcoreapp" className="Tests.Integration.Backend.Compression.StaticFileCompressionTests" name="StaticFiles_ShouldHaveCorrectContentTypes" />
    </UnitTest>
    <UnitTest name="Tests.Integration.Backend.Controllers.AuthControllerTests.POST_Register_Should_Create_User_And_Return_Tokens" storage="/home/runner/work/crud/crud/test/tests.integration.backend/bin/release/net8.0/tests.integration.backend.dll" id="17dbb37c-0ae3-4711-733a-8ec5b81611d9">
      <Execution id="c416a003-395d-4ed9-8584-504649aae86e" />
      <TestMethod codeBase="/home/runner/work/Crud/Crud/test/Tests.Integration.Backend/bin/Release/net8.0/Tests.Integration.Backend.dll" adapterTypeName="executor://xunit/VsTestRunner2/netcoreapp" className="Tests.Integration.Backend.Controllers.AuthControllerTests" name="POST_Register_Should_Create_User_And_Return_Tokens" />
    </UnitTest>
    <UnitTest name="Tests.Integration.Backend.OutputCaching.CachingE2ETests.CacheInvalidation_ShouldWorkAcrossEntities" storage="/home/runner/work/crud/crud/test/tests.integration.backend/bin/release/net8.0/tests.integration.backend.dll" id="19212179-02a1-0bfe-fef4-7e3682270e04">
      <Execution id="1430dc8f-f2f8-460b-babd-91ad5367c6f7" />
      <TestMethod codeBase="/home/runner/work/Crud/Crud/test/Tests.Integration.Backend/bin/Release/net8.0/Tests.Integration.Backend.dll" adapterTypeName="executor://xunit/VsTestRunner2/netcoreapp" className="Tests.Integration.Backend.OutputCaching.CachingE2ETests" name="CacheInvalidation_ShouldWorkAcrossEntities" />
    </UnitTest>
    <UnitTest name="Tests.Integration.Backend.Controllers.ApiHealthTests.All_Endpoints_Should_Support_Expected_HTTP_Methods(method: &quot;POST&quot;, endpoint: &quot;/api/windows&quot;)" storage="/home/runner/work/crud/crud/test/tests.integration.backend/bin/release/net8.0/tests.integration.backend.dll" id="1089b26f-11d1-1b14-2fb8-2326613cba50">
      <Execution id="dbeac06d-3729-4dea-84a1-dbc82eeb5299" />
      <TestMethod codeBase="/home/runner/work/Crud/Crud/test/Tests.Integration.Backend/bin/Release/net8.0/Tests.Integration.Backend.dll" adapterTypeName="executor://xunit/VsTestRunner2/netcoreapp" className="Tests.Integration.Backend.Controllers.ApiHealthTests" name="All_Endpoints_Should_Support_Expected_HTTP_Methods" />
    </UnitTest>
    <UnitTest name="Tests.Integration.Backend.OutputCaching.CachingE2ETests.AllCachedEndpoints_ShouldReturnCacheHeaders(endpoint: &quot;/api/windows&quot;)" storage="/home/runner/work/crud/crud/test/tests.integration.backend/bin/release/net8.0/tests.integration.backend.dll" id="585749df-18b6-91ed-3a17-d18e3a118780">
      <Execution id="f53175b5-0b52-4f04-9e89-2a233a7b6bef" />
      <TestMethod codeBase="/home/runner/work/Crud/Crud/test/Tests.Integration.Backend/bin/Release/net8.0/Tests.Integration.Backend.dll" adapterTypeName="executor://xunit/VsTestRunner2/netcoreapp" className="Tests.Integration.Backend.OutputCaching.CachingE2ETests" name="AllCachedEndpoints_ShouldReturnCacheHeaders" />
    </UnitTest>
    <UnitTest name="Tests.Integration.Backend.Controllers.WallsControllerTests.POST_Walls_Should_Return_400_For_Invalid_Data" storage="/home/runner/work/crud/crud/test/tests.integration.backend/bin/release/net8.0/tests.integration.backend.dll" id="39e1ba24-0a2a-e8f7-d815-046e06e37c3f">
      <Execution id="578414ae-06fe-4098-a977-f4a060ccb9b1" />
      <TestMethod codeBase="/home/runner/work/Crud/Crud/test/Tests.Integration.Backend/bin/Release/net8.0/Tests.Integration.Backend.dll" adapterTypeName="executor://xunit/VsTestRunner2/netcoreapp" className="Tests.Integration.Backend.Controllers.WallsControllerTests" name="POST_Walls_Should_Return_400_For_Invalid_Data" />
    </UnitTest>
    <UnitTest name="Tests.Integration.Backend.Controllers.ApiHealthTests.All_Controllers_Should_Be_Accessible(endpoint: &quot;/api/windows&quot;)" storage="/home/runner/work/crud/crud/test/tests.integration.backend/bin/release/net8.0/tests.integration.backend.dll" id="516b5511-ab51-be62-9f5e-ce253f082ce3">
      <Execution id="b43b03dd-ee34-4552-9078-e88ed5093886" />
      <TestMethod codeBase="/home/runner/work/Crud/Crud/test/Tests.Integration.Backend/bin/Release/net8.0/Tests.Integration.Backend.dll" adapterTypeName="executor://xunit/VsTestRunner2/netcoreapp" className="Tests.Integration.Backend.Controllers.ApiHealthTests" name="All_Controllers_Should_Be_Accessible" />
    </UnitTest>
    <UnitTest name="Tests.Integration.Backend.E2E.AuthenticationE2ETests.Login_Should_Fail_With_Invalid_Credentials" storage="/home/runner/work/crud/crud/test/tests.integration.backend/bin/release/net8.0/tests.integration.backend.dll" id="ca246cb1-0b00-e31f-8cae-0e70703e829e">
      <Execution id="91608af6-a364-4b35-8ceb-4e1598f96768" />
      <TestMethod codeBase="/home/runner/work/Crud/Crud/test/Tests.Integration.Backend/bin/Release/net8.0/Tests.Integration.Backend.dll" adapterTypeName="executor://xunit/VsTestRunner2/netcoreapp" className="Tests.Integration.Backend.E2E.AuthenticationE2ETests" name="Login_Should_Fail_With_Invalid_Credentials" />
    </UnitTest>
    <UnitTest name="Tests.Integration.Backend.Controllers.PeopleControllerTests.DELETE_People_Should_Return_204_For_NonExistent_Person" storage="/home/runner/work/crud/crud/test/tests.integration.backend/bin/release/net8.0/tests.integration.backend.dll" id="3ae9a197-02ed-3bf8-219d-823a522da5f1">
      <Execution id="9cd12839-60ba-48b8-b155-219e9faae5a1" />
      <TestMethod codeBase="/home/runner/work/Crud/Crud/test/Tests.Integration.Backend/bin/Release/net8.0/Tests.Integration.Backend.dll" adapterTypeName="executor://xunit/VsTestRunner2/netcoreapp" className="Tests.Integration.Backend.Controllers.PeopleControllerTests" name="DELETE_People_Should_Return_204_For_NonExistent_Person" />
    </UnitTest>
    <UnitTest name="Tests.Integration.Backend.Controllers.RolesControllerTests.GET_Roles_Should_Return_Empty_List_Initially" storage="/home/runner/work/crud/crud/test/tests.integration.backend/bin/release/net8.0/tests.integration.backend.dll" id="59c1b068-0fcd-d32e-da01-b21421cb74d4">
      <Execution id="fbcf3385-1ec1-4608-8493-e394623e6e5f" />
      <TestMethod codeBase="/home/runner/work/Crud/Crud/test/Tests.Integration.Backend/bin/Release/net8.0/Tests.Integration.Backend.dll" adapterTypeName="executor://xunit/VsTestRunner2/netcoreapp" className="Tests.Integration.Backend.Controllers.RolesControllerTests" name="GET_Roles_Should_Return_Empty_List_Initially" />
    </UnitTest>
    <UnitTest name="Tests.Integration.Backend.Controllers.AuthControllerPasswordResetTests.Complete_Password_Reset_Workflow_Should_Work" storage="/home/runner/work/crud/crud/test/tests.integration.backend/bin/release/net8.0/tests.integration.backend.dll" id="55dddd7e-5762-c034-d77c-c5f90ba94706">
      <Execution id="bf0f0262-fa47-40f0-927c-235519c0cdc7" />
      <TestMethod codeBase="/home/runner/work/Crud/Crud/test/Tests.Integration.Backend/bin/Release/net8.0/Tests.Integration.Backend.dll" adapterTypeName="executor://xunit/VsTestRunner2/netcoreapp" className="Tests.Integration.Backend.Controllers.AuthControllerPasswordResetTests" name="Complete_Password_Reset_Workflow_Should_Work" />
    </UnitTest>
    <UnitTest name="Tests.Integration.Backend.Controllers.WindowsControllerTests.GET_Windows_Should_Return_All_Windows" storage="/home/runner/work/crud/crud/test/tests.integration.backend/bin/release/net8.0/tests.integration.backend.dll" id="d9ffd841-a3fd-b913-e8c1-55347431d17d">
      <Execution id="eba6583e-dc9a-4c13-b521-b9e9f3f261cb" />
      <TestMethod codeBase="/home/runner/work/Crud/Crud/test/Tests.Integration.Backend/bin/Release/net8.0/Tests.Integration.Backend.dll" adapterTypeName="executor://xunit/VsTestRunner2/netcoreapp" className="Tests.Integration.Backend.Controllers.WindowsControllerTests" name="GET_Windows_Should_Return_All_Windows" />
    </UnitTest>
    <UnitTest name="Tests.Integration.Backend.Controllers.DatabaseControllerTests.POST_Database_Reset_Should_Return_Unauthorized_Without_Valid_Token" storage="/home/runner/work/crud/crud/test/tests.integration.backend/bin/release/net8.0/tests.integration.backend.dll" id="b5dacbe5-c50b-ea4a-e128-040bd713ffe8">
      <Execution id="d2ea794c-4883-4687-aef0-a2a067b42ed5" />
      <TestMethod codeBase="/home/runner/work/Crud/Crud/test/Tests.Integration.Backend/bin/Release/net8.0/Tests.Integration.Backend.dll" adapterTypeName="executor://xunit/VsTestRunner2/netcoreapp" className="Tests.Integration.Backend.Controllers.DatabaseControllerTests" name="POST_Database_Reset_Should_Return_Unauthorized_Without_Valid_Token" />
    </UnitTest>
    <UnitTest name="Tests.Integration.Backend.Controllers.AuthControllerPasswordResetTests.POST_ResetPassword_WithInvalidToken_Should_Return_Error" storage="/home/runner/work/crud/crud/test/tests.integration.backend/bin/release/net8.0/tests.integration.backend.dll" id="87f4b6f2-4d01-15e3-8fa0-456f1577e608">
      <Execution id="7a83db14-89b9-4c09-96fb-bbf8803375a9" />
      <TestMethod codeBase="/home/runner/work/Crud/Crud/test/Tests.Integration.Backend/bin/Release/net8.0/Tests.Integration.Backend.dll" adapterTypeName="executor://xunit/VsTestRunner2/netcoreapp" className="Tests.Integration.Backend.Controllers.AuthControllerPasswordResetTests" name="POST_ResetPassword_WithInvalidToken_Should_Return_Error" />
    </UnitTest>
    <UnitTest name="Tests.Integration.Backend.Controllers.RolesControllerTests.POST_Role_Should_Handle_Null_Description" storage="/home/runner/work/crud/crud/test/tests.integration.backend/bin/release/net8.0/tests.integration.backend.dll" id="48288144-3004-3fb6-5971-16808e53c3e3">
      <Execution id="0059c4a9-d1f8-4bd1-a5a0-d52153990ee5" />
      <TestMethod codeBase="/home/runner/work/Crud/Crud/test/Tests.Integration.Backend/bin/Release/net8.0/Tests.Integration.Backend.dll" adapterTypeName="executor://xunit/VsTestRunner2/netcoreapp" className="Tests.Integration.Backend.Controllers.RolesControllerTests" name="POST_Role_Should_Handle_Null_Description" />
    </UnitTest>
    <UnitTest name="Tests.Integration.Backend.Controllers.ApiHealthTests.All_Endpoints_Should_Support_Expected_HTTP_Methods(method: &quot;POST&quot;, endpoint: &quot;/api/walls&quot;)" storage="/home/runner/work/crud/crud/test/tests.integration.backend/bin/release/net8.0/tests.integration.backend.dll" id="5fe2d973-b7ff-5b61-b9d0-9afdc13b9ebf">
      <Execution id="ae8053e1-8ca9-4e6a-9379-a891929bd86e" />
      <TestMethod codeBase="/home/runner/work/Crud/Crud/test/Tests.Integration.Backend/bin/Release/net8.0/Tests.Integration.Backend.dll" adapterTypeName="executor://xunit/VsTestRunner2/netcoreapp" className="Tests.Integration.Backend.Controllers.ApiHealthTests" name="All_Endpoints_Should_Support_Expected_HTTP_Methods" />
    </UnitTest>
    <UnitTest name="Tests.Integration.Backend.Compression.ResponseCompressionTests.HttpsResponse_ShouldSupportCompression" storage="/home/runner/work/crud/crud/test/tests.integration.backend/bin/release/net8.0/tests.integration.backend.dll" id="d0fa0570-460f-ec62-156b-5af9612d66a8">
      <Execution id="f10fdbfd-990e-444c-a3b9-f2ec0bdd673d" />
      <TestMethod codeBase="/home/runner/work/Crud/Crud/test/Tests.Integration.Backend/bin/Release/net8.0/Tests.Integration.Backend.dll" adapterTypeName="executor://xunit/VsTestRunner2/netcoreapp" className="Tests.Integration.Backend.Compression.ResponseCompressionTests" name="HttpsResponse_ShouldSupportCompression" />
    </UnitTest>
    <UnitTest name="Tests.Integration.Backend.Controllers.DatabaseControllerTests.GET_Database_VerifyIntegrity_Should_Return_Integrity_Check_Result" storage="/home/runner/work/crud/crud/test/tests.integration.backend/bin/release/net8.0/tests.integration.backend.dll" id="ff9b3969-a7f6-2222-47ce-4595f8d0cb7e">
      <Execution id="198d492d-de7f-4ec7-b733-4fe170231f68" />
      <TestMethod codeBase="/home/runner/work/Crud/Crud/test/Tests.Integration.Backend/bin/Release/net8.0/Tests.Integration.Backend.dll" adapterTypeName="executor://xunit/VsTestRunner2/netcoreapp" className="Tests.Integration.Backend.Controllers.DatabaseControllerTests" name="GET_Database_VerifyIntegrity_Should_Return_Integrity_Check_Result" />
    </UnitTest>
    <UnitTest name="Tests.Integration.Backend.Controllers.DatabaseControllerTests.POST_Database_Reset_Should_Reset_Database_With_Valid_Token" storage="/home/runner/work/crud/crud/test/tests.integration.backend/bin/release/net8.0/tests.integration.backend.dll" id="b669f2ae-31fe-37d1-6d74-8de9a66812e1">
      <Execution id="4cf21933-83f5-475a-aa2b-9bc899855e30" />
      <TestMethod codeBase="/home/runner/work/Crud/Crud/test/Tests.Integration.Backend/bin/Release/net8.0/Tests.Integration.Backend.dll" adapterTypeName="executor://xunit/VsTestRunner2/netcoreapp" className="Tests.Integration.Backend.Controllers.DatabaseControllerTests" name="POST_Database_Reset_Should_Reset_Database_With_Valid_Token" />
    </UnitTest>
    <UnitTest name="Tests.Integration.Backend.OutputCaching.CachingE2ETests.CachePerformance_ShouldShowSignificantImprovement" storage="/home/runner/work/crud/crud/test/tests.integration.backend/bin/release/net8.0/tests.integration.backend.dll" id="de79744e-fb76-44fa-6422-be59e037cde5">
      <Execution id="203d7e6f-2531-46f6-8480-2f261a16eb59" />
      <TestMethod codeBase="/home/runner/work/Crud/Crud/test/Tests.Integration.Backend/bin/Release/net8.0/Tests.Integration.Backend.dll" adapterTypeName="executor://xunit/VsTestRunner2/netcoreapp" className="Tests.Integration.Backend.OutputCaching.CachingE2ETests" name="CachePerformance_ShouldShowSignificantImprovement" />
    </UnitTest>
    <UnitTest name="Tests.Integration.Backend.OutputCaching.CacheInvalidationTests.PostWall_ShouldInvalidateWallsCache" storage="/home/runner/work/crud/crud/test/tests.integration.backend/bin/release/net8.0/tests.integration.backend.dll" id="7ad6cdf7-78b9-6f08-7531-fe00a6e266bc">
      <Execution id="62bb2589-ca49-4845-a5e1-e5aeede4b2c5" />
      <TestMethod codeBase="/home/runner/work/Crud/Crud/test/Tests.Integration.Backend/bin/Release/net8.0/Tests.Integration.Backend.dll" adapterTypeName="executor://xunit/VsTestRunner2/netcoreapp" className="Tests.Integration.Backend.OutputCaching.CacheInvalidationTests" name="PostWall_ShouldInvalidateWallsCache" />
    </UnitTest>
    <UnitTest name="Tests.Integration.Backend.Compression.StaticFileCompressionTests.CssFile_ShouldBeCompressed_WhenClientSupportsBrotli" storage="/home/runner/work/crud/crud/test/tests.integration.backend/bin/release/net8.0/tests.integration.backend.dll" id="f6484c9f-d44d-28f7-583b-e91d4b7f5382">
      <Execution id="6cb9fd4d-77fa-486e-879a-2c83b591a552" />
      <TestMethod codeBase="/home/runner/work/Crud/Crud/test/Tests.Integration.Backend/bin/Release/net8.0/Tests.Integration.Backend.dll" adapterTypeName="executor://xunit/VsTestRunner2/netcoreapp" className="Tests.Integration.Backend.Compression.StaticFileCompressionTests" name="CssFile_ShouldBeCompressed_WhenClientSupportsBrotli" />
    </UnitTest>
    <UnitTest name="Tests.Integration.Backend.OutputCaching.CachingE2ETests.ConcurrentRequests_ShouldBeCachedEfficiently" storage="/home/runner/work/crud/crud/test/tests.integration.backend/bin/release/net8.0/tests.integration.backend.dll" id="fb20298c-4879-8f71-4e88-e39a0110f3e6">
      <Execution id="ffbb9f78-ef1e-48d7-afe5-7fdf624de4a0" />
      <TestMethod codeBase="/home/runner/work/Crud/Crud/test/Tests.Integration.Backend/bin/Release/net8.0/Tests.Integration.Backend.dll" adapterTypeName="executor://xunit/VsTestRunner2/netcoreapp" className="Tests.Integration.Backend.OutputCaching.CachingE2ETests" name="ConcurrentRequests_ShouldBeCachedEfficiently" />
    </UnitTest>
  </TestDefinitions>
  <TestEntries>
    <TestEntry testId="17dbb37c-0ae3-4711-733a-8ec5b81611d9" executionId="c416a003-395d-4ed9-8584-504649aae86e" testListId="8c84fa94-04c1-424b-9868-57a2d4851a1d" />
    <TestEntry testId="41b3b4e1-06a8-534f-90a6-fb2576f3807d" executionId="2c04a2d8-721d-49db-8076-3e916db0e31a" testListId="8c84fa94-04c1-424b-9868-57a2d4851a1d" />
    <TestEntry testId="84be9167-1ae7-c4b1-fa12-da145604b354" executionId="ac02f7d0-90ba-4905-b8b9-2c4bc2831acc" testListId="8c84fa94-04c1-424b-9868-57a2d4851a1d" />
    <TestEntry testId="47bac687-f373-0ca2-6e08-37ce4bb5fb7e" executionId="d7328190-7937-46c7-af3b-557f9381331a" testListId="8c84fa94-04c1-424b-9868-57a2d4851a1d" />
    <TestEntry testId="187ff446-ae11-3e2e-df34-66d33f545ac9" executionId="51f703b7-38c9-441b-8d26-57337ecd0d15" testListId="8c84fa94-04c1-424b-9868-57a2d4851a1d" />
    <TestEntry testId="89abbdd3-2d4a-032e-64a6-9a76add4cdf5" executionId="f6fe6323-d7d5-4b44-99bd-ec1154d0e32d" testListId="8c84fa94-04c1-424b-9868-57a2d4851a1d" />
    <TestEntry testId="02f305ed-30cd-4399-cb1c-75d62f144801" executionId="91b99a91-ce11-40df-9646-29a49e6f7a80" testListId="8c84fa94-04c1-424b-9868-57a2d4851a1d" />
    <TestEntry testId="d962a0d7-c5e8-e659-8957-69cdfae1f523" executionId="55e074d2-62ab-4abc-881d-e9ab847f68d8" testListId="8c84fa94-04c1-424b-9868-57a2d4851a1d" />
    <TestEntry testId="d4d4848b-8d11-cc53-4c2f-7b3836864b98" executionId="077624f5-3e29-4ff1-b0d2-f060ca3e90ca" testListId="8c84fa94-04c1-424b-9868-57a2d4851a1d" />
    <TestEntry testId="4fb3036c-0d92-3b62-20b9-33331422414d" executionId="bde38322-3e59-4c4e-87ee-81d17f42749f" testListId="8c84fa94-04c1-424b-9868-57a2d4851a1d" />
    <TestEntry testId="5b94e67b-8161-a4c1-a97f-c638ed8f05ba" executionId="cedb7a62-2520-4150-b189-2d13cb8f8cb6" testListId="8c84fa94-04c1-424b-9868-57a2d4851a1d" />
    <TestEntry testId="cce4bcb7-a8a4-30d2-f887-eca92f2b74be" executionId="a0c1c339-2f1a-4767-ab20-931345239780" testListId="8c84fa94-04c1-424b-9868-57a2d4851a1d" />
    <TestEntry testId="3f2238c8-a9eb-4aa1-b9fa-c736db0a92cb" executionId="4c32d7db-4b38-40e7-8ed2-17ff495704b4" testListId="8c84fa94-04c1-424b-9868-57a2d4851a1d" />
    <TestEntry testId="dfaed238-70c1-ab80-405a-08edfd13c1ba" executionId="4e8e118d-b120-4207-bd73-5bfbf2a8cfbd" testListId="8c84fa94-04c1-424b-9868-57a2d4851a1d" />
    <TestEntry testId="34d6d731-abe6-2c2d-f525-44f047db1777" executionId="2e666777-14b0-40e5-b268-b43284592188" testListId="8c84fa94-04c1-424b-9868-57a2d4851a1d" />
    <TestEntry testId="43b9d173-0889-c0cd-91e8-55b0783b32ae" executionId="8d65087f-242e-407a-9b4a-89d262c6ed72" testListId="8c84fa94-04c1-424b-9868-57a2d4851a1d" />
    <TestEntry testId="47dc67ee-ce10-2cea-0c24-ab118e917beb" executionId="cbb60a02-f93b-49e7-a9a9-ebc61c3c822a" testListId="8c84fa94-04c1-424b-9868-57a2d4851a1d" />
    <TestEntry testId="927ecc12-27fc-afb1-a7a2-a42476361110" executionId="dc6787a4-13d8-4da3-a3b2-ef5c9eaf2665" testListId="8c84fa94-04c1-424b-9868-57a2d4851a1d" />
    <TestEntry testId="9c4bd49d-31a4-6530-0f02-8fe23a54becf" executionId="ad8e41a7-bc3d-4596-b849-96f6c9342182" testListId="8c84fa94-04c1-424b-9868-57a2d4851a1d" />
    <TestEntry testId="8e410b3f-ed9f-5189-87a9-0a81e42ccd93" executionId="e5f6be9b-729f-4de6-ac7e-f1ae2bb9596c" testListId="8c84fa94-04c1-424b-9868-57a2d4851a1d" />
    <TestEntry testId="494ff55a-87c7-5f37-d44c-a6dbdeeb90c7" executionId="9c1a9415-8077-4fd5-b43e-0d6125dc5b37" testListId="8c84fa94-04c1-424b-9868-57a2d4851a1d" />
    <TestEntry testId="76fbe764-5e84-e751-cc4c-187af70eca54" executionId="ed68e546-90db-46d8-a32f-11438ce3eaca" testListId="8c84fa94-04c1-424b-9868-57a2d4851a1d" />
    <TestEntry testId="a607d0ef-948b-6788-8be8-6f42840aa828" executionId="57d204a6-2c63-468a-ace9-8f0b9dd5bac0" testListId="8c84fa94-04c1-424b-9868-57a2d4851a1d" />
    <TestEntry testId="d818e0b1-081a-89e5-4910-f245961c9079" executionId="2692b2fa-dd09-41e5-b1ef-d8bf4eb7744a" testListId="8c84fa94-04c1-424b-9868-57a2d4851a1d" />
    <TestEntry testId="0dfe4e62-1a92-361e-05c3-42444e197ce6" executionId="567197f0-ee81-4e42-abc6-3b01c72b6ffc" testListId="8c84fa94-04c1-424b-9868-57a2d4851a1d" />
    <TestEntry testId="6ab30ede-2d43-e3c2-d85a-058d5fd2dee1" executionId="8f88f816-887c-4491-be3e-bb7b43d4ddd3" testListId="8c84fa94-04c1-424b-9868-57a2d4851a1d" />
    <TestEntry testId="a6bb128b-1161-cbb2-5ff4-da08f9a71fbf" executionId="2f785858-2d26-4de3-9e6e-a66a404b428e" testListId="8c84fa94-04c1-424b-9868-57a2d4851a1d" />
    <TestEntry testId="74823db9-4157-34a3-9710-5272b5fb4159" executionId="a63eec43-dcdc-4b02-af9d-81e14d851d86" testListId="8c84fa94-04c1-424b-9868-57a2d4851a1d" />
    <TestEntry testId="60a682be-767f-9c17-a43b-33d1adbef252" executionId="7ae14b05-7dc3-4863-8c0c-7558b9e2cd1c" testListId="8c84fa94-04c1-424b-9868-57a2d4851a1d" />
    <TestEntry testId="d9ffd841-a3fd-b913-e8c1-55347431d17d" executionId="eba6583e-dc9a-4c13-b521-b9e9f3f261cb" testListId="8c84fa94-04c1-424b-9868-57a2d4851a1d" />
    <TestEntry testId="e9e2b921-0a1d-aae8-34e0-f52557170fc1" executionId="3498994a-5538-4584-a132-44321fd1f13c" testListId="8c84fa94-04c1-424b-9868-57a2d4851a1d" />
    <TestEntry testId="3aa435ad-a9a4-65ee-4bc9-21f73753b103" executionId="534cfd9a-a50e-457e-a6b5-3ee2422bb1fb" testListId="8c84fa94-04c1-424b-9868-57a2d4851a1d" />
    <TestEntry testId="d0fa0570-460f-ec62-156b-5af9612d66a8" executionId="f10fdbfd-990e-444c-a3b9-f2ec0bdd673d" testListId="8c84fa94-04c1-424b-9868-57a2d4851a1d" />
    <TestEntry testId="2bf8b19c-cf08-fc4d-1420-d095f4b1337b" executionId="689e2107-8e00-417c-90fa-cb546b6486ba" testListId="8c84fa94-04c1-424b-9868-57a2d4851a1d" />
    <TestEntry testId="1089b26f-11d1-1b14-2fb8-2326613cba50" executionId="dbeac06d-3729-4dea-84a1-dbc82eeb5299" testListId="8c84fa94-04c1-424b-9868-57a2d4851a1d" />
    <TestEntry testId="96921323-114c-162a-b25a-d2db1a76a43f" executionId="bdb5daa9-1b80-485b-986e-af03d577d172" testListId="8c84fa94-04c1-424b-9868-57a2d4851a1d" />
    <TestEntry testId="8b7765b0-2273-0340-cca9-006e0a342472" executionId="00448a48-0eff-4bb3-b169-da34609dc16e" testListId="8c84fa94-04c1-424b-9868-57a2d4851a1d" />
    <TestEntry testId="d513fe07-1dc8-1c74-2c21-98142b85dcfb" executionId="a2492c11-d78c-49ab-b80c-c26def0a24e1" testListId="8c84fa94-04c1-424b-9868-57a2d4851a1d" />
    <TestEntry testId="a52f36e0-aa87-4104-3036-3d7d9607f688" executionId="4c12d495-8d0a-484d-8109-55b14ca4130a" testListId="8c84fa94-04c1-424b-9868-57a2d4851a1d" />
    <TestEntry testId="fce1fb25-ab7d-1dd5-5d83-ba39255b0e9a" executionId="1a08ebf3-4aec-4967-a6b0-2aeb5bd7f4bd" testListId="8c84fa94-04c1-424b-9868-57a2d4851a1d" />
    <TestEntry testId="3b2e3bce-af10-026c-a2ca-d924efcd601d" executionId="d1558972-f227-4e98-a0a2-9c1145778bc6" testListId="8c84fa94-04c1-424b-9868-57a2d4851a1d" />
    <TestEntry testId="78b405b2-a7b4-22cc-fd25-19657615e9ba" executionId="cdd281f1-4209-4ec4-a0e6-991a2abf53f2" testListId="8c84fa94-04c1-424b-9868-57a2d4851a1d" />
    <TestEntry testId="e883dfad-5803-12bb-5b1f-de2527fafd69" executionId="160bba77-39ac-41ad-8f1f-b0a4800b2279" testListId="8c84fa94-04c1-424b-9868-57a2d4851a1d" />
    <TestEntry testId="e164b20e-2591-89f8-06fb-740275819de8" executionId="2310c491-82ef-4cdc-a5d8-c5d7207b68b1" testListId="8c84fa94-04c1-424b-9868-57a2d4851a1d" />
    <TestEntry testId="7ad6cdf7-78b9-6f08-7531-fe00a6e266bc" executionId="62bb2589-ca49-4845-a5e1-e5aeede4b2c5" testListId="8c84fa94-04c1-424b-9868-57a2d4851a1d" />
    <TestEntry testId="dc62b2c0-66b3-fee4-dcd7-e086c4c46187" executionId="930c1397-4712-4f8c-a1d1-4067ea9a07c8" testListId="8c84fa94-04c1-424b-9868-57a2d4851a1d" />
    <TestEntry testId="a509d6b0-b691-0a3b-74c8-b5408578a6d5" executionId="fa32b9c6-d52d-4171-80df-42d9c69ef348" testListId="8c84fa94-04c1-424b-9868-57a2d4851a1d" />
    <TestEntry testId="5d6d527c-ff6b-65d9-2afb-cc1214f1f646" executionId="5233df8e-22bf-4178-a9dc-8793d944d973" testListId="8c84fa94-04c1-424b-9868-57a2d4851a1d" />
    <TestEntry testId="33b821d5-726b-640c-d1cd-04721e7e48d9" executionId="732313bc-0d28-4435-b274-9e2c7d2e1b73" testListId="8c84fa94-04c1-424b-9868-57a2d4851a1d" />
    <TestEntry testId="1a8b33fa-e8e7-c5c8-b527-0b5fd94498f4" executionId="a068d756-57d4-4ed4-acfc-7f6ce253e57c" testListId="8c84fa94-04c1-424b-9868-57a2d4851a1d" />
    <TestEntry testId="ab17e4f5-654f-3749-a1be-206a5019e954" executionId="0d6dace6-17e4-4149-94cd-cacf8797297e" testListId="8c84fa94-04c1-424b-9868-57a2d4851a1d" />
    <TestEntry testId="abfa73e9-0257-16cb-29aa-f2c99faf213f" executionId="061b8a76-6260-45e7-bd7b-edc443c986a4" testListId="8c84fa94-04c1-424b-9868-57a2d4851a1d" />
    <TestEntry testId="7810a33a-ed10-21b4-237d-f07ca1a37883" executionId="3ad00495-798e-4c52-bd05-59074c1486cb" testListId="8c84fa94-04c1-424b-9868-57a2d4851a1d" />
    <TestEntry testId="20b78283-04d3-fc47-1574-93af6fec32ea" executionId="2284200a-4889-493d-984a-d6e64634b631" testListId="8c84fa94-04c1-424b-9868-57a2d4851a1d" />
    <TestEntry testId="19212179-02a1-0bfe-fef4-7e3682270e04" executionId="1430dc8f-f2f8-460b-babd-91ad5367c6f7" testListId="8c84fa94-04c1-424b-9868-57a2d4851a1d" />
    <TestEntry testId="06054800-c7da-a693-e1d3-d81d35d825c2" executionId="6bea6fb8-3e03-4c3d-a672-895d71c5bc34" testListId="8c84fa94-04c1-424b-9868-57a2d4851a1d" />
    <TestEntry testId="42775960-58e6-9486-14ff-996dea311598" executionId="54e6b2ed-eee3-41d0-83cf-89634f26de59" testListId="8c84fa94-04c1-424b-9868-57a2d4851a1d" />
    <TestEntry testId="7ef81c0c-3038-9435-7857-ab17f80f7cdb" executionId="83d63981-0337-4593-8cb0-022f17ff9beb" testListId="8c84fa94-04c1-424b-9868-57a2d4851a1d" />
    <TestEntry testId="aaddc149-d8b9-e302-ef68-034ece67c17b" executionId="c1a9a900-29cc-4624-98e1-e97c26db3eb2" testListId="8c84fa94-04c1-424b-9868-57a2d4851a1d" />
    <TestEntry testId="9805b897-cbb6-397d-b557-62afcb8b9211" executionId="56085817-1c93-482d-a7e0-b8e27794867a" testListId="8c84fa94-04c1-424b-9868-57a2d4851a1d" />
    <TestEntry testId="e3433c1d-41f7-b660-a894-db56a9b283f4" executionId="1561a319-6b9d-4083-8c1a-6c25c81cfb64" testListId="8c84fa94-04c1-424b-9868-57a2d4851a1d" />
    <TestEntry testId="437f9b9e-301b-15b7-f72b-040911d1fd97" executionId="766c8f34-e255-44b3-bb1e-b8fc5ad1394e" testListId="8c84fa94-04c1-424b-9868-57a2d4851a1d" />
    <TestEntry testId="a46a2a4d-c658-0cec-efdf-8b3a220df306" executionId="877d8aff-67e5-4cb1-8cff-26d4df53847b" testListId="8c84fa94-04c1-424b-9868-57a2d4851a1d" />
    <TestEntry testId="de79744e-fb76-44fa-6422-be59e037cde5" executionId="203d7e6f-2531-46f6-8480-2f261a16eb59" testListId="8c84fa94-04c1-424b-9868-57a2d4851a1d" />
    <TestEntry testId="aeaaee5e-bc09-54e8-9ec4-6c4cdf3ce87c" executionId="76c141ff-ef88-47a2-9ec8-7283a7ad2cb7" testListId="8c84fa94-04c1-424b-9868-57a2d4851a1d" />
    <TestEntry testId="74c46e58-3df7-a0cc-53b5-5247c5480908" executionId="14ef8e53-20f2-4bc3-a4da-0a3c7e70bbf6" testListId="8c84fa94-04c1-424b-9868-57a2d4851a1d" />
    <TestEntry testId="3a356b3b-e4e2-4f05-db20-65ad8602bd3c" executionId="050b51c8-1265-4b99-8821-b5c6dfc81654" testListId="8c84fa94-04c1-424b-9868-57a2d4851a1d" />
    <TestEntry testId="fd587af6-8ac9-79bb-4579-c4177d8d0828" executionId="498c74df-9938-449d-9439-7c58bd0625ec" testListId="8c84fa94-04c1-424b-9868-57a2d4851a1d" />
    <TestEntry testId="095ad9f7-04a5-8bcb-02fd-fdd6dab3a934" executionId="861cf92f-a850-4401-8c49-e4ba0f566dee" testListId="8c84fa94-04c1-424b-9868-57a2d4851a1d" />
    <TestEntry testId="f8a89fdf-3bc2-915a-c2bf-5b68e643a78c" executionId="e9164f2a-924a-4222-8e66-917dba9283b3" testListId="8c84fa94-04c1-424b-9868-57a2d4851a1d" />
    <TestEntry testId="b7cda526-0758-c938-af92-6a6e25e8efc9" executionId="3a93647f-c9f3-4a7f-b426-c7a6185e7738" testListId="8c84fa94-04c1-424b-9868-57a2d4851a1d" />
    <TestEntry testId="4fd1e2d8-0d90-8547-c5f7-6f4689c0269c" executionId="b413f6bf-1df8-4e3e-8595-5842f9ef9e1d" testListId="8c84fa94-04c1-424b-9868-57a2d4851a1d" />
    <TestEntry testId="6701ad16-b836-ee76-0566-4e5adb91c861" executionId="5205eb89-2350-40e9-8a3f-b89462af3357" testListId="8c84fa94-04c1-424b-9868-57a2d4851a1d" />
    <TestEntry testId="b5dacbe5-c50b-ea4a-e128-040bd713ffe8" executionId="d2ea794c-4883-4687-aef0-a2a067b42ed5" testListId="8c84fa94-04c1-424b-9868-57a2d4851a1d" />
    <TestEntry testId="3ff5fdb0-8488-3e48-6905-fa8bdf7eaa4c" executionId="438ae501-f9f2-46f0-9299-03ca21e68eae" testListId="8c84fa94-04c1-424b-9868-57a2d4851a1d" />
    <TestEntry testId="0786cd9f-2220-51d9-4156-4d742eda00d4" executionId="c0d4821e-9665-4b75-a5ba-bc201526853b" testListId="8c84fa94-04c1-424b-9868-57a2d4851a1d" />
    <TestEntry testId="5128edc8-60ad-8628-2a75-9feb9f8f888b" executionId="27e2b82f-ded8-4af2-bdb8-aa815a26bd53" testListId="8c84fa94-04c1-424b-9868-57a2d4851a1d" />
    <TestEntry testId="41b359b4-fccb-bafc-c2ca-d65a5df61c20" executionId="4a620aa9-7935-47a1-acc5-9f86885bb67b" testListId="8c84fa94-04c1-424b-9868-57a2d4851a1d" />
    <TestEntry testId="9f4c88b5-75b1-89cf-0e7e-8e0e67eff9e0" executionId="783f92eb-30e4-449e-aba6-24f6db421fac" testListId="8c84fa94-04c1-424b-9868-57a2d4851a1d" />
    <TestEntry testId="1dbf163c-bf18-d62c-e932-92ef9d3bc71a" executionId="b1a8273d-f090-4821-9397-0a321bfaeaa5" testListId="8c84fa94-04c1-424b-9868-57a2d4851a1d" />
    <TestEntry testId="fb20298c-4879-8f71-4e88-e39a0110f3e6" executionId="ffbb9f78-ef1e-48d7-afe5-7fdf624de4a0" testListId="8c84fa94-04c1-424b-9868-57a2d4851a1d" />
    <TestEntry testId="cca41772-191f-0a82-bb6f-ddd4fb32e2c7" executionId="7d00fd36-fe87-4358-b3b9-cc7451e86826" testListId="8c84fa94-04c1-424b-9868-57a2d4851a1d" />
    <TestEntry testId="3c9c11b5-6967-f47a-cfd8-d22458fa9229" executionId="50b2a0d0-d594-459d-95a5-8dec0da789e6" testListId="8c84fa94-04c1-424b-9868-57a2d4851a1d" />
    <TestEntry testId="cbf0626f-7167-adff-b20c-96cc3cdf6ce9" executionId="49b21b62-442a-4379-8048-9462ff3feb7a" testListId="8c84fa94-04c1-424b-9868-57a2d4851a1d" />
    <TestEntry testId="410da1bb-0033-e445-230e-baa696a924ac" executionId="40c7b74d-b122-44b4-9564-39efb5c0fb1b" testListId="8c84fa94-04c1-424b-9868-57a2d4851a1d" />
    <TestEntry testId="c1e9fd41-ccc9-89c1-34d7-2e348277c312" executionId="fd396bd6-1ea4-489a-b2c2-0fa388597894" testListId="8c84fa94-04c1-424b-9868-57a2d4851a1d" />
    <TestEntry testId="4b80b6dd-af6e-92d9-97c9-a8c31eb301db" executionId="0fc19491-a13c-406a-9053-0b5adf4abb51" testListId="8c84fa94-04c1-424b-9868-57a2d4851a1d" />
    <TestEntry testId="575d783b-dbc0-13f3-17de-767c6d0c6111" executionId="15c968f9-dc97-4dcf-b434-6d2beada2325" testListId="8c84fa94-04c1-424b-9868-57a2d4851a1d" />
    <TestEntry testId="41853896-8f31-97ce-b78f-41cf4c24e045" executionId="9b1d1b7b-89b9-4df9-868a-d2ceab0bbc89" testListId="8c84fa94-04c1-424b-9868-57a2d4851a1d" />
    <TestEntry testId="b669f2ae-31fe-37d1-6d74-8de9a66812e1" executionId="4cf21933-83f5-475a-aa2b-9bc899855e30" testListId="8c84fa94-04c1-424b-9868-57a2d4851a1d" />
    <TestEntry testId="5915cbaf-7ed1-cbfd-2c81-4746833e58cd" executionId="21e62f39-67e4-4269-ac41-318ca00e39a3" testListId="8c84fa94-04c1-424b-9868-57a2d4851a1d" />
    <TestEntry testId="55dddd7e-5762-c034-d77c-c5f90ba94706" executionId="bf0f0262-fa47-40f0-927c-235519c0cdc7" testListId="8c84fa94-04c1-424b-9868-57a2d4851a1d" />
    <TestEntry testId="8231f168-9927-9d00-f91d-f5006f875a5b" executionId="d691ca62-84e2-4038-80c3-21b24f1c4555" testListId="8c84fa94-04c1-424b-9868-57a2d4851a1d" />
    <TestEntry testId="0853ac09-c300-33d5-e3a7-a607360126ba" executionId="2cffe5ae-4a55-4ecc-b5d2-cade34de1808" testListId="8c84fa94-04c1-424b-9868-57a2d4851a1d" />
    <TestEntry testId="01f8b1a1-47e4-68c0-8cf3-4a745a731823" executionId="b2cbe9d7-6f77-4855-ae0e-201e070117e7" testListId="8c84fa94-04c1-424b-9868-57a2d4851a1d" />
    <TestEntry testId="58a8f096-af1a-ba52-8cf7-4f27a22072be" executionId="a33cbca7-e290-4c47-ac2b-dcb349e5a939" testListId="8c84fa94-04c1-424b-9868-57a2d4851a1d" />
    <TestEntry testId="4ca138d0-3af0-bb0b-3bfb-df9507be5ed5" executionId="7e2d8da5-7fcd-46c2-b968-49ae5e3cf469" testListId="8c84fa94-04c1-424b-9868-57a2d4851a1d" />
    <TestEntry testId="b7695dc8-52d4-1e66-b81e-a27de7f041fc" executionId="f710e4f4-efa3-4700-8ef2-2f912c9910f8" testListId="8c84fa94-04c1-424b-9868-57a2d4851a1d" />
    <TestEntry testId="7bc10e4f-5a04-518e-0136-35873081b204" executionId="76111826-a1e9-4a4a-8675-26ace32825da" testListId="8c84fa94-04c1-424b-9868-57a2d4851a1d" />
    <TestEntry testId="bc4ebe26-634c-986e-8a8c-e92c2437e06a" executionId="78956f52-a9ea-4d0d-9b83-cc48b795a113" testListId="8c84fa94-04c1-424b-9868-57a2d4851a1d" />
    <TestEntry testId="4e4996c7-f4bf-6a3f-b2c5-de38dd6676bb" executionId="6a87eb56-a660-4157-96ef-1a313e9b99e8" testListId="8c84fa94-04c1-424b-9868-57a2d4851a1d" />
    <TestEntry testId="79e70e1e-8075-8996-1211-c6d54a3d9ffa" executionId="034d9746-4217-4ed1-8853-b11e73102317" testListId="8c84fa94-04c1-424b-9868-57a2d4851a1d" />
    <TestEntry testId="9be21e93-9fc5-d98c-6abd-02370621f63e" executionId="2ce410d5-41cf-4e88-9c21-ba6a49a14a96" testListId="8c84fa94-04c1-424b-9868-57a2d4851a1d" />
    <TestEntry testId="dc3d8a1b-91eb-4926-ce54-153010e68cad" executionId="bfb9988f-eb0a-4445-91f0-2e903dd83f53" testListId="8c84fa94-04c1-424b-9868-57a2d4851a1d" />
    <TestEntry testId="ff9b3969-a7f6-2222-47ce-4595f8d0cb7e" executionId="198d492d-de7f-4ec7-b733-4fe170231f68" testListId="8c84fa94-04c1-424b-9868-57a2d4851a1d" />
    <TestEntry testId="48288144-3004-3fb6-5971-16808e53c3e3" executionId="0059c4a9-d1f8-4bd1-a5a0-d52153990ee5" testListId="8c84fa94-04c1-424b-9868-57a2d4851a1d" />
    <TestEntry testId="cc1dc38d-e485-bd07-2880-7ffdde1c97ec" executionId="ca5291ac-b4eb-40b6-b343-cb69be47410d" testListId="8c84fa94-04c1-424b-9868-57a2d4851a1d" />
    <TestEntry testId="59c1b068-0fcd-d32e-da01-b21421cb74d4" executionId="fbcf3385-1ec1-4608-8493-e394623e6e5f" testListId="8c84fa94-04c1-424b-9868-57a2d4851a1d" />
    <TestEntry testId="06592b62-9486-dc14-09e9-81aa1f2eb0eb" executionId="b0ba03d2-5b0e-4336-b732-967c46a3d4ad" testListId="8c84fa94-04c1-424b-9868-57a2d4851a1d" />
    <TestEntry testId="e4619fb0-2f02-c154-40bc-f54ee36b9b38" executionId="8983c0e2-d41c-45cb-97b4-4c2871384b99" testListId="8c84fa94-04c1-424b-9868-57a2d4851a1d" />
    <TestEntry testId="696a1e18-7066-ca21-55a7-645fa8e1a26a" executionId="c64e2e84-0517-45aa-a757-1fe2daf80f22" testListId="8c84fa94-04c1-424b-9868-57a2d4851a1d" />
    <TestEntry testId="1c428206-078b-ef8a-981a-72b75853f6ff" executionId="bb236300-1373-42a9-9774-5ae8c0980ae7" testListId="8c84fa94-04c1-424b-9868-57a2d4851a1d" />
    <TestEntry testId="f7ccf265-e80b-872a-2ee9-60a9a3351b24" executionId="801e8b34-739e-4201-9bf8-481bbeeac6dc" testListId="8c84fa94-04c1-424b-9868-57a2d4851a1d" />
    <TestEntry testId="3c12eda2-b3ce-445c-ab96-ec2f1aa7f5f7" executionId="d2793b2f-3845-47f5-8e53-95e3b0653cc2" testListId="8c84fa94-04c1-424b-9868-57a2d4851a1d" />
    <TestEntry testId="bc66b42a-da4a-96c7-2103-52f52cf67ffd" executionId="46cec991-86b5-4333-a51d-95a029740e92" testListId="8c84fa94-04c1-424b-9868-57a2d4851a1d" />
    <TestEntry testId="f6484c9f-d44d-28f7-583b-e91d4b7f5382" executionId="6cb9fd4d-77fa-486e-879a-2c83b591a552" testListId="8c84fa94-04c1-424b-9868-57a2d4851a1d" />
    <TestEntry testId="2e2345f0-0d5a-ea86-479d-222f77025a6a" executionId="dbb97a7a-be03-4323-8fcd-cdffc31852d2" testListId="8c84fa94-04c1-424b-9868-57a2d4851a1d" />
    <TestEntry testId="3ae9a197-02ed-3bf8-219d-823a522da5f1" executionId="9cd12839-60ba-48b8-b155-219e9faae5a1" testListId="8c84fa94-04c1-424b-9868-57a2d4851a1d" />
    <TestEntry testId="a5770765-4612-4372-f1a9-727a017fca24" executionId="0999dc7a-03fc-4bad-a775-8f7b14581e8a" testListId="8c84fa94-04c1-424b-9868-57a2d4851a1d" />
    <TestEntry testId="98463f55-b92d-02fc-1e9d-e879206d0dbe" executionId="c1dd2bac-c116-4377-9f3c-75610969fbb0" testListId="8c84fa94-04c1-424b-9868-57a2d4851a1d" />
    <TestEntry testId="cf8a559d-45fb-9221-5781-06292f54735a" executionId="337a0b8f-7810-4418-a637-8ce9f8bafbaa" testListId="8c84fa94-04c1-424b-9868-57a2d4851a1d" />
    <TestEntry testId="3115f456-ece1-1790-9284-157082a1d43c" executionId="ba5c4928-6b91-4147-b3d2-17a9c01f1326" testListId="8c84fa94-04c1-424b-9868-57a2d4851a1d" />
    <TestEntry testId="f63011fd-c6a3-fc9c-0ff5-216045de6e40" executionId="a2b038e0-59c5-4e35-b491-a3772b7e896b" testListId="8c84fa94-04c1-424b-9868-57a2d4851a1d" />
    <TestEntry testId="28caa8d5-c8a9-c82d-9ea0-c02736f0dfd9" executionId="5fba0f32-73b5-4be7-b00b-e5372b794e76" testListId="8c84fa94-04c1-424b-9868-57a2d4851a1d" />
    <TestEntry testId="58d6d3e1-eb4b-146c-6475-5a89377fd38d" executionId="69483667-1c7c-4041-a438-f4e54c9b2fd0" testListId="8c84fa94-04c1-424b-9868-57a2d4851a1d" />
    <TestEntry testId="39e1ba24-0a2a-e8f7-d815-046e06e37c3f" executionId="578414ae-06fe-4098-a977-f4a060ccb9b1" testListId="8c84fa94-04c1-424b-9868-57a2d4851a1d" />
    <TestEntry testId="f7bc3491-94dd-b6b9-3778-9c1a4322e7be" executionId="26beed22-0721-4d4a-ad5c-82ab77eb85f1" testListId="8c84fa94-04c1-424b-9868-57a2d4851a1d" />
    <TestEntry testId="a4e7fe1d-8462-8e20-a217-708cdc9d8f6a" executionId="22af37f7-7b7f-4f57-bcfe-2e8b5e3c849e" testListId="8c84fa94-04c1-424b-9868-57a2d4851a1d" />
    <TestEntry testId="78d2062e-7c45-d260-f795-f1b53c418237" executionId="054d663b-86a1-4ef1-bb82-dc9cd059992b" testListId="8c84fa94-04c1-424b-9868-57a2d4851a1d" />
    <TestEntry testId="25c388e9-4416-bcb2-f5bb-f92fe28b725a" executionId="9e97171f-c467-4273-9bfe-beadd0132c85" testListId="8c84fa94-04c1-424b-9868-57a2d4851a1d" />
    <TestEntry testId="cc336df8-b701-eea1-c754-b46ee3091b03" executionId="82d0a117-1459-47bd-a896-e72713bb817c" testListId="8c84fa94-04c1-424b-9868-57a2d4851a1d" />
    <TestEntry testId="29ba8dce-52f9-1a09-beb5-2c73bb03e4dd" executionId="649b29b4-6384-4275-9d8f-afd249a9e203" testListId="8c84fa94-04c1-424b-9868-57a2d4851a1d" />
    <TestEntry testId="f746e85d-5530-5c7f-8b39-c9d23cfa24b9" executionId="1d0c063b-c465-4921-bf57-1141c58ef482" testListId="8c84fa94-04c1-424b-9868-57a2d4851a1d" />
    <TestEntry testId="53592f08-0da7-0cd5-09c9-a1ba0d87949c" executionId="383674c3-a19c-4223-9a5a-ab0fd70fa1b5" testListId="8c84fa94-04c1-424b-9868-57a2d4851a1d" />
    <TestEntry testId="37ce62cb-c39d-d9d9-9814-53126b8a17ea" executionId="82e4dbcb-ee53-4736-8a7b-66786d96d1cd" testListId="8c84fa94-04c1-424b-9868-57a2d4851a1d" />
    <TestEntry testId="9525fcd3-b949-7544-779c-3d3500ebec99" executionId="09ba5746-6d3f-4f95-8465-ecd5cf34adf1" testListId="8c84fa94-04c1-424b-9868-57a2d4851a1d" />
    <TestEntry testId="297d158e-047c-5612-bd99-21893c5634e4" executionId="9a2c9aa6-cbf3-4120-bfe6-49f7b15bc473" testListId="8c84fa94-04c1-424b-9868-57a2d4851a1d" />
    <TestEntry testId="f06ae6c9-50ad-cafd-2eae-e83fde29317d" executionId="1b813d9b-4edb-4dff-bea2-43ab1d93192d" testListId="8c84fa94-04c1-424b-9868-57a2d4851a1d" />
    <TestEntry testId="dd89f673-671f-182c-819f-0c99c5f63d13" executionId="22ada4cb-d9b6-424c-8adb-82bb0f05734c" testListId="8c84fa94-04c1-424b-9868-57a2d4851a1d" />
    <TestEntry testId="60dfb5c8-db46-6bbb-f8af-46af1d350941" executionId="3193afa4-c350-461a-a1cf-bff2d2abae7d" testListId="8c84fa94-04c1-424b-9868-57a2d4851a1d" />
    <TestEntry testId="67c0dda5-90c3-5662-c072-7db17a34e9f0" executionId="aaa6a283-19f1-4d10-b007-100a7fec1f23" testListId="8c84fa94-04c1-424b-9868-57a2d4851a1d" />
    <TestEntry testId="d52400d3-aadd-aa81-a16e-1863a2b50655" executionId="aaa3269c-28a7-4415-847d-07af20638a63" testListId="8c84fa94-04c1-424b-9868-57a2d4851a1d" />
    <TestEntry testId="97379147-d8b9-39e9-e5ac-c96169fc4948" executionId="d9329e12-901a-4e13-a40f-9f5dd5025ec7" testListId="8c84fa94-04c1-424b-9868-57a2d4851a1d" />
    <TestEntry testId="20da3b3a-c531-7fe5-3776-1e7b0c6c1d26" executionId="d1800d8f-f791-4f91-8c8f-21fdf708eaed" testListId="8c84fa94-04c1-424b-9868-57a2d4851a1d" />
    <TestEntry testId="f48af067-4eb4-5a80-a058-995d81b9c49e" executionId="eda589ea-da8a-4b5b-b520-d29473fa225d" testListId="8c84fa94-04c1-424b-9868-57a2d4851a1d" />
    <TestEntry testId="3a855c55-b695-d057-ad6f-34eef0eb2eae" executionId="b08077cc-ce88-46fb-a0b7-257255a1ca41" testListId="8c84fa94-04c1-424b-9868-57a2d4851a1d" />
    <TestEntry testId="01d0203b-7c6e-72b9-08eb-f1b3242c360c" executionId="7508a782-0274-4df4-9612-648403bba621" testListId="8c84fa94-04c1-424b-9868-57a2d4851a1d" />
    <TestEntry testId="ca246cb1-0b00-e31f-8cae-0e70703e829e" executionId="91608af6-a364-4b35-8ceb-4e1598f96768" testListId="8c84fa94-04c1-424b-9868-57a2d4851a1d" />
    <TestEntry testId="585749df-18b6-91ed-3a17-d18e3a118780" executionId="f53175b5-0b52-4f04-9e89-2a233a7b6bef" testListId="8c84fa94-04c1-424b-9868-57a2d4851a1d" />
    <TestEntry testId="46cfbc2c-72c5-516f-bca0-390b42b51d43" executionId="8e0c004a-0ed5-4f3e-a843-06fed9f0cc5c" testListId="8c84fa94-04c1-424b-9868-57a2d4851a1d" />
    <TestEntry testId="5fe2d973-b7ff-5b61-b9d0-9afdc13b9ebf" executionId="ae8053e1-8ca9-4e6a-9379-a891929bd86e" testListId="8c84fa94-04c1-424b-9868-57a2d4851a1d" />
    <TestEntry testId="8feb6ba1-0aea-ccd4-705a-a363165ab119" executionId="271e0da0-ca94-4247-a1ba-495481df855e" testListId="8c84fa94-04c1-424b-9868-57a2d4851a1d" />
    <TestEntry testId="9ed0881a-ade1-55d1-ff4e-861058b9ed01" executionId="befc7da0-1935-4486-b17f-323632c35a35" testListId="8c84fa94-04c1-424b-9868-57a2d4851a1d" />
    <TestEntry testId="516b5511-ab51-be62-9f5e-ce253f082ce3" executionId="b43b03dd-ee34-4552-9078-e88ed5093886" testListId="8c84fa94-04c1-424b-9868-57a2d4851a1d" />
    <TestEntry testId="f05cedeb-e83b-1e7e-3928-23724172eea5" executionId="50b7a7be-33e1-4d78-8dff-b13cabca062c" testListId="8c84fa94-04c1-424b-9868-57a2d4851a1d" />
    <TestEntry testId="d43526e9-cec8-6f67-27fe-2d630de644f9" executionId="4de10628-4e64-41eb-acdf-cf3304a9148f" testListId="8c84fa94-04c1-424b-9868-57a2d4851a1d" />
    <TestEntry testId="60d93c6a-68de-f18d-ead0-561ac4ded916" executionId="b88d4343-41bf-44e3-b719-b7c3077be4a1" testListId="8c84fa94-04c1-424b-9868-57a2d4851a1d" />
    <TestEntry testId="bd9e404f-7715-359c-e0a9-f0f39ae1a952" executionId="46079ef5-7dcd-44e5-aa63-f8c772b3d7e3" testListId="8c84fa94-04c1-424b-9868-57a2d4851a1d" />
    <TestEntry testId="70e1a820-63f2-9d05-e43e-21258bccb063" executionId="5b88e86e-5b3f-4507-816c-2ec3a4277cb7" testListId="8c84fa94-04c1-424b-9868-57a2d4851a1d" />
    <TestEntry testId="9624bd8d-101a-a0f9-4e88-2b9292a1caad" executionId="7d16ae28-ccf3-468f-85a9-832b8c11fff8" testListId="8c84fa94-04c1-424b-9868-57a2d4851a1d" />
    <TestEntry testId="76f204dd-32a0-ce3a-8917-3041e6ffb334" executionId="9429324b-cce4-45a9-a8ee-1b477589824b" testListId="8c84fa94-04c1-424b-9868-57a2d4851a1d" />
    <TestEntry testId="a0e7a1c4-1639-53f1-ce02-5d2f760332a2" executionId="d9aeae53-38fa-4271-8f9c-2eab1fd739ed" testListId="8c84fa94-04c1-424b-9868-57a2d4851a1d" />
    <TestEntry testId="9fb85c0b-c781-4485-f6e0-88690963221a" executionId="d8c68b03-6de2-44cc-a3cb-1b102b4416da" testListId="8c84fa94-04c1-424b-9868-57a2d4851a1d" />
    <TestEntry testId="5250d740-754a-3ba2-19d9-7b7107d87e03" executionId="e8f7f184-14cb-4baf-bd66-f8ec37ab2b4f" testListId="8c84fa94-04c1-424b-9868-57a2d4851a1d" />
    <TestEntry testId="53a7b40c-019b-3989-42c2-31ec0027eed1" executionId="e804722e-9029-4652-99a0-6ba540884b10" testListId="8c84fa94-04c1-424b-9868-57a2d4851a1d" />
    <TestEntry testId="5ba1ea2b-a035-33f8-2d26-2c5753c3433e" executionId="9620eacf-6bc4-4cde-9cec-b4c93e0fc869" testListId="8c84fa94-04c1-424b-9868-57a2d4851a1d" />
    <TestEntry testId="87f4b6f2-4d01-15e3-8fa0-456f1577e608" executionId="7a83db14-89b9-4c09-96fb-bbf8803375a9" testListId="8c84fa94-04c1-424b-9868-57a2d4851a1d" />
    <TestEntry testId="28a5e352-3d95-d1b8-53ef-7edd0326a49c" executionId="21e2700d-8a1a-4ae8-8922-33c8d653632d" testListId="8c84fa94-04c1-424b-9868-57a2d4851a1d" />
    <TestEntry testId="24b020ea-ff8d-51dc-4354-4d878d866f45" executionId="0bdee0a0-38c3-44b1-b1b3-95ef65290afe" testListId="8c84fa94-04c1-424b-9868-57a2d4851a1d" />
    <TestEntry testId="03a14d36-6f95-8492-bfd4-a25fff2f6772" executionId="24b05088-db31-4dd7-8580-989cb3023fe3" testListId="8c84fa94-04c1-424b-9868-57a2d4851a1d" />
  </TestEntries>
  <TestLists>
    <TestList name="Results Not in a List" id="8c84fa94-04c1-424b-9868-57a2d4851a1d" />
    <TestList name="All Loaded Results" id="19431567-8539-422a-85d7-44ee4e166bda" />
  </TestLists>
  <ResultSummary outcome="Failed">
    <Counters total="170" executed="169" passed="166" failed="3" error="0" timeout="0" aborted="0" inconclusive="0" passedButRunAborted="0" notRunnable="0" notExecuted="0" disconnected="0" warning="0" completed="0" inProgress="0" pending="0" />
    <Output>
      <StdOut>[xUnit.net 00:00:00.00] xUnit.net VSTest Adapter v2.5.3.1+6b60a9e56a (64-bit .NET 8.0.20)
[xUnit.net 00:00:00.09]   Discovering: Tests.Integration.Backend
[xUnit.net 00:00:00.15]   Discovered:  Tests.Integration.Backend
[xUnit.net 00:00:00.15]   Starting:    Tests.Integration.Backend
[05:33:45 INF] Starting Crud API application {"Application": "Crud.Api"}
[05:33:45 INF] Using SQLite provider with connection: Data Source=TestDatabase.db {"Application": "Crud.Api"}
[05:33:46 WRN] Sensitive data logging is enabled. Log entries and exception messages may include sensitive application data; this mode should only be enabled during development. {"EventId": {"Id": 10400, "Name": "Microsoft.EntityFrameworkCore.Infrastructure.SensitiveDataLoggingEnabledWarning"}, "SourceContext": "Microsoft.EntityFrameworkCore.Model.Validation", "Application": "Crud.Api"}
[05:33:46 WRN] The property 'User.Roles' is a collection or enumeration type with a value converter but with no value comparer. Set a value comparer to ensure the collection/enumeration elements are compared correctly. {"EventId": {"Id": 10620, "Name": "Microsoft.EntityFrameworkCore.Model.Validation.CollectionWithoutComparer"}, "SourceContext": "Microsoft.EntityFrameworkCore.Model.Validation", "Application": "Crud.Api"}
[05:33:46 INF] Database ensured successfully {"Application": "Crud.Api"}
[05:33:46 INF] Application configured successfully. Starting web host... {"Application": "Crud.Api"}
[05:33:46 WRN] No XML encryptor configured. Key {640a2259-df6a-4ad2-9b8d-6953a5057c46} may be persisted to storage in unencrypted form. {"EventId": {"Id": 35, "Name": "NoXMLEncryptorConfiguredKeyMayBePersistedToStorageInUnencryptedForm"}, "SourceContext": "Microsoft.AspNetCore.DataProtection.KeyManagement.XmlKeyManager", "Application": "Crud.Api"}
[05:33:47 INF] Resetting database for worker 6163 {"SourceContext": "Infrastructure.Services.DatabaseTestService", "Application": "Crud.Api"}
[05:33:47 INF] Resetting database via file deletion for worker 6163 in CI environment {"SourceContext": "Infrastructure.Services.DatabaseTestService", "Application": "Crud.Api"}
[05:33:47 INF] Acquiring database mutex for worker 6163... {"SourceContext": "Infrastructure.Services.DatabaseTestService", "Application": "Crud.Api"}
[05:33:47 INF] Database mutex acquired for worker 6163 {"SourceContext": "Infrastructure.Services.DatabaseTestService", "Application": "Crud.Api"}
[05:33:47 INF] Current database state - CanConnect: True {"SourceContext": "Infrastructure.Services.DatabaseTestService", "Application": "Crud.Api"}
[05:33:47 INF] [Phase 0] Closing database connection for worker 6163... {"SourceContext": "Infrastructure.Services.DatabaseTestService", "Application": "Crud.Api"}
[05:33:47 INF] [Phase 0] Connection closed in 0.2076ms {"SourceContext": "Infrastructure.Services.DatabaseTestService", "Application": "Crud.Api"}
[05:33:47 INF] [Phase 1] Starting EnsureDeletedAsync for worker 6163... {"SourceContext": "Infrastructure.Services.DatabaseTestService", "Application": "Crud.Api"}
[05:33:47 INF] [Phase 1] EnsureDeletedAsync completed in 213.8185ms {"SourceContext": "Infrastructure.Services.DatabaseTestService", "Application": "Crud.Api"}
[05:33:47 INF] [Phase 2] Starting EnsureCreatedAsync for worker 6163... {"SourceContext": "Infrastructure.Services.DatabaseTestService", "Application": "Crud.Api"}
[05:33:47 WRN] The property 'User.Roles' is a collection or enumeration type with a value converter but with no value comparer. Set a value comparer to ensure the collection/enumeration elements are compared correctly. {"EventId": {"Id": 10620, "Name": "Microsoft.EntityFrameworkCore.Model.Validation.CollectionWithoutComparer"}, "SourceContext": "Microsoft.EntityFrameworkCore.Model.Validation", "Application": "Crud.Api"}
[05:33:48 INF] [Phase 2] EnsureCreatedAsync completed in 750.6581ms {"SourceContext": "Infrastructure.Services.DatabaseTestService", "Application": "Crud.Api"}
[05:33:48 INF] [Phase 3] Skipping database seeding as requested for worker 6163 {"SourceContext": "Infrastructure.Services.DatabaseTestService", "Application": "Crud.Api"}
[05:33:48 INF] Database reset via file deletion completed for worker 6163 in 1071.0721ms (Close: 0.2076ms, Delete: 213.8185ms, Create: 750.6581ms) {"SourceContext": "Infrastructure.Services.DatabaseTestService", "Application": "Crud.Api"}
[05:33:48 INF] Releasing database mutex for worker 6163 {"SourceContext": "Infrastructure.Services.DatabaseTestService", "Application": "Crud.Api"}
[05:33:48 WRN] Failed to determine the https port for redirect. {"EventId": {"Id": 3, "Name": "FailedToDeterminePort"}, "SourceContext": "Microsoft.AspNetCore.HttpsPolicy.HttpsRedirectionMiddleware", "RequestId": "0HNFGUJ46SEQN", "RequestPath": "/api/database/reset", "Application": "Crud.Api"}
[05:33:48 INF] Database reset request received for worker 1 at 09/11/2025 05:33:48 {"SourceContext": "Api.Controllers.DatabaseController", "ActionId": "594ac1eb-be2d-44cb-bbe1-1091aef7d3c4", "ActionName": "Api.Controllers.DatabaseController.ResetDatabase (Api)", "RequestId": "0HNFGUJ46SEQN", "RequestPath": "/api/database/reset", "Application": "Crud.Api"}
[05:33:48 WRN] Unauthorized database reset attempt from null {"SourceContext": "Api.Controllers.DatabaseController", "ActionId": "594ac1eb-be2d-44cb-bbe1-1091aef7d3c4", "ActionName": "Api.Controllers.DatabaseController.ResetDatabase (Api)", "RequestId": "0HNFGUJ46SEQN", "RequestPath": "/api/database/reset", "Application": "Crud.Api"}
Activity.TraceId:            1bffd34b2f05a301edbc6f410a7c7c60
Activity.SpanId:             8d71f961c34beb3d
Activity.TraceFlags:         Recorded
Activity.ActivitySourceName: Microsoft.AspNetCore
Activity.DisplayName:        POST api/Database/reset
Activity.Kind:               Server
[05:33:48 INF] Resetting database for worker 6163 {"SourceContext": "Infrastructure.Services.DatabaseTestService", "Application": "Crud.Api"}
Activity.StartTime:          2025-09-11T05:33:48.1793182Z
[05:33:48 INF] Resetting database via file deletion for worker 6163 in CI environment {"SourceContext": "Infrastructure.Services.DatabaseTestService", "Application": "Crud.Api"}
[05:33:48 INF] Acquiring database mutex for worker 6163... {"SourceContext": "Infrastructure.Services.DatabaseTestService", "Application": "Crud.Api"}
[05:33:48 INF] Database mutex acquired for worker 6163 {"SourceContext": "Infrastructure.Services.DatabaseTestService", "Application": "Crud.Api"}
Activity.Duration:           00:00:00.0966495
Activity.Tags:
[05:33:48 INF] Current database state - CanConnect: True {"SourceContext": "Infrastructure.Services.DatabaseTestService", "Application": "Crud.Api"}
[05:33:48 INF] [Phase 0] Closing database connection for worker 6163... {"SourceContext": "Infrastructure.Services.DatabaseTestService", "Application": "Crud.Api"}
[05:33:48 INF] [Phase 0] Connection closed in 0.0043ms {"SourceContext": "Infrastructure.Services.DatabaseTestService", "Application": "Crud.Api"}
[05:33:48 INF] [Phase 1] Starting EnsureDeletedAsync for worker 6163... {"SourceContext": "Infrastructure.Services.DatabaseTestService", "Application": "Crud.Api"}
    server.address: localhost
    http.request.method: POST
    url.scheme: http
    url.path: /api/database/reset
    network.protocol.version: 1.1
    http.route: api/Database/reset
    http.response.status_code: 401
Resource associated with Activity:
    deployment.environment: Testing
    service.name: Crud.Api
    service.version: 1.0.0
    service.instance.id: 15081513-c9e4-4e0d-aac5-97a71d5ef649
    telemetry.sdk.name: opentelemetry
    telemetry.sdk.language: dotnet
    telemetry.sdk.version: 1.8.1
[05:33:48 INF] [Phase 1] EnsureDeletedAsync completed in 149.3737ms {"SourceContext": "Infrastructure.Services.DatabaseTestService", "Application": "Crud.Api"}
[05:33:48 INF] [Phase 2] Starting EnsureCreatedAsync for worker 6163... {"SourceContext": "Infrastructure.Services.DatabaseTestService", "Application": "Crud.Api"}
[05:33:48 INF] [Phase 2] EnsureCreatedAsync completed in 19.2011ms {"SourceContext": "Infrastructure.Services.DatabaseTestService", "Application": "Crud.Api"}
[05:33:48 INF] [Phase 3] Skipping database seeding as requested for worker 6163 {"SourceContext": "Infrastructure.Services.DatabaseTestService", "Application": "Crud.Api"}
[05:33:48 INF] Database reset via file deletion completed for worker 6163 in 273.4681ms (Close: 0.0043ms, Delete: 149.3737ms, Create: 19.2011ms) {"SourceContext": "Infrastructure.Services.DatabaseTestService", "Application": "Crud.Api"}
[05:33:48 INF] Releasing database mutex for worker 6163 {"SourceContext": "Infrastructure.Services.DatabaseTestService", "Application": "Crud.Api"}
[05:33:48 INF] Resetting database for worker 6163 {"SourceContext": "Infrastructure.Services.DatabaseTestService", "Application": "Crud.Api"}
[05:33:48 INF] Resetting database via file deletion for worker 6163 in CI environment {"SourceContext": "Infrastructure.Services.DatabaseTestService", "Application": "Crud.Api"}
[05:33:48 INF] Acquiring database mutex for worker 6163... {"SourceContext": "Infrastructure.Services.DatabaseTestService", "Application": "Crud.Api"}
[05:33:48 INF] Database mutex acquired for worker 6163 {"SourceContext": "Infrastructure.Services.DatabaseTestService", "Application": "Crud.Api"}
[05:33:48 INF] Current database state - CanConnect: True {"SourceContext": "Infrastructure.Services.DatabaseTestService", "Application": "Crud.Api"}
[05:33:48 INF] [Phase 0] Closing database connection for worker 6163... {"SourceContext": "Infrastructure.Services.DatabaseTestService", "Application": "Crud.Api"}
[05:33:48 INF] [Phase 0] Connection closed in 0.003ms {"SourceContext": "Infrastructure.Services.DatabaseTestService", "Application": "Crud.Api"}
[05:33:48 INF] [Phase 1] Starting EnsureDeletedAsync for worker 6163... {"SourceContext": "Infrastructure.Services.DatabaseTestService", "Application": "Crud.Api"}
[05:33:48 INF] [Phase 1] EnsureDeletedAsync completed in 1.6591ms {"SourceContext": "Infrastructure.Services.DatabaseTestService", "Application": "Crud.Api"}
[05:33:48 INF] [Phase 2] Starting EnsureCreatedAsync for worker 6163... {"SourceContext": "Infrastructure.Services.DatabaseTestService", "Application": "Crud.Api"}
[05:33:48 INF] [Phase 2] EnsureCreatedAsync completed in 18.8564ms {"SourceContext": "Infrastructure.Services.DatabaseTestService", "Application": "Crud.Api"}
[05:33:48 INF] [Phase 3] Skipping database seeding as requested for worker 6163 {"SourceContext": "Infrastructure.Services.DatabaseTestService", "Application": "Crud.Api"}
[05:33:48 INF] Database reset via file deletion completed for worker 6163 in 123.0733ms (Close: 0.003ms, Delete: 1.6591ms, Create: 18.8564ms) {"SourceContext": "Infrastructure.Services.DatabaseTestService", "Application": "Crud.Api"}
[05:33:48 INF] Releasing database mutex for worker 6163 {"SourceContext": "Infrastructure.Services.DatabaseTestService", "Application": "Crud.Api"}
[05:33:48 INF] Seeding database for worker 1 {"SourceContext": "Infrastructure.Services.DatabaseTestService", "ActionId": "26871c70-8859-48d7-869a-7f0cd1aea24f", "ActionName": "Api.Controllers.DatabaseController.SeedDatabase (Api)", "RequestId": "0HNFGUJ46SEQO", "RequestPath": "/api/database/seed", "Application": "Crud.Api"}
[05:33:48 DBG] Added 3 seed roles {"SourceContext": "Infrastructure.Services.DatabaseTestService", "ActionId": "26871c70-8859-48d7-869a-7f0cd1aea24f", "ActionName": "Api.Controllers.DatabaseController.SeedDatabase (Api)", "RequestId": "0HNFGUJ46SEQO", "RequestPath": "/api/database/seed", "Application": "Crud.Api"}
[05:33:48 DBG] Added 2 seed people {"SourceContext": "Infrastructure.Services.DatabaseTestService", "ActionId": "26871c70-8859-48d7-869a-7f0cd1aea24f", "ActionName": "Api.Controllers.DatabaseController.SeedDatabase (Api)", "RequestId": "0HNFGUJ46SEQO", "RequestPath": "/api/database/seed", "Application": "Crud.Api"}
[05:33:48 INF] Database seeding completed for worker 1 {"SourceContext": "Infrastructure.Services.DatabaseTestService", "ActionId": "26871c70-8859-48d7-869a-7f0cd1aea24f", "ActionName": "Api.Controllers.DatabaseController.SeedDatabase (Api)", "RequestId": "0HNFGUJ46SEQO", "RequestPath": "/api/database/seed", "Application": "Crud.Api"}
Activity.TraceId:            58b9ca74b31f0f6d8cf5645123cfeb81
Activity.SpanId:             7bf34dec32257258
Activity.TraceFlags:         Recorded
Activity.ActivitySourceName: Microsoft.AspNetCore
Activity.DisplayName:        POST api/Database/seed
Activity.Kind:               Server
Activity.StartTime:          2025-09-11T05:33:48.6955722Z
Activity.Duration:           00:00:00.2869623
Activity.Tags:
    server.address: localhost
    http.request.method: POST
    url.scheme: http
    url.path: /api/database/seed
    network.protocol.version: 1.1
    http.route: api/Database/seed
    http.response.status_code: 200
Resource associated with Activity:
    deployment.environment: Testing
    service.name: Crud.Api
    service.version: 1.0.0
    service.instance.id: 15081513-c9e4-4e0d-aac5-97a71d5ef649
    telemetry.sdk.name: opentelemetry
    telemetry.sdk.language: dotnet
    telemetry.sdk.version: 1.8.1
[05:33:48 INF] Resetting database for worker 6163 {"SourceContext": "Infrastructure.Services.DatabaseTestService", "Application": "Crud.Api"}
[05:33:48 INF] Resetting database via file deletion for worker 6163 in CI environment {"SourceContext": "Infrastructure.Services.DatabaseTestService", "Application": "Crud.Api"}
[05:33:48 INF] Acquiring database mutex for worker 6163... {"SourceContext": "Infrastructure.Services.DatabaseTestService", "Application": "Crud.Api"}
[05:33:48 INF] Database mutex acquired for worker 6163 {"SourceContext": "Infrastructure.Services.DatabaseTestService", "Application": "Crud.Api"}
[05:33:48 INF] Current database state - CanConnect: True {"SourceContext": "Infrastructure.Services.DatabaseTestService", "Application": "Crud.Api"}
[05:33:48 INF] [Phase 0] Closing database connection for worker 6163... {"SourceContext": "Infrastructure.Services.DatabaseTestService", "Application": "Crud.Api"}
[05:33:48 INF] [Phase 0] Connection closed in 0.0031ms {"SourceContext": "Infrastructure.Services.DatabaseTestService", "Application": "Crud.Api"}
[05:33:48 INF] [Phase 1] Starting EnsureDeletedAsync for worker 6163... {"SourceContext": "Infrastructure.Services.DatabaseTestService", "Application": "Crud.Api"}
[05:33:48 INF] [Phase 1] EnsureDeletedAsync completed in 1.5882ms {"SourceContext": "Infrastructure.Services.DatabaseTestService", "Application": "Crud.Api"}
[05:33:49 INF] [Phase 2] Starting EnsureCreatedAsync for worker 6163... {"SourceContext": "Infrastructure.Services.DatabaseTestService", "Application": "Crud.Api"}
[05:33:49 INF] [Phase 2] EnsureCreatedAsync completed in 20.3382ms {"SourceContext": "Infrastructure.Services.DatabaseTestService", "Application": "Crud.Api"}
[05:33:49 INF] [Phase 3] Skipping database seeding as requested for worker 6163 {"SourceContext": "Infrastructure.Services.DatabaseTestService", "Application": "Crud.Api"}
[05:33:49 INF] Database reset via file deletion completed for worker 6163 in 123.5409ms (Close: 0.0031ms, Delete: 1.5882ms, Create: 20.3382ms) {"SourceContext": "Infrastructure.Services.DatabaseTestService", "Application": "Crud.Api"}
[05:33:49 INF] Releasing database mutex for worker 6163 {"SourceContext": "Infrastructure.Services.DatabaseTestService", "Application": "Crud.Api"}
[05:33:49 INF] Resetting database for worker 6163 {"SourceContext": "Infrastructure.Services.DatabaseTestService", "Application": "Crud.Api"}
[05:33:49 INF] Resetting database via file deletion for worker 6163 in CI environment {"SourceContext": "Infrastructure.Services.DatabaseTestService", "Application": "Crud.Api"}
[05:33:49 INF] Acquiring database mutex for worker 6163... {"SourceContext": "Infrastructure.Services.DatabaseTestService", "Application": "Crud.Api"}
[05:33:49 INF] Database mutex acquired for worker 6163 {"SourceContext": "Infrastructure.Services.DatabaseTestService", "Application": "Crud.Api"}
[05:33:49 INF] Current database state - CanConnect: True {"SourceContext": "Infrastructure.Services.DatabaseTestService", "Application": "Crud.Api"}
[05:33:49 INF] [Phase 0] Closing database connection for worker 6163... {"SourceContext": "Infrastructure.Services.DatabaseTestService", "Application": "Crud.Api"}
[05:33:49 INF] [Phase 0] Connection closed in 0.0027ms {"SourceContext": "Infrastructure.Services.DatabaseTestService", "Application": "Crud.Api"}
[05:33:49 INF] [Phase 1] Starting EnsureDeletedAsync for worker 6163... {"SourceContext": "Infrastructure.Services.DatabaseTestService", "Application": "Crud.Api"}
[05:33:49 INF] [Phase 1] EnsureDeletedAsync completed in 1.4497ms {"SourceContext": "Infrastructure.Services.DatabaseTestService", "Application": "Crud.Api"}
[05:33:49 INF] [Phase 2] Starting EnsureCreatedAsync for worker 6163... {"SourceContext": "Infrastructure.Services.DatabaseTestService", "Application": "Crud.Api"}
[05:33:49 INF] [Phase 2] EnsureCreatedAsync completed in 26.6211ms {"SourceContext": "Infrastructure.Services.DatabaseTestService", "Application": "Crud.Api"}
[05:33:49 INF] [Phase 3] Skipping database seeding as requested for worker 6163 {"SourceContext": "Infrastructure.Services.DatabaseTestService", "Application": "Crud.Api"}
[05:33:49 INF] Database reset via file deletion completed for worker 6163 in 129.5763ms (Close: 0.0027ms, Delete: 1.4497ms, Create: 26.6211ms) {"SourceContext": "Infrastructure.Services.DatabaseTestService", "Application": "Crud.Api"}
[05:33:49 INF] Releasing database mutex for worker 6163 {"SourceContext": "Infrastructure.Services.DatabaseTestService", "Application": "Crud.Api"}
[05:33:49 DBG] Validating pre-test database state for worker 1 {"SourceContext": "Infrastructure.Services.DatabaseTestService", "ActionId": "7c38901f-da99-4ec8-ae9b-796ad2f99736", "ActionName": "Api.Controllers.DatabaseController.ValidatePreTestState (Api)", "RequestId": "0HNFGUJ46SEQP", "RequestPath": "/api/database/validate-pre-test", "Application": "Crud.Api"}
[05:33:49 DBG] Pre-test validation passed for worker 1 {"SourceContext": "Infrastructure.Services.DatabaseTestService", "ActionId": "7c38901f-da99-4ec8-ae9b-796ad2f99736", "ActionName": "Api.Controllers.DatabaseController.ValidatePreTestState (Api)", "RequestId": "0HNFGUJ46SEQP", "RequestPath": "/api/database/validate-pre-test", "Application": "Crud.Api"}
Activity.TraceId:            ec6beed758db8f54b350ef8bff7a2e72
Activity.SpanId:             8438182a4e345c7b
Activity.TraceFlags:         Recorded
Activity.ActivitySourceName: Microsoft.AspNetCore
Activity.DisplayName:        GET api/Database/validate-pre-test
Activity.Kind:               Server
Activity.StartTime:          2025-09-11T05:33:49.2492718Z
Activity.Duration:           00:00:00.0531720
Activity.Tags:
    server.address: localhost
    url.query: ?workerIndex=Redacted
    http.request.method: GET
    url.scheme: http
    url.path: /api/database/validate-pre-test
    network.protocol.version: 1.1
    http.route: api/Database/validate-pre-test
    http.response.status_code: 200
Resource associated with Activity:
    deployment.environment: Testing
    service.name: Crud.Api
    service.version: 1.0.0
    service.instance.id: 15081513-c9e4-4e0d-aac5-97a71d5ef649
    telemetry.sdk.name: opentelemetry
    telemetry.sdk.language: dotnet
    telemetry.sdk.version: 1.8.1
[05:33:49 INF] Resetting database for worker 6163 {"SourceContext": "Infrastructure.Services.DatabaseTestService", "Application": "Crud.Api"}
[05:33:49 INF] Resetting database via file deletion for worker 6163 in CI environment {"SourceContext": "Infrastructure.Services.DatabaseTestService", "Application": "Crud.Api"}
[05:33:49 INF] Acquiring database mutex for worker 6163... {"SourceContext": "Infrastructure.Services.DatabaseTestService", "Application": "Crud.Api"}
[05:33:49 INF] Database mutex acquired for worker 6163 {"SourceContext": "Infrastructure.Services.DatabaseTestService", "Application": "Crud.Api"}
[05:33:49 INF] Current database state - CanConnect: True {"SourceContext": "Infrastructure.Services.DatabaseTestService", "Application": "Crud.Api"}
[05:33:49 INF] [Phase 0] Closing database connection for worker 6163... {"SourceContext": "Infrastructure.Services.DatabaseTestService", "Application": "Crud.Api"}
[05:33:49 INF] [Phase 0] Connection closed in 0.0028ms {"SourceContext": "Infrastructure.Services.DatabaseTestService", "Application": "Crud.Api"}
[05:33:49 INF] [Phase 1] Starting EnsureDeletedAsync for worker 6163... {"SourceContext": "Infrastructure.Services.DatabaseTestService", "Application": "Crud.Api"}
[05:33:49 INF] [Phase 1] EnsureDeletedAsync completed in 1.4903ms {"SourceContext": "Infrastructure.Services.DatabaseTestService", "Application": "Crud.Api"}
[05:33:49 INF] [Phase 2] Starting EnsureCreatedAsync for worker 6163... {"SourceContext": "Infrastructure.Services.DatabaseTestService", "Application": "Crud.Api"}
[05:33:49 INF] [Phase 2] EnsureCreatedAsync completed in 17.6835ms {"SourceContext": "Infrastructure.Services.DatabaseTestService", "Application": "Crud.Api"}
[05:33:49 INF] [Phase 3] Skipping database seeding as requested for worker 6163 {"SourceContext": "Infrastructure.Services.DatabaseTestService", "Application": "Crud.Api"}
[05:33:49 INF] Database reset via file deletion completed for worker 6163 in 120.5748ms (Close: 0.0028ms, Delete: 1.4903ms, Create: 17.6835ms) {"SourceContext": "Infrastructure.Services.DatabaseTestService", "Application": "Crud.Api"}
[05:33:49 INF] Releasing database mutex for worker 6163 {"SourceContext": "Infrastructure.Services.DatabaseTestService", "Application": "Crud.Api"}
[05:33:49 INF] Resetting database for worker 6163 {"SourceContext": "Infrastructure.Services.DatabaseTestService", "Application": "Crud.Api"}
[05:33:49 INF] Resetting database via file deletion for worker 6163 in CI environment {"SourceContext": "Infrastructure.Services.DatabaseTestService", "Application": "Crud.Api"}
[05:33:49 INF] Acquiring database mutex for worker 6163... {"SourceContext": "Infrastructure.Services.DatabaseTestService", "Application": "Crud.Api"}
[05:33:49 INF] Database mutex acquired for worker 6163 {"SourceContext": "Infrastructure.Services.DatabaseTestService", "Application": "Crud.Api"}
[05:33:49 INF] Current database state - CanConnect: True {"SourceContext": "Infrastructure.Services.DatabaseTestService", "Application": "Crud.Api"}
[05:33:49 INF] [Phase 0] Closing database connection for worker 6163... {"SourceContext": "Infrastructure.Services.DatabaseTestService", "Application": "Crud.Api"}
[05:33:49 INF] [Phase 0] Connection closed in 0.0026ms {"SourceContext": "Infrastructure.Services.DatabaseTestService", "Application": "Crud.Api"}
[05:33:49 INF] [Phase 1] Starting EnsureDeletedAsync for worker 6163... {"SourceContext": "Infrastructure.Services.DatabaseTestService", "Application": "Crud.Api"}
[05:33:49 INF] [Phase 1] EnsureDeletedAsync completed in 1.3703ms {"SourceContext": "Infrastructure.Services.DatabaseTestService", "Application": "Crud.Api"}
[05:33:49 INF] [Phase 2] Starting EnsureCreatedAsync for worker 6163... {"SourceContext": "Infrastructure.Services.DatabaseTestService", "Application": "Crud.Api"}
[05:33:49 INF] [Phase 2] EnsureCreatedAsync completed in 17.6731ms {"SourceContext": "Infrastructure.Services.DatabaseTestService", "Application": "Crud.Api"}
[05:33:49 INF] [Phase 3] Skipping database seeding as requested for worker 6163 {"SourceContext": "Infrastructure.Services.DatabaseTestService", "Application": "Crud.Api"}
[05:33:49 INF] Database reset via file deletion completed for worker 6163 in 119.7057ms (Close: 0.0026ms, Delete: 1.3703ms, Create: 17.6731ms) {"SourceContext": "Infrastructure.Services.DatabaseTestService", "Application": "Crud.Api"}
[05:33:49 INF] Releasing database mutex for worker 6163 {"SourceContext": "Infrastructure.Services.DatabaseTestService", "Application": "Crud.Api"}
[05:33:49 DBG] Verifying database integrity for worker 1 {"SourceContext": "Infrastructure.Services.DatabaseTestService", "ActionId": "4d67863d-67eb-40ec-b745-13b432694fd7", "ActionName": "Api.Controllers.DatabaseController.VerifyDatabaseIntegrity (Api)", "RequestId": "0HNFGUJ46SEQQ", "RequestPath": "/api/database/verify-integrity", "Application": "Crud.Api"}
[05:33:49 DBG] Database integrity verification passed for worker 1 {"SourceContext": "Infrastructure.Services.DatabaseTestService", "ActionId": "4d67863d-67eb-40ec-b745-13b432694fd7", "ActionName": "Api.Controllers.DatabaseController.VerifyDatabaseIntegrity (Api)", "RequestId": "0HNFGUJ46SEQQ", "RequestPath": "/api/database/verify-integrity", "Application": "Crud.Api"}
Activity.TraceId:            839e46d2c5daa9203739a63274c54333
Activity.SpanId:             41f4a710bfe4a07c
Activity.TraceFlags:         Recorded
Activity.ActivitySourceName: Microsoft.AspNetCore
Activity.DisplayName:        GET api/Database/verify-integrity
Activity.Kind:               Server
Activity.StartTime:          2025-09-11T05:33:49.5531741Z
Activity.Duration:           00:00:00.0099792
Activity.Tags:
    server.address: localhost
    url.query: ?workerIndex=Redacted
    http.request.method: GET
    url.scheme: http
    url.path: /api/database/verify-integrity
    network.protocol.version: 1.1
    http.route: api/Database/verify-integrity
    http.response.status_code: 200
Resource associated with Activity:
    deployment.environment: Testing
    service.name: Crud.Api
    service.version: 1.0.0
    service.instance.id: 15081513-c9e4-4e0d-aac5-97a71d5ef649
    telemetry.sdk.name: opentelemetry
    telemetry.sdk.language: dotnet
    telemetry.sdk.version: 1.8.1
[05:33:49 INF] Resetting database for worker 6163 {"SourceContext": "Infrastructure.Services.DatabaseTestService", "Application": "Crud.Api"}
[05:33:49 INF] Resetting database via file deletion for worker 6163 in CI environment {"SourceContext": "Infrastructure.Services.DatabaseTestService", "Application": "Crud.Api"}
[05:33:49 INF] Acquiring database mutex for worker 6163... {"SourceContext": "Infrastructure.Services.DatabaseTestService", "Application": "Crud.Api"}
[05:33:49 INF] Database mutex acquired for worker 6163 {"SourceContext": "Infrastructure.Services.DatabaseTestService", "Application": "Crud.Api"}
[05:33:49 INF] Current database state - CanConnect: True {"SourceContext": "Infrastructure.Services.DatabaseTestService", "Application": "Crud.Api"}
[05:33:49 INF] [Phase 0] Closing database connection for worker 6163... {"SourceContext": "Infrastructure.Services.DatabaseTestService", "Application": "Crud.Api"}
[05:33:49 INF] [Phase 0] Connection closed in 0.0021ms {"SourceContext": "Infrastructure.Services.DatabaseTestService", "Application": "Crud.Api"}
[05:33:49 INF] [Phase 1] Starting EnsureDeletedAsync for worker 6163... {"SourceContext": "Infrastructure.Services.DatabaseTestService", "Application": "Crud.Api"}
[05:33:49 INF] [Phase 1] EnsureDeletedAsync completed in 1.4368ms {"SourceContext": "Infrastructure.Services.DatabaseTestService", "Application": "Crud.Api"}
[05:33:49 INF] [Phase 2] Starting EnsureCreatedAsync for worker 6163... {"SourceContext": "Infrastructure.Services.DatabaseTestService", "Application": "Crud.Api"}
[05:33:49 INF] [Phase 2] EnsureCreatedAsync completed in 17.9323ms {"SourceContext": "Infrastructure.Services.DatabaseTestService", "Application": "Crud.Api"}
[05:33:49 INF] [Phase 3] Skipping database seeding as requested for worker 6163 {"SourceContext": "Infrastructure.Services.DatabaseTestService", "Application": "Crud.Api"}
[05:33:49 INF] Database reset via file deletion completed for worker 6163 in 120.4167ms (Close: 0.0021ms, Delete: 1.4368ms, Create: 17.9323ms) {"SourceContext": "Infrastructure.Services.DatabaseTestService", "Application": "Crud.Api"}
[05:33:49 INF] Releasing database mutex for worker 6163 {"SourceContext": "Infrastructure.Services.DatabaseTestService", "Application": "Crud.Api"}
[05:33:49 INF] Resetting database for worker 6163 {"SourceContext": "Infrastructure.Services.DatabaseTestService", "Application": "Crud.Api"}
[05:33:49 INF] Resetting database via file deletion for worker 6163 in CI environment {"SourceContext": "Infrastructure.Services.DatabaseTestService", "Application": "Crud.Api"}
[05:33:49 INF] Acquiring database mutex for worker 6163... {"SourceContext": "Infrastructure.Services.DatabaseTestService", "Application": "Crud.Api"}
[05:33:49 INF] Database mutex acquired for worker 6163 {"SourceContext": "Infrastructure.Services.DatabaseTestService", "Application": "Crud.Api"}
[05:33:49 INF] Current database state - CanConnect: True {"SourceContext": "Infrastructure.Services.DatabaseTestService", "Application": "Crud.Api"}
[05:33:49 INF] [Phase 0] Closing database connection for worker 6163... {"SourceContext": "Infrastructure.Services.DatabaseTestService", "Application": "Crud.Api"}
[05:33:49 INF] [Phase 0] Connection closed in 0.0039ms {"SourceContext": "Infrastructure.Services.DatabaseTestService", "Application": "Crud.Api"}
[05:33:49 INF] [Phase 1] Starting EnsureDeletedAsync for worker 6163... {"SourceContext": "Infrastructure.Services.DatabaseTestService", "Application": "Crud.Api"}
[05:33:49 INF] [Phase 1] EnsureDeletedAsync completed in 1.5724ms {"SourceContext": "Infrastructure.Services.DatabaseTestService", "Application": "Crud.Api"}
[05:33:49 INF] [Phase 2] Starting EnsureCreatedAsync for worker 6163... {"SourceContext": "Infrastructure.Services.DatabaseTestService", "Application": "Crud.Api"}
[05:33:49 INF] [Phase 2] EnsureCreatedAsync completed in 17.5425ms {"SourceContext": "Infrastructure.Services.DatabaseTestService", "Application": "Crud.Api"}
[05:33:49 INF] [Phase 3] Skipping database seeding as requested for worker 6163 {"SourceContext": "Infrastructure.Services.DatabaseTestService", "Application": "Crud.Api"}
[05:33:49 INF] Database reset via file deletion completed for worker 6163 in 120.4127ms (Close: 0.0039ms, Delete: 1.5724ms, Create: 17.5425ms) {"SourceContext": "Infrastructure.Services.DatabaseTestService", "Application": "Crud.Api"}
[05:33:49 INF] Releasing database mutex for worker 6163 {"SourceContext": "Infrastructure.Services.DatabaseTestService", "Application": "Crud.Api"}
Activity.TraceId:            cfddd225ccaee49f769d545a7f352ef2
Activity.SpanId:             9f33b1c59148a2da
Activity.TraceFlags:         Recorded
Activity.ActivitySourceName: Microsoft.AspNetCore
Activity.DisplayName:        GET api/Database/status
Activity.Kind:               Server
Activity.StartTime:          2025-09-11T05:33:49.8099565Z
Activity.Duration:           00:00:00.0078038
Activity.Tags:
    server.address: localhost
    http.request.method: GET
    url.scheme: http
    url.path: /api/database/status
    network.protocol.version: 1.1
    http.route: api/Database/status
    http.response.status_code: 200
Resource associated with Activity:
    deployment.environment: Testing
    service.name: Crud.Api
    service.version: 1.0.0
    service.instance.id: 15081513-c9e4-4e0d-aac5-97a71d5ef649
    telemetry.sdk.name: opentelemetry
    telemetry.sdk.language: dotnet
    telemetry.sdk.version: 1.8.1
[05:33:49 INF] Resetting database for worker 6163 {"SourceContext": "Infrastructure.Services.DatabaseTestService", "Application": "Crud.Api"}
[05:33:49 INF] Resetting database via file deletion for worker 6163 in CI environment {"SourceContext": "Infrastructure.Services.DatabaseTestService", "Application": "Crud.Api"}
[05:33:49 INF] Acquiring database mutex for worker 6163... {"SourceContext": "Infrastructure.Services.DatabaseTestService", "Application": "Crud.Api"}
[05:33:49 INF] Database mutex acquired for worker 6163 {"SourceContext": "Infrastructure.Services.DatabaseTestService", "Application": "Crud.Api"}
[05:33:49 INF] Current database state - CanConnect: True {"SourceContext": "Infrastructure.Services.DatabaseTestService", "Application": "Crud.Api"}
[05:33:49 INF] [Phase 0] Closing database connection for worker 6163... {"SourceContext": "Infrastructure.Services.DatabaseTestService", "Application": "Crud.Api"}
[05:33:49 INF] [Phase 0] Connection closed in 0.0021ms {"SourceContext": "Infrastructure.Services.DatabaseTestService", "Application": "Crud.Api"}
[05:33:49 INF] [Phase 1] Starting EnsureDeletedAsync for worker 6163... {"SourceContext": "Infrastructure.Services.DatabaseTestService", "Application": "Crud.Api"}
[05:33:49 INF] [Phase 1] EnsureDeletedAsync completed in 1.4495ms {"SourceContext": "Infrastructure.Services.DatabaseTestService", "Application": "Crud.Api"}
[05:33:49 INF] [Phase 2] Starting EnsureCreatedAsync for worker 6163... {"SourceContext": "Infrastructure.Services.DatabaseTestService", "Application": "Crud.Api"}
[05:33:49 INF] [Phase 2] EnsureCreatedAsync completed in 32.7101ms {"SourceContext": "Infrastructure.Services.DatabaseTestService", "Application": "Crud.Api"}
[05:33:49 INF] [Phase 3] Skipping database seeding as requested for worker 6163 {"SourceContext": "Infrastructure.Services.DatabaseTestService", "Application": "Crud.Api"}
[05:33:49 INF] Database reset via file deletion completed for worker 6163 in 135.5665ms (Close: 0.0021ms, Delete: 1.4495ms, Create: 32.7101ms) {"SourceContext": "Infrastructure.Services.DatabaseTestService", "Application": "Crud.Api"}
[05:33:49 INF] Releasing database mutex for worker 6163 {"SourceContext": "Infrastructure.Services.DatabaseTestService", "Application": "Crud.Api"}
[05:33:49 INF] Resetting database for worker 6163 {"SourceContext": "Infrastructure.Services.DatabaseTestService", "Application": "Crud.Api"}
[05:33:49 INF] Resetting database via file deletion for worker 6163 in CI environment {"SourceContext": "Infrastructure.Services.DatabaseTestService", "Application": "Crud.Api"}
[05:33:49 INF] Acquiring database mutex for worker 6163... {"SourceContext": "Infrastructure.Services.DatabaseTestService", "Application": "Crud.Api"}
[05:33:49 INF] Database mutex acquired for worker 6163 {"SourceContext": "Infrastructure.Services.DatabaseTestService", "Application": "Crud.Api"}
[05:33:49 INF] Current database state - CanConnect: True {"SourceContext": "Infrastructure.Services.DatabaseTestService", "Application": "Crud.Api"}
[05:33:49 INF] [Phase 0] Closing database connection for worker 6163... {"SourceContext": "Infrastructure.Services.DatabaseTestService", "Application": "Crud.Api"}
[05:33:49 INF] [Phase 0] Connection closed in 0.0021ms {"SourceContext": "Infrastructure.Services.DatabaseTestService", "Application": "Crud.Api"}
[05:33:49 INF] [Phase 1] Starting EnsureDeletedAsync for worker 6163... {"SourceContext": "Infrastructure.Services.DatabaseTestService", "Application": "Crud.Api"}
[05:33:49 INF] [Phase 1] EnsureDeletedAsync completed in 1.2731ms {"SourceContext": "Infrastructure.Services.DatabaseTestService", "Application": "Crud.Api"}
[05:33:50 INF] [Phase 2] Starting EnsureCreatedAsync for worker 6163... {"SourceContext": "Infrastructure.Services.DatabaseTestService", "Application": "Crud.Api"}
[05:33:50 INF] [Phase 2] EnsureCreatedAsync completed in 17.3554ms {"SourceContext": "Infrastructure.Services.DatabaseTestService", "Application": "Crud.Api"}
[05:33:50 INF] [Phase 3] Skipping database seeding as requested for worker 6163 {"SourceContext": "Infrastructure.Services.DatabaseTestService", "Application": "Crud.Api"}
[05:33:50 INF] Database reset via file deletion completed for worker 6163 in 119.6836ms (Close: 0.0021ms, Delete: 1.2731ms, Create: 17.3554ms) {"SourceContext": "Infrastructure.Services.DatabaseTestService", "Application": "Crud.Api"}
[05:33:50 INF] Releasing database mutex for worker 6163 {"SourceContext": "Infrastructure.Services.DatabaseTestService", "Application": "Crud.Api"}
[05:33:50 INF] Database reset request received for worker 1 at 09/11/2025 05:33:50 {"SourceContext": "Api.Controllers.DatabaseController", "ActionId": "594ac1eb-be2d-44cb-bbe1-1091aef7d3c4", "ActionName": "Api.Controllers.DatabaseController.ResetDatabase (Api)", "RequestId": "0HNFGUJ46SEQS", "RequestPath": "/api/database/reset", "Application": "Crud.Api"}
[05:33:50 INF] CI environment detected - allowing database reset from any IP {"SourceContext": "Api.Controllers.DatabaseController", "ActionId": "594ac1eb-be2d-44cb-bbe1-1091aef7d3c4", "ActionName": "Api.Controllers.DatabaseController.ResetDatabase (Api)", "RequestId": "0HNFGUJ46SEQS", "RequestPath": "/api/database/reset", "Application": "Crud.Api"}
[05:33:50 INF] Starting database reset for worker 1... {"SourceContext": "Api.Controllers.DatabaseController", "ActionId": "594ac1eb-be2d-44cb-bbe1-1091aef7d3c4", "ActionName": "Api.Controllers.DatabaseController.ResetDatabase (Api)", "RequestId": "0HNFGUJ46SEQS", "RequestPath": "/api/database/reset", "Application": "Crud.Api"}
[05:33:50 INF] Resetting database for worker 1 {"SourceContext": "Infrastructure.Services.DatabaseTestService", "ActionId": "594ac1eb-be2d-44cb-bbe1-1091aef7d3c4", "ActionName": "Api.Controllers.DatabaseController.ResetDatabase (Api)", "RequestId": "0HNFGUJ46SEQS", "RequestPath": "/api/database/reset", "Application": "Crud.Api"}
[05:33:50 INF] Resetting database via file deletion for worker 1 in CI environment {"SourceContext": "Infrastructure.Services.DatabaseTestService", "ActionId": "594ac1eb-be2d-44cb-bbe1-1091aef7d3c4", "ActionName": "Api.Controllers.DatabaseController.ResetDatabase (Api)", "RequestId": "0HNFGUJ46SEQS", "RequestPath": "/api/database/reset", "Application": "Crud.Api"}
[05:33:50 INF] Acquiring database mutex for worker 1... {"SourceContext": "Infrastructure.Services.DatabaseTestService", "ActionId": "594ac1eb-be2d-44cb-bbe1-1091aef7d3c4", "ActionName": "Api.Controllers.DatabaseController.ResetDatabase (Api)", "RequestId": "0HNFGUJ46SEQS", "RequestPath": "/api/database/reset", "Application": "Crud.Api"}
[05:33:50 INF] Database mutex acquired for worker 1 {"SourceContext": "Infrastructure.Services.DatabaseTestService", "ActionId": "594ac1eb-be2d-44cb-bbe1-1091aef7d3c4", "ActionName": "Api.Controllers.DatabaseController.ResetDatabase (Api)", "RequestId": "0HNFGUJ46SEQS", "RequestPath": "/api/database/reset", "Application": "Crud.Api"}
[05:33:50 INF] Current database state - CanConnect: True {"SourceContext": "Infrastructure.Services.DatabaseTestService", "ActionId": "594ac1eb-be2d-44cb-bbe1-1091aef7d3c4", "ActionName": "Api.Controllers.DatabaseController.ResetDatabase (Api)", "RequestId": "0HNFGUJ46SEQS", "RequestPath": "/api/database/reset", "Application": "Crud.Api"}
[05:33:50 INF] [Phase 0] Closing database connection for worker 1... {"SourceContext": "Infrastructure.Services.DatabaseTestService", "ActionId": "594ac1eb-be2d-44cb-bbe1-1091aef7d3c4", "ActionName": "Api.Controllers.DatabaseController.ResetDatabase (Api)", "RequestId": "0HNFGUJ46SEQS", "RequestPath": "/api/database/reset", "Application": "Crud.Api"}
[05:33:50 INF] [Phase 0] Connection closed in 0.0032ms {"SourceContext": "Infrastructure.Services.DatabaseTestService", "ActionId": "594ac1eb-be2d-44cb-bbe1-1091aef7d3c4", "ActionName": "Api.Controllers.DatabaseController.ResetDatabase (Api)", "RequestId": "0HNFGUJ46SEQS", "RequestPath": "/api/database/reset", "Application": "Crud.Api"}
[05:33:50 INF] [Phase 1] Starting EnsureDeletedAsync for worker 1... {"SourceContext": "Infrastructure.Services.DatabaseTestService", "ActionId": "594ac1eb-be2d-44cb-bbe1-1091aef7d3c4", "ActionName": "Api.Controllers.DatabaseController.ResetDatabase (Api)", "RequestId": "0HNFGUJ46SEQS", "RequestPath": "/api/database/reset", "Application": "Crud.Api"}
[05:33:50 INF] [Phase 1] EnsureDeletedAsync completed in 1.3255ms {"SourceContext": "Infrastructure.Services.DatabaseTestService", "ActionId": "594ac1eb-be2d-44cb-bbe1-1091aef7d3c4", "ActionName": "Api.Controllers.DatabaseController.ResetDatabase (Api)", "RequestId": "0HNFGUJ46SEQS", "RequestPath": "/api/database/reset", "Application": "Crud.Api"}
[05:33:50 INF] [Phase 2] Starting EnsureCreatedAsync for worker 1... {"SourceContext": "Infrastructure.Services.DatabaseTestService", "ActionId": "594ac1eb-be2d-44cb-bbe1-1091aef7d3c4", "ActionName": "Api.Controllers.DatabaseController.ResetDatabase (Api)", "RequestId": "0HNFGUJ46SEQS", "RequestPath": "/api/database/reset", "Application": "Crud.Api"}
[05:33:50 INF] [Phase 2] EnsureCreatedAsync completed in 17.076ms {"SourceContext": "Infrastructure.Services.DatabaseTestService", "ActionId": "594ac1eb-be2d-44cb-bbe1-1091aef7d3c4", "ActionName": "Api.Controllers.DatabaseController.ResetDatabase (Api)", "RequestId": "0HNFGUJ46SEQS", "RequestPath": "/api/database/reset", "Application": "Crud.Api"}
[05:33:50 INF] [Phase 3] Skipping database seeding as requested for worker 1 {"SourceContext": "Infrastructure.Services.DatabaseTestService", "ActionId": "594ac1eb-be2d-44cb-bbe1-1091aef7d3c4", "ActionName": "Api.Controllers.DatabaseController.ResetDatabase (Api)", "RequestId": "0HNFGUJ46SEQS", "RequestPath": "/api/database/reset", "Application": "Crud.Api"}
[05:33:50 INF] Database reset via file deletion completed for worker 1 in 119.7896ms (Close: 0.0032ms, Delete: 1.3255ms, Create: 17.076ms) {"SourceContext": "Infrastructure.Services.DatabaseTestService", "ActionId": "594ac1eb-be2d-44cb-bbe1-1091aef7d3c4", "ActionName": "Api.Controllers.DatabaseController.ResetDatabase (Api)", "RequestId": "0HNFGUJ46SEQS", "RequestPath": "/api/database/reset", "Application": "Crud.Api"}
[05:33:50 INF] Releasing database mutex for worker 1 {"SourceContext": "Infrastructure.Services.DatabaseTestService", "ActionId": "594ac1eb-be2d-44cb-bbe1-1091aef7d3c4", "ActionName": "Api.Controllers.DatabaseController.ResetDatabase (Api)", "RequestId": "0HNFGUJ46SEQS", "RequestPath": "/api/database/reset", "Application": "Crud.Api"}
[05:33:50 INF] Database reset completed for worker 1 in 122.1048ms {"SourceContext": "Api.Controllers.DatabaseController", "ActionId": "594ac1eb-be2d-44cb-bbe1-1091aef7d3c4", "ActionName": "Api.Controllers.DatabaseController.ResetDatabase (Api)", "RequestId": "0HNFGUJ46SEQS", "RequestPath": "/api/database/reset", "Application": "Crud.Api"}
Activity.TraceId:            610c3544690fbcc859fcc856079606f5
Activity.SpanId:             ed7ea6880ae91b19
Activity.TraceFlags:         Recorded
Activity.ActivitySourceName: Microsoft.AspNetCore
Activity.DisplayName:        POST api/Database/reset
Activity.Kind:               Server
Activity.StartTime:          2025-09-11T05:33:50.0802138Z
Activity.Duration:           00:00:00.1312981
Activity.Tags:
    server.address: localhost
    http.request.method: POST
    url.scheme: http
    url.path: /api/database/reset
    network.protocol.version: 1.1
    http.route: api/Database/reset
    http.response.status_code: 200
Resource associated with Activity:
    deployment.environment: Testing
    service.name: Crud.Api
    service.version: 1.0.0
    service.instance.id: 15081513-c9e4-4e0d-aac5-97a71d5ef649
    telemetry.sdk.name: opentelemetry
    telemetry.sdk.language: dotnet
    telemetry.sdk.version: 1.8.1
[05:33:50 INF] Resetting database for worker 6163 {"SourceContext": "Infrastructure.Services.DatabaseTestService", "Application": "Crud.Api"}
[05:33:50 INF] Resetting database via file deletion for worker 6163 in CI environment {"SourceContext": "Infrastructure.Services.DatabaseTestService", "Application": "Crud.Api"}
[05:33:50 INF] Acquiring database mutex for worker 6163... {"SourceContext": "Infrastructure.Services.DatabaseTestService", "Application": "Crud.Api"}
[05:33:50 INF] Database mutex acquired for worker 6163 {"SourceContext": "Infrastructure.Services.DatabaseTestService", "Application": "Crud.Api"}
[05:33:50 INF] Current database state - CanConnect: True {"SourceContext": "Infrastructure.Services.DatabaseTestService", "Application": "Crud.Api"}
[05:33:50 INF] [Phase 0] Closing database connection for worker 6163... {"SourceContext": "Infrastructure.Services.DatabaseTestService", "Application": "Crud.Api"}
[05:33:50 INF] [Phase 0] Connection closed in 0.0025ms {"SourceContext": "Infrastructure.Services.DatabaseTestService", "Application": "Crud.Api"}
[05:33:50 INF] [Phase 1] Starting EnsureDeletedAsync for worker 6163... {"SourceContext": "Infrastructure.Services.DatabaseTestService", "Application": "Crud.Api"}
[05:33:50 INF] [Phase 1] EnsureDeletedAsync completed in 1.9798ms {"SourceContext": "Infrastructure.Services.DatabaseTestService", "Application": "Crud.Api"}
[05:33:50 INF] [Phase 2] Starting EnsureCreatedAsync for worker 6163... {"SourceContext": "Infrastructure.Services.DatabaseTestService", "Application": "Crud.Api"}
[05:33:50 INF] [Phase 2] EnsureCreatedAsync completed in 16.9884ms {"SourceContext": "Infrastructure.Services.DatabaseTestService", "Application": "Crud.Api"}
[05:33:50 INF] [Phase 3] Skipping database seeding as requested for worker 6163 {"SourceContext": "Infrastructure.Services.DatabaseTestService", "Application": "Crud.Api"}
[05:33:50 INF] Database reset via file deletion completed for worker 6163 in 119.9552ms (Close: 0.0025ms, Delete: 1.9798ms, Create: 16.9884ms) {"SourceContext": "Infrastructure.Services.DatabaseTestService", "Application": "Crud.Api"}
[05:33:50 INF] Releasing database mutex for worker 6163 {"SourceContext": "Infrastructure.Services.DatabaseTestService", "Application": "Crud.Api"}
Resource associated with Metric:
    deployment.environment: Testing
    service.name: Crud.Api
    service.version: 1.0.0
    service.instance.id: 15081513-c9e4-4e0d-aac5-97a71d5ef649
    telemetry.sdk.name: opentelemetry
    telemetry.sdk.language: dotnet
    telemetry.sdk.version: 1.8.1
Metric Name: http.server.active_requests, Number of active HTTP server requests., Unit: {request}, Meter: Microsoft.AspNetCore.Hosting
(2025-09-11T05:33:46.9408077Z, 2025-09-11T05:33:50.3473970Z] http.request.method: POST url.scheme: http LongSumNonMonotonic
Value: 0
(2025-09-11T05:33:46.9408077Z, 2025-09-11T05:33:50.3473970Z] http.request.method: GET url.scheme: http LongSumNonMonotonic
Value: 0
Metric Name: http.server.request.duration, Duration of HTTP server requests., Unit: s, Meter: Microsoft.AspNetCore.Hosting
(2025-09-11T05:33:46.9424897Z, 2025-09-11T05:33:50.3475469Z] http.request.method: POST http.response.status_code: 401 http.route: api/Database/reset network.protocol.version: 1.1 url.scheme: http Histogram
Value: Sum: 0.1066737 Count: 1 Min: 0.1066737 Max: 0.1066737 
(-Infinity,0.005]:0
(0.005,0.01]:0
(0.01,0.025]:0
(0.025,0.05]:0
(0.05,0.075]:0
(0.075,0.1]:0
(0.1,0.25]:1
(0.25,0.5]:0
(0.5,0.75]:0
(0.75,1]:0
(1,2.5]:0
(2.5,5]:0
(5,7.5]:0
(7.5,10]:0
(10,+Infinity]:0
(2025-09-11T05:33:46.9424897Z, 2025-09-11T05:33:50.3475469Z] http.request.method: POST http.response.status_code: 200 http.route: api/Database/seed network.protocol.version: 1.1 url.scheme: http Histogram
Value: Sum: 0.2870514 Count: 1 Min: 0.2870514 Max: 0.2870514 
(-Infinity,0.005]:0
(0.005,0.01]:0
(0.01,0.025]:0
(0.025,0.05]:0
(0.05,0.075]:0
(0.075,0.1]:0
(0.1,0.25]:0
(0.25,0.5]:1
(0.5,0.75]:0
(0.75,1]:0
(1,2.5]:0
(2.5,5]:0
(5,7.5]:0
(7.5,10]:0
(10,+Infinity]:0
(2025-09-11T05:33:46.9424897Z, 2025-09-11T05:33:50.3475469Z] http.request.method: GET http.response.status_code: 200 http.route: api/Database/validate-pre-test network.protocol.version: 1.1 url.scheme: http Histogram
Value: Sum: 0.0531563 Count: 1 Min: 0.0531563 Max: 0.0531563 
(-Infinity,0.005]:0
(0.005,0.01]:0
(0.01,0.025]:0
(0.025,0.05]:0
(0.05,0.075]:1
(0.075,0.1]:0
(0.1,0.25]:0
(0.25,0.5]:0
(0.5,0.75]:0
(0.75,1]:0
(1,2.5]:0
(2.5,5]:0
(5,7.5]:0
(7.5,10]:0
(10,+Infinity]:0
(2025-09-11T05:33:46.9424897Z, 2025-09-11T05:33:50.3475469Z] http.request.method: GET http.response.status_code: 200 http.route: api/Database/verify-integrity network.protocol.version: 1.1 url.scheme: http Histogram
Value: Sum: 0.0099953 Count: 1 Min: 0.0099953 Max: 0.0099953 
(-Infinity,0.005]:0
(0.005,0.01]:1
(0.01,0.025]:0
(0.025,0.05]:0
(0.05,0.075]:0
(0.075,0.1]:0
(0.1,0.25]:0
(0.25,0.5]:0
(0.5,0.75]:0
(0.75,1]:0
(1,2.5]:0
(2.5,5]:0
(5,7.5]:0
(7.5,10]:0
(10,+Infinity]:0
(2025-09-11T05:33:46.9424897Z, 2025-09-11T05:33:50.3475469Z] http.request.method: GET http.response.status_code: 200 http.route: api/Database/status network.protocol.version: 1.1 url.scheme: http Histogram
Value: Sum: 0.0078248 Count: 1 Min: 0.0078248 Max: 0.0078248 
(-Infinity,0.005]:0
(0.005,0.01]:1
(0.01,0.025]:0
(0.025,0.05]:0
(0.05,0.075]:0
(0.075,0.1]:0
(0.1,0.25]:0
(0.25,0.5]:0
(0.5,0.75]:0
(0.75,1]:0
(1,2.5]:0
(2.5,5]:0
(5,7.5]:0
(7.5,10]:0
(10,+Infinity]:0
(2025-09-11T05:33:46.9424897Z, 2025-09-11T05:33:50.3475469Z] http.request.method: POST http.response.status_code: 200 http.route: api/Database/reset network.protocol.version: 1.1 url.scheme: http Histogram
Value: Sum: 0.1313034 Count: 1 Min: 0.1313034 Max: 0.1313034 
(-Infinity,0.005]:0
(0.005,0.01]:0
(0.01,0.025]:0
(0.025,0.05]:0
(0.05,0.075]:0
(0.075,0.1]:0
(0.1,0.25]:1
(0.25,0.5]:0
(0.5,0.75]:0
(0.75,1]:0
(1,2.5]:0
(2.5,5]:0
(5,7.5]:0
(7.5,10]:0
(10,+Infinity]:0
Metric Name: aspnetcore.rate_limiting.active_request_leases, Number of HTTP requests that are currently active on the server that hold a rate limiting lease., Unit: {request}, Meter: Microsoft.AspNetCore.RateLimiting
(2025-09-11T05:33:46.9922130Z, 2025-09-11T05:33:50.3475479Z] LongSumNonMonotonic
Value: 0
Metric Name: aspnetcore.rate_limiting.request_lease.duration, The duration of rate limiting leases held by HTTP requests on the server., Unit: s, Meter: Microsoft.AspNetCore.RateLimiting
(2025-09-11T05:33:46.9922639Z, 2025-09-11T05:33:50.3475490Z] Histogram
Value: Sum: 0.5373692 Count: 6 Min: 0.0074496 Max: 0.2839382 
(-Infinity,0.005]:0
(0.005,0.01]:2
(0.01,0.025]:0
(0.025,0.05]:0
(0.05,0.075]:2
(0.075,0.1]:0
(0.1,0.25]:1
(0.25,0.5]:1
(0.5,0.75]:0
(0.75,1]:0
(1,2.5]:0
(2.5,5]:0
(5,7.5]:0
(7.5,10]:0
(10,+Infinity]:0
Metric Name: aspnetcore.rate_limiting.requests, Number of requests that tried to acquire a rate limiting lease. Requests could be rejected by global or endpoint rate limiting policies. Or the request could be canceled while waiting for the lease., Unit: {request}, Meter: Microsoft.AspNetCore.RateLimiting
(2025-09-11T05:33:46.9926650Z, 2025-09-11T05:33:50.3475506Z] aspnetcore.rate_limiting.result: acquired LongSum
Value: 6
Metric Name: aspnetcore.routing.match_attempts, Number of requests that were attempted to be matched to an endpoint., Unit: {match_attempt}, Meter: Microsoft.AspNetCore.Routing
(2025-09-11T05:33:47.0035696Z, 2025-09-11T05:33:50.3475512Z] aspnetcore.routing.is_fallback: false aspnetcore.routing.match_status: success http.route: api/Database/reset LongSum
Value: 2
(2025-09-11T05:33:47.0035696Z, 2025-09-11T05:33:50.3475512Z] aspnetcore.routing.is_fallback: false aspnetcore.routing.match_status: success http.route: api/Database/seed LongSum
Value: 1
(2025-09-11T05:33:47.0035696Z, 2025-09-11T05:33:50.3475512Z] aspnetcore.routing.is_fallback: false aspnetcore.routing.match_status: success http.route: api/Database/validate-pre-test LongSum
Value: 1
(2025-09-11T05:33:47.0035696Z, 2025-09-11T05:33:50.3475512Z] aspnetcore.routing.is_fallback: false aspnetcore.routing.match_status: success http.route: api/Database/verify-integrity LongSum
Value: 1
(2025-09-11T05:33:47.0035696Z, 2025-09-11T05:33:50.3475512Z] aspnetcore.routing.is_fallback: false aspnetcore.routing.match_status: success http.route: api/Database/status LongSum
Value: 1
[05:33:50 INF] Starting Crud API application {"Application": "Crud.Api"}
[05:33:50 INF] Using SQLite provider with connection: Data Source=TestDatabase.db {"Application": "Crud.Api"}
[05:33:50 INF] Database ensured successfully {"Application": "Crud.Api"}
[05:33:50 INF] Application configured successfully. Starting web host... {"Application": "Crud.Api"}
[05:33:50 INF] Resetting database for worker 16373 {"SourceContext": "Infrastructure.Services.DatabaseTestService", "Application": "Crud.Api"}
[05:33:50 INF] Resetting database via file deletion for worker 16373 in CI environment {"SourceContext": "Infrastructure.Services.DatabaseTestService", "Application": "Crud.Api"}
[05:33:50 INF] Acquiring database mutex for worker 16373... {"SourceContext": "Infrastructure.Services.DatabaseTestService", "Application": "Crud.Api"}
[05:33:50 INF] Database mutex acquired for worker 16373 {"SourceContext": "Infrastructure.Services.DatabaseTestService", "Application": "Crud.Api"}
[05:33:50 INF] Current database state - CanConnect: True {"SourceContext": "Infrastructure.Services.DatabaseTestService", "Application": "Crud.Api"}
[05:33:50 INF] [Phase 0] Closing database connection for worker 16373... {"SourceContext": "Infrastructure.Services.DatabaseTestService", "Application": "Crud.Api"}
[05:33:50 INF] [Phase 0] Connection closed in 0.0033ms {"SourceContext": "Infrastructure.Services.DatabaseTestService", "Application": "Crud.Api"}
[05:33:50 INF] [Phase 1] Starting EnsureDeletedAsync for worker 16373... {"SourceContext": "Infrastructure.Services.DatabaseTestService", "Application": "Crud.Api"}
[05:33:50 INF] [Phase 1] EnsureDeletedAsync completed in 1.5501ms {"SourceContext": "Infrastructure.Services.DatabaseTestService", "Application": "Crud.Api"}
[05:33:50 INF] [Phase 2] Starting EnsureCreatedAsync for worker 16373... {"SourceContext": "Infrastructure.Services.DatabaseTestService", "Application": "Crud.Api"}
[05:33:50 INF] [Phase 2] EnsureCreatedAsync completed in 16.7805ms {"SourceContext": "Infrastructure.Services.DatabaseTestService", "Application": "Crud.Api"}
[05:33:50 INF] [Phase 3] Skipping database seeding as requested for worker 16373 {"SourceContext": "Infrastructure.Services.DatabaseTestService", "Application": "Crud.Api"}
[05:33:50 INF] Database reset via file deletion completed for worker 16373 in 118.806ms (Close: 0.0033ms, Delete: 1.5501ms, Create: 16.7805ms) {"SourceContext": "Infrastructure.Services.DatabaseTestService", "Application": "Crud.Api"}
[05:33:50 INF] Releasing database mutex for worker 16373 {"SourceContext": "Infrastructure.Services.DatabaseTestService", "Application": "Crud.Api"}
[05:33:50 WRN] Failed to determine the https port for redirect. {"EventId": {"Id": 3, "Name": "FailedToDeterminePort"}, "SourceContext": "Microsoft.AspNetCore.HttpsPolicy.HttpsRedirectionMiddleware", "RequestId": "0HNFGUJ46SEQT", "RequestPath": "/api/auth/register", "Application": "Crud.Api"}
[05:33:50 WRN] You do not have a valid license key for the Lucky Penny software MediatR. This is allowed for development and testing scenarios. If you are running in production you are required to have a licensed version. Please visit https://luckypennysoftware.com to obtain a valid license. {"SourceContext": "LuckyPennySoftware.MediatR.License", "ActionId": "3217664d-6317-4571-9243-a305f6f673c4", "ActionName": "Api.Controllers.AuthController.Register (Api)", "RequestId": "0HNFGUJ46SEQT", "RequestPath": "/api/auth/register", "Application": "Crud.Api"}
[05:33:51 INF] User registered successfully: cc0cbe76-3951-46e4-ad12-7643236d3447 {"SourceContext": "App.Features.Authentication.RegisterUserCommandHandler", "ActionId": "3217664d-6317-4571-9243-a305f6f673c4", "ActionName": "Api.Controllers.AuthController.Register (Api)", "RequestId": "0HNFGUJ46SEQT", "RequestPath": "/api/auth/register", "Application": "Crud.Api"}
Activity.TraceId:            0d8ed67722595e8e39d6a56a6d80c1c9
Activity.SpanId:             1ee75bfd2ef22653
Activity.TraceFlags:         Recorded
Activity.ActivitySourceName: Microsoft.AspNetCore
Activity.DisplayName:        POST api/Auth/register
Activity.Kind:               Server
Activity.StartTime:          2025-09-11T05:33:50.6112106Z
Activity.Duration:           00:00:01.2639883
Activity.Tags:
    server.address: localhost
    http.request.method: POST
    url.scheme: http
    url.path: /api/auth/register
    network.protocol.version: 1.1
    http.route: api/Auth/register
    http.response.status_code: 200
Resource associated with Activity:
    deployment.environment: Testing
    service.name: Crud.Api
    service.version: 1.0.0
    service.instance.id: 15081513-c9e4-4e0d-aac5-97a71d5ef649
    telemetry.sdk.name: opentelemetry
    telemetry.sdk.language: dotnet
    telemetry.sdk.version: 1.8.1
[05:33:52 INF] User registered successfully: 58e98d7a-1cae-49b0-93d9-032a16651c71 {"SourceContext": "App.Features.Authentication.RegisterUserCommandHandler", "ActionId": "3217664d-6317-4571-9243-a305f6f673c4", "ActionName": "Api.Controllers.AuthController.Register (Api)", "RequestId": "0HNFGUJ46SEQU", "RequestPath": "/api/auth/register", "Application": "Crud.Api"}
Activity.TraceId:            f011088e420fcc93145940d5e6cb123d
Activity.SpanId:             b0449bb5bbbc429e
Activity.TraceFlags:         Recorded
Activity.ActivitySourceName: Microsoft.AspNetCore
Activity.DisplayName:        POST api/Auth/register
Activity.Kind:               Server
Activity.StartTime:          2025-09-11T05:33:51.8803681Z
Activity.Duration:           00:00:01.0376571
Activity.Tags:
    server.address: localhost
    http.request.method: POST
    url.scheme: http
    url.path: /api/auth/register
    network.protocol.version: 1.1
    http.route: api/Auth/register
    http.response.status_code: 200
Resource associated with Activity:
    deployment.environment: Testing
    service.name: Crud.Api
    service.version: 1.0.0
    service.instance.id: 15081513-c9e4-4e0d-aac5-97a71d5ef649
    telemetry.sdk.name: opentelemetry
    telemetry.sdk.language: dotnet
    telemetry.sdk.version: 1.8.1
[05:33:53 INF] User logged in successfully: 58e98d7a-1cae-49b0-93d9-032a16651c71 {"SourceContext": "App.Features.Authentication.LoginCommandHandler", "ActionId": "e6f3b57b-8e8e-4d18-a9c8-27bcb23fe7a5", "ActionName": "Api.Controllers.AuthController.Login (Api)", "RequestId": "0HNFGUJ46SEQV", "RequestPath": "/api/auth/login", "Application": "Crud.Api"}
Activity.TraceId:            c81bfae37dbf08a549a5d8a551b44892
Activity.SpanId:             3be76fdc8ba372db
Activity.TraceFlags:         Recorded
Activity.ActivitySourceName: Microsoft.AspNetCore
Activity.DisplayName:        POST api/Auth/login
Activity.Kind:               Server
Activity.StartTime:          2025-09-11T05:33:52.9244646Z
Activity.Duration:           00:00:00.6750889
Activity.Tags:
    server.address: localhost
    http.request.method: POST
    url.scheme: http
    url.path: /api/auth/login
    network.protocol.version: 1.1
    http.route: api/Auth/login
    http.response.status_code: 200
Resource associated with Activity:
    deployment.environment: Testing
    service.name: Crud.Api
    service.version: 1.0.0
    service.instance.id: 15081513-c9e4-4e0d-aac5-97a71d5ef649
    telemetry.sdk.name: opentelemetry
    telemetry.sdk.language: dotnet
    telemetry.sdk.version: 1.8.1
[05:33:53 DBG] Cache miss for key: list:role {"SourceContext": "Infrastructure.Services.Caching.InMemoryCacheService", "ActionId": "27ff0c6c-6f00-4163-aadd-04646cd932d4", "ActionName": "Api.Controllers.RolesController.List (Api)", "RequestId": "0HNFGUJ46SER0", "RequestPath": "/api/roles", "Application": "Crud.Api"}
[05:33:53 DBG] Set cache value for key: list:role {"SourceContext": "Infrastructure.Services.Caching.InMemoryCacheService", "ActionId": "27ff0c6c-6f00-4163-aadd-04646cd932d4", "ActionName": "Api.Controllers.RolesController.List (Api)", "RequestId": "0HNFGUJ46SER0", "RequestPath": "/api/roles", "Application": "Crud.Api"}
Activity.TraceId:            84729f5b2889790950b13295bcd9735d
Activity.SpanId:             c39d012e06179f1a
Activity.TraceFlags:         Recorded
Activity.ActivitySourceName: Microsoft.AspNetCore
Activity.DisplayName:        GET api/Roles
Activity.Kind:               Server
Activity.StartTime:          2025-09-11T05:33:53.6010812Z
Activity.Duration:           00:00:00.1222500
Activity.Tags:
    server.address: localhost
    http.request.method: GET
    url.scheme: http
    url.path: /api/roles
    network.protocol.version: 1.1
    http.route: api/Roles
    http.response.status_code: 200
Resource associated with Activity:
    deployment.environment: Testing
    service.name: Crud.Api
    service.version: 1.0.0
    service.instance.id: 15081513-c9e4-4e0d-aac5-97a71d5ef649
    telemetry.sdk.name: opentelemetry
    telemetry.sdk.language: dotnet
    telemetry.sdk.version: 1.8.1
[05:33:53 DBG] Cache miss for key: list:wall {"SourceContext": "Infrastructure.Services.Caching.InMemoryCacheService", "ActionId": "a512ca15-241d-4188-bf43-2f957fea9617", "ActionName": "Api.Controllers.WallsController.List (Api)", "RequestId": "0HNFGUJ46SER1", "RequestPath": "/api/walls", "Application": "Crud.Api"}
[05:33:53 DBG] Set cache value for key: list:wall {"SourceContext": "Infrastructure.Services.Caching.InMemoryCacheService", "ActionId": "a512ca15-241d-4188-bf43-2f957fea9617", "ActionName": "Api.Controllers.WallsController.List (Api)", "RequestId": "0HNFGUJ46SER1", "RequestPath": "/api/walls", "Application": "Crud.Api"}
Activity.TraceId:            daa02a48fa54574ffe3762df64716d4a
Activity.SpanId:             248c92d501e606c1
Activity.TraceFlags:         Recorded
Activity.ActivitySourceName: Microsoft.AspNetCore
Activity.DisplayName:        GET api/Walls
Activity.Kind:               Server
Activity.StartTime:          2025-09-11T05:33:53.7237155Z
Activity.Duration:           00:00:00.0379700
Activity.Tags:
    server.address: localhost
    http.request.method: GET
    url.scheme: http
    url.path: /api/walls
    network.protocol.version: 1.1
    http.route: api/Walls
    http.response.status_code: 200
Resource associated with Activity:
    deployment.environment: Testing
    service.name: Crud.Api
    service.version: 1.0.0
    service.instance.id: 15081513-c9e4-4e0d-aac5-97a71d5ef649
    telemetry.sdk.name: opentelemetry
    telemetry.sdk.language: dotnet
    telemetry.sdk.version: 1.8.1
[05:33:53 DBG] Cache miss for key: name:role:new_role {"SourceContext": "Infrastructure.Services.Caching.InMemoryCacheService", "ActionId": "9a9c8ac6-1599-4b24-8a3c-4324d8c2fb5f", "ActionName": "Api.Controllers.RolesController.Create (Api)", "RequestId": "0HNFGUJ46SER2", "RequestPath": "/api/roles", "Application": "Crud.Api"}
[05:33:53 DBG] Removed cache value for key: entity:role:b42d01d4da4c43cc97bdb0e3bced7278 {"SourceContext": "Infrastructure.Services.Caching.InMemoryCacheService", "ActionId": "9a9c8ac6-1599-4b24-8a3c-4324d8c2fb5f", "ActionName": "Api.Controllers.RolesController.Create (Api)", "RequestId": "0HNFGUJ46SER2", "RequestPath": "/api/roles", "Application": "Crud.Api"}
[05:33:53 DBG] Removed cache value for key: list:role {"SourceContext": "Infrastructure.Services.Caching.InMemoryCacheService", "ActionId": "9a9c8ac6-1599-4b24-8a3c-4324d8c2fb5f", "ActionName": "Api.Controllers.RolesController.Create (Api)", "RequestId": "0HNFGUJ46SER2", "RequestPath": "/api/roles", "Application": "Crud.Api"}
[05:33:53 DBG] Invalidating cache for entity type: roles with tag: roles {"SourceContext": "Api.Services.OutputCacheInvalidationService", "ActionId": "9a9c8ac6-1599-4b24-8a3c-4324d8c2fb5f", "ActionName": "Api.Controllers.RolesController.Create (Api)", "RequestId": "0HNFGUJ46SER2", "RequestPath": "/api/roles", "Application": "Crud.Api"}
[05:33:53 INF] Successfully invalidated cache for entity type: roles {"SourceContext": "Api.Services.OutputCacheInvalidationService", "ActionId": "9a9c8ac6-1599-4b24-8a3c-4324d8c2fb5f", "ActionName": "Api.Controllers.RolesController.Create (Api)", "RequestId": "0HNFGUJ46SER2", "RequestPath": "/api/roles", "Application": "Crud.Api"}
Activity.TraceId:            e0dfe41bf5511453502bc5f4b6f017d4
Activity.SpanId:             75d94cd72e13dd6f
Activity.TraceFlags:         Recorded
Activity.ActivitySourceName: Microsoft.AspNetCore
Activity.DisplayName:        POST api/Roles
Activity.Kind:               Server
Activity.StartTime:          2025-09-11T05:33:53.7629737Z
Activity.Duration:           00:00:00.0395891
Activity.Tags:
    server.address: localhost
    http.request.method: POST
    url.scheme: http
    url.path: /api/roles
    network.protocol.version: 1.1
    http.route: api/Roles
    http.response.status_code: 201
Resource associated with Activity:
    deployment.environment: Testing
    service.name: Crud.Api
    service.version: 1.0.0
    service.instance.id: 15081513-c9e4-4e0d-aac5-97a71d5ef649
    telemetry.sdk.name: opentelemetry
    telemetry.sdk.language: dotnet
    telemetry.sdk.version: 1.8.1
[05:33:53 DBG] Cache miss for key: list:role {"SourceContext": "Infrastructure.Services.Caching.InMemoryCacheService", "ActionId": "27ff0c6c-6f00-4163-aadd-04646cd932d4", "ActionName": "Api.Controllers.RolesController.List (Api)", "RequestId": "0HNFGUJ46SER3", "RequestPath": "/api/roles", "Application": "Crud.Api"}
[05:33:53 DBG] Set cache value for key: list:role {"SourceContext": "Infrastructure.Services.Caching.InMemoryCacheService", "ActionId": "27ff0c6c-6f00-4163-aadd-04646cd932d4", "ActionName": "Api.Controllers.RolesController.List (Api)", "RequestId": "0HNFGUJ46SER3", "RequestPath": "/api/roles", "Application": "Crud.Api"}
Activity.TraceId:            0b6492decdc1b3fe5e9698abb45f4244
Activity.SpanId:             eea943b5173f4901
Activity.TraceFlags:         Recorded
Activity.ActivitySourceName: Microsoft.AspNetCore
Activity.DisplayName:        GET api/Roles
Activity.Kind:               Server
Activity.StartTime:          2025-09-11T05:33:53.8027969Z
Activity.Duration:           00:00:00.0045148
Activity.Tags:
    server.address: localhost
    http.request.method: GET
    url.scheme: http
    url.path: /api/roles
    network.protocol.version: 1.1
    http.route: api/Roles
    http.response.status_code: 200
Resource associated with Activity:
    deployment.environment: Testing
    service.name: Crud.Api
    service.version: 1.0.0
    service.instance.id: 15081513-c9e4-4e0d-aac5-97a71d5ef649
    telemetry.sdk.name: opentelemetry
    telemetry.sdk.language: dotnet
    telemetry.sdk.version: 1.8.1
[05:33:53 DBG] Cache hit for key: list:wall {"SourceContext": "Infrastructure.Services.Caching.InMemoryCacheService", "ActionId": "a512ca15-241d-4188-bf43-2f957fea9617", "ActionName": "Api.Controllers.WallsController.List (Api)", "RequestId": "0HNFGUJ46SER4", "RequestPath": "/api/walls", "Application": "Crud.Api"}
Activity.TraceId:            d8b479239bed93acb8992cd6d781891e
Activity.SpanId:             200835b25759d9dd
Activity.TraceFlags:         Recorded
Activity.ActivitySourceName: Microsoft.AspNetCore
Activity.DisplayName:        GET api/Walls
Activity.Kind:               Server
Activity.StartTime:          2025-09-11T05:33:53.8075233Z
Activity.Duration:           00:00:00.0022373
Activity.Tags:
    server.address: localhost
    http.request.method: GET
    url.scheme: http
    url.path: /api/walls
    network.protocol.version: 1.1
    http.route: api/Walls
    http.response.status_code: 200
Resource associated with Activity:
    deployment.environment: Testing
    service.name: Crud.Api
    service.version: 1.0.0
    service.instance.id: 15081513-c9e4-4e0d-aac5-97a71d5ef649
    telemetry.sdk.name: opentelemetry
    telemetry.sdk.language: dotnet
    telemetry.sdk.version: 1.8.1
[05:33:53 INF] Resetting database for worker 16373 {"SourceContext": "Infrastructure.Services.DatabaseTestService", "Application": "Crud.Api"}
[05:33:53 INF] Resetting database via file deletion for worker 16373 in CI environment {"SourceContext": "Infrastructure.Services.DatabaseTestService", "Application": "Crud.Api"}
[05:33:53 INF] Acquiring database mutex for worker 16373... {"SourceContext": "Infrastructure.Services.DatabaseTestService", "Application": "Crud.Api"}
[05:33:53 INF] Database mutex acquired for worker 16373 {"SourceContext": "Infrastructure.Services.DatabaseTestService", "Application": "Crud.Api"}
[05:33:53 INF] Current database state - CanConnect: True {"SourceContext": "Infrastructure.Services.DatabaseTestService", "Application": "Crud.Api"}
[05:33:53 INF] [Phase 0] Closing database connection for worker 16373... {"SourceContext": "Infrastructure.Services.DatabaseTestService", "Application": "Crud.Api"}
[05:33:53 INF] [Phase 0] Connection closed in 0.0039ms {"SourceContext": "Infrastructure.Services.DatabaseTestService", "Application": "Crud.Api"}
[05:33:53 INF] [Phase 1] Starting EnsureDeletedAsync for worker 16373... {"SourceContext": "Infrastructure.Services.DatabaseTestService", "Application": "Crud.Api"}
[05:33:53 INF] [Phase 1] EnsureDeletedAsync completed in 1.6606ms {"SourceContext": "Infrastructure.Services.DatabaseTestService", "Application": "Crud.Api"}
[05:33:53 INF] [Phase 2] Starting EnsureCreatedAsync for worker 16373... {"SourceContext": "Infrastructure.Services.DatabaseTestService", "Application": "Crud.Api"}
[05:33:53 INF] [Phase 2] EnsureCreatedAsync completed in 15.5789ms {"SourceContext": "Infrastructure.Services.DatabaseTestService", "Application": "Crud.Api"}
[05:33:53 INF] [Phase 3] Skipping database seeding as requested for worker 16373 {"SourceContext": "Infrastructure.Services.DatabaseTestService", "Application": "Crud.Api"}
[05:33:53 INF] Database reset via file deletion completed for worker 16373 in 118.2436ms (Close: 0.0039ms, Delete: 1.6606ms, Create: 15.5789ms) {"SourceContext": "Infrastructure.Services.DatabaseTestService", "Application": "Crud.Api"}
[05:33:53 INF] Releasing database mutex for worker 16373 {"SourceContext": "Infrastructure.Services.DatabaseTestService", "Application": "Crud.Api"}
[05:33:53 INF] Resetting database for worker 16373 {"SourceContext": "Infrastructure.Services.DatabaseTestService", "Application": "Crud.Api"}
[05:33:53 INF] Resetting database via file deletion for worker 16373 in CI environment {"SourceContext": "Infrastructure.Services.DatabaseTestService", "Application": "Crud.Api"}
[05:33:53 INF] Acquiring database mutex for worker 16373... {"SourceContext": "Infrastructure.Services.DatabaseTestService", "Application": "Crud.Api"}
[05:33:53 INF] Database mutex acquired for worker 16373 {"SourceContext": "Infrastructure.Services.DatabaseTestService", "Application": "Crud.Api"}
[05:33:53 INF] Current database state - CanConnect: True {"SourceContext": "Infrastructure.Services.DatabaseTestService", "Application": "Crud.Api"}
[05:33:53 INF] [Phase 0] Closing database connection for worker 16373... {"SourceContext": "Infrastructure.Services.DatabaseTestService", "Application": "Crud.Api"}
[05:33:53 INF] [Phase 0] Connection closed in 0.0023ms {"SourceContext": "Infrastructure.Services.DatabaseTestService", "Application": "Crud.Api"}
[05:33:53 INF] [Phase 1] Starting EnsureDeletedAsync for worker 16373... {"SourceContext": "Infrastructure.Services.DatabaseTestService", "Application": "Crud.Api"}
[05:33:53 INF] [Phase 1] EnsureDeletedAsync completed in 1.2937ms {"SourceContext": "Infrastructure.Services.DatabaseTestService", "Application": "Crud.Api"}
[05:33:54 INF] [Phase 2] Starting EnsureCreatedAsync for worker 16373... {"SourceContext": "Infrastructure.Services.DatabaseTestService", "Application": "Crud.Api"}
[05:33:54 INF] [Phase 2] EnsureCreatedAsync completed in 24.5808ms {"SourceContext": "Infrastructure.Services.DatabaseTestService", "Application": "Crud.Api"}
[05:33:54 INF] [Phase 3] Skipping database seeding as requested for worker 16373 {"SourceContext": "Infrastructure.Services.DatabaseTestService", "Application": "Crud.Api"}
[05:33:54 INF] Database reset via file deletion completed for worker 16373 in 127.1238ms (Close: 0.0023ms, Delete: 1.2937ms, Create: 24.5808ms) {"SourceContext": "Infrastructure.Services.DatabaseTestService", "Application": "Crud.Api"}
[05:33:54 INF] Releasing database mutex for worker 16373 {"SourceContext": "Infrastructure.Services.DatabaseTestService", "Application": "Crud.Api"}
[05:33:54 INF] User registered successfully: 2d351c05-d326-42c2-a887-2f4e284b9f0a {"SourceContext": "App.Features.Authentication.RegisterUserCommandHandler", "ActionId": "3217664d-6317-4571-9243-a305f6f673c4", "ActionName": "Api.Controllers.AuthController.Register (Api)", "RequestId": "0HNFGUJ46SER5", "RequestPath": "/api/auth/register", "Application": "Crud.Api"}
Activity.TraceId:            84bb869e0355eb0f3c7e5a4e1cfb8f03
Activity.SpanId:             b5406e1664550264
Activity.TraceFlags:         Recorded
Activity.ActivitySourceName: Microsoft.AspNetCore
Activity.DisplayName:        POST api/Auth/register
Activity.Kind:               Server
Activity.StartTime:          2025-09-11T05:33:54.0636589Z
Activity.Duration:           00:00:00.3059318
Activity.Tags:
    server.address: localhost
    http.request.method: POST
    url.scheme: http
    url.path: /api/auth/register
    network.protocol.version: 1.1
    http.route: api/Auth/register
    http.response.status_code: 200
Resource associated with Activity:
    deployment.environment: Testing
    service.name: Crud.Api
    service.version: 1.0.0
    service.instance.id: 15081513-c9e4-4e0d-aac5-97a71d5ef649
    telemetry.sdk.name: opentelemetry
    telemetry.sdk.language: dotnet
    telemetry.sdk.version: 1.8.1
[05:33:54 INF] User registered successfully: 578855a2-e16a-4e04-ae13-d1edef15db85 {"SourceContext": "App.Features.Authentication.RegisterUserCommandHandler", "ActionId": "3217664d-6317-4571-9243-a305f6f673c4", "ActionName": "Api.Controllers.AuthController.Register (Api)", "RequestId": "0HNFGUJ46SER6", "RequestPath": "/api/auth/register", "Application": "Crud.Api"}
Activity.TraceId:            4ce38cee01575c26f39c881818455a80
Activity.SpanId:             e1693eab918bf7ec
Activity.TraceFlags:         Recorded
Activity.ActivitySourceName: Microsoft.AspNetCore
Activity.DisplayName:        POST api/Auth/register
Activity.Kind:               Server
Activity.StartTime:          2025-09-11T05:33:54.3706078Z
Activity.Duration:           00:00:00.2974033
Activity.Tags:
    server.address: localhost
    http.request.method: POST
    url.scheme: http
    url.path: /api/auth/register
    network.protocol.version: 1.1
    http.route: api/Auth/register
    http.response.status_code: 200
Resource associated with Activity:
    deployment.environment: Testing
    service.name: Crud.Api
    service.version: 1.0.0
    service.instance.id: 15081513-c9e4-4e0d-aac5-97a71d5ef649
    telemetry.sdk.name: opentelemetry
    telemetry.sdk.language: dotnet
    telemetry.sdk.version: 1.8.1
[05:33:54 INF] User logged in successfully: 578855a2-e16a-4e04-ae13-d1edef15db85 {"SourceContext": "App.Features.Authentication.LoginCommandHandler", "ActionId": "e6f3b57b-8e8e-4d18-a9c8-27bcb23fe7a5", "ActionName": "Api.Controllers.AuthController.Login (Api)", "RequestId": "0HNFGUJ46SER7", "RequestPath": "/api/auth/login", "Application": "Crud.Api"}
Activity.TraceId:            1c0bf79bcb1150acfcd32e5b718deecc
Activity.SpanId:             6055dfa098d0ba3a
Activity.TraceFlags:         Recorded
Activity.ActivitySourceName: Microsoft.AspNetCore
Activity.DisplayName:        POST api/Auth/login
Activity.Kind:               Server
Activity.StartTime:          2025-09-11T05:33:54.6697373Z
Activity.Duration:           00:00:00.3021346
Activity.Tags:
    server.address: localhost
    http.request.method: POST
    url.scheme: http
    url.path: /api/auth/login
    network.protocol.version: 1.1
    http.route: api/Auth/login
    http.response.status_code: 200
Resource associated with Activity:
    deployment.environment: Testing
    service.name: Crud.Api
    service.version: 1.0.0
    service.instance.id: 15081513-c9e4-4e0d-aac5-97a71d5ef649
    telemetry.sdk.name: opentelemetry
    telemetry.sdk.language: dotnet
    telemetry.sdk.version: 1.8.1
[05:33:54 DBG] Cache miss for key: list:person {"SourceContext": "Infrastructure.Services.Caching.InMemoryCacheService", "ActionId": "5ae72748-2de5-4610-89e1-37298390b591", "ActionName": "Api.Controllers.PeopleController.List (Api)", "RequestId": "0HNFGUJ46SER8", "RequestPath": "/api/people", "Application": "Crud.Api"}
[05:33:54 DBG] Set cache value for key: list:person {"SourceContext": "Infrastructure.Services.Caching.InMemoryCacheService", "ActionId": "5ae72748-2de5-4610-89e1-37298390b591", "ActionName": "Api.Controllers.PeopleController.List (Api)", "RequestId": "0HNFGUJ46SER8", "RequestPath": "/api/people", "Application": "Crud.Api"}
Activity.TraceId:            3152678b5f02e02938fcca7900f44b61
Activity.SpanId:             40e67c00591abfa3
Activity.TraceFlags:         Recorded
Activity.ActivitySourceName: Microsoft.AspNetCore
Activity.DisplayName:        GET api/People
Activity.Kind:               Server
Activity.StartTime:          2025-09-11T05:33:54.9724896Z
Activity.Duration:           00:00:00.0311660
Activity.Tags:
    server.address: localhost
    http.request.method: GET
    url.scheme: http
    url.path: /api/people
    network.protocol.version: 1.1
    http.route: api/People
    http.response.status_code: 200
Resource associated with Activity:
    deployment.environment: Testing
    service.name: Crud.Api
    service.version: 1.0.0
    service.instance.id: 15081513-c9e4-4e0d-aac5-97a71d5ef649
    telemetry.sdk.name: opentelemetry
    telemetry.sdk.language: dotnet
    telemetry.sdk.version: 1.8.1
[05:33:55 DBG] Removed cache value for key: entity:person:11cd102dfdb84992b67763d052623b51 {"SourceContext": "Infrastructure.Services.Caching.InMemoryCacheService", "ActionId": "865a4284-4d15-4a4e-95ca-622e40a5f765", "ActionName": "Api.Controllers.PeopleController.Create (Api)", "RequestId": "0HNFGUJ46SER9", "RequestPath": "/api/people", "Application": "Crud.Api"}
[05:33:55 DBG] Removed cache value for key: list:person {"SourceContext": "Infrastructure.Services.Caching.InMemoryCacheService", "ActionId": "865a4284-4d15-4a4e-95ca-622e40a5f765", "ActionName": "Api.Controllers.PeopleController.Create (Api)", "RequestId": "0HNFGUJ46SER9", "RequestPath": "/api/people", "Application": "Crud.Api"}
[05:33:55 DBG] Invalidating cache for entity type: people with tag: people {"SourceContext": "Api.Services.OutputCacheInvalidationService", "ActionId": "865a4284-4d15-4a4e-95ca-622e40a5f765", "ActionName": "Api.Controllers.PeopleController.Create (Api)", "RequestId": "0HNFGUJ46SER9", "RequestPath": "/api/people", "Application": "Crud.Api"}
[05:33:55 INF] Successfully invalidated cache for entity type: people {"SourceContext": "Api.Services.OutputCacheInvalidationService", "ActionId": "865a4284-4d15-4a4e-95ca-622e40a5f765", "ActionName": "Api.Controllers.PeopleController.Create (Api)", "RequestId": "0HNFGUJ46SER9", "RequestPath": "/api/people", "Application": "Crud.Api"}
Activity.TraceId:            81c29764b31c783b1d9cd0196886f476
Activity.SpanId:             43d5a3a97a326e09
Activity.TraceFlags:         Recorded
Activity.ActivitySourceName: Microsoft.AspNetCore
Activity.DisplayName:        POST api/People
Activity.Kind:               Server
Activity.StartTime:          2025-09-11T05:33:55.0056652Z
Activity.Duration:           00:00:00.0190163
Activity.Tags:
    server.address: localhost
    http.request.method: POST
    url.scheme: http
    url.path: /api/people
    network.protocol.version: 1.1
    http.route: api/People
    http.response.status_code: 201
Resource associated with Activity:
    deployment.environment: Testing
    service.name: Crud.Api
    service.version: 1.0.0
    service.instance.id: 15081513-c9e4-4e0d-aac5-97a71d5ef649
    telemetry.sdk.name: opentelemetry
    telemetry.sdk.language: dotnet
    telemetry.sdk.version: 1.8.1
[05:33:55 DBG] Cache miss for key: list:person {"SourceContext": "Infrastructure.Services.Caching.InMemoryCacheService", "ActionId": "5ae72748-2de5-4610-89e1-37298390b591", "ActionName": "Api.Controllers.PeopleController.List (Api)", "RequestId": "0HNFGUJ46SERA", "RequestPath": "/api/people", "Application": "Crud.Api"}
[05:33:55 DBG] Set cache value for key: list:person {"SourceContext": "Infrastructure.Services.Caching.InMemoryCacheService", "ActionId": "5ae72748-2de5-4610-89e1-37298390b591", "ActionName": "Api.Controllers.PeopleController.List (Api)", "RequestId": "0HNFGUJ46SERA", "RequestPath": "/api/people", "Application": "Crud.Api"}
Activity.TraceId:            d538d1673e32785653c9155e9db394a8
Activity.SpanId:             a466f269aea3d481
Activity.TraceFlags:         Recorded
Activity.ActivitySourceName: Microsoft.AspNetCore
Activity.DisplayName:        GET api/People
Activity.Kind:               Server
Activity.StartTime:          2025-09-11T05:33:55.0248404Z
Activity.Duration:           00:00:00.0026663
Activity.Tags:
    server.address: localhost
    http.request.method: GET
    url.scheme: http
    url.path: /api/people
    network.protocol.version: 1.1
    http.route: api/People
    http.response.status_code: 200
Resource associated with Activity:
    deployment.environment: Testing
    service.name: Crud.Api
    service.version: 1.0.0
    service.instance.id: 15081513-c9e4-4e0d-aac5-97a71d5ef649
    telemetry.sdk.name: opentelemetry
    telemetry.sdk.language: dotnet
    telemetry.sdk.version: 1.8.1
[05:33:55 INF] Resetting database for worker 16373 {"SourceContext": "Infrastructure.Services.DatabaseTestService", "Application": "Crud.Api"}
[05:33:55 INF] Resetting database via file deletion for worker 16373 in CI environment {"SourceContext": "Infrastructure.Services.DatabaseTestService", "Application": "Crud.Api"}
[05:33:55 INF] Acquiring database mutex for worker 16373... {"SourceContext": "Infrastructure.Services.DatabaseTestService", "Application": "Crud.Api"}
[05:33:55 INF] Database mutex acquired for worker 16373 {"SourceContext": "Infrastructure.Services.DatabaseTestService", "Application": "Crud.Api"}
[05:33:55 INF] Current database state - CanConnect: True {"SourceContext": "Infrastructure.Services.DatabaseTestService", "Application": "Crud.Api"}
[05:33:55 INF] [Phase 0] Closing database connection for worker 16373... {"SourceContext": "Infrastructure.Services.DatabaseTestService", "Application": "Crud.Api"}
[05:33:55 INF] [Phase 0] Connection closed in 0.0018ms {"SourceContext": "Infrastructure.Services.DatabaseTestService", "Application": "Crud.Api"}
[05:33:55 INF] [Phase 1] Starting EnsureDeletedAsync for worker 16373... {"SourceContext": "Infrastructure.Services.DatabaseTestService", "Application": "Crud.Api"}
[05:33:55 INF] [Phase 1] EnsureDeletedAsync completed in 1.1681ms {"SourceContext": "Infrastructure.Services.DatabaseTestService", "Application": "Crud.Api"}
[05:33:55 INF] [Phase 2] Starting EnsureCreatedAsync for worker 16373... {"SourceContext": "Infrastructure.Services.DatabaseTestService", "Application": "Crud.Api"}
[05:33:55 INF] [Phase 2] EnsureCreatedAsync completed in 12.1738ms {"SourceContext": "Infrastructure.Services.DatabaseTestService", "Application": "Crud.Api"}
[05:33:55 INF] [Phase 3] Skipping database seeding as requested for worker 16373 {"SourceContext": "Infrastructure.Services.DatabaseTestService", "Application": "Crud.Api"}
[05:33:55 INF] Database reset via file deletion completed for worker 16373 in 113.9177ms (Close: 0.0018ms, Delete: 1.1681ms, Create: 12.1738ms) {"SourceContext": "Infrastructure.Services.DatabaseTestService", "Application": "Crud.Api"}
[05:33:55 INF] Releasing database mutex for worker 16373 {"SourceContext": "Infrastructure.Services.DatabaseTestService", "Application": "Crud.Api"}
[05:33:55 INF] Resetting database for worker 16373 {"SourceContext": "Infrastructure.Services.DatabaseTestService", "Application": "Crud.Api"}
[05:33:55 INF] Resetting database via file deletion for worker 16373 in CI environment {"SourceContext": "Infrastructure.Services.DatabaseTestService", "Application": "Crud.Api"}
[05:33:55 INF] Acquiring database mutex for worker 16373... {"SourceContext": "Infrastructure.Services.DatabaseTestService", "Application": "Crud.Api"}
[05:33:55 INF] Database mutex acquired for worker 16373 {"SourceContext": "Infrastructure.Services.DatabaseTestService", "Application": "Crud.Api"}
[05:33:55 INF] Current database state - CanConnect: True {"SourceContext": "Infrastructure.Services.DatabaseTestService", "Application": "Crud.Api"}
[05:33:55 INF] [Phase 0] Closing database connection for worker 16373... {"SourceContext": "Infrastructure.Services.DatabaseTestService", "Application": "Crud.Api"}
[05:33:55 INF] [Phase 0] Connection closed in 0.0018ms {"SourceContext": "Infrastructure.Services.DatabaseTestService", "Application": "Crud.Api"}
[05:33:55 INF] [Phase 1] Starting EnsureDeletedAsync for worker 16373... {"SourceContext": "Infrastructure.Services.DatabaseTestService", "Application": "Crud.Api"}
[05:33:55 INF] [Phase 1] EnsureDeletedAsync completed in 1.068ms {"SourceContext": "Infrastructure.Services.DatabaseTestService", "Application": "Crud.Api"}
[05:33:55 INF] [Phase 2] Starting EnsureCreatedAsync for worker 16373... {"SourceContext": "Infrastructure.Services.DatabaseTestService", "Application": "Crud.Api"}
[05:33:55 INF] [Phase 2] EnsureCreatedAsync completed in 11.8607ms {"SourceContext": "Infrastructure.Services.DatabaseTestService", "Application": "Crud.Api"}
[05:33:55 INF] [Phase 3] Skipping database seeding as requested for worker 16373 {"SourceContext": "Infrastructure.Services.DatabaseTestService", "Application": "Crud.Api"}
[05:33:55 INF] Database reset via file deletion completed for worker 16373 in 113.1081ms (Close: 0.0018ms, Delete: 1.068ms, Create: 11.8607ms) {"SourceContext": "Infrastructure.Services.DatabaseTestService", "Application": "Crud.Api"}
[05:33:55 INF] Releasing database mutex for worker 16373 {"SourceContext": "Infrastructure.Services.DatabaseTestService", "Application": "Crud.Api"}
[05:33:55 INF] User registered successfully: b1262a39-b709-410e-a761-70eba20b0e28 {"SourceContext": "App.Features.Authentication.RegisterUserCommandHandler", "ActionId": "3217664d-6317-4571-9243-a305f6f673c4", "ActionName": "Api.Controllers.AuthController.Register (Api)", "RequestId": "0HNFGUJ46SERB", "RequestPath": "/api/auth/register", "Application": "Crud.Api"}
Activity.TraceId:            abc8a110f52a12eb79b0a57aa751541d
Activity.SpanId:             0406349473370e32
Activity.TraceFlags:         Recorded
Activity.ActivitySourceName: Microsoft.AspNetCore
Activity.DisplayName:        POST api/Auth/register
Activity.Kind:               Server
Activity.StartTime:          2025-09-11T05:33:55.2619606Z
Activity.Duration:           00:00:00.3023436
Activity.Tags:
    server.address: localhost
    http.request.method: POST
    url.scheme: http
    url.path: /api/auth/register
    network.protocol.version: 1.1
    http.route: api/Auth/register
    http.response.status_code: 200
Resource associated with Activity:
    deployment.environment: Testing
    service.name: Crud.Api
    service.version: 1.0.0
    service.instance.id: 15081513-c9e4-4e0d-aac5-97a71d5ef649
    telemetry.sdk.name: opentelemetry
    telemetry.sdk.language: dotnet
    telemetry.sdk.version: 1.8.1
[05:33:55 DBG] Cache hit for key: list:role {"SourceContext": "Infrastructure.Services.Caching.InMemoryCacheService", "ActionId": "27ff0c6c-6f00-4163-aadd-04646cd932d4", "ActionName": "Api.Controllers.RolesController.List (Api)", "RequestId": "0HNFGUJ46SERC", "RequestPath": "/api/roles", "Application": "Crud.Api"}
Activity.TraceId:            33326b4e1c8b317129f54d3238878f94
Activity.SpanId:             a532d56ae2a8c514
Activity.TraceFlags:         Recorded
Activity.ActivitySourceName: Microsoft.AspNetCore
Activity.DisplayName:        GET api/Roles
Activity.Kind:               Server
Activity.StartTime:          2025-09-11T05:33:55.5652169Z
Activity.Duration:           00:00:00.0024699
Activity.Tags:
    server.address: localhost
    http.request.method: GET
    url.scheme: http
    url.path: /api/roles
    network.protocol.version: 1.1
    http.route: api/Roles
    http.response.status_code: 200
Resource associated with Activity:
    deployment.environment: Testing
    service.name: Crud.Api
    service.version: 1.0.0
    service.instance.id: 15081513-c9e4-4e0d-aac5-97a71d5ef649
    telemetry.sdk.name: opentelemetry
    telemetry.sdk.language: dotnet
    telemetry.sdk.version: 1.8.1
[05:33:55 DBG] Cache hit for key: list:role {"SourceContext": "Infrastructure.Services.Caching.InMemoryCacheService", "ActionId": "27ff0c6c-6f00-4163-aadd-04646cd932d4", "ActionName": "Api.Controllers.RolesController.List (Api)", "RequestId": "0HNFGUJ46SERD", "RequestPath": "/api/roles", "Application": "Crud.Api"}
Activity.TraceId:            50d6da49bb98b0d08023263a55b8c2e4
Activity.SpanId:             dbdd73e42b05e689
Activity.TraceFlags:         Recorded
Activity.ActivitySourceName: Microsoft.AspNetCore
Activity.DisplayName:        GET api/Roles
Activity.Kind:               Server
Activity.StartTime:          2025-09-11T05:33:55.5679785Z
Activity.Duration:           00:00:00.0014849
Activity.Tags:
    server.address: localhost
    http.request.method: GET
    url.scheme: http
    url.path: /api/roles
    network.protocol.version: 1.1
    http.route: api/Roles
    http.response.status_code: 200
Resource associated with Activity:
    deployment.environment: Testing
    service.name: Crud.Api
    service.version: 1.0.0
    service.instance.id: 15081513-c9e4-4e0d-aac5-97a71d5ef649
    telemetry.sdk.name: opentelemetry
    telemetry.sdk.language: dotnet
    telemetry.sdk.version: 1.8.1
[05:33:55 DBG] Cache hit for key: list:role {"SourceContext": "Infrastructure.Services.Caching.InMemoryCacheService", "ActionId": "27ff0c6c-6f00-4163-aadd-04646cd932d4", "ActionName": "Api.Controllers.RolesController.List (Api)", "RequestId": "0HNFGUJ46SERE", "RequestPath": "/api/roles", "Application": "Crud.Api"}
Activity.TraceId:            5d68d9b4c5637efc5ccc2411d2eb166f
Activity.SpanId:             1b2a6ea04ba5adcf
Activity.TraceFlags:         Recorded
Activity.ActivitySourceName: Microsoft.AspNetCore
Activity.DisplayName:        GET api/Roles
Activity.Kind:               Server
Activity.StartTime:          2025-09-11T05:33:55.5708224Z
Activity.Duration:           00:00:00.0005904
Activity.Tags:
    server.address: localhost
    http.request.method: GET
    url.scheme: http
    url.path: /api/roles
    network.protocol.version: 1.1
    http.route: api/Roles
    http.response.status_code: 200
Resource associated with Activity:
    deployment.environment: Testing
    service.name: Crud.Api
    service.version: 1.0.0
    service.instance.id: 15081513-c9e4-4e0d-aac5-97a71d5ef649
    telemetry.sdk.name: opentelemetry
    telemetry.sdk.language: dotnet
    telemetry.sdk.version: 1.8.1
[05:33:55 DBG] Cache hit for key: list:role {"SourceContext": "Infrastructure.Services.Caching.InMemoryCacheService", "ActionId": "27ff0c6c-6f00-4163-aadd-04646cd932d4", "ActionName": "Api.Controllers.RolesController.List (Api)", "RequestId": "0HNFGUJ46SERF", "RequestPath": "/api/roles", "Application": "Crud.Api"}
Activity.TraceId:            aed9cfcaf5477735d27d40e9a146c239
Activity.SpanId:             62afa600a27beb0e
Activity.TraceFlags:         Recorded
Activity.ActivitySourceName: Microsoft.AspNetCore
Activity.DisplayName:        GET api/Roles
Activity.Kind:               Server
Activity.StartTime:          2025-09-11T05:33:55.5715310Z
Activity.Duration:           00:00:00.0005550
Activity.Tags:
    server.address: localhost
    http.request.method: GET
    url.scheme: http
    url.path: /api/roles
    network.protocol.version: 1.1
    http.route: api/Roles
    http.response.status_code: 200
Resource associated with Activity:
    deployment.environment: Testing
    service.name: Crud.Api
    service.version: 1.0.0
    service.instance.id: 15081513-c9e4-4e0d-aac5-97a71d5ef649
    telemetry.sdk.name: opentelemetry
    telemetry.sdk.language: dotnet
    telemetry.sdk.version: 1.8.1
[05:33:55 DBG] Cache hit for key: list:role {"SourceContext": "Infrastructure.Services.Caching.InMemoryCacheService", "ActionId": "27ff0c6c-6f00-4163-aadd-04646cd932d4", "ActionName": "Api.Controllers.RolesController.List (Api)", "RequestId": "0HNFGUJ46SERG", "RequestPath": "/api/roles", "Application": "Crud.Api"}
Activity.TraceId:            8f9c5d02528a37349a74dfc56cefd42b
Activity.SpanId:             c45c8e3b45ab9e15
Activity.TraceFlags:         Recorded
Activity.ActivitySourceName: Microsoft.AspNetCore
Activity.DisplayName:        GET api/Roles
Activity.Kind:               Server
Activity.StartTime:          2025-09-11T05:33:55.5723192Z
Activity.Duration:           00:00:00.0005521
Activity.Tags:
    server.address: localhost
    http.request.method: GET
    url.scheme: http
    url.path: /api/roles
    network.protocol.version: 1.1
    http.route: api/Roles
    http.response.status_code: 200
Resource associated with Activity:
    deployment.environment: Testing
    service.name: Crud.Api
    service.version: 1.0.0
    service.instance.id: 15081513-c9e4-4e0d-aac5-97a71d5ef649
    telemetry.sdk.name: opentelemetry
    telemetry.sdk.language: dotnet
    telemetry.sdk.version: 1.8.1
[05:33:55 DBG] Cache hit for key: list:role {"SourceContext": "Infrastructure.Services.Caching.InMemoryCacheService", "ActionId": "27ff0c6c-6f00-4163-aadd-04646cd932d4", "ActionName": "Api.Controllers.RolesController.List (Api)", "RequestId": "0HNFGUJ46SERH", "RequestPath": "/api/roles", "Application": "Crud.Api"}
Activity.TraceId:            1459a1509db3609b66a0f0ac549324e1
Activity.SpanId:             3138457830192fa4
Activity.TraceFlags:         Recorded
Activity.ActivitySourceName: Microsoft.AspNetCore
Activity.DisplayName:        GET api/Roles
Activity.Kind:               Server
Activity.StartTime:          2025-09-11T05:33:55.5730794Z
Activity.Duration:           00:00:00.0006170
Activity.Tags:
    server.address: localhost
    http.request.method: GET
    url.scheme: http
    url.path: /api/roles
    network.protocol.version: 1.1
    http.route: api/Roles
    http.response.status_code: 200
Resource associated with Activity:
    deployment.environment: Testing
    service.name: Crud.Api
    service.version: 1.0.0
    service.instance.id: 15081513-c9e4-4e0d-aac5-97a71d5ef649
    telemetry.sdk.name: opentelemetry
    telemetry.sdk.language: dotnet
    telemetry.sdk.version: 1.8.1
[05:33:55 DBG] Cache hit for key: list:role {"SourceContext": "Infrastructure.Services.Caching.InMemoryCacheService", "ActionId": "27ff0c6c-6f00-4163-aadd-04646cd932d4", "ActionName": "Api.Controllers.RolesController.List (Api)", "RequestId": "0HNFGUJ46SERI", "RequestPath": "/api/roles", "Application": "Crud.Api"}
Activity.TraceId:            64a4e43010c486d9ff3e334e6ff55e44
Activity.SpanId:             7872d80a3d90ed57
Activity.TraceFlags:         Recorded
Activity.ActivitySourceName: Microsoft.AspNetCore
Activity.DisplayName:        GET api/Roles
Activity.Kind:               Server
Activity.StartTime:          2025-09-11T05:33:55.5738077Z
Activity.Duration:           00:00:00.0006403
Activity.Tags:
    server.address: localhost
    http.request.method: GET
    url.scheme: http
    url.path: /api/roles
    network.protocol.version: 1.1
    http.route: api/Roles
    http.response.status_code: 200
Resource associated with Activity:
    deployment.environment: Testing
    service.name: Crud.Api
    service.version: 1.0.0
    service.instance.id: 15081513-c9e4-4e0d-aac5-97a71d5ef649
    telemetry.sdk.name: opentelemetry
    telemetry.sdk.language: dotnet
    telemetry.sdk.version: 1.8.1
[05:33:55 DBG] Cache hit for key: list:role {"SourceContext": "Infrastructure.Services.Caching.InMemoryCacheService", "ActionId": "27ff0c6c-6f00-4163-aadd-04646cd932d4", "ActionName": "Api.Controllers.RolesController.List (Api)", "RequestId": "0HNFGUJ46SERJ", "RequestPath": "/api/roles", "Application": "Crud.Api"}
Activity.TraceId:            cf3ef90cd2ce4a63859122329a81bea7
Activity.SpanId:             88d43f504b4bf3b1
Activity.TraceFlags:         Recorded
Activity.ActivitySourceName: Microsoft.AspNetCore
Activity.DisplayName:        GET api/Roles
Activity.Kind:               Server
Activity.StartTime:          2025-09-11T05:33:55.5746360Z
Activity.Duration:           00:00:00.0005738
Activity.Tags:
    server.address: localhost
    http.request.method: GET
    url.scheme: http
    url.path: /api/roles
    network.protocol.version: 1.1
    http.route: api/Roles
    http.response.status_code: 200
Resource associated with Activity:
    deployment.environment: Testing
    service.name: Crud.Api
    service.version: 1.0.0
    service.instance.id: 15081513-c9e4-4e0d-aac5-97a71d5ef649
    telemetry.sdk.name: opentelemetry
    telemetry.sdk.language: dotnet
    telemetry.sdk.version: 1.8.1
[05:33:55 DBG] Cache hit for key: list:role {"SourceContext": "Infrastructure.Services.Caching.InMemoryCacheService", "ActionId": "27ff0c6c-6f00-4163-aadd-04646cd932d4", "ActionName": "Api.Controllers.RolesController.List (Api)", "RequestId": "0HNFGUJ46SERK", "RequestPath": "/api/roles", "Application": "Crud.Api"}
Activity.TraceId:            d304de7a3cc89e2d5c289a0545a9fb0b
Activity.SpanId:             61f4bec7a58ead7e
Activity.TraceFlags:         Recorded
Activity.ActivitySourceName: Microsoft.AspNetCore
Activity.DisplayName:        GET api/Roles
Activity.Kind:               Server
Activity.StartTime:          2025-09-11T05:33:55.5753977Z
Activity.Duration:           00:00:00.0005608
Activity.Tags:
    server.address: localhost
    http.request.method: GET
    url.scheme: http
    url.path: /api/roles
    network.protocol.version: 1.1
    http.route: api/Roles
    http.response.status_code: 200
Resource associated with Activity:
    deployment.environment: Testing
    service.name: Crud.Api
    service.version: 1.0.0
    service.instance.id: 15081513-c9e4-4e0d-aac5-97a71d5ef649
    telemetry.sdk.name: opentelemetry
    telemetry.sdk.language: dotnet
    telemetry.sdk.version: 1.8.1
[05:33:55 DBG] Cache hit for key: list:role {"SourceContext": "Infrastructure.Services.Caching.InMemoryCacheService", "ActionId": "27ff0c6c-6f00-4163-aadd-04646cd932d4", "ActionName": "Api.Controllers.RolesController.List (Api)", "RequestId": "0HNFGUJ46SERL", "RequestPath": "/api/roles", "Application": "Crud.Api"}
Activity.TraceId:            ad3221d39d801d9fe64cc26d7d772c63
Activity.SpanId:             ecfb6e108b2386e9
Activity.TraceFlags:         Recorded
Activity.ActivitySourceName: Microsoft.AspNetCore
Activity.DisplayName:        GET api/Roles
Activity.Kind:               Server
Activity.StartTime:          2025-09-11T05:33:55.5762438Z
Activity.Duration:           00:00:00.0009840
Activity.Tags:
    server.address: localhost
    http.request.method: GET
    url.scheme: http
    url.path: /api/roles
    network.protocol.version: 1.1
    http.route: api/Roles
    http.response.status_code: 200
Resource associated with Activity:
    deployment.environment: Testing
    service.name: Crud.Api
    service.version: 1.0.0
    service.instance.id: 15081513-c9e4-4e0d-aac5-97a71d5ef649
    telemetry.sdk.name: opentelemetry
    telemetry.sdk.language: dotnet
    telemetry.sdk.version: 1.8.1
[05:33:55 DBG] Cache hit for key: list:role {"SourceContext": "Infrastructure.Services.Caching.InMemoryCacheService", "ActionId": "27ff0c6c-6f00-4163-aadd-04646cd932d4", "ActionName": "Api.Controllers.RolesController.List (Api)", "RequestId": "0HNFGUJ46SERM", "RequestPath": "/api/roles", "Application": "Crud.Api"}
Activity.TraceId:            51dd497ac3a7b1b7d60129f50584a166
Activity.SpanId:             87ca97e749544d35
Activity.TraceFlags:         Recorded
Activity.ActivitySourceName: Microsoft.AspNetCore
Activity.DisplayName:        GET api/Roles
Activity.Kind:               Server
Activity.StartTime:          2025-09-11T05:33:55.5771731Z
Activity.Duration:           00:00:00.0006628
Activity.Tags:
    server.address: localhost
    http.request.method: GET
    url.scheme: http
    url.path: /api/roles
    network.protocol.version: 1.1
    http.route: api/Roles
    http.response.status_code: 200
Resource associated with Activity:
    deployment.environment: Testing
    service.name: Crud.Api
    service.version: 1.0.0
    service.instance.id: 15081513-c9e4-4e0d-aac5-97a71d5ef649
    telemetry.sdk.name: opentelemetry
    telemetry.sdk.language: dotnet
    telemetry.sdk.version: 1.8.1
[05:33:55 INF] Resetting database for worker 16373 {"SourceContext": "Infrastructure.Services.DatabaseTestService", "Application": "Crud.Api"}
[05:33:55 INF] Resetting database via file deletion for worker 16373 in CI environment {"SourceContext": "Infrastructure.Services.DatabaseTestService", "Application": "Crud.Api"}
[05:33:55 INF] Acquiring database mutex for worker 16373... {"SourceContext": "Infrastructure.Services.DatabaseTestService", "Application": "Crud.Api"}
[05:33:55 INF] Database mutex acquired for worker 16373 {"SourceContext": "Infrastructure.Services.DatabaseTestService", "Application": "Crud.Api"}
[05:33:55 INF] Current database state - CanConnect: True {"SourceContext": "Infrastructure.Services.DatabaseTestService", "Application": "Crud.Api"}
[05:33:55 INF] [Phase 0] Closing database connection for worker 16373... {"SourceContext": "Infrastructure.Services.DatabaseTestService", "Application": "Crud.Api"}
[05:33:55 INF] [Phase 0] Connection closed in 0.0018ms {"SourceContext": "Infrastructure.Services.DatabaseTestService", "Application": "Crud.Api"}
[05:33:55 INF] [Phase 1] Starting EnsureDeletedAsync for worker 16373... {"SourceContext": "Infrastructure.Services.DatabaseTestService", "Application": "Crud.Api"}
[05:33:55 INF] [Phase 1] EnsureDeletedAsync completed in 1.2079ms {"SourceContext": "Infrastructure.Services.DatabaseTestService", "Application": "Crud.Api"}
[05:33:55 INF] [Phase 2] Starting EnsureCreatedAsync for worker 16373... {"SourceContext": "Infrastructure.Services.DatabaseTestService", "Application": "Crud.Api"}
[05:33:55 INF] [Phase 2] EnsureCreatedAsync completed in 9.1391ms {"SourceContext": "Infrastructure.Services.DatabaseTestService", "Application": "Crud.Api"}
[05:33:55 INF] [Phase 3] Skipping database seeding as requested for worker 16373 {"SourceContext": "Infrastructure.Services.DatabaseTestService", "Application": "Crud.Api"}
[05:33:55 INF] Database reset via file deletion completed for worker 16373 in 111.5128ms (Close: 0.0018ms, Delete: 1.2079ms, Create: 9.1391ms) {"SourceContext": "Infrastructure.Services.DatabaseTestService", "Application": "Crud.Api"}
[05:33:55 INF] Releasing database mutex for worker 16373 {"SourceContext": "Infrastructure.Services.DatabaseTestService", "Application": "Crud.Api"}
[05:33:55 INF] Resetting database for worker 16373 {"SourceContext": "Infrastructure.Services.DatabaseTestService", "Application": "Crud.Api"}
[05:33:55 INF] Resetting database via file deletion for worker 16373 in CI environment {"SourceContext": "Infrastructure.Services.DatabaseTestService", "Application": "Crud.Api"}
[05:33:55 INF] Acquiring database mutex for worker 16373... {"SourceContext": "Infrastructure.Services.DatabaseTestService", "Application": "Crud.Api"}
[05:33:55 INF] Database mutex acquired for worker 16373 {"SourceContext": "Infrastructure.Services.DatabaseTestService", "Application": "Crud.Api"}
[05:33:55 INF] Current database state - CanConnect: True {"SourceContext": "Infrastructure.Services.DatabaseTestService", "Application": "Crud.Api"}
[05:33:55 INF] [Phase 0] Closing database connection for worker 16373... {"SourceContext": "Infrastructure.Services.DatabaseTestService", "Application": "Crud.Api"}
[05:33:55 INF] [Phase 0] Connection closed in 0.0034ms {"SourceContext": "Infrastructure.Services.DatabaseTestService", "Application": "Crud.Api"}
[05:33:55 INF] [Phase 1] Starting EnsureDeletedAsync for worker 16373... {"SourceContext": "Infrastructure.Services.DatabaseTestService", "Application": "Crud.Api"}
[05:33:55 INF] [Phase 1] EnsureDeletedAsync completed in 1.2681ms {"SourceContext": "Infrastructure.Services.DatabaseTestService", "Application": "Crud.Api"}
[05:33:55 INF] [Phase 2] Starting EnsureCreatedAsync for worker 16373... {"SourceContext": "Infrastructure.Services.DatabaseTestService", "Application": "Crud.Api"}
[05:33:55 INF] [Phase 2] EnsureCreatedAsync completed in 12.5039ms {"SourceContext": "Infrastructure.Services.DatabaseTestService", "Application": "Crud.Api"}
[05:33:55 INF] [Phase 3] Skipping database seeding as requested for worker 16373 {"SourceContext": "Infrastructure.Services.DatabaseTestService", "Application": "Crud.Api"}
[05:33:55 INF] Database reset via file deletion completed for worker 16373 in 114.4769ms (Close: 0.0034ms, Delete: 1.2681ms, Create: 12.5039ms) {"SourceContext": "Infrastructure.Services.DatabaseTestService", "Application": "Crud.Api"}
[05:33:55 INF] Releasing database mutex for worker 16373 {"SourceContext": "Infrastructure.Services.DatabaseTestService", "Application": "Crud.Api"}
[05:33:56 INF] User registered successfully: 51bbd70e-db71-45c3-bf3e-c9f396d0554c {"SourceContext": "App.Features.Authentication.RegisterUserCommandHandler", "ActionId": "3217664d-6317-4571-9243-a305f6f673c4", "ActionName": "Api.Controllers.AuthController.Register (Api)", "RequestId": "0HNFGUJ46SERN", "RequestPath": "/api/auth/register", "Application": "Crud.Api"}
Activity.TraceId:            51c351e5fe4e3ebdcaa0e1c25e91df8f
Activity.SpanId:             52d91f629d6597bf
Activity.TraceFlags:         Recorded
Activity.ActivitySourceName: Microsoft.AspNetCore
Activity.DisplayName:        POST api/Auth/register
Activity.Kind:               Server
Activity.StartTime:          2025-09-11T05:33:55.8184489Z
Activity.Duration:           00:00:00.2967980
Activity.Tags:
    server.address: localhost
    http.request.method: POST
    url.scheme: http
    url.path: /api/auth/register
    network.protocol.version: 1.1
    http.route: api/Auth/register
    http.response.status_code: 200
Resource associated with Activity:
    deployment.environment: Testing
    service.name: Crud.Api
    service.version: 1.0.0
    service.instance.id: 15081513-c9e4-4e0d-aac5-97a71d5ef649
    telemetry.sdk.name: opentelemetry
    telemetry.sdk.language: dotnet
    telemetry.sdk.version: 1.8.1
[05:33:56 INF] User registered successfully: 5eacfd92-b972-4c21-b55f-e6a362a24a71 {"SourceContext": "App.Features.Authentication.RegisterUserCommandHandler", "ActionId": "3217664d-6317-4571-9243-a305f6f673c4", "ActionName": "Api.Controllers.AuthController.Register (Api)", "RequestId": "0HNFGUJ46SERO", "RequestPath": "/api/auth/register", "Application": "Crud.Api"}
Activity.TraceId:            281af378b4941fcf4e620cde138d8bf8
Activity.SpanId:             9daf54dba3ec7b3d
Activity.TraceFlags:         Recorded
Activity.ActivitySourceName: Microsoft.AspNetCore
Activity.DisplayName:        POST api/Auth/register
Activity.Kind:               Server
Activity.StartTime:          2025-09-11T05:33:56.1159735Z
Activity.Duration:           00:00:00.2992840
Activity.Tags:
    server.address: localhost
    http.request.method: POST
    url.scheme: http
    url.path: /api/auth/register
    network.protocol.version: 1.1
    http.route: api/Auth/register
    http.response.status_code: 200
Resource associated with Activity:
    deployment.environment: Testing
    service.name: Crud.Api
    service.version: 1.0.0
    service.instance.id: 15081513-c9e4-4e0d-aac5-97a71d5ef649
    telemetry.sdk.name: opentelemetry
    telemetry.sdk.language: dotnet
    telemetry.sdk.version: 1.8.1
[05:33:56 INF] User logged in successfully: 5eacfd92-b972-4c21-b55f-e6a362a24a71 {"SourceContext": "App.Features.Authentication.LoginCommandHandler", "ActionId": "e6f3b57b-8e8e-4d18-a9c8-27bcb23fe7a5", "ActionName": "Api.Controllers.AuthController.Login (Api)", "RequestId": "0HNFGUJ46SERP", "RequestPath": "/api/auth/login", "Application": "Crud.Api"}
Activity.TraceId:            7a73ace63011b01364bd65e4eaddac1c
Activity.SpanId:             7213c5a429d462e1
Activity.TraceFlags:         Recorded
Activity.ActivitySourceName: Microsoft.AspNetCore
Activity.DisplayName:        POST api/Auth/login
Activity.Kind:               Server
Activity.StartTime:          2025-09-11T05:33:56.4171145Z
Activity.Duration:           00:00:00.3013804
Activity.Tags:
    server.address: localhost
    http.request.method: POST
    url.scheme: http
    url.path: /api/auth/login
    network.protocol.version: 1.1
    http.route: api/Auth/login
    http.response.status_code: 200
Resource associated with Activity:
    deployment.environment: Testing
    service.name: Crud.Api
    service.version: 1.0.0
    service.instance.id: 15081513-c9e4-4e0d-aac5-97a71d5ef649
    telemetry.sdk.name: opentelemetry
    telemetry.sdk.language: dotnet
    telemetry.sdk.version: 1.8.1
[05:33:56 DBG] Cache hit for key: list:person {"SourceContext": "Infrastructure.Services.Caching.InMemoryCacheService", "ActionId": "5ae72748-2de5-4610-89e1-37298390b591", "ActionName": "Api.Controllers.PeopleController.List (Api)", "RequestId": "0HNFGUJ46SERQ", "RequestPath": "/api/people", "Application": "Crud.Api"}
Activity.TraceId:            da34305531e8a1221d35900ab3e1eab2
Activity.SpanId:             653dcac3c56569ab
Activity.TraceFlags:         Recorded
Activity.ActivitySourceName: Microsoft.AspNetCore
Activity.DisplayName:        GET api/People
Activity.Kind:               Server
Activity.StartTime:          2025-09-11T05:33:56.7189142Z
Activity.Duration:           00:00:00.0021472
Activity.Tags:
    server.address: localhost
    http.request.method: GET
    url.scheme: http
    url.path: /api/people
    network.protocol.version: 1.1
    http.route: api/People
    http.response.status_code: 200
Resource associated with Activity:
    deployment.environment: Testing
    service.name: Crud.Api
    service.version: 1.0.0
    service.instance.id: 15081513-c9e4-4e0d-aac5-97a71d5ef649
    telemetry.sdk.name: opentelemetry
    telemetry.sdk.language: dotnet
    telemetry.sdk.version: 1.8.1
[05:33:56 DBG] Cache hit for key: list:person {"SourceContext": "Infrastructure.Services.Caching.InMemoryCacheService", "ActionId": "5ae72748-2de5-4610-89e1-37298390b591", "ActionName": "Api.Controllers.PeopleController.List (Api)", "RequestId": "0HNFGUJ46SERR", "RequestPath": "/api/people", "Application": "Crud.Api"}
Activity.TraceId:            6f7beb6858710c30340f47c2a0d9240f
Activity.SpanId:             acf3b2a175a9541c
Activity.TraceFlags:         Recorded
Activity.ActivitySourceName: Microsoft.AspNetCore
Activity.DisplayName:        GET api/People
Activity.Kind:               Server
Activity.StartTime:          2025-09-11T05:33:56.7212642Z
Activity.Duration:           00:00:00.0005357
Activity.Tags:
    server.address: localhost
    http.request.method: GET
    url.scheme: http
    url.path: /api/people
    network.protocol.version: 1.1
    http.route: api/People
    http.response.status_code: 200
Resource associated with Activity:
    deployment.environment: Testing
    service.name: Crud.Api
    service.version: 1.0.0
    service.instance.id: 15081513-c9e4-4e0d-aac5-97a71d5ef649
    telemetry.sdk.name: opentelemetry
    telemetry.sdk.language: dotnet
    telemetry.sdk.version: 1.8.1
[05:33:56 DBG] Cache hit for key: list:person {"SourceContext": "Infrastructure.Services.Caching.InMemoryCacheService", "ActionId": "5ae72748-2de5-4610-89e1-37298390b591", "ActionName": "Api.Controllers.PeopleController.List (Api)", "RequestId": "0HNFGUJ46SERS", "RequestPath": "/api/people", "Application": "Crud.Api"}
[05:33:56 DBG] Returning 304 Not Modified for /api/people (ETag match) {"SourceContext": "Api.Filters.ConditionalRequestFilter", "ActionId": "5ae72748-2de5-4610-89e1-37298390b591", "ActionName": "Api.Controllers.PeopleController.List (Api)", "RequestId": "0HNFGUJ46SERS", "RequestPath": "/api/people", "Application": "Crud.Api"}
Activity.TraceId:            4bb0e055bafddf153e77838eabb45aa1
Activity.SpanId:             f7040aac90c16f9d
Activity.TraceFlags:         Recorded
Activity.ActivitySourceName: Microsoft.AspNetCore
Activity.DisplayName:        GET api/People
Activity.Kind:               Server
Activity.StartTime:          2025-09-11T05:33:56.7231821Z
Activity.Duration:           00:00:00.0012345
Activity.Tags:
    server.address: localhost
    http.request.method: GET
    url.scheme: http
    url.path: /api/people
    network.protocol.version: 1.1
    http.route: api/People
    http.response.status_code: 200
Resource associated with Activity:
    deployment.environment: Testing
    service.name: Crud.Api
    service.version: 1.0.0
    service.instance.id: 15081513-c9e4-4e0d-aac5-97a71d5ef649
    telemetry.sdk.name: opentelemetry
    telemetry.sdk.language: dotnet
    telemetry.sdk.version: 1.8.1
[05:33:56 INF] Resetting database for worker 16373 {"SourceContext": "Infrastructure.Services.DatabaseTestService", "Application": "Crud.Api"}
[05:33:56 INF] Resetting database via file deletion for worker 16373 in CI environment {"SourceContext": "Infrastructure.Services.DatabaseTestService", "Application": "Crud.Api"}
[05:33:56 INF] Acquiring database mutex for worker 16373... {"SourceContext": "Infrastructure.Services.DatabaseTestService", "Application": "Crud.Api"}
[05:33:56 INF] Database mutex acquired for worker 16373 {"SourceContext": "Infrastructure.Services.DatabaseTestService", "Application": "Crud.Api"}
[05:33:56 INF] Current database state - CanConnect: True {"SourceContext": "Infrastructure.Services.DatabaseTestService", "Application": "Crud.Api"}
[05:33:56 INF] [Phase 0] Closing database connection for worker 16373... {"SourceContext": "Infrastructure.Services.DatabaseTestService", "Application": "Crud.Api"}
[05:33:56 INF] [Phase 0] Connection closed in 0.0024ms {"SourceContext": "Infrastructure.Services.DatabaseTestService", "Application": "Crud.Api"}
[05:33:56 INF] [Phase 1] Starting EnsureDeletedAsync for worker 16373... {"SourceContext": "Infrastructure.Services.DatabaseTestService", "Application": "Crud.Api"}
[05:33:56 INF] [Phase 1] EnsureDeletedAsync completed in 1.2873ms {"SourceContext": "Infrastructure.Services.DatabaseTestService", "Application": "Crud.Api"}
[05:33:56 INF] [Phase 2] Starting EnsureCreatedAsync for worker 16373... {"SourceContext": "Infrastructure.Services.DatabaseTestService", "Application": "Crud.Api"}
[05:33:56 INF] [Phase 2] EnsureCreatedAsync completed in 7.9717ms {"SourceContext": "Infrastructure.Services.DatabaseTestService", "Application": "Crud.Api"}
[05:33:56 INF] [Phase 3] Skipping database seeding as requested for worker 16373 {"SourceContext": "Infrastructure.Services.DatabaseTestService", "Application": "Crud.Api"}
[05:33:56 INF] Database reset via file deletion completed for worker 16373 in 109.5395ms (Close: 0.0024ms, Delete: 1.2873ms, Create: 7.9717ms) {"SourceContext": "Infrastructure.Services.DatabaseTestService", "Application": "Crud.Api"}
[05:33:56 INF] Releasing database mutex for worker 16373 {"SourceContext": "Infrastructure.Services.DatabaseTestService", "Application": "Crud.Api"}
[05:33:56 INF] Resetting database for worker 16373 {"SourceContext": "Infrastructure.Services.DatabaseTestService", "Application": "Crud.Api"}
[05:33:56 INF] Resetting database via file deletion for worker 16373 in CI environment {"SourceContext": "Infrastructure.Services.DatabaseTestService", "Application": "Crud.Api"}
[05:33:56 INF] Acquiring database mutex for worker 16373... {"SourceContext": "Infrastructure.Services.DatabaseTestService", "Application": "Crud.Api"}
[05:33:56 INF] Database mutex acquired for worker 16373 {"SourceContext": "Infrastructure.Services.DatabaseTestService", "Application": "Crud.Api"}
[05:33:56 INF] Current database state - CanConnect: True {"SourceContext": "Infrastructure.Services.DatabaseTestService", "Application": "Crud.Api"}
[05:33:56 INF] [Phase 0] Closing database connection for worker 16373... {"SourceContext": "Infrastructure.Services.DatabaseTestService", "Application": "Crud.Api"}
[05:33:56 INF] [Phase 0] Connection closed in 0.002ms {"SourceContext": "Infrastructure.Services.DatabaseTestService", "Application": "Crud.Api"}
[05:33:56 INF] [Phase 1] Starting EnsureDeletedAsync for worker 16373... {"SourceContext": "Infrastructure.Services.DatabaseTestService", "Application": "Crud.Api"}
[05:33:56 INF] [Phase 1] EnsureDeletedAsync completed in 1.872ms {"SourceContext": "Infrastructure.Services.DatabaseTestService", "Application": "Crud.Api"}
[xUnit.net 00:00:11.39]       Expected response3.StatusCode to be HttpStatusCode.NotModified {value: 304}, but found HttpStatusCode.OK {value: 200}.
[xUnit.net 00:00:11.39]       Stack Trace:
[xUnit.net 00:00:11.39]            at FluentAssertions.Execution.XUnit2TestFramework.Throw(String message)
[xUnit.net 00:00:11.39]            at FluentAssertions.Execution.TestFrameworkProvider.Throw(String message)
[xUnit.net 00:00:11.39]            at FluentAssertions.Execution.DefaultAssertionStrategy.HandleFailure(String message)
[xUnit.net 00:00:11.39]            at FluentAssertions.Execution.AssertionScope.FailWith(Func`1 failReasonFunc)
[xUnit.net 00:00:11.39]            at FluentAssertions.Execution.AssertionScope.FailWith(Func`1 failReasonFunc)
[xUnit.net 00:00:11.39]            at FluentAssertions.Execution.AssertionScope.FailWith(String message, Object[] args)
[xUnit.net 00:00:11.39]            at FluentAssertions.Primitives.EnumAssertions`2.Be(TEnum expected, String because, Object[] becauseArgs)
[xUnit.net 00:00:11.39]         /home/runner/work/Crud/Crud/test/Tests.Integration.Backend/OutputCaching/CachingE2ETests.cs(73,0): at Tests.Integration.Backend.OutputCaching.CachingE2ETests.&lt;CompleteCachingWorkflow_ShouldPerformAsExpected&gt;b__2_0()
[xUnit.net 00:00:11.39]         /home/runner/work/Crud/Crud/test/Tests.Integration.Backend/Infrastructure/IntegrationTestBase.cs(48,0): at Tests.Integration.Backend.Infrastructure.IntegrationTestBase.RunWithCleanDatabaseAsync(Func`1 testAction)
[xUnit.net 00:00:11.39]         /home/runner/work/Crud/Crud/test/Tests.Integration.Backend/Infrastructure/IntegrationTestBase.cs(53,0): at Tests.Integration.Backend.Infrastructure.IntegrationTestBase.RunWithCleanDatabaseAsync(Func`1 testAction)
[xUnit.net 00:00:11.39]         /home/runner/work/Crud/Crud/test/Tests.Integration.Backend/OutputCaching/CachingE2ETests.cs(32,0): at Tests.Integration.Backend.OutputCaching.CachingE2ETests.CompleteCachingWorkflow_ShouldPerformAsExpected()
[xUnit.net 00:00:11.39]         --- End of stack trace from previous location ---
[xUnit.net 00:00:11.40]       Output:
[xUnit.net 00:00:11.40]         Initial request (cache miss): 2ms
[xUnit.net 00:00:11.40]         Cached request (cache hit): 0ms
[05:33:56 INF] [Phase 2] Starting EnsureCreatedAsync for worker 16373... {"SourceContext": "Infrastructure.Services.DatabaseTestService", "Application": "Crud.Api"}
[05:33:57 INF] [Phase 2] EnsureCreatedAsync completed in 7.5254ms {"SourceContext": "Infrastructure.Services.DatabaseTestService", "Application": "Crud.Api"}
[05:33:57 INF] [Phase 3] Skipping database seeding as requested for worker 16373 {"SourceContext": "Infrastructure.Services.DatabaseTestService", "Application": "Crud.Api"}
[05:33:57 INF] Database reset via file deletion completed for worker 16373 in 109.5382ms (Close: 0.002ms, Delete: 1.872ms, Create: 7.5254ms) {"SourceContext": "Infrastructure.Services.DatabaseTestService", "Application": "Crud.Api"}
[05:33:57 INF] Releasing database mutex for worker 16373 {"SourceContext": "Infrastructure.Services.DatabaseTestService", "Application": "Crud.Api"}
[05:33:57 INF] User registered successfully: 2af79546-aa75-4036-8b14-dc2174af4e84 {"SourceContext": "App.Features.Authentication.RegisterUserCommandHandler", "ActionId": "3217664d-6317-4571-9243-a305f6f673c4", "ActionName": "Api.Controllers.AuthController.Register (Api)", "RequestId": "0HNFGUJ46SERT", "RequestPath": "/api/auth/register", "Application": "Crud.Api"}
Activity.TraceId:            94993b24a9a1585c663a6a52cf1f94aa
Activity.SpanId:             9f475060b6e3a736
Activity.TraceFlags:         Recorded
Activity.ActivitySourceName: Microsoft.AspNetCore
Activity.DisplayName:        POST api/Auth/register
Activity.Kind:               Server
Activity.StartTime:          2025-09-11T05:33:57.0051673Z
Activity.Duration:           00:00:00.3024441
Activity.Tags:
    server.address: localhost
    http.request.method: POST
    url.scheme: http
    url.path: /api/auth/register
    network.protocol.version: 1.1
    http.route: api/Auth/register
    http.response.status_code: 200
Resource associated with Activity:
    deployment.environment: Testing
    service.name: Crud.Api
    service.version: 1.0.0
    service.instance.id: 15081513-c9e4-4e0d-aac5-97a71d5ef649
    telemetry.sdk.name: opentelemetry
    telemetry.sdk.language: dotnet
    telemetry.sdk.version: 1.8.1
[05:33:57 DBG] Cache hit for key: list:wall {"SourceContext": "Infrastructure.Services.Caching.InMemoryCacheService", "ActionId": "a512ca15-241d-4188-bf43-2f957fea9617", "ActionName": "Api.Controllers.WallsController.List (Api)", "RequestId": "0HNFGUJ46SERU", "RequestPath": "/api/walls", "Application": "Crud.Api"}
Activity.TraceId:            4d76d0b7b8a594fc89eaa0765bc9711f
Activity.SpanId:             45d39c1f1e25b7dc
Activity.TraceFlags:         Recorded
Activity.ActivitySourceName: Microsoft.AspNetCore
Activity.DisplayName:        GET api/Walls
Activity.Kind:               Server
Activity.StartTime:          2025-09-11T05:33:57.3082943Z
Activity.Duration:           00:00:00.0023399
Activity.Tags:
    server.address: localhost
    http.request.method: GET
    url.scheme: http
    url.path: /api/walls
    network.protocol.version: 1.1
    http.route: api/Walls
    http.response.status_code: 200
Resource associated with Activity:
    deployment.environment: Testing
    service.name: Crud.Api
    service.version: 1.0.0
    service.instance.id: 15081513-c9e4-4e0d-aac5-97a71d5ef649
    telemetry.sdk.name: opentelemetry
    telemetry.sdk.language: dotnet
    telemetry.sdk.version: 1.8.1
[05:33:57 INF] Resetting database for worker 16373 {"SourceContext": "Infrastructure.Services.DatabaseTestService", "Application": "Crud.Api"}
[05:33:57 INF] Resetting database via file deletion for worker 16373 in CI environment {"SourceContext": "Infrastructure.Services.DatabaseTestService", "Application": "Crud.Api"}
[05:33:57 INF] Acquiring database mutex for worker 16373... {"SourceContext": "Infrastructure.Services.DatabaseTestService", "Application": "Crud.Api"}
[05:33:57 INF] Database mutex acquired for worker 16373 {"SourceContext": "Infrastructure.Services.DatabaseTestService", "Application": "Crud.Api"}
[05:33:57 INF] Current database state - CanConnect: True {"SourceContext": "Infrastructure.Services.DatabaseTestService", "Application": "Crud.Api"}
[05:33:57 INF] [Phase 0] Closing database connection for worker 16373... {"SourceContext": "Infrastructure.Services.DatabaseTestService", "Application": "Crud.Api"}
[05:33:57 INF] [Phase 0] Connection closed in 0.0015ms {"SourceContext": "Infrastructure.Services.DatabaseTestService", "Application": "Crud.Api"}
[05:33:57 INF] [Phase 1] Starting EnsureDeletedAsync for worker 16373... {"SourceContext": "Infrastructure.Services.DatabaseTestService", "Application": "Crud.Api"}
[05:33:57 INF] [Phase 1] EnsureDeletedAsync completed in 1.0629ms {"SourceContext": "Infrastructure.Services.DatabaseTestService", "Application": "Crud.Api"}
[05:33:57 INF] [Phase 2] Starting EnsureCreatedAsync for worker 16373... {"SourceContext": "Infrastructure.Services.DatabaseTestService", "Application": "Crud.Api"}
[05:33:57 INF] [Phase 2] EnsureCreatedAsync completed in 7.7351ms {"SourceContext": "Infrastructure.Services.DatabaseTestService", "Application": "Crud.Api"}
[05:33:57 INF] [Phase 3] Skipping database seeding as requested for worker 16373 {"SourceContext": "Infrastructure.Services.DatabaseTestService", "Application": "Crud.Api"}
[05:33:57 INF] Database reset via file deletion completed for worker 16373 in 108.6371ms (Close: 0.0015ms, Delete: 1.0629ms, Create: 7.7351ms) {"SourceContext": "Infrastructure.Services.DatabaseTestService", "Application": "Crud.Api"}
[05:33:57 INF] Releasing database mutex for worker 16373 {"SourceContext": "Infrastructure.Services.DatabaseTestService", "Application": "Crud.Api"}
[05:33:57 INF] Resetting database for worker 16373 {"SourceContext": "Infrastructure.Services.DatabaseTestService", "Application": "Crud.Api"}
[05:33:57 INF] Resetting database via file deletion for worker 16373 in CI environment {"SourceContext": "Infrastructure.Services.DatabaseTestService", "Application": "Crud.Api"}
[05:33:57 INF] Acquiring database mutex for worker 16373... {"SourceContext": "Infrastructure.Services.DatabaseTestService", "Application": "Crud.Api"}
[05:33:57 INF] Database mutex acquired for worker 16373 {"SourceContext": "Infrastructure.Services.DatabaseTestService", "Application": "Crud.Api"}
[05:33:57 INF] Current database state - CanConnect: True {"SourceContext": "Infrastructure.Services.DatabaseTestService", "Application": "Crud.Api"}
[05:33:57 INF] [Phase 0] Closing database connection for worker 16373... {"SourceContext": "Infrastructure.Services.DatabaseTestService", "Application": "Crud.Api"}
[05:33:57 INF] [Phase 0] Connection closed in 0.0014ms {"SourceContext": "Infrastructure.Services.DatabaseTestService", "Application": "Crud.Api"}
[05:33:57 INF] [Phase 1] Starting EnsureDeletedAsync for worker 16373... {"SourceContext": "Infrastructure.Services.DatabaseTestService", "Application": "Crud.Api"}
[05:33:57 INF] [Phase 1] EnsureDeletedAsync completed in 1.0056ms {"SourceContext": "Infrastructure.Services.DatabaseTestService", "Application": "Crud.Api"}
[05:33:57 INF] [Phase 2] Starting EnsureCreatedAsync for worker 16373... {"SourceContext": "Infrastructure.Services.DatabaseTestService", "Application": "Crud.Api"}
[05:33:57 INF] [Phase 2] EnsureCreatedAsync completed in 7.5701ms {"SourceContext": "Infrastructure.Services.DatabaseTestService", "Application": "Crud.Api"}
[05:33:57 INF] [Phase 3] Skipping database seeding as requested for worker 16373 {"SourceContext": "Infrastructure.Services.DatabaseTestService", "Application": "Crud.Api"}
[05:33:57 INF] Database reset via file deletion completed for worker 16373 in 109.2277ms (Close: 0.0014ms, Delete: 1.0056ms, Create: 7.5701ms) {"SourceContext": "Infrastructure.Services.DatabaseTestService", "Application": "Crud.Api"}
[05:33:57 INF] Releasing database mutex for worker 16373 {"SourceContext": "Infrastructure.Services.DatabaseTestService", "Application": "Crud.Api"}
[05:33:57 INF] User registered successfully: 7d52a5ea-21aa-42e4-9125-b1b42c1de43e {"SourceContext": "App.Features.Authentication.RegisterUserCommandHandler", "ActionId": "3217664d-6317-4571-9243-a305f6f673c4", "ActionName": "Api.Controllers.AuthController.Register (Api)", "RequestId": "0HNFGUJ46SERV", "RequestPath": "/api/auth/register", "Application": "Crud.Api"}
Activity.TraceId:            82ba5df9a481509e973fbdc9598b10d0
Activity.SpanId:             abdf23a45814f3d2
Activity.TraceFlags:         Recorded
Activity.ActivitySourceName: Microsoft.AspNetCore
Activity.DisplayName:        POST api/Auth/register
Activity.Kind:               Server
Activity.StartTime:          2025-09-11T05:33:57.5329766Z
Activity.Duration:           00:00:00.3000332
Activity.Tags:
    server.address: localhost
    http.request.method: POST
    url.scheme: http
    url.path: /api/auth/register
    network.protocol.version: 1.1
    http.route: api/Auth/register
    http.response.status_code: 200
Resource associated with Activity:
    deployment.environment: Testing
    service.name: Crud.Api
    service.version: 1.0.0
    service.instance.id: 15081513-c9e4-4e0d-aac5-97a71d5ef649
    telemetry.sdk.name: opentelemetry
    telemetry.sdk.language: dotnet
    telemetry.sdk.version: 1.8.1
[05:33:57 DBG] Cache hit for key: list:role {"SourceContext": "Infrastructure.Services.Caching.InMemoryCacheService", "ActionId": "27ff0c6c-6f00-4163-aadd-04646cd932d4", "ActionName": "Api.Controllers.RolesController.List (Api)", "RequestId": "0HNFGUJ46SES0", "RequestPath": "/api/roles", "Application": "Crud.Api"}
Activity.TraceId:            a4bc4befadf39fd42fd46e1f53f76b17
Activity.SpanId:             9b843c19066c3ecd
Activity.TraceFlags:         Recorded
Activity.ActivitySourceName: Microsoft.AspNetCore
Activity.DisplayName:        GET api/Roles
Activity.Kind:               Server
Activity.StartTime:          2025-09-11T05:33:57.8334102Z
Activity.Duration:           00:00:00.0010148
Activity.Tags:
    server.address: localhost
    http.request.method: GET
    url.scheme: http
    url.path: /api/roles
    network.protocol.version: 1.1
    http.route: api/Roles
    http.response.status_code: 200
Resource associated with Activity:
    deployment.environment: Testing
    service.name: Crud.Api
    service.version: 1.0.0
    service.instance.id: 15081513-c9e4-4e0d-aac5-97a71d5ef649
    telemetry.sdk.name: opentelemetry
    telemetry.sdk.language: dotnet
    telemetry.sdk.version: 1.8.1
[05:33:57 INF] Resetting database for worker 16373 {"SourceContext": "Infrastructure.Services.DatabaseTestService", "Application": "Crud.Api"}
[05:33:57 INF] Resetting database via file deletion for worker 16373 in CI environment {"SourceContext": "Infrastructure.Services.DatabaseTestService", "Application": "Crud.Api"}
[05:33:57 INF] Acquiring database mutex for worker 16373... {"SourceContext": "Infrastructure.Services.DatabaseTestService", "Application": "Crud.Api"}
[05:33:57 INF] Database mutex acquired for worker 16373 {"SourceContext": "Infrastructure.Services.DatabaseTestService", "Application": "Crud.Api"}
[05:33:57 INF] Current database state - CanConnect: True {"SourceContext": "Infrastructure.Services.DatabaseTestService", "Application": "Crud.Api"}
[05:33:57 INF] [Phase 0] Closing database connection for worker 16373... {"SourceContext": "Infrastructure.Services.DatabaseTestService", "Application": "Crud.Api"}
[05:33:57 INF] [Phase 0] Connection closed in 0.0017ms {"SourceContext": "Infrastructure.Services.DatabaseTestService", "Application": "Crud.Api"}
[05:33:57 INF] [Phase 1] Starting EnsureDeletedAsync for worker 16373... {"SourceContext": "Infrastructure.Services.DatabaseTestService", "Application": "Crud.Api"}
[05:33:57 INF] [Phase 1] EnsureDeletedAsync completed in 1.2837ms {"SourceContext": "Infrastructure.Services.DatabaseTestService", "Application": "Crud.Api"}
[05:33:57 INF] [Phase 2] Starting EnsureCreatedAsync for worker 16373... {"SourceContext": "Infrastructure.Services.DatabaseTestService", "Application": "Crud.Api"}
[05:33:57 INF] [Phase 2] EnsureCreatedAsync completed in 16.8998ms {"SourceContext": "Infrastructure.Services.DatabaseTestService", "Application": "Crud.Api"}
[05:33:57 INF] [Phase 3] Skipping database seeding as requested for worker 16373 {"SourceContext": "Infrastructure.Services.DatabaseTestService", "Application": "Crud.Api"}
[05:33:57 INF] Database reset via file deletion completed for worker 16373 in 119.0378ms (Close: 0.0017ms, Delete: 1.2837ms, Create: 16.8998ms) {"SourceContext": "Infrastructure.Services.DatabaseTestService", "Application": "Crud.Api"}
[05:33:57 INF] Releasing database mutex for worker 16373 {"SourceContext": "Infrastructure.Services.DatabaseTestService", "Application": "Crud.Api"}
[05:33:57 INF] Resetting database for worker 16373 {"SourceContext": "Infrastructure.Services.DatabaseTestService", "Application": "Crud.Api"}
[05:33:57 INF] Resetting database via file deletion for worker 16373 in CI environment {"SourceContext": "Infrastructure.Services.DatabaseTestService", "Application": "Crud.Api"}
[05:33:57 INF] Acquiring database mutex for worker 16373... {"SourceContext": "Infrastructure.Services.DatabaseTestService", "Application": "Crud.Api"}
[05:33:57 INF] Database mutex acquired for worker 16373 {"SourceContext": "Infrastructure.Services.DatabaseTestService", "Application": "Crud.Api"}
[05:33:57 INF] Current database state - CanConnect: True {"SourceContext": "Infrastructure.Services.DatabaseTestService", "Application": "Crud.Api"}
[05:33:57 INF] [Phase 0] Closing database connection for worker 16373... {"SourceContext": "Infrastructure.Services.DatabaseTestService", "Application": "Crud.Api"}
[05:33:57 INF] [Phase 0] Connection closed in 0.0013ms {"SourceContext": "Infrastructure.Services.DatabaseTestService", "Application": "Crud.Api"}
[05:33:57 INF] [Phase 1] Starting EnsureDeletedAsync for worker 16373... {"SourceContext": "Infrastructure.Services.DatabaseTestService", "Application": "Crud.Api"}
[05:33:57 INF] [Phase 1] EnsureDeletedAsync completed in 1.0088ms {"SourceContext": "Infrastructure.Services.DatabaseTestService", "Application": "Crud.Api"}
[05:33:58 INF] [Phase 2] Starting EnsureCreatedAsync for worker 16373... {"SourceContext": "Infrastructure.Services.DatabaseTestService", "Application": "Crud.Api"}
[05:33:58 INF] [Phase 2] EnsureCreatedAsync completed in 7.6767ms {"SourceContext": "Infrastructure.Services.DatabaseTestService", "Application": "Crud.Api"}
[05:33:58 INF] [Phase 3] Skipping database seeding as requested for worker 16373 {"SourceContext": "Infrastructure.Services.DatabaseTestService", "Application": "Crud.Api"}
[05:33:58 INF] Database reset via file deletion completed for worker 16373 in 109.1874ms (Close: 0.0013ms, Delete: 1.0088ms, Create: 7.6767ms) {"SourceContext": "Infrastructure.Services.DatabaseTestService", "Application": "Crud.Api"}
[05:33:58 INF] Releasing database mutex for worker 16373 {"SourceContext": "Infrastructure.Services.DatabaseTestService", "Application": "Crud.Api"}
[05:33:58 INF] User registered successfully: 78efd188-2d34-4332-8e43-239d8aeef7b2 {"SourceContext": "App.Features.Authentication.RegisterUserCommandHandler", "ActionId": "3217664d-6317-4571-9243-a305f6f673c4", "ActionName": "Api.Controllers.AuthController.Register (Api)", "RequestId": "0HNFGUJ46SES1", "RequestPath": "/api/auth/register", "Application": "Crud.Api"}
Activity.TraceId:            5e8058a05eafc69ef77cf28131fd5c6c
Activity.SpanId:             cfd8432dde39dd42
Activity.TraceFlags:         Recorded
Activity.ActivitySourceName: Microsoft.AspNetCore
Activity.DisplayName:        POST api/Auth/register
Activity.Kind:               Server
Activity.StartTime:          2025-09-11T05:33:58.0656883Z
Activity.Duration:           00:00:00.2971755
Activity.Tags:
    server.address: localhost
    http.request.method: POST
    url.scheme: http
    url.path: /api/auth/register
    network.protocol.version: 1.1
    http.route: api/Auth/register
    http.response.status_code: 200
Resource associated with Activity:
    deployment.environment: Testing
    service.name: Crud.Api
    service.version: 1.0.0
    service.instance.id: 15081513-c9e4-4e0d-aac5-97a71d5ef649
    telemetry.sdk.name: opentelemetry
    telemetry.sdk.language: dotnet
    telemetry.sdk.version: 1.8.1
[05:33:58 DBG] Cache miss for key: list:window {"SourceContext": "Infrastructure.Services.Caching.InMemoryCacheService", "ActionId": "5ccc6e1d-411f-4858-9da0-4922c3adbcfc", "ActionName": "Api.Controllers.WindowsController.List (Api)", "RequestId": "0HNFGUJ46SES2", "RequestPath": "/api/windows", "Application": "Crud.Api"}
[05:33:58 DBG] Set cache value for key: list:window {"SourceContext": "Infrastructure.Services.Caching.InMemoryCacheService", "ActionId": "5ccc6e1d-411f-4858-9da0-4922c3adbcfc", "ActionName": "Api.Controllers.WindowsController.List (Api)", "RequestId": "0HNFGUJ46SES2", "RequestPath": "/api/windows", "Application": "Crud.Api"}
Activity.TraceId:            6d4df539fc762749061bebe762257eda
Activity.SpanId:             f7c6a29b09383664
Activity.TraceFlags:         Recorded
Activity.ActivitySourceName: Microsoft.AspNetCore
Activity.DisplayName:        GET api/Windows
Activity.Kind:               Server
Activity.StartTime:          2025-09-11T05:33:58.3631815Z
Activity.Duration:           00:00:00.0199957
Activity.Tags:
    server.address: localhost
    http.request.method: GET
    url.scheme: http
    url.path: /api/windows
    network.protocol.version: 1.1
    http.route: api/Windows
    http.response.status_code: 200
Resource associated with Activity:
    deployment.environment: Testing
    service.name: Crud.Api
    service.version: 1.0.0
    service.instance.id: 15081513-c9e4-4e0d-aac5-97a71d5ef649
    telemetry.sdk.name: opentelemetry
    telemetry.sdk.language: dotnet
    telemetry.sdk.version: 1.8.1
[05:33:58 INF] Resetting database for worker 16373 {"SourceContext": "Infrastructure.Services.DatabaseTestService", "Application": "Crud.Api"}
[05:33:58 INF] Resetting database via file deletion for worker 16373 in CI environment {"SourceContext": "Infrastructure.Services.DatabaseTestService", "Application": "Crud.Api"}
[05:33:58 INF] Acquiring database mutex for worker 16373... {"SourceContext": "Infrastructure.Services.DatabaseTestService", "Application": "Crud.Api"}
[05:33:58 INF] Database mutex acquired for worker 16373 {"SourceContext": "Infrastructure.Services.DatabaseTestService", "Application": "Crud.Api"}
[05:33:58 INF] Current database state - CanConnect: True {"SourceContext": "Infrastructure.Services.DatabaseTestService", "Application": "Crud.Api"}
[05:33:58 INF] [Phase 0] Closing database connection for worker 16373... {"SourceContext": "Infrastructure.Services.DatabaseTestService", "Application": "Crud.Api"}
[05:33:58 INF] [Phase 0] Connection closed in 0.0016ms {"SourceContext": "Infrastructure.Services.DatabaseTestService", "Application": "Crud.Api"}
[05:33:58 INF] [Phase 1] Starting EnsureDeletedAsync for worker 16373... {"SourceContext": "Infrastructure.Services.DatabaseTestService", "Application": "Crud.Api"}
[05:33:58 INF] [Phase 1] EnsureDeletedAsync completed in 1.1305ms {"SourceContext": "Infrastructure.Services.DatabaseTestService", "Application": "Crud.Api"}
[05:33:58 INF] [Phase 2] Starting EnsureCreatedAsync for worker 16373... {"SourceContext": "Infrastructure.Services.DatabaseTestService", "Application": "Crud.Api"}
[05:33:58 INF] [Phase 2] EnsureCreatedAsync completed in 7.5599ms {"SourceContext": "Infrastructure.Services.DatabaseTestService", "Application": "Crud.Api"}
[05:33:58 INF] [Phase 3] Skipping database seeding as requested for worker 16373 {"SourceContext": "Infrastructure.Services.DatabaseTestService", "Application": "Crud.Api"}
[05:33:58 INF] Database reset via file deletion completed for worker 16373 in 109.2687ms (Close: 0.0016ms, Delete: 1.1305ms, Create: 7.5599ms) {"SourceContext": "Infrastructure.Services.DatabaseTestService", "Application": "Crud.Api"}
[05:33:58 INF] Releasing database mutex for worker 16373 {"SourceContext": "Infrastructure.Services.DatabaseTestService", "Application": "Crud.Api"}
[05:33:58 INF] Resetting database for worker 16373 {"SourceContext": "Infrastructure.Services.DatabaseTestService", "Application": "Crud.Api"}
[05:33:58 INF] Resetting database via file deletion for worker 16373 in CI environment {"SourceContext": "Infrastructure.Services.DatabaseTestService", "Application": "Crud.Api"}
[05:33:58 INF] Acquiring database mutex for worker 16373... {"SourceContext": "Infrastructure.Services.DatabaseTestService", "Application": "Crud.Api"}
[05:33:58 INF] Database mutex acquired for worker 16373 {"SourceContext": "Infrastructure.Services.DatabaseTestService", "Application": "Crud.Api"}
[05:33:58 INF] Current database state - CanConnect: True {"SourceContext": "Infrastructure.Services.DatabaseTestService", "Application": "Crud.Api"}
[05:33:58 INF] [Phase 0] Closing database connection for worker 16373... {"SourceContext": "Infrastructure.Services.DatabaseTestService", "Application": "Crud.Api"}
[05:33:58 INF] [Phase 0] Connection closed in 0.0013ms {"SourceContext": "Infrastructure.Services.DatabaseTestService", "Application": "Crud.Api"}
[05:33:58 INF] [Phase 1] Starting EnsureDeletedAsync for worker 16373... {"SourceContext": "Infrastructure.Services.DatabaseTestService", "Application": "Crud.Api"}
[05:33:58 INF] [Phase 1] EnsureDeletedAsync completed in 1.1423ms {"SourceContext": "Infrastructure.Services.DatabaseTestService", "Application": "Crud.Api"}
[05:33:58 INF] [Phase 2] Starting EnsureCreatedAsync for worker 16373... {"SourceContext": "Infrastructure.Services.DatabaseTestService", "Application": "Crud.Api"}
[05:33:58 INF] [Phase 2] EnsureCreatedAsync completed in 11.3544ms {"SourceContext": "Infrastructure.Services.DatabaseTestService", "Application": "Crud.Api"}
[05:33:58 INF] [Phase 3] Skipping database seeding as requested for worker 16373 {"SourceContext": "Infrastructure.Services.DatabaseTestService", "Application": "Crud.Api"}
[05:33:58 INF] Database reset via file deletion completed for worker 16373 in 113.0332ms (Close: 0.0013ms, Delete: 1.1423ms, Create: 11.3544ms) {"SourceContext": "Infrastructure.Services.DatabaseTestService", "Application": "Crud.Api"}
[05:33:58 INF] Releasing database mutex for worker 16373 {"SourceContext": "Infrastructure.Services.DatabaseTestService", "Application": "Crud.Api"}
[05:33:58 INF] User registered successfully: 2ce1cea1-6e7c-4602-bb31-d413abc033db {"SourceContext": "App.Features.Authentication.RegisterUserCommandHandler", "ActionId": "3217664d-6317-4571-9243-a305f6f673c4", "ActionName": "Api.Controllers.AuthController.Register (Api)", "RequestId": "0HNFGUJ46SES3", "RequestPath": "/api/auth/register", "Application": "Crud.Api"}
Activity.TraceId:            b3da187bec7c68290b74dba64c9013af
Activity.SpanId:             7060c712a45441ec
Activity.TraceFlags:         Recorded
Activity.ActivitySourceName: Microsoft.AspNetCore
Activity.DisplayName:        POST api/Auth/register
Activity.Kind:               Server
Activity.StartTime:          2025-09-11T05:33:58.6085179Z
Activity.Duration:           00:00:00.2983455
Activity.Tags:
    server.address: localhost
    http.request.method: POST
    url.scheme: http
    url.path: /api/auth/register
    network.protocol.version: 1.1
    http.route: api/Auth/register
    http.response.status_code: 200
Resource associated with Activity:
    deployment.environment: Testing
    service.name: Crud.Api
    service.version: 1.0.0
    service.instance.id: 15081513-c9e4-4e0d-aac5-97a71d5ef649
    telemetry.sdk.name: opentelemetry
    telemetry.sdk.language: dotnet
    telemetry.sdk.version: 1.8.1
[05:33:58 DBG] Cache hit for key: list:person {"SourceContext": "Infrastructure.Services.Caching.InMemoryCacheService", "ActionId": "5ae72748-2de5-4610-89e1-37298390b591", "ActionName": "Api.Controllers.PeopleController.List (Api)", "RequestId": "0HNFGUJ46SES4", "RequestPath": "/api/people", "Application": "Crud.Api"}
Activity.TraceId:            75662d44061d8ed0d28e5c90c3120154
Activity.SpanId:             4bca0789c85814c7
Activity.TraceFlags:         Recorded
Activity.ActivitySourceName: Microsoft.AspNetCore
Activity.DisplayName:        GET api/People
Activity.Kind:               Server
Activity.StartTime:          2025-09-11T05:33:58.9072471Z
Activity.Duration:           00:00:00.0011365
Activity.Tags:
    server.address: localhost
    http.request.method: GET
    url.scheme: http
    url.path: /api/people
    network.protocol.version: 1.1
    http.route: api/People
    http.response.status_code: 200
Resource associated with Activity:
    deployment.environment: Testing
    service.name: Crud.Api
    service.version: 1.0.0
    service.instance.id: 15081513-c9e4-4e0d-aac5-97a71d5ef649
    telemetry.sdk.name: opentelemetry
    telemetry.sdk.language: dotnet
    telemetry.sdk.version: 1.8.1
[05:33:58 INF] Resetting database for worker 16373 {"SourceContext": "Infrastructure.Services.DatabaseTestService", "Application": "Crud.Api"}
[05:33:58 INF] Resetting database via file deletion for worker 16373 in CI environment {"SourceContext": "Infrastructure.Services.DatabaseTestService", "Application": "Crud.Api"}
[05:33:58 INF] Acquiring database mutex for worker 16373... {"SourceContext": "Infrastructure.Services.DatabaseTestService", "Application": "Crud.Api"}
[05:33:58 INF] Database mutex acquired for worker 16373 {"SourceContext": "Infrastructure.Services.DatabaseTestService", "Application": "Crud.Api"}
[05:33:58 INF] Current database state - CanConnect: True {"SourceContext": "Infrastructure.Services.DatabaseTestService", "Application": "Crud.Api"}
[05:33:58 INF] [Phase 0] Closing database connection for worker 16373... {"SourceContext": "Infrastructure.Services.DatabaseTestService", "Application": "Crud.Api"}
[05:33:58 INF] [Phase 0] Connection closed in 0.0014ms {"SourceContext": "Infrastructure.Services.DatabaseTestService", "Application": "Crud.Api"}
[05:33:58 INF] [Phase 1] Starting EnsureDeletedAsync for worker 16373... {"SourceContext": "Infrastructure.Services.DatabaseTestService", "Application": "Crud.Api"}
[05:33:58 INF] [Phase 1] EnsureDeletedAsync completed in 1.1593ms {"SourceContext": "Infrastructure.Services.DatabaseTestService", "Application": "Crud.Api"}
[05:33:59 INF] [Phase 2] Starting EnsureCreatedAsync for worker 16373... {"SourceContext": "Infrastructure.Services.DatabaseTestService", "Application": "Crud.Api"}
[05:33:59 INF] [Phase 2] EnsureCreatedAsync completed in 7.5212ms {"SourceContext": "Infrastructure.Services.DatabaseTestService", "Application": "Crud.Api"}
[05:33:59 INF] [Phase 3] Skipping database seeding as requested for worker 16373 {"SourceContext": "Infrastructure.Services.DatabaseTestService", "Application": "Crud.Api"}
[05:33:59 INF] Database reset via file deletion completed for worker 16373 in 109.0505ms (Close: 0.0014ms, Delete: 1.1593ms, Create: 7.5212ms) {"SourceContext": "Infrastructure.Services.DatabaseTestService", "Application": "Crud.Api"}
[05:33:59 INF] Releasing database mutex for worker 16373 {"SourceContext": "Infrastructure.Services.DatabaseTestService", "Application": "Crud.Api"}
[05:33:59 INF] Resetting database for worker 16373 {"SourceContext": "Infrastructure.Services.DatabaseTestService", "Application": "Crud.Api"}
[05:33:59 INF] Resetting database via file deletion for worker 16373 in CI environment {"SourceContext": "Infrastructure.Services.DatabaseTestService", "Application": "Crud.Api"}
[05:33:59 INF] Acquiring database mutex for worker 16373... {"SourceContext": "Infrastructure.Services.DatabaseTestService", "Application": "Crud.Api"}
[05:33:59 INF] Database mutex acquired for worker 16373 {"SourceContext": "Infrastructure.Services.DatabaseTestService", "Application": "Crud.Api"}
[05:33:59 INF] Current database state - CanConnect: True {"SourceContext": "Infrastructure.Services.DatabaseTestService", "Application": "Crud.Api"}
[05:33:59 INF] [Phase 0] Closing database connection for worker 16373... {"SourceContext": "Infrastructure.Services.DatabaseTestService", "Application": "Crud.Api"}
[05:33:59 INF] [Phase 0] Connection closed in 0.0015ms {"SourceContext": "Infrastructure.Services.DatabaseTestService", "Application": "Crud.Api"}
[05:33:59 INF] [Phase 1] Starting EnsureDeletedAsync for worker 16373... {"SourceContext": "Infrastructure.Services.DatabaseTestService", "Application": "Crud.Api"}
[05:33:59 INF] [Phase 1] EnsureDeletedAsync completed in 1.1439ms {"SourceContext": "Infrastructure.Services.DatabaseTestService", "Application": "Crud.Api"}
[05:33:59 INF] [Phase 2] Starting EnsureCreatedAsync for worker 16373... {"SourceContext": "Infrastructure.Services.DatabaseTestService", "Application": "Crud.Api"}
[05:33:59 INF] [Phase 2] EnsureCreatedAsync completed in 7.461ms {"SourceContext": "Infrastructure.Services.DatabaseTestService", "Application": "Crud.Api"}
[05:33:59 INF] [Phase 3] Skipping database seeding as requested for worker 16373 {"SourceContext": "Infrastructure.Services.DatabaseTestService", "Application": "Crud.Api"}
[05:33:59 INF] Database reset via file deletion completed for worker 16373 in 108.7775ms (Close: 0.0015ms, Delete: 1.1439ms, Create: 7.461ms) {"SourceContext": "Infrastructure.Services.DatabaseTestService", "Application": "Crud.Api"}
[05:33:59 INF] Releasing database mutex for worker 16373 {"SourceContext": "Infrastructure.Services.DatabaseTestService", "Application": "Crud.Api"}
[05:33:59 INF] User registered successfully: d59223ad-f971-4698-93ed-7d413671aba7 {"SourceContext": "App.Features.Authentication.RegisterUserCommandHandler", "ActionId": "3217664d-6317-4571-9243-a305f6f673c4", "ActionName": "Api.Controllers.AuthController.Register (Api)", "RequestId": "0HNFGUJ46SES5", "RequestPath": "/api/auth/register", "Application": "Crud.Api"}
Activity.TraceId:            5af56047dead43011b91adc8c0d3561b
Activity.SpanId:             3490a019747d294a
Activity.TraceFlags:         Recorded
Activity.ActivitySourceName: Microsoft.AspNetCore
Activity.DisplayName:        POST api/Auth/register
Activity.Kind:               Server
Activity.StartTime:          2025-09-11T05:33:59.1322875Z
Activity.Duration:           00:00:00.2968745
Activity.Tags:
    server.address: localhost
    http.request.method: POST
    url.scheme: http
    url.path: /api/auth/register
    network.protocol.version: 1.1
    http.route: api/Auth/register
    http.response.status_code: 200
Resource associated with Activity:
    deployment.environment: Testing
    service.name: Crud.Api
    service.version: 1.0.0
    service.instance.id: 15081513-c9e4-4e0d-aac5-97a71d5ef649
    telemetry.sdk.name: opentelemetry
    telemetry.sdk.language: dotnet
    telemetry.sdk.version: 1.8.1
[05:33:59 DBG] Cache hit for key: list:person {"SourceContext": "Infrastructure.Services.Caching.InMemoryCacheService", "ActionId": "5ae72748-2de5-4610-89e1-37298390b591", "ActionName": "Api.Controllers.PeopleController.List (Api)", "RequestId": "0HNFGUJ46SES6", "RequestPath": "/api/people", "Application": "Crud.Api"}
Activity.TraceId:            5df1a22cdcb2e8237ed5c6fa79d23cb0
Activity.SpanId:             0b19fadf2f7c6bb4
Activity.TraceFlags:         Recorded
Activity.ActivitySourceName: Microsoft.AspNetCore
Activity.DisplayName:        GET api/People
Activity.Kind:               Server
Activity.StartTime:          2025-09-11T05:33:59.4299919Z
Activity.Duration:           00:00:00.0049832
Activity.Tags:
    server.address: localhost
    http.request.method: GET
    url.scheme: http
    url.path: /api/people
    network.protocol.version: 1.1
    http.route: api/People
    http.response.status_code: 200
Resource associated with Activity:
    deployment.environment: Testing
    service.name: Crud.Api
    service.version: 1.0.0
    service.instance.id: 15081513-c9e4-4e0d-aac5-97a71d5ef649
    telemetry.sdk.name: opentelemetry
    telemetry.sdk.language: dotnet
    telemetry.sdk.version: 1.8.1
[05:33:59 DBG] Cache hit for key: list:person {"SourceContext": "Infrastructure.Services.Caching.InMemoryCacheService", "ActionId": "5ae72748-2de5-4610-89e1-37298390b591", "ActionName": "Api.Controllers.PeopleController.List (Api)", "RequestId": "0HNFGUJ46SES7", "RequestPath": "/api/people", "Application": "Crud.Api"}
[05:33:59 DBG] Cache hit for key: list:person {"SourceContext": "Infrastructure.Services.Caching.InMemoryCacheService", "ActionId": "5ae72748-2de5-4610-89e1-37298390b591", "ActionName": "Api.Controllers.PeopleController.List (Api)", "RequestId": "0HNFGUJ46SES8", "RequestPath": "/api/people", "Application": "Crud.Api"}
Activity.TraceId:            8ef0031692ef398cb553039e5c0be1d9
Activity.SpanId:             755ed8bef6aa85d4
Activity.TraceFlags:         Recorded
Activity.ActivitySourceName: Microsoft.AspNetCore
Activity.DisplayName:        GET api/People
Activity.Kind:               Server
Activity.StartTime:          2025-09-11T05:33:59.4355106Z
Activity.Duration:           00:00:00.0007038
Activity.Tags:
    server.address: localhost
    http.request.method: GET
    url.scheme: http
    url.path: /api/people
    network.protocol.version: 1.1
    http.route: api/People
    http.response.status_code: 200
Resource associated with Activity:
    deployment.environment: Testing
    service.name: Crud.Api
    service.version: 1.0.0
    service.instance.id: 15081513-c9e4-4e0d-aac5-97a71d5ef649
    telemetry.sdk.name: opentelemetry
    telemetry.sdk.language: dotnet
    telemetry.sdk.version: 1.8.1
[05:33:59 DBG] Cache hit for key: list:person {"SourceContext": "Infrastructure.Services.Caching.InMemoryCacheService", "ActionId": "5ae72748-2de5-4610-89e1-37298390b591", "ActionName": "Api.Controllers.PeopleController.List (Api)", "RequestId": "0HNFGUJ46SES9", "RequestPath": "/api/people", "Application": "Crud.Api"}
Activity.TraceId:            568c779aa2071e6b7bb5b46b16a65e0e
Activity.SpanId:             8abbe0d6ecefb8f9
Activity.TraceFlags:         Recorded
Activity.ActivitySourceName: Microsoft.AspNetCore
Activity.DisplayName:        GET api/People
Activity.Kind:               Server
Activity.StartTime:          2025-09-11T05:33:59.4363716Z
Activity.Duration:           00:00:00.0004181
Activity.Tags:
    server.address: localhost
    http.request.method: GET
    url.scheme: http
    url.path: /api/people
    network.protocol.version: 1.1
    http.route: api/People
    http.response.status_code: 200
Resource associated with Activity:
    deployment.environment: Testing
    service.name: Crud.Api
    service.version: 1.0.0
    service.instance.id: 15081513-c9e4-4e0d-aac5-97a71d5ef649
    telemetry.sdk.name: opentelemetry
    telemetry.sdk.language: dotnet
    telemetry.sdk.version: 1.8.1
Activity.TraceId:            f08abdae9c3f81eed3a6017fa8ff400f
Activity.SpanId:             c55bf1e4e5898700
Activity.TraceFlags:         Recorded
Activity.ActivitySourceName: Microsoft.AspNetCore
Activity.DisplayName:        GET api/People
Activity.Kind:               Server
Activity.StartTime:          2025-09-11T05:33:59.4357385Z
Activity.Duration:           00:00:00.0011364
Activity.Tags:
    server.address: localhost
    http.request.method: GET
    url.scheme: http
    url.path: /api/people
    network.protocol.version: 1.1
    http.route: api/People
    http.response.status_code: 200
Resource associated with Activity:
    deployment.environment: Testing
    service.name: Crud.Api
    service.version: 1.0.0
    service.instance.id: 15081513-c9e4-4e0d-aac5-97a71d5ef649
    telemetry.sdk.name: opentelemetry
    telemetry.sdk.language: dotnet
    telemetry.sdk.version: 1.8.1
[05:33:59 DBG] Cache hit for key: list:person {"SourceContext": "Infrastructure.Services.Caching.InMemoryCacheService", "ActionId": "5ae72748-2de5-4610-89e1-37298390b591", "ActionName": "Api.Controllers.PeopleController.List (Api)", "RequestId": "0HNFGUJ46SESA", "RequestPath": "/api/people", "Application": "Crud.Api"}
Activity.TraceId:            eab763d9a46bceba803e6ea5f7610229
Activity.SpanId:             13992fa1994888fa
Activity.TraceFlags:         Recorded
Activity.ActivitySourceName: Microsoft.AspNetCore
Activity.DisplayName:        GET api/People
Activity.Kind:               Server
Activity.StartTime:          2025-09-11T05:33:59.4369301Z
Activity.Duration:           00:00:00.0004654
Activity.Tags:
    server.address: localhost
    http.request.method: GET
    url.scheme: http
    url.path: /api/people
    network.protocol.version: 1.1
    http.route: api/People
    http.response.status_code: 200
Resource associated with Activity:
    deployment.environment: Testing
    service.name: Crud.Api
    service.version: 1.0.0
    service.instance.id: 15081513-c9e4-4e0d-aac5-97a71d5ef649
    telemetry.sdk.name: opentelemetry
    telemetry.sdk.language: dotnet
    telemetry.sdk.version: 1.8.1
[05:33:59 DBG] Cache hit for key: list:person {"SourceContext": "Infrastructure.Services.Caching.InMemoryCacheService", "ActionId": "5ae72748-2de5-4610-89e1-37298390b591", "ActionName": "Api.Controllers.PeopleController.List (Api)", "RequestId": "0HNFGUJ46SESB", "RequestPath": "/api/people", "Application": "Crud.Api"}
[05:33:59 DBG] Cache hit for key: list:person {"SourceContext": "Infrastructure.Services.Caching.InMemoryCacheService", "ActionId": "5ae72748-2de5-4610-89e1-37298390b591", "ActionName": "Api.Controllers.PeopleController.List (Api)", "RequestId": "0HNFGUJ46SESD", "RequestPath": "/api/people", "Application": "Crud.Api"}
Activity.TraceId:            f8ce62e5475e1d4a978ef98fc8d7b21a
Activity.SpanId:             ee7e0e5a9cbf77cb
Activity.TraceFlags:         Recorded
Activity.ActivitySourceName: Microsoft.AspNetCore
Activity.DisplayName:        GET api/People
Activity.Kind:               Server
Activity.StartTime:          2025-09-11T05:33:59.4371919Z
Activity.Duration:           00:00:00.0010777
Activity.Tags:
    server.address: localhost
    http.request.method: GET
    url.scheme: http
    url.path: /api/people
    network.protocol.version: 1.1
    http.route: api/People
    http.response.status_code: 200
Resource associated with Activity:
    deployment.environment: Testing
    service.name: Crud.Api
    service.version: 1.0.0
    service.instance.id: 15081513-c9e4-4e0d-aac5-97a71d5ef649
    telemetry.sdk.name: opentelemetry
    telemetry.sdk.language: dotnet
    telemetry.sdk.version: 1.8.1
Activity.TraceId:            5ab8c9e7f400fdaba13297fbc55b4170
Activity.SpanId:             4318f3b7f1550d9c
Activity.TraceFlags:         Recorded
Activity.ActivitySourceName: Microsoft.AspNetCore
Activity.DisplayName:        GET api/People
Activity.Kind:               Server
Activity.StartTime:          2025-09-11T05:33:59.4378409Z
Activity.Duration:           00:00:00.0004921
Activity.Tags:
    server.address: localhost
    http.request.method: GET
    url.scheme: http
    url.path: /api/people
    network.protocol.version: 1.1
    http.route: api/People
    http.response.status_code: 200
Resource associated with Activity:
    deployment.environment: Testing
    service.name: Crud.Api
    service.version: 1.0.0
    service.instance.id: 15081513-c9e4-4e0d-aac5-97a71d5ef649
    telemetry.sdk.name: opentelemetry
    telemetry.sdk.language: dotnet
    telemetry.sdk.version: 1.8.1
[05:33:59 DBG] Cache hit for key: list:person {"SourceContext": "Infrastructure.Services.Caching.InMemoryCacheService", "ActionId": "5ae72748-2de5-4610-89e1-37298390b591", "ActionName": "Api.Controllers.PeopleController.List (Api)", "RequestId": "0HNFGUJ46SESC", "RequestPath": "/api/people", "Application": "Crud.Api"}
[05:33:59 DBG] Cache hit for key: list:person {"SourceContext": "Infrastructure.Services.Caching.InMemoryCacheService", "ActionId": "5ae72748-2de5-4610-89e1-37298390b591", "ActionName": "Api.Controllers.PeopleController.List (Api)", "RequestId": "0HNFGUJ46SESG", "RequestPath": "/api/people", "Application": "Crud.Api"}
[05:33:59 DBG] Cache hit for key: list:person {"SourceContext": "Infrastructure.Services.Caching.InMemoryCacheService", "ActionId": "5ae72748-2de5-4610-89e1-37298390b591", "ActionName": "Api.Controllers.PeopleController.List (Api)", "RequestId": "0HNFGUJ46SESF", "RequestPath": "/api/people", "Application": "Crud.Api"}
Activity.TraceId:            bf6774757af9f201cbce7f55e5a85c0a
Activity.SpanId:             142c8db19e00818e
Activity.TraceFlags:         Recorded
Activity.ActivitySourceName: Microsoft.AspNetCore
Activity.DisplayName:        GET api/People
Activity.Kind:               Server
Activity.StartTime:          2025-09-11T05:33:59.4384217Z
Activity.Duration:           00:00:00.0009601
Activity.Tags:
    server.address: localhost
    http.request.method: GET
    url.scheme: http
    url.path: /api/people
    network.protocol.version: 1.1
    http.route: api/People
    http.response.status_code: 200
Resource associated with Activity:
    deployment.environment: Testing
    service.name: Crud.Api
    service.version: 1.0.0
    service.instance.id: 15081513-c9e4-4e0d-aac5-97a71d5ef649
    telemetry.sdk.name: opentelemetry
    telemetry.sdk.language: dotnet
    telemetry.sdk.version: 1.8.1
Activity.TraceId:            7b5e0d481839d5a2419347fd80b3db99
Activity.SpanId:             b832b420e1494b36
Activity.TraceFlags:         Recorded
Activity.ActivitySourceName: Microsoft.AspNetCore
Activity.DisplayName:        GET api/People
Activity.Kind:               Server
Activity.StartTime:          2025-09-11T05:33:59.4375026Z
Activity.Duration:           00:00:00.0021705
Activity.Tags:
    server.address: localhost
    http.request.method: GET
    url.scheme: http
    url.path: /api/people
    network.protocol.version: 1.1
    http.route: api/People
    http.response.status_code: 200
Resource associated with Activity:
    deployment.environment: Testing
    service.name: Crud.Api
    service.version: 1.0.0
    service.instance.id: 15081513-c9e4-4e0d-aac5-97a71d5ef649
    telemetry.sdk.name: opentelemetry
    telemetry.sdk.language: dotnet
    telemetry.sdk.version: 1.8.1
[05:33:59 DBG] Cache hit for key: list:person {"SourceContext": "Infrastructure.Services.Caching.InMemoryCacheService", "ActionId": "5ae72748-2de5-4610-89e1-37298390b591", "ActionName": "Api.Controllers.PeopleController.List (Api)", "RequestId": "0HNFGUJ46SESJ", "RequestPath": "/api/people", "Application": "Crud.Api"}
Activity.TraceId:            5def5ed0269c2e43fc7f46330916e64e
Activity.SpanId:             ea808b8c813a64a0
Activity.TraceFlags:         Recorded
Activity.ActivitySourceName: Microsoft.AspNetCore
Activity.DisplayName:        GET api/People
Activity.Kind:               Server
Activity.StartTime:          2025-09-11T05:33:59.4397587Z
Activity.Duration:           00:00:00.0004352
Activity.Tags:
    server.address: localhost
    http.request.method: GET
    url.scheme: http
    url.path: /api/people
    network.protocol.version: 1.1
    http.route: api/People
    http.response.status_code: 200
Resource associated with Activity:
    deployment.environment: Testing
    service.name: Crud.Api
    service.version: 1.0.0
    service.instance.id: 15081513-c9e4-4e0d-aac5-97a71d5ef649
    telemetry.sdk.name: opentelemetry
    telemetry.sdk.language: dotnet
    telemetry.sdk.version: 1.8.1
[05:33:59 DBG] Cache hit for key: list:person {"SourceContext": "Infrastructure.Services.Caching.InMemoryCacheService", "ActionId": "5ae72748-2de5-4610-89e1-37298390b591", "ActionName": "Api.Controllers.PeopleController.List (Api)", "RequestId": "0HNFGUJ46SESL", "RequestPath": "/api/people", "Application": "Crud.Api"}
[05:33:59 DBG] Cache hit for key: list:person {"SourceContext": "Infrastructure.Services.Caching.InMemoryCacheService", "ActionId": "5ae72748-2de5-4610-89e1-37298390b591", "ActionName": "Api.Controllers.PeopleController.List (Api)", "RequestId": "0HNFGUJ46SESH", "RequestPath": "/api/people", "Application": "Crud.Api"}
Activity.TraceId:            4ef48ca1763202649493a664a0c3cc87
Activity.SpanId:             d82bc6b97a8f4ab9
Activity.TraceFlags:         Recorded
Activity.ActivitySourceName: Microsoft.AspNetCore
Activity.DisplayName:        GET api/People
Activity.Kind:               Server
Activity.StartTime:          2025-09-11T05:33:59.4402823Z
Activity.Duration:           00:00:00.0004286
Activity.Tags:
    server.address: localhost
    http.request.method: GET
    url.scheme: http
    url.path: /api/people
    network.protocol.version: 1.1
    http.route: api/People
    http.response.status_code: 200
Resource associated with Activity:
    deployment.environment: Testing
    service.name: Crud.Api
    service.version: 1.0.0
    service.instance.id: 15081513-c9e4-4e0d-aac5-97a71d5ef649
    telemetry.sdk.name: opentelemetry
    telemetry.sdk.language: dotnet
    telemetry.sdk.version: 1.8.1
Activity.TraceId:            9bea652167eb1e336945173821bd8cbc
Activity.SpanId:             6b6a60141d7216d7
Activity.TraceFlags:         Recorded
Activity.ActivitySourceName: Microsoft.AspNetCore
Activity.DisplayName:        GET api/People
Activity.Kind:               Server
Activity.StartTime:          2025-09-11T05:33:59.4393871Z
Activity.Duration:           00:00:00.0014405
Activity.Tags:
    server.address: localhost
    http.request.method: GET
    url.scheme: http
    url.path: /api/people
    network.protocol.version: 1.1
    http.route: api/People
    http.response.status_code: 200
Resource associated with Activity:
    deployment.environment: Testing
    service.name: Crud.Api
    service.version: 1.0.0
    service.instance.id: 15081513-c9e4-4e0d-aac5-97a71d5ef649
    telemetry.sdk.name: opentelemetry
    telemetry.sdk.language: dotnet
    telemetry.sdk.version: 1.8.1
[05:33:59 DBG] Cache hit for key: list:person {"SourceContext": "Infrastructure.Services.Caching.InMemoryCacheService", "ActionId": "5ae72748-2de5-4610-89e1-37298390b591", "ActionName": "Api.Controllers.PeopleController.List (Api)", "RequestId": "0HNFGUJ46SESM", "RequestPath": "/api/people", "Application": "Crud.Api"}
Activity.TraceId:            8dacfe16165664c9fac96a921670e165
Activity.SpanId:             ff5f99d9e8b74e56
Activity.TraceFlags:         Recorded
Activity.ActivitySourceName: Microsoft.AspNetCore
Activity.DisplayName:        GET api/People
Activity.Kind:               Server
Activity.StartTime:          2025-09-11T05:33:59.4407898Z
Activity.Duration:           00:00:00.0004235
Activity.Tags:
    server.address: localhost
    http.request.method: GET
    url.scheme: http
    url.path: /api/people
    network.protocol.version: 1.1
    http.route: api/People
    http.response.status_code: 200
Resource associated with Activity:
    deployment.environment: Testing
    service.name: Crud.Api
    service.version: 1.0.0
    service.instance.id: 15081513-c9e4-4e0d-aac5-97a71d5ef649
    telemetry.sdk.name: opentelemetry
    telemetry.sdk.language: dotnet
    telemetry.sdk.version: 1.8.1
[05:33:59 DBG] Cache hit for key: list:person {"SourceContext": "Infrastructure.Services.Caching.InMemoryCacheService", "ActionId": "5ae72748-2de5-4610-89e1-37298390b591", "ActionName": "Api.Controllers.PeopleController.List (Api)", "RequestId": "0HNFGUJ46SESN", "RequestPath": "/api/people", "Application": "Crud.Api"}
Activity.TraceId:            3e6a99df721a44040a0e686fe403abe1
Activity.SpanId:             2da19c942cd6c79e
Activity.TraceFlags:         Recorded
Activity.ActivitySourceName: Microsoft.AspNetCore
Activity.DisplayName:        GET api/People
Activity.Kind:               Server
Activity.StartTime:          2025-09-11T05:33:59.4409397Z
Activity.Duration:           00:00:00.0004552
Activity.Tags:
    server.address: localhost
    http.request.method: GET
    url.scheme: http
    url.path: /api/people
    network.protocol.version: 1.1
    http.route: api/People
    http.response.status_code: 200
Resource associated with Activity:
    deployment.environment: Testing
    service.name: Crud.Api
    service.version: 1.0.0
    service.instance.id: 15081513-c9e4-4e0d-aac5-97a71d5ef649
    telemetry.sdk.name: opentelemetry
    telemetry.sdk.language: dotnet
    telemetry.sdk.version: 1.8.1
[05:33:59 DBG] Cache hit for key: list:person {"SourceContext": "Infrastructure.Services.Caching.InMemoryCacheService", "ActionId": "5ae72748-2de5-4610-89e1-37298390b591", "ActionName": "Api.Controllers.PeopleController.List (Api)", "RequestId": "0HNFGUJ46SESO", "RequestPath": "/api/people", "Application": "Crud.Api"}
Activity.TraceId:            c009f6d8f8595ed32bec61c371c7700c
Activity.SpanId:             5c2d81505d987cc8
Activity.TraceFlags:         Recorded
Activity.ActivitySourceName: Microsoft.AspNetCore
Activity.DisplayName:        GET api/People
Activity.Kind:               Server
Activity.StartTime:          2025-09-11T05:33:59.4412967Z
Activity.Duration:           00:00:00.0003923
Activity.Tags:
    server.address: localhost
    http.request.method: GET
    url.scheme: http
    url.path: /api/people
    network.protocol.version: 1.1
    http.route: api/People
    http.response.status_code: 200
Resource associated with Activity:
    deployment.environment: Testing
    service.name: Crud.Api
    service.version: 1.0.0
    service.instance.id: 15081513-c9e4-4e0d-aac5-97a71d5ef649
    telemetry.sdk.name: opentelemetry
    telemetry.sdk.language: dotnet
    telemetry.sdk.version: 1.8.1
[05:33:59 DBG] Cache hit for key: list:person {"SourceContext": "Infrastructure.Services.Caching.InMemoryCacheService", "ActionId": "5ae72748-2de5-4610-89e1-37298390b591", "ActionName": "Api.Controllers.PeopleController.List (Api)", "RequestId": "0HNFGUJ46SESQ", "RequestPath": "/api/people", "Application": "Crud.Api"}
Activity.TraceId:            d4d280507af8f392e1f67f4fa927076a
Activity.SpanId:             3d3352e59e6255c4
Activity.TraceFlags:         Recorded
Activity.ActivitySourceName: Microsoft.AspNetCore
Activity.DisplayName:        GET api/People
Activity.Kind:               Server
Activity.StartTime:          2025-09-11T05:33:59.4383703Z
Activity.Duration:           00:00:00.0038638
Activity.Tags:
    server.address: localhost
    http.request.method: GET
    url.scheme: http
    url.path: /api/people
    network.protocol.version: 1.1
    http.route: api/People
    http.response.status_code: 200
Resource associated with Activity:
    deployment.environment: Testing
    service.name: Crud.Api
    service.version: 1.0.0
    service.instance.id: 15081513-c9e4-4e0d-aac5-97a71d5ef649
    telemetry.sdk.name: opentelemetry
    telemetry.sdk.language: dotnet
    telemetry.sdk.version: 1.8.1
[05:33:59 DBG] Cache hit for key: list:person {"SourceContext": "Infrastructure.Services.Caching.InMemoryCacheService", "ActionId": "5ae72748-2de5-4610-89e1-37298390b591", "ActionName": "Api.Controllers.PeopleController.List (Api)", "RequestId": "0HNFGUJ46SESI", "RequestPath": "/api/people", "Application": "Crud.Api"}
[05:33:59 DBG] Cache hit for key: list:person {"SourceContext": "Infrastructure.Services.Caching.InMemoryCacheService", "ActionId": "5ae72748-2de5-4610-89e1-37298390b591", "ActionName": "Api.Controllers.PeopleController.List (Api)", "RequestId": "0HNFGUJ46SESK", "RequestPath": "/api/people", "Application": "Crud.Api"}
Activity.TraceId:            79fdbf086fc8eca08acac024b4acefcc
Activity.SpanId:             b38922867dca761e
Activity.TraceFlags:         Recorded
Activity.ActivitySourceName: Microsoft.AspNetCore
Activity.DisplayName:        GET api/People
Activity.Kind:               Server
Activity.StartTime:          2025-09-11T05:33:59.4394789Z
Activity.Duration:           00:00:00.0032790
Activity.Tags:
    server.address: localhost
    http.request.method: GET
    url.scheme: http
    url.path: /api/people
    network.protocol.version: 1.1
    http.route: api/People
    http.response.status_code: 200
Resource associated with Activity:
    deployment.environment: Testing
    service.name: Crud.Api
    service.version: 1.0.0
    service.instance.id: 15081513-c9e4-4e0d-aac5-97a71d5ef649
    telemetry.sdk.name: opentelemetry
    telemetry.sdk.language: dotnet
    telemetry.sdk.version: 1.8.1
Activity.TraceId:            4ed3d4d2b2bc428d58e7aec6713c729d
Activity.SpanId:             52068c0a1b0c9307
Activity.TraceFlags:         Recorded
Activity.ActivitySourceName: Microsoft.AspNetCore
Activity.DisplayName:        GET api/People
Activity.Kind:               Server
Activity.StartTime:          2025-09-11T05:33:59.4398403Z
Activity.Duration:           00:00:00.0030291
Activity.Tags:
    server.address: localhost
    http.request.method: GET
    url.scheme: http
    url.path: /api/people
    network.protocol.version: 1.1
    http.route: api/People
    http.response.status_code: 200
Resource associated with Activity:
    deployment.environment: Testing
    service.name: Crud.Api
    service.version: 1.0.0
    service.instance.id: 15081513-c9e4-4e0d-aac5-97a71d5ef649
    telemetry.sdk.name: opentelemetry
    telemetry.sdk.language: dotnet
    telemetry.sdk.version: 1.8.1
[05:33:59 DBG] Cache hit for key: list:person {"SourceContext": "Infrastructure.Services.Caching.InMemoryCacheService", "ActionId": "5ae72748-2de5-4610-89e1-37298390b591", "ActionName": "Api.Controllers.PeopleController.List (Api)", "RequestId": "0HNFGUJ46SESE", "RequestPath": "/api/people", "Application": "Crud.Api"}
Activity.TraceId:            469dc346740ae91b36bed0fcbeb15304
Activity.SpanId:             61c668470360d1b1
Activity.TraceFlags:         Recorded
Activity.ActivitySourceName: Microsoft.AspNetCore
Activity.DisplayName:        GET api/People
Activity.Kind:               Server
Activity.StartTime:          2025-09-11T05:33:59.4417702Z
Activity.Duration:           00:00:00.0015742
Activity.Tags:
    server.address: localhost
    http.request.method: GET
    url.scheme: http
    url.path: /api/people
    network.protocol.version: 1.1
    http.route: api/People
    http.response.status_code: 200
Resource associated with Activity:
    deployment.environment: Testing
    service.name: Crud.Api
    service.version: 1.0.0
    service.instance.id: 15081513-c9e4-4e0d-aac5-97a71d5ef649
    telemetry.sdk.name: opentelemetry
    telemetry.sdk.language: dotnet
    telemetry.sdk.version: 1.8.1
Activity.TraceId:            6d141fb9d2f40c78e5cf9f76a5988022
Activity.SpanId:             716c4a6701f7679d
Activity.TraceFlags:         Recorded
Activity.ActivitySourceName: Microsoft.AspNetCore
Activity.DisplayName:        GET api/People
Activity.Kind:               Server
Activity.StartTime:          2025-09-11T05:33:59.4383672Z
Activity.Duration:           00:00:00.0051364
Activity.Tags:
    server.address: localhost
    http.request.method: GET
    url.scheme: http
    url.path: /api/people
    network.protocol.version: 1.1
    http.route: api/People
    http.response.status_code: 200
Resource associated with Activity:
    deployment.environment: Testing
    service.name: Crud.Api
    service.version: 1.0.0
    service.instance.id: 15081513-c9e4-4e0d-aac5-97a71d5ef649
    telemetry.sdk.name: opentelemetry
    telemetry.sdk.language: dotnet
    telemetry.sdk.version: 1.8.1
[05:33:59 DBG] Cache hit for key: list:person {"SourceContext": "Infrastructure.Services.Caching.InMemoryCacheService", "ActionId": "5ae72748-2de5-4610-89e1-37298390b591", "ActionName": "Api.Controllers.PeopleController.List (Api)", "RequestId": "0HNFGUJ46SESP", "RequestPath": "/api/people", "Application": "Crud.Api"}
Activity.TraceId:            ff6596ab6b53827e6cd1435bcfb78be8
Activity.SpanId:             71444627291d8c3e
[05:33:59 INF] Resetting database for worker 16373 {"SourceContext": "Infrastructure.Services.DatabaseTestService", "Application": "Crud.Api"}
Activity.TraceFlags:         Recorded
Activity.ActivitySourceName: Microsoft.AspNetCore
Activity.DisplayName:        GET api/People
Activity.Kind:               Server
Activity.StartTime:          2025-09-11T05:33:59.4414812Z
Activity.Duration:           00:00:00.0051989
Activity.Tags:
    server.address: localhost
    http.request.method: GET
    url.scheme: http
    url.path: /api/people
    network.protocol.version: 1.1
    http.route: api/People
    http.response.status_code: 200
Resource associated with Activity:
    deployment.environment: Testing
    service.name: Crud.Api
    service.version: 1.0.0
    service.instance.id: 15081513-c9e4-4e0d-aac5-97a71d5ef649
    telemetry.sdk.name: opentelemetry
    telemetry.sdk.language: dotnet
    telemetry.sdk.version: 1.8.1
[05:33:59 INF] Resetting database via file deletion for worker 16373 in CI environment {"SourceContext": "Infrastructure.Services.DatabaseTestService", "Application": "Crud.Api"}
[05:33:59 INF] Acquiring database mutex for worker 16373... {"SourceContext": "Infrastructure.Services.DatabaseTestService", "Application": "Crud.Api"}
[05:33:59 INF] Database mutex acquired for worker 16373 {"SourceContext": "Infrastructure.Services.DatabaseTestService", "Application": "Crud.Api"}
[05:33:59 INF] Current database state - CanConnect: True {"SourceContext": "Infrastructure.Services.DatabaseTestService", "Application": "Crud.Api"}
[05:33:59 INF] [Phase 0] Closing database connection for worker 16373... {"SourceContext": "Infrastructure.Services.DatabaseTestService", "Application": "Crud.Api"}
[05:33:59 INF] [Phase 0] Connection closed in 0.0029ms {"SourceContext": "Infrastructure.Services.DatabaseTestService", "Application": "Crud.Api"}
[05:33:59 INF] [Phase 1] Starting EnsureDeletedAsync for worker 16373... {"SourceContext": "Infrastructure.Services.DatabaseTestService", "Application": "Crud.Api"}
[05:33:59 INF] [Phase 1] EnsureDeletedAsync completed in 1.4078ms {"SourceContext": "Infrastructure.Services.DatabaseTestService", "Application": "Crud.Api"}
[05:33:59 INF] [Phase 2] Starting EnsureCreatedAsync for worker 16373... {"SourceContext": "Infrastructure.Services.DatabaseTestService", "Application": "Crud.Api"}
[05:33:59 INF] [Phase 2] EnsureCreatedAsync completed in 7.6556ms {"SourceContext": "Infrastructure.Services.DatabaseTestService", "Application": "Crud.Api"}
[05:33:59 INF] [Phase 3] Skipping database seeding as requested for worker 16373 {"SourceContext": "Infrastructure.Services.DatabaseTestService", "Application": "Crud.Api"}
[05:33:59 INF] Database reset via file deletion completed for worker 16373 in 109.3121ms (Close: 0.0029ms, Delete: 1.4078ms, Create: 7.6556ms) {"SourceContext": "Infrastructure.Services.DatabaseTestService", "Application": "Crud.Api"}
[05:33:59 INF] Releasing database mutex for worker 16373 {"SourceContext": "Infrastructure.Services.DatabaseTestService", "Application": "Crud.Api"}
[05:33:59 INF] Resetting database for worker 16373 {"SourceContext": "Infrastructure.Services.DatabaseTestService", "Application": "Crud.Api"}
[05:33:59 INF] Resetting database via file deletion for worker 16373 in CI environment {"SourceContext": "Infrastructure.Services.DatabaseTestService", "Application": "Crud.Api"}
[05:33:59 INF] Acquiring database mutex for worker 16373... {"SourceContext": "Infrastructure.Services.DatabaseTestService", "Application": "Crud.Api"}
[05:33:59 INF] Database mutex acquired for worker 16373 {"SourceContext": "Infrastructure.Services.DatabaseTestService", "Application": "Crud.Api"}
[05:33:59 INF] Current database state - CanConnect: True {"SourceContext": "Infrastructure.Services.DatabaseTestService", "Application": "Crud.Api"}
[05:33:59 INF] [Phase 0] Closing database connection for worker 16373... {"SourceContext": "Infrastructure.Services.DatabaseTestService", "Application": "Crud.Api"}
[05:33:59 INF] [Phase 0] Connection closed in 0.0017ms {"SourceContext": "Infrastructure.Services.DatabaseTestService", "Application": "Crud.Api"}
[05:33:59 INF] [Phase 1] Starting EnsureDeletedAsync for worker 16373... {"SourceContext": "Infrastructure.Services.DatabaseTestService", "Application": "Crud.Api"}
[05:33:59 INF] [Phase 1] EnsureDeletedAsync completed in 1.1553ms {"SourceContext": "Infrastructure.Services.DatabaseTestService", "Application": "Crud.Api"}
[05:33:59 INF] [Phase 2] Starting EnsureCreatedAsync for worker 16373... {"SourceContext": "Infrastructure.Services.DatabaseTestService", "Application": "Crud.Api"}
[05:33:59 INF] [Phase 2] EnsureCreatedAsync completed in 7.2493ms {"SourceContext": "Infrastructure.Services.DatabaseTestService", "Application": "Crud.Api"}
[05:33:59 INF] [Phase 3] Skipping database seeding as requested for worker 16373 {"SourceContext": "Infrastructure.Services.DatabaseTestService", "Application": "Crud.Api"}
[05:33:59 INF] Database reset via file deletion completed for worker 16373 in 108.794ms (Close: 0.0017ms, Delete: 1.1553ms, Create: 7.2493ms) {"SourceContext": "Infrastructure.Services.DatabaseTestService", "Application": "Crud.Api"}
[05:33:59 INF] Releasing database mutex for worker 16373 {"SourceContext": "Infrastructure.Services.DatabaseTestService", "Application": "Crud.Api"}
[05:33:59 INF] User registered successfully: 80115999-950c-4edf-bb33-e1c179af7f27 {"SourceContext": "App.Features.Authentication.RegisterUserCommandHandler", "ActionId": "3217664d-6317-4571-9243-a305f6f673c4", "ActionName": "Api.Controllers.AuthController.Register (Api)", "RequestId": "0HNFGUJ46SESR", "RequestPath": "/api/auth/register", "Application": "Crud.Api"}
Activity.TraceId:            49e5713abf3dde42722a1ca23948d8c8
Activity.SpanId:             ecf5e553f1716107
Activity.TraceFlags:         Recorded
Activity.ActivitySourceName: Microsoft.AspNetCore
Activity.DisplayName:        POST api/Auth/register
Activity.Kind:               Server
Activity.StartTime:          2025-09-11T05:33:59.6710726Z
Activity.Duration:           00:00:00.3032762
Activity.Tags:
    server.address: localhost
    http.request.method: POST
    url.scheme: http
    url.path: /api/auth/register
    network.protocol.version: 1.1
    http.route: api/Auth/register
    http.response.status_code: 200
Resource associated with Activity:
    deployment.environment: Testing
    service.name: Crud.Api
    service.version: 1.0.0
    service.instance.id: 15081513-c9e4-4e0d-aac5-97a71d5ef649
    telemetry.sdk.name: opentelemetry
    telemetry.sdk.language: dotnet
    telemetry.sdk.version: 1.8.1
[05:33:59 DBG] Cache miss for key: entity:person:abeaefdb264f40d3b91e837bf6b8ddb0 {"SourceContext": "Infrastructure.Services.Caching.InMemoryCacheService", "ActionId": "6d4b62c6-ab01-49d4-84fb-bdca695de2e0", "ActionName": "Api.Controllers.PeopleController.Get (Api)", "RequestId": "0HNFGUJ46SESS", "RequestPath": "/api/people/abeaefdb-264f-40d3-b91e-837bf6b8ddb0", "Application": "Crud.Api"}
[05:33:59 DBG] Set cache value for key: entity:person:abeaefdb264f40d3b91e837bf6b8ddb0 {"SourceContext": "Infrastructure.Services.Caching.InMemoryCacheService", "ActionId": "6d4b62c6-ab01-49d4-84fb-bdca695de2e0", "ActionName": "Api.Controllers.PeopleController.Get (Api)", "RequestId": "0HNFGUJ46SESS", "RequestPath": "/api/people/abeaefdb-264f-40d3-b91e-837bf6b8ddb0", "Application": "Crud.Api"}
Activity.TraceId:            deeaa32ceca7e7acf80e8265bb905134
Activity.SpanId:             1324e5fe583fa933
Activity.TraceFlags:         Recorded
Activity.ActivitySourceName: Microsoft.AspNetCore
Activity.DisplayName:        GET api/People/{id:guid}
Activity.Kind:               Server
Activity.StartTime:          2025-09-11T05:33:59.9751463Z
Activity.Duration:           00:00:00.0233488
Activity.Tags:
    server.address: localhost
    http.request.method: GET
    url.scheme: http
    url.path: /api/people/abeaefdb-264f-40d3-b91e-837bf6b8ddb0
    network.protocol.version: 1.1
    http.route: api/People/{id:guid}
    http.response.status_code: 200
Resource associated with Activity:
    deployment.environment: Testing
    service.name: Crud.Api
    service.version: 1.0.0
    service.instance.id: 15081513-c9e4-4e0d-aac5-97a71d5ef649
    telemetry.sdk.name: opentelemetry
    telemetry.sdk.language: dotnet
    telemetry.sdk.version: 1.8.1
[05:34:00 DBG] Cache hit for key: entity:person:abeaefdb264f40d3b91e837bf6b8ddb0 {"SourceContext": "Infrastructure.Services.Caching.InMemoryCacheService", "ActionId": "6d4b62c6-ab01-49d4-84fb-bdca695de2e0", "ActionName": "Api.Controllers.PeopleController.Get (Api)", "RequestId": "0HNFGUJ46SESV", "RequestPath": "/api/people/abeaefdb-264f-40d3-b91e-837bf6b8ddb0", "Application": "Crud.Api"}
Activity.TraceId:            6b8c6a807f309e59168e3b62750f9c50
Activity.SpanId:             922510c2c8dded82
Activity.TraceFlags:         Recorded
Activity.ActivitySourceName: Microsoft.AspNetCore
Activity.DisplayName:        GET api/People/{id:guid}
Activity.Kind:               Server
Activity.StartTime:          2025-09-11T05:33:59.9991580Z
Activity.Duration:           00:00:00.0122130
Activity.Tags:
    server.address: localhost
    http.request.method: GET
    url.scheme: http
    url.path: /api/people/abeaefdb-264f-40d3-b91e-837bf6b8ddb0
    network.protocol.version: 1.1
    http.route: api/People/{id:guid}
    http.response.status_code: 200
Resource associated with Activity:
    deployment.environment: Testing
    service.name: Crud.Api
    service.version: 1.0.0
    service.instance.id: 15081513-c9e4-4e0d-aac5-97a71d5ef649
    telemetry.sdk.name: opentelemetry
    telemetry.sdk.language: dotnet
    telemetry.sdk.version: 1.8.1
[05:34:00 DBG] Cache hit for key: entity:person:abeaefdb264f40d3b91e837bf6b8ddb0 {"SourceContext": "Infrastructure.Services.Caching.InMemoryCacheService", "ActionId": "6d4b62c6-ab01-49d4-84fb-bdca695de2e0", "ActionName": "Api.Controllers.PeopleController.Get (Api)", "RequestId": "0HNFGUJ46SET0", "RequestPath": "/api/people/abeaefdb-264f-40d3-b91e-837bf6b8ddb0", "Application": "Crud.Api"}
Activity.TraceId:            f0cde6cf42f5056a73fc4df8205f2ed3
Activity.SpanId:             9682964d5f12ca8c
Activity.TraceFlags:         Recorded
Activity.ActivitySourceName: Microsoft.AspNetCore
Activity.DisplayName:        GET api/People/{id:guid}
Activity.Kind:               Server
Activity.StartTime:          2025-09-11T05:34:00.0115466Z
Activity.Duration:           00:00:00.0007764
Activity.Tags:
    server.address: localhost
    http.request.method: GET
    url.scheme: http
    url.path: /api/people/abeaefdb-264f-40d3-b91e-837bf6b8ddb0
    network.protocol.version: 1.1
    http.route: api/People/{id:guid}
    http.response.status_code: 200
Resource associated with Activity:
    deployment.environment: Testing
    service.name: Crud.Api
    service.version: 1.0.0
    service.instance.id: 15081513-c9e4-4e0d-aac5-97a71d5ef649
    telemetry.sdk.name: opentelemetry
    telemetry.sdk.language: dotnet
    telemetry.sdk.version: 1.8.1
[05:34:00 DBG] Cache hit for key: entity:person:abeaefdb264f40d3b91e837bf6b8ddb0 {"SourceContext": "Infrastructure.Services.Caching.InMemoryCacheService", "ActionId": "6d4b62c6-ab01-49d4-84fb-bdca695de2e0", "ActionName": "Api.Controllers.PeopleController.Get (Api)", "RequestId": "0HNFGUJ46SET1", "RequestPath": "/api/people/abeaefdb-264f-40d3-b91e-837bf6b8ddb0", "Application": "Crud.Api"}
Activity.TraceId:            0773d6cf7603e6b11082045386130f69
Activity.SpanId:             cf10f088b55e21f7
Activity.TraceFlags:         Recorded
Activity.ActivitySourceName: Microsoft.AspNetCore
Activity.DisplayName:        GET api/People/{id:guid}
Activity.Kind:               Server
Activity.StartTime:          2025-09-11T05:34:00.0124265Z
Activity.Duration:           00:00:00.0005346
Activity.Tags:
    server.address: localhost
    http.request.method: GET
    url.scheme: http
    url.path: /api/people/abeaefdb-264f-40d3-b91e-837bf6b8ddb0
    network.protocol.version: 1.1
    http.route: api/People/{id:guid}
    http.response.status_code: 200
Resource associated with Activity:
    deployment.environment: Testing
    service.name: Crud.Api
    service.version: 1.0.0
    service.instance.id: 15081513-c9e4-4e0d-aac5-97a71d5ef649
    telemetry.sdk.name: opentelemetry
    telemetry.sdk.language: dotnet
    telemetry.sdk.version: 1.8.1
[05:34:00 DBG] Cache hit for key: entity:person:abeaefdb264f40d3b91e837bf6b8ddb0 {"SourceContext": "Infrastructure.Services.Caching.InMemoryCacheService", "ActionId": "6d4b62c6-ab01-49d4-84fb-bdca695de2e0", "ActionName": "Api.Controllers.PeopleController.Get (Api)", "RequestId": "0HNFGUJ46SEST", "RequestPath": "/api/people/abeaefdb-264f-40d3-b91e-837bf6b8ddb0", "Application": "Crud.Api"}
[05:34:00 DBG] Cache hit for key: entity:person:abeaefdb264f40d3b91e837bf6b8ddb0 {"SourceContext": "Infrastructure.Services.Caching.InMemoryCacheService", "ActionId": "6d4b62c6-ab01-49d4-84fb-bdca695de2e0", "ActionName": "Api.Controllers.PeopleController.Get (Api)", "RequestId": "0HNFGUJ46SESU", "RequestPath": "/api/people/abeaefdb-264f-40d3-b91e-837bf6b8ddb0", "Application": "Crud.Api"}
Activity.TraceId:            3d42eb6af0c96844d1d8b21a2d180283
Activity.SpanId:             c64587920720f7a2
Activity.TraceFlags:         Recorded
Activity.ActivitySourceName: Microsoft.AspNetCore
Activity.DisplayName:        GET api/People/{id:guid}
Activity.Kind:               Server
Activity.StartTime:          2025-09-11T05:33:59.9986362Z
Activity.Duration:           00:00:00.0189693
Activity.Tags:
    server.address: localhost
    http.request.method: GET
    url.scheme: http
    url.path: /api/people/abeaefdb-264f-40d3-b91e-837bf6b8ddb0
    network.protocol.version: 1.1
    http.route: api/People/{id:guid}
    http.response.status_code: 200
Resource associated with Activity:
    deployment.environment: Testing
    service.name: Crud.Api
    service.version: 1.0.0
    service.instance.id: 15081513-c9e4-4e0d-aac5-97a71d5ef649
    telemetry.sdk.name: opentelemetry
    telemetry.sdk.language: dotnet
    telemetry.sdk.version: 1.8.1
Activity.TraceId:            a4db8d5f5a17500f9c2253aa6c39515a
Activity.SpanId:             cd93d8e0a70f8aa2
Activity.TraceFlags:         Recorded
Activity.ActivitySourceName: Microsoft.AspNetCore
Activity.DisplayName:        GET api/People/{id:guid}
Activity.Kind:               Server
Activity.StartTime:          2025-09-11T05:33:59.9988239Z
Activity.Duration:           00:00:00.0189454
Activity.Tags:
[05:34:00 INF] Resetting database for worker 16373 {"SourceContext": "Infrastructure.Services.DatabaseTestService", "Application": "Crud.Api"}
    server.address: localhost
    http.request.method: GET
    url.scheme: http
    url.path: /api/people/abeaefdb-264f-40d3-b91e-837bf6b8ddb0
    network.protocol.version: 1.1
    http.route: api/People/{id:guid}
    http.response.status_code: 200
Resource associated with Activity:
    deployment.environment: Testing
    service.name: Crud.Api
    service.version: 1.0.0
    service.instance.id: 15081513-c9e4-4e0d-aac5-97a71d5ef649
    telemetry.sdk.name: opentelemetry
    telemetry.sdk.language: dotnet
    telemetry.sdk.version: 1.8.1
[05:34:00 INF] Resetting database via file deletion for worker 16373 in CI environment {"SourceContext": "Infrastructure.Services.DatabaseTestService", "Application": "Crud.Api"}
[05:34:00 INF] Acquiring database mutex for worker 16373... {"SourceContext": "Infrastructure.Services.DatabaseTestService", "Application": "Crud.Api"}
[05:34:00 INF] Database mutex acquired for worker 16373 {"SourceContext": "Infrastructure.Services.DatabaseTestService", "Application": "Crud.Api"}
[05:34:00 INF] Current database state - CanConnect: True {"SourceContext": "Infrastructure.Services.DatabaseTestService", "Application": "Crud.Api"}
[05:34:00 INF] [Phase 0] Closing database connection for worker 16373... {"SourceContext": "Infrastructure.Services.DatabaseTestService", "Application": "Crud.Api"}
[05:34:00 INF] [Phase 0] Connection closed in 0.0018ms {"SourceContext": "Infrastructure.Services.DatabaseTestService", "Application": "Crud.Api"}
[05:34:00 INF] [Phase 1] Starting EnsureDeletedAsync for worker 16373... {"SourceContext": "Infrastructure.Services.DatabaseTestService", "Application": "Crud.Api"}
[05:34:00 INF] [Phase 1] EnsureDeletedAsync completed in 1.3173ms {"SourceContext": "Infrastructure.Services.DatabaseTestService", "Application": "Crud.Api"}
[05:34:00 INF] [Phase 2] Starting EnsureCreatedAsync for worker 16373... {"SourceContext": "Infrastructure.Services.DatabaseTestService", "Application": "Crud.Api"}
[05:34:00 INF] [Phase 2] EnsureCreatedAsync completed in 7.8194ms {"SourceContext": "Infrastructure.Services.DatabaseTestService", "Application": "Crud.Api"}
[05:34:00 INF] [Phase 3] Skipping database seeding as requested for worker 16373 {"SourceContext": "Infrastructure.Services.DatabaseTestService", "Application": "Crud.Api"}
[05:34:00 INF] Database reset via file deletion completed for worker 16373 in 109.3993ms (Close: 0.0018ms, Delete: 1.3173ms, Create: 7.8194ms) {"SourceContext": "Infrastructure.Services.DatabaseTestService", "Application": "Crud.Api"}
[05:34:00 INF] Releasing database mutex for worker 16373 {"SourceContext": "Infrastructure.Services.DatabaseTestService", "Application": "Crud.Api"}
Resource associated with Metric:
    deployment.environment: Testing
    service.name: Crud.Api
    service.version: 1.0.0
    service.instance.id: 15081513-c9e4-4e0d-aac5-97a71d5ef649
    telemetry.sdk.name: opentelemetry
    telemetry.sdk.language: dotnet
    telemetry.sdk.version: 1.8.1
Metric Name: http.server.active_requests, Number of active HTTP server requests., Unit: {request}, Meter: Microsoft.AspNetCore.Hosting
(2025-09-11T05:33:50.4342644Z, 2025-09-11T05:34:00.1302293Z] http.request.method: POST url.scheme: http LongSumNonMonotonic
Value: 0
(2025-09-11T05:33:50.4342644Z, 2025-09-11T05:34:00.1302293Z] http.request.method: GET url.scheme: http LongSumNonMonotonic
Value: 0
Metric Name: http.server.request.duration, Duration of HTTP server requests., Unit: s, Meter: Microsoft.AspNetCore.Hosting
(2025-09-11T05:33:50.4342980Z, 2025-09-11T05:34:00.1302357Z] http.request.method: POST http.response.status_code: 200 http.route: api/Auth/register network.protocol.version: 1.1 url.scheme: http Histogram
Value: Sum: 5.601628200000001 Count: 13 Min: 0.2968027 Max: 1.2639882 
(-Infinity,0.005]:0
(0.005,0.01]:0
(0.01,0.025]:0
(0.025,0.05]:0
(0.05,0.075]:0
(0.075,0.1]:0
(0.1,0.25]:0
(0.25,0.5]:11
(0.5,0.75]:0
(0.75,1]:0
(1,2.5]:2
(2.5,5]:0
(5,7.5]:0
(7.5,10]:0
(10,+Infinity]:0
(2025-09-11T05:33:50.4342980Z, 2025-09-11T05:34:00.1302357Z] http.request.method: POST http.response.status_code: 200 http.route: api/Auth/login network.protocol.version: 1.1 url.scheme: http Histogram
Value: Sum: 1.2785961000000001 Count: 3 Min: 0.3013976 Max: 0.6750612 
(-Infinity,0.005]:0
(0.005,0.01]:0
(0.01,0.025]:0
(0.025,0.05]:0
(0.05,0.075]:0
(0.075,0.1]:0
(0.1,0.25]:0
(0.25,0.5]:2
(0.5,0.75]:1
(0.75,1]:0
(1,2.5]:0
(2.5,5]:0
(5,7.5]:0
(7.5,10]:0
(10,+Infinity]:0
(2025-09-11T05:33:50.4342980Z, 2025-09-11T05:34:00.1302357Z] http.request.method: GET http.response.status_code: 200 http.route: api/Roles network.protocol.version: 1.1 url.scheme: http Histogram
Value: Sum: 0.13743289999999994 Count: 14 Min: 0.0005555 Max: 0.1222412 
(-Infinity,0.005]:13
(0.005,0.01]:0
(0.01,0.025]:0
(0.025,0.05]:0
(0.05,0.075]:0
(0.075,0.1]:0
(0.1,0.25]:1
(0.25,0.5]:0
(0.5,0.75]:0
(0.75,1]:0
(1,2.5]:0
(2.5,5]:0
(5,7.5]:0
(7.5,10]:0
(10,+Infinity]:0
(2025-09-11T05:33:50.4342980Z, 2025-09-11T05:34:00.1302357Z] http.request.method: GET http.response.status_code: 200 http.route: api/Walls network.protocol.version: 1.1 url.scheme: http Histogram
Value: Sum: 0.0425517 Count: 3 Min: 0.0022473 Max: 0.0379525 
(-Infinity,0.005]:2
(0.005,0.01]:0
(0.01,0.025]:0
(0.025,0.05]:1
(0.05,0.075]:0
(0.075,0.1]:0
(0.1,0.25]:0
(0.25,0.5]:0
(0.5,0.75]:0
(0.75,1]:0
(1,2.5]:0
(2.5,5]:0
(5,7.5]:0
(7.5,10]:0
(10,+Infinity]:0
(2025-09-11T05:33:50.4342980Z, 2025-09-11T05:34:00.1302357Z] http.request.method: POST http.response.status_code: 201 http.route: api/Roles network.protocol.version: 1.1 url.scheme: http Histogram
Value: Sum: 0.0395688 Count: 1 Min: 0.0395688 Max: 0.0395688 
(-Infinity,0.005]:0
(0.005,0.01]:0
(0.01,0.025]:0
(0.025,0.05]:1
(0.05,0.075]:0
(0.075,0.1]:0
(0.1,0.25]:0
(0.25,0.5]:0
(0.5,0.75]:0
(0.75,1]:0
(1,2.5]:0
(2.5,5]:0
(5,7.5]:0
(7.5,10]:0
(10,+Infinity]:0
(2025-09-11T05:33:50.4342980Z, 2025-09-11T05:34:00.1302357Z] http.request.method: GET http.response.status_code: 200 http.route: api/People network.protocol.version: 1.1 url.scheme: http Histogram
Value: Sum: 0.07700860000000001 Count: 27 Min: 0.0003938 Max: 0.0311657 
(-Infinity,0.005]:24
(0.005,0.01]:2
(0.01,0.025]:0
(0.025,0.05]:1
(0.05,0.075]:0
(0.075,0.1]:0
(0.1,0.25]:0
(0.25,0.5]:0
(0.5,0.75]:0
(0.75,1]:0
(1,2.5]:0
(2.5,5]:0
(5,7.5]:0
(7.5,10]:0
(10,+Infinity]:0
(2025-09-11T05:33:50.4342980Z, 2025-09-11T05:34:00.1302357Z] http.request.method: POST http.response.status_code: 201 http.route: api/People network.protocol.version: 1.1 url.scheme: http Histogram
Value: Sum: 0.0190154 Count: 1 Min: 0.0190154 Max: 0.0190154 
(-Infinity,0.005]:0
(0.005,0.01]:0
(0.01,0.025]:1
(0.025,0.05]:0
(0.05,0.075]:0
(0.075,0.1]:0
(0.1,0.25]:0
(0.25,0.5]:0
(0.5,0.75]:0
(0.75,1]:0
(1,2.5]:0
(2.5,5]:0
(5,7.5]:0
(7.5,10]:0
(10,+Infinity]:0
(2025-09-11T05:33:50.4342980Z, 2025-09-11T05:34:00.1302357Z] http.request.method: GET http.response.status_code: 200 http.route: api/Windows network.protocol.version: 1.1 url.scheme: http Histogram
Value: Sum: 0.0199876 Count: 1 Min: 0.0199876 Max: 0.0199876 
(-Infinity,0.005]:0
(0.005,0.01]:0
(0.01,0.025]:1
(0.025,0.05]:0
(0.05,0.075]:0
(0.075,0.1]:0
(0.1,0.25]:0
(0.25,0.5]:0
(0.5,0.75]:0
(0.75,1]:0
(1,2.5]:0
(2.5,5]:0
(5,7.5]:0
(7.5,10]:0
(10,+Infinity]:0
(2025-09-11T05:33:50.4342980Z, 2025-09-11T05:34:00.1302357Z] http.request.method: GET http.response.status_code: 200 http.route: api/People/{id:guid} network.protocol.version: 1.1 url.scheme: http Histogram
Value: Sum: 0.0748433 Count: 6 Min: 0.0005363 Max: 0.0233339 
(-Infinity,0.005]:2
(0.005,0.01]:0
(0.01,0.025]:4
(0.025,0.05]:0
(0.05,0.075]:0
(0.075,0.1]:0
(0.1,0.25]:0
(0.25,0.5]:0
(0.5,0.75]:0
(0.75,1]:0
(1,2.5]:0
(2.5,5]:0
(5,7.5]:0
(7.5,10]:0
(10,+Infinity]:0
Metric Name: aspnetcore.rate_limiting.active_request_leases, Number of HTTP requests that are currently active on the server that hold a rate limiting lease., Unit: {request}, Meter: Microsoft.AspNetCore.RateLimiting
(2025-09-11T05:33:50.4431358Z, 2025-09-11T05:34:00.1302365Z] LongSumNonMonotonic
Value: 0
Metric Name: aspnetcore.rate_limiting.request_lease.duration, The duration of rate limiting leases held by HTTP requests on the server., Unit: s, Meter: Microsoft.AspNetCore.RateLimiting
(2025-09-11T05:33:50.4431722Z, 2025-09-11T05:34:00.1302376Z] Histogram
Value: Sum: 7.2671307999999994 Count: 69 Min: 0.0003243 Max: 1.2598587 
(-Infinity,0.005]:42
(0.005,0.01]:1
(0.01,0.025]:6
(0.025,0.05]:3
(0.05,0.075]:0
(0.075,0.1]:0
(0.1,0.25]:1
(0.25,0.5]:13
(0.5,0.75]:1
(0.75,1]:0
(1,2.5]:2
(2.5,5]:0
(5,7.5]:0
(7.5,10]:0
(10,+Infinity]:0
Metric Name: aspnetcore.rate_limiting.requests, Number of requests that tried to acquire a rate limiting lease. Requests could be rejected by global or endpoint rate limiting policies. Or the request could be canceled while waiting for the lease., Unit: {request}, Meter: Microsoft.AspNetCore.RateLimiting
(2025-09-11T05:33:50.4432325Z, 2025-09-11T05:34:00.1302394Z] aspnetcore.rate_limiting.result: acquired LongSum
Value: 69
Metric Name: aspnetcore.routing.match_attempts, Number of requests that were attempted to be matched to an endpoint., Unit: {match_attempt}, Meter: Microsoft.AspNetCore.Routing
(2025-09-11T05:33:50.4478124Z, 2025-09-11T05:34:00.1302435Z] aspnetcore.routing.is_fallback: false aspnetcore.routing.match_status: success http.route: api/Auth/register LongSum
Value: 13
(2025-09-11T05:33:50.4478124Z, 2025-09-11T05:34:00.1302435Z] aspnetcore.routing.is_fallback: false aspnetcore.routing.match_status: success http.route: api/Auth/login LongSum
Value: 3
(2025-09-11T05:33:50.4478124Z, 2025-09-11T05:34:00.1302435Z] aspnetcore.routing.is_fallback: false aspnetcore.routing.match_status: success http.route: api/Roles LongSum
Value: 15
(2025-09-11T05:33:50.4478124Z, 2025-09-11T05:34:00.1302435Z] aspnetcore.routing.is_fallback: false aspnetcore.routing.match_status: success http.route: api/Walls LongSum
Value: 3
(2025-09-11T05:33:50.4478124Z, 2025-09-11T05:34:00.1302435Z] aspnetcore.routing.is_fallback: false aspnetcore.routing.match_status: success http.route: api/People LongSum
Value: 28
(2025-09-11T05:33:50.4478124Z, 2025-09-11T05:34:00.1302435Z] aspnetcore.routing.is_fallback: false aspnetcore.routing.match_status: success http.route: api/Windows LongSum
Value: 1
(2025-09-11T05:33:50.4478124Z, 2025-09-11T05:34:00.1302435Z] aspnetcore.routing.is_fallback: false aspnetcore.routing.match_status: success http.route: api/People/{id:guid} LongSum
Value: 6
[05:34:00 INF] Starting Crud API application {"Application": "Crud.Api"}
[05:34:00 INF] Using SQLite provider with connection: Data Source=TestDatabase.db {"Application": "Crud.Api"}
[05:34:00 INF] Database ensured successfully {"Application": "Crud.Api"}
[05:34:00 INF] Application configured successfully. Starting web host... {"Application": "Crud.Api"}
[05:34:00 INF] Resetting database for worker 14502 {"SourceContext": "Infrastructure.Services.DatabaseTestService", "Application": "Crud.Api"}
[05:34:00 INF] Resetting database via file deletion for worker 14502 in CI environment {"SourceContext": "Infrastructure.Services.DatabaseTestService", "Application": "Crud.Api"}
[05:34:00 INF] Acquiring database mutex for worker 14502... {"SourceContext": "Infrastructure.Services.DatabaseTestService", "Application": "Crud.Api"}
[05:34:00 INF] Database mutex acquired for worker 14502 {"SourceContext": "Infrastructure.Services.DatabaseTestService", "Application": "Crud.Api"}
[05:34:00 INF] Current database state - CanConnect: True {"SourceContext": "Infrastructure.Services.DatabaseTestService", "Application": "Crud.Api"}
[05:34:00 INF] [Phase 0] Closing database connection for worker 14502... {"SourceContext": "Infrastructure.Services.DatabaseTestService", "Application": "Crud.Api"}
[05:34:00 INF] [Phase 0] Connection closed in 0.0023ms {"SourceContext": "Infrastructure.Services.DatabaseTestService", "Application": "Crud.Api"}
[05:34:00 INF] [Phase 1] Starting EnsureDeletedAsync for worker 14502... {"SourceContext": "Infrastructure.Services.DatabaseTestService", "Application": "Crud.Api"}
[05:34:00 INF] [Phase 1] EnsureDeletedAsync completed in 1.3338ms {"SourceContext": "Infrastructure.Services.DatabaseTestService", "Application": "Crud.Api"}
[05:34:00 INF] [Phase 2] Starting EnsureCreatedAsync for worker 14502... {"SourceContext": "Infrastructure.Services.DatabaseTestService", "Application": "Crud.Api"}
[05:34:00 INF] [Phase 2] EnsureCreatedAsync completed in 7.6202ms {"SourceContext": "Infrastructure.Services.DatabaseTestService", "Application": "Crud.Api"}
[05:34:00 INF] [Phase 3] Skipping database seeding as requested for worker 14502 {"SourceContext": "Infrastructure.Services.DatabaseTestService", "Application": "Crud.Api"}
[05:34:00 INF] Database reset via file deletion completed for worker 14502 in 109.2898ms (Close: 0.0023ms, Delete: 1.3338ms, Create: 7.6202ms) {"SourceContext": "Infrastructure.Services.DatabaseTestService", "Application": "Crud.Api"}
[05:34:00 INF] Releasing database mutex for worker 14502 {"SourceContext": "Infrastructure.Services.DatabaseTestService", "Application": "Crud.Api"}
[05:34:00 WRN] Failed to determine the https port for redirect. {"EventId": {"Id": 3, "Name": "FailedToDeterminePort"}, "SourceContext": "Microsoft.AspNetCore.HttpsPolicy.HttpsRedirectionMiddleware", "RequestId": "0HNFGUJ46SET2", "RequestPath": "/api/auth/register", "Application": "Crud.Api"}
[05:34:00 ERR] An unhandled exception occurred during request POST /api/auth/register. Request ID: 0HNFGUJ46SET2, User: Anonymous {"SourceContext": "Api.Middleware.GlobalExceptionHandlingMiddleware", "RequestPath": "/api/auth/register", "Application": "Crud.Api"}
FluentValidation.ValidationException: Validation failed: 
 -- Email: Invalid email format Severity: Error
   at App.Behaviors.ValidationBehavior`2.Handle(TRequest request, RequestHandlerDelegate`1 next, CancellationToken cancellationToken) in /home/runner/work/Crud/Crud/src/App/Behaviors/ValidationBehavior.cs:line 39
   at Api.Controllers.AuthController.Register(RegisterUserCommand command, CancellationToken cancellationToken) in /home/runner/work/Crud/Crud/src/Api/Controllers/AuthController.cs:line 27
   at Microsoft.AspNetCore.Mvc.Infrastructure.ActionMethodExecutor.TaskOfIActionResultExecutor.Execute(ActionContext actionContext, IActionResultTypeMapper mapper, ObjectMethodExecutor executor, Object controller, Object[] arguments)
   at Microsoft.AspNetCore.Mvc.Infrastructure.ControllerActionInvoker.&lt;InvokeActionMethodAsync&gt;g__Logged|12_1(ControllerActionInvoker invoker)
   at Microsoft.AspNetCore.Mvc.Infrastructure.ControllerActionInvoker.&lt;InvokeNextActionFilterAsync&gt;g__Awaited|10_0(ControllerActionInvoker invoker, Task lastTask, State next, Scope scope, Object state, Boolean isCompleted)
   at Microsoft.AspNetCore.Mvc.Infrastructure.ControllerActionInvoker.Rethrow(ActionExecutedContextSealed context)
   at Microsoft.AspNetCore.Mvc.Infrastructure.ControllerActionInvoker.Next(State&amp; next, Scope&amp; scope, Object&amp; state, Boolean&amp; isCompleted)
   at Microsoft.AspNetCore.Mvc.Infrastructure.ControllerActionInvoker.InvokeInnerFilterAsync()
--- End of stack trace from previous location ---
   at Microsoft.AspNetCore.Mvc.Infrastructure.ResourceInvoker.&lt;InvokeFilterPipelineAsync&gt;g__Awaited|20_0(ResourceInvoker invoker, Task lastTask, State next, Scope scope, Object state, Boolean isCompleted)
   at Microsoft.AspNetCore.Mvc.Infrastructure.ResourceInvoker.&lt;InvokeAsync&gt;g__Logged|17_1(ResourceInvoker invoker)
   at Microsoft.AspNetCore.Mvc.Infrastructure.ResourceInvoker.&lt;InvokeAsync&gt;g__Logged|17_1(ResourceInvoker invoker)
   at Microsoft.AspNetCore.Authorization.AuthorizationMiddleware.Invoke(HttpContext context)
   at Microsoft.AspNetCore.Authentication.AuthenticationMiddleware.Invoke(HttpContext context)
   at Microsoft.AspNetCore.RateLimiting.RateLimitingMiddleware.InvokeInternal(HttpContext context, EnableRateLimitingAttribute enableRateLimitingAttribute)
   at Api.Middleware.GlobalExceptionHandlingMiddleware.InvokeAsync(HttpContext context) in /home/runner/work/Crud/Crud/src/Api/Middleware/GlobalExceptionHandlingMiddleware.cs:line 27
Activity.TraceId:            efbaf0bd0bde93d179ce23a8dfb34e02
Activity.SpanId:             c5e73a55fca7ff83
Activity.TraceFlags:         Recorded
Activity.ActivitySourceName: Microsoft.AspNetCore
Activity.DisplayName:        POST api/Auth/register
Activity.Kind:               Server
Activity.StartTime:          2025-09-11T05:34:00.3363313Z
Activity.Duration:           00:00:00.0260680
Activity.Tags:
    server.address: localhost
    http.request.method: POST
    url.scheme: http
    url.path: /api/auth/register
    network.protocol.version: 1.1
    http.route: api/Auth/register
    http.response.status_code: 400
Resource associated with Activity:
    deployment.environment: Testing
    service.name: Crud.Api
    service.version: 1.0.0
    service.instance.id: 15081513-c9e4-4e0d-aac5-97a71d5ef649
    telemetry.sdk.name: opentelemetry
    telemetry.sdk.language: dotnet
    telemetry.sdk.version: 1.8.1
❌ POST /api/auth/register failed:
   Status: BadRequest (400)
   Reason: Bad Request
   Response Body: {"status":400,"title":"Validation Failed","detail":null,"errors":{"Email":["Invalid email format"]},"traceId":"46c438c7-91f4-408e-88c4-cafc938f6f0d","timestamp":"2025-09-11T05:34:00.3507042Z"}
   Content Headers: Content-Type=application/json
[05:34:00 INF] Resetting database for worker 14502 {"SourceContext": "Infrastructure.Services.DatabaseTestService", "Application": "Crud.Api"}
[05:34:00 INF] Resetting database via file deletion for worker 14502 in CI environment {"SourceContext": "Infrastructure.Services.DatabaseTestService", "Application": "Crud.Api"}
[05:34:00 INF] Acquiring database mutex for worker 14502... {"SourceContext": "Infrastructure.Services.DatabaseTestService", "Application": "Crud.Api"}
[05:34:00 INF] Database mutex acquired for worker 14502 {"SourceContext": "Infrastructure.Services.DatabaseTestService", "Application": "Crud.Api"}
[05:34:00 INF] Current database state - CanConnect: True {"SourceContext": "Infrastructure.Services.DatabaseTestService", "Application": "Crud.Api"}
[05:34:00 INF] [Phase 0] Closing database connection for worker 14502... {"SourceContext": "Infrastructure.Services.DatabaseTestService", "Application": "Crud.Api"}
[05:34:00 INF] [Phase 0] Connection closed in 0.0024ms {"SourceContext": "Infrastructure.Services.DatabaseTestService", "Application": "Crud.Api"}
[05:34:00 INF] [Phase 1] Starting EnsureDeletedAsync for worker 14502... {"SourceContext": "Infrastructure.Services.DatabaseTestService", "Application": "Crud.Api"}
[05:34:00 INF] [Phase 1] EnsureDeletedAsync completed in 1.4162ms {"SourceContext": "Infrastructure.Services.DatabaseTestService", "Application": "Crud.Api"}
[05:34:00 INF] [Phase 2] Starting EnsureCreatedAsync for worker 14502... {"SourceContext": "Infrastructure.Services.DatabaseTestService", "Application": "Crud.Api"}
[05:34:00 INF] [Phase 2] EnsureCreatedAsync completed in 8.1616ms {"SourceContext": "Infrastructure.Services.DatabaseTestService", "Application": "Crud.Api"}
[05:34:00 INF] [Phase 3] Skipping database seeding as requested for worker 14502 {"SourceContext": "Infrastructure.Services.DatabaseTestService", "Application": "Crud.Api"}
[05:34:00 INF] Database reset via file deletion completed for worker 14502 in 109.3586ms (Close: 0.0024ms, Delete: 1.4162ms, Create: 8.1616ms) {"SourceContext": "Infrastructure.Services.DatabaseTestService", "Application": "Crud.Api"}
[05:34:00 INF] Releasing database mutex for worker 14502 {"SourceContext": "Infrastructure.Services.DatabaseTestService", "Application": "Crud.Api"}
[05:34:00 INF] Resetting database for worker 14502 {"SourceContext": "Infrastructure.Services.DatabaseTestService", "Application": "Crud.Api"}
[05:34:00 INF] Resetting database via file deletion for worker 14502 in CI environment {"SourceContext": "Infrastructure.Services.DatabaseTestService", "Application": "Crud.Api"}
[05:34:00 INF] Acquiring database mutex for worker 14502... {"SourceContext": "Infrastructure.Services.DatabaseTestService", "Application": "Crud.Api"}
[05:34:00 INF] Database mutex acquired for worker 14502 {"SourceContext": "Infrastructure.Services.DatabaseTestService", "Application": "Crud.Api"}
[05:34:00 INF] Current database state - CanConnect: True {"SourceContext": "Infrastructure.Services.DatabaseTestService", "Application": "Crud.Api"}
[05:34:00 INF] [Phase 0] Closing database connection for worker 14502... {"SourceContext": "Infrastructure.Services.DatabaseTestService", "Application": "Crud.Api"}
[05:34:00 INF] [Phase 0] Connection closed in 0.0016ms {"SourceContext": "Infrastructure.Services.DatabaseTestService", "Application": "Crud.Api"}
[05:34:00 INF] [Phase 1] Starting EnsureDeletedAsync for worker 14502... {"SourceContext": "Infrastructure.Services.DatabaseTestService", "Application": "Crud.Api"}
[05:34:00 INF] [Phase 1] EnsureDeletedAsync completed in 1.2504ms {"SourceContext": "Infrastructure.Services.DatabaseTestService", "Application": "Crud.Api"}
[05:34:00 INF] [Phase 2] Starting EnsureCreatedAsync for worker 14502... {"SourceContext": "Infrastructure.Services.DatabaseTestService", "Application": "Crud.Api"}
[05:34:00 INF] [Phase 2] EnsureCreatedAsync completed in 8.1214ms {"SourceContext": "Infrastructure.Services.DatabaseTestService", "Application": "Crud.Api"}
[05:34:00 INF] [Phase 3] Skipping database seeding as requested for worker 14502 {"SourceContext": "Infrastructure.Services.DatabaseTestService", "Application": "Crud.Api"}
[05:34:00 INF] Database reset via file deletion completed for worker 14502 in 109.7319ms (Close: 0.0016ms, Delete: 1.2504ms, Create: 8.1214ms) {"SourceContext": "Infrastructure.Services.DatabaseTestService", "Application": "Crud.Api"}
[05:34:00 INF] Releasing database mutex for worker 14502 {"SourceContext": "Infrastructure.Services.DatabaseTestService", "Application": "Crud.Api"}
[05:34:00 INF] User registered successfully: 207b7b53-6d19-4393-b4f8-080319d344c9 {"SourceContext": "App.Features.Authentication.RegisterUserCommandHandler", "ActionId": "815196b3-b1b9-4d60-b3a2-55c89e0d9290", "ActionName": "Api.Controllers.AuthController.Register (Api)", "RequestId": "0HNFGUJ46SET3", "RequestPath": "/api/auth/register", "Application": "Crud.Api"}
Activity.TraceId:            9e804ec7cb5a35c6b28873c05962de4f
Activity.SpanId:             f28446ad9807c331
Activity.TraceFlags:         Recorded
Activity.ActivitySourceName: Microsoft.AspNetCore
Activity.DisplayName:        POST api/Auth/register
Activity.Kind:               Server
Activity.StartTime:          2025-09-11T05:34:00.5920435Z
Activity.Duration:           00:00:00.3044446
Activity.Tags:
    server.address: localhost
    http.request.method: POST
    url.scheme: http
    url.path: /api/auth/register
    network.protocol.version: 1.1
    http.route: api/Auth/register
    http.response.status_code: 200
Resource associated with Activity:
    deployment.environment: Testing
    service.name: Crud.Api
    service.version: 1.0.0
    service.instance.id: 15081513-c9e4-4e0d-aac5-97a71d5ef649
    telemetry.sdk.name: opentelemetry
    telemetry.sdk.language: dotnet
    telemetry.sdk.version: 1.8.1
[05:34:00 WRN] Registration attempt with existing email: existing@example.com {"SourceContext": "App.Features.Authentication.RegisterUserCommandHandler", "ActionId": "815196b3-b1b9-4d60-b3a2-55c89e0d9290", "ActionName": "Api.Controllers.AuthController.Register (Api)", "RequestId": "0HNFGUJ46SET4", "RequestPath": "/api/auth/register", "Application": "Crud.Api"}
Activity.TraceId:            adaef34343ba5f2f87786bedcffb164b
Activity.SpanId:             6f9ff18f3cfa049f
Activity.TraceFlags:         Recorded
Activity.ActivitySourceName: Microsoft.AspNetCore
Activity.DisplayName:        POST api/Auth/register
Activity.Kind:               Server
Activity.StartTime:          2025-09-11T05:34:00.8973676Z
Activity.Duration:           00:00:00.0049145
❌ POST /api/auth/register failed:
Activity.Tags:
    server.address: localhost
    http.request.method: POST
    url.scheme: http
    url.path: /api/auth/register
    network.protocol.version: 1.1
    http.route: api/Auth/register
   Status: BadRequest (400)
    http.response.status_code: 400
Resource associated with Activity:
   Reason: Bad Request
    deployment.environment: Testing
   Response Body: {"error":"Email already exists"}
    service.name: Crud.Api
    service.version: 1.0.0
    service.instance.id: 15081513-c9e4-4e0d-aac5-97a71d5ef649
    telemetry.sdk.name: opentelemetry
    telemetry.sdk.language: dotnet
    telemetry.sdk.version: 1.8.1
   Content Headers: Content-Type=application/json; charset=utf-8
[05:34:00 INF] Resetting database for worker 14502 {"SourceContext": "Infrastructure.Services.DatabaseTestService", "Application": "Crud.Api"}
[05:34:00 INF] Resetting database via file deletion for worker 14502 in CI environment {"SourceContext": "Infrastructure.Services.DatabaseTestService", "Application": "Crud.Api"}
[05:34:00 INF] Acquiring database mutex for worker 14502... {"SourceContext": "Infrastructure.Services.DatabaseTestService", "Application": "Crud.Api"}
[05:34:00 INF] Database mutex acquired for worker 14502 {"SourceContext": "Infrastructure.Services.DatabaseTestService", "Application": "Crud.Api"}
[05:34:00 INF] Current database state - CanConnect: True {"SourceContext": "Infrastructure.Services.DatabaseTestService", "Application": "Crud.Api"}
[05:34:00 INF] [Phase 0] Closing database connection for worker 14502... {"SourceContext": "Infrastructure.Services.DatabaseTestService", "Application": "Crud.Api"}
[05:34:00 INF] [Phase 0] Connection closed in 0.0015ms {"SourceContext": "Infrastructure.Services.DatabaseTestService", "Application": "Crud.Api"}
[05:34:00 INF] [Phase 1] Starting EnsureDeletedAsync for worker 14502... {"SourceContext": "Infrastructure.Services.DatabaseTestService", "Application": "Crud.Api"}
[05:34:00 INF] [Phase 1] EnsureDeletedAsync completed in 1.4547ms {"SourceContext": "Infrastructure.Services.DatabaseTestService", "Application": "Crud.Api"}
[05:34:01 INF] [Phase 2] Starting EnsureCreatedAsync for worker 14502... {"SourceContext": "Infrastructure.Services.DatabaseTestService", "Application": "Crud.Api"}
[05:34:01 INF] [Phase 2] EnsureCreatedAsync completed in 7.4481ms {"SourceContext": "Infrastructure.Services.DatabaseTestService", "Application": "Crud.Api"}
[05:34:01 INF] [Phase 3] Skipping database seeding as requested for worker 14502 {"SourceContext": "Infrastructure.Services.DatabaseTestService", "Application": "Crud.Api"}
[05:34:01 INF] Database reset via file deletion completed for worker 14502 in 108.2343ms (Close: 0.0015ms, Delete: 1.4547ms, Create: 7.4481ms) {"SourceContext": "Infrastructure.Services.DatabaseTestService", "Application": "Crud.Api"}
[05:34:01 INF] Releasing database mutex for worker 14502 {"SourceContext": "Infrastructure.Services.DatabaseTestService", "Application": "Crud.Api"}
[05:34:01 INF] Resetting database for worker 14502 {"SourceContext": "Infrastructure.Services.DatabaseTestService", "Application": "Crud.Api"}
[05:34:01 INF] Resetting database via file deletion for worker 14502 in CI environment {"SourceContext": "Infrastructure.Services.DatabaseTestService", "Application": "Crud.Api"}
[05:34:01 INF] Acquiring database mutex for worker 14502... {"SourceContext": "Infrastructure.Services.DatabaseTestService", "Application": "Crud.Api"}
[05:34:01 INF] Database mutex acquired for worker 14502 {"SourceContext": "Infrastructure.Services.DatabaseTestService", "Application": "Crud.Api"}
[05:34:01 INF] Current database state - CanConnect: True {"SourceContext": "Infrastructure.Services.DatabaseTestService", "Application": "Crud.Api"}
[05:34:01 INF] [Phase 0] Closing database connection for worker 14502... {"SourceContext": "Infrastructure.Services.DatabaseTestService", "Application": "Crud.Api"}
[05:34:01 INF] [Phase 0] Connection closed in 0.0015ms {"SourceContext": "Infrastructure.Services.DatabaseTestService", "Application": "Crud.Api"}
[05:34:01 INF] [Phase 1] Starting EnsureDeletedAsync for worker 14502... {"SourceContext": "Infrastructure.Services.DatabaseTestService", "Application": "Crud.Api"}
[05:34:01 INF] [Phase 1] EnsureDeletedAsync completed in 1.7822ms {"SourceContext": "Infrastructure.Services.DatabaseTestService", "Application": "Crud.Api"}
[05:34:01 INF] [Phase 2] Starting EnsureCreatedAsync for worker 14502... {"SourceContext": "Infrastructure.Services.DatabaseTestService", "Application": "Crud.Api"}
[05:34:01 INF] [Phase 2] EnsureCreatedAsync completed in 11.8736ms {"SourceContext": "Infrastructure.Services.DatabaseTestService", "Application": "Crud.Api"}
[05:34:01 INF] [Phase 3] Skipping database seeding as requested for worker 14502 {"SourceContext": "Infrastructure.Services.DatabaseTestService", "Application": "Crud.Api"}
[05:34:01 INF] Database reset via file deletion completed for worker 14502 in 113.2373ms (Close: 0.0015ms, Delete: 1.7822ms, Create: 11.8736ms) {"SourceContext": "Infrastructure.Services.DatabaseTestService", "Application": "Crud.Api"}
[05:34:01 INF] Releasing database mutex for worker 14502 {"SourceContext": "Infrastructure.Services.DatabaseTestService", "Application": "Crud.Api"}
[05:34:01 INF] User registered successfully: b6745446-a6c1-4db3-b3ba-ca5287fdf625 {"SourceContext": "App.Features.Authentication.RegisterUserCommandHandler", "ActionId": "815196b3-b1b9-4d60-b3a2-55c89e0d9290", "ActionName": "Api.Controllers.AuthController.Register (Api)", "RequestId": "0HNFGUJ46SET5", "RequestPath": "/api/auth/register", "Application": "Crud.Api"}
Activity.TraceId:            fbf165019b169abbc0025214c6d8744a
Activity.SpanId:             44f0dfd1753c1561
Activity.TraceFlags:         Recorded
Activity.ActivitySourceName: Microsoft.AspNetCore
Activity.DisplayName:        POST api/Auth/register
Activity.Kind:               Server
Activity.StartTime:          2025-09-11T05:34:01.1288464Z
Activity.Duration:           00:00:00.2990797
Activity.Tags:
    server.address: localhost
    http.request.method: POST
    url.scheme: http
    url.path: /api/auth/register
    network.protocol.version: 1.1
    http.route: api/Auth/register
    http.response.status_code: 200
Resource associated with Activity:
    deployment.environment: Testing
    service.name: Crud.Api
    service.version: 1.0.0
    service.instance.id: 15081513-c9e4-4e0d-aac5-97a71d5ef649
    telemetry.sdk.name: opentelemetry
    telemetry.sdk.language: dotnet
    telemetry.sdk.version: 1.8.1
[05:34:01 INF] User logged in successfully: b6745446-a6c1-4db3-b3ba-ca5287fdf625 {"SourceContext": "App.Features.Authentication.LoginCommandHandler", "ActionId": "72918a4c-4944-485b-8d06-9d7d08c2f8c3", "ActionName": "Api.Controllers.AuthController.Login (Api)", "RequestId": "0HNFGUJ46SET6", "RequestPath": "/api/auth/login", "Application": "Crud.Api"}
Activity.TraceId:            34b44c771e38ecf4051f3bd1b84b4ea7
Activity.SpanId:             d1106396143a3c78
Activity.TraceFlags:         Recorded
Activity.ActivitySourceName: Microsoft.AspNetCore
Activity.DisplayName:        POST api/Auth/login
Activity.Kind:               Server
Activity.StartTime:          2025-09-11T05:34:01.4285016Z
Activity.Duration:           00:00:00.3082502
Activity.Tags:
    server.address: localhost
    http.request.method: POST
    url.scheme: http
    url.path: /api/auth/login
    network.protocol.version: 1.1
    http.route: api/Auth/login
    http.response.status_code: 200
Resource associated with Activity:
    deployment.environment: Testing
    service.name: Crud.Api
    service.version: 1.0.0
    service.instance.id: 15081513-c9e4-4e0d-aac5-97a71d5ef649
    telemetry.sdk.name: opentelemetry
    telemetry.sdk.language: dotnet
    telemetry.sdk.version: 1.8.1
[05:34:01 INF] Refresh token rotated successfully for user: b6745446-a6c1-4db3-b3ba-ca5287fdf625 {"SourceContext": "App.Features.Authentication.RefreshTokenCommandHandler", "ActionId": "1c0e5ff2-4164-4573-aa71-30220e2a9063", "ActionName": "Api.Controllers.AuthController.Refresh (Api)", "RequestId": "0HNFGUJ46SET7", "RequestPath": "/api/auth/refresh", "Application": "Crud.Api"}
Activity.TraceId:            b5bb79c22a776c1c42e75d56c9b4c68f
Activity.SpanId:             0432b496bf4c4707
Activity.TraceFlags:         Recorded
Activity.ActivitySourceName: Microsoft.AspNetCore
Activity.DisplayName:        POST api/Auth/refresh
Activity.Kind:               Server
Activity.StartTime:          2025-09-11T05:34:01.7409219Z
Activity.Duration:           00:00:00.0306518
Activity.Tags:
    server.address: localhost
    http.request.method: POST
    url.scheme: http
    url.path: /api/auth/refresh
    network.protocol.version: 1.1
    http.route: api/Auth/refresh
    http.response.status_code: 200
Resource associated with Activity:
    deployment.environment: Testing
    service.name: Crud.Api
    service.version: 1.0.0
    service.instance.id: 15081513-c9e4-4e0d-aac5-97a71d5ef649
    telemetry.sdk.name: opentelemetry
    telemetry.sdk.language: dotnet
    telemetry.sdk.version: 1.8.1
[05:34:01 INF] Resetting database for worker 14502 {"SourceContext": "Infrastructure.Services.DatabaseTestService", "Application": "Crud.Api"}
[05:34:01 INF] Resetting database via file deletion for worker 14502 in CI environment {"SourceContext": "Infrastructure.Services.DatabaseTestService", "Application": "Crud.Api"}
[05:34:01 INF] Acquiring database mutex for worker 14502... {"SourceContext": "Infrastructure.Services.DatabaseTestService", "Application": "Crud.Api"}
[05:34:01 INF] Database mutex acquired for worker 14502 {"SourceContext": "Infrastructure.Services.DatabaseTestService", "Application": "Crud.Api"}
[05:34:01 INF] Current database state - CanConnect: True {"SourceContext": "Infrastructure.Services.DatabaseTestService", "Application": "Crud.Api"}
[05:34:01 INF] [Phase 0] Closing database connection for worker 14502... {"SourceContext": "Infrastructure.Services.DatabaseTestService", "Application": "Crud.Api"}
[05:34:01 INF] [Phase 0] Connection closed in 0.0049ms {"SourceContext": "Infrastructure.Services.DatabaseTestService", "Application": "Crud.Api"}
[05:34:01 INF] [Phase 1] Starting EnsureDeletedAsync for worker 14502... {"SourceContext": "Infrastructure.Services.DatabaseTestService", "Application": "Crud.Api"}
[05:34:01 INF] [Phase 1] EnsureDeletedAsync completed in 1.2943ms {"SourceContext": "Infrastructure.Services.DatabaseTestService", "Application": "Crud.Api"}
[05:34:01 INF] [Phase 2] Starting EnsureCreatedAsync for worker 14502... {"SourceContext": "Infrastructure.Services.DatabaseTestService", "Application": "Crud.Api"}
[05:34:01 INF] [Phase 2] EnsureCreatedAsync completed in 7.5618ms {"SourceContext": "Infrastructure.Services.DatabaseTestService", "Application": "Crud.Api"}
[05:34:01 INF] [Phase 3] Skipping database seeding as requested for worker 14502 {"SourceContext": "Infrastructure.Services.DatabaseTestService", "Application": "Crud.Api"}
[05:34:01 INF] Database reset via file deletion completed for worker 14502 in 109.0923ms (Close: 0.0049ms, Delete: 1.2943ms, Create: 7.5618ms) {"SourceContext": "Infrastructure.Services.DatabaseTestService", "Application": "Crud.Api"}
[05:34:01 INF] Releasing database mutex for worker 14502 {"SourceContext": "Infrastructure.Services.DatabaseTestService", "Application": "Crud.Api"}
[05:34:01 INF] Resetting database for worker 14502 {"SourceContext": "Infrastructure.Services.DatabaseTestService", "Application": "Crud.Api"}
[05:34:01 INF] Resetting database via file deletion for worker 14502 in CI environment {"SourceContext": "Infrastructure.Services.DatabaseTestService", "Application": "Crud.Api"}
[05:34:01 INF] Acquiring database mutex for worker 14502... {"SourceContext": "Infrastructure.Services.DatabaseTestService", "Application": "Crud.Api"}
[05:34:01 INF] Database mutex acquired for worker 14502 {"SourceContext": "Infrastructure.Services.DatabaseTestService", "Application": "Crud.Api"}
[05:34:01 INF] Current database state - CanConnect: True {"SourceContext": "Infrastructure.Services.DatabaseTestService", "Application": "Crud.Api"}
[05:34:01 INF] [Phase 0] Closing database connection for worker 14502... {"SourceContext": "Infrastructure.Services.DatabaseTestService", "Application": "Crud.Api"}
[05:34:01 INF] [Phase 0] Connection closed in 0.0015ms {"SourceContext": "Infrastructure.Services.DatabaseTestService", "Application": "Crud.Api"}
[05:34:01 INF] [Phase 1] Starting EnsureDeletedAsync for worker 14502... {"SourceContext": "Infrastructure.Services.DatabaseTestService", "Application": "Crud.Api"}
[05:34:01 INF] [Phase 1] EnsureDeletedAsync completed in 1.2941ms {"SourceContext": "Infrastructure.Services.DatabaseTestService", "Application": "Crud.Api"}
[05:34:01 INF] [Phase 2] Starting EnsureCreatedAsync for worker 14502... {"SourceContext": "Infrastructure.Services.DatabaseTestService", "Application": "Crud.Api"}
[05:34:01 INF] [Phase 2] EnsureCreatedAsync completed in 7.656ms {"SourceContext": "Infrastructure.Services.DatabaseTestService", "Application": "Crud.Api"}
[05:34:01 INF] [Phase 3] Skipping database seeding as requested for worker 14502 {"SourceContext": "Infrastructure.Services.DatabaseTestService", "Application": "Crud.Api"}
[05:34:01 INF] Database reset via file deletion completed for worker 14502 in 110.7066ms (Close: 0.0015ms, Delete: 1.2941ms, Create: 7.656ms) {"SourceContext": "Infrastructure.Services.DatabaseTestService", "Application": "Crud.Api"}
[05:34:01 INF] Releasing database mutex for worker 14502 {"SourceContext": "Infrastructure.Services.DatabaseTestService", "Application": "Crud.Api"}
[05:34:01 WRN] Login attempt with non-existent email address {"SourceContext": "App.Features.Authentication.LoginCommandHandler", "ActionId": "72918a4c-4944-485b-8d06-9d7d08c2f8c3", "ActionName": "Api.Controllers.AuthController.Login (Api)", "RequestId": "0HNFGUJ46SET8", "RequestPath": "/api/auth/login", "Application": "Crud.Api"}
Activity.TraceId:            f9352d964ab3708beea127bf5c3a05fb
Activity.SpanId:             8637de68ffb54761
Activity.TraceFlags:         Recorded
Activity.ActivitySourceName: Microsoft.AspNetCore
Activity.DisplayName:        POST api/Auth/login
Activity.Kind:               Server
Activity.StartTime:          2025-09-11T05:34:01.9966039Z
Activity.Duration:           00:00:00.0015235
Activity.Tags:
    server.address: localhost
    http.request.method: POST
    url.scheme: http
    url.path: /api/auth/login
    network.protocol.version: 1.1
    http.route: api/Auth/login
    http.response.status_code: 401
Resource associated with Activity:
    deployment.environment: Testing
    service.name: Crud.Api
    service.version: 1.0.0
    service.instance.id: 15081513-c9e4-4e0d-aac5-97a71d5ef649
    telemetry.sdk.name: opentelemetry
    telemetry.sdk.language: dotnet
    telemetry.sdk.version: 1.8.1
[05:34:01 INF] Resetting database for worker 14502 {"SourceContext": "Infrastructure.Services.DatabaseTestService", "Application": "Crud.Api"}
[05:34:01 INF] Resetting database via file deletion for worker 14502 in CI environment {"SourceContext": "Infrastructure.Services.DatabaseTestService", "Application": "Crud.Api"}
[05:34:01 INF] Acquiring database mutex for worker 14502... {"SourceContext": "Infrastructure.Services.DatabaseTestService", "Application": "Crud.Api"}
[05:34:01 INF] Database mutex acquired for worker 14502 {"SourceContext": "Infrastructure.Services.DatabaseTestService", "Application": "Crud.Api"}
[05:34:01 INF] Current database state - CanConnect: True {"SourceContext": "Infrastructure.Services.DatabaseTestService", "Application": "Crud.Api"}
[05:34:01 INF] [Phase 0] Closing database connection for worker 14502... {"SourceContext": "Infrastructure.Services.DatabaseTestService", "Application": "Crud.Api"}
[05:34:01 INF] [Phase 0] Connection closed in 0.0017ms {"SourceContext": "Infrastructure.Services.DatabaseTestService", "Application": "Crud.Api"}
[05:34:01 INF] [Phase 1] Starting EnsureDeletedAsync for worker 14502... {"SourceContext": "Infrastructure.Services.DatabaseTestService", "Application": "Crud.Api"}
[05:34:02 INF] [Phase 1] EnsureDeletedAsync completed in 1.3176ms {"SourceContext": "Infrastructure.Services.DatabaseTestService", "Application": "Crud.Api"}
[05:34:02 INF] [Phase 2] Starting EnsureCreatedAsync for worker 14502... {"SourceContext": "Infrastructure.Services.DatabaseTestService", "Application": "Crud.Api"}
[05:34:02 INF] [Phase 2] EnsureCreatedAsync completed in 8.126ms {"SourceContext": "Infrastructure.Services.DatabaseTestService", "Application": "Crud.Api"}
[05:34:02 INF] [Phase 3] Skipping database seeding as requested for worker 14502 {"SourceContext": "Infrastructure.Services.DatabaseTestService", "Application": "Crud.Api"}
[05:34:02 INF] Database reset via file deletion completed for worker 14502 in 110.0705ms (Close: 0.0017ms, Delete: 1.3176ms, Create: 8.126ms) {"SourceContext": "Infrastructure.Services.DatabaseTestService", "Application": "Crud.Api"}
[05:34:02 INF] Releasing database mutex for worker 14502 {"SourceContext": "Infrastructure.Services.DatabaseTestService", "Application": "Crud.Api"}
[05:34:02 INF] Resetting database for worker 14502 {"SourceContext": "Infrastructure.Services.DatabaseTestService", "Application": "Crud.Api"}
[05:34:02 INF] Resetting database via file deletion for worker 14502 in CI environment {"SourceContext": "Infrastructure.Services.DatabaseTestService", "Application": "Crud.Api"}
[05:34:02 INF] Acquiring database mutex for worker 14502... {"SourceContext": "Infrastructure.Services.DatabaseTestService", "Application": "Crud.Api"}
[05:34:02 INF] Database mutex acquired for worker 14502 {"SourceContext": "Infrastructure.Services.DatabaseTestService", "Application": "Crud.Api"}
[05:34:02 INF] Current database state - CanConnect: True {"SourceContext": "Infrastructure.Services.DatabaseTestService", "Application": "Crud.Api"}
[05:34:02 INF] [Phase 0] Closing database connection for worker 14502... {"SourceContext": "Infrastructure.Services.DatabaseTestService", "Application": "Crud.Api"}
[05:34:02 INF] [Phase 0] Connection closed in 0.0016ms {"SourceContext": "Infrastructure.Services.DatabaseTestService", "Application": "Crud.Api"}
[05:34:02 INF] [Phase 1] Starting EnsureDeletedAsync for worker 14502... {"SourceContext": "Infrastructure.Services.DatabaseTestService", "Application": "Crud.Api"}
[05:34:02 INF] [Phase 1] EnsureDeletedAsync completed in 1.3557ms {"SourceContext": "Infrastructure.Services.DatabaseTestService", "Application": "Crud.Api"}
[05:34:02 INF] [Phase 2] Starting EnsureCreatedAsync for worker 14502... {"SourceContext": "Infrastructure.Services.DatabaseTestService", "Application": "Crud.Api"}
[05:34:02 INF] [Phase 2] EnsureCreatedAsync completed in 8.0685ms {"SourceContext": "Infrastructure.Services.DatabaseTestService", "Application": "Crud.Api"}
[05:34:02 INF] [Phase 3] Skipping database seeding as requested for worker 14502 {"SourceContext": "Infrastructure.Services.DatabaseTestService", "Application": "Crud.Api"}
[05:34:02 INF] Database reset via file deletion completed for worker 14502 in 110.6547ms (Close: 0.0016ms, Delete: 1.3557ms, Create: 8.0685ms) {"SourceContext": "Infrastructure.Services.DatabaseTestService", "Application": "Crud.Api"}
[05:34:02 INF] Releasing database mutex for worker 14502 {"SourceContext": "Infrastructure.Services.DatabaseTestService", "Application": "Crud.Api"}
[05:34:02 INF] User registered successfully: a48264f6-ec86-4e56-9790-bb69191f9142 {"SourceContext": "App.Features.Authentication.RegisterUserCommandHandler", "ActionId": "815196b3-b1b9-4d60-b3a2-55c89e0d9290", "ActionName": "Api.Controllers.AuthController.Register (Api)", "RequestId": "0HNFGUJ46SET9", "RequestPath": "/api/auth/register", "Application": "Crud.Api"}
Activity.TraceId:            87cd6b35a1bdcdfd1dcc2ff6f673e1ff
Activity.SpanId:             5fc361ef47a67a62
Activity.TraceFlags:         Recorded
Activity.ActivitySourceName: Microsoft.AspNetCore
Activity.DisplayName:        POST api/Auth/register
Activity.Kind:               Server
Activity.StartTime:          2025-09-11T05:34:02.2261735Z
Activity.Duration:           00:00:00.2972181
Activity.Tags:
    server.address: localhost
    http.request.method: POST
    url.scheme: http
    url.path: /api/auth/register
    network.protocol.version: 1.1
    http.route: api/Auth/register
    http.response.status_code: 200
Resource associated with Activity:
    deployment.environment: Testing
    service.name: Crud.Api
    service.version: 1.0.0
    service.instance.id: 15081513-c9e4-4e0d-aac5-97a71d5ef649
    telemetry.sdk.name: opentelemetry
    telemetry.sdk.language: dotnet
    telemetry.sdk.version: 1.8.1
[05:34:02 INF] User logged in successfully: a48264f6-ec86-4e56-9790-bb69191f9142 {"SourceContext": "App.Features.Authentication.LoginCommandHandler", "ActionId": "72918a4c-4944-485b-8d06-9d7d08c2f8c3", "ActionName": "Api.Controllers.AuthController.Login (Api)", "RequestId": "0HNFGUJ46SETA", "RequestPath": "/api/auth/login", "Application": "Crud.Api"}
Activity.TraceId:            4fc03a955de5b21860f2e611cdb293fa
Activity.SpanId:             8badc53cdb0a7965
Activity.TraceFlags:         Recorded
Activity.ActivitySourceName: Microsoft.AspNetCore
Activity.DisplayName:        POST api/Auth/login
Activity.Kind:               Server
Activity.StartTime:          2025-09-11T05:34:02.5240543Z
Activity.Duration:           00:00:00.3014626
Activity.Tags:
    server.address: localhost
    http.request.method: POST
    url.scheme: http
    url.path: /api/auth/login
    network.protocol.version: 1.1
    http.route: api/Auth/login
    http.response.status_code: 200
Resource associated with Activity:
    deployment.environment: Testing
    service.name: Crud.Api
    service.version: 1.0.0
    service.instance.id: 15081513-c9e4-4e0d-aac5-97a71d5ef649
    telemetry.sdk.name: opentelemetry
    telemetry.sdk.language: dotnet
    telemetry.sdk.version: 1.8.1
[05:34:02 INF] Resetting database for worker 14502 {"SourceContext": "Infrastructure.Services.DatabaseTestService", "Application": "Crud.Api"}
[05:34:02 INF] Resetting database via file deletion for worker 14502 in CI environment {"SourceContext": "Infrastructure.Services.DatabaseTestService", "Application": "Crud.Api"}
[05:34:02 INF] Acquiring database mutex for worker 14502... {"SourceContext": "Infrastructure.Services.DatabaseTestService", "Application": "Crud.Api"}
[05:34:02 INF] Database mutex acquired for worker 14502 {"SourceContext": "Infrastructure.Services.DatabaseTestService", "Application": "Crud.Api"}
[05:34:02 INF] Current database state - CanConnect: True {"SourceContext": "Infrastructure.Services.DatabaseTestService", "Application": "Crud.Api"}
[05:34:02 INF] [Phase 0] Closing database connection for worker 14502... {"SourceContext": "Infrastructure.Services.DatabaseTestService", "Application": "Crud.Api"}
[05:34:02 INF] [Phase 0] Connection closed in 0.0018ms {"SourceContext": "Infrastructure.Services.DatabaseTestService", "Application": "Crud.Api"}
[05:34:02 INF] [Phase 1] Starting EnsureDeletedAsync for worker 14502... {"SourceContext": "Infrastructure.Services.DatabaseTestService", "Application": "Crud.Api"}
[05:34:02 INF] [Phase 1] EnsureDeletedAsync completed in 1.3453ms {"SourceContext": "Infrastructure.Services.DatabaseTestService", "Application": "Crud.Api"}
[05:34:02 INF] [Phase 2] Starting EnsureCreatedAsync for worker 14502... {"SourceContext": "Infrastructure.Services.DatabaseTestService", "Application": "Crud.Api"}
[05:34:02 INF] [Phase 2] EnsureCreatedAsync completed in 8.2899ms {"SourceContext": "Infrastructure.Services.DatabaseTestService", "Application": "Crud.Api"}
[05:34:02 INF] [Phase 3] Skipping database seeding as requested for worker 14502 {"SourceContext": "Infrastructure.Services.DatabaseTestService", "Application": "Crud.Api"}
[05:34:02 INF] Database reset via file deletion completed for worker 14502 in 109.6598ms (Close: 0.0018ms, Delete: 1.3453ms, Create: 8.2899ms) {"SourceContext": "Infrastructure.Services.DatabaseTestService", "Application": "Crud.Api"}
[05:34:02 INF] Releasing database mutex for worker 14502 {"SourceContext": "Infrastructure.Services.DatabaseTestService", "Application": "Crud.Api"}
[05:34:02 INF] Resetting database for worker 14502 {"SourceContext": "Infrastructure.Services.DatabaseTestService", "Application": "Crud.Api"}
[05:34:02 INF] Resetting database via file deletion for worker 14502 in CI environment {"SourceContext": "Infrastructure.Services.DatabaseTestService", "Application": "Crud.Api"}
[05:34:02 INF] Acquiring database mutex for worker 14502... {"SourceContext": "Infrastructure.Services.DatabaseTestService", "Application": "Crud.Api"}
[05:34:02 INF] Database mutex acquired for worker 14502 {"SourceContext": "Infrastructure.Services.DatabaseTestService", "Application": "Crud.Api"}
[05:34:02 INF] Current database state - CanConnect: True {"SourceContext": "Infrastructure.Services.DatabaseTestService", "Application": "Crud.Api"}
[05:34:02 INF] [Phase 0] Closing database connection for worker 14502... {"SourceContext": "Infrastructure.Services.DatabaseTestService", "Application": "Crud.Api"}
[05:34:02 INF] [Phase 0] Connection closed in 0.0015ms {"SourceContext": "Infrastructure.Services.DatabaseTestService", "Application": "Crud.Api"}
[05:34:02 INF] [Phase 1] Starting EnsureDeletedAsync for worker 14502... {"SourceContext": "Infrastructure.Services.DatabaseTestService", "Application": "Crud.Api"}
[05:34:02 INF] [Phase 1] EnsureDeletedAsync completed in 1.2235ms {"SourceContext": "Infrastructure.Services.DatabaseTestService", "Application": "Crud.Api"}
[05:34:03 INF] [Phase 2] Starting EnsureCreatedAsync for worker 14502... {"SourceContext": "Infrastructure.Services.DatabaseTestService", "Application": "Crud.Api"}
[05:34:03 INF] [Phase 2] EnsureCreatedAsync completed in 8.4784ms {"SourceContext": "Infrastructure.Services.DatabaseTestService", "Application": "Crud.Api"}
[05:34:03 INF] [Phase 3] Skipping database seeding as requested for worker 14502 {"SourceContext": "Infrastructure.Services.DatabaseTestService", "Application": "Crud.Api"}
[05:34:03 INF] Database reset via file deletion completed for worker 14502 in 110.487ms (Close: 0.0015ms, Delete: 1.2235ms, Create: 8.4784ms) {"SourceContext": "Infrastructure.Services.DatabaseTestService", "Application": "Crud.Api"}
[05:34:03 INF] Releasing database mutex for worker 14502 {"SourceContext": "Infrastructure.Services.DatabaseTestService", "Application": "Crud.Api"}
[05:34:03 INF] User registered successfully: 748c6b6e-e4e6-466e-8c05-4fbcf42a0b5e {"SourceContext": "App.Features.Authentication.RegisterUserCommandHandler", "ActionId": "815196b3-b1b9-4d60-b3a2-55c89e0d9290", "ActionName": "Api.Controllers.AuthController.Register (Api)", "RequestId": "0HNFGUJ46SETB", "RequestPath": "/api/auth/register", "Application": "Crud.Api"}
Activity.TraceId:            456dd6aeadee085e4204c1b79514c44c
Activity.SpanId:             34152d7f385fed86
Activity.TraceFlags:         Recorded
Activity.ActivitySourceName: Microsoft.AspNetCore
Activity.DisplayName:        POST api/Auth/register
Activity.Kind:               Server
Activity.StartTime:          2025-09-11T05:34:03.0506798Z
Activity.Duration:           00:00:00.2986679
Activity.Tags:
    server.address: localhost
    http.request.method: POST
    url.scheme: http
    url.path: /api/auth/register
    network.protocol.version: 1.1
    http.route: api/Auth/register
    http.response.status_code: 200
Resource associated with Activity:
    deployment.environment: Testing
    service.name: Crud.Api
    service.version: 1.0.0
    service.instance.id: 15081513-c9e4-4e0d-aac5-97a71d5ef649
    telemetry.sdk.name: opentelemetry
    telemetry.sdk.language: dotnet
    telemetry.sdk.version: 1.8.1
[05:34:03 INF] User logged in successfully: 748c6b6e-e4e6-466e-8c05-4fbcf42a0b5e {"SourceContext": "App.Features.Authentication.LoginCommandHandler", "ActionId": "72918a4c-4944-485b-8d06-9d7d08c2f8c3", "ActionName": "Api.Controllers.AuthController.Login (Api)", "RequestId": "0HNFGUJ46SETC", "RequestPath": "/api/auth/login", "Application": "Crud.Api"}
Activity.TraceId:            add27c64f59a9fafbe75c9959dce8877
Activity.SpanId:             aea67a2986e7f0b9
Activity.TraceFlags:         Recorded
Activity.ActivitySourceName: Microsoft.AspNetCore
Activity.DisplayName:        POST api/Auth/login
Activity.Kind:               Server
Activity.StartTime:          2025-09-11T05:34:03.3501913Z
Activity.Duration:           00:00:00.2994377
Activity.Tags:
    server.address: localhost
    http.request.method: POST
    url.scheme: http
    url.path: /api/auth/login
    network.protocol.version: 1.1
    http.route: api/Auth/login
    http.response.status_code: 200
Resource associated with Activity:
    deployment.environment: Testing
    service.name: Crud.Api
    service.version: 1.0.0
    service.instance.id: 15081513-c9e4-4e0d-aac5-97a71d5ef649
    telemetry.sdk.name: opentelemetry
    telemetry.sdk.language: dotnet
    telemetry.sdk.version: 1.8.1
[05:34:03 INF] User logged out successfully: 748c6b6e-e4e6-466e-8c05-4fbcf42a0b5e {"SourceContext": "App.Features.Authentication.LogoutCommandHandler", "ActionId": "e78866b1-2e14-44d3-a961-4bb752075e02", "ActionName": "Api.Controllers.AuthController.Logout (Api)", "RequestId": "0HNFGUJ46SETD", "RequestPath": "/api/auth/logout", "Application": "Crud.Api"}
Activity.TraceId:            36642c3b69a2a14ad1bfbcba3616a398
Activity.SpanId:             29546f0ae893f53e
Activity.TraceFlags:         Recorded
Activity.ActivitySourceName: Microsoft.AspNetCore
Activity.DisplayName:        POST api/Auth/logout
Activity.Kind:               Server
Activity.StartTime:          2025-09-11T05:34:03.6500321Z
Activity.Duration:           00:00:00.0223854
Activity.Tags:
    server.address: localhost
    http.request.method: POST
    url.scheme: http
    url.path: /api/auth/logout
    network.protocol.version: 1.1
    http.route: api/Auth/logout
    http.response.status_code: 200
Resource associated with Activity:
    deployment.environment: Testing
    service.name: Crud.Api
    service.version: 1.0.0
    service.instance.id: 15081513-c9e4-4e0d-aac5-97a71d5ef649
    telemetry.sdk.name: opentelemetry
    telemetry.sdk.language: dotnet
    telemetry.sdk.version: 1.8.1
[05:34:03 WRN] Refresh token attempt with invalid token {"SourceContext": "App.Features.Authentication.RefreshTokenCommandHandler", "ActionId": "1c0e5ff2-4164-4573-aa71-30220e2a9063", "ActionName": "Api.Controllers.AuthController.Refresh (Api)", "RequestId": "0HNFGUJ46SETE", "RequestPath": "/api/auth/refresh", "Application": "Crud.Api"}
Activity.TraceId:            69c98c022849ce20aa19343c6490ddb5
Activity.SpanId:             c2122cc66f699ff5
Activity.TraceFlags:         Recorded
Activity.ActivitySourceName: Microsoft.AspNetCore
Activity.DisplayName:        POST api/Auth/refresh
Activity.Kind:               Server
Activity.StartTime:          2025-09-11T05:34:03.6729653Z
Activity.Duration:           00:00:00.0019283
Activity.Tags:
    server.address: localhost
    http.request.method: POST
    url.scheme: http
    url.path: /api/auth/refresh
    network.protocol.version: 1.1
    http.route: api/Auth/refresh
    http.response.status_code: 401
Resource associated with Activity:
    deployment.environment: Testing
    service.name: Crud.Api
    service.version: 1.0.0
    service.instance.id: 15081513-c9e4-4e0d-aac5-97a71d5ef649
    telemetry.sdk.name: opentelemetry
    telemetry.sdk.language: dotnet
    telemetry.sdk.version: 1.8.1
[05:34:03 INF] Resetting database for worker 14502 {"SourceContext": "Infrastructure.Services.DatabaseTestService", "Application": "Crud.Api"}
[05:34:03 INF] Resetting database via file deletion for worker 14502 in CI environment {"SourceContext": "Infrastructure.Services.DatabaseTestService", "Application": "Crud.Api"}
[05:34:03 INF] Acquiring database mutex for worker 14502... {"SourceContext": "Infrastructure.Services.DatabaseTestService", "Application": "Crud.Api"}
[05:34:03 INF] Database mutex acquired for worker 14502 {"SourceContext": "Infrastructure.Services.DatabaseTestService", "Application": "Crud.Api"}
[05:34:03 INF] Current database state - CanConnect: True {"SourceContext": "Infrastructure.Services.DatabaseTestService", "Application": "Crud.Api"}
[05:34:03 INF] [Phase 0] Closing database connection for worker 14502... {"SourceContext": "Infrastructure.Services.DatabaseTestService", "Application": "Crud.Api"}
[05:34:03 INF] [Phase 0] Connection closed in 0.0016ms {"SourceContext": "Infrastructure.Services.DatabaseTestService", "Application": "Crud.Api"}
[05:34:03 INF] [Phase 1] Starting EnsureDeletedAsync for worker 14502... {"SourceContext": "Infrastructure.Services.DatabaseTestService", "Application": "Crud.Api"}
[05:34:03 INF] [Phase 1] EnsureDeletedAsync completed in 1.2875ms {"SourceContext": "Infrastructure.Services.DatabaseTestService", "Application": "Crud.Api"}
[05:34:03 INF] [Phase 2] Starting EnsureCreatedAsync for worker 14502... {"SourceContext": "Infrastructure.Services.DatabaseTestService", "Application": "Crud.Api"}
[05:34:03 INF] [Phase 2] EnsureCreatedAsync completed in 7.8614ms {"SourceContext": "Infrastructure.Services.DatabaseTestService", "Application": "Crud.Api"}
[05:34:03 INF] [Phase 3] Skipping database seeding as requested for worker 14502 {"SourceContext": "Infrastructure.Services.DatabaseTestService", "Application": "Crud.Api"}
[05:34:03 INF] Database reset via file deletion completed for worker 14502 in 109.0992ms (Close: 0.0016ms, Delete: 1.2875ms, Create: 7.8614ms) {"SourceContext": "Infrastructure.Services.DatabaseTestService", "Application": "Crud.Api"}
[05:34:03 INF] Releasing database mutex for worker 14502 {"SourceContext": "Infrastructure.Services.DatabaseTestService", "Application": "Crud.Api"}
[05:34:03 INF] Resetting database for worker 14502 {"SourceContext": "Infrastructure.Services.DatabaseTestService", "Application": "Crud.Api"}
[05:34:03 INF] Resetting database via file deletion for worker 14502 in CI environment {"SourceContext": "Infrastructure.Services.DatabaseTestService", "Application": "Crud.Api"}
[05:34:03 INF] Acquiring database mutex for worker 14502... {"SourceContext": "Infrastructure.Services.DatabaseTestService", "Application": "Crud.Api"}
[05:34:03 INF] Database mutex acquired for worker 14502 {"SourceContext": "Infrastructure.Services.DatabaseTestService", "Application": "Crud.Api"}
[05:34:03 INF] Current database state - CanConnect: True {"SourceContext": "Infrastructure.Services.DatabaseTestService", "Application": "Crud.Api"}
[05:34:03 INF] [Phase 0] Closing database connection for worker 14502... {"SourceContext": "Infrastructure.Services.DatabaseTestService", "Application": "Crud.Api"}
[05:34:03 INF] [Phase 0] Connection closed in 0.0014ms {"SourceContext": "Infrastructure.Services.DatabaseTestService", "Application": "Crud.Api"}
[05:34:03 INF] [Phase 1] Starting EnsureDeletedAsync for worker 14502... {"SourceContext": "Infrastructure.Services.DatabaseTestService", "Application": "Crud.Api"}
[05:34:03 INF] [Phase 1] EnsureDeletedAsync completed in 1.6171ms {"SourceContext": "Infrastructure.Services.DatabaseTestService", "Application": "Crud.Api"}
[05:34:03 INF] [Phase 2] Starting EnsureCreatedAsync for worker 14502... {"SourceContext": "Infrastructure.Services.DatabaseTestService", "Application": "Crud.Api"}
[05:34:03 INF] [Phase 2] EnsureCreatedAsync completed in 7.6829ms {"SourceContext": "Infrastructure.Services.DatabaseTestService", "Application": "Crud.Api"}
[05:34:03 INF] [Phase 3] Skipping database seeding as requested for worker 14502 {"SourceContext": "Infrastructure.Services.DatabaseTestService", "Application": "Crud.Api"}
[05:34:03 INF] Database reset via file deletion completed for worker 14502 in 109.7932ms (Close: 0.0014ms, Delete: 1.6171ms, Create: 7.6829ms) {"SourceContext": "Infrastructure.Services.DatabaseTestService", "Application": "Crud.Api"}
[05:34:03 INF] Releasing database mutex for worker 14502 {"SourceContext": "Infrastructure.Services.DatabaseTestService", "Application": "Crud.Api"}
[05:34:04 INF] User registered successfully: b6eeffc9-d043-46af-92f2-96933b3c73a5 {"SourceContext": "App.Features.Authentication.RegisterUserCommandHandler", "ActionId": "815196b3-b1b9-4d60-b3a2-55c89e0d9290", "ActionName": "Api.Controllers.AuthController.Register (Api)", "RequestId": "0HNFGUJ46SETF", "RequestPath": "/api/auth/register", "Application": "Crud.Api"}
Activity.TraceId:            1a4d91cb68cac63ce1ca88e6aedb7f6b
Activity.SpanId:             c9ce7b0eef20a847
Activity.TraceFlags:         Recorded
Activity.ActivitySourceName: Microsoft.AspNetCore
Activity.DisplayName:        POST api/Auth/register
Activity.Kind:               Server
Activity.StartTime:          2025-09-11T05:34:03.8981335Z
Activity.Duration:           00:00:00.2987936
Activity.Tags:
    server.address: localhost
    http.request.method: POST
    url.scheme: http
    url.path: /api/auth/register
    network.protocol.version: 1.1
    http.route: api/Auth/register
    http.response.status_code: 200
Resource associated with Activity:
    deployment.environment: Testing
    service.name: Crud.Api
    service.version: 1.0.0
    service.instance.id: 15081513-c9e4-4e0d-aac5-97a71d5ef649
    telemetry.sdk.name: opentelemetry
    telemetry.sdk.language: dotnet
    telemetry.sdk.version: 1.8.1
[05:34:04 INF] User logged in successfully: b6eeffc9-d043-46af-92f2-96933b3c73a5 {"SourceContext": "App.Features.Authentication.LoginCommandHandler", "ActionId": "72918a4c-4944-485b-8d06-9d7d08c2f8c3", "ActionName": "Api.Controllers.AuthController.Login (Api)", "RequestId": "0HNFGUJ46SETG", "RequestPath": "/api/auth/login", "Application": "Crud.Api"}
Activity.TraceId:            8ebd45858c8abbb3f4efea40ec386f0a
Activity.SpanId:             0cc6cfaf2fb56bd2
Activity.TraceFlags:         Recorded
Activity.ActivitySourceName: Microsoft.AspNetCore
Activity.DisplayName:        POST api/Auth/login
Activity.Kind:               Server
Activity.StartTime:          2025-09-11T05:34:04.1975736Z
Activity.Duration:           00:00:00.3026852
Activity.Tags:
    server.address: localhost
    http.request.method: POST
    url.scheme: http
    url.path: /api/auth/login
    network.protocol.version: 1.1
    http.route: api/Auth/login
    http.response.status_code: 200
Resource associated with Activity:
    deployment.environment: Testing
    service.name: Crud.Api
    service.version: 1.0.0
    service.instance.id: 15081513-c9e4-4e0d-aac5-97a71d5ef649
    telemetry.sdk.name: opentelemetry
    telemetry.sdk.language: dotnet
    telemetry.sdk.version: 1.8.1
Activity.TraceId:            329e30424102ca0c656ddd6792bc874c
Activity.SpanId:             040d78d87b129261
Activity.TraceFlags:         Recorded
Activity.ActivitySourceName: Microsoft.AspNetCore
Activity.DisplayName:        GET api/Auth/me
Activity.Kind:               Server
Activity.StartTime:          2025-09-11T05:34:04.5007051Z
Activity.Duration:           00:00:00.0030122
Activity.Tags:
    server.address: localhost
    http.request.method: GET
    url.scheme: http
    url.path: /api/auth/me
    network.protocol.version: 1.1
    http.route: api/Auth/me
    http.response.status_code: 200
Resource associated with Activity:
    deployment.environment: Testing
    service.name: Crud.Api
    service.version: 1.0.0
    service.instance.id: 15081513-c9e4-4e0d-aac5-97a71d5ef649
    telemetry.sdk.name: opentelemetry
    telemetry.sdk.language: dotnet
    telemetry.sdk.version: 1.8.1
[05:34:04 INF] Resetting database for worker 14502 {"SourceContext": "Infrastructure.Services.DatabaseTestService", "Application": "Crud.Api"}
[05:34:04 INF] Resetting database via file deletion for worker 14502 in CI environment {"SourceContext": "Infrastructure.Services.DatabaseTestService", "Application": "Crud.Api"}
[05:34:04 INF] Acquiring database mutex for worker 14502... {"SourceContext": "Infrastructure.Services.DatabaseTestService", "Application": "Crud.Api"}
[05:34:04 INF] Database mutex acquired for worker 14502 {"SourceContext": "Infrastructure.Services.DatabaseTestService", "Application": "Crud.Api"}
[05:34:04 INF] Current database state - CanConnect: True {"SourceContext": "Infrastructure.Services.DatabaseTestService", "Application": "Crud.Api"}
[05:34:04 INF] [Phase 0] Closing database connection for worker 14502... {"SourceContext": "Infrastructure.Services.DatabaseTestService", "Application": "Crud.Api"}
[05:34:04 INF] [Phase 0] Connection closed in 0.002ms {"SourceContext": "Infrastructure.Services.DatabaseTestService", "Application": "Crud.Api"}
[05:34:04 INF] [Phase 1] Starting EnsureDeletedAsync for worker 14502... {"SourceContext": "Infrastructure.Services.DatabaseTestService", "Application": "Crud.Api"}
[05:34:04 INF] [Phase 1] EnsureDeletedAsync completed in 1.3649ms {"SourceContext": "Infrastructure.Services.DatabaseTestService", "Application": "Crud.Api"}
[05:34:04 INF] [Phase 2] Starting EnsureCreatedAsync for worker 14502... {"SourceContext": "Infrastructure.Services.DatabaseTestService", "Application": "Crud.Api"}
[05:34:04 INF] [Phase 2] EnsureCreatedAsync completed in 10.3011ms {"SourceContext": "Infrastructure.Services.DatabaseTestService", "Application": "Crud.Api"}
[05:34:04 INF] [Phase 3] Skipping database seeding as requested for worker 14502 {"SourceContext": "Infrastructure.Services.DatabaseTestService", "Application": "Crud.Api"}
[05:34:04 INF] Database reset via file deletion completed for worker 14502 in 110.9758ms (Close: 0.002ms, Delete: 1.3649ms, Create: 10.3011ms) {"SourceContext": "Infrastructure.Services.DatabaseTestService", "Application": "Crud.Api"}
[05:34:04 INF] Releasing database mutex for worker 14502 {"SourceContext": "Infrastructure.Services.DatabaseTestService", "Application": "Crud.Api"}
[05:34:04 INF] Resetting database for worker 14502 {"SourceContext": "Infrastructure.Services.DatabaseTestService", "Application": "Crud.Api"}
[05:34:04 INF] Resetting database via file deletion for worker 14502 in CI environment {"SourceContext": "Infrastructure.Services.DatabaseTestService", "Application": "Crud.Api"}
[05:34:04 INF] Acquiring database mutex for worker 14502... {"SourceContext": "Infrastructure.Services.DatabaseTestService", "Application": "Crud.Api"}
[05:34:04 INF] Database mutex acquired for worker 14502 {"SourceContext": "Infrastructure.Services.DatabaseTestService", "Application": "Crud.Api"}
[05:34:04 INF] Current database state - CanConnect: True {"SourceContext": "Infrastructure.Services.DatabaseTestService", "Application": "Crud.Api"}
[05:34:04 INF] [Phase 0] Closing database connection for worker 14502... {"SourceContext": "Infrastructure.Services.DatabaseTestService", "Application": "Crud.Api"}
[05:34:04 INF] [Phase 0] Connection closed in 0.0015ms {"SourceContext": "Infrastructure.Services.DatabaseTestService", "Application": "Crud.Api"}
[05:34:04 INF] [Phase 1] Starting EnsureDeletedAsync for worker 14502... {"SourceContext": "Infrastructure.Services.DatabaseTestService", "Application": "Crud.Api"}
[05:34:04 INF] [Phase 1] EnsureDeletedAsync completed in 1.2631ms {"SourceContext": "Infrastructure.Services.DatabaseTestService", "Application": "Crud.Api"}
[05:34:04 INF] [Phase 2] Starting EnsureCreatedAsync for worker 14502... {"SourceContext": "Infrastructure.Services.DatabaseTestService", "Application": "Crud.Api"}
[05:34:04 INF] [Phase 2] EnsureCreatedAsync completed in 8.0234ms {"SourceContext": "Infrastructure.Services.DatabaseTestService", "Application": "Crud.Api"}
[05:34:04 INF] [Phase 3] Skipping database seeding as requested for worker 14502 {"SourceContext": "Infrastructure.Services.DatabaseTestService", "Application": "Crud.Api"}
[05:34:04 INF] Database reset via file deletion completed for worker 14502 in 110.1075ms (Close: 0.0015ms, Delete: 1.2631ms, Create: 8.0234ms) {"SourceContext": "Infrastructure.Services.DatabaseTestService", "Application": "Crud.Api"}
[05:34:04 INF] Releasing database mutex for worker 14502 {"SourceContext": "Infrastructure.Services.DatabaseTestService", "Application": "Crud.Api"}
[05:34:04 WRN] Refresh token attempt with invalid token {"SourceContext": "App.Features.Authentication.RefreshTokenCommandHandler", "ActionId": "1c0e5ff2-4164-4573-aa71-30220e2a9063", "ActionName": "Api.Controllers.AuthController.Refresh (Api)", "RequestId": "0HNFGUJ46SETI", "RequestPath": "/api/auth/refresh", "Application": "Crud.Api"}
Activity.TraceId:            3f74c3a3eb213c6e76ab8429834df857
Activity.SpanId:             1cac5ae66606b097
Activity.TraceFlags:         Recorded
Activity.ActivitySourceName: Microsoft.AspNetCore
Activity.DisplayName:        POST api/Auth/refresh
Activity.Kind:               Server
Activity.StartTime:          2025-09-11T05:34:04.7294538Z
Activity.Duration:           00:00:00.0028319
Activity.Tags:
    server.address: localhost
    http.request.method: POST
    url.scheme: http
    url.path: /api/auth/refresh
    network.protocol.version: 1.1
    http.route: api/Auth/refresh
    http.response.status_code: 401
Resource associated with Activity:
    deployment.environment: Testing
    service.name: Crud.Api
    service.version: 1.0.0
    service.instance.id: 15081513-c9e4-4e0d-aac5-97a71d5ef649
    telemetry.sdk.name: opentelemetry
    telemetry.sdk.language: dotnet
    telemetry.sdk.version: 1.8.1
[05:34:04 INF] Resetting database for worker 14502 {"SourceContext": "Infrastructure.Services.DatabaseTestService", "Application": "Crud.Api"}
[05:34:04 INF] Resetting database via file deletion for worker 14502 in CI environment {"SourceContext": "Infrastructure.Services.DatabaseTestService", "Application": "Crud.Api"}
[05:34:04 INF] Acquiring database mutex for worker 14502... {"SourceContext": "Infrastructure.Services.DatabaseTestService", "Application": "Crud.Api"}
[05:34:04 INF] Database mutex acquired for worker 14502 {"SourceContext": "Infrastructure.Services.DatabaseTestService", "Application": "Crud.Api"}
[05:34:04 INF] Current database state - CanConnect: True {"SourceContext": "Infrastructure.Services.DatabaseTestService", "Application": "Crud.Api"}
[05:34:04 INF] [Phase 0] Closing database connection for worker 14502... {"SourceContext": "Infrastructure.Services.DatabaseTestService", "Application": "Crud.Api"}
[05:34:04 INF] [Phase 0] Connection closed in 0.0017ms {"SourceContext": "Infrastructure.Services.DatabaseTestService", "Application": "Crud.Api"}
[05:34:04 INF] [Phase 1] Starting EnsureDeletedAsync for worker 14502... {"SourceContext": "Infrastructure.Services.DatabaseTestService", "Application": "Crud.Api"}
[05:34:04 INF] [Phase 1] EnsureDeletedAsync completed in 1.257ms {"SourceContext": "Infrastructure.Services.DatabaseTestService", "Application": "Crud.Api"}
[05:34:04 INF] [Phase 2] Starting EnsureCreatedAsync for worker 14502... {"SourceContext": "Infrastructure.Services.DatabaseTestService", "Application": "Crud.Api"}
[05:34:04 INF] [Phase 2] EnsureCreatedAsync completed in 7.5513ms {"SourceContext": "Infrastructure.Services.DatabaseTestService", "Application": "Crud.Api"}
[05:34:04 INF] [Phase 3] Skipping database seeding as requested for worker 14502 {"SourceContext": "Infrastructure.Services.DatabaseTestService", "Application": "Crud.Api"}
[05:34:04 INF] Database reset via file deletion completed for worker 14502 in 109.3508ms (Close: 0.0017ms, Delete: 1.257ms, Create: 7.5513ms) {"SourceContext": "Infrastructure.Services.DatabaseTestService", "Application": "Crud.Api"}
[05:34:04 INF] Releasing database mutex for worker 14502 {"SourceContext": "Infrastructure.Services.DatabaseTestService", "Application": "Crud.Api"}
[05:34:04 INF] Resetting database for worker 14502 {"SourceContext": "Infrastructure.Services.DatabaseTestService", "Application": "Crud.Api"}
[05:34:04 INF] Resetting database via file deletion for worker 14502 in CI environment {"SourceContext": "Infrastructure.Services.DatabaseTestService", "Application": "Crud.Api"}
[05:34:04 INF] Acquiring database mutex for worker 14502... {"SourceContext": "Infrastructure.Services.DatabaseTestService", "Application": "Crud.Api"}
[05:34:04 INF] Database mutex acquired for worker 14502 {"SourceContext": "Infrastructure.Services.DatabaseTestService", "Application": "Crud.Api"}
[05:34:04 INF] Current database state - CanConnect: True {"SourceContext": "Infrastructure.Services.DatabaseTestService", "Application": "Crud.Api"}
[05:34:04 INF] [Phase 0] Closing database connection for worker 14502... {"SourceContext": "Infrastructure.Services.DatabaseTestService", "Application": "Crud.Api"}
[05:34:04 INF] [Phase 0] Connection closed in 0.0013ms {"SourceContext": "Infrastructure.Services.DatabaseTestService", "Application": "Crud.Api"}
[05:34:04 INF] [Phase 1] Starting EnsureDeletedAsync for worker 14502... {"SourceContext": "Infrastructure.Services.DatabaseTestService", "Application": "Crud.Api"}
[05:34:04 INF] [Phase 1] EnsureDeletedAsync completed in 1.3342ms {"SourceContext": "Infrastructure.Services.DatabaseTestService", "Application": "Crud.Api"}
[05:34:04 INF] [Phase 2] Starting EnsureCreatedAsync for worker 14502... {"SourceContext": "Infrastructure.Services.DatabaseTestService", "Application": "Crud.Api"}
[05:34:04 INF] [Phase 2] EnsureCreatedAsync completed in 8.2294ms {"SourceContext": "Infrastructure.Services.DatabaseTestService", "Application": "Crud.Api"}
[05:34:04 INF] [Phase 3] Skipping database seeding as requested for worker 14502 {"SourceContext": "Infrastructure.Services.DatabaseTestService", "Application": "Crud.Api"}
[05:34:04 INF] Database reset via file deletion completed for worker 14502 in 110.9214ms (Close: 0.0013ms, Delete: 1.3342ms, Create: 8.2294ms) {"SourceContext": "Infrastructure.Services.DatabaseTestService", "Application": "Crud.Api"}
[05:34:04 INF] Releasing database mutex for worker 14502 {"SourceContext": "Infrastructure.Services.DatabaseTestService", "Application": "Crud.Api"}
[05:34:05 INF] User registered successfully: 3bffeea0-5445-4680-b2f5-502dc6c87957 {"SourceContext": "App.Features.Authentication.RegisterUserCommandHandler", "ActionId": "815196b3-b1b9-4d60-b3a2-55c89e0d9290", "ActionName": "Api.Controllers.AuthController.Register (Api)", "RequestId": "0HNFGUJ46SETJ", "RequestPath": "/api/auth/register", "Application": "Crud.Api"}
Activity.TraceId:            9e14be6f7d0d729010868cc4c32f7504
Activity.SpanId:             3081a3524d16ce73
Activity.TraceFlags:         Recorded
Activity.ActivitySourceName: Microsoft.AspNetCore
Activity.DisplayName:        POST api/Auth/register
Activity.Kind:               Server
Activity.StartTime:          2025-09-11T05:34:04.9570063Z
Activity.Duration:           00:00:00.2977861
Activity.Tags:
    server.address: localhost
    http.request.method: POST
    url.scheme: http
    url.path: /api/auth/register
    network.protocol.version: 1.1
    http.route: api/Auth/register
    http.response.status_code: 200
Resource associated with Activity:
    deployment.environment: Testing
    service.name: Crud.Api
    service.version: 1.0.0
    service.instance.id: 15081513-c9e4-4e0d-aac5-97a71d5ef649
    telemetry.sdk.name: opentelemetry
    telemetry.sdk.language: dotnet
    telemetry.sdk.version: 1.8.1
[05:34:05 INF] Resetting database for worker 14502 {"SourceContext": "Infrastructure.Services.DatabaseTestService", "Application": "Crud.Api"}
[05:34:05 INF] Resetting database via file deletion for worker 14502 in CI environment {"SourceContext": "Infrastructure.Services.DatabaseTestService", "Application": "Crud.Api"}
[05:34:05 INF] Acquiring database mutex for worker 14502... {"SourceContext": "Infrastructure.Services.DatabaseTestService", "Application": "Crud.Api"}
[05:34:05 INF] Database mutex acquired for worker 14502 {"SourceContext": "Infrastructure.Services.DatabaseTestService", "Application": "Crud.Api"}
[05:34:05 INF] Current database state - CanConnect: True {"SourceContext": "Infrastructure.Services.DatabaseTestService", "Application": "Crud.Api"}
[05:34:05 INF] [Phase 0] Closing database connection for worker 14502... {"SourceContext": "Infrastructure.Services.DatabaseTestService", "Application": "Crud.Api"}
[05:34:05 INF] [Phase 0] Connection closed in 0.0004ms {"SourceContext": "Infrastructure.Services.DatabaseTestService", "Application": "Crud.Api"}
[05:34:05 INF] [Phase 1] Starting EnsureDeletedAsync for worker 14502... {"SourceContext": "Infrastructure.Services.DatabaseTestService", "Application": "Crud.Api"}
[05:34:05 INF] [Phase 1] EnsureDeletedAsync completed in 1.3662ms {"SourceContext": "Infrastructure.Services.DatabaseTestService", "Application": "Crud.Api"}
[05:34:05 INF] [Phase 2] Starting EnsureCreatedAsync for worker 14502... {"SourceContext": "Infrastructure.Services.DatabaseTestService", "Application": "Crud.Api"}
[05:34:05 INF] [Phase 2] EnsureCreatedAsync completed in 7.9974ms {"SourceContext": "Infrastructure.Services.DatabaseTestService", "Application": "Crud.Api"}
[05:34:05 INF] [Phase 3] Skipping database seeding as requested for worker 14502 {"SourceContext": "Infrastructure.Services.DatabaseTestService", "Application": "Crud.Api"}
[05:34:05 INF] Database reset via file deletion completed for worker 14502 in 109.2719ms (Close: 0.0004ms, Delete: 1.3662ms, Create: 7.9974ms) {"SourceContext": "Infrastructure.Services.DatabaseTestService", "Application": "Crud.Api"}
[05:34:05 INF] Releasing database mutex for worker 14502 {"SourceContext": "Infrastructure.Services.DatabaseTestService", "Application": "Crud.Api"}
[05:34:05 INF] Resetting database for worker 14502 {"SourceContext": "Infrastructure.Services.DatabaseTestService", "Application": "Crud.Api"}
[05:34:05 INF] Resetting database via file deletion for worker 14502 in CI environment {"SourceContext": "Infrastructure.Services.DatabaseTestService", "Application": "Crud.Api"}
[05:34:05 INF] Acquiring database mutex for worker 14502... {"SourceContext": "Infrastructure.Services.DatabaseTestService", "Application": "Crud.Api"}
[05:34:05 INF] Database mutex acquired for worker 14502 {"SourceContext": "Infrastructure.Services.DatabaseTestService", "Application": "Crud.Api"}
[05:34:05 INF] Current database state - CanConnect: True {"SourceContext": "Infrastructure.Services.DatabaseTestService", "Application": "Crud.Api"}
[05:34:05 INF] [Phase 0] Closing database connection for worker 14502... {"SourceContext": "Infrastructure.Services.DatabaseTestService", "Application": "Crud.Api"}
[05:34:05 INF] [Phase 0] Connection closed in 0.0004ms {"SourceContext": "Infrastructure.Services.DatabaseTestService", "Application": "Crud.Api"}
[05:34:05 INF] [Phase 1] Starting EnsureDeletedAsync for worker 14502... {"SourceContext": "Infrastructure.Services.DatabaseTestService", "Application": "Crud.Api"}
[05:34:05 INF] [Phase 1] EnsureDeletedAsync completed in 1.2992ms {"SourceContext": "Infrastructure.Services.DatabaseTestService", "Application": "Crud.Api"}
[05:34:05 INF] [Phase 2] Starting EnsureCreatedAsync for worker 14502... {"SourceContext": "Infrastructure.Services.DatabaseTestService", "Application": "Crud.Api"}
[05:34:05 INF] [Phase 2] EnsureCreatedAsync completed in 9.8864ms {"SourceContext": "Infrastructure.Services.DatabaseTestService", "Application": "Crud.Api"}
[05:34:05 INF] [Phase 3] Skipping database seeding as requested for worker 14502 {"SourceContext": "Infrastructure.Services.DatabaseTestService", "Application": "Crud.Api"}
[05:34:05 INF] Database reset via file deletion completed for worker 14502 in 111.6667ms (Close: 0.0004ms, Delete: 1.2992ms, Create: 9.8864ms) {"SourceContext": "Infrastructure.Services.DatabaseTestService", "Application": "Crud.Api"}
[05:34:05 INF] Releasing database mutex for worker 14502 {"SourceContext": "Infrastructure.Services.DatabaseTestService", "Application": "Crud.Api"}
Activity.TraceId:            cd5935d412ba28a2bc6e2a909dcf8a8b
Activity.SpanId:             8c58df5c5a719ae5
Activity.TraceFlags:         Recorded
Activity.ActivitySourceName: Microsoft.AspNetCore
Activity.DisplayName:        GET api/Auth/me
Activity.Kind:               Server
Activity.StartTime:          2025-09-11T05:34:05.4811919Z
Activity.Duration:           00:00:00.0032170
Activity.Tags:
    server.address: localhost
    http.request.method: GET
    url.scheme: http
    url.path: /api/auth/me
    network.protocol.version: 1.1
    http.route: api/Auth/me
    http.response.status_code: 401
Resource associated with Activity:
    deployment.environment: Testing
    service.name: Crud.Api
    service.version: 1.0.0
    service.instance.id: 15081513-c9e4-4e0d-aac5-97a71d5ef649
    telemetry.sdk.name: opentelemetry
    telemetry.sdk.language: dotnet
    telemetry.sdk.version: 1.8.1
[05:34:05 INF] Resetting database for worker 14502 {"SourceContext": "Infrastructure.Services.DatabaseTestService", "Application": "Crud.Api"}
[05:34:05 INF] Resetting database via file deletion for worker 14502 in CI environment {"SourceContext": "Infrastructure.Services.DatabaseTestService", "Application": "Crud.Api"}
[05:34:05 INF] Acquiring database mutex for worker 14502... {"SourceContext": "Infrastructure.Services.DatabaseTestService", "Application": "Crud.Api"}
[05:34:05 INF] Database mutex acquired for worker 14502 {"SourceContext": "Infrastructure.Services.DatabaseTestService", "Application": "Crud.Api"}
[05:34:05 INF] Current database state - CanConnect: True {"SourceContext": "Infrastructure.Services.DatabaseTestService", "Application": "Crud.Api"}
[05:34:05 INF] [Phase 0] Closing database connection for worker 14502... {"SourceContext": "Infrastructure.Services.DatabaseTestService", "Application": "Crud.Api"}
[05:34:05 INF] [Phase 0] Connection closed in 0.0006ms {"SourceContext": "Infrastructure.Services.DatabaseTestService", "Application": "Crud.Api"}
[05:34:05 INF] [Phase 1] Starting EnsureDeletedAsync for worker 14502... {"SourceContext": "Infrastructure.Services.DatabaseTestService", "Application": "Crud.Api"}
[05:34:05 INF] [Phase 1] EnsureDeletedAsync completed in 1.2837ms {"SourceContext": "Infrastructure.Services.DatabaseTestService", "Application": "Crud.Api"}
[05:34:05 INF] [Phase 2] Starting EnsureCreatedAsync for worker 14502... {"SourceContext": "Infrastructure.Services.DatabaseTestService", "Application": "Crud.Api"}
[05:34:05 INF] [Phase 2] EnsureCreatedAsync completed in 7.7943ms {"SourceContext": "Infrastructure.Services.DatabaseTestService", "Application": "Crud.Api"}
[05:34:05 INF] [Phase 3] Skipping database seeding as requested for worker 14502 {"SourceContext": "Infrastructure.Services.DatabaseTestService", "Application": "Crud.Api"}
[05:34:05 INF] Database reset via file deletion completed for worker 14502 in 108.6642ms (Close: 0.0006ms, Delete: 1.2837ms, Create: 7.7943ms) {"SourceContext": "Infrastructure.Services.DatabaseTestService", "Application": "Crud.Api"}
[05:34:05 INF] Releasing database mutex for worker 14502 {"SourceContext": "Infrastructure.Services.DatabaseTestService", "Application": "Crud.Api"}
[05:34:05 INF] Resetting database for worker 14502 {"SourceContext": "Infrastructure.Services.DatabaseTestService", "Application": "Crud.Api"}
[05:34:05 INF] Resetting database via file deletion for worker 14502 in CI environment {"SourceContext": "Infrastructure.Services.DatabaseTestService", "Application": "Crud.Api"}
[05:34:05 INF] Acquiring database mutex for worker 14502... {"SourceContext": "Infrastructure.Services.DatabaseTestService", "Application": "Crud.Api"}
[05:34:05 INF] Database mutex acquired for worker 14502 {"SourceContext": "Infrastructure.Services.DatabaseTestService", "Application": "Crud.Api"}
[05:34:05 INF] Current database state - CanConnect: True {"SourceContext": "Infrastructure.Services.DatabaseTestService", "Application": "Crud.Api"}
[05:34:05 INF] [Phase 0] Closing database connection for worker 14502... {"SourceContext": "Infrastructure.Services.DatabaseTestService", "Application": "Crud.Api"}
[05:34:05 INF] [Phase 0] Connection closed in 0.0006ms {"SourceContext": "Infrastructure.Services.DatabaseTestService", "Application": "Crud.Api"}
[05:34:05 INF] [Phase 1] Starting EnsureDeletedAsync for worker 14502... {"SourceContext": "Infrastructure.Services.DatabaseTestService", "Application": "Crud.Api"}
[05:34:05 INF] [Phase 1] EnsureDeletedAsync completed in 1.2402ms {"SourceContext": "Infrastructure.Services.DatabaseTestService", "Application": "Crud.Api"}
[05:34:05 INF] [Phase 2] Starting EnsureCreatedAsync for worker 14502... {"SourceContext": "Infrastructure.Services.DatabaseTestService", "Application": "Crud.Api"}
[05:34:05 INF] [Phase 2] EnsureCreatedAsync completed in 7.5346ms {"SourceContext": "Infrastructure.Services.DatabaseTestService", "Application": "Crud.Api"}
[05:34:05 INF] [Phase 3] Skipping database seeding as requested for worker 14502 {"SourceContext": "Infrastructure.Services.DatabaseTestService", "Application": "Crud.Api"}
[05:34:05 INF] Database reset via file deletion completed for worker 14502 in 108.6049ms (Close: 0.0006ms, Delete: 1.2402ms, Create: 7.5346ms) {"SourceContext": "Infrastructure.Services.DatabaseTestService", "Application": "Crud.Api"}
[05:34:05 INF] Releasing database mutex for worker 14502 {"SourceContext": "Infrastructure.Services.DatabaseTestService", "Application": "Crud.Api"}
[05:34:05 ERR] An unhandled exception occurred during request POST /api/auth/login. Request ID: 0HNFGUJ46SETL, User: Anonymous {"SourceContext": "Api.Middleware.GlobalExceptionHandlingMiddleware", "RequestPath": "/api/auth/login", "Application": "Crud.Api"}
FluentValidation.ValidationException: Validation failed: 
 -- Email: Invalid email format Severity: Error
   at App.Behaviors.ValidationBehavior`2.Handle(TRequest request, RequestHandlerDelegate`1 next, CancellationToken cancellationToken) in /home/runner/work/Crud/Crud/src/App/Behaviors/ValidationBehavior.cs:line 39
   at Api.Controllers.AuthController.Login(LoginCommand command, CancellationToken cancellationToken) in /home/runner/work/Crud/Crud/src/Api/Controllers/AuthController.cs:line 47
   at Microsoft.AspNetCore.Mvc.Infrastructure.ActionMethodExecutor.TaskOfIActionResultExecutor.Execute(ActionContext actionContext, IActionResultTypeMapper mapper, ObjectMethodExecutor executor, Object controller, Object[] arguments)
   at Microsoft.AspNetCore.Mvc.Infrastructure.ControllerActionInvoker.&lt;InvokeActionMethodAsync&gt;g__Logged|12_1(ControllerActionInvoker invoker)
   at Microsoft.AspNetCore.Mvc.Infrastructure.ControllerActionInvoker.&lt;InvokeNextActionFilterAsync&gt;g__Awaited|10_0(ControllerActionInvoker invoker, Task lastTask, State next, Scope scope, Object state, Boolean isCompleted)
   at Microsoft.AspNetCore.Mvc.Infrastructure.ControllerActionInvoker.Rethrow(ActionExecutedContextSealed context)
   at Microsoft.AspNetCore.Mvc.Infrastructure.ControllerActionInvoker.Next(State&amp; next, Scope&amp; scope, Object&amp; state, Boolean&amp; isCompleted)
   at Microsoft.AspNetCore.Mvc.Infrastructure.ControllerActionInvoker.InvokeInnerFilterAsync()
--- End of stack trace from previous location ---
   at Microsoft.AspNetCore.Mvc.Infrastructure.ResourceInvoker.&lt;InvokeFilterPipelineAsync&gt;g__Awaited|20_0(ResourceInvoker invoker, Task lastTask, State next, Scope scope, Object state, Boolean isCompleted)
   at Microsoft.AspNetCore.Mvc.Infrastructure.ResourceInvoker.&lt;InvokeAsync&gt;g__Logged|17_1(ResourceInvoker invoker)
   at Microsoft.AspNetCore.Mvc.Infrastructure.ResourceInvoker.&lt;InvokeAsync&gt;g__Logged|17_1(ResourceInvoker invoker)
   at Microsoft.AspNetCore.Authorization.AuthorizationMiddleware.Invoke(HttpContext context)
   at Microsoft.AspNetCore.Authentication.AuthenticationMiddleware.Invoke(HttpContext context)
   at Microsoft.AspNetCore.RateLimiting.RateLimitingMiddleware.InvokeInternal(HttpContext context, EnableRateLimitingAttribute enableRateLimitingAttribute)
   at Api.Middleware.GlobalExceptionHandlingMiddleware.InvokeAsync(HttpContext context) in /home/runner/work/Crud/Crud/src/Api/Middleware/GlobalExceptionHandlingMiddleware.cs:line 27
Activity.TraceId:            8965d4d625fefe1fa356673f6734c966
Activity.SpanId:             260f065ae4650580
Activity.TraceFlags:         Recorded
Activity.ActivitySourceName: Microsoft.AspNetCore
Activity.DisplayName:        POST api/Auth/login
Activity.Kind:               Server
Activity.StartTime:          2025-09-11T05:34:05.7062186Z
Activity.Duration:           00:00:00.0022924
Activity.Tags:
    server.address: localhost
    http.request.method: POST
    url.scheme: http
    url.path: /api/auth/login
    network.protocol.version: 1.1
    http.route: api/Auth/login
    http.response.status_code: 400
Resource associated with Activity:
    deployment.environment: Testing
    service.name: Crud.Api
    service.version: 1.0.0
    service.instance.id: 15081513-c9e4-4e0d-aac5-97a71d5ef649
    telemetry.sdk.name: opentelemetry
    telemetry.sdk.language: dotnet
    telemetry.sdk.version: 1.8.1
[05:34:05 INF] Resetting database for worker 14502 {"SourceContext": "Infrastructure.Services.DatabaseTestService", "Application": "Crud.Api"}
[05:34:05 INF] Resetting database via file deletion for worker 14502 in CI environment {"SourceContext": "Infrastructure.Services.DatabaseTestService", "Application": "Crud.Api"}
[05:34:05 INF] Acquiring database mutex for worker 14502... {"SourceContext": "Infrastructure.Services.DatabaseTestService", "Application": "Crud.Api"}
[05:34:05 INF] Database mutex acquired for worker 14502 {"SourceContext": "Infrastructure.Services.DatabaseTestService", "Application": "Crud.Api"}
[05:34:05 INF] Current database state - CanConnect: True {"SourceContext": "Infrastructure.Services.DatabaseTestService", "Application": "Crud.Api"}
[05:34:05 INF] [Phase 0] Closing database connection for worker 14502... {"SourceContext": "Infrastructure.Services.DatabaseTestService", "Application": "Crud.Api"}
[05:34:05 INF] [Phase 0] Connection closed in 0.0007ms {"SourceContext": "Infrastructure.Services.DatabaseTestService", "Application": "Crud.Api"}
[05:34:05 INF] [Phase 1] Starting EnsureDeletedAsync for worker 14502... {"SourceContext": "Infrastructure.Services.DatabaseTestService", "Application": "Crud.Api"}
[05:34:05 INF] [Phase 1] EnsureDeletedAsync completed in 1.7469ms {"SourceContext": "Infrastructure.Services.DatabaseTestService", "Application": "Crud.Api"}
[05:34:05 INF] [Phase 2] Starting EnsureCreatedAsync for worker 14502... {"SourceContext": "Infrastructure.Services.DatabaseTestService", "Application": "Crud.Api"}
[05:34:05 INF] [Phase 2] EnsureCreatedAsync completed in 7.9025ms {"SourceContext": "Infrastructure.Services.DatabaseTestService", "Application": "Crud.Api"}
[05:34:05 INF] [Phase 3] Skipping database seeding as requested for worker 14502 {"SourceContext": "Infrastructure.Services.DatabaseTestService", "Application": "Crud.Api"}
[05:34:05 INF] Database reset via file deletion completed for worker 14502 in 110.5172ms (Close: 0.0007ms, Delete: 1.7469ms, Create: 7.9025ms) {"SourceContext": "Infrastructure.Services.DatabaseTestService", "Application": "Crud.Api"}
[05:34:05 INF] Releasing database mutex for worker 14502 {"SourceContext": "Infrastructure.Services.DatabaseTestService", "Application": "Crud.Api"}
Resource associated with Metric:
    deployment.environment: Testing
    service.name: Crud.Api
    service.version: 1.0.0
    service.instance.id: 15081513-c9e4-4e0d-aac5-97a71d5ef649
    telemetry.sdk.name: opentelemetry
    telemetry.sdk.language: dotnet
    telemetry.sdk.version: 1.8.1
Metric Name: http.server.active_requests, Number of active HTTP server requests., Unit: {request}, Meter: Microsoft.AspNetCore.Hosting
(2025-09-11T05:34:00.2163780Z, 2025-09-11T05:34:05.8215610Z] http.request.method: POST url.scheme: http LongSumNonMonotonic
Value: 0
(2025-09-11T05:34:00.2163780Z, 2025-09-11T05:34:05.8215610Z] http.request.method: GET url.scheme: http LongSumNonMonotonic
Value: 0
Metric Name: http.server.request.duration, Duration of HTTP server requests., Unit: s, Meter: Microsoft.AspNetCore.Hosting
(2025-09-11T05:34:00.2164065Z, 2025-09-11T05:34:05.8215690Z] http.request.method: POST http.response.status_code: 400 http.route: api/Auth/register network.protocol.version: 1.1 url.scheme: http Histogram
Value: Sum: 0.0309708 Count: 2 Min: 0.0049257 Max: 0.0260451 
(-Infinity,0.005]:1
(0.005,0.01]:0
(0.01,0.025]:0
(0.025,0.05]:1
(0.05,0.075]:0
(0.075,0.1]:0
(0.1,0.25]:0
(0.25,0.5]:0
(0.5,0.75]:0
(0.75,1]:0
(1,2.5]:0
(2.5,5]:0
(5,7.5]:0
(7.5,10]:0
(10,+Infinity]:0
(2025-09-11T05:34:00.2164065Z, 2025-09-11T05:34:05.8215690Z] http.request.method: POST http.response.status_code: 200 http.route: api/Auth/register network.protocol.version: 1.1 url.scheme: http Histogram
Value: Sum: 1.7959987 Count: 6 Min: 0.2972265 Max: 0.3044467 
(-Infinity,0.005]:0
(0.005,0.01]:0
(0.01,0.025]:0
(0.025,0.05]:0
(0.05,0.075]:0
(0.075,0.1]:0
(0.1,0.25]:0
(0.25,0.5]:6
(0.5,0.75]:0
(0.75,1]:0
(1,2.5]:0
(2.5,5]:0
(5,7.5]:0
(7.5,10]:0
(10,+Infinity]:0
(2025-09-11T05:34:00.2164065Z, 2025-09-11T05:34:05.8215690Z] http.request.method: POST http.response.status_code: 200 http.route: api/Auth/login network.protocol.version: 1.1 url.scheme: http Histogram
Value: Sum: 1.2117958 Count: 4 Min: 0.2994272 Max: 0.3082352 
(-Infinity,0.005]:0
(0.005,0.01]:0
(0.01,0.025]:0
(0.025,0.05]:0
(0.05,0.075]:0
(0.075,0.1]:0
(0.1,0.25]:0
(0.25,0.5]:4
(0.5,0.75]:0
(0.75,1]:0
(1,2.5]:0
(2.5,5]:0
(5,7.5]:0
(7.5,10]:0
(10,+Infinity]:0
(2025-09-11T05:34:00.2164065Z, 2025-09-11T05:34:05.8215690Z] http.request.method: POST http.response.status_code: 200 http.route: api/Auth/refresh network.protocol.version: 1.1 url.scheme: http Histogram
Value: Sum: 0.0306392 Count: 1 Min: 0.0306392 Max: 0.0306392 
(-Infinity,0.005]:0
(0.005,0.01]:0
(0.01,0.025]:0
(0.025,0.05]:1
(0.05,0.075]:0
(0.075,0.1]:0
(0.1,0.25]:0
(0.25,0.5]:0
(0.5,0.75]:0
(0.75,1]:0
(1,2.5]:0
(2.5,5]:0
(5,7.5]:0
(7.5,10]:0
(10,+Infinity]:0
(2025-09-11T05:34:00.2164065Z, 2025-09-11T05:34:05.8215690Z] http.request.method: POST http.response.status_code: 401 http.route: api/Auth/login network.protocol.version: 1.1 url.scheme: http Histogram
Value: Sum: 0.0015014 Count: 1 Min: 0.0015014 Max: 0.0015014 
(-Infinity,0.005]:1
(0.005,0.01]:0
(0.01,0.025]:0
(0.025,0.05]:0
(0.05,0.075]:0
(0.075,0.1]:0
(0.1,0.25]:0
(0.25,0.5]:0
(0.5,0.75]:0
(0.75,1]:0
(1,2.5]:0
(2.5,5]:0
(5,7.5]:0
(7.5,10]:0
(10,+Infinity]:0
(2025-09-11T05:34:00.2164065Z, 2025-09-11T05:34:05.8215690Z] http.request.method: POST http.response.status_code: 200 http.route: api/Auth/logout network.protocol.version: 1.1 url.scheme: http Histogram
Value: Sum: 0.0223671 Count: 1 Min: 0.0223671 Max: 0.0223671 
(-Infinity,0.005]:0
(0.005,0.01]:0
(0.01,0.025]:1
(0.025,0.05]:0
(0.05,0.075]:0
(0.075,0.1]:0
(0.1,0.25]:0
(0.25,0.5]:0
(0.5,0.75]:0
(0.75,1]:0
(1,2.5]:0
(2.5,5]:0
(5,7.5]:0
(7.5,10]:0
(10,+Infinity]:0
(2025-09-11T05:34:00.2164065Z, 2025-09-11T05:34:05.8215690Z] http.request.method: POST http.response.status_code: 401 http.route: api/Auth/refresh network.protocol.version: 1.1 url.scheme: http Histogram
Value: Sum: 0.0047584 Count: 2 Min: 0.0019209 Max: 0.0028375 
(-Infinity,0.005]:2
(0.005,0.01]:0
(0.01,0.025]:0
(0.025,0.05]:0
(0.05,0.075]:0
(0.075,0.1]:0
(0.1,0.25]:0
(0.25,0.5]:0
(0.5,0.75]:0
(0.75,1]:0
(1,2.5]:0
(2.5,5]:0
(5,7.5]:0
(7.5,10]:0
(10,+Infinity]:0
(2025-09-11T05:34:00.2164065Z, 2025-09-11T05:34:05.8215690Z] http.request.method: GET http.response.status_code: 200 http.route: api/Auth/me network.protocol.version: 1.1 url.scheme: http Histogram
Value: Sum: 0.003012 Count: 1 Min: 0.003012 Max: 0.003012 
(-Infinity,0.005]:1
(0.005,0.01]:0
(0.01,0.025]:0
(0.025,0.05]:0
(0.05,0.075]:0
(0.075,0.1]:0
(0.1,0.25]:0
(0.25,0.5]:0
(0.5,0.75]:0
(0.75,1]:0
(1,2.5]:0
(2.5,5]:0
(5,7.5]:0
(7.5,10]:0
(10,+Infinity]:0
(2025-09-11T05:34:00.2164065Z, 2025-09-11T05:34:05.8215690Z] http.request.method: GET http.response.status_code: 401 http.route: api/Auth/me network.protocol.version: 1.1 url.scheme: http Histogram
Value: Sum: 0.0032022 Count: 1 Min: 0.0032022 Max: 0.0032022 
(-Infinity,0.005]:1
(0.005,0.01]:0
(0.01,0.025]:0
(0.025,0.05]:0
(0.05,0.075]:0
(0.075,0.1]:0
(0.1,0.25]:0
(0.25,0.5]:0
(0.5,0.75]:0
(0.75,1]:0
(1,2.5]:0
(2.5,5]:0
(5,7.5]:0
(7.5,10]:0
(10,+Infinity]:0
(2025-09-11T05:34:00.2164065Z, 2025-09-11T05:34:05.8215690Z] http.request.method: POST http.response.status_code: 400 http.route: api/Auth/login network.protocol.version: 1.1 url.scheme: http Histogram
Value: Sum: 0.0022803 Count: 1 Min: 0.0022803 Max: 0.0022803 
(-Infinity,0.005]:1
(0.005,0.01]:0
(0.01,0.025]:0
(0.025,0.05]:0
(0.05,0.075]:0
(0.075,0.1]:0
(0.1,0.25]:0
(0.25,0.5]:0
(0.5,0.75]:0
(0.75,1]:0
(1,2.5]:0
(2.5,5]:0
(5,7.5]:0
(7.5,10]:0
(10,+Infinity]:0
Metric Name: aspnetcore.rate_limiting.active_request_leases, Number of HTTP requests that are currently active on the server that hold a rate limiting lease., Unit: {request}, Meter: Microsoft.AspNetCore.RateLimiting
(2025-09-11T05:34:00.2203139Z, 2025-09-11T05:34:05.8215698Z] LongSumNonMonotonic
Value: 0
Metric Name: aspnetcore.rate_limiting.request_lease.duration, The duration of rate limiting leases held by HTTP requests on the server., Unit: s, Meter: Microsoft.AspNetCore.RateLimiting
(2025-09-11T05:34:00.2203713Z, 2025-09-11T05:34:05.8215711Z] Histogram
Value: Sum: 3.0825708000000005 Count: 20 Min: 0.0007601 Max: 0.3080241 
(-Infinity,0.005]:7
(0.005,0.01]:1
(0.01,0.025]:1
(0.025,0.05]:1
(0.05,0.075]:0
(0.075,0.1]:0
(0.1,0.25]:0
(0.25,0.5]:10
(0.5,0.75]:0
(0.75,1]:0
(1,2.5]:0
(2.5,5]:0
(5,7.5]:0
(7.5,10]:0
(10,+Infinity]:0
Metric Name: aspnetcore.rate_limiting.requests, Number of requests that tried to acquire a rate limiting lease. Requests could be rejected by global or endpoint rate limiting policies. Or the request could be canceled while waiting for the lease., Unit: {request}, Meter: Microsoft.AspNetCore.RateLimiting
(2025-09-11T05:34:00.2204252Z, 2025-09-11T05:34:05.8215734Z] aspnetcore.rate_limiting.result: acquired LongSum
Value: 20
Metric Name: aspnetcore.routing.match_attempts, Number of requests that were attempted to be matched to an endpoint., Unit: {match_attempt}, Meter: Microsoft.AspNetCore.Routing
(2025-09-11T05:34:00.2217894Z, 2025-09-11T05:34:05.8215752Z] aspnetcore.routing.is_fallback: false aspnetcore.routing.match_status: success http.route: api/Auth/register LongSum
Value: 8
(2025-09-11T05:34:00.2217894Z, 2025-09-11T05:34:05.8215752Z] aspnetcore.routing.is_fallback: false aspnetcore.routing.match_status: success http.route: api/Auth/login LongSum
Value: 6
(2025-09-11T05:34:00.2217894Z, 2025-09-11T05:34:05.8215752Z] aspnetcore.routing.is_fallback: false aspnetcore.routing.match_status: success http.route: api/Auth/refresh LongSum
Value: 3
(2025-09-11T05:34:00.2217894Z, 2025-09-11T05:34:05.8215752Z] aspnetcore.routing.is_fallback: false aspnetcore.routing.match_status: success http.route: api/Auth/logout LongSum
Value: 1
(2025-09-11T05:34:00.2217894Z, 2025-09-11T05:34:05.8215752Z] aspnetcore.routing.is_fallback: false aspnetcore.routing.match_status: success http.route: api/Auth/me LongSum
Value: 2
[05:34:05 INF] Starting Crud API application {"Application": "Crud.Api"}
[05:34:05 INF] Using SQLite provider with connection: Data Source=TestDatabase.db {"Application": "Crud.Api"}
[05:34:05 INF] Database ensured successfully {"Application": "Crud.Api"}
[05:34:05 INF] Application configured successfully. Starting web host... {"Application": "Crud.Api"}
[05:34:05 WRN] Failed to determine the https port for redirect. {"EventId": {"Id": 3, "Name": "FailedToDeterminePort"}, "SourceContext": "Microsoft.AspNetCore.HttpsPolicy.HttpsRedirectionMiddleware", "RequestId": "0HNFGUJ46SETM", "RequestPath": "/api/auth/register", "Application": "Crud.Api"}
[05:34:06 INF] User registered successfully: 901ac57c-5c60-4002-9cbd-603723985323 {"SourceContext": "App.Features.Authentication.RegisterUserCommandHandler", "ActionId": "d9e742a6-8dbb-49b1-814c-578a8a5851eb", "ActionName": "Api.Controllers.AuthController.Register (Api)", "RequestId": "0HNFGUJ46SETM", "RequestPath": "/api/auth/register", "Application": "Crud.Api"}
Activity.TraceId:            8388a8234731a6a98091cf866b9d557e
Activity.SpanId:             1dc62ff11a2fcb67
Activity.TraceFlags:         Recorded
Activity.ActivitySourceName: Microsoft.AspNetCore
Activity.DisplayName:        POST api/Auth/register
Activity.Kind:               Server
Activity.StartTime:          2025-09-11T05:34:05.8687562Z
Activity.Duration:           00:00:00.3040091
Activity.Tags:
    server.address: localhost
    http.request.method: POST
    url.scheme: http
    url.path: /api/auth/register
    network.protocol.version: 1.1
    http.route: api/Auth/register
    http.response.status_code: 200
Resource associated with Activity:
    deployment.environment: Testing
    service.name: Crud.Api
    service.version: 1.0.0
    service.instance.id: 15081513-c9e4-4e0d-aac5-97a71d5ef649
    telemetry.sdk.name: opentelemetry
    telemetry.sdk.language: dotnet
    telemetry.sdk.version: 1.8.1
[05:34:06 INF] User logged in successfully: 901ac57c-5c60-4002-9cbd-603723985323 {"SourceContext": "App.Features.Authentication.LoginCommandHandler", "ActionId": "054df3c2-8ba7-4a25-8085-c4edc1366f3f", "ActionName": "Api.Controllers.AuthController.Login (Api)", "RequestId": "0HNFGUJ46SETN", "RequestPath": "/api/auth/login", "Application": "Crud.Api"}
Activity.TraceId:            826579a76247b9dabefbce2878c69084
Activity.SpanId:             43629a7d02d902f4
Activity.TraceFlags:         Recorded
Activity.ActivitySourceName: Microsoft.AspNetCore
Activity.DisplayName:        POST api/Auth/login
Activity.Kind:               Server
Activity.StartTime:          2025-09-11T05:34:06.1756618Z
Activity.Duration:           00:00:00.3027544
Activity.Tags:
    server.address: localhost
    http.request.method: POST
    url.scheme: http
    url.path: /api/auth/login
    network.protocol.version: 1.1
    http.route: api/Auth/login
    http.response.status_code: 200
Resource associated with Activity:
    deployment.environment: Testing
    service.name: Crud.Api
    service.version: 1.0.0
    service.instance.id: 15081513-c9e4-4e0d-aac5-97a71d5ef649
    telemetry.sdk.name: opentelemetry
    telemetry.sdk.language: dotnet
    telemetry.sdk.version: 1.8.1
[05:34:06 DBG] Removed cache value for key: entity:role:8faaeb699a57469a91c77e980e282bf8 {"SourceContext": "Infrastructure.Services.Caching.InMemoryCacheService", "ActionId": "dae7e389-cdba-4a9c-82bc-ff3ca1df3951", "ActionName": "Api.Controllers.RolesController.Delete (Api)", "RequestId": "0HNFGUJ46SETO", "RequestPath": "/api/roles/8faaeb69-9a57-469a-91c7-7e980e282bf8", "Application": "Crud.Api"}
[05:34:06 DBG] Removed cache value for key: list:role {"SourceContext": "Infrastructure.Services.Caching.InMemoryCacheService", "ActionId": "dae7e389-cdba-4a9c-82bc-ff3ca1df3951", "ActionName": "Api.Controllers.RolesController.Delete (Api)", "RequestId": "0HNFGUJ46SETO", "RequestPath": "/api/roles/8faaeb69-9a57-469a-91c7-7e980e282bf8", "Application": "Crud.Api"}
[05:34:06 DBG] Invalidating cache for entity: roles/8faaeb69-9a57-469a-91c7-7e980e282bf8 with tags: roles, roles:8faaeb69-9a57-469a-91c7-7e980e282bf8 {"SourceContext": "Api.Services.OutputCacheInvalidationService", "ActionId": "dae7e389-cdba-4a9c-82bc-ff3ca1df3951", "ActionName": "Api.Controllers.RolesController.Delete (Api)", "RequestId": "0HNFGUJ46SETO", "RequestPath": "/api/roles/8faaeb69-9a57-469a-91c7-7e980e282bf8", "Application": "Crud.Api"}
[05:34:06 DBG] Successfully invalidated cache for tag: roles {"SourceContext": "Api.Services.OutputCacheInvalidationService", "ActionId": "dae7e389-cdba-4a9c-82bc-ff3ca1df3951", "ActionName": "Api.Controllers.RolesController.Delete (Api)", "RequestId": "0HNFGUJ46SETO", "RequestPath": "/api/roles/8faaeb69-9a57-469a-91c7-7e980e282bf8", "Application": "Crud.Api"}
[05:34:06 DBG] Successfully invalidated cache for tag: roles:8faaeb69-9a57-469a-91c7-7e980e282bf8 {"SourceContext": "Api.Services.OutputCacheInvalidationService", "ActionId": "dae7e389-cdba-4a9c-82bc-ff3ca1df3951", "ActionName": "Api.Controllers.RolesController.Delete (Api)", "RequestId": "0HNFGUJ46SETO", "RequestPath": "/api/roles/8faaeb69-9a57-469a-91c7-7e980e282bf8", "Application": "Crud.Api"}
Activity.TraceId:            83c656c65a08c5953fcc1252d223bce4
Activity.SpanId:             9ac4588f4e873bdf
Activity.TraceFlags:         Recorded
Activity.ActivitySourceName: Microsoft.AspNetCore
Activity.DisplayName:        DELETE api/Roles/{id:guid}
Activity.Kind:               Server
Activity.StartTime:          2025-09-11T05:34:06.4796077Z
Activity.Duration:           00:00:00.0211086
Activity.Tags:
    server.address: localhost
    http.request.method: DELETE
    url.scheme: http
    url.path: /api/roles/8faaeb69-9a57-469a-91c7-7e980e282bf8
    network.protocol.version: 1.1
    http.route: api/Roles/{id:guid}
    http.response.status_code: 204
Resource associated with Activity:
    deployment.environment: Testing
    service.name: Crud.Api
    service.version: 1.0.0
    service.instance.id: 15081513-c9e4-4e0d-aac5-97a71d5ef649
    telemetry.sdk.name: opentelemetry
    telemetry.sdk.language: dotnet
    telemetry.sdk.version: 1.8.1
[05:34:06 INF] Resetting database for worker 14854 {"SourceContext": "Infrastructure.Services.DatabaseTestService", "Application": "Crud.Api"}
[05:34:06 INF] Resetting database via file deletion for worker 14854 in CI environment {"SourceContext": "Infrastructure.Services.DatabaseTestService", "Application": "Crud.Api"}
[05:34:06 INF] Acquiring database mutex for worker 14854... {"SourceContext": "Infrastructure.Services.DatabaseTestService", "Application": "Crud.Api"}
[05:34:06 INF] Database mutex acquired for worker 14854 {"SourceContext": "Infrastructure.Services.DatabaseTestService", "Application": "Crud.Api"}
[05:34:06 INF] Current database state - CanConnect: True {"SourceContext": "Infrastructure.Services.DatabaseTestService", "Application": "Crud.Api"}
[05:34:06 INF] [Phase 0] Closing database connection for worker 14854... {"SourceContext": "Infrastructure.Services.DatabaseTestService", "Application": "Crud.Api"}
[05:34:06 INF] [Phase 0] Connection closed in 0.0006ms {"SourceContext": "Infrastructure.Services.DatabaseTestService", "Application": "Crud.Api"}
[05:34:06 INF] [Phase 1] Starting EnsureDeletedAsync for worker 14854... {"SourceContext": "Infrastructure.Services.DatabaseTestService", "Application": "Crud.Api"}
[05:34:06 INF] [Phase 1] EnsureDeletedAsync completed in 1.6635ms {"SourceContext": "Infrastructure.Services.DatabaseTestService", "Application": "Crud.Api"}
[05:34:06 INF] [Phase 2] Starting EnsureCreatedAsync for worker 14854... {"SourceContext": "Infrastructure.Services.DatabaseTestService", "Application": "Crud.Api"}
[05:34:06 INF] [Phase 2] EnsureCreatedAsync completed in 7.9563ms {"SourceContext": "Infrastructure.Services.DatabaseTestService", "Application": "Crud.Api"}
[05:34:06 INF] [Phase 3] Skipping database seeding as requested for worker 14854 {"SourceContext": "Infrastructure.Services.DatabaseTestService", "Application": "Crud.Api"}
[05:34:06 INF] Database reset via file deletion completed for worker 14854 in 110.63ms (Close: 0.0006ms, Delete: 1.6635ms, Create: 7.9563ms) {"SourceContext": "Infrastructure.Services.DatabaseTestService", "Application": "Crud.Api"}
[05:34:06 INF] Releasing database mutex for worker 14854 {"SourceContext": "Infrastructure.Services.DatabaseTestService", "Application": "Crud.Api"}
[05:34:06 INF] User registered successfully: ef2d7ebe-2c21-458f-ad17-1558f0809d3a {"SourceContext": "App.Features.Authentication.RegisterUserCommandHandler", "ActionId": "d9e742a6-8dbb-49b1-814c-578a8a5851eb", "ActionName": "Api.Controllers.AuthController.Register (Api)", "RequestId": "0HNFGUJ46SETP", "RequestPath": "/api/auth/register", "Application": "Crud.Api"}
Activity.TraceId:            743ede9c2092bea0e70da5d9dce6d691
Activity.SpanId:             5225ce3558208c8f
Activity.TraceFlags:         Recorded
Activity.ActivitySourceName: Microsoft.AspNetCore
Activity.DisplayName:        POST api/Auth/register
Activity.Kind:               Server
Activity.StartTime:          2025-09-11T05:34:06.6167842Z
Activity.Duration:           00:00:00.2970881
Activity.Tags:
    server.address: localhost
    http.request.method: POST
    url.scheme: http
    url.path: /api/auth/register
    network.protocol.version: 1.1
    http.route: api/Auth/register
    http.response.status_code: 200
Resource associated with Activity:
    deployment.environment: Testing
    service.name: Crud.Api
    service.version: 1.0.0
    service.instance.id: 15081513-c9e4-4e0d-aac5-97a71d5ef649
    telemetry.sdk.name: opentelemetry
    telemetry.sdk.language: dotnet
    telemetry.sdk.version: 1.8.1
[05:34:07 INF] User logged in successfully: ef2d7ebe-2c21-458f-ad17-1558f0809d3a {"SourceContext": "App.Features.Authentication.LoginCommandHandler", "ActionId": "054df3c2-8ba7-4a25-8085-c4edc1366f3f", "ActionName": "Api.Controllers.AuthController.Login (Api)", "RequestId": "0HNFGUJ46SETQ", "RequestPath": "/api/auth/login", "Application": "Crud.Api"}
Activity.TraceId:            c51cf6f0206d6476736949661f1ba61f
Activity.SpanId:             6945cf101bb9c271
Activity.TraceFlags:         Recorded
Activity.ActivitySourceName: Microsoft.AspNetCore
Activity.DisplayName:        POST api/Auth/login
Activity.Kind:               Server
Activity.StartTime:          2025-09-11T05:34:06.9150006Z
Activity.Duration:           00:00:00.2976772
Activity.Tags:
    server.address: localhost
    http.request.method: POST
    url.scheme: http
    url.path: /api/auth/login
    network.protocol.version: 1.1
    http.route: api/Auth/login
    http.response.status_code: 200
Resource associated with Activity:
    deployment.environment: Testing
    service.name: Crud.Api
    service.version: 1.0.0
    service.instance.id: 15081513-c9e4-4e0d-aac5-97a71d5ef649
    telemetry.sdk.name: opentelemetry
    telemetry.sdk.language: dotnet
    telemetry.sdk.version: 1.8.1
[05:34:07 DBG] Cache miss for key: name:role:admin {"SourceContext": "Infrastructure.Services.Caching.InMemoryCacheService", "ActionId": "fdae7a20-77b1-49c0-a788-fa1fa241b31c", "ActionName": "Api.Controllers.RolesController.Create (Api)", "RequestId": "0HNFGUJ46SETR", "RequestPath": "/api/roles", "Application": "Crud.Api"}
[05:34:07 DBG] Removed cache value for key: entity:role:43716efbfe6e46d7a38933f050442035 {"SourceContext": "Infrastructure.Services.Caching.InMemoryCacheService", "ActionId": "fdae7a20-77b1-49c0-a788-fa1fa241b31c", "ActionName": "Api.Controllers.RolesController.Create (Api)", "RequestId": "0HNFGUJ46SETR", "RequestPath": "/api/roles", "Application": "Crud.Api"}
[05:34:07 DBG] Removed cache value for key: list:role {"SourceContext": "Infrastructure.Services.Caching.InMemoryCacheService", "ActionId": "fdae7a20-77b1-49c0-a788-fa1fa241b31c", "ActionName": "Api.Controllers.RolesController.Create (Api)", "RequestId": "0HNFGUJ46SETR", "RequestPath": "/api/roles", "Application": "Crud.Api"}
[05:34:07 DBG] Invalidating cache for entity type: roles with tag: roles {"SourceContext": "Api.Services.OutputCacheInvalidationService", "ActionId": "fdae7a20-77b1-49c0-a788-fa1fa241b31c", "ActionName": "Api.Controllers.RolesController.Create (Api)", "RequestId": "0HNFGUJ46SETR", "RequestPath": "/api/roles", "Application": "Crud.Api"}
[05:34:07 INF] Successfully invalidated cache for entity type: roles {"SourceContext": "Api.Services.OutputCacheInvalidationService", "ActionId": "fdae7a20-77b1-49c0-a788-fa1fa241b31c", "ActionName": "Api.Controllers.RolesController.Create (Api)", "RequestId": "0HNFGUJ46SETR", "RequestPath": "/api/roles", "Application": "Crud.Api"}
Activity.TraceId:            6fd9a18d87d72a02b7c8d814c5c0e3d6
Activity.SpanId:             02cd811b850d9fcb
Activity.TraceFlags:         Recorded
Activity.ActivitySourceName: Microsoft.AspNetCore
Activity.DisplayName:        POST api/Roles
Activity.Kind:               Server
Activity.StartTime:          2025-09-11T05:34:07.2134417Z
Activity.Duration:           00:00:00.0091513
Activity.Tags:
    server.address: localhost
    http.request.method: POST
    url.scheme: http
    url.path: /api/roles
    network.protocol.version: 1.1
    http.route: api/Roles
    http.response.status_code: 201
Resource associated with Activity:
    deployment.environment: Testing
    service.name: Crud.Api
    service.version: 1.0.0
    service.instance.id: 15081513-c9e4-4e0d-aac5-97a71d5ef649
    telemetry.sdk.name: opentelemetry
    telemetry.sdk.language: dotnet
    telemetry.sdk.version: 1.8.1
[05:34:07 INF] User registered successfully: dad02424-90ff-427f-abe4-83641c587f40 {"SourceContext": "App.Features.Authentication.RegisterUserCommandHandler", "ActionId": "d9e742a6-8dbb-49b1-814c-578a8a5851eb", "ActionName": "Api.Controllers.AuthController.Register (Api)", "RequestId": "0HNFGUJ46SETS", "RequestPath": "/api/auth/register", "Application": "Crud.Api"}
Activity.TraceId:            95a47c71bf9d2bad9112b702e77c6088
Activity.SpanId:             4ffaa8ac5fd5d63e
Activity.TraceFlags:         Recorded
Activity.ActivitySourceName: Microsoft.AspNetCore
Activity.DisplayName:        POST api/Auth/register
Activity.Kind:               Server
Activity.StartTime:          2025-09-11T05:34:07.2231715Z
Activity.Duration:           00:00:00.3024523
Activity.Tags:
    server.address: localhost
    http.request.method: POST
    url.scheme: http
    url.path: /api/auth/register
    network.protocol.version: 1.1
    http.route: api/Auth/register
    http.response.status_code: 200
Resource associated with Activity:
    deployment.environment: Testing
    service.name: Crud.Api
    service.version: 1.0.0
    service.instance.id: 15081513-c9e4-4e0d-aac5-97a71d5ef649
    telemetry.sdk.name: opentelemetry
    telemetry.sdk.language: dotnet
    telemetry.sdk.version: 1.8.1
[05:34:07 INF] User logged in successfully: dad02424-90ff-427f-abe4-83641c587f40 {"SourceContext": "App.Features.Authentication.LoginCommandHandler", "ActionId": "054df3c2-8ba7-4a25-8085-c4edc1366f3f", "ActionName": "Api.Controllers.AuthController.Login (Api)", "RequestId": "0HNFGUJ46SETT", "RequestPath": "/api/auth/login", "Application": "Crud.Api"}
Activity.TraceId:            509c733c5ac3f289b98663e692b1657e
Activity.SpanId:             a495894d9073eb88
Activity.TraceFlags:         Recorded
Activity.ActivitySourceName: Microsoft.AspNetCore
Activity.DisplayName:        POST api/Auth/login
Activity.Kind:               Server
Activity.StartTime:          2025-09-11T05:34:07.5268297Z
Activity.Duration:           00:00:00.2999768
Activity.Tags:
    server.address: localhost
    http.request.method: POST
    url.scheme: http
    url.path: /api/auth/login
    network.protocol.version: 1.1
    http.route: api/Auth/login
    http.response.status_code: 200
Resource associated with Activity:
    deployment.environment: Testing
    service.name: Crud.Api
    service.version: 1.0.0
    service.instance.id: 15081513-c9e4-4e0d-aac5-97a71d5ef649
    telemetry.sdk.name: opentelemetry
    telemetry.sdk.language: dotnet
    telemetry.sdk.version: 1.8.1
[05:34:07 DBG] Cache miss for key: name:role:user {"SourceContext": "Infrastructure.Services.Caching.InMemoryCacheService", "ActionId": "fdae7a20-77b1-49c0-a788-fa1fa241b31c", "ActionName": "Api.Controllers.RolesController.Create (Api)", "RequestId": "0HNFGUJ46SETU", "RequestPath": "/api/roles", "Application": "Crud.Api"}
[05:34:07 DBG] Removed cache value for key: entity:role:c999eb5d96cc40508d4ace00693eadbd {"SourceContext": "Infrastructure.Services.Caching.InMemoryCacheService", "ActionId": "fdae7a20-77b1-49c0-a788-fa1fa241b31c", "ActionName": "Api.Controllers.RolesController.Create (Api)", "RequestId": "0HNFGUJ46SETU", "RequestPath": "/api/roles", "Application": "Crud.Api"}
[05:34:07 DBG] Removed cache value for key: list:role {"SourceContext": "Infrastructure.Services.Caching.InMemoryCacheService", "ActionId": "fdae7a20-77b1-49c0-a788-fa1fa241b31c", "ActionName": "Api.Controllers.RolesController.Create (Api)", "RequestId": "0HNFGUJ46SETU", "RequestPath": "/api/roles", "Application": "Crud.Api"}
[05:34:07 DBG] Invalidating cache for entity type: roles with tag: roles {"SourceContext": "Api.Services.OutputCacheInvalidationService", "ActionId": "fdae7a20-77b1-49c0-a788-fa1fa241b31c", "ActionName": "Api.Controllers.RolesController.Create (Api)", "RequestId": "0HNFGUJ46SETU", "RequestPath": "/api/roles", "Application": "Crud.Api"}
[05:34:07 INF] Successfully invalidated cache for entity type: roles {"SourceContext": "Api.Services.OutputCacheInvalidationService", "ActionId": "fdae7a20-77b1-49c0-a788-fa1fa241b31c", "ActionName": "Api.Controllers.RolesController.Create (Api)", "RequestId": "0HNFGUJ46SETU", "RequestPath": "/api/roles", "Application": "Crud.Api"}
Activity.TraceId:            cd8f0e7ec00cf770b470fdcb3da401e6
Activity.SpanId:             e8877b50f5010244
Activity.TraceFlags:         Recorded
Activity.ActivitySourceName: Microsoft.AspNetCore
Activity.DisplayName:        POST api/Roles
Activity.Kind:               Server
Activity.StartTime:          2025-09-11T05:34:07.8271224Z
Activity.Duration:           00:00:00.0051969
Activity.Tags:
    server.address: localhost
    http.request.method: POST
    url.scheme: http
    url.path: /api/roles
    network.protocol.version: 1.1
    http.route: api/Roles
    http.response.status_code: 201
Resource associated with Activity:
    deployment.environment: Testing
    service.name: Crud.Api
    service.version: 1.0.0
    service.instance.id: 15081513-c9e4-4e0d-aac5-97a71d5ef649
    telemetry.sdk.name: opentelemetry
    telemetry.sdk.language: dotnet
    telemetry.sdk.version: 1.8.1
[05:34:08 INF] User registered successfully: 31345d5a-4a10-4a10-bd7a-dfc8babd9f88 {"SourceContext": "App.Features.Authentication.RegisterUserCommandHandler", "ActionId": "d9e742a6-8dbb-49b1-814c-578a8a5851eb", "ActionName": "Api.Controllers.AuthController.Register (Api)", "RequestId": "0HNFGUJ46SETV", "RequestPath": "/api/auth/register", "Application": "Crud.Api"}
Activity.TraceId:            1ee6579f9624e7b0a206514ccec07803
Activity.SpanId:             bd91ecb723115c70
Activity.TraceFlags:         Recorded
Activity.ActivitySourceName: Microsoft.AspNetCore
Activity.DisplayName:        POST api/Auth/register
Activity.Kind:               Server
Activity.StartTime:          2025-09-11T05:34:07.8331731Z
Activity.Duration:           00:00:00.2960200
Activity.Tags:
    server.address: localhost
    http.request.method: POST
    url.scheme: http
    url.path: /api/auth/register
    network.protocol.version: 1.1
    http.route: api/Auth/register
    http.response.status_code: 200
Resource associated with Activity:
    deployment.environment: Testing
    service.name: Crud.Api
    service.version: 1.0.0
    service.instance.id: 15081513-c9e4-4e0d-aac5-97a71d5ef649
    telemetry.sdk.name: opentelemetry
    telemetry.sdk.language: dotnet
    telemetry.sdk.version: 1.8.1
[05:34:08 DBG] Cache miss for key: list:role {"SourceContext": "Infrastructure.Services.Caching.InMemoryCacheService", "ActionId": "5ce35aa0-2733-4cf4-8fc0-102d0b186ddd", "ActionName": "Api.Controllers.RolesController.List (Api)", "RequestId": "0HNFGUJ46SEU0", "RequestPath": "/api/roles", "Application": "Crud.Api"}
[05:34:08 DBG] Set cache value for key: list:role {"SourceContext": "Infrastructure.Services.Caching.InMemoryCacheService", "ActionId": "5ce35aa0-2733-4cf4-8fc0-102d0b186ddd", "ActionName": "Api.Controllers.RolesController.List (Api)", "RequestId": "0HNFGUJ46SEU0", "RequestPath": "/api/roles", "Application": "Crud.Api"}
Activity.TraceId:            f661f0732d5c961433f49275b2349d73
Activity.SpanId:             746d9ee1cead8b74
Activity.TraceFlags:         Recorded
Activity.ActivitySourceName: Microsoft.AspNetCore
Activity.DisplayName:        GET api/Roles
Activity.Kind:               Server
Activity.StartTime:          2025-09-11T05:34:08.1300850Z
Activity.Duration:           00:00:00.0059664
Activity.Tags:
    server.address: localhost
    http.request.method: GET
    url.scheme: http
    url.path: /api/roles
    network.protocol.version: 1.1
    http.route: api/Roles
    http.response.status_code: 200
Resource associated with Activity:
    deployment.environment: Testing
    service.name: Crud.Api
    service.version: 1.0.0
    service.instance.id: 15081513-c9e4-4e0d-aac5-97a71d5ef649
    telemetry.sdk.name: opentelemetry
    telemetry.sdk.language: dotnet
    telemetry.sdk.version: 1.8.1
[05:34:08 INF] Resetting database for worker 14854 {"SourceContext": "Infrastructure.Services.DatabaseTestService", "Application": "Crud.Api"}
[05:34:08 INF] Resetting database via file deletion for worker 14854 in CI environment {"SourceContext": "Infrastructure.Services.DatabaseTestService", "Application": "Crud.Api"}
[05:34:08 INF] Acquiring database mutex for worker 14854... {"SourceContext": "Infrastructure.Services.DatabaseTestService", "Application": "Crud.Api"}
[05:34:08 INF] Database mutex acquired for worker 14854 {"SourceContext": "Infrastructure.Services.DatabaseTestService", "Application": "Crud.Api"}
[05:34:08 INF] Current database state - CanConnect: True {"SourceContext": "Infrastructure.Services.DatabaseTestService", "Application": "Crud.Api"}
[05:34:08 INF] [Phase 0] Closing database connection for worker 14854... {"SourceContext": "Infrastructure.Services.DatabaseTestService", "Application": "Crud.Api"}
[05:34:08 INF] [Phase 0] Connection closed in 0.0006ms {"SourceContext": "Infrastructure.Services.DatabaseTestService", "Application": "Crud.Api"}
[05:34:08 INF] [Phase 1] Starting EnsureDeletedAsync for worker 14854... {"SourceContext": "Infrastructure.Services.DatabaseTestService", "Application": "Crud.Api"}
[05:34:08 INF] [Phase 1] EnsureDeletedAsync completed in 1.7508ms {"SourceContext": "Infrastructure.Services.DatabaseTestService", "Application": "Crud.Api"}
[05:34:08 INF] [Phase 2] Starting EnsureCreatedAsync for worker 14854... {"SourceContext": "Infrastructure.Services.DatabaseTestService", "Application": "Crud.Api"}
[05:34:08 INF] [Phase 2] EnsureCreatedAsync completed in 8.0677ms {"SourceContext": "Infrastructure.Services.DatabaseTestService", "Application": "Crud.Api"}
[05:34:08 INF] [Phase 3] Skipping database seeding as requested for worker 14854 {"SourceContext": "Infrastructure.Services.DatabaseTestService", "Application": "Crud.Api"}
[05:34:08 INF] Database reset via file deletion completed for worker 14854 in 109.9599ms (Close: 0.0006ms, Delete: 1.7508ms, Create: 8.0677ms) {"SourceContext": "Infrastructure.Services.DatabaseTestService", "Application": "Crud.Api"}
[05:34:08 INF] Releasing database mutex for worker 14854 {"SourceContext": "Infrastructure.Services.DatabaseTestService", "Application": "Crud.Api"}
[05:34:08 INF] User registered successfully: 847407e5-21d7-4e03-824e-c96537ca2706 {"SourceContext": "App.Features.Authentication.RegisterUserCommandHandler", "ActionId": "d9e742a6-8dbb-49b1-814c-578a8a5851eb", "ActionName": "Api.Controllers.AuthController.Register (Api)", "RequestId": "0HNFGUJ46SEU1", "RequestPath": "/api/auth/register", "Application": "Crud.Api"}
Activity.TraceId:            410764c280008f3fb58be67fae7199d3
Activity.SpanId:             249250fc8a4131f1
Activity.TraceFlags:         Recorded
Activity.ActivitySourceName: Microsoft.AspNetCore
Activity.DisplayName:        POST api/Auth/register
Activity.Kind:               Server
Activity.StartTime:          2025-09-11T05:34:08.2530576Z
Activity.Duration:           00:00:00.2965711
Activity.Tags:
    server.address: localhost
    http.request.method: POST
    url.scheme: http
    url.path: /api/auth/register
    network.protocol.version: 1.1
    http.route: api/Auth/register
    http.response.status_code: 200
Resource associated with Activity:
    deployment.environment: Testing
    service.name: Crud.Api
    service.version: 1.0.0
    service.instance.id: 15081513-c9e4-4e0d-aac5-97a71d5ef649
    telemetry.sdk.name: opentelemetry
    telemetry.sdk.language: dotnet
    telemetry.sdk.version: 1.8.1
[05:34:08 INF] User logged in successfully: 847407e5-21d7-4e03-824e-c96537ca2706 {"SourceContext": "App.Features.Authentication.LoginCommandHandler", "ActionId": "054df3c2-8ba7-4a25-8085-c4edc1366f3f", "ActionName": "Api.Controllers.AuthController.Login (Api)", "RequestId": "0HNFGUJ46SEU2", "RequestPath": "/api/auth/login", "Application": "Crud.Api"}
Activity.TraceId:            40e315ffc8fb5109b38491eda4cfa276
Activity.SpanId:             9e7b74a63194581b
Activity.TraceFlags:         Recorded
Activity.ActivitySourceName: Microsoft.AspNetCore
Activity.DisplayName:        POST api/Auth/login
Activity.Kind:               Server
Activity.StartTime:          2025-09-11T05:34:08.5513285Z
Activity.Duration:           00:00:00.2977539
Activity.Tags:
    server.address: localhost
    http.request.method: POST
    url.scheme: http
    url.path: /api/auth/login
    network.protocol.version: 1.1
    http.route: api/Auth/login
    http.response.status_code: 200
Resource associated with Activity:
    deployment.environment: Testing
    service.name: Crud.Api
    service.version: 1.0.0
    service.instance.id: 15081513-c9e4-4e0d-aac5-97a71d5ef649
    telemetry.sdk.name: opentelemetry
    telemetry.sdk.language: dotnet
    telemetry.sdk.version: 1.8.1
[05:34:08 DBG] Cache miss for key: name:role:todelete {"SourceContext": "Infrastructure.Services.Caching.InMemoryCacheService", "ActionId": "fdae7a20-77b1-49c0-a788-fa1fa241b31c", "ActionName": "Api.Controllers.RolesController.Create (Api)", "RequestId": "0HNFGUJ46SEU3", "RequestPath": "/api/roles", "Application": "Crud.Api"}
[05:34:08 DBG] Removed cache value for key: entity:role:5ab592bd120e4afaac8377b6c273ea22 {"SourceContext": "Infrastructure.Services.Caching.InMemoryCacheService", "ActionId": "fdae7a20-77b1-49c0-a788-fa1fa241b31c", "ActionName": "Api.Controllers.RolesController.Create (Api)", "RequestId": "0HNFGUJ46SEU3", "RequestPath": "/api/roles", "Application": "Crud.Api"}
[05:34:08 DBG] Removed cache value for key: list:role {"SourceContext": "Infrastructure.Services.Caching.InMemoryCacheService", "ActionId": "fdae7a20-77b1-49c0-a788-fa1fa241b31c", "ActionName": "Api.Controllers.RolesController.Create (Api)", "RequestId": "0HNFGUJ46SEU3", "RequestPath": "/api/roles", "Application": "Crud.Api"}
[05:34:08 DBG] Invalidating cache for entity type: roles with tag: roles {"SourceContext": "Api.Services.OutputCacheInvalidationService", "ActionId": "fdae7a20-77b1-49c0-a788-fa1fa241b31c", "ActionName": "Api.Controllers.RolesController.Create (Api)", "RequestId": "0HNFGUJ46SEU3", "RequestPath": "/api/roles", "Application": "Crud.Api"}
[05:34:08 INF] Successfully invalidated cache for entity type: roles {"SourceContext": "Api.Services.OutputCacheInvalidationService", "ActionId": "fdae7a20-77b1-49c0-a788-fa1fa241b31c", "ActionName": "Api.Controllers.RolesController.Create (Api)", "RequestId": "0HNFGUJ46SEU3", "RequestPath": "/api/roles", "Application": "Crud.Api"}
Activity.TraceId:            d486366d2e2f6c0700588be5fcf40486
Activity.SpanId:             5952cc7a9dc7b772
Activity.TraceFlags:         Recorded
Activity.ActivitySourceName: Microsoft.AspNetCore
Activity.DisplayName:        POST api/Roles
Activity.Kind:               Server
Activity.StartTime:          2025-09-11T05:34:08.8502013Z
Activity.Duration:           00:00:00.0039591
Activity.Tags:
    server.address: localhost
    http.request.method: POST
    url.scheme: http
    url.path: /api/roles
    network.protocol.version: 1.1
    http.route: api/Roles
    http.response.status_code: 201
Resource associated with Activity:
    deployment.environment: Testing
    service.name: Crud.Api
    service.version: 1.0.0
    service.instance.id: 15081513-c9e4-4e0d-aac5-97a71d5ef649
    telemetry.sdk.name: opentelemetry
    telemetry.sdk.language: dotnet
    telemetry.sdk.version: 1.8.1
[05:34:09 INF] User registered successfully: c326dbe8-6cdd-4480-8503-a148fff7c7bf {"SourceContext": "App.Features.Authentication.RegisterUserCommandHandler", "ActionId": "d9e742a6-8dbb-49b1-814c-578a8a5851eb", "ActionName": "Api.Controllers.AuthController.Register (Api)", "RequestId": "0HNFGUJ46SEU4", "RequestPath": "/api/auth/register", "Application": "Crud.Api"}
Activity.TraceId:            da76d4b1697c35764390dded26ab6de4
Activity.SpanId:             489abb6f90c9d9df
Activity.TraceFlags:         Recorded
Activity.ActivitySourceName: Microsoft.AspNetCore
Activity.DisplayName:        POST api/Auth/register
Activity.Kind:               Server
Activity.StartTime:          2025-09-11T05:34:08.8551396Z
Activity.Duration:           00:00:00.2972416
Activity.Tags:
    server.address: localhost
    http.request.method: POST
    url.scheme: http
    url.path: /api/auth/register
    network.protocol.version: 1.1
    http.route: api/Auth/register
    http.response.status_code: 200
Resource associated with Activity:
    deployment.environment: Testing
    service.name: Crud.Api
    service.version: 1.0.0
    service.instance.id: 15081513-c9e4-4e0d-aac5-97a71d5ef649
    telemetry.sdk.name: opentelemetry
    telemetry.sdk.language: dotnet
    telemetry.sdk.version: 1.8.1
[05:34:09 INF] User logged in successfully: c326dbe8-6cdd-4480-8503-a148fff7c7bf {"SourceContext": "App.Features.Authentication.LoginCommandHandler", "ActionId": "054df3c2-8ba7-4a25-8085-c4edc1366f3f", "ActionName": "Api.Controllers.AuthController.Login (Api)", "RequestId": "0HNFGUJ46SEU5", "RequestPath": "/api/auth/login", "Application": "Crud.Api"}
Activity.TraceId:            7329f70077a854b21e53d849b54b63e0
Activity.SpanId:             5d2cc41b94122805
Activity.TraceFlags:         Recorded
Activity.ActivitySourceName: Microsoft.AspNetCore
Activity.DisplayName:        POST api/Auth/login
Activity.Kind:               Server
Activity.StartTime:          2025-09-11T05:34:09.1534326Z
Activity.Duration:           00:00:00.2960734
Activity.Tags:
    server.address: localhost
    http.request.method: POST
    url.scheme: http
    url.path: /api/auth/login
    network.protocol.version: 1.1
    http.route: api/Auth/login
    http.response.status_code: 200
Resource associated with Activity:
    deployment.environment: Testing
    service.name: Crud.Api
    service.version: 1.0.0
    service.instance.id: 15081513-c9e4-4e0d-aac5-97a71d5ef649
    telemetry.sdk.name: opentelemetry
    telemetry.sdk.language: dotnet
    telemetry.sdk.version: 1.8.1
[05:34:09 DBG] Removed cache value for key: entity:role:5ab592bd120e4afaac8377b6c273ea22 {"SourceContext": "Infrastructure.Services.Caching.InMemoryCacheService", "ActionId": "dae7e389-cdba-4a9c-82bc-ff3ca1df3951", "ActionName": "Api.Controllers.RolesController.Delete (Api)", "RequestId": "0HNFGUJ46SEU6", "RequestPath": "/api/roles/5ab592bd-120e-4afa-ac83-77b6c273ea22", "Application": "Crud.Api"}
[05:34:09 DBG] Removed cache value for key: list:role {"SourceContext": "Infrastructure.Services.Caching.InMemoryCacheService", "ActionId": "dae7e389-cdba-4a9c-82bc-ff3ca1df3951", "ActionName": "Api.Controllers.RolesController.Delete (Api)", "RequestId": "0HNFGUJ46SEU6", "RequestPath": "/api/roles/5ab592bd-120e-4afa-ac83-77b6c273ea22", "Application": "Crud.Api"}
[05:34:09 DBG] Invalidating cache for entity: roles/5ab592bd-120e-4afa-ac83-77b6c273ea22 with tags: roles, roles:5ab592bd-120e-4afa-ac83-77b6c273ea22 {"SourceContext": "Api.Services.OutputCacheInvalidationService", "ActionId": "dae7e389-cdba-4a9c-82bc-ff3ca1df3951", "ActionName": "Api.Controllers.RolesController.Delete (Api)", "RequestId": "0HNFGUJ46SEU6", "RequestPath": "/api/roles/5ab592bd-120e-4afa-ac83-77b6c273ea22", "Application": "Crud.Api"}
[05:34:09 DBG] Successfully invalidated cache for tag: roles {"SourceContext": "Api.Services.OutputCacheInvalidationService", "ActionId": "dae7e389-cdba-4a9c-82bc-ff3ca1df3951", "ActionName": "Api.Controllers.RolesController.Delete (Api)", "RequestId": "0HNFGUJ46SEU6", "RequestPath": "/api/roles/5ab592bd-120e-4afa-ac83-77b6c273ea22", "Application": "Crud.Api"}
[05:34:09 DBG] Successfully invalidated cache for tag: roles:5ab592bd-120e-4afa-ac83-77b6c273ea22 {"SourceContext": "Api.Services.OutputCacheInvalidationService", "ActionId": "dae7e389-cdba-4a9c-82bc-ff3ca1df3951", "ActionName": "Api.Controllers.RolesController.Delete (Api)", "RequestId": "0HNFGUJ46SEU6", "RequestPath": "/api/roles/5ab592bd-120e-4afa-ac83-77b6c273ea22", "Application": "Crud.Api"}
Activity.TraceId:            1a2149ac6a2c1f9d7b3bd5a24bfd28fe
Activity.SpanId:             93516733500513cc
Activity.TraceFlags:         Recorded
Activity.ActivitySourceName: Microsoft.AspNetCore
Activity.DisplayName:        DELETE api/Roles/{id:guid}
Activity.Kind:               Server
Activity.StartTime:          2025-09-11T05:34:09.4497192Z
Activity.Duration:           00:00:00.0119041
Activity.Tags:
    server.address: localhost
    http.request.method: DELETE
    url.scheme: http
    url.path: /api/roles/5ab592bd-120e-4afa-ac83-77b6c273ea22
    network.protocol.version: 1.1
    http.route: api/Roles/{id:guid}
    http.response.status_code: 204
Resource associated with Activity:
    deployment.environment: Testing
    service.name: Crud.Api
    service.version: 1.0.0
    service.instance.id: 15081513-c9e4-4e0d-aac5-97a71d5ef649
    telemetry.sdk.name: opentelemetry
    telemetry.sdk.language: dotnet
    telemetry.sdk.version: 1.8.1
[05:34:09 INF] User registered successfully: 456c68af-0500-402c-b7fc-0be44ec23d39 {"SourceContext": "App.Features.Authentication.RegisterUserCommandHandler", "ActionId": "d9e742a6-8dbb-49b1-814c-578a8a5851eb", "ActionName": "Api.Controllers.AuthController.Register (Api)", "RequestId": "0HNFGUJ46SEU7", "RequestPath": "/api/auth/register", "Application": "Crud.Api"}
Activity.TraceId:            60613e415fd5c02cb0f9467f52a29edf
Activity.SpanId:             b95c5b8d13c92612
Activity.TraceFlags:         Recorded
Activity.ActivitySourceName: Microsoft.AspNetCore
Activity.DisplayName:        POST api/Auth/register
Activity.Kind:               Server
Activity.StartTime:          2025-09-11T05:34:09.4619475Z
Activity.Duration:           00:00:00.2965133
Activity.Tags:
    server.address: localhost
    http.request.method: POST
    url.scheme: http
    url.path: /api/auth/register
    network.protocol.version: 1.1
    http.route: api/Auth/register
    http.response.status_code: 200
Resource associated with Activity:
    deployment.environment: Testing
    service.name: Crud.Api
    service.version: 1.0.0
    service.instance.id: 15081513-c9e4-4e0d-aac5-97a71d5ef649
    telemetry.sdk.name: opentelemetry
    telemetry.sdk.language: dotnet
    telemetry.sdk.version: 1.8.1
[05:34:09 DBG] Cache miss for key: entity:role:5ab592bd120e4afaac8377b6c273ea22 {"SourceContext": "Infrastructure.Services.Caching.InMemoryCacheService", "ActionId": "8acb7026-b873-4eb8-9756-0d5af973bdea", "ActionName": "Api.Controllers.RolesController.Get (Api)", "RequestId": "0HNFGUJ46SEU8", "RequestPath": "/api/roles/5ab592bd-120e-4afa-ac83-77b6c273ea22", "Application": "Crud.Api"}
Activity.TraceId:            d154ed8c7f49265807bc974ba002a7bb
Activity.SpanId:             f2fa275a00a24385
Activity.TraceFlags:         Recorded
Activity.ActivitySourceName: Microsoft.AspNetCore
Activity.DisplayName:        GET api/Roles/{id:guid}
Activity.Kind:               Server
Activity.StartTime:          2025-09-11T05:34:09.7587782Z
Activity.Duration:           00:00:00.0175622
Activity.Tags:
    server.address: localhost
    http.request.method: GET
    url.scheme: http
    url.path: /api/roles/5ab592bd-120e-4afa-ac83-77b6c273ea22
    network.protocol.version: 1.1
    http.route: api/Roles/{id:guid}
    http.response.status_code: 404
Resource associated with Activity:
    deployment.environment: Testing
    service.name: Crud.Api
    service.version: 1.0.0
    service.instance.id: 15081513-c9e4-4e0d-aac5-97a71d5ef649
    telemetry.sdk.name: opentelemetry
    telemetry.sdk.language: dotnet
    telemetry.sdk.version: 1.8.1
[05:34:10 INF] User registered successfully: ac034e98-3016-43a2-af68-b22338d05a51 {"SourceContext": "App.Features.Authentication.RegisterUserCommandHandler", "ActionId": "d9e742a6-8dbb-49b1-814c-578a8a5851eb", "ActionName": "Api.Controllers.AuthController.Register (Api)", "RequestId": "0HNFGUJ46SEU9", "RequestPath": "/api/auth/register", "Application": "Crud.Api"}
Activity.TraceId:            b769e623a5a27270c596ea286e7fa1b6
Activity.SpanId:             3bcdc58cce222535
Activity.TraceFlags:         Recorded
Activity.ActivitySourceName: Microsoft.AspNetCore
Activity.DisplayName:        POST api/Auth/register
Activity.Kind:               Server
Activity.StartTime:          2025-09-11T05:34:09.7785392Z
Activity.Duration:           00:00:00.2995250
Activity.Tags:
    server.address: localhost
    http.request.method: POST
    url.scheme: http
    url.path: /api/auth/register
    network.protocol.version: 1.1
    http.route: api/Auth/register
    http.response.status_code: 200
Resource associated with Activity:
    deployment.environment: Testing
    service.name: Crud.Api
    service.version: 1.0.0
    service.instance.id: 15081513-c9e4-4e0d-aac5-97a71d5ef649
    telemetry.sdk.name: opentelemetry
    telemetry.sdk.language: dotnet
    telemetry.sdk.version: 1.8.1
[05:34:10 INF] User logged in successfully: ac034e98-3016-43a2-af68-b22338d05a51 {"SourceContext": "App.Features.Authentication.LoginCommandHandler", "ActionId": "054df3c2-8ba7-4a25-8085-c4edc1366f3f", "ActionName": "Api.Controllers.AuthController.Login (Api)", "RequestId": "0HNFGUJ46SEUA", "RequestPath": "/api/auth/login", "Application": "Crud.Api"}
Activity.TraceId:            68f5b9ce51d21c44f7034e0579ebbe86
Activity.SpanId:             1ab6267a3b1bc3a9
Activity.TraceFlags:         Recorded
Activity.ActivitySourceName: Microsoft.AspNetCore
Activity.DisplayName:        POST api/Auth/login
Activity.Kind:               Server
Activity.StartTime:          2025-09-11T05:34:10.0802609Z
Activity.Duration:           00:00:00.2961866
Activity.Tags:
    server.address: localhost
    http.request.method: POST
    url.scheme: http
    url.path: /api/auth/login
    network.protocol.version: 1.1
    http.route: api/Auth/login
    http.response.status_code: 200
Resource associated with Activity:
    deployment.environment: Testing
    service.name: Crud.Api
    service.version: 1.0.0
    service.instance.id: 15081513-c9e4-4e0d-aac5-97a71d5ef649
    telemetry.sdk.name: opentelemetry
    telemetry.sdk.language: dotnet
    telemetry.sdk.version: 1.8.1
[05:34:10 DBG] Cache miss for key: name:role:original {"SourceContext": "Infrastructure.Services.Caching.InMemoryCacheService", "ActionId": "fdae7a20-77b1-49c0-a788-fa1fa241b31c", "ActionName": "Api.Controllers.RolesController.Create (Api)", "RequestId": "0HNFGUJ46SEUB", "RequestPath": "/api/roles", "Application": "Crud.Api"}
[05:34:10 DBG] Removed cache value for key: entity:role:7380f801da094caf8825bcbe3466f424 {"SourceContext": "Infrastructure.Services.Caching.InMemoryCacheService", "ActionId": "fdae7a20-77b1-49c0-a788-fa1fa241b31c", "ActionName": "Api.Controllers.RolesController.Create (Api)", "RequestId": "0HNFGUJ46SEUB", "RequestPath": "/api/roles", "Application": "Crud.Api"}
[05:34:10 DBG] Removed cache value for key: list:role {"SourceContext": "Infrastructure.Services.Caching.InMemoryCacheService", "ActionId": "fdae7a20-77b1-49c0-a788-fa1fa241b31c", "ActionName": "Api.Controllers.RolesController.Create (Api)", "RequestId": "0HNFGUJ46SEUB", "RequestPath": "/api/roles", "Application": "Crud.Api"}
[05:34:10 DBG] Invalidating cache for entity type: roles with tag: roles {"SourceContext": "Api.Services.OutputCacheInvalidationService", "ActionId": "fdae7a20-77b1-49c0-a788-fa1fa241b31c", "ActionName": "Api.Controllers.RolesController.Create (Api)", "RequestId": "0HNFGUJ46SEUB", "RequestPath": "/api/roles", "Application": "Crud.Api"}
[05:34:10 INF] Successfully invalidated cache for entity type: roles {"SourceContext": "Api.Services.OutputCacheInvalidationService", "ActionId": "fdae7a20-77b1-49c0-a788-fa1fa241b31c", "ActionName": "Api.Controllers.RolesController.Create (Api)", "RequestId": "0HNFGUJ46SEUB", "RequestPath": "/api/roles", "Application": "Crud.Api"}
Activity.TraceId:            f61d256f7935aaf3acad39393f89950f
Activity.SpanId:             f5dc044242707ff7
Activity.TraceFlags:         Recorded
Activity.ActivitySourceName: Microsoft.AspNetCore
Activity.DisplayName:        POST api/Roles
Activity.Kind:               Server
Activity.StartTime:          2025-09-11T05:34:10.3775609Z
Activity.Duration:           00:00:00.0024446
Activity.Tags:
    server.address: localhost
    http.request.method: POST
    url.scheme: http
    url.path: /api/roles
    network.protocol.version: 1.1
    http.route: api/Roles
    http.response.status_code: 201
Resource associated with Activity:
    deployment.environment: Testing
    service.name: Crud.Api
    service.version: 1.0.0
    service.instance.id: 15081513-c9e4-4e0d-aac5-97a71d5ef649
    telemetry.sdk.name: opentelemetry
    telemetry.sdk.language: dotnet
    telemetry.sdk.version: 1.8.1
[05:34:10 INF] User registered successfully: a2389622-e575-415a-9c48-d4240fba69b9 {"SourceContext": "App.Features.Authentication.RegisterUserCommandHandler", "ActionId": "d9e742a6-8dbb-49b1-814c-578a8a5851eb", "ActionName": "Api.Controllers.AuthController.Register (Api)", "RequestId": "0HNFGUJ46SEUC", "RequestPath": "/api/auth/register", "Application": "Crud.Api"}
Activity.TraceId:            479023368115a1c4daadfc6cd32afd57
Activity.SpanId:             7e2fe57a34384fd0
Activity.TraceFlags:         Recorded
Activity.ActivitySourceName: Microsoft.AspNetCore
Activity.DisplayName:        POST api/Auth/register
Activity.Kind:               Server
Activity.StartTime:          2025-09-11T05:34:10.3824880Z
Activity.Duration:           00:00:00.3073994
Activity.Tags:
    server.address: localhost
    http.request.method: POST
    url.scheme: http
    url.path: /api/auth/register
    network.protocol.version: 1.1
    http.route: api/Auth/register
    http.response.status_code: 200
Resource associated with Activity:
    deployment.environment: Testing
    service.name: Crud.Api
    service.version: 1.0.0
    service.instance.id: 15081513-c9e4-4e0d-aac5-97a71d5ef649
    telemetry.sdk.name: opentelemetry
    telemetry.sdk.language: dotnet
    telemetry.sdk.version: 1.8.1
[05:34:10 INF] User logged in successfully: a2389622-e575-415a-9c48-d4240fba69b9 {"SourceContext": "App.Features.Authentication.LoginCommandHandler", "ActionId": "054df3c2-8ba7-4a25-8085-c4edc1366f3f", "ActionName": "Api.Controllers.AuthController.Login (Api)", "RequestId": "0HNFGUJ46SEUD", "RequestPath": "/api/auth/login", "Application": "Crud.Api"}
Activity.TraceId:            c588b0a533c2594884ff42447d670e67
Activity.SpanId:             6160e8f5d52dcd3f
Activity.TraceFlags:         Recorded
Activity.ActivitySourceName: Microsoft.AspNetCore
Activity.DisplayName:        POST api/Auth/login
Activity.Kind:               Server
Activity.StartTime:          2025-09-11T05:34:10.6910210Z
Activity.Duration:           00:00:00.2964314
Activity.Tags:
    server.address: localhost
    http.request.method: POST
    url.scheme: http
    url.path: /api/auth/login
    network.protocol.version: 1.1
    http.route: api/Auth/login
    http.response.status_code: 200
Resource associated with Activity:
    deployment.environment: Testing
    service.name: Crud.Api
    service.version: 1.0.0
    service.instance.id: 15081513-c9e4-4e0d-aac5-97a71d5ef649
    telemetry.sdk.name: opentelemetry
    telemetry.sdk.language: dotnet
    telemetry.sdk.version: 1.8.1
[05:34:10 DBG] Cache miss for key: entity:role:7380f801da094caf8825bcbe3466f424 {"SourceContext": "Infrastructure.Services.Caching.InMemoryCacheService", "ActionId": "3a9983b2-4aa2-46d4-9310-4dbd09d5b040", "ActionName": "Api.Controllers.RolesController.Update (Api)", "RequestId": "0HNFGUJ46SEUE", "RequestPath": "/api/roles/7380f801-da09-4caf-8825-bcbe3466f424", "Application": "Crud.Api"}
[05:34:10 DBG] Set cache value for key: entity:role:7380f801da094caf8825bcbe3466f424 {"SourceContext": "Infrastructure.Services.Caching.InMemoryCacheService", "ActionId": "3a9983b2-4aa2-46d4-9310-4dbd09d5b040", "ActionName": "Api.Controllers.RolesController.Update (Api)", "RequestId": "0HNFGUJ46SEUE", "RequestPath": "/api/roles/7380f801-da09-4caf-8825-bcbe3466f424", "Application": "Crud.Api"}
[05:34:10 DBG] Removed cache value for key: entity:role:7380f801da094caf8825bcbe3466f424 {"SourceContext": "Infrastructure.Services.Caching.InMemoryCacheService", "ActionId": "3a9983b2-4aa2-46d4-9310-4dbd09d5b040", "ActionName": "Api.Controllers.RolesController.Update (Api)", "RequestId": "0HNFGUJ46SEUE", "RequestPath": "/api/roles/7380f801-da09-4caf-8825-bcbe3466f424", "Application": "Crud.Api"}
[05:34:10 DBG] Removed cache value for key: list:role {"SourceContext": "Infrastructure.Services.Caching.InMemoryCacheService", "ActionId": "3a9983b2-4aa2-46d4-9310-4dbd09d5b040", "ActionName": "Api.Controllers.RolesController.Update (Api)", "RequestId": "0HNFGUJ46SEUE", "RequestPath": "/api/roles/7380f801-da09-4caf-8825-bcbe3466f424", "Application": "Crud.Api"}
[05:34:10 DBG] Invalidating cache for entity: roles/7380f801-da09-4caf-8825-bcbe3466f424 with tags: roles, roles:7380f801-da09-4caf-8825-bcbe3466f424 {"SourceContext": "Api.Services.OutputCacheInvalidationService", "ActionId": "3a9983b2-4aa2-46d4-9310-4dbd09d5b040", "ActionName": "Api.Controllers.RolesController.Update (Api)", "RequestId": "0HNFGUJ46SEUE", "RequestPath": "/api/roles/7380f801-da09-4caf-8825-bcbe3466f424", "Application": "Crud.Api"}
[05:34:10 DBG] Successfully invalidated cache for tag: roles {"SourceContext": "Api.Services.OutputCacheInvalidationService", "ActionId": "3a9983b2-4aa2-46d4-9310-4dbd09d5b040", "ActionName": "Api.Controllers.RolesController.Update (Api)", "RequestId": "0HNFGUJ46SEUE", "RequestPath": "/api/roles/7380f801-da09-4caf-8825-bcbe3466f424", "Application": "Crud.Api"}
[05:34:10 DBG] Successfully invalidated cache for tag: roles:7380f801-da09-4caf-8825-bcbe3466f424 {"SourceContext": "Api.Services.OutputCacheInvalidationService", "ActionId": "3a9983b2-4aa2-46d4-9310-4dbd09d5b040", "ActionName": "Api.Controllers.RolesController.Update (Api)", "RequestId": "0HNFGUJ46SEUE", "RequestPath": "/api/roles/7380f801-da09-4caf-8825-bcbe3466f424", "Application": "Crud.Api"}
Activity.TraceId:            a072ed85dd59d8592406ed564b72c4f0
Activity.SpanId:             e7028340afd23748
Activity.TraceFlags:         Recorded
Activity.ActivitySourceName: Microsoft.AspNetCore
Activity.DisplayName:        PUT api/Roles/{id:guid}
Activity.Kind:               Server
Activity.StartTime:          2025-09-11T05:34:10.9896902Z
Activity.Duration:           00:00:00.0102016
Activity.Tags:
    server.address: localhost
    http.request.method: PUT
    url.scheme: http
    url.path: /api/roles/7380f801-da09-4caf-8825-bcbe3466f424
    network.protocol.version: 1.1
    http.route: api/Roles/{id:guid}
    http.response.status_code: 204
Resource associated with Activity:
    deployment.environment: Testing
    service.name: Crud.Api
    service.version: 1.0.0
    service.instance.id: 15081513-c9e4-4e0d-aac5-97a71d5ef649
    telemetry.sdk.name: opentelemetry
    telemetry.sdk.language: dotnet
    telemetry.sdk.version: 1.8.1
[05:34:11 INF] User registered successfully: 909cbf39-7c4d-4c95-8527-221fc4745da6 {"SourceContext": "App.Features.Authentication.RegisterUserCommandHandler", "ActionId": "d9e742a6-8dbb-49b1-814c-578a8a5851eb", "ActionName": "Api.Controllers.AuthController.Register (Api)", "RequestId": "0HNFGUJ46SEUF", "RequestPath": "/api/auth/register", "Application": "Crud.Api"}
Activity.TraceId:            8d4578b2d1af150cd5943f5d3dfa05ee
Activity.SpanId:             10e2cea8af0e96fc
Activity.TraceFlags:         Recorded
Activity.ActivitySourceName: Microsoft.AspNetCore
Activity.DisplayName:        POST api/Auth/register
Activity.Kind:               Server
Activity.StartTime:          2025-09-11T05:34:11.0000403Z
Activity.Duration:           00:00:00.2972221
Activity.Tags:
    server.address: localhost
    http.request.method: POST
    url.scheme: http
    url.path: /api/auth/register
    network.protocol.version: 1.1
    http.route: api/Auth/register
    http.response.status_code: 200
Resource associated with Activity:
    deployment.environment: Testing
    service.name: Crud.Api
    service.version: 1.0.0
    service.instance.id: 15081513-c9e4-4e0d-aac5-97a71d5ef649
    telemetry.sdk.name: opentelemetry
    telemetry.sdk.language: dotnet
    telemetry.sdk.version: 1.8.1
[05:34:11 DBG] Cache miss for key: entity:role:7380f801da094caf8825bcbe3466f424 {"SourceContext": "Infrastructure.Services.Caching.InMemoryCacheService", "ActionId": "8acb7026-b873-4eb8-9756-0d5af973bdea", "ActionName": "Api.Controllers.RolesController.Get (Api)", "RequestId": "0HNFGUJ46SEUG", "RequestPath": "/api/roles/7380f801-da09-4caf-8825-bcbe3466f424", "Application": "Crud.Api"}
[05:34:11 DBG] Set cache value for key: entity:role:7380f801da094caf8825bcbe3466f424 {"SourceContext": "Infrastructure.Services.Caching.InMemoryCacheService", "ActionId": "8acb7026-b873-4eb8-9756-0d5af973bdea", "ActionName": "Api.Controllers.RolesController.Get (Api)", "RequestId": "0HNFGUJ46SEUG", "RequestPath": "/api/roles/7380f801-da09-4caf-8825-bcbe3466f424", "Application": "Crud.Api"}
Activity.TraceId:            aaa254009c4a03b7b1db458ba8e40ab5
Activity.SpanId:             3ed6e463e75b90ed
Activity.TraceFlags:         Recorded
Activity.ActivitySourceName: Microsoft.AspNetCore
Activity.DisplayName:        GET api/Roles/{id:guid}
Activity.Kind:               Server
Activity.StartTime:          2025-09-11T05:34:11.2976822Z
Activity.Duration:           00:00:00.0027560
Activity.Tags:
    server.address: localhost
    http.request.method: GET
    url.scheme: http
    url.path: /api/roles/7380f801-da09-4caf-8825-bcbe3466f424
    network.protocol.version: 1.1
    http.route: api/Roles/{id:guid}
    http.response.status_code: 200
Resource associated with Activity:
    deployment.environment: Testing
    service.name: Crud.Api
    service.version: 1.0.0
    service.instance.id: 15081513-c9e4-4e0d-aac5-97a71d5ef649
    telemetry.sdk.name: opentelemetry
    telemetry.sdk.language: dotnet
    telemetry.sdk.version: 1.8.1
[05:34:11 INF] User registered successfully: 5920d896-bef0-4721-84e4-f70997cd7908 {"SourceContext": "App.Features.Authentication.RegisterUserCommandHandler", "ActionId": "d9e742a6-8dbb-49b1-814c-578a8a5851eb", "ActionName": "Api.Controllers.AuthController.Register (Api)", "RequestId": "0HNFGUJ46SEUH", "RequestPath": "/api/auth/register", "Application": "Crud.Api"}
Activity.TraceId:            0f43f52aa36334d558ea5670064a7692
Activity.SpanId:             9e043e20aa4eb4cd
Activity.TraceFlags:         Recorded
Activity.ActivitySourceName: Microsoft.AspNetCore
Activity.DisplayName:        POST api/Auth/register
Activity.Kind:               Server
Activity.StartTime:          2025-09-11T05:34:11.3024745Z
Activity.Duration:           00:00:00.2976958
Activity.Tags:
    server.address: localhost
    http.request.method: POST
    url.scheme: http
    url.path: /api/auth/register
    network.protocol.version: 1.1
    http.route: api/Auth/register
    http.response.status_code: 200
Resource associated with Activity:
    deployment.environment: Testing
    service.name: Crud.Api
    service.version: 1.0.0
    service.instance.id: 15081513-c9e4-4e0d-aac5-97a71d5ef649
    telemetry.sdk.name: opentelemetry
    telemetry.sdk.language: dotnet
    telemetry.sdk.version: 1.8.1
[05:34:11 INF] User logged in successfully: 5920d896-bef0-4721-84e4-f70997cd7908 {"SourceContext": "App.Features.Authentication.LoginCommandHandler", "ActionId": "054df3c2-8ba7-4a25-8085-c4edc1366f3f", "ActionName": "Api.Controllers.AuthController.Login (Api)", "RequestId": "0HNFGUJ46SEUI", "RequestPath": "/api/auth/login", "Application": "Crud.Api"}
Activity.TraceId:            2baaa77d6fc5412a57a673f30d64d62f
Activity.SpanId:             4f32f0ebf732e803
Activity.TraceFlags:         Recorded
Activity.ActivitySourceName: Microsoft.AspNetCore
Activity.DisplayName:        POST api/Auth/login
Activity.Kind:               Server
Activity.StartTime:          2025-09-11T05:34:11.6018803Z
Activity.Duration:           00:00:00.2977043
Activity.Tags:
    server.address: localhost
    http.request.method: POST
    url.scheme: http
    url.path: /api/auth/login
    network.protocol.version: 1.1
    http.route: api/Auth/login
    http.response.status_code: 200
Resource associated with Activity:
    deployment.environment: Testing
    service.name: Crud.Api
    service.version: 1.0.0
    service.instance.id: 15081513-c9e4-4e0d-aac5-97a71d5ef649
    telemetry.sdk.name: opentelemetry
    telemetry.sdk.language: dotnet
    telemetry.sdk.version: 1.8.1
[05:34:11 DBG] Cache miss for key: name:role:simplerole {"SourceContext": "Infrastructure.Services.Caching.InMemoryCacheService", "ActionId": "fdae7a20-77b1-49c0-a788-fa1fa241b31c", "ActionName": "Api.Controllers.RolesController.Create (Api)", "RequestId": "0HNFGUJ46SEUJ", "RequestPath": "/api/roles", "Application": "Crud.Api"}
[05:34:11 DBG] Removed cache value for key: entity:role:ad55e52f71e643dd915557fd320ae0a1 {"SourceContext": "Infrastructure.Services.Caching.InMemoryCacheService", "ActionId": "fdae7a20-77b1-49c0-a788-fa1fa241b31c", "ActionName": "Api.Controllers.RolesController.Create (Api)", "RequestId": "0HNFGUJ46SEUJ", "RequestPath": "/api/roles", "Application": "Crud.Api"}
[05:34:11 DBG] Removed cache value for key: list:role {"SourceContext": "Infrastructure.Services.Caching.InMemoryCacheService", "ActionId": "fdae7a20-77b1-49c0-a788-fa1fa241b31c", "ActionName": "Api.Controllers.RolesController.Create (Api)", "RequestId": "0HNFGUJ46SEUJ", "RequestPath": "/api/roles", "Application": "Crud.Api"}
[05:34:11 DBG] Invalidating cache for entity type: roles with tag: roles {"SourceContext": "Api.Services.OutputCacheInvalidationService", "ActionId": "fdae7a20-77b1-49c0-a788-fa1fa241b31c", "ActionName": "Api.Controllers.RolesController.Create (Api)", "RequestId": "0HNFGUJ46SEUJ", "RequestPath": "/api/roles", "Application": "Crud.Api"}
[05:34:11 INF] Successfully invalidated cache for entity type: roles {"SourceContext": "Api.Services.OutputCacheInvalidationService", "ActionId": "fdae7a20-77b1-49c0-a788-fa1fa241b31c", "ActionName": "Api.Controllers.RolesController.Create (Api)", "RequestId": "0HNFGUJ46SEUJ", "RequestPath": "/api/roles", "Application": "Crud.Api"}
Activity.TraceId:            cc08deb1171a92804767269441c2e73c
Activity.SpanId:             8db56c6fda296453
Activity.TraceFlags:         Recorded
Activity.ActivitySourceName: Microsoft.AspNetCore
Activity.DisplayName:        POST api/Roles
Activity.Kind:               Server
Activity.StartTime:          2025-09-11T05:34:11.9008209Z
Activity.Duration:           00:00:00.0025746
Activity.Tags:
    server.address: localhost
    http.request.method: POST
    url.scheme: http
    url.path: /api/roles
    network.protocol.version: 1.1
    http.route: api/Roles
    http.response.status_code: 201
Resource associated with Activity:
    deployment.environment: Testing
    service.name: Crud.Api
    service.version: 1.0.0
    service.instance.id: 15081513-c9e4-4e0d-aac5-97a71d5ef649
    telemetry.sdk.name: opentelemetry
    telemetry.sdk.language: dotnet
    telemetry.sdk.version: 1.8.1
[05:34:11 INF] Resetting database for worker 14854 {"SourceContext": "Infrastructure.Services.DatabaseTestService", "Application": "Crud.Api"}
[05:34:11 INF] Resetting database via file deletion for worker 14854 in CI environment {"SourceContext": "Infrastructure.Services.DatabaseTestService", "Application": "Crud.Api"}
[05:34:11 INF] Acquiring database mutex for worker 14854... {"SourceContext": "Infrastructure.Services.DatabaseTestService", "Application": "Crud.Api"}
[05:34:11 INF] Database mutex acquired for worker 14854 {"SourceContext": "Infrastructure.Services.DatabaseTestService", "Application": "Crud.Api"}
[05:34:11 INF] Current database state - CanConnect: True {"SourceContext": "Infrastructure.Services.DatabaseTestService", "Application": "Crud.Api"}
[05:34:11 INF] [Phase 0] Closing database connection for worker 14854... {"SourceContext": "Infrastructure.Services.DatabaseTestService", "Application": "Crud.Api"}
[05:34:11 INF] [Phase 0] Connection closed in 0.0006ms {"SourceContext": "Infrastructure.Services.DatabaseTestService", "Application": "Crud.Api"}
[05:34:11 INF] [Phase 1] Starting EnsureDeletedAsync for worker 14854... {"SourceContext": "Infrastructure.Services.DatabaseTestService", "Application": "Crud.Api"}
[05:34:11 INF] [Phase 1] EnsureDeletedAsync completed in 1.9593ms {"SourceContext": "Infrastructure.Services.DatabaseTestService", "Application": "Crud.Api"}
[05:34:12 INF] [Phase 2] Starting EnsureCreatedAsync for worker 14854... {"SourceContext": "Infrastructure.Services.DatabaseTestService", "Application": "Crud.Api"}
[05:34:12 INF] [Phase 2] EnsureCreatedAsync completed in 8.5004ms {"SourceContext": "Infrastructure.Services.DatabaseTestService", "Application": "Crud.Api"}
[05:34:12 INF] [Phase 3] Skipping database seeding as requested for worker 14854 {"SourceContext": "Infrastructure.Services.DatabaseTestService", "Application": "Crud.Api"}
[05:34:12 INF] Database reset via file deletion completed for worker 14854 in 110.7324ms (Close: 0.0006ms, Delete: 1.9593ms, Create: 8.5004ms) {"SourceContext": "Infrastructure.Services.DatabaseTestService", "Application": "Crud.Api"}
[05:34:12 INF] Releasing database mutex for worker 14854 {"SourceContext": "Infrastructure.Services.DatabaseTestService", "Application": "Crud.Api"}
[05:34:12 INF] User registered successfully: e9a44af9-873c-40ed-b06c-0cf6a0a99221 {"SourceContext": "App.Features.Authentication.RegisterUserCommandHandler", "ActionId": "d9e742a6-8dbb-49b1-814c-578a8a5851eb", "ActionName": "Api.Controllers.AuthController.Register (Api)", "RequestId": "0HNFGUJ46SEUK", "RequestPath": "/api/auth/register", "Application": "Crud.Api"}
Activity.TraceId:            e815c8ba7fb52fa8076775cc301c475e
Activity.SpanId:             6eeb73b8cb15104a
Activity.TraceFlags:         Recorded
Activity.ActivitySourceName: Microsoft.AspNetCore
Activity.DisplayName:        POST api/Auth/register
Activity.Kind:               Server
Activity.StartTime:          2025-09-11T05:34:12.0192094Z
Activity.Duration:           00:00:00.2966013
Activity.Tags:
    server.address: localhost
    http.request.method: POST
    url.scheme: http
    url.path: /api/auth/register
    network.protocol.version: 1.1
    http.route: api/Auth/register
    http.response.status_code: 200
Resource associated with Activity:
    deployment.environment: Testing
    service.name: Crud.Api
    service.version: 1.0.0
    service.instance.id: 15081513-c9e4-4e0d-aac5-97a71d5ef649
    telemetry.sdk.name: opentelemetry
    telemetry.sdk.language: dotnet
    telemetry.sdk.version: 1.8.1
[05:34:12 DBG] Cache miss for key: list:role {"SourceContext": "Infrastructure.Services.Caching.InMemoryCacheService", "ActionId": "5ce35aa0-2733-4cf4-8fc0-102d0b186ddd", "ActionName": "Api.Controllers.RolesController.List (Api)", "RequestId": "0HNFGUJ46SEUL", "RequestPath": "/api/roles", "Application": "Crud.Api"}
[05:34:12 DBG] Set cache value for key: list:role {"SourceContext": "Infrastructure.Services.Caching.InMemoryCacheService", "ActionId": "5ce35aa0-2733-4cf4-8fc0-102d0b186ddd", "ActionName": "Api.Controllers.RolesController.List (Api)", "RequestId": "0HNFGUJ46SEUL", "RequestPath": "/api/roles", "Application": "Crud.Api"}
Activity.TraceId:            fa5e976624837b909b875e544a0f6b87
Activity.SpanId:             7785f71e192fdf1b
Activity.TraceFlags:         Recorded
Activity.ActivitySourceName: Microsoft.AspNetCore
Activity.DisplayName:        GET api/Roles
Activity.Kind:               Server
Activity.StartTime:          2025-09-11T05:34:12.3160201Z
Activity.Duration:           00:00:00.0013211
Activity.Tags:
    server.address: localhost
    http.request.method: GET
    url.scheme: http
    url.path: /api/roles
    network.protocol.version: 1.1
    http.route: api/Roles
    http.response.status_code: 200
Resource associated with Activity:
    deployment.environment: Testing
    service.name: Crud.Api
    service.version: 1.0.0
    service.instance.id: 15081513-c9e4-4e0d-aac5-97a71d5ef649
    telemetry.sdk.name: opentelemetry
    telemetry.sdk.language: dotnet
    telemetry.sdk.version: 1.8.1
[05:34:12 INF] Resetting database for worker 14854 {"SourceContext": "Infrastructure.Services.DatabaseTestService", "Application": "Crud.Api"}
[05:34:12 INF] Resetting database via file deletion for worker 14854 in CI environment {"SourceContext": "Infrastructure.Services.DatabaseTestService", "Application": "Crud.Api"}
[05:34:12 INF] Acquiring database mutex for worker 14854... {"SourceContext": "Infrastructure.Services.DatabaseTestService", "Application": "Crud.Api"}
[05:34:12 INF] Database mutex acquired for worker 14854 {"SourceContext": "Infrastructure.Services.DatabaseTestService", "Application": "Crud.Api"}
[05:34:12 INF] Current database state - CanConnect: True {"SourceContext": "Infrastructure.Services.DatabaseTestService", "Application": "Crud.Api"}
[05:34:12 INF] [Phase 0] Closing database connection for worker 14854... {"SourceContext": "Infrastructure.Services.DatabaseTestService", "Application": "Crud.Api"}
[05:34:12 INF] [Phase 0] Connection closed in 0.0006ms {"SourceContext": "Infrastructure.Services.DatabaseTestService", "Application": "Crud.Api"}
[05:34:12 INF] [Phase 1] Starting EnsureDeletedAsync for worker 14854... {"SourceContext": "Infrastructure.Services.DatabaseTestService", "Application": "Crud.Api"}
[05:34:12 INF] [Phase 1] EnsureDeletedAsync completed in 1.5754ms {"SourceContext": "Infrastructure.Services.DatabaseTestService", "Application": "Crud.Api"}
[05:34:12 INF] [Phase 2] Starting EnsureCreatedAsync for worker 14854... {"SourceContext": "Infrastructure.Services.DatabaseTestService", "Application": "Crud.Api"}
[05:34:12 INF] [Phase 2] EnsureCreatedAsync completed in 9.0414ms {"SourceContext": "Infrastructure.Services.DatabaseTestService", "Application": "Crud.Api"}
[05:34:12 INF] [Phase 3] Skipping database seeding as requested for worker 14854 {"SourceContext": "Infrastructure.Services.DatabaseTestService", "Application": "Crud.Api"}
[05:34:12 INF] Database reset via file deletion completed for worker 14854 in 111.5754ms (Close: 0.0006ms, Delete: 1.5754ms, Create: 9.0414ms) {"SourceContext": "Infrastructure.Services.DatabaseTestService", "Application": "Crud.Api"}
[05:34:12 INF] Releasing database mutex for worker 14854 {"SourceContext": "Infrastructure.Services.DatabaseTestService", "Application": "Crud.Api"}
[05:34:12 INF] User registered successfully: 90f190b2-d6a3-403d-817b-6e657a16dc17 {"SourceContext": "App.Features.Authentication.RegisterUserCommandHandler", "ActionId": "d9e742a6-8dbb-49b1-814c-578a8a5851eb", "ActionName": "Api.Controllers.AuthController.Register (Api)", "RequestId": "0HNFGUJ46SEUM", "RequestPath": "/api/auth/register", "Application": "Crud.Api"}
Activity.TraceId:            a21a9a64db66a09153eb678a226d2c5d
Activity.SpanId:             3fdc2539ffe32ce1
Activity.TraceFlags:         Recorded
Activity.ActivitySourceName: Microsoft.AspNetCore
Activity.DisplayName:        POST api/Auth/register
Activity.Kind:               Server
Activity.StartTime:          2025-09-11T05:34:12.4343674Z
Activity.Duration:           00:00:00.2992809
Activity.Tags:
    server.address: localhost
    http.request.method: POST
    url.scheme: http
    url.path: /api/auth/register
    network.protocol.version: 1.1
    http.route: api/Auth/register
    http.response.status_code: 200
Resource associated with Activity:
    deployment.environment: Testing
    service.name: Crud.Api
    service.version: 1.0.0
    service.instance.id: 15081513-c9e4-4e0d-aac5-97a71d5ef649
    telemetry.sdk.name: opentelemetry
    telemetry.sdk.language: dotnet
    telemetry.sdk.version: 1.8.1
[05:34:13 INF] User logged in successfully: 90f190b2-d6a3-403d-817b-6e657a16dc17 {"SourceContext": "App.Features.Authentication.LoginCommandHandler", "ActionId": "054df3c2-8ba7-4a25-8085-c4edc1366f3f", "ActionName": "Api.Controllers.AuthController.Login (Api)", "RequestId": "0HNFGUJ46SEUN", "RequestPath": "/api/auth/login", "Application": "Crud.Api"}
Activity.TraceId:            bdaa7af88ed97653b410aa7bccbdd321
Activity.SpanId:             3fe6676275992248
Activity.TraceFlags:         Recorded
Activity.ActivitySourceName: Microsoft.AspNetCore
Activity.DisplayName:        POST api/Auth/login
Activity.Kind:               Server
Activity.StartTime:          2025-09-11T05:34:12.7352014Z
Activity.Duration:           00:00:00.2958577
Activity.Tags:
    server.address: localhost
    http.request.method: POST
    url.scheme: http
    url.path: /api/auth/login
    network.protocol.version: 1.1
    http.route: api/Auth/login
    http.response.status_code: 200
Resource associated with Activity:
    deployment.environment: Testing
    service.name: Crud.Api
    service.version: 1.0.0
    service.instance.id: 15081513-c9e4-4e0d-aac5-97a71d5ef649
    telemetry.sdk.name: opentelemetry
    telemetry.sdk.language: dotnet
    telemetry.sdk.version: 1.8.1
[05:34:13 DBG] Cache miss for key: name:role:persistent {"SourceContext": "Infrastructure.Services.Caching.InMemoryCacheService", "ActionId": "fdae7a20-77b1-49c0-a788-fa1fa241b31c", "ActionName": "Api.Controllers.RolesController.Create (Api)", "RequestId": "0HNFGUJ46SEUO", "RequestPath": "/api/roles", "Application": "Crud.Api"}
[05:34:13 DBG] Removed cache value for key: entity:role:85e72f328b5e44f0a13ed70bff177562 {"SourceContext": "Infrastructure.Services.Caching.InMemoryCacheService", "ActionId": "fdae7a20-77b1-49c0-a788-fa1fa241b31c", "ActionName": "Api.Controllers.RolesController.Create (Api)", "RequestId": "0HNFGUJ46SEUO", "RequestPath": "/api/roles", "Application": "Crud.Api"}
[05:34:13 DBG] Removed cache value for key: list:role {"SourceContext": "Infrastructure.Services.Caching.InMemoryCacheService", "ActionId": "fdae7a20-77b1-49c0-a788-fa1fa241b31c", "ActionName": "Api.Controllers.RolesController.Create (Api)", "RequestId": "0HNFGUJ46SEUO", "RequestPath": "/api/roles", "Application": "Crud.Api"}
[05:34:13 DBG] Invalidating cache for entity type: roles with tag: roles {"SourceContext": "Api.Services.OutputCacheInvalidationService", "ActionId": "fdae7a20-77b1-49c0-a788-fa1fa241b31c", "ActionName": "Api.Controllers.RolesController.Create (Api)", "RequestId": "0HNFGUJ46SEUO", "RequestPath": "/api/roles", "Application": "Crud.Api"}
[05:34:13 INF] Successfully invalidated cache for entity type: roles {"SourceContext": "Api.Services.OutputCacheInvalidationService", "ActionId": "fdae7a20-77b1-49c0-a788-fa1fa241b31c", "ActionName": "Api.Controllers.RolesController.Create (Api)", "RequestId": "0HNFGUJ46SEUO", "RequestPath": "/api/roles", "Application": "Crud.Api"}
Activity.TraceId:            22998bdbf7408f03c5b0123eb814b67b
Activity.SpanId:             0b93a5aa726862cd
Activity.TraceFlags:         Recorded
Activity.ActivitySourceName: Microsoft.AspNetCore
Activity.DisplayName:        POST api/Roles
Activity.Kind:               Server
Activity.StartTime:          2025-09-11T05:34:13.0319003Z
Activity.Duration:           00:00:00.0020159
Activity.Tags:
    server.address: localhost
    http.request.method: POST
    url.scheme: http
    url.path: /api/roles
    network.protocol.version: 1.1
    http.route: api/Roles
    http.response.status_code: 201
Resource associated with Activity:
    deployment.environment: Testing
    service.name: Crud.Api
    service.version: 1.0.0
    service.instance.id: 15081513-c9e4-4e0d-aac5-97a71d5ef649
    telemetry.sdk.name: opentelemetry
    telemetry.sdk.language: dotnet
    telemetry.sdk.version: 1.8.1
[05:34:13 INF] User registered successfully: 364a887e-00c3-4b0d-9ab5-85509bef47a7 {"SourceContext": "App.Features.Authentication.RegisterUserCommandHandler", "ActionId": "d9e742a6-8dbb-49b1-814c-578a8a5851eb", "ActionName": "Api.Controllers.AuthController.Register (Api)", "RequestId": "0HNFGUJ46SEUP", "RequestPath": "/api/auth/register", "Application": "Crud.Api"}
Activity.TraceId:            245fbdf8f9b947032f7ad381bbba7b6b
Activity.SpanId:             fec1935c289e8601
Activity.TraceFlags:         Recorded
Activity.ActivitySourceName: Microsoft.AspNetCore
Activity.DisplayName:        POST api/Auth/register
Activity.Kind:               Server
Activity.StartTime:          2025-09-11T05:34:13.0347790Z
Activity.Duration:           00:00:00.2962536
Activity.Tags:
    server.address: localhost
    http.request.method: POST
    url.scheme: http
    url.path: /api/auth/register
    network.protocol.version: 1.1
    http.route: api/Auth/register
    http.response.status_code: 200
Resource associated with Activity:
    deployment.environment: Testing
    service.name: Crud.Api
    service.version: 1.0.0
    service.instance.id: 15081513-c9e4-4e0d-aac5-97a71d5ef649
    telemetry.sdk.name: opentelemetry
    telemetry.sdk.language: dotnet
    telemetry.sdk.version: 1.8.1
[05:34:13 DBG] Cache miss for key: entity:role:85e72f328b5e44f0a13ed70bff177562 {"SourceContext": "Infrastructure.Services.Caching.InMemoryCacheService", "ActionId": "8acb7026-b873-4eb8-9756-0d5af973bdea", "ActionName": "Api.Controllers.RolesController.Get (Api)", "RequestId": "0HNFGUJ46SEUQ", "RequestPath": "/api/roles/85e72f32-8b5e-44f0-a13e-d70bff177562", "Application": "Crud.Api"}
[05:34:13 DBG] Set cache value for key: entity:role:85e72f328b5e44f0a13ed70bff177562 {"SourceContext": "Infrastructure.Services.Caching.InMemoryCacheService", "ActionId": "8acb7026-b873-4eb8-9756-0d5af973bdea", "ActionName": "Api.Controllers.RolesController.Get (Api)", "RequestId": "0HNFGUJ46SEUQ", "RequestPath": "/api/roles/85e72f32-8b5e-44f0-a13e-d70bff177562", "Application": "Crud.Api"}
Activity.TraceId:            9f6f9761f3d4d9a3e7f2ad7287ff5371
Activity.SpanId:             87574ce7355894a4
Activity.TraceFlags:         Recorded
Activity.ActivitySourceName: Microsoft.AspNetCore
Activity.DisplayName:        GET api/Roles/{id:guid}
Activity.Kind:               Server
Activity.StartTime:          2025-09-11T05:34:13.3313115Z
Activity.Duration:           00:00:00.0035610
Activity.Tags:
    server.address: localhost
    http.request.method: GET
    url.scheme: http
    url.path: /api/roles/85e72f32-8b5e-44f0-a13e-d70bff177562
    network.protocol.version: 1.1
    http.route: api/Roles/{id:guid}
    http.response.status_code: 200
Resource associated with Activity:
    deployment.environment: Testing
    service.name: Crud.Api
    service.version: 1.0.0
    service.instance.id: 15081513-c9e4-4e0d-aac5-97a71d5ef649
    telemetry.sdk.name: opentelemetry
    telemetry.sdk.language: dotnet
    telemetry.sdk.version: 1.8.1
[05:34:13 INF] Resetting database for worker 14854 {"SourceContext": "Infrastructure.Services.DatabaseTestService", "Application": "Crud.Api"}
[05:34:13 INF] Resetting database via file deletion for worker 14854 in CI environment {"SourceContext": "Infrastructure.Services.DatabaseTestService", "Application": "Crud.Api"}
[05:34:13 INF] Acquiring database mutex for worker 14854... {"SourceContext": "Infrastructure.Services.DatabaseTestService", "Application": "Crud.Api"}
[05:34:13 INF] Database mutex acquired for worker 14854 {"SourceContext": "Infrastructure.Services.DatabaseTestService", "Application": "Crud.Api"}
[05:34:13 INF] Current database state - CanConnect: True {"SourceContext": "Infrastructure.Services.DatabaseTestService", "Application": "Crud.Api"}
[05:34:13 INF] [Phase 0] Closing database connection for worker 14854... {"SourceContext": "Infrastructure.Services.DatabaseTestService", "Application": "Crud.Api"}
[05:34:13 INF] [Phase 0] Connection closed in 0.0006ms {"SourceContext": "Infrastructure.Services.DatabaseTestService", "Application": "Crud.Api"}
[05:34:13 INF] [Phase 1] Starting EnsureDeletedAsync for worker 14854... {"SourceContext": "Infrastructure.Services.DatabaseTestService", "Application": "Crud.Api"}
[05:34:13 INF] [Phase 1] EnsureDeletedAsync completed in 1.6052ms {"SourceContext": "Infrastructure.Services.DatabaseTestService", "Application": "Crud.Api"}
[05:34:13 INF] [Phase 2] Starting EnsureCreatedAsync for worker 14854... {"SourceContext": "Infrastructure.Services.DatabaseTestService", "Application": "Crud.Api"}
[05:34:13 INF] [Phase 2] EnsureCreatedAsync completed in 9.975ms {"SourceContext": "Infrastructure.Services.DatabaseTestService", "Application": "Crud.Api"}
[05:34:13 INF] [Phase 3] Skipping database seeding as requested for worker 14854 {"SourceContext": "Infrastructure.Services.DatabaseTestService", "Application": "Crud.Api"}
[05:34:13 INF] Database reset via file deletion completed for worker 14854 in 112.3882ms (Close: 0.0006ms, Delete: 1.6052ms, Create: 9.975ms) {"SourceContext": "Infrastructure.Services.DatabaseTestService", "Application": "Crud.Api"}
[05:34:13 INF] Releasing database mutex for worker 14854 {"SourceContext": "Infrastructure.Services.DatabaseTestService", "Application": "Crud.Api"}
[05:34:13 INF] User registered successfully: 58cd4ec0-13c8-481e-bf5e-8c4853679a85 {"SourceContext": "App.Features.Authentication.RegisterUserCommandHandler", "ActionId": "d9e742a6-8dbb-49b1-814c-578a8a5851eb", "ActionName": "Api.Controllers.AuthController.Register (Api)", "RequestId": "0HNFGUJ46SEUR", "RequestPath": "/api/auth/register", "Application": "Crud.Api"}
Activity.TraceId:            fca293b3bb044810ca1a67ffb96de748
Activity.SpanId:             a3e973704e4865a3
Activity.TraceFlags:         Recorded
Activity.ActivitySourceName: Microsoft.AspNetCore
Activity.DisplayName:        POST api/Auth/register
Activity.Kind:               Server
Activity.StartTime:          2025-09-11T05:34:13.4508331Z
Activity.Duration:           00:00:00.2978833
Activity.Tags:
    server.address: localhost
    http.request.method: POST
    url.scheme: http
    url.path: /api/auth/register
    network.protocol.version: 1.1
    http.route: api/Auth/register
    http.response.status_code: 200
Resource associated with Activity:
    deployment.environment: Testing
    service.name: Crud.Api
    service.version: 1.0.0
    service.instance.id: 15081513-c9e4-4e0d-aac5-97a71d5ef649
    telemetry.sdk.name: opentelemetry
    telemetry.sdk.language: dotnet
    telemetry.sdk.version: 1.8.1
[05:34:14 INF] User logged in successfully: 58cd4ec0-13c8-481e-bf5e-8c4853679a85 {"SourceContext": "App.Features.Authentication.LoginCommandHandler", "ActionId": "054df3c2-8ba7-4a25-8085-c4edc1366f3f", "ActionName": "Api.Controllers.AuthController.Login (Api)", "RequestId": "0HNFGUJ46SEUS", "RequestPath": "/api/auth/login", "Application": "Crud.Api"}
Activity.TraceId:            f00b96a0c31f8a11b7fe018aeedfec28
Activity.SpanId:             3cd0508c159e6b22
Activity.TraceFlags:         Recorded
Activity.ActivitySourceName: Microsoft.AspNetCore
Activity.DisplayName:        POST api/Auth/login
Activity.Kind:               Server
Activity.StartTime:          2025-09-11T05:34:13.7497575Z
Activity.Duration:           00:00:00.3029721
Activity.Tags:
    server.address: localhost
    http.request.method: POST
    url.scheme: http
    url.path: /api/auth/login
    network.protocol.version: 1.1
    http.route: api/Auth/login
    http.response.status_code: 200
Resource associated with Activity:
    deployment.environment: Testing
    service.name: Crud.Api
    service.version: 1.0.0
    service.instance.id: 15081513-c9e4-4e0d-aac5-97a71d5ef649
    telemetry.sdk.name: opentelemetry
    telemetry.sdk.language: dotnet
    telemetry.sdk.version: 1.8.1
Activity.TraceId:            3b93cd8b0c5d977ad2f0edca5f215c8a
Activity.SpanId:             ce67cdf4e593cabf
Activity.TraceFlags:         Recorded
Activity.ActivitySourceName: Microsoft.AspNetCore
Activity.DisplayName:        POST api/Roles
Activity.Kind:               Server
Activity.StartTime:          2025-09-11T05:34:14.0544120Z
Activity.Duration:           00:00:00.0045690
Activity.Tags:
    server.address: localhost
    http.request.method: POST
    url.scheme: http
    url.path: /api/roles
    network.protocol.version: 1.1
    http.route: api/Roles
    http.response.status_code: 400
Resource associated with Activity:
    deployment.environment: Testing
    service.name: Crud.Api
    service.version: 1.0.0
    service.instance.id: 15081513-c9e4-4e0d-aac5-97a71d5ef649
    telemetry.sdk.name: opentelemetry
    telemetry.sdk.language: dotnet
    telemetry.sdk.version: 1.8.1
[05:34:14 INF] Resetting database for worker 14854 {"SourceContext": "Infrastructure.Services.DatabaseTestService", "Application": "Crud.Api"}
[05:34:14 INF] Resetting database via file deletion for worker 14854 in CI environment {"SourceContext": "Infrastructure.Services.DatabaseTestService", "Application": "Crud.Api"}
[05:34:14 INF] Acquiring database mutex for worker 14854... {"SourceContext": "Infrastructure.Services.DatabaseTestService", "Application": "Crud.Api"}
[05:34:14 INF] Database mutex acquired for worker 14854 {"SourceContext": "Infrastructure.Services.DatabaseTestService", "Application": "Crud.Api"}
[05:34:14 INF] Current database state - CanConnect: True {"SourceContext": "Infrastructure.Services.DatabaseTestService", "Application": "Crud.Api"}
[05:34:14 INF] [Phase 0] Closing database connection for worker 14854... {"SourceContext": "Infrastructure.Services.DatabaseTestService", "Application": "Crud.Api"}
[05:34:14 INF] [Phase 0] Connection closed in 0.0012ms {"SourceContext": "Infrastructure.Services.DatabaseTestService", "Application": "Crud.Api"}
[05:34:14 INF] [Phase 1] Starting EnsureDeletedAsync for worker 14854... {"SourceContext": "Infrastructure.Services.DatabaseTestService", "Application": "Crud.Api"}
[05:34:14 INF] [Phase 1] EnsureDeletedAsync completed in 130.4786ms {"SourceContext": "Infrastructure.Services.DatabaseTestService", "Application": "Crud.Api"}
[05:34:14 INF] [Phase 2] Starting EnsureCreatedAsync for worker 14854... {"SourceContext": "Infrastructure.Services.DatabaseTestService", "Application": "Crud.Api"}
[05:34:14 INF] [Phase 2] EnsureCreatedAsync completed in 356.2103ms {"SourceContext": "Infrastructure.Services.DatabaseTestService", "Application": "Crud.Api"}
[05:34:14 INF] [Phase 3] Skipping database seeding as requested for worker 14854 {"SourceContext": "Infrastructure.Services.DatabaseTestService", "Application": "Crud.Api"}
[05:34:14 INF] Database reset via file deletion completed for worker 14854 in 587.5909ms (Close: 0.0012ms, Delete: 130.4786ms, Create: 356.2103ms) {"SourceContext": "Infrastructure.Services.DatabaseTestService", "Application": "Crud.Api"}
[05:34:14 INF] Releasing database mutex for worker 14854 {"SourceContext": "Infrastructure.Services.DatabaseTestService", "Application": "Crud.Api"}
[05:34:14 INF] Resetting database for worker 14854 {"SourceContext": "Infrastructure.Services.DatabaseTestService", "Application": "Crud.Api"}
[05:34:14 INF] Resetting database via file deletion for worker 14854 in CI environment {"SourceContext": "Infrastructure.Services.DatabaseTestService", "Application": "Crud.Api"}
[05:34:14 INF] Acquiring database mutex for worker 14854... {"SourceContext": "Infrastructure.Services.DatabaseTestService", "Application": "Crud.Api"}
[05:34:14 INF] Database mutex acquired for worker 14854 {"SourceContext": "Infrastructure.Services.DatabaseTestService", "Application": "Crud.Api"}
[05:34:14 INF] Current database state - CanConnect: True {"SourceContext": "Infrastructure.Services.DatabaseTestService", "Application": "Crud.Api"}
[05:34:14 INF] [Phase 0] Closing database connection for worker 14854... {"SourceContext": "Infrastructure.Services.DatabaseTestService", "Application": "Crud.Api"}
[05:34:14 INF] [Phase 0] Connection closed in 0.0007ms {"SourceContext": "Infrastructure.Services.DatabaseTestService", "Application": "Crud.Api"}
[05:34:14 INF] [Phase 1] Starting EnsureDeletedAsync for worker 14854... {"SourceContext": "Infrastructure.Services.DatabaseTestService", "Application": "Crud.Api"}
[05:34:14 INF] [Phase 1] EnsureDeletedAsync completed in 1.7557ms {"SourceContext": "Infrastructure.Services.DatabaseTestService", "Application": "Crud.Api"}
[05:34:14 INF] [Phase 2] Starting EnsureCreatedAsync for worker 14854... {"SourceContext": "Infrastructure.Services.DatabaseTestService", "Application": "Crud.Api"}
[05:34:14 INF] [Phase 2] EnsureCreatedAsync completed in 8.1203ms {"SourceContext": "Infrastructure.Services.DatabaseTestService", "Application": "Crud.Api"}
[05:34:14 INF] [Phase 3] Skipping database seeding as requested for worker 14854 {"SourceContext": "Infrastructure.Services.DatabaseTestService", "Application": "Crud.Api"}
[05:34:14 INF] Database reset via file deletion completed for worker 14854 in 111.8301ms (Close: 0.0007ms, Delete: 1.7557ms, Create: 8.1203ms) {"SourceContext": "Infrastructure.Services.DatabaseTestService", "Application": "Crud.Api"}
[05:34:14 INF] Releasing database mutex for worker 14854 {"SourceContext": "Infrastructure.Services.DatabaseTestService", "Application": "Crud.Api"}
[05:34:15 INF] User registered successfully: 555967fc-6781-46f9-b5c4-3fb7b5f170b7 {"SourceContext": "App.Features.Authentication.RegisterUserCommandHandler", "ActionId": "d9e742a6-8dbb-49b1-814c-578a8a5851eb", "ActionName": "Api.Controllers.AuthController.Register (Api)", "RequestId": "0HNFGUJ46SEUU", "RequestPath": "/api/auth/register", "Application": "Crud.Api"}
Activity.TraceId:            218805f92755b12baff560a5c2edd8d6
Activity.SpanId:             30ffd7902e7d68c7
Activity.TraceFlags:         Recorded
Activity.ActivitySourceName: Microsoft.AspNetCore
Activity.DisplayName:        POST api/Auth/register
Activity.Kind:               Server
Activity.StartTime:          2025-09-11T05:34:14.7632161Z
Activity.Duration:           00:00:00.2988264
Activity.Tags:
    server.address: localhost
    http.request.method: POST
    url.scheme: http
    url.path: /api/auth/register
    network.protocol.version: 1.1
    http.route: api/Auth/register
    http.response.status_code: 200
Resource associated with Activity:
    deployment.environment: Testing
    service.name: Crud.Api
    service.version: 1.0.0
    service.instance.id: 15081513-c9e4-4e0d-aac5-97a71d5ef649
    telemetry.sdk.name: opentelemetry
    telemetry.sdk.language: dotnet
    telemetry.sdk.version: 1.8.1
[05:34:15 INF] User logged in successfully: 555967fc-6781-46f9-b5c4-3fb7b5f170b7 {"SourceContext": "App.Features.Authentication.LoginCommandHandler", "ActionId": "054df3c2-8ba7-4a25-8085-c4edc1366f3f", "ActionName": "Api.Controllers.AuthController.Login (Api)", "RequestId": "0HNFGUJ46SEUV", "RequestPath": "/api/auth/login", "Application": "Crud.Api"}
Activity.TraceId:            60446ca11486a3c4da44ef118b0a5beb
Activity.SpanId:             1cfc65da00a0103e
Activity.TraceFlags:         Recorded
Activity.ActivitySourceName: Microsoft.AspNetCore
Activity.DisplayName:        POST api/Auth/login
Activity.Kind:               Server
Activity.StartTime:          2025-09-11T05:34:15.0642719Z
Activity.Duration:           00:00:00.2963140
Activity.Tags:
    server.address: localhost
    http.request.method: POST
    url.scheme: http
    url.path: /api/auth/login
    network.protocol.version: 1.1
    http.route: api/Auth/login
    http.response.status_code: 200
Resource associated with Activity:
    deployment.environment: Testing
    service.name: Crud.Api
    service.version: 1.0.0
    service.instance.id: 15081513-c9e4-4e0d-aac5-97a71d5ef649
    telemetry.sdk.name: opentelemetry
    telemetry.sdk.language: dotnet
    telemetry.sdk.version: 1.8.1
[05:34:15 DBG] Cache miss for key: name:role:administrator {"SourceContext": "Infrastructure.Services.Caching.InMemoryCacheService", "ActionId": "fdae7a20-77b1-49c0-a788-fa1fa241b31c", "ActionName": "Api.Controllers.RolesController.Create (Api)", "RequestId": "0HNFGUJ46SEV0", "RequestPath": "/api/roles", "Application": "Crud.Api"}
[05:34:15 DBG] Removed cache value for key: entity:role:b7ae8c610e414ed8a3e059af59513139 {"SourceContext": "Infrastructure.Services.Caching.InMemoryCacheService", "ActionId": "fdae7a20-77b1-49c0-a788-fa1fa241b31c", "ActionName": "Api.Controllers.RolesController.Create (Api)", "RequestId": "0HNFGUJ46SEV0", "RequestPath": "/api/roles", "Application": "Crud.Api"}
[05:34:15 DBG] Removed cache value for key: list:role {"SourceContext": "Infrastructure.Services.Caching.InMemoryCacheService", "ActionId": "fdae7a20-77b1-49c0-a788-fa1fa241b31c", "ActionName": "Api.Controllers.RolesController.Create (Api)", "RequestId": "0HNFGUJ46SEV0", "RequestPath": "/api/roles", "Application": "Crud.Api"}
[05:34:15 DBG] Invalidating cache for entity type: roles with tag: roles {"SourceContext": "Api.Services.OutputCacheInvalidationService", "ActionId": "fdae7a20-77b1-49c0-a788-fa1fa241b31c", "ActionName": "Api.Controllers.RolesController.Create (Api)", "RequestId": "0HNFGUJ46SEV0", "RequestPath": "/api/roles", "Application": "Crud.Api"}
[05:34:15 INF] Successfully invalidated cache for entity type: roles {"SourceContext": "Api.Services.OutputCacheInvalidationService", "ActionId": "fdae7a20-77b1-49c0-a788-fa1fa241b31c", "ActionName": "Api.Controllers.RolesController.Create (Api)", "RequestId": "0HNFGUJ46SEV0", "RequestPath": "/api/roles", "Application": "Crud.Api"}
Activity.TraceId:            123f56588c811a7f25725df269ce02bb
Activity.SpanId:             a57eade73bd9566d
Activity.TraceFlags:         Recorded
Activity.ActivitySourceName: Microsoft.AspNetCore
Activity.DisplayName:        POST api/Roles
Activity.Kind:               Server
Activity.StartTime:          2025-09-11T05:34:15.3608801Z
Activity.Duration:           00:00:00.0021034
Activity.Tags:
    server.address: localhost
    http.request.method: POST
    url.scheme: http
    url.path: /api/roles
    network.protocol.version: 1.1
    http.route: api/Roles
    http.response.status_code: 201
Resource associated with Activity:
    deployment.environment: Testing
    service.name: Crud.Api
    service.version: 1.0.0
    service.instance.id: 15081513-c9e4-4e0d-aac5-97a71d5ef649
    telemetry.sdk.name: opentelemetry
    telemetry.sdk.language: dotnet
    telemetry.sdk.version: 1.8.1
[05:34:15 INF] Resetting database for worker 14854 {"SourceContext": "Infrastructure.Services.DatabaseTestService", "Application": "Crud.Api"}
[05:34:15 INF] Resetting database via file deletion for worker 14854 in CI environment {"SourceContext": "Infrastructure.Services.DatabaseTestService", "Application": "Crud.Api"}
[05:34:15 INF] Acquiring database mutex for worker 14854... {"SourceContext": "Infrastructure.Services.DatabaseTestService", "Application": "Crud.Api"}
[05:34:15 INF] Database mutex acquired for worker 14854 {"SourceContext": "Infrastructure.Services.DatabaseTestService", "Application": "Crud.Api"}
[05:34:15 INF] Current database state - CanConnect: True {"SourceContext": "Infrastructure.Services.DatabaseTestService", "Application": "Crud.Api"}
[05:34:15 INF] [Phase 0] Closing database connection for worker 14854... {"SourceContext": "Infrastructure.Services.DatabaseTestService", "Application": "Crud.Api"}
[05:34:15 INF] [Phase 0] Connection closed in 0.0005ms {"SourceContext": "Infrastructure.Services.DatabaseTestService", "Application": "Crud.Api"}
[05:34:15 INF] [Phase 1] Starting EnsureDeletedAsync for worker 14854... {"SourceContext": "Infrastructure.Services.DatabaseTestService", "Application": "Crud.Api"}
[05:34:15 INF] [Phase 1] EnsureDeletedAsync completed in 1.7814ms {"SourceContext": "Infrastructure.Services.DatabaseTestService", "Application": "Crud.Api"}
[05:34:15 INF] [Phase 2] Starting EnsureCreatedAsync for worker 14854... {"SourceContext": "Infrastructure.Services.DatabaseTestService", "Application": "Crud.Api"}
[05:34:15 INF] [Phase 2] EnsureCreatedAsync completed in 8.2916ms {"SourceContext": "Infrastructure.Services.DatabaseTestService", "Application": "Crud.Api"}
[05:34:15 INF] [Phase 3] Skipping database seeding as requested for worker 14854 {"SourceContext": "Infrastructure.Services.DatabaseTestService", "Application": "Crud.Api"}
[05:34:15 INF] Database reset via file deletion completed for worker 14854 in 111.0157ms (Close: 0.0005ms, Delete: 1.7814ms, Create: 8.2916ms) {"SourceContext": "Infrastructure.Services.DatabaseTestService", "Application": "Crud.Api"}
[05:34:15 INF] Releasing database mutex for worker 14854 {"SourceContext": "Infrastructure.Services.DatabaseTestService", "Application": "Crud.Api"}
[05:34:15 INF] Resetting database for worker 14854 {"SourceContext": "Infrastructure.Services.DatabaseTestService", "Application": "Crud.Api"}
[05:34:15 INF] Resetting database via file deletion for worker 14854 in CI environment {"SourceContext": "Infrastructure.Services.DatabaseTestService", "Application": "Crud.Api"}
[05:34:15 INF] Acquiring database mutex for worker 14854... {"SourceContext": "Infrastructure.Services.DatabaseTestService", "Application": "Crud.Api"}
[05:34:15 INF] Database mutex acquired for worker 14854 {"SourceContext": "Infrastructure.Services.DatabaseTestService", "Application": "Crud.Api"}
[05:34:15 INF] Current database state - CanConnect: True {"SourceContext": "Infrastructure.Services.DatabaseTestService", "Application": "Crud.Api"}
[05:34:15 INF] [Phase 0] Closing database connection for worker 14854... {"SourceContext": "Infrastructure.Services.DatabaseTestService", "Application": "Crud.Api"}
[05:34:15 INF] [Phase 0] Connection closed in 0.0006ms {"SourceContext": "Infrastructure.Services.DatabaseTestService", "Application": "Crud.Api"}
[05:34:15 INF] [Phase 1] Starting EnsureDeletedAsync for worker 14854... {"SourceContext": "Infrastructure.Services.DatabaseTestService", "Application": "Crud.Api"}
[05:34:15 INF] [Phase 1] EnsureDeletedAsync completed in 1.3478ms {"SourceContext": "Infrastructure.Services.DatabaseTestService", "Application": "Crud.Api"}
[05:34:15 INF] [Phase 2] Starting EnsureCreatedAsync for worker 14854... {"SourceContext": "Infrastructure.Services.DatabaseTestService", "Application": "Crud.Api"}
[05:34:15 INF] [Phase 2] EnsureCreatedAsync completed in 8.0503ms {"SourceContext": "Infrastructure.Services.DatabaseTestService", "Application": "Crud.Api"}
[05:34:15 INF] [Phase 3] Skipping database seeding as requested for worker 14854 {"SourceContext": "Infrastructure.Services.DatabaseTestService", "Application": "Crud.Api"}
[05:34:15 INF] Database reset via file deletion completed for worker 14854 in 109.9006ms (Close: 0.0006ms, Delete: 1.3478ms, Create: 8.0503ms) {"SourceContext": "Infrastructure.Services.DatabaseTestService", "Application": "Crud.Api"}
[05:34:15 INF] Releasing database mutex for worker 14854 {"SourceContext": "Infrastructure.Services.DatabaseTestService", "Application": "Crud.Api"}
Resource associated with Metric:
    deployment.environment: Testing
    service.name: Crud.Api
    service.version: 1.0.0
    service.instance.id: 15081513-c9e4-4e0d-aac5-97a71d5ef649
    telemetry.sdk.name: opentelemetry
    telemetry.sdk.language: dotnet
    telemetry.sdk.version: 1.8.1
Metric Name: http.server.active_requests, Number of active HTTP server requests., Unit: {request}, Meter: Microsoft.AspNetCore.Hosting
(2025-09-11T05:34:05.8639977Z, 2025-09-11T05:34:15.8644587Z] http.request.method: POST url.scheme: http LongSumNonMonotonic
Value: 1
(2025-09-11T05:34:05.8639977Z, 2025-09-11T05:34:15.8644587Z] http.request.method: DELETE url.scheme: http LongSumNonMonotonic
Value: 0
(2025-09-11T05:34:05.8639977Z, 2025-09-11T05:34:15.8644587Z] http.request.method: GET url.scheme: http LongSumNonMonotonic
Value: 0
(2025-09-11T05:34:05.8639977Z, 2025-09-11T05:34:15.8644587Z] http.request.method: PUT url.scheme: http LongSumNonMonotonic
Value: 0
Metric Name: http.server.request.duration, Duration of HTTP server requests., Unit: s, Meter: Microsoft.AspNetCore.Hosting
(2025-09-11T05:34:05.8640213Z, 2025-09-11T05:34:15.8644688Z] http.request.method: POST http.response.status_code: 200 http.route: api/Auth/register network.protocol.version: 1.1 url.scheme: http Histogram
Value: Sum: 4.7804596 Count: 16 Min: 0.2960062 Max: 0.3073909 
(-Infinity,0.005]:0
(0.005,0.01]:0
(0.01,0.025]:0
(0.025,0.05]:0
(0.05,0.075]:0
(0.075,0.1]:0
(0.1,0.25]:0
(0.25,0.5]:16
(0.5,0.75]:0
(0.75,1]:0
(1,2.5]:0
(2.5,5]:0
(5,7.5]:0
(7.5,10]:0
(10,+Infinity]:0
(2025-09-11T05:34:05.8640213Z, 2025-09-11T05:34:15.8644688Z] http.request.method: POST http.response.status_code: 200 http.route: api/Auth/login network.protocol.version: 1.1 url.scheme: http Histogram
Value: Sum: 3.2796000999999997 Count: 11 Min: 0.2958517 Max: 0.3029632 
(-Infinity,0.005]:0
(0.005,0.01]:0
(0.01,0.025]:0
(0.025,0.05]:0
(0.05,0.075]:0
(0.075,0.1]:0
(0.1,0.25]:0
(0.25,0.5]:11
(0.5,0.75]:0
(0.75,1]:0
(1,2.5]:0
(2.5,5]:0
(5,7.5]:0
(7.5,10]:0
(10,+Infinity]:0
(2025-09-11T05:34:05.8640213Z, 2025-09-11T05:34:15.8644688Z] http.request.method: DELETE http.response.status_code: 204 http.route: api/Roles/{id:guid} network.protocol.version: 1.1 url.scheme: http Histogram
Value: Sum: 0.0329996 Count: 2 Min: 0.0118946 Max: 0.021105 
(-Infinity,0.005]:0
(0.005,0.01]:0
(0.01,0.025]:2
(0.025,0.05]:0
(0.05,0.075]:0
(0.075,0.1]:0
(0.1,0.25]:0
(0.25,0.5]:0
(0.5,0.75]:0
(0.75,1]:0
(1,2.5]:0
(2.5,5]:0
(5,7.5]:0
(7.5,10]:0
(10,+Infinity]:0
(2025-09-11T05:34:05.8640213Z, 2025-09-11T05:34:15.8644688Z] http.request.method: POST http.response.status_code: 201 http.route: api/Roles network.protocol.version: 1.1 url.scheme: http Histogram
Value: Sum: 0.027471199999999998 Count: 7 Min: 0.0020191 Max: 0.0091405 
(-Infinity,0.005]:5
(0.005,0.01]:2
(0.01,0.025]:0
(0.025,0.05]:0
(0.05,0.075]:0
(0.075,0.1]:0
(0.1,0.25]:0
(0.25,0.5]:0
(0.5,0.75]:0
(0.75,1]:0
(1,2.5]:0
(2.5,5]:0
(5,7.5]:0
(7.5,10]:0
(10,+Infinity]:0
(2025-09-11T05:34:05.8640213Z, 2025-09-11T05:34:15.8644688Z] http.request.method: GET http.response.status_code: 200 http.route: api/Roles network.protocol.version: 1.1 url.scheme: http Histogram
Value: Sum: 0.0072852 Count: 2 Min: 0.0013241 Max: 0.0059611 
(-Infinity,0.005]:1
(0.005,0.01]:1
(0.01,0.025]:0
(0.025,0.05]:0
(0.05,0.075]:0
(0.075,0.1]:0
(0.1,0.25]:0
(0.25,0.5]:0
(0.5,0.75]:0
(0.75,1]:0
(1,2.5]:0
(2.5,5]:0
(5,7.5]:0
(7.5,10]:0
(10,+Infinity]:0
(2025-09-11T05:34:05.8640213Z, 2025-09-11T05:34:15.8644688Z] http.request.method: GET http.response.status_code: 404 http.route: api/Roles/{id:guid} network.protocol.version: 1.1 url.scheme: http Histogram
Value: Sum: 0.01754 Count: 1 Min: 0.01754 Max: 0.01754 
(-Infinity,0.005]:0
(0.005,0.01]:0
(0.01,0.025]:1
(0.025,0.05]:0
(0.05,0.075]:0
(0.075,0.1]:0
(0.1,0.25]:0
(0.25,0.5]:0
(0.5,0.75]:0
(0.75,1]:0
(1,2.5]:0
(2.5,5]:0
(5,7.5]:0
(7.5,10]:0
(10,+Infinity]:0
(2025-09-11T05:34:05.8640213Z, 2025-09-11T05:34:15.8644688Z] http.request.method: PUT http.response.status_code: 204 http.route: api/Roles/{id:guid} network.protocol.version: 1.1 url.scheme: http Histogram
Value: Sum: 0.0101979 Count: 1 Min: 0.0101979 Max: 0.0101979 
(-Infinity,0.005]:0
(0.005,0.01]:0
(0.01,0.025]:1
(0.025,0.05]:0
(0.05,0.075]:0
(0.075,0.1]:0
(0.1,0.25]:0
(0.25,0.5]:0
(0.5,0.75]:0
(0.75,1]:0
(1,2.5]:0
(2.5,5]:0
(5,7.5]:0
(7.5,10]:0
(10,+Infinity]:0
(2025-09-11T05:34:05.8640213Z, 2025-09-11T05:34:15.8644688Z] http.request.method: GET http.response.status_code: 200 http.route: api/Roles/{id:guid} network.protocol.version: 1.1 url.scheme: http Histogram
Value: Sum: 0.0063073999999999995 Count: 2 Min: 0.0027458 Max: 0.0035616 
(-Infinity,0.005]:2
(0.005,0.01]:0
(0.01,0.025]:0
(0.025,0.05]:0
(0.05,0.075]:0
(0.075,0.1]:0
(0.1,0.25]:0
(0.25,0.5]:0
(0.5,0.75]:0
(0.75,1]:0
(1,2.5]:0
(2.5,5]:0
(5,7.5]:0
(7.5,10]:0
(10,+Infinity]:0
(2025-09-11T05:34:05.8640213Z, 2025-09-11T05:34:15.8644688Z] http.request.method: POST http.response.status_code: 400 http.route: api/Roles network.protocol.version: 1.1 url.scheme: http Histogram
Value: Sum: 0.0045488 Count: 1 Min: 0.0045488 Max: 0.0045488 
(-Infinity,0.005]:1
(0.005,0.01]:0
(0.01,0.025]:0
(0.025,0.05]:0
(0.05,0.075]:0
(0.075,0.1]:0
(0.1,0.25]:0
(0.25,0.5]:0
(0.5,0.75]:0
(0.75,1]:0
(1,2.5]:0
(2.5,5]:0
(5,7.5]:0
(7.5,10]:0
(10,+Infinity]:0
Metric Name: aspnetcore.rate_limiting.active_request_leases, Number of HTTP requests that are currently active on the server that hold a rate limiting lease., Unit: {request}, Meter: Microsoft.AspNetCore.RateLimiting
(2025-09-11T05:34:05.8662158Z, 2025-09-11T05:34:15.8644696Z] LongSumNonMonotonic
Value: 1
Metric Name: aspnetcore.rate_limiting.request_lease.duration, The duration of rate limiting leases held by HTTP requests on the server., Unit: s, Meter: Microsoft.AspNetCore.RateLimiting
(2025-09-11T05:34:05.8662433Z, 2025-09-11T05:34:15.8644707Z] Histogram
Value: Sum: 8.156512900000001 Count: 43 Min: 0.0012219 Max: 0.307285 
(-Infinity,0.005]:9
(0.005,0.01]:3
(0.01,0.025]:4
(0.025,0.05]:0
(0.05,0.075]:0
(0.075,0.1]:0
(0.1,0.25]:0
(0.25,0.5]:27
(0.5,0.75]:0
(0.75,1]:0
(1,2.5]:0
(2.5,5]:0
(5,7.5]:0
(7.5,10]:0
(10,+Infinity]:0
Metric Name: aspnetcore.rate_limiting.requests, Number of requests that tried to acquire a rate limiting lease. Requests could be rejected by global or endpoint rate limiting policies. Or the request could be canceled while waiting for the lease., Unit: {request}, Meter: Microsoft.AspNetCore.RateLimiting
(2025-09-11T05:34:05.8662955Z, 2025-09-11T05:34:15.8644722Z] aspnetcore.rate_limiting.result: acquired LongSum
Value: 43
Metric Name: aspnetcore.routing.match_attempts, Number of requests that were attempted to be matched to an endpoint., Unit: {match_attempt}, Meter: Microsoft.AspNetCore.Routing
(2025-09-11T05:34:05.8671214Z, 2025-09-11T05:34:15.8644734Z] aspnetcore.routing.is_fallback: false aspnetcore.routing.match_status: success http.route: api/Auth/register LongSum
Value: 17
(2025-09-11T05:34:05.8671214Z, 2025-09-11T05:34:15.8644734Z] aspnetcore.routing.is_fallback: false aspnetcore.routing.match_status: success http.route: api/Auth/login LongSum
Value: 11
(2025-09-11T05:34:05.8671214Z, 2025-09-11T05:34:15.8644734Z] aspnetcore.routing.is_fallback: false aspnetcore.routing.match_status: success http.route: api/Roles/{id:guid} LongSum
Value: 6
(2025-09-11T05:34:05.8671214Z, 2025-09-11T05:34:15.8644734Z] aspnetcore.routing.is_fallback: false aspnetcore.routing.match_status: success http.route: api/Roles LongSum
Value: 10
[05:34:15 INF] User registered successfully: b449718e-c1d8-4305-8056-046c33ccac8a {"SourceContext": "App.Features.Authentication.RegisterUserCommandHandler", "ActionId": "d9e742a6-8dbb-49b1-814c-578a8a5851eb", "ActionName": "Api.Controllers.AuthController.Register (Api)", "RequestId": "0HNFGUJ46SEV1", "RequestPath": "/api/auth/register", "Application": "Crud.Api"}
Activity.TraceId:            1cab16bb036da273b4c1f97be50f07c9
Activity.SpanId:             c5b0330e48071e1b
Activity.TraceFlags:         Recorded
Activity.ActivitySourceName: Microsoft.AspNetCore
Activity.DisplayName:        POST api/Auth/register
Activity.Kind:               Server
Activity.StartTime:          2025-09-11T05:34:15.5889635Z
Activity.Duration:           00:00:00.2975437
Activity.Tags:
    server.address: localhost
    http.request.method: POST
    url.scheme: http
    url.path: /api/auth/register
    network.protocol.version: 1.1
    http.route: api/Auth/register
    http.response.status_code: 200
Resource associated with Activity:
    deployment.environment: Testing
    service.name: Crud.Api
    service.version: 1.0.0
    service.instance.id: 15081513-c9e4-4e0d-aac5-97a71d5ef649
    telemetry.sdk.name: opentelemetry
    telemetry.sdk.language: dotnet
    telemetry.sdk.version: 1.8.1
[05:34:15 DBG] Cache miss for key: entity:role:4cf5b261deaa4009a415d39094629e5b {"SourceContext": "Infrastructure.Services.Caching.InMemoryCacheService", "ActionId": "8acb7026-b873-4eb8-9756-0d5af973bdea", "ActionName": "Api.Controllers.RolesController.Get (Api)", "RequestId": "0HNFGUJ46SEV2", "RequestPath": "/api/roles/4cf5b261-deaa-4009-a415-d39094629e5b", "Application": "Crud.Api"}
Activity.TraceId:            f32d0e8936057d9bad19b35cedb4541b
Activity.SpanId:             0d5ffb2d180cd437
Activity.TraceFlags:         Recorded
Activity.ActivitySourceName: Microsoft.AspNetCore
Activity.DisplayName:        GET api/Roles/{id:guid}
Activity.Kind:               Server
Activity.StartTime:          2025-09-11T05:34:15.8866850Z
Activity.Duration:           00:00:00.0014249
Activity.Tags:
    server.address: localhost
    http.request.method: GET
    url.scheme: http
    url.path: /api/roles/4cf5b261-deaa-4009-a415-d39094629e5b
    network.protocol.version: 1.1
    http.route: api/Roles/{id:guid}
    http.response.status_code: 404
Resource associated with Activity:
    deployment.environment: Testing
    service.name: Crud.Api
    service.version: 1.0.0
    service.instance.id: 15081513-c9e4-4e0d-aac5-97a71d5ef649
    telemetry.sdk.name: opentelemetry
    telemetry.sdk.language: dotnet
    telemetry.sdk.version: 1.8.1
[05:34:15 INF] Resetting database for worker 14854 {"SourceContext": "Infrastructure.Services.DatabaseTestService", "Application": "Crud.Api"}
[05:34:15 INF] Resetting database via file deletion for worker 14854 in CI environment {"SourceContext": "Infrastructure.Services.DatabaseTestService", "Application": "Crud.Api"}
[05:34:15 INF] Acquiring database mutex for worker 14854... {"SourceContext": "Infrastructure.Services.DatabaseTestService", "Application": "Crud.Api"}
[05:34:15 INF] Database mutex acquired for worker 14854 {"SourceContext": "Infrastructure.Services.DatabaseTestService", "Application": "Crud.Api"}
[05:34:15 INF] Current database state - CanConnect: True {"SourceContext": "Infrastructure.Services.DatabaseTestService", "Application": "Crud.Api"}
[05:34:15 INF] [Phase 0] Closing database connection for worker 14854... {"SourceContext": "Infrastructure.Services.DatabaseTestService", "Application": "Crud.Api"}
[05:34:15 INF] [Phase 0] Connection closed in 0.0005ms {"SourceContext": "Infrastructure.Services.DatabaseTestService", "Application": "Crud.Api"}
[05:34:15 INF] [Phase 1] Starting EnsureDeletedAsync for worker 14854... {"SourceContext": "Infrastructure.Services.DatabaseTestService", "Application": "Crud.Api"}
[05:34:15 INF] [Phase 1] EnsureDeletedAsync completed in 1.5155ms {"SourceContext": "Infrastructure.Services.DatabaseTestService", "Application": "Crud.Api"}
[05:34:15 INF] [Phase 2] Starting EnsureCreatedAsync for worker 14854... {"SourceContext": "Infrastructure.Services.DatabaseTestService", "Application": "Crud.Api"}
[05:34:15 INF] [Phase 2] EnsureCreatedAsync completed in 8.4118ms {"SourceContext": "Infrastructure.Services.DatabaseTestService", "Application": "Crud.Api"}
[05:34:15 INF] [Phase 3] Skipping database seeding as requested for worker 14854 {"SourceContext": "Infrastructure.Services.DatabaseTestService", "Application": "Crud.Api"}
[05:34:15 INF] Database reset via file deletion completed for worker 14854 in 110.6286ms (Close: 0.0005ms, Delete: 1.5155ms, Create: 8.4118ms) {"SourceContext": "Infrastructure.Services.DatabaseTestService", "Application": "Crud.Api"}
[05:34:15 INF] Releasing database mutex for worker 14854 {"SourceContext": "Infrastructure.Services.DatabaseTestService", "Application": "Crud.Api"}
[05:34:16 INF] Resetting database for worker 14854 {"SourceContext": "Infrastructure.Services.DatabaseTestService", "Application": "Crud.Api"}
[05:34:16 INF] Resetting database via file deletion for worker 14854 in CI environment {"SourceContext": "Infrastructure.Services.DatabaseTestService", "Application": "Crud.Api"}
[05:34:16 INF] Acquiring database mutex for worker 14854... {"SourceContext": "Infrastructure.Services.DatabaseTestService", "Application": "Crud.Api"}
[05:34:16 INF] Database mutex acquired for worker 14854 {"SourceContext": "Infrastructure.Services.DatabaseTestService", "Application": "Crud.Api"}
[05:34:16 INF] Current database state - CanConnect: True {"SourceContext": "Infrastructure.Services.DatabaseTestService", "Application": "Crud.Api"}
[05:34:16 INF] [Phase 0] Closing database connection for worker 14854... {"SourceContext": "Infrastructure.Services.DatabaseTestService", "Application": "Crud.Api"}
[05:34:16 INF] [Phase 0] Connection closed in 0.0006ms {"SourceContext": "Infrastructure.Services.DatabaseTestService", "Application": "Crud.Api"}
[05:34:16 INF] [Phase 1] Starting EnsureDeletedAsync for worker 14854... {"SourceContext": "Infrastructure.Services.DatabaseTestService", "Application": "Crud.Api"}
[05:34:16 INF] [Phase 1] EnsureDeletedAsync completed in 3.8625ms {"SourceContext": "Infrastructure.Services.DatabaseTestService", "Application": "Crud.Api"}
[05:34:16 INF] [Phase 2] Starting EnsureCreatedAsync for worker 14854... {"SourceContext": "Infrastructure.Services.DatabaseTestService", "Application": "Crud.Api"}
[05:34:16 INF] [Phase 2] EnsureCreatedAsync completed in 8.1986ms {"SourceContext": "Infrastructure.Services.DatabaseTestService", "Application": "Crud.Api"}
[05:34:16 INF] [Phase 3] Skipping database seeding as requested for worker 14854 {"SourceContext": "Infrastructure.Services.DatabaseTestService", "Application": "Crud.Api"}
[05:34:16 INF] Database reset via file deletion completed for worker 14854 in 112.9168ms (Close: 0.0006ms, Delete: 3.8625ms, Create: 8.1986ms) {"SourceContext": "Infrastructure.Services.DatabaseTestService", "Application": "Crud.Api"}
[05:34:16 INF] Releasing database mutex for worker 14854 {"SourceContext": "Infrastructure.Services.DatabaseTestService", "Application": "Crud.Api"}
[05:34:16 INF] User registered successfully: af2cc1a7-b6ba-4900-bf75-65596f4c25bf {"SourceContext": "App.Features.Authentication.RegisterUserCommandHandler", "ActionId": "d9e742a6-8dbb-49b1-814c-578a8a5851eb", "ActionName": "Api.Controllers.AuthController.Register (Api)", "RequestId": "0HNFGUJ46SEV3", "RequestPath": "/api/auth/register", "Application": "Crud.Api"}
Activity.TraceId:            79218e79e0270fb63df040e85ea65bee
Activity.SpanId:             118b5e201c3d7a6c
Activity.TraceFlags:         Recorded
Activity.ActivitySourceName: Microsoft.AspNetCore
Activity.DisplayName:        POST api/Auth/register
Activity.Kind:               Server
Activity.StartTime:          2025-09-11T05:34:16.1166774Z
Activity.Duration:           00:00:00.2960409
Activity.Tags:
    server.address: localhost
    http.request.method: POST
    url.scheme: http
    url.path: /api/auth/register
    network.protocol.version: 1.1
    http.route: api/Auth/register
    http.response.status_code: 200
Resource associated with Activity:
    deployment.environment: Testing
    service.name: Crud.Api
    service.version: 1.0.0
    service.instance.id: 15081513-c9e4-4e0d-aac5-97a71d5ef649
    telemetry.sdk.name: opentelemetry
    telemetry.sdk.language: dotnet
    telemetry.sdk.version: 1.8.1
[05:34:16 INF] User logged in successfully: af2cc1a7-b6ba-4900-bf75-65596f4c25bf {"SourceContext": "App.Features.Authentication.LoginCommandHandler", "ActionId": "054df3c2-8ba7-4a25-8085-c4edc1366f3f", "ActionName": "Api.Controllers.AuthController.Login (Api)", "RequestId": "0HNFGUJ46SEV4", "RequestPath": "/api/auth/login", "Application": "Crud.Api"}
Activity.TraceId:            7397bf547ac29837d257cb2a9ba9adeb
Activity.SpanId:             6234dcd8e2ad0830
Activity.TraceFlags:         Recorded
Activity.ActivitySourceName: Microsoft.AspNetCore
Activity.DisplayName:        POST api/Auth/login
Activity.Kind:               Server
Activity.StartTime:          2025-09-11T05:34:16.4138431Z
Activity.Duration:           00:00:00.2964350
Activity.Tags:
    server.address: localhost
    http.request.method: POST
    url.scheme: http
    url.path: /api/auth/login
    network.protocol.version: 1.1
    http.route: api/Auth/login
    http.response.status_code: 200
Resource associated with Activity:
    deployment.environment: Testing
    service.name: Crud.Api
    service.version: 1.0.0
    service.instance.id: 15081513-c9e4-4e0d-aac5-97a71d5ef649
    telemetry.sdk.name: opentelemetry
    telemetry.sdk.language: dotnet
    telemetry.sdk.version: 1.8.1
[05:34:16 DBG] Cache miss for key: name:role:manager {"SourceContext": "Infrastructure.Services.Caching.InMemoryCacheService", "ActionId": "fdae7a20-77b1-49c0-a788-fa1fa241b31c", "ActionName": "Api.Controllers.RolesController.Create (Api)", "RequestId": "0HNFGUJ46SEV5", "RequestPath": "/api/roles", "Application": "Crud.Api"}
[05:34:16 DBG] Removed cache value for key: entity:role:b1d7b594ab7a41cfbd6c27429aa69954 {"SourceContext": "Infrastructure.Services.Caching.InMemoryCacheService", "ActionId": "fdae7a20-77b1-49c0-a788-fa1fa241b31c", "ActionName": "Api.Controllers.RolesController.Create (Api)", "RequestId": "0HNFGUJ46SEV5", "RequestPath": "/api/roles", "Application": "Crud.Api"}
[05:34:16 DBG] Removed cache value for key: list:role {"SourceContext": "Infrastructure.Services.Caching.InMemoryCacheService", "ActionId": "fdae7a20-77b1-49c0-a788-fa1fa241b31c", "ActionName": "Api.Controllers.RolesController.Create (Api)", "RequestId": "0HNFGUJ46SEV5", "RequestPath": "/api/roles", "Application": "Crud.Api"}
[05:34:16 DBG] Invalidating cache for entity type: roles with tag: roles {"SourceContext": "Api.Services.OutputCacheInvalidationService", "ActionId": "fdae7a20-77b1-49c0-a788-fa1fa241b31c", "ActionName": "Api.Controllers.RolesController.Create (Api)", "RequestId": "0HNFGUJ46SEV5", "RequestPath": "/api/roles", "Application": "Crud.Api"}
[05:34:16 INF] Successfully invalidated cache for entity type: roles {"SourceContext": "Api.Services.OutputCacheInvalidationService", "ActionId": "fdae7a20-77b1-49c0-a788-fa1fa241b31c", "ActionName": "Api.Controllers.RolesController.Create (Api)", "RequestId": "0HNFGUJ46SEV5", "RequestPath": "/api/roles", "Application": "Crud.Api"}
Activity.TraceId:            40705160ea63f02bb3263445bb6760f4
Activity.SpanId:             c59f96171e14fd5e
Activity.TraceFlags:         Recorded
Activity.ActivitySourceName: Microsoft.AspNetCore
Activity.DisplayName:        POST api/Roles
Activity.Kind:               Server
Activity.StartTime:          2025-09-11T05:34:16.7105670Z
Activity.Duration:           00:00:00.0022296
Activity.Tags:
    server.address: localhost
    http.request.method: POST
    url.scheme: http
    url.path: /api/roles
    network.protocol.version: 1.1
    http.route: api/Roles
    http.response.status_code: 201
Resource associated with Activity:
    deployment.environment: Testing
    service.name: Crud.Api
    service.version: 1.0.0
    service.instance.id: 15081513-c9e4-4e0d-aac5-97a71d5ef649
    telemetry.sdk.name: opentelemetry
    telemetry.sdk.language: dotnet
    telemetry.sdk.version: 1.8.1
[05:34:17 INF] User registered successfully: 27eb7e47-5ac0-4f5b-9b37-7462ccd51fd9 {"SourceContext": "App.Features.Authentication.RegisterUserCommandHandler", "ActionId": "d9e742a6-8dbb-49b1-814c-578a8a5851eb", "ActionName": "Api.Controllers.AuthController.Register (Api)", "RequestId": "0HNFGUJ46SEV6", "RequestPath": "/api/auth/register", "Application": "Crud.Api"}
Activity.TraceId:            846afd18b51ef3efc4fbd17c8262e3ed
Activity.SpanId:             da47905d5a65e2d4
Activity.TraceFlags:         Recorded
Activity.ActivitySourceName: Microsoft.AspNetCore
Activity.DisplayName:        POST api/Auth/register
Activity.Kind:               Server
Activity.StartTime:          2025-09-11T05:34:16.7133746Z
Activity.Duration:           00:00:00.2970999
Activity.Tags:
    server.address: localhost
    http.request.method: POST
    url.scheme: http
    url.path: /api/auth/register
    network.protocol.version: 1.1
    http.route: api/Auth/register
    http.response.status_code: 200
Resource associated with Activity:
    deployment.environment: Testing
    service.name: Crud.Api
    service.version: 1.0.0
    service.instance.id: 15081513-c9e4-4e0d-aac5-97a71d5ef649
    telemetry.sdk.name: opentelemetry
    telemetry.sdk.language: dotnet
    telemetry.sdk.version: 1.8.1
[05:34:17 DBG] Cache miss for key: entity:role:b1d7b594ab7a41cfbd6c27429aa69954 {"SourceContext": "Infrastructure.Services.Caching.InMemoryCacheService", "ActionId": "8acb7026-b873-4eb8-9756-0d5af973bdea", "ActionName": "Api.Controllers.RolesController.Get (Api)", "RequestId": "0HNFGUJ46SEV7", "RequestPath": "/api/roles/b1d7b594-ab7a-41cf-bd6c-27429aa69954", "Application": "Crud.Api"}
[05:34:17 DBG] Set cache value for key: entity:role:b1d7b594ab7a41cfbd6c27429aa69954 {"SourceContext": "Infrastructure.Services.Caching.InMemoryCacheService", "ActionId": "8acb7026-b873-4eb8-9756-0d5af973bdea", "ActionName": "Api.Controllers.RolesController.Get (Api)", "RequestId": "0HNFGUJ46SEV7", "RequestPath": "/api/roles/b1d7b594-ab7a-41cf-bd6c-27429aa69954", "Application": "Crud.Api"}
Activity.TraceId:            82d2cf3300cb3bb1063999b7947925dc
Activity.SpanId:             74fbc7c11b62a2c4
Activity.TraceFlags:         Recorded
Activity.ActivitySourceName: Microsoft.AspNetCore
Activity.DisplayName:        GET api/Roles/{id:guid}
Activity.Kind:               Server
Activity.StartTime:          2025-09-11T05:34:17.0107799Z
Activity.Duration:           00:00:00.0015129
Activity.Tags:
    server.address: localhost
    http.request.method: GET
    url.scheme: http
    url.path: /api/roles/b1d7b594-ab7a-41cf-bd6c-27429aa69954
    network.protocol.version: 1.1
    http.route: api/Roles/{id:guid}
    http.response.status_code: 200
Resource associated with Activity:
    deployment.environment: Testing
    service.name: Crud.Api
    service.version: 1.0.0
    service.instance.id: 15081513-c9e4-4e0d-aac5-97a71d5ef649
    telemetry.sdk.name: opentelemetry
    telemetry.sdk.language: dotnet
    telemetry.sdk.version: 1.8.1
[05:34:17 INF] Resetting database for worker 14854 {"SourceContext": "Infrastructure.Services.DatabaseTestService", "Application": "Crud.Api"}
[05:34:17 INF] Resetting database via file deletion for worker 14854 in CI environment {"SourceContext": "Infrastructure.Services.DatabaseTestService", "Application": "Crud.Api"}
[05:34:17 INF] Acquiring database mutex for worker 14854... {"SourceContext": "Infrastructure.Services.DatabaseTestService", "Application": "Crud.Api"}
[05:34:17 INF] Database mutex acquired for worker 14854 {"SourceContext": "Infrastructure.Services.DatabaseTestService", "Application": "Crud.Api"}
[05:34:17 INF] Current database state - CanConnect: True {"SourceContext": "Infrastructure.Services.DatabaseTestService", "Application": "Crud.Api"}
[05:34:17 INF] [Phase 0] Closing database connection for worker 14854... {"SourceContext": "Infrastructure.Services.DatabaseTestService", "Application": "Crud.Api"}
[05:34:17 INF] [Phase 0] Connection closed in 0.0006ms {"SourceContext": "Infrastructure.Services.DatabaseTestService", "Application": "Crud.Api"}
[05:34:17 INF] [Phase 1] Starting EnsureDeletedAsync for worker 14854... {"SourceContext": "Infrastructure.Services.DatabaseTestService", "Application": "Crud.Api"}
[05:34:17 INF] [Phase 1] EnsureDeletedAsync completed in 1.4672ms {"SourceContext": "Infrastructure.Services.DatabaseTestService", "Application": "Crud.Api"}
[05:34:17 INF] [Phase 2] Starting EnsureCreatedAsync for worker 14854... {"SourceContext": "Infrastructure.Services.DatabaseTestService", "Application": "Crud.Api"}
[05:34:17 INF] [Phase 2] EnsureCreatedAsync completed in 8.4205ms {"SourceContext": "Infrastructure.Services.DatabaseTestService", "Application": "Crud.Api"}
[05:34:17 INF] [Phase 3] Skipping database seeding as requested for worker 14854 {"SourceContext": "Infrastructure.Services.DatabaseTestService", "Application": "Crud.Api"}
[05:34:17 INF] Database reset via file deletion completed for worker 14854 in 110.4926ms (Close: 0.0006ms, Delete: 1.4672ms, Create: 8.4205ms) {"SourceContext": "Infrastructure.Services.DatabaseTestService", "Application": "Crud.Api"}
[05:34:17 INF] Releasing database mutex for worker 14854 {"SourceContext": "Infrastructure.Services.DatabaseTestService", "Application": "Crud.Api"}
[05:34:17 INF] User registered successfully: d70b037d-f1b6-4a00-a1b3-91ae0c5a7085 {"SourceContext": "App.Features.Authentication.RegisterUserCommandHandler", "ActionId": "d9e742a6-8dbb-49b1-814c-578a8a5851eb", "ActionName": "Api.Controllers.AuthController.Register (Api)", "RequestId": "0HNFGUJ46SEV8", "RequestPath": "/api/auth/register", "Application": "Crud.Api"}
Activity.TraceId:            c4ca23b509341eb0aea0780c8c9ef740
Activity.SpanId:             47bfd0c8c9791467
Activity.TraceFlags:         Recorded
Activity.ActivitySourceName: Microsoft.AspNetCore
Activity.DisplayName:        POST api/Auth/register
Activity.Kind:               Server
Activity.StartTime:          2025-09-11T05:34:17.1255289Z
Activity.Duration:           00:00:00.2962202
Activity.Tags:
    server.address: localhost
    http.request.method: POST
    url.scheme: http
    url.path: /api/auth/register
    network.protocol.version: 1.1
    http.route: api/Auth/register
    http.response.status_code: 200
Resource associated with Activity:
    deployment.environment: Testing
    service.name: Crud.Api
    service.version: 1.0.0
    service.instance.id: 15081513-c9e4-4e0d-aac5-97a71d5ef649
    telemetry.sdk.name: opentelemetry
    telemetry.sdk.language: dotnet
    telemetry.sdk.version: 1.8.1
[05:34:17 INF] User logged in successfully: d70b037d-f1b6-4a00-a1b3-91ae0c5a7085 {"SourceContext": "App.Features.Authentication.LoginCommandHandler", "ActionId": "054df3c2-8ba7-4a25-8085-c4edc1366f3f", "ActionName": "Api.Controllers.AuthController.Login (Api)", "RequestId": "0HNFGUJ46SEV9", "RequestPath": "/api/auth/login", "Application": "Crud.Api"}
Activity.TraceId:            08cecab9c978d80c586ef79670aace6b
Activity.SpanId:             5ccfb44ada704e4e
Activity.TraceFlags:         Recorded
Activity.ActivitySourceName: Microsoft.AspNetCore
Activity.DisplayName:        POST api/Auth/login
Activity.Kind:               Server
Activity.StartTime:          2025-09-11T05:34:17.4235248Z
Activity.Duration:           00:00:00.2986952
Activity.Tags:
    server.address: localhost
    http.request.method: POST
    url.scheme: http
    url.path: /api/auth/login
    network.protocol.version: 1.1
    http.route: api/Auth/login
    http.response.status_code: 200
Resource associated with Activity:
    deployment.environment: Testing
    service.name: Crud.Api
    service.version: 1.0.0
    service.instance.id: 15081513-c9e4-4e0d-aac5-97a71d5ef649
    telemetry.sdk.name: opentelemetry
    telemetry.sdk.language: dotnet
    telemetry.sdk.version: 1.8.1
[05:34:17 DBG] Cache miss for key: entity:role:b35deafca7734bf597212fa6da492f4d {"SourceContext": "Infrastructure.Services.Caching.InMemoryCacheService", "ActionId": "3a9983b2-4aa2-46d4-9310-4dbd09d5b040", "ActionName": "Api.Controllers.RolesController.Update (Api)", "RequestId": "0HNFGUJ46SEVA", "RequestPath": "/api/roles/b35deafc-a773-4bf5-9721-2fa6da492f4d", "Application": "Crud.Api"}
[05:34:17 ERR] An unhandled exception occurred during request PUT /api/roles/b35deafc-a773-4bf5-9721-2fa6da492f4d. Request ID: 0HNFGUJ46SEVA, User: Anonymous {"SourceContext": "Api.Middleware.GlobalExceptionHandlingMiddleware", "RequestPath": "/api/roles/b35deafc-a773-4bf5-9721-2fa6da492f4d", "Application": "Crud.Api"}
System.Collections.Generic.KeyNotFoundException: Role b35deafc-a773-4bf5-9721-2fa6da492f4d not found
   at App.Features.Roles.UpdateRoleCommandHandler.Handle(UpdateRoleCommand request, CancellationToken cancellationToken) in /home/runner/work/Crud/Crud/src/App/Features/Roles/CommandHandlers.cs:line 24
   at MediatR.Wrappers.RequestHandlerWrapperImpl`1.&lt;&gt;c__DisplayClass1_0.&lt;&lt;Handle&gt;g__Handler|0&gt;d.MoveNext()
--- End of stack trace from previous location ---
   at Api.Controllers.RolesController.Update(Guid id, UpdateRoleRequest request, CancellationToken ct) in /home/runner/work/Crud/Crud/src/Api/Controllers/RolesController.cs:line 99
   at Microsoft.AspNetCore.Mvc.Infrastructure.ActionMethodExecutor.TaskOfIActionResultExecutor.Execute(ActionContext actionContext, IActionResultTypeMapper mapper, ObjectMethodExecutor executor, Object controller, Object[] arguments)
   at Microsoft.AspNetCore.Mvc.Infrastructure.ControllerActionInvoker.&lt;InvokeActionMethodAsync&gt;g__Logged|12_1(ControllerActionInvoker invoker)
   at Microsoft.AspNetCore.Mvc.Infrastructure.ControllerActionInvoker.&lt;InvokeNextActionFilterAsync&gt;g__Awaited|10_0(ControllerActionInvoker invoker, Task lastTask, State next, Scope scope, Object state, Boolean isCompleted)
   at Microsoft.AspNetCore.Mvc.Infrastructure.ControllerActionInvoker.Rethrow(ActionExecutedContextSealed context)
   at Microsoft.AspNetCore.Mvc.Infrastructure.ControllerActionInvoker.Next(State&amp; next, Scope&amp; scope, Object&amp; state, Boolean&amp; isCompleted)
   at Microsoft.AspNetCore.Mvc.Infrastructure.ControllerActionInvoker.InvokeInnerFilterAsync()
--- End of stack trace from previous location ---
   at Microsoft.AspNetCore.Mvc.Infrastructure.ResourceInvoker.&lt;InvokeFilterPipelineAsync&gt;g__Awaited|20_0(ResourceInvoker invoker, Task lastTask, State next, Scope scope, Object state, Boolean isCompleted)
   at Microsoft.AspNetCore.Mvc.Infrastructure.ResourceInvoker.&lt;InvokeAsync&gt;g__Logged|17_1(ResourceInvoker invoker)
   at Microsoft.AspNetCore.Mvc.Infrastructure.ResourceInvoker.&lt;InvokeAsync&gt;g__Logged|17_1(ResourceInvoker invoker)
   at Microsoft.AspNetCore.Authorization.AuthorizationMiddleware.Invoke(HttpContext context)
   at Microsoft.AspNetCore.Authentication.AuthenticationMiddleware.Invoke(HttpContext context)
   at Microsoft.AspNetCore.RateLimiting.RateLimitingMiddleware.InvokeInternal(HttpContext context, EnableRateLimitingAttribute enableRateLimitingAttribute)
   at Api.Middleware.GlobalExceptionHandlingMiddleware.InvokeAsync(HttpContext context) in /home/runner/work/Crud/Crud/src/Api/Middleware/GlobalExceptionHandlingMiddleware.cs:line 27
Activity.TraceId:            3135cd0bff9cd1e7a758a78afdb24bd5
Activity.SpanId:             7c1b141779437132
Activity.TraceFlags:         Recorded
Activity.ActivitySourceName: Microsoft.AspNetCore
Activity.DisplayName:        PUT api/Roles/{id:guid}
Activity.Kind:               Server
Activity.StartTime:          2025-09-11T05:34:17.7237071Z
Activity.Duration:           00:00:00.0034448
Activity.Tags:
    server.address: localhost
    http.request.method: PUT
    url.scheme: http
    url.path: /api/roles/b35deafc-a773-4bf5-9721-2fa6da492f4d
    network.protocol.version: 1.1
    http.route: api/Roles/{id:guid}
    http.response.status_code: 404
Resource associated with Activity:
    deployment.environment: Testing
    service.name: Crud.Api
    service.version: 1.0.0
    service.instance.id: 15081513-c9e4-4e0d-aac5-97a71d5ef649
    telemetry.sdk.name: opentelemetry
    telemetry.sdk.language: dotnet
    telemetry.sdk.version: 1.8.1
Metric Name: http.server.active_requests, Number of active HTTP server requests., Unit: {request}, Meter: Microsoft.AspNetCore.Hosting
(2025-09-11T05:34:05.8639977Z, 2025-09-11T05:34:17.7289156Z] http.request.method: POST url.scheme: http LongSumNonMonotonic
Value: 0
(2025-09-11T05:34:05.8639977Z, 2025-09-11T05:34:17.7289156Z] http.request.method: DELETE url.scheme: http LongSumNonMonotonic
Value: 0
(2025-09-11T05:34:05.8639977Z, 2025-09-11T05:34:17.7289156Z] http.request.method: GET url.scheme: http LongSumNonMonotonic
Value: 0
(2025-09-11T05:34:05.8639977Z, 2025-09-11T05:34:17.7289156Z] http.request.method: PUT url.scheme: http LongSumNonMonotonic
Value: 0
Metric Name: http.server.request.duration, Duration of HTTP server requests., Unit: s, Meter: Microsoft.AspNetCore.Hosting
(2025-09-11T05:34:05.8640213Z, 2025-09-11T05:34:17.7289232Z] http.request.method: POST http.response.status_code: 200 http.route: api/Auth/register network.protocol.version: 1.1 url.scheme: http Histogram
Value: Sum: 5.9673496 Count: 20 Min: 0.2960062 Max: 0.3073909 
(-Infinity,0.005]:0
(0.005,0.01]:0
(0.01,0.025]:0
(0.025,0.05]:0
(0.05,0.075]:0
(0.075,0.1]:0
(0.1,0.25]:0
(0.25,0.5]:20
(0.5,0.75]:0
(0.75,1]:0
(1,2.5]:0
(2.5,5]:0
(5,7.5]:0
(7.5,10]:0
(10,+Infinity]:0
(2025-09-11T05:34:05.8640213Z, 2025-09-11T05:34:17.7289232Z] http.request.method: POST http.response.status_code: 200 http.route: api/Auth/login network.protocol.version: 1.1 url.scheme: http Histogram
Value: Sum: 3.8747053999999994 Count: 13 Min: 0.2958517 Max: 0.3029632 
(-Infinity,0.005]:0
(0.005,0.01]:0
(0.01,0.025]:0
(0.025,0.05]:0
(0.05,0.075]:0
(0.075,0.1]:0
(0.1,0.25]:0
(0.25,0.5]:13
(0.5,0.75]:0
(0.75,1]:0
(1,2.5]:0
(2.5,5]:0
(5,7.5]:0
(7.5,10]:0
(10,+Infinity]:0
(2025-09-11T05:34:05.8640213Z, 2025-09-11T05:34:17.7289232Z] http.request.method: DELETE http.response.status_code: 204 http.route: api/Roles/{id:guid} network.protocol.version: 1.1 url.scheme: http Histogram
Value: Sum: 0.0329996 Count: 2 Min: 0.0118946 Max: 0.021105 
(-Infinity,0.005]:0
(0.005,0.01]:0
(0.01,0.025]:2
(0.025,0.05]:0
(0.05,0.075]:0
(0.075,0.1]:0
(0.1,0.25]:0
(0.25,0.5]:0
(0.5,0.75]:0
(0.75,1]:0
(1,2.5]:0
(2.5,5]:0
(5,7.5]:0
(7.5,10]:0
(10,+Infinity]:0
(2025-09-11T05:34:05.8640213Z, 2025-09-11T05:34:17.7289232Z] http.request.method: POST http.response.status_code: 201 http.route: api/Roles network.protocol.version: 1.1 url.scheme: http Histogram
Value: Sum: 0.029700999999999998 Count: 8 Min: 0.0020191 Max: 0.0091405 
(-Infinity,0.005]:6
(0.005,0.01]:2
(0.01,0.025]:0
(0.025,0.05]:0
(0.05,0.075]:0
(0.075,0.1]:0
(0.1,0.25]:0
(0.25,0.5]:0
(0.5,0.75]:0
(0.75,1]:0
(1,2.5]:0
(2.5,5]:0
(5,7.5]:0
(7.5,10]:0
(10,+Infinity]:0
(2025-09-11T05:34:05.8640213Z, 2025-09-11T05:34:17.7289232Z] http.request.method: GET http.response.status_code: 200 http.route: api/Roles network.protocol.version: 1.1 url.scheme: http Histogram
Value: Sum: 0.0072852 Count: 2 Min: 0.0013241 Max: 0.0059611 
(-Infinity,0.005]:1
(0.005,0.01]:1
(0.01,0.025]:0
(0.025,0.05]:0
(0.05,0.075]:0
(0.075,0.1]:0
(0.1,0.25]:0
(0.25,0.5]:0
(0.5,0.75]:0
(0.75,1]:0
(1,2.5]:0
(2.5,5]:0
(5,7.5]:0
(7.5,10]:0
(10,+Infinity]:0
(2025-09-11T05:34:05.8640213Z, 2025-09-11T05:34:17.7289232Z] http.request.method: GET http.response.status_code: 404 http.route: api/Roles/{id:guid} network.protocol.version: 1.1 url.scheme: http Histogram
Value: Sum: 0.0189489 Count: 2 Min: 0.0014089 Max: 0.01754 
(-Infinity,0.005]:1
(0.005,0.01]:0
(0.01,0.025]:1
(0.025,0.05]:0
(0.05,0.075]:0
(0.075,0.1]:0
(0.1,0.25]:0
(0.25,0.5]:0
(0.5,0.75]:0
(0.75,1]:0
(1,2.5]:0
(2.5,5]:0
(5,7.5]:0
(7.5,10]:0
(10,+Infinity]:0
(2025-09-11T05:34:05.8640213Z, 2025-09-11T05:34:17.7289232Z] http.request.method: PUT http.response.status_code: 204 http.route: api/Roles/{id:guid} network.protocol.version: 1.1 url.scheme: http Histogram
Value: Sum: 0.0101979 Count: 1 Min: 0.0101979 Max: 0.0101979 
(-Infinity,0.005]:0
(0.005,0.01]:0
(0.01,0.025]:1
(0.025,0.05]:0
(0.05,0.075]:0
(0.075,0.1]:0
(0.1,0.25]:0
(0.25,0.5]:0
(0.5,0.75]:0
(0.75,1]:0
(1,2.5]:0
(2.5,5]:0
(5,7.5]:0
(7.5,10]:0
(10,+Infinity]:0
(2025-09-11T05:34:05.8640213Z, 2025-09-11T05:34:17.7289232Z] http.request.method: GET http.response.status_code: 200 http.route: api/Roles/{id:guid} network.protocol.version: 1.1 url.scheme: http Histogram
Value: Sum: 0.0078219 Count: 3 Min: 0.0015145 Max: 0.0035616 
(-Infinity,0.005]:3
(0.005,0.01]:0
(0.01,0.025]:0
(0.025,0.05]:0
(0.05,0.075]:0
(0.075,0.1]:0
(0.1,0.25]:0
(0.25,0.5]:0
(0.5,0.75]:0
(0.75,1]:0
(1,2.5]:0
(2.5,5]:0
(5,7.5]:0
(7.5,10]:0
(10,+Infinity]:0
(2025-09-11T05:34:05.8640213Z, 2025-09-11T05:34:17.7289232Z] http.request.method: POST http.response.status_code: 400 http.route: api/Roles network.protocol.version: 1.1 url.scheme: http Histogram
Value: Sum: 0.0045488 Count: 1 Min: 0.0045488 Max: 0.0045488 
(-Infinity,0.005]:1
(0.005,0.01]:0
(0.01,0.025]:0
(0.025,0.05]:0
(0.05,0.075]:0
(0.075,0.1]:0
(0.1,0.25]:0
(0.25,0.5]:0
(0.5,0.75]:0
(0.75,1]:0
(1,2.5]:0
(2.5,5]:0
(5,7.5]:0
(7.5,10]:0
(10,+Infinity]:0
(2025-09-11T05:34:05.8640213Z, 2025-09-11T05:34:17.7289232Z] http.request.method: PUT http.response.status_code: 404 http.route: api/Roles/{id:guid} network.protocol.version: 1.1 url.scheme: http Histogram
Value: Sum: 0.0034345 Count: 1 Min: 0.0034345 Max: 0.0034345 
(-Infinity,0.005]:1
(0.005,0.01]:0
(0.01,0.025]:0
(0.025,0.05]:0
(0.05,0.075]:0
(0.075,0.1]:0
(0.1,0.25]:0
(0.25,0.5]:0
(0.5,0.75]:0
(0.75,1]:0
(1,2.5]:0
(2.5,5]:0
(5,7.5]:0
(7.5,10]:0
(10,+Infinity]:0
Metric Name: aspnetcore.rate_limiting.active_request_leases, Number of HTTP requests that are currently active on the server that hold a rate limiting lease., Unit: {request}, Meter: Microsoft.AspNetCore.RateLimiting
(2025-09-11T05:34:05.8662158Z, 2025-09-11T05:34:17.7289244Z] LongSumNonMonotonic
Value: 0
Metric Name: aspnetcore.rate_limiting.request_lease.duration, The duration of rate limiting leases held by HTTP requests on the server., Unit: s, Meter: Microsoft.AspNetCore.RateLimiting
(2025-09-11T05:34:05.8662433Z, 2025-09-11T05:34:17.7289251Z] Histogram
Value: Sum: 9.944379200000002 Count: 53 Min: 0.0012219 Max: 0.307285 
(-Infinity,0.005]:13
(0.005,0.01]:3
(0.01,0.025]:4
(0.025,0.05]:0
(0.05,0.075]:0
(0.075,0.1]:0
(0.1,0.25]:0
(0.25,0.5]:33
(0.5,0.75]:0
(0.75,1]:0
(1,2.5]:0
(2.5,5]:0
(5,7.5]:0
(7.5,10]:0
(10,+Infinity]:0
Metric Name: aspnetcore.rate_limiting.requests, Number of requests that tried to acquire a rate limiting lease. Requests could be rejected by global or endpoint rate limiting policies. Or the request could be canceled while waiting for the lease., Unit: {request}, Meter: Microsoft.AspNetCore.RateLimiting
(2025-09-11T05:34:05.8662955Z, 2025-09-11T05:34:17.7289284Z] aspnetcore.rate_limiting.result: acquired LongSum
Value: 53
Metric Name: aspnetcore.routing.match_attempts, Number of requests that were attempted to be matched to an endpoint., Unit: {match_attempt}, Meter: Microsoft.AspNetCore.Routing
(2025-09-11T05:34:05.8671214Z, 2025-09-11T05:34:17.7289292Z] aspnetcore.routing.is_fallback: false aspnetcore.routing.match_status: success http.route: api/Auth/register LongSum
Value: 20
(2025-09-11T05:34:05.8671214Z, 2025-09-11T05:34:17.7289292Z] aspnetcore.routing.is_fallback: false aspnetcore.routing.match_status: success http.route: api/Auth/login LongSum
Value: 13
(2025-09-11T05:34:05.8671214Z, 2025-09-11T05:34:17.7289292Z] aspnetcore.routing.is_fallback: false aspnetcore.routing.match_status: success http.route: api/Roles/{id:guid} LongSum
Value: 9
(2025-09-11T05:34:05.8671214Z, 2025-09-11T05:34:17.7289292Z] aspnetcore.routing.is_fallback: false aspnetcore.routing.match_status: success http.route: api/Roles LongSum
Value: 11
[05:34:17 INF] Starting Crud API application {"Application": "Crud.Api"}
[05:34:17 INF] Using SQLite provider with connection: Data Source=TestDatabase.db {"Application": "Crud.Api"}
[05:34:17 INF] Database ensured successfully {"Application": "Crud.Api"}
[05:34:17 INF] Application configured successfully. Starting web host... {"Application": "Crud.Api"}
[05:34:17 INF] Resetting database for worker 14813 {"SourceContext": "Infrastructure.Services.DatabaseTestService", "Application": "Crud.Api"}
[05:34:17 INF] Resetting database via file deletion for worker 14813 in CI environment {"SourceContext": "Infrastructure.Services.DatabaseTestService", "Application": "Crud.Api"}
[05:34:17 INF] Acquiring database mutex for worker 14813... {"SourceContext": "Infrastructure.Services.DatabaseTestService", "Application": "Crud.Api"}
[05:34:17 INF] Database mutex acquired for worker 14813 {"SourceContext": "Infrastructure.Services.DatabaseTestService", "Application": "Crud.Api"}
[05:34:17 INF] Current database state - CanConnect: True {"SourceContext": "Infrastructure.Services.DatabaseTestService", "Application": "Crud.Api"}
[05:34:17 INF] [Phase 0] Closing database connection for worker 14813... {"SourceContext": "Infrastructure.Services.DatabaseTestService", "Application": "Crud.Api"}
[05:34:17 INF] [Phase 0] Connection closed in 0.0013ms {"SourceContext": "Infrastructure.Services.DatabaseTestService", "Application": "Crud.Api"}
[05:34:17 INF] [Phase 1] Starting EnsureDeletedAsync for worker 14813... {"SourceContext": "Infrastructure.Services.DatabaseTestService", "Application": "Crud.Api"}
[05:34:17 INF] [Phase 1] EnsureDeletedAsync completed in 1.8799ms {"SourceContext": "Infrastructure.Services.DatabaseTestService", "Application": "Crud.Api"}
[05:34:17 INF] [Phase 2] Starting EnsureCreatedAsync for worker 14813... {"SourceContext": "Infrastructure.Services.DatabaseTestService", "Application": "Crud.Api"}
[05:34:17 INF] [Phase 2] EnsureCreatedAsync completed in 8.6784ms {"SourceContext": "Infrastructure.Services.DatabaseTestService", "Application": "Crud.Api"}
[05:34:17 INF] [Phase 3] Skipping database seeding as requested for worker 14813 {"SourceContext": "Infrastructure.Services.DatabaseTestService", "Application": "Crud.Api"}
[05:34:17 INF] Database reset via file deletion completed for worker 14813 in 111.9254ms (Close: 0.0013ms, Delete: 1.8799ms, Create: 8.6784ms) {"SourceContext": "Infrastructure.Services.DatabaseTestService", "Application": "Crud.Api"}
[05:34:17 INF] Releasing database mutex for worker 14813 {"SourceContext": "Infrastructure.Services.DatabaseTestService", "Application": "Crud.Api"}
[05:34:17 WRN] Failed to determine the https port for redirect. {"EventId": {"Id": 3, "Name": "FailedToDeterminePort"}, "SourceContext": "Microsoft.AspNetCore.HttpsPolicy.HttpsRedirectionMiddleware", "RequestId": "0HNFGUJ46SEVB", "RequestPath": "/api/auth/register", "Application": "Crud.Api"}
[05:34:18 INF] User registered successfully: e617f205-015d-43ab-905f-9d10ee2bb467 {"SourceContext": "App.Features.Authentication.RegisterUserCommandHandler", "ActionId": "117718d0-3cfe-4a5f-98d3-5a51ceb9872b", "ActionName": "Api.Controllers.AuthController.Register (Api)", "RequestId": "0HNFGUJ46SEVB", "RequestPath": "/api/auth/register", "Application": "Crud.Api"}
Activity.TraceId:            59c6f7c2023a4f705a8e5cfc5fd9fe5c
Activity.SpanId:             24f6ba8e3ee8a36a
Activity.TraceFlags:         Recorded
Activity.ActivitySourceName: Microsoft.AspNetCore
Activity.DisplayName:        POST api/Auth/register
Activity.Kind:               Server
Activity.StartTime:          2025-09-11T05:34:17.9303130Z
Activity.Duration:           00:00:00.3118715
Activity.Tags:
    server.address: localhost
    http.request.method: POST
    url.scheme: http
    url.path: /api/auth/register
    network.protocol.version: 1.1
    http.route: api/Auth/register
    http.response.status_code: 200
Resource associated with Activity:
    deployment.environment: Testing
    service.name: Crud.Api
    service.version: 1.0.0
    service.instance.id: 15081513-c9e4-4e0d-aac5-97a71d5ef649
    telemetry.sdk.name: opentelemetry
    telemetry.sdk.language: dotnet
    telemetry.sdk.version: 1.8.1
[05:34:18 INF] User registered successfully: 84e3b060-ddfd-4360-97f5-33ca69451ba7 {"SourceContext": "App.Features.Authentication.RegisterUserCommandHandler", "ActionId": "117718d0-3cfe-4a5f-98d3-5a51ceb9872b", "ActionName": "Api.Controllers.AuthController.Register (Api)", "RequestId": "0HNFGUJ46SEVC", "RequestPath": "/api/auth/register", "Application": "Crud.Api"}
Activity.TraceId:            0bb511f0d8708d04c03735dce0a88f34
Activity.SpanId:             eb49b2b5ec893ab5
Activity.TraceFlags:         Recorded
Activity.ActivitySourceName: Microsoft.AspNetCore
Activity.DisplayName:        POST api/Auth/register
Activity.Kind:               Server
Activity.StartTime:          2025-09-11T05:34:18.2427543Z
Activity.Duration:           00:00:00.2982434
Activity.Tags:
    server.address: localhost
    http.request.method: POST
    url.scheme: http
    url.path: /api/auth/register
    network.protocol.version: 1.1
    http.route: api/Auth/register
    http.response.status_code: 200
Resource associated with Activity:
    deployment.environment: Testing
    service.name: Crud.Api
    service.version: 1.0.0
    service.instance.id: 15081513-c9e4-4e0d-aac5-97a71d5ef649
    telemetry.sdk.name: opentelemetry
    telemetry.sdk.language: dotnet
    telemetry.sdk.version: 1.8.1
[05:34:18 INF] User logged in successfully: 84e3b060-ddfd-4360-97f5-33ca69451ba7 {"SourceContext": "App.Features.Authentication.LoginCommandHandler", "ActionId": "832e1bd7-0e8c-48db-bc10-35df43d63c28", "ActionName": "Api.Controllers.AuthController.Login (Api)", "RequestId": "0HNFGUJ46SEVD", "RequestPath": "/api/auth/login", "Application": "Crud.Api"}
Activity.TraceId:            eac0aa3b98324d9f569467ecb454dd5f
Activity.SpanId:             6be70ecac7fc6ade
Activity.TraceFlags:         Recorded
Activity.ActivitySourceName: Microsoft.AspNetCore
Activity.DisplayName:        POST api/Auth/login
Activity.Kind:               Server
Activity.StartTime:          2025-09-11T05:34:18.5433226Z
Activity.Duration:           00:00:00.3033306
Activity.Tags:
    server.address: localhost
    http.request.method: POST
    url.scheme: http
    url.path: /api/auth/login
    network.protocol.version: 1.1
    http.route: api/Auth/login
    http.response.status_code: 200
Resource associated with Activity:
    deployment.environment: Testing
    service.name: Crud.Api
    service.version: 1.0.0
    service.instance.id: 15081513-c9e4-4e0d-aac5-97a71d5ef649
    telemetry.sdk.name: opentelemetry
    telemetry.sdk.language: dotnet
    telemetry.sdk.version: 1.8.1
[05:34:18 DBG] Cache miss for key: list:window {"SourceContext": "Infrastructure.Services.Caching.InMemoryCacheService", "ActionId": "84be998a-98b1-42a6-ad9a-b4cfdf4a0096", "ActionName": "Api.Controllers.WindowsController.List (Api)", "RequestId": "0HNFGUJ46SEVE", "RequestPath": "/api/windows", "Application": "Crud.Api"}
[05:34:18 DBG] Set cache value for key: list:window {"SourceContext": "Infrastructure.Services.Caching.InMemoryCacheService", "ActionId": "84be998a-98b1-42a6-ad9a-b4cfdf4a0096", "ActionName": "Api.Controllers.WindowsController.List (Api)", "RequestId": "0HNFGUJ46SEVE", "RequestPath": "/api/windows", "Application": "Crud.Api"}
Activity.TraceId:            041e42c4117483dc6952de43e92f69a8
Activity.SpanId:             8f167251a7f54847
Activity.TraceFlags:         Recorded
Activity.ActivitySourceName: Microsoft.AspNetCore
Activity.DisplayName:        GET api/Windows
Activity.Kind:               Server
Activity.StartTime:          2025-09-11T05:34:18.8469564Z
Activity.Duration:           00:00:00.0170643
Activity.Tags:
    server.address: localhost
    http.request.method: GET
    url.scheme: http
    url.path: /api/windows
    network.protocol.version: 1.1
    http.route: api/Windows
    http.response.status_code: 200
Resource associated with Activity:
    deployment.environment: Testing
    service.name: Crud.Api
    service.version: 1.0.0
    service.instance.id: 15081513-c9e4-4e0d-aac5-97a71d5ef649
    telemetry.sdk.name: opentelemetry
    telemetry.sdk.language: dotnet
    telemetry.sdk.version: 1.8.1
[05:34:18 DBG] Removed cache value for key: entity:window:69088182704645f4bebcb97a16a76780 {"SourceContext": "Infrastructure.Services.Caching.InMemoryCacheService", "ActionId": "e8d31d61-4981-42ac-82a0-6af10b89d4d5", "ActionName": "Api.Controllers.WindowsController.Create (Api)", "RequestId": "0HNFGUJ46SEVF", "RequestPath": "/api/windows", "Application": "Crud.Api"}
[05:34:18 DBG] Removed cache value for key: list:window {"SourceContext": "Infrastructure.Services.Caching.InMemoryCacheService", "ActionId": "e8d31d61-4981-42ac-82a0-6af10b89d4d5", "ActionName": "Api.Controllers.WindowsController.Create (Api)", "RequestId": "0HNFGUJ46SEVF", "RequestPath": "/api/windows", "Application": "Crud.Api"}
[05:34:18 DBG] Invalidating cache for entity type: windows with tag: windows {"SourceContext": "Api.Services.OutputCacheInvalidationService", "ActionId": "e8d31d61-4981-42ac-82a0-6af10b89d4d5", "ActionName": "Api.Controllers.WindowsController.Create (Api)", "RequestId": "0HNFGUJ46SEVF", "RequestPath": "/api/windows", "Application": "Crud.Api"}
[05:34:18 INF] Successfully invalidated cache for entity type: windows {"SourceContext": "Api.Services.OutputCacheInvalidationService", "ActionId": "e8d31d61-4981-42ac-82a0-6af10b89d4d5", "ActionName": "Api.Controllers.WindowsController.Create (Api)", "RequestId": "0HNFGUJ46SEVF", "RequestPath": "/api/windows", "Application": "Crud.Api"}
Activity.TraceId:            cc3d1e54bb643668a022d6790c917b50
Activity.SpanId:             7021adfe76057f93
Activity.TraceFlags:         Recorded
Activity.ActivitySourceName: Microsoft.AspNetCore
Activity.DisplayName:        POST api/Windows
Activity.Kind:               Server
Activity.StartTime:          2025-09-11T05:34:18.8669672Z
Activity.Duration:           00:00:00.0326313
Activity.Tags:
    server.address: localhost
    http.request.method: POST
    url.scheme: http
    url.path: /api/windows
    network.protocol.version: 1.1
    http.route: api/Windows
    http.response.status_code: 201
Resource associated with Activity:
    deployment.environment: Testing
    service.name: Crud.Api
    service.version: 1.0.0
    service.instance.id: 15081513-c9e4-4e0d-aac5-97a71d5ef649
    telemetry.sdk.name: opentelemetry
    telemetry.sdk.language: dotnet
    telemetry.sdk.version: 1.8.1
[05:34:18 DBG] Cache miss for key: list:window {"SourceContext": "Infrastructure.Services.Caching.InMemoryCacheService", "ActionId": "84be998a-98b1-42a6-ad9a-b4cfdf4a0096", "ActionName": "Api.Controllers.WindowsController.List (Api)", "RequestId": "0HNFGUJ46SEVG", "RequestPath": "/api/windows", "Application": "Crud.Api"}
[05:34:18 DBG] Set cache value for key: list:window {"SourceContext": "Infrastructure.Services.Caching.InMemoryCacheService", "ActionId": "84be998a-98b1-42a6-ad9a-b4cfdf4a0096", "ActionName": "Api.Controllers.WindowsController.List (Api)", "RequestId": "0HNFGUJ46SEVG", "RequestPath": "/api/windows", "Application": "Crud.Api"}
[05:34:18 DBG] Response not compressed: application/json; charset=utf-8 | Size: 1048 bytes | Path: /api/windows {"SourceContext": "Api.Middleware.CompressionPerformanceMiddleware", "RequestId": "0HNFGUJ46SEVG", "RequestPath": "/api/windows", "Application": "Crud.Api"}
Activity.TraceId:            177ee7dc2373afaf3f321e3e41e00138
Activity.SpanId:             609bee316e2bc664
Activity.TraceFlags:         Recorded
Activity.ActivitySourceName: Microsoft.AspNetCore
Activity.DisplayName:        GET api/Windows
Activity.Kind:               Server
Activity.StartTime:          2025-09-11T05:34:18.8996674Z
Activity.Duration:           00:00:00.0035893
Activity.Tags:
    server.address: localhost
    http.request.method: GET
    url.scheme: http
    url.path: /api/windows
    network.protocol.version: 1.1
    http.route: api/Windows
    http.response.status_code: 200
Resource associated with Activity:
    deployment.environment: Testing
    service.name: Crud.Api
    service.version: 1.0.0
    service.instance.id: 15081513-c9e4-4e0d-aac5-97a71d5ef649
    telemetry.sdk.name: opentelemetry
    telemetry.sdk.language: dotnet
    telemetry.sdk.version: 1.8.1
[05:34:18 INF] Resetting database for worker 14813 {"SourceContext": "Infrastructure.Services.DatabaseTestService", "Application": "Crud.Api"}
[05:34:18 INF] Resetting database via file deletion for worker 14813 in CI environment {"SourceContext": "Infrastructure.Services.DatabaseTestService", "Application": "Crud.Api"}
[05:34:18 INF] Acquiring database mutex for worker 14813... {"SourceContext": "Infrastructure.Services.DatabaseTestService", "Application": "Crud.Api"}
[05:34:18 INF] Database mutex acquired for worker 14813 {"SourceContext": "Infrastructure.Services.DatabaseTestService", "Application": "Crud.Api"}
[05:34:18 INF] Current database state - CanConnect: True {"SourceContext": "Infrastructure.Services.DatabaseTestService", "Application": "Crud.Api"}
[05:34:18 INF] [Phase 0] Closing database connection for worker 14813... {"SourceContext": "Infrastructure.Services.DatabaseTestService", "Application": "Crud.Api"}
[05:34:18 INF] [Phase 0] Connection closed in 0.0007ms {"SourceContext": "Infrastructure.Services.DatabaseTestService", "Application": "Crud.Api"}
[05:34:18 INF] [Phase 1] Starting EnsureDeletedAsync for worker 14813... {"SourceContext": "Infrastructure.Services.DatabaseTestService", "Application": "Crud.Api"}
[05:34:18 INF] [Phase 1] EnsureDeletedAsync completed in 1.6782ms {"SourceContext": "Infrastructure.Services.DatabaseTestService", "Application": "Crud.Api"}
[05:34:19 INF] [Phase 2] Starting EnsureCreatedAsync for worker 14813... {"SourceContext": "Infrastructure.Services.DatabaseTestService", "Application": "Crud.Api"}
[05:34:19 INF] [Phase 2] EnsureCreatedAsync completed in 8.9139ms {"SourceContext": "Infrastructure.Services.DatabaseTestService", "Application": "Crud.Api"}
[05:34:19 INF] [Phase 3] Skipping database seeding as requested for worker 14813 {"SourceContext": "Infrastructure.Services.DatabaseTestService", "Application": "Crud.Api"}
[05:34:19 INF] Database reset via file deletion completed for worker 14813 in 110.9572ms (Close: 0.0007ms, Delete: 1.6782ms, Create: 8.9139ms) {"SourceContext": "Infrastructure.Services.DatabaseTestService", "Application": "Crud.Api"}
[05:34:19 INF] Releasing database mutex for worker 14813 {"SourceContext": "Infrastructure.Services.DatabaseTestService", "Application": "Crud.Api"}
[05:34:19 INF] Resetting database for worker 14813 {"SourceContext": "Infrastructure.Services.DatabaseTestService", "Application": "Crud.Api"}
[05:34:19 INF] Resetting database via file deletion for worker 14813 in CI environment {"SourceContext": "Infrastructure.Services.DatabaseTestService", "Application": "Crud.Api"}
[05:34:19 INF] Acquiring database mutex for worker 14813... {"SourceContext": "Infrastructure.Services.DatabaseTestService", "Application": "Crud.Api"}
[05:34:19 INF] Database mutex acquired for worker 14813 {"SourceContext": "Infrastructure.Services.DatabaseTestService", "Application": "Crud.Api"}
[05:34:19 INF] Current database state - CanConnect: True {"SourceContext": "Infrastructure.Services.DatabaseTestService", "Application": "Crud.Api"}
[05:34:19 INF] [Phase 0] Closing database connection for worker 14813... {"SourceContext": "Infrastructure.Services.DatabaseTestService", "Application": "Crud.Api"}
[05:34:19 INF] [Phase 0] Connection closed in 0.0005ms {"SourceContext": "Infrastructure.Services.DatabaseTestService", "Application": "Crud.Api"}
[05:34:19 INF] [Phase 1] Starting EnsureDeletedAsync for worker 14813... {"SourceContext": "Infrastructure.Services.DatabaseTestService", "Application": "Crud.Api"}
[05:34:19 INF] [Phase 1] EnsureDeletedAsync completed in 1.6688ms {"SourceContext": "Infrastructure.Services.DatabaseTestService", "Application": "Crud.Api"}
[05:34:19 INF] [Phase 2] Starting EnsureCreatedAsync for worker 14813... {"SourceContext": "Infrastructure.Services.DatabaseTestService", "Application": "Crud.Api"}
[05:34:19 INF] [Phase 2] EnsureCreatedAsync completed in 15.2349ms {"SourceContext": "Infrastructure.Services.DatabaseTestService", "Application": "Crud.Api"}
[05:34:19 INF] [Phase 3] Skipping database seeding as requested for worker 14813 {"SourceContext": "Infrastructure.Services.DatabaseTestService", "Application": "Crud.Api"}
[05:34:19 INF] Database reset via file deletion completed for worker 14813 in 118.4274ms (Close: 0.0005ms, Delete: 1.6688ms, Create: 15.2349ms) {"SourceContext": "Infrastructure.Services.DatabaseTestService", "Application": "Crud.Api"}
[05:34:19 INF] Releasing database mutex for worker 14813 {"SourceContext": "Infrastructure.Services.DatabaseTestService", "Application": "Crud.Api"}
[05:34:19 INF] User registered successfully: ab93cc7a-8041-426c-be28-077bb0936c37 {"SourceContext": "App.Features.Authentication.RegisterUserCommandHandler", "ActionId": "117718d0-3cfe-4a5f-98d3-5a51ceb9872b", "ActionName": "Api.Controllers.AuthController.Register (Api)", "RequestId": "0HNFGUJ46SEVH", "RequestPath": "/api/auth/register", "Application": "Crud.Api"}
Activity.TraceId:            6f516aaebeea2a48a9dfc130734a86f6
Activity.SpanId:             5ec28dfb6b5a8be9
Activity.TraceFlags:         Recorded
Activity.ActivitySourceName: Microsoft.AspNetCore
Activity.DisplayName:        POST api/Auth/register
Activity.Kind:               Server
Activity.StartTime:          2025-09-11T05:34:19.1391351Z
Activity.Duration:           00:00:00.3001521
Activity.Tags:
    server.address: localhost
    http.request.method: POST
    url.scheme: http
    url.path: /api/auth/register
    network.protocol.version: 1.1
    http.route: api/Auth/register
    http.response.status_code: 200
Resource associated with Activity:
    deployment.environment: Testing
    service.name: Crud.Api
    service.version: 1.0.0
    service.instance.id: 15081513-c9e4-4e0d-aac5-97a71d5ef649
    telemetry.sdk.name: opentelemetry
    telemetry.sdk.language: dotnet
    telemetry.sdk.version: 1.8.1
[05:34:19 INF] User registered successfully: a98ea3f0-2267-4099-9788-651d1bd39bb0 {"SourceContext": "App.Features.Authentication.RegisterUserCommandHandler", "ActionId": "117718d0-3cfe-4a5f-98d3-5a51ceb9872b", "ActionName": "Api.Controllers.AuthController.Register (Api)", "RequestId": "0HNFGUJ46SEVI", "RequestPath": "/api/auth/register", "Application": "Crud.Api"}
Activity.TraceId:            a43cd95468d108eb455ac061e7687f34
Activity.SpanId:             0d45dbe5fb2d1c3e
Activity.TraceFlags:         Recorded
Activity.ActivitySourceName: Microsoft.AspNetCore
Activity.DisplayName:        POST api/Auth/register
Activity.Kind:               Server
Activity.StartTime:          2025-09-11T05:34:19.4399075Z
Activity.Duration:           00:00:00.3004213
Activity.Tags:
    server.address: localhost
    http.request.method: POST
    url.scheme: http
    url.path: /api/auth/register
    network.protocol.version: 1.1
    http.route: api/Auth/register
    http.response.status_code: 200
Resource associated with Activity:
    deployment.environment: Testing
    service.name: Crud.Api
    service.version: 1.0.0
    service.instance.id: 15081513-c9e4-4e0d-aac5-97a71d5ef649
    telemetry.sdk.name: opentelemetry
    telemetry.sdk.language: dotnet
    telemetry.sdk.version: 1.8.1
[05:34:20 INF] User logged in successfully: a98ea3f0-2267-4099-9788-651d1bd39bb0 {"SourceContext": "App.Features.Authentication.LoginCommandHandler", "ActionId": "832e1bd7-0e8c-48db-bc10-35df43d63c28", "ActionName": "Api.Controllers.AuthController.Login (Api)", "RequestId": "0HNFGUJ46SEVJ", "RequestPath": "/api/auth/login", "Application": "Crud.Api"}
Activity.TraceId:            480445631c6f4bc2f637b881a2961e5b
Activity.SpanId:             072bf316ef5d56d1
Activity.TraceFlags:         Recorded
Activity.ActivitySourceName: Microsoft.AspNetCore
Activity.DisplayName:        POST api/Auth/login
Activity.Kind:               Server
Activity.StartTime:          2025-09-11T05:34:19.7413663Z
Activity.Duration:           00:00:00.2961928
Activity.Tags:
    server.address: localhost
    http.request.method: POST
    url.scheme: http
    url.path: /api/auth/login
    network.protocol.version: 1.1
    http.route: api/Auth/login
    http.response.status_code: 200
Resource associated with Activity:
    deployment.environment: Testing
    service.name: Crud.Api
    service.version: 1.0.0
    service.instance.id: 15081513-c9e4-4e0d-aac5-97a71d5ef649
    telemetry.sdk.name: opentelemetry
    telemetry.sdk.language: dotnet
    telemetry.sdk.version: 1.8.1
[05:34:20 DBG] Cache miss for key: list:person {"SourceContext": "Infrastructure.Services.Caching.InMemoryCacheService", "ActionId": "33df282f-de9a-4510-bf44-4c3d36283e61", "ActionName": "Api.Controllers.PeopleController.List (Api)", "RequestId": "0HNFGUJ46SEVK", "RequestPath": "/api/people", "Application": "Crud.Api"}
[05:34:20 DBG] Set cache value for key: list:person {"SourceContext": "Infrastructure.Services.Caching.InMemoryCacheService", "ActionId": "33df282f-de9a-4510-bf44-4c3d36283e61", "ActionName": "Api.Controllers.PeopleController.List (Api)", "RequestId": "0HNFGUJ46SEVK", "RequestPath": "/api/people", "Application": "Crud.Api"}
Activity.TraceId:            ccf9c8a1b0a6d13a15d1b5865c9d589e
Activity.SpanId:             e638ebb0bd296780
Activity.TraceFlags:         Recorded
Activity.ActivitySourceName: Microsoft.AspNetCore
Activity.DisplayName:        GET api/People
Activity.Kind:               Server
Activity.StartTime:          2025-09-11T05:34:20.0378641Z
Activity.Duration:           00:00:00.0107146
Activity.Tags:
    server.address: localhost
    http.request.method: GET
    url.scheme: http
    url.path: /api/people
    network.protocol.version: 1.1
    http.route: api/People
    http.response.status_code: 200
Resource associated with Activity:
    deployment.environment: Testing
    service.name: Crud.Api
    service.version: 1.0.0
    service.instance.id: 15081513-c9e4-4e0d-aac5-97a71d5ef649
    telemetry.sdk.name: opentelemetry
    telemetry.sdk.language: dotnet
    telemetry.sdk.version: 1.8.1
[05:34:20 DBG] Removed cache value for key: entity:person:95de7fb825d345088221886fec12d69a {"SourceContext": "Infrastructure.Services.Caching.InMemoryCacheService", "ActionId": "6f732b01-d61f-4d63-8a4e-d0bfa703ebad", "ActionName": "Api.Controllers.PeopleController.Create (Api)", "RequestId": "0HNFGUJ46SEVL", "RequestPath": "/api/people", "Application": "Crud.Api"}
[05:34:20 DBG] Removed cache value for key: list:person {"SourceContext": "Infrastructure.Services.Caching.InMemoryCacheService", "ActionId": "6f732b01-d61f-4d63-8a4e-d0bfa703ebad", "ActionName": "Api.Controllers.PeopleController.Create (Api)", "RequestId": "0HNFGUJ46SEVL", "RequestPath": "/api/people", "Application": "Crud.Api"}
[05:34:20 DBG] Invalidating cache for entity type: people with tag: people {"SourceContext": "Api.Services.OutputCacheInvalidationService", "ActionId": "6f732b01-d61f-4d63-8a4e-d0bfa703ebad", "ActionName": "Api.Controllers.PeopleController.Create (Api)", "RequestId": "0HNFGUJ46SEVL", "RequestPath": "/api/people", "Application": "Crud.Api"}
[05:34:20 INF] Successfully invalidated cache for entity type: people {"SourceContext": "Api.Services.OutputCacheInvalidationService", "ActionId": "6f732b01-d61f-4d63-8a4e-d0bfa703ebad", "ActionName": "Api.Controllers.PeopleController.Create (Api)", "RequestId": "0HNFGUJ46SEVL", "RequestPath": "/api/people", "Application": "Crud.Api"}
Activity.TraceId:            72aafe2f2d70a1ab5dadb12d69c6f6ef
Activity.SpanId:             24523f49d1c275bb
Activity.TraceFlags:         Recorded
Activity.ActivitySourceName: Microsoft.AspNetCore
Activity.DisplayName:        POST api/People
Activity.Kind:               Server
Activity.StartTime:          2025-09-11T05:34:20.0487249Z
Activity.Duration:           00:00:00.0116662
Activity.Tags:
    server.address: localhost
    http.request.method: POST
    url.scheme: http
    url.path: /api/people
    network.protocol.version: 1.1
    http.route: api/People
    http.response.status_code: 201
Resource associated with Activity:
    deployment.environment: Testing
    service.name: Crud.Api
    service.version: 1.0.0
    service.instance.id: 15081513-c9e4-4e0d-aac5-97a71d5ef649
    telemetry.sdk.name: opentelemetry
    telemetry.sdk.language: dotnet
    telemetry.sdk.version: 1.8.1
[05:34:20 DBG] Cache miss for key: list:person {"SourceContext": "Infrastructure.Services.Caching.InMemoryCacheService", "ActionId": "33df282f-de9a-4510-bf44-4c3d36283e61", "ActionName": "Api.Controllers.PeopleController.List (Api)", "RequestId": "0HNFGUJ46SEVM", "RequestPath": "/api/people", "Application": "Crud.Api"}
[05:34:20 DBG] Set cache value for key: list:person {"SourceContext": "Infrastructure.Services.Caching.InMemoryCacheService", "ActionId": "33df282f-de9a-4510-bf44-4c3d36283e61", "ActionName": "Api.Controllers.PeopleController.List (Api)", "RequestId": "0HNFGUJ46SEVM", "RequestPath": "/api/people", "Application": "Crud.Api"}
Activity.TraceId:            0de19760d38a66b4ba0edfd6b3656b60
Activity.SpanId:             181eef92c2b37cc2
Activity.TraceFlags:         Recorded
Activity.ActivitySourceName: Microsoft.AspNetCore
Activity.DisplayName:        GET api/People
Activity.Kind:               Server
Activity.StartTime:          2025-09-11T05:34:20.0604801Z
Activity.Duration:           00:00:00.0018974
Activity.Tags:
    server.address: localhost
    http.request.method: GET
    url.scheme: http
    url.path: /api/people
    network.protocol.version: 1.1
    http.route: api/People
    http.response.status_code: 200
Resource associated with Activity:
    deployment.environment: Testing
    service.name: Crud.Api
    service.version: 1.0.0
    service.instance.id: 15081513-c9e4-4e0d-aac5-97a71d5ef649
    telemetry.sdk.name: opentelemetry
    telemetry.sdk.language: dotnet
    telemetry.sdk.version: 1.8.1
[05:34:20 INF] Resetting database for worker 14813 {"SourceContext": "Infrastructure.Services.DatabaseTestService", "Application": "Crud.Api"}
[05:34:20 INF] Resetting database via file deletion for worker 14813 in CI environment {"SourceContext": "Infrastructure.Services.DatabaseTestService", "Application": "Crud.Api"}
[05:34:20 INF] Acquiring database mutex for worker 14813... {"SourceContext": "Infrastructure.Services.DatabaseTestService", "Application": "Crud.Api"}
[05:34:20 INF] Database mutex acquired for worker 14813 {"SourceContext": "Infrastructure.Services.DatabaseTestService", "Application": "Crud.Api"}
[05:34:20 INF] Current database state - CanConnect: True {"SourceContext": "Infrastructure.Services.DatabaseTestService", "Application": "Crud.Api"}
[05:34:20 INF] [Phase 0] Closing database connection for worker 14813... {"SourceContext": "Infrastructure.Services.DatabaseTestService", "Application": "Crud.Api"}
[05:34:20 INF] [Phase 0] Connection closed in 0.0008ms {"SourceContext": "Infrastructure.Services.DatabaseTestService", "Application": "Crud.Api"}
[05:34:20 INF] [Phase 1] Starting EnsureDeletedAsync for worker 14813... {"SourceContext": "Infrastructure.Services.DatabaseTestService", "Application": "Crud.Api"}
[05:34:20 INF] [Phase 1] EnsureDeletedAsync completed in 1.73ms {"SourceContext": "Infrastructure.Services.DatabaseTestService", "Application": "Crud.Api"}
[05:34:20 INF] [Phase 2] Starting EnsureCreatedAsync for worker 14813... {"SourceContext": "Infrastructure.Services.DatabaseTestService", "Application": "Crud.Api"}
[05:34:20 INF] [Phase 2] EnsureCreatedAsync completed in 9.0064ms {"SourceContext": "Infrastructure.Services.DatabaseTestService", "Application": "Crud.Api"}
[05:34:20 INF] [Phase 3] Skipping database seeding as requested for worker 14813 {"SourceContext": "Infrastructure.Services.DatabaseTestService", "Application": "Crud.Api"}
[05:34:20 INF] Database reset via file deletion completed for worker 14813 in 110.6424ms (Close: 0.0008ms, Delete: 1.73ms, Create: 9.0064ms) {"SourceContext": "Infrastructure.Services.DatabaseTestService", "Application": "Crud.Api"}
[05:34:20 INF] Releasing database mutex for worker 14813 {"SourceContext": "Infrastructure.Services.DatabaseTestService", "Application": "Crud.Api"}
[05:34:20 INF] Resetting database for worker 14813 {"SourceContext": "Infrastructure.Services.DatabaseTestService", "Application": "Crud.Api"}
[05:34:20 INF] Resetting database via file deletion for worker 14813 in CI environment {"SourceContext": "Infrastructure.Services.DatabaseTestService", "Application": "Crud.Api"}
[05:34:20 INF] Acquiring database mutex for worker 14813... {"SourceContext": "Infrastructure.Services.DatabaseTestService", "Application": "Crud.Api"}
[05:34:20 INF] Database mutex acquired for worker 14813 {"SourceContext": "Infrastructure.Services.DatabaseTestService", "Application": "Crud.Api"}
[05:34:20 INF] Current database state - CanConnect: True {"SourceContext": "Infrastructure.Services.DatabaseTestService", "Application": "Crud.Api"}
[05:34:20 INF] [Phase 0] Closing database connection for worker 14813... {"SourceContext": "Infrastructure.Services.DatabaseTestService", "Application": "Crud.Api"}
[05:34:20 INF] [Phase 0] Connection closed in 0.0007ms {"SourceContext": "Infrastructure.Services.DatabaseTestService", "Application": "Crud.Api"}
[05:34:20 INF] [Phase 1] Starting EnsureDeletedAsync for worker 14813... {"SourceContext": "Infrastructure.Services.DatabaseTestService", "Application": "Crud.Api"}
[05:34:20 INF] [Phase 1] EnsureDeletedAsync completed in 1.5183ms {"SourceContext": "Infrastructure.Services.DatabaseTestService", "Application": "Crud.Api"}
[05:34:20 INF] [Phase 2] Starting EnsureCreatedAsync for worker 14813... {"SourceContext": "Infrastructure.Services.DatabaseTestService", "Application": "Crud.Api"}
[05:34:20 INF] [Phase 2] EnsureCreatedAsync completed in 8.9544ms {"SourceContext": "Infrastructure.Services.DatabaseTestService", "Application": "Crud.Api"}
[05:34:20 INF] [Phase 3] Skipping database seeding as requested for worker 14813 {"SourceContext": "Infrastructure.Services.DatabaseTestService", "Application": "Crud.Api"}
[05:34:20 INF] Database reset via file deletion completed for worker 14813 in 111.086ms (Close: 0.0007ms, Delete: 1.5183ms, Create: 8.9544ms) {"SourceContext": "Infrastructure.Services.DatabaseTestService", "Application": "Crud.Api"}
[05:34:20 INF] Releasing database mutex for worker 14813 {"SourceContext": "Infrastructure.Services.DatabaseTestService", "Application": "Crud.Api"}
[05:34:20 INF] User registered successfully: 91eaba1b-a68a-4e53-80c8-f847a5456313 {"SourceContext": "App.Features.Authentication.RegisterUserCommandHandler", "ActionId": "117718d0-3cfe-4a5f-98d3-5a51ceb9872b", "ActionName": "Api.Controllers.AuthController.Register (Api)", "RequestId": "0HNFGUJ46SEVN", "RequestPath": "/api/auth/register", "Application": "Crud.Api"}
Activity.TraceId:            e1b77a1b7216fcb7c8d24ce7198a5bec
Activity.SpanId:             80b2ffb7d67434f3
Activity.TraceFlags:         Recorded
Activity.ActivitySourceName: Microsoft.AspNetCore
Activity.DisplayName:        POST api/Auth/register
Activity.Kind:               Server
Activity.StartTime:          2025-09-11T05:34:20.2897540Z
Activity.Duration:           00:00:00.2988699
Activity.Tags:
    server.address: localhost
    http.request.method: POST
    url.scheme: http
    url.path: /api/auth/register
    network.protocol.version: 1.1
    http.route: api/Auth/register
    http.response.status_code: 200
Resource associated with Activity:
    deployment.environment: Testing
    service.name: Crud.Api
    service.version: 1.0.0
    service.instance.id: 15081513-c9e4-4e0d-aac5-97a71d5ef649
    telemetry.sdk.name: opentelemetry
    telemetry.sdk.language: dotnet
    telemetry.sdk.version: 1.8.1
[05:34:20 INF] User registered successfully: e82a0d41-5e98-47ae-b78f-13200f360a68 {"SourceContext": "App.Features.Authentication.RegisterUserCommandHandler", "ActionId": "117718d0-3cfe-4a5f-98d3-5a51ceb9872b", "ActionName": "Api.Controllers.AuthController.Register (Api)", "RequestId": "0HNFGUJ46SEVO", "RequestPath": "/api/auth/register", "Application": "Crud.Api"}
Activity.TraceId:            e1d0d18667b6a0253444725a5e821d5e
Activity.SpanId:             a995772e88e97b78
Activity.TraceFlags:         Recorded
Activity.ActivitySourceName: Microsoft.AspNetCore
Activity.DisplayName:        POST api/Auth/register
Activity.Kind:               Server
Activity.StartTime:          2025-09-11T05:34:20.5893906Z
Activity.Duration:           00:00:00.2960669
Activity.Tags:
    server.address: localhost
    http.request.method: POST
    url.scheme: http
    url.path: /api/auth/register
    network.protocol.version: 1.1
    http.route: api/Auth/register
    http.response.status_code: 200
Resource associated with Activity:
    deployment.environment: Testing
    service.name: Crud.Api
    service.version: 1.0.0
    service.instance.id: 15081513-c9e4-4e0d-aac5-97a71d5ef649
    telemetry.sdk.name: opentelemetry
    telemetry.sdk.language: dotnet
    telemetry.sdk.version: 1.8.1
[05:34:21 INF] User logged in successfully: e82a0d41-5e98-47ae-b78f-13200f360a68 {"SourceContext": "App.Features.Authentication.LoginCommandHandler", "ActionId": "832e1bd7-0e8c-48db-bc10-35df43d63c28", "ActionName": "Api.Controllers.AuthController.Login (Api)", "RequestId": "0HNFGUJ46SEVP", "RequestPath": "/api/auth/login", "Application": "Crud.Api"}
Activity.TraceId:            dbb6f57eaa60b4c1e55f0ff3ae127cb4
Activity.SpanId:             f9f391e5103fff12
Activity.TraceFlags:         Recorded
Activity.ActivitySourceName: Microsoft.AspNetCore
Activity.DisplayName:        POST api/Auth/login
Activity.Kind:               Server
Activity.StartTime:          2025-09-11T05:34:20.8864531Z
Activity.Duration:           00:00:00.2983541
Activity.Tags:
    server.address: localhost
    http.request.method: POST
    url.scheme: http
    url.path: /api/auth/login
    network.protocol.version: 1.1
    http.route: api/Auth/login
    http.response.status_code: 200
Resource associated with Activity:
    deployment.environment: Testing
    service.name: Crud.Api
    service.version: 1.0.0
    service.instance.id: 15081513-c9e4-4e0d-aac5-97a71d5ef649
    telemetry.sdk.name: opentelemetry
    telemetry.sdk.language: dotnet
    telemetry.sdk.version: 1.8.1
[05:34:21 DBG] Cache miss for key: list:role {"SourceContext": "Infrastructure.Services.Caching.InMemoryCacheService", "ActionId": "b8c3128e-858d-4179-849e-fc637770c499", "ActionName": "Api.Controllers.RolesController.List (Api)", "RequestId": "0HNFGUJ46SEVQ", "RequestPath": "/api/roles", "Application": "Crud.Api"}
[05:34:21 DBG] Set cache value for key: list:role {"SourceContext": "Infrastructure.Services.Caching.InMemoryCacheService", "ActionId": "b8c3128e-858d-4179-849e-fc637770c499", "ActionName": "Api.Controllers.RolesController.List (Api)", "RequestId": "0HNFGUJ46SEVQ", "RequestPath": "/api/roles", "Application": "Crud.Api"}
Activity.TraceId:            509e801698d16dc147d86015519cf99b
Activity.SpanId:             32e3f49506650a00
Activity.TraceFlags:         Recorded
Activity.ActivitySourceName: Microsoft.AspNetCore
Activity.DisplayName:        GET api/Roles
Activity.Kind:               Server
Activity.StartTime:          2025-09-11T05:34:21.1853672Z
Activity.Duration:           00:00:00.0071292
Activity.Tags:
    server.address: localhost
    http.request.method: GET
    url.scheme: http
    url.path: /api/roles
    network.protocol.version: 1.1
    http.route: api/Roles
    http.response.status_code: 200
Resource associated with Activity:
    deployment.environment: Testing
    service.name: Crud.Api
    service.version: 1.0.0
    service.instance.id: 15081513-c9e4-4e0d-aac5-97a71d5ef649
    telemetry.sdk.name: opentelemetry
    telemetry.sdk.language: dotnet
    telemetry.sdk.version: 1.8.1
[05:34:21 DBG] Cache miss for key: name:role:new_role {"SourceContext": "Infrastructure.Services.Caching.InMemoryCacheService", "ActionId": "89fe24a8-5cb4-4181-8a28-cb0b003ef626", "ActionName": "Api.Controllers.RolesController.Create (Api)", "RequestId": "0HNFGUJ46SEVR", "RequestPath": "/api/roles", "Application": "Crud.Api"}
[05:34:21 DBG] Removed cache value for key: entity:role:bcc5d2bd494d474c86017caa0c472fcb {"SourceContext": "Infrastructure.Services.Caching.InMemoryCacheService", "ActionId": "89fe24a8-5cb4-4181-8a28-cb0b003ef626", "ActionName": "Api.Controllers.RolesController.Create (Api)", "RequestId": "0HNFGUJ46SEVR", "RequestPath": "/api/roles", "Application": "Crud.Api"}
[05:34:21 DBG] Removed cache value for key: list:role {"SourceContext": "Infrastructure.Services.Caching.InMemoryCacheService", "ActionId": "89fe24a8-5cb4-4181-8a28-cb0b003ef626", "ActionName": "Api.Controllers.RolesController.Create (Api)", "RequestId": "0HNFGUJ46SEVR", "RequestPath": "/api/roles", "Application": "Crud.Api"}
[05:34:21 DBG] Invalidating cache for entity type: roles with tag: roles {"SourceContext": "Api.Services.OutputCacheInvalidationService", "ActionId": "89fe24a8-5cb4-4181-8a28-cb0b003ef626", "ActionName": "Api.Controllers.RolesController.Create (Api)", "RequestId": "0HNFGUJ46SEVR", "RequestPath": "/api/roles", "Application": "Crud.Api"}
[05:34:21 INF] Successfully invalidated cache for entity type: roles {"SourceContext": "Api.Services.OutputCacheInvalidationService", "ActionId": "89fe24a8-5cb4-4181-8a28-cb0b003ef626", "ActionName": "Api.Controllers.RolesController.Create (Api)", "RequestId": "0HNFGUJ46SEVR", "RequestPath": "/api/roles", "Application": "Crud.Api"}
Activity.TraceId:            7eb9df42811d4cfa32f7114387fbf387
Activity.SpanId:             9ff8dbf9a2f6ca16
Activity.TraceFlags:         Recorded
Activity.ActivitySourceName: Microsoft.AspNetCore
Activity.DisplayName:        POST api/Roles
Activity.Kind:               Server
Activity.StartTime:          2025-09-11T05:34:21.1925832Z
Activity.Duration:           00:00:00.0090118
Activity.Tags:
    server.address: localhost
    http.request.method: POST
    url.scheme: http
    url.path: /api/roles
    network.protocol.version: 1.1
    http.route: api/Roles
    http.response.status_code: 201
Resource associated with Activity:
    deployment.environment: Testing
    service.name: Crud.Api
    service.version: 1.0.0
    service.instance.id: 15081513-c9e4-4e0d-aac5-97a71d5ef649
    telemetry.sdk.name: opentelemetry
    telemetry.sdk.language: dotnet
    telemetry.sdk.version: 1.8.1
[05:34:21 DBG] Cache miss for key: list:role {"SourceContext": "Infrastructure.Services.Caching.InMemoryCacheService", "ActionId": "b8c3128e-858d-4179-849e-fc637770c499", "ActionName": "Api.Controllers.RolesController.List (Api)", "RequestId": "0HNFGUJ46SEVS", "RequestPath": "/api/roles", "Application": "Crud.Api"}
[05:34:21 DBG] Set cache value for key: list:role {"SourceContext": "Infrastructure.Services.Caching.InMemoryCacheService", "ActionId": "b8c3128e-858d-4179-849e-fc637770c499", "ActionName": "Api.Controllers.RolesController.List (Api)", "RequestId": "0HNFGUJ46SEVS", "RequestPath": "/api/roles", "Application": "Crud.Api"}
Activity.TraceId:            e27c8d4ec9f7d0ed88102d8ce1619eea
Activity.SpanId:             16dfa9b87c3f41c2
Activity.TraceFlags:         Recorded
Activity.ActivitySourceName: Microsoft.AspNetCore
Activity.DisplayName:        GET api/Roles
Activity.Kind:               Server
Activity.StartTime:          2025-09-11T05:34:21.2016550Z
Activity.Duration:           00:00:00.0008596
Activity.Tags:
    server.address: localhost
    http.request.method: GET
    url.scheme: http
    url.path: /api/roles
    network.protocol.version: 1.1
    http.route: api/Roles
    http.response.status_code: 200
Resource associated with Activity:
    deployment.environment: Testing
    service.name: Crud.Api
    service.version: 1.0.0
    service.instance.id: 15081513-c9e4-4e0d-aac5-97a71d5ef649
    telemetry.sdk.name: opentelemetry
    telemetry.sdk.language: dotnet
    telemetry.sdk.version: 1.8.1
[05:34:21 INF] Resetting database for worker 14813 {"SourceContext": "Infrastructure.Services.DatabaseTestService", "Application": "Crud.Api"}
[05:34:21 INF] Resetting database via file deletion for worker 14813 in CI environment {"SourceContext": "Infrastructure.Services.DatabaseTestService", "Application": "Crud.Api"}
[05:34:21 INF] Acquiring database mutex for worker 14813... {"SourceContext": "Infrastructure.Services.DatabaseTestService", "Application": "Crud.Api"}
[05:34:21 INF] Database mutex acquired for worker 14813 {"SourceContext": "Infrastructure.Services.DatabaseTestService", "Application": "Crud.Api"}
[05:34:21 INF] Current database state - CanConnect: True {"SourceContext": "Infrastructure.Services.DatabaseTestService", "Application": "Crud.Api"}
[05:34:21 INF] [Phase 0] Closing database connection for worker 14813... {"SourceContext": "Infrastructure.Services.DatabaseTestService", "Application": "Crud.Api"}
[05:34:21 INF] [Phase 0] Connection closed in 0.0006ms {"SourceContext": "Infrastructure.Services.DatabaseTestService", "Application": "Crud.Api"}
[05:34:21 INF] [Phase 1] Starting EnsureDeletedAsync for worker 14813... {"SourceContext": "Infrastructure.Services.DatabaseTestService", "Application": "Crud.Api"}
[05:34:21 INF] [Phase 1] EnsureDeletedAsync completed in 1.8947ms {"SourceContext": "Infrastructure.Services.DatabaseTestService", "Application": "Crud.Api"}
[05:34:21 INF] [Phase 2] Starting EnsureCreatedAsync for worker 14813... {"SourceContext": "Infrastructure.Services.DatabaseTestService", "Application": "Crud.Api"}
[05:34:21 INF] [Phase 2] EnsureCreatedAsync completed in 10.3799ms {"SourceContext": "Infrastructure.Services.DatabaseTestService", "Application": "Crud.Api"}
[05:34:21 INF] [Phase 3] Skipping database seeding as requested for worker 14813 {"SourceContext": "Infrastructure.Services.DatabaseTestService", "Application": "Crud.Api"}
[05:34:21 INF] Database reset via file deletion completed for worker 14813 in 113.3951ms (Close: 0.0006ms, Delete: 1.8947ms, Create: 10.3799ms) {"SourceContext": "Infrastructure.Services.DatabaseTestService", "Application": "Crud.Api"}
[05:34:21 INF] Releasing database mutex for worker 14813 {"SourceContext": "Infrastructure.Services.DatabaseTestService", "Application": "Crud.Api"}
[05:34:21 INF] Resetting database for worker 14813 {"SourceContext": "Infrastructure.Services.DatabaseTestService", "Application": "Crud.Api"}
[05:34:21 INF] Resetting database via file deletion for worker 14813 in CI environment {"SourceContext": "Infrastructure.Services.DatabaseTestService", "Application": "Crud.Api"}
[05:34:21 INF] Acquiring database mutex for worker 14813... {"SourceContext": "Infrastructure.Services.DatabaseTestService", "Application": "Crud.Api"}
[05:34:21 INF] Database mutex acquired for worker 14813 {"SourceContext": "Infrastructure.Services.DatabaseTestService", "Application": "Crud.Api"}
[05:34:21 INF] Current database state - CanConnect: True {"SourceContext": "Infrastructure.Services.DatabaseTestService", "Application": "Crud.Api"}
[05:34:21 INF] [Phase 0] Closing database connection for worker 14813... {"SourceContext": "Infrastructure.Services.DatabaseTestService", "Application": "Crud.Api"}
[05:34:21 INF] [Phase 0] Connection closed in 0.0005ms {"SourceContext": "Infrastructure.Services.DatabaseTestService", "Application": "Crud.Api"}
[05:34:21 INF] [Phase 1] Starting EnsureDeletedAsync for worker 14813... {"SourceContext": "Infrastructure.Services.DatabaseTestService", "Application": "Crud.Api"}
[05:34:21 INF] [Phase 1] EnsureDeletedAsync completed in 1.501ms {"SourceContext": "Infrastructure.Services.DatabaseTestService", "Application": "Crud.Api"}
[05:34:21 INF] [Phase 2] Starting EnsureCreatedAsync for worker 14813... {"SourceContext": "Infrastructure.Services.DatabaseTestService", "Application": "Crud.Api"}
[05:34:21 INF] [Phase 2] EnsureCreatedAsync completed in 21.1928ms {"SourceContext": "Infrastructure.Services.DatabaseTestService", "Application": "Crud.Api"}
[05:34:21 INF] [Phase 3] Skipping database seeding as requested for worker 14813 {"SourceContext": "Infrastructure.Services.DatabaseTestService", "Application": "Crud.Api"}
[05:34:21 INF] Database reset via file deletion completed for worker 14813 in 124.0082ms (Close: 0.0005ms, Delete: 1.501ms, Create: 21.1928ms) {"SourceContext": "Infrastructure.Services.DatabaseTestService", "Application": "Crud.Api"}
[05:34:21 INF] Releasing database mutex for worker 14813 {"SourceContext": "Infrastructure.Services.DatabaseTestService", "Application": "Crud.Api"}
[05:34:21 INF] User registered successfully: d0af43ff-f7b2-428b-aefd-3998d900f903 {"SourceContext": "App.Features.Authentication.RegisterUserCommandHandler", "ActionId": "117718d0-3cfe-4a5f-98d3-5a51ceb9872b", "ActionName": "Api.Controllers.AuthController.Register (Api)", "RequestId": "0HNFGUJ46SEVT", "RequestPath": "/api/auth/register", "Application": "Crud.Api"}
Activity.TraceId:            5d96ec9d4e8d146b21aee802fb9473d4
Activity.SpanId:             bd965d234fed83ef
Activity.TraceFlags:         Recorded
Activity.ActivitySourceName: Microsoft.AspNetCore
Activity.DisplayName:        POST api/Auth/register
Activity.Kind:               Server
Activity.StartTime:          2025-09-11T05:34:21.4452398Z
Activity.Duration:           00:00:00.2957047
Activity.Tags:
    server.address: localhost
    http.request.method: POST
    url.scheme: http
    url.path: /api/auth/register
    network.protocol.version: 1.1
    http.route: api/Auth/register
    http.response.status_code: 200
Resource associated with Activity:
    deployment.environment: Testing
    service.name: Crud.Api
    service.version: 1.0.0
    service.instance.id: 15081513-c9e4-4e0d-aac5-97a71d5ef649
    telemetry.sdk.name: opentelemetry
    telemetry.sdk.language: dotnet
    telemetry.sdk.version: 1.8.1
[05:34:22 INF] User registered successfully: 06a0e820-f2f9-40b6-bba1-67493b17b6f4 {"SourceContext": "App.Features.Authentication.RegisterUserCommandHandler", "ActionId": "117718d0-3cfe-4a5f-98d3-5a51ceb9872b", "ActionName": "Api.Controllers.AuthController.Register (Api)", "RequestId": "0HNFGUJ46SEVU", "RequestPath": "/api/auth/register", "Application": "Crud.Api"}
Activity.TraceId:            be3206dcbcc795186753f8b32a302708
Activity.SpanId:             814f16caa33b1472
Activity.TraceFlags:         Recorded
Activity.ActivitySourceName: Microsoft.AspNetCore
Activity.DisplayName:        POST api/Auth/register
Activity.Kind:               Server
Activity.StartTime:          2025-09-11T05:34:21.7416863Z
Activity.Duration:           00:00:00.2961215
Activity.Tags:
    server.address: localhost
    http.request.method: POST
    url.scheme: http
    url.path: /api/auth/register
    network.protocol.version: 1.1
    http.route: api/Auth/register
    http.response.status_code: 200
Resource associated with Activity:
    deployment.environment: Testing
    service.name: Crud.Api
    service.version: 1.0.0
    service.instance.id: 15081513-c9e4-4e0d-aac5-97a71d5ef649
    telemetry.sdk.name: opentelemetry
    telemetry.sdk.language: dotnet
    telemetry.sdk.version: 1.8.1
[05:34:22 INF] User logged in successfully: 06a0e820-f2f9-40b6-bba1-67493b17b6f4 {"SourceContext": "App.Features.Authentication.LoginCommandHandler", "ActionId": "832e1bd7-0e8c-48db-bc10-35df43d63c28", "ActionName": "Api.Controllers.AuthController.Login (Api)", "RequestId": "0HNFGUJ46SEVV", "RequestPath": "/api/auth/login", "Application": "Crud.Api"}
Activity.TraceId:            b190521da607b0f7b7d4c62ce12fcb6b
Activity.SpanId:             34f8dcb39ff3886a
Activity.TraceFlags:         Recorded
Activity.ActivitySourceName: Microsoft.AspNetCore
Activity.DisplayName:        POST api/Auth/login
Activity.Kind:               Server
Activity.StartTime:          2025-09-11T05:34:22.0389424Z
Activity.Duration:           00:00:00.2962459
Activity.Tags:
    server.address: localhost
    http.request.method: POST
    url.scheme: http
    url.path: /api/auth/login
    network.protocol.version: 1.1
    http.route: api/Auth/login
    http.response.status_code: 200
Resource associated with Activity:
    deployment.environment: Testing
    service.name: Crud.Api
    service.version: 1.0.0
    service.instance.id: 15081513-c9e4-4e0d-aac5-97a71d5ef649
    telemetry.sdk.name: opentelemetry
    telemetry.sdk.language: dotnet
    telemetry.sdk.version: 1.8.1
[05:34:22 DBG] Cache hit for key: list:person {"SourceContext": "Infrastructure.Services.Caching.InMemoryCacheService", "ActionId": "33df282f-de9a-4510-bf44-4c3d36283e61", "ActionName": "Api.Controllers.PeopleController.List (Api)", "RequestId": "0HNFGUJ46SF00", "RequestPath": "/api/people", "Application": "Crud.Api"}
Activity.TraceId:            916102e294e290f3efc1d885cd4216b4
Activity.SpanId:             ae314b260652c657
Activity.TraceFlags:         Recorded
Activity.ActivitySourceName: Microsoft.AspNetCore
Activity.DisplayName:        GET api/People
Activity.Kind:               Server
Activity.StartTime:          2025-09-11T05:34:22.3355944Z
Activity.Duration:           00:00:00.0018090
Activity.Tags:
    server.address: localhost
    http.request.method: GET
    url.scheme: http
    url.path: /api/people
    network.protocol.version: 1.1
    http.route: api/People
    http.response.status_code: 200
Resource associated with Activity:
    deployment.environment: Testing
    service.name: Crud.Api
    service.version: 1.0.0
    service.instance.id: 15081513-c9e4-4e0d-aac5-97a71d5ef649
    telemetry.sdk.name: opentelemetry
    telemetry.sdk.language: dotnet
    telemetry.sdk.version: 1.8.1
[05:34:22 DBG] Removed cache value for key: entity:person:43022f6cede94e4caad453fc68ebb6ef {"SourceContext": "Infrastructure.Services.Caching.InMemoryCacheService", "ActionId": "0f849b1b-4b18-45d7-bf94-f238c026e534", "ActionName": "Api.Controllers.PeopleController.Delete (Api)", "RequestId": "0HNFGUJ46SF01", "RequestPath": "/api/people/43022f6c-ede9-4e4c-aad4-53fc68ebb6ef", "Application": "Crud.Api"}
[05:34:22 DBG] Removed cache value for key: list:person {"SourceContext": "Infrastructure.Services.Caching.InMemoryCacheService", "ActionId": "0f849b1b-4b18-45d7-bf94-f238c026e534", "ActionName": "Api.Controllers.PeopleController.Delete (Api)", "RequestId": "0HNFGUJ46SF01", "RequestPath": "/api/people/43022f6c-ede9-4e4c-aad4-53fc68ebb6ef", "Application": "Crud.Api"}
[05:34:22 DBG] Invalidating cache for entity: people/43022f6c-ede9-4e4c-aad4-53fc68ebb6ef with tags: people, people:43022f6c-ede9-4e4c-aad4-53fc68ebb6ef {"SourceContext": "Api.Services.OutputCacheInvalidationService", "ActionId": "0f849b1b-4b18-45d7-bf94-f238c026e534", "ActionName": "Api.Controllers.PeopleController.Delete (Api)", "RequestId": "0HNFGUJ46SF01", "RequestPath": "/api/people/43022f6c-ede9-4e4c-aad4-53fc68ebb6ef", "Application": "Crud.Api"}
[05:34:22 DBG] Successfully invalidated cache for tag: people {"SourceContext": "Api.Services.OutputCacheInvalidationService", "ActionId": "0f849b1b-4b18-45d7-bf94-f238c026e534", "ActionName": "Api.Controllers.PeopleController.Delete (Api)", "RequestId": "0HNFGUJ46SF01", "RequestPath": "/api/people/43022f6c-ede9-4e4c-aad4-53fc68ebb6ef", "Application": "Crud.Api"}
[05:34:22 DBG] Successfully invalidated cache for tag: people:43022f6c-ede9-4e4c-aad4-53fc68ebb6ef {"SourceContext": "Api.Services.OutputCacheInvalidationService", "ActionId": "0f849b1b-4b18-45d7-bf94-f238c026e534", "ActionName": "Api.Controllers.PeopleController.Delete (Api)", "RequestId": "0HNFGUJ46SF01", "RequestPath": "/api/people/43022f6c-ede9-4e4c-aad4-53fc68ebb6ef", "Application": "Crud.Api"}
Activity.TraceId:            fdfe2862ab9dd78d83431361cd72f52a
Activity.SpanId:             e2a07da6ad07c517
Activity.TraceFlags:         Recorded
Activity.ActivitySourceName: Microsoft.AspNetCore
Activity.DisplayName:        DELETE api/People/{id:guid}
Activity.Kind:               Server
Activity.StartTime:          2025-09-11T05:34:22.3374943Z
Activity.Duration:           00:00:00.0099031
Activity.Tags:
    server.address: localhost
    http.request.method: DELETE
    url.scheme: http
    url.path: /api/people/43022f6c-ede9-4e4c-aad4-53fc68ebb6ef
    network.protocol.version: 1.1
    http.route: api/People/{id:guid}
    http.response.status_code: 204
Resource associated with Activity:
    deployment.environment: Testing
    service.name: Crud.Api
    service.version: 1.0.0
    service.instance.id: 15081513-c9e4-4e0d-aac5-97a71d5ef649
    telemetry.sdk.name: opentelemetry
    telemetry.sdk.language: dotnet
    telemetry.sdk.version: 1.8.1
[05:34:22 DBG] Cache miss for key: list:person {"SourceContext": "Infrastructure.Services.Caching.InMemoryCacheService", "ActionId": "33df282f-de9a-4510-bf44-4c3d36283e61", "ActionName": "Api.Controllers.PeopleController.List (Api)", "RequestId": "0HNFGUJ46SF02", "RequestPath": "/api/people", "Application": "Crud.Api"}
[05:34:22 DBG] Set cache value for key: list:person {"SourceContext": "Infrastructure.Services.Caching.InMemoryCacheService", "ActionId": "33df282f-de9a-4510-bf44-4c3d36283e61", "ActionName": "Api.Controllers.PeopleController.List (Api)", "RequestId": "0HNFGUJ46SF02", "RequestPath": "/api/people", "Application": "Crud.Api"}
Activity.TraceId:            74fb5673cd7ac0be7477687ca1fc576c
Activity.SpanId:             5af96bae68630e8a
Activity.TraceFlags:         Recorded
Activity.ActivitySourceName: Microsoft.AspNetCore
Activity.DisplayName:        GET api/People
Activity.Kind:               Server
Activity.StartTime:          2025-09-11T05:34:22.3474621Z
Activity.Duration:           00:00:00.0008241
Activity.Tags:
    server.address: localhost
    http.request.method: GET
    url.scheme: http
    url.path: /api/people
    network.protocol.version: 1.1
    http.route: api/People
    http.response.status_code: 200
Resource associated with Activity:
    deployment.environment: Testing
    service.name: Crud.Api
    service.version: 1.0.0
    service.instance.id: 15081513-c9e4-4e0d-aac5-97a71d5ef649
    telemetry.sdk.name: opentelemetry
    telemetry.sdk.language: dotnet
    telemetry.sdk.version: 1.8.1
[05:34:22 INF] Resetting database for worker 14813 {"SourceContext": "Infrastructure.Services.DatabaseTestService", "Application": "Crud.Api"}
[05:34:22 INF] Resetting database via file deletion for worker 14813 in CI environment {"SourceContext": "Infrastructure.Services.DatabaseTestService", "Application": "Crud.Api"}
[05:34:22 INF] Acquiring database mutex for worker 14813... {"SourceContext": "Infrastructure.Services.DatabaseTestService", "Application": "Crud.Api"}
[05:34:22 INF] Database mutex acquired for worker 14813 {"SourceContext": "Infrastructure.Services.DatabaseTestService", "Application": "Crud.Api"}
[05:34:22 INF] Current database state - CanConnect: True {"SourceContext": "Infrastructure.Services.DatabaseTestService", "Application": "Crud.Api"}
[05:34:22 INF] [Phase 0] Closing database connection for worker 14813... {"SourceContext": "Infrastructure.Services.DatabaseTestService", "Application": "Crud.Api"}
[05:34:22 INF] [Phase 0] Connection closed in 0.0006ms {"SourceContext": "Infrastructure.Services.DatabaseTestService", "Application": "Crud.Api"}
[05:34:22 INF] [Phase 1] Starting EnsureDeletedAsync for worker 14813... {"SourceContext": "Infrastructure.Services.DatabaseTestService", "Application": "Crud.Api"}
[05:34:22 INF] [Phase 1] EnsureDeletedAsync completed in 1.2072ms {"SourceContext": "Infrastructure.Services.DatabaseTestService", "Application": "Crud.Api"}
[05:34:22 INF] [Phase 2] Starting EnsureCreatedAsync for worker 14813... {"SourceContext": "Infrastructure.Services.DatabaseTestService", "Application": "Crud.Api"}
[05:34:22 INF] [Phase 2] EnsureCreatedAsync completed in 7.2767ms {"SourceContext": "Infrastructure.Services.DatabaseTestService", "Application": "Crud.Api"}
[05:34:22 INF] [Phase 3] Skipping database seeding as requested for worker 14813 {"SourceContext": "Infrastructure.Services.DatabaseTestService", "Application": "Crud.Api"}
[05:34:22 INF] Database reset via file deletion completed for worker 14813 in 109.1809ms (Close: 0.0006ms, Delete: 1.2072ms, Create: 7.2767ms) {"SourceContext": "Infrastructure.Services.DatabaseTestService", "Application": "Crud.Api"}
[05:34:22 INF] Releasing database mutex for worker 14813 {"SourceContext": "Infrastructure.Services.DatabaseTestService", "Application": "Crud.Api"}
[05:34:22 INF] Resetting database for worker 14813 {"SourceContext": "Infrastructure.Services.DatabaseTestService", "Application": "Crud.Api"}
[05:34:22 INF] Resetting database via file deletion for worker 14813 in CI environment {"SourceContext": "Infrastructure.Services.DatabaseTestService", "Application": "Crud.Api"}
[05:34:22 INF] Acquiring database mutex for worker 14813... {"SourceContext": "Infrastructure.Services.DatabaseTestService", "Application": "Crud.Api"}
[05:34:22 INF] Database mutex acquired for worker 14813 {"SourceContext": "Infrastructure.Services.DatabaseTestService", "Application": "Crud.Api"}
[05:34:22 INF] Current database state - CanConnect: True {"SourceContext": "Infrastructure.Services.DatabaseTestService", "Application": "Crud.Api"}
[05:34:22 INF] [Phase 0] Closing database connection for worker 14813... {"SourceContext": "Infrastructure.Services.DatabaseTestService", "Application": "Crud.Api"}
[05:34:22 INF] [Phase 0] Connection closed in 0.0005ms {"SourceContext": "Infrastructure.Services.DatabaseTestService", "Application": "Crud.Api"}
[05:34:22 INF] [Phase 1] Starting EnsureDeletedAsync for worker 14813... {"SourceContext": "Infrastructure.Services.DatabaseTestService", "Application": "Crud.Api"}
[05:34:22 INF] [Phase 1] EnsureDeletedAsync completed in 1.0083ms {"SourceContext": "Infrastructure.Services.DatabaseTestService", "Application": "Crud.Api"}
[05:34:22 INF] [Phase 2] Starting EnsureCreatedAsync for worker 14813... {"SourceContext": "Infrastructure.Services.DatabaseTestService", "Application": "Crud.Api"}
[05:34:22 INF] [Phase 2] EnsureCreatedAsync completed in 7.2774ms {"SourceContext": "Infrastructure.Services.DatabaseTestService", "Application": "Crud.Api"}
[05:34:22 INF] [Phase 3] Skipping database seeding as requested for worker 14813 {"SourceContext": "Infrastructure.Services.DatabaseTestService", "Application": "Crud.Api"}
[05:34:22 INF] Database reset via file deletion completed for worker 14813 in 109.3469ms (Close: 0.0005ms, Delete: 1.0083ms, Create: 7.2774ms) {"SourceContext": "Infrastructure.Services.DatabaseTestService", "Application": "Crud.Api"}
[05:34:22 INF] Releasing database mutex for worker 14813 {"SourceContext": "Infrastructure.Services.DatabaseTestService", "Application": "Crud.Api"}
[05:34:22 INF] User registered successfully: 5a67ee33-4ac2-48b6-8797-2668f266fdfb {"SourceContext": "App.Features.Authentication.RegisterUserCommandHandler", "ActionId": "117718d0-3cfe-4a5f-98d3-5a51ceb9872b", "ActionName": "Api.Controllers.AuthController.Register (Api)", "RequestId": "0HNFGUJ46SF03", "RequestPath": "/api/auth/register", "Application": "Crud.Api"}
Activity.TraceId:            0a35742e63661e6ecb7ea8953abd4995
Activity.SpanId:             e49a3e38f04d6a9b
Activity.TraceFlags:         Recorded
Activity.ActivitySourceName: Microsoft.AspNetCore
Activity.DisplayName:        POST api/Auth/register
Activity.Kind:               Server
Activity.StartTime:          2025-09-11T05:34:22.5724564Z
Activity.Duration:           00:00:00.2975014
Activity.Tags:
    server.address: localhost
    http.request.method: POST
    url.scheme: http
    url.path: /api/auth/register
    network.protocol.version: 1.1
    http.route: api/Auth/register
    http.response.status_code: 200
Resource associated with Activity:
    deployment.environment: Testing
    service.name: Crud.Api
    service.version: 1.0.0
    service.instance.id: 15081513-c9e4-4e0d-aac5-97a71d5ef649
    telemetry.sdk.name: opentelemetry
    telemetry.sdk.language: dotnet
    telemetry.sdk.version: 1.8.1
[05:34:23 INF] User registered successfully: b36e69b9-664b-4e91-a99f-e3cad2ece649 {"SourceContext": "App.Features.Authentication.RegisterUserCommandHandler", "ActionId": "117718d0-3cfe-4a5f-98d3-5a51ceb9872b", "ActionName": "Api.Controllers.AuthController.Register (Api)", "RequestId": "0HNFGUJ46SF04", "RequestPath": "/api/auth/register", "Application": "Crud.Api"}
Activity.TraceId:            3b783d5fa678f9d310b21af21de02d58
Activity.SpanId:             458d91a7c4930104
Activity.TraceFlags:         Recorded
Activity.ActivitySourceName: Microsoft.AspNetCore
Activity.DisplayName:        POST api/Auth/register
Activity.Kind:               Server
Activity.StartTime:          2025-09-11T05:34:22.8706981Z
Activity.Duration:           00:00:00.2957656
Activity.Tags:
    server.address: localhost
    http.request.method: POST
    url.scheme: http
    url.path: /api/auth/register
    network.protocol.version: 1.1
    http.route: api/Auth/register
    http.response.status_code: 200
Resource associated with Activity:
    deployment.environment: Testing
    service.name: Crud.Api
    service.version: 1.0.0
    service.instance.id: 15081513-c9e4-4e0d-aac5-97a71d5ef649
    telemetry.sdk.name: opentelemetry
    telemetry.sdk.language: dotnet
    telemetry.sdk.version: 1.8.1
[05:34:23 INF] User logged in successfully: b36e69b9-664b-4e91-a99f-e3cad2ece649 {"SourceContext": "App.Features.Authentication.LoginCommandHandler", "ActionId": "832e1bd7-0e8c-48db-bc10-35df43d63c28", "ActionName": "Api.Controllers.AuthController.Login (Api)", "RequestId": "0HNFGUJ46SF05", "RequestPath": "/api/auth/login", "Application": "Crud.Api"}
Activity.TraceId:            9f7aaf5ce04ae3b6538c03bf90f4ba35
Activity.SpanId:             bfb4bf4a50560dc9
Activity.TraceFlags:         Recorded
Activity.ActivitySourceName: Microsoft.AspNetCore
Activity.DisplayName:        POST api/Auth/login
Activity.Kind:               Server
Activity.StartTime:          2025-09-11T05:34:23.1675785Z
Activity.Duration:           00:00:00.2963925
Activity.Tags:
    server.address: localhost
    http.request.method: POST
    url.scheme: http
    url.path: /api/auth/login
    network.protocol.version: 1.1
    http.route: api/Auth/login
    http.response.status_code: 200
Resource associated with Activity:
    deployment.environment: Testing
    service.name: Crud.Api
    service.version: 1.0.0
    service.instance.id: 15081513-c9e4-4e0d-aac5-97a71d5ef649
    telemetry.sdk.name: opentelemetry
    telemetry.sdk.language: dotnet
    telemetry.sdk.version: 1.8.1
[05:34:23 DBG] Cache miss for key: entity:person:12959d7cf2554da78bdf413709da5630 {"SourceContext": "Infrastructure.Services.Caching.InMemoryCacheService", "ActionId": "46af083f-6e99-4ff8-9f42-9aeba1d79950", "ActionName": "Api.Controllers.PeopleController.Get (Api)", "RequestId": "0HNFGUJ46SF06", "RequestPath": "/api/people/12959d7c-f255-4da7-8bdf-413709da5630", "Application": "Crud.Api"}
[05:34:23 DBG] Set cache value for key: entity:person:12959d7cf2554da78bdf413709da5630 {"SourceContext": "Infrastructure.Services.Caching.InMemoryCacheService", "ActionId": "46af083f-6e99-4ff8-9f42-9aeba1d79950", "ActionName": "Api.Controllers.PeopleController.Get (Api)", "RequestId": "0HNFGUJ46SF06", "RequestPath": "/api/people/12959d7c-f255-4da7-8bdf-413709da5630", "Application": "Crud.Api"}
Activity.TraceId:            c2734c82d97265118f9139ad6289512c
Activity.SpanId:             7353d52f586a4cd4
Activity.TraceFlags:         Recorded
Activity.ActivitySourceName: Microsoft.AspNetCore
Activity.DisplayName:        GET api/People/{id:guid}
Activity.Kind:               Server
Activity.StartTime:          2025-09-11T05:34:23.4644076Z
Activity.Duration:           00:00:00.0043212
Activity.Tags:
    server.address: localhost
    http.request.method: GET
    url.scheme: http
    url.path: /api/people/12959d7c-f255-4da7-8bdf-413709da5630
    network.protocol.version: 1.1
    http.route: api/People/{id:guid}
    http.response.status_code: 200
Resource associated with Activity:
    deployment.environment: Testing
    service.name: Crud.Api
    service.version: 1.0.0
    service.instance.id: 15081513-c9e4-4e0d-aac5-97a71d5ef649
    telemetry.sdk.name: opentelemetry
    telemetry.sdk.language: dotnet
    telemetry.sdk.version: 1.8.1
[05:34:23 DBG] Cache hit for key: list:person {"SourceContext": "Infrastructure.Services.Caching.InMemoryCacheService", "ActionId": "33df282f-de9a-4510-bf44-4c3d36283e61", "ActionName": "Api.Controllers.PeopleController.List (Api)", "RequestId": "0HNFGUJ46SF07", "RequestPath": "/api/people", "Application": "Crud.Api"}
Activity.TraceId:            2d7b4690977e95e034986bc8016193d5
Activity.SpanId:             1faaee56c4bd6d9a
Activity.TraceFlags:         Recorded
Activity.ActivitySourceName: Microsoft.AspNetCore
Activity.DisplayName:        GET api/People
Activity.Kind:               Server
Activity.StartTime:          2025-09-11T05:34:23.4688007Z
Activity.Duration:           00:00:00.0004043
Activity.Tags:
    server.address: localhost
    http.request.method: GET
    url.scheme: http
    url.path: /api/people
    network.protocol.version: 1.1
    http.route: api/People
    http.response.status_code: 200
Resource associated with Activity:
    deployment.environment: Testing
    service.name: Crud.Api
    service.version: 1.0.0
    service.instance.id: 15081513-c9e4-4e0d-aac5-97a71d5ef649
    telemetry.sdk.name: opentelemetry
    telemetry.sdk.language: dotnet
    telemetry.sdk.version: 1.8.1
[05:34:23 DBG] Cache hit for key: entity:person:12959d7cf2554da78bdf413709da5630 {"SourceContext": "Infrastructure.Services.Caching.InMemoryCacheService", "ActionId": "e65462fb-2dac-42ae-b86e-35ed1ac18462", "ActionName": "Api.Controllers.PeopleController.Update (Api)", "RequestId": "0HNFGUJ46SF08", "RequestPath": "/api/people/12959d7c-f255-4da7-8bdf-413709da5630", "Application": "Crud.Api"}
[05:34:23 DBG] Removed cache value for key: entity:person:12959d7cf2554da78bdf413709da5630 {"SourceContext": "Infrastructure.Services.Caching.InMemoryCacheService", "ActionId": "e65462fb-2dac-42ae-b86e-35ed1ac18462", "ActionName": "Api.Controllers.PeopleController.Update (Api)", "RequestId": "0HNFGUJ46SF08", "RequestPath": "/api/people/12959d7c-f255-4da7-8bdf-413709da5630", "Application": "Crud.Api"}
[05:34:23 DBG] Removed cache value for key: list:person {"SourceContext": "Infrastructure.Services.Caching.InMemoryCacheService", "ActionId": "e65462fb-2dac-42ae-b86e-35ed1ac18462", "ActionName": "Api.Controllers.PeopleController.Update (Api)", "RequestId": "0HNFGUJ46SF08", "RequestPath": "/api/people/12959d7c-f255-4da7-8bdf-413709da5630", "Application": "Crud.Api"}
[05:34:23 DBG] Invalidating cache for entity: people/12959d7c-f255-4da7-8bdf-413709da5630 with tags: people, people:12959d7c-f255-4da7-8bdf-413709da5630 {"SourceContext": "Api.Services.OutputCacheInvalidationService", "ActionId": "e65462fb-2dac-42ae-b86e-35ed1ac18462", "ActionName": "Api.Controllers.PeopleController.Update (Api)", "RequestId": "0HNFGUJ46SF08", "RequestPath": "/api/people/12959d7c-f255-4da7-8bdf-413709da5630", "Application": "Crud.Api"}
[05:34:23 DBG] Successfully invalidated cache for tag: people {"SourceContext": "Api.Services.OutputCacheInvalidationService", "ActionId": "e65462fb-2dac-42ae-b86e-35ed1ac18462", "ActionName": "Api.Controllers.PeopleController.Update (Api)", "RequestId": "0HNFGUJ46SF08", "RequestPath": "/api/people/12959d7c-f255-4da7-8bdf-413709da5630", "Application": "Crud.Api"}
[05:34:23 DBG] Successfully invalidated cache for tag: people:12959d7c-f255-4da7-8bdf-413709da5630 {"SourceContext": "Api.Services.OutputCacheInvalidationService", "ActionId": "e65462fb-2dac-42ae-b86e-35ed1ac18462", "ActionName": "Api.Controllers.PeopleController.Update (Api)", "RequestId": "0HNFGUJ46SF08", "RequestPath": "/api/people/12959d7c-f255-4da7-8bdf-413709da5630", "Application": "Crud.Api"}
Activity.TraceId:            8768ff688389c5a495b2928e3c70a148
Activity.SpanId:             57971617b9cd300e
Activity.TraceFlags:         Recorded
Activity.ActivitySourceName: Microsoft.AspNetCore
Activity.DisplayName:        PUT api/People/{id:guid}
Activity.Kind:               Server
Activity.StartTime:          2025-09-11T05:34:23.4703102Z
Activity.Duration:           00:00:00.0084897
Activity.Tags:
    server.address: localhost
    http.request.method: PUT
    url.scheme: http
    url.path: /api/people/12959d7c-f255-4da7-8bdf-413709da5630
    network.protocol.version: 1.1
    http.route: api/People/{id:guid}
    http.response.status_code: 204
Resource associated with Activity:
    deployment.environment: Testing
    service.name: Crud.Api
    service.version: 1.0.0
    service.instance.id: 15081513-c9e4-4e0d-aac5-97a71d5ef649
    telemetry.sdk.name: opentelemetry
    telemetry.sdk.language: dotnet
    telemetry.sdk.version: 1.8.1
[05:34:23 DBG] Cache miss for key: entity:person:12959d7cf2554da78bdf413709da5630 {"SourceContext": "Infrastructure.Services.Caching.InMemoryCacheService", "ActionId": "46af083f-6e99-4ff8-9f42-9aeba1d79950", "ActionName": "Api.Controllers.PeopleController.Get (Api)", "RequestId": "0HNFGUJ46SF09", "RequestPath": "/api/people/12959d7c-f255-4da7-8bdf-413709da5630", "Application": "Crud.Api"}
[05:34:23 DBG] Set cache value for key: entity:person:12959d7cf2554da78bdf413709da5630 {"SourceContext": "Infrastructure.Services.Caching.InMemoryCacheService", "ActionId": "46af083f-6e99-4ff8-9f42-9aeba1d79950", "ActionName": "Api.Controllers.PeopleController.Get (Api)", "RequestId": "0HNFGUJ46SF09", "RequestPath": "/api/people/12959d7c-f255-4da7-8bdf-413709da5630", "Application": "Crud.Api"}
Activity.TraceId:            db9141b229a0799e140638a4969db0cd
Activity.SpanId:             559eb2359acf42fc
Activity.TraceFlags:         Recorded
Activity.ActivitySourceName: Microsoft.AspNetCore
Activity.DisplayName:        GET api/People/{id:guid}
Activity.Kind:               Server
Activity.StartTime:          2025-09-11T05:34:23.4789027Z
Activity.Duration:           00:00:00.0010320
Activity.Tags:
    server.address: localhost
    http.request.method: GET
    url.scheme: http
    url.path: /api/people/12959d7c-f255-4da7-8bdf-413709da5630
    network.protocol.version: 1.1
    http.route: api/People/{id:guid}
    http.response.status_code: 200
Resource associated with Activity:
    deployment.environment: Testing
    service.name: Crud.Api
    service.version: 1.0.0
    service.instance.id: 15081513-c9e4-4e0d-aac5-97a71d5ef649
    telemetry.sdk.name: opentelemetry
    telemetry.sdk.language: dotnet
    telemetry.sdk.version: 1.8.1
[05:34:23 DBG] Cache miss for key: list:person {"SourceContext": "Infrastructure.Services.Caching.InMemoryCacheService", "ActionId": "33df282f-de9a-4510-bf44-4c3d36283e61", "ActionName": "Api.Controllers.PeopleController.List (Api)", "RequestId": "0HNFGUJ46SF0A", "RequestPath": "/api/people", "Application": "Crud.Api"}
[05:34:23 DBG] Set cache value for key: list:person {"SourceContext": "Infrastructure.Services.Caching.InMemoryCacheService", "ActionId": "33df282f-de9a-4510-bf44-4c3d36283e61", "ActionName": "Api.Controllers.PeopleController.List (Api)", "RequestId": "0HNFGUJ46SF0A", "RequestPath": "/api/people", "Application": "Crud.Api"}
Activity.TraceId:            f72cc84fa980755b87f78a011b0d4049
Activity.SpanId:             625d7e8f5edd3d90
Activity.TraceFlags:         Recorded
Activity.ActivitySourceName: Microsoft.AspNetCore
Activity.DisplayName:        GET api/People
Activity.Kind:               Server
Activity.StartTime:          2025-09-11T05:34:23.4801302Z
Activity.Duration:           00:00:00.0007935
Activity.Tags:
    server.address: localhost
    http.request.method: GET
    url.scheme: http
    url.path: /api/people
    network.protocol.version: 1.1
    http.route: api/People
    http.response.status_code: 200
Resource associated with Activity:
    deployment.environment: Testing
    service.name: Crud.Api
    service.version: 1.0.0
    service.instance.id: 15081513-c9e4-4e0d-aac5-97a71d5ef649
    telemetry.sdk.name: opentelemetry
    telemetry.sdk.language: dotnet
    telemetry.sdk.version: 1.8.1
[05:34:23 INF] Resetting database for worker 14813 {"SourceContext": "Infrastructure.Services.DatabaseTestService", "Application": "Crud.Api"}
[05:34:23 INF] Resetting database via file deletion for worker 14813 in CI environment {"SourceContext": "Infrastructure.Services.DatabaseTestService", "Application": "Crud.Api"}
[05:34:23 INF] Acquiring database mutex for worker 14813... {"SourceContext": "Infrastructure.Services.DatabaseTestService", "Application": "Crud.Api"}
[05:34:23 INF] Database mutex acquired for worker 14813 {"SourceContext": "Infrastructure.Services.DatabaseTestService", "Application": "Crud.Api"}
[05:34:23 INF] Current database state - CanConnect: True {"SourceContext": "Infrastructure.Services.DatabaseTestService", "Application": "Crud.Api"}
[05:34:23 INF] [Phase 0] Closing database connection for worker 14813... {"SourceContext": "Infrastructure.Services.DatabaseTestService", "Application": "Crud.Api"}
[05:34:23 INF] [Phase 0] Connection closed in 0.0004ms {"SourceContext": "Infrastructure.Services.DatabaseTestService", "Application": "Crud.Api"}
[05:34:23 INF] [Phase 1] Starting EnsureDeletedAsync for worker 14813... {"SourceContext": "Infrastructure.Services.DatabaseTestService", "Application": "Crud.Api"}
[05:34:23 INF] [Phase 1] EnsureDeletedAsync completed in 1.4959ms {"SourceContext": "Infrastructure.Services.DatabaseTestService", "Application": "Crud.Api"}
[05:34:23 INF] [Phase 2] Starting EnsureCreatedAsync for worker 14813... {"SourceContext": "Infrastructure.Services.DatabaseTestService", "Application": "Crud.Api"}
[05:34:23 INF] [Phase 2] EnsureCreatedAsync completed in 8.6935ms {"SourceContext": "Infrastructure.Services.DatabaseTestService", "Application": "Crud.Api"}
[05:34:23 INF] [Phase 3] Skipping database seeding as requested for worker 14813 {"SourceContext": "Infrastructure.Services.DatabaseTestService", "Application": "Crud.Api"}
[05:34:23 INF] Database reset via file deletion completed for worker 14813 in 110.9549ms (Close: 0.0004ms, Delete: 1.4959ms, Create: 8.6935ms) {"SourceContext": "Infrastructure.Services.DatabaseTestService", "Application": "Crud.Api"}
[05:34:23 INF] Releasing database mutex for worker 14813 {"SourceContext": "Infrastructure.Services.DatabaseTestService", "Application": "Crud.Api"}
[05:34:23 INF] Resetting database for worker 14813 {"SourceContext": "Infrastructure.Services.DatabaseTestService", "Application": "Crud.Api"}
[05:34:23 INF] Resetting database via file deletion for worker 14813 in CI environment {"SourceContext": "Infrastructure.Services.DatabaseTestService", "Application": "Crud.Api"}
[05:34:23 INF] Acquiring database mutex for worker 14813... {"SourceContext": "Infrastructure.Services.DatabaseTestService", "Application": "Crud.Api"}
[05:34:23 INF] Database mutex acquired for worker 14813 {"SourceContext": "Infrastructure.Services.DatabaseTestService", "Application": "Crud.Api"}
[05:34:23 INF] Current database state - CanConnect: True {"SourceContext": "Infrastructure.Services.DatabaseTestService", "Application": "Crud.Api"}
[05:34:23 INF] [Phase 0] Closing database connection for worker 14813... {"SourceContext": "Infrastructure.Services.DatabaseTestService", "Application": "Crud.Api"}
[05:34:23 INF] [Phase 0] Connection closed in 0.0006ms {"SourceContext": "Infrastructure.Services.DatabaseTestService", "Application": "Crud.Api"}
[05:34:23 INF] [Phase 1] Starting EnsureDeletedAsync for worker 14813... {"SourceContext": "Infrastructure.Services.DatabaseTestService", "Application": "Crud.Api"}
[05:34:23 INF] [Phase 1] EnsureDeletedAsync completed in 1.2292ms {"SourceContext": "Infrastructure.Services.DatabaseTestService", "Application": "Crud.Api"}
[05:34:23 INF] [Phase 2] Starting EnsureCreatedAsync for worker 14813... {"SourceContext": "Infrastructure.Services.DatabaseTestService", "Application": "Crud.Api"}
[05:34:23 INF] [Phase 2] EnsureCreatedAsync completed in 8.8159ms {"SourceContext": "Infrastructure.Services.DatabaseTestService", "Application": "Crud.Api"}
[05:34:23 INF] [Phase 3] Skipping database seeding as requested for worker 14813 {"SourceContext": "Infrastructure.Services.DatabaseTestService", "Application": "Crud.Api"}
[05:34:23 INF] Database reset via file deletion completed for worker 14813 in 111.146ms (Close: 0.0006ms, Delete: 1.2292ms, Create: 8.8159ms) {"SourceContext": "Infrastructure.Services.DatabaseTestService", "Application": "Crud.Api"}
[05:34:23 INF] Releasing database mutex for worker 14813 {"SourceContext": "Infrastructure.Services.DatabaseTestService", "Application": "Crud.Api"}
[05:34:24 INF] User registered successfully: 0c482692-54f7-4574-90ca-21c235d7793d {"SourceContext": "App.Features.Authentication.RegisterUserCommandHandler", "ActionId": "117718d0-3cfe-4a5f-98d3-5a51ceb9872b", "ActionName": "Api.Controllers.AuthController.Register (Api)", "RequestId": "0HNFGUJ46SF0B", "RequestPath": "/api/auth/register", "Application": "Crud.Api"}
Activity.TraceId:            949526547438d83b6450c3a93f42d173
Activity.SpanId:             f36fed8169563e40
Activity.TraceFlags:         Recorded
Activity.ActivitySourceName: Microsoft.AspNetCore
Activity.DisplayName:        POST api/Auth/register
Activity.Kind:               Server
Activity.StartTime:          2025-09-11T05:34:23.7086555Z
Activity.Duration:           00:00:00.3002579
Activity.Tags:
    server.address: localhost
    http.request.method: POST
    url.scheme: http
    url.path: /api/auth/register
    network.protocol.version: 1.1
    http.route: api/Auth/register
    http.response.status_code: 200
Resource associated with Activity:
    deployment.environment: Testing
    service.name: Crud.Api
    service.version: 1.0.0
    service.instance.id: 15081513-c9e4-4e0d-aac5-97a71d5ef649
    telemetry.sdk.name: opentelemetry
    telemetry.sdk.language: dotnet
    telemetry.sdk.version: 1.8.1
[05:34:24 INF] User registered successfully: dc823b54-8998-4271-9dca-5bf5b27dbc3d {"SourceContext": "App.Features.Authentication.RegisterUserCommandHandler", "ActionId": "117718d0-3cfe-4a5f-98d3-5a51ceb9872b", "ActionName": "Api.Controllers.AuthController.Register (Api)", "RequestId": "0HNFGUJ46SF0C", "RequestPath": "/api/auth/register", "Application": "Crud.Api"}
Activity.TraceId:            0849efd55201277e822bdd8634400285
Activity.SpanId:             222b179bc2573c33
Activity.TraceFlags:         Recorded
Activity.ActivitySourceName: Microsoft.AspNetCore
Activity.DisplayName:        POST api/Auth/register
Activity.Kind:               Server
Activity.StartTime:          2025-09-11T05:34:24.0097612Z
Activity.Duration:           00:00:00.2964401
Activity.Tags:
    server.address: localhost
    http.request.method: POST
    url.scheme: http
    url.path: /api/auth/register
    network.protocol.version: 1.1
    http.route: api/Auth/register
    http.response.status_code: 200
Resource associated with Activity:
    deployment.environment: Testing
    service.name: Crud.Api
    service.version: 1.0.0
    service.instance.id: 15081513-c9e4-4e0d-aac5-97a71d5ef649
    telemetry.sdk.name: opentelemetry
    telemetry.sdk.language: dotnet
    telemetry.sdk.version: 1.8.1
[05:34:24 INF] User logged in successfully: dc823b54-8998-4271-9dca-5bf5b27dbc3d {"SourceContext": "App.Features.Authentication.LoginCommandHandler", "ActionId": "832e1bd7-0e8c-48db-bc10-35df43d63c28", "ActionName": "Api.Controllers.AuthController.Login (Api)", "RequestId": "0HNFGUJ46SF0D", "RequestPath": "/api/auth/login", "Application": "Crud.Api"}
Activity.TraceId:            b7b85a9f45580916e5712c42c4271fff
Activity.SpanId:             e73752a9fcfefe34
Activity.TraceFlags:         Recorded
Activity.ActivitySourceName: Microsoft.AspNetCore
Activity.DisplayName:        POST api/Auth/login
Activity.Kind:               Server
Activity.StartTime:          2025-09-11T05:34:24.3072030Z
Activity.Duration:           00:00:00.2982570
Activity.Tags:
    server.address: localhost
    http.request.method: POST
    url.scheme: http
    url.path: /api/auth/login
    network.protocol.version: 1.1
    http.route: api/Auth/login
    http.response.status_code: 200
Resource associated with Activity:
    deployment.environment: Testing
    service.name: Crud.Api
    service.version: 1.0.0
    service.instance.id: 15081513-c9e4-4e0d-aac5-97a71d5ef649
    telemetry.sdk.name: opentelemetry
    telemetry.sdk.language: dotnet
    telemetry.sdk.version: 1.8.1
[05:34:24 DBG] Cache miss for key: list:wall {"SourceContext": "Infrastructure.Services.Caching.InMemoryCacheService", "ActionId": "3fca7344-ebc6-48d4-967a-49411062a78e", "ActionName": "Api.Controllers.WallsController.List (Api)", "RequestId": "0HNFGUJ46SF0E", "RequestPath": "/api/walls", "Application": "Crud.Api"}
[05:34:24 DBG] Set cache value for key: list:wall {"SourceContext": "Infrastructure.Services.Caching.InMemoryCacheService", "ActionId": "3fca7344-ebc6-48d4-967a-49411062a78e", "ActionName": "Api.Controllers.WallsController.List (Api)", "RequestId": "0HNFGUJ46SF0E", "RequestPath": "/api/walls", "Application": "Crud.Api"}
Activity.TraceId:            0172546dc64e1a4429d731251d2b8c89
Activity.SpanId:             fbc59448785deeeb
Activity.TraceFlags:         Recorded
Activity.ActivitySourceName: Microsoft.AspNetCore
Activity.DisplayName:        GET api/Walls
Activity.Kind:               Server
Activity.StartTime:          2025-09-11T05:34:24.6058101Z
Activity.Duration:           00:00:00.0103423
Activity.Tags:
    server.address: localhost
    http.request.method: GET
    url.scheme: http
    url.path: /api/walls
    network.protocol.version: 1.1
    http.route: api/Walls
    http.response.status_code: 200
Resource associated with Activity:
    deployment.environment: Testing
    service.name: Crud.Api
    service.version: 1.0.0
    service.instance.id: 15081513-c9e4-4e0d-aac5-97a71d5ef649
    telemetry.sdk.name: opentelemetry
    telemetry.sdk.language: dotnet
    telemetry.sdk.version: 1.8.1
[05:34:24 DBG] Removed cache value for key: entity:wall:d8898a03abaf43cab02c95dd936a6467 {"SourceContext": "Infrastructure.Services.Caching.InMemoryCacheService", "ActionId": "c11d90c9-cb7f-4026-bc4e-8f505a8e073e", "ActionName": "Api.Controllers.WallsController.Create (Api)", "RequestId": "0HNFGUJ46SF0F", "RequestPath": "/api/walls", "Application": "Crud.Api"}
[05:34:24 DBG] Removed cache value for key: list:wall {"SourceContext": "Infrastructure.Services.Caching.InMemoryCacheService", "ActionId": "c11d90c9-cb7f-4026-bc4e-8f505a8e073e", "ActionName": "Api.Controllers.WallsController.Create (Api)", "RequestId": "0HNFGUJ46SF0F", "RequestPath": "/api/walls", "Application": "Crud.Api"}
[05:34:24 DBG] Invalidating cache for entity type: walls with tag: walls {"SourceContext": "Api.Services.OutputCacheInvalidationService", "ActionId": "c11d90c9-cb7f-4026-bc4e-8f505a8e073e", "ActionName": "Api.Controllers.WallsController.Create (Api)", "RequestId": "0HNFGUJ46SF0F", "RequestPath": "/api/walls", "Application": "Crud.Api"}
[05:34:24 INF] Successfully invalidated cache for entity type: walls {"SourceContext": "Api.Services.OutputCacheInvalidationService", "ActionId": "c11d90c9-cb7f-4026-bc4e-8f505a8e073e", "ActionName": "Api.Controllers.WallsController.Create (Api)", "RequestId": "0HNFGUJ46SF0F", "RequestPath": "/api/walls", "Application": "Crud.Api"}
Activity.TraceId:            40437375e0723658c0f92008062b6eda
Activity.SpanId:             8b2d88054ecea490
Activity.TraceFlags:         Recorded
Activity.ActivitySourceName: Microsoft.AspNetCore
Activity.DisplayName:        POST api/Walls
Activity.Kind:               Server
Activity.StartTime:          2025-09-11T05:34:24.6181670Z
Activity.Duration:           00:00:00.0192670
Activity.Tags:
    server.address: localhost
    http.request.method: POST
    url.scheme: http
    url.path: /api/walls
    network.protocol.version: 1.1
    http.route: api/Walls
    http.response.status_code: 201
Resource associated with Activity:
    deployment.environment: Testing
    service.name: Crud.Api
    service.version: 1.0.0
    service.instance.id: 15081513-c9e4-4e0d-aac5-97a71d5ef649
    telemetry.sdk.name: opentelemetry
    telemetry.sdk.language: dotnet
    telemetry.sdk.version: 1.8.1
[05:34:24 DBG] Cache miss for key: list:wall {"SourceContext": "Infrastructure.Services.Caching.InMemoryCacheService", "ActionId": "3fca7344-ebc6-48d4-967a-49411062a78e", "ActionName": "Api.Controllers.WallsController.List (Api)", "RequestId": "0HNFGUJ46SF0G", "RequestPath": "/api/walls", "Application": "Crud.Api"}
[05:34:24 DBG] Set cache value for key: list:wall {"SourceContext": "Infrastructure.Services.Caching.InMemoryCacheService", "ActionId": "3fca7344-ebc6-48d4-967a-49411062a78e", "ActionName": "Api.Controllers.WallsController.List (Api)", "RequestId": "0HNFGUJ46SF0G", "RequestPath": "/api/walls", "Application": "Crud.Api"}
Activity.TraceId:            f218a19666fde5b58b2286faac17944e
Activity.SpanId:             aca6fb20aaf1cbb5
Activity.TraceFlags:         Recorded
Activity.ActivitySourceName: Microsoft.AspNetCore
Activity.DisplayName:        GET api/Walls
Activity.Kind:               Server
Activity.StartTime:          2025-09-11T05:34:24.6375134Z
Activity.Duration:           00:00:00.0014967
Activity.Tags:
    server.address: localhost
    http.request.method: GET
    url.scheme: http
    url.path: /api/walls
    network.protocol.version: 1.1
    http.route: api/Walls
    http.response.status_code: 200
Resource associated with Activity:
    deployment.environment: Testing
    service.name: Crud.Api
    service.version: 1.0.0
    service.instance.id: 15081513-c9e4-4e0d-aac5-97a71d5ef649
    telemetry.sdk.name: opentelemetry
    telemetry.sdk.language: dotnet
    telemetry.sdk.version: 1.8.1
[05:34:24 INF] Resetting database for worker 14813 {"SourceContext": "Infrastructure.Services.DatabaseTestService", "Application": "Crud.Api"}
[05:34:24 INF] Resetting database via file deletion for worker 14813 in CI environment {"SourceContext": "Infrastructure.Services.DatabaseTestService", "Application": "Crud.Api"}
[05:34:24 INF] Acquiring database mutex for worker 14813... {"SourceContext": "Infrastructure.Services.DatabaseTestService", "Application": "Crud.Api"}
[05:34:24 INF] Database mutex acquired for worker 14813 {"SourceContext": "Infrastructure.Services.DatabaseTestService", "Application": "Crud.Api"}
[05:34:24 INF] Current database state - CanConnect: True {"SourceContext": "Infrastructure.Services.DatabaseTestService", "Application": "Crud.Api"}
[05:34:24 INF] [Phase 0] Closing database connection for worker 14813... {"SourceContext": "Infrastructure.Services.DatabaseTestService", "Application": "Crud.Api"}
[05:34:24 INF] [Phase 0] Connection closed in 0.0005ms {"SourceContext": "Infrastructure.Services.DatabaseTestService", "Application": "Crud.Api"}
[05:34:24 INF] [Phase 1] Starting EnsureDeletedAsync for worker 14813... {"SourceContext": "Infrastructure.Services.DatabaseTestService", "Application": "Crud.Api"}
[05:34:24 INF] [Phase 1] EnsureDeletedAsync completed in 1.1918ms {"SourceContext": "Infrastructure.Services.DatabaseTestService", "Application": "Crud.Api"}
[05:34:24 INF] [Phase 2] Starting EnsureCreatedAsync for worker 14813... {"SourceContext": "Infrastructure.Services.DatabaseTestService", "Application": "Crud.Api"}
[05:34:24 INF] [Phase 2] EnsureCreatedAsync completed in 9.7572ms {"SourceContext": "Infrastructure.Services.DatabaseTestService", "Application": "Crud.Api"}
[05:34:24 INF] [Phase 3] Skipping database seeding as requested for worker 14813 {"SourceContext": "Infrastructure.Services.DatabaseTestService", "Application": "Crud.Api"}
[05:34:24 INF] Database reset via file deletion completed for worker 14813 in 110.5646ms (Close: 0.0005ms, Delete: 1.1918ms, Create: 9.7572ms) {"SourceContext": "Infrastructure.Services.DatabaseTestService", "Application": "Crud.Api"}
[05:34:24 INF] Releasing database mutex for worker 14813 {"SourceContext": "Infrastructure.Services.DatabaseTestService", "Application": "Crud.Api"}
[05:34:24 INF] Resetting database for worker 14813 {"SourceContext": "Infrastructure.Services.DatabaseTestService", "Application": "Crud.Api"}
[05:34:24 INF] Resetting database via file deletion for worker 14813 in CI environment {"SourceContext": "Infrastructure.Services.DatabaseTestService", "Application": "Crud.Api"}
[05:34:24 INF] Acquiring database mutex for worker 14813... {"SourceContext": "Infrastructure.Services.DatabaseTestService", "Application": "Crud.Api"}
[05:34:24 INF] Database mutex acquired for worker 14813 {"SourceContext": "Infrastructure.Services.DatabaseTestService", "Application": "Crud.Api"}
[05:34:24 INF] Current database state - CanConnect: True {"SourceContext": "Infrastructure.Services.DatabaseTestService", "Application": "Crud.Api"}
[05:34:24 INF] [Phase 0] Closing database connection for worker 14813... {"SourceContext": "Infrastructure.Services.DatabaseTestService", "Application": "Crud.Api"}
[05:34:24 INF] [Phase 0] Connection closed in 0.0006ms {"SourceContext": "Infrastructure.Services.DatabaseTestService", "Application": "Crud.Api"}
[05:34:24 INF] [Phase 1] Starting EnsureDeletedAsync for worker 14813... {"SourceContext": "Infrastructure.Services.DatabaseTestService", "Application": "Crud.Api"}
[05:34:24 INF] [Phase 1] EnsureDeletedAsync completed in 1.1397ms {"SourceContext": "Infrastructure.Services.DatabaseTestService", "Application": "Crud.Api"}
[05:34:24 INF] [Phase 2] Starting EnsureCreatedAsync for worker 14813... {"SourceContext": "Infrastructure.Services.DatabaseTestService", "Application": "Crud.Api"}
[05:34:24 INF] [Phase 2] EnsureCreatedAsync completed in 7.5853ms {"SourceContext": "Infrastructure.Services.DatabaseTestService", "Application": "Crud.Api"}
[05:34:24 INF] [Phase 3] Skipping database seeding as requested for worker 14813 {"SourceContext": "Infrastructure.Services.DatabaseTestService", "Application": "Crud.Api"}
[05:34:24 INF] Database reset via file deletion completed for worker 14813 in 108.9513ms (Close: 0.0006ms, Delete: 1.1397ms, Create: 7.5853ms) {"SourceContext": "Infrastructure.Services.DatabaseTestService", "Application": "Crud.Api"}
[05:34:24 INF] Releasing database mutex for worker 14813 {"SourceContext": "Infrastructure.Services.DatabaseTestService", "Application": "Crud.Api"}
[05:34:25 INF] User registered successfully: 3ccaf6d4-2ef8-4594-9584-af60ef8a1545 {"SourceContext": "App.Features.Authentication.RegisterUserCommandHandler", "ActionId": "117718d0-3cfe-4a5f-98d3-5a51ceb9872b", "ActionName": "Api.Controllers.AuthController.Register (Api)", "RequestId": "0HNFGUJ46SF0H", "RequestPath": "/api/auth/register", "Application": "Crud.Api"}
Activity.TraceId:            323d6abbf5ebf8f3a485f1b7724811b2
Activity.SpanId:             800320fb166a0333
Activity.TraceFlags:         Recorded
Activity.ActivitySourceName: Microsoft.AspNetCore
Activity.DisplayName:        POST api/Auth/register
Activity.Kind:               Server
Activity.StartTime:          2025-09-11T05:34:24.8639157Z
Activity.Duration:           00:00:00.2957376
Activity.Tags:
    server.address: localhost
    http.request.method: POST
    url.scheme: http
    url.path: /api/auth/register
    network.protocol.version: 1.1
    http.route: api/Auth/register
    http.response.status_code: 200
Resource associated with Activity:
    deployment.environment: Testing
    service.name: Crud.Api
    service.version: 1.0.0
    service.instance.id: 15081513-c9e4-4e0d-aac5-97a71d5ef649
    telemetry.sdk.name: opentelemetry
    telemetry.sdk.language: dotnet
    telemetry.sdk.version: 1.8.1
[05:34:25 INF] User registered successfully: 6a39f18f-7eec-49ac-881b-36d23eb7e6f5 {"SourceContext": "App.Features.Authentication.RegisterUserCommandHandler", "ActionId": "117718d0-3cfe-4a5f-98d3-5a51ceb9872b", "ActionName": "Api.Controllers.AuthController.Register (Api)", "RequestId": "0HNFGUJ46SF0I", "RequestPath": "/api/auth/register", "Application": "Crud.Api"}
Activity.TraceId:            6f651ab211bedf8df2fc8c63eee99dc1
Activity.SpanId:             aaac64ac7234bb94
Activity.TraceFlags:         Recorded
Activity.ActivitySourceName: Microsoft.AspNetCore
Activity.DisplayName:        POST api/Auth/register
Activity.Kind:               Server
Activity.StartTime:          2025-09-11T05:34:25.1604804Z
Activity.Duration:           00:00:00.2960455
Activity.Tags:
    server.address: localhost
    http.request.method: POST
    url.scheme: http
    url.path: /api/auth/register
    network.protocol.version: 1.1
    http.route: api/Auth/register
    http.response.status_code: 200
Resource associated with Activity:
    deployment.environment: Testing
    service.name: Crud.Api
    service.version: 1.0.0
    service.instance.id: 15081513-c9e4-4e0d-aac5-97a71d5ef649
    telemetry.sdk.name: opentelemetry
    telemetry.sdk.language: dotnet
    telemetry.sdk.version: 1.8.1
[05:34:25 INF] User logged in successfully: 6a39f18f-7eec-49ac-881b-36d23eb7e6f5 {"SourceContext": "App.Features.Authentication.LoginCommandHandler", "ActionId": "832e1bd7-0e8c-48db-bc10-35df43d63c28", "ActionName": "Api.Controllers.AuthController.Login (Api)", "RequestId": "0HNFGUJ46SF0J", "RequestPath": "/api/auth/login", "Application": "Crud.Api"}
Activity.TraceId:            3469c832ff83fc8f69b4db692ce55ad4
Activity.SpanId:             04b2683470c33356
Activity.TraceFlags:         Recorded
Activity.ActivitySourceName: Microsoft.AspNetCore
Activity.DisplayName:        POST api/Auth/login
Activity.Kind:               Server
Activity.StartTime:          2025-09-11T05:34:25.4579667Z
Activity.Duration:           00:00:00.2966933
Activity.Tags:
    server.address: localhost
    http.request.method: POST
    url.scheme: http
    url.path: /api/auth/login
    network.protocol.version: 1.1
    http.route: api/Auth/login
    http.response.status_code: 200
Resource associated with Activity:
    deployment.environment: Testing
    service.name: Crud.Api
    service.version: 1.0.0
    service.instance.id: 15081513-c9e4-4e0d-aac5-97a71d5ef649
    telemetry.sdk.name: opentelemetry
    telemetry.sdk.language: dotnet
    telemetry.sdk.version: 1.8.1
[05:34:25 DBG] Cache hit for key: list:person {"SourceContext": "Infrastructure.Services.Caching.InMemoryCacheService", "ActionId": "33df282f-de9a-4510-bf44-4c3d36283e61", "ActionName": "Api.Controllers.PeopleController.List (Api)", "RequestId": "0HNFGUJ46SF0K", "RequestPath": "/api/people", "Application": "Crud.Api"}
Activity.TraceId:            5c309801b889c33589dde96521ed111e
Activity.SpanId:             6c2849dac4135f4a
Activity.TraceFlags:         Recorded
Activity.ActivitySourceName: Microsoft.AspNetCore
Activity.DisplayName:        GET api/People
Activity.Kind:               Server
Activity.StartTime:          2025-09-11T05:34:25.7549916Z
Activity.Duration:           00:00:00.0005975
Activity.Tags:
    server.address: localhost
    http.request.method: GET
    url.scheme: http
    url.path: /api/people
    network.protocol.version: 1.1
    http.route: api/People
    http.response.status_code: 200
Resource associated with Activity:
    deployment.environment: Testing
    service.name: Crud.Api
    service.version: 1.0.0
    service.instance.id: 15081513-c9e4-4e0d-aac5-97a71d5ef649
    telemetry.sdk.name: opentelemetry
    telemetry.sdk.language: dotnet
    telemetry.sdk.version: 1.8.1
[05:34:25 DBG] Cache hit for key: list:role {"SourceContext": "Infrastructure.Services.Caching.InMemoryCacheService", "ActionId": "b8c3128e-858d-4179-849e-fc637770c499", "ActionName": "Api.Controllers.RolesController.List (Api)", "RequestId": "0HNFGUJ46SF0L", "RequestPath": "/api/roles", "Application": "Crud.Api"}
Activity.TraceId:            24d912d6b3cfb91005210f21fcbe2375
Activity.SpanId:             508f9b20f98a67b3
Activity.TraceFlags:         Recorded
Activity.ActivitySourceName: Microsoft.AspNetCore
Activity.DisplayName:        GET api/Roles
Activity.Kind:               Server
Activity.StartTime:          2025-09-11T05:34:25.7556496Z
Activity.Duration:           00:00:00.0016922
Activity.Tags:
    server.address: localhost
    http.request.method: GET
    url.scheme: http
    url.path: /api/roles
    network.protocol.version: 1.1
    http.route: api/Roles
    http.response.status_code: 200
Resource associated with Activity:
    deployment.environment: Testing
    service.name: Crud.Api
    service.version: 1.0.0
    service.instance.id: 15081513-c9e4-4e0d-aac5-97a71d5ef649
    telemetry.sdk.name: opentelemetry
    telemetry.sdk.language: dotnet
    telemetry.sdk.version: 1.8.1
[05:34:25 DBG] Removed cache value for key: entity:person:625249c9a45e4884a5240bb7d977a777 {"SourceContext": "Infrastructure.Services.Caching.InMemoryCacheService", "ActionId": "6f732b01-d61f-4d63-8a4e-d0bfa703ebad", "ActionName": "Api.Controllers.PeopleController.Create (Api)", "RequestId": "0HNFGUJ46SF0M", "RequestPath": "/api/people", "Application": "Crud.Api"}
[05:34:25 DBG] Removed cache value for key: list:person {"SourceContext": "Infrastructure.Services.Caching.InMemoryCacheService", "ActionId": "6f732b01-d61f-4d63-8a4e-d0bfa703ebad", "ActionName": "Api.Controllers.PeopleController.Create (Api)", "RequestId": "0HNFGUJ46SF0M", "RequestPath": "/api/people", "Application": "Crud.Api"}
[05:34:25 DBG] Invalidating cache for entity type: people with tag: people {"SourceContext": "Api.Services.OutputCacheInvalidationService", "ActionId": "6f732b01-d61f-4d63-8a4e-d0bfa703ebad", "ActionName": "Api.Controllers.PeopleController.Create (Api)", "RequestId": "0HNFGUJ46SF0M", "RequestPath": "/api/people", "Application": "Crud.Api"}
[05:34:25 INF] Successfully invalidated cache for entity type: people {"SourceContext": "Api.Services.OutputCacheInvalidationService", "ActionId": "6f732b01-d61f-4d63-8a4e-d0bfa703ebad", "ActionName": "Api.Controllers.PeopleController.Create (Api)", "RequestId": "0HNFGUJ46SF0M", "RequestPath": "/api/people", "Application": "Crud.Api"}
Activity.TraceId:            cc325d3540d32e39d0c9b266bc05f480
Activity.SpanId:             07b480e019c7b0a7
Activity.TraceFlags:         Recorded
Activity.ActivitySourceName: Microsoft.AspNetCore
Activity.DisplayName:        POST api/People
Activity.Kind:               Server
Activity.StartTime:          2025-09-11T05:34:25.7574785Z
Activity.Duration:           00:00:00.0017433
Activity.Tags:
    server.address: localhost
    http.request.method: POST
    url.scheme: http
    url.path: /api/people
    network.protocol.version: 1.1
    http.route: api/People
    http.response.status_code: 201
Resource associated with Activity:
    deployment.environment: Testing
    service.name: Crud.Api
    service.version: 1.0.0
    service.instance.id: 15081513-c9e4-4e0d-aac5-97a71d5ef649
    telemetry.sdk.name: opentelemetry
    telemetry.sdk.language: dotnet
    telemetry.sdk.version: 1.8.1
[05:34:25 DBG] Cache miss for key: list:person {"SourceContext": "Infrastructure.Services.Caching.InMemoryCacheService", "ActionId": "33df282f-de9a-4510-bf44-4c3d36283e61", "ActionName": "Api.Controllers.PeopleController.List (Api)", "RequestId": "0HNFGUJ46SF0N", "RequestPath": "/api/people", "Application": "Crud.Api"}
[05:34:25 DBG] Set cache value for key: list:person {"SourceContext": "Infrastructure.Services.Caching.InMemoryCacheService", "ActionId": "33df282f-de9a-4510-bf44-4c3d36283e61", "ActionName": "Api.Controllers.PeopleController.List (Api)", "RequestId": "0HNFGUJ46SF0N", "RequestPath": "/api/people", "Application": "Crud.Api"}
Activity.TraceId:            74a0418440a16c3453f7bd70317bd21b
Activity.SpanId:             830ef754f73ae8c0
Activity.TraceFlags:         Recorded
Activity.ActivitySourceName: Microsoft.AspNetCore
Activity.DisplayName:        GET api/People
Activity.Kind:               Server
Activity.StartTime:          2025-09-11T05:34:25.7592659Z
Activity.Duration:           00:00:00.0009233
Activity.Tags:
    server.address: localhost
    http.request.method: GET
    url.scheme: http
    url.path: /api/people
    network.protocol.version: 1.1
    http.route: api/People
    http.response.status_code: 200
Resource associated with Activity:
    deployment.environment: Testing
    service.name: Crud.Api
    service.version: 1.0.0
    service.instance.id: 15081513-c9e4-4e0d-aac5-97a71d5ef649
    telemetry.sdk.name: opentelemetry
    telemetry.sdk.language: dotnet
    telemetry.sdk.version: 1.8.1
[05:34:25 DBG] Cache hit for key: list:role {"SourceContext": "Infrastructure.Services.Caching.InMemoryCacheService", "ActionId": "b8c3128e-858d-4179-849e-fc637770c499", "ActionName": "Api.Controllers.RolesController.List (Api)", "RequestId": "0HNFGUJ46SF0O", "RequestPath": "/api/roles", "Application": "Crud.Api"}
Activity.TraceId:            f7e54fa026791f8ed12a531ccbe42e0c
Activity.SpanId:             69b49be03263cf24
Activity.TraceFlags:         Recorded
Activity.ActivitySourceName: Microsoft.AspNetCore
Activity.DisplayName:        GET api/Roles
Activity.Kind:               Server
Activity.StartTime:          2025-09-11T05:34:25.7602972Z
Activity.Duration:           00:00:00.0002988
Activity.Tags:
    server.address: localhost
    http.request.method: GET
    url.scheme: http
    url.path: /api/roles
    network.protocol.version: 1.1
    http.route: api/Roles
    http.response.status_code: 200
Resource associated with Activity:
    deployment.environment: Testing
    service.name: Crud.Api
    service.version: 1.0.0
    service.instance.id: 15081513-c9e4-4e0d-aac5-97a71d5ef649
    telemetry.sdk.name: opentelemetry
    telemetry.sdk.language: dotnet
    telemetry.sdk.version: 1.8.1
[05:34:25 INF] Resetting database for worker 14813 {"SourceContext": "Infrastructure.Services.DatabaseTestService", "Application": "Crud.Api"}
[05:34:25 INF] Resetting database via file deletion for worker 14813 in CI environment {"SourceContext": "Infrastructure.Services.DatabaseTestService", "Application": "Crud.Api"}
[05:34:25 INF] Acquiring database mutex for worker 14813... {"SourceContext": "Infrastructure.Services.DatabaseTestService", "Application": "Crud.Api"}
[05:34:25 INF] Database mutex acquired for worker 14813 {"SourceContext": "Infrastructure.Services.DatabaseTestService", "Application": "Crud.Api"}
[05:34:25 INF] Current database state - CanConnect: True {"SourceContext": "Infrastructure.Services.DatabaseTestService", "Application": "Crud.Api"}
[05:34:25 INF] [Phase 0] Closing database connection for worker 14813... {"SourceContext": "Infrastructure.Services.DatabaseTestService", "Application": "Crud.Api"}
[05:34:25 INF] [Phase 0] Connection closed in 0.0006ms {"SourceContext": "Infrastructure.Services.DatabaseTestService", "Application": "Crud.Api"}
[05:34:25 INF] [Phase 1] Starting EnsureDeletedAsync for worker 14813... {"SourceContext": "Infrastructure.Services.DatabaseTestService", "Application": "Crud.Api"}
[05:34:25 INF] [Phase 1] EnsureDeletedAsync completed in 1.0926ms {"SourceContext": "Infrastructure.Services.DatabaseTestService", "Application": "Crud.Api"}
[05:34:25 INF] [Phase 2] Starting EnsureCreatedAsync for worker 14813... {"SourceContext": "Infrastructure.Services.DatabaseTestService", "Application": "Crud.Api"}
[05:34:25 INF] [Phase 2] EnsureCreatedAsync completed in 7.4905ms {"SourceContext": "Infrastructure.Services.DatabaseTestService", "Application": "Crud.Api"}
[05:34:25 INF] [Phase 3] Skipping database seeding as requested for worker 14813 {"SourceContext": "Infrastructure.Services.DatabaseTestService", "Application": "Crud.Api"}
[05:34:25 INF] Database reset via file deletion completed for worker 14813 in 109.406ms (Close: 0.0006ms, Delete: 1.0926ms, Create: 7.4905ms) {"SourceContext": "Infrastructure.Services.DatabaseTestService", "Application": "Crud.Api"}
[05:34:25 INF] Releasing database mutex for worker 14813 {"SourceContext": "Infrastructure.Services.DatabaseTestService", "Application": "Crud.Api"}
Resource associated with Metric:
    deployment.environment: Testing
    service.name: Crud.Api
    service.version: 1.0.0
    service.instance.id: 15081513-c9e4-4e0d-aac5-97a71d5ef649
    telemetry.sdk.name: opentelemetry
    telemetry.sdk.language: dotnet
    telemetry.sdk.version: 1.8.1
Metric Name: http.server.active_requests, Number of active HTTP server requests., Unit: {request}, Meter: Microsoft.AspNetCore.Hosting
(2025-09-11T05:34:17.7672661Z, 2025-09-11T05:34:25.8722601Z] http.request.method: POST url.scheme: http LongSumNonMonotonic
Value: 0
(2025-09-11T05:34:17.7672661Z, 2025-09-11T05:34:25.8722601Z] http.request.method: GET url.scheme: http LongSumNonMonotonic
Value: 0
(2025-09-11T05:34:17.7672661Z, 2025-09-11T05:34:25.8722601Z] http.request.method: DELETE url.scheme: http LongSumNonMonotonic
Value: 0
(2025-09-11T05:34:17.7672661Z, 2025-09-11T05:34:25.8722601Z] http.request.method: PUT url.scheme: http LongSumNonMonotonic
Value: 0
Metric Name: http.server.request.duration, Duration of HTTP server requests., Unit: s, Meter: Microsoft.AspNetCore.Hosting
(2025-09-11T05:34:17.7672895Z, 2025-09-11T05:34:25.8722657Z] http.request.method: POST http.response.status_code: 200 http.route: api/Auth/register network.protocol.version: 1.1 url.scheme: http Histogram
Value: Sum: 4.1791186 Count: 14 Min: 0.2957006 Max: 0.3118662 
(-Infinity,0.005]:0
(0.005,0.01]:0
(0.01,0.025]:0
(0.025,0.05]:0
(0.05,0.075]:0
(0.075,0.1]:0
(0.1,0.25]:0
(0.25,0.5]:14
(0.5,0.75]:0
(0.75,1]:0
(1,2.5]:0
(2.5,5]:0
(5,7.5]:0
(7.5,10]:0
(10,+Infinity]:0
(2025-09-11T05:34:17.7672895Z, 2025-09-11T05:34:25.8722657Z] http.request.method: POST http.response.status_code: 200 http.route: api/Auth/login network.protocol.version: 1.1 url.scheme: http Histogram
Value: Sum: 2.0853817 Count: 7 Min: 0.2961839 Max: 0.3033103 
(-Infinity,0.005]:0
(0.005,0.01]:0
(0.01,0.025]:0
(0.025,0.05]:0
(0.05,0.075]:0
(0.075,0.1]:0
(0.1,0.25]:0
(0.25,0.5]:7
(0.5,0.75]:0
(0.75,1]:0
(1,2.5]:0
(2.5,5]:0
(5,7.5]:0
(7.5,10]:0
(10,+Infinity]:0
(2025-09-11T05:34:17.7672895Z, 2025-09-11T05:34:25.8722657Z] http.request.method: GET http.response.status_code: 200 http.route: api/Windows network.protocol.version: 1.1 url.scheme: http Histogram
Value: Sum: 0.020647600000000002 Count: 2 Min: 0.0035892 Max: 0.0170584 
(-Infinity,0.005]:1
(0.005,0.01]:0
(0.01,0.025]:1
(0.025,0.05]:0
(0.05,0.075]:0
(0.075,0.1]:0
(0.1,0.25]:0
(0.25,0.5]:0
(0.5,0.75]:0
(0.75,1]:0
(1,2.5]:0
(2.5,5]:0
(5,7.5]:0
(7.5,10]:0
(10,+Infinity]:0
(2025-09-11T05:34:17.7672895Z, 2025-09-11T05:34:25.8722657Z] http.request.method: POST http.response.status_code: 201 http.route: api/Windows network.protocol.version: 1.1 url.scheme: http Histogram
Value: Sum: 0.0326178 Count: 1 Min: 0.0326178 Max: 0.0326178 
(-Infinity,0.005]:0
(0.005,0.01]:0
(0.01,0.025]:0
(0.025,0.05]:1
(0.05,0.075]:0
(0.075,0.1]:0
(0.1,0.25]:0
(0.25,0.5]:0
(0.5,0.75]:0
(0.75,1]:0
(1,2.5]:0
(2.5,5]:0
(5,7.5]:0
(7.5,10]:0
(10,+Infinity]:0
(2025-09-11T05:34:17.7672895Z, 2025-09-11T05:34:25.8722657Z] http.request.method: GET http.response.status_code: 200 http.route: api/People network.protocol.version: 1.1 url.scheme: http Histogram
Value: Sum: 0.0179461 Count: 8 Min: 0.0004036 Max: 0.0106932 
(-Infinity,0.005]:7
(0.005,0.01]:0
(0.01,0.025]:1
(0.025,0.05]:0
(0.05,0.075]:0
(0.075,0.1]:0
(0.1,0.25]:0
(0.25,0.5]:0
(0.5,0.75]:0
(0.75,1]:0
(1,2.5]:0
(2.5,5]:0
(5,7.5]:0
(7.5,10]:0
(10,+Infinity]:0
(2025-09-11T05:34:17.7672895Z, 2025-09-11T05:34:25.8722657Z] http.request.method: POST http.response.status_code: 201 http.route: api/People network.protocol.version: 1.1 url.scheme: http Histogram
Value: Sum: 0.0133986 Count: 2 Min: 0.0017418 Max: 0.0116568 
(-Infinity,0.005]:1
(0.005,0.01]:0
(0.01,0.025]:1
(0.025,0.05]:0
(0.05,0.075]:0
(0.075,0.1]:0
(0.1,0.25]:0
(0.25,0.5]:0
(0.5,0.75]:0
(0.75,1]:0
(1,2.5]:0
(2.5,5]:0
(5,7.5]:0
(7.5,10]:0
(10,+Infinity]:0
(2025-09-11T05:34:17.7672895Z, 2025-09-11T05:34:25.8722657Z] http.request.method: GET http.response.status_code: 200 http.route: api/Roles network.protocol.version: 1.1 url.scheme: http Histogram
Value: Sum: 0.0099728 Count: 4 Min: 0.000298 Max: 0.0071228 
(-Infinity,0.005]:3
(0.005,0.01]:1
(0.01,0.025]:0
(0.025,0.05]:0
(0.05,0.075]:0
(0.075,0.1]:0
(0.1,0.25]:0
(0.25,0.5]:0
(0.5,0.75]:0
(0.75,1]:0
(1,2.5]:0
(2.5,5]:0
(5,7.5]:0
(7.5,10]:0
(10,+Infinity]:0
(2025-09-11T05:34:17.7672895Z, 2025-09-11T05:34:25.8722657Z] http.request.method: POST http.response.status_code: 201 http.route: api/Roles network.protocol.version: 1.1 url.scheme: http Histogram
Value: Sum: 0.0089958 Count: 1 Min: 0.0089958 Max: 0.0089958 
(-Infinity,0.005]:0
(0.005,0.01]:1
(0.01,0.025]:0
(0.025,0.05]:0
(0.05,0.075]:0
(0.075,0.1]:0
(0.1,0.25]:0
(0.25,0.5]:0
(0.5,0.75]:0
(0.75,1]:0
(1,2.5]:0
(2.5,5]:0
(5,7.5]:0
(7.5,10]:0
(10,+Infinity]:0
(2025-09-11T05:34:17.7672895Z, 2025-09-11T05:34:25.8722657Z] http.request.method: DELETE http.response.status_code: 204 http.route: api/People/{id:guid} network.protocol.version: 1.1 url.scheme: http Histogram
Value: Sum: 0.0098989 Count: 1 Min: 0.0098989 Max: 0.0098989 
(-Infinity,0.005]:0
(0.005,0.01]:1
(0.01,0.025]:0
(0.025,0.05]:0
(0.05,0.075]:0
(0.075,0.1]:0
(0.1,0.25]:0
(0.25,0.5]:0
(0.5,0.75]:0
(0.75,1]:0
(1,2.5]:0
(2.5,5]:0
(5,7.5]:0
(7.5,10]:0
(10,+Infinity]:0
(2025-09-11T05:34:17.7672895Z, 2025-09-11T05:34:25.8722657Z] http.request.method: GET http.response.status_code: 200 http.route: api/People/{id:guid} network.protocol.version: 1.1 url.scheme: http Histogram
Value: Sum: 0.005342 Count: 2 Min: 0.0010302 Max: 0.0043118 
(-Infinity,0.005]:2
(0.005,0.01]:0
(0.01,0.025]:0
(0.025,0.05]:0
(0.05,0.075]:0
(0.075,0.1]:0
(0.1,0.25]:0
(0.25,0.5]:0
(0.5,0.75]:0
(0.75,1]:0
(1,2.5]:0
(2.5,5]:0
(5,7.5]:0
(7.5,10]:0
(10,+Infinity]:0
(2025-09-11T05:34:17.7672895Z, 2025-09-11T05:34:25.8722657Z] http.request.method: PUT http.response.status_code: 204 http.route: api/People/{id:guid} network.protocol.version: 1.1 url.scheme: http Histogram
Value: Sum: 0.008481 Count: 1 Min: 0.008481 Max: 0.008481 
(-Infinity,0.005]:0
(0.005,0.01]:1
(0.01,0.025]:0
(0.025,0.05]:0
(0.05,0.075]:0
(0.075,0.1]:0
(0.1,0.25]:0
(0.25,0.5]:0
(0.5,0.75]:0
(0.75,1]:0
(1,2.5]:0
(2.5,5]:0
(5,7.5]:0
(7.5,10]:0
(10,+Infinity]:0
(2025-09-11T05:34:17.7672895Z, 2025-09-11T05:34:25.8722657Z] http.request.method: GET http.response.status_code: 200 http.route: api/Walls network.protocol.version: 1.1 url.scheme: http Histogram
Value: Sum: 0.011835 Count: 2 Min: 0.0014962 Max: 0.0103388 
(-Infinity,0.005]:1
(0.005,0.01]:0
(0.01,0.025]:1
(0.025,0.05]:0
(0.05,0.075]:0
(0.075,0.1]:0
(0.1,0.25]:0
(0.25,0.5]:0
(0.5,0.75]:0
(0.75,1]:0
(1,2.5]:0
(2.5,5]:0
(5,7.5]:0
(7.5,10]:0
(10,+Infinity]:0
(2025-09-11T05:34:17.7672895Z, 2025-09-11T05:34:25.8722657Z] http.request.method: POST http.response.status_code: 201 http.route: api/Walls network.protocol.version: 1.1 url.scheme: http Histogram
Value: Sum: 0.019256 Count: 1 Min: 0.019256 Max: 0.019256 
(-Infinity,0.005]:0
(0.005,0.01]:0
(0.01,0.025]:1
(0.025,0.05]:0
(0.05,0.075]:0
(0.075,0.1]:0
(0.1,0.25]:0
(0.25,0.5]:0
(0.5,0.75]:0
(0.75,1]:0
(1,2.5]:0
(2.5,5]:0
(5,7.5]:0
(7.5,10]:0
(10,+Infinity]:0
Metric Name: aspnetcore.rate_limiting.active_request_leases, Number of HTTP requests that are currently active on the server that hold a rate limiting lease., Unit: {request}, Meter: Microsoft.AspNetCore.RateLimiting
(2025-09-11T05:34:17.7736109Z, 2025-09-11T05:34:25.8722665Z] LongSumNonMonotonic
Value: 0
Metric Name: aspnetcore.rate_limiting.request_lease.duration, The duration of rate limiting leases held by HTTP requests on the server., Unit: s, Meter: Microsoft.AspNetCore.RateLimiting
(2025-09-11T05:34:17.7736382Z, 2025-09-11T05:34:25.8722673Z] Histogram
Value: Sum: 6.414531 Count: 46 Min: 0.0002545 Max: 0.3108275 
(-Infinity,0.005]:15
(0.005,0.01]:4
(0.01,0.025]:5
(0.025,0.05]:1
(0.05,0.075]:0
(0.075,0.1]:0
(0.1,0.25]:0
(0.25,0.5]:21
(0.5,0.75]:0
(0.75,1]:0
(1,2.5]:0
(2.5,5]:0
(5,7.5]:0
(7.5,10]:0
(10,+Infinity]:0
Metric Name: aspnetcore.rate_limiting.requests, Number of requests that tried to acquire a rate limiting lease. Requests could be rejected by global or endpoint rate limiting policies. Or the request could be canceled while waiting for the lease., Unit: {request}, Meter: Microsoft.AspNetCore.RateLimiting
(2025-09-11T05:34:17.7737041Z, 2025-09-11T05:34:25.8722700Z] aspnetcore.rate_limiting.result: acquired LongSum
Value: 46
Metric Name: aspnetcore.routing.match_attempts, Number of requests that were attempted to be matched to an endpoint., Unit: {match_attempt}, Meter: Microsoft.AspNetCore.Routing
(2025-09-11T05:34:17.7746191Z, 2025-09-11T05:34:25.8722709Z] aspnetcore.routing.is_fallback: false aspnetcore.routing.match_status: success http.route: api/Auth/register LongSum
Value: 14
(2025-09-11T05:34:17.7746191Z, 2025-09-11T05:34:25.8722709Z] aspnetcore.routing.is_fallback: false aspnetcore.routing.match_status: success http.route: api/Auth/login LongSum
Value: 7
(2025-09-11T05:34:17.7746191Z, 2025-09-11T05:34:25.8722709Z] aspnetcore.routing.is_fallback: false aspnetcore.routing.match_status: success http.route: api/Windows LongSum
Value: 3
(2025-09-11T05:34:17.7746191Z, 2025-09-11T05:34:25.8722709Z] aspnetcore.routing.is_fallback: false aspnetcore.routing.match_status: success http.route: api/People LongSum
Value: 10
(2025-09-11T05:34:17.7746191Z, 2025-09-11T05:34:25.8722709Z] aspnetcore.routing.is_fallback: false aspnetcore.routing.match_status: success http.route: api/Roles LongSum
Value: 5
(2025-09-11T05:34:17.7746191Z, 2025-09-11T05:34:25.8722709Z] aspnetcore.routing.is_fallback: false aspnetcore.routing.match_status: success http.route: api/People/{id:guid} LongSum
Value: 4
(2025-09-11T05:34:17.7746191Z, 2025-09-11T05:34:25.8722709Z] aspnetcore.routing.is_fallback: false aspnetcore.routing.match_status: success http.route: api/Walls LongSum
Value: 3
[05:34:25 INF] Starting Crud API application {"Application": "Crud.Api"}
[05:34:25 INF] Using SQLite provider with connection: Data Source=TestDatabase.db {"Application": "Crud.Api"}
[05:34:25 INF] Database ensured successfully {"Application": "Crud.Api"}
[05:34:25 INF] Application configured successfully. Starting web host... {"Application": "Crud.Api"}
[05:34:25 INF] Resetting database for worker 10163 {"SourceContext": "Infrastructure.Services.DatabaseTestService", "Application": "Crud.Api"}
[05:34:25 INF] Resetting database via file deletion for worker 10163 in CI environment {"SourceContext": "Infrastructure.Services.DatabaseTestService", "Application": "Crud.Api"}
[05:34:25 INF] Acquiring database mutex for worker 10163... {"SourceContext": "Infrastructure.Services.DatabaseTestService", "Application": "Crud.Api"}
[05:34:25 INF] Database mutex acquired for worker 10163 {"SourceContext": "Infrastructure.Services.DatabaseTestService", "Application": "Crud.Api"}
[05:34:25 INF] Current database state - CanConnect: True {"SourceContext": "Infrastructure.Services.DatabaseTestService", "Application": "Crud.Api"}
[05:34:25 INF] [Phase 0] Closing database connection for worker 10163... {"SourceContext": "Infrastructure.Services.DatabaseTestService", "Application": "Crud.Api"}
[05:34:25 INF] [Phase 0] Connection closed in 0.0007ms {"SourceContext": "Infrastructure.Services.DatabaseTestService", "Application": "Crud.Api"}
[05:34:25 INF] [Phase 1] Starting EnsureDeletedAsync for worker 10163... {"SourceContext": "Infrastructure.Services.DatabaseTestService", "Application": "Crud.Api"}
[05:34:25 INF] [Phase 1] EnsureDeletedAsync completed in 1.404ms {"SourceContext": "Infrastructure.Services.DatabaseTestService", "Application": "Crud.Api"}
[05:34:26 INF] [Phase 2] Starting EnsureCreatedAsync for worker 10163... {"SourceContext": "Infrastructure.Services.DatabaseTestService", "Application": "Crud.Api"}
[05:34:26 INF] [Phase 2] EnsureCreatedAsync completed in 8.1568ms {"SourceContext": "Infrastructure.Services.DatabaseTestService", "Application": "Crud.Api"}
[05:34:26 INF] [Phase 3] Skipping database seeding as requested for worker 10163 {"SourceContext": "Infrastructure.Services.DatabaseTestService", "Application": "Crud.Api"}
[05:34:26 INF] Database reset via file deletion completed for worker 10163 in 110.6071ms (Close: 0.0007ms, Delete: 1.404ms, Create: 8.1568ms) {"SourceContext": "Infrastructure.Services.DatabaseTestService", "Application": "Crud.Api"}
[05:34:26 INF] Releasing database mutex for worker 10163 {"SourceContext": "Infrastructure.Services.DatabaseTestService", "Application": "Crud.Api"}
[05:34:26 WRN] Failed to determine the https port for redirect. {"EventId": {"Id": 3, "Name": "FailedToDeterminePort"}, "SourceContext": "Microsoft.AspNetCore.HttpsPolicy.HttpsRedirectionMiddleware", "RequestId": "0HNFGUJ46SF0P", "RequestPath": "/api/auth/register", "Application": "Crud.Api"}
[05:34:26 INF] User registered successfully: b8d4616b-b82d-434a-bbe1-02f1a0b6244c {"SourceContext": "App.Features.Authentication.RegisterUserCommandHandler", "ActionId": "a3f9aadf-95d8-4e08-a5d6-0a133340a3b6", "ActionName": "Api.Controllers.AuthController.Register (Api)", "RequestId": "0HNFGUJ46SF0P", "RequestPath": "/api/auth/register", "Application": "Crud.Api"}
Activity.TraceId:            5e555735dc908320b43cb5e25e8c1cbb
Activity.SpanId:             9044e59a3c4f557a
Activity.TraceFlags:         Recorded
Activity.ActivitySourceName: Microsoft.AspNetCore
Activity.DisplayName:        POST api/Auth/register
Activity.Kind:               Server
Activity.StartTime:          2025-09-11T05:34:26.0288678Z
Activity.Duration:           00:00:00.3067041
Activity.Tags:
    server.address: localhost
    http.request.method: POST
    url.scheme: http
    url.path: /api/auth/register
    network.protocol.version: 1.1
    http.route: api/Auth/register
    http.response.status_code: 200
Resource associated with Activity:
    deployment.environment: Testing
    service.name: Crud.Api
    service.version: 1.0.0
    service.instance.id: 15081513-c9e4-4e0d-aac5-97a71d5ef649
    telemetry.sdk.name: opentelemetry
    telemetry.sdk.language: dotnet
    telemetry.sdk.version: 1.8.1
[05:34:26 DBG] Cache miss for key: list:wall {"SourceContext": "Infrastructure.Services.Caching.InMemoryCacheService", "ActionId": "7c2cb4ab-3589-43ce-89a6-72cb05a59f36", "ActionName": "Api.Controllers.WallsController.List (Api)", "RequestId": "0HNFGUJ46SF0Q", "RequestPath": "/api/walls", "Application": "Crud.Api"}
[05:34:26 DBG] Set cache value for key: list:wall {"SourceContext": "Infrastructure.Services.Caching.InMemoryCacheService", "ActionId": "7c2cb4ab-3589-43ce-89a6-72cb05a59f36", "ActionName": "Api.Controllers.WallsController.List (Api)", "RequestId": "0HNFGUJ46SF0Q", "RequestPath": "/api/walls", "Application": "Crud.Api"}
Activity.TraceId:            f8c9c8b706744c62d7adc6e6bc0799e2
Activity.SpanId:             b6d2bb4900fd53fd
Activity.TraceFlags:         Recorded
Activity.ActivitySourceName: Microsoft.AspNetCore
Activity.DisplayName:        GET api/Walls
Activity.Kind:               Server
Activity.StartTime:          2025-09-11T05:34:26.3361310Z
Activity.Duration:           00:00:00.0122524
Activity.Tags:
    server.address: localhost
    http.request.method: GET
    url.scheme: http
    url.path: /api/walls
    network.protocol.version: 1.1
    http.route: api/Walls
    http.response.status_code: 200
Resource associated with Activity:
    deployment.environment: Testing
    service.name: Crud.Api
    service.version: 1.0.0
    service.instance.id: 15081513-c9e4-4e0d-aac5-97a71d5ef649
    telemetry.sdk.name: opentelemetry
    telemetry.sdk.language: dotnet
    telemetry.sdk.version: 1.8.1
[05:34:26 DBG] Cache hit for key: list:wall {"SourceContext": "Infrastructure.Services.Caching.InMemoryCacheService", "ActionId": "7c2cb4ab-3589-43ce-89a6-72cb05a59f36", "ActionName": "Api.Controllers.WallsController.List (Api)", "RequestId": "0HNFGUJ46SF0R", "RequestPath": "/api/walls", "Application": "Crud.Api"}
Activity.TraceId:            7748670e6a56c0c22eb343e0eac16de0
Activity.SpanId:             d6d366d6cefd6568
Activity.TraceFlags:         Recorded
Activity.ActivitySourceName: Microsoft.AspNetCore
Activity.DisplayName:        GET api/Walls
Activity.Kind:               Server
Activity.StartTime:          2025-09-11T05:34:26.3485840Z
Activity.Duration:           00:00:00.0019989
Activity.Tags:
    server.address: localhost
    http.request.method: GET
    url.scheme: http
    url.path: /api/walls
    network.protocol.version: 1.1
    http.route: api/Walls
    http.response.status_code: 200
Resource associated with Activity:
    deployment.environment: Testing
    service.name: Crud.Api
    service.version: 1.0.0
    service.instance.id: 15081513-c9e4-4e0d-aac5-97a71d5ef649
    telemetry.sdk.name: opentelemetry
    telemetry.sdk.language: dotnet
    telemetry.sdk.version: 1.8.1
[05:34:26 INF] Resetting database for worker 10163 {"SourceContext": "Infrastructure.Services.DatabaseTestService", "Application": "Crud.Api"}
[05:34:26 INF] Resetting database via file deletion for worker 10163 in CI environment {"SourceContext": "Infrastructure.Services.DatabaseTestService", "Application": "Crud.Api"}
[05:34:26 INF] Acquiring database mutex for worker 10163... {"SourceContext": "Infrastructure.Services.DatabaseTestService", "Application": "Crud.Api"}
[05:34:26 INF] Database mutex acquired for worker 10163 {"SourceContext": "Infrastructure.Services.DatabaseTestService", "Application": "Crud.Api"}
[05:34:26 INF] Current database state - CanConnect: True {"SourceContext": "Infrastructure.Services.DatabaseTestService", "Application": "Crud.Api"}
[05:34:26 INF] [Phase 0] Closing database connection for worker 10163... {"SourceContext": "Infrastructure.Services.DatabaseTestService", "Application": "Crud.Api"}
[05:34:26 INF] [Phase 0] Connection closed in 0.0007ms {"SourceContext": "Infrastructure.Services.DatabaseTestService", "Application": "Crud.Api"}
[05:34:26 INF] [Phase 1] Starting EnsureDeletedAsync for worker 10163... {"SourceContext": "Infrastructure.Services.DatabaseTestService", "Application": "Crud.Api"}
[05:34:26 INF] [Phase 1] EnsureDeletedAsync completed in 1.4354ms {"SourceContext": "Infrastructure.Services.DatabaseTestService", "Application": "Crud.Api"}
[05:34:26 INF] [Phase 2] Starting EnsureCreatedAsync for worker 10163... {"SourceContext": "Infrastructure.Services.DatabaseTestService", "Application": "Crud.Api"}
[05:34:26 INF] [Phase 2] EnsureCreatedAsync completed in 7.6757ms {"SourceContext": "Infrastructure.Services.DatabaseTestService", "Application": "Crud.Api"}
[05:34:26 INF] [Phase 3] Skipping database seeding as requested for worker 10163 {"SourceContext": "Infrastructure.Services.DatabaseTestService", "Application": "Crud.Api"}
[05:34:26 INF] Database reset via file deletion completed for worker 10163 in 109.1705ms (Close: 0.0007ms, Delete: 1.4354ms, Create: 7.6757ms) {"SourceContext": "Infrastructure.Services.DatabaseTestService", "Application": "Crud.Api"}
[05:34:26 INF] Releasing database mutex for worker 10163 {"SourceContext": "Infrastructure.Services.DatabaseTestService", "Application": "Crud.Api"}
[05:34:26 INF] Resetting database for worker 10163 {"SourceContext": "Infrastructure.Services.DatabaseTestService", "Application": "Crud.Api"}
[05:34:26 INF] Resetting database via file deletion for worker 10163 in CI environment {"SourceContext": "Infrastructure.Services.DatabaseTestService", "Application": "Crud.Api"}
[05:34:26 INF] Acquiring database mutex for worker 10163... {"SourceContext": "Infrastructure.Services.DatabaseTestService", "Application": "Crud.Api"}
[05:34:26 INF] Database mutex acquired for worker 10163 {"SourceContext": "Infrastructure.Services.DatabaseTestService", "Application": "Crud.Api"}
[05:34:26 INF] Current database state - CanConnect: True {"SourceContext": "Infrastructure.Services.DatabaseTestService", "Application": "Crud.Api"}
[05:34:26 INF] [Phase 0] Closing database connection for worker 10163... {"SourceContext": "Infrastructure.Services.DatabaseTestService", "Application": "Crud.Api"}
[05:34:26 INF] [Phase 0] Connection closed in 0.0006ms {"SourceContext": "Infrastructure.Services.DatabaseTestService", "Application": "Crud.Api"}
[05:34:26 INF] [Phase 1] Starting EnsureDeletedAsync for worker 10163... {"SourceContext": "Infrastructure.Services.DatabaseTestService", "Application": "Crud.Api"}
[05:34:26 INF] [Phase 1] EnsureDeletedAsync completed in 1.308ms {"SourceContext": "Infrastructure.Services.DatabaseTestService", "Application": "Crud.Api"}
[05:34:26 INF] [Phase 2] Starting EnsureCreatedAsync for worker 10163... {"SourceContext": "Infrastructure.Services.DatabaseTestService", "Application": "Crud.Api"}
[05:34:26 INF] [Phase 2] EnsureCreatedAsync completed in 8.0587ms {"SourceContext": "Infrastructure.Services.DatabaseTestService", "Application": "Crud.Api"}
[05:34:26 INF] [Phase 3] Skipping database seeding as requested for worker 10163 {"SourceContext": "Infrastructure.Services.DatabaseTestService", "Application": "Crud.Api"}
[05:34:26 INF] Database reset via file deletion completed for worker 10163 in 109.8409ms (Close: 0.0006ms, Delete: 1.308ms, Create: 8.0587ms) {"SourceContext": "Infrastructure.Services.DatabaseTestService", "Application": "Crud.Api"}
[05:34:26 INF] Releasing database mutex for worker 10163 {"SourceContext": "Infrastructure.Services.DatabaseTestService", "Application": "Crud.Api"}
[05:34:26 INF] User registered successfully: dcadd892-d43e-48e7-bb63-b3151770050a {"SourceContext": "App.Features.Authentication.RegisterUserCommandHandler", "ActionId": "a3f9aadf-95d8-4e08-a5d6-0a133340a3b6", "ActionName": "Api.Controllers.AuthController.Register (Api)", "RequestId": "0HNFGUJ46SF0S", "RequestPath": "/api/auth/register", "Application": "Crud.Api"}
Activity.TraceId:            85c027825802813e7962b90eed755d0d
Activity.SpanId:             83d495a35449a005
Activity.TraceFlags:         Recorded
Activity.ActivitySourceName: Microsoft.AspNetCore
Activity.DisplayName:        POST api/Auth/register
Activity.Kind:               Server
Activity.StartTime:          2025-09-11T05:34:26.5764696Z
Activity.Duration:           00:00:00.3003337
Activity.Tags:
    server.address: localhost
    http.request.method: POST
    url.scheme: http
    url.path: /api/auth/register
    network.protocol.version: 1.1
    http.route: api/Auth/register
    http.response.status_code: 200
Resource associated with Activity:
    deployment.environment: Testing
    service.name: Crud.Api
    service.version: 1.0.0
    service.instance.id: 15081513-c9e4-4e0d-aac5-97a71d5ef649
    telemetry.sdk.name: opentelemetry
    telemetry.sdk.language: dotnet
    telemetry.sdk.version: 1.8.1
[05:34:26 DBG] Cache miss for key: list:window {"SourceContext": "Infrastructure.Services.Caching.InMemoryCacheService", "ActionId": "d3ee1f68-e8ec-45a5-82b3-9d02271da93d", "ActionName": "Api.Controllers.WindowsController.List (Api)", "RequestId": "0HNFGUJ46SF0T", "RequestPath": "/api/windows", "Application": "Crud.Api"}
[05:34:26 DBG] Set cache value for key: list:window {"SourceContext": "Infrastructure.Services.Caching.InMemoryCacheService", "ActionId": "d3ee1f68-e8ec-45a5-82b3-9d02271da93d", "ActionName": "Api.Controllers.WindowsController.List (Api)", "RequestId": "0HNFGUJ46SF0T", "RequestPath": "/api/windows", "Application": "Crud.Api"}
Activity.TraceId:            fee8ceb43149a56c5b869c2937571353
Activity.SpanId:             2d24d6086b387b2a
Activity.TraceFlags:         Recorded
Activity.ActivitySourceName: Microsoft.AspNetCore
Activity.DisplayName:        GET api/Windows
Activity.Kind:               Server
Activity.StartTime:          2025-09-11T05:34:26.8774184Z
Activity.Duration:           00:00:00.0138172
Activity.Tags:
    server.address: localhost
    http.request.method: GET
    url.scheme: http
    url.path: /api/windows
    network.protocol.version: 1.1
    http.route: api/Windows
    http.response.status_code: 200
Resource associated with Activity:
    deployment.environment: Testing
    service.name: Crud.Api
    service.version: 1.0.0
    service.instance.id: 15081513-c9e4-4e0d-aac5-97a71d5ef649
    telemetry.sdk.name: opentelemetry
    telemetry.sdk.language: dotnet
    telemetry.sdk.version: 1.8.1
[05:34:26 DBG] Cache hit for key: list:window {"SourceContext": "Infrastructure.Services.Caching.InMemoryCacheService", "ActionId": "d3ee1f68-e8ec-45a5-82b3-9d02271da93d", "ActionName": "Api.Controllers.WindowsController.List (Api)", "RequestId": "0HNFGUJ46SF0U", "RequestPath": "/api/windows", "Application": "Crud.Api"}
Activity.TraceId:            baf3a068381746857ee9e9660953731d
Activity.SpanId:             07f2155d879fdd7e
Activity.TraceFlags:         Recorded
Activity.ActivitySourceName: Microsoft.AspNetCore
Activity.DisplayName:        GET api/Windows
Activity.Kind:               Server
Activity.StartTime:          2025-09-11T05:34:26.8914640Z
Activity.Duration:           00:00:00.0004908
Activity.Tags:
    server.address: localhost
    http.request.method: GET
    url.scheme: http
    url.path: /api/windows
    network.protocol.version: 1.1
    http.route: api/Windows
    http.response.status_code: 200
Resource associated with Activity:
    deployment.environment: Testing
    service.name: Crud.Api
    service.version: 1.0.0
    service.instance.id: 15081513-c9e4-4e0d-aac5-97a71d5ef649
    telemetry.sdk.name: opentelemetry
    telemetry.sdk.language: dotnet
    telemetry.sdk.version: 1.8.1
[05:34:26 INF] Resetting database for worker 10163 {"SourceContext": "Infrastructure.Services.DatabaseTestService", "Application": "Crud.Api"}
[05:34:26 INF] Resetting database via file deletion for worker 10163 in CI environment {"SourceContext": "Infrastructure.Services.DatabaseTestService", "Application": "Crud.Api"}
[05:34:26 INF] Acquiring database mutex for worker 10163... {"SourceContext": "Infrastructure.Services.DatabaseTestService", "Application": "Crud.Api"}
[05:34:26 INF] Database mutex acquired for worker 10163 {"SourceContext": "Infrastructure.Services.DatabaseTestService", "Application": "Crud.Api"}
[05:34:26 INF] Current database state - CanConnect: True {"SourceContext": "Infrastructure.Services.DatabaseTestService", "Application": "Crud.Api"}
[05:34:26 INF] [Phase 0] Closing database connection for worker 10163... {"SourceContext": "Infrastructure.Services.DatabaseTestService", "Application": "Crud.Api"}
[05:34:26 INF] [Phase 0] Connection closed in 0.0006ms {"SourceContext": "Infrastructure.Services.DatabaseTestService", "Application": "Crud.Api"}
[05:34:26 INF] [Phase 1] Starting EnsureDeletedAsync for worker 10163... {"SourceContext": "Infrastructure.Services.DatabaseTestService", "Application": "Crud.Api"}
[05:34:26 INF] [Phase 1] EnsureDeletedAsync completed in 1.3327ms {"SourceContext": "Infrastructure.Services.DatabaseTestService", "Application": "Crud.Api"}
[05:34:26 INF] [Phase 2] Starting EnsureCreatedAsync for worker 10163... {"SourceContext": "Infrastructure.Services.DatabaseTestService", "Application": "Crud.Api"}
[05:34:27 INF] [Phase 2] EnsureCreatedAsync completed in 14.78ms {"SourceContext": "Infrastructure.Services.DatabaseTestService", "Application": "Crud.Api"}
[05:34:27 INF] [Phase 3] Skipping database seeding as requested for worker 10163 {"SourceContext": "Infrastructure.Services.DatabaseTestService", "Application": "Crud.Api"}
[05:34:27 INF] Database reset via file deletion completed for worker 10163 in 116.3545ms (Close: 0.0006ms, Delete: 1.3327ms, Create: 14.78ms) {"SourceContext": "Infrastructure.Services.DatabaseTestService", "Application": "Crud.Api"}
[05:34:27 INF] Releasing database mutex for worker 10163 {"SourceContext": "Infrastructure.Services.DatabaseTestService", "Application": "Crud.Api"}
[05:34:27 INF] Resetting database for worker 10163 {"SourceContext": "Infrastructure.Services.DatabaseTestService", "Application": "Crud.Api"}
[05:34:27 INF] Resetting database via file deletion for worker 10163 in CI environment {"SourceContext": "Infrastructure.Services.DatabaseTestService", "Application": "Crud.Api"}
[05:34:27 INF] Acquiring database mutex for worker 10163... {"SourceContext": "Infrastructure.Services.DatabaseTestService", "Application": "Crud.Api"}
[05:34:27 INF] Database mutex acquired for worker 10163 {"SourceContext": "Infrastructure.Services.DatabaseTestService", "Application": "Crud.Api"}
[05:34:27 INF] Current database state - CanConnect: True {"SourceContext": "Infrastructure.Services.DatabaseTestService", "Application": "Crud.Api"}
[05:34:27 INF] [Phase 0] Closing database connection for worker 10163... {"SourceContext": "Infrastructure.Services.DatabaseTestService", "Application": "Crud.Api"}
[05:34:27 INF] [Phase 0] Connection closed in 0.0009ms {"SourceContext": "Infrastructure.Services.DatabaseTestService", "Application": "Crud.Api"}
[05:34:27 INF] [Phase 1] Starting EnsureDeletedAsync for worker 10163... {"SourceContext": "Infrastructure.Services.DatabaseTestService", "Application": "Crud.Api"}
[05:34:27 INF] [Phase 1] EnsureDeletedAsync completed in 1.3594ms {"SourceContext": "Infrastructure.Services.DatabaseTestService", "Application": "Crud.Api"}
[05:34:27 INF] [Phase 2] Starting EnsureCreatedAsync for worker 10163... {"SourceContext": "Infrastructure.Services.DatabaseTestService", "Application": "Crud.Api"}
[05:34:27 INF] [Phase 2] EnsureCreatedAsync completed in 8.0953ms {"SourceContext": "Infrastructure.Services.DatabaseTestService", "Application": "Crud.Api"}
[05:34:27 INF] [Phase 3] Skipping database seeding as requested for worker 10163 {"SourceContext": "Infrastructure.Services.DatabaseTestService", "Application": "Crud.Api"}
[05:34:27 INF] Database reset via file deletion completed for worker 10163 in 110.9187ms (Close: 0.0009ms, Delete: 1.3594ms, Create: 8.0953ms) {"SourceContext": "Infrastructure.Services.DatabaseTestService", "Application": "Crud.Api"}
[05:34:27 INF] Releasing database mutex for worker 10163 {"SourceContext": "Infrastructure.Services.DatabaseTestService", "Application": "Crud.Api"}
[05:34:27 INF] User registered successfully: 4ed57283-6d93-4aa5-8fd8-177bc6031371 {"SourceContext": "App.Features.Authentication.RegisterUserCommandHandler", "ActionId": "a3f9aadf-95d8-4e08-a5d6-0a133340a3b6", "ActionName": "Api.Controllers.AuthController.Register (Api)", "RequestId": "0HNFGUJ46SF0V", "RequestPath": "/api/auth/register", "Application": "Crud.Api"}
Activity.TraceId:            a403363eb0c75baebf46f013e7c74b65
Activity.SpanId:             b4a3d2381ad5e307
Activity.TraceFlags:         Recorded
Activity.ActivitySourceName: Microsoft.AspNetCore
Activity.DisplayName:        POST api/Auth/register
Activity.Kind:               Server
Activity.StartTime:          2025-09-11T05:34:27.1249688Z
Activity.Duration:           00:00:00.3068697
Activity.Tags:
    server.address: localhost
    http.request.method: POST
    url.scheme: http
    url.path: /api/auth/register
    network.protocol.version: 1.1
    http.route: api/Auth/register
    http.response.status_code: 200
Resource associated with Activity:
    deployment.environment: Testing
    service.name: Crud.Api
    service.version: 1.0.0
    service.instance.id: 15081513-c9e4-4e0d-aac5-97a71d5ef649
    telemetry.sdk.name: opentelemetry
    telemetry.sdk.language: dotnet
    telemetry.sdk.version: 1.8.1
[05:34:27 DBG] Cache miss for key: list:role {"SourceContext": "Infrastructure.Services.Caching.InMemoryCacheService", "ActionId": "f5fcaa99-abfb-4703-a6f5-1d05505e88d4", "ActionName": "Api.Controllers.RolesController.List (Api)", "RequestId": "0HNFGUJ46SF10", "RequestPath": "/api/roles", "Application": "Crud.Api"}
[05:34:27 DBG] Set cache value for key: list:role {"SourceContext": "Infrastructure.Services.Caching.InMemoryCacheService", "ActionId": "f5fcaa99-abfb-4703-a6f5-1d05505e88d4", "ActionName": "Api.Controllers.RolesController.List (Api)", "RequestId": "0HNFGUJ46SF10", "RequestPath": "/api/roles", "Application": "Crud.Api"}
Activity.TraceId:            a878fbbbdc212002958b6a0f3473315e
Activity.SpanId:             e78d8dc78c204312
Activity.TraceFlags:         Recorded
Activity.ActivitySourceName: Microsoft.AspNetCore
Activity.DisplayName:        GET api/Roles
Activity.Kind:               Server
Activity.StartTime:          2025-09-11T05:34:27.4324989Z
Activity.Duration:           00:00:00.0055414
Activity.Tags:
    server.address: localhost
    http.request.method: GET
    url.scheme: http
    url.path: /api/roles
    network.protocol.version: 1.1
    http.route: api/Roles
    http.response.status_code: 200
Resource associated with Activity:
    deployment.environment: Testing
    service.name: Crud.Api
    service.version: 1.0.0
    service.instance.id: 15081513-c9e4-4e0d-aac5-97a71d5ef649
    telemetry.sdk.name: opentelemetry
    telemetry.sdk.language: dotnet
    telemetry.sdk.version: 1.8.1
[05:34:27 DBG] Cache hit for key: list:role {"SourceContext": "Infrastructure.Services.Caching.InMemoryCacheService", "ActionId": "f5fcaa99-abfb-4703-a6f5-1d05505e88d4", "ActionName": "Api.Controllers.RolesController.List (Api)", "RequestId": "0HNFGUJ46SF11", "RequestPath": "/api/roles", "Application": "Crud.Api"}
Activity.TraceId:            2e28fc0ecc9f1c14768a4e2250c40aed
Activity.SpanId:             12e90493a6c6b0ba
Activity.TraceFlags:         Recorded
Activity.ActivitySourceName: Microsoft.AspNetCore
Activity.DisplayName:        GET api/Roles
Activity.Kind:               Server
Activity.StartTime:          2025-09-11T05:34:27.4382342Z
Activity.Duration:           00:00:00.0003608
Activity.Tags:
    server.address: localhost
    http.request.method: GET
    url.scheme: http
    url.path: /api/roles
    network.protocol.version: 1.1
    http.route: api/Roles
    http.response.status_code: 200
Resource associated with Activity:
    deployment.environment: Testing
    service.name: Crud.Api
    service.version: 1.0.0
    service.instance.id: 15081513-c9e4-4e0d-aac5-97a71d5ef649
    telemetry.sdk.name: opentelemetry
    telemetry.sdk.language: dotnet
    telemetry.sdk.version: 1.8.1
[05:34:27 INF] Resetting database for worker 10163 {"SourceContext": "Infrastructure.Services.DatabaseTestService", "Application": "Crud.Api"}
[05:34:27 INF] Resetting database via file deletion for worker 10163 in CI environment {"SourceContext": "Infrastructure.Services.DatabaseTestService", "Application": "Crud.Api"}
[05:34:27 INF] Acquiring database mutex for worker 10163... {"SourceContext": "Infrastructure.Services.DatabaseTestService", "Application": "Crud.Api"}
[05:34:27 INF] Database mutex acquired for worker 10163 {"SourceContext": "Infrastructure.Services.DatabaseTestService", "Application": "Crud.Api"}
[05:34:27 INF] Current database state - CanConnect: True {"SourceContext": "Infrastructure.Services.DatabaseTestService", "Application": "Crud.Api"}
[05:34:27 INF] [Phase 0] Closing database connection for worker 10163... {"SourceContext": "Infrastructure.Services.DatabaseTestService", "Application": "Crud.Api"}
[05:34:27 INF] [Phase 0] Connection closed in 0.0005ms {"SourceContext": "Infrastructure.Services.DatabaseTestService", "Application": "Crud.Api"}
[05:34:27 INF] [Phase 1] Starting EnsureDeletedAsync for worker 10163... {"SourceContext": "Infrastructure.Services.DatabaseTestService", "Application": "Crud.Api"}
[05:34:27 INF] [Phase 1] EnsureDeletedAsync completed in 1.4372ms {"SourceContext": "Infrastructure.Services.DatabaseTestService", "Application": "Crud.Api"}
[05:34:27 INF] [Phase 2] Starting EnsureCreatedAsync for worker 10163... {"SourceContext": "Infrastructure.Services.DatabaseTestService", "Application": "Crud.Api"}
[05:34:27 INF] [Phase 2] EnsureCreatedAsync completed in 7.7581ms {"SourceContext": "Infrastructure.Services.DatabaseTestService", "Application": "Crud.Api"}
[05:34:27 INF] [Phase 3] Skipping database seeding as requested for worker 10163 {"SourceContext": "Infrastructure.Services.DatabaseTestService", "Application": "Crud.Api"}
[05:34:27 INF] Database reset via file deletion completed for worker 10163 in 109.3247ms (Close: 0.0005ms, Delete: 1.4372ms, Create: 7.7581ms) {"SourceContext": "Infrastructure.Services.DatabaseTestService", "Application": "Crud.Api"}
[05:34:27 INF] Releasing database mutex for worker 10163 {"SourceContext": "Infrastructure.Services.DatabaseTestService", "Application": "Crud.Api"}
[05:34:27 INF] Resetting database for worker 10163 {"SourceContext": "Infrastructure.Services.DatabaseTestService", "Application": "Crud.Api"}
[05:34:27 INF] Resetting database via file deletion for worker 10163 in CI environment {"SourceContext": "Infrastructure.Services.DatabaseTestService", "Application": "Crud.Api"}
[05:34:27 INF] Acquiring database mutex for worker 10163... {"SourceContext": "Infrastructure.Services.DatabaseTestService", "Application": "Crud.Api"}
[05:34:27 INF] Database mutex acquired for worker 10163 {"SourceContext": "Infrastructure.Services.DatabaseTestService", "Application": "Crud.Api"}
[05:34:27 INF] Current database state - CanConnect: True {"SourceContext": "Infrastructure.Services.DatabaseTestService", "Application": "Crud.Api"}
[05:34:27 INF] [Phase 0] Closing database connection for worker 10163... {"SourceContext": "Infrastructure.Services.DatabaseTestService", "Application": "Crud.Api"}
[05:34:27 INF] [Phase 0] Connection closed in 0.0006ms {"SourceContext": "Infrastructure.Services.DatabaseTestService", "Application": "Crud.Api"}
[05:34:27 INF] [Phase 1] Starting EnsureDeletedAsync for worker 10163... {"SourceContext": "Infrastructure.Services.DatabaseTestService", "Application": "Crud.Api"}
[05:34:27 INF] [Phase 1] EnsureDeletedAsync completed in 1.2506ms {"SourceContext": "Infrastructure.Services.DatabaseTestService", "Application": "Crud.Api"}
[05:34:27 INF] [Phase 2] Starting EnsureCreatedAsync for worker 10163... {"SourceContext": "Infrastructure.Services.DatabaseTestService", "Application": "Crud.Api"}
[05:34:27 INF] [Phase 2] EnsureCreatedAsync completed in 7.8432ms {"SourceContext": "Infrastructure.Services.DatabaseTestService", "Application": "Crud.Api"}
[05:34:27 INF] [Phase 3] Skipping database seeding as requested for worker 10163 {"SourceContext": "Infrastructure.Services.DatabaseTestService", "Application": "Crud.Api"}
[05:34:27 INF] Database reset via file deletion completed for worker 10163 in 110.4153ms (Close: 0.0006ms, Delete: 1.2506ms, Create: 7.8432ms) {"SourceContext": "Infrastructure.Services.DatabaseTestService", "Application": "Crud.Api"}
[05:34:27 INF] Releasing database mutex for worker 10163 {"SourceContext": "Infrastructure.Services.DatabaseTestService", "Application": "Crud.Api"}
[05:34:27 INF] User registered successfully: 21631da7-1000-427d-99db-982a7adf7cf6 {"SourceContext": "App.Features.Authentication.RegisterUserCommandHandler", "ActionId": "a3f9aadf-95d8-4e08-a5d6-0a133340a3b6", "ActionName": "Api.Controllers.AuthController.Register (Api)", "RequestId": "0HNFGUJ46SF12", "RequestPath": "/api/auth/register", "Application": "Crud.Api"}
Activity.TraceId:            3ab4131634598a072081bfdeb395250f
Activity.SpanId:             c023b595a52afeda
Activity.TraceFlags:         Recorded
Activity.ActivitySourceName: Microsoft.AspNetCore
Activity.DisplayName:        POST api/Auth/register
Activity.Kind:               Server
Activity.StartTime:          2025-09-11T05:34:27.6634882Z
Activity.Duration:           00:00:00.2960662
Activity.Tags:
    server.address: localhost
    http.request.method: POST
    url.scheme: http
    url.path: /api/auth/register
    network.protocol.version: 1.1
    http.route: api/Auth/register
    http.response.status_code: 200
Resource associated with Activity:
    deployment.environment: Testing
    service.name: Crud.Api
    service.version: 1.0.0
    service.instance.id: 15081513-c9e4-4e0d-aac5-97a71d5ef649
    telemetry.sdk.name: opentelemetry
    telemetry.sdk.language: dotnet
    telemetry.sdk.version: 1.8.1
[05:34:27 DBG] Cache miss for key: list:person {"SourceContext": "Infrastructure.Services.Caching.InMemoryCacheService", "ActionId": "c227d1cc-f6b3-42ef-8ba5-69fc3d58e09f", "ActionName": "Api.Controllers.PeopleController.List (Api)", "RequestId": "0HNFGUJ46SF13", "RequestPath": "/api/people", "Application": "Crud.Api"}
[05:34:27 DBG] Set cache value for key: list:person {"SourceContext": "Infrastructure.Services.Caching.InMemoryCacheService", "ActionId": "c227d1cc-f6b3-42ef-8ba5-69fc3d58e09f", "ActionName": "Api.Controllers.PeopleController.List (Api)", "RequestId": "0HNFGUJ46SF13", "RequestPath": "/api/people", "Application": "Crud.Api"}
Activity.TraceId:            a20c6f0f6b7bcca9576d247fc14354e4
Activity.SpanId:             7492f1b72cea65ba
Activity.TraceFlags:         Recorded
Activity.ActivitySourceName: Microsoft.AspNetCore
Activity.DisplayName:        GET api/People
Activity.Kind:               Server
Activity.StartTime:          2025-09-11T05:34:27.9602972Z
Activity.Duration:           00:00:00.0076243
Activity.Tags:
    server.address: localhost
    http.request.method: GET
    url.scheme: http
    url.path: /api/people
    network.protocol.version: 1.1
    http.route: api/People
    http.response.status_code: 200
Resource associated with Activity:
    deployment.environment: Testing
    service.name: Crud.Api
    service.version: 1.0.0
    service.instance.id: 15081513-c9e4-4e0d-aac5-97a71d5ef649
    telemetry.sdk.name: opentelemetry
    telemetry.sdk.language: dotnet
    telemetry.sdk.version: 1.8.1
[05:34:27 DBG] Cache hit for key: list:person {"SourceContext": "Infrastructure.Services.Caching.InMemoryCacheService", "ActionId": "c227d1cc-f6b3-42ef-8ba5-69fc3d58e09f", "ActionName": "Api.Controllers.PeopleController.List (Api)", "RequestId": "0HNFGUJ46SF14", "RequestPath": "/api/people", "Application": "Crud.Api"}
Activity.TraceId:            d22d5c98c2e4bb8bbed475bed4539536
Activity.SpanId:             ff34e9973f07b5d3
Activity.TraceFlags:         Recorded
Activity.ActivitySourceName: Microsoft.AspNetCore
Activity.DisplayName:        GET api/People
Activity.Kind:               Server
Activity.StartTime:          2025-09-11T05:34:27.9681107Z
Activity.Duration:           00:00:00.0003862
Activity.Tags:
    server.address: localhost
    http.request.method: GET
    url.scheme: http
    url.path: /api/people
    network.protocol.version: 1.1
    http.route: api/People
    http.response.status_code: 200
Resource associated with Activity:
    deployment.environment: Testing
    service.name: Crud.Api
    service.version: 1.0.0
    service.instance.id: 15081513-c9e4-4e0d-aac5-97a71d5ef649
    telemetry.sdk.name: opentelemetry
    telemetry.sdk.language: dotnet
    telemetry.sdk.version: 1.8.1
[05:34:27 INF] Resetting database for worker 10163 {"SourceContext": "Infrastructure.Services.DatabaseTestService", "Application": "Crud.Api"}
[05:34:27 INF] Resetting database via file deletion for worker 10163 in CI environment {"SourceContext": "Infrastructure.Services.DatabaseTestService", "Application": "Crud.Api"}
[05:34:27 INF] Acquiring database mutex for worker 10163... {"SourceContext": "Infrastructure.Services.DatabaseTestService", "Application": "Crud.Api"}
[05:34:27 INF] Database mutex acquired for worker 10163 {"SourceContext": "Infrastructure.Services.DatabaseTestService", "Application": "Crud.Api"}
[05:34:27 INF] Current database state - CanConnect: True {"SourceContext": "Infrastructure.Services.DatabaseTestService", "Application": "Crud.Api"}
[05:34:27 INF] [Phase 0] Closing database connection for worker 10163... {"SourceContext": "Infrastructure.Services.DatabaseTestService", "Application": "Crud.Api"}
[05:34:27 INF] [Phase 0] Connection closed in 0.0005ms {"SourceContext": "Infrastructure.Services.DatabaseTestService", "Application": "Crud.Api"}
[05:34:27 INF] [Phase 1] Starting EnsureDeletedAsync for worker 10163... {"SourceContext": "Infrastructure.Services.DatabaseTestService", "Application": "Crud.Api"}
[05:34:27 INF] [Phase 1] EnsureDeletedAsync completed in 1.3272ms {"SourceContext": "Infrastructure.Services.DatabaseTestService", "Application": "Crud.Api"}
[05:34:28 INF] [Phase 2] Starting EnsureCreatedAsync for worker 10163... {"SourceContext": "Infrastructure.Services.DatabaseTestService", "Application": "Crud.Api"}
[05:34:28 INF] [Phase 2] EnsureCreatedAsync completed in 7.6225ms {"SourceContext": "Infrastructure.Services.DatabaseTestService", "Application": "Crud.Api"}
[05:34:28 INF] [Phase 3] Skipping database seeding as requested for worker 10163 {"SourceContext": "Infrastructure.Services.DatabaseTestService", "Application": "Crud.Api"}
[05:34:28 INF] Database reset via file deletion completed for worker 10163 in 109.2655ms (Close: 0.0005ms, Delete: 1.3272ms, Create: 7.6225ms) {"SourceContext": "Infrastructure.Services.DatabaseTestService", "Application": "Crud.Api"}
[05:34:28 INF] Releasing database mutex for worker 10163 {"SourceContext": "Infrastructure.Services.DatabaseTestService", "Application": "Crud.Api"}
[05:34:28 INF] Resetting database for worker 10163 {"SourceContext": "Infrastructure.Services.DatabaseTestService", "Application": "Crud.Api"}
[05:34:28 INF] Resetting database via file deletion for worker 10163 in CI environment {"SourceContext": "Infrastructure.Services.DatabaseTestService", "Application": "Crud.Api"}
[05:34:28 INF] Acquiring database mutex for worker 10163... {"SourceContext": "Infrastructure.Services.DatabaseTestService", "Application": "Crud.Api"}
[05:34:28 INF] Database mutex acquired for worker 10163 {"SourceContext": "Infrastructure.Services.DatabaseTestService", "Application": "Crud.Api"}
[05:34:28 INF] Current database state - CanConnect: True {"SourceContext": "Infrastructure.Services.DatabaseTestService", "Application": "Crud.Api"}
[05:34:28 INF] [Phase 0] Closing database connection for worker 10163... {"SourceContext": "Infrastructure.Services.DatabaseTestService", "Application": "Crud.Api"}
[05:34:28 INF] [Phase 0] Connection closed in 0.0006ms {"SourceContext": "Infrastructure.Services.DatabaseTestService", "Application": "Crud.Api"}
[05:34:28 INF] [Phase 1] Starting EnsureDeletedAsync for worker 10163... {"SourceContext": "Infrastructure.Services.DatabaseTestService", "Application": "Crud.Api"}
[05:34:28 INF] [Phase 1] EnsureDeletedAsync completed in 1.3454ms {"SourceContext": "Infrastructure.Services.DatabaseTestService", "Application": "Crud.Api"}
[05:34:28 INF] [Phase 2] Starting EnsureCreatedAsync for worker 10163... {"SourceContext": "Infrastructure.Services.DatabaseTestService", "Application": "Crud.Api"}
[05:34:28 INF] [Phase 2] EnsureCreatedAsync completed in 10.3403ms {"SourceContext": "Infrastructure.Services.DatabaseTestService", "Application": "Crud.Api"}
[05:34:28 INF] [Phase 3] Skipping database seeding as requested for worker 10163 {"SourceContext": "Infrastructure.Services.DatabaseTestService", "Application": "Crud.Api"}
[05:34:28 INF] Database reset via file deletion completed for worker 10163 in 112.9764ms (Close: 0.0006ms, Delete: 1.3454ms, Create: 10.3403ms) {"SourceContext": "Infrastructure.Services.DatabaseTestService", "Application": "Crud.Api"}
[05:34:28 INF] Releasing database mutex for worker 10163 {"SourceContext": "Infrastructure.Services.DatabaseTestService", "Application": "Crud.Api"}
[05:34:28 INF] User registered successfully: ca20df78-0ee0-452e-93d2-ad17e3e9cd78 {"SourceContext": "App.Features.Authentication.RegisterUserCommandHandler", "ActionId": "a3f9aadf-95d8-4e08-a5d6-0a133340a3b6", "ActionName": "Api.Controllers.AuthController.Register (Api)", "RequestId": "0HNFGUJ46SF15", "RequestPath": "/api/auth/register", "Application": "Crud.Api"}
Activity.TraceId:            7ca8c8a356e853f34528d968ed79fb9a
Activity.SpanId:             55b8e7335ed34113
Activity.TraceFlags:         Recorded
Activity.ActivitySourceName: Microsoft.AspNetCore
Activity.DisplayName:        POST api/Auth/register
Activity.Kind:               Server
Activity.StartTime:          2025-09-11T05:34:28.1959816Z
Activity.Duration:           00:00:00.2957617
Activity.Tags:
    server.address: localhost
    http.request.method: POST
    url.scheme: http
    url.path: /api/auth/register
    network.protocol.version: 1.1
    http.route: api/Auth/register
    http.response.status_code: 200
Resource associated with Activity:
    deployment.environment: Testing
    service.name: Crud.Api
    service.version: 1.0.0
    service.instance.id: 15081513-c9e4-4e0d-aac5-97a71d5ef649
    telemetry.sdk.name: opentelemetry
    telemetry.sdk.language: dotnet
    telemetry.sdk.version: 1.8.1
[05:34:28 DBG] Cache miss for key: entity:person:603214993a2946c494e9bc4001e13ea7 {"SourceContext": "Infrastructure.Services.Caching.InMemoryCacheService", "ActionId": "d07b8039-d8fb-49d2-a3aa-b8c056c99a5b", "ActionName": "Api.Controllers.PeopleController.Get (Api)", "RequestId": "0HNFGUJ46SF16", "RequestPath": "/api/people/60321499-3a29-46c4-94e9-bc4001e13ea7", "Application": "Crud.Api"}
[05:34:28 DBG] Set cache value for key: entity:person:603214993a2946c494e9bc4001e13ea7 {"SourceContext": "Infrastructure.Services.Caching.InMemoryCacheService", "ActionId": "d07b8039-d8fb-49d2-a3aa-b8c056c99a5b", "ActionName": "Api.Controllers.PeopleController.Get (Api)", "RequestId": "0HNFGUJ46SF16", "RequestPath": "/api/people/60321499-3a29-46c4-94e9-bc4001e13ea7", "Application": "Crud.Api"}
Activity.TraceId:            eecade41cda6f1597beb0f315a80604e
Activity.SpanId:             a3b28bab77efd0fd
Activity.TraceFlags:         Recorded
Activity.ActivitySourceName: Microsoft.AspNetCore
Activity.DisplayName:        GET api/People/{id:guid}
Activity.Kind:               Server
Activity.StartTime:          2025-09-11T05:34:28.4924890Z
Activity.Duration:           00:00:00.0087697
Activity.Tags:
    server.address: localhost
    http.request.method: GET
    url.scheme: http
    url.path: /api/people/60321499-3a29-46c4-94e9-bc4001e13ea7
    network.protocol.version: 1.1
    http.route: api/People/{id:guid}
    http.response.status_code: 200
Resource associated with Activity:
    deployment.environment: Testing
    service.name: Crud.Api
    service.version: 1.0.0
    service.instance.id: 15081513-c9e4-4e0d-aac5-97a71d5ef649
    telemetry.sdk.name: opentelemetry
    telemetry.sdk.language: dotnet
    telemetry.sdk.version: 1.8.1
[05:34:28 DBG] Cache hit for key: entity:person:603214993a2946c494e9bc4001e13ea7 {"SourceContext": "Infrastructure.Services.Caching.InMemoryCacheService", "ActionId": "d07b8039-d8fb-49d2-a3aa-b8c056c99a5b", "ActionName": "Api.Controllers.PeopleController.Get (Api)", "RequestId": "0HNFGUJ46SF17", "RequestPath": "/api/people/60321499-3a29-46c4-94e9-bc4001e13ea7", "Application": "Crud.Api"}
Activity.TraceId:            5bff87903849b833ae0f05102ba1e995
Activity.SpanId:             97996814c382b013
Activity.TraceFlags:         Recorded
Activity.ActivitySourceName: Microsoft.AspNetCore
Activity.DisplayName:        GET api/People/{id:guid}
Activity.Kind:               Server
Activity.StartTime:          2025-09-11T05:34:28.5014649Z
Activity.Duration:           00:00:00.0005480
Activity.Tags:
    server.address: localhost
    http.request.method: GET
    url.scheme: http
    url.path: /api/people/60321499-3a29-46c4-94e9-bc4001e13ea7
    network.protocol.version: 1.1
    http.route: api/People/{id:guid}
    http.response.status_code: 200
Resource associated with Activity:
    deployment.environment: Testing
    service.name: Crud.Api
    service.version: 1.0.0
    service.instance.id: 15081513-c9e4-4e0d-aac5-97a71d5ef649
    telemetry.sdk.name: opentelemetry
    telemetry.sdk.language: dotnet
    telemetry.sdk.version: 1.8.1
[05:34:28 INF] Resetting database for worker 10163 {"SourceContext": "Infrastructure.Services.DatabaseTestService", "Application": "Crud.Api"}
[05:34:28 INF] Resetting database via file deletion for worker 10163 in CI environment {"SourceContext": "Infrastructure.Services.DatabaseTestService", "Application": "Crud.Api"}
[05:34:28 INF] Acquiring database mutex for worker 10163... {"SourceContext": "Infrastructure.Services.DatabaseTestService", "Application": "Crud.Api"}
[05:34:28 INF] Database mutex acquired for worker 10163 {"SourceContext": "Infrastructure.Services.DatabaseTestService", "Application": "Crud.Api"}
[05:34:28 INF] Current database state - CanConnect: True {"SourceContext": "Infrastructure.Services.DatabaseTestService", "Application": "Crud.Api"}
[05:34:28 INF] [Phase 0] Closing database connection for worker 10163... {"SourceContext": "Infrastructure.Services.DatabaseTestService", "Application": "Crud.Api"}
[05:34:28 INF] [Phase 0] Connection closed in 0.0006ms {"SourceContext": "Infrastructure.Services.DatabaseTestService", "Application": "Crud.Api"}
[05:34:28 INF] [Phase 1] Starting EnsureDeletedAsync for worker 10163... {"SourceContext": "Infrastructure.Services.DatabaseTestService", "Application": "Crud.Api"}
[05:34:28 INF] [Phase 1] EnsureDeletedAsync completed in 1.3978ms {"SourceContext": "Infrastructure.Services.DatabaseTestService", "Application": "Crud.Api"}
[05:34:28 INF] [Phase 2] Starting EnsureCreatedAsync for worker 10163... {"SourceContext": "Infrastructure.Services.DatabaseTestService", "Application": "Crud.Api"}
[05:34:28 INF] [Phase 2] EnsureCreatedAsync completed in 7.871ms {"SourceContext": "Infrastructure.Services.DatabaseTestService", "Application": "Crud.Api"}
[05:34:28 INF] [Phase 3] Skipping database seeding as requested for worker 10163 {"SourceContext": "Infrastructure.Services.DatabaseTestService", "Application": "Crud.Api"}
[05:34:28 INF] Database reset via file deletion completed for worker 10163 in 110.4794ms (Close: 0.0006ms, Delete: 1.3978ms, Create: 7.871ms) {"SourceContext": "Infrastructure.Services.DatabaseTestService", "Application": "Crud.Api"}
[05:34:28 INF] Releasing database mutex for worker 10163 {"SourceContext": "Infrastructure.Services.DatabaseTestService", "Application": "Crud.Api"}
Resource associated with Metric:
    deployment.environment: Testing
    service.name: Crud.Api
    service.version: 1.0.0
    service.instance.id: 15081513-c9e4-4e0d-aac5-97a71d5ef649
    telemetry.sdk.name: opentelemetry
    telemetry.sdk.language: dotnet
    telemetry.sdk.version: 1.8.1
Metric Name: http.server.active_requests, Number of active HTTP server requests., Unit: {request}, Meter: Microsoft.AspNetCore.Hosting
(2025-09-11T05:34:25.9116014Z, 2025-09-11T05:34:28.6146090Z] http.request.method: POST url.scheme: http LongSumNonMonotonic
Value: 0
(2025-09-11T05:34:25.9116014Z, 2025-09-11T05:34:28.6146090Z] http.request.method: GET url.scheme: http LongSumNonMonotonic
Value: 0
Metric Name: http.server.request.duration, Duration of HTTP server requests., Unit: s, Meter: Microsoft.AspNetCore.Hosting
(2025-09-11T05:34:25.9116283Z, 2025-09-11T05:34:28.6146119Z] http.request.method: POST http.response.status_code: 200 http.route: api/Auth/register network.protocol.version: 1.1 url.scheme: http Histogram
Value: Sum: 1.5057118999999999 Count: 5 Min: 0.2957572 Max: 0.3068663 
(-Infinity,0.005]:0
(0.005,0.01]:0
(0.01,0.025]:0
(0.025,0.05]:0
(0.05,0.075]:0
(0.075,0.1]:0
(0.1,0.25]:0
(0.25,0.5]:5
(0.5,0.75]:0
(0.75,1]:0
(1,2.5]:0
(2.5,5]:0
(5,7.5]:0
(7.5,10]:0
(10,+Infinity]:0
(2025-09-11T05:34:25.9116283Z, 2025-09-11T05:34:28.6146119Z] http.request.method: GET http.response.status_code: 200 http.route: api/Walls network.protocol.version: 1.1 url.scheme: http Histogram
Value: Sum: 0.0142458 Count: 2 Min: 0.0019978 Max: 0.012248 
(-Infinity,0.005]:1
(0.005,0.01]:0
(0.01,0.025]:1
(0.025,0.05]:0
(0.05,0.075]:0
(0.075,0.1]:0
(0.1,0.25]:0
(0.25,0.5]:0
(0.5,0.75]:0
(0.75,1]:0
(1,2.5]:0
(2.5,5]:0
(5,7.5]:0
(7.5,10]:0
(10,+Infinity]:0
(2025-09-11T05:34:25.9116283Z, 2025-09-11T05:34:28.6146119Z] http.request.method: GET http.response.status_code: 200 http.route: api/Windows network.protocol.version: 1.1 url.scheme: http Histogram
Value: Sum: 0.0142893 Count: 2 Min: 0.0004825 Max: 0.0138068 
(-Infinity,0.005]:1
(0.005,0.01]:0
(0.01,0.025]:1
(0.025,0.05]:0
(0.05,0.075]:0
(0.075,0.1]:0
(0.1,0.25]:0
(0.25,0.5]:0
(0.5,0.75]:0
(0.75,1]:0
(1,2.5]:0
(2.5,5]:0
(5,7.5]:0
(7.5,10]:0
(10,+Infinity]:0
(2025-09-11T05:34:25.9116283Z, 2025-09-11T05:34:28.6146119Z] http.request.method: GET http.response.status_code: 200 http.route: api/Roles network.protocol.version: 1.1 url.scheme: http Histogram
Value: Sum: 0.0058956 Count: 2 Min: 0.0003599 Max: 0.0055357 
(-Infinity,0.005]:1
(0.005,0.01]:1
(0.01,0.025]:0
(0.025,0.05]:0
(0.05,0.075]:0
(0.075,0.1]:0
(0.1,0.25]:0
(0.25,0.5]:0
(0.5,0.75]:0
(0.75,1]:0
(1,2.5]:0
(2.5,5]:0
(5,7.5]:0
(7.5,10]:0
(10,+Infinity]:0
(2025-09-11T05:34:25.9116283Z, 2025-09-11T05:34:28.6146119Z] http.request.method: GET http.response.status_code: 200 http.route: api/People network.protocol.version: 1.1 url.scheme: http Histogram
Value: Sum: 0.008025000000000001 Count: 2 Min: 0.0004033 Max: 0.0076217 
(-Infinity,0.005]:1
(0.005,0.01]:1
(0.01,0.025]:0
(0.025,0.05]:0
(0.05,0.075]:0
(0.075,0.1]:0
(0.1,0.25]:0
(0.25,0.5]:0
(0.5,0.75]:0
(0.75,1]:0
(1,2.5]:0
(2.5,5]:0
(5,7.5]:0
(7.5,10]:0
(10,+Infinity]:0
(2025-09-11T05:34:25.9116283Z, 2025-09-11T05:34:28.6146119Z] http.request.method: GET http.response.status_code: 200 http.route: api/People/{id:guid} network.protocol.version: 1.1 url.scheme: http Histogram
Value: Sum: 0.0092988 Count: 2 Min: 0.0005481 Max: 0.0087507 
(-Infinity,0.005]:1
(0.005,0.01]:1
(0.01,0.025]:0
(0.025,0.05]:0
(0.05,0.075]:0
(0.075,0.1]:0
(0.1,0.25]:0
(0.25,0.5]:0
(0.5,0.75]:0
(0.75,1]:0
(1,2.5]:0
(2.5,5]:0
(5,7.5]:0
(7.5,10]:0
(10,+Infinity]:0
Metric Name: aspnetcore.rate_limiting.active_request_leases, Number of HTTP requests that are currently active on the server that hold a rate limiting lease., Unit: {request}, Meter: Microsoft.AspNetCore.RateLimiting
(2025-09-11T05:34:25.9136917Z, 2025-09-11T05:34:28.6146127Z] LongSumNonMonotonic
Value: 0
Metric Name: aspnetcore.rate_limiting.request_lease.duration, The duration of rate limiting leases held by HTTP requests on the server., Unit: s, Meter: Microsoft.AspNetCore.RateLimiting
(2025-09-11T05:34:25.9137192Z, 2025-09-11T05:34:28.6146135Z] Histogram
Value: Sum: 1.5522907000000001 Count: 15 Min: 0.0003092 Max: 0.3067278 
(-Infinity,0.005]:5
(0.005,0.01]:3
(0.01,0.025]:2
(0.025,0.05]:0
(0.05,0.075]:0
(0.075,0.1]:0
(0.1,0.25]:0
(0.25,0.5]:5
(0.5,0.75]:0
(0.75,1]:0
(1,2.5]:0
(2.5,5]:0
(5,7.5]:0
(7.5,10]:0
(10,+Infinity]:0
Metric Name: aspnetcore.rate_limiting.requests, Number of requests that tried to acquire a rate limiting lease. Requests could be rejected by global or endpoint rate limiting policies. Or the request could be canceled while waiting for the lease., Unit: {request}, Meter: Microsoft.AspNetCore.RateLimiting
(2025-09-11T05:34:25.9137644Z, 2025-09-11T05:34:28.6146150Z] aspnetcore.rate_limiting.result: acquired LongSum
Value: 15
Metric Name: aspnetcore.routing.match_attempts, Number of requests that were attempted to be matched to an endpoint., Unit: {match_attempt}, Meter: Microsoft.AspNetCore.Routing
(2025-09-11T05:34:25.9145748Z, 2025-09-11T05:34:28.6146155Z] aspnetcore.routing.is_fallback: false aspnetcore.routing.match_status: success http.route: api/Auth/register LongSum
Value: 5
(2025-09-11T05:34:25.9145748Z, 2025-09-11T05:34:28.6146155Z] aspnetcore.routing.is_fallback: false aspnetcore.routing.match_status: success http.route: api/Walls LongSum
Value: 2
(2025-09-11T05:34:25.9145748Z, 2025-09-11T05:34:28.6146155Z] aspnetcore.routing.is_fallback: false aspnetcore.routing.match_status: success http.route: api/Windows LongSum
Value: 2
(2025-09-11T05:34:25.9145748Z, 2025-09-11T05:34:28.6146155Z] aspnetcore.routing.is_fallback: false aspnetcore.routing.match_status: success http.route: api/Roles LongSum
Value: 2
(2025-09-11T05:34:25.9145748Z, 2025-09-11T05:34:28.6146155Z] aspnetcore.routing.is_fallback: false aspnetcore.routing.match_status: success http.route: api/People LongSum
Value: 2
(2025-09-11T05:34:25.9145748Z, 2025-09-11T05:34:28.6146155Z] aspnetcore.routing.is_fallback: false aspnetcore.routing.match_status: success http.route: api/People/{id:guid} LongSum
Value: 2
[05:34:28 INF] Starting Crud API application {"Application": "Crud.Api"}
[05:34:28 INF] Using SQLite provider with connection: Data Source=TestDatabase.db {"Application": "Crud.Api"}
[05:34:28 WRN] The property 'User.Roles' is a collection or enumeration type with a value converter but with no value comparer. Set a value comparer to ensure the collection/enumeration elements are compared correctly. {"EventId": {"Id": 10620, "Name": "Microsoft.EntityFrameworkCore.Model.Validation.CollectionWithoutComparer"}, "SourceContext": "Microsoft.EntityFrameworkCore.Model.Validation", "Application": "Crud.Api"}
[05:34:28 WRN] The property 'User.Roles' is a collection or enumeration type with a value converter but with no value comparer. Set a value comparer to ensure the collection/enumeration elements are compared correctly. {"EventId": {"Id": 10620, "Name": "Microsoft.EntityFrameworkCore.Model.Validation.CollectionWithoutComparer"}, "SourceContext": "Microsoft.EntityFrameworkCore.Model.Validation", "Application": "Crud.Api"}
[05:34:28 INF] Database ensured successfully {"Application": "Crud.Api"}
[05:34:28 INF] Application configured successfully. Starting web host... {"Application": "Crud.Api"}
[05:34:28 WRN] Failed to determine the https port for redirect. {"EventId": {"Id": 3, "Name": "FailedToDeterminePort"}, "SourceContext": "Microsoft.AspNetCore.HttpsPolicy.HttpsRedirectionMiddleware", "RequestId": "0HNFGUJ46SF18", "RequestPath": "/index.html", "Application": "Crud.Api"}
Activity.TraceId:            571cfc9c66fbb073611850ed36a5f615
Activity.SpanId:             13ddfa386139082c
Activity.TraceFlags:         Recorded
Activity.ActivitySourceName: Microsoft.AspNetCore
Activity.DisplayName:        GET
Activity.Kind:               Server
Activity.StartTime:          2025-09-11T05:34:28.7275716Z
Activity.Duration:           00:00:00.0082591
Activity.Tags:
    server.address: localhost
    http.request.method: GET
    url.scheme: http
    url.path: /index.html
    network.protocol.version: 1.1
    http.response.status_code: 200
Resource associated with Activity:
    deployment.environment: Testing
    service.name: Crud.Api
    service.version: 1.0.0
    service.instance.id: 15081513-c9e4-4e0d-aac5-97a71d5ef649
    telemetry.sdk.name: opentelemetry
    telemetry.sdk.language: dotnet
    telemetry.sdk.version: 1.8.1
Activity.TraceId:            8b7c80f1d97db2f1293f0fe783e3b818
Activity.SpanId:             3d2ca2c268b66467
Activity.TraceFlags:         Recorded
Activity.ActivitySourceName: Microsoft.AspNetCore
Activity.DisplayName:        GET
Activity.Kind:               Server
Activity.StartTime:          2025-09-11T05:34:28.7385282Z
Activity.Duration:           00:00:00.0027606
Activity.Tags:
    server.address: localhost
    http.request.method: GET
    url.scheme: http
    url.path: /js/test.js
    network.protocol.version: 1.1
    http.response.status_code: 200
Resource associated with Activity:
    deployment.environment: Testing
    service.name: Crud.Api
    service.version: 1.0.0
    service.instance.id: 15081513-c9e4-4e0d-aac5-97a71d5ef649
    telemetry.sdk.name: opentelemetry
    telemetry.sdk.language: dotnet
    telemetry.sdk.version: 1.8.1
Activity.TraceId:            9480628b37cbae6715bf37fcd7f61c47
Activity.SpanId:             d132a521f18acda5
Activity.TraceFlags:         Recorded
Activity.ActivitySourceName: Microsoft.AspNetCore
Activity.DisplayName:        GET
Activity.Kind:               Server
Activity.StartTime:          2025-09-11T05:34:28.7432317Z
Activity.Duration:           00:00:00.0037792
Activity.Tags:
    server.address: localhost
    http.request.method: GET
    url.scheme: http
    url.path: /css/test.css
    network.protocol.version: 1.1
    http.response.status_code: 200
Resource associated with Activity:
    deployment.environment: Testing
    service.name: Crud.Api
    service.version: 1.0.0
    service.instance.id: 15081513-c9e4-4e0d-aac5-97a71d5ef649
    telemetry.sdk.name: opentelemetry
    telemetry.sdk.language: dotnet
    telemetry.sdk.version: 1.8.1
Activity.TraceId:            1dd88f5329a9760526d989a33fa354c2
Activity.SpanId:             00787163f1639b27
Activity.TraceFlags:         Recorded
Activity.ActivitySourceName: Microsoft.AspNetCore
Activity.DisplayName:        GET
Activity.Kind:               Server
Activity.StartTime:          2025-09-11T05:34:28.7486878Z
Activity.Duration:           00:00:00.0009265
Activity.Tags:
    server.address: localhost
    http.request.method: GET
    url.scheme: http
    url.path: /css/test.css
    network.protocol.version: 1.1
    http.response.status_code: 200
Resource associated with Activity:
    deployment.environment: Testing
    service.name: Crud.Api
    service.version: 1.0.0
    service.instance.id: 15081513-c9e4-4e0d-aac5-97a71d5ef649
    telemetry.sdk.name: opentelemetry
    telemetry.sdk.language: dotnet
    telemetry.sdk.version: 1.8.1
Activity.TraceId:            07d633b27d4898f60b5864bb243951d3
Activity.SpanId:             e0401f8891ab826f
Activity.TraceFlags:         Recorded
Activity.ActivitySourceName: Microsoft.AspNetCore
Activity.DisplayName:        GET
Activity.Kind:               Server
Activity.StartTime:          2025-09-11T05:34:28.7516482Z
Activity.Duration:           00:00:00.0004661
Activity.Tags:
    server.address: localhost
    http.request.method: GET
    url.scheme: http
    url.path: /css/test.css
    network.protocol.version: 1.1
    http.response.status_code: 200
Resource associated with Activity:
    deployment.environment: Testing
    service.name: Crud.Api
    service.version: 1.0.0
    service.instance.id: 15081513-c9e4-4e0d-aac5-97a71d5ef649
    telemetry.sdk.name: opentelemetry
    telemetry.sdk.language: dotnet
    telemetry.sdk.version: 1.8.1
Activity.TraceId:            40979fb59ee594b59807e2c81e147010
Activity.SpanId:             055935df04cd86e1
Activity.TraceFlags:         Recorded
Activity.ActivitySourceName: Microsoft.AspNetCore
Activity.DisplayName:        GET
Activity.Kind:               Server
Activity.StartTime:          2025-09-11T05:34:28.7529381Z
Activity.Duration:           00:00:00.0002282
Activity.Tags:
    server.address: localhost
    http.request.method: GET
    url.scheme: http
    url.path: /js/test.js
    network.protocol.version: 1.1
    http.response.status_code: 200
Resource associated with Activity:
    deployment.environment: Testing
    service.name: Crud.Api
    service.version: 1.0.0
    service.instance.id: 15081513-c9e4-4e0d-aac5-97a71d5ef649
    telemetry.sdk.name: opentelemetry
    telemetry.sdk.language: dotnet
    telemetry.sdk.version: 1.8.1
Activity.TraceId:            5bce7344c7139873756e90cf2aa773e6
Activity.SpanId:             39dee933cbe60c1f
Activity.TraceFlags:         Recorded
Activity.ActivitySourceName: Microsoft.AspNetCore
Activity.DisplayName:        GET
Activity.Kind:               Server
Activity.StartTime:          2025-09-11T05:34:28.7533038Z
Activity.Duration:           00:00:00.0004286
Activity.Tags:
    server.address: localhost
    http.request.method: GET
    url.scheme: http
    url.path: /index.html
    network.protocol.version: 1.1
    http.response.status_code: 200
Resource associated with Activity:
    deployment.environment: Testing
    service.name: Crud.Api
    service.version: 1.0.0
    service.instance.id: 15081513-c9e4-4e0d-aac5-97a71d5ef649
    telemetry.sdk.name: opentelemetry
    telemetry.sdk.language: dotnet
    telemetry.sdk.version: 1.8.1
Activity.TraceId:            7d63276cadc1c8bd93e4db5ba41cef57
Activity.SpanId:             832d2f24b4976abc
Activity.TraceFlags:         Recorded
Activity.ActivitySourceName: Microsoft.AspNetCore
Activity.DisplayName:        GET
Activity.Kind:               Server
Activity.StartTime:          2025-09-11T05:34:28.7556010Z
Activity.Duration:           00:00:00.0002723
Activity.Tags:
    server.address: localhost
    http.request.method: GET
    url.scheme: http
    url.path: /css/test.css
    network.protocol.version: 1.1
    http.response.status_code: 200
Resource associated with Activity:
    deployment.environment: Testing
    service.name: Crud.Api
    service.version: 1.0.0
    service.instance.id: 15081513-c9e4-4e0d-aac5-97a71d5ef649
    telemetry.sdk.name: opentelemetry
    telemetry.sdk.language: dotnet
    telemetry.sdk.version: 1.8.1
Activity.TraceId:            4b4349527130a4380aba351a2f7e910c
Activity.SpanId:             76547cf491ecb6b2
Activity.TraceFlags:         Recorded
Activity.ActivitySourceName: Microsoft.AspNetCore
Activity.DisplayName:        GET
Activity.Kind:               Server
Activity.StartTime:          2025-09-11T05:34:28.7568730Z
Activity.Duration:           00:00:00.0001310
Activity.Tags:
    server.address: localhost
    http.request.method: GET
    url.scheme: http
    url.path: /js/test.js
    network.protocol.version: 1.1
    http.response.status_code: 200
Resource associated with Activity:
    deployment.environment: Testing
    service.name: Crud.Api
    service.version: 1.0.0
    service.instance.id: 15081513-c9e4-4e0d-aac5-97a71d5ef649
    telemetry.sdk.name: opentelemetry
    telemetry.sdk.language: dotnet
    telemetry.sdk.version: 1.8.1
Activity.TraceId:            e80742d5e0c9ded312b0020a4fab2138
Activity.SpanId:             a0eaba81e091413d
Activity.TraceFlags:         Recorded
Activity.ActivitySourceName: Microsoft.AspNetCore
Activity.DisplayName:        GET
Activity.Kind:               Server
Activity.StartTime:          2025-09-11T05:34:28.7570728Z
Activity.Duration:           00:00:00.0001332
Activity.Tags:
    server.address: localhost
    http.request.method: GET
    url.scheme: http
    url.path: /index.html
    network.protocol.version: 1.1
    http.response.status_code: 200
Resource associated with Activity:
    deployment.environment: Testing
    service.name: Crud.Api
    service.version: 1.0.0
    service.instance.id: 15081513-c9e4-4e0d-aac5-97a71d5ef649
    telemetry.sdk.name: opentelemetry
    telemetry.sdk.language: dotnet
    telemetry.sdk.version: 1.8.1
Activity.TraceId:            a5cb4ab67b3f0893ea26e43c0fbfec02
Activity.SpanId:             c3499bf2aea96f45
Activity.TraceFlags:         Recorded
Activity.ActivitySourceName: Microsoft.AspNetCore
Activity.DisplayName:        GET
Activity.Kind:               Server
Activity.StartTime:          2025-09-11T05:34:28.7587280Z
Activity.Duration:           00:00:00.0005004
Activity.Tags:
    server.address: localhost
    http.request.method: GET
    url.scheme: http
    url.path: /js/test.js
    network.protocol.version: 1.1
    http.response.status_code: 200
Resource associated with Activity:
    deployment.environment: Testing
    service.name: Crud.Api
    service.version: 1.0.0
    service.instance.id: 15081513-c9e4-4e0d-aac5-97a71d5ef649
    telemetry.sdk.name: opentelemetry
    telemetry.sdk.language: dotnet
    telemetry.sdk.version: 1.8.1
Activity.TraceId:            657860a16e18a61164465f78bb3174e3
Activity.SpanId:             993710f50cdee028
Activity.TraceFlags:         Recorded
Activity.ActivitySourceName: Microsoft.AspNetCore
Activity.DisplayName:        GET
Activity.Kind:               Server
Activity.StartTime:          2025-09-11T05:34:28.7613706Z
Activity.Duration:           00:00:00.0002965
Activity.Tags:
    server.address: localhost
    http.request.method: GET
    url.scheme: http
    url.path: /css/test.css
    network.protocol.version: 1.1
    http.response.status_code: 200
Resource associated with Activity:
    deployment.environment: Testing
    service.name: Crud.Api
    service.version: 1.0.0
    service.instance.id: 15081513-c9e4-4e0d-aac5-97a71d5ef649
    telemetry.sdk.name: opentelemetry
    telemetry.sdk.language: dotnet
    telemetry.sdk.version: 1.8.1
Activity.TraceId:            aef91a2b40b6fb57bf8eaa641269dbf4
Activity.SpanId:             696d606b7b53df6d
Activity.TraceFlags:         Recorded
Activity.ActivitySourceName: Microsoft.AspNetCore
Activity.DisplayName:        GET
Activity.Kind:               Server
Activity.StartTime:          2025-09-11T05:34:28.7627036Z
Activity.Duration:           00:00:00.0002288
Activity.Tags:
    server.address: localhost
    http.request.method: GET
    url.scheme: http
    url.path: /css/test.css
    network.protocol.version: 1.1
    http.response.status_code: 200
Resource associated with Activity:
    deployment.environment: Testing
    service.name: Crud.Api
    service.version: 1.0.0
    service.instance.id: 15081513-c9e4-4e0d-aac5-97a71d5ef649
    telemetry.sdk.name: opentelemetry
    telemetry.sdk.language: dotnet
    telemetry.sdk.version: 1.8.1
Activity.TraceId:            8560d9ed75c5c1f3f9312e045c7dbef8
Activity.SpanId:             53badf5fba43e52b
Activity.TraceFlags:         Recorded
Activity.ActivitySourceName: Microsoft.AspNetCore
Activity.DisplayName:        GET
Activity.Kind:               Server
Activity.StartTime:          2025-09-11T05:34:28.7646272Z
Activity.Duration:           00:00:00.0005456
Activity.Tags:
    server.address: localhost
    http.request.method: GET
    url.scheme: http
    url.path: /css/test.css
    network.protocol.version: 1.1
    http.response.status_code: 200
Resource associated with Activity:
    deployment.environment: Testing
    service.name: Crud.Api
    service.version: 1.0.0
    service.instance.id: 15081513-c9e4-4e0d-aac5-97a71d5ef649
    telemetry.sdk.name: opentelemetry
    telemetry.sdk.language: dotnet
    telemetry.sdk.version: 1.8.1
Activity.TraceId:            f74336965f7feb0c5acbf4ad6fe4ff0a
Activity.SpanId:             8c13f7b0bd91e9f6
Activity.TraceFlags:         Recorded
Activity.ActivitySourceName: Microsoft.AspNetCore
Activity.DisplayName:        GET
Activity.Kind:               Server
Activity.StartTime:          2025-09-11T05:34:28.7663895Z
Activity.Duration:           00:00:00.0002476
Activity.Tags:
    server.address: localhost
    http.request.method: GET
    url.scheme: http
    url.path: /js/test.js
    network.protocol.version: 1.1
    http.response.status_code: 200
Resource associated with Activity:
    deployment.environment: Testing
    service.name: Crud.Api
    service.version: 1.0.0
    service.instance.id: 15081513-c9e4-4e0d-aac5-97a71d5ef649
    telemetry.sdk.name: opentelemetry
    telemetry.sdk.language: dotnet
    telemetry.sdk.version: 1.8.1
Activity.TraceId:            0cc34d19d377df6f064705fedf485bf7
Activity.SpanId:             99c9aebd775d67ca
Activity.TraceFlags:         Recorded
Activity.ActivitySourceName: Microsoft.AspNetCore
Activity.DisplayName:        GET
Activity.Kind:               Server
Activity.StartTime:          2025-09-11T05:34:28.7674504Z
Activity.Duration:           00:00:00.0002699
Activity.Tags:
    server.address: localhost
    http.request.method: GET
    url.scheme: http
    url.path: /index.html
    network.protocol.version: 1.1
    http.response.status_code: 200
Resource associated with Activity:
    deployment.environment: Testing
    service.name: Crud.Api
    service.version: 1.0.0
    service.instance.id: 15081513-c9e4-4e0d-aac5-97a71d5ef649
    telemetry.sdk.name: opentelemetry
    telemetry.sdk.language: dotnet
    telemetry.sdk.version: 1.8.1
Resource associated with Metric:
    deployment.environment: Testing
    service.name: Crud.Api
    service.version: 1.0.0
    service.instance.id: 15081513-c9e4-4e0d-aac5-97a71d5ef649
    telemetry.sdk.name: opentelemetry
    telemetry.sdk.language: dotnet
    telemetry.sdk.version: 1.8.1
Metric Name: http.server.active_requests, Number of active HTTP server requests., Unit: {request}, Meter: Microsoft.AspNetCore.Hosting
(2025-09-11T05:34:28.7232710Z, 2025-09-11T05:34:28.7688449Z] http.request.method: GET url.scheme: http LongSumNonMonotonic
Value: 0
Metric Name: http.server.request.duration, Duration of HTTP server requests., Unit: s, Meter: Microsoft.AspNetCore.Hosting
(2025-09-11T05:34:28.7232926Z, 2025-09-11T05:34:28.7688457Z] http.request.method: GET http.response.status_code: 200 network.protocol.version: 1.1 url.scheme: http Histogram
Value: Sum: 0.019408899999999993 Count: 16 Min: 0.0001281 Max: 0.0082478 
(-Infinity,0.005]:15
(0.005,0.01]:1
(0.01,0.025]:0
(0.025,0.05]:0
(0.05,0.075]:0
(0.075,0.1]:0
(0.1,0.25]:0
(0.25,0.5]:0
(0.5,0.75]:0
(0.75,1]:0
(1,2.5]:0
(2.5,5]:0
(5,7.5]:0
(7.5,10]:0
(10,+Infinity]:0
Metric Name: aspnetcore.routing.match_attempts, Number of requests that were attempted to be matched to an endpoint., Unit: {match_attempt}, Meter: Microsoft.AspNetCore.Routing
(2025-09-11T05:34:28.7262302Z, 2025-09-11T05:34:28.7688490Z] aspnetcore.routing.match_status: failure LongSum
Value: 16
[05:34:28 INF] Starting Crud API application {"Application": "Crud.Api"}
[05:34:28 INF] Using SQLite provider with connection: Data Source=TestDatabase.db {"Application": "Crud.Api"}
[05:34:28 INF] Database ensured successfully {"Application": "Crud.Api"}
[05:34:28 INF] Application configured successfully. Starting web host... {"Application": "Crud.Api"}
[05:34:28 WRN] Failed to determine the https port for redirect. {"EventId": {"Id": 3, "Name": "FailedToDeterminePort"}, "SourceContext": "Microsoft.AspNetCore.HttpsPolicy.HttpsRedirectionMiddleware", "RequestId": "0HNFGUJ46SF1O", "RequestPath": "/api/auth/register", "Application": "Crud.Api"}
[05:34:29 INF] User registered successfully: 66f16110-776f-4a7b-846e-dd6e3cdcceb7 {"SourceContext": "App.Features.Authentication.RegisterUserCommandHandler", "ActionId": "5292f1e0-cd83-4ad0-8984-65fb1290a15a", "ActionName": "Api.Controllers.AuthController.Register (Api)", "RequestId": "0HNFGUJ46SF1O", "RequestPath": "/api/auth/register", "Application": "Crud.Api"}
Activity.TraceId:            7d55e5d076409b6aebf5a0f7b5d21719
Activity.SpanId:             415ca84ec8051e74
Activity.TraceFlags:         Recorded
Activity.ActivitySourceName: Microsoft.AspNetCore
Activity.DisplayName:        POST api/Auth/register
Activity.Kind:               Server
Activity.StartTime:          2025-09-11T05:34:28.8166322Z
Activity.Duration:           00:00:00.3110092
Activity.Tags:
    server.address: localhost
    http.request.method: POST
    url.scheme: http
    url.path: /api/auth/register
    network.protocol.version: 1.1
    http.route: api/Auth/register
    http.response.status_code: 200
Resource associated with Activity:
    deployment.environment: Testing
    service.name: Crud.Api
    service.version: 1.0.0
    service.instance.id: 15081513-c9e4-4e0d-aac5-97a71d5ef649
    telemetry.sdk.name: opentelemetry
    telemetry.sdk.language: dotnet
    telemetry.sdk.version: 1.8.1
[05:34:29 DBG] Cache miss for key: list:person {"SourceContext": "Infrastructure.Services.Caching.InMemoryCacheService", "ActionId": "646c1229-08c6-43ad-9487-0c21eeee12ee", "ActionName": "Api.Controllers.PeopleController.List (Api)", "RequestId": "0HNFGUJ46SF1P", "RequestPath": "/api/people", "Application": "Crud.Api"}
[05:34:29 DBG] Set cache value for key: list:person {"SourceContext": "Infrastructure.Services.Caching.InMemoryCacheService", "ActionId": "646c1229-08c6-43ad-9487-0c21eeee12ee", "ActionName": "Api.Controllers.PeopleController.List (Api)", "RequestId": "0HNFGUJ46SF1P", "RequestPath": "/api/people", "Application": "Crud.Api"}
Activity.TraceId:            70d9e5351b1d490fcee3553a81d51598
Activity.SpanId:             7f5e7c636a907b9d
Activity.TraceFlags:         Recorded
Activity.ActivitySourceName: Microsoft.AspNetCore
Activity.DisplayName:        GET api/People
Activity.Kind:               Server
Activity.StartTime:          2025-09-11T05:34:29.1295233Z
Activity.Duration:           00:00:00.0106517
Activity.Tags:
    server.address: localhost
    http.request.method: GET
    url.scheme: http
    url.path: /api/people
    network.protocol.version: 1.1
    http.route: api/People
    http.response.status_code: 200
Resource associated with Activity:
    deployment.environment: Testing
    service.name: Crud.Api
    service.version: 1.0.0
    service.instance.id: 15081513-c9e4-4e0d-aac5-97a71d5ef649
    telemetry.sdk.name: opentelemetry
    telemetry.sdk.language: dotnet
    telemetry.sdk.version: 1.8.1
[05:34:29 INF] User registered successfully: 2311dd88-619f-4604-86e5-a742f8c7d44b {"SourceContext": "App.Features.Authentication.RegisterUserCommandHandler", "ActionId": "5292f1e0-cd83-4ad0-8984-65fb1290a15a", "ActionName": "Api.Controllers.AuthController.Register (Api)", "RequestId": "0HNFGUJ46SF1Q", "RequestPath": "/api/auth/register", "Application": "Crud.Api"}
Activity.TraceId:            514ae16d189e972bcdc1c7d24c02fdf6
Activity.SpanId:             50b33762c11eabab
Activity.TraceFlags:         Recorded
Activity.ActivitySourceName: Microsoft.AspNetCore
Activity.DisplayName:        POST api/Auth/register
Activity.Kind:               Server
Activity.StartTime:          2025-09-11T05:34:29.1420302Z
Activity.Duration:           00:00:00.3066965
Activity.Tags:
    server.address: localhost
    http.request.method: POST
    url.scheme: http
    url.path: /api/auth/register
    network.protocol.version: 1.1
    http.route: api/Auth/register
    http.response.status_code: 200
Resource associated with Activity:
    deployment.environment: Testing
    service.name: Crud.Api
    service.version: 1.0.0
    service.instance.id: 15081513-c9e4-4e0d-aac5-97a71d5ef649
    telemetry.sdk.name: opentelemetry
    telemetry.sdk.language: dotnet
    telemetry.sdk.version: 1.8.1
[05:34:29 DBG] Cache hit for key: list:person {"SourceContext": "Infrastructure.Services.Caching.InMemoryCacheService", "ActionId": "646c1229-08c6-43ad-9487-0c21eeee12ee", "ActionName": "Api.Controllers.PeopleController.List (Api)", "RequestId": "0HNFGUJ46SF1R", "RequestPath": "/api/people", "Application": "Crud.Api"}
Activity.TraceId:            d00d466277fbb8e72ba32ab3174b62cb
Activity.SpanId:             85d1cdea84552ed3
Activity.TraceFlags:         Recorded
Activity.ActivitySourceName: Microsoft.AspNetCore
Activity.DisplayName:        GET api/People
Activity.Kind:               Server
Activity.StartTime:          2025-09-11T05:34:29.4512914Z
Activity.Duration:           00:00:00.0016699
Activity.Tags:
    server.address: localhost
    http.request.method: GET
    url.scheme: http
    url.path: /api/people
    network.protocol.version: 1.1
    http.route: api/People
    http.response.status_code: 200
Resource associated with Activity:
    deployment.environment: Testing
    service.name: Crud.Api
    service.version: 1.0.0
    service.instance.id: 15081513-c9e4-4e0d-aac5-97a71d5ef649
    telemetry.sdk.name: opentelemetry
    telemetry.sdk.language: dotnet
    telemetry.sdk.version: 1.8.1
[05:34:29 INF] User registered successfully: 35ffca9b-d4f7-4245-a1b6-1958dd374f5b {"SourceContext": "App.Features.Authentication.RegisterUserCommandHandler", "ActionId": "5292f1e0-cd83-4ad0-8984-65fb1290a15a", "ActionName": "Api.Controllers.AuthController.Register (Api)", "RequestId": "0HNFGUJ46SF1S", "RequestPath": "/api/auth/register", "Application": "Crud.Api"}
Activity.TraceId:            a83858a5398f793b1b6c0eb6f56645c9
Activity.SpanId:             410899f4bd0aeeb6
Activity.TraceFlags:         Recorded
Activity.ActivitySourceName: Microsoft.AspNetCore
Activity.DisplayName:        POST api/Auth/register
Activity.Kind:               Server
Activity.StartTime:          2025-09-11T05:34:29.4547265Z
Activity.Duration:           00:00:00.3003968
Activity.Tags:
    server.address: localhost
    http.request.method: POST
    url.scheme: http
    url.path: /api/auth/register
    network.protocol.version: 1.1
    http.route: api/Auth/register
    http.response.status_code: 200
Resource associated with Activity:
    deployment.environment: Testing
    service.name: Crud.Api
    service.version: 1.0.0
    service.instance.id: 15081513-c9e4-4e0d-aac5-97a71d5ef649
    telemetry.sdk.name: opentelemetry
    telemetry.sdk.language: dotnet
    telemetry.sdk.version: 1.8.1
[05:34:29 DBG] Cache hit for key: list:person {"SourceContext": "Infrastructure.Services.Caching.InMemoryCacheService", "ActionId": "646c1229-08c6-43ad-9487-0c21eeee12ee", "ActionName": "Api.Controllers.PeopleController.List (Api)", "RequestId": "0HNFGUJ46SF1T", "RequestPath": "/api/people", "Application": "Crud.Api"}
Activity.TraceId:            26440f01441fa93b77807f8cc4644c24
Activity.SpanId:             95d698f5cf5f0463
Activity.TraceFlags:         Recorded
Activity.ActivitySourceName: Microsoft.AspNetCore
Activity.DisplayName:        GET api/People
Activity.Kind:               Server
Activity.StartTime:          2025-09-11T05:34:29.7568340Z
Activity.Duration:           00:00:00.0031957
Activity.Tags:
    server.address: localhost
    http.request.method: GET
    url.scheme: http
    url.path: /api/people
    network.protocol.version: 1.1
    http.route: api/People
    http.response.status_code: 200
Resource associated with Activity:
    deployment.environment: Testing
    service.name: Crud.Api
    service.version: 1.0.0
    service.instance.id: 15081513-c9e4-4e0d-aac5-97a71d5ef649
    telemetry.sdk.name: opentelemetry
    telemetry.sdk.language: dotnet
    telemetry.sdk.version: 1.8.1
[05:34:30 INF] User registered successfully: 84ec24ac-7b41-4cfe-8a3c-6d292d512abf {"SourceContext": "App.Features.Authentication.RegisterUserCommandHandler", "ActionId": "5292f1e0-cd83-4ad0-8984-65fb1290a15a", "ActionName": "Api.Controllers.AuthController.Register (Api)", "RequestId": "0HNFGUJ46SF1U", "RequestPath": "/api/auth/register", "Application": "Crud.Api"}
Activity.TraceId:            bbffde3ab8552732e406dfa69123a97d
Activity.SpanId:             0fa111dc7a71e1b1
Activity.TraceFlags:         Recorded
Activity.ActivitySourceName: Microsoft.AspNetCore
Activity.DisplayName:        POST api/Auth/register
Activity.Kind:               Server
Activity.StartTime:          2025-09-11T05:34:29.7616439Z
Activity.Duration:           00:00:00.2973057
Activity.Tags:
    server.address: localhost
    http.request.method: POST
    url.scheme: http
    url.path: /api/auth/register
    network.protocol.version: 1.1
    http.route: api/Auth/register
    http.response.status_code: 200
Resource associated with Activity:
    deployment.environment: Testing
    service.name: Crud.Api
    service.version: 1.0.0
    service.instance.id: 15081513-c9e4-4e0d-aac5-97a71d5ef649
    telemetry.sdk.name: opentelemetry
    telemetry.sdk.language: dotnet
    telemetry.sdk.version: 1.8.1
[05:34:30 DBG] Cache hit for key: list:person {"SourceContext": "Infrastructure.Services.Caching.InMemoryCacheService", "ActionId": "646c1229-08c6-43ad-9487-0c21eeee12ee", "ActionName": "Api.Controllers.PeopleController.List (Api)", "RequestId": "0HNFGUJ46SF1V", "RequestPath": "/api/people", "Application": "Crud.Api"}
Activity.TraceId:            49fc665c4060a33bff0f5271ecbc24ff
Activity.SpanId:             64bbc3796a6b4e73
Activity.TraceFlags:         Recorded
Activity.ActivitySourceName: Microsoft.AspNetCore
Activity.DisplayName:        GET api/People
Activity.Kind:               Server
Activity.StartTime:          2025-09-11T05:34:30.0607054Z
Activity.Duration:           00:00:00.0006981
Activity.Tags:
    server.address: localhost
    http.request.method: GET
    url.scheme: https
    url.path: /api/people
    network.protocol.version: 1.1
    http.route: api/People
    http.response.status_code: 200
Resource associated with Activity:
    deployment.environment: Testing
    service.name: Crud.Api
    service.version: 1.0.0
    service.instance.id: 15081513-c9e4-4e0d-aac5-97a71d5ef649
    telemetry.sdk.name: opentelemetry
    telemetry.sdk.language: dotnet
    telemetry.sdk.version: 1.8.1
Activity.TraceId:            62413177d0f87a99859b40fba5872904
Activity.SpanId:             c4fda727ffe695f3
Activity.TraceFlags:         Recorded
Activity.ActivitySourceName: Microsoft.AspNetCore
Activity.DisplayName:        GET /health
Activity.Kind:               Server
Activity.StartTime:          2025-09-11T05:34:30.0629992Z
Activity.Duration:           00:00:00.0033908
Activity.Tags:
    server.address: localhost
    http.request.method: GET
    url.scheme: http
    url.path: /health
    network.protocol.version: 1.1
    http.route: /health
    http.response.status_code: 200
Resource associated with Activity:
    deployment.environment: Testing
    service.name: Crud.Api
    service.version: 1.0.0
    service.instance.id: 15081513-c9e4-4e0d-aac5-97a71d5ef649
    telemetry.sdk.name: opentelemetry
    telemetry.sdk.language: dotnet
    telemetry.sdk.version: 1.8.1
[05:34:30 INF] User registered successfully: 93e5307c-a3b6-44bd-816f-e02ee8dbe537 {"SourceContext": "App.Features.Authentication.RegisterUserCommandHandler", "ActionId": "5292f1e0-cd83-4ad0-8984-65fb1290a15a", "ActionName": "Api.Controllers.AuthController.Register (Api)", "RequestId": "0HNFGUJ46SF21", "RequestPath": "/api/auth/register", "Application": "Crud.Api"}
Activity.TraceId:            757f27bca76a22981dc1bffdeb546818
Activity.SpanId:             5ad417b9dcf16ab0
Activity.TraceFlags:         Recorded
Activity.ActivitySourceName: Microsoft.AspNetCore
Activity.DisplayName:        POST api/Auth/register
Activity.Kind:               Server
Activity.StartTime:          2025-09-11T05:34:30.0699116Z
Activity.Duration:           00:00:00.2974486
Activity.Tags:
    server.address: localhost
    http.request.method: POST
    url.scheme: http
    url.path: /api/auth/register
    network.protocol.version: 1.1
    http.route: api/Auth/register
    http.response.status_code: 200
Resource associated with Activity:
    deployment.environment: Testing
    service.name: Crud.Api
    service.version: 1.0.0
    service.instance.id: 15081513-c9e4-4e0d-aac5-97a71d5ef649
    telemetry.sdk.name: opentelemetry
    telemetry.sdk.language: dotnet
    telemetry.sdk.version: 1.8.1
[05:34:30 INF] User registered successfully: 3a7944fa-7210-4c85-ba06-c633de783ec9 {"SourceContext": "App.Features.Authentication.RegisterUserCommandHandler", "ActionId": "5292f1e0-cd83-4ad0-8984-65fb1290a15a", "ActionName": "Api.Controllers.AuthController.Register (Api)", "RequestId": "0HNFGUJ46SF22", "RequestPath": "/api/auth/register", "Application": "Crud.Api"}
Activity.TraceId:            1a1b47959c2ab9f540aaf81facf9fbbd
Activity.SpanId:             e9c019c537cdf143
Activity.TraceFlags:         Recorded
Activity.ActivitySourceName: Microsoft.AspNetCore
Activity.DisplayName:        POST api/Auth/register
Activity.Kind:               Server
Activity.StartTime:          2025-09-11T05:34:30.3700386Z
Activity.Duration:           00:00:00.2986692
Activity.Tags:
    server.address: localhost
    http.request.method: POST
    url.scheme: http
    url.path: /api/auth/register
    network.protocol.version: 1.1
    http.route: api/Auth/register
    http.response.status_code: 200
Resource associated with Activity:
    deployment.environment: Testing
    service.name: Crud.Api
    service.version: 1.0.0
    service.instance.id: 15081513-c9e4-4e0d-aac5-97a71d5ef649
    telemetry.sdk.name: opentelemetry
    telemetry.sdk.language: dotnet
    telemetry.sdk.version: 1.8.1
[05:34:30 DBG] Cache hit for key: list:person {"SourceContext": "Infrastructure.Services.Caching.InMemoryCacheService", "ActionId": "646c1229-08c6-43ad-9487-0c21eeee12ee", "ActionName": "Api.Controllers.PeopleController.List (Api)", "RequestId": "0HNFGUJ46SF23", "RequestPath": "/api/people", "Application": "Crud.Api"}
Activity.TraceId:            dc8f4753694e52bf5bce0e3ea9a6a2a9
Activity.SpanId:             d686f71fa3a1bbd1
Activity.TraceFlags:         Recorded
Activity.ActivitySourceName: Microsoft.AspNetCore
Activity.DisplayName:        GET api/People
Activity.Kind:               Server
Activity.StartTime:          2025-09-11T05:34:30.6691675Z
Activity.Duration:           00:00:00.0005277
Activity.Tags:
    server.address: localhost
    http.request.method: GET
    url.scheme: http
    url.path: /api/people
    network.protocol.version: 1.1
    http.route: api/People
    http.response.status_code: 200
Resource associated with Activity:
    deployment.environment: Testing
    service.name: Crud.Api
    service.version: 1.0.0
    service.instance.id: 15081513-c9e4-4e0d-aac5-97a71d5ef649
    telemetry.sdk.name: opentelemetry
    telemetry.sdk.language: dotnet
    telemetry.sdk.version: 1.8.1
[05:34:30 DBG] Cache hit for key: list:person {"SourceContext": "Infrastructure.Services.Caching.InMemoryCacheService", "ActionId": "646c1229-08c6-43ad-9487-0c21eeee12ee", "ActionName": "Api.Controllers.PeopleController.List (Api)", "RequestId": "0HNFGUJ46SF24", "RequestPath": "/api/people", "Application": "Crud.Api"}
Activity.TraceId:            c6d589af574532ac21eb6f6365f3af22
Activity.SpanId:             18ef3f9c71dba506
Activity.TraceFlags:         Recorded
Activity.ActivitySourceName: Microsoft.AspNetCore
Activity.DisplayName:        GET api/People
Activity.Kind:               Server
Activity.StartTime:          2025-09-11T05:34:30.6697913Z
Activity.Duration:           00:00:00.0004151
Activity.Tags:
    server.address: localhost
    http.request.method: GET
    url.scheme: http
    url.path: /api/people
    network.protocol.version: 1.1
    http.route: api/People
    http.response.status_code: 200
Resource associated with Activity:
    deployment.environment: Testing
    service.name: Crud.Api
    service.version: 1.0.0
    service.instance.id: 15081513-c9e4-4e0d-aac5-97a71d5ef649
    telemetry.sdk.name: opentelemetry
    telemetry.sdk.language: dotnet
    telemetry.sdk.version: 1.8.1
Resource associated with Metric:
    deployment.environment: Testing
    service.name: Crud.Api
    service.version: 1.0.0
    service.instance.id: 15081513-c9e4-4e0d-aac5-97a71d5ef649
    telemetry.sdk.name: opentelemetry
    telemetry.sdk.language: dotnet
    telemetry.sdk.version: 1.8.1
Metric Name: http.server.active_requests, Number of active HTTP server requests., Unit: {request}, Meter: Microsoft.AspNetCore.Hosting
(2025-09-11T05:34:28.8090189Z, 2025-09-11T05:34:30.6722283Z] http.request.method: POST url.scheme: http LongSumNonMonotonic
Value: 0
(2025-09-11T05:34:28.8090189Z, 2025-09-11T05:34:30.6722283Z] http.request.method: GET url.scheme: http LongSumNonMonotonic
Value: 0
(2025-09-11T05:34:28.8090189Z, 2025-09-11T05:34:30.6722283Z] http.request.method: GET url.scheme: https LongSumNonMonotonic
Value: 0
Metric Name: http.server.request.duration, Duration of HTTP server requests., Unit: s, Meter: Microsoft.AspNetCore.Hosting
(2025-09-11T05:34:28.8091178Z, 2025-09-11T05:34:30.6722304Z] http.request.method: POST http.response.status_code: 200 http.route: api/Auth/register network.protocol.version: 1.1 url.scheme: http Histogram
Value: Sum: 1.8114465999999998 Count: 6 Min: 0.2972928 Max: 0.3109997 
(-Infinity,0.005]:0
(0.005,0.01]:0
(0.01,0.025]:0
(0.025,0.05]:0
(0.05,0.075]:0
(0.075,0.1]:0
(0.1,0.25]:0
(0.25,0.5]:6
(0.5,0.75]:0
(0.75,1]:0
(1,2.5]:0
(2.5,5]:0
(5,7.5]:0
(7.5,10]:0
(10,+Infinity]:0
(2025-09-11T05:34:28.8091178Z, 2025-09-11T05:34:30.6722304Z] http.request.method: GET http.response.status_code: 200 http.route: api/People network.protocol.version: 1.1 url.scheme: http Histogram
Value: Sum: 0.016465599999999997 Count: 5 Min: 0.0004121 Max: 0.0106524 
(-Infinity,0.005]:4
(0.005,0.01]:0
(0.01,0.025]:1
(0.025,0.05]:0
(0.05,0.075]:0
(0.075,0.1]:0
(0.1,0.25]:0
(0.25,0.5]:0
(0.5,0.75]:0
(0.75,1]:0
(1,2.5]:0
(2.5,5]:0
(5,7.5]:0
(7.5,10]:0
(10,+Infinity]:0
(2025-09-11T05:34:28.8091178Z, 2025-09-11T05:34:30.6722304Z] http.request.method: GET http.response.status_code: 200 http.route: api/People network.protocol.version: 1.1 url.scheme: https Histogram
Value: Sum: 0.0007001 Count: 1 Min: 0.0007001 Max: 0.0007001 
(-Infinity,0.005]:1
(0.005,0.01]:0
(0.01,0.025]:0
(0.025,0.05]:0
(0.05,0.075]:0
(0.075,0.1]:0
(0.1,0.25]:0
(0.25,0.5]:0
(0.5,0.75]:0
(0.75,1]:0
(1,2.5]:0
(2.5,5]:0
(5,7.5]:0
(7.5,10]:0
(10,+Infinity]:0
(2025-09-11T05:34:28.8091178Z, 2025-09-11T05:34:30.6722304Z] http.request.method: GET http.response.status_code: 200 http.route: /health network.protocol.version: 1.1 url.scheme: http Histogram
Value: Sum: 0.0033853 Count: 1 Min: 0.0033853 Max: 0.0033853 
(-Infinity,0.005]:1
(0.005,0.01]:0
(0.01,0.025]:0
(0.025,0.05]:0
(0.05,0.075]:0
(0.075,0.1]:0
(0.1,0.25]:0
(0.25,0.5]:0
(0.5,0.75]:0
(0.75,1]:0
(1,2.5]:0
(2.5,5]:0
(5,7.5]:0
(7.5,10]:0
(10,+Infinity]:0
Metric Name: aspnetcore.rate_limiting.active_request_leases, Number of HTTP requests that are currently active on the server that hold a rate limiting lease., Unit: {request}, Meter: Microsoft.AspNetCore.RateLimiting
(2025-09-11T05:34:28.8141338Z, 2025-09-11T05:34:30.6722309Z] LongSumNonMonotonic
Value: 0
Metric Name: aspnetcore.rate_limiting.request_lease.duration, The duration of rate limiting leases held by HTTP requests on the server., Unit: s, Meter: Microsoft.AspNetCore.RateLimiting
(2025-09-11T05:34:28.8142073Z, 2025-09-11T05:34:30.6722313Z] Histogram
Value: Sum: 1.8244943999999998 Count: 13 Min: 0.0002513 Max: 0.3095077 
(-Infinity,0.005]:6
(0.005,0.01]:1
(0.01,0.025]:0
(0.025,0.05]:0
(0.05,0.075]:0
(0.075,0.1]:0
(0.1,0.25]:0
(0.25,0.5]:6
(0.5,0.75]:0
(0.75,1]:0
(1,2.5]:0
(2.5,5]:0
(5,7.5]:0
(7.5,10]:0
(10,+Infinity]:0
Metric Name: aspnetcore.rate_limiting.requests, Number of requests that tried to acquire a rate limiting lease. Requests could be rejected by global or endpoint rate limiting policies. Or the request could be canceled while waiting for the lease., Unit: {request}, Meter: Microsoft.AspNetCore.RateLimiting
(2025-09-11T05:34:28.8143771Z, 2025-09-11T05:34:30.6722359Z] aspnetcore.rate_limiting.result: acquired LongSum
Value: 13
Metric Name: aspnetcore.routing.match_attempts, Number of requests that were attempted to be matched to an endpoint., Unit: {match_attempt}, Meter: Microsoft.AspNetCore.Routing
(2025-09-11T05:34:28.8155137Z, 2025-09-11T05:34:30.6722364Z] aspnetcore.routing.is_fallback: false aspnetcore.routing.match_status: success http.route: api/Auth/register LongSum
Value: 6
(2025-09-11T05:34:28.8155137Z, 2025-09-11T05:34:30.6722364Z] aspnetcore.routing.is_fallback: false aspnetcore.routing.match_status: success http.route: api/People LongSum
Value: 6
(2025-09-11T05:34:28.8155137Z, 2025-09-11T05:34:30.6722364Z] aspnetcore.routing.is_fallback: false aspnetcore.routing.match_status: success http.route: /health LongSum
Value: 1
[05:34:30 INF] Starting Crud API application {"Application": "Crud.Api"}
[05:34:30 INF] Using SQLite provider with connection: Data Source=TestDatabase.db {"Application": "Crud.Api"}
[05:34:30 INF] Database ensured successfully {"Application": "Crud.Api"}
[05:34:30 INF] Application configured successfully. Starting web host... {"Application": "Crud.Api"}
[05:34:30 WRN] Failed to determine the https port for redirect. {"EventId": {"Id": 3, "Name": "FailedToDeterminePort"}, "SourceContext": "Microsoft.AspNetCore.HttpsPolicy.HttpsRedirectionMiddleware", "RequestId": "0HNFGUJ46SF25", "RequestPath": "/api/auth/register", "Application": "Crud.Api"}
[05:34:31 INF] User registered successfully: 42c2228c-7b49-4030-9eaa-7c9b9c115b51 {"SourceContext": "App.Features.Authentication.RegisterUserCommandHandler", "ActionId": "563badef-9546-43c4-85b3-c36975cdb0b6", "ActionName": "Api.Controllers.AuthController.Register (Api)", "RequestId": "0HNFGUJ46SF25", "RequestPath": "/api/auth/register", "Application": "Crud.Api"}
Activity.TraceId:            37fccc2d2deec2adb7e721efa1e0c852
Activity.SpanId:             3fc0cc819726b152
Activity.TraceFlags:         Recorded
Activity.ActivitySourceName: Microsoft.AspNetCore
Activity.DisplayName:        POST api/Auth/register
Activity.Kind:               Server
Activity.StartTime:          2025-09-11T05:34:30.7092760Z
Activity.Duration:           00:00:00.3066667
Activity.Tags:
    server.address: localhost
    http.request.method: POST
    url.scheme: http
    url.path: /api/auth/register
    network.protocol.version: 1.1
    http.route: api/Auth/register
    http.response.status_code: 200
Resource associated with Activity:
    deployment.environment: Testing
    service.name: Crud.Api
    service.version: 1.0.0
    service.instance.id: 15081513-c9e4-4e0d-aac5-97a71d5ef649
    telemetry.sdk.name: opentelemetry
    telemetry.sdk.language: dotnet
    telemetry.sdk.version: 1.8.1
[05:34:31 INF] User logged in successfully: 42c2228c-7b49-4030-9eaa-7c9b9c115b51 {"SourceContext": "App.Features.Authentication.LoginCommandHandler", "ActionId": "0c73c4eb-48f9-43e2-8b32-6c5f1ebcbf73", "ActionName": "Api.Controllers.AuthController.Login (Api)", "RequestId": "0HNFGUJ46SF26", "RequestPath": "/api/auth/login", "Application": "Crud.Api"}
Activity.TraceId:            3a972b7167aff9a4b104faf0fe3ad727
Activity.SpanId:             a9f40ec36a3047a3
Activity.TraceFlags:         Recorded
Activity.ActivitySourceName: Microsoft.AspNetCore
Activity.DisplayName:        POST api/Auth/login
Activity.Kind:               Server
Activity.StartTime:          2025-09-11T05:34:31.0192688Z
Activity.Duration:           00:00:00.3026198
Activity.Tags:
    server.address: localhost
    http.request.method: POST
    url.scheme: http
    url.path: /api/auth/login
    network.protocol.version: 1.1
    http.route: api/Auth/login
    http.response.status_code: 200
Resource associated with Activity:
    deployment.environment: Testing
    service.name: Crud.Api
    service.version: 1.0.0
    service.instance.id: 15081513-c9e4-4e0d-aac5-97a71d5ef649
    telemetry.sdk.name: opentelemetry
    telemetry.sdk.language: dotnet
    telemetry.sdk.version: 1.8.1
[05:34:31 DBG] Removed cache value for key: entity:wall:e539c4de359140598fb799f7b49fe1f1 {"SourceContext": "Infrastructure.Services.Caching.InMemoryCacheService", "ActionId": "1897e9e0-af40-4d77-85d6-608c67f5e19a", "ActionName": "Api.Controllers.WallsController.Create (Api)", "RequestId": "0HNFGUJ46SF27", "RequestPath": "/api/walls", "Application": "Crud.Api"}
[05:34:31 DBG] Removed cache value for key: list:wall {"SourceContext": "Infrastructure.Services.Caching.InMemoryCacheService", "ActionId": "1897e9e0-af40-4d77-85d6-608c67f5e19a", "ActionName": "Api.Controllers.WallsController.Create (Api)", "RequestId": "0HNFGUJ46SF27", "RequestPath": "/api/walls", "Application": "Crud.Api"}
[05:34:31 DBG] Invalidating cache for entity type: walls with tag: walls {"SourceContext": "Api.Services.OutputCacheInvalidationService", "ActionId": "1897e9e0-af40-4d77-85d6-608c67f5e19a", "ActionName": "Api.Controllers.WallsController.Create (Api)", "RequestId": "0HNFGUJ46SF27", "RequestPath": "/api/walls", "Application": "Crud.Api"}
[05:34:31 INF] Successfully invalidated cache for entity type: walls {"SourceContext": "Api.Services.OutputCacheInvalidationService", "ActionId": "1897e9e0-af40-4d77-85d6-608c67f5e19a", "ActionName": "Api.Controllers.WallsController.Create (Api)", "RequestId": "0HNFGUJ46SF27", "RequestPath": "/api/walls", "Application": "Crud.Api"}
Activity.TraceId:            a749503e67a6ebdb026cc72f076b3e82
Activity.SpanId:             dc75e4297624dab7
Activity.TraceFlags:         Recorded
Activity.ActivitySourceName: Microsoft.AspNetCore
Activity.DisplayName:        POST api/Walls
Activity.Kind:               Server
Activity.StartTime:          2025-09-11T05:34:31.3231446Z
Activity.Duration:           00:00:00.0174893
Activity.Tags:
    server.address: localhost
    http.request.method: POST
    url.scheme: http
    url.path: /api/walls
    network.protocol.version: 1.1
    http.route: api/Walls
    http.response.status_code: 201
Resource associated with Activity:
    deployment.environment: Testing
    service.name: Crud.Api
    service.version: 1.0.0
    service.instance.id: 15081513-c9e4-4e0d-aac5-97a71d5ef649
    telemetry.sdk.name: opentelemetry
    telemetry.sdk.language: dotnet
    telemetry.sdk.version: 1.8.1
[05:34:31 INF] User registered successfully: b148ad7b-224f-4c02-8396-7e070a27d420 {"SourceContext": "App.Features.Authentication.RegisterUserCommandHandler", "ActionId": "563badef-9546-43c4-85b3-c36975cdb0b6", "ActionName": "Api.Controllers.AuthController.Register (Api)", "RequestId": "0HNFGUJ46SF28", "RequestPath": "/api/auth/register", "Application": "Crud.Api"}
Activity.TraceId:            89ae0da0677e851d2fba17ef113347f3
Activity.SpanId:             d9bb93e88fd9b6d8
Activity.TraceFlags:         Recorded
Activity.ActivitySourceName: Microsoft.AspNetCore
Activity.DisplayName:        POST api/Auth/register
Activity.Kind:               Server
Activity.StartTime:          2025-09-11T05:34:31.3460616Z
Activity.Duration:           00:00:00.3095296
Activity.Tags:
    server.address: localhost
    http.request.method: POST
    url.scheme: http
    url.path: /api/auth/register
    network.protocol.version: 1.1
    http.route: api/Auth/register
    http.response.status_code: 200
Resource associated with Activity:
    deployment.environment: Testing
    service.name: Crud.Api
    service.version: 1.0.0
    service.instance.id: 15081513-c9e4-4e0d-aac5-97a71d5ef649
    telemetry.sdk.name: opentelemetry
    telemetry.sdk.language: dotnet
    telemetry.sdk.version: 1.8.1
[05:34:31 INF] User logged in successfully: b148ad7b-224f-4c02-8396-7e070a27d420 {"SourceContext": "App.Features.Authentication.LoginCommandHandler", "ActionId": "0c73c4eb-48f9-43e2-8b32-6c5f1ebcbf73", "ActionName": "Api.Controllers.AuthController.Login (Api)", "RequestId": "0HNFGUJ46SF29", "RequestPath": "/api/auth/login", "Application": "Crud.Api"}
Activity.TraceId:            edeaa54a6c9a42a1aee7fc6f8f7a804c
Activity.SpanId:             ef3027317c7fb518
Activity.TraceFlags:         Recorded
Activity.ActivitySourceName: Microsoft.AspNetCore
Activity.DisplayName:        POST api/Auth/login
Activity.Kind:               Server
Activity.StartTime:          2025-09-11T05:34:31.6570600Z
Activity.Duration:           00:00:00.3015162
Activity.Tags:
    server.address: localhost
    http.request.method: POST
    url.scheme: http
    url.path: /api/auth/login
    network.protocol.version: 1.1
    http.route: api/Auth/login
    http.response.status_code: 200
Resource associated with Activity:
    deployment.environment: Testing
    service.name: Crud.Api
    service.version: 1.0.0
    service.instance.id: 15081513-c9e4-4e0d-aac5-97a71d5ef649
    telemetry.sdk.name: opentelemetry
    telemetry.sdk.language: dotnet
    telemetry.sdk.version: 1.8.1
[05:34:31 DBG] Removed cache value for key: entity:wall:dc4c697d31ec4f04a45e21d5c8562376 {"SourceContext": "Infrastructure.Services.Caching.InMemoryCacheService", "ActionId": "1897e9e0-af40-4d77-85d6-608c67f5e19a", "ActionName": "Api.Controllers.WallsController.Create (Api)", "RequestId": "0HNFGUJ46SF2A", "RequestPath": "/api/walls", "Application": "Crud.Api"}
[05:34:31 DBG] Removed cache value for key: list:wall {"SourceContext": "Infrastructure.Services.Caching.InMemoryCacheService", "ActionId": "1897e9e0-af40-4d77-85d6-608c67f5e19a", "ActionName": "Api.Controllers.WallsController.Create (Api)", "RequestId": "0HNFGUJ46SF2A", "RequestPath": "/api/walls", "Application": "Crud.Api"}
[05:34:31 DBG] Invalidating cache for entity type: walls with tag: walls {"SourceContext": "Api.Services.OutputCacheInvalidationService", "ActionId": "1897e9e0-af40-4d77-85d6-608c67f5e19a", "ActionName": "Api.Controllers.WallsController.Create (Api)", "RequestId": "0HNFGUJ46SF2A", "RequestPath": "/api/walls", "Application": "Crud.Api"}
[05:34:31 INF] Successfully invalidated cache for entity type: walls {"SourceContext": "Api.Services.OutputCacheInvalidationService", "ActionId": "1897e9e0-af40-4d77-85d6-608c67f5e19a", "ActionName": "Api.Controllers.WallsController.Create (Api)", "RequestId": "0HNFGUJ46SF2A", "RequestPath": "/api/walls", "Application": "Crud.Api"}
Activity.TraceId:            1535506a1c1eeb74910c9e758ec73cfe
Activity.SpanId:             d9cddde45790bc93
Activity.TraceFlags:         Recorded
Activity.ActivitySourceName: Microsoft.AspNetCore
Activity.DisplayName:        POST api/Walls
Activity.Kind:               Server
Activity.StartTime:          2025-09-11T05:34:31.9598408Z
Activity.Duration:           00:00:00.0023025
Activity.Tags:
    server.address: localhost
    http.request.method: POST
    url.scheme: http
    url.path: /api/walls
    network.protocol.version: 1.1
    http.route: api/Walls
    http.response.status_code: 201
Resource associated with Activity:
    deployment.environment: Testing
    service.name: Crud.Api
    service.version: 1.0.0
    service.instance.id: 15081513-c9e4-4e0d-aac5-97a71d5ef649
    telemetry.sdk.name: opentelemetry
    telemetry.sdk.language: dotnet
    telemetry.sdk.version: 1.8.1
[05:34:32 INF] User registered successfully: 66f9d731-2cb3-4376-857f-a2188c71ee19 {"SourceContext": "App.Features.Authentication.RegisterUserCommandHandler", "ActionId": "563badef-9546-43c4-85b3-c36975cdb0b6", "ActionName": "Api.Controllers.AuthController.Register (Api)", "RequestId": "0HNFGUJ46SF2B", "RequestPath": "/api/auth/register", "Application": "Crud.Api"}
Activity.TraceId:            cd88fee3db93b174a92e7c479bd8a764
Activity.SpanId:             2b444800ceadd168
Activity.TraceFlags:         Recorded
Activity.ActivitySourceName: Microsoft.AspNetCore
Activity.DisplayName:        POST api/Auth/register
Activity.Kind:               Server
Activity.StartTime:          2025-09-11T05:34:31.9632352Z
Activity.Duration:           00:00:00.2984393
Activity.Tags:
    server.address: localhost
    http.request.method: POST
    url.scheme: http
    url.path: /api/auth/register
    network.protocol.version: 1.1
    http.route: api/Auth/register
    http.response.status_code: 200
Resource associated with Activity:
    deployment.environment: Testing
    service.name: Crud.Api
    service.version: 1.0.0
    service.instance.id: 15081513-c9e4-4e0d-aac5-97a71d5ef649
    telemetry.sdk.name: opentelemetry
    telemetry.sdk.language: dotnet
    telemetry.sdk.version: 1.8.1
[05:34:32 DBG] Cache miss for key: entity:wall:dc4c697d31ec4f04a45e21d5c8562376 {"SourceContext": "Infrastructure.Services.Caching.InMemoryCacheService", "ActionId": "bebae1e0-e234-4f21-ab63-e82b72422c06", "ActionName": "Api.Controllers.WallsController.Get (Api)", "RequestId": "0HNFGUJ46SF2C", "RequestPath": "/api/walls/dc4c697d-31ec-4f04-a45e-21d5c8562376", "Application": "Crud.Api"}
[05:34:32 DBG] Set cache value for key: entity:wall:dc4c697d31ec4f04a45e21d5c8562376 {"SourceContext": "Infrastructure.Services.Caching.InMemoryCacheService", "ActionId": "bebae1e0-e234-4f21-ab63-e82b72422c06", "ActionName": "Api.Controllers.WallsController.Get (Api)", "RequestId": "0HNFGUJ46SF2C", "RequestPath": "/api/walls/dc4c697d-31ec-4f04-a45e-21d5c8562376", "Application": "Crud.Api"}
Activity.TraceId:            c9f067eb9ada5d8e1591240eedbd1756
Activity.SpanId:             8248f6e2ba30a983
Activity.TraceFlags:         Recorded
Activity.ActivitySourceName: Microsoft.AspNetCore
Activity.DisplayName:        GET api/Walls/{id:guid}
Activity.Kind:               Server
Activity.StartTime:          2025-09-11T05:34:32.2618515Z
Activity.Duration:           00:00:00.0133239
Activity.Tags:
    server.address: localhost
    http.request.method: GET
    url.scheme: http
    url.path: /api/walls/dc4c697d-31ec-4f04-a45e-21d5c8562376
    network.protocol.version: 1.1
    http.route: api/Walls/{id:guid}
    http.response.status_code: 200
Resource associated with Activity:
    deployment.environment: Testing
    service.name: Crud.Api
    service.version: 1.0.0
    service.instance.id: 15081513-c9e4-4e0d-aac5-97a71d5ef649
    telemetry.sdk.name: opentelemetry
    telemetry.sdk.language: dotnet
    telemetry.sdk.version: 1.8.1
[05:34:32 INF] Resetting database for worker 9644 {"SourceContext": "Infrastructure.Services.DatabaseTestService", "Application": "Crud.Api"}
[05:34:32 INF] Resetting database via file deletion for worker 9644 in CI environment {"SourceContext": "Infrastructure.Services.DatabaseTestService", "Application": "Crud.Api"}
[05:34:32 INF] Acquiring database mutex for worker 9644... {"SourceContext": "Infrastructure.Services.DatabaseTestService", "Application": "Crud.Api"}
[05:34:32 INF] Database mutex acquired for worker 9644 {"SourceContext": "Infrastructure.Services.DatabaseTestService", "Application": "Crud.Api"}
[05:34:32 INF] Current database state - CanConnect: True {"SourceContext": "Infrastructure.Services.DatabaseTestService", "Application": "Crud.Api"}
[05:34:32 INF] [Phase 0] Closing database connection for worker 9644... {"SourceContext": "Infrastructure.Services.DatabaseTestService", "Application": "Crud.Api"}
[05:34:32 INF] [Phase 0] Connection closed in 0.0006ms {"SourceContext": "Infrastructure.Services.DatabaseTestService", "Application": "Crud.Api"}
[05:34:32 INF] [Phase 1] Starting EnsureDeletedAsync for worker 9644... {"SourceContext": "Infrastructure.Services.DatabaseTestService", "Application": "Crud.Api"}
[05:34:32 INF] [Phase 1] EnsureDeletedAsync completed in 1.4789ms {"SourceContext": "Infrastructure.Services.DatabaseTestService", "Application": "Crud.Api"}
[05:34:32 INF] [Phase 2] Starting EnsureCreatedAsync for worker 9644... {"SourceContext": "Infrastructure.Services.DatabaseTestService", "Application": "Crud.Api"}
[05:34:32 INF] [Phase 2] EnsureCreatedAsync completed in 7.796ms {"SourceContext": "Infrastructure.Services.DatabaseTestService", "Application": "Crud.Api"}
[05:34:32 INF] [Phase 3] Skipping database seeding as requested for worker 9644 {"SourceContext": "Infrastructure.Services.DatabaseTestService", "Application": "Crud.Api"}
[05:34:32 INF] Database reset via file deletion completed for worker 9644 in 110.2902ms (Close: 0.0006ms, Delete: 1.4789ms, Create: 7.796ms) {"SourceContext": "Infrastructure.Services.DatabaseTestService", "Application": "Crud.Api"}
[05:34:32 INF] Releasing database mutex for worker 9644 {"SourceContext": "Infrastructure.Services.DatabaseTestService", "Application": "Crud.Api"}
[05:34:32 INF] User registered successfully: 2c62cee2-140b-404b-970e-65d53c7549fc {"SourceContext": "App.Features.Authentication.RegisterUserCommandHandler", "ActionId": "563badef-9546-43c4-85b3-c36975cdb0b6", "ActionName": "Api.Controllers.AuthController.Register (Api)", "RequestId": "0HNFGUJ46SF2D", "RequestPath": "/api/auth/register", "Application": "Crud.Api"}
Activity.TraceId:            55aba29c1708703d83fd3f89b0e0cb68
Activity.SpanId:             37a01de34b13cc61
Activity.TraceFlags:         Recorded
Activity.ActivitySourceName: Microsoft.AspNetCore
Activity.DisplayName:        POST api/Auth/register
Activity.Kind:               Server
Activity.StartTime:          2025-09-11T05:34:32.3898313Z
Activity.Duration:           00:00:00.2963612
Activity.Tags:
    server.address: localhost
    http.request.method: POST
    url.scheme: http
    url.path: /api/auth/register
    network.protocol.version: 1.1
    http.route: api/Auth/register
    http.response.status_code: 200
Resource associated with Activity:
    deployment.environment: Testing
    service.name: Crud.Api
    service.version: 1.0.0
    service.instance.id: 15081513-c9e4-4e0d-aac5-97a71d5ef649
    telemetry.sdk.name: opentelemetry
    telemetry.sdk.language: dotnet
    telemetry.sdk.version: 1.8.1
[05:34:32 INF] User logged in successfully: 2c62cee2-140b-404b-970e-65d53c7549fc {"SourceContext": "App.Features.Authentication.LoginCommandHandler", "ActionId": "0c73c4eb-48f9-43e2-8b32-6c5f1ebcbf73", "ActionName": "Api.Controllers.AuthController.Login (Api)", "RequestId": "0HNFGUJ46SF2E", "RequestPath": "/api/auth/login", "Application": "Crud.Api"}
Activity.TraceId:            aa1fce341a8b1454c93b1f39dc9107d6
Activity.SpanId:             430ada2f12768024
Activity.TraceFlags:         Recorded
Activity.ActivitySourceName: Microsoft.AspNetCore
Activity.DisplayName:        POST api/Auth/login
Activity.Kind:               Server
Activity.StartTime:          2025-09-11T05:34:32.6872757Z
Activity.Duration:           00:00:00.2986317
Activity.Tags:
    server.address: localhost
    http.request.method: POST
    url.scheme: http
    url.path: /api/auth/login
    network.protocol.version: 1.1
    http.route: api/Auth/login
    http.response.status_code: 200
Resource associated with Activity:
    deployment.environment: Testing
    service.name: Crud.Api
    service.version: 1.0.0
    service.instance.id: 15081513-c9e4-4e0d-aac5-97a71d5ef649
    telemetry.sdk.name: opentelemetry
    telemetry.sdk.language: dotnet
    telemetry.sdk.version: 1.8.1
[05:34:32 DBG] Removed cache value for key: entity:wall:47a4cecc564e479ab48811386902b1b1 {"SourceContext": "Infrastructure.Services.Caching.InMemoryCacheService", "ActionId": "1897e9e0-af40-4d77-85d6-608c67f5e19a", "ActionName": "Api.Controllers.WallsController.Create (Api)", "RequestId": "0HNFGUJ46SF2F", "RequestPath": "/api/walls", "Application": "Crud.Api"}
[05:34:32 DBG] Removed cache value for key: list:wall {"SourceContext": "Infrastructure.Services.Caching.InMemoryCacheService", "ActionId": "1897e9e0-af40-4d77-85d6-608c67f5e19a", "ActionName": "Api.Controllers.WallsController.Create (Api)", "RequestId": "0HNFGUJ46SF2F", "RequestPath": "/api/walls", "Application": "Crud.Api"}
[05:34:32 DBG] Invalidating cache for entity type: walls with tag: walls {"SourceContext": "Api.Services.OutputCacheInvalidationService", "ActionId": "1897e9e0-af40-4d77-85d6-608c67f5e19a", "ActionName": "Api.Controllers.WallsController.Create (Api)", "RequestId": "0HNFGUJ46SF2F", "RequestPath": "/api/walls", "Application": "Crud.Api"}
[05:34:32 INF] Successfully invalidated cache for entity type: walls {"SourceContext": "Api.Services.OutputCacheInvalidationService", "ActionId": "1897e9e0-af40-4d77-85d6-608c67f5e19a", "ActionName": "Api.Controllers.WallsController.Create (Api)", "RequestId": "0HNFGUJ46SF2F", "RequestPath": "/api/walls", "Application": "Crud.Api"}
Activity.TraceId:            0a208fd946f6e539ba4c548333a117fe
Activity.SpanId:             d3e315375f261563
Activity.TraceFlags:         Recorded
Activity.ActivitySourceName: Microsoft.AspNetCore
Activity.DisplayName:        POST api/Walls
Activity.Kind:               Server
Activity.StartTime:          2025-09-11T05:34:32.9861213Z
Activity.Duration:           00:00:00.0036826
Activity.Tags:
    server.address: localhost
    http.request.method: POST
    url.scheme: http
    url.path: /api/walls
    network.protocol.version: 1.1
    http.route: api/Walls
    http.response.status_code: 201
Resource associated with Activity:
    deployment.environment: Testing
    service.name: Crud.Api
    service.version: 1.0.0
    service.instance.id: 15081513-c9e4-4e0d-aac5-97a71d5ef649
    telemetry.sdk.name: opentelemetry
    telemetry.sdk.language: dotnet
    telemetry.sdk.version: 1.8.1
[05:34:33 INF] User registered successfully: 9a47e362-0c4b-4f07-8c19-a0a5de796802 {"SourceContext": "App.Features.Authentication.RegisterUserCommandHandler", "ActionId": "563badef-9546-43c4-85b3-c36975cdb0b6", "ActionName": "Api.Controllers.AuthController.Register (Api)", "RequestId": "0HNFGUJ46SF2G", "RequestPath": "/api/auth/register", "Application": "Crud.Api"}
Activity.TraceId:            ff412e711459019077139124b80cdded
Activity.SpanId:             8cb622e4edd767b9
Activity.TraceFlags:         Recorded
Activity.ActivitySourceName: Microsoft.AspNetCore
Activity.DisplayName:        POST api/Auth/register
Activity.Kind:               Server
Activity.StartTime:          2025-09-11T05:34:32.9903054Z
Activity.Duration:           00:00:00.2979913
Activity.Tags:
    server.address: localhost
    http.request.method: POST
    url.scheme: http
    url.path: /api/auth/register
    network.protocol.version: 1.1
    http.route: api/Auth/register
    http.response.status_code: 200
Resource associated with Activity:
    deployment.environment: Testing
    service.name: Crud.Api
    service.version: 1.0.0
    service.instance.id: 15081513-c9e4-4e0d-aac5-97a71d5ef649
    telemetry.sdk.name: opentelemetry
    telemetry.sdk.language: dotnet
    telemetry.sdk.version: 1.8.1
[05:34:33 INF] User logged in successfully: 9a47e362-0c4b-4f07-8c19-a0a5de796802 {"SourceContext": "App.Features.Authentication.LoginCommandHandler", "ActionId": "0c73c4eb-48f9-43e2-8b32-6c5f1ebcbf73", "ActionName": "Api.Controllers.AuthController.Login (Api)", "RequestId": "0HNFGUJ46SF2H", "RequestPath": "/api/auth/login", "Application": "Crud.Api"}
Activity.TraceId:            3832af8df3599428763d9233867caeb4
Activity.SpanId:             b7a253f41309e1ec
Activity.TraceFlags:         Recorded
Activity.ActivitySourceName: Microsoft.AspNetCore
Activity.DisplayName:        POST api/Auth/login
Activity.Kind:               Server
Activity.StartTime:          2025-09-11T05:34:33.2893426Z
Activity.Duration:           00:00:00.2964806
Activity.Tags:
    server.address: localhost
    http.request.method: POST
    url.scheme: http
    url.path: /api/auth/login
    network.protocol.version: 1.1
    http.route: api/Auth/login
    http.response.status_code: 200
Resource associated with Activity:
    deployment.environment: Testing
    service.name: Crud.Api
    service.version: 1.0.0
    service.instance.id: 15081513-c9e4-4e0d-aac5-97a71d5ef649
    telemetry.sdk.name: opentelemetry
    telemetry.sdk.language: dotnet
    telemetry.sdk.version: 1.8.1
[05:34:33 DBG] Removed cache value for key: entity:wall:3edeb2584037422cb483439b570caaee {"SourceContext": "Infrastructure.Services.Caching.InMemoryCacheService", "ActionId": "1897e9e0-af40-4d77-85d6-608c67f5e19a", "ActionName": "Api.Controllers.WallsController.Create (Api)", "RequestId": "0HNFGUJ46SF2I", "RequestPath": "/api/walls", "Application": "Crud.Api"}
[05:34:33 DBG] Removed cache value for key: list:wall {"SourceContext": "Infrastructure.Services.Caching.InMemoryCacheService", "ActionId": "1897e9e0-af40-4d77-85d6-608c67f5e19a", "ActionName": "Api.Controllers.WallsController.Create (Api)", "RequestId": "0HNFGUJ46SF2I", "RequestPath": "/api/walls", "Application": "Crud.Api"}
[05:34:33 DBG] Invalidating cache for entity type: walls with tag: walls {"SourceContext": "Api.Services.OutputCacheInvalidationService", "ActionId": "1897e9e0-af40-4d77-85d6-608c67f5e19a", "ActionName": "Api.Controllers.WallsController.Create (Api)", "RequestId": "0HNFGUJ46SF2I", "RequestPath": "/api/walls", "Application": "Crud.Api"}
[05:34:33 INF] Successfully invalidated cache for entity type: walls {"SourceContext": "Api.Services.OutputCacheInvalidationService", "ActionId": "1897e9e0-af40-4d77-85d6-608c67f5e19a", "ActionName": "Api.Controllers.WallsController.Create (Api)", "RequestId": "0HNFGUJ46SF2I", "RequestPath": "/api/walls", "Application": "Crud.Api"}
Activity.TraceId:            424a60e69758c852435b65a319a67284
Activity.SpanId:             f8f930cab6c48486
Activity.TraceFlags:         Recorded
Activity.ActivitySourceName: Microsoft.AspNetCore
Activity.DisplayName:        POST api/Walls
Activity.Kind:               Server
Activity.StartTime:          2025-09-11T05:34:33.5860152Z
Activity.Duration:           00:00:00.0020009
Activity.Tags:
    server.address: localhost
    http.request.method: POST
    url.scheme: http
    url.path: /api/walls
    network.protocol.version: 1.1
    http.route: api/Walls
    http.response.status_code: 201
Resource associated with Activity:
    deployment.environment: Testing
    service.name: Crud.Api
    service.version: 1.0.0
    service.instance.id: 15081513-c9e4-4e0d-aac5-97a71d5ef649
    telemetry.sdk.name: opentelemetry
    telemetry.sdk.language: dotnet
    telemetry.sdk.version: 1.8.1
[05:34:33 INF] User registered successfully: 38d83682-ce7c-41cd-8591-e2a67d9cc7cb {"SourceContext": "App.Features.Authentication.RegisterUserCommandHandler", "ActionId": "563badef-9546-43c4-85b3-c36975cdb0b6", "ActionName": "Api.Controllers.AuthController.Register (Api)", "RequestId": "0HNFGUJ46SF2J", "RequestPath": "/api/auth/register", "Application": "Crud.Api"}
Activity.TraceId:            dc3e49eb5b173785ac2459c41ff9f800
Activity.SpanId:             cec1b3f94e08076e
Activity.TraceFlags:         Recorded
Activity.ActivitySourceName: Microsoft.AspNetCore
Activity.DisplayName:        POST api/Auth/register
Activity.Kind:               Server
Activity.StartTime:          2025-09-11T05:34:33.5882778Z
Activity.Duration:           00:00:00.2961547
Activity.Tags:
    server.address: localhost
    http.request.method: POST
    url.scheme: http
    url.path: /api/auth/register
    network.protocol.version: 1.1
    http.route: api/Auth/register
    http.response.status_code: 200
Resource associated with Activity:
    deployment.environment: Testing
    service.name: Crud.Api
    service.version: 1.0.0
    service.instance.id: 15081513-c9e4-4e0d-aac5-97a71d5ef649
    telemetry.sdk.name: opentelemetry
    telemetry.sdk.language: dotnet
    telemetry.sdk.version: 1.8.1
[05:34:33 DBG] Cache miss for key: list:wall {"SourceContext": "Infrastructure.Services.Caching.InMemoryCacheService", "ActionId": "2be49b4f-905b-412c-9619-1ea759d83967", "ActionName": "Api.Controllers.WallsController.List (Api)", "RequestId": "0HNFGUJ46SF2K", "RequestPath": "/api/walls", "Application": "Crud.Api"}
[05:34:33 DBG] Set cache value for key: list:wall {"SourceContext": "Infrastructure.Services.Caching.InMemoryCacheService", "ActionId": "2be49b4f-905b-412c-9619-1ea759d83967", "ActionName": "Api.Controllers.WallsController.List (Api)", "RequestId": "0HNFGUJ46SF2K", "RequestPath": "/api/walls", "Application": "Crud.Api"}
Activity.TraceId:            3a44b1406d97c7c170c722bd0503bd8d
Activity.SpanId:             e9fe722777f21cf6
Activity.TraceFlags:         Recorded
Activity.ActivitySourceName: Microsoft.AspNetCore
Activity.DisplayName:        GET api/Walls
Activity.Kind:               Server
Activity.StartTime:          2025-09-11T05:34:33.8845929Z
Activity.Duration:           00:00:00.0070241
Activity.Tags:
    server.address: localhost
    http.request.method: GET
    url.scheme: http
    url.path: /api/walls
    network.protocol.version: 1.1
    http.route: api/Walls
    http.response.status_code: 200
Resource associated with Activity:
    deployment.environment: Testing
    service.name: Crud.Api
    service.version: 1.0.0
    service.instance.id: 15081513-c9e4-4e0d-aac5-97a71d5ef649
    telemetry.sdk.name: opentelemetry
    telemetry.sdk.language: dotnet
    telemetry.sdk.version: 1.8.1
[05:34:33 INF] Resetting database for worker 9644 {"SourceContext": "Infrastructure.Services.DatabaseTestService", "Application": "Crud.Api"}
[05:34:33 INF] Resetting database via file deletion for worker 9644 in CI environment {"SourceContext": "Infrastructure.Services.DatabaseTestService", "Application": "Crud.Api"}
[05:34:33 INF] Acquiring database mutex for worker 9644... {"SourceContext": "Infrastructure.Services.DatabaseTestService", "Application": "Crud.Api"}
[05:34:33 INF] Database mutex acquired for worker 9644 {"SourceContext": "Infrastructure.Services.DatabaseTestService", "Application": "Crud.Api"}
[05:34:33 INF] Current database state - CanConnect: True {"SourceContext": "Infrastructure.Services.DatabaseTestService", "Application": "Crud.Api"}
[05:34:33 INF] [Phase 0] Closing database connection for worker 9644... {"SourceContext": "Infrastructure.Services.DatabaseTestService", "Application": "Crud.Api"}
[05:34:33 INF] [Phase 0] Connection closed in 0.0007ms {"SourceContext": "Infrastructure.Services.DatabaseTestService", "Application": "Crud.Api"}
[05:34:33 INF] [Phase 1] Starting EnsureDeletedAsync for worker 9644... {"SourceContext": "Infrastructure.Services.DatabaseTestService", "Application": "Crud.Api"}
[05:34:33 INF] [Phase 1] EnsureDeletedAsync completed in 1.4414ms {"SourceContext": "Infrastructure.Services.DatabaseTestService", "Application": "Crud.Api"}
[05:34:33 INF] [Phase 2] Starting EnsureCreatedAsync for worker 9644... {"SourceContext": "Infrastructure.Services.DatabaseTestService", "Application": "Crud.Api"}
[05:34:34 INF] [Phase 2] EnsureCreatedAsync completed in 7.5936ms {"SourceContext": "Infrastructure.Services.DatabaseTestService", "Application": "Crud.Api"}
[05:34:34 INF] [Phase 3] Skipping database seeding as requested for worker 9644 {"SourceContext": "Infrastructure.Services.DatabaseTestService", "Application": "Crud.Api"}
[05:34:34 INF] Database reset via file deletion completed for worker 9644 in 109.9264ms (Close: 0.0007ms, Delete: 1.4414ms, Create: 7.5936ms) {"SourceContext": "Infrastructure.Services.DatabaseTestService", "Application": "Crud.Api"}
[05:34:34 INF] Releasing database mutex for worker 9644 {"SourceContext": "Infrastructure.Services.DatabaseTestService", "Application": "Crud.Api"}
[05:34:34 INF] User registered successfully: 454da1fb-6aa1-431c-818d-6c2c002b1344 {"SourceContext": "App.Features.Authentication.RegisterUserCommandHandler", "ActionId": "563badef-9546-43c4-85b3-c36975cdb0b6", "ActionName": "Api.Controllers.AuthController.Register (Api)", "RequestId": "0HNFGUJ46SF2L", "RequestPath": "/api/auth/register", "Application": "Crud.Api"}
Activity.TraceId:            6daaf68ec60fa94add8069bc1d399253
Activity.SpanId:             16c784894ee7ae8a
Activity.TraceFlags:         Recorded
Activity.ActivitySourceName: Microsoft.AspNetCore
Activity.DisplayName:        POST api/Auth/register
Activity.Kind:               Server
Activity.StartTime:          2025-09-11T05:34:34.0066544Z
Activity.Duration:           00:00:00.2961387
Activity.Tags:
    server.address: localhost
    http.request.method: POST
    url.scheme: http
    url.path: /api/auth/register
    network.protocol.version: 1.1
    http.route: api/Auth/register
    http.response.status_code: 200
Resource associated with Activity:
    deployment.environment: Testing
    service.name: Crud.Api
    service.version: 1.0.0
    service.instance.id: 15081513-c9e4-4e0d-aac5-97a71d5ef649
    telemetry.sdk.name: opentelemetry
    telemetry.sdk.language: dotnet
    telemetry.sdk.version: 1.8.1
[05:34:34 INF] User logged in successfully: 454da1fb-6aa1-431c-818d-6c2c002b1344 {"SourceContext": "App.Features.Authentication.LoginCommandHandler", "ActionId": "0c73c4eb-48f9-43e2-8b32-6c5f1ebcbf73", "ActionName": "Api.Controllers.AuthController.Login (Api)", "RequestId": "0HNFGUJ46SF2M", "RequestPath": "/api/auth/login", "Application": "Crud.Api"}
Activity.TraceId:            3ab3a642b50a7e2cd9cfe85688c6f09d
Activity.SpanId:             9cfed9b39169a224
Activity.TraceFlags:         Recorded
Activity.ActivitySourceName: Microsoft.AspNetCore
Activity.DisplayName:        POST api/Auth/login
Activity.Kind:               Server
Activity.StartTime:          2025-09-11T05:34:34.3043584Z
Activity.Duration:           00:00:00.2959163
Activity.Tags:
    server.address: localhost
    http.request.method: POST
    url.scheme: http
    url.path: /api/auth/login
    network.protocol.version: 1.1
    http.route: api/Auth/login
    http.response.status_code: 200
Resource associated with Activity:
    deployment.environment: Testing
    service.name: Crud.Api
    service.version: 1.0.0
    service.instance.id: 15081513-c9e4-4e0d-aac5-97a71d5ef649
    telemetry.sdk.name: opentelemetry
    telemetry.sdk.language: dotnet
    telemetry.sdk.version: 1.8.1
Activity.TraceId:            758d6c3a324e7492feff7b7381711a88
Activity.SpanId:             4dbf6b3b4427ad53
Activity.TraceFlags:         Recorded
Activity.ActivitySourceName: Microsoft.AspNetCore
Activity.DisplayName:        POST api/Walls
Activity.Kind:               Server
Activity.StartTime:          2025-09-11T05:34:34.6022758Z
Activity.Duration:           00:00:00.0021553
Activity.Tags:
    server.address: localhost
    http.request.method: POST
    url.scheme: http
    url.path: /api/walls
    network.protocol.version: 1.1
    http.route: api/Walls
    http.response.status_code: 400
Resource associated with Activity:
    deployment.environment: Testing
    service.name: Crud.Api
    service.version: 1.0.0
    service.instance.id: 15081513-c9e4-4e0d-aac5-97a71d5ef649
    telemetry.sdk.name: opentelemetry
    telemetry.sdk.language: dotnet
    telemetry.sdk.version: 1.8.1
[05:34:34 INF] User registered successfully: 52a11043-b4a3-4a93-99e2-bcc74a53f23c {"SourceContext": "App.Features.Authentication.RegisterUserCommandHandler", "ActionId": "563badef-9546-43c4-85b3-c36975cdb0b6", "ActionName": "Api.Controllers.AuthController.Register (Api)", "RequestId": "0HNFGUJ46SF2O", "RequestPath": "/api/auth/register", "Application": "Crud.Api"}
Activity.TraceId:            3175a429740048c010f1eaeb2c645a06
Activity.SpanId:             b0ad0359e3281149
Activity.TraceFlags:         Recorded
Activity.ActivitySourceName: Microsoft.AspNetCore
Activity.DisplayName:        POST api/Auth/register
Activity.Kind:               Server
Activity.StartTime:          2025-09-11T05:34:34.6065658Z
Activity.Duration:           00:00:00.2963644
Activity.Tags:
    server.address: localhost
    http.request.method: POST
    url.scheme: http
    url.path: /api/auth/register
    network.protocol.version: 1.1
    http.route: api/Auth/register
    http.response.status_code: 200
Resource associated with Activity:
    deployment.environment: Testing
    service.name: Crud.Api
    service.version: 1.0.0
    service.instance.id: 15081513-c9e4-4e0d-aac5-97a71d5ef649
    telemetry.sdk.name: opentelemetry
    telemetry.sdk.language: dotnet
    telemetry.sdk.version: 1.8.1
[05:34:35 INF] User logged in successfully: 52a11043-b4a3-4a93-99e2-bcc74a53f23c {"SourceContext": "App.Features.Authentication.LoginCommandHandler", "ActionId": "0c73c4eb-48f9-43e2-8b32-6c5f1ebcbf73", "ActionName": "Api.Controllers.AuthController.Login (Api)", "RequestId": "0HNFGUJ46SF2P", "RequestPath": "/api/auth/login", "Application": "Crud.Api"}
Activity.TraceId:            3189e812cb7fc0758fbaed3143226899
Activity.SpanId:             2b3463588d176a48
Activity.TraceFlags:         Recorded
Activity.ActivitySourceName: Microsoft.AspNetCore
Activity.DisplayName:        POST api/Auth/login
Activity.Kind:               Server
Activity.StartTime:          2025-09-11T05:34:34.9044489Z
Activity.Duration:           00:00:00.2964072
Activity.Tags:
    server.address: localhost
    http.request.method: POST
    url.scheme: http
    url.path: /api/auth/login
    network.protocol.version: 1.1
    http.route: api/Auth/login
    http.response.status_code: 200
Resource associated with Activity:
    deployment.environment: Testing
    service.name: Crud.Api
    service.version: 1.0.0
    service.instance.id: 15081513-c9e4-4e0d-aac5-97a71d5ef649
    telemetry.sdk.name: opentelemetry
    telemetry.sdk.language: dotnet
    telemetry.sdk.version: 1.8.1
[05:34:35 DBG] Removed cache value for key: entity:wall:149bc7ee977b4cd6a3e08b145a2ccea7 {"SourceContext": "Infrastructure.Services.Caching.InMemoryCacheService", "ActionId": "8b1f92c9-4db4-4e9a-9391-626d55a4d1c9", "ActionName": "Api.Controllers.WallsController.Delete (Api)", "RequestId": "0HNFGUJ46SF2Q", "RequestPath": "/api/walls/149bc7ee-977b-4cd6-a3e0-8b145a2ccea7", "Application": "Crud.Api"}
[05:34:35 DBG] Removed cache value for key: list:wall {"SourceContext": "Infrastructure.Services.Caching.InMemoryCacheService", "ActionId": "8b1f92c9-4db4-4e9a-9391-626d55a4d1c9", "ActionName": "Api.Controllers.WallsController.Delete (Api)", "RequestId": "0HNFGUJ46SF2Q", "RequestPath": "/api/walls/149bc7ee-977b-4cd6-a3e0-8b145a2ccea7", "Application": "Crud.Api"}
[05:34:35 DBG] Invalidating cache for entity: walls/149bc7ee-977b-4cd6-a3e0-8b145a2ccea7 with tags: walls, walls:149bc7ee-977b-4cd6-a3e0-8b145a2ccea7 {"SourceContext": "Api.Services.OutputCacheInvalidationService", "ActionId": "8b1f92c9-4db4-4e9a-9391-626d55a4d1c9", "ActionName": "Api.Controllers.WallsController.Delete (Api)", "RequestId": "0HNFGUJ46SF2Q", "RequestPath": "/api/walls/149bc7ee-977b-4cd6-a3e0-8b145a2ccea7", "Application": "Crud.Api"}
[05:34:35 DBG] Successfully invalidated cache for tag: walls {"SourceContext": "Api.Services.OutputCacheInvalidationService", "ActionId": "8b1f92c9-4db4-4e9a-9391-626d55a4d1c9", "ActionName": "Api.Controllers.WallsController.Delete (Api)", "RequestId": "0HNFGUJ46SF2Q", "RequestPath": "/api/walls/149bc7ee-977b-4cd6-a3e0-8b145a2ccea7", "Application": "Crud.Api"}
[05:34:35 DBG] Successfully invalidated cache for tag: walls:149bc7ee-977b-4cd6-a3e0-8b145a2ccea7 {"SourceContext": "Api.Services.OutputCacheInvalidationService", "ActionId": "8b1f92c9-4db4-4e9a-9391-626d55a4d1c9", "ActionName": "Api.Controllers.WallsController.Delete (Api)", "RequestId": "0HNFGUJ46SF2Q", "RequestPath": "/api/walls/149bc7ee-977b-4cd6-a3e0-8b145a2ccea7", "Application": "Crud.Api"}
Activity.TraceId:            077b7f87cc6679b540b94eeff913d1f2
Activity.SpanId:             2efb2b7cdf226ce4
Activity.TraceFlags:         Recorded
Activity.ActivitySourceName: Microsoft.AspNetCore
Activity.DisplayName:        DELETE api/Walls/{id:guid}
Activity.Kind:               Server
Activity.StartTime:          2025-09-11T05:34:35.2022751Z
Activity.Duration:           00:00:00.0070327
Activity.Tags:
    server.address: localhost
    http.request.method: DELETE
    url.scheme: http
    url.path: /api/walls/149bc7ee-977b-4cd6-a3e0-8b145a2ccea7
    network.protocol.version: 1.1
    http.route: api/Walls/{id:guid}
    http.response.status_code: 204
Resource associated with Activity:
    deployment.environment: Testing
    service.name: Crud.Api
    service.version: 1.0.0
    service.instance.id: 15081513-c9e4-4e0d-aac5-97a71d5ef649
    telemetry.sdk.name: opentelemetry
    telemetry.sdk.language: dotnet
    telemetry.sdk.version: 1.8.1
[05:34:35 INF] User registered successfully: 0c46d395-241b-46eb-ad75-7fa2ad6f0f2f {"SourceContext": "App.Features.Authentication.RegisterUserCommandHandler", "ActionId": "563badef-9546-43c4-85b3-c36975cdb0b6", "ActionName": "Api.Controllers.AuthController.Register (Api)", "RequestId": "0HNFGUJ46SF2R", "RequestPath": "/api/auth/register", "Application": "Crud.Api"}
Activity.TraceId:            a6a335d1b435d9e4c6d583c92cfed362
Activity.SpanId:             9d6c57627c351b4b
Activity.TraceFlags:         Recorded
Activity.ActivitySourceName: Microsoft.AspNetCore
Activity.DisplayName:        POST api/Auth/register
Activity.Kind:               Server
Activity.StartTime:          2025-09-11T05:34:35.2121610Z
Activity.Duration:           00:00:00.2959219
Activity.Tags:
    server.address: localhost
    http.request.method: POST
    url.scheme: http
    url.path: /api/auth/register
    network.protocol.version: 1.1
    http.route: api/Auth/register
    http.response.status_code: 200
Resource associated with Activity:
    deployment.environment: Testing
    service.name: Crud.Api
    service.version: 1.0.0
    service.instance.id: 15081513-c9e4-4e0d-aac5-97a71d5ef649
    telemetry.sdk.name: opentelemetry
    telemetry.sdk.language: dotnet
    telemetry.sdk.version: 1.8.1
[05:34:35 INF] User logged in successfully: 0c46d395-241b-46eb-ad75-7fa2ad6f0f2f {"SourceContext": "App.Features.Authentication.LoginCommandHandler", "ActionId": "0c73c4eb-48f9-43e2-8b32-6c5f1ebcbf73", "ActionName": "Api.Controllers.AuthController.Login (Api)", "RequestId": "0HNFGUJ46SF2S", "RequestPath": "/api/auth/login", "Application": "Crud.Api"}
Activity.TraceId:            ded047a36aa5cad6f4c24d4e68ca03c1
Activity.SpanId:             6ce9789f8c2da431
Activity.TraceFlags:         Recorded
Activity.ActivitySourceName: Microsoft.AspNetCore
Activity.DisplayName:        POST api/Auth/login
Activity.Kind:               Server
Activity.StartTime:          2025-09-11T05:34:35.5096974Z
Activity.Duration:           00:00:00.2961572
Activity.Tags:
    server.address: localhost
    http.request.method: POST
    url.scheme: http
    url.path: /api/auth/login
    network.protocol.version: 1.1
    http.route: api/Auth/login
    http.response.status_code: 200
Resource associated with Activity:
    deployment.environment: Testing
    service.name: Crud.Api
    service.version: 1.0.0
    service.instance.id: 15081513-c9e4-4e0d-aac5-97a71d5ef649
    telemetry.sdk.name: opentelemetry
    telemetry.sdk.language: dotnet
    telemetry.sdk.version: 1.8.1
[05:34:35 DBG] Removed cache value for key: entity:wall:9b82b5500df2467ba8c85eb60bcd0b57 {"SourceContext": "Infrastructure.Services.Caching.InMemoryCacheService", "ActionId": "1897e9e0-af40-4d77-85d6-608c67f5e19a", "ActionName": "Api.Controllers.WallsController.Create (Api)", "RequestId": "0HNFGUJ46SF2T", "RequestPath": "/api/walls", "Application": "Crud.Api"}
[05:34:35 DBG] Removed cache value for key: list:wall {"SourceContext": "Infrastructure.Services.Caching.InMemoryCacheService", "ActionId": "1897e9e0-af40-4d77-85d6-608c67f5e19a", "ActionName": "Api.Controllers.WallsController.Create (Api)", "RequestId": "0HNFGUJ46SF2T", "RequestPath": "/api/walls", "Application": "Crud.Api"}
[05:34:35 DBG] Invalidating cache for entity type: walls with tag: walls {"SourceContext": "Api.Services.OutputCacheInvalidationService", "ActionId": "1897e9e0-af40-4d77-85d6-608c67f5e19a", "ActionName": "Api.Controllers.WallsController.Create (Api)", "RequestId": "0HNFGUJ46SF2T", "RequestPath": "/api/walls", "Application": "Crud.Api"}
[05:34:35 INF] Successfully invalidated cache for entity type: walls {"SourceContext": "Api.Services.OutputCacheInvalidationService", "ActionId": "1897e9e0-af40-4d77-85d6-608c67f5e19a", "ActionName": "Api.Controllers.WallsController.Create (Api)", "RequestId": "0HNFGUJ46SF2T", "RequestPath": "/api/walls", "Application": "Crud.Api"}
Activity.TraceId:            22d2f374dc567df6f3cd39e97136cb6f
Activity.SpanId:             90306b1108d8ebda
Activity.TraceFlags:         Recorded
Activity.ActivitySourceName: Microsoft.AspNetCore
Activity.DisplayName:        POST api/Walls
Activity.Kind:               Server
Activity.StartTime:          2025-09-11T05:34:35.8073551Z
Activity.Duration:           00:00:00.0037859
Activity.Tags:
    server.address: localhost
    http.request.method: POST
    url.scheme: http
    url.path: /api/walls
    network.protocol.version: 1.1
    http.route: api/Walls
    http.response.status_code: 201
Resource associated with Activity:
    deployment.environment: Testing
    service.name: Crud.Api
    service.version: 1.0.0
    service.instance.id: 15081513-c9e4-4e0d-aac5-97a71d5ef649
    telemetry.sdk.name: opentelemetry
    telemetry.sdk.language: dotnet
    telemetry.sdk.version: 1.8.1
[05:34:36 INF] User registered successfully: ad575b94-72bb-4d0a-aa2f-cbfbdaa3a9ea {"SourceContext": "App.Features.Authentication.RegisterUserCommandHandler", "ActionId": "563badef-9546-43c4-85b3-c36975cdb0b6", "ActionName": "Api.Controllers.AuthController.Register (Api)", "RequestId": "0HNFGUJ46SF2U", "RequestPath": "/api/auth/register", "Application": "Crud.Api"}
Activity.TraceId:            2c27450db2cafb6cc8b1aad95f551a1b
Activity.SpanId:             828d60b4a943a7b1
Activity.TraceFlags:         Recorded
Activity.ActivitySourceName: Microsoft.AspNetCore
Activity.DisplayName:        POST api/Auth/register
Activity.Kind:               Server
Activity.StartTime:          2025-09-11T05:34:35.8144578Z
Activity.Duration:           00:00:00.2962608
Activity.Tags:
    server.address: localhost
    http.request.method: POST
    url.scheme: http
    url.path: /api/auth/register
    network.protocol.version: 1.1
    http.route: api/Auth/register
    http.response.status_code: 200
Resource associated with Activity:
    deployment.environment: Testing
    service.name: Crud.Api
    service.version: 1.0.0
    service.instance.id: 15081513-c9e4-4e0d-aac5-97a71d5ef649
    telemetry.sdk.name: opentelemetry
    telemetry.sdk.language: dotnet
    telemetry.sdk.version: 1.8.1
[05:34:36 INF] User logged in successfully: ad575b94-72bb-4d0a-aa2f-cbfbdaa3a9ea {"SourceContext": "App.Features.Authentication.LoginCommandHandler", "ActionId": "0c73c4eb-48f9-43e2-8b32-6c5f1ebcbf73", "ActionName": "Api.Controllers.AuthController.Login (Api)", "RequestId": "0HNFGUJ46SF2V", "RequestPath": "/api/auth/login", "Application": "Crud.Api"}
Activity.TraceId:            ff3174972835be445968c9b45524268c
Activity.SpanId:             70a9b896b6b11304
Activity.TraceFlags:         Recorded
Activity.ActivitySourceName: Microsoft.AspNetCore
Activity.DisplayName:        POST api/Auth/login
Activity.Kind:               Server
Activity.StartTime:          2025-09-11T05:34:36.1125882Z
Activity.Duration:           00:00:00.2966167
Activity.Tags:
    server.address: localhost
    http.request.method: POST
    url.scheme: http
    url.path: /api/auth/login
    network.protocol.version: 1.1
    http.route: api/Auth/login
    http.response.status_code: 200
Resource associated with Activity:
    deployment.environment: Testing
    service.name: Crud.Api
    service.version: 1.0.0
    service.instance.id: 15081513-c9e4-4e0d-aac5-97a71d5ef649
    telemetry.sdk.name: opentelemetry
    telemetry.sdk.language: dotnet
    telemetry.sdk.version: 1.8.1
[05:34:36 DBG] Removed cache value for key: entity:wall:e599d52cc12340158cb45d30b0215cf5 {"SourceContext": "Infrastructure.Services.Caching.InMemoryCacheService", "ActionId": "1897e9e0-af40-4d77-85d6-608c67f5e19a", "ActionName": "Api.Controllers.WallsController.Create (Api)", "RequestId": "0HNFGUJ46SF30", "RequestPath": "/api/walls", "Application": "Crud.Api"}
[05:34:36 DBG] Removed cache value for key: list:wall {"SourceContext": "Infrastructure.Services.Caching.InMemoryCacheService", "ActionId": "1897e9e0-af40-4d77-85d6-608c67f5e19a", "ActionName": "Api.Controllers.WallsController.Create (Api)", "RequestId": "0HNFGUJ46SF30", "RequestPath": "/api/walls", "Application": "Crud.Api"}
[05:34:36 DBG] Invalidating cache for entity type: walls with tag: walls {"SourceContext": "Api.Services.OutputCacheInvalidationService", "ActionId": "1897e9e0-af40-4d77-85d6-608c67f5e19a", "ActionName": "Api.Controllers.WallsController.Create (Api)", "RequestId": "0HNFGUJ46SF30", "RequestPath": "/api/walls", "Application": "Crud.Api"}
[05:34:36 INF] Successfully invalidated cache for entity type: walls {"SourceContext": "Api.Services.OutputCacheInvalidationService", "ActionId": "1897e9e0-af40-4d77-85d6-608c67f5e19a", "ActionName": "Api.Controllers.WallsController.Create (Api)", "RequestId": "0HNFGUJ46SF30", "RequestPath": "/api/walls", "Application": "Crud.Api"}
Activity.TraceId:            def4d9ac270de405690006735687a636
Activity.SpanId:             56deff226adec126
Activity.TraceFlags:         Recorded
Activity.ActivitySourceName: Microsoft.AspNetCore
Activity.DisplayName:        POST api/Walls
Activity.Kind:               Server
Activity.StartTime:          2025-09-11T05:34:36.4102620Z
Activity.Duration:           00:00:00.0022672
Activity.Tags:
    server.address: localhost
    http.request.method: POST
    url.scheme: http
    url.path: /api/walls
    network.protocol.version: 1.1
    http.route: api/Walls
    http.response.status_code: 201
Resource associated with Activity:
    deployment.environment: Testing
    service.name: Crud.Api
    service.version: 1.0.0
    service.instance.id: 15081513-c9e4-4e0d-aac5-97a71d5ef649
    telemetry.sdk.name: opentelemetry
    telemetry.sdk.language: dotnet
    telemetry.sdk.version: 1.8.1
[05:34:36 INF] User registered successfully: 24fc6f73-a3cb-48c3-8e0c-44ba0ea1f84b {"SourceContext": "App.Features.Authentication.RegisterUserCommandHandler", "ActionId": "563badef-9546-43c4-85b3-c36975cdb0b6", "ActionName": "Api.Controllers.AuthController.Register (Api)", "RequestId": "0HNFGUJ46SF31", "RequestPath": "/api/auth/register", "Application": "Crud.Api"}
Activity.TraceId:            a3f7d6bb0d7f56b1984cb825dd3aef41
Activity.SpanId:             874dbed2dcd37613
Activity.TraceFlags:         Recorded
Activity.ActivitySourceName: Microsoft.AspNetCore
Activity.DisplayName:        POST api/Auth/register
Activity.Kind:               Server
Activity.StartTime:          2025-09-11T05:34:36.4132277Z
Activity.Duration:           00:00:00.2964855
Activity.Tags:
    server.address: localhost
    http.request.method: POST
    url.scheme: http
    url.path: /api/auth/register
    network.protocol.version: 1.1
    http.route: api/Auth/register
    http.response.status_code: 200
Resource associated with Activity:
    deployment.environment: Testing
    service.name: Crud.Api
    service.version: 1.0.0
    service.instance.id: 15081513-c9e4-4e0d-aac5-97a71d5ef649
    telemetry.sdk.name: opentelemetry
    telemetry.sdk.language: dotnet
    telemetry.sdk.version: 1.8.1
[05:34:37 INF] User logged in successfully: 24fc6f73-a3cb-48c3-8e0c-44ba0ea1f84b {"SourceContext": "App.Features.Authentication.LoginCommandHandler", "ActionId": "0c73c4eb-48f9-43e2-8b32-6c5f1ebcbf73", "ActionName": "Api.Controllers.AuthController.Login (Api)", "RequestId": "0HNFGUJ46SF32", "RequestPath": "/api/auth/login", "Application": "Crud.Api"}
Activity.TraceId:            29d4177d6f288c9ba9c57ff983213646
Activity.SpanId:             91dbeb2d1a1c3ee1
Activity.TraceFlags:         Recorded
Activity.ActivitySourceName: Microsoft.AspNetCore
Activity.DisplayName:        POST api/Auth/login
Activity.Kind:               Server
Activity.StartTime:          2025-09-11T05:34:36.7109765Z
Activity.Duration:           00:00:00.2960477
Activity.Tags:
    server.address: localhost
    http.request.method: POST
    url.scheme: http
    url.path: /api/auth/login
    network.protocol.version: 1.1
    http.route: api/Auth/login
    http.response.status_code: 200
Resource associated with Activity:
    deployment.environment: Testing
    service.name: Crud.Api
    service.version: 1.0.0
    service.instance.id: 15081513-c9e4-4e0d-aac5-97a71d5ef649
    telemetry.sdk.name: opentelemetry
    telemetry.sdk.language: dotnet
    telemetry.sdk.version: 1.8.1
[05:34:37 DBG] Removed cache value for key: entity:wall:e599d52cc12340158cb45d30b0215cf5 {"SourceContext": "Infrastructure.Services.Caching.InMemoryCacheService", "ActionId": "8b1f92c9-4db4-4e9a-9391-626d55a4d1c9", "ActionName": "Api.Controllers.WallsController.Delete (Api)", "RequestId": "0HNFGUJ46SF33", "RequestPath": "/api/walls/e599d52c-c123-4015-8cb4-5d30b0215cf5", "Application": "Crud.Api"}
[05:34:37 DBG] Removed cache value for key: list:wall {"SourceContext": "Infrastructure.Services.Caching.InMemoryCacheService", "ActionId": "8b1f92c9-4db4-4e9a-9391-626d55a4d1c9", "ActionName": "Api.Controllers.WallsController.Delete (Api)", "RequestId": "0HNFGUJ46SF33", "RequestPath": "/api/walls/e599d52c-c123-4015-8cb4-5d30b0215cf5", "Application": "Crud.Api"}
[05:34:37 DBG] Invalidating cache for entity: walls/e599d52c-c123-4015-8cb4-5d30b0215cf5 with tags: walls, walls:e599d52c-c123-4015-8cb4-5d30b0215cf5 {"SourceContext": "Api.Services.OutputCacheInvalidationService", "ActionId": "8b1f92c9-4db4-4e9a-9391-626d55a4d1c9", "ActionName": "Api.Controllers.WallsController.Delete (Api)", "RequestId": "0HNFGUJ46SF33", "RequestPath": "/api/walls/e599d52c-c123-4015-8cb4-5d30b0215cf5", "Application": "Crud.Api"}
[05:34:37 DBG] Successfully invalidated cache for tag: walls {"SourceContext": "Api.Services.OutputCacheInvalidationService", "ActionId": "8b1f92c9-4db4-4e9a-9391-626d55a4d1c9", "ActionName": "Api.Controllers.WallsController.Delete (Api)", "RequestId": "0HNFGUJ46SF33", "RequestPath": "/api/walls/e599d52c-c123-4015-8cb4-5d30b0215cf5", "Application": "Crud.Api"}
[05:34:37 DBG] Successfully invalidated cache for tag: walls:e599d52c-c123-4015-8cb4-5d30b0215cf5 {"SourceContext": "Api.Services.OutputCacheInvalidationService", "ActionId": "8b1f92c9-4db4-4e9a-9391-626d55a4d1c9", "ActionName": "Api.Controllers.WallsController.Delete (Api)", "RequestId": "0HNFGUJ46SF33", "RequestPath": "/api/walls/e599d52c-c123-4015-8cb4-5d30b0215cf5", "Application": "Crud.Api"}
Activity.TraceId:            621ca77078ffefb97edd8497da2ab856
Activity.SpanId:             ff22052ce7f36475
Activity.TraceFlags:         Recorded
Activity.ActivitySourceName: Microsoft.AspNetCore
Activity.DisplayName:        DELETE api/Walls/{id:guid}
Activity.Kind:               Server
Activity.StartTime:          2025-09-11T05:34:37.0072262Z
Activity.Duration:           00:00:00.0025658
Activity.Tags:
    server.address: localhost
    http.request.method: DELETE
    url.scheme: http
    url.path: /api/walls/e599d52c-c123-4015-8cb4-5d30b0215cf5
    network.protocol.version: 1.1
    http.route: api/Walls/{id:guid}
    http.response.status_code: 204
Resource associated with Activity:
    deployment.environment: Testing
    service.name: Crud.Api
    service.version: 1.0.0
    service.instance.id: 15081513-c9e4-4e0d-aac5-97a71d5ef649
    telemetry.sdk.name: opentelemetry
    telemetry.sdk.language: dotnet
    telemetry.sdk.version: 1.8.1
[05:34:37 INF] User registered successfully: 9fc76b91-60f7-4419-b1e9-5c10df4e899e {"SourceContext": "App.Features.Authentication.RegisterUserCommandHandler", "ActionId": "563badef-9546-43c4-85b3-c36975cdb0b6", "ActionName": "Api.Controllers.AuthController.Register (Api)", "RequestId": "0HNFGUJ46SF34", "RequestPath": "/api/auth/register", "Application": "Crud.Api"}
Activity.TraceId:            f7c1f56025abaa48f43cd3ee9e2a6191
Activity.SpanId:             e69a524ef2448db0
Activity.TraceFlags:         Recorded
Activity.ActivitySourceName: Microsoft.AspNetCore
Activity.DisplayName:        POST api/Auth/register
Activity.Kind:               Server
Activity.StartTime:          2025-09-11T05:34:37.0100336Z
Activity.Duration:           00:00:00.2959795
Activity.Tags:
    server.address: localhost
    http.request.method: POST
    url.scheme: http
    url.path: /api/auth/register
    network.protocol.version: 1.1
    http.route: api/Auth/register
    http.response.status_code: 200
Resource associated with Activity:
    deployment.environment: Testing
    service.name: Crud.Api
    service.version: 1.0.0
    service.instance.id: 15081513-c9e4-4e0d-aac5-97a71d5ef649
    telemetry.sdk.name: opentelemetry
    telemetry.sdk.language: dotnet
    telemetry.sdk.version: 1.8.1
[05:34:37 DBG] Cache miss for key: entity:wall:e599d52cc12340158cb45d30b0215cf5 {"SourceContext": "Infrastructure.Services.Caching.InMemoryCacheService", "ActionId": "bebae1e0-e234-4f21-ab63-e82b72422c06", "ActionName": "Api.Controllers.WallsController.Get (Api)", "RequestId": "0HNFGUJ46SF35", "RequestPath": "/api/walls/e599d52c-c123-4015-8cb4-5d30b0215cf5", "Application": "Crud.Api"}
Activity.TraceId:            dfcb53aa2d85f06b885cc349235a01d7
Activity.SpanId:             6a8ddec8993679b7
Activity.TraceFlags:         Recorded
Activity.ActivitySourceName: Microsoft.AspNetCore
Activity.DisplayName:        GET api/Walls/{id:guid}
Activity.Kind:               Server
Activity.StartTime:          2025-09-11T05:34:37.3062042Z
Activity.Duration:           00:00:00.0036759
Activity.Tags:
    server.address: localhost
    http.request.method: GET
    url.scheme: http
    url.path: /api/walls/e599d52c-c123-4015-8cb4-5d30b0215cf5
    network.protocol.version: 1.1
    http.route: api/Walls/{id:guid}
    http.response.status_code: 404
Resource associated with Activity:
    deployment.environment: Testing
    service.name: Crud.Api
    service.version: 1.0.0
    service.instance.id: 15081513-c9e4-4e0d-aac5-97a71d5ef649
    telemetry.sdk.name: opentelemetry
    telemetry.sdk.language: dotnet
    telemetry.sdk.version: 1.8.1
[05:34:37 INF] User registered successfully: c9545113-5db0-429f-bf40-f469834c22a3 {"SourceContext": "App.Features.Authentication.RegisterUserCommandHandler", "ActionId": "563badef-9546-43c4-85b3-c36975cdb0b6", "ActionName": "Api.Controllers.AuthController.Register (Api)", "RequestId": "0HNFGUJ46SF36", "RequestPath": "/api/auth/register", "Application": "Crud.Api"}
Activity.TraceId:            9ca4da585ae73b2e5847e27d1ba73252
Activity.SpanId:             2ba3a64519bda630
Activity.TraceFlags:         Recorded
Activity.ActivitySourceName: Microsoft.AspNetCore
Activity.DisplayName:        POST api/Auth/register
Activity.Kind:               Server
Activity.StartTime:          2025-09-11T05:34:37.3122034Z
Activity.Duration:           00:00:00.2969634
Activity.Tags:
    server.address: localhost
    http.request.method: POST
    url.scheme: http
    url.path: /api/auth/register
    network.protocol.version: 1.1
    http.route: api/Auth/register
    http.response.status_code: 200
Resource associated with Activity:
    deployment.environment: Testing
    service.name: Crud.Api
    service.version: 1.0.0
    service.instance.id: 15081513-c9e4-4e0d-aac5-97a71d5ef649
    telemetry.sdk.name: opentelemetry
    telemetry.sdk.language: dotnet
    telemetry.sdk.version: 1.8.1
[05:34:37 INF] User logged in successfully: c9545113-5db0-429f-bf40-f469834c22a3 {"SourceContext": "App.Features.Authentication.LoginCommandHandler", "ActionId": "0c73c4eb-48f9-43e2-8b32-6c5f1ebcbf73", "ActionName": "Api.Controllers.AuthController.Login (Api)", "RequestId": "0HNFGUJ46SF37", "RequestPath": "/api/auth/login", "Application": "Crud.Api"}
Activity.TraceId:            b44facb6782ab6501d5d8525b187c369
Activity.SpanId:             d4ca173eb9e5e7dd
Activity.TraceFlags:         Recorded
Activity.ActivitySourceName: Microsoft.AspNetCore
Activity.DisplayName:        POST api/Auth/login
Activity.Kind:               Server
Activity.StartTime:          2025-09-11T05:34:37.6108397Z
Activity.Duration:           00:00:00.2961594
Activity.Tags:
    server.address: localhost
    http.request.method: POST
    url.scheme: http
    url.path: /api/auth/login
    network.protocol.version: 1.1
    http.route: api/Auth/login
    http.response.status_code: 200
Resource associated with Activity:
    deployment.environment: Testing
    service.name: Crud.Api
    service.version: 1.0.0
    service.instance.id: 15081513-c9e4-4e0d-aac5-97a71d5ef649
    telemetry.sdk.name: opentelemetry
    telemetry.sdk.language: dotnet
    telemetry.sdk.version: 1.8.1
[05:34:37 DBG] Removed cache value for key: entity:wall:6204b15bb3b94d27ac47797d4c0eef89 {"SourceContext": "Infrastructure.Services.Caching.InMemoryCacheService", "ActionId": "1897e9e0-af40-4d77-85d6-608c67f5e19a", "ActionName": "Api.Controllers.WallsController.Create (Api)", "RequestId": "0HNFGUJ46SF38", "RequestPath": "/api/walls", "Application": "Crud.Api"}
[05:34:37 DBG] Removed cache value for key: list:wall {"SourceContext": "Infrastructure.Services.Caching.InMemoryCacheService", "ActionId": "1897e9e0-af40-4d77-85d6-608c67f5e19a", "ActionName": "Api.Controllers.WallsController.Create (Api)", "RequestId": "0HNFGUJ46SF38", "RequestPath": "/api/walls", "Application": "Crud.Api"}
[05:34:37 DBG] Invalidating cache for entity type: walls with tag: walls {"SourceContext": "Api.Services.OutputCacheInvalidationService", "ActionId": "1897e9e0-af40-4d77-85d6-608c67f5e19a", "ActionName": "Api.Controllers.WallsController.Create (Api)", "RequestId": "0HNFGUJ46SF38", "RequestPath": "/api/walls", "Application": "Crud.Api"}
[05:34:37 INF] Successfully invalidated cache for entity type: walls {"SourceContext": "Api.Services.OutputCacheInvalidationService", "ActionId": "1897e9e0-af40-4d77-85d6-608c67f5e19a", "ActionName": "Api.Controllers.WallsController.Create (Api)", "RequestId": "0HNFGUJ46SF38", "RequestPath": "/api/walls", "Application": "Crud.Api"}
Activity.TraceId:            452009680614a2ccb55005dbf0878e5e
Activity.SpanId:             a9f3ca581fb90646
Activity.TraceFlags:         Recorded
Activity.ActivitySourceName: Microsoft.AspNetCore
Activity.DisplayName:        POST api/Walls
Activity.Kind:               Server
Activity.StartTime:          2025-09-11T05:34:37.9078702Z
Activity.Duration:           00:00:00.0018724
Activity.Tags:
    server.address: localhost
    http.request.method: POST
    url.scheme: http
    url.path: /api/walls
    network.protocol.version: 1.1
    http.route: api/Walls
    http.response.status_code: 201
Resource associated with Activity:
    deployment.environment: Testing
    service.name: Crud.Api
    service.version: 1.0.0
    service.instance.id: 15081513-c9e4-4e0d-aac5-97a71d5ef649
    telemetry.sdk.name: opentelemetry
    telemetry.sdk.language: dotnet
    telemetry.sdk.version: 1.8.1
[05:34:37 INF] Resetting database for worker 9644 {"SourceContext": "Infrastructure.Services.DatabaseTestService", "Application": "Crud.Api"}
[05:34:37 INF] Resetting database via file deletion for worker 9644 in CI environment {"SourceContext": "Infrastructure.Services.DatabaseTestService", "Application": "Crud.Api"}
[05:34:37 INF] Acquiring database mutex for worker 9644... {"SourceContext": "Infrastructure.Services.DatabaseTestService", "Application": "Crud.Api"}
[05:34:37 INF] Database mutex acquired for worker 9644 {"SourceContext": "Infrastructure.Services.DatabaseTestService", "Application": "Crud.Api"}
[05:34:37 INF] Current database state - CanConnect: True {"SourceContext": "Infrastructure.Services.DatabaseTestService", "Application": "Crud.Api"}
[05:34:37 INF] [Phase 0] Closing database connection for worker 9644... {"SourceContext": "Infrastructure.Services.DatabaseTestService", "Application": "Crud.Api"}
[05:34:37 INF] [Phase 0] Connection closed in 0.0005ms {"SourceContext": "Infrastructure.Services.DatabaseTestService", "Application": "Crud.Api"}
[05:34:37 INF] [Phase 1] Starting EnsureDeletedAsync for worker 9644... {"SourceContext": "Infrastructure.Services.DatabaseTestService", "Application": "Crud.Api"}
[05:34:37 INF] [Phase 1] EnsureDeletedAsync completed in 1.6163ms {"SourceContext": "Infrastructure.Services.DatabaseTestService", "Application": "Crud.Api"}
[05:34:38 INF] [Phase 2] Starting EnsureCreatedAsync for worker 9644... {"SourceContext": "Infrastructure.Services.DatabaseTestService", "Application": "Crud.Api"}
[05:34:38 INF] [Phase 2] EnsureCreatedAsync completed in 11.5317ms {"SourceContext": "Infrastructure.Services.DatabaseTestService", "Application": "Crud.Api"}
[05:34:38 INF] [Phase 3] Skipping database seeding as requested for worker 9644 {"SourceContext": "Infrastructure.Services.DatabaseTestService", "Application": "Crud.Api"}
[05:34:38 INF] Database reset via file deletion completed for worker 9644 in 113.3208ms (Close: 0.0005ms, Delete: 1.6163ms, Create: 11.5317ms) {"SourceContext": "Infrastructure.Services.DatabaseTestService", "Application": "Crud.Api"}
[05:34:38 INF] Releasing database mutex for worker 9644 {"SourceContext": "Infrastructure.Services.DatabaseTestService", "Application": "Crud.Api"}
[05:34:38 INF] User registered successfully: b455b6d8-3690-4d5d-9b8e-41770bae5c8b {"SourceContext": "App.Features.Authentication.RegisterUserCommandHandler", "ActionId": "563badef-9546-43c4-85b3-c36975cdb0b6", "ActionName": "Api.Controllers.AuthController.Register (Api)", "RequestId": "0HNFGUJ46SF39", "RequestPath": "/api/auth/register", "Application": "Crud.Api"}
Activity.TraceId:            5351d385a1905a2a523353455549c2b2
Activity.SpanId:             aea1a5a57bd62b0b
Activity.TraceFlags:         Recorded
Activity.ActivitySourceName: Microsoft.AspNetCore
Activity.DisplayName:        POST api/Auth/register
Activity.Kind:               Server
Activity.StartTime:          2025-09-11T05:34:38.0275309Z
Activity.Duration:           00:00:00.2960055
Activity.Tags:
    server.address: localhost
    http.request.method: POST
    url.scheme: http
    url.path: /api/auth/register
    network.protocol.version: 1.1
    http.route: api/Auth/register
    http.response.status_code: 200
Resource associated with Activity:
    deployment.environment: Testing
    service.name: Crud.Api
    service.version: 1.0.0
    service.instance.id: 15081513-c9e4-4e0d-aac5-97a71d5ef649
    telemetry.sdk.name: opentelemetry
    telemetry.sdk.language: dotnet
    telemetry.sdk.version: 1.8.1
[05:34:38 DBG] Cache miss for key: list:wall {"SourceContext": "Infrastructure.Services.Caching.InMemoryCacheService", "ActionId": "2be49b4f-905b-412c-9619-1ea759d83967", "ActionName": "Api.Controllers.WallsController.List (Api)", "RequestId": "0HNFGUJ46SF3A", "RequestPath": "/api/walls", "Application": "Crud.Api"}
[05:34:38 DBG] Set cache value for key: list:wall {"SourceContext": "Infrastructure.Services.Caching.InMemoryCacheService", "ActionId": "2be49b4f-905b-412c-9619-1ea759d83967", "ActionName": "Api.Controllers.WallsController.List (Api)", "RequestId": "0HNFGUJ46SF3A", "RequestPath": "/api/walls", "Application": "Crud.Api"}
Activity.TraceId:            3bc0880cd06b12938665abb4b3ecdc0c
Activity.SpanId:             c9a42a7213170168
Activity.TraceFlags:         Recorded
Activity.ActivitySourceName: Microsoft.AspNetCore
Activity.DisplayName:        GET api/Walls
Activity.Kind:               Server
Activity.StartTime:          2025-09-11T05:34:38.3236689Z
Activity.Duration:           00:00:00.0011646
Activity.Tags:
    server.address: localhost
    http.request.method: GET
    url.scheme: http
    url.path: /api/walls
    network.protocol.version: 1.1
    http.route: api/Walls
    http.response.status_code: 200
Resource associated with Activity:
    deployment.environment: Testing
    service.name: Crud.Api
    service.version: 1.0.0
    service.instance.id: 15081513-c9e4-4e0d-aac5-97a71d5ef649
    telemetry.sdk.name: opentelemetry
    telemetry.sdk.language: dotnet
    telemetry.sdk.version: 1.8.1
[05:34:38 INF] Resetting database for worker 9644 {"SourceContext": "Infrastructure.Services.DatabaseTestService", "Application": "Crud.Api"}
[05:34:38 INF] Resetting database via file deletion for worker 9644 in CI environment {"SourceContext": "Infrastructure.Services.DatabaseTestService", "Application": "Crud.Api"}
[05:34:38 INF] Acquiring database mutex for worker 9644... {"SourceContext": "Infrastructure.Services.DatabaseTestService", "Application": "Crud.Api"}
[05:34:38 INF] Database mutex acquired for worker 9644 {"SourceContext": "Infrastructure.Services.DatabaseTestService", "Application": "Crud.Api"}
[05:34:38 INF] Current database state - CanConnect: True {"SourceContext": "Infrastructure.Services.DatabaseTestService", "Application": "Crud.Api"}
[05:34:38 INF] [Phase 0] Closing database connection for worker 9644... {"SourceContext": "Infrastructure.Services.DatabaseTestService", "Application": "Crud.Api"}
[05:34:38 INF] [Phase 0] Connection closed in 0.0007ms {"SourceContext": "Infrastructure.Services.DatabaseTestService", "Application": "Crud.Api"}
[05:34:38 INF] [Phase 1] Starting EnsureDeletedAsync for worker 9644... {"SourceContext": "Infrastructure.Services.DatabaseTestService", "Application": "Crud.Api"}
[05:34:38 INF] [Phase 1] EnsureDeletedAsync completed in 1.2319ms {"SourceContext": "Infrastructure.Services.DatabaseTestService", "Application": "Crud.Api"}
[05:34:38 INF] [Phase 2] Starting EnsureCreatedAsync for worker 9644... {"SourceContext": "Infrastructure.Services.DatabaseTestService", "Application": "Crud.Api"}
[05:34:38 INF] [Phase 2] EnsureCreatedAsync completed in 8.1391ms {"SourceContext": "Infrastructure.Services.DatabaseTestService", "Application": "Crud.Api"}
[05:34:38 INF] [Phase 3] Skipping database seeding as requested for worker 9644 {"SourceContext": "Infrastructure.Services.DatabaseTestService", "Application": "Crud.Api"}
[05:34:38 INF] Database reset via file deletion completed for worker 9644 in 109.4624ms (Close: 0.0007ms, Delete: 1.2319ms, Create: 8.1391ms) {"SourceContext": "Infrastructure.Services.DatabaseTestService", "Application": "Crud.Api"}
[05:34:38 INF] Releasing database mutex for worker 9644 {"SourceContext": "Infrastructure.Services.DatabaseTestService", "Application": "Crud.Api"}
[05:34:38 INF] User registered successfully: cc326275-c8b2-4ddb-9b9a-36fc74c2b641 {"SourceContext": "App.Features.Authentication.RegisterUserCommandHandler", "ActionId": "563badef-9546-43c4-85b3-c36975cdb0b6", "ActionName": "Api.Controllers.AuthController.Register (Api)", "RequestId": "0HNFGUJ46SF3B", "RequestPath": "/api/auth/register", "Application": "Crud.Api"}
Activity.TraceId:            28b4652532a4147914fc30f1b5c0d928
Activity.SpanId:             89585ff94c46954b
Activity.TraceFlags:         Recorded
Activity.ActivitySourceName: Microsoft.AspNetCore
Activity.DisplayName:        POST api/Auth/register
Activity.Kind:               Server
Activity.StartTime:          2025-09-11T05:34:38.4375562Z
Activity.Duration:           00:00:00.2968184
Activity.Tags:
    server.address: localhost
    http.request.method: POST
    url.scheme: http
    url.path: /api/auth/register
    network.protocol.version: 1.1
    http.route: api/Auth/register
    http.response.status_code: 200
Resource associated with Activity:
    deployment.environment: Testing
    service.name: Crud.Api
    service.version: 1.0.0
    service.instance.id: 15081513-c9e4-4e0d-aac5-97a71d5ef649
    telemetry.sdk.name: opentelemetry
    telemetry.sdk.language: dotnet
    telemetry.sdk.version: 1.8.1
[05:34:39 INF] User logged in successfully: cc326275-c8b2-4ddb-9b9a-36fc74c2b641 {"SourceContext": "App.Features.Authentication.LoginCommandHandler", "ActionId": "0c73c4eb-48f9-43e2-8b32-6c5f1ebcbf73", "ActionName": "Api.Controllers.AuthController.Login (Api)", "RequestId": "0HNFGUJ46SF3C", "RequestPath": "/api/auth/login", "Application": "Crud.Api"}
Activity.TraceId:            7e0fd3a4fe83c2f37c6b0fb8b1fb2284
Activity.SpanId:             29edaa11d2192240
Activity.TraceFlags:         Recorded
Activity.ActivitySourceName: Microsoft.AspNetCore
Activity.DisplayName:        POST api/Auth/login
Activity.Kind:               Server
Activity.StartTime:          2025-09-11T05:34:38.7359503Z
Activity.Duration:           00:00:00.2960879
Activity.Tags:
    server.address: localhost
    http.request.method: POST
    url.scheme: http
    url.path: /api/auth/login
    network.protocol.version: 1.1
    http.route: api/Auth/login
    http.response.status_code: 200
Resource associated with Activity:
    deployment.environment: Testing
    service.name: Crud.Api
    service.version: 1.0.0
    service.instance.id: 15081513-c9e4-4e0d-aac5-97a71d5ef649
    telemetry.sdk.name: opentelemetry
    telemetry.sdk.language: dotnet
    telemetry.sdk.version: 1.8.1
Activity.TraceId:            3c505c572938f6650763cd89f327c722
Activity.SpanId:             6c41f7b20148b7c5
Activity.TraceFlags:         Recorded
Activity.ActivitySourceName: Microsoft.AspNetCore
Activity.DisplayName:        POST api/Walls
Activity.Kind:               Server
Activity.StartTime:          2025-09-11T05:34:39.0328786Z
Activity.Duration:           00:00:00.0006248
Activity.Tags:
    server.address: localhost
    http.request.method: POST
    url.scheme: http
    url.path: /api/walls
    network.protocol.version: 1.1
    http.route: api/Walls
    http.response.status_code: 400
Resource associated with Activity:
    deployment.environment: Testing
    service.name: Crud.Api
    service.version: 1.0.0
    service.instance.id: 15081513-c9e4-4e0d-aac5-97a71d5ef649
    telemetry.sdk.name: opentelemetry
    telemetry.sdk.language: dotnet
    telemetry.sdk.version: 1.8.1
[05:34:39 INF] User registered successfully: b7f19550-7cbc-4d8d-8f39-dec6b22beb27 {"SourceContext": "App.Features.Authentication.RegisterUserCommandHandler", "ActionId": "563badef-9546-43c4-85b3-c36975cdb0b6", "ActionName": "Api.Controllers.AuthController.Register (Api)", "RequestId": "0HNFGUJ46SF3E", "RequestPath": "/api/auth/register", "Application": "Crud.Api"}
Activity.TraceId:            c922a6c4fa68c53d640c59fc5716b5c7
Activity.SpanId:             82b9b9518973126a
Activity.TraceFlags:         Recorded
Activity.ActivitySourceName: Microsoft.AspNetCore
Activity.DisplayName:        POST api/Auth/register
Activity.Kind:               Server
Activity.StartTime:          2025-09-11T05:34:39.0359830Z
Activity.Duration:           00:00:00.2961913
Activity.Tags:
    server.address: localhost
    http.request.method: POST
    url.scheme: http
    url.path: /api/auth/register
    network.protocol.version: 1.1
    http.route: api/Auth/register
    http.response.status_code: 200
Resource associated with Activity:
    deployment.environment: Testing
    service.name: Crud.Api
    service.version: 1.0.0
    service.instance.id: 15081513-c9e4-4e0d-aac5-97a71d5ef649
    telemetry.sdk.name: opentelemetry
    telemetry.sdk.language: dotnet
    telemetry.sdk.version: 1.8.1
[05:34:39 INF] User logged in successfully: b7f19550-7cbc-4d8d-8f39-dec6b22beb27 {"SourceContext": "App.Features.Authentication.LoginCommandHandler", "ActionId": "0c73c4eb-48f9-43e2-8b32-6c5f1ebcbf73", "ActionName": "Api.Controllers.AuthController.Login (Api)", "RequestId": "0HNFGUJ46SF3F", "RequestPath": "/api/auth/login", "Application": "Crud.Api"}
Activity.TraceId:            fe90675128239dfe15321c475d8ed453
Activity.SpanId:             af83c17b13167a93
Activity.TraceFlags:         Recorded
Activity.ActivitySourceName: Microsoft.AspNetCore
Activity.DisplayName:        POST api/Auth/login
Activity.Kind:               Server
Activity.StartTime:          2025-09-11T05:34:39.3336257Z
Activity.Duration:           00:00:00.2959496
Activity.Tags:
    server.address: localhost
    http.request.method: POST
    url.scheme: http
    url.path: /api/auth/login
    network.protocol.version: 1.1
    http.route: api/Auth/login
    http.response.status_code: 200
Resource associated with Activity:
    deployment.environment: Testing
    service.name: Crud.Api
    service.version: 1.0.0
    service.instance.id: 15081513-c9e4-4e0d-aac5-97a71d5ef649
    telemetry.sdk.name: opentelemetry
    telemetry.sdk.language: dotnet
    telemetry.sdk.version: 1.8.1
[05:34:39 DBG] Removed cache value for key: entity:wall:e43cf061c21e4243912185c05069bc2b {"SourceContext": "Infrastructure.Services.Caching.InMemoryCacheService", "ActionId": "1897e9e0-af40-4d77-85d6-608c67f5e19a", "ActionName": "Api.Controllers.WallsController.Create (Api)", "RequestId": "0HNFGUJ46SF3G", "RequestPath": "/api/walls", "Application": "Crud.Api"}
[05:34:39 DBG] Removed cache value for key: list:wall {"SourceContext": "Infrastructure.Services.Caching.InMemoryCacheService", "ActionId": "1897e9e0-af40-4d77-85d6-608c67f5e19a", "ActionName": "Api.Controllers.WallsController.Create (Api)", "RequestId": "0HNFGUJ46SF3G", "RequestPath": "/api/walls", "Application": "Crud.Api"}
[05:34:39 DBG] Invalidating cache for entity type: walls with tag: walls {"SourceContext": "Api.Services.OutputCacheInvalidationService", "ActionId": "1897e9e0-af40-4d77-85d6-608c67f5e19a", "ActionName": "Api.Controllers.WallsController.Create (Api)", "RequestId": "0HNFGUJ46SF3G", "RequestPath": "/api/walls", "Application": "Crud.Api"}
[05:34:39 INF] Successfully invalidated cache for entity type: walls {"SourceContext": "Api.Services.OutputCacheInvalidationService", "ActionId": "1897e9e0-af40-4d77-85d6-608c67f5e19a", "ActionName": "Api.Controllers.WallsController.Create (Api)", "RequestId": "0HNFGUJ46SF3G", "RequestPath": "/api/walls", "Application": "Crud.Api"}
Activity.TraceId:            ef9f36f6101fe7d0e1f8557ad3414743
Activity.SpanId:             fc04d354af67fe70
Activity.TraceFlags:         Recorded
Activity.ActivitySourceName: Microsoft.AspNetCore
Activity.DisplayName:        POST api/Walls
Activity.Kind:               Server
Activity.StartTime:          2025-09-11T05:34:39.6307007Z
Activity.Duration:           00:00:00.0017544
Activity.Tags:
    server.address: localhost
    http.request.method: POST
    url.scheme: http
    url.path: /api/walls
    network.protocol.version: 1.1
    http.route: api/Walls
    http.response.status_code: 201
Resource associated with Activity:
    deployment.environment: Testing
    service.name: Crud.Api
    service.version: 1.0.0
    service.instance.id: 15081513-c9e4-4e0d-aac5-97a71d5ef649
    telemetry.sdk.name: opentelemetry
    telemetry.sdk.language: dotnet
    telemetry.sdk.version: 1.8.1
[05:34:40 INF] User registered successfully: 7a3bbdf8-561a-4ec2-9518-5c688aa465a6 {"SourceContext": "App.Features.Authentication.RegisterUserCommandHandler", "ActionId": "563badef-9546-43c4-85b3-c36975cdb0b6", "ActionName": "Api.Controllers.AuthController.Register (Api)", "RequestId": "0HNFGUJ46SF3H", "RequestPath": "/api/auth/register", "Application": "Crud.Api"}
Activity.TraceId:            17dd4bed10310a4d6f728df0833c8c95
Activity.SpanId:             d04266deea81ea42
Activity.TraceFlags:         Recorded
Activity.ActivitySourceName: Microsoft.AspNetCore
Activity.DisplayName:        POST api/Auth/register
Activity.Kind:               Server
Activity.StartTime:          2025-09-11T05:34:39.7339741Z
Activity.Duration:           00:00:00.2962941
Activity.Tags:
    server.address: localhost
    http.request.method: POST
    url.scheme: http
    url.path: /api/auth/register
    network.protocol.version: 1.1
    http.route: api/Auth/register
    http.response.status_code: 200
Resource associated with Activity:
    deployment.environment: Testing
    service.name: Crud.Api
    service.version: 1.0.0
    service.instance.id: 15081513-c9e4-4e0d-aac5-97a71d5ef649
    telemetry.sdk.name: opentelemetry
    telemetry.sdk.language: dotnet
    telemetry.sdk.version: 1.8.1
[05:34:40 INF] User logged in successfully: 7a3bbdf8-561a-4ec2-9518-5c688aa465a6 {"SourceContext": "App.Features.Authentication.LoginCommandHandler", "ActionId": "0c73c4eb-48f9-43e2-8b32-6c5f1ebcbf73", "ActionName": "Api.Controllers.AuthController.Login (Api)", "RequestId": "0HNFGUJ46SF3I", "RequestPath": "/api/auth/login", "Application": "Crud.Api"}
Activity.TraceId:            d37d3192a69487512ad9d5c8ea14a066
Activity.SpanId:             aeacfcad26788c00
Activity.TraceFlags:         Recorded
Activity.ActivitySourceName: Microsoft.AspNetCore
Activity.DisplayName:        POST api/Auth/login
Activity.Kind:               Server
Activity.StartTime:          2025-09-11T05:34:40.0312240Z
Activity.Duration:           00:00:00.2959201
Activity.Tags:
    server.address: localhost
    http.request.method: POST
    url.scheme: http
    url.path: /api/auth/login
    network.protocol.version: 1.1
    http.route: api/Auth/login
    http.response.status_code: 200
Resource associated with Activity:
    deployment.environment: Testing
    service.name: Crud.Api
    service.version: 1.0.0
    service.instance.id: 15081513-c9e4-4e0d-aac5-97a71d5ef649
    telemetry.sdk.name: opentelemetry
    telemetry.sdk.language: dotnet
    telemetry.sdk.version: 1.8.1
[05:34:40 DBG] Cache miss for key: entity:wall:e43cf061c21e4243912185c05069bc2b {"SourceContext": "Infrastructure.Services.Caching.InMemoryCacheService", "ActionId": "c2f664ef-ef51-4f68-8eec-34443d0fa747", "ActionName": "Api.Controllers.WallsController.Update (Api)", "RequestId": "0HNFGUJ46SF3J", "RequestPath": "/api/walls/e43cf061-c21e-4243-9121-85c05069bc2b", "Application": "Crud.Api"}
[05:34:40 DBG] Set cache value for key: entity:wall:e43cf061c21e4243912185c05069bc2b {"SourceContext": "Infrastructure.Services.Caching.InMemoryCacheService", "ActionId": "c2f664ef-ef51-4f68-8eec-34443d0fa747", "ActionName": "Api.Controllers.WallsController.Update (Api)", "RequestId": "0HNFGUJ46SF3J", "RequestPath": "/api/walls/e43cf061-c21e-4243-9121-85c05069bc2b", "Application": "Crud.Api"}
[05:34:40 DBG] Removed cache value for key: entity:wall:e43cf061c21e4243912185c05069bc2b {"SourceContext": "Infrastructure.Services.Caching.InMemoryCacheService", "ActionId": "c2f664ef-ef51-4f68-8eec-34443d0fa747", "ActionName": "Api.Controllers.WallsController.Update (Api)", "RequestId": "0HNFGUJ46SF3J", "RequestPath": "/api/walls/e43cf061-c21e-4243-9121-85c05069bc2b", "Application": "Crud.Api"}
[05:34:40 DBG] Removed cache value for key: list:wall {"SourceContext": "Infrastructure.Services.Caching.InMemoryCacheService", "ActionId": "c2f664ef-ef51-4f68-8eec-34443d0fa747", "ActionName": "Api.Controllers.WallsController.Update (Api)", "RequestId": "0HNFGUJ46SF3J", "RequestPath": "/api/walls/e43cf061-c21e-4243-9121-85c05069bc2b", "Application": "Crud.Api"}
[05:34:40 DBG] Invalidating cache for entity: walls/e43cf061-c21e-4243-9121-85c05069bc2b with tags: walls, walls:e43cf061-c21e-4243-9121-85c05069bc2b {"SourceContext": "Api.Services.OutputCacheInvalidationService", "ActionId": "c2f664ef-ef51-4f68-8eec-34443d0fa747", "ActionName": "Api.Controllers.WallsController.Update (Api)", "RequestId": "0HNFGUJ46SF3J", "RequestPath": "/api/walls/e43cf061-c21e-4243-9121-85c05069bc2b", "Application": "Crud.Api"}
[05:34:40 DBG] Successfully invalidated cache for tag: walls {"SourceContext": "Api.Services.OutputCacheInvalidationService", "ActionId": "c2f664ef-ef51-4f68-8eec-34443d0fa747", "ActionName": "Api.Controllers.WallsController.Update (Api)", "RequestId": "0HNFGUJ46SF3J", "RequestPath": "/api/walls/e43cf061-c21e-4243-9121-85c05069bc2b", "Application": "Crud.Api"}
[05:34:40 DBG] Successfully invalidated cache for tag: walls:e43cf061-c21e-4243-9121-85c05069bc2b {"SourceContext": "Api.Services.OutputCacheInvalidationService", "ActionId": "c2f664ef-ef51-4f68-8eec-34443d0fa747", "ActionName": "Api.Controllers.WallsController.Update (Api)", "RequestId": "0HNFGUJ46SF3J", "RequestPath": "/api/walls/e43cf061-c21e-4243-9121-85c05069bc2b", "Application": "Crud.Api"}
Activity.TraceId:            6154407e113f3676849449004630c3b1
Activity.SpanId:             22892b94cbbc4c80
Activity.TraceFlags:         Recorded
Activity.ActivitySourceName: Microsoft.AspNetCore
Activity.DisplayName:        PUT api/Walls/{id:guid}
Activity.Kind:               Server
Activity.StartTime:          2025-09-11T05:34:40.3295373Z
Activity.Duration:           00:00:00.0117593
Activity.Tags:
    server.address: localhost
    http.request.method: PUT
    url.scheme: http
    url.path: /api/walls/e43cf061-c21e-4243-9121-85c05069bc2b
    network.protocol.version: 1.1
    http.route: api/Walls/{id:guid}
    http.response.status_code: 204
Resource associated with Activity:
    deployment.environment: Testing
    service.name: Crud.Api
    service.version: 1.0.0
    service.instance.id: 15081513-c9e4-4e0d-aac5-97a71d5ef649
    telemetry.sdk.name: opentelemetry
    telemetry.sdk.language: dotnet
    telemetry.sdk.version: 1.8.1
[05:34:40 INF] User registered successfully: 52679beb-ab84-4176-8ebc-b462260bdb07 {"SourceContext": "App.Features.Authentication.RegisterUserCommandHandler", "ActionId": "563badef-9546-43c4-85b3-c36975cdb0b6", "ActionName": "Api.Controllers.AuthController.Register (Api)", "RequestId": "0HNFGUJ46SF3K", "RequestPath": "/api/auth/register", "Application": "Crud.Api"}
Activity.TraceId:            ffc8ade483ca7779680efc72b820a658
Activity.SpanId:             cdf8e0561ead7070
Activity.TraceFlags:         Recorded
Activity.ActivitySourceName: Microsoft.AspNetCore
Activity.DisplayName:        POST api/Auth/register
Activity.Kind:               Server
Activity.StartTime:          2025-09-11T05:34:40.3403623Z
Activity.Duration:           00:00:00.2960516
Activity.Tags:
    server.address: localhost
    http.request.method: POST
    url.scheme: http
    url.path: /api/auth/register
    network.protocol.version: 1.1
    http.route: api/Auth/register
    http.response.status_code: 200
Resource associated with Activity:
    deployment.environment: Testing
    service.name: Crud.Api
    service.version: 1.0.0
    service.instance.id: 15081513-c9e4-4e0d-aac5-97a71d5ef649
    telemetry.sdk.name: opentelemetry
    telemetry.sdk.language: dotnet
    telemetry.sdk.version: 1.8.1
[05:34:40 DBG] Cache miss for key: entity:wall:e43cf061c21e4243912185c05069bc2b {"SourceContext": "Infrastructure.Services.Caching.InMemoryCacheService", "ActionId": "bebae1e0-e234-4f21-ab63-e82b72422c06", "ActionName": "Api.Controllers.WallsController.Get (Api)", "RequestId": "0HNFGUJ46SF3L", "RequestPath": "/api/walls/e43cf061-c21e-4243-9121-85c05069bc2b", "Application": "Crud.Api"}
[05:34:40 DBG] Set cache value for key: entity:wall:e43cf061c21e4243912185c05069bc2b {"SourceContext": "Infrastructure.Services.Caching.InMemoryCacheService", "ActionId": "bebae1e0-e234-4f21-ab63-e82b72422c06", "ActionName": "Api.Controllers.WallsController.Get (Api)", "RequestId": "0HNFGUJ46SF3L", "RequestPath": "/api/walls/e43cf061-c21e-4243-9121-85c05069bc2b", "Application": "Crud.Api"}
Activity.TraceId:            1b3362644525f22d49978beecefdba15
Activity.SpanId:             86248a8e26337d1a
Activity.TraceFlags:         Recorded
Activity.ActivitySourceName: Microsoft.AspNetCore
Activity.DisplayName:        GET api/Walls/{id:guid}
Activity.Kind:               Server
Activity.StartTime:          2025-09-11T05:34:40.6365529Z
Activity.Duration:           00:00:00.0034979
Activity.Tags:
    server.address: localhost
    http.request.method: GET
    url.scheme: http
    url.path: /api/walls/e43cf061-c21e-4243-9121-85c05069bc2b
    network.protocol.version: 1.1
    http.route: api/Walls/{id:guid}
    http.response.status_code: 200
Resource associated with Activity:
    deployment.environment: Testing
    service.name: Crud.Api
    service.version: 1.0.0
    service.instance.id: 15081513-c9e4-4e0d-aac5-97a71d5ef649
    telemetry.sdk.name: opentelemetry
    telemetry.sdk.language: dotnet
    telemetry.sdk.version: 1.8.1
Resource associated with Metric:
    deployment.environment: Testing
    service.name: Crud.Api
    service.version: 1.0.0
    service.instance.id: 15081513-c9e4-4e0d-aac5-97a71d5ef649
    telemetry.sdk.name: opentelemetry
    telemetry.sdk.language: dotnet
    telemetry.sdk.version: 1.8.1
Metric Name: http.server.active_requests, Number of active HTTP server requests., Unit: {request}, Meter: Microsoft.AspNetCore.Hosting
(2025-09-11T05:34:30.7045570Z, 2025-09-11T05:34:40.7047189Z] http.request.method: POST url.scheme: http LongSumNonMonotonic
Value: 1
(2025-09-11T05:34:30.7045570Z, 2025-09-11T05:34:40.7047189Z] http.request.method: GET url.scheme: http LongSumNonMonotonic
Value: 0
(2025-09-11T05:34:30.7045570Z, 2025-09-11T05:34:40.7047189Z] http.request.method: DELETE url.scheme: http LongSumNonMonotonic
Value: 0
(2025-09-11T05:34:30.7045570Z, 2025-09-11T05:34:40.7047189Z] http.request.method: PUT url.scheme: http LongSumNonMonotonic
Value: 0
Metric Name: http.server.request.duration, Duration of HTTP server requests., Unit: s, Meter: Microsoft.AspNetCore.Hosting
(2025-09-11T05:34:30.7046270Z, 2025-09-11T05:34:40.7047223Z] http.request.method: POST http.response.status_code: 200 http.route: api/Auth/register network.protocol.version: 1.1 url.scheme: http Histogram
Value: Sum: 5.3604372 Count: 18 Min: 0.2959098 Max: 0.3095253 
(-Infinity,0.005]:0
(0.005,0.01]:0
(0.01,0.025]:0
(0.025,0.05]:0
(0.05,0.075]:0
(0.075,0.1]:0
(0.1,0.25]:0
(0.25,0.5]:18
(0.5,0.75]:0
(0.75,1]:0
(1,2.5]:0
(2.5,5]:0
(5,7.5]:0
(7.5,10]:0
(10,+Infinity]:0
(2025-09-11T05:34:30.7046270Z, 2025-09-11T05:34:40.7047223Z] http.request.method: POST http.response.status_code: 200 http.route: api/Auth/login network.protocol.version: 1.1 url.scheme: http Histogram
Value: Sum: 3.8643752999999994 Count: 13 Min: 0.2959093 Max: 0.3025949 
(-Infinity,0.005]:0
(0.005,0.01]:0
(0.01,0.025]:0
(0.025,0.05]:0
(0.05,0.075]:0
(0.075,0.1]:0
(0.1,0.25]:0
(0.25,0.5]:13
(0.5,0.75]:0
(0.75,1]:0
(1,2.5]:0
(2.5,5]:0
(5,7.5]:0
(7.5,10]:0
(10,+Infinity]:0
(2025-09-11T05:34:30.7046270Z, 2025-09-11T05:34:40.7047223Z] http.request.method: POST http.response.status_code: 201 http.route: api/Walls network.protocol.version: 1.1 url.scheme: http Histogram
Value: Sum: 0.035155 Count: 8 Min: 0.0017581 Max: 0.017472 
(-Infinity,0.005]:7
(0.005,0.01]:0
(0.01,0.025]:1
(0.025,0.05]:0
(0.05,0.075]:0
(0.075,0.1]:0
(0.1,0.25]:0
(0.25,0.5]:0
(0.5,0.75]:0
(0.75,1]:0
(1,2.5]:0
(2.5,5]:0
(5,7.5]:0
(7.5,10]:0
(10,+Infinity]:0
(2025-09-11T05:34:30.7046270Z, 2025-09-11T05:34:40.7047223Z] http.request.method: GET http.response.status_code: 200 http.route: api/Walls/{id:guid} network.protocol.version: 1.1 url.scheme: http Histogram
Value: Sum: 0.0168158 Count: 2 Min: 0.0034965 Max: 0.0133193 
(-Infinity,0.005]:1
(0.005,0.01]:0
(0.01,0.025]:1
(0.025,0.05]:0
(0.05,0.075]:0
(0.075,0.1]:0
(0.1,0.25]:0
(0.25,0.5]:0
(0.5,0.75]:0
(0.75,1]:0
(1,2.5]:0
(2.5,5]:0
(5,7.5]:0
(7.5,10]:0
(10,+Infinity]:0
(2025-09-11T05:34:30.7046270Z, 2025-09-11T05:34:40.7047223Z] http.request.method: GET http.response.status_code: 200 http.route: api/Walls network.protocol.version: 1.1 url.scheme: http Histogram
Value: Sum: 0.0081804 Count: 2 Min: 0.0011662 Max: 0.0070142 
(-Infinity,0.005]:1
(0.005,0.01]:1
(0.01,0.025]:0
(0.025,0.05]:0
(0.05,0.075]:0
(0.075,0.1]:0
(0.1,0.25]:0
(0.25,0.5]:0
(0.5,0.75]:0
(0.75,1]:0
(1,2.5]:0
(2.5,5]:0
(5,7.5]:0
(7.5,10]:0
(10,+Infinity]:0
(2025-09-11T05:34:30.7046270Z, 2025-09-11T05:34:40.7047223Z] http.request.method: POST http.response.status_code: 400 http.route: api/Walls network.protocol.version: 1.1 url.scheme: http Histogram
Value: Sum: 0.0027796 Count: 2 Min: 0.0006285 Max: 0.0021511 
(-Infinity,0.005]:2
(0.005,0.01]:0
(0.01,0.025]:0
(0.025,0.05]:0
(0.05,0.075]:0
(0.075,0.1]:0
(0.1,0.25]:0
(0.25,0.5]:0
(0.5,0.75]:0
(0.75,1]:0
(1,2.5]:0
(2.5,5]:0
(5,7.5]:0
(7.5,10]:0
(10,+Infinity]:0
(2025-09-11T05:34:30.7046270Z, 2025-09-11T05:34:40.7047223Z] http.request.method: DELETE http.response.status_code: 204 http.route: api/Walls/{id:guid} network.protocol.version: 1.1 url.scheme: http Histogram
Value: Sum: 0.0096002 Count: 2 Min: 0.0025665 Max: 0.0070337 
(-Infinity,0.005]:1
(0.005,0.01]:1
(0.01,0.025]:0
(0.025,0.05]:0
(0.05,0.075]:0
(0.075,0.1]:0
(0.1,0.25]:0
(0.25,0.5]:0
(0.5,0.75]:0
(0.75,1]:0
(1,2.5]:0
(2.5,5]:0
(5,7.5]:0
(7.5,10]:0
(10,+Infinity]:0
(2025-09-11T05:34:30.7046270Z, 2025-09-11T05:34:40.7047223Z] http.request.method: GET http.response.status_code: 404 http.route: api/Walls/{id:guid} network.protocol.version: 1.1 url.scheme: http Histogram
Value: Sum: 0.0036773 Count: 1 Min: 0.0036773 Max: 0.0036773 
(-Infinity,0.005]:1
(0.005,0.01]:0
(0.01,0.025]:0
(0.025,0.05]:0
(0.05,0.075]:0
(0.075,0.1]:0
(0.1,0.25]:0
(0.25,0.5]:0
(0.5,0.75]:0
(0.75,1]:0
(1,2.5]:0
(2.5,5]:0
(5,7.5]:0
(7.5,10]:0
(10,+Infinity]:0
(2025-09-11T05:34:30.7046270Z, 2025-09-11T05:34:40.7047223Z] http.request.method: PUT http.response.status_code: 204 http.route: api/Walls/{id:guid} network.protocol.version: 1.1 url.scheme: http Histogram
Value: Sum: 0.0106897 Count: 1 Min: 0.0106897 Max: 0.0106897 
(-Infinity,0.005]:0
(0.005,0.01]:0
(0.01,0.025]:1
(0.025,0.05]:0
(0.05,0.075]:0
(0.075,0.1]:0
(0.1,0.25]:0
(0.25,0.5]:0
(0.5,0.75]:0
(0.75,1]:0
(1,2.5]:0
(2.5,5]:0
(5,7.5]:0
(7.5,10]:0
(10,+Infinity]:0
Metric Name: aspnetcore.rate_limiting.active_request_leases, Number of HTTP requests that are currently active on the server that hold a rate limiting lease., Unit: {request}, Meter: Microsoft.AspNetCore.RateLimiting
(2025-09-11T05:34:30.7066976Z, 2025-09-11T05:34:40.7047228Z] LongSumNonMonotonic
Value: 1
Metric Name: aspnetcore.rate_limiting.request_lease.duration, The duration of rate limiting leases held by HTTP requests on the server., Unit: s, Meter: Microsoft.AspNetCore.RateLimiting
(2025-09-11T05:34:30.7067761Z, 2025-09-11T05:34:40.7047236Z] Histogram
Value: Sum: 9.3008375 Count: 49 Min: 0.000527 Max: 0.3092084 
(-Infinity,0.005]:13
(0.005,0.01]:2
(0.01,0.025]:3
(0.025,0.05]:0
(0.05,0.075]:0
(0.075,0.1]:0
(0.1,0.25]:0
(0.25,0.5]:31
(0.5,0.75]:0
(0.75,1]:0
(1,2.5]:0
(2.5,5]:0
(5,7.5]:0
(7.5,10]:0
(10,+Infinity]:0
Metric Name: aspnetcore.rate_limiting.requests, Number of requests that tried to acquire a rate limiting lease. Requests could be rejected by global or endpoint rate limiting policies. Or the request could be canceled while waiting for the lease., Unit: {request}, Meter: Microsoft.AspNetCore.RateLimiting
(2025-09-11T05:34:30.7069242Z, 2025-09-11T05:34:40.7047254Z] aspnetcore.rate_limiting.result: acquired LongSum
Value: 49
Metric Name: aspnetcore.routing.match_attempts, Number of requests that were attempted to be matched to an endpoint., Unit: {match_attempt}, Meter: Microsoft.AspNetCore.Routing
(2025-09-11T05:34:30.7077123Z, 2025-09-11T05:34:40.7047261Z] aspnetcore.routing.is_fallback: false aspnetcore.routing.match_status: success http.route: api/Auth/register LongSum
Value: 19
(2025-09-11T05:34:30.7077123Z, 2025-09-11T05:34:40.7047261Z] aspnetcore.routing.is_fallback: false aspnetcore.routing.match_status: success http.route: api/Auth/login LongSum
Value: 13
(2025-09-11T05:34:30.7077123Z, 2025-09-11T05:34:40.7047261Z] aspnetcore.routing.is_fallback: false aspnetcore.routing.match_status: success http.route: api/Walls LongSum
Value: 12
(2025-09-11T05:34:30.7077123Z, 2025-09-11T05:34:40.7047261Z] aspnetcore.routing.is_fallback: false aspnetcore.routing.match_status: success http.route: api/Walls/{id:guid} LongSum
Value: 6
[05:34:40 INF] User registered successfully: 9e1b9979-46be-473b-892e-7a36b1f500a2 {"SourceContext": "App.Features.Authentication.RegisterUserCommandHandler", "ActionId": "563badef-9546-43c4-85b3-c36975cdb0b6", "ActionName": "Api.Controllers.AuthController.Register (Api)", "RequestId": "0HNFGUJ46SF3M", "RequestPath": "/api/auth/register", "Application": "Crud.Api"}
Activity.TraceId:            9021aa0d80e6e15ef6f01e1869a42582
Activity.SpanId:             bfceba831949ba82
Activity.TraceFlags:         Recorded
Activity.ActivitySourceName: Microsoft.AspNetCore
Activity.DisplayName:        POST api/Auth/register
Activity.Kind:               Server
Activity.StartTime:          2025-09-11T05:34:40.6428708Z
Activity.Duration:           00:00:00.2961737
Activity.Tags:
    server.address: localhost
    http.request.method: POST
    url.scheme: http
    url.path: /api/auth/register
    network.protocol.version: 1.1
    http.route: api/Auth/register
    http.response.status_code: 200
Resource associated with Activity:
    deployment.environment: Testing
    service.name: Crud.Api
    service.version: 1.0.0
    service.instance.id: 15081513-c9e4-4e0d-aac5-97a71d5ef649
    telemetry.sdk.name: opentelemetry
    telemetry.sdk.language: dotnet
    telemetry.sdk.version: 1.8.1
[05:34:41 INF] User logged in successfully: 9e1b9979-46be-473b-892e-7a36b1f500a2 {"SourceContext": "App.Features.Authentication.LoginCommandHandler", "ActionId": "0c73c4eb-48f9-43e2-8b32-6c5f1ebcbf73", "ActionName": "Api.Controllers.AuthController.Login (Api)", "RequestId": "0HNFGUJ46SF3N", "RequestPath": "/api/auth/login", "Application": "Crud.Api"}
Activity.TraceId:            961d5488d7c28762b2db88a4fb56da14
Activity.SpanId:             44feabd7ce839a1c
Activity.TraceFlags:         Recorded
Activity.ActivitySourceName: Microsoft.AspNetCore
Activity.DisplayName:        POST api/Auth/login
Activity.Kind:               Server
Activity.StartTime:          2025-09-11T05:34:40.9405694Z
Activity.Duration:           00:00:00.2961877
Activity.Tags:
    server.address: localhost
    http.request.method: POST
    url.scheme: http
    url.path: /api/auth/login
    network.protocol.version: 1.1
    http.route: api/Auth/login
    http.response.status_code: 200
Resource associated with Activity:
    deployment.environment: Testing
    service.name: Crud.Api
    service.version: 1.0.0
    service.instance.id: 15081513-c9e4-4e0d-aac5-97a71d5ef649
    telemetry.sdk.name: opentelemetry
    telemetry.sdk.language: dotnet
    telemetry.sdk.version: 1.8.1
[05:34:41 DBG] Removed cache value for key: entity:wall:74ae9a74d6854574bf097f3312413aa9 {"SourceContext": "Infrastructure.Services.Caching.InMemoryCacheService", "ActionId": "1897e9e0-af40-4d77-85d6-608c67f5e19a", "ActionName": "Api.Controllers.WallsController.Create (Api)", "RequestId": "0HNFGUJ46SF3O", "RequestPath": "/api/walls", "Application": "Crud.Api"}
[05:34:41 DBG] Removed cache value for key: list:wall {"SourceContext": "Infrastructure.Services.Caching.InMemoryCacheService", "ActionId": "1897e9e0-af40-4d77-85d6-608c67f5e19a", "ActionName": "Api.Controllers.WallsController.Create (Api)", "RequestId": "0HNFGUJ46SF3O", "RequestPath": "/api/walls", "Application": "Crud.Api"}
[05:34:41 DBG] Invalidating cache for entity type: walls with tag: walls {"SourceContext": "Api.Services.OutputCacheInvalidationService", "ActionId": "1897e9e0-af40-4d77-85d6-608c67f5e19a", "ActionName": "Api.Controllers.WallsController.Create (Api)", "RequestId": "0HNFGUJ46SF3O", "RequestPath": "/api/walls", "Application": "Crud.Api"}
[05:34:41 INF] Successfully invalidated cache for entity type: walls {"SourceContext": "Api.Services.OutputCacheInvalidationService", "ActionId": "1897e9e0-af40-4d77-85d6-608c67f5e19a", "ActionName": "Api.Controllers.WallsController.Create (Api)", "RequestId": "0HNFGUJ46SF3O", "RequestPath": "/api/walls", "Application": "Crud.Api"}
Activity.TraceId:            3269021375a4f6dbb8cad4baecff1c88
Activity.SpanId:             d6b79f423fe94820
Activity.TraceFlags:         Recorded
Activity.ActivitySourceName: Microsoft.AspNetCore
Activity.DisplayName:        POST api/Walls
Activity.Kind:               Server
Activity.StartTime:          2025-09-11T05:34:41.2375905Z
Activity.Duration:           00:00:00.0019989
Activity.Tags:
    server.address: localhost
    http.request.method: POST
    url.scheme: http
    url.path: /api/walls
    network.protocol.version: 1.1
    http.route: api/Walls
    http.response.status_code: 201
Resource associated with Activity:
    deployment.environment: Testing
    service.name: Crud.Api
    service.version: 1.0.0
    service.instance.id: 15081513-c9e4-4e0d-aac5-97a71d5ef649
    telemetry.sdk.name: opentelemetry
    telemetry.sdk.language: dotnet
    telemetry.sdk.version: 1.8.1
[05:34:41 INF] User registered successfully: 7f3ae60b-7b1c-4e3f-9979-2983222b9be2 {"SourceContext": "App.Features.Authentication.RegisterUserCommandHandler", "ActionId": "563badef-9546-43c4-85b3-c36975cdb0b6", "ActionName": "Api.Controllers.AuthController.Register (Api)", "RequestId": "0HNFGUJ46SF3P", "RequestPath": "/api/auth/register", "Application": "Crud.Api"}
Activity.TraceId:            66478ea7596e9ab1c54c2b8914e0326a
Activity.SpanId:             a3bf3757602054e9
Activity.TraceFlags:         Recorded
Activity.ActivitySourceName: Microsoft.AspNetCore
Activity.DisplayName:        POST api/Auth/register
Activity.Kind:               Server
Activity.StartTime:          2025-09-11T05:34:41.2406350Z
Activity.Duration:           00:00:00.2955466
Activity.Tags:
    server.address: localhost
    http.request.method: POST
    url.scheme: http
    url.path: /api/auth/register
    network.protocol.version: 1.1
    http.route: api/Auth/register
    http.response.status_code: 200
Resource associated with Activity:
    deployment.environment: Testing
    service.name: Crud.Api
    service.version: 1.0.0
    service.instance.id: 15081513-c9e4-4e0d-aac5-97a71d5ef649
    telemetry.sdk.name: opentelemetry
    telemetry.sdk.language: dotnet
    telemetry.sdk.version: 1.8.1
[05:34:41 INF] User logged in successfully: 7f3ae60b-7b1c-4e3f-9979-2983222b9be2 {"SourceContext": "App.Features.Authentication.LoginCommandHandler", "ActionId": "0c73c4eb-48f9-43e2-8b32-6c5f1ebcbf73", "ActionName": "Api.Controllers.AuthController.Login (Api)", "RequestId": "0HNFGUJ46SF3Q", "RequestPath": "/api/auth/login", "Application": "Crud.Api"}
Activity.TraceId:            2fc89ac433ea424b7a9706c01324dfdb
Activity.SpanId:             c01a632075a54f5e
Activity.TraceFlags:         Recorded
Activity.ActivitySourceName: Microsoft.AspNetCore
Activity.DisplayName:        POST api/Auth/login
Activity.Kind:               Server
Activity.StartTime:          2025-09-11T05:34:41.5371245Z
Activity.Duration:           00:00:00.2956818
Activity.Tags:
    server.address: localhost
    http.request.method: POST
    url.scheme: http
    url.path: /api/auth/login
    network.protocol.version: 1.1
    http.route: api/Auth/login
    http.response.status_code: 200
Resource associated with Activity:
    deployment.environment: Testing
    service.name: Crud.Api
    service.version: 1.0.0
    service.instance.id: 15081513-c9e4-4e0d-aac5-97a71d5ef649
    telemetry.sdk.name: opentelemetry
    telemetry.sdk.language: dotnet
    telemetry.sdk.version: 1.8.1
[05:34:41 DBG] Cache miss for key: entity:wall:74ae9a74d6854574bf097f3312413aa9 {"SourceContext": "Infrastructure.Services.Caching.InMemoryCacheService", "ActionId": "c2f664ef-ef51-4f68-8eec-34443d0fa747", "ActionName": "Api.Controllers.WallsController.Update (Api)", "RequestId": "0HNFGUJ46SF3R", "RequestPath": "/api/walls/74ae9a74-d685-4574-bf09-7f3312413aa9", "Application": "Crud.Api"}
[05:34:41 DBG] Set cache value for key: entity:wall:74ae9a74d6854574bf097f3312413aa9 {"SourceContext": "Infrastructure.Services.Caching.InMemoryCacheService", "ActionId": "c2f664ef-ef51-4f68-8eec-34443d0fa747", "ActionName": "Api.Controllers.WallsController.Update (Api)", "RequestId": "0HNFGUJ46SF3R", "RequestPath": "/api/walls/74ae9a74-d685-4574-bf09-7f3312413aa9", "Application": "Crud.Api"}
[05:34:41 DBG] Removed cache value for key: entity:wall:74ae9a74d6854574bf097f3312413aa9 {"SourceContext": "Infrastructure.Services.Caching.InMemoryCacheService", "ActionId": "c2f664ef-ef51-4f68-8eec-34443d0fa747", "ActionName": "Api.Controllers.WallsController.Update (Api)", "RequestId": "0HNFGUJ46SF3R", "RequestPath": "/api/walls/74ae9a74-d685-4574-bf09-7f3312413aa9", "Application": "Crud.Api"}
[05:34:41 DBG] Removed cache value for key: list:wall {"SourceContext": "Infrastructure.Services.Caching.InMemoryCacheService", "ActionId": "c2f664ef-ef51-4f68-8eec-34443d0fa747", "ActionName": "Api.Controllers.WallsController.Update (Api)", "RequestId": "0HNFGUJ46SF3R", "RequestPath": "/api/walls/74ae9a74-d685-4574-bf09-7f3312413aa9", "Application": "Crud.Api"}
[05:34:41 DBG] Invalidating cache for entity: walls/74ae9a74-d685-4574-bf09-7f3312413aa9 with tags: walls, walls:74ae9a74-d685-4574-bf09-7f3312413aa9 {"SourceContext": "Api.Services.OutputCacheInvalidationService", "ActionId": "c2f664ef-ef51-4f68-8eec-34443d0fa747", "ActionName": "Api.Controllers.WallsController.Update (Api)", "RequestId": "0HNFGUJ46SF3R", "RequestPath": "/api/walls/74ae9a74-d685-4574-bf09-7f3312413aa9", "Application": "Crud.Api"}
[05:34:41 DBG] Successfully invalidated cache for tag: walls {"SourceContext": "Api.Services.OutputCacheInvalidationService", "ActionId": "c2f664ef-ef51-4f68-8eec-34443d0fa747", "ActionName": "Api.Controllers.WallsController.Update (Api)", "RequestId": "0HNFGUJ46SF3R", "RequestPath": "/api/walls/74ae9a74-d685-4574-bf09-7f3312413aa9", "Application": "Crud.Api"}
[05:34:41 DBG] Successfully invalidated cache for tag: walls:74ae9a74-d685-4574-bf09-7f3312413aa9 {"SourceContext": "Api.Services.OutputCacheInvalidationService", "ActionId": "c2f664ef-ef51-4f68-8eec-34443d0fa747", "ActionName": "Api.Controllers.WallsController.Update (Api)", "RequestId": "0HNFGUJ46SF3R", "RequestPath": "/api/walls/74ae9a74-d685-4574-bf09-7f3312413aa9", "Application": "Crud.Api"}
Activity.TraceId:            333a62779651d841bf4b88266356140b
Activity.SpanId:             fe12d22831be7de7
Activity.TraceFlags:         Recorded
Activity.ActivitySourceName: Microsoft.AspNetCore
Activity.DisplayName:        PUT api/Walls/{id:guid}
Activity.Kind:               Server
Activity.StartTime:          2025-09-11T05:34:41.8330432Z
Activity.Duration:           00:00:00.0029678
Activity.Tags:
    server.address: localhost
    http.request.method: PUT
    url.scheme: http
    url.path: /api/walls/74ae9a74-d685-4574-bf09-7f3312413aa9
    network.protocol.version: 1.1
    http.route: api/Walls/{id:guid}
    http.response.status_code: 204
Resource associated with Activity:
    deployment.environment: Testing
    service.name: Crud.Api
    service.version: 1.0.0
    service.instance.id: 15081513-c9e4-4e0d-aac5-97a71d5ef649
    telemetry.sdk.name: opentelemetry
    telemetry.sdk.language: dotnet
    telemetry.sdk.version: 1.8.1
[05:34:42 INF] User registered successfully: 92354699-b13d-433c-88ea-a51de5200fd9 {"SourceContext": "App.Features.Authentication.RegisterUserCommandHandler", "ActionId": "563badef-9546-43c4-85b3-c36975cdb0b6", "ActionName": "Api.Controllers.AuthController.Register (Api)", "RequestId": "0HNFGUJ46SF3S", "RequestPath": "/api/auth/register", "Application": "Crud.Api"}
Activity.TraceId:            7c8e7be557657420e3512f8004a4493d
Activity.SpanId:             52209a8a1d70f802
Activity.TraceFlags:         Recorded
Activity.ActivitySourceName: Microsoft.AspNetCore
Activity.DisplayName:        POST api/Auth/register
Activity.Kind:               Server
Activity.StartTime:          2025-09-11T05:34:41.8362230Z
Activity.Duration:           00:00:00.2962281
Activity.Tags:
    server.address: localhost
    http.request.method: POST
    url.scheme: http
    url.path: /api/auth/register
    network.protocol.version: 1.1
    http.route: api/Auth/register
    http.response.status_code: 200
Resource associated with Activity:
    deployment.environment: Testing
    service.name: Crud.Api
    service.version: 1.0.0
    service.instance.id: 15081513-c9e4-4e0d-aac5-97a71d5ef649
    telemetry.sdk.name: opentelemetry
    telemetry.sdk.language: dotnet
    telemetry.sdk.version: 1.8.1
[05:34:42 DBG] Cache miss for key: entity:wall:74ae9a74d6854574bf097f3312413aa9 {"SourceContext": "Infrastructure.Services.Caching.InMemoryCacheService", "ActionId": "bebae1e0-e234-4f21-ab63-e82b72422c06", "ActionName": "Api.Controllers.WallsController.Get (Api)", "RequestId": "0HNFGUJ46SF3T", "RequestPath": "/api/walls/74ae9a74-d685-4574-bf09-7f3312413aa9", "Application": "Crud.Api"}
[05:34:42 DBG] Set cache value for key: entity:wall:74ae9a74d6854574bf097f3312413aa9 {"SourceContext": "Infrastructure.Services.Caching.InMemoryCacheService", "ActionId": "bebae1e0-e234-4f21-ab63-e82b72422c06", "ActionName": "Api.Controllers.WallsController.Get (Api)", "RequestId": "0HNFGUJ46SF3T", "RequestPath": "/api/walls/74ae9a74-d685-4574-bf09-7f3312413aa9", "Application": "Crud.Api"}
Activity.TraceId:            f47e63d51ee4c76943be6c33c2f1e898
Activity.SpanId:             f79fef6222671793
Activity.TraceFlags:         Recorded
Activity.ActivitySourceName: Microsoft.AspNetCore
Activity.DisplayName:        GET api/Walls/{id:guid}
Activity.Kind:               Server
Activity.StartTime:          2025-09-11T05:34:42.1326148Z
Activity.Duration:           00:00:00.0014377
Activity.Tags:
    server.address: localhost
    http.request.method: GET
    url.scheme: http
    url.path: /api/walls/74ae9a74-d685-4574-bf09-7f3312413aa9
    network.protocol.version: 1.1
    http.route: api/Walls/{id:guid}
    http.response.status_code: 200
Resource associated with Activity:
    deployment.environment: Testing
    service.name: Crud.Api
    service.version: 1.0.0
    service.instance.id: 15081513-c9e4-4e0d-aac5-97a71d5ef649
    telemetry.sdk.name: opentelemetry
    telemetry.sdk.language: dotnet
    telemetry.sdk.version: 1.8.1
[05:34:42 INF] User registered successfully: 15f91165-4823-468e-87ab-4ba2bb4a1656 {"SourceContext": "App.Features.Authentication.RegisterUserCommandHandler", "ActionId": "563badef-9546-43c4-85b3-c36975cdb0b6", "ActionName": "Api.Controllers.AuthController.Register (Api)", "RequestId": "0HNFGUJ46SF3U", "RequestPath": "/api/auth/register", "Application": "Crud.Api"}
Activity.TraceId:            790d0ccd07099c173280865703d20229
Activity.SpanId:             fd39e9117f172e4e
Activity.TraceFlags:         Recorded
Activity.ActivitySourceName: Microsoft.AspNetCore
Activity.DisplayName:        POST api/Auth/register
Activity.Kind:               Server
Activity.StartTime:          2025-09-11T05:34:42.1363353Z
Activity.Duration:           00:00:00.2960139
Activity.Tags:
    server.address: localhost
    http.request.method: POST
    url.scheme: http
    url.path: /api/auth/register
    network.protocol.version: 1.1
    http.route: api/Auth/register
    http.response.status_code: 200
Resource associated with Activity:
    deployment.environment: Testing
    service.name: Crud.Api
    service.version: 1.0.0
    service.instance.id: 15081513-c9e4-4e0d-aac5-97a71d5ef649
    telemetry.sdk.name: opentelemetry
    telemetry.sdk.language: dotnet
    telemetry.sdk.version: 1.8.1
[05:34:42 DBG] Cache miss for key: entity:wall:aebf8720f87d40dc89040a325ea32315 {"SourceContext": "Infrastructure.Services.Caching.InMemoryCacheService", "ActionId": "bebae1e0-e234-4f21-ab63-e82b72422c06", "ActionName": "Api.Controllers.WallsController.Get (Api)", "RequestId": "0HNFGUJ46SF3V", "RequestPath": "/api/walls/aebf8720-f87d-40dc-8904-0a325ea32315", "Application": "Crud.Api"}
Activity.TraceId:            b7fa01977b4c638516d0b3dc98f04322
Activity.SpanId:             52b9cab5d88a85c3
Activity.TraceFlags:         Recorded
Activity.ActivitySourceName: Microsoft.AspNetCore
Activity.DisplayName:        GET api/Walls/{id:guid}
Activity.Kind:               Server
Activity.StartTime:          2025-09-11T05:34:42.4335293Z
Activity.Duration:           00:00:00.0012213
Activity.Tags:
    server.address: localhost
    http.request.method: GET
    url.scheme: http
    url.path: /api/walls/aebf8720-f87d-40dc-8904-0a325ea32315
    network.protocol.version: 1.1
    http.route: api/Walls/{id:guid}
    http.response.status_code: 404
Resource associated with Activity:
    deployment.environment: Testing
    service.name: Crud.Api
    service.version: 1.0.0
    service.instance.id: 15081513-c9e4-4e0d-aac5-97a71d5ef649
    telemetry.sdk.name: opentelemetry
    telemetry.sdk.language: dotnet
    telemetry.sdk.version: 1.8.1
[05:34:42 INF] User registered successfully: 5d3a90ec-0c32-4fcb-8014-9069ca082d1c {"SourceContext": "App.Features.Authentication.RegisterUserCommandHandler", "ActionId": "563badef-9546-43c4-85b3-c36975cdb0b6", "ActionName": "Api.Controllers.AuthController.Register (Api)", "RequestId": "0HNFGUJ46SF40", "RequestPath": "/api/auth/register", "Application": "Crud.Api"}
Activity.TraceId:            72fb9338972b224eb37f95fc6343fa36
Activity.SpanId:             e0f1a60272596e06
Activity.TraceFlags:         Recorded
Activity.ActivitySourceName: Microsoft.AspNetCore
Activity.DisplayName:        POST api/Auth/register
Activity.Kind:               Server
Activity.StartTime:          2025-09-11T05:34:42.4367551Z
Activity.Duration:           00:00:00.2958248
Activity.Tags:
    server.address: localhost
    http.request.method: POST
    url.scheme: http
    url.path: /api/auth/register
    network.protocol.version: 1.1
    http.route: api/Auth/register
    http.response.status_code: 200
Resource associated with Activity:
    deployment.environment: Testing
    service.name: Crud.Api
    service.version: 1.0.0
    service.instance.id: 15081513-c9e4-4e0d-aac5-97a71d5ef649
    telemetry.sdk.name: opentelemetry
    telemetry.sdk.language: dotnet
    telemetry.sdk.version: 1.8.1
[05:34:43 INF] User logged in successfully: 5d3a90ec-0c32-4fcb-8014-9069ca082d1c {"SourceContext": "App.Features.Authentication.LoginCommandHandler", "ActionId": "0c73c4eb-48f9-43e2-8b32-6c5f1ebcbf73", "ActionName": "Api.Controllers.AuthController.Login (Api)", "RequestId": "0HNFGUJ46SF41", "RequestPath": "/api/auth/login", "Application": "Crud.Api"}
Activity.TraceId:            142b196427b965eda4f3ce36888728fe
Activity.SpanId:             c249e540a115b2be
Activity.TraceFlags:         Recorded
Activity.ActivitySourceName: Microsoft.AspNetCore
Activity.DisplayName:        POST api/Auth/login
Activity.Kind:               Server
Activity.StartTime:          2025-09-11T05:34:42.7342659Z
Activity.Duration:           00:00:00.2958916
Activity.Tags:
    server.address: localhost
    http.request.method: POST
    url.scheme: http
    url.path: /api/auth/login
    network.protocol.version: 1.1
    http.route: api/Auth/login
    http.response.status_code: 200
Resource associated with Activity:
    deployment.environment: Testing
    service.name: Crud.Api
    service.version: 1.0.0
    service.instance.id: 15081513-c9e4-4e0d-aac5-97a71d5ef649
    telemetry.sdk.name: opentelemetry
    telemetry.sdk.language: dotnet
    telemetry.sdk.version: 1.8.1
[05:34:43 DBG] Cache miss for key: entity:wall:57ce8163c01443bb860961f0d4734948 {"SourceContext": "Infrastructure.Services.Caching.InMemoryCacheService", "ActionId": "c2f664ef-ef51-4f68-8eec-34443d0fa747", "ActionName": "Api.Controllers.WallsController.Update (Api)", "RequestId": "0HNFGUJ46SF42", "RequestPath": "/api/walls/57ce8163-c014-43bb-8609-61f0d4734948", "Application": "Crud.Api"}
[05:34:43 ERR] An unhandled exception occurred during request PUT /api/walls/57ce8163-c014-43bb-8609-61f0d4734948. Request ID: 0HNFGUJ46SF42, User: Anonymous {"SourceContext": "Api.Middleware.GlobalExceptionHandlingMiddleware", "RequestPath": "/api/walls/57ce8163-c014-43bb-8609-61f0d4734948", "Application": "Crud.Api"}
System.Collections.Generic.KeyNotFoundException: Wall 57ce8163-c014-43bb-8609-61f0d4734948 not found
   at App.Features.Walls.UpdateWallCommandHandler.Handle(UpdateWallCommand request, CancellationToken cancellationToken) in /home/runner/work/Crud/Crud/src/App/Features/Walls/CommandHandlers.cs:line 34
   at MediatR.Wrappers.RequestHandlerWrapperImpl`1.&lt;&gt;c__DisplayClass1_0.&lt;&lt;Handle&gt;g__Handler|0&gt;d.MoveNext()
--- End of stack trace from previous location ---
   at Api.Controllers.WallsController.Update(Guid id, UpdateWallRequest request, CancellationToken ct) in /home/runner/work/Crud/Crud/src/Api/Controllers/WallsController.cs:line 67
   at Microsoft.AspNetCore.Mvc.Infrastructure.ActionMethodExecutor.TaskOfIActionResultExecutor.Execute(ActionContext actionContext, IActionResultTypeMapper mapper, ObjectMethodExecutor executor, Object controller, Object[] arguments)
   at Microsoft.AspNetCore.Mvc.Infrastructure.ControllerActionInvoker.&lt;InvokeActionMethodAsync&gt;g__Logged|12_1(ControllerActionInvoker invoker)
   at Microsoft.AspNetCore.Mvc.Infrastructure.ControllerActionInvoker.&lt;InvokeNextActionFilterAsync&gt;g__Awaited|10_0(ControllerActionInvoker invoker, Task lastTask, State next, Scope scope, Object state, Boolean isCompleted)
   at Microsoft.AspNetCore.Mvc.Infrastructure.ControllerActionInvoker.Rethrow(ActionExecutedContextSealed context)
   at Microsoft.AspNetCore.Mvc.Infrastructure.ControllerActionInvoker.Next(State&amp; next, Scope&amp; scope, Object&amp; state, Boolean&amp; isCompleted)
   at Microsoft.AspNetCore.Mvc.Infrastructure.ControllerActionInvoker.InvokeInnerFilterAsync()
--- End of stack trace from previous location ---
   at Microsoft.AspNetCore.Mvc.Infrastructure.ResourceInvoker.&lt;InvokeFilterPipelineAsync&gt;g__Awaited|20_0(ResourceInvoker invoker, Task lastTask, State next, Scope scope, Object state, Boolean isCompleted)
   at Microsoft.AspNetCore.Mvc.Infrastructure.ResourceInvoker.&lt;InvokeAsync&gt;g__Logged|17_1(ResourceInvoker invoker)
   at Microsoft.AspNetCore.Mvc.Infrastructure.ResourceInvoker.&lt;InvokeAsync&gt;g__Logged|17_1(ResourceInvoker invoker)
   at Microsoft.AspNetCore.Authorization.AuthorizationMiddleware.Invoke(HttpContext context)
   at Microsoft.AspNetCore.Authentication.AuthenticationMiddleware.Invoke(HttpContext context)
   at Microsoft.AspNetCore.RateLimiting.RateLimitingMiddleware.InvokeInternal(HttpContext context, EnableRateLimitingAttribute enableRateLimitingAttribute)
   at Api.Middleware.GlobalExceptionHandlingMiddleware.InvokeAsync(HttpContext context) in /home/runner/work/Crud/Crud/src/Api/Middleware/GlobalExceptionHandlingMiddleware.cs:line 27
Activity.TraceId:            bec11ec63ddcff6bb34e47b1f260c4d2
Activity.SpanId:             aee4c37627fd4375
Activity.TraceFlags:         Recorded
Activity.ActivitySourceName: Microsoft.AspNetCore
Activity.DisplayName:        PUT api/Walls/{id:guid}
Activity.Kind:               Server
Activity.StartTime:          2025-09-11T05:34:43.0310230Z
Activity.Duration:           00:00:00.0031856
Activity.Tags:
    server.address: localhost
    http.request.method: PUT
    url.scheme: http
    url.path: /api/walls/57ce8163-c014-43bb-8609-61f0d4734948
    network.protocol.version: 1.1
    http.route: api/Walls/{id:guid}
    http.response.status_code: 404
Resource associated with Activity:
    deployment.environment: Testing
    service.name: Crud.Api
    service.version: 1.0.0
    service.instance.id: 15081513-c9e4-4e0d-aac5-97a71d5ef649
    telemetry.sdk.name: opentelemetry
    telemetry.sdk.language: dotnet
    telemetry.sdk.version: 1.8.1
Metric Name: http.server.active_requests, Number of active HTTP server requests., Unit: {request}, Meter: Microsoft.AspNetCore.Hosting
(2025-09-11T05:34:30.7045570Z, 2025-09-11T05:34:43.0361097Z] http.request.method: POST url.scheme: http LongSumNonMonotonic
Value: 0
(2025-09-11T05:34:30.7045570Z, 2025-09-11T05:34:43.0361097Z] http.request.method: GET url.scheme: http LongSumNonMonotonic
Value: 0
(2025-09-11T05:34:30.7045570Z, 2025-09-11T05:34:43.0361097Z] http.request.method: DELETE url.scheme: http LongSumNonMonotonic
Value: 0
(2025-09-11T05:34:30.7045570Z, 2025-09-11T05:34:43.0361097Z] http.request.method: PUT url.scheme: http LongSumNonMonotonic
Value: 0
Metric Name: http.server.request.duration, Duration of HTTP server requests., Unit: s, Meter: Microsoft.AspNetCore.Hosting
(2025-09-11T05:34:30.7046270Z, 2025-09-11T05:34:43.0361130Z] http.request.method: POST http.response.status_code: 200 http.route: api/Auth/register network.protocol.version: 1.1 url.scheme: http Histogram
Value: Sum: 6.840163 Count: 23 Min: 0.2955362 Max: 0.3095253 
(-Infinity,0.005]:0
(0.005,0.01]:0
(0.01,0.025]:0
(0.025,0.05]:0
(0.05,0.075]:0
(0.075,0.1]:0
(0.1,0.25]:0
(0.25,0.5]:23
(0.5,0.75]:0
(0.75,1]:0
(1,2.5]:0
(2.5,5]:0
(5,7.5]:0
(7.5,10]:0
(10,+Infinity]:0
(2025-09-11T05:34:30.7046270Z, 2025-09-11T05:34:43.0361130Z] http.request.method: POST http.response.status_code: 200 http.route: api/Auth/login network.protocol.version: 1.1 url.scheme: http Histogram
Value: Sum: 4.752111899999999 Count: 16 Min: 0.2956716 Max: 0.3025949 
(-Infinity,0.005]:0
(0.005,0.01]:0
(0.01,0.025]:0
(0.025,0.05]:0
(0.05,0.075]:0
(0.075,0.1]:0
(0.1,0.25]:0
(0.25,0.5]:16
(0.5,0.75]:0
(0.75,1]:0
(1,2.5]:0
(2.5,5]:0
(5,7.5]:0
(7.5,10]:0
(10,+Infinity]:0
(2025-09-11T05:34:30.7046270Z, 2025-09-11T05:34:43.0361130Z] http.request.method: POST http.response.status_code: 201 http.route: api/Walls network.protocol.version: 1.1 url.scheme: http Histogram
Value: Sum: 0.0371573 Count: 9 Min: 0.0017581 Max: 0.017472 
(-Infinity,0.005]:8
(0.005,0.01]:0
(0.01,0.025]:1
(0.025,0.05]:0
(0.05,0.075]:0
(0.075,0.1]:0
(0.1,0.25]:0
(0.25,0.5]:0
(0.5,0.75]:0
(0.75,1]:0
(1,2.5]:0
(2.5,5]:0
(5,7.5]:0
(7.5,10]:0
(10,+Infinity]:0
(2025-09-11T05:34:30.7046270Z, 2025-09-11T05:34:43.0361130Z] http.request.method: GET http.response.status_code: 200 http.route: api/Walls/{id:guid} network.protocol.version: 1.1 url.scheme: http Histogram
Value: Sum: 0.0182553 Count: 3 Min: 0.0014395 Max: 0.0133193 
(-Infinity,0.005]:2
(0.005,0.01]:0
(0.01,0.025]:1
(0.025,0.05]:0
(0.05,0.075]:0
(0.075,0.1]:0
(0.1,0.25]:0
(0.25,0.5]:0
(0.5,0.75]:0
(0.75,1]:0
(1,2.5]:0
(2.5,5]:0
(5,7.5]:0
(7.5,10]:0
(10,+Infinity]:0
(2025-09-11T05:34:30.7046270Z, 2025-09-11T05:34:43.0361130Z] http.request.method: GET http.response.status_code: 200 http.route: api/Walls network.protocol.version: 1.1 url.scheme: http Histogram
Value: Sum: 0.0081804 Count: 2 Min: 0.0011662 Max: 0.0070142 
(-Infinity,0.005]:1
(0.005,0.01]:1
(0.01,0.025]:0
(0.025,0.05]:0
(0.05,0.075]:0
(0.075,0.1]:0
(0.1,0.25]:0
(0.25,0.5]:0
(0.5,0.75]:0
(0.75,1]:0
(1,2.5]:0
(2.5,5]:0
(5,7.5]:0
(7.5,10]:0
(10,+Infinity]:0
(2025-09-11T05:34:30.7046270Z, 2025-09-11T05:34:43.0361130Z] http.request.method: POST http.response.status_code: 400 http.route: api/Walls network.protocol.version: 1.1 url.scheme: http Histogram
Value: Sum: 0.0027796 Count: 2 Min: 0.0006285 Max: 0.0021511 
(-Infinity,0.005]:2
(0.005,0.01]:0
(0.01,0.025]:0
(0.025,0.05]:0
(0.05,0.075]:0
(0.075,0.1]:0
(0.1,0.25]:0
(0.25,0.5]:0
(0.5,0.75]:0
(0.75,1]:0
(1,2.5]:0
(2.5,5]:0
(5,7.5]:0
(7.5,10]:0
(10,+Infinity]:0
(2025-09-11T05:34:30.7046270Z, 2025-09-11T05:34:43.0361130Z] http.request.method: DELETE http.response.status_code: 204 http.route: api/Walls/{id:guid} network.protocol.version: 1.1 url.scheme: http Histogram
Value: Sum: 0.0096002 Count: 2 Min: 0.0025665 Max: 0.0070337 
(-Infinity,0.005]:1
(0.005,0.01]:1
(0.01,0.025]:0
(0.025,0.05]:0
(0.05,0.075]:0
(0.075,0.1]:0
(0.1,0.25]:0
(0.25,0.5]:0
(0.5,0.75]:0
(0.75,1]:0
(1,2.5]:0
(2.5,5]:0
(5,7.5]:0
(7.5,10]:0
(10,+Infinity]:0
(2025-09-11T05:34:30.7046270Z, 2025-09-11T05:34:43.0361130Z] http.request.method: GET http.response.status_code: 404 http.route: api/Walls/{id:guid} network.protocol.version: 1.1 url.scheme: http Histogram
Value: Sum: 0.0049028000000000006 Count: 2 Min: 0.0012255 Max: 0.0036773 
(-Infinity,0.005]:2
(0.005,0.01]:0
(0.01,0.025]:0
(0.025,0.05]:0
(0.05,0.075]:0
(0.075,0.1]:0
(0.1,0.25]:0
(0.25,0.5]:0
(0.5,0.75]:0
(0.75,1]:0
(1,2.5]:0
(2.5,5]:0
(5,7.5]:0
(7.5,10]:0
(10,+Infinity]:0
(2025-09-11T05:34:30.7046270Z, 2025-09-11T05:34:43.0361130Z] http.request.method: PUT http.response.status_code: 204 http.route: api/Walls/{id:guid} network.protocol.version: 1.1 url.scheme: http Histogram
Value: Sum: 0.013659600000000001 Count: 2 Min: 0.0029699 Max: 0.0106897 
(-Infinity,0.005]:1
(0.005,0.01]:0
(0.01,0.025]:1
(0.025,0.05]:0
(0.05,0.075]:0
(0.075,0.1]:0
(0.1,0.25]:0
(0.25,0.5]:0
(0.5,0.75]:0
(0.75,1]:0
(1,2.5]:0
(2.5,5]:0
(5,7.5]:0
(7.5,10]:0
(10,+Infinity]:0
(2025-09-11T05:34:30.7046270Z, 2025-09-11T05:34:43.0361130Z] http.request.method: PUT http.response.status_code: 404 http.route: api/Walls/{id:guid} network.protocol.version: 1.1 url.scheme: http Histogram
Value: Sum: 0.0031791 Count: 1 Min: 0.0031791 Max: 0.0031791 
(-Infinity,0.005]:1
(0.005,0.01]:0
(0.01,0.025]:0
(0.025,0.05]:0
(0.05,0.075]:0
(0.075,0.1]:0
(0.1,0.25]:0
(0.25,0.5]:0
(0.5,0.75]:0
(0.75,1]:0
(1,2.5]:0
(2.5,5]:0
(5,7.5]:0
(7.5,10]:0
(10,+Infinity]:0
Metric Name: aspnetcore.rate_limiting.active_request_leases, Number of HTTP requests that are currently active on the server that hold a rate limiting lease., Unit: {request}, Meter: Microsoft.AspNetCore.RateLimiting
(2025-09-11T05:34:30.7066976Z, 2025-09-11T05:34:43.0361133Z] LongSumNonMonotonic
Value: 0
Metric Name: aspnetcore.rate_limiting.request_lease.duration, The duration of rate limiting leases held by HTTP requests on the server., Unit: s, Meter: Microsoft.AspNetCore.RateLimiting
(2025-09-11T05:34:30.7067761Z, 2025-09-11T05:34:43.0361136Z] Histogram
Value: Sum: 11.675498200000002 Count: 62 Min: 0.000527 Max: 0.3092084 
(-Infinity,0.005]:18
(0.005,0.01]:2
(0.01,0.025]:3
(0.025,0.05]:0
(0.05,0.075]:0
(0.075,0.1]:0
(0.1,0.25]:0
(0.25,0.5]:39
(0.5,0.75]:0
(0.75,1]:0
(1,2.5]:0
(2.5,5]:0
(5,7.5]:0
(7.5,10]:0
(10,+Infinity]:0
Metric Name: aspnetcore.rate_limiting.requests, Number of requests that tried to acquire a rate limiting lease. Requests could be rejected by global or endpoint rate limiting policies. Or the request could be canceled while waiting for the lease., Unit: {request}, Meter: Microsoft.AspNetCore.RateLimiting
(2025-09-11T05:34:30.7069242Z, 2025-09-11T05:34:43.0361146Z] aspnetcore.rate_limiting.result: acquired LongSum
Value: 62
Metric Name: aspnetcore.routing.match_attempts, Number of requests that were attempted to be matched to an endpoint., Unit: {match_attempt}, Meter: Microsoft.AspNetCore.Routing
(2025-09-11T05:34:30.7077123Z, 2025-09-11T05:34:43.0361151Z] aspnetcore.routing.is_fallback: false aspnetcore.routing.match_status: success http.route: api/Auth/register LongSum
Value: 23
(2025-09-11T05:34:30.7077123Z, 2025-09-11T05:34:43.0361151Z] aspnetcore.routing.is_fallback: false aspnetcore.routing.match_status: success http.route: api/Auth/login LongSum
Value: 16
(2025-09-11T05:34:30.7077123Z, 2025-09-11T05:34:43.0361151Z] aspnetcore.routing.is_fallback: false aspnetcore.routing.match_status: success http.route: api/Walls LongSum
Value: 13
(2025-09-11T05:34:30.7077123Z, 2025-09-11T05:34:43.0361151Z] aspnetcore.routing.is_fallback: false aspnetcore.routing.match_status: success http.route: api/Walls/{id:guid} LongSum
Value: 10
[05:34:43 INF] Starting Crud API application {"Application": "Crud.Api"}
[05:34:43 INF] Using SQLite provider with connection: Data Source=TestDatabase.db {"Application": "Crud.Api"}
[05:34:43 INF] Database ensured successfully {"Application": "Crud.Api"}
[05:34:43 INF] Application configured successfully. Starting web host... {"Application": "Crud.Api"}
[05:34:43 INF] Resetting database for worker 7856 {"SourceContext": "Infrastructure.Services.DatabaseTestService", "Application": "Crud.Api"}
[05:34:43 INF] Resetting database via file deletion for worker 7856 in CI environment {"SourceContext": "Infrastructure.Services.DatabaseTestService", "Application": "Crud.Api"}
[05:34:43 INF] Acquiring database mutex for worker 7856... {"SourceContext": "Infrastructure.Services.DatabaseTestService", "Application": "Crud.Api"}
[05:34:43 INF] Database mutex acquired for worker 7856 {"SourceContext": "Infrastructure.Services.DatabaseTestService", "Application": "Crud.Api"}
[05:34:43 INF] Current database state - CanConnect: True {"SourceContext": "Infrastructure.Services.DatabaseTestService", "Application": "Crud.Api"}
[05:34:43 INF] [Phase 0] Closing database connection for worker 7856... {"SourceContext": "Infrastructure.Services.DatabaseTestService", "Application": "Crud.Api"}
[05:34:43 INF] [Phase 0] Connection closed in 0.0006ms {"SourceContext": "Infrastructure.Services.DatabaseTestService", "Application": "Crud.Api"}
[05:34:43 INF] [Phase 1] Starting EnsureDeletedAsync for worker 7856... {"SourceContext": "Infrastructure.Services.DatabaseTestService", "Application": "Crud.Api"}
[05:34:43 INF] [Phase 1] EnsureDeletedAsync completed in 1.5822ms {"SourceContext": "Infrastructure.Services.DatabaseTestService", "Application": "Crud.Api"}
[05:34:43 INF] [Phase 2] Starting EnsureCreatedAsync for worker 7856... {"SourceContext": "Infrastructure.Services.DatabaseTestService", "Application": "Crud.Api"}
[05:34:43 INF] [Phase 2] EnsureCreatedAsync completed in 8.807ms {"SourceContext": "Infrastructure.Services.DatabaseTestService", "Application": "Crud.Api"}
[05:34:43 INF] [Phase 3] Skipping database seeding as requested for worker 7856 {"SourceContext": "Infrastructure.Services.DatabaseTestService", "Application": "Crud.Api"}
[05:34:43 INF] Database reset via file deletion completed for worker 7856 in 111.3852ms (Close: 0.0006ms, Delete: 1.5822ms, Create: 8.807ms) {"SourceContext": "Infrastructure.Services.DatabaseTestService", "Application": "Crud.Api"}
[05:34:43 INF] Releasing database mutex for worker 7856 {"SourceContext": "Infrastructure.Services.DatabaseTestService", "Application": "Crud.Api"}
[05:34:43 WRN] Failed to determine the https port for redirect. {"EventId": {"Id": 3, "Name": "FailedToDeterminePort"}, "SourceContext": "Microsoft.AspNetCore.HttpsPolicy.HttpsRedirectionMiddleware", "RequestId": "0HNFGUJ46SF43", "RequestPath": "/api/auth/register", "Application": "Crud.Api"}
[05:34:43 INF] User registered successfully: 2f56bdc6-f5b5-4a9d-9d7e-58efca622f8d {"SourceContext": "App.Features.Authentication.RegisterUserCommandHandler", "ActionId": "963efbb3-8213-4b58-ad66-73d4673fb143", "ActionName": "Api.Controllers.AuthController.Register (Api)", "RequestId": "0HNFGUJ46SF43", "RequestPath": "/api/auth/register", "Application": "Crud.Api"}
Activity.TraceId:            8e440c018655d68d4617842875aac4ba
Activity.SpanId:             3c95db5ef8887d72
Activity.TraceFlags:         Recorded
Activity.ActivitySourceName: Microsoft.AspNetCore
Activity.DisplayName:        POST api/Auth/register
Activity.Kind:               Server
Activity.StartTime:          2025-09-11T05:34:43.1880246Z
Activity.Duration:           00:00:00.3023967
Activity.Tags:
    server.address: localhost
    http.request.method: POST
    url.scheme: http
    url.path: /api/auth/register
    network.protocol.version: 1.1
    http.route: api/Auth/register
    http.response.status_code: 200
Resource associated with Activity:
    deployment.environment: Testing
    service.name: Crud.Api
    service.version: 1.0.0
    service.instance.id: 15081513-c9e4-4e0d-aac5-97a71d5ef649
    telemetry.sdk.name: opentelemetry
    telemetry.sdk.language: dotnet
    telemetry.sdk.version: 1.8.1
[05:34:43 INF] User logged in successfully: 2f56bdc6-f5b5-4a9d-9d7e-58efca622f8d {"SourceContext": "App.Features.Authentication.LoginCommandHandler", "ActionId": "2eaac732-a67c-4fa7-9fd6-52778530d538", "ActionName": "Api.Controllers.AuthController.Login (Api)", "RequestId": "0HNFGUJ46SF44", "RequestPath": "/api/auth/login", "Application": "Crud.Api"}
Activity.TraceId:            25cc524c2c66aadfe315a178fd88ef24
Activity.SpanId:             d17dbbbad18c08a0
Activity.TraceFlags:         Recorded
Activity.ActivitySourceName: Microsoft.AspNetCore
Activity.DisplayName:        POST api/Auth/login
Activity.Kind:               Server
Activity.StartTime:          2025-09-11T05:34:43.4925336Z
Activity.Duration:           00:00:00.3024484
Activity.Tags:
    server.address: localhost
    http.request.method: POST
    url.scheme: http
    url.path: /api/auth/login
    network.protocol.version: 1.1
    http.route: api/Auth/login
    http.response.status_code: 200
Resource associated with Activity:
    deployment.environment: Testing
    service.name: Crud.Api
    service.version: 1.0.0
    service.instance.id: 15081513-c9e4-4e0d-aac5-97a71d5ef649
    telemetry.sdk.name: opentelemetry
    telemetry.sdk.language: dotnet
    telemetry.sdk.version: 1.8.1
[05:34:43 DBG] Cache miss for key: name:role:admin {"SourceContext": "Infrastructure.Services.Caching.InMemoryCacheService", "ActionId": "bae4951e-b9b8-45d7-ae11-1f08e7bf2bca", "ActionName": "Api.Controllers.RolesController.Create (Api)", "RequestId": "0HNFGUJ46SF45", "RequestPath": "/api/roles", "Application": "Crud.Api"}
[05:34:43 DBG] Removed cache value for key: entity:role:8403bcf340964550bcb1dfa545f510fb {"SourceContext": "Infrastructure.Services.Caching.InMemoryCacheService", "ActionId": "bae4951e-b9b8-45d7-ae11-1f08e7bf2bca", "ActionName": "Api.Controllers.RolesController.Create (Api)", "RequestId": "0HNFGUJ46SF45", "RequestPath": "/api/roles", "Application": "Crud.Api"}
[05:34:43 DBG] Removed cache value for key: list:role {"SourceContext": "Infrastructure.Services.Caching.InMemoryCacheService", "ActionId": "bae4951e-b9b8-45d7-ae11-1f08e7bf2bca", "ActionName": "Api.Controllers.RolesController.Create (Api)", "RequestId": "0HNFGUJ46SF45", "RequestPath": "/api/roles", "Application": "Crud.Api"}
[05:34:43 DBG] Invalidating cache for entity type: roles with tag: roles {"SourceContext": "Api.Services.OutputCacheInvalidationService", "ActionId": "bae4951e-b9b8-45d7-ae11-1f08e7bf2bca", "ActionName": "Api.Controllers.RolesController.Create (Api)", "RequestId": "0HNFGUJ46SF45", "RequestPath": "/api/roles", "Application": "Crud.Api"}
[05:34:43 INF] Successfully invalidated cache for entity type: roles {"SourceContext": "Api.Services.OutputCacheInvalidationService", "ActionId": "bae4951e-b9b8-45d7-ae11-1f08e7bf2bca", "ActionName": "Api.Controllers.RolesController.Create (Api)", "RequestId": "0HNFGUJ46SF45", "RequestPath": "/api/roles", "Application": "Crud.Api"}
Activity.TraceId:            0d4b700ca4af7031c1e381d9de2ca044
Activity.SpanId:             ead5c61bf07d1e05
Activity.TraceFlags:         Recorded
Activity.ActivitySourceName: Microsoft.AspNetCore
Activity.DisplayName:        POST api/Roles
Activity.Kind:               Server
Activity.StartTime:          2025-09-11T05:34:43.7957592Z
Activity.Duration:           00:00:00.0107380
Activity.Tags:
    server.address: localhost
    http.request.method: POST
    url.scheme: http
    url.path: /api/roles
    network.protocol.version: 1.1
    http.route: api/Roles
    http.response.status_code: 201
Resource associated with Activity:
    deployment.environment: Testing
    service.name: Crud.Api
    service.version: 1.0.0
    service.instance.id: 15081513-c9e4-4e0d-aac5-97a71d5ef649
    telemetry.sdk.name: opentelemetry
    telemetry.sdk.language: dotnet
    telemetry.sdk.version: 1.8.1
[05:34:43 DBG] Cache miss for key: name:role:user {"SourceContext": "Infrastructure.Services.Caching.InMemoryCacheService", "ActionId": "bae4951e-b9b8-45d7-ae11-1f08e7bf2bca", "ActionName": "Api.Controllers.RolesController.Create (Api)", "RequestId": "0HNFGUJ46SF46", "RequestPath": "/api/roles", "Application": "Crud.Api"}
[05:34:43 DBG] Removed cache value for key: entity:role:78fed5aeefeb48349c82ff3a7f39cbfd {"SourceContext": "Infrastructure.Services.Caching.InMemoryCacheService", "ActionId": "bae4951e-b9b8-45d7-ae11-1f08e7bf2bca", "ActionName": "Api.Controllers.RolesController.Create (Api)", "RequestId": "0HNFGUJ46SF46", "RequestPath": "/api/roles", "Application": "Crud.Api"}
[05:34:43 DBG] Removed cache value for key: list:role {"SourceContext": "Infrastructure.Services.Caching.InMemoryCacheService", "ActionId": "bae4951e-b9b8-45d7-ae11-1f08e7bf2bca", "ActionName": "Api.Controllers.RolesController.Create (Api)", "RequestId": "0HNFGUJ46SF46", "RequestPath": "/api/roles", "Application": "Crud.Api"}
[05:34:43 DBG] Invalidating cache for entity type: roles with tag: roles {"SourceContext": "Api.Services.OutputCacheInvalidationService", "ActionId": "bae4951e-b9b8-45d7-ae11-1f08e7bf2bca", "ActionName": "Api.Controllers.RolesController.Create (Api)", "RequestId": "0HNFGUJ46SF46", "RequestPath": "/api/roles", "Application": "Crud.Api"}
[05:34:43 INF] Successfully invalidated cache for entity type: roles {"SourceContext": "Api.Services.OutputCacheInvalidationService", "ActionId": "bae4951e-b9b8-45d7-ae11-1f08e7bf2bca", "ActionName": "Api.Controllers.RolesController.Create (Api)", "RequestId": "0HNFGUJ46SF46", "RequestPath": "/api/roles", "Application": "Crud.Api"}
Activity.TraceId:            ca86fc024a4211babf696bb01dbbfd3d
Activity.SpanId:             b668f3b3acdfae99
Activity.TraceFlags:         Recorded
Activity.ActivitySourceName: Microsoft.AspNetCore
Activity.DisplayName:        POST api/Roles
Activity.Kind:               Server
Activity.StartTime:          2025-09-11T05:34:43.8068081Z
Activity.Duration:           00:00:00.0017060
Activity.Tags:
    server.address: localhost
    http.request.method: POST
    url.scheme: http
    url.path: /api/roles
    network.protocol.version: 1.1
    http.route: api/Roles
    http.response.status_code: 201
Resource associated with Activity:
    deployment.environment: Testing
    service.name: Crud.Api
    service.version: 1.0.0
    service.instance.id: 15081513-c9e4-4e0d-aac5-97a71d5ef649
    telemetry.sdk.name: opentelemetry
    telemetry.sdk.language: dotnet
    telemetry.sdk.version: 1.8.1
[05:34:43 DBG] Cache miss for key: entity:role:8403bcf340964550bcb1dfa545f510fb {"SourceContext": "Infrastructure.Services.Caching.InMemoryCacheService", "ActionId": "fd24274c-fdc9-4f53-979a-5c69e458637c", "ActionName": "Api.Controllers.PeopleController.Create (Api)", "RequestId": "0HNFGUJ46SF47", "RequestPath": "/api/people", "Application": "Crud.Api"}
[05:34:43 DBG] Set cache value for key: entity:role:8403bcf340964550bcb1dfa545f510fb {"SourceContext": "Infrastructure.Services.Caching.InMemoryCacheService", "ActionId": "fd24274c-fdc9-4f53-979a-5c69e458637c", "ActionName": "Api.Controllers.PeopleController.Create (Api)", "RequestId": "0HNFGUJ46SF47", "RequestPath": "/api/people", "Application": "Crud.Api"}
[05:34:43 DBG] Cache miss for key: entity:role:78fed5aeefeb48349c82ff3a7f39cbfd {"SourceContext": "Infrastructure.Services.Caching.InMemoryCacheService", "ActionId": "fd24274c-fdc9-4f53-979a-5c69e458637c", "ActionName": "Api.Controllers.PeopleController.Create (Api)", "RequestId": "0HNFGUJ46SF47", "RequestPath": "/api/people", "Application": "Crud.Api"}
[05:34:43 DBG] Set cache value for key: entity:role:78fed5aeefeb48349c82ff3a7f39cbfd {"SourceContext": "Infrastructure.Services.Caching.InMemoryCacheService", "ActionId": "fd24274c-fdc9-4f53-979a-5c69e458637c", "ActionName": "Api.Controllers.PeopleController.Create (Api)", "RequestId": "0HNFGUJ46SF47", "RequestPath": "/api/people", "Application": "Crud.Api"}
[05:34:43 DBG] Removed cache value for key: entity:person:640302f2bf0943b19d3c80a19b0c0014 {"SourceContext": "Infrastructure.Services.Caching.InMemoryCacheService", "ActionId": "fd24274c-fdc9-4f53-979a-5c69e458637c", "ActionName": "Api.Controllers.PeopleController.Create (Api)", "RequestId": "0HNFGUJ46SF47", "RequestPath": "/api/people", "Application": "Crud.Api"}
[05:34:43 DBG] Removed cache value for key: list:person {"SourceContext": "Infrastructure.Services.Caching.InMemoryCacheService", "ActionId": "fd24274c-fdc9-4f53-979a-5c69e458637c", "ActionName": "Api.Controllers.PeopleController.Create (Api)", "RequestId": "0HNFGUJ46SF47", "RequestPath": "/api/people", "Application": "Crud.Api"}
[05:34:43 DBG] Invalidating cache for entity type: people with tag: people {"SourceContext": "Api.Services.OutputCacheInvalidationService", "ActionId": "fd24274c-fdc9-4f53-979a-5c69e458637c", "ActionName": "Api.Controllers.PeopleController.Create (Api)", "RequestId": "0HNFGUJ46SF47", "RequestPath": "/api/people", "Application": "Crud.Api"}
[05:34:43 INF] Successfully invalidated cache for entity type: people {"SourceContext": "Api.Services.OutputCacheInvalidationService", "ActionId": "fd24274c-fdc9-4f53-979a-5c69e458637c", "ActionName": "Api.Controllers.PeopleController.Create (Api)", "RequestId": "0HNFGUJ46SF47", "RequestPath": "/api/people", "Application": "Crud.Api"}
Activity.TraceId:            297df74119e5c252ea2359561e378fc2
Activity.SpanId:             e4f52453d0472157
Activity.TraceFlags:         Recorded
Activity.ActivitySourceName: Microsoft.AspNetCore
Activity.DisplayName:        POST api/People
Activity.Kind:               Server
Activity.StartTime:          2025-09-11T05:34:43.8097812Z
Activity.Duration:           00:00:00.0326468
Activity.Tags:
    server.address: localhost
    http.request.method: POST
    url.scheme: http
    url.path: /api/people
    network.protocol.version: 1.1
    http.route: api/People
    http.response.status_code: 201
Resource associated with Activity:
    deployment.environment: Testing
    service.name: Crud.Api
    service.version: 1.0.0
    service.instance.id: 15081513-c9e4-4e0d-aac5-97a71d5ef649
    telemetry.sdk.name: opentelemetry
    telemetry.sdk.language: dotnet
    telemetry.sdk.version: 1.8.1
[05:34:43 INF] Resetting database for worker 7856 {"SourceContext": "Infrastructure.Services.DatabaseTestService", "Application": "Crud.Api"}
[05:34:43 INF] Resetting database via file deletion for worker 7856 in CI environment {"SourceContext": "Infrastructure.Services.DatabaseTestService", "Application": "Crud.Api"}
[05:34:43 INF] Acquiring database mutex for worker 7856... {"SourceContext": "Infrastructure.Services.DatabaseTestService", "Application": "Crud.Api"}
[05:34:43 INF] Database mutex acquired for worker 7856 {"SourceContext": "Infrastructure.Services.DatabaseTestService", "Application": "Crud.Api"}
[05:34:43 INF] Current database state - CanConnect: True {"SourceContext": "Infrastructure.Services.DatabaseTestService", "Application": "Crud.Api"}
[05:34:43 INF] [Phase 0] Closing database connection for worker 7856... {"SourceContext": "Infrastructure.Services.DatabaseTestService", "Application": "Crud.Api"}
[05:34:43 INF] [Phase 0] Connection closed in 0.0005ms {"SourceContext": "Infrastructure.Services.DatabaseTestService", "Application": "Crud.Api"}
[05:34:43 INF] [Phase 1] Starting EnsureDeletedAsync for worker 7856... {"SourceContext": "Infrastructure.Services.DatabaseTestService", "Application": "Crud.Api"}
[05:34:43 INF] [Phase 1] EnsureDeletedAsync completed in 2.3735ms {"SourceContext": "Infrastructure.Services.DatabaseTestService", "Application": "Crud.Api"}
[05:34:43 INF] [Phase 2] Starting EnsureCreatedAsync for worker 7856... {"SourceContext": "Infrastructure.Services.DatabaseTestService", "Application": "Crud.Api"}
[05:34:43 INF] [Phase 2] EnsureCreatedAsync completed in 8.3642ms {"SourceContext": "Infrastructure.Services.DatabaseTestService", "Application": "Crud.Api"}
[05:34:43 INF] [Phase 3] Skipping database seeding as requested for worker 7856 {"SourceContext": "Infrastructure.Services.DatabaseTestService", "Application": "Crud.Api"}
[05:34:43 INF] Database reset via file deletion completed for worker 7856 in 112.0608ms (Close: 0.0005ms, Delete: 2.3735ms, Create: 8.3642ms) {"SourceContext": "Infrastructure.Services.DatabaseTestService", "Application": "Crud.Api"}
[05:34:43 INF] Releasing database mutex for worker 7856 {"SourceContext": "Infrastructure.Services.DatabaseTestService", "Application": "Crud.Api"}
[05:34:43 INF] Resetting database for worker 7856 {"SourceContext": "Infrastructure.Services.DatabaseTestService", "Application": "Crud.Api"}
[05:34:43 INF] Resetting database via file deletion for worker 7856 in CI environment {"SourceContext": "Infrastructure.Services.DatabaseTestService", "Application": "Crud.Api"}
[05:34:43 INF] Acquiring database mutex for worker 7856... {"SourceContext": "Infrastructure.Services.DatabaseTestService", "Application": "Crud.Api"}
[05:34:43 INF] Database mutex acquired for worker 7856 {"SourceContext": "Infrastructure.Services.DatabaseTestService", "Application": "Crud.Api"}
[05:34:43 INF] Current database state - CanConnect: True {"SourceContext": "Infrastructure.Services.DatabaseTestService", "Application": "Crud.Api"}
[05:34:43 INF] [Phase 0] Closing database connection for worker 7856... {"SourceContext": "Infrastructure.Services.DatabaseTestService", "Application": "Crud.Api"}
[05:34:43 INF] [Phase 0] Connection closed in 0.0005ms {"SourceContext": "Infrastructure.Services.DatabaseTestService", "Application": "Crud.Api"}
[05:34:43 INF] [Phase 1] Starting EnsureDeletedAsync for worker 7856... {"SourceContext": "Infrastructure.Services.DatabaseTestService", "Application": "Crud.Api"}
[05:34:43 INF] [Phase 1] EnsureDeletedAsync completed in 1.317ms {"SourceContext": "Infrastructure.Services.DatabaseTestService", "Application": "Crud.Api"}
[05:34:44 INF] [Phase 2] Starting EnsureCreatedAsync for worker 7856... {"SourceContext": "Infrastructure.Services.DatabaseTestService", "Application": "Crud.Api"}
[05:34:44 INF] [Phase 2] EnsureCreatedAsync completed in 15.7478ms {"SourceContext": "Infrastructure.Services.DatabaseTestService", "Application": "Crud.Api"}
[05:34:44 INF] [Phase 3] Skipping database seeding as requested for worker 7856 {"SourceContext": "Infrastructure.Services.DatabaseTestService", "Application": "Crud.Api"}
[05:34:44 INF] Database reset via file deletion completed for worker 7856 in 118.1162ms (Close: 0.0005ms, Delete: 1.317ms, Create: 15.7478ms) {"SourceContext": "Infrastructure.Services.DatabaseTestService", "Application": "Crud.Api"}
[05:34:44 INF] Releasing database mutex for worker 7856 {"SourceContext": "Infrastructure.Services.DatabaseTestService", "Application": "Crud.Api"}
[05:34:44 INF] User registered successfully: 6c7de624-caac-472c-bfb0-223fb3439e4e {"SourceContext": "App.Features.Authentication.RegisterUserCommandHandler", "ActionId": "963efbb3-8213-4b58-ad66-73d4673fb143", "ActionName": "Api.Controllers.AuthController.Register (Api)", "RequestId": "0HNFGUJ46SF48", "RequestPath": "/api/auth/register", "Application": "Crud.Api"}
Activity.TraceId:            96997a4f3773647302ab64a4316ba05c
Activity.SpanId:             001d6fc6665d5ff2
Activity.TraceFlags:         Recorded
Activity.ActivitySourceName: Microsoft.AspNetCore
Activity.DisplayName:        POST api/Auth/register
Activity.Kind:               Server
Activity.StartTime:          2025-09-11T05:34:44.0794290Z
Activity.Duration:           00:00:00.2966145
Activity.Tags:
    server.address: localhost
    http.request.method: POST
    url.scheme: http
    url.path: /api/auth/register
    network.protocol.version: 1.1
    http.route: api/Auth/register
    http.response.status_code: 200
Resource associated with Activity:
    deployment.environment: Testing
    service.name: Crud.Api
    service.version: 1.0.0
    service.instance.id: 15081513-c9e4-4e0d-aac5-97a71d5ef649
    telemetry.sdk.name: opentelemetry
    telemetry.sdk.language: dotnet
    telemetry.sdk.version: 1.8.1
[05:34:44 INF] User logged in successfully: 6c7de624-caac-472c-bfb0-223fb3439e4e {"SourceContext": "App.Features.Authentication.LoginCommandHandler", "ActionId": "2eaac732-a67c-4fa7-9fd6-52778530d538", "ActionName": "Api.Controllers.AuthController.Login (Api)", "RequestId": "0HNFGUJ46SF49", "RequestPath": "/api/auth/login", "Application": "Crud.Api"}
Activity.TraceId:            0d0fd44dc700f9b8d3bb364b0f20211c
Activity.SpanId:             f517061cb626b4f4
Activity.TraceFlags:         Recorded
Activity.ActivitySourceName: Microsoft.AspNetCore
Activity.DisplayName:        POST api/Auth/login
Activity.Kind:               Server
Activity.StartTime:          2025-09-11T05:34:44.3770449Z
Activity.Duration:           00:00:00.2962345
Activity.Tags:
    server.address: localhost
    http.request.method: POST
    url.scheme: http
    url.path: /api/auth/login
    network.protocol.version: 1.1
    http.route: api/Auth/login
    http.response.status_code: 200
Resource associated with Activity:
    deployment.environment: Testing
    service.name: Crud.Api
    service.version: 1.0.0
    service.instance.id: 15081513-c9e4-4e0d-aac5-97a71d5ef649
    telemetry.sdk.name: opentelemetry
    telemetry.sdk.language: dotnet
    telemetry.sdk.version: 1.8.1
[05:34:44 DBG] Removed cache value for key: entity:person:848cd6d837744ddc8ad1542b8d9fce12 {"SourceContext": "Infrastructure.Services.Caching.InMemoryCacheService", "ActionId": "fd24274c-fdc9-4f53-979a-5c69e458637c", "ActionName": "Api.Controllers.PeopleController.Create (Api)", "RequestId": "0HNFGUJ46SF4A", "RequestPath": "/api/people", "Application": "Crud.Api"}
[05:34:44 DBG] Removed cache value for key: list:person {"SourceContext": "Infrastructure.Services.Caching.InMemoryCacheService", "ActionId": "fd24274c-fdc9-4f53-979a-5c69e458637c", "ActionName": "Api.Controllers.PeopleController.Create (Api)", "RequestId": "0HNFGUJ46SF4A", "RequestPath": "/api/people", "Application": "Crud.Api"}
[05:34:44 DBG] Invalidating cache for entity type: people with tag: people {"SourceContext": "Api.Services.OutputCacheInvalidationService", "ActionId": "fd24274c-fdc9-4f53-979a-5c69e458637c", "ActionName": "Api.Controllers.PeopleController.Create (Api)", "RequestId": "0HNFGUJ46SF4A", "RequestPath": "/api/people", "Application": "Crud.Api"}
[05:34:44 INF] Successfully invalidated cache for entity type: people {"SourceContext": "Api.Services.OutputCacheInvalidationService", "ActionId": "fd24274c-fdc9-4f53-979a-5c69e458637c", "ActionName": "Api.Controllers.PeopleController.Create (Api)", "RequestId": "0HNFGUJ46SF4A", "RequestPath": "/api/people", "Application": "Crud.Api"}
Activity.TraceId:            7db04adcfe9656da96f76d7cae161b08
Activity.SpanId:             05ec6771c1551b68
Activity.TraceFlags:         Recorded
Activity.ActivitySourceName: Microsoft.AspNetCore
Activity.DisplayName:        POST api/People
Activity.Kind:               Server
Activity.StartTime:          2025-09-11T05:34:44.6741152Z
Activity.Duration:           00:00:00.0018562
Activity.Tags:
    server.address: localhost
    http.request.method: POST
    url.scheme: http
    url.path: /api/people
    network.protocol.version: 1.1
    http.route: api/People
    http.response.status_code: 201
Resource associated with Activity:
    deployment.environment: Testing
    service.name: Crud.Api
    service.version: 1.0.0
    service.instance.id: 15081513-c9e4-4e0d-aac5-97a71d5ef649
    telemetry.sdk.name: opentelemetry
    telemetry.sdk.language: dotnet
    telemetry.sdk.version: 1.8.1
[05:34:44 INF] Resetting database for worker 7856 {"SourceContext": "Infrastructure.Services.DatabaseTestService", "Application": "Crud.Api"}
[05:34:44 INF] Resetting database via file deletion for worker 7856 in CI environment {"SourceContext": "Infrastructure.Services.DatabaseTestService", "Application": "Crud.Api"}
[05:34:44 INF] Acquiring database mutex for worker 7856... {"SourceContext": "Infrastructure.Services.DatabaseTestService", "Application": "Crud.Api"}
[05:34:44 INF] Database mutex acquired for worker 7856 {"SourceContext": "Infrastructure.Services.DatabaseTestService", "Application": "Crud.Api"}
[05:34:44 INF] Current database state - CanConnect: True {"SourceContext": "Infrastructure.Services.DatabaseTestService", "Application": "Crud.Api"}
[05:34:44 INF] [Phase 0] Closing database connection for worker 7856... {"SourceContext": "Infrastructure.Services.DatabaseTestService", "Application": "Crud.Api"}
[05:34:44 INF] [Phase 0] Connection closed in 0.0006ms {"SourceContext": "Infrastructure.Services.DatabaseTestService", "Application": "Crud.Api"}
[05:34:44 INF] [Phase 1] Starting EnsureDeletedAsync for worker 7856... {"SourceContext": "Infrastructure.Services.DatabaseTestService", "Application": "Crud.Api"}
[05:34:44 INF] [Phase 1] EnsureDeletedAsync completed in 1.3994ms {"SourceContext": "Infrastructure.Services.DatabaseTestService", "Application": "Crud.Api"}
[05:34:44 INF] [Phase 2] Starting EnsureCreatedAsync for worker 7856... {"SourceContext": "Infrastructure.Services.DatabaseTestService", "Application": "Crud.Api"}
[05:34:44 INF] [Phase 2] EnsureCreatedAsync completed in 7.6902ms {"SourceContext": "Infrastructure.Services.DatabaseTestService", "Application": "Crud.Api"}
[05:34:44 INF] [Phase 3] Skipping database seeding as requested for worker 7856 {"SourceContext": "Infrastructure.Services.DatabaseTestService", "Application": "Crud.Api"}
[05:34:44 INF] Database reset via file deletion completed for worker 7856 in 109.0944ms (Close: 0.0006ms, Delete: 1.3994ms, Create: 7.6902ms) {"SourceContext": "Infrastructure.Services.DatabaseTestService", "Application": "Crud.Api"}
[05:34:44 INF] Releasing database mutex for worker 7856 {"SourceContext": "Infrastructure.Services.DatabaseTestService", "Application": "Crud.Api"}
[05:34:44 INF] Resetting database for worker 7856 {"SourceContext": "Infrastructure.Services.DatabaseTestService", "Application": "Crud.Api"}
[05:34:44 INF] Resetting database via file deletion for worker 7856 in CI environment {"SourceContext": "Infrastructure.Services.DatabaseTestService", "Application": "Crud.Api"}
[05:34:44 INF] Acquiring database mutex for worker 7856... {"SourceContext": "Infrastructure.Services.DatabaseTestService", "Application": "Crud.Api"}
[05:34:44 INF] Database mutex acquired for worker 7856 {"SourceContext": "Infrastructure.Services.DatabaseTestService", "Application": "Crud.Api"}
[05:34:44 INF] Current database state - CanConnect: True {"SourceContext": "Infrastructure.Services.DatabaseTestService", "Application": "Crud.Api"}
[05:34:44 INF] [Phase 0] Closing database connection for worker 7856... {"SourceContext": "Infrastructure.Services.DatabaseTestService", "Application": "Crud.Api"}
[05:34:44 INF] [Phase 0] Connection closed in 0.0006ms {"SourceContext": "Infrastructure.Services.DatabaseTestService", "Application": "Crud.Api"}
[05:34:44 INF] [Phase 1] Starting EnsureDeletedAsync for worker 7856... {"SourceContext": "Infrastructure.Services.DatabaseTestService", "Application": "Crud.Api"}
[05:34:44 INF] [Phase 1] EnsureDeletedAsync completed in 1.3943ms {"SourceContext": "Infrastructure.Services.DatabaseTestService", "Application": "Crud.Api"}
[05:34:44 INF] [Phase 2] Starting EnsureCreatedAsync for worker 7856... {"SourceContext": "Infrastructure.Services.DatabaseTestService", "Application": "Crud.Api"}
[05:34:44 INF] [Phase 2] EnsureCreatedAsync completed in 7.7009ms {"SourceContext": "Infrastructure.Services.DatabaseTestService", "Application": "Crud.Api"}
[05:34:44 INF] [Phase 3] Skipping database seeding as requested for worker 7856 {"SourceContext": "Infrastructure.Services.DatabaseTestService", "Application": "Crud.Api"}
[05:34:44 INF] Database reset via file deletion completed for worker 7856 in 110.6341ms (Close: 0.0006ms, Delete: 1.3943ms, Create: 7.7009ms) {"SourceContext": "Infrastructure.Services.DatabaseTestService", "Application": "Crud.Api"}
[05:34:44 INF] Releasing database mutex for worker 7856 {"SourceContext": "Infrastructure.Services.DatabaseTestService", "Application": "Crud.Api"}
[05:34:45 INF] User registered successfully: 5d137e44-24f4-4108-a06e-31986417809e {"SourceContext": "App.Features.Authentication.RegisterUserCommandHandler", "ActionId": "963efbb3-8213-4b58-ad66-73d4673fb143", "ActionName": "Api.Controllers.AuthController.Register (Api)", "RequestId": "0HNFGUJ46SF4B", "RequestPath": "/api/auth/register", "Application": "Crud.Api"}
Activity.TraceId:            b4ab71fb42d3dc448c4978f94629a776
Activity.SpanId:             479770297e454c39
Activity.TraceFlags:         Recorded
Activity.ActivitySourceName: Microsoft.AspNetCore
Activity.DisplayName:        POST api/Auth/register
Activity.Kind:               Server
Activity.StartTime:          2025-09-11T05:34:44.9004302Z
Activity.Duration:           00:00:00.2984407
Activity.Tags:
    server.address: localhost
    http.request.method: POST
    url.scheme: http
    url.path: /api/auth/register
    network.protocol.version: 1.1
    http.route: api/Auth/register
    http.response.status_code: 200
Resource associated with Activity:
    deployment.environment: Testing
    service.name: Crud.Api
    service.version: 1.0.0
    service.instance.id: 15081513-c9e4-4e0d-aac5-97a71d5ef649
    telemetry.sdk.name: opentelemetry
    telemetry.sdk.language: dotnet
    telemetry.sdk.version: 1.8.1
[05:34:45 DBG] Cache miss for key: list:person {"SourceContext": "Infrastructure.Services.Caching.InMemoryCacheService", "ActionId": "d09d1e4d-24fd-4e6b-976e-4cce91a06374", "ActionName": "Api.Controllers.PeopleController.List (Api)", "RequestId": "0HNFGUJ46SF4C", "RequestPath": "/api/people", "Application": "Crud.Api"}
[05:34:45 DBG] Set cache value for key: list:person {"SourceContext": "Infrastructure.Services.Caching.InMemoryCacheService", "ActionId": "d09d1e4d-24fd-4e6b-976e-4cce91a06374", "ActionName": "Api.Controllers.PeopleController.List (Api)", "RequestId": "0HNFGUJ46SF4C", "RequestPath": "/api/people", "Application": "Crud.Api"}
Activity.TraceId:            f704ab53d0b55dd1fa841c2acaf6094f
Activity.SpanId:             2aecacc1d25c1ce3
Activity.TraceFlags:         Recorded
Activity.ActivitySourceName: Microsoft.AspNetCore
Activity.DisplayName:        GET api/People
Activity.Kind:               Server
Activity.StartTime:          2025-09-11T05:34:45.1995860Z
Activity.Duration:           00:00:00.0072472
Activity.Tags:
    server.address: localhost
    http.request.method: GET
    url.scheme: http
    url.path: /api/people
    network.protocol.version: 1.1
    http.route: api/People
    http.response.status_code: 200
Resource associated with Activity:
    deployment.environment: Testing
    service.name: Crud.Api
    service.version: 1.0.0
    service.instance.id: 15081513-c9e4-4e0d-aac5-97a71d5ef649
    telemetry.sdk.name: opentelemetry
    telemetry.sdk.language: dotnet
    telemetry.sdk.version: 1.8.1
[05:34:45 INF] Resetting database for worker 7856 {"SourceContext": "Infrastructure.Services.DatabaseTestService", "Application": "Crud.Api"}
[05:34:45 INF] Resetting database via file deletion for worker 7856 in CI environment {"SourceContext": "Infrastructure.Services.DatabaseTestService", "Application": "Crud.Api"}
[05:34:45 INF] Acquiring database mutex for worker 7856... {"SourceContext": "Infrastructure.Services.DatabaseTestService", "Application": "Crud.Api"}
[05:34:45 INF] Database mutex acquired for worker 7856 {"SourceContext": "Infrastructure.Services.DatabaseTestService", "Application": "Crud.Api"}
[05:34:45 INF] Current database state - CanConnect: True {"SourceContext": "Infrastructure.Services.DatabaseTestService", "Application": "Crud.Api"}
[05:34:45 INF] [Phase 0] Closing database connection for worker 7856... {"SourceContext": "Infrastructure.Services.DatabaseTestService", "Application": "Crud.Api"}
[05:34:45 INF] [Phase 0] Connection closed in 0.0008ms {"SourceContext": "Infrastructure.Services.DatabaseTestService", "Application": "Crud.Api"}
[05:34:45 INF] [Phase 1] Starting EnsureDeletedAsync for worker 7856... {"SourceContext": "Infrastructure.Services.DatabaseTestService", "Application": "Crud.Api"}
[05:34:45 INF] [Phase 1] EnsureDeletedAsync completed in 1.4495ms {"SourceContext": "Infrastructure.Services.DatabaseTestService", "Application": "Crud.Api"}
[05:34:45 INF] [Phase 2] Starting EnsureCreatedAsync for worker 7856... {"SourceContext": "Infrastructure.Services.DatabaseTestService", "Application": "Crud.Api"}
[05:34:45 INF] [Phase 2] EnsureCreatedAsync completed in 7.6693ms {"SourceContext": "Infrastructure.Services.DatabaseTestService", "Application": "Crud.Api"}
[05:34:45 INF] [Phase 3] Skipping database seeding as requested for worker 7856 {"SourceContext": "Infrastructure.Services.DatabaseTestService", "Application": "Crud.Api"}
[05:34:45 INF] Database reset via file deletion completed for worker 7856 in 109.1343ms (Close: 0.0008ms, Delete: 1.4495ms, Create: 7.6693ms) {"SourceContext": "Infrastructure.Services.DatabaseTestService", "Application": "Crud.Api"}
[05:34:45 INF] Releasing database mutex for worker 7856 {"SourceContext": "Infrastructure.Services.DatabaseTestService", "Application": "Crud.Api"}
[05:34:45 INF] Resetting database for worker 7856 {"SourceContext": "Infrastructure.Services.DatabaseTestService", "Application": "Crud.Api"}
[05:34:45 INF] Resetting database via file deletion for worker 7856 in CI environment {"SourceContext": "Infrastructure.Services.DatabaseTestService", "Application": "Crud.Api"}
[05:34:45 INF] Acquiring database mutex for worker 7856... {"SourceContext": "Infrastructure.Services.DatabaseTestService", "Application": "Crud.Api"}
[05:34:45 INF] Database mutex acquired for worker 7856 {"SourceContext": "Infrastructure.Services.DatabaseTestService", "Application": "Crud.Api"}
[05:34:45 INF] Current database state - CanConnect: True {"SourceContext": "Infrastructure.Services.DatabaseTestService", "Application": "Crud.Api"}
[05:34:45 INF] [Phase 0] Closing database connection for worker 7856... {"SourceContext": "Infrastructure.Services.DatabaseTestService", "Application": "Crud.Api"}
[05:34:45 INF] [Phase 0] Connection closed in 0.001ms {"SourceContext": "Infrastructure.Services.DatabaseTestService", "Application": "Crud.Api"}
[05:34:45 INF] [Phase 1] Starting EnsureDeletedAsync for worker 7856... {"SourceContext": "Infrastructure.Services.DatabaseTestService", "Application": "Crud.Api"}
[05:34:45 INF] [Phase 1] EnsureDeletedAsync completed in 1.2765ms {"SourceContext": "Infrastructure.Services.DatabaseTestService", "Application": "Crud.Api"}
[05:34:45 INF] [Phase 2] Starting EnsureCreatedAsync for worker 7856... {"SourceContext": "Infrastructure.Services.DatabaseTestService", "Application": "Crud.Api"}
[05:34:45 INF] [Phase 2] EnsureCreatedAsync completed in 7.4898ms {"SourceContext": "Infrastructure.Services.DatabaseTestService", "Application": "Crud.Api"}
[05:34:45 INF] [Phase 3] Skipping database seeding as requested for worker 7856 {"SourceContext": "Infrastructure.Services.DatabaseTestService", "Application": "Crud.Api"}
[05:34:45 INF] Database reset via file deletion completed for worker 7856 in 108.5781ms (Close: 0.001ms, Delete: 1.2765ms, Create: 7.4898ms) {"SourceContext": "Infrastructure.Services.DatabaseTestService", "Application": "Crud.Api"}
[05:34:45 INF] Releasing database mutex for worker 7856 {"SourceContext": "Infrastructure.Services.DatabaseTestService", "Application": "Crud.Api"}
[05:34:45 INF] User registered successfully: 9eee2107-cc9a-4576-9d6c-dc9187ca976c {"SourceContext": "App.Features.Authentication.RegisterUserCommandHandler", "ActionId": "963efbb3-8213-4b58-ad66-73d4673fb143", "ActionName": "Api.Controllers.AuthController.Register (Api)", "RequestId": "0HNFGUJ46SF4D", "RequestPath": "/api/auth/register", "Application": "Crud.Api"}
Activity.TraceId:            dda2df43d098598628afeef175a36da1
Activity.SpanId:             d6b06e80a9b8404f
Activity.TraceFlags:         Recorded
Activity.ActivitySourceName: Microsoft.AspNetCore
Activity.DisplayName:        POST api/Auth/register
Activity.Kind:               Server
Activity.StartTime:          2025-09-11T05:34:45.4292029Z
Activity.Duration:           00:00:00.2957502
Activity.Tags:
    server.address: localhost
    http.request.method: POST
    url.scheme: http
    url.path: /api/auth/register
    network.protocol.version: 1.1
    http.route: api/Auth/register
    http.response.status_code: 200
Resource associated with Activity:
    deployment.environment: Testing
    service.name: Crud.Api
    service.version: 1.0.0
    service.instance.id: 15081513-c9e4-4e0d-aac5-97a71d5ef649
    telemetry.sdk.name: opentelemetry
    telemetry.sdk.language: dotnet
    telemetry.sdk.version: 1.8.1
[05:34:46 INF] User logged in successfully: 9eee2107-cc9a-4576-9d6c-dc9187ca976c {"SourceContext": "App.Features.Authentication.LoginCommandHandler", "ActionId": "2eaac732-a67c-4fa7-9fd6-52778530d538", "ActionName": "Api.Controllers.AuthController.Login (Api)", "RequestId": "0HNFGUJ46SF4E", "RequestPath": "/api/auth/login", "Application": "Crud.Api"}
Activity.TraceId:            cffc46d435271fd21c26c706c5c8811d
Activity.SpanId:             af451b8949a114d2
Activity.TraceFlags:         Recorded
Activity.ActivitySourceName: Microsoft.AspNetCore
Activity.DisplayName:        POST api/Auth/login
Activity.Kind:               Server
Activity.StartTime:          2025-09-11T05:34:45.7259121Z
Activity.Duration:           00:00:00.2974380
Activity.Tags:
    server.address: localhost
    http.request.method: POST
    url.scheme: http
    url.path: /api/auth/login
    network.protocol.version: 1.1
    http.route: api/Auth/login
    http.response.status_code: 200
Resource associated with Activity:
    deployment.environment: Testing
    service.name: Crud.Api
    service.version: 1.0.0
    service.instance.id: 15081513-c9e4-4e0d-aac5-97a71d5ef649
    telemetry.sdk.name: opentelemetry
    telemetry.sdk.language: dotnet
    telemetry.sdk.version: 1.8.1
Activity.TraceId:            77da491e885a3a97ed437ef0958fa481
Activity.SpanId:             4623fd478faea518
Activity.TraceFlags:         Recorded
Activity.ActivitySourceName: Microsoft.AspNetCore
Activity.DisplayName:        POST api/People
Activity.Kind:               Server
Activity.StartTime:          2025-09-11T05:34:46.0242012Z
Activity.Duration:           00:00:00.0021809
Activity.Tags:
    server.address: localhost
    http.request.method: POST
    url.scheme: http
    url.path: /api/people
    network.protocol.version: 1.1
    http.route: api/People
    http.response.status_code: 400
Resource associated with Activity:
    deployment.environment: Testing
    service.name: Crud.Api
    service.version: 1.0.0
    service.instance.id: 15081513-c9e4-4e0d-aac5-97a71d5ef649
    telemetry.sdk.name: opentelemetry
    telemetry.sdk.language: dotnet
    telemetry.sdk.version: 1.8.1
[05:34:46 INF] Resetting database for worker 7856 {"SourceContext": "Infrastructure.Services.DatabaseTestService", "Application": "Crud.Api"}
[05:34:46 INF] Resetting database via file deletion for worker 7856 in CI environment {"SourceContext": "Infrastructure.Services.DatabaseTestService", "Application": "Crud.Api"}
[05:34:46 INF] Acquiring database mutex for worker 7856... {"SourceContext": "Infrastructure.Services.DatabaseTestService", "Application": "Crud.Api"}
[05:34:46 INF] Database mutex acquired for worker 7856 {"SourceContext": "Infrastructure.Services.DatabaseTestService", "Application": "Crud.Api"}
[05:34:46 INF] Current database state - CanConnect: True {"SourceContext": "Infrastructure.Services.DatabaseTestService", "Application": "Crud.Api"}
[05:34:46 INF] [Phase 0] Closing database connection for worker 7856... {"SourceContext": "Infrastructure.Services.DatabaseTestService", "Application": "Crud.Api"}
[05:34:46 INF] [Phase 0] Connection closed in 0.0005ms {"SourceContext": "Infrastructure.Services.DatabaseTestService", "Application": "Crud.Api"}
[05:34:46 INF] [Phase 1] Starting EnsureDeletedAsync for worker 7856... {"SourceContext": "Infrastructure.Services.DatabaseTestService", "Application": "Crud.Api"}
[05:34:46 INF] [Phase 1] EnsureDeletedAsync completed in 1.3696ms {"SourceContext": "Infrastructure.Services.DatabaseTestService", "Application": "Crud.Api"}
[05:34:46 INF] [Phase 2] Starting EnsureCreatedAsync for worker 7856... {"SourceContext": "Infrastructure.Services.DatabaseTestService", "Application": "Crud.Api"}
[05:34:46 INF] [Phase 2] EnsureCreatedAsync completed in 21.5398ms {"SourceContext": "Infrastructure.Services.DatabaseTestService", "Application": "Crud.Api"}
[05:34:46 INF] [Phase 3] Skipping database seeding as requested for worker 7856 {"SourceContext": "Infrastructure.Services.DatabaseTestService", "Application": "Crud.Api"}
[05:34:46 INF] Database reset via file deletion completed for worker 7856 in 123.2402ms (Close: 0.0005ms, Delete: 1.3696ms, Create: 21.5398ms) {"SourceContext": "Infrastructure.Services.DatabaseTestService", "Application": "Crud.Api"}
[05:34:46 INF] Releasing database mutex for worker 7856 {"SourceContext": "Infrastructure.Services.DatabaseTestService", "Application": "Crud.Api"}
[05:34:46 INF] Resetting database for worker 7856 {"SourceContext": "Infrastructure.Services.DatabaseTestService", "Application": "Crud.Api"}
[05:34:46 INF] Resetting database via file deletion for worker 7856 in CI environment {"SourceContext": "Infrastructure.Services.DatabaseTestService", "Application": "Crud.Api"}
[05:34:46 INF] Acquiring database mutex for worker 7856... {"SourceContext": "Infrastructure.Services.DatabaseTestService", "Application": "Crud.Api"}
[05:34:46 INF] Database mutex acquired for worker 7856 {"SourceContext": "Infrastructure.Services.DatabaseTestService", "Application": "Crud.Api"}
[05:34:46 INF] Current database state - CanConnect: True {"SourceContext": "Infrastructure.Services.DatabaseTestService", "Application": "Crud.Api"}
[05:34:46 INF] [Phase 0] Closing database connection for worker 7856... {"SourceContext": "Infrastructure.Services.DatabaseTestService", "Application": "Crud.Api"}
[05:34:46 INF] [Phase 0] Connection closed in 0.0005ms {"SourceContext": "Infrastructure.Services.DatabaseTestService", "Application": "Crud.Api"}
[05:34:46 INF] [Phase 1] Starting EnsureDeletedAsync for worker 7856... {"SourceContext": "Infrastructure.Services.DatabaseTestService", "Application": "Crud.Api"}
[05:34:46 INF] [Phase 1] EnsureDeletedAsync completed in 1.2108ms {"SourceContext": "Infrastructure.Services.DatabaseTestService", "Application": "Crud.Api"}
[05:34:46 INF] [Phase 2] Starting EnsureCreatedAsync for worker 7856... {"SourceContext": "Infrastructure.Services.DatabaseTestService", "Application": "Crud.Api"}
[05:34:46 INF] [Phase 2] EnsureCreatedAsync completed in 7.9539ms {"SourceContext": "Infrastructure.Services.DatabaseTestService", "Application": "Crud.Api"}
[05:34:46 INF] [Phase 3] Skipping database seeding as requested for worker 7856 {"SourceContext": "Infrastructure.Services.DatabaseTestService", "Application": "Crud.Api"}
[05:34:46 INF] Database reset via file deletion completed for worker 7856 in 110.7811ms (Close: 0.0005ms, Delete: 1.2108ms, Create: 7.9539ms) {"SourceContext": "Infrastructure.Services.DatabaseTestService", "Application": "Crud.Api"}
[05:34:46 INF] Releasing database mutex for worker 7856 {"SourceContext": "Infrastructure.Services.DatabaseTestService", "Application": "Crud.Api"}
[05:34:46 INF] User registered successfully: 048c3eda-d559-4d98-b0e1-473c5c83097a {"SourceContext": "App.Features.Authentication.RegisterUserCommandHandler", "ActionId": "963efbb3-8213-4b58-ad66-73d4673fb143", "ActionName": "Api.Controllers.AuthController.Register (Api)", "RequestId": "0HNFGUJ46SF4G", "RequestPath": "/api/auth/register", "Application": "Crud.Api"}
Activity.TraceId:            f0d09136e5a3dc9d88e7a0598c7e9bbd
Activity.SpanId:             295f29564dff1c94
Activity.TraceFlags:         Recorded
Activity.ActivitySourceName: Microsoft.AspNetCore
Activity.DisplayName:        POST api/Auth/register
Activity.Kind:               Server
Activity.StartTime:          2025-09-11T05:34:46.2649320Z
Activity.Duration:           00:00:00.2961330
Activity.Tags:
    server.address: localhost
    http.request.method: POST
    url.scheme: http
    url.path: /api/auth/register
    network.protocol.version: 1.1
    http.route: api/Auth/register
    http.response.status_code: 200
Resource associated with Activity:
    deployment.environment: Testing
    service.name: Crud.Api
    service.version: 1.0.0
    service.instance.id: 15081513-c9e4-4e0d-aac5-97a71d5ef649
    telemetry.sdk.name: opentelemetry
    telemetry.sdk.language: dotnet
    telemetry.sdk.version: 1.8.1
[05:34:46 INF] User logged in successfully: 048c3eda-d559-4d98-b0e1-473c5c83097a {"SourceContext": "App.Features.Authentication.LoginCommandHandler", "ActionId": "2eaac732-a67c-4fa7-9fd6-52778530d538", "ActionName": "Api.Controllers.AuthController.Login (Api)", "RequestId": "0HNFGUJ46SF4H", "RequestPath": "/api/auth/login", "Application": "Crud.Api"}
Activity.TraceId:            c7a327a8ce0aa01ec2fce964ff449680
Activity.SpanId:             c1a0d5caacf68d64
Activity.TraceFlags:         Recorded
Activity.ActivitySourceName: Microsoft.AspNetCore
Activity.DisplayName:        POST api/Auth/login
Activity.Kind:               Server
Activity.StartTime:          2025-09-11T05:34:46.5621650Z
Activity.Duration:           00:00:00.2964870
Activity.Tags:
    server.address: localhost
    http.request.method: POST
    url.scheme: http
    url.path: /api/auth/login
    network.protocol.version: 1.1
    http.route: api/Auth/login
    http.response.status_code: 200
Resource associated with Activity:
    deployment.environment: Testing
    service.name: Crud.Api
    service.version: 1.0.0
    service.instance.id: 15081513-c9e4-4e0d-aac5-97a71d5ef649
    telemetry.sdk.name: opentelemetry
    telemetry.sdk.language: dotnet
    telemetry.sdk.version: 1.8.1
[05:34:46 DBG] Removed cache value for key: entity:person:c3593d771b2b490fb28c0f150bb289a2 {"SourceContext": "Infrastructure.Services.Caching.InMemoryCacheService", "ActionId": "fd24274c-fdc9-4f53-979a-5c69e458637c", "ActionName": "Api.Controllers.PeopleController.Create (Api)", "RequestId": "0HNFGUJ46SF4I", "RequestPath": "/api/people", "Application": "Crud.Api"}
[05:34:46 DBG] Removed cache value for key: list:person {"SourceContext": "Infrastructure.Services.Caching.InMemoryCacheService", "ActionId": "fd24274c-fdc9-4f53-979a-5c69e458637c", "ActionName": "Api.Controllers.PeopleController.Create (Api)", "RequestId": "0HNFGUJ46SF4I", "RequestPath": "/api/people", "Application": "Crud.Api"}
[05:34:46 DBG] Invalidating cache for entity type: people with tag: people {"SourceContext": "Api.Services.OutputCacheInvalidationService", "ActionId": "fd24274c-fdc9-4f53-979a-5c69e458637c", "ActionName": "Api.Controllers.PeopleController.Create (Api)", "RequestId": "0HNFGUJ46SF4I", "RequestPath": "/api/people", "Application": "Crud.Api"}
[05:34:46 INF] Successfully invalidated cache for entity type: people {"SourceContext": "Api.Services.OutputCacheInvalidationService", "ActionId": "fd24274c-fdc9-4f53-979a-5c69e458637c", "ActionName": "Api.Controllers.PeopleController.Create (Api)", "RequestId": "0HNFGUJ46SF4I", "RequestPath": "/api/people", "Application": "Crud.Api"}
Activity.TraceId:            df0a1a98e0c174e7f79c932e31d074e4
Activity.SpanId:             f38567537de22db0
Activity.TraceFlags:         Recorded
Activity.ActivitySourceName: Microsoft.AspNetCore
Activity.DisplayName:        POST api/People
Activity.Kind:               Server
Activity.StartTime:          2025-09-11T05:34:46.8592855Z
Activity.Duration:           00:00:00.0040235
Activity.Tags:
    server.address: localhost
    http.request.method: POST
    url.scheme: http
    url.path: /api/people
    network.protocol.version: 1.1
    http.route: api/People
    http.response.status_code: 201
Resource associated with Activity:
    deployment.environment: Testing
    service.name: Crud.Api
    service.version: 1.0.0
    service.instance.id: 15081513-c9e4-4e0d-aac5-97a71d5ef649
    telemetry.sdk.name: opentelemetry
    telemetry.sdk.language: dotnet
    telemetry.sdk.version: 1.8.1
[05:34:46 DBG] Cache miss for key: entity:person:c3593d771b2b490fb28c0f150bb289a2 {"SourceContext": "Infrastructure.Services.Caching.InMemoryCacheService", "ActionId": "ca12e43c-2a31-426f-8e63-ab90a42930ca", "ActionName": "Api.Controllers.PeopleController.Update (Api)", "RequestId": "0HNFGUJ46SF4J", "RequestPath": "/api/people/c3593d77-1b2b-490f-b28c-0f150bb289a2", "Application": "Crud.Api"}
[05:34:46 DBG] Set cache value for key: entity:person:c3593d771b2b490fb28c0f150bb289a2 {"SourceContext": "Infrastructure.Services.Caching.InMemoryCacheService", "ActionId": "ca12e43c-2a31-426f-8e63-ab90a42930ca", "ActionName": "Api.Controllers.PeopleController.Update (Api)", "RequestId": "0HNFGUJ46SF4J", "RequestPath": "/api/people/c3593d77-1b2b-490f-b28c-0f150bb289a2", "Application": "Crud.Api"}
[05:34:46 DBG] Removed cache value for key: entity:person:c3593d771b2b490fb28c0f150bb289a2 {"SourceContext": "Infrastructure.Services.Caching.InMemoryCacheService", "ActionId": "ca12e43c-2a31-426f-8e63-ab90a42930ca", "ActionName": "Api.Controllers.PeopleController.Update (Api)", "RequestId": "0HNFGUJ46SF4J", "RequestPath": "/api/people/c3593d77-1b2b-490f-b28c-0f150bb289a2", "Application": "Crud.Api"}
[05:34:46 DBG] Removed cache value for key: list:person {"SourceContext": "Infrastructure.Services.Caching.InMemoryCacheService", "ActionId": "ca12e43c-2a31-426f-8e63-ab90a42930ca", "ActionName": "Api.Controllers.PeopleController.Update (Api)", "RequestId": "0HNFGUJ46SF4J", "RequestPath": "/api/people/c3593d77-1b2b-490f-b28c-0f150bb289a2", "Application": "Crud.Api"}
[05:34:46 DBG] Invalidating cache for entity: people/c3593d77-1b2b-490f-b28c-0f150bb289a2 with tags: people, people:c3593d77-1b2b-490f-b28c-0f150bb289a2 {"SourceContext": "Api.Services.OutputCacheInvalidationService", "ActionId": "ca12e43c-2a31-426f-8e63-ab90a42930ca", "ActionName": "Api.Controllers.PeopleController.Update (Api)", "RequestId": "0HNFGUJ46SF4J", "RequestPath": "/api/people/c3593d77-1b2b-490f-b28c-0f150bb289a2", "Application": "Crud.Api"}
[05:34:46 DBG] Successfully invalidated cache for tag: people {"SourceContext": "Api.Services.OutputCacheInvalidationService", "ActionId": "ca12e43c-2a31-426f-8e63-ab90a42930ca", "ActionName": "Api.Controllers.PeopleController.Update (Api)", "RequestId": "0HNFGUJ46SF4J", "RequestPath": "/api/people/c3593d77-1b2b-490f-b28c-0f150bb289a2", "Application": "Crud.Api"}
[05:34:46 DBG] Successfully invalidated cache for tag: people:c3593d77-1b2b-490f-b28c-0f150bb289a2 {"SourceContext": "Api.Services.OutputCacheInvalidationService", "ActionId": "ca12e43c-2a31-426f-8e63-ab90a42930ca", "ActionName": "Api.Controllers.PeopleController.Update (Api)", "RequestId": "0HNFGUJ46SF4J", "RequestPath": "/api/people/c3593d77-1b2b-490f-b28c-0f150bb289a2", "Application": "Crud.Api"}
Activity.TraceId:            25fb4620b57554c375b3063da0ce1dac
Activity.SpanId:             4a4acd5b6dd8655a
Activity.TraceFlags:         Recorded
Activity.ActivitySourceName: Microsoft.AspNetCore
Activity.DisplayName:        PUT api/People/{id:guid}
Activity.Kind:               Server
Activity.StartTime:          2025-09-11T05:34:46.8636759Z
Activity.Duration:           00:00:00.0068472
Activity.Tags:
    server.address: localhost
    http.request.method: PUT
    url.scheme: http
    url.path: /api/people/c3593d77-1b2b-490f-b28c-0f150bb289a2
    network.protocol.version: 1.1
    http.route: api/People/{id:guid}
    http.response.status_code: 204
Resource associated with Activity:
    deployment.environment: Testing
    service.name: Crud.Api
    service.version: 1.0.0
    service.instance.id: 15081513-c9e4-4e0d-aac5-97a71d5ef649
    telemetry.sdk.name: opentelemetry
    telemetry.sdk.language: dotnet
    telemetry.sdk.version: 1.8.1
[05:34:46 DBG] Cache miss for key: entity:person:c3593d771b2b490fb28c0f150bb289a2 {"SourceContext": "Infrastructure.Services.Caching.InMemoryCacheService", "ActionId": "d7e68426-a2c2-47d0-b772-03262073ba24", "ActionName": "Api.Controllers.PeopleController.Get (Api)", "RequestId": "0HNFGUJ46SF4K", "RequestPath": "/api/people/c3593d77-1b2b-490f-b28c-0f150bb289a2", "Application": "Crud.Api"}
[05:34:46 DBG] Set cache value for key: entity:person:c3593d771b2b490fb28c0f150bb289a2 {"SourceContext": "Infrastructure.Services.Caching.InMemoryCacheService", "ActionId": "d7e68426-a2c2-47d0-b772-03262073ba24", "ActionName": "Api.Controllers.PeopleController.Get (Api)", "RequestId": "0HNFGUJ46SF4K", "RequestPath": "/api/people/c3593d77-1b2b-490f-b28c-0f150bb289a2", "Application": "Crud.Api"}
Activity.TraceId:            ecf3e3fab7148d732d470f05c457bd3f
Activity.SpanId:             443654455d02c46d
Activity.TraceFlags:         Recorded
Activity.ActivitySourceName: Microsoft.AspNetCore
Activity.DisplayName:        GET api/People/{id:guid}
Activity.Kind:               Server
Activity.StartTime:          2025-09-11T05:34:46.8707136Z
Activity.Duration:           00:00:00.0035954
Activity.Tags:
    server.address: localhost
    http.request.method: GET
    url.scheme: http
    url.path: /api/people/c3593d77-1b2b-490f-b28c-0f150bb289a2
    network.protocol.version: 1.1
    http.route: api/People/{id:guid}
    http.response.status_code: 200
Resource associated with Activity:
    deployment.environment: Testing
    service.name: Crud.Api
    service.version: 1.0.0
    service.instance.id: 15081513-c9e4-4e0d-aac5-97a71d5ef649
    telemetry.sdk.name: opentelemetry
    telemetry.sdk.language: dotnet
    telemetry.sdk.version: 1.8.1
[05:34:46 INF] Resetting database for worker 7856 {"SourceContext": "Infrastructure.Services.DatabaseTestService", "Application": "Crud.Api"}
[05:34:46 INF] Resetting database via file deletion for worker 7856 in CI environment {"SourceContext": "Infrastructure.Services.DatabaseTestService", "Application": "Crud.Api"}
[05:34:46 INF] Acquiring database mutex for worker 7856... {"SourceContext": "Infrastructure.Services.DatabaseTestService", "Application": "Crud.Api"}
[05:34:46 INF] Database mutex acquired for worker 7856 {"SourceContext": "Infrastructure.Services.DatabaseTestService", "Application": "Crud.Api"}
[05:34:46 INF] Current database state - CanConnect: True {"SourceContext": "Infrastructure.Services.DatabaseTestService", "Application": "Crud.Api"}
[05:34:46 INF] [Phase 0] Closing database connection for worker 7856... {"SourceContext": "Infrastructure.Services.DatabaseTestService", "Application": "Crud.Api"}
[05:34:46 INF] [Phase 0] Connection closed in 0.0006ms {"SourceContext": "Infrastructure.Services.DatabaseTestService", "Application": "Crud.Api"}
[05:34:46 INF] [Phase 1] Starting EnsureDeletedAsync for worker 7856... {"SourceContext": "Infrastructure.Services.DatabaseTestService", "Application": "Crud.Api"}
[05:34:46 INF] [Phase 1] EnsureDeletedAsync completed in 1.4914ms {"SourceContext": "Infrastructure.Services.DatabaseTestService", "Application": "Crud.Api"}
[05:34:46 INF] [Phase 2] Starting EnsureCreatedAsync for worker 7856... {"SourceContext": "Infrastructure.Services.DatabaseTestService", "Application": "Crud.Api"}
[05:34:46 INF] [Phase 2] EnsureCreatedAsync completed in 7.9622ms {"SourceContext": "Infrastructure.Services.DatabaseTestService", "Application": "Crud.Api"}
[05:34:46 INF] [Phase 3] Skipping database seeding as requested for worker 7856 {"SourceContext": "Infrastructure.Services.DatabaseTestService", "Application": "Crud.Api"}
[05:34:46 INF] Database reset via file deletion completed for worker 7856 in 109.8563ms (Close: 0.0006ms, Delete: 1.4914ms, Create: 7.9622ms) {"SourceContext": "Infrastructure.Services.DatabaseTestService", "Application": "Crud.Api"}
[05:34:46 INF] Releasing database mutex for worker 7856 {"SourceContext": "Infrastructure.Services.DatabaseTestService", "Application": "Crud.Api"}
[05:34:46 INF] Resetting database for worker 7856 {"SourceContext": "Infrastructure.Services.DatabaseTestService", "Application": "Crud.Api"}
[05:34:46 INF] Resetting database via file deletion for worker 7856 in CI environment {"SourceContext": "Infrastructure.Services.DatabaseTestService", "Application": "Crud.Api"}
[05:34:46 INF] Acquiring database mutex for worker 7856... {"SourceContext": "Infrastructure.Services.DatabaseTestService", "Application": "Crud.Api"}
[05:34:46 INF] Database mutex acquired for worker 7856 {"SourceContext": "Infrastructure.Services.DatabaseTestService", "Application": "Crud.Api"}
[05:34:46 INF] Current database state - CanConnect: True {"SourceContext": "Infrastructure.Services.DatabaseTestService", "Application": "Crud.Api"}
[05:34:46 INF] [Phase 0] Closing database connection for worker 7856... {"SourceContext": "Infrastructure.Services.DatabaseTestService", "Application": "Crud.Api"}
[05:34:46 INF] [Phase 0] Connection closed in 0.0006ms {"SourceContext": "Infrastructure.Services.DatabaseTestService", "Application": "Crud.Api"}
[05:34:46 INF] [Phase 1] Starting EnsureDeletedAsync for worker 7856... {"SourceContext": "Infrastructure.Services.DatabaseTestService", "Application": "Crud.Api"}
[05:34:46 INF] [Phase 1] EnsureDeletedAsync completed in 1.1808ms {"SourceContext": "Infrastructure.Services.DatabaseTestService", "Application": "Crud.Api"}
[05:34:47 INF] [Phase 2] Starting EnsureCreatedAsync for worker 7856... {"SourceContext": "Infrastructure.Services.DatabaseTestService", "Application": "Crud.Api"}
[05:34:47 INF] [Phase 2] EnsureCreatedAsync completed in 7.8529ms {"SourceContext": "Infrastructure.Services.DatabaseTestService", "Application": "Crud.Api"}
[05:34:47 INF] [Phase 3] Skipping database seeding as requested for worker 7856 {"SourceContext": "Infrastructure.Services.DatabaseTestService", "Application": "Crud.Api"}
[05:34:47 INF] Database reset via file deletion completed for worker 7856 in 110.4263ms (Close: 0.0006ms, Delete: 1.1808ms, Create: 7.8529ms) {"SourceContext": "Infrastructure.Services.DatabaseTestService", "Application": "Crud.Api"}
[05:34:47 INF] Releasing database mutex for worker 7856 {"SourceContext": "Infrastructure.Services.DatabaseTestService", "Application": "Crud.Api"}
Activity.TraceId:            d83ac2eb33fe66745c5e0129c51f0b3a
Activity.SpanId:             e4c32b3811824199
Activity.TraceFlags:         Recorded
Activity.ActivitySourceName: Microsoft.AspNetCore
Activity.DisplayName:        GET api/People
Activity.Kind:               Server
Activity.StartTime:          2025-09-11T05:34:47.0984235Z
Activity.Duration:           00:00:00.0006056
Activity.Tags:
    server.address: localhost
    http.request.method: GET
    url.scheme: http
    url.path: /api/people
    network.protocol.version: 1.1
    http.route: api/People
    http.response.status_code: 401
Resource associated with Activity:
    deployment.environment: Testing
    service.name: Crud.Api
    service.version: 1.0.0
    service.instance.id: 15081513-c9e4-4e0d-aac5-97a71d5ef649
    telemetry.sdk.name: opentelemetry
    telemetry.sdk.language: dotnet
    telemetry.sdk.version: 1.8.1
[05:34:47 INF] Resetting database for worker 7856 {"SourceContext": "Infrastructure.Services.DatabaseTestService", "Application": "Crud.Api"}
[05:34:47 INF] Resetting database via file deletion for worker 7856 in CI environment {"SourceContext": "Infrastructure.Services.DatabaseTestService", "Application": "Crud.Api"}
[05:34:47 INF] Acquiring database mutex for worker 7856... {"SourceContext": "Infrastructure.Services.DatabaseTestService", "Application": "Crud.Api"}
[05:34:47 INF] Database mutex acquired for worker 7856 {"SourceContext": "Infrastructure.Services.DatabaseTestService", "Application": "Crud.Api"}
[05:34:47 INF] Current database state - CanConnect: True {"SourceContext": "Infrastructure.Services.DatabaseTestService", "Application": "Crud.Api"}
[05:34:47 INF] [Phase 0] Closing database connection for worker 7856... {"SourceContext": "Infrastructure.Services.DatabaseTestService", "Application": "Crud.Api"}
[05:34:47 INF] [Phase 0] Connection closed in 0.0005ms {"SourceContext": "Infrastructure.Services.DatabaseTestService", "Application": "Crud.Api"}
[05:34:47 INF] [Phase 1] Starting EnsureDeletedAsync for worker 7856... {"SourceContext": "Infrastructure.Services.DatabaseTestService", "Application": "Crud.Api"}
[05:34:47 INF] [Phase 1] EnsureDeletedAsync completed in 1.2705ms {"SourceContext": "Infrastructure.Services.DatabaseTestService", "Application": "Crud.Api"}
[05:34:47 INF] [Phase 2] Starting EnsureCreatedAsync for worker 7856... {"SourceContext": "Infrastructure.Services.DatabaseTestService", "Application": "Crud.Api"}
[05:34:47 INF] [Phase 2] EnsureCreatedAsync completed in 8.2654ms {"SourceContext": "Infrastructure.Services.DatabaseTestService", "Application": "Crud.Api"}
[05:34:47 INF] [Phase 3] Skipping database seeding as requested for worker 7856 {"SourceContext": "Infrastructure.Services.DatabaseTestService", "Application": "Crud.Api"}
[05:34:47 INF] Database reset via file deletion completed for worker 7856 in 110.4936ms (Close: 0.0005ms, Delete: 1.2705ms, Create: 8.2654ms) {"SourceContext": "Infrastructure.Services.DatabaseTestService", "Application": "Crud.Api"}
[05:34:47 INF] Releasing database mutex for worker 7856 {"SourceContext": "Infrastructure.Services.DatabaseTestService", "Application": "Crud.Api"}
[05:34:47 INF] Resetting database for worker 7856 {"SourceContext": "Infrastructure.Services.DatabaseTestService", "Application": "Crud.Api"}
[05:34:47 INF] Resetting database via file deletion for worker 7856 in CI environment {"SourceContext": "Infrastructure.Services.DatabaseTestService", "Application": "Crud.Api"}
[05:34:47 INF] Acquiring database mutex for worker 7856... {"SourceContext": "Infrastructure.Services.DatabaseTestService", "Application": "Crud.Api"}
[05:34:47 INF] Database mutex acquired for worker 7856 {"SourceContext": "Infrastructure.Services.DatabaseTestService", "Application": "Crud.Api"}
[05:34:47 INF] Current database state - CanConnect: True {"SourceContext": "Infrastructure.Services.DatabaseTestService", "Application": "Crud.Api"}
[05:34:47 INF] [Phase 0] Closing database connection for worker 7856... {"SourceContext": "Infrastructure.Services.DatabaseTestService", "Application": "Crud.Api"}
[05:34:47 INF] [Phase 0] Connection closed in 0.0005ms {"SourceContext": "Infrastructure.Services.DatabaseTestService", "Application": "Crud.Api"}
[05:34:47 INF] [Phase 1] Starting EnsureDeletedAsync for worker 7856... {"SourceContext": "Infrastructure.Services.DatabaseTestService", "Application": "Crud.Api"}
[05:34:47 INF] [Phase 1] EnsureDeletedAsync completed in 1.3399ms {"SourceContext": "Infrastructure.Services.DatabaseTestService", "Application": "Crud.Api"}
[05:34:47 INF] [Phase 2] Starting EnsureCreatedAsync for worker 7856... {"SourceContext": "Infrastructure.Services.DatabaseTestService", "Application": "Crud.Api"}
[05:34:47 INF] [Phase 2] EnsureCreatedAsync completed in 7.6728ms {"SourceContext": "Infrastructure.Services.DatabaseTestService", "Application": "Crud.Api"}
[05:34:47 INF] [Phase 3] Skipping database seeding as requested for worker 7856 {"SourceContext": "Infrastructure.Services.DatabaseTestService", "Application": "Crud.Api"}
[05:34:47 INF] Database reset via file deletion completed for worker 7856 in 109.927ms (Close: 0.0005ms, Delete: 1.3399ms, Create: 7.6728ms) {"SourceContext": "Infrastructure.Services.DatabaseTestService", "Application": "Crud.Api"}
[05:34:47 INF] Releasing database mutex for worker 7856 {"SourceContext": "Infrastructure.Services.DatabaseTestService", "Application": "Crud.Api"}
[05:34:47 INF] User registered successfully: bd9df36d-25b6-441d-aa77-1f34ad43166a {"SourceContext": "App.Features.Authentication.RegisterUserCommandHandler", "ActionId": "963efbb3-8213-4b58-ad66-73d4673fb143", "ActionName": "Api.Controllers.AuthController.Register (Api)", "RequestId": "0HNFGUJ46SF4M", "RequestPath": "/api/auth/register", "Application": "Crud.Api"}
Activity.TraceId:            f0afac9f267a0d71279caccffbdf7112
Activity.SpanId:             6700dbd998c32cba
Activity.TraceFlags:         Recorded
Activity.ActivitySourceName: Microsoft.AspNetCore
Activity.DisplayName:        POST api/Auth/register
Activity.Kind:               Server
Activity.StartTime:          2025-09-11T05:34:47.3268499Z
Activity.Duration:           00:00:00.2959212
Activity.Tags:
    server.address: localhost
    http.request.method: POST
    url.scheme: http
    url.path: /api/auth/register
    network.protocol.version: 1.1
    http.route: api/Auth/register
    http.response.status_code: 200
Resource associated with Activity:
    deployment.environment: Testing
    service.name: Crud.Api
    service.version: 1.0.0
    service.instance.id: 15081513-c9e4-4e0d-aac5-97a71d5ef649
    telemetry.sdk.name: opentelemetry
    telemetry.sdk.language: dotnet
    telemetry.sdk.version: 1.8.1
[05:34:47 INF] User logged in successfully: bd9df36d-25b6-441d-aa77-1f34ad43166a {"SourceContext": "App.Features.Authentication.LoginCommandHandler", "ActionId": "2eaac732-a67c-4fa7-9fd6-52778530d538", "ActionName": "Api.Controllers.AuthController.Login (Api)", "RequestId": "0HNFGUJ46SF4N", "RequestPath": "/api/auth/login", "Application": "Crud.Api"}
Activity.TraceId:            cad9a79e51776f1431f8c0965672cf6e
Activity.SpanId:             01fc0c15ca76d0ec
Activity.TraceFlags:         Recorded
Activity.ActivitySourceName: Microsoft.AspNetCore
Activity.DisplayName:        POST api/Auth/login
Activity.Kind:               Server
Activity.StartTime:          2025-09-11T05:34:47.6238274Z
Activity.Duration:           00:00:00.2959257
Activity.Tags:
    server.address: localhost
    http.request.method: POST
    url.scheme: http
    url.path: /api/auth/login
    network.protocol.version: 1.1
    http.route: api/Auth/login
    http.response.status_code: 200
Resource associated with Activity:
    deployment.environment: Testing
    service.name: Crud.Api
    service.version: 1.0.0
    service.instance.id: 15081513-c9e4-4e0d-aac5-97a71d5ef649
    telemetry.sdk.name: opentelemetry
    telemetry.sdk.language: dotnet
    telemetry.sdk.version: 1.8.1
[05:34:48 INF] User registered successfully: edd220d6-c4c0-44cc-b3d1-9f695bb04a60 {"SourceContext": "App.Features.Authentication.RegisterUserCommandHandler", "ActionId": "963efbb3-8213-4b58-ad66-73d4673fb143", "ActionName": "Api.Controllers.AuthController.Register (Api)", "RequestId": "0HNFGUJ46SF4O", "RequestPath": "/api/auth/register", "Application": "Crud.Api"}
Activity.TraceId:            3a14619469725dbd729c87e7e1c23d25
Activity.SpanId:             e3c2abb009a39a5e
Activity.TraceFlags:         Recorded
Activity.ActivitySourceName: Microsoft.AspNetCore
Activity.DisplayName:        POST api/Auth/register
Activity.Kind:               Server
Activity.StartTime:          2025-09-11T05:34:47.9204140Z
Activity.Duration:           00:00:00.2958435
Activity.Tags:
    server.address: localhost
    http.request.method: POST
    url.scheme: http
    url.path: /api/auth/register
    network.protocol.version: 1.1
    http.route: api/Auth/register
    http.response.status_code: 200
Resource associated with Activity:
    deployment.environment: Testing
    service.name: Crud.Api
    service.version: 1.0.0
    service.instance.id: 15081513-c9e4-4e0d-aac5-97a71d5ef649
    telemetry.sdk.name: opentelemetry
    telemetry.sdk.language: dotnet
    telemetry.sdk.version: 1.8.1
[05:34:48 DBG] Cache miss for key: name:role:testrole {"SourceContext": "Infrastructure.Services.Caching.InMemoryCacheService", "ActionId": "bae4951e-b9b8-45d7-ae11-1f08e7bf2bca", "ActionName": "Api.Controllers.RolesController.Create (Api)", "RequestId": "0HNFGUJ46SF4P", "RequestPath": "/api/roles", "Application": "Crud.Api"}
[05:34:48 DBG] Removed cache value for key: entity:role:138a0ba4a43049afbd69cd909b6b6321 {"SourceContext": "Infrastructure.Services.Caching.InMemoryCacheService", "ActionId": "bae4951e-b9b8-45d7-ae11-1f08e7bf2bca", "ActionName": "Api.Controllers.RolesController.Create (Api)", "RequestId": "0HNFGUJ46SF4P", "RequestPath": "/api/roles", "Application": "Crud.Api"}
[05:34:48 DBG] Removed cache value for key: list:role {"SourceContext": "Infrastructure.Services.Caching.InMemoryCacheService", "ActionId": "bae4951e-b9b8-45d7-ae11-1f08e7bf2bca", "ActionName": "Api.Controllers.RolesController.Create (Api)", "RequestId": "0HNFGUJ46SF4P", "RequestPath": "/api/roles", "Application": "Crud.Api"}
[05:34:48 DBG] Invalidating cache for entity type: roles with tag: roles {"SourceContext": "Api.Services.OutputCacheInvalidationService", "ActionId": "bae4951e-b9b8-45d7-ae11-1f08e7bf2bca", "ActionName": "Api.Controllers.RolesController.Create (Api)", "RequestId": "0HNFGUJ46SF4P", "RequestPath": "/api/roles", "Application": "Crud.Api"}
[05:34:48 INF] Successfully invalidated cache for entity type: roles {"SourceContext": "Api.Services.OutputCacheInvalidationService", "ActionId": "bae4951e-b9b8-45d7-ae11-1f08e7bf2bca", "ActionName": "Api.Controllers.RolesController.Create (Api)", "RequestId": "0HNFGUJ46SF4P", "RequestPath": "/api/roles", "Application": "Crud.Api"}
Activity.TraceId:            2511c902e224f3ab60c8e63e5847bfd2
Activity.SpanId:             6598f32a54453c14
Activity.TraceFlags:         Recorded
Activity.ActivitySourceName: Microsoft.AspNetCore
Activity.DisplayName:        POST api/Roles
Activity.Kind:               Server
Activity.StartTime:          2025-09-11T05:34:48.2166507Z
Activity.Duration:           00:00:00.0038787
Activity.Tags:
    server.address: localhost
    http.request.method: POST
    url.scheme: http
    url.path: /api/roles
    network.protocol.version: 1.1
    http.route: api/Roles
    http.response.status_code: 201
Resource associated with Activity:
    deployment.environment: Testing
    service.name: Crud.Api
    service.version: 1.0.0
    service.instance.id: 15081513-c9e4-4e0d-aac5-97a71d5ef649
    telemetry.sdk.name: opentelemetry
    telemetry.sdk.language: dotnet
    telemetry.sdk.version: 1.8.1
[05:34:48 DBG] Cache miss for key: entity:role:138a0ba4a43049afbd69cd909b6b6321 {"SourceContext": "Infrastructure.Services.Caching.InMemoryCacheService", "ActionId": "fd24274c-fdc9-4f53-979a-5c69e458637c", "ActionName": "Api.Controllers.PeopleController.Create (Api)", "RequestId": "0HNFGUJ46SF4Q", "RequestPath": "/api/people", "Application": "Crud.Api"}
[05:34:48 DBG] Set cache value for key: entity:role:138a0ba4a43049afbd69cd909b6b6321 {"SourceContext": "Infrastructure.Services.Caching.InMemoryCacheService", "ActionId": "fd24274c-fdc9-4f53-979a-5c69e458637c", "ActionName": "Api.Controllers.PeopleController.Create (Api)", "RequestId": "0HNFGUJ46SF4Q", "RequestPath": "/api/people", "Application": "Crud.Api"}
[05:34:48 DBG] Removed cache value for key: entity:person:ba0a8d022b4f49dba9ac5321fa602a28 {"SourceContext": "Infrastructure.Services.Caching.InMemoryCacheService", "ActionId": "fd24274c-fdc9-4f53-979a-5c69e458637c", "ActionName": "Api.Controllers.PeopleController.Create (Api)", "RequestId": "0HNFGUJ46SF4Q", "RequestPath": "/api/people", "Application": "Crud.Api"}
[05:34:48 DBG] Removed cache value for key: list:person {"SourceContext": "Infrastructure.Services.Caching.InMemoryCacheService", "ActionId": "fd24274c-fdc9-4f53-979a-5c69e458637c", "ActionName": "Api.Controllers.PeopleController.Create (Api)", "RequestId": "0HNFGUJ46SF4Q", "RequestPath": "/api/people", "Application": "Crud.Api"}
[05:34:48 DBG] Invalidating cache for entity type: people with tag: people {"SourceContext": "Api.Services.OutputCacheInvalidationService", "ActionId": "fd24274c-fdc9-4f53-979a-5c69e458637c", "ActionName": "Api.Controllers.PeopleController.Create (Api)", "RequestId": "0HNFGUJ46SF4Q", "RequestPath": "/api/people", "Application": "Crud.Api"}
[05:34:48 INF] Successfully invalidated cache for entity type: people {"SourceContext": "Api.Services.OutputCacheInvalidationService", "ActionId": "fd24274c-fdc9-4f53-979a-5c69e458637c", "ActionName": "Api.Controllers.PeopleController.Create (Api)", "RequestId": "0HNFGUJ46SF4Q", "RequestPath": "/api/people", "Application": "Crud.Api"}
Activity.TraceId:            9d83a21edb9357847b53120bc5787d4b
Activity.SpanId:             1ed017f09c23ab80
Activity.TraceFlags:         Recorded
Activity.ActivitySourceName: Microsoft.AspNetCore
Activity.DisplayName:        POST api/People
Activity.Kind:               Server
Activity.StartTime:          2025-09-11T05:34:48.2207302Z
Activity.Duration:           00:00:00.0028238
Activity.Tags:
    server.address: localhost
    http.request.method: POST
    url.scheme: http
    url.path: /api/people
    network.protocol.version: 1.1
    http.route: api/People
    http.response.status_code: 201
Resource associated with Activity:
    deployment.environment: Testing
    service.name: Crud.Api
    service.version: 1.0.0
    service.instance.id: 15081513-c9e4-4e0d-aac5-97a71d5ef649
    telemetry.sdk.name: opentelemetry
    telemetry.sdk.language: dotnet
    telemetry.sdk.version: 1.8.1
[05:34:48 DBG] Cache miss for key: entity:person:ba0a8d022b4f49dba9ac5321fa602a28 {"SourceContext": "Infrastructure.Services.Caching.InMemoryCacheService", "ActionId": "d7e68426-a2c2-47d0-b772-03262073ba24", "ActionName": "Api.Controllers.PeopleController.Get (Api)", "RequestId": "0HNFGUJ46SF4R", "RequestPath": "/api/people/ba0a8d02-2b4f-49db-a9ac-5321fa602a28", "Application": "Crud.Api"}
[05:34:48 DBG] Set cache value for key: entity:person:ba0a8d022b4f49dba9ac5321fa602a28 {"SourceContext": "Infrastructure.Services.Caching.InMemoryCacheService", "ActionId": "d7e68426-a2c2-47d0-b772-03262073ba24", "ActionName": "Api.Controllers.PeopleController.Get (Api)", "RequestId": "0HNFGUJ46SF4R", "RequestPath": "/api/people/ba0a8d02-2b4f-49db-a9ac-5321fa602a28", "Application": "Crud.Api"}
Activity.TraceId:            64721f6021c5ab5a7c7d648bbc49d36f
Activity.SpanId:             20a3e5e99a676d7e
Activity.TraceFlags:         Recorded
Activity.ActivitySourceName: Microsoft.AspNetCore
Activity.DisplayName:        GET api/People/{id:guid}
Activity.Kind:               Server
Activity.StartTime:          2025-09-11T05:34:48.2236310Z
Activity.Duration:           00:00:00.0026547
Activity.Tags:
    server.address: localhost
    http.request.method: GET
    url.scheme: http
    url.path: /api/people/ba0a8d02-2b4f-49db-a9ac-5321fa602a28
    network.protocol.version: 1.1
    http.route: api/People/{id:guid}
    http.response.status_code: 200
Resource associated with Activity:
    deployment.environment: Testing
    service.name: Crud.Api
    service.version: 1.0.0
    service.instance.id: 15081513-c9e4-4e0d-aac5-97a71d5ef649
    telemetry.sdk.name: opentelemetry
    telemetry.sdk.language: dotnet
    telemetry.sdk.version: 1.8.1
[05:34:48 INF] Resetting database for worker 7856 {"SourceContext": "Infrastructure.Services.DatabaseTestService", "Application": "Crud.Api"}
[05:34:48 INF] Resetting database via file deletion for worker 7856 in CI environment {"SourceContext": "Infrastructure.Services.DatabaseTestService", "Application": "Crud.Api"}
[05:34:48 INF] Acquiring database mutex for worker 7856... {"SourceContext": "Infrastructure.Services.DatabaseTestService", "Application": "Crud.Api"}
[05:34:48 INF] Database mutex acquired for worker 7856 {"SourceContext": "Infrastructure.Services.DatabaseTestService", "Application": "Crud.Api"}
[05:34:48 INF] Current database state - CanConnect: True {"SourceContext": "Infrastructure.Services.DatabaseTestService", "Application": "Crud.Api"}
[05:34:48 INF] [Phase 0] Closing database connection for worker 7856... {"SourceContext": "Infrastructure.Services.DatabaseTestService", "Application": "Crud.Api"}
[05:34:48 INF] [Phase 0] Connection closed in 0.0005ms {"SourceContext": "Infrastructure.Services.DatabaseTestService", "Application": "Crud.Api"}
[05:34:48 INF] [Phase 1] Starting EnsureDeletedAsync for worker 7856... {"SourceContext": "Infrastructure.Services.DatabaseTestService", "Application": "Crud.Api"}
[05:34:48 INF] [Phase 1] EnsureDeletedAsync completed in 1.3203ms {"SourceContext": "Infrastructure.Services.DatabaseTestService", "Application": "Crud.Api"}
[05:34:48 INF] [Phase 2] Starting EnsureCreatedAsync for worker 7856... {"SourceContext": "Infrastructure.Services.DatabaseTestService", "Application": "Crud.Api"}
[05:34:48 INF] [Phase 2] EnsureCreatedAsync completed in 7.5937ms {"SourceContext": "Infrastructure.Services.DatabaseTestService", "Application": "Crud.Api"}
[05:34:48 INF] [Phase 3] Skipping database seeding as requested for worker 7856 {"SourceContext": "Infrastructure.Services.DatabaseTestService", "Application": "Crud.Api"}
[05:34:48 INF] Database reset via file deletion completed for worker 7856 in 109.3582ms (Close: 0.0005ms, Delete: 1.3203ms, Create: 7.5937ms) {"SourceContext": "Infrastructure.Services.DatabaseTestService", "Application": "Crud.Api"}
[05:34:48 INF] Releasing database mutex for worker 7856 {"SourceContext": "Infrastructure.Services.DatabaseTestService", "Application": "Crud.Api"}
[05:34:48 INF] Resetting database for worker 7856 {"SourceContext": "Infrastructure.Services.DatabaseTestService", "Application": "Crud.Api"}
[05:34:48 INF] Resetting database via file deletion for worker 7856 in CI environment {"SourceContext": "Infrastructure.Services.DatabaseTestService", "Application": "Crud.Api"}
[05:34:48 INF] Acquiring database mutex for worker 7856... {"SourceContext": "Infrastructure.Services.DatabaseTestService", "Application": "Crud.Api"}
[05:34:48 INF] Database mutex acquired for worker 7856 {"SourceContext": "Infrastructure.Services.DatabaseTestService", "Application": "Crud.Api"}
[05:34:48 INF] Current database state - CanConnect: True {"SourceContext": "Infrastructure.Services.DatabaseTestService", "Application": "Crud.Api"}
[05:34:48 INF] [Phase 0] Closing database connection for worker 7856... {"SourceContext": "Infrastructure.Services.DatabaseTestService", "Application": "Crud.Api"}
[05:34:48 INF] [Phase 0] Connection closed in 0.0005ms {"SourceContext": "Infrastructure.Services.DatabaseTestService", "Application": "Crud.Api"}
[05:34:48 INF] [Phase 1] Starting EnsureDeletedAsync for worker 7856... {"SourceContext": "Infrastructure.Services.DatabaseTestService", "Application": "Crud.Api"}
[xUnit.net 00:01:02.84]       Skipping due to concurrency conflict - RowVersion not implemented in UpdatePersonRequest
[05:34:48 INF] [Phase 1] EnsureDeletedAsync completed in 1.364ms {"SourceContext": "Infrastructure.Services.DatabaseTestService", "Application": "Crud.Api"}
[05:34:48 INF] [Phase 2] Starting EnsureCreatedAsync for worker 7856... {"SourceContext": "Infrastructure.Services.DatabaseTestService", "Application": "Crud.Api"}
[05:34:48 INF] [Phase 2] EnsureCreatedAsync completed in 7.4493ms {"SourceContext": "Infrastructure.Services.DatabaseTestService", "Application": "Crud.Api"}
[05:34:48 INF] [Phase 3] Skipping database seeding as requested for worker 7856 {"SourceContext": "Infrastructure.Services.DatabaseTestService", "Application": "Crud.Api"}
[05:34:48 INF] Database reset via file deletion completed for worker 7856 in 110.2304ms (Close: 0.0005ms, Delete: 1.364ms, Create: 7.4493ms) {"SourceContext": "Infrastructure.Services.DatabaseTestService", "Application": "Crud.Api"}
[05:34:48 INF] Releasing database mutex for worker 7856 {"SourceContext": "Infrastructure.Services.DatabaseTestService", "Application": "Crud.Api"}
[05:34:48 INF] User registered successfully: ca030b79-0a5b-462b-8c90-7afe78fa99c1 {"SourceContext": "App.Features.Authentication.RegisterUserCommandHandler", "ActionId": "963efbb3-8213-4b58-ad66-73d4673fb143", "ActionName": "Api.Controllers.AuthController.Register (Api)", "RequestId": "0HNFGUJ46SF4S", "RequestPath": "/api/auth/register", "Application": "Crud.Api"}
Activity.TraceId:            846f92660fef9432fd5850f4dc70c373
Activity.SpanId:             bccb194b190b7bd3
Activity.TraceFlags:         Recorded
Activity.ActivitySourceName: Microsoft.AspNetCore
Activity.DisplayName:        POST api/Auth/register
Activity.Kind:               Server
Activity.StartTime:          2025-09-11T05:34:48.4503267Z
Activity.Duration:           00:00:00.2978212
Activity.Tags:
    server.address: localhost
    http.request.method: POST
    url.scheme: http
    url.path: /api/auth/register
    network.protocol.version: 1.1
    http.route: api/Auth/register
    http.response.status_code: 200
Resource associated with Activity:
    deployment.environment: Testing
    service.name: Crud.Api
    service.version: 1.0.0
    service.instance.id: 15081513-c9e4-4e0d-aac5-97a71d5ef649
    telemetry.sdk.name: opentelemetry
    telemetry.sdk.language: dotnet
    telemetry.sdk.version: 1.8.1
[05:34:49 INF] User logged in successfully: ca030b79-0a5b-462b-8c90-7afe78fa99c1 {"SourceContext": "App.Features.Authentication.LoginCommandHandler", "ActionId": "2eaac732-a67c-4fa7-9fd6-52778530d538", "ActionName": "Api.Controllers.AuthController.Login (Api)", "RequestId": "0HNFGUJ46SF4T", "RequestPath": "/api/auth/login", "Application": "Crud.Api"}
Activity.TraceId:            c084de183f4a5d291001a55b430d9f81
Activity.SpanId:             bd7dddbc52662a4e
Activity.TraceFlags:         Recorded
Activity.ActivitySourceName: Microsoft.AspNetCore
Activity.DisplayName:        POST api/Auth/login
Activity.Kind:               Server
Activity.StartTime:          2025-09-11T05:34:48.7492555Z
Activity.Duration:           00:00:00.2960449
Activity.Tags:
    server.address: localhost
    http.request.method: POST
    url.scheme: http
    url.path: /api/auth/login
    network.protocol.version: 1.1
    http.route: api/Auth/login
    http.response.status_code: 200
Resource associated with Activity:
    deployment.environment: Testing
    service.name: Crud.Api
    service.version: 1.0.0
    service.instance.id: 15081513-c9e4-4e0d-aac5-97a71d5ef649
    telemetry.sdk.name: opentelemetry
    telemetry.sdk.language: dotnet
    telemetry.sdk.version: 1.8.1
[05:34:49 DBG] Removed cache value for key: entity:person:778bc0d6aea240199497c14ed7f91269 {"SourceContext": "Infrastructure.Services.Caching.InMemoryCacheService", "ActionId": "fd24274c-fdc9-4f53-979a-5c69e458637c", "ActionName": "Api.Controllers.PeopleController.Create (Api)", "RequestId": "0HNFGUJ46SF4U", "RequestPath": "/api/people", "Application": "Crud.Api"}
[05:34:49 DBG] Removed cache value for key: list:person {"SourceContext": "Infrastructure.Services.Caching.InMemoryCacheService", "ActionId": "fd24274c-fdc9-4f53-979a-5c69e458637c", "ActionName": "Api.Controllers.PeopleController.Create (Api)", "RequestId": "0HNFGUJ46SF4U", "RequestPath": "/api/people", "Application": "Crud.Api"}
[05:34:49 DBG] Invalidating cache for entity type: people with tag: people {"SourceContext": "Api.Services.OutputCacheInvalidationService", "ActionId": "fd24274c-fdc9-4f53-979a-5c69e458637c", "ActionName": "Api.Controllers.PeopleController.Create (Api)", "RequestId": "0HNFGUJ46SF4U", "RequestPath": "/api/people", "Application": "Crud.Api"}
[05:34:49 INF] Successfully invalidated cache for entity type: people {"SourceContext": "Api.Services.OutputCacheInvalidationService", "ActionId": "fd24274c-fdc9-4f53-979a-5c69e458637c", "ActionName": "Api.Controllers.PeopleController.Create (Api)", "RequestId": "0HNFGUJ46SF4U", "RequestPath": "/api/people", "Application": "Crud.Api"}
Activity.TraceId:            68f7c19fd0af41c3ca75e98d6b8f0659
Activity.SpanId:             33e39766a28f9f48
Activity.TraceFlags:         Recorded
Activity.ActivitySourceName: Microsoft.AspNetCore
Activity.DisplayName:        POST api/People
Activity.Kind:               Server
Activity.StartTime:          2025-09-11T05:34:49.0458646Z
Activity.Duration:           00:00:00.0018342
Activity.Tags:
    server.address: localhost
    http.request.method: POST
    url.scheme: http
    url.path: /api/people
    network.protocol.version: 1.1
    http.route: api/People
    http.response.status_code: 201
Resource associated with Activity:
    deployment.environment: Testing
    service.name: Crud.Api
    service.version: 1.0.0
    service.instance.id: 15081513-c9e4-4e0d-aac5-97a71d5ef649
    telemetry.sdk.name: opentelemetry
    telemetry.sdk.language: dotnet
    telemetry.sdk.version: 1.8.1
[05:34:49 INF] Resetting database for worker 7856 {"SourceContext": "Infrastructure.Services.DatabaseTestService", "Application": "Crud.Api"}
[05:34:49 INF] Resetting database via file deletion for worker 7856 in CI environment {"SourceContext": "Infrastructure.Services.DatabaseTestService", "Application": "Crud.Api"}
[05:34:49 INF] Acquiring database mutex for worker 7856... {"SourceContext": "Infrastructure.Services.DatabaseTestService", "Application": "Crud.Api"}
[05:34:49 INF] Database mutex acquired for worker 7856 {"SourceContext": "Infrastructure.Services.DatabaseTestService", "Application": "Crud.Api"}
[05:34:49 INF] Current database state - CanConnect: True {"SourceContext": "Infrastructure.Services.DatabaseTestService", "Application": "Crud.Api"}
[05:34:49 INF] [Phase 0] Closing database connection for worker 7856... {"SourceContext": "Infrastructure.Services.DatabaseTestService", "Application": "Crud.Api"}
[05:34:49 INF] [Phase 0] Connection closed in 0.0005ms {"SourceContext": "Infrastructure.Services.DatabaseTestService", "Application": "Crud.Api"}
[05:34:49 INF] [Phase 1] Starting EnsureDeletedAsync for worker 7856... {"SourceContext": "Infrastructure.Services.DatabaseTestService", "Application": "Crud.Api"}
[05:34:49 INF] [Phase 1] EnsureDeletedAsync completed in 1.2492ms {"SourceContext": "Infrastructure.Services.DatabaseTestService", "Application": "Crud.Api"}
[05:34:49 INF] [Phase 2] Starting EnsureCreatedAsync for worker 7856... {"SourceContext": "Infrastructure.Services.DatabaseTestService", "Application": "Crud.Api"}
[05:34:49 INF] [Phase 2] EnsureCreatedAsync completed in 7.1766ms {"SourceContext": "Infrastructure.Services.DatabaseTestService", "Application": "Crud.Api"}
[05:34:49 INF] [Phase 3] Skipping database seeding as requested for worker 7856 {"SourceContext": "Infrastructure.Services.DatabaseTestService", "Application": "Crud.Api"}
[05:34:49 INF] Database reset via file deletion completed for worker 7856 in 108.4663ms (Close: 0.0005ms, Delete: 1.2492ms, Create: 7.1766ms) {"SourceContext": "Infrastructure.Services.DatabaseTestService", "Application": "Crud.Api"}
[05:34:49 INF] Releasing database mutex for worker 7856 {"SourceContext": "Infrastructure.Services.DatabaseTestService", "Application": "Crud.Api"}
[05:34:49 INF] Resetting database for worker 7856 {"SourceContext": "Infrastructure.Services.DatabaseTestService", "Application": "Crud.Api"}
[05:34:49 INF] Resetting database via file deletion for worker 7856 in CI environment {"SourceContext": "Infrastructure.Services.DatabaseTestService", "Application": "Crud.Api"}
[05:34:49 INF] Acquiring database mutex for worker 7856... {"SourceContext": "Infrastructure.Services.DatabaseTestService", "Application": "Crud.Api"}
[05:34:49 INF] Database mutex acquired for worker 7856 {"SourceContext": "Infrastructure.Services.DatabaseTestService", "Application": "Crud.Api"}
[05:34:49 INF] Current database state - CanConnect: True {"SourceContext": "Infrastructure.Services.DatabaseTestService", "Application": "Crud.Api"}
[05:34:49 INF] [Phase 0] Closing database connection for worker 7856... {"SourceContext": "Infrastructure.Services.DatabaseTestService", "Application": "Crud.Api"}
[05:34:49 INF] [Phase 0] Connection closed in 0.0006ms {"SourceContext": "Infrastructure.Services.DatabaseTestService", "Application": "Crud.Api"}
[05:34:49 INF] [Phase 1] Starting EnsureDeletedAsync for worker 7856... {"SourceContext": "Infrastructure.Services.DatabaseTestService", "Application": "Crud.Api"}
[05:34:49 INF] [Phase 1] EnsureDeletedAsync completed in 1.2233ms {"SourceContext": "Infrastructure.Services.DatabaseTestService", "Application": "Crud.Api"}
[05:34:49 INF] [Phase 2] Starting EnsureCreatedAsync for worker 7856... {"SourceContext": "Infrastructure.Services.DatabaseTestService", "Application": "Crud.Api"}
[05:34:49 INF] [Phase 2] EnsureCreatedAsync completed in 8.5109ms {"SourceContext": "Infrastructure.Services.DatabaseTestService", "Application": "Crud.Api"}
[05:34:49 INF] [Phase 3] Skipping database seeding as requested for worker 7856 {"SourceContext": "Infrastructure.Services.DatabaseTestService", "Application": "Crud.Api"}
[05:34:49 INF] Database reset via file deletion completed for worker 7856 in 110.377ms (Close: 0.0006ms, Delete: 1.2233ms, Create: 8.5109ms) {"SourceContext": "Infrastructure.Services.DatabaseTestService", "Application": "Crud.Api"}
[05:34:49 INF] Releasing database mutex for worker 7856 {"SourceContext": "Infrastructure.Services.DatabaseTestService", "Application": "Crud.Api"}
Activity.TraceId:            6401ec73e24e067608defb1dd1dd9b39
Activity.SpanId:             99426fb748759384
Activity.TraceFlags:         Recorded
Activity.ActivitySourceName: Microsoft.AspNetCore
Activity.DisplayName:        POST api/People
Activity.Kind:               Server
Activity.StartTime:          2025-09-11T05:34:49.2704787Z
Activity.Duration:           00:00:00.0002310
Activity.Tags:
    server.address: localhost
    http.request.method: POST
    url.scheme: http
    url.path: /api/people
    network.protocol.version: 1.1
    http.route: api/People
    http.response.status_code: 401
Resource associated with Activity:
    deployment.environment: Testing
    service.name: Crud.Api
    service.version: 1.0.0
    service.instance.id: 15081513-c9e4-4e0d-aac5-97a71d5ef649
    telemetry.sdk.name: opentelemetry
    telemetry.sdk.language: dotnet
    telemetry.sdk.version: 1.8.1
[05:34:49 INF] Resetting database for worker 7856 {"SourceContext": "Infrastructure.Services.DatabaseTestService", "Application": "Crud.Api"}
[05:34:49 INF] Resetting database via file deletion for worker 7856 in CI environment {"SourceContext": "Infrastructure.Services.DatabaseTestService", "Application": "Crud.Api"}
[05:34:49 INF] Acquiring database mutex for worker 7856... {"SourceContext": "Infrastructure.Services.DatabaseTestService", "Application": "Crud.Api"}
[05:34:49 INF] Database mutex acquired for worker 7856 {"SourceContext": "Infrastructure.Services.DatabaseTestService", "Application": "Crud.Api"}
[05:34:49 INF] Current database state - CanConnect: True {"SourceContext": "Infrastructure.Services.DatabaseTestService", "Application": "Crud.Api"}
[05:34:49 INF] [Phase 0] Closing database connection for worker 7856... {"SourceContext": "Infrastructure.Services.DatabaseTestService", "Application": "Crud.Api"}
[05:34:49 INF] [Phase 0] Connection closed in 0.0005ms {"SourceContext": "Infrastructure.Services.DatabaseTestService", "Application": "Crud.Api"}
[05:34:49 INF] [Phase 1] Starting EnsureDeletedAsync for worker 7856... {"SourceContext": "Infrastructure.Services.DatabaseTestService", "Application": "Crud.Api"}
[05:34:49 INF] [Phase 1] EnsureDeletedAsync completed in 1.2535ms {"SourceContext": "Infrastructure.Services.DatabaseTestService", "Application": "Crud.Api"}
[05:34:49 INF] [Phase 2] Starting EnsureCreatedAsync for worker 7856... {"SourceContext": "Infrastructure.Services.DatabaseTestService", "Application": "Crud.Api"}
[05:34:49 INF] [Phase 2] EnsureCreatedAsync completed in 7.5856ms {"SourceContext": "Infrastructure.Services.DatabaseTestService", "Application": "Crud.Api"}
[05:34:49 INF] [Phase 3] Skipping database seeding as requested for worker 7856 {"SourceContext": "Infrastructure.Services.DatabaseTestService", "Application": "Crud.Api"}
[05:34:49 INF] Database reset via file deletion completed for worker 7856 in 109.1459ms (Close: 0.0005ms, Delete: 1.2535ms, Create: 7.5856ms) {"SourceContext": "Infrastructure.Services.DatabaseTestService", "Application": "Crud.Api"}
[05:34:49 INF] Releasing database mutex for worker 7856 {"SourceContext": "Infrastructure.Services.DatabaseTestService", "Application": "Crud.Api"}
[05:34:49 INF] Resetting database for worker 7856 {"SourceContext": "Infrastructure.Services.DatabaseTestService", "Application": "Crud.Api"}
[05:34:49 INF] Resetting database via file deletion for worker 7856 in CI environment {"SourceContext": "Infrastructure.Services.DatabaseTestService", "Application": "Crud.Api"}
[05:34:49 INF] Acquiring database mutex for worker 7856... {"SourceContext": "Infrastructure.Services.DatabaseTestService", "Application": "Crud.Api"}
[05:34:49 INF] Database mutex acquired for worker 7856 {"SourceContext": "Infrastructure.Services.DatabaseTestService", "Application": "Crud.Api"}
[05:34:49 INF] Current database state - CanConnect: True {"SourceContext": "Infrastructure.Services.DatabaseTestService", "Application": "Crud.Api"}
[05:34:49 INF] [Phase 0] Closing database connection for worker 7856... {"SourceContext": "Infrastructure.Services.DatabaseTestService", "Application": "Crud.Api"}
[05:34:49 INF] [Phase 0] Connection closed in 0.0006ms {"SourceContext": "Infrastructure.Services.DatabaseTestService", "Application": "Crud.Api"}
[05:34:49 INF] [Phase 1] Starting EnsureDeletedAsync for worker 7856... {"SourceContext": "Infrastructure.Services.DatabaseTestService", "Application": "Crud.Api"}
[05:34:49 INF] [Phase 1] EnsureDeletedAsync completed in 1.1961ms {"SourceContext": "Infrastructure.Services.DatabaseTestService", "Application": "Crud.Api"}
[05:34:49 INF] [Phase 2] Starting EnsureCreatedAsync for worker 7856... {"SourceContext": "Infrastructure.Services.DatabaseTestService", "Application": "Crud.Api"}
[05:34:49 INF] [Phase 2] EnsureCreatedAsync completed in 7.3261ms {"SourceContext": "Infrastructure.Services.DatabaseTestService", "Application": "Crud.Api"}
[05:34:49 INF] [Phase 3] Skipping database seeding as requested for worker 7856 {"SourceContext": "Infrastructure.Services.DatabaseTestService", "Application": "Crud.Api"}
[05:34:49 INF] Database reset via file deletion completed for worker 7856 in 109.5602ms (Close: 0.0006ms, Delete: 1.1961ms, Create: 7.3261ms) {"SourceContext": "Infrastructure.Services.DatabaseTestService", "Application": "Crud.Api"}
[05:34:49 INF] Releasing database mutex for worker 7856 {"SourceContext": "Infrastructure.Services.DatabaseTestService", "Application": "Crud.Api"}
Test 'Tests.Integration.Backend.Controllers.PeopleControllerTests.PUT_People_Should_Update_Person_Roles' was skipped in the test run.
[05:34:49 INF] User registered successfully: 10c63eb4-4c7f-437f-93ae-ef0503168c07 {"SourceContext": "App.Features.Authentication.RegisterUserCommandHandler", "ActionId": "963efbb3-8213-4b58-ad66-73d4673fb143", "ActionName": "Api.Controllers.AuthController.Register (Api)", "RequestId": "0HNFGUJ46SF50", "RequestPath": "/api/auth/register", "Application": "Crud.Api"}
Activity.TraceId:            03f98a9a2f1bfea12dc925f79fc3b46f
Activity.SpanId:             2225d7e5e4da5b51
Activity.TraceFlags:         Recorded
Activity.ActivitySourceName: Microsoft.AspNetCore
Activity.DisplayName:        POST api/Auth/register
Activity.Kind:               Server
Activity.StartTime:          2025-09-11T05:34:49.4939492Z
Activity.Duration:           00:00:00.2963663
Activity.Tags:
    server.address: localhost
    http.request.method: POST
    url.scheme: http
    url.path: /api/auth/register
    network.protocol.version: 1.1
    http.route: api/Auth/register
    http.response.status_code: 200
Resource associated with Activity:
    deployment.environment: Testing
    service.name: Crud.Api
    service.version: 1.0.0
    service.instance.id: 15081513-c9e4-4e0d-aac5-97a71d5ef649
    telemetry.sdk.name: opentelemetry
    telemetry.sdk.language: dotnet
    telemetry.sdk.version: 1.8.1
[05:34:49 DBG] Cache miss for key: entity:person:99f33fb5bc9f4446b9052047624e97cc {"SourceContext": "Infrastructure.Services.Caching.InMemoryCacheService", "ActionId": "d7e68426-a2c2-47d0-b772-03262073ba24", "ActionName": "Api.Controllers.PeopleController.Get (Api)", "RequestId": "0HNFGUJ46SF51", "RequestPath": "/api/people/99f33fb5-bc9f-4446-b905-2047624e97cc", "Application": "Crud.Api"}
Activity.TraceId:            06c15ff7c36a3046b1cbcce3310bc699
Activity.SpanId:             75b504b34e0a0875
Activity.TraceFlags:         Recorded
Activity.ActivitySourceName: Microsoft.AspNetCore
Activity.DisplayName:        GET api/People/{id:guid}
Activity.Kind:               Server
Activity.StartTime:          2025-09-11T05:34:49.7908758Z
Activity.Duration:           00:00:00.0038060
Activity.Tags:
    server.address: localhost
    http.request.method: GET
    url.scheme: http
    url.path: /api/people/99f33fb5-bc9f-4446-b905-2047624e97cc
    network.protocol.version: 1.1
    http.route: api/People/{id:guid}
    http.response.status_code: 404
Resource associated with Activity:
    deployment.environment: Testing
    service.name: Crud.Api
    service.version: 1.0.0
    service.instance.id: 15081513-c9e4-4e0d-aac5-97a71d5ef649
    telemetry.sdk.name: opentelemetry
    telemetry.sdk.language: dotnet
    telemetry.sdk.version: 1.8.1
[05:34:49 INF] Resetting database for worker 7856 {"SourceContext": "Infrastructure.Services.DatabaseTestService", "Application": "Crud.Api"}
[05:34:49 INF] Resetting database via file deletion for worker 7856 in CI environment {"SourceContext": "Infrastructure.Services.DatabaseTestService", "Application": "Crud.Api"}
[05:34:49 INF] Acquiring database mutex for worker 7856... {"SourceContext": "Infrastructure.Services.DatabaseTestService", "Application": "Crud.Api"}
[05:34:49 INF] Database mutex acquired for worker 7856 {"SourceContext": "Infrastructure.Services.DatabaseTestService", "Application": "Crud.Api"}
[05:34:49 INF] Current database state - CanConnect: True {"SourceContext": "Infrastructure.Services.DatabaseTestService", "Application": "Crud.Api"}
[05:34:49 INF] [Phase 0] Closing database connection for worker 7856... {"SourceContext": "Infrastructure.Services.DatabaseTestService", "Application": "Crud.Api"}
[05:34:49 INF] [Phase 0] Connection closed in 0.0007ms {"SourceContext": "Infrastructure.Services.DatabaseTestService", "Application": "Crud.Api"}
[05:34:49 INF] [Phase 1] Starting EnsureDeletedAsync for worker 7856... {"SourceContext": "Infrastructure.Services.DatabaseTestService", "Application": "Crud.Api"}
[05:34:49 INF] [Phase 1] EnsureDeletedAsync completed in 1.4788ms {"SourceContext": "Infrastructure.Services.DatabaseTestService", "Application": "Crud.Api"}
[05:34:49 INF] [Phase 2] Starting EnsureCreatedAsync for worker 7856... {"SourceContext": "Infrastructure.Services.DatabaseTestService", "Application": "Crud.Api"}
[05:34:49 INF] [Phase 2] EnsureCreatedAsync completed in 7.7595ms {"SourceContext": "Infrastructure.Services.DatabaseTestService", "Application": "Crud.Api"}
[05:34:49 INF] [Phase 3] Skipping database seeding as requested for worker 7856 {"SourceContext": "Infrastructure.Services.DatabaseTestService", "Application": "Crud.Api"}
[05:34:49 INF] Database reset via file deletion completed for worker 7856 in 110.6472ms (Close: 0.0007ms, Delete: 1.4788ms, Create: 7.7595ms) {"SourceContext": "Infrastructure.Services.DatabaseTestService", "Application": "Crud.Api"}
[05:34:49 INF] Releasing database mutex for worker 7856 {"SourceContext": "Infrastructure.Services.DatabaseTestService", "Application": "Crud.Api"}
[05:34:49 INF] Resetting database for worker 7856 {"SourceContext": "Infrastructure.Services.DatabaseTestService", "Application": "Crud.Api"}
[05:34:49 INF] Resetting database via file deletion for worker 7856 in CI environment {"SourceContext": "Infrastructure.Services.DatabaseTestService", "Application": "Crud.Api"}
[05:34:49 INF] Acquiring database mutex for worker 7856... {"SourceContext": "Infrastructure.Services.DatabaseTestService", "Application": "Crud.Api"}
[05:34:49 INF] Database mutex acquired for worker 7856 {"SourceContext": "Infrastructure.Services.DatabaseTestService", "Application": "Crud.Api"}
[05:34:49 INF] Current database state - CanConnect: True {"SourceContext": "Infrastructure.Services.DatabaseTestService", "Application": "Crud.Api"}
[05:34:49 INF] [Phase 0] Closing database connection for worker 7856... {"SourceContext": "Infrastructure.Services.DatabaseTestService", "Application": "Crud.Api"}
[05:34:49 INF] [Phase 0] Connection closed in 0.0005ms {"SourceContext": "Infrastructure.Services.DatabaseTestService", "Application": "Crud.Api"}
[05:34:49 INF] [Phase 1] Starting EnsureDeletedAsync for worker 7856... {"SourceContext": "Infrastructure.Services.DatabaseTestService", "Application": "Crud.Api"}
[05:34:49 INF] [Phase 1] EnsureDeletedAsync completed in 1.21ms {"SourceContext": "Infrastructure.Services.DatabaseTestService", "Application": "Crud.Api"}
[05:34:50 INF] [Phase 2] Starting EnsureCreatedAsync for worker 7856... {"SourceContext": "Infrastructure.Services.DatabaseTestService", "Application": "Crud.Api"}
[05:34:50 INF] [Phase 2] EnsureCreatedAsync completed in 8.1398ms {"SourceContext": "Infrastructure.Services.DatabaseTestService", "Application": "Crud.Api"}
[05:34:50 INF] [Phase 3] Skipping database seeding as requested for worker 7856 {"SourceContext": "Infrastructure.Services.DatabaseTestService", "Application": "Crud.Api"}
[05:34:50 INF] Database reset via file deletion completed for worker 7856 in 109.9273ms (Close: 0.0005ms, Delete: 1.21ms, Create: 8.1398ms) {"SourceContext": "Infrastructure.Services.DatabaseTestService", "Application": "Crud.Api"}
[05:34:50 INF] Releasing database mutex for worker 7856 {"SourceContext": "Infrastructure.Services.DatabaseTestService", "Application": "Crud.Api"}
[05:34:50 INF] User registered successfully: af63a648-1650-43de-9280-e559d9419503 {"SourceContext": "App.Features.Authentication.RegisterUserCommandHandler", "ActionId": "963efbb3-8213-4b58-ad66-73d4673fb143", "ActionName": "Api.Controllers.AuthController.Register (Api)", "RequestId": "0HNFGUJ46SF52", "RequestPath": "/api/auth/register", "Application": "Crud.Api"}
Activity.TraceId:            4b2aaca34ee6c7e200f502fbf66f326a
Activity.SpanId:             91abd7113f6c1af2
Activity.TraceFlags:         Recorded
Activity.ActivitySourceName: Microsoft.AspNetCore
Activity.DisplayName:        POST api/Auth/register
Activity.Kind:               Server
Activity.StartTime:          2025-09-11T05:34:50.0197964Z
Activity.Duration:           00:00:00.2956976
Activity.Tags:
    server.address: localhost
    http.request.method: POST
    url.scheme: http
    url.path: /api/auth/register
    network.protocol.version: 1.1
    http.route: api/Auth/register
    http.response.status_code: 200
Resource associated with Activity:
    deployment.environment: Testing
    service.name: Crud.Api
    service.version: 1.0.0
    service.instance.id: 15081513-c9e4-4e0d-aac5-97a71d5ef649
    telemetry.sdk.name: opentelemetry
    telemetry.sdk.language: dotnet
    telemetry.sdk.version: 1.8.1
[05:34:50 INF] User logged in successfully: af63a648-1650-43de-9280-e559d9419503 {"SourceContext": "App.Features.Authentication.LoginCommandHandler", "ActionId": "2eaac732-a67c-4fa7-9fd6-52778530d538", "ActionName": "Api.Controllers.AuthController.Login (Api)", "RequestId": "0HNFGUJ46SF53", "RequestPath": "/api/auth/login", "Application": "Crud.Api"}
Activity.TraceId:            2868995323e5215af43065f81d01fba3
Activity.SpanId:             0a5e4f1e072aa6b7
Activity.TraceFlags:         Recorded
Activity.ActivitySourceName: Microsoft.AspNetCore
Activity.DisplayName:        POST api/Auth/login
Activity.Kind:               Server
Activity.StartTime:          2025-09-11T05:34:50.3168120Z
Activity.Duration:           00:00:00.2962685
Activity.Tags:
    server.address: localhost
    http.request.method: POST
    url.scheme: http
    url.path: /api/auth/login
    network.protocol.version: 1.1
    http.route: api/Auth/login
    http.response.status_code: 200
Resource associated with Activity:
    deployment.environment: Testing
    service.name: Crud.Api
    service.version: 1.0.0
    service.instance.id: 15081513-c9e4-4e0d-aac5-97a71d5ef649
    telemetry.sdk.name: opentelemetry
    telemetry.sdk.language: dotnet
    telemetry.sdk.version: 1.8.1
[05:34:50 INF] User registered successfully: 49051ef3-d867-42e7-81d9-306a96659835 {"SourceContext": "App.Features.Authentication.RegisterUserCommandHandler", "ActionId": "963efbb3-8213-4b58-ad66-73d4673fb143", "ActionName": "Api.Controllers.AuthController.Register (Api)", "RequestId": "0HNFGUJ46SF54", "RequestPath": "/api/auth/register", "Application": "Crud.Api"}
Activity.TraceId:            d3af0bf7af72627ed74772f7da8ec928
Activity.SpanId:             314c23931f41ad40
Activity.TraceFlags:         Recorded
Activity.ActivitySourceName: Microsoft.AspNetCore
Activity.DisplayName:        POST api/Auth/register
Activity.Kind:               Server
Activity.StartTime:          2025-09-11T05:34:50.6138317Z
Activity.Duration:           00:00:00.2957511
Activity.Tags:
    server.address: localhost
    http.request.method: POST
    url.scheme: http
    url.path: /api/auth/register
    network.protocol.version: 1.1
    http.route: api/Auth/register
    http.response.status_code: 200
Resource associated with Activity:
    deployment.environment: Testing
    service.name: Crud.Api
    service.version: 1.0.0
    service.instance.id: 15081513-c9e4-4e0d-aac5-97a71d5ef649
    telemetry.sdk.name: opentelemetry
    telemetry.sdk.language: dotnet
    telemetry.sdk.version: 1.8.1
[05:34:50 DBG] Removed cache value for key: entity:person:58cc3d25ac4b436390d06da28e2841c8 {"SourceContext": "Infrastructure.Services.Caching.InMemoryCacheService", "ActionId": "fd24274c-fdc9-4f53-979a-5c69e458637c", "ActionName": "Api.Controllers.PeopleController.Create (Api)", "RequestId": "0HNFGUJ46SF55", "RequestPath": "/api/people", "Application": "Crud.Api"}
[05:34:50 DBG] Removed cache value for key: list:person {"SourceContext": "Infrastructure.Services.Caching.InMemoryCacheService", "ActionId": "fd24274c-fdc9-4f53-979a-5c69e458637c", "ActionName": "Api.Controllers.PeopleController.Create (Api)", "RequestId": "0HNFGUJ46SF55", "RequestPath": "/api/people", "Application": "Crud.Api"}
[05:34:50 DBG] Invalidating cache for entity type: people with tag: people {"SourceContext": "Api.Services.OutputCacheInvalidationService", "ActionId": "fd24274c-fdc9-4f53-979a-5c69e458637c", "ActionName": "Api.Controllers.PeopleController.Create (Api)", "RequestId": "0HNFGUJ46SF55", "RequestPath": "/api/people", "Application": "Crud.Api"}
[05:34:50 INF] Successfully invalidated cache for entity type: people {"SourceContext": "Api.Services.OutputCacheInvalidationService", "ActionId": "fd24274c-fdc9-4f53-979a-5c69e458637c", "ActionName": "Api.Controllers.PeopleController.Create (Api)", "RequestId": "0HNFGUJ46SF55", "RequestPath": "/api/people", "Application": "Crud.Api"}
Activity.TraceId:            4a624bdd0ba0e397cc26fabe63ac50a4
Activity.SpanId:             36f44b3d9260f35a
Activity.TraceFlags:         Recorded
Activity.ActivitySourceName: Microsoft.AspNetCore
Activity.DisplayName:        POST api/People
Activity.Kind:               Server
Activity.StartTime:          2025-09-11T05:34:50.9099454Z
Activity.Duration:           00:00:00.0017136
Activity.Tags:
    server.address: localhost
    http.request.method: POST
    url.scheme: http
    url.path: /api/people
    network.protocol.version: 1.1
    http.route: api/People
    http.response.status_code: 201
Resource associated with Activity:
    deployment.environment: Testing
    service.name: Crud.Api
    service.version: 1.0.0
    service.instance.id: 15081513-c9e4-4e0d-aac5-97a71d5ef649
    telemetry.sdk.name: opentelemetry
    telemetry.sdk.language: dotnet
    telemetry.sdk.version: 1.8.1
[05:34:50 DBG] Cache miss for key: entity:person:58cc3d25ac4b436390d06da28e2841c8 {"SourceContext": "Infrastructure.Services.Caching.InMemoryCacheService", "ActionId": "d7e68426-a2c2-47d0-b772-03262073ba24", "ActionName": "Api.Controllers.PeopleController.Get (Api)", "RequestId": "0HNFGUJ46SF56", "RequestPath": "/api/people/58cc3d25-ac4b-4363-90d0-6da28e2841c8", "Application": "Crud.Api"}
[05:34:50 DBG] Set cache value for key: entity:person:58cc3d25ac4b436390d06da28e2841c8 {"SourceContext": "Infrastructure.Services.Caching.InMemoryCacheService", "ActionId": "d7e68426-a2c2-47d0-b772-03262073ba24", "ActionName": "Api.Controllers.PeopleController.Get (Api)", "RequestId": "0HNFGUJ46SF56", "RequestPath": "/api/people/58cc3d25-ac4b-4363-90d0-6da28e2841c8", "Application": "Crud.Api"}
Activity.TraceId:            bd4a74e8f4fea0d10ffbda8b96566d75
Activity.SpanId:             a92ba1c441ea7e8b
Activity.TraceFlags:         Recorded
Activity.ActivitySourceName: Microsoft.AspNetCore
Activity.DisplayName:        GET api/People/{id:guid}
Activity.Kind:               Server
Activity.StartTime:          2025-09-11T05:34:50.9117441Z
Activity.Duration:           00:00:00.0010898
Activity.Tags:
    server.address: localhost
    http.request.method: GET
    url.scheme: http
    url.path: /api/people/58cc3d25-ac4b-4363-90d0-6da28e2841c8
    network.protocol.version: 1.1
    http.route: api/People/{id:guid}
    http.response.status_code: 200
Resource associated with Activity:
    deployment.environment: Testing
    service.name: Crud.Api
    service.version: 1.0.0
    service.instance.id: 15081513-c9e4-4e0d-aac5-97a71d5ef649
    telemetry.sdk.name: opentelemetry
    telemetry.sdk.language: dotnet
    telemetry.sdk.version: 1.8.1
[05:34:50 INF] Resetting database for worker 7856 {"SourceContext": "Infrastructure.Services.DatabaseTestService", "Application": "Crud.Api"}
[05:34:50 INF] Resetting database via file deletion for worker 7856 in CI environment {"SourceContext": "Infrastructure.Services.DatabaseTestService", "Application": "Crud.Api"}
[05:34:50 INF] Acquiring database mutex for worker 7856... {"SourceContext": "Infrastructure.Services.DatabaseTestService", "Application": "Crud.Api"}
[05:34:50 INF] Database mutex acquired for worker 7856 {"SourceContext": "Infrastructure.Services.DatabaseTestService", "Application": "Crud.Api"}
[05:34:50 INF] Current database state - CanConnect: True {"SourceContext": "Infrastructure.Services.DatabaseTestService", "Application": "Crud.Api"}
[05:34:50 INF] [Phase 0] Closing database connection for worker 7856... {"SourceContext": "Infrastructure.Services.DatabaseTestService", "Application": "Crud.Api"}
[05:34:50 INF] [Phase 0] Connection closed in 0.0006ms {"SourceContext": "Infrastructure.Services.DatabaseTestService", "Application": "Crud.Api"}
[05:34:50 INF] [Phase 1] Starting EnsureDeletedAsync for worker 7856... {"SourceContext": "Infrastructure.Services.DatabaseTestService", "Application": "Crud.Api"}
[05:34:50 INF] [Phase 1] EnsureDeletedAsync completed in 1.4936ms {"SourceContext": "Infrastructure.Services.DatabaseTestService", "Application": "Crud.Api"}
[05:34:51 INF] [Phase 2] Starting EnsureCreatedAsync for worker 7856... {"SourceContext": "Infrastructure.Services.DatabaseTestService", "Application": "Crud.Api"}
[05:34:51 INF] [Phase 2] EnsureCreatedAsync completed in 8.8034ms {"SourceContext": "Infrastructure.Services.DatabaseTestService", "Application": "Crud.Api"}
[05:34:51 INF] [Phase 3] Skipping database seeding as requested for worker 7856 {"SourceContext": "Infrastructure.Services.DatabaseTestService", "Application": "Crud.Api"}
[05:34:51 INF] Database reset via file deletion completed for worker 7856 in 111.4774ms (Close: 0.0006ms, Delete: 1.4936ms, Create: 8.8034ms) {"SourceContext": "Infrastructure.Services.DatabaseTestService", "Application": "Crud.Api"}
[05:34:51 INF] Releasing database mutex for worker 7856 {"SourceContext": "Infrastructure.Services.DatabaseTestService", "Application": "Crud.Api"}
[05:34:51 INF] Resetting database for worker 7856 {"SourceContext": "Infrastructure.Services.DatabaseTestService", "Application": "Crud.Api"}
[05:34:51 INF] Resetting database via file deletion for worker 7856 in CI environment {"SourceContext": "Infrastructure.Services.DatabaseTestService", "Application": "Crud.Api"}
[05:34:51 INF] Acquiring database mutex for worker 7856... {"SourceContext": "Infrastructure.Services.DatabaseTestService", "Application": "Crud.Api"}
[05:34:51 INF] Database mutex acquired for worker 7856 {"SourceContext": "Infrastructure.Services.DatabaseTestService", "Application": "Crud.Api"}
[05:34:51 INF] Current database state - CanConnect: True {"SourceContext": "Infrastructure.Services.DatabaseTestService", "Application": "Crud.Api"}
[05:34:51 INF] [Phase 0] Closing database connection for worker 7856... {"SourceContext": "Infrastructure.Services.DatabaseTestService", "Application": "Crud.Api"}
[05:34:51 INF] [Phase 0] Connection closed in 0.0005ms {"SourceContext": "Infrastructure.Services.DatabaseTestService", "Application": "Crud.Api"}
[05:34:51 INF] [Phase 1] Starting EnsureDeletedAsync for worker 7856... {"SourceContext": "Infrastructure.Services.DatabaseTestService", "Application": "Crud.Api"}
[05:34:51 INF] [Phase 1] EnsureDeletedAsync completed in 1.2341ms {"SourceContext": "Infrastructure.Services.DatabaseTestService", "Application": "Crud.Api"}
[05:34:51 INF] [Phase 2] Starting EnsureCreatedAsync for worker 7856... {"SourceContext": "Infrastructure.Services.DatabaseTestService", "Application": "Crud.Api"}
[05:34:51 INF] [Phase 2] EnsureCreatedAsync completed in 7.5343ms {"SourceContext": "Infrastructure.Services.DatabaseTestService", "Application": "Crud.Api"}
[05:34:51 INF] [Phase 3] Skipping database seeding as requested for worker 7856 {"SourceContext": "Infrastructure.Services.DatabaseTestService", "Application": "Crud.Api"}
[05:34:51 INF] Database reset via file deletion completed for worker 7856 in 109.6491ms (Close: 0.0005ms, Delete: 1.2341ms, Create: 7.5343ms) {"SourceContext": "Infrastructure.Services.DatabaseTestService", "Application": "Crud.Api"}
[05:34:51 INF] Releasing database mutex for worker 7856 {"SourceContext": "Infrastructure.Services.DatabaseTestService", "Application": "Crud.Api"}
[05:34:51 INF] User registered successfully: 816e7e37-d3cb-45a7-aafc-d2bd63d2373e {"SourceContext": "App.Features.Authentication.RegisterUserCommandHandler", "ActionId": "963efbb3-8213-4b58-ad66-73d4673fb143", "ActionName": "Api.Controllers.AuthController.Register (Api)", "RequestId": "0HNFGUJ46SF57", "RequestPath": "/api/auth/register", "Application": "Crud.Api"}
Activity.TraceId:            7469e8c05d2ed5478844083549ffda45
Activity.SpanId:             68a84f137b3643d6
Activity.TraceFlags:         Recorded
Activity.ActivitySourceName: Microsoft.AspNetCore
Activity.DisplayName:        POST api/Auth/register
Activity.Kind:               Server
Activity.StartTime:          2025-09-11T05:34:51.1379669Z
Activity.Duration:           00:00:00.2959933
Activity.Tags:
    server.address: localhost
    http.request.method: POST
    url.scheme: http
    url.path: /api/auth/register
    network.protocol.version: 1.1
    http.route: api/Auth/register
    http.response.status_code: 200
Resource associated with Activity:
    deployment.environment: Testing
    service.name: Crud.Api
    service.version: 1.0.0
    service.instance.id: 15081513-c9e4-4e0d-aac5-97a71d5ef649
    telemetry.sdk.name: opentelemetry
    telemetry.sdk.language: dotnet
    telemetry.sdk.version: 1.8.1
Activity.TraceId:            1cbd379460acf09e3944738edd3bd0a3
Activity.SpanId:             21c55bb83aa0e549
Activity.TraceFlags:         Recorded
Activity.ActivitySourceName: Microsoft.AspNetCore
Activity.DisplayName:        POST api/People
Activity.Kind:               Server
Activity.StartTime:          2025-09-11T05:34:51.4347662Z
Activity.Duration:           00:00:00.0014146
Activity.Tags:
    server.address: localhost
    http.request.method: POST
    url.scheme: http
    url.path: /api/people
    network.protocol.version: 1.1
    http.route: api/People
    http.response.status_code: 403
Resource associated with Activity:
    deployment.environment: Testing
    service.name: Crud.Api
    service.version: 1.0.0
    service.instance.id: 15081513-c9e4-4e0d-aac5-97a71d5ef649
    telemetry.sdk.name: opentelemetry
    telemetry.sdk.language: dotnet
    telemetry.sdk.version: 1.8.1
[05:34:51 INF] Resetting database for worker 7856 {"SourceContext": "Infrastructure.Services.DatabaseTestService", "Application": "Crud.Api"}
[05:34:51 INF] Resetting database via file deletion for worker 7856 in CI environment {"SourceContext": "Infrastructure.Services.DatabaseTestService", "Application": "Crud.Api"}
[05:34:51 INF] Acquiring database mutex for worker 7856... {"SourceContext": "Infrastructure.Services.DatabaseTestService", "Application": "Crud.Api"}
[05:34:51 INF] Database mutex acquired for worker 7856 {"SourceContext": "Infrastructure.Services.DatabaseTestService", "Application": "Crud.Api"}
[05:34:51 INF] Current database state - CanConnect: True {"SourceContext": "Infrastructure.Services.DatabaseTestService", "Application": "Crud.Api"}
[05:34:51 INF] [Phase 0] Closing database connection for worker 7856... {"SourceContext": "Infrastructure.Services.DatabaseTestService", "Application": "Crud.Api"}
[05:34:51 INF] [Phase 0] Connection closed in 0.0005ms {"SourceContext": "Infrastructure.Services.DatabaseTestService", "Application": "Crud.Api"}
[05:34:51 INF] [Phase 1] Starting EnsureDeletedAsync for worker 7856... {"SourceContext": "Infrastructure.Services.DatabaseTestService", "Application": "Crud.Api"}
[05:34:51 INF] [Phase 1] EnsureDeletedAsync completed in 1.4646ms {"SourceContext": "Infrastructure.Services.DatabaseTestService", "Application": "Crud.Api"}
[05:34:51 INF] [Phase 2] Starting EnsureCreatedAsync for worker 7856... {"SourceContext": "Infrastructure.Services.DatabaseTestService", "Application": "Crud.Api"}
[05:34:51 INF] [Phase 2] EnsureCreatedAsync completed in 7.8017ms {"SourceContext": "Infrastructure.Services.DatabaseTestService", "Application": "Crud.Api"}
[05:34:51 INF] [Phase 3] Skipping database seeding as requested for worker 7856 {"SourceContext": "Infrastructure.Services.DatabaseTestService", "Application": "Crud.Api"}
[05:34:51 INF] Database reset via file deletion completed for worker 7856 in 109.4526ms (Close: 0.0005ms, Delete: 1.4646ms, Create: 7.8017ms) {"SourceContext": "Infrastructure.Services.DatabaseTestService", "Application": "Crud.Api"}
[05:34:51 INF] Releasing database mutex for worker 7856 {"SourceContext": "Infrastructure.Services.DatabaseTestService", "Application": "Crud.Api"}
[05:34:51 INF] Resetting database for worker 7856 {"SourceContext": "Infrastructure.Services.DatabaseTestService", "Application": "Crud.Api"}
[05:34:51 INF] Resetting database via file deletion for worker 7856 in CI environment {"SourceContext": "Infrastructure.Services.DatabaseTestService", "Application": "Crud.Api"}
[05:34:51 INF] Acquiring database mutex for worker 7856... {"SourceContext": "Infrastructure.Services.DatabaseTestService", "Application": "Crud.Api"}
[05:34:51 INF] Database mutex acquired for worker 7856 {"SourceContext": "Infrastructure.Services.DatabaseTestService", "Application": "Crud.Api"}
[05:34:51 INF] Current database state - CanConnect: True {"SourceContext": "Infrastructure.Services.DatabaseTestService", "Application": "Crud.Api"}
[05:34:51 INF] [Phase 0] Closing database connection for worker 7856... {"SourceContext": "Infrastructure.Services.DatabaseTestService", "Application": "Crud.Api"}
[05:34:51 INF] [Phase 0] Connection closed in 0.0005ms {"SourceContext": "Infrastructure.Services.DatabaseTestService", "Application": "Crud.Api"}
[05:34:51 INF] [Phase 1] Starting EnsureDeletedAsync for worker 7856... {"SourceContext": "Infrastructure.Services.DatabaseTestService", "Application": "Crud.Api"}
[05:34:51 INF] [Phase 1] EnsureDeletedAsync completed in 1.3183ms {"SourceContext": "Infrastructure.Services.DatabaseTestService", "Application": "Crud.Api"}
[05:34:51 INF] [Phase 2] Starting EnsureCreatedAsync for worker 7856... {"SourceContext": "Infrastructure.Services.DatabaseTestService", "Application": "Crud.Api"}
[05:34:51 INF] [Phase 2] EnsureCreatedAsync completed in 7.7027ms {"SourceContext": "Infrastructure.Services.DatabaseTestService", "Application": "Crud.Api"}
[05:34:51 INF] [Phase 3] Skipping database seeding as requested for worker 7856 {"SourceContext": "Infrastructure.Services.DatabaseTestService", "Application": "Crud.Api"}
[05:34:51 INF] Database reset via file deletion completed for worker 7856 in 109.8031ms (Close: 0.0005ms, Delete: 1.3183ms, Create: 7.7027ms) {"SourceContext": "Infrastructure.Services.DatabaseTestService", "Application": "Crud.Api"}
[05:34:51 INF] Releasing database mutex for worker 7856 {"SourceContext": "Infrastructure.Services.DatabaseTestService", "Application": "Crud.Api"}
[05:34:51 INF] User registered successfully: d2c19d4e-0c51-4a8f-9591-f8d5f2f6fe33 {"SourceContext": "App.Features.Authentication.RegisterUserCommandHandler", "ActionId": "963efbb3-8213-4b58-ad66-73d4673fb143", "ActionName": "Api.Controllers.AuthController.Register (Api)", "RequestId": "0HNFGUJ46SF59", "RequestPath": "/api/auth/register", "Application": "Crud.Api"}
Activity.TraceId:            cf45c4fc735fd7802c4baeee67561ec8
Activity.SpanId:             62db9e6623e1a240
Activity.TraceFlags:         Recorded
Activity.ActivitySourceName: Microsoft.AspNetCore
Activity.DisplayName:        POST api/Auth/register
Activity.Kind:               Server
Activity.StartTime:          2025-09-11T05:34:51.6594909Z
Activity.Duration:           00:00:00.2958173
Activity.Tags:
    server.address: localhost
    http.request.method: POST
    url.scheme: http
    url.path: /api/auth/register
    network.protocol.version: 1.1
    http.route: api/Auth/register
    http.response.status_code: 200
Resource associated with Activity:
    deployment.environment: Testing
    service.name: Crud.Api
    service.version: 1.0.0
    service.instance.id: 15081513-c9e4-4e0d-aac5-97a71d5ef649
    telemetry.sdk.name: opentelemetry
    telemetry.sdk.language: dotnet
    telemetry.sdk.version: 1.8.1
[05:34:52 INF] User logged in successfully: d2c19d4e-0c51-4a8f-9591-f8d5f2f6fe33 {"SourceContext": "App.Features.Authentication.LoginCommandHandler", "ActionId": "2eaac732-a67c-4fa7-9fd6-52778530d538", "ActionName": "Api.Controllers.AuthController.Login (Api)", "RequestId": "0HNFGUJ46SF5A", "RequestPath": "/api/auth/login", "Application": "Crud.Api"}
Activity.TraceId:            de3a4332147eaef72672aed022a3961c
Activity.SpanId:             3c45ab03856a2e30
Activity.TraceFlags:         Recorded
Activity.ActivitySourceName: Microsoft.AspNetCore
Activity.DisplayName:        POST api/Auth/login
Activity.Kind:               Server
Activity.StartTime:          2025-09-11T05:34:51.9562763Z
Activity.Duration:           00:00:00.2959626
Activity.Tags:
    server.address: localhost
    http.request.method: POST
    url.scheme: http
    url.path: /api/auth/login
    network.protocol.version: 1.1
    http.route: api/Auth/login
    http.response.status_code: 200
Resource associated with Activity:
    deployment.environment: Testing
    service.name: Crud.Api
    service.version: 1.0.0
    service.instance.id: 15081513-c9e4-4e0d-aac5-97a71d5ef649
    telemetry.sdk.name: opentelemetry
    telemetry.sdk.language: dotnet
    telemetry.sdk.version: 1.8.1
[05:34:52 DBG] Removed cache value for key: entity:person:5d72326707174dc0bdad3b6b43f189ec {"SourceContext": "Infrastructure.Services.Caching.InMemoryCacheService", "ActionId": "b8abc3a2-8247-4759-b157-812cde29da6b", "ActionName": "Api.Controllers.PeopleController.Delete (Api)", "RequestId": "0HNFGUJ46SF5B", "RequestPath": "/api/people/5d723267-0717-4dc0-bdad-3b6b43f189ec", "Application": "Crud.Api"}
[05:34:52 DBG] Removed cache value for key: list:person {"SourceContext": "Infrastructure.Services.Caching.InMemoryCacheService", "ActionId": "b8abc3a2-8247-4759-b157-812cde29da6b", "ActionName": "Api.Controllers.PeopleController.Delete (Api)", "RequestId": "0HNFGUJ46SF5B", "RequestPath": "/api/people/5d723267-0717-4dc0-bdad-3b6b43f189ec", "Application": "Crud.Api"}
[05:34:52 DBG] Invalidating cache for entity: people/5d723267-0717-4dc0-bdad-3b6b43f189ec with tags: people, people:5d723267-0717-4dc0-bdad-3b6b43f189ec {"SourceContext": "Api.Services.OutputCacheInvalidationService", "ActionId": "b8abc3a2-8247-4759-b157-812cde29da6b", "ActionName": "Api.Controllers.PeopleController.Delete (Api)", "RequestId": "0HNFGUJ46SF5B", "RequestPath": "/api/people/5d723267-0717-4dc0-bdad-3b6b43f189ec", "Application": "Crud.Api"}
[05:34:52 DBG] Successfully invalidated cache for tag: people {"SourceContext": "Api.Services.OutputCacheInvalidationService", "ActionId": "b8abc3a2-8247-4759-b157-812cde29da6b", "ActionName": "Api.Controllers.PeopleController.Delete (Api)", "RequestId": "0HNFGUJ46SF5B", "RequestPath": "/api/people/5d723267-0717-4dc0-bdad-3b6b43f189ec", "Application": "Crud.Api"}
[05:34:52 DBG] Successfully invalidated cache for tag: people:5d723267-0717-4dc0-bdad-3b6b43f189ec {"SourceContext": "Api.Services.OutputCacheInvalidationService", "ActionId": "b8abc3a2-8247-4759-b157-812cde29da6b", "ActionName": "Api.Controllers.PeopleController.Delete (Api)", "RequestId": "0HNFGUJ46SF5B", "RequestPath": "/api/people/5d723267-0717-4dc0-bdad-3b6b43f189ec", "Application": "Crud.Api"}
Activity.TraceId:            6b51181797f5790daa5560eeadd9d8dd
Activity.SpanId:             e21e00d69ee10763
Activity.TraceFlags:         Recorded
Activity.ActivitySourceName: Microsoft.AspNetCore
Activity.DisplayName:        DELETE api/People/{id:guid}
Activity.Kind:               Server
Activity.StartTime:          2025-09-11T05:34:52.2529473Z
Activity.Duration:           00:00:00.0048651
Activity.Tags:
    server.address: localhost
    http.request.method: DELETE
    url.scheme: http
    url.path: /api/people/5d723267-0717-4dc0-bdad-3b6b43f189ec
    network.protocol.version: 1.1
    http.route: api/People/{id:guid}
    http.response.status_code: 204
Resource associated with Activity:
    deployment.environment: Testing
    service.name: Crud.Api
    service.version: 1.0.0
    service.instance.id: 15081513-c9e4-4e0d-aac5-97a71d5ef649
    telemetry.sdk.name: opentelemetry
    telemetry.sdk.language: dotnet
    telemetry.sdk.version: 1.8.1
[05:34:52 INF] Resetting database for worker 7856 {"SourceContext": "Infrastructure.Services.DatabaseTestService", "Application": "Crud.Api"}
[05:34:52 INF] Resetting database via file deletion for worker 7856 in CI environment {"SourceContext": "Infrastructure.Services.DatabaseTestService", "Application": "Crud.Api"}
[05:34:52 INF] Acquiring database mutex for worker 7856... {"SourceContext": "Infrastructure.Services.DatabaseTestService", "Application": "Crud.Api"}
[05:34:52 INF] Database mutex acquired for worker 7856 {"SourceContext": "Infrastructure.Services.DatabaseTestService", "Application": "Crud.Api"}
[05:34:52 INF] Current database state - CanConnect: True {"SourceContext": "Infrastructure.Services.DatabaseTestService", "Application": "Crud.Api"}
[05:34:52 INF] [Phase 0] Closing database connection for worker 7856... {"SourceContext": "Infrastructure.Services.DatabaseTestService", "Application": "Crud.Api"}
[05:34:52 INF] [Phase 0] Connection closed in 0.0006ms {"SourceContext": "Infrastructure.Services.DatabaseTestService", "Application": "Crud.Api"}
[05:34:52 INF] [Phase 1] Starting EnsureDeletedAsync for worker 7856... {"SourceContext": "Infrastructure.Services.DatabaseTestService", "Application": "Crud.Api"}
[05:34:52 INF] [Phase 1] EnsureDeletedAsync completed in 1.317ms {"SourceContext": "Infrastructure.Services.DatabaseTestService", "Application": "Crud.Api"}
[05:34:52 INF] [Phase 2] Starting EnsureCreatedAsync for worker 7856... {"SourceContext": "Infrastructure.Services.DatabaseTestService", "Application": "Crud.Api"}
[05:34:52 INF] [Phase 2] EnsureCreatedAsync completed in 7.9804ms {"SourceContext": "Infrastructure.Services.DatabaseTestService", "Application": "Crud.Api"}
[05:34:52 INF] [Phase 3] Skipping database seeding as requested for worker 7856 {"SourceContext": "Infrastructure.Services.DatabaseTestService", "Application": "Crud.Api"}
[05:34:52 INF] Database reset via file deletion completed for worker 7856 in 109.6217ms (Close: 0.0006ms, Delete: 1.317ms, Create: 7.9804ms) {"SourceContext": "Infrastructure.Services.DatabaseTestService", "Application": "Crud.Api"}
[05:34:52 INF] Releasing database mutex for worker 7856 {"SourceContext": "Infrastructure.Services.DatabaseTestService", "Application": "Crud.Api"}
[05:34:52 INF] Resetting database for worker 7856 {"SourceContext": "Infrastructure.Services.DatabaseTestService", "Application": "Crud.Api"}
[05:34:52 INF] Resetting database via file deletion for worker 7856 in CI environment {"SourceContext": "Infrastructure.Services.DatabaseTestService", "Application": "Crud.Api"}
[05:34:52 INF] Acquiring database mutex for worker 7856... {"SourceContext": "Infrastructure.Services.DatabaseTestService", "Application": "Crud.Api"}
[05:34:52 INF] Database mutex acquired for worker 7856 {"SourceContext": "Infrastructure.Services.DatabaseTestService", "Application": "Crud.Api"}
[05:34:52 INF] Current database state - CanConnect: True {"SourceContext": "Infrastructure.Services.DatabaseTestService", "Application": "Crud.Api"}
[05:34:52 INF] [Phase 0] Closing database connection for worker 7856... {"SourceContext": "Infrastructure.Services.DatabaseTestService", "Application": "Crud.Api"}
[05:34:52 INF] [Phase 0] Connection closed in 0.0006ms {"SourceContext": "Infrastructure.Services.DatabaseTestService", "Application": "Crud.Api"}
[05:34:52 INF] [Phase 1] Starting EnsureDeletedAsync for worker 7856... {"SourceContext": "Infrastructure.Services.DatabaseTestService", "Application": "Crud.Api"}
[05:34:52 INF] [Phase 1] EnsureDeletedAsync completed in 1.2862ms {"SourceContext": "Infrastructure.Services.DatabaseTestService", "Application": "Crud.Api"}
[05:34:52 INF] [Phase 2] Starting EnsureCreatedAsync for worker 7856... {"SourceContext": "Infrastructure.Services.DatabaseTestService", "Application": "Crud.Api"}
[05:34:52 INF] [Phase 2] EnsureCreatedAsync completed in 8.9242ms {"SourceContext": "Infrastructure.Services.DatabaseTestService", "Application": "Crud.Api"}
[05:34:52 INF] [Phase 3] Skipping database seeding as requested for worker 7856 {"SourceContext": "Infrastructure.Services.DatabaseTestService", "Application": "Crud.Api"}
[05:34:52 INF] Database reset via file deletion completed for worker 7856 in 110.6302ms (Close: 0.0006ms, Delete: 1.2862ms, Create: 8.9242ms) {"SourceContext": "Infrastructure.Services.DatabaseTestService", "Application": "Crud.Api"}
[05:34:52 INF] Releasing database mutex for worker 7856 {"SourceContext": "Infrastructure.Services.DatabaseTestService", "Application": "Crud.Api"}
[05:34:52 INF] User registered successfully: 9b0aa77f-e926-496c-99b2-e709467ed373 {"SourceContext": "App.Features.Authentication.RegisterUserCommandHandler", "ActionId": "963efbb3-8213-4b58-ad66-73d4673fb143", "ActionName": "Api.Controllers.AuthController.Register (Api)", "RequestId": "0HNFGUJ46SF5C", "RequestPath": "/api/auth/register", "Application": "Crud.Api"}
Activity.TraceId:            fadf8a781ffc579d79b97dc5e288a212
Activity.SpanId:             a850c9c55f2810c5
Activity.TraceFlags:         Recorded
Activity.ActivitySourceName: Microsoft.AspNetCore
Activity.DisplayName:        POST api/Auth/register
Activity.Kind:               Server
Activity.StartTime:          2025-09-11T05:34:52.4821552Z
Activity.Duration:           00:00:00.2962054
Activity.Tags:
    server.address: localhost
    http.request.method: POST
    url.scheme: http
    url.path: /api/auth/register
    network.protocol.version: 1.1
    http.route: api/Auth/register
    http.response.status_code: 200
Resource associated with Activity:
    deployment.environment: Testing
    service.name: Crud.Api
    service.version: 1.0.0
    service.instance.id: 15081513-c9e4-4e0d-aac5-97a71d5ef649
    telemetry.sdk.name: opentelemetry
    telemetry.sdk.language: dotnet
    telemetry.sdk.version: 1.8.1
Resource associated with Metric:
    deployment.environment: Testing
    service.name: Crud.Api
    service.version: 1.0.0
    service.instance.id: 15081513-c9e4-4e0d-aac5-97a71d5ef649
    telemetry.sdk.name: opentelemetry
    telemetry.sdk.language: dotnet
    telemetry.sdk.version: 1.8.1
Metric Name: http.server.active_requests, Number of active HTTP server requests., Unit: {request}, Meter: Microsoft.AspNetCore.Hosting
(2025-09-11T05:34:43.0704355Z, 2025-09-11T05:34:53.0705222Z] http.request.method: POST url.scheme: http LongSumNonMonotonic
Value: 1
(2025-09-11T05:34:43.0704355Z, 2025-09-11T05:34:53.0705222Z] http.request.method: GET url.scheme: http LongSumNonMonotonic
Value: 0
(2025-09-11T05:34:43.0704355Z, 2025-09-11T05:34:53.0705222Z] http.request.method: PUT url.scheme: http LongSumNonMonotonic
Value: 0
(2025-09-11T05:34:43.0704355Z, 2025-09-11T05:34:53.0705222Z] http.request.method: DELETE url.scheme: http LongSumNonMonotonic
Value: 0
Metric Name: http.server.request.duration, Duration of HTTP server requests., Unit: s, Meter: Microsoft.AspNetCore.Hosting
(2025-09-11T05:34:43.0704522Z, 2025-09-11T05:34:53.0705267Z] http.request.method: POST http.response.status_code: 200 http.route: api/Auth/register network.protocol.version: 1.1 url.scheme: http Histogram
Value: Sum: 4.1547225 Count: 14 Min: 0.2956961 Max: 0.3024065 
(-Infinity,0.005]:0
(0.005,0.01]:0
(0.01,0.025]:0
(0.025,0.05]:0
(0.05,0.075]:0
(0.075,0.1]:0
(0.1,0.25]:0
(0.25,0.5]:14
(0.5,0.75]:0
(0.75,1]:0
(1,2.5]:0
(2.5,5]:0
(5,7.5]:0
(7.5,10]:0
(10,+Infinity]:0
(2025-09-11T05:34:43.0704522Z, 2025-09-11T05:34:53.0705267Z] http.request.method: POST http.response.status_code: 200 http.route: api/Auth/login network.protocol.version: 1.1 url.scheme: http Histogram
Value: Sum: 2.3767245 Count: 8 Min: 0.2959159 Max: 0.3024298 
(-Infinity,0.005]:0
(0.005,0.01]:0
(0.01,0.025]:0
(0.025,0.05]:0
(0.05,0.075]:0
(0.075,0.1]:0
(0.1,0.25]:0
(0.25,0.5]:8
(0.5,0.75]:0
(0.75,1]:0
(1,2.5]:0
(2.5,5]:0
(5,7.5]:0
(7.5,10]:0
(10,+Infinity]:0
(2025-09-11T05:34:43.0704522Z, 2025-09-11T05:34:53.0705267Z] http.request.method: POST http.response.status_code: 201 http.route: api/Roles network.protocol.version: 1.1 url.scheme: http Histogram
Value: Sum: 0.0163185 Count: 3 Min: 0.0017064 Max: 0.010732 
(-Infinity,0.005]:2
(0.005,0.01]:0
(0.01,0.025]:1
(0.025,0.05]:0
(0.05,0.075]:0
(0.075,0.1]:0
(0.1,0.25]:0
(0.25,0.5]:0
(0.5,0.75]:0
(0.75,1]:0
(1,2.5]:0
(2.5,5]:0
(5,7.5]:0
(7.5,10]:0
(10,+Infinity]:0
(2025-09-11T05:34:43.0704522Z, 2025-09-11T05:34:53.0705267Z] http.request.method: POST http.response.status_code: 201 http.route: api/People network.protocol.version: 1.1 url.scheme: http Histogram
Value: Sum: 0.0449128 Count: 6 Min: 0.0017162 Max: 0.0326338 
(-Infinity,0.005]:5
(0.005,0.01]:0
(0.01,0.025]:0
(0.025,0.05]:1
(0.05,0.075]:0
(0.075,0.1]:0
(0.1,0.25]:0
(0.25,0.5]:0
(0.5,0.75]:0
(0.75,1]:0
(1,2.5]:0
(2.5,5]:0
(5,7.5]:0
(7.5,10]:0
(10,+Infinity]:0
(2025-09-11T05:34:43.0704522Z, 2025-09-11T05:34:53.0705267Z] http.request.method: GET http.response.status_code: 200 http.route: api/People network.protocol.version: 1.1 url.scheme: http Histogram
Value: Sum: 0.0072435 Count: 1 Min: 0.0072435 Max: 0.0072435 
(-Infinity,0.005]:0
(0.005,0.01]:1
(0.01,0.025]:0
(0.025,0.05]:0
(0.05,0.075]:0
(0.075,0.1]:0
(0.1,0.25]:0
(0.25,0.5]:0
(0.5,0.75]:0
(0.75,1]:0
(1,2.5]:0
(2.5,5]:0
(5,7.5]:0
(7.5,10]:0
(10,+Infinity]:0
(2025-09-11T05:34:43.0704522Z, 2025-09-11T05:34:53.0705267Z] http.request.method: POST http.response.status_code: 400 http.route: api/People network.protocol.version: 1.1 url.scheme: http Histogram
Value: Sum: 0.0021743 Count: 1 Min: 0.0021743 Max: 0.0021743 
(-Infinity,0.005]:1
(0.005,0.01]:0
(0.01,0.025]:0
(0.025,0.05]:0
(0.05,0.075]:0
(0.075,0.1]:0
(0.1,0.25]:0
(0.25,0.5]:0
(0.5,0.75]:0
(0.75,1]:0
(1,2.5]:0
(2.5,5]:0
(5,7.5]:0
(7.5,10]:0
(10,+Infinity]:0
(2025-09-11T05:34:43.0704522Z, 2025-09-11T05:34:53.0705267Z] http.request.method: PUT http.response.status_code: 204 http.route: api/People/{id:guid} network.protocol.version: 1.1 url.scheme: http Histogram
Value: Sum: 0.0068442 Count: 1 Min: 0.0068442 Max: 0.0068442 
(-Infinity,0.005]:0
(0.005,0.01]:1
(0.01,0.025]:0
(0.025,0.05]:0
(0.05,0.075]:0
(0.075,0.1]:0
(0.1,0.25]:0
(0.25,0.5]:0
(0.5,0.75]:0
(0.75,1]:0
(1,2.5]:0
(2.5,5]:0
(5,7.5]:0
(7.5,10]:0
(10,+Infinity]:0
(2025-09-11T05:34:43.0704522Z, 2025-09-11T05:34:53.0705267Z] http.request.method: GET http.response.status_code: 200 http.route: api/People/{id:guid} network.protocol.version: 1.1 url.scheme: http Histogram
Value: Sum: 0.0073314 Count: 3 Min: 0.0010878 Max: 0.0035904 
(-Infinity,0.005]:3
(0.005,0.01]:0
(0.01,0.025]:0
(0.025,0.05]:0
(0.05,0.075]:0
(0.075,0.1]:0
(0.1,0.25]:0
(0.25,0.5]:0
(0.5,0.75]:0
(0.75,1]:0
(1,2.5]:0
(2.5,5]:0
(5,7.5]:0
(7.5,10]:0
(10,+Infinity]:0
(2025-09-11T05:34:43.0704522Z, 2025-09-11T05:34:53.0705267Z] http.request.method: GET http.response.status_code: 401 http.route: api/People network.protocol.version: 1.1 url.scheme: http Histogram
Value: Sum: 0.0005973 Count: 1 Min: 0.0005973 Max: 0.0005973 
(-Infinity,0.005]:1
(0.005,0.01]:0
(0.01,0.025]:0
(0.025,0.05]:0
(0.05,0.075]:0
(0.075,0.1]:0
(0.1,0.25]:0
(0.25,0.5]:0
(0.5,0.75]:0
(0.75,1]:0
(1,2.5]:0
(2.5,5]:0
(5,7.5]:0
(7.5,10]:0
(10,+Infinity]:0
(2025-09-11T05:34:43.0704522Z, 2025-09-11T05:34:53.0705267Z] http.request.method: POST http.response.status_code: 401 http.route: api/People network.protocol.version: 1.1 url.scheme: http Histogram
Value: Sum: 0.0002261 Count: 1 Min: 0.0002261 Max: 0.0002261 
(-Infinity,0.005]:1
(0.005,0.01]:0
(0.01,0.025]:0
(0.025,0.05]:0
(0.05,0.075]:0
(0.075,0.1]:0
(0.1,0.25]:0
(0.25,0.5]:0
(0.5,0.75]:0
(0.75,1]:0
(1,2.5]:0
(2.5,5]:0
(5,7.5]:0
(7.5,10]:0
(10,+Infinity]:0
(2025-09-11T05:34:43.0704522Z, 2025-09-11T05:34:53.0705267Z] http.request.method: GET http.response.status_code: 404 http.route: api/People/{id:guid} network.protocol.version: 1.1 url.scheme: http Histogram
Value: Sum: 0.0038005 Count: 1 Min: 0.0038005 Max: 0.0038005 
(-Infinity,0.005]:1
(0.005,0.01]:0
(0.01,0.025]:0
(0.025,0.05]:0
(0.05,0.075]:0
(0.075,0.1]:0
(0.1,0.25]:0
(0.25,0.5]:0
(0.5,0.75]:0
(0.75,1]:0
(1,2.5]:0
(2.5,5]:0
(5,7.5]:0
(7.5,10]:0
(10,+Infinity]:0
(2025-09-11T05:34:43.0704522Z, 2025-09-11T05:34:53.0705267Z] http.request.method: POST http.response.status_code: 403 http.route: api/People network.protocol.version: 1.1 url.scheme: http Histogram
Value: Sum: 0.0014088 Count: 1 Min: 0.0014088 Max: 0.0014088 
(-Infinity,0.005]:1
(0.005,0.01]:0
(0.01,0.025]:0
(0.025,0.05]:0
(0.05,0.075]:0
(0.075,0.1]:0
(0.1,0.25]:0
(0.25,0.5]:0
(0.5,0.75]:0
(0.75,1]:0
(1,2.5]:0
(2.5,5]:0
(5,7.5]:0
(7.5,10]:0
(10,+Infinity]:0
(2025-09-11T05:34:43.0704522Z, 2025-09-11T05:34:53.0705267Z] http.request.method: DELETE http.response.status_code: 204 http.route: api/People/{id:guid} network.protocol.version: 1.1 url.scheme: http Histogram
Value: Sum: 0.0048666 Count: 1 Min: 0.0048666 Max: 0.0048666 
(-Infinity,0.005]:1
(0.005,0.01]:0
(0.01,0.025]:0
(0.025,0.05]:0
(0.05,0.075]:0
(0.075,0.1]:0
(0.1,0.25]:0
(0.25,0.5]:0
(0.5,0.75]:0
(0.75,1]:0
(1,2.5]:0
(2.5,5]:0
(5,7.5]:0
(7.5,10]:0
(10,+Infinity]:0
Metric Name: aspnetcore.rate_limiting.active_request_leases, Number of HTTP requests that are currently active on the server that hold a rate limiting lease., Unit: {request}, Meter: Microsoft.AspNetCore.RateLimiting
(2025-09-11T05:34:43.0724463Z, 2025-09-11T05:34:53.0705273Z] LongSumNonMonotonic
Value: 1
Metric Name: aspnetcore.rate_limiting.request_lease.duration, The duration of rate limiting leases held by HTTP requests on the server., Unit: s, Meter: Microsoft.AspNetCore.RateLimiting
(2025-09-11T05:34:43.0724639Z, 2025-09-11T05:34:53.0705281Z] Histogram
Value: Sum: 6.619045700000002 Count: 42 Min: 0.0001056 Max: 0.3013065 
(-Infinity,0.005]:16
(0.005,0.01]:2
(0.01,0.025]:1
(0.025,0.05]:1
(0.05,0.075]:0
(0.075,0.1]:0
(0.1,0.25]:0
(0.25,0.5]:22
(0.5,0.75]:0
(0.75,1]:0
(1,2.5]:0
(2.5,5]:0
(5,7.5]:0
(7.5,10]:0
(10,+Infinity]:0
Metric Name: aspnetcore.rate_limiting.requests, Number of requests that tried to acquire a rate limiting lease. Requests could be rejected by global or endpoint rate limiting policies. Or the request could be canceled while waiting for the lease., Unit: {request}, Meter: Microsoft.AspNetCore.RateLimiting
(2025-09-11T05:34:43.0724989Z, 2025-09-11T05:34:53.0705298Z] aspnetcore.rate_limiting.result: acquired LongSum
Value: 42
Metric Name: aspnetcore.routing.match_attempts, Number of requests that were attempted to be matched to an endpoint., Unit: {match_attempt}, Meter: Microsoft.AspNetCore.Routing
(2025-09-11T05:34:43.0733687Z, 2025-09-11T05:34:53.0705304Z] aspnetcore.routing.is_fallback: false aspnetcore.routing.match_status: success http.route: api/Auth/register LongSum
Value: 14
(2025-09-11T05:34:43.0733687Z, 2025-09-11T05:34:53.0705304Z] aspnetcore.routing.is_fallback: false aspnetcore.routing.match_status: success http.route: api/Auth/login LongSum
Value: 9
(2025-09-11T05:34:43.0733687Z, 2025-09-11T05:34:53.0705304Z] aspnetcore.routing.is_fallback: false aspnetcore.routing.match_status: success http.route: api/Roles LongSum
Value: 3
(2025-09-11T05:34:43.0733687Z, 2025-09-11T05:34:53.0705304Z] aspnetcore.routing.is_fallback: false aspnetcore.routing.match_status: success http.route: api/People LongSum
Value: 11
(2025-09-11T05:34:43.0733687Z, 2025-09-11T05:34:53.0705304Z] aspnetcore.routing.is_fallback: false aspnetcore.routing.match_status: success http.route: api/People/{id:guid} LongSum
Value: 6
[05:34:53 INF] User logged in successfully: 9b0aa77f-e926-496c-99b2-e709467ed373 {"SourceContext": "App.Features.Authentication.LoginCommandHandler", "ActionId": "2eaac732-a67c-4fa7-9fd6-52778530d538", "ActionName": "Api.Controllers.AuthController.Login (Api)", "RequestId": "0HNFGUJ46SF5D", "RequestPath": "/api/auth/login", "Application": "Crud.Api"}
Activity.TraceId:            57bb22c6c62f99a2e1315854ba8cecca
Activity.SpanId:             a6548889616ce9a8
Activity.TraceFlags:         Recorded
Activity.ActivitySourceName: Microsoft.AspNetCore
Activity.DisplayName:        POST api/Auth/login
Activity.Kind:               Server
Activity.StartTime:          2025-09-11T05:34:52.7793299Z
Activity.Duration:           00:00:00.2967231
Activity.Tags:
    server.address: localhost
    http.request.method: POST
    url.scheme: http
    url.path: /api/auth/login
    network.protocol.version: 1.1
    http.route: api/Auth/login
    http.response.status_code: 200
Resource associated with Activity:
    deployment.environment: Testing
    service.name: Crud.Api
    service.version: 1.0.0
    service.instance.id: 15081513-c9e4-4e0d-aac5-97a71d5ef649
    telemetry.sdk.name: opentelemetry
    telemetry.sdk.language: dotnet
    telemetry.sdk.version: 1.8.1
[05:34:53 DBG] Removed cache value for key: entity:person:cb9dab7a036245c385cedaab70301f22 {"SourceContext": "Infrastructure.Services.Caching.InMemoryCacheService", "ActionId": "fd24274c-fdc9-4f53-979a-5c69e458637c", "ActionName": "Api.Controllers.PeopleController.Create (Api)", "RequestId": "0HNFGUJ46SF5E", "RequestPath": "/api/people", "Application": "Crud.Api"}
[05:34:53 DBG] Removed cache value for key: list:person {"SourceContext": "Infrastructure.Services.Caching.InMemoryCacheService", "ActionId": "fd24274c-fdc9-4f53-979a-5c69e458637c", "ActionName": "Api.Controllers.PeopleController.Create (Api)", "RequestId": "0HNFGUJ46SF5E", "RequestPath": "/api/people", "Application": "Crud.Api"}
[05:34:53 DBG] Invalidating cache for entity type: people with tag: people {"SourceContext": "Api.Services.OutputCacheInvalidationService", "ActionId": "fd24274c-fdc9-4f53-979a-5c69e458637c", "ActionName": "Api.Controllers.PeopleController.Create (Api)", "RequestId": "0HNFGUJ46SF5E", "RequestPath": "/api/people", "Application": "Crud.Api"}
[05:34:53 INF] Successfully invalidated cache for entity type: people {"SourceContext": "Api.Services.OutputCacheInvalidationService", "ActionId": "fd24274c-fdc9-4f53-979a-5c69e458637c", "ActionName": "Api.Controllers.PeopleController.Create (Api)", "RequestId": "0HNFGUJ46SF5E", "RequestPath": "/api/people", "Application": "Crud.Api"}
Activity.TraceId:            d451bab59a339647b0f816c928293892
Activity.SpanId:             ca2fb4c20bf75575
Activity.TraceFlags:         Recorded
Activity.ActivitySourceName: Microsoft.AspNetCore
Activity.DisplayName:        POST api/People
Activity.Kind:               Server
Activity.StartTime:          2025-09-11T05:34:53.0767227Z
Activity.Duration:           00:00:00.0017045
Activity.Tags:
    server.address: localhost
    http.request.method: POST
    url.scheme: http
    url.path: /api/people
    network.protocol.version: 1.1
    http.route: api/People
    http.response.status_code: 201
Resource associated with Activity:
    deployment.environment: Testing
    service.name: Crud.Api
    service.version: 1.0.0
    service.instance.id: 15081513-c9e4-4e0d-aac5-97a71d5ef649
    telemetry.sdk.name: opentelemetry
    telemetry.sdk.language: dotnet
    telemetry.sdk.version: 1.8.1
[05:34:53 DBG] Removed cache value for key: entity:person:cb9dab7a036245c385cedaab70301f22 {"SourceContext": "Infrastructure.Services.Caching.InMemoryCacheService", "ActionId": "b8abc3a2-8247-4759-b157-812cde29da6b", "ActionName": "Api.Controllers.PeopleController.Delete (Api)", "RequestId": "0HNFGUJ46SF5F", "RequestPath": "/api/people/cb9dab7a-0362-45c3-85ce-daab70301f22", "Application": "Crud.Api"}
[05:34:53 DBG] Removed cache value for key: list:person {"SourceContext": "Infrastructure.Services.Caching.InMemoryCacheService", "ActionId": "b8abc3a2-8247-4759-b157-812cde29da6b", "ActionName": "Api.Controllers.PeopleController.Delete (Api)", "RequestId": "0HNFGUJ46SF5F", "RequestPath": "/api/people/cb9dab7a-0362-45c3-85ce-daab70301f22", "Application": "Crud.Api"}
[05:34:53 DBG] Invalidating cache for entity: people/cb9dab7a-0362-45c3-85ce-daab70301f22 with tags: people, people:cb9dab7a-0362-45c3-85ce-daab70301f22 {"SourceContext": "Api.Services.OutputCacheInvalidationService", "ActionId": "b8abc3a2-8247-4759-b157-812cde29da6b", "ActionName": "Api.Controllers.PeopleController.Delete (Api)", "RequestId": "0HNFGUJ46SF5F", "RequestPath": "/api/people/cb9dab7a-0362-45c3-85ce-daab70301f22", "Application": "Crud.Api"}
[05:34:53 DBG] Successfully invalidated cache for tag: people {"SourceContext": "Api.Services.OutputCacheInvalidationService", "ActionId": "b8abc3a2-8247-4759-b157-812cde29da6b", "ActionName": "Api.Controllers.PeopleController.Delete (Api)", "RequestId": "0HNFGUJ46SF5F", "RequestPath": "/api/people/cb9dab7a-0362-45c3-85ce-daab70301f22", "Application": "Crud.Api"}
[05:34:53 DBG] Successfully invalidated cache for tag: people:cb9dab7a-0362-45c3-85ce-daab70301f22 {"SourceContext": "Api.Services.OutputCacheInvalidationService", "ActionId": "b8abc3a2-8247-4759-b157-812cde29da6b", "ActionName": "Api.Controllers.PeopleController.Delete (Api)", "RequestId": "0HNFGUJ46SF5F", "RequestPath": "/api/people/cb9dab7a-0362-45c3-85ce-daab70301f22", "Application": "Crud.Api"}
Activity.TraceId:            75ca2a5a13a4497c43f8e3780bab24f4
Activity.SpanId:             87cd6c1211024e77
Activity.TraceFlags:         Recorded
Activity.ActivitySourceName: Microsoft.AspNetCore
Activity.DisplayName:        DELETE api/People/{id:guid}
Activity.Kind:               Server
Activity.StartTime:          2025-09-11T05:34:53.0786780Z
Activity.Duration:           00:00:00.0014785
Activity.Tags:
    server.address: localhost
    http.request.method: DELETE
    url.scheme: http
    url.path: /api/people/cb9dab7a-0362-45c3-85ce-daab70301f22
    network.protocol.version: 1.1
    http.route: api/People/{id:guid}
    http.response.status_code: 204
Resource associated with Activity:
    deployment.environment: Testing
    service.name: Crud.Api
    service.version: 1.0.0
    service.instance.id: 15081513-c9e4-4e0d-aac5-97a71d5ef649
    telemetry.sdk.name: opentelemetry
    telemetry.sdk.language: dotnet
    telemetry.sdk.version: 1.8.1
[05:34:53 DBG] Cache miss for key: entity:person:cb9dab7a036245c385cedaab70301f22 {"SourceContext": "Infrastructure.Services.Caching.InMemoryCacheService", "ActionId": "d7e68426-a2c2-47d0-b772-03262073ba24", "ActionName": "Api.Controllers.PeopleController.Get (Api)", "RequestId": "0HNFGUJ46SF5G", "RequestPath": "/api/people/cb9dab7a-0362-45c3-85ce-daab70301f22", "Application": "Crud.Api"}
Activity.TraceId:            4caf44f7d8300aff0254979b3469ede6
Activity.SpanId:             f9b2b6ec8aaf148d
Activity.TraceFlags:         Recorded
Activity.ActivitySourceName: Microsoft.AspNetCore
Activity.DisplayName:        GET api/People/{id:guid}
Activity.Kind:               Server
Activity.StartTime:          2025-09-11T05:34:53.0802796Z
Activity.Duration:           00:00:00.0008033
Activity.Tags:
    server.address: localhost
    http.request.method: GET
    url.scheme: http
    url.path: /api/people/cb9dab7a-0362-45c3-85ce-daab70301f22
    network.protocol.version: 1.1
    http.route: api/People/{id:guid}
    http.response.status_code: 404
Resource associated with Activity:
    deployment.environment: Testing
    service.name: Crud.Api
    service.version: 1.0.0
    service.instance.id: 15081513-c9e4-4e0d-aac5-97a71d5ef649
    telemetry.sdk.name: opentelemetry
    telemetry.sdk.language: dotnet
    telemetry.sdk.version: 1.8.1
[05:34:53 INF] Resetting database for worker 7856 {"SourceContext": "Infrastructure.Services.DatabaseTestService", "Application": "Crud.Api"}
[05:34:53 INF] Resetting database via file deletion for worker 7856 in CI environment {"SourceContext": "Infrastructure.Services.DatabaseTestService", "Application": "Crud.Api"}
[05:34:53 INF] Acquiring database mutex for worker 7856... {"SourceContext": "Infrastructure.Services.DatabaseTestService", "Application": "Crud.Api"}
[05:34:53 INF] Database mutex acquired for worker 7856 {"SourceContext": "Infrastructure.Services.DatabaseTestService", "Application": "Crud.Api"}
[05:34:53 INF] Current database state - CanConnect: True {"SourceContext": "Infrastructure.Services.DatabaseTestService", "Application": "Crud.Api"}
[05:34:53 INF] [Phase 0] Closing database connection for worker 7856... {"SourceContext": "Infrastructure.Services.DatabaseTestService", "Application": "Crud.Api"}
[05:34:53 INF] [Phase 0] Connection closed in 0.0006ms {"SourceContext": "Infrastructure.Services.DatabaseTestService", "Application": "Crud.Api"}
[05:34:53 INF] [Phase 1] Starting EnsureDeletedAsync for worker 7856... {"SourceContext": "Infrastructure.Services.DatabaseTestService", "Application": "Crud.Api"}
[05:34:53 INF] [Phase 1] EnsureDeletedAsync completed in 1.4555ms {"SourceContext": "Infrastructure.Services.DatabaseTestService", "Application": "Crud.Api"}
[05:34:53 INF] [Phase 2] Starting EnsureCreatedAsync for worker 7856... {"SourceContext": "Infrastructure.Services.DatabaseTestService", "Application": "Crud.Api"}
[05:34:53 INF] [Phase 2] EnsureCreatedAsync completed in 7.6192ms {"SourceContext": "Infrastructure.Services.DatabaseTestService", "Application": "Crud.Api"}
[05:34:53 INF] [Phase 3] Skipping database seeding as requested for worker 7856 {"SourceContext": "Infrastructure.Services.DatabaseTestService", "Application": "Crud.Api"}
[05:34:53 INF] Database reset via file deletion completed for worker 7856 in 109.8158ms (Close: 0.0006ms, Delete: 1.4555ms, Create: 7.6192ms) {"SourceContext": "Infrastructure.Services.DatabaseTestService", "Application": "Crud.Api"}
[05:34:53 INF] Releasing database mutex for worker 7856 {"SourceContext": "Infrastructure.Services.DatabaseTestService", "Application": "Crud.Api"}
[05:34:53 INF] Resetting database for worker 7856 {"SourceContext": "Infrastructure.Services.DatabaseTestService", "Application": "Crud.Api"}
[05:34:53 INF] Resetting database via file deletion for worker 7856 in CI environment {"SourceContext": "Infrastructure.Services.DatabaseTestService", "Application": "Crud.Api"}
[05:34:53 INF] Acquiring database mutex for worker 7856... {"SourceContext": "Infrastructure.Services.DatabaseTestService", "Application": "Crud.Api"}
[05:34:53 INF] Database mutex acquired for worker 7856 {"SourceContext": "Infrastructure.Services.DatabaseTestService", "Application": "Crud.Api"}
[05:34:53 INF] Current database state - CanConnect: True {"SourceContext": "Infrastructure.Services.DatabaseTestService", "Application": "Crud.Api"}
[05:34:53 INF] [Phase 0] Closing database connection for worker 7856... {"SourceContext": "Infrastructure.Services.DatabaseTestService", "Application": "Crud.Api"}
[05:34:53 INF] [Phase 0] Connection closed in 0.0005ms {"SourceContext": "Infrastructure.Services.DatabaseTestService", "Application": "Crud.Api"}
[05:34:53 INF] [Phase 1] Starting EnsureDeletedAsync for worker 7856... {"SourceContext": "Infrastructure.Services.DatabaseTestService", "Application": "Crud.Api"}
[05:34:53 INF] [Phase 1] EnsureDeletedAsync completed in 1.4078ms {"SourceContext": "Infrastructure.Services.DatabaseTestService", "Application": "Crud.Api"}
[05:34:53 INF] [Phase 2] Starting EnsureCreatedAsync for worker 7856... {"SourceContext": "Infrastructure.Services.DatabaseTestService", "Application": "Crud.Api"}
[05:34:53 INF] [Phase 2] EnsureCreatedAsync completed in 7.8202ms {"SourceContext": "Infrastructure.Services.DatabaseTestService", "Application": "Crud.Api"}
[05:34:53 INF] [Phase 3] Skipping database seeding as requested for worker 7856 {"SourceContext": "Infrastructure.Services.DatabaseTestService", "Application": "Crud.Api"}
[05:34:53 INF] Database reset via file deletion completed for worker 7856 in 110.2395ms (Close: 0.0005ms, Delete: 1.4078ms, Create: 7.8202ms) {"SourceContext": "Infrastructure.Services.DatabaseTestService", "Application": "Crud.Api"}
[05:34:53 INF] Releasing database mutex for worker 7856 {"SourceContext": "Infrastructure.Services.DatabaseTestService", "Application": "Crud.Api"}
[05:34:53 INF] User registered successfully: b60c0720-4265-4527-af0c-0e20d9ccdc62 {"SourceContext": "App.Features.Authentication.RegisterUserCommandHandler", "ActionId": "963efbb3-8213-4b58-ad66-73d4673fb143", "ActionName": "Api.Controllers.AuthController.Register (Api)", "RequestId": "0HNFGUJ46SF5H", "RequestPath": "/api/auth/register", "Application": "Crud.Api"}
Activity.TraceId:            4cddddc85f0c2a4f2ab195d5ef2523c1
Activity.SpanId:             26b07e186c5fc9a2
Activity.TraceFlags:         Recorded
Activity.ActivitySourceName: Microsoft.AspNetCore
Activity.DisplayName:        POST api/Auth/register
Activity.Kind:               Server
Activity.StartTime:          2025-09-11T05:34:53.3050594Z
Activity.Duration:           00:00:00.2970608
Activity.Tags:
    server.address: localhost
    http.request.method: POST
    url.scheme: http
    url.path: /api/auth/register
    network.protocol.version: 1.1
    http.route: api/Auth/register
    http.response.status_code: 200
Resource associated with Activity:
    deployment.environment: Testing
    service.name: Crud.Api
    service.version: 1.0.0
    service.instance.id: 15081513-c9e4-4e0d-aac5-97a71d5ef649
    telemetry.sdk.name: opentelemetry
    telemetry.sdk.language: dotnet
    telemetry.sdk.version: 1.8.1
[05:34:53 INF] User logged in successfully: b60c0720-4265-4527-af0c-0e20d9ccdc62 {"SourceContext": "App.Features.Authentication.LoginCommandHandler", "ActionId": "2eaac732-a67c-4fa7-9fd6-52778530d538", "ActionName": "Api.Controllers.AuthController.Login (Api)", "RequestId": "0HNFGUJ46SF5I", "RequestPath": "/api/auth/login", "Application": "Crud.Api"}
Activity.TraceId:            75c8cefd9f145ee62ebe987b0bef82ae
Activity.SpanId:             b1d981b7e2d4e7d3
Activity.TraceFlags:         Recorded
Activity.ActivitySourceName: Microsoft.AspNetCore
Activity.DisplayName:        POST api/Auth/login
Activity.Kind:               Server
Activity.StartTime:          2025-09-11T05:34:53.6031600Z
Activity.Duration:           00:00:00.2962919
Activity.Tags:
    server.address: localhost
    http.request.method: POST
    url.scheme: http
    url.path: /api/auth/login
    network.protocol.version: 1.1
    http.route: api/Auth/login
    http.response.status_code: 200
Resource associated with Activity:
    deployment.environment: Testing
    service.name: Crud.Api
    service.version: 1.0.0
    service.instance.id: 15081513-c9e4-4e0d-aac5-97a71d5ef649
    telemetry.sdk.name: opentelemetry
    telemetry.sdk.language: dotnet
    telemetry.sdk.version: 1.8.1
[05:34:53 DBG] Cache miss for key: entity:person:6f84e0713de544ccb396e0fa5206bde2 {"SourceContext": "Infrastructure.Services.Caching.InMemoryCacheService", "ActionId": "ca12e43c-2a31-426f-8e63-ab90a42930ca", "ActionName": "Api.Controllers.PeopleController.Update (Api)", "RequestId": "0HNFGUJ46SF5J", "RequestPath": "/api/people/6f84e071-3de5-44cc-b396-e0fa5206bde2", "Application": "Crud.Api"}
[05:34:53 ERR] An unhandled exception occurred during request PUT /api/people/6f84e071-3de5-44cc-b396-e0fa5206bde2. Request ID: 0HNFGUJ46SF5J, User: Anonymous {"SourceContext": "Api.Middleware.GlobalExceptionHandlingMiddleware", "RequestPath": "/api/people/6f84e071-3de5-44cc-b396-e0fa5206bde2", "Application": "Crud.Api"}
System.Collections.Generic.KeyNotFoundException: Person 6f84e071-3de5-44cc-b396-e0fa5206bde2 not found
   at App.Features.People.UpdatePersonCommandHandler.Handle(UpdatePersonCommand request, CancellationToken cancellationToken) in /home/runner/work/Crud/Crud/src/App/Features/People/CommandHandlers.cs:line 31
   at MediatR.Wrappers.RequestHandlerWrapperImpl`1.&lt;&gt;c__DisplayClass1_0.&lt;&lt;Handle&gt;g__Handler|0&gt;d.MoveNext()
--- End of stack trace from previous location ---
   at Api.Controllers.PeopleController.Update(Guid id, UpdatePersonRequest request, CancellationToken ct) in /home/runner/work/Crud/Crud/src/Api/Controllers/PeopleController.cs:line 85
   at Microsoft.AspNetCore.Mvc.Infrastructure.ActionMethodExecutor.TaskOfIActionResultExecutor.Execute(ActionContext actionContext, IActionResultTypeMapper mapper, ObjectMethodExecutor executor, Object controller, Object[] arguments)
   at Microsoft.AspNetCore.Mvc.Infrastructure.ControllerActionInvoker.&lt;InvokeActionMethodAsync&gt;g__Logged|12_1(ControllerActionInvoker invoker)
   at Microsoft.AspNetCore.Mvc.Infrastructure.ControllerActionInvoker.&lt;InvokeNextActionFilterAsync&gt;g__Awaited|10_0(ControllerActionInvoker invoker, Task lastTask, State next, Scope scope, Object state, Boolean isCompleted)
   at Microsoft.AspNetCore.Mvc.Infrastructure.ControllerActionInvoker.Rethrow(ActionExecutedContextSealed context)
   at Microsoft.AspNetCore.Mvc.Infrastructure.ControllerActionInvoker.Next(State&amp; next, Scope&amp; scope, Object&amp; state, Boolean&amp; isCompleted)
   at Microsoft.AspNetCore.Mvc.Infrastructure.ControllerActionInvoker.InvokeInnerFilterAsync()
--- End of stack trace from previous location ---
   at Microsoft.AspNetCore.Mvc.Infrastructure.ResourceInvoker.&lt;InvokeFilterPipelineAsync&gt;g__Awaited|20_0(ResourceInvoker invoker, Task lastTask, State next, Scope scope, Object state, Boolean isCompleted)
   at Microsoft.AspNetCore.Mvc.Infrastructure.ResourceInvoker.&lt;InvokeAsync&gt;g__Logged|17_1(ResourceInvoker invoker)
   at Microsoft.AspNetCore.Mvc.Infrastructure.ResourceInvoker.&lt;InvokeAsync&gt;g__Logged|17_1(ResourceInvoker invoker)
   at Microsoft.AspNetCore.Authorization.AuthorizationMiddleware.Invoke(HttpContext context)
   at Microsoft.AspNetCore.Authentication.AuthenticationMiddleware.Invoke(HttpContext context)
   at Microsoft.AspNetCore.RateLimiting.RateLimitingMiddleware.InvokeInternal(HttpContext context, EnableRateLimitingAttribute enableRateLimitingAttribute)
   at Api.Middleware.GlobalExceptionHandlingMiddleware.InvokeAsync(HttpContext context) in /home/runner/work/Crud/Crud/src/Api/Middleware/GlobalExceptionHandlingMiddleware.cs:line 27
Activity.TraceId:            c0cc54b8f763d8c5f9dc1b786df66450
Activity.SpanId:             b4d7864c55a509c3
Activity.TraceFlags:         Recorded
Activity.ActivitySourceName: Microsoft.AspNetCore
Activity.DisplayName:        PUT api/People/{id:guid}
Activity.Kind:               Server
Activity.StartTime:          2025-09-11T05:34:53.9000506Z
Activity.Duration:           00:00:00.0026358
Activity.Tags:
    server.address: localhost
    http.request.method: PUT
    url.scheme: http
    url.path: /api/people/6f84e071-3de5-44cc-b396-e0fa5206bde2
    network.protocol.version: 1.1
    http.route: api/People/{id:guid}
    http.response.status_code: 404
Resource associated with Activity:
    deployment.environment: Testing
    service.name: Crud.Api
    service.version: 1.0.0
    service.instance.id: 15081513-c9e4-4e0d-aac5-97a71d5ef649
    telemetry.sdk.name: opentelemetry
    telemetry.sdk.language: dotnet
    telemetry.sdk.version: 1.8.1
[05:34:53 INF] Resetting database for worker 7856 {"SourceContext": "Infrastructure.Services.DatabaseTestService", "Application": "Crud.Api"}
[05:34:53 INF] Resetting database via file deletion for worker 7856 in CI environment {"SourceContext": "Infrastructure.Services.DatabaseTestService", "Application": "Crud.Api"}
[05:34:53 INF] Acquiring database mutex for worker 7856... {"SourceContext": "Infrastructure.Services.DatabaseTestService", "Application": "Crud.Api"}
[05:34:53 INF] Database mutex acquired for worker 7856 {"SourceContext": "Infrastructure.Services.DatabaseTestService", "Application": "Crud.Api"}
[05:34:53 INF] Current database state - CanConnect: True {"SourceContext": "Infrastructure.Services.DatabaseTestService", "Application": "Crud.Api"}
[05:34:53 INF] [Phase 0] Closing database connection for worker 7856... {"SourceContext": "Infrastructure.Services.DatabaseTestService", "Application": "Crud.Api"}
[05:34:53 INF] [Phase 0] Connection closed in 0.0006ms {"SourceContext": "Infrastructure.Services.DatabaseTestService", "Application": "Crud.Api"}
[05:34:53 INF] [Phase 1] Starting EnsureDeletedAsync for worker 7856... {"SourceContext": "Infrastructure.Services.DatabaseTestService", "Application": "Crud.Api"}
[05:34:53 INF] [Phase 1] EnsureDeletedAsync completed in 1.3258ms {"SourceContext": "Infrastructure.Services.DatabaseTestService", "Application": "Crud.Api"}
[05:34:54 INF] [Phase 2] Starting EnsureCreatedAsync for worker 7856... {"SourceContext": "Infrastructure.Services.DatabaseTestService", "Application": "Crud.Api"}
[05:34:54 INF] [Phase 2] EnsureCreatedAsync completed in 7.7044ms {"SourceContext": "Infrastructure.Services.DatabaseTestService", "Application": "Crud.Api"}
[05:34:54 INF] [Phase 3] Skipping database seeding as requested for worker 7856 {"SourceContext": "Infrastructure.Services.DatabaseTestService", "Application": "Crud.Api"}
[05:34:54 INF] Database reset via file deletion completed for worker 7856 in 109.6202ms (Close: 0.0006ms, Delete: 1.3258ms, Create: 7.7044ms) {"SourceContext": "Infrastructure.Services.DatabaseTestService", "Application": "Crud.Api"}
[05:34:54 INF] Releasing database mutex for worker 7856 {"SourceContext": "Infrastructure.Services.DatabaseTestService", "Application": "Crud.Api"}
[05:34:54 INF] Resetting database for worker 7856 {"SourceContext": "Infrastructure.Services.DatabaseTestService", "Application": "Crud.Api"}
[05:34:54 INF] Resetting database via file deletion for worker 7856 in CI environment {"SourceContext": "Infrastructure.Services.DatabaseTestService", "Application": "Crud.Api"}
[05:34:54 INF] Acquiring database mutex for worker 7856... {"SourceContext": "Infrastructure.Services.DatabaseTestService", "Application": "Crud.Api"}
[05:34:54 INF] Database mutex acquired for worker 7856 {"SourceContext": "Infrastructure.Services.DatabaseTestService", "Application": "Crud.Api"}
[05:34:54 INF] Current database state - CanConnect: True {"SourceContext": "Infrastructure.Services.DatabaseTestService", "Application": "Crud.Api"}
[05:34:54 INF] [Phase 0] Closing database connection for worker 7856... {"SourceContext": "Infrastructure.Services.DatabaseTestService", "Application": "Crud.Api"}
[05:34:54 INF] [Phase 0] Connection closed in 0.0005ms {"SourceContext": "Infrastructure.Services.DatabaseTestService", "Application": "Crud.Api"}
[05:34:54 INF] [Phase 1] Starting EnsureDeletedAsync for worker 7856... {"SourceContext": "Infrastructure.Services.DatabaseTestService", "Application": "Crud.Api"}
[05:34:54 INF] [Phase 1] EnsureDeletedAsync completed in 1.2177ms {"SourceContext": "Infrastructure.Services.DatabaseTestService", "Application": "Crud.Api"}
[05:34:54 INF] [Phase 2] Starting EnsureCreatedAsync for worker 7856... {"SourceContext": "Infrastructure.Services.DatabaseTestService", "Application": "Crud.Api"}
[05:34:54 INF] [Phase 2] EnsureCreatedAsync completed in 7.596ms {"SourceContext": "Infrastructure.Services.DatabaseTestService", "Application": "Crud.Api"}
[05:34:54 INF] [Phase 3] Skipping database seeding as requested for worker 7856 {"SourceContext": "Infrastructure.Services.DatabaseTestService", "Application": "Crud.Api"}
[05:34:54 INF] Database reset via file deletion completed for worker 7856 in 109.4956ms (Close: 0.0005ms, Delete: 1.2177ms, Create: 7.596ms) {"SourceContext": "Infrastructure.Services.DatabaseTestService", "Application": "Crud.Api"}
[05:34:54 INF] Releasing database mutex for worker 7856 {"SourceContext": "Infrastructure.Services.DatabaseTestService", "Application": "Crud.Api"}
[05:34:54 INF] User registered successfully: b7b94742-5ee7-4350-89da-788f4b9e2ba6 {"SourceContext": "App.Features.Authentication.RegisterUserCommandHandler", "ActionId": "963efbb3-8213-4b58-ad66-73d4673fb143", "ActionName": "Api.Controllers.AuthController.Register (Api)", "RequestId": "0HNFGUJ46SF5K", "RequestPath": "/api/auth/register", "Application": "Crud.Api"}
Activity.TraceId:            18eb1fd9506a5426a09dbead3174ad5b
Activity.SpanId:             ae7839b9b6cef2d4
Activity.TraceFlags:         Recorded
Activity.ActivitySourceName: Microsoft.AspNetCore
Activity.DisplayName:        POST api/Auth/register
Activity.Kind:               Server
Activity.StartTime:          2025-09-11T05:34:54.1263050Z
Activity.Duration:           00:00:00.2959766
Activity.Tags:
    server.address: localhost
    http.request.method: POST
    url.scheme: http
    url.path: /api/auth/register
    network.protocol.version: 1.1
    http.route: api/Auth/register
    http.response.status_code: 200
Resource associated with Activity:
    deployment.environment: Testing
    service.name: Crud.Api
    service.version: 1.0.0
    service.instance.id: 15081513-c9e4-4e0d-aac5-97a71d5ef649
    telemetry.sdk.name: opentelemetry
    telemetry.sdk.language: dotnet
    telemetry.sdk.version: 1.8.1
[05:34:54 INF] User logged in successfully: b7b94742-5ee7-4350-89da-788f4b9e2ba6 {"SourceContext": "App.Features.Authentication.LoginCommandHandler", "ActionId": "2eaac732-a67c-4fa7-9fd6-52778530d538", "ActionName": "Api.Controllers.AuthController.Login (Api)", "RequestId": "0HNFGUJ46SF5L", "RequestPath": "/api/auth/login", "Application": "Crud.Api"}
Activity.TraceId:            d5f7445f67e28f785f939967de48a997
Activity.SpanId:             8aba13c212574183
Activity.TraceFlags:         Recorded
Activity.ActivitySourceName: Microsoft.AspNetCore
Activity.DisplayName:        POST api/Auth/login
Activity.Kind:               Server
Activity.StartTime:          2025-09-11T05:34:54.4232518Z
Activity.Duration:           00:00:00.2973424
Activity.Tags:
    server.address: localhost
    http.request.method: POST
    url.scheme: http
    url.path: /api/auth/login
    network.protocol.version: 1.1
    http.route: api/Auth/login
    http.response.status_code: 200
Resource associated with Activity:
    deployment.environment: Testing
    service.name: Crud.Api
    service.version: 1.0.0
    service.instance.id: 15081513-c9e4-4e0d-aac5-97a71d5ef649
    telemetry.sdk.name: opentelemetry
    telemetry.sdk.language: dotnet
    telemetry.sdk.version: 1.8.1
[05:34:55 INF] User registered successfully: 2207fba7-9162-4fc3-beae-854858442044 {"SourceContext": "App.Features.Authentication.RegisterUserCommandHandler", "ActionId": "963efbb3-8213-4b58-ad66-73d4673fb143", "ActionName": "Api.Controllers.AuthController.Register (Api)", "RequestId": "0HNFGUJ46SF5M", "RequestPath": "/api/auth/register", "Application": "Crud.Api"}
Activity.TraceId:            b44d94488fb499f343792403ee41f150
Activity.SpanId:             1e611b20ab7f2af3
Activity.TraceFlags:         Recorded
Activity.ActivitySourceName: Microsoft.AspNetCore
Activity.DisplayName:        POST api/Auth/register
Activity.Kind:               Server
Activity.StartTime:          2025-09-11T05:34:54.7212441Z
Activity.Duration:           00:00:00.2997409
Activity.Tags:
    server.address: localhost
    http.request.method: POST
    url.scheme: http
    url.path: /api/auth/register
    network.protocol.version: 1.1
    http.route: api/Auth/register
    http.response.status_code: 200
Resource associated with Activity:
    deployment.environment: Testing
    service.name: Crud.Api
    service.version: 1.0.0
    service.instance.id: 15081513-c9e4-4e0d-aac5-97a71d5ef649
    telemetry.sdk.name: opentelemetry
    telemetry.sdk.language: dotnet
    telemetry.sdk.version: 1.8.1
[05:34:55 DBG] Removed cache value for key: entity:person:467125c33c164d79985544f440f73499 {"SourceContext": "Infrastructure.Services.Caching.InMemoryCacheService", "ActionId": "fd24274c-fdc9-4f53-979a-5c69e458637c", "ActionName": "Api.Controllers.PeopleController.Create (Api)", "RequestId": "0HNFGUJ46SF5N", "RequestPath": "/api/people", "Application": "Crud.Api"}
[05:34:55 DBG] Removed cache value for key: list:person {"SourceContext": "Infrastructure.Services.Caching.InMemoryCacheService", "ActionId": "fd24274c-fdc9-4f53-979a-5c69e458637c", "ActionName": "Api.Controllers.PeopleController.Create (Api)", "RequestId": "0HNFGUJ46SF5N", "RequestPath": "/api/people", "Application": "Crud.Api"}
[05:34:55 DBG] Invalidating cache for entity type: people with tag: people {"SourceContext": "Api.Services.OutputCacheInvalidationService", "ActionId": "fd24274c-fdc9-4f53-979a-5c69e458637c", "ActionName": "Api.Controllers.PeopleController.Create (Api)", "RequestId": "0HNFGUJ46SF5N", "RequestPath": "/api/people", "Application": "Crud.Api"}
[05:34:55 INF] Successfully invalidated cache for entity type: people {"SourceContext": "Api.Services.OutputCacheInvalidationService", "ActionId": "fd24274c-fdc9-4f53-979a-5c69e458637c", "ActionName": "Api.Controllers.PeopleController.Create (Api)", "RequestId": "0HNFGUJ46SF5N", "RequestPath": "/api/people", "Application": "Crud.Api"}
Activity.TraceId:            6df97dc1cbff15b8979360eeed128e39
Activity.SpanId:             f66db8afb0dabacc
Activity.TraceFlags:         Recorded
Activity.ActivitySourceName: Microsoft.AspNetCore
Activity.DisplayName:        POST api/People
Activity.Kind:               Server
Activity.StartTime:          2025-09-11T05:34:55.0213774Z
Activity.Duration:           00:00:00.0018914
Activity.Tags:
    server.address: localhost
    http.request.method: POST
    url.scheme: http
    url.path: /api/people
    network.protocol.version: 1.1
    http.route: api/People
    http.response.status_code: 201
Resource associated with Activity:
    deployment.environment: Testing
    service.name: Crud.Api
    service.version: 1.0.0
    service.instance.id: 15081513-c9e4-4e0d-aac5-97a71d5ef649
    telemetry.sdk.name: opentelemetry
    telemetry.sdk.language: dotnet
    telemetry.sdk.version: 1.8.1
[05:34:55 DBG] Removed cache value for key: entity:person:99a3b6d4ff1441d2b6793b205d49b3b1 {"SourceContext": "Infrastructure.Services.Caching.InMemoryCacheService", "ActionId": "fd24274c-fdc9-4f53-979a-5c69e458637c", "ActionName": "Api.Controllers.PeopleController.Create (Api)", "RequestId": "0HNFGUJ46SF5O", "RequestPath": "/api/people", "Application": "Crud.Api"}
[05:34:55 DBG] Removed cache value for key: list:person {"SourceContext": "Infrastructure.Services.Caching.InMemoryCacheService", "ActionId": "fd24274c-fdc9-4f53-979a-5c69e458637c", "ActionName": "Api.Controllers.PeopleController.Create (Api)", "RequestId": "0HNFGUJ46SF5O", "RequestPath": "/api/people", "Application": "Crud.Api"}
[05:34:55 DBG] Invalidating cache for entity type: people with tag: people {"SourceContext": "Api.Services.OutputCacheInvalidationService", "ActionId": "fd24274c-fdc9-4f53-979a-5c69e458637c", "ActionName": "Api.Controllers.PeopleController.Create (Api)", "RequestId": "0HNFGUJ46SF5O", "RequestPath": "/api/people", "Application": "Crud.Api"}
[05:34:55 INF] Successfully invalidated cache for entity type: people {"SourceContext": "Api.Services.OutputCacheInvalidationService", "ActionId": "fd24274c-fdc9-4f53-979a-5c69e458637c", "ActionName": "Api.Controllers.PeopleController.Create (Api)", "RequestId": "0HNFGUJ46SF5O", "RequestPath": "/api/people", "Application": "Crud.Api"}
Activity.TraceId:            1b644f3c4a0a50797f7c6eceef88441d
Activity.SpanId:             df0a9d10b84f5808
Activity.TraceFlags:         Recorded
Activity.ActivitySourceName: Microsoft.AspNetCore
Activity.DisplayName:        POST api/People
Activity.Kind:               Server
Activity.StartTime:          2025-09-11T05:34:55.0233377Z
Activity.Duration:           00:00:00.0013019
Activity.Tags:
    server.address: localhost
    http.request.method: POST
    url.scheme: http
    url.path: /api/people
    network.protocol.version: 1.1
    http.route: api/People
    http.response.status_code: 201
Resource associated with Activity:
    deployment.environment: Testing
    service.name: Crud.Api
    service.version: 1.0.0
    service.instance.id: 15081513-c9e4-4e0d-aac5-97a71d5ef649
    telemetry.sdk.name: opentelemetry
    telemetry.sdk.language: dotnet
    telemetry.sdk.version: 1.8.1
[05:34:55 DBG] Cache miss for key: list:person {"SourceContext": "Infrastructure.Services.Caching.InMemoryCacheService", "ActionId": "d09d1e4d-24fd-4e6b-976e-4cce91a06374", "ActionName": "Api.Controllers.PeopleController.List (Api)", "RequestId": "0HNFGUJ46SF5P", "RequestPath": "/api/people", "Application": "Crud.Api"}
[05:34:55 DBG] Set cache value for key: list:person {"SourceContext": "Infrastructure.Services.Caching.InMemoryCacheService", "ActionId": "d09d1e4d-24fd-4e6b-976e-4cce91a06374", "ActionName": "Api.Controllers.PeopleController.List (Api)", "RequestId": "0HNFGUJ46SF5P", "RequestPath": "/api/people", "Application": "Crud.Api"}
Activity.TraceId:            18aeb8f0240d887fceb2c58d2115a293
Activity.SpanId:             f7daddd1bf1aa7b3
Activity.TraceFlags:         Recorded
Activity.ActivitySourceName: Microsoft.AspNetCore
Activity.DisplayName:        GET api/People
Activity.Kind:               Server
Activity.StartTime:          2025-09-11T05:34:55.0246874Z
Activity.Duration:           00:00:00.0009386
Activity.Tags:
    server.address: localhost
    http.request.method: GET
    url.scheme: http
    url.path: /api/people
    network.protocol.version: 1.1
    http.route: api/People
    http.response.status_code: 200
Resource associated with Activity:
    deployment.environment: Testing
    service.name: Crud.Api
    service.version: 1.0.0
    service.instance.id: 15081513-c9e4-4e0d-aac5-97a71d5ef649
    telemetry.sdk.name: opentelemetry
    telemetry.sdk.language: dotnet
    telemetry.sdk.version: 1.8.1
[05:34:55 INF] Resetting database for worker 7856 {"SourceContext": "Infrastructure.Services.DatabaseTestService", "Application": "Crud.Api"}
[05:34:55 INF] Resetting database via file deletion for worker 7856 in CI environment {"SourceContext": "Infrastructure.Services.DatabaseTestService", "Application": "Crud.Api"}
[05:34:55 INF] Acquiring database mutex for worker 7856... {"SourceContext": "Infrastructure.Services.DatabaseTestService", "Application": "Crud.Api"}
[05:34:55 INF] Database mutex acquired for worker 7856 {"SourceContext": "Infrastructure.Services.DatabaseTestService", "Application": "Crud.Api"}
[05:34:55 INF] Current database state - CanConnect: True {"SourceContext": "Infrastructure.Services.DatabaseTestService", "Application": "Crud.Api"}
[05:34:55 INF] [Phase 0] Closing database connection for worker 7856... {"SourceContext": "Infrastructure.Services.DatabaseTestService", "Application": "Crud.Api"}
[05:34:55 INF] [Phase 0] Connection closed in 0.0006ms {"SourceContext": "Infrastructure.Services.DatabaseTestService", "Application": "Crud.Api"}
[05:34:55 INF] [Phase 1] Starting EnsureDeletedAsync for worker 7856... {"SourceContext": "Infrastructure.Services.DatabaseTestService", "Application": "Crud.Api"}
[05:34:55 INF] [Phase 1] EnsureDeletedAsync completed in 1.3625ms {"SourceContext": "Infrastructure.Services.DatabaseTestService", "Application": "Crud.Api"}
[05:34:55 INF] [Phase 2] Starting EnsureCreatedAsync for worker 7856... {"SourceContext": "Infrastructure.Services.DatabaseTestService", "Application": "Crud.Api"}
[05:34:55 INF] [Phase 2] EnsureCreatedAsync completed in 10.1197ms {"SourceContext": "Infrastructure.Services.DatabaseTestService", "Application": "Crud.Api"}
[05:34:55 INF] [Phase 3] Skipping database seeding as requested for worker 7856 {"SourceContext": "Infrastructure.Services.DatabaseTestService", "Application": "Crud.Api"}
[05:34:55 INF] Database reset via file deletion completed for worker 7856 in 111.5629ms (Close: 0.0006ms, Delete: 1.3625ms, Create: 10.1197ms) {"SourceContext": "Infrastructure.Services.DatabaseTestService", "Application": "Crud.Api"}
[05:34:55 INF] Releasing database mutex for worker 7856 {"SourceContext": "Infrastructure.Services.DatabaseTestService", "Application": "Crud.Api"}
[05:34:55 INF] Resetting database for worker 7856 {"SourceContext": "Infrastructure.Services.DatabaseTestService", "Application": "Crud.Api"}
[05:34:55 INF] Resetting database via file deletion for worker 7856 in CI environment {"SourceContext": "Infrastructure.Services.DatabaseTestService", "Application": "Crud.Api"}
[05:34:55 INF] Acquiring database mutex for worker 7856... {"SourceContext": "Infrastructure.Services.DatabaseTestService", "Application": "Crud.Api"}
[05:34:55 INF] Database mutex acquired for worker 7856 {"SourceContext": "Infrastructure.Services.DatabaseTestService", "Application": "Crud.Api"}
[05:34:55 INF] Current database state - CanConnect: True {"SourceContext": "Infrastructure.Services.DatabaseTestService", "Application": "Crud.Api"}
[05:34:55 INF] [Phase 0] Closing database connection for worker 7856... {"SourceContext": "Infrastructure.Services.DatabaseTestService", "Application": "Crud.Api"}
[05:34:55 INF] [Phase 0] Connection closed in 0.0006ms {"SourceContext": "Infrastructure.Services.DatabaseTestService", "Application": "Crud.Api"}
[05:34:55 INF] [Phase 1] Starting EnsureDeletedAsync for worker 7856... {"SourceContext": "Infrastructure.Services.DatabaseTestService", "Application": "Crud.Api"}
[05:34:55 INF] [Phase 1] EnsureDeletedAsync completed in 1.2425ms {"SourceContext": "Infrastructure.Services.DatabaseTestService", "Application": "Crud.Api"}
[05:34:55 INF] [Phase 2] Starting EnsureCreatedAsync for worker 7856... {"SourceContext": "Infrastructure.Services.DatabaseTestService", "Application": "Crud.Api"}
[05:34:55 INF] [Phase 2] EnsureCreatedAsync completed in 7.2983ms {"SourceContext": "Infrastructure.Services.DatabaseTestService", "Application": "Crud.Api"}
[05:34:55 INF] [Phase 3] Skipping database seeding as requested for worker 7856 {"SourceContext": "Infrastructure.Services.DatabaseTestService", "Application": "Crud.Api"}
[05:34:55 INF] Database reset via file deletion completed for worker 7856 in 109.4922ms (Close: 0.0006ms, Delete: 1.2425ms, Create: 7.2983ms) {"SourceContext": "Infrastructure.Services.DatabaseTestService", "Application": "Crud.Api"}
[05:34:55 INF] Releasing database mutex for worker 7856 {"SourceContext": "Infrastructure.Services.DatabaseTestService", "Application": "Crud.Api"}
[05:34:55 INF] User registered successfully: 1c646f80-5506-4418-8ce8-c69d34ded982 {"SourceContext": "App.Features.Authentication.RegisterUserCommandHandler", "ActionId": "963efbb3-8213-4b58-ad66-73d4673fb143", "ActionName": "Api.Controllers.AuthController.Register (Api)", "RequestId": "0HNFGUJ46SF5Q", "RequestPath": "/api/auth/register", "Application": "Crud.Api"}
Activity.TraceId:            cb9b76e9fcc730985feea973529ae5ab
Activity.SpanId:             c64ff5b5e7700c17
Activity.TraceFlags:         Recorded
Activity.ActivitySourceName: Microsoft.AspNetCore
Activity.DisplayName:        POST api/Auth/register
Activity.Kind:               Server
Activity.StartTime:          2025-09-11T05:34:55.2519104Z
Activity.Duration:           00:00:00.2958343
Activity.Tags:
    server.address: localhost
    http.request.method: POST
    url.scheme: http
    url.path: /api/auth/register
    network.protocol.version: 1.1
    http.route: api/Auth/register
    http.response.status_code: 200
Resource associated with Activity:
    deployment.environment: Testing
    service.name: Crud.Api
    service.version: 1.0.0
    service.instance.id: 15081513-c9e4-4e0d-aac5-97a71d5ef649
    telemetry.sdk.name: opentelemetry
    telemetry.sdk.language: dotnet
    telemetry.sdk.version: 1.8.1
[05:34:55 INF] User logged in successfully: 1c646f80-5506-4418-8ce8-c69d34ded982 {"SourceContext": "App.Features.Authentication.LoginCommandHandler", "ActionId": "2eaac732-a67c-4fa7-9fd6-52778530d538", "ActionName": "Api.Controllers.AuthController.Login (Api)", "RequestId": "0HNFGUJ46SF5R", "RequestPath": "/api/auth/login", "Application": "Crud.Api"}
Activity.TraceId:            1e7f8c2f349a5b9704f37f0fe719f4b9
Activity.SpanId:             56aa0bf074b15e01
Activity.TraceFlags:         Recorded
Activity.ActivitySourceName: Microsoft.AspNetCore
Activity.DisplayName:        POST api/Auth/login
Activity.Kind:               Server
Activity.StartTime:          2025-09-11T05:34:55.5487133Z
Activity.Duration:           00:00:00.2959443
Activity.Tags:
    server.address: localhost
    http.request.method: POST
    url.scheme: http
    url.path: /api/auth/login
    network.protocol.version: 1.1
    http.route: api/Auth/login
    http.response.status_code: 200
Resource associated with Activity:
    deployment.environment: Testing
    service.name: Crud.Api
    service.version: 1.0.0
    service.instance.id: 15081513-c9e4-4e0d-aac5-97a71d5ef649
    telemetry.sdk.name: opentelemetry
    telemetry.sdk.language: dotnet
    telemetry.sdk.version: 1.8.1
[05:34:56 INF] User registered successfully: d899f08e-dc57-4ef2-87d9-dfabc74afea9 {"SourceContext": "App.Features.Authentication.RegisterUserCommandHandler", "ActionId": "963efbb3-8213-4b58-ad66-73d4673fb143", "ActionName": "Api.Controllers.AuthController.Register (Api)", "RequestId": "0HNFGUJ46SF5S", "RequestPath": "/api/auth/register", "Application": "Crud.Api"}
Activity.TraceId:            c47f25526c0999ca5dfb4ba23fab1414
Activity.SpanId:             b991ffbc3524ee60
Activity.TraceFlags:         Recorded
Activity.ActivitySourceName: Microsoft.AspNetCore
Activity.DisplayName:        POST api/Auth/register
Activity.Kind:               Server
Activity.StartTime:          2025-09-11T05:34:55.8452324Z
Activity.Duration:           00:00:00.2970162
Activity.Tags:
    server.address: localhost
    http.request.method: POST
    url.scheme: http
    url.path: /api/auth/register
    network.protocol.version: 1.1
    http.route: api/Auth/register
    http.response.status_code: 200
Resource associated with Activity:
    deployment.environment: Testing
    service.name: Crud.Api
    service.version: 1.0.0
    service.instance.id: 15081513-c9e4-4e0d-aac5-97a71d5ef649
    telemetry.sdk.name: opentelemetry
    telemetry.sdk.language: dotnet
    telemetry.sdk.version: 1.8.1
[05:34:56 DBG] Removed cache value for key: entity:person:5080dcfb70dc47ce8eb41d3194cd5017 {"SourceContext": "Infrastructure.Services.Caching.InMemoryCacheService", "ActionId": "fd24274c-fdc9-4f53-979a-5c69e458637c", "ActionName": "Api.Controllers.PeopleController.Create (Api)", "RequestId": "0HNFGUJ46SF5T", "RequestPath": "/api/people", "Application": "Crud.Api"}
[05:34:56 DBG] Removed cache value for key: list:person {"SourceContext": "Infrastructure.Services.Caching.InMemoryCacheService", "ActionId": "fd24274c-fdc9-4f53-979a-5c69e458637c", "ActionName": "Api.Controllers.PeopleController.Create (Api)", "RequestId": "0HNFGUJ46SF5T", "RequestPath": "/api/people", "Application": "Crud.Api"}
[05:34:56 DBG] Invalidating cache for entity type: people with tag: people {"SourceContext": "Api.Services.OutputCacheInvalidationService", "ActionId": "fd24274c-fdc9-4f53-979a-5c69e458637c", "ActionName": "Api.Controllers.PeopleController.Create (Api)", "RequestId": "0HNFGUJ46SF5T", "RequestPath": "/api/people", "Application": "Crud.Api"}
[05:34:56 INF] Successfully invalidated cache for entity type: people {"SourceContext": "Api.Services.OutputCacheInvalidationService", "ActionId": "fd24274c-fdc9-4f53-979a-5c69e458637c", "ActionName": "Api.Controllers.PeopleController.Create (Api)", "RequestId": "0HNFGUJ46SF5T", "RequestPath": "/api/people", "Application": "Crud.Api"}
Activity.TraceId:            05f3025aed1c62454ecdc324e2b655c3
Activity.SpanId:             ef27a8e8087a04cb
Activity.TraceFlags:         Recorded
Activity.ActivitySourceName: Microsoft.AspNetCore
Activity.DisplayName:        POST api/People
Activity.Kind:               Server
Activity.StartTime:          2025-09-11T05:34:56.1427839Z
Activity.Duration:           00:00:00.0019764
Activity.Tags:
    server.address: localhost
    http.request.method: POST
    url.scheme: http
    url.path: /api/people
    network.protocol.version: 1.1
    http.route: api/People
    http.response.status_code: 201
Resource associated with Activity:
    deployment.environment: Testing
    service.name: Crud.Api
    service.version: 1.0.0
    service.instance.id: 15081513-c9e4-4e0d-aac5-97a71d5ef649
    telemetry.sdk.name: opentelemetry
    telemetry.sdk.language: dotnet
    telemetry.sdk.version: 1.8.1
Activity.TraceId:            42514d4731582e2ee6b612da76bdc40f
Activity.SpanId:             2d323bf68ab7ac1a
Activity.TraceFlags:         Recorded
Activity.ActivitySourceName: Microsoft.AspNetCore
Activity.DisplayName:        DELETE api/People/{id:guid}
Activity.Kind:               Server
Activity.StartTime:          2025-09-11T05:34:56.1448522Z
Activity.Duration:           00:00:00.0003058
Activity.Tags:
    server.address: localhost
    http.request.method: DELETE
    url.scheme: http
    url.path: /api/people/5080dcfb-70dc-47ce-8eb4-1d3194cd5017
    network.protocol.version: 1.1
    http.route: api/People/{id:guid}
    http.response.status_code: 403
Resource associated with Activity:
    deployment.environment: Testing
    service.name: Crud.Api
    service.version: 1.0.0
    service.instance.id: 15081513-c9e4-4e0d-aac5-97a71d5ef649
    telemetry.sdk.name: opentelemetry
    telemetry.sdk.language: dotnet
    telemetry.sdk.version: 1.8.1
[05:34:56 INF] Resetting database for worker 7856 {"SourceContext": "Infrastructure.Services.DatabaseTestService", "Application": "Crud.Api"}
[05:34:56 INF] Resetting database via file deletion for worker 7856 in CI environment {"SourceContext": "Infrastructure.Services.DatabaseTestService", "Application": "Crud.Api"}
[05:34:56 INF] Acquiring database mutex for worker 7856... {"SourceContext": "Infrastructure.Services.DatabaseTestService", "Application": "Crud.Api"}
[05:34:56 INF] Database mutex acquired for worker 7856 {"SourceContext": "Infrastructure.Services.DatabaseTestService", "Application": "Crud.Api"}
[05:34:56 INF] Current database state - CanConnect: True {"SourceContext": "Infrastructure.Services.DatabaseTestService", "Application": "Crud.Api"}
[05:34:56 INF] [Phase 0] Closing database connection for worker 7856... {"SourceContext": "Infrastructure.Services.DatabaseTestService", "Application": "Crud.Api"}
[05:34:56 INF] [Phase 0] Connection closed in 0.0005ms {"SourceContext": "Infrastructure.Services.DatabaseTestService", "Application": "Crud.Api"}
[05:34:56 INF] [Phase 1] Starting EnsureDeletedAsync for worker 7856... {"SourceContext": "Infrastructure.Services.DatabaseTestService", "Application": "Crud.Api"}
[05:34:56 INF] [Phase 1] EnsureDeletedAsync completed in 1.4354ms {"SourceContext": "Infrastructure.Services.DatabaseTestService", "Application": "Crud.Api"}
[05:34:56 INF] [Phase 2] Starting EnsureCreatedAsync for worker 7856... {"SourceContext": "Infrastructure.Services.DatabaseTestService", "Application": "Crud.Api"}
[05:34:56 INF] [Phase 2] EnsureCreatedAsync completed in 7.885ms {"SourceContext": "Infrastructure.Services.DatabaseTestService", "Application": "Crud.Api"}
[05:34:56 INF] [Phase 3] Skipping database seeding as requested for worker 7856 {"SourceContext": "Infrastructure.Services.DatabaseTestService", "Application": "Crud.Api"}
[05:34:56 INF] Database reset via file deletion completed for worker 7856 in 109.7312ms (Close: 0.0005ms, Delete: 1.4354ms, Create: 7.885ms) {"SourceContext": "Infrastructure.Services.DatabaseTestService", "Application": "Crud.Api"}
[05:34:56 INF] Releasing database mutex for worker 7856 {"SourceContext": "Infrastructure.Services.DatabaseTestService", "Application": "Crud.Api"}
Metric Name: http.server.active_requests, Number of active HTTP server requests., Unit: {request}, Meter: Microsoft.AspNetCore.Hosting
(2025-09-11T05:34:43.0704355Z, 2025-09-11T05:34:56.2570370Z] http.request.method: POST url.scheme: http LongSumNonMonotonic
Value: 0
(2025-09-11T05:34:43.0704355Z, 2025-09-11T05:34:56.2570370Z] http.request.method: GET url.scheme: http LongSumNonMonotonic
Value: 0
(2025-09-11T05:34:43.0704355Z, 2025-09-11T05:34:56.2570370Z] http.request.method: PUT url.scheme: http LongSumNonMonotonic
Value: 0
(2025-09-11T05:34:43.0704355Z, 2025-09-11T05:34:56.2570370Z] http.request.method: DELETE url.scheme: http LongSumNonMonotonic
Value: 0
Metric Name: http.server.request.duration, Duration of HTTP server requests., Unit: s, Meter: Microsoft.AspNetCore.Hosting
(2025-09-11T05:34:43.0704522Z, 2025-09-11T05:34:56.2570412Z] http.request.method: POST http.response.status_code: 200 http.route: api/Auth/register network.protocol.version: 1.1 url.scheme: http Histogram
Value: Sum: 5.6403059 Count: 19 Min: 0.2956961 Max: 0.3024065 
(-Infinity,0.005]:0
(0.005,0.01]:0
(0.01,0.025]:0
(0.025,0.05]:0
(0.05,0.075]:0
(0.075,0.1]:0
(0.1,0.25]:0
(0.25,0.5]:19
(0.5,0.75]:0
(0.75,1]:0
(1,2.5]:0
(2.5,5]:0
(5,7.5]:0
(7.5,10]:0
(10,+Infinity]:0
(2025-09-11T05:34:43.0704522Z, 2025-09-11T05:34:56.2570412Z] http.request.method: POST http.response.status_code: 200 http.route: api/Auth/login network.protocol.version: 1.1 url.scheme: http Histogram
Value: Sum: 3.5629903 Count: 12 Min: 0.2959159 Max: 0.3024298 
(-Infinity,0.005]:0
(0.005,0.01]:0
(0.01,0.025]:0
(0.025,0.05]:0
(0.05,0.075]:0
(0.075,0.1]:0
(0.1,0.25]:0
(0.25,0.5]:12
(0.5,0.75]:0
(0.75,1]:0
(1,2.5]:0
(2.5,5]:0
(5,7.5]:0
(7.5,10]:0
(10,+Infinity]:0
(2025-09-11T05:34:43.0704522Z, 2025-09-11T05:34:56.2570412Z] http.request.method: POST http.response.status_code: 201 http.route: api/Roles network.protocol.version: 1.1 url.scheme: http Histogram
Value: Sum: 0.0163185 Count: 3 Min: 0.0017064 Max: 0.010732 
(-Infinity,0.005]:2
(0.005,0.01]:0
(0.01,0.025]:1
(0.025,0.05]:0
(0.05,0.075]:0
(0.075,0.1]:0
(0.1,0.25]:0
(0.25,0.5]:0
(0.5,0.75]:0
(0.75,1]:0
(1,2.5]:0
(2.5,5]:0
(5,7.5]:0
(7.5,10]:0
(10,+Infinity]:0
(2025-09-11T05:34:43.0704522Z, 2025-09-11T05:34:56.2570412Z] http.request.method: POST http.response.status_code: 201 http.route: api/People network.protocol.version: 1.1 url.scheme: http Histogram
Value: Sum: 0.05179349999999999 Count: 10 Min: 0.0012991 Max: 0.0326338 
(-Infinity,0.005]:9
(0.005,0.01]:0
(0.01,0.025]:0
(0.025,0.05]:1
(0.05,0.075]:0
(0.075,0.1]:0
(0.1,0.25]:0
(0.25,0.5]:0
(0.5,0.75]:0
(0.75,1]:0
(1,2.5]:0
(2.5,5]:0
(5,7.5]:0
(7.5,10]:0
(10,+Infinity]:0
(2025-09-11T05:34:43.0704522Z, 2025-09-11T05:34:56.2570412Z] http.request.method: GET http.response.status_code: 200 http.route: api/People network.protocol.version: 1.1 url.scheme: http Histogram
Value: Sum: 0.0081798 Count: 2 Min: 0.0009363 Max: 0.0072435 
(-Infinity,0.005]:1
(0.005,0.01]:1
(0.01,0.025]:0
(0.025,0.05]:0
(0.05,0.075]:0
(0.075,0.1]:0
(0.1,0.25]:0
(0.25,0.5]:0
(0.5,0.75]:0
(0.75,1]:0
(1,2.5]:0
(2.5,5]:0
(5,7.5]:0
(7.5,10]:0
(10,+Infinity]:0
(2025-09-11T05:34:43.0704522Z, 2025-09-11T05:34:56.2570412Z] http.request.method: POST http.response.status_code: 400 http.route: api/People network.protocol.version: 1.1 url.scheme: http Histogram
Value: Sum: 0.0021743 Count: 1 Min: 0.0021743 Max: 0.0021743 
(-Infinity,0.005]:1
(0.005,0.01]:0
(0.01,0.025]:0
(0.025,0.05]:0
(0.05,0.075]:0
(0.075,0.1]:0
(0.1,0.25]:0
(0.25,0.5]:0
(0.5,0.75]:0
(0.75,1]:0
(1,2.5]:0
(2.5,5]:0
(5,7.5]:0
(7.5,10]:0
(10,+Infinity]:0
(2025-09-11T05:34:43.0704522Z, 2025-09-11T05:34:56.2570412Z] http.request.method: PUT http.response.status_code: 204 http.route: api/People/{id:guid} network.protocol.version: 1.1 url.scheme: http Histogram
Value: Sum: 0.0068442 Count: 1 Min: 0.0068442 Max: 0.0068442 
(-Infinity,0.005]:0
(0.005,0.01]:1
(0.01,0.025]:0
(0.025,0.05]:0
(0.05,0.075]:0
(0.075,0.1]:0
(0.1,0.25]:0
(0.25,0.5]:0
(0.5,0.75]:0
(0.75,1]:0
(1,2.5]:0
(2.5,5]:0
(5,7.5]:0
(7.5,10]:0
(10,+Infinity]:0
(2025-09-11T05:34:43.0704522Z, 2025-09-11T05:34:56.2570412Z] http.request.method: GET http.response.status_code: 200 http.route: api/People/{id:guid} network.protocol.version: 1.1 url.scheme: http Histogram
Value: Sum: 0.0073314 Count: 3 Min: 0.0010878 Max: 0.0035904 
(-Infinity,0.005]:3
(0.005,0.01]:0
(0.01,0.025]:0
(0.025,0.05]:0
(0.05,0.075]:0
(0.075,0.1]:0
(0.1,0.25]:0
(0.25,0.5]:0
(0.5,0.75]:0
(0.75,1]:0
(1,2.5]:0
(2.5,5]:0
(5,7.5]:0
(7.5,10]:0
(10,+Infinity]:0
(2025-09-11T05:34:43.0704522Z, 2025-09-11T05:34:56.2570412Z] http.request.method: GET http.response.status_code: 401 http.route: api/People network.protocol.version: 1.1 url.scheme: http Histogram
Value: Sum: 0.0005973 Count: 1 Min: 0.0005973 Max: 0.0005973 
(-Infinity,0.005]:1
(0.005,0.01]:0
(0.01,0.025]:0
(0.025,0.05]:0
(0.05,0.075]:0
(0.075,0.1]:0
(0.1,0.25]:0
(0.25,0.5]:0
(0.5,0.75]:0
(0.75,1]:0
(1,2.5]:0
(2.5,5]:0
(5,7.5]:0
(7.5,10]:0
(10,+Infinity]:0
(2025-09-11T05:34:43.0704522Z, 2025-09-11T05:34:56.2570412Z] http.request.method: POST http.response.status_code: 401 http.route: api/People network.protocol.version: 1.1 url.scheme: http Histogram
Value: Sum: 0.0002261 Count: 1 Min: 0.0002261 Max: 0.0002261 
(-Infinity,0.005]:1
(0.005,0.01]:0
(0.01,0.025]:0
(0.025,0.05]:0
(0.05,0.075]:0
(0.075,0.1]:0
(0.1,0.25]:0
(0.25,0.5]:0
(0.5,0.75]:0
(0.75,1]:0
(1,2.5]:0
(2.5,5]:0
(5,7.5]:0
(7.5,10]:0
(10,+Infinity]:0
(2025-09-11T05:34:43.0704522Z, 2025-09-11T05:34:56.2570412Z] http.request.method: GET http.response.status_code: 404 http.route: api/People/{id:guid} network.protocol.version: 1.1 url.scheme: http Histogram
Value: Sum: 0.0046012 Count: 2 Min: 0.0008007 Max: 0.0038005 
(-Infinity,0.005]:2
(0.005,0.01]:0
(0.01,0.025]:0
(0.025,0.05]:0
(0.05,0.075]:0
(0.075,0.1]:0
(0.1,0.25]:0
(0.25,0.5]:0
(0.5,0.75]:0
(0.75,1]:0
(1,2.5]:0
(2.5,5]:0
(5,7.5]:0
(7.5,10]:0
(10,+Infinity]:0
(2025-09-11T05:34:43.0704522Z, 2025-09-11T05:34:56.2570412Z] http.request.method: POST http.response.status_code: 403 http.route: api/People network.protocol.version: 1.1 url.scheme: http Histogram
Value: Sum: 0.0014088 Count: 1 Min: 0.0014088 Max: 0.0014088 
(-Infinity,0.005]:1
(0.005,0.01]:0
(0.01,0.025]:0
(0.025,0.05]:0
(0.05,0.075]:0
(0.075,0.1]:0
(0.1,0.25]:0
(0.25,0.5]:0
(0.5,0.75]:0
(0.75,1]:0
(1,2.5]:0
(2.5,5]:0
(5,7.5]:0
(7.5,10]:0
(10,+Infinity]:0
(2025-09-11T05:34:43.0704522Z, 2025-09-11T05:34:56.2570412Z] http.request.method: DELETE http.response.status_code: 204 http.route: api/People/{id:guid} network.protocol.version: 1.1 url.scheme: http Histogram
Value: Sum: 0.0063444999999999994 Count: 2 Min: 0.0014779 Max: 0.0048666 
(-Infinity,0.005]:2
(0.005,0.01]:0
(0.01,0.025]:0
(0.025,0.05]:0
(0.05,0.075]:0
(0.075,0.1]:0
(0.1,0.25]:0
(0.25,0.5]:0
(0.5,0.75]:0
(0.75,1]:0
(1,2.5]:0
(2.5,5]:0
(5,7.5]:0
(7.5,10]:0
(10,+Infinity]:0
(2025-09-11T05:34:43.0704522Z, 2025-09-11T05:34:56.2570412Z] http.request.method: PUT http.response.status_code: 404 http.route: api/People/{id:guid} network.protocol.version: 1.1 url.scheme: http Histogram
Value: Sum: 0.0026297 Count: 1 Min: 0.0026297 Max: 0.0026297 
(-Infinity,0.005]:1
(0.005,0.01]:0
(0.01,0.025]:0
(0.025,0.05]:0
(0.05,0.075]:0
(0.075,0.1]:0
(0.1,0.25]:0
(0.25,0.5]:0
(0.5,0.75]:0
(0.75,1]:0
(1,2.5]:0
(2.5,5]:0
(5,7.5]:0
(7.5,10]:0
(10,+Infinity]:0
(2025-09-11T05:34:43.0704522Z, 2025-09-11T05:34:56.2570412Z] http.request.method: DELETE http.response.status_code: 403 http.route: api/People/{id:guid} network.protocol.version: 1.1 url.scheme: http Histogram
Value: Sum: 0.0002945 Count: 1 Min: 0.0002945 Max: 0.0002945 
(-Infinity,0.005]:1
(0.005,0.01]:0
(0.01,0.025]:0
(0.025,0.05]:0
(0.05,0.075]:0
(0.075,0.1]:0
(0.1,0.25]:0
(0.25,0.5]:0
(0.5,0.75]:0
(0.75,1]:0
(1,2.5]:0
(2.5,5]:0
(5,7.5]:0
(7.5,10]:0
(10,+Infinity]:0
Metric Name: aspnetcore.rate_limiting.active_request_leases, Number of HTTP requests that are currently active on the server that hold a rate limiting lease., Unit: {request}, Meter: Microsoft.AspNetCore.RateLimiting
(2025-09-11T05:34:43.0724463Z, 2025-09-11T05:34:56.2570421Z] LongSumNonMonotonic
Value: 0
Metric Name: aspnetcore.rate_limiting.request_lease.duration, The duration of rate limiting leases held by HTTP requests on the server., Unit: s, Meter: Microsoft.AspNetCore.RateLimiting
(2025-09-11T05:34:43.0724639Z, 2025-09-11T05:34:56.2570429Z] Histogram
Value: Sum: 9.301097500000003 Count: 60 Min: 0.0001056 Max: 0.3013065 
(-Infinity,0.005]:25
(0.005,0.01]:2
(0.01,0.025]:1
(0.025,0.05]:1
(0.05,0.075]:0
(0.075,0.1]:0
(0.1,0.25]:0
(0.25,0.5]:31
(0.5,0.75]:0
(0.75,1]:0
(1,2.5]:0
(2.5,5]:0
(5,7.5]:0
(7.5,10]:0
(10,+Infinity]:0
Metric Name: aspnetcore.rate_limiting.requests, Number of requests that tried to acquire a rate limiting lease. Requests could be rejected by global or endpoint rate limiting policies. Or the request could be canceled while waiting for the lease., Unit: {request}, Meter: Microsoft.AspNetCore.RateLimiting
(2025-09-11T05:34:43.0724989Z, 2025-09-11T05:34:56.2570445Z] aspnetcore.rate_limiting.result: acquired LongSum
Value: 60
Metric Name: aspnetcore.routing.match_attempts, Number of requests that were attempted to be matched to an endpoint., Unit: {match_attempt}, Meter: Microsoft.AspNetCore.Routing
(2025-09-11T05:34:43.0733687Z, 2025-09-11T05:34:56.2570451Z] aspnetcore.routing.is_fallback: false aspnetcore.routing.match_status: success http.route: api/Auth/register LongSum
Value: 19
(2025-09-11T05:34:43.0733687Z, 2025-09-11T05:34:56.2570451Z] aspnetcore.routing.is_fallback: false aspnetcore.routing.match_status: success http.route: api/Auth/login LongSum
Value: 12
(2025-09-11T05:34:43.0733687Z, 2025-09-11T05:34:56.2570451Z] aspnetcore.routing.is_fallback: false aspnetcore.routing.match_status: success http.route: api/Roles LongSum
Value: 3
(2025-09-11T05:34:43.0733687Z, 2025-09-11T05:34:56.2570451Z] aspnetcore.routing.is_fallback: false aspnetcore.routing.match_status: success http.route: api/People LongSum
Value: 16
(2025-09-11T05:34:43.0733687Z, 2025-09-11T05:34:56.2570451Z] aspnetcore.routing.is_fallback: false aspnetcore.routing.match_status: success http.route: api/People/{id:guid} LongSum
Value: 10
[05:34:56 INF] Starting Crud API application {"Application": "Crud.Api"}
[05:34:56 INF] Using SQLite provider with connection: Data Source=TestDatabase.db {"Application": "Crud.Api"}
[05:34:56 INF] Database ensured successfully {"Application": "Crud.Api"}
[05:34:56 INF] Application configured successfully. Starting web host... {"Application": "Crud.Api"}
[05:34:56 INF] Resetting database for worker 16316 {"SourceContext": "Infrastructure.Services.DatabaseTestService", "Application": "Crud.Api"}
[05:34:56 INF] Resetting database via file deletion for worker 16316 in CI environment {"SourceContext": "Infrastructure.Services.DatabaseTestService", "Application": "Crud.Api"}
[05:34:56 INF] Acquiring database mutex for worker 16316... {"SourceContext": "Infrastructure.Services.DatabaseTestService", "Application": "Crud.Api"}
[05:34:56 INF] Database mutex acquired for worker 16316 {"SourceContext": "Infrastructure.Services.DatabaseTestService", "Application": "Crud.Api"}
[05:34:56 INF] Current database state - CanConnect: True {"SourceContext": "Infrastructure.Services.DatabaseTestService", "Application": "Crud.Api"}
[05:34:56 INF] [Phase 0] Closing database connection for worker 16316... {"SourceContext": "Infrastructure.Services.DatabaseTestService", "Application": "Crud.Api"}
[05:34:56 INF] [Phase 0] Connection closed in 0.0006ms {"SourceContext": "Infrastructure.Services.DatabaseTestService", "Application": "Crud.Api"}
[05:34:56 INF] [Phase 1] Starting EnsureDeletedAsync for worker 16316... {"SourceContext": "Infrastructure.Services.DatabaseTestService", "Application": "Crud.Api"}
[05:34:56 INF] [Phase 1] EnsureDeletedAsync completed in 1.8522ms {"SourceContext": "Infrastructure.Services.DatabaseTestService", "Application": "Crud.Api"}
[05:34:56 INF] [Phase 2] Starting EnsureCreatedAsync for worker 16316... {"SourceContext": "Infrastructure.Services.DatabaseTestService", "Application": "Crud.Api"}
[05:34:56 INF] [Phase 2] EnsureCreatedAsync completed in 8.4838ms {"SourceContext": "Infrastructure.Services.DatabaseTestService", "Application": "Crud.Api"}
[05:34:56 INF] [Phase 3] Skipping database seeding as requested for worker 16316 {"SourceContext": "Infrastructure.Services.DatabaseTestService", "Application": "Crud.Api"}
[05:34:56 INF] Database reset via file deletion completed for worker 16316 in 111.7443ms (Close: 0.0006ms, Delete: 1.8522ms, Create: 8.4838ms) {"SourceContext": "Infrastructure.Services.DatabaseTestService", "Application": "Crud.Api"}
[05:34:56 INF] Releasing database mutex for worker 16316 {"SourceContext": "Infrastructure.Services.DatabaseTestService", "Application": "Crud.Api"}
[05:34:56 DBG] Cache miss for key: entity:person:ee0fec40e9fd4c83a0c9ba01704e351d {"SourceContext": "Infrastructure.Services.Caching.InMemoryCacheService", "Application": "Crud.Api"}
[05:34:56 DBG] Set cache value for key: entity:person:ee0fec40e9fd4c83a0c9ba01704e351d {"SourceContext": "Infrastructure.Services.Caching.InMemoryCacheService", "Application": "Crud.Api"}
[05:34:56 DBG] Removed cache value for key: entity:person:ee0fec40e9fd4c83a0c9ba01704e351d {"SourceContext": "Infrastructure.Services.Caching.InMemoryCacheService", "Application": "Crud.Api"}
[05:34:56 DBG] Removed cache value for key: list:person {"SourceContext": "Infrastructure.Services.Caching.InMemoryCacheService", "Application": "Crud.Api"}
[05:34:56 INF] Resetting database for worker 16316 {"SourceContext": "Infrastructure.Services.DatabaseTestService", "Application": "Crud.Api"}
[05:34:56 INF] Resetting database via file deletion for worker 16316 in CI environment {"SourceContext": "Infrastructure.Services.DatabaseTestService", "Application": "Crud.Api"}
[05:34:56 INF] Acquiring database mutex for worker 16316... {"SourceContext": "Infrastructure.Services.DatabaseTestService", "Application": "Crud.Api"}
[05:34:56 INF] Database mutex acquired for worker 16316 {"SourceContext": "Infrastructure.Services.DatabaseTestService", "Application": "Crud.Api"}
[05:34:56 INF] Current database state - CanConnect: True {"SourceContext": "Infrastructure.Services.DatabaseTestService", "Application": "Crud.Api"}
[05:34:56 INF] [Phase 0] Closing database connection for worker 16316... {"SourceContext": "Infrastructure.Services.DatabaseTestService", "Application": "Crud.Api"}
[05:34:56 INF] [Phase 0] Connection closed in 0.0005ms {"SourceContext": "Infrastructure.Services.DatabaseTestService", "Application": "Crud.Api"}
[05:34:56 INF] [Phase 1] Starting EnsureDeletedAsync for worker 16316... {"SourceContext": "Infrastructure.Services.DatabaseTestService", "Application": "Crud.Api"}
[05:34:56 INF] [Phase 1] EnsureDeletedAsync completed in 1.6824ms {"SourceContext": "Infrastructure.Services.DatabaseTestService", "Application": "Crud.Api"}
[05:34:56 INF] [Phase 2] Starting EnsureCreatedAsync for worker 16316... {"SourceContext": "Infrastructure.Services.DatabaseTestService", "Application": "Crud.Api"}
[05:34:56 INF] [Phase 2] EnsureCreatedAsync completed in 8.3618ms {"SourceContext": "Infrastructure.Services.DatabaseTestService", "Application": "Crud.Api"}
[05:34:56 INF] [Phase 3] Skipping database seeding as requested for worker 16316 {"SourceContext": "Infrastructure.Services.DatabaseTestService", "Application": "Crud.Api"}
[05:34:56 INF] Database reset via file deletion completed for worker 16316 in 110.8928ms (Close: 0.0005ms, Delete: 1.6824ms, Create: 8.3618ms) {"SourceContext": "Infrastructure.Services.DatabaseTestService", "Application": "Crud.Api"}
[05:34:56 INF] Releasing database mutex for worker 16316 {"SourceContext": "Infrastructure.Services.DatabaseTestService", "Application": "Crud.Api"}
[05:34:56 INF] Resetting database for worker 16316 {"SourceContext": "Infrastructure.Services.DatabaseTestService", "Application": "Crud.Api"}
[05:34:56 INF] Resetting database via file deletion for worker 16316 in CI environment {"SourceContext": "Infrastructure.Services.DatabaseTestService", "Application": "Crud.Api"}
[05:34:56 INF] Acquiring database mutex for worker 16316... {"SourceContext": "Infrastructure.Services.DatabaseTestService", "Application": "Crud.Api"}
[05:34:56 INF] Database mutex acquired for worker 16316 {"SourceContext": "Infrastructure.Services.DatabaseTestService", "Application": "Crud.Api"}
[05:34:56 INF] Current database state - CanConnect: True {"SourceContext": "Infrastructure.Services.DatabaseTestService", "Application": "Crud.Api"}
[05:34:56 INF] [Phase 0] Closing database connection for worker 16316... {"SourceContext": "Infrastructure.Services.DatabaseTestService", "Application": "Crud.Api"}
[05:34:56 INF] [Phase 0] Connection closed in 0.0005ms {"SourceContext": "Infrastructure.Services.DatabaseTestService", "Application": "Crud.Api"}
[05:34:56 INF] [Phase 1] Starting EnsureDeletedAsync for worker 16316... {"SourceContext": "Infrastructure.Services.DatabaseTestService", "Application": "Crud.Api"}
[05:34:56 INF] [Phase 1] EnsureDeletedAsync completed in 1.3204ms {"SourceContext": "Infrastructure.Services.DatabaseTestService", "Application": "Crud.Api"}
[05:34:56 INF] [Phase 2] Starting EnsureCreatedAsync for worker 16316... {"SourceContext": "Infrastructure.Services.DatabaseTestService", "Application": "Crud.Api"}
[05:34:56 INF] [Phase 2] EnsureCreatedAsync completed in 7.7784ms {"SourceContext": "Infrastructure.Services.DatabaseTestService", "Application": "Crud.Api"}
[05:34:56 INF] [Phase 3] Skipping database seeding as requested for worker 16316 {"SourceContext": "Infrastructure.Services.DatabaseTestService", "Application": "Crud.Api"}
[05:34:56 INF] Database reset via file deletion completed for worker 16316 in 109.3748ms (Close: 0.0005ms, Delete: 1.3204ms, Create: 7.7784ms) {"SourceContext": "Infrastructure.Services.DatabaseTestService", "Application": "Crud.Api"}
[05:34:56 INF] Releasing database mutex for worker 16316 {"SourceContext": "Infrastructure.Services.DatabaseTestService", "Application": "Crud.Api"}
[05:34:56 INF] Resetting database for worker 16316 {"SourceContext": "Infrastructure.Services.DatabaseTestService", "Application": "Crud.Api"}
[05:34:56 INF] Resetting database via file deletion for worker 16316 in CI environment {"SourceContext": "Infrastructure.Services.DatabaseTestService", "Application": "Crud.Api"}
[05:34:56 INF] Acquiring database mutex for worker 16316... {"SourceContext": "Infrastructure.Services.DatabaseTestService", "Application": "Crud.Api"}
[05:34:56 INF] Database mutex acquired for worker 16316 {"SourceContext": "Infrastructure.Services.DatabaseTestService", "Application": "Crud.Api"}
[05:34:56 INF] Current database state - CanConnect: True {"SourceContext": "Infrastructure.Services.DatabaseTestService", "Application": "Crud.Api"}
[05:34:56 INF] [Phase 0] Closing database connection for worker 16316... {"SourceContext": "Infrastructure.Services.DatabaseTestService", "Application": "Crud.Api"}
[05:34:56 INF] [Phase 0] Connection closed in 0.0005ms {"SourceContext": "Infrastructure.Services.DatabaseTestService", "Application": "Crud.Api"}
[05:34:56 INF] [Phase 1] Starting EnsureDeletedAsync for worker 16316... {"SourceContext": "Infrastructure.Services.DatabaseTestService", "Application": "Crud.Api"}
[05:34:56 INF] [Phase 1] EnsureDeletedAsync completed in 1.4745ms {"SourceContext": "Infrastructure.Services.DatabaseTestService", "Application": "Crud.Api"}
[05:34:56 INF] [Phase 2] Starting EnsureCreatedAsync for worker 16316... {"SourceContext": "Infrastructure.Services.DatabaseTestService", "Application": "Crud.Api"}
[05:34:56 INF] [Phase 2] EnsureCreatedAsync completed in 12.7667ms {"SourceContext": "Infrastructure.Services.DatabaseTestService", "Application": "Crud.Api"}
[05:34:56 INF] [Phase 3] Skipping database seeding as requested for worker 16316 {"SourceContext": "Infrastructure.Services.DatabaseTestService", "Application": "Crud.Api"}
[05:34:56 INF] Database reset via file deletion completed for worker 16316 in 114.5987ms (Close: 0.0005ms, Delete: 1.4745ms, Create: 12.7667ms) {"SourceContext": "Infrastructure.Services.DatabaseTestService", "Application": "Crud.Api"}
[05:34:56 INF] Releasing database mutex for worker 16316 {"SourceContext": "Infrastructure.Services.DatabaseTestService", "Application": "Crud.Api"}
[05:34:56 INF] Resetting database for worker 16316 {"SourceContext": "Infrastructure.Services.DatabaseTestService", "Application": "Crud.Api"}
[05:34:56 INF] Resetting database via file deletion for worker 16316 in CI environment {"SourceContext": "Infrastructure.Services.DatabaseTestService", "Application": "Crud.Api"}
[05:34:56 INF] Acquiring database mutex for worker 16316... {"SourceContext": "Infrastructure.Services.DatabaseTestService", "Application": "Crud.Api"}
[05:34:56 INF] Database mutex acquired for worker 16316 {"SourceContext": "Infrastructure.Services.DatabaseTestService", "Application": "Crud.Api"}
[05:34:56 INF] Current database state - CanConnect: True {"SourceContext": "Infrastructure.Services.DatabaseTestService", "Application": "Crud.Api"}
[05:34:56 INF] [Phase 0] Closing database connection for worker 16316... {"SourceContext": "Infrastructure.Services.DatabaseTestService", "Application": "Crud.Api"}
[05:34:56 INF] [Phase 0] Connection closed in 0.0005ms {"SourceContext": "Infrastructure.Services.DatabaseTestService", "Application": "Crud.Api"}
[05:34:56 INF] [Phase 1] Starting EnsureDeletedAsync for worker 16316... {"SourceContext": "Infrastructure.Services.DatabaseTestService", "Application": "Crud.Api"}
[05:34:56 INF] [Phase 1] EnsureDeletedAsync completed in 1.3166ms {"SourceContext": "Infrastructure.Services.DatabaseTestService", "Application": "Crud.Api"}
[05:34:56 INF] [Phase 2] Starting EnsureCreatedAsync for worker 16316... {"SourceContext": "Infrastructure.Services.DatabaseTestService", "Application": "Crud.Api"}
[05:34:56 INF] [Phase 2] EnsureCreatedAsync completed in 7.7545ms {"SourceContext": "Infrastructure.Services.DatabaseTestService", "Application": "Crud.Api"}
[05:34:56 INF] [Phase 3] Skipping database seeding as requested for worker 16316 {"SourceContext": "Infrastructure.Services.DatabaseTestService", "Application": "Crud.Api"}
[05:34:56 INF] Database reset via file deletion completed for worker 16316 in 109.9658ms (Close: 0.0005ms, Delete: 1.3166ms, Create: 7.7545ms) {"SourceContext": "Infrastructure.Services.DatabaseTestService", "Application": "Crud.Api"}
[05:34:56 INF] Releasing database mutex for worker 16316 {"SourceContext": "Infrastructure.Services.DatabaseTestService", "Application": "Crud.Api"}
[05:34:56 INF] Resetting database for worker 16316 {"SourceContext": "Infrastructure.Services.DatabaseTestService", "Application": "Crud.Api"}
[05:34:56 INF] Resetting database via file deletion for worker 16316 in CI environment {"SourceContext": "Infrastructure.Services.DatabaseTestService", "Application": "Crud.Api"}
[05:34:56 INF] Acquiring database mutex for worker 16316... {"SourceContext": "Infrastructure.Services.DatabaseTestService", "Application": "Crud.Api"}
[05:34:56 INF] Database mutex acquired for worker 16316 {"SourceContext": "Infrastructure.Services.DatabaseTestService", "Application": "Crud.Api"}
[05:34:56 INF] Current database state - CanConnect: True {"SourceContext": "Infrastructure.Services.DatabaseTestService", "Application": "Crud.Api"}
[05:34:56 INF] [Phase 0] Closing database connection for worker 16316... {"SourceContext": "Infrastructure.Services.DatabaseTestService", "Application": "Crud.Api"}
[05:34:56 INF] [Phase 0] Connection closed in 0.0006ms {"SourceContext": "Infrastructure.Services.DatabaseTestService", "Application": "Crud.Api"}
[05:34:56 INF] [Phase 1] Starting EnsureDeletedAsync for worker 16316... {"SourceContext": "Infrastructure.Services.DatabaseTestService", "Application": "Crud.Api"}
[05:34:56 INF] [Phase 1] EnsureDeletedAsync completed in 1.4719ms {"SourceContext": "Infrastructure.Services.DatabaseTestService", "Application": "Crud.Api"}
[05:34:57 INF] [Phase 2] Starting EnsureCreatedAsync for worker 16316... {"SourceContext": "Infrastructure.Services.DatabaseTestService", "Application": "Crud.Api"}
[05:34:57 INF] [Phase 2] EnsureCreatedAsync completed in 8.1254ms {"SourceContext": "Infrastructure.Services.DatabaseTestService", "Application": "Crud.Api"}
[05:34:57 INF] [Phase 3] Skipping database seeding as requested for worker 16316 {"SourceContext": "Infrastructure.Services.DatabaseTestService", "Application": "Crud.Api"}
[05:34:57 INF] Database reset via file deletion completed for worker 16316 in 110.0862ms (Close: 0.0006ms, Delete: 1.4719ms, Create: 8.1254ms) {"SourceContext": "Infrastructure.Services.DatabaseTestService", "Application": "Crud.Api"}
[05:34:57 INF] Releasing database mutex for worker 16316 {"SourceContext": "Infrastructure.Services.DatabaseTestService", "Application": "Crud.Api"}
Resource associated with Metric:
    deployment.environment: Testing
    service.name: Crud.Api
    service.version: 1.0.0
    service.instance.id: 15081513-c9e4-4e0d-aac5-97a71d5ef649
    telemetry.sdk.name: opentelemetry
    telemetry.sdk.language: dotnet
    telemetry.sdk.version: 1.8.1
[05:34:57 INF] Starting Crud API application {"Application": "Crud.Api"}
[05:34:57 INF] Using SQLite provider with connection: Data Source=TestDatabase.db {"Application": "Crud.Api"}
[05:34:57 INF] Database ensured successfully {"Application": "Crud.Api"}
[05:34:57 INF] Application configured successfully. Starting web host... {"Application": "Crud.Api"}
[05:34:57 WRN] Failed to determine the https port for redirect. {"EventId": {"Id": 3, "Name": "FailedToDeterminePort"}, "SourceContext": "Microsoft.AspNetCore.HttpsPolicy.HttpsRedirectionMiddleware", "RequestId": "0HNFGUJ46SF5V", "RequestPath": "/api/auth/register", "Application": "Crud.Api"}
[05:34:57 INF] User registered successfully: ae88b0a2-36c6-415f-bfb5-7daf9c82c9bf {"SourceContext": "App.Features.Authentication.RegisterUserCommandHandler", "ActionId": "d9fd3d02-3066-41bc-9123-7b564ee4fb4d", "ActionName": "Api.Controllers.AuthController.Register (Api)", "RequestId": "0HNFGUJ46SF5V", "RequestPath": "/api/auth/register", "Application": "Crud.Api"}
Activity.TraceId:            fc8642dc962f8d6993f0b2569093581b
Activity.SpanId:             d5f2ddd3a78a2ae1
Activity.TraceFlags:         Recorded
Activity.ActivitySourceName: Microsoft.AspNetCore
Activity.DisplayName:        POST api/Auth/register
Activity.Kind:               Server
Activity.StartTime:          2025-09-11T05:34:57.0739710Z
Activity.Duration:           00:00:00.3060919
Activity.Tags:
    server.address: localhost
    http.request.method: POST
    url.scheme: http
    url.path: /api/auth/register
    network.protocol.version: 1.1
    http.route: api/Auth/register
    http.response.status_code: 200
Resource associated with Activity:
    deployment.environment: Testing
    service.name: Crud.Api
    service.version: 1.0.0
    service.instance.id: 15081513-c9e4-4e0d-aac5-97a71d5ef649
    telemetry.sdk.name: opentelemetry
    telemetry.sdk.language: dotnet
    telemetry.sdk.version: 1.8.1
[05:34:57 DBG] Cache miss for key: list:person {"SourceContext": "Infrastructure.Services.Caching.InMemoryCacheService", "ActionId": "97d63a88-4b87-43bd-b86e-dca5a50c47f4", "ActionName": "Api.Controllers.PeopleController.List (Api)", "RequestId": "0HNFGUJ46SF60", "RequestPath": "/api/people", "Application": "Crud.Api"}
[05:34:57 DBG] Set cache value for key: list:person {"SourceContext": "Infrastructure.Services.Caching.InMemoryCacheService", "ActionId": "97d63a88-4b87-43bd-b86e-dca5a50c47f4", "ActionName": "Api.Controllers.PeopleController.List (Api)", "RequestId": "0HNFGUJ46SF60", "RequestPath": "/api/people", "Application": "Crud.Api"}
Activity.TraceId:            835f3ec6067274775b2ac63cf71f62d4
Activity.SpanId:             66a31dad9dde62d1
Activity.TraceFlags:         Recorded
Activity.ActivitySourceName: Microsoft.AspNetCore
Activity.DisplayName:        GET api/People
Activity.Kind:               Server
Activity.StartTime:          2025-09-11T05:34:57.3815656Z
Activity.Duration:           00:00:00.0214289
Activity.Tags:
    server.address: localhost
    http.request.method: GET
    url.scheme: http
    url.path: /api/people
    network.protocol.version: 1.1
    http.route: api/People
    http.response.status_code: 200
Resource associated with Activity:
    deployment.environment: Testing
    service.name: Crud.Api
    service.version: 1.0.0
    service.instance.id: 15081513-c9e4-4e0d-aac5-97a71d5ef649
    telemetry.sdk.name: opentelemetry
    telemetry.sdk.language: dotnet
    telemetry.sdk.version: 1.8.1
[05:34:57 INF] User registered successfully: fd776361-8c4b-4e96-ac7e-d15a34dc8ceb {"SourceContext": "App.Features.Authentication.RegisterUserCommandHandler", "ActionId": "d9fd3d02-3066-41bc-9123-7b564ee4fb4d", "ActionName": "Api.Controllers.AuthController.Register (Api)", "RequestId": "0HNFGUJ46SF61", "RequestPath": "/api/auth/register", "Application": "Crud.Api"}
Activity.TraceId:            57210054ebde5d188feb85b03f931334
Activity.SpanId:             9511e8d61bfb7224
Activity.TraceFlags:         Recorded
Activity.ActivitySourceName: Microsoft.AspNetCore
Activity.DisplayName:        POST api/Auth/register
Activity.Kind:               Server
Activity.StartTime:          2025-09-11T05:34:57.4059581Z
Activity.Duration:           00:00:00.2992623
Activity.Tags:
    server.address: localhost
    http.request.method: POST
    url.scheme: http
    url.path: /api/auth/register
    network.protocol.version: 1.1
    http.route: api/Auth/register
    http.response.status_code: 200
Resource associated with Activity:
    deployment.environment: Testing
    service.name: Crud.Api
    service.version: 1.0.0
    service.instance.id: 15081513-c9e4-4e0d-aac5-97a71d5ef649
    telemetry.sdk.name: opentelemetry
    telemetry.sdk.language: dotnet
    telemetry.sdk.version: 1.8.1
[05:34:57 DBG] Cache miss for key: list:wall {"SourceContext": "Infrastructure.Services.Caching.InMemoryCacheService", "ActionId": "caf96e72-118d-4de7-81c8-8d809421c7a3", "ActionName": "Api.Controllers.WallsController.List (Api)", "RequestId": "0HNFGUJ46SF62", "RequestPath": "/api/walls", "Application": "Crud.Api"}
[05:34:57 DBG] Set cache value for key: list:wall {"SourceContext": "Infrastructure.Services.Caching.InMemoryCacheService", "ActionId": "caf96e72-118d-4de7-81c8-8d809421c7a3", "ActionName": "Api.Controllers.WallsController.List (Api)", "RequestId": "0HNFGUJ46SF62", "RequestPath": "/api/walls", "Application": "Crud.Api"}
Activity.TraceId:            57334bdfa6f650f9c8f7bbf36e4a191b
Activity.SpanId:             f160d1fd3aaaa00a
Activity.TraceFlags:         Recorded
Activity.ActivitySourceName: Microsoft.AspNetCore
Activity.DisplayName:        GET api/Walls
Activity.Kind:               Server
Activity.StartTime:          2025-09-11T05:34:57.7066734Z
Activity.Duration:           00:00:00.0078552
Activity.Tags:
    server.address: localhost
    http.request.method: GET
    url.scheme: http
    url.path: /api/walls
    network.protocol.version: 1.1
    http.route: api/Walls
    http.response.status_code: 200
Resource associated with Activity:
    deployment.environment: Testing
    service.name: Crud.Api
    service.version: 1.0.0
    service.instance.id: 15081513-c9e4-4e0d-aac5-97a71d5ef649
    telemetry.sdk.name: opentelemetry
    telemetry.sdk.language: dotnet
    telemetry.sdk.version: 1.8.1
[05:34:58 INF] User registered successfully: 6adc437b-812e-47ae-a82c-e547bc7eaa0d {"SourceContext": "App.Features.Authentication.RegisterUserCommandHandler", "ActionId": "d9fd3d02-3066-41bc-9123-7b564ee4fb4d", "ActionName": "Api.Controllers.AuthController.Register (Api)", "RequestId": "0HNFGUJ46SF63", "RequestPath": "/api/auth/register", "Application": "Crud.Api"}
Activity.TraceId:            31150c3eba545969f979915b12c6b2f7
Activity.SpanId:             39ac4dda78da28b0
Activity.TraceFlags:         Recorded
Activity.ActivitySourceName: Microsoft.AspNetCore
Activity.DisplayName:        POST api/Auth/register
Activity.Kind:               Server
Activity.StartTime:          2025-09-11T05:34:57.7161704Z
Activity.Duration:           00:00:00.3009386
Activity.Tags:
    server.address: localhost
    http.request.method: POST
    url.scheme: http
    url.path: /api/auth/register
    network.protocol.version: 1.1
    http.route: api/Auth/register
    http.response.status_code: 200
Resource associated with Activity:
    deployment.environment: Testing
    service.name: Crud.Api
    service.version: 1.0.0
    service.instance.id: 15081513-c9e4-4e0d-aac5-97a71d5ef649
    telemetry.sdk.name: opentelemetry
    telemetry.sdk.language: dotnet
    telemetry.sdk.version: 1.8.1
[05:34:58 DBG] Cache miss for key: list:role {"SourceContext": "Infrastructure.Services.Caching.InMemoryCacheService", "ActionId": "81de27f2-c728-4244-9a0f-a43ac5d1ccd8", "ActionName": "Api.Controllers.RolesController.List (Api)", "RequestId": "0HNFGUJ46SF64", "RequestPath": "/api/roles", "Application": "Crud.Api"}
[05:34:58 DBG] Set cache value for key: list:role {"SourceContext": "Infrastructure.Services.Caching.InMemoryCacheService", "ActionId": "81de27f2-c728-4244-9a0f-a43ac5d1ccd8", "ActionName": "Api.Controllers.RolesController.List (Api)", "RequestId": "0HNFGUJ46SF64", "RequestPath": "/api/roles", "Application": "Crud.Api"}
Activity.TraceId:            c95fabe8c08478f2b861a931cc78605d
Activity.SpanId:             19199557423a8350
Activity.TraceFlags:         Recorded
Activity.ActivitySourceName: Microsoft.AspNetCore
Activity.DisplayName:        GET api/Roles
Activity.Kind:               Server
Activity.StartTime:          2025-09-11T05:34:58.0184065Z
Activity.Duration:           00:00:00.0066438
Activity.Tags:
    server.address: localhost
    http.request.method: GET
    url.scheme: http
    url.path: /api/roles
    network.protocol.version: 1.1
    http.route: api/Roles
    http.response.status_code: 200
Resource associated with Activity:
    deployment.environment: Testing
    service.name: Crud.Api
    service.version: 1.0.0
    service.instance.id: 15081513-c9e4-4e0d-aac5-97a71d5ef649
    telemetry.sdk.name: opentelemetry
    telemetry.sdk.language: dotnet
    telemetry.sdk.version: 1.8.1
[05:34:58 INF] User registered successfully: 3e4b4325-172c-491d-82ec-f360d16351e7 {"SourceContext": "App.Features.Authentication.RegisterUserCommandHandler", "ActionId": "d9fd3d02-3066-41bc-9123-7b564ee4fb4d", "ActionName": "Api.Controllers.AuthController.Register (Api)", "RequestId": "0HNFGUJ46SF65", "RequestPath": "/api/auth/register", "Application": "Crud.Api"}
Activity.TraceId:            6143b7a54bd0107171dd43c7b605f880
Activity.SpanId:             27466cd7a48d9805
Activity.TraceFlags:         Recorded
Activity.ActivitySourceName: Microsoft.AspNetCore
Activity.DisplayName:        POST api/Auth/register
Activity.Kind:               Server
Activity.StartTime:          2025-09-11T05:34:58.0264160Z
Activity.Duration:           00:00:00.2965035
Activity.Tags:
    server.address: localhost
    http.request.method: POST
    url.scheme: http
    url.path: /api/auth/register
    network.protocol.version: 1.1
    http.route: api/Auth/register
    http.response.status_code: 200
Resource associated with Activity:
    deployment.environment: Testing
    service.name: Crud.Api
    service.version: 1.0.0
    service.instance.id: 15081513-c9e4-4e0d-aac5-97a71d5ef649
    telemetry.sdk.name: opentelemetry
    telemetry.sdk.language: dotnet
    telemetry.sdk.version: 1.8.1
[05:34:58 DBG] Cache miss for key: list:window {"SourceContext": "Infrastructure.Services.Caching.InMemoryCacheService", "ActionId": "ea2e8e99-9b49-4a83-999d-12888b7cb4a0", "ActionName": "Api.Controllers.WindowsController.List (Api)", "RequestId": "0HNFGUJ46SF66", "RequestPath": "/api/windows", "Application": "Crud.Api"}
[05:34:58 DBG] Set cache value for key: list:window {"SourceContext": "Infrastructure.Services.Caching.InMemoryCacheService", "ActionId": "ea2e8e99-9b49-4a83-999d-12888b7cb4a0", "ActionName": "Api.Controllers.WindowsController.List (Api)", "RequestId": "0HNFGUJ46SF66", "RequestPath": "/api/windows", "Application": "Crud.Api"}
Activity.TraceId:            62b6a101449ac545aa4aa00e8fc5b017
Activity.SpanId:             6f6a1553aa31eece
Activity.TraceFlags:         Recorded
Activity.ActivitySourceName: Microsoft.AspNetCore
Activity.DisplayName:        GET api/Windows
Activity.Kind:               Server
Activity.StartTime:          2025-09-11T05:34:58.3241701Z
Activity.Duration:           00:00:00.0088377
Activity.Tags:
    server.address: localhost
    http.request.method: GET
    url.scheme: http
    url.path: /api/windows
    network.protocol.version: 1.1
    http.route: api/Windows
    http.response.status_code: 200
Resource associated with Activity:
    deployment.environment: Testing
    service.name: Crud.Api
    service.version: 1.0.0
    service.instance.id: 15081513-c9e4-4e0d-aac5-97a71d5ef649
    telemetry.sdk.name: opentelemetry
    telemetry.sdk.language: dotnet
    telemetry.sdk.version: 1.8.1
[05:34:58 INF] User registered successfully: 866dee0c-4dac-45cb-b7a9-93f001502dbd {"SourceContext": "App.Features.Authentication.RegisterUserCommandHandler", "ActionId": "d9fd3d02-3066-41bc-9123-7b564ee4fb4d", "ActionName": "Api.Controllers.AuthController.Register (Api)", "RequestId": "0HNFGUJ46SF67", "RequestPath": "/api/auth/register", "Application": "Crud.Api"}
Activity.TraceId:            09d372680c239b18687453eb51d1ef21
Activity.SpanId:             bbb202c7de2af2f5
Activity.TraceFlags:         Recorded
Activity.ActivitySourceName: Microsoft.AspNetCore
Activity.DisplayName:        POST api/Auth/register
Activity.Kind:               Server
Activity.StartTime:          2025-09-11T05:34:58.3349445Z
Activity.Duration:           00:00:00.2965806
Activity.Tags:
    server.address: localhost
    http.request.method: POST
    url.scheme: http
    url.path: /api/auth/register
    network.protocol.version: 1.1
    http.route: api/Auth/register
    http.response.status_code: 200
Resource associated with Activity:
    deployment.environment: Testing
    service.name: Crud.Api
    service.version: 1.0.0
    service.instance.id: 15081513-c9e4-4e0d-aac5-97a71d5ef649
    telemetry.sdk.name: opentelemetry
    telemetry.sdk.language: dotnet
    telemetry.sdk.version: 1.8.1
[05:34:58 DBG] Cache hit for key: list:person {"SourceContext": "Infrastructure.Services.Caching.InMemoryCacheService", "ActionId": "97d63a88-4b87-43bd-b86e-dca5a50c47f4", "ActionName": "Api.Controllers.PeopleController.List (Api)", "RequestId": "0HNFGUJ46SF68", "RequestPath": "/api/people", "Application": "Crud.Api"}
Activity.TraceId:            87a5e16e37c1514cee7f5ba25390180c
Activity.SpanId:             88df112a46ce44a0
Activity.TraceFlags:         Recorded
Activity.ActivitySourceName: Microsoft.AspNetCore
Activity.DisplayName:        GET api/People
Activity.Kind:               Server
Activity.StartTime:          2025-09-11T05:34:58.6327175Z
Activity.Duration:           00:00:00.0005898
Activity.Tags:
    server.address: localhost
    http.request.method: GET
    url.scheme: http
    url.path: /api/people
    network.protocol.version: 1.1
    http.route: api/People
    http.response.status_code: 200
Resource associated with Activity:
    deployment.environment: Testing
    service.name: Crud.Api
    service.version: 1.0.0
    service.instance.id: 15081513-c9e4-4e0d-aac5-97a71d5ef649
    telemetry.sdk.name: opentelemetry
    telemetry.sdk.language: dotnet
    telemetry.sdk.version: 1.8.1
[05:34:58 INF] User registered successfully: 827b59ca-92ac-4b7a-902d-1f9f83c63de7 {"SourceContext": "App.Features.Authentication.RegisterUserCommandHandler", "ActionId": "d9fd3d02-3066-41bc-9123-7b564ee4fb4d", "ActionName": "Api.Controllers.AuthController.Register (Api)", "RequestId": "0HNFGUJ46SF69", "RequestPath": "/api/auth/register", "Application": "Crud.Api"}
Activity.TraceId:            4881886cb78c8183105beafbaa42c477
Activity.SpanId:             087c148b5cd1e1eb
Activity.TraceFlags:         Recorded
Activity.ActivitySourceName: Microsoft.AspNetCore
Activity.DisplayName:        POST api/Auth/register
Activity.Kind:               Server
Activity.StartTime:          2025-09-11T05:34:58.6363229Z
Activity.Duration:           00:00:00.2963313
Activity.Tags:
    server.address: localhost
    http.request.method: POST
    url.scheme: http
    url.path: /api/auth/register
    network.protocol.version: 1.1
    http.route: api/Auth/register
    http.response.status_code: 200
Resource associated with Activity:
    deployment.environment: Testing
    service.name: Crud.Api
    service.version: 1.0.0
    service.instance.id: 15081513-c9e4-4e0d-aac5-97a71d5ef649
    telemetry.sdk.name: opentelemetry
    telemetry.sdk.language: dotnet
    telemetry.sdk.version: 1.8.1
[05:34:59 INF] User logged in successfully: 827b59ca-92ac-4b7a-902d-1f9f83c63de7 {"SourceContext": "App.Features.Authentication.LoginCommandHandler", "ActionId": "e0ed94e6-7bce-4203-9d4a-c7fead139839", "ActionName": "Api.Controllers.AuthController.Login (Api)", "RequestId": "0HNFGUJ46SF6A", "RequestPath": "/api/auth/login", "Application": "Crud.Api"}
Activity.TraceId:            36a685a1d9cbb2e3524a7d8ccc02d29e
Activity.SpanId:             74cfcf0361283a3d
Activity.TraceFlags:         Recorded
Activity.ActivitySourceName: Microsoft.AspNetCore
Activity.DisplayName:        POST api/Auth/login
Activity.Kind:               Server
Activity.StartTime:          2025-09-11T05:34:58.9342360Z
Activity.Duration:           00:00:00.2996685
Activity.Tags:
    server.address: localhost
    http.request.method: POST
    url.scheme: http
    url.path: /api/auth/login
    network.protocol.version: 1.1
    http.route: api/Auth/login
    http.response.status_code: 200
Resource associated with Activity:
    deployment.environment: Testing
    service.name: Crud.Api
    service.version: 1.0.0
    service.instance.id: 15081513-c9e4-4e0d-aac5-97a71d5ef649
    telemetry.sdk.name: opentelemetry
    telemetry.sdk.language: dotnet
    telemetry.sdk.version: 1.8.1
[05:34:59 DBG] Removed cache value for key: entity:wall:35a0ce9cdffa4d05ac88a6ae43f9ce64 {"SourceContext": "Infrastructure.Services.Caching.InMemoryCacheService", "ActionId": "ce3792c2-e67a-472c-81c5-8458955ee325", "ActionName": "Api.Controllers.WallsController.Create (Api)", "RequestId": "0HNFGUJ46SF6B", "RequestPath": "/api/walls", "Application": "Crud.Api"}
[05:34:59 DBG] Removed cache value for key: list:wall {"SourceContext": "Infrastructure.Services.Caching.InMemoryCacheService", "ActionId": "ce3792c2-e67a-472c-81c5-8458955ee325", "ActionName": "Api.Controllers.WallsController.Create (Api)", "RequestId": "0HNFGUJ46SF6B", "RequestPath": "/api/walls", "Application": "Crud.Api"}
[05:34:59 DBG] Invalidating cache for entity type: walls with tag: walls {"SourceContext": "Api.Services.OutputCacheInvalidationService", "ActionId": "ce3792c2-e67a-472c-81c5-8458955ee325", "ActionName": "Api.Controllers.WallsController.Create (Api)", "RequestId": "0HNFGUJ46SF6B", "RequestPath": "/api/walls", "Application": "Crud.Api"}
[05:34:59 INF] Successfully invalidated cache for entity type: walls {"SourceContext": "Api.Services.OutputCacheInvalidationService", "ActionId": "ce3792c2-e67a-472c-81c5-8458955ee325", "ActionName": "Api.Controllers.WallsController.Create (Api)", "RequestId": "0HNFGUJ46SF6B", "RequestPath": "/api/walls", "Application": "Crud.Api"}
Activity.TraceId:            f5f9124264c6bc1e7ea775b8c412aa25
Activity.SpanId:             3687c4a6d7ff299f
Activity.TraceFlags:         Recorded
Activity.ActivitySourceName: Microsoft.AspNetCore
Activity.DisplayName:        POST api/Walls
Activity.Kind:               Server
Activity.StartTime:          2025-09-11T05:34:59.2353970Z
Activity.Duration:           00:00:00.0121239
Activity.Tags:
    server.address: localhost
    http.request.method: POST
    url.scheme: http
    url.path: /api/walls
    network.protocol.version: 1.1
    http.route: api/Walls
    http.response.status_code: 201
Resource associated with Activity:
    deployment.environment: Testing
    service.name: Crud.Api
    service.version: 1.0.0
    service.instance.id: 15081513-c9e4-4e0d-aac5-97a71d5ef649
    telemetry.sdk.name: opentelemetry
    telemetry.sdk.language: dotnet
    telemetry.sdk.version: 1.8.1
[05:34:59 INF] User registered successfully: 1cb99b4d-7359-4a50-af95-827098e05f6c {"SourceContext": "App.Features.Authentication.RegisterUserCommandHandler", "ActionId": "d9fd3d02-3066-41bc-9123-7b564ee4fb4d", "ActionName": "Api.Controllers.AuthController.Register (Api)", "RequestId": "0HNFGUJ46SF6C", "RequestPath": "/api/auth/register", "Application": "Crud.Api"}
Activity.TraceId:            1192af5963c8a1d15652f249cbb5b420
Activity.SpanId:             979dd78ad2d7766c
Activity.TraceFlags:         Recorded
Activity.ActivitySourceName: Microsoft.AspNetCore
Activity.DisplayName:        POST api/Auth/register
Activity.Kind:               Server
Activity.StartTime:          2025-09-11T05:34:59.2492485Z
Activity.Duration:           00:00:00.2971209
Activity.Tags:
    server.address: localhost
    http.request.method: POST
    url.scheme: http
    url.path: /api/auth/register
    network.protocol.version: 1.1
    http.route: api/Auth/register
    http.response.status_code: 200
Resource associated with Activity:
    deployment.environment: Testing
    service.name: Crud.Api
    service.version: 1.0.0
    service.instance.id: 15081513-c9e4-4e0d-aac5-97a71d5ef649
    telemetry.sdk.name: opentelemetry
    telemetry.sdk.language: dotnet
    telemetry.sdk.version: 1.8.1
[05:34:59 INF] User logged in successfully: 1cb99b4d-7359-4a50-af95-827098e05f6c {"SourceContext": "App.Features.Authentication.LoginCommandHandler", "ActionId": "e0ed94e6-7bce-4203-9d4a-c7fead139839", "ActionName": "Api.Controllers.AuthController.Login (Api)", "RequestId": "0HNFGUJ46SF6D", "RequestPath": "/api/auth/login", "Application": "Crud.Api"}
Activity.TraceId:            bb188052462b8003432d444dcef85dd1
Activity.SpanId:             dbee27195cdba6bd
Activity.TraceFlags:         Recorded
Activity.ActivitySourceName: Microsoft.AspNetCore
Activity.DisplayName:        POST api/Auth/login
Activity.Kind:               Server
Activity.StartTime:          2025-09-11T05:34:59.5480095Z
Activity.Duration:           00:00:00.2975067
Activity.Tags:
    server.address: localhost
    http.request.method: POST
    url.scheme: http
    url.path: /api/auth/login
    network.protocol.version: 1.1
    http.route: api/Auth/login
    http.response.status_code: 200
Resource associated with Activity:
    deployment.environment: Testing
    service.name: Crud.Api
    service.version: 1.0.0
    service.instance.id: 15081513-c9e4-4e0d-aac5-97a71d5ef649
    telemetry.sdk.name: opentelemetry
    telemetry.sdk.language: dotnet
    telemetry.sdk.version: 1.8.1
[05:34:59 DBG] Cache miss for key: name:role:test_role {"SourceContext": "Infrastructure.Services.Caching.InMemoryCacheService", "ActionId": "73a251ed-06d3-43ef-963a-eafc20e6b749", "ActionName": "Api.Controllers.RolesController.Create (Api)", "RequestId": "0HNFGUJ46SF6E", "RequestPath": "/api/roles", "Application": "Crud.Api"}
[05:34:59 DBG] Removed cache value for key: entity:role:ee213880c6de43d8a2949527e3c25c23 {"SourceContext": "Infrastructure.Services.Caching.InMemoryCacheService", "ActionId": "73a251ed-06d3-43ef-963a-eafc20e6b749", "ActionName": "Api.Controllers.RolesController.Create (Api)", "RequestId": "0HNFGUJ46SF6E", "RequestPath": "/api/roles", "Application": "Crud.Api"}
[05:34:59 DBG] Removed cache value for key: list:role {"SourceContext": "Infrastructure.Services.Caching.InMemoryCacheService", "ActionId": "73a251ed-06d3-43ef-963a-eafc20e6b749", "ActionName": "Api.Controllers.RolesController.Create (Api)", "RequestId": "0HNFGUJ46SF6E", "RequestPath": "/api/roles", "Application": "Crud.Api"}
[05:34:59 DBG] Invalidating cache for entity type: roles with tag: roles {"SourceContext": "Api.Services.OutputCacheInvalidationService", "ActionId": "73a251ed-06d3-43ef-963a-eafc20e6b749", "ActionName": "Api.Controllers.RolesController.Create (Api)", "RequestId": "0HNFGUJ46SF6E", "RequestPath": "/api/roles", "Application": "Crud.Api"}
[05:34:59 INF] Successfully invalidated cache for entity type: roles {"SourceContext": "Api.Services.OutputCacheInvalidationService", "ActionId": "73a251ed-06d3-43ef-963a-eafc20e6b749", "ActionName": "Api.Controllers.RolesController.Create (Api)", "RequestId": "0HNFGUJ46SF6E", "RequestPath": "/api/roles", "Application": "Crud.Api"}
Activity.TraceId:            5ff9cb32c325bcb82066d0d120b8b12a
Activity.SpanId:             74fe7c24e8634ec0
Activity.TraceFlags:         Recorded
Activity.ActivitySourceName: Microsoft.AspNetCore
Activity.DisplayName:        POST api/Roles
Activity.Kind:               Server
Activity.StartTime:          2025-09-11T05:34:59.8470553Z
Activity.Duration:           00:00:00.0069597
Activity.Tags:
    server.address: localhost
    http.request.method: POST
    url.scheme: http
    url.path: /api/roles
    network.protocol.version: 1.1
    http.route: api/Roles
    http.response.status_code: 201
Resource associated with Activity:
    deployment.environment: Testing
    service.name: Crud.Api
    service.version: 1.0.0
    service.instance.id: 15081513-c9e4-4e0d-aac5-97a71d5ef649
    telemetry.sdk.name: opentelemetry
    telemetry.sdk.language: dotnet
    telemetry.sdk.version: 1.8.1
[05:35:00 INF] User registered successfully: ecc8468a-d4d1-4748-9a3f-4e50629c7096 {"SourceContext": "App.Features.Authentication.RegisterUserCommandHandler", "ActionId": "d9fd3d02-3066-41bc-9123-7b564ee4fb4d", "ActionName": "Api.Controllers.AuthController.Register (Api)", "RequestId": "0HNFGUJ46SF6F", "RequestPath": "/api/auth/register", "Application": "Crud.Api"}
Activity.TraceId:            b1899d4dcc2bede0b059f5c4c6dc7a15
Activity.SpanId:             8df5e563e26272ab
Activity.TraceFlags:         Recorded
Activity.ActivitySourceName: Microsoft.AspNetCore
Activity.DisplayName:        POST api/Auth/register
Activity.Kind:               Server
Activity.StartTime:          2025-09-11T05:34:59.8552491Z
Activity.Duration:           00:00:00.2963095
Activity.Tags:
    server.address: localhost
    http.request.method: POST
    url.scheme: http
    url.path: /api/auth/register
    network.protocol.version: 1.1
    http.route: api/Auth/register
    http.response.status_code: 200
Resource associated with Activity:
    deployment.environment: Testing
    service.name: Crud.Api
    service.version: 1.0.0
    service.instance.id: 15081513-c9e4-4e0d-aac5-97a71d5ef649
    telemetry.sdk.name: opentelemetry
    telemetry.sdk.language: dotnet
    telemetry.sdk.version: 1.8.1
[05:35:00 INF] User logged in successfully: ecc8468a-d4d1-4748-9a3f-4e50629c7096 {"SourceContext": "App.Features.Authentication.LoginCommandHandler", "ActionId": "e0ed94e6-7bce-4203-9d4a-c7fead139839", "ActionName": "Api.Controllers.AuthController.Login (Api)", "RequestId": "0HNFGUJ46SF6G", "RequestPath": "/api/auth/login", "Application": "Crud.Api"}
Activity.TraceId:            dbced60cb0784ea1e00f5994469c4af2
Activity.SpanId:             e920cfa98a974418
Activity.TraceFlags:         Recorded
Activity.ActivitySourceName: Microsoft.AspNetCore
Activity.DisplayName:        POST api/Auth/login
Activity.Kind:               Server
Activity.StartTime:          2025-09-11T05:35:00.1532227Z
Activity.Duration:           00:00:00.2980361
Activity.Tags:
    server.address: localhost
    http.request.method: POST
    url.scheme: http
    url.path: /api/auth/login
    network.protocol.version: 1.1
    http.route: api/Auth/login
    http.response.status_code: 200
Resource associated with Activity:
    deployment.environment: Testing
    service.name: Crud.Api
    service.version: 1.0.0
    service.instance.id: 15081513-c9e4-4e0d-aac5-97a71d5ef649
    telemetry.sdk.name: opentelemetry
    telemetry.sdk.language: dotnet
    telemetry.sdk.version: 1.8.1
[05:35:00 DBG] Removed cache value for key: entity:window:855389c71ab6453eb783896feb258a07 {"SourceContext": "Infrastructure.Services.Caching.InMemoryCacheService", "ActionId": "605450f2-e82e-42de-9d88-0225358b9417", "ActionName": "Api.Controllers.WindowsController.Create (Api)", "RequestId": "0HNFGUJ46SF6H", "RequestPath": "/api/windows", "Application": "Crud.Api"}
[05:35:00 DBG] Removed cache value for key: list:window {"SourceContext": "Infrastructure.Services.Caching.InMemoryCacheService", "ActionId": "605450f2-e82e-42de-9d88-0225358b9417", "ActionName": "Api.Controllers.WindowsController.Create (Api)", "RequestId": "0HNFGUJ46SF6H", "RequestPath": "/api/windows", "Application": "Crud.Api"}
[05:35:00 DBG] Invalidating cache for entity type: windows with tag: windows {"SourceContext": "Api.Services.OutputCacheInvalidationService", "ActionId": "605450f2-e82e-42de-9d88-0225358b9417", "ActionName": "Api.Controllers.WindowsController.Create (Api)", "RequestId": "0HNFGUJ46SF6H", "RequestPath": "/api/windows", "Application": "Crud.Api"}
[05:35:00 INF] Successfully invalidated cache for entity type: windows {"SourceContext": "Api.Services.OutputCacheInvalidationService", "ActionId": "605450f2-e82e-42de-9d88-0225358b9417", "ActionName": "Api.Controllers.WindowsController.Create (Api)", "RequestId": "0HNFGUJ46SF6H", "RequestPath": "/api/windows", "Application": "Crud.Api"}
Activity.TraceId:            32c2079188fd1375d803606e3b5bee9a
Activity.SpanId:             8d9b648e54e49bac
Activity.TraceFlags:         Recorded
Activity.ActivitySourceName: Microsoft.AspNetCore
Activity.DisplayName:        POST api/Windows
Activity.Kind:               Server
Activity.StartTime:          2025-09-11T05:35:00.4533485Z
Activity.Duration:           00:00:00.0185283
Activity.Tags:
    server.address: localhost
    http.request.method: POST
    url.scheme: http
    url.path: /api/windows
    network.protocol.version: 1.1
    http.route: api/Windows
    http.response.status_code: 201
Resource associated with Activity:
    deployment.environment: Testing
    service.name: Crud.Api
    service.version: 1.0.0
    service.instance.id: 15081513-c9e4-4e0d-aac5-97a71d5ef649
    telemetry.sdk.name: opentelemetry
    telemetry.sdk.language: dotnet
    telemetry.sdk.version: 1.8.1
[05:35:00 INF] User registered successfully: 9e01978b-1c92-4819-ac2f-4b492058cef0 {"SourceContext": "App.Features.Authentication.RegisterUserCommandHandler", "ActionId": "d9fd3d02-3066-41bc-9123-7b564ee4fb4d", "ActionName": "Api.Controllers.AuthController.Register (Api)", "RequestId": "0HNFGUJ46SF6I", "RequestPath": "/api/auth/register", "Application": "Crud.Api"}
Activity.TraceId:            c678a8092f341411225c741e82beb762
Activity.SpanId:             61fb21eeb087a5bd
Activity.TraceFlags:         Recorded
Activity.ActivitySourceName: Microsoft.AspNetCore
Activity.DisplayName:        POST api/Auth/register
Activity.Kind:               Server
Activity.StartTime:          2025-09-11T05:35:00.4732169Z
Activity.Duration:           00:00:00.2961911
Activity.Tags:
    server.address: localhost
    http.request.method: POST
    url.scheme: http
    url.path: /api/auth/register
    network.protocol.version: 1.1
    http.route: api/Auth/register
    http.response.status_code: 200
Resource associated with Activity:
    deployment.environment: Testing
    service.name: Crud.Api
    service.version: 1.0.0
    service.instance.id: 15081513-c9e4-4e0d-aac5-97a71d5ef649
    telemetry.sdk.name: opentelemetry
    telemetry.sdk.language: dotnet
    telemetry.sdk.version: 1.8.1
[05:35:01 INF] User logged in successfully: 9e01978b-1c92-4819-ac2f-4b492058cef0 {"SourceContext": "App.Features.Authentication.LoginCommandHandler", "ActionId": "e0ed94e6-7bce-4203-9d4a-c7fead139839", "ActionName": "Api.Controllers.AuthController.Login (Api)", "RequestId": "0HNFGUJ46SF6J", "RequestPath": "/api/auth/login", "Application": "Crud.Api"}
Activity.TraceId:            00ce368aec8f869cbc362d78090b95f5
Activity.SpanId:             432c6a5666e30ae1
Activity.TraceFlags:         Recorded
Activity.ActivitySourceName: Microsoft.AspNetCore
Activity.DisplayName:        POST api/Auth/login
Activity.Kind:               Server
Activity.StartTime:          2025-09-11T05:35:00.7709035Z
Activity.Duration:           00:00:00.2969576
Activity.Tags:
    server.address: localhost
    http.request.method: POST
    url.scheme: http
    url.path: /api/auth/login
    network.protocol.version: 1.1
    http.route: api/Auth/login
    http.response.status_code: 200
Resource associated with Activity:
    deployment.environment: Testing
    service.name: Crud.Api
    service.version: 1.0.0
    service.instance.id: 15081513-c9e4-4e0d-aac5-97a71d5ef649
    telemetry.sdk.name: opentelemetry
    telemetry.sdk.language: dotnet
    telemetry.sdk.version: 1.8.1
[05:35:01 DBG] Removed cache value for key: entity:person:c0089e3c685447ccb9844353b9841600 {"SourceContext": "Infrastructure.Services.Caching.InMemoryCacheService", "ActionId": "efc82f6f-bc52-4967-b688-708b1ee05f53", "ActionName": "Api.Controllers.PeopleController.Create (Api)", "RequestId": "0HNFGUJ46SF6K", "RequestPath": "/api/people", "Application": "Crud.Api"}
[05:35:01 DBG] Removed cache value for key: list:person {"SourceContext": "Infrastructure.Services.Caching.InMemoryCacheService", "ActionId": "efc82f6f-bc52-4967-b688-708b1ee05f53", "ActionName": "Api.Controllers.PeopleController.Create (Api)", "RequestId": "0HNFGUJ46SF6K", "RequestPath": "/api/people", "Application": "Crud.Api"}
[05:35:01 DBG] Invalidating cache for entity type: people with tag: people {"SourceContext": "Api.Services.OutputCacheInvalidationService", "ActionId": "efc82f6f-bc52-4967-b688-708b1ee05f53", "ActionName": "Api.Controllers.PeopleController.Create (Api)", "RequestId": "0HNFGUJ46SF6K", "RequestPath": "/api/people", "Application": "Crud.Api"}
[05:35:01 INF] Successfully invalidated cache for entity type: people {"SourceContext": "Api.Services.OutputCacheInvalidationService", "ActionId": "efc82f6f-bc52-4967-b688-708b1ee05f53", "ActionName": "Api.Controllers.PeopleController.Create (Api)", "RequestId": "0HNFGUJ46SF6K", "RequestPath": "/api/people", "Application": "Crud.Api"}
Activity.TraceId:            9e38952630920c3200270ad0bb04fc96
Activity.SpanId:             37551034f3121b2b
Activity.TraceFlags:         Recorded
Activity.ActivitySourceName: Microsoft.AspNetCore
Activity.DisplayName:        POST api/People
Activity.Kind:               Server
Activity.StartTime:          2025-09-11T05:35:01.0699997Z
Activity.Duration:           00:00:00.0110444
Activity.Tags:
    server.address: localhost
    http.request.method: POST
    url.scheme: http
    url.path: /api/people
    network.protocol.version: 1.1
    http.route: api/People
    http.response.status_code: 201
Resource associated with Activity:
    deployment.environment: Testing
    service.name: Crud.Api
    service.version: 1.0.0
    service.instance.id: 15081513-c9e4-4e0d-aac5-97a71d5ef649
    telemetry.sdk.name: opentelemetry
    telemetry.sdk.language: dotnet
    telemetry.sdk.version: 1.8.1
[05:35:01 INF] User registered successfully: d838bc43-37ae-49ee-8449-ccd5d57247b0 {"SourceContext": "App.Features.Authentication.RegisterUserCommandHandler", "ActionId": "d9fd3d02-3066-41bc-9123-7b564ee4fb4d", "ActionName": "Api.Controllers.AuthController.Register (Api)", "RequestId": "0HNFGUJ46SF6L", "RequestPath": "/api/auth/register", "Application": "Crud.Api"}
Activity.TraceId:            9df7bb3cb5e7750196d4805765191b1b
Activity.SpanId:             ac65ebea85f0c65a
Activity.TraceFlags:         Recorded
Activity.ActivitySourceName: Microsoft.AspNetCore
Activity.DisplayName:        POST api/Auth/register
Activity.Kind:               Server
Activity.StartTime:          2025-09-11T05:35:01.0823918Z
Activity.Duration:           00:00:00.2970044
Activity.Tags:
    server.address: localhost
    http.request.method: POST
    url.scheme: http
    url.path: /api/auth/register
    network.protocol.version: 1.1
    http.route: api/Auth/register
    http.response.status_code: 200
Resource associated with Activity:
    deployment.environment: Testing
    service.name: Crud.Api
    service.version: 1.0.0
    service.instance.id: 15081513-c9e4-4e0d-aac5-97a71d5ef649
    telemetry.sdk.name: opentelemetry
    telemetry.sdk.language: dotnet
    telemetry.sdk.version: 1.8.1
[05:35:01 DBG] Cache miss for key: list:window {"SourceContext": "Infrastructure.Services.Caching.InMemoryCacheService", "ActionId": "ea2e8e99-9b49-4a83-999d-12888b7cb4a0", "ActionName": "Api.Controllers.WindowsController.List (Api)", "RequestId": "0HNFGUJ46SF6M", "RequestPath": "/api/windows", "Application": "Crud.Api"}
[05:35:01 DBG] Set cache value for key: list:window {"SourceContext": "Infrastructure.Services.Caching.InMemoryCacheService", "ActionId": "ea2e8e99-9b49-4a83-999d-12888b7cb4a0", "ActionName": "Api.Controllers.WindowsController.List (Api)", "RequestId": "0HNFGUJ46SF6M", "RequestPath": "/api/windows", "Application": "Crud.Api"}
Activity.TraceId:            40708ffb552e7feb2a682299305e1288
Activity.SpanId:             34ae24d3a2a63545
Activity.TraceFlags:         Recorded
Activity.ActivitySourceName: Microsoft.AspNetCore
Activity.DisplayName:        GET api/Windows
Activity.Kind:               Server
Activity.StartTime:          2025-09-11T05:35:01.3805905Z
Activity.Duration:           00:00:00.0020151
Activity.Tags:
    server.address: localhost
    http.request.method: GET
    url.scheme: http
    url.path: /api/windows
    network.protocol.version: 1.1
    http.route: api/Windows
    http.response.status_code: 200
Resource associated with Activity:
    deployment.environment: Testing
    service.name: Crud.Api
    service.version: 1.0.0
    service.instance.id: 15081513-c9e4-4e0d-aac5-97a71d5ef649
    telemetry.sdk.name: opentelemetry
    telemetry.sdk.language: dotnet
    telemetry.sdk.version: 1.8.1
[05:35:01 INF] User registered successfully: 3c371fe0-f2fd-4081-a6d1-2fb3568386cc {"SourceContext": "App.Features.Authentication.RegisterUserCommandHandler", "ActionId": "d9fd3d02-3066-41bc-9123-7b564ee4fb4d", "ActionName": "Api.Controllers.AuthController.Register (Api)", "RequestId": "0HNFGUJ46SF6N", "RequestPath": "/api/auth/register", "Application": "Crud.Api"}
Activity.TraceId:            b03187a8467152e370ef8be1d70f0c00
Activity.SpanId:             661d2e2510b98f54
Activity.TraceFlags:         Recorded
Activity.ActivitySourceName: Microsoft.AspNetCore
Activity.DisplayName:        POST api/Auth/register
Activity.Kind:               Server
Activity.StartTime:          2025-09-11T05:35:01.3836267Z
Activity.Duration:           00:00:00.3069594
Activity.Tags:
    server.address: localhost
    http.request.method: POST
    url.scheme: http
    url.path: /api/auth/register
    network.protocol.version: 1.1
    http.route: api/Auth/register
    http.response.status_code: 200
Resource associated with Activity:
    deployment.environment: Testing
    service.name: Crud.Api
    service.version: 1.0.0
    service.instance.id: 15081513-c9e4-4e0d-aac5-97a71d5ef649
    telemetry.sdk.name: opentelemetry
    telemetry.sdk.language: dotnet
    telemetry.sdk.version: 1.8.1
[05:35:01 DBG] Cache miss for key: list:wall {"SourceContext": "Infrastructure.Services.Caching.InMemoryCacheService", "ActionId": "caf96e72-118d-4de7-81c8-8d809421c7a3", "ActionName": "Api.Controllers.WallsController.List (Api)", "RequestId": "0HNFGUJ46SF6O", "RequestPath": "/api/walls", "Application": "Crud.Api"}
[05:35:01 DBG] Set cache value for key: list:wall {"SourceContext": "Infrastructure.Services.Caching.InMemoryCacheService", "ActionId": "caf96e72-118d-4de7-81c8-8d809421c7a3", "ActionName": "Api.Controllers.WallsController.List (Api)", "RequestId": "0HNFGUJ46SF6O", "RequestPath": "/api/walls", "Application": "Crud.Api"}
Activity.TraceId:            b6aaff18b053b634aa8dc04e7ca354f2
Activity.SpanId:             bbc0c412b5ad8c44
Activity.TraceFlags:         Recorded
Activity.ActivitySourceName: Microsoft.AspNetCore
Activity.DisplayName:        GET api/Walls
Activity.Kind:               Server
Activity.StartTime:          2025-09-11T05:35:01.6917632Z
Activity.Duration:           00:00:00.0019221
Activity.Tags:
    server.address: localhost
    http.request.method: GET
    url.scheme: http
    url.path: /api/walls
    network.protocol.version: 1.1
    http.route: api/Walls
    http.response.status_code: 200
Resource associated with Activity:
    deployment.environment: Testing
    service.name: Crud.Api
    service.version: 1.0.0
    service.instance.id: 15081513-c9e4-4e0d-aac5-97a71d5ef649
    telemetry.sdk.name: opentelemetry
    telemetry.sdk.language: dotnet
    telemetry.sdk.version: 1.8.1
[05:35:01 INF] User registered successfully: 4ceb7b32-e4f8-4aee-8407-930b1b814cd3 {"SourceContext": "App.Features.Authentication.RegisterUserCommandHandler", "ActionId": "d9fd3d02-3066-41bc-9123-7b564ee4fb4d", "ActionName": "Api.Controllers.AuthController.Register (Api)", "RequestId": "0HNFGUJ46SF6P", "RequestPath": "/api/auth/register", "Application": "Crud.Api"}
Activity.TraceId:            18fb7aef343bacdd554620de8604b712
Activity.SpanId:             3f4d518ca437b631
Activity.TraceFlags:         Recorded
Activity.ActivitySourceName: Microsoft.AspNetCore
Activity.DisplayName:        POST api/Auth/register
Activity.Kind:               Server
Activity.StartTime:          2025-09-11T05:35:01.6949210Z
Activity.Duration:           00:00:00.2961313
Activity.Tags:
    server.address: localhost
    http.request.method: POST
    url.scheme: http
    url.path: /api/auth/register
    network.protocol.version: 1.1
    http.route: api/Auth/register
    http.response.status_code: 200
Resource associated with Activity:
    deployment.environment: Testing
    service.name: Crud.Api
    service.version: 1.0.0
    service.instance.id: 15081513-c9e4-4e0d-aac5-97a71d5ef649
    telemetry.sdk.name: opentelemetry
    telemetry.sdk.language: dotnet
    telemetry.sdk.version: 1.8.1
[05:35:01 DBG] Cache miss for key: list:role {"SourceContext": "Infrastructure.Services.Caching.InMemoryCacheService", "ActionId": "81de27f2-c728-4244-9a0f-a43ac5d1ccd8", "ActionName": "Api.Controllers.RolesController.List (Api)", "RequestId": "0HNFGUJ46SF6Q", "RequestPath": "/api/roles", "Application": "Crud.Api"}
[05:35:01 DBG] Set cache value for key: list:role {"SourceContext": "Infrastructure.Services.Caching.InMemoryCacheService", "ActionId": "81de27f2-c728-4244-9a0f-a43ac5d1ccd8", "ActionName": "Api.Controllers.RolesController.List (Api)", "RequestId": "0HNFGUJ46SF6Q", "RequestPath": "/api/roles", "Application": "Crud.Api"}
Activity.TraceId:            fa1b10acd33bedc4533827b8ca164b18
Activity.SpanId:             9dfc4704d1e92f6e
Activity.TraceFlags:         Recorded
Activity.ActivitySourceName: Microsoft.AspNetCore
Activity.DisplayName:        GET api/Roles
Activity.Kind:               Server
Activity.StartTime:          2025-09-11T05:35:01.9923427Z
Activity.Duration:           00:00:00.0011396
Activity.Tags:
    server.address: localhost
    http.request.method: GET
    url.scheme: http
    url.path: /api/roles
    network.protocol.version: 1.1
    http.route: api/Roles
    http.response.status_code: 200
Resource associated with Activity:
    deployment.environment: Testing
    service.name: Crud.Api
    service.version: 1.0.0
    service.instance.id: 15081513-c9e4-4e0d-aac5-97a71d5ef649
    telemetry.sdk.name: opentelemetry
    telemetry.sdk.language: dotnet
    telemetry.sdk.version: 1.8.1
[05:35:02 INF] User registered successfully: 7d6c2346-ae18-4087-9190-9e4c3ba4334a {"SourceContext": "App.Features.Authentication.RegisterUserCommandHandler", "ActionId": "d9fd3d02-3066-41bc-9123-7b564ee4fb4d", "ActionName": "Api.Controllers.AuthController.Register (Api)", "RequestId": "0HNFGUJ46SF6R", "RequestPath": "/api/auth/register", "Application": "Crud.Api"}
Activity.TraceId:            2fb55d543d941c1edc1ac66160b23eb5
Activity.SpanId:             bd806a78e380337a
Activity.TraceFlags:         Recorded
Activity.ActivitySourceName: Microsoft.AspNetCore
Activity.DisplayName:        POST api/Auth/register
Activity.Kind:               Server
Activity.StartTime:          2025-09-11T05:35:01.9955112Z
Activity.Duration:           00:00:00.2962120
Activity.Tags:
    server.address: localhost
    http.request.method: POST
    url.scheme: http
    url.path: /api/auth/register
    network.protocol.version: 1.1
    http.route: api/Auth/register
    http.response.status_code: 200
Resource associated with Activity:
    deployment.environment: Testing
    service.name: Crud.Api
    service.version: 1.0.0
    service.instance.id: 15081513-c9e4-4e0d-aac5-97a71d5ef649
    telemetry.sdk.name: opentelemetry
    telemetry.sdk.language: dotnet
    telemetry.sdk.version: 1.8.1
[05:35:02 DBG] Cache hit for key: list:role {"SourceContext": "Infrastructure.Services.Caching.InMemoryCacheService", "ActionId": "81de27f2-c728-4244-9a0f-a43ac5d1ccd8", "ActionName": "Api.Controllers.RolesController.List (Api)", "RequestId": "0HNFGUJ46SF6S", "RequestPath": "/api/roles", "Application": "Crud.Api"}
Activity.TraceId:            87eeb11ce4dde18d8e5486819b3d3ada
Activity.SpanId:             ebcaa642ed44ad86
Activity.TraceFlags:         Recorded
Activity.ActivitySourceName: Microsoft.AspNetCore
Activity.DisplayName:        GET api/Roles
Activity.Kind:               Server
Activity.StartTime:          2025-09-11T05:35:02.2928774Z
Activity.Duration:           00:00:00.0016390
Activity.Tags:
    server.address: localhost
    http.request.method: GET
    url.scheme: http
    url.path: /api/roles
    network.protocol.version: 1.1
    http.route: api/Roles
    http.response.status_code: 200
Resource associated with Activity:
    deployment.environment: Testing
    service.name: Crud.Api
    service.version: 1.0.0
    service.instance.id: 15081513-c9e4-4e0d-aac5-97a71d5ef649
    telemetry.sdk.name: opentelemetry
    telemetry.sdk.language: dotnet
    telemetry.sdk.version: 1.8.1
[05:35:02 INF] User registered successfully: 7c58aaa6-e75a-4e45-9e4a-059e8d921b2e {"SourceContext": "App.Features.Authentication.RegisterUserCommandHandler", "ActionId": "d9fd3d02-3066-41bc-9123-7b564ee4fb4d", "ActionName": "Api.Controllers.AuthController.Register (Api)", "RequestId": "0HNFGUJ46SF6T", "RequestPath": "/api/auth/register", "Application": "Crud.Api"}
Activity.TraceId:            d0a07eec68e7a75104e5cf2737eb7ab1
Activity.SpanId:             c270b15528b0e4d3
Activity.TraceFlags:         Recorded
Activity.ActivitySourceName: Microsoft.AspNetCore
Activity.DisplayName:        POST api/Auth/register
Activity.Kind:               Server
Activity.StartTime:          2025-09-11T05:35:02.2965238Z
Activity.Duration:           00:00:00.2962235
Activity.Tags:
    server.address: localhost
    http.request.method: POST
    url.scheme: http
    url.path: /api/auth/register
    network.protocol.version: 1.1
    http.route: api/Auth/register
    http.response.status_code: 200
Resource associated with Activity:
    deployment.environment: Testing
    service.name: Crud.Api
    service.version: 1.0.0
    service.instance.id: 15081513-c9e4-4e0d-aac5-97a71d5ef649
    telemetry.sdk.name: opentelemetry
    telemetry.sdk.language: dotnet
    telemetry.sdk.version: 1.8.1
[05:35:02 DBG] Cache hit for key: list:role {"SourceContext": "Infrastructure.Services.Caching.InMemoryCacheService", "ActionId": "81de27f2-c728-4244-9a0f-a43ac5d1ccd8", "ActionName": "Api.Controllers.RolesController.List (Api)", "RequestId": "0HNFGUJ46SF6U", "RequestPath": "/api/roles", "Application": "Crud.Api"}
Activity.TraceId:            5571bd75da24ba43cdbc5a664acf9ade
Activity.SpanId:             bb9e621944619c8c
Activity.TraceFlags:         Recorded
Activity.ActivitySourceName: Microsoft.AspNetCore
Activity.DisplayName:        GET api/Roles
Activity.Kind:               Server
Activity.StartTime:          2025-09-11T05:35:02.5938892Z
Activity.Duration:           00:00:00.0005231
Activity.Tags:
    server.address: localhost
    http.request.method: GET
    url.scheme: http
    url.path: /api/roles
    network.protocol.version: 1.1
    http.route: api/Roles
    http.response.status_code: 200
Resource associated with Activity:
    deployment.environment: Testing
    service.name: Crud.Api
    service.version: 1.0.0
    service.instance.id: 15081513-c9e4-4e0d-aac5-97a71d5ef649
    telemetry.sdk.name: opentelemetry
    telemetry.sdk.language: dotnet
    telemetry.sdk.version: 1.8.1
[05:35:02 INF] User registered successfully: c0893af1-3e8d-497e-bb30-92d4d06ce5f8 {"SourceContext": "App.Features.Authentication.RegisterUserCommandHandler", "ActionId": "d9fd3d02-3066-41bc-9123-7b564ee4fb4d", "ActionName": "Api.Controllers.AuthController.Register (Api)", "RequestId": "0HNFGUJ46SF6V", "RequestPath": "/api/auth/register", "Application": "Crud.Api"}
Activity.TraceId:            aef5c98929b1d39625acd0bc14151bb5
Activity.SpanId:             075cf87fa7838784
Activity.TraceFlags:         Recorded
Activity.ActivitySourceName: Microsoft.AspNetCore
Activity.DisplayName:        POST api/Auth/register
Activity.Kind:               Server
Activity.StartTime:          2025-09-11T05:35:02.5964568Z
Activity.Duration:           00:00:00.2962184
Activity.Tags:
    server.address: localhost
    http.request.method: POST
    url.scheme: http
    url.path: /api/auth/register
    network.protocol.version: 1.1
    http.route: api/Auth/register
    http.response.status_code: 200
Resource associated with Activity:
    deployment.environment: Testing
    service.name: Crud.Api
    service.version: 1.0.0
    service.instance.id: 15081513-c9e4-4e0d-aac5-97a71d5ef649
    telemetry.sdk.name: opentelemetry
    telemetry.sdk.language: dotnet
    telemetry.sdk.version: 1.8.1
[05:35:03 INF] User logged in successfully: c0893af1-3e8d-497e-bb30-92d4d06ce5f8 {"SourceContext": "App.Features.Authentication.LoginCommandHandler", "ActionId": "e0ed94e6-7bce-4203-9d4a-c7fead139839", "ActionName": "Api.Controllers.AuthController.Login (Api)", "RequestId": "0HNFGUJ46SF70", "RequestPath": "/api/auth/login", "Application": "Crud.Api"}
Activity.TraceId:            ec0c0fbc1bd290cb9f0792d9727a37c2
Activity.SpanId:             82e6cd5499213aab
Activity.TraceFlags:         Recorded
Activity.ActivitySourceName: Microsoft.AspNetCore
Activity.DisplayName:        POST api/Auth/login
Activity.Kind:               Server
Activity.StartTime:          2025-09-11T05:35:02.8942982Z
Activity.Duration:           00:00:00.2964560
Activity.Tags:
    server.address: localhost
    http.request.method: POST
    url.scheme: http
    url.path: /api/auth/login
    network.protocol.version: 1.1
    http.route: api/Auth/login
    http.response.status_code: 200
Resource associated with Activity:
    deployment.environment: Testing
    service.name: Crud.Api
    service.version: 1.0.0
    service.instance.id: 15081513-c9e4-4e0d-aac5-97a71d5ef649
    telemetry.sdk.name: opentelemetry
    telemetry.sdk.language: dotnet
    telemetry.sdk.version: 1.8.1
Activity.TraceId:            2ed457e151de511f46ec7ef88f5b600a
Activity.SpanId:             f751194289cdbf71
Activity.TraceFlags:         Recorded
Activity.ActivitySourceName: Microsoft.AspNetCore
Activity.DisplayName:        PATCH
Activity.Kind:               Server
Activity.StartTime:          2025-09-11T05:35:03.1918374Z
Activity.Duration:           00:00:00.0003712
Activity.Tags:
    server.address: localhost
    http.request.method: PATCH
    url.scheme: http
    url.path: /api/roles
    network.protocol.version: 1.1
    http.response.status_code: 405
Resource associated with Activity:
    deployment.environment: Testing
    service.name: Crud.Api
    service.version: 1.0.0
    service.instance.id: 15081513-c9e4-4e0d-aac5-97a71d5ef649
    telemetry.sdk.name: opentelemetry
    telemetry.sdk.language: dotnet
    telemetry.sdk.version: 1.8.1
[05:35:03 INF] User registered successfully: d092a771-e2cd-4cc9-b78d-deffdcacc64d {"SourceContext": "App.Features.Authentication.RegisterUserCommandHandler", "ActionId": "d9fd3d02-3066-41bc-9123-7b564ee4fb4d", "ActionName": "Api.Controllers.AuthController.Register (Api)", "RequestId": "0HNFGUJ46SF72", "RequestPath": "/api/auth/register", "Application": "Crud.Api"}
Activity.TraceId:            95b2676ab782179f006adb2c3633ce93
Activity.SpanId:             491e980eb1347107
Activity.TraceFlags:         Recorded
Activity.ActivitySourceName: Microsoft.AspNetCore
Activity.DisplayName:        POST api/Auth/register
Activity.Kind:               Server
Activity.StartTime:          2025-09-11T05:35:03.1942584Z
Activity.Duration:           00:00:00.2976189
Activity.Tags:
    server.address: localhost
    http.request.method: POST
    url.scheme: http
    url.path: /api/auth/register
    network.protocol.version: 1.1
    http.route: api/Auth/register
    http.response.status_code: 200
Resource associated with Activity:
    deployment.environment: Testing
    service.name: Crud.Api
    service.version: 1.0.0
    service.instance.id: 15081513-c9e4-4e0d-aac5-97a71d5ef649
    telemetry.sdk.name: opentelemetry
    telemetry.sdk.language: dotnet
    telemetry.sdk.version: 1.8.1
[05:35:03 INF] User logged in successfully: d092a771-e2cd-4cc9-b78d-deffdcacc64d {"SourceContext": "App.Features.Authentication.LoginCommandHandler", "ActionId": "e0ed94e6-7bce-4203-9d4a-c7fead139839", "ActionName": "Api.Controllers.AuthController.Login (Api)", "RequestId": "0HNFGUJ46SF73", "RequestPath": "/api/auth/login", "Application": "Crud.Api"}
Activity.TraceId:            4a10727098fdeff2901c645e5c0b115c
Activity.SpanId:             7c460ab5243252f2
Activity.TraceFlags:         Recorded
Activity.ActivitySourceName: Microsoft.AspNetCore
Activity.DisplayName:        POST api/Auth/login
Activity.Kind:               Server
Activity.StartTime:          2025-09-11T05:35:03.4937780Z
Activity.Duration:           00:00:00.2960159
Activity.Tags:
    server.address: localhost
    http.request.method: POST
    url.scheme: http
    url.path: /api/auth/login
    network.protocol.version: 1.1
    http.route: api/Auth/login
    http.response.status_code: 200
Resource associated with Activity:
    deployment.environment: Testing
    service.name: Crud.Api
    service.version: 1.0.0
    service.instance.id: 15081513-c9e4-4e0d-aac5-97a71d5ef649
    telemetry.sdk.name: opentelemetry
    telemetry.sdk.language: dotnet
    telemetry.sdk.version: 1.8.1
Activity.TraceId:            3baefa9baf980f1e0e08a602676d1663
Activity.SpanId:             58b161ae358dee90
Activity.TraceFlags:         Recorded
Activity.ActivitySourceName: Microsoft.AspNetCore
Activity.DisplayName:        POST api/Roles
Activity.Kind:               Server
Activity.StartTime:          2025-09-11T05:35:03.7910032Z
Activity.Duration:           00:00:00.0030876
Activity.Tags:
    server.address: localhost
    http.request.method: POST
    url.scheme: http
    url.path: /api/roles
    network.protocol.version: 1.1
    http.route: api/Roles
    http.response.status_code: 400
Resource associated with Activity:
    deployment.environment: Testing
    service.name: Crud.Api
    service.version: 1.0.0
    service.instance.id: 15081513-c9e4-4e0d-aac5-97a71d5ef649
    telemetry.sdk.name: opentelemetry
    telemetry.sdk.language: dotnet
    telemetry.sdk.version: 1.8.1
[05:35:04 INF] User registered successfully: c588647d-3e4f-4154-bc8d-3e2b473edac1 {"SourceContext": "App.Features.Authentication.RegisterUserCommandHandler", "ActionId": "d9fd3d02-3066-41bc-9123-7b564ee4fb4d", "ActionName": "Api.Controllers.AuthController.Register (Api)", "RequestId": "0HNFGUJ46SF75", "RequestPath": "/api/auth/register", "Application": "Crud.Api"}
Activity.TraceId:            dc2197d009a113fb680ade63902c6e60
Activity.SpanId:             6259a30ad1052766
Activity.TraceFlags:         Recorded
Activity.ActivitySourceName: Microsoft.AspNetCore
Activity.DisplayName:        POST api/Auth/register
Activity.Kind:               Server
Activity.StartTime:          2025-09-11T05:35:03.7957017Z
Activity.Duration:           00:00:00.2980499
Activity.Tags:
    server.address: localhost
    http.request.method: POST
    url.scheme: http
    url.path: /api/auth/register
    network.protocol.version: 1.1
    http.route: api/Auth/register
    http.response.status_code: 200
Resource associated with Activity:
    deployment.environment: Testing
    service.name: Crud.Api
    service.version: 1.0.0
    service.instance.id: 15081513-c9e4-4e0d-aac5-97a71d5ef649
    telemetry.sdk.name: opentelemetry
    telemetry.sdk.language: dotnet
    telemetry.sdk.version: 1.8.1
[05:35:04 INF] User logged in successfully: c588647d-3e4f-4154-bc8d-3e2b473edac1 {"SourceContext": "App.Features.Authentication.LoginCommandHandler", "ActionId": "e0ed94e6-7bce-4203-9d4a-c7fead139839", "ActionName": "Api.Controllers.AuthController.Login (Api)", "RequestId": "0HNFGUJ46SF76", "RequestPath": "/api/auth/login", "Application": "Crud.Api"}
Activity.TraceId:            ec9a3bf29929a0dd204e61891f6f700a
Activity.SpanId:             1d3632885181320a
Activity.TraceFlags:         Recorded
Activity.ActivitySourceName: Microsoft.AspNetCore
Activity.DisplayName:        POST api/Auth/login
Activity.Kind:               Server
Activity.StartTime:          2025-09-11T05:35:04.0953572Z
Activity.Duration:           00:00:00.2963491
Activity.Tags:
    server.address: localhost
    http.request.method: POST
    url.scheme: http
    url.path: /api/auth/login
    network.protocol.version: 1.1
    http.route: api/Auth/login
    http.response.status_code: 200
Resource associated with Activity:
    deployment.environment: Testing
    service.name: Crud.Api
    service.version: 1.0.0
    service.instance.id: 15081513-c9e4-4e0d-aac5-97a71d5ef649
    telemetry.sdk.name: opentelemetry
    telemetry.sdk.language: dotnet
    telemetry.sdk.version: 1.8.1
[05:35:04 ERR] An unhandled exception occurred during request POST /api/roles. Request ID: 0HNFGUJ46SF77, User: Anonymous {"SourceContext": "Api.Middleware.GlobalExceptionHandlingMiddleware", "RequestPath": "/api/roles", "Application": "Crud.Api"}
FluentValidation.ValidationException: Validation failed: 
 -- Description: Description cannot exceed 500 characters Severity: Error
   at App.Behaviors.ValidationBehavior`2.Handle(TRequest request, RequestHandlerDelegate`1 next, CancellationToken cancellationToken) in /home/runner/work/Crud/Crud/src/App/Behaviors/ValidationBehavior.cs:line 39
   at Api.Controllers.RolesController.Create(CreateRoleRequest request, CancellationToken ct) in /home/runner/work/Crud/Crud/src/Api/Controllers/RolesController.cs:line 87
   at lambda_method1631(Closure, Object)
   at Microsoft.AspNetCore.Mvc.Infrastructure.ActionMethodExecutor.AwaitableObjectResultExecutor.Execute(ActionContext actionContext, IActionResultTypeMapper mapper, ObjectMethodExecutor executor, Object controller, Object[] arguments)
   at Microsoft.AspNetCore.Mvc.Infrastructure.ControllerActionInvoker.&lt;InvokeActionMethodAsync&gt;g__Logged|12_1(ControllerActionInvoker invoker)
   at Microsoft.AspNetCore.Mvc.Infrastructure.ControllerActionInvoker.&lt;InvokeNextActionFilterAsync&gt;g__Awaited|10_0(ControllerActionInvoker invoker, Task lastTask, State next, Scope scope, Object state, Boolean isCompleted)
   at Microsoft.AspNetCore.Mvc.Infrastructure.ControllerActionInvoker.Rethrow(ActionExecutedContextSealed context)
   at Microsoft.AspNetCore.Mvc.Infrastructure.ControllerActionInvoker.Next(State&amp; next, Scope&amp; scope, Object&amp; state, Boolean&amp; isCompleted)
   at Microsoft.AspNetCore.Mvc.Infrastructure.ControllerActionInvoker.InvokeInnerFilterAsync()
--- End of stack trace from previous location ---
   at Microsoft.AspNetCore.Mvc.Infrastructure.ResourceInvoker.&lt;InvokeFilterPipelineAsync&gt;g__Awaited|20_0(ResourceInvoker invoker, Task lastTask, State next, Scope scope, Object state, Boolean isCompleted)
   at Microsoft.AspNetCore.Mvc.Infrastructure.ResourceInvoker.&lt;InvokeAsync&gt;g__Logged|17_1(ResourceInvoker invoker)
   at Microsoft.AspNetCore.Mvc.Infrastructure.ResourceInvoker.&lt;InvokeAsync&gt;g__Logged|17_1(ResourceInvoker invoker)
   at Microsoft.AspNetCore.Authorization.AuthorizationMiddleware.Invoke(HttpContext context)
   at Microsoft.AspNetCore.Authentication.AuthenticationMiddleware.Invoke(HttpContext context)
   at Microsoft.AspNetCore.RateLimiting.RateLimitingMiddleware.InvokeInternal(HttpContext context, EnableRateLimitingAttribute enableRateLimitingAttribute)
   at Api.Middleware.GlobalExceptionHandlingMiddleware.InvokeAsync(HttpContext context) in /home/runner/work/Crud/Crud/src/Api/Middleware/GlobalExceptionHandlingMiddleware.cs:line 27
Activity.TraceId:            0c4e53df4b27ef75ecf710f191fdde22
Activity.SpanId:             883075b1d990fdc9
Activity.TraceFlags:         Recorded
Activity.ActivitySourceName: Microsoft.AspNetCore
Activity.DisplayName:        POST api/Roles
Activity.Kind:               Server
Activity.StartTime:          2025-09-11T05:35:04.3926553Z
Activity.Duration:           00:00:00.0043706
Activity.Tags:
    server.address: localhost
    http.request.method: POST
    url.scheme: http
    url.path: /api/roles
    network.protocol.version: 1.1
    http.route: api/Roles
    http.response.status_code: 400
Resource associated with Activity:
    deployment.environment: Testing
    service.name: Crud.Api
    service.version: 1.0.0
    service.instance.id: 15081513-c9e4-4e0d-aac5-97a71d5ef649
    telemetry.sdk.name: opentelemetry
    telemetry.sdk.language: dotnet
    telemetry.sdk.version: 1.8.1
[05:35:04 INF] Resetting database for worker 13364 {"SourceContext": "Infrastructure.Services.DatabaseTestService", "Application": "Crud.Api"}
[05:35:04 INF] Resetting database via file deletion for worker 13364 in CI environment {"SourceContext": "Infrastructure.Services.DatabaseTestService", "Application": "Crud.Api"}
[05:35:04 INF] Acquiring database mutex for worker 13364... {"SourceContext": "Infrastructure.Services.DatabaseTestService", "Application": "Crud.Api"}
[05:35:04 INF] Database mutex acquired for worker 13364 {"SourceContext": "Infrastructure.Services.DatabaseTestService", "Application": "Crud.Api"}
[05:35:04 INF] Current database state - CanConnect: True {"SourceContext": "Infrastructure.Services.DatabaseTestService", "Application": "Crud.Api"}
[05:35:04 INF] [Phase 0] Closing database connection for worker 13364... {"SourceContext": "Infrastructure.Services.DatabaseTestService", "Application": "Crud.Api"}
[05:35:04 INF] [Phase 0] Connection closed in 0.0012ms {"SourceContext": "Infrastructure.Services.DatabaseTestService", "Application": "Crud.Api"}
[05:35:04 INF] [Phase 1] Starting EnsureDeletedAsync for worker 13364... {"SourceContext": "Infrastructure.Services.DatabaseTestService", "Application": "Crud.Api"}
[05:35:04 INF] [Phase 1] EnsureDeletedAsync completed in 2.0465ms {"SourceContext": "Infrastructure.Services.DatabaseTestService", "Application": "Crud.Api"}
[05:35:04 INF] [Phase 2] Starting EnsureCreatedAsync for worker 13364... {"SourceContext": "Infrastructure.Services.DatabaseTestService", "Application": "Crud.Api"}
[05:35:04 INF] [Phase 2] EnsureCreatedAsync completed in 8.2397ms {"SourceContext": "Infrastructure.Services.DatabaseTestService", "Application": "Crud.Api"}
[05:35:04 INF] [Phase 3] Skipping database seeding as requested for worker 13364 {"SourceContext": "Infrastructure.Services.DatabaseTestService", "Application": "Crud.Api"}
[05:35:04 INF] Database reset via file deletion completed for worker 13364 in 117.452ms (Close: 0.0012ms, Delete: 2.0465ms, Create: 8.2397ms) {"SourceContext": "Infrastructure.Services.DatabaseTestService", "Application": "Crud.Api"}
[05:35:04 INF] Releasing database mutex for worker 13364 {"SourceContext": "Infrastructure.Services.DatabaseTestService", "Application": "Crud.Api"}
[05:35:04 INF] User registered successfully: 4c4ee1d6-1f3a-4f32-9ecb-dd3d960bc7e3 {"SourceContext": "App.Features.Authentication.RegisterUserCommandHandler", "ActionId": "d9fd3d02-3066-41bc-9123-7b564ee4fb4d", "ActionName": "Api.Controllers.AuthController.Register (Api)", "RequestId": "0HNFGUJ46SF7B", "RequestPath": "/api/auth/register", "Application": "Crud.Api"}
Activity.TraceId:            64f283847dc6bf289fc253d7754be777
Activity.SpanId:             eaaedb2497f1ad1c
Activity.TraceFlags:         Recorded
Activity.ActivitySourceName: Microsoft.AspNetCore
Activity.DisplayName:        POST api/Auth/register
Activity.Kind:               Server
Activity.StartTime:          2025-09-11T05:35:04.5201476Z
Activity.Duration:           00:00:00.3721607
Activity.Tags:
    server.address: localhost
    http.request.method: POST
    url.scheme: http
    url.path: /api/auth/register
    network.protocol.version: 1.1
    http.route: api/Auth/register
    http.response.status_code: 200
Resource associated with Activity:
    deployment.environment: Testing
    service.name: Crud.Api
    service.version: 1.0.0
    service.instance.id: 15081513-c9e4-4e0d-aac5-97a71d5ef649
    telemetry.sdk.name: opentelemetry
    telemetry.sdk.language: dotnet
    telemetry.sdk.version: 1.8.1
[05:35:04 INF] User registered successfully: 7aa66540-5548-4a4d-be72-e75ac61aeeca {"SourceContext": "App.Features.Authentication.RegisterUserCommandHandler", "ActionId": "d9fd3d02-3066-41bc-9123-7b564ee4fb4d", "ActionName": "Api.Controllers.AuthController.Register (Api)", "RequestId": "0HNFGUJ46SF79", "RequestPath": "/api/auth/register", "Application": "Crud.Api"}
Activity.TraceId:            efc612975d19f4e5335a999289ede834
Activity.SpanId:             4630988cca959808
Activity.TraceFlags:         Recorded
Activity.ActivitySourceName: Microsoft.AspNetCore
Activity.DisplayName:        POST api/Auth/register
Activity.Kind:               Server
Activity.StartTime:          2025-09-11T05:35:04.5194855Z
Activity.Duration:           00:00:00.3775939
Activity.Tags:
    server.address: localhost
    http.request.method: POST
    url.scheme: http
    url.path: /api/auth/register
    network.protocol.version: 1.1
    http.route: api/Auth/register
    http.response.status_code: 200
Resource associated with Activity:
    deployment.environment: Testing
    service.name: Crud.Api
    service.version: 1.0.0
    service.instance.id: 15081513-c9e4-4e0d-aac5-97a71d5ef649
    telemetry.sdk.name: opentelemetry
    telemetry.sdk.language: dotnet
    telemetry.sdk.version: 1.8.1
[05:35:04 INF] User registered successfully: bdce4302-0277-4c38-aa97-a6545eb9046f {"SourceContext": "App.Features.Authentication.RegisterUserCommandHandler", "ActionId": "d9fd3d02-3066-41bc-9123-7b564ee4fb4d", "ActionName": "Api.Controllers.AuthController.Register (Api)", "RequestId": "0HNFGUJ46SF78", "RequestPath": "/api/auth/register", "Application": "Crud.Api"}
Activity.TraceId:            9fb2d098243329f84065d17df32e72b7
Activity.SpanId:             5556b3a5d307acea
Activity.TraceFlags:         Recorded
Activity.ActivitySourceName: Microsoft.AspNetCore
Activity.DisplayName:        POST api/Auth/register
Activity.Kind:               Server
Activity.StartTime:          2025-09-11T05:35:04.5194661Z
Activity.Duration:           00:00:00.3822404
Activity.Tags:
    server.address: localhost
    http.request.method: POST
    url.scheme: http
    url.path: /api/auth/register
    network.protocol.version: 1.1
    http.route: api/Auth/register
    http.response.status_code: 200
Resource associated with Activity:
    deployment.environment: Testing
    service.name: Crud.Api
    service.version: 1.0.0
    service.instance.id: 15081513-c9e4-4e0d-aac5-97a71d5ef649
    telemetry.sdk.name: opentelemetry
    telemetry.sdk.language: dotnet
    telemetry.sdk.version: 1.8.1
[05:35:05 INF] User registered successfully: 01b0b994-1254-4b4f-a7ff-8093f137a221 {"SourceContext": "App.Features.Authentication.RegisterUserCommandHandler", "ActionId": "d9fd3d02-3066-41bc-9123-7b564ee4fb4d", "ActionName": "Api.Controllers.AuthController.Register (Api)", "RequestId": "0HNFGUJ46SF7A", "RequestPath": "/api/auth/register", "Application": "Crud.Api"}
Activity.TraceId:            3f8f0c0993aebf29f008ab782d70edb3
Activity.SpanId:             a8da94468617f530
Activity.TraceFlags:         Recorded
Activity.ActivitySourceName: Microsoft.AspNetCore
Activity.DisplayName:        POST api/Auth/register
Activity.Kind:               Server
Activity.StartTime:          2025-09-11T05:35:04.5195082Z
Activity.Duration:           00:00:00.5248866
Activity.Tags:
    server.address: localhost
    http.request.method: POST
    url.scheme: http
    url.path: /api/auth/register
    network.protocol.version: 1.1
    http.route: api/Auth/register
    http.response.status_code: 200
Resource associated with Activity:
    deployment.environment: Testing
    service.name: Crud.Api
    service.version: 1.0.0
    service.instance.id: 15081513-c9e4-4e0d-aac5-97a71d5ef649
    telemetry.sdk.name: opentelemetry
    telemetry.sdk.language: dotnet
    telemetry.sdk.version: 1.8.1
[05:35:05 INF] User registered successfully: 1ba5d7e8-a7fe-477b-998e-2edf355c2185 {"SourceContext": "App.Features.Authentication.RegisterUserCommandHandler", "ActionId": "d9fd3d02-3066-41bc-9123-7b564ee4fb4d", "ActionName": "Api.Controllers.AuthController.Register (Api)", "RequestId": "0HNFGUJ46SF7E", "RequestPath": "/api/auth/register", "Application": "Crud.Api"}
Activity.TraceId:            e96b4c25047ac975a77b41b9a5e6dbd2
Activity.SpanId:             14fa52a56fdc80bc
Activity.TraceFlags:         Recorded
Activity.ActivitySourceName: Microsoft.AspNetCore
Activity.DisplayName:        POST api/Auth/register
Activity.Kind:               Server
Activity.StartTime:          2025-09-11T05:35:04.9030400Z
Activity.Duration:           00:00:00.3338510
Activity.Tags:
    server.address: localhost
    http.request.method: POST
    url.scheme: http
    url.path: /api/auth/register
    network.protocol.version: 1.1
    http.route: api/Auth/register
    http.response.status_code: 200
Resource associated with Activity:
    deployment.environment: Testing
    service.name: Crud.Api
    service.version: 1.0.0
    service.instance.id: 15081513-c9e4-4e0d-aac5-97a71d5ef649
    telemetry.sdk.name: opentelemetry
    telemetry.sdk.language: dotnet
    telemetry.sdk.version: 1.8.1
[05:35:05 INF] User registered successfully: aa24d6f9-b952-4871-92fe-9188a978eaf3 {"SourceContext": "App.Features.Authentication.RegisterUserCommandHandler", "ActionId": "d9fd3d02-3066-41bc-9123-7b564ee4fb4d", "ActionName": "Api.Controllers.AuthController.Register (Api)", "RequestId": "0HNFGUJ46SF7C", "RequestPath": "/api/auth/register", "Application": "Crud.Api"}
Activity.TraceId:            c547a40e7b7fda89f41ed6086aa0e4e6
Activity.SpanId:             6bc2bbe9ccf319d5
Activity.TraceFlags:         Recorded
Activity.ActivitySourceName: Microsoft.AspNetCore
Activity.DisplayName:        POST api/Auth/register
Activity.Kind:               Server
Activity.StartTime:          2025-09-11T05:35:04.8936282Z
Activity.Duration:           00:00:00.3730193
Activity.Tags:
    server.address: localhost
    http.request.method: POST
    url.scheme: http
    url.path: /api/auth/register
    network.protocol.version: 1.1
    http.route: api/Auth/register
    http.response.status_code: 200
Resource associated with Activity:
    deployment.environment: Testing
    service.name: Crud.Api
    service.version: 1.0.0
    service.instance.id: 15081513-c9e4-4e0d-aac5-97a71d5ef649
    telemetry.sdk.name: opentelemetry
    telemetry.sdk.language: dotnet
    telemetry.sdk.version: 1.8.1
[05:35:05 INF] User registered successfully: 47b67b85-d507-4fd5-831b-e23e4d88cd85 {"SourceContext": "App.Features.Authentication.RegisterUserCommandHandler", "ActionId": "d9fd3d02-3066-41bc-9123-7b564ee4fb4d", "ActionName": "Api.Controllers.AuthController.Register (Api)", "RequestId": "0HNFGUJ46SF7D", "RequestPath": "/api/auth/register", "Application": "Crud.Api"}
Activity.TraceId:            cb01d68dfd25fce00930fc521c7e70ba
Activity.SpanId:             5209f6cd956e52dd
Activity.TraceFlags:         Recorded
Activity.ActivitySourceName: Microsoft.AspNetCore
Activity.DisplayName:        POST api/Auth/register
Activity.Kind:               Server
Activity.StartTime:          2025-09-11T05:35:04.8979442Z
Activity.Duration:           00:00:00.3720935
Activity.Tags:
    server.address: localhost
    http.request.method: POST
    url.scheme: http
    url.path: /api/auth/register
    network.protocol.version: 1.1
    http.route: api/Auth/register
    http.response.status_code: 200
Resource associated with Activity:
    deployment.environment: Testing
    service.name: Crud.Api
    service.version: 1.0.0
    service.instance.id: 15081513-c9e4-4e0d-aac5-97a71d5ef649
    telemetry.sdk.name: opentelemetry
    telemetry.sdk.language: dotnet
    telemetry.sdk.version: 1.8.1
[05:35:05 INF] User registered successfully: 6c5a67f2-76db-4fdd-bfcb-098b8fc43d51 {"SourceContext": "App.Features.Authentication.RegisterUserCommandHandler", "ActionId": "d9fd3d02-3066-41bc-9123-7b564ee4fb4d", "ActionName": "Api.Controllers.AuthController.Register (Api)", "RequestId": "0HNFGUJ46SF7F", "RequestPath": "/api/auth/register", "Application": "Crud.Api"}
Activity.TraceId:            29d051a5fdce486fabfaf3b02bc54948
Activity.SpanId:             f93203c31155e362
Activity.TraceFlags:         Recorded
Activity.ActivitySourceName: Microsoft.AspNetCore
Activity.DisplayName:        POST api/Auth/register
Activity.Kind:               Server
Activity.StartTime:          2025-09-11T05:35:05.0505407Z
Activity.Duration:           00:00:00.3993876
Activity.Tags:
    server.address: localhost
    http.request.method: POST
    url.scheme: http
    url.path: /api/auth/register
    network.protocol.version: 1.1
    http.route: api/Auth/register
    http.response.status_code: 200
Resource associated with Activity:
    deployment.environment: Testing
    service.name: Crud.Api
    service.version: 1.0.0
    service.instance.id: 15081513-c9e4-4e0d-aac5-97a71d5ef649
    telemetry.sdk.name: opentelemetry
    telemetry.sdk.language: dotnet
    telemetry.sdk.version: 1.8.1
[05:35:05 INF] User registered successfully: afe06dab-f37c-46f6-8cac-e56a7b548534 {"SourceContext": "App.Features.Authentication.RegisterUserCommandHandler", "ActionId": "d9fd3d02-3066-41bc-9123-7b564ee4fb4d", "ActionName": "Api.Controllers.AuthController.Register (Api)", "RequestId": "0HNFGUJ46SF7G", "RequestPath": "/api/auth/register", "Application": "Crud.Api"}
Activity.TraceId:            3494d76441c20df1faf41b1b7a92e06b
Activity.SpanId:             05ce43c44214dfd4
Activity.TraceFlags:         Recorded
Activity.ActivitySourceName: Microsoft.AspNetCore
Activity.DisplayName:        POST api/Auth/register
Activity.Kind:               Server
Activity.StartTime:          2025-09-11T05:35:05.2389589Z
Activity.Duration:           00:00:00.3745444
Activity.Tags:
    server.address: localhost
    http.request.method: POST
    url.scheme: http
    url.path: /api/auth/register
    network.protocol.version: 1.1
    http.route: api/Auth/register
    http.response.status_code: 200
Resource associated with Activity:
    deployment.environment: Testing
    service.name: Crud.Api
    service.version: 1.0.0
    service.instance.id: 15081513-c9e4-4e0d-aac5-97a71d5ef649
    telemetry.sdk.name: opentelemetry
    telemetry.sdk.language: dotnet
    telemetry.sdk.version: 1.8.1
[05:35:05 INF] User registered successfully: ab075add-a9e0-4572-8916-0da4a378d37f {"SourceContext": "App.Features.Authentication.RegisterUserCommandHandler", "ActionId": "d9fd3d02-3066-41bc-9123-7b564ee4fb4d", "ActionName": "Api.Controllers.AuthController.Register (Api)", "RequestId": "0HNFGUJ46SF7H", "RequestPath": "/api/auth/register", "Application": "Crud.Api"}
Activity.TraceId:            8c0504f7bcac437ed38f354636dae7e6
Activity.SpanId:             b773d88f1f281215
Activity.TraceFlags:         Recorded
Activity.ActivitySourceName: Microsoft.AspNetCore
Activity.DisplayName:        POST api/Auth/register
Activity.Kind:               Server
Activity.StartTime:          2025-09-11T05:35:05.2677329Z
Activity.Duration:           00:00:00.3769008
Activity.Tags:
    server.address: localhost
    http.request.method: POST
    url.scheme: http
    url.path: /api/auth/register
    network.protocol.version: 1.1
    http.route: api/Auth/register
    http.response.status_code: 200
Resource associated with Activity:
    deployment.environment: Testing
    service.name: Crud.Api
    service.version: 1.0.0
    service.instance.id: 15081513-c9e4-4e0d-aac5-97a71d5ef649
    telemetry.sdk.name: opentelemetry
    telemetry.sdk.language: dotnet
    telemetry.sdk.version: 1.8.1
[05:35:05 INF] User logged in successfully: 4c4ee1d6-1f3a-4f32-9ecb-dd3d960bc7e3 {"SourceContext": "App.Features.Authentication.LoginCommandHandler", "ActionId": "e0ed94e6-7bce-4203-9d4a-c7fead139839", "ActionName": "Api.Controllers.AuthController.Login (Api)", "RequestId": "0HNFGUJ46SF7I", "RequestPath": "/api/auth/login", "Application": "Crud.Api"}
Activity.TraceId:            85a4c31b437e8fdd6db1357cdd6c41db
Activity.SpanId:             cf9ccec4325bedbc
Activity.TraceFlags:         Recorded
Activity.ActivitySourceName: Microsoft.AspNetCore
Activity.DisplayName:        POST api/Auth/login
Activity.Kind:               Server
Activity.StartTime:          2025-09-11T05:35:05.2727244Z
Activity.Duration:           00:00:00.3742995
Activity.Tags:
    server.address: localhost
    http.request.method: POST
    url.scheme: http
    url.path: /api/auth/login
    network.protocol.version: 1.1
    http.route: api/Auth/login
    http.response.status_code: 200
Resource associated with Activity:
    deployment.environment: Testing
    service.name: Crud.Api
    service.version: 1.0.0
    service.instance.id: 15081513-c9e4-4e0d-aac5-97a71d5ef649
    telemetry.sdk.name: opentelemetry
    telemetry.sdk.language: dotnet
    telemetry.sdk.version: 1.8.1
[05:35:05 INF] User logged in successfully: 7aa66540-5548-4a4d-be72-e75ac61aeeca {"SourceContext": "App.Features.Authentication.LoginCommandHandler", "ActionId": "e0ed94e6-7bce-4203-9d4a-c7fead139839", "ActionName": "Api.Controllers.AuthController.Login (Api)", "RequestId": "0HNFGUJ46SF7J", "RequestPath": "/api/auth/login", "Application": "Crud.Api"}
Activity.TraceId:            13ff7825ce189dbffe4dfb21aeae9c34
Activity.SpanId:             298334a31c166bd5
Activity.TraceFlags:         Recorded
Activity.ActivitySourceName: Microsoft.AspNetCore
Activity.DisplayName:        POST api/Auth/login
Activity.Kind:               Server
Activity.StartTime:          2025-09-11T05:35:05.4516324Z
Activity.Duration:           00:00:00.3321698
Activity.Tags:
    server.address: localhost
    http.request.method: POST
    url.scheme: http
    url.path: /api/auth/login
    network.protocol.version: 1.1
    http.route: api/Auth/login
    http.response.status_code: 200
Resource associated with Activity:
    deployment.environment: Testing
    service.name: Crud.Api
    service.version: 1.0.0
    service.instance.id: 15081513-c9e4-4e0d-aac5-97a71d5ef649
    telemetry.sdk.name: opentelemetry
    telemetry.sdk.language: dotnet
    telemetry.sdk.version: 1.8.1
[05:35:06 INF] User logged in successfully: bdce4302-0277-4c38-aa97-a6545eb9046f {"SourceContext": "App.Features.Authentication.LoginCommandHandler", "ActionId": "e0ed94e6-7bce-4203-9d4a-c7fead139839", "ActionName": "Api.Controllers.AuthController.Login (Api)", "RequestId": "0HNFGUJ46SF7K", "RequestPath": "/api/auth/login", "Application": "Crud.Api"}
Activity.TraceId:            2bdd726d3b8de961649c13d4027ce8c4
Activity.SpanId:             215a4fcf3eaa60b2
Activity.TraceFlags:         Recorded
Activity.ActivitySourceName: Microsoft.AspNetCore
Activity.DisplayName:        POST api/Auth/login
Activity.Kind:               Server
Activity.StartTime:          2025-09-11T05:35:05.6458120Z
Activity.Duration:           00:00:00.3729527
Activity.Tags:
    server.address: localhost
    http.request.method: POST
    url.scheme: http
    url.path: /api/auth/login
    network.protocol.version: 1.1
    http.route: api/Auth/login
    http.response.status_code: 200
Resource associated with Activity:
    deployment.environment: Testing
    service.name: Crud.Api
    service.version: 1.0.0
    service.instance.id: 15081513-c9e4-4e0d-aac5-97a71d5ef649
    telemetry.sdk.name: opentelemetry
    telemetry.sdk.language: dotnet
    telemetry.sdk.version: 1.8.1
[05:35:06 INF] User logged in successfully: 01b0b994-1254-4b4f-a7ff-8093f137a221 {"SourceContext": "App.Features.Authentication.LoginCommandHandler", "ActionId": "e0ed94e6-7bce-4203-9d4a-c7fead139839", "ActionName": "Api.Controllers.AuthController.Login (Api)", "RequestId": "0HNFGUJ46SF7L", "RequestPath": "/api/auth/login", "Application": "Crud.Api"}
Activity.TraceId:            9f010dbcd96d7b0867768453f85d49c3
Activity.SpanId:             dd1c40858a8429b6
Activity.TraceFlags:         Recorded
Activity.ActivitySourceName: Microsoft.AspNetCore
Activity.DisplayName:        POST api/Auth/login
Activity.Kind:               Server
Activity.StartTime:          2025-09-11T05:35:05.6472681Z
Activity.Duration:           00:00:00.3760629
Activity.Tags:
    server.address: localhost
    http.request.method: POST
    url.scheme: http
    url.path: /api/auth/login
    network.protocol.version: 1.1
    http.route: api/Auth/login
    http.response.status_code: 200
Resource associated with Activity:
    deployment.environment: Testing
    service.name: Crud.Api
    service.version: 1.0.0
    service.instance.id: 15081513-c9e4-4e0d-aac5-97a71d5ef649
    telemetry.sdk.name: opentelemetry
    telemetry.sdk.language: dotnet
    telemetry.sdk.version: 1.8.1
[05:35:06 INF] User logged in successfully: 1ba5d7e8-a7fe-477b-998e-2edf355c2185 {"SourceContext": "App.Features.Authentication.LoginCommandHandler", "ActionId": "e0ed94e6-7bce-4203-9d4a-c7fead139839", "ActionName": "Api.Controllers.AuthController.Login (Api)", "RequestId": "0HNFGUJ46SF7M", "RequestPath": "/api/auth/login", "Application": "Crud.Api"}
Activity.TraceId:            37efd1295d334dc100bd31ed1cd512dc
Activity.SpanId:             b5105bf328116012
Activity.TraceFlags:         Recorded
Activity.ActivitySourceName: Microsoft.AspNetCore
Activity.DisplayName:        POST api/Auth/login
Activity.Kind:               Server
Activity.StartTime:          2025-09-11T05:35:05.7843354Z
Activity.Duration:           00:00:00.2987213
Activity.Tags:
    server.address: localhost
    http.request.method: POST
    url.scheme: http
    url.path: /api/auth/login
    network.protocol.version: 1.1
    http.route: api/Auth/login
    http.response.status_code: 200
Resource associated with Activity:
    deployment.environment: Testing
    service.name: Crud.Api
    service.version: 1.0.0
    service.instance.id: 15081513-c9e4-4e0d-aac5-97a71d5ef649
    telemetry.sdk.name: opentelemetry
    telemetry.sdk.language: dotnet
    telemetry.sdk.version: 1.8.1
[05:35:06 INF] User logged in successfully: 6c5a67f2-76db-4fdd-bfcb-098b8fc43d51 {"SourceContext": "App.Features.Authentication.LoginCommandHandler", "ActionId": "e0ed94e6-7bce-4203-9d4a-c7fead139839", "ActionName": "Api.Controllers.AuthController.Login (Api)", "RequestId": "0HNFGUJ46SF7P", "RequestPath": "/api/auth/login", "Application": "Crud.Api"}
Activity.TraceId:            d92f61f1e9bdf9bb28c924d05470b7ea
Activity.SpanId:             5d6dc8c89c56b5fc
Activity.TraceFlags:         Recorded
Activity.ActivitySourceName: Microsoft.AspNetCore
Activity.DisplayName:        POST api/Auth/login
Activity.Kind:               Server
Activity.StartTime:          2025-09-11T05:35:06.0834631Z
Activity.Duration:           00:00:00.2972963
Activity.Tags:
    server.address: localhost
    http.request.method: POST
    url.scheme: http
    url.path: /api/auth/login
    network.protocol.version: 1.1
    http.route: api/Auth/login
    http.response.status_code: 200
Resource associated with Activity:
    deployment.environment: Testing
    service.name: Crud.Api
    service.version: 1.0.0
    service.instance.id: 15081513-c9e4-4e0d-aac5-97a71d5ef649
    telemetry.sdk.name: opentelemetry
    telemetry.sdk.language: dotnet
    telemetry.sdk.version: 1.8.1
[05:35:06 DBG] Cache miss for key: name:role:concurrentrole_26aaf9e19d8046f1b72562d8263eda4c_3 {"SourceContext": "Infrastructure.Services.Caching.InMemoryCacheService", "ActionId": "73a251ed-06d3-43ef-963a-eafc20e6b749", "ActionName": "Api.Controllers.RolesController.Create (Api)", "RequestId": "0HNFGUJ46SF7R", "RequestPath": "/api/roles", "Application": "Crud.Api"}
[05:35:06 DBG] Removed cache value for key: entity:role:e7a5b9b611364f92b1f3cd2b9546d5c8 {"SourceContext": "Infrastructure.Services.Caching.InMemoryCacheService", "ActionId": "73a251ed-06d3-43ef-963a-eafc20e6b749", "ActionName": "Api.Controllers.RolesController.Create (Api)", "RequestId": "0HNFGUJ46SF7R", "RequestPath": "/api/roles", "Application": "Crud.Api"}
[05:35:06 DBG] Removed cache value for key: list:role {"SourceContext": "Infrastructure.Services.Caching.InMemoryCacheService", "ActionId": "73a251ed-06d3-43ef-963a-eafc20e6b749", "ActionName": "Api.Controllers.RolesController.Create (Api)", "RequestId": "0HNFGUJ46SF7R", "RequestPath": "/api/roles", "Application": "Crud.Api"}
[05:35:06 DBG] Invalidating cache for entity type: roles with tag: roles {"SourceContext": "Api.Services.OutputCacheInvalidationService", "ActionId": "73a251ed-06d3-43ef-963a-eafc20e6b749", "ActionName": "Api.Controllers.RolesController.Create (Api)", "RequestId": "0HNFGUJ46SF7R", "RequestPath": "/api/roles", "Application": "Crud.Api"}
[05:35:06 INF] Successfully invalidated cache for entity type: roles {"SourceContext": "Api.Services.OutputCacheInvalidationService", "ActionId": "73a251ed-06d3-43ef-963a-eafc20e6b749", "ActionName": "Api.Controllers.RolesController.Create (Api)", "RequestId": "0HNFGUJ46SF7R", "RequestPath": "/api/roles", "Application": "Crud.Api"}
Activity.TraceId:            ce272caa0afe23758bf3d6b85f521ba7
Activity.SpanId:             d11f410bc60a5a32
Activity.TraceFlags:         Recorded
Activity.ActivitySourceName: Microsoft.AspNetCore
Activity.DisplayName:        POST api/Roles
Activity.Kind:               Server
Activity.StartTime:          2025-09-11T05:35:06.3852869Z
Activity.Duration:           00:00:00.0042553
Activity.Tags:
    server.address: localhost
    http.request.method: POST
    url.scheme: http
    url.path: /api/roles
    network.protocol.version: 1.1
    http.route: api/Roles
    http.response.status_code: 201
Resource associated with Activity:
    deployment.environment: Testing
    service.name: Crud.Api
    service.version: 1.0.0
    service.instance.id: 15081513-c9e4-4e0d-aac5-97a71d5ef649
    telemetry.sdk.name: opentelemetry
    telemetry.sdk.language: dotnet
    telemetry.sdk.version: 1.8.1
[05:35:06 INF] User logged in successfully: aa24d6f9-b952-4871-92fe-9188a978eaf3 {"SourceContext": "App.Features.Authentication.LoginCommandHandler", "ActionId": "e0ed94e6-7bce-4203-9d4a-c7fead139839", "ActionName": "Api.Controllers.AuthController.Login (Api)", "RequestId": "0HNFGUJ46SF7N", "RequestPath": "/api/auth/login", "Application": "Crud.Api"}
Activity.TraceId:            573e0cb69d8874a3fbdb050a5b8ef742
Activity.SpanId:             ab95ca4ff94941d6
Activity.TraceFlags:         Recorded
Activity.ActivitySourceName: Microsoft.AspNetCore
Activity.DisplayName:        POST api/Auth/login
Activity.Kind:               Server
Activity.StartTime:          2025-09-11T05:35:06.0192843Z
Activity.Duration:           00:00:00.3711903
Activity.Tags:
    server.address: localhost
    http.request.method: POST
    url.scheme: http
    url.path: /api/auth/login
    network.protocol.version: 1.1
    http.route: api/Auth/login
    http.response.status_code: 200
Resource associated with Activity:
    deployment.environment: Testing
    service.name: Crud.Api
    service.version: 1.0.0
    service.instance.id: 15081513-c9e4-4e0d-aac5-97a71d5ef649
    telemetry.sdk.name: opentelemetry
    telemetry.sdk.language: dotnet
    telemetry.sdk.version: 1.8.1
[05:35:06 DBG] Cache miss for key: name:role:concurrentrole_26aaf9e19d8046f1b72562d8263eda4c_1 {"SourceContext": "Infrastructure.Services.Caching.InMemoryCacheService", "ActionId": "73a251ed-06d3-43ef-963a-eafc20e6b749", "ActionName": "Api.Controllers.RolesController.Create (Api)", "RequestId": "0HNFGUJ46SF7S", "RequestPath": "/api/roles", "Application": "Crud.Api"}
[05:35:06 DBG] Cache miss for key: name:role:concurrentrole_26aaf9e19d8046f1b72562d8263eda4c_0 {"SourceContext": "Infrastructure.Services.Caching.InMemoryCacheService", "ActionId": "73a251ed-06d3-43ef-963a-eafc20e6b749", "ActionName": "Api.Controllers.RolesController.Create (Api)", "RequestId": "0HNFGUJ46SF7T", "RequestPath": "/api/roles", "Application": "Crud.Api"}
[05:35:06 DBG] Removed cache value for key: entity:role:0b014f88802846a9a57de557a0856021 {"SourceContext": "Infrastructure.Services.Caching.InMemoryCacheService", "ActionId": "73a251ed-06d3-43ef-963a-eafc20e6b749", "ActionName": "Api.Controllers.RolesController.Create (Api)", "RequestId": "0HNFGUJ46SF7S", "RequestPath": "/api/roles", "Application": "Crud.Api"}
[05:35:06 DBG] Removed cache value for key: list:role {"SourceContext": "Infrastructure.Services.Caching.InMemoryCacheService", "ActionId": "73a251ed-06d3-43ef-963a-eafc20e6b749", "ActionName": "Api.Controllers.RolesController.Create (Api)", "RequestId": "0HNFGUJ46SF7S", "RequestPath": "/api/roles", "Application": "Crud.Api"}
[05:35:06 DBG] Invalidating cache for entity type: roles with tag: roles {"SourceContext": "Api.Services.OutputCacheInvalidationService", "ActionId": "73a251ed-06d3-43ef-963a-eafc20e6b749", "ActionName": "Api.Controllers.RolesController.Create (Api)", "RequestId": "0HNFGUJ46SF7S", "RequestPath": "/api/roles", "Application": "Crud.Api"}
[05:35:06 INF] Successfully invalidated cache for entity type: roles {"SourceContext": "Api.Services.OutputCacheInvalidationService", "ActionId": "73a251ed-06d3-43ef-963a-eafc20e6b749", "ActionName": "Api.Controllers.RolesController.Create (Api)", "RequestId": "0HNFGUJ46SF7S", "RequestPath": "/api/roles", "Application": "Crud.Api"}
Activity.TraceId:            312fb4e870c9f9e877a22cf609cc47ed
Activity.SpanId:             76dcd77578df561b
Activity.TraceFlags:         Recorded
Activity.ActivitySourceName: Microsoft.AspNetCore
Activity.DisplayName:        POST api/Roles
Activity.Kind:               Server
Activity.StartTime:          2025-09-11T05:35:06.3896180Z
Activity.Duration:           00:00:00.0031147
Activity.Tags:
    server.address: localhost
    http.request.method: POST
    url.scheme: http
    url.path: /api/roles
    network.protocol.version: 1.1
    http.route: api/Roles
    http.response.status_code: 201
Resource associated with Activity:
    deployment.environment: Testing
    service.name: Crud.Api
    service.version: 1.0.0
    service.instance.id: 15081513-c9e4-4e0d-aac5-97a71d5ef649
    telemetry.sdk.name: opentelemetry
    telemetry.sdk.language: dotnet
    telemetry.sdk.version: 1.8.1
[05:35:06 DBG] Cache miss for key: name:role:concurrentrole_26aaf9e19d8046f1b72562d8263eda4c_2 {"SourceContext": "Infrastructure.Services.Caching.InMemoryCacheService", "ActionId": "73a251ed-06d3-43ef-963a-eafc20e6b749", "ActionName": "Api.Controllers.RolesController.Create (Api)", "RequestId": "0HNFGUJ46SF7U", "RequestPath": "/api/roles", "Application": "Crud.Api"}
[05:35:06 DBG] Removed cache value for key: entity:role:e7de7506337b4dec9a00ed1559b97447 {"SourceContext": "Infrastructure.Services.Caching.InMemoryCacheService", "ActionId": "73a251ed-06d3-43ef-963a-eafc20e6b749", "ActionName": "Api.Controllers.RolesController.Create (Api)", "RequestId": "0HNFGUJ46SF7U", "RequestPath": "/api/roles", "Application": "Crud.Api"}
[05:35:06 DBG] Removed cache value for key: list:role {"SourceContext": "Infrastructure.Services.Caching.InMemoryCacheService", "ActionId": "73a251ed-06d3-43ef-963a-eafc20e6b749", "ActionName": "Api.Controllers.RolesController.Create (Api)", "RequestId": "0HNFGUJ46SF7U", "RequestPath": "/api/roles", "Application": "Crud.Api"}
[05:35:06 DBG] Invalidating cache for entity type: roles with tag: roles {"SourceContext": "Api.Services.OutputCacheInvalidationService", "ActionId": "73a251ed-06d3-43ef-963a-eafc20e6b749", "ActionName": "Api.Controllers.RolesController.Create (Api)", "RequestId": "0HNFGUJ46SF7U", "RequestPath": "/api/roles", "Application": "Crud.Api"}
[05:35:06 INF] Successfully invalidated cache for entity type: roles {"SourceContext": "Api.Services.OutputCacheInvalidationService", "ActionId": "73a251ed-06d3-43ef-963a-eafc20e6b749", "ActionName": "Api.Controllers.RolesController.Create (Api)", "RequestId": "0HNFGUJ46SF7U", "RequestPath": "/api/roles", "Application": "Crud.Api"}
Activity.TraceId:            047499ee19f2333d5cff4cdf8ee3058b
Activity.SpanId:             9b59ef9651585efd
Activity.TraceFlags:         Recorded
Activity.ActivitySourceName: Microsoft.AspNetCore
Activity.DisplayName:        POST api/Roles
Activity.Kind:               Server
Activity.StartTime:          2025-09-11T05:35:06.3928145Z
Activity.Duration:           00:00:00.0018615
Activity.Tags:
    server.address: localhost
    http.request.method: POST
    url.scheme: http
    url.path: /api/roles
    network.protocol.version: 1.1
    http.route: api/Roles
    http.response.status_code: 201
Resource associated with Activity:
    deployment.environment: Testing
    service.name: Crud.Api
    service.version: 1.0.0
    service.instance.id: 15081513-c9e4-4e0d-aac5-97a71d5ef649
    telemetry.sdk.name: opentelemetry
    telemetry.sdk.language: dotnet
    telemetry.sdk.version: 1.8.1
[05:35:06 DBG] Cache miss for key: name:role:concurrentrole_26aaf9e19d8046f1b72562d8263eda4c_6 {"SourceContext": "Infrastructure.Services.Caching.InMemoryCacheService", "ActionId": "73a251ed-06d3-43ef-963a-eafc20e6b749", "ActionName": "Api.Controllers.RolesController.Create (Api)", "RequestId": "0HNFGUJ46SF7V", "RequestPath": "/api/roles", "Application": "Crud.Api"}
[05:35:06 DBG] Removed cache value for key: entity:role:57a3ce2478204f5888c087f3fff9f501 {"SourceContext": "Infrastructure.Services.Caching.InMemoryCacheService", "ActionId": "73a251ed-06d3-43ef-963a-eafc20e6b749", "ActionName": "Api.Controllers.RolesController.Create (Api)", "RequestId": "0HNFGUJ46SF7V", "RequestPath": "/api/roles", "Application": "Crud.Api"}
[05:35:06 DBG] Removed cache value for key: list:role {"SourceContext": "Infrastructure.Services.Caching.InMemoryCacheService", "ActionId": "73a251ed-06d3-43ef-963a-eafc20e6b749", "ActionName": "Api.Controllers.RolesController.Create (Api)", "RequestId": "0HNFGUJ46SF7V", "RequestPath": "/api/roles", "Application": "Crud.Api"}
[05:35:06 DBG] Invalidating cache for entity type: roles with tag: roles {"SourceContext": "Api.Services.OutputCacheInvalidationService", "ActionId": "73a251ed-06d3-43ef-963a-eafc20e6b749", "ActionName": "Api.Controllers.RolesController.Create (Api)", "RequestId": "0HNFGUJ46SF7V", "RequestPath": "/api/roles", "Application": "Crud.Api"}
[05:35:06 INF] Successfully invalidated cache for entity type: roles {"SourceContext": "Api.Services.OutputCacheInvalidationService", "ActionId": "73a251ed-06d3-43ef-963a-eafc20e6b749", "ActionName": "Api.Controllers.RolesController.Create (Api)", "RequestId": "0HNFGUJ46SF7V", "RequestPath": "/api/roles", "Application": "Crud.Api"}
Activity.TraceId:            e0fd9ddda7dc4be0102155906a5eaa88
Activity.SpanId:             eeaf4d8f187e78b8
Activity.TraceFlags:         Recorded
Activity.ActivitySourceName: Microsoft.AspNetCore
Activity.DisplayName:        POST api/Roles
Activity.Kind:               Server
Activity.StartTime:          2025-09-11T05:35:06.3947686Z
Activity.Duration:           00:00:00.0035019
Activity.Tags:
    server.address: localhost
    http.request.method: POST
    url.scheme: http
    url.path: /api/roles
    network.protocol.version: 1.1
    http.route: api/Roles
    http.response.status_code: 201
Resource associated with Activity:
    deployment.environment: Testing
    service.name: Crud.Api
    service.version: 1.0.0
    service.instance.id: 15081513-c9e4-4e0d-aac5-97a71d5ef649
    telemetry.sdk.name: opentelemetry
    telemetry.sdk.language: dotnet
    telemetry.sdk.version: 1.8.1
[05:35:06 DBG] Cache miss for key: name:role:concurrentrole_26aaf9e19d8046f1b72562d8263eda4c_7 {"SourceContext": "Infrastructure.Services.Caching.InMemoryCacheService", "ActionId": "73a251ed-06d3-43ef-963a-eafc20e6b749", "ActionName": "Api.Controllers.RolesController.Create (Api)", "RequestId": "0HNFGUJ46SF80", "RequestPath": "/api/roles", "Application": "Crud.Api"}
[05:35:06 DBG] Removed cache value for key: entity:role:ed60673107764d5a86d20ab7973b6d8d {"SourceContext": "Infrastructure.Services.Caching.InMemoryCacheService", "ActionId": "73a251ed-06d3-43ef-963a-eafc20e6b749", "ActionName": "Api.Controllers.RolesController.Create (Api)", "RequestId": "0HNFGUJ46SF80", "RequestPath": "/api/roles", "Application": "Crud.Api"}
[05:35:06 DBG] Removed cache value for key: list:role {"SourceContext": "Infrastructure.Services.Caching.InMemoryCacheService", "ActionId": "73a251ed-06d3-43ef-963a-eafc20e6b749", "ActionName": "Api.Controllers.RolesController.Create (Api)", "RequestId": "0HNFGUJ46SF80", "RequestPath": "/api/roles", "Application": "Crud.Api"}
[05:35:06 DBG] Invalidating cache for entity type: roles with tag: roles {"SourceContext": "Api.Services.OutputCacheInvalidationService", "ActionId": "73a251ed-06d3-43ef-963a-eafc20e6b749", "ActionName": "Api.Controllers.RolesController.Create (Api)", "RequestId": "0HNFGUJ46SF80", "RequestPath": "/api/roles", "Application": "Crud.Api"}
[05:35:06 INF] Successfully invalidated cache for entity type: roles {"SourceContext": "Api.Services.OutputCacheInvalidationService", "ActionId": "73a251ed-06d3-43ef-963a-eafc20e6b749", "ActionName": "Api.Controllers.RolesController.Create (Api)", "RequestId": "0HNFGUJ46SF80", "RequestPath": "/api/roles", "Application": "Crud.Api"}
Activity.TraceId:            6d6373ed016cc93f59fa12cc04fff71b
Activity.SpanId:             e0ad185dfc77e8a6
Activity.TraceFlags:         Recorded
Activity.ActivitySourceName: Microsoft.AspNetCore
Activity.DisplayName:        POST api/Roles
Activity.Kind:               Server
Activity.StartTime:          2025-09-11T05:35:06.3993088Z
Activity.Duration:           00:00:00.0038760
Activity.Tags:
    server.address: localhost
    http.request.method: POST
    url.scheme: http
    url.path: /api/roles
    network.protocol.version: 1.1
    http.route: api/Roles
    http.response.status_code: 201
Resource associated with Activity:
    deployment.environment: Testing
    service.name: Crud.Api
    service.version: 1.0.0
    service.instance.id: 15081513-c9e4-4e0d-aac5-97a71d5ef649
    telemetry.sdk.name: opentelemetry
    telemetry.sdk.language: dotnet
    telemetry.sdk.version: 1.8.1
[05:35:06 DBG] Removed cache value for key: entity:role:cff092c4803b4eea9cfb684372dbca6b {"SourceContext": "Infrastructure.Services.Caching.InMemoryCacheService", "ActionId": "73a251ed-06d3-43ef-963a-eafc20e6b749", "ActionName": "Api.Controllers.RolesController.Create (Api)", "RequestId": "0HNFGUJ46SF7T", "RequestPath": "/api/roles", "Application": "Crud.Api"}
[05:35:06 DBG] Removed cache value for key: list:role {"SourceContext": "Infrastructure.Services.Caching.InMemoryCacheService", "ActionId": "73a251ed-06d3-43ef-963a-eafc20e6b749", "ActionName": "Api.Controllers.RolesController.Create (Api)", "RequestId": "0HNFGUJ46SF7T", "RequestPath": "/api/roles", "Application": "Crud.Api"}
[05:35:06 DBG] Invalidating cache for entity type: roles with tag: roles {"SourceContext": "Api.Services.OutputCacheInvalidationService", "ActionId": "73a251ed-06d3-43ef-963a-eafc20e6b749", "ActionName": "Api.Controllers.RolesController.Create (Api)", "RequestId": "0HNFGUJ46SF7T", "RequestPath": "/api/roles", "Application": "Crud.Api"}
[05:35:06 INF] Successfully invalidated cache for entity type: roles {"SourceContext": "Api.Services.OutputCacheInvalidationService", "ActionId": "73a251ed-06d3-43ef-963a-eafc20e6b749", "ActionName": "Api.Controllers.RolesController.Create (Api)", "RequestId": "0HNFGUJ46SF7T", "RequestPath": "/api/roles", "Application": "Crud.Api"}
Activity.TraceId:            94bb2f1fa538bbba94a16be1519840a3
Activity.SpanId:             18228ad9910e7e94
Activity.TraceFlags:         Recorded
Activity.ActivitySourceName: Microsoft.AspNetCore
Activity.DisplayName:        POST api/Roles
Activity.Kind:               Server
Activity.StartTime:          2025-09-11T05:35:06.3906387Z
Activity.Duration:           00:00:00.1526597
Activity.Tags:
    server.address: localhost
    http.request.method: POST
    url.scheme: http
    url.path: /api/roles
    network.protocol.version: 1.1
    http.route: api/Roles
    http.response.status_code: 201
Resource associated with Activity:
    deployment.environment: Testing
    service.name: Crud.Api
    service.version: 1.0.0
    service.instance.id: 15081513-c9e4-4e0d-aac5-97a71d5ef649
    telemetry.sdk.name: opentelemetry
    telemetry.sdk.language: dotnet
    telemetry.sdk.version: 1.8.1
[05:35:06 DBG] Cache miss for key: name:role:concurrentrole_26aaf9e19d8046f1b72562d8263eda4c_4 {"SourceContext": "Infrastructure.Services.Caching.InMemoryCacheService", "ActionId": "73a251ed-06d3-43ef-963a-eafc20e6b749", "ActionName": "Api.Controllers.RolesController.Create (Api)", "RequestId": "0HNFGUJ46SF82", "RequestPath": "/api/roles", "Application": "Crud.Api"}
[05:35:06 DBG] Removed cache value for key: entity:role:d7e3ab671ae3411ea01abd32dff87e8a {"SourceContext": "Infrastructure.Services.Caching.InMemoryCacheService", "ActionId": "73a251ed-06d3-43ef-963a-eafc20e6b749", "ActionName": "Api.Controllers.RolesController.Create (Api)", "RequestId": "0HNFGUJ46SF82", "RequestPath": "/api/roles", "Application": "Crud.Api"}
[05:35:06 DBG] Removed cache value for key: list:role {"SourceContext": "Infrastructure.Services.Caching.InMemoryCacheService", "ActionId": "73a251ed-06d3-43ef-963a-eafc20e6b749", "ActionName": "Api.Controllers.RolesController.Create (Api)", "RequestId": "0HNFGUJ46SF82", "RequestPath": "/api/roles", "Application": "Crud.Api"}
[05:35:06 DBG] Invalidating cache for entity type: roles with tag: roles {"SourceContext": "Api.Services.OutputCacheInvalidationService", "ActionId": "73a251ed-06d3-43ef-963a-eafc20e6b749", "ActionName": "Api.Controllers.RolesController.Create (Api)", "RequestId": "0HNFGUJ46SF82", "RequestPath": "/api/roles", "Application": "Crud.Api"}
[05:35:06 INF] Successfully invalidated cache for entity type: roles {"SourceContext": "Api.Services.OutputCacheInvalidationService", "ActionId": "73a251ed-06d3-43ef-963a-eafc20e6b749", "ActionName": "Api.Controllers.RolesController.Create (Api)", "RequestId": "0HNFGUJ46SF82", "RequestPath": "/api/roles", "Application": "Crud.Api"}
Activity.TraceId:            7dae64a99b0ccf204f0593ee04fe0825
Activity.SpanId:             7b26924db5c0c4c7
Activity.TraceFlags:         Recorded
Activity.ActivitySourceName: Microsoft.AspNetCore
Activity.DisplayName:        POST api/Roles
Activity.Kind:               Server
Activity.StartTime:          2025-09-11T05:35:06.5435077Z
Activity.Duration:           00:00:00.0051948
Activity.Tags:
    server.address: localhost
    http.request.method: POST
    url.scheme: http
    url.path: /api/roles
    network.protocol.version: 1.1
    http.route: api/Roles
    http.response.status_code: 201
Resource associated with Activity:
    deployment.environment: Testing
    service.name: Crud.Api
    service.version: 1.0.0
    service.instance.id: 15081513-c9e4-4e0d-aac5-97a71d5ef649
    telemetry.sdk.name: opentelemetry
    telemetry.sdk.language: dotnet
    telemetry.sdk.version: 1.8.1
[05:35:06 INF] User logged in successfully: ab075add-a9e0-4572-8916-0da4a378d37f {"SourceContext": "App.Features.Authentication.LoginCommandHandler", "ActionId": "e0ed94e6-7bce-4203-9d4a-c7fead139839", "ActionName": "Api.Controllers.AuthController.Login (Api)", "RequestId": "0HNFGUJ46SF7Q", "RequestPath": "/api/auth/login", "Application": "Crud.Api"}
Activity.TraceId:            dc6869d39553a7438059278e2c643c4b
Activity.SpanId:             a249ab11c0ac33e0
Activity.TraceFlags:         Recorded
Activity.ActivitySourceName: Microsoft.AspNetCore
Activity.DisplayName:        POST api/Auth/login
Activity.Kind:               Server
Activity.StartTime:          2025-09-11T05:35:06.3817638Z
Activity.Duration:           00:00:00.3069002
Activity.Tags:
    server.address: localhost
    http.request.method: POST
    url.scheme: http
    url.path: /api/auth/login
    network.protocol.version: 1.1
    http.route: api/Auth/login
    http.response.status_code: 200
Resource associated with Activity:
    deployment.environment: Testing
    service.name: Crud.Api
    service.version: 1.0.0
    service.instance.id: 15081513-c9e4-4e0d-aac5-97a71d5ef649
    telemetry.sdk.name: opentelemetry
    telemetry.sdk.language: dotnet
    telemetry.sdk.version: 1.8.1
[05:35:06 DBG] Cache miss for key: name:role:concurrentrole_26aaf9e19d8046f1b72562d8263eda4c_9 {"SourceContext": "Infrastructure.Services.Caching.InMemoryCacheService", "ActionId": "73a251ed-06d3-43ef-963a-eafc20e6b749", "ActionName": "Api.Controllers.RolesController.Create (Api)", "RequestId": "0HNFGUJ46SF83", "RequestPath": "/api/roles", "Application": "Crud.Api"}
[05:35:06 DBG] Removed cache value for key: entity:role:19e2bd120bc5435a90054ab16216f04d {"SourceContext": "Infrastructure.Services.Caching.InMemoryCacheService", "ActionId": "73a251ed-06d3-43ef-963a-eafc20e6b749", "ActionName": "Api.Controllers.RolesController.Create (Api)", "RequestId": "0HNFGUJ46SF83", "RequestPath": "/api/roles", "Application": "Crud.Api"}
[05:35:06 DBG] Removed cache value for key: list:role {"SourceContext": "Infrastructure.Services.Caching.InMemoryCacheService", "ActionId": "73a251ed-06d3-43ef-963a-eafc20e6b749", "ActionName": "Api.Controllers.RolesController.Create (Api)", "RequestId": "0HNFGUJ46SF83", "RequestPath": "/api/roles", "Application": "Crud.Api"}
[05:35:06 DBG] Invalidating cache for entity type: roles with tag: roles {"SourceContext": "Api.Services.OutputCacheInvalidationService", "ActionId": "73a251ed-06d3-43ef-963a-eafc20e6b749", "ActionName": "Api.Controllers.RolesController.Create (Api)", "RequestId": "0HNFGUJ46SF83", "RequestPath": "/api/roles", "Application": "Crud.Api"}
[05:35:06 INF] Successfully invalidated cache for entity type: roles {"SourceContext": "Api.Services.OutputCacheInvalidationService", "ActionId": "73a251ed-06d3-43ef-963a-eafc20e6b749", "ActionName": "Api.Controllers.RolesController.Create (Api)", "RequestId": "0HNFGUJ46SF83", "RequestPath": "/api/roles", "Application": "Crud.Api"}
Activity.TraceId:            77ac44ce9609227f52ac09c12a1a3d45
Activity.SpanId:             1ae1b9aed15c4703
Activity.TraceFlags:         Recorded
Activity.ActivitySourceName: Microsoft.AspNetCore
Activity.DisplayName:        POST api/Roles
Activity.Kind:               Server
Activity.StartTime:          2025-09-11T05:35:06.6889810Z
Activity.Duration:           00:00:00.0017861
Activity.Tags:
    server.address: localhost
    http.request.method: POST
    url.scheme: http
    url.path: /api/roles
    network.protocol.version: 1.1
    http.route: api/Roles
    http.response.status_code: 201
Resource associated with Activity:
    deployment.environment: Testing
    service.name: Crud.Api
    service.version: 1.0.0
    service.instance.id: 15081513-c9e4-4e0d-aac5-97a71d5ef649
    telemetry.sdk.name: opentelemetry
    telemetry.sdk.language: dotnet
    telemetry.sdk.version: 1.8.1
[05:35:06 INF] User logged in successfully: 47b67b85-d507-4fd5-831b-e23e4d88cd85 {"SourceContext": "App.Features.Authentication.LoginCommandHandler", "ActionId": "e0ed94e6-7bce-4203-9d4a-c7fead139839", "ActionName": "Api.Controllers.AuthController.Login (Api)", "RequestId": "0HNFGUJ46SF7O", "RequestPath": "/api/auth/login", "Application": "Crud.Api"}
Activity.TraceId:            2efa957934c04fe23f15374421ee2838
Activity.SpanId:             e05942f057081cba
Activity.TraceFlags:         Recorded
Activity.ActivitySourceName: Microsoft.AspNetCore
Activity.DisplayName:        POST api/Auth/login
Activity.Kind:               Server
Activity.StartTime:          2025-09-11T05:35:06.0235498Z
Activity.Duration:           00:00:00.6739146
Activity.Tags:
    server.address: localhost
    http.request.method: POST
    url.scheme: http
    url.path: /api/auth/login
    network.protocol.version: 1.1
    http.route: api/Auth/login
    http.response.status_code: 200
Resource associated with Activity:
    deployment.environment: Testing
    service.name: Crud.Api
    service.version: 1.0.0
    service.instance.id: 15081513-c9e4-4e0d-aac5-97a71d5ef649
    telemetry.sdk.name: opentelemetry
    telemetry.sdk.language: dotnet
    telemetry.sdk.version: 1.8.1
[05:35:06 DBG] Cache miss for key: name:role:concurrentrole_26aaf9e19d8046f1b72562d8263eda4c_5 {"SourceContext": "Infrastructure.Services.Caching.InMemoryCacheService", "ActionId": "73a251ed-06d3-43ef-963a-eafc20e6b749", "ActionName": "Api.Controllers.RolesController.Create (Api)", "RequestId": "0HNFGUJ46SF84", "RequestPath": "/api/roles", "Application": "Crud.Api"}
[05:35:06 DBG] Removed cache value for key: entity:role:c91e8706275b4b178e217cbc590a139c {"SourceContext": "Infrastructure.Services.Caching.InMemoryCacheService", "ActionId": "73a251ed-06d3-43ef-963a-eafc20e6b749", "ActionName": "Api.Controllers.RolesController.Create (Api)", "RequestId": "0HNFGUJ46SF84", "RequestPath": "/api/roles", "Application": "Crud.Api"}
[05:35:06 DBG] Removed cache value for key: list:role {"SourceContext": "Infrastructure.Services.Caching.InMemoryCacheService", "ActionId": "73a251ed-06d3-43ef-963a-eafc20e6b749", "ActionName": "Api.Controllers.RolesController.Create (Api)", "RequestId": "0HNFGUJ46SF84", "RequestPath": "/api/roles", "Application": "Crud.Api"}
[05:35:06 DBG] Invalidating cache for entity type: roles with tag: roles {"SourceContext": "Api.Services.OutputCacheInvalidationService", "ActionId": "73a251ed-06d3-43ef-963a-eafc20e6b749", "ActionName": "Api.Controllers.RolesController.Create (Api)", "RequestId": "0HNFGUJ46SF84", "RequestPath": "/api/roles", "Application": "Crud.Api"}
[05:35:06 INF] Successfully invalidated cache for entity type: roles {"SourceContext": "Api.Services.OutputCacheInvalidationService", "ActionId": "73a251ed-06d3-43ef-963a-eafc20e6b749", "ActionName": "Api.Controllers.RolesController.Create (Api)", "RequestId": "0HNFGUJ46SF84", "RequestPath": "/api/roles", "Application": "Crud.Api"}
Activity.TraceId:            5cf6c4a0451b701f124ca5070d0290a0
Activity.SpanId:             a4e561fd7deee809
Activity.TraceFlags:         Recorded
Activity.ActivitySourceName: Microsoft.AspNetCore
Activity.DisplayName:        POST api/Roles
Activity.Kind:               Server
Activity.StartTime:          2025-09-11T05:35:06.6976054Z
Activity.Duration:           00:00:00.0024581
Activity.Tags:
    server.address: localhost
    http.request.method: POST
    url.scheme: http
    url.path: /api/roles
    network.protocol.version: 1.1
    http.route: api/Roles
    http.response.status_code: 201
Resource associated with Activity:
    deployment.environment: Testing
    service.name: Crud.Api
    service.version: 1.0.0
    service.instance.id: 15081513-c9e4-4e0d-aac5-97a71d5ef649
    telemetry.sdk.name: opentelemetry
    telemetry.sdk.language: dotnet
    telemetry.sdk.version: 1.8.1
[05:35:06 INF] User logged in successfully: afe06dab-f37c-46f6-8cac-e56a7b548534 {"SourceContext": "App.Features.Authentication.LoginCommandHandler", "ActionId": "e0ed94e6-7bce-4203-9d4a-c7fead139839", "ActionName": "Api.Controllers.AuthController.Login (Api)", "RequestId": "0HNFGUJ46SF81", "RequestPath": "/api/auth/login", "Application": "Crud.Api"}
Activity.TraceId:            53824001f1ae88c455a8aca1a4656bc2
Activity.SpanId:             1b1b5e723fa6a968
Activity.TraceFlags:         Recorded
Activity.ActivitySourceName: Microsoft.AspNetCore
Activity.DisplayName:        POST api/Auth/login
Activity.Kind:               Server
Activity.StartTime:          2025-09-11T05:35:06.4032690Z
Activity.Duration:           00:00:00.3025207
Activity.Tags:
    server.address: localhost
    http.request.method: POST
    url.scheme: http
    url.path: /api/auth/login
    network.protocol.version: 1.1
    http.route: api/Auth/login
    http.response.status_code: 200
Resource associated with Activity:
    deployment.environment: Testing
    service.name: Crud.Api
    service.version: 1.0.0
    service.instance.id: 15081513-c9e4-4e0d-aac5-97a71d5ef649
    telemetry.sdk.name: opentelemetry
    telemetry.sdk.language: dotnet
    telemetry.sdk.version: 1.8.1
[05:35:06 DBG] Cache miss for key: name:role:concurrentrole_26aaf9e19d8046f1b72562d8263eda4c_8 {"SourceContext": "Infrastructure.Services.Caching.InMemoryCacheService", "ActionId": "73a251ed-06d3-43ef-963a-eafc20e6b749", "ActionName": "Api.Controllers.RolesController.Create (Api)", "RequestId": "0HNFGUJ46SF85", "RequestPath": "/api/roles", "Application": "Crud.Api"}
[05:35:06 DBG] Removed cache value for key: entity:role:7600289df14e4592ad4970d926f03a8d {"SourceContext": "Infrastructure.Services.Caching.InMemoryCacheService", "ActionId": "73a251ed-06d3-43ef-963a-eafc20e6b749", "ActionName": "Api.Controllers.RolesController.Create (Api)", "RequestId": "0HNFGUJ46SF85", "RequestPath": "/api/roles", "Application": "Crud.Api"}
[05:35:06 DBG] Removed cache value for key: list:role {"SourceContext": "Infrastructure.Services.Caching.InMemoryCacheService", "ActionId": "73a251ed-06d3-43ef-963a-eafc20e6b749", "ActionName": "Api.Controllers.RolesController.Create (Api)", "RequestId": "0HNFGUJ46SF85", "RequestPath": "/api/roles", "Application": "Crud.Api"}
[05:35:06 DBG] Invalidating cache for entity type: roles with tag: roles {"SourceContext": "Api.Services.OutputCacheInvalidationService", "ActionId": "73a251ed-06d3-43ef-963a-eafc20e6b749", "ActionName": "Api.Controllers.RolesController.Create (Api)", "RequestId": "0HNFGUJ46SF85", "RequestPath": "/api/roles", "Application": "Crud.Api"}
[05:35:06 INF] Successfully invalidated cache for entity type: roles {"SourceContext": "Api.Services.OutputCacheInvalidationService", "ActionId": "73a251ed-06d3-43ef-963a-eafc20e6b749", "ActionName": "Api.Controllers.RolesController.Create (Api)", "RequestId": "0HNFGUJ46SF85", "RequestPath": "/api/roles", "Application": "Crud.Api"}
Activity.TraceId:            70a7700b6336a7e01614950841c6964e
Activity.SpanId:             79f71201af2ea61d
Activity.TraceFlags:         Recorded
Activity.ActivitySourceName: Microsoft.AspNetCore
Activity.DisplayName:        POST api/Roles
Activity.Kind:               Server
Activity.StartTime:          2025-09-11T05:35:06.7059461Z
Activity.Duration:           00:00:00.0020095
Activity.Tags:
    server.address: localhost
    http.request.method: POST
    url.scheme: http
    url.path: /api/roles
    network.protocol.version: 1.1
    http.route: api/Roles
    http.response.status_code: 201
Resource associated with Activity:
    deployment.environment: Testing
    service.name: Crud.Api
    service.version: 1.0.0
    service.instance.id: 15081513-c9e4-4e0d-aac5-97a71d5ef649
    telemetry.sdk.name: opentelemetry
    telemetry.sdk.language: dotnet
    telemetry.sdk.version: 1.8.1
[05:35:07 INF] User registered successfully: 731659ad-8f26-4804-82fc-af885a79ef59 {"SourceContext": "App.Features.Authentication.RegisterUserCommandHandler", "ActionId": "d9fd3d02-3066-41bc-9123-7b564ee4fb4d", "ActionName": "Api.Controllers.AuthController.Register (Api)", "RequestId": "0HNFGUJ46SF86", "RequestPath": "/api/auth/register", "Application": "Crud.Api"}
Activity.TraceId:            c15ff472b2f3b2df30a35b560f079945
Activity.SpanId:             bbf743ffe46bf084
Activity.TraceFlags:         Recorded
Activity.ActivitySourceName: Microsoft.AspNetCore
Activity.DisplayName:        POST api/Auth/register
Activity.Kind:               Server
Activity.StartTime:          2025-09-11T05:35:06.7117771Z
Activity.Duration:           00:00:00.2956036
Activity.Tags:
    server.address: localhost
    http.request.method: POST
    url.scheme: http
    url.path: /api/auth/register
    network.protocol.version: 1.1
    http.route: api/Auth/register
    http.response.status_code: 200
Resource associated with Activity:
    deployment.environment: Testing
    service.name: Crud.Api
    service.version: 1.0.0
    service.instance.id: 15081513-c9e4-4e0d-aac5-97a71d5ef649
    telemetry.sdk.name: opentelemetry
    telemetry.sdk.language: dotnet
    telemetry.sdk.version: 1.8.1
[05:35:07 DBG] Cache miss for key: list:role {"SourceContext": "Infrastructure.Services.Caching.InMemoryCacheService", "ActionId": "81de27f2-c728-4244-9a0f-a43ac5d1ccd8", "ActionName": "Api.Controllers.RolesController.List (Api)", "RequestId": "0HNFGUJ46SF87", "RequestPath": "/api/roles", "Application": "Crud.Api"}
[05:35:07 DBG] Set cache value for key: list:role {"SourceContext": "Infrastructure.Services.Caching.InMemoryCacheService", "ActionId": "81de27f2-c728-4244-9a0f-a43ac5d1ccd8", "ActionName": "Api.Controllers.RolesController.List (Api)", "RequestId": "0HNFGUJ46SF87", "RequestPath": "/api/roles", "Application": "Crud.Api"}
[05:35:07 DBG] Response not compressed: application/json; charset=utf-8 | Size: 1551 bytes | Path: /api/roles {"SourceContext": "Api.Middleware.CompressionPerformanceMiddleware", "RequestId": "0HNFGUJ46SF87", "RequestPath": "/api/roles", "Application": "Crud.Api"}
Activity.TraceId:            0800d925c82f487f7505265552de7d85
Activity.SpanId:             8170168b6a177ee5
Activity.TraceFlags:         Recorded
Activity.ActivitySourceName: Microsoft.AspNetCore
Activity.DisplayName:        GET api/Roles
Activity.Kind:               Server
Activity.StartTime:          2025-09-11T05:35:07.0075580Z
Activity.Duration:           00:00:00.0014151
Activity.Tags:
    server.address: localhost
    http.request.method: GET
    url.scheme: http
    url.path: /api/roles
    network.protocol.version: 1.1
    http.route: api/Roles
    http.response.status_code: 200
Resource associated with Activity:
    deployment.environment: Testing
    service.name: Crud.Api
    service.version: 1.0.0
    service.instance.id: 15081513-c9e4-4e0d-aac5-97a71d5ef649
    telemetry.sdk.name: opentelemetry
    telemetry.sdk.language: dotnet
    telemetry.sdk.version: 1.8.1
[05:35:07 INF] Resetting database for worker 13364 {"SourceContext": "Infrastructure.Services.DatabaseTestService", "Application": "Crud.Api"}
[05:35:07 INF] Resetting database via file deletion for worker 13364 in CI environment {"SourceContext": "Infrastructure.Services.DatabaseTestService", "Application": "Crud.Api"}
[05:35:07 INF] Acquiring database mutex for worker 13364... {"SourceContext": "Infrastructure.Services.DatabaseTestService", "Application": "Crud.Api"}
[05:35:07 INF] Database mutex acquired for worker 13364 {"SourceContext": "Infrastructure.Services.DatabaseTestService", "Application": "Crud.Api"}
[05:35:07 INF] Current database state - CanConnect: True {"SourceContext": "Infrastructure.Services.DatabaseTestService", "Application": "Crud.Api"}
[05:35:07 INF] [Phase 0] Closing database connection for worker 13364... {"SourceContext": "Infrastructure.Services.DatabaseTestService", "Application": "Crud.Api"}
[05:35:07 INF] [Phase 0] Connection closed in 0.0006ms {"SourceContext": "Infrastructure.Services.DatabaseTestService", "Application": "Crud.Api"}
[05:35:07 INF] [Phase 1] Starting EnsureDeletedAsync for worker 13364... {"SourceContext": "Infrastructure.Services.DatabaseTestService", "Application": "Crud.Api"}
[05:35:07 INF] [Phase 1] EnsureDeletedAsync completed in 1.9819ms {"SourceContext": "Infrastructure.Services.DatabaseTestService", "Application": "Crud.Api"}
Resource associated with Metric:
    deployment.environment: Testing
    service.name: Crud.Api
    service.version: 1.0.0
    service.instance.id: 15081513-c9e4-4e0d-aac5-97a71d5ef649
    telemetry.sdk.name: opentelemetry
    telemetry.sdk.language: dotnet
    telemetry.sdk.version: 1.8.1
Metric Name: http.server.active_requests, Number of active HTTP server requests., Unit: {request}, Meter: Microsoft.AspNetCore.Hosting
(2025-09-11T05:34:57.0700418Z, 2025-09-11T05:35:07.0701397Z] http.request.method: POST url.scheme: http LongSumNonMonotonic
Value: 0
(2025-09-11T05:34:57.0700418Z, 2025-09-11T05:35:07.0701397Z] http.request.method: GET url.scheme: http LongSumNonMonotonic
Value: 0
(2025-09-11T05:34:57.0700418Z, 2025-09-11T05:35:07.0701397Z] http.request.method: PATCH url.scheme: http LongSumNonMonotonic
Value: 0
Metric Name: http.server.request.duration, Duration of HTTP server requests., Unit: s, Meter: Microsoft.AspNetCore.Hosting
(2025-09-11T05:34:57.0700588Z, 2025-09-11T05:35:07.0701441Z] http.request.method: POST http.response.status_code: 200 http.route: api/Auth/register network.protocol.version: 1.1 url.scheme: http Histogram
Value: Sum: 9.2517575 Count: 28 Min: 0.2955945 Max: 0.5248752 
(-Infinity,0.005]:0
(0.005,0.01]:0
(0.01,0.025]:0
(0.025,0.05]:0
(0.05,0.075]:0
(0.075,0.1]:0
(0.1,0.25]:0
(0.25,0.5]:27
(0.5,0.75]:1
(0.75,1]:0
(1,2.5]:0
(2.5,5]:0
(5,7.5]:0
(7.5,10]:0
(10,+Infinity]:0
(2025-09-11T05:34:57.0700588Z, 2025-09-11T05:35:07.0701441Z] http.request.method: GET http.response.status_code: 200 http.route: api/People network.protocol.version: 1.1 url.scheme: http Histogram
Value: Sum: 0.0220102 Count: 2 Min: 0.0005959 Max: 0.0214143 
(-Infinity,0.005]:1
(0.005,0.01]:0
(0.01,0.025]:1
(0.025,0.05]:0
(0.05,0.075]:0
(0.075,0.1]:0
(0.1,0.25]:0
(0.25,0.5]:0
(0.5,0.75]:0
(0.75,1]:0
(1,2.5]:0
(2.5,5]:0
(5,7.5]:0
(7.5,10]:0
(10,+Infinity]:0
(2025-09-11T05:34:57.0700588Z, 2025-09-11T05:35:07.0701441Z] http.request.method: GET http.response.status_code: 200 http.route: api/Walls network.protocol.version: 1.1 url.scheme: http Histogram
Value: Sum: 0.009776400000000001 Count: 2 Min: 0.0019246 Max: 0.0078518 
(-Infinity,0.005]:1
(0.005,0.01]:1
(0.01,0.025]:0
(0.025,0.05]:0
(0.05,0.075]:0
(0.075,0.1]:0
(0.1,0.25]:0
(0.25,0.5]:0
(0.5,0.75]:0
(0.75,1]:0
(1,2.5]:0
(2.5,5]:0
(5,7.5]:0
(7.5,10]:0
(10,+Infinity]:0
(2025-09-11T05:34:57.0700588Z, 2025-09-11T05:35:07.0701441Z] http.request.method: GET http.response.status_code: 200 http.route: api/Roles network.protocol.version: 1.1 url.scheme: http Histogram
Value: Sum: 0.011366099999999999 Count: 5 Min: 0.0005261 Max: 0.0066427 
(-Infinity,0.005]:4
(0.005,0.01]:1
(0.01,0.025]:0
(0.025,0.05]:0
(0.05,0.075]:0
(0.075,0.1]:0
(0.1,0.25]:0
(0.25,0.5]:0
(0.5,0.75]:0
(0.75,1]:0
(1,2.5]:0
(2.5,5]:0
(5,7.5]:0
(7.5,10]:0
(10,+Infinity]:0
(2025-09-11T05:34:57.0700588Z, 2025-09-11T05:35:07.0701441Z] http.request.method: GET http.response.status_code: 200 http.route: api/Windows network.protocol.version: 1.1 url.scheme: http Histogram
Value: Sum: 0.010851300000000001 Count: 2 Min: 0.00202 Max: 0.0088313 
(-Infinity,0.005]:1
(0.005,0.01]:1
(0.01,0.025]:0
(0.025,0.05]:0
(0.05,0.075]:0
(0.075,0.1]:0
(0.1,0.25]:0
(0.25,0.5]:0
(0.5,0.75]:0
(0.75,1]:0
(1,2.5]:0
(2.5,5]:0
(5,7.5]:0
(7.5,10]:0
(10,+Infinity]:0
(2025-09-11T05:34:57.0700588Z, 2025-09-11T05:35:07.0701441Z] http.request.method: POST http.response.status_code: 200 http.route: api/Auth/login network.protocol.version: 1.1 url.scheme: http Histogram
Value: Sum: 5.7869114 Count: 17 Min: 0.2960081 Max: 0.6739123 
(-Infinity,0.005]:0
(0.005,0.01]:0
(0.01,0.025]:0
(0.025,0.05]:0
(0.05,0.075]:0
(0.075,0.1]:0
(0.1,0.25]:0
(0.25,0.5]:16
(0.5,0.75]:1
(0.75,1]:0
(1,2.5]:0
(2.5,5]:0
(5,7.5]:0
(7.5,10]:0
(10,+Infinity]:0
(2025-09-11T05:34:57.0700588Z, 2025-09-11T05:35:07.0701441Z] http.request.method: POST http.response.status_code: 201 http.route: api/Walls network.protocol.version: 1.1 url.scheme: http Histogram
Value: Sum: 0.0121127 Count: 1 Min: 0.0121127 Max: 0.0121127 
(-Infinity,0.005]:0
(0.005,0.01]:0
(0.01,0.025]:1
(0.025,0.05]:0
(0.05,0.075]:0
(0.075,0.1]:0
(0.1,0.25]:0
(0.25,0.5]:0
(0.5,0.75]:0
(0.75,1]:0
(1,2.5]:0
(2.5,5]:0
(5,7.5]:0
(7.5,10]:0
(10,+Infinity]:0
(2025-09-11T05:34:57.0700588Z, 2025-09-11T05:35:07.0701441Z] http.request.method: POST http.response.status_code: 201 http.route: api/Roles network.protocol.version: 1.1 url.scheme: http Histogram
Value: Sum: 0.1876638 Count: 11 Min: 0.0017883 Max: 0.1526494 
(-Infinity,0.005]:8
(0.005,0.01]:2
(0.01,0.025]:0
(0.025,0.05]:0
(0.05,0.075]:0
(0.075,0.1]:0
(0.1,0.25]:1
(0.25,0.5]:0
(0.5,0.75]:0
(0.75,1]:0
(1,2.5]:0
(2.5,5]:0
(5,7.5]:0
(7.5,10]:0
(10,+Infinity]:0
(2025-09-11T05:34:57.0700588Z, 2025-09-11T05:35:07.0701441Z] http.request.method: POST http.response.status_code: 201 http.route: api/Windows network.protocol.version: 1.1 url.scheme: http Histogram
Value: Sum: 0.0185159 Count: 1 Min: 0.0185159 Max: 0.0185159 
(-Infinity,0.005]:0
(0.005,0.01]:0
(0.01,0.025]:1
(0.025,0.05]:0
(0.05,0.075]:0
(0.075,0.1]:0
(0.1,0.25]:0
(0.25,0.5]:0
(0.5,0.75]:0
(0.75,1]:0
(1,2.5]:0
(2.5,5]:0
(5,7.5]:0
(7.5,10]:0
(10,+Infinity]:0
(2025-09-11T05:34:57.0700588Z, 2025-09-11T05:35:07.0701441Z] http.request.method: POST http.response.status_code: 201 http.route: api/People network.protocol.version: 1.1 url.scheme: http Histogram
Value: Sum: 0.0110319 Count: 1 Min: 0.0110319 Max: 0.0110319 
(-Infinity,0.005]:0
(0.005,0.01]:0
(0.01,0.025]:1
(0.025,0.05]:0
(0.05,0.075]:0
(0.075,0.1]:0
(0.1,0.25]:0
(0.25,0.5]:0
(0.5,0.75]:0
(0.75,1]:0
(1,2.5]:0
(2.5,5]:0
(5,7.5]:0
(7.5,10]:0
(10,+Infinity]:0
(2025-09-11T05:34:57.0700588Z, 2025-09-11T05:35:07.0701441Z] http.request.method: PATCH http.response.status_code: 405 network.protocol.version: 1.1 url.scheme: http Histogram
Value: Sum: 0.0003732 Count: 1 Min: 0.0003732 Max: 0.0003732 
(-Infinity,0.005]:1
(0.005,0.01]:0
(0.01,0.025]:0
(0.025,0.05]:0
(0.05,0.075]:0
(0.075,0.1]:0
(0.1,0.25]:0
(0.25,0.5]:0
(0.5,0.75]:0
(0.75,1]:0
(1,2.5]:0
(2.5,5]:0
(5,7.5]:0
(7.5,10]:0
(10,+Infinity]:0
(2025-09-11T05:34:57.0700588Z, 2025-09-11T05:35:07.0701441Z] http.request.method: POST http.response.status_code: 400 http.route: api/Roles network.protocol.version: 1.1 url.scheme: http Histogram
Value: Sum: 0.0074521 Count: 2 Min: 0.0030812 Max: 0.0043709 
(-Infinity,0.005]:2
(0.005,0.01]:0
(0.01,0.025]:0
(0.025,0.05]:0
(0.05,0.075]:0
(0.075,0.1]:0
(0.1,0.25]:0
(0.25,0.5]:0
(0.5,0.75]:0
(0.75,1]:0
(1,2.5]:0
(2.5,5]:0
(5,7.5]:0
(7.5,10]:0
(10,+Infinity]:0
Metric Name: aspnetcore.rate_limiting.active_request_leases, Number of HTTP requests that are currently active on the server that hold a rate limiting lease., Unit: {request}, Meter: Microsoft.AspNetCore.RateLimiting
(2025-09-11T05:34:57.0720317Z, 2025-09-11T05:35:07.0701447Z] LongSumNonMonotonic
Value: 0
Metric Name: aspnetcore.rate_limiting.request_lease.duration, The duration of rate limiting leases held by HTTP requests on the server., Unit: s, Meter: Microsoft.AspNetCore.RateLimiting
(2025-09-11T05:34:57.0720503Z, 2025-09-11T05:35:07.0701455Z] Histogram
Value: Sum: 15.313457699999997 Count: 73 Min: 0.0002375 Max: 0.6738492 
(-Infinity,0.005]:18
(0.005,0.01]:5
(0.01,0.025]:4
(0.025,0.05]:0
(0.05,0.075]:0
(0.075,0.1]:0
(0.1,0.25]:1
(0.25,0.5]:43
(0.5,0.75]:2
(0.75,1]:0
(1,2.5]:0
(2.5,5]:0
(5,7.5]:0
(7.5,10]:0
(10,+Infinity]:0
Metric Name: aspnetcore.rate_limiting.requests, Number of requests that tried to acquire a rate limiting lease. Requests could be rejected by global or endpoint rate limiting policies. Or the request could be canceled while waiting for the lease., Unit: {request}, Meter: Microsoft.AspNetCore.RateLimiting
(2025-09-11T05:34:57.0720879Z, 2025-09-11T05:35:07.0701467Z] aspnetcore.rate_limiting.result: acquired LongSum
Value: 73
Metric Name: aspnetcore.routing.match_attempts, Number of requests that were attempted to be matched to an endpoint., Unit: {match_attempt}, Meter: Microsoft.AspNetCore.Routing
(2025-09-11T05:34:57.0729097Z, 2025-09-11T05:35:07.0701472Z] aspnetcore.routing.is_fallback: false aspnetcore.routing.match_status: success http.route: api/Auth/register LongSum
Value: 28
(2025-09-11T05:34:57.0729097Z, 2025-09-11T05:35:07.0701472Z] aspnetcore.routing.is_fallback: false aspnetcore.routing.match_status: success http.route: api/People LongSum
Value: 3
(2025-09-11T05:34:57.0729097Z, 2025-09-11T05:35:07.0701472Z] aspnetcore.routing.is_fallback: false aspnetcore.routing.match_status: success http.route: api/Walls LongSum
Value: 3
(2025-09-11T05:34:57.0729097Z, 2025-09-11T05:35:07.0701472Z] aspnetcore.routing.is_fallback: false aspnetcore.routing.match_status: success http.route: api/Roles LongSum
Value: 18
(2025-09-11T05:34:57.0729097Z, 2025-09-11T05:35:07.0701472Z] aspnetcore.routing.is_fallback: false aspnetcore.routing.match_status: success http.route: api/Windows LongSum
Value: 3
(2025-09-11T05:34:57.0729097Z, 2025-09-11T05:35:07.0701472Z] aspnetcore.routing.is_fallback: false aspnetcore.routing.match_status: success http.route: api/Auth/login LongSum
Value: 17
(2025-09-11T05:34:57.0729097Z, 2025-09-11T05:35:07.0701472Z] aspnetcore.routing.is_fallback: false aspnetcore.routing.match_status: success http.route: (missing) LongSum
Value: 1
[05:35:07 INF] [Phase 2] Starting EnsureCreatedAsync for worker 13364... {"SourceContext": "Infrastructure.Services.DatabaseTestService", "Application": "Crud.Api"}
[05:35:07 INF] [Phase 2] EnsureCreatedAsync completed in 8.6594ms {"SourceContext": "Infrastructure.Services.DatabaseTestService", "Application": "Crud.Api"}
[05:35:07 INF] [Phase 3] Skipping database seeding as requested for worker 13364 {"SourceContext": "Infrastructure.Services.DatabaseTestService", "Application": "Crud.Api"}
[05:35:07 INF] Database reset via file deletion completed for worker 13364 in 111.1333ms (Close: 0.0006ms, Delete: 1.9819ms, Create: 8.6594ms) {"SourceContext": "Infrastructure.Services.DatabaseTestService", "Application": "Crud.Api"}
[05:35:07 INF] Releasing database mutex for worker 13364 {"SourceContext": "Infrastructure.Services.DatabaseTestService", "Application": "Crud.Api"}
[05:35:07 INF] User registered successfully: f2154353-0302-41ea-8f46-ca3cc375fd7f {"SourceContext": "App.Features.Authentication.RegisterUserCommandHandler", "ActionId": "d9fd3d02-3066-41bc-9123-7b564ee4fb4d", "ActionName": "Api.Controllers.AuthController.Register (Api)", "RequestId": "0HNFGUJ46SF88", "RequestPath": "/api/auth/register", "Application": "Crud.Api"}
Activity.TraceId:            10e8a042a4699be8adaa114a630e3435
Activity.SpanId:             1aee4bf1f1e1d666
Activity.TraceFlags:         Recorded
Activity.ActivitySourceName: Microsoft.AspNetCore
Activity.DisplayName:        POST api/Auth/register
Activity.Kind:               Server
Activity.StartTime:          2025-09-11T05:35:07.1237712Z
Activity.Duration:           00:00:00.2964442
Activity.Tags:
    server.address: localhost
    http.request.method: POST
    url.scheme: http
    url.path: /api/auth/register
    network.protocol.version: 1.1
    http.route: api/Auth/register
    http.response.status_code: 200
Resource associated with Activity:
    deployment.environment: Testing
    service.name: Crud.Api
    service.version: 1.0.0
    service.instance.id: 15081513-c9e4-4e0d-aac5-97a71d5ef649
    telemetry.sdk.name: opentelemetry
    telemetry.sdk.language: dotnet
    telemetry.sdk.version: 1.8.1
[05:35:07 DBG] Cache hit for key: list:role {"SourceContext": "Infrastructure.Services.Caching.InMemoryCacheService", "ActionId": "81de27f2-c728-4244-9a0f-a43ac5d1ccd8", "ActionName": "Api.Controllers.RolesController.List (Api)", "RequestId": "0HNFGUJ46SF89", "RequestPath": "/api/roles", "Application": "Crud.Api"}
[05:35:07 DBG] Response not compressed: application/json; charset=utf-8 | Size: 1551 bytes | Path: /api/roles {"SourceContext": "Api.Middleware.CompressionPerformanceMiddleware", "RequestId": "0HNFGUJ46SF89", "RequestPath": "/api/roles", "Application": "Crud.Api"}
Activity.TraceId:            4e3392042858f614f96a706cfa0b5589
Activity.SpanId:             6f8242c2626df8ff
Activity.TraceFlags:         Recorded
Activity.ActivitySourceName: Microsoft.AspNetCore
Activity.DisplayName:        GET api/Roles
Activity.Kind:               Server
Activity.StartTime:          2025-09-11T05:35:07.4213949Z
Activity.Duration:           00:00:00.0029091
Activity.Tags:
    server.address: localhost
    http.request.method: GET
    url.scheme: http
    url.path: /api/roles
    network.protocol.version: 1.1
    http.route: api/Roles
    http.response.status_code: 200
Resource associated with Activity:
    deployment.environment: Testing
    service.name: Crud.Api
    service.version: 1.0.0
    service.instance.id: 15081513-c9e4-4e0d-aac5-97a71d5ef649
    telemetry.sdk.name: opentelemetry
    telemetry.sdk.language: dotnet
    telemetry.sdk.version: 1.8.1
[05:35:07 INF] User registered successfully: 0003ff1f-63be-4f09-a75b-a2bb255caf42 {"SourceContext": "App.Features.Authentication.RegisterUserCommandHandler", "ActionId": "d9fd3d02-3066-41bc-9123-7b564ee4fb4d", "ActionName": "Api.Controllers.AuthController.Register (Api)", "RequestId": "0HNFGUJ46SF8A", "RequestPath": "/api/auth/register", "Application": "Crud.Api"}
Activity.TraceId:            dc272731b4def42ee99e61ea80436b32
Activity.SpanId:             c6f61f92bb199569
Activity.TraceFlags:         Recorded
Activity.ActivitySourceName: Microsoft.AspNetCore
Activity.DisplayName:        POST api/Auth/register
Activity.Kind:               Server
Activity.StartTime:          2025-09-11T05:35:07.4263515Z
Activity.Duration:           00:00:00.2973548
Activity.Tags:
    server.address: localhost
    http.request.method: POST
    url.scheme: http
    url.path: /api/auth/register
    network.protocol.version: 1.1
    http.route: api/Auth/register
    http.response.status_code: 200
Resource associated with Activity:
    deployment.environment: Testing
    service.name: Crud.Api
    service.version: 1.0.0
    service.instance.id: 15081513-c9e4-4e0d-aac5-97a71d5ef649
    telemetry.sdk.name: opentelemetry
    telemetry.sdk.language: dotnet
    telemetry.sdk.version: 1.8.1
Activity.TraceId:            fde356d2cd9bdb7b82a39752751dbcc1
Activity.SpanId:             0d5361f923ec441e
Activity.TraceFlags:         Recorded
Activity.ActivitySourceName: Microsoft.AspNetCore
Activity.DisplayName:        GET
Activity.Kind:               Server
Activity.StartTime:          2025-09-11T05:35:07.7251495Z
Activity.Duration:           00:00:00.0008439
Activity.Tags:
    server.address: localhost
    http.request.method: GET
    url.scheme: http
    url.path: /api/nonexistent
    network.protocol.version: 1.1
    http.response.status_code: 404
Resource associated with Activity:
    deployment.environment: Testing
    service.name: Crud.Api
    service.version: 1.0.0
    service.instance.id: 15081513-c9e4-4e0d-aac5-97a71d5ef649
    telemetry.sdk.name: opentelemetry
    telemetry.sdk.language: dotnet
    telemetry.sdk.version: 1.8.1
[05:35:07 INF] Resetting database for worker 13364 {"SourceContext": "Infrastructure.Services.DatabaseTestService", "Application": "Crud.Api"}
[05:35:07 INF] Resetting database via file deletion for worker 13364 in CI environment {"SourceContext": "Infrastructure.Services.DatabaseTestService", "Application": "Crud.Api"}
[05:35:07 INF] Acquiring database mutex for worker 13364... {"SourceContext": "Infrastructure.Services.DatabaseTestService", "Application": "Crud.Api"}
[05:35:07 INF] Database mutex acquired for worker 13364 {"SourceContext": "Infrastructure.Services.DatabaseTestService", "Application": "Crud.Api"}
[05:35:07 INF] Current database state - CanConnect: True {"SourceContext": "Infrastructure.Services.DatabaseTestService", "Application": "Crud.Api"}
[05:35:07 INF] [Phase 0] Closing database connection for worker 13364... {"SourceContext": "Infrastructure.Services.DatabaseTestService", "Application": "Crud.Api"}
[05:35:07 INF] [Phase 0] Connection closed in 0.0006ms {"SourceContext": "Infrastructure.Services.DatabaseTestService", "Application": "Crud.Api"}
[05:35:07 INF] [Phase 1] Starting EnsureDeletedAsync for worker 13364... {"SourceContext": "Infrastructure.Services.DatabaseTestService", "Application": "Crud.Api"}
[05:35:07 INF] [Phase 1] EnsureDeletedAsync completed in 1.6261ms {"SourceContext": "Infrastructure.Services.DatabaseTestService", "Application": "Crud.Api"}
[05:35:07 INF] [Phase 2] Starting EnsureCreatedAsync for worker 13364... {"SourceContext": "Infrastructure.Services.DatabaseTestService", "Application": "Crud.Api"}
[05:35:07 INF] [Phase 2] EnsureCreatedAsync completed in 8.3236ms {"SourceContext": "Infrastructure.Services.DatabaseTestService", "Application": "Crud.Api"}
[05:35:07 INF] [Phase 3] Skipping database seeding as requested for worker 13364 {"SourceContext": "Infrastructure.Services.DatabaseTestService", "Application": "Crud.Api"}
[05:35:07 INF] Database reset via file deletion completed for worker 13364 in 111.5468ms (Close: 0.0006ms, Delete: 1.6261ms, Create: 8.3236ms) {"SourceContext": "Infrastructure.Services.DatabaseTestService", "Application": "Crud.Api"}
[05:35:07 INF] Releasing database mutex for worker 13364 {"SourceContext": "Infrastructure.Services.DatabaseTestService", "Application": "Crud.Api"}
[05:35:08 INF] User registered successfully: d8afb433-813e-4564-9522-27cbb23b9ea2 {"SourceContext": "App.Features.Authentication.RegisterUserCommandHandler", "ActionId": "d9fd3d02-3066-41bc-9123-7b564ee4fb4d", "ActionName": "Api.Controllers.AuthController.Register (Api)", "RequestId": "0HNFGUJ46SF8C", "RequestPath": "/api/auth/register", "Application": "Crud.Api"}
Activity.TraceId:            f05fc489a06d591f5666a72da1d3b7ac
Activity.SpanId:             a1a9b086768d18a4
Activity.TraceFlags:         Recorded
Activity.ActivitySourceName: Microsoft.AspNetCore
Activity.DisplayName:        POST api/Auth/register
Activity.Kind:               Server
Activity.StartTime:          2025-09-11T05:35:07.8418750Z
Activity.Duration:           00:00:00.2958583
Activity.Tags:
    server.address: localhost
    http.request.method: POST
    url.scheme: http
    url.path: /api/auth/register
    network.protocol.version: 1.1
    http.route: api/Auth/register
    http.response.status_code: 200
Resource associated with Activity:
    deployment.environment: Testing
    service.name: Crud.Api
    service.version: 1.0.0
    service.instance.id: 15081513-c9e4-4e0d-aac5-97a71d5ef649
    telemetry.sdk.name: opentelemetry
    telemetry.sdk.language: dotnet
    telemetry.sdk.version: 1.8.1
[05:35:08 INF] User logged in successfully: d8afb433-813e-4564-9522-27cbb23b9ea2 {"SourceContext": "App.Features.Authentication.LoginCommandHandler", "ActionId": "e0ed94e6-7bce-4203-9d4a-c7fead139839", "ActionName": "Api.Controllers.AuthController.Login (Api)", "RequestId": "0HNFGUJ46SF8D", "RequestPath": "/api/auth/login", "Application": "Crud.Api"}
Activity.TraceId:            7a64c35fa1d775ab3599f5adf1ce4bb8
Activity.SpanId:             1a64ba46b88bc1dd
Activity.TraceFlags:         Recorded
Activity.ActivitySourceName: Microsoft.AspNetCore
Activity.DisplayName:        POST api/Auth/login
Activity.Kind:               Server
Activity.StartTime:          2025-09-11T05:35:08.1387960Z
Activity.Duration:           00:00:00.2957131
Activity.Tags:
    server.address: localhost
    http.request.method: POST
    url.scheme: http
    url.path: /api/auth/login
    network.protocol.version: 1.1
    http.route: api/Auth/login
    http.response.status_code: 200
Resource associated with Activity:
    deployment.environment: Testing
    service.name: Crud.Api
    service.version: 1.0.0
    service.instance.id: 15081513-c9e4-4e0d-aac5-97a71d5ef649
    telemetry.sdk.name: opentelemetry
    telemetry.sdk.language: dotnet
    telemetry.sdk.version: 1.8.1
[05:35:08 DBG] Cache miss for key: name:role:testrole_705ef405dd494e1ba6f09143f8b7f8e6 {"SourceContext": "Infrastructure.Services.Caching.InMemoryCacheService", "ActionId": "73a251ed-06d3-43ef-963a-eafc20e6b749", "ActionName": "Api.Controllers.RolesController.Create (Api)", "RequestId": "0HNFGUJ46SF8E", "RequestPath": "/api/roles", "Application": "Crud.Api"}
[05:35:08 DBG] Removed cache value for key: entity:role:a42ca56304db4e6980d9edf15752bc75 {"SourceContext": "Infrastructure.Services.Caching.InMemoryCacheService", "ActionId": "73a251ed-06d3-43ef-963a-eafc20e6b749", "ActionName": "Api.Controllers.RolesController.Create (Api)", "RequestId": "0HNFGUJ46SF8E", "RequestPath": "/api/roles", "Application": "Crud.Api"}
[05:35:08 DBG] Removed cache value for key: list:role {"SourceContext": "Infrastructure.Services.Caching.InMemoryCacheService", "ActionId": "73a251ed-06d3-43ef-963a-eafc20e6b749", "ActionName": "Api.Controllers.RolesController.Create (Api)", "RequestId": "0HNFGUJ46SF8E", "RequestPath": "/api/roles", "Application": "Crud.Api"}
[05:35:08 DBG] Invalidating cache for entity type: roles with tag: roles {"SourceContext": "Api.Services.OutputCacheInvalidationService", "ActionId": "73a251ed-06d3-43ef-963a-eafc20e6b749", "ActionName": "Api.Controllers.RolesController.Create (Api)", "RequestId": "0HNFGUJ46SF8E", "RequestPath": "/api/roles", "Application": "Crud.Api"}
[05:35:08 INF] Successfully invalidated cache for entity type: roles {"SourceContext": "Api.Services.OutputCacheInvalidationService", "ActionId": "73a251ed-06d3-43ef-963a-eafc20e6b749", "ActionName": "Api.Controllers.RolesController.Create (Api)", "RequestId": "0HNFGUJ46SF8E", "RequestPath": "/api/roles", "Application": "Crud.Api"}
Activity.TraceId:            344271aacb0f9493f285edbd80e3048e
Activity.SpanId:             885ea6f44e3724cb
Activity.TraceFlags:         Recorded
Activity.ActivitySourceName: Microsoft.AspNetCore
Activity.DisplayName:        POST api/Roles
Activity.Kind:               Server
Activity.StartTime:          2025-09-11T05:35:08.4347013Z
Activity.Duration:           00:00:00.0018447
Activity.Tags:
    server.address: localhost
    http.request.method: POST
    url.scheme: http
    url.path: /api/roles
    network.protocol.version: 1.1
    http.route: api/Roles
    http.response.status_code: 201
Resource associated with Activity:
    deployment.environment: Testing
    service.name: Crud.Api
    service.version: 1.0.0
    service.instance.id: 15081513-c9e4-4e0d-aac5-97a71d5ef649
    telemetry.sdk.name: opentelemetry
    telemetry.sdk.language: dotnet
    telemetry.sdk.version: 1.8.1
[05:35:08 INF] User registered successfully: ae9e957f-9527-4ff3-96ad-c8864ad8f3c0 {"SourceContext": "App.Features.Authentication.RegisterUserCommandHandler", "ActionId": "d9fd3d02-3066-41bc-9123-7b564ee4fb4d", "ActionName": "Api.Controllers.AuthController.Register (Api)", "RequestId": "0HNFGUJ46SF8F", "RequestPath": "/api/auth/register", "Application": "Crud.Api"}
Activity.TraceId:            37b611d61fa7805b3da61346f18734cb
Activity.SpanId:             2e5c5b96c4cbda01
Activity.TraceFlags:         Recorded
Activity.ActivitySourceName: Microsoft.AspNetCore
Activity.DisplayName:        POST api/Auth/register
Activity.Kind:               Server
Activity.StartTime:          2025-09-11T05:35:08.4392473Z
Activity.Duration:           00:00:00.3461100
Activity.Tags:
    server.address: localhost
    http.request.method: POST
    url.scheme: http
    url.path: /api/auth/register
    network.protocol.version: 1.1
    http.route: api/Auth/register
    http.response.status_code: 200
Resource associated with Activity:
    deployment.environment: Testing
    service.name: Crud.Api
    service.version: 1.0.0
    service.instance.id: 15081513-c9e4-4e0d-aac5-97a71d5ef649
    telemetry.sdk.name: opentelemetry
    telemetry.sdk.language: dotnet
    telemetry.sdk.version: 1.8.1
[05:35:08 INF] User registered successfully: 30f9f6d8-15ce-4dfa-a937-8bcebb023c79 {"SourceContext": "App.Features.Authentication.RegisterUserCommandHandler", "ActionId": "d9fd3d02-3066-41bc-9123-7b564ee4fb4d", "ActionName": "Api.Controllers.AuthController.Register (Api)", "RequestId": "0HNFGUJ46SF8G", "RequestPath": "/api/auth/register", "Application": "Crud.Api"}
Activity.TraceId:            86f392774b88117e26e6df23db758465
Activity.SpanId:             d0805fb2e6dbfb7d
Activity.TraceFlags:         Recorded
Activity.ActivitySourceName: Microsoft.AspNetCore
Activity.DisplayName:        POST api/Auth/register
Activity.Kind:               Server
Activity.StartTime:          2025-09-11T05:35:08.4896887Z
Activity.Duration:           00:00:00.3463279
Activity.Tags:
    server.address: localhost
    http.request.method: POST
    url.scheme: http
    url.path: /api/auth/register
    network.protocol.version: 1.1
    http.route: api/Auth/register
    http.response.status_code: 200
Resource associated with Activity:
    deployment.environment: Testing
    service.name: Crud.Api
    service.version: 1.0.0
    service.instance.id: 15081513-c9e4-4e0d-aac5-97a71d5ef649
    telemetry.sdk.name: opentelemetry
    telemetry.sdk.language: dotnet
    telemetry.sdk.version: 1.8.1
[05:35:08 INF] User registered successfully: 4d24349d-35ac-4499-8609-66c9da5e2938 {"SourceContext": "App.Features.Authentication.RegisterUserCommandHandler", "ActionId": "d9fd3d02-3066-41bc-9123-7b564ee4fb4d", "ActionName": "Api.Controllers.AuthController.Register (Api)", "RequestId": "0HNFGUJ46SF8H", "RequestPath": "/api/auth/register", "Application": "Crud.Api"}
Activity.TraceId:            d3ccebd00e126d0e9c011557e488101a
Activity.SpanId:             343a492a6ce73a47
Activity.TraceFlags:         Recorded
Activity.ActivitySourceName: Microsoft.AspNetCore
Activity.DisplayName:        POST api/Auth/register
Activity.Kind:               Server
Activity.StartTime:          2025-09-11T05:35:08.5393642Z
Activity.Duration:           00:00:00.3470856
Activity.Tags:
    server.address: localhost
    http.request.method: POST
    url.scheme: http
    url.path: /api/auth/register
    network.protocol.version: 1.1
    http.route: api/Auth/register
    http.response.status_code: 200
Resource associated with Activity:
    deployment.environment: Testing
    service.name: Crud.Api
    service.version: 1.0.0
    service.instance.id: 15081513-c9e4-4e0d-aac5-97a71d5ef649
    telemetry.sdk.name: opentelemetry
    telemetry.sdk.language: dotnet
    telemetry.sdk.version: 1.8.1
[05:35:08 INF] User registered successfully: f22684d8-4290-47cf-abcc-930ec4d9d3fa {"SourceContext": "App.Features.Authentication.RegisterUserCommandHandler", "ActionId": "d9fd3d02-3066-41bc-9123-7b564ee4fb4d", "ActionName": "Api.Controllers.AuthController.Register (Api)", "RequestId": "0HNFGUJ46SF8I", "RequestPath": "/api/auth/register", "Application": "Crud.Api"}
Activity.TraceId:            a8e8cbd6f5631ace1a2aa5a6943f1002
Activity.SpanId:             dde155133fc733bb
Activity.TraceFlags:         Recorded
Activity.ActivitySourceName: Microsoft.AspNetCore
Activity.DisplayName:        POST api/Auth/register
Activity.Kind:               Server
Activity.StartTime:          2025-09-11T05:35:08.5895614Z
Activity.Duration:           00:00:00.3756158
Activity.Tags:
    server.address: localhost
    http.request.method: POST
    url.scheme: http
    url.path: /api/auth/register
    network.protocol.version: 1.1
    http.route: api/Auth/register
    http.response.status_code: 200
Resource associated with Activity:
    deployment.environment: Testing
    service.name: Crud.Api
    service.version: 1.0.0
    service.instance.id: 15081513-c9e4-4e0d-aac5-97a71d5ef649
    telemetry.sdk.name: opentelemetry
    telemetry.sdk.language: dotnet
    telemetry.sdk.version: 1.8.1
[05:35:09 INF] User registered successfully: bea48acb-d1c8-4452-92f1-e5271274fd75 {"SourceContext": "App.Features.Authentication.RegisterUserCommandHandler", "ActionId": "d9fd3d02-3066-41bc-9123-7b564ee4fb4d", "ActionName": "Api.Controllers.AuthController.Register (Api)", "RequestId": "0HNFGUJ46SF8K", "RequestPath": "/api/auth/register", "Application": "Crud.Api"}
Activity.TraceId:            0120d28274799feff1c8cf198084117c
Activity.SpanId:             f00c5fbd20e32871
Activity.TraceFlags:         Recorded
Activity.ActivitySourceName: Microsoft.AspNetCore
Activity.DisplayName:        POST api/Auth/register
Activity.Kind:               Server
Activity.StartTime:          2025-09-11T05:35:08.8876288Z
Activity.Duration:           00:00:00.2973831
Activity.Tags:
    server.address: localhost
    http.request.method: POST
    url.scheme: http
    url.path: /api/auth/register
    network.protocol.version: 1.1
    http.route: api/Auth/register
    http.response.status_code: 200
Resource associated with Activity:
    deployment.environment: Testing
    service.name: Crud.Api
    service.version: 1.0.0
    service.instance.id: 15081513-c9e4-4e0d-aac5-97a71d5ef649
    telemetry.sdk.name: opentelemetry
    telemetry.sdk.language: dotnet
    telemetry.sdk.version: 1.8.1
[05:35:09 INF] User logged in successfully: 30f9f6d8-15ce-4dfa-a937-8bcebb023c79 {"SourceContext": "App.Features.Authentication.LoginCommandHandler", "ActionId": "e0ed94e6-7bce-4203-9d4a-c7fead139839", "ActionName": "Api.Controllers.AuthController.Login (Api)", "RequestId": "0HNFGUJ46SF8J", "RequestPath": "/api/auth/login", "Application": "Crud.Api"}
Activity.TraceId:            993bd12a0f521963fa6bb036ad3496a2
Activity.SpanId:             790223ce68eb1e33
Activity.TraceFlags:         Recorded
Activity.ActivitySourceName: Microsoft.AspNetCore
Activity.DisplayName:        POST api/Auth/login
Activity.Kind:               Server
Activity.StartTime:          2025-09-11T05:35:08.8383291Z
Activity.Duration:           00:00:00.3713333
Activity.Tags:
    server.address: localhost
    http.request.method: POST
    url.scheme: http
    url.path: /api/auth/login
    network.protocol.version: 1.1
    http.route: api/Auth/login
    http.response.status_code: 200
Resource associated with Activity:
    deployment.environment: Testing
    service.name: Crud.Api
    service.version: 1.0.0
    service.instance.id: 15081513-c9e4-4e0d-aac5-97a71d5ef649
    telemetry.sdk.name: opentelemetry
    telemetry.sdk.language: dotnet
    telemetry.sdk.version: 1.8.1
[05:35:09 INF] User logged in successfully: ae9e957f-9527-4ff3-96ad-c8864ad8f3c0 {"SourceContext": "App.Features.Authentication.LoginCommandHandler", "ActionId": "e0ed94e6-7bce-4203-9d4a-c7fead139839", "ActionName": "Api.Controllers.AuthController.Login (Api)", "RequestId": "0HNFGUJ46SF8L", "RequestPath": "/api/auth/login", "Application": "Crud.Api"}
Activity.TraceId:            97a24473d9e68aa933ebba90e0eb0c35
Activity.SpanId:             7ff9b2e4e81654a3
Activity.TraceFlags:         Recorded
Activity.ActivitySourceName: Microsoft.AspNetCore
Activity.DisplayName:        POST api/Auth/login
Activity.Kind:               Server
Activity.StartTime:          2025-09-11T05:35:08.9662543Z
Activity.Duration:           00:00:00.3722656
Activity.Tags:
    server.address: localhost
    http.request.method: POST
    url.scheme: http
    url.path: /api/auth/login
    network.protocol.version: 1.1
    http.route: api/Auth/login
    http.response.status_code: 200
Resource associated with Activity:
    deployment.environment: Testing
    service.name: Crud.Api
    service.version: 1.0.0
    service.instance.id: 15081513-c9e4-4e0d-aac5-97a71d5ef649
    telemetry.sdk.name: opentelemetry
    telemetry.sdk.language: dotnet
    telemetry.sdk.version: 1.8.1
[05:35:09 INF] User logged in successfully: 4d24349d-35ac-4499-8609-66c9da5e2938 {"SourceContext": "App.Features.Authentication.LoginCommandHandler", "ActionId": "e0ed94e6-7bce-4203-9d4a-c7fead139839", "ActionName": "Api.Controllers.AuthController.Login (Api)", "RequestId": "0HNFGUJ46SF8M", "RequestPath": "/api/auth/login", "Application": "Crud.Api"}
Activity.TraceId:            f61c0e95341d508a8f860b42c335fb74
Activity.SpanId:             9a337d813d85b0bd
Activity.TraceFlags:         Recorded
Activity.ActivitySourceName: Microsoft.AspNetCore
Activity.DisplayName:        POST api/Auth/login
Activity.Kind:               Server
Activity.StartTime:          2025-09-11T05:35:09.1862396Z
Activity.Duration:           00:00:00.2986776
Activity.Tags:
    server.address: localhost
    http.request.method: POST
    url.scheme: http
    url.path: /api/auth/login
    network.protocol.version: 1.1
    http.route: api/Auth/login
    http.response.status_code: 200
Resource associated with Activity:
    deployment.environment: Testing
    service.name: Crud.Api
    service.version: 1.0.0
    service.instance.id: 15081513-c9e4-4e0d-aac5-97a71d5ef649
    telemetry.sdk.name: opentelemetry
    telemetry.sdk.language: dotnet
    telemetry.sdk.version: 1.8.1
[05:35:09 DBG] Cache miss for key: entity:role:a42ca56304db4e6980d9edf15752bc75 {"SourceContext": "Infrastructure.Services.Caching.InMemoryCacheService", "ActionId": "efc82f6f-bc52-4967-b688-708b1ee05f53", "ActionName": "Api.Controllers.PeopleController.Create (Api)", "RequestId": "0HNFGUJ46SF8P", "RequestPath": "/api/people", "Application": "Crud.Api"}
[05:35:09 DBG] Set cache value for key: entity:role:a42ca56304db4e6980d9edf15752bc75 {"SourceContext": "Infrastructure.Services.Caching.InMemoryCacheService", "ActionId": "efc82f6f-bc52-4967-b688-708b1ee05f53", "ActionName": "Api.Controllers.PeopleController.Create (Api)", "RequestId": "0HNFGUJ46SF8P", "RequestPath": "/api/people", "Application": "Crud.Api"}
[05:35:09 DBG] Cache hit for key: entity:role:a42ca56304db4e6980d9edf15752bc75 {"SourceContext": "Infrastructure.Services.Caching.InMemoryCacheService", "ActionId": "efc82f6f-bc52-4967-b688-708b1ee05f53", "ActionName": "Api.Controllers.PeopleController.Create (Api)", "RequestId": "0HNFGUJ46SF8Q", "RequestPath": "/api/people", "Application": "Crud.Api"}
[05:35:09 ERR] Failed executing DbCommand (0ms) [Parameters=[@p0='a42ca563-04db-4e69-80d9-edf15752bc75', @p1='2025-09-11T05:35:08.4356304' (DbType = DateTime), @p2='Test' (Size = 4), @p3='TestRole_705ef405dd494e1ba6f09143f8b7f8e6' (Nullable = false) (Size = 41), @p4=NULL (DbType = Binary), @p5=NULL (DbType = DateTime)], CommandType='Text', CommandTimeout='30']
INSERT INTO "Roles" ("Id", "CreatedAt", "Description", "Name", "RowVersion", "UpdatedAt")
VALUES (@p0, @p1, @p2, @p3, @p4, @p5); {"EventId": {"Id": 20102, "Name": "Microsoft.EntityFrameworkCore.Database.Command.CommandError"}, "SourceContext": "Microsoft.EntityFrameworkCore.Database.Command", "ActionId": "efc82f6f-bc52-4967-b688-708b1ee05f53", "ActionName": "Api.Controllers.PeopleController.Create (Api)", "RequestId": "0HNFGUJ46SF8Q", "RequestPath": "/api/people", "Application": "Crud.Api"}
[05:35:09 ERR] An exception occurred in the database while saving changes for context type 'Infrastructure.Data.ApplicationDbContext'.
Microsoft.EntityFrameworkCore.DbUpdateException: An error occurred while saving the entity changes. See the inner exception for details.
 ---&gt; Microsoft.Data.Sqlite.SqliteException (0x80004005): SQLite Error 19: 'UNIQUE constraint failed: Roles.Name'.
   at Microsoft.Data.Sqlite.SqliteException.ThrowExceptionForRC(Int32 rc, sqlite3 db)
   at Microsoft.Data.Sqlite.SqliteDataReader.NextResult()
   at Microsoft.Data.Sqlite.SqliteCommand.ExecuteReader(CommandBehavior behavior)
   at Microsoft.Data.Sqlite.SqliteCommand.ExecuteDbDataReaderAsync(CommandBehavior behavior, CancellationToken cancellationToken)
   at Microsoft.EntityFrameworkCore.Storage.RelationalCommand.ExecuteReaderAsync(RelationalCommandParameterObject parameterObject, CancellationToken cancellationToken)
   at Microsoft.EntityFrameworkCore.Storage.RelationalCommand.ExecuteReaderAsync(RelationalCommandParameterObject parameterObject, CancellationToken cancellationToken)
   at Microsoft.EntityFrameworkCore.Update.ReaderModificationCommandBatch.ExecuteAsync(IRelationalConnection connection, CancellationToken cancellationToken)
   --- End of inner exception stack trace ---
   at Microsoft.EntityFrameworkCore.Update.ReaderModificationCommandBatch.ExecuteAsync(IRelationalConnection connection, CancellationToken cancellationToken)
   at Microsoft.EntityFrameworkCore.Update.Internal.BatchExecutor.ExecuteAsync(IEnumerable`1 commandBatches, IRelationalConnection connection, CancellationToken cancellationToken)
   at Microsoft.EntityFrameworkCore.Update.Internal.BatchExecutor.ExecuteAsync(IEnumerable`1 commandBatches, IRelationalConnection connection, CancellationToken cancellationToken)
   at Microsoft.EntityFrameworkCore.Update.Internal.BatchExecutor.ExecuteAsync(IEnumerable`1 commandBatches, IRelationalConnection connection, CancellationToken cancellationToken)
   at Microsoft.EntityFrameworkCore.ChangeTracking.Internal.StateManager.SaveChangesAsync(IList`1 entriesToSave, CancellationToken cancellationToken)
   at Microsoft.EntityFrameworkCore.ChangeTracking.Internal.StateManager.SaveChangesAsync(StateManager stateManager, Boolean acceptAllChangesOnSuccess, CancellationToken cancellationToken)
   at Microsoft.EntityFrameworkCore.DbContext.SaveChangesAsync(Boolean acceptAllChangesOnSuccess, CancellationToken cancellationToken) {"EventId": {"Id": 10000, "Name": "Microsoft.EntityFrameworkCore.Update.SaveChangesFailed"}, "SourceContext": "Microsoft.EntityFrameworkCore.Update", "ActionId": "efc82f6f-bc52-4967-b688-708b1ee05f53", "ActionName": "Api.Controllers.PeopleController.Create (Api)", "RequestId": "0HNFGUJ46SF8Q", "RequestPath": "/api/people", "Application": "Crud.Api"}
Microsoft.EntityFrameworkCore.DbUpdateException: An error occurred while saving the entity changes. See the inner exception for details.
 ---&gt; Microsoft.Data.Sqlite.SqliteException (0x80004005): SQLite Error 19: 'UNIQUE constraint failed: Roles.Name'.
   at Microsoft.Data.Sqlite.SqliteException.ThrowExceptionForRC(Int32 rc, sqlite3 db)
   at Microsoft.Data.Sqlite.SqliteDataReader.NextResult()
   at Microsoft.Data.Sqlite.SqliteCommand.ExecuteReader(CommandBehavior behavior)
   at Microsoft.Data.Sqlite.SqliteCommand.ExecuteDbDataReaderAsync(CommandBehavior behavior, CancellationToken cancellationToken)
   at Microsoft.EntityFrameworkCore.Storage.RelationalCommand.ExecuteReaderAsync(RelationalCommandParameterObject parameterObject, CancellationToken cancellationToken)
   at Microsoft.EntityFrameworkCore.Storage.RelationalCommand.ExecuteReaderAsync(RelationalCommandParameterObject parameterObject, CancellationToken cancellationToken)
   at Microsoft.EntityFrameworkCore.Update.ReaderModificationCommandBatch.ExecuteAsync(IRelationalConnection connection, CancellationToken cancellationToken)
   --- End of inner exception stack trace ---
   at Microsoft.EntityFrameworkCore.Update.ReaderModificationCommandBatch.ExecuteAsync(IRelationalConnection connection, CancellationToken cancellationToken)
   at Microsoft.EntityFrameworkCore.Update.Internal.BatchExecutor.ExecuteAsync(IEnumerable`1 commandBatches, IRelationalConnection connection, CancellationToken cancellationToken)
   at Microsoft.EntityFrameworkCore.Update.Internal.BatchExecutor.ExecuteAsync(IEnumerable`1 commandBatches, IRelationalConnection connection, CancellationToken cancellationToken)
   at Microsoft.EntityFrameworkCore.Update.Internal.BatchExecutor.ExecuteAsync(IEnumerable`1 commandBatches, IRelationalConnection connection, CancellationToken cancellationToken)
   at Microsoft.EntityFrameworkCore.ChangeTracking.Internal.StateManager.SaveChangesAsync(IList`1 entriesToSave, CancellationToken cancellationToken)
   at Microsoft.EntityFrameworkCore.ChangeTracking.Internal.StateManager.SaveChangesAsync(StateManager stateManager, Boolean acceptAllChangesOnSuccess, CancellationToken cancellationToken)
   at Microsoft.EntityFrameworkCore.DbContext.SaveChangesAsync(Boolean acceptAllChangesOnSuccess, CancellationToken cancellationToken)
[05:35:09 ERR] An unhandled exception occurred during request POST /api/people. Request ID: 0HNFGUJ46SF8Q, User: Anonymous {"SourceContext": "Api.Middleware.GlobalExceptionHandlingMiddleware", "RequestPath": "/api/people", "Application": "Crud.Api"}
System.InvalidOperationException: Failed to create person. Please check that all referenced roles exist.
 ---&gt; Microsoft.EntityFrameworkCore.DbUpdateException: An error occurred while saving the entity changes. See the inner exception for details.
 ---&gt; Microsoft.Data.Sqlite.SqliteException (0x80004005): SQLite Error 19: 'UNIQUE constraint failed: Roles.Name'.
   at Microsoft.Data.Sqlite.SqliteException.ThrowExceptionForRC(Int32 rc, sqlite3 db)
   at Microsoft.Data.Sqlite.SqliteDataReader.NextResult()
   at Microsoft.Data.Sqlite.SqliteCommand.ExecuteReader(CommandBehavior behavior)
   at Microsoft.Data.Sqlite.SqliteCommand.ExecuteDbDataReaderAsync(CommandBehavior behavior, CancellationToken cancellationToken)
   at Microsoft.EntityFrameworkCore.Storage.RelationalCommand.ExecuteReaderAsync(RelationalCommandParameterObject parameterObject, CancellationToken cancellationToken)
   at Microsoft.EntityFrameworkCore.Storage.RelationalCommand.ExecuteReaderAsync(RelationalCommandParameterObject parameterObject, CancellationToken cancellationToken)
   at Microsoft.EntityFrameworkCore.Update.ReaderModificationCommandBatch.ExecuteAsync(IRelationalConnection connection, CancellationToken cancellationToken)
   --- End of inner exception stack trace ---
   at Microsoft.EntityFrameworkCore.Update.ReaderModificationCommandBatch.ExecuteAsync(IRelationalConnection connection, CancellationToken cancellationToken)
   at Microsoft.EntityFrameworkCore.Update.Internal.BatchExecutor.ExecuteAsync(IEnumerable`1 commandBatches, IRelationalConnection connection, CancellationToken cancellationToken)
   at Microsoft.EntityFrameworkCore.Update.Internal.BatchExecutor.ExecuteAsync(IEnumerable`1 commandBatches, IRelationalConnection connection, CancellationToken cancellationToken)
   at Microsoft.EntityFrameworkCore.Update.Internal.BatchExecutor.ExecuteAsync(IEnumerable`1 commandBatches, IRelationalConnection connection, CancellationToken cancellationToken)
   at Microsoft.EntityFrameworkCore.ChangeTracking.Internal.StateManager.SaveChangesAsync(IList`1 entriesToSave, CancellationToken cancellationToken)
   at Microsoft.EntityFrameworkCore.ChangeTracking.Internal.StateManager.SaveChangesAsync(StateManager stateManager, Boolean acceptAllChangesOnSuccess, CancellationToken cancellationToken)
   at Microsoft.EntityFrameworkCore.DbContext.SaveChangesAsync(Boolean acceptAllChangesOnSuccess, CancellationToken cancellationToken)
   at Microsoft.EntityFrameworkCore.DbContext.SaveChangesAsync(Boolean acceptAllChangesOnSuccess, CancellationToken cancellationToken)
   at Infrastructure.Resilience.DbContextResilienceExtensions.&lt;&gt;c__DisplayClass0_0.&lt;&lt;SaveChangesWithRetryAsync&gt;b__0&gt;d.MoveNext() in /home/runner/work/Crud/Crud/src/Infrastructure/Resilience/ResilientDbContext.cs:line 72
--- End of stack trace from previous location ---
   at Polly.CircuitBreaker.AsyncCircuitBreakerPolicy.&lt;&gt;c__DisplayClass8_0`1.&lt;&lt;ImplementationAsync&gt;b__0&gt;d.MoveNext()
--- End of stack trace from previous location ---
   at Polly.CircuitBreaker.AsyncCircuitBreakerEngine.ImplementationAsync[TResult](Func`3 action, Context context, Boolean continueOnCapturedContext, ExceptionPredicates shouldHandleExceptionPredicates, ResultPredicates`1 shouldHandleResultPredicates, ICircuitController`1 breakerController, CancellationToken cancellationToken)
   at Polly.CircuitBreaker.AsyncCircuitBreakerPolicy.ImplementationAsync[TResult](Func`3 action, Context context, CancellationToken cancellationToken, Boolean continueOnCapturedContext)
   at Polly.AsyncPolicy.ExecuteInternalAsync[TResult](Func`3 action, Context context, Boolean continueOnCapturedContext, CancellationToken cancellationToken)
   at Polly.Retry.AsyncRetryEngine.ImplementationAsync[TResult](Func`3 action, Context context, ExceptionPredicates shouldRetryExceptionPredicates, ResultPredicates`1 shouldRetryResultPredicates, Func`5 onRetryAsync, CancellationToken cancellationToken, Int32 permittedRetryCount, IEnumerable`1 sleepDurationsEnumerable, Func`4 sleepDurationProvider, Boolean continueOnCapturedContext)
   at Polly.AsyncPolicy.ExecuteInternalAsync[TResult](Func`3 action, Context context, Boolean continueOnCapturedContext, CancellationToken cancellationToken)
   at Polly.AsyncPolicy.ExecuteInternalAsync[TResult](Func`3 action, Context context, Boolean continueOnCapturedContext, CancellationToken cancellationToken)
   at Polly.Timeout.AsyncTimeoutEngine.ImplementationAsync[TResult](Func`3 action, Context context, Func`2 timeoutProvider, TimeoutStrategy timeoutStrategy, Func`5 onTimeoutAsync, Boolean continueOnCapturedContext, CancellationToken cancellationToken)
   at Polly.Timeout.AsyncTimeoutEngine.ImplementationAsync[TResult](Func`3 action, Context context, Func`2 timeoutProvider, TimeoutStrategy timeoutStrategy, Func`5 onTimeoutAsync, Boolean continueOnCapturedContext, CancellationToken cancellationToken)
   at Polly.AsyncPolicy.ExecuteInternalAsync[TResult](Func`3 action, Context context, Boolean continueOnCapturedContext, CancellationToken cancellationToken)
   at Polly.AsyncPolicy.ExecuteInternalAsync[TResult](Func`3 action, Context context, Boolean continueOnCapturedContext, CancellationToken cancellationToken)
   at Infrastructure.Resilience.DbContextResilienceExtensions.SaveChangesWithRetryAsync(DbContext context, ILogger logger, CancellationToken cancellationToken) in /home/runner/work/Crud/Crud/src/Infrastructure/Resilience/ResilientDbContext.cs:line 70
   at Infrastructure.Repositories.EntityFramework.EfPersonRepository.AddAsync(Person person, CancellationToken ct) in /home/runner/work/Crud/Crud/src/Infrastructure/Repositories/EntityFramework/EfPersonRepository.cs:line 37
   --- End of inner exception stack trace ---
   at Infrastructure.Repositories.EntityFramework.EfPersonRepository.AddAsync(Person person, CancellationToken ct) in /home/runner/work/Crud/Crud/src/Infrastructure/Repositories/EntityFramework/EfPersonRepository.cs:line 42
   at Infrastructure.Services.Caching.CachedPersonRepositoryDecorator.AddAsync(Person entity, CancellationToken cancellationToken) in /home/runner/work/Crud/Crud/src/Infrastructure/Services/Caching/CachedRepositoryDecorator.cs:line 190
   at App.Features.People.CreatePersonCommandHandler.Handle(CreatePersonCommand request, CancellationToken cancellationToken) in /home/runner/work/Crud/Crud/src/App/Features/People/CommandHandlers.cs:line 23
   at App.Behaviors.CacheInvalidationBehavior`2.Handle(TRequest request, RequestHandlerDelegate`1 next, CancellationToken cancellationToken)
   at App.Behaviors.CachingBehavior`2.Handle(TRequest request, RequestHandlerDelegate`1 next, CancellationToken cancellationToken)
   at App.Behaviors.ValidationBehavior`2.Handle(TRequest request, RequestHandlerDelegate`1 next, CancellationToken cancellationToken)
   at Api.Controllers.PeopleController.Create(CreatePersonRequest request, CancellationToken ct) in /home/runner/work/Crud/Crud/src/Api/Controllers/PeopleController.cs:line 73
   at lambda_method1651(Closure, Object)
   at Microsoft.AspNetCore.Mvc.Infrastructure.ActionMethodExecutor.AwaitableObjectResultExecutor.Execute(ActionContext actionContext, IActionResultTypeMapper mapper, ObjectMethodExecutor executor, Object controller, Object[] arguments)
   at Microsoft.AspNetCore.Mvc.Infrastructure.ControllerActionInvoker.&lt;InvokeActionMethodAsync&gt;g__Logged|12_1(ControllerActionInvoker invoker)
   at Microsoft.AspNetCore.Mvc.Infrastructure.ControllerActionInvoker.&lt;InvokeNextActionFilterAsync&gt;g__Awaited|10_0(ControllerActionInvoker invoker, Task lastTask, State next, Scope scope, Object state, Boolean isCompleted)
   at Microsoft.AspNetCore.Mvc.Infrastructure.ControllerActionInvoker.Rethrow(ActionExecutedContextSealed context)
   at Microsoft.AspNetCore.Mvc.Infrastructure.ControllerActionInvoker.Next(State&amp; next, Scope&amp; scope, Object&amp; state, Boolean&amp; isCompleted)
   at Microsoft.AspNetCore.Mvc.Infrastructure.ControllerActionInvoker.InvokeInnerFilterAsync()
--- End of stack trace from previous location ---
   at Microsoft.AspNetCore.Mvc.Infrastructure.ResourceInvoker.&lt;InvokeFilterPipelineAsync&gt;g__Awaited|20_0(ResourceInvoker invoker, Task lastTask, State next, Scope scope, Object state, Boolean isCompleted)
   at Microsoft.AspNetCore.Mvc.Infrastructure.ResourceInvoker.&lt;InvokeAsync&gt;g__Logged|17_1(ResourceInvoker invoker)
   at Microsoft.AspNetCore.Mvc.Infrastructure.ResourceInvoker.&lt;InvokeAsync&gt;g__Logged|17_1(ResourceInvoker invoker)
   at Microsoft.AspNetCore.Authorization.AuthorizationMiddleware.Invoke(HttpContext context)
   at Microsoft.AspNetCore.Authentication.AuthenticationMiddleware.Invoke(HttpContext context)
   at Microsoft.AspNetCore.RateLimiting.RateLimitingMiddleware.InvokeInternal(HttpContext context, EnableRateLimitingAttribute enableRateLimitingAttribute)
   at Api.Middleware.GlobalExceptionHandlingMiddleware.InvokeAsync(HttpContext context) in /home/runner/work/Crud/Crud/src/Api/Middleware/GlobalExceptionHandlingMiddleware.cs:line 27
Activity.TraceId:            f6263dc39064ef54611a1876a8f57dec
Activity.SpanId:             a187aa578d578184
Activity.TraceFlags:         Recorded
Activity.ActivitySourceName: Microsoft.AspNetCore
Activity.DisplayName:        POST api/People
Activity.Kind:               Server
Activity.StartTime:          2025-09-11T05:35:09.4867286Z
Activity.Duration:           00:00:00.0225516
Activity.Tags:
    server.address: localhost
    http.request.method: POST
    url.scheme: http
    url.path: /api/people
    network.protocol.version: 1.1
    http.route: api/People
    http.response.status_code: 409
Resource associated with Activity:
    deployment.environment: Testing
    service.name: Crud.Api
    service.version: 1.0.0
    service.instance.id: 15081513-c9e4-4e0d-aac5-97a71d5ef649
    telemetry.sdk.name: opentelemetry
    telemetry.sdk.language: dotnet
    telemetry.sdk.version: 1.8.1
[05:35:09 DBG] Cache hit for key: entity:role:a42ca56304db4e6980d9edf15752bc75 {"SourceContext": "Infrastructure.Services.Caching.InMemoryCacheService", "ActionId": "efc82f6f-bc52-4967-b688-708b1ee05f53", "ActionName": "Api.Controllers.PeopleController.Create (Api)", "RequestId": "0HNFGUJ46SF8R", "RequestPath": "/api/people", "Application": "Crud.Api"}
[05:35:09 ERR] Failed executing DbCommand (0ms) [Parameters=[@p0='a42ca563-04db-4e69-80d9-edf15752bc75', @p1='2025-09-11T05:35:08.4356304' (DbType = DateTime), @p2='Test' (Size = 4), @p3='TestRole_705ef405dd494e1ba6f09143f8b7f8e6' (Nullable = false) (Size = 41), @p4=NULL (DbType = Binary), @p5=NULL (DbType = DateTime)], CommandType='Text', CommandTimeout='30']
INSERT INTO "Roles" ("Id", "CreatedAt", "Description", "Name", "RowVersion", "UpdatedAt")
VALUES (@p0, @p1, @p2, @p3, @p4, @p5); {"EventId": {"Id": 20102, "Name": "Microsoft.EntityFrameworkCore.Database.Command.CommandError"}, "SourceContext": "Microsoft.EntityFrameworkCore.Database.Command", "ActionId": "efc82f6f-bc52-4967-b688-708b1ee05f53", "ActionName": "Api.Controllers.PeopleController.Create (Api)", "RequestId": "0HNFGUJ46SF8R", "RequestPath": "/api/people", "Application": "Crud.Api"}
[05:35:09 ERR] An exception occurred in the database while saving changes for context type 'Infrastructure.Data.ApplicationDbContext'.
Microsoft.EntityFrameworkCore.DbUpdateException: An error occurred while saving the entity changes. See the inner exception for details.
 ---&gt; Microsoft.Data.Sqlite.SqliteException (0x80004005): SQLite Error 19: 'UNIQUE constraint failed: Roles.Name'.
   at Microsoft.Data.Sqlite.SqliteException.ThrowExceptionForRC(Int32 rc, sqlite3 db)
   at Microsoft.Data.Sqlite.SqliteDataReader.NextResult()
   at Microsoft.Data.Sqlite.SqliteCommand.ExecuteReader(CommandBehavior behavior)
   at Microsoft.Data.Sqlite.SqliteCommand.ExecuteDbDataReaderAsync(CommandBehavior behavior, CancellationToken cancellationToken)
   at Microsoft.EntityFrameworkCore.Storage.RelationalCommand.ExecuteReaderAsync(RelationalCommandParameterObject parameterObject, CancellationToken cancellationToken)
   at Microsoft.EntityFrameworkCore.Storage.RelationalCommand.ExecuteReaderAsync(RelationalCommandParameterObject parameterObject, CancellationToken cancellationToken)
   at Microsoft.EntityFrameworkCore.Update.ReaderModificationCommandBatch.ExecuteAsync(IRelationalConnection connection, CancellationToken cancellationToken)
   --- End of inner exception stack trace ---
   at Microsoft.EntityFrameworkCore.Update.ReaderModificationCommandBatch.ExecuteAsync(IRelationalConnection connection, CancellationToken cancellationToken)
   at Microsoft.EntityFrameworkCore.Update.Internal.BatchExecutor.ExecuteAsync(IEnumerable`1 commandBatches, IRelationalConnection connection, CancellationToken cancellationToken)
   at Microsoft.EntityFrameworkCore.Update.Internal.BatchExecutor.ExecuteAsync(IEnumerable`1 commandBatches, IRelationalConnection connection, CancellationToken cancellationToken)
   at Microsoft.EntityFrameworkCore.Update.Internal.BatchExecutor.ExecuteAsync(IEnumerable`1 commandBatches, IRelationalConnection connection, CancellationToken cancellationToken)
   at Microsoft.EntityFrameworkCore.ChangeTracking.Internal.StateManager.SaveChangesAsync(IList`1 entriesToSave, CancellationToken cancellationToken)
   at Microsoft.EntityFrameworkCore.ChangeTracking.Internal.StateManager.SaveChangesAsync(StateManager stateManager, Boolean acceptAllChangesOnSuccess, CancellationToken cancellationToken)
   at Microsoft.EntityFrameworkCore.DbContext.SaveChangesAsync(Boolean acceptAllChangesOnSuccess, CancellationToken cancellationToken) {"EventId": {"Id": 10000, "Name": "Microsoft.EntityFrameworkCore.Update.SaveChangesFailed"}, "SourceContext": "Microsoft.EntityFrameworkCore.Update", "ActionId": "efc82f6f-bc52-4967-b688-708b1ee05f53", "ActionName": "Api.Controllers.PeopleController.Create (Api)", "RequestId": "0HNFGUJ46SF8R", "RequestPath": "/api/people", "Application": "Crud.Api"}
Microsoft.EntityFrameworkCore.DbUpdateException: An error occurred while saving the entity changes. See the inner exception for details.
 ---&gt; Microsoft.Data.Sqlite.SqliteException (0x80004005): SQLite Error 19: 'UNIQUE constraint failed: Roles.Name'.
   at Microsoft.Data.Sqlite.SqliteException.ThrowExceptionForRC(Int32 rc, sqlite3 db)
   at Microsoft.Data.Sqlite.SqliteDataReader.NextResult()
   at Microsoft.Data.Sqlite.SqliteCommand.ExecuteReader(CommandBehavior behavior)
   at Microsoft.Data.Sqlite.SqliteCommand.ExecuteDbDataReaderAsync(CommandBehavior behavior, CancellationToken cancellationToken)
   at Microsoft.EntityFrameworkCore.Storage.RelationalCommand.ExecuteReaderAsync(RelationalCommandParameterObject parameterObject, CancellationToken cancellationToken)
   at Microsoft.EntityFrameworkCore.Storage.RelationalCommand.ExecuteReaderAsync(RelationalCommandParameterObject parameterObject, CancellationToken cancellationToken)
   at Microsoft.EntityFrameworkCore.Update.ReaderModificationCommandBatch.ExecuteAsync(IRelationalConnection connection, CancellationToken cancellationToken)
   --- End of inner exception stack trace ---
   at Microsoft.EntityFrameworkCore.Update.ReaderModificationCommandBatch.ExecuteAsync(IRelationalConnection connection, CancellationToken cancellationToken)
   at Microsoft.EntityFrameworkCore.Update.Internal.BatchExecutor.ExecuteAsync(IEnumerable`1 commandBatches, IRelationalConnection connection, CancellationToken cancellationToken)
   at Microsoft.EntityFrameworkCore.Update.Internal.BatchExecutor.ExecuteAsync(IEnumerable`1 commandBatches, IRelationalConnection connection, CancellationToken cancellationToken)
   at Microsoft.EntityFrameworkCore.Update.Internal.BatchExecutor.ExecuteAsync(IEnumerable`1 commandBatches, IRelationalConnection connection, CancellationToken cancellationToken)
   at Microsoft.EntityFrameworkCore.ChangeTracking.Internal.StateManager.SaveChangesAsync(IList`1 entriesToSave, CancellationToken cancellationToken)
   at Microsoft.EntityFrameworkCore.ChangeTracking.Internal.StateManager.SaveChangesAsync(StateManager stateManager, Boolean acceptAllChangesOnSuccess, CancellationToken cancellationToken)
   at Microsoft.EntityFrameworkCore.DbContext.SaveChangesAsync(Boolean acceptAllChangesOnSuccess, CancellationToken cancellationToken)
[05:35:09 ERR] An unhandled exception occurred during request POST /api/people. Request ID: 0HNFGUJ46SF8R, User: Anonymous {"SourceContext": "Api.Middleware.GlobalExceptionHandlingMiddleware", "RequestPath": "/api/people", "Application": "Crud.Api"}
System.InvalidOperationException: Failed to create person. Please check that all referenced roles exist.
 ---&gt; Microsoft.EntityFrameworkCore.DbUpdateException: An error occurred while saving the entity changes. See the inner exception for details.
 ---&gt; Microsoft.Data.Sqlite.SqliteException (0x80004005): SQLite Error 19: 'UNIQUE constraint failed: Roles.Name'.
   at Microsoft.Data.Sqlite.SqliteException.ThrowExceptionForRC(Int32 rc, sqlite3 db)
   at Microsoft.Data.Sqlite.SqliteDataReader.NextResult()
   at Microsoft.Data.Sqlite.SqliteCommand.ExecuteReader(CommandBehavior behavior)
   at Microsoft.Data.Sqlite.SqliteCommand.ExecuteDbDataReaderAsync(CommandBehavior behavior, CancellationToken cancellationToken)
   at Microsoft.EntityFrameworkCore.Storage.RelationalCommand.ExecuteReaderAsync(RelationalCommandParameterObject parameterObject, CancellationToken cancellationToken)
   at Microsoft.EntityFrameworkCore.Storage.RelationalCommand.ExecuteReaderAsync(RelationalCommandParameterObject parameterObject, CancellationToken cancellationToken)
   at Microsoft.EntityFrameworkCore.Update.ReaderModificationCommandBatch.ExecuteAsync(IRelationalConnection connection, CancellationToken cancellationToken)
   --- End of inner exception stack trace ---
   at Microsoft.EntityFrameworkCore.Update.ReaderModificationCommandBatch.ExecuteAsync(IRelationalConnection connection, CancellationToken cancellationToken)
   at Microsoft.EntityFrameworkCore.Update.Internal.BatchExecutor.ExecuteAsync(IEnumerable`1 commandBatches, IRelationalConnection connection, CancellationToken cancellationToken)
   at Microsoft.EntityFrameworkCore.Update.Internal.BatchExecutor.ExecuteAsync(IEnumerable`1 commandBatches, IRelationalConnection connection, CancellationToken cancellationToken)
   at Microsoft.EntityFrameworkCore.Update.Internal.BatchExecutor.ExecuteAsync(IEnumerable`1 commandBatches, IRelationalConnection connection, CancellationToken cancellationToken)
   at Microsoft.EntityFrameworkCore.ChangeTracking.Internal.StateManager.SaveChangesAsync(IList`1 entriesToSave, CancellationToken cancellationToken)
   at Microsoft.EntityFrameworkCore.ChangeTracking.Internal.StateManager.SaveChangesAsync(StateManager stateManager, Boolean acceptAllChangesOnSuccess, CancellationToken cancellationToken)
   at Microsoft.EntityFrameworkCore.DbContext.SaveChangesAsync(Boolean acceptAllChangesOnSuccess, CancellationToken cancellationToken)
   at Microsoft.EntityFrameworkCore.DbContext.SaveChangesAsync(Boolean acceptAllChangesOnSuccess, CancellationToken cancellationToken)
   at Infrastructure.Resilience.DbContextResilienceExtensions.&lt;&gt;c__DisplayClass0_0.&lt;&lt;SaveChangesWithRetryAsync&gt;b__0&gt;d.MoveNext() in /home/runner/work/Crud/Crud/src/Infrastructure/Resilience/ResilientDbContext.cs:line 72
--- End of stack trace from previous location ---
   at Polly.CircuitBreaker.AsyncCircuitBreakerPolicy.&lt;&gt;c__DisplayClass8_0`1.&lt;&lt;ImplementationAsync&gt;b__0&gt;d.MoveNext()
--- End of stack trace from previous location ---
   at Polly.CircuitBreaker.AsyncCircuitBreakerEngine.ImplementationAsync[TResult](Func`3 action, Context context, Boolean continueOnCapturedContext, ExceptionPredicates shouldHandleExceptionPredicates, ResultPredicates`1 shouldHandleResultPredicates, ICircuitController`1 breakerController, CancellationToken cancellationToken)
   at Polly.CircuitBreaker.AsyncCircuitBreakerPolicy.ImplementationAsync[TResult](Func`3 action, Context context, CancellationToken cancellationToken, Boolean continueOnCapturedContext)
   at Polly.AsyncPolicy.ExecuteInternalAsync[TResult](Func`3 action, Context context, Boolean continueOnCapturedContext, CancellationToken cancellationToken)
   at Polly.Retry.AsyncRetryEngine.ImplementationAsync[TResult](Func`3 action, Context context, ExceptionPredicates shouldRetryExceptionPredicates, ResultPredicates`1 shouldRetryResultPredicates, Func`5 onRetryAsync, CancellationToken cancellationToken, Int32 permittedRetryCount, IEnumerable`1 sleepDurationsEnumerable, Func`4 sleepDurationProvider, Boolean continueOnCapturedContext)
   at Polly.AsyncPolicy.ExecuteInternalAsync[TResult](Func`3 action, Context context, Boolean continueOnCapturedContext, CancellationToken cancellationToken)
   at Polly.AsyncPolicy.ExecuteInternalAsync[TResult](Func`3 action, Context context, Boolean continueOnCapturedContext, CancellationToken cancellationToken)
   at Polly.Timeout.AsyncTimeoutEngine.ImplementationAsync[TResult](Func`3 action, Context context, Func`2 timeoutProvider, TimeoutStrategy timeoutStrategy, Func`5 onTimeoutAsync, Boolean continueOnCapturedContext, CancellationToken cancellationToken)
   at Polly.Timeout.AsyncTimeoutEngine.ImplementationAsync[TResult](Func`3 action, Context context, Func`2 timeoutProvider, TimeoutStrategy timeoutStrategy, Func`5 onTimeoutAsync, Boolean continueOnCapturedContext, CancellationToken cancellationToken)
   at Polly.AsyncPolicy.ExecuteInternalAsync[TResult](Func`3 action, Context context, Boolean continueOnCapturedContext, CancellationToken cancellationToken)
   at Polly.AsyncPolicy.ExecuteInternalAsync[TResult](Func`3 action, Context context, Boolean continueOnCapturedContext, CancellationToken cancellationToken)
   at Infrastructure.Resilience.DbContextResilienceExtensions.SaveChangesWithRetryAsync(DbContext context, ILogger logger, CancellationToken cancellationToken) in /home/runner/work/Crud/Crud/src/Infrastructure/Resilience/ResilientDbContext.cs:line 70
   at Infrastructure.Repositories.EntityFramework.EfPersonRepository.AddAsync(Person person, CancellationToken ct) in /home/runner/work/Crud/Crud/src/Infrastructure/Repositories/EntityFramework/EfPersonRepository.cs:line 37
   --- End of inner exception stack trace ---
   at Infrastructure.Repositories.EntityFramework.EfPersonRepository.AddAsync(Person person, CancellationToken ct) in /home/runner/work/Crud/Crud/src/Infrastructure/Repositories/EntityFramework/EfPersonRepository.cs:line 42
   at Infrastructure.Services.Caching.CachedPersonRepositoryDecorator.AddAsync(Person entity, CancellationToken cancellationToken) in /home/runner/work/Crud/Crud/src/Infrastructure/Services/Caching/CachedRepositoryDecorator.cs:line 190
   at App.Features.People.CreatePersonCommandHandler.Handle(CreatePersonCommand request, CancellationToken cancellationToken) in /home/runner/work/Crud/Crud/src/App/Features/People/CommandHandlers.cs:line 23
   at App.Behaviors.CacheInvalidationBehavior`2.Handle(TRequest request, RequestHandlerDelegate`1 next, CancellationToken cancellationToken)
   at App.Behaviors.CachingBehavior`2.Handle(TRequest request, RequestHandlerDelegate`1 next, CancellationToken cancellationToken)
   at App.Behaviors.ValidationBehavior`2.Handle(TRequest request, RequestHandlerDelegate`1 next, CancellationToken cancellationToken)
   at Api.Controllers.PeopleController.Create(CreatePersonRequest request, CancellationToken ct) in /home/runner/work/Crud/Crud/src/Api/Controllers/PeopleController.cs:line 73
   at lambda_method1651(Closure, Object)
   at Microsoft.AspNetCore.Mvc.Infrastructure.ActionMethodExecutor.AwaitableObjectResultExecutor.Execute(ActionContext actionContext, IActionResultTypeMapper mapper, ObjectMethodExecutor executor, Object controller, Object[] arguments)
   at Microsoft.AspNetCore.Mvc.Infrastructure.ControllerActionInvoker.&lt;InvokeActionMethodAsync&gt;g__Logged|12_1(ControllerActionInvoker invoker)
   at Microsoft.AspNetCore.Mvc.Infrastructure.ControllerActionInvoker.&lt;InvokeNextActionFilterAsync&gt;g__Awaited|10_0(ControllerActionInvoker invoker, Task lastTask, State next, Scope scope, Object state, Boolean isCompleted)
   at Microsoft.AspNetCore.Mvc.Infrastructure.ControllerActionInvoker.Rethrow(ActionExecutedContextSealed context)
   at Microsoft.AspNetCore.Mvc.Infrastructure.ControllerActionInvoker.Next(State&amp; next, Scope&amp; scope, Object&amp; state, Boolean&amp; isCompleted)
   at Microsoft.AspNetCore.Mvc.Infrastructure.ControllerActionInvoker.InvokeInnerFilterAsync()
--- End of stack trace from previous location ---
   at Microsoft.AspNetCore.Mvc.Infrastructure.ResourceInvoker.&lt;InvokeFilterPipelineAsync&gt;g__Awaited|20_0(ResourceInvoker invoker, Task lastTask, State next, Scope scope, Object state, Boolean isCompleted)
   at Microsoft.AspNetCore.Mvc.Infrastructure.ResourceInvoker.&lt;InvokeAsync&gt;g__Logged|17_1(ResourceInvoker invoker)
   at Microsoft.AspNetCore.Mvc.Infrastructure.ResourceInvoker.&lt;InvokeAsync&gt;g__Logged|17_1(ResourceInvoker invoker)
   at Microsoft.AspNetCore.Authorization.AuthorizationMiddleware.Invoke(HttpContext context)
   at Microsoft.AspNetCore.Authentication.AuthenticationMiddleware.Invoke(HttpContext context)
   at Microsoft.AspNetCore.RateLimiting.RateLimitingMiddleware.InvokeInternal(HttpContext context, EnableRateLimitingAttribute enableRateLimitingAttribute)
   at Api.Middleware.GlobalExceptionHandlingMiddleware.InvokeAsync(HttpContext context) in /home/runner/work/Crud/Crud/src/Api/Middleware/GlobalExceptionHandlingMiddleware.cs:line 27
Activity.TraceId:            c4c64d4eb355ec9b15a5acdef1854b3b
Activity.SpanId:             2fd75554c409a9ad
Activity.TraceFlags:         Recorded
Activity.ActivitySourceName: Microsoft.AspNetCore
Activity.DisplayName:        POST api/People
Activity.Kind:               Server
Activity.StartTime:          2025-09-11T05:35:09.5096278Z
Activity.Duration:           00:00:00.0076708
Activity.Tags:
    server.address: localhost
    http.request.method: POST
    url.scheme: http
    url.path: /api/people
    network.protocol.version: 1.1
    http.route: api/People
    http.response.status_code: 409
Resource associated with Activity:
    deployment.environment: Testing
    service.name: Crud.Api
    service.version: 1.0.0
    service.instance.id: 15081513-c9e4-4e0d-aac5-97a71d5ef649
    telemetry.sdk.name: opentelemetry
    telemetry.sdk.language: dotnet
    telemetry.sdk.version: 1.8.1
[05:35:09 INF] User logged in successfully: f22684d8-4290-47cf-abcc-930ec4d9d3fa {"SourceContext": "App.Features.Authentication.LoginCommandHandler", "ActionId": "e0ed94e6-7bce-4203-9d4a-c7fead139839", "ActionName": "Api.Controllers.AuthController.Login (Api)", "RequestId": "0HNFGUJ46SF8N", "RequestPath": "/api/auth/login", "Application": "Crud.Api"}
Activity.TraceId:            f158150eb9209bf52f0b236cd1127e91
Activity.SpanId:             a55d9001746dad77
Activity.TraceFlags:         Recorded
Activity.ActivitySourceName: Microsoft.AspNetCore
Activity.DisplayName:        POST api/Auth/login
Activity.Kind:               Server
Activity.StartTime:          2025-09-11T05:35:09.2112984Z
Activity.Duration:           00:00:00.3659165
Activity.Tags:
    server.address: localhost
    http.request.method: POST
    url.scheme: http
    url.path: /api/auth/login
    network.protocol.version: 1.1
    http.route: api/Auth/login
    http.response.status_code: 200
Resource associated with Activity:
    deployment.environment: Testing
    service.name: Crud.Api
    service.version: 1.0.0
    service.instance.id: 15081513-c9e4-4e0d-aac5-97a71d5ef649
    telemetry.sdk.name: opentelemetry
    telemetry.sdk.language: dotnet
    telemetry.sdk.version: 1.8.1
[05:35:09 DBG] Cache hit for key: entity:role:a42ca56304db4e6980d9edf15752bc75 {"SourceContext": "Infrastructure.Services.Caching.InMemoryCacheService", "ActionId": "efc82f6f-bc52-4967-b688-708b1ee05f53", "ActionName": "Api.Controllers.PeopleController.Create (Api)", "RequestId": "0HNFGUJ46SF8S", "RequestPath": "/api/people", "Application": "Crud.Api"}
[05:35:09 ERR] Failed executing DbCommand (0ms) [Parameters=[@p0='a42ca563-04db-4e69-80d9-edf15752bc75', @p1='2025-09-11T05:35:08.4356304' (DbType = DateTime), @p2='Test' (Size = 4), @p3='TestRole_705ef405dd494e1ba6f09143f8b7f8e6' (Nullable = false) (Size = 41), @p4=NULL (DbType = Binary), @p5=NULL (DbType = DateTime)], CommandType='Text', CommandTimeout='30']
INSERT INTO "Roles" ("Id", "CreatedAt", "Description", "Name", "RowVersion", "UpdatedAt")
VALUES (@p0, @p1, @p2, @p3, @p4, @p5); {"EventId": {"Id": 20102, "Name": "Microsoft.EntityFrameworkCore.Database.Command.CommandError"}, "SourceContext": "Microsoft.EntityFrameworkCore.Database.Command", "ActionId": "efc82f6f-bc52-4967-b688-708b1ee05f53", "ActionName": "Api.Controllers.PeopleController.Create (Api)", "RequestId": "0HNFGUJ46SF8S", "RequestPath": "/api/people", "Application": "Crud.Api"}
[05:35:09 ERR] An exception occurred in the database while saving changes for context type 'Infrastructure.Data.ApplicationDbContext'.
Microsoft.EntityFrameworkCore.DbUpdateException: An error occurred while saving the entity changes. See the inner exception for details.
 ---&gt; Microsoft.Data.Sqlite.SqliteException (0x80004005): SQLite Error 19: 'UNIQUE constraint failed: Roles.Name'.
   at Microsoft.Data.Sqlite.SqliteException.ThrowExceptionForRC(Int32 rc, sqlite3 db)
   at Microsoft.Data.Sqlite.SqliteDataReader.NextResult()
   at Microsoft.Data.Sqlite.SqliteCommand.ExecuteReader(CommandBehavior behavior)
   at Microsoft.Data.Sqlite.SqliteCommand.ExecuteDbDataReaderAsync(CommandBehavior behavior, CancellationToken cancellationToken)
   at Microsoft.EntityFrameworkCore.Storage.RelationalCommand.ExecuteReaderAsync(RelationalCommandParameterObject parameterObject, CancellationToken cancellationToken)
   at Microsoft.EntityFrameworkCore.Storage.RelationalCommand.ExecuteReaderAsync(RelationalCommandParameterObject parameterObject, CancellationToken cancellationToken)
   at Microsoft.EntityFrameworkCore.Update.ReaderModificationCommandBatch.ExecuteAsync(IRelationalConnection connection, CancellationToken cancellationToken)
   --- End of inner exception stack trace ---
   at Microsoft.EntityFrameworkCore.Update.ReaderModificationCommandBatch.ExecuteAsync(IRelationalConnection connection, CancellationToken cancellationToken)
   at Microsoft.EntityFrameworkCore.Update.Internal.BatchExecutor.ExecuteAsync(IEnumerable`1 commandBatches, IRelationalConnection connection, CancellationToken cancellationToken)
   at Microsoft.EntityFrameworkCore.Update.Internal.BatchExecutor.ExecuteAsync(IEnumerable`1 commandBatches, IRelationalConnection connection, CancellationToken cancellationToken)
   at Microsoft.EntityFrameworkCore.Update.Internal.BatchExecutor.ExecuteAsync(IEnumerable`1 commandBatches, IRelationalConnection connection, CancellationToken cancellationToken)
   at Microsoft.EntityFrameworkCore.ChangeTracking.Internal.StateManager.SaveChangesAsync(IList`1 entriesToSave, CancellationToken cancellationToken)
   at Microsoft.EntityFrameworkCore.ChangeTracking.Internal.StateManager.SaveChangesAsync(StateManager stateManager, Boolean acceptAllChangesOnSuccess, CancellationToken cancellationToken)
   at Microsoft.EntityFrameworkCore.DbContext.SaveChangesAsync(Boolean acceptAllChangesOnSuccess, CancellationToken cancellationToken) {"EventId": {"Id": 10000, "Name": "Microsoft.EntityFrameworkCore.Update.SaveChangesFailed"}, "SourceContext": "Microsoft.EntityFrameworkCore.Update", "ActionId": "efc82f6f-bc52-4967-b688-708b1ee05f53", "ActionName": "Api.Controllers.PeopleController.Create (Api)", "RequestId": "0HNFGUJ46SF8S", "RequestPath": "/api/people", "Application": "Crud.Api"}
Microsoft.EntityFrameworkCore.DbUpdateException: An error occurred while saving the entity changes. See the inner exception for details.
 ---&gt; Microsoft.Data.Sqlite.SqliteException (0x80004005): SQLite Error 19: 'UNIQUE constraint failed: Roles.Name'.
   at Microsoft.Data.Sqlite.SqliteException.ThrowExceptionForRC(Int32 rc, sqlite3 db)
   at Microsoft.Data.Sqlite.SqliteDataReader.NextResult()
   at Microsoft.Data.Sqlite.SqliteCommand.ExecuteReader(CommandBehavior behavior)
   at Microsoft.Data.Sqlite.SqliteCommand.ExecuteDbDataReaderAsync(CommandBehavior behavior, CancellationToken cancellationToken)
   at Microsoft.EntityFrameworkCore.Storage.RelationalCommand.ExecuteReaderAsync(RelationalCommandParameterObject parameterObject, CancellationToken cancellationToken)
   at Microsoft.EntityFrameworkCore.Storage.RelationalCommand.ExecuteReaderAsync(RelationalCommandParameterObject parameterObject, CancellationToken cancellationToken)
   at Microsoft.EntityFrameworkCore.Update.ReaderModificationCommandBatch.ExecuteAsync(IRelationalConnection connection, CancellationToken cancellationToken)
   --- End of inner exception stack trace ---
   at Microsoft.EntityFrameworkCore.Update.ReaderModificationCommandBatch.ExecuteAsync(IRelationalConnection connection, CancellationToken cancellationToken)
   at Microsoft.EntityFrameworkCore.Update.Internal.BatchExecutor.ExecuteAsync(IEnumerable`1 commandBatches, IRelationalConnection connection, CancellationToken cancellationToken)
   at Microsoft.EntityFrameworkCore.Update.Internal.BatchExecutor.ExecuteAsync(IEnumerable`1 commandBatches, IRelationalConnection connection, CancellationToken cancellationToken)
   at Microsoft.EntityFrameworkCore.Update.Internal.BatchExecutor.ExecuteAsync(IEnumerable`1 commandBatches, IRelationalConnection connection, CancellationToken cancellationToken)
   at Microsoft.EntityFrameworkCore.ChangeTracking.Internal.StateManager.SaveChangesAsync(IList`1 entriesToSave, CancellationToken cancellationToken)
   at Microsoft.EntityFrameworkCore.ChangeTracking.Internal.StateManager.SaveChangesAsync(StateManager stateManager, Boolean acceptAllChangesOnSuccess, CancellationToken cancellationToken)
   at Microsoft.EntityFrameworkCore.DbContext.SaveChangesAsync(Boolean acceptAllChangesOnSuccess, CancellationToken cancellationToken)
[05:35:09 ERR] An unhandled exception occurred during request POST /api/people. Request ID: 0HNFGUJ46SF8S, User: Anonymous {"SourceContext": "Api.Middleware.GlobalExceptionHandlingMiddleware", "RequestPath": "/api/people", "Application": "Crud.Api"}
System.InvalidOperationException: Failed to create person. Please check that all referenced roles exist.
 ---&gt; Microsoft.EntityFrameworkCore.DbUpdateException: An error occurred while saving the entity changes. See the inner exception for details.
 ---&gt; Microsoft.Data.Sqlite.SqliteException (0x80004005): SQLite Error 19: 'UNIQUE constraint failed: Roles.Name'.
   at Microsoft.Data.Sqlite.SqliteException.ThrowExceptionForRC(Int32 rc, sqlite3 db)
   at Microsoft.Data.Sqlite.SqliteDataReader.NextResult()
   at Microsoft.Data.Sqlite.SqliteCommand.ExecuteReader(CommandBehavior behavior)
   at Microsoft.Data.Sqlite.SqliteCommand.ExecuteDbDataReaderAsync(CommandBehavior behavior, CancellationToken cancellationToken)
   at Microsoft.EntityFrameworkCore.Storage.RelationalCommand.ExecuteReaderAsync(RelationalCommandParameterObject parameterObject, CancellationToken cancellationToken)
   at Microsoft.EntityFrameworkCore.Storage.RelationalCommand.ExecuteReaderAsync(RelationalCommandParameterObject parameterObject, CancellationToken cancellationToken)
   at Microsoft.EntityFrameworkCore.Update.ReaderModificationCommandBatch.ExecuteAsync(IRelationalConnection connection, CancellationToken cancellationToken)
   --- End of inner exception stack trace ---
   at Microsoft.EntityFrameworkCore.Update.ReaderModificationCommandBatch.ExecuteAsync(IRelationalConnection connection, CancellationToken cancellationToken)
   at Microsoft.EntityFrameworkCore.Update.Internal.BatchExecutor.ExecuteAsync(IEnumerable`1 commandBatches, IRelationalConnection connection, CancellationToken cancellationToken)
   at Microsoft.EntityFrameworkCore.Update.Internal.BatchExecutor.ExecuteAsync(IEnumerable`1 commandBatches, IRelationalConnection connection, CancellationToken cancellationToken)
   at Microsoft.EntityFrameworkCore.Update.Internal.BatchExecutor.ExecuteAsync(IEnumerable`1 commandBatches, IRelationalConnection connection, CancellationToken cancellationToken)
   at Microsoft.EntityFrameworkCore.ChangeTracking.Internal.StateManager.SaveChangesAsync(IList`1 entriesToSave, CancellationToken cancellationToken)
   at Microsoft.EntityFrameworkCore.ChangeTracking.Internal.StateManager.SaveChangesAsync(StateManager stateManager, Boolean acceptAllChangesOnSuccess, CancellationToken cancellationToken)
   at Microsoft.EntityFrameworkCore.DbContext.SaveChangesAsync(Boolean acceptAllChangesOnSuccess, CancellationToken cancellationToken)
   at Microsoft.EntityFrameworkCore.DbContext.SaveChangesAsync(Boolean acceptAllChangesOnSuccess, CancellationToken cancellationToken)
   at Infrastructure.Resilience.DbContextResilienceExtensions.&lt;&gt;c__DisplayClass0_0.&lt;&lt;SaveChangesWithRetryAsync&gt;b__0&gt;d.MoveNext() in /home/runner/work/Crud/Crud/src/Infrastructure/Resilience/ResilientDbContext.cs:line 72
--- End of stack trace from previous location ---
   at Polly.CircuitBreaker.AsyncCircuitBreakerPolicy.&lt;&gt;c__DisplayClass8_0`1.&lt;&lt;ImplementationAsync&gt;b__0&gt;d.MoveNext()
--- End of stack trace from previous location ---
   at Polly.CircuitBreaker.AsyncCircuitBreakerEngine.ImplementationAsync[TResult](Func`3 action, Context context, Boolean continueOnCapturedContext, ExceptionPredicates shouldHandleExceptionPredicates, ResultPredicates`1 shouldHandleResultPredicates, ICircuitController`1 breakerController, CancellationToken cancellationToken)
   at Polly.CircuitBreaker.AsyncCircuitBreakerPolicy.ImplementationAsync[TResult](Func`3 action, Context context, CancellationToken cancellationToken, Boolean continueOnCapturedContext)
   at Polly.AsyncPolicy.ExecuteInternalAsync[TResult](Func`3 action, Context context, Boolean continueOnCapturedContext, CancellationToken cancellationToken)
   at Polly.Retry.AsyncRetryEngine.ImplementationAsync[TResult](Func`3 action, Context context, ExceptionPredicates shouldRetryExceptionPredicates, ResultPredicates`1 shouldRetryResultPredicates, Func`5 onRetryAsync, CancellationToken cancellationToken, Int32 permittedRetryCount, IEnumerable`1 sleepDurationsEnumerable, Func`4 sleepDurationProvider, Boolean continueOnCapturedContext)
   at Polly.AsyncPolicy.ExecuteInternalAsync[TResult](Func`3 action, Context context, Boolean continueOnCapturedContext, CancellationToken cancellationToken)
   at Polly.AsyncPolicy.ExecuteInternalAsync[TResult](Func`3 action, Context context, Boolean continueOnCapturedContext, CancellationToken cancellationToken)
   at Polly.Timeout.AsyncTimeoutEngine.ImplementationAsync[TResult](Func`3 action, Context context, Func`2 timeoutProvider, TimeoutStrategy timeoutStrategy, Func`5 onTimeoutAsync, Boolean continueOnCapturedContext, CancellationToken cancellationToken)
   at Polly.Timeout.AsyncTimeoutEngine.ImplementationAsync[TResult](Func`3 action, Context context, Func`2 timeoutProvider, TimeoutStrategy timeoutStrategy, Func`5 onTimeoutAsync, Boolean continueOnCapturedContext, CancellationToken cancellationToken)
   at Polly.AsyncPolicy.ExecuteInternalAsync[TResult](Func`3 action, Context context, Boolean continueOnCapturedContext, CancellationToken cancellationToken)
   at Polly.AsyncPolicy.ExecuteInternalAsync[TResult](Func`3 action, Context context, Boolean continueOnCapturedContext, CancellationToken cancellationToken)
   at Infrastructure.Resilience.DbContextResilienceExtensions.SaveChangesWithRetryAsync(DbContext context, ILogger logger, CancellationToken cancellationToken) in /home/runner/work/Crud/Crud/src/Infrastructure/Resilience/ResilientDbContext.cs:line 70
   at Infrastructure.Repositories.EntityFramework.EfPersonRepository.AddAsync(Person person, CancellationToken ct) in /home/runner/work/Crud/Crud/src/Infrastructure/Repositories/EntityFramework/EfPersonRepository.cs:line 37
   --- End of inner exception stack trace ---
   at Infrastructure.Repositories.EntityFramework.EfPersonRepository.AddAsync(Person person, CancellationToken ct) in /home/runner/work/Crud/Crud/src/Infrastructure/Repositories/EntityFramework/EfPersonRepository.cs:line 42
   at Infrastructure.Services.Caching.CachedPersonRepositoryDecorator.AddAsync(Person entity, CancellationToken cancellationToken) in /home/runner/work/Crud/Crud/src/Infrastructure/Services/Caching/CachedRepositoryDecorator.cs:line 190
   at App.Features.People.CreatePersonCommandHandler.Handle(CreatePersonCommand request, CancellationToken cancellationToken) in /home/runner/work/Crud/Crud/src/App/Features/People/CommandHandlers.cs:line 23
   at App.Behaviors.CacheInvalidationBehavior`2.Handle(TRequest request, RequestHandlerDelegate`1 next, CancellationToken cancellationToken)
   at App.Behaviors.CachingBehavior`2.Handle(TRequest request, RequestHandlerDelegate`1 next, CancellationToken cancellationToken)
   at App.Behaviors.ValidationBehavior`2.Handle(TRequest request, RequestHandlerDelegate`1 next, CancellationToken cancellationToken)
   at Api.Controllers.PeopleController.Create(CreatePersonRequest request, CancellationToken ct) in /home/runner/work/Crud/Crud/src/Api/Controllers/PeopleController.cs:line 73
   at lambda_method1651(Closure, Object)
   at Microsoft.AspNetCore.Mvc.Infrastructure.ActionMethodExecutor.AwaitableObjectResultExecutor.Execute(ActionContext actionContext, IActionResultTypeMapper mapper, ObjectMethodExecutor executor, Object controller, Object[] arguments)
   at Microsoft.AspNetCore.Mvc.Infrastructure.ControllerActionInvoker.&lt;InvokeActionMethodAsync&gt;g__Logged|12_1(ControllerActionInvoker invoker)
   at Microsoft.AspNetCore.Mvc.Infrastructure.ControllerActionInvoker.&lt;InvokeNextActionFilterAsync&gt;g__Awaited|10_0(ControllerActionInvoker invoker, Task lastTask, State next, Scope scope, Object state, Boolean isCompleted)
   at Microsoft.AspNetCore.Mvc.Infrastructure.ControllerActionInvoker.Rethrow(ActionExecutedContextSealed context)
   at Microsoft.AspNetCore.Mvc.Infrastructure.ControllerActionInvoker.Next(State&amp; next, Scope&amp; scope, Object&amp; state, Boolean&amp; isCompleted)
   at Microsoft.AspNetCore.Mvc.Infrastructure.ControllerActionInvoker.InvokeInnerFilterAsync()
--- End of stack trace from previous location ---
   at Microsoft.AspNetCore.Mvc.Infrastructure.ResourceInvoker.&lt;InvokeFilterPipelineAsync&gt;g__Awaited|20_0(ResourceInvoker invoker, Task lastTask, State next, Scope scope, Object state, Boolean isCompleted)
   at Microsoft.AspNetCore.Mvc.Infrastructure.ResourceInvoker.&lt;InvokeAsync&gt;g__Logged|17_1(ResourceInvoker invoker)
   at Microsoft.AspNetCore.Mvc.Infrastructure.ResourceInvoker.&lt;InvokeAsync&gt;g__Logged|17_1(ResourceInvoker invoker)
   at Microsoft.AspNetCore.Authorization.AuthorizationMiddleware.Invoke(HttpContext context)
   at Microsoft.AspNetCore.Authentication.AuthenticationMiddleware.Invoke(HttpContext context)
   at Microsoft.AspNetCore.RateLimiting.RateLimitingMiddleware.InvokeInternal(HttpContext context, EnableRateLimitingAttribute enableRateLimitingAttribute)
   at Api.Middleware.GlobalExceptionHandlingMiddleware.InvokeAsync(HttpContext context) in /home/runner/work/Crud/Crud/src/Api/Middleware/GlobalExceptionHandlingMiddleware.cs:line 27
Activity.TraceId:            10e2d2214a802a218024b95abb63b646
Activity.SpanId:             7ca54106180f6c1e
Activity.TraceFlags:         Recorded
Activity.ActivitySourceName: Microsoft.AspNetCore
Activity.DisplayName:        POST api/People
Activity.Kind:               Server
Activity.StartTime:          2025-09-11T05:35:09.5774005Z
Activity.Duration:           00:00:00.0081979
Activity.Tags:
    server.address: localhost
    http.request.method: POST
    url.scheme: http
    url.path: /api/people
    network.protocol.version: 1.1
    http.route: api/People
    http.response.status_code: 409
Resource associated with Activity:
    deployment.environment: Testing
    service.name: Crud.Api
    service.version: 1.0.0
    service.instance.id: 15081513-c9e4-4e0d-aac5-97a71d5ef649
    telemetry.sdk.name: opentelemetry
    telemetry.sdk.language: dotnet
    telemetry.sdk.version: 1.8.1
[05:35:09 DBG] Removed cache value for key: entity:person:4fa8996d6459465a9be3fa1e58e8011d {"SourceContext": "Infrastructure.Services.Caching.InMemoryCacheService", "ActionId": "efc82f6f-bc52-4967-b688-708b1ee05f53", "ActionName": "Api.Controllers.PeopleController.Create (Api)", "RequestId": "0HNFGUJ46SF8P", "RequestPath": "/api/people", "Application": "Crud.Api"}
[05:35:09 DBG] Removed cache value for key: list:person {"SourceContext": "Infrastructure.Services.Caching.InMemoryCacheService", "ActionId": "efc82f6f-bc52-4967-b688-708b1ee05f53", "ActionName": "Api.Controllers.PeopleController.Create (Api)", "RequestId": "0HNFGUJ46SF8P", "RequestPath": "/api/people", "Application": "Crud.Api"}
[05:35:09 DBG] Invalidating cache for entity type: people with tag: people {"SourceContext": "Api.Services.OutputCacheInvalidationService", "ActionId": "efc82f6f-bc52-4967-b688-708b1ee05f53", "ActionName": "Api.Controllers.PeopleController.Create (Api)", "RequestId": "0HNFGUJ46SF8P", "RequestPath": "/api/people", "Application": "Crud.Api"}
[05:35:09 INF] Successfully invalidated cache for entity type: people {"SourceContext": "Api.Services.OutputCacheInvalidationService", "ActionId": "efc82f6f-bc52-4967-b688-708b1ee05f53", "ActionName": "Api.Controllers.PeopleController.Create (Api)", "RequestId": "0HNFGUJ46SF8P", "RequestPath": "/api/people", "Application": "Crud.Api"}
Activity.TraceId:            d39e3c561860d93c39bf874a476e0ee8
Activity.SpanId:             3d757254513dddf5
Activity.TraceFlags:         Recorded
Activity.ActivitySourceName: Microsoft.AspNetCore
Activity.DisplayName:        POST api/People
Activity.Kind:               Server
Activity.StartTime:          2025-09-11T05:35:09.4852916Z
Activity.Duration:           00:00:00.1565533
Activity.Tags:
    server.address: localhost
    http.request.method: POST
    url.scheme: http
    url.path: /api/people
    network.protocol.version: 1.1
    http.route: api/People
    http.response.status_code: 201
Resource associated with Activity:
    deployment.environment: Testing
    service.name: Crud.Api
    service.version: 1.0.0
    service.instance.id: 15081513-c9e4-4e0d-aac5-97a71d5ef649
    telemetry.sdk.name: opentelemetry
    telemetry.sdk.language: dotnet
    telemetry.sdk.version: 1.8.1
[05:35:09 INF] User logged in successfully: bea48acb-d1c8-4452-92f1-e5271274fd75 {"SourceContext": "App.Features.Authentication.LoginCommandHandler", "ActionId": "e0ed94e6-7bce-4203-9d4a-c7fead139839", "ActionName": "Api.Controllers.AuthController.Login (Api)", "RequestId": "0HNFGUJ46SF8O", "RequestPath": "/api/auth/login", "Application": "Crud.Api"}
Activity.TraceId:            98600d4a91ea8d9b370354d413b3a5aa
Activity.SpanId:             79dda54643a1f475
Activity.TraceFlags:         Recorded
Activity.ActivitySourceName: Microsoft.AspNetCore
Activity.DisplayName:        POST api/Auth/login
Activity.Kind:               Server
Activity.StartTime:          2025-09-11T05:35:09.3389060Z
Activity.Duration:           00:00:00.3437140
Activity.Tags:
    server.address: localhost
    http.request.method: POST
    url.scheme: http
    url.path: /api/auth/login
    network.protocol.version: 1.1
    http.route: api/Auth/login
    http.response.status_code: 200
Resource associated with Activity:
    deployment.environment: Testing
    service.name: Crud.Api
    service.version: 1.0.0
    service.instance.id: 15081513-c9e4-4e0d-aac5-97a71d5ef649
    telemetry.sdk.name: opentelemetry
    telemetry.sdk.language: dotnet
    telemetry.sdk.version: 1.8.1
[05:35:09 DBG] Cache hit for key: entity:role:a42ca56304db4e6980d9edf15752bc75 {"SourceContext": "Infrastructure.Services.Caching.InMemoryCacheService", "ActionId": "efc82f6f-bc52-4967-b688-708b1ee05f53", "ActionName": "Api.Controllers.PeopleController.Create (Api)", "RequestId": "0HNFGUJ46SF8T", "RequestPath": "/api/people", "Application": "Crud.Api"}
[05:35:09 ERR] Failed executing DbCommand (0ms) [Parameters=[@p0='a42ca563-04db-4e69-80d9-edf15752bc75', @p1='2025-09-11T05:35:08.4356304' (DbType = DateTime), @p2='Test' (Size = 4), @p3='TestRole_705ef405dd494e1ba6f09143f8b7f8e6' (Nullable = false) (Size = 41), @p4=NULL (DbType = Binary), @p5=NULL (DbType = DateTime)], CommandType='Text', CommandTimeout='30']
INSERT INTO "Roles" ("Id", "CreatedAt", "Description", "Name", "RowVersion", "UpdatedAt")
VALUES (@p0, @p1, @p2, @p3, @p4, @p5); {"EventId": {"Id": 20102, "Name": "Microsoft.EntityFrameworkCore.Database.Command.CommandError"}, "SourceContext": "Microsoft.EntityFrameworkCore.Database.Command", "ActionId": "efc82f6f-bc52-4967-b688-708b1ee05f53", "ActionName": "Api.Controllers.PeopleController.Create (Api)", "RequestId": "0HNFGUJ46SF8T", "RequestPath": "/api/people", "Application": "Crud.Api"}
[05:35:09 ERR] An exception occurred in the database while saving changes for context type 'Infrastructure.Data.ApplicationDbContext'.
Microsoft.EntityFrameworkCore.DbUpdateException: An error occurred while saving the entity changes. See the inner exception for details.
 ---&gt; Microsoft.Data.Sqlite.SqliteException (0x80004005): SQLite Error 19: 'UNIQUE constraint failed: Roles.Name'.
   at Microsoft.Data.Sqlite.SqliteException.ThrowExceptionForRC(Int32 rc, sqlite3 db)
   at Microsoft.Data.Sqlite.SqliteDataReader.NextResult()
   at Microsoft.Data.Sqlite.SqliteCommand.ExecuteReader(CommandBehavior behavior)
   at Microsoft.Data.Sqlite.SqliteCommand.ExecuteDbDataReaderAsync(CommandBehavior behavior, CancellationToken cancellationToken)
   at Microsoft.EntityFrameworkCore.Storage.RelationalCommand.ExecuteReaderAsync(RelationalCommandParameterObject parameterObject, CancellationToken cancellationToken)
   at Microsoft.EntityFrameworkCore.Storage.RelationalCommand.ExecuteReaderAsync(RelationalCommandParameterObject parameterObject, CancellationToken cancellationToken)
   at Microsoft.EntityFrameworkCore.Update.ReaderModificationCommandBatch.ExecuteAsync(IRelationalConnection connection, CancellationToken cancellationToken)
   --- End of inner exception stack trace ---
   at Microsoft.EntityFrameworkCore.Update.ReaderModificationCommandBatch.ExecuteAsync(IRelationalConnection connection, CancellationToken cancellationToken)
   at Microsoft.EntityFrameworkCore.Update.Internal.BatchExecutor.ExecuteAsync(IEnumerable`1 commandBatches, IRelationalConnection connection, CancellationToken cancellationToken)
   at Microsoft.EntityFrameworkCore.Update.Internal.BatchExecutor.ExecuteAsync(IEnumerable`1 commandBatches, IRelationalConnection connection, CancellationToken cancellationToken)
   at Microsoft.EntityFrameworkCore.Update.Internal.BatchExecutor.ExecuteAsync(IEnumerable`1 commandBatches, IRelationalConnection connection, CancellationToken cancellationToken)
   at Microsoft.EntityFrameworkCore.ChangeTracking.Internal.StateManager.SaveChangesAsync(IList`1 entriesToSave, CancellationToken cancellationToken)
   at Microsoft.EntityFrameworkCore.ChangeTracking.Internal.StateManager.SaveChangesAsync(StateManager stateManager, Boolean acceptAllChangesOnSuccess, CancellationToken cancellationToken)
   at Microsoft.EntityFrameworkCore.DbContext.SaveChangesAsync(Boolean acceptAllChangesOnSuccess, CancellationToken cancellationToken) {"EventId": {"Id": 10000, "Name": "Microsoft.EntityFrameworkCore.Update.SaveChangesFailed"}, "SourceContext": "Microsoft.EntityFrameworkCore.Update", "ActionId": "efc82f6f-bc52-4967-b688-708b1ee05f53", "ActionName": "Api.Controllers.PeopleController.Create (Api)", "RequestId": "0HNFGUJ46SF8T", "RequestPath": "/api/people", "Application": "Crud.Api"}
Microsoft.EntityFrameworkCore.DbUpdateException: An error occurred while saving the entity changes. See the inner exception for details.
 ---&gt; Microsoft.Data.Sqlite.SqliteException (0x80004005): SQLite Error 19: 'UNIQUE constraint failed: Roles.Name'.
   at Microsoft.Data.Sqlite.SqliteException.ThrowExceptionForRC(Int32 rc, sqlite3 db)
   at Microsoft.Data.Sqlite.SqliteDataReader.NextResult()
   at Microsoft.Data.Sqlite.SqliteCommand.ExecuteReader(CommandBehavior behavior)
   at Microsoft.Data.Sqlite.SqliteCommand.ExecuteDbDataReaderAsync(CommandBehavior behavior, CancellationToken cancellationToken)
   at Microsoft.EntityFrameworkCore.Storage.RelationalCommand.ExecuteReaderAsync(RelationalCommandParameterObject parameterObject, CancellationToken cancellationToken)
   at Microsoft.EntityFrameworkCore.Storage.RelationalCommand.ExecuteReaderAsync(RelationalCommandParameterObject parameterObject, CancellationToken cancellationToken)
   at Microsoft.EntityFrameworkCore.Update.ReaderModificationCommandBatch.ExecuteAsync(IRelationalConnection connection, CancellationToken cancellationToken)
   --- End of inner exception stack trace ---
   at Microsoft.EntityFrameworkCore.Update.ReaderModificationCommandBatch.ExecuteAsync(IRelationalConnection connection, CancellationToken cancellationToken)
   at Microsoft.EntityFrameworkCore.Update.Internal.BatchExecutor.ExecuteAsync(IEnumerable`1 commandBatches, IRelationalConnection connection, CancellationToken cancellationToken)
   at Microsoft.EntityFrameworkCore.Update.Internal.BatchExecutor.ExecuteAsync(IEnumerable`1 commandBatches, IRelationalConnection connection, CancellationToken cancellationToken)
   at Microsoft.EntityFrameworkCore.Update.Internal.BatchExecutor.ExecuteAsync(IEnumerable`1 commandBatches, IRelationalConnection connection, CancellationToken cancellationToken)
   at Microsoft.EntityFrameworkCore.ChangeTracking.Internal.StateManager.SaveChangesAsync(IList`1 entriesToSave, CancellationToken cancellationToken)
   at Microsoft.EntityFrameworkCore.ChangeTracking.Internal.StateManager.SaveChangesAsync(StateManager stateManager, Boolean acceptAllChangesOnSuccess, CancellationToken cancellationToken)
   at Microsoft.EntityFrameworkCore.DbContext.SaveChangesAsync(Boolean acceptAllChangesOnSuccess, CancellationToken cancellationToken)
[05:35:09 ERR] An unhandled exception occurred during request POST /api/people. Request ID: 0HNFGUJ46SF8T, User: Anonymous {"SourceContext": "Api.Middleware.GlobalExceptionHandlingMiddleware", "RequestPath": "/api/people", "Application": "Crud.Api"}
System.InvalidOperationException: Failed to create person. Please check that all referenced roles exist.
 ---&gt; Microsoft.EntityFrameworkCore.DbUpdateException: An error occurred while saving the entity changes. See the inner exception for details.
 ---&gt; Microsoft.Data.Sqlite.SqliteException (0x80004005): SQLite Error 19: 'UNIQUE constraint failed: Roles.Name'.
   at Microsoft.Data.Sqlite.SqliteException.ThrowExceptionForRC(Int32 rc, sqlite3 db)
   at Microsoft.Data.Sqlite.SqliteDataReader.NextResult()
   at Microsoft.Data.Sqlite.SqliteCommand.ExecuteReader(CommandBehavior behavior)
   at Microsoft.Data.Sqlite.SqliteCommand.ExecuteDbDataReaderAsync(CommandBehavior behavior, CancellationToken cancellationToken)
   at Microsoft.EntityFrameworkCore.Storage.RelationalCommand.ExecuteReaderAsync(RelationalCommandParameterObject parameterObject, CancellationToken cancellationToken)
   at Microsoft.EntityFrameworkCore.Storage.RelationalCommand.ExecuteReaderAsync(RelationalCommandParameterObject parameterObject, CancellationToken cancellationToken)
   at Microsoft.EntityFrameworkCore.Update.ReaderModificationCommandBatch.ExecuteAsync(IRelationalConnection connection, CancellationToken cancellationToken)
   --- End of inner exception stack trace ---
   at Microsoft.EntityFrameworkCore.Update.ReaderModificationCommandBatch.ExecuteAsync(IRelationalConnection connection, CancellationToken cancellationToken)
   at Microsoft.EntityFrameworkCore.Update.Internal.BatchExecutor.ExecuteAsync(IEnumerable`1 commandBatches, IRelationalConnection connection, CancellationToken cancellationToken)
   at Microsoft.EntityFrameworkCore.Update.Internal.BatchExecutor.ExecuteAsync(IEnumerable`1 commandBatches, IRelationalConnection connection, CancellationToken cancellationToken)
   at Microsoft.EntityFrameworkCore.Update.Internal.BatchExecutor.ExecuteAsync(IEnumerable`1 commandBatches, IRelationalConnection connection, CancellationToken cancellationToken)
   at Microsoft.EntityFrameworkCore.ChangeTracking.Internal.StateManager.SaveChangesAsync(IList`1 entriesToSave, CancellationToken cancellationToken)
   at Microsoft.EntityFrameworkCore.ChangeTracking.Internal.StateManager.SaveChangesAsync(StateManager stateManager, Boolean acceptAllChangesOnSuccess, CancellationToken cancellationToken)
   at Microsoft.EntityFrameworkCore.DbContext.SaveChangesAsync(Boolean acceptAllChangesOnSuccess, CancellationToken cancellationToken)
   at Microsoft.EntityFrameworkCore.DbContext.SaveChangesAsync(Boolean acceptAllChangesOnSuccess, CancellationToken cancellationToken)
   at Infrastructure.Resilience.DbContextResilienceExtensions.&lt;&gt;c__DisplayClass0_0.&lt;&lt;SaveChangesWithRetryAsync&gt;b__0&gt;d.MoveNext() in /home/runner/work/Crud/Crud/src/Infrastructure/Resilience/ResilientDbContext.cs:line 72
--- End of stack trace from previous location ---
   at Polly.CircuitBreaker.AsyncCircuitBreakerPolicy.&lt;&gt;c__DisplayClass8_0`1.&lt;&lt;ImplementationAsync&gt;b__0&gt;d.MoveNext()
--- End of stack trace from previous location ---
   at Polly.CircuitBreaker.AsyncCircuitBreakerEngine.ImplementationAsync[TResult](Func`3 action, Context context, Boolean continueOnCapturedContext, ExceptionPredicates shouldHandleExceptionPredicates, ResultPredicates`1 shouldHandleResultPredicates, ICircuitController`1 breakerController, CancellationToken cancellationToken)
   at Polly.CircuitBreaker.AsyncCircuitBreakerPolicy.ImplementationAsync[TResult](Func`3 action, Context context, CancellationToken cancellationToken, Boolean continueOnCapturedContext)
   at Polly.AsyncPolicy.ExecuteInternalAsync[TResult](Func`3 action, Context context, Boolean continueOnCapturedContext, CancellationToken cancellationToken)
   at Polly.Retry.AsyncRetryEngine.ImplementationAsync[TResult](Func`3 action, Context context, ExceptionPredicates shouldRetryExceptionPredicates, ResultPredicates`1 shouldRetryResultPredicates, Func`5 onRetryAsync, CancellationToken cancellationToken, Int32 permittedRetryCount, IEnumerable`1 sleepDurationsEnumerable, Func`4 sleepDurationProvider, Boolean continueOnCapturedContext)
   at Polly.AsyncPolicy.ExecuteInternalAsync[TResult](Func`3 action, Context context, Boolean continueOnCapturedContext, CancellationToken cancellationToken)
   at Polly.AsyncPolicy.ExecuteInternalAsync[TResult](Func`3 action, Context context, Boolean continueOnCapturedContext, CancellationToken cancellationToken)
   at Polly.Timeout.AsyncTimeoutEngine.ImplementationAsync[TResult](Func`3 action, Context context, Func`2 timeoutProvider, TimeoutStrategy timeoutStrategy, Func`5 onTimeoutAsync, Boolean continueOnCapturedContext, CancellationToken cancellationToken)
   at Polly.Timeout.AsyncTimeoutEngine.ImplementationAsync[TResult](Func`3 action, Context context, Func`2 timeoutProvider, TimeoutStrategy timeoutStrategy, Func`5 onTimeoutAsync, Boolean continueOnCapturedContext, CancellationToken cancellationToken)
   at Polly.AsyncPolicy.ExecuteInternalAsync[TResult](Func`3 action, Context context, Boolean continueOnCapturedContext, CancellationToken cancellationToken)
   at Polly.AsyncPolicy.ExecuteInternalAsync[TResult](Func`3 action, Context context, Boolean continueOnCapturedContext, CancellationToken cancellationToken)
   at Infrastructure.Resilience.DbContextResilienceExtensions.SaveChangesWithRetryAsync(DbContext context, ILogger logger, CancellationToken cancellationToken) in /home/runner/work/Crud/Crud/src/Infrastructure/Resilience/ResilientDbContext.cs:line 70
   at Infrastructure.Repositories.EntityFramework.EfPersonRepository.AddAsync(Person person, CancellationToken ct) in /home/runner/work/Crud/Crud/src/Infrastructure/Repositories/EntityFramework/EfPersonRepository.cs:line 37
   --- End of inner exception stack trace ---
   at Infrastructure.Repositories.EntityFramework.EfPersonRepository.AddAsync(Person person, CancellationToken ct) in /home/runner/work/Crud/Crud/src/Infrastructure/Repositories/EntityFramework/EfPersonRepository.cs:line 42
   at Infrastructure.Services.Caching.CachedPersonRepositoryDecorator.AddAsync(Person entity, CancellationToken cancellationToken) in /home/runner/work/Crud/Crud/src/Infrastructure/Services/Caching/CachedRepositoryDecorator.cs:line 190
   at App.Features.People.CreatePersonCommandHandler.Handle(CreatePersonCommand request, CancellationToken cancellationToken) in /home/runner/work/Crud/Crud/src/App/Features/People/CommandHandlers.cs:line 23
   at App.Behaviors.CacheInvalidationBehavior`2.Handle(TRequest request, RequestHandlerDelegate`1 next, CancellationToken cancellationToken)
   at App.Behaviors.CachingBehavior`2.Handle(TRequest request, RequestHandlerDelegate`1 next, CancellationToken cancellationToken)
   at App.Behaviors.ValidationBehavior`2.Handle(TRequest request, RequestHandlerDelegate`1 next, CancellationToken cancellationToken)
   at Api.Controllers.PeopleController.Create(CreatePersonRequest request, CancellationToken ct) in /home/runner/work/Crud/Crud/src/Api/Controllers/PeopleController.cs:line 73
   at lambda_method1651(Closure, Object)
   at Microsoft.AspNetCore.Mvc.Infrastructure.ActionMethodExecutor.AwaitableObjectResultExecutor.Execute(ActionContext actionContext, IActionResultTypeMapper mapper, ObjectMethodExecutor executor, Object controller, Object[] arguments)
   at Microsoft.AspNetCore.Mvc.Infrastructure.ControllerActionInvoker.&lt;InvokeActionMethodAsync&gt;g__Logged|12_1(ControllerActionInvoker invoker)
   at Microsoft.AspNetCore.Mvc.Infrastructure.ControllerActionInvoker.&lt;InvokeNextActionFilterAsync&gt;g__Awaited|10_0(ControllerActionInvoker invoker, Task lastTask, State next, Scope scope, Object state, Boolean isCompleted)
   at Microsoft.AspNetCore.Mvc.Infrastructure.ControllerActionInvoker.Rethrow(ActionExecutedContextSealed context)
   at Microsoft.AspNetCore.Mvc.Infrastructure.ControllerActionInvoker.Next(State&amp; next, Scope&amp; scope, Object&amp; state, Boolean&amp; isCompleted)
   at Microsoft.AspNetCore.Mvc.Infrastructure.ControllerActionInvoker.InvokeInnerFilterAsync()
--- End of stack trace from previous location ---
   at Microsoft.AspNetCore.Mvc.Infrastructure.ResourceInvoker.&lt;InvokeFilterPipelineAsync&gt;g__Awaited|20_0(ResourceInvoker invoker, Task lastTask, State next, Scope scope, Object state, Boolean isCompleted)
   at Microsoft.AspNetCore.Mvc.Infrastructure.ResourceInvoker.&lt;InvokeAsync&gt;g__Logged|17_1(ResourceInvoker invoker)
   at Microsoft.AspNetCore.Mvc.Infrastructure.ResourceInvoker.&lt;InvokeAsync&gt;g__Logged|17_1(ResourceInvoker invoker)
   at Microsoft.AspNetCore.Authorization.AuthorizationMiddleware.Invoke(HttpContext context)
   at Microsoft.AspNetCore.Authentication.AuthenticationMiddleware.Invoke(HttpContext context)
   at Microsoft.AspNetCore.RateLimiting.RateLimitingMiddleware.InvokeInternal(HttpContext context, EnableRateLimitingAttribute enableRateLimitingAttribute)
   at Api.Middleware.GlobalExceptionHandlingMiddleware.InvokeAsync(HttpContext context) in /home/runner/work/Crud/Crud/src/Api/Middleware/GlobalExceptionHandlingMiddleware.cs:line 27
Activity.TraceId:            95527d8fd041a43111d0819fe917c9a7
Activity.SpanId:             ece8b79966dd0efe
Activity.TraceFlags:         Recorded
Activity.ActivitySourceName: Microsoft.AspNetCore
Activity.DisplayName:        POST api/People
Activity.Kind:               Server
Activity.StartTime:          2025-09-11T05:35:09.6828329Z
Activity.Duration:           00:00:00.0063423
Activity.Tags:
    server.address: localhost
    http.request.method: POST
    url.scheme: http
    url.path: /api/people
    network.protocol.version: 1.1
    http.route: api/People
    http.response.status_code: 409
Resource associated with Activity:
    deployment.environment: Testing
    service.name: Crud.Api
    service.version: 1.0.0
    service.instance.id: 15081513-c9e4-4e0d-aac5-97a71d5ef649
    telemetry.sdk.name: opentelemetry
    telemetry.sdk.language: dotnet
    telemetry.sdk.version: 1.8.1
[05:35:09 INF] User registered successfully: 0f346047-d1da-422e-bea1-99e0f05854cc {"SourceContext": "App.Features.Authentication.RegisterUserCommandHandler", "ActionId": "d9fd3d02-3066-41bc-9123-7b564ee4fb4d", "ActionName": "Api.Controllers.AuthController.Register (Api)", "RequestId": "0HNFGUJ46SF8U", "RequestPath": "/api/auth/register", "Application": "Crud.Api"}
Activity.TraceId:            0a27879fbf857ecdc449a5d555e85158
Activity.SpanId:             7fb95e6b28d8cbbb
Activity.TraceFlags:         Recorded
Activity.ActivitySourceName: Microsoft.AspNetCore
Activity.DisplayName:        POST api/Auth/register
Activity.Kind:               Server
Activity.StartTime:          2025-09-11T05:35:09.6894180Z
Activity.Duration:           00:00:00.2980912
Activity.Tags:
    server.address: localhost
    http.request.method: POST
    url.scheme: http
    url.path: /api/auth/register
    network.protocol.version: 1.1
    http.route: api/Auth/register
    http.response.status_code: 200
Resource associated with Activity:
    deployment.environment: Testing
    service.name: Crud.Api
    service.version: 1.0.0
    service.instance.id: 15081513-c9e4-4e0d-aac5-97a71d5ef649
    telemetry.sdk.name: opentelemetry
    telemetry.sdk.language: dotnet
    telemetry.sdk.version: 1.8.1
[05:35:09 DBG] Cache miss for key: list:person {"SourceContext": "Infrastructure.Services.Caching.InMemoryCacheService", "ActionId": "97d63a88-4b87-43bd-b86e-dca5a50c47f4", "ActionName": "Api.Controllers.PeopleController.List (Api)", "RequestId": "0HNFGUJ46SF8V", "RequestPath": "/api/people", "Application": "Crud.Api"}
[05:35:09 DBG] Set cache value for key: list:person {"SourceContext": "Infrastructure.Services.Caching.InMemoryCacheService", "ActionId": "97d63a88-4b87-43bd-b86e-dca5a50c47f4", "ActionName": "Api.Controllers.PeopleController.List (Api)", "RequestId": "0HNFGUJ46SF8V", "RequestPath": "/api/people", "Application": "Crud.Api"}
Activity.TraceId:            97b505bf61714dfe9c96cc3e61e7d8d9
Activity.SpanId:             962d7603579a90fc
Activity.TraceFlags:         Recorded
Activity.ActivitySourceName: Microsoft.AspNetCore
Activity.DisplayName:        GET api/People
Activity.Kind:               Server
Activity.StartTime:          2025-09-11T05:35:09.9876755Z
Activity.Duration:           00:00:00.0023946
Activity.Tags:
    server.address: localhost
    http.request.method: GET
    url.scheme: http
    url.path: /api/people
    network.protocol.version: 1.1
    http.route: api/People
    http.response.status_code: 200
Resource associated with Activity:
    deployment.environment: Testing
    service.name: Crud.Api
    service.version: 1.0.0
    service.instance.id: 15081513-c9e4-4e0d-aac5-97a71d5ef649
    telemetry.sdk.name: opentelemetry
    telemetry.sdk.language: dotnet
    telemetry.sdk.version: 1.8.1
[05:35:09 INF] Resetting database for worker 13364 {"SourceContext": "Infrastructure.Services.DatabaseTestService", "Application": "Crud.Api"}
[05:35:09 INF] Resetting database via file deletion for worker 13364 in CI environment {"SourceContext": "Infrastructure.Services.DatabaseTestService", "Application": "Crud.Api"}
[05:35:09 INF] Acquiring database mutex for worker 13364... {"SourceContext": "Infrastructure.Services.DatabaseTestService", "Application": "Crud.Api"}
[05:35:09 INF] Database mutex acquired for worker 13364 {"SourceContext": "Infrastructure.Services.DatabaseTestService", "Application": "Crud.Api"}
[05:35:09 INF] Current database state - CanConnect: True {"SourceContext": "Infrastructure.Services.DatabaseTestService", "Application": "Crud.Api"}
[05:35:09 INF] [Phase 0] Closing database connection for worker 13364... {"SourceContext": "Infrastructure.Services.DatabaseTestService", "Application": "Crud.Api"}
[05:35:09 INF] [Phase 0] Connection closed in 0.0007ms {"SourceContext": "Infrastructure.Services.DatabaseTestService", "Application": "Crud.Api"}
[05:35:09 INF] [Phase 1] Starting EnsureDeletedAsync for worker 13364... {"SourceContext": "Infrastructure.Services.DatabaseTestService", "Application": "Crud.Api"}
[05:35:09 INF] [Phase 1] EnsureDeletedAsync completed in 1.9716ms {"SourceContext": "Infrastructure.Services.DatabaseTestService", "Application": "Crud.Api"}
[05:35:10 INF] [Phase 2] Starting EnsureCreatedAsync for worker 13364... {"SourceContext": "Infrastructure.Services.DatabaseTestService", "Application": "Crud.Api"}
[05:35:10 INF] [Phase 2] EnsureCreatedAsync completed in 10.1487ms {"SourceContext": "Infrastructure.Services.DatabaseTestService", "Application": "Crud.Api"}
[05:35:10 INF] [Phase 3] Skipping database seeding as requested for worker 13364 {"SourceContext": "Infrastructure.Services.DatabaseTestService", "Application": "Crud.Api"}
[05:35:10 INF] Database reset via file deletion completed for worker 13364 in 113.0732ms (Close: 0.0007ms, Delete: 1.9716ms, Create: 10.1487ms) {"SourceContext": "Infrastructure.Services.DatabaseTestService", "Application": "Crud.Api"}
[05:35:10 INF] Releasing database mutex for worker 13364 {"SourceContext": "Infrastructure.Services.DatabaseTestService", "Application": "Crud.Api"}
Metric Name: http.server.active_requests, Number of active HTTP server requests., Unit: {request}, Meter: Microsoft.AspNetCore.Hosting
(2025-09-11T05:34:57.0700418Z, 2025-09-11T05:35:10.1056427Z] http.request.method: POST url.scheme: http LongSumNonMonotonic
Value: 0
(2025-09-11T05:34:57.0700418Z, 2025-09-11T05:35:10.1056427Z] http.request.method: GET url.scheme: http LongSumNonMonotonic
Value: 0
(2025-09-11T05:34:57.0700418Z, 2025-09-11T05:35:10.1056427Z] http.request.method: PATCH url.scheme: http LongSumNonMonotonic
Value: 0
Metric Name: http.server.request.duration, Duration of HTTP server requests., Unit: s, Meter: Microsoft.AspNetCore.Hosting
(2025-09-11T05:34:57.0700588Z, 2025-09-11T05:35:10.1056461Z] http.request.method: POST http.response.status_code: 200 http.route: api/Auth/register network.protocol.version: 1.1 url.scheme: http Histogram
Value: Sum: 12.1519894 Count: 37 Min: 0.2955945 Max: 0.5248752 
(-Infinity,0.005]:0
(0.005,0.01]:0
(0.01,0.025]:0
(0.025,0.05]:0
(0.05,0.075]:0
(0.075,0.1]:0
(0.1,0.25]:0
(0.25,0.5]:36
(0.5,0.75]:1
(0.75,1]:0
(1,2.5]:0
(2.5,5]:0
(5,7.5]:0
(7.5,10]:0
(10,+Infinity]:0
(2025-09-11T05:34:57.0700588Z, 2025-09-11T05:35:10.1056461Z] http.request.method: GET http.response.status_code: 200 http.route: api/People network.protocol.version: 1.1 url.scheme: http Histogram
Value: Sum: 0.024408700000000002 Count: 3 Min: 0.0005959 Max: 0.0214143 
(-Infinity,0.005]:2
(0.005,0.01]:0
(0.01,0.025]:1
(0.025,0.05]:0
(0.05,0.075]:0
(0.075,0.1]:0
(0.1,0.25]:0
(0.25,0.5]:0
(0.5,0.75]:0
(0.75,1]:0
(1,2.5]:0
(2.5,5]:0
(5,7.5]:0
(7.5,10]:0
(10,+Infinity]:0
(2025-09-11T05:34:57.0700588Z, 2025-09-11T05:35:10.1056461Z] http.request.method: GET http.response.status_code: 200 http.route: api/Walls network.protocol.version: 1.1 url.scheme: http Histogram
Value: Sum: 0.009776400000000001 Count: 2 Min: 0.0019246 Max: 0.0078518 
(-Infinity,0.005]:1
(0.005,0.01]:1
(0.01,0.025]:0
(0.025,0.05]:0
(0.05,0.075]:0
(0.075,0.1]:0
(0.1,0.25]:0
(0.25,0.5]:0
(0.5,0.75]:0
(0.75,1]:0
(1,2.5]:0
(2.5,5]:0
(5,7.5]:0
(7.5,10]:0
(10,+Infinity]:0
(2025-09-11T05:34:57.0700588Z, 2025-09-11T05:35:10.1056461Z] http.request.method: GET http.response.status_code: 200 http.route: api/Roles network.protocol.version: 1.1 url.scheme: http Histogram
Value: Sum: 0.014276299999999999 Count: 6 Min: 0.0005261 Max: 0.0066427 
(-Infinity,0.005]:5
(0.005,0.01]:1
(0.01,0.025]:0
(0.025,0.05]:0
(0.05,0.075]:0
(0.075,0.1]:0
(0.1,0.25]:0
(0.25,0.5]:0
(0.5,0.75]:0
(0.75,1]:0
(1,2.5]:0
(2.5,5]:0
(5,7.5]:0
(7.5,10]:0
(10,+Infinity]:0
(2025-09-11T05:34:57.0700588Z, 2025-09-11T05:35:10.1056461Z] http.request.method: GET http.response.status_code: 200 http.route: api/Windows network.protocol.version: 1.1 url.scheme: http Histogram
Value: Sum: 0.010851300000000001 Count: 2 Min: 0.00202 Max: 0.0088313 
(-Infinity,0.005]:1
(0.005,0.01]:1
(0.01,0.025]:0
(0.025,0.05]:0
(0.05,0.075]:0
(0.075,0.1]:0
(0.1,0.25]:0
(0.25,0.5]:0
(0.5,0.75]:0
(0.75,1]:0
(1,2.5]:0
(2.5,5]:0
(5,7.5]:0
(7.5,10]:0
(10,+Infinity]:0
(2025-09-11T05:34:57.0700588Z, 2025-09-11T05:35:10.1056461Z] http.request.method: POST http.response.status_code: 200 http.route: api/Auth/login network.protocol.version: 1.1 url.scheme: http Histogram
Value: Sum: 7.8344847 Count: 23 Min: 0.2957037 Max: 0.6739123 
(-Infinity,0.005]:0
(0.005,0.01]:0
(0.01,0.025]:0
(0.025,0.05]:0
(0.05,0.075]:0
(0.075,0.1]:0
(0.1,0.25]:0
(0.25,0.5]:22
(0.5,0.75]:1
(0.75,1]:0
(1,2.5]:0
(2.5,5]:0
(5,7.5]:0
(7.5,10]:0
(10,+Infinity]:0
(2025-09-11T05:34:57.0700588Z, 2025-09-11T05:35:10.1056461Z] http.request.method: POST http.response.status_code: 201 http.route: api/Walls network.protocol.version: 1.1 url.scheme: http Histogram
Value: Sum: 0.0121127 Count: 1 Min: 0.0121127 Max: 0.0121127 
(-Infinity,0.005]:0
(0.005,0.01]:0
(0.01,0.025]:1
(0.025,0.05]:0
(0.05,0.075]:0
(0.075,0.1]:0
(0.1,0.25]:0
(0.25,0.5]:0
(0.5,0.75]:0
(0.75,1]:0
(1,2.5]:0
(2.5,5]:0
(5,7.5]:0
(7.5,10]:0
(10,+Infinity]:0
(2025-09-11T05:34:57.0700588Z, 2025-09-11T05:35:10.1056461Z] http.request.method: POST http.response.status_code: 201 http.route: api/Roles network.protocol.version: 1.1 url.scheme: http Histogram
Value: Sum: 0.18951189999999998 Count: 12 Min: 0.0017883 Max: 0.1526494 
(-Infinity,0.005]:9
(0.005,0.01]:2
(0.01,0.025]:0
(0.025,0.05]:0
(0.05,0.075]:0
(0.075,0.1]:0
(0.1,0.25]:1
(0.25,0.5]:0
(0.5,0.75]:0
(0.75,1]:0
(1,2.5]:0
(2.5,5]:0
(5,7.5]:0
(7.5,10]:0
(10,+Infinity]:0
(2025-09-11T05:34:57.0700588Z, 2025-09-11T05:35:10.1056461Z] http.request.method: POST http.response.status_code: 201 http.route: api/Windows network.protocol.version: 1.1 url.scheme: http Histogram
Value: Sum: 0.0185159 Count: 1 Min: 0.0185159 Max: 0.0185159 
(-Infinity,0.005]:0
(0.005,0.01]:0
(0.01,0.025]:1
(0.025,0.05]:0
(0.05,0.075]:0
(0.075,0.1]:0
(0.1,0.25]:0
(0.25,0.5]:0
(0.5,0.75]:0
(0.75,1]:0
(1,2.5]:0
(2.5,5]:0
(5,7.5]:0
(7.5,10]:0
(10,+Infinity]:0
(2025-09-11T05:34:57.0700588Z, 2025-09-11T05:35:10.1056461Z] http.request.method: POST http.response.status_code: 201 http.route: api/People network.protocol.version: 1.1 url.scheme: http Histogram
Value: Sum: 0.167579 Count: 2 Min: 0.0110319 Max: 0.1565471 
(-Infinity,0.005]:0
(0.005,0.01]:0
(0.01,0.025]:1
(0.025,0.05]:0
(0.05,0.075]:0
(0.075,0.1]:0
(0.1,0.25]:1
(0.25,0.5]:0
(0.5,0.75]:0
(0.75,1]:0
(1,2.5]:0
(2.5,5]:0
(5,7.5]:0
(7.5,10]:0
(10,+Infinity]:0
(2025-09-11T05:34:57.0700588Z, 2025-09-11T05:35:10.1056461Z] http.request.method: PATCH http.response.status_code: 405 network.protocol.version: 1.1 url.scheme: http Histogram
Value: Sum: 0.0003732 Count: 1 Min: 0.0003732 Max: 0.0003732 
(-Infinity,0.005]:1
(0.005,0.01]:0
(0.01,0.025]:0
(0.025,0.05]:0
(0.05,0.075]:0
(0.075,0.1]:0
(0.1,0.25]:0
(0.25,0.5]:0
(0.5,0.75]:0
(0.75,1]:0
(1,2.5]:0
(2.5,5]:0
(5,7.5]:0
(7.5,10]:0
(10,+Infinity]:0
(2025-09-11T05:34:57.0700588Z, 2025-09-11T05:35:10.1056461Z] http.request.method: POST http.response.status_code: 400 http.route: api/Roles network.protocol.version: 1.1 url.scheme: http Histogram
Value: Sum: 0.0074521 Count: 2 Min: 0.0030812 Max: 0.0043709 
(-Infinity,0.005]:2
(0.005,0.01]:0
(0.01,0.025]:0
(0.025,0.05]:0
(0.05,0.075]:0
(0.075,0.1]:0
(0.1,0.25]:0
(0.25,0.5]:0
(0.5,0.75]:0
(0.75,1]:0
(1,2.5]:0
(2.5,5]:0
(5,7.5]:0
(7.5,10]:0
(10,+Infinity]:0
(2025-09-11T05:34:57.0700588Z, 2025-09-11T05:35:10.1056461Z] aspnetcore.request.is_unhandled: true http.request.method: GET http.response.status_code: 404 network.protocol.version: 1.1 url.scheme: http Histogram
Value: Sum: 0.0002638 Count: 1 Min: 0.0002638 Max: 0.0002638 
(-Infinity,0.005]:1
(0.005,0.01]:0
(0.01,0.025]:0
(0.025,0.05]:0
(0.05,0.075]:0
(0.075,0.1]:0
(0.1,0.25]:0
(0.25,0.5]:0
(0.5,0.75]:0
(0.75,1]:0
(1,2.5]:0
(2.5,5]:0
(5,7.5]:0
(7.5,10]:0
(10,+Infinity]:0
(2025-09-11T05:34:57.0700588Z, 2025-09-11T05:35:10.1056461Z] http.request.method: POST http.response.status_code: 409 http.route: api/People network.protocol.version: 1.1 url.scheme: http Histogram
Value: Sum: 0.0447309 Count: 4 Min: 0.0063373 Max: 0.0225298 
(-Infinity,0.005]:0
(0.005,0.01]:3
(0.01,0.025]:1
(0.025,0.05]:0
(0.05,0.075]:0
(0.075,0.1]:0
(0.1,0.25]:0
(0.25,0.5]:0
(0.5,0.75]:0
(0.75,1]:0
(1,2.5]:0
(2.5,5]:0
(5,7.5]:0
(7.5,10]:0
(10,+Infinity]:0
Metric Name: aspnetcore.rate_limiting.active_request_leases, Number of HTTP requests that are currently active on the server that hold a rate limiting lease., Unit: {request}, Meter: Microsoft.AspNetCore.RateLimiting
(2025-09-11T05:34:57.0720317Z, 2025-09-11T05:35:10.1056465Z] LongSumNonMonotonic
Value: 0
Metric Name: aspnetcore.rate_limiting.request_lease.duration, The duration of rate limiting leases held by HTTP requests on the server., Unit: s, Meter: Microsoft.AspNetCore.RateLimiting
(2025-09-11T05:34:57.0720503Z, 2025-09-11T05:35:10.1056471Z] Histogram
Value: Sum: 20.455055199999993 Count: 97 Min: 0.0001558 Max: 0.6738492 
(-Infinity,0.005]:24
(0.005,0.01]:6
(0.01,0.025]:5
(0.025,0.05]:0
(0.05,0.075]:0
(0.075,0.1]:0
(0.1,0.25]:2
(0.25,0.5]:58
(0.5,0.75]:2
(0.75,1]:0
(1,2.5]:0
(2.5,5]:0
(5,7.5]:0
(7.5,10]:0
(10,+Infinity]:0
Metric Name: aspnetcore.rate_limiting.requests, Number of requests that tried to acquire a rate limiting lease. Requests could be rejected by global or endpoint rate limiting policies. Or the request could be canceled while waiting for the lease., Unit: {request}, Meter: Microsoft.AspNetCore.RateLimiting
(2025-09-11T05:34:57.0720879Z, 2025-09-11T05:35:10.1056482Z] aspnetcore.rate_limiting.result: acquired LongSum
Value: 97
Metric Name: aspnetcore.routing.match_attempts, Number of requests that were attempted to be matched to an endpoint., Unit: {match_attempt}, Meter: Microsoft.AspNetCore.Routing
(2025-09-11T05:34:57.0729097Z, 2025-09-11T05:35:10.1056484Z] aspnetcore.routing.is_fallback: false aspnetcore.routing.match_status: success http.route: api/Auth/register LongSum
Value: 37
(2025-09-11T05:34:57.0729097Z, 2025-09-11T05:35:10.1056484Z] aspnetcore.routing.is_fallback: false aspnetcore.routing.match_status: success http.route: api/People LongSum
Value: 9
(2025-09-11T05:34:57.0729097Z, 2025-09-11T05:35:10.1056484Z] aspnetcore.routing.is_fallback: false aspnetcore.routing.match_status: success http.route: api/Walls LongSum
Value: 3
(2025-09-11T05:34:57.0729097Z, 2025-09-11T05:35:10.1056484Z] aspnetcore.routing.is_fallback: false aspnetcore.routing.match_status: success http.route: api/Roles LongSum
Value: 20
(2025-09-11T05:34:57.0729097Z, 2025-09-11T05:35:10.1056484Z] aspnetcore.routing.is_fallback: false aspnetcore.routing.match_status: success http.route: api/Windows LongSum
Value: 3
(2025-09-11T05:34:57.0729097Z, 2025-09-11T05:35:10.1056484Z] aspnetcore.routing.is_fallback: false aspnetcore.routing.match_status: success http.route: api/Auth/login LongSum
Value: 23
(2025-09-11T05:34:57.0729097Z, 2025-09-11T05:35:10.1056484Z] aspnetcore.routing.is_fallback: false aspnetcore.routing.match_status: success http.route: (missing) LongSum
Value: 1
(2025-09-11T05:34:57.0729097Z, 2025-09-11T05:35:10.1056484Z] aspnetcore.routing.match_status: failure LongSum
Value: 1
[05:35:10 INF] Starting Crud API application {"Application": "Crud.Api"}
[05:35:10 INF] Using SQLite provider with connection: Data Source=TestDatabase.db {"Application": "Crud.Api"}
[05:35:10 INF] Database ensured successfully {"Application": "Crud.Api"}
[05:35:10 INF] Application configured successfully. Starting web host... {"Application": "Crud.Api"}
[05:35:10 INF] Resetting database for worker 9569 {"SourceContext": "Infrastructure.Services.DatabaseTestService", "Application": "Crud.Api"}
[05:35:10 INF] Resetting database via file deletion for worker 9569 in CI environment {"SourceContext": "Infrastructure.Services.DatabaseTestService", "Application": "Crud.Api"}
[05:35:10 INF] Acquiring database mutex for worker 9569... {"SourceContext": "Infrastructure.Services.DatabaseTestService", "Application": "Crud.Api"}
[05:35:10 INF] Database mutex acquired for worker 9569 {"SourceContext": "Infrastructure.Services.DatabaseTestService", "Application": "Crud.Api"}
[05:35:10 INF] Current database state - CanConnect: True {"SourceContext": "Infrastructure.Services.DatabaseTestService", "Application": "Crud.Api"}
[05:35:10 INF] [Phase 0] Closing database connection for worker 9569... {"SourceContext": "Infrastructure.Services.DatabaseTestService", "Application": "Crud.Api"}
[05:35:10 INF] [Phase 0] Connection closed in 0.0007ms {"SourceContext": "Infrastructure.Services.DatabaseTestService", "Application": "Crud.Api"}
[05:35:10 INF] [Phase 1] Starting EnsureDeletedAsync for worker 9569... {"SourceContext": "Infrastructure.Services.DatabaseTestService", "Application": "Crud.Api"}
[05:35:10 INF] [Phase 1] EnsureDeletedAsync completed in 1.6038ms {"SourceContext": "Infrastructure.Services.DatabaseTestService", "Application": "Crud.Api"}
[05:35:10 INF] [Phase 2] Starting EnsureCreatedAsync for worker 9569... {"SourceContext": "Infrastructure.Services.DatabaseTestService", "Application": "Crud.Api"}
[05:35:10 INF] [Phase 2] EnsureCreatedAsync completed in 10.6603ms {"SourceContext": "Infrastructure.Services.DatabaseTestService", "Application": "Crud.Api"}
[05:35:10 INF] [Phase 3] Skipping database seeding as requested for worker 9569 {"SourceContext": "Infrastructure.Services.DatabaseTestService", "Application": "Crud.Api"}
[05:35:10 INF] Database reset via file deletion completed for worker 9569 in 113.7783ms (Close: 0.0007ms, Delete: 1.6038ms, Create: 10.6603ms) {"SourceContext": "Infrastructure.Services.DatabaseTestService", "Application": "Crud.Api"}
[05:35:10 INF] Releasing database mutex for worker 9569 {"SourceContext": "Infrastructure.Services.DatabaseTestService", "Application": "Crud.Api"}
[05:35:10 WRN] Failed to determine the https port for redirect. {"EventId": {"Id": 3, "Name": "FailedToDeterminePort"}, "SourceContext": "Microsoft.AspNetCore.HttpsPolicy.HttpsRedirectionMiddleware", "RequestId": "0HNFGUJ46SF90", "RequestPath": "/api/auth/register", "Application": "Crud.Api"}
[05:35:10 INF] User registered successfully: a9aeb7b1-f2f8-42c2-9183-83bb09b75363 {"SourceContext": "App.Features.Authentication.RegisterUserCommandHandler", "ActionId": "140950bd-e512-4166-9d4b-2d8546821411", "ActionName": "Api.Controllers.AuthController.Register (Api)", "RequestId": "0HNFGUJ46SF90", "RequestPath": "/api/auth/register", "Application": "Crud.Api"}
Activity.TraceId:            6cfa15d9e0c0529ae7f3139761ecaf8e
Activity.SpanId:             cadd8aa5eaa4bbcb
Activity.TraceFlags:         Recorded
Activity.ActivitySourceName: Microsoft.AspNetCore
Activity.DisplayName:        POST api/Auth/register
Activity.Kind:               Server
Activity.StartTime:          2025-09-11T05:35:10.2608479Z
Activity.Duration:           00:00:00.3039064
Activity.Tags:
    server.address: localhost
    http.request.method: POST
    url.scheme: http
    url.path: /api/auth/register
    network.protocol.version: 1.1
    http.route: api/Auth/register
    http.response.status_code: 200
Resource associated with Activity:
    deployment.environment: Testing
    service.name: Crud.Api
    service.version: 1.0.0
    service.instance.id: 15081513-c9e4-4e0d-aac5-97a71d5ef649
    telemetry.sdk.name: opentelemetry
    telemetry.sdk.language: dotnet
    telemetry.sdk.version: 1.8.1
[05:35:10 DBG] Cache miss for key: entity:person:11c2522424244ea085d17c228ef1f603 {"SourceContext": "Infrastructure.Services.Caching.InMemoryCacheService", "ActionId": "0a602081-4101-458e-b6c7-df92f22228ec", "ActionName": "Api.Controllers.PeopleController.Get (Api)", "RequestId": "0HNFGUJ46SF91", "RequestPath": "/api/people/11c25224-2424-4ea0-85d1-7c228ef1f603", "Application": "Crud.Api"}
[05:35:10 DBG] Set cache value for key: entity:person:11c2522424244ea085d17c228ef1f603 {"SourceContext": "Infrastructure.Services.Caching.InMemoryCacheService", "ActionId": "0a602081-4101-458e-b6c7-df92f22228ec", "ActionName": "Api.Controllers.PeopleController.Get (Api)", "RequestId": "0HNFGUJ46SF91", "RequestPath": "/api/people/11c25224-2424-4ea0-85d1-7c228ef1f603", "Application": "Crud.Api"}
Activity.TraceId:            20d5688ed0d410e0a085a5d20f58c418
Activity.SpanId:             0e6670245f04ed8c
Activity.TraceFlags:         Recorded
Activity.ActivitySourceName: Microsoft.AspNetCore
Activity.DisplayName:        GET api/People/{id:guid}
Activity.Kind:               Server
Activity.StartTime:          2025-09-11T05:35:10.5654211Z
Activity.Duration:           00:00:00.0107972
Activity.Tags:
    server.address: localhost
    http.request.method: GET
    url.scheme: http
    url.path: /api/people/11c25224-2424-4ea0-85d1-7c228ef1f603
    network.protocol.version: 1.1
    http.route: api/People/{id:guid}
    http.response.status_code: 200
Resource associated with Activity:
    deployment.environment: Testing
    service.name: Crud.Api
    service.version: 1.0.0
    service.instance.id: 15081513-c9e4-4e0d-aac5-97a71d5ef649
    telemetry.sdk.name: opentelemetry
    telemetry.sdk.language: dotnet
    telemetry.sdk.version: 1.8.1
[05:35:10 DBG] Cache hit for key: entity:person:11c2522424244ea085d17c228ef1f603 {"SourceContext": "Infrastructure.Services.Caching.InMemoryCacheService", "ActionId": "0a602081-4101-458e-b6c7-df92f22228ec", "ActionName": "Api.Controllers.PeopleController.Get (Api)", "RequestId": "0HNFGUJ46SF92", "RequestPath": "/api/people/11c25224-2424-4ea0-85d1-7c228ef1f603", "Application": "Crud.Api"}
Activity.TraceId:            ab83e9c13292ee529384c9a91351e9a7
Activity.SpanId:             f2818f6cadf96a3d
Activity.TraceFlags:         Recorded
Activity.ActivitySourceName: Microsoft.AspNetCore
Activity.DisplayName:        GET api/People/{id:guid}
Activity.Kind:               Server
Activity.StartTime:          2025-09-11T05:35:10.5765207Z
Activity.Duration:           00:00:00.0027657
Activity.Tags:
    server.address: localhost
    http.request.method: GET
    url.scheme: http
    url.path: /api/people/11c25224-2424-4ea0-85d1-7c228ef1f603
    network.protocol.version: 1.1
    http.route: api/People/{id:guid}
    http.response.status_code: 200
Resource associated with Activity:
    deployment.environment: Testing
    service.name: Crud.Api
    service.version: 1.0.0
    service.instance.id: 15081513-c9e4-4e0d-aac5-97a71d5ef649
    telemetry.sdk.name: opentelemetry
    telemetry.sdk.language: dotnet
    telemetry.sdk.version: 1.8.1
[05:35:10 INF] Resetting database for worker 9569 {"SourceContext": "Infrastructure.Services.DatabaseTestService", "Application": "Crud.Api"}
[05:35:10 INF] Resetting database via file deletion for worker 9569 in CI environment {"SourceContext": "Infrastructure.Services.DatabaseTestService", "Application": "Crud.Api"}
[05:35:10 INF] Acquiring database mutex for worker 9569... {"SourceContext": "Infrastructure.Services.DatabaseTestService", "Application": "Crud.Api"}
[05:35:10 INF] Database mutex acquired for worker 9569 {"SourceContext": "Infrastructure.Services.DatabaseTestService", "Application": "Crud.Api"}
[05:35:10 INF] Current database state - CanConnect: True {"SourceContext": "Infrastructure.Services.DatabaseTestService", "Application": "Crud.Api"}
[05:35:10 INF] [Phase 0] Closing database connection for worker 9569... {"SourceContext": "Infrastructure.Services.DatabaseTestService", "Application": "Crud.Api"}
[05:35:10 INF] [Phase 0] Connection closed in 0.0012ms {"SourceContext": "Infrastructure.Services.DatabaseTestService", "Application": "Crud.Api"}
[05:35:10 INF] [Phase 1] Starting EnsureDeletedAsync for worker 9569... {"SourceContext": "Infrastructure.Services.DatabaseTestService", "Application": "Crud.Api"}
[05:35:10 INF] [Phase 1] EnsureDeletedAsync completed in 1.8801ms {"SourceContext": "Infrastructure.Services.DatabaseTestService", "Application": "Crud.Api"}
[05:35:10 INF] [Phase 2] Starting EnsureCreatedAsync for worker 9569... {"SourceContext": "Infrastructure.Services.DatabaseTestService", "Application": "Crud.Api"}
[05:35:10 INF] [Phase 2] EnsureCreatedAsync completed in 15.4011ms {"SourceContext": "Infrastructure.Services.DatabaseTestService", "Application": "Crud.Api"}
[05:35:10 INF] [Phase 3] Skipping database seeding as requested for worker 9569 {"SourceContext": "Infrastructure.Services.DatabaseTestService", "Application": "Crud.Api"}
[05:35:10 INF] Database reset via file deletion completed for worker 9569 in 118.4075ms (Close: 0.0012ms, Delete: 1.8801ms, Create: 15.4011ms) {"SourceContext": "Infrastructure.Services.DatabaseTestService", "Application": "Crud.Api"}
[05:35:10 INF] Releasing database mutex for worker 9569 {"SourceContext": "Infrastructure.Services.DatabaseTestService", "Application": "Crud.Api"}
[xUnit.net 00:01:25.20]       Expected response2.StatusCode to be HttpStatusCode.NotModified {value: 304} because Server should return 304 when resource hasn't been modified, but found HttpStatusCode.OK {value: 200}.
[xUnit.net 00:01:25.20]       Stack Trace:
[xUnit.net 00:01:25.20]            at FluentAssertions.Execution.XUnit2TestFramework.Throw(String message)
[xUnit.net 00:01:25.20]            at FluentAssertions.Execution.TestFrameworkProvider.Throw(String message)
[xUnit.net 00:01:25.20]            at FluentAssertions.Execution.DefaultAssertionStrategy.HandleFailure(String message)
[xUnit.net 00:01:25.20]            at FluentAssertions.Execution.AssertionScope.FailWith(Func`1 failReasonFunc)
[xUnit.net 00:01:25.20]            at FluentAssertions.Primitives.EnumAssertions`2.Be(TEnum expected, String because, Object[] becauseArgs)
[xUnit.net 00:01:25.20]         /home/runner/work/Crud/Crud/test/Tests.Integration.Backend/OutputCaching/ConditionalRequestTests.cs(132,0): at Tests.Integration.Backend.OutputCaching.ConditionalRequestTests.&lt;GetRequest_WithIfModifiedSince_ShouldReturn304_WhenNotModified&gt;b__3_0()
[xUnit.net 00:01:25.20]         /home/runner/work/Crud/Crud/test/Tests.Integration.Backend/Infrastructure/IntegrationTestBase.cs(48,0): at Tests.Integration.Backend.Infrastructure.IntegrationTestBase.RunWithCleanDatabaseAsync(Func`1 testAction)
[xUnit.net 00:01:25.20]         /home/runner/work/Crud/Crud/test/Tests.Integration.Backend/Infrastructure/IntegrationTestBase.cs(53,0): at Tests.Integration.Backend.Infrastructure.IntegrationTestBase.RunWithCleanDatabaseAsync(Func`1 testAction)
[xUnit.net 00:01:25.20]         /home/runner/work/Crud/Crud/test/Tests.Integration.Backend/OutputCaching/ConditionalRequestTests.cs(107,0): at Tests.Integration.Backend.OutputCaching.ConditionalRequestTests.GetRequest_WithIfModifiedSince_ShouldReturn304_WhenNotModified()
[xUnit.net 00:01:25.20]         --- End of stack trace from previous location ---
[05:35:10 INF] Resetting database for worker 9569 {"SourceContext": "Infrastructure.Services.DatabaseTestService", "Application": "Crud.Api"}
[05:35:10 INF] Resetting database via file deletion for worker 9569 in CI environment {"SourceContext": "Infrastructure.Services.DatabaseTestService", "Application": "Crud.Api"}
[05:35:10 INF] Acquiring database mutex for worker 9569... {"SourceContext": "Infrastructure.Services.DatabaseTestService", "Application": "Crud.Api"}
[05:35:10 INF] Database mutex acquired for worker 9569 {"SourceContext": "Infrastructure.Services.DatabaseTestService", "Application": "Crud.Api"}
[05:35:10 INF] Current database state - CanConnect: True {"SourceContext": "Infrastructure.Services.DatabaseTestService", "Application": "Crud.Api"}
[05:35:10 INF] [Phase 0] Closing database connection for worker 9569... {"SourceContext": "Infrastructure.Services.DatabaseTestService", "Application": "Crud.Api"}
[05:35:10 INF] [Phase 0] Connection closed in 0.0006ms {"SourceContext": "Infrastructure.Services.DatabaseTestService", "Application": "Crud.Api"}
[05:35:10 INF] [Phase 1] Starting EnsureDeletedAsync for worker 9569... {"SourceContext": "Infrastructure.Services.DatabaseTestService", "Application": "Crud.Api"}
[05:35:10 INF] [Phase 1] EnsureDeletedAsync completed in 1.453ms {"SourceContext": "Infrastructure.Services.DatabaseTestService", "Application": "Crud.Api"}
[05:35:10 INF] [Phase 2] Starting EnsureCreatedAsync for worker 9569... {"SourceContext": "Infrastructure.Services.DatabaseTestService", "Application": "Crud.Api"}
[05:35:10 INF] [Phase 2] EnsureCreatedAsync completed in 8.4882ms {"SourceContext": "Infrastructure.Services.DatabaseTestService", "Application": "Crud.Api"}
[05:35:10 INF] [Phase 3] Skipping database seeding as requested for worker 9569 {"SourceContext": "Infrastructure.Services.DatabaseTestService", "Application": "Crud.Api"}
[05:35:10 INF] Database reset via file deletion completed for worker 9569 in 110.934ms (Close: 0.0006ms, Delete: 1.453ms, Create: 8.4882ms) {"SourceContext": "Infrastructure.Services.DatabaseTestService", "Application": "Crud.Api"}
[05:35:10 INF] Releasing database mutex for worker 9569 {"SourceContext": "Infrastructure.Services.DatabaseTestService", "Application": "Crud.Api"}
[05:35:11 INF] User registered successfully: df9a83b0-dbb2-493a-91ce-4b2934b706ed {"SourceContext": "App.Features.Authentication.RegisterUserCommandHandler", "ActionId": "140950bd-e512-4166-9d4b-2d8546821411", "ActionName": "Api.Controllers.AuthController.Register (Api)", "RequestId": "0HNFGUJ46SF93", "RequestPath": "/api/auth/register", "Application": "Crud.Api"}
Activity.TraceId:            78c43d8e505e442119b9baaf8b8c33a4
Activity.SpanId:             3b10425c536a7fe9
Activity.TraceFlags:         Recorded
Activity.ActivitySourceName: Microsoft.AspNetCore
Activity.DisplayName:        POST api/Auth/register
Activity.Kind:               Server
Activity.StartTime:          2025-09-11T05:35:10.8180360Z
Activity.Duration:           00:00:00.2969609
Activity.Tags:
    server.address: localhost
    http.request.method: POST
    url.scheme: http
    url.path: /api/auth/register
    network.protocol.version: 1.1
    http.route: api/Auth/register
    http.response.status_code: 200
Resource associated with Activity:
    deployment.environment: Testing
    service.name: Crud.Api
    service.version: 1.0.0
    service.instance.id: 15081513-c9e4-4e0d-aac5-97a71d5ef649
    telemetry.sdk.name: opentelemetry
    telemetry.sdk.language: dotnet
    telemetry.sdk.version: 1.8.1
[05:35:11 DBG] Cache miss for key: list:wall {"SourceContext": "Infrastructure.Services.Caching.InMemoryCacheService", "ActionId": "327b1188-df57-4b5b-8e46-c8bc88b78b05", "ActionName": "Api.Controllers.WallsController.List (Api)", "RequestId": "0HNFGUJ46SF94", "RequestPath": "/api/walls", "Application": "Crud.Api"}
[05:35:11 DBG] Set cache value for key: list:wall {"SourceContext": "Infrastructure.Services.Caching.InMemoryCacheService", "ActionId": "327b1188-df57-4b5b-8e46-c8bc88b78b05", "ActionName": "Api.Controllers.WallsController.List (Api)", "RequestId": "0HNFGUJ46SF94", "RequestPath": "/api/walls", "Application": "Crud.Api"}
Activity.TraceId:            f2a99cf31057e597cee852d908b65ee4
Activity.SpanId:             b2dda5057b2817b7
Activity.TraceFlags:         Recorded
Activity.ActivitySourceName: Microsoft.AspNetCore
Activity.DisplayName:        GET api/Walls
Activity.Kind:               Server
Activity.StartTime:          2025-09-11T05:35:11.1159586Z
Activity.Duration:           00:00:00.0099381
Activity.Tags:
    server.address: localhost
    http.request.method: GET
    url.scheme: http
    url.path: /api/walls
    network.protocol.version: 1.1
    http.route: api/Walls
    http.response.status_code: 200
Resource associated with Activity:
    deployment.environment: Testing
    service.name: Crud.Api
    service.version: 1.0.0
    service.instance.id: 15081513-c9e4-4e0d-aac5-97a71d5ef649
    telemetry.sdk.name: opentelemetry
    telemetry.sdk.language: dotnet
    telemetry.sdk.version: 1.8.1
[05:35:11 INF] Resetting database for worker 9569 {"SourceContext": "Infrastructure.Services.DatabaseTestService", "Application": "Crud.Api"}
[05:35:11 INF] Resetting database via file deletion for worker 9569 in CI environment {"SourceContext": "Infrastructure.Services.DatabaseTestService", "Application": "Crud.Api"}
[05:35:11 INF] Acquiring database mutex for worker 9569... {"SourceContext": "Infrastructure.Services.DatabaseTestService", "Application": "Crud.Api"}
[05:35:11 INF] Database mutex acquired for worker 9569 {"SourceContext": "Infrastructure.Services.DatabaseTestService", "Application": "Crud.Api"}
[05:35:11 INF] Current database state - CanConnect: True {"SourceContext": "Infrastructure.Services.DatabaseTestService", "Application": "Crud.Api"}
[05:35:11 INF] [Phase 0] Closing database connection for worker 9569... {"SourceContext": "Infrastructure.Services.DatabaseTestService", "Application": "Crud.Api"}
[05:35:11 INF] [Phase 0] Connection closed in 0.0009ms {"SourceContext": "Infrastructure.Services.DatabaseTestService", "Application": "Crud.Api"}
[05:35:11 INF] [Phase 1] Starting EnsureDeletedAsync for worker 9569... {"SourceContext": "Infrastructure.Services.DatabaseTestService", "Application": "Crud.Api"}
[05:35:11 INF] [Phase 1] EnsureDeletedAsync completed in 1.4294ms {"SourceContext": "Infrastructure.Services.DatabaseTestService", "Application": "Crud.Api"}
[05:35:11 INF] [Phase 2] Starting EnsureCreatedAsync for worker 9569... {"SourceContext": "Infrastructure.Services.DatabaseTestService", "Application": "Crud.Api"}
[05:35:11 INF] [Phase 2] EnsureCreatedAsync completed in 8.0608ms {"SourceContext": "Infrastructure.Services.DatabaseTestService", "Application": "Crud.Api"}
[05:35:11 INF] [Phase 3] Skipping database seeding as requested for worker 9569 {"SourceContext": "Infrastructure.Services.DatabaseTestService", "Application": "Crud.Api"}
[05:35:11 INF] Database reset via file deletion completed for worker 9569 in 110.0543ms (Close: 0.0009ms, Delete: 1.4294ms, Create: 8.0608ms) {"SourceContext": "Infrastructure.Services.DatabaseTestService", "Application": "Crud.Api"}
[05:35:11 INF] Releasing database mutex for worker 9569 {"SourceContext": "Infrastructure.Services.DatabaseTestService", "Application": "Crud.Api"}
[05:35:11 INF] Resetting database for worker 9569 {"SourceContext": "Infrastructure.Services.DatabaseTestService", "Application": "Crud.Api"}
[05:35:11 INF] Resetting database via file deletion for worker 9569 in CI environment {"SourceContext": "Infrastructure.Services.DatabaseTestService", "Application": "Crud.Api"}
[05:35:11 INF] Acquiring database mutex for worker 9569... {"SourceContext": "Infrastructure.Services.DatabaseTestService", "Application": "Crud.Api"}
[05:35:11 INF] Database mutex acquired for worker 9569 {"SourceContext": "Infrastructure.Services.DatabaseTestService", "Application": "Crud.Api"}
[05:35:11 INF] Current database state - CanConnect: True {"SourceContext": "Infrastructure.Services.DatabaseTestService", "Application": "Crud.Api"}
[05:35:11 INF] [Phase 0] Closing database connection for worker 9569... {"SourceContext": "Infrastructure.Services.DatabaseTestService", "Application": "Crud.Api"}
[05:35:11 INF] [Phase 0] Connection closed in 0.0005ms {"SourceContext": "Infrastructure.Services.DatabaseTestService", "Application": "Crud.Api"}
[05:35:11 INF] [Phase 1] Starting EnsureDeletedAsync for worker 9569... {"SourceContext": "Infrastructure.Services.DatabaseTestService", "Application": "Crud.Api"}
[05:35:11 INF] [Phase 1] EnsureDeletedAsync completed in 1.6173ms {"SourceContext": "Infrastructure.Services.DatabaseTestService", "Application": "Crud.Api"}
[05:35:11 INF] [Phase 2] Starting EnsureCreatedAsync for worker 9569... {"SourceContext": "Infrastructure.Services.DatabaseTestService", "Application": "Crud.Api"}
[05:35:11 INF] [Phase 2] EnsureCreatedAsync completed in 9.763ms {"SourceContext": "Infrastructure.Services.DatabaseTestService", "Application": "Crud.Api"}
[05:35:11 INF] [Phase 3] Skipping database seeding as requested for worker 9569 {"SourceContext": "Infrastructure.Services.DatabaseTestService", "Application": "Crud.Api"}
[05:35:11 INF] Database reset via file deletion completed for worker 9569 in 113.2685ms (Close: 0.0005ms, Delete: 1.6173ms, Create: 9.763ms) {"SourceContext": "Infrastructure.Services.DatabaseTestService", "Application": "Crud.Api"}
[05:35:11 INF] Releasing database mutex for worker 9569 {"SourceContext": "Infrastructure.Services.DatabaseTestService", "Application": "Crud.Api"}
[05:35:11 INF] User registered successfully: 3c470484-8f6f-4ee5-83f7-0f74e81ea5db {"SourceContext": "App.Features.Authentication.RegisterUserCommandHandler", "ActionId": "140950bd-e512-4166-9d4b-2d8546821411", "ActionName": "Api.Controllers.AuthController.Register (Api)", "RequestId": "0HNFGUJ46SF95", "RequestPath": "/api/auth/register", "Application": "Crud.Api"}
Activity.TraceId:            dd25246d65219cf878b2c6abeea6ec1a
Activity.SpanId:             055d3f0f4b86a58d
Activity.TraceFlags:         Recorded
Activity.ActivitySourceName: Microsoft.AspNetCore
Activity.DisplayName:        POST api/Auth/register
Activity.Kind:               Server
Activity.StartTime:          2025-09-11T05:35:11.3550194Z
Activity.Duration:           00:00:00.2981622
Activity.Tags:
    server.address: localhost
    http.request.method: POST
    url.scheme: http
    url.path: /api/auth/register
    network.protocol.version: 1.1
    http.route: api/Auth/register
    http.response.status_code: 200
Resource associated with Activity:
    deployment.environment: Testing
    service.name: Crud.Api
    service.version: 1.0.0
    service.instance.id: 15081513-c9e4-4e0d-aac5-97a71d5ef649
    telemetry.sdk.name: opentelemetry
    telemetry.sdk.language: dotnet
    telemetry.sdk.version: 1.8.1
[05:35:11 DBG] Cache miss for key: entity:person:89bd1e63a0b14f2ca528a5a50d7b17dc {"SourceContext": "Infrastructure.Services.Caching.InMemoryCacheService", "ActionId": "0a602081-4101-458e-b6c7-df92f22228ec", "ActionName": "Api.Controllers.PeopleController.Get (Api)", "RequestId": "0HNFGUJ46SF96", "RequestPath": "/api/people/89bd1e63-a0b1-4f2c-a528-a5a50d7b17dc", "Application": "Crud.Api"}
[05:35:11 DBG] Set cache value for key: entity:person:89bd1e63a0b14f2ca528a5a50d7b17dc {"SourceContext": "Infrastructure.Services.Caching.InMemoryCacheService", "ActionId": "0a602081-4101-458e-b6c7-df92f22228ec", "ActionName": "Api.Controllers.PeopleController.Get (Api)", "RequestId": "0HNFGUJ46SF96", "RequestPath": "/api/people/89bd1e63-a0b1-4f2c-a528-a5a50d7b17dc", "Application": "Crud.Api"}
Activity.TraceId:            dd5b61738c780c816f27c4e2a0a258bd
Activity.SpanId:             c9dbaf0263448026
Activity.TraceFlags:         Recorded
Activity.ActivitySourceName: Microsoft.AspNetCore
Activity.DisplayName:        GET api/People/{id:guid}
Activity.Kind:               Server
Activity.StartTime:          2025-09-11T05:35:11.6538546Z
Activity.Duration:           00:00:00.0036046
Activity.Tags:
    server.address: localhost
    http.request.method: GET
    url.scheme: http
    url.path: /api/people/89bd1e63-a0b1-4f2c-a528-a5a50d7b17dc
    network.protocol.version: 1.1
    http.route: api/People/{id:guid}
    http.response.status_code: 200
Resource associated with Activity:
    deployment.environment: Testing
    service.name: Crud.Api
    service.version: 1.0.0
    service.instance.id: 15081513-c9e4-4e0d-aac5-97a71d5ef649
    telemetry.sdk.name: opentelemetry
    telemetry.sdk.language: dotnet
    telemetry.sdk.version: 1.8.1
[05:35:11 DBG] Cache hit for key: entity:person:89bd1e63a0b14f2ca528a5a50d7b17dc {"SourceContext": "Infrastructure.Services.Caching.InMemoryCacheService", "ActionId": "0a602081-4101-458e-b6c7-df92f22228ec", "ActionName": "Api.Controllers.PeopleController.Get (Api)", "RequestId": "0HNFGUJ46SF97", "RequestPath": "/api/people/89bd1e63-a0b1-4f2c-a528-a5a50d7b17dc", "Application": "Crud.Api"}
[05:35:11 DBG] Returning 304 Not Modified for /api/people/89bd1e63-a0b1-4f2c-a528-a5a50d7b17dc (ETag match) {"SourceContext": "Api.Filters.ConditionalRequestFilter", "ActionId": "0a602081-4101-458e-b6c7-df92f22228ec", "ActionName": "Api.Controllers.PeopleController.Get (Api)", "RequestId": "0HNFGUJ46SF97", "RequestPath": "/api/people/89bd1e63-a0b1-4f2c-a528-a5a50d7b17dc", "Application": "Crud.Api"}
Activity.TraceId:            7f291515d52e60d2ecdb21736ca1809b
Activity.SpanId:             af3c5b595d3ae527
Activity.TraceFlags:         Recorded
Activity.ActivitySourceName: Microsoft.AspNetCore
Activity.DisplayName:        GET api/People/{id:guid}
Activity.Kind:               Server
Activity.StartTime:          2025-09-11T05:35:11.6577112Z
Activity.Duration:           00:00:00.0008086
Activity.Tags:
    server.address: localhost
    http.request.method: GET
    url.scheme: http
    url.path: /api/people/89bd1e63-a0b1-4f2c-a528-a5a50d7b17dc
    network.protocol.version: 1.1
    http.route: api/People/{id:guid}
    http.response.status_code: 200
Resource associated with Activity:
    deployment.environment: Testing
    service.name: Crud.Api
    service.version: 1.0.0
    service.instance.id: 15081513-c9e4-4e0d-aac5-97a71d5ef649
    telemetry.sdk.name: opentelemetry
    telemetry.sdk.language: dotnet
    telemetry.sdk.version: 1.8.1
[05:35:11 INF] Resetting database for worker 9569 {"SourceContext": "Infrastructure.Services.DatabaseTestService", "Application": "Crud.Api"}
[05:35:11 INF] Resetting database via file deletion for worker 9569 in CI environment {"SourceContext": "Infrastructure.Services.DatabaseTestService", "Application": "Crud.Api"}
[05:35:11 INF] Acquiring database mutex for worker 9569... {"SourceContext": "Infrastructure.Services.DatabaseTestService", "Application": "Crud.Api"}
[05:35:11 INF] Database mutex acquired for worker 9569 {"SourceContext": "Infrastructure.Services.DatabaseTestService", "Application": "Crud.Api"}
[05:35:11 INF] Current database state - CanConnect: True {"SourceContext": "Infrastructure.Services.DatabaseTestService", "Application": "Crud.Api"}
[05:35:11 INF] [Phase 0] Closing database connection for worker 9569... {"SourceContext": "Infrastructure.Services.DatabaseTestService", "Application": "Crud.Api"}
[05:35:11 INF] [Phase 0] Connection closed in 0.0007ms {"SourceContext": "Infrastructure.Services.DatabaseTestService", "Application": "Crud.Api"}
[05:35:11 INF] [Phase 1] Starting EnsureDeletedAsync for worker 9569... {"SourceContext": "Infrastructure.Services.DatabaseTestService", "Application": "Crud.Api"}
[05:35:11 INF] [Phase 1] EnsureDeletedAsync completed in 2.0902ms {"SourceContext": "Infrastructure.Services.DatabaseTestService", "Application": "Crud.Api"}
[05:35:11 INF] [Phase 2] Starting EnsureCreatedAsync for worker 9569... {"SourceContext": "Infrastructure.Services.DatabaseTestService", "Application": "Crud.Api"}
[05:35:11 INF] [Phase 2] EnsureCreatedAsync completed in 9.7408ms {"SourceContext": "Infrastructure.Services.DatabaseTestService", "Application": "Crud.Api"}
[05:35:11 INF] [Phase 3] Skipping database seeding as requested for worker 9569 {"SourceContext": "Infrastructure.Services.DatabaseTestService", "Application": "Crud.Api"}
[05:35:11 INF] Database reset via file deletion completed for worker 9569 in 112.4357ms (Close: 0.0007ms, Delete: 2.0902ms, Create: 9.7408ms) {"SourceContext": "Infrastructure.Services.DatabaseTestService", "Application": "Crud.Api"}
[05:35:11 INF] Releasing database mutex for worker 9569 {"SourceContext": "Infrastructure.Services.DatabaseTestService", "Application": "Crud.Api"}
[xUnit.net 00:01:26.27]       Expected response2.StatusCode to be HttpStatusCode.NotModified {value: 304} because Server should return 304 when ETag matches, but found HttpStatusCode.OK {value: 200}.
[xUnit.net 00:01:26.27]       Stack Trace:
[xUnit.net 00:01:26.27]            at FluentAssertions.Execution.XUnit2TestFramework.Throw(String message)
[xUnit.net 00:01:26.27]            at FluentAssertions.Execution.TestFrameworkProvider.Throw(String message)
[05:35:11 INF] Resetting database for worker 9569 {"SourceContext": "Infrastructure.Services.DatabaseTestService", "Application": "Crud.Api"}
[xUnit.net 00:01:26.27]            at FluentAssertions.Execution.DefaultAssertionStrategy.HandleFailure(String message)
[xUnit.net 00:01:26.27]            at FluentAssertions.Execution.AssertionScope.FailWith(Func`1 failReasonFunc)
[xUnit.net 00:01:26.27]            at FluentAssertions.Primitives.EnumAssertions`2.Be(TEnum expected, String because, Object[] becauseArgs)
[xUnit.net 00:01:26.27]         /home/runner/work/Crud/Crud/test/Tests.Integration.Backend/OutputCaching/ConditionalRequestTests.cs(53,0): at Tests.Integration.Backend.OutputCaching.ConditionalRequestTests.&lt;GetRequest_WithIfNoneMatch_ShouldReturn304_WhenETagMatches&gt;b__1_0()
[xUnit.net 00:01:26.27]         /home/runner/work/Crud/Crud/test/Tests.Integration.Backend/Infrastructure/IntegrationTestBase.cs(48,0): at Tests.Integration.Backend.Infrastructure.IntegrationTestBase.RunWithCleanDatabaseAsync(Func`1 testAction)
[xUnit.net 00:01:26.27]         /home/runner/work/Crud/Crud/test/Tests.Integration.Backend/Infrastructure/IntegrationTestBase.cs(53,0): at Tests.Integration.Backend.Infrastructure.IntegrationTestBase.RunWithCleanDatabaseAsync(Func`1 testAction)
[05:35:11 INF] Resetting database via file deletion for worker 9569 in CI environment {"SourceContext": "Infrastructure.Services.DatabaseTestService", "Application": "Crud.Api"}
[05:35:11 INF] Acquiring database mutex for worker 9569... {"SourceContext": "Infrastructure.Services.DatabaseTestService", "Application": "Crud.Api"}
[05:35:11 INF] Database mutex acquired for worker 9569 {"SourceContext": "Infrastructure.Services.DatabaseTestService", "Application": "Crud.Api"}
[05:35:11 INF] Current database state - CanConnect: True {"SourceContext": "Infrastructure.Services.DatabaseTestService", "Application": "Crud.Api"}
[05:35:11 INF] [Phase 0] Closing database connection for worker 9569... {"SourceContext": "Infrastructure.Services.DatabaseTestService", "Application": "Crud.Api"}
[05:35:11 INF] [Phase 0] Connection closed in 0.0005ms {"SourceContext": "Infrastructure.Services.DatabaseTestService", "Application": "Crud.Api"}
[05:35:11 INF] [Phase 1] Starting EnsureDeletedAsync for worker 9569... {"SourceContext": "Infrastructure.Services.DatabaseTestService", "Application": "Crud.Api"}
[xUnit.net 00:01:26.27]         /home/runner/work/Crud/Crud/test/Tests.Integration.Backend/OutputCaching/ConditionalRequestTests.cs(28,0): at Tests.Integration.Backend.OutputCaching.ConditionalRequestTests.GetRequest_WithIfNoneMatch_ShouldReturn304_WhenETagMatches()
[xUnit.net 00:01:26.27]         --- End of stack trace from previous location ---
[05:35:11 INF] [Phase 1] EnsureDeletedAsync completed in 1.3877ms {"SourceContext": "Infrastructure.Services.DatabaseTestService", "Application": "Crud.Api"}
[05:35:11 INF] [Phase 2] Starting EnsureCreatedAsync for worker 9569... {"SourceContext": "Infrastructure.Services.DatabaseTestService", "Application": "Crud.Api"}
[05:35:11 INF] [Phase 2] EnsureCreatedAsync completed in 18.4639ms {"SourceContext": "Infrastructure.Services.DatabaseTestService", "Application": "Crud.Api"}
[05:35:11 INF] [Phase 3] Skipping database seeding as requested for worker 9569 {"SourceContext": "Infrastructure.Services.DatabaseTestService", "Application": "Crud.Api"}
[05:35:11 INF] Database reset via file deletion completed for worker 9569 in 121.6425ms (Close: 0.0005ms, Delete: 1.3877ms, Create: 18.4639ms) {"SourceContext": "Infrastructure.Services.DatabaseTestService", "Application": "Crud.Api"}
[05:35:11 INF] Releasing database mutex for worker 9569 {"SourceContext": "Infrastructure.Services.DatabaseTestService", "Application": "Crud.Api"}
[05:35:12 INF] User registered successfully: 88b0d183-2dda-4e47-8c7a-9d0273fff986 {"SourceContext": "App.Features.Authentication.RegisterUserCommandHandler", "ActionId": "140950bd-e512-4166-9d4b-2d8546821411", "ActionName": "Api.Controllers.AuthController.Register (Api)", "RequestId": "0HNFGUJ46SF98", "RequestPath": "/api/auth/register", "Application": "Crud.Api"}
Activity.TraceId:            5af30b952456cc10da98f1552b4b0d5f
Activity.SpanId:             b7ffe0536d7740b5
Activity.TraceFlags:         Recorded
Activity.ActivitySourceName: Microsoft.AspNetCore
Activity.DisplayName:        POST api/Auth/register
Activity.Kind:               Server
Activity.StartTime:          2025-09-11T05:35:11.9000792Z
Activity.Duration:           00:00:00.2970070
Activity.Tags:
    server.address: localhost
    http.request.method: POST
    url.scheme: http
    url.path: /api/auth/register
    network.protocol.version: 1.1
    http.route: api/Auth/register
    http.response.status_code: 200
Resource associated with Activity:
    deployment.environment: Testing
    service.name: Crud.Api
    service.version: 1.0.0
    service.instance.id: 15081513-c9e4-4e0d-aac5-97a71d5ef649
    telemetry.sdk.name: opentelemetry
    telemetry.sdk.language: dotnet
    telemetry.sdk.version: 1.8.1
[05:35:12 DBG] Cache miss for key: entity:person:6d8b5299b5f54181a56ee0611003e992 {"SourceContext": "Infrastructure.Services.Caching.InMemoryCacheService", "ActionId": "0a602081-4101-458e-b6c7-df92f22228ec", "ActionName": "Api.Controllers.PeopleController.Get (Api)", "RequestId": "0HNFGUJ46SF99", "RequestPath": "/api/people/6d8b5299-b5f5-4181-a56e-e0611003e992", "Application": "Crud.Api"}
[05:35:12 DBG] Set cache value for key: entity:person:6d8b5299b5f54181a56ee0611003e992 {"SourceContext": "Infrastructure.Services.Caching.InMemoryCacheService", "ActionId": "0a602081-4101-458e-b6c7-df92f22228ec", "ActionName": "Api.Controllers.PeopleController.Get (Api)", "RequestId": "0HNFGUJ46SF99", "RequestPath": "/api/people/6d8b5299-b5f5-4181-a56e-e0611003e992", "Application": "Crud.Api"}
Activity.TraceId:            3fb63987b3cef3325deb10f0243dd047
Activity.SpanId:             9c9f055a3ed30204
Activity.TraceFlags:         Recorded
Activity.ActivitySourceName: Microsoft.AspNetCore
Activity.DisplayName:        GET api/People/{id:guid}
Activity.Kind:               Server
Activity.StartTime:          2025-09-11T05:35:12.1977466Z
Activity.Duration:           00:00:00.0013186
Activity.Tags:
    server.address: localhost
    http.request.method: GET
    url.scheme: http
    url.path: /api/people/6d8b5299-b5f5-4181-a56e-e0611003e992
    network.protocol.version: 1.1
    http.route: api/People/{id:guid}
    http.response.status_code: 200
Resource associated with Activity:
    deployment.environment: Testing
    service.name: Crud.Api
    service.version: 1.0.0
    service.instance.id: 15081513-c9e4-4e0d-aac5-97a71d5ef649
    telemetry.sdk.name: opentelemetry
    telemetry.sdk.language: dotnet
    telemetry.sdk.version: 1.8.1
[05:35:12 INF] User registered successfully: 0db48e9e-5906-4106-800c-f6e1c57682e7 {"SourceContext": "App.Features.Authentication.RegisterUserCommandHandler", "ActionId": "140950bd-e512-4166-9d4b-2d8546821411", "ActionName": "Api.Controllers.AuthController.Register (Api)", "RequestId": "0HNFGUJ46SF9A", "RequestPath": "/api/auth/register", "Application": "Crud.Api"}
Activity.TraceId:            96c98c1ed4f16acb1ce7f3fc15a1789e
Activity.SpanId:             744b60f7600da920
Activity.TraceFlags:         Recorded
Activity.ActivitySourceName: Microsoft.AspNetCore
Activity.DisplayName:        POST api/Auth/register
Activity.Kind:               Server
Activity.StartTime:          2025-09-11T05:35:12.1993725Z
Activity.Duration:           00:00:00.2951884
Activity.Tags:
    server.address: localhost
    http.request.method: POST
    url.scheme: http
    url.path: /api/auth/register
    network.protocol.version: 1.1
    http.route: api/Auth/register
    http.response.status_code: 200
Resource associated with Activity:
    deployment.environment: Testing
    service.name: Crud.Api
    service.version: 1.0.0
    service.instance.id: 15081513-c9e4-4e0d-aac5-97a71d5ef649
    telemetry.sdk.name: opentelemetry
    telemetry.sdk.language: dotnet
    telemetry.sdk.version: 1.8.1
[05:35:12 INF] User logged in successfully: 0db48e9e-5906-4106-800c-f6e1c57682e7 {"SourceContext": "App.Features.Authentication.LoginCommandHandler", "ActionId": "5b64e643-38f6-40f7-aedb-8a5c9726cf8f", "ActionName": "Api.Controllers.AuthController.Login (Api)", "RequestId": "0HNFGUJ46SF9B", "RequestPath": "/api/auth/login", "Application": "Crud.Api"}
Activity.TraceId:            e92a0002f0c56f57ad57f76e92e989a2
Activity.SpanId:             6a29c5b2e894d657
Activity.TraceFlags:         Recorded
Activity.ActivitySourceName: Microsoft.AspNetCore
Activity.DisplayName:        POST api/Auth/login
Activity.Kind:               Server
Activity.StartTime:          2025-09-11T05:35:12.4954750Z
Activity.Duration:           00:00:00.2992966
Activity.Tags:
    server.address: localhost
    http.request.method: POST
    url.scheme: http
    url.path: /api/auth/login
    network.protocol.version: 1.1
    http.route: api/Auth/login
    http.response.status_code: 200
Resource associated with Activity:
    deployment.environment: Testing
    service.name: Crud.Api
    service.version: 1.0.0
    service.instance.id: 15081513-c9e4-4e0d-aac5-97a71d5ef649
    telemetry.sdk.name: opentelemetry
    telemetry.sdk.language: dotnet
    telemetry.sdk.version: 1.8.1
[05:35:12 DBG] Cache hit for key: entity:person:6d8b5299b5f54181a56ee0611003e992 {"SourceContext": "Infrastructure.Services.Caching.InMemoryCacheService", "ActionId": "315467d1-c86e-4296-9ed7-ee745f6024e3", "ActionName": "Api.Controllers.PeopleController.Update (Api)", "RequestId": "0HNFGUJ46SF9C", "RequestPath": "/api/people/6d8b5299-b5f5-4181-a56e-e0611003e992", "Application": "Crud.Api"}
[05:35:12 DBG] Removed cache value for key: entity:person:6d8b5299b5f54181a56ee0611003e992 {"SourceContext": "Infrastructure.Services.Caching.InMemoryCacheService", "ActionId": "315467d1-c86e-4296-9ed7-ee745f6024e3", "ActionName": "Api.Controllers.PeopleController.Update (Api)", "RequestId": "0HNFGUJ46SF9C", "RequestPath": "/api/people/6d8b5299-b5f5-4181-a56e-e0611003e992", "Application": "Crud.Api"}
[05:35:12 DBG] Removed cache value for key: list:person {"SourceContext": "Infrastructure.Services.Caching.InMemoryCacheService", "ActionId": "315467d1-c86e-4296-9ed7-ee745f6024e3", "ActionName": "Api.Controllers.PeopleController.Update (Api)", "RequestId": "0HNFGUJ46SF9C", "RequestPath": "/api/people/6d8b5299-b5f5-4181-a56e-e0611003e992", "Application": "Crud.Api"}
[05:35:12 DBG] Invalidating cache for entity: people/6d8b5299-b5f5-4181-a56e-e0611003e992 with tags: people, people:6d8b5299-b5f5-4181-a56e-e0611003e992 {"SourceContext": "Api.Services.OutputCacheInvalidationService", "ActionId": "315467d1-c86e-4296-9ed7-ee745f6024e3", "ActionName": "Api.Controllers.PeopleController.Update (Api)", "RequestId": "0HNFGUJ46SF9C", "RequestPath": "/api/people/6d8b5299-b5f5-4181-a56e-e0611003e992", "Application": "Crud.Api"}
[05:35:12 DBG] Successfully invalidated cache for tag: people {"SourceContext": "Api.Services.OutputCacheInvalidationService", "ActionId": "315467d1-c86e-4296-9ed7-ee745f6024e3", "ActionName": "Api.Controllers.PeopleController.Update (Api)", "RequestId": "0HNFGUJ46SF9C", "RequestPath": "/api/people/6d8b5299-b5f5-4181-a56e-e0611003e992", "Application": "Crud.Api"}
[05:35:12 DBG] Successfully invalidated cache for tag: people:6d8b5299-b5f5-4181-a56e-e0611003e992 {"SourceContext": "Api.Services.OutputCacheInvalidationService", "ActionId": "315467d1-c86e-4296-9ed7-ee745f6024e3", "ActionName": "Api.Controllers.PeopleController.Update (Api)", "RequestId": "0HNFGUJ46SF9C", "RequestPath": "/api/people/6d8b5299-b5f5-4181-a56e-e0611003e992", "Application": "Crud.Api"}
Activity.TraceId:            3ce206270a069f7bc44714f541cbcc1f
Activity.SpanId:             673fe6a610d28f0a
Activity.TraceFlags:         Recorded
Activity.ActivitySourceName: Microsoft.AspNetCore
Activity.DisplayName:        PUT api/People/{id:guid}
Activity.Kind:               Server
Activity.StartTime:          2025-09-11T05:35:12.7966682Z
Activity.Duration:           00:00:00.0056384
Activity.Tags:
    server.address: localhost
    http.request.method: PUT
    url.scheme: http
    url.path: /api/people/6d8b5299-b5f5-4181-a56e-e0611003e992
    network.protocol.version: 1.1
    http.route: api/People/{id:guid}
    http.response.status_code: 204
Resource associated with Activity:
    deployment.environment: Testing
    service.name: Crud.Api
    service.version: 1.0.0
    service.instance.id: 15081513-c9e4-4e0d-aac5-97a71d5ef649
    telemetry.sdk.name: opentelemetry
    telemetry.sdk.language: dotnet
    telemetry.sdk.version: 1.8.1
[05:35:12 DBG] Cache miss for key: entity:person:6d8b5299b5f54181a56ee0611003e992 {"SourceContext": "Infrastructure.Services.Caching.InMemoryCacheService", "ActionId": "0a602081-4101-458e-b6c7-df92f22228ec", "ActionName": "Api.Controllers.PeopleController.Get (Api)", "RequestId": "0HNFGUJ46SF9D", "RequestPath": "/api/people/6d8b5299-b5f5-4181-a56e-e0611003e992", "Application": "Crud.Api"}
[05:35:12 DBG] Set cache value for key: entity:person:6d8b5299b5f54181a56ee0611003e992 {"SourceContext": "Infrastructure.Services.Caching.InMemoryCacheService", "ActionId": "0a602081-4101-458e-b6c7-df92f22228ec", "ActionName": "Api.Controllers.PeopleController.Get (Api)", "RequestId": "0HNFGUJ46SF9D", "RequestPath": "/api/people/6d8b5299-b5f5-4181-a56e-e0611003e992", "Application": "Crud.Api"}
Activity.TraceId:            966f90b582e5077c02f3b1a80c03c6a2
Activity.SpanId:             440aab8a75163bc3
Activity.TraceFlags:         Recorded
Activity.ActivitySourceName: Microsoft.AspNetCore
Activity.DisplayName:        GET api/People/{id:guid}
Activity.Kind:               Server
Activity.StartTime:          2025-09-11T05:35:12.8024282Z
Activity.Duration:           00:00:00.0010976
Activity.Tags:
    server.address: localhost
    http.request.method: GET
    url.scheme: http
    url.path: /api/people/6d8b5299-b5f5-4181-a56e-e0611003e992
    network.protocol.version: 1.1
    http.route: api/People/{id:guid}
    http.response.status_code: 200
Resource associated with Activity:
    deployment.environment: Testing
    service.name: Crud.Api
    service.version: 1.0.0
    service.instance.id: 15081513-c9e4-4e0d-aac5-97a71d5ef649
    telemetry.sdk.name: opentelemetry
    telemetry.sdk.language: dotnet
    telemetry.sdk.version: 1.8.1
[05:35:12 INF] Resetting database for worker 9569 {"SourceContext": "Infrastructure.Services.DatabaseTestService", "Application": "Crud.Api"}
[05:35:12 INF] Resetting database via file deletion for worker 9569 in CI environment {"SourceContext": "Infrastructure.Services.DatabaseTestService", "Application": "Crud.Api"}
[05:35:12 INF] Acquiring database mutex for worker 9569... {"SourceContext": "Infrastructure.Services.DatabaseTestService", "Application": "Crud.Api"}
[05:35:12 INF] Database mutex acquired for worker 9569 {"SourceContext": "Infrastructure.Services.DatabaseTestService", "Application": "Crud.Api"}
[05:35:12 INF] Current database state - CanConnect: True {"SourceContext": "Infrastructure.Services.DatabaseTestService", "Application": "Crud.Api"}
[05:35:12 INF] [Phase 0] Closing database connection for worker 9569... {"SourceContext": "Infrastructure.Services.DatabaseTestService", "Application": "Crud.Api"}
[05:35:12 INF] [Phase 0] Connection closed in 0.0006ms {"SourceContext": "Infrastructure.Services.DatabaseTestService", "Application": "Crud.Api"}
[05:35:12 INF] [Phase 1] Starting EnsureDeletedAsync for worker 9569... {"SourceContext": "Infrastructure.Services.DatabaseTestService", "Application": "Crud.Api"}
[05:35:12 INF] [Phase 1] EnsureDeletedAsync completed in 1.2927ms {"SourceContext": "Infrastructure.Services.DatabaseTestService", "Application": "Crud.Api"}
[05:35:12 INF] [Phase 2] Starting EnsureCreatedAsync for worker 9569... {"SourceContext": "Infrastructure.Services.DatabaseTestService", "Application": "Crud.Api"}
[05:35:12 INF] [Phase 2] EnsureCreatedAsync completed in 7.9077ms {"SourceContext": "Infrastructure.Services.DatabaseTestService", "Application": "Crud.Api"}
[05:35:12 INF] [Phase 3] Skipping database seeding as requested for worker 9569 {"SourceContext": "Infrastructure.Services.DatabaseTestService", "Application": "Crud.Api"}
[05:35:12 INF] Database reset via file deletion completed for worker 9569 in 109.8567ms (Close: 0.0006ms, Delete: 1.2927ms, Create: 7.9077ms) {"SourceContext": "Infrastructure.Services.DatabaseTestService", "Application": "Crud.Api"}
[05:35:12 INF] Releasing database mutex for worker 9569 {"SourceContext": "Infrastructure.Services.DatabaseTestService", "Application": "Crud.Api"}
[05:35:12 INF] Resetting database for worker 9569 {"SourceContext": "Infrastructure.Services.DatabaseTestService", "Application": "Crud.Api"}
[05:35:12 INF] Resetting database via file deletion for worker 9569 in CI environment {"SourceContext": "Infrastructure.Services.DatabaseTestService", "Application": "Crud.Api"}
[05:35:12 INF] Acquiring database mutex for worker 9569... {"SourceContext": "Infrastructure.Services.DatabaseTestService", "Application": "Crud.Api"}
[05:35:12 INF] Database mutex acquired for worker 9569 {"SourceContext": "Infrastructure.Services.DatabaseTestService", "Application": "Crud.Api"}
[05:35:12 INF] Current database state - CanConnect: True {"SourceContext": "Infrastructure.Services.DatabaseTestService", "Application": "Crud.Api"}
[05:35:12 INF] [Phase 0] Closing database connection for worker 9569... {"SourceContext": "Infrastructure.Services.DatabaseTestService", "Application": "Crud.Api"}
[05:35:12 INF] [Phase 0] Connection closed in 0.0005ms {"SourceContext": "Infrastructure.Services.DatabaseTestService", "Application": "Crud.Api"}
[05:35:12 INF] [Phase 1] Starting EnsureDeletedAsync for worker 9569... {"SourceContext": "Infrastructure.Services.DatabaseTestService", "Application": "Crud.Api"}
[05:35:12 INF] [Phase 1] EnsureDeletedAsync completed in 1.376ms {"SourceContext": "Infrastructure.Services.DatabaseTestService", "Application": "Crud.Api"}
[05:35:13 INF] [Phase 2] Starting EnsureCreatedAsync for worker 9569... {"SourceContext": "Infrastructure.Services.DatabaseTestService", "Application": "Crud.Api"}
[05:35:13 INF] [Phase 2] EnsureCreatedAsync completed in 7.3636ms {"SourceContext": "Infrastructure.Services.DatabaseTestService", "Application": "Crud.Api"}
[05:35:13 INF] [Phase 3] Skipping database seeding as requested for worker 9569 {"SourceContext": "Infrastructure.Services.DatabaseTestService", "Application": "Crud.Api"}
[05:35:13 INF] Database reset via file deletion completed for worker 9569 in 109.2258ms (Close: 0.0005ms, Delete: 1.376ms, Create: 7.3636ms) {"SourceContext": "Infrastructure.Services.DatabaseTestService", "Application": "Crud.Api"}
[05:35:13 INF] Releasing database mutex for worker 9569 {"SourceContext": "Infrastructure.Services.DatabaseTestService", "Application": "Crud.Api"}
[05:35:13 INF] User registered successfully: e67fd845-43a4-4cad-b3e5-11b8e60a29b5 {"SourceContext": "App.Features.Authentication.RegisterUserCommandHandler", "ActionId": "140950bd-e512-4166-9d4b-2d8546821411", "ActionName": "Api.Controllers.AuthController.Register (Api)", "RequestId": "0HNFGUJ46SF9E", "RequestPath": "/api/auth/register", "Application": "Crud.Api"}
Activity.TraceId:            a74b94c5e2b776ad5ad37ec7b5a1639c
Activity.SpanId:             01d9de7b743e9d59
Activity.TraceFlags:         Recorded
Activity.ActivitySourceName: Microsoft.AspNetCore
Activity.DisplayName:        POST api/Auth/register
Activity.Kind:               Server
Activity.StartTime:          2025-09-11T05:35:13.0279790Z
Activity.Duration:           00:00:00.2957571
Activity.Tags:
    server.address: localhost
    http.request.method: POST
    url.scheme: http
    url.path: /api/auth/register
    network.protocol.version: 1.1
    http.route: api/Auth/register
    http.response.status_code: 200
Resource associated with Activity:
    deployment.environment: Testing
    service.name: Crud.Api
    service.version: 1.0.0
    service.instance.id: 15081513-c9e4-4e0d-aac5-97a71d5ef649
    telemetry.sdk.name: opentelemetry
    telemetry.sdk.language: dotnet
    telemetry.sdk.version: 1.8.1
[05:35:13 DBG] Cache miss for key: list:role {"SourceContext": "Infrastructure.Services.Caching.InMemoryCacheService", "ActionId": "5e9d847c-5f67-4192-87b4-3fe3dbf22a62", "ActionName": "Api.Controllers.RolesController.List (Api)", "RequestId": "0HNFGUJ46SF9F", "RequestPath": "/api/roles", "Application": "Crud.Api"}
[05:35:13 DBG] Set cache value for key: list:role {"SourceContext": "Infrastructure.Services.Caching.InMemoryCacheService", "ActionId": "5e9d847c-5f67-4192-87b4-3fe3dbf22a62", "ActionName": "Api.Controllers.RolesController.List (Api)", "RequestId": "0HNFGUJ46SF9F", "RequestPath": "/api/roles", "Application": "Crud.Api"}
Activity.TraceId:            e8acb7f4b4486d53bf37d85a9350fafc
Activity.SpanId:             4e34f7deaf6dd5f2
Activity.TraceFlags:         Recorded
Activity.ActivitySourceName: Microsoft.AspNetCore
Activity.DisplayName:        GET api/Roles
Activity.Kind:               Server
Activity.StartTime:          2025-09-11T05:35:13.3245310Z
Activity.Duration:           00:00:00.0054447
Activity.Tags:
    server.address: localhost
    http.request.method: GET
    url.scheme: http
    url.path: /api/roles
    network.protocol.version: 1.1
    http.route: api/Roles
    http.response.status_code: 200
Resource associated with Activity:
    deployment.environment: Testing
    service.name: Crud.Api
    service.version: 1.0.0
    service.instance.id: 15081513-c9e4-4e0d-aac5-97a71d5ef649
    telemetry.sdk.name: opentelemetry
    telemetry.sdk.language: dotnet
    telemetry.sdk.version: 1.8.1
[05:35:13 INF] User registered successfully: d260ef7d-aaf3-4b44-8e12-d7fcc32ac809 {"SourceContext": "App.Features.Authentication.RegisterUserCommandHandler", "ActionId": "140950bd-e512-4166-9d4b-2d8546821411", "ActionName": "Api.Controllers.AuthController.Register (Api)", "RequestId": "0HNFGUJ46SF9G", "RequestPath": "/api/auth/register", "Application": "Crud.Api"}
Activity.TraceId:            81fdd424db1c23549458aa321cb784ea
Activity.SpanId:             818509d3febaf3f9
Activity.TraceFlags:         Recorded
Activity.ActivitySourceName: Microsoft.AspNetCore
Activity.DisplayName:        POST api/Auth/register
Activity.Kind:               Server
Activity.StartTime:          2025-09-11T05:35:13.3302417Z
Activity.Duration:           00:00:00.2955607
Activity.Tags:
    server.address: localhost
    http.request.method: POST
    url.scheme: http
    url.path: /api/auth/register
    network.protocol.version: 1.1
    http.route: api/Auth/register
    http.response.status_code: 200
Resource associated with Activity:
    deployment.environment: Testing
    service.name: Crud.Api
    service.version: 1.0.0
    service.instance.id: 15081513-c9e4-4e0d-aac5-97a71d5ef649
    telemetry.sdk.name: opentelemetry
    telemetry.sdk.language: dotnet
    telemetry.sdk.version: 1.8.1
[05:35:13 INF] User logged in successfully: d260ef7d-aaf3-4b44-8e12-d7fcc32ac809 {"SourceContext": "App.Features.Authentication.LoginCommandHandler", "ActionId": "5b64e643-38f6-40f7-aedb-8a5c9726cf8f", "ActionName": "Api.Controllers.AuthController.Login (Api)", "RequestId": "0HNFGUJ46SF9H", "RequestPath": "/api/auth/login", "Application": "Crud.Api"}
Activity.TraceId:            38bd0da8577c03ead61aa66486e769f1
Activity.SpanId:             bfcee972ea6330e2
Activity.TraceFlags:         Recorded
Activity.ActivitySourceName: Microsoft.AspNetCore
Activity.DisplayName:        POST api/Auth/login
Activity.Kind:               Server
Activity.StartTime:          2025-09-11T05:35:13.6267948Z
Activity.Duration:           00:00:00.2954218
Activity.Tags:
    server.address: localhost
    http.request.method: POST
    url.scheme: http
    url.path: /api/auth/login
    network.protocol.version: 1.1
    http.route: api/Auth/login
    http.response.status_code: 200
Resource associated with Activity:
    deployment.environment: Testing
    service.name: Crud.Api
    service.version: 1.0.0
    service.instance.id: 15081513-c9e4-4e0d-aac5-97a71d5ef649
    telemetry.sdk.name: opentelemetry
    telemetry.sdk.language: dotnet
    telemetry.sdk.version: 1.8.1
[05:35:13 DBG] Cache miss for key: entity:role:d4dca5f5d1f946879617895f3d8d1842 {"SourceContext": "Infrastructure.Services.Caching.InMemoryCacheService", "ActionId": "63080079-ea7e-49cd-9a19-96c01a9c333d", "ActionName": "Api.Controllers.RolesController.Update (Api)", "RequestId": "0HNFGUJ46SF9I", "RequestPath": "/api/roles/d4dca5f5-d1f9-4687-9617-895f3d8d1842", "Application": "Crud.Api"}
[05:35:13 DBG] Set cache value for key: entity:role:d4dca5f5d1f946879617895f3d8d1842 {"SourceContext": "Infrastructure.Services.Caching.InMemoryCacheService", "ActionId": "63080079-ea7e-49cd-9a19-96c01a9c333d", "ActionName": "Api.Controllers.RolesController.Update (Api)", "RequestId": "0HNFGUJ46SF9I", "RequestPath": "/api/roles/d4dca5f5-d1f9-4687-9617-895f3d8d1842", "Application": "Crud.Api"}
[05:35:13 DBG] Removed cache value for key: entity:role:d4dca5f5d1f946879617895f3d8d1842 {"SourceContext": "Infrastructure.Services.Caching.InMemoryCacheService", "ActionId": "63080079-ea7e-49cd-9a19-96c01a9c333d", "ActionName": "Api.Controllers.RolesController.Update (Api)", "RequestId": "0HNFGUJ46SF9I", "RequestPath": "/api/roles/d4dca5f5-d1f9-4687-9617-895f3d8d1842", "Application": "Crud.Api"}
[05:35:13 DBG] Removed cache value for key: list:role {"SourceContext": "Infrastructure.Services.Caching.InMemoryCacheService", "ActionId": "63080079-ea7e-49cd-9a19-96c01a9c333d", "ActionName": "Api.Controllers.RolesController.Update (Api)", "RequestId": "0HNFGUJ46SF9I", "RequestPath": "/api/roles/d4dca5f5-d1f9-4687-9617-895f3d8d1842", "Application": "Crud.Api"}
[05:35:13 DBG] Invalidating cache for entity: roles/d4dca5f5-d1f9-4687-9617-895f3d8d1842 with tags: roles, roles:d4dca5f5-d1f9-4687-9617-895f3d8d1842 {"SourceContext": "Api.Services.OutputCacheInvalidationService", "ActionId": "63080079-ea7e-49cd-9a19-96c01a9c333d", "ActionName": "Api.Controllers.RolesController.Update (Api)", "RequestId": "0HNFGUJ46SF9I", "RequestPath": "/api/roles/d4dca5f5-d1f9-4687-9617-895f3d8d1842", "Application": "Crud.Api"}
[05:35:13 DBG] Successfully invalidated cache for tag: roles {"SourceContext": "Api.Services.OutputCacheInvalidationService", "ActionId": "63080079-ea7e-49cd-9a19-96c01a9c333d", "ActionName": "Api.Controllers.RolesController.Update (Api)", "RequestId": "0HNFGUJ46SF9I", "RequestPath": "/api/roles/d4dca5f5-d1f9-4687-9617-895f3d8d1842", "Application": "Crud.Api"}
[05:35:13 DBG] Successfully invalidated cache for tag: roles:d4dca5f5-d1f9-4687-9617-895f3d8d1842 {"SourceContext": "Api.Services.OutputCacheInvalidationService", "ActionId": "63080079-ea7e-49cd-9a19-96c01a9c333d", "ActionName": "Api.Controllers.RolesController.Update (Api)", "RequestId": "0HNFGUJ46SF9I", "RequestPath": "/api/roles/d4dca5f5-d1f9-4687-9617-895f3d8d1842", "Application": "Crud.Api"}
Activity.TraceId:            e9b7b66af60463967a89ef6aab4fd6ae
Activity.SpanId:             20ae88a7d1f0d6b0
Activity.TraceFlags:         Recorded
Activity.ActivitySourceName: Microsoft.AspNetCore
Activity.DisplayName:        PUT api/Roles/{id:guid}
Activity.Kind:               Server
Activity.StartTime:          2025-09-11T05:35:13.9234663Z
Activity.Duration:           00:00:00.0066530
Activity.Tags:
    server.address: localhost
    http.request.method: PUT
    url.scheme: http
    url.path: /api/roles/d4dca5f5-d1f9-4687-9617-895f3d8d1842
    network.protocol.version: 1.1
    http.route: api/Roles/{id:guid}
    http.response.status_code: 204
Resource associated with Activity:
    deployment.environment: Testing
    service.name: Crud.Api
    service.version: 1.0.0
    service.instance.id: 15081513-c9e4-4e0d-aac5-97a71d5ef649
    telemetry.sdk.name: opentelemetry
    telemetry.sdk.language: dotnet
    telemetry.sdk.version: 1.8.1
[05:35:13 DBG] Cache miss for key: list:role {"SourceContext": "Infrastructure.Services.Caching.InMemoryCacheService", "ActionId": "5e9d847c-5f67-4192-87b4-3fe3dbf22a62", "ActionName": "Api.Controllers.RolesController.List (Api)", "RequestId": "0HNFGUJ46SF9J", "RequestPath": "/api/roles", "Application": "Crud.Api"}
[05:35:13 DBG] Set cache value for key: list:role {"SourceContext": "Infrastructure.Services.Caching.InMemoryCacheService", "ActionId": "5e9d847c-5f67-4192-87b4-3fe3dbf22a62", "ActionName": "Api.Controllers.RolesController.List (Api)", "RequestId": "0HNFGUJ46SF9J", "RequestPath": "/api/roles", "Application": "Crud.Api"}
Activity.TraceId:            e080c724c38d6b2f4a481dacea6532ce
Activity.SpanId:             8d086e076ecb2ebd
Activity.TraceFlags:         Recorded
Activity.ActivitySourceName: Microsoft.AspNetCore
Activity.DisplayName:        GET api/Roles
Activity.Kind:               Server
Activity.StartTime:          2025-09-11T05:35:13.9301941Z
Activity.Duration:           00:00:00.0008655
Activity.Tags:
    server.address: localhost
    http.request.method: GET
    url.scheme: http
    url.path: /api/roles
    network.protocol.version: 1.1
    http.route: api/Roles
    http.response.status_code: 200
Resource associated with Activity:
    deployment.environment: Testing
    service.name: Crud.Api
    service.version: 1.0.0
    service.instance.id: 15081513-c9e4-4e0d-aac5-97a71d5ef649
    telemetry.sdk.name: opentelemetry
    telemetry.sdk.language: dotnet
    telemetry.sdk.version: 1.8.1
[05:35:13 INF] Resetting database for worker 9569 {"SourceContext": "Infrastructure.Services.DatabaseTestService", "Application": "Crud.Api"}
[05:35:13 INF] Resetting database via file deletion for worker 9569 in CI environment {"SourceContext": "Infrastructure.Services.DatabaseTestService", "Application": "Crud.Api"}
[05:35:13 INF] Acquiring database mutex for worker 9569... {"SourceContext": "Infrastructure.Services.DatabaseTestService", "Application": "Crud.Api"}
[05:35:13 INF] Database mutex acquired for worker 9569 {"SourceContext": "Infrastructure.Services.DatabaseTestService", "Application": "Crud.Api"}
[05:35:13 INF] Current database state - CanConnect: True {"SourceContext": "Infrastructure.Services.DatabaseTestService", "Application": "Crud.Api"}
[05:35:13 INF] [Phase 0] Closing database connection for worker 9569... {"SourceContext": "Infrastructure.Services.DatabaseTestService", "Application": "Crud.Api"}
[05:35:13 INF] [Phase 0] Connection closed in 0.0007ms {"SourceContext": "Infrastructure.Services.DatabaseTestService", "Application": "Crud.Api"}
[05:35:13 INF] [Phase 1] Starting EnsureDeletedAsync for worker 9569... {"SourceContext": "Infrastructure.Services.DatabaseTestService", "Application": "Crud.Api"}
[05:35:13 INF] [Phase 1] EnsureDeletedAsync completed in 1.7008ms {"SourceContext": "Infrastructure.Services.DatabaseTestService", "Application": "Crud.Api"}
[05:35:14 INF] [Phase 2] Starting EnsureCreatedAsync for worker 9569... {"SourceContext": "Infrastructure.Services.DatabaseTestService", "Application": "Crud.Api"}
[05:35:14 INF] [Phase 2] EnsureCreatedAsync completed in 8.0929ms {"SourceContext": "Infrastructure.Services.DatabaseTestService", "Application": "Crud.Api"}
[05:35:14 INF] [Phase 3] Skipping database seeding as requested for worker 9569 {"SourceContext": "Infrastructure.Services.DatabaseTestService", "Application": "Crud.Api"}
[05:35:14 INF] Database reset via file deletion completed for worker 9569 in 110.4871ms (Close: 0.0007ms, Delete: 1.7008ms, Create: 8.0929ms) {"SourceContext": "Infrastructure.Services.DatabaseTestService", "Application": "Crud.Api"}
[05:35:14 INF] Releasing database mutex for worker 9569 {"SourceContext": "Infrastructure.Services.DatabaseTestService", "Application": "Crud.Api"}
Resource associated with Metric:
    deployment.environment: Testing
    service.name: Crud.Api
    service.version: 1.0.0
    service.instance.id: 15081513-c9e4-4e0d-aac5-97a71d5ef649
    telemetry.sdk.name: opentelemetry
    telemetry.sdk.language: dotnet
    telemetry.sdk.version: 1.8.1
Metric Name: http.server.active_requests, Number of active HTTP server requests., Unit: {request}, Meter: Microsoft.AspNetCore.Hosting
(2025-09-11T05:35:10.1404607Z, 2025-09-11T05:35:14.0435200Z] http.request.method: POST url.scheme: http LongSumNonMonotonic
Value: 0
(2025-09-11T05:35:10.1404607Z, 2025-09-11T05:35:14.0435200Z] http.request.method: GET url.scheme: http LongSumNonMonotonic
Value: 0
(2025-09-11T05:35:10.1404607Z, 2025-09-11T05:35:14.0435200Z] http.request.method: PUT url.scheme: http LongSumNonMonotonic
Value: 0
Metric Name: http.server.request.duration, Duration of HTTP server requests., Unit: s, Meter: Microsoft.AspNetCore.Hosting
(2025-09-11T05:35:10.1404770Z, 2025-09-11T05:35:14.0435229Z] http.request.method: POST http.response.status_code: 200 http.route: api/Auth/register network.protocol.version: 1.1 url.scheme: http Histogram
Value: Sum: 2.0824987999999998 Count: 7 Min: 0.2951753 Max: 0.3038977 
(-Infinity,0.005]:0
(0.005,0.01]:0
(0.01,0.025]:0
(0.025,0.05]:0
(0.05,0.075]:0
(0.075,0.1]:0
(0.1,0.25]:0
(0.25,0.5]:7
(0.5,0.75]:0
(0.75,1]:0
(1,2.5]:0
(2.5,5]:0
(5,7.5]:0
(7.5,10]:0
(10,+Infinity]:0
(2025-09-11T05:35:10.1404770Z, 2025-09-11T05:35:14.0435229Z] http.request.method: GET http.response.status_code: 200 http.route: api/People/{id:guid} network.protocol.version: 1.1 url.scheme: http Histogram
Value: Sum: 0.0203933 Count: 6 Min: 0.0008081 Max: 0.0107927 
(-Infinity,0.005]:5
(0.005,0.01]:0
(0.01,0.025]:1
(0.025,0.05]:0
(0.05,0.075]:0
(0.075,0.1]:0
(0.1,0.25]:0
(0.25,0.5]:0
(0.5,0.75]:0
(0.75,1]:0
(1,2.5]:0
(2.5,5]:0
(5,7.5]:0
(7.5,10]:0
(10,+Infinity]:0
(2025-09-11T05:35:10.1404770Z, 2025-09-11T05:35:14.0435229Z] http.request.method: GET http.response.status_code: 200 http.route: api/Walls network.protocol.version: 1.1 url.scheme: http Histogram
Value: Sum: 0.0099315 Count: 1 Min: 0.0099315 Max: 0.0099315 
(-Infinity,0.005]:0
(0.005,0.01]:1
(0.01,0.025]:0
(0.025,0.05]:0
(0.05,0.075]:0
(0.075,0.1]:0
(0.1,0.25]:0
(0.25,0.5]:0
(0.5,0.75]:0
(0.75,1]:0
(1,2.5]:0
(2.5,5]:0
(5,7.5]:0
(7.5,10]:0
(10,+Infinity]:0
(2025-09-11T05:35:10.1404770Z, 2025-09-11T05:35:14.0435229Z] http.request.method: POST http.response.status_code: 200 http.route: api/Auth/login network.protocol.version: 1.1 url.scheme: http Histogram
Value: Sum: 0.594689 Count: 2 Min: 0.2954121 Max: 0.2992769 
(-Infinity,0.005]:0
(0.005,0.01]:0
(0.01,0.025]:0
(0.025,0.05]:0
(0.05,0.075]:0
(0.075,0.1]:0
(0.1,0.25]:0
(0.25,0.5]:2
(0.5,0.75]:0
(0.75,1]:0
(1,2.5]:0
(2.5,5]:0
(5,7.5]:0
(7.5,10]:0
(10,+Infinity]:0
(2025-09-11T05:35:10.1404770Z, 2025-09-11T05:35:14.0435229Z] http.request.method: PUT http.response.status_code: 204 http.route: api/People/{id:guid} network.protocol.version: 1.1 url.scheme: http Histogram
Value: Sum: 0.0056405 Count: 1 Min: 0.0056405 Max: 0.0056405 
(-Infinity,0.005]:0
(0.005,0.01]:1
(0.01,0.025]:0
(0.025,0.05]:0
(0.05,0.075]:0
(0.075,0.1]:0
(0.1,0.25]:0
(0.25,0.5]:0
(0.5,0.75]:0
(0.75,1]:0
(1,2.5]:0
(2.5,5]:0
(5,7.5]:0
(7.5,10]:0
(10,+Infinity]:0
(2025-09-11T05:35:10.1404770Z, 2025-09-11T05:35:14.0435229Z] http.request.method: GET http.response.status_code: 200 http.route: api/Roles network.protocol.version: 1.1 url.scheme: http Histogram
Value: Sum: 0.0063038999999999994 Count: 2 Min: 0.0008641 Max: 0.0054398 
(-Infinity,0.005]:1
(0.005,0.01]:1
(0.01,0.025]:0
(0.025,0.05]:0
(0.05,0.075]:0
(0.075,0.1]:0
(0.1,0.25]:0
(0.25,0.5]:0
(0.5,0.75]:0
(0.75,1]:0
(1,2.5]:0
(2.5,5]:0
(5,7.5]:0
(7.5,10]:0
(10,+Infinity]:0
(2025-09-11T05:35:10.1404770Z, 2025-09-11T05:35:14.0435229Z] http.request.method: PUT http.response.status_code: 204 http.route: api/Roles/{id:guid} network.protocol.version: 1.1 url.scheme: http Histogram
Value: Sum: 0.0066251 Count: 1 Min: 0.0066251 Max: 0.0066251 
(-Infinity,0.005]:0
(0.005,0.01]:1
(0.01,0.025]:0
(0.025,0.05]:0
(0.05,0.075]:0
(0.075,0.1]:0
(0.1,0.25]:0
(0.25,0.5]:0
(0.5,0.75]:0
(0.75,1]:0
(1,2.5]:0
(2.5,5]:0
(5,7.5]:0
(7.5,10]:0
(10,+Infinity]:0
Metric Name: aspnetcore.rate_limiting.active_request_leases, Number of HTTP requests that are currently active on the server that hold a rate limiting lease., Unit: {request}, Meter: Microsoft.AspNetCore.RateLimiting
(2025-09-11T05:35:10.1423171Z, 2025-09-11T05:35:14.0435235Z] LongSumNonMonotonic
Value: 0
Metric Name: aspnetcore.rate_limiting.request_lease.duration, The duration of rate limiting leases held by HTTP requests on the server., Unit: s, Meter: Microsoft.AspNetCore.RateLimiting
(2025-09-11T05:35:10.1423418Z, 2025-09-11T05:35:14.0435243Z] Histogram
Value: Sum: 2.7201759 Count: 20 Min: 0.000742 Max: 0.3028759 
(-Infinity,0.005]:6
(0.005,0.01]:5
(0.01,0.025]:0
(0.025,0.05]:0
(0.05,0.075]:0
(0.075,0.1]:0
(0.1,0.25]:0
(0.25,0.5]:9
(0.5,0.75]:0
(0.75,1]:0
(1,2.5]:0
(2.5,5]:0
(5,7.5]:0
(7.5,10]:0
(10,+Infinity]:0
Metric Name: aspnetcore.rate_limiting.requests, Number of requests that tried to acquire a rate limiting lease. Requests could be rejected by global or endpoint rate limiting policies. Or the request could be canceled while waiting for the lease., Unit: {request}, Meter: Microsoft.AspNetCore.RateLimiting
(2025-09-11T05:35:10.1423765Z, 2025-09-11T05:35:14.0435262Z] aspnetcore.rate_limiting.result: acquired LongSum
Value: 20
Metric Name: aspnetcore.routing.match_attempts, Number of requests that were attempted to be matched to an endpoint., Unit: {match_attempt}, Meter: Microsoft.AspNetCore.Routing
(2025-09-11T05:35:10.1432308Z, 2025-09-11T05:35:14.0435268Z] aspnetcore.routing.is_fallback: false aspnetcore.routing.match_status: success http.route: api/Auth/register LongSum
Value: 7
(2025-09-11T05:35:10.1432308Z, 2025-09-11T05:35:14.0435268Z] aspnetcore.routing.is_fallback: false aspnetcore.routing.match_status: success http.route: api/People/{id:guid} LongSum
Value: 7
(2025-09-11T05:35:10.1432308Z, 2025-09-11T05:35:14.0435268Z] aspnetcore.routing.is_fallback: false aspnetcore.routing.match_status: success http.route: api/Walls LongSum
Value: 1
(2025-09-11T05:35:10.1432308Z, 2025-09-11T05:35:14.0435268Z] aspnetcore.routing.is_fallback: false aspnetcore.routing.match_status: success http.route: api/Auth/login LongSum
Value: 2
(2025-09-11T05:35:10.1432308Z, 2025-09-11T05:35:14.0435268Z] aspnetcore.routing.is_fallback: false aspnetcore.routing.match_status: success http.route: api/Roles LongSum
Value: 2
(2025-09-11T05:35:10.1432308Z, 2025-09-11T05:35:14.0435268Z] aspnetcore.routing.is_fallback: false aspnetcore.routing.match_status: success http.route: api/Roles/{id:guid} LongSum
Value: 1
[05:35:14 INF] Starting Crud API application {"Application": "Crud.Api"}
[05:35:14 INF] Using SQLite provider with connection: Data Source=TestDatabase.db {"Application": "Crud.Api"}
[05:35:14 INF] Database ensured successfully {"Application": "Crud.Api"}
[05:35:14 INF] Application configured successfully. Starting web host... {"Application": "Crud.Api"}
[05:35:14 INF] Starting Crud API application {"Application": "Crud.Api"}
[05:35:14 INF] Using SQLite provider with connection: Data Source=TestDatabase.db {"Application": "Crud.Api"}
[05:35:14 INF] Database ensured successfully {"Application": "Crud.Api"}
[05:35:14 INF] Application configured successfully. Starting web host... {"Application": "Crud.Api"}
[05:35:14 INF] Starting Crud API application {"Application": "Crud.Api"}
[05:35:14 INF] Using SQLite provider with connection: Data Source=TestDatabase.db {"Application": "Crud.Api"}
[05:35:14 INF] Database ensured successfully {"Application": "Crud.Api"}
[05:35:14 INF] Application configured successfully. Starting web host... {"Application": "Crud.Api"}
Resource associated with Metric:
    deployment.environment: Testing
    service.name: Crud.Api
    service.version: 1.0.0
    service.instance.id: 15081513-c9e4-4e0d-aac5-97a71d5ef649
    telemetry.sdk.name: opentelemetry
    telemetry.sdk.language: dotnet
    telemetry.sdk.version: 1.8.1
Resource associated with Metric:
Resource associated with Metric:
    deployment.environment: Testing
    deployment.environment: Testing
    service.name: Crud.Api
    service.name: Crud.Api
    service.version: 1.0.0
    service.version: 1.0.0
    service.instance.id: 15081513-c9e4-4e0d-aac5-97a71d5ef649
    service.instance.id: 15081513-c9e4-4e0d-aac5-97a71d5ef649
    telemetry.sdk.name: opentelemetry
    telemetry.sdk.name: opentelemetry
    telemetry.sdk.language: dotnet
    telemetry.sdk.language: dotnet
    telemetry.sdk.version: 1.8.1
    telemetry.sdk.version: 1.8.1
[05:35:14 INF] Starting Crud API application {"Application": "Crud.Api"}
[05:35:14 INF] Using SQLite provider with connection: Data Source=TestDatabase.db {"Application": "Crud.Api"}
[05:35:14 INF] Database ensured successfully {"Application": "Crud.Api"}
[05:35:14 INF] Application configured successfully. Starting web host... {"Application": "Crud.Api"}
[05:35:14 INF] Resetting database for worker 11349 {"SourceContext": "Infrastructure.Services.DatabaseTestService", "Application": "Crud.Api"}
[05:35:14 INF] Resetting database via file deletion for worker 11349 in CI environment {"SourceContext": "Infrastructure.Services.DatabaseTestService", "Application": "Crud.Api"}
[05:35:14 INF] Acquiring database mutex for worker 11349... {"SourceContext": "Infrastructure.Services.DatabaseTestService", "Application": "Crud.Api"}
[05:35:14 INF] Database mutex acquired for worker 11349 {"SourceContext": "Infrastructure.Services.DatabaseTestService", "Application": "Crud.Api"}
[05:35:14 INF] Current database state - CanConnect: True {"SourceContext": "Infrastructure.Services.DatabaseTestService", "Application": "Crud.Api"}
[05:35:14 INF] [Phase 0] Closing database connection for worker 11349... {"SourceContext": "Infrastructure.Services.DatabaseTestService", "Application": "Crud.Api"}
[05:35:14 INF] [Phase 0] Connection closed in 0.0005ms {"SourceContext": "Infrastructure.Services.DatabaseTestService", "Application": "Crud.Api"}
[05:35:14 INF] [Phase 1] Starting EnsureDeletedAsync for worker 11349... {"SourceContext": "Infrastructure.Services.DatabaseTestService", "Application": "Crud.Api"}
[05:35:14 INF] [Phase 1] EnsureDeletedAsync completed in 1.5242ms {"SourceContext": "Infrastructure.Services.DatabaseTestService", "Application": "Crud.Api"}
[05:35:14 INF] [Phase 2] Starting EnsureCreatedAsync for worker 11349... {"SourceContext": "Infrastructure.Services.DatabaseTestService", "Application": "Crud.Api"}
[05:35:14 INF] [Phase 2] EnsureCreatedAsync completed in 8.4241ms {"SourceContext": "Infrastructure.Services.DatabaseTestService", "Application": "Crud.Api"}
[05:35:14 INF] [Phase 3] Skipping database seeding as requested for worker 11349 {"SourceContext": "Infrastructure.Services.DatabaseTestService", "Application": "Crud.Api"}
[05:35:14 INF] Database reset via file deletion completed for worker 11349 in 110.8113ms (Close: 0.0005ms, Delete: 1.5242ms, Create: 8.4241ms) {"SourceContext": "Infrastructure.Services.DatabaseTestService", "Application": "Crud.Api"}
[05:35:14 INF] Releasing database mutex for worker 11349 {"SourceContext": "Infrastructure.Services.DatabaseTestService", "Application": "Crud.Api"}
[05:35:14 WRN] Failed to determine the https port for redirect. {"EventId": {"Id": 3, "Name": "FailedToDeterminePort"}, "SourceContext": "Microsoft.AspNetCore.HttpsPolicy.HttpsRedirectionMiddleware", "RequestId": "0HNFGUJ46SF9K", "RequestPath": "/api/auth/forgot-password", "Application": "Crud.Api"}
[05:35:14 INF] Password reset requested from IP: unknown {"SourceContext": "Api.Controllers.AuthController", "ActionId": "46eb6960-c2f4-41e8-865f-66cac86154c6", "ActionName": "Api.Controllers.AuthController.ForgotPassword (Api)", "RequestId": "0HNFGUJ46SF9K", "RequestPath": "/api/auth/forgot-password", "Application": "Crud.Api"}
[05:35:14 INF] Password reset requested for user: 5cb828ce-60c4-4c5e-8c8e-c392bad8948d {"SourceContext": "App.Features.Authentication.ForgotPasswordCommandHandler", "ActionId": "46eb6960-c2f4-41e8-865f-66cac86154c6", "ActionName": "Api.Controllers.AuthController.ForgotPassword (Api)", "RequestId": "0HNFGUJ46SF9K", "RequestPath": "/api/auth/forgot-password", "Application": "Crud.Api"}
[05:35:14 INF] Password reset email sent (Mock Service - Not Actually Sent) {"SourceContext": "Infrastructure.Services.MockEmailService", "ActionId": "46eb6960-c2f4-41e8-865f-66cac86154c6", "ActionName": "Api.Controllers.AuthController.ForgotPassword (Api)", "RequestId": "0HNFGUJ46SF9K", "RequestPath": "/api/auth/forgot-password", "Application": "Crud.Api"}
[05:35:14 DBG] Email Details - From: noreply@example.com, Subject: Password Reset Request {"SourceContext": "Infrastructure.Services.MockEmailService", "ActionId": "46eb6960-c2f4-41e8-865f-66cac86154c6", "ActionName": "Api.Controllers.AuthController.ForgotPassword (Api)", "RequestId": "0HNFGUJ46SF9K", "RequestPath": "/api/auth/forgot-password", "Application": "Crud.Api"}
[05:35:14 INF] Password reset email sent successfully for user: 5cb828ce-60c4-4c5e-8c8e-c392bad8948d {"SourceContext": "App.Features.Authentication.ForgotPasswordCommandHandler", "ActionId": "46eb6960-c2f4-41e8-865f-66cac86154c6", "ActionName": "Api.Controllers.AuthController.ForgotPassword (Api)", "RequestId": "0HNFGUJ46SF9K", "RequestPath": "/api/auth/forgot-password", "Application": "Crud.Api"}
Activity.TraceId:            594d933017ea0b67f09af82393db47f1
Activity.SpanId:             04e50b8d04e0ca85
Activity.TraceFlags:         Recorded
Activity.ActivitySourceName: Microsoft.AspNetCore
Activity.DisplayName:        POST api/Auth/forgot-password
Activity.Kind:               Server
Activity.StartTime:          2025-09-11T05:35:14.3348712Z
Activity.Duration:           00:00:00.1417993
Activity.Tags:
    server.address: localhost
    http.request.method: POST
    url.scheme: http
    url.path: /api/auth/forgot-password
    network.protocol.version: 1.1
    http.route: api/Auth/forgot-password
    http.response.status_code: 200
Resource associated with Activity:
    deployment.environment: Testing
    service.name: Crud.Api
    service.version: 1.0.0
    service.instance.id: 15081513-c9e4-4e0d-aac5-97a71d5ef649
    telemetry.sdk.name: opentelemetry
    telemetry.sdk.language: dotnet
    telemetry.sdk.version: 1.8.1
[05:35:14 INF] Password reset attempt from IP: unknown {"SourceContext": "Api.Controllers.AuthController", "ActionId": "9b4232b4-6690-4ad3-b3f6-e91f2c35d25e", "ActionName": "Api.Controllers.AuthController.ResetPassword (Api)", "RequestId": "0HNFGUJ46SF9L", "RequestPath": "/api/auth/reset-password", "Application": "Crud.Api"}
Activity.TraceId:            7158a3390d4b30b6451ebf4119eaf402
Activity.SpanId:             231a08ca2f0b884a
Activity.TraceFlags:         Recorded
Activity.ActivitySourceName: Microsoft.AspNetCore
Activity.DisplayName:        POST api/Auth/reset-password
Activity.Kind:               Server
Activity.StartTime:          2025-09-11T05:35:14.4828336Z
Activity.Duration:           00:00:00.0083891
Activity.Tags:
    server.address: localhost
    http.request.method: POST
    url.scheme: http
    url.path: /api/auth/reset-password
    network.protocol.version: 1.1
    http.route: api/Auth/reset-password
    http.response.status_code: 400
Resource associated with Activity:
    deployment.environment: Testing
    service.name: Crud.Api
    service.version: 1.0.0
    service.instance.id: 15081513-c9e4-4e0d-aac5-97a71d5ef649
    telemetry.sdk.name: opentelemetry
    telemetry.sdk.language: dotnet
    telemetry.sdk.version: 1.8.1
❌ POST /api/auth/reset-password failed:
   Status: BadRequest (400)
   Reason: Bad Request
   Response Body: {"error":"Password must be at least 8 characters long"}
   Content Headers: Content-Type=application/json; charset=utf-8
[05:35:14 INF] Resetting database for worker 11349 {"SourceContext": "Infrastructure.Services.DatabaseTestService", "Application": "Crud.Api"}
[05:35:14 INF] Resetting database via file deletion for worker 11349 in CI environment {"SourceContext": "Infrastructure.Services.DatabaseTestService", "Application": "Crud.Api"}
[05:35:14 INF] Acquiring database mutex for worker 11349... {"SourceContext": "Infrastructure.Services.DatabaseTestService", "Application": "Crud.Api"}
[05:35:14 INF] Database mutex acquired for worker 11349 {"SourceContext": "Infrastructure.Services.DatabaseTestService", "Application": "Crud.Api"}
[05:35:14 INF] Current database state - CanConnect: True {"SourceContext": "Infrastructure.Services.DatabaseTestService", "Application": "Crud.Api"}
[05:35:14 INF] [Phase 0] Closing database connection for worker 11349... {"SourceContext": "Infrastructure.Services.DatabaseTestService", "Application": "Crud.Api"}
[05:35:14 INF] [Phase 0] Connection closed in 0.0007ms {"SourceContext": "Infrastructure.Services.DatabaseTestService", "Application": "Crud.Api"}
[05:35:14 INF] [Phase 1] Starting EnsureDeletedAsync for worker 11349... {"SourceContext": "Infrastructure.Services.DatabaseTestService", "Application": "Crud.Api"}
[05:35:14 INF] [Phase 1] EnsureDeletedAsync completed in 1.7737ms {"SourceContext": "Infrastructure.Services.DatabaseTestService", "Application": "Crud.Api"}
[05:35:14 INF] [Phase 2] Starting EnsureCreatedAsync for worker 11349... {"SourceContext": "Infrastructure.Services.DatabaseTestService", "Application": "Crud.Api"}
[05:35:14 INF] [Phase 2] EnsureCreatedAsync completed in 8.3452ms {"SourceContext": "Infrastructure.Services.DatabaseTestService", "Application": "Crud.Api"}
[05:35:14 INF] [Phase 3] Skipping database seeding as requested for worker 11349 {"SourceContext": "Infrastructure.Services.DatabaseTestService", "Application": "Crud.Api"}
[05:35:14 INF] Database reset via file deletion completed for worker 11349 in 110.2033ms (Close: 0.0007ms, Delete: 1.7737ms, Create: 8.3452ms) {"SourceContext": "Infrastructure.Services.DatabaseTestService", "Application": "Crud.Api"}
[05:35:14 INF] Releasing database mutex for worker 11349 {"SourceContext": "Infrastructure.Services.DatabaseTestService", "Application": "Crud.Api"}
[05:35:14 INF] Resetting database for worker 11349 {"SourceContext": "Infrastructure.Services.DatabaseTestService", "Application": "Crud.Api"}
[05:35:14 INF] Resetting database via file deletion for worker 11349 in CI environment {"SourceContext": "Infrastructure.Services.DatabaseTestService", "Application": "Crud.Api"}
[05:35:14 INF] Acquiring database mutex for worker 11349... {"SourceContext": "Infrastructure.Services.DatabaseTestService", "Application": "Crud.Api"}
[05:35:14 INF] Database mutex acquired for worker 11349 {"SourceContext": "Infrastructure.Services.DatabaseTestService", "Application": "Crud.Api"}
[05:35:14 INF] Current database state - CanConnect: True {"SourceContext": "Infrastructure.Services.DatabaseTestService", "Application": "Crud.Api"}
[05:35:14 INF] [Phase 0] Closing database connection for worker 11349... {"SourceContext": "Infrastructure.Services.DatabaseTestService", "Application": "Crud.Api"}
[05:35:14 INF] [Phase 0] Connection closed in 0.0005ms {"SourceContext": "Infrastructure.Services.DatabaseTestService", "Application": "Crud.Api"}
[05:35:14 INF] [Phase 1] Starting EnsureDeletedAsync for worker 11349... {"SourceContext": "Infrastructure.Services.DatabaseTestService", "Application": "Crud.Api"}
[05:35:14 INF] [Phase 1] EnsureDeletedAsync completed in 1.4727ms {"SourceContext": "Infrastructure.Services.DatabaseTestService", "Application": "Crud.Api"}
[05:35:14 INF] [Phase 2] Starting EnsureCreatedAsync for worker 11349... {"SourceContext": "Infrastructure.Services.DatabaseTestService", "Application": "Crud.Api"}
[05:35:14 INF] [Phase 2] EnsureCreatedAsync completed in 10.2068ms {"SourceContext": "Infrastructure.Services.DatabaseTestService", "Application": "Crud.Api"}
[05:35:14 INF] [Phase 3] Skipping database seeding as requested for worker 11349 {"SourceContext": "Infrastructure.Services.DatabaseTestService", "Application": "Crud.Api"}
[05:35:14 INF] Database reset via file deletion completed for worker 11349 in 112.3082ms (Close: 0.0005ms, Delete: 1.4727ms, Create: 10.2068ms) {"SourceContext": "Infrastructure.Services.DatabaseTestService", "Application": "Crud.Api"}
[05:35:14 INF] Releasing database mutex for worker 11349 {"SourceContext": "Infrastructure.Services.DatabaseTestService", "Application": "Crud.Api"}
[05:35:14 INF] Password reset requested from IP: unknown {"SourceContext": "Api.Controllers.AuthController", "ActionId": "46eb6960-c2f4-41e8-865f-66cac86154c6", "ActionName": "Api.Controllers.AuthController.ForgotPassword (Api)", "RequestId": "0HNFGUJ46SF9M", "RequestPath": "/api/auth/forgot-password", "Application": "Crud.Api"}
[05:35:14 WRN] Password reset requested for non-existent user {"SourceContext": "App.Features.Authentication.ForgotPasswordCommandHandler", "ActionId": "46eb6960-c2f4-41e8-865f-66cac86154c6", "ActionName": "Api.Controllers.AuthController.ForgotPassword (Api)", "RequestId": "0HNFGUJ46SF9M", "RequestPath": "/api/auth/forgot-password", "Application": "Crud.Api"}
Activity.TraceId:            dcbad00071e8377e49c3b04cd86f53ce
Activity.SpanId:             8c7fa06764825270
Activity.TraceFlags:         Recorded
Activity.ActivitySourceName: Microsoft.AspNetCore
Activity.DisplayName:        POST api/Auth/forgot-password
Activity.Kind:               Server
Activity.StartTime:          2025-09-11T05:35:14.7198185Z
Activity.Duration:           00:00:00.0037778
Activity.Tags:
    server.address: localhost
    http.request.method: POST
    url.scheme: http
    url.path: /api/auth/forgot-password
    network.protocol.version: 1.1
    http.route: api/Auth/forgot-password
    http.response.status_code: 200
Resource associated with Activity:
    deployment.environment: Testing
    service.name: Crud.Api
    service.version: 1.0.0
    service.instance.id: 15081513-c9e4-4e0d-aac5-97a71d5ef649
    telemetry.sdk.name: opentelemetry
    telemetry.sdk.language: dotnet
    telemetry.sdk.version: 1.8.1
[05:35:14 INF] Resetting database for worker 11349 {"SourceContext": "Infrastructure.Services.DatabaseTestService", "Application": "Crud.Api"}
[05:35:14 INF] Resetting database via file deletion for worker 11349 in CI environment {"SourceContext": "Infrastructure.Services.DatabaseTestService", "Application": "Crud.Api"}
[05:35:14 INF] Acquiring database mutex for worker 11349... {"SourceContext": "Infrastructure.Services.DatabaseTestService", "Application": "Crud.Api"}
[05:35:14 INF] Database mutex acquired for worker 11349 {"SourceContext": "Infrastructure.Services.DatabaseTestService", "Application": "Crud.Api"}
[05:35:14 INF] Current database state - CanConnect: True {"SourceContext": "Infrastructure.Services.DatabaseTestService", "Application": "Crud.Api"}
[05:35:14 INF] [Phase 0] Closing database connection for worker 11349... {"SourceContext": "Infrastructure.Services.DatabaseTestService", "Application": "Crud.Api"}
[05:35:14 INF] [Phase 0] Connection closed in 0.0009ms {"SourceContext": "Infrastructure.Services.DatabaseTestService", "Application": "Crud.Api"}
[05:35:14 INF] [Phase 1] Starting EnsureDeletedAsync for worker 11349... {"SourceContext": "Infrastructure.Services.DatabaseTestService", "Application": "Crud.Api"}
[05:35:14 INF] [Phase 1] EnsureDeletedAsync completed in 1.3609ms {"SourceContext": "Infrastructure.Services.DatabaseTestService", "Application": "Crud.Api"}
[05:35:14 INF] [Phase 2] Starting EnsureCreatedAsync for worker 11349... {"SourceContext": "Infrastructure.Services.DatabaseTestService", "Application": "Crud.Api"}
[05:35:14 INF] [Phase 2] EnsureCreatedAsync completed in 15.5922ms {"SourceContext": "Infrastructure.Services.DatabaseTestService", "Application": "Crud.Api"}
[05:35:14 INF] [Phase 3] Skipping database seeding as requested for worker 11349 {"SourceContext": "Infrastructure.Services.DatabaseTestService", "Application": "Crud.Api"}
[05:35:14 INF] Database reset via file deletion completed for worker 11349 in 117.5124ms (Close: 0.0009ms, Delete: 1.3609ms, Create: 15.5922ms) {"SourceContext": "Infrastructure.Services.DatabaseTestService", "Application": "Crud.Api"}
[05:35:14 INF] Releasing database mutex for worker 11349 {"SourceContext": "Infrastructure.Services.DatabaseTestService", "Application": "Crud.Api"}
[05:35:14 INF] Resetting database for worker 11349 {"SourceContext": "Infrastructure.Services.DatabaseTestService", "Application": "Crud.Api"}
[05:35:14 INF] Resetting database via file deletion for worker 11349 in CI environment {"SourceContext": "Infrastructure.Services.DatabaseTestService", "Application": "Crud.Api"}
[05:35:14 INF] Acquiring database mutex for worker 11349... {"SourceContext": "Infrastructure.Services.DatabaseTestService", "Application": "Crud.Api"}
[05:35:14 INF] Database mutex acquired for worker 11349 {"SourceContext": "Infrastructure.Services.DatabaseTestService", "Application": "Crud.Api"}
[05:35:14 INF] Current database state - CanConnect: True {"SourceContext": "Infrastructure.Services.DatabaseTestService", "Application": "Crud.Api"}
[05:35:14 INF] [Phase 0] Closing database connection for worker 11349... {"SourceContext": "Infrastructure.Services.DatabaseTestService", "Application": "Crud.Api"}
[05:35:14 INF] [Phase 0] Connection closed in 0.0008ms {"SourceContext": "Infrastructure.Services.DatabaseTestService", "Application": "Crud.Api"}
[05:35:14 INF] [Phase 1] Starting EnsureDeletedAsync for worker 11349... {"SourceContext": "Infrastructure.Services.DatabaseTestService", "Application": "Crud.Api"}
[05:35:14 INF] [Phase 1] EnsureDeletedAsync completed in 1.3698ms {"SourceContext": "Infrastructure.Services.DatabaseTestService", "Application": "Crud.Api"}
[05:35:14 INF] [Phase 2] Starting EnsureCreatedAsync for worker 11349... {"SourceContext": "Infrastructure.Services.DatabaseTestService", "Application": "Crud.Api"}
[05:35:14 INF] [Phase 2] EnsureCreatedAsync completed in 7.9364ms {"SourceContext": "Infrastructure.Services.DatabaseTestService", "Application": "Crud.Api"}
[05:35:14 INF] [Phase 3] Skipping database seeding as requested for worker 11349 {"SourceContext": "Infrastructure.Services.DatabaseTestService", "Application": "Crud.Api"}
[05:35:14 INF] Database reset via file deletion completed for worker 11349 in 110.0098ms (Close: 0.0008ms, Delete: 1.3698ms, Create: 7.9364ms) {"SourceContext": "Infrastructure.Services.DatabaseTestService", "Application": "Crud.Api"}
[05:35:14 INF] Releasing database mutex for worker 11349 {"SourceContext": "Infrastructure.Services.DatabaseTestService", "Application": "Crud.Api"}
[05:35:14 INF] Password reset requested from IP: unknown {"SourceContext": "Api.Controllers.AuthController", "ActionId": "46eb6960-c2f4-41e8-865f-66cac86154c6", "ActionName": "Api.Controllers.AuthController.ForgotPassword (Api)", "RequestId": "0HNFGUJ46SF9N", "RequestPath": "/api/auth/forgot-password", "Application": "Crud.Api"}
Activity.TraceId:            d279499493725444f790416af9c23bd6
Activity.SpanId:             625b37fb69a27bd4
Activity.TraceFlags:         Recorded
Activity.ActivitySourceName: Microsoft.AspNetCore
Activity.DisplayName:        POST api/Auth/forgot-password
❌ POST /api/auth/forgot-password failed:
Activity.Kind:               Server
Activity.StartTime:          2025-09-11T05:35:14.9562349Z
Activity.Duration:           00:00:00.0028306
Activity.Tags:
    server.address: localhost
    http.request.method: POST
    url.scheme: http
    url.path: /api/auth/forgot-password
    network.protocol.version: 1.1
    http.route: api/Auth/forgot-password
    http.response.status_code: 400
Resource associated with Activity:
    deployment.environment: Testing
    service.name: Crud.Api
    service.version: 1.0.0
    service.instance.id: 15081513-c9e4-4e0d-aac5-97a71d5ef649
    telemetry.sdk.name: opentelemetry
    telemetry.sdk.language: dotnet
    telemetry.sdk.version: 1.8.1
   Status: BadRequest (400)
   Reason: Bad Request
   Response Body: {"error":"Invalid email format. Please provide a valid email address."}
   Content Headers: Content-Type=application/json; charset=utf-8
[05:35:14 INF] Resetting database for worker 11349 {"SourceContext": "Infrastructure.Services.DatabaseTestService", "Application": "Crud.Api"}
[05:35:14 INF] Resetting database via file deletion for worker 11349 in CI environment {"SourceContext": "Infrastructure.Services.DatabaseTestService", "Application": "Crud.Api"}
[05:35:14 INF] Acquiring database mutex for worker 11349... {"SourceContext": "Infrastructure.Services.DatabaseTestService", "Application": "Crud.Api"}
[05:35:14 INF] Database mutex acquired for worker 11349 {"SourceContext": "Infrastructure.Services.DatabaseTestService", "Application": "Crud.Api"}
[05:35:14 INF] Current database state - CanConnect: True {"SourceContext": "Infrastructure.Services.DatabaseTestService", "Application": "Crud.Api"}
[05:35:14 INF] [Phase 0] Closing database connection for worker 11349... {"SourceContext": "Infrastructure.Services.DatabaseTestService", "Application": "Crud.Api"}
[05:35:14 INF] [Phase 0] Connection closed in 0.0007ms {"SourceContext": "Infrastructure.Services.DatabaseTestService", "Application": "Crud.Api"}
[05:35:14 INF] [Phase 1] Starting EnsureDeletedAsync for worker 11349... {"SourceContext": "Infrastructure.Services.DatabaseTestService", "Application": "Crud.Api"}
[05:35:14 INF] [Phase 1] EnsureDeletedAsync completed in 1.4028ms {"SourceContext": "Infrastructure.Services.DatabaseTestService", "Application": "Crud.Api"}
[05:35:15 INF] [Phase 2] Starting EnsureCreatedAsync for worker 11349... {"SourceContext": "Infrastructure.Services.DatabaseTestService", "Application": "Crud.Api"}
[05:35:15 INF] [Phase 2] EnsureCreatedAsync completed in 8.9977ms {"SourceContext": "Infrastructure.Services.DatabaseTestService", "Application": "Crud.Api"}
[05:35:15 INF] [Phase 3] Skipping database seeding as requested for worker 11349 {"SourceContext": "Infrastructure.Services.DatabaseTestService", "Application": "Crud.Api"}
[05:35:15 INF] Database reset via file deletion completed for worker 11349 in 110.5748ms (Close: 0.0007ms, Delete: 1.4028ms, Create: 8.9977ms) {"SourceContext": "Infrastructure.Services.DatabaseTestService", "Application": "Crud.Api"}
[05:35:15 INF] Releasing database mutex for worker 11349 {"SourceContext": "Infrastructure.Services.DatabaseTestService", "Application": "Crud.Api"}
[05:35:15 INF] Resetting database for worker 11349 {"SourceContext": "Infrastructure.Services.DatabaseTestService", "Application": "Crud.Api"}
[05:35:15 INF] Resetting database via file deletion for worker 11349 in CI environment {"SourceContext": "Infrastructure.Services.DatabaseTestService", "Application": "Crud.Api"}
[05:35:15 INF] Acquiring database mutex for worker 11349... {"SourceContext": "Infrastructure.Services.DatabaseTestService", "Application": "Crud.Api"}
[05:35:15 INF] Database mutex acquired for worker 11349 {"SourceContext": "Infrastructure.Services.DatabaseTestService", "Application": "Crud.Api"}
[05:35:15 INF] Current database state - CanConnect: True {"SourceContext": "Infrastructure.Services.DatabaseTestService", "Application": "Crud.Api"}
[05:35:15 INF] [Phase 0] Closing database connection for worker 11349... {"SourceContext": "Infrastructure.Services.DatabaseTestService", "Application": "Crud.Api"}
[05:35:15 INF] [Phase 0] Connection closed in 0.0006ms {"SourceContext": "Infrastructure.Services.DatabaseTestService", "Application": "Crud.Api"}
[05:35:15 INF] [Phase 1] Starting EnsureDeletedAsync for worker 11349... {"SourceContext": "Infrastructure.Services.DatabaseTestService", "Application": "Crud.Api"}
[05:35:15 INF] [Phase 1] EnsureDeletedAsync completed in 1.3264ms {"SourceContext": "Infrastructure.Services.DatabaseTestService", "Application": "Crud.Api"}
[05:35:15 INF] [Phase 2] Starting EnsureCreatedAsync for worker 11349... {"SourceContext": "Infrastructure.Services.DatabaseTestService", "Application": "Crud.Api"}
[05:35:15 INF] [Phase 2] EnsureCreatedAsync completed in 8.1632ms {"SourceContext": "Infrastructure.Services.DatabaseTestService", "Application": "Crud.Api"}
[05:35:15 INF] [Phase 3] Skipping database seeding as requested for worker 11349 {"SourceContext": "Infrastructure.Services.DatabaseTestService", "Application": "Crud.Api"}
[05:35:15 INF] Database reset via file deletion completed for worker 11349 in 110.4523ms (Close: 0.0006ms, Delete: 1.3264ms, Create: 8.1632ms) {"SourceContext": "Infrastructure.Services.DatabaseTestService", "Application": "Crud.Api"}
[05:35:15 INF] Releasing database mutex for worker 11349 {"SourceContext": "Infrastructure.Services.DatabaseTestService", "Application": "Crud.Api"}
[05:35:15 INF] Password reset requested from IP: unknown {"SourceContext": "Api.Controllers.AuthController", "ActionId": "46eb6960-c2f4-41e8-865f-66cac86154c6", "ActionName": "Api.Controllers.AuthController.ForgotPassword (Api)", "RequestId": "0HNFGUJ46SF9O", "RequestPath": "/api/auth/forgot-password", "Application": "Crud.Api"}
[05:35:15 INF] Password reset requested for user: a06e5faf-c801-4ee2-a1a5-19d9597f7153 {"SourceContext": "App.Features.Authentication.ForgotPasswordCommandHandler", "ActionId": "46eb6960-c2f4-41e8-865f-66cac86154c6", "ActionName": "Api.Controllers.AuthController.ForgotPassword (Api)", "RequestId": "0HNFGUJ46SF9O", "RequestPath": "/api/auth/forgot-password", "Application": "Crud.Api"}
[05:35:15 INF] Password reset email sent (Mock Service - Not Actually Sent) {"SourceContext": "Infrastructure.Services.MockEmailService", "ActionId": "46eb6960-c2f4-41e8-865f-66cac86154c6", "ActionName": "Api.Controllers.AuthController.ForgotPassword (Api)", "RequestId": "0HNFGUJ46SF9O", "RequestPath": "/api/auth/forgot-password", "Application": "Crud.Api"}
[05:35:15 DBG] Email Details - From: noreply@example.com, Subject: Password Reset Request {"SourceContext": "Infrastructure.Services.MockEmailService", "ActionId": "46eb6960-c2f4-41e8-865f-66cac86154c6", "ActionName": "Api.Controllers.AuthController.ForgotPassword (Api)", "RequestId": "0HNFGUJ46SF9O", "RequestPath": "/api/auth/forgot-password", "Application": "Crud.Api"}
[05:35:15 INF] Password reset email sent successfully for user: a06e5faf-c801-4ee2-a1a5-19d9597f7153 {"SourceContext": "App.Features.Authentication.ForgotPasswordCommandHandler", "ActionId": "46eb6960-c2f4-41e8-865f-66cac86154c6", "ActionName": "Api.Controllers.AuthController.ForgotPassword (Api)", "RequestId": "0HNFGUJ46SF9O", "RequestPath": "/api/auth/forgot-password", "Application": "Crud.Api"}
Activity.TraceId:            beb0a8d43282549eab812c2f8c9c7413
Activity.SpanId:             6e908d1bd9c22943
Activity.TraceFlags:         Recorded
Activity.ActivitySourceName: Microsoft.AspNetCore
Activity.DisplayName:        POST api/Auth/forgot-password
Activity.Kind:               Server
Activity.StartTime:          2025-09-11T05:35:15.1877698Z
Activity.Duration:           00:00:00.1030021
Activity.Tags:
    server.address: localhost
    http.request.method: POST
    url.scheme: http
    url.path: /api/auth/forgot-password
    network.protocol.version: 1.1
    http.route: api/Auth/forgot-password
    http.response.status_code: 200
Resource associated with Activity:
    deployment.environment: Testing
    service.name: Crud.Api
    service.version: 1.0.0
    service.instance.id: 15081513-c9e4-4e0d-aac5-97a71d5ef649
    telemetry.sdk.name: opentelemetry
    telemetry.sdk.language: dotnet
    telemetry.sdk.version: 1.8.1
[05:35:15 INF] Password reset attempt from IP: unknown {"SourceContext": "Api.Controllers.AuthController", "ActionId": "9b4232b4-6690-4ad3-b3f6-e91f2c35d25e", "ActionName": "Api.Controllers.AuthController.ResetPassword (Api)", "RequestId": "0HNFGUJ46SF9P", "RequestPath": "/api/auth/reset-password", "Application": "Crud.Api"}
[05:35:15 INF] Password reset successful for user: a06e5faf-c801-4ee2-a1a5-19d9597f7153, Email: test@example.com {"SourceContext": "App.Features.Authentication.ResetPasswordCommandHandler", "ActionId": "9b4232b4-6690-4ad3-b3f6-e91f2c35d25e", "ActionName": "Api.Controllers.AuthController.ResetPassword (Api)", "RequestId": "0HNFGUJ46SF9P", "RequestPath": "/api/auth/reset-password", "Application": "Crud.Api"}
Activity.TraceId:            e4e1116a4541a0974d61e931cea7053e
Activity.SpanId:             d47d0e990f3b9c91
Activity.TraceFlags:         Recorded
Activity.ActivitySourceName: Microsoft.AspNetCore
Activity.DisplayName:        POST api/Auth/reset-password
Activity.Kind:               Server
Activity.StartTime:          2025-09-11T05:35:15.2918159Z
Activity.Duration:           00:00:00.3100394
Activity.Tags:
    server.address: localhost
    http.request.method: POST
    url.scheme: http
    url.path: /api/auth/reset-password
    network.protocol.version: 1.1
    http.route: api/Auth/reset-password
    http.response.status_code: 200
Resource associated with Activity:
    deployment.environment: Testing
    service.name: Crud.Api
    service.version: 1.0.0
    service.instance.id: 15081513-c9e4-4e0d-aac5-97a71d5ef649
    telemetry.sdk.name: opentelemetry
    telemetry.sdk.language: dotnet
    telemetry.sdk.version: 1.8.1
[05:35:15 INF] Resetting database for worker 11349 {"SourceContext": "Infrastructure.Services.DatabaseTestService", "Application": "Crud.Api"}
[05:35:15 INF] Resetting database via file deletion for worker 11349 in CI environment {"SourceContext": "Infrastructure.Services.DatabaseTestService", "Application": "Crud.Api"}
[05:35:15 INF] Acquiring database mutex for worker 11349... {"SourceContext": "Infrastructure.Services.DatabaseTestService", "Application": "Crud.Api"}
[05:35:15 INF] Database mutex acquired for worker 11349 {"SourceContext": "Infrastructure.Services.DatabaseTestService", "Application": "Crud.Api"}
[05:35:15 INF] Current database state - CanConnect: True {"SourceContext": "Infrastructure.Services.DatabaseTestService", "Application": "Crud.Api"}
[05:35:15 INF] [Phase 0] Closing database connection for worker 11349... {"SourceContext": "Infrastructure.Services.DatabaseTestService", "Application": "Crud.Api"}
[05:35:15 INF] [Phase 0] Connection closed in 0.0005ms {"SourceContext": "Infrastructure.Services.DatabaseTestService", "Application": "Crud.Api"}
[05:35:15 INF] [Phase 1] Starting EnsureDeletedAsync for worker 11349... {"SourceContext": "Infrastructure.Services.DatabaseTestService", "Application": "Crud.Api"}
[05:35:15 INF] [Phase 1] EnsureDeletedAsync completed in 1.4913ms {"SourceContext": "Infrastructure.Services.DatabaseTestService", "Application": "Crud.Api"}
[05:35:15 INF] [Phase 2] Starting EnsureCreatedAsync for worker 11349... {"SourceContext": "Infrastructure.Services.DatabaseTestService", "Application": "Crud.Api"}
[05:35:15 INF] [Phase 2] EnsureCreatedAsync completed in 9.2524ms {"SourceContext": "Infrastructure.Services.DatabaseTestService", "Application": "Crud.Api"}
[05:35:15 INF] [Phase 3] Skipping database seeding as requested for worker 11349 {"SourceContext": "Infrastructure.Services.DatabaseTestService", "Application": "Crud.Api"}
[05:35:15 INF] Database reset via file deletion completed for worker 11349 in 111.5346ms (Close: 0.0005ms, Delete: 1.4913ms, Create: 9.2524ms) {"SourceContext": "Infrastructure.Services.DatabaseTestService", "Application": "Crud.Api"}
[05:35:15 INF] Releasing database mutex for worker 11349 {"SourceContext": "Infrastructure.Services.DatabaseTestService", "Application": "Crud.Api"}
[05:35:15 INF] Resetting database for worker 11349 {"SourceContext": "Infrastructure.Services.DatabaseTestService", "Application": "Crud.Api"}
[05:35:15 INF] Resetting database via file deletion for worker 11349 in CI environment {"SourceContext": "Infrastructure.Services.DatabaseTestService", "Application": "Crud.Api"}
[05:35:15 INF] Acquiring database mutex for worker 11349... {"SourceContext": "Infrastructure.Services.DatabaseTestService", "Application": "Crud.Api"}
[05:35:15 INF] Database mutex acquired for worker 11349 {"SourceContext": "Infrastructure.Services.DatabaseTestService", "Application": "Crud.Api"}
[05:35:15 INF] Current database state - CanConnect: True {"SourceContext": "Infrastructure.Services.DatabaseTestService", "Application": "Crud.Api"}
[05:35:15 INF] [Phase 0] Closing database connection for worker 11349... {"SourceContext": "Infrastructure.Services.DatabaseTestService", "Application": "Crud.Api"}
[05:35:15 INF] [Phase 0] Connection closed in 0.0006ms {"SourceContext": "Infrastructure.Services.DatabaseTestService", "Application": "Crud.Api"}
[05:35:15 INF] [Phase 1] Starting EnsureDeletedAsync for worker 11349... {"SourceContext": "Infrastructure.Services.DatabaseTestService", "Application": "Crud.Api"}
[05:35:15 INF] [Phase 1] EnsureDeletedAsync completed in 1.3656ms {"SourceContext": "Infrastructure.Services.DatabaseTestService", "Application": "Crud.Api"}
[05:35:15 INF] [Phase 2] Starting EnsureCreatedAsync for worker 11349... {"SourceContext": "Infrastructure.Services.DatabaseTestService", "Application": "Crud.Api"}
[05:35:15 INF] [Phase 2] EnsureCreatedAsync completed in 8.1523ms {"SourceContext": "Infrastructure.Services.DatabaseTestService", "Application": "Crud.Api"}
[05:35:15 INF] [Phase 3] Skipping database seeding as requested for worker 11349 {"SourceContext": "Infrastructure.Services.DatabaseTestService", "Application": "Crud.Api"}
[05:35:15 INF] Database reset via file deletion completed for worker 11349 in 110.1853ms (Close: 0.0006ms, Delete: 1.3656ms, Create: 8.1523ms) {"SourceContext": "Infrastructure.Services.DatabaseTestService", "Application": "Crud.Api"}
[05:35:15 INF] Releasing database mutex for worker 11349 {"SourceContext": "Infrastructure.Services.DatabaseTestService", "Application": "Crud.Api"}
[05:35:15 INF] Token validation requested for token: invalid-to*** {"SourceContext": "App.Features.Authentication.ValidateResetTokenQueryHandler", "ActionId": "4b18d21c-8853-4cbc-ab46-39add3b93d4f", "ActionName": "Api.Controllers.AuthController.ValidateResetToken (Api)", "RequestId": "0HNFGUJ46SF9Q", "RequestPath": "/api/auth/validate-reset-token", "Application": "Crud.Api"}
[05:35:15 WRN] Token validation failed - token not found {"SourceContext": "App.Features.Authentication.ValidateResetTokenQueryHandler", "ActionId": "4b18d21c-8853-4cbc-ab46-39add3b93d4f", "ActionName": "Api.Controllers.AuthController.ValidateResetToken (Api)", "RequestId": "0HNFGUJ46SF9Q", "RequestPath": "/api/auth/validate-reset-token", "Application": "Crud.Api"}
Activity.TraceId:            98f3657b5bb30dc2c47dfc783436a4d8
Activity.SpanId:             7f9ba4b9ca0e4063
Activity.TraceFlags:         Recorded
Activity.ActivitySourceName: Microsoft.AspNetCore
Activity.DisplayName:        POST api/Auth/validate-reset-token
Activity.Kind:               Server
Activity.StartTime:          2025-09-11T05:35:15.8469879Z
Activity.Duration:           00:00:00.0082699
Activity.Tags:
    server.address: localhost
    http.request.method: POST
    url.scheme: http
    url.path: /api/auth/validate-reset-token
    network.protocol.version: 1.1
    http.route: api/Auth/validate-reset-token
    http.response.status_code: 200
Resource associated with Activity:
    deployment.environment: Testing
    service.name: Crud.Api
    service.version: 1.0.0
    service.instance.id: 15081513-c9e4-4e0d-aac5-97a71d5ef649
    telemetry.sdk.name: opentelemetry
    telemetry.sdk.language: dotnet
    telemetry.sdk.version: 1.8.1
[05:35:15 INF] Resetting database for worker 11349 {"SourceContext": "Infrastructure.Services.DatabaseTestService", "Application": "Crud.Api"}
[05:35:15 INF] Resetting database via file deletion for worker 11349 in CI environment {"SourceContext": "Infrastructure.Services.DatabaseTestService", "Application": "Crud.Api"}
[05:35:15 INF] Acquiring database mutex for worker 11349... {"SourceContext": "Infrastructure.Services.DatabaseTestService", "Application": "Crud.Api"}
[05:35:15 INF] Database mutex acquired for worker 11349 {"SourceContext": "Infrastructure.Services.DatabaseTestService", "Application": "Crud.Api"}
[05:35:15 INF] Current database state - CanConnect: True {"SourceContext": "Infrastructure.Services.DatabaseTestService", "Application": "Crud.Api"}
[05:35:15 INF] [Phase 0] Closing database connection for worker 11349... {"SourceContext": "Infrastructure.Services.DatabaseTestService", "Application": "Crud.Api"}
[05:35:15 INF] [Phase 0] Connection closed in 0.0006ms {"SourceContext": "Infrastructure.Services.DatabaseTestService", "Application": "Crud.Api"}
[05:35:15 INF] [Phase 1] Starting EnsureDeletedAsync for worker 11349... {"SourceContext": "Infrastructure.Services.DatabaseTestService", "Application": "Crud.Api"}
[05:35:15 INF] [Phase 1] EnsureDeletedAsync completed in 1.5937ms {"SourceContext": "Infrastructure.Services.DatabaseTestService", "Application": "Crud.Api"}
[05:35:15 INF] [Phase 2] Starting EnsureCreatedAsync for worker 11349... {"SourceContext": "Infrastructure.Services.DatabaseTestService", "Application": "Crud.Api"}
[05:35:15 INF] [Phase 2] EnsureCreatedAsync completed in 8.1197ms {"SourceContext": "Infrastructure.Services.DatabaseTestService", "Application": "Crud.Api"}
[05:35:15 INF] [Phase 3] Skipping database seeding as requested for worker 11349 {"SourceContext": "Infrastructure.Services.DatabaseTestService", "Application": "Crud.Api"}
[05:35:15 INF] Database reset via file deletion completed for worker 11349 in 109.9138ms (Close: 0.0006ms, Delete: 1.5937ms, Create: 8.1197ms) {"SourceContext": "Infrastructure.Services.DatabaseTestService", "Application": "Crud.Api"}
[05:35:15 INF] Releasing database mutex for worker 11349 {"SourceContext": "Infrastructure.Services.DatabaseTestService", "Application": "Crud.Api"}
[05:35:15 INF] Resetting database for worker 11349 {"SourceContext": "Infrastructure.Services.DatabaseTestService", "Application": "Crud.Api"}
[05:35:15 INF] Resetting database via file deletion for worker 11349 in CI environment {"SourceContext": "Infrastructure.Services.DatabaseTestService", "Application": "Crud.Api"}
[05:35:15 INF] Acquiring database mutex for worker 11349... {"SourceContext": "Infrastructure.Services.DatabaseTestService", "Application": "Crud.Api"}
[05:35:15 INF] Database mutex acquired for worker 11349 {"SourceContext": "Infrastructure.Services.DatabaseTestService", "Application": "Crud.Api"}
[05:35:15 INF] Current database state - CanConnect: True {"SourceContext": "Infrastructure.Services.DatabaseTestService", "Application": "Crud.Api"}
[05:35:15 INF] [Phase 0] Closing database connection for worker 11349... {"SourceContext": "Infrastructure.Services.DatabaseTestService", "Application": "Crud.Api"}
[05:35:15 INF] [Phase 0] Connection closed in 0.0006ms {"SourceContext": "Infrastructure.Services.DatabaseTestService", "Application": "Crud.Api"}
[05:35:15 INF] [Phase 1] Starting EnsureDeletedAsync for worker 11349... {"SourceContext": "Infrastructure.Services.DatabaseTestService", "Application": "Crud.Api"}
[05:35:15 INF] [Phase 1] EnsureDeletedAsync completed in 1.3392ms {"SourceContext": "Infrastructure.Services.DatabaseTestService", "Application": "Crud.Api"}
[05:35:16 INF] [Phase 2] Starting EnsureCreatedAsync for worker 11349... {"SourceContext": "Infrastructure.Services.DatabaseTestService", "Application": "Crud.Api"}
[05:35:16 INF] [Phase 2] EnsureCreatedAsync completed in 8.3556ms {"SourceContext": "Infrastructure.Services.DatabaseTestService", "Application": "Crud.Api"}
[05:35:16 INF] [Phase 3] Skipping database seeding as requested for worker 11349 {"SourceContext": "Infrastructure.Services.DatabaseTestService", "Application": "Crud.Api"}
[05:35:16 INF] Database reset via file deletion completed for worker 11349 in 111.1286ms (Close: 0.0006ms, Delete: 1.3392ms, Create: 8.3556ms) {"SourceContext": "Infrastructure.Services.DatabaseTestService", "Application": "Crud.Api"}
[05:35:16 INF] Releasing database mutex for worker 11349 {"SourceContext": "Infrastructure.Services.DatabaseTestService", "Application": "Crud.Api"}
[05:35:16 INF] Password reset requested from IP: unknown {"SourceContext": "Api.Controllers.AuthController", "ActionId": "46eb6960-c2f4-41e8-865f-66cac86154c6", "ActionName": "Api.Controllers.AuthController.ForgotPassword (Api)", "RequestId": "0HNFGUJ46SF9R", "RequestPath": "/api/auth/forgot-password", "Application": "Crud.Api"}
[05:35:16 INF] Password reset requested for user: 415a58fd-0c2f-40e9-964b-cbf75a114666 {"SourceContext": "App.Features.Authentication.ForgotPasswordCommandHandler", "ActionId": "46eb6960-c2f4-41e8-865f-66cac86154c6", "ActionName": "Api.Controllers.AuthController.ForgotPassword (Api)", "RequestId": "0HNFGUJ46SF9R", "RequestPath": "/api/auth/forgot-password", "Application": "Crud.Api"}
[05:35:16 INF] Password reset email sent (Mock Service - Not Actually Sent) {"SourceContext": "Infrastructure.Services.MockEmailService", "ActionId": "46eb6960-c2f4-41e8-865f-66cac86154c6", "ActionName": "Api.Controllers.AuthController.ForgotPassword (Api)", "RequestId": "0HNFGUJ46SF9R", "RequestPath": "/api/auth/forgot-password", "Application": "Crud.Api"}
[05:35:16 DBG] Email Details - From: noreply@example.com, Subject: Password Reset Request {"SourceContext": "Infrastructure.Services.MockEmailService", "ActionId": "46eb6960-c2f4-41e8-865f-66cac86154c6", "ActionName": "Api.Controllers.AuthController.ForgotPassword (Api)", "RequestId": "0HNFGUJ46SF9R", "RequestPath": "/api/auth/forgot-password", "Application": "Crud.Api"}
[05:35:16 INF] Password reset email sent successfully for user: 415a58fd-0c2f-40e9-964b-cbf75a114666 {"SourceContext": "App.Features.Authentication.ForgotPasswordCommandHandler", "ActionId": "46eb6960-c2f4-41e8-865f-66cac86154c6", "ActionName": "Api.Controllers.AuthController.ForgotPassword (Api)", "RequestId": "0HNFGUJ46SF9R", "RequestPath": "/api/auth/forgot-password", "Application": "Crud.Api"}
Activity.TraceId:            2b568d9d01b19a9722530cbcc8103464
Activity.SpanId:             640df19e68f75a5d
Activity.TraceFlags:         Recorded
Activity.ActivitySourceName: Microsoft.AspNetCore
Activity.DisplayName:        POST api/Auth/forgot-password
Activity.Kind:               Server
Activity.StartTime:          2025-09-11T05:35:16.0831313Z
Activity.Duration:           00:00:00.1034221
Activity.Tags:
    server.address: localhost
    http.request.method: POST
    url.scheme: http
    url.path: /api/auth/forgot-password
    network.protocol.version: 1.1
    http.route: api/Auth/forgot-password
    http.response.status_code: 200
Resource associated with Activity:
    deployment.environment: Testing
    service.name: Crud.Api
    service.version: 1.0.0
    service.instance.id: 15081513-c9e4-4e0d-aac5-97a71d5ef649
    telemetry.sdk.name: opentelemetry
    telemetry.sdk.language: dotnet
    telemetry.sdk.version: 1.8.1
[05:35:16 INF] Token validation requested for token: 1KvxYnAB7G*** {"SourceContext": "App.Features.Authentication.ValidateResetTokenQueryHandler", "ActionId": "4b18d21c-8853-4cbc-ab46-39add3b93d4f", "ActionName": "Api.Controllers.AuthController.ValidateResetToken (Api)", "RequestId": "0HNFGUJ46SF9S", "RequestPath": "/api/auth/validate-reset-token", "Application": "Crud.Api"}
[05:35:16 INF] Token validation completed - Valid: True, Expired: False, Used: False {"SourceContext": "App.Features.Authentication.ValidateResetTokenQueryHandler", "ActionId": "4b18d21c-8853-4cbc-ab46-39add3b93d4f", "ActionName": "Api.Controllers.AuthController.ValidateResetToken (Api)", "RequestId": "0HNFGUJ46SF9S", "RequestPath": "/api/auth/validate-reset-token", "Application": "Crud.Api"}
Activity.TraceId:            1c09318a5ec2c396157d74e362c7c408
Activity.SpanId:             be30149e0b0639d6
Activity.TraceFlags:         Recorded
Activity.ActivitySourceName: Microsoft.AspNetCore
Activity.DisplayName:        POST api/Auth/validate-reset-token
Activity.Kind:               Server
Activity.StartTime:          2025-09-11T05:35:16.1878311Z
Activity.Duration:           00:00:00.0018393
Activity.Tags:
    server.address: localhost
    http.request.method: POST
    url.scheme: http
    url.path: /api/auth/validate-reset-token
    network.protocol.version: 1.1
    http.route: api/Auth/validate-reset-token
    http.response.status_code: 200
Resource associated with Activity:
    deployment.environment: Testing
    service.name: Crud.Api
    service.version: 1.0.0
    service.instance.id: 15081513-c9e4-4e0d-aac5-97a71d5ef649
    telemetry.sdk.name: opentelemetry
    telemetry.sdk.language: dotnet
    telemetry.sdk.version: 1.8.1
[05:35:16 INF] Password reset attempt from IP: unknown {"SourceContext": "Api.Controllers.AuthController", "ActionId": "9b4232b4-6690-4ad3-b3f6-e91f2c35d25e", "ActionName": "Api.Controllers.AuthController.ResetPassword (Api)", "RequestId": "0HNFGUJ46SF9T", "RequestPath": "/api/auth/reset-password", "Application": "Crud.Api"}
[05:35:16 INF] Password reset successful for user: 415a58fd-0c2f-40e9-964b-cbf75a114666, Email: test@example.com {"SourceContext": "App.Features.Authentication.ResetPasswordCommandHandler", "ActionId": "9b4232b4-6690-4ad3-b3f6-e91f2c35d25e", "ActionName": "Api.Controllers.AuthController.ResetPassword (Api)", "RequestId": "0HNFGUJ46SF9T", "RequestPath": "/api/auth/reset-password", "Application": "Crud.Api"}
Activity.TraceId:            64cbe181d6f4027b9b8416fe3c5d811e
Activity.SpanId:             a0144b8b06858c9a
Activity.TraceFlags:         Recorded
Activity.ActivitySourceName: Microsoft.AspNetCore
Activity.DisplayName:        POST api/Auth/reset-password
Activity.Kind:               Server
Activity.StartTime:          2025-09-11T05:35:16.1898343Z
Activity.Duration:           00:00:00.3040378
Activity.Tags:
    server.address: localhost
    http.request.method: POST
    url.scheme: http
    url.path: /api/auth/reset-password
    network.protocol.version: 1.1
    http.route: api/Auth/reset-password
    http.response.status_code: 200
Resource associated with Activity:
    deployment.environment: Testing
    service.name: Crud.Api
    service.version: 1.0.0
    service.instance.id: 15081513-c9e4-4e0d-aac5-97a71d5ef649
    telemetry.sdk.name: opentelemetry
    telemetry.sdk.language: dotnet
    telemetry.sdk.version: 1.8.1
[05:35:16 INF] Token validation requested for token: 1KvxYnAB7G*** {"SourceContext": "App.Features.Authentication.ValidateResetTokenQueryHandler", "ActionId": "4b18d21c-8853-4cbc-ab46-39add3b93d4f", "ActionName": "Api.Controllers.AuthController.ValidateResetToken (Api)", "RequestId": "0HNFGUJ46SF9U", "RequestPath": "/api/auth/validate-reset-token", "Application": "Crud.Api"}
[05:35:16 INF] Token validation completed - Valid: False, Expired: False, Used: True {"SourceContext": "App.Features.Authentication.ValidateResetTokenQueryHandler", "ActionId": "4b18d21c-8853-4cbc-ab46-39add3b93d4f", "ActionName": "Api.Controllers.AuthController.ValidateResetToken (Api)", "RequestId": "0HNFGUJ46SF9U", "RequestPath": "/api/auth/validate-reset-token", "Application": "Crud.Api"}
Activity.TraceId:            f21b549b420f780e5877393f25ea6a29
Activity.SpanId:             59ee3a3a90d93097
Activity.TraceFlags:         Recorded
Activity.ActivitySourceName: Microsoft.AspNetCore
Activity.DisplayName:        POST api/Auth/validate-reset-token
Activity.Kind:               Server
Activity.StartTime:          2025-09-11T05:35:16.4939814Z
Activity.Duration:           00:00:00.0017189
Activity.Tags:
    server.address: localhost
    http.request.method: POST
    url.scheme: http
    url.path: /api/auth/validate-reset-token
    network.protocol.version: 1.1
    http.route: api/Auth/validate-reset-token
    http.response.status_code: 200
Resource associated with Activity:
    deployment.environment: Testing
    service.name: Crud.Api
    service.version: 1.0.0
    service.instance.id: 15081513-c9e4-4e0d-aac5-97a71d5ef649
    telemetry.sdk.name: opentelemetry
    telemetry.sdk.language: dotnet
    telemetry.sdk.version: 1.8.1
[05:35:16 INF] Password reset attempt from IP: unknown {"SourceContext": "Api.Controllers.AuthController", "ActionId": "9b4232b4-6690-4ad3-b3f6-e91f2c35d25e", "ActionName": "Api.Controllers.AuthController.ResetPassword (Api)", "RequestId": "0HNFGUJ46SF9V", "RequestPath": "/api/auth/reset-password", "Application": "Crud.Api"}
[05:35:16 WRN] Password reset attempted with already used token for user: 415a58fd-0c2f-40e9-964b-cbf75a114666 {"SourceContext": "App.Features.Authentication.ResetPasswordCommandHandler", "ActionId": "9b4232b4-6690-4ad3-b3f6-e91f2c35d25e", "ActionName": "Api.Controllers.AuthController.ResetPassword (Api)", "RequestId": "0HNFGUJ46SF9V", "RequestPath": "/api/auth/reset-password", "Application": "Crud.Api"}
Activity.TraceId:            7ac21eb27ee3f5275ed22c2497c9750d
Activity.SpanId:             c9fa97b6ebbf7433
Activity.TraceFlags:         Recorded
Activity.ActivitySourceName: Microsoft.AspNetCore
Activity.DisplayName:        POST api/Auth/reset-password
Activity.Kind:               Server
Activity.StartTime:          2025-09-11T05:35:16.4958226Z
Activity.Duration:           00:00:00.0008008
Activity.Tags:
    server.address: localhost
    http.request.method: POST
    url.scheme: http
    url.path: /api/auth/reset-password
    network.protocol.version: 1.1
    http.route: api/Auth/reset-password
    http.response.status_code: 400
Resource associated with Activity:
    deployment.environment: Testing
    service.name: Crud.Api
    service.version: 1.0.0
    service.instance.id: 15081513-c9e4-4e0d-aac5-97a71d5ef649
    telemetry.sdk.name: opentelemetry
    telemetry.sdk.language: dotnet
    telemetry.sdk.version: 1.8.1
❌ POST /api/auth/reset-password failed:
   Status: BadRequest (400)
   Reason: Bad Request
   Response Body: {"error":"This password reset link has already been used."}
   Content Headers: Content-Type=application/json; charset=utf-8
[05:35:16 INF] Resetting database for worker 11349 {"SourceContext": "Infrastructure.Services.DatabaseTestService", "Application": "Crud.Api"}
[05:35:16 INF] Resetting database via file deletion for worker 11349 in CI environment {"SourceContext": "Infrastructure.Services.DatabaseTestService", "Application": "Crud.Api"}
[05:35:16 INF] Acquiring database mutex for worker 11349... {"SourceContext": "Infrastructure.Services.DatabaseTestService", "Application": "Crud.Api"}
[05:35:16 INF] Database mutex acquired for worker 11349 {"SourceContext": "Infrastructure.Services.DatabaseTestService", "Application": "Crud.Api"}
[05:35:16 INF] Current database state - CanConnect: True {"SourceContext": "Infrastructure.Services.DatabaseTestService", "Application": "Crud.Api"}
[05:35:16 INF] [Phase 0] Closing database connection for worker 11349... {"SourceContext": "Infrastructure.Services.DatabaseTestService", "Application": "Crud.Api"}
[05:35:16 INF] [Phase 0] Connection closed in 0.0005ms {"SourceContext": "Infrastructure.Services.DatabaseTestService", "Application": "Crud.Api"}
[05:35:16 INF] [Phase 1] Starting EnsureDeletedAsync for worker 11349... {"SourceContext": "Infrastructure.Services.DatabaseTestService", "Application": "Crud.Api"}
[05:35:16 INF] [Phase 1] EnsureDeletedAsync completed in 1.5042ms {"SourceContext": "Infrastructure.Services.DatabaseTestService", "Application": "Crud.Api"}
[05:35:16 INF] [Phase 2] Starting EnsureCreatedAsync for worker 11349... {"SourceContext": "Infrastructure.Services.DatabaseTestService", "Application": "Crud.Api"}
[05:35:16 INF] [Phase 2] EnsureCreatedAsync completed in 8.431ms {"SourceContext": "Infrastructure.Services.DatabaseTestService", "Application": "Crud.Api"}
[05:35:16 INF] [Phase 3] Skipping database seeding as requested for worker 11349 {"SourceContext": "Infrastructure.Services.DatabaseTestService", "Application": "Crud.Api"}
[05:35:16 INF] Database reset via file deletion completed for worker 11349 in 110.0773ms (Close: 0.0005ms, Delete: 1.5042ms, Create: 8.431ms) {"SourceContext": "Infrastructure.Services.DatabaseTestService", "Application": "Crud.Api"}
[05:35:16 INF] Releasing database mutex for worker 11349 {"SourceContext": "Infrastructure.Services.DatabaseTestService", "Application": "Crud.Api"}
[05:35:16 INF] Resetting database for worker 11349 {"SourceContext": "Infrastructure.Services.DatabaseTestService", "Application": "Crud.Api"}
[05:35:16 INF] Resetting database via file deletion for worker 11349 in CI environment {"SourceContext": "Infrastructure.Services.DatabaseTestService", "Application": "Crud.Api"}
[05:35:16 INF] Acquiring database mutex for worker 11349... {"SourceContext": "Infrastructure.Services.DatabaseTestService", "Application": "Crud.Api"}
[05:35:16 INF] Database mutex acquired for worker 11349 {"SourceContext": "Infrastructure.Services.DatabaseTestService", "Application": "Crud.Api"}
[05:35:16 INF] Current database state - CanConnect: True {"SourceContext": "Infrastructure.Services.DatabaseTestService", "Application": "Crud.Api"}
[05:35:16 INF] [Phase 0] Closing database connection for worker 11349... {"SourceContext": "Infrastructure.Services.DatabaseTestService", "Application": "Crud.Api"}
[05:35:16 INF] [Phase 0] Connection closed in 0.0005ms {"SourceContext": "Infrastructure.Services.DatabaseTestService", "Application": "Crud.Api"}
[05:35:16 INF] [Phase 1] Starting EnsureDeletedAsync for worker 11349... {"SourceContext": "Infrastructure.Services.DatabaseTestService", "Application": "Crud.Api"}
[05:35:16 INF] [Phase 1] EnsureDeletedAsync completed in 1.3911ms {"SourceContext": "Infrastructure.Services.DatabaseTestService", "Application": "Crud.Api"}
[05:35:16 INF] [Phase 2] Starting EnsureCreatedAsync for worker 11349... {"SourceContext": "Infrastructure.Services.DatabaseTestService", "Application": "Crud.Api"}
[05:35:16 INF] [Phase 2] EnsureCreatedAsync completed in 17.4698ms {"SourceContext": "Infrastructure.Services.DatabaseTestService", "Application": "Crud.Api"}
[05:35:16 INF] [Phase 3] Skipping database seeding as requested for worker 11349 {"SourceContext": "Infrastructure.Services.DatabaseTestService", "Application": "Crud.Api"}
[05:35:16 INF] Database reset via file deletion completed for worker 11349 in 119.9892ms (Close: 0.0005ms, Delete: 1.3911ms, Create: 17.4698ms) {"SourceContext": "Infrastructure.Services.DatabaseTestService", "Application": "Crud.Api"}
[05:35:16 INF] Releasing database mutex for worker 11349 {"SourceContext": "Infrastructure.Services.DatabaseTestService", "Application": "Crud.Api"}
[05:35:16 INF] Password reset requested from IP: unknown {"SourceContext": "Api.Controllers.AuthController", "ActionId": "46eb6960-c2f4-41e8-865f-66cac86154c6", "ActionName": "Api.Controllers.AuthController.ForgotPassword (Api)", "RequestId": "0HNFGUJ46SFA0", "RequestPath": "/api/auth/forgot-password", "Application": "Crud.Api"}
[05:35:16 INF] Password reset requested for user: efd7f157-9e8c-433e-bb51-810c4ce67963 {"SourceContext": "App.Features.Authentication.ForgotPasswordCommandHandler", "ActionId": "46eb6960-c2f4-41e8-865f-66cac86154c6", "ActionName": "Api.Controllers.AuthController.ForgotPassword (Api)", "RequestId": "0HNFGUJ46SFA0", "RequestPath": "/api/auth/forgot-password", "Application": "Crud.Api"}
[05:35:16 INF] Password reset email sent (Mock Service - Not Actually Sent) {"SourceContext": "Infrastructure.Services.MockEmailService", "ActionId": "46eb6960-c2f4-41e8-865f-66cac86154c6", "ActionName": "Api.Controllers.AuthController.ForgotPassword (Api)", "RequestId": "0HNFGUJ46SFA0", "RequestPath": "/api/auth/forgot-password", "Application": "Crud.Api"}
[05:35:16 DBG] Email Details - From: noreply@example.com, Subject: Password Reset Request {"SourceContext": "Infrastructure.Services.MockEmailService", "ActionId": "46eb6960-c2f4-41e8-865f-66cac86154c6", "ActionName": "Api.Controllers.AuthController.ForgotPassword (Api)", "RequestId": "0HNFGUJ46SFA0", "RequestPath": "/api/auth/forgot-password", "Application": "Crud.Api"}
[05:35:16 INF] Password reset email sent successfully for user: efd7f157-9e8c-433e-bb51-810c4ce67963 {"SourceContext": "App.Features.Authentication.ForgotPasswordCommandHandler", "ActionId": "46eb6960-c2f4-41e8-865f-66cac86154c6", "ActionName": "Api.Controllers.AuthController.ForgotPassword (Api)", "RequestId": "0HNFGUJ46SFA0", "RequestPath": "/api/auth/forgot-password", "Application": "Crud.Api"}
Activity.TraceId:            cb528c5e5c6c3212caa927bdbd5b6fb2
Activity.SpanId:             050134dc59484fae
Activity.TraceFlags:         Recorded
Activity.ActivitySourceName: Microsoft.AspNetCore
Activity.DisplayName:        POST api/Auth/forgot-password
Activity.Kind:               Server
Activity.StartTime:          2025-09-11T05:35:16.7323967Z
Activity.Duration:           00:00:00.1028108
Activity.Tags:
    server.address: localhost
    http.request.method: POST
    url.scheme: http
    url.path: /api/auth/forgot-password
    network.protocol.version: 1.1
    http.route: api/Auth/forgot-password
    http.response.status_code: 200
Resource associated with Activity:
    deployment.environment: Testing
    service.name: Crud.Api
    service.version: 1.0.0
    service.instance.id: 15081513-c9e4-4e0d-aac5-97a71d5ef649
    telemetry.sdk.name: opentelemetry
    telemetry.sdk.language: dotnet
    telemetry.sdk.version: 1.8.1
[05:35:16 INF] Token validation requested for token: M1J6AlKKH4*** {"SourceContext": "App.Features.Authentication.ValidateResetTokenQueryHandler", "ActionId": "4b18d21c-8853-4cbc-ab46-39add3b93d4f", "ActionName": "Api.Controllers.AuthController.ValidateResetToken (Api)", "RequestId": "0HNFGUJ46SFA1", "RequestPath": "/api/auth/validate-reset-token", "Application": "Crud.Api"}
[05:35:16 INF] Token validation completed - Valid: True, Expired: False, Used: False {"SourceContext": "App.Features.Authentication.ValidateResetTokenQueryHandler", "ActionId": "4b18d21c-8853-4cbc-ab46-39add3b93d4f", "ActionName": "Api.Controllers.AuthController.ValidateResetToken (Api)", "RequestId": "0HNFGUJ46SFA1", "RequestPath": "/api/auth/validate-reset-token", "Application": "Crud.Api"}
Activity.TraceId:            7934cf576b8410c77a3416dff5f867a7
Activity.SpanId:             ee5ab16a5ea68b98
Activity.TraceFlags:         Recorded
Activity.ActivitySourceName: Microsoft.AspNetCore
Activity.DisplayName:        POST api/Auth/validate-reset-token
Activity.Kind:               Server
Activity.StartTime:          2025-09-11T05:35:16.8365992Z
Activity.Duration:           00:00:00.0009117
Activity.Tags:
    server.address: localhost
    http.request.method: POST
    url.scheme: http
    url.path: /api/auth/validate-reset-token
    network.protocol.version: 1.1
    http.route: api/Auth/validate-reset-token
    http.response.status_code: 200
Resource associated with Activity:
    deployment.environment: Testing
    service.name: Crud.Api
    service.version: 1.0.0
    service.instance.id: 15081513-c9e4-4e0d-aac5-97a71d5ef649
    telemetry.sdk.name: opentelemetry
    telemetry.sdk.language: dotnet
    telemetry.sdk.version: 1.8.1
[05:35:16 INF] Resetting database for worker 11349 {"SourceContext": "Infrastructure.Services.DatabaseTestService", "Application": "Crud.Api"}
[05:35:16 INF] Resetting database via file deletion for worker 11349 in CI environment {"SourceContext": "Infrastructure.Services.DatabaseTestService", "Application": "Crud.Api"}
[05:35:16 INF] Acquiring database mutex for worker 11349... {"SourceContext": "Infrastructure.Services.DatabaseTestService", "Application": "Crud.Api"}
[05:35:16 INF] Database mutex acquired for worker 11349 {"SourceContext": "Infrastructure.Services.DatabaseTestService", "Application": "Crud.Api"}
[05:35:16 INF] Current database state - CanConnect: True {"SourceContext": "Infrastructure.Services.DatabaseTestService", "Application": "Crud.Api"}
[05:35:16 INF] [Phase 0] Closing database connection for worker 11349... {"SourceContext": "Infrastructure.Services.DatabaseTestService", "Application": "Crud.Api"}
[05:35:16 INF] [Phase 0] Connection closed in 0.0005ms {"SourceContext": "Infrastructure.Services.DatabaseTestService", "Application": "Crud.Api"}
[05:35:16 INF] [Phase 1] Starting EnsureDeletedAsync for worker 11349... {"SourceContext": "Infrastructure.Services.DatabaseTestService", "Application": "Crud.Api"}
[05:35:16 INF] [Phase 1] EnsureDeletedAsync completed in 1.5131ms {"SourceContext": "Infrastructure.Services.DatabaseTestService", "Application": "Crud.Api"}
[05:35:16 INF] [Phase 2] Starting EnsureCreatedAsync for worker 11349... {"SourceContext": "Infrastructure.Services.DatabaseTestService", "Application": "Crud.Api"}
[05:35:16 INF] [Phase 2] EnsureCreatedAsync completed in 7.907ms {"SourceContext": "Infrastructure.Services.DatabaseTestService", "Application": "Crud.Api"}
[05:35:16 INF] [Phase 3] Skipping database seeding as requested for worker 11349 {"SourceContext": "Infrastructure.Services.DatabaseTestService", "Application": "Crud.Api"}
[05:35:16 INF] Database reset via file deletion completed for worker 11349 in 109.9884ms (Close: 0.0005ms, Delete: 1.5131ms, Create: 7.907ms) {"SourceContext": "Infrastructure.Services.DatabaseTestService", "Application": "Crud.Api"}
[05:35:16 INF] Releasing database mutex for worker 11349 {"SourceContext": "Infrastructure.Services.DatabaseTestService", "Application": "Crud.Api"}
[05:35:16 INF] Resetting database for worker 11349 {"SourceContext": "Infrastructure.Services.DatabaseTestService", "Application": "Crud.Api"}
[05:35:16 INF] Resetting database via file deletion for worker 11349 in CI environment {"SourceContext": "Infrastructure.Services.DatabaseTestService", "Application": "Crud.Api"}
[05:35:16 INF] Acquiring database mutex for worker 11349... {"SourceContext": "Infrastructure.Services.DatabaseTestService", "Application": "Crud.Api"}
[05:35:16 INF] Database mutex acquired for worker 11349 {"SourceContext": "Infrastructure.Services.DatabaseTestService", "Application": "Crud.Api"}
[05:35:16 INF] Current database state - CanConnect: True {"SourceContext": "Infrastructure.Services.DatabaseTestService", "Application": "Crud.Api"}
[05:35:16 INF] [Phase 0] Closing database connection for worker 11349... {"SourceContext": "Infrastructure.Services.DatabaseTestService", "Application": "Crud.Api"}
[05:35:16 INF] [Phase 0] Connection closed in 0.0005ms {"SourceContext": "Infrastructure.Services.DatabaseTestService", "Application": "Crud.Api"}
[05:35:16 INF] [Phase 1] Starting EnsureDeletedAsync for worker 11349... {"SourceContext": "Infrastructure.Services.DatabaseTestService", "Application": "Crud.Api"}
[05:35:16 INF] [Phase 1] EnsureDeletedAsync completed in 1.2691ms {"SourceContext": "Infrastructure.Services.DatabaseTestService", "Application": "Crud.Api"}
[05:35:17 INF] [Phase 2] Starting EnsureCreatedAsync for worker 11349... {"SourceContext": "Infrastructure.Services.DatabaseTestService", "Application": "Crud.Api"}
[05:35:17 INF] [Phase 2] EnsureCreatedAsync completed in 7.6413ms {"SourceContext": "Infrastructure.Services.DatabaseTestService", "Application": "Crud.Api"}
[05:35:17 INF] [Phase 3] Skipping database seeding as requested for worker 11349 {"SourceContext": "Infrastructure.Services.DatabaseTestService", "Application": "Crud.Api"}
[05:35:17 INF] Database reset via file deletion completed for worker 11349 in 108.9781ms (Close: 0.0005ms, Delete: 1.2691ms, Create: 7.6413ms) {"SourceContext": "Infrastructure.Services.DatabaseTestService", "Application": "Crud.Api"}
[05:35:17 INF] Releasing database mutex for worker 11349 {"SourceContext": "Infrastructure.Services.DatabaseTestService", "Application": "Crud.Api"}
[05:35:17 INF] Password reset attempt from IP: unknown {"SourceContext": "Api.Controllers.AuthController", "ActionId": "9b4232b4-6690-4ad3-b3f6-e91f2c35d25e", "ActionName": "Api.Controllers.AuthController.ResetPassword (Api)", "RequestId": "0HNFGUJ46SFA2", "RequestPath": "/api/auth/reset-password", "Application": "Crud.Api"}
[05:35:17 WRN] Password reset attempted with invalid token {"SourceContext": "App.Features.Authentication.ResetPasswordCommandHandler", "ActionId": "9b4232b4-6690-4ad3-b3f6-e91f2c35d25e", "ActionName": "Api.Controllers.AuthController.ResetPassword (Api)", "RequestId": "0HNFGUJ46SFA2", "RequestPath": "/api/auth/reset-password", "Application": "Crud.Api"}
Activity.TraceId:            12b21aef6a4d5552ceb9e8bc141cd576
Activity.SpanId:             7082ff50a2181700
Activity.TraceFlags:         Recorded
Activity.ActivitySourceName: Microsoft.AspNetCore
Activity.DisplayName:        POST api/Auth/reset-password
Activity.Kind:               Server
Activity.StartTime:          2025-09-11T05:35:17.0607924Z
Activity.Duration:           00:00:00.0010407
Activity.Tags:
    server.address: localhost
    http.request.method: POST
    url.scheme: http
    url.path: /api/auth/reset-password
    network.protocol.version: 1.1
    http.route: api/Auth/reset-password
    http.response.status_code: 400
Resource associated with Activity:
    deployment.environment: Testing
    service.name: Crud.Api
    service.version: 1.0.0
    service.instance.id: 15081513-c9e4-4e0d-aac5-97a71d5ef649
    telemetry.sdk.name: opentelemetry
    telemetry.sdk.language: dotnet
    telemetry.sdk.version: 1.8.1
❌ POST /api/auth/reset-password failed:
   Status: BadRequest (400)
   Reason: Bad Request
   Response Body: {"error":"Invalid or expired password reset link."}
   Content Headers: Content-Type=application/json; charset=utf-8
[05:35:17 INF] Resetting database for worker 11349 {"SourceContext": "Infrastructure.Services.DatabaseTestService", "Application": "Crud.Api"}
[05:35:17 INF] Resetting database via file deletion for worker 11349 in CI environment {"SourceContext": "Infrastructure.Services.DatabaseTestService", "Application": "Crud.Api"}
[05:35:17 INF] Acquiring database mutex for worker 11349... {"SourceContext": "Infrastructure.Services.DatabaseTestService", "Application": "Crud.Api"}
[05:35:17 INF] Database mutex acquired for worker 11349 {"SourceContext": "Infrastructure.Services.DatabaseTestService", "Application": "Crud.Api"}
[05:35:17 INF] Current database state - CanConnect: True {"SourceContext": "Infrastructure.Services.DatabaseTestService", "Application": "Crud.Api"}
[05:35:17 INF] [Phase 0] Closing database connection for worker 11349... {"SourceContext": "Infrastructure.Services.DatabaseTestService", "Application": "Crud.Api"}
[05:35:17 INF] [Phase 0] Connection closed in 0.0005ms {"SourceContext": "Infrastructure.Services.DatabaseTestService", "Application": "Crud.Api"}
[05:35:17 INF] [Phase 1] Starting EnsureDeletedAsync for worker 11349... {"SourceContext": "Infrastructure.Services.DatabaseTestService", "Application": "Crud.Api"}
[05:35:17 INF] [Phase 1] EnsureDeletedAsync completed in 1.3038ms {"SourceContext": "Infrastructure.Services.DatabaseTestService", "Application": "Crud.Api"}
[05:35:17 INF] [Phase 2] Starting EnsureCreatedAsync for worker 11349... {"SourceContext": "Infrastructure.Services.DatabaseTestService", "Application": "Crud.Api"}
[05:35:17 INF] [Phase 2] EnsureCreatedAsync completed in 7.8384ms {"SourceContext": "Infrastructure.Services.DatabaseTestService", "Application": "Crud.Api"}
[05:35:17 INF] [Phase 3] Skipping database seeding as requested for worker 11349 {"SourceContext": "Infrastructure.Services.DatabaseTestService", "Application": "Crud.Api"}
[05:35:17 INF] Database reset via file deletion completed for worker 11349 in 110.5966ms (Close: 0.0005ms, Delete: 1.3038ms, Create: 7.8384ms) {"SourceContext": "Infrastructure.Services.DatabaseTestService", "Application": "Crud.Api"}
[05:35:17 INF] Releasing database mutex for worker 11349 {"SourceContext": "Infrastructure.Services.DatabaseTestService", "Application": "Crud.Api"}
[05:35:17 INF] Resetting database for worker 11349 {"SourceContext": "Infrastructure.Services.DatabaseTestService", "Application": "Crud.Api"}
[05:35:17 INF] Resetting database via file deletion for worker 11349 in CI environment {"SourceContext": "Infrastructure.Services.DatabaseTestService", "Application": "Crud.Api"}
[05:35:17 INF] Acquiring database mutex for worker 11349... {"SourceContext": "Infrastructure.Services.DatabaseTestService", "Application": "Crud.Api"}
[05:35:17 INF] Database mutex acquired for worker 11349 {"SourceContext": "Infrastructure.Services.DatabaseTestService", "Application": "Crud.Api"}
[05:35:17 INF] Current database state - CanConnect: True {"SourceContext": "Infrastructure.Services.DatabaseTestService", "Application": "Crud.Api"}
[05:35:17 INF] [Phase 0] Closing database connection for worker 11349... {"SourceContext": "Infrastructure.Services.DatabaseTestService", "Application": "Crud.Api"}
[05:35:17 INF] [Phase 0] Connection closed in 0.0007ms {"SourceContext": "Infrastructure.Services.DatabaseTestService", "Application": "Crud.Api"}
[05:35:17 INF] [Phase 1] Starting EnsureDeletedAsync for worker 11349... {"SourceContext": "Infrastructure.Services.DatabaseTestService", "Application": "Crud.Api"}
[05:35:17 INF] [Phase 1] EnsureDeletedAsync completed in 1.4065ms {"SourceContext": "Infrastructure.Services.DatabaseTestService", "Application": "Crud.Api"}
[05:35:17 INF] [Phase 2] Starting EnsureCreatedAsync for worker 11349... {"SourceContext": "Infrastructure.Services.DatabaseTestService", "Application": "Crud.Api"}
[05:35:17 INF] [Phase 2] EnsureCreatedAsync completed in 8.1938ms {"SourceContext": "Infrastructure.Services.DatabaseTestService", "Application": "Crud.Api"}
[05:35:17 INF] [Phase 3] Skipping database seeding as requested for worker 11349 {"SourceContext": "Infrastructure.Services.DatabaseTestService", "Application": "Crud.Api"}
[05:35:17 INF] Database reset via file deletion completed for worker 11349 in 111.26ms (Close: 0.0007ms, Delete: 1.4065ms, Create: 8.1938ms) {"SourceContext": "Infrastructure.Services.DatabaseTestService", "Application": "Crud.Api"}
[05:35:17 INF] Releasing database mutex for worker 11349 {"SourceContext": "Infrastructure.Services.DatabaseTestService", "Application": "Crud.Api"}
[05:35:17 INF] Password reset requested from IP: unknown {"SourceContext": "Api.Controllers.AuthController", "ActionId": "46eb6960-c2f4-41e8-865f-66cac86154c6", "ActionName": "Api.Controllers.AuthController.ForgotPassword (Api)", "RequestId": "0HNFGUJ46SFA3", "RequestPath": "/api/auth/forgot-password", "Application": "Crud.Api"}
[05:35:17 INF] Password reset requested for user: 4243a923-a4ae-4f61-a443-d2a8ebd27fc1 {"SourceContext": "App.Features.Authentication.ForgotPasswordCommandHandler", "ActionId": "46eb6960-c2f4-41e8-865f-66cac86154c6", "ActionName": "Api.Controllers.AuthController.ForgotPassword (Api)", "RequestId": "0HNFGUJ46SFA3", "RequestPath": "/api/auth/forgot-password", "Application": "Crud.Api"}
[05:35:17 INF] Password reset email sent (Mock Service - Not Actually Sent) {"SourceContext": "Infrastructure.Services.MockEmailService", "ActionId": "46eb6960-c2f4-41e8-865f-66cac86154c6", "ActionName": "Api.Controllers.AuthController.ForgotPassword (Api)", "RequestId": "0HNFGUJ46SFA3", "RequestPath": "/api/auth/forgot-password", "Application": "Crud.Api"}
[05:35:17 DBG] Email Details - From: noreply@example.com, Subject: Password Reset Request {"SourceContext": "Infrastructure.Services.MockEmailService", "ActionId": "46eb6960-c2f4-41e8-865f-66cac86154c6", "ActionName": "Api.Controllers.AuthController.ForgotPassword (Api)", "RequestId": "0HNFGUJ46SFA3", "RequestPath": "/api/auth/forgot-password", "Application": "Crud.Api"}
[05:35:17 INF] Password reset email sent successfully for user: 4243a923-a4ae-4f61-a443-d2a8ebd27fc1 {"SourceContext": "App.Features.Authentication.ForgotPasswordCommandHandler", "ActionId": "46eb6960-c2f4-41e8-865f-66cac86154c6", "ActionName": "Api.Controllers.AuthController.ForgotPassword (Api)", "RequestId": "0HNFGUJ46SFA3", "RequestPath": "/api/auth/forgot-password", "Application": "Crud.Api"}
Activity.TraceId:            0724be356c60ba15e0bb8147ce033b3a
Activity.SpanId:             2531474c5250a696
Activity.TraceFlags:         Recorded
Activity.ActivitySourceName: Microsoft.AspNetCore
Activity.DisplayName:        POST api/Auth/forgot-password
Activity.Kind:               Server
Activity.StartTime:          2025-09-11T05:35:17.2894384Z
Activity.Duration:           00:00:00.1027159
Activity.Tags:
    server.address: localhost
    http.request.method: POST
    url.scheme: http
    url.path: /api/auth/forgot-password
    network.protocol.version: 1.1
    http.route: api/Auth/forgot-password
    http.response.status_code: 200
Resource associated with Activity:
    deployment.environment: Testing
    service.name: Crud.Api
    service.version: 1.0.0
    service.instance.id: 15081513-c9e4-4e0d-aac5-97a71d5ef649
    telemetry.sdk.name: opentelemetry
    telemetry.sdk.language: dotnet
    telemetry.sdk.version: 1.8.1
[05:35:17 INF] Resetting database for worker 11349 {"SourceContext": "Infrastructure.Services.DatabaseTestService", "Application": "Crud.Api"}
[05:35:17 INF] Resetting database via file deletion for worker 11349 in CI environment {"SourceContext": "Infrastructure.Services.DatabaseTestService", "Application": "Crud.Api"}
[05:35:17 INF] Acquiring database mutex for worker 11349... {"SourceContext": "Infrastructure.Services.DatabaseTestService", "Application": "Crud.Api"}
[05:35:17 INF] Database mutex acquired for worker 11349 {"SourceContext": "Infrastructure.Services.DatabaseTestService", "Application": "Crud.Api"}
[05:35:17 INF] Current database state - CanConnect: True {"SourceContext": "Infrastructure.Services.DatabaseTestService", "Application": "Crud.Api"}
[05:35:17 INF] [Phase 0] Closing database connection for worker 11349... {"SourceContext": "Infrastructure.Services.DatabaseTestService", "Application": "Crud.Api"}
[05:35:17 INF] [Phase 0] Connection closed in 0.0011ms {"SourceContext": "Infrastructure.Services.DatabaseTestService", "Application": "Crud.Api"}
[05:35:17 INF] [Phase 1] Starting EnsureDeletedAsync for worker 11349... {"SourceContext": "Infrastructure.Services.DatabaseTestService", "Application": "Crud.Api"}
[05:35:17 INF] [Phase 1] EnsureDeletedAsync completed in 1.686ms {"SourceContext": "Infrastructure.Services.DatabaseTestService", "Application": "Crud.Api"}
[05:35:17 INF] [Phase 2] Starting EnsureCreatedAsync for worker 11349... {"SourceContext": "Infrastructure.Services.DatabaseTestService", "Application": "Crud.Api"}
[05:35:17 INF] [Phase 2] EnsureCreatedAsync completed in 9.2516ms {"SourceContext": "Infrastructure.Services.DatabaseTestService", "Application": "Crud.Api"}
[05:35:17 INF] [Phase 3] Skipping database seeding as requested for worker 11349 {"SourceContext": "Infrastructure.Services.DatabaseTestService", "Application": "Crud.Api"}
[05:35:17 INF] Database reset via file deletion completed for worker 11349 in 112.0931ms (Close: 0.0011ms, Delete: 1.686ms, Create: 9.2516ms) {"SourceContext": "Infrastructure.Services.DatabaseTestService", "Application": "Crud.Api"}
[05:35:17 INF] Releasing database mutex for worker 11349 {"SourceContext": "Infrastructure.Services.DatabaseTestService", "Application": "Crud.Api"}
Resource associated with Metric:
    deployment.environment: Testing
    service.name: Crud.Api
    service.version: 1.0.0
    service.instance.id: 15081513-c9e4-4e0d-aac5-97a71d5ef649
    telemetry.sdk.name: opentelemetry
    telemetry.sdk.language: dotnet
    telemetry.sdk.version: 1.8.1
Metric Name: http.server.active_requests, Number of active HTTP server requests., Unit: {request}, Meter: Microsoft.AspNetCore.Hosting
(2025-09-11T05:35:14.2146833Z, 2025-09-11T05:35:17.5070426Z] http.request.method: POST url.scheme: http LongSumNonMonotonic
Value: 0
Metric Name: http.server.request.duration, Duration of HTTP server requests., Unit: s, Meter: Microsoft.AspNetCore.Hosting
(2025-09-11T05:35:14.2147004Z, 2025-09-11T05:35:17.5070443Z] http.request.method: POST http.response.status_code: 200 http.route: api/Auth/forgot-password network.protocol.version: 1.1 url.scheme: http Histogram
Value: Sum: 0.5575073 Count: 6 Min: 0.0037798 Max: 0.1417976 
(-Infinity,0.005]:1
(0.005,0.01]:0
(0.01,0.025]:0
(0.025,0.05]:0
(0.05,0.075]:0
(0.075,0.1]:0
(0.1,0.25]:5
(0.25,0.5]:0
(0.5,0.75]:0
(0.75,1]:0
(1,2.5]:0
(2.5,5]:0
(5,7.5]:0
(7.5,10]:0
(10,+Infinity]:0
(2025-09-11T05:35:14.2147004Z, 2025-09-11T05:35:17.5070443Z] http.request.method: POST http.response.status_code: 400 http.route: api/Auth/reset-password network.protocol.version: 1.1 url.scheme: http Histogram
Value: Sum: 0.0102297 Count: 3 Min: 0.0007995 Max: 0.008385 
(-Infinity,0.005]:2
(0.005,0.01]:1
(0.01,0.025]:0
(0.025,0.05]:0
(0.05,0.075]:0
(0.075,0.1]:0
(0.1,0.25]:0
(0.25,0.5]:0
(0.5,0.75]:0
(0.75,1]:0
(1,2.5]:0
(2.5,5]:0
(5,7.5]:0
(7.5,10]:0
(10,+Infinity]:0
(2025-09-11T05:35:14.2147004Z, 2025-09-11T05:35:17.5070443Z] http.request.method: POST http.response.status_code: 400 http.route: api/Auth/forgot-password network.protocol.version: 1.1 url.scheme: http Histogram
Value: Sum: 0.0028219 Count: 1 Min: 0.0028219 Max: 0.0028219 
(-Infinity,0.005]:1
(0.005,0.01]:0
(0.01,0.025]:0
(0.025,0.05]:0
(0.05,0.075]:0
(0.075,0.1]:0
(0.1,0.25]:0
(0.25,0.5]:0
(0.5,0.75]:0
(0.75,1]:0
(1,2.5]:0
(2.5,5]:0
(5,7.5]:0
(7.5,10]:0
(10,+Infinity]:0
(2025-09-11T05:35:14.2147004Z, 2025-09-11T05:35:17.5070443Z] http.request.method: POST http.response.status_code: 200 http.route: api/Auth/reset-password network.protocol.version: 1.1 url.scheme: http Histogram
Value: Sum: 0.6140399999999999 Count: 2 Min: 0.3040227 Max: 0.3100173 
(-Infinity,0.005]:0
(0.005,0.01]:0
(0.01,0.025]:0
(0.025,0.05]:0
(0.05,0.075]:0
(0.075,0.1]:0
(0.1,0.25]:0
(0.25,0.5]:2
(0.5,0.75]:0
(0.75,1]:0
(1,2.5]:0
(2.5,5]:0
(5,7.5]:0
(7.5,10]:0
(10,+Infinity]:0
(2025-09-11T05:35:14.2147004Z, 2025-09-11T05:35:17.5070443Z] http.request.method: POST http.response.status_code: 200 http.route: api/Auth/validate-reset-token network.protocol.version: 1.1 url.scheme: http Histogram
Value: Sum: 0.012739299999999999 Count: 4 Min: 0.0009109 Max: 0.0082673 
(-Infinity,0.005]:3
(0.005,0.01]:1
(0.01,0.025]:0
(0.025,0.05]:0
(0.05,0.075]:0
(0.075,0.1]:0
(0.1,0.25]:0
(0.25,0.5]:0
(0.5,0.75]:0
(0.75,1]:0
(1,2.5]:0
(2.5,5]:0
(5,7.5]:0
(7.5,10]:0
(10,+Infinity]:0
Metric Name: aspnetcore.rate_limiting.active_request_leases, Number of HTTP requests that are currently active on the server that hold a rate limiting lease., Unit: {request}, Meter: Microsoft.AspNetCore.RateLimiting
(2025-09-11T05:35:14.2165912Z, 2025-09-11T05:35:17.5070450Z] LongSumNonMonotonic
Value: 0
(2025-09-11T05:35:14.2165912Z, 2025-09-11T05:35:17.5070450Z] aspnetcore.rate_limiting.policy: PasswordReset LongSumNonMonotonic
Value: 0
Metric Name: aspnetcore.rate_limiting.request_lease.duration, The duration of rate limiting leases held by HTTP requests on the server., Unit: s, Meter: Microsoft.AspNetCore.RateLimiting
(2025-09-11T05:35:14.2166144Z, 2025-09-11T05:35:17.5070460Z] Histogram
Value: Sum: 0.012308900000000001 Count: 4 Min: 0.0008239 Max: 0.0081194 
(-Infinity,0.005]:3
(0.005,0.01]:1
(0.01,0.025]:0
(0.025,0.05]:0
(0.05,0.075]:0
(0.075,0.1]:0
(0.1,0.25]:0
(0.25,0.5]:0
(0.5,0.75]:0
(0.75,1]:0
(1,2.5]:0
(2.5,5]:0
(5,7.5]:0
(7.5,10]:0
(10,+Infinity]:0
(2025-09-11T05:35:14.2166144Z, 2025-09-11T05:35:17.5070460Z] aspnetcore.rate_limiting.policy: PasswordReset Histogram
Value: Sum: 1.1793687 Count: 12 Min: 0.0007282 Max: 0.3099112 
(-Infinity,0.005]:4
(0.005,0.01]:1
(0.01,0.025]:0
(0.025,0.05]:0
(0.05,0.075]:0
(0.075,0.1]:0
(0.1,0.25]:5
(0.25,0.5]:2
(0.5,0.75]:0
(0.75,1]:0
(1,2.5]:0
(2.5,5]:0
(5,7.5]:0
(7.5,10]:0
(10,+Infinity]:0
Metric Name: aspnetcore.rate_limiting.requests, Number of requests that tried to acquire a rate limiting lease. Requests could be rejected by global or endpoint rate limiting policies. Or the request could be canceled while waiting for the lease., Unit: {request}, Meter: Microsoft.AspNetCore.RateLimiting
(2025-09-11T05:35:14.2166618Z, 2025-09-11T05:35:17.5070471Z] aspnetcore.rate_limiting.policy: PasswordReset aspnetcore.rate_limiting.result: acquired LongSum
Value: 12
(2025-09-11T05:35:14.2166618Z, 2025-09-11T05:35:17.5070471Z] aspnetcore.rate_limiting.result: acquired LongSum
Value: 4
Metric Name: aspnetcore.routing.match_attempts, Number of requests that were attempted to be matched to an endpoint., Unit: {match_attempt}, Meter: Microsoft.AspNetCore.Routing
(2025-09-11T05:35:14.2174550Z, 2025-09-11T05:35:17.5070476Z] aspnetcore.routing.is_fallback: false aspnetcore.routing.match_status: success http.route: api/Auth/forgot-password LongSum
Value: 7
(2025-09-11T05:35:14.2174550Z, 2025-09-11T05:35:17.5070476Z] aspnetcore.routing.is_fallback: false aspnetcore.routing.match_status: success http.route: api/Auth/reset-password LongSum
Value: 5
(2025-09-11T05:35:14.2174550Z, 2025-09-11T05:35:17.5070476Z] aspnetcore.routing.is_fallback: false aspnetcore.routing.match_status: success http.route: api/Auth/validate-reset-token LongSum
Value: 4
[05:35:17 INF] Starting Crud API application {"Application": "Crud.Api"}
[05:35:17 INF] Using SQLite provider with connection: Data Source=TestDatabase.db {"Application": "Crud.Api"}
[05:35:17 INF] Database ensured successfully {"Application": "Crud.Api"}
[05:35:17 INF] Application configured successfully. Starting web host... {"Application": "Crud.Api"}
[05:35:17 WRN] Failed to determine the https port for redirect. {"EventId": {"Id": 3, "Name": "FailedToDeterminePort"}, "SourceContext": "Microsoft.AspNetCore.HttpsPolicy.HttpsRedirectionMiddleware", "RequestId": "0HNFGUJ46SFA4", "RequestPath": "/api/auth/register", "Application": "Crud.Api"}
[05:35:17 INF] User registered successfully: b3a936da-8b36-462c-bf8d-ab5be9484bce {"SourceContext": "App.Features.Authentication.RegisterUserCommandHandler", "ActionId": "a6e143f0-96d2-4329-b53d-3a6cc17e1bea", "ActionName": "Api.Controllers.AuthController.Register (Api)", "RequestId": "0HNFGUJ46SFA4", "RequestPath": "/api/auth/register", "Application": "Crud.Api"}
Activity.TraceId:            1e97dc90e1f4ba7cbc510867a21d2417
Activity.SpanId:             8136a38fb362852a
Activity.TraceFlags:         Recorded
Activity.ActivitySourceName: Microsoft.AspNetCore
Activity.DisplayName:        POST api/Auth/register
Activity.Kind:               Server
Activity.StartTime:          2025-09-11T05:35:17.5444517Z
Activity.Duration:           00:00:00.3041763
Activity.Tags:
    server.address: localhost
    http.request.method: POST
    url.scheme: http
    url.path: /api/auth/register
    network.protocol.version: 1.1
    http.route: api/Auth/register
    http.response.status_code: 200
Resource associated with Activity:
    deployment.environment: Testing
    service.name: Crud.Api
    service.version: 1.0.0
    service.instance.id: 15081513-c9e4-4e0d-aac5-97a71d5ef649
    telemetry.sdk.name: opentelemetry
    telemetry.sdk.language: dotnet
    telemetry.sdk.version: 1.8.1
[05:35:18 INF] User logged in successfully: b3a936da-8b36-462c-bf8d-ab5be9484bce {"SourceContext": "App.Features.Authentication.LoginCommandHandler", "ActionId": "3970818b-35cd-4a39-9bde-83c08fdecc4d", "ActionName": "Api.Controllers.AuthController.Login (Api)", "RequestId": "0HNFGUJ46SFA5", "RequestPath": "/api/auth/login", "Application": "Crud.Api"}
Activity.TraceId:            2dce6e1b1cfc4aa345b38e4322f0d366
Activity.SpanId:             191f2dafd6cdd368
Activity.TraceFlags:         Recorded
Activity.ActivitySourceName: Microsoft.AspNetCore
Activity.DisplayName:        POST api/Auth/login
Activity.Kind:               Server
Activity.StartTime:          2025-09-11T05:35:17.8511818Z
Activity.Duration:           00:00:00.3010820
Activity.Tags:
    server.address: localhost
    http.request.method: POST
    url.scheme: http
    url.path: /api/auth/login
    network.protocol.version: 1.1
    http.route: api/Auth/login
    http.response.status_code: 200
Resource associated with Activity:
    deployment.environment: Testing
    service.name: Crud.Api
    service.version: 1.0.0
    service.instance.id: 15081513-c9e4-4e0d-aac5-97a71d5ef649
    telemetry.sdk.name: opentelemetry
    telemetry.sdk.language: dotnet
    telemetry.sdk.version: 1.8.1
Activity.TraceId:            81a4f0386b3eaf4e1190c61205b56a32
Activity.SpanId:             2c8b4147b9fac8e4
Activity.TraceFlags:         Recorded
Activity.ActivitySourceName: Microsoft.AspNetCore
Activity.DisplayName:        POST api/Windows
Activity.Kind:               Server
Activity.StartTime:          2025-09-11T05:35:18.1532270Z
Activity.Duration:           00:00:00.0145002
Activity.Tags:
    server.address: localhost
    http.request.method: POST
    url.scheme: http
    url.path: /api/windows
    network.protocol.version: 1.1
    http.route: api/Windows
    http.response.status_code: 400
Resource associated with Activity:
    deployment.environment: Testing
    service.name: Crud.Api
    service.version: 1.0.0
    service.instance.id: 15081513-c9e4-4e0d-aac5-97a71d5ef649
    telemetry.sdk.name: opentelemetry
    telemetry.sdk.language: dotnet
    telemetry.sdk.version: 1.8.1
[05:35:18 INF] User registered successfully: 2c39330b-dff1-44f0-868c-c5e0367e595c {"SourceContext": "App.Features.Authentication.RegisterUserCommandHandler", "ActionId": "a6e143f0-96d2-4329-b53d-3a6cc17e1bea", "ActionName": "Api.Controllers.AuthController.Register (Api)", "RequestId": "0HNFGUJ46SFA7", "RequestPath": "/api/auth/register", "Application": "Crud.Api"}
Activity.TraceId:            0d43cb3d8d51185771e5942769ba5b2e
Activity.SpanId:             14a7f99358cde8ac
Activity.TraceFlags:         Recorded
Activity.ActivitySourceName: Microsoft.AspNetCore
Activity.DisplayName:        POST api/Auth/register
Activity.Kind:               Server
Activity.StartTime:          2025-09-11T05:35:18.1702159Z
Activity.Duration:           00:00:00.2959491
Activity.Tags:
    server.address: localhost
    http.request.method: POST
    url.scheme: http
    url.path: /api/auth/register
    network.protocol.version: 1.1
    http.route: api/Auth/register
    http.response.status_code: 200
Resource associated with Activity:
    deployment.environment: Testing
    service.name: Crud.Api
    service.version: 1.0.0
    service.instance.id: 15081513-c9e4-4e0d-aac5-97a71d5ef649
    telemetry.sdk.name: opentelemetry
    telemetry.sdk.language: dotnet
    telemetry.sdk.version: 1.8.1
[05:35:18 INF] User logged in successfully: 2c39330b-dff1-44f0-868c-c5e0367e595c {"SourceContext": "App.Features.Authentication.LoginCommandHandler", "ActionId": "3970818b-35cd-4a39-9bde-83c08fdecc4d", "ActionName": "Api.Controllers.AuthController.Login (Api)", "RequestId": "0HNFGUJ46SFA8", "RequestPath": "/api/auth/login", "Application": "Crud.Api"}
Activity.TraceId:            8b4fc0e0039816f6c086893d57ed6962
Activity.SpanId:             0a26d38bb6e87ce9
Activity.TraceFlags:         Recorded
Activity.ActivitySourceName: Microsoft.AspNetCore
Activity.DisplayName:        POST api/Auth/login
Activity.Kind:               Server
Activity.StartTime:          2025-09-11T05:35:18.4675780Z
Activity.Duration:           00:00:00.2959551
Activity.Tags:
    server.address: localhost
    http.request.method: POST
    url.scheme: http
    url.path: /api/auth/login
    network.protocol.version: 1.1
    http.route: api/Auth/login
    http.response.status_code: 200
Resource associated with Activity:
    deployment.environment: Testing
    service.name: Crud.Api
    service.version: 1.0.0
    service.instance.id: 15081513-c9e4-4e0d-aac5-97a71d5ef649
    telemetry.sdk.name: opentelemetry
    telemetry.sdk.language: dotnet
    telemetry.sdk.version: 1.8.1
Activity.TraceId:            80d8a2be90e34615d35bc91c4bdb4a96
Activity.SpanId:             5d6addbb96ab49f1
Activity.TraceFlags:         Recorded
Activity.ActivitySourceName: Microsoft.AspNetCore
Activity.DisplayName:        POST api/Windows
Activity.Kind:               Server
Activity.StartTime:          2025-09-11T05:35:18.7646378Z
Activity.Duration:           00:00:00.0006325
Activity.Tags:
    server.address: localhost
    http.request.method: POST
    url.scheme: http
    url.path: /api/windows
    network.protocol.version: 1.1
    http.route: api/Windows
    http.response.status_code: 400
Resource associated with Activity:
    deployment.environment: Testing
    service.name: Crud.Api
    service.version: 1.0.0
    service.instance.id: 15081513-c9e4-4e0d-aac5-97a71d5ef649
    telemetry.sdk.name: opentelemetry
    telemetry.sdk.language: dotnet
    telemetry.sdk.version: 1.8.1
[05:35:19 INF] User registered successfully: ac89dfb3-0ac3-4488-aa1f-26a28271ce9d {"SourceContext": "App.Features.Authentication.RegisterUserCommandHandler", "ActionId": "a6e143f0-96d2-4329-b53d-3a6cc17e1bea", "ActionName": "Api.Controllers.AuthController.Register (Api)", "RequestId": "0HNFGUJ46SFAA", "RequestPath": "/api/auth/register", "Application": "Crud.Api"}
Activity.TraceId:            37a7c220e9099ff4395d6e467eec99bb
Activity.SpanId:             c0c04b60a54ad7e3
Activity.TraceFlags:         Recorded
Activity.ActivitySourceName: Microsoft.AspNetCore
Activity.DisplayName:        POST api/Auth/register
Activity.Kind:               Server
Activity.StartTime:          2025-09-11T05:35:18.7676549Z
Activity.Duration:           00:00:00.2981365
Activity.Tags:
    server.address: localhost
    http.request.method: POST
    url.scheme: http
    url.path: /api/auth/register
    network.protocol.version: 1.1
    http.route: api/Auth/register
    http.response.status_code: 200
Resource associated with Activity:
    deployment.environment: Testing
    service.name: Crud.Api
    service.version: 1.0.0
    service.instance.id: 15081513-c9e4-4e0d-aac5-97a71d5ef649
    telemetry.sdk.name: opentelemetry
    telemetry.sdk.language: dotnet
    telemetry.sdk.version: 1.8.1
[05:35:19 INF] User logged in successfully: ac89dfb3-0ac3-4488-aa1f-26a28271ce9d {"SourceContext": "App.Features.Authentication.LoginCommandHandler", "ActionId": "3970818b-35cd-4a39-9bde-83c08fdecc4d", "ActionName": "Api.Controllers.AuthController.Login (Api)", "RequestId": "0HNFGUJ46SFAB", "RequestPath": "/api/auth/login", "Application": "Crud.Api"}
Activity.TraceId:            61d6e48dd717061db34dc0e73c6cc168
Activity.SpanId:             4e85657c3dcf9142
Activity.TraceFlags:         Recorded
Activity.ActivitySourceName: Microsoft.AspNetCore
Activity.DisplayName:        POST api/Auth/login
Activity.Kind:               Server
Activity.StartTime:          2025-09-11T05:35:19.0673127Z
Activity.Duration:           00:00:00.2974535
Activity.Tags:
    server.address: localhost
    http.request.method: POST
    url.scheme: http
    url.path: /api/auth/login
    network.protocol.version: 1.1
    http.route: api/Auth/login
    http.response.status_code: 200
Resource associated with Activity:
    deployment.environment: Testing
    service.name: Crud.Api
    service.version: 1.0.0
    service.instance.id: 15081513-c9e4-4e0d-aac5-97a71d5ef649
    telemetry.sdk.name: opentelemetry
    telemetry.sdk.language: dotnet
    telemetry.sdk.version: 1.8.1
[05:35:19 DBG] Removed cache value for key: entity:window:23d88b543f6c472f8c39dd3299cd7372 {"SourceContext": "Infrastructure.Services.Caching.InMemoryCacheService", "ActionId": "a6ae1ee0-41e9-4d14-aef9-fc8cb21a3fa2", "ActionName": "Api.Controllers.WindowsController.Create (Api)", "RequestId": "0HNFGUJ46SFAC", "RequestPath": "/api/windows", "Application": "Crud.Api"}
[05:35:19 DBG] Removed cache value for key: list:window {"SourceContext": "Infrastructure.Services.Caching.InMemoryCacheService", "ActionId": "a6ae1ee0-41e9-4d14-aef9-fc8cb21a3fa2", "ActionName": "Api.Controllers.WindowsController.Create (Api)", "RequestId": "0HNFGUJ46SFAC", "RequestPath": "/api/windows", "Application": "Crud.Api"}
[05:35:19 DBG] Invalidating cache for entity type: windows with tag: windows {"SourceContext": "Api.Services.OutputCacheInvalidationService", "ActionId": "a6ae1ee0-41e9-4d14-aef9-fc8cb21a3fa2", "ActionName": "Api.Controllers.WindowsController.Create (Api)", "RequestId": "0HNFGUJ46SFAC", "RequestPath": "/api/windows", "Application": "Crud.Api"}
[05:35:19 INF] Successfully invalidated cache for entity type: windows {"SourceContext": "Api.Services.OutputCacheInvalidationService", "ActionId": "a6ae1ee0-41e9-4d14-aef9-fc8cb21a3fa2", "ActionName": "Api.Controllers.WindowsController.Create (Api)", "RequestId": "0HNFGUJ46SFAC", "RequestPath": "/api/windows", "Application": "Crud.Api"}
Activity.TraceId:            67dce445a043d837afe41aced7574eb8
Activity.SpanId:             33ac319971233012
Activity.TraceFlags:         Recorded
Activity.ActivitySourceName: Microsoft.AspNetCore
Activity.DisplayName:        POST api/Windows
Activity.Kind:               Server
Activity.StartTime:          2025-09-11T05:35:19.3658839Z
Activity.Duration:           00:00:00.0137273
Activity.Tags:
    server.address: localhost
    http.request.method: POST
    url.scheme: http
    url.path: /api/windows
    network.protocol.version: 1.1
    http.route: api/Windows
    http.response.status_code: 201
Resource associated with Activity:
    deployment.environment: Testing
    service.name: Crud.Api
    service.version: 1.0.0
    service.instance.id: 15081513-c9e4-4e0d-aac5-97a71d5ef649
    telemetry.sdk.name: opentelemetry
    telemetry.sdk.language: dotnet
    telemetry.sdk.version: 1.8.1
[05:35:19 INF] User registered successfully: b2157b5f-2c2f-4d99-91ff-7104e7720c5b {"SourceContext": "App.Features.Authentication.RegisterUserCommandHandler", "ActionId": "a6e143f0-96d2-4329-b53d-3a6cc17e1bea", "ActionName": "Api.Controllers.AuthController.Register (Api)", "RequestId": "0HNFGUJ46SFAD", "RequestPath": "/api/auth/register", "Application": "Crud.Api"}
Activity.TraceId:            2c7a5f5f0a091f1b6684b35b01951a61
Activity.SpanId:             68f71eeec826ec7a
Activity.TraceFlags:         Recorded
Activity.ActivitySourceName: Microsoft.AspNetCore
Activity.DisplayName:        POST api/Auth/register
Activity.Kind:               Server
Activity.StartTime:          2025-09-11T05:35:19.3820505Z
Activity.Duration:           00:00:00.2977361
Activity.Tags:
    server.address: localhost
    http.request.method: POST
    url.scheme: http
    url.path: /api/auth/register
    network.protocol.version: 1.1
    http.route: api/Auth/register
    http.response.status_code: 200
Resource associated with Activity:
    deployment.environment: Testing
    service.name: Crud.Api
    service.version: 1.0.0
    service.instance.id: 15081513-c9e4-4e0d-aac5-97a71d5ef649
    telemetry.sdk.name: opentelemetry
    telemetry.sdk.language: dotnet
    telemetry.sdk.version: 1.8.1
[05:35:19 INF] User logged in successfully: b2157b5f-2c2f-4d99-91ff-7104e7720c5b {"SourceContext": "App.Features.Authentication.LoginCommandHandler", "ActionId": "3970818b-35cd-4a39-9bde-83c08fdecc4d", "ActionName": "Api.Controllers.AuthController.Login (Api)", "RequestId": "0HNFGUJ46SFAE", "RequestPath": "/api/auth/login", "Application": "Crud.Api"}
Activity.TraceId:            a81b5910428978f2fe1143ad9e3c37ff
Activity.SpanId:             6e4a4ab42a4f7c72
Activity.TraceFlags:         Recorded
Activity.ActivitySourceName: Microsoft.AspNetCore
Activity.DisplayName:        POST api/Auth/login
Activity.Kind:               Server
Activity.StartTime:          2025-09-11T05:35:19.6807667Z
Activity.Duration:           00:00:00.2954791
Activity.Tags:
    server.address: localhost
    http.request.method: POST
    url.scheme: http
    url.path: /api/auth/login
    network.protocol.version: 1.1
    http.route: api/Auth/login
    http.response.status_code: 200
Resource associated with Activity:
    deployment.environment: Testing
    service.name: Crud.Api
    service.version: 1.0.0
    service.instance.id: 15081513-c9e4-4e0d-aac5-97a71d5ef649
    telemetry.sdk.name: opentelemetry
    telemetry.sdk.language: dotnet
    telemetry.sdk.version: 1.8.1
[05:35:19 DBG] Removed cache value for key: entity:window:23d88b543f6c472f8c39dd3299cd7372 {"SourceContext": "Infrastructure.Services.Caching.InMemoryCacheService", "ActionId": "0b737b81-8c62-4713-b326-7e0b2a852b8a", "ActionName": "Api.Controllers.WindowsController.Delete (Api)", "RequestId": "0HNFGUJ46SFAF", "RequestPath": "/api/windows/23d88b54-3f6c-472f-8c39-dd3299cd7372", "Application": "Crud.Api"}
[05:35:19 DBG] Removed cache value for key: list:window {"SourceContext": "Infrastructure.Services.Caching.InMemoryCacheService", "ActionId": "0b737b81-8c62-4713-b326-7e0b2a852b8a", "ActionName": "Api.Controllers.WindowsController.Delete (Api)", "RequestId": "0HNFGUJ46SFAF", "RequestPath": "/api/windows/23d88b54-3f6c-472f-8c39-dd3299cd7372", "Application": "Crud.Api"}
[05:35:19 DBG] Invalidating cache for entity: windows/23d88b54-3f6c-472f-8c39-dd3299cd7372 with tags: windows, windows:23d88b54-3f6c-472f-8c39-dd3299cd7372 {"SourceContext": "Api.Services.OutputCacheInvalidationService", "ActionId": "0b737b81-8c62-4713-b326-7e0b2a852b8a", "ActionName": "Api.Controllers.WindowsController.Delete (Api)", "RequestId": "0HNFGUJ46SFAF", "RequestPath": "/api/windows/23d88b54-3f6c-472f-8c39-dd3299cd7372", "Application": "Crud.Api"}
[05:35:19 DBG] Successfully invalidated cache for tag: windows {"SourceContext": "Api.Services.OutputCacheInvalidationService", "ActionId": "0b737b81-8c62-4713-b326-7e0b2a852b8a", "ActionName": "Api.Controllers.WindowsController.Delete (Api)", "RequestId": "0HNFGUJ46SFAF", "RequestPath": "/api/windows/23d88b54-3f6c-472f-8c39-dd3299cd7372", "Application": "Crud.Api"}
[05:35:19 DBG] Successfully invalidated cache for tag: windows:23d88b54-3f6c-472f-8c39-dd3299cd7372 {"SourceContext": "Api.Services.OutputCacheInvalidationService", "ActionId": "0b737b81-8c62-4713-b326-7e0b2a852b8a", "ActionName": "Api.Controllers.WindowsController.Delete (Api)", "RequestId": "0HNFGUJ46SFAF", "RequestPath": "/api/windows/23d88b54-3f6c-472f-8c39-dd3299cd7372", "Application": "Crud.Api"}
Activity.TraceId:            23983aab359d479abef915fb60b6b76f
Activity.SpanId:             5a7f539ddacea28b
Activity.TraceFlags:         Recorded
Activity.ActivitySourceName: Microsoft.AspNetCore
Activity.DisplayName:        DELETE api/Windows/{id:guid}
Activity.Kind:               Server
Activity.StartTime:          2025-09-11T05:35:19.9764144Z
Activity.Duration:           00:00:00.0112061
Activity.Tags:
    server.address: localhost
    http.request.method: DELETE
    url.scheme: http
    url.path: /api/windows/23d88b54-3f6c-472f-8c39-dd3299cd7372
    network.protocol.version: 1.1
    http.route: api/Windows/{id:guid}
    http.response.status_code: 204
Resource associated with Activity:
    deployment.environment: Testing
    service.name: Crud.Api
    service.version: 1.0.0
    service.instance.id: 15081513-c9e4-4e0d-aac5-97a71d5ef649
    telemetry.sdk.name: opentelemetry
    telemetry.sdk.language: dotnet
    telemetry.sdk.version: 1.8.1
[05:35:20 INF] User registered successfully: 5c12ee72-e7f6-49eb-b9b0-bbe58f073469 {"SourceContext": "App.Features.Authentication.RegisterUserCommandHandler", "ActionId": "a6e143f0-96d2-4329-b53d-3a6cc17e1bea", "ActionName": "Api.Controllers.AuthController.Register (Api)", "RequestId": "0HNFGUJ46SFAG", "RequestPath": "/api/auth/register", "Application": "Crud.Api"}
Activity.TraceId:            af8d17333b4d15f02f6cdf765556793f
Activity.SpanId:             6bdea7648cb8ebcc
Activity.TraceFlags:         Recorded
Activity.ActivitySourceName: Microsoft.AspNetCore
Activity.DisplayName:        POST api/Auth/register
Activity.Kind:               Server
Activity.StartTime:          2025-09-11T05:35:19.9879855Z
Activity.Duration:           00:00:00.2965920
Activity.Tags:
    server.address: localhost
    http.request.method: POST
    url.scheme: http
    url.path: /api/auth/register
    network.protocol.version: 1.1
    http.route: api/Auth/register
    http.response.status_code: 200
Resource associated with Activity:
    deployment.environment: Testing
    service.name: Crud.Api
    service.version: 1.0.0
    service.instance.id: 15081513-c9e4-4e0d-aac5-97a71d5ef649
    telemetry.sdk.name: opentelemetry
    telemetry.sdk.language: dotnet
    telemetry.sdk.version: 1.8.1
[05:35:20 DBG] Cache miss for key: entity:window:23d88b543f6c472f8c39dd3299cd7372 {"SourceContext": "Infrastructure.Services.Caching.InMemoryCacheService", "ActionId": "e22df17b-cbcc-44be-9efb-3e8ff41f0630", "ActionName": "Api.Controllers.WindowsController.Get (Api)", "RequestId": "0HNFGUJ46SFAH", "RequestPath": "/api/windows/23d88b54-3f6c-472f-8c39-dd3299cd7372", "Application": "Crud.Api"}
Activity.TraceId:            bafcf99d24da5421ea1348ae490bb783
Activity.SpanId:             3b270451e46080b2
Activity.TraceFlags:         Recorded
Activity.ActivitySourceName: Microsoft.AspNetCore
Activity.DisplayName:        GET api/Windows/{id:guid}
Activity.Kind:               Server
Activity.StartTime:          2025-09-11T05:35:20.2847192Z
Activity.Duration:           00:00:00.0100227
Activity.Tags:
    server.address: localhost
    http.request.method: GET
    url.scheme: http
    url.path: /api/windows/23d88b54-3f6c-472f-8c39-dd3299cd7372
    network.protocol.version: 1.1
    http.route: api/Windows/{id:guid}
    http.response.status_code: 404
Resource associated with Activity:
    deployment.environment: Testing
    service.name: Crud.Api
    service.version: 1.0.0
    service.instance.id: 15081513-c9e4-4e0d-aac5-97a71d5ef649
    telemetry.sdk.name: opentelemetry
    telemetry.sdk.language: dotnet
    telemetry.sdk.version: 1.8.1
[05:35:20 INF] User registered successfully: 90cebafd-980a-45e4-9fa4-5ad9f9e7d0cf {"SourceContext": "App.Features.Authentication.RegisterUserCommandHandler", "ActionId": "a6e143f0-96d2-4329-b53d-3a6cc17e1bea", "ActionName": "Api.Controllers.AuthController.Register (Api)", "RequestId": "0HNFGUJ46SFAI", "RequestPath": "/api/auth/register", "Application": "Crud.Api"}
Activity.TraceId:            9a911faf5d3f3f552e76ff4ac5243451
Activity.SpanId:             62a8ef02c62b40d4
Activity.TraceFlags:         Recorded
Activity.ActivitySourceName: Microsoft.AspNetCore
Activity.DisplayName:        POST api/Auth/register
Activity.Kind:               Server
Activity.StartTime:          2025-09-11T05:35:20.2971713Z
Activity.Duration:           00:00:00.2962111
Activity.Tags:
    server.address: localhost
    http.request.method: POST
    url.scheme: http
    url.path: /api/auth/register
    network.protocol.version: 1.1
    http.route: api/Auth/register
    http.response.status_code: 200
Resource associated with Activity:
    deployment.environment: Testing
    service.name: Crud.Api
    service.version: 1.0.0
    service.instance.id: 15081513-c9e4-4e0d-aac5-97a71d5ef649
    telemetry.sdk.name: opentelemetry
    telemetry.sdk.language: dotnet
    telemetry.sdk.version: 1.8.1
[05:35:20 INF] User logged in successfully: 90cebafd-980a-45e4-9fa4-5ad9f9e7d0cf {"SourceContext": "App.Features.Authentication.LoginCommandHandler", "ActionId": "3970818b-35cd-4a39-9bde-83c08fdecc4d", "ActionName": "Api.Controllers.AuthController.Login (Api)", "RequestId": "0HNFGUJ46SFAJ", "RequestPath": "/api/auth/login", "Application": "Crud.Api"}
Activity.TraceId:            126259cb51017bd02d5ee1a151e5b7e0
Activity.SpanId:             691b28980ec0a452
Activity.TraceFlags:         Recorded
Activity.ActivitySourceName: Microsoft.AspNetCore
Activity.DisplayName:        POST api/Auth/login
Activity.Kind:               Server
Activity.StartTime:          2025-09-11T05:35:20.5949316Z
Activity.Duration:           00:00:00.2957377
Activity.Tags:
    server.address: localhost
    http.request.method: POST
    url.scheme: http
    url.path: /api/auth/login
    network.protocol.version: 1.1
    http.route: api/Auth/login
    http.response.status_code: 200
Resource associated with Activity:
    deployment.environment: Testing
    service.name: Crud.Api
    service.version: 1.0.0
    service.instance.id: 15081513-c9e4-4e0d-aac5-97a71d5ef649
    telemetry.sdk.name: opentelemetry
    telemetry.sdk.language: dotnet
    telemetry.sdk.version: 1.8.1
[05:35:20 DBG] Removed cache value for key: entity:window:ac27f839174d49ba8de17e4acc3a10e2 {"SourceContext": "Infrastructure.Services.Caching.InMemoryCacheService", "ActionId": "a6ae1ee0-41e9-4d14-aef9-fc8cb21a3fa2", "ActionName": "Api.Controllers.WindowsController.Create (Api)", "RequestId": "0HNFGUJ46SFAK", "RequestPath": "/api/windows", "Application": "Crud.Api"}
[05:35:20 DBG] Removed cache value for key: list:window {"SourceContext": "Infrastructure.Services.Caching.InMemoryCacheService", "ActionId": "a6ae1ee0-41e9-4d14-aef9-fc8cb21a3fa2", "ActionName": "Api.Controllers.WindowsController.Create (Api)", "RequestId": "0HNFGUJ46SFAK", "RequestPath": "/api/windows", "Application": "Crud.Api"}
[05:35:20 DBG] Invalidating cache for entity type: windows with tag: windows {"SourceContext": "Api.Services.OutputCacheInvalidationService", "ActionId": "a6ae1ee0-41e9-4d14-aef9-fc8cb21a3fa2", "ActionName": "Api.Controllers.WindowsController.Create (Api)", "RequestId": "0HNFGUJ46SFAK", "RequestPath": "/api/windows", "Application": "Crud.Api"}
[05:35:20 INF] Successfully invalidated cache for entity type: windows {"SourceContext": "Api.Services.OutputCacheInvalidationService", "ActionId": "a6ae1ee0-41e9-4d14-aef9-fc8cb21a3fa2", "ActionName": "Api.Controllers.WindowsController.Create (Api)", "RequestId": "0HNFGUJ46SFAK", "RequestPath": "/api/windows", "Application": "Crud.Api"}
Activity.TraceId:            5b4dd21bcb2ab180f6a1ef438cfbce85
Activity.SpanId:             b7c41bfdbe968d7e
Activity.TraceFlags:         Recorded
Activity.ActivitySourceName: Microsoft.AspNetCore
Activity.DisplayName:        POST api/Windows
Activity.Kind:               Server
Activity.StartTime:          2025-09-11T05:35:20.8916884Z
Activity.Duration:           00:00:00.0095561
Activity.Tags:
    server.address: localhost
    http.request.method: POST
    url.scheme: http
    url.path: /api/windows
    network.protocol.version: 1.1
    http.route: api/Windows
    http.response.status_code: 201
Resource associated with Activity:
    deployment.environment: Testing
    service.name: Crud.Api
    service.version: 1.0.0
    service.instance.id: 15081513-c9e4-4e0d-aac5-97a71d5ef649
    telemetry.sdk.name: opentelemetry
    telemetry.sdk.language: dotnet
    telemetry.sdk.version: 1.8.1
[05:35:21 INF] User registered successfully: 0006f56c-1305-4f2e-9320-b893c4de2762 {"SourceContext": "App.Features.Authentication.RegisterUserCommandHandler", "ActionId": "a6e143f0-96d2-4329-b53d-3a6cc17e1bea", "ActionName": "Api.Controllers.AuthController.Register (Api)", "RequestId": "0HNFGUJ46SFAL", "RequestPath": "/api/auth/register", "Application": "Crud.Api"}
Activity.TraceId:            57092c0a5012dc72ba78439273098020
Activity.SpanId:             c333334fcbfa900e
Activity.TraceFlags:         Recorded
Activity.ActivitySourceName: Microsoft.AspNetCore
Activity.DisplayName:        POST api/Auth/register
Activity.Kind:               Server
Activity.StartTime:          2025-09-11T05:35:20.9020470Z
Activity.Duration:           00:00:00.2959724
Activity.Tags:
    server.address: localhost
    http.request.method: POST
    url.scheme: http
    url.path: /api/auth/register
    network.protocol.version: 1.1
    http.route: api/Auth/register
    http.response.status_code: 200
Resource associated with Activity:
    deployment.environment: Testing
    service.name: Crud.Api
    service.version: 1.0.0
    service.instance.id: 15081513-c9e4-4e0d-aac5-97a71d5ef649
    telemetry.sdk.name: opentelemetry
    telemetry.sdk.language: dotnet
    telemetry.sdk.version: 1.8.1
[05:35:21 INF] User logged in successfully: 0006f56c-1305-4f2e-9320-b893c4de2762 {"SourceContext": "App.Features.Authentication.LoginCommandHandler", "ActionId": "3970818b-35cd-4a39-9bde-83c08fdecc4d", "ActionName": "Api.Controllers.AuthController.Login (Api)", "RequestId": "0HNFGUJ46SFAM", "RequestPath": "/api/auth/login", "Application": "Crud.Api"}
Activity.TraceId:            eb68028f5538b5397bf4d645b5ee7173
Activity.SpanId:             a5fd2ed889766edb
Activity.TraceFlags:         Recorded
Activity.ActivitySourceName: Microsoft.AspNetCore
Activity.DisplayName:        POST api/Auth/login
Activity.Kind:               Server
Activity.StartTime:          2025-09-11T05:35:21.1990865Z
Activity.Duration:           00:00:00.2964082
Activity.Tags:
    server.address: localhost
    http.request.method: POST
    url.scheme: http
    url.path: /api/auth/login
    network.protocol.version: 1.1
    http.route: api/Auth/login
    http.response.status_code: 200
Resource associated with Activity:
    deployment.environment: Testing
    service.name: Crud.Api
    service.version: 1.0.0
    service.instance.id: 15081513-c9e4-4e0d-aac5-97a71d5ef649
    telemetry.sdk.name: opentelemetry
    telemetry.sdk.language: dotnet
    telemetry.sdk.version: 1.8.1
[05:35:21 DBG] Removed cache value for key: entity:window:f056e13e278a472b9170a1300e9cfb24 {"SourceContext": "Infrastructure.Services.Caching.InMemoryCacheService", "ActionId": "a6ae1ee0-41e9-4d14-aef9-fc8cb21a3fa2", "ActionName": "Api.Controllers.WindowsController.Create (Api)", "RequestId": "0HNFGUJ46SFAN", "RequestPath": "/api/windows", "Application": "Crud.Api"}
[05:35:21 DBG] Removed cache value for key: list:window {"SourceContext": "Infrastructure.Services.Caching.InMemoryCacheService", "ActionId": "a6ae1ee0-41e9-4d14-aef9-fc8cb21a3fa2", "ActionName": "Api.Controllers.WindowsController.Create (Api)", "RequestId": "0HNFGUJ46SFAN", "RequestPath": "/api/windows", "Application": "Crud.Api"}
[05:35:21 DBG] Invalidating cache for entity type: windows with tag: windows {"SourceContext": "Api.Services.OutputCacheInvalidationService", "ActionId": "a6ae1ee0-41e9-4d14-aef9-fc8cb21a3fa2", "ActionName": "Api.Controllers.WindowsController.Create (Api)", "RequestId": "0HNFGUJ46SFAN", "RequestPath": "/api/windows", "Application": "Crud.Api"}
[05:35:21 INF] Successfully invalidated cache for entity type: windows {"SourceContext": "Api.Services.OutputCacheInvalidationService", "ActionId": "a6ae1ee0-41e9-4d14-aef9-fc8cb21a3fa2", "ActionName": "Api.Controllers.WindowsController.Create (Api)", "RequestId": "0HNFGUJ46SFAN", "RequestPath": "/api/windows", "Application": "Crud.Api"}
Activity.TraceId:            74756a4f6c1144d479fb48db2812a9ae
Activity.SpanId:             73133754a26909a5
Activity.TraceFlags:         Recorded
Activity.ActivitySourceName: Microsoft.AspNetCore
Activity.DisplayName:        POST api/Windows
Activity.Kind:               Server
Activity.StartTime:          2025-09-11T05:35:21.4957199Z
Activity.Duration:           00:00:00.0037604
Activity.Tags:
    server.address: localhost
    http.request.method: POST
    url.scheme: http
    url.path: /api/windows
    network.protocol.version: 1.1
    http.route: api/Windows
    http.response.status_code: 201
Resource associated with Activity:
    deployment.environment: Testing
    service.name: Crud.Api
    service.version: 1.0.0
    service.instance.id: 15081513-c9e4-4e0d-aac5-97a71d5ef649
    telemetry.sdk.name: opentelemetry
    telemetry.sdk.language: dotnet
    telemetry.sdk.version: 1.8.1
[05:35:21 INF] User registered successfully: 10650dc7-9f67-4e8a-a6ca-530ea088b6e9 {"SourceContext": "App.Features.Authentication.RegisterUserCommandHandler", "ActionId": "a6e143f0-96d2-4329-b53d-3a6cc17e1bea", "ActionName": "Api.Controllers.AuthController.Register (Api)", "RequestId": "0HNFGUJ46SFAO", "RequestPath": "/api/auth/register", "Application": "Crud.Api"}
Activity.TraceId:            d212eb0a2c6fa27f9bcda686732a1128
Activity.SpanId:             33584d4126279366
Activity.TraceFlags:         Recorded
Activity.ActivitySourceName: Microsoft.AspNetCore
Activity.DisplayName:        POST api/Auth/register
Activity.Kind:               Server
Activity.StartTime:          2025-09-11T05:35:21.4997413Z
Activity.Duration:           00:00:00.2955180
Activity.Tags:
    server.address: localhost
    http.request.method: POST
    url.scheme: http
    url.path: /api/auth/register
    network.protocol.version: 1.1
    http.route: api/Auth/register
    http.response.status_code: 200
Resource associated with Activity:
    deployment.environment: Testing
    service.name: Crud.Api
    service.version: 1.0.0
    service.instance.id: 15081513-c9e4-4e0d-aac5-97a71d5ef649
    telemetry.sdk.name: opentelemetry
    telemetry.sdk.language: dotnet
    telemetry.sdk.version: 1.8.1
[05:35:21 DBG] Cache miss for key: list:window {"SourceContext": "Infrastructure.Services.Caching.InMemoryCacheService", "ActionId": "7bcb44a2-4b2a-478f-8a3f-8e198c037a9a", "ActionName": "Api.Controllers.WindowsController.List (Api)", "RequestId": "0HNFGUJ46SFAP", "RequestPath": "/api/windows", "Application": "Crud.Api"}
[05:35:21 DBG] Set cache value for key: list:window {"SourceContext": "Infrastructure.Services.Caching.InMemoryCacheService", "ActionId": "7bcb44a2-4b2a-478f-8a3f-8e198c037a9a", "ActionName": "Api.Controllers.WindowsController.List (Api)", "RequestId": "0HNFGUJ46SFAP", "RequestPath": "/api/windows", "Application": "Crud.Api"}
[05:35:21 DBG] Response not compressed: application/json; charset=utf-8 | Size: 1086 bytes | Path: /api/windows {"SourceContext": "Api.Middleware.CompressionPerformanceMiddleware", "RequestId": "0HNFGUJ46SFAP", "RequestPath": "/api/windows", "Application": "Crud.Api"}
Activity.TraceId:            3ec9e3b7774e1a751c6c8eddda5f7534
Activity.SpanId:             27d2be9303eb2e0e
Activity.TraceFlags:         Recorded
Activity.ActivitySourceName: Microsoft.AspNetCore
Activity.DisplayName:        GET api/Windows
Activity.Kind:               Server
Activity.StartTime:          2025-09-11T05:35:21.7954366Z
Activity.Duration:           00:00:00.0090006
Activity.Tags:
    server.address: localhost
    http.request.method: GET
    url.scheme: http
    url.path: /api/windows
    network.protocol.version: 1.1
    http.route: api/Windows
    http.response.status_code: 200
Resource associated with Activity:
    deployment.environment: Testing
    service.name: Crud.Api
    service.version: 1.0.0
    service.instance.id: 15081513-c9e4-4e0d-aac5-97a71d5ef649
    telemetry.sdk.name: opentelemetry
    telemetry.sdk.language: dotnet
    telemetry.sdk.version: 1.8.1
[05:35:22 INF] User registered successfully: 453b6fb4-f3ed-468e-8026-559c2eb2b054 {"SourceContext": "App.Features.Authentication.RegisterUserCommandHandler", "ActionId": "a6e143f0-96d2-4329-b53d-3a6cc17e1bea", "ActionName": "Api.Controllers.AuthController.Register (Api)", "RequestId": "0HNFGUJ46SFAQ", "RequestPath": "/api/auth/register", "Application": "Crud.Api"}
Activity.TraceId:            768ea4f32de2b43d5c482cc30652c80b
Activity.SpanId:             3bd2e4e2838ccf61
Activity.TraceFlags:         Recorded
Activity.ActivitySourceName: Microsoft.AspNetCore
Activity.DisplayName:        POST api/Auth/register
Activity.Kind:               Server
Activity.StartTime:          2025-09-11T05:35:21.8086610Z
Activity.Duration:           00:00:00.2964867
Activity.Tags:
    server.address: localhost
    http.request.method: POST
    url.scheme: http
    url.path: /api/auth/register
    network.protocol.version: 1.1
    http.route: api/Auth/register
    http.response.status_code: 200
Resource associated with Activity:
    deployment.environment: Testing
    service.name: Crud.Api
    service.version: 1.0.0
    service.instance.id: 15081513-c9e4-4e0d-aac5-97a71d5ef649
    telemetry.sdk.name: opentelemetry
    telemetry.sdk.language: dotnet
    telemetry.sdk.version: 1.8.1
[05:35:22 INF] User logged in successfully: 453b6fb4-f3ed-468e-8026-559c2eb2b054 {"SourceContext": "App.Features.Authentication.LoginCommandHandler", "ActionId": "3970818b-35cd-4a39-9bde-83c08fdecc4d", "ActionName": "Api.Controllers.AuthController.Login (Api)", "RequestId": "0HNFGUJ46SFAR", "RequestPath": "/api/auth/login", "Application": "Crud.Api"}
Activity.TraceId:            2d9897ae37f1f3662f15f348cb227e32
Activity.SpanId:             4a0a4b526da3db99
Activity.TraceFlags:         Recorded
Activity.ActivitySourceName: Microsoft.AspNetCore
Activity.DisplayName:        POST api/Auth/login
Activity.Kind:               Server
Activity.StartTime:          2025-09-11T05:35:22.1067747Z
Activity.Duration:           00:00:00.2960581
Activity.Tags:
    server.address: localhost
    http.request.method: POST
    url.scheme: http
    url.path: /api/auth/login
    network.protocol.version: 1.1
    http.route: api/Auth/login
    http.response.status_code: 200
Resource associated with Activity:
    deployment.environment: Testing
    service.name: Crud.Api
    service.version: 1.0.0
    service.instance.id: 15081513-c9e4-4e0d-aac5-97a71d5ef649
    telemetry.sdk.name: opentelemetry
    telemetry.sdk.language: dotnet
    telemetry.sdk.version: 1.8.1
[05:35:22 DBG] Removed cache value for key: entity:window:da4c948f699f4a43b23e550025524e3e {"SourceContext": "Infrastructure.Services.Caching.InMemoryCacheService", "ActionId": "a6ae1ee0-41e9-4d14-aef9-fc8cb21a3fa2", "ActionName": "Api.Controllers.WindowsController.Create (Api)", "RequestId": "0HNFGUJ46SFAS", "RequestPath": "/api/windows", "Application": "Crud.Api"}
[05:35:22 DBG] Removed cache value for key: list:window {"SourceContext": "Infrastructure.Services.Caching.InMemoryCacheService", "ActionId": "a6ae1ee0-41e9-4d14-aef9-fc8cb21a3fa2", "ActionName": "Api.Controllers.WindowsController.Create (Api)", "RequestId": "0HNFGUJ46SFAS", "RequestPath": "/api/windows", "Application": "Crud.Api"}
[05:35:22 DBG] Invalidating cache for entity type: windows with tag: windows {"SourceContext": "Api.Services.OutputCacheInvalidationService", "ActionId": "a6ae1ee0-41e9-4d14-aef9-fc8cb21a3fa2", "ActionName": "Api.Controllers.WindowsController.Create (Api)", "RequestId": "0HNFGUJ46SFAS", "RequestPath": "/api/windows", "Application": "Crud.Api"}
[05:35:22 INF] Successfully invalidated cache for entity type: windows {"SourceContext": "Api.Services.OutputCacheInvalidationService", "ActionId": "a6ae1ee0-41e9-4d14-aef9-fc8cb21a3fa2", "ActionName": "Api.Controllers.WindowsController.Create (Api)", "RequestId": "0HNFGUJ46SFAS", "RequestPath": "/api/windows", "Application": "Crud.Api"}
Activity.TraceId:            a6d34a1caee07c5341ce1de406582197
Activity.SpanId:             f89583b1eb0ff262
Activity.TraceFlags:         Recorded
Activity.ActivitySourceName: Microsoft.AspNetCore
Activity.DisplayName:        POST api/Windows
Activity.Kind:               Server
Activity.StartTime:          2025-09-11T05:35:22.4037203Z
Activity.Duration:           00:00:00.0019303
Activity.Tags:
    server.address: localhost
    http.request.method: POST
    url.scheme: http
    url.path: /api/windows
    network.protocol.version: 1.1
    http.route: api/Windows
    http.response.status_code: 201
Resource associated with Activity:
    deployment.environment: Testing
    service.name: Crud.Api
    service.version: 1.0.0
    service.instance.id: 15081513-c9e4-4e0d-aac5-97a71d5ef649
    telemetry.sdk.name: opentelemetry
    telemetry.sdk.language: dotnet
    telemetry.sdk.version: 1.8.1
[05:35:22 INF] User registered successfully: 01251227-2c20-40cd-b0c1-f829aa18a670 {"SourceContext": "App.Features.Authentication.RegisterUserCommandHandler", "ActionId": "a6e143f0-96d2-4329-b53d-3a6cc17e1bea", "ActionName": "Api.Controllers.AuthController.Register (Api)", "RequestId": "0HNFGUJ46SFAT", "RequestPath": "/api/auth/register", "Application": "Crud.Api"}
Activity.TraceId:            1419b0922b6d49e4acdf7e847480ec9f
Activity.SpanId:             62842c198cdecf53
Activity.TraceFlags:         Recorded
Activity.ActivitySourceName: Microsoft.AspNetCore
Activity.DisplayName:        POST api/Auth/register
Activity.Kind:               Server
Activity.StartTime:          2025-09-11T05:35:22.4087523Z
Activity.Duration:           00:00:00.2961161
Activity.Tags:
    server.address: localhost
    http.request.method: POST
    url.scheme: http
    url.path: /api/auth/register
    network.protocol.version: 1.1
    http.route: api/Auth/register
    http.response.status_code: 200
Resource associated with Activity:
    deployment.environment: Testing
    service.name: Crud.Api
    service.version: 1.0.0
    service.instance.id: 15081513-c9e4-4e0d-aac5-97a71d5ef649
    telemetry.sdk.name: opentelemetry
    telemetry.sdk.language: dotnet
    telemetry.sdk.version: 1.8.1
[05:35:23 INF] User logged in successfully: 01251227-2c20-40cd-b0c1-f829aa18a670 {"SourceContext": "App.Features.Authentication.LoginCommandHandler", "ActionId": "3970818b-35cd-4a39-9bde-83c08fdecc4d", "ActionName": "Api.Controllers.AuthController.Login (Api)", "RequestId": "0HNFGUJ46SFAU", "RequestPath": "/api/auth/login", "Application": "Crud.Api"}
Activity.TraceId:            db784c73c90306c566b5ac6712843cab
Activity.SpanId:             813069be679dd25b
Activity.TraceFlags:         Recorded
Activity.ActivitySourceName: Microsoft.AspNetCore
Activity.DisplayName:        POST api/Auth/login
Activity.Kind:               Server
Activity.StartTime:          2025-09-11T05:35:22.7064356Z
Activity.Duration:           00:00:00.2956730
Activity.Tags:
    server.address: localhost
    http.request.method: POST
    url.scheme: http
    url.path: /api/auth/login
    network.protocol.version: 1.1
    http.route: api/Auth/login
    http.response.status_code: 200
Resource associated with Activity:
    deployment.environment: Testing
    service.name: Crud.Api
    service.version: 1.0.0
    service.instance.id: 15081513-c9e4-4e0d-aac5-97a71d5ef649
    telemetry.sdk.name: opentelemetry
    telemetry.sdk.language: dotnet
    telemetry.sdk.version: 1.8.1
[05:35:23 DBG] Removed cache value for key: entity:window:5c7904e4e17f4d768ee3ef2ed1fa0280 {"SourceContext": "Infrastructure.Services.Caching.InMemoryCacheService", "ActionId": "a6ae1ee0-41e9-4d14-aef9-fc8cb21a3fa2", "ActionName": "Api.Controllers.WindowsController.Create (Api)", "RequestId": "0HNFGUJ46SFAV", "RequestPath": "/api/windows", "Application": "Crud.Api"}
[05:35:23 DBG] Removed cache value for key: list:window {"SourceContext": "Infrastructure.Services.Caching.InMemoryCacheService", "ActionId": "a6ae1ee0-41e9-4d14-aef9-fc8cb21a3fa2", "ActionName": "Api.Controllers.WindowsController.Create (Api)", "RequestId": "0HNFGUJ46SFAV", "RequestPath": "/api/windows", "Application": "Crud.Api"}
[05:35:23 DBG] Invalidating cache for entity type: windows with tag: windows {"SourceContext": "Api.Services.OutputCacheInvalidationService", "ActionId": "a6ae1ee0-41e9-4d14-aef9-fc8cb21a3fa2", "ActionName": "Api.Controllers.WindowsController.Create (Api)", "RequestId": "0HNFGUJ46SFAV", "RequestPath": "/api/windows", "Application": "Crud.Api"}
[05:35:23 INF] Successfully invalidated cache for entity type: windows {"SourceContext": "Api.Services.OutputCacheInvalidationService", "ActionId": "a6ae1ee0-41e9-4d14-aef9-fc8cb21a3fa2", "ActionName": "Api.Controllers.WindowsController.Create (Api)", "RequestId": "0HNFGUJ46SFAV", "RequestPath": "/api/windows", "Application": "Crud.Api"}
Activity.TraceId:            55eb84756cb10fde4fcabda8af84f4ec
Activity.SpanId:             a4615bc00f02d33c
Activity.TraceFlags:         Recorded
Activity.ActivitySourceName: Microsoft.AspNetCore
Activity.DisplayName:        POST api/Windows
Activity.Kind:               Server
Activity.StartTime:          2025-09-11T05:35:23.0033486Z
Activity.Duration:           00:00:00.0055141
Activity.Tags:
    server.address: localhost
    http.request.method: POST
    url.scheme: http
    url.path: /api/windows
    network.protocol.version: 1.1
    http.route: api/Windows
    http.response.status_code: 201
Resource associated with Activity:
    deployment.environment: Testing
    service.name: Crud.Api
    service.version: 1.0.0
    service.instance.id: 15081513-c9e4-4e0d-aac5-97a71d5ef649
    telemetry.sdk.name: opentelemetry
    telemetry.sdk.language: dotnet
    telemetry.sdk.version: 1.8.1
[05:35:23 INF] User registered successfully: 783b12f0-32d9-405a-bf40-8386f7bbb953 {"SourceContext": "App.Features.Authentication.RegisterUserCommandHandler", "ActionId": "a6e143f0-96d2-4329-b53d-3a6cc17e1bea", "ActionName": "Api.Controllers.AuthController.Register (Api)", "RequestId": "0HNFGUJ46SFB0", "RequestPath": "/api/auth/register", "Application": "Crud.Api"}
Activity.TraceId:            0f35cf38307316d8077c2d7635509af5
Activity.SpanId:             dace52736e69aa2e
Activity.TraceFlags:         Recorded
Activity.ActivitySourceName: Microsoft.AspNetCore
Activity.DisplayName:        POST api/Auth/register
Activity.Kind:               Server
Activity.StartTime:          2025-09-11T05:35:23.0123644Z
Activity.Duration:           00:00:00.2965791
Activity.Tags:
    server.address: localhost
    http.request.method: POST
    url.scheme: http
    url.path: /api/auth/register
    network.protocol.version: 1.1
    http.route: api/Auth/register
    http.response.status_code: 200
Resource associated with Activity:
    deployment.environment: Testing
    service.name: Crud.Api
    service.version: 1.0.0
    service.instance.id: 15081513-c9e4-4e0d-aac5-97a71d5ef649
    telemetry.sdk.name: opentelemetry
    telemetry.sdk.language: dotnet
    telemetry.sdk.version: 1.8.1
[05:35:23 INF] User logged in successfully: 783b12f0-32d9-405a-bf40-8386f7bbb953 {"SourceContext": "App.Features.Authentication.LoginCommandHandler", "ActionId": "3970818b-35cd-4a39-9bde-83c08fdecc4d", "ActionName": "Api.Controllers.AuthController.Login (Api)", "RequestId": "0HNFGUJ46SFB1", "RequestPath": "/api/auth/login", "Application": "Crud.Api"}
Activity.TraceId:            97b8b8e3f1513c453fa307d2e65b5f51
Activity.SpanId:             219c254788e8b8d6
Activity.TraceFlags:         Recorded
Activity.ActivitySourceName: Microsoft.AspNetCore
Activity.DisplayName:        POST api/Auth/login
Activity.Kind:               Server
Activity.StartTime:          2025-09-11T05:35:23.3105380Z
Activity.Duration:           00:00:00.2962034
Activity.Tags:
    server.address: localhost
    http.request.method: POST
    url.scheme: http
    url.path: /api/auth/login
    network.protocol.version: 1.1
    http.route: api/Auth/login
    http.response.status_code: 200
Resource associated with Activity:
    deployment.environment: Testing
    service.name: Crud.Api
    service.version: 1.0.0
    service.instance.id: 15081513-c9e4-4e0d-aac5-97a71d5ef649
    telemetry.sdk.name: opentelemetry
    telemetry.sdk.language: dotnet
    telemetry.sdk.version: 1.8.1
[05:35:23 DBG] Removed cache value for key: entity:window:b73bf9530d0c45febd38c202d9bf9313 {"SourceContext": "Infrastructure.Services.Caching.InMemoryCacheService", "ActionId": "a6ae1ee0-41e9-4d14-aef9-fc8cb21a3fa2", "ActionName": "Api.Controllers.WindowsController.Create (Api)", "RequestId": "0HNFGUJ46SFB2", "RequestPath": "/api/windows", "Application": "Crud.Api"}
[05:35:23 DBG] Removed cache value for key: list:window {"SourceContext": "Infrastructure.Services.Caching.InMemoryCacheService", "ActionId": "a6ae1ee0-41e9-4d14-aef9-fc8cb21a3fa2", "ActionName": "Api.Controllers.WindowsController.Create (Api)", "RequestId": "0HNFGUJ46SFB2", "RequestPath": "/api/windows", "Application": "Crud.Api"}
[05:35:23 DBG] Invalidating cache for entity type: windows with tag: windows {"SourceContext": "Api.Services.OutputCacheInvalidationService", "ActionId": "a6ae1ee0-41e9-4d14-aef9-fc8cb21a3fa2", "ActionName": "Api.Controllers.WindowsController.Create (Api)", "RequestId": "0HNFGUJ46SFB2", "RequestPath": "/api/windows", "Application": "Crud.Api"}
[05:35:23 INF] Successfully invalidated cache for entity type: windows {"SourceContext": "Api.Services.OutputCacheInvalidationService", "ActionId": "a6ae1ee0-41e9-4d14-aef9-fc8cb21a3fa2", "ActionName": "Api.Controllers.WindowsController.Create (Api)", "RequestId": "0HNFGUJ46SFB2", "RequestPath": "/api/windows", "Application": "Crud.Api"}
Activity.TraceId:            6a47903dc93cff455ab09e0c25b1099b
Activity.SpanId:             1fc379fb4da11ce6
Activity.TraceFlags:         Recorded
Activity.ActivitySourceName: Microsoft.AspNetCore
Activity.DisplayName:        POST api/Windows
Activity.Kind:               Server
Activity.StartTime:          2025-09-11T05:35:23.6076943Z
Activity.Duration:           00:00:00.0017871
Activity.Tags:
    server.address: localhost
    http.request.method: POST
    url.scheme: http
    url.path: /api/windows
    network.protocol.version: 1.1
    http.route: api/Windows
    http.response.status_code: 201
Resource associated with Activity:
    deployment.environment: Testing
    service.name: Crud.Api
    service.version: 1.0.0
    service.instance.id: 15081513-c9e4-4e0d-aac5-97a71d5ef649
    telemetry.sdk.name: opentelemetry
    telemetry.sdk.language: dotnet
    telemetry.sdk.version: 1.8.1
[05:35:23 INF] User registered successfully: c40aba4a-bbe8-45fa-ba36-956ab80d6907 {"SourceContext": "App.Features.Authentication.RegisterUserCommandHandler", "ActionId": "a6e143f0-96d2-4329-b53d-3a6cc17e1bea", "ActionName": "Api.Controllers.AuthController.Register (Api)", "RequestId": "0HNFGUJ46SFB3", "RequestPath": "/api/auth/register", "Application": "Crud.Api"}
Activity.TraceId:            455a2eaa61e788f1a91519cb3b58aca9
Activity.SpanId:             3f3926b0e3d0c865
Activity.TraceFlags:         Recorded
Activity.ActivitySourceName: Microsoft.AspNetCore
Activity.DisplayName:        POST api/Auth/register
Activity.Kind:               Server
Activity.StartTime:          2025-09-11T05:35:23.6108482Z
Activity.Duration:           00:00:00.2958624
Activity.Tags:
    server.address: localhost
    http.request.method: POST
    url.scheme: http
    url.path: /api/auth/register
    network.protocol.version: 1.1
    http.route: api/Auth/register
    http.response.status_code: 200
Resource associated with Activity:
    deployment.environment: Testing
    service.name: Crud.Api
    service.version: 1.0.0
    service.instance.id: 15081513-c9e4-4e0d-aac5-97a71d5ef649
    telemetry.sdk.name: opentelemetry
    telemetry.sdk.language: dotnet
    telemetry.sdk.version: 1.8.1
[05:35:24 INF] User logged in successfully: c40aba4a-bbe8-45fa-ba36-956ab80d6907 {"SourceContext": "App.Features.Authentication.LoginCommandHandler", "ActionId": "3970818b-35cd-4a39-9bde-83c08fdecc4d", "ActionName": "Api.Controllers.AuthController.Login (Api)", "RequestId": "0HNFGUJ46SFB4", "RequestPath": "/api/auth/login", "Application": "Crud.Api"}
Activity.TraceId:            bd5e84788dac5e830efca3789ef84e90
Activity.SpanId:             7e3f066545e15482
Activity.TraceFlags:         Recorded
Activity.ActivitySourceName: Microsoft.AspNetCore
Activity.DisplayName:        POST api/Auth/login
Activity.Kind:               Server
Activity.StartTime:          2025-09-11T05:35:23.9078668Z
Activity.Duration:           00:00:00.2960991
Activity.Tags:
    server.address: localhost
    http.request.method: POST
    url.scheme: http
    url.path: /api/auth/login
    network.protocol.version: 1.1
    http.route: api/Auth/login
    http.response.status_code: 200
Resource associated with Activity:
    deployment.environment: Testing
    service.name: Crud.Api
    service.version: 1.0.0
    service.instance.id: 15081513-c9e4-4e0d-aac5-97a71d5ef649
    telemetry.sdk.name: opentelemetry
    telemetry.sdk.language: dotnet
    telemetry.sdk.version: 1.8.1
[05:35:24 DBG] Cache miss for key: entity:window:b73bf9530d0c45febd38c202d9bf9313 {"SourceContext": "Infrastructure.Services.Caching.InMemoryCacheService", "ActionId": "400ed754-32c8-4638-b6f7-50b87fdd35bd", "ActionName": "Api.Controllers.WindowsController.Update (Api)", "RequestId": "0HNFGUJ46SFB5", "RequestPath": "/api/windows/b73bf953-0d0c-45fe-bd38-c202d9bf9313", "Application": "Crud.Api"}
[05:35:24 DBG] Set cache value for key: entity:window:b73bf9530d0c45febd38c202d9bf9313 {"SourceContext": "Infrastructure.Services.Caching.InMemoryCacheService", "ActionId": "400ed754-32c8-4638-b6f7-50b87fdd35bd", "ActionName": "Api.Controllers.WindowsController.Update (Api)", "RequestId": "0HNFGUJ46SFB5", "RequestPath": "/api/windows/b73bf953-0d0c-45fe-bd38-c202d9bf9313", "Application": "Crud.Api"}
[05:35:24 DBG] Removed cache value for key: entity:window:b73bf9530d0c45febd38c202d9bf9313 {"SourceContext": "Infrastructure.Services.Caching.InMemoryCacheService", "ActionId": "400ed754-32c8-4638-b6f7-50b87fdd35bd", "ActionName": "Api.Controllers.WindowsController.Update (Api)", "RequestId": "0HNFGUJ46SFB5", "RequestPath": "/api/windows/b73bf953-0d0c-45fe-bd38-c202d9bf9313", "Application": "Crud.Api"}
[05:35:24 DBG] Removed cache value for key: list:window {"SourceContext": "Infrastructure.Services.Caching.InMemoryCacheService", "ActionId": "400ed754-32c8-4638-b6f7-50b87fdd35bd", "ActionName": "Api.Controllers.WindowsController.Update (Api)", "RequestId": "0HNFGUJ46SFB5", "RequestPath": "/api/windows/b73bf953-0d0c-45fe-bd38-c202d9bf9313", "Application": "Crud.Api"}
[05:35:24 DBG] Invalidating cache for entity: windows/b73bf953-0d0c-45fe-bd38-c202d9bf9313 with tags: windows, windows:b73bf953-0d0c-45fe-bd38-c202d9bf9313 {"SourceContext": "Api.Services.OutputCacheInvalidationService", "ActionId": "400ed754-32c8-4638-b6f7-50b87fdd35bd", "ActionName": "Api.Controllers.WindowsController.Update (Api)", "RequestId": "0HNFGUJ46SFB5", "RequestPath": "/api/windows/b73bf953-0d0c-45fe-bd38-c202d9bf9313", "Application": "Crud.Api"}
[05:35:24 DBG] Successfully invalidated cache for tag: windows {"SourceContext": "Api.Services.OutputCacheInvalidationService", "ActionId": "400ed754-32c8-4638-b6f7-50b87fdd35bd", "ActionName": "Api.Controllers.WindowsController.Update (Api)", "RequestId": "0HNFGUJ46SFB5", "RequestPath": "/api/windows/b73bf953-0d0c-45fe-bd38-c202d9bf9313", "Application": "Crud.Api"}
[05:35:24 DBG] Successfully invalidated cache for tag: windows:b73bf953-0d0c-45fe-bd38-c202d9bf9313 {"SourceContext": "Api.Services.OutputCacheInvalidationService", "ActionId": "400ed754-32c8-4638-b6f7-50b87fdd35bd", "ActionName": "Api.Controllers.WindowsController.Update (Api)", "RequestId": "0HNFGUJ46SFB5", "RequestPath": "/api/windows/b73bf953-0d0c-45fe-bd38-c202d9bf9313", "Application": "Crud.Api"}
Activity.TraceId:            fe87038c1ffabdeae4086fb68a79f461
Activity.SpanId:             1efd912dcd84b09f
Activity.TraceFlags:         Recorded
Activity.ActivitySourceName: Microsoft.AspNetCore
Activity.DisplayName:        PUT api/Windows/{id:guid}
Activity.Kind:               Server
Activity.StartTime:          2025-09-11T05:35:24.2068779Z
Activity.Duration:           00:00:00.0133802
Activity.Tags:
    server.address: localhost
    http.request.method: PUT
    url.scheme: http
    url.path: /api/windows/b73bf953-0d0c-45fe-bd38-c202d9bf9313
    network.protocol.version: 1.1
    http.route: api/Windows/{id:guid}
    http.response.status_code: 204
Resource associated with Activity:
    deployment.environment: Testing
    service.name: Crud.Api
    service.version: 1.0.0
    service.instance.id: 15081513-c9e4-4e0d-aac5-97a71d5ef649
    telemetry.sdk.name: opentelemetry
    telemetry.sdk.language: dotnet
    telemetry.sdk.version: 1.8.1
[05:35:24 INF] User registered successfully: 13b52bdc-0e39-4cc2-b53f-ce33af546a04 {"SourceContext": "App.Features.Authentication.RegisterUserCommandHandler", "ActionId": "a6e143f0-96d2-4329-b53d-3a6cc17e1bea", "ActionName": "Api.Controllers.AuthController.Register (Api)", "RequestId": "0HNFGUJ46SFB6", "RequestPath": "/api/auth/register", "Application": "Crud.Api"}
Activity.TraceId:            a08e3d5d12ba2ce871ee68b2aa653532
Activity.SpanId:             89641240340b3ee0
Activity.TraceFlags:         Recorded
Activity.ActivitySourceName: Microsoft.AspNetCore
Activity.DisplayName:        POST api/Auth/register
Activity.Kind:               Server
Activity.StartTime:          2025-09-11T05:35:24.2204672Z
Activity.Duration:           00:00:00.2975596
Activity.Tags:
    server.address: localhost
    http.request.method: POST
    url.scheme: http
    url.path: /api/auth/register
    network.protocol.version: 1.1
    http.route: api/Auth/register
    http.response.status_code: 200
Resource associated with Activity:
    deployment.environment: Testing
    service.name: Crud.Api
    service.version: 1.0.0
    service.instance.id: 15081513-c9e4-4e0d-aac5-97a71d5ef649
    telemetry.sdk.name: opentelemetry
    telemetry.sdk.language: dotnet
    telemetry.sdk.version: 1.8.1
[05:35:24 DBG] Cache miss for key: entity:window:b73bf9530d0c45febd38c202d9bf9313 {"SourceContext": "Infrastructure.Services.Caching.InMemoryCacheService", "ActionId": "e22df17b-cbcc-44be-9efb-3e8ff41f0630", "ActionName": "Api.Controllers.WindowsController.Get (Api)", "RequestId": "0HNFGUJ46SFB7", "RequestPath": "/api/windows/b73bf953-0d0c-45fe-bd38-c202d9bf9313", "Application": "Crud.Api"}
[05:35:24 DBG] Set cache value for key: entity:window:b73bf9530d0c45febd38c202d9bf9313 {"SourceContext": "Infrastructure.Services.Caching.InMemoryCacheService", "ActionId": "e22df17b-cbcc-44be-9efb-3e8ff41f0630", "ActionName": "Api.Controllers.WindowsController.Get (Api)", "RequestId": "0HNFGUJ46SFB7", "RequestPath": "/api/windows/b73bf953-0d0c-45fe-bd38-c202d9bf9313", "Application": "Crud.Api"}
Activity.TraceId:            2450807f21a2d76882b5ed73a673a21d
Activity.SpanId:             7a48507eb4d2bf84
Activity.TraceFlags:         Recorded
Activity.ActivitySourceName: Microsoft.AspNetCore
Activity.DisplayName:        GET api/Windows/{id:guid}
Activity.Kind:               Server
Activity.StartTime:          2025-09-11T05:35:24.5182082Z
Activity.Duration:           00:00:00.0027908
Activity.Tags:
    server.address: localhost
    http.request.method: GET
    url.scheme: http
    url.path: /api/windows/b73bf953-0d0c-45fe-bd38-c202d9bf9313
    network.protocol.version: 1.1
    http.route: api/Windows/{id:guid}
    http.response.status_code: 200
Resource associated with Activity:
    deployment.environment: Testing
    service.name: Crud.Api
    service.version: 1.0.0
    service.instance.id: 15081513-c9e4-4e0d-aac5-97a71d5ef649
    telemetry.sdk.name: opentelemetry
    telemetry.sdk.language: dotnet
    telemetry.sdk.version: 1.8.1
[05:35:24 INF] User registered successfully: 636a42b9-144d-4243-998d-b8c384cd1c6a {"SourceContext": "App.Features.Authentication.RegisterUserCommandHandler", "ActionId": "a6e143f0-96d2-4329-b53d-3a6cc17e1bea", "ActionName": "Api.Controllers.AuthController.Register (Api)", "RequestId": "0HNFGUJ46SFB8", "RequestPath": "/api/auth/register", "Application": "Crud.Api"}
Activity.TraceId:            bf4405b5044a6666ce1823f0832005e5
Activity.SpanId:             21287274dda5909c
Activity.TraceFlags:         Recorded
Activity.ActivitySourceName: Microsoft.AspNetCore
Activity.DisplayName:        POST api/Auth/register
Activity.Kind:               Server
Activity.StartTime:          2025-09-11T05:35:24.5242386Z
Activity.Duration:           00:00:00.2961829
Activity.Tags:
    server.address: localhost
    http.request.method: POST
    url.scheme: http
    url.path: /api/auth/register
    network.protocol.version: 1.1
    http.route: api/Auth/register
    http.response.status_code: 200
Resource associated with Activity:
    deployment.environment: Testing
    service.name: Crud.Api
    service.version: 1.0.0
    service.instance.id: 15081513-c9e4-4e0d-aac5-97a71d5ef649
    telemetry.sdk.name: opentelemetry
    telemetry.sdk.language: dotnet
    telemetry.sdk.version: 1.8.1
[05:35:25 INF] User logged in successfully: 636a42b9-144d-4243-998d-b8c384cd1c6a {"SourceContext": "App.Features.Authentication.LoginCommandHandler", "ActionId": "3970818b-35cd-4a39-9bde-83c08fdecc4d", "ActionName": "Api.Controllers.AuthController.Login (Api)", "RequestId": "0HNFGUJ46SFB9", "RequestPath": "/api/auth/login", "Application": "Crud.Api"}
Activity.TraceId:            8c77c197d67220a613235220d3955677
Activity.SpanId:             399db4040911d2b8
Activity.TraceFlags:         Recorded
Activity.ActivitySourceName: Microsoft.AspNetCore
Activity.DisplayName:        POST api/Auth/login
Activity.Kind:               Server
Activity.StartTime:          2025-09-11T05:35:24.8228157Z
Activity.Duration:           00:00:00.2958915
Activity.Tags:
    server.address: localhost
    http.request.method: POST
    url.scheme: http
    url.path: /api/auth/login
    network.protocol.version: 1.1
    http.route: api/Auth/login
    http.response.status_code: 200
Resource associated with Activity:
    deployment.environment: Testing
    service.name: Crud.Api
    service.version: 1.0.0
    service.instance.id: 15081513-c9e4-4e0d-aac5-97a71d5ef649
    telemetry.sdk.name: opentelemetry
    telemetry.sdk.language: dotnet
    telemetry.sdk.version: 1.8.1
[05:35:25 DBG] Removed cache value for key: entity:window:57567f84ed6149918f9ca57fb66d432b {"SourceContext": "Infrastructure.Services.Caching.InMemoryCacheService", "ActionId": "a6ae1ee0-41e9-4d14-aef9-fc8cb21a3fa2", "ActionName": "Api.Controllers.WindowsController.Create (Api)", "RequestId": "0HNFGUJ46SFBA", "RequestPath": "/api/windows", "Application": "Crud.Api"}
[05:35:25 DBG] Removed cache value for key: list:window {"SourceContext": "Infrastructure.Services.Caching.InMemoryCacheService", "ActionId": "a6ae1ee0-41e9-4d14-aef9-fc8cb21a3fa2", "ActionName": "Api.Controllers.WindowsController.Create (Api)", "RequestId": "0HNFGUJ46SFBA", "RequestPath": "/api/windows", "Application": "Crud.Api"}
[05:35:25 DBG] Invalidating cache for entity type: windows with tag: windows {"SourceContext": "Api.Services.OutputCacheInvalidationService", "ActionId": "a6ae1ee0-41e9-4d14-aef9-fc8cb21a3fa2", "ActionName": "Api.Controllers.WindowsController.Create (Api)", "RequestId": "0HNFGUJ46SFBA", "RequestPath": "/api/windows", "Application": "Crud.Api"}
[05:35:25 INF] Successfully invalidated cache for entity type: windows {"SourceContext": "Api.Services.OutputCacheInvalidationService", "ActionId": "a6ae1ee0-41e9-4d14-aef9-fc8cb21a3fa2", "ActionName": "Api.Controllers.WindowsController.Create (Api)", "RequestId": "0HNFGUJ46SFBA", "RequestPath": "/api/windows", "Application": "Crud.Api"}
Activity.TraceId:            095b3a1093462d97228c6c4302d60c29
Activity.SpanId:             899b323b19da297e
Activity.TraceFlags:         Recorded
Activity.ActivitySourceName: Microsoft.AspNetCore
Activity.DisplayName:        POST api/Windows
Activity.Kind:               Server
Activity.StartTime:          2025-09-11T05:35:25.1195184Z
Activity.Duration:           00:00:00.0017354
Activity.Tags:
    server.address: localhost
    http.request.method: POST
    url.scheme: http
    url.path: /api/windows
    network.protocol.version: 1.1
    http.route: api/Windows
    http.response.status_code: 201
Resource associated with Activity:
    deployment.environment: Testing
    service.name: Crud.Api
    service.version: 1.0.0
    service.instance.id: 15081513-c9e4-4e0d-aac5-97a71d5ef649
    telemetry.sdk.name: opentelemetry
    telemetry.sdk.language: dotnet
    telemetry.sdk.version: 1.8.1
[05:35:25 INF] User registered successfully: 53813275-319c-4ea5-8879-e62d352272c0 {"SourceContext": "App.Features.Authentication.RegisterUserCommandHandler", "ActionId": "a6e143f0-96d2-4329-b53d-3a6cc17e1bea", "ActionName": "Api.Controllers.AuthController.Register (Api)", "RequestId": "0HNFGUJ46SFBB", "RequestPath": "/api/auth/register", "Application": "Crud.Api"}
Activity.TraceId:            deb9089ea375c8af5b840ddad4f255bf
Activity.SpanId:             efd6e58e296c1bb9
Activity.TraceFlags:         Recorded
Activity.ActivitySourceName: Microsoft.AspNetCore
Activity.DisplayName:        POST api/Auth/register
Activity.Kind:               Server
Activity.StartTime:          2025-09-11T05:35:25.1223724Z
Activity.Duration:           00:00:00.2956954
Activity.Tags:
    server.address: localhost
    http.request.method: POST
    url.scheme: http
    url.path: /api/auth/register
    network.protocol.version: 1.1
    http.route: api/Auth/register
    http.response.status_code: 200
Resource associated with Activity:
    deployment.environment: Testing
    service.name: Crud.Api
    service.version: 1.0.0
    service.instance.id: 15081513-c9e4-4e0d-aac5-97a71d5ef649
    telemetry.sdk.name: opentelemetry
    telemetry.sdk.language: dotnet
    telemetry.sdk.version: 1.8.1
[05:35:25 DBG] Cache miss for key: entity:window:57567f84ed6149918f9ca57fb66d432b {"SourceContext": "Infrastructure.Services.Caching.InMemoryCacheService", "ActionId": "e22df17b-cbcc-44be-9efb-3e8ff41f0630", "ActionName": "Api.Controllers.WindowsController.Get (Api)", "RequestId": "0HNFGUJ46SFBC", "RequestPath": "/api/windows/57567f84-ed61-4991-8f9c-a57fb66d432b", "Application": "Crud.Api"}
[05:35:25 DBG] Set cache value for key: entity:window:57567f84ed6149918f9ca57fb66d432b {"SourceContext": "Infrastructure.Services.Caching.InMemoryCacheService", "ActionId": "e22df17b-cbcc-44be-9efb-3e8ff41f0630", "ActionName": "Api.Controllers.WindowsController.Get (Api)", "RequestId": "0HNFGUJ46SFBC", "RequestPath": "/api/windows/57567f84-ed61-4991-8f9c-a57fb66d432b", "Application": "Crud.Api"}
Activity.TraceId:            9932c205c2d763c5c6a766d237c454af
Activity.SpanId:             3977dde72a398c5f
Activity.TraceFlags:         Recorded
Activity.ActivitySourceName: Microsoft.AspNetCore
Activity.DisplayName:        GET api/Windows/{id:guid}
Activity.Kind:               Server
Activity.StartTime:          2025-09-11T05:35:25.4182203Z
Activity.Duration:           00:00:00.0034112
Activity.Tags:
    server.address: localhost
    http.request.method: GET
    url.scheme: http
    url.path: /api/windows/57567f84-ed61-4991-8f9c-a57fb66d432b
    network.protocol.version: 1.1
    http.route: api/Windows/{id:guid}
    http.response.status_code: 200
Resource associated with Activity:
    deployment.environment: Testing
    service.name: Crud.Api
    service.version: 1.0.0
    service.instance.id: 15081513-c9e4-4e0d-aac5-97a71d5ef649
    telemetry.sdk.name: opentelemetry
    telemetry.sdk.language: dotnet
    telemetry.sdk.version: 1.8.1
[05:35:25 INF] User registered successfully: deed515e-095f-4b9a-8337-7e0d8fed6ad7 {"SourceContext": "App.Features.Authentication.RegisterUserCommandHandler", "ActionId": "a6e143f0-96d2-4329-b53d-3a6cc17e1bea", "ActionName": "Api.Controllers.AuthController.Register (Api)", "RequestId": "0HNFGUJ46SFBD", "RequestPath": "/api/auth/register", "Application": "Crud.Api"}
Activity.TraceId:            5969dc7305c8668a979fad172ff256de
Activity.SpanId:             65aac47bd6975bb2
Activity.TraceFlags:         Recorded
Activity.ActivitySourceName: Microsoft.AspNetCore
Activity.DisplayName:        POST api/Auth/register
Activity.Kind:               Server
Activity.StartTime:          2025-09-11T05:35:25.4237071Z
Activity.Duration:           00:00:00.2961939
Activity.Tags:
    server.address: localhost
    http.request.method: POST
    url.scheme: http
    url.path: /api/auth/register
    network.protocol.version: 1.1
    http.route: api/Auth/register
    http.response.status_code: 200
Resource associated with Activity:
    deployment.environment: Testing
    service.name: Crud.Api
    service.version: 1.0.0
    service.instance.id: 15081513-c9e4-4e0d-aac5-97a71d5ef649
    telemetry.sdk.name: opentelemetry
    telemetry.sdk.language: dotnet
    telemetry.sdk.version: 1.8.1
[05:35:25 DBG] Cache miss for key: entity:window:cae73d307dcd4cfea7e5e769eb30eeea {"SourceContext": "Infrastructure.Services.Caching.InMemoryCacheService", "ActionId": "e22df17b-cbcc-44be-9efb-3e8ff41f0630", "ActionName": "Api.Controllers.WindowsController.Get (Api)", "RequestId": "0HNFGUJ46SFBE", "RequestPath": "/api/windows/cae73d30-7dcd-4cfe-a7e5-e769eb30eeea", "Application": "Crud.Api"}
Activity.TraceId:            51e8071b700422c1f21885d0698fa471
Activity.SpanId:             8a224191c0fbad03
Activity.TraceFlags:         Recorded
Activity.ActivitySourceName: Microsoft.AspNetCore
Activity.DisplayName:        GET api/Windows/{id:guid}
Activity.Kind:               Server
Activity.StartTime:          2025-09-11T05:35:25.7210675Z
Activity.Duration:           00:00:00.0014193
Activity.Tags:
    server.address: localhost
    http.request.method: GET
    url.scheme: http
    url.path: /api/windows/cae73d30-7dcd-4cfe-a7e5-e769eb30eeea
    network.protocol.version: 1.1
    http.route: api/Windows/{id:guid}
    http.response.status_code: 404
Resource associated with Activity:
    deployment.environment: Testing
    service.name: Crud.Api
    service.version: 1.0.0
    service.instance.id: 15081513-c9e4-4e0d-aac5-97a71d5ef649
    telemetry.sdk.name: opentelemetry
    telemetry.sdk.language: dotnet
    telemetry.sdk.version: 1.8.1
[05:35:26 INF] User registered successfully: df236cf8-c980-401d-9940-ec0fae79d611 {"SourceContext": "App.Features.Authentication.RegisterUserCommandHandler", "ActionId": "a6e143f0-96d2-4329-b53d-3a6cc17e1bea", "ActionName": "Api.Controllers.AuthController.Register (Api)", "RequestId": "0HNFGUJ46SFBF", "RequestPath": "/api/auth/register", "Application": "Crud.Api"}
Activity.TraceId:            03535a2546e5a4dc988e9d08bd313bb4
Activity.SpanId:             d11f13aefdca9bb8
Activity.TraceFlags:         Recorded
Activity.ActivitySourceName: Microsoft.AspNetCore
Activity.DisplayName:        POST api/Auth/register
Activity.Kind:               Server
Activity.StartTime:          2025-09-11T05:35:25.7258598Z
Activity.Duration:           00:00:00.2977952
Activity.Tags:
    server.address: localhost
    http.request.method: POST
    url.scheme: http
    url.path: /api/auth/register
    network.protocol.version: 1.1
    http.route: api/Auth/register
    http.response.status_code: 200
Resource associated with Activity:
    deployment.environment: Testing
    service.name: Crud.Api
    service.version: 1.0.0
    service.instance.id: 15081513-c9e4-4e0d-aac5-97a71d5ef649
    telemetry.sdk.name: opentelemetry
    telemetry.sdk.language: dotnet
    telemetry.sdk.version: 1.8.1
[05:35:26 INF] User logged in successfully: df236cf8-c980-401d-9940-ec0fae79d611 {"SourceContext": "App.Features.Authentication.LoginCommandHandler", "ActionId": "3970818b-35cd-4a39-9bde-83c08fdecc4d", "ActionName": "Api.Controllers.AuthController.Login (Api)", "RequestId": "0HNFGUJ46SFBG", "RequestPath": "/api/auth/login", "Application": "Crud.Api"}
Activity.TraceId:            fc9024af2e136341139b76067b8eaa52
Activity.SpanId:             e28c50fdc9f5c7be
Activity.TraceFlags:         Recorded
Activity.ActivitySourceName: Microsoft.AspNetCore
Activity.DisplayName:        POST api/Auth/login
Activity.Kind:               Server
Activity.StartTime:          2025-09-11T05:35:26.0253564Z
Activity.Duration:           00:00:00.2963345
Activity.Tags:
    server.address: localhost
    http.request.method: POST
    url.scheme: http
    url.path: /api/auth/login
    network.protocol.version: 1.1
    http.route: api/Auth/login
    http.response.status_code: 200
Resource associated with Activity:
    deployment.environment: Testing
    service.name: Crud.Api
    service.version: 1.0.0
    service.instance.id: 15081513-c9e4-4e0d-aac5-97a71d5ef649
    telemetry.sdk.name: opentelemetry
    telemetry.sdk.language: dotnet
    telemetry.sdk.version: 1.8.1
[05:35:26 DBG] Removed cache value for key: entity:window:cdd3c5310b0b4e798d8dbe24c2919268 {"SourceContext": "Infrastructure.Services.Caching.InMemoryCacheService", "ActionId": "a6ae1ee0-41e9-4d14-aef9-fc8cb21a3fa2", "ActionName": "Api.Controllers.WindowsController.Create (Api)", "RequestId": "0HNFGUJ46SFBH", "RequestPath": "/api/windows", "Application": "Crud.Api"}
[05:35:26 DBG] Removed cache value for key: list:window {"SourceContext": "Infrastructure.Services.Caching.InMemoryCacheService", "ActionId": "a6ae1ee0-41e9-4d14-aef9-fc8cb21a3fa2", "ActionName": "Api.Controllers.WindowsController.Create (Api)", "RequestId": "0HNFGUJ46SFBH", "RequestPath": "/api/windows", "Application": "Crud.Api"}
[05:35:26 DBG] Invalidating cache for entity type: windows with tag: windows {"SourceContext": "Api.Services.OutputCacheInvalidationService", "ActionId": "a6ae1ee0-41e9-4d14-aef9-fc8cb21a3fa2", "ActionName": "Api.Controllers.WindowsController.Create (Api)", "RequestId": "0HNFGUJ46SFBH", "RequestPath": "/api/windows", "Application": "Crud.Api"}
[05:35:26 INF] Successfully invalidated cache for entity type: windows {"SourceContext": "Api.Services.OutputCacheInvalidationService", "ActionId": "a6ae1ee0-41e9-4d14-aef9-fc8cb21a3fa2", "ActionName": "Api.Controllers.WindowsController.Create (Api)", "RequestId": "0HNFGUJ46SFBH", "RequestPath": "/api/windows", "Application": "Crud.Api"}
Activity.TraceId:            6d1985638bb4d8006692118bb8268207
Activity.SpanId:             538b5a1496779194
Activity.TraceFlags:         Recorded
Activity.ActivitySourceName: Microsoft.AspNetCore
Activity.DisplayName:        POST api/Windows
Activity.Kind:               Server
Activity.StartTime:          2025-09-11T05:35:26.3227290Z
Activity.Duration:           00:00:00.0021103
Activity.Tags:
    server.address: localhost
    http.request.method: POST
    url.scheme: http
    url.path: /api/windows
    network.protocol.version: 1.1
    http.route: api/Windows
    http.response.status_code: 201
Resource associated with Activity:
    deployment.environment: Testing
    service.name: Crud.Api
    service.version: 1.0.0
    service.instance.id: 15081513-c9e4-4e0d-aac5-97a71d5ef649
    telemetry.sdk.name: opentelemetry
    telemetry.sdk.language: dotnet
    telemetry.sdk.version: 1.8.1
[05:35:26 INF] User registered successfully: cc0c6e85-ce39-4cd9-bcbc-2f76860fba24 {"SourceContext": "App.Features.Authentication.RegisterUserCommandHandler", "ActionId": "a6e143f0-96d2-4329-b53d-3a6cc17e1bea", "ActionName": "Api.Controllers.AuthController.Register (Api)", "RequestId": "0HNFGUJ46SFBI", "RequestPath": "/api/auth/register", "Application": "Crud.Api"}
Activity.TraceId:            d20d35e3997387ec647a972e46b11fa7
Activity.SpanId:             8c0e35a105c95d82
Activity.TraceFlags:         Recorded
Activity.ActivitySourceName: Microsoft.AspNetCore
Activity.DisplayName:        POST api/Auth/register
Activity.Kind:               Server
Activity.StartTime:          2025-09-11T05:35:26.3260635Z
Activity.Duration:           00:00:00.2996764
Activity.Tags:
    server.address: localhost
    http.request.method: POST
    url.scheme: http
    url.path: /api/auth/register
    network.protocol.version: 1.1
    http.route: api/Auth/register
    http.response.status_code: 200
Resource associated with Activity:
    deployment.environment: Testing
    service.name: Crud.Api
    service.version: 1.0.0
    service.instance.id: 15081513-c9e4-4e0d-aac5-97a71d5ef649
    telemetry.sdk.name: opentelemetry
    telemetry.sdk.language: dotnet
    telemetry.sdk.version: 1.8.1
[05:35:26 INF] User logged in successfully: cc0c6e85-ce39-4cd9-bcbc-2f76860fba24 {"SourceContext": "App.Features.Authentication.LoginCommandHandler", "ActionId": "3970818b-35cd-4a39-9bde-83c08fdecc4d", "ActionName": "Api.Controllers.AuthController.Login (Api)", "RequestId": "0HNFGUJ46SFBJ", "RequestPath": "/api/auth/login", "Application": "Crud.Api"}
Activity.TraceId:            bccb967a4fa8424189f6117db5d871ff
Activity.SpanId:             777c256bd3e13605
Activity.TraceFlags:         Recorded
Activity.ActivitySourceName: Microsoft.AspNetCore
Activity.DisplayName:        POST api/Auth/login
Activity.Kind:               Server
Activity.StartTime:          2025-09-11T05:35:26.6267598Z
Activity.Duration:           00:00:00.2959136
Activity.Tags:
    server.address: localhost
    http.request.method: POST
    url.scheme: http
    url.path: /api/auth/login
    network.protocol.version: 1.1
    http.route: api/Auth/login
    http.response.status_code: 200
Resource associated with Activity:
    deployment.environment: Testing
    service.name: Crud.Api
    service.version: 1.0.0
    service.instance.id: 15081513-c9e4-4e0d-aac5-97a71d5ef649
    telemetry.sdk.name: opentelemetry
    telemetry.sdk.language: dotnet
    telemetry.sdk.version: 1.8.1
[05:35:26 DBG] Removed cache value for key: entity:window:d3df2b78d43344bc91edd67fd016ec28 {"SourceContext": "Infrastructure.Services.Caching.InMemoryCacheService", "ActionId": "a6ae1ee0-41e9-4d14-aef9-fc8cb21a3fa2", "ActionName": "Api.Controllers.WindowsController.Create (Api)", "RequestId": "0HNFGUJ46SFBK", "RequestPath": "/api/windows", "Application": "Crud.Api"}
[05:35:26 DBG] Removed cache value for key: list:window {"SourceContext": "Infrastructure.Services.Caching.InMemoryCacheService", "ActionId": "a6ae1ee0-41e9-4d14-aef9-fc8cb21a3fa2", "ActionName": "Api.Controllers.WindowsController.Create (Api)", "RequestId": "0HNFGUJ46SFBK", "RequestPath": "/api/windows", "Application": "Crud.Api"}
[05:35:26 DBG] Invalidating cache for entity type: windows with tag: windows {"SourceContext": "Api.Services.OutputCacheInvalidationService", "ActionId": "a6ae1ee0-41e9-4d14-aef9-fc8cb21a3fa2", "ActionName": "Api.Controllers.WindowsController.Create (Api)", "RequestId": "0HNFGUJ46SFBK", "RequestPath": "/api/windows", "Application": "Crud.Api"}
[05:35:26 INF] Successfully invalidated cache for entity type: windows {"SourceContext": "Api.Services.OutputCacheInvalidationService", "ActionId": "a6ae1ee0-41e9-4d14-aef9-fc8cb21a3fa2", "ActionName": "Api.Controllers.WindowsController.Create (Api)", "RequestId": "0HNFGUJ46SFBK", "RequestPath": "/api/windows", "Application": "Crud.Api"}
Activity.TraceId:            9eadf89632f2ca9be32c08cf6165cd71
Activity.SpanId:             5a7d25439720f686
Activity.TraceFlags:         Recorded
Activity.ActivitySourceName: Microsoft.AspNetCore
Activity.DisplayName:        POST api/Windows
Activity.Kind:               Server
Activity.StartTime:          2025-09-11T05:35:26.9230306Z
Activity.Duration:           00:00:00.0019356
Activity.Tags:
    server.address: localhost
    http.request.method: POST
    url.scheme: http
    url.path: /api/windows
    network.protocol.version: 1.1
    http.route: api/Windows
    http.response.status_code: 201
Resource associated with Activity:
    deployment.environment: Testing
    service.name: Crud.Api
    service.version: 1.0.0
    service.instance.id: 15081513-c9e4-4e0d-aac5-97a71d5ef649
    telemetry.sdk.name: opentelemetry
    telemetry.sdk.language: dotnet
    telemetry.sdk.version: 1.8.1
[05:35:27 INF] User registered successfully: 657bfd69-792d-4306-94f4-52638e8bb9cd {"SourceContext": "App.Features.Authentication.RegisterUserCommandHandler", "ActionId": "a6e143f0-96d2-4329-b53d-3a6cc17e1bea", "ActionName": "Api.Controllers.AuthController.Register (Api)", "RequestId": "0HNFGUJ46SFBL", "RequestPath": "/api/auth/register", "Application": "Crud.Api"}
Activity.TraceId:            a70721665fed2ceff1f3caee14844351
Activity.SpanId:             ec6516c9733f9b7c
Activity.TraceFlags:         Recorded
Activity.ActivitySourceName: Microsoft.AspNetCore
Activity.DisplayName:        POST api/Auth/register
Activity.Kind:               Server
Activity.StartTime:          2025-09-11T05:35:26.9280280Z
Activity.Duration:           00:00:00.2966253
Activity.Tags:
    server.address: localhost
    http.request.method: POST
    url.scheme: http
    url.path: /api/auth/register
    network.protocol.version: 1.1
    http.route: api/Auth/register
    http.response.status_code: 200
Resource associated with Activity:
    deployment.environment: Testing
    service.name: Crud.Api
    service.version: 1.0.0
    service.instance.id: 15081513-c9e4-4e0d-aac5-97a71d5ef649
    telemetry.sdk.name: opentelemetry
    telemetry.sdk.language: dotnet
    telemetry.sdk.version: 1.8.1
[05:35:27 INF] User logged in successfully: 657bfd69-792d-4306-94f4-52638e8bb9cd {"SourceContext": "App.Features.Authentication.LoginCommandHandler", "ActionId": "3970818b-35cd-4a39-9bde-83c08fdecc4d", "ActionName": "Api.Controllers.AuthController.Login (Api)", "RequestId": "0HNFGUJ46SFBM", "RequestPath": "/api/auth/login", "Application": "Crud.Api"}
Activity.TraceId:            b2e498d017e083aac04f7e5bcc211deb
Activity.SpanId:             7961caa5be6e9805
Activity.TraceFlags:         Recorded
Activity.ActivitySourceName: Microsoft.AspNetCore
Activity.DisplayName:        POST api/Auth/login
Activity.Kind:               Server
Activity.StartTime:          2025-09-11T05:35:27.2262405Z
Activity.Duration:           00:00:00.2960495
Activity.Tags:
    server.address: localhost
    http.request.method: POST
    url.scheme: http
    url.path: /api/auth/login
    network.protocol.version: 1.1
    http.route: api/Auth/login
    http.response.status_code: 200
Resource associated with Activity:
    deployment.environment: Testing
    service.name: Crud.Api
    service.version: 1.0.0
    service.instance.id: 15081513-c9e4-4e0d-aac5-97a71d5ef649
    telemetry.sdk.name: opentelemetry
    telemetry.sdk.language: dotnet
    telemetry.sdk.version: 1.8.1
[05:35:27 DBG] Removed cache value for key: entity:window:3b3d6fa31c9b4f42b7cf1ee02d2f4c28 {"SourceContext": "Infrastructure.Services.Caching.InMemoryCacheService", "ActionId": "a6ae1ee0-41e9-4d14-aef9-fc8cb21a3fa2", "ActionName": "Api.Controllers.WindowsController.Create (Api)", "RequestId": "0HNFGUJ46SFBN", "RequestPath": "/api/windows", "Application": "Crud.Api"}
[05:35:27 DBG] Removed cache value for key: list:window {"SourceContext": "Infrastructure.Services.Caching.InMemoryCacheService", "ActionId": "a6ae1ee0-41e9-4d14-aef9-fc8cb21a3fa2", "ActionName": "Api.Controllers.WindowsController.Create (Api)", "RequestId": "0HNFGUJ46SFBN", "RequestPath": "/api/windows", "Application": "Crud.Api"}
[05:35:27 DBG] Invalidating cache for entity type: windows with tag: windows {"SourceContext": "Api.Services.OutputCacheInvalidationService", "ActionId": "a6ae1ee0-41e9-4d14-aef9-fc8cb21a3fa2", "ActionName": "Api.Controllers.WindowsController.Create (Api)", "RequestId": "0HNFGUJ46SFBN", "RequestPath": "/api/windows", "Application": "Crud.Api"}
[05:35:27 INF] Successfully invalidated cache for entity type: windows {"SourceContext": "Api.Services.OutputCacheInvalidationService", "ActionId": "a6ae1ee0-41e9-4d14-aef9-fc8cb21a3fa2", "ActionName": "Api.Controllers.WindowsController.Create (Api)", "RequestId": "0HNFGUJ46SFBN", "RequestPath": "/api/windows", "Application": "Crud.Api"}
Activity.TraceId:            f3bc93a1c098fd7d8663e0e27a4d8620
Activity.SpanId:             e9d9b686a9d8378a
Activity.TraceFlags:         Recorded
Activity.ActivitySourceName: Microsoft.AspNetCore
Activity.DisplayName:        POST api/Windows
Activity.Kind:               Server
Activity.StartTime:          2025-09-11T05:35:27.5231580Z
Activity.Duration:           00:00:00.0017480
Activity.Tags:
    server.address: localhost
    http.request.method: POST
    url.scheme: http
    url.path: /api/windows
    network.protocol.version: 1.1
    http.route: api/Windows
    http.response.status_code: 201
Resource associated with Activity:
    deployment.environment: Testing
    service.name: Crud.Api
    service.version: 1.0.0
    service.instance.id: 15081513-c9e4-4e0d-aac5-97a71d5ef649
    telemetry.sdk.name: opentelemetry
    telemetry.sdk.language: dotnet
    telemetry.sdk.version: 1.8.1
Resource associated with Metric:
    deployment.environment: Testing
    service.name: Crud.Api
    service.version: 1.0.0
    service.instance.id: 15081513-c9e4-4e0d-aac5-97a71d5ef649
    telemetry.sdk.name: opentelemetry
    telemetry.sdk.language: dotnet
    telemetry.sdk.version: 1.8.1
Metric Name: http.server.active_requests, Number of active HTTP server requests., Unit: {request}, Meter: Microsoft.AspNetCore.Hosting
(2025-09-11T05:35:17.5405479Z, 2025-09-11T05:35:27.5405639Z] http.request.method: POST url.scheme: http LongSumNonMonotonic
Value: 0
(2025-09-11T05:35:17.5405479Z, 2025-09-11T05:35:27.5405639Z] http.request.method: DELETE url.scheme: http LongSumNonMonotonic
Value: 0
(2025-09-11T05:35:17.5405479Z, 2025-09-11T05:35:27.5405639Z] http.request.method: GET url.scheme: http LongSumNonMonotonic
Value: 0
(2025-09-11T05:35:17.5405479Z, 2025-09-11T05:35:27.5405639Z] http.request.method: PUT url.scheme: http LongSumNonMonotonic
Value: 0
Metric Name: http.server.request.duration, Duration of HTTP server requests., Unit: s, Meter: Microsoft.AspNetCore.Hosting
(2025-09-11T05:35:17.5405646Z, 2025-09-11T05:35:27.5405670Z] http.request.method: POST http.response.status_code: 200 http.route: api/Auth/register network.protocol.version: 1.1 url.scheme: http Histogram
Value: Sum: 5.6448209 Count: 19 Min: 0.2955039 Max: 0.3041659 
(-Infinity,0.005]:0
(0.005,0.01]:0
(0.01,0.025]:0
(0.025,0.05]:0
(0.05,0.075]:0
(0.075,0.1]:0
(0.1,0.25]:0
(0.25,0.5]:19
(0.5,0.75]:0
(0.75,1]:0
(1,2.5]:0
(2.5,5]:0
(5,7.5]:0
(7.5,10]:0
(10,+Infinity]:0
(2025-09-11T05:35:17.5405646Z, 2025-09-11T05:35:27.5405670Z] http.request.method: POST http.response.status_code: 200 http.route: api/Auth/login network.protocol.version: 1.1 url.scheme: http Histogram
Value: Sum: 4.1501848 Count: 14 Min: 0.2954682 Max: 0.3010633 
(-Infinity,0.005]:0
(0.005,0.01]:0
(0.01,0.025]:0
(0.025,0.05]:0
(0.05,0.075]:0
(0.075,0.1]:0
(0.1,0.25]:0
(0.25,0.5]:14
(0.5,0.75]:0
(0.75,1]:0
(1,2.5]:0
(2.5,5]:0
(5,7.5]:0
(7.5,10]:0
(10,+Infinity]:0
(2025-09-11T05:35:17.5405646Z, 2025-09-11T05:35:27.5405670Z] http.request.method: POST http.response.status_code: 400 http.route: api/Windows network.protocol.version: 1.1 url.scheme: http Histogram
Value: Sum: 0.0151246 Count: 2 Min: 0.0006367 Max: 0.0144879 
(-Infinity,0.005]:1
(0.005,0.01]:0
(0.01,0.025]:1
(0.025,0.05]:0
(0.05,0.075]:0
(0.075,0.1]:0
(0.1,0.25]:0
(0.25,0.5]:0
(0.5,0.75]:0
(0.75,1]:0
(1,2.5]:0
(2.5,5]:0
(5,7.5]:0
(7.5,10]:0
(10,+Infinity]:0
(2025-09-11T05:35:17.5405646Z, 2025-09-11T05:35:27.5405670Z] http.request.method: POST http.response.status_code: 201 http.route: api/Windows network.protocol.version: 1.1 url.scheme: http Histogram
Value: Sum: 0.0438064 Count: 10 Min: 0.0017392 Max: 0.0137123 
(-Infinity,0.005]:7
(0.005,0.01]:2
(0.01,0.025]:1
(0.025,0.05]:0
(0.05,0.075]:0
(0.075,0.1]:0
(0.1,0.25]:0
(0.25,0.5]:0
(0.5,0.75]:0
(0.75,1]:0
(1,2.5]:0
(2.5,5]:0
(5,7.5]:0
(7.5,10]:0
(10,+Infinity]:0
(2025-09-11T05:35:17.5405646Z, 2025-09-11T05:35:27.5405670Z] http.request.method: DELETE http.response.status_code: 204 http.route: api/Windows/{id:guid} network.protocol.version: 1.1 url.scheme: http Histogram
Value: Sum: 0.0111892 Count: 1 Min: 0.0111892 Max: 0.0111892 
(-Infinity,0.005]:0
(0.005,0.01]:0
(0.01,0.025]:1
(0.025,0.05]:0
(0.05,0.075]:0
(0.075,0.1]:0
(0.1,0.25]:0
(0.25,0.5]:0
(0.5,0.75]:0
(0.75,1]:0
(1,2.5]:0
(2.5,5]:0
(5,7.5]:0
(7.5,10]:0
(10,+Infinity]:0
(2025-09-11T05:35:17.5405646Z, 2025-09-11T05:35:27.5405670Z] http.request.method: GET http.response.status_code: 404 http.route: api/Windows/{id:guid} network.protocol.version: 1.1 url.scheme: http Histogram
Value: Sum: 0.011435299999999999 Count: 2 Min: 0.0014194 Max: 0.0100159 
(-Infinity,0.005]:1
(0.005,0.01]:0
(0.01,0.025]:1
(0.025,0.05]:0
(0.05,0.075]:0
(0.075,0.1]:0
(0.1,0.25]:0
(0.25,0.5]:0
(0.5,0.75]:0
(0.75,1]:0
(1,2.5]:0
(2.5,5]:0
(5,7.5]:0
(7.5,10]:0
(10,+Infinity]:0
(2025-09-11T05:35:17.5405646Z, 2025-09-11T05:35:27.5405670Z] http.request.method: GET http.response.status_code: 200 http.route: api/Windows network.protocol.version: 1.1 url.scheme: http Histogram
Value: Sum: 0.0089848 Count: 1 Min: 0.0089848 Max: 0.0089848 
(-Infinity,0.005]:0
(0.005,0.01]:1
(0.01,0.025]:0
(0.025,0.05]:0
(0.05,0.075]:0
(0.075,0.1]:0
(0.1,0.25]:0
(0.25,0.5]:0
(0.5,0.75]:0
(0.75,1]:0
(1,2.5]:0
(2.5,5]:0
(5,7.5]:0
(7.5,10]:0
(10,+Infinity]:0
(2025-09-11T05:35:17.5405646Z, 2025-09-11T05:35:27.5405670Z] http.request.method: PUT http.response.status_code: 204 http.route: api/Windows/{id:guid} network.protocol.version: 1.1 url.scheme: http Histogram
Value: Sum: 0.0133706 Count: 1 Min: 0.0133706 Max: 0.0133706 
(-Infinity,0.005]:0
(0.005,0.01]:0
(0.01,0.025]:1
(0.025,0.05]:0
(0.05,0.075]:0
(0.075,0.1]:0
(0.1,0.25]:0
(0.25,0.5]:0
(0.5,0.75]:0
(0.75,1]:0
(1,2.5]:0
(2.5,5]:0
(5,7.5]:0
(7.5,10]:0
(10,+Infinity]:0
(2025-09-11T05:35:17.5405646Z, 2025-09-11T05:35:27.5405670Z] http.request.method: GET http.response.status_code: 200 http.route: api/Windows/{id:guid} network.protocol.version: 1.1 url.scheme: http Histogram
Value: Sum: 0.0061942 Count: 2 Min: 0.0027826 Max: 0.0034116 
(-Infinity,0.005]:2
(0.005,0.01]:0
(0.01,0.025]:0
(0.025,0.05]:0
(0.05,0.075]:0
(0.075,0.1]:0
(0.1,0.25]:0
(0.25,0.5]:0
(0.5,0.75]:0
(0.75,1]:0
(1,2.5]:0
(2.5,5]:0
(5,7.5]:0
(7.5,10]:0
(10,+Infinity]:0
Metric Name: aspnetcore.rate_limiting.active_request_leases, Number of HTTP requests that are currently active on the server that hold a rate limiting lease., Unit: {request}, Meter: Microsoft.AspNetCore.RateLimiting
(2025-09-11T05:35:17.5424747Z, 2025-09-11T05:35:27.5405673Z] LongSumNonMonotonic
Value: 0
Metric Name: aspnetcore.rate_limiting.request_lease.duration, The duration of rate limiting leases held by HTTP requests on the server., Unit: s, Meter: Microsoft.AspNetCore.RateLimiting
(2025-09-11T05:35:17.5424918Z, 2025-09-11T05:35:27.5405676Z] Histogram
Value: Sum: 9.8933326 Count: 52 Min: 0.0005308 Max: 0.3032891 
(-Infinity,0.005]:11
(0.005,0.01]:4
(0.01,0.025]:4
(0.025,0.05]:0
(0.05,0.075]:0
(0.075,0.1]:0
(0.1,0.25]:0
(0.25,0.5]:33
(0.5,0.75]:0
(0.75,1]:0
(1,2.5]:0
(2.5,5]:0
(5,7.5]:0
(7.5,10]:0
(10,+Infinity]:0
Metric Name: aspnetcore.rate_limiting.requests, Number of requests that tried to acquire a rate limiting lease. Requests could be rejected by global or endpoint rate limiting policies. Or the request could be canceled while waiting for the lease., Unit: {request}, Meter: Microsoft.AspNetCore.RateLimiting
(2025-09-11T05:35:17.5425267Z, 2025-09-11T05:35:27.5405689Z] aspnetcore.rate_limiting.result: acquired LongSum
Value: 52
Metric Name: aspnetcore.routing.match_attempts, Number of requests that were attempted to be matched to an endpoint., Unit: {match_attempt}, Meter: Microsoft.AspNetCore.Routing
(2025-09-11T05:35:17.5433681Z, 2025-09-11T05:35:27.5405694Z] aspnetcore.routing.is_fallback: false aspnetcore.routing.match_status: success http.route: api/Auth/register LongSum
Value: 19
(2025-09-11T05:35:17.5433681Z, 2025-09-11T05:35:27.5405694Z] aspnetcore.routing.is_fallback: false aspnetcore.routing.match_status: success http.route: api/Auth/login LongSum
Value: 14
(2025-09-11T05:35:17.5433681Z, 2025-09-11T05:35:27.5405694Z] aspnetcore.routing.is_fallback: false aspnetcore.routing.match_status: success http.route: api/Windows LongSum
Value: 13
(2025-09-11T05:35:17.5433681Z, 2025-09-11T05:35:27.5405694Z] aspnetcore.routing.is_fallback: false aspnetcore.routing.match_status: success http.route: api/Windows/{id:guid} LongSum
Value: 6
[05:35:27 INF] User registered successfully: 8c86b79b-c52b-4a59-8f30-8a4342c5c3a0 {"SourceContext": "App.Features.Authentication.RegisterUserCommandHandler", "ActionId": "a6e143f0-96d2-4329-b53d-3a6cc17e1bea", "ActionName": "Api.Controllers.AuthController.Register (Api)", "RequestId": "0HNFGUJ46SFBO", "RequestPath": "/api/auth/register", "Application": "Crud.Api"}
Activity.TraceId:            0510a7ae405de7c61c6be4dd8d6f3c7a
Activity.SpanId:             60787e43a9803adf
Activity.TraceFlags:         Recorded
Activity.ActivitySourceName: Microsoft.AspNetCore
Activity.DisplayName:        POST api/Auth/register
Activity.Kind:               Server
Activity.StartTime:          2025-09-11T05:35:27.6262665Z
Activity.Duration:           00:00:00.2961713
Activity.Tags:
    server.address: localhost
    http.request.method: POST
    url.scheme: http
    url.path: /api/auth/register
    network.protocol.version: 1.1
    http.route: api/Auth/register
    http.response.status_code: 200
Resource associated with Activity:
    deployment.environment: Testing
    service.name: Crud.Api
    service.version: 1.0.0
    service.instance.id: 15081513-c9e4-4e0d-aac5-97a71d5ef649
    telemetry.sdk.name: opentelemetry
    telemetry.sdk.language: dotnet
    telemetry.sdk.version: 1.8.1
[05:35:28 INF] User logged in successfully: 8c86b79b-c52b-4a59-8f30-8a4342c5c3a0 {"SourceContext": "App.Features.Authentication.LoginCommandHandler", "ActionId": "3970818b-35cd-4a39-9bde-83c08fdecc4d", "ActionName": "Api.Controllers.AuthController.Login (Api)", "RequestId": "0HNFGUJ46SFBP", "RequestPath": "/api/auth/login", "Application": "Crud.Api"}
Activity.TraceId:            cb1f914e83ef717af131c9683a4e0f72
Activity.SpanId:             9a43309fd0ac410e
Activity.TraceFlags:         Recorded
Activity.ActivitySourceName: Microsoft.AspNetCore
Activity.DisplayName:        POST api/Auth/login
Activity.Kind:               Server
Activity.StartTime:          2025-09-11T05:35:27.9235411Z
Activity.Duration:           00:00:00.2959254
Activity.Tags:
    server.address: localhost
    http.request.method: POST
    url.scheme: http
    url.path: /api/auth/login
    network.protocol.version: 1.1
    http.route: api/Auth/login
    http.response.status_code: 200
Resource associated with Activity:
    deployment.environment: Testing
    service.name: Crud.Api
    service.version: 1.0.0
    service.instance.id: 15081513-c9e4-4e0d-aac5-97a71d5ef649
    telemetry.sdk.name: opentelemetry
    telemetry.sdk.language: dotnet
    telemetry.sdk.version: 1.8.1
[05:35:28 DBG] Cache miss for key: entity:window:3b3d6fa31c9b4f42b7cf1ee02d2f4c28 {"SourceContext": "Infrastructure.Services.Caching.InMemoryCacheService", "ActionId": "400ed754-32c8-4638-b6f7-50b87fdd35bd", "ActionName": "Api.Controllers.WindowsController.Update (Api)", "RequestId": "0HNFGUJ46SFBQ", "RequestPath": "/api/windows/3b3d6fa3-1c9b-4f42-b7cf-1ee02d2f4c28", "Application": "Crud.Api"}
[05:35:28 DBG] Set cache value for key: entity:window:3b3d6fa31c9b4f42b7cf1ee02d2f4c28 {"SourceContext": "Infrastructure.Services.Caching.InMemoryCacheService", "ActionId": "400ed754-32c8-4638-b6f7-50b87fdd35bd", "ActionName": "Api.Controllers.WindowsController.Update (Api)", "RequestId": "0HNFGUJ46SFBQ", "RequestPath": "/api/windows/3b3d6fa3-1c9b-4f42-b7cf-1ee02d2f4c28", "Application": "Crud.Api"}
[05:35:28 DBG] Removed cache value for key: entity:window:3b3d6fa31c9b4f42b7cf1ee02d2f4c28 {"SourceContext": "Infrastructure.Services.Caching.InMemoryCacheService", "ActionId": "400ed754-32c8-4638-b6f7-50b87fdd35bd", "ActionName": "Api.Controllers.WindowsController.Update (Api)", "RequestId": "0HNFGUJ46SFBQ", "RequestPath": "/api/windows/3b3d6fa3-1c9b-4f42-b7cf-1ee02d2f4c28", "Application": "Crud.Api"}
[05:35:28 DBG] Removed cache value for key: list:window {"SourceContext": "Infrastructure.Services.Caching.InMemoryCacheService", "ActionId": "400ed754-32c8-4638-b6f7-50b87fdd35bd", "ActionName": "Api.Controllers.WindowsController.Update (Api)", "RequestId": "0HNFGUJ46SFBQ", "RequestPath": "/api/windows/3b3d6fa3-1c9b-4f42-b7cf-1ee02d2f4c28", "Application": "Crud.Api"}
[05:35:28 DBG] Invalidating cache for entity: windows/3b3d6fa3-1c9b-4f42-b7cf-1ee02d2f4c28 with tags: windows, windows:3b3d6fa3-1c9b-4f42-b7cf-1ee02d2f4c28 {"SourceContext": "Api.Services.OutputCacheInvalidationService", "ActionId": "400ed754-32c8-4638-b6f7-50b87fdd35bd", "ActionName": "Api.Controllers.WindowsController.Update (Api)", "RequestId": "0HNFGUJ46SFBQ", "RequestPath": "/api/windows/3b3d6fa3-1c9b-4f42-b7cf-1ee02d2f4c28", "Application": "Crud.Api"}
[05:35:28 DBG] Successfully invalidated cache for tag: windows {"SourceContext": "Api.Services.OutputCacheInvalidationService", "ActionId": "400ed754-32c8-4638-b6f7-50b87fdd35bd", "ActionName": "Api.Controllers.WindowsController.Update (Api)", "RequestId": "0HNFGUJ46SFBQ", "RequestPath": "/api/windows/3b3d6fa3-1c9b-4f42-b7cf-1ee02d2f4c28", "Application": "Crud.Api"}
[05:35:28 DBG] Successfully invalidated cache for tag: windows:3b3d6fa3-1c9b-4f42-b7cf-1ee02d2f4c28 {"SourceContext": "Api.Services.OutputCacheInvalidationService", "ActionId": "400ed754-32c8-4638-b6f7-50b87fdd35bd", "ActionName": "Api.Controllers.WindowsController.Update (Api)", "RequestId": "0HNFGUJ46SFBQ", "RequestPath": "/api/windows/3b3d6fa3-1c9b-4f42-b7cf-1ee02d2f4c28", "Application": "Crud.Api"}
Activity.TraceId:            02d678701bd0ba27e4f0af5617fd6512
Activity.SpanId:             59ae675aba6d2567
Activity.TraceFlags:         Recorded
Activity.ActivitySourceName: Microsoft.AspNetCore
Activity.DisplayName:        PUT api/Windows/{id:guid}
Activity.Kind:               Server
Activity.StartTime:          2025-09-11T05:35:28.2196789Z
Activity.Duration:           00:00:00.0030436
Activity.Tags:
    server.address: localhost
    http.request.method: PUT
    url.scheme: http
    url.path: /api/windows/3b3d6fa3-1c9b-4f42-b7cf-1ee02d2f4c28
    network.protocol.version: 1.1
    http.route: api/Windows/{id:guid}
    http.response.status_code: 204
Resource associated with Activity:
    deployment.environment: Testing
    service.name: Crud.Api
    service.version: 1.0.0
    service.instance.id: 15081513-c9e4-4e0d-aac5-97a71d5ef649
    telemetry.sdk.name: opentelemetry
    telemetry.sdk.language: dotnet
    telemetry.sdk.version: 1.8.1
[05:35:28 INF] User registered successfully: 1720085d-bc48-474c-b0b8-3e2a5fe77211 {"SourceContext": "App.Features.Authentication.RegisterUserCommandHandler", "ActionId": "a6e143f0-96d2-4329-b53d-3a6cc17e1bea", "ActionName": "Api.Controllers.AuthController.Register (Api)", "RequestId": "0HNFGUJ46SFBR", "RequestPath": "/api/auth/register", "Application": "Crud.Api"}
Activity.TraceId:            ec6b60c8a505b4c096d748fefc9a8c4c
Activity.SpanId:             ec8ec00dd60e85db
Activity.TraceFlags:         Recorded
Activity.ActivitySourceName: Microsoft.AspNetCore
Activity.DisplayName:        POST api/Auth/register
Activity.Kind:               Server
Activity.StartTime:          2025-09-11T05:35:28.2228398Z
Activity.Duration:           00:00:00.2956613
Activity.Tags:
    server.address: localhost
    http.request.method: POST
    url.scheme: http
    url.path: /api/auth/register
    network.protocol.version: 1.1
    http.route: api/Auth/register
    http.response.status_code: 200
Resource associated with Activity:
    deployment.environment: Testing
    service.name: Crud.Api
    service.version: 1.0.0
    service.instance.id: 15081513-c9e4-4e0d-aac5-97a71d5ef649
    telemetry.sdk.name: opentelemetry
    telemetry.sdk.language: dotnet
    telemetry.sdk.version: 1.8.1
[05:35:28 DBG] Cache miss for key: entity:window:3b3d6fa31c9b4f42b7cf1ee02d2f4c28 {"SourceContext": "Infrastructure.Services.Caching.InMemoryCacheService", "ActionId": "e22df17b-cbcc-44be-9efb-3e8ff41f0630", "ActionName": "Api.Controllers.WindowsController.Get (Api)", "RequestId": "0HNFGUJ46SFBS", "RequestPath": "/api/windows/3b3d6fa3-1c9b-4f42-b7cf-1ee02d2f4c28", "Application": "Crud.Api"}
[05:35:28 DBG] Set cache value for key: entity:window:3b3d6fa31c9b4f42b7cf1ee02d2f4c28 {"SourceContext": "Infrastructure.Services.Caching.InMemoryCacheService", "ActionId": "e22df17b-cbcc-44be-9efb-3e8ff41f0630", "ActionName": "Api.Controllers.WindowsController.Get (Api)", "RequestId": "0HNFGUJ46SFBS", "RequestPath": "/api/windows/3b3d6fa3-1c9b-4f42-b7cf-1ee02d2f4c28", "Application": "Crud.Api"}
Activity.TraceId:            e958d3c7e133ae478d258d252113dbe9
Activity.SpanId:             fe83167f7888a4e5
Activity.TraceFlags:         Recorded
Activity.ActivitySourceName: Microsoft.AspNetCore
Activity.DisplayName:        GET api/Windows/{id:guid}
Activity.Kind:               Server
Activity.StartTime:          2025-09-11T05:35:28.5186591Z
Activity.Duration:           00:00:00.0014278
Activity.Tags:
    server.address: localhost
    http.request.method: GET
    url.scheme: http
    url.path: /api/windows/3b3d6fa3-1c9b-4f42-b7cf-1ee02d2f4c28
    network.protocol.version: 1.1
    http.route: api/Windows/{id:guid}
    http.response.status_code: 200
Resource associated with Activity:
    deployment.environment: Testing
    service.name: Crud.Api
    service.version: 1.0.0
    service.instance.id: 15081513-c9e4-4e0d-aac5-97a71d5ef649
    telemetry.sdk.name: opentelemetry
    telemetry.sdk.language: dotnet
    telemetry.sdk.version: 1.8.1
[05:35:28 INF] User registered successfully: 020d754e-2278-40ea-8790-269a8b6fd664 {"SourceContext": "App.Features.Authentication.RegisterUserCommandHandler", "ActionId": "a6e143f0-96d2-4329-b53d-3a6cc17e1bea", "ActionName": "Api.Controllers.AuthController.Register (Api)", "RequestId": "0HNFGUJ46SFBT", "RequestPath": "/api/auth/register", "Application": "Crud.Api"}
Activity.TraceId:            be441f167029bc98439f1d981213ca1e
Activity.SpanId:             bea243c233a45139
Activity.TraceFlags:         Recorded
Activity.ActivitySourceName: Microsoft.AspNetCore
Activity.DisplayName:        POST api/Auth/register
Activity.Kind:               Server
Activity.StartTime:          2025-09-11T05:35:28.5220249Z
Activity.Duration:           00:00:00.2981556
Activity.Tags:
    server.address: localhost
    http.request.method: POST
    url.scheme: http
    url.path: /api/auth/register
    network.protocol.version: 1.1
    http.route: api/Auth/register
    http.response.status_code: 200
Resource associated with Activity:
    deployment.environment: Testing
    service.name: Crud.Api
    service.version: 1.0.0
    service.instance.id: 15081513-c9e4-4e0d-aac5-97a71d5ef649
    telemetry.sdk.name: opentelemetry
    telemetry.sdk.language: dotnet
    telemetry.sdk.version: 1.8.1
[05:35:29 INF] User logged in successfully: 020d754e-2278-40ea-8790-269a8b6fd664 {"SourceContext": "App.Features.Authentication.LoginCommandHandler", "ActionId": "3970818b-35cd-4a39-9bde-83c08fdecc4d", "ActionName": "Api.Controllers.AuthController.Login (Api)", "RequestId": "0HNFGUJ46SFBU", "RequestPath": "/api/auth/login", "Application": "Crud.Api"}
Activity.TraceId:            12db4cf7c07192e5ba6c1585d8ed8805
Activity.SpanId:             b792a91718b59324
Activity.TraceFlags:         Recorded
Activity.ActivitySourceName: Microsoft.AspNetCore
Activity.DisplayName:        POST api/Auth/login
Activity.Kind:               Server
Activity.StartTime:          2025-09-11T05:35:28.8216857Z
Activity.Duration:           00:00:00.2972667
Activity.Tags:
    server.address: localhost
    http.request.method: POST
    url.scheme: http
    url.path: /api/auth/login
    network.protocol.version: 1.1
    http.route: api/Auth/login
    http.response.status_code: 200
Resource associated with Activity:
    deployment.environment: Testing
    service.name: Crud.Api
    service.version: 1.0.0
    service.instance.id: 15081513-c9e4-4e0d-aac5-97a71d5ef649
    telemetry.sdk.name: opentelemetry
    telemetry.sdk.language: dotnet
    telemetry.sdk.version: 1.8.1
[05:35:29 DBG] Cache miss for key: entity:window:80504c2484b240c7bf94c60f74540584 {"SourceContext": "Infrastructure.Services.Caching.InMemoryCacheService", "ActionId": "400ed754-32c8-4638-b6f7-50b87fdd35bd", "ActionName": "Api.Controllers.WindowsController.Update (Api)", "RequestId": "0HNFGUJ46SFBV", "RequestPath": "/api/windows/80504c24-84b2-40c7-bf94-c60f74540584", "Application": "Crud.Api"}
Activity.TraceId:            2f078d59a67199c4bef0edaf1d0d4ebe
Activity.SpanId:             39ac35f2943eb188
Activity.TraceFlags:         Recorded
Activity.ActivitySourceName: Microsoft.AspNetCore
Activity.DisplayName:        PUT api/Windows/{id:guid}
Activity.Kind:               Server
Activity.StartTime:          2025-09-11T05:35:29.1199473Z
Activity.Duration:           00:00:00.0016008
Activity.Tags:
    server.address: localhost
    http.request.method: PUT
    url.scheme: http
    url.path: /api/windows/80504c24-84b2-40c7-bf94-c60f74540584
    network.protocol.version: 1.1
    http.route: api/Windows/{id:guid}
    http.response.status_code: 404
Resource associated with Activity:
    deployment.environment: Testing
    service.name: Crud.Api
    service.version: 1.0.0
    service.instance.id: 15081513-c9e4-4e0d-aac5-97a71d5ef649
    telemetry.sdk.name: opentelemetry
    telemetry.sdk.language: dotnet
    telemetry.sdk.version: 1.8.1
[05:35:29 INF] User registered successfully: b942d164-58a4-43df-83fe-6f3a7da98063 {"SourceContext": "App.Features.Authentication.RegisterUserCommandHandler", "ActionId": "a6e143f0-96d2-4329-b53d-3a6cc17e1bea", "ActionName": "Api.Controllers.AuthController.Register (Api)", "RequestId": "0HNFGUJ46SFC0", "RequestPath": "/api/auth/register", "Application": "Crud.Api"}
Activity.TraceId:            28b41c70f305bf1a97f066725524bd15
Activity.SpanId:             4f7e42fac1bb2c73
Activity.TraceFlags:         Recorded
Activity.ActivitySourceName: Microsoft.AspNetCore
Activity.DisplayName:        POST api/Auth/register
Activity.Kind:               Server
Activity.StartTime:          2025-09-11T05:35:29.1238022Z
Activity.Duration:           00:00:00.2973869
Activity.Tags:
    server.address: localhost
    http.request.method: POST
    url.scheme: http
    url.path: /api/auth/register
    network.protocol.version: 1.1
    http.route: api/Auth/register
    http.response.status_code: 200
Resource associated with Activity:
    deployment.environment: Testing
    service.name: Crud.Api
    service.version: 1.0.0
    service.instance.id: 15081513-c9e4-4e0d-aac5-97a71d5ef649
    telemetry.sdk.name: opentelemetry
    telemetry.sdk.language: dotnet
    telemetry.sdk.version: 1.8.1
[05:35:29 INF] User logged in successfully: b942d164-58a4-43df-83fe-6f3a7da98063 {"SourceContext": "App.Features.Authentication.LoginCommandHandler", "ActionId": "3970818b-35cd-4a39-9bde-83c08fdecc4d", "ActionName": "Api.Controllers.AuthController.Login (Api)", "RequestId": "0HNFGUJ46SFC1", "RequestPath": "/api/auth/login", "Application": "Crud.Api"}
Activity.TraceId:            b5d0dfc1b1087bb63252a84b028e83e1
Activity.SpanId:             e3043e3413536bc0
Activity.TraceFlags:         Recorded
Activity.ActivitySourceName: Microsoft.AspNetCore
Activity.DisplayName:        POST api/Auth/login
Activity.Kind:               Server
Activity.StartTime:          2025-09-11T05:35:29.4230776Z
Activity.Duration:           00:00:00.2959519
Activity.Tags:
    server.address: localhost
    http.request.method: POST
    url.scheme: http
    url.path: /api/auth/login
    network.protocol.version: 1.1
    http.route: api/Auth/login
    http.response.status_code: 200
Resource associated with Activity:
    deployment.environment: Testing
    service.name: Crud.Api
    service.version: 1.0.0
    service.instance.id: 15081513-c9e4-4e0d-aac5-97a71d5ef649
    telemetry.sdk.name: opentelemetry
    telemetry.sdk.language: dotnet
    telemetry.sdk.version: 1.8.1
[05:35:29 DBG] Removed cache value for key: entity:window:8848fdb322c841eb82a4b064ae3801ef {"SourceContext": "Infrastructure.Services.Caching.InMemoryCacheService", "ActionId": "a6ae1ee0-41e9-4d14-aef9-fc8cb21a3fa2", "ActionName": "Api.Controllers.WindowsController.Create (Api)", "RequestId": "0HNFGUJ46SFC2", "RequestPath": "/api/windows", "Application": "Crud.Api"}
[05:35:29 DBG] Removed cache value for key: list:window {"SourceContext": "Infrastructure.Services.Caching.InMemoryCacheService", "ActionId": "a6ae1ee0-41e9-4d14-aef9-fc8cb21a3fa2", "ActionName": "Api.Controllers.WindowsController.Create (Api)", "RequestId": "0HNFGUJ46SFC2", "RequestPath": "/api/windows", "Application": "Crud.Api"}
[05:35:29 DBG] Invalidating cache for entity type: windows with tag: windows {"SourceContext": "Api.Services.OutputCacheInvalidationService", "ActionId": "a6ae1ee0-41e9-4d14-aef9-fc8cb21a3fa2", "ActionName": "Api.Controllers.WindowsController.Create (Api)", "RequestId": "0HNFGUJ46SFC2", "RequestPath": "/api/windows", "Application": "Crud.Api"}
[05:35:29 INF] Successfully invalidated cache for entity type: windows {"SourceContext": "Api.Services.OutputCacheInvalidationService", "ActionId": "a6ae1ee0-41e9-4d14-aef9-fc8cb21a3fa2", "ActionName": "Api.Controllers.WindowsController.Create (Api)", "RequestId": "0HNFGUJ46SFC2", "RequestPath": "/api/windows", "Application": "Crud.Api"}
Activity.TraceId:            4b9010a5a5776df2eb054165ff16e2dd
Activity.SpanId:             4ff928291c834f42
Activity.TraceFlags:         Recorded
Activity.ActivitySourceName: Microsoft.AspNetCore
Activity.DisplayName:        POST api/Windows
Activity.Kind:               Server
Activity.StartTime:          2025-09-11T05:35:29.7198972Z
Activity.Duration:           00:00:00.0017833
Activity.Tags:
    server.address: localhost
    http.request.method: POST
    url.scheme: http
    url.path: /api/windows
    network.protocol.version: 1.1
    http.route: api/Windows
    http.response.status_code: 201
Resource associated with Activity:
    deployment.environment: Testing
    service.name: Crud.Api
    service.version: 1.0.0
    service.instance.id: 15081513-c9e4-4e0d-aac5-97a71d5ef649
    telemetry.sdk.name: opentelemetry
    telemetry.sdk.language: dotnet
    telemetry.sdk.version: 1.8.1
[05:35:30 INF] User registered successfully: b6844330-a69f-47df-8d26-4a698372067f {"SourceContext": "App.Features.Authentication.RegisterUserCommandHandler", "ActionId": "a6e143f0-96d2-4329-b53d-3a6cc17e1bea", "ActionName": "Api.Controllers.AuthController.Register (Api)", "RequestId": "0HNFGUJ46SFC3", "RequestPath": "/api/auth/register", "Application": "Crud.Api"}
Activity.TraceId:            e170242a1bb4e053d2011918eaffed2b
Activity.SpanId:             7f76be057a8338ca
Activity.TraceFlags:         Recorded
Activity.ActivitySourceName: Microsoft.AspNetCore
Activity.DisplayName:        POST api/Auth/register
Activity.Kind:               Server
Activity.StartTime:          2025-09-11T05:35:29.7239892Z
Activity.Duration:           00:00:00.2958241
Activity.Tags:
    server.address: localhost
    http.request.method: POST
    url.scheme: http
    url.path: /api/auth/register
    network.protocol.version: 1.1
    http.route: api/Auth/register
    http.response.status_code: 200
Resource associated with Activity:
    deployment.environment: Testing
    service.name: Crud.Api
    service.version: 1.0.0
    service.instance.id: 15081513-c9e4-4e0d-aac5-97a71d5ef649
    telemetry.sdk.name: opentelemetry
    telemetry.sdk.language: dotnet
    telemetry.sdk.version: 1.8.1
[05:35:30 INF] User logged in successfully: b6844330-a69f-47df-8d26-4a698372067f {"SourceContext": "App.Features.Authentication.LoginCommandHandler", "ActionId": "3970818b-35cd-4a39-9bde-83c08fdecc4d", "ActionName": "Api.Controllers.AuthController.Login (Api)", "RequestId": "0HNFGUJ46SFC4", "RequestPath": "/api/auth/login", "Application": "Crud.Api"}
Activity.TraceId:            92a6f27d77a3c3a6e58577953efcc6ac
Activity.SpanId:             5582d1291705cbf5
Activity.TraceFlags:         Recorded
Activity.ActivitySourceName: Microsoft.AspNetCore
Activity.DisplayName:        POST api/Auth/login
Activity.Kind:               Server
Activity.StartTime:          2025-09-11T05:35:30.0213680Z
Activity.Duration:           00:00:00.2963926
Activity.Tags:
    server.address: localhost
    http.request.method: POST
    url.scheme: http
    url.path: /api/auth/login
    network.protocol.version: 1.1
    http.route: api/Auth/login
    http.response.status_code: 200
Resource associated with Activity:
    deployment.environment: Testing
    service.name: Crud.Api
    service.version: 1.0.0
    service.instance.id: 15081513-c9e4-4e0d-aac5-97a71d5ef649
    telemetry.sdk.name: opentelemetry
    telemetry.sdk.language: dotnet
    telemetry.sdk.version: 1.8.1
[05:35:30 DBG] Removed cache value for key: entity:window:d05bc7d5ff52443ba1af092043499d10 {"SourceContext": "Infrastructure.Services.Caching.InMemoryCacheService", "ActionId": "0b737b81-8c62-4713-b326-7e0b2a852b8a", "ActionName": "Api.Controllers.WindowsController.Delete (Api)", "RequestId": "0HNFGUJ46SFC5", "RequestPath": "/api/windows/d05bc7d5-ff52-443b-a1af-092043499d10", "Application": "Crud.Api"}
[05:35:30 DBG] Removed cache value for key: list:window {"SourceContext": "Infrastructure.Services.Caching.InMemoryCacheService", "ActionId": "0b737b81-8c62-4713-b326-7e0b2a852b8a", "ActionName": "Api.Controllers.WindowsController.Delete (Api)", "RequestId": "0HNFGUJ46SFC5", "RequestPath": "/api/windows/d05bc7d5-ff52-443b-a1af-092043499d10", "Application": "Crud.Api"}
[05:35:30 DBG] Invalidating cache for entity: windows/d05bc7d5-ff52-443b-a1af-092043499d10 with tags: windows, windows:d05bc7d5-ff52-443b-a1af-092043499d10 {"SourceContext": "Api.Services.OutputCacheInvalidationService", "ActionId": "0b737b81-8c62-4713-b326-7e0b2a852b8a", "ActionName": "Api.Controllers.WindowsController.Delete (Api)", "RequestId": "0HNFGUJ46SFC5", "RequestPath": "/api/windows/d05bc7d5-ff52-443b-a1af-092043499d10", "Application": "Crud.Api"}
[05:35:30 DBG] Successfully invalidated cache for tag: windows {"SourceContext": "Api.Services.OutputCacheInvalidationService", "ActionId": "0b737b81-8c62-4713-b326-7e0b2a852b8a", "ActionName": "Api.Controllers.WindowsController.Delete (Api)", "RequestId": "0HNFGUJ46SFC5", "RequestPath": "/api/windows/d05bc7d5-ff52-443b-a1af-092043499d10", "Application": "Crud.Api"}
[05:35:30 DBG] Successfully invalidated cache for tag: windows:d05bc7d5-ff52-443b-a1af-092043499d10 {"SourceContext": "Api.Services.OutputCacheInvalidationService", "ActionId": "0b737b81-8c62-4713-b326-7e0b2a852b8a", "ActionName": "Api.Controllers.WindowsController.Delete (Api)", "RequestId": "0HNFGUJ46SFC5", "RequestPath": "/api/windows/d05bc7d5-ff52-443b-a1af-092043499d10", "Application": "Crud.Api"}
Activity.TraceId:            297c822bf41681ad4f0d0df89fee4f05
Activity.SpanId:             cfd784964eee1e61
Activity.TraceFlags:         Recorded
Activity.ActivitySourceName: Microsoft.AspNetCore
Activity.DisplayName:        DELETE api/Windows/{id:guid}
Activity.Kind:               Server
Activity.StartTime:          2025-09-11T05:35:30.3186123Z
Activity.Duration:           00:00:00.0016771
Activity.Tags:
    server.address: localhost
    http.request.method: DELETE
    url.scheme: http
    url.path: /api/windows/d05bc7d5-ff52-443b-a1af-092043499d10
    network.protocol.version: 1.1
    http.route: api/Windows/{id:guid}
    http.response.status_code: 204
Resource associated with Activity:
    deployment.environment: Testing
    service.name: Crud.Api
    service.version: 1.0.0
    service.instance.id: 15081513-c9e4-4e0d-aac5-97a71d5ef649
    telemetry.sdk.name: opentelemetry
    telemetry.sdk.language: dotnet
    telemetry.sdk.version: 1.8.1
[05:35:30 INF] Resetting database for worker 11976 {"SourceContext": "Infrastructure.Services.DatabaseTestService", "Application": "Crud.Api"}
[05:35:30 INF] Resetting database via file deletion for worker 11976 in CI environment {"SourceContext": "Infrastructure.Services.DatabaseTestService", "Application": "Crud.Api"}
[05:35:30 INF] Acquiring database mutex for worker 11976... {"SourceContext": "Infrastructure.Services.DatabaseTestService", "Application": "Crud.Api"}
[05:35:30 INF] Database mutex acquired for worker 11976 {"SourceContext": "Infrastructure.Services.DatabaseTestService", "Application": "Crud.Api"}
[05:35:30 INF] Current database state - CanConnect: True {"SourceContext": "Infrastructure.Services.DatabaseTestService", "Application": "Crud.Api"}
[05:35:30 INF] [Phase 0] Closing database connection for worker 11976... {"SourceContext": "Infrastructure.Services.DatabaseTestService", "Application": "Crud.Api"}
[05:35:30 INF] [Phase 0] Connection closed in 0.0006ms {"SourceContext": "Infrastructure.Services.DatabaseTestService", "Application": "Crud.Api"}
[05:35:30 INF] [Phase 1] Starting EnsureDeletedAsync for worker 11976... {"SourceContext": "Infrastructure.Services.DatabaseTestService", "Application": "Crud.Api"}
[05:35:30 INF] [Phase 1] EnsureDeletedAsync completed in 1.7234ms {"SourceContext": "Infrastructure.Services.DatabaseTestService", "Application": "Crud.Api"}
[05:35:30 INF] [Phase 2] Starting EnsureCreatedAsync for worker 11976... {"SourceContext": "Infrastructure.Services.DatabaseTestService", "Application": "Crud.Api"}
[05:35:30 INF] [Phase 2] EnsureCreatedAsync completed in 11.5286ms {"SourceContext": "Infrastructure.Services.DatabaseTestService", "Application": "Crud.Api"}
[05:35:30 INF] [Phase 3] Skipping database seeding as requested for worker 11976 {"SourceContext": "Infrastructure.Services.DatabaseTestService", "Application": "Crud.Api"}
[05:35:30 INF] Database reset via file deletion completed for worker 11976 in 114.237ms (Close: 0.0006ms, Delete: 1.7234ms, Create: 11.5286ms) {"SourceContext": "Infrastructure.Services.DatabaseTestService", "Application": "Crud.Api"}
[05:35:30 INF] Releasing database mutex for worker 11976 {"SourceContext": "Infrastructure.Services.DatabaseTestService", "Application": "Crud.Api"}
[05:35:30 INF] User registered successfully: 48637ae0-f84a-405b-9c04-e627446d85a2 {"SourceContext": "App.Features.Authentication.RegisterUserCommandHandler", "ActionId": "a6e143f0-96d2-4329-b53d-3a6cc17e1bea", "ActionName": "Api.Controllers.AuthController.Register (Api)", "RequestId": "0HNFGUJ46SFC6", "RequestPath": "/api/auth/register", "Application": "Crud.Api"}
Activity.TraceId:            4d2181af0de5bcc8ad4f1816730d0aca
Activity.SpanId:             55776b913560809d
Activity.TraceFlags:         Recorded
Activity.ActivitySourceName: Microsoft.AspNetCore
Activity.DisplayName:        POST api/Auth/register
Activity.Kind:               Server
Activity.StartTime:          2025-09-11T05:35:30.4384363Z
Activity.Duration:           00:00:00.2958221
Activity.Tags:
    server.address: localhost
    http.request.method: POST
    url.scheme: http
    url.path: /api/auth/register
    network.protocol.version: 1.1
    http.route: api/Auth/register
    http.response.status_code: 200
Resource associated with Activity:
    deployment.environment: Testing
    service.name: Crud.Api
    service.version: 1.0.0
    service.instance.id: 15081513-c9e4-4e0d-aac5-97a71d5ef649
    telemetry.sdk.name: opentelemetry
    telemetry.sdk.language: dotnet
    telemetry.sdk.version: 1.8.1
[05:35:30 DBG] Cache miss for key: list:window {"SourceContext": "Infrastructure.Services.Caching.InMemoryCacheService", "ActionId": "7bcb44a2-4b2a-478f-8a3f-8e198c037a9a", "ActionName": "Api.Controllers.WindowsController.List (Api)", "RequestId": "0HNFGUJ46SFC7", "RequestPath": "/api/windows", "Application": "Crud.Api"}
[05:35:30 DBG] Set cache value for key: list:window {"SourceContext": "Infrastructure.Services.Caching.InMemoryCacheService", "ActionId": "7bcb44a2-4b2a-478f-8a3f-8e198c037a9a", "ActionName": "Api.Controllers.WindowsController.List (Api)", "RequestId": "0HNFGUJ46SFC7", "RequestPath": "/api/windows", "Application": "Crud.Api"}
Activity.TraceId:            8e03289ff619e11ea9321a02a7c7de20
Activity.SpanId:             c07d28d89de29051
Activity.TraceFlags:         Recorded
Activity.ActivitySourceName: Microsoft.AspNetCore
Activity.DisplayName:        GET api/Windows
Activity.Kind:               Server
Activity.StartTime:          2025-09-11T05:35:30.7346106Z
Activity.Duration:           00:00:00.0010817
Activity.Tags:
    server.address: localhost
    http.request.method: GET
    url.scheme: http
    url.path: /api/windows
    network.protocol.version: 1.1
    http.route: api/Windows
    http.response.status_code: 200
Resource associated with Activity:
    deployment.environment: Testing
    service.name: Crud.Api
    service.version: 1.0.0
    service.instance.id: 15081513-c9e4-4e0d-aac5-97a71d5ef649
    telemetry.sdk.name: opentelemetry
    telemetry.sdk.language: dotnet
    telemetry.sdk.version: 1.8.1
[05:35:30 INF] Resetting database for worker 11976 {"SourceContext": "Infrastructure.Services.DatabaseTestService", "Application": "Crud.Api"}
[05:35:30 INF] Resetting database via file deletion for worker 11976 in CI environment {"SourceContext": "Infrastructure.Services.DatabaseTestService", "Application": "Crud.Api"}
[05:35:30 INF] Acquiring database mutex for worker 11976... {"SourceContext": "Infrastructure.Services.DatabaseTestService", "Application": "Crud.Api"}
[05:35:30 INF] Database mutex acquired for worker 11976 {"SourceContext": "Infrastructure.Services.DatabaseTestService", "Application": "Crud.Api"}
[05:35:30 INF] Current database state - CanConnect: True {"SourceContext": "Infrastructure.Services.DatabaseTestService", "Application": "Crud.Api"}
[05:35:30 INF] [Phase 0] Closing database connection for worker 11976... {"SourceContext": "Infrastructure.Services.DatabaseTestService", "Application": "Crud.Api"}
[05:35:30 INF] [Phase 0] Connection closed in 0.0006ms {"SourceContext": "Infrastructure.Services.DatabaseTestService", "Application": "Crud.Api"}
[05:35:30 INF] [Phase 1] Starting EnsureDeletedAsync for worker 11976... {"SourceContext": "Infrastructure.Services.DatabaseTestService", "Application": "Crud.Api"}
[05:35:30 INF] [Phase 1] EnsureDeletedAsync completed in 1.3722ms {"SourceContext": "Infrastructure.Services.DatabaseTestService", "Application": "Crud.Api"}
[05:35:30 INF] [Phase 2] Starting EnsureCreatedAsync for worker 11976... {"SourceContext": "Infrastructure.Services.DatabaseTestService", "Application": "Crud.Api"}
[05:35:30 INF] [Phase 2] EnsureCreatedAsync completed in 9.3781ms {"SourceContext": "Infrastructure.Services.DatabaseTestService", "Application": "Crud.Api"}
[05:35:30 INF] [Phase 3] Skipping database seeding as requested for worker 11976 {"SourceContext": "Infrastructure.Services.DatabaseTestService", "Application": "Crud.Api"}
[05:35:30 INF] Database reset via file deletion completed for worker 11976 in 111.3005ms (Close: 0.0006ms, Delete: 1.3722ms, Create: 9.3781ms) {"SourceContext": "Infrastructure.Services.DatabaseTestService", "Application": "Crud.Api"}
[05:35:30 INF] Releasing database mutex for worker 11976 {"SourceContext": "Infrastructure.Services.DatabaseTestService", "Application": "Crud.Api"}
Metric Name: http.server.active_requests, Number of active HTTP server requests., Unit: {request}, Meter: Microsoft.AspNetCore.Hosting
(2025-09-11T05:35:17.5405479Z, 2025-09-11T05:35:30.8496144Z] http.request.method: POST url.scheme: http LongSumNonMonotonic
Value: 0
(2025-09-11T05:35:17.5405479Z, 2025-09-11T05:35:30.8496144Z] http.request.method: DELETE url.scheme: http LongSumNonMonotonic
Value: 0
(2025-09-11T05:35:17.5405479Z, 2025-09-11T05:35:30.8496144Z] http.request.method: GET url.scheme: http LongSumNonMonotonic
Value: 0
(2025-09-11T05:35:17.5405479Z, 2025-09-11T05:35:30.8496144Z] http.request.method: PUT url.scheme: http LongSumNonMonotonic
Value: 0
Metric Name: http.server.request.duration, Duration of HTTP server requests., Unit: s, Meter: Microsoft.AspNetCore.Hosting
(2025-09-11T05:35:17.5405646Z, 2025-09-11T05:35:30.8496180Z] http.request.method: POST http.response.status_code: 200 http.route: api/Auth/register network.protocol.version: 1.1 url.scheme: http Histogram
Value: Sum: 7.4237855999999995 Count: 25 Min: 0.2955039 Max: 0.3041659 
(-Infinity,0.005]:0
(0.005,0.01]:0
(0.01,0.025]:0
(0.025,0.05]:0
(0.05,0.075]:0
(0.075,0.1]:0
(0.1,0.25]:0
(0.25,0.5]:25
(0.5,0.75]:0
(0.75,1]:0
(1,2.5]:0
(2.5,5]:0
(5,7.5]:0
(7.5,10]:0
(10,+Infinity]:0
(2025-09-11T05:35:17.5405646Z, 2025-09-11T05:35:30.8496180Z] http.request.method: POST http.response.status_code: 200 http.route: api/Auth/login network.protocol.version: 1.1 url.scheme: http Histogram
Value: Sum: 5.3356794999999995 Count: 18 Min: 0.2954682 Max: 0.3010633 
(-Infinity,0.005]:0
(0.005,0.01]:0
(0.01,0.025]:0
(0.025,0.05]:0
(0.05,0.075]:0
(0.075,0.1]:0
(0.1,0.25]:0
(0.25,0.5]:18
(0.5,0.75]:0
(0.75,1]:0
(1,2.5]:0
(2.5,5]:0
(5,7.5]:0
(7.5,10]:0
(10,+Infinity]:0
(2025-09-11T05:35:17.5405646Z, 2025-09-11T05:35:30.8496180Z] http.request.method: POST http.response.status_code: 400 http.route: api/Windows network.protocol.version: 1.1 url.scheme: http Histogram
Value: Sum: 0.0151246 Count: 2 Min: 0.0006367 Max: 0.0144879 
(-Infinity,0.005]:1
(0.005,0.01]:0
(0.01,0.025]:1
(0.025,0.05]:0
(0.05,0.075]:0
(0.075,0.1]:0
(0.1,0.25]:0
(0.25,0.5]:0
(0.5,0.75]:0
(0.75,1]:0
(1,2.5]:0
(2.5,5]:0
(5,7.5]:0
(7.5,10]:0
(10,+Infinity]:0
(2025-09-11T05:35:17.5405646Z, 2025-09-11T05:35:30.8496180Z] http.request.method: POST http.response.status_code: 201 http.route: api/Windows network.protocol.version: 1.1 url.scheme: http Histogram
Value: Sum: 0.045592400000000005 Count: 11 Min: 0.0017392 Max: 0.0137123 
(-Infinity,0.005]:8
(0.005,0.01]:2
(0.01,0.025]:1
(0.025,0.05]:0
(0.05,0.075]:0
(0.075,0.1]:0
(0.1,0.25]:0
(0.25,0.5]:0
(0.5,0.75]:0
(0.75,1]:0
(1,2.5]:0
(2.5,5]:0
(5,7.5]:0
(7.5,10]:0
(10,+Infinity]:0
(2025-09-11T05:35:17.5405646Z, 2025-09-11T05:35:30.8496180Z] http.request.method: DELETE http.response.status_code: 204 http.route: api/Windows/{id:guid} network.protocol.version: 1.1 url.scheme: http Histogram
Value: Sum: 0.0128683 Count: 2 Min: 0.0016791 Max: 0.0111892 
(-Infinity,0.005]:1
(0.005,0.01]:0
(0.01,0.025]:1
(0.025,0.05]:0
(0.05,0.075]:0
(0.075,0.1]:0
(0.1,0.25]:0
(0.25,0.5]:0
(0.5,0.75]:0
(0.75,1]:0
(1,2.5]:0
(2.5,5]:0
(5,7.5]:0
(7.5,10]:0
(10,+Infinity]:0
(2025-09-11T05:35:17.5405646Z, 2025-09-11T05:35:30.8496180Z] http.request.method: GET http.response.status_code: 404 http.route: api/Windows/{id:guid} network.protocol.version: 1.1 url.scheme: http Histogram
Value: Sum: 0.011435299999999999 Count: 2 Min: 0.0014194 Max: 0.0100159 
(-Infinity,0.005]:1
(0.005,0.01]:0
(0.01,0.025]:1
(0.025,0.05]:0
(0.05,0.075]:0
(0.075,0.1]:0
(0.1,0.25]:0
(0.25,0.5]:0
(0.5,0.75]:0
(0.75,1]:0
(1,2.5]:0
(2.5,5]:0
(5,7.5]:0
(7.5,10]:0
(10,+Infinity]:0
(2025-09-11T05:35:17.5405646Z, 2025-09-11T05:35:30.8496180Z] http.request.method: GET http.response.status_code: 200 http.route: api/Windows network.protocol.version: 1.1 url.scheme: http Histogram
Value: Sum: 0.010067399999999999 Count: 2 Min: 0.0010826 Max: 0.0089848 
(-Infinity,0.005]:1
(0.005,0.01]:1
(0.01,0.025]:0
(0.025,0.05]:0
(0.05,0.075]:0
(0.075,0.1]:0
(0.1,0.25]:0
(0.25,0.5]:0
(0.5,0.75]:0
(0.75,1]:0
(1,2.5]:0
(2.5,5]:0
(5,7.5]:0
(7.5,10]:0
(10,+Infinity]:0
(2025-09-11T05:35:17.5405646Z, 2025-09-11T05:35:30.8496180Z] http.request.method: PUT http.response.status_code: 204 http.route: api/Windows/{id:guid} network.protocol.version: 1.1 url.scheme: http Histogram
Value: Sum: 0.0164116 Count: 2 Min: 0.003041 Max: 0.0133706 
(-Infinity,0.005]:1
(0.005,0.01]:0
(0.01,0.025]:1
(0.025,0.05]:0
(0.05,0.075]:0
(0.075,0.1]:0
(0.1,0.25]:0
(0.25,0.5]:0
(0.5,0.75]:0
(0.75,1]:0
(1,2.5]:0
(2.5,5]:0
(5,7.5]:0
(7.5,10]:0
(10,+Infinity]:0
(2025-09-11T05:35:17.5405646Z, 2025-09-11T05:35:30.8496180Z] http.request.method: GET http.response.status_code: 200 http.route: api/Windows/{id:guid} network.protocol.version: 1.1 url.scheme: http Histogram
Value: Sum: 0.0076236 Count: 3 Min: 0.0014294 Max: 0.0034116 
(-Infinity,0.005]:3
(0.005,0.01]:0
(0.01,0.025]:0
(0.025,0.05]:0
(0.05,0.075]:0
(0.075,0.1]:0
(0.1,0.25]:0
(0.25,0.5]:0
(0.5,0.75]:0
(0.75,1]:0
(1,2.5]:0
(2.5,5]:0
(5,7.5]:0
(7.5,10]:0
(10,+Infinity]:0
(2025-09-11T05:35:17.5405646Z, 2025-09-11T05:35:30.8496180Z] http.request.method: PUT http.response.status_code: 404 http.route: api/Windows/{id:guid} network.protocol.version: 1.1 url.scheme: http Histogram
Value: Sum: 0.0015946 Count: 1 Min: 0.0015946 Max: 0.0015946 
(-Infinity,0.005]:1
(0.005,0.01]:0
(0.01,0.025]:0
(0.025,0.05]:0
(0.05,0.075]:0
(0.075,0.1]:0
(0.1,0.25]:0
(0.25,0.5]:0
(0.5,0.75]:0
(0.75,1]:0
(1,2.5]:0
(2.5,5]:0
(5,7.5]:0
(7.5,10]:0
(10,+Infinity]:0
Metric Name: aspnetcore.rate_limiting.active_request_leases, Number of HTTP requests that are currently active on the server that hold a rate limiting lease., Unit: {request}, Meter: Microsoft.AspNetCore.RateLimiting
(2025-09-11T05:35:17.5424747Z, 2025-09-11T05:35:30.8496186Z] LongSumNonMonotonic
Value: 0
Metric Name: aspnetcore.rate_limiting.request_lease.duration, The duration of rate limiting leases held by HTTP requests on the server., Unit: s, Meter: Microsoft.AspNetCore.RateLimiting
(2025-09-11T05:35:17.5424918Z, 2025-09-11T05:35:30.8496195Z] Histogram
Value: Sum: 12.865832300000003 Count: 68 Min: 0.0005308 Max: 0.3032891 
(-Infinity,0.005]:17
(0.005,0.01]:4
(0.01,0.025]:4
(0.025,0.05]:0
(0.05,0.075]:0
(0.075,0.1]:0
(0.1,0.25]:0
(0.25,0.5]:43
(0.5,0.75]:0
(0.75,1]:0
(1,2.5]:0
(2.5,5]:0
(5,7.5]:0
(7.5,10]:0
(10,+Infinity]:0
Metric Name: aspnetcore.rate_limiting.requests, Number of requests that tried to acquire a rate limiting lease. Requests could be rejected by global or endpoint rate limiting policies. Or the request could be canceled while waiting for the lease., Unit: {request}, Meter: Microsoft.AspNetCore.RateLimiting
(2025-09-11T05:35:17.5425267Z, 2025-09-11T05:35:30.8496212Z] aspnetcore.rate_limiting.result: acquired LongSum
Value: 68
Metric Name: aspnetcore.routing.match_attempts, Number of requests that were attempted to be matched to an endpoint., Unit: {match_attempt}, Meter: Microsoft.AspNetCore.Routing
(2025-09-11T05:35:17.5433681Z, 2025-09-11T05:35:30.8496222Z] aspnetcore.routing.is_fallback: false aspnetcore.routing.match_status: success http.route: api/Auth/register LongSum
Value: 25
(2025-09-11T05:35:17.5433681Z, 2025-09-11T05:35:30.8496222Z] aspnetcore.routing.is_fallback: false aspnetcore.routing.match_status: success http.route: api/Auth/login LongSum
Value: 18
(2025-09-11T05:35:17.5433681Z, 2025-09-11T05:35:30.8496222Z] aspnetcore.routing.is_fallback: false aspnetcore.routing.match_status: success http.route: api/Windows LongSum
Value: 15
(2025-09-11T05:35:17.5433681Z, 2025-09-11T05:35:30.8496222Z] aspnetcore.routing.is_fallback: false aspnetcore.routing.match_status: success http.route: api/Windows/{id:guid} LongSum
Value: 10
[05:35:30 INF] Starting Crud API application {"Application": "Crud.Api"}
[05:35:30 INF] Using SQLite provider with connection: Data Source=TestDatabase.db {"Application": "Crud.Api"}
[05:35:30 INF] Database ensured successfully {"Application": "Crud.Api"}
[05:35:30 INF] Application configured successfully. Starting web host... {"Application": "Crud.Api"}
[05:35:30 WRN] Failed to determine the https port for redirect. {"EventId": {"Id": 3, "Name": "FailedToDeterminePort"}, "SourceContext": "Microsoft.AspNetCore.HttpsPolicy.HttpsRedirectionMiddleware", "RequestId": "0HNFGUJ46SFC8", "RequestPath": "/api/auth/register", "Application": "Crud.Api"}
[05:35:31 INF] User registered successfully: 42e02e52-f7ef-4c82-a6ca-712d9e5f05b9 {"SourceContext": "App.Features.Authentication.RegisterUserCommandHandler", "ActionId": "787545d2-1611-4ffc-9cd8-8724383ddcd2", "ActionName": "Api.Controllers.AuthController.Register (Api)", "RequestId": "0HNFGUJ46SFC8", "RequestPath": "/api/auth/register", "Application": "Crud.Api"}
Activity.TraceId:            2028642217fece090bd16774a16090a4
Activity.SpanId:             110cbaf9bb0fd8ea
Activity.TraceFlags:         Recorded
Activity.ActivitySourceName: Microsoft.AspNetCore
Activity.DisplayName:        POST api/Auth/register
Activity.Kind:               Server
Activity.StartTime:          2025-09-11T05:35:30.8759983Z
Activity.Duration:           00:00:00.3561276
Activity.Tags:
    server.address: localhost
    http.request.method: POST
    url.scheme: http
    url.path: /api/auth/register
    network.protocol.version: 1.1
    http.route: api/Auth/register
    http.response.status_code: 200
Resource associated with Activity:
    deployment.environment: Testing
    service.name: Crud.Api
    service.version: 1.0.0
    service.instance.id: 15081513-c9e4-4e0d-aac5-97a71d5ef649
    telemetry.sdk.name: opentelemetry
    telemetry.sdk.language: dotnet
    telemetry.sdk.version: 1.8.1
Activity.TraceId:            2808f42b2a10132a8387fab154afff52
Activity.SpanId:             1236e00761d97327
Activity.TraceFlags:         Recorded
Activity.ActivitySourceName: Microsoft.AspNetCore
Activity.DisplayName:        GET api/Auth/me
Activity.Kind:               Server
Activity.StartTime:          2025-09-11T05:35:31.2339545Z
Activity.Duration:           00:00:00.0034669
Activity.Tags:
    server.address: localhost
    http.request.method: GET
    url.scheme: http
    url.path: /api/auth/me
    network.protocol.version: 1.1
    http.route: api/Auth/me
    http.response.status_code: 200
Resource associated with Activity:
    deployment.environment: Testing
    service.name: Crud.Api
    service.version: 1.0.0
    service.instance.id: 15081513-c9e4-4e0d-aac5-97a71d5ef649
    telemetry.sdk.name: opentelemetry
    telemetry.sdk.language: dotnet
    telemetry.sdk.version: 1.8.1
[05:35:31 INF] User registered successfully: 7c918acf-a8ef-475c-9ae0-55291bfaa241 {"SourceContext": "App.Features.Authentication.RegisterUserCommandHandler", "ActionId": "787545d2-1611-4ffc-9cd8-8724383ddcd2", "ActionName": "Api.Controllers.AuthController.Register (Api)", "RequestId": "0HNFGUJ46SFCA", "RequestPath": "/api/auth/register", "Application": "Crud.Api"}
Activity.TraceId:            b7b82e4431a4607762e48cd8c1dbf724
Activity.SpanId:             5b801c06c44babbf
Activity.TraceFlags:         Recorded
Activity.ActivitySourceName: Microsoft.AspNetCore
Activity.DisplayName:        POST api/Auth/register
Activity.Kind:               Server
Activity.StartTime:          2025-09-11T05:35:31.2398442Z
Activity.Duration:           00:00:00.3013792
Activity.Tags:
    server.address: localhost
    http.request.method: POST
    url.scheme: http
    url.path: /api/auth/register
    network.protocol.version: 1.1
    http.route: api/Auth/register
    http.response.status_code: 200
Resource associated with Activity:
    deployment.environment: Testing
    service.name: Crud.Api
    service.version: 1.0.0
    service.instance.id: 15081513-c9e4-4e0d-aac5-97a71d5ef649
    telemetry.sdk.name: opentelemetry
    telemetry.sdk.language: dotnet
    telemetry.sdk.version: 1.8.1
Activity.TraceId:            64f3bb22830a093cbcbb35eb1a2a12e5
Activity.SpanId:             11a17a23f6b235f9
Activity.TraceFlags:         Recorded
Activity.ActivitySourceName: Microsoft.AspNetCore
Activity.DisplayName:        GET api/Auth/me
Activity.Kind:               Server
Activity.StartTime:          2025-09-11T05:35:31.5424882Z
Activity.Duration:           00:00:00.0003228
Activity.Tags:
    server.address: localhost
    http.request.method: GET
    url.scheme: http
    url.path: /api/auth/me
    network.protocol.version: 1.1
    http.route: api/Auth/me
    http.response.status_code: 200
Resource associated with Activity:
    deployment.environment: Testing
    service.name: Crud.Api
    service.version: 1.0.0
    service.instance.id: 15081513-c9e4-4e0d-aac5-97a71d5ef649
    telemetry.sdk.name: opentelemetry
    telemetry.sdk.language: dotnet
    telemetry.sdk.version: 1.8.1
[05:35:31 INF] User logged in successfully: 7c918acf-a8ef-475c-9ae0-55291bfaa241 {"SourceContext": "App.Features.Authentication.LoginCommandHandler", "ActionId": "af7aba19-92b9-4d38-b126-c7ff607a4fc6", "ActionName": "Api.Controllers.AuthController.Login (Api)", "RequestId": "0HNFGUJ46SFCC", "RequestPath": "/api/auth/login", "Application": "Crud.Api"}
Activity.TraceId:            edea848bf2cec3e43267d206a415cdd4
Activity.SpanId:             4fb542b0747bf41e
Activity.TraceFlags:         Recorded
Activity.ActivitySourceName: Microsoft.AspNetCore
Activity.DisplayName:        POST api/Auth/login
Activity.Kind:               Server
Activity.StartTime:          2025-09-11T05:35:31.5431260Z
Activity.Duration:           00:00:00.3177827
Activity.Tags:
    server.address: localhost
    http.request.method: POST
    url.scheme: http
    url.path: /api/auth/login
    network.protocol.version: 1.1
    http.route: api/Auth/login
    http.response.status_code: 200
Resource associated with Activity:
    deployment.environment: Testing
    service.name: Crud.Api
    service.version: 1.0.0
    service.instance.id: 15081513-c9e4-4e0d-aac5-97a71d5ef649
    telemetry.sdk.name: opentelemetry
    telemetry.sdk.language: dotnet
    telemetry.sdk.version: 1.8.1
[05:35:31 INF] Refresh token rotated successfully for user: 7c918acf-a8ef-475c-9ae0-55291bfaa241 {"SourceContext": "App.Features.Authentication.RefreshTokenCommandHandler", "ActionId": "458a8cd7-c473-44a2-a985-b6324aadbaf0", "ActionName": "Api.Controllers.AuthController.Refresh (Api)", "RequestId": "0HNFGUJ46SFCD", "RequestPath": "/api/auth/refresh", "Application": "Crud.Api"}
Activity.TraceId:            0afe60e93a7410a1c2f79dd5a8c75fe9
Activity.SpanId:             062f959c33167dc1
Activity.TraceFlags:         Recorded
Activity.ActivitySourceName: Microsoft.AspNetCore
Activity.DisplayName:        POST api/Auth/refresh
Activity.Kind:               Server
Activity.StartTime:          2025-09-11T05:35:31.8611496Z
Activity.Duration:           00:00:00.0204718
Activity.Tags:
    server.address: localhost
    http.request.method: POST
    url.scheme: http
    url.path: /api/auth/refresh
    network.protocol.version: 1.1
    http.route: api/Auth/refresh
    http.response.status_code: 200
Resource associated with Activity:
    deployment.environment: Testing
    service.name: Crud.Api
    service.version: 1.0.0
    service.instance.id: 15081513-c9e4-4e0d-aac5-97a71d5ef649
    telemetry.sdk.name: opentelemetry
    telemetry.sdk.language: dotnet
    telemetry.sdk.version: 1.8.1
[05:35:31 INF] User logged out successfully: 7c918acf-a8ef-475c-9ae0-55291bfaa241 {"SourceContext": "App.Features.Authentication.LogoutCommandHandler", "ActionId": "50644bf3-c7f4-4acb-9dc3-a052eddddcbe", "ActionName": "Api.Controllers.AuthController.Logout (Api)", "RequestId": "0HNFGUJ46SFCE", "RequestPath": "/api/auth/logout", "Application": "Crud.Api"}
Activity.TraceId:            616d6f1739dc1aae8bf8331147b731b1
Activity.SpanId:             775c84ce32d112ab
Activity.TraceFlags:         Recorded
Activity.ActivitySourceName: Microsoft.AspNetCore
Activity.DisplayName:        POST api/Auth/logout
Activity.Kind:               Server
Activity.StartTime:          2025-09-11T05:35:31.8817727Z
Activity.Duration:           00:00:00.0274160
Activity.Tags:
    server.address: localhost
    http.request.method: POST
    url.scheme: http
    url.path: /api/auth/logout
    network.protocol.version: 1.1
    http.route: api/Auth/logout
    http.response.status_code: 200
Resource associated with Activity:
    deployment.environment: Testing
    service.name: Crud.Api
    service.version: 1.0.0
    service.instance.id: 15081513-c9e4-4e0d-aac5-97a71d5ef649
    telemetry.sdk.name: opentelemetry
    telemetry.sdk.language: dotnet
    telemetry.sdk.version: 1.8.1
[05:35:31 WRN] Refresh token attempt with invalid token {"SourceContext": "App.Features.Authentication.RefreshTokenCommandHandler", "ActionId": "458a8cd7-c473-44a2-a985-b6324aadbaf0", "ActionName": "Api.Controllers.AuthController.Refresh (Api)", "RequestId": "0HNFGUJ46SFCF", "RequestPath": "/api/auth/refresh", "Application": "Crud.Api"}
Activity.TraceId:            9c1e567a4de666a80ff59a373b14709d
Activity.SpanId:             dd608640c897aa87
Activity.TraceFlags:         Recorded
Activity.ActivitySourceName: Microsoft.AspNetCore
Activity.DisplayName:        POST api/Auth/refresh
Activity.Kind:               Server
Activity.StartTime:          2025-09-11T05:35:31.9096264Z
Activity.Duration:           00:00:00.0019417
Activity.Tags:
    server.address: localhost
    http.request.method: POST
    url.scheme: http
    url.path: /api/auth/refresh
    network.protocol.version: 1.1
    http.route: api/Auth/refresh
    http.response.status_code: 401
Resource associated with Activity:
    deployment.environment: Testing
    service.name: Crud.Api
    service.version: 1.0.0
    service.instance.id: 15081513-c9e4-4e0d-aac5-97a71d5ef649
    telemetry.sdk.name: opentelemetry
    telemetry.sdk.language: dotnet
    telemetry.sdk.version: 1.8.1
[05:35:32 INF] User registered successfully: 9c33f684-8d3a-4b4b-896c-17ab5cea041d {"SourceContext": "App.Features.Authentication.RegisterUserCommandHandler", "ActionId": "787545d2-1611-4ffc-9cd8-8724383ddcd2", "ActionName": "Api.Controllers.AuthController.Register (Api)", "RequestId": "0HNFGUJ46SFCG", "RequestPath": "/api/auth/register", "Application": "Crud.Api"}
Activity.TraceId:            11279a385674ad8cd49fe76959be59f8
Activity.SpanId:             8e61debf796aec0a
Activity.TraceFlags:         Recorded
Activity.ActivitySourceName: Microsoft.AspNetCore
Activity.DisplayName:        POST api/Auth/register
Activity.Kind:               Server
Activity.StartTime:          2025-09-11T05:35:31.9132712Z
Activity.Duration:           00:00:00.3028031
Activity.Tags:
    server.address: localhost
    http.request.method: POST
    url.scheme: http
    url.path: /api/auth/register
    network.protocol.version: 1.1
    http.route: api/Auth/register
    http.response.status_code: 200
Resource associated with Activity:
    deployment.environment: Testing
    service.name: Crud.Api
    service.version: 1.0.0
    service.instance.id: 15081513-c9e4-4e0d-aac5-97a71d5ef649
    telemetry.sdk.name: opentelemetry
    telemetry.sdk.language: dotnet
    telemetry.sdk.version: 1.8.1
[05:35:32 WRN] Registration attempt with existing email: duplicate.1e8e6488-6843-4221-a6ee-d06e6ee0040b@example.com {"SourceContext": "App.Features.Authentication.RegisterUserCommandHandler", "ActionId": "787545d2-1611-4ffc-9cd8-8724383ddcd2", "ActionName": "Api.Controllers.AuthController.Register (Api)", "RequestId": "0HNFGUJ46SFCH", "RequestPath": "/api/auth/register", "Application": "Crud.Api"}
Activity.TraceId:            c5018e1b250c4b677898456a75871908
Activity.SpanId:             ecd0e8d99e85fbe4
Activity.TraceFlags:         Recorded
Activity.ActivitySourceName: Microsoft.AspNetCore
Activity.DisplayName:        POST api/Auth/register
Activity.Kind:               Server
Activity.StartTime:          2025-09-11T05:35:32.2172837Z
Activity.Duration:           00:00:00.0016774
Activity.Tags:
    server.address: localhost
    http.request.method: POST
    url.scheme: http
    url.path: /api/auth/register
    network.protocol.version: 1.1
    http.route: api/Auth/register
    http.response.status_code: 400
Resource associated with Activity:
    deployment.environment: Testing
    service.name: Crud.Api
    service.version: 1.0.0
    service.instance.id: 15081513-c9e4-4e0d-aac5-97a71d5ef649
    telemetry.sdk.name: opentelemetry
    telemetry.sdk.language: dotnet
    telemetry.sdk.version: 1.8.1
[05:35:32 ERR] An unhandled exception occurred during request POST /api/auth/register. Request ID: 0HNFGUJ46SFCI, User: Anonymous {"SourceContext": "Api.Middleware.GlobalExceptionHandlingMiddleware", "RequestPath": "/api/auth/register", "Application": "Crud.Api"}
FluentValidation.ValidationException: Validation failed: 
 -- Email: Invalid email format Severity: Error
   at App.Behaviors.ValidationBehavior`2.Handle(TRequest request, RequestHandlerDelegate`1 next, CancellationToken cancellationToken) in /home/runner/work/Crud/Crud/src/App/Behaviors/ValidationBehavior.cs:line 39
   at Api.Controllers.AuthController.Register(RegisterUserCommand command, CancellationToken cancellationToken) in /home/runner/work/Crud/Crud/src/Api/Controllers/AuthController.cs:line 27
   at Microsoft.AspNetCore.Mvc.Infrastructure.ActionMethodExecutor.TaskOfIActionResultExecutor.Execute(ActionContext actionContext, IActionResultTypeMapper mapper, ObjectMethodExecutor executor, Object controller, Object[] arguments)
   at Microsoft.AspNetCore.Mvc.Infrastructure.ControllerActionInvoker.&lt;InvokeActionMethodAsync&gt;g__Logged|12_1(ControllerActionInvoker invoker)
   at Microsoft.AspNetCore.Mvc.Infrastructure.ControllerActionInvoker.&lt;InvokeNextActionFilterAsync&gt;g__Awaited|10_0(ControllerActionInvoker invoker, Task lastTask, State next, Scope scope, Object state, Boolean isCompleted)
   at Microsoft.AspNetCore.Mvc.Infrastructure.ControllerActionInvoker.Rethrow(ActionExecutedContextSealed context)
   at Microsoft.AspNetCore.Mvc.Infrastructure.ControllerActionInvoker.Next(State&amp; next, Scope&amp; scope, Object&amp; state, Boolean&amp; isCompleted)
   at Microsoft.AspNetCore.Mvc.Infrastructure.ControllerActionInvoker.InvokeInnerFilterAsync()
--- End of stack trace from previous location ---
   at Microsoft.AspNetCore.Mvc.Infrastructure.ResourceInvoker.&lt;InvokeFilterPipelineAsync&gt;g__Awaited|20_0(ResourceInvoker invoker, Task lastTask, State next, Scope scope, Object state, Boolean isCompleted)
   at Microsoft.AspNetCore.Mvc.Infrastructure.ResourceInvoker.&lt;InvokeAsync&gt;g__Logged|17_1(ResourceInvoker invoker)
   at Microsoft.AspNetCore.Mvc.Infrastructure.ResourceInvoker.&lt;InvokeAsync&gt;g__Logged|17_1(ResourceInvoker invoker)
   at Microsoft.AspNetCore.Authorization.AuthorizationMiddleware.Invoke(HttpContext context)
   at Microsoft.AspNetCore.Authentication.AuthenticationMiddleware.Invoke(HttpContext context)
   at Microsoft.AspNetCore.RateLimiting.RateLimitingMiddleware.InvokeInternal(HttpContext context, EnableRateLimitingAttribute enableRateLimitingAttribute)
   at Api.Middleware.GlobalExceptionHandlingMiddleware.InvokeAsync(HttpContext context) in /home/runner/work/Crud/Crud/src/Api/Middleware/GlobalExceptionHandlingMiddleware.cs:line 27
Activity.TraceId:            71013aa90cbd3083dfc93d0856c73a9b
Activity.SpanId:             fc7239bb22ff3ca4
Activity.TraceFlags:         Recorded
Activity.ActivitySourceName: Microsoft.AspNetCore
Activity.DisplayName:        POST api/Auth/register
Activity.Kind:               Server
Activity.StartTime:          2025-09-11T05:35:32.2205804Z
Activity.Duration:           00:00:00.0015637
Activity.Tags:
    server.address: localhost
    http.request.method: POST
    url.scheme: http
    url.path: /api/auth/register
    network.protocol.version: 1.1
    http.route: api/Auth/register
    http.response.status_code: 400
Resource associated with Activity:
    deployment.environment: Testing
    service.name: Crud.Api
    service.version: 1.0.0
    service.instance.id: 15081513-c9e4-4e0d-aac5-97a71d5ef649
    telemetry.sdk.name: opentelemetry
    telemetry.sdk.language: dotnet
    telemetry.sdk.version: 1.8.1
[05:35:32 WRN] Login attempt with non-existent email address {"SourceContext": "App.Features.Authentication.LoginCommandHandler", "ActionId": "af7aba19-92b9-4d38-b126-c7ff607a4fc6", "ActionName": "Api.Controllers.AuthController.Login (Api)", "RequestId": "0HNFGUJ46SFCJ", "RequestPath": "/api/auth/login", "Application": "Crud.Api"}
Activity.TraceId:            8be96ecc70abf6c0637df8aad2dc4f2c
Activity.SpanId:             5d1c8b6aa28c5cb3
Activity.TraceFlags:         Recorded
Activity.ActivitySourceName: Microsoft.AspNetCore
Activity.DisplayName:        POST api/Auth/login
Activity.Kind:               Server
Activity.StartTime:          2025-09-11T05:35:32.2239831Z
Activity.Duration:           00:00:00.0015904
Activity.Tags:
    server.address: localhost
    http.request.method: POST
    url.scheme: http
    url.path: /api/auth/login
    network.protocol.version: 1.1
    http.route: api/Auth/login
    http.response.status_code: 401
Resource associated with Activity:
    deployment.environment: Testing
    service.name: Crud.Api
    service.version: 1.0.0
    service.instance.id: 15081513-c9e4-4e0d-aac5-97a71d5ef649
    telemetry.sdk.name: opentelemetry
    telemetry.sdk.language: dotnet
    telemetry.sdk.version: 1.8.1
[05:35:32 INF] User registered successfully: 7bf9cb01-51a9-4a2d-9845-b6f15939b5f7 {"SourceContext": "App.Features.Authentication.RegisterUserCommandHandler", "ActionId": "787545d2-1611-4ffc-9cd8-8724383ddcd2", "ActionName": "Api.Controllers.AuthController.Register (Api)", "RequestId": "0HNFGUJ46SFCK", "RequestPath": "/api/auth/register", "Application": "Crud.Api"}
Activity.TraceId:            cc498d3ce9947c17596596af2254d01c
Activity.SpanId:             27ebe332f0820c31
Activity.TraceFlags:         Recorded
Activity.ActivitySourceName: Microsoft.AspNetCore
Activity.DisplayName:        POST api/Auth/register
Activity.Kind:               Server
Activity.StartTime:          2025-09-11T05:35:32.2277204Z
Activity.Duration:           00:00:00.2993036
Activity.Tags:
    server.address: localhost
    http.request.method: POST
    url.scheme: http
    url.path: /api/auth/register
    network.protocol.version: 1.1
    http.route: api/Auth/register
    http.response.status_code: 200
Resource associated with Activity:
    deployment.environment: Testing
    service.name: Crud.Api
    service.version: 1.0.0
    service.instance.id: 15081513-c9e4-4e0d-aac5-97a71d5ef649
    telemetry.sdk.name: opentelemetry
    telemetry.sdk.language: dotnet
    telemetry.sdk.version: 1.8.1
Activity.TraceId:            592fc3ea6812fd826204c213b91ec5ab
Activity.SpanId:             4220cedd50065ea5
Activity.TraceFlags:         Recorded
Activity.ActivitySourceName: Microsoft.AspNetCore
Activity.DisplayName:        GET api/Auth/me
Activity.Kind:               Server
Activity.StartTime:          2025-09-11T05:35:32.5281354Z
Activity.Duration:           00:00:00.0003273
Activity.Tags:
    server.address: localhost
    http.request.method: GET
    url.scheme: http
    url.path: /api/auth/me
    network.protocol.version: 1.1
    http.route: api/Auth/me
    http.response.status_code: 200
Resource associated with Activity:
    deployment.environment: Testing
    service.name: Crud.Api
    service.version: 1.0.0
    service.instance.id: 15081513-c9e4-4e0d-aac5-97a71d5ef649
    telemetry.sdk.name: opentelemetry
    telemetry.sdk.language: dotnet
    telemetry.sdk.version: 1.8.1
Activity.TraceId:            5deff4550544fb94319668c89b8e543d
Activity.SpanId:             104f54807f06d778
Activity.TraceFlags:         Recorded
Activity.ActivitySourceName: Microsoft.AspNetCore
Activity.DisplayName:        GET api/Auth/me
Activity.Kind:               Server
Activity.StartTime:          2025-09-11T05:35:32.5281674Z
Activity.Duration:           00:00:00.0004491
Activity.Tags:
    server.address: localhost
    http.request.method: GET
    url.scheme: http
    url.path: /api/auth/me
    network.protocol.version: 1.1
    http.route: api/Auth/me
    http.response.status_code: 200
Resource associated with Activity:
    deployment.environment: Testing
    service.name: Crud.Api
    service.version: 1.0.0
    service.instance.id: 15081513-c9e4-4e0d-aac5-97a71d5ef649
    telemetry.sdk.name: opentelemetry
    telemetry.sdk.language: dotnet
    telemetry.sdk.version: 1.8.1
Activity.TraceId:            0303672a7ae27b2690715d16c2203d04
Activity.SpanId:             397c253a7c8c840b
Activity.TraceFlags:         Recorded
Activity.ActivitySourceName: Microsoft.AspNetCore
Activity.DisplayName:        GET api/Auth/me
Activity.Kind:               Server
Activity.StartTime:          2025-09-11T05:35:32.5284993Z
Activity.Duration:           00:00:00.0001621
Activity.Tags:
    server.address: localhost
    http.request.method: GET
    url.scheme: http
    url.path: /api/auth/me
    network.protocol.version: 1.1
    http.route: api/Auth/me
    http.response.status_code: 200
Resource associated with Activity:
    deployment.environment: Testing
    service.name: Crud.Api
    service.version: 1.0.0
    service.instance.id: 15081513-c9e4-4e0d-aac5-97a71d5ef649
    telemetry.sdk.name: opentelemetry
    telemetry.sdk.language: dotnet
    telemetry.sdk.version: 1.8.1
Activity.TraceId:            ca27fd0a82ccf5524ecc00f332bb762d
Activity.SpanId:             a857c3aafe7f1852
Activity.TraceFlags:         Recorded
Activity.ActivitySourceName: Microsoft.AspNetCore
Activity.DisplayName:        GET api/Auth/me
Activity.Kind:               Server
Activity.StartTime:          2025-09-11T05:35:32.5285605Z
Activity.Duration:           00:00:00.0001444
Activity.Tags:
    server.address: localhost
    http.request.method: GET
    url.scheme: http
    url.path: /api/auth/me
    network.protocol.version: 1.1
    http.route: api/Auth/me
    http.response.status_code: 200
Resource associated with Activity:
    deployment.environment: Testing
    service.name: Crud.Api
    service.version: 1.0.0
    service.instance.id: 15081513-c9e4-4e0d-aac5-97a71d5ef649
    telemetry.sdk.name: opentelemetry
    telemetry.sdk.language: dotnet
    telemetry.sdk.version: 1.8.1
Activity.TraceId:            2f1322771a56413436db7a90c8d01ee2
Activity.SpanId:             5390ed3d91f6c887
Activity.TraceFlags:         Recorded
Activity.ActivitySourceName: Microsoft.AspNetCore
Activity.DisplayName:        GET api/Auth/me
Activity.Kind:               Server
Activity.StartTime:          2025-09-11T05:35:32.5286843Z
Activity.Duration:           00:00:00.0001585
Activity.Tags:
    server.address: localhost
    http.request.method: GET
    url.scheme: http
    url.path: /api/auth/me
    network.protocol.version: 1.1
    http.route: api/Auth/me
    http.response.status_code: 200
Resource associated with Activity:
    deployment.environment: Testing
    service.name: Crud.Api
    service.version: 1.0.0
    service.instance.id: 15081513-c9e4-4e0d-aac5-97a71d5ef649
    telemetry.sdk.name: opentelemetry
    telemetry.sdk.language: dotnet
    telemetry.sdk.version: 1.8.1
Activity.TraceId:            01ea08342f11b4754cb7f29934c3a839
Activity.SpanId:             c0e600e3d0f03b1e
Activity.TraceFlags:         Recorded
Activity.ActivitySourceName: Microsoft.AspNetCore
Activity.DisplayName:        GET api/Auth/me
Activity.Kind:               Server
Activity.StartTime:          2025-09-11T05:35:32.5287833Z
Activity.Duration:           00:00:00.0001350
Activity.Tags:
    server.address: localhost
    http.request.method: GET
    url.scheme: http
    url.path: /api/auth/me
    network.protocol.version: 1.1
    http.route: api/Auth/me
    http.response.status_code: 200
Resource associated with Activity:
    deployment.environment: Testing
    service.name: Crud.Api
    service.version: 1.0.0
    service.instance.id: 15081513-c9e4-4e0d-aac5-97a71d5ef649
    telemetry.sdk.name: opentelemetry
    telemetry.sdk.language: dotnet
    telemetry.sdk.version: 1.8.1
Activity.TraceId:            5b86d3ac1c86eb8b33a4f3f82950e297
Activity.SpanId:             10b946774214341e
Activity.TraceFlags:         Recorded
Activity.ActivitySourceName: Microsoft.AspNetCore
Activity.DisplayName:        GET api/Auth/me
Activity.Kind:               Server
Activity.StartTime:          2025-09-11T05:35:32.5283242Z
Activity.Duration:           00:00:00.0007478
Activity.Tags:
    server.address: localhost
    http.request.method: GET
    url.scheme: http
    url.path: /api/auth/me
    network.protocol.version: 1.1
    http.route: api/Auth/me
    http.response.status_code: 200
Resource associated with Activity:
    deployment.environment: Testing
    service.name: Crud.Api
    service.version: 1.0.0
    service.instance.id: 15081513-c9e4-4e0d-aac5-97a71d5ef649
    telemetry.sdk.name: opentelemetry
    telemetry.sdk.language: dotnet
    telemetry.sdk.version: 1.8.1
Activity.TraceId:            a1757c72bc50aa4350a39a346c451c59
Activity.SpanId:             6d2db97339b1f0a9
Activity.TraceFlags:         Recorded
Activity.ActivitySourceName: Microsoft.AspNetCore
Activity.DisplayName:        GET api/Auth/me
Activity.Kind:               Server
Activity.StartTime:          2025-09-11T05:35:32.5285382Z
Activity.Duration:           00:00:00.0001782
Activity.Tags:
    server.address: localhost
    http.request.method: GET
    url.scheme: http
    url.path: /api/auth/me
    network.protocol.version: 1.1
    http.route: api/Auth/me
    http.response.status_code: 200
Resource associated with Activity:
    deployment.environment: Testing
    service.name: Crud.Api
    service.version: 1.0.0
    service.instance.id: 15081513-c9e4-4e0d-aac5-97a71d5ef649
    telemetry.sdk.name: opentelemetry
    telemetry.sdk.language: dotnet
    telemetry.sdk.version: 1.8.1
Activity.TraceId:            e9b9cc6b7a08d79343cbc98334eca1fd
Activity.SpanId:             564b990ecf86df52
Activity.TraceFlags:         Recorded
Activity.ActivitySourceName: Microsoft.AspNetCore
Activity.DisplayName:        GET api/Auth/me
Activity.Kind:               Server
Activity.StartTime:          2025-09-11T05:35:32.5287268Z
Activity.Duration:           00:00:00.0001487
Activity.Tags:
    server.address: localhost
    http.request.method: GET
    url.scheme: http
    url.path: /api/auth/me
    network.protocol.version: 1.1
    http.route: api/Auth/me
    http.response.status_code: 200
Resource associated with Activity:
    deployment.environment: Testing
    service.name: Crud.Api
    service.version: 1.0.0
    service.instance.id: 15081513-c9e4-4e0d-aac5-97a71d5ef649
    telemetry.sdk.name: opentelemetry
    telemetry.sdk.language: dotnet
    telemetry.sdk.version: 1.8.1
Activity.TraceId:            50416823483dfaeffa65518be5b02ed0
Activity.SpanId:             1082a0f3858a0d76
Activity.TraceFlags:         Recorded
Activity.ActivitySourceName: Microsoft.AspNetCore
Activity.DisplayName:        GET api/Auth/me
Activity.Kind:               Server
Activity.StartTime:          2025-09-11T05:35:32.5289338Z
Activity.Duration:           00:00:00.0001486
Activity.Tags:
    server.address: localhost
    http.request.method: GET
    url.scheme: http
    url.path: /api/auth/me
    network.protocol.version: 1.1
    http.route: api/Auth/me
    http.response.status_code: 200
Resource associated with Activity:
    deployment.environment: Testing
    service.name: Crud.Api
    service.version: 1.0.0
    service.instance.id: 15081513-c9e4-4e0d-aac5-97a71d5ef649
    telemetry.sdk.name: opentelemetry
    telemetry.sdk.language: dotnet
    telemetry.sdk.version: 1.8.1
[05:35:32 INF] User registered successfully: d4ab4aa0-dc35-4486-9a12-d9ea4af036eb {"SourceContext": "App.Features.Authentication.RegisterUserCommandHandler", "ActionId": "787545d2-1611-4ffc-9cd8-8724383ddcd2", "ActionName": "Api.Controllers.AuthController.Register (Api)", "RequestId": "0HNFGUJ46SFCV", "RequestPath": "/api/auth/register", "Application": "Crud.Api"}
Activity.TraceId:            e38617215d6e2b84ce04b10036b8c2bd
Activity.SpanId:             ad1ca97a7fb13fb3
Activity.TraceFlags:         Recorded
Activity.ActivitySourceName: Microsoft.AspNetCore
Activity.DisplayName:        POST api/Auth/register
Activity.Kind:               Server
Activity.StartTime:          2025-09-11T05:35:32.5317753Z
Activity.Duration:           00:00:00.2988336
Activity.Tags:
    server.address: localhost
    http.request.method: POST
    url.scheme: http
    url.path: /api/auth/register
    network.protocol.version: 1.1
    http.route: api/Auth/register
    http.response.status_code: 200
Resource associated with Activity:
    deployment.environment: Testing
    service.name: Crud.Api
    service.version: 1.0.0
    service.instance.id: 15081513-c9e4-4e0d-aac5-97a71d5ef649
    telemetry.sdk.name: opentelemetry
    telemetry.sdk.language: dotnet
    telemetry.sdk.version: 1.8.1
[05:35:32 INF] Refresh token rotated successfully for user: d4ab4aa0-dc35-4486-9a12-d9ea4af036eb {"SourceContext": "App.Features.Authentication.RefreshTokenCommandHandler", "ActionId": "458a8cd7-c473-44a2-a985-b6324aadbaf0", "ActionName": "Api.Controllers.AuthController.Refresh (Api)", "RequestId": "0HNFGUJ46SFD0", "RequestPath": "/api/auth/refresh", "Application": "Crud.Api"}
Activity.TraceId:            0e347d14b826d6ef692a652adccd4c3d
Activity.SpanId:             f4163fdc24e871c1
Activity.TraceFlags:         Recorded
Activity.ActivitySourceName: Microsoft.AspNetCore
Activity.DisplayName:        POST api/Auth/refresh
Activity.Kind:               Server
Activity.StartTime:          2025-09-11T05:35:32.8317804Z
Activity.Duration:           00:00:00.0073089
Activity.Tags:
    server.address: localhost
    http.request.method: POST
    url.scheme: http
    url.path: /api/auth/refresh
    network.protocol.version: 1.1
    http.route: api/Auth/refresh
    http.response.status_code: 200
Resource associated with Activity:
    deployment.environment: Testing
    service.name: Crud.Api
    service.version: 1.0.0
    service.instance.id: 15081513-c9e4-4e0d-aac5-97a71d5ef649
    telemetry.sdk.name: opentelemetry
    telemetry.sdk.language: dotnet
    telemetry.sdk.version: 1.8.1
[05:35:32 INF] Refresh token rotated successfully for user: d4ab4aa0-dc35-4486-9a12-d9ea4af036eb {"SourceContext": "App.Features.Authentication.RefreshTokenCommandHandler", "ActionId": "458a8cd7-c473-44a2-a985-b6324aadbaf0", "ActionName": "Api.Controllers.AuthController.Refresh (Api)", "RequestId": "0HNFGUJ46SFD1", "RequestPath": "/api/auth/refresh", "Application": "Crud.Api"}
Activity.TraceId:            d355e026f493d902bf8f0a1006e188a6
Activity.SpanId:             22dfb8e820429a2a
Activity.TraceFlags:         Recorded
Activity.ActivitySourceName: Microsoft.AspNetCore
Activity.DisplayName:        POST api/Auth/refresh
Activity.Kind:               Server
Activity.StartTime:          2025-09-11T05:35:32.8393907Z
Activity.Duration:           00:00:00.0062182
Activity.Tags:
    server.address: localhost
    http.request.method: POST
    url.scheme: http
    url.path: /api/auth/refresh
    network.protocol.version: 1.1
    http.route: api/Auth/refresh
    http.response.status_code: 200
Resource associated with Activity:
    deployment.environment: Testing
    service.name: Crud.Api
    service.version: 1.0.0
    service.instance.id: 15081513-c9e4-4e0d-aac5-97a71d5ef649
    telemetry.sdk.name: opentelemetry
    telemetry.sdk.language: dotnet
    telemetry.sdk.version: 1.8.1
[05:35:32 INF] Refresh token rotated successfully for user: d4ab4aa0-dc35-4486-9a12-d9ea4af036eb {"SourceContext": "App.Features.Authentication.RefreshTokenCommandHandler", "ActionId": "458a8cd7-c473-44a2-a985-b6324aadbaf0", "ActionName": "Api.Controllers.AuthController.Refresh (Api)", "RequestId": "0HNFGUJ46SFD2", "RequestPath": "/api/auth/refresh", "Application": "Crud.Api"}
Activity.TraceId:            3c18c7a8f2ac35b147d809487f83e307
Activity.SpanId:             54320d8d116a7ebd
Activity.TraceFlags:         Recorded
Activity.ActivitySourceName: Microsoft.AspNetCore
Activity.DisplayName:        POST api/Auth/refresh
Activity.Kind:               Server
Activity.StartTime:          2025-09-11T05:35:32.8456978Z
Activity.Duration:           00:00:00.0066757
Activity.Tags:
    server.address: localhost
    http.request.method: POST
    url.scheme: http
    url.path: /api/auth/refresh
    network.protocol.version: 1.1
    http.route: api/Auth/refresh
    http.response.status_code: 200
Resource associated with Activity:
    deployment.environment: Testing
    service.name: Crud.Api
    service.version: 1.0.0
    service.instance.id: 15081513-c9e4-4e0d-aac5-97a71d5ef649
    telemetry.sdk.name: opentelemetry
    telemetry.sdk.language: dotnet
    telemetry.sdk.version: 1.8.1
Activity.TraceId:            f55196f74faa89380d1ecf390d9e287b
Activity.SpanId:             f840ab37ca570674
Activity.TraceFlags:         Recorded
Activity.ActivitySourceName: Microsoft.AspNetCore
Activity.DisplayName:        GET api/Auth/me
Activity.Kind:               Server
Activity.StartTime:          2025-09-11T05:35:32.8536275Z
Activity.Duration:           00:00:00.0002975
Activity.Tags:
    server.address: localhost
    http.request.method: GET
    url.scheme: http
    url.path: /api/auth/me
    network.protocol.version: 1.1
    http.route: api/Auth/me
    http.response.status_code: 401
Resource associated with Activity:
    deployment.environment: Testing
    service.name: Crud.Api
    service.version: 1.0.0
    service.instance.id: 15081513-c9e4-4e0d-aac5-97a71d5ef649
    telemetry.sdk.name: opentelemetry
    telemetry.sdk.language: dotnet
    telemetry.sdk.version: 1.8.1
[05:35:32 ERR] An unhandled exception occurred during request POST /api/auth/register. Request ID: 0HNFGUJ46SFD4, User: Anonymous {"SourceContext": "Api.Middleware.GlobalExceptionHandlingMiddleware", "RequestPath": "/api/auth/register", "Application": "Crud.Api"}
FluentValidation.ValidationException: Validation failed: 
 -- Password: Password must be at least 8 characters Severity: Error
 -- Password: Password must contain at least one uppercase letter Severity: Error
 -- Password: Password must contain at least one number Severity: Error
 -- Password: Password must contain at least one special character Severity: Error
   at App.Behaviors.ValidationBehavior`2.Handle(TRequest request, RequestHandlerDelegate`1 next, CancellationToken cancellationToken) in /home/runner/work/Crud/Crud/src/App/Behaviors/ValidationBehavior.cs:line 39
   at Api.Controllers.AuthController.Register(RegisterUserCommand command, CancellationToken cancellationToken) in /home/runner/work/Crud/Crud/src/Api/Controllers/AuthController.cs:line 27
   at Microsoft.AspNetCore.Mvc.Infrastructure.ActionMethodExecutor.TaskOfIActionResultExecutor.Execute(ActionContext actionContext, IActionResultTypeMapper mapper, ObjectMethodExecutor executor, Object controller, Object[] arguments)
   at Microsoft.AspNetCore.Mvc.Infrastructure.ControllerActionInvoker.&lt;InvokeActionMethodAsync&gt;g__Logged|12_1(ControllerActionInvoker invoker)
   at Microsoft.AspNetCore.Mvc.Infrastructure.ControllerActionInvoker.&lt;InvokeNextActionFilterAsync&gt;g__Awaited|10_0(ControllerActionInvoker invoker, Task lastTask, State next, Scope scope, Object state, Boolean isCompleted)
   at Microsoft.AspNetCore.Mvc.Infrastructure.ControllerActionInvoker.Rethrow(ActionExecutedContextSealed context)
   at Microsoft.AspNetCore.Mvc.Infrastructure.ControllerActionInvoker.Next(State&amp; next, Scope&amp; scope, Object&amp; state, Boolean&amp; isCompleted)
   at Microsoft.AspNetCore.Mvc.Infrastructure.ControllerActionInvoker.InvokeInnerFilterAsync()
--- End of stack trace from previous location ---
   at Microsoft.AspNetCore.Mvc.Infrastructure.ResourceInvoker.&lt;InvokeFilterPipelineAsync&gt;g__Awaited|20_0(ResourceInvoker invoker, Task lastTask, State next, Scope scope, Object state, Boolean isCompleted)
   at Microsoft.AspNetCore.Mvc.Infrastructure.ResourceInvoker.&lt;InvokeAsync&gt;g__Logged|17_1(ResourceInvoker invoker)
   at Microsoft.AspNetCore.Mvc.Infrastructure.ResourceInvoker.&lt;InvokeAsync&gt;g__Logged|17_1(ResourceInvoker invoker)
   at Microsoft.AspNetCore.Authorization.AuthorizationMiddleware.Invoke(HttpContext context)
   at Microsoft.AspNetCore.Authentication.AuthenticationMiddleware.Invoke(HttpContext context)
   at Microsoft.AspNetCore.RateLimiting.RateLimitingMiddleware.InvokeInternal(HttpContext context, EnableRateLimitingAttribute enableRateLimitingAttribute)
   at Api.Middleware.GlobalExceptionHandlingMiddleware.InvokeAsync(HttpContext context) in /home/runner/work/Crud/Crud/src/Api/Middleware/GlobalExceptionHandlingMiddleware.cs:line 27
Activity.TraceId:            c4e04c3a945115494778242f72162914
Activity.SpanId:             54f05a550ac753ec
Activity.TraceFlags:         Recorded
Activity.ActivitySourceName: Microsoft.AspNetCore
Activity.DisplayName:        POST api/Auth/register
Activity.Kind:               Server
Activity.StartTime:          2025-09-11T05:35:32.8561134Z
Activity.Duration:           00:00:00.0017115
Activity.Tags:
    server.address: localhost
    http.request.method: POST
    url.scheme: http
    url.path: /api/auth/register
    network.protocol.version: 1.1
    http.route: api/Auth/register
    http.response.status_code: 400
Resource associated with Activity:
    deployment.environment: Testing
    service.name: Crud.Api
    service.version: 1.0.0
    service.instance.id: 15081513-c9e4-4e0d-aac5-97a71d5ef649
    telemetry.sdk.name: opentelemetry
    telemetry.sdk.language: dotnet
    telemetry.sdk.version: 1.8.1
[05:35:33 INF] User registered successfully: 87baadd8-1d64-4add-971a-f4227146d059 {"SourceContext": "App.Features.Authentication.RegisterUserCommandHandler", "ActionId": "787545d2-1611-4ffc-9cd8-8724383ddcd2", "ActionName": "Api.Controllers.AuthController.Register (Api)", "RequestId": "0HNFGUJ46SFD5", "RequestPath": "/api/auth/register", "Application": "Crud.Api"}
Activity.TraceId:            cbf287955dac5a7ca43a6433a93e5b72
Activity.SpanId:             0f8631829a49afea
Activity.TraceFlags:         Recorded
Activity.ActivitySourceName: Microsoft.AspNetCore
Activity.DisplayName:        POST api/Auth/register
Activity.Kind:               Server
Activity.StartTime:          2025-09-11T05:35:32.8606278Z
Activity.Duration:           00:00:00.2985089
Activity.Tags:
    server.address: localhost
    http.request.method: POST
    url.scheme: http
    url.path: /api/auth/register
    network.protocol.version: 1.1
    http.route: api/Auth/register
    http.response.status_code: 200
Resource associated with Activity:
    deployment.environment: Testing
    service.name: Crud.Api
    service.version: 1.0.0
    service.instance.id: 15081513-c9e4-4e0d-aac5-97a71d5ef649
    telemetry.sdk.name: opentelemetry
    telemetry.sdk.language: dotnet
    telemetry.sdk.version: 1.8.1
[05:35:33 INF] Refresh token rotated successfully for user: 87baadd8-1d64-4add-971a-f4227146d059 {"SourceContext": "App.Features.Authentication.RefreshTokenCommandHandler", "ActionId": "458a8cd7-c473-44a2-a985-b6324aadbaf0", "ActionName": "Api.Controllers.AuthController.Refresh (Api)", "RequestId": "0HNFGUJ46SFD6", "RequestPath": "/api/auth/refresh", "Application": "Crud.Api"}
Activity.TraceId:            954aff6c447ca61924b8b1b4cb13ad1d
Activity.SpanId:             efab97fddc20f762
Activity.TraceFlags:         Recorded
Activity.ActivitySourceName: Microsoft.AspNetCore
Activity.DisplayName:        POST api/Auth/refresh
Activity.Kind:               Server
Activity.StartTime:          2025-09-11T05:35:33.1602263Z
Activity.Duration:           00:00:00.0060890
Activity.Tags:
    server.address: localhost
    http.request.method: POST
    url.scheme: http
    url.path: /api/auth/refresh
    network.protocol.version: 1.1
    http.route: api/Auth/refresh
    http.response.status_code: 200
Resource associated with Activity:
    deployment.environment: Testing
    service.name: Crud.Api
    service.version: 1.0.0
    service.instance.id: 15081513-c9e4-4e0d-aac5-97a71d5ef649
    telemetry.sdk.name: opentelemetry
    telemetry.sdk.language: dotnet
    telemetry.sdk.version: 1.8.1
Resource associated with Metric:
    deployment.environment: Testing
    service.name: Crud.Api
    service.version: 1.0.0
    service.instance.id: 15081513-c9e4-4e0d-aac5-97a71d5ef649
    telemetry.sdk.name: opentelemetry
    telemetry.sdk.language: dotnet
    telemetry.sdk.version: 1.8.1
Metric Name: http.server.active_requests, Number of active HTTP server requests., Unit: {request}, Meter: Microsoft.AspNetCore.Hosting
(2025-09-11T05:35:30.8721363Z, 2025-09-11T05:35:33.1675263Z] http.request.method: POST url.scheme: http LongSumNonMonotonic
Value: 0
(2025-09-11T05:35:30.8721363Z, 2025-09-11T05:35:33.1675263Z] http.request.method: GET url.scheme: http LongSumNonMonotonic
Value: 0
Metric Name: http.server.request.duration, Duration of HTTP server requests., Unit: s, Meter: Microsoft.AspNetCore.Hosting
(2025-09-11T05:35:30.8721552Z, 2025-09-11T05:35:33.1675301Z] http.request.method: POST http.response.status_code: 200 http.route: api/Auth/register network.protocol.version: 1.1 url.scheme: http Histogram
Value: Sum: 1.8568643999999996 Count: 6 Min: 0.298496 Max: 0.3561001 
(-Infinity,0.005]:0
(0.005,0.01]:0
(0.01,0.025]:0
(0.025,0.05]:0
(0.05,0.075]:0
(0.075,0.1]:0
(0.1,0.25]:0
(0.25,0.5]:6
(0.5,0.75]:0
(0.75,1]:0
(1,2.5]:0
(2.5,5]:0
(5,7.5]:0
(7.5,10]:0
(10,+Infinity]:0
(2025-09-11T05:35:30.8721552Z, 2025-09-11T05:35:33.1675301Z] http.request.method: GET http.response.status_code: 200 http.route: api/Auth/me network.protocol.version: 1.1 url.scheme: http Histogram
Value: Sum: 0.005805000000000001 Count: 12 Min: 0.0001349 Max: 0.0034706 
(-Infinity,0.005]:12
(0.005,0.01]:0
(0.01,0.025]:0
(0.025,0.05]:0
(0.05,0.075]:0
(0.075,0.1]:0
(0.1,0.25]:0
(0.25,0.5]:0
(0.5,0.75]:0
(0.75,1]:0
(1,2.5]:0
(2.5,5]:0
(5,7.5]:0
(7.5,10]:0
(10,+Infinity]:0
(2025-09-11T05:35:30.8721552Z, 2025-09-11T05:35:33.1675301Z] http.request.method: POST http.response.status_code: 200 http.route: api/Auth/login network.protocol.version: 1.1 url.scheme: http Histogram
Value: Sum: 0.3177648 Count: 1 Min: 0.3177648 Max: 0.3177648 
(-Infinity,0.005]:0
(0.005,0.01]:0
(0.01,0.025]:0
(0.025,0.05]:0
(0.05,0.075]:0
(0.075,0.1]:0
(0.1,0.25]:0
(0.25,0.5]:1
(0.5,0.75]:0
(0.75,1]:0
(1,2.5]:0
(2.5,5]:0
(5,7.5]:0
(7.5,10]:0
(10,+Infinity]:0
(2025-09-11T05:35:30.8721552Z, 2025-09-11T05:35:33.1675301Z] http.request.method: POST http.response.status_code: 200 http.route: api/Auth/refresh network.protocol.version: 1.1 url.scheme: http Histogram
Value: Sum: 0.0467586 Count: 5 Min: 0.0060857 Max: 0.0204547 
(-Infinity,0.005]:0
(0.005,0.01]:4
(0.01,0.025]:1
(0.025,0.05]:0
(0.05,0.075]:0
(0.075,0.1]:0
(0.1,0.25]:0
(0.25,0.5]:0
(0.5,0.75]:0
(0.75,1]:0
(1,2.5]:0
(2.5,5]:0
(5,7.5]:0
(7.5,10]:0
(10,+Infinity]:0
(2025-09-11T05:35:30.8721552Z, 2025-09-11T05:35:33.1675301Z] http.request.method: POST http.response.status_code: 200 http.route: api/Auth/logout network.protocol.version: 1.1 url.scheme: http Histogram
Value: Sum: 0.0273959 Count: 1 Min: 0.0273959 Max: 0.0273959 
(-Infinity,0.005]:0
(0.005,0.01]:0
(0.01,0.025]:0
(0.025,0.05]:1
(0.05,0.075]:0
(0.075,0.1]:0
(0.1,0.25]:0
(0.25,0.5]:0
(0.5,0.75]:0
(0.75,1]:0
(1,2.5]:0
(2.5,5]:0
(5,7.5]:0
(7.5,10]:0
(10,+Infinity]:0
(2025-09-11T05:35:30.8721552Z, 2025-09-11T05:35:33.1675301Z] http.request.method: POST http.response.status_code: 401 http.route: api/Auth/refresh network.protocol.version: 1.1 url.scheme: http Histogram
Value: Sum: 0.0019373 Count: 1 Min: 0.0019373 Max: 0.0019373 
(-Infinity,0.005]:1
(0.005,0.01]:0
(0.01,0.025]:0
(0.025,0.05]:0
(0.05,0.075]:0
(0.075,0.1]:0
(0.1,0.25]:0
(0.25,0.5]:0
(0.5,0.75]:0
(0.75,1]:0
(1,2.5]:0
(2.5,5]:0
(5,7.5]:0
(7.5,10]:0
(10,+Infinity]:0
(2025-09-11T05:35:30.8721552Z, 2025-09-11T05:35:33.1675301Z] http.request.method: POST http.response.status_code: 400 http.route: api/Auth/register network.protocol.version: 1.1 url.scheme: http Histogram
Value: Sum: 0.0049621 Count: 3 Min: 0.0015634 Max: 0.0017257 
(-Infinity,0.005]:3
(0.005,0.01]:0
(0.01,0.025]:0
(0.025,0.05]:0
(0.05,0.075]:0
(0.075,0.1]:0
(0.1,0.25]:0
(0.25,0.5]:0
(0.5,0.75]:0
(0.75,1]:0
(1,2.5]:0
(2.5,5]:0
(5,7.5]:0
(7.5,10]:0
(10,+Infinity]:0
(2025-09-11T05:35:30.8721552Z, 2025-09-11T05:35:33.1675301Z] http.request.method: POST http.response.status_code: 401 http.route: api/Auth/login network.protocol.version: 1.1 url.scheme: http Histogram
Value: Sum: 0.0015823 Count: 1 Min: 0.0015823 Max: 0.0015823 
(-Infinity,0.005]:1
(0.005,0.01]:0
(0.01,0.025]:0
(0.025,0.05]:0
(0.05,0.075]:0
(0.075,0.1]:0
(0.1,0.25]:0
(0.25,0.5]:0
(0.5,0.75]:0
(0.75,1]:0
(1,2.5]:0
(2.5,5]:0
(5,7.5]:0
(7.5,10]:0
(10,+Infinity]:0
(2025-09-11T05:35:30.8721552Z, 2025-09-11T05:35:33.1675301Z] http.request.method: GET http.response.status_code: 401 http.route: api/Auth/me network.protocol.version: 1.1 url.scheme: http Histogram
Value: Sum: 0.0002849 Count: 1 Min: 0.0002849 Max: 0.0002849 
(-Infinity,0.005]:1
(0.005,0.01]:0
(0.01,0.025]:0
(0.025,0.05]:0
(0.05,0.075]:0
(0.075,0.1]:0
(0.1,0.25]:0
(0.25,0.5]:0
(0.5,0.75]:0
(0.75,1]:0
(1,2.5]:0
(2.5,5]:0
(5,7.5]:0
(7.5,10]:0
(10,+Infinity]:0
Metric Name: aspnetcore.rate_limiting.active_request_leases, Number of HTTP requests that are currently active on the server that hold a rate limiting lease., Unit: {request}, Meter: Microsoft.AspNetCore.RateLimiting
(2025-09-11T05:35:30.8741356Z, 2025-09-11T05:35:33.1675305Z] LongSumNonMonotonic
Value: 0
Metric Name: aspnetcore.rate_limiting.request_lease.duration, The duration of rate limiting leases held by HTTP requests on the server., Unit: s, Meter: Microsoft.AspNetCore.RateLimiting
(2025-09-11T05:35:30.8741581Z, 2025-09-11T05:35:33.1675310Z] Histogram
Value: Sum: 2.2542315 Count: 31 Min: 7.71E-05 Max: 0.3549919 
(-Infinity,0.005]:18
(0.005,0.01]:4
(0.01,0.025]:1
(0.025,0.05]:1
(0.05,0.075]:0
(0.075,0.1]:0
(0.1,0.25]:0
(0.25,0.5]:7
(0.5,0.75]:0
(0.75,1]:0
(1,2.5]:0
(2.5,5]:0
(5,7.5]:0
(7.5,10]:0
(10,+Infinity]:0
Metric Name: aspnetcore.rate_limiting.requests, Number of requests that tried to acquire a rate limiting lease. Requests could be rejected by global or endpoint rate limiting policies. Or the request could be canceled while waiting for the lease., Unit: {request}, Meter: Microsoft.AspNetCore.RateLimiting
(2025-09-11T05:35:30.8742046Z, 2025-09-11T05:35:33.1675325Z] aspnetcore.rate_limiting.result: acquired LongSum
Value: 31
Metric Name: aspnetcore.routing.match_attempts, Number of requests that were attempted to be matched to an endpoint., Unit: {match_attempt}, Meter: Microsoft.AspNetCore.Routing
(2025-09-11T05:35:30.8749567Z, 2025-09-11T05:35:33.1675330Z] aspnetcore.routing.is_fallback: false aspnetcore.routing.match_status: success http.route: api/Auth/register LongSum
Value: 9
(2025-09-11T05:35:30.8749567Z, 2025-09-11T05:35:33.1675330Z] aspnetcore.routing.is_fallback: false aspnetcore.routing.match_status: success http.route: api/Auth/me LongSum
Value: 13
(2025-09-11T05:35:30.8749567Z, 2025-09-11T05:35:33.1675330Z] aspnetcore.routing.is_fallback: false aspnetcore.routing.match_status: success http.route: api/Auth/login LongSum
Value: 2
(2025-09-11T05:35:30.8749567Z, 2025-09-11T05:35:33.1675330Z] aspnetcore.routing.is_fallback: false aspnetcore.routing.match_status: success http.route: api/Auth/refresh LongSum
Value: 6
(2025-09-11T05:35:30.8749567Z, 2025-09-11T05:35:33.1675330Z] aspnetcore.routing.is_fallback: false aspnetcore.routing.match_status: success http.route: api/Auth/logout LongSum
Value: 1
[xUnit.net 00:01:47.67]   Finished:    Tests.Integration.Backend
</StdOut>
    </Output>
    <RunInfos>
      <RunInfo computerName="runnervmf4ws1" outcome="Error" timestamp="2025-09-11T05:33:56.8957129+00:00">
        <Text>[xUnit.net 00:00:11.39]     Tests.Integration.Backend.OutputCaching.CachingE2ETests.CompleteCachingWorkflow_ShouldPerformAsExpected [FAIL]</Text>
      </RunInfo>
      <RunInfo computerName="runnervmf4ws1" outcome="Warning" timestamp="2025-09-11T05:34:48.3396570+00:00">
        <Text>[xUnit.net 00:01:02.84]     Tests.Integration.Backend.Controllers.PeopleControllerTests.PUT_People_Should_Update_Person_Roles [SKIP]</Text>
      </RunInfo>
      <RunInfo computerName="runnervmf4ws1" outcome="Error" timestamp="2025-09-11T05:35:10.7017452+00:00">
        <Text>[xUnit.net 00:01:25.20]     Tests.Integration.Backend.OutputCaching.ConditionalRequestTests.GetRequest_WithIfModifiedSince_ShouldReturn304_WhenNotModified [FAIL]</Text>
      </RunInfo>
      <RunInfo computerName="runnervmf4ws1" outcome="Error" timestamp="2025-09-11T05:35:11.7747342+00:00">
        <Text>[xUnit.net 00:01:26.27]     Tests.Integration.Backend.OutputCaching.ConditionalRequestTests.GetRequest_WithIfNoneMatch_ShouldReturn304_WhenETagMatches [FAIL]</Text>
      </RunInfo>
    </RunInfos>
  </ResultSummary>
</TestRun>