<?xml version="1.0" encoding="utf-8"?>
<TestRun id="25b7dfba-3822-44b4-8e49-aa174ac9032d" name="@runnervmf4ws1 2025-09-11 06:32:54" xmlns="http://microsoft.com/schemas/VisualStudio/TeamTest/2010">
  <Times creation="2025-09-11T06:32:54.2609503+00:00" queuing="2025-09-11T06:32:54.2609504+00:00" start="2025-09-11T06:32:50.8742002+00:00" finish="2025-09-11T06:34:38.5096038+00:00" />
  <TestSettings name="default" id="08ab1580-7b9d-41c0-94aa-2ffa96fc37f5">
    <Deployment runDeploymentRoot="_runnervmf4ws1_2025-09-11_06_32_54" />
  </TestSettings>
  <Results>
    <UnitTestResult executionId="aa68a2e8-f4ee-44de-847a-09cddd03ea8a" testId="d513fe07-1dc8-1c74-2c21-98142b85dcfb" testName="Tests.Integration.Backend.Controllers.ApiHealthTests.All_Endpoints_Should_Support_Expected_HTTP_Methods(method: &quot;POST&quot;, endpoint: &quot;/api/people&quot;)" computerName="runnervmf4ws1" duration="00:00:00.6069776" startTime="2025-09-11T06:33:43.2247631+00:00" endTime="2025-09-11T06:33:43.2247632+00:00" testType="13cdc9d9-ddb5-4fa4-a97d-d965ccfc6d4b" outcome="Passed" testListId="8c84fa94-04c1-424b-9868-57a2d4851a1d" relativeResultsDirectory="aa68a2e8-f4ee-44de-847a-09cddd03ea8a" />
    <UnitTestResult executionId="a17dd1ae-19e2-4904-8495-fc77f894081f" testId="3f2238c8-a9eb-4aa1-b9fa-c736db0a92cb" testName="Tests.Integration.Backend.OutputCaching.ConditionalRequestTests.GetRequest_WithIfNoneMatch_ShouldReturn200_WhenETagDoesNotMatch" computerName="runnervmf4ws1" duration="00:00:01.1310939" startTime="2025-09-11T06:33:57.8661971+00:00" endTime="2025-09-11T06:33:57.8661972+00:00" testType="13cdc9d9-ddb5-4fa4-a97d-d965ccfc6d4b" outcome="Passed" testListId="8c84fa94-04c1-424b-9868-57a2d4851a1d" relativeResultsDirectory="a17dd1ae-19e2-4904-8495-fc77f894081f" />
    <UnitTestResult executionId="21b239f1-4868-4066-ac7d-7107b35e6e3f" testId="7bc10e4f-5a04-518e-0136-35873081b204" testName="Tests.Integration.Backend.Controllers.WindowsControllerTests.PUT_Window_Should_Update_Existing_Window" computerName="runnervmf4ws1" duration="00:00:01.5145625" startTime="2025-09-11T06:34:26.4154276+00:00" endTime="2025-09-11T06:34:26.4154277+00:00" testType="13cdc9d9-ddb5-4fa4-a97d-d965ccfc6d4b" outcome="Passed" testListId="8c84fa94-04c1-424b-9868-57a2d4851a1d" relativeResultsDirectory="21b239f1-4868-4066-ac7d-7107b35e6e3f" />
    <UnitTestResult executionId="cf84deef-19d2-4f40-a4e0-02b4746a375b" testId="0853ac09-c300-33d5-e3a7-a607360126ba" testName="Tests.Integration.Backend.OutputCaching.ConditionalRequestTests.GetRequest_WithIfModifiedSince_ShouldReturn200_WhenModified" computerName="runnervmf4ws1" duration="00:00:01.1882616" startTime="2025-09-11T06:33:59.0639530+00:00" endTime="2025-09-11T06:33:59.0639531+00:00" testType="13cdc9d9-ddb5-4fa4-a97d-d965ccfc6d4b" outcome="Failed" testListId="8c84fa94-04c1-424b-9868-57a2d4851a1d" relativeResultsDirectory="cf84deef-19d2-4f40-a4e0-02b4746a375b">
      <Output>
        <ErrorInfo>
          <Message>Expected response2.StatusCode to be HttpStatusCode.OK {value: 200} because Server should return 200 when resource has been modified, but found HttpStatusCode.NotModified {value: 304}.</Message>
          <StackTrace>   at FluentAssertions.Execution.XUnit2TestFramework.Throw(String message)
   at FluentAssertions.Execution.TestFrameworkProvider.Throw(String message)
   at FluentAssertions.Execution.DefaultAssertionStrategy.HandleFailure(String message)
   at FluentAssertions.Execution.AssertionScope.FailWith(Func`1 failReasonFunc)
   at FluentAssertions.Primitives.EnumAssertions`2.Be(TEnum expected, String because, Object[] becauseArgs)
   at Tests.Integration.Backend.OutputCaching.ConditionalRequestTests.&lt;GetRequest_WithIfModifiedSince_ShouldReturn200_WhenModified&gt;b__4_0() in /home/runner/work/Crud/Crud/test/Tests.Integration.Backend/OutputCaching/ConditionalRequestTests.cs:line 174
   at Tests.Integration.Backend.Infrastructure.IntegrationTestBase.RunWithCleanDatabaseAsync(Func`1 testAction) in /home/runner/work/Crud/Crud/test/Tests.Integration.Backend/Infrastructure/IntegrationTestBase.cs:line 48
   at Tests.Integration.Backend.Infrastructure.IntegrationTestBase.RunWithCleanDatabaseAsync(Func`1 testAction) in /home/runner/work/Crud/Crud/test/Tests.Integration.Backend/Infrastructure/IntegrationTestBase.cs:line 53
   at Tests.Integration.Backend.OutputCaching.ConditionalRequestTests.GetRequest_WithIfModifiedSince_ShouldReturn200_WhenModified() in /home/runner/work/Crud/Crud/test/Tests.Integration.Backend/OutputCaching/ConditionalRequestTests.cs:line 143
--- End of stack trace from previous location ---</StackTrace>
        </ErrorInfo>
      </Output>
    </UnitTestResult>
    <UnitTestResult executionId="d592b0f6-7c2d-4b3a-9b7f-44ef97af926a" testId="fd587af6-8ac9-79bb-4579-c4177d8d0828" testName="Tests.Integration.Backend.Controllers.WindowsControllerTests.GET_Window_By_Id_Should_Return_Window_When_Exists" computerName="runnervmf4ws1" duration="00:00:00.9016635" startTime="2025-09-11T06:34:27.3175308+00:00" endTime="2025-09-11T06:34:27.3175308+00:00" testType="13cdc9d9-ddb5-4fa4-a97d-d965ccfc6d4b" outcome="Passed" testListId="8c84fa94-04c1-424b-9868-57a2d4851a1d" relativeResultsDirectory="d592b0f6-7c2d-4b3a-9b7f-44ef97af926a" />
    <UnitTestResult executionId="cff4e167-ea0c-414b-b6df-90dc25b915ec" testId="d962a0d7-c5e8-e659-8957-69cdfae1f523" testName="Tests.Integration.Backend.Controllers.DatabaseControllerTests.GET_Database_ValidatePreTest_Should_Return_Validation_Result" computerName="runnervmf4ws1" duration="00:00:00.2546558" startTime="2025-09-11T06:33:38.3278799+00:00" endTime="2025-09-11T06:33:38.3278800+00:00" testType="13cdc9d9-ddb5-4fa4-a97d-d965ccfc6d4b" outcome="Passed" testListId="8c84fa94-04c1-424b-9868-57a2d4851a1d" relativeResultsDirectory="cff4e167-ea0c-414b-b6df-90dc25b915ec" />
    <UnitTestResult executionId="b8656589-7e85-4ca8-a7bc-22d338c87c57" testId="cf8a559d-45fb-9221-5781-06292f54735a" testName="Tests.Integration.Backend.Controllers.ApiHealthTests.All_Endpoints_Should_Support_Expected_HTTP_Methods(method: &quot;GET&quot;, endpoint: &quot;/api/people&quot;)" computerName="runnervmf4ws1" duration="00:00:00.3042313" startTime="2025-09-11T06:33:40.7519123+00:00" endTime="2025-09-11T06:33:40.7519124+00:00" testType="13cdc9d9-ddb5-4fa4-a97d-d965ccfc6d4b" outcome="Passed" testListId="8c84fa94-04c1-424b-9868-57a2d4851a1d" relativeResultsDirectory="b8656589-7e85-4ca8-a7bc-22d338c87c57" />
    <UnitTestResult executionId="09150c52-3fcd-4261-ae7c-8893bfa17372" testId="dc3d8a1b-91eb-4926-ce54-153010e68cad" testName="Tests.Integration.Backend.Controllers.RolesControllerTests.POST_Roles_Should_Create_Role_And_Return_201" computerName="runnervmf4ws1" duration="00:00:00.8312520" startTime="2025-09-11T06:33:11.1678775+00:00" endTime="2025-09-11T06:33:11.1678777+00:00" testType="13cdc9d9-ddb5-4fa4-a97d-d965ccfc6d4b" outcome="Passed" testListId="8c84fa94-04c1-424b-9868-57a2d4851a1d" relativeResultsDirectory="09150c52-3fcd-4261-ae7c-8893bfa17372" />
    <UnitTestResult executionId="838954c1-45aa-448e-8ee4-e6247aae5ebd" testId="6ab30ede-2d43-e3c2-d85a-058d5fd2dee1" testName="Tests.Integration.Backend.E2E.AuthenticationE2ETests.Refresh_Token_Rotation_Should_Work" computerName="runnervmf4ws1" duration="00:00:00.3440778" startTime="2025-09-11T06:33:01.4373140+00:00" endTime="2025-09-11T06:33:01.4373143+00:00" testType="13cdc9d9-ddb5-4fa4-a97d-d965ccfc6d4b" outcome="Passed" testListId="8c84fa94-04c1-424b-9868-57a2d4851a1d" relativeResultsDirectory="838954c1-45aa-448e-8ee4-e6247aae5ebd" />
    <UnitTestResult executionId="eb257ecd-3584-4fae-821d-5d9aade84e5a" testId="60dfb5c8-db46-6bbb-f8af-46af1d350941" testName="Tests.Integration.Backend.Controllers.PeopleControllerTests.DELETE_People_Should_Remove_Person" computerName="runnervmf4ws1" duration="00:00:00.8268131" startTime="2025-09-11T06:33:34.3406871+00:00" endTime="2025-09-11T06:33:34.3406872+00:00" testType="13cdc9d9-ddb5-4fa4-a97d-d965ccfc6d4b" outcome="Passed" testListId="8c84fa94-04c1-424b-9868-57a2d4851a1d" relativeResultsDirectory="eb257ecd-3584-4fae-821d-5d9aade84e5a" />
    <UnitTestResult executionId="cf3e538b-dc50-4f39-81c7-1f959855bacc" testId="76f204dd-32a0-ce3a-8917-3041e6ffb334" testName="Tests.Integration.Backend.Infrastructure.GenericRepositoryIntegrationTests.GenericRepository_ShouldWorkAlongsideCustomRepositories" computerName="runnervmf4ws1" duration="00:00:00.2746205" startTime="2025-09-11T06:34:18.8802185+00:00" endTime="2025-09-11T06:34:18.8802186+00:00" testType="13cdc9d9-ddb5-4fa4-a97d-d965ccfc6d4b" outcome="Passed" testListId="8c84fa94-04c1-424b-9868-57a2d4851a1d" relativeResultsDirectory="cf3e538b-dc50-4f39-81c7-1f959855bacc" />
    <UnitTestResult executionId="6b8f3625-4719-4922-8e07-d789a5b4b092" testId="47dc67ee-ce10-2cea-0c24-ab118e917beb" testName="Tests.Integration.Backend.Controllers.ApiHealthTests.API_Should_Handle_Invalid_HTTP_Methods" computerName="runnervmf4ws1" duration="00:00:00.5975359" startTime="2025-09-11T06:33:45.3322855+00:00" endTime="2025-09-11T06:33:45.3322855+00:00" testType="13cdc9d9-ddb5-4fa4-a97d-d965ccfc6d4b" outcome="Passed" testListId="8c84fa94-04c1-424b-9868-57a2d4851a1d" relativeResultsDirectory="6b8f3625-4719-4922-8e07-d789a5b4b092" />
    <UnitTestResult executionId="cdf63b6c-c3e0-4c76-a877-e4568610751a" testId="3c12eda2-b3ce-445c-ab96-ec2f1aa7f5f7" testName="Tests.Integration.Backend.Controllers.WindowsControllerTests.POST_Window_Should_Handle_Optional_Fields" computerName="runnervmf4ws1" duration="00:00:00.6028461" startTime="2025-09-11T06:34:24.2966081+00:00" endTime="2025-09-11T06:34:24.2966081+00:00" testType="13cdc9d9-ddb5-4fa4-a97d-d965ccfc6d4b" outcome="Passed" testListId="8c84fa94-04c1-424b-9868-57a2d4851a1d" relativeResultsDirectory="cdf63b6c-c3e0-4c76-a877-e4568610751a" />
    <UnitTestResult executionId="5ac92155-e1d5-447d-8145-76f9c83dd088" testId="2bf8b19c-cf08-fc4d-1420-d095f4b1337b" testName="Tests.Integration.Backend.Controllers.AuthControllerTests.POST_Register_Should_Return_BadRequest_For_Invalid_Email" computerName="runnervmf4ws1" duration="00:00:00.2698304" startTime="2025-09-11T06:34:33.0745647+00:00" endTime="2025-09-11T06:34:33.0745647+00:00" testType="13cdc9d9-ddb5-4fa4-a97d-d965ccfc6d4b" outcome="Passed" testListId="8c84fa94-04c1-424b-9868-57a2d4851a1d" relativeResultsDirectory="5ac92155-e1d5-447d-8145-76f9c83dd088" />
    <UnitTestResult executionId="e3769c54-4773-491c-86fd-35dfbec720ef" testId="8e410b3f-ed9f-5189-87a9-0a81e42ccd93" testName="Tests.Integration.Backend.Controllers.AuthControllerPasswordResetTests.POST_ForgotPassword_WithInvalidEmail_Should_Return_BadRequest" computerName="runnervmf4ws1" duration="00:00:00.2563942" startTime="2025-09-11T06:32:54.4770708+00:00" endTime="2025-09-11T06:32:54.4770711+00:00" testType="13cdc9d9-ddb5-4fa4-a97d-d965ccfc6d4b" outcome="Passed" testListId="8c84fa94-04c1-424b-9868-57a2d4851a1d" relativeResultsDirectory="e3769c54-4773-491c-86fd-35dfbec720ef" />
    <UnitTestResult executionId="a1f4ef4c-793c-48cf-9226-15562a940391" testId="98463f55-b92d-02fc-1e9d-e879206d0dbe" testName="Tests.Integration.Backend.Controllers.ApiHealthTests.All_Endpoints_Should_Support_Expected_HTTP_Methods(method: &quot;POST&quot;, endpoint: &quot;/api/roles&quot;)" computerName="runnervmf4ws1" duration="00:00:00.6123744" startTime="2025-09-11T06:33:41.9913343+00:00" endTime="2025-09-11T06:33:41.9913343+00:00" testType="13cdc9d9-ddb5-4fa4-a97d-d965ccfc6d4b" outcome="Passed" testListId="8c84fa94-04c1-424b-9868-57a2d4851a1d" relativeResultsDirectory="a1f4ef4c-793c-48cf-9226-15562a940391" />
    <UnitTestResult executionId="2193a1dd-ba20-488b-b32c-792a9100fc63" testId="48288144-3004-3fb6-5971-16808e53c3e3" testName="Tests.Integration.Backend.Controllers.RolesControllerTests.POST_Role_Should_Handle_Null_Description" computerName="runnervmf4ws1" duration="00:00:00.6053347" startTime="2025-09-11T06:33:08.0493863+00:00" endTime="2025-09-11T06:33:08.0493866+00:00" testType="13cdc9d9-ddb5-4fa4-a97d-d965ccfc6d4b" outcome="Passed" testListId="8c84fa94-04c1-424b-9868-57a2d4851a1d" relativeResultsDirectory="2193a1dd-ba20-488b-b32c-792a9100fc63" />
    <UnitTestResult executionId="6476beb2-b453-48ee-af45-382e53a45197" testId="9ed0881a-ade1-55d1-ff4e-861058b9ed01" testName="Tests.Integration.Backend.Controllers.AuthControllerTests.POST_Refresh_Should_Return_New_Tokens_For_Valid_RefreshToken" computerName="runnervmf4ws1" duration="00:00:00.9021384" startTime="2025-09-11T06:34:34.5068976+00:00" endTime="2025-09-11T06:34:34.5068977+00:00" testType="13cdc9d9-ddb5-4fa4-a97d-d965ccfc6d4b" outcome="Passed" testListId="8c84fa94-04c1-424b-9868-57a2d4851a1d" relativeResultsDirectory="6476beb2-b453-48ee-af45-382e53a45197" />
    <UnitTestResult executionId="b63c421d-6017-4c3b-9e73-11ea207c3061" testId="41b3b4e1-06a8-534f-90a6-fb2576f3807d" testName="Tests.Integration.Backend.OutputCaching.CachingE2ETests.EntityCaching_ShouldCacheIndividualEntities" computerName="runnervmf4ws1" duration="00:00:00.5294818" startTime="2025-09-11T06:34:06.2438069+00:00" endTime="2025-09-11T06:34:06.2438069+00:00" testType="13cdc9d9-ddb5-4fa4-a97d-d965ccfc6d4b" outcome="Passed" testListId="8c84fa94-04c1-424b-9868-57a2d4851a1d" relativeResultsDirectory="b63c421d-6017-4c3b-9e73-11ea207c3061">
      <Output>
        <StdOut>Average cached response time: 0.2ms</StdOut>
      </Output>
    </UnitTestResult>
    <UnitTestResult executionId="33f190bd-3fa9-4afa-913f-f1e2569ed579" testId="d52400d3-aadd-aa81-a16e-1863a2b50655" testName="Tests.Integration.Backend.OutputCaching.OutputCachingConfigurationTests.OutputCachePolicies_ShouldHaveCorrectDurations(policyName: &quot;RolesPolicy&quot;, expectedDurationSeconds: 3600)" computerName="runnervmf4ws1" duration="00:00:00.0001809" startTime="2025-09-11T06:33:37.4931314+00:00" endTime="2025-09-11T06:33:37.4931314+00:00" testType="13cdc9d9-ddb5-4fa4-a97d-d965ccfc6d4b" outcome="Passed" testListId="8c84fa94-04c1-424b-9868-57a2d4851a1d" relativeResultsDirectory="33f190bd-3fa9-4afa-913f-f1e2569ed579" />
    <UnitTestResult executionId="7f0e0e90-e9bd-4380-9073-5736da59d333" testId="927ecc12-27fc-afb1-a7a2-a42476361110" testName="Tests.Integration.Backend.E2E.AuthenticationE2ETests.Role_Based_Access_Should_Work" computerName="runnervmf4ws1" duration="00:00:00.9567123" startTime="2025-09-11T06:32:59.7242816+00:00" endTime="2025-09-11T06:32:59.7242819+00:00" testType="13cdc9d9-ddb5-4fa4-a97d-d965ccfc6d4b" outcome="Passed" testListId="8c84fa94-04c1-424b-9868-57a2d4851a1d" relativeResultsDirectory="7f0e0e90-e9bd-4380-9073-5736da59d333" />
    <UnitTestResult executionId="4ae6784d-919a-4c03-8437-3fcea5e8bccf" testId="97379147-d8b9-39e9-e5ac-c96169fc4948" testName="Tests.Integration.Backend.OutputCaching.ConditionalRequestTests.GetRequest_WithIfModifiedSince_ShouldReturn304_WhenNotModified" computerName="runnervmf4ws1" duration="00:00:00.5930568" startTime="2025-09-11T06:33:55.6417416+00:00" endTime="2025-09-11T06:33:55.6417417+00:00" testType="13cdc9d9-ddb5-4fa4-a97d-d965ccfc6d4b" outcome="Passed" testListId="8c84fa94-04c1-424b-9868-57a2d4851a1d" relativeResultsDirectory="4ae6784d-919a-4c03-8437-3fcea5e8bccf" />
    <UnitTestResult executionId="ca51a5e4-8d07-47b3-b2af-28a85fa04ca2" testId="e164b20e-2591-89f8-06fb-740275819de8" testName="Tests.Integration.Backend.Compression.ResponseCompressionTests.ResponseCompressionServices_ShouldBeRegistered" computerName="runnervmf4ws1" duration="00:00:00.0011122" startTime="2025-09-11T06:33:14.9411784+00:00" endTime="2025-09-11T06:33:14.9411785+00:00" testType="13cdc9d9-ddb5-4fa4-a97d-d965ccfc6d4b" outcome="Passed" testListId="8c84fa94-04c1-424b-9868-57a2d4851a1d" relativeResultsDirectory="ca51a5e4-8d07-47b3-b2af-28a85fa04ca2" />
    <UnitTestResult executionId="3e95ddd0-064c-435b-be62-b394f0cf4b2f" testId="74823db9-4157-34a3-9710-5272b5fb4159" testName="Tests.Integration.Backend.OutputCaching.OutputCachingConfigurationTests.OutputCachePolicies_ShouldHaveCorrectDurations(policyName: &quot;WindowsPolicy&quot;, expectedDurationSeconds: 600)" computerName="runnervmf4ws1" duration="00:00:00.0317474" startTime="2025-09-11T06:33:37.4929096+00:00" endTime="2025-09-11T06:33:37.4929096+00:00" testType="13cdc9d9-ddb5-4fa4-a97d-d965ccfc6d4b" outcome="Passed" testListId="8c84fa94-04c1-424b-9868-57a2d4851a1d" relativeResultsDirectory="3e95ddd0-064c-435b-be62-b394f0cf4b2f" />
    <UnitTestResult executionId="72298cd8-5a51-45f6-a0bc-4958a6fe715c" testId="79e70e1e-8075-8996-1211-c6d54a3d9ffa" testName="Tests.Integration.Backend.Controllers.RolesControllerTests.DELETE_Role_Should_Return_204_When_Not_Exists" computerName="runnervmf4ws1" duration="00:00:00.7869017" startTime="2025-09-11T06:33:02.5492322+00:00" endTime="2025-09-11T06:33:02.5492326+00:00" testType="13cdc9d9-ddb5-4fa4-a97d-d965ccfc6d4b" outcome="Passed" testListId="8c84fa94-04c1-424b-9868-57a2d4851a1d" relativeResultsDirectory="72298cd8-5a51-45f6-a0bc-4958a6fe715c" />
    <UnitTestResult executionId="d7f37445-c44a-4bce-847b-96e94cfa8c39" testId="d0fa0570-460f-ec62-156b-5af9612d66a8" testName="Tests.Integration.Backend.Compression.ResponseCompressionTests.HttpsResponse_ShouldSupportCompression" computerName="runnervmf4ws1" duration="00:00:00.4423933" startTime="2025-09-11T06:33:14.9324330+00:00" endTime="2025-09-11T06:33:14.9324333+00:00" testType="13cdc9d9-ddb5-4fa4-a97d-d965ccfc6d4b" outcome="Passed" testListId="8c84fa94-04c1-424b-9868-57a2d4851a1d" relativeResultsDirectory="d7f37445-c44a-4bce-847b-96e94cfa8c39" />
    <UnitTestResult executionId="c8e2f0df-bda9-4f41-96ad-cb7db8946fb7" testId="bd9e404f-7715-359c-e0a9-f0f39ae1a952" testName="Tests.Integration.Backend.Controllers.WallsControllerTests.POST_Walls_Should_Validate_Numeric_Ranges" computerName="runnervmf4ws1" duration="00:00:00.5973618" startTime="2025-09-11T06:34:14.5934396+00:00" endTime="2025-09-11T06:34:14.5934396+00:00" testType="13cdc9d9-ddb5-4fa4-a97d-d965ccfc6d4b" outcome="Passed" testListId="8c84fa94-04c1-424b-9868-57a2d4851a1d" relativeResultsDirectory="c8e2f0df-bda9-4f41-96ad-cb7db8946fb7" />
    <UnitTestResult executionId="5bd2fb93-efc2-41a8-abd1-7ba222f7f847" testId="59c1b068-0fcd-d32e-da01-b21421cb74d4" testName="Tests.Integration.Backend.Controllers.RolesControllerTests.GET_Roles_Should_Return_Empty_List_Initially" computerName="runnervmf4ws1" duration="00:00:00.5441855" startTime="2025-09-11T06:33:08.5939710+00:00" endTime="2025-09-11T06:33:08.5939713+00:00" testType="13cdc9d9-ddb5-4fa4-a97d-d965ccfc6d4b" outcome="Passed" testListId="8c84fa94-04c1-424b-9868-57a2d4851a1d" relativeResultsDirectory="5bd2fb93-efc2-41a8-abd1-7ba222f7f847" />
    <UnitTestResult executionId="cf02ec90-f1ed-44d4-9029-3b70b8474be6" testId="34d6d731-abe6-2c2d-f525-44f047db1777" testName="Tests.Integration.Backend.Controllers.WallsControllerTests.POST_Wall_Should_Handle_Optional_Fields" computerName="runnervmf4ws1" duration="00:00:00.6708982" startTime="2025-09-11T06:34:06.9157280+00:00" endTime="2025-09-11T06:34:06.9157280+00:00" testType="13cdc9d9-ddb5-4fa4-a97d-d965ccfc6d4b" outcome="Passed" testListId="8c84fa94-04c1-424b-9868-57a2d4851a1d" relativeResultsDirectory="cf02ec90-f1ed-44d4-9029-3b70b8474be6" />
    <UnitTestResult executionId="4133247c-11a6-43fb-94a1-e185b09a5e51" testId="9c4bd49d-31a4-6530-0f02-8fe23a54becf" testName="Tests.Integration.Backend.Controllers.DatabaseControllerTests.GET_Database_Status_Should_Return_Database_Statistics" computerName="runnervmf4ws1" duration="00:00:00.2307747" startTime="2025-09-11T06:33:38.7955708+00:00" endTime="2025-09-11T06:33:38.7955709+00:00" testType="13cdc9d9-ddb5-4fa4-a97d-d965ccfc6d4b" outcome="Passed" testListId="8c84fa94-04c1-424b-9868-57a2d4851a1d" relativeResultsDirectory="4133247c-11a6-43fb-94a1-e185b09a5e51" />
    <UnitTestResult executionId="42ab80cd-8741-4b72-b169-e032a7905edf" testId="2e2345f0-0d5a-ea86-479d-222f77025a6a" testName="Tests.Integration.Backend.Controllers.PeopleControllerTests.POST_People_Should_Create_Person_And_Return_201" computerName="runnervmf4ws1" duration="00:00:00.8383289" startTime="2025-09-11T06:33:25.8787958+00:00" endTime="2025-09-11T06:33:25.8787962+00:00" testType="13cdc9d9-ddb5-4fa4-a97d-d965ccfc6d4b" outcome="Passed" testListId="8c84fa94-04c1-424b-9868-57a2d4851a1d" relativeResultsDirectory="42ab80cd-8741-4b72-b169-e032a7905edf" />
    <UnitTestResult executionId="4232f135-e898-473e-8f5b-c3696fa304f9" testId="bc4ebe26-634c-986e-8a8c-e92c2437e06a" testName="Tests.Integration.Backend.Controllers.PeopleControllerTests.POST_People_Should_Allow_Empty_Phone_Number" computerName="runnervmf4ws1" duration="00:00:00.8213601" startTime="2025-09-11T06:33:30.2663673+00:00" endTime="2025-09-11T06:33:30.2663674+00:00" testType="13cdc9d9-ddb5-4fa4-a97d-d965ccfc6d4b" outcome="Passed" testListId="8c84fa94-04c1-424b-9868-57a2d4851a1d" relativeResultsDirectory="4232f135-e898-473e-8f5b-c3696fa304f9" />
    <UnitTestResult executionId="75d01798-adba-408f-9a91-e371a019599a" testId="fce1fb25-ab7d-1dd5-5d83-ba39255b0e9a" testName="Tests.Integration.Backend.Compression.StaticFileCompressionTests.StaticFiles_ShouldHaveCorrectContentTypes" computerName="runnervmf4ws1" duration="00:00:00.0043829" startTime="2025-09-11T06:32:58.7401617+00:00" endTime="2025-09-11T06:32:58.7401619+00:00" testType="13cdc9d9-ddb5-4fa4-a97d-d965ccfc6d4b" outcome="Passed" testListId="8c84fa94-04c1-424b-9868-57a2d4851a1d" relativeResultsDirectory="75d01798-adba-408f-9a91-e371a019599a" />
    <UnitTestResult executionId="32e13c68-dd94-4a9d-a2e0-44705af8bb52" testId="4fb3036c-0d92-3b62-20b9-33331422414d" testName="Tests.Integration.Backend.Controllers.AuthControllerTests.Protected_Endpoint_Should_Return_Unauthorized_Without_Token" computerName="runnervmf4ws1" duration="00:00:00.2251320" startTime="2025-09-11T06:34:38.1928247+00:00" endTime="2025-09-11T06:34:38.1928248+00:00" testType="13cdc9d9-ddb5-4fa4-a97d-d965ccfc6d4b" outcome="Passed" testListId="8c84fa94-04c1-424b-9868-57a2d4851a1d" relativeResultsDirectory="32e13c68-dd94-4a9d-a2e0-44705af8bb52" />
    <UnitTestResult executionId="5d5be52e-5ba7-4734-91c1-51c817c28987" testId="5915cbaf-7ed1-cbfd-2c81-4746833e58cd" testName="Tests.Integration.Backend.OutputCaching.CacheInvalidationTests.CacheInvalidation_ShouldBeEntitySpecific" computerName="runnervmf4ws1" duration="00:00:01.1231941" startTime="2025-09-11T06:33:24.1026455+00:00" endTime="2025-09-11T06:33:24.1026457+00:00" testType="13cdc9d9-ddb5-4fa4-a97d-d965ccfc6d4b" outcome="Passed" testListId="8c84fa94-04c1-424b-9868-57a2d4851a1d" relativeResultsDirectory="5d5be52e-5ba7-4734-91c1-51c817c28987" />
    <UnitTestResult executionId="05688d42-dc02-4b5d-9dce-5973992fb3a0" testId="74c46e58-3df7-a0cc-53b5-5247c5480908" testName="Tests.Integration.Backend.OutputCaching.CachingE2ETests.AllCachedEndpoints_ShouldReturnCacheHeaders(endpoint: &quot;/api/people&quot;)" computerName="runnervmf4ws1" duration="00:00:00.5284609" startTime="2025-09-11T06:34:05.1889492+00:00" endTime="2025-09-11T06:34:05.1889493+00:00" testType="13cdc9d9-ddb5-4fa4-a97d-d965ccfc6d4b" outcome="Passed" testListId="8c84fa94-04c1-424b-9868-57a2d4851a1d" relativeResultsDirectory="05688d42-dc02-4b5d-9dce-5973992fb3a0">
      <Output>
        <StdOut>Endpoint: /api/people
  Cache-Control: public, max-age=60
  ETag: "F51CQVjNRe2rkmdSiQLl6g"
  Last-Modified: 09/11/2025 06:34:05 +00:00</StdOut>
      </Output>
    </UnitTestResult>
    <UnitTestResult executionId="a9ceca4d-1ac2-4a11-b1e0-637b7588171e" testId="d43526e9-cec8-6f67-27fe-2d630de644f9" testName="Tests.Integration.Backend.Controllers.AuthControllerTests.POST_Login_Should_Return_Unauthorized_For_Invalid_Credentials" computerName="runnervmf4ws1" duration="00:00:00.2267837" startTime="2025-09-11T06:34:34.7340905+00:00" endTime="2025-09-11T06:34:34.7340905+00:00" testType="13cdc9d9-ddb5-4fa4-a97d-d965ccfc6d4b" outcome="Passed" testListId="8c84fa94-04c1-424b-9868-57a2d4851a1d" relativeResultsDirectory="a9ceca4d-1ac2-4a11-b1e0-637b7588171e" />
    <UnitTestResult executionId="e8bb2419-fb9f-459e-91b4-713178a64748" testId="ca246cb1-0b00-e31f-8cae-0e70703e829e" testName="Tests.Integration.Backend.E2E.AuthenticationE2ETests.Login_Should_Fail_With_Invalid_Credentials" computerName="runnervmf4ws1" duration="00:00:00.0058564" startTime="2025-09-11T06:33:00.7855896+00:00" endTime="2025-09-11T06:33:00.7855898+00:00" testType="13cdc9d9-ddb5-4fa4-a97d-d965ccfc6d4b" outcome="Passed" testListId="8c84fa94-04c1-424b-9868-57a2d4851a1d" relativeResultsDirectory="e8bb2419-fb9f-459e-91b4-713178a64748" />
    <UnitTestResult executionId="88d6cffc-1d03-4d72-bd9d-77d8394f5ad8" testId="a607d0ef-948b-6788-8be8-6f42840aa828" testName="Tests.Integration.Backend.Controllers.ApiHealthTests.All_Endpoints_Should_Support_Expected_HTTP_Methods(method: &quot;GET&quot;, endpoint: &quot;/api/roles&quot;)" computerName="runnervmf4ws1" duration="00:00:00.3027065" startTime="2025-09-11T06:33:44.1310050+00:00" endTime="2025-09-11T06:33:44.1310051+00:00" testType="13cdc9d9-ddb5-4fa4-a97d-d965ccfc6d4b" outcome="Passed" testListId="8c84fa94-04c1-424b-9868-57a2d4851a1d" relativeResultsDirectory="88d6cffc-1d03-4d72-bd9d-77d8394f5ad8" />
    <UnitTestResult executionId="753a1965-2ae7-4389-85ee-c995142682a2" testId="84be9167-1ae7-c4b1-fa12-da145604b354" testName="Tests.Integration.Backend.Controllers.AuthControllerPasswordResetTests.POST_ValidateResetToken_WithValidToken_Should_Return_Valid_Status" computerName="runnervmf4ws1" duration="00:00:00.3407555" startTime="2025-09-11T06:32:57.9743452+00:00" endTime="2025-09-11T06:32:57.9743456+00:00" testType="13cdc9d9-ddb5-4fa4-a97d-d965ccfc6d4b" outcome="Passed" testListId="8c84fa94-04c1-424b-9868-57a2d4851a1d" relativeResultsDirectory="753a1965-2ae7-4389-85ee-c995142682a2" />
    <UnitTestResult executionId="d91d4ead-eae6-40af-bc42-6d6311c9aa74" testId="1dbf163c-bf18-d62c-e932-92ef9d3bc71a" testName="Tests.Integration.Backend.Controllers.WindowsControllerTests.GET_Windows_Should_Return_Empty_List_Initially" computerName="runnervmf4ws1" duration="00:00:00.5370750" startTime="2025-09-11T06:34:32.8032800+00:00" endTime="2025-09-11T06:34:32.8032800+00:00" testType="13cdc9d9-ddb5-4fa4-a97d-d965ccfc6d4b" outcome="Passed" testListId="8c84fa94-04c1-424b-9868-57a2d4851a1d" relativeResultsDirectory="d91d4ead-eae6-40af-bc42-6d6311c9aa74" />
    <UnitTestResult executionId="b911c1fb-c226-4e16-892c-bde821b4cfca" testId="67c0dda5-90c3-5662-c072-7db17a34e9f0" testName="Tests.Integration.Backend.Controllers.AuthControllerPasswordResetTests.POST_ValidateResetToken_WithInvalidToken_Should_Return_Invalid_Status" computerName="runnervmf4ws1" duration="00:00:00.2773116" startTime="2025-09-11T06:32:56.2345721+00:00" endTime="2025-09-11T06:32:56.2345723+00:00" testType="13cdc9d9-ddb5-4fa4-a97d-d965ccfc6d4b" outcome="Passed" testListId="8c84fa94-04c1-424b-9868-57a2d4851a1d" relativeResultsDirectory="b911c1fb-c226-4e16-892c-bde821b4cfca" />
    <UnitTestResult executionId="3f67a246-aaa5-4dee-af31-9d8fcb83ef7a" testId="3ae9a197-02ed-3bf8-219d-823a522da5f1" testName="Tests.Integration.Backend.Controllers.PeopleControllerTests.DELETE_People_Should_Return_204_For_NonExistent_Person" computerName="runnervmf4ws1" duration="00:00:00.8305323" startTime="2025-09-11T06:33:33.5134826+00:00" endTime="2025-09-11T06:33:33.5134827+00:00" testType="13cdc9d9-ddb5-4fa4-a97d-d965ccfc6d4b" outcome="Passed" testListId="8c84fa94-04c1-424b-9868-57a2d4851a1d" relativeResultsDirectory="3f67a246-aaa5-4dee-af31-9d8fcb83ef7a" />
    <UnitTestResult executionId="8457671b-64dc-4406-accd-b8092e556f5e" testId="9624bd8d-101a-a0f9-4e88-2b9292a1caad" testName="Tests.Integration.Backend.Controllers.RolesControllerTests.PUT_Role_Should_Return_404_When_Not_Exists" computerName="runnervmf4ws1" duration="00:00:00.6032531" startTime="2025-09-11T06:33:13.4194202+00:00" endTime="2025-09-11T06:33:13.4194204+00:00" testType="13cdc9d9-ddb5-4fa4-a97d-d965ccfc6d4b" outcome="Passed" testListId="8c84fa94-04c1-424b-9868-57a2d4851a1d" relativeResultsDirectory="8457671b-64dc-4406-accd-b8092e556f5e" />
    <UnitTestResult executionId="a3ba38f9-2710-4591-9c2a-a023bee12246" testId="696a1e18-7066-ca21-55a7-645fa8e1a26a" testName="Tests.Integration.Backend.Controllers.WallsControllerTests.GET_Walls_Should_Return_Empty_List_Initially" computerName="runnervmf4ws1" duration="00:00:00.5260681" startTime="2025-09-11T06:34:13.9956885+00:00" endTime="2025-09-11T06:34:13.9956885+00:00" testType="13cdc9d9-ddb5-4fa4-a97d-d965ccfc6d4b" outcome="Passed" testListId="8c84fa94-04c1-424b-9868-57a2d4851a1d" relativeResultsDirectory="a3ba38f9-2710-4591-9c2a-a023bee12246" />
    <UnitTestResult executionId="5a0c4bcf-82ff-4724-b091-ed50694d0fa6" testId="47bac687-f373-0ca2-6e08-37ce4bb5fb7e" testName="Tests.Integration.Backend.OutputCaching.OutputCachingTests.GetRoles_ShouldReturnConsistentResponses" computerName="runnervmf4ws1" duration="00:00:00.5436455" startTime="2025-09-11T06:33:53.9914345+00:00" endTime="2025-09-11T06:33:53.9914345+00:00" testType="13cdc9d9-ddb5-4fa4-a97d-d965ccfc6d4b" outcome="Passed" testListId="8c84fa94-04c1-424b-9868-57a2d4851a1d" relativeResultsDirectory="5a0c4bcf-82ff-4724-b091-ed50694d0fa6" />
    <UnitTestResult executionId="ce0c3c79-319f-4838-bc5f-ac7c3de979aa" testId="43b9d173-0889-c0cd-91e8-55b0783b32ae" testName="Tests.Integration.Backend.OutputCaching.CacheInvalidationTests.DeletePerson_ShouldInvalidateListCache" computerName="runnervmf4ws1" duration="00:00:01.1390885" startTime="2025-09-11T06:33:20.6137748+00:00" endTime="2025-09-11T06:33:20.6137752+00:00" testType="13cdc9d9-ddb5-4fa4-a97d-d965ccfc6d4b" outcome="Passed" testListId="8c84fa94-04c1-424b-9868-57a2d4851a1d" relativeResultsDirectory="ce0c3c79-319f-4838-bc5f-ac7c3de979aa" />
    <UnitTestResult executionId="d10f04a5-aee3-4306-a8cb-835baa4931ea" testId="4b80b6dd-af6e-92d9-97c9-a8c31eb301db" testName="Tests.Integration.Backend.OutputCaching.CachingE2ETests.AllCachedEndpoints_ShouldReturnCacheHeaders(endpoint: &quot;/api/walls&quot;)" computerName="runnervmf4ws1" duration="00:00:00.5287557" startTime="2025-09-11T06:34:03.6074862+00:00" endTime="2025-09-11T06:34:03.6074863+00:00" testType="13cdc9d9-ddb5-4fa4-a97d-d965ccfc6d4b" outcome="Passed" testListId="8c84fa94-04c1-424b-9868-57a2d4851a1d" relativeResultsDirectory="d10f04a5-aee3-4306-a8cb-835baa4931ea">
      <Output>
        <StdOut>Endpoint: /api/walls
  Cache-Control: public, max-age=60
  ETag: "XotO4P49Ow7c2_sDhdAcig"
  Last-Modified: 09/11/2025 06:33:59 +00:00</StdOut>
      </Output>
    </UnitTestResult>
    <UnitTestResult executionId="c9a6fdc4-b41a-4ed3-8744-e3e251fb922b" testId="a52f36e0-aa87-4104-3036-3d7d9607f688" testName="Tests.Integration.Backend.Compression.ResponseCompressionTests.SmallResponse_ShouldNotBeCompressed_WhenBelowThreshold" computerName="runnervmf4ws1" duration="00:00:00.0070603" startTime="2025-09-11T06:33:14.9399048+00:00" endTime="2025-09-11T06:33:14.9399051+00:00" testType="13cdc9d9-ddb5-4fa4-a97d-d965ccfc6d4b" outcome="Passed" testListId="8c84fa94-04c1-424b-9868-57a2d4851a1d" relativeResultsDirectory="c9a6fdc4-b41a-4ed3-8744-e3e251fb922b" />
    <UnitTestResult executionId="d7306ee3-5a2a-4b69-b079-d7c8a3c481cf" testId="b7cda526-0758-c938-af92-6a6e25e8efc9" testName="Tests.Integration.Backend.OutputCaching.OutputCachingConfigurationTests.OutputCaching_ShouldFallbackToMemoryWhenRedisUnavailable" computerName="runnervmf4ws1" duration="00:00:00.0383775" startTime="2025-09-11T06:33:37.4610716+00:00" endTime="2025-09-11T06:33:37.4610716+00:00" testType="13cdc9d9-ddb5-4fa4-a97d-d965ccfc6d4b" outcome="Passed" testListId="8c84fa94-04c1-424b-9868-57a2d4851a1d" relativeResultsDirectory="d7306ee3-5a2a-4b69-b079-d7c8a3c481cf" />
    <UnitTestResult executionId="4505bd50-e34f-4909-8896-ea7002e25861" testId="02f305ed-30cd-4399-cb1c-75d62f144801" testName="Tests.Integration.Backend.OutputCaching.OutputCachingConfigurationTests.OutputCaching_ShouldHaveNamedPolicies" computerName="runnervmf4ws1" duration="00:00:00.0003371" startTime="2025-09-11T06:33:37.5282532+00:00" endTime="2025-09-11T06:33:37.5282533+00:00" testType="13cdc9d9-ddb5-4fa4-a97d-d965ccfc6d4b" outcome="Passed" testListId="8c84fa94-04c1-424b-9868-57a2d4851a1d" relativeResultsDirectory="4505bd50-e34f-4909-8896-ea7002e25861" />
    <UnitTestResult executionId="af215a84-e186-4cdb-b917-255f89eb3dec" testId="d4d4848b-8d11-cc53-4c2f-7b3836864b98" testName="Tests.Integration.Backend.Controllers.AuthControllerTests.POST_Logout_Should_Revoke_RefreshToken" computerName="runnervmf4ws1" duration="00:00:00.8361612" startTime="2025-09-11T06:34:36.3912440+00:00" endTime="2025-09-11T06:34:36.3912441+00:00" testType="13cdc9d9-ddb5-4fa4-a97d-d965ccfc6d4b" outcome="Passed" testListId="8c84fa94-04c1-424b-9868-57a2d4851a1d" relativeResultsDirectory="af215a84-e186-4cdb-b917-255f89eb3dec" />
    <UnitTestResult executionId="73bde495-9f28-40d9-bdff-cd4a0ff063ad" testId="20b78283-04d3-fc47-1574-93af6fec32ea" testName="Tests.Integration.Backend.Controllers.AuthControllerPasswordResetTests.POST_ForgotPassword_WithValidEmail_Should_Return_Success" computerName="runnervmf4ws1" duration="00:00:00.3310178" startTime="2025-09-11T06:32:58.5371048+00:00" endTime="2025-09-11T06:32:58.5371051+00:00" testType="13cdc9d9-ddb5-4fa4-a97d-d965ccfc6d4b" outcome="Passed" testListId="8c84fa94-04c1-424b-9868-57a2d4851a1d" relativeResultsDirectory="73bde495-9f28-40d9-bdff-cd4a0ff063ad" />
    <UnitTestResult executionId="83b47d7b-acdb-4a56-b8be-f23c2125173a" testId="7ef81c0c-3038-9435-7857-ab17f80f7cdb" testName="Tests.Integration.Backend.OutputCaching.CacheInvalidationTests.PostWindow_ShouldInvalidateWindowsCache" computerName="runnervmf4ws1" duration="00:00:01.3257922" startTime="2025-09-11T06:33:17.1506105+00:00" endTime="2025-09-11T06:33:17.1506107+00:00" testType="13cdc9d9-ddb5-4fa4-a97d-d965ccfc6d4b" outcome="Passed" testListId="8c84fa94-04c1-424b-9868-57a2d4851a1d" relativeResultsDirectory="83b47d7b-acdb-4a56-b8be-f23c2125173a" />
    <UnitTestResult executionId="1de39be2-7178-49a7-99f4-e7d8428370c3" testId="dc62b2c0-66b3-fee4-dcd7-e086c4c46187" testName="Tests.Integration.Backend.Controllers.WallsControllerTests.DELETE_Wall_Should_Return_204_When_Not_Exists" computerName="runnervmf4ws1" duration="00:00:00.6036513" startTime="2025-09-11T06:34:10.7683934+00:00" endTime="2025-09-11T06:34:10.7683934+00:00" testType="13cdc9d9-ddb5-4fa4-a97d-d965ccfc6d4b" outcome="Passed" testListId="8c84fa94-04c1-424b-9868-57a2d4851a1d" relativeResultsDirectory="1de39be2-7178-49a7-99f4-e7d8428370c3" />
    <UnitTestResult executionId="9283b379-305b-4d0c-952e-4d578b97b236" testId="aeaaee5e-bc09-54e8-9ec4-6c4cdf3ce87c" testName="Tests.Integration.Backend.Controllers.ApiHealthTests.API_Should_Handle_Large_Payloads" computerName="runnervmf4ws1" duration="00:00:00.6021256" startTime="2025-09-11T06:33:46.5411058+00:00" endTime="2025-09-11T06:33:46.5411059+00:00" testType="13cdc9d9-ddb5-4fa4-a97d-d965ccfc6d4b" outcome="Passed" testListId="8c84fa94-04c1-424b-9868-57a2d4851a1d" relativeResultsDirectory="9283b379-305b-4d0c-952e-4d578b97b236" />
    <UnitTestResult executionId="4edeca87-1fc8-4c63-ab65-2fabd5ad222b" testId="7810a33a-ed10-21b4-237d-f07ca1a37883" testName="Tests.Integration.Backend.Controllers.AuthControllerPasswordResetTests.POST_ResetPassword_WithWeakPassword_Should_Return_Error" computerName="runnervmf4ws1" duration="00:00:02.4143347" startTime="2025-09-11T06:32:53.9186248+00:00" endTime="2025-09-11T06:32:53.9186641+00:00" testType="13cdc9d9-ddb5-4fa4-a97d-d965ccfc6d4b" outcome="Passed" testListId="8c84fa94-04c1-424b-9868-57a2d4851a1d" relativeResultsDirectory="4edeca87-1fc8-4c63-ab65-2fabd5ad222b" />
    <UnitTestResult executionId="490a9b3c-98c1-425e-9bd6-aaa675098a71" testId="5250d740-754a-3ba2-19d9-7b7107d87e03" testName="Tests.Integration.Backend.Controllers.WindowsControllerTests.DELETE_Window_Should_Return_204_When_Not_Exists" computerName="runnervmf4ws1" duration="00:00:00.6364198" startTime="2025-09-11T06:34:32.2658087+00:00" endTime="2025-09-11T06:34:32.2658087+00:00" testType="13cdc9d9-ddb5-4fa4-a97d-d965ccfc6d4b" outcome="Passed" testListId="8c84fa94-04c1-424b-9868-57a2d4851a1d" relativeResultsDirectory="490a9b3c-98c1-425e-9bd6-aaa675098a71" />
    <UnitTestResult executionId="9542721a-414e-487e-843d-3678303c2c30" testId="e4619fb0-2f02-c154-40bc-f54ee36b9b38" testName="Tests.Integration.Backend.Controllers.ApiHealthTests.API_Should_Handle_Concurrent_Requests" computerName="runnervmf4ws1" duration="00:00:02.8510589" startTime="2025-09-11T06:33:49.3925269+00:00" endTime="2025-09-11T06:33:49.3925269+00:00" testType="13cdc9d9-ddb5-4fa4-a97d-d965ccfc6d4b" outcome="Passed" testListId="8c84fa94-04c1-424b-9868-57a2d4851a1d" relativeResultsDirectory="9542721a-414e-487e-843d-3678303c2c30" />
    <UnitTestResult executionId="d6540e9c-78b8-4e3a-be3c-59de7b57fb83" testId="37ce62cb-c39d-d9d9-9814-53126b8a17ea" testName="Tests.Integration.Backend.Controllers.ApiHealthTests.API_Should_Be_Responsive" computerName="runnervmf4ws1" duration="00:00:00.3021984" startTime="2025-09-11T06:33:44.4335446+00:00" endTime="2025-09-11T06:33:44.4335447+00:00" testType="13cdc9d9-ddb5-4fa4-a97d-d965ccfc6d4b" outcome="Passed" testListId="8c84fa94-04c1-424b-9868-57a2d4851a1d" relativeResultsDirectory="d6540e9c-78b8-4e3a-be3c-59de7b57fb83" />
    <UnitTestResult executionId="c17681bf-aa44-472e-b717-3897494d8ff6" testId="dfaed238-70c1-ab80-405a-08edfd13c1ba" testName="Tests.Integration.Backend.Controllers.WindowsControllerTests.POST_Windows_Should_Create_Window_And_Return_201" computerName="runnervmf4ws1" duration="00:00:00.6033880" startTime="2025-09-11T06:34:24.9003691+00:00" endTime="2025-09-11T06:34:24.9003691+00:00" testType="13cdc9d9-ddb5-4fa4-a97d-d965ccfc6d4b" outcome="Passed" testListId="8c84fa94-04c1-424b-9868-57a2d4851a1d" relativeResultsDirectory="c17681bf-aa44-472e-b717-3897494d8ff6" />
    <UnitTestResult executionId="333c0cd4-a7c5-4522-af0b-b5b53b276d6b" testId="b7695dc8-52d4-1e66-b81e-a27de7f041fc" testName="Tests.Integration.Backend.E2E.AuthenticationE2ETests.Registration_Should_Prevent_Duplicate_Emails" computerName="runnervmf4ws1" duration="00:00:00.3094400" startTime="2025-09-11T06:33:00.7525165+00:00" endTime="2025-09-11T06:33:00.7525168+00:00" testType="13cdc9d9-ddb5-4fa4-a97d-d965ccfc6d4b" outcome="Passed" testListId="8c84fa94-04c1-424b-9868-57a2d4851a1d" relativeResultsDirectory="333c0cd4-a7c5-4522-af0b-b5b53b276d6b" />
    <UnitTestResult executionId="ca5fe013-0024-4c76-9b22-ca7bf76709b2" testId="b5dacbe5-c50b-ea4a-e128-040bd713ffe8" testName="Tests.Integration.Backend.Controllers.DatabaseControllerTests.POST_Database_Reset_Should_Return_Unauthorized_Without_Valid_Token" computerName="runnervmf4ws1" duration="00:00:00.2832413" startTime="2025-09-11T06:33:37.8133247+00:00" endTime="2025-09-11T06:33:37.8133248+00:00" testType="13cdc9d9-ddb5-4fa4-a97d-d965ccfc6d4b" outcome="Passed" testListId="8c84fa94-04c1-424b-9868-57a2d4851a1d" relativeResultsDirectory="ca5fe013-0024-4c76-9b22-ca7bf76709b2" />
    <UnitTestResult executionId="b555bd9c-b526-416b-bf4e-4b035a856416" testId="d818e0b1-081a-89e5-4910-f245961c9079" testName="Tests.Integration.Backend.Controllers.ApiHealthTests.All_Endpoints_Should_Support_Expected_HTTP_Methods(method: &quot;GET&quot;, endpoint: &quot;/api/walls&quot;)" computerName="runnervmf4ws1" duration="00:00:00.3014280" startTime="2025-09-11T06:33:43.8279145+00:00" endTime="2025-09-11T06:33:43.8279146+00:00" testType="13cdc9d9-ddb5-4fa4-a97d-d965ccfc6d4b" outcome="Passed" testListId="8c84fa94-04c1-424b-9868-57a2d4851a1d" relativeResultsDirectory="b555bd9c-b526-416b-bf4e-4b035a856416" />
    <UnitTestResult executionId="cd6458aa-e2e4-4889-b170-2aeaa8446b97" testId="60d93c6a-68de-f18d-ead0-561ac4ded916" testName="Tests.Integration.Backend.OutputCaching.CacheInvalidationTests.PutPerson_ShouldInvalidateBothEntityAndListCache" computerName="runnervmf4ws1" duration="00:00:01.1814172" startTime="2025-09-11T06:33:21.7955739+00:00" endTime="2025-09-11T06:33:21.7955742+00:00" testType="13cdc9d9-ddb5-4fa4-a97d-d965ccfc6d4b" outcome="Passed" testListId="8c84fa94-04c1-424b-9868-57a2d4851a1d" relativeResultsDirectory="cd6458aa-e2e4-4889-b170-2aeaa8446b97" />
    <UnitTestResult executionId="6a1fafa9-2dee-45e1-b5f2-b93bb0e5d144" testId="e9e2b921-0a1d-aae8-34e0-f52557170fc1" testName="Tests.Integration.Backend.Controllers.WallsControllerTests.GET_Walls_Should_Return_All_Walls" computerName="runnervmf4ws1" duration="00:00:01.7321975" startTime="2025-09-11T06:34:09.5646976+00:00" endTime="2025-09-11T06:34:09.5646976+00:00" testType="13cdc9d9-ddb5-4fa4-a97d-d965ccfc6d4b" outcome="Passed" testListId="8c84fa94-04c1-424b-9868-57a2d4851a1d" relativeResultsDirectory="6a1fafa9-2dee-45e1-b5f2-b93bb0e5d144" />
    <UnitTestResult executionId="871805e5-83c6-4082-abf7-f936f4ef9a43" testId="dd89f673-671f-182c-819f-0c99c5f63d13" testName="Tests.Integration.Backend.Compression.StaticFileCompressionTests.CompressedStaticFiles_ShouldHaveVaryHeader" computerName="runnervmf4ws1" duration="00:00:00.0126781" startTime="2025-09-11T06:32:58.7661239+00:00" endTime="2025-09-11T06:32:58.7661241+00:00" testType="13cdc9d9-ddb5-4fa4-a97d-d965ccfc6d4b" outcome="Passed" testListId="8c84fa94-04c1-424b-9868-57a2d4851a1d" relativeResultsDirectory="871805e5-83c6-4082-abf7-f936f4ef9a43" />
    <UnitTestResult executionId="3eca92f6-a5fd-42df-bf21-c9f2ed8d5d65" testId="1c428206-078b-ef8a-981a-72b75853f6ff" testName="Tests.Integration.Backend.Compression.StaticFileCompressionTests.JsFile_ShouldBeCompressed_WhenClientSupportsBrotli" computerName="runnervmf4ws1" duration="00:00:00.0081172" startTime="2025-09-11T06:32:58.7293874+00:00" endTime="2025-09-11T06:32:58.7293878+00:00" testType="13cdc9d9-ddb5-4fa4-a97d-d965ccfc6d4b" outcome="Passed" testListId="8c84fa94-04c1-424b-9868-57a2d4851a1d" relativeResultsDirectory="3eca92f6-a5fd-42df-bf21-c9f2ed8d5d65" />
    <UnitTestResult executionId="775d6ebd-afaf-4968-8445-1ba3493b403f" testId="5d6d527c-ff6b-65d9-2afb-cc1214f1f646" testName="Tests.Integration.Backend.Controllers.WindowsControllerTests.Windows_Should_Persist_Energy_Efficiency_Data" computerName="runnervmf4ws1" duration="00:00:00.6061239" startTime="2025-09-11T06:34:31.6290189+00:00" endTime="2025-09-11T06:34:31.6290190+00:00" testType="13cdc9d9-ddb5-4fa4-a97d-d965ccfc6d4b" outcome="Passed" testListId="8c84fa94-04c1-424b-9868-57a2d4851a1d" relativeResultsDirectory="775d6ebd-afaf-4968-8445-1ba3493b403f" />
    <UnitTestResult executionId="8f2f60b0-5647-47ed-9ab2-e082614acda4" testId="55dddd7e-5762-c034-d77c-c5f90ba94706" testName="Tests.Integration.Backend.Controllers.AuthControllerPasswordResetTests.Complete_Password_Reset_Workflow_Should_Work" computerName="runnervmf4ws1" duration="00:00:01.3981784" startTime="2025-09-11T06:32:57.6331623+00:00" endTime="2025-09-11T06:32:57.6331625+00:00" testType="13cdc9d9-ddb5-4fa4-a97d-d965ccfc6d4b" outcome="Passed" testListId="8c84fa94-04c1-424b-9868-57a2d4851a1d" relativeResultsDirectory="8f2f60b0-5647-47ed-9ab2-e082614acda4" />
    <UnitTestResult executionId="0f52bd32-0775-4144-bbbd-b23e59a41150" testId="a509d6b0-b691-0a3b-74c8-b5408578a6d5" testName="Tests.Integration.Backend.Controllers.WallsControllerTests.DELETE_Wall_Should_Remove_Existing_Wall" computerName="runnervmf4ws1" duration="00:00:01.4964293" startTime="2025-09-11T06:34:12.8675199+00:00" endTime="2025-09-11T06:34:12.8675199+00:00" testType="13cdc9d9-ddb5-4fa4-a97d-d965ccfc6d4b" outcome="Passed" testListId="8c84fa94-04c1-424b-9868-57a2d4851a1d" relativeResultsDirectory="0f52bd32-0775-4144-bbbd-b23e59a41150" />
    <UnitTestResult executionId="a4ee5aba-256a-415a-b5bb-8803abcbc393" testId="437f9b9e-301b-15b7-f72b-040911d1fd97" testName="Tests.Integration.Backend.Compression.ResponseCompressionTests.JsonResponse_ShouldBeCompressed" computerName="runnervmf4ws1" duration="00:00:00.3057332" startTime="2025-09-11T06:33:14.1560905+00:00" endTime="2025-09-11T06:33:14.1560907+00:00" testType="13cdc9d9-ddb5-4fa4-a97d-d965ccfc6d4b" outcome="Passed" testListId="8c84fa94-04c1-424b-9868-57a2d4851a1d" relativeResultsDirectory="a4ee5aba-256a-415a-b5bb-8803abcbc393" />
    <UnitTestResult executionId="8e4fcc0b-a024-4699-a812-a168ba638efb" testId="f7bc3491-94dd-b6b9-3778-9c1a4322e7be" testName="Tests.Integration.Backend.Controllers.WallsControllerTests.POST_Walls_Should_Create_Wall_And_Return_201" computerName="runnervmf4ws1" duration="00:00:00.6019453" startTime="2025-09-11T06:34:11.3706991+00:00" endTime="2025-09-11T06:34:11.3706992+00:00" testType="13cdc9d9-ddb5-4fa4-a97d-d965ccfc6d4b" outcome="Passed" testListId="8c84fa94-04c1-424b-9868-57a2d4851a1d" relativeResultsDirectory="8e4fcc0b-a024-4699-a812-a168ba638efb" />
    <UnitTestResult executionId="8ab2e6bb-73f0-4eff-899e-d7df620e48fa" testId="cc336df8-b701-eea1-c754-b46ee3091b03" testName="Tests.Integration.Backend.Controllers.AuthControllerTests.POST_Login_Should_Return_BadRequest_For_Invalid_Email_Format" computerName="runnervmf4ws1" duration="00:00:00.2303334" startTime="2025-09-11T06:34:38.4235076+00:00" endTime="2025-09-11T06:34:38.4235076+00:00" testType="13cdc9d9-ddb5-4fa4-a97d-d965ccfc6d4b" outcome="Passed" testListId="8c84fa94-04c1-424b-9868-57a2d4851a1d" relativeResultsDirectory="8ab2e6bb-73f0-4eff-899e-d7df620e48fa" />
    <UnitTestResult executionId="270aca23-0a5e-49e1-8fe2-6a3d4d9dbce2" testId="42775960-58e6-9486-14ff-996dea311598" testName="Tests.Integration.Backend.Infrastructure.GenericRepositoryIntegrationTests.IRepository_ShouldBeRegisteredInDIContainer" computerName="runnervmf4ws1" duration="00:00:00.2258936" startTime="2025-09-11T06:34:19.3862073+00:00" endTime="2025-09-11T06:34:19.3862073+00:00" testType="13cdc9d9-ddb5-4fa4-a97d-d965ccfc6d4b" outcome="Passed" testListId="8c84fa94-04c1-424b-9868-57a2d4851a1d" relativeResultsDirectory="270aca23-0a5e-49e1-8fe2-6a3d4d9dbce2" />
    <UnitTestResult executionId="b39bd3e2-2fcb-4d56-9070-f07d888bb19e" testId="9fb85c0b-c781-4485-f6e0-88690963221a" testName="Tests.Integration.Backend.Controllers.ApiHealthTests.API_Should_Handle_Malformed_JSON" computerName="runnervmf4ws1" duration="00:00:00.6059333" startTime="2025-09-11T06:33:45.9386215+00:00" endTime="2025-09-11T06:33:45.9386215+00:00" testType="13cdc9d9-ddb5-4fa4-a97d-d965ccfc6d4b" outcome="Passed" testListId="8c84fa94-04c1-424b-9868-57a2d4851a1d" relativeResultsDirectory="b39bd3e2-2fcb-4d56-9070-f07d888bb19e" />
    <UnitTestResult executionId="20471f99-55f1-4c33-a9d8-9fda8ebc7aad" testId="25c388e9-4416-bcb2-f5bb-f92fe28b725a" testName="Tests.Integration.Backend.Controllers.AuthControllerPasswordResetTests.POST_ResetPassword_WithValidToken_Should_Reset_Password_Successfully" computerName="runnervmf4ws1" duration="00:00:01.4791458" startTime="2025-09-11T06:32:55.9567391+00:00" endTime="2025-09-11T06:32:55.9567393+00:00" testType="13cdc9d9-ddb5-4fa4-a97d-d965ccfc6d4b" outcome="Passed" testListId="8c84fa94-04c1-424b-9868-57a2d4851a1d" relativeResultsDirectory="20471f99-55f1-4c33-a9d8-9fda8ebc7aad" />
    <UnitTestResult executionId="2a19a4b2-3a33-402c-8b45-77427f41aab4" testId="b669f2ae-31fe-37d1-6d74-8de9a66812e1" testName="Tests.Integration.Backend.Controllers.DatabaseControllerTests.POST_Database_Reset_Should_Reset_Database_With_Valid_Token" computerName="runnervmf4ws1" duration="00:00:00.3428943" startTime="2025-09-11T06:33:39.1388398+00:00" endTime="2025-09-11T06:33:39.1388398+00:00" testType="13cdc9d9-ddb5-4fa4-a97d-d965ccfc6d4b" outcome="Passed" testListId="8c84fa94-04c1-424b-9868-57a2d4851a1d" relativeResultsDirectory="2a19a4b2-3a33-402c-8b45-77427f41aab4" />
    <UnitTestResult executionId="d17737b4-e768-4d28-86dc-c62b7e1bd8c1" testId="a5770765-4612-4372-f1a9-727a017fca24" testName="Tests.Integration.Backend.Compression.ResponseCompressionTests.CompressedResponse_ShouldHaveCompressionHeaders" computerName="runnervmf4ws1" duration="00:00:00.8820760" startTime="2025-09-11T06:33:15.8236571+00:00" endTime="2025-09-11T06:33:15.8236573+00:00" testType="13cdc9d9-ddb5-4fa4-a97d-d965ccfc6d4b" outcome="Passed" testListId="8c84fa94-04c1-424b-9868-57a2d4851a1d" relativeResultsDirectory="d17737b4-e768-4d28-86dc-c62b7e1bd8c1" />
    <UnitTestResult executionId="d4a4b025-38eb-4a43-9ad6-047f559f0a36" testId="5b94e67b-8161-a4c1-a97f-c638ed8f05ba" testName="Tests.Integration.Backend.Controllers.PeopleControllerTests.GET_People_Should_Return_All_People" computerName="runnervmf4ws1" duration="00:00:01.1328939" startTime="2025-09-11T06:33:36.2998358+00:00" endTime="2025-09-11T06:33:36.2998358+00:00" testType="13cdc9d9-ddb5-4fa4-a97d-d965ccfc6d4b" outcome="Passed" testListId="8c84fa94-04c1-424b-9868-57a2d4851a1d" relativeResultsDirectory="d4a4b025-38eb-4a43-9ad6-047f559f0a36" />
    <UnitTestResult executionId="a5d27343-9b87-497c-adb0-39f1aa640090" testId="28caa8d5-c8a9-c82d-9ea0-c02736f0dfd9" testName="Tests.Integration.Backend.OutputCaching.CachingE2ETests.CrossEntityCaching_ShouldNotInterfere" computerName="runnervmf4ws1" duration="00:00:01.2074639" startTime="2025-09-11T06:34:00.2665305+00:00" endTime="2025-09-11T06:34:00.2665306+00:00" testType="13cdc9d9-ddb5-4fa4-a97d-d965ccfc6d4b" outcome="Passed" testListId="8c84fa94-04c1-424b-9868-57a2d4851a1d" relativeResultsDirectory="a5d27343-9b87-497c-adb0-39f1aa640090" />
    <UnitTestResult executionId="1dd6a27b-5169-4b0a-abec-5b88ce952fc5" testId="89abbdd3-2d4a-032e-64a6-9a76add4cdf5" testName="Tests.Integration.Backend.Controllers.WindowsControllerTests.Windows_Should_Handle_Boolean_Properties_Correctly" computerName="runnervmf4ws1" duration="00:00:01.2004801" startTime="2025-09-11T06:34:28.8193080+00:00" endTime="2025-09-11T06:34:28.8193081+00:00" testType="13cdc9d9-ddb5-4fa4-a97d-d965ccfc6d4b" outcome="Passed" testListId="8c84fa94-04c1-424b-9868-57a2d4851a1d" relativeResultsDirectory="1dd6a27b-5169-4b0a-abec-5b88ce952fc5" />
    <UnitTestResult executionId="2a666149-89c7-430a-bb9e-78ac576c59c3" testId="19212179-02a1-0bfe-fef4-7e3682270e04" testName="Tests.Integration.Backend.OutputCaching.CachingE2ETests.CacheInvalidation_ShouldWorkAcrossEntities" computerName="runnervmf4ws1" duration="00:00:01.1387497" startTime="2025-09-11T06:34:01.4056082+00:00" endTime="2025-09-11T06:34:01.4056082+00:00" testType="13cdc9d9-ddb5-4fa4-a97d-d965ccfc6d4b" outcome="Passed" testListId="8c84fa94-04c1-424b-9868-57a2d4851a1d" relativeResultsDirectory="2a666149-89c7-430a-bb9e-78ac576c59c3" />
    <UnitTestResult executionId="8aee47f9-e03e-448a-adaa-43eb6e78ce43" testId="4ca138d0-3af0-bb0b-3bfb-df9507be5ed5" testName="Tests.Integration.Backend.Controllers.PeopleControllerTests.POST_People_Should_Return_400_For_Invalid_Request" computerName="runnervmf4ws1" duration="00:00:00.8362543" startTime="2025-09-11T06:33:27.2485577+00:00" endTime="2025-09-11T06:33:27.2485579+00:00" testType="13cdc9d9-ddb5-4fa4-a97d-d965ccfc6d4b" outcome="Passed" testListId="8c84fa94-04c1-424b-9868-57a2d4851a1d" relativeResultsDirectory="8aee47f9-e03e-448a-adaa-43eb6e78ce43" />
    <UnitTestResult executionId="416526ba-4027-42ea-bf5e-2d7c6aede27a" testId="53592f08-0da7-0cd5-09c9-a1ba0d87949c" testName="Tests.Integration.Backend.Controllers.AuthControllerTests.POST_Login_Should_Return_Tokens_For_Valid_Credentials" computerName="runnervmf4ws1" duration="00:00:00.8202604" startTime="2025-09-11T06:34:35.5547017+00:00" endTime="2025-09-11T06:34:35.5547017+00:00" testType="13cdc9d9-ddb5-4fa4-a97d-d965ccfc6d4b" outcome="Passed" testListId="8c84fa94-04c1-424b-9868-57a2d4851a1d" relativeResultsDirectory="416526ba-4027-42ea-bf5e-2d7c6aede27a" />
    <UnitTestResult executionId="d6206642-d9cc-40a7-a053-ed0cab1ffb60" testId="3a855c55-b695-d057-ad6f-34eef0eb2eae" testName="Tests.Integration.Backend.OutputCaching.ConditionalRequestTests.GetRequest_WithIfNoneMatch_ShouldReturn304_WhenETagMatches" computerName="runnervmf4ws1" duration="00:00:00.5277383" startTime="2025-09-11T06:33:56.7346754+00:00" endTime="2025-09-11T06:33:56.7346755+00:00" testType="13cdc9d9-ddb5-4fa4-a97d-d965ccfc6d4b" outcome="Passed" testListId="8c84fa94-04c1-424b-9868-57a2d4851a1d" relativeResultsDirectory="d6206642-d9cc-40a7-a053-ed0cab1ffb60" />
    <UnitTestResult executionId="a78a7eea-f6c9-436c-b3cb-57a64ebe83a5" testId="f05cedeb-e83b-1e7e-3928-23724172eea5" testName="Tests.Integration.Backend.Controllers.DatabaseControllerTests.POST_Database_Seed_Should_Seed_Database_Successfully" computerName="runnervmf4ws1" duration="00:00:00.2591569" startTime="2025-09-11T06:33:38.0728515+00:00" endTime="2025-09-11T06:33:38.0728516+00:00" testType="13cdc9d9-ddb5-4fa4-a97d-d965ccfc6d4b" outcome="Passed" testListId="8c84fa94-04c1-424b-9868-57a2d4851a1d" relativeResultsDirectory="a78a7eea-f6c9-436c-b3cb-57a64ebe83a5" />
    <UnitTestResult executionId="0f624e13-7526-4816-ae87-fd451683960e" testId="24b020ea-ff8d-51dc-4354-4d878d866f45" testName="Tests.Integration.Backend.Controllers.AuthControllerPasswordResetTests.POST_ForgotPassword_WithNonExistentEmail_Should_Return_Success" computerName="runnervmf4ws1" duration="00:00:00.2999740" startTime="2025-09-11T06:32:54.2201535+00:00" endTime="2025-09-11T06:32:54.2201539+00:00" testType="13cdc9d9-ddb5-4fa4-a97d-d965ccfc6d4b" outcome="Passed" testListId="8c84fa94-04c1-424b-9868-57a2d4851a1d" relativeResultsDirectory="0f624e13-7526-4816-ae87-fd451683960e" />
    <UnitTestResult executionId="a8ff1b5e-d4ea-45ea-9ec6-8cee88a89793" testId="e883dfad-5803-12bb-5b1f-de2527fafd69" testName="Tests.Integration.Backend.E2E.AuthenticationE2ETests.Concurrent_Requests_Should_Be_Handled_Properly" computerName="runnervmf4ws1" duration="00:00:00.3066878" startTime="2025-09-11T06:33:01.0936227+00:00" endTime="2025-09-11T06:33:01.0936230+00:00" testType="13cdc9d9-ddb5-4fa4-a97d-d965ccfc6d4b" outcome="Passed" testListId="8c84fa94-04c1-424b-9868-57a2d4851a1d" relativeResultsDirectory="a8ff1b5e-d4ea-45ea-9ec6-8cee88a89793" />
    <UnitTestResult executionId="b62b9fd3-e0b8-4138-8909-4589dc7789a7" testId="a0e7a1c4-1639-53f1-ce02-5d2f760332a2" testName="Tests.Integration.Backend.E2E.AuthenticationE2ETests.Token_Should_Expire_And_Require_Refresh" computerName="runnervmf4ws1" duration="00:00:00.3122562" startTime="2025-09-11T06:33:01.7603201+00:00" endTime="2025-09-11T06:33:01.7603204+00:00" testType="13cdc9d9-ddb5-4fa4-a97d-d965ccfc6d4b" outcome="Passed" testListId="8c84fa94-04c1-424b-9868-57a2d4851a1d" relativeResultsDirectory="b62b9fd3-e0b8-4138-8909-4589dc7789a7" />
    <UnitTestResult executionId="23f0d6d2-73d1-4e03-b523-1d6e81372cee" testId="4e4996c7-f4bf-6a3f-b2c5-de38dd6676bb" testName="Tests.Integration.Backend.Controllers.PeopleControllerTests.GET_People_By_Id_Should_Return_404_For_NonExistent_Person" computerName="runnervmf4ws1" duration="00:00:00.5261888" startTime="2025-09-11T06:33:31.0196902+00:00" endTime="2025-09-11T06:33:31.0196903+00:00" testType="13cdc9d9-ddb5-4fa4-a97d-d965ccfc6d4b" outcome="Passed" testListId="8c84fa94-04c1-424b-9868-57a2d4851a1d" relativeResultsDirectory="23f0d6d2-73d1-4e03-b523-1d6e81372cee" />
    <UnitTestResult executionId="d8f4e06e-289e-4c1b-a611-e78a193adf72" testId="20da3b3a-c531-7fe5-3776-1e7b0c6c1d26" testName="Tests.Integration.Backend.Controllers.PeopleControllerTests.PUT_People_Should_Update_Person" computerName="runnervmf4ws1" duration="00:00:00.8372026" startTime="2025-09-11T06:33:28.0861343+00:00" endTime="2025-09-11T06:33:28.0861345+00:00" testType="13cdc9d9-ddb5-4fa4-a97d-d965ccfc6d4b" outcome="Passed" testListId="8c84fa94-04c1-424b-9868-57a2d4851a1d" relativeResultsDirectory="d8f4e06e-289e-4c1b-a611-e78a193adf72" />
    <UnitTestResult executionId="7644d4c2-4fe9-4dd8-ad30-515e07f3521f" testId="1089b26f-11d1-1b14-2fb8-2326613cba50" testName="Tests.Integration.Backend.Controllers.ApiHealthTests.All_Endpoints_Should_Support_Expected_HTTP_Methods(method: &quot;POST&quot;, endpoint: &quot;/api/windows&quot;)" computerName="runnervmf4ws1" duration="00:00:00.6255942" startTime="2025-09-11T06:33:42.6173240+00:00" endTime="2025-09-11T06:33:42.6173241+00:00" testType="13cdc9d9-ddb5-4fa4-a97d-d965ccfc6d4b" outcome="Passed" testListId="8c84fa94-04c1-424b-9868-57a2d4851a1d" relativeResultsDirectory="7644d4c2-4fe9-4dd8-ad30-515e07f3521f" />
    <UnitTestResult executionId="c9a67547-916f-4715-921e-8db85dde140a" testId="cbf0626f-7167-adff-b20c-96cc3cdf6ce9" testName="Tests.Integration.Backend.OutputCaching.OutputCachingTests.GetEntityById_ShouldReturnConsistentResponses" computerName="runnervmf4ws1" duration="00:00:00.5258273" startTime="2025-09-11T06:33:55.0476449+00:00" endTime="2025-09-11T06:33:55.0476450+00:00" testType="13cdc9d9-ddb5-4fa4-a97d-d965ccfc6d4b" outcome="Passed" testListId="8c84fa94-04c1-424b-9868-57a2d4851a1d" relativeResultsDirectory="c9a67547-916f-4715-921e-8db85dde140a" />
    <UnitTestResult executionId="197e75bb-40ee-48da-9d2f-20dbee874262" testId="5128edc8-60ad-8628-2a75-9feb9f8f888b" testName="Tests.Integration.Backend.Controllers.WallsControllerTests.PUT_Wall_Should_Return_404_When_Not_Exists" computerName="runnervmf4ws1" duration="00:00:00.6060241" startTime="2025-09-11T06:34:18.6045578+00:00" endTime="2025-09-11T06:34:18.6045579+00:00" testType="13cdc9d9-ddb5-4fa4-a97d-d965ccfc6d4b" outcome="Passed" testListId="8c84fa94-04c1-424b-9868-57a2d4851a1d" relativeResultsDirectory="197e75bb-40ee-48da-9d2f-20dbee874262" />
    <UnitTestResult executionId="9bbafa18-63b8-4146-b118-98df60b133bd" testId="9805b897-cbb6-397d-b557-62afcb8b9211" testName="Tests.Integration.Backend.Controllers.RolesControllerTests.GET_Role_By_Id_Should_Return_Role_When_Exists" computerName="runnervmf4ws1" duration="00:00:01.1247884" startTime="2025-09-11T06:33:12.8157584+00:00" endTime="2025-09-11T06:33:12.8157586+00:00" testType="13cdc9d9-ddb5-4fa4-a97d-d965ccfc6d4b" outcome="Passed" testListId="8c84fa94-04c1-424b-9868-57a2d4851a1d" relativeResultsDirectory="9bbafa18-63b8-4146-b118-98df60b133bd" />
    <UnitTestResult executionId="8e7ab6ab-6a8c-4a11-8d7d-073180563c09" testId="e3433c1d-41f7-b660-a894-db56a9b283f4" testName="Tests.Integration.Backend.Controllers.ApiHealthTests.API_Should_Handle_CORS_Headers" computerName="runnervmf4ws1" duration="00:00:00.2999661" startTime="2025-09-11T06:33:49.6928275+00:00" endTime="2025-09-11T06:33:49.6928275+00:00" testType="13cdc9d9-ddb5-4fa4-a97d-d965ccfc6d4b" outcome="Passed" testListId="8c84fa94-04c1-424b-9868-57a2d4851a1d" relativeResultsDirectory="8e7ab6ab-6a8c-4a11-8d7d-073180563c09" />
    <UnitTestResult executionId="d5cdef00-c7aa-4a51-aba9-a1b1170b3f98" testId="f746e85d-5530-5c7f-8b39-c9d23cfa24b9" testName="Tests.Integration.Backend.Controllers.PeopleControllerTests.GET_People_Should_Return_Empty_List_Initially" computerName="runnervmf4ws1" duration="00:00:00.5327115" startTime="2025-09-11T06:33:26.4118712+00:00" endTime="2025-09-11T06:33:26.4118714+00:00" testType="13cdc9d9-ddb5-4fa4-a97d-d965ccfc6d4b" outcome="Passed" testListId="8c84fa94-04c1-424b-9868-57a2d4851a1d" relativeResultsDirectory="d5cdef00-c7aa-4a51-aba9-a1b1170b3f98" />
    <UnitTestResult executionId="272a32be-2aec-48c2-b21d-6bb773731467" testId="46cfbc2c-72c5-516f-bca0-390b42b51d43" testName="Tests.Integration.Backend.E2E.AuthenticationE2ETests.Complete_Authentication_Flow_Should_Work_End_To_End" computerName="runnervmf4ws1" duration="00:00:00.7178355" startTime="2025-09-11T06:33:00.4426056+00:00" endTime="2025-09-11T06:33:00.4426058+00:00" testType="13cdc9d9-ddb5-4fa4-a97d-d965ccfc6d4b" outcome="Passed" testListId="8c84fa94-04c1-424b-9868-57a2d4851a1d" relativeResultsDirectory="272a32be-2aec-48c2-b21d-6bb773731467" />
    <UnitTestResult executionId="c463b7b1-950c-4d97-8974-4fbe94338b3d" testId="575d783b-dbc0-13f3-17de-767c6d0c6111" testName="Tests.Integration.Backend.OutputCaching.OutputCachingConfigurationTests.OutputCachePolicies_ShouldHaveCorrectDurations(policyName: &quot;PeoplePolicy&quot;, expectedDurationSeconds: 300)" computerName="runnervmf4ws1" duration="00:00:00.0000121" startTime="2025-09-11T06:33:37.4931596+00:00" endTime="2025-09-11T06:33:37.4931596+00:00" testType="13cdc9d9-ddb5-4fa4-a97d-d965ccfc6d4b" outcome="Passed" testListId="8c84fa94-04c1-424b-9868-57a2d4851a1d" relativeResultsDirectory="c463b7b1-950c-4d97-8974-4fbe94338b3d" />
    <UnitTestResult executionId="a25cb5ed-8988-4362-89c8-6a3448dd2c64" testId="f7ccf265-e80b-872a-2ee9-60a9a3351b24" testName="Tests.Integration.Backend.Controllers.ApiHealthTests.API_Should_Handle_Invalid_Routes" computerName="runnervmf4ws1" duration="00:00:00.3079125" startTime="2025-09-11T06:33:50.0011137+00:00" endTime="2025-09-11T06:33:50.0011138+00:00" testType="13cdc9d9-ddb5-4fa4-a97d-d965ccfc6d4b" outcome="Passed" testListId="8c84fa94-04c1-424b-9868-57a2d4851a1d" relativeResultsDirectory="a25cb5ed-8988-4362-89c8-6a3448dd2c64" />
    <UnitTestResult executionId="adb90a72-a5d3-4029-a6ed-ed11e0b04cbd" testId="cce4bcb7-a8a4-30d2-f887-eca92f2b74be" testName="Tests.Integration.Backend.Controllers.PeopleControllerTests.POST_People_Should_Create_Person_With_Roles" computerName="runnervmf4ws1" duration="00:00:00.9360290" startTime="2025-09-11T06:33:25.0399499+00:00" endTime="2025-09-11T06:33:25.0399502+00:00" testType="13cdc9d9-ddb5-4fa4-a97d-d965ccfc6d4b" outcome="Passed" testListId="8c84fa94-04c1-424b-9868-57a2d4851a1d" relativeResultsDirectory="adb90a72-a5d3-4029-a6ed-ed11e0b04cbd" />
    <UnitTestResult executionId="c2e8f669-de44-48e8-b21f-f7fde8b979a7" testId="095ad9f7-04a5-8bcb-02fd-fdd6dab3a934" testName="Tests.Integration.Backend.Compression.StaticFileCompressionTests.HtmlFile_ShouldBeCompressed_WhenClientSupportsGzip" computerName="runnervmf4ws1" duration="00:00:00.1637246" startTime="2025-09-11T06:32:58.7208628+00:00" endTime="2025-09-11T06:32:58.7208630+00:00" testType="13cdc9d9-ddb5-4fa4-a97d-d965ccfc6d4b" outcome="Passed" testListId="8c84fa94-04c1-424b-9868-57a2d4851a1d" relativeResultsDirectory="c2e8f669-de44-48e8-b21f-f7fde8b979a7" />
    <UnitTestResult executionId="686075d5-4616-4d8c-a419-2f102b3c49b1" testId="9f4c88b5-75b1-89cf-0e7e-8e0e67eff9e0" testName="Tests.Integration.Backend.Controllers.WindowsControllerTests.POST_Windows_Should_Validate_Numeric_Ranges" computerName="runnervmf4ws1" duration="00:00:00.6008796" startTime="2025-09-11T06:34:20.6468847+00:00" endTime="2025-09-11T06:34:20.6468848+00:00" testType="13cdc9d9-ddb5-4fa4-a97d-d965ccfc6d4b" outcome="Passed" testListId="8c84fa94-04c1-424b-9868-57a2d4851a1d" relativeResultsDirectory="686075d5-4616-4d8c-a419-2f102b3c49b1" />
    <UnitTestResult executionId="46890a80-894f-45eb-aba5-3d88450b6b3b" testId="03a14d36-6f95-8492-bfd4-a25fff2f6772" testName="Tests.Integration.Backend.Controllers.WindowsControllerTests.POST_Windows_Should_Return_400_For_Invalid_Data" computerName="runnervmf4ws1" duration="00:00:00.6584238" startTime="2025-09-11T06:34:20.0456563+00:00" endTime="2025-09-11T06:34:20.0456563+00:00" testType="13cdc9d9-ddb5-4fa4-a97d-d965ccfc6d4b" outcome="Passed" testListId="8c84fa94-04c1-424b-9868-57a2d4851a1d" relativeResultsDirectory="46890a80-894f-45eb-aba5-3d88450b6b3b" />
    <UnitTestResult executionId="bbfa9a60-a3f4-4a01-a339-5b4c9540ebd7" testId="f48af067-4eb4-5a80-a058-995d81b9c49e" testName="Tests.Integration.Backend.OutputCaching.OutputCachingTests.GetWalls_ShouldReturnConsistentResponses" computerName="runnervmf4ws1" duration="00:00:00.5945559" startTime="2025-09-11T06:33:52.9107473+00:00" endTime="2025-09-11T06:33:52.9107473+00:00" testType="13cdc9d9-ddb5-4fa4-a97d-d965ccfc6d4b" outcome="Passed" testListId="8c84fa94-04c1-424b-9868-57a2d4851a1d" relativeResultsDirectory="bbfa9a60-a3f4-4a01-a339-5b4c9540ebd7" />
    <UnitTestResult executionId="49c7c54a-4ecd-4465-a3fa-d2405e7b0a9b" testId="a6bb128b-1161-cbb2-5ff4-da08f9a71fbf" testName="Tests.Integration.Backend.Controllers.PeopleControllerTests.GET_People_Should_Return_401_Without_Authentication" computerName="runnervmf4ws1" duration="00:00:00.2282578" startTime="2025-09-11T06:33:28.3148155+00:00" endTime="2025-09-11T06:33:28.3148157+00:00" testType="13cdc9d9-ddb5-4fa4-a97d-d965ccfc6d4b" outcome="Passed" testListId="8c84fa94-04c1-424b-9868-57a2d4851a1d" relativeResultsDirectory="49c7c54a-4ecd-4465-a3fa-d2405e7b0a9b" />
    <UnitTestResult executionId="ac14eb4b-0449-4d7b-868f-632b503fe761" testId="bc66b42a-da4a-96c7-2103-52f52cf67ffd" testName="Tests.Integration.Backend.Controllers.AuthControllerTests.Protected_Endpoint_Should_Return_OK_With_Valid_Token" computerName="runnervmf4ws1" duration="00:00:00.8189428" startTime="2025-09-11T06:34:37.2105056+00:00" endTime="2025-09-11T06:34:37.2105057+00:00" testType="13cdc9d9-ddb5-4fa4-a97d-d965ccfc6d4b" outcome="Passed" testListId="8c84fa94-04c1-424b-9868-57a2d4851a1d" relativeResultsDirectory="ac14eb4b-0449-4d7b-868f-632b503fe761" />
    <UnitTestResult executionId="e14829d2-2d8c-45ca-8c6b-22bb730a9d55" testId="abfa73e9-0257-16cb-29aa-f2c99faf213f" testName="Tests.Integration.Backend.Compression.ResponseCompressionTests.ApiResponse_ShouldBeCompressed_WhenClientSupportsGzip" computerName="runnervmf4ws1" duration="00:00:00.3326460" startTime="2025-09-11T06:33:14.4899576+00:00" endTime="2025-09-11T06:33:14.4899579+00:00" testType="13cdc9d9-ddb5-4fa4-a97d-d965ccfc6d4b" outcome="Passed" testListId="8c84fa94-04c1-424b-9868-57a2d4851a1d" relativeResultsDirectory="e14829d2-2d8c-45ca-8c6b-22bb730a9d55" />
    <UnitTestResult executionId="c111041a-27da-43a4-b44d-56abbbb14f62" testId="f06ae6c9-50ad-cafd-2eae-e83fde29317d" testName="Tests.Integration.Backend.Controllers.WallsControllerTests.GET_Wall_By_Id_Should_Return_Wall_When_Exists" computerName="runnervmf4ws1" duration="00:00:00.9159974" startTime="2025-09-11T06:34:07.8321458+00:00" endTime="2025-09-11T06:34:07.8321458+00:00" testType="13cdc9d9-ddb5-4fa4-a97d-d965ccfc6d4b" outcome="Passed" testListId="8c84fa94-04c1-424b-9868-57a2d4851a1d" relativeResultsDirectory="c111041a-27da-43a4-b44d-56abbbb14f62" />
    <UnitTestResult executionId="8a5752bc-c58f-4458-b5c3-5e96ab46e98e" testId="5fe2d973-b7ff-5b61-b9d0-9afdc13b9ebf" testName="Tests.Integration.Backend.Controllers.ApiHealthTests.All_Endpoints_Should_Support_Expected_HTTP_Methods(method: &quot;POST&quot;, endpoint: &quot;/api/walls&quot;)" computerName="runnervmf4ws1" duration="00:00:00.6261907" startTime="2025-09-11T06:33:41.3784692+00:00" endTime="2025-09-11T06:33:41.3784693+00:00" testType="13cdc9d9-ddb5-4fa4-a97d-d965ccfc6d4b" outcome="Passed" testListId="8c84fa94-04c1-424b-9868-57a2d4851a1d" relativeResultsDirectory="8a5752bc-c58f-4458-b5c3-5e96ab46e98e" />
    <UnitTestResult executionId="11046846-2719-439a-a0af-60be048a1fad" testId="494ff55a-87c7-5f37-d44c-a6dbdeeb90c7" testName="Tests.Integration.Backend.Controllers.WindowsControllerTests.GET_Window_By_Id_Should_Return_404_When_Not_Exists" computerName="runnervmf4ws1" duration="00:00:00.3005382" startTime="2025-09-11T06:34:27.6184042+00:00" endTime="2025-09-11T06:34:27.6184043+00:00" testType="13cdc9d9-ddb5-4fa4-a97d-d965ccfc6d4b" outcome="Passed" testListId="8c84fa94-04c1-424b-9868-57a2d4851a1d" relativeResultsDirectory="11046846-2719-439a-a0af-60be048a1fad" />
    <UnitTestResult executionId="3fabcc7f-f6a7-4039-bef4-e7c7e4da7f39" testId="58a8f096-af1a-ba52-8cf7-4f27a22072be" testName="Tests.Integration.Backend.Controllers.RolesControllerTests.DELETE_Role_Should_Remove_Existing_Role" computerName="runnervmf4ws1" duration="00:00:01.5398286" startTime="2025-09-11T06:33:05.9237439+00:00" endTime="2025-09-11T06:33:05.9237445+00:00" testType="13cdc9d9-ddb5-4fa4-a97d-d965ccfc6d4b" outcome="Passed" testListId="8c84fa94-04c1-424b-9868-57a2d4851a1d" relativeResultsDirectory="3fabcc7f-f6a7-4039-bef4-e7c7e4da7f39" />
    <UnitTestResult executionId="bfd9a7e6-b27e-4ed8-973a-2d0533195bca" testId="01d0203b-7c6e-72b9-08eb-f1b3242c360c" testName="Tests.Integration.Backend.Controllers.PeopleControllerTests.PUT_People_Should_Update_Person_Roles" computerName="runnervmf4ws1" duration="00:00:00.0010000" startTime="2025-09-11T06:33:29.4465800+00:00" endTime="2025-09-11T06:33:29.4465801+00:00" testType="13cdc9d9-ddb5-4fa4-a97d-d965ccfc6d4b" outcome="NotExecuted" testListId="8c84fa94-04c1-424b-9868-57a2d4851a1d" relativeResultsDirectory="bfd9a7e6-b27e-4ed8-973a-2d0533195bca">
      <Output>
        <ErrorInfo>
          <Message>Skipping due to concurrency conflict - RowVersion not implemented in UpdatePersonRequest</Message>
        </ErrorInfo>
      </Output>
    </UnitTestResult>
    <UnitTestResult executionId="63e92cdc-e4e6-48f1-a47f-91da56ec0a55" testId="3a356b3b-e4e2-4f05-db20-65ad8602bd3c" testName="Tests.Integration.Backend.Controllers.PeopleControllerTests.People_Should_Maintain_Role_Relationships" computerName="runnervmf4ws1" duration="00:00:01.1292519" startTime="2025-09-11T06:33:29.4444672+00:00" endTime="2025-09-11T06:33:29.4444716+00:00" testType="13cdc9d9-ddb5-4fa4-a97d-d965ccfc6d4b" outcome="Passed" testListId="8c84fa94-04c1-424b-9868-57a2d4851a1d" relativeResultsDirectory="63e92cdc-e4e6-48f1-a47f-91da56ec0a55" />
    <UnitTestResult executionId="c1db8033-049f-4322-a5b9-4e57e19206c4" testId="410da1bb-0033-e445-230e-baa696a924ac" testName="Tests.Integration.Backend.E2E.AuthenticationE2ETests.Registration_Should_Validate_Password_Complexity" computerName="runnervmf4ws1" duration="00:00:00.0047654" startTime="2025-09-11T06:33:01.4476403+00:00" endTime="2025-09-11T06:33:01.4476404+00:00" testType="13cdc9d9-ddb5-4fa4-a97d-d965ccfc6d4b" outcome="Passed" testListId="8c84fa94-04c1-424b-9868-57a2d4851a1d" relativeResultsDirectory="c1db8033-049f-4322-a5b9-4e57e19206c4" />
    <UnitTestResult executionId="c7adc6eb-8188-4824-8afa-5228943019d6" testId="cc1dc38d-e485-bd07-2880-7ffdde1c97ec" testName="Tests.Integration.Backend.Controllers.PeopleControllerTests.GET_People_By_Id_Should_Return_Specific_Person" computerName="runnervmf4ws1" duration="00:00:01.1210517" startTime="2025-09-11T06:33:32.1411040+00:00" endTime="2025-09-11T06:33:32.1411041+00:00" testType="13cdc9d9-ddb5-4fa4-a97d-d965ccfc6d4b" outcome="Passed" testListId="8c84fa94-04c1-424b-9868-57a2d4851a1d" relativeResultsDirectory="c7adc6eb-8188-4824-8afa-5228943019d6" />
    <UnitTestResult executionId="2fc58560-a4db-4cf3-9d68-8374143685fe" testId="58d6d3e1-eb4b-146c-6475-5a89377fd38d" testName="Tests.Integration.Backend.Controllers.ApiHealthTests.API_Should_Maintain_Data_Consistency_Under_Load" computerName="runnervmf4ws1" duration="00:00:02.3129329" startTime="2025-09-11T06:33:52.3144216+00:00" endTime="2025-09-11T06:33:52.3144216+00:00" testType="13cdc9d9-ddb5-4fa4-a97d-d965ccfc6d4b" outcome="Passed" testListId="8c84fa94-04c1-424b-9868-57a2d4851a1d" relativeResultsDirectory="2fc58560-a4db-4cf3-9d68-8374143685fe" />
    <UnitTestResult executionId="9d5679d5-abd0-493d-addd-0cd66004d534" testId="17dbb37c-0ae3-4711-733a-8ec5b81611d9" testName="Tests.Integration.Backend.Controllers.AuthControllerTests.POST_Register_Should_Create_User_And_Return_Tokens" computerName="runnervmf4ws1" duration="00:00:00.5277085" startTime="2025-09-11T06:34:37.9673701+00:00" endTime="2025-09-11T06:34:37.9673702+00:00" testType="13cdc9d9-ddb5-4fa4-a97d-d965ccfc6d4b" outcome="Passed" testListId="8c84fa94-04c1-424b-9868-57a2d4851a1d" relativeResultsDirectory="9d5679d5-abd0-493d-addd-0cd66004d534" />
    <UnitTestResult executionId="fd14cf95-7546-4f53-b9f6-992c70724392" testId="0786cd9f-2220-51d9-4156-4d742eda00d4" testName="Tests.Integration.Backend.OutputCaching.OutputCachingTests.GetPeople_ShouldReturnConsistentResponses" computerName="runnervmf4ws1" duration="00:00:00.5297025" startTime="2025-09-11T06:33:54.5214631+00:00" endTime="2025-09-11T06:33:54.5214631+00:00" testType="13cdc9d9-ddb5-4fa4-a97d-d965ccfc6d4b" outcome="Passed" testListId="8c84fa94-04c1-424b-9868-57a2d4851a1d" relativeResultsDirectory="fd14cf95-7546-4f53-b9f6-992c70724392" />
    <UnitTestResult executionId="2f5ab9a3-eaf9-4870-b336-9fc3ab5c2c84" testId="3b2e3bce-af10-026c-a2ca-d924efcd601d" testName="Tests.Integration.Backend.Compression.StaticFileCompressionTests.JsFile_ShouldBeCompressed_WhenClientSupportsGzip" computerName="runnervmf4ws1" duration="00:00:00.0022570" startTime="2025-09-11T06:32:58.7493590+00:00" endTime="2025-09-11T06:32:58.7493591+00:00" testType="13cdc9d9-ddb5-4fa4-a97d-d965ccfc6d4b" outcome="Passed" testListId="8c84fa94-04c1-424b-9868-57a2d4851a1d" relativeResultsDirectory="2f5ab9a3-eaf9-4870-b336-9fc3ab5c2c84" />
    <UnitTestResult executionId="af7b3fd0-d156-45bf-accd-f1842adba1c3" testId="ff9b3969-a7f6-2222-47ce-4595f8d0cb7e" testName="Tests.Integration.Backend.Controllers.DatabaseControllerTests.GET_Database_VerifyIntegrity_Should_Return_Integrity_Check_Result" computerName="runnervmf4ws1" duration="00:00:00.2361153" startTime="2025-09-11T06:33:38.5644766+00:00" endTime="2025-09-11T06:33:38.5644766+00:00" testType="13cdc9d9-ddb5-4fa4-a97d-d965ccfc6d4b" outcome="Passed" testListId="8c84fa94-04c1-424b-9868-57a2d4851a1d" relativeResultsDirectory="af7b3fd0-d156-45bf-accd-f1842adba1c3" />
    <UnitTestResult executionId="eef72264-d404-4f68-9de4-aa898ae4c92d" testId="aaddc149-d8b9-e302-ef68-034ece67c17b" testName="Tests.Integration.Backend.Controllers.ApiHealthTests.All_Endpoints_Should_Support_Expected_HTTP_Methods(method: &quot;GET&quot;, endpoint: &quot;/api/windows&quot;)" computerName="runnervmf4ws1" duration="00:00:00.3009524" startTime="2025-09-11T06:33:43.5260785+00:00" endTime="2025-09-11T06:33:43.5260785+00:00" testType="13cdc9d9-ddb5-4fa4-a97d-d965ccfc6d4b" outcome="Passed" testListId="8c84fa94-04c1-424b-9868-57a2d4851a1d" relativeResultsDirectory="eef72264-d404-4f68-9de4-aa898ae4c92d" />
    <UnitTestResult executionId="fb71fe92-8e76-40cc-84d2-ce3305eb6788" testId="4fd1e2d8-0d90-8547-c5f7-6f4689c0269c" testName="Tests.Integration.Backend.Controllers.RolesControllerTests.Roles_Should_Persist_Across_Requests" computerName="runnervmf4ws1" duration="00:00:00.9112634" startTime="2025-09-11T06:33:09.5058178+00:00" endTime="2025-09-11T06:33:09.5058180+00:00" testType="13cdc9d9-ddb5-4fa4-a97d-d965ccfc6d4b" outcome="Passed" testListId="8c84fa94-04c1-424b-9868-57a2d4851a1d" relativeResultsDirectory="fb71fe92-8e76-40cc-84d2-ce3305eb6788" />
    <UnitTestResult executionId="2374da5a-a501-48f4-84fc-f7fae080d02f" testId="0dfe4e62-1a92-361e-05c3-42444e197ce6" testName="Tests.Integration.Backend.OutputCaching.OutputCachingConfigurationTests.OutputCachePolicies_ShouldHaveCorrectDurations(policyName: &quot;WallsPolicy&quot;, expectedDurationSeconds: 600)" computerName="runnervmf4ws1" duration="00:00:00.0000046" startTime="2025-09-11T06:33:37.4931789+00:00" endTime="2025-09-11T06:33:37.4931789+00:00" testType="13cdc9d9-ddb5-4fa4-a97d-d965ccfc6d4b" outcome="Passed" testListId="8c84fa94-04c1-424b-9868-57a2d4851a1d" relativeResultsDirectory="2374da5a-a501-48f4-84fc-f7fae080d02f" />
    <UnitTestResult executionId="a6fd89f2-1b22-4c89-9a6d-61ff31792892" testId="96921323-114c-162a-b25a-d2db1a76a43f" testName="Tests.Integration.Backend.Controllers.ApiHealthTests.API_Should_Return_JSON_Content_Type" computerName="runnervmf4ws1" duration="00:00:00.3004275" startTime="2025-09-11T06:33:44.7343339+00:00" endTime="2025-09-11T06:33:44.7343339+00:00" testType="13cdc9d9-ddb5-4fa4-a97d-d965ccfc6d4b" outcome="Passed" testListId="8c84fa94-04c1-424b-9868-57a2d4851a1d" relativeResultsDirectory="a6fd89f2-1b22-4c89-9a6d-61ff31792892" />
    <UnitTestResult executionId="2b6f2dd3-cf79-4a2a-a07f-a6c4dfd51ad1" testId="8feb6ba1-0aea-ccd4-705a-a363165ab119" testName="Tests.Integration.Backend.Compression.ResponseCompressionTests.ApiResponse_ShouldBeCompressed_WhenClientSupportsBrotli" computerName="runnervmf4ws1" duration="00:00:00.4289366" startTime="2025-09-11T06:33:13.8498579+00:00" endTime="2025-09-11T06:33:13.8498584+00:00" testType="13cdc9d9-ddb5-4fa4-a97d-d965ccfc6d4b" outcome="Passed" testListId="8c84fa94-04c1-424b-9868-57a2d4851a1d" relativeResultsDirectory="2b6f2dd3-cf79-4a2a-a07f-a6c4dfd51ad1" />
    <UnitTestResult executionId="82f5b4b2-92c6-4ef2-9749-ca22151d37db" testId="f6484c9f-d44d-28f7-583b-e91d4b7f5382" testName="Tests.Integration.Backend.Compression.StaticFileCompressionTests.CssFile_ShouldBeCompressed_WhenClientSupportsBrotli" computerName="runnervmf4ws1" duration="00:00:00.0025896" startTime="2025-09-11T06:32:58.7353204+00:00" endTime="2025-09-11T06:32:58.7353207+00:00" testType="13cdc9d9-ddb5-4fa4-a97d-d965ccfc6d4b" outcome="Passed" testListId="8c84fa94-04c1-424b-9868-57a2d4851a1d" relativeResultsDirectory="82f5b4b2-92c6-4ef2-9749-ca22151d37db" />
    <UnitTestResult executionId="92c3ea28-ce46-4940-a888-da4fd8586c93" testId="78d2062e-7c45-d260-f795-f1b53c418237" testName="Tests.Integration.Backend.Compression.StaticFileCompressionTests.CssFile_ShouldBeCompressed_WhenClientSupportsGzip" computerName="runnervmf4ws1" duration="00:00:00.0024945" startTime="2025-09-11T06:32:58.7323032+00:00" endTime="2025-09-11T06:32:58.7323034+00:00" testType="13cdc9d9-ddb5-4fa4-a97d-d965ccfc6d4b" outcome="Passed" testListId="8c84fa94-04c1-424b-9868-57a2d4851a1d" relativeResultsDirectory="92c3ea28-ce46-4940-a888-da4fd8586c93" />
    <UnitTestResult executionId="f2671fd4-1cd0-4c5b-bc75-0db46fe4e4d4" testId="28a5e352-3d95-d1b8-53ef-7edd0326a49c" testName="Tests.Integration.Backend.Controllers.WindowsControllerTests.DELETE_Window_Should_Remove_Existing_Window" computerName="runnervmf4ws1" duration="00:00:01.5280531" startTime="2025-09-11T06:34:22.1753509+00:00" endTime="2025-09-11T06:34:22.1753509+00:00" testType="13cdc9d9-ddb5-4fa4-a97d-d965ccfc6d4b" outcome="Passed" testListId="8c84fa94-04c1-424b-9868-57a2d4851a1d" relativeResultsDirectory="f2671fd4-1cd0-4c5b-bc75-0db46fe4e4d4" />
    <UnitTestResult executionId="69c13e4d-075e-4e3d-9805-631b66acd12d" testId="9be21e93-9fc5-d98c-6abd-02370621f63e" testName="Tests.Integration.Backend.Controllers.PeopleControllerTests.DELETE_People_Should_Return_403_For_Non_Admin_User" computerName="runnervmf4ws1" duration="00:00:01.1211229" startTime="2025-09-11T06:33:37.4213728+00:00" endTime="2025-09-11T06:33:37.4213729+00:00" testType="13cdc9d9-ddb5-4fa4-a97d-d965ccfc6d4b" outcome="Passed" testListId="8c84fa94-04c1-424b-9868-57a2d4851a1d" relativeResultsDirectory="69c13e4d-075e-4e3d-9805-631b66acd12d" />
    <UnitTestResult executionId="8e67b70b-8304-4488-a709-48ef0b20dfc8" testId="5ba1ea2b-a035-33f8-2d26-2c5753c3433e" testName="Tests.Integration.Backend.Compression.StaticFileCompressionTests.UncompressedStaticFiles_ShouldNotHaveCompressionHeaders" computerName="runnervmf4ws1" duration="00:00:00.0060922" startTime="2025-09-11T06:32:58.7466619+00:00" endTime="2025-09-11T06:32:58.7466621+00:00" testType="13cdc9d9-ddb5-4fa4-a97d-d965ccfc6d4b" outcome="Passed" testListId="8c84fa94-04c1-424b-9868-57a2d4851a1d" relativeResultsDirectory="8e67b70b-8304-4488-a709-48ef0b20dfc8" />
    <UnitTestResult executionId="b9ba9752-a0fd-4075-8bde-d6386a795eb7" testId="516b5511-ab51-be62-9f5e-ce253f082ce3" testName="Tests.Integration.Backend.Controllers.ApiHealthTests.All_Controllers_Should_Be_Accessible(endpoint: &quot;/api/windows&quot;)" computerName="runnervmf4ws1" duration="00:00:00.3099855" startTime="2025-09-11T06:33:40.4471509+00:00" endTime="2025-09-11T06:33:40.4471509+00:00" testType="13cdc9d9-ddb5-4fa4-a97d-d965ccfc6d4b" outcome="Passed" testListId="8c84fa94-04c1-424b-9868-57a2d4851a1d" relativeResultsDirectory="b9ba9752-a0fd-4075-8bde-d6386a795eb7" />
    <UnitTestResult executionId="8ff0b8c7-953c-4a53-b858-c4463c40ee29" testId="297d158e-047c-5612-bd99-21893c5634e4" testName="Tests.Integration.Backend.Controllers.AuthControllerTests.POST_Refresh_Should_Return_Unauthorized_For_Invalid_RefreshToken" computerName="runnervmf4ws1" duration="00:00:00.2284656" startTime="2025-09-11T06:34:37.4392985+00:00" endTime="2025-09-11T06:34:37.4392985+00:00" testType="13cdc9d9-ddb5-4fa4-a97d-d965ccfc6d4b" outcome="Passed" testListId="8c84fa94-04c1-424b-9868-57a2d4851a1d" relativeResultsDirectory="8ff0b8c7-953c-4a53-b858-c4463c40ee29" />
    <UnitTestResult executionId="836bf41e-955f-41a3-a1fb-58e51f15d4ac" testId="585749df-18b6-91ed-3a17-d18e3a118780" testName="Tests.Integration.Backend.OutputCaching.CachingE2ETests.AllCachedEndpoints_ShouldReturnCacheHeaders(endpoint: &quot;/api/windows&quot;)" computerName="runnervmf4ws1" duration="00:00:00.5328510" startTime="2025-09-11T06:34:04.6601274+00:00" endTime="2025-09-11T06:34:04.6601275+00:00" testType="13cdc9d9-ddb5-4fa4-a97d-d965ccfc6d4b" outcome="Passed" testListId="8c84fa94-04c1-424b-9868-57a2d4851a1d" relativeResultsDirectory="836bf41e-955f-41a3-a1fb-58e51f15d4ac">
      <Output>
        <StdOut>Endpoint: /api/windows
  Cache-Control: public, max-age=60
  ETag: "11FxOYiYfpMxmANj4kGJzg"
  Last-Modified: 09/11/2025 06:34:04 +00:00</StdOut>
      </Output>
    </UnitTestResult>
    <UnitTestResult executionId="75f43b0d-1d72-48cb-b3b5-9d3705e7e40c" testId="f8a89fdf-3bc2-915a-c2bf-5b68e643a78c" testName="Tests.Integration.Backend.OutputCaching.CacheInvalidationTests.PostRole_ShouldInvalidateRolesCache" computerName="runnervmf4ws1" duration="00:00:01.1442566" startTime="2025-09-11T06:33:19.4742795+00:00" endTime="2025-09-11T06:33:19.4742797+00:00" testType="13cdc9d9-ddb5-4fa4-a97d-d965ccfc6d4b" outcome="Passed" testListId="8c84fa94-04c1-424b-9868-57a2d4851a1d" relativeResultsDirectory="75f43b0d-1d72-48cb-b3b5-9d3705e7e40c" />
    <UnitTestResult executionId="4934dc58-e18a-44f4-9d7d-7ef2dc5670ad" testId="3c9c11b5-6967-f47a-cfd8-d22458fa9229" testName="Tests.Integration.Backend.OutputCaching.ConditionalRequestTests.CacheHeaders_ShouldBePresent_OnGetRequests" computerName="runnervmf4ws1" duration="00:00:00.5644766" startTime="2025-09-11T06:33:56.2065801+00:00" endTime="2025-09-11T06:33:56.2065802+00:00" testType="13cdc9d9-ddb5-4fa4-a97d-d965ccfc6d4b" outcome="Passed" testListId="8c84fa94-04c1-424b-9868-57a2d4851a1d" relativeResultsDirectory="4934dc58-e18a-44f4-9d7d-7ef2dc5670ad" />
    <UnitTestResult executionId="fb7b7668-69db-41c9-9e0b-510a9fd21e07" testId="7ad6cdf7-78b9-6f08-7531-fe00a6e266bc" testName="Tests.Integration.Backend.OutputCaching.CacheInvalidationTests.PostWall_ShouldInvalidateWallsCache" computerName="runnervmf4ws1" duration="00:00:01.1831098" startTime="2025-09-11T06:33:22.9790872+00:00" endTime="2025-09-11T06:33:22.9790876+00:00" testType="13cdc9d9-ddb5-4fa4-a97d-d965ccfc6d4b" outcome="Passed" testListId="8c84fa94-04c1-424b-9868-57a2d4851a1d" relativeResultsDirectory="fb7b7668-69db-41c9-9e0b-510a9fd21e07" />
    <UnitTestResult executionId="4fbd1892-518d-41d1-8cd4-720617cdb797" testId="d9ffd841-a3fd-b913-e8c1-55347431d17d" testName="Tests.Integration.Backend.Controllers.WindowsControllerTests.GET_Windows_Should_Return_All_Windows" computerName="runnervmf4ws1" duration="00:00:01.5176425" startTime="2025-09-11T06:34:23.6934148+00:00" endTime="2025-09-11T06:34:23.6934148+00:00" testType="13cdc9d9-ddb5-4fa4-a97d-d965ccfc6d4b" outcome="Passed" testListId="8c84fa94-04c1-424b-9868-57a2d4851a1d" relativeResultsDirectory="4fbd1892-518d-41d1-8cd4-720617cdb797" />
    <UnitTestResult executionId="b236c306-e01a-44d4-8121-d99c61817bce" testId="a4e7fe1d-8462-8e20-a217-708cdc9d8f6a" testName="Tests.Integration.Backend.Controllers.WallsControllerTests.Walls_Should_Persist_Timestamps_Correctly" computerName="runnervmf4ws1" duration="00:00:01.6073519" startTime="2025-09-11T06:34:16.2011901+00:00" endTime="2025-09-11T06:34:16.2011901+00:00" testType="13cdc9d9-ddb5-4fa4-a97d-d965ccfc6d4b" outcome="Passed" testListId="8c84fa94-04c1-424b-9868-57a2d4851a1d" relativeResultsDirectory="b236c306-e01a-44d4-8121-d99c61817bce" />
    <UnitTestResult executionId="cc67a60b-8cf6-49ab-a3a4-76ea1c403801" testId="3aa435ad-a9a4-65ee-4bc9-21f73753b103" testName="Tests.Integration.Backend.OutputCaching.OutputCachingConfigurationTests.OutputCaching_ShouldBeRegisteredInServices" computerName="runnervmf4ws1" duration="00:00:00.0001881" startTime="2025-09-11T06:33:37.5287380+00:00" endTime="2025-09-11T06:33:37.5287380+00:00" testType="13cdc9d9-ddb5-4fa4-a97d-d965ccfc6d4b" outcome="Passed" testListId="8c84fa94-04c1-424b-9868-57a2d4851a1d" relativeResultsDirectory="cc67a60b-8cf6-49ab-a3a4-76ea1c403801" />
    <UnitTestResult executionId="3d760c91-c5af-4a32-863d-cf22bb6362b5" testId="8b7765b0-2273-0340-cca9-006e0a342472" testName="Tests.Integration.Backend.Controllers.WindowsControllerTests.Windows_Should_Persist_Timestamps_Correctly" computerName="runnervmf4ws1" duration="00:00:01.6027673" startTime="2025-09-11T06:34:30.4225219+00:00" endTime="2025-09-11T06:34:30.4225219+00:00" testType="13cdc9d9-ddb5-4fa4-a97d-d965ccfc6d4b" outcome="Passed" testListId="8c84fa94-04c1-424b-9868-57a2d4851a1d" relativeResultsDirectory="3d760c91-c5af-4a32-863d-cf22bb6362b5" />
    <UnitTestResult executionId="3d589075-5323-4be9-9a5f-2cb5311c3b4e" testId="06592b62-9486-dc14-09e9-81aa1f2eb0eb" testName="Tests.Integration.Backend.Compression.StaticFileCompressionTests.CompressedStaticFiles_ShouldBeSmallerThanUncompressed" computerName="runnervmf4ws1" duration="00:00:00.0031854" startTime="2025-09-11T06:32:58.7529708+00:00" endTime="2025-09-11T06:32:58.7529709+00:00" testType="13cdc9d9-ddb5-4fa4-a97d-d965ccfc6d4b" outcome="Passed" testListId="8c84fa94-04c1-424b-9868-57a2d4851a1d" relativeResultsDirectory="3d589075-5323-4be9-9a5f-2cb5311c3b4e" />
    <UnitTestResult executionId="f8689812-1e0a-4df1-8714-7f1be257e48b" testId="1a8b33fa-e8e7-c5c8-b527-0b5fd94498f4" testName="Tests.Integration.Backend.OutputCaching.CacheInvalidationTests.PostPerson_ShouldInvalidateListCache" computerName="runnervmf4ws1" duration="00:00:01.1786083" startTime="2025-09-11T06:33:18.3296227+00:00" endTime="2025-09-11T06:33:18.3296229+00:00" testType="13cdc9d9-ddb5-4fa4-a97d-d965ccfc6d4b" outcome="Passed" testListId="8c84fa94-04c1-424b-9868-57a2d4851a1d" relativeResultsDirectory="f8689812-1e0a-4df1-8714-7f1be257e48b" />
    <UnitTestResult executionId="eaa228c6-ed9d-4b9c-b1f4-be586948d302" testId="06054800-c7da-a693-e1d3-d81d35d825c2" testName="Tests.Integration.Backend.Controllers.ApiHealthTests.All_Controllers_Should_Be_Accessible(endpoint: &quot;/api/people&quot;)" computerName="runnervmf4ws1" duration="00:00:00.3650291" startTime="2025-09-11T06:33:39.5055322+00:00" endTime="2025-09-11T06:33:39.5055323+00:00" testType="13cdc9d9-ddb5-4fa4-a97d-d965ccfc6d4b" outcome="Passed" testListId="8c84fa94-04c1-424b-9868-57a2d4851a1d" relativeResultsDirectory="eaa228c6-ed9d-4b9c-b1f4-be586948d302" />
    <UnitTestResult executionId="a4a81dcb-a4c4-4865-85a6-b29cb7164a24" testId="87f4b6f2-4d01-15e3-8fa0-456f1577e608" testName="Tests.Integration.Backend.Controllers.AuthControllerPasswordResetTests.POST_ResetPassword_WithInvalidToken_Should_Return_Error" computerName="runnervmf4ws1" duration="00:00:00.2308855" startTime="2025-09-11T06:32:58.2056377+00:00" endTime="2025-09-11T06:32:58.2056379+00:00" testType="13cdc9d9-ddb5-4fa4-a97d-d965ccfc6d4b" outcome="Passed" testListId="8c84fa94-04c1-424b-9868-57a2d4851a1d" relativeResultsDirectory="a4a81dcb-a4c4-4865-85a6-b29cb7164a24" />
    <UnitTestResult executionId="d6313d6f-41bb-4995-8e29-f1dd868f692a" testId="53a7b40c-019b-3989-42c2-31ec0027eed1" testName="Tests.Integration.Backend.OutputCaching.OutputCachingTests.GetWindows_ShouldReturnConsistentResponses" computerName="runnervmf4ws1" duration="00:00:00.5363192" startTime="2025-09-11T06:33:53.4474100+00:00" endTime="2025-09-11T06:33:53.4474100+00:00" testType="13cdc9d9-ddb5-4fa4-a97d-d965ccfc6d4b" outcome="Passed" testListId="8c84fa94-04c1-424b-9868-57a2d4851a1d" relativeResultsDirectory="d6313d6f-41bb-4995-8e29-f1dd868f692a" />
    <UnitTestResult executionId="ed7a8f0e-18c6-4d2c-a7fa-cfaa2039bdf0" testId="41853896-8f31-97ce-b78f-41cf4c24e045" testName="Tests.Integration.Backend.Controllers.PeopleControllerTests.POST_People_Should_Return_403_For_Non_Admin_User" computerName="runnervmf4ws1" duration="00:00:00.5410355" startTime="2025-09-11T06:33:32.6825937+00:00" endTime="2025-09-11T06:33:32.6825937+00:00" testType="13cdc9d9-ddb5-4fa4-a97d-d965ccfc6d4b" outcome="Passed" testListId="8c84fa94-04c1-424b-9868-57a2d4851a1d" relativeResultsDirectory="ed7a8f0e-18c6-4d2c-a7fa-cfaa2039bdf0" />
    <UnitTestResult executionId="5f294ab0-f7e3-4b4a-8369-e66b9842d784" testId="29ba8dce-52f9-1a09-beb5-2c73bb03e4dd" testName="Tests.Integration.Backend.Controllers.RolesControllerTests.GET_Role_By_Id_Should_Return_404_When_Not_Exists" computerName="runnervmf4ws1" duration="00:00:00.5222601" startTime="2025-09-11T06:33:11.6905156+00:00" endTime="2025-09-11T06:33:11.6905158+00:00" testType="13cdc9d9-ddb5-4fa4-a97d-d965ccfc6d4b" outcome="Passed" testListId="8c84fa94-04c1-424b-9868-57a2d4851a1d" relativeResultsDirectory="5f294ab0-f7e3-4b4a-8369-e66b9842d784" />
    <UnitTestResult executionId="e7fc9f53-4cad-462a-8954-e778a134e67c" testId="3115f456-ece1-1790-9284-157082a1d43c" testName="Tests.Integration.Backend.Controllers.RolesControllerTests.POST_Roles_Should_Return_400_For_Invalid_Data" computerName="runnervmf4ws1" duration="00:00:00.8298411" startTime="2025-09-11T06:33:10.3362163+00:00" endTime="2025-09-11T06:33:10.3362165+00:00" testType="13cdc9d9-ddb5-4fa4-a97d-d965ccfc6d4b" outcome="Passed" testListId="8c84fa94-04c1-424b-9868-57a2d4851a1d" relativeResultsDirectory="e7fc9f53-4cad-462a-8954-e778a134e67c" />
    <UnitTestResult executionId="25791082-e63f-40ff-9a67-60ea499c301e" testId="187ff446-ae11-3e2e-df34-66d33f545ac9" testName="Tests.Integration.Backend.Controllers.ApiHealthTests.All_Controllers_Should_Be_Accessible(endpoint: &quot;/api/roles&quot;)" computerName="runnervmf4ws1" duration="00:00:00.3095788" startTime="2025-09-11T06:33:40.1367723+00:00" endTime="2025-09-11T06:33:40.1367723+00:00" testType="13cdc9d9-ddb5-4fa4-a97d-d965ccfc6d4b" outcome="Passed" testListId="8c84fa94-04c1-424b-9868-57a2d4851a1d" relativeResultsDirectory="25791082-e63f-40ff-9a67-60ea499c301e" />
    <UnitTestResult executionId="0fb22216-1487-4fda-9ef0-e7081226d462" testId="60a682be-767f-9c17-a43b-33d1adbef252" testName="Tests.Integration.Backend.Controllers.PeopleControllerTests.POST_People_Should_Return_401_Without_Authentication" computerName="runnervmf4ws1" duration="00:00:00.2263505" startTime="2025-09-11T06:33:30.4931314+00:00" endTime="2025-09-11T06:33:30.4931314+00:00" testType="13cdc9d9-ddb5-4fa4-a97d-d965ccfc6d4b" outcome="Passed" testListId="8c84fa94-04c1-424b-9868-57a2d4851a1d" relativeResultsDirectory="0fb22216-1487-4fda-9ef0-e7081226d462" />
    <UnitTestResult executionId="1be1b86e-877f-422f-a438-32f3fe89cf53" testId="ab17e4f5-654f-3749-a1be-206a5019e954" testName="Tests.Integration.Backend.Controllers.WallsControllerTests.POST_Wall_Should_Calculate_And_Store_Complex_Properties" computerName="runnervmf4ws1" duration="00:00:00.6013617" startTime="2025-09-11T06:34:13.4692523+00:00" endTime="2025-09-11T06:34:13.4692523+00:00" testType="13cdc9d9-ddb5-4fa4-a97d-d965ccfc6d4b" outcome="Passed" testListId="8c84fa94-04c1-424b-9868-57a2d4851a1d" relativeResultsDirectory="1be1b86e-877f-422f-a438-32f3fe89cf53" />
    <UnitTestResult executionId="11d7279e-600f-4f1b-8224-2ed6493fcbed" testId="70e1a820-63f2-9d05-e43e-21258bccb063" testName="Tests.Integration.Backend.OutputCaching.CachingE2ETests.CompleteCachingWorkflow_ShouldPerformAsExpected" computerName="runnervmf4ws1" duration="00:00:01.1259869" startTime="2025-09-11T06:34:03.0785013+00:00" endTime="2025-09-11T06:34:03.0785013+00:00" testType="13cdc9d9-ddb5-4fa4-a97d-d965ccfc6d4b" outcome="Passed" testListId="8c84fa94-04c1-424b-9868-57a2d4851a1d" relativeResultsDirectory="11d7279e-600f-4f1b-8224-2ed6493fcbed">
      <Output>
        <StdOut>Initial request (cache miss): 2ms
Cached request (cache hit): 0ms
Conditional request (304): 0ms
After invalidation (cache miss): 1ms
Final cached request: 0ms</StdOut>
      </Output>
    </UnitTestResult>
    <UnitTestResult executionId="d8e85497-a8f3-482f-8d8b-d6ab6df80adb" testId="de79744e-fb76-44fa-6422-be59e037cde5" testName="Tests.Integration.Backend.OutputCaching.CachingE2ETests.CachePerformance_ShouldShowSignificantImprovement" computerName="runnervmf4ws1" duration="00:00:00.5459415" startTime="2025-09-11T06:34:01.9524031+00:00" endTime="2025-09-11T06:34:01.9524031+00:00" testType="13cdc9d9-ddb5-4fa4-a97d-d965ccfc6d4b" outcome="Passed" testListId="8c84fa94-04c1-424b-9868-57a2d4851a1d" relativeResultsDirectory="d8e85497-a8f3-482f-8d8b-d6ab6df80adb">
      <Output>
        <StdOut>Initial request: 2ms
Average cached request: 0ms
Performance improvement: Infinityx faster</StdOut>
      </Output>
    </UnitTestResult>
    <UnitTestResult executionId="d9ae0863-9a9d-4184-a5e8-41c2e817c005" testId="76fbe764-5e84-e751-cc4c-187af70eca54" testName="Tests.Integration.Backend.Infrastructure.GenericRepositoryIntegrationTests.GenericRepository_ShouldWorkWithSpecifications_EndToEnd" computerName="runnervmf4ws1" duration="00:00:00.2792027" startTime="2025-09-11T06:34:19.1597794+00:00" endTime="2025-09-11T06:34:19.1597795+00:00" testType="13cdc9d9-ddb5-4fa4-a97d-d965ccfc6d4b" outcome="Passed" testListId="8c84fa94-04c1-424b-9868-57a2d4851a1d" relativeResultsDirectory="d9ae0863-9a9d-4184-a5e8-41c2e817c005" />
    <UnitTestResult executionId="b05de5ee-8e30-4735-8315-5f253a6de9da" testId="a46a2a4d-c658-0cec-efdf-8b3a220df306" testName="Tests.Integration.Backend.OutputCaching.OutputCachingConfigurationTests.OutputCaching_ShouldUseRedisWhenConfigured" computerName="runnervmf4ws1" duration="00:00:00.0346289" startTime="2025-09-11T06:33:37.5278894+00:00" endTime="2025-09-11T06:33:37.5278895+00:00" testType="13cdc9d9-ddb5-4fa4-a97d-d965ccfc6d4b" outcome="Passed" testListId="8c84fa94-04c1-424b-9868-57a2d4851a1d" relativeResultsDirectory="b05de5ee-8e30-4735-8315-5f253a6de9da" />
    <UnitTestResult executionId="9441f90f-edee-468c-a12b-5542698c61dd" testId="01f8b1a1-47e4-68c0-8cf3-4a745a731823" testName="Tests.Integration.Backend.Controllers.WallsControllerTests.GET_Wall_By_Id_Should_Return_404_When_Not_Exists" computerName="runnervmf4ws1" duration="00:00:00.3012955" startTime="2025-09-11T06:34:17.9981357+00:00" endTime="2025-09-11T06:34:17.9981358+00:00" testType="13cdc9d9-ddb5-4fa4-a97d-d965ccfc6d4b" outcome="Passed" testListId="8c84fa94-04c1-424b-9868-57a2d4851a1d" relativeResultsDirectory="9441f90f-edee-468c-a12b-5542698c61dd" />
    <UnitTestResult executionId="038ea824-805b-4e0d-9741-d5df2f9f80b7" testId="6701ad16-b836-ee76-0566-4e5adb91c861" testName="Tests.Integration.Backend.OutputCaching.CachingE2ETests.AllCachedEndpoints_ShouldReturnCacheHeaders(endpoint: &quot;/api/roles&quot;)" computerName="runnervmf4ws1" duration="00:00:00.5190329" startTime="2025-09-11T06:34:04.1268853+00:00" endTime="2025-09-11T06:34:04.1268853+00:00" testType="13cdc9d9-ddb5-4fa4-a97d-d965ccfc6d4b" outcome="Passed" testListId="8c84fa94-04c1-424b-9868-57a2d4851a1d" relativeResultsDirectory="038ea824-805b-4e0d-9741-d5df2f9f80b7">
      <Output>
        <StdOut>Endpoint: /api/roles
  Cache-Control: public, max-age=60
  ETag: "1mNT6cYXsYooDNKmNE_QhA"
  Last-Modified: 09/11/2025 06:34:04 +00:00</StdOut>
      </Output>
    </UnitTestResult>
    <UnitTestResult executionId="0b0b3817-e953-4cd8-b308-6a6a3c1e3051" testId="3ff5fdb0-8488-3e48-6905-fa8bdf7eaa4c" testName="Tests.Integration.Backend.Controllers.AuthControllerTests.POST_Register_Should_Return_BadRequest_For_Existing_Email" computerName="runnervmf4ws1" duration="00:00:00.5294696" startTime="2025-09-11T06:34:33.6044101+00:00" endTime="2025-09-11T06:34:33.6044102+00:00" testType="13cdc9d9-ddb5-4fa4-a97d-d965ccfc6d4b" outcome="Passed" testListId="8c84fa94-04c1-424b-9868-57a2d4851a1d" relativeResultsDirectory="0b0b3817-e953-4cd8-b308-6a6a3c1e3051" />
    <UnitTestResult executionId="82380dfe-4fea-4e68-b29c-34d31003e50f" testId="41b359b4-fccb-bafc-c2ca-d65a5df61c20" testName="Tests.Integration.Backend.Controllers.WindowsControllerTests.PUT_Window_Should_Return_404_When_Not_Exists" computerName="runnervmf4ws1" duration="00:00:00.5996213" startTime="2025-09-11T06:34:31.0224794+00:00" endTime="2025-09-11T06:34:31.0224794+00:00" testType="13cdc9d9-ddb5-4fa4-a97d-d965ccfc6d4b" outcome="Passed" testListId="8c84fa94-04c1-424b-9868-57a2d4851a1d" relativeResultsDirectory="82380dfe-4fea-4e68-b29c-34d31003e50f" />
    <UnitTestResult executionId="fbda2061-282c-4279-b015-5442fec1065f" testId="f63011fd-c6a3-fc9c-0ff5-216045de6e40" testName="Tests.Integration.Backend.E2E.AuthenticationE2ETests.Registration_Should_Validate_Email_Format" computerName="runnervmf4ws1" duration="00:00:00.0264496" startTime="2025-09-11T06:33:00.7793637+00:00" endTime="2025-09-11T06:33:00.7793640+00:00" testType="13cdc9d9-ddb5-4fa4-a97d-d965ccfc6d4b" outcome="Passed" testListId="8c84fa94-04c1-424b-9868-57a2d4851a1d" relativeResultsDirectory="fbda2061-282c-4279-b015-5442fec1065f" />
    <UnitTestResult executionId="92a9cf25-4933-4be2-9a61-964e1643bb66" testId="c1e9fd41-ccc9-89c1-34d7-2e348277c312" testName="Tests.Integration.Backend.E2E.AuthenticationE2ETests.Protected_Endpoint_Should_Require_Authentication" computerName="runnervmf4ws1" duration="00:00:00.0048024" startTime="2025-09-11T06:33:01.4425308+00:00" endTime="2025-09-11T06:33:01.4425310+00:00" testType="13cdc9d9-ddb5-4fa4-a97d-d965ccfc6d4b" outcome="Passed" testListId="8c84fa94-04c1-424b-9868-57a2d4851a1d" relativeResultsDirectory="92a9cf25-4933-4be2-9a61-964e1643bb66" />
    <UnitTestResult executionId="ae4f4add-f139-481e-af3b-80f8e5a8527e" testId="8231f168-9927-9d00-f91d-f5006f875a5b" testName="Tests.Integration.Backend.Controllers.ApiHealthTests.All_Controllers_Should_Be_Accessible(endpoint: &quot;/api/walls&quot;)" computerName="runnervmf4ws1" duration="00:00:00.3207558" startTime="2025-09-11T06:33:39.8268045+00:00" endTime="2025-09-11T06:33:39.8268045+00:00" testType="13cdc9d9-ddb5-4fa4-a97d-d965ccfc6d4b" outcome="Passed" testListId="8c84fa94-04c1-424b-9868-57a2d4851a1d" relativeResultsDirectory="ae4f4add-f139-481e-af3b-80f8e5a8527e" />
    <UnitTestResult executionId="a15c468a-e10d-40eb-aa12-87b7b79a5aa0" testId="78b405b2-a7b4-22cc-fd25-19657615e9ba" testName="Tests.Integration.Backend.Controllers.PeopleControllerTests.PUT_People_Should_Return_404_For_NonExistent_Person" computerName="runnervmf4ws1" duration="00:00:00.8255504" startTime="2025-09-11T06:33:35.1666185+00:00" endTime="2025-09-11T06:33:35.1666185+00:00" testType="13cdc9d9-ddb5-4fa4-a97d-d965ccfc6d4b" outcome="Passed" testListId="8c84fa94-04c1-424b-9868-57a2d4851a1d" relativeResultsDirectory="a15c468a-e10d-40eb-aa12-87b7b79a5aa0" />
    <UnitTestResult executionId="80436743-3b5b-4067-9f20-036845890740" testId="fb20298c-4879-8f71-4e88-e39a0110f3e6" testName="Tests.Integration.Backend.OutputCaching.CachingE2ETests.ConcurrentRequests_ShouldBeCachedEfficiently" computerName="runnervmf4ws1" duration="00:00:00.5246339" startTime="2025-09-11T06:34:05.7139653+00:00" endTime="2025-09-11T06:34:05.7139653+00:00" testType="13cdc9d9-ddb5-4fa4-a97d-d965ccfc6d4b" outcome="Passed" testListId="8c84fa94-04c1-424b-9868-57a2d4851a1d" relativeResultsDirectory="80436743-3b5b-4067-9f20-036845890740">
      <Output>
        <StdOut>20 concurrent requests completed in 3ms
Average time per request: 0.15ms</StdOut>
      </Output>
    </UnitTestResult>
    <UnitTestResult executionId="89e92b17-a837-488d-aa31-3984937480aa" testId="9525fcd3-b949-7544-779c-3d3500ebec99" testName="Tests.Integration.Backend.Controllers.RolesControllerTests.PUT_Role_Should_Update_Existing_Role" computerName="runnervmf4ws1" duration="00:00:01.5192870" startTime="2025-09-11T06:33:07.4436258+00:00" endTime="2025-09-11T06:33:07.4436260+00:00" testType="13cdc9d9-ddb5-4fa4-a97d-d965ccfc6d4b" outcome="Passed" testListId="8c84fa94-04c1-424b-9868-57a2d4851a1d" relativeResultsDirectory="89e92b17-a837-488d-aa31-3984937480aa" />
    <UnitTestResult executionId="a8c772aa-2f6a-4b67-851e-d38a5b4a9379" testId="cca41772-191f-0a82-bb6f-ddd4fb32e2c7" testName="Tests.Integration.Backend.Controllers.WallsControllerTests.PUT_Wall_Should_Update_Existing_Wall" computerName="runnervmf4ws1" duration="00:00:01.4948383" startTime="2025-09-11T06:34:17.6964428+00:00" endTime="2025-09-11T06:34:17.6964429+00:00" testType="13cdc9d9-ddb5-4fa4-a97d-d965ccfc6d4b" outcome="Passed" testListId="8c84fa94-04c1-424b-9868-57a2d4851a1d" relativeResultsDirectory="a8c772aa-2f6a-4b67-851e-d38a5b4a9379" />
    <UnitTestResult executionId="01e158ae-2ff9-453f-9306-a16cbb754390" testId="39e1ba24-0a2a-e8f7-d815-046e06e37c3f" testName="Tests.Integration.Backend.Controllers.WallsControllerTests.POST_Walls_Should_Return_400_For_Invalid_Data" computerName="runnervmf4ws1" duration="00:00:00.5993385" startTime="2025-09-11T06:34:10.1647536+00:00" endTime="2025-09-11T06:34:10.1647537+00:00" testType="13cdc9d9-ddb5-4fa4-a97d-d965ccfc6d4b" outcome="Passed" testListId="8c84fa94-04c1-424b-9868-57a2d4851a1d" relativeResultsDirectory="01e158ae-2ff9-453f-9306-a16cbb754390" />
    <UnitTestResult executionId="8f51b910-383b-4bb3-b0a8-8a934169af1b" testId="33b821d5-726b-640c-d1cd-04721e7e48d9" testName="Tests.Integration.Backend.Controllers.RolesControllerTests.GET_Roles_Should_Return_All_Roles" computerName="runnervmf4ws1" duration="00:00:01.8336420" startTime="2025-09-11T06:33:04.3833211+00:00" endTime="2025-09-11T06:33:04.3833214+00:00" testType="13cdc9d9-ddb5-4fa4-a97d-d965ccfc6d4b" outcome="Passed" testListId="8c84fa94-04c1-424b-9868-57a2d4851a1d" relativeResultsDirectory="8f51b910-383b-4bb3-b0a8-8a934169af1b" />
  </Results>
  <TestDefinitions>
    <UnitTest name="Tests.Integration.Backend.Compression.ResponseCompressionTests.ResponseCompressionServices_ShouldBeRegistered" storage="/home/runner/work/crud/crud/test/tests.integration.backend/bin/release/net8.0/tests.integration.backend.dll" id="e164b20e-2591-89f8-06fb-740275819de8">
      <Execution id="ca51a5e4-8d07-47b3-b2af-28a85fa04ca2" />
      <TestMethod codeBase="/home/runner/work/Crud/Crud/test/Tests.Integration.Backend/bin/Release/net8.0/Tests.Integration.Backend.dll" adapterTypeName="executor://xunit/VsTestRunner2/netcoreapp" className="Tests.Integration.Backend.Compression.ResponseCompressionTests" name="ResponseCompressionServices_ShouldBeRegistered" />
    </UnitTest>
    <UnitTest name="Tests.Integration.Backend.OutputCaching.CachingE2ETests.EntityCaching_ShouldCacheIndividualEntities" storage="/home/runner/work/crud/crud/test/tests.integration.backend/bin/release/net8.0/tests.integration.backend.dll" id="41b3b4e1-06a8-534f-90a6-fb2576f3807d">
      <Execution id="b63c421d-6017-4c3b-9e73-11ea207c3061" />
      <TestMethod codeBase="/home/runner/work/Crud/Crud/test/Tests.Integration.Backend/bin/Release/net8.0/Tests.Integration.Backend.dll" adapterTypeName="executor://xunit/VsTestRunner2/netcoreapp" className="Tests.Integration.Backend.OutputCaching.CachingE2ETests" name="EntityCaching_ShouldCacheIndividualEntities" />
    </UnitTest>
    <UnitTest name="Tests.Integration.Backend.Compression.ResponseCompressionTests.SmallResponse_ShouldNotBeCompressed_WhenBelowThreshold" storage="/home/runner/work/crud/crud/test/tests.integration.backend/bin/release/net8.0/tests.integration.backend.dll" id="a52f36e0-aa87-4104-3036-3d7d9607f688">
      <Execution id="c9a6fdc4-b41a-4ed3-8744-e3e251fb922b" />
      <TestMethod codeBase="/home/runner/work/Crud/Crud/test/Tests.Integration.Backend/bin/Release/net8.0/Tests.Integration.Backend.dll" adapterTypeName="executor://xunit/VsTestRunner2/netcoreapp" className="Tests.Integration.Backend.Compression.ResponseCompressionTests" name="SmallResponse_ShouldNotBeCompressed_WhenBelowThreshold" />
    </UnitTest>
    <UnitTest name="Tests.Integration.Backend.Controllers.PeopleControllerTests.DELETE_People_Should_Remove_Person" storage="/home/runner/work/crud/crud/test/tests.integration.backend/bin/release/net8.0/tests.integration.backend.dll" id="60dfb5c8-db46-6bbb-f8af-46af1d350941">
      <Execution id="eb257ecd-3584-4fae-821d-5d9aade84e5a" />
      <TestMethod codeBase="/home/runner/work/Crud/Crud/test/Tests.Integration.Backend/bin/Release/net8.0/Tests.Integration.Backend.dll" adapterTypeName="executor://xunit/VsTestRunner2/netcoreapp" className="Tests.Integration.Backend.Controllers.PeopleControllerTests" name="DELETE_People_Should_Remove_Person" />
    </UnitTest>
    <UnitTest name="Tests.Integration.Backend.Infrastructure.GenericRepositoryIntegrationTests.GenericRepository_ShouldWorkWithSpecifications_EndToEnd" storage="/home/runner/work/crud/crud/test/tests.integration.backend/bin/release/net8.0/tests.integration.backend.dll" id="76fbe764-5e84-e751-cc4c-187af70eca54">
      <Execution id="d9ae0863-9a9d-4184-a5e8-41c2e817c005" />
      <TestMethod codeBase="/home/runner/work/Crud/Crud/test/Tests.Integration.Backend/bin/Release/net8.0/Tests.Integration.Backend.dll" adapterTypeName="executor://xunit/VsTestRunner2/netcoreapp" className="Tests.Integration.Backend.Infrastructure.GenericRepositoryIntegrationTests" name="GenericRepository_ShouldWorkWithSpecifications_EndToEnd" />
    </UnitTest>
    <UnitTest name="Tests.Integration.Backend.Controllers.AuthControllerPasswordResetTests.POST_ValidateResetToken_WithValidToken_Should_Return_Valid_Status" storage="/home/runner/work/crud/crud/test/tests.integration.backend/bin/release/net8.0/tests.integration.backend.dll" id="84be9167-1ae7-c4b1-fa12-da145604b354">
      <Execution id="753a1965-2ae7-4389-85ee-c995142682a2" />
      <TestMethod codeBase="/home/runner/work/Crud/Crud/test/Tests.Integration.Backend/bin/Release/net8.0/Tests.Integration.Backend.dll" adapterTypeName="executor://xunit/VsTestRunner2/netcoreapp" className="Tests.Integration.Backend.Controllers.AuthControllerPasswordResetTests" name="POST_ValidateResetToken_WithValidToken_Should_Return_Valid_Status" />
    </UnitTest>
    <UnitTest name="Tests.Integration.Backend.Controllers.WallsControllerTests.POST_Walls_Should_Validate_Numeric_Ranges" storage="/home/runner/work/crud/crud/test/tests.integration.backend/bin/release/net8.0/tests.integration.backend.dll" id="bd9e404f-7715-359c-e0a9-f0f39ae1a952">
      <Execution id="c8e2f0df-bda9-4f41-96ad-cb7db8946fb7" />
      <TestMethod codeBase="/home/runner/work/Crud/Crud/test/Tests.Integration.Backend/bin/Release/net8.0/Tests.Integration.Backend.dll" adapterTypeName="executor://xunit/VsTestRunner2/netcoreapp" className="Tests.Integration.Backend.Controllers.WallsControllerTests" name="POST_Walls_Should_Validate_Numeric_Ranges" />
    </UnitTest>
    <UnitTest name="Tests.Integration.Backend.Controllers.ApiHealthTests.API_Should_Be_Responsive" storage="/home/runner/work/crud/crud/test/tests.integration.backend/bin/release/net8.0/tests.integration.backend.dll" id="37ce62cb-c39d-d9d9-9814-53126b8a17ea">
      <Execution id="d6540e9c-78b8-4e3a-be3c-59de7b57fb83" />
      <TestMethod codeBase="/home/runner/work/Crud/Crud/test/Tests.Integration.Backend/bin/Release/net8.0/Tests.Integration.Backend.dll" adapterTypeName="executor://xunit/VsTestRunner2/netcoreapp" className="Tests.Integration.Backend.Controllers.ApiHealthTests" name="API_Should_Be_Responsive" />
    </UnitTest>
    <UnitTest name="Tests.Integration.Backend.Controllers.WindowsControllerTests.DELETE_Window_Should_Remove_Existing_Window" storage="/home/runner/work/crud/crud/test/tests.integration.backend/bin/release/net8.0/tests.integration.backend.dll" id="28a5e352-3d95-d1b8-53ef-7edd0326a49c">
      <Execution id="f2671fd4-1cd0-4c5b-bc75-0db46fe4e4d4" />
      <TestMethod codeBase="/home/runner/work/Crud/Crud/test/Tests.Integration.Backend/bin/Release/net8.0/Tests.Integration.Backend.dll" adapterTypeName="executor://xunit/VsTestRunner2/netcoreapp" className="Tests.Integration.Backend.Controllers.WindowsControllerTests" name="DELETE_Window_Should_Remove_Existing_Window" />
    </UnitTest>
    <UnitTest name="Tests.Integration.Backend.Controllers.WindowsControllerTests.GET_Windows_Should_Return_Empty_List_Initially" storage="/home/runner/work/crud/crud/test/tests.integration.backend/bin/release/net8.0/tests.integration.backend.dll" id="1dbf163c-bf18-d62c-e932-92ef9d3bc71a">
      <Execution id="d91d4ead-eae6-40af-bc42-6d6311c9aa74" />
      <TestMethod codeBase="/home/runner/work/Crud/Crud/test/Tests.Integration.Backend/bin/Release/net8.0/Tests.Integration.Backend.dll" adapterTypeName="executor://xunit/VsTestRunner2/netcoreapp" className="Tests.Integration.Backend.Controllers.WindowsControllerTests" name="GET_Windows_Should_Return_Empty_List_Initially" />
    </UnitTest>
    <UnitTest name="Tests.Integration.Backend.OutputCaching.OutputCachingTests.GetPeople_ShouldReturnConsistentResponses" storage="/home/runner/work/crud/crud/test/tests.integration.backend/bin/release/net8.0/tests.integration.backend.dll" id="0786cd9f-2220-51d9-4156-4d742eda00d4">
      <Execution id="fd14cf95-7546-4f53-b9f6-992c70724392" />
      <TestMethod codeBase="/home/runner/work/Crud/Crud/test/Tests.Integration.Backend/bin/Release/net8.0/Tests.Integration.Backend.dll" adapterTypeName="executor://xunit/VsTestRunner2/netcoreapp" className="Tests.Integration.Backend.OutputCaching.OutputCachingTests" name="GetPeople_ShouldReturnConsistentResponses" />
    </UnitTest>
    <UnitTest name="Tests.Integration.Backend.Controllers.PeopleControllerTests.DELETE_People_Should_Return_403_For_Non_Admin_User" storage="/home/runner/work/crud/crud/test/tests.integration.backend/bin/release/net8.0/tests.integration.backend.dll" id="9be21e93-9fc5-d98c-6abd-02370621f63e">
      <Execution id="69c13e4d-075e-4e3d-9805-631b66acd12d" />
      <TestMethod codeBase="/home/runner/work/Crud/Crud/test/Tests.Integration.Backend/bin/Release/net8.0/Tests.Integration.Backend.dll" adapterTypeName="executor://xunit/VsTestRunner2/netcoreapp" className="Tests.Integration.Backend.Controllers.PeopleControllerTests" name="DELETE_People_Should_Return_403_For_Non_Admin_User" />
    </UnitTest>
    <UnitTest name="Tests.Integration.Backend.OutputCaching.CacheInvalidationTests.PutPerson_ShouldInvalidateBothEntityAndListCache" storage="/home/runner/work/crud/crud/test/tests.integration.backend/bin/release/net8.0/tests.integration.backend.dll" id="60d93c6a-68de-f18d-ead0-561ac4ded916">
      <Execution id="cd6458aa-e2e4-4889-b170-2aeaa8446b97" />
      <TestMethod codeBase="/home/runner/work/Crud/Crud/test/Tests.Integration.Backend/bin/Release/net8.0/Tests.Integration.Backend.dll" adapterTypeName="executor://xunit/VsTestRunner2/netcoreapp" className="Tests.Integration.Backend.OutputCaching.CacheInvalidationTests" name="PutPerson_ShouldInvalidateBothEntityAndListCache" />
    </UnitTest>
    <UnitTest name="Tests.Integration.Backend.Controllers.WallsControllerTests.POST_Walls_Should_Create_Wall_And_Return_201" storage="/home/runner/work/crud/crud/test/tests.integration.backend/bin/release/net8.0/tests.integration.backend.dll" id="f7bc3491-94dd-b6b9-3778-9c1a4322e7be">
      <Execution id="8e4fcc0b-a024-4699-a812-a168ba638efb" />
      <TestMethod codeBase="/home/runner/work/Crud/Crud/test/Tests.Integration.Backend/bin/Release/net8.0/Tests.Integration.Backend.dll" adapterTypeName="executor://xunit/VsTestRunner2/netcoreapp" className="Tests.Integration.Backend.Controllers.WallsControllerTests" name="POST_Walls_Should_Create_Wall_And_Return_201" />
    </UnitTest>
    <UnitTest name="Tests.Integration.Backend.E2E.AuthenticationE2ETests.Registration_Should_Validate_Email_Format" storage="/home/runner/work/crud/crud/test/tests.integration.backend/bin/release/net8.0/tests.integration.backend.dll" id="f63011fd-c6a3-fc9c-0ff5-216045de6e40">
      <Execution id="fbda2061-282c-4279-b015-5442fec1065f" />
      <TestMethod codeBase="/home/runner/work/Crud/Crud/test/Tests.Integration.Backend/bin/Release/net8.0/Tests.Integration.Backend.dll" adapterTypeName="executor://xunit/VsTestRunner2/netcoreapp" className="Tests.Integration.Backend.E2E.AuthenticationE2ETests" name="Registration_Should_Validate_Email_Format" />
    </UnitTest>
    <UnitTest name="Tests.Integration.Backend.OutputCaching.OutputCachingTests.GetEntityById_ShouldReturnConsistentResponses" storage="/home/runner/work/crud/crud/test/tests.integration.backend/bin/release/net8.0/tests.integration.backend.dll" id="cbf0626f-7167-adff-b20c-96cc3cdf6ce9">
      <Execution id="c9a67547-916f-4715-921e-8db85dde140a" />
      <TestMethod codeBase="/home/runner/work/Crud/Crud/test/Tests.Integration.Backend/bin/Release/net8.0/Tests.Integration.Backend.dll" adapterTypeName="executor://xunit/VsTestRunner2/netcoreapp" className="Tests.Integration.Backend.OutputCaching.OutputCachingTests" name="GetEntityById_ShouldReturnConsistentResponses" />
    </UnitTest>
    <UnitTest name="Tests.Integration.Backend.Controllers.PeopleControllerTests.PUT_People_Should_Update_Person_Roles" storage="/home/runner/work/crud/crud/test/tests.integration.backend/bin/release/net8.0/tests.integration.backend.dll" id="01d0203b-7c6e-72b9-08eb-f1b3242c360c">
      <Execution id="bfd9a7e6-b27e-4ed8-973a-2d0533195bca" />
      <TestMethod codeBase="/home/runner/work/Crud/Crud/test/Tests.Integration.Backend/bin/Release/net8.0/Tests.Integration.Backend.dll" adapterTypeName="executor://xunit/VsTestRunner2/netcoreapp" className="Tests.Integration.Backend.Controllers.PeopleControllerTests" name="PUT_People_Should_Update_Person_Roles" />
    </UnitTest>
    <UnitTest name="Tests.Integration.Backend.Compression.StaticFileCompressionTests.HtmlFile_ShouldBeCompressed_WhenClientSupportsGzip" storage="/home/runner/work/crud/crud/test/tests.integration.backend/bin/release/net8.0/tests.integration.backend.dll" id="095ad9f7-04a5-8bcb-02fd-fdd6dab3a934">
      <Execution id="c2e8f669-de44-48e8-b21f-f7fde8b979a7" />
      <TestMethod codeBase="/home/runner/work/Crud/Crud/test/Tests.Integration.Backend/bin/Release/net8.0/Tests.Integration.Backend.dll" adapterTypeName="executor://xunit/VsTestRunner2/netcoreapp" className="Tests.Integration.Backend.Compression.StaticFileCompressionTests" name="HtmlFile_ShouldBeCompressed_WhenClientSupportsGzip" />
    </UnitTest>
    <UnitTest name="Tests.Integration.Backend.OutputCaching.CacheInvalidationTests.DeletePerson_ShouldInvalidateListCache" storage="/home/runner/work/crud/crud/test/tests.integration.backend/bin/release/net8.0/tests.integration.backend.dll" id="43b9d173-0889-c0cd-91e8-55b0783b32ae">
      <Execution id="ce0c3c79-319f-4838-bc5f-ac7c3de979aa" />
      <TestMethod codeBase="/home/runner/work/Crud/Crud/test/Tests.Integration.Backend/bin/Release/net8.0/Tests.Integration.Backend.dll" adapterTypeName="executor://xunit/VsTestRunner2/netcoreapp" className="Tests.Integration.Backend.OutputCaching.CacheInvalidationTests" name="DeletePerson_ShouldInvalidateListCache" />
    </UnitTest>
    <UnitTest name="Tests.Integration.Backend.Compression.ResponseCompressionTests.JsonResponse_ShouldBeCompressed" storage="/home/runner/work/crud/crud/test/tests.integration.backend/bin/release/net8.0/tests.integration.backend.dll" id="437f9b9e-301b-15b7-f72b-040911d1fd97">
      <Execution id="a4ee5aba-256a-415a-b5bb-8803abcbc393" />
      <TestMethod codeBase="/home/runner/work/Crud/Crud/test/Tests.Integration.Backend/bin/Release/net8.0/Tests.Integration.Backend.dll" adapterTypeName="executor://xunit/VsTestRunner2/netcoreapp" className="Tests.Integration.Backend.Compression.ResponseCompressionTests" name="JsonResponse_ShouldBeCompressed" />
    </UnitTest>
    <UnitTest name="Tests.Integration.Backend.Controllers.WindowsControllerTests.POST_Window_Should_Handle_Optional_Fields" storage="/home/runner/work/crud/crud/test/tests.integration.backend/bin/release/net8.0/tests.integration.backend.dll" id="3c12eda2-b3ce-445c-ab96-ec2f1aa7f5f7">
      <Execution id="cdf63b6c-c3e0-4c76-a877-e4568610751a" />
      <TestMethod codeBase="/home/runner/work/Crud/Crud/test/Tests.Integration.Backend/bin/Release/net8.0/Tests.Integration.Backend.dll" adapterTypeName="executor://xunit/VsTestRunner2/netcoreapp" className="Tests.Integration.Backend.Controllers.WindowsControllerTests" name="POST_Window_Should_Handle_Optional_Fields" />
    </UnitTest>
    <UnitTest name="Tests.Integration.Backend.Infrastructure.GenericRepositoryIntegrationTests.IRepository_ShouldBeRegisteredInDIContainer" storage="/home/runner/work/crud/crud/test/tests.integration.backend/bin/release/net8.0/tests.integration.backend.dll" id="42775960-58e6-9486-14ff-996dea311598">
      <Execution id="270aca23-0a5e-49e1-8fe2-6a3d4d9dbce2" />
      <TestMethod codeBase="/home/runner/work/Crud/Crud/test/Tests.Integration.Backend/bin/Release/net8.0/Tests.Integration.Backend.dll" adapterTypeName="executor://xunit/VsTestRunner2/netcoreapp" className="Tests.Integration.Backend.Infrastructure.GenericRepositoryIntegrationTests" name="IRepository_ShouldBeRegisteredInDIContainer" />
    </UnitTest>
    <UnitTest name="Tests.Integration.Backend.OutputCaching.OutputCachingTests.GetRoles_ShouldReturnConsistentResponses" storage="/home/runner/work/crud/crud/test/tests.integration.backend/bin/release/net8.0/tests.integration.backend.dll" id="47bac687-f373-0ca2-6e08-37ce4bb5fb7e">
      <Execution id="5a0c4bcf-82ff-4724-b091-ed50694d0fa6" />
      <TestMethod codeBase="/home/runner/work/Crud/Crud/test/Tests.Integration.Backend/bin/Release/net8.0/Tests.Integration.Backend.dll" adapterTypeName="executor://xunit/VsTestRunner2/netcoreapp" className="Tests.Integration.Backend.OutputCaching.OutputCachingTests" name="GetRoles_ShouldReturnConsistentResponses" />
    </UnitTest>
    <UnitTest name="Tests.Integration.Backend.OutputCaching.ConditionalRequestTests.CacheHeaders_ShouldBePresent_OnGetRequests" storage="/home/runner/work/crud/crud/test/tests.integration.backend/bin/release/net8.0/tests.integration.backend.dll" id="3c9c11b5-6967-f47a-cfd8-d22458fa9229">
      <Execution id="4934dc58-e18a-44f4-9d7d-7ef2dc5670ad" />
      <TestMethod codeBase="/home/runner/work/Crud/Crud/test/Tests.Integration.Backend/bin/Release/net8.0/Tests.Integration.Backend.dll" adapterTypeName="executor://xunit/VsTestRunner2/netcoreapp" className="Tests.Integration.Backend.OutputCaching.ConditionalRequestTests" name="CacheHeaders_ShouldBePresent_OnGetRequests" />
    </UnitTest>
    <UnitTest name="Tests.Integration.Backend.Controllers.DatabaseControllerTests.GET_Database_ValidatePreTest_Should_Return_Validation_Result" storage="/home/runner/work/crud/crud/test/tests.integration.backend/bin/release/net8.0/tests.integration.backend.dll" id="d962a0d7-c5e8-e659-8957-69cdfae1f523">
      <Execution id="cff4e167-ea0c-414b-b6df-90dc25b915ec" />
      <TestMethod codeBase="/home/runner/work/Crud/Crud/test/Tests.Integration.Backend/bin/Release/net8.0/Tests.Integration.Backend.dll" adapterTypeName="executor://xunit/VsTestRunner2/netcoreapp" className="Tests.Integration.Backend.Controllers.DatabaseControllerTests" name="GET_Database_ValidatePreTest_Should_Return_Validation_Result" />
    </UnitTest>
    <UnitTest name="Tests.Integration.Backend.E2E.AuthenticationE2ETests.Registration_Should_Prevent_Duplicate_Emails" storage="/home/runner/work/crud/crud/test/tests.integration.backend/bin/release/net8.0/tests.integration.backend.dll" id="b7695dc8-52d4-1e66-b81e-a27de7f041fc">
      <Execution id="333c0cd4-a7c5-4522-af0b-b5b53b276d6b" />
      <TestMethod codeBase="/home/runner/work/Crud/Crud/test/Tests.Integration.Backend/bin/Release/net8.0/Tests.Integration.Backend.dll" adapterTypeName="executor://xunit/VsTestRunner2/netcoreapp" className="Tests.Integration.Backend.E2E.AuthenticationE2ETests" name="Registration_Should_Prevent_Duplicate_Emails" />
    </UnitTest>
    <UnitTest name="Tests.Integration.Backend.Controllers.WallsControllerTests.PUT_Wall_Should_Return_404_When_Not_Exists" storage="/home/runner/work/crud/crud/test/tests.integration.backend/bin/release/net8.0/tests.integration.backend.dll" id="5128edc8-60ad-8628-2a75-9feb9f8f888b">
      <Execution id="197e75bb-40ee-48da-9d2f-20dbee874262" />
      <TestMethod codeBase="/home/runner/work/Crud/Crud/test/Tests.Integration.Backend/bin/Release/net8.0/Tests.Integration.Backend.dll" adapterTypeName="executor://xunit/VsTestRunner2/netcoreapp" className="Tests.Integration.Backend.Controllers.WallsControllerTests" name="PUT_Wall_Should_Return_404_When_Not_Exists" />
    </UnitTest>
    <UnitTest name="Tests.Integration.Backend.Controllers.PeopleControllerTests.GET_People_Should_Return_Empty_List_Initially" storage="/home/runner/work/crud/crud/test/tests.integration.backend/bin/release/net8.0/tests.integration.backend.dll" id="f746e85d-5530-5c7f-8b39-c9d23cfa24b9">
      <Execution id="d5cdef00-c7aa-4a51-aba9-a1b1170b3f98" />
      <TestMethod codeBase="/home/runner/work/Crud/Crud/test/Tests.Integration.Backend/bin/Release/net8.0/Tests.Integration.Backend.dll" adapterTypeName="executor://xunit/VsTestRunner2/netcoreapp" className="Tests.Integration.Backend.Controllers.PeopleControllerTests" name="GET_People_Should_Return_Empty_List_Initially" />
    </UnitTest>
    <UnitTest name="Tests.Integration.Backend.Controllers.WallsControllerTests.GET_Wall_By_Id_Should_Return_404_When_Not_Exists" storage="/home/runner/work/crud/crud/test/tests.integration.backend/bin/release/net8.0/tests.integration.backend.dll" id="01f8b1a1-47e4-68c0-8cf3-4a745a731823">
      <Execution id="9441f90f-edee-468c-a12b-5542698c61dd" />
      <TestMethod codeBase="/home/runner/work/Crud/Crud/test/Tests.Integration.Backend/bin/Release/net8.0/Tests.Integration.Backend.dll" adapterTypeName="executor://xunit/VsTestRunner2/netcoreapp" className="Tests.Integration.Backend.Controllers.WallsControllerTests" name="GET_Wall_By_Id_Should_Return_404_When_Not_Exists" />
    </UnitTest>
    <UnitTest name="Tests.Integration.Backend.Controllers.WallsControllerTests.PUT_Wall_Should_Update_Existing_Wall" storage="/home/runner/work/crud/crud/test/tests.integration.backend/bin/release/net8.0/tests.integration.backend.dll" id="cca41772-191f-0a82-bb6f-ddd4fb32e2c7">
      <Execution id="a8c772aa-2f6a-4b67-851e-d38a5b4a9379" />
      <TestMethod codeBase="/home/runner/work/Crud/Crud/test/Tests.Integration.Backend/bin/Release/net8.0/Tests.Integration.Backend.dll" adapterTypeName="executor://xunit/VsTestRunner2/netcoreapp" className="Tests.Integration.Backend.Controllers.WallsControllerTests" name="PUT_Wall_Should_Update_Existing_Wall" />
    </UnitTest>
    <UnitTest name="Tests.Integration.Backend.E2E.AuthenticationE2ETests.Token_Should_Expire_And_Require_Refresh" storage="/home/runner/work/crud/crud/test/tests.integration.backend/bin/release/net8.0/tests.integration.backend.dll" id="a0e7a1c4-1639-53f1-ce02-5d2f760332a2">
      <Execution id="b62b9fd3-e0b8-4138-8909-4589dc7789a7" />
      <TestMethod codeBase="/home/runner/work/Crud/Crud/test/Tests.Integration.Backend/bin/Release/net8.0/Tests.Integration.Backend.dll" adapterTypeName="executor://xunit/VsTestRunner2/netcoreapp" className="Tests.Integration.Backend.E2E.AuthenticationE2ETests" name="Token_Should_Expire_And_Require_Refresh" />
    </UnitTest>
    <UnitTest name="Tests.Integration.Backend.Controllers.PeopleControllerTests.GET_People_Should_Return_All_People" storage="/home/runner/work/crud/crud/test/tests.integration.backend/bin/release/net8.0/tests.integration.backend.dll" id="5b94e67b-8161-a4c1-a97f-c638ed8f05ba">
      <Execution id="d4a4b025-38eb-4a43-9ad6-047f559f0a36" />
      <TestMethod codeBase="/home/runner/work/Crud/Crud/test/Tests.Integration.Backend/bin/Release/net8.0/Tests.Integration.Backend.dll" adapterTypeName="executor://xunit/VsTestRunner2/netcoreapp" className="Tests.Integration.Backend.Controllers.PeopleControllerTests" name="GET_People_Should_Return_All_People" />
    </UnitTest>
    <UnitTest name="Tests.Integration.Backend.Controllers.AuthControllerPasswordResetTests.POST_ForgotPassword_WithNonExistentEmail_Should_Return_Success" storage="/home/runner/work/crud/crud/test/tests.integration.backend/bin/release/net8.0/tests.integration.backend.dll" id="24b020ea-ff8d-51dc-4354-4d878d866f45">
      <Execution id="0f624e13-7526-4816-ae87-fd451683960e" />
      <TestMethod codeBase="/home/runner/work/Crud/Crud/test/Tests.Integration.Backend/bin/Release/net8.0/Tests.Integration.Backend.dll" adapterTypeName="executor://xunit/VsTestRunner2/netcoreapp" className="Tests.Integration.Backend.Controllers.AuthControllerPasswordResetTests" name="POST_ForgotPassword_WithNonExistentEmail_Should_Return_Success" />
    </UnitTest>
    <UnitTest name="Tests.Integration.Backend.OutputCaching.CacheInvalidationTests.PostRole_ShouldInvalidateRolesCache" storage="/home/runner/work/crud/crud/test/tests.integration.backend/bin/release/net8.0/tests.integration.backend.dll" id="f8a89fdf-3bc2-915a-c2bf-5b68e643a78c">
      <Execution id="75f43b0d-1d72-48cb-b3b5-9d3705e7e40c" />
      <TestMethod codeBase="/home/runner/work/Crud/Crud/test/Tests.Integration.Backend/bin/Release/net8.0/Tests.Integration.Backend.dll" adapterTypeName="executor://xunit/VsTestRunner2/netcoreapp" className="Tests.Integration.Backend.OutputCaching.CacheInvalidationTests" name="PostRole_ShouldInvalidateRolesCache" />
    </UnitTest>
    <UnitTest name="Tests.Integration.Backend.Controllers.PeopleControllerTests.People_Should_Maintain_Role_Relationships" storage="/home/runner/work/crud/crud/test/tests.integration.backend/bin/release/net8.0/tests.integration.backend.dll" id="3a356b3b-e4e2-4f05-db20-65ad8602bd3c">
      <Execution id="63e92cdc-e4e6-48f1-a47f-91da56ec0a55" />
      <TestMethod codeBase="/home/runner/work/Crud/Crud/test/Tests.Integration.Backend/bin/Release/net8.0/Tests.Integration.Backend.dll" adapterTypeName="executor://xunit/VsTestRunner2/netcoreapp" className="Tests.Integration.Backend.Controllers.PeopleControllerTests" name="People_Should_Maintain_Role_Relationships" />
    </UnitTest>
    <UnitTest name="Tests.Integration.Backend.Controllers.ApiHealthTests.All_Endpoints_Should_Support_Expected_HTTP_Methods(method: &quot;GET&quot;, endpoint: &quot;/api/people&quot;)" storage="/home/runner/work/crud/crud/test/tests.integration.backend/bin/release/net8.0/tests.integration.backend.dll" id="cf8a559d-45fb-9221-5781-06292f54735a">
      <Execution id="b8656589-7e85-4ca8-a7bc-22d338c87c57" />
      <TestMethod codeBase="/home/runner/work/Crud/Crud/test/Tests.Integration.Backend/bin/Release/net8.0/Tests.Integration.Backend.dll" adapterTypeName="executor://xunit/VsTestRunner2/netcoreapp" className="Tests.Integration.Backend.Controllers.ApiHealthTests" name="All_Endpoints_Should_Support_Expected_HTTP_Methods" />
    </UnitTest>
    <UnitTest name="Tests.Integration.Backend.OutputCaching.OutputCachingConfigurationTests.OutputCachePolicies_ShouldHaveCorrectDurations(policyName: &quot;PeoplePolicy&quot;, expectedDurationSeconds: 300)" storage="/home/runner/work/crud/crud/test/tests.integration.backend/bin/release/net8.0/tests.integration.backend.dll" id="575d783b-dbc0-13f3-17de-767c6d0c6111">
      <Execution id="c463b7b1-950c-4d97-8974-4fbe94338b3d" />
      <TestMethod codeBase="/home/runner/work/Crud/Crud/test/Tests.Integration.Backend/bin/Release/net8.0/Tests.Integration.Backend.dll" adapterTypeName="executor://xunit/VsTestRunner2/netcoreapp" className="Tests.Integration.Backend.OutputCaching.OutputCachingConfigurationTests" name="OutputCachePolicies_ShouldHaveCorrectDurations" />
    </UnitTest>
    <UnitTest name="Tests.Integration.Backend.OutputCaching.OutputCachingConfigurationTests.OutputCachePolicies_ShouldHaveCorrectDurations(policyName: &quot;WallsPolicy&quot;, expectedDurationSeconds: 600)" storage="/home/runner/work/crud/crud/test/tests.integration.backend/bin/release/net8.0/tests.integration.backend.dll" id="0dfe4e62-1a92-361e-05c3-42444e197ce6">
      <Execution id="2374da5a-a501-48f4-84fc-f7fae080d02f" />
      <TestMethod codeBase="/home/runner/work/Crud/Crud/test/Tests.Integration.Backend/bin/Release/net8.0/Tests.Integration.Backend.dll" adapterTypeName="executor://xunit/VsTestRunner2/netcoreapp" className="Tests.Integration.Backend.OutputCaching.OutputCachingConfigurationTests" name="OutputCachePolicies_ShouldHaveCorrectDurations" />
    </UnitTest>
    <UnitTest name="Tests.Integration.Backend.OutputCaching.OutputCachingConfigurationTests.OutputCachePolicies_ShouldHaveCorrectDurations(policyName: &quot;RolesPolicy&quot;, expectedDurationSeconds: 3600)" storage="/home/runner/work/crud/crud/test/tests.integration.backend/bin/release/net8.0/tests.integration.backend.dll" id="d52400d3-aadd-aa81-a16e-1863a2b50655">
      <Execution id="33f190bd-3fa9-4afa-913f-f1e2569ed579" />
      <TestMethod codeBase="/home/runner/work/Crud/Crud/test/Tests.Integration.Backend/bin/Release/net8.0/Tests.Integration.Backend.dll" adapterTypeName="executor://xunit/VsTestRunner2/netcoreapp" className="Tests.Integration.Backend.OutputCaching.OutputCachingConfigurationTests" name="OutputCachePolicies_ShouldHaveCorrectDurations" />
    </UnitTest>
    <UnitTest name="Tests.Integration.Backend.Controllers.WallsControllerTests.GET_Walls_Should_Return_Empty_List_Initially" storage="/home/runner/work/crud/crud/test/tests.integration.backend/bin/release/net8.0/tests.integration.backend.dll" id="696a1e18-7066-ca21-55a7-645fa8e1a26a">
      <Execution id="a3ba38f9-2710-4591-9c2a-a023bee12246" />
      <TestMethod codeBase="/home/runner/work/Crud/Crud/test/Tests.Integration.Backend/bin/Release/net8.0/Tests.Integration.Backend.dll" adapterTypeName="executor://xunit/VsTestRunner2/netcoreapp" className="Tests.Integration.Backend.Controllers.WallsControllerTests" name="GET_Walls_Should_Return_Empty_List_Initially" />
    </UnitTest>
    <UnitTest name="Tests.Integration.Backend.Controllers.RolesControllerTests.PUT_Role_Should_Return_404_When_Not_Exists" storage="/home/runner/work/crud/crud/test/tests.integration.backend/bin/release/net8.0/tests.integration.backend.dll" id="9624bd8d-101a-a0f9-4e88-2b9292a1caad">
      <Execution id="8457671b-64dc-4406-accd-b8092e556f5e" />
      <TestMethod codeBase="/home/runner/work/Crud/Crud/test/Tests.Integration.Backend/bin/Release/net8.0/Tests.Integration.Backend.dll" adapterTypeName="executor://xunit/VsTestRunner2/netcoreapp" className="Tests.Integration.Backend.Controllers.RolesControllerTests" name="PUT_Role_Should_Return_404_When_Not_Exists" />
    </UnitTest>
    <UnitTest name="Tests.Integration.Backend.OutputCaching.ConditionalRequestTests.GetRequest_WithIfNoneMatch_ShouldReturn304_WhenETagMatches" storage="/home/runner/work/crud/crud/test/tests.integration.backend/bin/release/net8.0/tests.integration.backend.dll" id="3a855c55-b695-d057-ad6f-34eef0eb2eae">
      <Execution id="d6206642-d9cc-40a7-a053-ed0cab1ffb60" />
      <TestMethod codeBase="/home/runner/work/Crud/Crud/test/Tests.Integration.Backend/bin/Release/net8.0/Tests.Integration.Backend.dll" adapterTypeName="executor://xunit/VsTestRunner2/netcoreapp" className="Tests.Integration.Backend.OutputCaching.ConditionalRequestTests" name="GetRequest_WithIfNoneMatch_ShouldReturn304_WhenETagMatches" />
    </UnitTest>
    <UnitTest name="Tests.Integration.Backend.Controllers.PeopleControllerTests.POST_People_Should_Return_401_Without_Authentication" storage="/home/runner/work/crud/crud/test/tests.integration.backend/bin/release/net8.0/tests.integration.backend.dll" id="60a682be-767f-9c17-a43b-33d1adbef252">
      <Execution id="0fb22216-1487-4fda-9ef0-e7081226d462" />
      <TestMethod codeBase="/home/runner/work/Crud/Crud/test/Tests.Integration.Backend/bin/Release/net8.0/Tests.Integration.Backend.dll" adapterTypeName="executor://xunit/VsTestRunner2/netcoreapp" className="Tests.Integration.Backend.Controllers.PeopleControllerTests" name="POST_People_Should_Return_401_Without_Authentication" />
    </UnitTest>
    <UnitTest name="Tests.Integration.Backend.OutputCaching.OutputCachingConfigurationTests.OutputCaching_ShouldUseRedisWhenConfigured" storage="/home/runner/work/crud/crud/test/tests.integration.backend/bin/release/net8.0/tests.integration.backend.dll" id="a46a2a4d-c658-0cec-efdf-8b3a220df306">
      <Execution id="b05de5ee-8e30-4735-8315-5f253a6de9da" />
      <TestMethod codeBase="/home/runner/work/Crud/Crud/test/Tests.Integration.Backend/bin/Release/net8.0/Tests.Integration.Backend.dll" adapterTypeName="executor://xunit/VsTestRunner2/netcoreapp" className="Tests.Integration.Backend.OutputCaching.OutputCachingConfigurationTests" name="OutputCaching_ShouldUseRedisWhenConfigured" />
    </UnitTest>
    <UnitTest name="Tests.Integration.Backend.Controllers.AuthControllerTests.POST_Register_Should_Return_BadRequest_For_Existing_Email" storage="/home/runner/work/crud/crud/test/tests.integration.backend/bin/release/net8.0/tests.integration.backend.dll" id="3ff5fdb0-8488-3e48-6905-fa8bdf7eaa4c">
      <Execution id="0b0b3817-e953-4cd8-b308-6a6a3c1e3051" />
      <TestMethod codeBase="/home/runner/work/Crud/Crud/test/Tests.Integration.Backend/bin/Release/net8.0/Tests.Integration.Backend.dll" adapterTypeName="executor://xunit/VsTestRunner2/netcoreapp" className="Tests.Integration.Backend.Controllers.AuthControllerTests" name="POST_Register_Should_Return_BadRequest_For_Existing_Email" />
    </UnitTest>
    <UnitTest name="Tests.Integration.Backend.OutputCaching.OutputCachingConfigurationTests.OutputCachePolicies_ShouldHaveCorrectDurations(policyName: &quot;WindowsPolicy&quot;, expectedDurationSeconds: 600)" storage="/home/runner/work/crud/crud/test/tests.integration.backend/bin/release/net8.0/tests.integration.backend.dll" id="74823db9-4157-34a3-9710-5272b5fb4159">
      <Execution id="3e95ddd0-064c-435b-be62-b394f0cf4b2f" />
      <TestMethod codeBase="/home/runner/work/Crud/Crud/test/Tests.Integration.Backend/bin/Release/net8.0/Tests.Integration.Backend.dll" adapterTypeName="executor://xunit/VsTestRunner2/netcoreapp" className="Tests.Integration.Backend.OutputCaching.OutputCachingConfigurationTests" name="OutputCachePolicies_ShouldHaveCorrectDurations" />
    </UnitTest>
    <UnitTest name="Tests.Integration.Backend.Controllers.AuthControllerTests.POST_Login_Should_Return_BadRequest_For_Invalid_Email_Format" storage="/home/runner/work/crud/crud/test/tests.integration.backend/bin/release/net8.0/tests.integration.backend.dll" id="cc336df8-b701-eea1-c754-b46ee3091b03">
      <Execution id="8ab2e6bb-73f0-4eff-899e-d7df620e48fa" />
      <TestMethod codeBase="/home/runner/work/Crud/Crud/test/Tests.Integration.Backend/bin/Release/net8.0/Tests.Integration.Backend.dll" adapterTypeName="executor://xunit/VsTestRunner2/netcoreapp" className="Tests.Integration.Backend.Controllers.AuthControllerTests" name="POST_Login_Should_Return_BadRequest_For_Invalid_Email_Format" />
    </UnitTest>
    <UnitTest name="Tests.Integration.Backend.Controllers.ApiHealthTests.All_Controllers_Should_Be_Accessible(endpoint: &quot;/api/roles&quot;)" storage="/home/runner/work/crud/crud/test/tests.integration.backend/bin/release/net8.0/tests.integration.backend.dll" id="187ff446-ae11-3e2e-df34-66d33f545ac9">
      <Execution id="25791082-e63f-40ff-9a67-60ea499c301e" />
      <TestMethod codeBase="/home/runner/work/Crud/Crud/test/Tests.Integration.Backend/bin/Release/net8.0/Tests.Integration.Backend.dll" adapterTypeName="executor://xunit/VsTestRunner2/netcoreapp" className="Tests.Integration.Backend.Controllers.ApiHealthTests" name="All_Controllers_Should_Be_Accessible" />
    </UnitTest>
    <UnitTest name="Tests.Integration.Backend.Controllers.ApiHealthTests.All_Endpoints_Should_Support_Expected_HTTP_Methods(method: &quot;POST&quot;, endpoint: &quot;/api/roles&quot;)" storage="/home/runner/work/crud/crud/test/tests.integration.backend/bin/release/net8.0/tests.integration.backend.dll" id="98463f55-b92d-02fc-1e9d-e879206d0dbe">
      <Execution id="a1f4ef4c-793c-48cf-9226-15562a940391" />
      <TestMethod codeBase="/home/runner/work/Crud/Crud/test/Tests.Integration.Backend/bin/Release/net8.0/Tests.Integration.Backend.dll" adapterTypeName="executor://xunit/VsTestRunner2/netcoreapp" className="Tests.Integration.Backend.Controllers.ApiHealthTests" name="All_Endpoints_Should_Support_Expected_HTTP_Methods" />
    </UnitTest>
    <UnitTest name="Tests.Integration.Backend.Controllers.WindowsControllerTests.POST_Windows_Should_Validate_Numeric_Ranges" storage="/home/runner/work/crud/crud/test/tests.integration.backend/bin/release/net8.0/tests.integration.backend.dll" id="9f4c88b5-75b1-89cf-0e7e-8e0e67eff9e0">
      <Execution id="686075d5-4616-4d8c-a419-2f102b3c49b1" />
      <TestMethod codeBase="/home/runner/work/Crud/Crud/test/Tests.Integration.Backend/bin/Release/net8.0/Tests.Integration.Backend.dll" adapterTypeName="executor://xunit/VsTestRunner2/netcoreapp" className="Tests.Integration.Backend.Controllers.WindowsControllerTests" name="POST_Windows_Should_Validate_Numeric_Ranges" />
    </UnitTest>
    <UnitTest name="Tests.Integration.Backend.Controllers.ApiHealthTests.All_Endpoints_Should_Support_Expected_HTTP_Methods(method: &quot;POST&quot;, endpoint: &quot;/api/people&quot;)" storage="/home/runner/work/crud/crud/test/tests.integration.backend/bin/release/net8.0/tests.integration.backend.dll" id="d513fe07-1dc8-1c74-2c21-98142b85dcfb">
      <Execution id="aa68a2e8-f4ee-44de-847a-09cddd03ea8a" />
      <TestMethod codeBase="/home/runner/work/Crud/Crud/test/Tests.Integration.Backend/bin/Release/net8.0/Tests.Integration.Backend.dll" adapterTypeName="executor://xunit/VsTestRunner2/netcoreapp" className="Tests.Integration.Backend.Controllers.ApiHealthTests" name="All_Endpoints_Should_Support_Expected_HTTP_Methods" />
    </UnitTest>
    <UnitTest name="Tests.Integration.Backend.Controllers.AuthControllerTests.POST_Login_Should_Return_Unauthorized_For_Invalid_Credentials" storage="/home/runner/work/crud/crud/test/tests.integration.backend/bin/release/net8.0/tests.integration.backend.dll" id="d43526e9-cec8-6f67-27fe-2d630de644f9">
      <Execution id="a9ceca4d-1ac2-4a11-b1e0-637b7588171e" />
      <TestMethod codeBase="/home/runner/work/Crud/Crud/test/Tests.Integration.Backend/bin/Release/net8.0/Tests.Integration.Backend.dll" adapterTypeName="executor://xunit/VsTestRunner2/netcoreapp" className="Tests.Integration.Backend.Controllers.AuthControllerTests" name="POST_Login_Should_Return_Unauthorized_For_Invalid_Credentials" />
    </UnitTest>
    <UnitTest name="Tests.Integration.Backend.E2E.AuthenticationE2ETests.Registration_Should_Validate_Password_Complexity" storage="/home/runner/work/crud/crud/test/tests.integration.backend/bin/release/net8.0/tests.integration.backend.dll" id="410da1bb-0033-e445-230e-baa696a924ac">
      <Execution id="c1db8033-049f-4322-a5b9-4e57e19206c4" />
      <TestMethod codeBase="/home/runner/work/Crud/Crud/test/Tests.Integration.Backend/bin/Release/net8.0/Tests.Integration.Backend.dll" adapterTypeName="executor://xunit/VsTestRunner2/netcoreapp" className="Tests.Integration.Backend.E2E.AuthenticationE2ETests" name="Registration_Should_Validate_Password_Complexity" />
    </UnitTest>
    <UnitTest name="Tests.Integration.Backend.Controllers.PeopleControllerTests.POST_People_Should_Create_Person_And_Return_201" storage="/home/runner/work/crud/crud/test/tests.integration.backend/bin/release/net8.0/tests.integration.backend.dll" id="2e2345f0-0d5a-ea86-479d-222f77025a6a">
      <Execution id="42ab80cd-8741-4b72-b169-e032a7905edf" />
      <TestMethod codeBase="/home/runner/work/Crud/Crud/test/Tests.Integration.Backend/bin/Release/net8.0/Tests.Integration.Backend.dll" adapterTypeName="executor://xunit/VsTestRunner2/netcoreapp" className="Tests.Integration.Backend.Controllers.PeopleControllerTests" name="POST_People_Should_Create_Person_And_Return_201" />
    </UnitTest>
    <UnitTest name="Tests.Integration.Backend.Compression.StaticFileCompressionTests.CompressedStaticFiles_ShouldBeSmallerThanUncompressed" storage="/home/runner/work/crud/crud/test/tests.integration.backend/bin/release/net8.0/tests.integration.backend.dll" id="06592b62-9486-dc14-09e9-81aa1f2eb0eb">
      <Execution id="3d589075-5323-4be9-9a5f-2cb5311c3b4e" />
      <TestMethod codeBase="/home/runner/work/Crud/Crud/test/Tests.Integration.Backend/bin/Release/net8.0/Tests.Integration.Backend.dll" adapterTypeName="executor://xunit/VsTestRunner2/netcoreapp" className="Tests.Integration.Backend.Compression.StaticFileCompressionTests" name="CompressedStaticFiles_ShouldBeSmallerThanUncompressed" />
    </UnitTest>
    <UnitTest name="Tests.Integration.Backend.Compression.StaticFileCompressionTests.JsFile_ShouldBeCompressed_WhenClientSupportsBrotli" storage="/home/runner/work/crud/crud/test/tests.integration.backend/bin/release/net8.0/tests.integration.backend.dll" id="1c428206-078b-ef8a-981a-72b75853f6ff">
      <Execution id="3eca92f6-a5fd-42df-bf21-c9f2ed8d5d65" />
      <TestMethod codeBase="/home/runner/work/Crud/Crud/test/Tests.Integration.Backend/bin/Release/net8.0/Tests.Integration.Backend.dll" adapterTypeName="executor://xunit/VsTestRunner2/netcoreapp" className="Tests.Integration.Backend.Compression.StaticFileCompressionTests" name="JsFile_ShouldBeCompressed_WhenClientSupportsBrotli" />
    </UnitTest>
    <UnitTest name="Tests.Integration.Backend.E2E.AuthenticationE2ETests.Protected_Endpoint_Should_Require_Authentication" storage="/home/runner/work/crud/crud/test/tests.integration.backend/bin/release/net8.0/tests.integration.backend.dll" id="c1e9fd41-ccc9-89c1-34d7-2e348277c312">
      <Execution id="92a9cf25-4933-4be2-9a61-964e1643bb66" />
      <TestMethod codeBase="/home/runner/work/Crud/Crud/test/Tests.Integration.Backend/bin/Release/net8.0/Tests.Integration.Backend.dll" adapterTypeName="executor://xunit/VsTestRunner2/netcoreapp" className="Tests.Integration.Backend.E2E.AuthenticationE2ETests" name="Protected_Endpoint_Should_Require_Authentication" />
    </UnitTest>
    <UnitTest name="Tests.Integration.Backend.Controllers.WindowsControllerTests.Windows_Should_Persist_Timestamps_Correctly" storage="/home/runner/work/crud/crud/test/tests.integration.backend/bin/release/net8.0/tests.integration.backend.dll" id="8b7765b0-2273-0340-cca9-006e0a342472">
      <Execution id="3d760c91-c5af-4a32-863d-cf22bb6362b5" />
      <TestMethod codeBase="/home/runner/work/Crud/Crud/test/Tests.Integration.Backend/bin/Release/net8.0/Tests.Integration.Backend.dll" adapterTypeName="executor://xunit/VsTestRunner2/netcoreapp" className="Tests.Integration.Backend.Controllers.WindowsControllerTests" name="Windows_Should_Persist_Timestamps_Correctly" />
    </UnitTest>
    <UnitTest name="Tests.Integration.Backend.Controllers.PeopleControllerTests.POST_People_Should_Allow_Empty_Phone_Number" storage="/home/runner/work/crud/crud/test/tests.integration.backend/bin/release/net8.0/tests.integration.backend.dll" id="bc4ebe26-634c-986e-8a8c-e92c2437e06a">
      <Execution id="4232f135-e898-473e-8f5b-c3696fa304f9" />
      <TestMethod codeBase="/home/runner/work/Crud/Crud/test/Tests.Integration.Backend/bin/Release/net8.0/Tests.Integration.Backend.dll" adapterTypeName="executor://xunit/VsTestRunner2/netcoreapp" className="Tests.Integration.Backend.Controllers.PeopleControllerTests" name="POST_People_Should_Allow_Empty_Phone_Number" />
    </UnitTest>
    <UnitTest name="Tests.Integration.Backend.Controllers.PeopleControllerTests.POST_People_Should_Return_400_For_Invalid_Request" storage="/home/runner/work/crud/crud/test/tests.integration.backend/bin/release/net8.0/tests.integration.backend.dll" id="4ca138d0-3af0-bb0b-3bfb-df9507be5ed5">
      <Execution id="8aee47f9-e03e-448a-adaa-43eb6e78ce43" />
      <TestMethod codeBase="/home/runner/work/Crud/Crud/test/Tests.Integration.Backend/bin/Release/net8.0/Tests.Integration.Backend.dll" adapterTypeName="executor://xunit/VsTestRunner2/netcoreapp" className="Tests.Integration.Backend.Controllers.PeopleControllerTests" name="POST_People_Should_Return_400_For_Invalid_Request" />
    </UnitTest>
    <UnitTest name="Tests.Integration.Backend.Controllers.PeopleControllerTests.POST_People_Should_Return_403_For_Non_Admin_User" storage="/home/runner/work/crud/crud/test/tests.integration.backend/bin/release/net8.0/tests.integration.backend.dll" id="41853896-8f31-97ce-b78f-41cf4c24e045">
      <Execution id="ed7a8f0e-18c6-4d2c-a7fa-cfaa2039bdf0" />
      <TestMethod codeBase="/home/runner/work/Crud/Crud/test/Tests.Integration.Backend/bin/Release/net8.0/Tests.Integration.Backend.dll" adapterTypeName="executor://xunit/VsTestRunner2/netcoreapp" className="Tests.Integration.Backend.Controllers.PeopleControllerTests" name="POST_People_Should_Return_403_For_Non_Admin_User" />
    </UnitTest>
    <UnitTest name="Tests.Integration.Backend.Controllers.ApiHealthTests.All_Endpoints_Should_Support_Expected_HTTP_Methods(method: &quot;GET&quot;, endpoint: &quot;/api/walls&quot;)" storage="/home/runner/work/crud/crud/test/tests.integration.backend/bin/release/net8.0/tests.integration.backend.dll" id="d818e0b1-081a-89e5-4910-f245961c9079">
      <Execution id="b555bd9c-b526-416b-bf4e-4b035a856416" />
      <TestMethod codeBase="/home/runner/work/Crud/Crud/test/Tests.Integration.Backend/bin/Release/net8.0/Tests.Integration.Backend.dll" adapterTypeName="executor://xunit/VsTestRunner2/netcoreapp" className="Tests.Integration.Backend.Controllers.ApiHealthTests" name="All_Endpoints_Should_Support_Expected_HTTP_Methods" />
    </UnitTest>
    <UnitTest name="Tests.Integration.Backend.Controllers.AuthControllerPasswordResetTests.POST_ResetPassword_WithValidToken_Should_Reset_Password_Successfully" storage="/home/runner/work/crud/crud/test/tests.integration.backend/bin/release/net8.0/tests.integration.backend.dll" id="25c388e9-4416-bcb2-f5bb-f92fe28b725a">
      <Execution id="20471f99-55f1-4c33-a9d8-9fda8ebc7aad" />
      <TestMethod codeBase="/home/runner/work/Crud/Crud/test/Tests.Integration.Backend/bin/Release/net8.0/Tests.Integration.Backend.dll" adapterTypeName="executor://xunit/VsTestRunner2/netcoreapp" className="Tests.Integration.Backend.Controllers.AuthControllerPasswordResetTests" name="POST_ResetPassword_WithValidToken_Should_Reset_Password_Successfully" />
    </UnitTest>
    <UnitTest name="Tests.Integration.Backend.Controllers.WindowsControllerTests.PUT_Window_Should_Update_Existing_Window" storage="/home/runner/work/crud/crud/test/tests.integration.backend/bin/release/net8.0/tests.integration.backend.dll" id="7bc10e4f-5a04-518e-0136-35873081b204">
      <Execution id="21b239f1-4868-4066-ac7d-7107b35e6e3f" />
      <TestMethod codeBase="/home/runner/work/Crud/Crud/test/Tests.Integration.Backend/bin/Release/net8.0/Tests.Integration.Backend.dll" adapterTypeName="executor://xunit/VsTestRunner2/netcoreapp" className="Tests.Integration.Backend.Controllers.WindowsControllerTests" name="PUT_Window_Should_Update_Existing_Window" />
    </UnitTest>
    <UnitTest name="Tests.Integration.Backend.Controllers.WallsControllerTests.POST_Wall_Should_Handle_Optional_Fields" storage="/home/runner/work/crud/crud/test/tests.integration.backend/bin/release/net8.0/tests.integration.backend.dll" id="34d6d731-abe6-2c2d-f525-44f047db1777">
      <Execution id="cf02ec90-f1ed-44d4-9029-3b70b8474be6" />
      <TestMethod codeBase="/home/runner/work/Crud/Crud/test/Tests.Integration.Backend/bin/Release/net8.0/Tests.Integration.Backend.dll" adapterTypeName="executor://xunit/VsTestRunner2/netcoreapp" className="Tests.Integration.Backend.Controllers.WallsControllerTests" name="POST_Wall_Should_Handle_Optional_Fields" />
    </UnitTest>
    <UnitTest name="Tests.Integration.Backend.Controllers.PeopleControllerTests.PUT_People_Should_Update_Person" storage="/home/runner/work/crud/crud/test/tests.integration.backend/bin/release/net8.0/tests.integration.backend.dll" id="20da3b3a-c531-7fe5-3776-1e7b0c6c1d26">
      <Execution id="d8f4e06e-289e-4c1b-a611-e78a193adf72" />
      <TestMethod codeBase="/home/runner/work/Crud/Crud/test/Tests.Integration.Backend/bin/Release/net8.0/Tests.Integration.Backend.dll" adapterTypeName="executor://xunit/VsTestRunner2/netcoreapp" className="Tests.Integration.Backend.Controllers.PeopleControllerTests" name="PUT_People_Should_Update_Person" />
    </UnitTest>
    <UnitTest name="Tests.Integration.Backend.OutputCaching.ConditionalRequestTests.GetRequest_WithIfNoneMatch_ShouldReturn200_WhenETagDoesNotMatch" storage="/home/runner/work/crud/crud/test/tests.integration.backend/bin/release/net8.0/tests.integration.backend.dll" id="3f2238c8-a9eb-4aa1-b9fa-c736db0a92cb">
      <Execution id="a17dd1ae-19e2-4904-8495-fc77f894081f" />
      <TestMethod codeBase="/home/runner/work/Crud/Crud/test/Tests.Integration.Backend/bin/Release/net8.0/Tests.Integration.Backend.dll" adapterTypeName="executor://xunit/VsTestRunner2/netcoreapp" className="Tests.Integration.Backend.OutputCaching.ConditionalRequestTests" name="GetRequest_WithIfNoneMatch_ShouldReturn200_WhenETagDoesNotMatch" />
    </UnitTest>
    <UnitTest name="Tests.Integration.Backend.Controllers.ApiHealthTests.All_Controllers_Should_Be_Accessible(endpoint: &quot;/api/walls&quot;)" storage="/home/runner/work/crud/crud/test/tests.integration.backend/bin/release/net8.0/tests.integration.backend.dll" id="8231f168-9927-9d00-f91d-f5006f875a5b">
      <Execution id="ae4f4add-f139-481e-af3b-80f8e5a8527e" />
      <TestMethod codeBase="/home/runner/work/Crud/Crud/test/Tests.Integration.Backend/bin/Release/net8.0/Tests.Integration.Backend.dll" adapterTypeName="executor://xunit/VsTestRunner2/netcoreapp" className="Tests.Integration.Backend.Controllers.ApiHealthTests" name="All_Controllers_Should_Be_Accessible" />
    </UnitTest>
    <UnitTest name="Tests.Integration.Backend.Infrastructure.GenericRepositoryIntegrationTests.GenericRepository_ShouldWorkAlongsideCustomRepositories" storage="/home/runner/work/crud/crud/test/tests.integration.backend/bin/release/net8.0/tests.integration.backend.dll" id="76f204dd-32a0-ce3a-8917-3041e6ffb334">
      <Execution id="cf3e538b-dc50-4f39-81c7-1f959855bacc" />
      <TestMethod codeBase="/home/runner/work/Crud/Crud/test/Tests.Integration.Backend/bin/Release/net8.0/Tests.Integration.Backend.dll" adapterTypeName="executor://xunit/VsTestRunner2/netcoreapp" className="Tests.Integration.Backend.Infrastructure.GenericRepositoryIntegrationTests" name="GenericRepository_ShouldWorkAlongsideCustomRepositories" />
    </UnitTest>
    <UnitTest name="Tests.Integration.Backend.Controllers.RolesControllerTests.GET_Role_By_Id_Should_Return_404_When_Not_Exists" storage="/home/runner/work/crud/crud/test/tests.integration.backend/bin/release/net8.0/tests.integration.backend.dll" id="29ba8dce-52f9-1a09-beb5-2c73bb03e4dd">
      <Execution id="5f294ab0-f7e3-4b4a-8369-e66b9842d784" />
      <TestMethod codeBase="/home/runner/work/Crud/Crud/test/Tests.Integration.Backend/bin/Release/net8.0/Tests.Integration.Backend.dll" adapterTypeName="executor://xunit/VsTestRunner2/netcoreapp" className="Tests.Integration.Backend.Controllers.RolesControllerTests" name="GET_Role_By_Id_Should_Return_404_When_Not_Exists" />
    </UnitTest>
    <UnitTest name="Tests.Integration.Backend.Controllers.AuthControllerPasswordResetTests.POST_ForgotPassword_WithInvalidEmail_Should_Return_BadRequest" storage="/home/runner/work/crud/crud/test/tests.integration.backend/bin/release/net8.0/tests.integration.backend.dll" id="8e410b3f-ed9f-5189-87a9-0a81e42ccd93">
      <Execution id="e3769c54-4773-491c-86fd-35dfbec720ef" />
      <TestMethod codeBase="/home/runner/work/Crud/Crud/test/Tests.Integration.Backend/bin/Release/net8.0/Tests.Integration.Backend.dll" adapterTypeName="executor://xunit/VsTestRunner2/netcoreapp" className="Tests.Integration.Backend.Controllers.AuthControllerPasswordResetTests" name="POST_ForgotPassword_WithInvalidEmail_Should_Return_BadRequest" />
    </UnitTest>
    <UnitTest name="Tests.Integration.Backend.Controllers.PeopleControllerTests.POST_People_Should_Create_Person_With_Roles" storage="/home/runner/work/crud/crud/test/tests.integration.backend/bin/release/net8.0/tests.integration.backend.dll" id="cce4bcb7-a8a4-30d2-f887-eca92f2b74be">
      <Execution id="adb90a72-a5d3-4029-a6ed-ed11e0b04cbd" />
      <TestMethod codeBase="/home/runner/work/Crud/Crud/test/Tests.Integration.Backend/bin/Release/net8.0/Tests.Integration.Backend.dll" adapterTypeName="executor://xunit/VsTestRunner2/netcoreapp" className="Tests.Integration.Backend.Controllers.PeopleControllerTests" name="POST_People_Should_Create_Person_With_Roles" />
    </UnitTest>
    <UnitTest name="Tests.Integration.Backend.Controllers.WindowsControllerTests.Windows_Should_Handle_Boolean_Properties_Correctly" storage="/home/runner/work/crud/crud/test/tests.integration.backend/bin/release/net8.0/tests.integration.backend.dll" id="89abbdd3-2d4a-032e-64a6-9a76add4cdf5">
      <Execution id="1dd6a27b-5169-4b0a-abec-5b88ce952fc5" />
      <TestMethod codeBase="/home/runner/work/Crud/Crud/test/Tests.Integration.Backend/bin/Release/net8.0/Tests.Integration.Backend.dll" adapterTypeName="executor://xunit/VsTestRunner2/netcoreapp" className="Tests.Integration.Backend.Controllers.WindowsControllerTests" name="Windows_Should_Handle_Boolean_Properties_Correctly" />
    </UnitTest>
    <UnitTest name="Tests.Integration.Backend.Controllers.WallsControllerTests.GET_Wall_By_Id_Should_Return_Wall_When_Exists" storage="/home/runner/work/crud/crud/test/tests.integration.backend/bin/release/net8.0/tests.integration.backend.dll" id="f06ae6c9-50ad-cafd-2eae-e83fde29317d">
      <Execution id="c111041a-27da-43a4-b44d-56abbbb14f62" />
      <TestMethod codeBase="/home/runner/work/Crud/Crud/test/Tests.Integration.Backend/bin/Release/net8.0/Tests.Integration.Backend.dll" adapterTypeName="executor://xunit/VsTestRunner2/netcoreapp" className="Tests.Integration.Backend.Controllers.WallsControllerTests" name="GET_Wall_By_Id_Should_Return_Wall_When_Exists" />
    </UnitTest>
    <UnitTest name="Tests.Integration.Backend.Compression.StaticFileCompressionTests.UncompressedStaticFiles_ShouldNotHaveCompressionHeaders" storage="/home/runner/work/crud/crud/test/tests.integration.backend/bin/release/net8.0/tests.integration.backend.dll" id="5ba1ea2b-a035-33f8-2d26-2c5753c3433e">
      <Execution id="8e67b70b-8304-4488-a709-48ef0b20dfc8" />
      <TestMethod codeBase="/home/runner/work/Crud/Crud/test/Tests.Integration.Backend/bin/Release/net8.0/Tests.Integration.Backend.dll" adapterTypeName="executor://xunit/VsTestRunner2/netcoreapp" className="Tests.Integration.Backend.Compression.StaticFileCompressionTests" name="UncompressedStaticFiles_ShouldNotHaveCompressionHeaders" />
    </UnitTest>
    <UnitTest name="Tests.Integration.Backend.OutputCaching.ConditionalRequestTests.GetRequest_WithIfModifiedSince_ShouldReturn200_WhenModified" storage="/home/runner/work/crud/crud/test/tests.integration.backend/bin/release/net8.0/tests.integration.backend.dll" id="0853ac09-c300-33d5-e3a7-a607360126ba">
      <Execution id="cf84deef-19d2-4f40-a4e0-02b4746a375b" />
      <TestMethod codeBase="/home/runner/work/Crud/Crud/test/Tests.Integration.Backend/bin/Release/net8.0/Tests.Integration.Backend.dll" adapterTypeName="executor://xunit/VsTestRunner2/netcoreapp" className="Tests.Integration.Backend.OutputCaching.ConditionalRequestTests" name="GetRequest_WithIfModifiedSince_ShouldReturn200_WhenModified" />
    </UnitTest>
    <UnitTest name="Tests.Integration.Backend.Controllers.RolesControllerTests.GET_Roles_Should_Return_All_Roles" storage="/home/runner/work/crud/crud/test/tests.integration.backend/bin/release/net8.0/tests.integration.backend.dll" id="33b821d5-726b-640c-d1cd-04721e7e48d9">
      <Execution id="8f51b910-383b-4bb3-b0a8-8a934169af1b" />
      <TestMethod codeBase="/home/runner/work/Crud/Crud/test/Tests.Integration.Backend/bin/Release/net8.0/Tests.Integration.Backend.dll" adapterTypeName="executor://xunit/VsTestRunner2/netcoreapp" className="Tests.Integration.Backend.Controllers.RolesControllerTests" name="GET_Roles_Should_Return_All_Roles" />
    </UnitTest>
    <UnitTest name="Tests.Integration.Backend.Controllers.RolesControllerTests.PUT_Role_Should_Update_Existing_Role" storage="/home/runner/work/crud/crud/test/tests.integration.backend/bin/release/net8.0/tests.integration.backend.dll" id="9525fcd3-b949-7544-779c-3d3500ebec99">
      <Execution id="89e92b17-a837-488d-aa31-3984937480aa" />
      <TestMethod codeBase="/home/runner/work/Crud/Crud/test/Tests.Integration.Backend/bin/Release/net8.0/Tests.Integration.Backend.dll" adapterTypeName="executor://xunit/VsTestRunner2/netcoreapp" className="Tests.Integration.Backend.Controllers.RolesControllerTests" name="PUT_Role_Should_Update_Existing_Role" />
    </UnitTest>
    <UnitTest name="Tests.Integration.Backend.Controllers.ApiHealthTests.API_Should_Handle_Invalid_Routes" storage="/home/runner/work/crud/crud/test/tests.integration.backend/bin/release/net8.0/tests.integration.backend.dll" id="f7ccf265-e80b-872a-2ee9-60a9a3351b24">
      <Execution id="a25cb5ed-8988-4362-89c8-6a3448dd2c64" />
      <TestMethod codeBase="/home/runner/work/Crud/Crud/test/Tests.Integration.Backend/bin/Release/net8.0/Tests.Integration.Backend.dll" adapterTypeName="executor://xunit/VsTestRunner2/netcoreapp" className="Tests.Integration.Backend.Controllers.ApiHealthTests" name="API_Should_Handle_Invalid_Routes" />
    </UnitTest>
    <UnitTest name="Tests.Integration.Backend.OutputCaching.CachingE2ETests.CompleteCachingWorkflow_ShouldPerformAsExpected" storage="/home/runner/work/crud/crud/test/tests.integration.backend/bin/release/net8.0/tests.integration.backend.dll" id="70e1a820-63f2-9d05-e43e-21258bccb063">
      <Execution id="11d7279e-600f-4f1b-8224-2ed6493fcbed" />
      <TestMethod codeBase="/home/runner/work/Crud/Crud/test/Tests.Integration.Backend/bin/Release/net8.0/Tests.Integration.Backend.dll" adapterTypeName="executor://xunit/VsTestRunner2/netcoreapp" className="Tests.Integration.Backend.OutputCaching.CachingE2ETests" name="CompleteCachingWorkflow_ShouldPerformAsExpected" />
    </UnitTest>
    <UnitTest name="Tests.Integration.Backend.Controllers.RolesControllerTests.POST_Roles_Should_Return_400_For_Invalid_Data" storage="/home/runner/work/crud/crud/test/tests.integration.backend/bin/release/net8.0/tests.integration.backend.dll" id="3115f456-ece1-1790-9284-157082a1d43c">
      <Execution id="e7fc9f53-4cad-462a-8954-e778a134e67c" />
      <TestMethod codeBase="/home/runner/work/Crud/Crud/test/Tests.Integration.Backend/bin/Release/net8.0/Tests.Integration.Backend.dll" adapterTypeName="executor://xunit/VsTestRunner2/netcoreapp" className="Tests.Integration.Backend.Controllers.RolesControllerTests" name="POST_Roles_Should_Return_400_For_Invalid_Data" />
    </UnitTest>
    <UnitTest name="Tests.Integration.Backend.OutputCaching.CacheInvalidationTests.PostWindow_ShouldInvalidateWindowsCache" storage="/home/runner/work/crud/crud/test/tests.integration.backend/bin/release/net8.0/tests.integration.backend.dll" id="7ef81c0c-3038-9435-7857-ab17f80f7cdb">
      <Execution id="83b47d7b-acdb-4a56-b8be-f23c2125173a" />
      <TestMethod codeBase="/home/runner/work/Crud/Crud/test/Tests.Integration.Backend/bin/Release/net8.0/Tests.Integration.Backend.dll" adapterTypeName="executor://xunit/VsTestRunner2/netcoreapp" className="Tests.Integration.Backend.OutputCaching.CacheInvalidationTests" name="PostWindow_ShouldInvalidateWindowsCache" />
    </UnitTest>
    <UnitTest name="Tests.Integration.Backend.OutputCaching.CachingE2ETests.CrossEntityCaching_ShouldNotInterfere" storage="/home/runner/work/crud/crud/test/tests.integration.backend/bin/release/net8.0/tests.integration.backend.dll" id="28caa8d5-c8a9-c82d-9ea0-c02736f0dfd9">
      <Execution id="a5d27343-9b87-497c-adb0-39f1aa640090" />
      <TestMethod codeBase="/home/runner/work/Crud/Crud/test/Tests.Integration.Backend/bin/Release/net8.0/Tests.Integration.Backend.dll" adapterTypeName="executor://xunit/VsTestRunner2/netcoreapp" className="Tests.Integration.Backend.OutputCaching.CachingE2ETests" name="CrossEntityCaching_ShouldNotInterfere" />
    </UnitTest>
    <UnitTest name="Tests.Integration.Backend.Controllers.ApiHealthTests.API_Should_Handle_Concurrent_Requests" storage="/home/runner/work/crud/crud/test/tests.integration.backend/bin/release/net8.0/tests.integration.backend.dll" id="e4619fb0-2f02-c154-40bc-f54ee36b9b38">
      <Execution id="9542721a-414e-487e-843d-3678303c2c30" />
      <TestMethod codeBase="/home/runner/work/Crud/Crud/test/Tests.Integration.Backend/bin/Release/net8.0/Tests.Integration.Backend.dll" adapterTypeName="executor://xunit/VsTestRunner2/netcoreapp" className="Tests.Integration.Backend.Controllers.ApiHealthTests" name="API_Should_Handle_Concurrent_Requests" />
    </UnitTest>
    <UnitTest name="Tests.Integration.Backend.Controllers.AuthControllerPasswordResetTests.POST_ForgotPassword_WithValidEmail_Should_Return_Success" storage="/home/runner/work/crud/crud/test/tests.integration.backend/bin/release/net8.0/tests.integration.backend.dll" id="20b78283-04d3-fc47-1574-93af6fec32ea">
      <Execution id="73bde495-9f28-40d9-bdff-cd4a0ff063ad" />
      <TestMethod codeBase="/home/runner/work/Crud/Crud/test/Tests.Integration.Backend/bin/Release/net8.0/Tests.Integration.Backend.dll" adapterTypeName="executor://xunit/VsTestRunner2/netcoreapp" className="Tests.Integration.Backend.Controllers.AuthControllerPasswordResetTests" name="POST_ForgotPassword_WithValidEmail_Should_Return_Success" />
    </UnitTest>
    <UnitTest name="Tests.Integration.Backend.OutputCaching.OutputCachingConfigurationTests.OutputCaching_ShouldFallbackToMemoryWhenRedisUnavailable" storage="/home/runner/work/crud/crud/test/tests.integration.backend/bin/release/net8.0/tests.integration.backend.dll" id="b7cda526-0758-c938-af92-6a6e25e8efc9">
      <Execution id="d7306ee3-5a2a-4b69-b079-d7c8a3c481cf" />
      <TestMethod codeBase="/home/runner/work/Crud/Crud/test/Tests.Integration.Backend/bin/Release/net8.0/Tests.Integration.Backend.dll" adapterTypeName="executor://xunit/VsTestRunner2/netcoreapp" className="Tests.Integration.Backend.OutputCaching.OutputCachingConfigurationTests" name="OutputCaching_ShouldFallbackToMemoryWhenRedisUnavailable" />
    </UnitTest>
    <UnitTest name="Tests.Integration.Backend.Controllers.RolesControllerTests.DELETE_Role_Should_Return_204_When_Not_Exists" storage="/home/runner/work/crud/crud/test/tests.integration.backend/bin/release/net8.0/tests.integration.backend.dll" id="79e70e1e-8075-8996-1211-c6d54a3d9ffa">
      <Execution id="72298cd8-5a51-45f6-a0bc-4958a6fe715c" />
      <TestMethod codeBase="/home/runner/work/Crud/Crud/test/Tests.Integration.Backend/bin/Release/net8.0/Tests.Integration.Backend.dll" adapterTypeName="executor://xunit/VsTestRunner2/netcoreapp" className="Tests.Integration.Backend.Controllers.RolesControllerTests" name="DELETE_Role_Should_Return_204_When_Not_Exists" />
    </UnitTest>
    <UnitTest name="Tests.Integration.Backend.Controllers.ApiHealthTests.API_Should_Handle_CORS_Headers" storage="/home/runner/work/crud/crud/test/tests.integration.backend/bin/release/net8.0/tests.integration.backend.dll" id="e3433c1d-41f7-b660-a894-db56a9b283f4">
      <Execution id="8e7ab6ab-6a8c-4a11-8d7d-073180563c09" />
      <TestMethod codeBase="/home/runner/work/Crud/Crud/test/Tests.Integration.Backend/bin/Release/net8.0/Tests.Integration.Backend.dll" adapterTypeName="executor://xunit/VsTestRunner2/netcoreapp" className="Tests.Integration.Backend.Controllers.ApiHealthTests" name="API_Should_Handle_CORS_Headers" />
    </UnitTest>
    <UnitTest name="Tests.Integration.Backend.Controllers.AuthControllerTests.POST_Refresh_Should_Return_New_Tokens_For_Valid_RefreshToken" storage="/home/runner/work/crud/crud/test/tests.integration.backend/bin/release/net8.0/tests.integration.backend.dll" id="9ed0881a-ade1-55d1-ff4e-861058b9ed01">
      <Execution id="6476beb2-b453-48ee-af45-382e53a45197" />
      <TestMethod codeBase="/home/runner/work/Crud/Crud/test/Tests.Integration.Backend/bin/Release/net8.0/Tests.Integration.Backend.dll" adapterTypeName="executor://xunit/VsTestRunner2/netcoreapp" className="Tests.Integration.Backend.Controllers.AuthControllerTests" name="POST_Refresh_Should_Return_New_Tokens_For_Valid_RefreshToken" />
    </UnitTest>
    <UnitTest name="Tests.Integration.Backend.Compression.ResponseCompressionTests.CompressedResponse_ShouldHaveCompressionHeaders" storage="/home/runner/work/crud/crud/test/tests.integration.backend/bin/release/net8.0/tests.integration.backend.dll" id="a5770765-4612-4372-f1a9-727a017fca24">
      <Execution id="d17737b4-e768-4d28-86dc-c62b7e1bd8c1" />
      <TestMethod codeBase="/home/runner/work/Crud/Crud/test/Tests.Integration.Backend/bin/Release/net8.0/Tests.Integration.Backend.dll" adapterTypeName="executor://xunit/VsTestRunner2/netcoreapp" className="Tests.Integration.Backend.Compression.ResponseCompressionTests" name="CompressedResponse_ShouldHaveCompressionHeaders" />
    </UnitTest>
    <UnitTest name="Tests.Integration.Backend.Controllers.ApiHealthTests.API_Should_Maintain_Data_Consistency_Under_Load" storage="/home/runner/work/crud/crud/test/tests.integration.backend/bin/release/net8.0/tests.integration.backend.dll" id="58d6d3e1-eb4b-146c-6475-5a89377fd38d">
      <Execution id="2fc58560-a4db-4cf3-9d68-8374143685fe" />
      <TestMethod codeBase="/home/runner/work/Crud/Crud/test/Tests.Integration.Backend/bin/Release/net8.0/Tests.Integration.Backend.dll" adapterTypeName="executor://xunit/VsTestRunner2/netcoreapp" className="Tests.Integration.Backend.Controllers.ApiHealthTests" name="API_Should_Maintain_Data_Consistency_Under_Load" />
    </UnitTest>
    <UnitTest name="Tests.Integration.Backend.Controllers.WallsControllerTests.POST_Wall_Should_Calculate_And_Store_Complex_Properties" storage="/home/runner/work/crud/crud/test/tests.integration.backend/bin/release/net8.0/tests.integration.backend.dll" id="ab17e4f5-654f-3749-a1be-206a5019e954">
      <Execution id="1be1b86e-877f-422f-a438-32f3fe89cf53" />
      <TestMethod codeBase="/home/runner/work/Crud/Crud/test/Tests.Integration.Backend/bin/Release/net8.0/Tests.Integration.Backend.dll" adapterTypeName="executor://xunit/VsTestRunner2/netcoreapp" className="Tests.Integration.Backend.Controllers.WallsControllerTests" name="POST_Wall_Should_Calculate_And_Store_Complex_Properties" />
    </UnitTest>
    <UnitTest name="Tests.Integration.Backend.Controllers.ApiHealthTests.All_Endpoints_Should_Support_Expected_HTTP_Methods(method: &quot;GET&quot;, endpoint: &quot;/api/roles&quot;)" storage="/home/runner/work/crud/crud/test/tests.integration.backend/bin/release/net8.0/tests.integration.backend.dll" id="a607d0ef-948b-6788-8be8-6f42840aa828">
      <Execution id="88d6cffc-1d03-4d72-bd9d-77d8394f5ad8" />
      <TestMethod codeBase="/home/runner/work/Crud/Crud/test/Tests.Integration.Backend/bin/Release/net8.0/Tests.Integration.Backend.dll" adapterTypeName="executor://xunit/VsTestRunner2/netcoreapp" className="Tests.Integration.Backend.Controllers.ApiHealthTests" name="All_Endpoints_Should_Support_Expected_HTTP_Methods" />
    </UnitTest>
    <UnitTest name="Tests.Integration.Backend.Controllers.WindowsControllerTests.POST_Windows_Should_Return_400_For_Invalid_Data" storage="/home/runner/work/crud/crud/test/tests.integration.backend/bin/release/net8.0/tests.integration.backend.dll" id="03a14d36-6f95-8492-bfd4-a25fff2f6772">
      <Execution id="46890a80-894f-45eb-aba5-3d88450b6b3b" />
      <TestMethod codeBase="/home/runner/work/Crud/Crud/test/Tests.Integration.Backend/bin/Release/net8.0/Tests.Integration.Backend.dll" adapterTypeName="executor://xunit/VsTestRunner2/netcoreapp" className="Tests.Integration.Backend.Controllers.WindowsControllerTests" name="POST_Windows_Should_Return_400_For_Invalid_Data" />
    </UnitTest>
    <UnitTest name="Tests.Integration.Backend.Controllers.WindowsControllerTests.DELETE_Window_Should_Return_204_When_Not_Exists" storage="/home/runner/work/crud/crud/test/tests.integration.backend/bin/release/net8.0/tests.integration.backend.dll" id="5250d740-754a-3ba2-19d9-7b7107d87e03">
      <Execution id="490a9b3c-98c1-425e-9bd6-aaa675098a71" />
      <TestMethod codeBase="/home/runner/work/Crud/Crud/test/Tests.Integration.Backend/bin/Release/net8.0/Tests.Integration.Backend.dll" adapterTypeName="executor://xunit/VsTestRunner2/netcoreapp" className="Tests.Integration.Backend.Controllers.WindowsControllerTests" name="DELETE_Window_Should_Return_204_When_Not_Exists" />
    </UnitTest>
    <UnitTest name="Tests.Integration.Backend.Controllers.AuthControllerTests.POST_Refresh_Should_Return_Unauthorized_For_Invalid_RefreshToken" storage="/home/runner/work/crud/crud/test/tests.integration.backend/bin/release/net8.0/tests.integration.backend.dll" id="297d158e-047c-5612-bd99-21893c5634e4">
      <Execution id="8ff0b8c7-953c-4a53-b858-c4463c40ee29" />
      <TestMethod codeBase="/home/runner/work/Crud/Crud/test/Tests.Integration.Backend/bin/Release/net8.0/Tests.Integration.Backend.dll" adapterTypeName="executor://xunit/VsTestRunner2/netcoreapp" className="Tests.Integration.Backend.Controllers.AuthControllerTests" name="POST_Refresh_Should_Return_Unauthorized_For_Invalid_RefreshToken" />
    </UnitTest>
    <UnitTest name="Tests.Integration.Backend.Controllers.WindowsControllerTests.POST_Windows_Should_Create_Window_And_Return_201" storage="/home/runner/work/crud/crud/test/tests.integration.backend/bin/release/net8.0/tests.integration.backend.dll" id="dfaed238-70c1-ab80-405a-08edfd13c1ba">
      <Execution id="c17681bf-aa44-472e-b717-3897494d8ff6" />
      <TestMethod codeBase="/home/runner/work/Crud/Crud/test/Tests.Integration.Backend/bin/Release/net8.0/Tests.Integration.Backend.dll" adapterTypeName="executor://xunit/VsTestRunner2/netcoreapp" className="Tests.Integration.Backend.Controllers.WindowsControllerTests" name="POST_Windows_Should_Create_Window_And_Return_201" />
    </UnitTest>
    <UnitTest name="Tests.Integration.Backend.E2E.AuthenticationE2ETests.Refresh_Token_Rotation_Should_Work" storage="/home/runner/work/crud/crud/test/tests.integration.backend/bin/release/net8.0/tests.integration.backend.dll" id="6ab30ede-2d43-e3c2-d85a-058d5fd2dee1">
      <Execution id="838954c1-45aa-448e-8ee4-e6247aae5ebd" />
      <TestMethod codeBase="/home/runner/work/Crud/Crud/test/Tests.Integration.Backend/bin/Release/net8.0/Tests.Integration.Backend.dll" adapterTypeName="executor://xunit/VsTestRunner2/netcoreapp" className="Tests.Integration.Backend.E2E.AuthenticationE2ETests" name="Refresh_Token_Rotation_Should_Work" />
    </UnitTest>
    <UnitTest name="Tests.Integration.Backend.OutputCaching.CacheInvalidationTests.CacheInvalidation_ShouldBeEntitySpecific" storage="/home/runner/work/crud/crud/test/tests.integration.backend/bin/release/net8.0/tests.integration.backend.dll" id="5915cbaf-7ed1-cbfd-2c81-4746833e58cd">
      <Execution id="5d5be52e-5ba7-4734-91c1-51c817c28987" />
      <TestMethod codeBase="/home/runner/work/Crud/Crud/test/Tests.Integration.Backend/bin/Release/net8.0/Tests.Integration.Backend.dll" adapterTypeName="executor://xunit/VsTestRunner2/netcoreapp" className="Tests.Integration.Backend.OutputCaching.CacheInvalidationTests" name="CacheInvalidation_ShouldBeEntitySpecific" />
    </UnitTest>
    <UnitTest name="Tests.Integration.Backend.OutputCaching.CachingE2ETests.AllCachedEndpoints_ShouldReturnCacheHeaders(endpoint: &quot;/api/walls&quot;)" storage="/home/runner/work/crud/crud/test/tests.integration.backend/bin/release/net8.0/tests.integration.backend.dll" id="4b80b6dd-af6e-92d9-97c9-a8c31eb301db">
      <Execution id="d10f04a5-aee3-4306-a8cb-835baa4931ea" />
      <TestMethod codeBase="/home/runner/work/Crud/Crud/test/Tests.Integration.Backend/bin/Release/net8.0/Tests.Integration.Backend.dll" adapterTypeName="executor://xunit/VsTestRunner2/netcoreapp" className="Tests.Integration.Backend.OutputCaching.CachingE2ETests" name="AllCachedEndpoints_ShouldReturnCacheHeaders" />
    </UnitTest>
    <UnitTest name="Tests.Integration.Backend.Controllers.AuthControllerTests.POST_Register_Should_Return_BadRequest_For_Invalid_Email" storage="/home/runner/work/crud/crud/test/tests.integration.backend/bin/release/net8.0/tests.integration.backend.dll" id="2bf8b19c-cf08-fc4d-1420-d095f4b1337b">
      <Execution id="5ac92155-e1d5-447d-8145-76f9c83dd088" />
      <TestMethod codeBase="/home/runner/work/Crud/Crud/test/Tests.Integration.Backend/bin/Release/net8.0/Tests.Integration.Backend.dll" adapterTypeName="executor://xunit/VsTestRunner2/netcoreapp" className="Tests.Integration.Backend.Controllers.AuthControllerTests" name="POST_Register_Should_Return_BadRequest_For_Invalid_Email" />
    </UnitTest>
    <UnitTest name="Tests.Integration.Backend.Controllers.PeopleControllerTests.PUT_People_Should_Return_404_For_NonExistent_Person" storage="/home/runner/work/crud/crud/test/tests.integration.backend/bin/release/net8.0/tests.integration.backend.dll" id="78b405b2-a7b4-22cc-fd25-19657615e9ba">
      <Execution id="a15c468a-e10d-40eb-aa12-87b7b79a5aa0" />
      <TestMethod codeBase="/home/runner/work/Crud/Crud/test/Tests.Integration.Backend/bin/Release/net8.0/Tests.Integration.Backend.dll" adapterTypeName="executor://xunit/VsTestRunner2/netcoreapp" className="Tests.Integration.Backend.Controllers.PeopleControllerTests" name="PUT_People_Should_Return_404_For_NonExistent_Person" />
    </UnitTest>
    <UnitTest name="Tests.Integration.Backend.Controllers.DatabaseControllerTests.GET_Database_Status_Should_Return_Database_Statistics" storage="/home/runner/work/crud/crud/test/tests.integration.backend/bin/release/net8.0/tests.integration.backend.dll" id="9c4bd49d-31a4-6530-0f02-8fe23a54becf">
      <Execution id="4133247c-11a6-43fb-94a1-e185b09a5e51" />
      <TestMethod codeBase="/home/runner/work/Crud/Crud/test/Tests.Integration.Backend/bin/Release/net8.0/Tests.Integration.Backend.dll" adapterTypeName="executor://xunit/VsTestRunner2/netcoreapp" className="Tests.Integration.Backend.Controllers.DatabaseControllerTests" name="GET_Database_Status_Should_Return_Database_Statistics" />
    </UnitTest>
    <UnitTest name="Tests.Integration.Backend.Controllers.WallsControllerTests.GET_Walls_Should_Return_All_Walls" storage="/home/runner/work/crud/crud/test/tests.integration.backend/bin/release/net8.0/tests.integration.backend.dll" id="e9e2b921-0a1d-aae8-34e0-f52557170fc1">
      <Execution id="6a1fafa9-2dee-45e1-b5f2-b93bb0e5d144" />
      <TestMethod codeBase="/home/runner/work/Crud/Crud/test/Tests.Integration.Backend/bin/Release/net8.0/Tests.Integration.Backend.dll" adapterTypeName="executor://xunit/VsTestRunner2/netcoreapp" className="Tests.Integration.Backend.Controllers.WallsControllerTests" name="GET_Walls_Should_Return_All_Walls" />
    </UnitTest>
    <UnitTest name="Tests.Integration.Backend.Controllers.AuthControllerTests.Protected_Endpoint_Should_Return_Unauthorized_Without_Token" storage="/home/runner/work/crud/crud/test/tests.integration.backend/bin/release/net8.0/tests.integration.backend.dll" id="4fb3036c-0d92-3b62-20b9-33331422414d">
      <Execution id="32e13c68-dd94-4a9d-a2e0-44705af8bb52" />
      <TestMethod codeBase="/home/runner/work/Crud/Crud/test/Tests.Integration.Backend/bin/Release/net8.0/Tests.Integration.Backend.dll" adapterTypeName="executor://xunit/VsTestRunner2/netcoreapp" className="Tests.Integration.Backend.Controllers.AuthControllerTests" name="Protected_Endpoint_Should_Return_Unauthorized_Without_Token" />
    </UnitTest>
    <UnitTest name="Tests.Integration.Backend.Controllers.ApiHealthTests.API_Should_Handle_Large_Payloads" storage="/home/runner/work/crud/crud/test/tests.integration.backend/bin/release/net8.0/tests.integration.backend.dll" id="aeaaee5e-bc09-54e8-9ec4-6c4cdf3ce87c">
      <Execution id="9283b379-305b-4d0c-952e-4d578b97b236" />
      <TestMethod codeBase="/home/runner/work/Crud/Crud/test/Tests.Integration.Backend/bin/Release/net8.0/Tests.Integration.Backend.dll" adapterTypeName="executor://xunit/VsTestRunner2/netcoreapp" className="Tests.Integration.Backend.Controllers.ApiHealthTests" name="API_Should_Handle_Large_Payloads" />
    </UnitTest>
    <UnitTest name="Tests.Integration.Backend.OutputCaching.OutputCachingConfigurationTests.OutputCaching_ShouldBeRegisteredInServices" storage="/home/runner/work/crud/crud/test/tests.integration.backend/bin/release/net8.0/tests.integration.backend.dll" id="3aa435ad-a9a4-65ee-4bc9-21f73753b103">
      <Execution id="cc67a60b-8cf6-49ab-a3a4-76ea1c403801" />
      <TestMethod codeBase="/home/runner/work/Crud/Crud/test/Tests.Integration.Backend/bin/Release/net8.0/Tests.Integration.Backend.dll" adapterTypeName="executor://xunit/VsTestRunner2/netcoreapp" className="Tests.Integration.Backend.OutputCaching.OutputCachingConfigurationTests" name="OutputCaching_ShouldBeRegisteredInServices" />
    </UnitTest>
    <UnitTest name="Tests.Integration.Backend.Controllers.RolesControllerTests.DELETE_Role_Should_Remove_Existing_Role" storage="/home/runner/work/crud/crud/test/tests.integration.backend/bin/release/net8.0/tests.integration.backend.dll" id="58a8f096-af1a-ba52-8cf7-4f27a22072be">
      <Execution id="3fabcc7f-f6a7-4039-bef4-e7c7e4da7f39" />
      <TestMethod codeBase="/home/runner/work/Crud/Crud/test/Tests.Integration.Backend/bin/Release/net8.0/Tests.Integration.Backend.dll" adapterTypeName="executor://xunit/VsTestRunner2/netcoreapp" className="Tests.Integration.Backend.Controllers.RolesControllerTests" name="DELETE_Role_Should_Remove_Existing_Role" />
    </UnitTest>
    <UnitTest name="Tests.Integration.Backend.Compression.StaticFileCompressionTests.JsFile_ShouldBeCompressed_WhenClientSupportsGzip" storage="/home/runner/work/crud/crud/test/tests.integration.backend/bin/release/net8.0/tests.integration.backend.dll" id="3b2e3bce-af10-026c-a2ca-d924efcd601d">
      <Execution id="2f5ab9a3-eaf9-4870-b336-9fc3ab5c2c84" />
      <TestMethod codeBase="/home/runner/work/Crud/Crud/test/Tests.Integration.Backend/bin/Release/net8.0/Tests.Integration.Backend.dll" adapterTypeName="executor://xunit/VsTestRunner2/netcoreapp" className="Tests.Integration.Backend.Compression.StaticFileCompressionTests" name="JsFile_ShouldBeCompressed_WhenClientSupportsGzip" />
    </UnitTest>
    <UnitTest name="Tests.Integration.Backend.OutputCaching.OutputCachingTests.GetWindows_ShouldReturnConsistentResponses" storage="/home/runner/work/crud/crud/test/tests.integration.backend/bin/release/net8.0/tests.integration.backend.dll" id="53a7b40c-019b-3989-42c2-31ec0027eed1">
      <Execution id="d6313d6f-41bb-4995-8e29-f1dd868f692a" />
      <TestMethod codeBase="/home/runner/work/Crud/Crud/test/Tests.Integration.Backend/bin/Release/net8.0/Tests.Integration.Backend.dll" adapterTypeName="executor://xunit/VsTestRunner2/netcoreapp" className="Tests.Integration.Backend.OutputCaching.OutputCachingTests" name="GetWindows_ShouldReturnConsistentResponses" />
    </UnitTest>
    <UnitTest name="Tests.Integration.Backend.Controllers.AuthControllerPasswordResetTests.POST_ValidateResetToken_WithInvalidToken_Should_Return_Invalid_Status" storage="/home/runner/work/crud/crud/test/tests.integration.backend/bin/release/net8.0/tests.integration.backend.dll" id="67c0dda5-90c3-5662-c072-7db17a34e9f0">
      <Execution id="b911c1fb-c226-4e16-892c-bde821b4cfca" />
      <TestMethod codeBase="/home/runner/work/Crud/Crud/test/Tests.Integration.Backend/bin/Release/net8.0/Tests.Integration.Backend.dll" adapterTypeName="executor://xunit/VsTestRunner2/netcoreapp" className="Tests.Integration.Backend.Controllers.AuthControllerPasswordResetTests" name="POST_ValidateResetToken_WithInvalidToken_Should_Return_Invalid_Status" />
    </UnitTest>
    <UnitTest name="Tests.Integration.Backend.Controllers.PeopleControllerTests.GET_People_By_Id_Should_Return_Specific_Person" storage="/home/runner/work/crud/crud/test/tests.integration.backend/bin/release/net8.0/tests.integration.backend.dll" id="cc1dc38d-e485-bd07-2880-7ffdde1c97ec">
      <Execution id="c7adc6eb-8188-4824-8afa-5228943019d6" />
      <TestMethod codeBase="/home/runner/work/Crud/Crud/test/Tests.Integration.Backend/bin/Release/net8.0/Tests.Integration.Backend.dll" adapterTypeName="executor://xunit/VsTestRunner2/netcoreapp" className="Tests.Integration.Backend.Controllers.PeopleControllerTests" name="GET_People_By_Id_Should_Return_Specific_Person" />
    </UnitTest>
    <UnitTest name="Tests.Integration.Backend.Compression.ResponseCompressionTests.ApiResponse_ShouldBeCompressed_WhenClientSupportsGzip" storage="/home/runner/work/crud/crud/test/tests.integration.backend/bin/release/net8.0/tests.integration.backend.dll" id="abfa73e9-0257-16cb-29aa-f2c99faf213f">
      <Execution id="e14829d2-2d8c-45ca-8c6b-22bb730a9d55" />
      <TestMethod codeBase="/home/runner/work/Crud/Crud/test/Tests.Integration.Backend/bin/Release/net8.0/Tests.Integration.Backend.dll" adapterTypeName="executor://xunit/VsTestRunner2/netcoreapp" className="Tests.Integration.Backend.Compression.ResponseCompressionTests" name="ApiResponse_ShouldBeCompressed_WhenClientSupportsGzip" />
    </UnitTest>
    <UnitTest name="Tests.Integration.Backend.Controllers.RolesControllerTests.GET_Role_By_Id_Should_Return_Role_When_Exists" storage="/home/runner/work/crud/crud/test/tests.integration.backend/bin/release/net8.0/tests.integration.backend.dll" id="9805b897-cbb6-397d-b557-62afcb8b9211">
      <Execution id="9bbafa18-63b8-4146-b118-98df60b133bd" />
      <TestMethod codeBase="/home/runner/work/Crud/Crud/test/Tests.Integration.Backend/bin/Release/net8.0/Tests.Integration.Backend.dll" adapterTypeName="executor://xunit/VsTestRunner2/netcoreapp" className="Tests.Integration.Backend.Controllers.RolesControllerTests" name="GET_Role_By_Id_Should_Return_Role_When_Exists" />
    </UnitTest>
    <UnitTest name="Tests.Integration.Backend.E2E.AuthenticationE2ETests.Concurrent_Requests_Should_Be_Handled_Properly" storage="/home/runner/work/crud/crud/test/tests.integration.backend/bin/release/net8.0/tests.integration.backend.dll" id="e883dfad-5803-12bb-5b1f-de2527fafd69">
      <Execution id="a8ff1b5e-d4ea-45ea-9ec6-8cee88a89793" />
      <TestMethod codeBase="/home/runner/work/Crud/Crud/test/Tests.Integration.Backend/bin/Release/net8.0/Tests.Integration.Backend.dll" adapterTypeName="executor://xunit/VsTestRunner2/netcoreapp" className="Tests.Integration.Backend.E2E.AuthenticationE2ETests" name="Concurrent_Requests_Should_Be_Handled_Properly" />
    </UnitTest>
    <UnitTest name="Tests.Integration.Backend.OutputCaching.OutputCachingTests.GetWalls_ShouldReturnConsistentResponses" storage="/home/runner/work/crud/crud/test/tests.integration.backend/bin/release/net8.0/tests.integration.backend.dll" id="f48af067-4eb4-5a80-a058-995d81b9c49e">
      <Execution id="bbfa9a60-a3f4-4a01-a339-5b4c9540ebd7" />
      <TestMethod codeBase="/home/runner/work/Crud/Crud/test/Tests.Integration.Backend/bin/Release/net8.0/Tests.Integration.Backend.dll" adapterTypeName="executor://xunit/VsTestRunner2/netcoreapp" className="Tests.Integration.Backend.OutputCaching.OutputCachingTests" name="GetWalls_ShouldReturnConsistentResponses" />
    </UnitTest>
    <UnitTest name="Tests.Integration.Backend.OutputCaching.CachingE2ETests.AllCachedEndpoints_ShouldReturnCacheHeaders(endpoint: &quot;/api/people&quot;)" storage="/home/runner/work/crud/crud/test/tests.integration.backend/bin/release/net8.0/tests.integration.backend.dll" id="74c46e58-3df7-a0cc-53b5-5247c5480908">
      <Execution id="05688d42-dc02-4b5d-9dce-5973992fb3a0" />
      <TestMethod codeBase="/home/runner/work/Crud/Crud/test/Tests.Integration.Backend/bin/Release/net8.0/Tests.Integration.Backend.dll" adapterTypeName="executor://xunit/VsTestRunner2/netcoreapp" className="Tests.Integration.Backend.OutputCaching.CachingE2ETests" name="AllCachedEndpoints_ShouldReturnCacheHeaders" />
    </UnitTest>
    <UnitTest name="Tests.Integration.Backend.Controllers.WallsControllerTests.DELETE_Wall_Should_Remove_Existing_Wall" storage="/home/runner/work/crud/crud/test/tests.integration.backend/bin/release/net8.0/tests.integration.backend.dll" id="a509d6b0-b691-0a3b-74c8-b5408578a6d5">
      <Execution id="0f52bd32-0775-4144-bbbd-b23e59a41150" />
      <TestMethod codeBase="/home/runner/work/Crud/Crud/test/Tests.Integration.Backend/bin/Release/net8.0/Tests.Integration.Backend.dll" adapterTypeName="executor://xunit/VsTestRunner2/netcoreapp" className="Tests.Integration.Backend.Controllers.WallsControllerTests" name="DELETE_Wall_Should_Remove_Existing_Wall" />
    </UnitTest>
    <UnitTest name="Tests.Integration.Backend.E2E.AuthenticationE2ETests.Role_Based_Access_Should_Work" storage="/home/runner/work/crud/crud/test/tests.integration.backend/bin/release/net8.0/tests.integration.backend.dll" id="927ecc12-27fc-afb1-a7a2-a42476361110">
      <Execution id="7f0e0e90-e9bd-4380-9073-5736da59d333" />
      <TestMethod codeBase="/home/runner/work/Crud/Crud/test/Tests.Integration.Backend/bin/Release/net8.0/Tests.Integration.Backend.dll" adapterTypeName="executor://xunit/VsTestRunner2/netcoreapp" className="Tests.Integration.Backend.E2E.AuthenticationE2ETests" name="Role_Based_Access_Should_Work" />
    </UnitTest>
    <UnitTest name="Tests.Integration.Backend.Controllers.DatabaseControllerTests.POST_Database_Seed_Should_Seed_Database_Successfully" storage="/home/runner/work/crud/crud/test/tests.integration.backend/bin/release/net8.0/tests.integration.backend.dll" id="f05cedeb-e83b-1e7e-3928-23724172eea5">
      <Execution id="a78a7eea-f6c9-436c-b3cb-57a64ebe83a5" />
      <TestMethod codeBase="/home/runner/work/Crud/Crud/test/Tests.Integration.Backend/bin/Release/net8.0/Tests.Integration.Backend.dll" adapterTypeName="executor://xunit/VsTestRunner2/netcoreapp" className="Tests.Integration.Backend.Controllers.DatabaseControllerTests" name="POST_Database_Seed_Should_Seed_Database_Successfully" />
    </UnitTest>
    <UnitTest name="Tests.Integration.Backend.Controllers.PeopleControllerTests.GET_People_By_Id_Should_Return_404_For_NonExistent_Person" storage="/home/runner/work/crud/crud/test/tests.integration.backend/bin/release/net8.0/tests.integration.backend.dll" id="4e4996c7-f4bf-6a3f-b2c5-de38dd6676bb">
      <Execution id="23f0d6d2-73d1-4e03-b523-1d6e81372cee" />
      <TestMethod codeBase="/home/runner/work/Crud/Crud/test/Tests.Integration.Backend/bin/Release/net8.0/Tests.Integration.Backend.dll" adapterTypeName="executor://xunit/VsTestRunner2/netcoreapp" className="Tests.Integration.Backend.Controllers.PeopleControllerTests" name="GET_People_By_Id_Should_Return_404_For_NonExistent_Person" />
    </UnitTest>
    <UnitTest name="Tests.Integration.Backend.OutputCaching.CachingE2ETests.AllCachedEndpoints_ShouldReturnCacheHeaders(endpoint: &quot;/api/roles&quot;)" storage="/home/runner/work/crud/crud/test/tests.integration.backend/bin/release/net8.0/tests.integration.backend.dll" id="6701ad16-b836-ee76-0566-4e5adb91c861">
      <Execution id="038ea824-805b-4e0d-9741-d5df2f9f80b7" />
      <TestMethod codeBase="/home/runner/work/Crud/Crud/test/Tests.Integration.Backend/bin/Release/net8.0/Tests.Integration.Backend.dll" adapterTypeName="executor://xunit/VsTestRunner2/netcoreapp" className="Tests.Integration.Backend.OutputCaching.CachingE2ETests" name="AllCachedEndpoints_ShouldReturnCacheHeaders" />
    </UnitTest>
    <UnitTest name="Tests.Integration.Backend.Compression.StaticFileCompressionTests.CssFile_ShouldBeCompressed_WhenClientSupportsGzip" storage="/home/runner/work/crud/crud/test/tests.integration.backend/bin/release/net8.0/tests.integration.backend.dll" id="78d2062e-7c45-d260-f795-f1b53c418237">
      <Execution id="92c3ea28-ce46-4940-a888-da4fd8586c93" />
      <TestMethod codeBase="/home/runner/work/Crud/Crud/test/Tests.Integration.Backend/bin/Release/net8.0/Tests.Integration.Backend.dll" adapterTypeName="executor://xunit/VsTestRunner2/netcoreapp" className="Tests.Integration.Backend.Compression.StaticFileCompressionTests" name="CssFile_ShouldBeCompressed_WhenClientSupportsGzip" />
    </UnitTest>
    <UnitTest name="Tests.Integration.Backend.Controllers.PeopleControllerTests.GET_People_Should_Return_401_Without_Authentication" storage="/home/runner/work/crud/crud/test/tests.integration.backend/bin/release/net8.0/tests.integration.backend.dll" id="a6bb128b-1161-cbb2-5ff4-da08f9a71fbf">
      <Execution id="49c7c54a-4ecd-4465-a3fa-d2405e7b0a9b" />
      <TestMethod codeBase="/home/runner/work/Crud/Crud/test/Tests.Integration.Backend/bin/Release/net8.0/Tests.Integration.Backend.dll" adapterTypeName="executor://xunit/VsTestRunner2/netcoreapp" className="Tests.Integration.Backend.Controllers.PeopleControllerTests" name="GET_People_Should_Return_401_Without_Authentication" />
    </UnitTest>
    <UnitTest name="Tests.Integration.Backend.Controllers.AuthControllerTests.POST_Logout_Should_Revoke_RefreshToken" storage="/home/runner/work/crud/crud/test/tests.integration.backend/bin/release/net8.0/tests.integration.backend.dll" id="d4d4848b-8d11-cc53-4c2f-7b3836864b98">
      <Execution id="af215a84-e186-4cdb-b917-255f89eb3dec" />
      <TestMethod codeBase="/home/runner/work/Crud/Crud/test/Tests.Integration.Backend/bin/Release/net8.0/Tests.Integration.Backend.dll" adapterTypeName="executor://xunit/VsTestRunner2/netcoreapp" className="Tests.Integration.Backend.Controllers.AuthControllerTests" name="POST_Logout_Should_Revoke_RefreshToken" />
    </UnitTest>
    <UnitTest name="Tests.Integration.Backend.Controllers.WindowsControllerTests.PUT_Window_Should_Return_404_When_Not_Exists" storage="/home/runner/work/crud/crud/test/tests.integration.backend/bin/release/net8.0/tests.integration.backend.dll" id="41b359b4-fccb-bafc-c2ca-d65a5df61c20">
      <Execution id="82380dfe-4fea-4e68-b29c-34d31003e50f" />
      <TestMethod codeBase="/home/runner/work/Crud/Crud/test/Tests.Integration.Backend/bin/Release/net8.0/Tests.Integration.Backend.dll" adapterTypeName="executor://xunit/VsTestRunner2/netcoreapp" className="Tests.Integration.Backend.Controllers.WindowsControllerTests" name="PUT_Window_Should_Return_404_When_Not_Exists" />
    </UnitTest>
    <UnitTest name="Tests.Integration.Backend.Controllers.AuthControllerTests.POST_Login_Should_Return_Tokens_For_Valid_Credentials" storage="/home/runner/work/crud/crud/test/tests.integration.backend/bin/release/net8.0/tests.integration.backend.dll" id="53592f08-0da7-0cd5-09c9-a1ba0d87949c">
      <Execution id="416526ba-4027-42ea-bf5e-2d7c6aede27a" />
      <TestMethod codeBase="/home/runner/work/Crud/Crud/test/Tests.Integration.Backend/bin/Release/net8.0/Tests.Integration.Backend.dll" adapterTypeName="executor://xunit/VsTestRunner2/netcoreapp" className="Tests.Integration.Backend.Controllers.AuthControllerTests" name="POST_Login_Should_Return_Tokens_For_Valid_Credentials" />
    </UnitTest>
    <UnitTest name="Tests.Integration.Backend.E2E.AuthenticationE2ETests.Complete_Authentication_Flow_Should_Work_End_To_End" storage="/home/runner/work/crud/crud/test/tests.integration.backend/bin/release/net8.0/tests.integration.backend.dll" id="46cfbc2c-72c5-516f-bca0-390b42b51d43">
      <Execution id="272a32be-2aec-48c2-b21d-6bb773731467" />
      <TestMethod codeBase="/home/runner/work/Crud/Crud/test/Tests.Integration.Backend/bin/Release/net8.0/Tests.Integration.Backend.dll" adapterTypeName="executor://xunit/VsTestRunner2/netcoreapp" className="Tests.Integration.Backend.E2E.AuthenticationE2ETests" name="Complete_Authentication_Flow_Should_Work_End_To_End" />
    </UnitTest>
    <UnitTest name="Tests.Integration.Backend.Controllers.ApiHealthTests.API_Should_Handle_Invalid_HTTP_Methods" storage="/home/runner/work/crud/crud/test/tests.integration.backend/bin/release/net8.0/tests.integration.backend.dll" id="47dc67ee-ce10-2cea-0c24-ab118e917beb">
      <Execution id="6b8f3625-4719-4922-8e07-d789a5b4b092" />
      <TestMethod codeBase="/home/runner/work/Crud/Crud/test/Tests.Integration.Backend/bin/Release/net8.0/Tests.Integration.Backend.dll" adapterTypeName="executor://xunit/VsTestRunner2/netcoreapp" className="Tests.Integration.Backend.Controllers.ApiHealthTests" name="API_Should_Handle_Invalid_HTTP_Methods" />
    </UnitTest>
    <UnitTest name="Tests.Integration.Backend.Controllers.WindowsControllerTests.GET_Window_By_Id_Should_Return_Window_When_Exists" storage="/home/runner/work/crud/crud/test/tests.integration.backend/bin/release/net8.0/tests.integration.backend.dll" id="fd587af6-8ac9-79bb-4579-c4177d8d0828">
      <Execution id="d592b0f6-7c2d-4b3a-9b7f-44ef97af926a" />
      <TestMethod codeBase="/home/runner/work/Crud/Crud/test/Tests.Integration.Backend/bin/Release/net8.0/Tests.Integration.Backend.dll" adapterTypeName="executor://xunit/VsTestRunner2/netcoreapp" className="Tests.Integration.Backend.Controllers.WindowsControllerTests" name="GET_Window_By_Id_Should_Return_Window_When_Exists" />
    </UnitTest>
    <UnitTest name="Tests.Integration.Backend.Controllers.WallsControllerTests.Walls_Should_Persist_Timestamps_Correctly" storage="/home/runner/work/crud/crud/test/tests.integration.backend/bin/release/net8.0/tests.integration.backend.dll" id="a4e7fe1d-8462-8e20-a217-708cdc9d8f6a">
      <Execution id="b236c306-e01a-44d4-8121-d99c61817bce" />
      <TestMethod codeBase="/home/runner/work/Crud/Crud/test/Tests.Integration.Backend/bin/Release/net8.0/Tests.Integration.Backend.dll" adapterTypeName="executor://xunit/VsTestRunner2/netcoreapp" className="Tests.Integration.Backend.Controllers.WallsControllerTests" name="Walls_Should_Persist_Timestamps_Correctly" />
    </UnitTest>
    <UnitTest name="Tests.Integration.Backend.Controllers.AuthControllerPasswordResetTests.POST_ResetPassword_WithWeakPassword_Should_Return_Error" storage="/home/runner/work/crud/crud/test/tests.integration.backend/bin/release/net8.0/tests.integration.backend.dll" id="7810a33a-ed10-21b4-237d-f07ca1a37883">
      <Execution id="4edeca87-1fc8-4c63-ab65-2fabd5ad222b" />
      <TestMethod codeBase="/home/runner/work/Crud/Crud/test/Tests.Integration.Backend/bin/Release/net8.0/Tests.Integration.Backend.dll" adapterTypeName="executor://xunit/VsTestRunner2/netcoreapp" className="Tests.Integration.Backend.Controllers.AuthControllerPasswordResetTests" name="POST_ResetPassword_WithWeakPassword_Should_Return_Error" />
    </UnitTest>
    <UnitTest name="Tests.Integration.Backend.OutputCaching.CacheInvalidationTests.PostPerson_ShouldInvalidateListCache" storage="/home/runner/work/crud/crud/test/tests.integration.backend/bin/release/net8.0/tests.integration.backend.dll" id="1a8b33fa-e8e7-c5c8-b527-0b5fd94498f4">
      <Execution id="f8689812-1e0a-4df1-8714-7f1be257e48b" />
      <TestMethod codeBase="/home/runner/work/Crud/Crud/test/Tests.Integration.Backend/bin/Release/net8.0/Tests.Integration.Backend.dll" adapterTypeName="executor://xunit/VsTestRunner2/netcoreapp" className="Tests.Integration.Backend.OutputCaching.CacheInvalidationTests" name="PostPerson_ShouldInvalidateListCache" />
    </UnitTest>
    <UnitTest name="Tests.Integration.Backend.Controllers.WindowsControllerTests.Windows_Should_Persist_Energy_Efficiency_Data" storage="/home/runner/work/crud/crud/test/tests.integration.backend/bin/release/net8.0/tests.integration.backend.dll" id="5d6d527c-ff6b-65d9-2afb-cc1214f1f646">
      <Execution id="775d6ebd-afaf-4968-8445-1ba3493b403f" />
      <TestMethod codeBase="/home/runner/work/Crud/Crud/test/Tests.Integration.Backend/bin/Release/net8.0/Tests.Integration.Backend.dll" adapterTypeName="executor://xunit/VsTestRunner2/netcoreapp" className="Tests.Integration.Backend.Controllers.WindowsControllerTests" name="Windows_Should_Persist_Energy_Efficiency_Data" />
    </UnitTest>
    <UnitTest name="Tests.Integration.Backend.Controllers.WindowsControllerTests.GET_Window_By_Id_Should_Return_404_When_Not_Exists" storage="/home/runner/work/crud/crud/test/tests.integration.backend/bin/release/net8.0/tests.integration.backend.dll" id="494ff55a-87c7-5f37-d44c-a6dbdeeb90c7">
      <Execution id="11046846-2719-439a-a0af-60be048a1fad" />
      <TestMethod codeBase="/home/runner/work/Crud/Crud/test/Tests.Integration.Backend/bin/Release/net8.0/Tests.Integration.Backend.dll" adapterTypeName="executor://xunit/VsTestRunner2/netcoreapp" className="Tests.Integration.Backend.Controllers.WindowsControllerTests" name="GET_Window_By_Id_Should_Return_404_When_Not_Exists" />
    </UnitTest>
    <UnitTest name="Tests.Integration.Backend.Controllers.RolesControllerTests.POST_Roles_Should_Create_Role_And_Return_201" storage="/home/runner/work/crud/crud/test/tests.integration.backend/bin/release/net8.0/tests.integration.backend.dll" id="dc3d8a1b-91eb-4926-ce54-153010e68cad">
      <Execution id="09150c52-3fcd-4261-ae7c-8893bfa17372" />
      <TestMethod codeBase="/home/runner/work/Crud/Crud/test/Tests.Integration.Backend/bin/Release/net8.0/Tests.Integration.Backend.dll" adapterTypeName="executor://xunit/VsTestRunner2/netcoreapp" className="Tests.Integration.Backend.Controllers.RolesControllerTests" name="POST_Roles_Should_Create_Role_And_Return_201" />
    </UnitTest>
    <UnitTest name="Tests.Integration.Backend.Controllers.WallsControllerTests.DELETE_Wall_Should_Return_204_When_Not_Exists" storage="/home/runner/work/crud/crud/test/tests.integration.backend/bin/release/net8.0/tests.integration.backend.dll" id="dc62b2c0-66b3-fee4-dcd7-e086c4c46187">
      <Execution id="1de39be2-7178-49a7-99f4-e7d8428370c3" />
      <TestMethod codeBase="/home/runner/work/Crud/Crud/test/Tests.Integration.Backend/bin/Release/net8.0/Tests.Integration.Backend.dll" adapterTypeName="executor://xunit/VsTestRunner2/netcoreapp" className="Tests.Integration.Backend.Controllers.WallsControllerTests" name="DELETE_Wall_Should_Return_204_When_Not_Exists" />
    </UnitTest>
    <UnitTest name="Tests.Integration.Backend.Compression.ResponseCompressionTests.ApiResponse_ShouldBeCompressed_WhenClientSupportsBrotli" storage="/home/runner/work/crud/crud/test/tests.integration.backend/bin/release/net8.0/tests.integration.backend.dll" id="8feb6ba1-0aea-ccd4-705a-a363165ab119">
      <Execution id="2b6f2dd3-cf79-4a2a-a07f-a6c4dfd51ad1" />
      <TestMethod codeBase="/home/runner/work/Crud/Crud/test/Tests.Integration.Backend/bin/Release/net8.0/Tests.Integration.Backend.dll" adapterTypeName="executor://xunit/VsTestRunner2/netcoreapp" className="Tests.Integration.Backend.Compression.ResponseCompressionTests" name="ApiResponse_ShouldBeCompressed_WhenClientSupportsBrotli" />
    </UnitTest>
    <UnitTest name="Tests.Integration.Backend.Controllers.ApiHealthTests.API_Should_Return_JSON_Content_Type" storage="/home/runner/work/crud/crud/test/tests.integration.backend/bin/release/net8.0/tests.integration.backend.dll" id="96921323-114c-162a-b25a-d2db1a76a43f">
      <Execution id="a6fd89f2-1b22-4c89-9a6d-61ff31792892" />
      <TestMethod codeBase="/home/runner/work/Crud/Crud/test/Tests.Integration.Backend/bin/Release/net8.0/Tests.Integration.Backend.dll" adapterTypeName="executor://xunit/VsTestRunner2/netcoreapp" className="Tests.Integration.Backend.Controllers.ApiHealthTests" name="API_Should_Return_JSON_Content_Type" />
    </UnitTest>
    <UnitTest name="Tests.Integration.Backend.Controllers.AuthControllerTests.Protected_Endpoint_Should_Return_OK_With_Valid_Token" storage="/home/runner/work/crud/crud/test/tests.integration.backend/bin/release/net8.0/tests.integration.backend.dll" id="bc66b42a-da4a-96c7-2103-52f52cf67ffd">
      <Execution id="ac14eb4b-0449-4d7b-868f-632b503fe761" />
      <TestMethod codeBase="/home/runner/work/Crud/Crud/test/Tests.Integration.Backend/bin/Release/net8.0/Tests.Integration.Backend.dll" adapterTypeName="executor://xunit/VsTestRunner2/netcoreapp" className="Tests.Integration.Backend.Controllers.AuthControllerTests" name="Protected_Endpoint_Should_Return_OK_With_Valid_Token" />
    </UnitTest>
    <UnitTest name="Tests.Integration.Backend.Compression.StaticFileCompressionTests.CompressedStaticFiles_ShouldHaveVaryHeader" storage="/home/runner/work/crud/crud/test/tests.integration.backend/bin/release/net8.0/tests.integration.backend.dll" id="dd89f673-671f-182c-819f-0c99c5f63d13">
      <Execution id="871805e5-83c6-4082-abf7-f936f4ef9a43" />
      <TestMethod codeBase="/home/runner/work/Crud/Crud/test/Tests.Integration.Backend/bin/Release/net8.0/Tests.Integration.Backend.dll" adapterTypeName="executor://xunit/VsTestRunner2/netcoreapp" className="Tests.Integration.Backend.Compression.StaticFileCompressionTests" name="CompressedStaticFiles_ShouldHaveVaryHeader" />
    </UnitTest>
    <UnitTest name="Tests.Integration.Backend.OutputCaching.ConditionalRequestTests.GetRequest_WithIfModifiedSince_ShouldReturn304_WhenNotModified" storage="/home/runner/work/crud/crud/test/tests.integration.backend/bin/release/net8.0/tests.integration.backend.dll" id="97379147-d8b9-39e9-e5ac-c96169fc4948">
      <Execution id="4ae6784d-919a-4c03-8437-3fcea5e8bccf" />
      <TestMethod codeBase="/home/runner/work/Crud/Crud/test/Tests.Integration.Backend/bin/Release/net8.0/Tests.Integration.Backend.dll" adapterTypeName="executor://xunit/VsTestRunner2/netcoreapp" className="Tests.Integration.Backend.OutputCaching.ConditionalRequestTests" name="GetRequest_WithIfModifiedSince_ShouldReturn304_WhenNotModified" />
    </UnitTest>
    <UnitTest name="Tests.Integration.Backend.Controllers.ApiHealthTests.All_Controllers_Should_Be_Accessible(endpoint: &quot;/api/people&quot;)" storage="/home/runner/work/crud/crud/test/tests.integration.backend/bin/release/net8.0/tests.integration.backend.dll" id="06054800-c7da-a693-e1d3-d81d35d825c2">
      <Execution id="eaa228c6-ed9d-4b9c-b1f4-be586948d302" />
      <TestMethod codeBase="/home/runner/work/Crud/Crud/test/Tests.Integration.Backend/bin/Release/net8.0/Tests.Integration.Backend.dll" adapterTypeName="executor://xunit/VsTestRunner2/netcoreapp" className="Tests.Integration.Backend.Controllers.ApiHealthTests" name="All_Controllers_Should_Be_Accessible" />
    </UnitTest>
    <UnitTest name="Tests.Integration.Backend.Controllers.RolesControllerTests.Roles_Should_Persist_Across_Requests" storage="/home/runner/work/crud/crud/test/tests.integration.backend/bin/release/net8.0/tests.integration.backend.dll" id="4fd1e2d8-0d90-8547-c5f7-6f4689c0269c">
      <Execution id="fb71fe92-8e76-40cc-84d2-ce3305eb6788" />
      <TestMethod codeBase="/home/runner/work/Crud/Crud/test/Tests.Integration.Backend/bin/Release/net8.0/Tests.Integration.Backend.dll" adapterTypeName="executor://xunit/VsTestRunner2/netcoreapp" className="Tests.Integration.Backend.Controllers.RolesControllerTests" name="Roles_Should_Persist_Across_Requests" />
    </UnitTest>
    <UnitTest name="Tests.Integration.Backend.Controllers.ApiHealthTests.API_Should_Handle_Malformed_JSON" storage="/home/runner/work/crud/crud/test/tests.integration.backend/bin/release/net8.0/tests.integration.backend.dll" id="9fb85c0b-c781-4485-f6e0-88690963221a">
      <Execution id="b39bd3e2-2fcb-4d56-9070-f07d888bb19e" />
      <TestMethod codeBase="/home/runner/work/Crud/Crud/test/Tests.Integration.Backend/bin/Release/net8.0/Tests.Integration.Backend.dll" adapterTypeName="executor://xunit/VsTestRunner2/netcoreapp" className="Tests.Integration.Backend.Controllers.ApiHealthTests" name="API_Should_Handle_Malformed_JSON" />
    </UnitTest>
    <UnitTest name="Tests.Integration.Backend.OutputCaching.OutputCachingConfigurationTests.OutputCaching_ShouldHaveNamedPolicies" storage="/home/runner/work/crud/crud/test/tests.integration.backend/bin/release/net8.0/tests.integration.backend.dll" id="02f305ed-30cd-4399-cb1c-75d62f144801">
      <Execution id="4505bd50-e34f-4909-8896-ea7002e25861" />
      <TestMethod codeBase="/home/runner/work/Crud/Crud/test/Tests.Integration.Backend/bin/Release/net8.0/Tests.Integration.Backend.dll" adapterTypeName="executor://xunit/VsTestRunner2/netcoreapp" className="Tests.Integration.Backend.OutputCaching.OutputCachingConfigurationTests" name="OutputCaching_ShouldHaveNamedPolicies" />
    </UnitTest>
    <UnitTest name="Tests.Integration.Backend.Controllers.ApiHealthTests.All_Endpoints_Should_Support_Expected_HTTP_Methods(method: &quot;GET&quot;, endpoint: &quot;/api/windows&quot;)" storage="/home/runner/work/crud/crud/test/tests.integration.backend/bin/release/net8.0/tests.integration.backend.dll" id="aaddc149-d8b9-e302-ef68-034ece67c17b">
      <Execution id="eef72264-d404-4f68-9de4-aa898ae4c92d" />
      <TestMethod codeBase="/home/runner/work/Crud/Crud/test/Tests.Integration.Backend/bin/Release/net8.0/Tests.Integration.Backend.dll" adapterTypeName="executor://xunit/VsTestRunner2/netcoreapp" className="Tests.Integration.Backend.Controllers.ApiHealthTests" name="All_Endpoints_Should_Support_Expected_HTTP_Methods" />
    </UnitTest>
    <UnitTest name="Tests.Integration.Backend.Controllers.AuthControllerTests.POST_Register_Should_Create_User_And_Return_Tokens" storage="/home/runner/work/crud/crud/test/tests.integration.backend/bin/release/net8.0/tests.integration.backend.dll" id="17dbb37c-0ae3-4711-733a-8ec5b81611d9">
      <Execution id="9d5679d5-abd0-493d-addd-0cd66004d534" />
      <TestMethod codeBase="/home/runner/work/Crud/Crud/test/Tests.Integration.Backend/bin/Release/net8.0/Tests.Integration.Backend.dll" adapterTypeName="executor://xunit/VsTestRunner2/netcoreapp" className="Tests.Integration.Backend.Controllers.AuthControllerTests" name="POST_Register_Should_Create_User_And_Return_Tokens" />
    </UnitTest>
    <UnitTest name="Tests.Integration.Backend.Compression.StaticFileCompressionTests.StaticFiles_ShouldHaveCorrectContentTypes" storage="/home/runner/work/crud/crud/test/tests.integration.backend/bin/release/net8.0/tests.integration.backend.dll" id="fce1fb25-ab7d-1dd5-5d83-ba39255b0e9a">
      <Execution id="75d01798-adba-408f-9a91-e371a019599a" />
      <TestMethod codeBase="/home/runner/work/Crud/Crud/test/Tests.Integration.Backend/bin/Release/net8.0/Tests.Integration.Backend.dll" adapterTypeName="executor://xunit/VsTestRunner2/netcoreapp" className="Tests.Integration.Backend.Compression.StaticFileCompressionTests" name="StaticFiles_ShouldHaveCorrectContentTypes" />
    </UnitTest>
    <UnitTest name="Tests.Integration.Backend.OutputCaching.CachingE2ETests.CacheInvalidation_ShouldWorkAcrossEntities" storage="/home/runner/work/crud/crud/test/tests.integration.backend/bin/release/net8.0/tests.integration.backend.dll" id="19212179-02a1-0bfe-fef4-7e3682270e04">
      <Execution id="2a666149-89c7-430a-bb9e-78ac576c59c3" />
      <TestMethod codeBase="/home/runner/work/Crud/Crud/test/Tests.Integration.Backend/bin/Release/net8.0/Tests.Integration.Backend.dll" adapterTypeName="executor://xunit/VsTestRunner2/netcoreapp" className="Tests.Integration.Backend.OutputCaching.CachingE2ETests" name="CacheInvalidation_ShouldWorkAcrossEntities" />
    </UnitTest>
    <UnitTest name="Tests.Integration.Backend.Controllers.ApiHealthTests.All_Endpoints_Should_Support_Expected_HTTP_Methods(method: &quot;POST&quot;, endpoint: &quot;/api/windows&quot;)" storage="/home/runner/work/crud/crud/test/tests.integration.backend/bin/release/net8.0/tests.integration.backend.dll" id="1089b26f-11d1-1b14-2fb8-2326613cba50">
      <Execution id="7644d4c2-4fe9-4dd8-ad30-515e07f3521f" />
      <TestMethod codeBase="/home/runner/work/Crud/Crud/test/Tests.Integration.Backend/bin/Release/net8.0/Tests.Integration.Backend.dll" adapterTypeName="executor://xunit/VsTestRunner2/netcoreapp" className="Tests.Integration.Backend.Controllers.ApiHealthTests" name="All_Endpoints_Should_Support_Expected_HTTP_Methods" />
    </UnitTest>
    <UnitTest name="Tests.Integration.Backend.OutputCaching.CachingE2ETests.AllCachedEndpoints_ShouldReturnCacheHeaders(endpoint: &quot;/api/windows&quot;)" storage="/home/runner/work/crud/crud/test/tests.integration.backend/bin/release/net8.0/tests.integration.backend.dll" id="585749df-18b6-91ed-3a17-d18e3a118780">
      <Execution id="836bf41e-955f-41a3-a1fb-58e51f15d4ac" />
      <TestMethod codeBase="/home/runner/work/Crud/Crud/test/Tests.Integration.Backend/bin/Release/net8.0/Tests.Integration.Backend.dll" adapterTypeName="executor://xunit/VsTestRunner2/netcoreapp" className="Tests.Integration.Backend.OutputCaching.CachingE2ETests" name="AllCachedEndpoints_ShouldReturnCacheHeaders" />
    </UnitTest>
    <UnitTest name="Tests.Integration.Backend.Controllers.WallsControllerTests.POST_Walls_Should_Return_400_For_Invalid_Data" storage="/home/runner/work/crud/crud/test/tests.integration.backend/bin/release/net8.0/tests.integration.backend.dll" id="39e1ba24-0a2a-e8f7-d815-046e06e37c3f">
      <Execution id="01e158ae-2ff9-453f-9306-a16cbb754390" />
      <TestMethod codeBase="/home/runner/work/Crud/Crud/test/Tests.Integration.Backend/bin/Release/net8.0/Tests.Integration.Backend.dll" adapterTypeName="executor://xunit/VsTestRunner2/netcoreapp" className="Tests.Integration.Backend.Controllers.WallsControllerTests" name="POST_Walls_Should_Return_400_For_Invalid_Data" />
    </UnitTest>
    <UnitTest name="Tests.Integration.Backend.Controllers.ApiHealthTests.All_Controllers_Should_Be_Accessible(endpoint: &quot;/api/windows&quot;)" storage="/home/runner/work/crud/crud/test/tests.integration.backend/bin/release/net8.0/tests.integration.backend.dll" id="516b5511-ab51-be62-9f5e-ce253f082ce3">
      <Execution id="b9ba9752-a0fd-4075-8bde-d6386a795eb7" />
      <TestMethod codeBase="/home/runner/work/Crud/Crud/test/Tests.Integration.Backend/bin/Release/net8.0/Tests.Integration.Backend.dll" adapterTypeName="executor://xunit/VsTestRunner2/netcoreapp" className="Tests.Integration.Backend.Controllers.ApiHealthTests" name="All_Controllers_Should_Be_Accessible" />
    </UnitTest>
    <UnitTest name="Tests.Integration.Backend.Controllers.PeopleControllerTests.DELETE_People_Should_Return_204_For_NonExistent_Person" storage="/home/runner/work/crud/crud/test/tests.integration.backend/bin/release/net8.0/tests.integration.backend.dll" id="3ae9a197-02ed-3bf8-219d-823a522da5f1">
      <Execution id="3f67a246-aaa5-4dee-af31-9d8fcb83ef7a" />
      <TestMethod codeBase="/home/runner/work/Crud/Crud/test/Tests.Integration.Backend/bin/Release/net8.0/Tests.Integration.Backend.dll" adapterTypeName="executor://xunit/VsTestRunner2/netcoreapp" className="Tests.Integration.Backend.Controllers.PeopleControllerTests" name="DELETE_People_Should_Return_204_For_NonExistent_Person" />
    </UnitTest>
    <UnitTest name="Tests.Integration.Backend.E2E.AuthenticationE2ETests.Login_Should_Fail_With_Invalid_Credentials" storage="/home/runner/work/crud/crud/test/tests.integration.backend/bin/release/net8.0/tests.integration.backend.dll" id="ca246cb1-0b00-e31f-8cae-0e70703e829e">
      <Execution id="e8bb2419-fb9f-459e-91b4-713178a64748" />
      <TestMethod codeBase="/home/runner/work/Crud/Crud/test/Tests.Integration.Backend/bin/Release/net8.0/Tests.Integration.Backend.dll" adapterTypeName="executor://xunit/VsTestRunner2/netcoreapp" className="Tests.Integration.Backend.E2E.AuthenticationE2ETests" name="Login_Should_Fail_With_Invalid_Credentials" />
    </UnitTest>
    <UnitTest name="Tests.Integration.Backend.Controllers.RolesControllerTests.GET_Roles_Should_Return_Empty_List_Initially" storage="/home/runner/work/crud/crud/test/tests.integration.backend/bin/release/net8.0/tests.integration.backend.dll" id="59c1b068-0fcd-d32e-da01-b21421cb74d4">
      <Execution id="5bd2fb93-efc2-41a8-abd1-7ba222f7f847" />
      <TestMethod codeBase="/home/runner/work/Crud/Crud/test/Tests.Integration.Backend/bin/Release/net8.0/Tests.Integration.Backend.dll" adapterTypeName="executor://xunit/VsTestRunner2/netcoreapp" className="Tests.Integration.Backend.Controllers.RolesControllerTests" name="GET_Roles_Should_Return_Empty_List_Initially" />
    </UnitTest>
    <UnitTest name="Tests.Integration.Backend.Controllers.AuthControllerPasswordResetTests.Complete_Password_Reset_Workflow_Should_Work" storage="/home/runner/work/crud/crud/test/tests.integration.backend/bin/release/net8.0/tests.integration.backend.dll" id="55dddd7e-5762-c034-d77c-c5f90ba94706">
      <Execution id="8f2f60b0-5647-47ed-9ab2-e082614acda4" />
      <TestMethod codeBase="/home/runner/work/Crud/Crud/test/Tests.Integration.Backend/bin/Release/net8.0/Tests.Integration.Backend.dll" adapterTypeName="executor://xunit/VsTestRunner2/netcoreapp" className="Tests.Integration.Backend.Controllers.AuthControllerPasswordResetTests" name="Complete_Password_Reset_Workflow_Should_Work" />
    </UnitTest>
    <UnitTest name="Tests.Integration.Backend.Controllers.WindowsControllerTests.GET_Windows_Should_Return_All_Windows" storage="/home/runner/work/crud/crud/test/tests.integration.backend/bin/release/net8.0/tests.integration.backend.dll" id="d9ffd841-a3fd-b913-e8c1-55347431d17d">
      <Execution id="4fbd1892-518d-41d1-8cd4-720617cdb797" />
      <TestMethod codeBase="/home/runner/work/Crud/Crud/test/Tests.Integration.Backend/bin/Release/net8.0/Tests.Integration.Backend.dll" adapterTypeName="executor://xunit/VsTestRunner2/netcoreapp" className="Tests.Integration.Backend.Controllers.WindowsControllerTests" name="GET_Windows_Should_Return_All_Windows" />
    </UnitTest>
    <UnitTest name="Tests.Integration.Backend.Controllers.DatabaseControllerTests.POST_Database_Reset_Should_Return_Unauthorized_Without_Valid_Token" storage="/home/runner/work/crud/crud/test/tests.integration.backend/bin/release/net8.0/tests.integration.backend.dll" id="b5dacbe5-c50b-ea4a-e128-040bd713ffe8">
      <Execution id="ca5fe013-0024-4c76-9b22-ca7bf76709b2" />
      <TestMethod codeBase="/home/runner/work/Crud/Crud/test/Tests.Integration.Backend/bin/Release/net8.0/Tests.Integration.Backend.dll" adapterTypeName="executor://xunit/VsTestRunner2/netcoreapp" className="Tests.Integration.Backend.Controllers.DatabaseControllerTests" name="POST_Database_Reset_Should_Return_Unauthorized_Without_Valid_Token" />
    </UnitTest>
    <UnitTest name="Tests.Integration.Backend.Controllers.AuthControllerPasswordResetTests.POST_ResetPassword_WithInvalidToken_Should_Return_Error" storage="/home/runner/work/crud/crud/test/tests.integration.backend/bin/release/net8.0/tests.integration.backend.dll" id="87f4b6f2-4d01-15e3-8fa0-456f1577e608">
      <Execution id="a4a81dcb-a4c4-4865-85a6-b29cb7164a24" />
      <TestMethod codeBase="/home/runner/work/Crud/Crud/test/Tests.Integration.Backend/bin/Release/net8.0/Tests.Integration.Backend.dll" adapterTypeName="executor://xunit/VsTestRunner2/netcoreapp" className="Tests.Integration.Backend.Controllers.AuthControllerPasswordResetTests" name="POST_ResetPassword_WithInvalidToken_Should_Return_Error" />
    </UnitTest>
    <UnitTest name="Tests.Integration.Backend.Controllers.RolesControllerTests.POST_Role_Should_Handle_Null_Description" storage="/home/runner/work/crud/crud/test/tests.integration.backend/bin/release/net8.0/tests.integration.backend.dll" id="48288144-3004-3fb6-5971-16808e53c3e3">
      <Execution id="2193a1dd-ba20-488b-b32c-792a9100fc63" />
      <TestMethod codeBase="/home/runner/work/Crud/Crud/test/Tests.Integration.Backend/bin/Release/net8.0/Tests.Integration.Backend.dll" adapterTypeName="executor://xunit/VsTestRunner2/netcoreapp" className="Tests.Integration.Backend.Controllers.RolesControllerTests" name="POST_Role_Should_Handle_Null_Description" />
    </UnitTest>
    <UnitTest name="Tests.Integration.Backend.Controllers.ApiHealthTests.All_Endpoints_Should_Support_Expected_HTTP_Methods(method: &quot;POST&quot;, endpoint: &quot;/api/walls&quot;)" storage="/home/runner/work/crud/crud/test/tests.integration.backend/bin/release/net8.0/tests.integration.backend.dll" id="5fe2d973-b7ff-5b61-b9d0-9afdc13b9ebf">
      <Execution id="8a5752bc-c58f-4458-b5c3-5e96ab46e98e" />
      <TestMethod codeBase="/home/runner/work/Crud/Crud/test/Tests.Integration.Backend/bin/Release/net8.0/Tests.Integration.Backend.dll" adapterTypeName="executor://xunit/VsTestRunner2/netcoreapp" className="Tests.Integration.Backend.Controllers.ApiHealthTests" name="All_Endpoints_Should_Support_Expected_HTTP_Methods" />
    </UnitTest>
    <UnitTest name="Tests.Integration.Backend.Compression.ResponseCompressionTests.HttpsResponse_ShouldSupportCompression" storage="/home/runner/work/crud/crud/test/tests.integration.backend/bin/release/net8.0/tests.integration.backend.dll" id="d0fa0570-460f-ec62-156b-5af9612d66a8">
      <Execution id="d7f37445-c44a-4bce-847b-96e94cfa8c39" />
      <TestMethod codeBase="/home/runner/work/Crud/Crud/test/Tests.Integration.Backend/bin/Release/net8.0/Tests.Integration.Backend.dll" adapterTypeName="executor://xunit/VsTestRunner2/netcoreapp" className="Tests.Integration.Backend.Compression.ResponseCompressionTests" name="HttpsResponse_ShouldSupportCompression" />
    </UnitTest>
    <UnitTest name="Tests.Integration.Backend.Controllers.DatabaseControllerTests.GET_Database_VerifyIntegrity_Should_Return_Integrity_Check_Result" storage="/home/runner/work/crud/crud/test/tests.integration.backend/bin/release/net8.0/tests.integration.backend.dll" id="ff9b3969-a7f6-2222-47ce-4595f8d0cb7e">
      <Execution id="af7b3fd0-d156-45bf-accd-f1842adba1c3" />
      <TestMethod codeBase="/home/runner/work/Crud/Crud/test/Tests.Integration.Backend/bin/Release/net8.0/Tests.Integration.Backend.dll" adapterTypeName="executor://xunit/VsTestRunner2/netcoreapp" className="Tests.Integration.Backend.Controllers.DatabaseControllerTests" name="GET_Database_VerifyIntegrity_Should_Return_Integrity_Check_Result" />
    </UnitTest>
    <UnitTest name="Tests.Integration.Backend.Controllers.DatabaseControllerTests.POST_Database_Reset_Should_Reset_Database_With_Valid_Token" storage="/home/runner/work/crud/crud/test/tests.integration.backend/bin/release/net8.0/tests.integration.backend.dll" id="b669f2ae-31fe-37d1-6d74-8de9a66812e1">
      <Execution id="2a19a4b2-3a33-402c-8b45-77427f41aab4" />
      <TestMethod codeBase="/home/runner/work/Crud/Crud/test/Tests.Integration.Backend/bin/Release/net8.0/Tests.Integration.Backend.dll" adapterTypeName="executor://xunit/VsTestRunner2/netcoreapp" className="Tests.Integration.Backend.Controllers.DatabaseControllerTests" name="POST_Database_Reset_Should_Reset_Database_With_Valid_Token" />
    </UnitTest>
    <UnitTest name="Tests.Integration.Backend.OutputCaching.CachingE2ETests.CachePerformance_ShouldShowSignificantImprovement" storage="/home/runner/work/crud/crud/test/tests.integration.backend/bin/release/net8.0/tests.integration.backend.dll" id="de79744e-fb76-44fa-6422-be59e037cde5">
      <Execution id="d8e85497-a8f3-482f-8d8b-d6ab6df80adb" />
      <TestMethod codeBase="/home/runner/work/Crud/Crud/test/Tests.Integration.Backend/bin/Release/net8.0/Tests.Integration.Backend.dll" adapterTypeName="executor://xunit/VsTestRunner2/netcoreapp" className="Tests.Integration.Backend.OutputCaching.CachingE2ETests" name="CachePerformance_ShouldShowSignificantImprovement" />
    </UnitTest>
    <UnitTest name="Tests.Integration.Backend.OutputCaching.CacheInvalidationTests.PostWall_ShouldInvalidateWallsCache" storage="/home/runner/work/crud/crud/test/tests.integration.backend/bin/release/net8.0/tests.integration.backend.dll" id="7ad6cdf7-78b9-6f08-7531-fe00a6e266bc">
      <Execution id="fb7b7668-69db-41c9-9e0b-510a9fd21e07" />
      <TestMethod codeBase="/home/runner/work/Crud/Crud/test/Tests.Integration.Backend/bin/Release/net8.0/Tests.Integration.Backend.dll" adapterTypeName="executor://xunit/VsTestRunner2/netcoreapp" className="Tests.Integration.Backend.OutputCaching.CacheInvalidationTests" name="PostWall_ShouldInvalidateWallsCache" />
    </UnitTest>
    <UnitTest name="Tests.Integration.Backend.Compression.StaticFileCompressionTests.CssFile_ShouldBeCompressed_WhenClientSupportsBrotli" storage="/home/runner/work/crud/crud/test/tests.integration.backend/bin/release/net8.0/tests.integration.backend.dll" id="f6484c9f-d44d-28f7-583b-e91d4b7f5382">
      <Execution id="82f5b4b2-92c6-4ef2-9749-ca22151d37db" />
      <TestMethod codeBase="/home/runner/work/Crud/Crud/test/Tests.Integration.Backend/bin/Release/net8.0/Tests.Integration.Backend.dll" adapterTypeName="executor://xunit/VsTestRunner2/netcoreapp" className="Tests.Integration.Backend.Compression.StaticFileCompressionTests" name="CssFile_ShouldBeCompressed_WhenClientSupportsBrotli" />
    </UnitTest>
    <UnitTest name="Tests.Integration.Backend.OutputCaching.CachingE2ETests.ConcurrentRequests_ShouldBeCachedEfficiently" storage="/home/runner/work/crud/crud/test/tests.integration.backend/bin/release/net8.0/tests.integration.backend.dll" id="fb20298c-4879-8f71-4e88-e39a0110f3e6">
      <Execution id="80436743-3b5b-4067-9f20-036845890740" />
      <TestMethod codeBase="/home/runner/work/Crud/Crud/test/Tests.Integration.Backend/bin/Release/net8.0/Tests.Integration.Backend.dll" adapterTypeName="executor://xunit/VsTestRunner2/netcoreapp" className="Tests.Integration.Backend.OutputCaching.CachingE2ETests" name="ConcurrentRequests_ShouldBeCachedEfficiently" />
    </UnitTest>
  </TestDefinitions>
  <TestEntries>
    <TestEntry testId="d513fe07-1dc8-1c74-2c21-98142b85dcfb" executionId="aa68a2e8-f4ee-44de-847a-09cddd03ea8a" testListId="8c84fa94-04c1-424b-9868-57a2d4851a1d" />
    <TestEntry testId="3f2238c8-a9eb-4aa1-b9fa-c736db0a92cb" executionId="a17dd1ae-19e2-4904-8495-fc77f894081f" testListId="8c84fa94-04c1-424b-9868-57a2d4851a1d" />
    <TestEntry testId="7bc10e4f-5a04-518e-0136-35873081b204" executionId="21b239f1-4868-4066-ac7d-7107b35e6e3f" testListId="8c84fa94-04c1-424b-9868-57a2d4851a1d" />
    <TestEntry testId="0853ac09-c300-33d5-e3a7-a607360126ba" executionId="cf84deef-19d2-4f40-a4e0-02b4746a375b" testListId="8c84fa94-04c1-424b-9868-57a2d4851a1d" />
    <TestEntry testId="fd587af6-8ac9-79bb-4579-c4177d8d0828" executionId="d592b0f6-7c2d-4b3a-9b7f-44ef97af926a" testListId="8c84fa94-04c1-424b-9868-57a2d4851a1d" />
    <TestEntry testId="d962a0d7-c5e8-e659-8957-69cdfae1f523" executionId="cff4e167-ea0c-414b-b6df-90dc25b915ec" testListId="8c84fa94-04c1-424b-9868-57a2d4851a1d" />
    <TestEntry testId="cf8a559d-45fb-9221-5781-06292f54735a" executionId="b8656589-7e85-4ca8-a7bc-22d338c87c57" testListId="8c84fa94-04c1-424b-9868-57a2d4851a1d" />
    <TestEntry testId="dc3d8a1b-91eb-4926-ce54-153010e68cad" executionId="09150c52-3fcd-4261-ae7c-8893bfa17372" testListId="8c84fa94-04c1-424b-9868-57a2d4851a1d" />
    <TestEntry testId="6ab30ede-2d43-e3c2-d85a-058d5fd2dee1" executionId="838954c1-45aa-448e-8ee4-e6247aae5ebd" testListId="8c84fa94-04c1-424b-9868-57a2d4851a1d" />
    <TestEntry testId="60dfb5c8-db46-6bbb-f8af-46af1d350941" executionId="eb257ecd-3584-4fae-821d-5d9aade84e5a" testListId="8c84fa94-04c1-424b-9868-57a2d4851a1d" />
    <TestEntry testId="76f204dd-32a0-ce3a-8917-3041e6ffb334" executionId="cf3e538b-dc50-4f39-81c7-1f959855bacc" testListId="8c84fa94-04c1-424b-9868-57a2d4851a1d" />
    <TestEntry testId="47dc67ee-ce10-2cea-0c24-ab118e917beb" executionId="6b8f3625-4719-4922-8e07-d789a5b4b092" testListId="8c84fa94-04c1-424b-9868-57a2d4851a1d" />
    <TestEntry testId="3c12eda2-b3ce-445c-ab96-ec2f1aa7f5f7" executionId="cdf63b6c-c3e0-4c76-a877-e4568610751a" testListId="8c84fa94-04c1-424b-9868-57a2d4851a1d" />
    <TestEntry testId="2bf8b19c-cf08-fc4d-1420-d095f4b1337b" executionId="5ac92155-e1d5-447d-8145-76f9c83dd088" testListId="8c84fa94-04c1-424b-9868-57a2d4851a1d" />
    <TestEntry testId="8e410b3f-ed9f-5189-87a9-0a81e42ccd93" executionId="e3769c54-4773-491c-86fd-35dfbec720ef" testListId="8c84fa94-04c1-424b-9868-57a2d4851a1d" />
    <TestEntry testId="98463f55-b92d-02fc-1e9d-e879206d0dbe" executionId="a1f4ef4c-793c-48cf-9226-15562a940391" testListId="8c84fa94-04c1-424b-9868-57a2d4851a1d" />
    <TestEntry testId="48288144-3004-3fb6-5971-16808e53c3e3" executionId="2193a1dd-ba20-488b-b32c-792a9100fc63" testListId="8c84fa94-04c1-424b-9868-57a2d4851a1d" />
    <TestEntry testId="9ed0881a-ade1-55d1-ff4e-861058b9ed01" executionId="6476beb2-b453-48ee-af45-382e53a45197" testListId="8c84fa94-04c1-424b-9868-57a2d4851a1d" />
    <TestEntry testId="41b3b4e1-06a8-534f-90a6-fb2576f3807d" executionId="b63c421d-6017-4c3b-9e73-11ea207c3061" testListId="8c84fa94-04c1-424b-9868-57a2d4851a1d" />
    <TestEntry testId="d52400d3-aadd-aa81-a16e-1863a2b50655" executionId="33f190bd-3fa9-4afa-913f-f1e2569ed579" testListId="8c84fa94-04c1-424b-9868-57a2d4851a1d" />
    <TestEntry testId="927ecc12-27fc-afb1-a7a2-a42476361110" executionId="7f0e0e90-e9bd-4380-9073-5736da59d333" testListId="8c84fa94-04c1-424b-9868-57a2d4851a1d" />
    <TestEntry testId="97379147-d8b9-39e9-e5ac-c96169fc4948" executionId="4ae6784d-919a-4c03-8437-3fcea5e8bccf" testListId="8c84fa94-04c1-424b-9868-57a2d4851a1d" />
    <TestEntry testId="e164b20e-2591-89f8-06fb-740275819de8" executionId="ca51a5e4-8d07-47b3-b2af-28a85fa04ca2" testListId="8c84fa94-04c1-424b-9868-57a2d4851a1d" />
    <TestEntry testId="74823db9-4157-34a3-9710-5272b5fb4159" executionId="3e95ddd0-064c-435b-be62-b394f0cf4b2f" testListId="8c84fa94-04c1-424b-9868-57a2d4851a1d" />
    <TestEntry testId="79e70e1e-8075-8996-1211-c6d54a3d9ffa" executionId="72298cd8-5a51-45f6-a0bc-4958a6fe715c" testListId="8c84fa94-04c1-424b-9868-57a2d4851a1d" />
    <TestEntry testId="d0fa0570-460f-ec62-156b-5af9612d66a8" executionId="d7f37445-c44a-4bce-847b-96e94cfa8c39" testListId="8c84fa94-04c1-424b-9868-57a2d4851a1d" />
    <TestEntry testId="bd9e404f-7715-359c-e0a9-f0f39ae1a952" executionId="c8e2f0df-bda9-4f41-96ad-cb7db8946fb7" testListId="8c84fa94-04c1-424b-9868-57a2d4851a1d" />
    <TestEntry testId="59c1b068-0fcd-d32e-da01-b21421cb74d4" executionId="5bd2fb93-efc2-41a8-abd1-7ba222f7f847" testListId="8c84fa94-04c1-424b-9868-57a2d4851a1d" />
    <TestEntry testId="34d6d731-abe6-2c2d-f525-44f047db1777" executionId="cf02ec90-f1ed-44d4-9029-3b70b8474be6" testListId="8c84fa94-04c1-424b-9868-57a2d4851a1d" />
    <TestEntry testId="9c4bd49d-31a4-6530-0f02-8fe23a54becf" executionId="4133247c-11a6-43fb-94a1-e185b09a5e51" testListId="8c84fa94-04c1-424b-9868-57a2d4851a1d" />
    <TestEntry testId="2e2345f0-0d5a-ea86-479d-222f77025a6a" executionId="42ab80cd-8741-4b72-b169-e032a7905edf" testListId="8c84fa94-04c1-424b-9868-57a2d4851a1d" />
    <TestEntry testId="bc4ebe26-634c-986e-8a8c-e92c2437e06a" executionId="4232f135-e898-473e-8f5b-c3696fa304f9" testListId="8c84fa94-04c1-424b-9868-57a2d4851a1d" />
    <TestEntry testId="fce1fb25-ab7d-1dd5-5d83-ba39255b0e9a" executionId="75d01798-adba-408f-9a91-e371a019599a" testListId="8c84fa94-04c1-424b-9868-57a2d4851a1d" />
    <TestEntry testId="4fb3036c-0d92-3b62-20b9-33331422414d" executionId="32e13c68-dd94-4a9d-a2e0-44705af8bb52" testListId="8c84fa94-04c1-424b-9868-57a2d4851a1d" />
    <TestEntry testId="5915cbaf-7ed1-cbfd-2c81-4746833e58cd" executionId="5d5be52e-5ba7-4734-91c1-51c817c28987" testListId="8c84fa94-04c1-424b-9868-57a2d4851a1d" />
    <TestEntry testId="74c46e58-3df7-a0cc-53b5-5247c5480908" executionId="05688d42-dc02-4b5d-9dce-5973992fb3a0" testListId="8c84fa94-04c1-424b-9868-57a2d4851a1d" />
    <TestEntry testId="d43526e9-cec8-6f67-27fe-2d630de644f9" executionId="a9ceca4d-1ac2-4a11-b1e0-637b7588171e" testListId="8c84fa94-04c1-424b-9868-57a2d4851a1d" />
    <TestEntry testId="ca246cb1-0b00-e31f-8cae-0e70703e829e" executionId="e8bb2419-fb9f-459e-91b4-713178a64748" testListId="8c84fa94-04c1-424b-9868-57a2d4851a1d" />
    <TestEntry testId="a607d0ef-948b-6788-8be8-6f42840aa828" executionId="88d6cffc-1d03-4d72-bd9d-77d8394f5ad8" testListId="8c84fa94-04c1-424b-9868-57a2d4851a1d" />
    <TestEntry testId="84be9167-1ae7-c4b1-fa12-da145604b354" executionId="753a1965-2ae7-4389-85ee-c995142682a2" testListId="8c84fa94-04c1-424b-9868-57a2d4851a1d" />
    <TestEntry testId="1dbf163c-bf18-d62c-e932-92ef9d3bc71a" executionId="d91d4ead-eae6-40af-bc42-6d6311c9aa74" testListId="8c84fa94-04c1-424b-9868-57a2d4851a1d" />
    <TestEntry testId="67c0dda5-90c3-5662-c072-7db17a34e9f0" executionId="b911c1fb-c226-4e16-892c-bde821b4cfca" testListId="8c84fa94-04c1-424b-9868-57a2d4851a1d" />
    <TestEntry testId="3ae9a197-02ed-3bf8-219d-823a522da5f1" executionId="3f67a246-aaa5-4dee-af31-9d8fcb83ef7a" testListId="8c84fa94-04c1-424b-9868-57a2d4851a1d" />
    <TestEntry testId="9624bd8d-101a-a0f9-4e88-2b9292a1caad" executionId="8457671b-64dc-4406-accd-b8092e556f5e" testListId="8c84fa94-04c1-424b-9868-57a2d4851a1d" />
    <TestEntry testId="696a1e18-7066-ca21-55a7-645fa8e1a26a" executionId="a3ba38f9-2710-4591-9c2a-a023bee12246" testListId="8c84fa94-04c1-424b-9868-57a2d4851a1d" />
    <TestEntry testId="47bac687-f373-0ca2-6e08-37ce4bb5fb7e" executionId="5a0c4bcf-82ff-4724-b091-ed50694d0fa6" testListId="8c84fa94-04c1-424b-9868-57a2d4851a1d" />
    <TestEntry testId="43b9d173-0889-c0cd-91e8-55b0783b32ae" executionId="ce0c3c79-319f-4838-bc5f-ac7c3de979aa" testListId="8c84fa94-04c1-424b-9868-57a2d4851a1d" />
    <TestEntry testId="4b80b6dd-af6e-92d9-97c9-a8c31eb301db" executionId="d10f04a5-aee3-4306-a8cb-835baa4931ea" testListId="8c84fa94-04c1-424b-9868-57a2d4851a1d" />
    <TestEntry testId="a52f36e0-aa87-4104-3036-3d7d9607f688" executionId="c9a6fdc4-b41a-4ed3-8744-e3e251fb922b" testListId="8c84fa94-04c1-424b-9868-57a2d4851a1d" />
    <TestEntry testId="b7cda526-0758-c938-af92-6a6e25e8efc9" executionId="d7306ee3-5a2a-4b69-b079-d7c8a3c481cf" testListId="8c84fa94-04c1-424b-9868-57a2d4851a1d" />
    <TestEntry testId="02f305ed-30cd-4399-cb1c-75d62f144801" executionId="4505bd50-e34f-4909-8896-ea7002e25861" testListId="8c84fa94-04c1-424b-9868-57a2d4851a1d" />
    <TestEntry testId="d4d4848b-8d11-cc53-4c2f-7b3836864b98" executionId="af215a84-e186-4cdb-b917-255f89eb3dec" testListId="8c84fa94-04c1-424b-9868-57a2d4851a1d" />
    <TestEntry testId="20b78283-04d3-fc47-1574-93af6fec32ea" executionId="73bde495-9f28-40d9-bdff-cd4a0ff063ad" testListId="8c84fa94-04c1-424b-9868-57a2d4851a1d" />
    <TestEntry testId="7ef81c0c-3038-9435-7857-ab17f80f7cdb" executionId="83b47d7b-acdb-4a56-b8be-f23c2125173a" testListId="8c84fa94-04c1-424b-9868-57a2d4851a1d" />
    <TestEntry testId="dc62b2c0-66b3-fee4-dcd7-e086c4c46187" executionId="1de39be2-7178-49a7-99f4-e7d8428370c3" testListId="8c84fa94-04c1-424b-9868-57a2d4851a1d" />
    <TestEntry testId="aeaaee5e-bc09-54e8-9ec4-6c4cdf3ce87c" executionId="9283b379-305b-4d0c-952e-4d578b97b236" testListId="8c84fa94-04c1-424b-9868-57a2d4851a1d" />
    <TestEntry testId="7810a33a-ed10-21b4-237d-f07ca1a37883" executionId="4edeca87-1fc8-4c63-ab65-2fabd5ad222b" testListId="8c84fa94-04c1-424b-9868-57a2d4851a1d" />
    <TestEntry testId="5250d740-754a-3ba2-19d9-7b7107d87e03" executionId="490a9b3c-98c1-425e-9bd6-aaa675098a71" testListId="8c84fa94-04c1-424b-9868-57a2d4851a1d" />
    <TestEntry testId="e4619fb0-2f02-c154-40bc-f54ee36b9b38" executionId="9542721a-414e-487e-843d-3678303c2c30" testListId="8c84fa94-04c1-424b-9868-57a2d4851a1d" />
    <TestEntry testId="37ce62cb-c39d-d9d9-9814-53126b8a17ea" executionId="d6540e9c-78b8-4e3a-be3c-59de7b57fb83" testListId="8c84fa94-04c1-424b-9868-57a2d4851a1d" />
    <TestEntry testId="dfaed238-70c1-ab80-405a-08edfd13c1ba" executionId="c17681bf-aa44-472e-b717-3897494d8ff6" testListId="8c84fa94-04c1-424b-9868-57a2d4851a1d" />
    <TestEntry testId="b7695dc8-52d4-1e66-b81e-a27de7f041fc" executionId="333c0cd4-a7c5-4522-af0b-b5b53b276d6b" testListId="8c84fa94-04c1-424b-9868-57a2d4851a1d" />
    <TestEntry testId="b5dacbe5-c50b-ea4a-e128-040bd713ffe8" executionId="ca5fe013-0024-4c76-9b22-ca7bf76709b2" testListId="8c84fa94-04c1-424b-9868-57a2d4851a1d" />
    <TestEntry testId="d818e0b1-081a-89e5-4910-f245961c9079" executionId="b555bd9c-b526-416b-bf4e-4b035a856416" testListId="8c84fa94-04c1-424b-9868-57a2d4851a1d" />
    <TestEntry testId="60d93c6a-68de-f18d-ead0-561ac4ded916" executionId="cd6458aa-e2e4-4889-b170-2aeaa8446b97" testListId="8c84fa94-04c1-424b-9868-57a2d4851a1d" />
    <TestEntry testId="e9e2b921-0a1d-aae8-34e0-f52557170fc1" executionId="6a1fafa9-2dee-45e1-b5f2-b93bb0e5d144" testListId="8c84fa94-04c1-424b-9868-57a2d4851a1d" />
    <TestEntry testId="dd89f673-671f-182c-819f-0c99c5f63d13" executionId="871805e5-83c6-4082-abf7-f936f4ef9a43" testListId="8c84fa94-04c1-424b-9868-57a2d4851a1d" />
    <TestEntry testId="1c428206-078b-ef8a-981a-72b75853f6ff" executionId="3eca92f6-a5fd-42df-bf21-c9f2ed8d5d65" testListId="8c84fa94-04c1-424b-9868-57a2d4851a1d" />
    <TestEntry testId="5d6d527c-ff6b-65d9-2afb-cc1214f1f646" executionId="775d6ebd-afaf-4968-8445-1ba3493b403f" testListId="8c84fa94-04c1-424b-9868-57a2d4851a1d" />
    <TestEntry testId="55dddd7e-5762-c034-d77c-c5f90ba94706" executionId="8f2f60b0-5647-47ed-9ab2-e082614acda4" testListId="8c84fa94-04c1-424b-9868-57a2d4851a1d" />
    <TestEntry testId="a509d6b0-b691-0a3b-74c8-b5408578a6d5" executionId="0f52bd32-0775-4144-bbbd-b23e59a41150" testListId="8c84fa94-04c1-424b-9868-57a2d4851a1d" />
    <TestEntry testId="437f9b9e-301b-15b7-f72b-040911d1fd97" executionId="a4ee5aba-256a-415a-b5bb-8803abcbc393" testListId="8c84fa94-04c1-424b-9868-57a2d4851a1d" />
    <TestEntry testId="f7bc3491-94dd-b6b9-3778-9c1a4322e7be" executionId="8e4fcc0b-a024-4699-a812-a168ba638efb" testListId="8c84fa94-04c1-424b-9868-57a2d4851a1d" />
    <TestEntry testId="cc336df8-b701-eea1-c754-b46ee3091b03" executionId="8ab2e6bb-73f0-4eff-899e-d7df620e48fa" testListId="8c84fa94-04c1-424b-9868-57a2d4851a1d" />
    <TestEntry testId="42775960-58e6-9486-14ff-996dea311598" executionId="270aca23-0a5e-49e1-8fe2-6a3d4d9dbce2" testListId="8c84fa94-04c1-424b-9868-57a2d4851a1d" />
    <TestEntry testId="9fb85c0b-c781-4485-f6e0-88690963221a" executionId="b39bd3e2-2fcb-4d56-9070-f07d888bb19e" testListId="8c84fa94-04c1-424b-9868-57a2d4851a1d" />
    <TestEntry testId="25c388e9-4416-bcb2-f5bb-f92fe28b725a" executionId="20471f99-55f1-4c33-a9d8-9fda8ebc7aad" testListId="8c84fa94-04c1-424b-9868-57a2d4851a1d" />
    <TestEntry testId="b669f2ae-31fe-37d1-6d74-8de9a66812e1" executionId="2a19a4b2-3a33-402c-8b45-77427f41aab4" testListId="8c84fa94-04c1-424b-9868-57a2d4851a1d" />
    <TestEntry testId="a5770765-4612-4372-f1a9-727a017fca24" executionId="d17737b4-e768-4d28-86dc-c62b7e1bd8c1" testListId="8c84fa94-04c1-424b-9868-57a2d4851a1d" />
    <TestEntry testId="5b94e67b-8161-a4c1-a97f-c638ed8f05ba" executionId="d4a4b025-38eb-4a43-9ad6-047f559f0a36" testListId="8c84fa94-04c1-424b-9868-57a2d4851a1d" />
    <TestEntry testId="28caa8d5-c8a9-c82d-9ea0-c02736f0dfd9" executionId="a5d27343-9b87-497c-adb0-39f1aa640090" testListId="8c84fa94-04c1-424b-9868-57a2d4851a1d" />
    <TestEntry testId="89abbdd3-2d4a-032e-64a6-9a76add4cdf5" executionId="1dd6a27b-5169-4b0a-abec-5b88ce952fc5" testListId="8c84fa94-04c1-424b-9868-57a2d4851a1d" />
    <TestEntry testId="19212179-02a1-0bfe-fef4-7e3682270e04" executionId="2a666149-89c7-430a-bb9e-78ac576c59c3" testListId="8c84fa94-04c1-424b-9868-57a2d4851a1d" />
    <TestEntry testId="4ca138d0-3af0-bb0b-3bfb-df9507be5ed5" executionId="8aee47f9-e03e-448a-adaa-43eb6e78ce43" testListId="8c84fa94-04c1-424b-9868-57a2d4851a1d" />
    <TestEntry testId="53592f08-0da7-0cd5-09c9-a1ba0d87949c" executionId="416526ba-4027-42ea-bf5e-2d7c6aede27a" testListId="8c84fa94-04c1-424b-9868-57a2d4851a1d" />
    <TestEntry testId="3a855c55-b695-d057-ad6f-34eef0eb2eae" executionId="d6206642-d9cc-40a7-a053-ed0cab1ffb60" testListId="8c84fa94-04c1-424b-9868-57a2d4851a1d" />
    <TestEntry testId="f05cedeb-e83b-1e7e-3928-23724172eea5" executionId="a78a7eea-f6c9-436c-b3cb-57a64ebe83a5" testListId="8c84fa94-04c1-424b-9868-57a2d4851a1d" />
    <TestEntry testId="24b020ea-ff8d-51dc-4354-4d878d866f45" executionId="0f624e13-7526-4816-ae87-fd451683960e" testListId="8c84fa94-04c1-424b-9868-57a2d4851a1d" />
    <TestEntry testId="e883dfad-5803-12bb-5b1f-de2527fafd69" executionId="a8ff1b5e-d4ea-45ea-9ec6-8cee88a89793" testListId="8c84fa94-04c1-424b-9868-57a2d4851a1d" />
    <TestEntry testId="a0e7a1c4-1639-53f1-ce02-5d2f760332a2" executionId="b62b9fd3-e0b8-4138-8909-4589dc7789a7" testListId="8c84fa94-04c1-424b-9868-57a2d4851a1d" />
    <TestEntry testId="4e4996c7-f4bf-6a3f-b2c5-de38dd6676bb" executionId="23f0d6d2-73d1-4e03-b523-1d6e81372cee" testListId="8c84fa94-04c1-424b-9868-57a2d4851a1d" />
    <TestEntry testId="20da3b3a-c531-7fe5-3776-1e7b0c6c1d26" executionId="d8f4e06e-289e-4c1b-a611-e78a193adf72" testListId="8c84fa94-04c1-424b-9868-57a2d4851a1d" />
    <TestEntry testId="1089b26f-11d1-1b14-2fb8-2326613cba50" executionId="7644d4c2-4fe9-4dd8-ad30-515e07f3521f" testListId="8c84fa94-04c1-424b-9868-57a2d4851a1d" />
    <TestEntry testId="cbf0626f-7167-adff-b20c-96cc3cdf6ce9" executionId="c9a67547-916f-4715-921e-8db85dde140a" testListId="8c84fa94-04c1-424b-9868-57a2d4851a1d" />
    <TestEntry testId="5128edc8-60ad-8628-2a75-9feb9f8f888b" executionId="197e75bb-40ee-48da-9d2f-20dbee874262" testListId="8c84fa94-04c1-424b-9868-57a2d4851a1d" />
    <TestEntry testId="9805b897-cbb6-397d-b557-62afcb8b9211" executionId="9bbafa18-63b8-4146-b118-98df60b133bd" testListId="8c84fa94-04c1-424b-9868-57a2d4851a1d" />
    <TestEntry testId="e3433c1d-41f7-b660-a894-db56a9b283f4" executionId="8e7ab6ab-6a8c-4a11-8d7d-073180563c09" testListId="8c84fa94-04c1-424b-9868-57a2d4851a1d" />
    <TestEntry testId="f746e85d-5530-5c7f-8b39-c9d23cfa24b9" executionId="d5cdef00-c7aa-4a51-aba9-a1b1170b3f98" testListId="8c84fa94-04c1-424b-9868-57a2d4851a1d" />
    <TestEntry testId="46cfbc2c-72c5-516f-bca0-390b42b51d43" executionId="272a32be-2aec-48c2-b21d-6bb773731467" testListId="8c84fa94-04c1-424b-9868-57a2d4851a1d" />
    <TestEntry testId="575d783b-dbc0-13f3-17de-767c6d0c6111" executionId="c463b7b1-950c-4d97-8974-4fbe94338b3d" testListId="8c84fa94-04c1-424b-9868-57a2d4851a1d" />
    <TestEntry testId="f7ccf265-e80b-872a-2ee9-60a9a3351b24" executionId="a25cb5ed-8988-4362-89c8-6a3448dd2c64" testListId="8c84fa94-04c1-424b-9868-57a2d4851a1d" />
    <TestEntry testId="cce4bcb7-a8a4-30d2-f887-eca92f2b74be" executionId="adb90a72-a5d3-4029-a6ed-ed11e0b04cbd" testListId="8c84fa94-04c1-424b-9868-57a2d4851a1d" />
    <TestEntry testId="095ad9f7-04a5-8bcb-02fd-fdd6dab3a934" executionId="c2e8f669-de44-48e8-b21f-f7fde8b979a7" testListId="8c84fa94-04c1-424b-9868-57a2d4851a1d" />
    <TestEntry testId="9f4c88b5-75b1-89cf-0e7e-8e0e67eff9e0" executionId="686075d5-4616-4d8c-a419-2f102b3c49b1" testListId="8c84fa94-04c1-424b-9868-57a2d4851a1d" />
    <TestEntry testId="03a14d36-6f95-8492-bfd4-a25fff2f6772" executionId="46890a80-894f-45eb-aba5-3d88450b6b3b" testListId="8c84fa94-04c1-424b-9868-57a2d4851a1d" />
    <TestEntry testId="f48af067-4eb4-5a80-a058-995d81b9c49e" executionId="bbfa9a60-a3f4-4a01-a339-5b4c9540ebd7" testListId="8c84fa94-04c1-424b-9868-57a2d4851a1d" />
    <TestEntry testId="a6bb128b-1161-cbb2-5ff4-da08f9a71fbf" executionId="49c7c54a-4ecd-4465-a3fa-d2405e7b0a9b" testListId="8c84fa94-04c1-424b-9868-57a2d4851a1d" />
    <TestEntry testId="bc66b42a-da4a-96c7-2103-52f52cf67ffd" executionId="ac14eb4b-0449-4d7b-868f-632b503fe761" testListId="8c84fa94-04c1-424b-9868-57a2d4851a1d" />
    <TestEntry testId="abfa73e9-0257-16cb-29aa-f2c99faf213f" executionId="e14829d2-2d8c-45ca-8c6b-22bb730a9d55" testListId="8c84fa94-04c1-424b-9868-57a2d4851a1d" />
    <TestEntry testId="f06ae6c9-50ad-cafd-2eae-e83fde29317d" executionId="c111041a-27da-43a4-b44d-56abbbb14f62" testListId="8c84fa94-04c1-424b-9868-57a2d4851a1d" />
    <TestEntry testId="5fe2d973-b7ff-5b61-b9d0-9afdc13b9ebf" executionId="8a5752bc-c58f-4458-b5c3-5e96ab46e98e" testListId="8c84fa94-04c1-424b-9868-57a2d4851a1d" />
    <TestEntry testId="494ff55a-87c7-5f37-d44c-a6dbdeeb90c7" executionId="11046846-2719-439a-a0af-60be048a1fad" testListId="8c84fa94-04c1-424b-9868-57a2d4851a1d" />
    <TestEntry testId="58a8f096-af1a-ba52-8cf7-4f27a22072be" executionId="3fabcc7f-f6a7-4039-bef4-e7c7e4da7f39" testListId="8c84fa94-04c1-424b-9868-57a2d4851a1d" />
    <TestEntry testId="01d0203b-7c6e-72b9-08eb-f1b3242c360c" executionId="bfd9a7e6-b27e-4ed8-973a-2d0533195bca" testListId="8c84fa94-04c1-424b-9868-57a2d4851a1d" />
    <TestEntry testId="3a356b3b-e4e2-4f05-db20-65ad8602bd3c" executionId="63e92cdc-e4e6-48f1-a47f-91da56ec0a55" testListId="8c84fa94-04c1-424b-9868-57a2d4851a1d" />
    <TestEntry testId="410da1bb-0033-e445-230e-baa696a924ac" executionId="c1db8033-049f-4322-a5b9-4e57e19206c4" testListId="8c84fa94-04c1-424b-9868-57a2d4851a1d" />
    <TestEntry testId="cc1dc38d-e485-bd07-2880-7ffdde1c97ec" executionId="c7adc6eb-8188-4824-8afa-5228943019d6" testListId="8c84fa94-04c1-424b-9868-57a2d4851a1d" />
    <TestEntry testId="58d6d3e1-eb4b-146c-6475-5a89377fd38d" executionId="2fc58560-a4db-4cf3-9d68-8374143685fe" testListId="8c84fa94-04c1-424b-9868-57a2d4851a1d" />
    <TestEntry testId="17dbb37c-0ae3-4711-733a-8ec5b81611d9" executionId="9d5679d5-abd0-493d-addd-0cd66004d534" testListId="8c84fa94-04c1-424b-9868-57a2d4851a1d" />
    <TestEntry testId="0786cd9f-2220-51d9-4156-4d742eda00d4" executionId="fd14cf95-7546-4f53-b9f6-992c70724392" testListId="8c84fa94-04c1-424b-9868-57a2d4851a1d" />
    <TestEntry testId="3b2e3bce-af10-026c-a2ca-d924efcd601d" executionId="2f5ab9a3-eaf9-4870-b336-9fc3ab5c2c84" testListId="8c84fa94-04c1-424b-9868-57a2d4851a1d" />
    <TestEntry testId="ff9b3969-a7f6-2222-47ce-4595f8d0cb7e" executionId="af7b3fd0-d156-45bf-accd-f1842adba1c3" testListId="8c84fa94-04c1-424b-9868-57a2d4851a1d" />
    <TestEntry testId="aaddc149-d8b9-e302-ef68-034ece67c17b" executionId="eef72264-d404-4f68-9de4-aa898ae4c92d" testListId="8c84fa94-04c1-424b-9868-57a2d4851a1d" />
    <TestEntry testId="4fd1e2d8-0d90-8547-c5f7-6f4689c0269c" executionId="fb71fe92-8e76-40cc-84d2-ce3305eb6788" testListId="8c84fa94-04c1-424b-9868-57a2d4851a1d" />
    <TestEntry testId="0dfe4e62-1a92-361e-05c3-42444e197ce6" executionId="2374da5a-a501-48f4-84fc-f7fae080d02f" testListId="8c84fa94-04c1-424b-9868-57a2d4851a1d" />
    <TestEntry testId="96921323-114c-162a-b25a-d2db1a76a43f" executionId="a6fd89f2-1b22-4c89-9a6d-61ff31792892" testListId="8c84fa94-04c1-424b-9868-57a2d4851a1d" />
    <TestEntry testId="8feb6ba1-0aea-ccd4-705a-a363165ab119" executionId="2b6f2dd3-cf79-4a2a-a07f-a6c4dfd51ad1" testListId="8c84fa94-04c1-424b-9868-57a2d4851a1d" />
    <TestEntry testId="f6484c9f-d44d-28f7-583b-e91d4b7f5382" executionId="82f5b4b2-92c6-4ef2-9749-ca22151d37db" testListId="8c84fa94-04c1-424b-9868-57a2d4851a1d" />
    <TestEntry testId="78d2062e-7c45-d260-f795-f1b53c418237" executionId="92c3ea28-ce46-4940-a888-da4fd8586c93" testListId="8c84fa94-04c1-424b-9868-57a2d4851a1d" />
    <TestEntry testId="28a5e352-3d95-d1b8-53ef-7edd0326a49c" executionId="f2671fd4-1cd0-4c5b-bc75-0db46fe4e4d4" testListId="8c84fa94-04c1-424b-9868-57a2d4851a1d" />
    <TestEntry testId="9be21e93-9fc5-d98c-6abd-02370621f63e" executionId="69c13e4d-075e-4e3d-9805-631b66acd12d" testListId="8c84fa94-04c1-424b-9868-57a2d4851a1d" />
    <TestEntry testId="5ba1ea2b-a035-33f8-2d26-2c5753c3433e" executionId="8e67b70b-8304-4488-a709-48ef0b20dfc8" testListId="8c84fa94-04c1-424b-9868-57a2d4851a1d" />
    <TestEntry testId="516b5511-ab51-be62-9f5e-ce253f082ce3" executionId="b9ba9752-a0fd-4075-8bde-d6386a795eb7" testListId="8c84fa94-04c1-424b-9868-57a2d4851a1d" />
    <TestEntry testId="297d158e-047c-5612-bd99-21893c5634e4" executionId="8ff0b8c7-953c-4a53-b858-c4463c40ee29" testListId="8c84fa94-04c1-424b-9868-57a2d4851a1d" />
    <TestEntry testId="585749df-18b6-91ed-3a17-d18e3a118780" executionId="836bf41e-955f-41a3-a1fb-58e51f15d4ac" testListId="8c84fa94-04c1-424b-9868-57a2d4851a1d" />
    <TestEntry testId="f8a89fdf-3bc2-915a-c2bf-5b68e643a78c" executionId="75f43b0d-1d72-48cb-b3b5-9d3705e7e40c" testListId="8c84fa94-04c1-424b-9868-57a2d4851a1d" />
    <TestEntry testId="3c9c11b5-6967-f47a-cfd8-d22458fa9229" executionId="4934dc58-e18a-44f4-9d7d-7ef2dc5670ad" testListId="8c84fa94-04c1-424b-9868-57a2d4851a1d" />
    <TestEntry testId="7ad6cdf7-78b9-6f08-7531-fe00a6e266bc" executionId="fb7b7668-69db-41c9-9e0b-510a9fd21e07" testListId="8c84fa94-04c1-424b-9868-57a2d4851a1d" />
    <TestEntry testId="d9ffd841-a3fd-b913-e8c1-55347431d17d" executionId="4fbd1892-518d-41d1-8cd4-720617cdb797" testListId="8c84fa94-04c1-424b-9868-57a2d4851a1d" />
    <TestEntry testId="a4e7fe1d-8462-8e20-a217-708cdc9d8f6a" executionId="b236c306-e01a-44d4-8121-d99c61817bce" testListId="8c84fa94-04c1-424b-9868-57a2d4851a1d" />
    <TestEntry testId="3aa435ad-a9a4-65ee-4bc9-21f73753b103" executionId="cc67a60b-8cf6-49ab-a3a4-76ea1c403801" testListId="8c84fa94-04c1-424b-9868-57a2d4851a1d" />
    <TestEntry testId="8b7765b0-2273-0340-cca9-006e0a342472" executionId="3d760c91-c5af-4a32-863d-cf22bb6362b5" testListId="8c84fa94-04c1-424b-9868-57a2d4851a1d" />
    <TestEntry testId="06592b62-9486-dc14-09e9-81aa1f2eb0eb" executionId="3d589075-5323-4be9-9a5f-2cb5311c3b4e" testListId="8c84fa94-04c1-424b-9868-57a2d4851a1d" />
    <TestEntry testId="1a8b33fa-e8e7-c5c8-b527-0b5fd94498f4" executionId="f8689812-1e0a-4df1-8714-7f1be257e48b" testListId="8c84fa94-04c1-424b-9868-57a2d4851a1d" />
    <TestEntry testId="06054800-c7da-a693-e1d3-d81d35d825c2" executionId="eaa228c6-ed9d-4b9c-b1f4-be586948d302" testListId="8c84fa94-04c1-424b-9868-57a2d4851a1d" />
    <TestEntry testId="87f4b6f2-4d01-15e3-8fa0-456f1577e608" executionId="a4a81dcb-a4c4-4865-85a6-b29cb7164a24" testListId="8c84fa94-04c1-424b-9868-57a2d4851a1d" />
    <TestEntry testId="53a7b40c-019b-3989-42c2-31ec0027eed1" executionId="d6313d6f-41bb-4995-8e29-f1dd868f692a" testListId="8c84fa94-04c1-424b-9868-57a2d4851a1d" />
    <TestEntry testId="41853896-8f31-97ce-b78f-41cf4c24e045" executionId="ed7a8f0e-18c6-4d2c-a7fa-cfaa2039bdf0" testListId="8c84fa94-04c1-424b-9868-57a2d4851a1d" />
    <TestEntry testId="29ba8dce-52f9-1a09-beb5-2c73bb03e4dd" executionId="5f294ab0-f7e3-4b4a-8369-e66b9842d784" testListId="8c84fa94-04c1-424b-9868-57a2d4851a1d" />
    <TestEntry testId="3115f456-ece1-1790-9284-157082a1d43c" executionId="e7fc9f53-4cad-462a-8954-e778a134e67c" testListId="8c84fa94-04c1-424b-9868-57a2d4851a1d" />
    <TestEntry testId="187ff446-ae11-3e2e-df34-66d33f545ac9" executionId="25791082-e63f-40ff-9a67-60ea499c301e" testListId="8c84fa94-04c1-424b-9868-57a2d4851a1d" />
    <TestEntry testId="60a682be-767f-9c17-a43b-33d1adbef252" executionId="0fb22216-1487-4fda-9ef0-e7081226d462" testListId="8c84fa94-04c1-424b-9868-57a2d4851a1d" />
    <TestEntry testId="ab17e4f5-654f-3749-a1be-206a5019e954" executionId="1be1b86e-877f-422f-a438-32f3fe89cf53" testListId="8c84fa94-04c1-424b-9868-57a2d4851a1d" />
    <TestEntry testId="70e1a820-63f2-9d05-e43e-21258bccb063" executionId="11d7279e-600f-4f1b-8224-2ed6493fcbed" testListId="8c84fa94-04c1-424b-9868-57a2d4851a1d" />
    <TestEntry testId="de79744e-fb76-44fa-6422-be59e037cde5" executionId="d8e85497-a8f3-482f-8d8b-d6ab6df80adb" testListId="8c84fa94-04c1-424b-9868-57a2d4851a1d" />
    <TestEntry testId="76fbe764-5e84-e751-cc4c-187af70eca54" executionId="d9ae0863-9a9d-4184-a5e8-41c2e817c005" testListId="8c84fa94-04c1-424b-9868-57a2d4851a1d" />
    <TestEntry testId="a46a2a4d-c658-0cec-efdf-8b3a220df306" executionId="b05de5ee-8e30-4735-8315-5f253a6de9da" testListId="8c84fa94-04c1-424b-9868-57a2d4851a1d" />
    <TestEntry testId="01f8b1a1-47e4-68c0-8cf3-4a745a731823" executionId="9441f90f-edee-468c-a12b-5542698c61dd" testListId="8c84fa94-04c1-424b-9868-57a2d4851a1d" />
    <TestEntry testId="6701ad16-b836-ee76-0566-4e5adb91c861" executionId="038ea824-805b-4e0d-9741-d5df2f9f80b7" testListId="8c84fa94-04c1-424b-9868-57a2d4851a1d" />
    <TestEntry testId="3ff5fdb0-8488-3e48-6905-fa8bdf7eaa4c" executionId="0b0b3817-e953-4cd8-b308-6a6a3c1e3051" testListId="8c84fa94-04c1-424b-9868-57a2d4851a1d" />
    <TestEntry testId="41b359b4-fccb-bafc-c2ca-d65a5df61c20" executionId="82380dfe-4fea-4e68-b29c-34d31003e50f" testListId="8c84fa94-04c1-424b-9868-57a2d4851a1d" />
    <TestEntry testId="f63011fd-c6a3-fc9c-0ff5-216045de6e40" executionId="fbda2061-282c-4279-b015-5442fec1065f" testListId="8c84fa94-04c1-424b-9868-57a2d4851a1d" />
    <TestEntry testId="c1e9fd41-ccc9-89c1-34d7-2e348277c312" executionId="92a9cf25-4933-4be2-9a61-964e1643bb66" testListId="8c84fa94-04c1-424b-9868-57a2d4851a1d" />
    <TestEntry testId="8231f168-9927-9d00-f91d-f5006f875a5b" executionId="ae4f4add-f139-481e-af3b-80f8e5a8527e" testListId="8c84fa94-04c1-424b-9868-57a2d4851a1d" />
    <TestEntry testId="78b405b2-a7b4-22cc-fd25-19657615e9ba" executionId="a15c468a-e10d-40eb-aa12-87b7b79a5aa0" testListId="8c84fa94-04c1-424b-9868-57a2d4851a1d" />
    <TestEntry testId="fb20298c-4879-8f71-4e88-e39a0110f3e6" executionId="80436743-3b5b-4067-9f20-036845890740" testListId="8c84fa94-04c1-424b-9868-57a2d4851a1d" />
    <TestEntry testId="9525fcd3-b949-7544-779c-3d3500ebec99" executionId="89e92b17-a837-488d-aa31-3984937480aa" testListId="8c84fa94-04c1-424b-9868-57a2d4851a1d" />
    <TestEntry testId="cca41772-191f-0a82-bb6f-ddd4fb32e2c7" executionId="a8c772aa-2f6a-4b67-851e-d38a5b4a9379" testListId="8c84fa94-04c1-424b-9868-57a2d4851a1d" />
    <TestEntry testId="39e1ba24-0a2a-e8f7-d815-046e06e37c3f" executionId="01e158ae-2ff9-453f-9306-a16cbb754390" testListId="8c84fa94-04c1-424b-9868-57a2d4851a1d" />
    <TestEntry testId="33b821d5-726b-640c-d1cd-04721e7e48d9" executionId="8f51b910-383b-4bb3-b0a8-8a934169af1b" testListId="8c84fa94-04c1-424b-9868-57a2d4851a1d" />
  </TestEntries>
  <TestLists>
    <TestList name="Results Not in a List" id="8c84fa94-04c1-424b-9868-57a2d4851a1d" />
    <TestList name="All Loaded Results" id="19431567-8539-422a-85d7-44ee4e166bda" />
  </TestLists>
  <ResultSummary outcome="Failed">
    <Counters total="170" executed="169" passed="168" failed="1" error="0" timeout="0" aborted="0" inconclusive="0" passedButRunAborted="0" notRunnable="0" notExecuted="0" disconnected="0" warning="0" completed="0" inProgress="0" pending="0" />
    <Output>
      <StdOut>[xUnit.net 00:00:00.00] xUnit.net VSTest Adapter v2.5.3.1+6b60a9e56a (64-bit .NET 8.0.20)
[xUnit.net 00:00:00.12]   Discovering: Tests.Integration.Backend
[xUnit.net 00:00:00.18]   Discovered:  Tests.Integration.Backend
[xUnit.net 00:00:00.18]   Starting:    Tests.Integration.Backend
[06:32:51 INF] Starting Crud API application {"Application": "Crud.Api"}
[06:32:51 INF] Using SQLite provider with connection: Data Source=TestDatabase.db {"Application": "Crud.Api"}
[06:32:52 WRN] Sensitive data logging is enabled. Log entries and exception messages may include sensitive application data; this mode should only be enabled during development. {"EventId": {"Id": 10400, "Name": "Microsoft.EntityFrameworkCore.Infrastructure.SensitiveDataLoggingEnabledWarning"}, "SourceContext": "Microsoft.EntityFrameworkCore.Model.Validation", "Application": "Crud.Api"}
[06:32:52 WRN] The property 'User.Roles' is a collection or enumeration type with a value converter but with no value comparer. Set a value comparer to ensure the collection/enumeration elements are compared correctly. {"EventId": {"Id": 10620, "Name": "Microsoft.EntityFrameworkCore.Model.Validation.CollectionWithoutComparer"}, "SourceContext": "Microsoft.EntityFrameworkCore.Model.Validation", "Application": "Crud.Api"}
[06:32:52 INF] Database ensured successfully {"Application": "Crud.Api"}
[06:32:52 INF] Application configured successfully. Starting web host... {"Application": "Crud.Api"}
[06:32:52 WRN] No XML encryptor configured. Key {0db9e1ac-02d6-44de-aff7-eb3550804492} may be persisted to storage in unencrypted form. {"EventId": {"Id": 35, "Name": "NoXMLEncryptorConfiguredKeyMayBePersistedToStorageInUnencryptedForm"}, "SourceContext": "Microsoft.AspNetCore.DataProtection.KeyManagement.XmlKeyManager", "Application": "Crud.Api"}
[06:32:52 INF] Resetting database for worker 12439 {"SourceContext": "Infrastructure.Services.DatabaseTestService", "Application": "Crud.Api"}
[06:32:52 INF] Resetting database via file deletion for worker 12439 in CI environment {"SourceContext": "Infrastructure.Services.DatabaseTestService", "Application": "Crud.Api"}
[06:32:52 INF] Acquiring database mutex for worker 12439... {"SourceContext": "Infrastructure.Services.DatabaseTestService", "Application": "Crud.Api"}
[06:32:52 INF] Database mutex acquired for worker 12439 {"SourceContext": "Infrastructure.Services.DatabaseTestService", "Application": "Crud.Api"}
[06:32:52 INF] Current database state - CanConnect: True {"SourceContext": "Infrastructure.Services.DatabaseTestService", "Application": "Crud.Api"}
[06:32:52 INF] [Phase 0] Closing database connection for worker 12439... {"SourceContext": "Infrastructure.Services.DatabaseTestService", "Application": "Crud.Api"}
[06:32:52 INF] [Phase 0] Connection closed in 0.1886ms {"SourceContext": "Infrastructure.Services.DatabaseTestService", "Application": "Crud.Api"}
[06:32:52 INF] [Phase 1] Starting EnsureDeletedAsync for worker 12439... {"SourceContext": "Infrastructure.Services.DatabaseTestService", "Application": "Crud.Api"}
[06:32:52 INF] [Phase 1] EnsureDeletedAsync completed in 3.6737ms {"SourceContext": "Infrastructure.Services.DatabaseTestService", "Application": "Crud.Api"}
[06:32:52 INF] [Phase 2] Starting EnsureCreatedAsync for worker 12439... {"SourceContext": "Infrastructure.Services.DatabaseTestService", "Application": "Crud.Api"}
[06:32:53 WRN] The property 'User.Roles' is a collection or enumeration type with a value converter but with no value comparer. Set a value comparer to ensure the collection/enumeration elements are compared correctly. {"EventId": {"Id": 10620, "Name": "Microsoft.EntityFrameworkCore.Model.Validation.CollectionWithoutComparer"}, "SourceContext": "Microsoft.EntityFrameworkCore.Model.Validation", "Application": "Crud.Api"}
[06:32:53 INF] [Phase 2] EnsureCreatedAsync completed in 67.7236ms {"SourceContext": "Infrastructure.Services.DatabaseTestService", "Application": "Crud.Api"}
[06:32:53 INF] [Phase 3] Skipping database seeding as requested for worker 12439 {"SourceContext": "Infrastructure.Services.DatabaseTestService", "Application": "Crud.Api"}
[06:32:53 INF] Database reset via file deletion completed for worker 12439 in 178.4465ms (Close: 0.1886ms, Delete: 3.6737ms, Create: 67.7236ms) {"SourceContext": "Infrastructure.Services.DatabaseTestService", "Application": "Crud.Api"}
[06:32:53 INF] Releasing database mutex for worker 12439 {"SourceContext": "Infrastructure.Services.DatabaseTestService", "Application": "Crud.Api"}
[06:32:53 WRN] Failed to determine the https port for redirect. {"EventId": {"Id": 3, "Name": "FailedToDeterminePort"}, "SourceContext": "Microsoft.AspNetCore.HttpsPolicy.HttpsRedirectionMiddleware", "RequestId": "0HNFGVK4NGCG1", "RequestPath": "/api/auth/forgot-password", "Application": "Crud.Api"}
[06:32:53 WRN] You do not have a valid license key for the Lucky Penny software MediatR. This is allowed for development and testing scenarios. If you are running in production you are required to have a licensed version. Please visit https://luckypennysoftware.com to obtain a valid license. {"SourceContext": "LuckyPennySoftware.MediatR.License", "ActionId": "f43a5e6b-beb7-40f5-a1b2-451fe165487b", "ActionName": "Api.Controllers.AuthController.ForgotPassword (Api)", "RequestId": "0HNFGVK4NGCG1", "RequestPath": "/api/auth/forgot-password", "Application": "Crud.Api"}
[06:32:53 INF] Password reset requested from IP: unknown {"SourceContext": "Api.Controllers.AuthController", "ActionId": "f43a5e6b-beb7-40f5-a1b2-451fe165487b", "ActionName": "Api.Controllers.AuthController.ForgotPassword (Api)", "RequestId": "0HNFGVK4NGCG1", "RequestPath": "/api/auth/forgot-password", "Application": "Crud.Api"}
[06:32:53 INF] Password reset requested for user: e348b740-0cfe-410d-b014-5bbcfcca6465 {"SourceContext": "App.Features.Authentication.ForgotPasswordCommandHandler", "ActionId": "f43a5e6b-beb7-40f5-a1b2-451fe165487b", "ActionName": "Api.Controllers.AuthController.ForgotPassword (Api)", "RequestId": "0HNFGVK4NGCG1", "RequestPath": "/api/auth/forgot-password", "Application": "Crud.Api"}
[06:32:53 INF] Password reset email sent (Mock Service - Not Actually Sent) {"SourceContext": "Infrastructure.Services.MockEmailService", "ActionId": "f43a5e6b-beb7-40f5-a1b2-451fe165487b", "ActionName": "Api.Controllers.AuthController.ForgotPassword (Api)", "RequestId": "0HNFGVK4NGCG1", "RequestPath": "/api/auth/forgot-password", "Application": "Crud.Api"}
[06:32:53 DBG] Email Details - From: noreply@example.com, Subject: Password Reset Request {"SourceContext": "Infrastructure.Services.MockEmailService", "ActionId": "f43a5e6b-beb7-40f5-a1b2-451fe165487b", "ActionName": "Api.Controllers.AuthController.ForgotPassword (Api)", "RequestId": "0HNFGVK4NGCG1", "RequestPath": "/api/auth/forgot-password", "Application": "Crud.Api"}
[06:32:53 INF] Password reset email sent successfully for user: e348b740-0cfe-410d-b014-5bbcfcca6465 {"SourceContext": "App.Features.Authentication.ForgotPasswordCommandHandler", "ActionId": "f43a5e6b-beb7-40f5-a1b2-451fe165487b", "ActionName": "Api.Controllers.AuthController.ForgotPassword (Api)", "RequestId": "0HNFGVK4NGCG1", "RequestPath": "/api/auth/forgot-password", "Application": "Crud.Api"}
Activity.TraceId:            8e04ba7ea831f0c764af483d9215f417
Activity.SpanId:             a67d0c933efeecfb
Activity.TraceFlags:         Recorded
Activity.ActivitySourceName: Microsoft.AspNetCore
Activity.DisplayName:        POST api/Auth/forgot-password
Activity.Kind:               Server
Activity.StartTime:          2025-09-11T06:32:53.2703641Z
Activity.Duration:           00:00:00.4849437
Activity.Tags:
    server.address: localhost
    http.request.method: POST
    url.scheme: http
    url.path: /api/auth/forgot-password
    network.protocol.version: 1.1
    http.route: api/Auth/forgot-password
    http.response.status_code: 200
Resource associated with Activity:
    deployment.environment: Testing
    service.name: Crud.Api
    service.version: 1.0.0
    service.instance.id: 10e2e254-224c-48e1-a2d2-8bbb5483cf26
    telemetry.sdk.name: opentelemetry
    telemetry.sdk.language: dotnet
    telemetry.sdk.version: 1.8.1
[06:32:53 INF] Password reset attempt from IP: unknown {"SourceContext": "Api.Controllers.AuthController", "ActionId": "65ad6bbe-fe4b-4f86-93ff-a885234a39ed", "ActionName": "Api.Controllers.AuthController.ResetPassword (Api)", "RequestId": "0HNFGVK4NGCG2", "RequestPath": "/api/auth/reset-password", "Application": "Crud.Api"}
Activity.TraceId:            bb6ee37e9a2f3249a1934f350802474a
Activity.SpanId:             caf72cc423266231
Activity.TraceFlags:         Recorded
Activity.ActivitySourceName: Microsoft.AspNetCore
Activity.DisplayName:        POST api/Auth/reset-password
Activity.Kind:               Server
Activity.StartTime:          2025-09-11T06:32:53.7716923Z
Activity.Duration:           00:00:00.0128287
Activity.Tags:
    server.address: localhost
    http.request.method: POST
    url.scheme: http
    url.path: /api/auth/reset-password
    network.protocol.version: 1.1
    http.route: api/Auth/reset-password
    http.response.status_code: 400
Resource associated with Activity:
    deployment.environment: Testing
    service.name: Crud.Api
    service.version: 1.0.0
    service.instance.id: 10e2e254-224c-48e1-a2d2-8bbb5483cf26
    telemetry.sdk.name: opentelemetry
    telemetry.sdk.language: dotnet
    telemetry.sdk.version: 1.8.1
❌ POST /api/auth/reset-password failed:
   Status: BadRequest (400)
   Reason: Bad Request
   Response Body: {"error":"Password must be at least 8 characters long"}
   Content Headers: Content-Type=application/json; charset=utf-8
[06:32:53 INF] Resetting database for worker 12439 {"SourceContext": "Infrastructure.Services.DatabaseTestService", "Application": "Crud.Api"}
[06:32:53 INF] Resetting database via file deletion for worker 12439 in CI environment {"SourceContext": "Infrastructure.Services.DatabaseTestService", "Application": "Crud.Api"}
[06:32:53 INF] Acquiring database mutex for worker 12439... {"SourceContext": "Infrastructure.Services.DatabaseTestService", "Application": "Crud.Api"}
[06:32:53 INF] Database mutex acquired for worker 12439 {"SourceContext": "Infrastructure.Services.DatabaseTestService", "Application": "Crud.Api"}
[06:32:53 INF] Current database state - CanConnect: True {"SourceContext": "Infrastructure.Services.DatabaseTestService", "Application": "Crud.Api"}
[06:32:53 INF] [Phase 0] Closing database connection for worker 12439... {"SourceContext": "Infrastructure.Services.DatabaseTestService", "Application": "Crud.Api"}
[06:32:53 INF] [Phase 0] Connection closed in 0.0028ms {"SourceContext": "Infrastructure.Services.DatabaseTestService", "Application": "Crud.Api"}
[06:32:53 INF] [Phase 1] Starting EnsureDeletedAsync for worker 12439... {"SourceContext": "Infrastructure.Services.DatabaseTestService", "Application": "Crud.Api"}
[06:32:53 INF] [Phase 1] EnsureDeletedAsync completed in 1.9501ms {"SourceContext": "Infrastructure.Services.DatabaseTestService", "Application": "Crud.Api"}
[06:32:53 INF] [Phase 2] Starting EnsureCreatedAsync for worker 12439... {"SourceContext": "Infrastructure.Services.DatabaseTestService", "Application": "Crud.Api"}
[06:32:53 INF] [Phase 2] EnsureCreatedAsync completed in 17.3432ms {"SourceContext": "Infrastructure.Services.DatabaseTestService", "Application": "Crud.Api"}
[06:32:53 INF] [Phase 3] Skipping database seeding as requested for worker 12439 {"SourceContext": "Infrastructure.Services.DatabaseTestService", "Application": "Crud.Api"}
[06:32:53 INF] Database reset via file deletion completed for worker 12439 in 120.4854ms (Close: 0.0028ms, Delete: 1.9501ms, Create: 17.3432ms) {"SourceContext": "Infrastructure.Services.DatabaseTestService", "Application": "Crud.Api"}
[06:32:53 INF] Releasing database mutex for worker 12439 {"SourceContext": "Infrastructure.Services.DatabaseTestService", "Application": "Crud.Api"}
[06:32:53 INF] Resetting database for worker 12439 {"SourceContext": "Infrastructure.Services.DatabaseTestService", "Application": "Crud.Api"}
[06:32:53 INF] Resetting database via file deletion for worker 12439 in CI environment {"SourceContext": "Infrastructure.Services.DatabaseTestService", "Application": "Crud.Api"}
[06:32:53 INF] Acquiring database mutex for worker 12439... {"SourceContext": "Infrastructure.Services.DatabaseTestService", "Application": "Crud.Api"}
[06:32:53 INF] Database mutex acquired for worker 12439 {"SourceContext": "Infrastructure.Services.DatabaseTestService", "Application": "Crud.Api"}
[06:32:53 INF] Current database state - CanConnect: True {"SourceContext": "Infrastructure.Services.DatabaseTestService", "Application": "Crud.Api"}
[06:32:53 INF] [Phase 0] Closing database connection for worker 12439... {"SourceContext": "Infrastructure.Services.DatabaseTestService", "Application": "Crud.Api"}
[06:32:53 INF] [Phase 0] Connection closed in 0.0021ms {"SourceContext": "Infrastructure.Services.DatabaseTestService", "Application": "Crud.Api"}
[06:32:53 INF] [Phase 1] Starting EnsureDeletedAsync for worker 12439... {"SourceContext": "Infrastructure.Services.DatabaseTestService", "Application": "Crud.Api"}
[06:32:53 INF] [Phase 1] EnsureDeletedAsync completed in 1.5134ms {"SourceContext": "Infrastructure.Services.DatabaseTestService", "Application": "Crud.Api"}
[06:32:54 INF] [Phase 2] Starting EnsureCreatedAsync for worker 12439... {"SourceContext": "Infrastructure.Services.DatabaseTestService", "Application": "Crud.Api"}
[06:32:54 INF] [Phase 2] EnsureCreatedAsync completed in 55.8065ms {"SourceContext": "Infrastructure.Services.DatabaseTestService", "Application": "Crud.Api"}
[06:32:54 INF] [Phase 3] Skipping database seeding as requested for worker 12439 {"SourceContext": "Infrastructure.Services.DatabaseTestService", "Application": "Crud.Api"}
[06:32:54 INF] Database reset via file deletion completed for worker 12439 in 158.6921ms (Close: 0.0021ms, Delete: 1.5134ms, Create: 55.8065ms) {"SourceContext": "Infrastructure.Services.DatabaseTestService", "Application": "Crud.Api"}
[06:32:54 INF] Releasing database mutex for worker 12439 {"SourceContext": "Infrastructure.Services.DatabaseTestService", "Application": "Crud.Api"}
[06:32:54 INF] Password reset requested from IP: unknown {"SourceContext": "Api.Controllers.AuthController", "ActionId": "f43a5e6b-beb7-40f5-a1b2-451fe165487b", "ActionName": "Api.Controllers.AuthController.ForgotPassword (Api)", "RequestId": "0HNFGVK4NGCG3", "RequestPath": "/api/auth/forgot-password", "Application": "Crud.Api"}
[06:32:54 WRN] Password reset requested for non-existent user {"SourceContext": "App.Features.Authentication.ForgotPasswordCommandHandler", "ActionId": "f43a5e6b-beb7-40f5-a1b2-451fe165487b", "ActionName": "Api.Controllers.AuthController.ForgotPassword (Api)", "RequestId": "0HNFGVK4NGCG3", "RequestPath": "/api/auth/forgot-password", "Application": "Crud.Api"}
Activity.TraceId:            9940ec5c79315e82ee24a79050b696c0
Activity.SpanId:             7d5cced95f149c3f
Activity.TraceFlags:         Recorded
Activity.ActivitySourceName: Microsoft.AspNetCore
Activity.DisplayName:        POST api/Auth/forgot-password
Activity.Kind:               Server
Activity.StartTime:          2025-09-11T06:32:54.0839535Z
Activity.Duration:           00:00:00.0070820
Activity.Tags:
    server.address: localhost
    http.request.method: POST
    url.scheme: http
    url.path: /api/auth/forgot-password
    network.protocol.version: 1.1
    http.route: api/Auth/forgot-password
    http.response.status_code: 200
Resource associated with Activity:
    deployment.environment: Testing
    service.name: Crud.Api
    service.version: 1.0.0
    service.instance.id: 10e2e254-224c-48e1-a2d2-8bbb5483cf26
    telemetry.sdk.name: opentelemetry
    telemetry.sdk.language: dotnet
    telemetry.sdk.version: 1.8.1
[06:32:54 INF] Resetting database for worker 12439 {"SourceContext": "Infrastructure.Services.DatabaseTestService", "Application": "Crud.Api"}
[06:32:54 INF] Resetting database via file deletion for worker 12439 in CI environment {"SourceContext": "Infrastructure.Services.DatabaseTestService", "Application": "Crud.Api"}
[06:32:54 INF] Acquiring database mutex for worker 12439... {"SourceContext": "Infrastructure.Services.DatabaseTestService", "Application": "Crud.Api"}
[06:32:54 INF] Database mutex acquired for worker 12439 {"SourceContext": "Infrastructure.Services.DatabaseTestService", "Application": "Crud.Api"}
[06:32:54 INF] Current database state - CanConnect: True {"SourceContext": "Infrastructure.Services.DatabaseTestService", "Application": "Crud.Api"}
[06:32:54 INF] [Phase 0] Closing database connection for worker 12439... {"SourceContext": "Infrastructure.Services.DatabaseTestService", "Application": "Crud.Api"}
[06:32:54 INF] [Phase 0] Connection closed in 0.0026ms {"SourceContext": "Infrastructure.Services.DatabaseTestService", "Application": "Crud.Api"}
[06:32:54 INF] [Phase 1] Starting EnsureDeletedAsync for worker 12439... {"SourceContext": "Infrastructure.Services.DatabaseTestService", "Application": "Crud.Api"}
[06:32:54 INF] [Phase 1] EnsureDeletedAsync completed in 1.5381ms {"SourceContext": "Infrastructure.Services.DatabaseTestService", "Application": "Crud.Api"}
[06:32:54 INF] [Phase 2] Starting EnsureCreatedAsync for worker 12439... {"SourceContext": "Infrastructure.Services.DatabaseTestService", "Application": "Crud.Api"}
[06:32:54 INF] [Phase 2] EnsureCreatedAsync completed in 22.4951ms {"SourceContext": "Infrastructure.Services.DatabaseTestService", "Application": "Crud.Api"}
[06:32:54 INF] [Phase 3] Skipping database seeding as requested for worker 12439 {"SourceContext": "Infrastructure.Services.DatabaseTestService", "Application": "Crud.Api"}
[06:32:54 INF] Database reset via file deletion completed for worker 12439 in 125.9148ms (Close: 0.0026ms, Delete: 1.5381ms, Create: 22.4951ms) {"SourceContext": "Infrastructure.Services.DatabaseTestService", "Application": "Crud.Api"}
[06:32:54 INF] Releasing database mutex for worker 12439 {"SourceContext": "Infrastructure.Services.DatabaseTestService", "Application": "Crud.Api"}
[06:32:54 INF] Resetting database for worker 12439 {"SourceContext": "Infrastructure.Services.DatabaseTestService", "Application": "Crud.Api"}
[06:32:54 INF] Resetting database via file deletion for worker 12439 in CI environment {"SourceContext": "Infrastructure.Services.DatabaseTestService", "Application": "Crud.Api"}
[06:32:54 INF] Acquiring database mutex for worker 12439... {"SourceContext": "Infrastructure.Services.DatabaseTestService", "Application": "Crud.Api"}
[06:32:54 INF] Database mutex acquired for worker 12439 {"SourceContext": "Infrastructure.Services.DatabaseTestService", "Application": "Crud.Api"}
[06:32:54 INF] Current database state - CanConnect: True {"SourceContext": "Infrastructure.Services.DatabaseTestService", "Application": "Crud.Api"}
[06:32:54 INF] [Phase 0] Closing database connection for worker 12439... {"SourceContext": "Infrastructure.Services.DatabaseTestService", "Application": "Crud.Api"}
[06:32:54 INF] [Phase 0] Connection closed in 0.004ms {"SourceContext": "Infrastructure.Services.DatabaseTestService", "Application": "Crud.Api"}
[06:32:54 INF] [Phase 1] Starting EnsureDeletedAsync for worker 12439... {"SourceContext": "Infrastructure.Services.DatabaseTestService", "Application": "Crud.Api"}
[06:32:54 INF] [Phase 1] EnsureDeletedAsync completed in 1.8122ms {"SourceContext": "Infrastructure.Services.DatabaseTestService", "Application": "Crud.Api"}
[06:32:54 INF] [Phase 2] Starting EnsureCreatedAsync for worker 12439... {"SourceContext": "Infrastructure.Services.DatabaseTestService", "Application": "Crud.Api"}
[06:32:54 INF] [Phase 2] EnsureCreatedAsync completed in 20.0924ms {"SourceContext": "Infrastructure.Services.DatabaseTestService", "Application": "Crud.Api"}
[06:32:54 INF] [Phase 3] Skipping database seeding as requested for worker 12439 {"SourceContext": "Infrastructure.Services.DatabaseTestService", "Application": "Crud.Api"}
[06:32:54 INF] Database reset via file deletion completed for worker 12439 in 122.8917ms (Close: 0.004ms, Delete: 1.8122ms, Create: 20.0924ms) {"SourceContext": "Infrastructure.Services.DatabaseTestService", "Application": "Crud.Api"}
[06:32:54 INF] Releasing database mutex for worker 12439 {"SourceContext": "Infrastructure.Services.DatabaseTestService", "Application": "Crud.Api"}
[06:32:54 INF] Password reset requested from IP: unknown {"SourceContext": "Api.Controllers.AuthController", "ActionId": "f43a5e6b-beb7-40f5-a1b2-451fe165487b", "ActionName": "Api.Controllers.AuthController.ForgotPassword (Api)", "RequestId": "0HNFGVK4NGCG4", "RequestPath": "/api/auth/forgot-password", "Application": "Crud.Api"}
Activity.TraceId:            0c33ce7db220f5d432d71ef4b719e2b1
Activity.SpanId:             26ce0717b74557ec
❌ POST /api/auth/forgot-password failed:
Activity.TraceFlags:         Recorded
Activity.ActivitySourceName: Microsoft.AspNetCore
Activity.DisplayName:        POST api/Auth/forgot-password
Activity.Kind:               Server
Activity.StartTime:          2025-09-11T06:32:54.3466782Z
Activity.Duration:           00:00:00.0033500
   Status: BadRequest (400)
Activity.Tags:
   Reason: Bad Request
    server.address: localhost
   Response Body: {"error":"Invalid email format. Please provide a valid email address."}
    http.request.method: POST
    url.scheme: http
    url.path: /api/auth/forgot-password
    network.protocol.version: 1.1
    http.route: api/Auth/forgot-password
    http.response.status_code: 400
Resource associated with Activity:
    deployment.environment: Testing
    service.name: Crud.Api
    service.version: 1.0.0
    service.instance.id: 10e2e254-224c-48e1-a2d2-8bbb5483cf26
    telemetry.sdk.name: opentelemetry
    telemetry.sdk.language: dotnet
    telemetry.sdk.version: 1.8.1
   Content Headers: Content-Type=application/json; charset=utf-8
[06:32:54 INF] Resetting database for worker 12439 {"SourceContext": "Infrastructure.Services.DatabaseTestService", "Application": "Crud.Api"}
[06:32:54 INF] Resetting database via file deletion for worker 12439 in CI environment {"SourceContext": "Infrastructure.Services.DatabaseTestService", "Application": "Crud.Api"}
[06:32:54 INF] Acquiring database mutex for worker 12439... {"SourceContext": "Infrastructure.Services.DatabaseTestService", "Application": "Crud.Api"}
[06:32:54 INF] Database mutex acquired for worker 12439 {"SourceContext": "Infrastructure.Services.DatabaseTestService", "Application": "Crud.Api"}
[06:32:54 INF] Current database state - CanConnect: True {"SourceContext": "Infrastructure.Services.DatabaseTestService", "Application": "Crud.Api"}
[06:32:54 INF] [Phase 0] Closing database connection for worker 12439... {"SourceContext": "Infrastructure.Services.DatabaseTestService", "Application": "Crud.Api"}
[06:32:54 INF] [Phase 0] Connection closed in 0.0032ms {"SourceContext": "Infrastructure.Services.DatabaseTestService", "Application": "Crud.Api"}
[06:32:54 INF] [Phase 1] Starting EnsureDeletedAsync for worker 12439... {"SourceContext": "Infrastructure.Services.DatabaseTestService", "Application": "Crud.Api"}
[06:32:54 INF] [Phase 1] EnsureDeletedAsync completed in 1.4142ms {"SourceContext": "Infrastructure.Services.DatabaseTestService", "Application": "Crud.Api"}
[06:32:54 INF] [Phase 2] Starting EnsureCreatedAsync for worker 12439... {"SourceContext": "Infrastructure.Services.DatabaseTestService", "Application": "Crud.Api"}
[06:32:54 INF] [Phase 2] EnsureCreatedAsync completed in 20.2103ms {"SourceContext": "Infrastructure.Services.DatabaseTestService", "Application": "Crud.Api"}
[06:32:54 INF] [Phase 3] Skipping database seeding as requested for worker 12439 {"SourceContext": "Infrastructure.Services.DatabaseTestService", "Application": "Crud.Api"}
[06:32:54 INF] Database reset via file deletion completed for worker 12439 in 123.8782ms (Close: 0.0032ms, Delete: 1.4142ms, Create: 20.2103ms) {"SourceContext": "Infrastructure.Services.DatabaseTestService", "Application": "Crud.Api"}
[06:32:54 INF] Releasing database mutex for worker 12439 {"SourceContext": "Infrastructure.Services.DatabaseTestService", "Application": "Crud.Api"}
[06:32:54 INF] Resetting database for worker 12439 {"SourceContext": "Infrastructure.Services.DatabaseTestService", "Application": "Crud.Api"}
[06:32:54 INF] Resetting database via file deletion for worker 12439 in CI environment {"SourceContext": "Infrastructure.Services.DatabaseTestService", "Application": "Crud.Api"}
[06:32:54 INF] Acquiring database mutex for worker 12439... {"SourceContext": "Infrastructure.Services.DatabaseTestService", "Application": "Crud.Api"}
[06:32:54 INF] Database mutex acquired for worker 12439 {"SourceContext": "Infrastructure.Services.DatabaseTestService", "Application": "Crud.Api"}
[06:32:54 INF] Current database state - CanConnect: True {"SourceContext": "Infrastructure.Services.DatabaseTestService", "Application": "Crud.Api"}
[06:32:54 INF] [Phase 0] Closing database connection for worker 12439... {"SourceContext": "Infrastructure.Services.DatabaseTestService", "Application": "Crud.Api"}
[06:32:54 INF] [Phase 0] Connection closed in 0.0028ms {"SourceContext": "Infrastructure.Services.DatabaseTestService", "Application": "Crud.Api"}
[06:32:54 INF] [Phase 1] Starting EnsureDeletedAsync for worker 12439... {"SourceContext": "Infrastructure.Services.DatabaseTestService", "Application": "Crud.Api"}
[06:32:54 INF] [Phase 1] EnsureDeletedAsync completed in 1.4658ms {"SourceContext": "Infrastructure.Services.DatabaseTestService", "Application": "Crud.Api"}
[06:32:54 INF] [Phase 2] Starting EnsureCreatedAsync for worker 12439... {"SourceContext": "Infrastructure.Services.DatabaseTestService", "Application": "Crud.Api"}
[06:32:54 INF] [Phase 2] EnsureCreatedAsync completed in 30.3717ms {"SourceContext": "Infrastructure.Services.DatabaseTestService", "Application": "Crud.Api"}
[06:32:54 INF] [Phase 3] Skipping database seeding as requested for worker 12439 {"SourceContext": "Infrastructure.Services.DatabaseTestService", "Application": "Crud.Api"}
[06:32:54 INF] Database reset via file deletion completed for worker 12439 in 134.0401ms (Close: 0.0028ms, Delete: 1.4658ms, Create: 30.3717ms) {"SourceContext": "Infrastructure.Services.DatabaseTestService", "Application": "Crud.Api"}
[06:32:54 INF] Releasing database mutex for worker 12439 {"SourceContext": "Infrastructure.Services.DatabaseTestService", "Application": "Crud.Api"}
[06:32:54 INF] Password reset requested from IP: unknown {"SourceContext": "Api.Controllers.AuthController", "ActionId": "f43a5e6b-beb7-40f5-a1b2-451fe165487b", "ActionName": "Api.Controllers.AuthController.ForgotPassword (Api)", "RequestId": "0HNFGVK4NGCG5", "RequestPath": "/api/auth/forgot-password", "Application": "Crud.Api"}
[06:32:54 INF] Password reset requested for user: 1612cec2-feb0-4744-b6f1-5fa4d91c2100 {"SourceContext": "App.Features.Authentication.ForgotPasswordCommandHandler", "ActionId": "f43a5e6b-beb7-40f5-a1b2-451fe165487b", "ActionName": "Api.Controllers.AuthController.ForgotPassword (Api)", "RequestId": "0HNFGVK4NGCG5", "RequestPath": "/api/auth/forgot-password", "Application": "Crud.Api"}
[06:32:54 INF] Password reset email sent (Mock Service - Not Actually Sent) {"SourceContext": "Infrastructure.Services.MockEmailService", "ActionId": "f43a5e6b-beb7-40f5-a1b2-451fe165487b", "ActionName": "Api.Controllers.AuthController.ForgotPassword (Api)", "RequestId": "0HNFGVK4NGCG5", "RequestPath": "/api/auth/forgot-password", "Application": "Crud.Api"}
[06:32:54 DBG] Email Details - From: noreply@example.com, Subject: Password Reset Request {"SourceContext": "Infrastructure.Services.MockEmailService", "ActionId": "f43a5e6b-beb7-40f5-a1b2-451fe165487b", "ActionName": "Api.Controllers.AuthController.ForgotPassword (Api)", "RequestId": "0HNFGVK4NGCG5", "RequestPath": "/api/auth/forgot-password", "Application": "Crud.Api"}
[06:32:54 INF] Password reset email sent successfully for user: 1612cec2-feb0-4744-b6f1-5fa4d91c2100 {"SourceContext": "App.Features.Authentication.ForgotPasswordCommandHandler", "ActionId": "f43a5e6b-beb7-40f5-a1b2-451fe165487b", "ActionName": "Api.Controllers.AuthController.ForgotPassword (Api)", "RequestId": "0HNFGVK4NGCG5", "RequestPath": "/api/auth/forgot-password", "Application": "Crud.Api"}
Activity.TraceId:            ea3a297facbc785e3c86ea1da04c722a
Activity.SpanId:             575bea5c73f43ff9
Activity.TraceFlags:         Recorded
Activity.ActivitySourceName: Microsoft.AspNetCore
Activity.DisplayName:        POST api/Auth/forgot-password
Activity.Kind:               Server
Activity.StartTime:          2025-09-11T06:32:54.6188142Z
Activity.Duration:           00:00:00.1057112
Activity.Tags:
    server.address: localhost
    http.request.method: POST
    url.scheme: http
    url.path: /api/auth/forgot-password
    network.protocol.version: 1.1
    http.route: api/Auth/forgot-password
    http.response.status_code: 200
Resource associated with Activity:
    deployment.environment: Testing
    service.name: Crud.Api
    service.version: 1.0.0
    service.instance.id: 10e2e254-224c-48e1-a2d2-8bbb5483cf26
    telemetry.sdk.name: opentelemetry
    telemetry.sdk.language: dotnet
    telemetry.sdk.version: 1.8.1
[06:32:54 INF] Password reset attempt from IP: unknown {"SourceContext": "Api.Controllers.AuthController", "ActionId": "65ad6bbe-fe4b-4f86-93ff-a885234a39ed", "ActionName": "Api.Controllers.AuthController.ResetPassword (Api)", "RequestId": "0HNFGVK4NGCG6", "RequestPath": "/api/auth/reset-password", "Application": "Crud.Api"}
[06:32:55 INF] Password reset successful for user: 1612cec2-feb0-4744-b6f1-5fa4d91c2100, Email: test@example.com {"SourceContext": "App.Features.Authentication.ResetPasswordCommandHandler", "ActionId": "65ad6bbe-fe4b-4f86-93ff-a885234a39ed", "ActionName": "Api.Controllers.AuthController.ResetPassword (Api)", "RequestId": "0HNFGVK4NGCG6", "RequestPath": "/api/auth/reset-password", "Application": "Crud.Api"}
Activity.TraceId:            cab4eb1946671a6781da6aa3ebb7fabf
Activity.SpanId:             ec50d9cc3de7fff4
Activity.TraceFlags:         Recorded
Activity.ActivitySourceName: Microsoft.AspNetCore
Activity.DisplayName:        POST api/Auth/reset-password
Activity.Kind:               Server
Activity.StartTime:          2025-09-11T06:32:54.7265307Z
Activity.Duration:           00:00:01.0819088
Activity.Tags:
    server.address: localhost
    http.request.method: POST
    url.scheme: http
    url.path: /api/auth/reset-password
    network.protocol.version: 1.1
    http.route: api/Auth/reset-password
    http.response.status_code: 200
Resource associated with Activity:
    deployment.environment: Testing
    service.name: Crud.Api
    service.version: 1.0.0
    service.instance.id: 10e2e254-224c-48e1-a2d2-8bbb5483cf26
    telemetry.sdk.name: opentelemetry
    telemetry.sdk.language: dotnet
    telemetry.sdk.version: 1.8.1
[06:32:55 INF] Resetting database for worker 12439 {"SourceContext": "Infrastructure.Services.DatabaseTestService", "Application": "Crud.Api"}
[06:32:55 INF] Resetting database via file deletion for worker 12439 in CI environment {"SourceContext": "Infrastructure.Services.DatabaseTestService", "Application": "Crud.Api"}
[06:32:55 INF] Acquiring database mutex for worker 12439... {"SourceContext": "Infrastructure.Services.DatabaseTestService", "Application": "Crud.Api"}
[06:32:55 INF] Database mutex acquired for worker 12439 {"SourceContext": "Infrastructure.Services.DatabaseTestService", "Application": "Crud.Api"}
[06:32:55 INF] Current database state - CanConnect: True {"SourceContext": "Infrastructure.Services.DatabaseTestService", "Application": "Crud.Api"}
[06:32:55 INF] [Phase 0] Closing database connection for worker 12439... {"SourceContext": "Infrastructure.Services.DatabaseTestService", "Application": "Crud.Api"}
[06:32:55 INF] [Phase 0] Connection closed in 0.0031ms {"SourceContext": "Infrastructure.Services.DatabaseTestService", "Application": "Crud.Api"}
[06:32:55 INF] [Phase 1] Starting EnsureDeletedAsync for worker 12439... {"SourceContext": "Infrastructure.Services.DatabaseTestService", "Application": "Crud.Api"}
[06:32:55 INF] [Phase 1] EnsureDeletedAsync completed in 1.8841ms {"SourceContext": "Infrastructure.Services.DatabaseTestService", "Application": "Crud.Api"}
[06:32:55 INF] [Phase 2] Starting EnsureCreatedAsync for worker 12439... {"SourceContext": "Infrastructure.Services.DatabaseTestService", "Application": "Crud.Api"}
[06:32:55 INF] [Phase 2] EnsureCreatedAsync completed in 17.6004ms {"SourceContext": "Infrastructure.Services.DatabaseTestService", "Application": "Crud.Api"}
[06:32:55 INF] [Phase 3] Skipping database seeding as requested for worker 12439 {"SourceContext": "Infrastructure.Services.DatabaseTestService", "Application": "Crud.Api"}
[06:32:55 INF] Database reset via file deletion completed for worker 12439 in 120.7176ms (Close: 0.0031ms, Delete: 1.8841ms, Create: 17.6004ms) {"SourceContext": "Infrastructure.Services.DatabaseTestService", "Application": "Crud.Api"}
[06:32:55 INF] Releasing database mutex for worker 12439 {"SourceContext": "Infrastructure.Services.DatabaseTestService", "Application": "Crud.Api"}
[06:32:55 INF] Resetting database for worker 12439 {"SourceContext": "Infrastructure.Services.DatabaseTestService", "Application": "Crud.Api"}
[06:32:55 INF] Resetting database via file deletion for worker 12439 in CI environment {"SourceContext": "Infrastructure.Services.DatabaseTestService", "Application": "Crud.Api"}
[06:32:55 INF] Acquiring database mutex for worker 12439... {"SourceContext": "Infrastructure.Services.DatabaseTestService", "Application": "Crud.Api"}
[06:32:55 INF] Database mutex acquired for worker 12439 {"SourceContext": "Infrastructure.Services.DatabaseTestService", "Application": "Crud.Api"}
[06:32:55 INF] Current database state - CanConnect: True {"SourceContext": "Infrastructure.Services.DatabaseTestService", "Application": "Crud.Api"}
[06:32:55 INF] [Phase 0] Closing database connection for worker 12439... {"SourceContext": "Infrastructure.Services.DatabaseTestService", "Application": "Crud.Api"}
[06:32:55 INF] [Phase 0] Connection closed in 0.0035ms {"SourceContext": "Infrastructure.Services.DatabaseTestService", "Application": "Crud.Api"}
[06:32:55 INF] [Phase 1] Starting EnsureDeletedAsync for worker 12439... {"SourceContext": "Infrastructure.Services.DatabaseTestService", "Application": "Crud.Api"}
[06:32:55 INF] [Phase 1] EnsureDeletedAsync completed in 1.7007ms {"SourceContext": "Infrastructure.Services.DatabaseTestService", "Application": "Crud.Api"}
[06:32:56 INF] [Phase 2] Starting EnsureCreatedAsync for worker 12439... {"SourceContext": "Infrastructure.Services.DatabaseTestService", "Application": "Crud.Api"}
[06:32:56 INF] [Phase 2] EnsureCreatedAsync completed in 31.0583ms {"SourceContext": "Infrastructure.Services.DatabaseTestService", "Application": "Crud.Api"}
[06:32:56 INF] [Phase 3] Skipping database seeding as requested for worker 12439 {"SourceContext": "Infrastructure.Services.DatabaseTestService", "Application": "Crud.Api"}
[06:32:56 INF] Database reset via file deletion completed for worker 12439 in 133.9747ms (Close: 0.0035ms, Delete: 1.7007ms, Create: 31.0583ms) {"SourceContext": "Infrastructure.Services.DatabaseTestService", "Application": "Crud.Api"}
[06:32:56 INF] Releasing database mutex for worker 12439 {"SourceContext": "Infrastructure.Services.DatabaseTestService", "Application": "Crud.Api"}
[06:32:56 INF] Token validation requested for token: invalid-to*** {"SourceContext": "App.Features.Authentication.ValidateResetTokenQueryHandler", "ActionId": "ee7a93ae-3fb4-4714-b874-7203d8e945e7", "ActionName": "Api.Controllers.AuthController.ValidateResetToken (Api)", "RequestId": "0HNFGVK4NGCG7", "RequestPath": "/api/auth/validate-reset-token", "Application": "Crud.Api"}
[06:32:56 WRN] Token validation failed - token not found {"SourceContext": "App.Features.Authentication.ValidateResetTokenQueryHandler", "ActionId": "ee7a93ae-3fb4-4714-b874-7203d8e945e7", "ActionName": "Api.Controllers.AuthController.ValidateResetToken (Api)", "RequestId": "0HNFGVK4NGCG7", "RequestPath": "/api/auth/validate-reset-token", "Application": "Crud.Api"}
Activity.TraceId:            56fbb8528e90e8bd5c6be7786b73e4d5
Activity.SpanId:             7d5dc0ef61b0e9f3
Activity.TraceFlags:         Recorded
Activity.ActivitySourceName: Microsoft.AspNetCore
Activity.DisplayName:        POST api/Auth/validate-reset-token
Activity.Kind:               Server
Activity.StartTime:          2025-09-11T06:32:56.0950782Z
Activity.Duration:           00:00:00.0184992
Activity.Tags:
    server.address: localhost
    http.request.method: POST
    url.scheme: http
    url.path: /api/auth/validate-reset-token
    network.protocol.version: 1.1
    http.route: api/Auth/validate-reset-token
    http.response.status_code: 200
Resource associated with Activity:
    deployment.environment: Testing
    service.name: Crud.Api
    service.version: 1.0.0
    service.instance.id: 10e2e254-224c-48e1-a2d2-8bbb5483cf26
    telemetry.sdk.name: opentelemetry
    telemetry.sdk.language: dotnet
    telemetry.sdk.version: 1.8.1
[06:32:56 INF] Resetting database for worker 12439 {"SourceContext": "Infrastructure.Services.DatabaseTestService", "Application": "Crud.Api"}
[06:32:56 INF] Resetting database via file deletion for worker 12439 in CI environment {"SourceContext": "Infrastructure.Services.DatabaseTestService", "Application": "Crud.Api"}
[06:32:56 INF] Acquiring database mutex for worker 12439... {"SourceContext": "Infrastructure.Services.DatabaseTestService", "Application": "Crud.Api"}
[06:32:56 INF] Database mutex acquired for worker 12439 {"SourceContext": "Infrastructure.Services.DatabaseTestService", "Application": "Crud.Api"}
[06:32:56 INF] Current database state - CanConnect: True {"SourceContext": "Infrastructure.Services.DatabaseTestService", "Application": "Crud.Api"}
[06:32:56 INF] [Phase 0] Closing database connection for worker 12439... {"SourceContext": "Infrastructure.Services.DatabaseTestService", "Application": "Crud.Api"}
[06:32:56 INF] [Phase 0] Connection closed in 0.0025ms {"SourceContext": "Infrastructure.Services.DatabaseTestService", "Application": "Crud.Api"}
[06:32:56 INF] [Phase 1] Starting EnsureDeletedAsync for worker 12439... {"SourceContext": "Infrastructure.Services.DatabaseTestService", "Application": "Crud.Api"}
[06:32:56 INF] [Phase 1] EnsureDeletedAsync completed in 1.3422ms {"SourceContext": "Infrastructure.Services.DatabaseTestService", "Application": "Crud.Api"}
[06:32:56 INF] [Phase 2] Starting EnsureCreatedAsync for worker 12439... {"SourceContext": "Infrastructure.Services.DatabaseTestService", "Application": "Crud.Api"}
[06:32:56 INF] [Phase 2] EnsureCreatedAsync completed in 14.7255ms {"SourceContext": "Infrastructure.Services.DatabaseTestService", "Application": "Crud.Api"}
[06:32:56 INF] [Phase 3] Skipping database seeding as requested for worker 12439 {"SourceContext": "Infrastructure.Services.DatabaseTestService", "Application": "Crud.Api"}
[06:32:56 INF] Database reset via file deletion completed for worker 12439 in 117.8016ms (Close: 0.0025ms, Delete: 1.3422ms, Create: 14.7255ms) {"SourceContext": "Infrastructure.Services.DatabaseTestService", "Application": "Crud.Api"}
[06:32:56 INF] Releasing database mutex for worker 12439 {"SourceContext": "Infrastructure.Services.DatabaseTestService", "Application": "Crud.Api"}
[06:32:56 INF] Resetting database for worker 12439 {"SourceContext": "Infrastructure.Services.DatabaseTestService", "Application": "Crud.Api"}
[06:32:56 INF] Resetting database via file deletion for worker 12439 in CI environment {"SourceContext": "Infrastructure.Services.DatabaseTestService", "Application": "Crud.Api"}
[06:32:56 INF] Acquiring database mutex for worker 12439... {"SourceContext": "Infrastructure.Services.DatabaseTestService", "Application": "Crud.Api"}
[06:32:56 INF] Database mutex acquired for worker 12439 {"SourceContext": "Infrastructure.Services.DatabaseTestService", "Application": "Crud.Api"}
[06:32:56 INF] Current database state - CanConnect: True {"SourceContext": "Infrastructure.Services.DatabaseTestService", "Application": "Crud.Api"}
[06:32:56 INF] [Phase 0] Closing database connection for worker 12439... {"SourceContext": "Infrastructure.Services.DatabaseTestService", "Application": "Crud.Api"}
[06:32:56 INF] [Phase 0] Connection closed in 0.0028ms {"SourceContext": "Infrastructure.Services.DatabaseTestService", "Application": "Crud.Api"}
[06:32:56 INF] [Phase 1] Starting EnsureDeletedAsync for worker 12439... {"SourceContext": "Infrastructure.Services.DatabaseTestService", "Application": "Crud.Api"}
[06:32:56 INF] [Phase 1] EnsureDeletedAsync completed in 1.3356ms {"SourceContext": "Infrastructure.Services.DatabaseTestService", "Application": "Crud.Api"}
[06:32:56 INF] [Phase 2] Starting EnsureCreatedAsync for worker 12439... {"SourceContext": "Infrastructure.Services.DatabaseTestService", "Application": "Crud.Api"}
[06:32:56 INF] [Phase 2] EnsureCreatedAsync completed in 14.4615ms {"SourceContext": "Infrastructure.Services.DatabaseTestService", "Application": "Crud.Api"}
[06:32:56 INF] [Phase 3] Skipping database seeding as requested for worker 12439 {"SourceContext": "Infrastructure.Services.DatabaseTestService", "Application": "Crud.Api"}
[06:32:56 INF] Database reset via file deletion completed for worker 12439 in 116.9917ms (Close: 0.0028ms, Delete: 1.3356ms, Create: 14.4615ms) {"SourceContext": "Infrastructure.Services.DatabaseTestService", "Application": "Crud.Api"}
[06:32:56 INF] Releasing database mutex for worker 12439 {"SourceContext": "Infrastructure.Services.DatabaseTestService", "Application": "Crud.Api"}
[06:32:56 INF] Password reset requested from IP: unknown {"SourceContext": "Api.Controllers.AuthController", "ActionId": "f43a5e6b-beb7-40f5-a1b2-451fe165487b", "ActionName": "Api.Controllers.AuthController.ForgotPassword (Api)", "RequestId": "0HNFGVK4NGCG8", "RequestPath": "/api/auth/forgot-password", "Application": "Crud.Api"}
[06:32:56 INF] Password reset requested for user: d8d01618-b3e0-4dd4-985f-d91f92d27eba {"SourceContext": "App.Features.Authentication.ForgotPasswordCommandHandler", "ActionId": "f43a5e6b-beb7-40f5-a1b2-451fe165487b", "ActionName": "Api.Controllers.AuthController.ForgotPassword (Api)", "RequestId": "0HNFGVK4NGCG8", "RequestPath": "/api/auth/forgot-password", "Application": "Crud.Api"}
[06:32:56 INF] Password reset email sent (Mock Service - Not Actually Sent) {"SourceContext": "Infrastructure.Services.MockEmailService", "ActionId": "f43a5e6b-beb7-40f5-a1b2-451fe165487b", "ActionName": "Api.Controllers.AuthController.ForgotPassword (Api)", "RequestId": "0HNFGVK4NGCG8", "RequestPath": "/api/auth/forgot-password", "Application": "Crud.Api"}
[06:32:56 DBG] Email Details - From: noreply@example.com, Subject: Password Reset Request {"SourceContext": "Infrastructure.Services.MockEmailService", "ActionId": "f43a5e6b-beb7-40f5-a1b2-451fe165487b", "ActionName": "Api.Controllers.AuthController.ForgotPassword (Api)", "RequestId": "0HNFGVK4NGCG8", "RequestPath": "/api/auth/forgot-password", "Application": "Crud.Api"}
[06:32:56 INF] Password reset email sent successfully for user: d8d01618-b3e0-4dd4-985f-d91f92d27eba {"SourceContext": "App.Features.Authentication.ForgotPasswordCommandHandler", "ActionId": "f43a5e6b-beb7-40f5-a1b2-451fe165487b", "ActionName": "Api.Controllers.AuthController.ForgotPassword (Api)", "RequestId": "0HNFGVK4NGCG8", "RequestPath": "/api/auth/forgot-password", "Application": "Crud.Api"}
Activity.TraceId:            8f04b65cb3e44028f9c243d6a68ac56f
Activity.SpanId:             67005d7e3a69b22b
Activity.TraceFlags:         Recorded
Activity.ActivitySourceName: Microsoft.AspNetCore
Activity.DisplayName:        POST api/Auth/forgot-password
Activity.Kind:               Server
Activity.StartTime:          2025-09-11T06:32:56.3577837Z
Activity.Duration:           00:00:00.1055351
Activity.Tags:
    server.address: localhost
    http.request.method: POST
    url.scheme: http
    url.path: /api/auth/forgot-password
    network.protocol.version: 1.1
    http.route: api/Auth/forgot-password
    http.response.status_code: 200
Resource associated with Activity:
    deployment.environment: Testing
    service.name: Crud.Api
    service.version: 1.0.0
    service.instance.id: 10e2e254-224c-48e1-a2d2-8bbb5483cf26
    telemetry.sdk.name: opentelemetry
    telemetry.sdk.language: dotnet
    telemetry.sdk.version: 1.8.1
[06:32:56 INF] Token validation requested for token: qnnNMCfVyZ*** {"SourceContext": "App.Features.Authentication.ValidateResetTokenQueryHandler", "ActionId": "ee7a93ae-3fb4-4714-b874-7203d8e945e7", "ActionName": "Api.Controllers.AuthController.ValidateResetToken (Api)", "RequestId": "0HNFGVK4NGCG9", "RequestPath": "/api/auth/validate-reset-token", "Application": "Crud.Api"}
[06:32:56 INF] Token validation completed - Valid: True, Expired: False, Used: False {"SourceContext": "App.Features.Authentication.ValidateResetTokenQueryHandler", "ActionId": "ee7a93ae-3fb4-4714-b874-7203d8e945e7", "ActionName": "Api.Controllers.AuthController.ValidateResetToken (Api)", "RequestId": "0HNFGVK4NGCG9", "RequestPath": "/api/auth/validate-reset-token", "Application": "Crud.Api"}
Activity.TraceId:            824a8815bf149a23b074bdde30f24d73
Activity.SpanId:             cc90f03756710fbf
Activity.TraceFlags:         Recorded
Activity.ActivitySourceName: Microsoft.AspNetCore
Activity.DisplayName:        POST api/Auth/validate-reset-token
Activity.Kind:               Server
Activity.StartTime:          2025-09-11T06:32:56.4655642Z
Activity.Duration:           00:00:00.0037074
Activity.Tags:
    server.address: localhost
    http.request.method: POST
    url.scheme: http
    url.path: /api/auth/validate-reset-token
    network.protocol.version: 1.1
    http.route: api/Auth/validate-reset-token
    http.response.status_code: 200
Resource associated with Activity:
    deployment.environment: Testing
    service.name: Crud.Api
    service.version: 1.0.0
    service.instance.id: 10e2e254-224c-48e1-a2d2-8bbb5483cf26
    telemetry.sdk.name: opentelemetry
    telemetry.sdk.language: dotnet
    telemetry.sdk.version: 1.8.1
[06:32:56 INF] Password reset attempt from IP: unknown {"SourceContext": "Api.Controllers.AuthController", "ActionId": "65ad6bbe-fe4b-4f86-93ff-a885234a39ed", "ActionName": "Api.Controllers.AuthController.ResetPassword (Api)", "RequestId": "0HNFGVK4NGCGA", "RequestPath": "/api/auth/reset-password", "Application": "Crud.Api"}
[06:32:57 INF] Password reset successful for user: d8d01618-b3e0-4dd4-985f-d91f92d27eba, Email: test@example.com {"SourceContext": "App.Features.Authentication.ResetPasswordCommandHandler", "ActionId": "65ad6bbe-fe4b-4f86-93ff-a885234a39ed", "ActionName": "Api.Controllers.AuthController.ResetPassword (Api)", "RequestId": "0HNFGVK4NGCGA", "RequestPath": "/api/auth/reset-password", "Application": "Crud.Api"}
Activity.TraceId:            c03179967c20eb739713f07f311f58e3
Activity.SpanId:             dc163ac4da5405e5
Activity.TraceFlags:         Recorded
Activity.ActivitySourceName: Microsoft.AspNetCore
Activity.DisplayName:        POST api/Auth/reset-password
Activity.Kind:               Server
Activity.StartTime:          2025-09-11T06:32:56.4696644Z
Activity.Duration:           00:00:01.0457536
Activity.Tags:
    server.address: localhost
    http.request.method: POST
    url.scheme: http
    url.path: /api/auth/reset-password
    network.protocol.version: 1.1
    http.route: api/Auth/reset-password
    http.response.status_code: 200
Resource associated with Activity:
    deployment.environment: Testing
    service.name: Crud.Api
    service.version: 1.0.0
    service.instance.id: 10e2e254-224c-48e1-a2d2-8bbb5483cf26
    telemetry.sdk.name: opentelemetry
    telemetry.sdk.language: dotnet
    telemetry.sdk.version: 1.8.1
[06:32:57 INF] Token validation requested for token: qnnNMCfVyZ*** {"SourceContext": "App.Features.Authentication.ValidateResetTokenQueryHandler", "ActionId": "ee7a93ae-3fb4-4714-b874-7203d8e945e7", "ActionName": "Api.Controllers.AuthController.ValidateResetToken (Api)", "RequestId": "0HNFGVK4NGCGB", "RequestPath": "/api/auth/validate-reset-token", "Application": "Crud.Api"}
[06:32:57 INF] Token validation completed - Valid: False, Expired: False, Used: True {"SourceContext": "App.Features.Authentication.ValidateResetTokenQueryHandler", "ActionId": "ee7a93ae-3fb4-4714-b874-7203d8e945e7", "ActionName": "Api.Controllers.AuthController.ValidateResetToken (Api)", "RequestId": "0HNFGVK4NGCGB", "RequestPath": "/api/auth/validate-reset-token", "Application": "Crud.Api"}
Activity.TraceId:            21c143f77ae9faf51df4933849ec71f5
Activity.SpanId:             bdce69a8b5d23cc7
Activity.TraceFlags:         Recorded
Activity.ActivitySourceName: Microsoft.AspNetCore
Activity.DisplayName:        POST api/Auth/validate-reset-token
Activity.Kind:               Server
Activity.StartTime:          2025-09-11T06:32:57.5157374Z
Activity.Duration:           00:00:00.0031258
Activity.Tags:
    server.address: localhost
    http.request.method: POST
    url.scheme: http
    url.path: /api/auth/validate-reset-token
    network.protocol.version: 1.1
    http.route: api/Auth/validate-reset-token
    http.response.status_code: 200
Resource associated with Activity:
    deployment.environment: Testing
    service.name: Crud.Api
    service.version: 1.0.0
    service.instance.id: 10e2e254-224c-48e1-a2d2-8bbb5483cf26
    telemetry.sdk.name: opentelemetry
    telemetry.sdk.language: dotnet
    telemetry.sdk.version: 1.8.1
[06:32:57 INF] Password reset attempt from IP: unknown {"SourceContext": "Api.Controllers.AuthController", "ActionId": "65ad6bbe-fe4b-4f86-93ff-a885234a39ed", "ActionName": "Api.Controllers.AuthController.ResetPassword (Api)", "RequestId": "0HNFGVK4NGCGC", "RequestPath": "/api/auth/reset-password", "Application": "Crud.Api"}
[06:32:57 WRN] Password reset attempted with already used token for user: d8d01618-b3e0-4dd4-985f-d91f92d27eba {"SourceContext": "App.Features.Authentication.ResetPasswordCommandHandler", "ActionId": "65ad6bbe-fe4b-4f86-93ff-a885234a39ed", "ActionName": "Api.Controllers.AuthController.ResetPassword (Api)", "RequestId": "0HNFGVK4NGCGC", "RequestPath": "/api/auth/reset-password", "Application": "Crud.Api"}
Activity.TraceId:            159cd037f8b785b6b24538f037ce7ff9
Activity.SpanId:             f642b56ecdef3730
Activity.TraceFlags:         Recorded
Activity.ActivitySourceName: Microsoft.AspNetCore
Activity.DisplayName:        POST api/Auth/reset-password
Activity.Kind:               Server
❌ POST /api/auth/reset-password failed:
Activity.StartTime:          2025-09-11T06:32:57.5192026Z
Activity.Duration:           00:00:00.0015443
Activity.Tags:
    server.address: localhost
    http.request.method: POST
    url.scheme: http
    url.path: /api/auth/reset-password
    network.protocol.version: 1.1
    http.route: api/Auth/reset-password
    http.response.status_code: 400
Resource associated with Activity:
    deployment.environment: Testing
    service.name: Crud.Api
    service.version: 1.0.0
    service.instance.id: 10e2e254-224c-48e1-a2d2-8bbb5483cf26
    telemetry.sdk.name: opentelemetry
    telemetry.sdk.language: dotnet
    telemetry.sdk.version: 1.8.1
   Status: BadRequest (400)
   Reason: Bad Request
   Response Body: {"error":"This password reset link has already been used."}
   Content Headers: Content-Type=application/json; charset=utf-8
[06:32:57 INF] Resetting database for worker 12439 {"SourceContext": "Infrastructure.Services.DatabaseTestService", "Application": "Crud.Api"}
[06:32:57 INF] Resetting database via file deletion for worker 12439 in CI environment {"SourceContext": "Infrastructure.Services.DatabaseTestService", "Application": "Crud.Api"}
[06:32:57 INF] Acquiring database mutex for worker 12439... {"SourceContext": "Infrastructure.Services.DatabaseTestService", "Application": "Crud.Api"}
[06:32:57 INF] Database mutex acquired for worker 12439 {"SourceContext": "Infrastructure.Services.DatabaseTestService", "Application": "Crud.Api"}
[06:32:57 INF] Current database state - CanConnect: True {"SourceContext": "Infrastructure.Services.DatabaseTestService", "Application": "Crud.Api"}
[06:32:57 INF] [Phase 0] Closing database connection for worker 12439... {"SourceContext": "Infrastructure.Services.DatabaseTestService", "Application": "Crud.Api"}
[06:32:57 INF] [Phase 0] Connection closed in 0.0018ms {"SourceContext": "Infrastructure.Services.DatabaseTestService", "Application": "Crud.Api"}
[06:32:57 INF] [Phase 1] Starting EnsureDeletedAsync for worker 12439... {"SourceContext": "Infrastructure.Services.DatabaseTestService", "Application": "Crud.Api"}
[06:32:57 INF] [Phase 1] EnsureDeletedAsync completed in 1.395ms {"SourceContext": "Infrastructure.Services.DatabaseTestService", "Application": "Crud.Api"}
[06:32:57 INF] [Phase 2] Starting EnsureCreatedAsync for worker 12439... {"SourceContext": "Infrastructure.Services.DatabaseTestService", "Application": "Crud.Api"}
[06:32:57 INF] [Phase 2] EnsureCreatedAsync completed in 8.2513ms {"SourceContext": "Infrastructure.Services.DatabaseTestService", "Application": "Crud.Api"}
[06:32:57 INF] [Phase 3] Skipping database seeding as requested for worker 12439 {"SourceContext": "Infrastructure.Services.DatabaseTestService", "Application": "Crud.Api"}
[06:32:57 INF] Database reset via file deletion completed for worker 12439 in 110.0542ms (Close: 0.0018ms, Delete: 1.395ms, Create: 8.2513ms) {"SourceContext": "Infrastructure.Services.DatabaseTestService", "Application": "Crud.Api"}
[06:32:57 INF] Releasing database mutex for worker 12439 {"SourceContext": "Infrastructure.Services.DatabaseTestService", "Application": "Crud.Api"}
[06:32:57 INF] Resetting database for worker 12439 {"SourceContext": "Infrastructure.Services.DatabaseTestService", "Application": "Crud.Api"}
[06:32:57 INF] Resetting database via file deletion for worker 12439 in CI environment {"SourceContext": "Infrastructure.Services.DatabaseTestService", "Application": "Crud.Api"}
[06:32:57 INF] Acquiring database mutex for worker 12439... {"SourceContext": "Infrastructure.Services.DatabaseTestService", "Application": "Crud.Api"}
[06:32:57 INF] Database mutex acquired for worker 12439 {"SourceContext": "Infrastructure.Services.DatabaseTestService", "Application": "Crud.Api"}
[06:32:57 INF] Current database state - CanConnect: True {"SourceContext": "Infrastructure.Services.DatabaseTestService", "Application": "Crud.Api"}
[06:32:57 INF] [Phase 0] Closing database connection for worker 12439... {"SourceContext": "Infrastructure.Services.DatabaseTestService", "Application": "Crud.Api"}
[06:32:57 INF] [Phase 0] Connection closed in 0.0013ms {"SourceContext": "Infrastructure.Services.DatabaseTestService", "Application": "Crud.Api"}
[06:32:57 INF] [Phase 1] Starting EnsureDeletedAsync for worker 12439... {"SourceContext": "Infrastructure.Services.DatabaseTestService", "Application": "Crud.Api"}
[06:32:57 INF] [Phase 1] EnsureDeletedAsync completed in 1.1327ms {"SourceContext": "Infrastructure.Services.DatabaseTestService", "Application": "Crud.Api"}
[06:32:57 INF] [Phase 2] Starting EnsureCreatedAsync for worker 12439... {"SourceContext": "Infrastructure.Services.DatabaseTestService", "Application": "Crud.Api"}
[06:32:57 INF] [Phase 2] EnsureCreatedAsync completed in 11.3266ms {"SourceContext": "Infrastructure.Services.DatabaseTestService", "Application": "Crud.Api"}
[06:32:57 INF] [Phase 3] Skipping database seeding as requested for worker 12439 {"SourceContext": "Infrastructure.Services.DatabaseTestService", "Application": "Crud.Api"}
[06:32:57 INF] Database reset via file deletion completed for worker 12439 in 113.0389ms (Close: 0.0013ms, Delete: 1.1327ms, Create: 11.3266ms) {"SourceContext": "Infrastructure.Services.DatabaseTestService", "Application": "Crud.Api"}
[06:32:57 INF] Releasing database mutex for worker 12439 {"SourceContext": "Infrastructure.Services.DatabaseTestService", "Application": "Crud.Api"}
[06:32:57 INF] Password reset requested from IP: unknown {"SourceContext": "Api.Controllers.AuthController", "ActionId": "f43a5e6b-beb7-40f5-a1b2-451fe165487b", "ActionName": "Api.Controllers.AuthController.ForgotPassword (Api)", "RequestId": "0HNFGVK4NGCGD", "RequestPath": "/api/auth/forgot-password", "Application": "Crud.Api"}
[06:32:57 INF] Password reset requested for user: 588c5e4c-82f6-4991-a14f-f2fed12abf53 {"SourceContext": "App.Features.Authentication.ForgotPasswordCommandHandler", "ActionId": "f43a5e6b-beb7-40f5-a1b2-451fe165487b", "ActionName": "Api.Controllers.AuthController.ForgotPassword (Api)", "RequestId": "0HNFGVK4NGCGD", "RequestPath": "/api/auth/forgot-password", "Application": "Crud.Api"}
[06:32:57 INF] Password reset email sent (Mock Service - Not Actually Sent) {"SourceContext": "Infrastructure.Services.MockEmailService", "ActionId": "f43a5e6b-beb7-40f5-a1b2-451fe165487b", "ActionName": "Api.Controllers.AuthController.ForgotPassword (Api)", "RequestId": "0HNFGVK4NGCGD", "RequestPath": "/api/auth/forgot-password", "Application": "Crud.Api"}
[06:32:57 DBG] Email Details - From: noreply@example.com, Subject: Password Reset Request {"SourceContext": "Infrastructure.Services.MockEmailService", "ActionId": "f43a5e6b-beb7-40f5-a1b2-451fe165487b", "ActionName": "Api.Controllers.AuthController.ForgotPassword (Api)", "RequestId": "0HNFGVK4NGCGD", "RequestPath": "/api/auth/forgot-password", "Application": "Crud.Api"}
[06:32:57 INF] Password reset email sent successfully for user: 588c5e4c-82f6-4991-a14f-f2fed12abf53 {"SourceContext": "App.Features.Authentication.ForgotPasswordCommandHandler", "ActionId": "f43a5e6b-beb7-40f5-a1b2-451fe165487b", "ActionName": "Api.Controllers.AuthController.ForgotPassword (Api)", "RequestId": "0HNFGVK4NGCGD", "RequestPath": "/api/auth/forgot-password", "Application": "Crud.Api"}
Activity.TraceId:            153ee04f01179734805b544f361110bc
Activity.SpanId:             5f8f9cd735d31285
Activity.TraceFlags:         Recorded
Activity.ActivitySourceName: Microsoft.AspNetCore
Activity.DisplayName:        POST api/Auth/forgot-password
Activity.Kind:               Server
Activity.StartTime:          2025-09-11T06:32:57.7514368Z
Activity.Duration:           00:00:00.1040306
Activity.Tags:
    server.address: localhost
    http.request.method: POST
    url.scheme: http
    url.path: /api/auth/forgot-password
    network.protocol.version: 1.1
    http.route: api/Auth/forgot-password
    http.response.status_code: 200
Resource associated with Activity:
    deployment.environment: Testing
    service.name: Crud.Api
    service.version: 1.0.0
    service.instance.id: 10e2e254-224c-48e1-a2d2-8bbb5483cf26
    telemetry.sdk.name: opentelemetry
    telemetry.sdk.language: dotnet
    telemetry.sdk.version: 1.8.1
[06:32:57 INF] Token validation requested for token: xAg2KZCqGJ*** {"SourceContext": "App.Features.Authentication.ValidateResetTokenQueryHandler", "ActionId": "ee7a93ae-3fb4-4714-b874-7203d8e945e7", "ActionName": "Api.Controllers.AuthController.ValidateResetToken (Api)", "RequestId": "0HNFGVK4NGCGE", "RequestPath": "/api/auth/validate-reset-token", "Application": "Crud.Api"}
[06:32:57 INF] Token validation completed - Valid: True, Expired: False, Used: False {"SourceContext": "App.Features.Authentication.ValidateResetTokenQueryHandler", "ActionId": "ee7a93ae-3fb4-4714-b874-7203d8e945e7", "ActionName": "Api.Controllers.AuthController.ValidateResetToken (Api)", "RequestId": "0HNFGVK4NGCGE", "RequestPath": "/api/auth/validate-reset-token", "Application": "Crud.Api"}
Activity.TraceId:            94529adf2e79bd84db0ab3c0c7febb9b
Activity.SpanId:             2689ce94c4c69466
Activity.TraceFlags:         Recorded
Activity.ActivitySourceName: Microsoft.AspNetCore
Activity.DisplayName:        POST api/Auth/validate-reset-token
Activity.Kind:               Server
Activity.StartTime:          2025-09-11T06:32:57.8573943Z
Activity.Duration:           00:00:00.0018392
Activity.Tags:
    server.address: localhost
    http.request.method: POST
    url.scheme: http
    url.path: /api/auth/validate-reset-token
    network.protocol.version: 1.1
    http.route: api/Auth/validate-reset-token
    http.response.status_code: 200
Resource associated with Activity:
    deployment.environment: Testing
    service.name: Crud.Api
    service.version: 1.0.0
    service.instance.id: 10e2e254-224c-48e1-a2d2-8bbb5483cf26
    telemetry.sdk.name: opentelemetry
    telemetry.sdk.language: dotnet
    telemetry.sdk.version: 1.8.1
[06:32:57 INF] Resetting database for worker 12439 {"SourceContext": "Infrastructure.Services.DatabaseTestService", "Application": "Crud.Api"}
[06:32:57 INF] Resetting database via file deletion for worker 12439 in CI environment {"SourceContext": "Infrastructure.Services.DatabaseTestService", "Application": "Crud.Api"}
[06:32:57 INF] Acquiring database mutex for worker 12439... {"SourceContext": "Infrastructure.Services.DatabaseTestService", "Application": "Crud.Api"}
[06:32:57 INF] Database mutex acquired for worker 12439 {"SourceContext": "Infrastructure.Services.DatabaseTestService", "Application": "Crud.Api"}
[06:32:57 INF] Current database state - CanConnect: True {"SourceContext": "Infrastructure.Services.DatabaseTestService", "Application": "Crud.Api"}
[06:32:57 INF] [Phase 0] Closing database connection for worker 12439... {"SourceContext": "Infrastructure.Services.DatabaseTestService", "Application": "Crud.Api"}
[06:32:57 INF] [Phase 0] Connection closed in 0.0014ms {"SourceContext": "Infrastructure.Services.DatabaseTestService", "Application": "Crud.Api"}
[06:32:57 INF] [Phase 1] Starting EnsureDeletedAsync for worker 12439... {"SourceContext": "Infrastructure.Services.DatabaseTestService", "Application": "Crud.Api"}
[06:32:57 INF] [Phase 1] EnsureDeletedAsync completed in 1.4806ms {"SourceContext": "Infrastructure.Services.DatabaseTestService", "Application": "Crud.Api"}
[06:32:57 INF] [Phase 2] Starting EnsureCreatedAsync for worker 12439... {"SourceContext": "Infrastructure.Services.DatabaseTestService", "Application": "Crud.Api"}
[06:32:57 INF] [Phase 2] EnsureCreatedAsync completed in 9.874ms {"SourceContext": "Infrastructure.Services.DatabaseTestService", "Application": "Crud.Api"}
[06:32:57 INF] [Phase 3] Skipping database seeding as requested for worker 12439 {"SourceContext": "Infrastructure.Services.DatabaseTestService", "Application": "Crud.Api"}
[06:32:57 INF] Database reset via file deletion completed for worker 12439 in 111.9704ms (Close: 0.0014ms, Delete: 1.4806ms, Create: 9.874ms) {"SourceContext": "Infrastructure.Services.DatabaseTestService", "Application": "Crud.Api"}
[06:32:57 INF] Releasing database mutex for worker 12439 {"SourceContext": "Infrastructure.Services.DatabaseTestService", "Application": "Crud.Api"}
[06:32:57 INF] Resetting database for worker 12439 {"SourceContext": "Infrastructure.Services.DatabaseTestService", "Application": "Crud.Api"}
[06:32:57 INF] Resetting database via file deletion for worker 12439 in CI environment {"SourceContext": "Infrastructure.Services.DatabaseTestService", "Application": "Crud.Api"}
[06:32:57 INF] Acquiring database mutex for worker 12439... {"SourceContext": "Infrastructure.Services.DatabaseTestService", "Application": "Crud.Api"}
[06:32:57 INF] Database mutex acquired for worker 12439 {"SourceContext": "Infrastructure.Services.DatabaseTestService", "Application": "Crud.Api"}
[06:32:57 INF] Current database state - CanConnect: True {"SourceContext": "Infrastructure.Services.DatabaseTestService", "Application": "Crud.Api"}
[06:32:57 INF] [Phase 0] Closing database connection for worker 12439... {"SourceContext": "Infrastructure.Services.DatabaseTestService", "Application": "Crud.Api"}
[06:32:57 INF] [Phase 0] Connection closed in 0.0028ms {"SourceContext": "Infrastructure.Services.DatabaseTestService", "Application": "Crud.Api"}
[06:32:57 INF] [Phase 1] Starting EnsureDeletedAsync for worker 12439... {"SourceContext": "Infrastructure.Services.DatabaseTestService", "Application": "Crud.Api"}
[06:32:57 INF] [Phase 1] EnsureDeletedAsync completed in 1.4357ms {"SourceContext": "Infrastructure.Services.DatabaseTestService", "Application": "Crud.Api"}
[06:32:58 INF] [Phase 2] Starting EnsureCreatedAsync for worker 12439... {"SourceContext": "Infrastructure.Services.DatabaseTestService", "Application": "Crud.Api"}
[06:32:58 INF] [Phase 2] EnsureCreatedAsync completed in 8.2256ms {"SourceContext": "Infrastructure.Services.DatabaseTestService", "Application": "Crud.Api"}
[06:32:58 INF] [Phase 3] Skipping database seeding as requested for worker 12439 {"SourceContext": "Infrastructure.Services.DatabaseTestService", "Application": "Crud.Api"}
[06:32:58 INF] Database reset via file deletion completed for worker 12439 in 110.5248ms (Close: 0.0028ms, Delete: 1.4357ms, Create: 8.2256ms) {"SourceContext": "Infrastructure.Services.DatabaseTestService", "Application": "Crud.Api"}
[06:32:58 INF] Releasing database mutex for worker 12439 {"SourceContext": "Infrastructure.Services.DatabaseTestService", "Application": "Crud.Api"}
[06:32:58 INF] Password reset attempt from IP: unknown {"SourceContext": "Api.Controllers.AuthController", "ActionId": "65ad6bbe-fe4b-4f86-93ff-a885234a39ed", "ActionName": "Api.Controllers.AuthController.ResetPassword (Api)", "RequestId": "0HNFGVK4NGCGF", "RequestPath": "/api/auth/reset-password", "Application": "Crud.Api"}
[06:32:58 WRN] Password reset attempted with invalid token {"SourceContext": "App.Features.Authentication.ResetPasswordCommandHandler", "ActionId": "65ad6bbe-fe4b-4f86-93ff-a885234a39ed", "ActionName": "Api.Controllers.AuthController.ResetPassword (Api)", "RequestId": "0HNFGVK4NGCGF", "RequestPath": "/api/auth/reset-password", "Application": "Crud.Api"}
Activity.TraceId:            977b8add7024e7ba285d603c3ba8e627
Activity.SpanId:             71f29ada5d1a36bd
❌ POST /api/auth/reset-password failed:
Activity.TraceFlags:         Recorded
Activity.ActivitySourceName: Microsoft.AspNetCore
Activity.DisplayName:        POST api/Auth/reset-password
Activity.Kind:               Server
Activity.StartTime:          2025-09-11T06:32:58.0910722Z
   Status: BadRequest (400)
   Reason: Bad Request
Activity.Duration:           00:00:00.0018520
   Response Body: {"error":"Invalid or expired password reset link."}
Activity.Tags:
    server.address: localhost
    http.request.method: POST
    url.scheme: http
    url.path: /api/auth/reset-password
    network.protocol.version: 1.1
    http.route: api/Auth/reset-password
   Content Headers: Content-Type=application/json; charset=utf-8
    http.response.status_code: 400
Resource associated with Activity:
    deployment.environment: Testing
    service.name: Crud.Api
    service.version: 1.0.0
    service.instance.id: 10e2e254-224c-48e1-a2d2-8bbb5483cf26
    telemetry.sdk.name: opentelemetry
    telemetry.sdk.language: dotnet
    telemetry.sdk.version: 1.8.1
[06:32:58 INF] Resetting database for worker 12439 {"SourceContext": "Infrastructure.Services.DatabaseTestService", "Application": "Crud.Api"}
[06:32:58 INF] Resetting database via file deletion for worker 12439 in CI environment {"SourceContext": "Infrastructure.Services.DatabaseTestService", "Application": "Crud.Api"}
[06:32:58 INF] Acquiring database mutex for worker 12439... {"SourceContext": "Infrastructure.Services.DatabaseTestService", "Application": "Crud.Api"}
[06:32:58 INF] Database mutex acquired for worker 12439 {"SourceContext": "Infrastructure.Services.DatabaseTestService", "Application": "Crud.Api"}
[06:32:58 INF] Current database state - CanConnect: True {"SourceContext": "Infrastructure.Services.DatabaseTestService", "Application": "Crud.Api"}
[06:32:58 INF] [Phase 0] Closing database connection for worker 12439... {"SourceContext": "Infrastructure.Services.DatabaseTestService", "Application": "Crud.Api"}
[06:32:58 INF] [Phase 0] Connection closed in 0.0026ms {"SourceContext": "Infrastructure.Services.DatabaseTestService", "Application": "Crud.Api"}
[06:32:58 INF] [Phase 1] Starting EnsureDeletedAsync for worker 12439... {"SourceContext": "Infrastructure.Services.DatabaseTestService", "Application": "Crud.Api"}
[06:32:58 INF] [Phase 1] EnsureDeletedAsync completed in 1.2217ms {"SourceContext": "Infrastructure.Services.DatabaseTestService", "Application": "Crud.Api"}
[06:32:58 INF] [Phase 2] Starting EnsureCreatedAsync for worker 12439... {"SourceContext": "Infrastructure.Services.DatabaseTestService", "Application": "Crud.Api"}
[06:32:58 INF] [Phase 2] EnsureCreatedAsync completed in 8.4865ms {"SourceContext": "Infrastructure.Services.DatabaseTestService", "Application": "Crud.Api"}
[06:32:58 INF] [Phase 3] Skipping database seeding as requested for worker 12439 {"SourceContext": "Infrastructure.Services.DatabaseTestService", "Application": "Crud.Api"}
[06:32:58 INF] Database reset via file deletion completed for worker 12439 in 110.1276ms (Close: 0.0026ms, Delete: 1.2217ms, Create: 8.4865ms) {"SourceContext": "Infrastructure.Services.DatabaseTestService", "Application": "Crud.Api"}
[06:32:58 INF] Releasing database mutex for worker 12439 {"SourceContext": "Infrastructure.Services.DatabaseTestService", "Application": "Crud.Api"}
[06:32:58 INF] Resetting database for worker 12439 {"SourceContext": "Infrastructure.Services.DatabaseTestService", "Application": "Crud.Api"}
[06:32:58 INF] Resetting database via file deletion for worker 12439 in CI environment {"SourceContext": "Infrastructure.Services.DatabaseTestService", "Application": "Crud.Api"}
[06:32:58 INF] Acquiring database mutex for worker 12439... {"SourceContext": "Infrastructure.Services.DatabaseTestService", "Application": "Crud.Api"}
[06:32:58 INF] Database mutex acquired for worker 12439 {"SourceContext": "Infrastructure.Services.DatabaseTestService", "Application": "Crud.Api"}
[06:32:58 INF] Current database state - CanConnect: True {"SourceContext": "Infrastructure.Services.DatabaseTestService", "Application": "Crud.Api"}
[06:32:58 INF] [Phase 0] Closing database connection for worker 12439... {"SourceContext": "Infrastructure.Services.DatabaseTestService", "Application": "Crud.Api"}
[06:32:58 INF] [Phase 0] Connection closed in 0.0025ms {"SourceContext": "Infrastructure.Services.DatabaseTestService", "Application": "Crud.Api"}
[06:32:58 INF] [Phase 1] Starting EnsureDeletedAsync for worker 12439... {"SourceContext": "Infrastructure.Services.DatabaseTestService", "Application": "Crud.Api"}
[06:32:58 INF] [Phase 1] EnsureDeletedAsync completed in 1.2378ms {"SourceContext": "Infrastructure.Services.DatabaseTestService", "Application": "Crud.Api"}
[06:32:58 INF] [Phase 2] Starting EnsureCreatedAsync for worker 12439... {"SourceContext": "Infrastructure.Services.DatabaseTestService", "Application": "Crud.Api"}
[06:32:58 INF] [Phase 2] EnsureCreatedAsync completed in 8.059ms {"SourceContext": "Infrastructure.Services.DatabaseTestService", "Application": "Crud.Api"}
[06:32:58 INF] [Phase 3] Skipping database seeding as requested for worker 12439 {"SourceContext": "Infrastructure.Services.DatabaseTestService", "Application": "Crud.Api"}
[06:32:58 INF] Database reset via file deletion completed for worker 12439 in 109.9904ms (Close: 0.0025ms, Delete: 1.2378ms, Create: 8.059ms) {"SourceContext": "Infrastructure.Services.DatabaseTestService", "Application": "Crud.Api"}
[06:32:58 INF] Releasing database mutex for worker 12439 {"SourceContext": "Infrastructure.Services.DatabaseTestService", "Application": "Crud.Api"}
[06:32:58 INF] Password reset requested from IP: unknown {"SourceContext": "Api.Controllers.AuthController", "ActionId": "f43a5e6b-beb7-40f5-a1b2-451fe165487b", "ActionName": "Api.Controllers.AuthController.ForgotPassword (Api)", "RequestId": "0HNFGVK4NGCGG", "RequestPath": "/api/auth/forgot-password", "Application": "Crud.Api"}
[06:32:58 INF] Password reset requested for user: 1afc0fa7-74f5-4a20-a198-0ecbfb11d1f6 {"SourceContext": "App.Features.Authentication.ForgotPasswordCommandHandler", "ActionId": "f43a5e6b-beb7-40f5-a1b2-451fe165487b", "ActionName": "Api.Controllers.AuthController.ForgotPassword (Api)", "RequestId": "0HNFGVK4NGCGG", "RequestPath": "/api/auth/forgot-password", "Application": "Crud.Api"}
[06:32:58 INF] Password reset email sent (Mock Service - Not Actually Sent) {"SourceContext": "Infrastructure.Services.MockEmailService", "ActionId": "f43a5e6b-beb7-40f5-a1b2-451fe165487b", "ActionName": "Api.Controllers.AuthController.ForgotPassword (Api)", "RequestId": "0HNFGVK4NGCGG", "RequestPath": "/api/auth/forgot-password", "Application": "Crud.Api"}
[06:32:58 DBG] Email Details - From: noreply@example.com, Subject: Password Reset Request {"SourceContext": "Infrastructure.Services.MockEmailService", "ActionId": "f43a5e6b-beb7-40f5-a1b2-451fe165487b", "ActionName": "Api.Controllers.AuthController.ForgotPassword (Api)", "RequestId": "0HNFGVK4NGCGG", "RequestPath": "/api/auth/forgot-password", "Application": "Crud.Api"}
[06:32:58 INF] Password reset email sent successfully for user: 1afc0fa7-74f5-4a20-a198-0ecbfb11d1f6 {"SourceContext": "App.Features.Authentication.ForgotPasswordCommandHandler", "ActionId": "f43a5e6b-beb7-40f5-a1b2-451fe165487b", "ActionName": "Api.Controllers.AuthController.ForgotPassword (Api)", "RequestId": "0HNFGVK4NGCGG", "RequestPath": "/api/auth/forgot-password", "Application": "Crud.Api"}
Activity.TraceId:            c8f59802b871034988652704e9788986
Activity.SpanId:             56a68302bf053bb1
Activity.TraceFlags:         Recorded
Activity.ActivitySourceName: Microsoft.AspNetCore
Activity.DisplayName:        POST api/Auth/forgot-password
Activity.Kind:               Server
Activity.StartTime:          2025-09-11T06:32:58.3204381Z
Activity.Duration:           00:00:00.1030990
Activity.Tags:
    server.address: localhost
    http.request.method: POST
    url.scheme: http
    url.path: /api/auth/forgot-password
    network.protocol.version: 1.1
    http.route: api/Auth/forgot-password
    http.response.status_code: 200
Resource associated with Activity:
    deployment.environment: Testing
    service.name: Crud.Api
    service.version: 1.0.0
    service.instance.id: 10e2e254-224c-48e1-a2d2-8bbb5483cf26
    telemetry.sdk.name: opentelemetry
    telemetry.sdk.language: dotnet
    telemetry.sdk.version: 1.8.1
[06:32:58 INF] Resetting database for worker 12439 {"SourceContext": "Infrastructure.Services.DatabaseTestService", "Application": "Crud.Api"}
[06:32:58 INF] Resetting database via file deletion for worker 12439 in CI environment {"SourceContext": "Infrastructure.Services.DatabaseTestService", "Application": "Crud.Api"}
[06:32:58 INF] Acquiring database mutex for worker 12439... {"SourceContext": "Infrastructure.Services.DatabaseTestService", "Application": "Crud.Api"}
[06:32:58 INF] Database mutex acquired for worker 12439 {"SourceContext": "Infrastructure.Services.DatabaseTestService", "Application": "Crud.Api"}
[06:32:58 INF] Current database state - CanConnect: True {"SourceContext": "Infrastructure.Services.DatabaseTestService", "Application": "Crud.Api"}
[06:32:58 INF] [Phase 0] Closing database connection for worker 12439... {"SourceContext": "Infrastructure.Services.DatabaseTestService", "Application": "Crud.Api"}
[06:32:58 INF] [Phase 0] Connection closed in 0.0056ms {"SourceContext": "Infrastructure.Services.DatabaseTestService", "Application": "Crud.Api"}
[06:32:58 INF] [Phase 1] Starting EnsureDeletedAsync for worker 12439... {"SourceContext": "Infrastructure.Services.DatabaseTestService", "Application": "Crud.Api"}
[06:32:58 INF] [Phase 1] EnsureDeletedAsync completed in 1.4104ms {"SourceContext": "Infrastructure.Services.DatabaseTestService", "Application": "Crud.Api"}
[06:32:58 INF] [Phase 2] Starting EnsureCreatedAsync for worker 12439... {"SourceContext": "Infrastructure.Services.DatabaseTestService", "Application": "Crud.Api"}
[06:32:58 INF] [Phase 2] EnsureCreatedAsync completed in 8.5568ms {"SourceContext": "Infrastructure.Services.DatabaseTestService", "Application": "Crud.Api"}
[06:32:58 INF] [Phase 3] Skipping database seeding as requested for worker 12439 {"SourceContext": "Infrastructure.Services.DatabaseTestService", "Application": "Crud.Api"}
[06:32:58 INF] Database reset via file deletion completed for worker 12439 in 110.4655ms (Close: 0.0056ms, Delete: 1.4104ms, Create: 8.5568ms) {"SourceContext": "Infrastructure.Services.DatabaseTestService", "Application": "Crud.Api"}
[06:32:58 INF] Releasing database mutex for worker 12439 {"SourceContext": "Infrastructure.Services.DatabaseTestService", "Application": "Crud.Api"}
Resource associated with Metric:
    deployment.environment: Testing
    service.name: Crud.Api
    service.version: 1.0.0
    service.instance.id: 10e2e254-224c-48e1-a2d2-8bbb5483cf26
    telemetry.sdk.name: opentelemetry
    telemetry.sdk.language: dotnet
    telemetry.sdk.version: 1.8.1
Metric Name: http.server.active_requests, Number of active HTTP server requests., Unit: {request}, Meter: Microsoft.AspNetCore.Hosting
(2025-09-11T06:32:52.7751248Z, 2025-09-11T06:32:58.5477054Z] http.request.method: POST url.scheme: http LongSumNonMonotonic
Value: 0
Metric Name: http.server.request.duration, Duration of HTTP server requests., Unit: s, Meter: Microsoft.AspNetCore.Hosting
(2025-09-11T06:32:52.7767380Z, 2025-09-11T06:32:58.5478481Z] http.request.method: POST http.response.status_code: 200 http.route: api/Auth/forgot-password network.protocol.version: 1.1 url.scheme: http Histogram
Value: Sum: 0.9255822999999999 Count: 6 Min: 0.0071294 Max: 0.5000306 
(-Infinity,0.005]:0
(0.005,0.01]:1
(0.01,0.025]:0
(0.025,0.05]:0
(0.05,0.075]:0
(0.075,0.1]:0
(0.1,0.25]:4
(0.25,0.5]:0
(0.5,0.75]:1
(0.75,1]:0
(1,2.5]:0
(2.5,5]:0
(5,7.5]:0
(7.5,10]:0
(10,+Infinity]:0
(2025-09-11T06:32:52.7767380Z, 2025-09-11T06:32:58.5478481Z] http.request.method: POST http.response.status_code: 400 http.route: api/Auth/reset-password network.protocol.version: 1.1 url.scheme: http Histogram
Value: Sum: 0.0162565 Count: 3 Min: 0.0015455 Max: 0.0128272 
(-Infinity,0.005]:2
(0.005,0.01]:0
(0.01,0.025]:1
(0.025,0.05]:0
(0.05,0.075]:0
(0.075,0.1]:0
(0.1,0.25]:0
(0.25,0.5]:0
(0.5,0.75]:0
(0.75,1]:0
(1,2.5]:0
(2.5,5]:0
(5,7.5]:0
(7.5,10]:0
(10,+Infinity]:0
(2025-09-11T06:32:52.7767380Z, 2025-09-11T06:32:58.5478481Z] http.request.method: POST http.response.status_code: 400 http.route: api/Auth/forgot-password network.protocol.version: 1.1 url.scheme: http Histogram
Value: Sum: 0.0033468 Count: 1 Min: 0.0033468 Max: 0.0033468 
(-Infinity,0.005]:1
(0.005,0.01]:0
(0.01,0.025]:0
(0.025,0.05]:0
(0.05,0.075]:0
(0.075,0.1]:0
(0.1,0.25]:0
(0.25,0.5]:0
(0.5,0.75]:0
(0.75,1]:0
(1,2.5]:0
(2.5,5]:0
(5,7.5]:0
(7.5,10]:0
(10,+Infinity]:0
(2025-09-11T06:32:52.7767380Z, 2025-09-11T06:32:58.5478481Z] http.request.method: POST http.response.status_code: 200 http.route: api/Auth/reset-password network.protocol.version: 1.1 url.scheme: http Histogram
Value: Sum: 2.1275941 Count: 2 Min: 1.0457422 Max: 1.0818519 
(-Infinity,0.005]:0
(0.005,0.01]:0
(0.01,0.025]:0
(0.025,0.05]:0
(0.05,0.075]:0
(0.075,0.1]:0
(0.1,0.25]:0
(0.25,0.5]:0
(0.5,0.75]:0
(0.75,1]:0
(1,2.5]:2
(2.5,5]:0
(5,7.5]:0
(7.5,10]:0
(10,+Infinity]:0
(2025-09-11T06:32:52.7767380Z, 2025-09-11T06:32:58.5478481Z] http.request.method: POST http.response.status_code: 200 http.route: api/Auth/validate-reset-token network.protocol.version: 1.1 url.scheme: http Histogram
Value: Sum: 0.027212999999999998 Count: 4 Min: 0.0018509 Max: 0.0184945 
(-Infinity,0.005]:3
(0.005,0.01]:0
(0.01,0.025]:1
(0.025,0.05]:0
(0.05,0.075]:0
(0.075,0.1]:0
(0.1,0.25]:0
(0.25,0.5]:0
(0.5,0.75]:0
(0.75,1]:0
(1,2.5]:0
(2.5,5]:0
(5,7.5]:0
(7.5,10]:0
(10,+Infinity]:0
Metric Name: aspnetcore.rate_limiting.active_request_leases, Number of HTTP requests that are currently active on the server that hold a rate limiting lease., Unit: {request}, Meter: Microsoft.AspNetCore.RateLimiting
(2025-09-11T06:32:52.8178808Z, 2025-09-11T06:32:58.5478492Z] LongSumNonMonotonic
Value: 0
(2025-09-11T06:32:52.8178808Z, 2025-09-11T06:32:58.5478492Z] aspnetcore.rate_limiting.policy: PasswordReset LongSumNonMonotonic
Value: 0
Metric Name: aspnetcore.rate_limiting.request_lease.duration, The duration of rate limiting leases held by HTTP requests on the server., Unit: s, Meter: Microsoft.AspNetCore.RateLimiting
(2025-09-11T06:32:52.8179280Z, 2025-09-11T06:32:58.5478506Z] Histogram
Value: Sum: 0.025283100000000006 Count: 4 Min: 0.0015911 Max: 0.0175012 
(-Infinity,0.005]:3
(0.005,0.01]:0
(0.01,0.025]:1
(0.025,0.05]:0
(0.05,0.075]:0
(0.075,0.1]:0
(0.1,0.25]:0
(0.25,0.5]:0
(0.5,0.75]:0
(0.75,1]:0
(1,2.5]:0
(2.5,5]:0
(5,7.5]:0
(7.5,10]:0
(10,+Infinity]:0
(2025-09-11T06:32:52.8179280Z, 2025-09-11T06:32:58.5478506Z] aspnetcore.rate_limiting.policy: PasswordReset Histogram
Value: Sum: 3.0078976000000006 Count: 12 Min: 0.0013458 Max: 1.0815093 
(-Infinity,0.005]:3
(0.005,0.01]:1
(0.01,0.025]:1
(0.025,0.05]:0
(0.05,0.075]:0
(0.075,0.1]:0
(0.1,0.25]:4
(0.25,0.5]:1
(0.5,0.75]:0
(0.75,1]:0
(1,2.5]:2
(2.5,5]:0
(5,7.5]:0
(7.5,10]:0
(10,+Infinity]:0
Metric Name: aspnetcore.rate_limiting.requests, Number of requests that tried to acquire a rate limiting lease. Requests could be rejected by global or endpoint rate limiting policies. Or the request could be canceled while waiting for the lease., Unit: {request}, Meter: Microsoft.AspNetCore.RateLimiting
(2025-09-11T06:32:52.8183566Z, 2025-09-11T06:32:58.5478524Z] aspnetcore.rate_limiting.policy: PasswordReset aspnetcore.rate_limiting.result: acquired LongSum
Value: 12
(2025-09-11T06:32:52.8183566Z, 2025-09-11T06:32:58.5478524Z] aspnetcore.rate_limiting.result: acquired LongSum
Value: 4
Metric Name: aspnetcore.routing.match_attempts, Number of requests that were attempted to be matched to an endpoint., Unit: {match_attempt}, Meter: Microsoft.AspNetCore.Routing
(2025-09-11T06:32:52.8292900Z, 2025-09-11T06:32:58.5478530Z] aspnetcore.routing.is_fallback: false aspnetcore.routing.match_status: success http.route: api/Auth/forgot-password LongSum
Value: 7
(2025-09-11T06:32:52.8292900Z, 2025-09-11T06:32:58.5478530Z] aspnetcore.routing.is_fallback: false aspnetcore.routing.match_status: success http.route: api/Auth/reset-password LongSum
Value: 5
(2025-09-11T06:32:52.8292900Z, 2025-09-11T06:32:58.5478530Z] aspnetcore.routing.is_fallback: false aspnetcore.routing.match_status: success http.route: api/Auth/validate-reset-token LongSum
Value: 4
[06:32:58 INF] Starting Crud API application {"Application": "Crud.Api"}
[06:32:58 INF] Using SQLite provider with connection: Data Source=TestDatabase.db {"Application": "Crud.Api"}
[06:32:58 WRN] The property 'User.Roles' is a collection or enumeration type with a value converter but with no value comparer. Set a value comparer to ensure the collection/enumeration elements are compared correctly. {"EventId": {"Id": 10620, "Name": "Microsoft.EntityFrameworkCore.Model.Validation.CollectionWithoutComparer"}, "SourceContext": "Microsoft.EntityFrameworkCore.Model.Validation", "Application": "Crud.Api"}
[06:32:58 WRN] The property 'User.Roles' is a collection or enumeration type with a value converter but with no value comparer. Set a value comparer to ensure the collection/enumeration elements are compared correctly. {"EventId": {"Id": 10620, "Name": "Microsoft.EntityFrameworkCore.Model.Validation.CollectionWithoutComparer"}, "SourceContext": "Microsoft.EntityFrameworkCore.Model.Validation", "Application": "Crud.Api"}
[06:32:58 INF] Database ensured successfully {"Application": "Crud.Api"}
[06:32:58 INF] Application configured successfully. Starting web host... {"Application": "Crud.Api"}
[06:32:58 WRN] Failed to determine the https port for redirect. {"EventId": {"Id": 3, "Name": "FailedToDeterminePort"}, "SourceContext": "Microsoft.AspNetCore.HttpsPolicy.HttpsRedirectionMiddleware", "RequestId": "0HNFGVK4NGCGH", "RequestPath": "/index.html", "Application": "Crud.Api"}
Activity.TraceId:            72cfd3565366b37220b0fea057e1390c
Activity.SpanId:             0a7917820181f153
Activity.TraceFlags:         Recorded
Activity.ActivitySourceName: Microsoft.AspNetCore
Activity.DisplayName:        GET
Activity.Kind:               Server
Activity.StartTime:          2025-09-11T06:32:58.7015228Z
Activity.Duration:           00:00:00.0129988
Activity.Tags:
    server.address: localhost
    http.request.method: GET
    url.scheme: http
    url.path: /index.html
    network.protocol.version: 1.1
    http.response.status_code: 200
Resource associated with Activity:
    deployment.environment: Testing
    service.name: Crud.Api
    service.version: 1.0.0
    service.instance.id: 10e2e254-224c-48e1-a2d2-8bbb5483cf26
    telemetry.sdk.name: opentelemetry
    telemetry.sdk.language: dotnet
    telemetry.sdk.version: 1.8.1
Activity.TraceId:            d5e9a36107e38b8139a717c6668e8ba1
Activity.SpanId:             b3a418c9e503c702
Activity.TraceFlags:         Recorded
Activity.ActivitySourceName: Microsoft.AspNetCore
Activity.DisplayName:        GET
Activity.Kind:               Server
Activity.StartTime:          2025-09-11T06:32:58.7219180Z
Activity.Duration:           00:00:00.0059665
Activity.Tags:
    server.address: localhost
    http.request.method: GET
    url.scheme: http
    url.path: /js/test.js
    network.protocol.version: 1.1
    http.response.status_code: 200
Resource associated with Activity:
    deployment.environment: Testing
    service.name: Crud.Api
    service.version: 1.0.0
    service.instance.id: 10e2e254-224c-48e1-a2d2-8bbb5483cf26
    telemetry.sdk.name: opentelemetry
    telemetry.sdk.language: dotnet
    telemetry.sdk.version: 1.8.1
Activity.TraceId:            6124380f96a52216e290479166429989
Activity.SpanId:             663724f833a947e0
Activity.TraceFlags:         Recorded
Activity.ActivitySourceName: Microsoft.AspNetCore
Activity.DisplayName:        GET
Activity.Kind:               Server
Activity.StartTime:          2025-09-11T06:32:58.7301551Z
Activity.Duration:           00:00:00.0009756
Activity.Tags:
    server.address: localhost
    http.request.method: GET
    url.scheme: http
    url.path: /css/test.css
    network.protocol.version: 1.1
    http.response.status_code: 200
Resource associated with Activity:
    deployment.environment: Testing
    service.name: Crud.Api
    service.version: 1.0.0
    service.instance.id: 10e2e254-224c-48e1-a2d2-8bbb5483cf26
    telemetry.sdk.name: opentelemetry
    telemetry.sdk.language: dotnet
    telemetry.sdk.version: 1.8.1
Activity.TraceId:            df1a481a1589165d392872b92e2f1375
Activity.SpanId:             bc9e647e8ba69d46
Activity.TraceFlags:         Recorded
Activity.ActivitySourceName: Microsoft.AspNetCore
Activity.DisplayName:        GET
Activity.Kind:               Server
Activity.StartTime:          2025-09-11T06:32:58.7330490Z
Activity.Duration:           00:00:00.0008227
Activity.Tags:
    server.address: localhost
    http.request.method: GET
    url.scheme: http
    url.path: /css/test.css
    network.protocol.version: 1.1
    http.response.status_code: 200
Resource associated with Activity:
    deployment.environment: Testing
    service.name: Crud.Api
    service.version: 1.0.0
    service.instance.id: 10e2e254-224c-48e1-a2d2-8bbb5483cf26
    telemetry.sdk.name: opentelemetry
    telemetry.sdk.language: dotnet
    telemetry.sdk.version: 1.8.1
Activity.TraceId:            ecc7d2d357f77bc67fb63902a705ce21
Activity.SpanId:             7bf2c3516ed2e2f0
Activity.TraceFlags:         Recorded
Activity.ActivitySourceName: Microsoft.AspNetCore
Activity.DisplayName:        GET
Activity.Kind:               Server
Activity.StartTime:          2025-09-11T06:32:58.7361877Z
Activity.Duration:           00:00:00.0004993
Activity.Tags:
    server.address: localhost
    http.request.method: GET
    url.scheme: http
    url.path: /css/test.css
    network.protocol.version: 1.1
    http.response.status_code: 200
Resource associated with Activity:
    deployment.environment: Testing
    service.name: Crud.Api
    service.version: 1.0.0
    service.instance.id: 10e2e254-224c-48e1-a2d2-8bbb5483cf26
    telemetry.sdk.name: opentelemetry
    telemetry.sdk.language: dotnet
    telemetry.sdk.version: 1.8.1
Activity.TraceId:            75a00c2033bd0fd434b24798f55ef144
Activity.SpanId:             ed833efe8bc3a831
Activity.TraceFlags:         Recorded
Activity.ActivitySourceName: Microsoft.AspNetCore
Activity.DisplayName:        GET
Activity.Kind:               Server
Activity.StartTime:          2025-09-11T06:32:58.7378008Z
Activity.Duration:           00:00:00.0002514
Activity.Tags:
    server.address: localhost
    http.request.method: GET
    url.scheme: http
    url.path: /js/test.js
    network.protocol.version: 1.1
    http.response.status_code: 200
Resource associated with Activity:
    deployment.environment: Testing
    service.name: Crud.Api
    service.version: 1.0.0
    service.instance.id: 10e2e254-224c-48e1-a2d2-8bbb5483cf26
    telemetry.sdk.name: opentelemetry
    telemetry.sdk.language: dotnet
    telemetry.sdk.version: 1.8.1
Activity.TraceId:            8b786e53b81d605133ac20f550600587
Activity.SpanId:             25d70d0cb8681a2b
Activity.TraceFlags:         Recorded
Activity.ActivitySourceName: Microsoft.AspNetCore
Activity.DisplayName:        GET
Activity.Kind:               Server
Activity.StartTime:          2025-09-11T06:32:58.7382282Z
Activity.Duration:           00:00:00.0005631
Activity.Tags:
    server.address: localhost
    http.request.method: GET
    url.scheme: http
    url.path: /index.html
    network.protocol.version: 1.1
    http.response.status_code: 200
Resource associated with Activity:
    deployment.environment: Testing
    service.name: Crud.Api
    service.version: 1.0.0
    service.instance.id: 10e2e254-224c-48e1-a2d2-8bbb5483cf26
    telemetry.sdk.name: opentelemetry
    telemetry.sdk.language: dotnet
    telemetry.sdk.version: 1.8.1
Activity.TraceId:            8132500a18e42a5681eb1ab93780e166
Activity.SpanId:             abdd3c8b8b5c2e15
Activity.TraceFlags:         Recorded
Activity.ActivitySourceName: Microsoft.AspNetCore
Activity.DisplayName:        GET
Activity.Kind:               Server
Activity.StartTime:          2025-09-11T06:32:58.7412393Z
Activity.Duration:           00:00:00.0003986
Activity.Tags:
    server.address: localhost
    http.request.method: GET
    url.scheme: http
    url.path: /css/test.css
    network.protocol.version: 1.1
    http.response.status_code: 200
Resource associated with Activity:
    deployment.environment: Testing
    service.name: Crud.Api
    service.version: 1.0.0
    service.instance.id: 10e2e254-224c-48e1-a2d2-8bbb5483cf26
    telemetry.sdk.name: opentelemetry
    telemetry.sdk.language: dotnet
    telemetry.sdk.version: 1.8.1
Activity.TraceId:            0577af7ab72c864ea34992e21bcb3d59
Activity.SpanId:             d6a64efdc8b900fc
Activity.TraceFlags:         Recorded
Activity.ActivitySourceName: Microsoft.AspNetCore
Activity.DisplayName:        GET
Activity.Kind:               Server
Activity.StartTime:          2025-09-11T06:32:58.7433778Z
Activity.Duration:           00:00:00.0001839
Activity.Tags:
    server.address: localhost
    http.request.method: GET
    url.scheme: http
    url.path: /js/test.js
    network.protocol.version: 1.1
    http.response.status_code: 200
Resource associated with Activity:
    deployment.environment: Testing
    service.name: Crud.Api
    service.version: 1.0.0
    service.instance.id: 10e2e254-224c-48e1-a2d2-8bbb5483cf26
    telemetry.sdk.name: opentelemetry
    telemetry.sdk.language: dotnet
    telemetry.sdk.version: 1.8.1
Activity.TraceId:            0e754b86e89fe2cde35fb533eca059e1
Activity.SpanId:             e4ca708b49b6fceb
Activity.TraceFlags:         Recorded
Activity.ActivitySourceName: Microsoft.AspNetCore
Activity.DisplayName:        GET
Activity.Kind:               Server
Activity.StartTime:          2025-09-11T06:32:58.7437072Z
Activity.Duration:           00:00:00.0001871
Activity.Tags:
    server.address: localhost
    http.request.method: GET
    url.scheme: http
    url.path: /index.html
    network.protocol.version: 1.1
    http.response.status_code: 200
Resource associated with Activity:
    deployment.environment: Testing
    service.name: Crud.Api
    service.version: 1.0.0
    service.instance.id: 10e2e254-224c-48e1-a2d2-8bbb5483cf26
    telemetry.sdk.name: opentelemetry
    telemetry.sdk.language: dotnet
    telemetry.sdk.version: 1.8.1
Activity.TraceId:            48ab434904886457157f75d2cea45bdd
Activity.SpanId:             8e5ec031dd48e0d9
Activity.TraceFlags:         Recorded
Activity.ActivitySourceName: Microsoft.AspNetCore
Activity.DisplayName:        GET
Activity.Kind:               Server
Activity.StartTime:          2025-09-11T06:32:58.7473585Z
Activity.Duration:           00:00:00.0005099
Activity.Tags:
    server.address: localhost
    http.request.method: GET
    url.scheme: http
    url.path: /js/test.js
    network.protocol.version: 1.1
    http.response.status_code: 200
Resource associated with Activity:
    deployment.environment: Testing
    service.name: Crud.Api
    service.version: 1.0.0
    service.instance.id: 10e2e254-224c-48e1-a2d2-8bbb5483cf26
    telemetry.sdk.name: opentelemetry
    telemetry.sdk.language: dotnet
    telemetry.sdk.version: 1.8.1
Activity.TraceId:            d9662b7e4df591872437d1afa013ab83
Activity.SpanId:             feee34c59d0ba2c8
Activity.TraceFlags:         Recorded
Activity.ActivitySourceName: Microsoft.AspNetCore
Activity.DisplayName:        GET
Activity.Kind:               Server
Activity.StartTime:          2025-09-11T06:32:58.7502048Z
Activity.Duration:           00:00:00.0003243
Activity.Tags:
    server.address: localhost
    http.request.method: GET
    url.scheme: http
    url.path: /css/test.css
    network.protocol.version: 1.1
    http.response.status_code: 200
Resource associated with Activity:
    deployment.environment: Testing
    service.name: Crud.Api
    service.version: 1.0.0
    service.instance.id: 10e2e254-224c-48e1-a2d2-8bbb5483cf26
    telemetry.sdk.name: opentelemetry
    telemetry.sdk.language: dotnet
    telemetry.sdk.version: 1.8.1
Activity.TraceId:            4b4c9494201ead794ff36c4b7cbcafbe
Activity.SpanId:             48fe6facb19c168a
Activity.TraceFlags:         Recorded
Activity.ActivitySourceName: Microsoft.AspNetCore
Activity.DisplayName:        GET
Activity.Kind:               Server
Activity.StartTime:          2025-09-11T06:32:58.7515763Z
Activity.Duration:           00:00:00.0003082
Activity.Tags:
    server.address: localhost
    http.request.method: GET
    url.scheme: http
    url.path: /css/test.css
    network.protocol.version: 1.1
    http.response.status_code: 200
Resource associated with Activity:
    deployment.environment: Testing
    service.name: Crud.Api
    service.version: 1.0.0
    service.instance.id: 10e2e254-224c-48e1-a2d2-8bbb5483cf26
    telemetry.sdk.name: opentelemetry
    telemetry.sdk.language: dotnet
    telemetry.sdk.version: 1.8.1
Activity.TraceId:            2aeb9908be04731896a2cc5eaab06fc5
Activity.SpanId:             7fd06e94b8abf5d4
Activity.TraceFlags:         Recorded
Activity.ActivitySourceName: Microsoft.AspNetCore
Activity.DisplayName:        GET
Activity.Kind:               Server
Activity.StartTime:          2025-09-11T06:32:58.7536953Z
Activity.Duration:           00:00:00.0004223
Activity.Tags:
    server.address: localhost
    http.request.method: GET
    url.scheme: http
    url.path: /css/test.css
    network.protocol.version: 1.1
    http.response.status_code: 200
Resource associated with Activity:
    deployment.environment: Testing
    service.name: Crud.Api
    service.version: 1.0.0
    service.instance.id: 10e2e254-224c-48e1-a2d2-8bbb5483cf26
    telemetry.sdk.name: opentelemetry
    telemetry.sdk.language: dotnet
    telemetry.sdk.version: 1.8.1
Activity.TraceId:            8fbde90149343cb3f9e996caab405f3e
Activity.SpanId:             a39f0b989a02b53f
Activity.TraceFlags:         Recorded
Activity.ActivitySourceName: Microsoft.AspNetCore
Activity.DisplayName:        GET
Activity.Kind:               Server
Activity.StartTime:          2025-09-11T06:32:58.7637587Z
Activity.Duration:           00:00:00.0004224
Activity.Tags:
    server.address: localhost
    http.request.method: GET
    url.scheme: http
    url.path: /js/test.js
    network.protocol.version: 1.1
    http.response.status_code: 200
Resource associated with Activity:
    deployment.environment: Testing
    service.name: Crud.Api
    service.version: 1.0.0
    service.instance.id: 10e2e254-224c-48e1-a2d2-8bbb5483cf26
    telemetry.sdk.name: opentelemetry
    telemetry.sdk.language: dotnet
    telemetry.sdk.version: 1.8.1
Activity.TraceId:            d204e2a66919d247c54efcae0415db44
Activity.SpanId:             906cbbf4ce17a9a2
Activity.TraceFlags:         Recorded
Activity.ActivitySourceName: Microsoft.AspNetCore
Activity.DisplayName:        GET
Activity.Kind:               Server
Activity.StartTime:          2025-09-11T06:32:58.7646777Z
Activity.Duration:           00:00:00.0004798
Activity.Tags:
    server.address: localhost
    http.request.method: GET
    url.scheme: http
    url.path: /index.html
    network.protocol.version: 1.1
    http.response.status_code: 200
Resource associated with Activity:
    deployment.environment: Testing
    service.name: Crud.Api
    service.version: 1.0.0
    service.instance.id: 10e2e254-224c-48e1-a2d2-8bbb5483cf26
    telemetry.sdk.name: opentelemetry
    telemetry.sdk.language: dotnet
    telemetry.sdk.version: 1.8.1
Resource associated with Metric:
    deployment.environment: Testing
    service.name: Crud.Api
    service.version: 1.0.0
    service.instance.id: 10e2e254-224c-48e1-a2d2-8bbb5483cf26
    telemetry.sdk.name: opentelemetry
    telemetry.sdk.language: dotnet
    telemetry.sdk.version: 1.8.1
Metric Name: http.server.active_requests, Number of active HTTP server requests., Unit: {request}, Meter: Microsoft.AspNetCore.Hosting
(2025-09-11T06:32:58.6855468Z, 2025-09-11T06:32:58.7665523Z] http.request.method: GET url.scheme: http LongSumNonMonotonic
Value: 0
Metric Name: http.server.request.duration, Duration of HTTP server requests., Unit: s, Meter: Microsoft.AspNetCore.Hosting
(2025-09-11T06:32:58.6855778Z, 2025-09-11T06:32:58.7665539Z] http.request.method: GET http.response.status_code: 200 network.protocol.version: 1.1 url.scheme: http Histogram
Value: Sum: 0.0253523 Count: 16 Min: 0.0001868 Max: 0.0130036 
(-Infinity,0.005]:14
(0.005,0.01]:1
(0.01,0.025]:1
(0.025,0.05]:0
(0.05,0.075]:0
(0.075,0.1]:0
(0.1,0.25]:0
(0.25,0.5]:0
(0.5,0.75]:0
(0.75,1]:0
(1,2.5]:0
(2.5,5]:0
(5,7.5]:0
(7.5,10]:0
(10,+Infinity]:0
Metric Name: aspnetcore.routing.match_attempts, Number of requests that were attempted to be matched to an endpoint., Unit: {match_attempt}, Meter: Microsoft.AspNetCore.Routing
(2025-09-11T06:32:58.6990488Z, 2025-09-11T06:32:58.7665557Z] aspnetcore.routing.match_status: failure LongSum
Value: 16
[06:32:58 INF] Starting Crud API application {"Application": "Crud.Api"}
[06:32:58 INF] Using SQLite provider with connection: Data Source=TestDatabase.db {"Application": "Crud.Api"}
[06:32:58 INF] Database ensured successfully {"Application": "Crud.Api"}
[06:32:58 INF] Application configured successfully. Starting web host... {"Application": "Crud.Api"}
[06:32:58 WRN] Failed to determine the https port for redirect. {"EventId": {"Id": 3, "Name": "FailedToDeterminePort"}, "SourceContext": "Microsoft.AspNetCore.HttpsPolicy.HttpsRedirectionMiddleware", "RequestId": "0HNFGVK4NGCH1", "RequestPath": "/api/auth/register", "Application": "Crud.Api"}
[06:32:59 INF] User registered successfully: 29bfadad-74b9-4a40-9a8c-d00f0b13ed8c {"SourceContext": "App.Features.Authentication.RegisterUserCommandHandler", "ActionId": "761dfeb8-d3ee-4b29-a300-77770ea22203", "ActionName": "Api.Controllers.AuthController.Register (Api)", "RequestId": "0HNFGVK4NGCH1", "RequestPath": "/api/auth/register", "Application": "Crud.Api"}
Activity.TraceId:            6dd96bb494eea7209f477ed3dbf7e3eb
Activity.SpanId:             06de19aed397b928
Activity.TraceFlags:         Recorded
Activity.ActivitySourceName: Microsoft.AspNetCore
Activity.DisplayName:        POST api/Auth/register
Activity.Kind:               Server
Activity.StartTime:          2025-09-11T06:32:58.8091323Z
Activity.Duration:           00:00:00.8704484
Activity.Tags:
    server.address: localhost
    http.request.method: POST
    url.scheme: http
    url.path: /api/auth/register
    network.protocol.version: 1.1
    http.route: api/Auth/register
    http.response.status_code: 200
Resource associated with Activity:
    deployment.environment: Testing
    service.name: Crud.Api
    service.version: 1.0.0
    service.instance.id: 10e2e254-224c-48e1-a2d2-8bbb5483cf26
    telemetry.sdk.name: opentelemetry
    telemetry.sdk.language: dotnet
    telemetry.sdk.version: 1.8.1
Activity.TraceId:            c96c6bf6368cda35048cda68d3b96a54
Activity.SpanId:             44211faaf60428f7
Activity.TraceFlags:         Recorded
Activity.ActivitySourceName: Microsoft.AspNetCore
Activity.DisplayName:        GET api/Auth/me
Activity.Kind:               Server
Activity.StartTime:          2025-09-11T06:32:59.6861526Z
Activity.Duration:           00:00:00.0371187
Activity.Tags:
    server.address: localhost
    http.request.method: GET
    url.scheme: http
    url.path: /api/auth/me
    network.protocol.version: 1.1
    http.route: api/Auth/me
    http.response.status_code: 200
Resource associated with Activity:
    deployment.environment: Testing
    service.name: Crud.Api
    service.version: 1.0.0
    service.instance.id: 10e2e254-224c-48e1-a2d2-8bbb5483cf26
    telemetry.sdk.name: opentelemetry
    telemetry.sdk.language: dotnet
    telemetry.sdk.version: 1.8.1
[06:33:00 INF] User registered successfully: 53c11399-0e3d-4a21-b4bf-24a750114b1f {"SourceContext": "App.Features.Authentication.RegisterUserCommandHandler", "ActionId": "761dfeb8-d3ee-4b29-a300-77770ea22203", "ActionName": "Api.Controllers.AuthController.Register (Api)", "RequestId": "0HNFGVK4NGCH3", "RequestPath": "/api/auth/register", "Application": "Crud.Api"}
Activity.TraceId:            50f9a8249b4302da369bdb731fe13171
Activity.SpanId:             55331a7127144f3f
Activity.TraceFlags:         Recorded
Activity.ActivitySourceName: Microsoft.AspNetCore
Activity.DisplayName:        POST api/Auth/register
Activity.Kind:               Server
Activity.StartTime:          2025-09-11T06:32:59.7262118Z
Activity.Duration:           00:00:00.3039571
Activity.Tags:
    server.address: localhost
    http.request.method: POST
    url.scheme: http
    url.path: /api/auth/register
    network.protocol.version: 1.1
    http.route: api/Auth/register
    http.response.status_code: 200
Resource associated with Activity:
    deployment.environment: Testing
    service.name: Crud.Api
    service.version: 1.0.0
    service.instance.id: 10e2e254-224c-48e1-a2d2-8bbb5483cf26
    telemetry.sdk.name: opentelemetry
    telemetry.sdk.language: dotnet
    telemetry.sdk.version: 1.8.1
Activity.TraceId:            c9b8ae17c3e604098cac45f9f3e8c275
Activity.SpanId:             99f6a07fa80fd24f
Activity.TraceFlags:         Recorded
Activity.ActivitySourceName: Microsoft.AspNetCore
Activity.DisplayName:        GET api/Auth/me
Activity.Kind:               Server
Activity.StartTime:          2025-09-11T06:33:00.0324006Z
Activity.Duration:           00:00:00.0020895
Activity.Tags:
    server.address: localhost
    http.request.method: GET
    url.scheme: http
    url.path: /api/auth/me
    network.protocol.version: 1.1
    http.route: api/Auth/me
    http.response.status_code: 200
Resource associated with Activity:
    deployment.environment: Testing
    service.name: Crud.Api
    service.version: 1.0.0
    service.instance.id: 10e2e254-224c-48e1-a2d2-8bbb5483cf26
    telemetry.sdk.name: opentelemetry
    telemetry.sdk.language: dotnet
    telemetry.sdk.version: 1.8.1
[06:33:00 INF] User logged in successfully: 53c11399-0e3d-4a21-b4bf-24a750114b1f {"SourceContext": "App.Features.Authentication.LoginCommandHandler", "ActionId": "bb3256bb-553a-41b9-8c02-3b6408256eaa", "ActionName": "Api.Controllers.AuthController.Login (Api)", "RequestId": "0HNFGVK4NGCH5", "RequestPath": "/api/auth/login", "Application": "Crud.Api"}
Activity.TraceId:            1d831e7806e390cb70bf21c93491a84f
Activity.SpanId:             19f0726feba3c241
Activity.TraceFlags:         Recorded
Activity.ActivitySourceName: Microsoft.AspNetCore
Activity.DisplayName:        POST api/Auth/login
Activity.Kind:               Server
Activity.StartTime:          2025-09-11T06:33:00.0356750Z
Activity.Duration:           00:00:00.3255891
Activity.Tags:
    server.address: localhost
    http.request.method: POST
    url.scheme: http
    url.path: /api/auth/login
    network.protocol.version: 1.1
    http.route: api/Auth/login
    http.response.status_code: 200
Resource associated with Activity:
    deployment.environment: Testing
    service.name: Crud.Api
    service.version: 1.0.0
    service.instance.id: 10e2e254-224c-48e1-a2d2-8bbb5483cf26
    telemetry.sdk.name: opentelemetry
    telemetry.sdk.language: dotnet
    telemetry.sdk.version: 1.8.1
[06:33:00 INF] Refresh token rotated successfully for user: 53c11399-0e3d-4a21-b4bf-24a750114b1f {"SourceContext": "App.Features.Authentication.RefreshTokenCommandHandler", "ActionId": "dcb5264d-d752-4316-a143-dcfe3ed7f440", "ActionName": "Api.Controllers.AuthController.Refresh (Api)", "RequestId": "0HNFGVK4NGCH6", "RequestPath": "/api/auth/refresh", "Application": "Crud.Api"}
Activity.TraceId:            5948a52715e7b50da2bb784d37bb2602
Activity.SpanId:             a6cac1b9c43c3947
Activity.TraceFlags:         Recorded
Activity.ActivitySourceName: Microsoft.AspNetCore
Activity.DisplayName:        POST api/Auth/refresh
Activity.Kind:               Server
Activity.StartTime:          2025-09-11T06:33:00.3622864Z
Activity.Duration:           00:00:00.0387849
Activity.Tags:
    server.address: localhost
    http.request.method: POST
    url.scheme: http
    url.path: /api/auth/refresh
    network.protocol.version: 1.1
    http.route: api/Auth/refresh
    http.response.status_code: 200
Resource associated with Activity:
    deployment.environment: Testing
    service.name: Crud.Api
    service.version: 1.0.0
    service.instance.id: 10e2e254-224c-48e1-a2d2-8bbb5483cf26
    telemetry.sdk.name: opentelemetry
    telemetry.sdk.language: dotnet
    telemetry.sdk.version: 1.8.1
[06:33:00 INF] User logged out successfully: 53c11399-0e3d-4a21-b4bf-24a750114b1f {"SourceContext": "App.Features.Authentication.LogoutCommandHandler", "ActionId": "fbc7d244-95f5-4025-8cea-7e8e6fbe39c5", "ActionName": "Api.Controllers.AuthController.Logout (Api)", "RequestId": "0HNFGVK4NGCH7", "RequestPath": "/api/auth/logout", "Application": "Crud.Api"}
Activity.TraceId:            28c1e283545188f91b15191f33e92a11
Activity.SpanId:             e6870ccaa2f876b5
Activity.TraceFlags:         Recorded
Activity.ActivitySourceName: Microsoft.AspNetCore
Activity.DisplayName:        POST api/Auth/logout
Activity.Kind:               Server
Activity.StartTime:          2025-09-11T06:33:00.4017258Z
Activity.Duration:           00:00:00.0348097
Activity.Tags:
    server.address: localhost
    http.request.method: POST
    url.scheme: http
    url.path: /api/auth/logout
    network.protocol.version: 1.1
    http.route: api/Auth/logout
    http.response.status_code: 200
Resource associated with Activity:
    deployment.environment: Testing
    service.name: Crud.Api
    service.version: 1.0.0
    service.instance.id: 10e2e254-224c-48e1-a2d2-8bbb5483cf26
    telemetry.sdk.name: opentelemetry
    telemetry.sdk.language: dotnet
    telemetry.sdk.version: 1.8.1
[06:33:00 WRN] Refresh token attempt with invalid token {"SourceContext": "App.Features.Authentication.RefreshTokenCommandHandler", "ActionId": "dcb5264d-d752-4316-a143-dcfe3ed7f440", "ActionName": "Api.Controllers.AuthController.Refresh (Api)", "RequestId": "0HNFGVK4NGCH8", "RequestPath": "/api/auth/refresh", "Application": "Crud.Api"}
Activity.TraceId:            2c7dbfcd4271496eca89b33a7e24e453
Activity.SpanId:             158ee692d183c6cf
Activity.TraceFlags:         Recorded
Activity.ActivitySourceName: Microsoft.AspNetCore
Activity.DisplayName:        POST api/Auth/refresh
Activity.Kind:               Server
Activity.StartTime:          2025-09-11T06:33:00.4373694Z
Activity.Duration:           00:00:00.0039104
Activity.Tags:
    server.address: localhost
    http.request.method: POST
    url.scheme: http
    url.path: /api/auth/refresh
    network.protocol.version: 1.1
    http.route: api/Auth/refresh
    http.response.status_code: 401
Resource associated with Activity:
    deployment.environment: Testing
    service.name: Crud.Api
    service.version: 1.0.0
    service.instance.id: 10e2e254-224c-48e1-a2d2-8bbb5483cf26
    telemetry.sdk.name: opentelemetry
    telemetry.sdk.language: dotnet
    telemetry.sdk.version: 1.8.1
[06:33:00 INF] User registered successfully: 721df25c-ee20-4b98-a0d0-70fffec8cde5 {"SourceContext": "App.Features.Authentication.RegisterUserCommandHandler", "ActionId": "761dfeb8-d3ee-4b29-a300-77770ea22203", "ActionName": "Api.Controllers.AuthController.Register (Api)", "RequestId": "0HNFGVK4NGCH9", "RequestPath": "/api/auth/register", "Application": "Crud.Api"}
Activity.TraceId:            1420a51fb601615391874627de3d5ec4
Activity.SpanId:             e6fd8d6dc0cbea55
Activity.TraceFlags:         Recorded
Activity.ActivitySourceName: Microsoft.AspNetCore
Activity.DisplayName:        POST api/Auth/register
Activity.Kind:               Server
Activity.StartTime:          2025-09-11T06:33:00.4437538Z
Activity.Duration:           00:00:00.3038001
Activity.Tags:
    server.address: localhost
    http.request.method: POST
    url.scheme: http
    url.path: /api/auth/register
    network.protocol.version: 1.1
    http.route: api/Auth/register
    http.response.status_code: 200
Resource associated with Activity:
    deployment.environment: Testing
    service.name: Crud.Api
    service.version: 1.0.0
    service.instance.id: 10e2e254-224c-48e1-a2d2-8bbb5483cf26
    telemetry.sdk.name: opentelemetry
    telemetry.sdk.language: dotnet
    telemetry.sdk.version: 1.8.1
[06:33:00 WRN] Registration attempt with existing email: duplicate.9495038a-229d-40f2-9aa1-5ce4dd7208b2@example.com {"SourceContext": "App.Features.Authentication.RegisterUserCommandHandler", "ActionId": "761dfeb8-d3ee-4b29-a300-77770ea22203", "ActionName": "Api.Controllers.AuthController.Register (Api)", "RequestId": "0HNFGVK4NGCHA", "RequestPath": "/api/auth/register", "Application": "Crud.Api"}
Activity.TraceId:            3eee59462122bae11032e3c0543e98f3
Activity.SpanId:             20e3b8f14be76a37
Activity.TraceFlags:         Recorded
Activity.ActivitySourceName: Microsoft.AspNetCore
Activity.DisplayName:        POST api/Auth/register
Activity.Kind:               Server
Activity.StartTime:          2025-09-11T06:33:00.7489263Z
Activity.Duration:           00:00:00.0026961
Activity.Tags:
    server.address: localhost
    http.request.method: POST
    url.scheme: http
    url.path: /api/auth/register
    network.protocol.version: 1.1
    http.route: api/Auth/register
    http.response.status_code: 400
Resource associated with Activity:
    deployment.environment: Testing
    service.name: Crud.Api
    service.version: 1.0.0
    service.instance.id: 10e2e254-224c-48e1-a2d2-8bbb5483cf26
    telemetry.sdk.name: opentelemetry
    telemetry.sdk.language: dotnet
    telemetry.sdk.version: 1.8.1
[06:33:00 ERR] An unhandled exception occurred during request POST /api/auth/register. Request ID: 0HNFGVK4NGCHB, User: Anonymous {"SourceContext": "Api.Middleware.GlobalExceptionHandlingMiddleware", "RequestPath": "/api/auth/register", "Application": "Crud.Api"}
FluentValidation.ValidationException: Validation failed: 
 -- Email: Invalid email format Severity: Error
   at App.Behaviors.ValidationBehavior`2.Handle(TRequest request, RequestHandlerDelegate`1 next, CancellationToken cancellationToken) in /home/runner/work/Crud/Crud/src/App/Behaviors/ValidationBehavior.cs:line 39
   at Api.Controllers.AuthController.Register(RegisterUserCommand command, CancellationToken cancellationToken) in /home/runner/work/Crud/Crud/src/Api/Controllers/AuthController.cs:line 27
   at Microsoft.AspNetCore.Mvc.Infrastructure.ActionMethodExecutor.TaskOfIActionResultExecutor.Execute(ActionContext actionContext, IActionResultTypeMapper mapper, ObjectMethodExecutor executor, Object controller, Object[] arguments)
   at Microsoft.AspNetCore.Mvc.Infrastructure.ControllerActionInvoker.&lt;InvokeActionMethodAsync&gt;g__Logged|12_1(ControllerActionInvoker invoker)
   at Microsoft.AspNetCore.Mvc.Infrastructure.ControllerActionInvoker.&lt;InvokeNextActionFilterAsync&gt;g__Awaited|10_0(ControllerActionInvoker invoker, Task lastTask, State next, Scope scope, Object state, Boolean isCompleted)
   at Microsoft.AspNetCore.Mvc.Infrastructure.ControllerActionInvoker.Rethrow(ActionExecutedContextSealed context)
   at Microsoft.AspNetCore.Mvc.Infrastructure.ControllerActionInvoker.Next(State&amp; next, Scope&amp; scope, Object&amp; state, Boolean&amp; isCompleted)
   at Microsoft.AspNetCore.Mvc.Infrastructure.ControllerActionInvoker.InvokeInnerFilterAsync()
--- End of stack trace from previous location ---
   at Microsoft.AspNetCore.Mvc.Infrastructure.ResourceInvoker.&lt;InvokeFilterPipelineAsync&gt;g__Awaited|20_0(ResourceInvoker invoker, Task lastTask, State next, Scope scope, Object state, Boolean isCompleted)
   at Microsoft.AspNetCore.Mvc.Infrastructure.ResourceInvoker.&lt;InvokeAsync&gt;g__Logged|17_1(ResourceInvoker invoker)
   at Microsoft.AspNetCore.Mvc.Infrastructure.ResourceInvoker.&lt;InvokeAsync&gt;g__Logged|17_1(ResourceInvoker invoker)
   at Api.Middleware.ConditionalRequestMiddleware.InvokeAsync(HttpContext context) in /home/runner/work/Crud/Crud/src/Api/Middleware/ConditionalRequestMiddleware.cs:line 31
   at Microsoft.AspNetCore.Authorization.AuthorizationMiddleware.Invoke(HttpContext context)
   at Microsoft.AspNetCore.Authentication.AuthenticationMiddleware.Invoke(HttpContext context)
   at Microsoft.AspNetCore.RateLimiting.RateLimitingMiddleware.InvokeInternal(HttpContext context, EnableRateLimitingAttribute enableRateLimitingAttribute)
   at Api.Middleware.GlobalExceptionHandlingMiddleware.InvokeAsync(HttpContext context) in /home/runner/work/Crud/Crud/src/Api/Middleware/GlobalExceptionHandlingMiddleware.cs:line 27
Activity.TraceId:            569f1691a72c332ba01efa8d8f1a77b9
Activity.SpanId:             1d2fe543ddd62ea4
Activity.TraceFlags:         Recorded
Activity.ActivitySourceName: Microsoft.AspNetCore
Activity.DisplayName:        POST api/Auth/register
Activity.Kind:               Server
Activity.StartTime:          2025-09-11T06:33:00.7533366Z
Activity.Duration:           00:00:00.0243524
Activity.Tags:
    server.address: localhost
    http.request.method: POST
    url.scheme: http
    url.path: /api/auth/register
    network.protocol.version: 1.1
    http.route: api/Auth/register
    http.response.status_code: 400
Resource associated with Activity:
    deployment.environment: Testing
    service.name: Crud.Api
    service.version: 1.0.0
    service.instance.id: 10e2e254-224c-48e1-a2d2-8bbb5483cf26
    telemetry.sdk.name: opentelemetry
    telemetry.sdk.language: dotnet
    telemetry.sdk.version: 1.8.1
[06:33:00 WRN] Login attempt with non-existent email address {"SourceContext": "App.Features.Authentication.LoginCommandHandler", "ActionId": "bb3256bb-553a-41b9-8c02-3b6408256eaa", "ActionName": "Api.Controllers.AuthController.Login (Api)", "RequestId": "0HNFGVK4NGCHC", "RequestPath": "/api/auth/login", "Application": "Crud.Api"}
Activity.TraceId:            37721669d475cc9cd1a3b7ef715c297b
Activity.SpanId:             7a743345883803bd
Activity.TraceFlags:         Recorded
Activity.ActivitySourceName: Microsoft.AspNetCore
Activity.DisplayName:        POST api/Auth/login
Activity.Kind:               Server
Activity.StartTime:          2025-09-11T06:33:00.7801879Z
Activity.Duration:           00:00:00.0037359
Activity.Tags:
    server.address: localhost
    http.request.method: POST
    url.scheme: http
    url.path: /api/auth/login
    network.protocol.version: 1.1
    http.route: api/Auth/login
    http.response.status_code: 401
Resource associated with Activity:
    deployment.environment: Testing
    service.name: Crud.Api
    service.version: 1.0.0
    service.instance.id: 10e2e254-224c-48e1-a2d2-8bbb5483cf26
    telemetry.sdk.name: opentelemetry
    telemetry.sdk.language: dotnet
    telemetry.sdk.version: 1.8.1
[06:33:01 INF] User registered successfully: 5c3648b5-e6aa-4d6d-b1ae-b5de055e0175 {"SourceContext": "App.Features.Authentication.RegisterUserCommandHandler", "ActionId": "761dfeb8-d3ee-4b29-a300-77770ea22203", "ActionName": "Api.Controllers.AuthController.Register (Api)", "RequestId": "0HNFGVK4NGCHD", "RequestPath": "/api/auth/register", "Application": "Crud.Api"}
Activity.TraceId:            5c0b2495a8549938ed167c021d48154f
Activity.SpanId:             77c66903a8238605
Activity.TraceFlags:         Recorded
Activity.ActivitySourceName: Microsoft.AspNetCore
Activity.DisplayName:        POST api/Auth/register
Activity.Kind:               Server
Activity.StartTime:          2025-09-11T06:33:00.7866938Z
Activity.Duration:           00:00:00.3006835
Activity.Tags:
    server.address: localhost
    http.request.method: POST
    url.scheme: http
    url.path: /api/auth/register
    network.protocol.version: 1.1
    http.route: api/Auth/register
    http.response.status_code: 200
Resource associated with Activity:
    deployment.environment: Testing
    service.name: Crud.Api
    service.version: 1.0.0
    service.instance.id: 10e2e254-224c-48e1-a2d2-8bbb5483cf26
    telemetry.sdk.name: opentelemetry
    telemetry.sdk.language: dotnet
    telemetry.sdk.version: 1.8.1
Activity.TraceId:            e44534673bbf02e5a9bd59c88fe06028
Activity.SpanId:             54982fedf09f9adf
Activity.TraceFlags:         Recorded
Activity.ActivitySourceName: Microsoft.AspNetCore
Activity.DisplayName:        GET api/Auth/me
Activity.Kind:               Server
Activity.StartTime:          2025-09-11T06:33:01.0886851Z
Activity.Duration:           00:00:00.0007299
Activity.Tags:
    server.address: localhost
    http.request.method: GET
    url.scheme: http
    url.path: /api/auth/me
    network.protocol.version: 1.1
    http.route: api/Auth/me
    http.response.status_code: 200
Resource associated with Activity:
    deployment.environment: Testing
    service.name: Crud.Api
    service.version: 1.0.0
    service.instance.id: 10e2e254-224c-48e1-a2d2-8bbb5483cf26
    telemetry.sdk.name: opentelemetry
    telemetry.sdk.language: dotnet
    telemetry.sdk.version: 1.8.1
Activity.TraceId:            c69b1c7db2de0a12abda049de83c9db1
Activity.SpanId:             81475c1bc28ac12e
Activity.TraceFlags:         Recorded
Activity.ActivitySourceName: Microsoft.AspNetCore
Activity.DisplayName:        GET api/Auth/me
Activity.Kind:               Server
Activity.StartTime:          2025-09-11T06:33:01.0887093Z
Activity.Duration:           00:00:00.0007077
Activity.Tags:
    server.address: localhost
    http.request.method: GET
    url.scheme: http
    url.path: /api/auth/me
    network.protocol.version: 1.1
    http.route: api/Auth/me
    http.response.status_code: 200
Resource associated with Activity:
    deployment.environment: Testing
    service.name: Crud.Api
    service.version: 1.0.0
    service.instance.id: 10e2e254-224c-48e1-a2d2-8bbb5483cf26
    telemetry.sdk.name: opentelemetry
    telemetry.sdk.language: dotnet
    telemetry.sdk.version: 1.8.1
Activity.TraceId:            c61d230e1062e2a61aff8a9f03a42aa0
Activity.SpanId:             987c4079e637cb26
Activity.TraceFlags:         Recorded
Activity.ActivitySourceName: Microsoft.AspNetCore
Activity.DisplayName:        GET api/Auth/me
Activity.Kind:               Server
Activity.StartTime:          2025-09-11T06:33:01.0887314Z
Activity.Duration:           00:00:00.0008510
Activity.Tags:
    server.address: localhost
    http.request.method: GET
    url.scheme: http
    url.path: /api/auth/me
    network.protocol.version: 1.1
    http.route: api/Auth/me
    http.response.status_code: 200
Resource associated with Activity:
    deployment.environment: Testing
    service.name: Crud.Api
    service.version: 1.0.0
    service.instance.id: 10e2e254-224c-48e1-a2d2-8bbb5483cf26
    telemetry.sdk.name: opentelemetry
    telemetry.sdk.language: dotnet
    telemetry.sdk.version: 1.8.1
Activity.TraceId:            cf1dd5b073d8279a361fb4605d6a55e2
Activity.SpanId:             7a44144e4489b2e2
Activity.TraceFlags:         Recorded
Activity.ActivitySourceName: Microsoft.AspNetCore
Activity.DisplayName:        GET api/Auth/me
Activity.Kind:               Server
Activity.StartTime:          2025-09-11T06:33:01.0895222Z
Activity.Duration:           00:00:00.0004258
Activity.Tags:
    server.address: localhost
    http.request.method: GET
    url.scheme: http
    url.path: /api/auth/me
    network.protocol.version: 1.1
    http.route: api/Auth/me
    http.response.status_code: 200
Resource associated with Activity:
    deployment.environment: Testing
    service.name: Crud.Api
    service.version: 1.0.0
    service.instance.id: 10e2e254-224c-48e1-a2d2-8bbb5483cf26
    telemetry.sdk.name: opentelemetry
    telemetry.sdk.language: dotnet
    telemetry.sdk.version: 1.8.1
Activity.TraceId:            046edf91f65931a72f4263522c2c73dd
Activity.SpanId:             2127202d8b268be9
Activity.TraceFlags:         Recorded
Activity.ActivitySourceName: Microsoft.AspNetCore
Activity.DisplayName:        GET api/Auth/me
Activity.Kind:               Server
Activity.StartTime:          2025-09-11T06:33:01.0896863Z
Activity.Duration:           00:00:00.0004136
Activity.Tags:
    server.address: localhost
    http.request.method: GET
    url.scheme: http
    url.path: /api/auth/me
    network.protocol.version: 1.1
    http.route: api/Auth/me
    http.response.status_code: 200
Resource associated with Activity:
    deployment.environment: Testing
    service.name: Crud.Api
    service.version: 1.0.0
    service.instance.id: 10e2e254-224c-48e1-a2d2-8bbb5483cf26
    telemetry.sdk.name: opentelemetry
    telemetry.sdk.language: dotnet
    telemetry.sdk.version: 1.8.1
Activity.TraceId:            adfa062726f297238dc183098442e47b
Activity.SpanId:             b0abc764950292ad
Activity.TraceFlags:         Recorded
Activity.ActivitySourceName: Microsoft.AspNetCore
Activity.DisplayName:        GET api/Auth/me
Activity.Kind:               Server
Activity.StartTime:          2025-09-11T06:33:01.0896045Z
Activity.Duration:           00:00:00.0004029
Activity.Tags:
    server.address: localhost
    http.request.method: GET
    url.scheme: http
    url.path: /api/auth/me
    network.protocol.version: 1.1
    http.route: api/Auth/me
    http.response.status_code: 200
Resource associated with Activity:
    deployment.environment: Testing
    service.name: Crud.Api
    service.version: 1.0.0
    service.instance.id: 10e2e254-224c-48e1-a2d2-8bbb5483cf26
    telemetry.sdk.name: opentelemetry
    telemetry.sdk.language: dotnet
    telemetry.sdk.version: 1.8.1
Activity.TraceId:            50efe7dedd5e477b4801481fc94ed1dd
Activity.SpanId:             d6a2c17d8cd50bfe
Activity.TraceFlags:         Recorded
Activity.ActivitySourceName: Microsoft.AspNetCore
Activity.DisplayName:        GET api/Auth/me
Activity.Kind:               Server
Activity.StartTime:          2025-09-11T06:33:01.0901020Z
Activity.Duration:           00:00:00.0004030
Activity.Tags:
    server.address: localhost
    http.request.method: GET
    url.scheme: http
    url.path: /api/auth/me
    network.protocol.version: 1.1
    http.route: api/Auth/me
    http.response.status_code: 200
Resource associated with Activity:
    deployment.environment: Testing
    service.name: Crud.Api
    service.version: 1.0.0
    service.instance.id: 10e2e254-224c-48e1-a2d2-8bbb5483cf26
    telemetry.sdk.name: opentelemetry
    telemetry.sdk.language: dotnet
    telemetry.sdk.version: 1.8.1
Activity.TraceId:            9fdeb80d3bd8ff2c6a6d3f6f965df512
Activity.SpanId:             e34e67c55935cfc1
Activity.TraceFlags:         Recorded
Activity.ActivitySourceName: Microsoft.AspNetCore
Activity.DisplayName:        GET api/Auth/me
Activity.Kind:               Server
Activity.StartTime:          2025-09-11T06:33:01.0902119Z
Activity.Duration:           00:00:00.0003753
Activity.Tags:
    server.address: localhost
    http.request.method: GET
    url.scheme: http
    url.path: /api/auth/me
    network.protocol.version: 1.1
    http.route: api/Auth/me
    http.response.status_code: 200
Resource associated with Activity:
    deployment.environment: Testing
    service.name: Crud.Api
    service.version: 1.0.0
    service.instance.id: 10e2e254-224c-48e1-a2d2-8bbb5483cf26
    telemetry.sdk.name: opentelemetry
    telemetry.sdk.language: dotnet
    telemetry.sdk.version: 1.8.1
Activity.TraceId:            b840ba3da0699f1500a650e730739d09
Activity.SpanId:             7b35c6867e69186d
Activity.TraceFlags:         Recorded
Activity.ActivitySourceName: Microsoft.AspNetCore
Activity.DisplayName:        GET api/Auth/me
Activity.Kind:               Server
Activity.StartTime:          2025-09-11T06:33:01.0897561Z
Activity.Duration:           00:00:00.0003583
Activity.Tags:
    server.address: localhost
    http.request.method: GET
    url.scheme: http
    url.path: /api/auth/me
    network.protocol.version: 1.1
    http.route: api/Auth/me
    http.response.status_code: 200
Resource associated with Activity:
    deployment.environment: Testing
    service.name: Crud.Api
    service.version: 1.0.0
    service.instance.id: 10e2e254-224c-48e1-a2d2-8bbb5483cf26
    telemetry.sdk.name: opentelemetry
    telemetry.sdk.language: dotnet
    telemetry.sdk.version: 1.8.1
Activity.TraceId:            82426b0329a788dbc5f782762937eac1
Activity.SpanId:             71e4ee46586908aa
Activity.TraceFlags:         Recorded
Activity.ActivitySourceName: Microsoft.AspNetCore
Activity.DisplayName:        GET api/Auth/me
Activity.Kind:               Server
Activity.StartTime:          2025-09-11T06:33:01.0912716Z
Activity.Duration:           00:00:00.0004213
Activity.Tags:
    server.address: localhost
    http.request.method: GET
    url.scheme: http
    url.path: /api/auth/me
    network.protocol.version: 1.1
    http.route: api/Auth/me
    http.response.status_code: 200
Resource associated with Activity:
    deployment.environment: Testing
    service.name: Crud.Api
    service.version: 1.0.0
    service.instance.id: 10e2e254-224c-48e1-a2d2-8bbb5483cf26
    telemetry.sdk.name: opentelemetry
    telemetry.sdk.language: dotnet
    telemetry.sdk.version: 1.8.1
[06:33:01 INF] User registered successfully: 010cc84e-f374-4a8b-a80a-ad02e8ba8b75 {"SourceContext": "App.Features.Authentication.RegisterUserCommandHandler", "ActionId": "761dfeb8-d3ee-4b29-a300-77770ea22203", "ActionName": "Api.Controllers.AuthController.Register (Api)", "RequestId": "0HNFGVK4NGCHO", "RequestPath": "/api/auth/register", "Application": "Crud.Api"}
Activity.TraceId:            e39b3b86ccfe26e8b9d3a19219f6a3e8
Activity.SpanId:             3a62b99f2628c473
Activity.TraceFlags:         Recorded
Activity.ActivitySourceName: Microsoft.AspNetCore
Activity.DisplayName:        POST api/Auth/register
Activity.Kind:               Server
Activity.StartTime:          2025-09-11T06:33:01.0938159Z
Activity.Duration:           00:00:00.3013519
Activity.Tags:
    server.address: localhost
    http.request.method: POST
    url.scheme: http
    url.path: /api/auth/register
    network.protocol.version: 1.1
    http.route: api/Auth/register
    http.response.status_code: 200
Resource associated with Activity:
    deployment.environment: Testing
    service.name: Crud.Api
    service.version: 1.0.0
    service.instance.id: 10e2e254-224c-48e1-a2d2-8bbb5483cf26
    telemetry.sdk.name: opentelemetry
    telemetry.sdk.language: dotnet
    telemetry.sdk.version: 1.8.1
[06:33:01 INF] Refresh token rotated successfully for user: 010cc84e-f374-4a8b-a80a-ad02e8ba8b75 {"SourceContext": "App.Features.Authentication.RefreshTokenCommandHandler", "ActionId": "dcb5264d-d752-4316-a143-dcfe3ed7f440", "ActionName": "Api.Controllers.AuthController.Refresh (Api)", "RequestId": "0HNFGVK4NGCHP", "RequestPath": "/api/auth/refresh", "Application": "Crud.Api"}
Activity.TraceId:            15e1536275052a73c3d3ba407ffbdbb2
Activity.SpanId:             1e714a10c2435502
Activity.TraceFlags:         Recorded
Activity.ActivitySourceName: Microsoft.AspNetCore
Activity.DisplayName:        POST api/Auth/refresh
Activity.Kind:               Server
Activity.StartTime:          2025-09-11T06:33:01.3978800Z
Activity.Duration:           00:00:00.0102506
Activity.Tags:
    server.address: localhost
    http.request.method: POST
    url.scheme: http
    url.path: /api/auth/refresh
    network.protocol.version: 1.1
    http.route: api/Auth/refresh
    http.response.status_code: 200
Resource associated with Activity:
    deployment.environment: Testing
    service.name: Crud.Api
    service.version: 1.0.0
    service.instance.id: 10e2e254-224c-48e1-a2d2-8bbb5483cf26
    telemetry.sdk.name: opentelemetry
    telemetry.sdk.language: dotnet
    telemetry.sdk.version: 1.8.1
[06:33:01 INF] Refresh token rotated successfully for user: 010cc84e-f374-4a8b-a80a-ad02e8ba8b75 {"SourceContext": "App.Features.Authentication.RefreshTokenCommandHandler", "ActionId": "dcb5264d-d752-4316-a143-dcfe3ed7f440", "ActionName": "Api.Controllers.AuthController.Refresh (Api)", "RequestId": "0HNFGVK4NGCHQ", "RequestPath": "/api/auth/refresh", "Application": "Crud.Api"}
Activity.TraceId:            10fd0381e4f73955a215c9fb00a4fe55
Activity.SpanId:             71d2e37689ff8bbe
Activity.TraceFlags:         Recorded
Activity.ActivitySourceName: Microsoft.AspNetCore
Activity.DisplayName:        POST api/Auth/refresh
Activity.Kind:               Server
Activity.StartTime:          2025-09-11T06:33:01.4085131Z
Activity.Duration:           00:00:00.0085920
Activity.Tags:
    server.address: localhost
    http.request.method: POST
    url.scheme: http
    url.path: /api/auth/refresh
    network.protocol.version: 1.1
    http.route: api/Auth/refresh
    http.response.status_code: 200
Resource associated with Activity:
    deployment.environment: Testing
    service.name: Crud.Api
    service.version: 1.0.0
    service.instance.id: 10e2e254-224c-48e1-a2d2-8bbb5483cf26
    telemetry.sdk.name: opentelemetry
    telemetry.sdk.language: dotnet
    telemetry.sdk.version: 1.8.1
[06:33:01 INF] Refresh token rotated successfully for user: 010cc84e-f374-4a8b-a80a-ad02e8ba8b75 {"SourceContext": "App.Features.Authentication.RefreshTokenCommandHandler", "ActionId": "dcb5264d-d752-4316-a143-dcfe3ed7f440", "ActionName": "Api.Controllers.AuthController.Refresh (Api)", "RequestId": "0HNFGVK4NGCHR", "RequestPath": "/api/auth/refresh", "Application": "Crud.Api"}
Activity.TraceId:            070ae3dcb242f1227b18414ccabb1357
Activity.SpanId:             cc2b6d7b54af5912
Activity.TraceFlags:         Recorded
Activity.ActivitySourceName: Microsoft.AspNetCore
Activity.DisplayName:        POST api/Auth/refresh
Activity.Kind:               Server
Activity.StartTime:          2025-09-11T06:33:01.4174053Z
Activity.Duration:           00:00:00.0189612
Activity.Tags:
    server.address: localhost
    http.request.method: POST
    url.scheme: http
    url.path: /api/auth/refresh
    network.protocol.version: 1.1
    http.route: api/Auth/refresh
    http.response.status_code: 200
Resource associated with Activity:
    deployment.environment: Testing
    service.name: Crud.Api
    service.version: 1.0.0
    service.instance.id: 10e2e254-224c-48e1-a2d2-8bbb5483cf26
    telemetry.sdk.name: opentelemetry
    telemetry.sdk.language: dotnet
    telemetry.sdk.version: 1.8.1
Activity.TraceId:            87941d35e69abe02f76d455929f7a183
Activity.SpanId:             dbf9f44bb9f405ca
Activity.TraceFlags:         Recorded
Activity.ActivitySourceName: Microsoft.AspNetCore
Activity.DisplayName:        GET api/Auth/me
Activity.Kind:               Server
Activity.StartTime:          2025-09-11T06:33:01.4383023Z
Activity.Duration:           00:00:00.0027557
Activity.Tags:
    server.address: localhost
    http.request.method: GET
    url.scheme: http
    url.path: /api/auth/me
    network.protocol.version: 1.1
    http.route: api/Auth/me
    http.response.status_code: 401
Resource associated with Activity:
    deployment.environment: Testing
    service.name: Crud.Api
    service.version: 1.0.0
    service.instance.id: 10e2e254-224c-48e1-a2d2-8bbb5483cf26
    telemetry.sdk.name: opentelemetry
    telemetry.sdk.language: dotnet
    telemetry.sdk.version: 1.8.1
[06:33:01 ERR] An unhandled exception occurred during request POST /api/auth/register. Request ID: 0HNFGVK4NGCHT, User: Anonymous {"SourceContext": "Api.Middleware.GlobalExceptionHandlingMiddleware", "RequestPath": "/api/auth/register", "Application": "Crud.Api"}
FluentValidation.ValidationException: Validation failed: 
 -- Password: Password must be at least 8 characters Severity: Error
 -- Password: Password must contain at least one uppercase letter Severity: Error
 -- Password: Password must contain at least one number Severity: Error
 -- Password: Password must contain at least one special character Severity: Error
   at App.Behaviors.ValidationBehavior`2.Handle(TRequest request, RequestHandlerDelegate`1 next, CancellationToken cancellationToken) in /home/runner/work/Crud/Crud/src/App/Behaviors/ValidationBehavior.cs:line 39
   at Api.Controllers.AuthController.Register(RegisterUserCommand command, CancellationToken cancellationToken) in /home/runner/work/Crud/Crud/src/Api/Controllers/AuthController.cs:line 27
   at Microsoft.AspNetCore.Mvc.Infrastructure.ActionMethodExecutor.TaskOfIActionResultExecutor.Execute(ActionContext actionContext, IActionResultTypeMapper mapper, ObjectMethodExecutor executor, Object controller, Object[] arguments)
   at Microsoft.AspNetCore.Mvc.Infrastructure.ControllerActionInvoker.&lt;InvokeActionMethodAsync&gt;g__Logged|12_1(ControllerActionInvoker invoker)
   at Microsoft.AspNetCore.Mvc.Infrastructure.ControllerActionInvoker.&lt;InvokeNextActionFilterAsync&gt;g__Awaited|10_0(ControllerActionInvoker invoker, Task lastTask, State next, Scope scope, Object state, Boolean isCompleted)
   at Microsoft.AspNetCore.Mvc.Infrastructure.ControllerActionInvoker.Rethrow(ActionExecutedContextSealed context)
   at Microsoft.AspNetCore.Mvc.Infrastructure.ControllerActionInvoker.Next(State&amp; next, Scope&amp; scope, Object&amp; state, Boolean&amp; isCompleted)
   at Microsoft.AspNetCore.Mvc.Infrastructure.ControllerActionInvoker.InvokeInnerFilterAsync()
--- End of stack trace from previous location ---
   at Microsoft.AspNetCore.Mvc.Infrastructure.ResourceInvoker.&lt;InvokeFilterPipelineAsync&gt;g__Awaited|20_0(ResourceInvoker invoker, Task lastTask, State next, Scope scope, Object state, Boolean isCompleted)
   at Microsoft.AspNetCore.Mvc.Infrastructure.ResourceInvoker.&lt;InvokeAsync&gt;g__Logged|17_1(ResourceInvoker invoker)
   at Microsoft.AspNetCore.Mvc.Infrastructure.ResourceInvoker.&lt;InvokeAsync&gt;g__Logged|17_1(ResourceInvoker invoker)
   at Api.Middleware.ConditionalRequestMiddleware.InvokeAsync(HttpContext context) in /home/runner/work/Crud/Crud/src/Api/Middleware/ConditionalRequestMiddleware.cs:line 31
   at Microsoft.AspNetCore.Authorization.AuthorizationMiddleware.Invoke(HttpContext context)
   at Microsoft.AspNetCore.Authentication.AuthenticationMiddleware.Invoke(HttpContext context)
   at Microsoft.AspNetCore.RateLimiting.RateLimitingMiddleware.InvokeInternal(HttpContext context, EnableRateLimitingAttribute enableRateLimitingAttribute)
   at Api.Middleware.GlobalExceptionHandlingMiddleware.InvokeAsync(HttpContext context) in /home/runner/work/Crud/Crud/src/Api/Middleware/GlobalExceptionHandlingMiddleware.cs:line 27
Activity.TraceId:            7e9461c1d207b5b3511384ee5470d356
Activity.SpanId:             1076aaf2b1427d99
Activity.TraceFlags:         Recorded
Activity.ActivitySourceName: Microsoft.AspNetCore
Activity.DisplayName:        POST api/Auth/register
Activity.Kind:               Server
Activity.StartTime:          2025-09-11T06:33:01.4433358Z
Activity.Duration:           00:00:00.0026841
Activity.Tags:
    server.address: localhost
    http.request.method: POST
    url.scheme: http
    url.path: /api/auth/register
    network.protocol.version: 1.1
    http.route: api/Auth/register
    http.response.status_code: 400
Resource associated with Activity:
    deployment.environment: Testing
    service.name: Crud.Api
    service.version: 1.0.0
    service.instance.id: 10e2e254-224c-48e1-a2d2-8bbb5483cf26
    telemetry.sdk.name: opentelemetry
    telemetry.sdk.language: dotnet
    telemetry.sdk.version: 1.8.1
[06:33:01 INF] User registered successfully: 1c209284-0558-41bf-9081-2c73c8bb05c9 {"SourceContext": "App.Features.Authentication.RegisterUserCommandHandler", "ActionId": "761dfeb8-d3ee-4b29-a300-77770ea22203", "ActionName": "Api.Controllers.AuthController.Register (Api)", "RequestId": "0HNFGVK4NGCHU", "RequestPath": "/api/auth/register", "Application": "Crud.Api"}
Activity.TraceId:            f5a99cc48ddf354057b497bbe95252d5
Activity.SpanId:             aa04307f6ec57c69
Activity.TraceFlags:         Recorded
Activity.ActivitySourceName: Microsoft.AspNetCore
Activity.DisplayName:        POST api/Auth/register
Activity.Kind:               Server
Activity.StartTime:          2025-09-11T06:33:01.4485019Z
Activity.Duration:           00:00:00.3014921
Activity.Tags:
    server.address: localhost
    http.request.method: POST
    url.scheme: http
    url.path: /api/auth/register
    network.protocol.version: 1.1
    http.route: api/Auth/register
    http.response.status_code: 200
Resource associated with Activity:
    deployment.environment: Testing
    service.name: Crud.Api
    service.version: 1.0.0
    service.instance.id: 10e2e254-224c-48e1-a2d2-8bbb5483cf26
    telemetry.sdk.name: opentelemetry
    telemetry.sdk.language: dotnet
    telemetry.sdk.version: 1.8.1
[06:33:01 INF] Refresh token rotated successfully for user: 1c209284-0558-41bf-9081-2c73c8bb05c9 {"SourceContext": "App.Features.Authentication.RefreshTokenCommandHandler", "ActionId": "dcb5264d-d752-4316-a143-dcfe3ed7f440", "ActionName": "Api.Controllers.AuthController.Refresh (Api)", "RequestId": "0HNFGVK4NGCHV", "RequestPath": "/api/auth/refresh", "Application": "Crud.Api"}
Activity.TraceId:            2adb08d2f1cfcd658b7de9a61bae6395
Activity.SpanId:             91b9789f561c32bb
Activity.TraceFlags:         Recorded
Activity.ActivitySourceName: Microsoft.AspNetCore
Activity.DisplayName:        POST api/Auth/refresh
Activity.Kind:               Server
Activity.StartTime:          2025-09-11T06:33:01.7515665Z
Activity.Duration:           00:00:00.0077519
Activity.Tags:
    server.address: localhost
    http.request.method: POST
    url.scheme: http
    url.path: /api/auth/refresh
    network.protocol.version: 1.1
    http.route: api/Auth/refresh
    http.response.status_code: 200
Resource associated with Activity:
    deployment.environment: Testing
    service.name: Crud.Api
    service.version: 1.0.0
    service.instance.id: 10e2e254-224c-48e1-a2d2-8bbb5483cf26
    telemetry.sdk.name: opentelemetry
    telemetry.sdk.language: dotnet
    telemetry.sdk.version: 1.8.1
Resource associated with Metric:
    deployment.environment: Testing
    service.name: Crud.Api
    service.version: 1.0.0
    service.instance.id: 10e2e254-224c-48e1-a2d2-8bbb5483cf26
    telemetry.sdk.name: opentelemetry
    telemetry.sdk.language: dotnet
    telemetry.sdk.version: 1.8.1
Metric Name: http.server.active_requests, Number of active HTTP server requests., Unit: {request}, Meter: Microsoft.AspNetCore.Hosting
(2025-09-11T06:32:58.8018225Z, 2025-09-11T06:33:01.7606128Z] http.request.method: POST url.scheme: http LongSumNonMonotonic
Value: 0
(2025-09-11T06:32:58.8018225Z, 2025-09-11T06:33:01.7606128Z] http.request.method: GET url.scheme: http LongSumNonMonotonic
Value: 0
Metric Name: http.server.request.duration, Duration of HTTP server requests., Unit: s, Meter: Microsoft.AspNetCore.Hosting
(2025-09-11T06:32:58.8018476Z, 2025-09-11T06:33:01.7606181Z] http.request.method: POST http.response.status_code: 200 http.route: api/Auth/register network.protocol.version: 1.1 url.scheme: http Histogram
Value: Sum: 2.381686 Count: 6 Min: 0.3006719 Max: 0.8704623 
(-Infinity,0.005]:0
(0.005,0.01]:0
(0.01,0.025]:0
(0.025,0.05]:0
(0.05,0.075]:0
(0.075,0.1]:0
(0.1,0.25]:0
(0.25,0.5]:5
(0.5,0.75]:0
(0.75,1]:1
(1,2.5]:0
(2.5,5]:0
(5,7.5]:0
(7.5,10]:0
(10,+Infinity]:0
(2025-09-11T06:32:58.8018476Z, 2025-09-11T06:33:01.7606181Z] http.request.method: GET http.response.status_code: 200 http.route: api/Auth/me network.protocol.version: 1.1 url.scheme: http Histogram
Value: Sum: 0.0442225 Count: 12 Min: 0.0003626 Max: 0.0371287 
(-Infinity,0.005]:11
(0.005,0.01]:0
(0.01,0.025]:0
(0.025,0.05]:1
(0.05,0.075]:0
(0.075,0.1]:0
(0.1,0.25]:0
(0.25,0.5]:0
(0.5,0.75]:0
(0.75,1]:0
(1,2.5]:0
(2.5,5]:0
(5,7.5]:0
(7.5,10]:0
(10,+Infinity]:0
(2025-09-11T06:32:58.8018476Z, 2025-09-11T06:33:01.7606181Z] http.request.method: POST http.response.status_code: 200 http.route: api/Auth/login network.protocol.version: 1.1 url.scheme: http Histogram
Value: Sum: 0.3255573 Count: 1 Min: 0.3255573 Max: 0.3255573 
(-Infinity,0.005]:0
(0.005,0.01]:0
(0.01,0.025]:0
(0.025,0.05]:0
(0.05,0.075]:0
(0.075,0.1]:0
(0.1,0.25]:0
(0.25,0.5]:1
(0.5,0.75]:0
(0.75,1]:0
(1,2.5]:0
(2.5,5]:0
(5,7.5]:0
(7.5,10]:0
(10,+Infinity]:0
(2025-09-11T06:32:58.8018476Z, 2025-09-11T06:33:01.7606181Z] http.request.method: POST http.response.status_code: 200 http.route: api/Auth/refresh network.protocol.version: 1.1 url.scheme: http Histogram
Value: Sum: 0.08436750000000001 Count: 5 Min: 0.007777 Max: 0.038762 
(-Infinity,0.005]:0
(0.005,0.01]:2
(0.01,0.025]:2
(0.025,0.05]:1
(0.05,0.075]:0
(0.075,0.1]:0
(0.1,0.25]:0
(0.25,0.5]:0
(0.5,0.75]:0
(0.75,1]:0
(1,2.5]:0
(2.5,5]:0
(5,7.5]:0
(7.5,10]:0
(10,+Infinity]:0
(2025-09-11T06:32:58.8018476Z, 2025-09-11T06:33:01.7606181Z] http.request.method: POST http.response.status_code: 200 http.route: api/Auth/logout network.protocol.version: 1.1 url.scheme: http Histogram
Value: Sum: 0.034788 Count: 1 Min: 0.034788 Max: 0.034788 
(-Infinity,0.005]:0
(0.005,0.01]:0
(0.01,0.025]:0
(0.025,0.05]:1
(0.05,0.075]:0
(0.075,0.1]:0
(0.1,0.25]:0
(0.25,0.5]:0
(0.5,0.75]:0
(0.75,1]:0
(1,2.5]:0
(2.5,5]:0
(5,7.5]:0
(7.5,10]:0
(10,+Infinity]:0
(2025-09-11T06:32:58.8018476Z, 2025-09-11T06:33:01.7606181Z] http.request.method: POST http.response.status_code: 401 http.route: api/Auth/refresh network.protocol.version: 1.1 url.scheme: http Histogram
Value: Sum: 0.0038962 Count: 1 Min: 0.0038962 Max: 0.0038962 
(-Infinity,0.005]:1
(0.005,0.01]:0
(0.01,0.025]:0
(0.025,0.05]:0
(0.05,0.075]:0
(0.075,0.1]:0
(0.1,0.25]:0
(0.25,0.5]:0
(0.5,0.75]:0
(0.75,1]:0
(1,2.5]:0
(2.5,5]:0
(5,7.5]:0
(7.5,10]:0
(10,+Infinity]:0
(2025-09-11T06:32:58.8018476Z, 2025-09-11T06:33:01.7606181Z] http.request.method: POST http.response.status_code: 400 http.route: api/Auth/register network.protocol.version: 1.1 url.scheme: http Histogram
Value: Sum: 0.029714 Count: 3 Min: 0.0026839 Max: 0.0243341 
(-Infinity,0.005]:2
(0.005,0.01]:0
(0.01,0.025]:1
(0.025,0.05]:0
(0.05,0.075]:0
(0.075,0.1]:0
(0.1,0.25]:0
(0.25,0.5]:0
(0.5,0.75]:0
(0.75,1]:0
(1,2.5]:0
(2.5,5]:0
(5,7.5]:0
(7.5,10]:0
(10,+Infinity]:0
(2025-09-11T06:32:58.8018476Z, 2025-09-11T06:33:01.7606181Z] http.request.method: POST http.response.status_code: 401 http.route: api/Auth/login network.protocol.version: 1.1 url.scheme: http Histogram
Value: Sum: 0.0037159 Count: 1 Min: 0.0037159 Max: 0.0037159 
(-Infinity,0.005]:1
(0.005,0.01]:0
(0.01,0.025]:0
(0.025,0.05]:0
(0.05,0.075]:0
(0.075,0.1]:0
(0.1,0.25]:0
(0.25,0.5]:0
(0.5,0.75]:0
(0.75,1]:0
(1,2.5]:0
(2.5,5]:0
(5,7.5]:0
(7.5,10]:0
(10,+Infinity]:0
(2025-09-11T06:32:58.8018476Z, 2025-09-11T06:33:01.7606181Z] http.request.method: GET http.response.status_code: 401 http.route: api/Auth/me network.protocol.version: 1.1 url.scheme: http Histogram
Value: Sum: 0.0027529 Count: 1 Min: 0.0027529 Max: 0.0027529 
(-Infinity,0.005]:1
(0.005,0.01]:0
(0.01,0.025]:0
(0.025,0.05]:0
(0.05,0.075]:0
(0.075,0.1]:0
(0.1,0.25]:0
(0.25,0.5]:0
(0.5,0.75]:0
(0.75,1]:0
(1,2.5]:0
(2.5,5]:0
(5,7.5]:0
(7.5,10]:0
(10,+Infinity]:0
Metric Name: aspnetcore.rate_limiting.active_request_leases, Number of HTTP requests that are currently active on the server that hold a rate limiting lease., Unit: {request}, Meter: Microsoft.AspNetCore.RateLimiting
(2025-09-11T06:32:58.8053257Z, 2025-09-11T06:33:01.7606188Z] LongSumNonMonotonic
Value: 0
Metric Name: aspnetcore.rate_limiting.request_lease.duration, The duration of rate limiting leases held by HTTP requests on the server., Unit: s, Meter: Microsoft.AspNetCore.RateLimiting
(2025-09-11T06:32:58.8053544Z, 2025-09-11T06:33:01.7606193Z] Histogram
Value: Sum: 2.8778737999999997 Count: 31 Min: 0.0002784 Max: 0.8688011 
(-Infinity,0.005]:17
(0.005,0.01]:2
(0.01,0.025]:2
(0.025,0.05]:3
(0.05,0.075]:0
(0.075,0.1]:0
(0.1,0.25]:0
(0.25,0.5]:6
(0.5,0.75]:0
(0.75,1]:1
(1,2.5]:0
(2.5,5]:0
(5,7.5]:0
(7.5,10]:0
(10,+Infinity]:0
Metric Name: aspnetcore.rate_limiting.requests, Number of requests that tried to acquire a rate limiting lease. Requests could be rejected by global or endpoint rate limiting policies. Or the request could be canceled while waiting for the lease., Unit: {request}, Meter: Microsoft.AspNetCore.RateLimiting
(2025-09-11T06:32:58.8053961Z, 2025-09-11T06:33:01.7606222Z] aspnetcore.rate_limiting.result: acquired LongSum
Value: 31
Metric Name: aspnetcore.routing.match_attempts, Number of requests that were attempted to be matched to an endpoint., Unit: {match_attempt}, Meter: Microsoft.AspNetCore.Routing
(2025-09-11T06:32:58.8065296Z, 2025-09-11T06:33:01.7606239Z] aspnetcore.routing.is_fallback: false aspnetcore.routing.match_status: success http.route: api/Auth/register LongSum
Value: 9
(2025-09-11T06:32:58.8065296Z, 2025-09-11T06:33:01.7606239Z] aspnetcore.routing.is_fallback: false aspnetcore.routing.match_status: success http.route: api/Auth/me LongSum
Value: 13
(2025-09-11T06:32:58.8065296Z, 2025-09-11T06:33:01.7606239Z] aspnetcore.routing.is_fallback: false aspnetcore.routing.match_status: success http.route: api/Auth/login LongSum
Value: 2
(2025-09-11T06:32:58.8065296Z, 2025-09-11T06:33:01.7606239Z] aspnetcore.routing.is_fallback: false aspnetcore.routing.match_status: success http.route: api/Auth/refresh LongSum
Value: 6
(2025-09-11T06:32:58.8065296Z, 2025-09-11T06:33:01.7606239Z] aspnetcore.routing.is_fallback: false aspnetcore.routing.match_status: success http.route: api/Auth/logout LongSum
Value: 1
[06:33:01 INF] Starting Crud API application {"Application": "Crud.Api"}
[06:33:01 INF] Using SQLite provider with connection: Data Source=TestDatabase.db {"Application": "Crud.Api"}
[06:33:01 INF] Database ensured successfully {"Application": "Crud.Api"}
[06:33:01 INF] Application configured successfully. Starting web host... {"Application": "Crud.Api"}
[06:33:01 WRN] Failed to determine the https port for redirect. {"EventId": {"Id": 3, "Name": "FailedToDeterminePort"}, "SourceContext": "Microsoft.AspNetCore.HttpsPolicy.HttpsRedirectionMiddleware", "RequestId": "0HNFGVK4NGCI0", "RequestPath": "/api/auth/register", "Application": "Crud.Api"}
[06:33:02 INF] User registered successfully: 37711d2e-193f-43bc-95ff-a0d84d3f6d41 {"SourceContext": "App.Features.Authentication.RegisterUserCommandHandler", "ActionId": "bb7f1630-1c31-4040-acd8-f69ed1f37c75", "ActionName": "Api.Controllers.AuthController.Register (Api)", "RequestId": "0HNFGVK4NGCI0", "RequestPath": "/api/auth/register", "Application": "Crud.Api"}
Activity.TraceId:            15bc16cee343d18be43b3dcfab9ecbd4
Activity.SpanId:             c222051396f1f163
Activity.TraceFlags:         Recorded
Activity.ActivitySourceName: Microsoft.AspNetCore
Activity.DisplayName:        POST api/Auth/register
Activity.Kind:               Server
Activity.StartTime:          2025-09-11T06:33:01.8198332Z
Activity.Duration:           00:00:00.3233836
Activity.Tags:
    server.address: localhost
    http.request.method: POST
    url.scheme: http
    url.path: /api/auth/register
    network.protocol.version: 1.1
    http.route: api/Auth/register
    http.response.status_code: 200
Resource associated with Activity:
    deployment.environment: Testing
    service.name: Crud.Api
    service.version: 1.0.0
    service.instance.id: 10e2e254-224c-48e1-a2d2-8bbb5483cf26
    telemetry.sdk.name: opentelemetry
    telemetry.sdk.language: dotnet
    telemetry.sdk.version: 1.8.1
[06:33:02 INF] User logged in successfully: 37711d2e-193f-43bc-95ff-a0d84d3f6d41 {"SourceContext": "App.Features.Authentication.LoginCommandHandler", "ActionId": "54bcfe1f-cdd2-493b-aa6f-8bbf8be910c6", "ActionName": "Api.Controllers.AuthController.Login (Api)", "RequestId": "0HNFGVK4NGCI1", "RequestPath": "/api/auth/login", "Application": "Crud.Api"}
Activity.TraceId:            624ecf0cc1527904898ecd3dafd07d86
Activity.SpanId:             ca23f4b938e4114d
Activity.TraceFlags:         Recorded
Activity.ActivitySourceName: Microsoft.AspNetCore
Activity.DisplayName:        POST api/Auth/login
Activity.Kind:               Server
Activity.StartTime:          2025-09-11T06:33:02.1488575Z
Activity.Duration:           00:00:00.3082558
Activity.Tags:
    server.address: localhost
    http.request.method: POST
    url.scheme: http
    url.path: /api/auth/login
    network.protocol.version: 1.1
    http.route: api/Auth/login
    http.response.status_code: 200
Resource associated with Activity:
    deployment.environment: Testing
    service.name: Crud.Api
    service.version: 1.0.0
    service.instance.id: 10e2e254-224c-48e1-a2d2-8bbb5483cf26
    telemetry.sdk.name: opentelemetry
    telemetry.sdk.language: dotnet
    telemetry.sdk.version: 1.8.1
[06:33:02 DBG] Removed cache value for key: entity:role:f4f776d30eb143b19934fa09ae99821e {"SourceContext": "Infrastructure.Services.Caching.InMemoryCacheService", "ActionId": "0e63c196-84ab-405d-a0cc-2b074860ca28", "ActionName": "Api.Controllers.RolesController.Delete (Api)", "RequestId": "0HNFGVK4NGCI2", "RequestPath": "/api/roles/f4f776d3-0eb1-43b1-9934-fa09ae99821e", "Application": "Crud.Api"}
[06:33:02 DBG] Removed cache value for key: list:role {"SourceContext": "Infrastructure.Services.Caching.InMemoryCacheService", "ActionId": "0e63c196-84ab-405d-a0cc-2b074860ca28", "ActionName": "Api.Controllers.RolesController.Delete (Api)", "RequestId": "0HNFGVK4NGCI2", "RequestPath": "/api/roles/f4f776d3-0eb1-43b1-9934-fa09ae99821e", "Application": "Crud.Api"}
[06:33:02 DBG] Invalidating cache for entity: roles/f4f776d3-0eb1-43b1-9934-fa09ae99821e with tags: roles, roles:f4f776d3-0eb1-43b1-9934-fa09ae99821e {"SourceContext": "Api.Services.OutputCacheInvalidationService", "ActionId": "0e63c196-84ab-405d-a0cc-2b074860ca28", "ActionName": "Api.Controllers.RolesController.Delete (Api)", "RequestId": "0HNFGVK4NGCI2", "RequestPath": "/api/roles/f4f776d3-0eb1-43b1-9934-fa09ae99821e", "Application": "Crud.Api"}
[06:33:02 DBG] Successfully invalidated cache for tag: roles {"SourceContext": "Api.Services.OutputCacheInvalidationService", "ActionId": "0e63c196-84ab-405d-a0cc-2b074860ca28", "ActionName": "Api.Controllers.RolesController.Delete (Api)", "RequestId": "0HNFGVK4NGCI2", "RequestPath": "/api/roles/f4f776d3-0eb1-43b1-9934-fa09ae99821e", "Application": "Crud.Api"}
[06:33:02 DBG] Successfully invalidated cache for tag: roles:f4f776d3-0eb1-43b1-9934-fa09ae99821e {"SourceContext": "Api.Services.OutputCacheInvalidationService", "ActionId": "0e63c196-84ab-405d-a0cc-2b074860ca28", "ActionName": "Api.Controllers.RolesController.Delete (Api)", "RequestId": "0HNFGVK4NGCI2", "RequestPath": "/api/roles/f4f776d3-0eb1-43b1-9934-fa09ae99821e", "Application": "Crud.Api"}
Activity.TraceId:            f4a10675bcc0bfef8eb52ca59af32463
Activity.SpanId:             2ac8ec0bd4c0dabd
Activity.TraceFlags:         Recorded
Activity.ActivitySourceName: Microsoft.AspNetCore
Activity.DisplayName:        DELETE api/Roles/{id:guid}
Activity.Kind:               Server
Activity.StartTime:          2025-09-11T06:33:02.4609113Z
Activity.Duration:           00:00:00.0869286
Activity.Tags:
    server.address: localhost
    http.request.method: DELETE
    url.scheme: http
    url.path: /api/roles/f4f776d3-0eb1-43b1-9934-fa09ae99821e
    network.protocol.version: 1.1
    http.route: api/Roles/{id:guid}
    http.response.status_code: 204
Resource associated with Activity:
    deployment.environment: Testing
    service.name: Crud.Api
    service.version: 1.0.0
    service.instance.id: 10e2e254-224c-48e1-a2d2-8bbb5483cf26
    telemetry.sdk.name: opentelemetry
    telemetry.sdk.language: dotnet
    telemetry.sdk.version: 1.8.1
[06:33:02 INF] Resetting database for worker 17480 {"SourceContext": "Infrastructure.Services.DatabaseTestService", "Application": "Crud.Api"}
[06:33:02 INF] Resetting database via file deletion for worker 17480 in CI environment {"SourceContext": "Infrastructure.Services.DatabaseTestService", "Application": "Crud.Api"}
[06:33:02 INF] Acquiring database mutex for worker 17480... {"SourceContext": "Infrastructure.Services.DatabaseTestService", "Application": "Crud.Api"}
[06:33:02 INF] Database mutex acquired for worker 17480 {"SourceContext": "Infrastructure.Services.DatabaseTestService", "Application": "Crud.Api"}
[06:33:02 INF] Current database state - CanConnect: True {"SourceContext": "Infrastructure.Services.DatabaseTestService", "Application": "Crud.Api"}
[06:33:02 INF] [Phase 0] Closing database connection for worker 17480... {"SourceContext": "Infrastructure.Services.DatabaseTestService", "Application": "Crud.Api"}
[06:33:02 INF] [Phase 0] Connection closed in 0.0019ms {"SourceContext": "Infrastructure.Services.DatabaseTestService", "Application": "Crud.Api"}
[06:33:02 INF] [Phase 1] Starting EnsureDeletedAsync for worker 17480... {"SourceContext": "Infrastructure.Services.DatabaseTestService", "Application": "Crud.Api"}
[06:33:02 INF] [Phase 1] EnsureDeletedAsync completed in 1.7716ms {"SourceContext": "Infrastructure.Services.DatabaseTestService", "Application": "Crud.Api"}
[06:33:02 INF] [Phase 2] Starting EnsureCreatedAsync for worker 17480... {"SourceContext": "Infrastructure.Services.DatabaseTestService", "Application": "Crud.Api"}
[06:33:02 INF] [Phase 2] EnsureCreatedAsync completed in 11.2499ms {"SourceContext": "Infrastructure.Services.DatabaseTestService", "Application": "Crud.Api"}
[06:33:02 INF] [Phase 3] Skipping database seeding as requested for worker 17480 {"SourceContext": "Infrastructure.Services.DatabaseTestService", "Application": "Crud.Api"}
[06:33:02 INF] Database reset via file deletion completed for worker 17480 in 115.2303ms (Close: 0.0019ms, Delete: 1.7716ms, Create: 11.2499ms) {"SourceContext": "Infrastructure.Services.DatabaseTestService", "Application": "Crud.Api"}
[06:33:02 INF] Releasing database mutex for worker 17480 {"SourceContext": "Infrastructure.Services.DatabaseTestService", "Application": "Crud.Api"}
[06:33:02 INF] User registered successfully: 2134ac5f-a7c6-4876-b705-4f80ac0d517e {"SourceContext": "App.Features.Authentication.RegisterUserCommandHandler", "ActionId": "bb7f1630-1c31-4040-acd8-f69ed1f37c75", "ActionName": "Api.Controllers.AuthController.Register (Api)", "RequestId": "0HNFGVK4NGCI3", "RequestPath": "/api/auth/register", "Application": "Crud.Api"}
Activity.TraceId:            81424b6c3465f8e4dc5779cb7a339a5b
Activity.SpanId:             4b4bebc58fe1476e
Activity.TraceFlags:         Recorded
Activity.ActivitySourceName: Microsoft.AspNetCore
Activity.DisplayName:        POST api/Auth/register
Activity.Kind:               Server
Activity.StartTime:          2025-09-11T06:33:02.6774665Z
Activity.Duration:           00:00:00.2981919
Activity.Tags:
    server.address: localhost
    http.request.method: POST
    url.scheme: http
    url.path: /api/auth/register
    network.protocol.version: 1.1
    http.route: api/Auth/register
    http.response.status_code: 200
Resource associated with Activity:
    deployment.environment: Testing
    service.name: Crud.Api
    service.version: 1.0.0
    service.instance.id: 10e2e254-224c-48e1-a2d2-8bbb5483cf26
    telemetry.sdk.name: opentelemetry
    telemetry.sdk.language: dotnet
    telemetry.sdk.version: 1.8.1
[06:33:03 INF] User logged in successfully: 2134ac5f-a7c6-4876-b705-4f80ac0d517e {"SourceContext": "App.Features.Authentication.LoginCommandHandler", "ActionId": "54bcfe1f-cdd2-493b-aa6f-8bbf8be910c6", "ActionName": "Api.Controllers.AuthController.Login (Api)", "RequestId": "0HNFGVK4NGCI4", "RequestPath": "/api/auth/login", "Application": "Crud.Api"}
Activity.TraceId:            5292fa6dd82415377e67e129267e1c45
Activity.SpanId:             624748639ab420ad
Activity.TraceFlags:         Recorded
Activity.ActivitySourceName: Microsoft.AspNetCore
Activity.DisplayName:        POST api/Auth/login
Activity.Kind:               Server
Activity.StartTime:          2025-09-11T06:33:02.9775693Z
Activity.Duration:           00:00:00.2986433
Activity.Tags:
    server.address: localhost
    http.request.method: POST
    url.scheme: http
    url.path: /api/auth/login
    network.protocol.version: 1.1
    http.route: api/Auth/login
    http.response.status_code: 200
Resource associated with Activity:
    deployment.environment: Testing
    service.name: Crud.Api
    service.version: 1.0.0
    service.instance.id: 10e2e254-224c-48e1-a2d2-8bbb5483cf26
    telemetry.sdk.name: opentelemetry
    telemetry.sdk.language: dotnet
    telemetry.sdk.version: 1.8.1
[06:33:03 DBG] Cache miss for key: name:role:admin {"SourceContext": "Infrastructure.Services.Caching.InMemoryCacheService", "ActionId": "4bc7b6e9-5959-4527-9d86-3a9bf3bfe09f", "ActionName": "Api.Controllers.RolesController.Create (Api)", "RequestId": "0HNFGVK4NGCI5", "RequestPath": "/api/roles", "Application": "Crud.Api"}
[06:33:03 DBG] Removed cache value for key: entity:role:589d9def44a94970be65829e6efb2f7b {"SourceContext": "Infrastructure.Services.Caching.InMemoryCacheService", "ActionId": "4bc7b6e9-5959-4527-9d86-3a9bf3bfe09f", "ActionName": "Api.Controllers.RolesController.Create (Api)", "RequestId": "0HNFGVK4NGCI5", "RequestPath": "/api/roles", "Application": "Crud.Api"}
[06:33:03 DBG] Removed cache value for key: list:role {"SourceContext": "Infrastructure.Services.Caching.InMemoryCacheService", "ActionId": "4bc7b6e9-5959-4527-9d86-3a9bf3bfe09f", "ActionName": "Api.Controllers.RolesController.Create (Api)", "RequestId": "0HNFGVK4NGCI5", "RequestPath": "/api/roles", "Application": "Crud.Api"}
[06:33:03 DBG] Invalidating cache for entity type: roles with tag: roles {"SourceContext": "Api.Services.OutputCacheInvalidationService", "ActionId": "4bc7b6e9-5959-4527-9d86-3a9bf3bfe09f", "ActionName": "Api.Controllers.RolesController.Create (Api)", "RequestId": "0HNFGVK4NGCI5", "RequestPath": "/api/roles", "Application": "Crud.Api"}
[06:33:03 INF] Successfully invalidated cache for entity type: roles {"SourceContext": "Api.Services.OutputCacheInvalidationService", "ActionId": "4bc7b6e9-5959-4527-9d86-3a9bf3bfe09f", "ActionName": "Api.Controllers.RolesController.Create (Api)", "RequestId": "0HNFGVK4NGCI5", "RequestPath": "/api/roles", "Application": "Crud.Api"}
Activity.TraceId:            1f3de48b333d716e0f4a647dd1d6751d
Activity.SpanId:             9293fcc484096e15
Activity.TraceFlags:         Recorded
Activity.ActivitySourceName: Microsoft.AspNetCore
Activity.DisplayName:        POST api/Roles
Activity.Kind:               Server
Activity.StartTime:          2025-09-11T06:33:03.2780773Z
Activity.Duration:           00:00:00.0556828
Activity.Tags:
    server.address: localhost
    http.request.method: POST
    url.scheme: http
    url.path: /api/roles
    network.protocol.version: 1.1
    http.route: api/Roles
    http.response.status_code: 201
Resource associated with Activity:
    deployment.environment: Testing
    service.name: Crud.Api
    service.version: 1.0.0
    service.instance.id: 10e2e254-224c-48e1-a2d2-8bbb5483cf26
    telemetry.sdk.name: opentelemetry
    telemetry.sdk.language: dotnet
    telemetry.sdk.version: 1.8.1
[06:33:03 INF] User registered successfully: 2c7fab79-c6c2-4fd6-9a09-dba99bb37c25 {"SourceContext": "App.Features.Authentication.RegisterUserCommandHandler", "ActionId": "bb7f1630-1c31-4040-acd8-f69ed1f37c75", "ActionName": "Api.Controllers.AuthController.Register (Api)", "RequestId": "0HNFGVK4NGCI6", "RequestPath": "/api/auth/register", "Application": "Crud.Api"}
Activity.TraceId:            9d20c3d7d81b2f65149fb255c8556bf1
Activity.SpanId:             c49994e6c21beda6
Activity.TraceFlags:         Recorded
Activity.ActivitySourceName: Microsoft.AspNetCore
Activity.DisplayName:        POST api/Auth/register
Activity.Kind:               Server
Activity.StartTime:          2025-09-11T06:33:03.3343726Z
Activity.Duration:           00:00:00.3003277
Activity.Tags:
    server.address: localhost
    http.request.method: POST
    url.scheme: http
    url.path: /api/auth/register
    network.protocol.version: 1.1
    http.route: api/Auth/register
    http.response.status_code: 200
Resource associated with Activity:
    deployment.environment: Testing
    service.name: Crud.Api
    service.version: 1.0.0
    service.instance.id: 10e2e254-224c-48e1-a2d2-8bbb5483cf26
    telemetry.sdk.name: opentelemetry
    telemetry.sdk.language: dotnet
    telemetry.sdk.version: 1.8.1
[06:33:03 INF] User logged in successfully: 2c7fab79-c6c2-4fd6-9a09-dba99bb37c25 {"SourceContext": "App.Features.Authentication.LoginCommandHandler", "ActionId": "54bcfe1f-cdd2-493b-aa6f-8bbf8be910c6", "ActionName": "Api.Controllers.AuthController.Login (Api)", "RequestId": "0HNFGVK4NGCI7", "RequestPath": "/api/auth/login", "Application": "Crud.Api"}
Activity.TraceId:            e96fbcaeb6d1b7046b4abd20234357b9
Activity.SpanId:             e712d11042c9f797
Activity.TraceFlags:         Recorded
Activity.ActivitySourceName: Microsoft.AspNetCore
Activity.DisplayName:        POST api/Auth/login
Activity.Kind:               Server
Activity.StartTime:          2025-09-11T06:33:03.6365625Z
Activity.Duration:           00:00:00.2998176
Activity.Tags:
    server.address: localhost
    http.request.method: POST
    url.scheme: http
    url.path: /api/auth/login
    network.protocol.version: 1.1
    http.route: api/Auth/login
    http.response.status_code: 200
Resource associated with Activity:
    deployment.environment: Testing
    service.name: Crud.Api
    service.version: 1.0.0
    service.instance.id: 10e2e254-224c-48e1-a2d2-8bbb5483cf26
    telemetry.sdk.name: opentelemetry
    telemetry.sdk.language: dotnet
    telemetry.sdk.version: 1.8.1
[06:33:03 DBG] Cache miss for key: name:role:user {"SourceContext": "Infrastructure.Services.Caching.InMemoryCacheService", "ActionId": "4bc7b6e9-5959-4527-9d86-3a9bf3bfe09f", "ActionName": "Api.Controllers.RolesController.Create (Api)", "RequestId": "0HNFGVK4NGCI8", "RequestPath": "/api/roles", "Application": "Crud.Api"}
[06:33:03 DBG] Removed cache value for key: entity:role:31cf24eee86d4087901c2f8a71868e8d {"SourceContext": "Infrastructure.Services.Caching.InMemoryCacheService", "ActionId": "4bc7b6e9-5959-4527-9d86-3a9bf3bfe09f", "ActionName": "Api.Controllers.RolesController.Create (Api)", "RequestId": "0HNFGVK4NGCI8", "RequestPath": "/api/roles", "Application": "Crud.Api"}
[06:33:03 DBG] Removed cache value for key: list:role {"SourceContext": "Infrastructure.Services.Caching.InMemoryCacheService", "ActionId": "4bc7b6e9-5959-4527-9d86-3a9bf3bfe09f", "ActionName": "Api.Controllers.RolesController.Create (Api)", "RequestId": "0HNFGVK4NGCI8", "RequestPath": "/api/roles", "Application": "Crud.Api"}
[06:33:03 DBG] Invalidating cache for entity type: roles with tag: roles {"SourceContext": "Api.Services.OutputCacheInvalidationService", "ActionId": "4bc7b6e9-5959-4527-9d86-3a9bf3bfe09f", "ActionName": "Api.Controllers.RolesController.Create (Api)", "RequestId": "0HNFGVK4NGCI8", "RequestPath": "/api/roles", "Application": "Crud.Api"}
[06:33:03 INF] Successfully invalidated cache for entity type: roles {"SourceContext": "Api.Services.OutputCacheInvalidationService", "ActionId": "4bc7b6e9-5959-4527-9d86-3a9bf3bfe09f", "ActionName": "Api.Controllers.RolesController.Create (Api)", "RequestId": "0HNFGVK4NGCI8", "RequestPath": "/api/roles", "Application": "Crud.Api"}
Activity.TraceId:            08dc781568bf79901404c3c62c7f8891
Activity.SpanId:             3f8610665eead390
Activity.TraceFlags:         Recorded
Activity.ActivitySourceName: Microsoft.AspNetCore
Activity.DisplayName:        POST api/Roles
Activity.Kind:               Server
Activity.StartTime:          2025-09-11T06:33:03.9367936Z
Activity.Duration:           00:00:00.0072721
Activity.Tags:
    server.address: localhost
    http.request.method: POST
    url.scheme: http
    url.path: /api/roles
    network.protocol.version: 1.1
    http.route: api/Roles
    http.response.status_code: 201
Resource associated with Activity:
    deployment.environment: Testing
    service.name: Crud.Api
    service.version: 1.0.0
    service.instance.id: 10e2e254-224c-48e1-a2d2-8bbb5483cf26
    telemetry.sdk.name: opentelemetry
    telemetry.sdk.language: dotnet
    telemetry.sdk.version: 1.8.1
[06:33:04 INF] User registered successfully: f3f34ff1-a4ed-4e32-b224-ef0be76161e6 {"SourceContext": "App.Features.Authentication.RegisterUserCommandHandler", "ActionId": "bb7f1630-1c31-4040-acd8-f69ed1f37c75", "ActionName": "Api.Controllers.AuthController.Register (Api)", "RequestId": "0HNFGVK4NGCI9", "RequestPath": "/api/auth/register", "Application": "Crud.Api"}
Activity.TraceId:            c07be799825d6a9ae1c7b96e4d9777c7
Activity.SpanId:             3051ca43a390ad85
Activity.TraceFlags:         Recorded
Activity.ActivitySourceName: Microsoft.AspNetCore
Activity.DisplayName:        POST api/Auth/register
Activity.Kind:               Server
Activity.StartTime:          2025-09-11T06:33:03.9454751Z
Activity.Duration:           00:00:00.2993554
Activity.Tags:
    server.address: localhost
    http.request.method: POST
    url.scheme: http
    url.path: /api/auth/register
    network.protocol.version: 1.1
    http.route: api/Auth/register
    http.response.status_code: 200
Resource associated with Activity:
    deployment.environment: Testing
    service.name: Crud.Api
    service.version: 1.0.0
    service.instance.id: 10e2e254-224c-48e1-a2d2-8bbb5483cf26
    telemetry.sdk.name: opentelemetry
    telemetry.sdk.language: dotnet
    telemetry.sdk.version: 1.8.1
[06:33:04 DBG] Cache miss for key: list:role {"SourceContext": "Infrastructure.Services.Caching.InMemoryCacheService", "ActionId": "f0fa675a-f143-43d0-a479-fb18d6931907", "ActionName": "Api.Controllers.RolesController.List (Api)", "RequestId": "0HNFGVK4NGCIA", "RequestPath": "/api/roles", "Application": "Crud.Api"}
[06:33:04 DBG] Set cache value for key: list:role {"SourceContext": "Infrastructure.Services.Caching.InMemoryCacheService", "ActionId": "f0fa675a-f143-43d0-a479-fb18d6931907", "ActionName": "Api.Controllers.RolesController.List (Api)", "RequestId": "0HNFGVK4NGCIA", "RequestPath": "/api/roles", "Application": "Crud.Api"}
Activity.TraceId:            6013d36e63c8c9010b98e8d8fab0ffbc
Activity.SpanId:             461cb42e1aaf24e3
Activity.TraceFlags:         Recorded
Activity.ActivitySourceName: Microsoft.AspNetCore
Activity.DisplayName:        GET api/Roles
Activity.Kind:               Server
Activity.StartTime:          2025-09-11T06:33:04.2464635Z
Activity.Duration:           00:00:00.0197080
Activity.Tags:
    server.address: localhost
    http.request.method: GET
    url.scheme: http
    url.path: /api/roles
    network.protocol.version: 1.1
    http.route: api/Roles
    http.response.status_code: 200
Resource associated with Activity:
    deployment.environment: Testing
    service.name: Crud.Api
    service.version: 1.0.0
    service.instance.id: 10e2e254-224c-48e1-a2d2-8bbb5483cf26
    telemetry.sdk.name: opentelemetry
    telemetry.sdk.language: dotnet
    telemetry.sdk.version: 1.8.1
[06:33:04 INF] Resetting database for worker 17480 {"SourceContext": "Infrastructure.Services.DatabaseTestService", "Application": "Crud.Api"}
[06:33:04 INF] Resetting database via file deletion for worker 17480 in CI environment {"SourceContext": "Infrastructure.Services.DatabaseTestService", "Application": "Crud.Api"}
[06:33:04 INF] Acquiring database mutex for worker 17480... {"SourceContext": "Infrastructure.Services.DatabaseTestService", "Application": "Crud.Api"}
[06:33:04 INF] Database mutex acquired for worker 17480 {"SourceContext": "Infrastructure.Services.DatabaseTestService", "Application": "Crud.Api"}
[06:33:04 INF] Current database state - CanConnect: True {"SourceContext": "Infrastructure.Services.DatabaseTestService", "Application": "Crud.Api"}
[06:33:04 INF] [Phase 0] Closing database connection for worker 17480... {"SourceContext": "Infrastructure.Services.DatabaseTestService", "Application": "Crud.Api"}
[06:33:04 INF] [Phase 0] Connection closed in 0.0014ms {"SourceContext": "Infrastructure.Services.DatabaseTestService", "Application": "Crud.Api"}
[06:33:04 INF] [Phase 1] Starting EnsureDeletedAsync for worker 17480... {"SourceContext": "Infrastructure.Services.DatabaseTestService", "Application": "Crud.Api"}
[06:33:04 INF] [Phase 1] EnsureDeletedAsync completed in 1.9495ms {"SourceContext": "Infrastructure.Services.DatabaseTestService", "Application": "Crud.Api"}
[06:33:04 INF] [Phase 2] Starting EnsureCreatedAsync for worker 17480... {"SourceContext": "Infrastructure.Services.DatabaseTestService", "Application": "Crud.Api"}
[06:33:04 INF] [Phase 2] EnsureCreatedAsync completed in 8.4641ms {"SourceContext": "Infrastructure.Services.DatabaseTestService", "Application": "Crud.Api"}
[06:33:04 INF] [Phase 3] Skipping database seeding as requested for worker 17480 {"SourceContext": "Infrastructure.Services.DatabaseTestService", "Application": "Crud.Api"}
[06:33:04 INF] Database reset via file deletion completed for worker 17480 in 110.564ms (Close: 0.0014ms, Delete: 1.9495ms, Create: 8.4641ms) {"SourceContext": "Infrastructure.Services.DatabaseTestService", "Application": "Crud.Api"}
[06:33:04 INF] Releasing database mutex for worker 17480 {"SourceContext": "Infrastructure.Services.DatabaseTestService", "Application": "Crud.Api"}
[06:33:04 INF] User registered successfully: 0885cbb4-9396-421e-b187-b58841b65eb5 {"SourceContext": "App.Features.Authentication.RegisterUserCommandHandler", "ActionId": "bb7f1630-1c31-4040-acd8-f69ed1f37c75", "ActionName": "Api.Controllers.AuthController.Register (Api)", "RequestId": "0HNFGVK4NGCIB", "RequestPath": "/api/auth/register", "Application": "Crud.Api"}
Activity.TraceId:            9d1e2cbd77c6a6b69009465e62e32232
Activity.SpanId:             0057a777a372cb8d
Activity.TraceFlags:         Recorded
Activity.ActivitySourceName: Microsoft.AspNetCore
Activity.DisplayName:        POST api/Auth/register
Activity.Kind:               Server
Activity.StartTime:          2025-09-11T06:33:04.3845066Z
Activity.Duration:           00:00:00.2979533
Activity.Tags:
    server.address: localhost
    http.request.method: POST
    url.scheme: http
    url.path: /api/auth/register
    network.protocol.version: 1.1
    http.route: api/Auth/register
    http.response.status_code: 200
Resource associated with Activity:
    deployment.environment: Testing
    service.name: Crud.Api
    service.version: 1.0.0
    service.instance.id: 10e2e254-224c-48e1-a2d2-8bbb5483cf26
    telemetry.sdk.name: opentelemetry
    telemetry.sdk.language: dotnet
    telemetry.sdk.version: 1.8.1
[06:33:04 INF] User logged in successfully: 0885cbb4-9396-421e-b187-b58841b65eb5 {"SourceContext": "App.Features.Authentication.LoginCommandHandler", "ActionId": "54bcfe1f-cdd2-493b-aa6f-8bbf8be910c6", "ActionName": "Api.Controllers.AuthController.Login (Api)", "RequestId": "0HNFGVK4NGCIC", "RequestPath": "/api/auth/login", "Application": "Crud.Api"}
Activity.TraceId:            39358beadb51a3e2e9b1b803c27f9329
Activity.SpanId:             0d4c1accfc24300b
Activity.TraceFlags:         Recorded
Activity.ActivitySourceName: Microsoft.AspNetCore
Activity.DisplayName:        POST api/Auth/login
Activity.Kind:               Server
Activity.StartTime:          2025-09-11T06:33:04.6844393Z
Activity.Duration:           00:00:00.2981453
Activity.Tags:
    server.address: localhost
    http.request.method: POST
    url.scheme: http
    url.path: /api/auth/login
    network.protocol.version: 1.1
    http.route: api/Auth/login
    http.response.status_code: 200
Resource associated with Activity:
    deployment.environment: Testing
    service.name: Crud.Api
    service.version: 1.0.0
    service.instance.id: 10e2e254-224c-48e1-a2d2-8bbb5483cf26
    telemetry.sdk.name: opentelemetry
    telemetry.sdk.language: dotnet
    telemetry.sdk.version: 1.8.1
[06:33:04 DBG] Cache miss for key: name:role:todelete {"SourceContext": "Infrastructure.Services.Caching.InMemoryCacheService", "ActionId": "4bc7b6e9-5959-4527-9d86-3a9bf3bfe09f", "ActionName": "Api.Controllers.RolesController.Create (Api)", "RequestId": "0HNFGVK4NGCID", "RequestPath": "/api/roles", "Application": "Crud.Api"}
[06:33:04 DBG] Removed cache value for key: entity:role:7d3616c59b364b58939d25cabb1b6105 {"SourceContext": "Infrastructure.Services.Caching.InMemoryCacheService", "ActionId": "4bc7b6e9-5959-4527-9d86-3a9bf3bfe09f", "ActionName": "Api.Controllers.RolesController.Create (Api)", "RequestId": "0HNFGVK4NGCID", "RequestPath": "/api/roles", "Application": "Crud.Api"}
[06:33:04 DBG] Removed cache value for key: list:role {"SourceContext": "Infrastructure.Services.Caching.InMemoryCacheService", "ActionId": "4bc7b6e9-5959-4527-9d86-3a9bf3bfe09f", "ActionName": "Api.Controllers.RolesController.Create (Api)", "RequestId": "0HNFGVK4NGCID", "RequestPath": "/api/roles", "Application": "Crud.Api"}
[06:33:04 DBG] Invalidating cache for entity type: roles with tag: roles {"SourceContext": "Api.Services.OutputCacheInvalidationService", "ActionId": "4bc7b6e9-5959-4527-9d86-3a9bf3bfe09f", "ActionName": "Api.Controllers.RolesController.Create (Api)", "RequestId": "0HNFGVK4NGCID", "RequestPath": "/api/roles", "Application": "Crud.Api"}
[06:33:04 INF] Successfully invalidated cache for entity type: roles {"SourceContext": "Api.Services.OutputCacheInvalidationService", "ActionId": "4bc7b6e9-5959-4527-9d86-3a9bf3bfe09f", "ActionName": "Api.Controllers.RolesController.Create (Api)", "RequestId": "0HNFGVK4NGCID", "RequestPath": "/api/roles", "Application": "Crud.Api"}
Activity.TraceId:            659de9d5ff07db2005490c7f96fe7df5
Activity.SpanId:             ad36c3ca66e4cfa3
Activity.TraceFlags:         Recorded
Activity.ActivitySourceName: Microsoft.AspNetCore
Activity.DisplayName:        POST api/Roles
Activity.Kind:               Server
Activity.StartTime:          2025-09-11T06:33:04.9837251Z
Activity.Duration:           00:00:00.0047659
Activity.Tags:
    server.address: localhost
    http.request.method: POST
    url.scheme: http
    url.path: /api/roles
    network.protocol.version: 1.1
    http.route: api/Roles
    http.response.status_code: 201
Resource associated with Activity:
    deployment.environment: Testing
    service.name: Crud.Api
    service.version: 1.0.0
    service.instance.id: 10e2e254-224c-48e1-a2d2-8bbb5483cf26
    telemetry.sdk.name: opentelemetry
    telemetry.sdk.language: dotnet
    telemetry.sdk.version: 1.8.1
[06:33:05 INF] User registered successfully: 7183f599-20f2-4f9d-8f36-5c4fc3c7a93a {"SourceContext": "App.Features.Authentication.RegisterUserCommandHandler", "ActionId": "bb7f1630-1c31-4040-acd8-f69ed1f37c75", "ActionName": "Api.Controllers.AuthController.Register (Api)", "RequestId": "0HNFGVK4NGCIE", "RequestPath": "/api/auth/register", "Application": "Crud.Api"}
Activity.TraceId:            d17e62a953007ff4eb5b3b197f3e696b
Activity.SpanId:             4cedd14a4643f26a
Activity.TraceFlags:         Recorded
Activity.ActivitySourceName: Microsoft.AspNetCore
Activity.DisplayName:        POST api/Auth/register
Activity.Kind:               Server
Activity.StartTime:          2025-09-11T06:33:04.9894341Z
Activity.Duration:           00:00:00.2987296
Activity.Tags:
    server.address: localhost
    http.request.method: POST
    url.scheme: http
    url.path: /api/auth/register
    network.protocol.version: 1.1
    http.route: api/Auth/register
    http.response.status_code: 200
Resource associated with Activity:
    deployment.environment: Testing
    service.name: Crud.Api
    service.version: 1.0.0
    service.instance.id: 10e2e254-224c-48e1-a2d2-8bbb5483cf26
    telemetry.sdk.name: opentelemetry
    telemetry.sdk.language: dotnet
    telemetry.sdk.version: 1.8.1
[06:33:05 INF] User logged in successfully: 7183f599-20f2-4f9d-8f36-5c4fc3c7a93a {"SourceContext": "App.Features.Authentication.LoginCommandHandler", "ActionId": "54bcfe1f-cdd2-493b-aa6f-8bbf8be910c6", "ActionName": "Api.Controllers.AuthController.Login (Api)", "RequestId": "0HNFGVK4NGCIF", "RequestPath": "/api/auth/login", "Application": "Crud.Api"}
Activity.TraceId:            cc94ca19a1feacd8d43ccbced63b8493
Activity.SpanId:             c0ba0dc944e1181e
Activity.TraceFlags:         Recorded
Activity.ActivitySourceName: Microsoft.AspNetCore
Activity.DisplayName:        POST api/Auth/login
Activity.Kind:               Server
Activity.StartTime:          2025-09-11T06:33:05.2896843Z
Activity.Duration:           00:00:00.2979072
Activity.Tags:
    server.address: localhost
    http.request.method: POST
    url.scheme: http
    url.path: /api/auth/login
    network.protocol.version: 1.1
    http.route: api/Auth/login
    http.response.status_code: 200
Resource associated with Activity:
    deployment.environment: Testing
    service.name: Crud.Api
    service.version: 1.0.0
    service.instance.id: 10e2e254-224c-48e1-a2d2-8bbb5483cf26
    telemetry.sdk.name: opentelemetry
    telemetry.sdk.language: dotnet
    telemetry.sdk.version: 1.8.1
[06:33:05 DBG] Removed cache value for key: entity:role:7d3616c59b364b58939d25cabb1b6105 {"SourceContext": "Infrastructure.Services.Caching.InMemoryCacheService", "ActionId": "0e63c196-84ab-405d-a0cc-2b074860ca28", "ActionName": "Api.Controllers.RolesController.Delete (Api)", "RequestId": "0HNFGVK4NGCIG", "RequestPath": "/api/roles/7d3616c5-9b36-4b58-939d-25cabb1b6105", "Application": "Crud.Api"}
[06:33:05 DBG] Removed cache value for key: list:role {"SourceContext": "Infrastructure.Services.Caching.InMemoryCacheService", "ActionId": "0e63c196-84ab-405d-a0cc-2b074860ca28", "ActionName": "Api.Controllers.RolesController.Delete (Api)", "RequestId": "0HNFGVK4NGCIG", "RequestPath": "/api/roles/7d3616c5-9b36-4b58-939d-25cabb1b6105", "Application": "Crud.Api"}
[06:33:05 DBG] Invalidating cache for entity: roles/7d3616c5-9b36-4b58-939d-25cabb1b6105 with tags: roles, roles:7d3616c5-9b36-4b58-939d-25cabb1b6105 {"SourceContext": "Api.Services.OutputCacheInvalidationService", "ActionId": "0e63c196-84ab-405d-a0cc-2b074860ca28", "ActionName": "Api.Controllers.RolesController.Delete (Api)", "RequestId": "0HNFGVK4NGCIG", "RequestPath": "/api/roles/7d3616c5-9b36-4b58-939d-25cabb1b6105", "Application": "Crud.Api"}
[06:33:05 DBG] Successfully invalidated cache for tag: roles {"SourceContext": "Api.Services.OutputCacheInvalidationService", "ActionId": "0e63c196-84ab-405d-a0cc-2b074860ca28", "ActionName": "Api.Controllers.RolesController.Delete (Api)", "RequestId": "0HNFGVK4NGCIG", "RequestPath": "/api/roles/7d3616c5-9b36-4b58-939d-25cabb1b6105", "Application": "Crud.Api"}
[06:33:05 DBG] Successfully invalidated cache for tag: roles:7d3616c5-9b36-4b58-939d-25cabb1b6105 {"SourceContext": "Api.Services.OutputCacheInvalidationService", "ActionId": "0e63c196-84ab-405d-a0cc-2b074860ca28", "ActionName": "Api.Controllers.RolesController.Delete (Api)", "RequestId": "0HNFGVK4NGCIG", "RequestPath": "/api/roles/7d3616c5-9b36-4b58-939d-25cabb1b6105", "Application": "Crud.Api"}
Activity.TraceId:            cdcef65583e300ebd34db682b13b652c
Activity.SpanId:             06de5dc8ccc13f59
Activity.TraceFlags:         Recorded
Activity.ActivitySourceName: Microsoft.AspNetCore
Activity.DisplayName:        DELETE api/Roles/{id:guid}
Activity.Kind:               Server
Activity.StartTime:          2025-09-11T06:33:05.5878681Z
Activity.Duration:           00:00:00.0163075
Activity.Tags:
    server.address: localhost
    http.request.method: DELETE
    url.scheme: http
    url.path: /api/roles/7d3616c5-9b36-4b58-939d-25cabb1b6105
    network.protocol.version: 1.1
    http.route: api/Roles/{id:guid}
    http.response.status_code: 204
Resource associated with Activity:
    deployment.environment: Testing
    service.name: Crud.Api
    service.version: 1.0.0
    service.instance.id: 10e2e254-224c-48e1-a2d2-8bbb5483cf26
    telemetry.sdk.name: opentelemetry
    telemetry.sdk.language: dotnet
    telemetry.sdk.version: 1.8.1
[06:33:05 INF] User registered successfully: 04123bb6-988f-4f8c-b762-28cad0a8ce92 {"SourceContext": "App.Features.Authentication.RegisterUserCommandHandler", "ActionId": "bb7f1630-1c31-4040-acd8-f69ed1f37c75", "ActionName": "Api.Controllers.AuthController.Register (Api)", "RequestId": "0HNFGVK4NGCIH", "RequestPath": "/api/auth/register", "Application": "Crud.Api"}
Activity.TraceId:            5e4b479a4d9c9e80aed1d4b9599aa6cb
Activity.SpanId:             74bba175f23c5789
Activity.TraceFlags:         Recorded
Activity.ActivitySourceName: Microsoft.AspNetCore
Activity.DisplayName:        POST api/Auth/register
Activity.Kind:               Server
Activity.StartTime:          2025-09-11T06:33:05.6044349Z
Activity.Duration:           00:00:00.2975691
Activity.Tags:
    server.address: localhost
    http.request.method: POST
    url.scheme: http
    url.path: /api/auth/register
    network.protocol.version: 1.1
    http.route: api/Auth/register
    http.response.status_code: 200
Resource associated with Activity:
    deployment.environment: Testing
    service.name: Crud.Api
    service.version: 1.0.0
    service.instance.id: 10e2e254-224c-48e1-a2d2-8bbb5483cf26
    telemetry.sdk.name: opentelemetry
    telemetry.sdk.language: dotnet
    telemetry.sdk.version: 1.8.1
[06:33:05 DBG] Cache miss for key: entity:role:7d3616c59b364b58939d25cabb1b6105 {"SourceContext": "Infrastructure.Services.Caching.InMemoryCacheService", "ActionId": "b5c810e1-e328-4869-ac1f-bc34bd7e9541", "ActionName": "Api.Controllers.RolesController.Get (Api)", "RequestId": "0HNFGVK4NGCII", "RequestPath": "/api/roles/7d3616c5-9b36-4b58-939d-25cabb1b6105", "Application": "Crud.Api"}
Activity.TraceId:            b72e259a5eb906a52716b6e020948d95
Activity.SpanId:             d05cd9e6d3dc1d07
Activity.TraceFlags:         Recorded
Activity.ActivitySourceName: Microsoft.AspNetCore
Activity.DisplayName:        GET api/Roles/{id:guid}
Activity.Kind:               Server
Activity.StartTime:          2025-09-11T06:33:05.9026133Z
Activity.Duration:           00:00:00.0201645
Activity.Tags:
    server.address: localhost
    http.request.method: GET
    url.scheme: http
    url.path: /api/roles/7d3616c5-9b36-4b58-939d-25cabb1b6105
    network.protocol.version: 1.1
    http.route: api/Roles/{id:guid}
    http.response.status_code: 404
Resource associated with Activity:
    deployment.environment: Testing
    service.name: Crud.Api
    service.version: 1.0.0
    service.instance.id: 10e2e254-224c-48e1-a2d2-8bbb5483cf26
    telemetry.sdk.name: opentelemetry
    telemetry.sdk.language: dotnet
    telemetry.sdk.version: 1.8.1
[06:33:06 INF] User registered successfully: f0d85aee-4c14-4e75-ba4a-e49653b46a44 {"SourceContext": "App.Features.Authentication.RegisterUserCommandHandler", "ActionId": "bb7f1630-1c31-4040-acd8-f69ed1f37c75", "ActionName": "Api.Controllers.AuthController.Register (Api)", "RequestId": "0HNFGVK4NGCIJ", "RequestPath": "/api/auth/register", "Application": "Crud.Api"}
Activity.TraceId:            c615eeb7880f9ad62adb79a823dd9ad7
Activity.SpanId:             19c05780b90d2c27
Activity.TraceFlags:         Recorded
Activity.ActivitySourceName: Microsoft.AspNetCore
Activity.DisplayName:        POST api/Auth/register
Activity.Kind:               Server
Activity.StartTime:          2025-09-11T06:33:05.9250185Z
Activity.Duration:           00:00:00.2978078
Activity.Tags:
    server.address: localhost
    http.request.method: POST
    url.scheme: http
    url.path: /api/auth/register
    network.protocol.version: 1.1
    http.route: api/Auth/register
    http.response.status_code: 200
Resource associated with Activity:
    deployment.environment: Testing
    service.name: Crud.Api
    service.version: 1.0.0
    service.instance.id: 10e2e254-224c-48e1-a2d2-8bbb5483cf26
    telemetry.sdk.name: opentelemetry
    telemetry.sdk.language: dotnet
    telemetry.sdk.version: 1.8.1
[06:33:06 INF] User logged in successfully: f0d85aee-4c14-4e75-ba4a-e49653b46a44 {"SourceContext": "App.Features.Authentication.LoginCommandHandler", "ActionId": "54bcfe1f-cdd2-493b-aa6f-8bbf8be910c6", "ActionName": "Api.Controllers.AuthController.Login (Api)", "RequestId": "0HNFGVK4NGCIK", "RequestPath": "/api/auth/login", "Application": "Crud.Api"}
Activity.TraceId:            d22004671f87f073188c9e9ad47b57fa
Activity.SpanId:             5845344307eb4d53
Activity.TraceFlags:         Recorded
Activity.ActivitySourceName: Microsoft.AspNetCore
Activity.DisplayName:        POST api/Auth/login
Activity.Kind:               Server
Activity.StartTime:          2025-09-11T06:33:06.2248756Z
Activity.Duration:           00:00:00.2990421
Activity.Tags:
    server.address: localhost
    http.request.method: POST
    url.scheme: http
    url.path: /api/auth/login
    network.protocol.version: 1.1
    http.route: api/Auth/login
    http.response.status_code: 200
Resource associated with Activity:
    deployment.environment: Testing
    service.name: Crud.Api
    service.version: 1.0.0
    service.instance.id: 10e2e254-224c-48e1-a2d2-8bbb5483cf26
    telemetry.sdk.name: opentelemetry
    telemetry.sdk.language: dotnet
    telemetry.sdk.version: 1.8.1
[06:33:06 DBG] Cache miss for key: name:role:original {"SourceContext": "Infrastructure.Services.Caching.InMemoryCacheService", "ActionId": "4bc7b6e9-5959-4527-9d86-3a9bf3bfe09f", "ActionName": "Api.Controllers.RolesController.Create (Api)", "RequestId": "0HNFGVK4NGCIL", "RequestPath": "/api/roles", "Application": "Crud.Api"}
[06:33:06 DBG] Removed cache value for key: entity:role:144ff1b543fe4622bdc9a39cafa52285 {"SourceContext": "Infrastructure.Services.Caching.InMemoryCacheService", "ActionId": "4bc7b6e9-5959-4527-9d86-3a9bf3bfe09f", "ActionName": "Api.Controllers.RolesController.Create (Api)", "RequestId": "0HNFGVK4NGCIL", "RequestPath": "/api/roles", "Application": "Crud.Api"}
[06:33:06 DBG] Removed cache value for key: list:role {"SourceContext": "Infrastructure.Services.Caching.InMemoryCacheService", "ActionId": "4bc7b6e9-5959-4527-9d86-3a9bf3bfe09f", "ActionName": "Api.Controllers.RolesController.Create (Api)", "RequestId": "0HNFGVK4NGCIL", "RequestPath": "/api/roles", "Application": "Crud.Api"}
[06:33:06 DBG] Invalidating cache for entity type: roles with tag: roles {"SourceContext": "Api.Services.OutputCacheInvalidationService", "ActionId": "4bc7b6e9-5959-4527-9d86-3a9bf3bfe09f", "ActionName": "Api.Controllers.RolesController.Create (Api)", "RequestId": "0HNFGVK4NGCIL", "RequestPath": "/api/roles", "Application": "Crud.Api"}
[06:33:06 INF] Successfully invalidated cache for entity type: roles {"SourceContext": "Api.Services.OutputCacheInvalidationService", "ActionId": "4bc7b6e9-5959-4527-9d86-3a9bf3bfe09f", "ActionName": "Api.Controllers.RolesController.Create (Api)", "RequestId": "0HNFGVK4NGCIL", "RequestPath": "/api/roles", "Application": "Crud.Api"}
Activity.TraceId:            c460d8a76df20f25b16d0ca7acecf8ad
Activity.SpanId:             8a7539d304c0aace
Activity.TraceFlags:         Recorded
Activity.ActivitySourceName: Microsoft.AspNetCore
Activity.DisplayName:        POST api/Roles
Activity.Kind:               Server
Activity.StartTime:          2025-09-11T06:33:06.5248879Z
Activity.Duration:           00:00:00.0026592
Activity.Tags:
    server.address: localhost
    http.request.method: POST
    url.scheme: http
    url.path: /api/roles
    network.protocol.version: 1.1
    http.route: api/Roles
    http.response.status_code: 201
Resource associated with Activity:
    deployment.environment: Testing
    service.name: Crud.Api
    service.version: 1.0.0
    service.instance.id: 10e2e254-224c-48e1-a2d2-8bbb5483cf26
    telemetry.sdk.name: opentelemetry
    telemetry.sdk.language: dotnet
    telemetry.sdk.version: 1.8.1
[06:33:06 INF] User registered successfully: 78a03026-8a23-46bf-9cff-dad092f7578a {"SourceContext": "App.Features.Authentication.RegisterUserCommandHandler", "ActionId": "bb7f1630-1c31-4040-acd8-f69ed1f37c75", "ActionName": "Api.Controllers.AuthController.Register (Api)", "RequestId": "0HNFGVK4NGCIM", "RequestPath": "/api/auth/register", "Application": "Crud.Api"}
Activity.TraceId:            b3f72163c7c7890076d919d642e7f9fc
Activity.SpanId:             292d5ef5a2e64b55
Activity.TraceFlags:         Recorded
Activity.ActivitySourceName: Microsoft.AspNetCore
Activity.DisplayName:        POST api/Auth/register
Activity.Kind:               Server
Activity.StartTime:          2025-09-11T06:33:06.5298620Z
Activity.Duration:           00:00:00.2975216
Activity.Tags:
    server.address: localhost
    http.request.method: POST
    url.scheme: http
    url.path: /api/auth/register
    network.protocol.version: 1.1
    http.route: api/Auth/register
    http.response.status_code: 200
Resource associated with Activity:
    deployment.environment: Testing
    service.name: Crud.Api
    service.version: 1.0.0
    service.instance.id: 10e2e254-224c-48e1-a2d2-8bbb5483cf26
    telemetry.sdk.name: opentelemetry
    telemetry.sdk.language: dotnet
    telemetry.sdk.version: 1.8.1
[06:33:07 INF] User logged in successfully: 78a03026-8a23-46bf-9cff-dad092f7578a {"SourceContext": "App.Features.Authentication.LoginCommandHandler", "ActionId": "54bcfe1f-cdd2-493b-aa6f-8bbf8be910c6", "ActionName": "Api.Controllers.AuthController.Login (Api)", "RequestId": "0HNFGVK4NGCIN", "RequestPath": "/api/auth/login", "Application": "Crud.Api"}
Activity.TraceId:            5ff70b37ca96a4cde5be604118aa9e90
Activity.SpanId:             1ac4fbbe6416f557
Activity.TraceFlags:         Recorded
Activity.ActivitySourceName: Microsoft.AspNetCore
Activity.DisplayName:        POST api/Auth/login
Activity.Kind:               Server
Activity.StartTime:          2025-09-11T06:33:06.8287384Z
Activity.Duration:           00:00:00.2982663
Activity.Tags:
    server.address: localhost
    http.request.method: POST
    url.scheme: http
    url.path: /api/auth/login
    network.protocol.version: 1.1
    http.route: api/Auth/login
    http.response.status_code: 200
Resource associated with Activity:
    deployment.environment: Testing
    service.name: Crud.Api
    service.version: 1.0.0
    service.instance.id: 10e2e254-224c-48e1-a2d2-8bbb5483cf26
    telemetry.sdk.name: opentelemetry
    telemetry.sdk.language: dotnet
    telemetry.sdk.version: 1.8.1
[06:33:07 DBG] Cache miss for key: entity:role:144ff1b543fe4622bdc9a39cafa52285 {"SourceContext": "Infrastructure.Services.Caching.InMemoryCacheService", "ActionId": "b78f8ce4-e7b7-4d1d-ace7-cc4f53c90c61", "ActionName": "Api.Controllers.RolesController.Update (Api)", "RequestId": "0HNFGVK4NGCIO", "RequestPath": "/api/roles/144ff1b5-43fe-4622-bdc9-a39cafa52285", "Application": "Crud.Api"}
[06:33:07 DBG] Set cache value for key: entity:role:144ff1b543fe4622bdc9a39cafa52285 {"SourceContext": "Infrastructure.Services.Caching.InMemoryCacheService", "ActionId": "b78f8ce4-e7b7-4d1d-ace7-cc4f53c90c61", "ActionName": "Api.Controllers.RolesController.Update (Api)", "RequestId": "0HNFGVK4NGCIO", "RequestPath": "/api/roles/144ff1b5-43fe-4622-bdc9-a39cafa52285", "Application": "Crud.Api"}
[06:33:07 DBG] Removed cache value for key: entity:role:144ff1b543fe4622bdc9a39cafa52285 {"SourceContext": "Infrastructure.Services.Caching.InMemoryCacheService", "ActionId": "b78f8ce4-e7b7-4d1d-ace7-cc4f53c90c61", "ActionName": "Api.Controllers.RolesController.Update (Api)", "RequestId": "0HNFGVK4NGCIO", "RequestPath": "/api/roles/144ff1b5-43fe-4622-bdc9-a39cafa52285", "Application": "Crud.Api"}
[06:33:07 DBG] Removed cache value for key: list:role {"SourceContext": "Infrastructure.Services.Caching.InMemoryCacheService", "ActionId": "b78f8ce4-e7b7-4d1d-ace7-cc4f53c90c61", "ActionName": "Api.Controllers.RolesController.Update (Api)", "RequestId": "0HNFGVK4NGCIO", "RequestPath": "/api/roles/144ff1b5-43fe-4622-bdc9-a39cafa52285", "Application": "Crud.Api"}
[06:33:07 DBG] Invalidating cache for entity: roles/144ff1b5-43fe-4622-bdc9-a39cafa52285 with tags: roles, roles:144ff1b5-43fe-4622-bdc9-a39cafa52285 {"SourceContext": "Api.Services.OutputCacheInvalidationService", "ActionId": "b78f8ce4-e7b7-4d1d-ace7-cc4f53c90c61", "ActionName": "Api.Controllers.RolesController.Update (Api)", "RequestId": "0HNFGVK4NGCIO", "RequestPath": "/api/roles/144ff1b5-43fe-4622-bdc9-a39cafa52285", "Application": "Crud.Api"}
[06:33:07 DBG] Successfully invalidated cache for tag: roles {"SourceContext": "Api.Services.OutputCacheInvalidationService", "ActionId": "b78f8ce4-e7b7-4d1d-ace7-cc4f53c90c61", "ActionName": "Api.Controllers.RolesController.Update (Api)", "RequestId": "0HNFGVK4NGCIO", "RequestPath": "/api/roles/144ff1b5-43fe-4622-bdc9-a39cafa52285", "Application": "Crud.Api"}
[06:33:07 DBG] Successfully invalidated cache for tag: roles:144ff1b5-43fe-4622-bdc9-a39cafa52285 {"SourceContext": "Api.Services.OutputCacheInvalidationService", "ActionId": "b78f8ce4-e7b7-4d1d-ace7-cc4f53c90c61", "ActionName": "Api.Controllers.RolesController.Update (Api)", "RequestId": "0HNFGVK4NGCIO", "RequestPath": "/api/roles/144ff1b5-43fe-4622-bdc9-a39cafa52285", "Application": "Crud.Api"}
Activity.TraceId:            90d9bbd425127fe5a8a8f4c9b2920a6d
Activity.SpanId:             437438a46c0c3772
Activity.TraceFlags:         Recorded
Activity.ActivitySourceName: Microsoft.AspNetCore
Activity.DisplayName:        PUT api/Roles/{id:guid}
Activity.Kind:               Server
Activity.StartTime:          2025-09-11T06:33:07.1286949Z
Activity.Duration:           00:00:00.0100574
Activity.Tags:
    server.address: localhost
    http.request.method: PUT
    url.scheme: http
    url.path: /api/roles/144ff1b5-43fe-4622-bdc9-a39cafa52285
    network.protocol.version: 1.1
    http.route: api/Roles/{id:guid}
    http.response.status_code: 204
Resource associated with Activity:
    deployment.environment: Testing
    service.name: Crud.Api
    service.version: 1.0.0
    service.instance.id: 10e2e254-224c-48e1-a2d2-8bbb5483cf26
    telemetry.sdk.name: opentelemetry
    telemetry.sdk.language: dotnet
    telemetry.sdk.version: 1.8.1
[06:33:07 INF] User registered successfully: a58b1c27-7525-4128-b3ea-729f2665a091 {"SourceContext": "App.Features.Authentication.RegisterUserCommandHandler", "ActionId": "bb7f1630-1c31-4040-acd8-f69ed1f37c75", "ActionName": "Api.Controllers.AuthController.Register (Api)", "RequestId": "0HNFGVK4NGCIP", "RequestPath": "/api/auth/register", "Application": "Crud.Api"}
Activity.TraceId:            14934587985c42e4f41e3cfac4a6c2a8
Activity.SpanId:             5d034fdae200a2fc
Activity.TraceFlags:         Recorded
Activity.ActivitySourceName: Microsoft.AspNetCore
Activity.DisplayName:        POST api/Auth/register
Activity.Kind:               Server
Activity.StartTime:          2025-09-11T06:33:07.1391823Z
Activity.Duration:           00:00:00.2992775
Activity.Tags:
    server.address: localhost
    http.request.method: POST
    url.scheme: http
    url.path: /api/auth/register
    network.protocol.version: 1.1
    http.route: api/Auth/register
    http.response.status_code: 200
Resource associated with Activity:
    deployment.environment: Testing
    service.name: Crud.Api
    service.version: 1.0.0
    service.instance.id: 10e2e254-224c-48e1-a2d2-8bbb5483cf26
    telemetry.sdk.name: opentelemetry
    telemetry.sdk.language: dotnet
    telemetry.sdk.version: 1.8.1
[06:33:07 DBG] Cache miss for key: entity:role:144ff1b543fe4622bdc9a39cafa52285 {"SourceContext": "Infrastructure.Services.Caching.InMemoryCacheService", "ActionId": "b5c810e1-e328-4869-ac1f-bc34bd7e9541", "ActionName": "Api.Controllers.RolesController.Get (Api)", "RequestId": "0HNFGVK4NGCIQ", "RequestPath": "/api/roles/144ff1b5-43fe-4622-bdc9-a39cafa52285", "Application": "Crud.Api"}
[06:33:07 DBG] Set cache value for key: entity:role:144ff1b543fe4622bdc9a39cafa52285 {"SourceContext": "Infrastructure.Services.Caching.InMemoryCacheService", "ActionId": "b5c810e1-e328-4869-ac1f-bc34bd7e9541", "ActionName": "Api.Controllers.RolesController.Get (Api)", "RequestId": "0HNFGVK4NGCIQ", "RequestPath": "/api/roles/144ff1b5-43fe-4622-bdc9-a39cafa52285", "Application": "Crud.Api"}
Activity.TraceId:            a2f57a67123eef4e7286122077c3a486
Activity.SpanId:             79aaa5599e1fd709
Activity.TraceFlags:         Recorded
Activity.ActivitySourceName: Microsoft.AspNetCore
Activity.DisplayName:        GET api/Roles/{id:guid}
Activity.Kind:               Server
Activity.StartTime:          2025-09-11T06:33:07.4387276Z
Activity.Duration:           00:00:00.0038629
Activity.Tags:
    server.address: localhost
    http.request.method: GET
    url.scheme: http
    url.path: /api/roles/144ff1b5-43fe-4622-bdc9-a39cafa52285
    network.protocol.version: 1.1
    http.route: api/Roles/{id:guid}
    http.response.status_code: 200
Resource associated with Activity:
    deployment.environment: Testing
    service.name: Crud.Api
    service.version: 1.0.0
    service.instance.id: 10e2e254-224c-48e1-a2d2-8bbb5483cf26
    telemetry.sdk.name: opentelemetry
    telemetry.sdk.language: dotnet
    telemetry.sdk.version: 1.8.1
[06:33:07 INF] User registered successfully: 1beb6f58-f806-4c09-bd85-21ddf625f1bc {"SourceContext": "App.Features.Authentication.RegisterUserCommandHandler", "ActionId": "bb7f1630-1c31-4040-acd8-f69ed1f37c75", "ActionName": "Api.Controllers.AuthController.Register (Api)", "RequestId": "0HNFGVK4NGCIR", "RequestPath": "/api/auth/register", "Application": "Crud.Api"}
Activity.TraceId:            0b096c0930ebb8c8c3ab16e4dc71b10d
Activity.SpanId:             12a6d57aa82866a8
Activity.TraceFlags:         Recorded
Activity.ActivitySourceName: Microsoft.AspNetCore
Activity.DisplayName:        POST api/Auth/register
Activity.Kind:               Server
Activity.StartTime:          2025-09-11T06:33:07.4445888Z
Activity.Duration:           00:00:00.2985340
Activity.Tags:
    server.address: localhost
    http.request.method: POST
    url.scheme: http
    url.path: /api/auth/register
    network.protocol.version: 1.1
    http.route: api/Auth/register
    http.response.status_code: 200
Resource associated with Activity:
    deployment.environment: Testing
    service.name: Crud.Api
    service.version: 1.0.0
    service.instance.id: 10e2e254-224c-48e1-a2d2-8bbb5483cf26
    telemetry.sdk.name: opentelemetry
    telemetry.sdk.language: dotnet
    telemetry.sdk.version: 1.8.1
[06:33:08 INF] User logged in successfully: 1beb6f58-f806-4c09-bd85-21ddf625f1bc {"SourceContext": "App.Features.Authentication.LoginCommandHandler", "ActionId": "54bcfe1f-cdd2-493b-aa6f-8bbf8be910c6", "ActionName": "Api.Controllers.AuthController.Login (Api)", "RequestId": "0HNFGVK4NGCIS", "RequestPath": "/api/auth/login", "Application": "Crud.Api"}
Activity.TraceId:            28c265d3754907021aed6d4ff221cd41
Activity.SpanId:             85b8948875e70caf
Activity.TraceFlags:         Recorded
Activity.ActivitySourceName: Microsoft.AspNetCore
Activity.DisplayName:        POST api/Auth/login
Activity.Kind:               Server
Activity.StartTime:          2025-09-11T06:33:07.7456987Z
Activity.Duration:           00:00:00.2977234
Activity.Tags:
    server.address: localhost
    http.request.method: POST
    url.scheme: http
    url.path: /api/auth/login
    network.protocol.version: 1.1
    http.route: api/Auth/login
    http.response.status_code: 200
Resource associated with Activity:
    deployment.environment: Testing
    service.name: Crud.Api
    service.version: 1.0.0
    service.instance.id: 10e2e254-224c-48e1-a2d2-8bbb5483cf26
    telemetry.sdk.name: opentelemetry
    telemetry.sdk.language: dotnet
    telemetry.sdk.version: 1.8.1
[06:33:08 DBG] Cache miss for key: name:role:simplerole {"SourceContext": "Infrastructure.Services.Caching.InMemoryCacheService", "ActionId": "4bc7b6e9-5959-4527-9d86-3a9bf3bfe09f", "ActionName": "Api.Controllers.RolesController.Create (Api)", "RequestId": "0HNFGVK4NGCIT", "RequestPath": "/api/roles", "Application": "Crud.Api"}
[06:33:08 DBG] Removed cache value for key: entity:role:4dfbe6ae73674ef9a0d95be9bc57b9a6 {"SourceContext": "Infrastructure.Services.Caching.InMemoryCacheService", "ActionId": "4bc7b6e9-5959-4527-9d86-3a9bf3bfe09f", "ActionName": "Api.Controllers.RolesController.Create (Api)", "RequestId": "0HNFGVK4NGCIT", "RequestPath": "/api/roles", "Application": "Crud.Api"}
[06:33:08 DBG] Removed cache value for key: list:role {"SourceContext": "Infrastructure.Services.Caching.InMemoryCacheService", "ActionId": "4bc7b6e9-5959-4527-9d86-3a9bf3bfe09f", "ActionName": "Api.Controllers.RolesController.Create (Api)", "RequestId": "0HNFGVK4NGCIT", "RequestPath": "/api/roles", "Application": "Crud.Api"}
[06:33:08 DBG] Invalidating cache for entity type: roles with tag: roles {"SourceContext": "Api.Services.OutputCacheInvalidationService", "ActionId": "4bc7b6e9-5959-4527-9d86-3a9bf3bfe09f", "ActionName": "Api.Controllers.RolesController.Create (Api)", "RequestId": "0HNFGVK4NGCIT", "RequestPath": "/api/roles", "Application": "Crud.Api"}
[06:33:08 INF] Successfully invalidated cache for entity type: roles {"SourceContext": "Api.Services.OutputCacheInvalidationService", "ActionId": "4bc7b6e9-5959-4527-9d86-3a9bf3bfe09f", "ActionName": "Api.Controllers.RolesController.Create (Api)", "RequestId": "0HNFGVK4NGCIT", "RequestPath": "/api/roles", "Application": "Crud.Api"}
Activity.TraceId:            f5ed117f5ada710c7f2c7c41c3acaf86
Activity.SpanId:             c334cc2ce91d8ad2
Activity.TraceFlags:         Recorded
Activity.ActivitySourceName: Microsoft.AspNetCore
Activity.DisplayName:        POST api/Roles
Activity.Kind:               Server
Activity.StartTime:          2025-09-11T06:33:08.0448361Z
Activity.Duration:           00:00:00.0028174
Activity.Tags:
    server.address: localhost
    http.request.method: POST
    url.scheme: http
    url.path: /api/roles
    network.protocol.version: 1.1
    http.route: api/Roles
    http.response.status_code: 201
Resource associated with Activity:
    deployment.environment: Testing
    service.name: Crud.Api
    service.version: 1.0.0
    service.instance.id: 10e2e254-224c-48e1-a2d2-8bbb5483cf26
    telemetry.sdk.name: opentelemetry
    telemetry.sdk.language: dotnet
    telemetry.sdk.version: 1.8.1
[06:33:08 INF] Resetting database for worker 17480 {"SourceContext": "Infrastructure.Services.DatabaseTestService", "Application": "Crud.Api"}
[06:33:08 INF] Resetting database via file deletion for worker 17480 in CI environment {"SourceContext": "Infrastructure.Services.DatabaseTestService", "Application": "Crud.Api"}
[06:33:08 INF] Acquiring database mutex for worker 17480... {"SourceContext": "Infrastructure.Services.DatabaseTestService", "Application": "Crud.Api"}
[06:33:08 INF] Database mutex acquired for worker 17480 {"SourceContext": "Infrastructure.Services.DatabaseTestService", "Application": "Crud.Api"}
[06:33:08 INF] Current database state - CanConnect: True {"SourceContext": "Infrastructure.Services.DatabaseTestService", "Application": "Crud.Api"}
[06:33:08 INF] [Phase 0] Closing database connection for worker 17480... {"SourceContext": "Infrastructure.Services.DatabaseTestService", "Application": "Crud.Api"}
[06:33:08 INF] [Phase 0] Connection closed in 0.0015ms {"SourceContext": "Infrastructure.Services.DatabaseTestService", "Application": "Crud.Api"}
[06:33:08 INF] [Phase 1] Starting EnsureDeletedAsync for worker 17480... {"SourceContext": "Infrastructure.Services.DatabaseTestService", "Application": "Crud.Api"}
[06:33:08 INF] [Phase 1] EnsureDeletedAsync completed in 1.7527ms {"SourceContext": "Infrastructure.Services.DatabaseTestService", "Application": "Crud.Api"}
[06:33:08 INF] [Phase 2] Starting EnsureCreatedAsync for worker 17480... {"SourceContext": "Infrastructure.Services.DatabaseTestService", "Application": "Crud.Api"}
[06:33:08 INF] [Phase 2] EnsureCreatedAsync completed in 8.5518ms {"SourceContext": "Infrastructure.Services.DatabaseTestService", "Application": "Crud.Api"}
[06:33:08 INF] [Phase 3] Skipping database seeding as requested for worker 17480 {"SourceContext": "Infrastructure.Services.DatabaseTestService", "Application": "Crud.Api"}
[06:33:08 INF] Database reset via file deletion completed for worker 17480 in 111.3085ms (Close: 0.0015ms, Delete: 1.7527ms, Create: 8.5518ms) {"SourceContext": "Infrastructure.Services.DatabaseTestService", "Application": "Crud.Api"}
[06:33:08 INF] Releasing database mutex for worker 17480 {"SourceContext": "Infrastructure.Services.DatabaseTestService", "Application": "Crud.Api"}
[06:33:08 INF] User registered successfully: 321d30b8-d374-4ea4-89ff-beac40bd6267 {"SourceContext": "App.Features.Authentication.RegisterUserCommandHandler", "ActionId": "bb7f1630-1c31-4040-acd8-f69ed1f37c75", "ActionName": "Api.Controllers.AuthController.Register (Api)", "RequestId": "0HNFGVK4NGCIU", "RequestPath": "/api/auth/register", "Application": "Crud.Api"}
Activity.TraceId:            6bc8c4d94d75e67bd50e4a8e11b74225
Activity.SpanId:             5dbf56cb452a2429
Activity.TraceFlags:         Recorded
Activity.ActivitySourceName: Microsoft.AspNetCore
Activity.DisplayName:        POST api/Auth/register
Activity.Kind:               Server
Activity.StartTime:          2025-09-11T06:33:08.1638455Z
Activity.Duration:           00:00:00.3166035
Activity.Tags:
    server.address: localhost
    http.request.method: POST
    url.scheme: http
    url.path: /api/auth/register
    network.protocol.version: 1.1
    http.route: api/Auth/register
    http.response.status_code: 200
Resource associated with Activity:
    deployment.environment: Testing
    service.name: Crud.Api
    service.version: 1.0.0
    service.instance.id: 10e2e254-224c-48e1-a2d2-8bbb5483cf26
    telemetry.sdk.name: opentelemetry
    telemetry.sdk.language: dotnet
    telemetry.sdk.version: 1.8.1
[06:33:08 DBG] Cache miss for key: list:role {"SourceContext": "Infrastructure.Services.Caching.InMemoryCacheService", "ActionId": "f0fa675a-f143-43d0-a479-fb18d6931907", "ActionName": "Api.Controllers.RolesController.List (Api)", "RequestId": "0HNFGVK4NGCIV", "RequestPath": "/api/roles", "Application": "Crud.Api"}
[06:33:08 DBG] Set cache value for key: list:role {"SourceContext": "Infrastructure.Services.Caching.InMemoryCacheService", "ActionId": "f0fa675a-f143-43d0-a479-fb18d6931907", "ActionName": "Api.Controllers.RolesController.List (Api)", "RequestId": "0HNFGVK4NGCIV", "RequestPath": "/api/roles", "Application": "Crud.Api"}
Activity.TraceId:            144a8aa6d40774eb513a9b347860d91d
Activity.SpanId:             eb3b7de219d51367
Activity.TraceFlags:         Recorded
Activity.ActivitySourceName: Microsoft.AspNetCore
Activity.DisplayName:        GET api/Roles
Activity.Kind:               Server
Activity.StartTime:          2025-09-11T06:33:08.4807875Z
Activity.Duration:           00:00:00.0023912
Activity.Tags:
    server.address: localhost
    http.request.method: GET
    url.scheme: http
    url.path: /api/roles
    network.protocol.version: 1.1
    http.route: api/Roles
    http.response.status_code: 200
Resource associated with Activity:
    deployment.environment: Testing
    service.name: Crud.Api
    service.version: 1.0.0
    service.instance.id: 10e2e254-224c-48e1-a2d2-8bbb5483cf26
    telemetry.sdk.name: opentelemetry
    telemetry.sdk.language: dotnet
    telemetry.sdk.version: 1.8.1
[06:33:08 INF] Resetting database for worker 17480 {"SourceContext": "Infrastructure.Services.DatabaseTestService", "Application": "Crud.Api"}
[06:33:08 INF] Resetting database via file deletion for worker 17480 in CI environment {"SourceContext": "Infrastructure.Services.DatabaseTestService", "Application": "Crud.Api"}
[06:33:08 INF] Acquiring database mutex for worker 17480... {"SourceContext": "Infrastructure.Services.DatabaseTestService", "Application": "Crud.Api"}
[06:33:08 INF] Database mutex acquired for worker 17480 {"SourceContext": "Infrastructure.Services.DatabaseTestService", "Application": "Crud.Api"}
[06:33:08 INF] Current database state - CanConnect: True {"SourceContext": "Infrastructure.Services.DatabaseTestService", "Application": "Crud.Api"}
[06:33:08 INF] [Phase 0] Closing database connection for worker 17480... {"SourceContext": "Infrastructure.Services.DatabaseTestService", "Application": "Crud.Api"}
[06:33:08 INF] [Phase 0] Connection closed in 0.0012ms {"SourceContext": "Infrastructure.Services.DatabaseTestService", "Application": "Crud.Api"}
[06:33:08 INF] [Phase 1] Starting EnsureDeletedAsync for worker 17480... {"SourceContext": "Infrastructure.Services.DatabaseTestService", "Application": "Crud.Api"}
[06:33:08 INF] [Phase 1] EnsureDeletedAsync completed in 1.3439ms {"SourceContext": "Infrastructure.Services.DatabaseTestService", "Application": "Crud.Api"}
[06:33:08 INF] [Phase 2] Starting EnsureCreatedAsync for worker 17480... {"SourceContext": "Infrastructure.Services.DatabaseTestService", "Application": "Crud.Api"}
[06:33:08 INF] [Phase 2] EnsureCreatedAsync completed in 7.6826ms {"SourceContext": "Infrastructure.Services.DatabaseTestService", "Application": "Crud.Api"}
[06:33:08 INF] [Phase 3] Skipping database seeding as requested for worker 17480 {"SourceContext": "Infrastructure.Services.DatabaseTestService", "Application": "Crud.Api"}
[06:33:08 INF] Database reset via file deletion completed for worker 17480 in 108.4712ms (Close: 0.0012ms, Delete: 1.3439ms, Create: 7.6826ms) {"SourceContext": "Infrastructure.Services.DatabaseTestService", "Application": "Crud.Api"}
[06:33:08 INF] Releasing database mutex for worker 17480 {"SourceContext": "Infrastructure.Services.DatabaseTestService", "Application": "Crud.Api"}
[06:33:08 INF] User registered successfully: e352b004-8d36-490f-9a63-64839025336a {"SourceContext": "App.Features.Authentication.RegisterUserCommandHandler", "ActionId": "bb7f1630-1c31-4040-acd8-f69ed1f37c75", "ActionName": "Api.Controllers.AuthController.Register (Api)", "RequestId": "0HNFGVK4NGCJ0", "RequestPath": "/api/auth/register", "Application": "Crud.Api"}
Activity.TraceId:            1190a27787d592d8eef677d5df6c652b
Activity.SpanId:             7994d6494bd395ad
Activity.TraceFlags:         Recorded
Activity.ActivitySourceName: Microsoft.AspNetCore
Activity.DisplayName:        POST api/Auth/register
Activity.Kind:               Server
Activity.StartTime:          2025-09-11T06:33:08.5953062Z
Activity.Duration:           00:00:00.2977431
Activity.Tags:
    server.address: localhost
    http.request.method: POST
    url.scheme: http
    url.path: /api/auth/register
    network.protocol.version: 1.1
    http.route: api/Auth/register
    http.response.status_code: 200
Resource associated with Activity:
    deployment.environment: Testing
    service.name: Crud.Api
    service.version: 1.0.0
    service.instance.id: 10e2e254-224c-48e1-a2d2-8bbb5483cf26
    telemetry.sdk.name: opentelemetry
    telemetry.sdk.language: dotnet
    telemetry.sdk.version: 1.8.1
[06:33:09 INF] User logged in successfully: e352b004-8d36-490f-9a63-64839025336a {"SourceContext": "App.Features.Authentication.LoginCommandHandler", "ActionId": "54bcfe1f-cdd2-493b-aa6f-8bbf8be910c6", "ActionName": "Api.Controllers.AuthController.Login (Api)", "RequestId": "0HNFGVK4NGCJ1", "RequestPath": "/api/auth/login", "Application": "Crud.Api"}
Activity.TraceId:            313afa92bafdaa7607c8a67fc7743e32
Activity.SpanId:             91e725cac7d6d9f5
Activity.TraceFlags:         Recorded
Activity.ActivitySourceName: Microsoft.AspNetCore
Activity.DisplayName:        POST api/Auth/login
Activity.Kind:               Server
Activity.StartTime:          2025-09-11T06:33:08.8954219Z
Activity.Duration:           00:00:00.2981812
Activity.Tags:
    server.address: localhost
    http.request.method: POST
    url.scheme: http
    url.path: /api/auth/login
    network.protocol.version: 1.1
    http.route: api/Auth/login
    http.response.status_code: 200
Resource associated with Activity:
    deployment.environment: Testing
    service.name: Crud.Api
    service.version: 1.0.0
    service.instance.id: 10e2e254-224c-48e1-a2d2-8bbb5483cf26
    telemetry.sdk.name: opentelemetry
    telemetry.sdk.language: dotnet
    telemetry.sdk.version: 1.8.1
[06:33:09 DBG] Cache miss for key: name:role:persistent {"SourceContext": "Infrastructure.Services.Caching.InMemoryCacheService", "ActionId": "4bc7b6e9-5959-4527-9d86-3a9bf3bfe09f", "ActionName": "Api.Controllers.RolesController.Create (Api)", "RequestId": "0HNFGVK4NGCJ2", "RequestPath": "/api/roles", "Application": "Crud.Api"}
[06:33:09 DBG] Removed cache value for key: entity:role:80a3fd00561f48519e62dffb3523d182 {"SourceContext": "Infrastructure.Services.Caching.InMemoryCacheService", "ActionId": "4bc7b6e9-5959-4527-9d86-3a9bf3bfe09f", "ActionName": "Api.Controllers.RolesController.Create (Api)", "RequestId": "0HNFGVK4NGCJ2", "RequestPath": "/api/roles", "Application": "Crud.Api"}
[06:33:09 DBG] Removed cache value for key: list:role {"SourceContext": "Infrastructure.Services.Caching.InMemoryCacheService", "ActionId": "4bc7b6e9-5959-4527-9d86-3a9bf3bfe09f", "ActionName": "Api.Controllers.RolesController.Create (Api)", "RequestId": "0HNFGVK4NGCJ2", "RequestPath": "/api/roles", "Application": "Crud.Api"}
[06:33:09 DBG] Invalidating cache for entity type: roles with tag: roles {"SourceContext": "Api.Services.OutputCacheInvalidationService", "ActionId": "4bc7b6e9-5959-4527-9d86-3a9bf3bfe09f", "ActionName": "Api.Controllers.RolesController.Create (Api)", "RequestId": "0HNFGVK4NGCJ2", "RequestPath": "/api/roles", "Application": "Crud.Api"}
[06:33:09 INF] Successfully invalidated cache for entity type: roles {"SourceContext": "Api.Services.OutputCacheInvalidationService", "ActionId": "4bc7b6e9-5959-4527-9d86-3a9bf3bfe09f", "ActionName": "Api.Controllers.RolesController.Create (Api)", "RequestId": "0HNFGVK4NGCJ2", "RequestPath": "/api/roles", "Application": "Crud.Api"}
Activity.TraceId:            f4b177be7c8d853ee82e257feea843a7
Activity.SpanId:             3457448b7e295b43
Activity.TraceFlags:         Recorded
Activity.ActivitySourceName: Microsoft.AspNetCore
Activity.DisplayName:        POST api/Roles
Activity.Kind:               Server
Activity.StartTime:          2025-09-11T06:33:09.1946491Z
Activity.Duration:           00:00:00.0026825
Activity.Tags:
    server.address: localhost
    http.request.method: POST
    url.scheme: http
    url.path: /api/roles
    network.protocol.version: 1.1
    http.route: api/Roles
    http.response.status_code: 201
Resource associated with Activity:
    deployment.environment: Testing
    service.name: Crud.Api
    service.version: 1.0.0
    service.instance.id: 10e2e254-224c-48e1-a2d2-8bbb5483cf26
    telemetry.sdk.name: opentelemetry
    telemetry.sdk.language: dotnet
    telemetry.sdk.version: 1.8.1
[06:33:09 INF] User registered successfully: 056c6448-604b-442f-a5e9-29516f43f279 {"SourceContext": "App.Features.Authentication.RegisterUserCommandHandler", "ActionId": "bb7f1630-1c31-4040-acd8-f69ed1f37c75", "ActionName": "Api.Controllers.AuthController.Register (Api)", "RequestId": "0HNFGVK4NGCJ3", "RequestPath": "/api/auth/register", "Application": "Crud.Api"}
Activity.TraceId:            9d3d856d7c97fc41b447500b1c40da3e
Activity.SpanId:             8626ed28912e100d
Activity.TraceFlags:         Recorded
Activity.ActivitySourceName: Microsoft.AspNetCore
Activity.DisplayName:        POST api/Auth/register
Activity.Kind:               Server
Activity.StartTime:          2025-09-11T06:33:09.1983762Z
Activity.Duration:           00:00:00.3015378
Activity.Tags:
    server.address: localhost
    http.request.method: POST
    url.scheme: http
    url.path: /api/auth/register
    network.protocol.version: 1.1
    http.route: api/Auth/register
    http.response.status_code: 200
Resource associated with Activity:
    deployment.environment: Testing
    service.name: Crud.Api
    service.version: 1.0.0
    service.instance.id: 10e2e254-224c-48e1-a2d2-8bbb5483cf26
    telemetry.sdk.name: opentelemetry
    telemetry.sdk.language: dotnet
    telemetry.sdk.version: 1.8.1
[06:33:09 DBG] Cache miss for key: entity:role:80a3fd00561f48519e62dffb3523d182 {"SourceContext": "Infrastructure.Services.Caching.InMemoryCacheService", "ActionId": "b5c810e1-e328-4869-ac1f-bc34bd7e9541", "ActionName": "Api.Controllers.RolesController.Get (Api)", "RequestId": "0HNFGVK4NGCJ4", "RequestPath": "/api/roles/80a3fd00-561f-4851-9e62-dffb3523d182", "Application": "Crud.Api"}
[06:33:09 DBG] Set cache value for key: entity:role:80a3fd00561f48519e62dffb3523d182 {"SourceContext": "Infrastructure.Services.Caching.InMemoryCacheService", "ActionId": "b5c810e1-e328-4869-ac1f-bc34bd7e9541", "ActionName": "Api.Controllers.RolesController.Get (Api)", "RequestId": "0HNFGVK4NGCJ4", "RequestPath": "/api/roles/80a3fd00-561f-4851-9e62-dffb3523d182", "Application": "Crud.Api"}
Activity.TraceId:            b5c348393e9714e15dcf5a8644a87cd6
Activity.SpanId:             a72962f5b7c79ef0
Activity.TraceFlags:         Recorded
Activity.ActivitySourceName: Microsoft.AspNetCore
Activity.DisplayName:        GET api/Roles/{id:guid}
Activity.Kind:               Server
Activity.StartTime:          2025-09-11T06:33:09.5004816Z
Activity.Duration:           00:00:00.0034656
Activity.Tags:
    server.address: localhost
    http.request.method: GET
    url.scheme: http
    url.path: /api/roles/80a3fd00-561f-4851-9e62-dffb3523d182
    network.protocol.version: 1.1
    http.route: api/Roles/{id:guid}
    http.response.status_code: 200
Resource associated with Activity:
    deployment.environment: Testing
    service.name: Crud.Api
    service.version: 1.0.0
    service.instance.id: 10e2e254-224c-48e1-a2d2-8bbb5483cf26
    telemetry.sdk.name: opentelemetry
    telemetry.sdk.language: dotnet
    telemetry.sdk.version: 1.8.1
[06:33:09 INF] Resetting database for worker 17480 {"SourceContext": "Infrastructure.Services.DatabaseTestService", "Application": "Crud.Api"}
[06:33:09 INF] Resetting database via file deletion for worker 17480 in CI environment {"SourceContext": "Infrastructure.Services.DatabaseTestService", "Application": "Crud.Api"}
[06:33:09 INF] Acquiring database mutex for worker 17480... {"SourceContext": "Infrastructure.Services.DatabaseTestService", "Application": "Crud.Api"}
[06:33:09 INF] Database mutex acquired for worker 17480 {"SourceContext": "Infrastructure.Services.DatabaseTestService", "Application": "Crud.Api"}
[06:33:09 INF] Current database state - CanConnect: True {"SourceContext": "Infrastructure.Services.DatabaseTestService", "Application": "Crud.Api"}
[06:33:09 INF] [Phase 0] Closing database connection for worker 17480... {"SourceContext": "Infrastructure.Services.DatabaseTestService", "Application": "Crud.Api"}
[06:33:09 INF] [Phase 0] Connection closed in 0.0015ms {"SourceContext": "Infrastructure.Services.DatabaseTestService", "Application": "Crud.Api"}
[06:33:09 INF] [Phase 1] Starting EnsureDeletedAsync for worker 17480... {"SourceContext": "Infrastructure.Services.DatabaseTestService", "Application": "Crud.Api"}
[06:33:09 INF] [Phase 1] EnsureDeletedAsync completed in 1.3451ms {"SourceContext": "Infrastructure.Services.DatabaseTestService", "Application": "Crud.Api"}
[06:33:09 INF] [Phase 2] Starting EnsureCreatedAsync for worker 17480... {"SourceContext": "Infrastructure.Services.DatabaseTestService", "Application": "Crud.Api"}
[06:33:09 INF] [Phase 2] EnsureCreatedAsync completed in 8.6656ms {"SourceContext": "Infrastructure.Services.DatabaseTestService", "Application": "Crud.Api"}
[06:33:09 INF] [Phase 3] Skipping database seeding as requested for worker 17480 {"SourceContext": "Infrastructure.Services.DatabaseTestService", "Application": "Crud.Api"}
[06:33:09 INF] Database reset via file deletion completed for worker 17480 in 110.7589ms (Close: 0.0015ms, Delete: 1.3451ms, Create: 8.6656ms) {"SourceContext": "Infrastructure.Services.DatabaseTestService", "Application": "Crud.Api"}
[06:33:09 INF] Releasing database mutex for worker 17480 {"SourceContext": "Infrastructure.Services.DatabaseTestService", "Application": "Crud.Api"}
[06:33:09 INF] User registered successfully: 19e8f1f4-3f66-4297-81b7-0198b0ee0d0f {"SourceContext": "App.Features.Authentication.RegisterUserCommandHandler", "ActionId": "bb7f1630-1c31-4040-acd8-f69ed1f37c75", "ActionName": "Api.Controllers.AuthController.Register (Api)", "RequestId": "0HNFGVK4NGCJ5", "RequestPath": "/api/auth/register", "Application": "Crud.Api"}
Activity.TraceId:            6850a4019b37ee4487a2a3cc919279b4
Activity.SpanId:             aeab3b2ba4b44598
Activity.TraceFlags:         Recorded
Activity.ActivitySourceName: Microsoft.AspNetCore
Activity.DisplayName:        POST api/Auth/register
Activity.Kind:               Server
Activity.StartTime:          2025-09-11T06:33:09.6191457Z
Activity.Duration:           00:00:00.2971174
Activity.Tags:
    server.address: localhost
    http.request.method: POST
    url.scheme: http
    url.path: /api/auth/register
    network.protocol.version: 1.1
    http.route: api/Auth/register
    http.response.status_code: 200
Resource associated with Activity:
    deployment.environment: Testing
    service.name: Crud.Api
    service.version: 1.0.0
    service.instance.id: 10e2e254-224c-48e1-a2d2-8bbb5483cf26
    telemetry.sdk.name: opentelemetry
    telemetry.sdk.language: dotnet
    telemetry.sdk.version: 1.8.1
[06:33:10 INF] User logged in successfully: 19e8f1f4-3f66-4297-81b7-0198b0ee0d0f {"SourceContext": "App.Features.Authentication.LoginCommandHandler", "ActionId": "54bcfe1f-cdd2-493b-aa6f-8bbf8be910c6", "ActionName": "Api.Controllers.AuthController.Login (Api)", "RequestId": "0HNFGVK4NGCJ6", "RequestPath": "/api/auth/login", "Application": "Crud.Api"}
Activity.TraceId:            be1dcb7313af85f6cb8b99a300f35586
Activity.SpanId:             9d85c01e400cd56d
Activity.TraceFlags:         Recorded
Activity.ActivitySourceName: Microsoft.AspNetCore
Activity.DisplayName:        POST api/Auth/login
Activity.Kind:               Server
Activity.StartTime:          2025-09-11T06:33:09.9174253Z
Activity.Duration:           00:00:00.2974624
Activity.Tags:
    server.address: localhost
    http.request.method: POST
    url.scheme: http
    url.path: /api/auth/login
    network.protocol.version: 1.1
    http.route: api/Auth/login
    http.response.status_code: 200
Resource associated with Activity:
    deployment.environment: Testing
    service.name: Crud.Api
    service.version: 1.0.0
    service.instance.id: 10e2e254-224c-48e1-a2d2-8bbb5483cf26
    telemetry.sdk.name: opentelemetry
    telemetry.sdk.language: dotnet
    telemetry.sdk.version: 1.8.1
Activity.TraceId:            fd7e50c3029592dfa9c6e0686e8e6d10
Activity.SpanId:             5271b79476067c95
Activity.TraceFlags:         Recorded
Activity.ActivitySourceName: Microsoft.AspNetCore
Activity.DisplayName:        POST api/Roles
Activity.Kind:               Server
Activity.StartTime:          2025-09-11T06:33:10.2164981Z
Activity.Duration:           00:00:00.0050280
Activity.Tags:
    server.address: localhost
    http.request.method: POST
    url.scheme: http
    url.path: /api/roles
    network.protocol.version: 1.1
    http.route: api/Roles
    http.response.status_code: 400
Resource associated with Activity:
    deployment.environment: Testing
    service.name: Crud.Api
    service.version: 1.0.0
    service.instance.id: 10e2e254-224c-48e1-a2d2-8bbb5483cf26
    telemetry.sdk.name: opentelemetry
    telemetry.sdk.language: dotnet
    telemetry.sdk.version: 1.8.1
[06:33:10 INF] Resetting database for worker 17480 {"SourceContext": "Infrastructure.Services.DatabaseTestService", "Application": "Crud.Api"}
[06:33:10 INF] Resetting database via file deletion for worker 17480 in CI environment {"SourceContext": "Infrastructure.Services.DatabaseTestService", "Application": "Crud.Api"}
[06:33:10 INF] Acquiring database mutex for worker 17480... {"SourceContext": "Infrastructure.Services.DatabaseTestService", "Application": "Crud.Api"}
[06:33:10 INF] Database mutex acquired for worker 17480 {"SourceContext": "Infrastructure.Services.DatabaseTestService", "Application": "Crud.Api"}
[06:33:10 INF] Current database state - CanConnect: True {"SourceContext": "Infrastructure.Services.DatabaseTestService", "Application": "Crud.Api"}
[06:33:10 INF] [Phase 0] Closing database connection for worker 17480... {"SourceContext": "Infrastructure.Services.DatabaseTestService", "Application": "Crud.Api"}
[06:33:10 INF] [Phase 0] Connection closed in 0.0021ms {"SourceContext": "Infrastructure.Services.DatabaseTestService", "Application": "Crud.Api"}
[06:33:10 INF] [Phase 1] Starting EnsureDeletedAsync for worker 17480... {"SourceContext": "Infrastructure.Services.DatabaseTestService", "Application": "Crud.Api"}
[06:33:10 INF] [Phase 1] EnsureDeletedAsync completed in 1.5854ms {"SourceContext": "Infrastructure.Services.DatabaseTestService", "Application": "Crud.Api"}
[06:33:10 INF] [Phase 2] Starting EnsureCreatedAsync for worker 17480... {"SourceContext": "Infrastructure.Services.DatabaseTestService", "Application": "Crud.Api"}
[06:33:10 INF] [Phase 2] EnsureCreatedAsync completed in 10.9054ms {"SourceContext": "Infrastructure.Services.DatabaseTestService", "Application": "Crud.Api"}
[06:33:10 INF] [Phase 3] Skipping database seeding as requested for worker 17480 {"SourceContext": "Infrastructure.Services.DatabaseTestService", "Application": "Crud.Api"}
[06:33:10 INF] Database reset via file deletion completed for worker 17480 in 112.0688ms (Close: 0.0021ms, Delete: 1.5854ms, Create: 10.9054ms) {"SourceContext": "Infrastructure.Services.DatabaseTestService", "Application": "Crud.Api"}
[06:33:10 INF] Releasing database mutex for worker 17480 {"SourceContext": "Infrastructure.Services.DatabaseTestService", "Application": "Crud.Api"}
[06:33:10 INF] Resetting database for worker 17480 {"SourceContext": "Infrastructure.Services.DatabaseTestService", "Application": "Crud.Api"}
[06:33:10 INF] Resetting database via file deletion for worker 17480 in CI environment {"SourceContext": "Infrastructure.Services.DatabaseTestService", "Application": "Crud.Api"}
[06:33:10 INF] Acquiring database mutex for worker 17480... {"SourceContext": "Infrastructure.Services.DatabaseTestService", "Application": "Crud.Api"}
[06:33:10 INF] Database mutex acquired for worker 17480 {"SourceContext": "Infrastructure.Services.DatabaseTestService", "Application": "Crud.Api"}
[06:33:10 INF] Current database state - CanConnect: True {"SourceContext": "Infrastructure.Services.DatabaseTestService", "Application": "Crud.Api"}
[06:33:10 INF] [Phase 0] Closing database connection for worker 17480... {"SourceContext": "Infrastructure.Services.DatabaseTestService", "Application": "Crud.Api"}
[06:33:10 INF] [Phase 0] Connection closed in 0.0015ms {"SourceContext": "Infrastructure.Services.DatabaseTestService", "Application": "Crud.Api"}
[06:33:10 INF] [Phase 1] Starting EnsureDeletedAsync for worker 17480... {"SourceContext": "Infrastructure.Services.DatabaseTestService", "Application": "Crud.Api"}
[06:33:10 INF] [Phase 1] EnsureDeletedAsync completed in 1.3449ms {"SourceContext": "Infrastructure.Services.DatabaseTestService", "Application": "Crud.Api"}
[06:33:10 INF] [Phase 2] Starting EnsureCreatedAsync for worker 17480... {"SourceContext": "Infrastructure.Services.DatabaseTestService", "Application": "Crud.Api"}
[06:33:10 INF] [Phase 2] EnsureCreatedAsync completed in 7.601ms {"SourceContext": "Infrastructure.Services.DatabaseTestService", "Application": "Crud.Api"}
[06:33:10 INF] [Phase 3] Skipping database seeding as requested for worker 17480 {"SourceContext": "Infrastructure.Services.DatabaseTestService", "Application": "Crud.Api"}
[06:33:10 INF] Database reset via file deletion completed for worker 17480 in 110.2149ms (Close: 0.0015ms, Delete: 1.3449ms, Create: 7.601ms) {"SourceContext": "Infrastructure.Services.DatabaseTestService", "Application": "Crud.Api"}
[06:33:10 INF] Releasing database mutex for worker 17480 {"SourceContext": "Infrastructure.Services.DatabaseTestService", "Application": "Crud.Api"}
[06:33:10 INF] User registered successfully: 0b9fd8cf-b12e-4ef8-8ee8-f03baaebfb1b {"SourceContext": "App.Features.Authentication.RegisterUserCommandHandler", "ActionId": "bb7f1630-1c31-4040-acd8-f69ed1f37c75", "ActionName": "Api.Controllers.AuthController.Register (Api)", "RequestId": "0HNFGVK4NGCJ8", "RequestPath": "/api/auth/register", "Application": "Crud.Api"}
Activity.TraceId:            cf9bba3dcbfa41348e154c41194822ee
Activity.SpanId:             e3c3dd91cb05af9b
Activity.TraceFlags:         Recorded
Activity.ActivitySourceName: Microsoft.AspNetCore
Activity.DisplayName:        POST api/Auth/register
Activity.Kind:               Server
Activity.StartTime:          2025-09-11T06:33:10.4491122Z
Activity.Duration:           00:00:00.3010950
Activity.Tags:
    server.address: localhost
    http.request.method: POST
    url.scheme: http
    url.path: /api/auth/register
    network.protocol.version: 1.1
    http.route: api/Auth/register
    http.response.status_code: 200
Resource associated with Activity:
    deployment.environment: Testing
    service.name: Crud.Api
    service.version: 1.0.0
    service.instance.id: 10e2e254-224c-48e1-a2d2-8bbb5483cf26
    telemetry.sdk.name: opentelemetry
    telemetry.sdk.language: dotnet
    telemetry.sdk.version: 1.8.1
[06:33:11 INF] User logged in successfully: 0b9fd8cf-b12e-4ef8-8ee8-f03baaebfb1b {"SourceContext": "App.Features.Authentication.LoginCommandHandler", "ActionId": "54bcfe1f-cdd2-493b-aa6f-8bbf8be910c6", "ActionName": "Api.Controllers.AuthController.Login (Api)", "RequestId": "0HNFGVK4NGCJ9", "RequestPath": "/api/auth/login", "Application": "Crud.Api"}
Activity.TraceId:            4c575bd119c4971cc77b1c5584acd90d
Activity.SpanId:             c3b2aa75e25572d7
Activity.TraceFlags:         Recorded
Activity.ActivitySourceName: Microsoft.AspNetCore
Activity.DisplayName:        POST api/Auth/login
Activity.Kind:               Server
Activity.StartTime:          2025-09-11T06:33:10.7514403Z
Activity.Duration:           00:00:00.2970891
Activity.Tags:
    server.address: localhost
    http.request.method: POST
    url.scheme: http
    url.path: /api/auth/login
    network.protocol.version: 1.1
    http.route: api/Auth/login
    http.response.status_code: 200
Resource associated with Activity:
    deployment.environment: Testing
    service.name: Crud.Api
    service.version: 1.0.0
    service.instance.id: 10e2e254-224c-48e1-a2d2-8bbb5483cf26
    telemetry.sdk.name: opentelemetry
    telemetry.sdk.language: dotnet
    telemetry.sdk.version: 1.8.1
[06:33:11 DBG] Cache miss for key: name:role:administrator {"SourceContext": "Infrastructure.Services.Caching.InMemoryCacheService", "ActionId": "4bc7b6e9-5959-4527-9d86-3a9bf3bfe09f", "ActionName": "Api.Controllers.RolesController.Create (Api)", "RequestId": "0HNFGVK4NGCJA", "RequestPath": "/api/roles", "Application": "Crud.Api"}
[06:33:11 DBG] Removed cache value for key: entity:role:5941384f90684346b739003575e2f3fb {"SourceContext": "Infrastructure.Services.Caching.InMemoryCacheService", "ActionId": "4bc7b6e9-5959-4527-9d86-3a9bf3bfe09f", "ActionName": "Api.Controllers.RolesController.Create (Api)", "RequestId": "0HNFGVK4NGCJA", "RequestPath": "/api/roles", "Application": "Crud.Api"}
[06:33:11 DBG] Removed cache value for key: list:role {"SourceContext": "Infrastructure.Services.Caching.InMemoryCacheService", "ActionId": "4bc7b6e9-5959-4527-9d86-3a9bf3bfe09f", "ActionName": "Api.Controllers.RolesController.Create (Api)", "RequestId": "0HNFGVK4NGCJA", "RequestPath": "/api/roles", "Application": "Crud.Api"}
[06:33:11 DBG] Invalidating cache for entity type: roles with tag: roles {"SourceContext": "Api.Services.OutputCacheInvalidationService", "ActionId": "4bc7b6e9-5959-4527-9d86-3a9bf3bfe09f", "ActionName": "Api.Controllers.RolesController.Create (Api)", "RequestId": "0HNFGVK4NGCJA", "RequestPath": "/api/roles", "Application": "Crud.Api"}
[06:33:11 INF] Successfully invalidated cache for entity type: roles {"SourceContext": "Api.Services.OutputCacheInvalidationService", "ActionId": "4bc7b6e9-5959-4527-9d86-3a9bf3bfe09f", "ActionName": "Api.Controllers.RolesController.Create (Api)", "RequestId": "0HNFGVK4NGCJA", "RequestPath": "/api/roles", "Application": "Crud.Api"}
Activity.TraceId:            4a56b2861ae03c2b5d8762737a6edd82
Activity.SpanId:             9231450c255d7a12
Activity.TraceFlags:         Recorded
Activity.ActivitySourceName: Microsoft.AspNetCore
Activity.DisplayName:        POST api/Roles
Activity.Kind:               Server
Activity.StartTime:          2025-09-11T06:33:11.0487623Z
Activity.Duration:           00:00:00.0026764
Activity.Tags:
    server.address: localhost
    http.request.method: POST
    url.scheme: http
    url.path: /api/roles
    network.protocol.version: 1.1
    http.route: api/Roles
    http.response.status_code: 201
Resource associated with Activity:
    deployment.environment: Testing
    service.name: Crud.Api
    service.version: 1.0.0
    service.instance.id: 10e2e254-224c-48e1-a2d2-8bbb5483cf26
    telemetry.sdk.name: opentelemetry
    telemetry.sdk.language: dotnet
    telemetry.sdk.version: 1.8.1
[06:33:11 INF] Resetting database for worker 17480 {"SourceContext": "Infrastructure.Services.DatabaseTestService", "Application": "Crud.Api"}
[06:33:11 INF] Resetting database via file deletion for worker 17480 in CI environment {"SourceContext": "Infrastructure.Services.DatabaseTestService", "Application": "Crud.Api"}
[06:33:11 INF] Acquiring database mutex for worker 17480... {"SourceContext": "Infrastructure.Services.DatabaseTestService", "Application": "Crud.Api"}
[06:33:11 INF] Database mutex acquired for worker 17480 {"SourceContext": "Infrastructure.Services.DatabaseTestService", "Application": "Crud.Api"}
[06:33:11 INF] Current database state - CanConnect: True {"SourceContext": "Infrastructure.Services.DatabaseTestService", "Application": "Crud.Api"}
[06:33:11 INF] [Phase 0] Closing database connection for worker 17480... {"SourceContext": "Infrastructure.Services.DatabaseTestService", "Application": "Crud.Api"}
[06:33:11 INF] [Phase 0] Connection closed in 0.0014ms {"SourceContext": "Infrastructure.Services.DatabaseTestService", "Application": "Crud.Api"}
[06:33:11 INF] [Phase 1] Starting EnsureDeletedAsync for worker 17480... {"SourceContext": "Infrastructure.Services.DatabaseTestService", "Application": "Crud.Api"}
[06:33:11 INF] [Phase 1] EnsureDeletedAsync completed in 1.3097ms {"SourceContext": "Infrastructure.Services.DatabaseTestService", "Application": "Crud.Api"}
[06:33:11 INF] [Phase 2] Starting EnsureCreatedAsync for worker 17480... {"SourceContext": "Infrastructure.Services.DatabaseTestService", "Application": "Crud.Api"}
[06:33:11 INF] [Phase 2] EnsureCreatedAsync completed in 12.3276ms {"SourceContext": "Infrastructure.Services.DatabaseTestService", "Application": "Crud.Api"}
[06:33:11 INF] [Phase 3] Skipping database seeding as requested for worker 17480 {"SourceContext": "Infrastructure.Services.DatabaseTestService", "Application": "Crud.Api"}
[06:33:11 INF] Database reset via file deletion completed for worker 17480 in 113.9045ms (Close: 0.0014ms, Delete: 1.3097ms, Create: 12.3276ms) {"SourceContext": "Infrastructure.Services.DatabaseTestService", "Application": "Crud.Api"}
[06:33:11 INF] Releasing database mutex for worker 17480 {"SourceContext": "Infrastructure.Services.DatabaseTestService", "Application": "Crud.Api"}
[06:33:11 INF] Resetting database for worker 17480 {"SourceContext": "Infrastructure.Services.DatabaseTestService", "Application": "Crud.Api"}
[06:33:11 INF] Resetting database via file deletion for worker 17480 in CI environment {"SourceContext": "Infrastructure.Services.DatabaseTestService", "Application": "Crud.Api"}
[06:33:11 INF] Acquiring database mutex for worker 17480... {"SourceContext": "Infrastructure.Services.DatabaseTestService", "Application": "Crud.Api"}
[06:33:11 INF] Database mutex acquired for worker 17480 {"SourceContext": "Infrastructure.Services.DatabaseTestService", "Application": "Crud.Api"}
[06:33:11 INF] Current database state - CanConnect: True {"SourceContext": "Infrastructure.Services.DatabaseTestService", "Application": "Crud.Api"}
[06:33:11 INF] [Phase 0] Closing database connection for worker 17480... {"SourceContext": "Infrastructure.Services.DatabaseTestService", "Application": "Crud.Api"}
[06:33:11 INF] [Phase 0] Connection closed in 0.0014ms {"SourceContext": "Infrastructure.Services.DatabaseTestService", "Application": "Crud.Api"}
[06:33:11 INF] [Phase 1] Starting EnsureDeletedAsync for worker 17480... {"SourceContext": "Infrastructure.Services.DatabaseTestService", "Application": "Crud.Api"}
[06:33:11 INF] [Phase 1] EnsureDeletedAsync completed in 1.1859ms {"SourceContext": "Infrastructure.Services.DatabaseTestService", "Application": "Crud.Api"}
[06:33:11 INF] [Phase 2] Starting EnsureCreatedAsync for worker 17480... {"SourceContext": "Infrastructure.Services.DatabaseTestService", "Application": "Crud.Api"}
[06:33:11 INF] [Phase 2] EnsureCreatedAsync completed in 7.6743ms {"SourceContext": "Infrastructure.Services.DatabaseTestService", "Application": "Crud.Api"}
[06:33:11 INF] [Phase 3] Skipping database seeding as requested for worker 17480 {"SourceContext": "Infrastructure.Services.DatabaseTestService", "Application": "Crud.Api"}
[06:33:11 INF] Database reset via file deletion completed for worker 17480 in 109.4574ms (Close: 0.0014ms, Delete: 1.1859ms, Create: 7.6743ms) {"SourceContext": "Infrastructure.Services.DatabaseTestService", "Application": "Crud.Api"}
[06:33:11 INF] Releasing database mutex for worker 17480 {"SourceContext": "Infrastructure.Services.DatabaseTestService", "Application": "Crud.Api"}
[06:33:11 INF] User registered successfully: 7013870c-539f-4be2-a8bb-9719cfb9b369 {"SourceContext": "App.Features.Authentication.RegisterUserCommandHandler", "ActionId": "bb7f1630-1c31-4040-acd8-f69ed1f37c75", "ActionName": "Api.Controllers.AuthController.Register (Api)", "RequestId": "0HNFGVK4NGCJB", "RequestPath": "/api/auth/register", "Application": "Crud.Api"}
Activity.TraceId:            53cb933b3957ed8b8cdaedf57c3ded81
Activity.SpanId:             a0817bcb49640cf0
Activity.TraceFlags:         Recorded
Activity.ActivitySourceName: Microsoft.AspNetCore
Activity.DisplayName:        POST api/Auth/register
Activity.Kind:               Server
Activity.StartTime:          2025-09-11T06:33:11.2796992Z
Activity.Duration:           00:00:00.2970948
Activity.Tags:
    server.address: localhost
    http.request.method: POST
    url.scheme: http
    url.path: /api/auth/register
    network.protocol.version: 1.1
    http.route: api/Auth/register
    http.response.status_code: 200
Resource associated with Activity:
    deployment.environment: Testing
    service.name: Crud.Api
    service.version: 1.0.0
    service.instance.id: 10e2e254-224c-48e1-a2d2-8bbb5483cf26
    telemetry.sdk.name: opentelemetry
    telemetry.sdk.language: dotnet
    telemetry.sdk.version: 1.8.1
[06:33:11 DBG] Cache miss for key: entity:role:199eca6777594b1ea2421923ae4fd31b {"SourceContext": "Infrastructure.Services.Caching.InMemoryCacheService", "ActionId": "b5c810e1-e328-4869-ac1f-bc34bd7e9541", "ActionName": "Api.Controllers.RolesController.Get (Api)", "RequestId": "0HNFGVK4NGCJC", "RequestPath": "/api/roles/199eca67-7759-4b1e-a242-1923ae4fd31b", "Application": "Crud.Api"}
Activity.TraceId:            b215112a6c55d88a39c133c7a0e50234
Activity.SpanId:             736f45fb19e411dd
Activity.TraceFlags:         Recorded
Activity.ActivitySourceName: Microsoft.AspNetCore
Activity.DisplayName:        GET api/Roles/{id:guid}
Activity.Kind:               Server
Activity.StartTime:          2025-09-11T06:33:11.5770368Z
Activity.Duration:           00:00:00.0022178
Activity.Tags:
    server.address: localhost
    http.request.method: GET
    url.scheme: http
    url.path: /api/roles/199eca67-7759-4b1e-a242-1923ae4fd31b
    network.protocol.version: 1.1
    http.route: api/Roles/{id:guid}
    http.response.status_code: 404
Resource associated with Activity:
    deployment.environment: Testing
    service.name: Crud.Api
    service.version: 1.0.0
    service.instance.id: 10e2e254-224c-48e1-a2d2-8bbb5483cf26
    telemetry.sdk.name: opentelemetry
    telemetry.sdk.language: dotnet
    telemetry.sdk.version: 1.8.1
[06:33:11 INF] Resetting database for worker 17480 {"SourceContext": "Infrastructure.Services.DatabaseTestService", "Application": "Crud.Api"}
[06:33:11 INF] Resetting database via file deletion for worker 17480 in CI environment {"SourceContext": "Infrastructure.Services.DatabaseTestService", "Application": "Crud.Api"}
[06:33:11 INF] Acquiring database mutex for worker 17480... {"SourceContext": "Infrastructure.Services.DatabaseTestService", "Application": "Crud.Api"}
[06:33:11 INF] Database mutex acquired for worker 17480 {"SourceContext": "Infrastructure.Services.DatabaseTestService", "Application": "Crud.Api"}
[06:33:11 INF] Current database state - CanConnect: True {"SourceContext": "Infrastructure.Services.DatabaseTestService", "Application": "Crud.Api"}
[06:33:11 INF] [Phase 0] Closing database connection for worker 17480... {"SourceContext": "Infrastructure.Services.DatabaseTestService", "Application": "Crud.Api"}
[06:33:11 INF] [Phase 0] Connection closed in 0.0016ms {"SourceContext": "Infrastructure.Services.DatabaseTestService", "Application": "Crud.Api"}
[06:33:11 INF] [Phase 1] Starting EnsureDeletedAsync for worker 17480... {"SourceContext": "Infrastructure.Services.DatabaseTestService", "Application": "Crud.Api"}
[06:33:11 INF] [Phase 1] EnsureDeletedAsync completed in 1.4759ms {"SourceContext": "Infrastructure.Services.DatabaseTestService", "Application": "Crud.Api"}
[06:33:11 INF] [Phase 2] Starting EnsureCreatedAsync for worker 17480... {"SourceContext": "Infrastructure.Services.DatabaseTestService", "Application": "Crud.Api"}
[06:33:11 INF] [Phase 2] EnsureCreatedAsync completed in 7.8892ms {"SourceContext": "Infrastructure.Services.DatabaseTestService", "Application": "Crud.Api"}
[06:33:11 INF] [Phase 3] Skipping database seeding as requested for worker 17480 {"SourceContext": "Infrastructure.Services.DatabaseTestService", "Application": "Crud.Api"}
[06:33:11 INF] Database reset via file deletion completed for worker 17480 in 109.0344ms (Close: 0.0016ms, Delete: 1.4759ms, Create: 7.8892ms) {"SourceContext": "Infrastructure.Services.DatabaseTestService", "Application": "Crud.Api"}
[06:33:11 INF] Releasing database mutex for worker 17480 {"SourceContext": "Infrastructure.Services.DatabaseTestService", "Application": "Crud.Api"}
[06:33:11 INF] Resetting database for worker 17480 {"SourceContext": "Infrastructure.Services.DatabaseTestService", "Application": "Crud.Api"}
[06:33:11 INF] Resetting database via file deletion for worker 17480 in CI environment {"SourceContext": "Infrastructure.Services.DatabaseTestService", "Application": "Crud.Api"}
[06:33:11 INF] Acquiring database mutex for worker 17480... {"SourceContext": "Infrastructure.Services.DatabaseTestService", "Application": "Crud.Api"}
[06:33:11 INF] Database mutex acquired for worker 17480 {"SourceContext": "Infrastructure.Services.DatabaseTestService", "Application": "Crud.Api"}
[06:33:11 INF] Current database state - CanConnect: True {"SourceContext": "Infrastructure.Services.DatabaseTestService", "Application": "Crud.Api"}
[06:33:11 INF] [Phase 0] Closing database connection for worker 17480... {"SourceContext": "Infrastructure.Services.DatabaseTestService", "Application": "Crud.Api"}
[06:33:11 INF] [Phase 0] Connection closed in 0.0017ms {"SourceContext": "Infrastructure.Services.DatabaseTestService", "Application": "Crud.Api"}
[06:33:11 INF] [Phase 1] Starting EnsureDeletedAsync for worker 17480... {"SourceContext": "Infrastructure.Services.DatabaseTestService", "Application": "Crud.Api"}
[06:33:11 INF] [Phase 1] EnsureDeletedAsync completed in 1.2199ms {"SourceContext": "Infrastructure.Services.DatabaseTestService", "Application": "Crud.Api"}
[06:33:11 INF] [Phase 2] Starting EnsureCreatedAsync for worker 17480... {"SourceContext": "Infrastructure.Services.DatabaseTestService", "Application": "Crud.Api"}
[06:33:11 INF] [Phase 2] EnsureCreatedAsync completed in 7.7055ms {"SourceContext": "Infrastructure.Services.DatabaseTestService", "Application": "Crud.Api"}
[06:33:11 INF] [Phase 3] Skipping database seeding as requested for worker 17480 {"SourceContext": "Infrastructure.Services.DatabaseTestService", "Application": "Crud.Api"}
[06:33:11 INF] Database reset via file deletion completed for worker 17480 in 109.7888ms (Close: 0.0017ms, Delete: 1.2199ms, Create: 7.7055ms) {"SourceContext": "Infrastructure.Services.DatabaseTestService", "Application": "Crud.Api"}
[06:33:11 INF] Releasing database mutex for worker 17480 {"SourceContext": "Infrastructure.Services.DatabaseTestService", "Application": "Crud.Api"}
Resource associated with Metric:
    deployment.environment: Testing
    service.name: Crud.Api
    service.version: 1.0.0
    service.instance.id: 10e2e254-224c-48e1-a2d2-8bbb5483cf26
    telemetry.sdk.name: opentelemetry
    telemetry.sdk.language: dotnet
    telemetry.sdk.version: 1.8.1
Metric Name: http.server.active_requests, Number of active HTTP server requests., Unit: {request}, Meter: Microsoft.AspNetCore.Hosting
(2025-09-11T06:33:01.8110702Z, 2025-09-11T06:33:11.8113500Z] http.request.method: POST url.scheme: http LongSumNonMonotonic
Value: 1
(2025-09-11T06:33:01.8110702Z, 2025-09-11T06:33:11.8113500Z] http.request.method: DELETE url.scheme: http LongSumNonMonotonic
Value: 0
(2025-09-11T06:33:01.8110702Z, 2025-09-11T06:33:11.8113500Z] http.request.method: GET url.scheme: http LongSumNonMonotonic
Value: 0
(2025-09-11T06:33:01.8110702Z, 2025-09-11T06:33:11.8113500Z] http.request.method: PUT url.scheme: http LongSumNonMonotonic
Value: 0
Metric Name: http.server.request.duration, Duration of HTTP server requests., Unit: s, Meter: Microsoft.AspNetCore.Hosting
(2025-09-11T06:33:01.8110941Z, 2025-09-11T06:33:11.8113572Z] http.request.method: POST http.response.status_code: 200 http.route: api/Auth/register network.protocol.version: 1.1 url.scheme: http Histogram
Value: Sum: 5.119826700000001 Count: 17 Min: 0.2970921 Max: 0.3233938 
(-Infinity,0.005]:0
(0.005,0.01]:0
(0.01,0.025]:0
(0.025,0.05]:0
(0.05,0.075]:0
(0.075,0.1]:0
(0.1,0.25]:0
(0.25,0.5]:17
(0.5,0.75]:0
(0.75,1]:0
(1,2.5]:0
(2.5,5]:0
(5,7.5]:0
(7.5,10]:0
(10,+Infinity]:0
(2025-09-11T06:33:01.8110941Z, 2025-09-11T06:33:11.8113572Z] http.request.method: POST http.response.status_code: 200 http.route: api/Auth/login network.protocol.version: 1.1 url.scheme: http Histogram
Value: Sum: 3.2905365 Count: 11 Min: 0.2970822 Max: 0.3082478 
(-Infinity,0.005]:0
(0.005,0.01]:0
(0.01,0.025]:0
(0.025,0.05]:0
(0.05,0.075]:0
(0.075,0.1]:0
(0.1,0.25]:0
(0.25,0.5]:11
(0.5,0.75]:0
(0.75,1]:0
(1,2.5]:0
(2.5,5]:0
(5,7.5]:0
(7.5,10]:0
(10,+Infinity]:0
(2025-09-11T06:33:01.8110941Z, 2025-09-11T06:33:11.8113572Z] http.request.method: DELETE http.response.status_code: 204 http.route: api/Roles/{id:guid} network.protocol.version: 1.1 url.scheme: http Histogram
Value: Sum: 0.1032267 Count: 2 Min: 0.0163113 Max: 0.0869154 
(-Infinity,0.005]:0
(0.005,0.01]:0
(0.01,0.025]:1
(0.025,0.05]:0
(0.05,0.075]:0
(0.075,0.1]:1
(0.1,0.25]:0
(0.25,0.5]:0
(0.5,0.75]:0
(0.75,1]:0
(1,2.5]:0
(2.5,5]:0
(5,7.5]:0
(7.5,10]:0
(10,+Infinity]:0
(2025-09-11T06:33:01.8110941Z, 2025-09-11T06:33:11.8113572Z] http.request.method: POST http.response.status_code: 201 http.route: api/Roles network.protocol.version: 1.1 url.scheme: http Histogram
Value: Sum: 0.07859479999999999 Count: 7 Min: 0.0026757 Max: 0.0556667 
(-Infinity,0.005]:5
(0.005,0.01]:1
(0.01,0.025]:0
(0.025,0.05]:0
(0.05,0.075]:1
(0.075,0.1]:0
(0.1,0.25]:0
(0.25,0.5]:0
(0.5,0.75]:0
(0.75,1]:0
(1,2.5]:0
(2.5,5]:0
(5,7.5]:0
(7.5,10]:0
(10,+Infinity]:0
(2025-09-11T06:33:01.8110941Z, 2025-09-11T06:33:11.8113572Z] http.request.method: GET http.response.status_code: 200 http.route: api/Roles network.protocol.version: 1.1 url.scheme: http Histogram
Value: Sum: 0.0221183 Count: 2 Min: 0.0024041 Max: 0.0197142 
(-Infinity,0.005]:1
(0.005,0.01]:0
(0.01,0.025]:1
(0.025,0.05]:0
(0.05,0.075]:0
(0.075,0.1]:0
(0.1,0.25]:0
(0.25,0.5]:0
(0.5,0.75]:0
(0.75,1]:0
(1,2.5]:0
(2.5,5]:0
(5,7.5]:0
(7.5,10]:0
(10,+Infinity]:0
(2025-09-11T06:33:01.8110941Z, 2025-09-11T06:33:11.8113572Z] http.request.method: GET http.response.status_code: 404 http.route: api/Roles/{id:guid} network.protocol.version: 1.1 url.scheme: http Histogram
Value: Sum: 0.0223669 Count: 2 Min: 0.0022177 Max: 0.0201492 
(-Infinity,0.005]:1
(0.005,0.01]:0
(0.01,0.025]:1
(0.025,0.05]:0
(0.05,0.075]:0
(0.075,0.1]:0
(0.1,0.25]:0
(0.25,0.5]:0
(0.5,0.75]:0
(0.75,1]:0
(1,2.5]:0
(2.5,5]:0
(5,7.5]:0
(7.5,10]:0
(10,+Infinity]:0
(2025-09-11T06:33:01.8110941Z, 2025-09-11T06:33:11.8113572Z] http.request.method: PUT http.response.status_code: 204 http.route: api/Roles/{id:guid} network.protocol.version: 1.1 url.scheme: http Histogram
Value: Sum: 0.0100612 Count: 1 Min: 0.0100612 Max: 0.0100612 
(-Infinity,0.005]:0
(0.005,0.01]:0
(0.01,0.025]:1
(0.025,0.05]:0
(0.05,0.075]:0
(0.075,0.1]:0
(0.1,0.25]:0
(0.25,0.5]:0
(0.5,0.75]:0
(0.75,1]:0
(1,2.5]:0
(2.5,5]:0
(5,7.5]:0
(7.5,10]:0
(10,+Infinity]:0
(2025-09-11T06:33:01.8110941Z, 2025-09-11T06:33:11.8113572Z] http.request.method: GET http.response.status_code: 200 http.route: api/Roles/{id:guid} network.protocol.version: 1.1 url.scheme: http Histogram
Value: Sum: 0.0073204 Count: 2 Min: 0.0034653 Max: 0.0038551 
(-Infinity,0.005]:2
(0.005,0.01]:0
(0.01,0.025]:0
(0.025,0.05]:0
(0.05,0.075]:0
(0.075,0.1]:0
(0.1,0.25]:0
(0.25,0.5]:0
(0.5,0.75]:0
(0.75,1]:0
(1,2.5]:0
(2.5,5]:0
(5,7.5]:0
(7.5,10]:0
(10,+Infinity]:0
(2025-09-11T06:33:01.8110941Z, 2025-09-11T06:33:11.8113572Z] http.request.method: POST http.response.status_code: 400 http.route: api/Roles network.protocol.version: 1.1 url.scheme: http Histogram
Value: Sum: 0.0050088 Count: 1 Min: 0.0050088 Max: 0.0050088 
(-Infinity,0.005]:0
(0.005,0.01]:1
(0.01,0.025]:0
(0.025,0.05]:0
(0.05,0.075]:0
(0.075,0.1]:0
(0.1,0.25]:0
(0.25,0.5]:0
(0.5,0.75]:0
(0.75,1]:0
(1,2.5]:0
(2.5,5]:0
(5,7.5]:0
(7.5,10]:0
(10,+Infinity]:0
Metric Name: aspnetcore.rate_limiting.active_request_leases, Number of HTTP requests that are currently active on the server that hold a rate limiting lease., Unit: {request}, Meter: Microsoft.AspNetCore.RateLimiting
(2025-09-11T06:33:01.8147975Z, 2025-09-11T06:33:11.8113579Z] LongSumNonMonotonic
Value: 1
Metric Name: aspnetcore.rate_limiting.request_lease.duration, The duration of rate limiting leases held by HTTP requests on the server., Unit: s, Meter: Microsoft.AspNetCore.RateLimiting
(2025-09-11T06:33:01.8148211Z, 2025-09-11T06:33:11.8113590Z] Histogram
Value: Sum: 8.643848499999999 Count: 45 Min: 0.0017112 Max: 0.3218316 
(-Infinity,0.005]:10
(0.005,0.01]:2
(0.01,0.025]:3
(0.025,0.05]:0
(0.05,0.075]:1
(0.075,0.1]:1
(0.1,0.25]:0
(0.25,0.5]:28
(0.5,0.75]:0
(0.75,1]:0
(1,2.5]:0
(2.5,5]:0
(5,7.5]:0
(7.5,10]:0
(10,+Infinity]:0
Metric Name: aspnetcore.rate_limiting.requests, Number of requests that tried to acquire a rate limiting lease. Requests could be rejected by global or endpoint rate limiting policies. Or the request could be canceled while waiting for the lease., Unit: {request}, Meter: Microsoft.AspNetCore.RateLimiting
(2025-09-11T06:33:01.8148641Z, 2025-09-11T06:33:11.8113611Z] aspnetcore.rate_limiting.result: acquired LongSum
Value: 45
Metric Name: aspnetcore.routing.match_attempts, Number of requests that were attempted to be matched to an endpoint., Unit: {match_attempt}, Meter: Microsoft.AspNetCore.Routing
(2025-09-11T06:33:01.8164996Z, 2025-09-11T06:33:11.8113631Z] aspnetcore.routing.is_fallback: false aspnetcore.routing.match_status: success http.route: api/Auth/register LongSum
Value: 18
(2025-09-11T06:33:01.8164996Z, 2025-09-11T06:33:11.8113631Z] aspnetcore.routing.is_fallback: false aspnetcore.routing.match_status: success http.route: api/Auth/login LongSum
Value: 11
(2025-09-11T06:33:01.8164996Z, 2025-09-11T06:33:11.8113631Z] aspnetcore.routing.is_fallback: false aspnetcore.routing.match_status: success http.route: api/Roles/{id:guid} LongSum
Value: 7
(2025-09-11T06:33:01.8164996Z, 2025-09-11T06:33:11.8113631Z] aspnetcore.routing.is_fallback: false aspnetcore.routing.match_status: success http.route: api/Roles LongSum
Value: 10
[06:33:12 INF] User registered successfully: 2e40b7da-70c3-4621-925f-722ec66c4b90 {"SourceContext": "App.Features.Authentication.RegisterUserCommandHandler", "ActionId": "bb7f1630-1c31-4040-acd8-f69ed1f37c75", "ActionName": "Api.Controllers.AuthController.Register (Api)", "RequestId": "0HNFGVK4NGCJD", "RequestPath": "/api/auth/register", "Application": "Crud.Api"}
Activity.TraceId:            ad38990ea5c855679b0a0baf19166557
Activity.SpanId:             f8803f4021c09ad2
Activity.TraceFlags:         Recorded
Activity.ActivitySourceName: Microsoft.AspNetCore
Activity.DisplayName:        POST api/Auth/register
Activity.Kind:               Server
Activity.StartTime:          2025-09-11T06:33:11.8030426Z
Activity.Duration:           00:00:00.3005416
Activity.Tags:
    server.address: localhost
    http.request.method: POST
    url.scheme: http
    url.path: /api/auth/register
    network.protocol.version: 1.1
    http.route: api/Auth/register
    http.response.status_code: 200
Resource associated with Activity:
    deployment.environment: Testing
    service.name: Crud.Api
    service.version: 1.0.0
    service.instance.id: 10e2e254-224c-48e1-a2d2-8bbb5483cf26
    telemetry.sdk.name: opentelemetry
    telemetry.sdk.language: dotnet
    telemetry.sdk.version: 1.8.1
[06:33:12 INF] User logged in successfully: 2e40b7da-70c3-4621-925f-722ec66c4b90 {"SourceContext": "App.Features.Authentication.LoginCommandHandler", "ActionId": "54bcfe1f-cdd2-493b-aa6f-8bbf8be910c6", "ActionName": "Api.Controllers.AuthController.Login (Api)", "RequestId": "0HNFGVK4NGCJE", "RequestPath": "/api/auth/login", "Application": "Crud.Api"}
Activity.TraceId:            948b5dcd0e8fd1b377d7b4821faee646
Activity.SpanId:             7000de379218707e
Activity.TraceFlags:         Recorded
Activity.ActivitySourceName: Microsoft.AspNetCore
Activity.DisplayName:        POST api/Auth/login
Activity.Kind:               Server
Activity.StartTime:          2025-09-11T06:33:12.1041639Z
Activity.Duration:           00:00:00.2965602
Activity.Tags:
    server.address: localhost
    http.request.method: POST
    url.scheme: http
    url.path: /api/auth/login
    network.protocol.version: 1.1
    http.route: api/Auth/login
    http.response.status_code: 200
Resource associated with Activity:
    deployment.environment: Testing
    service.name: Crud.Api
    service.version: 1.0.0
    service.instance.id: 10e2e254-224c-48e1-a2d2-8bbb5483cf26
    telemetry.sdk.name: opentelemetry
    telemetry.sdk.language: dotnet
    telemetry.sdk.version: 1.8.1
[06:33:12 DBG] Cache miss for key: name:role:manager {"SourceContext": "Infrastructure.Services.Caching.InMemoryCacheService", "ActionId": "4bc7b6e9-5959-4527-9d86-3a9bf3bfe09f", "ActionName": "Api.Controllers.RolesController.Create (Api)", "RequestId": "0HNFGVK4NGCJF", "RequestPath": "/api/roles", "Application": "Crud.Api"}
[06:33:12 DBG] Removed cache value for key: entity:role:9dbef759593f46bbbfa0f4edeef57277 {"SourceContext": "Infrastructure.Services.Caching.InMemoryCacheService", "ActionId": "4bc7b6e9-5959-4527-9d86-3a9bf3bfe09f", "ActionName": "Api.Controllers.RolesController.Create (Api)", "RequestId": "0HNFGVK4NGCJF", "RequestPath": "/api/roles", "Application": "Crud.Api"}
[06:33:12 DBG] Removed cache value for key: list:role {"SourceContext": "Infrastructure.Services.Caching.InMemoryCacheService", "ActionId": "4bc7b6e9-5959-4527-9d86-3a9bf3bfe09f", "ActionName": "Api.Controllers.RolesController.Create (Api)", "RequestId": "0HNFGVK4NGCJF", "RequestPath": "/api/roles", "Application": "Crud.Api"}
[06:33:12 DBG] Invalidating cache for entity type: roles with tag: roles {"SourceContext": "Api.Services.OutputCacheInvalidationService", "ActionId": "4bc7b6e9-5959-4527-9d86-3a9bf3bfe09f", "ActionName": "Api.Controllers.RolesController.Create (Api)", "RequestId": "0HNFGVK4NGCJF", "RequestPath": "/api/roles", "Application": "Crud.Api"}
[06:33:12 INF] Successfully invalidated cache for entity type: roles {"SourceContext": "Api.Services.OutputCacheInvalidationService", "ActionId": "4bc7b6e9-5959-4527-9d86-3a9bf3bfe09f", "ActionName": "Api.Controllers.RolesController.Create (Api)", "RequestId": "0HNFGVK4NGCJF", "RequestPath": "/api/roles", "Application": "Crud.Api"}
Activity.TraceId:            8608bfb63f9509b492286fcacb0e7c2c
Activity.SpanId:             41243965978e6682
Activity.TraceFlags:         Recorded
Activity.ActivitySourceName: Microsoft.AspNetCore
Activity.DisplayName:        POST api/Roles
Activity.Kind:               Server
Activity.StartTime:          2025-09-11T06:33:12.4010343Z
Activity.Duration:           00:00:00.0029031
Activity.Tags:
    server.address: localhost
    http.request.method: POST
    url.scheme: http
    url.path: /api/roles
    network.protocol.version: 1.1
    http.route: api/Roles
    http.response.status_code: 201
Resource associated with Activity:
    deployment.environment: Testing
    service.name: Crud.Api
    service.version: 1.0.0
    service.instance.id: 10e2e254-224c-48e1-a2d2-8bbb5483cf26
    telemetry.sdk.name: opentelemetry
    telemetry.sdk.language: dotnet
    telemetry.sdk.version: 1.8.1
[06:33:12 INF] User registered successfully: cc55134b-e7e7-40ab-8176-90b809e1ddc1 {"SourceContext": "App.Features.Authentication.RegisterUserCommandHandler", "ActionId": "bb7f1630-1c31-4040-acd8-f69ed1f37c75", "ActionName": "Api.Controllers.AuthController.Register (Api)", "RequestId": "0HNFGVK4NGCJG", "RequestPath": "/api/auth/register", "Application": "Crud.Api"}
Activity.TraceId:            815b1cfc678acf158adb94e0834e8e16
Activity.SpanId:             2109ec6d4bd7712b
Activity.TraceFlags:         Recorded
Activity.ActivitySourceName: Microsoft.AspNetCore
Activity.DisplayName:        POST api/Auth/register
Activity.Kind:               Server
Activity.StartTime:          2025-09-11T06:33:12.4045458Z
Activity.Duration:           00:00:00.2976166
Activity.Tags:
    server.address: localhost
    http.request.method: POST
    url.scheme: http
    url.path: /api/auth/register
    network.protocol.version: 1.1
    http.route: api/Auth/register
    http.response.status_code: 200
Resource associated with Activity:
    deployment.environment: Testing
    service.name: Crud.Api
    service.version: 1.0.0
    service.instance.id: 10e2e254-224c-48e1-a2d2-8bbb5483cf26
    telemetry.sdk.name: opentelemetry
    telemetry.sdk.language: dotnet
    telemetry.sdk.version: 1.8.1
[06:33:12 DBG] Cache miss for key: entity:role:9dbef759593f46bbbfa0f4edeef57277 {"SourceContext": "Infrastructure.Services.Caching.InMemoryCacheService", "ActionId": "b5c810e1-e328-4869-ac1f-bc34bd7e9541", "ActionName": "Api.Controllers.RolesController.Get (Api)", "RequestId": "0HNFGVK4NGCJH", "RequestPath": "/api/roles/9dbef759-593f-46bb-bfa0-f4edeef57277", "Application": "Crud.Api"}
[06:33:12 DBG] Set cache value for key: entity:role:9dbef759593f46bbbfa0f4edeef57277 {"SourceContext": "Infrastructure.Services.Caching.InMemoryCacheService", "ActionId": "b5c810e1-e328-4869-ac1f-bc34bd7e9541", "ActionName": "Api.Controllers.RolesController.Get (Api)", "RequestId": "0HNFGVK4NGCJH", "RequestPath": "/api/roles/9dbef759-593f-46bb-bfa0-f4edeef57277", "Application": "Crud.Api"}
Activity.TraceId:            9e798238246302847eee75cc138f0ef1
Activity.SpanId:             c54623d4f815ade8
Activity.TraceFlags:         Recorded
Activity.ActivitySourceName: Microsoft.AspNetCore
Activity.DisplayName:        GET api/Roles/{id:guid}
Activity.Kind:               Server
Activity.StartTime:          2025-09-11T06:33:12.7024567Z
Activity.Duration:           00:00:00.0023102
Activity.Tags:
    server.address: localhost
    http.request.method: GET
    url.scheme: http
    url.path: /api/roles/9dbef759-593f-46bb-bfa0-f4edeef57277
    network.protocol.version: 1.1
    http.route: api/Roles/{id:guid}
    http.response.status_code: 200
Resource associated with Activity:
    deployment.environment: Testing
    service.name: Crud.Api
    service.version: 1.0.0
    service.instance.id: 10e2e254-224c-48e1-a2d2-8bbb5483cf26
    telemetry.sdk.name: opentelemetry
    telemetry.sdk.language: dotnet
    telemetry.sdk.version: 1.8.1
[06:33:12 INF] Resetting database for worker 17480 {"SourceContext": "Infrastructure.Services.DatabaseTestService", "Application": "Crud.Api"}
[06:33:12 INF] Resetting database via file deletion for worker 17480 in CI environment {"SourceContext": "Infrastructure.Services.DatabaseTestService", "Application": "Crud.Api"}
[06:33:12 INF] Acquiring database mutex for worker 17480... {"SourceContext": "Infrastructure.Services.DatabaseTestService", "Application": "Crud.Api"}
[06:33:12 INF] Database mutex acquired for worker 17480 {"SourceContext": "Infrastructure.Services.DatabaseTestService", "Application": "Crud.Api"}
[06:33:12 INF] Current database state - CanConnect: True {"SourceContext": "Infrastructure.Services.DatabaseTestService", "Application": "Crud.Api"}
[06:33:12 INF] [Phase 0] Closing database connection for worker 17480... {"SourceContext": "Infrastructure.Services.DatabaseTestService", "Application": "Crud.Api"}
[06:33:12 INF] [Phase 0] Connection closed in 0.0013ms {"SourceContext": "Infrastructure.Services.DatabaseTestService", "Application": "Crud.Api"}
[06:33:12 INF] [Phase 1] Starting EnsureDeletedAsync for worker 17480... {"SourceContext": "Infrastructure.Services.DatabaseTestService", "Application": "Crud.Api"}
[06:33:12 INF] [Phase 1] EnsureDeletedAsync completed in 1.3444ms {"SourceContext": "Infrastructure.Services.DatabaseTestService", "Application": "Crud.Api"}
[06:33:12 INF] [Phase 2] Starting EnsureCreatedAsync for worker 17480... {"SourceContext": "Infrastructure.Services.DatabaseTestService", "Application": "Crud.Api"}
[06:33:12 INF] [Phase 2] EnsureCreatedAsync completed in 7.9423ms {"SourceContext": "Infrastructure.Services.DatabaseTestService", "Application": "Crud.Api"}
[06:33:12 INF] [Phase 3] Skipping database seeding as requested for worker 17480 {"SourceContext": "Infrastructure.Services.DatabaseTestService", "Application": "Crud.Api"}
[06:33:12 INF] Database reset via file deletion completed for worker 17480 in 108.9491ms (Close: 0.0013ms, Delete: 1.3444ms, Create: 7.9423ms) {"SourceContext": "Infrastructure.Services.DatabaseTestService", "Application": "Crud.Api"}
[06:33:12 INF] Releasing database mutex for worker 17480 {"SourceContext": "Infrastructure.Services.DatabaseTestService", "Application": "Crud.Api"}
[06:33:13 INF] User registered successfully: 662f03ba-c164-40fb-94ff-1e31c845f76e {"SourceContext": "App.Features.Authentication.RegisterUserCommandHandler", "ActionId": "bb7f1630-1c31-4040-acd8-f69ed1f37c75", "ActionName": "Api.Controllers.AuthController.Register (Api)", "RequestId": "0HNFGVK4NGCJI", "RequestPath": "/api/auth/register", "Application": "Crud.Api"}
Activity.TraceId:            7f8cf3fe46b1dc428bba964c7ef4ff1d
Activity.SpanId:             c2103b1959ca9f2f
Activity.TraceFlags:         Recorded
Activity.ActivitySourceName: Microsoft.AspNetCore
Activity.DisplayName:        POST api/Auth/register
Activity.Kind:               Server
Activity.StartTime:          2025-09-11T06:33:12.8166553Z
Activity.Duration:           00:00:00.2969956
Activity.Tags:
    server.address: localhost
    http.request.method: POST
    url.scheme: http
    url.path: /api/auth/register
    network.protocol.version: 1.1
    http.route: api/Auth/register
    http.response.status_code: 200
Resource associated with Activity:
    deployment.environment: Testing
    service.name: Crud.Api
    service.version: 1.0.0
    service.instance.id: 10e2e254-224c-48e1-a2d2-8bbb5483cf26
    telemetry.sdk.name: opentelemetry
    telemetry.sdk.language: dotnet
    telemetry.sdk.version: 1.8.1
[06:33:13 INF] User logged in successfully: 662f03ba-c164-40fb-94ff-1e31c845f76e {"SourceContext": "App.Features.Authentication.LoginCommandHandler", "ActionId": "54bcfe1f-cdd2-493b-aa6f-8bbf8be910c6", "ActionName": "Api.Controllers.AuthController.Login (Api)", "RequestId": "0HNFGVK4NGCJJ", "RequestPath": "/api/auth/login", "Application": "Crud.Api"}
Activity.TraceId:            a79bda81f439038ad3b5335c0a40faab
Activity.SpanId:             0aa5c5c664e0994d
Activity.TraceFlags:         Recorded
Activity.ActivitySourceName: Microsoft.AspNetCore
Activity.DisplayName:        POST api/Auth/login
Activity.Kind:               Server
Activity.StartTime:          2025-09-11T06:33:13.1154330Z
Activity.Duration:           00:00:00.2980834
Activity.Tags:
    server.address: localhost
    http.request.method: POST
    url.scheme: http
    url.path: /api/auth/login
    network.protocol.version: 1.1
    http.route: api/Auth/login
    http.response.status_code: 200
Resource associated with Activity:
    deployment.environment: Testing
    service.name: Crud.Api
    service.version: 1.0.0
    service.instance.id: 10e2e254-224c-48e1-a2d2-8bbb5483cf26
    telemetry.sdk.name: opentelemetry
    telemetry.sdk.language: dotnet
    telemetry.sdk.version: 1.8.1
[06:33:13 DBG] Cache miss for key: entity:role:ef1f0845903a40ab9aca538fe9c6757e {"SourceContext": "Infrastructure.Services.Caching.InMemoryCacheService", "ActionId": "b78f8ce4-e7b7-4d1d-ace7-cc4f53c90c61", "ActionName": "Api.Controllers.RolesController.Update (Api)", "RequestId": "0HNFGVK4NGCJK", "RequestPath": "/api/roles/ef1f0845-903a-40ab-9aca-538fe9c6757e", "Application": "Crud.Api"}
[06:33:13 ERR] An unhandled exception occurred during request PUT /api/roles/ef1f0845-903a-40ab-9aca-538fe9c6757e. Request ID: 0HNFGVK4NGCJK, User: Anonymous {"SourceContext": "Api.Middleware.GlobalExceptionHandlingMiddleware", "RequestPath": "/api/roles/ef1f0845-903a-40ab-9aca-538fe9c6757e", "Application": "Crud.Api"}
System.Collections.Generic.KeyNotFoundException: Role ef1f0845-903a-40ab-9aca-538fe9c6757e not found
   at App.Features.Roles.UpdateRoleCommandHandler.Handle(UpdateRoleCommand request, CancellationToken cancellationToken) in /home/runner/work/Crud/Crud/src/App/Features/Roles/CommandHandlers.cs:line 24
   at MediatR.Wrappers.RequestHandlerWrapperImpl`1.&lt;&gt;c__DisplayClass1_0.&lt;&lt;Handle&gt;g__Handler|0&gt;d.MoveNext()
--- End of stack trace from previous location ---
   at Api.Controllers.RolesController.Update(Guid id, UpdateRoleRequest request, CancellationToken ct) in /home/runner/work/Crud/Crud/src/Api/Controllers/RolesController.cs:line 99
   at Microsoft.AspNetCore.Mvc.Infrastructure.ActionMethodExecutor.TaskOfIActionResultExecutor.Execute(ActionContext actionContext, IActionResultTypeMapper mapper, ObjectMethodExecutor executor, Object controller, Object[] arguments)
   at Microsoft.AspNetCore.Mvc.Infrastructure.ControllerActionInvoker.&lt;InvokeActionMethodAsync&gt;g__Logged|12_1(ControllerActionInvoker invoker)
   at Microsoft.AspNetCore.Mvc.Infrastructure.ControllerActionInvoker.&lt;InvokeNextActionFilterAsync&gt;g__Awaited|10_0(ControllerActionInvoker invoker, Task lastTask, State next, Scope scope, Object state, Boolean isCompleted)
   at Microsoft.AspNetCore.Mvc.Infrastructure.ControllerActionInvoker.Rethrow(ActionExecutedContextSealed context)
   at Microsoft.AspNetCore.Mvc.Infrastructure.ControllerActionInvoker.Next(State&amp; next, Scope&amp; scope, Object&amp; state, Boolean&amp; isCompleted)
   at Microsoft.AspNetCore.Mvc.Infrastructure.ControllerActionInvoker.InvokeInnerFilterAsync()
--- End of stack trace from previous location ---
   at Microsoft.AspNetCore.Mvc.Infrastructure.ResourceInvoker.&lt;InvokeFilterPipelineAsync&gt;g__Awaited|20_0(ResourceInvoker invoker, Task lastTask, State next, Scope scope, Object state, Boolean isCompleted)
   at Microsoft.AspNetCore.Mvc.Infrastructure.ResourceInvoker.&lt;InvokeAsync&gt;g__Logged|17_1(ResourceInvoker invoker)
   at Microsoft.AspNetCore.Mvc.Infrastructure.ResourceInvoker.&lt;InvokeAsync&gt;g__Logged|17_1(ResourceInvoker invoker)
   at Api.Middleware.ConditionalRequestMiddleware.InvokeAsync(HttpContext context) in /home/runner/work/Crud/Crud/src/Api/Middleware/ConditionalRequestMiddleware.cs:line 31
   at Microsoft.AspNetCore.Authorization.AuthorizationMiddleware.Invoke(HttpContext context)
   at Microsoft.AspNetCore.Authentication.AuthenticationMiddleware.Invoke(HttpContext context)
   at Microsoft.AspNetCore.RateLimiting.RateLimitingMiddleware.InvokeInternal(HttpContext context, EnableRateLimitingAttribute enableRateLimitingAttribute)
   at Api.Middleware.GlobalExceptionHandlingMiddleware.InvokeAsync(HttpContext context) in /home/runner/work/Crud/Crud/src/Api/Middleware/GlobalExceptionHandlingMiddleware.cs:line 27
Activity.TraceId:            a0c9510a57923c2ea2b99bd875fca3aa
Activity.SpanId:             2e14efc6f42826f9
Activity.TraceFlags:         Recorded
Activity.ActivitySourceName: Microsoft.AspNetCore
Activity.DisplayName:        PUT api/Roles/{id:guid}
Activity.Kind:               Server
Activity.StartTime:          2025-09-11T06:33:13.4144382Z
Activity.Duration:           00:00:00.0036231
Activity.Tags:
    server.address: localhost
    http.request.method: PUT
    url.scheme: http
    url.path: /api/roles/ef1f0845-903a-40ab-9aca-538fe9c6757e
    network.protocol.version: 1.1
    http.route: api/Roles/{id:guid}
    http.response.status_code: 404
Resource associated with Activity:
    deployment.environment: Testing
    service.name: Crud.Api
    service.version: 1.0.0
    service.instance.id: 10e2e254-224c-48e1-a2d2-8bbb5483cf26
    telemetry.sdk.name: opentelemetry
    telemetry.sdk.language: dotnet
    telemetry.sdk.version: 1.8.1
Metric Name: http.server.active_requests, Number of active HTTP server requests., Unit: {request}, Meter: Microsoft.AspNetCore.Hosting
(2025-09-11T06:33:01.8110702Z, 2025-09-11T06:33:13.4199173Z] http.request.method: POST url.scheme: http LongSumNonMonotonic
Value: 0
(2025-09-11T06:33:01.8110702Z, 2025-09-11T06:33:13.4199173Z] http.request.method: DELETE url.scheme: http LongSumNonMonotonic
Value: 0
(2025-09-11T06:33:01.8110702Z, 2025-09-11T06:33:13.4199173Z] http.request.method: GET url.scheme: http LongSumNonMonotonic
Value: 0
(2025-09-11T06:33:01.8110702Z, 2025-09-11T06:33:13.4199173Z] http.request.method: PUT url.scheme: http LongSumNonMonotonic
Value: 0
Metric Name: http.server.request.duration, Duration of HTTP server requests., Unit: s, Meter: Microsoft.AspNetCore.Hosting
(2025-09-11T06:33:01.8110941Z, 2025-09-11T06:33:13.4199244Z] http.request.method: POST http.response.status_code: 200 http.route: api/Auth/register network.protocol.version: 1.1 url.scheme: http Histogram
Value: Sum: 6.014957500000001 Count: 20 Min: 0.2969897 Max: 0.3233938 
(-Infinity,0.005]:0
(0.005,0.01]:0
(0.01,0.025]:0
(0.025,0.05]:0
(0.05,0.075]:0
(0.075,0.1]:0
(0.1,0.25]:0
(0.25,0.5]:20
(0.5,0.75]:0
(0.75,1]:0
(1,2.5]:0
(2.5,5]:0
(5,7.5]:0
(7.5,10]:0
(10,+Infinity]:0
(2025-09-11T06:33:01.8110941Z, 2025-09-11T06:33:13.4199244Z] http.request.method: POST http.response.status_code: 200 http.route: api/Auth/login network.protocol.version: 1.1 url.scheme: http Histogram
Value: Sum: 3.8851656 Count: 13 Min: 0.2965521 Max: 0.3082478 
(-Infinity,0.005]:0
(0.005,0.01]:0
(0.01,0.025]:0
(0.025,0.05]:0
(0.05,0.075]:0
(0.075,0.1]:0
(0.1,0.25]:0
(0.25,0.5]:13
(0.5,0.75]:0
(0.75,1]:0
(1,2.5]:0
(2.5,5]:0
(5,7.5]:0
(7.5,10]:0
(10,+Infinity]:0
(2025-09-11T06:33:01.8110941Z, 2025-09-11T06:33:13.4199244Z] http.request.method: DELETE http.response.status_code: 204 http.route: api/Roles/{id:guid} network.protocol.version: 1.1 url.scheme: http Histogram
Value: Sum: 0.1032267 Count: 2 Min: 0.0163113 Max: 0.0869154 
(-Infinity,0.005]:0
(0.005,0.01]:0
(0.01,0.025]:1
(0.025,0.05]:0
(0.05,0.075]:0
(0.075,0.1]:1
(0.1,0.25]:0
(0.25,0.5]:0
(0.5,0.75]:0
(0.75,1]:0
(1,2.5]:0
(2.5,5]:0
(5,7.5]:0
(7.5,10]:0
(10,+Infinity]:0
(2025-09-11T06:33:01.8110941Z, 2025-09-11T06:33:13.4199244Z] http.request.method: POST http.response.status_code: 201 http.route: api/Roles network.protocol.version: 1.1 url.scheme: http Histogram
Value: Sum: 0.08149699999999999 Count: 8 Min: 0.0026757 Max: 0.0556667 
(-Infinity,0.005]:6
(0.005,0.01]:1
(0.01,0.025]:0
(0.025,0.05]:0
(0.05,0.075]:1
(0.075,0.1]:0
(0.1,0.25]:0
(0.25,0.5]:0
(0.5,0.75]:0
(0.75,1]:0
(1,2.5]:0
(2.5,5]:0
(5,7.5]:0
(7.5,10]:0
(10,+Infinity]:0
(2025-09-11T06:33:01.8110941Z, 2025-09-11T06:33:13.4199244Z] http.request.method: GET http.response.status_code: 200 http.route: api/Roles network.protocol.version: 1.1 url.scheme: http Histogram
Value: Sum: 0.0221183 Count: 2 Min: 0.0024041 Max: 0.0197142 
(-Infinity,0.005]:1
(0.005,0.01]:0
(0.01,0.025]:1
(0.025,0.05]:0
(0.05,0.075]:0
(0.075,0.1]:0
(0.1,0.25]:0
(0.25,0.5]:0
(0.5,0.75]:0
(0.75,1]:0
(1,2.5]:0
(2.5,5]:0
(5,7.5]:0
(7.5,10]:0
(10,+Infinity]:0
(2025-09-11T06:33:01.8110941Z, 2025-09-11T06:33:13.4199244Z] http.request.method: GET http.response.status_code: 404 http.route: api/Roles/{id:guid} network.protocol.version: 1.1 url.scheme: http Histogram
Value: Sum: 0.0223669 Count: 2 Min: 0.0022177 Max: 0.0201492 
(-Infinity,0.005]:1
(0.005,0.01]:0
(0.01,0.025]:1
(0.025,0.05]:0
(0.05,0.075]:0
(0.075,0.1]:0
(0.1,0.25]:0
(0.25,0.5]:0
(0.5,0.75]:0
(0.75,1]:0
(1,2.5]:0
(2.5,5]:0
(5,7.5]:0
(7.5,10]:0
(10,+Infinity]:0
(2025-09-11T06:33:01.8110941Z, 2025-09-11T06:33:13.4199244Z] http.request.method: PUT http.response.status_code: 204 http.route: api/Roles/{id:guid} network.protocol.version: 1.1 url.scheme: http Histogram
Value: Sum: 0.0100612 Count: 1 Min: 0.0100612 Max: 0.0100612 
(-Infinity,0.005]:0
(0.005,0.01]:0
(0.01,0.025]:1
(0.025,0.05]:0
(0.05,0.075]:0
(0.075,0.1]:0
(0.1,0.25]:0
(0.25,0.5]:0
(0.5,0.75]:0
(0.75,1]:0
(1,2.5]:0
(2.5,5]:0
(5,7.5]:0
(7.5,10]:0
(10,+Infinity]:0
(2025-09-11T06:33:01.8110941Z, 2025-09-11T06:33:13.4199244Z] http.request.method: GET http.response.status_code: 200 http.route: api/Roles/{id:guid} network.protocol.version: 1.1 url.scheme: http Histogram
Value: Sum: 0.0096332 Count: 3 Min: 0.0023128 Max: 0.0038551 
(-Infinity,0.005]:3
(0.005,0.01]:0
(0.01,0.025]:0
(0.025,0.05]:0
(0.05,0.075]:0
(0.075,0.1]:0
(0.1,0.25]:0
(0.25,0.5]:0
(0.5,0.75]:0
(0.75,1]:0
(1,2.5]:0
(2.5,5]:0
(5,7.5]:0
(7.5,10]:0
(10,+Infinity]:0
(2025-09-11T06:33:01.8110941Z, 2025-09-11T06:33:13.4199244Z] http.request.method: POST http.response.status_code: 400 http.route: api/Roles network.protocol.version: 1.1 url.scheme: http Histogram
Value: Sum: 0.0050088 Count: 1 Min: 0.0050088 Max: 0.0050088 
(-Infinity,0.005]:0
(0.005,0.01]:1
(0.01,0.025]:0
(0.025,0.05]:0
(0.05,0.075]:0
(0.075,0.1]:0
(0.1,0.25]:0
(0.25,0.5]:0
(0.5,0.75]:0
(0.75,1]:0
(1,2.5]:0
(2.5,5]:0
(5,7.5]:0
(7.5,10]:0
(10,+Infinity]:0
(2025-09-11T06:33:01.8110941Z, 2025-09-11T06:33:13.4199244Z] http.request.method: PUT http.response.status_code: 404 http.route: api/Roles/{id:guid} network.protocol.version: 1.1 url.scheme: http Histogram
Value: Sum: 0.0035985 Count: 1 Min: 0.0035985 Max: 0.0035985 
(-Infinity,0.005]:1
(0.005,0.01]:0
(0.01,0.025]:0
(0.025,0.05]:0
(0.05,0.075]:0
(0.075,0.1]:0
(0.1,0.25]:0
(0.25,0.5]:0
(0.5,0.75]:0
(0.75,1]:0
(1,2.5]:0
(2.5,5]:0
(5,7.5]:0
(7.5,10]:0
(10,+Infinity]:0
Metric Name: aspnetcore.rate_limiting.active_request_leases, Number of HTTP requests that are currently active on the server that hold a rate limiting lease., Unit: {request}, Meter: Microsoft.AspNetCore.RateLimiting
(2025-09-11T06:33:01.8147975Z, 2025-09-11T06:33:13.4199249Z] LongSumNonMonotonic
Value: 0
Metric Name: aspnetcore.rate_limiting.request_lease.duration, The duration of rate limiting leases held by HTTP requests on the server., Unit: s, Meter: Microsoft.AspNetCore.RateLimiting
(2025-09-11T06:33:01.8148211Z, 2025-09-11T06:33:13.4199259Z] Histogram
Value: Sum: 10.139167 Count: 53 Min: 0.0017112 Max: 0.3218316 
(-Infinity,0.005]:13
(0.005,0.01]:2
(0.01,0.025]:3
(0.025,0.05]:0
(0.05,0.075]:1
(0.075,0.1]:1
(0.1,0.25]:0
(0.25,0.5]:33
(0.5,0.75]:0
(0.75,1]:0
(1,2.5]:0
(2.5,5]:0
(5,7.5]:0
(7.5,10]:0
(10,+Infinity]:0
Metric Name: aspnetcore.rate_limiting.requests, Number of requests that tried to acquire a rate limiting lease. Requests could be rejected by global or endpoint rate limiting policies. Or the request could be canceled while waiting for the lease., Unit: {request}, Meter: Microsoft.AspNetCore.RateLimiting
(2025-09-11T06:33:01.8148641Z, 2025-09-11T06:33:13.4199290Z] aspnetcore.rate_limiting.result: acquired LongSum
Value: 53
Metric Name: aspnetcore.routing.match_attempts, Number of requests that were attempted to be matched to an endpoint., Unit: {match_attempt}, Meter: Microsoft.AspNetCore.Routing
(2025-09-11T06:33:01.8164996Z, 2025-09-11T06:33:13.4199297Z] aspnetcore.routing.is_fallback: false aspnetcore.routing.match_status: success http.route: api/Auth/register LongSum
Value: 20
(2025-09-11T06:33:01.8164996Z, 2025-09-11T06:33:13.4199297Z] aspnetcore.routing.is_fallback: false aspnetcore.routing.match_status: success http.route: api/Auth/login LongSum
Value: 13
(2025-09-11T06:33:01.8164996Z, 2025-09-11T06:33:13.4199297Z] aspnetcore.routing.is_fallback: false aspnetcore.routing.match_status: success http.route: api/Roles/{id:guid} LongSum
Value: 9
(2025-09-11T06:33:01.8164996Z, 2025-09-11T06:33:13.4199297Z] aspnetcore.routing.is_fallback: false aspnetcore.routing.match_status: success http.route: api/Roles LongSum
Value: 11
[06:33:13 INF] Starting Crud API application {"Application": "Crud.Api"}
[06:33:13 INF] Using SQLite provider with connection: Data Source=TestDatabase.db {"Application": "Crud.Api"}
[06:33:13 INF] Database ensured successfully {"Application": "Crud.Api"}
[06:33:13 INF] Application configured successfully. Starting web host... {"Application": "Crud.Api"}
[06:33:13 WRN] Failed to determine the https port for redirect. {"EventId": {"Id": 3, "Name": "FailedToDeterminePort"}, "SourceContext": "Microsoft.AspNetCore.HttpsPolicy.HttpsRedirectionMiddleware", "RequestId": "0HNFGVK4NGCJL", "RequestPath": "/api/auth/register", "Application": "Crud.Api"}
[06:33:13 INF] User registered successfully: 7ad8301b-ffb4-4475-8584-2ba34068bba5 {"SourceContext": "App.Features.Authentication.RegisterUserCommandHandler", "ActionId": "891774f6-83c1-498f-b378-05b3c153ef55", "ActionName": "Api.Controllers.AuthController.Register (Api)", "RequestId": "0HNFGVK4NGCJL", "RequestPath": "/api/auth/register", "Application": "Crud.Api"}
Activity.TraceId:            fbb787e63a0496bd3615f3f0d3ea5481
Activity.SpanId:             790b64e942ee9a46
Activity.TraceFlags:         Recorded
Activity.ActivitySourceName: Microsoft.AspNetCore
Activity.DisplayName:        POST api/Auth/register
Activity.Kind:               Server
Activity.StartTime:          2025-09-11T06:33:13.5035628Z
Activity.Duration:           00:00:00.3043537
Activity.Tags:
    server.address: localhost
    http.request.method: POST
    url.scheme: http
    url.path: /api/auth/register
    network.protocol.version: 1.1
    http.route: api/Auth/register
    http.response.status_code: 200
Resource associated with Activity:
    deployment.environment: Testing
    service.name: Crud.Api
    service.version: 1.0.0
    service.instance.id: 10e2e254-224c-48e1-a2d2-8bbb5483cf26
    telemetry.sdk.name: opentelemetry
    telemetry.sdk.language: dotnet
    telemetry.sdk.version: 1.8.1
[06:33:13 DBG] Cache miss for key: list:person {"SourceContext": "Infrastructure.Services.Caching.InMemoryCacheService", "ActionId": "6078f4ea-489d-47c9-888e-26da16910536", "ActionName": "Api.Controllers.PeopleController.List (Api)", "RequestId": "0HNFGVK4NGCJM", "RequestPath": "/api/people", "Application": "Crud.Api"}
[06:33:13 DBG] Set cache value for key: list:person {"SourceContext": "Infrastructure.Services.Caching.InMemoryCacheService", "ActionId": "6078f4ea-489d-47c9-888e-26da16910536", "ActionName": "Api.Controllers.PeopleController.List (Api)", "RequestId": "0HNFGVK4NGCJM", "RequestPath": "/api/people", "Application": "Crud.Api"}
Activity.TraceId:            0ceedee123645a9ab9f55053c160e035
Activity.SpanId:             6e03da1a129b96e9
Activity.TraceFlags:         Recorded
Activity.ActivitySourceName: Microsoft.AspNetCore
Activity.DisplayName:        GET api/People
Activity.Kind:               Server
Activity.StartTime:          2025-09-11T06:33:13.8094539Z
Activity.Duration:           00:00:00.0394718
Activity.Tags:
    server.address: localhost
    http.request.method: GET
    url.scheme: http
    url.path: /api/people
    network.protocol.version: 1.1
    http.route: api/People
    http.response.status_code: 200
Resource associated with Activity:
    deployment.environment: Testing
    service.name: Crud.Api
    service.version: 1.0.0
    service.instance.id: 10e2e254-224c-48e1-a2d2-8bbb5483cf26
    telemetry.sdk.name: opentelemetry
    telemetry.sdk.language: dotnet
    telemetry.sdk.version: 1.8.1
[06:33:14 INF] User registered successfully: 9848f2c1-e7b5-41e0-be44-839de7b2f5ff {"SourceContext": "App.Features.Authentication.RegisterUserCommandHandler", "ActionId": "891774f6-83c1-498f-b378-05b3c153ef55", "ActionName": "Api.Controllers.AuthController.Register (Api)", "RequestId": "0HNFGVK4NGCJN", "RequestPath": "/api/auth/register", "Application": "Crud.Api"}
Activity.TraceId:            8ed0b74b3135576c9475af74dbc2d0a8
Activity.SpanId:             f27745c6500afdff
Activity.TraceFlags:         Recorded
Activity.ActivitySourceName: Microsoft.AspNetCore
Activity.DisplayName:        POST api/Auth/register
Activity.Kind:               Server
Activity.StartTime:          2025-09-11T06:33:13.8510839Z
Activity.Duration:           00:00:00.2999189
Activity.Tags:
    server.address: localhost
    http.request.method: POST
    url.scheme: http
    url.path: /api/auth/register
    network.protocol.version: 1.1
    http.route: api/Auth/register
    http.response.status_code: 200
Resource associated with Activity:
    deployment.environment: Testing
    service.name: Crud.Api
    service.version: 1.0.0
    service.instance.id: 10e2e254-224c-48e1-a2d2-8bbb5483cf26
    telemetry.sdk.name: opentelemetry
    telemetry.sdk.language: dotnet
    telemetry.sdk.version: 1.8.1
[06:33:14 DBG] Cache hit for key: list:person {"SourceContext": "Infrastructure.Services.Caching.InMemoryCacheService", "ActionId": "6078f4ea-489d-47c9-888e-26da16910536", "ActionName": "Api.Controllers.PeopleController.List (Api)", "RequestId": "0HNFGVK4NGCJO", "RequestPath": "/api/people", "Application": "Crud.Api"}
Activity.TraceId:            7d9c74084d93a065d673510a55a94639
Activity.SpanId:             cb1539a4edc1390e
Activity.TraceFlags:         Recorded
Activity.ActivitySourceName: Microsoft.AspNetCore
Activity.DisplayName:        GET api/People
Activity.Kind:               Server
Activity.StartTime:          2025-09-11T06:33:14.1530098Z
Activity.Duration:           00:00:00.0023327
Activity.Tags:
    server.address: localhost
    http.request.method: GET
    url.scheme: http
    url.path: /api/people
    network.protocol.version: 1.1
    http.route: api/People
    http.response.status_code: 200
Resource associated with Activity:
    deployment.environment: Testing
    service.name: Crud.Api
    service.version: 1.0.0
    service.instance.id: 10e2e254-224c-48e1-a2d2-8bbb5483cf26
    telemetry.sdk.name: opentelemetry
    telemetry.sdk.language: dotnet
    telemetry.sdk.version: 1.8.1
[06:33:14 INF] User registered successfully: 09e92a14-5be1-46d9-995d-73c622343872 {"SourceContext": "App.Features.Authentication.RegisterUserCommandHandler", "ActionId": "891774f6-83c1-498f-b378-05b3c153ef55", "ActionName": "Api.Controllers.AuthController.Register (Api)", "RequestId": "0HNFGVK4NGCJP", "RequestPath": "/api/auth/register", "Application": "Crud.Api"}
Activity.TraceId:            40a438afcbc9f614c2b56b79e0c68acf
Activity.SpanId:             ac8e72c939c3aa9a
Activity.TraceFlags:         Recorded
Activity.ActivitySourceName: Microsoft.AspNetCore
Activity.DisplayName:        POST api/Auth/register
Activity.Kind:               Server
Activity.StartTime:          2025-09-11T06:33:14.1569878Z
Activity.Duration:           00:00:00.3251051
Activity.Tags:
    server.address: localhost
    http.request.method: POST
    url.scheme: http
    url.path: /api/auth/register
    network.protocol.version: 1.1
    http.route: api/Auth/register
    http.response.status_code: 200
Resource associated with Activity:
    deployment.environment: Testing
    service.name: Crud.Api
    service.version: 1.0.0
    service.instance.id: 10e2e254-224c-48e1-a2d2-8bbb5483cf26
    telemetry.sdk.name: opentelemetry
    telemetry.sdk.language: dotnet
    telemetry.sdk.version: 1.8.1
[06:33:14 DBG] Cache hit for key: list:person {"SourceContext": "Infrastructure.Services.Caching.InMemoryCacheService", "ActionId": "6078f4ea-489d-47c9-888e-26da16910536", "ActionName": "Api.Controllers.PeopleController.List (Api)", "RequestId": "0HNFGVK4NGCJQ", "RequestPath": "/api/people", "Application": "Crud.Api"}
Activity.TraceId:            7868470a58703598379f9eb0b0186d9a
Activity.SpanId:             6f819b6216e63a37
Activity.TraceFlags:         Recorded
Activity.ActivitySourceName: Microsoft.AspNetCore
Activity.DisplayName:        GET api/People
Activity.Kind:               Server
Activity.StartTime:          2025-09-11T06:33:14.4848350Z
Activity.Duration:           00:00:00.0034572
Activity.Tags:
    server.address: localhost
    http.request.method: GET
    url.scheme: http
    url.path: /api/people
    network.protocol.version: 1.1
    http.route: api/People
    http.response.status_code: 200
Resource associated with Activity:
    deployment.environment: Testing
    service.name: Crud.Api
    service.version: 1.0.0
    service.instance.id: 10e2e254-224c-48e1-a2d2-8bbb5483cf26
    telemetry.sdk.name: opentelemetry
    telemetry.sdk.language: dotnet
    telemetry.sdk.version: 1.8.1
[06:33:14 INF] User registered successfully: 29594faa-2c78-41d9-8707-6dca1036f3b6 {"SourceContext": "App.Features.Authentication.RegisterUserCommandHandler", "ActionId": "891774f6-83c1-498f-b378-05b3c153ef55", "ActionName": "Api.Controllers.AuthController.Register (Api)", "RequestId": "0HNFGVK4NGCJR", "RequestPath": "/api/auth/register", "Application": "Crud.Api"}
Activity.TraceId:            1bacbbb886e1f3948adfd7ec3183d92a
Activity.SpanId:             82ee3a289e898457
Activity.TraceFlags:         Recorded
Activity.ActivitySourceName: Microsoft.AspNetCore
Activity.DisplayName:        POST api/Auth/register
Activity.Kind:               Server
Activity.StartTime:          2025-09-11T06:33:14.4902797Z
Activity.Duration:           00:00:00.4379632
Activity.Tags:
    server.address: localhost
    http.request.method: POST
    url.scheme: http
    url.path: /api/auth/register
    network.protocol.version: 1.1
    http.route: api/Auth/register
    http.response.status_code: 200
Resource associated with Activity:
    deployment.environment: Testing
    service.name: Crud.Api
    service.version: 1.0.0
    service.instance.id: 10e2e254-224c-48e1-a2d2-8bbb5483cf26
    telemetry.sdk.name: opentelemetry
    telemetry.sdk.language: dotnet
    telemetry.sdk.version: 1.8.1
[06:33:14 DBG] Cache hit for key: list:person {"SourceContext": "Infrastructure.Services.Caching.InMemoryCacheService", "ActionId": "6078f4ea-489d-47c9-888e-26da16910536", "ActionName": "Api.Controllers.PeopleController.List (Api)", "RequestId": "0HNFGVK4NGCJS", "RequestPath": "/api/people", "Application": "Crud.Api"}
Activity.TraceId:            58394d80d0d623746e4f09df68f5ec69
Activity.SpanId:             8cdfa03ed0e01fa7
Activity.TraceFlags:         Recorded
Activity.ActivitySourceName: Microsoft.AspNetCore
Activity.DisplayName:        GET api/People
Activity.Kind:               Server
Activity.StartTime:          2025-09-11T06:33:14.9302395Z
Activity.Duration:           00:00:00.0010398
Activity.Tags:
    server.address: localhost
    http.request.method: GET
    url.scheme: https
    url.path: /api/people
    network.protocol.version: 1.1
    http.route: api/People
    http.response.status_code: 200
Resource associated with Activity:
    deployment.environment: Testing
    service.name: Crud.Api
    service.version: 1.0.0
    service.instance.id: 10e2e254-224c-48e1-a2d2-8bbb5483cf26
    telemetry.sdk.name: opentelemetry
    telemetry.sdk.language: dotnet
    telemetry.sdk.version: 1.8.1
Activity.TraceId:            d372eeee8aa8d7e06dc158869d98aca7
Activity.SpanId:             b359c957d6754c45
Activity.TraceFlags:         Recorded
Activity.ActivitySourceName: Microsoft.AspNetCore
Activity.DisplayName:        GET /health
Activity.Kind:               Server
Activity.StartTime:          2025-09-11T06:33:14.9338578Z
Activity.Duration:           00:00:00.0043892
Activity.Tags:
    server.address: localhost
    http.request.method: GET
    url.scheme: http
    url.path: /health
    network.protocol.version: 1.1
    http.route: /health
    http.response.status_code: 200
Resource associated with Activity:
    deployment.environment: Testing
    service.name: Crud.Api
    service.version: 1.0.0
    service.instance.id: 10e2e254-224c-48e1-a2d2-8bbb5483cf26
    telemetry.sdk.name: opentelemetry
    telemetry.sdk.language: dotnet
    telemetry.sdk.version: 1.8.1
[06:33:15 INF] User registered successfully: ec28d353-cee7-47a7-8f40-48de08af15b4 {"SourceContext": "App.Features.Authentication.RegisterUserCommandHandler", "ActionId": "891774f6-83c1-498f-b378-05b3c153ef55", "ActionName": "Api.Controllers.AuthController.Register (Api)", "RequestId": "0HNFGVK4NGCJU", "RequestPath": "/api/auth/register", "Application": "Crud.Api"}
Activity.TraceId:            14d4695ecab0019dc8bf9fa85c490fd7
Activity.SpanId:             223862a15fb563b2
Activity.TraceFlags:         Recorded
Activity.ActivitySourceName: Microsoft.AspNetCore
Activity.DisplayName:        POST api/Auth/register
Activity.Kind:               Server
Activity.StartTime:          2025-09-11T06:33:14.9420560Z
Activity.Duration:           00:00:00.4894026
Activity.Tags:
    server.address: localhost
    http.request.method: POST
    url.scheme: http
    url.path: /api/auth/register
    network.protocol.version: 1.1
    http.route: api/Auth/register
    http.response.status_code: 200
Resource associated with Activity:
    deployment.environment: Testing
    service.name: Crud.Api
    service.version: 1.0.0
    service.instance.id: 10e2e254-224c-48e1-a2d2-8bbb5483cf26
    telemetry.sdk.name: opentelemetry
    telemetry.sdk.language: dotnet
    telemetry.sdk.version: 1.8.1
[06:33:15 INF] User registered successfully: 935319b2-a0bd-4fd6-8bf1-64c41c910778 {"SourceContext": "App.Features.Authentication.RegisterUserCommandHandler", "ActionId": "891774f6-83c1-498f-b378-05b3c153ef55", "ActionName": "Api.Controllers.AuthController.Register (Api)", "RequestId": "0HNFGVK4NGCJV", "RequestPath": "/api/auth/register", "Application": "Crud.Api"}
Activity.TraceId:            0f7660e9a1ac5ce9ef26e01b5a274721
Activity.SpanId:             a1bfb43b9f3b7abd
Activity.TraceFlags:         Recorded
Activity.ActivitySourceName: Microsoft.AspNetCore
Activity.DisplayName:        POST api/Auth/register
Activity.Kind:               Server
Activity.StartTime:          2025-09-11T06:33:15.4349117Z
Activity.Duration:           00:00:00.3854493
Activity.Tags:
    server.address: localhost
    http.request.method: POST
    url.scheme: http
    url.path: /api/auth/register
    network.protocol.version: 1.1
    http.route: api/Auth/register
    http.response.status_code: 200
Resource associated with Activity:
    deployment.environment: Testing
    service.name: Crud.Api
    service.version: 1.0.0
    service.instance.id: 10e2e254-224c-48e1-a2d2-8bbb5483cf26
    telemetry.sdk.name: opentelemetry
    telemetry.sdk.language: dotnet
    telemetry.sdk.version: 1.8.1
[06:33:15 DBG] Cache hit for key: list:person {"SourceContext": "Infrastructure.Services.Caching.InMemoryCacheService", "ActionId": "6078f4ea-489d-47c9-888e-26da16910536", "ActionName": "Api.Controllers.PeopleController.List (Api)", "RequestId": "0HNFGVK4NGCK0", "RequestPath": "/api/people", "Application": "Crud.Api"}
Activity.TraceId:            71238a51f9496ce8d4888a497ba522ba
Activity.SpanId:             fca1809633607ebf
Activity.TraceFlags:         Recorded
Activity.ActivitySourceName: Microsoft.AspNetCore
Activity.DisplayName:        GET api/People
Activity.Kind:               Server
Activity.StartTime:          2025-09-11T06:33:15.8207315Z
Activity.Duration:           00:00:00.0007916
Activity.Tags:
    server.address: localhost
    http.request.method: GET
    url.scheme: http
    url.path: /api/people
    network.protocol.version: 1.1
    http.route: api/People
    http.response.status_code: 200
Resource associated with Activity:
    deployment.environment: Testing
    service.name: Crud.Api
    service.version: 1.0.0
    service.instance.id: 10e2e254-224c-48e1-a2d2-8bbb5483cf26
    telemetry.sdk.name: opentelemetry
    telemetry.sdk.language: dotnet
    telemetry.sdk.version: 1.8.1
[06:33:15 DBG] Cache hit for key: list:person {"SourceContext": "Infrastructure.Services.Caching.InMemoryCacheService", "ActionId": "6078f4ea-489d-47c9-888e-26da16910536", "ActionName": "Api.Controllers.PeopleController.List (Api)", "RequestId": "0HNFGVK4NGCK1", "RequestPath": "/api/people", "Application": "Crud.Api"}
Activity.TraceId:            7eb6ad3b93bf4589146433d73643263e
Activity.SpanId:             876e94204adef3c3
Activity.TraceFlags:         Recorded
Activity.ActivitySourceName: Microsoft.AspNetCore
Activity.DisplayName:        GET api/People
Activity.Kind:               Server
Activity.StartTime:          2025-09-11T06:33:15.8216599Z
Activity.Duration:           00:00:00.0005345
Activity.Tags:
    server.address: localhost
    http.request.method: GET
    url.scheme: http
    url.path: /api/people
    network.protocol.version: 1.1
    http.route: api/People
    http.response.status_code: 200
Resource associated with Activity:
    deployment.environment: Testing
    service.name: Crud.Api
    service.version: 1.0.0
    service.instance.id: 10e2e254-224c-48e1-a2d2-8bbb5483cf26
    telemetry.sdk.name: opentelemetry
    telemetry.sdk.language: dotnet
    telemetry.sdk.version: 1.8.1
Resource associated with Metric:
    deployment.environment: Testing
    service.name: Crud.Api
    service.version: 1.0.0
    service.instance.id: 10e2e254-224c-48e1-a2d2-8bbb5483cf26
    telemetry.sdk.name: opentelemetry
    telemetry.sdk.language: dotnet
    telemetry.sdk.version: 1.8.1
Metric Name: http.server.active_requests, Number of active HTTP server requests., Unit: {request}, Meter: Microsoft.AspNetCore.Hosting
(2025-09-11T06:33:13.4976704Z, 2025-09-11T06:33:15.8239499Z] http.request.method: POST url.scheme: http LongSumNonMonotonic
Value: 0
(2025-09-11T06:33:13.4976704Z, 2025-09-11T06:33:15.8239499Z] http.request.method: GET url.scheme: http LongSumNonMonotonic
Value: 0
(2025-09-11T06:33:13.4976704Z, 2025-09-11T06:33:15.8239499Z] http.request.method: GET url.scheme: https LongSumNonMonotonic
Value: 0
Metric Name: http.server.request.duration, Duration of HTTP server requests., Unit: s, Meter: Microsoft.AspNetCore.Hosting
(2025-09-11T06:33:13.4977487Z, 2025-09-11T06:33:15.8239532Z] http.request.method: POST http.response.status_code: 200 http.route: api/Auth/register network.protocol.version: 1.1 url.scheme: http Histogram
Value: Sum: 2.2421318 Count: 6 Min: 0.2998909 Max: 0.4893913 
(-Infinity,0.005]:0
(0.005,0.01]:0
(0.01,0.025]:0
(0.025,0.05]:0
(0.05,0.075]:0
(0.075,0.1]:0
(0.1,0.25]:0
(0.25,0.5]:6
(0.5,0.75]:0
(0.75,1]:0
(1,2.5]:0
(2.5,5]:0
(5,7.5]:0
(7.5,10]:0
(10,+Infinity]:0
(2025-09-11T06:33:13.4977487Z, 2025-09-11T06:33:15.8239532Z] http.request.method: GET http.response.status_code: 200 http.route: api/People network.protocol.version: 1.1 url.scheme: http Histogram
Value: Sum: 0.0465713 Count: 5 Min: 0.0005305 Max: 0.0394589 
(-Infinity,0.005]:4
(0.005,0.01]:0
(0.01,0.025]:0
(0.025,0.05]:1
(0.05,0.075]:0
(0.075,0.1]:0
(0.1,0.25]:0
(0.25,0.5]:0
(0.5,0.75]:0
(0.75,1]:0
(1,2.5]:0
(2.5,5]:0
(5,7.5]:0
(7.5,10]:0
(10,+Infinity]:0
(2025-09-11T06:33:13.4977487Z, 2025-09-11T06:33:15.8239532Z] http.request.method: GET http.response.status_code: 200 http.route: api/People network.protocol.version: 1.1 url.scheme: https Histogram
Value: Sum: 0.0010469 Count: 1 Min: 0.0010469 Max: 0.0010469 
(-Infinity,0.005]:1
(0.005,0.01]:0
(0.01,0.025]:0
(0.025,0.05]:0
(0.05,0.075]:0
(0.075,0.1]:0
(0.1,0.25]:0
(0.25,0.5]:0
(0.5,0.75]:0
(0.75,1]:0
(1,2.5]:0
(2.5,5]:0
(5,7.5]:0
(7.5,10]:0
(10,+Infinity]:0
(2025-09-11T06:33:13.4977487Z, 2025-09-11T06:33:15.8239532Z] http.request.method: GET http.response.status_code: 200 http.route: /health network.protocol.version: 1.1 url.scheme: http Histogram
Value: Sum: 0.0043741 Count: 1 Min: 0.0043741 Max: 0.0043741 
(-Infinity,0.005]:1
(0.005,0.01]:0
(0.01,0.025]:0
(0.025,0.05]:0
(0.05,0.075]:0
(0.075,0.1]:0
(0.1,0.25]:0
(0.25,0.5]:0
(0.5,0.75]:0
(0.75,1]:0
(1,2.5]:0
(2.5,5]:0
(5,7.5]:0
(7.5,10]:0
(10,+Infinity]:0
Metric Name: aspnetcore.rate_limiting.active_request_leases, Number of HTTP requests that are currently active on the server that hold a rate limiting lease., Unit: {request}, Meter: Microsoft.AspNetCore.RateLimiting
(2025-09-11T06:33:13.5013137Z, 2025-09-11T06:33:15.8239536Z] LongSumNonMonotonic
Value: 0
Metric Name: aspnetcore.rate_limiting.request_lease.duration, The duration of rate limiting leases held by HTTP requests on the server., Unit: s, Meter: Microsoft.AspNetCore.RateLimiting
(2025-09-11T06:33:13.5013408Z, 2025-09-11T06:33:15.8239553Z] Histogram
Value: Sum: 2.2860229000000003 Count: 13 Min: 0.0003758 Max: 0.4889853 
(-Infinity,0.005]:6
(0.005,0.01]:0
(0.01,0.025]:0
(0.025,0.05]:1
(0.05,0.075]:0
(0.075,0.1]:0
(0.1,0.25]:0
(0.25,0.5]:6
(0.5,0.75]:0
(0.75,1]:0
(1,2.5]:0
(2.5,5]:0
(5,7.5]:0
(7.5,10]:0
(10,+Infinity]:0
Metric Name: aspnetcore.rate_limiting.requests, Number of requests that tried to acquire a rate limiting lease. Requests could be rejected by global or endpoint rate limiting policies. Or the request could be canceled while waiting for the lease., Unit: {request}, Meter: Microsoft.AspNetCore.RateLimiting
(2025-09-11T06:33:13.5015323Z, 2025-09-11T06:33:15.8239586Z] aspnetcore.rate_limiting.result: acquired LongSum
Value: 13
Metric Name: aspnetcore.routing.match_attempts, Number of requests that were attempted to be matched to an endpoint., Unit: {match_attempt}, Meter: Microsoft.AspNetCore.Routing
(2025-09-11T06:33:13.5025873Z, 2025-09-11T06:33:15.8239595Z] aspnetcore.routing.is_fallback: false aspnetcore.routing.match_status: success http.route: api/Auth/register LongSum
Value: 6
(2025-09-11T06:33:13.5025873Z, 2025-09-11T06:33:15.8239595Z] aspnetcore.routing.is_fallback: false aspnetcore.routing.match_status: success http.route: api/People LongSum
Value: 6
(2025-09-11T06:33:13.5025873Z, 2025-09-11T06:33:15.8239595Z] aspnetcore.routing.is_fallback: false aspnetcore.routing.match_status: success http.route: /health LongSum
Value: 1
[06:33:15 INF] Starting Crud API application {"Application": "Crud.Api"}
[06:33:15 INF] Using SQLite provider with connection: Data Source=TestDatabase.db {"Application": "Crud.Api"}
[06:33:15 INF] Database ensured successfully {"Application": "Crud.Api"}
[06:33:15 INF] Application configured successfully. Starting web host... {"Application": "Crud.Api"}
[06:33:15 INF] Resetting database for worker 11685 {"SourceContext": "Infrastructure.Services.DatabaseTestService", "Application": "Crud.Api"}
[06:33:15 INF] Resetting database via file deletion for worker 11685 in CI environment {"SourceContext": "Infrastructure.Services.DatabaseTestService", "Application": "Crud.Api"}
[06:33:15 INF] Acquiring database mutex for worker 11685... {"SourceContext": "Infrastructure.Services.DatabaseTestService", "Application": "Crud.Api"}
[06:33:15 INF] Database mutex acquired for worker 11685 {"SourceContext": "Infrastructure.Services.DatabaseTestService", "Application": "Crud.Api"}
[06:33:15 INF] Current database state - CanConnect: True {"SourceContext": "Infrastructure.Services.DatabaseTestService", "Application": "Crud.Api"}
[06:33:15 INF] [Phase 0] Closing database connection for worker 11685... {"SourceContext": "Infrastructure.Services.DatabaseTestService", "Application": "Crud.Api"}
[06:33:15 INF] [Phase 0] Connection closed in 0.0019ms {"SourceContext": "Infrastructure.Services.DatabaseTestService", "Application": "Crud.Api"}
[06:33:15 INF] [Phase 1] Starting EnsureDeletedAsync for worker 11685... {"SourceContext": "Infrastructure.Services.DatabaseTestService", "Application": "Crud.Api"}
[06:33:15 INF] [Phase 1] EnsureDeletedAsync completed in 1.9231ms {"SourceContext": "Infrastructure.Services.DatabaseTestService", "Application": "Crud.Api"}
[06:33:15 INF] [Phase 2] Starting EnsureCreatedAsync for worker 11685... {"SourceContext": "Infrastructure.Services.DatabaseTestService", "Application": "Crud.Api"}
[06:33:15 INF] [Phase 2] EnsureCreatedAsync completed in 8.7023ms {"SourceContext": "Infrastructure.Services.DatabaseTestService", "Application": "Crud.Api"}
[06:33:15 INF] [Phase 3] Skipping database seeding as requested for worker 11685 {"SourceContext": "Infrastructure.Services.DatabaseTestService", "Application": "Crud.Api"}
[06:33:15 INF] Database reset via file deletion completed for worker 11685 in 110.8575ms (Close: 0.0019ms, Delete: 1.9231ms, Create: 8.7023ms) {"SourceContext": "Infrastructure.Services.DatabaseTestService", "Application": "Crud.Api"}
[06:33:15 INF] Releasing database mutex for worker 11685 {"SourceContext": "Infrastructure.Services.DatabaseTestService", "Application": "Crud.Api"}
[06:33:16 WRN] Failed to determine the https port for redirect. {"EventId": {"Id": 3, "Name": "FailedToDeterminePort"}, "SourceContext": "Microsoft.AspNetCore.HttpsPolicy.HttpsRedirectionMiddleware", "RequestId": "0HNFGVK4NGCK2", "RequestPath": "/api/auth/register", "Application": "Crud.Api"}
[06:33:16 INF] User registered successfully: 16e72b40-8fd5-4883-ab77-b12c6f092ae2 {"SourceContext": "App.Features.Authentication.RegisterUserCommandHandler", "ActionId": "d77cc660-c50a-4749-b49a-686b8cf03b18", "ActionName": "Api.Controllers.AuthController.Register (Api)", "RequestId": "0HNFGVK4NGCK2", "RequestPath": "/api/auth/register", "Application": "Crud.Api"}
Activity.TraceId:            a56fa4187c96f78f48c0bbad9c6ee945
Activity.SpanId:             ef471d361b8494e2
Activity.TraceFlags:         Recorded
Activity.ActivitySourceName: Microsoft.AspNetCore
Activity.DisplayName:        POST api/Auth/register
Activity.Kind:               Server
Activity.StartTime:          2025-09-11T06:33:16.0463717Z
Activity.Duration:           00:00:00.3064683
Activity.Tags:
    server.address: localhost
    http.request.method: POST
    url.scheme: http
    url.path: /api/auth/register
    network.protocol.version: 1.1
    http.route: api/Auth/register
    http.response.status_code: 200
Resource associated with Activity:
    deployment.environment: Testing
    service.name: Crud.Api
    service.version: 1.0.0
    service.instance.id: 10e2e254-224c-48e1-a2d2-8bbb5483cf26
    telemetry.sdk.name: opentelemetry
    telemetry.sdk.language: dotnet
    telemetry.sdk.version: 1.8.1
[06:33:16 INF] User registered successfully: d4646957-81f5-470f-a820-12e276c8689d {"SourceContext": "App.Features.Authentication.RegisterUserCommandHandler", "ActionId": "d77cc660-c50a-4749-b49a-686b8cf03b18", "ActionName": "Api.Controllers.AuthController.Register (Api)", "RequestId": "0HNFGVK4NGCK3", "RequestPath": "/api/auth/register", "Application": "Crud.Api"}
Activity.TraceId:            f0f32aeb9c7403fc90d4dac3c0801e59
Activity.SpanId:             2ab367ff7fbbaddf
Activity.TraceFlags:         Recorded
Activity.ActivitySourceName: Microsoft.AspNetCore
Activity.DisplayName:        POST api/Auth/register
Activity.Kind:               Server
Activity.StartTime:          2025-09-11T06:33:16.3534267Z
Activity.Duration:           00:00:00.2993851
Activity.Tags:
    server.address: localhost
    http.request.method: POST
    url.scheme: http
    url.path: /api/auth/register
    network.protocol.version: 1.1
    http.route: api/Auth/register
    http.response.status_code: 200
Resource associated with Activity:
    deployment.environment: Testing
    service.name: Crud.Api
    service.version: 1.0.0
    service.instance.id: 10e2e254-224c-48e1-a2d2-8bbb5483cf26
    telemetry.sdk.name: opentelemetry
    telemetry.sdk.language: dotnet
    telemetry.sdk.version: 1.8.1
[06:33:16 INF] User logged in successfully: d4646957-81f5-470f-a820-12e276c8689d {"SourceContext": "App.Features.Authentication.LoginCommandHandler", "ActionId": "ac76266a-b0ce-4db8-b40c-2673e322219c", "ActionName": "Api.Controllers.AuthController.Login (Api)", "RequestId": "0HNFGVK4NGCK4", "RequestPath": "/api/auth/login", "Application": "Crud.Api"}
Activity.TraceId:            6a1693ffeec3e85693b0bf37fb25b081
Activity.SpanId:             c84ed42147fd4551
Activity.TraceFlags:         Recorded
Activity.ActivitySourceName: Microsoft.AspNetCore
Activity.DisplayName:        POST api/Auth/login
Activity.Kind:               Server
Activity.StartTime:          2025-09-11T06:33:16.6554814Z
Activity.Duration:           00:00:00.3042673
Activity.Tags:
    server.address: localhost
    http.request.method: POST
    url.scheme: http
    url.path: /api/auth/login
    network.protocol.version: 1.1
    http.route: api/Auth/login
    http.response.status_code: 200
Resource associated with Activity:
    deployment.environment: Testing
    service.name: Crud.Api
    service.version: 1.0.0
    service.instance.id: 10e2e254-224c-48e1-a2d2-8bbb5483cf26
    telemetry.sdk.name: opentelemetry
    telemetry.sdk.language: dotnet
    telemetry.sdk.version: 1.8.1
[06:33:16 DBG] Cache miss for key: list:window {"SourceContext": "Infrastructure.Services.Caching.InMemoryCacheService", "ActionId": "9a60d264-501d-4df7-b911-7e257ed8ac70", "ActionName": "Api.Controllers.WindowsController.List (Api)", "RequestId": "0HNFGVK4NGCK5", "RequestPath": "/api/windows", "Application": "Crud.Api"}
[06:33:16 DBG] Set cache value for key: list:window {"SourceContext": "Infrastructure.Services.Caching.InMemoryCacheService", "ActionId": "9a60d264-501d-4df7-b911-7e257ed8ac70", "ActionName": "Api.Controllers.WindowsController.List (Api)", "RequestId": "0HNFGVK4NGCK5", "RequestPath": "/api/windows", "Application": "Crud.Api"}
Activity.TraceId:            5b2ab594dce5d2fdf7a1e9384728795a
Activity.SpanId:             55d2b4d43c34a628
Activity.TraceFlags:         Recorded
Activity.ActivitySourceName: Microsoft.AspNetCore
Activity.DisplayName:        GET api/Windows
Activity.Kind:               Server
Activity.StartTime:          2025-09-11T06:33:16.9603453Z
Activity.Duration:           00:00:00.0361361
Activity.Tags:
    server.address: localhost
    http.request.method: GET
    url.scheme: http
    url.path: /api/windows
    network.protocol.version: 1.1
    http.route: api/Windows
    http.response.status_code: 200
Resource associated with Activity:
    deployment.environment: Testing
    service.name: Crud.Api
    service.version: 1.0.0
    service.instance.id: 10e2e254-224c-48e1-a2d2-8bbb5483cf26
    telemetry.sdk.name: opentelemetry
    telemetry.sdk.language: dotnet
    telemetry.sdk.version: 1.8.1
[06:33:17 DBG] Removed cache value for key: entity:window:8cdf062c4c874bfcb6aebfc7f9a83f1d {"SourceContext": "Infrastructure.Services.Caching.InMemoryCacheService", "ActionId": "76519ec6-2321-4f12-ac60-b8c21af11720", "ActionName": "Api.Controllers.WindowsController.Create (Api)", "RequestId": "0HNFGVK4NGCK6", "RequestPath": "/api/windows", "Application": "Crud.Api"}
[06:33:17 DBG] Removed cache value for key: list:window {"SourceContext": "Infrastructure.Services.Caching.InMemoryCacheService", "ActionId": "76519ec6-2321-4f12-ac60-b8c21af11720", "ActionName": "Api.Controllers.WindowsController.Create (Api)", "RequestId": "0HNFGVK4NGCK6", "RequestPath": "/api/windows", "Application": "Crud.Api"}
[06:33:17 DBG] Invalidating cache for entity type: windows with tag: windows {"SourceContext": "Api.Services.OutputCacheInvalidationService", "ActionId": "76519ec6-2321-4f12-ac60-b8c21af11720", "ActionName": "Api.Controllers.WindowsController.Create (Api)", "RequestId": "0HNFGVK4NGCK6", "RequestPath": "/api/windows", "Application": "Crud.Api"}
[06:33:17 INF] Successfully invalidated cache for entity type: windows {"SourceContext": "Api.Services.OutputCacheInvalidationService", "ActionId": "76519ec6-2321-4f12-ac60-b8c21af11720", "ActionName": "Api.Controllers.WindowsController.Create (Api)", "RequestId": "0HNFGVK4NGCK6", "RequestPath": "/api/windows", "Application": "Crud.Api"}
Activity.TraceId:            228c545fb7e4a714e801ed6bb92ba483
Activity.SpanId:             4596c63ed99047a6
Activity.TraceFlags:         Recorded
Activity.ActivitySourceName: Microsoft.AspNetCore
Activity.DisplayName:        POST api/Windows
Activity.Kind:               Server
Activity.StartTime:          2025-09-11T06:33:16.9993999Z
Activity.Duration:           00:00:00.0347529
Activity.Tags:
    server.address: localhost
    http.request.method: POST
    url.scheme: http
    url.path: /api/windows
    network.protocol.version: 1.1
    http.route: api/Windows
    http.response.status_code: 201
Resource associated with Activity:
    deployment.environment: Testing
    service.name: Crud.Api
    service.version: 1.0.0
    service.instance.id: 10e2e254-224c-48e1-a2d2-8bbb5483cf26
    telemetry.sdk.name: opentelemetry
    telemetry.sdk.language: dotnet
    telemetry.sdk.version: 1.8.1
[06:33:17 DBG] Cache miss for key: list:window {"SourceContext": "Infrastructure.Services.Caching.InMemoryCacheService", "ActionId": "9a60d264-501d-4df7-b911-7e257ed8ac70", "ActionName": "Api.Controllers.WindowsController.List (Api)", "RequestId": "0HNFGVK4NGCK7", "RequestPath": "/api/windows", "Application": "Crud.Api"}
[06:33:17 DBG] Set cache value for key: list:window {"SourceContext": "Infrastructure.Services.Caching.InMemoryCacheService", "ActionId": "9a60d264-501d-4df7-b911-7e257ed8ac70", "ActionName": "Api.Controllers.WindowsController.List (Api)", "RequestId": "0HNFGVK4NGCK7", "RequestPath": "/api/windows", "Application": "Crud.Api"}
[06:33:17 DBG] Response not compressed: application/json; charset=utf-8 | Size: 1048 bytes | Path: /api/windows {"SourceContext": "Api.Middleware.CompressionPerformanceMiddleware", "RequestId": "0HNFGVK4NGCK7", "RequestPath": "/api/windows", "Application": "Crud.Api"}
Activity.TraceId:            f44fcdd1b324e4ee21e0aea7ea51149b
Activity.SpanId:             63125a6addc7087d
Activity.TraceFlags:         Recorded
Activity.ActivitySourceName: Microsoft.AspNetCore
Activity.DisplayName:        GET api/Windows
Activity.Kind:               Server
Activity.StartTime:          2025-09-11T06:33:17.0342287Z
Activity.Duration:           00:00:00.0045789
Activity.Tags:
    server.address: localhost
    http.request.method: GET
    url.scheme: http
    url.path: /api/windows
    network.protocol.version: 1.1
    http.route: api/Windows
    http.response.status_code: 200
Resource associated with Activity:
    deployment.environment: Testing
    service.name: Crud.Api
    service.version: 1.0.0
    service.instance.id: 10e2e254-224c-48e1-a2d2-8bbb5483cf26
    telemetry.sdk.name: opentelemetry
    telemetry.sdk.language: dotnet
    telemetry.sdk.version: 1.8.1
[06:33:17 INF] Resetting database for worker 11685 {"SourceContext": "Infrastructure.Services.DatabaseTestService", "Application": "Crud.Api"}
[06:33:17 INF] Resetting database via file deletion for worker 11685 in CI environment {"SourceContext": "Infrastructure.Services.DatabaseTestService", "Application": "Crud.Api"}
[06:33:17 INF] Acquiring database mutex for worker 11685... {"SourceContext": "Infrastructure.Services.DatabaseTestService", "Application": "Crud.Api"}
[06:33:17 INF] Database mutex acquired for worker 11685 {"SourceContext": "Infrastructure.Services.DatabaseTestService", "Application": "Crud.Api"}
[06:33:17 INF] Current database state - CanConnect: True {"SourceContext": "Infrastructure.Services.DatabaseTestService", "Application": "Crud.Api"}
[06:33:17 INF] [Phase 0] Closing database connection for worker 11685... {"SourceContext": "Infrastructure.Services.DatabaseTestService", "Application": "Crud.Api"}
[06:33:17 INF] [Phase 0] Connection closed in 0.001ms {"SourceContext": "Infrastructure.Services.DatabaseTestService", "Application": "Crud.Api"}
[06:33:17 INF] [Phase 1] Starting EnsureDeletedAsync for worker 11685... {"SourceContext": "Infrastructure.Services.DatabaseTestService", "Application": "Crud.Api"}
[06:33:17 INF] [Phase 1] EnsureDeletedAsync completed in 1.7158ms {"SourceContext": "Infrastructure.Services.DatabaseTestService", "Application": "Crud.Api"}
[06:33:17 INF] [Phase 2] Starting EnsureCreatedAsync for worker 11685... {"SourceContext": "Infrastructure.Services.DatabaseTestService", "Application": "Crud.Api"}
[06:33:17 INF] [Phase 2] EnsureCreatedAsync completed in 8.4893ms {"SourceContext": "Infrastructure.Services.DatabaseTestService", "Application": "Crud.Api"}
[06:33:17 INF] [Phase 3] Skipping database seeding as requested for worker 11685 {"SourceContext": "Infrastructure.Services.DatabaseTestService", "Application": "Crud.Api"}
[06:33:17 INF] Database reset via file deletion completed for worker 11685 in 109.8715ms (Close: 0.001ms, Delete: 1.7158ms, Create: 8.4893ms) {"SourceContext": "Infrastructure.Services.DatabaseTestService", "Application": "Crud.Api"}
[06:33:17 INF] Releasing database mutex for worker 11685 {"SourceContext": "Infrastructure.Services.DatabaseTestService", "Application": "Crud.Api"}
[06:33:17 INF] Resetting database for worker 11685 {"SourceContext": "Infrastructure.Services.DatabaseTestService", "Application": "Crud.Api"}
[06:33:17 INF] Resetting database via file deletion for worker 11685 in CI environment {"SourceContext": "Infrastructure.Services.DatabaseTestService", "Application": "Crud.Api"}
[06:33:17 INF] Acquiring database mutex for worker 11685... {"SourceContext": "Infrastructure.Services.DatabaseTestService", "Application": "Crud.Api"}
[06:33:17 INF] Database mutex acquired for worker 11685 {"SourceContext": "Infrastructure.Services.DatabaseTestService", "Application": "Crud.Api"}
[06:33:17 INF] Current database state - CanConnect: True {"SourceContext": "Infrastructure.Services.DatabaseTestService", "Application": "Crud.Api"}
[06:33:17 INF] [Phase 0] Closing database connection for worker 11685... {"SourceContext": "Infrastructure.Services.DatabaseTestService", "Application": "Crud.Api"}
[06:33:17 INF] [Phase 0] Connection closed in 0.0025ms {"SourceContext": "Infrastructure.Services.DatabaseTestService", "Application": "Crud.Api"}
[06:33:17 INF] [Phase 1] Starting EnsureDeletedAsync for worker 11685... {"SourceContext": "Infrastructure.Services.DatabaseTestService", "Application": "Crud.Api"}
[06:33:17 INF] [Phase 1] EnsureDeletedAsync completed in 1.3926ms {"SourceContext": "Infrastructure.Services.DatabaseTestService", "Application": "Crud.Api"}
[06:33:17 INF] [Phase 2] Starting EnsureCreatedAsync for worker 11685... {"SourceContext": "Infrastructure.Services.DatabaseTestService", "Application": "Crud.Api"}
[06:33:17 INF] [Phase 2] EnsureCreatedAsync completed in 16.6362ms {"SourceContext": "Infrastructure.Services.DatabaseTestService", "Application": "Crud.Api"}
[06:33:17 INF] [Phase 3] Skipping database seeding as requested for worker 11685 {"SourceContext": "Infrastructure.Services.DatabaseTestService", "Application": "Crud.Api"}
[06:33:17 INF] Database reset via file deletion completed for worker 11685 in 119.2043ms (Close: 0.0025ms, Delete: 1.3926ms, Create: 16.6362ms) {"SourceContext": "Infrastructure.Services.DatabaseTestService", "Application": "Crud.Api"}
[06:33:17 INF] Releasing database mutex for worker 11685 {"SourceContext": "Infrastructure.Services.DatabaseTestService", "Application": "Crud.Api"}
[06:33:17 INF] User registered successfully: 507094c5-801d-4a14-bb26-74cc0d6edebe {"SourceContext": "App.Features.Authentication.RegisterUserCommandHandler", "ActionId": "d77cc660-c50a-4749-b49a-686b8cf03b18", "ActionName": "Api.Controllers.AuthController.Register (Api)", "RequestId": "0HNFGVK4NGCK8", "RequestPath": "/api/auth/register", "Application": "Crud.Api"}
Activity.TraceId:            e78305f71b15186dc9253c1da5351286
Activity.SpanId:             34a2923dd910f0b2
Activity.TraceFlags:         Recorded
Activity.ActivitySourceName: Microsoft.AspNetCore
Activity.DisplayName:        POST api/Auth/register
Activity.Kind:               Server
Activity.StartTime:          2025-09-11T06:33:17.2885808Z
Activity.Duration:           00:00:00.2993063
Activity.Tags:
    server.address: localhost
    http.request.method: POST
    url.scheme: http
    url.path: /api/auth/register
    network.protocol.version: 1.1
    http.route: api/Auth/register
    http.response.status_code: 200
Resource associated with Activity:
    deployment.environment: Testing
    service.name: Crud.Api
    service.version: 1.0.0
    service.instance.id: 10e2e254-224c-48e1-a2d2-8bbb5483cf26
    telemetry.sdk.name: opentelemetry
    telemetry.sdk.language: dotnet
    telemetry.sdk.version: 1.8.1
[06:33:17 INF] User registered successfully: 4eaa2a61-10f9-4b84-9829-01c29ac280a1 {"SourceContext": "App.Features.Authentication.RegisterUserCommandHandler", "ActionId": "d77cc660-c50a-4749-b49a-686b8cf03b18", "ActionName": "Api.Controllers.AuthController.Register (Api)", "RequestId": "0HNFGVK4NGCK9", "RequestPath": "/api/auth/register", "Application": "Crud.Api"}
Activity.TraceId:            8df2ff2c9715e8e26123fb85f520923b
Activity.SpanId:             b49b3d008dc56767
Activity.TraceFlags:         Recorded
Activity.ActivitySourceName: Microsoft.AspNetCore
Activity.DisplayName:        POST api/Auth/register
Activity.Kind:               Server
Activity.StartTime:          2025-09-11T06:33:17.5885488Z
Activity.Duration:           00:00:00.2968616
Activity.Tags:
    server.address: localhost
    http.request.method: POST
    url.scheme: http
    url.path: /api/auth/register
    network.protocol.version: 1.1
    http.route: api/Auth/register
    http.response.status_code: 200
Resource associated with Activity:
    deployment.environment: Testing
    service.name: Crud.Api
    service.version: 1.0.0
    service.instance.id: 10e2e254-224c-48e1-a2d2-8bbb5483cf26
    telemetry.sdk.name: opentelemetry
    telemetry.sdk.language: dotnet
    telemetry.sdk.version: 1.8.1
[06:33:18 INF] User logged in successfully: 4eaa2a61-10f9-4b84-9829-01c29ac280a1 {"SourceContext": "App.Features.Authentication.LoginCommandHandler", "ActionId": "ac76266a-b0ce-4db8-b40c-2673e322219c", "ActionName": "Api.Controllers.AuthController.Login (Api)", "RequestId": "0HNFGVK4NGCKA", "RequestPath": "/api/auth/login", "Application": "Crud.Api"}
Activity.TraceId:            8fd3e8f13c46c2d31f060e7d6bbfc440
Activity.SpanId:             ae13a820c927ebc3
Activity.TraceFlags:         Recorded
Activity.ActivitySourceName: Microsoft.AspNetCore
Activity.DisplayName:        POST api/Auth/login
Activity.Kind:               Server
Activity.StartTime:          2025-09-11T06:33:17.8865096Z
Activity.Duration:           00:00:00.2965532
Activity.Tags:
    server.address: localhost
    http.request.method: POST
    url.scheme: http
    url.path: /api/auth/login
    network.protocol.version: 1.1
    http.route: api/Auth/login
    http.response.status_code: 200
Resource associated with Activity:
    deployment.environment: Testing
    service.name: Crud.Api
    service.version: 1.0.0
    service.instance.id: 10e2e254-224c-48e1-a2d2-8bbb5483cf26
    telemetry.sdk.name: opentelemetry
    telemetry.sdk.language: dotnet
    telemetry.sdk.version: 1.8.1
[06:33:18 DBG] Cache miss for key: list:person {"SourceContext": "Infrastructure.Services.Caching.InMemoryCacheService", "ActionId": "e9ec7d52-6142-4819-ad56-fd7078fd1044", "ActionName": "Api.Controllers.PeopleController.List (Api)", "RequestId": "0HNFGVK4NGCKB", "RequestPath": "/api/people", "Application": "Crud.Api"}
[06:33:18 DBG] Set cache value for key: list:person {"SourceContext": "Infrastructure.Services.Caching.InMemoryCacheService", "ActionId": "e9ec7d52-6142-4819-ad56-fd7078fd1044", "ActionName": "Api.Controllers.PeopleController.List (Api)", "RequestId": "0HNFGVK4NGCKB", "RequestPath": "/api/people", "Application": "Crud.Api"}
Activity.TraceId:            c47456f49e74192bf153dcd800eda4df
Activity.SpanId:             5887b0e6ef39fb35
Activity.TraceFlags:         Recorded
Activity.ActivitySourceName: Microsoft.AspNetCore
Activity.DisplayName:        GET api/People
Activity.Kind:               Server
Activity.StartTime:          2025-09-11T06:33:18.1834231Z
Activity.Duration:           00:00:00.0125749
Activity.Tags:
    server.address: localhost
    http.request.method: GET
    url.scheme: http
    url.path: /api/people
    network.protocol.version: 1.1
    http.route: api/People
    http.response.status_code: 200
Resource associated with Activity:
    deployment.environment: Testing
    service.name: Crud.Api
    service.version: 1.0.0
    service.instance.id: 10e2e254-224c-48e1-a2d2-8bbb5483cf26
    telemetry.sdk.name: opentelemetry
    telemetry.sdk.language: dotnet
    telemetry.sdk.version: 1.8.1
[06:33:18 DBG] Removed cache value for key: entity:person:ccf7f4bf190a42d5924e0791ac6a8078 {"SourceContext": "Infrastructure.Services.Caching.InMemoryCacheService", "ActionId": "af58d82c-c994-4c1f-8e6e-154ab4d3197a", "ActionName": "Api.Controllers.PeopleController.Create (Api)", "RequestId": "0HNFGVK4NGCKC", "RequestPath": "/api/people", "Application": "Crud.Api"}
[06:33:18 DBG] Removed cache value for key: list:person {"SourceContext": "Infrastructure.Services.Caching.InMemoryCacheService", "ActionId": "af58d82c-c994-4c1f-8e6e-154ab4d3197a", "ActionName": "Api.Controllers.PeopleController.Create (Api)", "RequestId": "0HNFGVK4NGCKC", "RequestPath": "/api/people", "Application": "Crud.Api"}
[06:33:18 DBG] Invalidating cache for entity type: people with tag: people {"SourceContext": "Api.Services.OutputCacheInvalidationService", "ActionId": "af58d82c-c994-4c1f-8e6e-154ab4d3197a", "ActionName": "Api.Controllers.PeopleController.Create (Api)", "RequestId": "0HNFGVK4NGCKC", "RequestPath": "/api/people", "Application": "Crud.Api"}
[06:33:18 INF] Successfully invalidated cache for entity type: people {"SourceContext": "Api.Services.OutputCacheInvalidationService", "ActionId": "af58d82c-c994-4c1f-8e6e-154ab4d3197a", "ActionName": "Api.Controllers.PeopleController.Create (Api)", "RequestId": "0HNFGVK4NGCKC", "RequestPath": "/api/people", "Application": "Crud.Api"}
Activity.TraceId:            4528b226b881d62eca3b7678bc9f0422
Activity.SpanId:             236c812d8d1d29f3
Activity.TraceFlags:         Recorded
Activity.ActivitySourceName: Microsoft.AspNetCore
Activity.DisplayName:        POST api/People
Activity.Kind:               Server
Activity.StartTime:          2025-09-11T06:33:18.1977519Z
Activity.Duration:           00:00:00.0187280
Activity.Tags:
    server.address: localhost
    http.request.method: POST
    url.scheme: http
    url.path: /api/people
    network.protocol.version: 1.1
    http.route: api/People
    http.response.status_code: 201
Resource associated with Activity:
    deployment.environment: Testing
    service.name: Crud.Api
    service.version: 1.0.0
    service.instance.id: 10e2e254-224c-48e1-a2d2-8bbb5483cf26
    telemetry.sdk.name: opentelemetry
    telemetry.sdk.language: dotnet
    telemetry.sdk.version: 1.8.1
[06:33:18 DBG] Cache miss for key: list:person {"SourceContext": "Infrastructure.Services.Caching.InMemoryCacheService", "ActionId": "e9ec7d52-6142-4819-ad56-fd7078fd1044", "ActionName": "Api.Controllers.PeopleController.List (Api)", "RequestId": "0HNFGVK4NGCKD", "RequestPath": "/api/people", "Application": "Crud.Api"}
[06:33:18 DBG] Set cache value for key: list:person {"SourceContext": "Infrastructure.Services.Caching.InMemoryCacheService", "ActionId": "e9ec7d52-6142-4819-ad56-fd7078fd1044", "ActionName": "Api.Controllers.PeopleController.List (Api)", "RequestId": "0HNFGVK4NGCKD", "RequestPath": "/api/people", "Application": "Crud.Api"}
Activity.TraceId:            9a6a095b0f7ef698032cdc2790d87406
Activity.SpanId:             e728b224b3b986ee
Activity.TraceFlags:         Recorded
Activity.ActivitySourceName: Microsoft.AspNetCore
Activity.DisplayName:        GET api/People
Activity.Kind:               Server
Activity.StartTime:          2025-09-11T06:33:18.2165574Z
Activity.Duration:           00:00:00.0018078
Activity.Tags:
    server.address: localhost
    http.request.method: GET
    url.scheme: http
    url.path: /api/people
    network.protocol.version: 1.1
    http.route: api/People
    http.response.status_code: 200
Resource associated with Activity:
    deployment.environment: Testing
    service.name: Crud.Api
    service.version: 1.0.0
    service.instance.id: 10e2e254-224c-48e1-a2d2-8bbb5483cf26
    telemetry.sdk.name: opentelemetry
    telemetry.sdk.language: dotnet
    telemetry.sdk.version: 1.8.1
[06:33:18 INF] Resetting database for worker 11685 {"SourceContext": "Infrastructure.Services.DatabaseTestService", "Application": "Crud.Api"}
[06:33:18 INF] Resetting database via file deletion for worker 11685 in CI environment {"SourceContext": "Infrastructure.Services.DatabaseTestService", "Application": "Crud.Api"}
[06:33:18 INF] Acquiring database mutex for worker 11685... {"SourceContext": "Infrastructure.Services.DatabaseTestService", "Application": "Crud.Api"}
[06:33:18 INF] Database mutex acquired for worker 11685 {"SourceContext": "Infrastructure.Services.DatabaseTestService", "Application": "Crud.Api"}
[06:33:18 INF] Current database state - CanConnect: True {"SourceContext": "Infrastructure.Services.DatabaseTestService", "Application": "Crud.Api"}
[06:33:18 INF] [Phase 0] Closing database connection for worker 11685... {"SourceContext": "Infrastructure.Services.DatabaseTestService", "Application": "Crud.Api"}
[06:33:18 INF] [Phase 0] Connection closed in 0.0044ms {"SourceContext": "Infrastructure.Services.DatabaseTestService", "Application": "Crud.Api"}
[06:33:18 INF] [Phase 1] Starting EnsureDeletedAsync for worker 11685... {"SourceContext": "Infrastructure.Services.DatabaseTestService", "Application": "Crud.Api"}
[06:33:18 INF] [Phase 1] EnsureDeletedAsync completed in 1.5241ms {"SourceContext": "Infrastructure.Services.DatabaseTestService", "Application": "Crud.Api"}
[06:33:18 INF] [Phase 2] Starting EnsureCreatedAsync for worker 11685... {"SourceContext": "Infrastructure.Services.DatabaseTestService", "Application": "Crud.Api"}
[06:33:18 INF] [Phase 2] EnsureCreatedAsync completed in 8.0241ms {"SourceContext": "Infrastructure.Services.DatabaseTestService", "Application": "Crud.Api"}
[06:33:18 INF] [Phase 3] Skipping database seeding as requested for worker 11685 {"SourceContext": "Infrastructure.Services.DatabaseTestService", "Application": "Crud.Api"}
[06:33:18 INF] Database reset via file deletion completed for worker 11685 in 109.3898ms (Close: 0.0044ms, Delete: 1.5241ms, Create: 8.0241ms) {"SourceContext": "Infrastructure.Services.DatabaseTestService", "Application": "Crud.Api"}
[06:33:18 INF] Releasing database mutex for worker 11685 {"SourceContext": "Infrastructure.Services.DatabaseTestService", "Application": "Crud.Api"}
[06:33:18 INF] Resetting database for worker 11685 {"SourceContext": "Infrastructure.Services.DatabaseTestService", "Application": "Crud.Api"}
[06:33:18 INF] Resetting database via file deletion for worker 11685 in CI environment {"SourceContext": "Infrastructure.Services.DatabaseTestService", "Application": "Crud.Api"}
[06:33:18 INF] Acquiring database mutex for worker 11685... {"SourceContext": "Infrastructure.Services.DatabaseTestService", "Application": "Crud.Api"}
[06:33:18 INF] Database mutex acquired for worker 11685 {"SourceContext": "Infrastructure.Services.DatabaseTestService", "Application": "Crud.Api"}
[06:33:18 INF] Current database state - CanConnect: True {"SourceContext": "Infrastructure.Services.DatabaseTestService", "Application": "Crud.Api"}
[06:33:18 INF] [Phase 0] Closing database connection for worker 11685... {"SourceContext": "Infrastructure.Services.DatabaseTestService", "Application": "Crud.Api"}
[06:33:18 INF] [Phase 0] Connection closed in 0.001ms {"SourceContext": "Infrastructure.Services.DatabaseTestService", "Application": "Crud.Api"}
[06:33:18 INF] [Phase 1] Starting EnsureDeletedAsync for worker 11685... {"SourceContext": "Infrastructure.Services.DatabaseTestService", "Application": "Crud.Api"}
[06:33:18 INF] [Phase 1] EnsureDeletedAsync completed in 1.3363ms {"SourceContext": "Infrastructure.Services.DatabaseTestService", "Application": "Crud.Api"}
[06:33:18 INF] [Phase 2] Starting EnsureCreatedAsync for worker 11685... {"SourceContext": "Infrastructure.Services.DatabaseTestService", "Application": "Crud.Api"}
[06:33:18 INF] [Phase 2] EnsureCreatedAsync completed in 8.0168ms {"SourceContext": "Infrastructure.Services.DatabaseTestService", "Application": "Crud.Api"}
[06:33:18 INF] [Phase 3] Skipping database seeding as requested for worker 11685 {"SourceContext": "Infrastructure.Services.DatabaseTestService", "Application": "Crud.Api"}
[06:33:18 INF] Database reset via file deletion completed for worker 11685 in 110.3143ms (Close: 0.001ms, Delete: 1.3363ms, Create: 8.0168ms) {"SourceContext": "Infrastructure.Services.DatabaseTestService", "Application": "Crud.Api"}
[06:33:18 INF] Releasing database mutex for worker 11685 {"SourceContext": "Infrastructure.Services.DatabaseTestService", "Application": "Crud.Api"}
[06:33:18 INF] User registered successfully: 55362c9d-38b3-4ee9-aa81-67a067423104 {"SourceContext": "App.Features.Authentication.RegisterUserCommandHandler", "ActionId": "d77cc660-c50a-4749-b49a-686b8cf03b18", "ActionName": "Api.Controllers.AuthController.Register (Api)", "RequestId": "0HNFGVK4NGCKE", "RequestPath": "/api/auth/register", "Application": "Crud.Api"}
Activity.TraceId:            304f6fd9df8457354f4ca7d54a558b86
Activity.SpanId:             bec9c0589558ed06
Activity.TraceFlags:         Recorded
Activity.ActivitySourceName: Microsoft.AspNetCore
Activity.DisplayName:        POST api/Auth/register
Activity.Kind:               Server
Activity.StartTime:          2025-09-11T06:33:18.4437157Z
Activity.Duration:           00:00:00.2976069
Activity.Tags:
    server.address: localhost
    http.request.method: POST
    url.scheme: http
    url.path: /api/auth/register
    network.protocol.version: 1.1
    http.route: api/Auth/register
    http.response.status_code: 200
Resource associated with Activity:
    deployment.environment: Testing
    service.name: Crud.Api
    service.version: 1.0.0
    service.instance.id: 10e2e254-224c-48e1-a2d2-8bbb5483cf26
    telemetry.sdk.name: opentelemetry
    telemetry.sdk.language: dotnet
    telemetry.sdk.version: 1.8.1
[06:33:19 INF] User registered successfully: d2d36043-25ad-46e2-9d25-398e463512d8 {"SourceContext": "App.Features.Authentication.RegisterUserCommandHandler", "ActionId": "d77cc660-c50a-4749-b49a-686b8cf03b18", "ActionName": "Api.Controllers.AuthController.Register (Api)", "RequestId": "0HNFGVK4NGCKF", "RequestPath": "/api/auth/register", "Application": "Crud.Api"}
Activity.TraceId:            9ecc2d158187f558a0daf153233563cd
Activity.SpanId:             ccd3995ded5f933c
Activity.TraceFlags:         Recorded
Activity.ActivitySourceName: Microsoft.AspNetCore
Activity.DisplayName:        POST api/Auth/register
Activity.Kind:               Server
Activity.StartTime:          2025-09-11T06:33:18.7419648Z
Activity.Duration:           00:00:00.2982189
Activity.Tags:
    server.address: localhost
    http.request.method: POST
    url.scheme: http
    url.path: /api/auth/register
    network.protocol.version: 1.1
    http.route: api/Auth/register
    http.response.status_code: 200
Resource associated with Activity:
    deployment.environment: Testing
    service.name: Crud.Api
    service.version: 1.0.0
    service.instance.id: 10e2e254-224c-48e1-a2d2-8bbb5483cf26
    telemetry.sdk.name: opentelemetry
    telemetry.sdk.language: dotnet
    telemetry.sdk.version: 1.8.1
[06:33:19 INF] User logged in successfully: d2d36043-25ad-46e2-9d25-398e463512d8 {"SourceContext": "App.Features.Authentication.LoginCommandHandler", "ActionId": "ac76266a-b0ce-4db8-b40c-2673e322219c", "ActionName": "Api.Controllers.AuthController.Login (Api)", "RequestId": "0HNFGVK4NGCKG", "RequestPath": "/api/auth/login", "Application": "Crud.Api"}
Activity.TraceId:            630c4e7c6cb0f3652ce75c48b5d6ca1e
Activity.SpanId:             c6931af73fbdbec9
Activity.TraceFlags:         Recorded
Activity.ActivitySourceName: Microsoft.AspNetCore
Activity.DisplayName:        POST api/Auth/login
Activity.Kind:               Server
Activity.StartTime:          2025-09-11T06:33:19.0414148Z
Activity.Duration:           00:00:00.2977022
Activity.Tags:
    server.address: localhost
    http.request.method: POST
    url.scheme: http
    url.path: /api/auth/login
    network.protocol.version: 1.1
    http.route: api/Auth/login
    http.response.status_code: 200
Resource associated with Activity:
    deployment.environment: Testing
    service.name: Crud.Api
    service.version: 1.0.0
    service.instance.id: 10e2e254-224c-48e1-a2d2-8bbb5483cf26
    telemetry.sdk.name: opentelemetry
    telemetry.sdk.language: dotnet
    telemetry.sdk.version: 1.8.1
[06:33:19 DBG] Cache miss for key: list:role {"SourceContext": "Infrastructure.Services.Caching.InMemoryCacheService", "ActionId": "d57b58b5-9a36-49a1-a06c-45b4d6067b56", "ActionName": "Api.Controllers.RolesController.List (Api)", "RequestId": "0HNFGVK4NGCKH", "RequestPath": "/api/roles", "Application": "Crud.Api"}
[06:33:19 DBG] Set cache value for key: list:role {"SourceContext": "Infrastructure.Services.Caching.InMemoryCacheService", "ActionId": "d57b58b5-9a36-49a1-a06c-45b4d6067b56", "ActionName": "Api.Controllers.RolesController.List (Api)", "RequestId": "0HNFGVK4NGCKH", "RequestPath": "/api/roles", "Application": "Crud.Api"}
Activity.TraceId:            cb903f358c031be0919be12733cf64d0
Activity.SpanId:             b8148d2e6f3cc7a0
Activity.TraceFlags:         Recorded
Activity.ActivitySourceName: Microsoft.AspNetCore
Activity.DisplayName:        GET api/Roles
Activity.Kind:               Server
Activity.StartTime:          2025-09-11T06:33:19.3394594Z
Activity.Duration:           00:00:00.0079395
Activity.Tags:
    server.address: localhost
    http.request.method: GET
    url.scheme: http
    url.path: /api/roles
    network.protocol.version: 1.1
    http.route: api/Roles
    http.response.status_code: 200
Resource associated with Activity:
    deployment.environment: Testing
    service.name: Crud.Api
    service.version: 1.0.0
    service.instance.id: 10e2e254-224c-48e1-a2d2-8bbb5483cf26
    telemetry.sdk.name: opentelemetry
    telemetry.sdk.language: dotnet
    telemetry.sdk.version: 1.8.1
[06:33:19 DBG] Cache miss for key: name:role:new_role {"SourceContext": "Infrastructure.Services.Caching.InMemoryCacheService", "ActionId": "7910d18a-e3f6-4312-ba35-f966f00f36f1", "ActionName": "Api.Controllers.RolesController.Create (Api)", "RequestId": "0HNFGVK4NGCKI", "RequestPath": "/api/roles", "Application": "Crud.Api"}
[06:33:19 DBG] Removed cache value for key: entity:role:cc4d1511e9224e6cb0a9d9af7ee56c85 {"SourceContext": "Infrastructure.Services.Caching.InMemoryCacheService", "ActionId": "7910d18a-e3f6-4312-ba35-f966f00f36f1", "ActionName": "Api.Controllers.RolesController.Create (Api)", "RequestId": "0HNFGVK4NGCKI", "RequestPath": "/api/roles", "Application": "Crud.Api"}
[06:33:19 DBG] Removed cache value for key: list:role {"SourceContext": "Infrastructure.Services.Caching.InMemoryCacheService", "ActionId": "7910d18a-e3f6-4312-ba35-f966f00f36f1", "ActionName": "Api.Controllers.RolesController.Create (Api)", "RequestId": "0HNFGVK4NGCKI", "RequestPath": "/api/roles", "Application": "Crud.Api"}
[06:33:19 DBG] Invalidating cache for entity type: roles with tag: roles {"SourceContext": "Api.Services.OutputCacheInvalidationService", "ActionId": "7910d18a-e3f6-4312-ba35-f966f00f36f1", "ActionName": "Api.Controllers.RolesController.Create (Api)", "RequestId": "0HNFGVK4NGCKI", "RequestPath": "/api/roles", "Application": "Crud.Api"}
[06:33:19 INF] Successfully invalidated cache for entity type: roles {"SourceContext": "Api.Services.OutputCacheInvalidationService", "ActionId": "7910d18a-e3f6-4312-ba35-f966f00f36f1", "ActionName": "Api.Controllers.RolesController.Create (Api)", "RequestId": "0HNFGVK4NGCKI", "RequestPath": "/api/roles", "Application": "Crud.Api"}
Activity.TraceId:            900778e5a2c1f4179d0c752203929f45
Activity.SpanId:             29f9ae2f1e2510da
Activity.TraceFlags:         Recorded
Activity.ActivitySourceName: Microsoft.AspNetCore
Activity.DisplayName:        POST api/Roles
Activity.Kind:               Server
Activity.StartTime:          2025-09-11T06:33:19.3475270Z
Activity.Duration:           00:00:00.0073357
Activity.Tags:
    server.address: localhost
    http.request.method: POST
    url.scheme: http
    url.path: /api/roles
    network.protocol.version: 1.1
    http.route: api/Roles
    http.response.status_code: 201
Resource associated with Activity:
    deployment.environment: Testing
    service.name: Crud.Api
    service.version: 1.0.0
    service.instance.id: 10e2e254-224c-48e1-a2d2-8bbb5483cf26
    telemetry.sdk.name: opentelemetry
    telemetry.sdk.language: dotnet
    telemetry.sdk.version: 1.8.1
[06:33:19 DBG] Cache miss for key: list:role {"SourceContext": "Infrastructure.Services.Caching.InMemoryCacheService", "ActionId": "d57b58b5-9a36-49a1-a06c-45b4d6067b56", "ActionName": "Api.Controllers.RolesController.List (Api)", "RequestId": "0HNFGVK4NGCKJ", "RequestPath": "/api/roles", "Application": "Crud.Api"}
[06:33:19 DBG] Set cache value for key: list:role {"SourceContext": "Infrastructure.Services.Caching.InMemoryCacheService", "ActionId": "d57b58b5-9a36-49a1-a06c-45b4d6067b56", "ActionName": "Api.Controllers.RolesController.List (Api)", "RequestId": "0HNFGVK4NGCKJ", "RequestPath": "/api/roles", "Application": "Crud.Api"}
Activity.TraceId:            e7c07b7b86c2ce3c6c7d96eb5b4e3648
Activity.SpanId:             4320bc843d660e22
Activity.TraceFlags:         Recorded
Activity.ActivitySourceName: Microsoft.AspNetCore
Activity.DisplayName:        GET api/Roles
Activity.Kind:               Server
Activity.StartTime:          2025-09-11T06:33:19.3549406Z
Activity.Duration:           00:00:00.0011428
Activity.Tags:
    server.address: localhost
    http.request.method: GET
    url.scheme: http
    url.path: /api/roles
    network.protocol.version: 1.1
    http.route: api/Roles
    http.response.status_code: 200
Resource associated with Activity:
    deployment.environment: Testing
    service.name: Crud.Api
    service.version: 1.0.0
    service.instance.id: 10e2e254-224c-48e1-a2d2-8bbb5483cf26
    telemetry.sdk.name: opentelemetry
    telemetry.sdk.language: dotnet
    telemetry.sdk.version: 1.8.1
[06:33:19 INF] Resetting database for worker 11685 {"SourceContext": "Infrastructure.Services.DatabaseTestService", "Application": "Crud.Api"}
[06:33:19 INF] Resetting database via file deletion for worker 11685 in CI environment {"SourceContext": "Infrastructure.Services.DatabaseTestService", "Application": "Crud.Api"}
[06:33:19 INF] Acquiring database mutex for worker 11685... {"SourceContext": "Infrastructure.Services.DatabaseTestService", "Application": "Crud.Api"}
[06:33:19 INF] Database mutex acquired for worker 11685 {"SourceContext": "Infrastructure.Services.DatabaseTestService", "Application": "Crud.Api"}
[06:33:19 INF] Current database state - CanConnect: True {"SourceContext": "Infrastructure.Services.DatabaseTestService", "Application": "Crud.Api"}
[06:33:19 INF] [Phase 0] Closing database connection for worker 11685... {"SourceContext": "Infrastructure.Services.DatabaseTestService", "Application": "Crud.Api"}
[06:33:19 INF] [Phase 0] Connection closed in 0.0007ms {"SourceContext": "Infrastructure.Services.DatabaseTestService", "Application": "Crud.Api"}
[06:33:19 INF] [Phase 1] Starting EnsureDeletedAsync for worker 11685... {"SourceContext": "Infrastructure.Services.DatabaseTestService", "Application": "Crud.Api"}
[06:33:19 INF] [Phase 1] EnsureDeletedAsync completed in 1.4555ms {"SourceContext": "Infrastructure.Services.DatabaseTestService", "Application": "Crud.Api"}
[06:33:19 INF] [Phase 2] Starting EnsureCreatedAsync for worker 11685... {"SourceContext": "Infrastructure.Services.DatabaseTestService", "Application": "Crud.Api"}
[06:33:19 INF] [Phase 2] EnsureCreatedAsync completed in 14.5193ms {"SourceContext": "Infrastructure.Services.DatabaseTestService", "Application": "Crud.Api"}
[06:33:19 INF] [Phase 3] Skipping database seeding as requested for worker 11685 {"SourceContext": "Infrastructure.Services.DatabaseTestService", "Application": "Crud.Api"}
[06:33:19 INF] Database reset via file deletion completed for worker 11685 in 116.5478ms (Close: 0.0007ms, Delete: 1.4555ms, Create: 14.5193ms) {"SourceContext": "Infrastructure.Services.DatabaseTestService", "Application": "Crud.Api"}
[06:33:19 INF] Releasing database mutex for worker 11685 {"SourceContext": "Infrastructure.Services.DatabaseTestService", "Application": "Crud.Api"}
[06:33:19 INF] Resetting database for worker 11685 {"SourceContext": "Infrastructure.Services.DatabaseTestService", "Application": "Crud.Api"}
[06:33:19 INF] Resetting database via file deletion for worker 11685 in CI environment {"SourceContext": "Infrastructure.Services.DatabaseTestService", "Application": "Crud.Api"}
[06:33:19 INF] Acquiring database mutex for worker 11685... {"SourceContext": "Infrastructure.Services.DatabaseTestService", "Application": "Crud.Api"}
[06:33:19 INF] Database mutex acquired for worker 11685 {"SourceContext": "Infrastructure.Services.DatabaseTestService", "Application": "Crud.Api"}
[06:33:19 INF] Current database state - CanConnect: True {"SourceContext": "Infrastructure.Services.DatabaseTestService", "Application": "Crud.Api"}
[06:33:19 INF] [Phase 0] Closing database connection for worker 11685... {"SourceContext": "Infrastructure.Services.DatabaseTestService", "Application": "Crud.Api"}
[06:33:19 INF] [Phase 0] Connection closed in 0.0007ms {"SourceContext": "Infrastructure.Services.DatabaseTestService", "Application": "Crud.Api"}
[06:33:19 INF] [Phase 1] Starting EnsureDeletedAsync for worker 11685... {"SourceContext": "Infrastructure.Services.DatabaseTestService", "Application": "Crud.Api"}
[06:33:19 INF] [Phase 1] EnsureDeletedAsync completed in 1.3103ms {"SourceContext": "Infrastructure.Services.DatabaseTestService", "Application": "Crud.Api"}
[06:33:19 INF] [Phase 2] Starting EnsureCreatedAsync for worker 11685... {"SourceContext": "Infrastructure.Services.DatabaseTestService", "Application": "Crud.Api"}
[06:33:19 INF] [Phase 2] EnsureCreatedAsync completed in 12.3563ms {"SourceContext": "Infrastructure.Services.DatabaseTestService", "Application": "Crud.Api"}
[06:33:19 INF] [Phase 3] Skipping database seeding as requested for worker 11685 {"SourceContext": "Infrastructure.Services.DatabaseTestService", "Application": "Crud.Api"}
[06:33:19 INF] Database reset via file deletion completed for worker 11685 in 114.1043ms (Close: 0.0007ms, Delete: 1.3103ms, Create: 12.3563ms) {"SourceContext": "Infrastructure.Services.DatabaseTestService", "Application": "Crud.Api"}
[06:33:19 INF] Releasing database mutex for worker 11685 {"SourceContext": "Infrastructure.Services.DatabaseTestService", "Application": "Crud.Api"}
[06:33:19 INF] User registered successfully: a31f146b-cf21-4947-af1a-9a8683cc827b {"SourceContext": "App.Features.Authentication.RegisterUserCommandHandler", "ActionId": "d77cc660-c50a-4749-b49a-686b8cf03b18", "ActionName": "Api.Controllers.AuthController.Register (Api)", "RequestId": "0HNFGVK4NGCKK", "RequestPath": "/api/auth/register", "Application": "Crud.Api"}
Activity.TraceId:            0243fa796db00287e82f3cb89a5bd56d
Activity.SpanId:             93f2df0e4443d61c
Activity.TraceFlags:         Recorded
Activity.ActivitySourceName: Microsoft.AspNetCore
Activity.DisplayName:        POST api/Auth/register
Activity.Kind:               Server
Activity.StartTime:          2025-09-11T06:33:19.5920762Z
Activity.Duration:           00:00:00.2972399
Activity.Tags:
    server.address: localhost
    http.request.method: POST
    url.scheme: http
    url.path: /api/auth/register
    network.protocol.version: 1.1
    http.route: api/Auth/register
    http.response.status_code: 200
Resource associated with Activity:
    deployment.environment: Testing
    service.name: Crud.Api
    service.version: 1.0.0
    service.instance.id: 10e2e254-224c-48e1-a2d2-8bbb5483cf26
    telemetry.sdk.name: opentelemetry
    telemetry.sdk.language: dotnet
    telemetry.sdk.version: 1.8.1
[06:33:20 INF] User registered successfully: bbc0d9ab-449c-4d78-83e5-469d2d70bb65 {"SourceContext": "App.Features.Authentication.RegisterUserCommandHandler", "ActionId": "d77cc660-c50a-4749-b49a-686b8cf03b18", "ActionName": "Api.Controllers.AuthController.Register (Api)", "RequestId": "0HNFGVK4NGCKL", "RequestPath": "/api/auth/register", "Application": "Crud.Api"}
Activity.TraceId:            4940b2c7014573122d6f3413e1171331
Activity.SpanId:             13b6283a60dcd26e
Activity.TraceFlags:         Recorded
Activity.ActivitySourceName: Microsoft.AspNetCore
Activity.DisplayName:        POST api/Auth/register
Activity.Kind:               Server
Activity.StartTime:          2025-09-11T06:33:19.8898833Z
Activity.Duration:           00:00:00.2963657
Activity.Tags:
    server.address: localhost
    http.request.method: POST
    url.scheme: http
    url.path: /api/auth/register
    network.protocol.version: 1.1
    http.route: api/Auth/register
    http.response.status_code: 200
Resource associated with Activity:
    deployment.environment: Testing
    service.name: Crud.Api
    service.version: 1.0.0
    service.instance.id: 10e2e254-224c-48e1-a2d2-8bbb5483cf26
    telemetry.sdk.name: opentelemetry
    telemetry.sdk.language: dotnet
    telemetry.sdk.version: 1.8.1
[06:33:20 INF] User logged in successfully: bbc0d9ab-449c-4d78-83e5-469d2d70bb65 {"SourceContext": "App.Features.Authentication.LoginCommandHandler", "ActionId": "ac76266a-b0ce-4db8-b40c-2673e322219c", "ActionName": "Api.Controllers.AuthController.Login (Api)", "RequestId": "0HNFGVK4NGCKM", "RequestPath": "/api/auth/login", "Application": "Crud.Api"}
Activity.TraceId:            806844054ffcaadeb551a88d4f67b73f
Activity.SpanId:             46cb1e93f0facfc8
Activity.TraceFlags:         Recorded
Activity.ActivitySourceName: Microsoft.AspNetCore
Activity.DisplayName:        POST api/Auth/login
Activity.Kind:               Server
Activity.StartTime:          2025-09-11T06:33:20.1873737Z
Activity.Duration:           00:00:00.2995482
Activity.Tags:
    server.address: localhost
    http.request.method: POST
    url.scheme: http
    url.path: /api/auth/login
    network.protocol.version: 1.1
    http.route: api/Auth/login
    http.response.status_code: 200
Resource associated with Activity:
    deployment.environment: Testing
    service.name: Crud.Api
    service.version: 1.0.0
    service.instance.id: 10e2e254-224c-48e1-a2d2-8bbb5483cf26
    telemetry.sdk.name: opentelemetry
    telemetry.sdk.language: dotnet
    telemetry.sdk.version: 1.8.1
[06:33:20 DBG] Cache hit for key: list:person {"SourceContext": "Infrastructure.Services.Caching.InMemoryCacheService", "ActionId": "e9ec7d52-6142-4819-ad56-fd7078fd1044", "ActionName": "Api.Controllers.PeopleController.List (Api)", "RequestId": "0HNFGVK4NGCKN", "RequestPath": "/api/people", "Application": "Crud.Api"}
Activity.TraceId:            f889d646bb5671ceeb8362d403a5bee6
Activity.SpanId:             f2d8d17d15ced175
Activity.TraceFlags:         Recorded
Activity.ActivitySourceName: Microsoft.AspNetCore
Activity.DisplayName:        GET api/People
Activity.Kind:               Server
Activity.StartTime:          2025-09-11T06:33:20.4872656Z
Activity.Duration:           00:00:00.0020733
Activity.Tags:
    server.address: localhost
    http.request.method: GET
    url.scheme: http
    url.path: /api/people
    network.protocol.version: 1.1
    http.route: api/People
    http.response.status_code: 200
Resource associated with Activity:
    deployment.environment: Testing
    service.name: Crud.Api
    service.version: 1.0.0
    service.instance.id: 10e2e254-224c-48e1-a2d2-8bbb5483cf26
    telemetry.sdk.name: opentelemetry
    telemetry.sdk.language: dotnet
    telemetry.sdk.version: 1.8.1
[06:33:20 DBG] Removed cache value for key: entity:person:57a7bb115d9b49e5aca2f4ee5044def4 {"SourceContext": "Infrastructure.Services.Caching.InMemoryCacheService", "ActionId": "5dcd8a7e-73d5-40b8-921f-b0deb91ac76c", "ActionName": "Api.Controllers.PeopleController.Delete (Api)", "RequestId": "0HNFGVK4NGCKO", "RequestPath": "/api/people/57a7bb11-5d9b-49e5-aca2-f4ee5044def4", "Application": "Crud.Api"}
[06:33:20 DBG] Removed cache value for key: list:person {"SourceContext": "Infrastructure.Services.Caching.InMemoryCacheService", "ActionId": "5dcd8a7e-73d5-40b8-921f-b0deb91ac76c", "ActionName": "Api.Controllers.PeopleController.Delete (Api)", "RequestId": "0HNFGVK4NGCKO", "RequestPath": "/api/people/57a7bb11-5d9b-49e5-aca2-f4ee5044def4", "Application": "Crud.Api"}
[06:33:20 DBG] Invalidating cache for entity: people/57a7bb11-5d9b-49e5-aca2-f4ee5044def4 with tags: people, people:57a7bb11-5d9b-49e5-aca2-f4ee5044def4 {"SourceContext": "Api.Services.OutputCacheInvalidationService", "ActionId": "5dcd8a7e-73d5-40b8-921f-b0deb91ac76c", "ActionName": "Api.Controllers.PeopleController.Delete (Api)", "RequestId": "0HNFGVK4NGCKO", "RequestPath": "/api/people/57a7bb11-5d9b-49e5-aca2-f4ee5044def4", "Application": "Crud.Api"}
[06:33:20 DBG] Successfully invalidated cache for tag: people {"SourceContext": "Api.Services.OutputCacheInvalidationService", "ActionId": "5dcd8a7e-73d5-40b8-921f-b0deb91ac76c", "ActionName": "Api.Controllers.PeopleController.Delete (Api)", "RequestId": "0HNFGVK4NGCKO", "RequestPath": "/api/people/57a7bb11-5d9b-49e5-aca2-f4ee5044def4", "Application": "Crud.Api"}
[06:33:20 DBG] Successfully invalidated cache for tag: people:57a7bb11-5d9b-49e5-aca2-f4ee5044def4 {"SourceContext": "Api.Services.OutputCacheInvalidationService", "ActionId": "5dcd8a7e-73d5-40b8-921f-b0deb91ac76c", "ActionName": "Api.Controllers.PeopleController.Delete (Api)", "RequestId": "0HNFGVK4NGCKO", "RequestPath": "/api/people/57a7bb11-5d9b-49e5-aca2-f4ee5044def4", "Application": "Crud.Api"}
Activity.TraceId:            5a4420ada501a7b0672ca04943c864a7
Activity.SpanId:             77aafdf395ee4a55
Activity.TraceFlags:         Recorded
Activity.ActivitySourceName: Microsoft.AspNetCore
Activity.DisplayName:        DELETE api/People/{id:guid}
Activity.Kind:               Server
Activity.StartTime:          2025-09-11T06:33:20.4894353Z
Activity.Duration:           00:00:00.0108452
Activity.Tags:
    server.address: localhost
    http.request.method: DELETE
    url.scheme: http
    url.path: /api/people/57a7bb11-5d9b-49e5-aca2-f4ee5044def4
    network.protocol.version: 1.1
    http.route: api/People/{id:guid}
    http.response.status_code: 204
Resource associated with Activity:
    deployment.environment: Testing
    service.name: Crud.Api
    service.version: 1.0.0
    service.instance.id: 10e2e254-224c-48e1-a2d2-8bbb5483cf26
    telemetry.sdk.name: opentelemetry
    telemetry.sdk.language: dotnet
    telemetry.sdk.version: 1.8.1
[06:33:20 DBG] Cache miss for key: list:person {"SourceContext": "Infrastructure.Services.Caching.InMemoryCacheService", "ActionId": "e9ec7d52-6142-4819-ad56-fd7078fd1044", "ActionName": "Api.Controllers.PeopleController.List (Api)", "RequestId": "0HNFGVK4NGCKP", "RequestPath": "/api/people", "Application": "Crud.Api"}
[06:33:20 DBG] Set cache value for key: list:person {"SourceContext": "Infrastructure.Services.Caching.InMemoryCacheService", "ActionId": "e9ec7d52-6142-4819-ad56-fd7078fd1044", "ActionName": "Api.Controllers.PeopleController.List (Api)", "RequestId": "0HNFGVK4NGCKP", "RequestPath": "/api/people", "Application": "Crud.Api"}
Activity.TraceId:            f4af312fc65b64409a8517d6722e0712
Activity.SpanId:             022ddc6ed80c1cbf
Activity.TraceFlags:         Recorded
Activity.ActivitySourceName: Microsoft.AspNetCore
Activity.DisplayName:        GET api/People
Activity.Kind:               Server
Activity.StartTime:          2025-09-11T06:33:20.5003360Z
Activity.Duration:           00:00:00.0010501
Activity.Tags:
    server.address: localhost
    http.request.method: GET
    url.scheme: http
    url.path: /api/people
    network.protocol.version: 1.1
    http.route: api/People
    http.response.status_code: 200
Resource associated with Activity:
    deployment.environment: Testing
    service.name: Crud.Api
    service.version: 1.0.0
    service.instance.id: 10e2e254-224c-48e1-a2d2-8bbb5483cf26
    telemetry.sdk.name: opentelemetry
    telemetry.sdk.language: dotnet
    telemetry.sdk.version: 1.8.1
[06:33:20 INF] Resetting database for worker 11685 {"SourceContext": "Infrastructure.Services.DatabaseTestService", "Application": "Crud.Api"}
[06:33:20 INF] Resetting database via file deletion for worker 11685 in CI environment {"SourceContext": "Infrastructure.Services.DatabaseTestService", "Application": "Crud.Api"}
[06:33:20 INF] Acquiring database mutex for worker 11685... {"SourceContext": "Infrastructure.Services.DatabaseTestService", "Application": "Crud.Api"}
[06:33:20 INF] Database mutex acquired for worker 11685 {"SourceContext": "Infrastructure.Services.DatabaseTestService", "Application": "Crud.Api"}
[06:33:20 INF] Current database state - CanConnect: True {"SourceContext": "Infrastructure.Services.DatabaseTestService", "Application": "Crud.Api"}
[06:33:20 INF] [Phase 0] Closing database connection for worker 11685... {"SourceContext": "Infrastructure.Services.DatabaseTestService", "Application": "Crud.Api"}
[06:33:20 INF] [Phase 0] Connection closed in 0.0006ms {"SourceContext": "Infrastructure.Services.DatabaseTestService", "Application": "Crud.Api"}
[06:33:20 INF] [Phase 1] Starting EnsureDeletedAsync for worker 11685... {"SourceContext": "Infrastructure.Services.DatabaseTestService", "Application": "Crud.Api"}
[06:33:20 INF] [Phase 1] EnsureDeletedAsync completed in 1.6736ms {"SourceContext": "Infrastructure.Services.DatabaseTestService", "Application": "Crud.Api"}
[06:33:20 INF] [Phase 2] Starting EnsureCreatedAsync for worker 11685... {"SourceContext": "Infrastructure.Services.DatabaseTestService", "Application": "Crud.Api"}
[06:33:20 INF] [Phase 2] EnsureCreatedAsync completed in 8.2742ms {"SourceContext": "Infrastructure.Services.DatabaseTestService", "Application": "Crud.Api"}
[06:33:20 INF] [Phase 3] Skipping database seeding as requested for worker 11685 {"SourceContext": "Infrastructure.Services.DatabaseTestService", "Application": "Crud.Api"}
[06:33:20 INF] Database reset via file deletion completed for worker 11685 in 110.3236ms (Close: 0.0006ms, Delete: 1.6736ms, Create: 8.2742ms) {"SourceContext": "Infrastructure.Services.DatabaseTestService", "Application": "Crud.Api"}
[06:33:20 INF] Releasing database mutex for worker 11685 {"SourceContext": "Infrastructure.Services.DatabaseTestService", "Application": "Crud.Api"}
[06:33:20 INF] Resetting database for worker 11685 {"SourceContext": "Infrastructure.Services.DatabaseTestService", "Application": "Crud.Api"}
[06:33:20 INF] Resetting database via file deletion for worker 11685 in CI environment {"SourceContext": "Infrastructure.Services.DatabaseTestService", "Application": "Crud.Api"}
[06:33:20 INF] Acquiring database mutex for worker 11685... {"SourceContext": "Infrastructure.Services.DatabaseTestService", "Application": "Crud.Api"}
[06:33:20 INF] Database mutex acquired for worker 11685 {"SourceContext": "Infrastructure.Services.DatabaseTestService", "Application": "Crud.Api"}
[06:33:20 INF] Current database state - CanConnect: True {"SourceContext": "Infrastructure.Services.DatabaseTestService", "Application": "Crud.Api"}
[06:33:20 INF] [Phase 0] Closing database connection for worker 11685... {"SourceContext": "Infrastructure.Services.DatabaseTestService", "Application": "Crud.Api"}
[06:33:20 INF] [Phase 0] Connection closed in 0.0008ms {"SourceContext": "Infrastructure.Services.DatabaseTestService", "Application": "Crud.Api"}
[06:33:20 INF] [Phase 1] Starting EnsureDeletedAsync for worker 11685... {"SourceContext": "Infrastructure.Services.DatabaseTestService", "Application": "Crud.Api"}
[06:33:20 INF] [Phase 1] EnsureDeletedAsync completed in 1.4455ms {"SourceContext": "Infrastructure.Services.DatabaseTestService", "Application": "Crud.Api"}
[06:33:20 INF] [Phase 2] Starting EnsureCreatedAsync for worker 11685... {"SourceContext": "Infrastructure.Services.DatabaseTestService", "Application": "Crud.Api"}
[06:33:20 INF] [Phase 2] EnsureCreatedAsync completed in 8.3517ms {"SourceContext": "Infrastructure.Services.DatabaseTestService", "Application": "Crud.Api"}
[06:33:20 INF] [Phase 3] Skipping database seeding as requested for worker 11685 {"SourceContext": "Infrastructure.Services.DatabaseTestService", "Application": "Crud.Api"}
[06:33:20 INF] Database reset via file deletion completed for worker 11685 in 110.4512ms (Close: 0.0008ms, Delete: 1.4455ms, Create: 8.3517ms) {"SourceContext": "Infrastructure.Services.DatabaseTestService", "Application": "Crud.Api"}
[06:33:20 INF] Releasing database mutex for worker 11685 {"SourceContext": "Infrastructure.Services.DatabaseTestService", "Application": "Crud.Api"}
[06:33:21 INF] User registered successfully: 78410293-4f8f-4a44-8a5d-ffec62572aec {"SourceContext": "App.Features.Authentication.RegisterUserCommandHandler", "ActionId": "d77cc660-c50a-4749-b49a-686b8cf03b18", "ActionName": "Api.Controllers.AuthController.Register (Api)", "RequestId": "0HNFGVK4NGCKQ", "RequestPath": "/api/auth/register", "Application": "Crud.Api"}
Activity.TraceId:            c68f79f3c80a417bee8e8e0e8f9c161b
Activity.SpanId:             1325edcca4a34b43
Activity.TraceFlags:         Recorded
Activity.ActivitySourceName: Microsoft.AspNetCore
Activity.DisplayName:        POST api/Auth/register
Activity.Kind:               Server
Activity.StartTime:          2025-09-11T06:33:20.7281883Z
Activity.Duration:           00:00:00.3226736
Activity.Tags:
    server.address: localhost
    http.request.method: POST
    url.scheme: http
    url.path: /api/auth/register
    network.protocol.version: 1.1
    http.route: api/Auth/register
    http.response.status_code: 200
Resource associated with Activity:
    deployment.environment: Testing
    service.name: Crud.Api
    service.version: 1.0.0
    service.instance.id: 10e2e254-224c-48e1-a2d2-8bbb5483cf26
    telemetry.sdk.name: opentelemetry
    telemetry.sdk.language: dotnet
    telemetry.sdk.version: 1.8.1
[06:33:21 INF] User registered successfully: 865ad2f6-0fe0-4d65-ab3f-43fb22d41b77 {"SourceContext": "App.Features.Authentication.RegisterUserCommandHandler", "ActionId": "d77cc660-c50a-4749-b49a-686b8cf03b18", "ActionName": "Api.Controllers.AuthController.Register (Api)", "RequestId": "0HNFGVK4NGCKR", "RequestPath": "/api/auth/register", "Application": "Crud.Api"}
Activity.TraceId:            c5ca68dba63b1f47748e14ef9b124eb1
Activity.SpanId:             78a85ff2a9311bf7
Activity.TraceFlags:         Recorded
Activity.ActivitySourceName: Microsoft.AspNetCore
Activity.DisplayName:        POST api/Auth/register
Activity.Kind:               Server
Activity.StartTime:          2025-09-11T06:33:21.0517960Z
Activity.Duration:           00:00:00.3008833
Activity.Tags:
    server.address: localhost
    http.request.method: POST
    url.scheme: http
    url.path: /api/auth/register
    network.protocol.version: 1.1
    http.route: api/Auth/register
    http.response.status_code: 200
Resource associated with Activity:
    deployment.environment: Testing
    service.name: Crud.Api
    service.version: 1.0.0
    service.instance.id: 10e2e254-224c-48e1-a2d2-8bbb5483cf26
    telemetry.sdk.name: opentelemetry
    telemetry.sdk.language: dotnet
    telemetry.sdk.version: 1.8.1
[06:33:21 INF] User logged in successfully: 865ad2f6-0fe0-4d65-ab3f-43fb22d41b77 {"SourceContext": "App.Features.Authentication.LoginCommandHandler", "ActionId": "ac76266a-b0ce-4db8-b40c-2673e322219c", "ActionName": "Api.Controllers.AuthController.Login (Api)", "RequestId": "0HNFGVK4NGCKS", "RequestPath": "/api/auth/login", "Application": "Crud.Api"}
Activity.TraceId:            6b16925ab5dc2f2cd6dbf378705f86b3
Activity.SpanId:             a31e9f47278da976
Activity.TraceFlags:         Recorded
Activity.ActivitySourceName: Microsoft.AspNetCore
Activity.DisplayName:        POST api/Auth/login
Activity.Kind:               Server
Activity.StartTime:          2025-09-11T06:33:21.3537462Z
Activity.Duration:           00:00:00.2963902
Activity.Tags:
    server.address: localhost
    http.request.method: POST
    url.scheme: http
    url.path: /api/auth/login
    network.protocol.version: 1.1
    http.route: api/Auth/login
    http.response.status_code: 200
Resource associated with Activity:
    deployment.environment: Testing
    service.name: Crud.Api
    service.version: 1.0.0
    service.instance.id: 10e2e254-224c-48e1-a2d2-8bbb5483cf26
    telemetry.sdk.name: opentelemetry
    telemetry.sdk.language: dotnet
    telemetry.sdk.version: 1.8.1
[06:33:21 DBG] Cache miss for key: entity:person:6e6216a001a24668bff38bc540ef6545 {"SourceContext": "Infrastructure.Services.Caching.InMemoryCacheService", "ActionId": "2e563c43-74ab-4301-bdf4-ea9395472996", "ActionName": "Api.Controllers.PeopleController.Get (Api)", "RequestId": "0HNFGVK4NGCKT", "RequestPath": "/api/people/6e6216a0-01a2-4668-bff3-8bc540ef6545", "Application": "Crud.Api"}
[06:33:21 DBG] Set cache value for key: entity:person:6e6216a001a24668bff38bc540ef6545 {"SourceContext": "Infrastructure.Services.Caching.InMemoryCacheService", "ActionId": "2e563c43-74ab-4301-bdf4-ea9395472996", "ActionName": "Api.Controllers.PeopleController.Get (Api)", "RequestId": "0HNFGVK4NGCKT", "RequestPath": "/api/people/6e6216a0-01a2-4668-bff3-8bc540ef6545", "Application": "Crud.Api"}
Activity.TraceId:            17ae9b96a7dfee7ad430d7793018da75
Activity.SpanId:             31c9158d39fc8702
Activity.TraceFlags:         Recorded
Activity.ActivitySourceName: Microsoft.AspNetCore
Activity.DisplayName:        GET api/People/{id:guid}
Activity.Kind:               Server
Activity.StartTime:          2025-09-11T06:33:21.6505798Z
Activity.Duration:           00:00:00.0179453
Activity.Tags:
    server.address: localhost
    http.request.method: GET
    url.scheme: http
    url.path: /api/people/6e6216a0-01a2-4668-bff3-8bc540ef6545
    network.protocol.version: 1.1
    http.route: api/People/{id:guid}
    http.response.status_code: 200
Resource associated with Activity:
    deployment.environment: Testing
    service.name: Crud.Api
    service.version: 1.0.0
    service.instance.id: 10e2e254-224c-48e1-a2d2-8bbb5483cf26
    telemetry.sdk.name: opentelemetry
    telemetry.sdk.language: dotnet
    telemetry.sdk.version: 1.8.1
[06:33:21 DBG] Cache hit for key: list:person {"SourceContext": "Infrastructure.Services.Caching.InMemoryCacheService", "ActionId": "e9ec7d52-6142-4819-ad56-fd7078fd1044", "ActionName": "Api.Controllers.PeopleController.List (Api)", "RequestId": "0HNFGVK4NGCKU", "RequestPath": "/api/people", "Application": "Crud.Api"}
Activity.TraceId:            0adf2d0a0133703fb98b31f0084d8ff9
Activity.SpanId:             13a7e37de5128be9
Activity.TraceFlags:         Recorded
Activity.ActivitySourceName: Microsoft.AspNetCore
Activity.DisplayName:        GET api/People
Activity.Kind:               Server
Activity.StartTime:          2025-09-11T06:33:21.6686055Z
Activity.Duration:           00:00:00.0008278
Activity.Tags:
    server.address: localhost
    http.request.method: GET
    url.scheme: http
    url.path: /api/people
    network.protocol.version: 1.1
    http.route: api/People
    http.response.status_code: 200
Resource associated with Activity:
    deployment.environment: Testing
    service.name: Crud.Api
    service.version: 1.0.0
    service.instance.id: 10e2e254-224c-48e1-a2d2-8bbb5483cf26
    telemetry.sdk.name: opentelemetry
    telemetry.sdk.language: dotnet
    telemetry.sdk.version: 1.8.1
[06:33:21 DBG] Cache hit for key: entity:person:6e6216a001a24668bff38bc540ef6545 {"SourceContext": "Infrastructure.Services.Caching.InMemoryCacheService", "ActionId": "6252bad2-4484-4c7e-988d-f079835cac32", "ActionName": "Api.Controllers.PeopleController.Update (Api)", "RequestId": "0HNFGVK4NGCKV", "RequestPath": "/api/people/6e6216a0-01a2-4668-bff3-8bc540ef6545", "Application": "Crud.Api"}
[06:33:21 DBG] Removed cache value for key: entity:person:6e6216a001a24668bff38bc540ef6545 {"SourceContext": "Infrastructure.Services.Caching.InMemoryCacheService", "ActionId": "6252bad2-4484-4c7e-988d-f079835cac32", "ActionName": "Api.Controllers.PeopleController.Update (Api)", "RequestId": "0HNFGVK4NGCKV", "RequestPath": "/api/people/6e6216a0-01a2-4668-bff3-8bc540ef6545", "Application": "Crud.Api"}
[06:33:21 DBG] Removed cache value for key: list:person {"SourceContext": "Infrastructure.Services.Caching.InMemoryCacheService", "ActionId": "6252bad2-4484-4c7e-988d-f079835cac32", "ActionName": "Api.Controllers.PeopleController.Update (Api)", "RequestId": "0HNFGVK4NGCKV", "RequestPath": "/api/people/6e6216a0-01a2-4668-bff3-8bc540ef6545", "Application": "Crud.Api"}
[06:33:21 DBG] Invalidating cache for entity: people/6e6216a0-01a2-4668-bff3-8bc540ef6545 with tags: people, people:6e6216a0-01a2-4668-bff3-8bc540ef6545 {"SourceContext": "Api.Services.OutputCacheInvalidationService", "ActionId": "6252bad2-4484-4c7e-988d-f079835cac32", "ActionName": "Api.Controllers.PeopleController.Update (Api)", "RequestId": "0HNFGVK4NGCKV", "RequestPath": "/api/people/6e6216a0-01a2-4668-bff3-8bc540ef6545", "Application": "Crud.Api"}
[06:33:21 DBG] Successfully invalidated cache for tag: people {"SourceContext": "Api.Services.OutputCacheInvalidationService", "ActionId": "6252bad2-4484-4c7e-988d-f079835cac32", "ActionName": "Api.Controllers.PeopleController.Update (Api)", "RequestId": "0HNFGVK4NGCKV", "RequestPath": "/api/people/6e6216a0-01a2-4668-bff3-8bc540ef6545", "Application": "Crud.Api"}
[06:33:21 DBG] Successfully invalidated cache for tag: people:6e6216a0-01a2-4668-bff3-8bc540ef6545 {"SourceContext": "Api.Services.OutputCacheInvalidationService", "ActionId": "6252bad2-4484-4c7e-988d-f079835cac32", "ActionName": "Api.Controllers.PeopleController.Update (Api)", "RequestId": "0HNFGVK4NGCKV", "RequestPath": "/api/people/6e6216a0-01a2-4668-bff3-8bc540ef6545", "Application": "Crud.Api"}
Activity.TraceId:            5466c83dd8e5d11f29951585cb14ff17
Activity.SpanId:             573d5710aa5f3cdb
Activity.TraceFlags:         Recorded
Activity.ActivitySourceName: Microsoft.AspNetCore
Activity.DisplayName:        PUT api/People/{id:guid}
Activity.Kind:               Server
Activity.StartTime:          2025-09-11T06:33:21.6704060Z
Activity.Duration:           00:00:00.0099429
Activity.Tags:
    server.address: localhost
    http.request.method: PUT
    url.scheme: http
    url.path: /api/people/6e6216a0-01a2-4668-bff3-8bc540ef6545
    network.protocol.version: 1.1
    http.route: api/People/{id:guid}
    http.response.status_code: 204
Resource associated with Activity:
    deployment.environment: Testing
    service.name: Crud.Api
    service.version: 1.0.0
    service.instance.id: 10e2e254-224c-48e1-a2d2-8bbb5483cf26
    telemetry.sdk.name: opentelemetry
    telemetry.sdk.language: dotnet
    telemetry.sdk.version: 1.8.1
[06:33:21 DBG] Cache miss for key: entity:person:6e6216a001a24668bff38bc540ef6545 {"SourceContext": "Infrastructure.Services.Caching.InMemoryCacheService", "ActionId": "2e563c43-74ab-4301-bdf4-ea9395472996", "ActionName": "Api.Controllers.PeopleController.Get (Api)", "RequestId": "0HNFGVK4NGCL0", "RequestPath": "/api/people/6e6216a0-01a2-4668-bff3-8bc540ef6545", "Application": "Crud.Api"}
[06:33:21 DBG] Set cache value for key: entity:person:6e6216a001a24668bff38bc540ef6545 {"SourceContext": "Infrastructure.Services.Caching.InMemoryCacheService", "ActionId": "2e563c43-74ab-4301-bdf4-ea9395472996", "ActionName": "Api.Controllers.PeopleController.Get (Api)", "RequestId": "0HNFGVK4NGCL0", "RequestPath": "/api/people/6e6216a0-01a2-4668-bff3-8bc540ef6545", "Application": "Crud.Api"}
Activity.TraceId:            98d93c108745556b6502ecd90ea28862
Activity.SpanId:             f0c5cccfceeda732
Activity.TraceFlags:         Recorded
Activity.ActivitySourceName: Microsoft.AspNetCore
Activity.DisplayName:        GET api/People/{id:guid}
Activity.Kind:               Server
Activity.StartTime:          2025-09-11T06:33:21.6805050Z
Activity.Duration:           00:00:00.0022924
Activity.Tags:
    server.address: localhost
    http.request.method: GET
    url.scheme: http
    url.path: /api/people/6e6216a0-01a2-4668-bff3-8bc540ef6545
    network.protocol.version: 1.1
    http.route: api/People/{id:guid}
    http.response.status_code: 200
Resource associated with Activity:
    deployment.environment: Testing
    service.name: Crud.Api
    service.version: 1.0.0
    service.instance.id: 10e2e254-224c-48e1-a2d2-8bbb5483cf26
    telemetry.sdk.name: opentelemetry
    telemetry.sdk.language: dotnet
    telemetry.sdk.version: 1.8.1
[06:33:21 DBG] Cache miss for key: list:person {"SourceContext": "Infrastructure.Services.Caching.InMemoryCacheService", "ActionId": "e9ec7d52-6142-4819-ad56-fd7078fd1044", "ActionName": "Api.Controllers.PeopleController.List (Api)", "RequestId": "0HNFGVK4NGCL1", "RequestPath": "/api/people", "Application": "Crud.Api"}
[06:33:21 DBG] Set cache value for key: list:person {"SourceContext": "Infrastructure.Services.Caching.InMemoryCacheService", "ActionId": "e9ec7d52-6142-4819-ad56-fd7078fd1044", "ActionName": "Api.Controllers.PeopleController.List (Api)", "RequestId": "0HNFGVK4NGCL1", "RequestPath": "/api/people", "Application": "Crud.Api"}
Activity.TraceId:            4dc6563a2da8d04c736be4f61175d273
Activity.SpanId:             73010e2ae84b09e2
Activity.TraceFlags:         Recorded
Activity.ActivitySourceName: Microsoft.AspNetCore
Activity.DisplayName:        GET api/People
Activity.Kind:               Server
Activity.StartTime:          2025-09-11T06:33:21.6829295Z
Activity.Duration:           00:00:00.0010052
Activity.Tags:
    server.address: localhost
    http.request.method: GET
    url.scheme: http
    url.path: /api/people
    network.protocol.version: 1.1
    http.route: api/People
    http.response.status_code: 200
Resource associated with Activity:
    deployment.environment: Testing
    service.name: Crud.Api
    service.version: 1.0.0
    service.instance.id: 10e2e254-224c-48e1-a2d2-8bbb5483cf26
    telemetry.sdk.name: opentelemetry
    telemetry.sdk.language: dotnet
    telemetry.sdk.version: 1.8.1
[06:33:21 INF] Resetting database for worker 11685 {"SourceContext": "Infrastructure.Services.DatabaseTestService", "Application": "Crud.Api"}
[06:33:21 INF] Resetting database via file deletion for worker 11685 in CI environment {"SourceContext": "Infrastructure.Services.DatabaseTestService", "Application": "Crud.Api"}
[06:33:21 INF] Acquiring database mutex for worker 11685... {"SourceContext": "Infrastructure.Services.DatabaseTestService", "Application": "Crud.Api"}
[06:33:21 INF] Database mutex acquired for worker 11685 {"SourceContext": "Infrastructure.Services.DatabaseTestService", "Application": "Crud.Api"}
[06:33:21 INF] Current database state - CanConnect: True {"SourceContext": "Infrastructure.Services.DatabaseTestService", "Application": "Crud.Api"}
[06:33:21 INF] [Phase 0] Closing database connection for worker 11685... {"SourceContext": "Infrastructure.Services.DatabaseTestService", "Application": "Crud.Api"}
[06:33:21 INF] [Phase 0] Connection closed in 0.0006ms {"SourceContext": "Infrastructure.Services.DatabaseTestService", "Application": "Crud.Api"}
[06:33:21 INF] [Phase 1] Starting EnsureDeletedAsync for worker 11685... {"SourceContext": "Infrastructure.Services.DatabaseTestService", "Application": "Crud.Api"}
[06:33:21 INF] [Phase 1] EnsureDeletedAsync completed in 1.6643ms {"SourceContext": "Infrastructure.Services.DatabaseTestService", "Application": "Crud.Api"}
[06:33:21 INF] [Phase 2] Starting EnsureCreatedAsync for worker 11685... {"SourceContext": "Infrastructure.Services.DatabaseTestService", "Application": "Crud.Api"}
[06:33:21 INF] [Phase 2] EnsureCreatedAsync completed in 8.2632ms {"SourceContext": "Infrastructure.Services.DatabaseTestService", "Application": "Crud.Api"}
[06:33:21 INF] [Phase 3] Skipping database seeding as requested for worker 11685 {"SourceContext": "Infrastructure.Services.DatabaseTestService", "Application": "Crud.Api"}
[06:33:21 INF] Database reset via file deletion completed for worker 11685 in 109.6159ms (Close: 0.0006ms, Delete: 1.6643ms, Create: 8.2632ms) {"SourceContext": "Infrastructure.Services.DatabaseTestService", "Application": "Crud.Api"}
[06:33:21 INF] Releasing database mutex for worker 11685 {"SourceContext": "Infrastructure.Services.DatabaseTestService", "Application": "Crud.Api"}
[06:33:21 INF] Resetting database for worker 11685 {"SourceContext": "Infrastructure.Services.DatabaseTestService", "Application": "Crud.Api"}
[06:33:21 INF] Resetting database via file deletion for worker 11685 in CI environment {"SourceContext": "Infrastructure.Services.DatabaseTestService", "Application": "Crud.Api"}
[06:33:21 INF] Acquiring database mutex for worker 11685... {"SourceContext": "Infrastructure.Services.DatabaseTestService", "Application": "Crud.Api"}
[06:33:21 INF] Database mutex acquired for worker 11685 {"SourceContext": "Infrastructure.Services.DatabaseTestService", "Application": "Crud.Api"}
[06:33:21 INF] Current database state - CanConnect: True {"SourceContext": "Infrastructure.Services.DatabaseTestService", "Application": "Crud.Api"}
[06:33:21 INF] [Phase 0] Closing database connection for worker 11685... {"SourceContext": "Infrastructure.Services.DatabaseTestService", "Application": "Crud.Api"}
[06:33:21 INF] [Phase 0] Connection closed in 0.0008ms {"SourceContext": "Infrastructure.Services.DatabaseTestService", "Application": "Crud.Api"}
[06:33:21 INF] [Phase 1] Starting EnsureDeletedAsync for worker 11685... {"SourceContext": "Infrastructure.Services.DatabaseTestService", "Application": "Crud.Api"}
[06:33:21 INF] [Phase 1] EnsureDeletedAsync completed in 1.6438ms {"SourceContext": "Infrastructure.Services.DatabaseTestService", "Application": "Crud.Api"}
[06:33:21 INF] [Phase 2] Starting EnsureCreatedAsync for worker 11685... {"SourceContext": "Infrastructure.Services.DatabaseTestService", "Application": "Crud.Api"}
[06:33:21 INF] [Phase 2] EnsureCreatedAsync completed in 12.4339ms {"SourceContext": "Infrastructure.Services.DatabaseTestService", "Application": "Crud.Api"}
[06:33:21 INF] [Phase 3] Skipping database seeding as requested for worker 11685 {"SourceContext": "Infrastructure.Services.DatabaseTestService", "Application": "Crud.Api"}
[06:33:21 INF] Database reset via file deletion completed for worker 11685 in 114.5174ms (Close: 0.0008ms, Delete: 1.6438ms, Create: 12.4339ms) {"SourceContext": "Infrastructure.Services.DatabaseTestService", "Application": "Crud.Api"}
[06:33:21 INF] Releasing database mutex for worker 11685 {"SourceContext": "Infrastructure.Services.DatabaseTestService", "Application": "Crud.Api"}
[06:33:22 INF] User registered successfully: e946762f-f55a-4d14-8d9a-db62a14fd473 {"SourceContext": "App.Features.Authentication.RegisterUserCommandHandler", "ActionId": "d77cc660-c50a-4749-b49a-686b8cf03b18", "ActionName": "Api.Controllers.AuthController.Register (Api)", "RequestId": "0HNFGVK4NGCL2", "RequestPath": "/api/auth/register", "Application": "Crud.Api"}
Activity.TraceId:            99fc6bb6fdad76b1fc9fa5893ab0d291
Activity.SpanId:             3715beb869d7d514
Activity.TraceFlags:         Recorded
Activity.ActivitySourceName: Microsoft.AspNetCore
Activity.DisplayName:        POST api/Auth/register
Activity.Kind:               Server
Activity.StartTime:          2025-09-11T06:33:21.9376862Z
Activity.Duration:           00:00:00.2963232
Activity.Tags:
    server.address: localhost
    http.request.method: POST
    url.scheme: http
    url.path: /api/auth/register
    network.protocol.version: 1.1
    http.route: api/Auth/register
    http.response.status_code: 200
Resource associated with Activity:
    deployment.environment: Testing
    service.name: Crud.Api
    service.version: 1.0.0
    service.instance.id: 10e2e254-224c-48e1-a2d2-8bbb5483cf26
    telemetry.sdk.name: opentelemetry
    telemetry.sdk.language: dotnet
    telemetry.sdk.version: 1.8.1
[06:33:22 INF] User registered successfully: 283a36cc-e249-43a1-9b15-2997f0b016f9 {"SourceContext": "App.Features.Authentication.RegisterUserCommandHandler", "ActionId": "d77cc660-c50a-4749-b49a-686b8cf03b18", "ActionName": "Api.Controllers.AuthController.Register (Api)", "RequestId": "0HNFGVK4NGCL3", "RequestPath": "/api/auth/register", "Application": "Crud.Api"}
Activity.TraceId:            f458e6d2abcc3fdbb6eecaa6372c8db3
Activity.SpanId:             a09c20c25991c1e0
Activity.TraceFlags:         Recorded
Activity.ActivitySourceName: Microsoft.AspNetCore
Activity.DisplayName:        POST api/Auth/register
Activity.Kind:               Server
Activity.StartTime:          2025-09-11T06:33:22.2347453Z
Activity.Duration:           00:00:00.2960718
Activity.Tags:
    server.address: localhost
    http.request.method: POST
    url.scheme: http
    url.path: /api/auth/register
    network.protocol.version: 1.1
    http.route: api/Auth/register
    http.response.status_code: 200
Resource associated with Activity:
    deployment.environment: Testing
    service.name: Crud.Api
    service.version: 1.0.0
    service.instance.id: 10e2e254-224c-48e1-a2d2-8bbb5483cf26
    telemetry.sdk.name: opentelemetry
    telemetry.sdk.language: dotnet
    telemetry.sdk.version: 1.8.1
[06:33:22 INF] User logged in successfully: 283a36cc-e249-43a1-9b15-2997f0b016f9 {"SourceContext": "App.Features.Authentication.LoginCommandHandler", "ActionId": "ac76266a-b0ce-4db8-b40c-2673e322219c", "ActionName": "Api.Controllers.AuthController.Login (Api)", "RequestId": "0HNFGVK4NGCL4", "RequestPath": "/api/auth/login", "Application": "Crud.Api"}
Activity.TraceId:            0e404ce54d218b00e93b9fb81a320c48
Activity.SpanId:             27f1867e856679b5
Activity.TraceFlags:         Recorded
Activity.ActivitySourceName: Microsoft.AspNetCore
Activity.DisplayName:        POST api/Auth/login
Activity.Kind:               Server
Activity.StartTime:          2025-09-11T06:33:22.5320703Z
Activity.Duration:           00:00:00.2960618
Activity.Tags:
    server.address: localhost
    http.request.method: POST
    url.scheme: http
    url.path: /api/auth/login
    network.protocol.version: 1.1
    http.route: api/Auth/login
    http.response.status_code: 200
Resource associated with Activity:
    deployment.environment: Testing
    service.name: Crud.Api
    service.version: 1.0.0
    service.instance.id: 10e2e254-224c-48e1-a2d2-8bbb5483cf26
    telemetry.sdk.name: opentelemetry
    telemetry.sdk.language: dotnet
    telemetry.sdk.version: 1.8.1
[06:33:22 DBG] Cache miss for key: list:wall {"SourceContext": "Infrastructure.Services.Caching.InMemoryCacheService", "ActionId": "cc06b0bd-237e-42fe-ac55-ebd4225c3013", "ActionName": "Api.Controllers.WallsController.List (Api)", "RequestId": "0HNFGVK4NGCL5", "RequestPath": "/api/walls", "Application": "Crud.Api"}
[06:33:22 DBG] Set cache value for key: list:wall {"SourceContext": "Infrastructure.Services.Caching.InMemoryCacheService", "ActionId": "cc06b0bd-237e-42fe-ac55-ebd4225c3013", "ActionName": "Api.Controllers.WallsController.List (Api)", "RequestId": "0HNFGVK4NGCL5", "RequestPath": "/api/walls", "Application": "Crud.Api"}
Activity.TraceId:            fa0c725a4a3e8dabbe3e83da511585a0
Activity.SpanId:             68d49df92953d705
Activity.TraceFlags:         Recorded
Activity.ActivitySourceName: Microsoft.AspNetCore
Activity.DisplayName:        GET api/Walls
Activity.Kind:               Server
Activity.StartTime:          2025-09-11T06:33:22.8284593Z
Activity.Duration:           00:00:00.0162463
Activity.Tags:
    server.address: localhost
    http.request.method: GET
    url.scheme: http
    url.path: /api/walls
    network.protocol.version: 1.1
    http.route: api/Walls
    http.response.status_code: 200
Resource associated with Activity:
    deployment.environment: Testing
    service.name: Crud.Api
    service.version: 1.0.0
    service.instance.id: 10e2e254-224c-48e1-a2d2-8bbb5483cf26
    telemetry.sdk.name: opentelemetry
    telemetry.sdk.language: dotnet
    telemetry.sdk.version: 1.8.1
[06:33:22 DBG] Removed cache value for key: entity:wall:8226c205bd4346edb48669bf6c5997dc {"SourceContext": "Infrastructure.Services.Caching.InMemoryCacheService", "ActionId": "d120f8d7-86f8-444a-aa99-4d96eda1011b", "ActionName": "Api.Controllers.WallsController.Create (Api)", "RequestId": "0HNFGVK4NGCL6", "RequestPath": "/api/walls", "Application": "Crud.Api"}
[06:33:22 DBG] Removed cache value for key: list:wall {"SourceContext": "Infrastructure.Services.Caching.InMemoryCacheService", "ActionId": "d120f8d7-86f8-444a-aa99-4d96eda1011b", "ActionName": "Api.Controllers.WallsController.Create (Api)", "RequestId": "0HNFGVK4NGCL6", "RequestPath": "/api/walls", "Application": "Crud.Api"}
[06:33:22 DBG] Invalidating cache for entity type: walls with tag: walls {"SourceContext": "Api.Services.OutputCacheInvalidationService", "ActionId": "d120f8d7-86f8-444a-aa99-4d96eda1011b", "ActionName": "Api.Controllers.WallsController.Create (Api)", "RequestId": "0HNFGVK4NGCL6", "RequestPath": "/api/walls", "Application": "Crud.Api"}
[06:33:22 INF] Successfully invalidated cache for entity type: walls {"SourceContext": "Api.Services.OutputCacheInvalidationService", "ActionId": "d120f8d7-86f8-444a-aa99-4d96eda1011b", "ActionName": "Api.Controllers.WallsController.Create (Api)", "RequestId": "0HNFGVK4NGCL6", "RequestPath": "/api/walls", "Application": "Crud.Api"}
Activity.TraceId:            9d4571d8eb3d03805b5bf259daf156b4
Activity.SpanId:             e186e28c1e40b5c1
Activity.TraceFlags:         Recorded
Activity.ActivitySourceName: Microsoft.AspNetCore
Activity.DisplayName:        POST api/Walls
Activity.Kind:               Server
Activity.StartTime:          2025-09-11T06:33:22.8465737Z
Activity.Duration:           00:00:00.0177000
Activity.Tags:
    server.address: localhost
    http.request.method: POST
    url.scheme: http
    url.path: /api/walls
    network.protocol.version: 1.1
    http.route: api/Walls
    http.response.status_code: 201
Resource associated with Activity:
    deployment.environment: Testing
    service.name: Crud.Api
    service.version: 1.0.0
    service.instance.id: 10e2e254-224c-48e1-a2d2-8bbb5483cf26
    telemetry.sdk.name: opentelemetry
    telemetry.sdk.language: dotnet
    telemetry.sdk.version: 1.8.1
[06:33:22 DBG] Cache miss for key: list:wall {"SourceContext": "Infrastructure.Services.Caching.InMemoryCacheService", "ActionId": "cc06b0bd-237e-42fe-ac55-ebd4225c3013", "ActionName": "Api.Controllers.WallsController.List (Api)", "RequestId": "0HNFGVK4NGCL7", "RequestPath": "/api/walls", "Application": "Crud.Api"}
[06:33:22 DBG] Set cache value for key: list:wall {"SourceContext": "Infrastructure.Services.Caching.InMemoryCacheService", "ActionId": "cc06b0bd-237e-42fe-ac55-ebd4225c3013", "ActionName": "Api.Controllers.WallsController.List (Api)", "RequestId": "0HNFGVK4NGCL7", "RequestPath": "/api/walls", "Application": "Crud.Api"}
Activity.TraceId:            aa50af42c4861e396a2d9cf6ffc116f4
Activity.SpanId:             7676115f8280a2ff
Activity.TraceFlags:         Recorded
Activity.ActivitySourceName: Microsoft.AspNetCore
Activity.DisplayName:        GET api/Walls
Activity.Kind:               Server
Activity.StartTime:          2025-09-11T06:33:22.8643142Z
Activity.Duration:           00:00:00.0024501
Activity.Tags:
    server.address: localhost
    http.request.method: GET
    url.scheme: http
    url.path: /api/walls
    network.protocol.version: 1.1
    http.route: api/Walls
    http.response.status_code: 200
Resource associated with Activity:
    deployment.environment: Testing
    service.name: Crud.Api
    service.version: 1.0.0
    service.instance.id: 10e2e254-224c-48e1-a2d2-8bbb5483cf26
    telemetry.sdk.name: opentelemetry
    telemetry.sdk.language: dotnet
    telemetry.sdk.version: 1.8.1
[06:33:22 INF] Resetting database for worker 11685 {"SourceContext": "Infrastructure.Services.DatabaseTestService", "Application": "Crud.Api"}
[06:33:22 INF] Resetting database via file deletion for worker 11685 in CI environment {"SourceContext": "Infrastructure.Services.DatabaseTestService", "Application": "Crud.Api"}
[06:33:22 INF] Acquiring database mutex for worker 11685... {"SourceContext": "Infrastructure.Services.DatabaseTestService", "Application": "Crud.Api"}
[06:33:22 INF] Database mutex acquired for worker 11685 {"SourceContext": "Infrastructure.Services.DatabaseTestService", "Application": "Crud.Api"}
[06:33:22 INF] Current database state - CanConnect: True {"SourceContext": "Infrastructure.Services.DatabaseTestService", "Application": "Crud.Api"}
[06:33:22 INF] [Phase 0] Closing database connection for worker 11685... {"SourceContext": "Infrastructure.Services.DatabaseTestService", "Application": "Crud.Api"}
[06:33:22 INF] [Phase 0] Connection closed in 0.0006ms {"SourceContext": "Infrastructure.Services.DatabaseTestService", "Application": "Crud.Api"}
[06:33:22 INF] [Phase 1] Starting EnsureDeletedAsync for worker 11685... {"SourceContext": "Infrastructure.Services.DatabaseTestService", "Application": "Crud.Api"}
[06:33:22 INF] [Phase 1] EnsureDeletedAsync completed in 1.4856ms {"SourceContext": "Infrastructure.Services.DatabaseTestService", "Application": "Crud.Api"}
[06:33:22 INF] [Phase 2] Starting EnsureCreatedAsync for worker 11685... {"SourceContext": "Infrastructure.Services.DatabaseTestService", "Application": "Crud.Api"}
[06:33:22 INF] [Phase 2] EnsureCreatedAsync completed in 8.2035ms {"SourceContext": "Infrastructure.Services.DatabaseTestService", "Application": "Crud.Api"}
[06:33:22 INF] [Phase 3] Skipping database seeding as requested for worker 11685 {"SourceContext": "Infrastructure.Services.DatabaseTestService", "Application": "Crud.Api"}
[06:33:22 INF] Database reset via file deletion completed for worker 11685 in 110.5892ms (Close: 0.0006ms, Delete: 1.4856ms, Create: 8.2035ms) {"SourceContext": "Infrastructure.Services.DatabaseTestService", "Application": "Crud.Api"}
[06:33:22 INF] Releasing database mutex for worker 11685 {"SourceContext": "Infrastructure.Services.DatabaseTestService", "Application": "Crud.Api"}
[06:33:22 INF] Resetting database for worker 11685 {"SourceContext": "Infrastructure.Services.DatabaseTestService", "Application": "Crud.Api"}
[06:33:22 INF] Resetting database via file deletion for worker 11685 in CI environment {"SourceContext": "Infrastructure.Services.DatabaseTestService", "Application": "Crud.Api"}
[06:33:22 INF] Acquiring database mutex for worker 11685... {"SourceContext": "Infrastructure.Services.DatabaseTestService", "Application": "Crud.Api"}
[06:33:22 INF] Database mutex acquired for worker 11685 {"SourceContext": "Infrastructure.Services.DatabaseTestService", "Application": "Crud.Api"}
[06:33:22 INF] Current database state - CanConnect: True {"SourceContext": "Infrastructure.Services.DatabaseTestService", "Application": "Crud.Api"}
[06:33:22 INF] [Phase 0] Closing database connection for worker 11685... {"SourceContext": "Infrastructure.Services.DatabaseTestService", "Application": "Crud.Api"}
[06:33:22 INF] [Phase 0] Connection closed in 0.0006ms {"SourceContext": "Infrastructure.Services.DatabaseTestService", "Application": "Crud.Api"}
[06:33:22 INF] [Phase 1] Starting EnsureDeletedAsync for worker 11685... {"SourceContext": "Infrastructure.Services.DatabaseTestService", "Application": "Crud.Api"}
[06:33:22 INF] [Phase 1] EnsureDeletedAsync completed in 1.3902ms {"SourceContext": "Infrastructure.Services.DatabaseTestService", "Application": "Crud.Api"}
[06:33:23 INF] [Phase 2] Starting EnsureCreatedAsync for worker 11685... {"SourceContext": "Infrastructure.Services.DatabaseTestService", "Application": "Crud.Api"}
[06:33:23 INF] [Phase 2] EnsureCreatedAsync completed in 7.8855ms {"SourceContext": "Infrastructure.Services.DatabaseTestService", "Application": "Crud.Api"}
[06:33:23 INF] [Phase 3] Skipping database seeding as requested for worker 11685 {"SourceContext": "Infrastructure.Services.DatabaseTestService", "Application": "Crud.Api"}
[06:33:23 INF] Database reset via file deletion completed for worker 11685 in 109.494ms (Close: 0.0006ms, Delete: 1.3902ms, Create: 7.8855ms) {"SourceContext": "Infrastructure.Services.DatabaseTestService", "Application": "Crud.Api"}
[06:33:23 INF] Releasing database mutex for worker 11685 {"SourceContext": "Infrastructure.Services.DatabaseTestService", "Application": "Crud.Api"}
[06:33:23 INF] User registered successfully: 4b698c1a-3ba9-435d-8d9a-1d21c24a0ac6 {"SourceContext": "App.Features.Authentication.RegisterUserCommandHandler", "ActionId": "d77cc660-c50a-4749-b49a-686b8cf03b18", "ActionName": "Api.Controllers.AuthController.Register (Api)", "RequestId": "0HNFGVK4NGCL8", "RequestPath": "/api/auth/register", "Application": "Crud.Api"}
Activity.TraceId:            08d2c9072df0e00a6888690193e33757
Activity.SpanId:             66c9e78e33a82adc
Activity.TraceFlags:         Recorded
Activity.ActivitySourceName: Microsoft.AspNetCore
Activity.DisplayName:        POST api/Auth/register
Activity.Kind:               Server
Activity.StartTime:          2025-09-11T06:33:23.0926861Z
Activity.Duration:           00:00:00.2961844
Activity.Tags:
    server.address: localhost
    http.request.method: POST
    url.scheme: http
    url.path: /api/auth/register
    network.protocol.version: 1.1
    http.route: api/Auth/register
    http.response.status_code: 200
Resource associated with Activity:
    deployment.environment: Testing
    service.name: Crud.Api
    service.version: 1.0.0
    service.instance.id: 10e2e254-224c-48e1-a2d2-8bbb5483cf26
    telemetry.sdk.name: opentelemetry
    telemetry.sdk.language: dotnet
    telemetry.sdk.version: 1.8.1
[06:33:23 INF] User registered successfully: 3a52cbd5-23bb-40c5-9364-f5351d79cf2f {"SourceContext": "App.Features.Authentication.RegisterUserCommandHandler", "ActionId": "d77cc660-c50a-4749-b49a-686b8cf03b18", "ActionName": "Api.Controllers.AuthController.Register (Api)", "RequestId": "0HNFGVK4NGCL9", "RequestPath": "/api/auth/register", "Application": "Crud.Api"}
Activity.TraceId:            9d25c87de9456edbcb630a406d28633e
Activity.SpanId:             b16c546b2b71c082
Activity.TraceFlags:         Recorded
Activity.ActivitySourceName: Microsoft.AspNetCore
Activity.DisplayName:        POST api/Auth/register
Activity.Kind:               Server
Activity.StartTime:          2025-09-11T06:33:23.3895750Z
Activity.Duration:           00:00:00.2963561
Activity.Tags:
    server.address: localhost
    http.request.method: POST
    url.scheme: http
    url.path: /api/auth/register
    network.protocol.version: 1.1
    http.route: api/Auth/register
    http.response.status_code: 200
Resource associated with Activity:
    deployment.environment: Testing
    service.name: Crud.Api
    service.version: 1.0.0
    service.instance.id: 10e2e254-224c-48e1-a2d2-8bbb5483cf26
    telemetry.sdk.name: opentelemetry
    telemetry.sdk.language: dotnet
    telemetry.sdk.version: 1.8.1
[06:33:23 INF] User logged in successfully: 3a52cbd5-23bb-40c5-9364-f5351d79cf2f {"SourceContext": "App.Features.Authentication.LoginCommandHandler", "ActionId": "ac76266a-b0ce-4db8-b40c-2673e322219c", "ActionName": "Api.Controllers.AuthController.Login (Api)", "RequestId": "0HNFGVK4NGCLA", "RequestPath": "/api/auth/login", "Application": "Crud.Api"}
Activity.TraceId:            6af5440efbc741ed83dcf4fbd94d8317
Activity.SpanId:             6661257acef5e01d
Activity.TraceFlags:         Recorded
Activity.ActivitySourceName: Microsoft.AspNetCore
Activity.DisplayName:        POST api/Auth/login
Activity.Kind:               Server
Activity.StartTime:          2025-09-11T06:33:23.6870981Z
Activity.Duration:           00:00:00.2964150
Activity.Tags:
    server.address: localhost
    http.request.method: POST
    url.scheme: http
    url.path: /api/auth/login
    network.protocol.version: 1.1
    http.route: api/Auth/login
    http.response.status_code: 200
Resource associated with Activity:
    deployment.environment: Testing
    service.name: Crud.Api
    service.version: 1.0.0
    service.instance.id: 10e2e254-224c-48e1-a2d2-8bbb5483cf26
    telemetry.sdk.name: opentelemetry
    telemetry.sdk.language: dotnet
    telemetry.sdk.version: 1.8.1
[06:33:23 DBG] Cache hit for key: list:person {"SourceContext": "Infrastructure.Services.Caching.InMemoryCacheService", "ActionId": "e9ec7d52-6142-4819-ad56-fd7078fd1044", "ActionName": "Api.Controllers.PeopleController.List (Api)", "RequestId": "0HNFGVK4NGCLB", "RequestPath": "/api/people", "Application": "Crud.Api"}
Activity.TraceId:            c9e4d370e1c77d2d82a68d5901993254
Activity.SpanId:             7d34b4e46db8e66d
Activity.TraceFlags:         Recorded
Activity.ActivitySourceName: Microsoft.AspNetCore
Activity.DisplayName:        GET api/People
Activity.Kind:               Server
Activity.StartTime:          2025-09-11T06:33:23.9838747Z
Activity.Duration:           00:00:00.0009817
Activity.Tags:
    server.address: localhost
    http.request.method: GET
    url.scheme: http
    url.path: /api/people
    network.protocol.version: 1.1
    http.route: api/People
    http.response.status_code: 200
Resource associated with Activity:
    deployment.environment: Testing
    service.name: Crud.Api
    service.version: 1.0.0
    service.instance.id: 10e2e254-224c-48e1-a2d2-8bbb5483cf26
    telemetry.sdk.name: opentelemetry
    telemetry.sdk.language: dotnet
    telemetry.sdk.version: 1.8.1
[06:33:23 DBG] Cache hit for key: list:role {"SourceContext": "Infrastructure.Services.Caching.InMemoryCacheService", "ActionId": "d57b58b5-9a36-49a1-a06c-45b4d6067b56", "ActionName": "Api.Controllers.RolesController.List (Api)", "RequestId": "0HNFGVK4NGCLC", "RequestPath": "/api/roles", "Application": "Crud.Api"}
Activity.TraceId:            631eafe344dc941648a5757ad4780269
Activity.SpanId:             d2aded7a1bfd7343
Activity.TraceFlags:         Recorded
Activity.ActivitySourceName: Microsoft.AspNetCore
Activity.DisplayName:        GET api/Roles
Activity.Kind:               Server
Activity.StartTime:          2025-09-11T06:33:23.9849648Z
Activity.Duration:           00:00:00.0015099
Activity.Tags:
    server.address: localhost
    http.request.method: GET
    url.scheme: http
    url.path: /api/roles
    network.protocol.version: 1.1
    http.route: api/Roles
    http.response.status_code: 200
Resource associated with Activity:
    deployment.environment: Testing
    service.name: Crud.Api
    service.version: 1.0.0
    service.instance.id: 10e2e254-224c-48e1-a2d2-8bbb5483cf26
    telemetry.sdk.name: opentelemetry
    telemetry.sdk.language: dotnet
    telemetry.sdk.version: 1.8.1
[06:33:23 DBG] Removed cache value for key: entity:person:f7a81446a04440b38fc7a11ae63090c9 {"SourceContext": "Infrastructure.Services.Caching.InMemoryCacheService", "ActionId": "af58d82c-c994-4c1f-8e6e-154ab4d3197a", "ActionName": "Api.Controllers.PeopleController.Create (Api)", "RequestId": "0HNFGVK4NGCLD", "RequestPath": "/api/people", "Application": "Crud.Api"}
[06:33:23 DBG] Removed cache value for key: list:person {"SourceContext": "Infrastructure.Services.Caching.InMemoryCacheService", "ActionId": "af58d82c-c994-4c1f-8e6e-154ab4d3197a", "ActionName": "Api.Controllers.PeopleController.Create (Api)", "RequestId": "0HNFGVK4NGCLD", "RequestPath": "/api/people", "Application": "Crud.Api"}
[06:33:23 DBG] Invalidating cache for entity type: people with tag: people {"SourceContext": "Api.Services.OutputCacheInvalidationService", "ActionId": "af58d82c-c994-4c1f-8e6e-154ab4d3197a", "ActionName": "Api.Controllers.PeopleController.Create (Api)", "RequestId": "0HNFGVK4NGCLD", "RequestPath": "/api/people", "Application": "Crud.Api"}
[06:33:23 INF] Successfully invalidated cache for entity type: people {"SourceContext": "Api.Services.OutputCacheInvalidationService", "ActionId": "af58d82c-c994-4c1f-8e6e-154ab4d3197a", "ActionName": "Api.Controllers.PeopleController.Create (Api)", "RequestId": "0HNFGVK4NGCLD", "RequestPath": "/api/people", "Application": "Crud.Api"}
Activity.TraceId:            5619d1ddf4e17250b3406fb4fe374507
Activity.SpanId:             4ed1c372cac8bc46
Activity.TraceFlags:         Recorded
Activity.ActivitySourceName: Microsoft.AspNetCore
Activity.DisplayName:        POST api/People
Activity.Kind:               Server
Activity.StartTime:          2025-09-11T06:33:23.9866701Z
Activity.Duration:           00:00:00.0029429
Activity.Tags:
    server.address: localhost
    http.request.method: POST
    url.scheme: http
    url.path: /api/people
    network.protocol.version: 1.1
    http.route: api/People
    http.response.status_code: 201
Resource associated with Activity:
    deployment.environment: Testing
    service.name: Crud.Api
    service.version: 1.0.0
    service.instance.id: 10e2e254-224c-48e1-a2d2-8bbb5483cf26
    telemetry.sdk.name: opentelemetry
    telemetry.sdk.language: dotnet
    telemetry.sdk.version: 1.8.1
[06:33:23 DBG] Cache miss for key: list:person {"SourceContext": "Infrastructure.Services.Caching.InMemoryCacheService", "ActionId": "e9ec7d52-6142-4819-ad56-fd7078fd1044", "ActionName": "Api.Controllers.PeopleController.List (Api)", "RequestId": "0HNFGVK4NGCLE", "RequestPath": "/api/people", "Application": "Crud.Api"}
[06:33:23 DBG] Set cache value for key: list:person {"SourceContext": "Infrastructure.Services.Caching.InMemoryCacheService", "ActionId": "e9ec7d52-6142-4819-ad56-fd7078fd1044", "ActionName": "Api.Controllers.PeopleController.List (Api)", "RequestId": "0HNFGVK4NGCLE", "RequestPath": "/api/people", "Application": "Crud.Api"}
Activity.TraceId:            2cee9b1236a0d81d2d54d774c89b61af
Activity.SpanId:             263fc9884a83b9ee
Activity.TraceFlags:         Recorded
Activity.ActivitySourceName: Microsoft.AspNetCore
Activity.DisplayName:        GET api/People
Activity.Kind:               Server
Activity.StartTime:          2025-09-11T06:33:23.9896618Z
Activity.Duration:           00:00:00.0009827
Activity.Tags:
    server.address: localhost
    http.request.method: GET
    url.scheme: http
    url.path: /api/people
    network.protocol.version: 1.1
    http.route: api/People
    http.response.status_code: 200
Resource associated with Activity:
    deployment.environment: Testing
    service.name: Crud.Api
    service.version: 1.0.0
    service.instance.id: 10e2e254-224c-48e1-a2d2-8bbb5483cf26
    telemetry.sdk.name: opentelemetry
    telemetry.sdk.language: dotnet
    telemetry.sdk.version: 1.8.1
[06:33:23 DBG] Cache hit for key: list:role {"SourceContext": "Infrastructure.Services.Caching.InMemoryCacheService", "ActionId": "d57b58b5-9a36-49a1-a06c-45b4d6067b56", "ActionName": "Api.Controllers.RolesController.List (Api)", "RequestId": "0HNFGVK4NGCLF", "RequestPath": "/api/roles", "Application": "Crud.Api"}
Activity.TraceId:            c01061e3819684654a9562837adab5f1
Activity.SpanId:             db84c0d760cbccb9
Activity.TraceFlags:         Recorded
Activity.ActivitySourceName: Microsoft.AspNetCore
Activity.DisplayName:        GET api/Roles
Activity.Kind:               Server
Activity.StartTime:          2025-09-11T06:33:23.9907005Z
Activity.Duration:           00:00:00.0004012
Activity.Tags:
    server.address: localhost
    http.request.method: GET
    url.scheme: http
    url.path: /api/roles
    network.protocol.version: 1.1
    http.route: api/Roles
    http.response.status_code: 200
Resource associated with Activity:
    deployment.environment: Testing
    service.name: Crud.Api
    service.version: 1.0.0
    service.instance.id: 10e2e254-224c-48e1-a2d2-8bbb5483cf26
    telemetry.sdk.name: opentelemetry
    telemetry.sdk.language: dotnet
    telemetry.sdk.version: 1.8.1
[06:33:23 INF] Resetting database for worker 11685 {"SourceContext": "Infrastructure.Services.DatabaseTestService", "Application": "Crud.Api"}
[06:33:23 INF] Resetting database via file deletion for worker 11685 in CI environment {"SourceContext": "Infrastructure.Services.DatabaseTestService", "Application": "Crud.Api"}
[06:33:23 INF] Acquiring database mutex for worker 11685... {"SourceContext": "Infrastructure.Services.DatabaseTestService", "Application": "Crud.Api"}
[06:33:23 INF] Database mutex acquired for worker 11685 {"SourceContext": "Infrastructure.Services.DatabaseTestService", "Application": "Crud.Api"}
[06:33:23 INF] Current database state - CanConnect: True {"SourceContext": "Infrastructure.Services.DatabaseTestService", "Application": "Crud.Api"}
[06:33:23 INF] [Phase 0] Closing database connection for worker 11685... {"SourceContext": "Infrastructure.Services.DatabaseTestService", "Application": "Crud.Api"}
[06:33:23 INF] [Phase 0] Connection closed in 0.0007ms {"SourceContext": "Infrastructure.Services.DatabaseTestService", "Application": "Crud.Api"}
[06:33:23 INF] [Phase 1] Starting EnsureDeletedAsync for worker 11685... {"SourceContext": "Infrastructure.Services.DatabaseTestService", "Application": "Crud.Api"}
[06:33:23 INF] [Phase 1] EnsureDeletedAsync completed in 1.697ms {"SourceContext": "Infrastructure.Services.DatabaseTestService", "Application": "Crud.Api"}
[06:33:24 INF] [Phase 2] Starting EnsureCreatedAsync for worker 11685... {"SourceContext": "Infrastructure.Services.DatabaseTestService", "Application": "Crud.Api"}
[06:33:24 INF] [Phase 2] EnsureCreatedAsync completed in 8.523ms {"SourceContext": "Infrastructure.Services.DatabaseTestService", "Application": "Crud.Api"}
[06:33:24 INF] [Phase 3] Skipping database seeding as requested for worker 11685 {"SourceContext": "Infrastructure.Services.DatabaseTestService", "Application": "Crud.Api"}
[06:33:24 INF] Database reset via file deletion completed for worker 11685 in 109.8012ms (Close: 0.0007ms, Delete: 1.697ms, Create: 8.523ms) {"SourceContext": "Infrastructure.Services.DatabaseTestService", "Application": "Crud.Api"}
[06:33:24 INF] Releasing database mutex for worker 11685 {"SourceContext": "Infrastructure.Services.DatabaseTestService", "Application": "Crud.Api"}
Resource associated with Metric:
    deployment.environment: Testing
    service.name: Crud.Api
    service.version: 1.0.0
    service.instance.id: 10e2e254-224c-48e1-a2d2-8bbb5483cf26
    telemetry.sdk.name: opentelemetry
    telemetry.sdk.language: dotnet
    telemetry.sdk.version: 1.8.1
Metric Name: http.server.active_requests, Number of active HTTP server requests., Unit: {request}, Meter: Microsoft.AspNetCore.Hosting
(2025-09-11T06:33:15.8766738Z, 2025-09-11T06:33:24.1031073Z] http.request.method: POST url.scheme: http LongSumNonMonotonic
Value: 0
(2025-09-11T06:33:15.8766738Z, 2025-09-11T06:33:24.1031073Z] http.request.method: GET url.scheme: http LongSumNonMonotonic
Value: 0
(2025-09-11T06:33:15.8766738Z, 2025-09-11T06:33:24.1031073Z] http.request.method: DELETE url.scheme: http LongSumNonMonotonic
Value: 0
(2025-09-11T06:33:15.8766738Z, 2025-09-11T06:33:24.1031073Z] http.request.method: PUT url.scheme: http LongSumNonMonotonic
Value: 0
Metric Name: http.server.request.duration, Duration of HTTP server requests., Unit: s, Meter: Microsoft.AspNetCore.Hosting
(2025-09-11T06:33:15.8767582Z, 2025-09-11T06:33:24.1031136Z] http.request.method: POST http.response.status_code: 200 http.route: api/Auth/register network.protocol.version: 1.1 url.scheme: http Histogram
Value: Sum: 4.1998343 Count: 14 Min: 0.2960648 Max: 0.3226692 
(-Infinity,0.005]:0
(0.005,0.01]:0
(0.01,0.025]:0
(0.025,0.05]:0
(0.05,0.075]:0
(0.075,0.1]:0
(0.1,0.25]:0
(0.25,0.5]:14
(0.5,0.75]:0
(0.75,1]:0
(1,2.5]:0
(2.5,5]:0
(5,7.5]:0
(7.5,10]:0
(10,+Infinity]:0
(2025-09-11T06:33:15.8767582Z, 2025-09-11T06:33:24.1031136Z] http.request.method: POST http.response.status_code: 200 http.route: api/Auth/login network.protocol.version: 1.1 url.scheme: http Histogram
Value: Sum: 2.0868465 Count: 7 Min: 0.2960518 Max: 0.3042409 
(-Infinity,0.005]:0
(0.005,0.01]:0
(0.01,0.025]:0
(0.025,0.05]:0
(0.05,0.075]:0
(0.075,0.1]:0
(0.1,0.25]:0
(0.25,0.5]:7
(0.5,0.75]:0
(0.75,1]:0
(1,2.5]:0
(2.5,5]:0
(5,7.5]:0
(7.5,10]:0
(10,+Infinity]:0
(2025-09-11T06:33:15.8767582Z, 2025-09-11T06:33:24.1031136Z] http.request.method: GET http.response.status_code: 200 http.route: api/Windows network.protocol.version: 1.1 url.scheme: http Histogram
Value: Sum: 0.0406988 Count: 2 Min: 0.0045759 Max: 0.0361229 
(-Infinity,0.005]:1
(0.005,0.01]:0
(0.01,0.025]:0
(0.025,0.05]:1
(0.05,0.075]:0
(0.075,0.1]:0
(0.1,0.25]:0
(0.25,0.5]:0
(0.5,0.75]:0
(0.75,1]:0
(1,2.5]:0
(2.5,5]:0
(5,7.5]:0
(7.5,10]:0
(10,+Infinity]:0
(2025-09-11T06:33:15.8767582Z, 2025-09-11T06:33:24.1031136Z] http.request.method: POST http.response.status_code: 201 http.route: api/Windows network.protocol.version: 1.1 url.scheme: http Histogram
Value: Sum: 0.0347273 Count: 1 Min: 0.0347273 Max: 0.0347273 
(-Infinity,0.005]:0
(0.005,0.01]:0
(0.01,0.025]:0
(0.025,0.05]:1
(0.05,0.075]:0
(0.075,0.1]:0
(0.1,0.25]:0
(0.25,0.5]:0
(0.5,0.75]:0
(0.75,1]:0
(1,2.5]:0
(2.5,5]:0
(5,7.5]:0
(7.5,10]:0
(10,+Infinity]:0
(2025-09-11T06:33:15.8767582Z, 2025-09-11T06:33:24.1031136Z] http.request.method: GET http.response.status_code: 200 http.route: api/People network.protocol.version: 1.1 url.scheme: http Histogram
Value: Sum: 0.021269599999999996 Count: 8 Min: 0.0008281 Max: 0.0125387 
(-Infinity,0.005]:7
(0.005,0.01]:0
(0.01,0.025]:1
(0.025,0.05]:0
(0.05,0.075]:0
(0.075,0.1]:0
(0.1,0.25]:0
(0.25,0.5]:0
(0.5,0.75]:0
(0.75,1]:0
(1,2.5]:0
(2.5,5]:0
(5,7.5]:0
(7.5,10]:0
(10,+Infinity]:0
(2025-09-11T06:33:15.8767582Z, 2025-09-11T06:33:24.1031136Z] http.request.method: POST http.response.status_code: 201 http.route: api/People network.protocol.version: 1.1 url.scheme: http Histogram
Value: Sum: 0.0216592 Count: 2 Min: 0.0029416 Max: 0.0187176 
(-Infinity,0.005]:1
(0.005,0.01]:0
(0.01,0.025]:1
(0.025,0.05]:0
(0.05,0.075]:0
(0.075,0.1]:0
(0.1,0.25]:0
(0.25,0.5]:0
(0.5,0.75]:0
(0.75,1]:0
(1,2.5]:0
(2.5,5]:0
(5,7.5]:0
(7.5,10]:0
(10,+Infinity]:0
(2025-09-11T06:33:15.8767582Z, 2025-09-11T06:33:24.1031136Z] http.request.method: GET http.response.status_code: 200 http.route: api/Roles network.protocol.version: 1.1 url.scheme: http Histogram
Value: Sum: 0.010976200000000002 Count: 4 Min: 0.0003983 Max: 0.0079334 
(-Infinity,0.005]:3
(0.005,0.01]:1
(0.01,0.025]:0
(0.025,0.05]:0
(0.05,0.075]:0
(0.075,0.1]:0
(0.1,0.25]:0
(0.25,0.5]:0
(0.5,0.75]:0
(0.75,1]:0
(1,2.5]:0
(2.5,5]:0
(5,7.5]:0
(7.5,10]:0
(10,+Infinity]:0
(2025-09-11T06:33:15.8767582Z, 2025-09-11T06:33:24.1031136Z] http.request.method: POST http.response.status_code: 201 http.route: api/Roles network.protocol.version: 1.1 url.scheme: http Histogram
Value: Sum: 0.0073117 Count: 1 Min: 0.0073117 Max: 0.0073117 
(-Infinity,0.005]:0
(0.005,0.01]:1
(0.01,0.025]:0
(0.025,0.05]:0
(0.05,0.075]:0
(0.075,0.1]:0
(0.1,0.25]:0
(0.25,0.5]:0
(0.5,0.75]:0
(0.75,1]:0
(1,2.5]:0
(2.5,5]:0
(5,7.5]:0
(7.5,10]:0
(10,+Infinity]:0
(2025-09-11T06:33:15.8767582Z, 2025-09-11T06:33:24.1031136Z] http.request.method: DELETE http.response.status_code: 204 http.route: api/People/{id:guid} network.protocol.version: 1.1 url.scheme: http Histogram
Value: Sum: 0.0108296 Count: 1 Min: 0.0108296 Max: 0.0108296 
(-Infinity,0.005]:0
(0.005,0.01]:0
(0.01,0.025]:1
(0.025,0.05]:0
(0.05,0.075]:0
(0.075,0.1]:0
(0.1,0.25]:0
(0.25,0.5]:0
(0.5,0.75]:0
(0.75,1]:0
(1,2.5]:0
(2.5,5]:0
(5,7.5]:0
(7.5,10]:0
(10,+Infinity]:0
(2025-09-11T06:33:15.8767582Z, 2025-09-11T06:33:24.1031136Z] http.request.method: GET http.response.status_code: 200 http.route: api/People/{id:guid} network.protocol.version: 1.1 url.scheme: http Histogram
Value: Sum: 0.0202133 Count: 2 Min: 0.0022916 Max: 0.0179217 
(-Infinity,0.005]:1
(0.005,0.01]:0
(0.01,0.025]:1
(0.025,0.05]:0
(0.05,0.075]:0
(0.075,0.1]:0
(0.1,0.25]:0
(0.25,0.5]:0
(0.5,0.75]:0
(0.75,1]:0
(1,2.5]:0
(2.5,5]:0
(5,7.5]:0
(7.5,10]:0
(10,+Infinity]:0
(2025-09-11T06:33:15.8767582Z, 2025-09-11T06:33:24.1031136Z] http.request.method: PUT http.response.status_code: 204 http.route: api/People/{id:guid} network.protocol.version: 1.1 url.scheme: http Histogram
Value: Sum: 0.0099335 Count: 1 Min: 0.0099335 Max: 0.0099335 
(-Infinity,0.005]:0
(0.005,0.01]:1
(0.01,0.025]:0
(0.025,0.05]:0
(0.05,0.075]:0
(0.075,0.1]:0
(0.1,0.25]:0
(0.25,0.5]:0
(0.5,0.75]:0
(0.75,1]:0
(1,2.5]:0
(2.5,5]:0
(5,7.5]:0
(7.5,10]:0
(10,+Infinity]:0
(2025-09-11T06:33:15.8767582Z, 2025-09-11T06:33:24.1031136Z] http.request.method: GET http.response.status_code: 200 http.route: api/Walls network.protocol.version: 1.1 url.scheme: http Histogram
Value: Sum: 0.0186838 Count: 2 Min: 0.0024522 Max: 0.0162316 
(-Infinity,0.005]:1
(0.005,0.01]:0
(0.01,0.025]:1
(0.025,0.05]:0
(0.05,0.075]:0
(0.075,0.1]:0
(0.1,0.25]:0
(0.25,0.5]:0
(0.5,0.75]:0
(0.75,1]:0
(1,2.5]:0
(2.5,5]:0
(5,7.5]:0
(7.5,10]:0
(10,+Infinity]:0
(2025-09-11T06:33:15.8767582Z, 2025-09-11T06:33:24.1031136Z] http.request.method: POST http.response.status_code: 201 http.route: api/Walls network.protocol.version: 1.1 url.scheme: http Histogram
Value: Sum: 0.0176874 Count: 1 Min: 0.0176874 Max: 0.0176874 
(-Infinity,0.005]:0
(0.005,0.01]:0
(0.01,0.025]:1
(0.025,0.05]:0
(0.05,0.075]:0
(0.075,0.1]:0
(0.1,0.25]:0
(0.25,0.5]:0
(0.5,0.75]:0
(0.75,1]:0
(1,2.5]:0
(2.5,5]:0
(5,7.5]:0
(7.5,10]:0
(10,+Infinity]:0
Metric Name: aspnetcore.rate_limiting.active_request_leases, Number of HTTP requests that are currently active on the server that hold a rate limiting lease., Unit: {request}, Meter: Microsoft.AspNetCore.RateLimiting
(2025-09-11T06:33:15.8794217Z, 2025-09-11T06:33:24.1031146Z] LongSumNonMonotonic
Value: 0
Metric Name: aspnetcore.rate_limiting.request_lease.duration, The duration of rate limiting leases held by HTTP requests on the server., Unit: s, Meter: Microsoft.AspNetCore.RateLimiting
(2025-09-11T06:33:15.8795036Z, 2025-09-11T06:33:24.1031155Z] Histogram
Value: Sum: 6.491038000000001 Count: 46 Min: 0.0003579 Max: 0.3224961 
(-Infinity,0.005]:14
(0.005,0.01]:3
(0.01,0.025]:6
(0.025,0.05]:2
(0.05,0.075]:0
(0.075,0.1]:0
(0.1,0.25]:0
(0.25,0.5]:21
(0.5,0.75]:0
(0.75,1]:0
(1,2.5]:0
(2.5,5]:0
(5,7.5]:0
(7.5,10]:0
(10,+Infinity]:0
Metric Name: aspnetcore.rate_limiting.requests, Number of requests that tried to acquire a rate limiting lease. Requests could be rejected by global or endpoint rate limiting policies. Or the request could be canceled while waiting for the lease., Unit: {request}, Meter: Microsoft.AspNetCore.RateLimiting
(2025-09-11T06:33:15.8797046Z, 2025-09-11T06:33:24.1031180Z] aspnetcore.rate_limiting.result: acquired LongSum
Value: 46
Metric Name: aspnetcore.routing.match_attempts, Number of requests that were attempted to be matched to an endpoint., Unit: {match_attempt}, Meter: Microsoft.AspNetCore.Routing
(2025-09-11T06:33:15.8806259Z, 2025-09-11T06:33:24.1031191Z] aspnetcore.routing.is_fallback: false aspnetcore.routing.match_status: success http.route: api/Auth/register LongSum
Value: 14
(2025-09-11T06:33:15.8806259Z, 2025-09-11T06:33:24.1031191Z] aspnetcore.routing.is_fallback: false aspnetcore.routing.match_status: success http.route: api/Auth/login LongSum
Value: 7
(2025-09-11T06:33:15.8806259Z, 2025-09-11T06:33:24.1031191Z] aspnetcore.routing.is_fallback: false aspnetcore.routing.match_status: success http.route: api/Windows LongSum
Value: 3
(2025-09-11T06:33:15.8806259Z, 2025-09-11T06:33:24.1031191Z] aspnetcore.routing.is_fallback: false aspnetcore.routing.match_status: success http.route: api/People LongSum
Value: 10
(2025-09-11T06:33:15.8806259Z, 2025-09-11T06:33:24.1031191Z] aspnetcore.routing.is_fallback: false aspnetcore.routing.match_status: success http.route: api/Roles LongSum
Value: 5
(2025-09-11T06:33:15.8806259Z, 2025-09-11T06:33:24.1031191Z] aspnetcore.routing.is_fallback: false aspnetcore.routing.match_status: success http.route: api/People/{id:guid} LongSum
Value: 4
(2025-09-11T06:33:15.8806259Z, 2025-09-11T06:33:24.1031191Z] aspnetcore.routing.is_fallback: false aspnetcore.routing.match_status: success http.route: api/Walls LongSum
Value: 3
[06:33:24 INF] Starting Crud API application {"Application": "Crud.Api"}
[06:33:24 INF] Using SQLite provider with connection: Data Source=TestDatabase.db {"Application": "Crud.Api"}
[06:33:24 INF] Database ensured successfully {"Application": "Crud.Api"}
[06:33:24 INF] Application configured successfully. Starting web host... {"Application": "Crud.Api"}
[06:33:24 INF] Resetting database for worker 12108 {"SourceContext": "Infrastructure.Services.DatabaseTestService", "Application": "Crud.Api"}
[06:33:24 INF] Resetting database via file deletion for worker 12108 in CI environment {"SourceContext": "Infrastructure.Services.DatabaseTestService", "Application": "Crud.Api"}
[06:33:24 INF] Acquiring database mutex for worker 12108... {"SourceContext": "Infrastructure.Services.DatabaseTestService", "Application": "Crud.Api"}
[06:33:24 INF] Database mutex acquired for worker 12108 {"SourceContext": "Infrastructure.Services.DatabaseTestService", "Application": "Crud.Api"}
[06:33:24 INF] Current database state - CanConnect: True {"SourceContext": "Infrastructure.Services.DatabaseTestService", "Application": "Crud.Api"}
[06:33:24 INF] [Phase 0] Closing database connection for worker 12108... {"SourceContext": "Infrastructure.Services.DatabaseTestService", "Application": "Crud.Api"}
[06:33:24 INF] [Phase 0] Connection closed in 0.0007ms {"SourceContext": "Infrastructure.Services.DatabaseTestService", "Application": "Crud.Api"}
[06:33:24 INF] [Phase 1] Starting EnsureDeletedAsync for worker 12108... {"SourceContext": "Infrastructure.Services.DatabaseTestService", "Application": "Crud.Api"}
[06:33:24 INF] [Phase 1] EnsureDeletedAsync completed in 1.7921ms {"SourceContext": "Infrastructure.Services.DatabaseTestService", "Application": "Crud.Api"}
[06:33:24 INF] [Phase 2] Starting EnsureCreatedAsync for worker 12108... {"SourceContext": "Infrastructure.Services.DatabaseTestService", "Application": "Crud.Api"}
[06:33:24 INF] [Phase 2] EnsureCreatedAsync completed in 8.1805ms {"SourceContext": "Infrastructure.Services.DatabaseTestService", "Application": "Crud.Api"}
[06:33:24 INF] [Phase 3] Skipping database seeding as requested for worker 12108 {"SourceContext": "Infrastructure.Services.DatabaseTestService", "Application": "Crud.Api"}
[06:33:24 INF] Database reset via file deletion completed for worker 12108 in 110.1179ms (Close: 0.0007ms, Delete: 1.7921ms, Create: 8.1805ms) {"SourceContext": "Infrastructure.Services.DatabaseTestService", "Application": "Crud.Api"}
[06:33:24 INF] Releasing database mutex for worker 12108 {"SourceContext": "Infrastructure.Services.DatabaseTestService", "Application": "Crud.Api"}
[06:33:24 WRN] Failed to determine the https port for redirect. {"EventId": {"Id": 3, "Name": "FailedToDeterminePort"}, "SourceContext": "Microsoft.AspNetCore.HttpsPolicy.HttpsRedirectionMiddleware", "RequestId": "0HNFGVK4NGCLG", "RequestPath": "/api/auth/register", "Application": "Crud.Api"}
[06:33:24 INF] User registered successfully: e0a76651-b7de-426b-83e9-07806ab1738a {"SourceContext": "App.Features.Authentication.RegisterUserCommandHandler", "ActionId": "ee18bf61-6332-47e5-a406-02f29c4c1faa", "ActionName": "Api.Controllers.AuthController.Register (Api)", "RequestId": "0HNFGVK4NGCLG", "RequestPath": "/api/auth/register", "Application": "Crud.Api"}
Activity.TraceId:            3d36fe3856d0be65f4e16f933bee1090
Activity.SpanId:             dc7b5949a96074d5
Activity.TraceFlags:         Recorded
Activity.ActivitySourceName: Microsoft.AspNetCore
Activity.DisplayName:        POST api/Auth/register
Activity.Kind:               Server
Activity.StartTime:          2025-09-11T06:33:24.2637927Z
Activity.Duration:           00:00:00.3027114
Activity.Tags:
    server.address: localhost
    http.request.method: POST
    url.scheme: http
    url.path: /api/auth/register
    network.protocol.version: 1.1
    http.route: api/Auth/register
    http.response.status_code: 200
Resource associated with Activity:
    deployment.environment: Testing
    service.name: Crud.Api
    service.version: 1.0.0
    service.instance.id: 10e2e254-224c-48e1-a2d2-8bbb5483cf26
    telemetry.sdk.name: opentelemetry
    telemetry.sdk.language: dotnet
    telemetry.sdk.version: 1.8.1
[06:33:24 INF] User logged in successfully: e0a76651-b7de-426b-83e9-07806ab1738a {"SourceContext": "App.Features.Authentication.LoginCommandHandler", "ActionId": "8dab0e08-bbeb-4ce9-af7b-6fce50492697", "ActionName": "Api.Controllers.AuthController.Login (Api)", "RequestId": "0HNFGVK4NGCLH", "RequestPath": "/api/auth/login", "Application": "Crud.Api"}
Activity.TraceId:            17514e6d792dff60d187cf62b60fdfdd
Activity.SpanId:             0ee542714d82eda8
Activity.TraceFlags:         Recorded
Activity.ActivitySourceName: Microsoft.AspNetCore
Activity.DisplayName:        POST api/Auth/login
Activity.Kind:               Server
Activity.StartTime:          2025-09-11T06:33:24.5687997Z
Activity.Duration:           00:00:00.3030696
Activity.Tags:
    server.address: localhost
    http.request.method: POST
    url.scheme: http
    url.path: /api/auth/login
    network.protocol.version: 1.1
    http.route: api/Auth/login
    http.response.status_code: 200
Resource associated with Activity:
    deployment.environment: Testing
    service.name: Crud.Api
    service.version: 1.0.0
    service.instance.id: 10e2e254-224c-48e1-a2d2-8bbb5483cf26
    telemetry.sdk.name: opentelemetry
    telemetry.sdk.language: dotnet
    telemetry.sdk.version: 1.8.1
[06:33:24 DBG] Cache miss for key: name:role:admin {"SourceContext": "Infrastructure.Services.Caching.InMemoryCacheService", "ActionId": "c543805e-a107-4e73-ab22-de118c06461b", "ActionName": "Api.Controllers.RolesController.Create (Api)", "RequestId": "0HNFGVK4NGCLI", "RequestPath": "/api/roles", "Application": "Crud.Api"}
[06:33:24 DBG] Removed cache value for key: entity:role:bf58dfc81db1451f8400d7628adee3b3 {"SourceContext": "Infrastructure.Services.Caching.InMemoryCacheService", "ActionId": "c543805e-a107-4e73-ab22-de118c06461b", "ActionName": "Api.Controllers.RolesController.Create (Api)", "RequestId": "0HNFGVK4NGCLI", "RequestPath": "/api/roles", "Application": "Crud.Api"}
[06:33:24 DBG] Removed cache value for key: list:role {"SourceContext": "Infrastructure.Services.Caching.InMemoryCacheService", "ActionId": "c543805e-a107-4e73-ab22-de118c06461b", "ActionName": "Api.Controllers.RolesController.Create (Api)", "RequestId": "0HNFGVK4NGCLI", "RequestPath": "/api/roles", "Application": "Crud.Api"}
[06:33:24 DBG] Invalidating cache for entity type: roles with tag: roles {"SourceContext": "Api.Services.OutputCacheInvalidationService", "ActionId": "c543805e-a107-4e73-ab22-de118c06461b", "ActionName": "Api.Controllers.RolesController.Create (Api)", "RequestId": "0HNFGVK4NGCLI", "RequestPath": "/api/roles", "Application": "Crud.Api"}
[06:33:24 INF] Successfully invalidated cache for entity type: roles {"SourceContext": "Api.Services.OutputCacheInvalidationService", "ActionId": "c543805e-a107-4e73-ab22-de118c06461b", "ActionName": "Api.Controllers.RolesController.Create (Api)", "RequestId": "0HNFGVK4NGCLI", "RequestPath": "/api/roles", "Application": "Crud.Api"}
Activity.TraceId:            1c920f3625903c3e07c5bdf370d55d84
Activity.SpanId:             d849d27cf32ecbe1
Activity.TraceFlags:         Recorded
Activity.ActivitySourceName: Microsoft.AspNetCore
Activity.DisplayName:        POST api/Roles
Activity.Kind:               Server
Activity.StartTime:          2025-09-11T06:33:24.8724416Z
Activity.Duration:           00:00:00.0125159
Activity.Tags:
    server.address: localhost
    http.request.method: POST
    url.scheme: http
    url.path: /api/roles
    network.protocol.version: 1.1
    http.route: api/Roles
    http.response.status_code: 201
Resource associated with Activity:
    deployment.environment: Testing
    service.name: Crud.Api
    service.version: 1.0.0
    service.instance.id: 10e2e254-224c-48e1-a2d2-8bbb5483cf26
    telemetry.sdk.name: opentelemetry
    telemetry.sdk.language: dotnet
    telemetry.sdk.version: 1.8.1
[06:33:24 DBG] Cache miss for key: name:role:user {"SourceContext": "Infrastructure.Services.Caching.InMemoryCacheService", "ActionId": "c543805e-a107-4e73-ab22-de118c06461b", "ActionName": "Api.Controllers.RolesController.Create (Api)", "RequestId": "0HNFGVK4NGCLJ", "RequestPath": "/api/roles", "Application": "Crud.Api"}
[06:33:24 DBG] Removed cache value for key: entity:role:4f512f22e4394e729fd3d350393e24cf {"SourceContext": "Infrastructure.Services.Caching.InMemoryCacheService", "ActionId": "c543805e-a107-4e73-ab22-de118c06461b", "ActionName": "Api.Controllers.RolesController.Create (Api)", "RequestId": "0HNFGVK4NGCLJ", "RequestPath": "/api/roles", "Application": "Crud.Api"}
[06:33:24 DBG] Removed cache value for key: list:role {"SourceContext": "Infrastructure.Services.Caching.InMemoryCacheService", "ActionId": "c543805e-a107-4e73-ab22-de118c06461b", "ActionName": "Api.Controllers.RolesController.Create (Api)", "RequestId": "0HNFGVK4NGCLJ", "RequestPath": "/api/roles", "Application": "Crud.Api"}
[06:33:24 DBG] Invalidating cache for entity type: roles with tag: roles {"SourceContext": "Api.Services.OutputCacheInvalidationService", "ActionId": "c543805e-a107-4e73-ab22-de118c06461b", "ActionName": "Api.Controllers.RolesController.Create (Api)", "RequestId": "0HNFGVK4NGCLJ", "RequestPath": "/api/roles", "Application": "Crud.Api"}
[06:33:24 INF] Successfully invalidated cache for entity type: roles {"SourceContext": "Api.Services.OutputCacheInvalidationService", "ActionId": "c543805e-a107-4e73-ab22-de118c06461b", "ActionName": "Api.Controllers.RolesController.Create (Api)", "RequestId": "0HNFGVK4NGCLJ", "RequestPath": "/api/roles", "Application": "Crud.Api"}
Activity.TraceId:            f6c3c80b29f06b001f370be9ce24de9e
Activity.SpanId:             c2da0ae5363d69b0
Activity.TraceFlags:         Recorded
Activity.ActivitySourceName: Microsoft.AspNetCore
Activity.DisplayName:        POST api/Roles
Activity.Kind:               Server
Activity.StartTime:          2025-09-11T06:33:24.8852437Z
Activity.Duration:           00:00:00.0021863
Activity.Tags:
    server.address: localhost
    http.request.method: POST
    url.scheme: http
    url.path: /api/roles
    network.protocol.version: 1.1
    http.route: api/Roles
    http.response.status_code: 201
Resource associated with Activity:
    deployment.environment: Testing
    service.name: Crud.Api
    service.version: 1.0.0
    service.instance.id: 10e2e254-224c-48e1-a2d2-8bbb5483cf26
    telemetry.sdk.name: opentelemetry
    telemetry.sdk.language: dotnet
    telemetry.sdk.version: 1.8.1
[06:33:24 DBG] Cache miss for key: entity:role:bf58dfc81db1451f8400d7628adee3b3 {"SourceContext": "Infrastructure.Services.Caching.InMemoryCacheService", "ActionId": "bf78c6e9-c9b2-4ce7-bac4-58a616d6176d", "ActionName": "Api.Controllers.PeopleController.Create (Api)", "RequestId": "0HNFGVK4NGCLK", "RequestPath": "/api/people", "Application": "Crud.Api"}
[06:33:24 DBG] Set cache value for key: entity:role:bf58dfc81db1451f8400d7628adee3b3 {"SourceContext": "Infrastructure.Services.Caching.InMemoryCacheService", "ActionId": "bf78c6e9-c9b2-4ce7-bac4-58a616d6176d", "ActionName": "Api.Controllers.PeopleController.Create (Api)", "RequestId": "0HNFGVK4NGCLK", "RequestPath": "/api/people", "Application": "Crud.Api"}
[06:33:24 DBG] Cache miss for key: entity:role:4f512f22e4394e729fd3d350393e24cf {"SourceContext": "Infrastructure.Services.Caching.InMemoryCacheService", "ActionId": "bf78c6e9-c9b2-4ce7-bac4-58a616d6176d", "ActionName": "Api.Controllers.PeopleController.Create (Api)", "RequestId": "0HNFGVK4NGCLK", "RequestPath": "/api/people", "Application": "Crud.Api"}
[06:33:24 DBG] Set cache value for key: entity:role:4f512f22e4394e729fd3d350393e24cf {"SourceContext": "Infrastructure.Services.Caching.InMemoryCacheService", "ActionId": "bf78c6e9-c9b2-4ce7-bac4-58a616d6176d", "ActionName": "Api.Controllers.PeopleController.Create (Api)", "RequestId": "0HNFGVK4NGCLK", "RequestPath": "/api/people", "Application": "Crud.Api"}
[06:33:24 DBG] Removed cache value for key: entity:person:cb427cf1b27c49a5b5a7f86ec6ba1856 {"SourceContext": "Infrastructure.Services.Caching.InMemoryCacheService", "ActionId": "bf78c6e9-c9b2-4ce7-bac4-58a616d6176d", "ActionName": "Api.Controllers.PeopleController.Create (Api)", "RequestId": "0HNFGVK4NGCLK", "RequestPath": "/api/people", "Application": "Crud.Api"}
[06:33:24 DBG] Removed cache value for key: list:person {"SourceContext": "Infrastructure.Services.Caching.InMemoryCacheService", "ActionId": "bf78c6e9-c9b2-4ce7-bac4-58a616d6176d", "ActionName": "Api.Controllers.PeopleController.Create (Api)", "RequestId": "0HNFGVK4NGCLK", "RequestPath": "/api/people", "Application": "Crud.Api"}
[06:33:24 DBG] Invalidating cache for entity type: people with tag: people {"SourceContext": "Api.Services.OutputCacheInvalidationService", "ActionId": "bf78c6e9-c9b2-4ce7-bac4-58a616d6176d", "ActionName": "Api.Controllers.PeopleController.Create (Api)", "RequestId": "0HNFGVK4NGCLK", "RequestPath": "/api/people", "Application": "Crud.Api"}
[06:33:24 INF] Successfully invalidated cache for entity type: people {"SourceContext": "Api.Services.OutputCacheInvalidationService", "ActionId": "bf78c6e9-c9b2-4ce7-bac4-58a616d6176d", "ActionName": "Api.Controllers.PeopleController.Create (Api)", "RequestId": "0HNFGVK4NGCLK", "RequestPath": "/api/people", "Application": "Crud.Api"}
Activity.TraceId:            968fea1d3cdc0df27b32de9401b3723a
Activity.SpanId:             b5e8f22442bf1921
Activity.TraceFlags:         Recorded
Activity.ActivitySourceName: Microsoft.AspNetCore
Activity.DisplayName:        POST api/People
Activity.Kind:               Server
Activity.StartTime:          2025-09-11T06:33:24.8889472Z
Activity.Duration:           00:00:00.0356117
Activity.Tags:
    server.address: localhost
    http.request.method: POST
    url.scheme: http
    url.path: /api/people
    network.protocol.version: 1.1
    http.route: api/People
    http.response.status_code: 201
Resource associated with Activity:
    deployment.environment: Testing
    service.name: Crud.Api
    service.version: 1.0.0
    service.instance.id: 10e2e254-224c-48e1-a2d2-8bbb5483cf26
    telemetry.sdk.name: opentelemetry
    telemetry.sdk.language: dotnet
    telemetry.sdk.version: 1.8.1
[06:33:24 INF] Resetting database for worker 12108 {"SourceContext": "Infrastructure.Services.DatabaseTestService", "Application": "Crud.Api"}
[06:33:24 INF] Resetting database via file deletion for worker 12108 in CI environment {"SourceContext": "Infrastructure.Services.DatabaseTestService", "Application": "Crud.Api"}
[06:33:24 INF] Acquiring database mutex for worker 12108... {"SourceContext": "Infrastructure.Services.DatabaseTestService", "Application": "Crud.Api"}
[06:33:24 INF] Database mutex acquired for worker 12108 {"SourceContext": "Infrastructure.Services.DatabaseTestService", "Application": "Crud.Api"}
[06:33:24 INF] Current database state - CanConnect: True {"SourceContext": "Infrastructure.Services.DatabaseTestService", "Application": "Crud.Api"}
[06:33:24 INF] [Phase 0] Closing database connection for worker 12108... {"SourceContext": "Infrastructure.Services.DatabaseTestService", "Application": "Crud.Api"}
[06:33:24 INF] [Phase 0] Connection closed in 0.0007ms {"SourceContext": "Infrastructure.Services.DatabaseTestService", "Application": "Crud.Api"}
[06:33:24 INF] [Phase 1] Starting EnsureDeletedAsync for worker 12108... {"SourceContext": "Infrastructure.Services.DatabaseTestService", "Application": "Crud.Api"}
[06:33:24 INF] [Phase 1] EnsureDeletedAsync completed in 1.6733ms {"SourceContext": "Infrastructure.Services.DatabaseTestService", "Application": "Crud.Api"}
[06:33:25 INF] [Phase 2] Starting EnsureCreatedAsync for worker 12108... {"SourceContext": "Infrastructure.Services.DatabaseTestService", "Application": "Crud.Api"}
[06:33:25 INF] [Phase 2] EnsureCreatedAsync completed in 10.3745ms {"SourceContext": "Infrastructure.Services.DatabaseTestService", "Application": "Crud.Api"}
[06:33:25 INF] [Phase 3] Skipping database seeding as requested for worker 12108 {"SourceContext": "Infrastructure.Services.DatabaseTestService", "Application": "Crud.Api"}
[06:33:25 INF] Database reset via file deletion completed for worker 12108 in 112.0009ms (Close: 0.0007ms, Delete: 1.6733ms, Create: 10.3745ms) {"SourceContext": "Infrastructure.Services.DatabaseTestService", "Application": "Crud.Api"}
[06:33:25 INF] Releasing database mutex for worker 12108 {"SourceContext": "Infrastructure.Services.DatabaseTestService", "Application": "Crud.Api"}
[06:33:25 INF] Resetting database for worker 12108 {"SourceContext": "Infrastructure.Services.DatabaseTestService", "Application": "Crud.Api"}
[06:33:25 INF] Resetting database via file deletion for worker 12108 in CI environment {"SourceContext": "Infrastructure.Services.DatabaseTestService", "Application": "Crud.Api"}
[06:33:25 INF] Acquiring database mutex for worker 12108... {"SourceContext": "Infrastructure.Services.DatabaseTestService", "Application": "Crud.Api"}
[06:33:25 INF] Database mutex acquired for worker 12108 {"SourceContext": "Infrastructure.Services.DatabaseTestService", "Application": "Crud.Api"}
[06:33:25 INF] Current database state - CanConnect: True {"SourceContext": "Infrastructure.Services.DatabaseTestService", "Application": "Crud.Api"}
[06:33:25 INF] [Phase 0] Closing database connection for worker 12108... {"SourceContext": "Infrastructure.Services.DatabaseTestService", "Application": "Crud.Api"}
[06:33:25 INF] [Phase 0] Connection closed in 0.0006ms {"SourceContext": "Infrastructure.Services.DatabaseTestService", "Application": "Crud.Api"}
[06:33:25 INF] [Phase 1] Starting EnsureDeletedAsync for worker 12108... {"SourceContext": "Infrastructure.Services.DatabaseTestService", "Application": "Crud.Api"}
[06:33:25 INF] [Phase 1] EnsureDeletedAsync completed in 1.5496ms {"SourceContext": "Infrastructure.Services.DatabaseTestService", "Application": "Crud.Api"}
[06:33:25 INF] [Phase 2] Starting EnsureCreatedAsync for worker 12108... {"SourceContext": "Infrastructure.Services.DatabaseTestService", "Application": "Crud.Api"}
[06:33:25 INF] [Phase 2] EnsureCreatedAsync completed in 18.9777ms {"SourceContext": "Infrastructure.Services.DatabaseTestService", "Application": "Crud.Api"}
[06:33:25 INF] [Phase 3] Skipping database seeding as requested for worker 12108 {"SourceContext": "Infrastructure.Services.DatabaseTestService", "Application": "Crud.Api"}
[06:33:25 INF] Database reset via file deletion completed for worker 12108 in 120.8785ms (Close: 0.0006ms, Delete: 1.5496ms, Create: 18.9777ms) {"SourceContext": "Infrastructure.Services.DatabaseTestService", "Application": "Crud.Api"}
[06:33:25 INF] Releasing database mutex for worker 12108 {"SourceContext": "Infrastructure.Services.DatabaseTestService", "Application": "Crud.Api"}
[06:33:25 INF] User registered successfully: 63c4e374-6381-4964-82ae-66316b3f0599 {"SourceContext": "App.Features.Authentication.RegisterUserCommandHandler", "ActionId": "ee18bf61-6332-47e5-a406-02f29c4c1faa", "ActionName": "Api.Controllers.AuthController.Register (Api)", "RequestId": "0HNFGVK4NGCLL", "RequestPath": "/api/auth/register", "Application": "Crud.Api"}
Activity.TraceId:            80d02a0bb7c07b81add63041c7b9d439
Activity.SpanId:             2a143ac1e0b4d31b
Activity.TraceFlags:         Recorded
Activity.ActivitySourceName: Microsoft.AspNetCore
Activity.DisplayName:        POST api/Auth/register
Activity.Kind:               Server
Activity.StartTime:          2025-09-11T06:33:25.1646015Z
Activity.Duration:           00:00:00.2992900
Activity.Tags:
    server.address: localhost
    http.request.method: POST
    url.scheme: http
    url.path: /api/auth/register
    network.protocol.version: 1.1
    http.route: api/Auth/register
    http.response.status_code: 200
Resource associated with Activity:
    deployment.environment: Testing
    service.name: Crud.Api
    service.version: 1.0.0
    service.instance.id: 10e2e254-224c-48e1-a2d2-8bbb5483cf26
    telemetry.sdk.name: opentelemetry
    telemetry.sdk.language: dotnet
    telemetry.sdk.version: 1.8.1
[06:33:25 INF] User logged in successfully: 63c4e374-6381-4964-82ae-66316b3f0599 {"SourceContext": "App.Features.Authentication.LoginCommandHandler", "ActionId": "8dab0e08-bbeb-4ce9-af7b-6fce50492697", "ActionName": "Api.Controllers.AuthController.Login (Api)", "RequestId": "0HNFGVK4NGCLM", "RequestPath": "/api/auth/login", "Application": "Crud.Api"}
Activity.TraceId:            1a9d4a953a4e591eed3429c87a151296
Activity.SpanId:             2fc0b0b14b16d31b
Activity.TraceFlags:         Recorded
Activity.ActivitySourceName: Microsoft.AspNetCore
Activity.DisplayName:        POST api/Auth/login
Activity.Kind:               Server
Activity.StartTime:          2025-09-11T06:33:25.4651320Z
Activity.Duration:           00:00:00.2965093
Activity.Tags:
    server.address: localhost
    http.request.method: POST
    url.scheme: http
    url.path: /api/auth/login
    network.protocol.version: 1.1
    http.route: api/Auth/login
    http.response.status_code: 200
Resource associated with Activity:
    deployment.environment: Testing
    service.name: Crud.Api
    service.version: 1.0.0
    service.instance.id: 10e2e254-224c-48e1-a2d2-8bbb5483cf26
    telemetry.sdk.name: opentelemetry
    telemetry.sdk.language: dotnet
    telemetry.sdk.version: 1.8.1
[06:33:25 DBG] Removed cache value for key: entity:person:da1a656142eb4c0587cfb6f3014e92f5 {"SourceContext": "Infrastructure.Services.Caching.InMemoryCacheService", "ActionId": "bf78c6e9-c9b2-4ce7-bac4-58a616d6176d", "ActionName": "Api.Controllers.PeopleController.Create (Api)", "RequestId": "0HNFGVK4NGCLN", "RequestPath": "/api/people", "Application": "Crud.Api"}
[06:33:25 DBG] Removed cache value for key: list:person {"SourceContext": "Infrastructure.Services.Caching.InMemoryCacheService", "ActionId": "bf78c6e9-c9b2-4ce7-bac4-58a616d6176d", "ActionName": "Api.Controllers.PeopleController.Create (Api)", "RequestId": "0HNFGVK4NGCLN", "RequestPath": "/api/people", "Application": "Crud.Api"}
[06:33:25 DBG] Invalidating cache for entity type: people with tag: people {"SourceContext": "Api.Services.OutputCacheInvalidationService", "ActionId": "bf78c6e9-c9b2-4ce7-bac4-58a616d6176d", "ActionName": "Api.Controllers.PeopleController.Create (Api)", "RequestId": "0HNFGVK4NGCLN", "RequestPath": "/api/people", "Application": "Crud.Api"}
[06:33:25 INF] Successfully invalidated cache for entity type: people {"SourceContext": "Api.Services.OutputCacheInvalidationService", "ActionId": "bf78c6e9-c9b2-4ce7-bac4-58a616d6176d", "ActionName": "Api.Controllers.PeopleController.Create (Api)", "RequestId": "0HNFGVK4NGCLN", "RequestPath": "/api/people", "Application": "Crud.Api"}
Activity.TraceId:            caaf6114c6f569c4b8f6aa8060cefb39
Activity.SpanId:             555e636c2ff5e0b8
Activity.TraceFlags:         Recorded
Activity.ActivitySourceName: Microsoft.AspNetCore
Activity.DisplayName:        POST api/People
Activity.Kind:               Server
Activity.StartTime:          2025-09-11T06:33:25.7625530Z
Activity.Duration:           00:00:00.0026495
Activity.Tags:
    server.address: localhost
    http.request.method: POST
    url.scheme: http
    url.path: /api/people
    network.protocol.version: 1.1
    http.route: api/People
    http.response.status_code: 201
Resource associated with Activity:
    deployment.environment: Testing
    service.name: Crud.Api
    service.version: 1.0.0
    service.instance.id: 10e2e254-224c-48e1-a2d2-8bbb5483cf26
    telemetry.sdk.name: opentelemetry
    telemetry.sdk.language: dotnet
    telemetry.sdk.version: 1.8.1
[06:33:25 INF] Resetting database for worker 12108 {"SourceContext": "Infrastructure.Services.DatabaseTestService", "Application": "Crud.Api"}
[06:33:25 INF] Resetting database via file deletion for worker 12108 in CI environment {"SourceContext": "Infrastructure.Services.DatabaseTestService", "Application": "Crud.Api"}
[06:33:25 INF] Acquiring database mutex for worker 12108... {"SourceContext": "Infrastructure.Services.DatabaseTestService", "Application": "Crud.Api"}
[06:33:25 INF] Database mutex acquired for worker 12108 {"SourceContext": "Infrastructure.Services.DatabaseTestService", "Application": "Crud.Api"}
[06:33:25 INF] Current database state - CanConnect: True {"SourceContext": "Infrastructure.Services.DatabaseTestService", "Application": "Crud.Api"}
[06:33:25 INF] [Phase 0] Closing database connection for worker 12108... {"SourceContext": "Infrastructure.Services.DatabaseTestService", "Application": "Crud.Api"}
[06:33:25 INF] [Phase 0] Connection closed in 0.0009ms {"SourceContext": "Infrastructure.Services.DatabaseTestService", "Application": "Crud.Api"}
[06:33:25 INF] [Phase 1] Starting EnsureDeletedAsync for worker 12108... {"SourceContext": "Infrastructure.Services.DatabaseTestService", "Application": "Crud.Api"}
[06:33:25 INF] [Phase 1] EnsureDeletedAsync completed in 1.6741ms {"SourceContext": "Infrastructure.Services.DatabaseTestService", "Application": "Crud.Api"}
[06:33:25 INF] [Phase 2] Starting EnsureCreatedAsync for worker 12108... {"SourceContext": "Infrastructure.Services.DatabaseTestService", "Application": "Crud.Api"}
[06:33:25 INF] [Phase 2] EnsureCreatedAsync completed in 9.0139ms {"SourceContext": "Infrastructure.Services.DatabaseTestService", "Application": "Crud.Api"}
[06:33:25 INF] [Phase 3] Skipping database seeding as requested for worker 12108 {"SourceContext": "Infrastructure.Services.DatabaseTestService", "Application": "Crud.Api"}
[06:33:25 INF] Database reset via file deletion completed for worker 12108 in 111.1294ms (Close: 0.0009ms, Delete: 1.6741ms, Create: 9.0139ms) {"SourceContext": "Infrastructure.Services.DatabaseTestService", "Application": "Crud.Api"}
[06:33:25 INF] Releasing database mutex for worker 12108 {"SourceContext": "Infrastructure.Services.DatabaseTestService", "Application": "Crud.Api"}
[06:33:25 INF] Resetting database for worker 12108 {"SourceContext": "Infrastructure.Services.DatabaseTestService", "Application": "Crud.Api"}
[06:33:25 INF] Resetting database via file deletion for worker 12108 in CI environment {"SourceContext": "Infrastructure.Services.DatabaseTestService", "Application": "Crud.Api"}
[06:33:25 INF] Acquiring database mutex for worker 12108... {"SourceContext": "Infrastructure.Services.DatabaseTestService", "Application": "Crud.Api"}
[06:33:25 INF] Database mutex acquired for worker 12108 {"SourceContext": "Infrastructure.Services.DatabaseTestService", "Application": "Crud.Api"}
[06:33:25 INF] Current database state - CanConnect: True {"SourceContext": "Infrastructure.Services.DatabaseTestService", "Application": "Crud.Api"}
[06:33:25 INF] [Phase 0] Closing database connection for worker 12108... {"SourceContext": "Infrastructure.Services.DatabaseTestService", "Application": "Crud.Api"}
[06:33:25 INF] [Phase 0] Connection closed in 0.0006ms {"SourceContext": "Infrastructure.Services.DatabaseTestService", "Application": "Crud.Api"}
[06:33:25 INF] [Phase 1] Starting EnsureDeletedAsync for worker 12108... {"SourceContext": "Infrastructure.Services.DatabaseTestService", "Application": "Crud.Api"}
[06:33:25 INF] [Phase 1] EnsureDeletedAsync completed in 1.5181ms {"SourceContext": "Infrastructure.Services.DatabaseTestService", "Application": "Crud.Api"}
[06:33:25 INF] [Phase 2] Starting EnsureCreatedAsync for worker 12108... {"SourceContext": "Infrastructure.Services.DatabaseTestService", "Application": "Crud.Api"}
[06:33:25 INF] [Phase 2] EnsureCreatedAsync completed in 8.4265ms {"SourceContext": "Infrastructure.Services.DatabaseTestService", "Application": "Crud.Api"}
[06:33:25 INF] [Phase 3] Skipping database seeding as requested for worker 12108 {"SourceContext": "Infrastructure.Services.DatabaseTestService", "Application": "Crud.Api"}
[06:33:25 INF] Database reset via file deletion completed for worker 12108 in 109.5161ms (Close: 0.0006ms, Delete: 1.5181ms, Create: 8.4265ms) {"SourceContext": "Infrastructure.Services.DatabaseTestService", "Application": "Crud.Api"}
[06:33:25 INF] Releasing database mutex for worker 12108 {"SourceContext": "Infrastructure.Services.DatabaseTestService", "Application": "Crud.Api"}
[06:33:26 INF] User registered successfully: b05e5e35-5f30-400e-af99-11baf102e564 {"SourceContext": "App.Features.Authentication.RegisterUserCommandHandler", "ActionId": "ee18bf61-6332-47e5-a406-02f29c4c1faa", "ActionName": "Api.Controllers.AuthController.Register (Api)", "RequestId": "0HNFGVK4NGCLO", "RequestPath": "/api/auth/register", "Application": "Crud.Api"}
Activity.TraceId:            94b77160f94d9c29737701eee87ad8c8
Activity.SpanId:             ac980c624a717465
Activity.TraceFlags:         Recorded
Activity.ActivitySourceName: Microsoft.AspNetCore
Activity.DisplayName:        POST api/Auth/register
Activity.Kind:               Server
Activity.StartTime:          2025-09-11T06:33:25.9909456Z
Activity.Duration:           00:00:00.2994957
Activity.Tags:
    server.address: localhost
    http.request.method: POST
    url.scheme: http
    url.path: /api/auth/register
    network.protocol.version: 1.1
    http.route: api/Auth/register
    http.response.status_code: 200
Resource associated with Activity:
    deployment.environment: Testing
    service.name: Crud.Api
    service.version: 1.0.0
    service.instance.id: 10e2e254-224c-48e1-a2d2-8bbb5483cf26
    telemetry.sdk.name: opentelemetry
    telemetry.sdk.language: dotnet
    telemetry.sdk.version: 1.8.1
[06:33:26 DBG] Cache miss for key: list:person {"SourceContext": "Infrastructure.Services.Caching.InMemoryCacheService", "ActionId": "e7007d2b-8394-4584-87a5-aa34cee4a56a", "ActionName": "Api.Controllers.PeopleController.List (Api)", "RequestId": "0HNFGVK4NGCLP", "RequestPath": "/api/people", "Application": "Crud.Api"}
[06:33:26 DBG] Set cache value for key: list:person {"SourceContext": "Infrastructure.Services.Caching.InMemoryCacheService", "ActionId": "e7007d2b-8394-4584-87a5-aa34cee4a56a", "ActionName": "Api.Controllers.PeopleController.List (Api)", "RequestId": "0HNFGVK4NGCLP", "RequestPath": "/api/people", "Application": "Crud.Api"}
Activity.TraceId:            5e2ba8d26df3274d21420206f2c213e1
Activity.SpanId:             2400bf505da97c5c
Activity.TraceFlags:         Recorded
Activity.ActivitySourceName: Microsoft.AspNetCore
Activity.DisplayName:        GET api/People
Activity.Kind:               Server
Activity.StartTime:          2025-09-11T06:33:26.2912220Z
Activity.Duration:           00:00:00.0077326
Activity.Tags:
    server.address: localhost
    http.request.method: GET
    url.scheme: http
    url.path: /api/people
    network.protocol.version: 1.1
    http.route: api/People
    http.response.status_code: 200
Resource associated with Activity:
    deployment.environment: Testing
    service.name: Crud.Api
    service.version: 1.0.0
    service.instance.id: 10e2e254-224c-48e1-a2d2-8bbb5483cf26
    telemetry.sdk.name: opentelemetry
    telemetry.sdk.language: dotnet
    telemetry.sdk.version: 1.8.1
[06:33:26 INF] Resetting database for worker 12108 {"SourceContext": "Infrastructure.Services.DatabaseTestService", "Application": "Crud.Api"}
[06:33:26 INF] Resetting database via file deletion for worker 12108 in CI environment {"SourceContext": "Infrastructure.Services.DatabaseTestService", "Application": "Crud.Api"}
[06:33:26 INF] Acquiring database mutex for worker 12108... {"SourceContext": "Infrastructure.Services.DatabaseTestService", "Application": "Crud.Api"}
[06:33:26 INF] Database mutex acquired for worker 12108 {"SourceContext": "Infrastructure.Services.DatabaseTestService", "Application": "Crud.Api"}
[06:33:26 INF] Current database state - CanConnect: True {"SourceContext": "Infrastructure.Services.DatabaseTestService", "Application": "Crud.Api"}
[06:33:26 INF] [Phase 0] Closing database connection for worker 12108... {"SourceContext": "Infrastructure.Services.DatabaseTestService", "Application": "Crud.Api"}
[06:33:26 INF] [Phase 0] Connection closed in 0.0006ms {"SourceContext": "Infrastructure.Services.DatabaseTestService", "Application": "Crud.Api"}
[06:33:26 INF] [Phase 1] Starting EnsureDeletedAsync for worker 12108... {"SourceContext": "Infrastructure.Services.DatabaseTestService", "Application": "Crud.Api"}
[06:33:26 INF] [Phase 1] EnsureDeletedAsync completed in 1.7073ms {"SourceContext": "Infrastructure.Services.DatabaseTestService", "Application": "Crud.Api"}
[06:33:26 INF] [Phase 2] Starting EnsureCreatedAsync for worker 12108... {"SourceContext": "Infrastructure.Services.DatabaseTestService", "Application": "Crud.Api"}
[06:33:26 INF] [Phase 2] EnsureCreatedAsync completed in 8.5142ms {"SourceContext": "Infrastructure.Services.DatabaseTestService", "Application": "Crud.Api"}
[06:33:26 INF] [Phase 3] Skipping database seeding as requested for worker 12108 {"SourceContext": "Infrastructure.Services.DatabaseTestService", "Application": "Crud.Api"}
[06:33:26 INF] Database reset via file deletion completed for worker 12108 in 110.5232ms (Close: 0.0006ms, Delete: 1.7073ms, Create: 8.5142ms) {"SourceContext": "Infrastructure.Services.DatabaseTestService", "Application": "Crud.Api"}
[06:33:26 INF] Releasing database mutex for worker 12108 {"SourceContext": "Infrastructure.Services.DatabaseTestService", "Application": "Crud.Api"}
[06:33:26 INF] Resetting database for worker 12108 {"SourceContext": "Infrastructure.Services.DatabaseTestService", "Application": "Crud.Api"}
[06:33:26 INF] Resetting database via file deletion for worker 12108 in CI environment {"SourceContext": "Infrastructure.Services.DatabaseTestService", "Application": "Crud.Api"}
[06:33:26 INF] Acquiring database mutex for worker 12108... {"SourceContext": "Infrastructure.Services.DatabaseTestService", "Application": "Crud.Api"}
[06:33:26 INF] Database mutex acquired for worker 12108 {"SourceContext": "Infrastructure.Services.DatabaseTestService", "Application": "Crud.Api"}
[06:33:26 INF] Current database state - CanConnect: True {"SourceContext": "Infrastructure.Services.DatabaseTestService", "Application": "Crud.Api"}
[06:33:26 INF] [Phase 0] Closing database connection for worker 12108... {"SourceContext": "Infrastructure.Services.DatabaseTestService", "Application": "Crud.Api"}
[06:33:26 INF] [Phase 0] Connection closed in 0.0005ms {"SourceContext": "Infrastructure.Services.DatabaseTestService", "Application": "Crud.Api"}
[06:33:26 INF] [Phase 1] Starting EnsureDeletedAsync for worker 12108... {"SourceContext": "Infrastructure.Services.DatabaseTestService", "Application": "Crud.Api"}
[06:33:26 INF] [Phase 1] EnsureDeletedAsync completed in 1.3493ms {"SourceContext": "Infrastructure.Services.DatabaseTestService", "Application": "Crud.Api"}
[06:33:26 INF] [Phase 2] Starting EnsureCreatedAsync for worker 12108... {"SourceContext": "Infrastructure.Services.DatabaseTestService", "Application": "Crud.Api"}
[06:33:26 INF] [Phase 2] EnsureCreatedAsync completed in 21.3844ms {"SourceContext": "Infrastructure.Services.DatabaseTestService", "Application": "Crud.Api"}
[06:33:26 INF] [Phase 3] Skipping database seeding as requested for worker 12108 {"SourceContext": "Infrastructure.Services.DatabaseTestService", "Application": "Crud.Api"}
[06:33:26 INF] Database reset via file deletion completed for worker 12108 in 123.451ms (Close: 0.0005ms, Delete: 1.3493ms, Create: 21.3844ms) {"SourceContext": "Infrastructure.Services.DatabaseTestService", "Application": "Crud.Api"}
[06:33:26 INF] Releasing database mutex for worker 12108 {"SourceContext": "Infrastructure.Services.DatabaseTestService", "Application": "Crud.Api"}
[06:33:26 INF] User registered successfully: c92d87be-35be-4c57-931a-5c67b6f2e1bb {"SourceContext": "App.Features.Authentication.RegisterUserCommandHandler", "ActionId": "ee18bf61-6332-47e5-a406-02f29c4c1faa", "ActionName": "Api.Controllers.AuthController.Register (Api)", "RequestId": "0HNFGVK4NGCLQ", "RequestPath": "/api/auth/register", "Application": "Crud.Api"}
Activity.TraceId:            59112800c881f0c9102de32a10a1f997
Activity.SpanId:             752e1993c588bd38
Activity.TraceFlags:         Recorded
Activity.ActivitySourceName: Microsoft.AspNetCore
Activity.DisplayName:        POST api/Auth/register
Activity.Kind:               Server
Activity.StartTime:          2025-09-11T06:33:26.5376344Z
Activity.Duration:           00:00:00.2962059
Activity.Tags:
    server.address: localhost
    http.request.method: POST
    url.scheme: http
    url.path: /api/auth/register
    network.protocol.version: 1.1
    http.route: api/Auth/register
    http.response.status_code: 200
Resource associated with Activity:
    deployment.environment: Testing
    service.name: Crud.Api
    service.version: 1.0.0
    service.instance.id: 10e2e254-224c-48e1-a2d2-8bbb5483cf26
    telemetry.sdk.name: opentelemetry
    telemetry.sdk.language: dotnet
    telemetry.sdk.version: 1.8.1
[06:33:27 INF] User logged in successfully: c92d87be-35be-4c57-931a-5c67b6f2e1bb {"SourceContext": "App.Features.Authentication.LoginCommandHandler", "ActionId": "8dab0e08-bbeb-4ce9-af7b-6fce50492697", "ActionName": "Api.Controllers.AuthController.Login (Api)", "RequestId": "0HNFGVK4NGCLR", "RequestPath": "/api/auth/login", "Application": "Crud.Api"}
Activity.TraceId:            9d7e8cb16303d23f8cee901a9d9f3eab
Activity.SpanId:             5ccd6a4d4fb6e0de
Activity.TraceFlags:         Recorded
Activity.ActivitySourceName: Microsoft.AspNetCore
Activity.DisplayName:        POST api/Auth/login
Activity.Kind:               Server
Activity.StartTime:          2025-09-11T06:33:26.8349115Z
Activity.Duration:           00:00:00.2983332
Activity.Tags:
    server.address: localhost
    http.request.method: POST
    url.scheme: http
    url.path: /api/auth/login
    network.protocol.version: 1.1
    http.route: api/Auth/login
    http.response.status_code: 200
Resource associated with Activity:
    deployment.environment: Testing
    service.name: Crud.Api
    service.version: 1.0.0
    service.instance.id: 10e2e254-224c-48e1-a2d2-8bbb5483cf26
    telemetry.sdk.name: opentelemetry
    telemetry.sdk.language: dotnet
    telemetry.sdk.version: 1.8.1
Activity.TraceId:            45fb3262c6138561e0030af50d723d64
Activity.SpanId:             5a6b1be826f40d21
Activity.TraceFlags:         Recorded
Activity.ActivitySourceName: Microsoft.AspNetCore
Activity.DisplayName:        POST api/People
Activity.Kind:               Server
Activity.StartTime:          2025-09-11T06:33:27.1342733Z
Activity.Duration:           00:00:00.0026359
Activity.Tags:
    server.address: localhost
    http.request.method: POST
    url.scheme: http
    url.path: /api/people
    network.protocol.version: 1.1
    http.route: api/People
    http.response.status_code: 400
Resource associated with Activity:
    deployment.environment: Testing
    service.name: Crud.Api
    service.version: 1.0.0
    service.instance.id: 10e2e254-224c-48e1-a2d2-8bbb5483cf26
    telemetry.sdk.name: opentelemetry
    telemetry.sdk.language: dotnet
    telemetry.sdk.version: 1.8.1
[06:33:27 INF] Resetting database for worker 12108 {"SourceContext": "Infrastructure.Services.DatabaseTestService", "Application": "Crud.Api"}
[06:33:27 INF] Resetting database via file deletion for worker 12108 in CI environment {"SourceContext": "Infrastructure.Services.DatabaseTestService", "Application": "Crud.Api"}
[06:33:27 INF] Acquiring database mutex for worker 12108... {"SourceContext": "Infrastructure.Services.DatabaseTestService", "Application": "Crud.Api"}
[06:33:27 INF] Database mutex acquired for worker 12108 {"SourceContext": "Infrastructure.Services.DatabaseTestService", "Application": "Crud.Api"}
[06:33:27 INF] Current database state - CanConnect: True {"SourceContext": "Infrastructure.Services.DatabaseTestService", "Application": "Crud.Api"}
[06:33:27 INF] [Phase 0] Closing database connection for worker 12108... {"SourceContext": "Infrastructure.Services.DatabaseTestService", "Application": "Crud.Api"}
[06:33:27 INF] [Phase 0] Connection closed in 0.0007ms {"SourceContext": "Infrastructure.Services.DatabaseTestService", "Application": "Crud.Api"}
[06:33:27 INF] [Phase 1] Starting EnsureDeletedAsync for worker 12108... {"SourceContext": "Infrastructure.Services.DatabaseTestService", "Application": "Crud.Api"}
[06:33:27 INF] [Phase 1] EnsureDeletedAsync completed in 1.3787ms {"SourceContext": "Infrastructure.Services.DatabaseTestService", "Application": "Crud.Api"}
[06:33:27 INF] [Phase 2] Starting EnsureCreatedAsync for worker 12108... {"SourceContext": "Infrastructure.Services.DatabaseTestService", "Application": "Crud.Api"}
[06:33:27 INF] [Phase 2] EnsureCreatedAsync completed in 7.8192ms {"SourceContext": "Infrastructure.Services.DatabaseTestService", "Application": "Crud.Api"}
[06:33:27 INF] [Phase 3] Skipping database seeding as requested for worker 12108 {"SourceContext": "Infrastructure.Services.DatabaseTestService", "Application": "Crud.Api"}
[06:33:27 INF] Database reset via file deletion completed for worker 12108 in 109.6156ms (Close: 0.0007ms, Delete: 1.3787ms, Create: 7.8192ms) {"SourceContext": "Infrastructure.Services.DatabaseTestService", "Application": "Crud.Api"}
[06:33:27 INF] Releasing database mutex for worker 12108 {"SourceContext": "Infrastructure.Services.DatabaseTestService", "Application": "Crud.Api"}
[06:33:27 INF] Resetting database for worker 12108 {"SourceContext": "Infrastructure.Services.DatabaseTestService", "Application": "Crud.Api"}
[06:33:27 INF] Resetting database via file deletion for worker 12108 in CI environment {"SourceContext": "Infrastructure.Services.DatabaseTestService", "Application": "Crud.Api"}
[06:33:27 INF] Acquiring database mutex for worker 12108... {"SourceContext": "Infrastructure.Services.DatabaseTestService", "Application": "Crud.Api"}
[06:33:27 INF] Database mutex acquired for worker 12108 {"SourceContext": "Infrastructure.Services.DatabaseTestService", "Application": "Crud.Api"}
[06:33:27 INF] Current database state - CanConnect: True {"SourceContext": "Infrastructure.Services.DatabaseTestService", "Application": "Crud.Api"}
[06:33:27 INF] [Phase 0] Closing database connection for worker 12108... {"SourceContext": "Infrastructure.Services.DatabaseTestService", "Application": "Crud.Api"}
[06:33:27 INF] [Phase 0] Connection closed in 0.0006ms {"SourceContext": "Infrastructure.Services.DatabaseTestService", "Application": "Crud.Api"}
[06:33:27 INF] [Phase 1] Starting EnsureDeletedAsync for worker 12108... {"SourceContext": "Infrastructure.Services.DatabaseTestService", "Application": "Crud.Api"}
[06:33:27 INF] [Phase 1] EnsureDeletedAsync completed in 1.4303ms {"SourceContext": "Infrastructure.Services.DatabaseTestService", "Application": "Crud.Api"}
[06:33:27 INF] [Phase 2] Starting EnsureCreatedAsync for worker 12108... {"SourceContext": "Infrastructure.Services.DatabaseTestService", "Application": "Crud.Api"}
[06:33:27 INF] [Phase 2] EnsureCreatedAsync completed in 7.6392ms {"SourceContext": "Infrastructure.Services.DatabaseTestService", "Application": "Crud.Api"}
[06:33:27 INF] [Phase 3] Skipping database seeding as requested for worker 12108 {"SourceContext": "Infrastructure.Services.DatabaseTestService", "Application": "Crud.Api"}
[06:33:27 INF] Database reset via file deletion completed for worker 12108 in 109.6892ms (Close: 0.0006ms, Delete: 1.4303ms, Create: 7.6392ms) {"SourceContext": "Infrastructure.Services.DatabaseTestService", "Application": "Crud.Api"}
[06:33:27 INF] Releasing database mutex for worker 12108 {"SourceContext": "Infrastructure.Services.DatabaseTestService", "Application": "Crud.Api"}
[06:33:27 INF] User registered successfully: cadb7dd1-9fa2-4a08-a5fc-c02cc6f5fab3 {"SourceContext": "App.Features.Authentication.RegisterUserCommandHandler", "ActionId": "ee18bf61-6332-47e5-a406-02f29c4c1faa", "ActionName": "Api.Controllers.AuthController.Register (Api)", "RequestId": "0HNFGVK4NGCLT", "RequestPath": "/api/auth/register", "Application": "Crud.Api"}
Activity.TraceId:            04993a82f14416a903a5257ff704b72a
Activity.SpanId:             ddbadd85da6d1af0
Activity.TraceFlags:         Recorded
Activity.ActivitySourceName: Microsoft.AspNetCore
Activity.DisplayName:        POST api/Auth/register
Activity.Kind:               Server
Activity.StartTime:          2025-09-11T06:33:27.3608180Z
Activity.Duration:           00:00:00.2975219
Activity.Tags:
    server.address: localhost
    http.request.method: POST
    url.scheme: http
    url.path: /api/auth/register
    network.protocol.version: 1.1
    http.route: api/Auth/register
    http.response.status_code: 200
Resource associated with Activity:
    deployment.environment: Testing
    service.name: Crud.Api
    service.version: 1.0.0
    service.instance.id: 10e2e254-224c-48e1-a2d2-8bbb5483cf26
    telemetry.sdk.name: opentelemetry
    telemetry.sdk.language: dotnet
    telemetry.sdk.version: 1.8.1
[06:33:27 INF] User logged in successfully: cadb7dd1-9fa2-4a08-a5fc-c02cc6f5fab3 {"SourceContext": "App.Features.Authentication.LoginCommandHandler", "ActionId": "8dab0e08-bbeb-4ce9-af7b-6fce50492697", "ActionName": "Api.Controllers.AuthController.Login (Api)", "RequestId": "0HNFGVK4NGCLU", "RequestPath": "/api/auth/login", "Application": "Crud.Api"}
Activity.TraceId:            7ac55761074b023926052aa1e1f6450d
Activity.SpanId:             0c3a3fe28c3fcccf
Activity.TraceFlags:         Recorded
Activity.ActivitySourceName: Microsoft.AspNetCore
Activity.DisplayName:        POST api/Auth/login
Activity.Kind:               Server
Activity.StartTime:          2025-09-11T06:33:27.6593330Z
Activity.Duration:           00:00:00.2959978
Activity.Tags:
    server.address: localhost
    http.request.method: POST
    url.scheme: http
    url.path: /api/auth/login
    network.protocol.version: 1.1
    http.route: api/Auth/login
    http.response.status_code: 200
Resource associated with Activity:
    deployment.environment: Testing
    service.name: Crud.Api
    service.version: 1.0.0
    service.instance.id: 10e2e254-224c-48e1-a2d2-8bbb5483cf26
    telemetry.sdk.name: opentelemetry
    telemetry.sdk.language: dotnet
    telemetry.sdk.version: 1.8.1
[06:33:27 DBG] Removed cache value for key: entity:person:9ac156b3f5c04e17a92a51aef845401c {"SourceContext": "Infrastructure.Services.Caching.InMemoryCacheService", "ActionId": "bf78c6e9-c9b2-4ce7-bac4-58a616d6176d", "ActionName": "Api.Controllers.PeopleController.Create (Api)", "RequestId": "0HNFGVK4NGCLV", "RequestPath": "/api/people", "Application": "Crud.Api"}
[06:33:27 DBG] Removed cache value for key: list:person {"SourceContext": "Infrastructure.Services.Caching.InMemoryCacheService", "ActionId": "bf78c6e9-c9b2-4ce7-bac4-58a616d6176d", "ActionName": "Api.Controllers.PeopleController.Create (Api)", "RequestId": "0HNFGVK4NGCLV", "RequestPath": "/api/people", "Application": "Crud.Api"}
[06:33:27 DBG] Invalidating cache for entity type: people with tag: people {"SourceContext": "Api.Services.OutputCacheInvalidationService", "ActionId": "bf78c6e9-c9b2-4ce7-bac4-58a616d6176d", "ActionName": "Api.Controllers.PeopleController.Create (Api)", "RequestId": "0HNFGVK4NGCLV", "RequestPath": "/api/people", "Application": "Crud.Api"}
[06:33:27 INF] Successfully invalidated cache for entity type: people {"SourceContext": "Api.Services.OutputCacheInvalidationService", "ActionId": "bf78c6e9-c9b2-4ce7-bac4-58a616d6176d", "ActionName": "Api.Controllers.PeopleController.Create (Api)", "RequestId": "0HNFGVK4NGCLV", "RequestPath": "/api/people", "Application": "Crud.Api"}
Activity.TraceId:            88692b7c456ec155347766f9724280ff
Activity.SpanId:             ed4cb52e6fd4ad74
Activity.TraceFlags:         Recorded
Activity.ActivitySourceName: Microsoft.AspNetCore
Activity.DisplayName:        POST api/People
Activity.Kind:               Server
Activity.StartTime:          2025-09-11T06:33:27.9561501Z
Activity.Duration:           00:00:00.0041755
Activity.Tags:
    server.address: localhost
    http.request.method: POST
    url.scheme: http
    url.path: /api/people
    network.protocol.version: 1.1
    http.route: api/People
    http.response.status_code: 201
Resource associated with Activity:
    deployment.environment: Testing
    service.name: Crud.Api
    service.version: 1.0.0
    service.instance.id: 10e2e254-224c-48e1-a2d2-8bbb5483cf26
    telemetry.sdk.name: opentelemetry
    telemetry.sdk.language: dotnet
    telemetry.sdk.version: 1.8.1
[06:33:27 DBG] Cache miss for key: entity:person:9ac156b3f5c04e17a92a51aef845401c {"SourceContext": "Infrastructure.Services.Caching.InMemoryCacheService", "ActionId": "56b543f8-576c-4044-9ade-6937f689b6a4", "ActionName": "Api.Controllers.PeopleController.Update (Api)", "RequestId": "0HNFGVK4NGCM0", "RequestPath": "/api/people/9ac156b3-f5c0-4e17-a92a-51aef845401c", "Application": "Crud.Api"}
[06:33:27 DBG] Set cache value for key: entity:person:9ac156b3f5c04e17a92a51aef845401c {"SourceContext": "Infrastructure.Services.Caching.InMemoryCacheService", "ActionId": "56b543f8-576c-4044-9ade-6937f689b6a4", "ActionName": "Api.Controllers.PeopleController.Update (Api)", "RequestId": "0HNFGVK4NGCM0", "RequestPath": "/api/people/9ac156b3-f5c0-4e17-a92a-51aef845401c", "Application": "Crud.Api"}
[06:33:27 DBG] Removed cache value for key: entity:person:9ac156b3f5c04e17a92a51aef845401c {"SourceContext": "Infrastructure.Services.Caching.InMemoryCacheService", "ActionId": "56b543f8-576c-4044-9ade-6937f689b6a4", "ActionName": "Api.Controllers.PeopleController.Update (Api)", "RequestId": "0HNFGVK4NGCM0", "RequestPath": "/api/people/9ac156b3-f5c0-4e17-a92a-51aef845401c", "Application": "Crud.Api"}
[06:33:27 DBG] Removed cache value for key: list:person {"SourceContext": "Infrastructure.Services.Caching.InMemoryCacheService", "ActionId": "56b543f8-576c-4044-9ade-6937f689b6a4", "ActionName": "Api.Controllers.PeopleController.Update (Api)", "RequestId": "0HNFGVK4NGCM0", "RequestPath": "/api/people/9ac156b3-f5c0-4e17-a92a-51aef845401c", "Application": "Crud.Api"}
[06:33:27 DBG] Invalidating cache for entity: people/9ac156b3-f5c0-4e17-a92a-51aef845401c with tags: people, people:9ac156b3-f5c0-4e17-a92a-51aef845401c {"SourceContext": "Api.Services.OutputCacheInvalidationService", "ActionId": "56b543f8-576c-4044-9ade-6937f689b6a4", "ActionName": "Api.Controllers.PeopleController.Update (Api)", "RequestId": "0HNFGVK4NGCM0", "RequestPath": "/api/people/9ac156b3-f5c0-4e17-a92a-51aef845401c", "Application": "Crud.Api"}
[06:33:27 DBG] Successfully invalidated cache for tag: people {"SourceContext": "Api.Services.OutputCacheInvalidationService", "ActionId": "56b543f8-576c-4044-9ade-6937f689b6a4", "ActionName": "Api.Controllers.PeopleController.Update (Api)", "RequestId": "0HNFGVK4NGCM0", "RequestPath": "/api/people/9ac156b3-f5c0-4e17-a92a-51aef845401c", "Application": "Crud.Api"}
[06:33:27 DBG] Successfully invalidated cache for tag: people:9ac156b3-f5c0-4e17-a92a-51aef845401c {"SourceContext": "Api.Services.OutputCacheInvalidationService", "ActionId": "56b543f8-576c-4044-9ade-6937f689b6a4", "ActionName": "Api.Controllers.PeopleController.Update (Api)", "RequestId": "0HNFGVK4NGCM0", "RequestPath": "/api/people/9ac156b3-f5c0-4e17-a92a-51aef845401c", "Application": "Crud.Api"}
Activity.TraceId:            202640a570c8084a94c1978a65506411
Activity.SpanId:             880d6086b3ad60e0
Activity.TraceFlags:         Recorded
Activity.ActivitySourceName: Microsoft.AspNetCore
Activity.DisplayName:        PUT api/People/{id:guid}
Activity.Kind:               Server
Activity.StartTime:          2025-09-11T06:33:27.9607718Z
Activity.Duration:           00:00:00.0068467
Activity.Tags:
    server.address: localhost
    http.request.method: PUT
    url.scheme: http
    url.path: /api/people/9ac156b3-f5c0-4e17-a92a-51aef845401c
    network.protocol.version: 1.1
    http.route: api/People/{id:guid}
    http.response.status_code: 204
Resource associated with Activity:
    deployment.environment: Testing
    service.name: Crud.Api
    service.version: 1.0.0
    service.instance.id: 10e2e254-224c-48e1-a2d2-8bbb5483cf26
    telemetry.sdk.name: opentelemetry
    telemetry.sdk.language: dotnet
    telemetry.sdk.version: 1.8.1
[06:33:27 DBG] Cache miss for key: entity:person:9ac156b3f5c04e17a92a51aef845401c {"SourceContext": "Infrastructure.Services.Caching.InMemoryCacheService", "ActionId": "d3b5a6e2-10b0-4c55-80a9-391fec007aef", "ActionName": "Api.Controllers.PeopleController.Get (Api)", "RequestId": "0HNFGVK4NGCM1", "RequestPath": "/api/people/9ac156b3-f5c0-4e17-a92a-51aef845401c", "Application": "Crud.Api"}
[06:33:27 DBG] Set cache value for key: entity:person:9ac156b3f5c04e17a92a51aef845401c {"SourceContext": "Infrastructure.Services.Caching.InMemoryCacheService", "ActionId": "d3b5a6e2-10b0-4c55-80a9-391fec007aef", "ActionName": "Api.Controllers.PeopleController.Get (Api)", "RequestId": "0HNFGVK4NGCM1", "RequestPath": "/api/people/9ac156b3-f5c0-4e17-a92a-51aef845401c", "Application": "Crud.Api"}
Activity.TraceId:            825a4c0f44e2aebae1119cbaa548c811
Activity.SpanId:             7b52aa9f8971b00d
Activity.TraceFlags:         Recorded
Activity.ActivitySourceName: Microsoft.AspNetCore
Activity.DisplayName:        GET api/People/{id:guid}
Activity.Kind:               Server
Activity.StartTime:          2025-09-11T06:33:27.9676782Z
Activity.Duration:           00:00:00.0037687
Activity.Tags:
    server.address: localhost
    http.request.method: GET
    url.scheme: http
    url.path: /api/people/9ac156b3-f5c0-4e17-a92a-51aef845401c
    network.protocol.version: 1.1
    http.route: api/People/{id:guid}
    http.response.status_code: 200
Resource associated with Activity:
    deployment.environment: Testing
    service.name: Crud.Api
    service.version: 1.0.0
    service.instance.id: 10e2e254-224c-48e1-a2d2-8bbb5483cf26
    telemetry.sdk.name: opentelemetry
    telemetry.sdk.language: dotnet
    telemetry.sdk.version: 1.8.1
[06:33:27 INF] Resetting database for worker 12108 {"SourceContext": "Infrastructure.Services.DatabaseTestService", "Application": "Crud.Api"}
[06:33:27 INF] Resetting database via file deletion for worker 12108 in CI environment {"SourceContext": "Infrastructure.Services.DatabaseTestService", "Application": "Crud.Api"}
[06:33:27 INF] Acquiring database mutex for worker 12108... {"SourceContext": "Infrastructure.Services.DatabaseTestService", "Application": "Crud.Api"}
[06:33:27 INF] Database mutex acquired for worker 12108 {"SourceContext": "Infrastructure.Services.DatabaseTestService", "Application": "Crud.Api"}
[06:33:27 INF] Current database state - CanConnect: True {"SourceContext": "Infrastructure.Services.DatabaseTestService", "Application": "Crud.Api"}
[06:33:27 INF] [Phase 0] Closing database connection for worker 12108... {"SourceContext": "Infrastructure.Services.DatabaseTestService", "Application": "Crud.Api"}
[06:33:27 INF] [Phase 0] Connection closed in 0.0007ms {"SourceContext": "Infrastructure.Services.DatabaseTestService", "Application": "Crud.Api"}
[06:33:27 INF] [Phase 1] Starting EnsureDeletedAsync for worker 12108... {"SourceContext": "Infrastructure.Services.DatabaseTestService", "Application": "Crud.Api"}
[06:33:27 INF] [Phase 1] EnsureDeletedAsync completed in 5.0152ms {"SourceContext": "Infrastructure.Services.DatabaseTestService", "Application": "Crud.Api"}
[06:33:28 INF] [Phase 2] Starting EnsureCreatedAsync for worker 12108... {"SourceContext": "Infrastructure.Services.DatabaseTestService", "Application": "Crud.Api"}
[06:33:28 INF] [Phase 2] EnsureCreatedAsync completed in 7.8482ms {"SourceContext": "Infrastructure.Services.DatabaseTestService", "Application": "Crud.Api"}
[06:33:28 INF] [Phase 3] Skipping database seeding as requested for worker 12108 {"SourceContext": "Infrastructure.Services.DatabaseTestService", "Application": "Crud.Api"}
[06:33:28 INF] Database reset via file deletion completed for worker 12108 in 113.0617ms (Close: 0.0007ms, Delete: 5.0152ms, Create: 7.8482ms) {"SourceContext": "Infrastructure.Services.DatabaseTestService", "Application": "Crud.Api"}
[06:33:28 INF] Releasing database mutex for worker 12108 {"SourceContext": "Infrastructure.Services.DatabaseTestService", "Application": "Crud.Api"}
[06:33:28 INF] Resetting database for worker 12108 {"SourceContext": "Infrastructure.Services.DatabaseTestService", "Application": "Crud.Api"}
[06:33:28 INF] Resetting database via file deletion for worker 12108 in CI environment {"SourceContext": "Infrastructure.Services.DatabaseTestService", "Application": "Crud.Api"}
[06:33:28 INF] Acquiring database mutex for worker 12108... {"SourceContext": "Infrastructure.Services.DatabaseTestService", "Application": "Crud.Api"}
[06:33:28 INF] Database mutex acquired for worker 12108 {"SourceContext": "Infrastructure.Services.DatabaseTestService", "Application": "Crud.Api"}
[06:33:28 INF] Current database state - CanConnect: True {"SourceContext": "Infrastructure.Services.DatabaseTestService", "Application": "Crud.Api"}
[06:33:28 INF] [Phase 0] Closing database connection for worker 12108... {"SourceContext": "Infrastructure.Services.DatabaseTestService", "Application": "Crud.Api"}
[06:33:28 INF] [Phase 0] Connection closed in 0.0006ms {"SourceContext": "Infrastructure.Services.DatabaseTestService", "Application": "Crud.Api"}
[06:33:28 INF] [Phase 1] Starting EnsureDeletedAsync for worker 12108... {"SourceContext": "Infrastructure.Services.DatabaseTestService", "Application": "Crud.Api"}
[06:33:28 INF] [Phase 1] EnsureDeletedAsync completed in 1.0338ms {"SourceContext": "Infrastructure.Services.DatabaseTestService", "Application": "Crud.Api"}
[06:33:28 INF] [Phase 2] Starting EnsureCreatedAsync for worker 12108... {"SourceContext": "Infrastructure.Services.DatabaseTestService", "Application": "Crud.Api"}
[06:33:28 INF] [Phase 2] EnsureCreatedAsync completed in 8.4371ms {"SourceContext": "Infrastructure.Services.DatabaseTestService", "Application": "Crud.Api"}
[06:33:28 INF] [Phase 3] Skipping database seeding as requested for worker 12108 {"SourceContext": "Infrastructure.Services.DatabaseTestService", "Application": "Crud.Api"}
[06:33:28 INF] Database reset via file deletion completed for worker 12108 in 110.105ms (Close: 0.0006ms, Delete: 1.0338ms, Create: 8.4371ms) {"SourceContext": "Infrastructure.Services.DatabaseTestService", "Application": "Crud.Api"}
[06:33:28 INF] Releasing database mutex for worker 12108 {"SourceContext": "Infrastructure.Services.DatabaseTestService", "Application": "Crud.Api"}
Activity.TraceId:            a05740c9a83a5400b3abd8850689533b
Activity.SpanId:             ee229ab8c923f66b
Activity.TraceFlags:         Recorded
Activity.ActivitySourceName: Microsoft.AspNetCore
Activity.DisplayName:        GET api/People
Activity.Kind:               Server
Activity.StartTime:          2025-09-11T06:33:28.1983751Z
Activity.Duration:           00:00:00.0008717
Activity.Tags:
    server.address: localhost
    http.request.method: GET
    url.scheme: http
    url.path: /api/people
    network.protocol.version: 1.1
    http.route: api/People
    http.response.status_code: 401
Resource associated with Activity:
    deployment.environment: Testing
    service.name: Crud.Api
    service.version: 1.0.0
    service.instance.id: 10e2e254-224c-48e1-a2d2-8bbb5483cf26
    telemetry.sdk.name: opentelemetry
    telemetry.sdk.language: dotnet
    telemetry.sdk.version: 1.8.1
[06:33:28 INF] Resetting database for worker 12108 {"SourceContext": "Infrastructure.Services.DatabaseTestService", "Application": "Crud.Api"}
[06:33:28 INF] Resetting database via file deletion for worker 12108 in CI environment {"SourceContext": "Infrastructure.Services.DatabaseTestService", "Application": "Crud.Api"}
[06:33:28 INF] Acquiring database mutex for worker 12108... {"SourceContext": "Infrastructure.Services.DatabaseTestService", "Application": "Crud.Api"}
[06:33:28 INF] Database mutex acquired for worker 12108 {"SourceContext": "Infrastructure.Services.DatabaseTestService", "Application": "Crud.Api"}
[06:33:28 INF] Current database state - CanConnect: True {"SourceContext": "Infrastructure.Services.DatabaseTestService", "Application": "Crud.Api"}
[06:33:28 INF] [Phase 0] Closing database connection for worker 12108... {"SourceContext": "Infrastructure.Services.DatabaseTestService", "Application": "Crud.Api"}
[06:33:28 INF] [Phase 0] Connection closed in 0.0007ms {"SourceContext": "Infrastructure.Services.DatabaseTestService", "Application": "Crud.Api"}
[06:33:28 INF] [Phase 1] Starting EnsureDeletedAsync for worker 12108... {"SourceContext": "Infrastructure.Services.DatabaseTestService", "Application": "Crud.Api"}
[06:33:28 INF] [Phase 1] EnsureDeletedAsync completed in 1.1764ms {"SourceContext": "Infrastructure.Services.DatabaseTestService", "Application": "Crud.Api"}
[06:33:28 INF] [Phase 2] Starting EnsureCreatedAsync for worker 12108... {"SourceContext": "Infrastructure.Services.DatabaseTestService", "Application": "Crud.Api"}
[06:33:28 INF] [Phase 2] EnsureCreatedAsync completed in 12.125ms {"SourceContext": "Infrastructure.Services.DatabaseTestService", "Application": "Crud.Api"}
[06:33:28 INF] [Phase 3] Skipping database seeding as requested for worker 12108 {"SourceContext": "Infrastructure.Services.DatabaseTestService", "Application": "Crud.Api"}
[06:33:28 INF] Database reset via file deletion completed for worker 12108 in 113.2204ms (Close: 0.0007ms, Delete: 1.1764ms, Create: 12.125ms) {"SourceContext": "Infrastructure.Services.DatabaseTestService", "Application": "Crud.Api"}
[06:33:28 INF] Releasing database mutex for worker 12108 {"SourceContext": "Infrastructure.Services.DatabaseTestService", "Application": "Crud.Api"}
[06:33:28 INF] Resetting database for worker 12108 {"SourceContext": "Infrastructure.Services.DatabaseTestService", "Application": "Crud.Api"}
[06:33:28 INF] Resetting database via file deletion for worker 12108 in CI environment {"SourceContext": "Infrastructure.Services.DatabaseTestService", "Application": "Crud.Api"}
[06:33:28 INF] Acquiring database mutex for worker 12108... {"SourceContext": "Infrastructure.Services.DatabaseTestService", "Application": "Crud.Api"}
[06:33:28 INF] Database mutex acquired for worker 12108 {"SourceContext": "Infrastructure.Services.DatabaseTestService", "Application": "Crud.Api"}
[06:33:28 INF] Current database state - CanConnect: True {"SourceContext": "Infrastructure.Services.DatabaseTestService", "Application": "Crud.Api"}
[06:33:28 INF] [Phase 0] Closing database connection for worker 12108... {"SourceContext": "Infrastructure.Services.DatabaseTestService", "Application": "Crud.Api"}
[06:33:28 INF] [Phase 0] Connection closed in 0.0006ms {"SourceContext": "Infrastructure.Services.DatabaseTestService", "Application": "Crud.Api"}
[06:33:28 INF] [Phase 1] Starting EnsureDeletedAsync for worker 12108... {"SourceContext": "Infrastructure.Services.DatabaseTestService", "Application": "Crud.Api"}
[06:33:28 INF] [Phase 1] EnsureDeletedAsync completed in 1.2231ms {"SourceContext": "Infrastructure.Services.DatabaseTestService", "Application": "Crud.Api"}
[06:33:28 INF] [Phase 2] Starting EnsureCreatedAsync for worker 12108... {"SourceContext": "Infrastructure.Services.DatabaseTestService", "Application": "Crud.Api"}
[06:33:28 INF] [Phase 2] EnsureCreatedAsync completed in 9.2924ms {"SourceContext": "Infrastructure.Services.DatabaseTestService", "Application": "Crud.Api"}
[06:33:28 INF] [Phase 3] Skipping database seeding as requested for worker 12108 {"SourceContext": "Infrastructure.Services.DatabaseTestService", "Application": "Crud.Api"}
[06:33:28 INF] Database reset via file deletion completed for worker 12108 in 111.1018ms (Close: 0.0006ms, Delete: 1.2231ms, Create: 9.2924ms) {"SourceContext": "Infrastructure.Services.DatabaseTestService", "Application": "Crud.Api"}
[06:33:28 INF] Releasing database mutex for worker 12108 {"SourceContext": "Infrastructure.Services.DatabaseTestService", "Application": "Crud.Api"}
[06:33:28 INF] User registered successfully: 564286c0-deea-429d-bf6a-d7bd447ed794 {"SourceContext": "App.Features.Authentication.RegisterUserCommandHandler", "ActionId": "ee18bf61-6332-47e5-a406-02f29c4c1faa", "ActionName": "Api.Controllers.AuthController.Register (Api)", "RequestId": "0HNFGVK4NGCM3", "RequestPath": "/api/auth/register", "Application": "Crud.Api"}
Activity.TraceId:            65e77a85eda35b78a1c28a3ab0c7987d
Activity.SpanId:             875efcbbaba630d3
Activity.TraceFlags:         Recorded
Activity.ActivitySourceName: Microsoft.AspNetCore
Activity.DisplayName:        POST api/Auth/register
Activity.Kind:               Server
Activity.StartTime:          2025-09-11T06:33:28.4287144Z
Activity.Duration:           00:00:00.2978393
Activity.Tags:
    server.address: localhost
    http.request.method: POST
    url.scheme: http
    url.path: /api/auth/register
    network.protocol.version: 1.1
    http.route: api/Auth/register
    http.response.status_code: 200
Resource associated with Activity:
    deployment.environment: Testing
    service.name: Crud.Api
    service.version: 1.0.0
    service.instance.id: 10e2e254-224c-48e1-a2d2-8bbb5483cf26
    telemetry.sdk.name: opentelemetry
    telemetry.sdk.language: dotnet
    telemetry.sdk.version: 1.8.1
[06:33:29 INF] User logged in successfully: 564286c0-deea-429d-bf6a-d7bd447ed794 {"SourceContext": "App.Features.Authentication.LoginCommandHandler", "ActionId": "8dab0e08-bbeb-4ce9-af7b-6fce50492697", "ActionName": "Api.Controllers.AuthController.Login (Api)", "RequestId": "0HNFGVK4NGCM4", "RequestPath": "/api/auth/login", "Application": "Crud.Api"}
Activity.TraceId:            6455f5f2cdd699960162a503f1836f90
Activity.SpanId:             fdee943a4b0ee259
Activity.TraceFlags:         Recorded
Activity.ActivitySourceName: Microsoft.AspNetCore
Activity.DisplayName:        POST api/Auth/login
Activity.Kind:               Server
Activity.StartTime:          2025-09-11T06:33:28.7275616Z
Activity.Duration:           00:00:00.2983497
Activity.Tags:
    server.address: localhost
    http.request.method: POST
    url.scheme: http
    url.path: /api/auth/login
    network.protocol.version: 1.1
    http.route: api/Auth/login
    http.response.status_code: 200
Resource associated with Activity:
    deployment.environment: Testing
    service.name: Crud.Api
    service.version: 1.0.0
    service.instance.id: 10e2e254-224c-48e1-a2d2-8bbb5483cf26
    telemetry.sdk.name: opentelemetry
    telemetry.sdk.language: dotnet
    telemetry.sdk.version: 1.8.1
[06:33:29 INF] User registered successfully: 9e3f1890-1af6-49ad-8916-f8ca0bbb6bb6 {"SourceContext": "App.Features.Authentication.RegisterUserCommandHandler", "ActionId": "ee18bf61-6332-47e5-a406-02f29c4c1faa", "ActionName": "Api.Controllers.AuthController.Register (Api)", "RequestId": "0HNFGVK4NGCM5", "RequestPath": "/api/auth/register", "Application": "Crud.Api"}
Activity.TraceId:            90a62a1414d6e6605b5613271a5a0305
Activity.SpanId:             da20973f019bd043
Activity.TraceFlags:         Recorded
Activity.ActivitySourceName: Microsoft.AspNetCore
Activity.DisplayName:        POST api/Auth/register
Activity.Kind:               Server
Activity.StartTime:          2025-09-11T06:33:29.0266127Z
Activity.Duration:           00:00:00.2961211
Activity.Tags:
    server.address: localhost
    http.request.method: POST
    url.scheme: http
    url.path: /api/auth/register
    network.protocol.version: 1.1
    http.route: api/Auth/register
    http.response.status_code: 200
Resource associated with Activity:
    deployment.environment: Testing
    service.name: Crud.Api
    service.version: 1.0.0
    service.instance.id: 10e2e254-224c-48e1-a2d2-8bbb5483cf26
    telemetry.sdk.name: opentelemetry
    telemetry.sdk.language: dotnet
    telemetry.sdk.version: 1.8.1
[06:33:29 DBG] Cache miss for key: name:role:testrole {"SourceContext": "Infrastructure.Services.Caching.InMemoryCacheService", "ActionId": "c543805e-a107-4e73-ab22-de118c06461b", "ActionName": "Api.Controllers.RolesController.Create (Api)", "RequestId": "0HNFGVK4NGCM6", "RequestPath": "/api/roles", "Application": "Crud.Api"}
[06:33:29 DBG] Removed cache value for key: entity:role:d54bc5fd60614b449f64a0605cca1694 {"SourceContext": "Infrastructure.Services.Caching.InMemoryCacheService", "ActionId": "c543805e-a107-4e73-ab22-de118c06461b", "ActionName": "Api.Controllers.RolesController.Create (Api)", "RequestId": "0HNFGVK4NGCM6", "RequestPath": "/api/roles", "Application": "Crud.Api"}
[06:33:29 DBG] Removed cache value for key: list:role {"SourceContext": "Infrastructure.Services.Caching.InMemoryCacheService", "ActionId": "c543805e-a107-4e73-ab22-de118c06461b", "ActionName": "Api.Controllers.RolesController.Create (Api)", "RequestId": "0HNFGVK4NGCM6", "RequestPath": "/api/roles", "Application": "Crud.Api"}
[06:33:29 DBG] Invalidating cache for entity type: roles with tag: roles {"SourceContext": "Api.Services.OutputCacheInvalidationService", "ActionId": "c543805e-a107-4e73-ab22-de118c06461b", "ActionName": "Api.Controllers.RolesController.Create (Api)", "RequestId": "0HNFGVK4NGCM6", "RequestPath": "/api/roles", "Application": "Crud.Api"}
[06:33:29 INF] Successfully invalidated cache for entity type: roles {"SourceContext": "Api.Services.OutputCacheInvalidationService", "ActionId": "c543805e-a107-4e73-ab22-de118c06461b", "ActionName": "Api.Controllers.RolesController.Create (Api)", "RequestId": "0HNFGVK4NGCM6", "RequestPath": "/api/roles", "Application": "Crud.Api"}
Activity.TraceId:            d6a34fd8acabfd6c21fa2a698c5dddf3
Activity.SpanId:             3c6ce47026f7d28f
Activity.TraceFlags:         Recorded
Activity.ActivitySourceName: Microsoft.AspNetCore
Activity.DisplayName:        POST api/Roles
Activity.Kind:               Server
Activity.StartTime:          2025-09-11T06:33:29.3231416Z
Activity.Duration:           00:00:00.0042526
Activity.Tags:
    server.address: localhost
    http.request.method: POST
    url.scheme: http
    url.path: /api/roles
    network.protocol.version: 1.1
    http.route: api/Roles
    http.response.status_code: 201
Resource associated with Activity:
    deployment.environment: Testing
    service.name: Crud.Api
    service.version: 1.0.0
    service.instance.id: 10e2e254-224c-48e1-a2d2-8bbb5483cf26
    telemetry.sdk.name: opentelemetry
    telemetry.sdk.language: dotnet
    telemetry.sdk.version: 1.8.1
[06:33:29 DBG] Cache miss for key: entity:role:d54bc5fd60614b449f64a0605cca1694 {"SourceContext": "Infrastructure.Services.Caching.InMemoryCacheService", "ActionId": "bf78c6e9-c9b2-4ce7-bac4-58a616d6176d", "ActionName": "Api.Controllers.PeopleController.Create (Api)", "RequestId": "0HNFGVK4NGCM7", "RequestPath": "/api/people", "Application": "Crud.Api"}
[06:33:29 DBG] Set cache value for key: entity:role:d54bc5fd60614b449f64a0605cca1694 {"SourceContext": "Infrastructure.Services.Caching.InMemoryCacheService", "ActionId": "bf78c6e9-c9b2-4ce7-bac4-58a616d6176d", "ActionName": "Api.Controllers.PeopleController.Create (Api)", "RequestId": "0HNFGVK4NGCM7", "RequestPath": "/api/people", "Application": "Crud.Api"}
[06:33:29 DBG] Removed cache value for key: entity:person:7d74a5e9364642da9f6de9f6864ed72c {"SourceContext": "Infrastructure.Services.Caching.InMemoryCacheService", "ActionId": "bf78c6e9-c9b2-4ce7-bac4-58a616d6176d", "ActionName": "Api.Controllers.PeopleController.Create (Api)", "RequestId": "0HNFGVK4NGCM7", "RequestPath": "/api/people", "Application": "Crud.Api"}
[06:33:29 DBG] Removed cache value for key: list:person {"SourceContext": "Infrastructure.Services.Caching.InMemoryCacheService", "ActionId": "bf78c6e9-c9b2-4ce7-bac4-58a616d6176d", "ActionName": "Api.Controllers.PeopleController.Create (Api)", "RequestId": "0HNFGVK4NGCM7", "RequestPath": "/api/people", "Application": "Crud.Api"}
[06:33:29 DBG] Invalidating cache for entity type: people with tag: people {"SourceContext": "Api.Services.OutputCacheInvalidationService", "ActionId": "bf78c6e9-c9b2-4ce7-bac4-58a616d6176d", "ActionName": "Api.Controllers.PeopleController.Create (Api)", "RequestId": "0HNFGVK4NGCM7", "RequestPath": "/api/people", "Application": "Crud.Api"}
[06:33:29 INF] Successfully invalidated cache for entity type: people {"SourceContext": "Api.Services.OutputCacheInvalidationService", "ActionId": "bf78c6e9-c9b2-4ce7-bac4-58a616d6176d", "ActionName": "Api.Controllers.PeopleController.Create (Api)", "RequestId": "0HNFGVK4NGCM7", "RequestPath": "/api/people", "Application": "Crud.Api"}
Activity.TraceId:            f60447d1dd9ca23544ffe075d4b838e5
Activity.SpanId:             94936c11b8c87cf4
Activity.TraceFlags:         Recorded
Activity.ActivitySourceName: Microsoft.AspNetCore
Activity.DisplayName:        POST api/People
Activity.Kind:               Server
Activity.StartTime:          2025-09-11T06:33:29.3275824Z
Activity.Duration:           00:00:00.0026180
Activity.Tags:
    server.address: localhost
    http.request.method: POST
    url.scheme: http
    url.path: /api/people
    network.protocol.version: 1.1
    http.route: api/People
    http.response.status_code: 201
Resource associated with Activity:
    deployment.environment: Testing
    service.name: Crud.Api
    service.version: 1.0.0
    service.instance.id: 10e2e254-224c-48e1-a2d2-8bbb5483cf26
    telemetry.sdk.name: opentelemetry
    telemetry.sdk.language: dotnet
    telemetry.sdk.version: 1.8.1
[06:33:29 DBG] Cache miss for key: entity:person:7d74a5e9364642da9f6de9f6864ed72c {"SourceContext": "Infrastructure.Services.Caching.InMemoryCacheService", "ActionId": "d3b5a6e2-10b0-4c55-80a9-391fec007aef", "ActionName": "Api.Controllers.PeopleController.Get (Api)", "RequestId": "0HNFGVK4NGCM8", "RequestPath": "/api/people/7d74a5e9-3646-42da-9f6d-e9f6864ed72c", "Application": "Crud.Api"}
[06:33:29 DBG] Set cache value for key: entity:person:7d74a5e9364642da9f6de9f6864ed72c {"SourceContext": "Infrastructure.Services.Caching.InMemoryCacheService", "ActionId": "d3b5a6e2-10b0-4c55-80a9-391fec007aef", "ActionName": "Api.Controllers.PeopleController.Get (Api)", "RequestId": "0HNFGVK4NGCM8", "RequestPath": "/api/people/7d74a5e9-3646-42da-9f6d-e9f6864ed72c", "Application": "Crud.Api"}
Activity.TraceId:            21a195a9704cdc41b71863b49ebf629a
Activity.SpanId:             a2b8361271c92979
Activity.TraceFlags:         Recorded
Activity.ActivitySourceName: Microsoft.AspNetCore
Activity.DisplayName:        GET api/People/{id:guid}
Activity.Kind:               Server
Activity.StartTime:          2025-09-11T06:33:29.3304173Z
Activity.Duration:           00:00:00.0029411
Activity.Tags:
    server.address: localhost
    http.request.method: GET
    url.scheme: http
    url.path: /api/people/7d74a5e9-3646-42da-9f6d-e9f6864ed72c
    network.protocol.version: 1.1
    http.route: api/People/{id:guid}
    http.response.status_code: 200
Resource associated with Activity:
    deployment.environment: Testing
    service.name: Crud.Api
    service.version: 1.0.0
    service.instance.id: 10e2e254-224c-48e1-a2d2-8bbb5483cf26
    telemetry.sdk.name: opentelemetry
    telemetry.sdk.language: dotnet
    telemetry.sdk.version: 1.8.1
[06:33:29 INF] Resetting database for worker 12108 {"SourceContext": "Infrastructure.Services.DatabaseTestService", "Application": "Crud.Api"}
[06:33:29 INF] Resetting database via file deletion for worker 12108 in CI environment {"SourceContext": "Infrastructure.Services.DatabaseTestService", "Application": "Crud.Api"}
[06:33:29 INF] Acquiring database mutex for worker 12108... {"SourceContext": "Infrastructure.Services.DatabaseTestService", "Application": "Crud.Api"}
[06:33:29 INF] Database mutex acquired for worker 12108 {"SourceContext": "Infrastructure.Services.DatabaseTestService", "Application": "Crud.Api"}
[06:33:29 INF] Current database state - CanConnect: True {"SourceContext": "Infrastructure.Services.DatabaseTestService", "Application": "Crud.Api"}
[06:33:29 INF] [Phase 0] Closing database connection for worker 12108... {"SourceContext": "Infrastructure.Services.DatabaseTestService", "Application": "Crud.Api"}
[06:33:29 INF] [Phase 0] Connection closed in 0.0006ms {"SourceContext": "Infrastructure.Services.DatabaseTestService", "Application": "Crud.Api"}
[06:33:29 INF] [Phase 1] Starting EnsureDeletedAsync for worker 12108... {"SourceContext": "Infrastructure.Services.DatabaseTestService", "Application": "Crud.Api"}
[06:33:29 INF] [Phase 1] EnsureDeletedAsync completed in 1.1433ms {"SourceContext": "Infrastructure.Services.DatabaseTestService", "Application": "Crud.Api"}
[06:33:29 INF] [Phase 2] Starting EnsureCreatedAsync for worker 12108... {"SourceContext": "Infrastructure.Services.DatabaseTestService", "Application": "Crud.Api"}
[06:33:29 INF] [Phase 2] EnsureCreatedAsync completed in 8.1669ms {"SourceContext": "Infrastructure.Services.DatabaseTestService", "Application": "Crud.Api"}
[06:33:29 INF] [Phase 3] Skipping database seeding as requested for worker 12108 {"SourceContext": "Infrastructure.Services.DatabaseTestService", "Application": "Crud.Api"}
[06:33:29 INF] Database reset via file deletion completed for worker 12108 in 109.0177ms (Close: 0.0006ms, Delete: 1.1433ms, Create: 8.1669ms) {"SourceContext": "Infrastructure.Services.DatabaseTestService", "Application": "Crud.Api"}
[06:33:29 INF] Releasing database mutex for worker 12108 {"SourceContext": "Infrastructure.Services.DatabaseTestService", "Application": "Crud.Api"}
[06:33:29 INF] Resetting database for worker 12108 {"SourceContext": "Infrastructure.Services.DatabaseTestService", "Application": "Crud.Api"}
[06:33:29 INF] Resetting database via file deletion for worker 12108 in CI environment {"SourceContext": "Infrastructure.Services.DatabaseTestService", "Application": "Crud.Api"}
[06:33:29 INF] Acquiring database mutex for worker 12108... {"SourceContext": "Infrastructure.Services.DatabaseTestService", "Application": "Crud.Api"}
[06:33:29 INF] Database mutex acquired for worker 12108 {"SourceContext": "Infrastructure.Services.DatabaseTestService", "Application": "Crud.Api"}
[06:33:29 INF] Current database state - CanConnect: True {"SourceContext": "Infrastructure.Services.DatabaseTestService", "Application": "Crud.Api"}
[06:33:29 INF] [Phase 0] Closing database connection for worker 12108... {"SourceContext": "Infrastructure.Services.DatabaseTestService", "Application": "Crud.Api"}
[06:33:29 INF] [Phase 0] Connection closed in 0.0006ms {"SourceContext": "Infrastructure.Services.DatabaseTestService", "Application": "Crud.Api"}
[06:33:29 INF] [Phase 1] Starting EnsureDeletedAsync for worker 12108... {"SourceContext": "Infrastructure.Services.DatabaseTestService", "Application": "Crud.Api"}
[xUnit.net 00:00:38.17]       Skipping due to concurrency conflict - RowVersion not implemented in UpdatePersonRequest
[06:33:29 INF] [Phase 1] EnsureDeletedAsync completed in 1.3032ms {"SourceContext": "Infrastructure.Services.DatabaseTestService", "Application": "Crud.Api"}
[06:33:29 INF] [Phase 2] Starting EnsureCreatedAsync for worker 12108... {"SourceContext": "Infrastructure.Services.DatabaseTestService", "Application": "Crud.Api"}
[06:33:29 INF] [Phase 2] EnsureCreatedAsync completed in 7.5341ms {"SourceContext": "Infrastructure.Services.DatabaseTestService", "Application": "Crud.Api"}
[06:33:29 INF] [Phase 3] Skipping database seeding as requested for worker 12108 {"SourceContext": "Infrastructure.Services.DatabaseTestService", "Application": "Crud.Api"}
[06:33:29 INF] Database reset via file deletion completed for worker 12108 in 109.5135ms (Close: 0.0006ms, Delete: 1.3032ms, Create: 7.5341ms) {"SourceContext": "Infrastructure.Services.DatabaseTestService", "Application": "Crud.Api"}
[06:33:29 INF] Releasing database mutex for worker 12108 {"SourceContext": "Infrastructure.Services.DatabaseTestService", "Application": "Crud.Api"}
[06:33:29 INF] User registered successfully: e6377150-bb88-4c8b-be1f-dca1ad601ed4 {"SourceContext": "App.Features.Authentication.RegisterUserCommandHandler", "ActionId": "ee18bf61-6332-47e5-a406-02f29c4c1faa", "ActionName": "Api.Controllers.AuthController.Register (Api)", "RequestId": "0HNFGVK4NGCM9", "RequestPath": "/api/auth/register", "Application": "Crud.Api"}
Activity.TraceId:            fba4298a0cd017f73a9f84324fd9777b
Activity.SpanId:             8b50bf23cf01c11b
Activity.TraceFlags:         Recorded
Activity.ActivitySourceName: Microsoft.AspNetCore
Activity.DisplayName:        POST api/Auth/register
Activity.Kind:               Server
Activity.StartTime:          2025-09-11T06:33:29.5565897Z
Activity.Duration:           00:00:00.2986482
Activity.Tags:
    server.address: localhost
    http.request.method: POST
    url.scheme: http
    url.path: /api/auth/register
    network.protocol.version: 1.1
    http.route: api/Auth/register
    http.response.status_code: 200
Resource associated with Activity:
    deployment.environment: Testing
    service.name: Crud.Api
    service.version: 1.0.0
    service.instance.id: 10e2e254-224c-48e1-a2d2-8bbb5483cf26
    telemetry.sdk.name: opentelemetry
    telemetry.sdk.language: dotnet
    telemetry.sdk.version: 1.8.1
[06:33:30 INF] User logged in successfully: e6377150-bb88-4c8b-be1f-dca1ad601ed4 {"SourceContext": "App.Features.Authentication.LoginCommandHandler", "ActionId": "8dab0e08-bbeb-4ce9-af7b-6fce50492697", "ActionName": "Api.Controllers.AuthController.Login (Api)", "RequestId": "0HNFGVK4NGCMA", "RequestPath": "/api/auth/login", "Application": "Crud.Api"}
Activity.TraceId:            ea818311bffdaade52240a8160c4f0eb
Activity.SpanId:             7c6918b33882fe0d
Activity.TraceFlags:         Recorded
Activity.ActivitySourceName: Microsoft.AspNetCore
Activity.DisplayName:        POST api/Auth/login
Activity.Kind:               Server
Activity.StartTime:          2025-09-11T06:33:29.8562414Z
Activity.Duration:           00:00:00.2960123
Activity.Tags:
    server.address: localhost
    http.request.method: POST
    url.scheme: http
    url.path: /api/auth/login
    network.protocol.version: 1.1
    http.route: api/Auth/login
    http.response.status_code: 200
Resource associated with Activity:
    deployment.environment: Testing
    service.name: Crud.Api
    service.version: 1.0.0
    service.instance.id: 10e2e254-224c-48e1-a2d2-8bbb5483cf26
    telemetry.sdk.name: opentelemetry
    telemetry.sdk.language: dotnet
    telemetry.sdk.version: 1.8.1
[06:33:30 DBG] Removed cache value for key: entity:person:0a46229a52444480b99b6aa538dcf804 {"SourceContext": "Infrastructure.Services.Caching.InMemoryCacheService", "ActionId": "bf78c6e9-c9b2-4ce7-bac4-58a616d6176d", "ActionName": "Api.Controllers.PeopleController.Create (Api)", "RequestId": "0HNFGVK4NGCMB", "RequestPath": "/api/people", "Application": "Crud.Api"}
[06:33:30 DBG] Removed cache value for key: list:person {"SourceContext": "Infrastructure.Services.Caching.InMemoryCacheService", "ActionId": "bf78c6e9-c9b2-4ce7-bac4-58a616d6176d", "ActionName": "Api.Controllers.PeopleController.Create (Api)", "RequestId": "0HNFGVK4NGCMB", "RequestPath": "/api/people", "Application": "Crud.Api"}
[06:33:30 DBG] Invalidating cache for entity type: people with tag: people {"SourceContext": "Api.Services.OutputCacheInvalidationService", "ActionId": "bf78c6e9-c9b2-4ce7-bac4-58a616d6176d", "ActionName": "Api.Controllers.PeopleController.Create (Api)", "RequestId": "0HNFGVK4NGCMB", "RequestPath": "/api/people", "Application": "Crud.Api"}
[06:33:30 INF] Successfully invalidated cache for entity type: people {"SourceContext": "Api.Services.OutputCacheInvalidationService", "ActionId": "bf78c6e9-c9b2-4ce7-bac4-58a616d6176d", "ActionName": "Api.Controllers.PeopleController.Create (Api)", "RequestId": "0HNFGVK4NGCMB", "RequestPath": "/api/people", "Application": "Crud.Api"}
Activity.TraceId:            2f41af0579a693991453366ab2c67432
Activity.SpanId:             05299dcdb8e62f0e
Activity.TraceFlags:         Recorded
Activity.ActivitySourceName: Microsoft.AspNetCore
Activity.DisplayName:        POST api/People
Activity.Kind:               Server
Activity.StartTime:          2025-09-11T06:33:30.1529458Z
Activity.Duration:           00:00:00.0017949
Activity.Tags:
    server.address: localhost
    http.request.method: POST
    url.scheme: http
    url.path: /api/people
    network.protocol.version: 1.1
    http.route: api/People
    http.response.status_code: 201
Resource associated with Activity:
    deployment.environment: Testing
    service.name: Crud.Api
    service.version: 1.0.0
    service.instance.id: 10e2e254-224c-48e1-a2d2-8bbb5483cf26
    telemetry.sdk.name: opentelemetry
    telemetry.sdk.language: dotnet
    telemetry.sdk.version: 1.8.1
[06:33:30 INF] Resetting database for worker 12108 {"SourceContext": "Infrastructure.Services.DatabaseTestService", "Application": "Crud.Api"}
[06:33:30 INF] Resetting database via file deletion for worker 12108 in CI environment {"SourceContext": "Infrastructure.Services.DatabaseTestService", "Application": "Crud.Api"}
[06:33:30 INF] Acquiring database mutex for worker 12108... {"SourceContext": "Infrastructure.Services.DatabaseTestService", "Application": "Crud.Api"}
[06:33:30 INF] Database mutex acquired for worker 12108 {"SourceContext": "Infrastructure.Services.DatabaseTestService", "Application": "Crud.Api"}
[06:33:30 INF] Current database state - CanConnect: True {"SourceContext": "Infrastructure.Services.DatabaseTestService", "Application": "Crud.Api"}
[06:33:30 INF] [Phase 0] Closing database connection for worker 12108... {"SourceContext": "Infrastructure.Services.DatabaseTestService", "Application": "Crud.Api"}
[06:33:30 INF] [Phase 0] Connection closed in 0.0006ms {"SourceContext": "Infrastructure.Services.DatabaseTestService", "Application": "Crud.Api"}
[06:33:30 INF] [Phase 1] Starting EnsureDeletedAsync for worker 12108... {"SourceContext": "Infrastructure.Services.DatabaseTestService", "Application": "Crud.Api"}
[06:33:30 INF] [Phase 1] EnsureDeletedAsync completed in 1.2636ms {"SourceContext": "Infrastructure.Services.DatabaseTestService", "Application": "Crud.Api"}
Test 'Tests.Integration.Backend.Controllers.PeopleControllerTests.PUT_People_Should_Update_Person_Roles' was skipped in the test run.
[06:33:30 INF] [Phase 2] Starting EnsureCreatedAsync for worker 12108... {"SourceContext": "Infrastructure.Services.DatabaseTestService", "Application": "Crud.Api"}
[06:33:30 INF] [Phase 2] EnsureCreatedAsync completed in 7.8577ms {"SourceContext": "Infrastructure.Services.DatabaseTestService", "Application": "Crud.Api"}
[06:33:30 INF] [Phase 3] Skipping database seeding as requested for worker 12108 {"SourceContext": "Infrastructure.Services.DatabaseTestService", "Application": "Crud.Api"}
[06:33:30 INF] Database reset via file deletion completed for worker 12108 in 109.6704ms (Close: 0.0006ms, Delete: 1.2636ms, Create: 7.8577ms) {"SourceContext": "Infrastructure.Services.DatabaseTestService", "Application": "Crud.Api"}
[06:33:30 INF] Releasing database mutex for worker 12108 {"SourceContext": "Infrastructure.Services.DatabaseTestService", "Application": "Crud.Api"}
[06:33:30 INF] Resetting database for worker 12108 {"SourceContext": "Infrastructure.Services.DatabaseTestService", "Application": "Crud.Api"}
[06:33:30 INF] Resetting database via file deletion for worker 12108 in CI environment {"SourceContext": "Infrastructure.Services.DatabaseTestService", "Application": "Crud.Api"}
[06:33:30 INF] Acquiring database mutex for worker 12108... {"SourceContext": "Infrastructure.Services.DatabaseTestService", "Application": "Crud.Api"}
[06:33:30 INF] Database mutex acquired for worker 12108 {"SourceContext": "Infrastructure.Services.DatabaseTestService", "Application": "Crud.Api"}
[06:33:30 INF] Current database state - CanConnect: True {"SourceContext": "Infrastructure.Services.DatabaseTestService", "Application": "Crud.Api"}
[06:33:30 INF] [Phase 0] Closing database connection for worker 12108... {"SourceContext": "Infrastructure.Services.DatabaseTestService", "Application": "Crud.Api"}
[06:33:30 INF] [Phase 0] Connection closed in 0.0005ms {"SourceContext": "Infrastructure.Services.DatabaseTestService", "Application": "Crud.Api"}
[06:33:30 INF] [Phase 1] Starting EnsureDeletedAsync for worker 12108... {"SourceContext": "Infrastructure.Services.DatabaseTestService", "Application": "Crud.Api"}
[06:33:30 INF] [Phase 1] EnsureDeletedAsync completed in 1.2794ms {"SourceContext": "Infrastructure.Services.DatabaseTestService", "Application": "Crud.Api"}
[06:33:30 INF] [Phase 2] Starting EnsureCreatedAsync for worker 12108... {"SourceContext": "Infrastructure.Services.DatabaseTestService", "Application": "Crud.Api"}
[06:33:30 INF] [Phase 2] EnsureCreatedAsync completed in 7.8294ms {"SourceContext": "Infrastructure.Services.DatabaseTestService", "Application": "Crud.Api"}
[06:33:30 INF] [Phase 3] Skipping database seeding as requested for worker 12108 {"SourceContext": "Infrastructure.Services.DatabaseTestService", "Application": "Crud.Api"}
[06:33:30 INF] Database reset via file deletion completed for worker 12108 in 109.2612ms (Close: 0.0005ms, Delete: 1.2794ms, Create: 7.8294ms) {"SourceContext": "Infrastructure.Services.DatabaseTestService", "Application": "Crud.Api"}
[06:33:30 INF] Releasing database mutex for worker 12108 {"SourceContext": "Infrastructure.Services.DatabaseTestService", "Application": "Crud.Api"}
Activity.TraceId:            7ea5b4370c797f8c34739b21031c7e39
Activity.SpanId:             02540924763dd0c6
Activity.TraceFlags:         Recorded
Activity.ActivitySourceName: Microsoft.AspNetCore
Activity.DisplayName:        POST api/People
Activity.Kind:               Server
Activity.StartTime:          2025-09-11T06:33:30.3795528Z
Activity.Duration:           00:00:00.0002419
Activity.Tags:
    server.address: localhost
    http.request.method: POST
    url.scheme: http
    url.path: /api/people
    network.protocol.version: 1.1
    http.route: api/People
    http.response.status_code: 401
Resource associated with Activity:
    deployment.environment: Testing
    service.name: Crud.Api
    service.version: 1.0.0
    service.instance.id: 10e2e254-224c-48e1-a2d2-8bbb5483cf26
    telemetry.sdk.name: opentelemetry
    telemetry.sdk.language: dotnet
    telemetry.sdk.version: 1.8.1
[06:33:30 INF] Resetting database for worker 12108 {"SourceContext": "Infrastructure.Services.DatabaseTestService", "Application": "Crud.Api"}
[06:33:30 INF] Resetting database via file deletion for worker 12108 in CI environment {"SourceContext": "Infrastructure.Services.DatabaseTestService", "Application": "Crud.Api"}
[06:33:30 INF] Acquiring database mutex for worker 12108... {"SourceContext": "Infrastructure.Services.DatabaseTestService", "Application": "Crud.Api"}
[06:33:30 INF] Database mutex acquired for worker 12108 {"SourceContext": "Infrastructure.Services.DatabaseTestService", "Application": "Crud.Api"}
[06:33:30 INF] Current database state - CanConnect: True {"SourceContext": "Infrastructure.Services.DatabaseTestService", "Application": "Crud.Api"}
[06:33:30 INF] [Phase 0] Closing database connection for worker 12108... {"SourceContext": "Infrastructure.Services.DatabaseTestService", "Application": "Crud.Api"}
[06:33:30 INF] [Phase 0] Connection closed in 0.0007ms {"SourceContext": "Infrastructure.Services.DatabaseTestService", "Application": "Crud.Api"}
[06:33:30 INF] [Phase 1] Starting EnsureDeletedAsync for worker 12108... {"SourceContext": "Infrastructure.Services.DatabaseTestService", "Application": "Crud.Api"}
[06:33:30 INF] [Phase 1] EnsureDeletedAsync completed in 1.2002ms {"SourceContext": "Infrastructure.Services.DatabaseTestService", "Application": "Crud.Api"}
[06:33:30 INF] [Phase 2] Starting EnsureCreatedAsync for worker 12108... {"SourceContext": "Infrastructure.Services.DatabaseTestService", "Application": "Crud.Api"}
[06:33:30 INF] [Phase 2] EnsureCreatedAsync completed in 8.5892ms {"SourceContext": "Infrastructure.Services.DatabaseTestService", "Application": "Crud.Api"}
[06:33:30 INF] [Phase 3] Skipping database seeding as requested for worker 12108 {"SourceContext": "Infrastructure.Services.DatabaseTestService", "Application": "Crud.Api"}
[06:33:30 INF] Database reset via file deletion completed for worker 12108 in 110.6936ms (Close: 0.0007ms, Delete: 1.2002ms, Create: 8.5892ms) {"SourceContext": "Infrastructure.Services.DatabaseTestService", "Application": "Crud.Api"}
[06:33:30 INF] Releasing database mutex for worker 12108 {"SourceContext": "Infrastructure.Services.DatabaseTestService", "Application": "Crud.Api"}
[06:33:30 INF] Resetting database for worker 12108 {"SourceContext": "Infrastructure.Services.DatabaseTestService", "Application": "Crud.Api"}
[06:33:30 INF] Resetting database via file deletion for worker 12108 in CI environment {"SourceContext": "Infrastructure.Services.DatabaseTestService", "Application": "Crud.Api"}
[06:33:30 INF] Acquiring database mutex for worker 12108... {"SourceContext": "Infrastructure.Services.DatabaseTestService", "Application": "Crud.Api"}
[06:33:30 INF] Database mutex acquired for worker 12108 {"SourceContext": "Infrastructure.Services.DatabaseTestService", "Application": "Crud.Api"}
[06:33:30 INF] Current database state - CanConnect: True {"SourceContext": "Infrastructure.Services.DatabaseTestService", "Application": "Crud.Api"}
[06:33:30 INF] [Phase 0] Closing database connection for worker 12108... {"SourceContext": "Infrastructure.Services.DatabaseTestService", "Application": "Crud.Api"}
[06:33:30 INF] [Phase 0] Connection closed in 0.0007ms {"SourceContext": "Infrastructure.Services.DatabaseTestService", "Application": "Crud.Api"}
[06:33:30 INF] [Phase 1] Starting EnsureDeletedAsync for worker 12108... {"SourceContext": "Infrastructure.Services.DatabaseTestService", "Application": "Crud.Api"}
[06:33:30 INF] [Phase 1] EnsureDeletedAsync completed in 1.1802ms {"SourceContext": "Infrastructure.Services.DatabaseTestService", "Application": "Crud.Api"}
[06:33:30 INF] [Phase 2] Starting EnsureCreatedAsync for worker 12108... {"SourceContext": "Infrastructure.Services.DatabaseTestService", "Application": "Crud.Api"}
[06:33:30 INF] [Phase 2] EnsureCreatedAsync completed in 8.5913ms {"SourceContext": "Infrastructure.Services.DatabaseTestService", "Application": "Crud.Api"}
[06:33:30 INF] [Phase 3] Skipping database seeding as requested for worker 12108 {"SourceContext": "Infrastructure.Services.DatabaseTestService", "Application": "Crud.Api"}
[06:33:30 INF] Database reset via file deletion completed for worker 12108 in 109.5649ms (Close: 0.0007ms, Delete: 1.1802ms, Create: 8.5913ms) {"SourceContext": "Infrastructure.Services.DatabaseTestService", "Application": "Crud.Api"}
[06:33:30 INF] Releasing database mutex for worker 12108 {"SourceContext": "Infrastructure.Services.DatabaseTestService", "Application": "Crud.Api"}
[06:33:30 INF] User registered successfully: d4388e3d-2926-45dd-9b22-d70b721b6684 {"SourceContext": "App.Features.Authentication.RegisterUserCommandHandler", "ActionId": "ee18bf61-6332-47e5-a406-02f29c4c1faa", "ActionName": "Api.Controllers.AuthController.Register (Api)", "RequestId": "0HNFGVK4NGCMD", "RequestPath": "/api/auth/register", "Application": "Crud.Api"}
Activity.TraceId:            43c8700b0abe26147446bc0e4be97873
Activity.SpanId:             1d1649a89be8f154
Activity.TraceFlags:         Recorded
Activity.ActivitySourceName: Microsoft.AspNetCore
Activity.DisplayName:        POST api/Auth/register
Activity.Kind:               Server
Activity.StartTime:          2025-09-11T06:33:30.6051938Z
Activity.Duration:           00:00:00.2983745
Activity.Tags:
    server.address: localhost
    http.request.method: POST
    url.scheme: http
    url.path: /api/auth/register
    network.protocol.version: 1.1
    http.route: api/Auth/register
    http.response.status_code: 200
Resource associated with Activity:
    deployment.environment: Testing
    service.name: Crud.Api
    service.version: 1.0.0
    service.instance.id: 10e2e254-224c-48e1-a2d2-8bbb5483cf26
    telemetry.sdk.name: opentelemetry
    telemetry.sdk.language: dotnet
    telemetry.sdk.version: 1.8.1
[06:33:30 DBG] Cache miss for key: entity:person:4e876c4f40634451a230e36141ab1800 {"SourceContext": "Infrastructure.Services.Caching.InMemoryCacheService", "ActionId": "d3b5a6e2-10b0-4c55-80a9-391fec007aef", "ActionName": "Api.Controllers.PeopleController.Get (Api)", "RequestId": "0HNFGVK4NGCME", "RequestPath": "/api/people/4e876c4f-4063-4451-a230-e36141ab1800", "Application": "Crud.Api"}
Activity.TraceId:            b7bb79784124ae4a3577357e9a86645e
Activity.SpanId:             296907c9f3699b2a
Activity.TraceFlags:         Recorded
Activity.ActivitySourceName: Microsoft.AspNetCore
Activity.DisplayName:        GET api/People/{id:guid}
Activity.Kind:               Server
Activity.StartTime:          2025-09-11T06:33:30.9042964Z
Activity.Duration:           00:00:00.0040755
Activity.Tags:
    server.address: localhost
    http.request.method: GET
    url.scheme: http
    url.path: /api/people/4e876c4f-4063-4451-a230-e36141ab1800
    network.protocol.version: 1.1
    http.route: api/People/{id:guid}
    http.response.status_code: 404
Resource associated with Activity:
    deployment.environment: Testing
    service.name: Crud.Api
    service.version: 1.0.0
    service.instance.id: 10e2e254-224c-48e1-a2d2-8bbb5483cf26
    telemetry.sdk.name: opentelemetry
    telemetry.sdk.language: dotnet
    telemetry.sdk.version: 1.8.1
[06:33:30 INF] Resetting database for worker 12108 {"SourceContext": "Infrastructure.Services.DatabaseTestService", "Application": "Crud.Api"}
[06:33:30 INF] Resetting database via file deletion for worker 12108 in CI environment {"SourceContext": "Infrastructure.Services.DatabaseTestService", "Application": "Crud.Api"}
[06:33:30 INF] Acquiring database mutex for worker 12108... {"SourceContext": "Infrastructure.Services.DatabaseTestService", "Application": "Crud.Api"}
[06:33:30 INF] Database mutex acquired for worker 12108 {"SourceContext": "Infrastructure.Services.DatabaseTestService", "Application": "Crud.Api"}
[06:33:30 INF] Current database state - CanConnect: True {"SourceContext": "Infrastructure.Services.DatabaseTestService", "Application": "Crud.Api"}
[06:33:30 INF] [Phase 0] Closing database connection for worker 12108... {"SourceContext": "Infrastructure.Services.DatabaseTestService", "Application": "Crud.Api"}
[06:33:30 INF] [Phase 0] Connection closed in 0.0006ms {"SourceContext": "Infrastructure.Services.DatabaseTestService", "Application": "Crud.Api"}
[06:33:30 INF] [Phase 1] Starting EnsureDeletedAsync for worker 12108... {"SourceContext": "Infrastructure.Services.DatabaseTestService", "Application": "Crud.Api"}
[06:33:30 INF] [Phase 1] EnsureDeletedAsync completed in 1.165ms {"SourceContext": "Infrastructure.Services.DatabaseTestService", "Application": "Crud.Api"}
[06:33:31 INF] [Phase 2] Starting EnsureCreatedAsync for worker 12108... {"SourceContext": "Infrastructure.Services.DatabaseTestService", "Application": "Crud.Api"}
[06:33:31 INF] [Phase 2] EnsureCreatedAsync completed in 8.131ms {"SourceContext": "Infrastructure.Services.DatabaseTestService", "Application": "Crud.Api"}
[06:33:31 INF] [Phase 3] Skipping database seeding as requested for worker 12108 {"SourceContext": "Infrastructure.Services.DatabaseTestService", "Application": "Crud.Api"}
[06:33:31 INF] Database reset via file deletion completed for worker 12108 in 109.3046ms (Close: 0.0006ms, Delete: 1.165ms, Create: 8.131ms) {"SourceContext": "Infrastructure.Services.DatabaseTestService", "Application": "Crud.Api"}
[06:33:31 INF] Releasing database mutex for worker 12108 {"SourceContext": "Infrastructure.Services.DatabaseTestService", "Application": "Crud.Api"}
[06:33:31 INF] Resetting database for worker 12108 {"SourceContext": "Infrastructure.Services.DatabaseTestService", "Application": "Crud.Api"}
[06:33:31 INF] Resetting database via file deletion for worker 12108 in CI environment {"SourceContext": "Infrastructure.Services.DatabaseTestService", "Application": "Crud.Api"}
[06:33:31 INF] Acquiring database mutex for worker 12108... {"SourceContext": "Infrastructure.Services.DatabaseTestService", "Application": "Crud.Api"}
[06:33:31 INF] Database mutex acquired for worker 12108 {"SourceContext": "Infrastructure.Services.DatabaseTestService", "Application": "Crud.Api"}
[06:33:31 INF] Current database state - CanConnect: True {"SourceContext": "Infrastructure.Services.DatabaseTestService", "Application": "Crud.Api"}
[06:33:31 INF] [Phase 0] Closing database connection for worker 12108... {"SourceContext": "Infrastructure.Services.DatabaseTestService", "Application": "Crud.Api"}
[06:33:31 INF] [Phase 0] Connection closed in 0.0009ms {"SourceContext": "Infrastructure.Services.DatabaseTestService", "Application": "Crud.Api"}
[06:33:31 INF] [Phase 1] Starting EnsureDeletedAsync for worker 12108... {"SourceContext": "Infrastructure.Services.DatabaseTestService", "Application": "Crud.Api"}
[06:33:31 INF] [Phase 1] EnsureDeletedAsync completed in 1.487ms {"SourceContext": "Infrastructure.Services.DatabaseTestService", "Application": "Crud.Api"}
[06:33:31 INF] [Phase 2] Starting EnsureCreatedAsync for worker 12108... {"SourceContext": "Infrastructure.Services.DatabaseTestService", "Application": "Crud.Api"}
[06:33:31 INF] [Phase 2] EnsureCreatedAsync completed in 8.242ms {"SourceContext": "Infrastructure.Services.DatabaseTestService", "Application": "Crud.Api"}
[06:33:31 INF] [Phase 3] Skipping database seeding as requested for worker 12108 {"SourceContext": "Infrastructure.Services.DatabaseTestService", "Application": "Crud.Api"}
[06:33:31 INF] Database reset via file deletion completed for worker 12108 in 109.855ms (Close: 0.0009ms, Delete: 1.487ms, Create: 8.242ms) {"SourceContext": "Infrastructure.Services.DatabaseTestService", "Application": "Crud.Api"}
[06:33:31 INF] Releasing database mutex for worker 12108 {"SourceContext": "Infrastructure.Services.DatabaseTestService", "Application": "Crud.Api"}
[06:33:31 INF] User registered successfully: f1581197-95b2-4f40-812c-10815b4c2fe0 {"SourceContext": "App.Features.Authentication.RegisterUserCommandHandler", "ActionId": "ee18bf61-6332-47e5-a406-02f29c4c1faa", "ActionName": "Api.Controllers.AuthController.Register (Api)", "RequestId": "0HNFGVK4NGCMF", "RequestPath": "/api/auth/register", "Application": "Crud.Api"}
Activity.TraceId:            e555721c743808d05358d69773c8f1b2
Activity.SpanId:             38cecaa48216ac93
Activity.TraceFlags:         Recorded
Activity.ActivitySourceName: Microsoft.AspNetCore
Activity.DisplayName:        POST api/Auth/register
Activity.Kind:               Server
Activity.StartTime:          2025-09-11T06:33:31.1323086Z
Activity.Duration:           00:00:00.2986402
Activity.Tags:
    server.address: localhost
    http.request.method: POST
    url.scheme: http
    url.path: /api/auth/register
    network.protocol.version: 1.1
    http.route: api/Auth/register
    http.response.status_code: 200
Resource associated with Activity:
    deployment.environment: Testing
    service.name: Crud.Api
    service.version: 1.0.0
    service.instance.id: 10e2e254-224c-48e1-a2d2-8bbb5483cf26
    telemetry.sdk.name: opentelemetry
    telemetry.sdk.language: dotnet
    telemetry.sdk.version: 1.8.1
[06:33:31 INF] User logged in successfully: f1581197-95b2-4f40-812c-10815b4c2fe0 {"SourceContext": "App.Features.Authentication.LoginCommandHandler", "ActionId": "8dab0e08-bbeb-4ce9-af7b-6fce50492697", "ActionName": "Api.Controllers.AuthController.Login (Api)", "RequestId": "0HNFGVK4NGCMG", "RequestPath": "/api/auth/login", "Application": "Crud.Api"}
Activity.TraceId:            91438d6e2f1130eab3d485eb6f9bf776
Activity.SpanId:             4a924fe9d91d84d4
Activity.TraceFlags:         Recorded
Activity.ActivitySourceName: Microsoft.AspNetCore
Activity.DisplayName:        POST api/Auth/login
Activity.Kind:               Server
Activity.StartTime:          2025-09-11T06:33:31.4325695Z
Activity.Duration:           00:00:00.2967698
Activity.Tags:
    server.address: localhost
    http.request.method: POST
    url.scheme: http
    url.path: /api/auth/login
    network.protocol.version: 1.1
    http.route: api/Auth/login
    http.response.status_code: 200
Resource associated with Activity:
    deployment.environment: Testing
    service.name: Crud.Api
    service.version: 1.0.0
    service.instance.id: 10e2e254-224c-48e1-a2d2-8bbb5483cf26
    telemetry.sdk.name: opentelemetry
    telemetry.sdk.language: dotnet
    telemetry.sdk.version: 1.8.1
[06:33:32 INF] User registered successfully: 91af6362-faf9-45d6-874d-21a2b0de2848 {"SourceContext": "App.Features.Authentication.RegisterUserCommandHandler", "ActionId": "ee18bf61-6332-47e5-a406-02f29c4c1faa", "ActionName": "Api.Controllers.AuthController.Register (Api)", "RequestId": "0HNFGVK4NGCMH", "RequestPath": "/api/auth/register", "Application": "Crud.Api"}
Activity.TraceId:            862a363f6fb78d59202e27e053786e6f
Activity.SpanId:             f6b02b0bdb055e8f
Activity.TraceFlags:         Recorded
Activity.ActivitySourceName: Microsoft.AspNetCore
Activity.DisplayName:        POST api/Auth/register
Activity.Kind:               Server
Activity.StartTime:          2025-09-11T06:33:31.7299385Z
Activity.Duration:           00:00:00.2960127
Activity.Tags:
    server.address: localhost
    http.request.method: POST
    url.scheme: http
    url.path: /api/auth/register
    network.protocol.version: 1.1
    http.route: api/Auth/register
    http.response.status_code: 200
Resource associated with Activity:
    deployment.environment: Testing
    service.name: Crud.Api
    service.version: 1.0.0
    service.instance.id: 10e2e254-224c-48e1-a2d2-8bbb5483cf26
    telemetry.sdk.name: opentelemetry
    telemetry.sdk.language: dotnet
    telemetry.sdk.version: 1.8.1
[06:33:32 DBG] Removed cache value for key: entity:person:ec4a9f78c5324acb93be3d12c60c4d36 {"SourceContext": "Infrastructure.Services.Caching.InMemoryCacheService", "ActionId": "bf78c6e9-c9b2-4ce7-bac4-58a616d6176d", "ActionName": "Api.Controllers.PeopleController.Create (Api)", "RequestId": "0HNFGVK4NGCMI", "RequestPath": "/api/people", "Application": "Crud.Api"}
[06:33:32 DBG] Removed cache value for key: list:person {"SourceContext": "Infrastructure.Services.Caching.InMemoryCacheService", "ActionId": "bf78c6e9-c9b2-4ce7-bac4-58a616d6176d", "ActionName": "Api.Controllers.PeopleController.Create (Api)", "RequestId": "0HNFGVK4NGCMI", "RequestPath": "/api/people", "Application": "Crud.Api"}
[06:33:32 DBG] Invalidating cache for entity type: people with tag: people {"SourceContext": "Api.Services.OutputCacheInvalidationService", "ActionId": "bf78c6e9-c9b2-4ce7-bac4-58a616d6176d", "ActionName": "Api.Controllers.PeopleController.Create (Api)", "RequestId": "0HNFGVK4NGCMI", "RequestPath": "/api/people", "Application": "Crud.Api"}
[06:33:32 INF] Successfully invalidated cache for entity type: people {"SourceContext": "Api.Services.OutputCacheInvalidationService", "ActionId": "bf78c6e9-c9b2-4ce7-bac4-58a616d6176d", "ActionName": "Api.Controllers.PeopleController.Create (Api)", "RequestId": "0HNFGVK4NGCMI", "RequestPath": "/api/people", "Application": "Crud.Api"}
Activity.TraceId:            4252acd1d8cf926ab7d46981deb35184
Activity.SpanId:             74ba1236e16f39ca
Activity.TraceFlags:         Recorded
Activity.ActivitySourceName: Microsoft.AspNetCore
Activity.DisplayName:        POST api/People
Activity.Kind:               Server
Activity.StartTime:          2025-09-11T06:33:32.0264028Z
Activity.Duration:           00:00:00.0020794
Activity.Tags:
    server.address: localhost
    http.request.method: POST
    url.scheme: http
    url.path: /api/people
    network.protocol.version: 1.1
    http.route: api/People
    http.response.status_code: 201
Resource associated with Activity:
    deployment.environment: Testing
    service.name: Crud.Api
    service.version: 1.0.0
    service.instance.id: 10e2e254-224c-48e1-a2d2-8bbb5483cf26
    telemetry.sdk.name: opentelemetry
    telemetry.sdk.language: dotnet
    telemetry.sdk.version: 1.8.1
[06:33:32 DBG] Cache miss for key: entity:person:ec4a9f78c5324acb93be3d12c60c4d36 {"SourceContext": "Infrastructure.Services.Caching.InMemoryCacheService", "ActionId": "d3b5a6e2-10b0-4c55-80a9-391fec007aef", "ActionName": "Api.Controllers.PeopleController.Get (Api)", "RequestId": "0HNFGVK4NGCMJ", "RequestPath": "/api/people/ec4a9f78-c532-4acb-93be-3d12c60c4d36", "Application": "Crud.Api"}
[06:33:32 DBG] Set cache value for key: entity:person:ec4a9f78c5324acb93be3d12c60c4d36 {"SourceContext": "Infrastructure.Services.Caching.InMemoryCacheService", "ActionId": "d3b5a6e2-10b0-4c55-80a9-391fec007aef", "ActionName": "Api.Controllers.PeopleController.Get (Api)", "RequestId": "0HNFGVK4NGCMJ", "RequestPath": "/api/people/ec4a9f78-c532-4acb-93be-3d12c60c4d36", "Application": "Crud.Api"}
Activity.TraceId:            31e0f9609a07b484ea5c7178e33e38ac
Activity.SpanId:             45cc61e18c916024
Activity.TraceFlags:         Recorded
Activity.ActivitySourceName: Microsoft.AspNetCore
Activity.DisplayName:        GET api/People/{id:guid}
Activity.Kind:               Server
Activity.StartTime:          2025-09-11T06:33:32.0286525Z
Activity.Duration:           00:00:00.0014500
Activity.Tags:
    server.address: localhost
    http.request.method: GET
    url.scheme: http
    url.path: /api/people/ec4a9f78-c532-4acb-93be-3d12c60c4d36
    network.protocol.version: 1.1
    http.route: api/People/{id:guid}
    http.response.status_code: 200
Resource associated with Activity:
    deployment.environment: Testing
    service.name: Crud.Api
    service.version: 1.0.0
    service.instance.id: 10e2e254-224c-48e1-a2d2-8bbb5483cf26
    telemetry.sdk.name: opentelemetry
    telemetry.sdk.language: dotnet
    telemetry.sdk.version: 1.8.1
[06:33:32 INF] Resetting database for worker 12108 {"SourceContext": "Infrastructure.Services.DatabaseTestService", "Application": "Crud.Api"}
[06:33:32 INF] Resetting database via file deletion for worker 12108 in CI environment {"SourceContext": "Infrastructure.Services.DatabaseTestService", "Application": "Crud.Api"}
[06:33:32 INF] Acquiring database mutex for worker 12108... {"SourceContext": "Infrastructure.Services.DatabaseTestService", "Application": "Crud.Api"}
[06:33:32 INF] Database mutex acquired for worker 12108 {"SourceContext": "Infrastructure.Services.DatabaseTestService", "Application": "Crud.Api"}
[06:33:32 INF] Current database state - CanConnect: True {"SourceContext": "Infrastructure.Services.DatabaseTestService", "Application": "Crud.Api"}
[06:33:32 INF] [Phase 0] Closing database connection for worker 12108... {"SourceContext": "Infrastructure.Services.DatabaseTestService", "Application": "Crud.Api"}
[06:33:32 INF] [Phase 0] Connection closed in 0.0006ms {"SourceContext": "Infrastructure.Services.DatabaseTestService", "Application": "Crud.Api"}
[06:33:32 INF] [Phase 1] Starting EnsureDeletedAsync for worker 12108... {"SourceContext": "Infrastructure.Services.DatabaseTestService", "Application": "Crud.Api"}
[06:33:32 INF] [Phase 1] EnsureDeletedAsync completed in 1.5999ms {"SourceContext": "Infrastructure.Services.DatabaseTestService", "Application": "Crud.Api"}
[06:33:32 INF] [Phase 2] Starting EnsureCreatedAsync for worker 12108... {"SourceContext": "Infrastructure.Services.DatabaseTestService", "Application": "Crud.Api"}
[06:33:32 INF] [Phase 2] EnsureCreatedAsync completed in 7.8701ms {"SourceContext": "Infrastructure.Services.DatabaseTestService", "Application": "Crud.Api"}
[06:33:32 INF] [Phase 3] Skipping database seeding as requested for worker 12108 {"SourceContext": "Infrastructure.Services.DatabaseTestService", "Application": "Crud.Api"}
[06:33:32 INF] Database reset via file deletion completed for worker 12108 in 109.2028ms (Close: 0.0006ms, Delete: 1.5999ms, Create: 7.8701ms) {"SourceContext": "Infrastructure.Services.DatabaseTestService", "Application": "Crud.Api"}
[06:33:32 INF] Releasing database mutex for worker 12108 {"SourceContext": "Infrastructure.Services.DatabaseTestService", "Application": "Crud.Api"}
[06:33:32 INF] Resetting database for worker 12108 {"SourceContext": "Infrastructure.Services.DatabaseTestService", "Application": "Crud.Api"}
[06:33:32 INF] Resetting database via file deletion for worker 12108 in CI environment {"SourceContext": "Infrastructure.Services.DatabaseTestService", "Application": "Crud.Api"}
[06:33:32 INF] Acquiring database mutex for worker 12108... {"SourceContext": "Infrastructure.Services.DatabaseTestService", "Application": "Crud.Api"}
[06:33:32 INF] Database mutex acquired for worker 12108 {"SourceContext": "Infrastructure.Services.DatabaseTestService", "Application": "Crud.Api"}
[06:33:32 INF] Current database state - CanConnect: True {"SourceContext": "Infrastructure.Services.DatabaseTestService", "Application": "Crud.Api"}
[06:33:32 INF] [Phase 0] Closing database connection for worker 12108... {"SourceContext": "Infrastructure.Services.DatabaseTestService", "Application": "Crud.Api"}
[06:33:32 INF] [Phase 0] Connection closed in 0.0005ms {"SourceContext": "Infrastructure.Services.DatabaseTestService", "Application": "Crud.Api"}
[06:33:32 INF] [Phase 1] Starting EnsureDeletedAsync for worker 12108... {"SourceContext": "Infrastructure.Services.DatabaseTestService", "Application": "Crud.Api"}
[06:33:32 INF] [Phase 1] EnsureDeletedAsync completed in 1.257ms {"SourceContext": "Infrastructure.Services.DatabaseTestService", "Application": "Crud.Api"}
[06:33:32 INF] [Phase 2] Starting EnsureCreatedAsync for worker 12108... {"SourceContext": "Infrastructure.Services.DatabaseTestService", "Application": "Crud.Api"}
[06:33:32 INF] [Phase 2] EnsureCreatedAsync completed in 28.4317ms {"SourceContext": "Infrastructure.Services.DatabaseTestService", "Application": "Crud.Api"}
[06:33:32 INF] [Phase 3] Skipping database seeding as requested for worker 12108 {"SourceContext": "Infrastructure.Services.DatabaseTestService", "Application": "Crud.Api"}
[06:33:32 INF] Database reset via file deletion completed for worker 12108 in 130.0486ms (Close: 0.0005ms, Delete: 1.257ms, Create: 28.4317ms) {"SourceContext": "Infrastructure.Services.DatabaseTestService", "Application": "Crud.Api"}
[06:33:32 INF] Releasing database mutex for worker 12108 {"SourceContext": "Infrastructure.Services.DatabaseTestService", "Application": "Crud.Api"}
[06:33:32 INF] User registered successfully: 08c1413b-b2d4-4072-8fac-9967549b5cb1 {"SourceContext": "App.Features.Authentication.RegisterUserCommandHandler", "ActionId": "ee18bf61-6332-47e5-a406-02f29c4c1faa", "ActionName": "Api.Controllers.AuthController.Register (Api)", "RequestId": "0HNFGVK4NGCMK", "RequestPath": "/api/auth/register", "Application": "Crud.Api"}
Activity.TraceId:            be137383c0d893457ba1af57c12fd4b3
Activity.SpanId:             2cb3949a2dc9c58d
Activity.TraceFlags:         Recorded
Activity.ActivitySourceName: Microsoft.AspNetCore
Activity.DisplayName:        POST api/Auth/register
Activity.Kind:               Server
Activity.StartTime:          2025-09-11T06:33:32.2734239Z
Activity.Duration:           00:00:00.2961626
Activity.Tags:
    server.address: localhost
    http.request.method: POST
    url.scheme: http
    url.path: /api/auth/register
    network.protocol.version: 1.1
    http.route: api/Auth/register
    http.response.status_code: 200
Resource associated with Activity:
    deployment.environment: Testing
    service.name: Crud.Api
    service.version: 1.0.0
    service.instance.id: 10e2e254-224c-48e1-a2d2-8bbb5483cf26
    telemetry.sdk.name: opentelemetry
    telemetry.sdk.language: dotnet
    telemetry.sdk.version: 1.8.1
Activity.TraceId:            83c4cddc114c489db2e7d6f8902f6fee
Activity.SpanId:             e7340f0b25e55401
Activity.TraceFlags:         Recorded
Activity.ActivitySourceName: Microsoft.AspNetCore
Activity.DisplayName:        POST api/People
Activity.Kind:               Server
Activity.StartTime:          2025-09-11T06:33:32.5703021Z
Activity.Duration:           00:00:00.0011516
Activity.Tags:
    server.address: localhost
    http.request.method: POST
    url.scheme: http
    url.path: /api/people
    network.protocol.version: 1.1
    http.route: api/People
    http.response.status_code: 403
Resource associated with Activity:
    deployment.environment: Testing
    service.name: Crud.Api
    service.version: 1.0.0
    service.instance.id: 10e2e254-224c-48e1-a2d2-8bbb5483cf26
    telemetry.sdk.name: opentelemetry
    telemetry.sdk.language: dotnet
    telemetry.sdk.version: 1.8.1
[06:33:32 INF] Resetting database for worker 12108 {"SourceContext": "Infrastructure.Services.DatabaseTestService", "Application": "Crud.Api"}
[06:33:32 INF] Resetting database via file deletion for worker 12108 in CI environment {"SourceContext": "Infrastructure.Services.DatabaseTestService", "Application": "Crud.Api"}
[06:33:32 INF] Acquiring database mutex for worker 12108... {"SourceContext": "Infrastructure.Services.DatabaseTestService", "Application": "Crud.Api"}
[06:33:32 INF] Database mutex acquired for worker 12108 {"SourceContext": "Infrastructure.Services.DatabaseTestService", "Application": "Crud.Api"}
[06:33:32 INF] Current database state - CanConnect: True {"SourceContext": "Infrastructure.Services.DatabaseTestService", "Application": "Crud.Api"}
[06:33:32 INF] [Phase 0] Closing database connection for worker 12108... {"SourceContext": "Infrastructure.Services.DatabaseTestService", "Application": "Crud.Api"}
[06:33:32 INF] [Phase 0] Connection closed in 0.0007ms {"SourceContext": "Infrastructure.Services.DatabaseTestService", "Application": "Crud.Api"}
[06:33:32 INF] [Phase 1] Starting EnsureDeletedAsync for worker 12108... {"SourceContext": "Infrastructure.Services.DatabaseTestService", "Application": "Crud.Api"}
[06:33:32 INF] [Phase 1] EnsureDeletedAsync completed in 1.1269ms {"SourceContext": "Infrastructure.Services.DatabaseTestService", "Application": "Crud.Api"}
[06:33:32 INF] [Phase 2] Starting EnsureCreatedAsync for worker 12108... {"SourceContext": "Infrastructure.Services.DatabaseTestService", "Application": "Crud.Api"}
[06:33:32 INF] [Phase 2] EnsureCreatedAsync completed in 8.237ms {"SourceContext": "Infrastructure.Services.DatabaseTestService", "Application": "Crud.Api"}
[06:33:32 INF] [Phase 3] Skipping database seeding as requested for worker 12108 {"SourceContext": "Infrastructure.Services.DatabaseTestService", "Application": "Crud.Api"}
[06:33:32 INF] Database reset via file deletion completed for worker 12108 in 108.9829ms (Close: 0.0007ms, Delete: 1.1269ms, Create: 8.237ms) {"SourceContext": "Infrastructure.Services.DatabaseTestService", "Application": "Crud.Api"}
[06:33:32 INF] Releasing database mutex for worker 12108 {"SourceContext": "Infrastructure.Services.DatabaseTestService", "Application": "Crud.Api"}
[06:33:32 INF] Resetting database for worker 12108 {"SourceContext": "Infrastructure.Services.DatabaseTestService", "Application": "Crud.Api"}
[06:33:32 INF] Resetting database via file deletion for worker 12108 in CI environment {"SourceContext": "Infrastructure.Services.DatabaseTestService", "Application": "Crud.Api"}
[06:33:32 INF] Acquiring database mutex for worker 12108... {"SourceContext": "Infrastructure.Services.DatabaseTestService", "Application": "Crud.Api"}
[06:33:32 INF] Database mutex acquired for worker 12108 {"SourceContext": "Infrastructure.Services.DatabaseTestService", "Application": "Crud.Api"}
[06:33:32 INF] Current database state - CanConnect: True {"SourceContext": "Infrastructure.Services.DatabaseTestService", "Application": "Crud.Api"}
[06:33:32 INF] [Phase 0] Closing database connection for worker 12108... {"SourceContext": "Infrastructure.Services.DatabaseTestService", "Application": "Crud.Api"}
[06:33:32 INF] [Phase 0] Connection closed in 0.0006ms {"SourceContext": "Infrastructure.Services.DatabaseTestService", "Application": "Crud.Api"}
[06:33:32 INF] [Phase 1] Starting EnsureDeletedAsync for worker 12108... {"SourceContext": "Infrastructure.Services.DatabaseTestService", "Application": "Crud.Api"}
[06:33:32 INF] [Phase 1] EnsureDeletedAsync completed in 1.1444ms {"SourceContext": "Infrastructure.Services.DatabaseTestService", "Application": "Crud.Api"}
[06:33:32 INF] [Phase 2] Starting EnsureCreatedAsync for worker 12108... {"SourceContext": "Infrastructure.Services.DatabaseTestService", "Application": "Crud.Api"}
[06:33:32 INF] [Phase 2] EnsureCreatedAsync completed in 8.7771ms {"SourceContext": "Infrastructure.Services.DatabaseTestService", "Application": "Crud.Api"}
[06:33:32 INF] [Phase 3] Skipping database seeding as requested for worker 12108 {"SourceContext": "Infrastructure.Services.DatabaseTestService", "Application": "Crud.Api"}
[06:33:32 INF] Database reset via file deletion completed for worker 12108 in 109.1918ms (Close: 0.0006ms, Delete: 1.1444ms, Create: 8.7771ms) {"SourceContext": "Infrastructure.Services.DatabaseTestService", "Application": "Crud.Api"}
[06:33:32 INF] Releasing database mutex for worker 12108 {"SourceContext": "Infrastructure.Services.DatabaseTestService", "Application": "Crud.Api"}
[06:33:33 INF] User registered successfully: 56c5fbef-55f9-4067-9f96-ef7bf1876e7b {"SourceContext": "App.Features.Authentication.RegisterUserCommandHandler", "ActionId": "ee18bf61-6332-47e5-a406-02f29c4c1faa", "ActionName": "Api.Controllers.AuthController.Register (Api)", "RequestId": "0HNFGVK4NGCMM", "RequestPath": "/api/auth/register", "Application": "Crud.Api"}
Activity.TraceId:            40b39e5c2ae9962335482f3b7e5a43d8
Activity.SpanId:             71ed98fe8dd5e6d2
Activity.TraceFlags:         Recorded
Activity.ActivitySourceName: Microsoft.AspNetCore
Activity.DisplayName:        POST api/Auth/register
Activity.Kind:               Server
Activity.StartTime:          2025-09-11T06:33:32.7942070Z
Activity.Duration:           00:00:00.2967224
Activity.Tags:
    server.address: localhost
    http.request.method: POST
    url.scheme: http
    url.path: /api/auth/register
    network.protocol.version: 1.1
    http.route: api/Auth/register
    http.response.status_code: 200
Resource associated with Activity:
    deployment.environment: Testing
    service.name: Crud.Api
    service.version: 1.0.0
    service.instance.id: 10e2e254-224c-48e1-a2d2-8bbb5483cf26
    telemetry.sdk.name: opentelemetry
    telemetry.sdk.language: dotnet
    telemetry.sdk.version: 1.8.1
[06:33:33 INF] User logged in successfully: 56c5fbef-55f9-4067-9f96-ef7bf1876e7b {"SourceContext": "App.Features.Authentication.LoginCommandHandler", "ActionId": "8dab0e08-bbeb-4ce9-af7b-6fce50492697", "ActionName": "Api.Controllers.AuthController.Login (Api)", "RequestId": "0HNFGVK4NGCMN", "RequestPath": "/api/auth/login", "Application": "Crud.Api"}
Activity.TraceId:            5cc284ddef6dbe2ad532a3af9bddd8b2
Activity.SpanId:             ab641579bb89c9cf
Activity.TraceFlags:         Recorded
Activity.ActivitySourceName: Microsoft.AspNetCore
Activity.DisplayName:        POST api/Auth/login
Activity.Kind:               Server
Activity.StartTime:          2025-09-11T06:33:33.0923051Z
Activity.Duration:           00:00:00.3037892
Activity.Tags:
    server.address: localhost
    http.request.method: POST
    url.scheme: http
    url.path: /api/auth/login
    network.protocol.version: 1.1
    http.route: api/Auth/login
    http.response.status_code: 200
Resource associated with Activity:
    deployment.environment: Testing
    service.name: Crud.Api
    service.version: 1.0.0
    service.instance.id: 10e2e254-224c-48e1-a2d2-8bbb5483cf26
    telemetry.sdk.name: opentelemetry
    telemetry.sdk.language: dotnet
    telemetry.sdk.version: 1.8.1
[06:33:33 DBG] Removed cache value for key: entity:person:3673f30656c54a288a3c49fc2d7ca485 {"SourceContext": "Infrastructure.Services.Caching.InMemoryCacheService", "ActionId": "86414bcb-ecbb-47d8-aba3-0ae564850ad7", "ActionName": "Api.Controllers.PeopleController.Delete (Api)", "RequestId": "0HNFGVK4NGCMO", "RequestPath": "/api/people/3673f306-56c5-4a28-8a3c-49fc2d7ca485", "Application": "Crud.Api"}
[06:33:33 DBG] Removed cache value for key: list:person {"SourceContext": "Infrastructure.Services.Caching.InMemoryCacheService", "ActionId": "86414bcb-ecbb-47d8-aba3-0ae564850ad7", "ActionName": "Api.Controllers.PeopleController.Delete (Api)", "RequestId": "0HNFGVK4NGCMO", "RequestPath": "/api/people/3673f306-56c5-4a28-8a3c-49fc2d7ca485", "Application": "Crud.Api"}
[06:33:33 DBG] Invalidating cache for entity: people/3673f306-56c5-4a28-8a3c-49fc2d7ca485 with tags: people, people:3673f306-56c5-4a28-8a3c-49fc2d7ca485 {"SourceContext": "Api.Services.OutputCacheInvalidationService", "ActionId": "86414bcb-ecbb-47d8-aba3-0ae564850ad7", "ActionName": "Api.Controllers.PeopleController.Delete (Api)", "RequestId": "0HNFGVK4NGCMO", "RequestPath": "/api/people/3673f306-56c5-4a28-8a3c-49fc2d7ca485", "Application": "Crud.Api"}
[06:33:33 DBG] Successfully invalidated cache for tag: people {"SourceContext": "Api.Services.OutputCacheInvalidationService", "ActionId": "86414bcb-ecbb-47d8-aba3-0ae564850ad7", "ActionName": "Api.Controllers.PeopleController.Delete (Api)", "RequestId": "0HNFGVK4NGCMO", "RequestPath": "/api/people/3673f306-56c5-4a28-8a3c-49fc2d7ca485", "Application": "Crud.Api"}
[06:33:33 DBG] Successfully invalidated cache for tag: people:3673f306-56c5-4a28-8a3c-49fc2d7ca485 {"SourceContext": "Api.Services.OutputCacheInvalidationService", "ActionId": "86414bcb-ecbb-47d8-aba3-0ae564850ad7", "ActionName": "Api.Controllers.PeopleController.Delete (Api)", "RequestId": "0HNFGVK4NGCMO", "RequestPath": "/api/people/3673f306-56c5-4a28-8a3c-49fc2d7ca485", "Application": "Crud.Api"}
Activity.TraceId:            b6833196cf0ff95423b82ed1c34388a9
Activity.SpanId:             7850bd89d290728f
Activity.TraceFlags:         Recorded
Activity.ActivitySourceName: Microsoft.AspNetCore
Activity.DisplayName:        DELETE api/People/{id:guid}
Activity.Kind:               Server
Activity.StartTime:          2025-09-11T06:33:33.3968694Z
Activity.Duration:           00:00:00.0049349
Activity.Tags:
    server.address: localhost
    http.request.method: DELETE
    url.scheme: http
    url.path: /api/people/3673f306-56c5-4a28-8a3c-49fc2d7ca485
    network.protocol.version: 1.1
    http.route: api/People/{id:guid}
    http.response.status_code: 204
Resource associated with Activity:
    deployment.environment: Testing
    service.name: Crud.Api
    service.version: 1.0.0
    service.instance.id: 10e2e254-224c-48e1-a2d2-8bbb5483cf26
    telemetry.sdk.name: opentelemetry
    telemetry.sdk.language: dotnet
    telemetry.sdk.version: 1.8.1
[06:33:33 INF] Resetting database for worker 12108 {"SourceContext": "Infrastructure.Services.DatabaseTestService", "Application": "Crud.Api"}
[06:33:33 INF] Resetting database via file deletion for worker 12108 in CI environment {"SourceContext": "Infrastructure.Services.DatabaseTestService", "Application": "Crud.Api"}
[06:33:33 INF] Acquiring database mutex for worker 12108... {"SourceContext": "Infrastructure.Services.DatabaseTestService", "Application": "Crud.Api"}
[06:33:33 INF] Database mutex acquired for worker 12108 {"SourceContext": "Infrastructure.Services.DatabaseTestService", "Application": "Crud.Api"}
[06:33:33 INF] Current database state - CanConnect: True {"SourceContext": "Infrastructure.Services.DatabaseTestService", "Application": "Crud.Api"}
[06:33:33 INF] [Phase 0] Closing database connection for worker 12108... {"SourceContext": "Infrastructure.Services.DatabaseTestService", "Application": "Crud.Api"}
[06:33:33 INF] [Phase 0] Connection closed in 0.0005ms {"SourceContext": "Infrastructure.Services.DatabaseTestService", "Application": "Crud.Api"}
[06:33:33 INF] [Phase 1] Starting EnsureDeletedAsync for worker 12108... {"SourceContext": "Infrastructure.Services.DatabaseTestService", "Application": "Crud.Api"}
[06:33:33 INF] [Phase 1] EnsureDeletedAsync completed in 1.2715ms {"SourceContext": "Infrastructure.Services.DatabaseTestService", "Application": "Crud.Api"}
[06:33:33 INF] [Phase 2] Starting EnsureCreatedAsync for worker 12108... {"SourceContext": "Infrastructure.Services.DatabaseTestService", "Application": "Crud.Api"}
[06:33:33 INF] [Phase 2] EnsureCreatedAsync completed in 9.0787ms {"SourceContext": "Infrastructure.Services.DatabaseTestService", "Application": "Crud.Api"}
[06:33:33 INF] [Phase 3] Skipping database seeding as requested for worker 12108 {"SourceContext": "Infrastructure.Services.DatabaseTestService", "Application": "Crud.Api"}
[06:33:33 INF] Database reset via file deletion completed for worker 12108 in 109.8649ms (Close: 0.0005ms, Delete: 1.2715ms, Create: 9.0787ms) {"SourceContext": "Infrastructure.Services.DatabaseTestService", "Application": "Crud.Api"}
[06:33:33 INF] Releasing database mutex for worker 12108 {"SourceContext": "Infrastructure.Services.DatabaseTestService", "Application": "Crud.Api"}
[06:33:33 INF] Resetting database for worker 12108 {"SourceContext": "Infrastructure.Services.DatabaseTestService", "Application": "Crud.Api"}
[06:33:33 INF] Resetting database via file deletion for worker 12108 in CI environment {"SourceContext": "Infrastructure.Services.DatabaseTestService", "Application": "Crud.Api"}
[06:33:33 INF] Acquiring database mutex for worker 12108... {"SourceContext": "Infrastructure.Services.DatabaseTestService", "Application": "Crud.Api"}
[06:33:33 INF] Database mutex acquired for worker 12108 {"SourceContext": "Infrastructure.Services.DatabaseTestService", "Application": "Crud.Api"}
[06:33:33 INF] Current database state - CanConnect: True {"SourceContext": "Infrastructure.Services.DatabaseTestService", "Application": "Crud.Api"}
[06:33:33 INF] [Phase 0] Closing database connection for worker 12108... {"SourceContext": "Infrastructure.Services.DatabaseTestService", "Application": "Crud.Api"}
[06:33:33 INF] [Phase 0] Connection closed in 0.0008ms {"SourceContext": "Infrastructure.Services.DatabaseTestService", "Application": "Crud.Api"}
[06:33:33 INF] [Phase 1] Starting EnsureDeletedAsync for worker 12108... {"SourceContext": "Infrastructure.Services.DatabaseTestService", "Application": "Crud.Api"}
[06:33:33 INF] [Phase 1] EnsureDeletedAsync completed in 1.189ms {"SourceContext": "Infrastructure.Services.DatabaseTestService", "Application": "Crud.Api"}
[06:33:33 INF] [Phase 2] Starting EnsureCreatedAsync for worker 12108... {"SourceContext": "Infrastructure.Services.DatabaseTestService", "Application": "Crud.Api"}
[06:33:33 INF] [Phase 2] EnsureCreatedAsync completed in 7.6904ms {"SourceContext": "Infrastructure.Services.DatabaseTestService", "Application": "Crud.Api"}
[06:33:33 INF] [Phase 3] Skipping database seeding as requested for worker 12108 {"SourceContext": "Infrastructure.Services.DatabaseTestService", "Application": "Crud.Api"}
[06:33:33 INF] Database reset via file deletion completed for worker 12108 in 109.0875ms (Close: 0.0008ms, Delete: 1.189ms, Create: 7.6904ms) {"SourceContext": "Infrastructure.Services.DatabaseTestService", "Application": "Crud.Api"}
[06:33:33 INF] Releasing database mutex for worker 12108 {"SourceContext": "Infrastructure.Services.DatabaseTestService", "Application": "Crud.Api"}
[06:33:33 INF] User registered successfully: aad14e33-b213-4cdb-ac2f-a73aea7dc849 {"SourceContext": "App.Features.Authentication.RegisterUserCommandHandler", "ActionId": "ee18bf61-6332-47e5-a406-02f29c4c1faa", "ActionName": "Api.Controllers.AuthController.Register (Api)", "RequestId": "0HNFGVK4NGCMP", "RequestPath": "/api/auth/register", "Application": "Crud.Api"}
Activity.TraceId:            67b24e740d0bb1840eb8730cacc085a5
Activity.SpanId:             e1a95e6cc788e837
Activity.TraceFlags:         Recorded
Activity.ActivitySourceName: Microsoft.AspNetCore
Activity.DisplayName:        POST api/Auth/register
Activity.Kind:               Server
Activity.StartTime:          2025-09-11T06:33:33.6251670Z
Activity.Duration:           00:00:00.2960252
Activity.Tags:
    server.address: localhost
    http.request.method: POST
    url.scheme: http
    url.path: /api/auth/register
    network.protocol.version: 1.1
    http.route: api/Auth/register
    http.response.status_code: 200
Resource associated with Activity:
    deployment.environment: Testing
    service.name: Crud.Api
    service.version: 1.0.0
    service.instance.id: 10e2e254-224c-48e1-a2d2-8bbb5483cf26
    telemetry.sdk.name: opentelemetry
    telemetry.sdk.language: dotnet
    telemetry.sdk.version: 1.8.1
Resource associated with Metric:
    deployment.environment: Testing
    service.name: Crud.Api
    service.version: 1.0.0
    service.instance.id: 10e2e254-224c-48e1-a2d2-8bbb5483cf26
    telemetry.sdk.name: opentelemetry
    telemetry.sdk.language: dotnet
    telemetry.sdk.version: 1.8.1
Metric Name: http.server.active_requests, Number of active HTTP server requests., Unit: {request}, Meter: Microsoft.AspNetCore.Hosting
(2025-09-11T06:33:24.1473552Z, 2025-09-11T06:33:34.1475910Z] http.request.method: POST url.scheme: http LongSumNonMonotonic
Value: 1
(2025-09-11T06:33:24.1473552Z, 2025-09-11T06:33:34.1475910Z] http.request.method: GET url.scheme: http LongSumNonMonotonic
Value: 0
(2025-09-11T06:33:24.1473552Z, 2025-09-11T06:33:34.1475910Z] http.request.method: PUT url.scheme: http LongSumNonMonotonic
Value: 0
(2025-09-11T06:33:24.1473552Z, 2025-09-11T06:33:34.1475910Z] http.request.method: DELETE url.scheme: http LongSumNonMonotonic
Value: 0
Metric Name: http.server.request.duration, Duration of HTTP server requests., Unit: s, Meter: Microsoft.AspNetCore.Hosting
(2025-09-11T06:33:24.1474222Z, 2025-09-11T06:33:34.1475978Z] http.request.method: POST http.response.status_code: 200 http.route: api/Auth/register network.protocol.version: 1.1 url.scheme: http Histogram
Value: Sum: 4.169692999999999 Count: 14 Min: 0.2960008 Max: 0.3027035 
(-Infinity,0.005]:0
(0.005,0.01]:0
(0.01,0.025]:0
(0.025,0.05]:0
(0.05,0.075]:0
(0.075,0.1]:0
(0.1,0.25]:0
(0.25,0.5]:14
(0.5,0.75]:0
(0.75,1]:0
(1,2.5]:0
(2.5,5]:0
(5,7.5]:0
(7.5,10]:0
(10,+Infinity]:0
(2025-09-11T06:33:24.1474222Z, 2025-09-11T06:33:34.1475978Z] http.request.method: POST http.response.status_code: 200 http.route: api/Auth/login network.protocol.version: 1.1 url.scheme: http Histogram
Value: Sum: 2.3887396 Count: 8 Min: 0.295988 Max: 0.3037776 
(-Infinity,0.005]:0
(0.005,0.01]:0
(0.01,0.025]:0
(0.025,0.05]:0
(0.05,0.075]:0
(0.075,0.1]:0
(0.1,0.25]:0
(0.25,0.5]:8
(0.5,0.75]:0
(0.75,1]:0
(1,2.5]:0
(2.5,5]:0
(5,7.5]:0
(7.5,10]:0
(10,+Infinity]:0
(2025-09-11T06:33:24.1474222Z, 2025-09-11T06:33:34.1475978Z] http.request.method: POST http.response.status_code: 201 http.route: api/Roles network.protocol.version: 1.1 url.scheme: http Histogram
Value: Sum: 0.018951299999999997 Count: 3 Min: 0.0021868 Max: 0.0125071 
(-Infinity,0.005]:2
(0.005,0.01]:0
(0.01,0.025]:1
(0.025,0.05]:0
(0.05,0.075]:0
(0.075,0.1]:0
(0.1,0.25]:0
(0.25,0.5]:0
(0.5,0.75]:0
(0.75,1]:0
(1,2.5]:0
(2.5,5]:0
(5,7.5]:0
(7.5,10]:0
(10,+Infinity]:0
(2025-09-11T06:33:24.1474222Z, 2025-09-11T06:33:34.1475978Z] http.request.method: POST http.response.status_code: 201 http.route: api/People network.protocol.version: 1.1 url.scheme: http Histogram
Value: Sum: 0.048913899999999996 Count: 6 Min: 0.0017951 Max: 0.0355939 
(-Infinity,0.005]:5
(0.005,0.01]:0
(0.01,0.025]:0
(0.025,0.05]:1
(0.05,0.075]:0
(0.075,0.1]:0
(0.1,0.25]:0
(0.25,0.5]:0
(0.5,0.75]:0
(0.75,1]:0
(1,2.5]:0
(2.5,5]:0
(5,7.5]:0
(7.5,10]:0
(10,+Infinity]:0
(2025-09-11T06:33:24.1474222Z, 2025-09-11T06:33:34.1475978Z] http.request.method: GET http.response.status_code: 200 http.route: api/People network.protocol.version: 1.1 url.scheme: http Histogram
Value: Sum: 0.0077336 Count: 1 Min: 0.0077336 Max: 0.0077336 
(-Infinity,0.005]:0
(0.005,0.01]:1
(0.01,0.025]:0
(0.025,0.05]:0
(0.05,0.075]:0
(0.075,0.1]:0
(0.1,0.25]:0
(0.25,0.5]:0
(0.5,0.75]:0
(0.75,1]:0
(1,2.5]:0
(2.5,5]:0
(5,7.5]:0
(7.5,10]:0
(10,+Infinity]:0
(2025-09-11T06:33:24.1474222Z, 2025-09-11T06:33:34.1475978Z] http.request.method: POST http.response.status_code: 400 http.route: api/People network.protocol.version: 1.1 url.scheme: http Histogram
Value: Sum: 0.0026289 Count: 1 Min: 0.0026289 Max: 0.0026289 
(-Infinity,0.005]:1
(0.005,0.01]:0
(0.01,0.025]:0
(0.025,0.05]:0
(0.05,0.075]:0
(0.075,0.1]:0
(0.1,0.25]:0
(0.25,0.5]:0
(0.5,0.75]:0
(0.75,1]:0
(1,2.5]:0
(2.5,5]:0
(5,7.5]:0
(7.5,10]:0
(10,+Infinity]:0
(2025-09-11T06:33:24.1474222Z, 2025-09-11T06:33:34.1475978Z] http.request.method: PUT http.response.status_code: 204 http.route: api/People/{id:guid} network.protocol.version: 1.1 url.scheme: http Histogram
Value: Sum: 0.0068428 Count: 1 Min: 0.0068428 Max: 0.0068428 
(-Infinity,0.005]:0
(0.005,0.01]:1
(0.01,0.025]:0
(0.025,0.05]:0
(0.05,0.075]:0
(0.075,0.1]:0
(0.1,0.25]:0
(0.25,0.5]:0
(0.5,0.75]:0
(0.75,1]:0
(1,2.5]:0
(2.5,5]:0
(5,7.5]:0
(7.5,10]:0
(10,+Infinity]:0
(2025-09-11T06:33:24.1474222Z, 2025-09-11T06:33:34.1475978Z] http.request.method: GET http.response.status_code: 200 http.route: api/People/{id:guid} network.protocol.version: 1.1 url.scheme: http Histogram
Value: Sum: 0.008147 Count: 3 Min: 0.0014486 Max: 0.0037585 
(-Infinity,0.005]:3
(0.005,0.01]:0
(0.01,0.025]:0
(0.025,0.05]:0
(0.05,0.075]:0
(0.075,0.1]:0
(0.1,0.25]:0
(0.25,0.5]:0
(0.5,0.75]:0
(0.75,1]:0
(1,2.5]:0
(2.5,5]:0
(5,7.5]:0
(7.5,10]:0
(10,+Infinity]:0
(2025-09-11T06:33:24.1474222Z, 2025-09-11T06:33:34.1475978Z] http.request.method: GET http.response.status_code: 401 http.route: api/People network.protocol.version: 1.1 url.scheme: http Histogram
Value: Sum: 0.0008631 Count: 1 Min: 0.0008631 Max: 0.0008631 
(-Infinity,0.005]:1
(0.005,0.01]:0
(0.01,0.025]:0
(0.025,0.05]:0
(0.05,0.075]:0
(0.075,0.1]:0
(0.1,0.25]:0
(0.25,0.5]:0
(0.5,0.75]:0
(0.75,1]:0
(1,2.5]:0
(2.5,5]:0
(5,7.5]:0
(7.5,10]:0
(10,+Infinity]:0
(2025-09-11T06:33:24.1474222Z, 2025-09-11T06:33:34.1475978Z] http.request.method: POST http.response.status_code: 401 http.route: api/People network.protocol.version: 1.1 url.scheme: http Histogram
Value: Sum: 0.0002375 Count: 1 Min: 0.0002375 Max: 0.0002375 
(-Infinity,0.005]:1
(0.005,0.01]:0
(0.01,0.025]:0
(0.025,0.05]:0
(0.05,0.075]:0
(0.075,0.1]:0
(0.1,0.25]:0
(0.25,0.5]:0
(0.5,0.75]:0
(0.75,1]:0
(1,2.5]:0
(2.5,5]:0
(5,7.5]:0
(7.5,10]:0
(10,+Infinity]:0
(2025-09-11T06:33:24.1474222Z, 2025-09-11T06:33:34.1475978Z] http.request.method: GET http.response.status_code: 404 http.route: api/People/{id:guid} network.protocol.version: 1.1 url.scheme: http Histogram
Value: Sum: 0.0040623 Count: 1 Min: 0.0040623 Max: 0.0040623 
(-Infinity,0.005]:1
(0.005,0.01]:0
(0.01,0.025]:0
(0.025,0.05]:0
(0.05,0.075]:0
(0.075,0.1]:0
(0.1,0.25]:0
(0.25,0.5]:0
(0.5,0.75]:0
(0.75,1]:0
(1,2.5]:0
(2.5,5]:0
(5,7.5]:0
(7.5,10]:0
(10,+Infinity]:0
(2025-09-11T06:33:24.1474222Z, 2025-09-11T06:33:34.1475978Z] http.request.method: POST http.response.status_code: 403 http.route: api/People network.protocol.version: 1.1 url.scheme: http Histogram
Value: Sum: 0.0011396 Count: 1 Min: 0.0011396 Max: 0.0011396 
(-Infinity,0.005]:1
(0.005,0.01]:0
(0.01,0.025]:0
(0.025,0.05]:0
(0.05,0.075]:0
(0.075,0.1]:0
(0.1,0.25]:0
(0.25,0.5]:0
(0.5,0.75]:0
(0.75,1]:0
(1,2.5]:0
(2.5,5]:0
(5,7.5]:0
(7.5,10]:0
(10,+Infinity]:0
(2025-09-11T06:33:24.1474222Z, 2025-09-11T06:33:34.1475978Z] http.request.method: DELETE http.response.status_code: 204 http.route: api/People/{id:guid} network.protocol.version: 1.1 url.scheme: http Histogram
Value: Sum: 0.0049198 Count: 1 Min: 0.0049198 Max: 0.0049198 
(-Infinity,0.005]:1
(0.005,0.01]:0
(0.01,0.025]:0
(0.025,0.05]:0
(0.05,0.075]:0
(0.075,0.1]:0
(0.1,0.25]:0
(0.25,0.5]:0
(0.5,0.75]:0
(0.75,1]:0
(1,2.5]:0
(2.5,5]:0
(5,7.5]:0
(7.5,10]:0
(10,+Infinity]:0
Metric Name: aspnetcore.rate_limiting.active_request_leases, Number of HTTP requests that are currently active on the server that hold a rate limiting lease., Unit: {request}, Meter: Microsoft.AspNetCore.RateLimiting
(2025-09-11T06:33:24.1496077Z, 2025-09-11T06:33:34.1475987Z] LongSumNonMonotonic
Value: 1
Metric Name: aspnetcore.rate_limiting.request_lease.duration, The duration of rate limiting leases held by HTTP requests on the server., Unit: s, Meter: Microsoft.AspNetCore.RateLimiting
(2025-09-11T06:33:24.1496335Z, 2025-09-11T06:33:34.1475997Z] Histogram
Value: Sum: 6.6544551 Count: 42 Min: 0.0001155 Max: 0.3036323 
(-Infinity,0.005]:16
(0.005,0.01]:2
(0.01,0.025]:1
(0.025,0.05]:1
(0.05,0.075]:0
(0.075,0.1]:0
(0.1,0.25]:0
(0.25,0.5]:22
(0.5,0.75]:0
(0.75,1]:0
(1,2.5]:0
(2.5,5]:0
(5,7.5]:0
(7.5,10]:0
(10,+Infinity]:0
Metric Name: aspnetcore.rate_limiting.requests, Number of requests that tried to acquire a rate limiting lease. Requests could be rejected by global or endpoint rate limiting policies. Or the request could be canceled while waiting for the lease., Unit: {request}, Meter: Microsoft.AspNetCore.RateLimiting
(2025-09-11T06:33:24.1496775Z, 2025-09-11T06:33:34.1476012Z] aspnetcore.rate_limiting.result: acquired LongSum
Value: 42
Metric Name: aspnetcore.routing.match_attempts, Number of requests that were attempted to be matched to an endpoint., Unit: {match_attempt}, Meter: Microsoft.AspNetCore.Routing
(2025-09-11T06:33:24.1505232Z, 2025-09-11T06:33:34.1476020Z] aspnetcore.routing.is_fallback: false aspnetcore.routing.match_status: success http.route: api/Auth/register LongSum
Value: 14
(2025-09-11T06:33:24.1505232Z, 2025-09-11T06:33:34.1476020Z] aspnetcore.routing.is_fallback: false aspnetcore.routing.match_status: success http.route: api/Auth/login LongSum
Value: 9
(2025-09-11T06:33:24.1505232Z, 2025-09-11T06:33:34.1476020Z] aspnetcore.routing.is_fallback: false aspnetcore.routing.match_status: success http.route: api/Roles LongSum
Value: 3
(2025-09-11T06:33:24.1505232Z, 2025-09-11T06:33:34.1476020Z] aspnetcore.routing.is_fallback: false aspnetcore.routing.match_status: success http.route: api/People LongSum
Value: 11
(2025-09-11T06:33:24.1505232Z, 2025-09-11T06:33:34.1476020Z] aspnetcore.routing.is_fallback: false aspnetcore.routing.match_status: success http.route: api/People/{id:guid} LongSum
Value: 6
[06:33:34 INF] User logged in successfully: aad14e33-b213-4cdb-ac2f-a73aea7dc849 {"SourceContext": "App.Features.Authentication.LoginCommandHandler", "ActionId": "8dab0e08-bbeb-4ce9-af7b-6fce50492697", "ActionName": "Api.Controllers.AuthController.Login (Api)", "RequestId": "0HNFGVK4NGCMQ", "RequestPath": "/api/auth/login", "Application": "Crud.Api"}
Activity.TraceId:            1c8775213731f8f3bdc6912958f014ac
Activity.SpanId:             a7994c335cdc5522
Activity.TraceFlags:         Recorded
Activity.ActivitySourceName: Microsoft.AspNetCore
Activity.DisplayName:        POST api/Auth/login
Activity.Kind:               Server
Activity.StartTime:          2025-09-11T06:33:33.9223461Z
Activity.Duration:           00:00:00.2992641
Activity.Tags:
    server.address: localhost
    http.request.method: POST
    url.scheme: http
    url.path: /api/auth/login
    network.protocol.version: 1.1
    http.route: api/Auth/login
    http.response.status_code: 200
Resource associated with Activity:
    deployment.environment: Testing
    service.name: Crud.Api
    service.version: 1.0.0
    service.instance.id: 10e2e254-224c-48e1-a2d2-8bbb5483cf26
    telemetry.sdk.name: opentelemetry
    telemetry.sdk.language: dotnet
    telemetry.sdk.version: 1.8.1
[06:33:34 DBG] Removed cache value for key: entity:person:f308d8f3cddf43f7beee601a76bf5b12 {"SourceContext": "Infrastructure.Services.Caching.InMemoryCacheService", "ActionId": "bf78c6e9-c9b2-4ce7-bac4-58a616d6176d", "ActionName": "Api.Controllers.PeopleController.Create (Api)", "RequestId": "0HNFGVK4NGCMR", "RequestPath": "/api/people", "Application": "Crud.Api"}
[06:33:34 DBG] Removed cache value for key: list:person {"SourceContext": "Infrastructure.Services.Caching.InMemoryCacheService", "ActionId": "bf78c6e9-c9b2-4ce7-bac4-58a616d6176d", "ActionName": "Api.Controllers.PeopleController.Create (Api)", "RequestId": "0HNFGVK4NGCMR", "RequestPath": "/api/people", "Application": "Crud.Api"}
[06:33:34 DBG] Invalidating cache for entity type: people with tag: people {"SourceContext": "Api.Services.OutputCacheInvalidationService", "ActionId": "bf78c6e9-c9b2-4ce7-bac4-58a616d6176d", "ActionName": "Api.Controllers.PeopleController.Create (Api)", "RequestId": "0HNFGVK4NGCMR", "RequestPath": "/api/people", "Application": "Crud.Api"}
[06:33:34 INF] Successfully invalidated cache for entity type: people {"SourceContext": "Api.Services.OutputCacheInvalidationService", "ActionId": "bf78c6e9-c9b2-4ce7-bac4-58a616d6176d", "ActionName": "Api.Controllers.PeopleController.Create (Api)", "RequestId": "0HNFGVK4NGCMR", "RequestPath": "/api/people", "Application": "Crud.Api"}
Activity.TraceId:            45f202d524d3c6c3314d2aa0cd78aa4c
Activity.SpanId:             9b39d7bae802c49c
Activity.TraceFlags:         Recorded
Activity.ActivitySourceName: Microsoft.AspNetCore
Activity.DisplayName:        POST api/People
Activity.Kind:               Server
Activity.StartTime:          2025-09-11T06:33:34.2224112Z
Activity.Duration:           00:00:00.0019106
Activity.Tags:
    server.address: localhost
    http.request.method: POST
    url.scheme: http
    url.path: /api/people
    network.protocol.version: 1.1
    http.route: api/People
    http.response.status_code: 201
Resource associated with Activity:
    deployment.environment: Testing
    service.name: Crud.Api
    service.version: 1.0.0
    service.instance.id: 10e2e254-224c-48e1-a2d2-8bbb5483cf26
    telemetry.sdk.name: opentelemetry
    telemetry.sdk.language: dotnet
    telemetry.sdk.version: 1.8.1
[06:33:34 DBG] Removed cache value for key: entity:person:f308d8f3cddf43f7beee601a76bf5b12 {"SourceContext": "Infrastructure.Services.Caching.InMemoryCacheService", "ActionId": "86414bcb-ecbb-47d8-aba3-0ae564850ad7", "ActionName": "Api.Controllers.PeopleController.Delete (Api)", "RequestId": "0HNFGVK4NGCMS", "RequestPath": "/api/people/f308d8f3-cddf-43f7-beee-601a76bf5b12", "Application": "Crud.Api"}
[06:33:34 DBG] Removed cache value for key: list:person {"SourceContext": "Infrastructure.Services.Caching.InMemoryCacheService", "ActionId": "86414bcb-ecbb-47d8-aba3-0ae564850ad7", "ActionName": "Api.Controllers.PeopleController.Delete (Api)", "RequestId": "0HNFGVK4NGCMS", "RequestPath": "/api/people/f308d8f3-cddf-43f7-beee-601a76bf5b12", "Application": "Crud.Api"}
[06:33:34 DBG] Invalidating cache for entity: people/f308d8f3-cddf-43f7-beee-601a76bf5b12 with tags: people, people:f308d8f3-cddf-43f7-beee-601a76bf5b12 {"SourceContext": "Api.Services.OutputCacheInvalidationService", "ActionId": "86414bcb-ecbb-47d8-aba3-0ae564850ad7", "ActionName": "Api.Controllers.PeopleController.Delete (Api)", "RequestId": "0HNFGVK4NGCMS", "RequestPath": "/api/people/f308d8f3-cddf-43f7-beee-601a76bf5b12", "Application": "Crud.Api"}
[06:33:34 DBG] Successfully invalidated cache for tag: people {"SourceContext": "Api.Services.OutputCacheInvalidationService", "ActionId": "86414bcb-ecbb-47d8-aba3-0ae564850ad7", "ActionName": "Api.Controllers.PeopleController.Delete (Api)", "RequestId": "0HNFGVK4NGCMS", "RequestPath": "/api/people/f308d8f3-cddf-43f7-beee-601a76bf5b12", "Application": "Crud.Api"}
[06:33:34 DBG] Successfully invalidated cache for tag: people:f308d8f3-cddf-43f7-beee-601a76bf5b12 {"SourceContext": "Api.Services.OutputCacheInvalidationService", "ActionId": "86414bcb-ecbb-47d8-aba3-0ae564850ad7", "ActionName": "Api.Controllers.PeopleController.Delete (Api)", "RequestId": "0HNFGVK4NGCMS", "RequestPath": "/api/people/f308d8f3-cddf-43f7-beee-601a76bf5b12", "Application": "Crud.Api"}
Activity.TraceId:            4864c1539c5e02863edea46a028607b7
Activity.SpanId:             a0df38a1f2330eed
Activity.TraceFlags:         Recorded
Activity.ActivitySourceName: Microsoft.AspNetCore
Activity.DisplayName:        DELETE api/People/{id:guid}
Activity.Kind:               Server
Activity.StartTime:          2025-09-11T06:33:34.2246225Z
Activity.Duration:           00:00:00.0018788
Activity.Tags:
    server.address: localhost
    http.request.method: DELETE
    url.scheme: http
    url.path: /api/people/f308d8f3-cddf-43f7-beee-601a76bf5b12
    network.protocol.version: 1.1
    http.route: api/People/{id:guid}
    http.response.status_code: 204
Resource associated with Activity:
    deployment.environment: Testing
    service.name: Crud.Api
    service.version: 1.0.0
    service.instance.id: 10e2e254-224c-48e1-a2d2-8bbb5483cf26
    telemetry.sdk.name: opentelemetry
    telemetry.sdk.language: dotnet
    telemetry.sdk.version: 1.8.1
[06:33:34 DBG] Cache miss for key: entity:person:f308d8f3cddf43f7beee601a76bf5b12 {"SourceContext": "Infrastructure.Services.Caching.InMemoryCacheService", "ActionId": "d3b5a6e2-10b0-4c55-80a9-391fec007aef", "ActionName": "Api.Controllers.PeopleController.Get (Api)", "RequestId": "0HNFGVK4NGCMT", "RequestPath": "/api/people/f308d8f3-cddf-43f7-beee-601a76bf5b12", "Application": "Crud.Api"}
Activity.TraceId:            54be653e6f1030a6c29eedd3fa3e57a6
Activity.SpanId:             482126af658d9d0c
Activity.TraceFlags:         Recorded
Activity.ActivitySourceName: Microsoft.AspNetCore
Activity.DisplayName:        GET api/People/{id:guid}
Activity.Kind:               Server
Activity.StartTime:          2025-09-11T06:33:34.2265762Z
Activity.Duration:           00:00:00.0008390
Activity.Tags:
    server.address: localhost
    http.request.method: GET
    url.scheme: http
    url.path: /api/people/f308d8f3-cddf-43f7-beee-601a76bf5b12
    network.protocol.version: 1.1
    http.route: api/People/{id:guid}
    http.response.status_code: 404
Resource associated with Activity:
    deployment.environment: Testing
    service.name: Crud.Api
    service.version: 1.0.0
    service.instance.id: 10e2e254-224c-48e1-a2d2-8bbb5483cf26
    telemetry.sdk.name: opentelemetry
    telemetry.sdk.language: dotnet
    telemetry.sdk.version: 1.8.1
[06:33:34 INF] Resetting database for worker 12108 {"SourceContext": "Infrastructure.Services.DatabaseTestService", "Application": "Crud.Api"}
[06:33:34 INF] Resetting database via file deletion for worker 12108 in CI environment {"SourceContext": "Infrastructure.Services.DatabaseTestService", "Application": "Crud.Api"}
[06:33:34 INF] Acquiring database mutex for worker 12108... {"SourceContext": "Infrastructure.Services.DatabaseTestService", "Application": "Crud.Api"}
[06:33:34 INF] Database mutex acquired for worker 12108 {"SourceContext": "Infrastructure.Services.DatabaseTestService", "Application": "Crud.Api"}
[06:33:34 INF] Current database state - CanConnect: True {"SourceContext": "Infrastructure.Services.DatabaseTestService", "Application": "Crud.Api"}
[06:33:34 INF] [Phase 0] Closing database connection for worker 12108... {"SourceContext": "Infrastructure.Services.DatabaseTestService", "Application": "Crud.Api"}
[06:33:34 INF] [Phase 0] Connection closed in 0.0006ms {"SourceContext": "Infrastructure.Services.DatabaseTestService", "Application": "Crud.Api"}
[06:33:34 INF] [Phase 1] Starting EnsureDeletedAsync for worker 12108... {"SourceContext": "Infrastructure.Services.DatabaseTestService", "Application": "Crud.Api"}
[06:33:34 INF] [Phase 1] EnsureDeletedAsync completed in 1.1699ms {"SourceContext": "Infrastructure.Services.DatabaseTestService", "Application": "Crud.Api"}
[06:33:34 INF] [Phase 2] Starting EnsureCreatedAsync for worker 12108... {"SourceContext": "Infrastructure.Services.DatabaseTestService", "Application": "Crud.Api"}
[06:33:34 INF] [Phase 2] EnsureCreatedAsync completed in 10.5932ms {"SourceContext": "Infrastructure.Services.DatabaseTestService", "Application": "Crud.Api"}
[06:33:34 INF] [Phase 3] Skipping database seeding as requested for worker 12108 {"SourceContext": "Infrastructure.Services.DatabaseTestService", "Application": "Crud.Api"}
[06:33:34 INF] Database reset via file deletion completed for worker 12108 in 111.4925ms (Close: 0.0006ms, Delete: 1.1699ms, Create: 10.5932ms) {"SourceContext": "Infrastructure.Services.DatabaseTestService", "Application": "Crud.Api"}
[06:33:34 INF] Releasing database mutex for worker 12108 {"SourceContext": "Infrastructure.Services.DatabaseTestService", "Application": "Crud.Api"}
[06:33:34 INF] Resetting database for worker 12108 {"SourceContext": "Infrastructure.Services.DatabaseTestService", "Application": "Crud.Api"}
[06:33:34 INF] Resetting database via file deletion for worker 12108 in CI environment {"SourceContext": "Infrastructure.Services.DatabaseTestService", "Application": "Crud.Api"}
[06:33:34 INF] Acquiring database mutex for worker 12108... {"SourceContext": "Infrastructure.Services.DatabaseTestService", "Application": "Crud.Api"}
[06:33:34 INF] Database mutex acquired for worker 12108 {"SourceContext": "Infrastructure.Services.DatabaseTestService", "Application": "Crud.Api"}
[06:33:34 INF] Current database state - CanConnect: True {"SourceContext": "Infrastructure.Services.DatabaseTestService", "Application": "Crud.Api"}
[06:33:34 INF] [Phase 0] Closing database connection for worker 12108... {"SourceContext": "Infrastructure.Services.DatabaseTestService", "Application": "Crud.Api"}
[06:33:34 INF] [Phase 0] Connection closed in 0.0006ms {"SourceContext": "Infrastructure.Services.DatabaseTestService", "Application": "Crud.Api"}
[06:33:34 INF] [Phase 1] Starting EnsureDeletedAsync for worker 12108... {"SourceContext": "Infrastructure.Services.DatabaseTestService", "Application": "Crud.Api"}
[06:33:34 INF] [Phase 1] EnsureDeletedAsync completed in 1.3719ms {"SourceContext": "Infrastructure.Services.DatabaseTestService", "Application": "Crud.Api"}
[06:33:34 INF] [Phase 2] Starting EnsureCreatedAsync for worker 12108... {"SourceContext": "Infrastructure.Services.DatabaseTestService", "Application": "Crud.Api"}
[06:33:34 INF] [Phase 2] EnsureCreatedAsync completed in 7.9453ms {"SourceContext": "Infrastructure.Services.DatabaseTestService", "Application": "Crud.Api"}
[06:33:34 INF] [Phase 3] Skipping database seeding as requested for worker 12108 {"SourceContext": "Infrastructure.Services.DatabaseTestService", "Application": "Crud.Api"}
[06:33:34 INF] Database reset via file deletion completed for worker 12108 in 109.7738ms (Close: 0.0006ms, Delete: 1.3719ms, Create: 7.9453ms) {"SourceContext": "Infrastructure.Services.DatabaseTestService", "Application": "Crud.Api"}
[06:33:34 INF] Releasing database mutex for worker 12108 {"SourceContext": "Infrastructure.Services.DatabaseTestService", "Application": "Crud.Api"}
[06:33:34 INF] User registered successfully: 9a7398a0-e2d7-4a1e-acd8-1acf3046fb00 {"SourceContext": "App.Features.Authentication.RegisterUserCommandHandler", "ActionId": "ee18bf61-6332-47e5-a406-02f29c4c1faa", "ActionName": "Api.Controllers.AuthController.Register (Api)", "RequestId": "0HNFGVK4NGCMU", "RequestPath": "/api/auth/register", "Application": "Crud.Api"}
Activity.TraceId:            9a70ddf85501db43ecd8827d1dd7fa8a
Activity.SpanId:             5ead95a6e5c9afe8
Activity.TraceFlags:         Recorded
Activity.ActivitySourceName: Microsoft.AspNetCore
Activity.DisplayName:        POST api/Auth/register
Activity.Kind:               Server
Activity.StartTime:          2025-09-11T06:33:34.4528338Z
Activity.Duration:           00:00:00.2964734
Activity.Tags:
    server.address: localhost
    http.request.method: POST
    url.scheme: http
    url.path: /api/auth/register
    network.protocol.version: 1.1
    http.route: api/Auth/register
    http.response.status_code: 200
Resource associated with Activity:
    deployment.environment: Testing
    service.name: Crud.Api
    service.version: 1.0.0
    service.instance.id: 10e2e254-224c-48e1-a2d2-8bbb5483cf26
    telemetry.sdk.name: opentelemetry
    telemetry.sdk.language: dotnet
    telemetry.sdk.version: 1.8.1
[06:33:35 INF] User logged in successfully: 9a7398a0-e2d7-4a1e-acd8-1acf3046fb00 {"SourceContext": "App.Features.Authentication.LoginCommandHandler", "ActionId": "8dab0e08-bbeb-4ce9-af7b-6fce50492697", "ActionName": "Api.Controllers.AuthController.Login (Api)", "RequestId": "0HNFGVK4NGCMV", "RequestPath": "/api/auth/login", "Application": "Crud.Api"}
Activity.TraceId:            ac365f4d1188aa536248f521e754e0c4
Activity.SpanId:             da84957d5f9eafad
Activity.TraceFlags:         Recorded
Activity.ActivitySourceName: Microsoft.AspNetCore
Activity.DisplayName:        POST api/Auth/login
Activity.Kind:               Server
Activity.StartTime:          2025-09-11T06:33:34.7508545Z
Activity.Duration:           00:00:00.2996137
Activity.Tags:
    server.address: localhost
    http.request.method: POST
    url.scheme: http
    url.path: /api/auth/login
    network.protocol.version: 1.1
    http.route: api/Auth/login
    http.response.status_code: 200
Resource associated with Activity:
    deployment.environment: Testing
    service.name: Crud.Api
    service.version: 1.0.0
    service.instance.id: 10e2e254-224c-48e1-a2d2-8bbb5483cf26
    telemetry.sdk.name: opentelemetry
    telemetry.sdk.language: dotnet
    telemetry.sdk.version: 1.8.1
[06:33:35 DBG] Cache miss for key: entity:person:0fb54355ec074c8996576220fde32063 {"SourceContext": "Infrastructure.Services.Caching.InMemoryCacheService", "ActionId": "56b543f8-576c-4044-9ade-6937f689b6a4", "ActionName": "Api.Controllers.PeopleController.Update (Api)", "RequestId": "0HNFGVK4NGCN0", "RequestPath": "/api/people/0fb54355-ec07-4c89-9657-6220fde32063", "Application": "Crud.Api"}
[06:33:35 ERR] An unhandled exception occurred during request PUT /api/people/0fb54355-ec07-4c89-9657-6220fde32063. Request ID: 0HNFGVK4NGCN0, User: Anonymous {"SourceContext": "Api.Middleware.GlobalExceptionHandlingMiddleware", "RequestPath": "/api/people/0fb54355-ec07-4c89-9657-6220fde32063", "Application": "Crud.Api"}
System.Collections.Generic.KeyNotFoundException: Person 0fb54355-ec07-4c89-9657-6220fde32063 not found
   at App.Features.People.UpdatePersonCommandHandler.Handle(UpdatePersonCommand request, CancellationToken cancellationToken) in /home/runner/work/Crud/Crud/src/App/Features/People/CommandHandlers.cs:line 31
   at MediatR.Wrappers.RequestHandlerWrapperImpl`1.&lt;&gt;c__DisplayClass1_0.&lt;&lt;Handle&gt;g__Handler|0&gt;d.MoveNext()
--- End of stack trace from previous location ---
   at Api.Controllers.PeopleController.Update(Guid id, UpdatePersonRequest request, CancellationToken ct) in /home/runner/work/Crud/Crud/src/Api/Controllers/PeopleController.cs:line 85
   at Microsoft.AspNetCore.Mvc.Infrastructure.ActionMethodExecutor.TaskOfIActionResultExecutor.Execute(ActionContext actionContext, IActionResultTypeMapper mapper, ObjectMethodExecutor executor, Object controller, Object[] arguments)
   at Microsoft.AspNetCore.Mvc.Infrastructure.ControllerActionInvoker.&lt;InvokeActionMethodAsync&gt;g__Logged|12_1(ControllerActionInvoker invoker)
   at Microsoft.AspNetCore.Mvc.Infrastructure.ControllerActionInvoker.&lt;InvokeNextActionFilterAsync&gt;g__Awaited|10_0(ControllerActionInvoker invoker, Task lastTask, State next, Scope scope, Object state, Boolean isCompleted)
   at Microsoft.AspNetCore.Mvc.Infrastructure.ControllerActionInvoker.Rethrow(ActionExecutedContextSealed context)
   at Microsoft.AspNetCore.Mvc.Infrastructure.ControllerActionInvoker.Next(State&amp; next, Scope&amp; scope, Object&amp; state, Boolean&amp; isCompleted)
   at Microsoft.AspNetCore.Mvc.Infrastructure.ControllerActionInvoker.InvokeInnerFilterAsync()
--- End of stack trace from previous location ---
   at Microsoft.AspNetCore.Mvc.Infrastructure.ResourceInvoker.&lt;InvokeFilterPipelineAsync&gt;g__Awaited|20_0(ResourceInvoker invoker, Task lastTask, State next, Scope scope, Object state, Boolean isCompleted)
   at Microsoft.AspNetCore.Mvc.Infrastructure.ResourceInvoker.&lt;InvokeAsync&gt;g__Logged|17_1(ResourceInvoker invoker)
   at Microsoft.AspNetCore.Mvc.Infrastructure.ResourceInvoker.&lt;InvokeAsync&gt;g__Logged|17_1(ResourceInvoker invoker)
   at Api.Middleware.ConditionalRequestMiddleware.InvokeAsync(HttpContext context) in /home/runner/work/Crud/Crud/src/Api/Middleware/ConditionalRequestMiddleware.cs:line 31
   at Microsoft.AspNetCore.Authorization.AuthorizationMiddleware.Invoke(HttpContext context)
   at Microsoft.AspNetCore.Authentication.AuthenticationMiddleware.Invoke(HttpContext context)
   at Microsoft.AspNetCore.RateLimiting.RateLimitingMiddleware.InvokeInternal(HttpContext context, EnableRateLimitingAttribute enableRateLimitingAttribute)
   at Api.Middleware.GlobalExceptionHandlingMiddleware.InvokeAsync(HttpContext context) in /home/runner/work/Crud/Crud/src/Api/Middleware/GlobalExceptionHandlingMiddleware.cs:line 27
[06:33:35 INF] Resetting database for worker 12108 {"SourceContext": "Infrastructure.Services.DatabaseTestService", "Application": "Crud.Api"}
[06:33:35 INF] Resetting database via file deletion for worker 12108 in CI environment {"SourceContext": "Infrastructure.Services.DatabaseTestService", "Application": "Crud.Api"}
[06:33:35 INF] Acquiring database mutex for worker 12108... {"SourceContext": "Infrastructure.Services.DatabaseTestService", "Application": "Crud.Api"}
[06:33:35 INF] Database mutex acquired for worker 12108 {"SourceContext": "Infrastructure.Services.DatabaseTestService", "Application": "Crud.Api"}
[06:33:35 INF] Current database state - CanConnect: True {"SourceContext": "Infrastructure.Services.DatabaseTestService", "Application": "Crud.Api"}
[06:33:35 INF] [Phase 0] Closing database connection for worker 12108... {"SourceContext": "Infrastructure.Services.DatabaseTestService", "Application": "Crud.Api"}
[06:33:35 INF] [Phase 0] Connection closed in 0.0005ms {"SourceContext": "Infrastructure.Services.DatabaseTestService", "Application": "Crud.Api"}
[06:33:35 INF] [Phase 1] Starting EnsureDeletedAsync for worker 12108... {"SourceContext": "Infrastructure.Services.DatabaseTestService", "Application": "Crud.Api"}
Activity.TraceId:            7ac4c4544f653c29f71d38eb6340d033
Activity.SpanId:             6ca0b96552658711
Activity.TraceFlags:         Recorded
Activity.ActivitySourceName: Microsoft.AspNetCore
Activity.DisplayName:        PUT api/People/{id:guid}
Activity.Kind:               Server
Activity.StartTime:          2025-09-11T06:33:35.0513480Z
Activity.Duration:           00:00:00.0039806
Activity.Tags:
    server.address: localhost
    http.request.method: PUT
    url.scheme: http
    url.path: /api/people/0fb54355-ec07-4c89-9657-6220fde32063
    network.protocol.version: 1.1
    http.route: api/People/{id:guid}
    http.response.status_code: 404
Resource associated with Activity:
    deployment.environment: Testing
    service.name: Crud.Api
    service.version: 1.0.0
    service.instance.id: 10e2e254-224c-48e1-a2d2-8bbb5483cf26
    telemetry.sdk.name: opentelemetry
    telemetry.sdk.language: dotnet
    telemetry.sdk.version: 1.8.1
[06:33:35 INF] [Phase 1] EnsureDeletedAsync completed in 3.0352ms {"SourceContext": "Infrastructure.Services.DatabaseTestService", "Application": "Crud.Api"}
[06:33:35 INF] [Phase 2] Starting EnsureCreatedAsync for worker 12108... {"SourceContext": "Infrastructure.Services.DatabaseTestService", "Application": "Crud.Api"}
[06:33:35 INF] [Phase 2] EnsureCreatedAsync completed in 7.416ms {"SourceContext": "Infrastructure.Services.DatabaseTestService", "Application": "Crud.Api"}
[06:33:35 INF] [Phase 3] Skipping database seeding as requested for worker 12108 {"SourceContext": "Infrastructure.Services.DatabaseTestService", "Application": "Crud.Api"}
[06:33:35 INF] Database reset via file deletion completed for worker 12108 in 110.5002ms (Close: 0.0005ms, Delete: 3.0352ms, Create: 7.416ms) {"SourceContext": "Infrastructure.Services.DatabaseTestService", "Application": "Crud.Api"}
[06:33:35 INF] Releasing database mutex for worker 12108 {"SourceContext": "Infrastructure.Services.DatabaseTestService", "Application": "Crud.Api"}
[06:33:35 INF] Resetting database for worker 12108 {"SourceContext": "Infrastructure.Services.DatabaseTestService", "Application": "Crud.Api"}
[06:33:35 INF] Resetting database via file deletion for worker 12108 in CI environment {"SourceContext": "Infrastructure.Services.DatabaseTestService", "Application": "Crud.Api"}
[06:33:35 INF] Acquiring database mutex for worker 12108... {"SourceContext": "Infrastructure.Services.DatabaseTestService", "Application": "Crud.Api"}
[06:33:35 INF] Database mutex acquired for worker 12108 {"SourceContext": "Infrastructure.Services.DatabaseTestService", "Application": "Crud.Api"}
[06:33:35 INF] Current database state - CanConnect: True {"SourceContext": "Infrastructure.Services.DatabaseTestService", "Application": "Crud.Api"}
[06:33:35 INF] [Phase 0] Closing database connection for worker 12108... {"SourceContext": "Infrastructure.Services.DatabaseTestService", "Application": "Crud.Api"}
[06:33:35 INF] [Phase 0] Connection closed in 0.0005ms {"SourceContext": "Infrastructure.Services.DatabaseTestService", "Application": "Crud.Api"}
[06:33:35 INF] [Phase 1] Starting EnsureDeletedAsync for worker 12108... {"SourceContext": "Infrastructure.Services.DatabaseTestService", "Application": "Crud.Api"}
[06:33:35 INF] [Phase 1] EnsureDeletedAsync completed in 1.3282ms {"SourceContext": "Infrastructure.Services.DatabaseTestService", "Application": "Crud.Api"}
[06:33:35 INF] [Phase 2] Starting EnsureCreatedAsync for worker 12108... {"SourceContext": "Infrastructure.Services.DatabaseTestService", "Application": "Crud.Api"}
[06:33:35 INF] [Phase 2] EnsureCreatedAsync completed in 12.4097ms {"SourceContext": "Infrastructure.Services.DatabaseTestService", "Application": "Crud.Api"}
[06:33:35 INF] [Phase 3] Skipping database seeding as requested for worker 12108 {"SourceContext": "Infrastructure.Services.DatabaseTestService", "Application": "Crud.Api"}
[06:33:35 INF] Database reset via file deletion completed for worker 12108 in 114.3121ms (Close: 0.0005ms, Delete: 1.3282ms, Create: 12.4097ms) {"SourceContext": "Infrastructure.Services.DatabaseTestService", "Application": "Crud.Api"}
[06:33:35 INF] Releasing database mutex for worker 12108 {"SourceContext": "Infrastructure.Services.DatabaseTestService", "Application": "Crud.Api"}
[06:33:35 INF] User registered successfully: d888fec0-3471-414b-8a96-b21270d60bd6 {"SourceContext": "App.Features.Authentication.RegisterUserCommandHandler", "ActionId": "ee18bf61-6332-47e5-a406-02f29c4c1faa", "ActionName": "Api.Controllers.AuthController.Register (Api)", "RequestId": "0HNFGVK4NGCN1", "RequestPath": "/api/auth/register", "Application": "Crud.Api"}
Activity.TraceId:            6dccdf4f57e743dcd086831adc8e773f
Activity.SpanId:             15495beb4433dbe1
Activity.TraceFlags:         Recorded
Activity.ActivitySourceName: Microsoft.AspNetCore
Activity.DisplayName:        POST api/Auth/register
Activity.Kind:               Server
Activity.StartTime:          2025-09-11T06:33:35.2838235Z
Activity.Duration:           00:00:00.2992996
Activity.Tags:
    server.address: localhost
    http.request.method: POST
    url.scheme: http
    url.path: /api/auth/register
    network.protocol.version: 1.1
    http.route: api/Auth/register
    http.response.status_code: 200
Resource associated with Activity:
    deployment.environment: Testing
    service.name: Crud.Api
    service.version: 1.0.0
    service.instance.id: 10e2e254-224c-48e1-a2d2-8bbb5483cf26
    telemetry.sdk.name: opentelemetry
    telemetry.sdk.language: dotnet
    telemetry.sdk.version: 1.8.1
[06:33:35 INF] User logged in successfully: d888fec0-3471-414b-8a96-b21270d60bd6 {"SourceContext": "App.Features.Authentication.LoginCommandHandler", "ActionId": "8dab0e08-bbeb-4ce9-af7b-6fce50492697", "ActionName": "Api.Controllers.AuthController.Login (Api)", "RequestId": "0HNFGVK4NGCN2", "RequestPath": "/api/auth/login", "Application": "Crud.Api"}
Activity.TraceId:            fe8f781f7269684f411865d45657f274
Activity.SpanId:             13f94b1cb5efa3b1
Activity.TraceFlags:         Recorded
Activity.ActivitySourceName: Microsoft.AspNetCore
Activity.DisplayName:        POST api/Auth/login
Activity.Kind:               Server
Activity.StartTime:          2025-09-11T06:33:35.5843252Z
Activity.Duration:           00:00:00.2973077
Activity.Tags:
    server.address: localhost
    http.request.method: POST
    url.scheme: http
    url.path: /api/auth/login
    network.protocol.version: 1.1
    http.route: api/Auth/login
    http.response.status_code: 200
Resource associated with Activity:
    deployment.environment: Testing
    service.name: Crud.Api
    service.version: 1.0.0
    service.instance.id: 10e2e254-224c-48e1-a2d2-8bbb5483cf26
    telemetry.sdk.name: opentelemetry
    telemetry.sdk.language: dotnet
    telemetry.sdk.version: 1.8.1
[06:33:36 INF] User registered successfully: 1358e960-3b40-4107-be90-5d54ad11f275 {"SourceContext": "App.Features.Authentication.RegisterUserCommandHandler", "ActionId": "ee18bf61-6332-47e5-a406-02f29c4c1faa", "ActionName": "Api.Controllers.AuthController.Register (Api)", "RequestId": "0HNFGVK4NGCN3", "RequestPath": "/api/auth/register", "Application": "Crud.Api"}
Activity.TraceId:            0fabfa7ad2282a6148eccabd8193f9dc
Activity.SpanId:             d6910c7b6d2bd1fb
Activity.TraceFlags:         Recorded
Activity.ActivitySourceName: Microsoft.AspNetCore
Activity.DisplayName:        POST api/Auth/register
Activity.Kind:               Server
Activity.StartTime:          2025-09-11T06:33:35.8824435Z
Activity.Duration:           00:00:00.2964571
Activity.Tags:
    server.address: localhost
    http.request.method: POST
    url.scheme: http
    url.path: /api/auth/register
    network.protocol.version: 1.1
    http.route: api/Auth/register
    http.response.status_code: 200
Resource associated with Activity:
    deployment.environment: Testing
    service.name: Crud.Api
    service.version: 1.0.0
    service.instance.id: 10e2e254-224c-48e1-a2d2-8bbb5483cf26
    telemetry.sdk.name: opentelemetry
    telemetry.sdk.language: dotnet
    telemetry.sdk.version: 1.8.1
[06:33:36 DBG] Removed cache value for key: entity:person:69b4821109ce42e9b853b56612407270 {"SourceContext": "Infrastructure.Services.Caching.InMemoryCacheService", "ActionId": "bf78c6e9-c9b2-4ce7-bac4-58a616d6176d", "ActionName": "Api.Controllers.PeopleController.Create (Api)", "RequestId": "0HNFGVK4NGCN4", "RequestPath": "/api/people", "Application": "Crud.Api"}
[06:33:36 DBG] Removed cache value for key: list:person {"SourceContext": "Infrastructure.Services.Caching.InMemoryCacheService", "ActionId": "bf78c6e9-c9b2-4ce7-bac4-58a616d6176d", "ActionName": "Api.Controllers.PeopleController.Create (Api)", "RequestId": "0HNFGVK4NGCN4", "RequestPath": "/api/people", "Application": "Crud.Api"}
[06:33:36 DBG] Invalidating cache for entity type: people with tag: people {"SourceContext": "Api.Services.OutputCacheInvalidationService", "ActionId": "bf78c6e9-c9b2-4ce7-bac4-58a616d6176d", "ActionName": "Api.Controllers.PeopleController.Create (Api)", "RequestId": "0HNFGVK4NGCN4", "RequestPath": "/api/people", "Application": "Crud.Api"}
[06:33:36 INF] Successfully invalidated cache for entity type: people {"SourceContext": "Api.Services.OutputCacheInvalidationService", "ActionId": "bf78c6e9-c9b2-4ce7-bac4-58a616d6176d", "ActionName": "Api.Controllers.PeopleController.Create (Api)", "RequestId": "0HNFGVK4NGCN4", "RequestPath": "/api/people", "Application": "Crud.Api"}
Activity.TraceId:            5d2c765fd61be98a0b5b5a89924b7a0d
Activity.SpanId:             f700bf50b619ab30
Activity.TraceFlags:         Recorded
Activity.ActivitySourceName: Microsoft.AspNetCore
Activity.DisplayName:        POST api/People
Activity.Kind:               Server
Activity.StartTime:          2025-09-11T06:33:36.1793641Z
Activity.Duration:           00:00:00.0021150
Activity.Tags:
    server.address: localhost
    http.request.method: POST
    url.scheme: http
    url.path: /api/people
    network.protocol.version: 1.1
    http.route: api/People
    http.response.status_code: 201
Resource associated with Activity:
    deployment.environment: Testing
    service.name: Crud.Api
    service.version: 1.0.0
    service.instance.id: 10e2e254-224c-48e1-a2d2-8bbb5483cf26
    telemetry.sdk.name: opentelemetry
    telemetry.sdk.language: dotnet
    telemetry.sdk.version: 1.8.1
[06:33:36 DBG] Removed cache value for key: entity:person:1453a7d73c5f4c17858d46d9d9fe931c {"SourceContext": "Infrastructure.Services.Caching.InMemoryCacheService", "ActionId": "bf78c6e9-c9b2-4ce7-bac4-58a616d6176d", "ActionName": "Api.Controllers.PeopleController.Create (Api)", "RequestId": "0HNFGVK4NGCN5", "RequestPath": "/api/people", "Application": "Crud.Api"}
[06:33:36 DBG] Removed cache value for key: list:person {"SourceContext": "Infrastructure.Services.Caching.InMemoryCacheService", "ActionId": "bf78c6e9-c9b2-4ce7-bac4-58a616d6176d", "ActionName": "Api.Controllers.PeopleController.Create (Api)", "RequestId": "0HNFGVK4NGCN5", "RequestPath": "/api/people", "Application": "Crud.Api"}
[06:33:36 DBG] Invalidating cache for entity type: people with tag: people {"SourceContext": "Api.Services.OutputCacheInvalidationService", "ActionId": "bf78c6e9-c9b2-4ce7-bac4-58a616d6176d", "ActionName": "Api.Controllers.PeopleController.Create (Api)", "RequestId": "0HNFGVK4NGCN5", "RequestPath": "/api/people", "Application": "Crud.Api"}
[06:33:36 INF] Successfully invalidated cache for entity type: people {"SourceContext": "Api.Services.OutputCacheInvalidationService", "ActionId": "bf78c6e9-c9b2-4ce7-bac4-58a616d6176d", "ActionName": "Api.Controllers.PeopleController.Create (Api)", "RequestId": "0HNFGVK4NGCN5", "RequestPath": "/api/people", "Application": "Crud.Api"}
Activity.TraceId:            781e3d9500bc93e09407d6779f557e97
Activity.SpanId:             c368fd21d9c8a588
Activity.TraceFlags:         Recorded
Activity.ActivitySourceName: Microsoft.AspNetCore
Activity.DisplayName:        POST api/People
Activity.Kind:               Server
Activity.StartTime:          2025-09-11T06:33:36.1816450Z
Activity.Duration:           00:00:00.0024417
Activity.Tags:
    server.address: localhost
    http.request.method: POST
    url.scheme: http
    url.path: /api/people
    network.protocol.version: 1.1
    http.route: api/People
    http.response.status_code: 201
Resource associated with Activity:
    deployment.environment: Testing
    service.name: Crud.Api
    service.version: 1.0.0
    service.instance.id: 10e2e254-224c-48e1-a2d2-8bbb5483cf26
    telemetry.sdk.name: opentelemetry
    telemetry.sdk.language: dotnet
    telemetry.sdk.version: 1.8.1
[06:33:36 DBG] Cache miss for key: list:person {"SourceContext": "Infrastructure.Services.Caching.InMemoryCacheService", "ActionId": "e7007d2b-8394-4584-87a5-aa34cee4a56a", "ActionName": "Api.Controllers.PeopleController.List (Api)", "RequestId": "0HNFGVK4NGCN6", "RequestPath": "/api/people", "Application": "Crud.Api"}
[06:33:36 DBG] Set cache value for key: list:person {"SourceContext": "Infrastructure.Services.Caching.InMemoryCacheService", "ActionId": "e7007d2b-8394-4584-87a5-aa34cee4a56a", "ActionName": "Api.Controllers.PeopleController.List (Api)", "RequestId": "0HNFGVK4NGCN6", "RequestPath": "/api/people", "Application": "Crud.Api"}
Activity.TraceId:            a2f9333f1fc5541f1a71f9b31048a80b
Activity.SpanId:             d4c52f64805f4d9d
Activity.TraceFlags:         Recorded
Activity.ActivitySourceName: Microsoft.AspNetCore
Activity.DisplayName:        GET api/People
Activity.Kind:               Server
Activity.StartTime:          2025-09-11T06:33:36.1841451Z
Activity.Duration:           00:00:00.0011166
Activity.Tags:
    server.address: localhost
    http.request.method: GET
    url.scheme: http
    url.path: /api/people
    network.protocol.version: 1.1
    http.route: api/People
    http.response.status_code: 200
Resource associated with Activity:
    deployment.environment: Testing
    service.name: Crud.Api
    service.version: 1.0.0
    service.instance.id: 10e2e254-224c-48e1-a2d2-8bbb5483cf26
    telemetry.sdk.name: opentelemetry
    telemetry.sdk.language: dotnet
    telemetry.sdk.version: 1.8.1
[06:33:36 INF] Resetting database for worker 12108 {"SourceContext": "Infrastructure.Services.DatabaseTestService", "Application": "Crud.Api"}
[06:33:36 INF] Resetting database via file deletion for worker 12108 in CI environment {"SourceContext": "Infrastructure.Services.DatabaseTestService", "Application": "Crud.Api"}
[06:33:36 INF] Acquiring database mutex for worker 12108... {"SourceContext": "Infrastructure.Services.DatabaseTestService", "Application": "Crud.Api"}
[06:33:36 INF] Database mutex acquired for worker 12108 {"SourceContext": "Infrastructure.Services.DatabaseTestService", "Application": "Crud.Api"}
[06:33:36 INF] Current database state - CanConnect: True {"SourceContext": "Infrastructure.Services.DatabaseTestService", "Application": "Crud.Api"}
[06:33:36 INF] [Phase 0] Closing database connection for worker 12108... {"SourceContext": "Infrastructure.Services.DatabaseTestService", "Application": "Crud.Api"}
[06:33:36 INF] [Phase 0] Connection closed in 0.0006ms {"SourceContext": "Infrastructure.Services.DatabaseTestService", "Application": "Crud.Api"}
[06:33:36 INF] [Phase 1] Starting EnsureDeletedAsync for worker 12108... {"SourceContext": "Infrastructure.Services.DatabaseTestService", "Application": "Crud.Api"}
[06:33:36 INF] [Phase 1] EnsureDeletedAsync completed in 1.3645ms {"SourceContext": "Infrastructure.Services.DatabaseTestService", "Application": "Crud.Api"}
[06:33:36 INF] [Phase 2] Starting EnsureCreatedAsync for worker 12108... {"SourceContext": "Infrastructure.Services.DatabaseTestService", "Application": "Crud.Api"}
[06:33:36 INF] [Phase 2] EnsureCreatedAsync completed in 9.9363ms {"SourceContext": "Infrastructure.Services.DatabaseTestService", "Application": "Crud.Api"}
[06:33:36 INF] [Phase 3] Skipping database seeding as requested for worker 12108 {"SourceContext": "Infrastructure.Services.DatabaseTestService", "Application": "Crud.Api"}
[06:33:36 INF] Database reset via file deletion completed for worker 12108 in 111.8025ms (Close: 0.0006ms, Delete: 1.3645ms, Create: 9.9363ms) {"SourceContext": "Infrastructure.Services.DatabaseTestService", "Application": "Crud.Api"}
[06:33:36 INF] Releasing database mutex for worker 12108 {"SourceContext": "Infrastructure.Services.DatabaseTestService", "Application": "Crud.Api"}
[06:33:36 INF] Resetting database for worker 12108 {"SourceContext": "Infrastructure.Services.DatabaseTestService", "Application": "Crud.Api"}
[06:33:36 INF] Resetting database via file deletion for worker 12108 in CI environment {"SourceContext": "Infrastructure.Services.DatabaseTestService", "Application": "Crud.Api"}
[06:33:36 INF] Acquiring database mutex for worker 12108... {"SourceContext": "Infrastructure.Services.DatabaseTestService", "Application": "Crud.Api"}
[06:33:36 INF] Database mutex acquired for worker 12108 {"SourceContext": "Infrastructure.Services.DatabaseTestService", "Application": "Crud.Api"}
[06:33:36 INF] Current database state - CanConnect: True {"SourceContext": "Infrastructure.Services.DatabaseTestService", "Application": "Crud.Api"}
[06:33:36 INF] [Phase 0] Closing database connection for worker 12108... {"SourceContext": "Infrastructure.Services.DatabaseTestService", "Application": "Crud.Api"}
[06:33:36 INF] [Phase 0] Connection closed in 0.0006ms {"SourceContext": "Infrastructure.Services.DatabaseTestService", "Application": "Crud.Api"}
[06:33:36 INF] [Phase 1] Starting EnsureDeletedAsync for worker 12108... {"SourceContext": "Infrastructure.Services.DatabaseTestService", "Application": "Crud.Api"}
[06:33:36 INF] [Phase 1] EnsureDeletedAsync completed in 1.0744ms {"SourceContext": "Infrastructure.Services.DatabaseTestService", "Application": "Crud.Api"}
[06:33:36 INF] [Phase 2] Starting EnsureCreatedAsync for worker 12108... {"SourceContext": "Infrastructure.Services.DatabaseTestService", "Application": "Crud.Api"}
[06:33:36 INF] [Phase 2] EnsureCreatedAsync completed in 10.1699ms {"SourceContext": "Infrastructure.Services.DatabaseTestService", "Application": "Crud.Api"}
[06:33:36 INF] [Phase 3] Skipping database seeding as requested for worker 12108 {"SourceContext": "Infrastructure.Services.DatabaseTestService", "Application": "Crud.Api"}
[06:33:36 INF] Database reset via file deletion completed for worker 12108 in 111.357ms (Close: 0.0006ms, Delete: 1.0744ms, Create: 10.1699ms) {"SourceContext": "Infrastructure.Services.DatabaseTestService", "Application": "Crud.Api"}
[06:33:36 INF] Releasing database mutex for worker 12108 {"SourceContext": "Infrastructure.Services.DatabaseTestService", "Application": "Crud.Api"}
[06:33:36 INF] User registered successfully: fdb80b03-e1f7-43aa-b0da-88f0c6f70792 {"SourceContext": "App.Features.Authentication.RegisterUserCommandHandler", "ActionId": "ee18bf61-6332-47e5-a406-02f29c4c1faa", "ActionName": "Api.Controllers.AuthController.Register (Api)", "RequestId": "0HNFGVK4NGCN7", "RequestPath": "/api/auth/register", "Application": "Crud.Api"}
Activity.TraceId:            43cece24eadee1e1c1b6771c8ced5c74
Activity.SpanId:             5c2f7643cfb452d4
Activity.TraceFlags:         Recorded
Activity.ActivitySourceName: Microsoft.AspNetCore
Activity.DisplayName:        POST api/Auth/register
Activity.Kind:               Server
Activity.StartTime:          2025-09-11T06:33:36.4139084Z
Activity.Duration:           00:00:00.2971048
Activity.Tags:
    server.address: localhost
    http.request.method: POST
    url.scheme: http
    url.path: /api/auth/register
    network.protocol.version: 1.1
    http.route: api/Auth/register
    http.response.status_code: 200
Resource associated with Activity:
    deployment.environment: Testing
    service.name: Crud.Api
    service.version: 1.0.0
    service.instance.id: 10e2e254-224c-48e1-a2d2-8bbb5483cf26
    telemetry.sdk.name: opentelemetry
    telemetry.sdk.language: dotnet
    telemetry.sdk.version: 1.8.1
[06:33:37 INF] User logged in successfully: fdb80b03-e1f7-43aa-b0da-88f0c6f70792 {"SourceContext": "App.Features.Authentication.LoginCommandHandler", "ActionId": "8dab0e08-bbeb-4ce9-af7b-6fce50492697", "ActionName": "Api.Controllers.AuthController.Login (Api)", "RequestId": "0HNFGVK4NGCN8", "RequestPath": "/api/auth/login", "Application": "Crud.Api"}
Activity.TraceId:            36e013e75b1ef71ba5ec5ea2f6114d9f
Activity.SpanId:             2597dc1f4b020dfc
Activity.TraceFlags:         Recorded
Activity.ActivitySourceName: Microsoft.AspNetCore
Activity.DisplayName:        POST api/Auth/login
Activity.Kind:               Server
Activity.StartTime:          2025-09-11T06:33:36.7123027Z
Activity.Duration:           00:00:00.2970720
Activity.Tags:
    server.address: localhost
    http.request.method: POST
    url.scheme: http
    url.path: /api/auth/login
    network.protocol.version: 1.1
    http.route: api/Auth/login
    http.response.status_code: 200
Resource associated with Activity:
    deployment.environment: Testing
    service.name: Crud.Api
    service.version: 1.0.0
    service.instance.id: 10e2e254-224c-48e1-a2d2-8bbb5483cf26
    telemetry.sdk.name: opentelemetry
    telemetry.sdk.language: dotnet
    telemetry.sdk.version: 1.8.1
[06:33:37 INF] User registered successfully: 53b568eb-b46c-43b3-8afe-658bbc245d3e {"SourceContext": "App.Features.Authentication.RegisterUserCommandHandler", "ActionId": "ee18bf61-6332-47e5-a406-02f29c4c1faa", "ActionName": "Api.Controllers.AuthController.Register (Api)", "RequestId": "0HNFGVK4NGCN9", "RequestPath": "/api/auth/register", "Application": "Crud.Api"}
Activity.TraceId:            e1247d9b7751a0ffab1768c2da213f14
Activity.SpanId:             ff4440f64491d6b1
Activity.TraceFlags:         Recorded
Activity.ActivitySourceName: Microsoft.AspNetCore
Activity.DisplayName:        POST api/Auth/register
Activity.Kind:               Server
Activity.StartTime:          2025-09-11T06:33:37.0101847Z
Activity.Duration:           00:00:00.2962089
Activity.Tags:
    server.address: localhost
    http.request.method: POST
    url.scheme: http
    url.path: /api/auth/register
    network.protocol.version: 1.1
    http.route: api/Auth/register
    http.response.status_code: 200
Resource associated with Activity:
    deployment.environment: Testing
    service.name: Crud.Api
    service.version: 1.0.0
    service.instance.id: 10e2e254-224c-48e1-a2d2-8bbb5483cf26
    telemetry.sdk.name: opentelemetry
    telemetry.sdk.language: dotnet
    telemetry.sdk.version: 1.8.1
[06:33:37 DBG] Removed cache value for key: entity:person:a27c6fab7e1b4b73922b610eb66d936d {"SourceContext": "Infrastructure.Services.Caching.InMemoryCacheService", "ActionId": "bf78c6e9-c9b2-4ce7-bac4-58a616d6176d", "ActionName": "Api.Controllers.PeopleController.Create (Api)", "RequestId": "0HNFGVK4NGCNA", "RequestPath": "/api/people", "Application": "Crud.Api"}
[06:33:37 DBG] Removed cache value for key: list:person {"SourceContext": "Infrastructure.Services.Caching.InMemoryCacheService", "ActionId": "bf78c6e9-c9b2-4ce7-bac4-58a616d6176d", "ActionName": "Api.Controllers.PeopleController.Create (Api)", "RequestId": "0HNFGVK4NGCNA", "RequestPath": "/api/people", "Application": "Crud.Api"}
[06:33:37 DBG] Invalidating cache for entity type: people with tag: people {"SourceContext": "Api.Services.OutputCacheInvalidationService", "ActionId": "bf78c6e9-c9b2-4ce7-bac4-58a616d6176d", "ActionName": "Api.Controllers.PeopleController.Create (Api)", "RequestId": "0HNFGVK4NGCNA", "RequestPath": "/api/people", "Application": "Crud.Api"}
[06:33:37 INF] Successfully invalidated cache for entity type: people {"SourceContext": "Api.Services.OutputCacheInvalidationService", "ActionId": "bf78c6e9-c9b2-4ce7-bac4-58a616d6176d", "ActionName": "Api.Controllers.PeopleController.Create (Api)", "RequestId": "0HNFGVK4NGCNA", "RequestPath": "/api/people", "Application": "Crud.Api"}
Activity.TraceId:            c124cae35c1680ebdcb184970f501bf4
Activity.SpanId:             41136141ba5b5c79
Activity.TraceFlags:         Recorded
Activity.ActivitySourceName: Microsoft.AspNetCore
Activity.DisplayName:        POST api/People
Activity.Kind:               Server
Activity.StartTime:          2025-09-11T06:33:37.3068295Z
Activity.Duration:           00:00:00.0024362
Activity.Tags:
    server.address: localhost
    http.request.method: POST
    url.scheme: http
    url.path: /api/people
    network.protocol.version: 1.1
    http.route: api/People
    http.response.status_code: 201
Resource associated with Activity:
    deployment.environment: Testing
    service.name: Crud.Api
    service.version: 1.0.0
    service.instance.id: 10e2e254-224c-48e1-a2d2-8bbb5483cf26
    telemetry.sdk.name: opentelemetry
    telemetry.sdk.language: dotnet
    telemetry.sdk.version: 1.8.1
Activity.TraceId:            1b9c83c28516b913f297546fa4270ba7
Activity.SpanId:             454a7da6b475887c
Activity.TraceFlags:         Recorded
Activity.ActivitySourceName: Microsoft.AspNetCore
Activity.DisplayName:        DELETE api/People/{id:guid}
Activity.Kind:               Server
Activity.StartTime:          2025-09-11T06:33:37.3094229Z
Activity.Duration:           00:00:00.0004297
Activity.Tags:
    server.address: localhost
    http.request.method: DELETE
    url.scheme: http
    url.path: /api/people/a27c6fab-7e1b-4b73-922b-610eb66d936d
    network.protocol.version: 1.1
    http.route: api/People/{id:guid}
    http.response.status_code: 403
Resource associated with Activity:
    deployment.environment: Testing
    service.name: Crud.Api
    service.version: 1.0.0
    service.instance.id: 10e2e254-224c-48e1-a2d2-8bbb5483cf26
    telemetry.sdk.name: opentelemetry
    telemetry.sdk.language: dotnet
    telemetry.sdk.version: 1.8.1
[06:33:37 INF] Resetting database for worker 12108 {"SourceContext": "Infrastructure.Services.DatabaseTestService", "Application": "Crud.Api"}
[06:33:37 INF] Resetting database via file deletion for worker 12108 in CI environment {"SourceContext": "Infrastructure.Services.DatabaseTestService", "Application": "Crud.Api"}
[06:33:37 INF] Acquiring database mutex for worker 12108... {"SourceContext": "Infrastructure.Services.DatabaseTestService", "Application": "Crud.Api"}
[06:33:37 INF] Database mutex acquired for worker 12108 {"SourceContext": "Infrastructure.Services.DatabaseTestService", "Application": "Crud.Api"}
[06:33:37 INF] Current database state - CanConnect: True {"SourceContext": "Infrastructure.Services.DatabaseTestService", "Application": "Crud.Api"}
[06:33:37 INF] [Phase 0] Closing database connection for worker 12108... {"SourceContext": "Infrastructure.Services.DatabaseTestService", "Application": "Crud.Api"}
[06:33:37 INF] [Phase 0] Connection closed in 0.001ms {"SourceContext": "Infrastructure.Services.DatabaseTestService", "Application": "Crud.Api"}
[06:33:37 INF] [Phase 1] Starting EnsureDeletedAsync for worker 12108... {"SourceContext": "Infrastructure.Services.DatabaseTestService", "Application": "Crud.Api"}
[06:33:37 INF] [Phase 1] EnsureDeletedAsync completed in 1.4676ms {"SourceContext": "Infrastructure.Services.DatabaseTestService", "Application": "Crud.Api"}
[06:33:37 INF] [Phase 2] Starting EnsureCreatedAsync for worker 12108... {"SourceContext": "Infrastructure.Services.DatabaseTestService", "Application": "Crud.Api"}
[06:33:37 INF] [Phase 2] EnsureCreatedAsync completed in 7.9638ms {"SourceContext": "Infrastructure.Services.DatabaseTestService", "Application": "Crud.Api"}
[06:33:37 INF] [Phase 3] Skipping database seeding as requested for worker 12108 {"SourceContext": "Infrastructure.Services.DatabaseTestService", "Application": "Crud.Api"}
[06:33:37 INF] Database reset via file deletion completed for worker 12108 in 109.4593ms (Close: 0.001ms, Delete: 1.4676ms, Create: 7.9638ms) {"SourceContext": "Infrastructure.Services.DatabaseTestService", "Application": "Crud.Api"}
[06:33:37 INF] Releasing database mutex for worker 12108 {"SourceContext": "Infrastructure.Services.DatabaseTestService", "Application": "Crud.Api"}
Metric Name: http.server.active_requests, Number of active HTTP server requests., Unit: {request}, Meter: Microsoft.AspNetCore.Hosting
(2025-09-11T06:33:24.1473552Z, 2025-09-11T06:33:37.4216365Z] http.request.method: POST url.scheme: http LongSumNonMonotonic
Value: 0
(2025-09-11T06:33:24.1473552Z, 2025-09-11T06:33:37.4216365Z] http.request.method: GET url.scheme: http LongSumNonMonotonic
Value: 0
(2025-09-11T06:33:24.1473552Z, 2025-09-11T06:33:37.4216365Z] http.request.method: PUT url.scheme: http LongSumNonMonotonic
Value: 0
(2025-09-11T06:33:24.1473552Z, 2025-09-11T06:33:37.4216365Z] http.request.method: DELETE url.scheme: http LongSumNonMonotonic
Value: 0
Metric Name: http.server.request.duration, Duration of HTTP server requests., Unit: s, Meter: Microsoft.AspNetCore.Hosting
(2025-09-11T06:33:24.1474222Z, 2025-09-11T06:33:37.4216430Z] http.request.method: POST http.response.status_code: 200 http.route: api/Auth/register network.protocol.version: 1.1 url.scheme: http Histogram
Value: Sum: 5.655179199999997 Count: 19 Min: 0.2960008 Max: 0.3027035 
(-Infinity,0.005]:0
(0.005,0.01]:0
(0.01,0.025]:0
(0.025,0.05]:0
(0.05,0.075]:0
(0.075,0.1]:0
(0.1,0.25]:0
(0.25,0.5]:19
(0.5,0.75]:0
(0.75,1]:0
(1,2.5]:0
(2.5,5]:0
(5,7.5]:0
(7.5,10]:0
(10,+Infinity]:0
(2025-09-11T06:33:24.1474222Z, 2025-09-11T06:33:37.4216430Z] http.request.method: POST http.response.status_code: 200 http.route: api/Auth/login network.protocol.version: 1.1 url.scheme: http Histogram
Value: Sum: 3.5819623 Count: 12 Min: 0.295988 Max: 0.3037776 
(-Infinity,0.005]:0
(0.005,0.01]:0
(0.01,0.025]:0
(0.025,0.05]:0
(0.05,0.075]:0
(0.075,0.1]:0
(0.1,0.25]:0
(0.25,0.5]:12
(0.5,0.75]:0
(0.75,1]:0
(1,2.5]:0
(2.5,5]:0
(5,7.5]:0
(7.5,10]:0
(10,+Infinity]:0
(2025-09-11T06:33:24.1474222Z, 2025-09-11T06:33:37.4216430Z] http.request.method: POST http.response.status_code: 201 http.route: api/Roles network.protocol.version: 1.1 url.scheme: http Histogram
Value: Sum: 0.018951299999999997 Count: 3 Min: 0.0021868 Max: 0.0125071 
(-Infinity,0.005]:2
(0.005,0.01]:0
(0.01,0.025]:1
(0.025,0.05]:0
(0.05,0.075]:0
(0.075,0.1]:0
(0.1,0.25]:0
(0.25,0.5]:0
(0.5,0.75]:0
(0.75,1]:0
(1,2.5]:0
(2.5,5]:0
(5,7.5]:0
(7.5,10]:0
(10,+Infinity]:0
(2025-09-11T06:33:24.1474222Z, 2025-09-11T06:33:37.4216430Z] http.request.method: POST http.response.status_code: 201 http.route: api/People network.protocol.version: 1.1 url.scheme: http Histogram
Value: Sum: 0.057825699999999994 Count: 10 Min: 0.0017951 Max: 0.0355939 
(-Infinity,0.005]:9
(0.005,0.01]:0
(0.01,0.025]:0
(0.025,0.05]:1
(0.05,0.075]:0
(0.075,0.1]:0
(0.1,0.25]:0
(0.25,0.5]:0
(0.5,0.75]:0
(0.75,1]:0
(1,2.5]:0
(2.5,5]:0
(5,7.5]:0
(7.5,10]:0
(10,+Infinity]:0
(2025-09-11T06:33:24.1474222Z, 2025-09-11T06:33:37.4216430Z] http.request.method: GET http.response.status_code: 200 http.route: api/People network.protocol.version: 1.1 url.scheme: http Histogram
Value: Sum: 0.008848 Count: 2 Min: 0.0011144 Max: 0.0077336 
(-Infinity,0.005]:1
(0.005,0.01]:1
(0.01,0.025]:0
(0.025,0.05]:0
(0.05,0.075]:0
(0.075,0.1]:0
(0.1,0.25]:0
(0.25,0.5]:0
(0.5,0.75]:0
(0.75,1]:0
(1,2.5]:0
(2.5,5]:0
(5,7.5]:0
(7.5,10]:0
(10,+Infinity]:0
(2025-09-11T06:33:24.1474222Z, 2025-09-11T06:33:37.4216430Z] http.request.method: POST http.response.status_code: 400 http.route: api/People network.protocol.version: 1.1 url.scheme: http Histogram
Value: Sum: 0.0026289 Count: 1 Min: 0.0026289 Max: 0.0026289 
(-Infinity,0.005]:1
(0.005,0.01]:0
(0.01,0.025]:0
(0.025,0.05]:0
(0.05,0.075]:0
(0.075,0.1]:0
(0.1,0.25]:0
(0.25,0.5]:0
(0.5,0.75]:0
(0.75,1]:0
(1,2.5]:0
(2.5,5]:0
(5,7.5]:0
(7.5,10]:0
(10,+Infinity]:0
(2025-09-11T06:33:24.1474222Z, 2025-09-11T06:33:37.4216430Z] http.request.method: PUT http.response.status_code: 204 http.route: api/People/{id:guid} network.protocol.version: 1.1 url.scheme: http Histogram
Value: Sum: 0.0068428 Count: 1 Min: 0.0068428 Max: 0.0068428 
(-Infinity,0.005]:0
(0.005,0.01]:1
(0.01,0.025]:0
(0.025,0.05]:0
(0.05,0.075]:0
(0.075,0.1]:0
(0.1,0.25]:0
(0.25,0.5]:0
(0.5,0.75]:0
(0.75,1]:0
(1,2.5]:0
(2.5,5]:0
(5,7.5]:0
(7.5,10]:0
(10,+Infinity]:0
(2025-09-11T06:33:24.1474222Z, 2025-09-11T06:33:37.4216430Z] http.request.method: GET http.response.status_code: 200 http.route: api/People/{id:guid} network.protocol.version: 1.1 url.scheme: http Histogram
Value: Sum: 0.008147 Count: 3 Min: 0.0014486 Max: 0.0037585 
(-Infinity,0.005]:3
(0.005,0.01]:0
(0.01,0.025]:0
(0.025,0.05]:0
(0.05,0.075]:0
(0.075,0.1]:0
(0.1,0.25]:0
(0.25,0.5]:0
(0.5,0.75]:0
(0.75,1]:0
(1,2.5]:0
(2.5,5]:0
(5,7.5]:0
(7.5,10]:0
(10,+Infinity]:0
(2025-09-11T06:33:24.1474222Z, 2025-09-11T06:33:37.4216430Z] http.request.method: GET http.response.status_code: 401 http.route: api/People network.protocol.version: 1.1 url.scheme: http Histogram
Value: Sum: 0.0008631 Count: 1 Min: 0.0008631 Max: 0.0008631 
(-Infinity,0.005]:1
(0.005,0.01]:0
(0.01,0.025]:0
(0.025,0.05]:0
(0.05,0.075]:0
(0.075,0.1]:0
(0.1,0.25]:0
(0.25,0.5]:0
(0.5,0.75]:0
(0.75,1]:0
(1,2.5]:0
(2.5,5]:0
(5,7.5]:0
(7.5,10]:0
(10,+Infinity]:0
(2025-09-11T06:33:24.1474222Z, 2025-09-11T06:33:37.4216430Z] http.request.method: POST http.response.status_code: 401 http.route: api/People network.protocol.version: 1.1 url.scheme: http Histogram
Value: Sum: 0.0002375 Count: 1 Min: 0.0002375 Max: 0.0002375 
(-Infinity,0.005]:1
(0.005,0.01]:0
(0.01,0.025]:0
(0.025,0.05]:0
(0.05,0.075]:0
(0.075,0.1]:0
(0.1,0.25]:0
(0.25,0.5]:0
(0.5,0.75]:0
(0.75,1]:0
(1,2.5]:0
(2.5,5]:0
(5,7.5]:0
(7.5,10]:0
(10,+Infinity]:0
(2025-09-11T06:33:24.1474222Z, 2025-09-11T06:33:37.4216430Z] http.request.method: GET http.response.status_code: 404 http.route: api/People/{id:guid} network.protocol.version: 1.1 url.scheme: http Histogram
Value: Sum: 0.0048975 Count: 2 Min: 0.0008352 Max: 0.0040623 
(-Infinity,0.005]:2
(0.005,0.01]:0
(0.01,0.025]:0
(0.025,0.05]:0
(0.05,0.075]:0
(0.075,0.1]:0
(0.1,0.25]:0
(0.25,0.5]:0
(0.5,0.75]:0
(0.75,1]:0
(1,2.5]:0
(2.5,5]:0
(5,7.5]:0
(7.5,10]:0
(10,+Infinity]:0
(2025-09-11T06:33:24.1474222Z, 2025-09-11T06:33:37.4216430Z] http.request.method: POST http.response.status_code: 403 http.route: api/People network.protocol.version: 1.1 url.scheme: http Histogram
Value: Sum: 0.0011396 Count: 1 Min: 0.0011396 Max: 0.0011396 
(-Infinity,0.005]:1
(0.005,0.01]:0
(0.01,0.025]:0
(0.025,0.05]:0
(0.05,0.075]:0
(0.075,0.1]:0
(0.1,0.25]:0
(0.25,0.5]:0
(0.5,0.75]:0
(0.75,1]:0
(1,2.5]:0
(2.5,5]:0
(5,7.5]:0
(7.5,10]:0
(10,+Infinity]:0
(2025-09-11T06:33:24.1474222Z, 2025-09-11T06:33:37.4216430Z] http.request.method: DELETE http.response.status_code: 204 http.route: api/People/{id:guid} network.protocol.version: 1.1 url.scheme: http Histogram
Value: Sum: 0.0067963 Count: 2 Min: 0.0018765 Max: 0.0049198 
(-Infinity,0.005]:2
(0.005,0.01]:0
(0.01,0.025]:0
(0.025,0.05]:0
(0.05,0.075]:0
(0.075,0.1]:0
(0.1,0.25]:0
(0.25,0.5]:0
(0.5,0.75]:0
(0.75,1]:0
(1,2.5]:0
(2.5,5]:0
(5,7.5]:0
(7.5,10]:0
(10,+Infinity]:0
(2025-09-11T06:33:24.1474222Z, 2025-09-11T06:33:37.4216430Z] http.request.method: PUT http.response.status_code: 404 http.route: api/People/{id:guid} network.protocol.version: 1.1 url.scheme: http Histogram
Value: Sum: 0.0028158 Count: 1 Min: 0.0028158 Max: 0.0028158 
(-Infinity,0.005]:1
(0.005,0.01]:0
(0.01,0.025]:0
(0.025,0.05]:0
(0.05,0.075]:0
(0.075,0.1]:0
(0.1,0.25]:0
(0.25,0.5]:0
(0.5,0.75]:0
(0.75,1]:0
(1,2.5]:0
(2.5,5]:0
(5,7.5]:0
(7.5,10]:0
(10,+Infinity]:0
(2025-09-11T06:33:24.1474222Z, 2025-09-11T06:33:37.4216430Z] http.request.method: DELETE http.response.status_code: 403 http.route: api/People/{id:guid} network.protocol.version: 1.1 url.scheme: http Histogram
Value: Sum: 0.0004098 Count: 1 Min: 0.0004098 Max: 0.0004098 
(-Infinity,0.005]:1
(0.005,0.01]:0
(0.01,0.025]:0
(0.025,0.05]:0
(0.05,0.075]:0
(0.075,0.1]:0
(0.1,0.25]:0
(0.25,0.5]:0
(0.5,0.75]:0
(0.75,1]:0
(1,2.5]:0
(2.5,5]:0
(5,7.5]:0
(7.5,10]:0
(10,+Infinity]:0
Metric Name: aspnetcore.rate_limiting.active_request_leases, Number of HTTP requests that are currently active on the server that hold a rate limiting lease., Unit: {request}, Meter: Microsoft.AspNetCore.RateLimiting
(2025-09-11T06:33:24.1496077Z, 2025-09-11T06:33:37.4216438Z] LongSumNonMonotonic
Value: 0
Metric Name: aspnetcore.rate_limiting.request_lease.duration, The duration of rate limiting leases held by HTTP requests on the server., Unit: s, Meter: Microsoft.AspNetCore.RateLimiting
(2025-09-11T06:33:24.1496335Z, 2025-09-11T06:33:37.4216448Z] Histogram
Value: Sum: 9.345589500000003 Count: 60 Min: 0.0001155 Max: 0.3036323 
(-Infinity,0.005]:25
(0.005,0.01]:2
(0.01,0.025]:1
(0.025,0.05]:1
(0.05,0.075]:0
(0.075,0.1]:0
(0.1,0.25]:0
(0.25,0.5]:31
(0.5,0.75]:0
(0.75,1]:0
(1,2.5]:0
(2.5,5]:0
(5,7.5]:0
(7.5,10]:0
(10,+Infinity]:0
Metric Name: aspnetcore.rate_limiting.requests, Number of requests that tried to acquire a rate limiting lease. Requests could be rejected by global or endpoint rate limiting policies. Or the request could be canceled while waiting for the lease., Unit: {request}, Meter: Microsoft.AspNetCore.RateLimiting
(2025-09-11T06:33:24.1496775Z, 2025-09-11T06:33:37.4216461Z] aspnetcore.rate_limiting.result: acquired LongSum
Value: 60
Metric Name: aspnetcore.routing.match_attempts, Number of requests that were attempted to be matched to an endpoint., Unit: {match_attempt}, Meter: Microsoft.AspNetCore.Routing
(2025-09-11T06:33:24.1505232Z, 2025-09-11T06:33:37.4216467Z] aspnetcore.routing.is_fallback: false aspnetcore.routing.match_status: success http.route: api/Auth/register LongSum
Value: 19
(2025-09-11T06:33:24.1505232Z, 2025-09-11T06:33:37.4216467Z] aspnetcore.routing.is_fallback: false aspnetcore.routing.match_status: success http.route: api/Auth/login LongSum
Value: 12
(2025-09-11T06:33:24.1505232Z, 2025-09-11T06:33:37.4216467Z] aspnetcore.routing.is_fallback: false aspnetcore.routing.match_status: success http.route: api/Roles LongSum
Value: 3
(2025-09-11T06:33:24.1505232Z, 2025-09-11T06:33:37.4216467Z] aspnetcore.routing.is_fallback: false aspnetcore.routing.match_status: success http.route: api/People LongSum
Value: 16
(2025-09-11T06:33:24.1505232Z, 2025-09-11T06:33:37.4216467Z] aspnetcore.routing.is_fallback: false aspnetcore.routing.match_status: success http.route: api/People/{id:guid} LongSum
Value: 10
[06:33:37 INF] Starting Crud API application {"Application": "Crud.Api"}
[06:33:37 INF] Using SQLite provider with connection: Data Source=TestDatabase.db {"Application": "Crud.Api"}
[06:33:37 INF] Database ensured successfully {"Application": "Crud.Api"}
[06:33:37 INF] Application configured successfully. Starting web host... {"Application": "Crud.Api"}
[06:33:37 INF] Starting Crud API application {"Application": "Crud.Api"}
[06:33:37 INF] Using SQLite provider with connection: Data Source=TestDatabase.db {"Application": "Crud.Api"}
[06:33:37 INF] Database ensured successfully {"Application": "Crud.Api"}
[06:33:37 INF] Application configured successfully. Starting web host... {"Application": "Crud.Api"}
[06:33:37 INF] Starting Crud API application {"Application": "Crud.Api"}
[06:33:37 INF] Using SQLite provider with connection: Data Source=TestDatabase.db {"Application": "Crud.Api"}
[06:33:37 INF] Database ensured successfully {"Application": "Crud.Api"}
[06:33:37 INF] Application configured successfully. Starting web host... {"Application": "Crud.Api"}
Resource associated with Metric:
    deployment.environment: Testing
    service.name: Crud.Api
    service.version: 1.0.0
    service.instance.id: 10e2e254-224c-48e1-a2d2-8bbb5483cf26
    telemetry.sdk.name: opentelemetry
    telemetry.sdk.language: dotnet
    telemetry.sdk.version: 1.8.1
Resource associated with Metric:
    deployment.environment: Testing
    service.name: Crud.Api
    service.version: 1.0.0
    service.instance.id: 10e2e254-224c-48e1-a2d2-8bbb5483cf26
    telemetry.sdk.name: opentelemetry
    telemetry.sdk.language: dotnet
    telemetry.sdk.version: 1.8.1
Resource associated with Metric:
    deployment.environment: Testing
    service.name: Crud.Api
    service.version: 1.0.0
    service.instance.id: 10e2e254-224c-48e1-a2d2-8bbb5483cf26
    telemetry.sdk.name: opentelemetry
    telemetry.sdk.language: dotnet
    telemetry.sdk.version: 1.8.1
[06:33:37 INF] Starting Crud API application {"Application": "Crud.Api"}
[06:33:37 INF] Using SQLite provider with connection: Data Source=TestDatabase.db {"Application": "Crud.Api"}
[06:33:37 INF] Database ensured successfully {"Application": "Crud.Api"}
[06:33:37 INF] Application configured successfully. Starting web host... {"Application": "Crud.Api"}
[06:33:37 INF] Resetting database for worker 10295 {"SourceContext": "Infrastructure.Services.DatabaseTestService", "Application": "Crud.Api"}
[06:33:37 INF] Resetting database via file deletion for worker 10295 in CI environment {"SourceContext": "Infrastructure.Services.DatabaseTestService", "Application": "Crud.Api"}
[06:33:37 INF] Acquiring database mutex for worker 10295... {"SourceContext": "Infrastructure.Services.DatabaseTestService", "Application": "Crud.Api"}
[06:33:37 INF] Database mutex acquired for worker 10295 {"SourceContext": "Infrastructure.Services.DatabaseTestService", "Application": "Crud.Api"}
[06:33:37 INF] Current database state - CanConnect: True {"SourceContext": "Infrastructure.Services.DatabaseTestService", "Application": "Crud.Api"}
[06:33:37 INF] [Phase 0] Closing database connection for worker 10295... {"SourceContext": "Infrastructure.Services.DatabaseTestService", "Application": "Crud.Api"}
[06:33:37 INF] [Phase 0] Connection closed in 0.001ms {"SourceContext": "Infrastructure.Services.DatabaseTestService", "Application": "Crud.Api"}
[06:33:37 INF] [Phase 1] Starting EnsureDeletedAsync for worker 10295... {"SourceContext": "Infrastructure.Services.DatabaseTestService", "Application": "Crud.Api"}
[06:33:37 INF] [Phase 1] EnsureDeletedAsync completed in 1.6823ms {"SourceContext": "Infrastructure.Services.DatabaseTestService", "Application": "Crud.Api"}
[06:33:37 INF] [Phase 2] Starting EnsureCreatedAsync for worker 10295... {"SourceContext": "Infrastructure.Services.DatabaseTestService", "Application": "Crud.Api"}
[06:33:37 INF] [Phase 2] EnsureCreatedAsync completed in 9.3458ms {"SourceContext": "Infrastructure.Services.DatabaseTestService", "Application": "Crud.Api"}
[06:33:37 INF] [Phase 3] Skipping database seeding as requested for worker 10295 {"SourceContext": "Infrastructure.Services.DatabaseTestService", "Application": "Crud.Api"}
[06:33:37 INF] Database reset via file deletion completed for worker 10295 in 112.0852ms (Close: 0.001ms, Delete: 1.6823ms, Create: 9.3458ms) {"SourceContext": "Infrastructure.Services.DatabaseTestService", "Application": "Crud.Api"}
[06:33:37 INF] Releasing database mutex for worker 10295 {"SourceContext": "Infrastructure.Services.DatabaseTestService", "Application": "Crud.Api"}
[06:33:37 WRN] Failed to determine the https port for redirect. {"EventId": {"Id": 3, "Name": "FailedToDeterminePort"}, "SourceContext": "Microsoft.AspNetCore.HttpsPolicy.HttpsRedirectionMiddleware", "RequestId": "0HNFGVK4NGCNC", "RequestPath": "/api/database/reset", "Application": "Crud.Api"}
[06:33:37 INF] Database reset request received for worker 1 at 09/11/2025 06:33:37 {"SourceContext": "Api.Controllers.DatabaseController", "ActionId": "2e6cbf6c-3089-4ec2-9165-d6cc930a5ea3", "ActionName": "Api.Controllers.DatabaseController.ResetDatabase (Api)", "RequestId": "0HNFGVK4NGCNC", "RequestPath": "/api/database/reset", "Application": "Crud.Api"}
[06:33:37 WRN] Unauthorized database reset attempt from null {"SourceContext": "Api.Controllers.DatabaseController", "ActionId": "2e6cbf6c-3089-4ec2-9165-d6cc930a5ea3", "ActionName": "Api.Controllers.DatabaseController.ResetDatabase (Api)", "RequestId": "0HNFGVK4NGCNC", "RequestPath": "/api/database/reset", "Application": "Crud.Api"}
Activity.TraceId:            f2d5b98934fcedc2fa8e33b81d2f3402
Activity.SpanId:             6fa0d11089903b83
Activity.TraceFlags:         Recorded
Activity.ActivitySourceName: Microsoft.AspNetCore
Activity.DisplayName:        POST api/Database/reset
Activity.Kind:               Server
Activity.StartTime:          2025-09-11T06:33:37.6801697Z
Activity.Duration:           00:00:00.0093520
Activity.Tags:
    server.address: localhost
    http.request.method: POST
    url.scheme: http
    url.path: /api/database/reset
    network.protocol.version: 1.1
    http.route: api/Database/reset
    http.response.status_code: 401
Resource associated with Activity:
    deployment.environment: Testing
    service.name: Crud.Api
    service.version: 1.0.0
    service.instance.id: 10e2e254-224c-48e1-a2d2-8bbb5483cf26
    telemetry.sdk.name: opentelemetry
    telemetry.sdk.language: dotnet
    telemetry.sdk.version: 1.8.1
[06:33:37 INF] Resetting database for worker 10295 {"SourceContext": "Infrastructure.Services.DatabaseTestService", "Application": "Crud.Api"}
[06:33:37 INF] Resetting database via file deletion for worker 10295 in CI environment {"SourceContext": "Infrastructure.Services.DatabaseTestService", "Application": "Crud.Api"}
[06:33:37 INF] Acquiring database mutex for worker 10295... {"SourceContext": "Infrastructure.Services.DatabaseTestService", "Application": "Crud.Api"}
[06:33:37 INF] Database mutex acquired for worker 10295 {"SourceContext": "Infrastructure.Services.DatabaseTestService", "Application": "Crud.Api"}
[06:33:37 INF] Current database state - CanConnect: True {"SourceContext": "Infrastructure.Services.DatabaseTestService", "Application": "Crud.Api"}
[06:33:37 INF] [Phase 0] Closing database connection for worker 10295... {"SourceContext": "Infrastructure.Services.DatabaseTestService", "Application": "Crud.Api"}
[06:33:37 INF] [Phase 0] Connection closed in 0.0015ms {"SourceContext": "Infrastructure.Services.DatabaseTestService", "Application": "Crud.Api"}
[06:33:37 INF] [Phase 1] Starting EnsureDeletedAsync for worker 10295... {"SourceContext": "Infrastructure.Services.DatabaseTestService", "Application": "Crud.Api"}
[06:33:37 INF] [Phase 1] EnsureDeletedAsync completed in 1.7078ms {"SourceContext": "Infrastructure.Services.DatabaseTestService", "Application": "Crud.Api"}
[06:33:37 INF] [Phase 2] Starting EnsureCreatedAsync for worker 10295... {"SourceContext": "Infrastructure.Services.DatabaseTestService", "Application": "Crud.Api"}
[06:33:37 INF] [Phase 2] EnsureCreatedAsync completed in 19.8611ms {"SourceContext": "Infrastructure.Services.DatabaseTestService", "Application": "Crud.Api"}
[06:33:37 INF] [Phase 3] Skipping database seeding as requested for worker 10295 {"SourceContext": "Infrastructure.Services.DatabaseTestService", "Application": "Crud.Api"}
[06:33:37 INF] Database reset via file deletion completed for worker 10295 in 121.1937ms (Close: 0.0015ms, Delete: 1.7078ms, Create: 19.8611ms) {"SourceContext": "Infrastructure.Services.DatabaseTestService", "Application": "Crud.Api"}
[06:33:37 INF] Releasing database mutex for worker 10295 {"SourceContext": "Infrastructure.Services.DatabaseTestService", "Application": "Crud.Api"}
[06:33:37 INF] Resetting database for worker 10295 {"SourceContext": "Infrastructure.Services.DatabaseTestService", "Application": "Crud.Api"}
[06:33:37 INF] Resetting database via file deletion for worker 10295 in CI environment {"SourceContext": "Infrastructure.Services.DatabaseTestService", "Application": "Crud.Api"}
[06:33:37 INF] Acquiring database mutex for worker 10295... {"SourceContext": "Infrastructure.Services.DatabaseTestService", "Application": "Crud.Api"}
[06:33:37 INF] Database mutex acquired for worker 10295 {"SourceContext": "Infrastructure.Services.DatabaseTestService", "Application": "Crud.Api"}
[06:33:37 INF] Current database state - CanConnect: True {"SourceContext": "Infrastructure.Services.DatabaseTestService", "Application": "Crud.Api"}
[06:33:37 INF] [Phase 0] Closing database connection for worker 10295... {"SourceContext": "Infrastructure.Services.DatabaseTestService", "Application": "Crud.Api"}
[06:33:37 INF] [Phase 0] Connection closed in 0.0006ms {"SourceContext": "Infrastructure.Services.DatabaseTestService", "Application": "Crud.Api"}
[06:33:37 INF] [Phase 1] Starting EnsureDeletedAsync for worker 10295... {"SourceContext": "Infrastructure.Services.DatabaseTestService", "Application": "Crud.Api"}
[06:33:37 INF] [Phase 1] EnsureDeletedAsync completed in 1.1078ms {"SourceContext": "Infrastructure.Services.DatabaseTestService", "Application": "Crud.Api"}
[06:33:37 INF] [Phase 2] Starting EnsureCreatedAsync for worker 10295... {"SourceContext": "Infrastructure.Services.DatabaseTestService", "Application": "Crud.Api"}
[06:33:37 INF] [Phase 2] EnsureCreatedAsync completed in 12.0795ms {"SourceContext": "Infrastructure.Services.DatabaseTestService", "Application": "Crud.Api"}
[06:33:37 INF] [Phase 3] Skipping database seeding as requested for worker 10295 {"SourceContext": "Infrastructure.Services.DatabaseTestService", "Application": "Crud.Api"}
[06:33:37 INF] Database reset via file deletion completed for worker 10295 in 113.0053ms (Close: 0.0006ms, Delete: 1.1078ms, Create: 12.0795ms) {"SourceContext": "Infrastructure.Services.DatabaseTestService", "Application": "Crud.Api"}
[06:33:37 INF] Releasing database mutex for worker 10295 {"SourceContext": "Infrastructure.Services.DatabaseTestService", "Application": "Crud.Api"}
[06:33:37 INF] Seeding database for worker 1 {"SourceContext": "Infrastructure.Services.DatabaseTestService", "ActionId": "ac0024c6-49c4-4dbd-b745-89b420266af3", "ActionName": "Api.Controllers.DatabaseController.SeedDatabase (Api)", "RequestId": "0HNFGVK4NGCND", "RequestPath": "/api/database/seed", "Application": "Crud.Api"}
[06:33:37 DBG] Added 3 seed roles {"SourceContext": "Infrastructure.Services.DatabaseTestService", "ActionId": "ac0024c6-49c4-4dbd-b745-89b420266af3", "ActionName": "Api.Controllers.DatabaseController.SeedDatabase (Api)", "RequestId": "0HNFGVK4NGCND", "RequestPath": "/api/database/seed", "Application": "Crud.Api"}
[06:33:37 DBG] Added 2 seed people {"SourceContext": "Infrastructure.Services.DatabaseTestService", "ActionId": "ac0024c6-49c4-4dbd-b745-89b420266af3", "ActionName": "Api.Controllers.DatabaseController.SeedDatabase (Api)", "RequestId": "0HNFGVK4NGCND", "RequestPath": "/api/database/seed", "Application": "Crud.Api"}
[06:33:37 INF] Database seeding completed for worker 1 {"SourceContext": "Infrastructure.Services.DatabaseTestService", "ActionId": "ac0024c6-49c4-4dbd-b745-89b420266af3", "ActionName": "Api.Controllers.DatabaseController.SeedDatabase (Api)", "RequestId": "0HNFGVK4NGCND", "RequestPath": "/api/database/seed", "Application": "Crud.Api"}
Activity.TraceId:            ae066050f21a5674499835868701c11d
Activity.SpanId:             31f9bd11da268229
Activity.TraceFlags:         Recorded
Activity.ActivitySourceName: Microsoft.AspNetCore
Activity.DisplayName:        POST api/Database/seed
Activity.Kind:               Server
Activity.StartTime:          2025-09-11T06:33:37.9315176Z
Activity.Duration:           00:00:00.0238720
Activity.Tags:
    server.address: localhost
    http.request.method: POST
    url.scheme: http
    url.path: /api/database/seed
    network.protocol.version: 1.1
    http.route: api/Database/seed
    http.response.status_code: 200
Resource associated with Activity:
    deployment.environment: Testing
    service.name: Crud.Api
    service.version: 1.0.0
    service.instance.id: 10e2e254-224c-48e1-a2d2-8bbb5483cf26
    telemetry.sdk.name: opentelemetry
    telemetry.sdk.language: dotnet
    telemetry.sdk.version: 1.8.1
[06:33:37 INF] Resetting database for worker 10295 {"SourceContext": "Infrastructure.Services.DatabaseTestService", "Application": "Crud.Api"}
[06:33:37 INF] Resetting database via file deletion for worker 10295 in CI environment {"SourceContext": "Infrastructure.Services.DatabaseTestService", "Application": "Crud.Api"}
[06:33:37 INF] Acquiring database mutex for worker 10295... {"SourceContext": "Infrastructure.Services.DatabaseTestService", "Application": "Crud.Api"}
[06:33:37 INF] Database mutex acquired for worker 10295 {"SourceContext": "Infrastructure.Services.DatabaseTestService", "Application": "Crud.Api"}
[06:33:37 INF] Current database state - CanConnect: True {"SourceContext": "Infrastructure.Services.DatabaseTestService", "Application": "Crud.Api"}
[06:33:37 INF] [Phase 0] Closing database connection for worker 10295... {"SourceContext": "Infrastructure.Services.DatabaseTestService", "Application": "Crud.Api"}
[06:33:37 INF] [Phase 0] Connection closed in 0.0008ms {"SourceContext": "Infrastructure.Services.DatabaseTestService", "Application": "Crud.Api"}
[06:33:37 INF] [Phase 1] Starting EnsureDeletedAsync for worker 10295... {"SourceContext": "Infrastructure.Services.DatabaseTestService", "Application": "Crud.Api"}
[06:33:37 INF] [Phase 1] EnsureDeletedAsync completed in 1.6151ms {"SourceContext": "Infrastructure.Services.DatabaseTestService", "Application": "Crud.Api"}
[06:33:38 INF] [Phase 2] Starting EnsureCreatedAsync for worker 10295... {"SourceContext": "Infrastructure.Services.DatabaseTestService", "Application": "Crud.Api"}
[06:33:38 INF] [Phase 2] EnsureCreatedAsync completed in 13.4019ms {"SourceContext": "Infrastructure.Services.DatabaseTestService", "Application": "Crud.Api"}
[06:33:38 INF] [Phase 3] Skipping database seeding as requested for worker 10295 {"SourceContext": "Infrastructure.Services.DatabaseTestService", "Application": "Crud.Api"}
[06:33:38 INF] Database reset via file deletion completed for worker 10295 in 115.0176ms (Close: 0.0008ms, Delete: 1.6151ms, Create: 13.4019ms) {"SourceContext": "Infrastructure.Services.DatabaseTestService", "Application": "Crud.Api"}
[06:33:38 INF] Releasing database mutex for worker 10295 {"SourceContext": "Infrastructure.Services.DatabaseTestService", "Application": "Crud.Api"}
[06:33:38 INF] Resetting database for worker 10295 {"SourceContext": "Infrastructure.Services.DatabaseTestService", "Application": "Crud.Api"}
[06:33:38 INF] Resetting database via file deletion for worker 10295 in CI environment {"SourceContext": "Infrastructure.Services.DatabaseTestService", "Application": "Crud.Api"}
[06:33:38 INF] Acquiring database mutex for worker 10295... {"SourceContext": "Infrastructure.Services.DatabaseTestService", "Application": "Crud.Api"}
[06:33:38 INF] Database mutex acquired for worker 10295 {"SourceContext": "Infrastructure.Services.DatabaseTestService", "Application": "Crud.Api"}
[06:33:38 INF] Current database state - CanConnect: True {"SourceContext": "Infrastructure.Services.DatabaseTestService", "Application": "Crud.Api"}
[06:33:38 INF] [Phase 0] Closing database connection for worker 10295... {"SourceContext": "Infrastructure.Services.DatabaseTestService", "Application": "Crud.Api"}
[06:33:38 INF] [Phase 0] Connection closed in 0.0009ms {"SourceContext": "Infrastructure.Services.DatabaseTestService", "Application": "Crud.Api"}
[06:33:38 INF] [Phase 1] Starting EnsureDeletedAsync for worker 10295... {"SourceContext": "Infrastructure.Services.DatabaseTestService", "Application": "Crud.Api"}
[06:33:38 INF] [Phase 1] EnsureDeletedAsync completed in 1.4711ms {"SourceContext": "Infrastructure.Services.DatabaseTestService", "Application": "Crud.Api"}
[06:33:38 INF] [Phase 2] Starting EnsureCreatedAsync for worker 10295... {"SourceContext": "Infrastructure.Services.DatabaseTestService", "Application": "Crud.Api"}
[06:33:38 INF] [Phase 2] EnsureCreatedAsync completed in 7.7531ms {"SourceContext": "Infrastructure.Services.DatabaseTestService", "Application": "Crud.Api"}
[06:33:38 INF] [Phase 3] Skipping database seeding as requested for worker 10295 {"SourceContext": "Infrastructure.Services.DatabaseTestService", "Application": "Crud.Api"}
[06:33:38 INF] Database reset via file deletion completed for worker 10295 in 109.1952ms (Close: 0.0009ms, Delete: 1.4711ms, Create: 7.7531ms) {"SourceContext": "Infrastructure.Services.DatabaseTestService", "Application": "Crud.Api"}
[06:33:38 INF] Releasing database mutex for worker 10295 {"SourceContext": "Infrastructure.Services.DatabaseTestService", "Application": "Crud.Api"}
[06:33:38 DBG] Validating pre-test database state for worker 1 {"SourceContext": "Infrastructure.Services.DatabaseTestService", "ActionId": "2ebd87be-0606-486c-8aa7-dc2257c0361c", "ActionName": "Api.Controllers.DatabaseController.ValidatePreTestState (Api)", "RequestId": "0HNFGVK4NGCNE", "RequestPath": "/api/database/validate-pre-test", "Application": "Crud.Api"}
[06:33:38 DBG] Pre-test validation passed for worker 1 {"SourceContext": "Infrastructure.Services.DatabaseTestService", "ActionId": "2ebd87be-0606-486c-8aa7-dc2257c0361c", "ActionName": "Api.Controllers.DatabaseController.ValidatePreTestState (Api)", "RequestId": "0HNFGVK4NGCNE", "RequestPath": "/api/database/validate-pre-test", "Application": "Crud.Api"}
Activity.TraceId:            1d284b73c1da1a430b7215e2fa10d1b0
Activity.SpanId:             3872bd2d4a5e64ad
Activity.TraceFlags:         Recorded
Activity.ActivitySourceName: Microsoft.AspNetCore
Activity.DisplayName:        GET api/Database/validate-pre-test
Activity.Kind:               Server
Activity.StartTime:          2025-09-11T06:33:38.1845721Z
Activity.Duration:           00:00:00.0280895
Activity.Tags:
    server.address: localhost
    url.query: ?workerIndex=Redacted
    http.request.method: GET
    url.scheme: http
    url.path: /api/database/validate-pre-test
    network.protocol.version: 1.1
    http.route: api/Database/validate-pre-test
    http.response.status_code: 200
Resource associated with Activity:
    deployment.environment: Testing
    service.name: Crud.Api
    service.version: 1.0.0
    service.instance.id: 10e2e254-224c-48e1-a2d2-8bbb5483cf26
    telemetry.sdk.name: opentelemetry
    telemetry.sdk.language: dotnet
    telemetry.sdk.version: 1.8.1
[06:33:38 INF] Resetting database for worker 10295 {"SourceContext": "Infrastructure.Services.DatabaseTestService", "Application": "Crud.Api"}
[06:33:38 INF] Resetting database via file deletion for worker 10295 in CI environment {"SourceContext": "Infrastructure.Services.DatabaseTestService", "Application": "Crud.Api"}
[06:33:38 INF] Acquiring database mutex for worker 10295... {"SourceContext": "Infrastructure.Services.DatabaseTestService", "Application": "Crud.Api"}
[06:33:38 INF] Database mutex acquired for worker 10295 {"SourceContext": "Infrastructure.Services.DatabaseTestService", "Application": "Crud.Api"}
[06:33:38 INF] Current database state - CanConnect: True {"SourceContext": "Infrastructure.Services.DatabaseTestService", "Application": "Crud.Api"}
[06:33:38 INF] [Phase 0] Closing database connection for worker 10295... {"SourceContext": "Infrastructure.Services.DatabaseTestService", "Application": "Crud.Api"}
[06:33:38 INF] [Phase 0] Connection closed in 0.0012ms {"SourceContext": "Infrastructure.Services.DatabaseTestService", "Application": "Crud.Api"}
[06:33:38 INF] [Phase 1] Starting EnsureDeletedAsync for worker 10295... {"SourceContext": "Infrastructure.Services.DatabaseTestService", "Application": "Crud.Api"}
[06:33:38 INF] [Phase 1] EnsureDeletedAsync completed in 1.3172ms {"SourceContext": "Infrastructure.Services.DatabaseTestService", "Application": "Crud.Api"}
[06:33:38 INF] [Phase 2] Starting EnsureCreatedAsync for worker 10295... {"SourceContext": "Infrastructure.Services.DatabaseTestService", "Application": "Crud.Api"}
[06:33:38 INF] [Phase 2] EnsureCreatedAsync completed in 8.6175ms {"SourceContext": "Infrastructure.Services.DatabaseTestService", "Application": "Crud.Api"}
[06:33:38 INF] [Phase 3] Skipping database seeding as requested for worker 10295 {"SourceContext": "Infrastructure.Services.DatabaseTestService", "Application": "Crud.Api"}
[06:33:38 INF] Database reset via file deletion completed for worker 10295 in 109.7531ms (Close: 0.0012ms, Delete: 1.3172ms, Create: 8.6175ms) {"SourceContext": "Infrastructure.Services.DatabaseTestService", "Application": "Crud.Api"}
[06:33:38 INF] Releasing database mutex for worker 10295 {"SourceContext": "Infrastructure.Services.DatabaseTestService", "Application": "Crud.Api"}
[06:33:38 INF] Resetting database for worker 10295 {"SourceContext": "Infrastructure.Services.DatabaseTestService", "Application": "Crud.Api"}
[06:33:38 INF] Resetting database via file deletion for worker 10295 in CI environment {"SourceContext": "Infrastructure.Services.DatabaseTestService", "Application": "Crud.Api"}
[06:33:38 INF] Acquiring database mutex for worker 10295... {"SourceContext": "Infrastructure.Services.DatabaseTestService", "Application": "Crud.Api"}
[06:33:38 INF] Database mutex acquired for worker 10295 {"SourceContext": "Infrastructure.Services.DatabaseTestService", "Application": "Crud.Api"}
[06:33:38 INF] Current database state - CanConnect: True {"SourceContext": "Infrastructure.Services.DatabaseTestService", "Application": "Crud.Api"}
[06:33:38 INF] [Phase 0] Closing database connection for worker 10295... {"SourceContext": "Infrastructure.Services.DatabaseTestService", "Application": "Crud.Api"}
[06:33:38 INF] [Phase 0] Connection closed in 0.0006ms {"SourceContext": "Infrastructure.Services.DatabaseTestService", "Application": "Crud.Api"}
[06:33:38 INF] [Phase 1] Starting EnsureDeletedAsync for worker 10295... {"SourceContext": "Infrastructure.Services.DatabaseTestService", "Application": "Crud.Api"}
[06:33:38 INF] [Phase 1] EnsureDeletedAsync completed in 1.1299ms {"SourceContext": "Infrastructure.Services.DatabaseTestService", "Application": "Crud.Api"}
[06:33:38 INF] [Phase 2] Starting EnsureCreatedAsync for worker 10295... {"SourceContext": "Infrastructure.Services.DatabaseTestService", "Application": "Crud.Api"}
[06:33:38 INF] [Phase 2] EnsureCreatedAsync completed in 10.1441ms {"SourceContext": "Infrastructure.Services.DatabaseTestService", "Application": "Crud.Api"}
[06:33:38 INF] [Phase 3] Skipping database seeding as requested for worker 10295 {"SourceContext": "Infrastructure.Services.DatabaseTestService", "Application": "Crud.Api"}
[06:33:38 INF] Database reset via file deletion completed for worker 10295 in 112.0273ms (Close: 0.0006ms, Delete: 1.1299ms, Create: 10.1441ms) {"SourceContext": "Infrastructure.Services.DatabaseTestService", "Application": "Crud.Api"}
[06:33:38 INF] Releasing database mutex for worker 10295 {"SourceContext": "Infrastructure.Services.DatabaseTestService", "Application": "Crud.Api"}
[06:33:38 DBG] Verifying database integrity for worker 1 {"SourceContext": "Infrastructure.Services.DatabaseTestService", "ActionId": "ff9e6d9e-81e2-4bfd-9653-86bcea3ac997", "ActionName": "Api.Controllers.DatabaseController.VerifyDatabaseIntegrity (Api)", "RequestId": "0HNFGVK4NGCNF", "RequestPath": "/api/database/verify-integrity", "Application": "Crud.Api"}
[06:33:38 DBG] Database integrity verification passed for worker 1 {"SourceContext": "Infrastructure.Services.DatabaseTestService", "ActionId": "ff9e6d9e-81e2-4bfd-9653-86bcea3ac997", "ActionName": "Api.Controllers.DatabaseController.VerifyDatabaseIntegrity (Api)", "RequestId": "0HNFGVK4NGCNF", "RequestPath": "/api/database/verify-integrity", "Application": "Crud.Api"}
Activity.TraceId:            41699ea95c573520ba8d630869b42caf
Activity.SpanId:             d79b675c52be5263
Activity.TraceFlags:         Recorded
Activity.ActivitySourceName: Microsoft.AspNetCore
Activity.DisplayName:        GET api/Database/verify-integrity
Activity.Kind:               Server
Activity.StartTime:          2025-09-11T06:33:38.4422340Z
Activity.Duration:           00:00:00.0073266
Activity.Tags:
    server.address: localhost
    url.query: ?workerIndex=Redacted
    http.request.method: GET
    url.scheme: http
    url.path: /api/database/verify-integrity
    network.protocol.version: 1.1
    http.route: api/Database/verify-integrity
    http.response.status_code: 200
Resource associated with Activity:
    deployment.environment: Testing
    service.name: Crud.Api
    service.version: 1.0.0
    service.instance.id: 10e2e254-224c-48e1-a2d2-8bbb5483cf26
    telemetry.sdk.name: opentelemetry
    telemetry.sdk.language: dotnet
    telemetry.sdk.version: 1.8.1
[06:33:38 INF] Resetting database for worker 10295 {"SourceContext": "Infrastructure.Services.DatabaseTestService", "Application": "Crud.Api"}
[06:33:38 INF] Resetting database via file deletion for worker 10295 in CI environment {"SourceContext": "Infrastructure.Services.DatabaseTestService", "Application": "Crud.Api"}
[06:33:38 INF] Acquiring database mutex for worker 10295... {"SourceContext": "Infrastructure.Services.DatabaseTestService", "Application": "Crud.Api"}
[06:33:38 INF] Database mutex acquired for worker 10295 {"SourceContext": "Infrastructure.Services.DatabaseTestService", "Application": "Crud.Api"}
[06:33:38 INF] Current database state - CanConnect: True {"SourceContext": "Infrastructure.Services.DatabaseTestService", "Application": "Crud.Api"}
[06:33:38 INF] [Phase 0] Closing database connection for worker 10295... {"SourceContext": "Infrastructure.Services.DatabaseTestService", "Application": "Crud.Api"}
[06:33:38 INF] [Phase 0] Connection closed in 0.0012ms {"SourceContext": "Infrastructure.Services.DatabaseTestService", "Application": "Crud.Api"}
[06:33:38 INF] [Phase 1] Starting EnsureDeletedAsync for worker 10295... {"SourceContext": "Infrastructure.Services.DatabaseTestService", "Application": "Crud.Api"}
[06:33:38 INF] [Phase 1] EnsureDeletedAsync completed in 1.3286ms {"SourceContext": "Infrastructure.Services.DatabaseTestService", "Application": "Crud.Api"}
[06:33:38 INF] [Phase 2] Starting EnsureCreatedAsync for worker 10295... {"SourceContext": "Infrastructure.Services.DatabaseTestService", "Application": "Crud.Api"}
[06:33:38 INF] [Phase 2] EnsureCreatedAsync completed in 11.6121ms {"SourceContext": "Infrastructure.Services.DatabaseTestService", "Application": "Crud.Api"}
[06:33:38 INF] [Phase 3] Skipping database seeding as requested for worker 10295 {"SourceContext": "Infrastructure.Services.DatabaseTestService", "Application": "Crud.Api"}
[06:33:38 INF] Database reset via file deletion completed for worker 10295 in 112.6042ms (Close: 0.0012ms, Delete: 1.3286ms, Create: 11.6121ms) {"SourceContext": "Infrastructure.Services.DatabaseTestService", "Application": "Crud.Api"}
[06:33:38 INF] Releasing database mutex for worker 10295 {"SourceContext": "Infrastructure.Services.DatabaseTestService", "Application": "Crud.Api"}
[06:33:38 INF] Resetting database for worker 10295 {"SourceContext": "Infrastructure.Services.DatabaseTestService", "Application": "Crud.Api"}
[06:33:38 INF] Resetting database via file deletion for worker 10295 in CI environment {"SourceContext": "Infrastructure.Services.DatabaseTestService", "Application": "Crud.Api"}
[06:33:38 INF] Acquiring database mutex for worker 10295... {"SourceContext": "Infrastructure.Services.DatabaseTestService", "Application": "Crud.Api"}
[06:33:38 INF] Database mutex acquired for worker 10295 {"SourceContext": "Infrastructure.Services.DatabaseTestService", "Application": "Crud.Api"}
[06:33:38 INF] Current database state - CanConnect: True {"SourceContext": "Infrastructure.Services.DatabaseTestService", "Application": "Crud.Api"}
[06:33:38 INF] [Phase 0] Closing database connection for worker 10295... {"SourceContext": "Infrastructure.Services.DatabaseTestService", "Application": "Crud.Api"}
[06:33:38 INF] [Phase 0] Connection closed in 0.0005ms {"SourceContext": "Infrastructure.Services.DatabaseTestService", "Application": "Crud.Api"}
[06:33:38 INF] [Phase 1] Starting EnsureDeletedAsync for worker 10295... {"SourceContext": "Infrastructure.Services.DatabaseTestService", "Application": "Crud.Api"}
[06:33:38 INF] [Phase 1] EnsureDeletedAsync completed in 1.226ms {"SourceContext": "Infrastructure.Services.DatabaseTestService", "Application": "Crud.Api"}
[06:33:38 INF] [Phase 2] Starting EnsureCreatedAsync for worker 10295... {"SourceContext": "Infrastructure.Services.DatabaseTestService", "Application": "Crud.Api"}
[06:33:38 INF] [Phase 2] EnsureCreatedAsync completed in 8.4135ms {"SourceContext": "Infrastructure.Services.DatabaseTestService", "Application": "Crud.Api"}
[06:33:38 INF] [Phase 3] Skipping database seeding as requested for worker 10295 {"SourceContext": "Infrastructure.Services.DatabaseTestService", "Application": "Crud.Api"}
[06:33:38 INF] Database reset via file deletion completed for worker 10295 in 110.6896ms (Close: 0.0005ms, Delete: 1.226ms, Create: 8.4135ms) {"SourceContext": "Infrastructure.Services.DatabaseTestService", "Application": "Crud.Api"}
[06:33:38 INF] Releasing database mutex for worker 10295 {"SourceContext": "Infrastructure.Services.DatabaseTestService", "Application": "Crud.Api"}
Activity.TraceId:            c15afc5f4b2af025e05072a73ad9ee83
Activity.SpanId:             6fc482d7878a34ec
Activity.TraceFlags:         Recorded
Activity.ActivitySourceName: Microsoft.AspNetCore
Activity.DisplayName:        GET api/Database/status
Activity.Kind:               Server
Activity.StartTime:          2025-09-11T06:33:38.6775835Z
Activity.Duration:           00:00:00.0060449
Activity.Tags:
    server.address: localhost
    http.request.method: GET
    url.scheme: http
    url.path: /api/database/status
    network.protocol.version: 1.1
    http.route: api/Database/status
    http.response.status_code: 200
Resource associated with Activity:
    deployment.environment: Testing
    service.name: Crud.Api
    service.version: 1.0.0
    service.instance.id: 10e2e254-224c-48e1-a2d2-8bbb5483cf26
    telemetry.sdk.name: opentelemetry
    telemetry.sdk.language: dotnet
    telemetry.sdk.version: 1.8.1
[06:33:38 INF] Resetting database for worker 10295 {"SourceContext": "Infrastructure.Services.DatabaseTestService", "Application": "Crud.Api"}
[06:33:38 INF] Resetting database via file deletion for worker 10295 in CI environment {"SourceContext": "Infrastructure.Services.DatabaseTestService", "Application": "Crud.Api"}
[06:33:38 INF] Acquiring database mutex for worker 10295... {"SourceContext": "Infrastructure.Services.DatabaseTestService", "Application": "Crud.Api"}
[06:33:38 INF] Database mutex acquired for worker 10295 {"SourceContext": "Infrastructure.Services.DatabaseTestService", "Application": "Crud.Api"}
[06:33:38 INF] Current database state - CanConnect: True {"SourceContext": "Infrastructure.Services.DatabaseTestService", "Application": "Crud.Api"}
[06:33:38 INF] [Phase 0] Closing database connection for worker 10295... {"SourceContext": "Infrastructure.Services.DatabaseTestService", "Application": "Crud.Api"}
[06:33:38 INF] [Phase 0] Connection closed in 0.0007ms {"SourceContext": "Infrastructure.Services.DatabaseTestService", "Application": "Crud.Api"}
[06:33:38 INF] [Phase 1] Starting EnsureDeletedAsync for worker 10295... {"SourceContext": "Infrastructure.Services.DatabaseTestService", "Application": "Crud.Api"}
[06:33:38 INF] [Phase 1] EnsureDeletedAsync completed in 1.4993ms {"SourceContext": "Infrastructure.Services.DatabaseTestService", "Application": "Crud.Api"}
[06:33:38 INF] [Phase 2] Starting EnsureCreatedAsync for worker 10295... {"SourceContext": "Infrastructure.Services.DatabaseTestService", "Application": "Crud.Api"}
[06:33:38 INF] [Phase 2] EnsureCreatedAsync completed in 7.7209ms {"SourceContext": "Infrastructure.Services.DatabaseTestService", "Application": "Crud.Api"}
[06:33:38 INF] [Phase 3] Skipping database seeding as requested for worker 10295 {"SourceContext": "Infrastructure.Services.DatabaseTestService", "Application": "Crud.Api"}
[06:33:38 INF] Database reset via file deletion completed for worker 10295 in 109.6539ms (Close: 0.0007ms, Delete: 1.4993ms, Create: 7.7209ms) {"SourceContext": "Infrastructure.Services.DatabaseTestService", "Application": "Crud.Api"}
[06:33:38 INF] Releasing database mutex for worker 10295 {"SourceContext": "Infrastructure.Services.DatabaseTestService", "Application": "Crud.Api"}
[06:33:38 INF] Resetting database for worker 10295 {"SourceContext": "Infrastructure.Services.DatabaseTestService", "Application": "Crud.Api"}
[06:33:38 INF] Resetting database via file deletion for worker 10295 in CI environment {"SourceContext": "Infrastructure.Services.DatabaseTestService", "Application": "Crud.Api"}
[06:33:38 INF] Acquiring database mutex for worker 10295... {"SourceContext": "Infrastructure.Services.DatabaseTestService", "Application": "Crud.Api"}
[06:33:38 INF] Database mutex acquired for worker 10295 {"SourceContext": "Infrastructure.Services.DatabaseTestService", "Application": "Crud.Api"}
[06:33:38 INF] Current database state - CanConnect: True {"SourceContext": "Infrastructure.Services.DatabaseTestService", "Application": "Crud.Api"}
[06:33:38 INF] [Phase 0] Closing database connection for worker 10295... {"SourceContext": "Infrastructure.Services.DatabaseTestService", "Application": "Crud.Api"}
[06:33:38 INF] [Phase 0] Connection closed in 0.0008ms {"SourceContext": "Infrastructure.Services.DatabaseTestService", "Application": "Crud.Api"}
[06:33:38 INF] [Phase 1] Starting EnsureDeletedAsync for worker 10295... {"SourceContext": "Infrastructure.Services.DatabaseTestService", "Application": "Crud.Api"}
[06:33:38 INF] [Phase 1] EnsureDeletedAsync completed in 1.3478ms {"SourceContext": "Infrastructure.Services.DatabaseTestService", "Application": "Crud.Api"}
[06:33:38 INF] [Phase 2] Starting EnsureCreatedAsync for worker 10295... {"SourceContext": "Infrastructure.Services.DatabaseTestService", "Application": "Crud.Api"}
[06:33:38 INF] [Phase 2] EnsureCreatedAsync completed in 7.8798ms {"SourceContext": "Infrastructure.Services.DatabaseTestService", "Application": "Crud.Api"}
[06:33:38 INF] [Phase 3] Skipping database seeding as requested for worker 10295 {"SourceContext": "Infrastructure.Services.DatabaseTestService", "Application": "Crud.Api"}
[06:33:38 INF] Database reset via file deletion completed for worker 10295 in 110.3052ms (Close: 0.0008ms, Delete: 1.3478ms, Create: 7.8798ms) {"SourceContext": "Infrastructure.Services.DatabaseTestService", "Application": "Crud.Api"}
[06:33:38 INF] Releasing database mutex for worker 10295 {"SourceContext": "Infrastructure.Services.DatabaseTestService", "Application": "Crud.Api"}
[06:33:38 INF] Database reset request received for worker 1 at 09/11/2025 06:33:38 {"SourceContext": "Api.Controllers.DatabaseController", "ActionId": "2e6cbf6c-3089-4ec2-9165-d6cc930a5ea3", "ActionName": "Api.Controllers.DatabaseController.ResetDatabase (Api)", "RequestId": "0HNFGVK4NGCNH", "RequestPath": "/api/database/reset", "Application": "Crud.Api"}
[06:33:38 INF] CI environment detected - allowing database reset from any IP {"SourceContext": "Api.Controllers.DatabaseController", "ActionId": "2e6cbf6c-3089-4ec2-9165-d6cc930a5ea3", "ActionName": "Api.Controllers.DatabaseController.ResetDatabase (Api)", "RequestId": "0HNFGVK4NGCNH", "RequestPath": "/api/database/reset", "Application": "Crud.Api"}
[06:33:38 INF] Starting database reset for worker 1... {"SourceContext": "Api.Controllers.DatabaseController", "ActionId": "2e6cbf6c-3089-4ec2-9165-d6cc930a5ea3", "ActionName": "Api.Controllers.DatabaseController.ResetDatabase (Api)", "RequestId": "0HNFGVK4NGCNH", "RequestPath": "/api/database/reset", "Application": "Crud.Api"}
[06:33:38 INF] Resetting database for worker 1 {"SourceContext": "Infrastructure.Services.DatabaseTestService", "ActionId": "2e6cbf6c-3089-4ec2-9165-d6cc930a5ea3", "ActionName": "Api.Controllers.DatabaseController.ResetDatabase (Api)", "RequestId": "0HNFGVK4NGCNH", "RequestPath": "/api/database/reset", "Application": "Crud.Api"}
[06:33:38 INF] Resetting database via file deletion for worker 1 in CI environment {"SourceContext": "Infrastructure.Services.DatabaseTestService", "ActionId": "2e6cbf6c-3089-4ec2-9165-d6cc930a5ea3", "ActionName": "Api.Controllers.DatabaseController.ResetDatabase (Api)", "RequestId": "0HNFGVK4NGCNH", "RequestPath": "/api/database/reset", "Application": "Crud.Api"}
[06:33:38 INF] Acquiring database mutex for worker 1... {"SourceContext": "Infrastructure.Services.DatabaseTestService", "ActionId": "2e6cbf6c-3089-4ec2-9165-d6cc930a5ea3", "ActionName": "Api.Controllers.DatabaseController.ResetDatabase (Api)", "RequestId": "0HNFGVK4NGCNH", "RequestPath": "/api/database/reset", "Application": "Crud.Api"}
[06:33:38 INF] Database mutex acquired for worker 1 {"SourceContext": "Infrastructure.Services.DatabaseTestService", "ActionId": "2e6cbf6c-3089-4ec2-9165-d6cc930a5ea3", "ActionName": "Api.Controllers.DatabaseController.ResetDatabase (Api)", "RequestId": "0HNFGVK4NGCNH", "RequestPath": "/api/database/reset", "Application": "Crud.Api"}
[06:33:38 INF] Current database state - CanConnect: True {"SourceContext": "Infrastructure.Services.DatabaseTestService", "ActionId": "2e6cbf6c-3089-4ec2-9165-d6cc930a5ea3", "ActionName": "Api.Controllers.DatabaseController.ResetDatabase (Api)", "RequestId": "0HNFGVK4NGCNH", "RequestPath": "/api/database/reset", "Application": "Crud.Api"}
[06:33:38 INF] [Phase 0] Closing database connection for worker 1... {"SourceContext": "Infrastructure.Services.DatabaseTestService", "ActionId": "2e6cbf6c-3089-4ec2-9165-d6cc930a5ea3", "ActionName": "Api.Controllers.DatabaseController.ResetDatabase (Api)", "RequestId": "0HNFGVK4NGCNH", "RequestPath": "/api/database/reset", "Application": "Crud.Api"}
[06:33:38 INF] [Phase 0] Connection closed in 0.0006ms {"SourceContext": "Infrastructure.Services.DatabaseTestService", "ActionId": "2e6cbf6c-3089-4ec2-9165-d6cc930a5ea3", "ActionName": "Api.Controllers.DatabaseController.ResetDatabase (Api)", "RequestId": "0HNFGVK4NGCNH", "RequestPath": "/api/database/reset", "Application": "Crud.Api"}
[06:33:38 INF] [Phase 1] Starting EnsureDeletedAsync for worker 1... {"SourceContext": "Infrastructure.Services.DatabaseTestService", "ActionId": "2e6cbf6c-3089-4ec2-9165-d6cc930a5ea3", "ActionName": "Api.Controllers.DatabaseController.ResetDatabase (Api)", "RequestId": "0HNFGVK4NGCNH", "RequestPath": "/api/database/reset", "Application": "Crud.Api"}
[06:33:38 INF] [Phase 1] EnsureDeletedAsync completed in 2.8803ms {"SourceContext": "Infrastructure.Services.DatabaseTestService", "ActionId": "2e6cbf6c-3089-4ec2-9165-d6cc930a5ea3", "ActionName": "Api.Controllers.DatabaseController.ResetDatabase (Api)", "RequestId": "0HNFGVK4NGCNH", "RequestPath": "/api/database/reset", "Application": "Crud.Api"}
[06:33:39 INF] [Phase 2] Starting EnsureCreatedAsync for worker 1... {"SourceContext": "Infrastructure.Services.DatabaseTestService", "ActionId": "2e6cbf6c-3089-4ec2-9165-d6cc930a5ea3", "ActionName": "Api.Controllers.DatabaseController.ResetDatabase (Api)", "RequestId": "0HNFGVK4NGCNH", "RequestPath": "/api/database/reset", "Application": "Crud.Api"}
[06:33:39 INF] [Phase 2] EnsureCreatedAsync completed in 7.9834ms {"SourceContext": "Infrastructure.Services.DatabaseTestService", "ActionId": "2e6cbf6c-3089-4ec2-9165-d6cc930a5ea3", "ActionName": "Api.Controllers.DatabaseController.ResetDatabase (Api)", "RequestId": "0HNFGVK4NGCNH", "RequestPath": "/api/database/reset", "Application": "Crud.Api"}
[06:33:39 INF] [Phase 3] Skipping database seeding as requested for worker 1 {"SourceContext": "Infrastructure.Services.DatabaseTestService", "ActionId": "2e6cbf6c-3089-4ec2-9165-d6cc930a5ea3", "ActionName": "Api.Controllers.DatabaseController.ResetDatabase (Api)", "RequestId": "0HNFGVK4NGCNH", "RequestPath": "/api/database/reset", "Application": "Crud.Api"}
[06:33:39 INF] Database reset via file deletion completed for worker 1 in 110.0698ms (Close: 0.0006ms, Delete: 2.8803ms, Create: 7.9834ms) {"SourceContext": "Infrastructure.Services.DatabaseTestService", "ActionId": "2e6cbf6c-3089-4ec2-9165-d6cc930a5ea3", "ActionName": "Api.Controllers.DatabaseController.ResetDatabase (Api)", "RequestId": "0HNFGVK4NGCNH", "RequestPath": "/api/database/reset", "Application": "Crud.Api"}
[06:33:39 INF] Releasing database mutex for worker 1 {"SourceContext": "Infrastructure.Services.DatabaseTestService", "ActionId": "2e6cbf6c-3089-4ec2-9165-d6cc930a5ea3", "ActionName": "Api.Controllers.DatabaseController.ResetDatabase (Api)", "RequestId": "0HNFGVK4NGCNH", "RequestPath": "/api/database/reset", "Application": "Crud.Api"}
[06:33:39 INF] Database reset completed for worker 1 in 111.7084ms {"SourceContext": "Api.Controllers.DatabaseController", "ActionId": "2e6cbf6c-3089-4ec2-9165-d6cc930a5ea3", "ActionName": "Api.Controllers.DatabaseController.ResetDatabase (Api)", "RequestId": "0HNFGVK4NGCNH", "RequestPath": "/api/database/reset", "Application": "Crud.Api"}
Activity.TraceId:            5d16fb87891ee5526a1061ef21ad76a4
Activity.SpanId:             5432dc71f673bef9
Activity.TraceFlags:         Recorded
Activity.ActivitySourceName: Microsoft.AspNetCore
Activity.DisplayName:        POST api/Database/reset
Activity.Kind:               Server
Activity.StartTime:          2025-09-11T06:33:38.9084055Z
Activity.Duration:           00:00:00.1141196
Activity.Tags:
    server.address: localhost
    http.request.method: POST
    url.scheme: http
    url.path: /api/database/reset
    network.protocol.version: 1.1
    http.route: api/Database/reset
    http.response.status_code: 200
Resource associated with Activity:
    deployment.environment: Testing
    service.name: Crud.Api
    service.version: 1.0.0
    service.instance.id: 10e2e254-224c-48e1-a2d2-8bbb5483cf26
    telemetry.sdk.name: opentelemetry
    telemetry.sdk.language: dotnet
    telemetry.sdk.version: 1.8.1
[06:33:39 INF] Resetting database for worker 10295 {"SourceContext": "Infrastructure.Services.DatabaseTestService", "Application": "Crud.Api"}
[06:33:39 INF] Resetting database via file deletion for worker 10295 in CI environment {"SourceContext": "Infrastructure.Services.DatabaseTestService", "Application": "Crud.Api"}
[06:33:39 INF] Acquiring database mutex for worker 10295... {"SourceContext": "Infrastructure.Services.DatabaseTestService", "Application": "Crud.Api"}
[06:33:39 INF] Database mutex acquired for worker 10295 {"SourceContext": "Infrastructure.Services.DatabaseTestService", "Application": "Crud.Api"}
[06:33:39 INF] Current database state - CanConnect: True {"SourceContext": "Infrastructure.Services.DatabaseTestService", "Application": "Crud.Api"}
[06:33:39 INF] [Phase 0] Closing database connection for worker 10295... {"SourceContext": "Infrastructure.Services.DatabaseTestService", "Application": "Crud.Api"}
[06:33:39 INF] [Phase 0] Connection closed in 0.0009ms {"SourceContext": "Infrastructure.Services.DatabaseTestService", "Application": "Crud.Api"}
[06:33:39 INF] [Phase 1] Starting EnsureDeletedAsync for worker 10295... {"SourceContext": "Infrastructure.Services.DatabaseTestService", "Application": "Crud.Api"}
[06:33:39 INF] [Phase 1] EnsureDeletedAsync completed in 1.2853ms {"SourceContext": "Infrastructure.Services.DatabaseTestService", "Application": "Crud.Api"}
[06:33:39 INF] [Phase 2] Starting EnsureCreatedAsync for worker 10295... {"SourceContext": "Infrastructure.Services.DatabaseTestService", "Application": "Crud.Api"}
[06:33:39 INF] [Phase 2] EnsureCreatedAsync completed in 12.2901ms {"SourceContext": "Infrastructure.Services.DatabaseTestService", "Application": "Crud.Api"}
[06:33:39 INF] [Phase 3] Skipping database seeding as requested for worker 10295 {"SourceContext": "Infrastructure.Services.DatabaseTestService", "Application": "Crud.Api"}
[06:33:39 INF] Database reset via file deletion completed for worker 10295 in 113.9536ms (Close: 0.0009ms, Delete: 1.2853ms, Create: 12.2901ms) {"SourceContext": "Infrastructure.Services.DatabaseTestService", "Application": "Crud.Api"}
[06:33:39 INF] Releasing database mutex for worker 10295 {"SourceContext": "Infrastructure.Services.DatabaseTestService", "Application": "Crud.Api"}
Resource associated with Metric:
    deployment.environment: Testing
    service.name: Crud.Api
    service.version: 1.0.0
    service.instance.id: 10e2e254-224c-48e1-a2d2-8bbb5483cf26
    telemetry.sdk.name: opentelemetry
    telemetry.sdk.language: dotnet
    telemetry.sdk.version: 1.8.1
Metric Name: http.server.active_requests, Number of active HTTP server requests., Unit: {request}, Meter: Microsoft.AspNetCore.Hosting
(2025-09-11T06:33:37.5606633Z, 2025-09-11T06:33:39.1392410Z] http.request.method: POST url.scheme: http LongSumNonMonotonic
Value: 0
(2025-09-11T06:33:37.5606633Z, 2025-09-11T06:33:39.1392410Z] http.request.method: GET url.scheme: http LongSumNonMonotonic
Value: 0
Metric Name: http.server.request.duration, Duration of HTTP server requests., Unit: s, Meter: Microsoft.AspNetCore.Hosting
(2025-09-11T06:33:37.5606872Z, 2025-09-11T06:33:39.1392436Z] http.request.method: POST http.response.status_code: 401 http.route: api/Database/reset network.protocol.version: 1.1 url.scheme: http Histogram
Value: Sum: 0.0093703 Count: 1 Min: 0.0093703 Max: 0.0093703 
(-Infinity,0.005]:0
(0.005,0.01]:1
(0.01,0.025]:0
(0.025,0.05]:0
(0.05,0.075]:0
(0.075,0.1]:0
(0.1,0.25]:0
(0.25,0.5]:0
(0.5,0.75]:0
(0.75,1]:0
(1,2.5]:0
(2.5,5]:0
(5,7.5]:0
(7.5,10]:0
(10,+Infinity]:0
(2025-09-11T06:33:37.5606872Z, 2025-09-11T06:33:39.1392436Z] http.request.method: POST http.response.status_code: 200 http.route: api/Database/seed network.protocol.version: 1.1 url.scheme: http Histogram
Value: Sum: 0.0238626 Count: 1 Min: 0.0238626 Max: 0.0238626 
(-Infinity,0.005]:0
(0.005,0.01]:0
(0.01,0.025]:1
(0.025,0.05]:0
(0.05,0.075]:0
(0.075,0.1]:0
(0.1,0.25]:0
(0.25,0.5]:0
(0.5,0.75]:0
(0.75,1]:0
(1,2.5]:0
(2.5,5]:0
(5,7.5]:0
(7.5,10]:0
(10,+Infinity]:0
(2025-09-11T06:33:37.5606872Z, 2025-09-11T06:33:39.1392436Z] http.request.method: GET http.response.status_code: 200 http.route: api/Database/validate-pre-test network.protocol.version: 1.1 url.scheme: http Histogram
Value: Sum: 0.0280829 Count: 1 Min: 0.0280829 Max: 0.0280829 
(-Infinity,0.005]:0
(0.005,0.01]:0
(0.01,0.025]:0
(0.025,0.05]:1
(0.05,0.075]:0
(0.075,0.1]:0
(0.1,0.25]:0
(0.25,0.5]:0
(0.5,0.75]:0
(0.75,1]:0
(1,2.5]:0
(2.5,5]:0
(5,7.5]:0
(7.5,10]:0
(10,+Infinity]:0
(2025-09-11T06:33:37.5606872Z, 2025-09-11T06:33:39.1392436Z] http.request.method: GET http.response.status_code: 200 http.route: api/Database/verify-integrity network.protocol.version: 1.1 url.scheme: http Histogram
Value: Sum: 0.0073219 Count: 1 Min: 0.0073219 Max: 0.0073219 
(-Infinity,0.005]:0
(0.005,0.01]:1
(0.01,0.025]:0
(0.025,0.05]:0
(0.05,0.075]:0
(0.075,0.1]:0
(0.1,0.25]:0
(0.25,0.5]:0
(0.5,0.75]:0
(0.75,1]:0
(1,2.5]:0
(2.5,5]:0
(5,7.5]:0
(7.5,10]:0
(10,+Infinity]:0
(2025-09-11T06:33:37.5606872Z, 2025-09-11T06:33:39.1392436Z] http.request.method: GET http.response.status_code: 200 http.route: api/Database/status network.protocol.version: 1.1 url.scheme: http Histogram
Value: Sum: 0.006042 Count: 1 Min: 0.006042 Max: 0.006042 
(-Infinity,0.005]:0
(0.005,0.01]:1
(0.01,0.025]:0
(0.025,0.05]:0
(0.05,0.075]:0
(0.075,0.1]:0
(0.1,0.25]:0
(0.25,0.5]:0
(0.5,0.75]:0
(0.75,1]:0
(1,2.5]:0
(2.5,5]:0
(5,7.5]:0
(7.5,10]:0
(10,+Infinity]:0
(2025-09-11T06:33:37.5606872Z, 2025-09-11T06:33:39.1392436Z] http.request.method: POST http.response.status_code: 200 http.route: api/Database/reset network.protocol.version: 1.1 url.scheme: http Histogram
Value: Sum: 0.1140966 Count: 1 Min: 0.1140966 Max: 0.1140966 
(-Infinity,0.005]:0
(0.005,0.01]:0
(0.01,0.025]:0
(0.025,0.05]:0
(0.05,0.075]:0
(0.075,0.1]:0
(0.1,0.25]:1
(0.25,0.5]:0
(0.5,0.75]:0
(0.75,1]:0
(1,2.5]:0
(2.5,5]:0
(5,7.5]:0
(7.5,10]:0
(10,+Infinity]:0
Metric Name: aspnetcore.rate_limiting.active_request_leases, Number of HTTP requests that are currently active on the server that hold a rate limiting lease., Unit: {request}, Meter: Microsoft.AspNetCore.RateLimiting
(2025-09-11T06:33:37.5628135Z, 2025-09-11T06:33:39.1392448Z] LongSumNonMonotonic
Value: 0
Metric Name: aspnetcore.rate_limiting.request_lease.duration, The duration of rate limiting leases held by HTTP requests on the server., Unit: s, Meter: Microsoft.AspNetCore.RateLimiting
(2025-09-11T06:33:37.5628441Z, 2025-09-11T06:33:39.1392455Z] Histogram
Value: Sum: 0.18412869999999998 Count: 6 Min: 0.0058848 Max: 0.1139486 
(-Infinity,0.005]:0
(0.005,0.01]:3
(0.01,0.025]:1
(0.025,0.05]:1
(0.05,0.075]:0
(0.075,0.1]:0
(0.1,0.25]:1
(0.25,0.5]:0
(0.5,0.75]:0
(0.75,1]:0
(1,2.5]:0
(2.5,5]:0
(5,7.5]:0
(7.5,10]:0
(10,+Infinity]:0
Metric Name: aspnetcore.rate_limiting.requests, Number of requests that tried to acquire a rate limiting lease. Requests could be rejected by global or endpoint rate limiting policies. Or the request could be canceled while waiting for the lease., Unit: {request}, Meter: Microsoft.AspNetCore.RateLimiting
(2025-09-11T06:33:37.5629096Z, 2025-09-11T06:33:39.1392473Z] aspnetcore.rate_limiting.result: acquired LongSum
Value: 6
Metric Name: aspnetcore.routing.match_attempts, Number of requests that were attempted to be matched to an endpoint., Unit: {match_attempt}, Meter: Microsoft.AspNetCore.Routing
(2025-09-11T06:33:37.5637592Z, 2025-09-11T06:33:39.1392479Z] aspnetcore.routing.is_fallback: false aspnetcore.routing.match_status: success http.route: api/Database/reset LongSum
Value: 2
(2025-09-11T06:33:37.5637592Z, 2025-09-11T06:33:39.1392479Z] aspnetcore.routing.is_fallback: false aspnetcore.routing.match_status: success http.route: api/Database/seed LongSum
Value: 1
(2025-09-11T06:33:37.5637592Z, 2025-09-11T06:33:39.1392479Z] aspnetcore.routing.is_fallback: false aspnetcore.routing.match_status: success http.route: api/Database/validate-pre-test LongSum
Value: 1
(2025-09-11T06:33:37.5637592Z, 2025-09-11T06:33:39.1392479Z] aspnetcore.routing.is_fallback: false aspnetcore.routing.match_status: success http.route: api/Database/verify-integrity LongSum
Value: 1
(2025-09-11T06:33:37.5637592Z, 2025-09-11T06:33:39.1392479Z] aspnetcore.routing.is_fallback: false aspnetcore.routing.match_status: success http.route: api/Database/status LongSum
Value: 1
[06:33:39 INF] Starting Crud API application {"Application": "Crud.Api"}
[06:33:39 INF] Using SQLite provider with connection: Data Source=TestDatabase.db {"Application": "Crud.Api"}
[06:33:39 INF] Database ensured successfully {"Application": "Crud.Api"}
[06:33:39 INF] Application configured successfully. Starting web host... {"Application": "Crud.Api"}
[06:33:39 WRN] Failed to determine the https port for redirect. {"EventId": {"Id": 3, "Name": "FailedToDeterminePort"}, "SourceContext": "Microsoft.AspNetCore.HttpsPolicy.HttpsRedirectionMiddleware", "RequestId": "0HNFGVK4NGCNI", "RequestPath": "/api/auth/register", "Application": "Crud.Api"}
[06:33:39 INF] User registered successfully: 2feb2b6c-1cfd-452a-81ae-b34ac2561c07 {"SourceContext": "App.Features.Authentication.RegisterUserCommandHandler", "ActionId": "d5532699-b1b8-480b-befb-4a7cac8045ee", "ActionName": "Api.Controllers.AuthController.Register (Api)", "RequestId": "0HNFGVK4NGCNI", "RequestPath": "/api/auth/register", "Application": "Crud.Api"}
Activity.TraceId:            f61289956d4789b2dd39eef0a50d281f
Activity.SpanId:             adbdd4f64cbb81a3
Activity.TraceFlags:         Recorded
Activity.ActivitySourceName: Microsoft.AspNetCore
Activity.DisplayName:        POST api/Auth/register
Activity.Kind:               Server
Activity.StartTime:          2025-09-11T06:33:39.1759362Z
Activity.Duration:           00:00:00.3151704
Activity.Tags:
    server.address: localhost
    http.request.method: POST
    url.scheme: http
    url.path: /api/auth/register
    network.protocol.version: 1.1
    http.route: api/Auth/register
    http.response.status_code: 200
Resource associated with Activity:
    deployment.environment: Testing
    service.name: Crud.Api
    service.version: 1.0.0
    service.instance.id: 10e2e254-224c-48e1-a2d2-8bbb5483cf26
    telemetry.sdk.name: opentelemetry
    telemetry.sdk.language: dotnet
    telemetry.sdk.version: 1.8.1
[06:33:39 DBG] Cache miss for key: list:person {"SourceContext": "Infrastructure.Services.Caching.InMemoryCacheService", "ActionId": "c4acdec4-6a25-44d2-93d7-6857475b8ab8", "ActionName": "Api.Controllers.PeopleController.List (Api)", "RequestId": "0HNFGVK4NGCNJ", "RequestPath": "/api/people", "Application": "Crud.Api"}
[06:33:39 DBG] Set cache value for key: list:person {"SourceContext": "Infrastructure.Services.Caching.InMemoryCacheService", "ActionId": "c4acdec4-6a25-44d2-93d7-6857475b8ab8", "ActionName": "Api.Controllers.PeopleController.List (Api)", "RequestId": "0HNFGVK4NGCNJ", "RequestPath": "/api/people", "Application": "Crud.Api"}
Activity.TraceId:            4b83cc604c8579d68b4a4731d5af59cd
Activity.SpanId:             4d2ff58dfd24a289
Activity.TraceFlags:         Recorded
Activity.ActivitySourceName: Microsoft.AspNetCore
Activity.DisplayName:        GET api/People
Activity.Kind:               Server
Activity.StartTime:          2025-09-11T06:33:39.4922538Z
Activity.Duration:           00:00:00.0118779
Activity.Tags:
    server.address: localhost
    http.request.method: GET
    url.scheme: http
    url.path: /api/people
    network.protocol.version: 1.1
    http.route: api/People
    http.response.status_code: 200
Resource associated with Activity:
    deployment.environment: Testing
    service.name: Crud.Api
    service.version: 1.0.0
    service.instance.id: 10e2e254-224c-48e1-a2d2-8bbb5483cf26
    telemetry.sdk.name: opentelemetry
    telemetry.sdk.language: dotnet
    telemetry.sdk.version: 1.8.1
[06:33:39 INF] User registered successfully: fbb7b55d-bb32-4c09-b109-07ac1f6f8f6d {"SourceContext": "App.Features.Authentication.RegisterUserCommandHandler", "ActionId": "d5532699-b1b8-480b-befb-4a7cac8045ee", "ActionName": "Api.Controllers.AuthController.Register (Api)", "RequestId": "0HNFGVK4NGCNK", "RequestPath": "/api/auth/register", "Application": "Crud.Api"}
Activity.TraceId:            752a2e86297f94a21916464030f179ba
Activity.SpanId:             f79d4c2f7f7d6b60
Activity.TraceFlags:         Recorded
Activity.ActivitySourceName: Microsoft.AspNetCore
Activity.DisplayName:        POST api/Auth/register
Activity.Kind:               Server
Activity.StartTime:          2025-09-11T06:33:39.5072521Z
Activity.Duration:           00:00:00.3067116
Activity.Tags:
    server.address: localhost
    http.request.method: POST
    url.scheme: http
    url.path: /api/auth/register
    network.protocol.version: 1.1
    http.route: api/Auth/register
    http.response.status_code: 200
Resource associated with Activity:
    deployment.environment: Testing
    service.name: Crud.Api
    service.version: 1.0.0
    service.instance.id: 10e2e254-224c-48e1-a2d2-8bbb5483cf26
    telemetry.sdk.name: opentelemetry
    telemetry.sdk.language: dotnet
    telemetry.sdk.version: 1.8.1
[06:33:39 DBG] Cache miss for key: list:wall {"SourceContext": "Infrastructure.Services.Caching.InMemoryCacheService", "ActionId": "42b06d57-3bbc-4db1-909d-a725182805bf", "ActionName": "Api.Controllers.WallsController.List (Api)", "RequestId": "0HNFGVK4NGCNL", "RequestPath": "/api/walls", "Application": "Crud.Api"}
[06:33:39 DBG] Set cache value for key: list:wall {"SourceContext": "Infrastructure.Services.Caching.InMemoryCacheService", "ActionId": "42b06d57-3bbc-4db1-909d-a725182805bf", "ActionName": "Api.Controllers.WallsController.List (Api)", "RequestId": "0HNFGVK4NGCNL", "RequestPath": "/api/walls", "Application": "Crud.Api"}
Activity.TraceId:            3a8e74eb2630a76f1f6e07eff47fd19d
Activity.SpanId:             f397a7ea74a9069f
Activity.TraceFlags:         Recorded
Activity.ActivitySourceName: Microsoft.AspNetCore
Activity.DisplayName:        GET api/Walls
Activity.Kind:               Server
Activity.StartTime:          2025-09-11T06:33:39.8158046Z
Activity.Duration:           00:00:00.0093447
Activity.Tags:
    server.address: localhost
    http.request.method: GET
    url.scheme: http
    url.path: /api/walls
    network.protocol.version: 1.1
    http.route: api/Walls
    http.response.status_code: 200
Resource associated with Activity:
    deployment.environment: Testing
    service.name: Crud.Api
    service.version: 1.0.0
    service.instance.id: 10e2e254-224c-48e1-a2d2-8bbb5483cf26
    telemetry.sdk.name: opentelemetry
    telemetry.sdk.language: dotnet
    telemetry.sdk.version: 1.8.1
[06:33:40 INF] User registered successfully: 12aa5919-4064-4398-b2ab-79616ed3ff71 {"SourceContext": "App.Features.Authentication.RegisterUserCommandHandler", "ActionId": "d5532699-b1b8-480b-befb-4a7cac8045ee", "ActionName": "Api.Controllers.AuthController.Register (Api)", "RequestId": "0HNFGVK4NGCNM", "RequestPath": "/api/auth/register", "Application": "Crud.Api"}
Activity.TraceId:            b0d1ea5ed089d5f78a9dae2981e7e497
Activity.SpanId:             43bb60d11c40b42b
Activity.TraceFlags:         Recorded
Activity.ActivitySourceName: Microsoft.AspNetCore
Activity.DisplayName:        POST api/Auth/register
Activity.Kind:               Server
Activity.StartTime:          2025-09-11T06:33:39.8271343Z
Activity.Duration:           00:00:00.2997148
Activity.Tags:
    server.address: localhost
    http.request.method: POST
    url.scheme: http
    url.path: /api/auth/register
    network.protocol.version: 1.1
    http.route: api/Auth/register
    http.response.status_code: 200
Resource associated with Activity:
    deployment.environment: Testing
    service.name: Crud.Api
    service.version: 1.0.0
    service.instance.id: 10e2e254-224c-48e1-a2d2-8bbb5483cf26
    telemetry.sdk.name: opentelemetry
    telemetry.sdk.language: dotnet
    telemetry.sdk.version: 1.8.1
[06:33:40 DBG] Cache miss for key: list:role {"SourceContext": "Infrastructure.Services.Caching.InMemoryCacheService", "ActionId": "88685ef5-311a-4f15-a3c6-eab8f439921b", "ActionName": "Api.Controllers.RolesController.List (Api)", "RequestId": "0HNFGVK4NGCNN", "RequestPath": "/api/roles", "Application": "Crud.Api"}
[06:33:40 DBG] Set cache value for key: list:role {"SourceContext": "Infrastructure.Services.Caching.InMemoryCacheService", "ActionId": "88685ef5-311a-4f15-a3c6-eab8f439921b", "ActionName": "Api.Controllers.RolesController.List (Api)", "RequestId": "0HNFGVK4NGCNN", "RequestPath": "/api/roles", "Application": "Crud.Api"}
Activity.TraceId:            6a6b247a692313cf47aced8c94395932
Activity.SpanId:             dc6df85f52e2de73
Activity.TraceFlags:         Recorded
Activity.ActivitySourceName: Microsoft.AspNetCore
Activity.DisplayName:        GET api/Roles
Activity.Kind:               Server
Activity.StartTime:          2025-09-11T06:33:40.1280557Z
Activity.Duration:           00:00:00.0077530
Activity.Tags:
    server.address: localhost
    http.request.method: GET
    url.scheme: http
    url.path: /api/roles
    network.protocol.version: 1.1
    http.route: api/Roles
    http.response.status_code: 200
Resource associated with Activity:
    deployment.environment: Testing
    service.name: Crud.Api
    service.version: 1.0.0
    service.instance.id: 10e2e254-224c-48e1-a2d2-8bbb5483cf26
    telemetry.sdk.name: opentelemetry
    telemetry.sdk.language: dotnet
    telemetry.sdk.version: 1.8.1
[06:33:40 INF] User registered successfully: 0721dbde-eb12-40b7-aa6f-a17cf079bce2 {"SourceContext": "App.Features.Authentication.RegisterUserCommandHandler", "ActionId": "d5532699-b1b8-480b-befb-4a7cac8045ee", "ActionName": "Api.Controllers.AuthController.Register (Api)", "RequestId": "0HNFGVK4NGCNO", "RequestPath": "/api/auth/register", "Application": "Crud.Api"}
Activity.TraceId:            e89eb7defd03b365cc57036d6fb1336a
Activity.SpanId:             787068181c76286b
Activity.TraceFlags:         Recorded
Activity.ActivitySourceName: Microsoft.AspNetCore
Activity.DisplayName:        POST api/Auth/register
Activity.Kind:               Server
Activity.StartTime:          2025-09-11T06:33:40.1370669Z
Activity.Duration:           00:00:00.2969807
Activity.Tags:
    server.address: localhost
    http.request.method: POST
    url.scheme: http
    url.path: /api/auth/register
    network.protocol.version: 1.1
    http.route: api/Auth/register
    http.response.status_code: 200
Resource associated with Activity:
    deployment.environment: Testing
    service.name: Crud.Api
    service.version: 1.0.0
    service.instance.id: 10e2e254-224c-48e1-a2d2-8bbb5483cf26
    telemetry.sdk.name: opentelemetry
    telemetry.sdk.language: dotnet
    telemetry.sdk.version: 1.8.1
[06:33:40 DBG] Cache miss for key: list:window {"SourceContext": "Infrastructure.Services.Caching.InMemoryCacheService", "ActionId": "728eef8f-1a1b-495b-893d-51d90966f4a8", "ActionName": "Api.Controllers.WindowsController.List (Api)", "RequestId": "0HNFGVK4NGCNP", "RequestPath": "/api/windows", "Application": "Crud.Api"}
[06:33:40 DBG] Set cache value for key: list:window {"SourceContext": "Infrastructure.Services.Caching.InMemoryCacheService", "ActionId": "728eef8f-1a1b-495b-893d-51d90966f4a8", "ActionName": "Api.Controllers.WindowsController.List (Api)", "RequestId": "0HNFGVK4NGCNP", "RequestPath": "/api/windows", "Application": "Crud.Api"}
Activity.TraceId:            f3947820ccfeb962f7834b0e9bba69a8
Activity.SpanId:             ddbfd28029fe7f6d
Activity.TraceFlags:         Recorded
Activity.ActivitySourceName: Microsoft.AspNetCore
Activity.DisplayName:        GET api/Windows
Activity.Kind:               Server
Activity.StartTime:          2025-09-11T06:33:40.4352055Z
Activity.Duration:           00:00:00.0108044
Activity.Tags:
    server.address: localhost
    http.request.method: GET
    url.scheme: http
    url.path: /api/windows
    network.protocol.version: 1.1
    http.route: api/Windows
    http.response.status_code: 200
Resource associated with Activity:
    deployment.environment: Testing
    service.name: Crud.Api
    service.version: 1.0.0
    service.instance.id: 10e2e254-224c-48e1-a2d2-8bbb5483cf26
    telemetry.sdk.name: opentelemetry
    telemetry.sdk.language: dotnet
    telemetry.sdk.version: 1.8.1
[06:33:40 INF] User registered successfully: 0b9870fb-9815-49a6-8108-3adbb9dcb383 {"SourceContext": "App.Features.Authentication.RegisterUserCommandHandler", "ActionId": "d5532699-b1b8-480b-befb-4a7cac8045ee", "ActionName": "Api.Controllers.AuthController.Register (Api)", "RequestId": "0HNFGVK4NGCNQ", "RequestPath": "/api/auth/register", "Application": "Crud.Api"}
Activity.TraceId:            224d6579548b88a76fbbc29b23d89379
Activity.SpanId:             c495848d9d90374a
Activity.TraceFlags:         Recorded
Activity.ActivitySourceName: Microsoft.AspNetCore
Activity.DisplayName:        POST api/Auth/register
Activity.Kind:               Server
Activity.StartTime:          2025-09-11T06:33:40.4483451Z
Activity.Duration:           00:00:00.2979265
Activity.Tags:
    server.address: localhost
    http.request.method: POST
    url.scheme: http
    url.path: /api/auth/register
    network.protocol.version: 1.1
    http.route: api/Auth/register
    http.response.status_code: 200
Resource associated with Activity:
    deployment.environment: Testing
    service.name: Crud.Api
    service.version: 1.0.0
    service.instance.id: 10e2e254-224c-48e1-a2d2-8bbb5483cf26
    telemetry.sdk.name: opentelemetry
    telemetry.sdk.language: dotnet
    telemetry.sdk.version: 1.8.1
[06:33:40 DBG] Cache hit for key: list:person {"SourceContext": "Infrastructure.Services.Caching.InMemoryCacheService", "ActionId": "c4acdec4-6a25-44d2-93d7-6857475b8ab8", "ActionName": "Api.Controllers.PeopleController.List (Api)", "RequestId": "0HNFGVK4NGCNR", "RequestPath": "/api/people", "Application": "Crud.Api"}
Activity.TraceId:            af2ee657e7b2807ff782796cb6df2e02
Activity.SpanId:             7ac068ca2657e450
Activity.TraceFlags:         Recorded
Activity.ActivitySourceName: Microsoft.AspNetCore
Activity.DisplayName:        GET api/People
Activity.Kind:               Server
Activity.StartTime:          2025-09-11T06:33:40.7474773Z
Activity.Duration:           00:00:00.0010013
Activity.Tags:
    server.address: localhost
    http.request.method: GET
    url.scheme: http
    url.path: /api/people
    network.protocol.version: 1.1
    http.route: api/People
    http.response.status_code: 200
Resource associated with Activity:
    deployment.environment: Testing
    service.name: Crud.Api
    service.version: 1.0.0
    service.instance.id: 10e2e254-224c-48e1-a2d2-8bbb5483cf26
    telemetry.sdk.name: opentelemetry
    telemetry.sdk.language: dotnet
    telemetry.sdk.version: 1.8.1
[06:33:41 INF] User registered successfully: df9d2cd8-db6b-411a-aa30-a853a1752684 {"SourceContext": "App.Features.Authentication.RegisterUserCommandHandler", "ActionId": "d5532699-b1b8-480b-befb-4a7cac8045ee", "ActionName": "Api.Controllers.AuthController.Register (Api)", "RequestId": "0HNFGVK4NGCNS", "RequestPath": "/api/auth/register", "Application": "Crud.Api"}
Activity.TraceId:            a5518c22405294f7f0352f5f8aa7c033
Activity.SpanId:             ff5f67992d3fea4a
Activity.TraceFlags:         Recorded
Activity.ActivitySourceName: Microsoft.AspNetCore
Activity.DisplayName:        POST api/Auth/register
Activity.Kind:               Server
Activity.StartTime:          2025-09-11T06:33:40.7526546Z
Activity.Duration:           00:00:00.2977974
Activity.Tags:
    server.address: localhost
    http.request.method: POST
    url.scheme: http
    url.path: /api/auth/register
    network.protocol.version: 1.1
    http.route: api/Auth/register
    http.response.status_code: 200
Resource associated with Activity:
    deployment.environment: Testing
    service.name: Crud.Api
    service.version: 1.0.0
    service.instance.id: 10e2e254-224c-48e1-a2d2-8bbb5483cf26
    telemetry.sdk.name: opentelemetry
    telemetry.sdk.language: dotnet
    telemetry.sdk.version: 1.8.1
[06:33:41 INF] User logged in successfully: df9d2cd8-db6b-411a-aa30-a853a1752684 {"SourceContext": "App.Features.Authentication.LoginCommandHandler", "ActionId": "7cce7b7d-038a-4ca0-abae-18713d245d12", "ActionName": "Api.Controllers.AuthController.Login (Api)", "RequestId": "0HNFGVK4NGCNT", "RequestPath": "/api/auth/login", "Application": "Crud.Api"}
Activity.TraceId:            376be2a41691abde9af2d2f395edad3c
Activity.SpanId:             a0bd557b0e4c992a
Activity.TraceFlags:         Recorded
Activity.ActivitySourceName: Microsoft.AspNetCore
Activity.DisplayName:        POST api/Auth/login
Activity.Kind:               Server
Activity.StartTime:          2025-09-11T06:33:41.0523252Z
Activity.Duration:           00:00:00.3074695
Activity.Tags:
    server.address: localhost
    http.request.method: POST
    url.scheme: http
    url.path: /api/auth/login
    network.protocol.version: 1.1
    http.route: api/Auth/login
    http.response.status_code: 200
Resource associated with Activity:
    deployment.environment: Testing
    service.name: Crud.Api
    service.version: 1.0.0
    service.instance.id: 10e2e254-224c-48e1-a2d2-8bbb5483cf26
    telemetry.sdk.name: opentelemetry
    telemetry.sdk.language: dotnet
    telemetry.sdk.version: 1.8.1
[06:33:41 DBG] Removed cache value for key: entity:wall:dea732993baa4c7db9658f104d2347c2 {"SourceContext": "Infrastructure.Services.Caching.InMemoryCacheService", "ActionId": "0e22bb9e-9082-4603-94fe-b06b83f43f71", "ActionName": "Api.Controllers.WallsController.Create (Api)", "RequestId": "0HNFGVK4NGCNU", "RequestPath": "/api/walls", "Application": "Crud.Api"}
[06:33:41 DBG] Removed cache value for key: list:wall {"SourceContext": "Infrastructure.Services.Caching.InMemoryCacheService", "ActionId": "0e22bb9e-9082-4603-94fe-b06b83f43f71", "ActionName": "Api.Controllers.WallsController.Create (Api)", "RequestId": "0HNFGVK4NGCNU", "RequestPath": "/api/walls", "Application": "Crud.Api"}
[06:33:41 DBG] Invalidating cache for entity type: walls with tag: walls {"SourceContext": "Api.Services.OutputCacheInvalidationService", "ActionId": "0e22bb9e-9082-4603-94fe-b06b83f43f71", "ActionName": "Api.Controllers.WallsController.Create (Api)", "RequestId": "0HNFGVK4NGCNU", "RequestPath": "/api/walls", "Application": "Crud.Api"}
[06:33:41 INF] Successfully invalidated cache for entity type: walls {"SourceContext": "Api.Services.OutputCacheInvalidationService", "ActionId": "0e22bb9e-9082-4603-94fe-b06b83f43f71", "ActionName": "Api.Controllers.WallsController.Create (Api)", "RequestId": "0HNFGVK4NGCNU", "RequestPath": "/api/walls", "Application": "Crud.Api"}
Activity.TraceId:            d3d2c8cf045dbe5073277e28ffabbbc6
Activity.SpanId:             a0c5abaca3bd4601
Activity.TraceFlags:         Recorded
Activity.ActivitySourceName: Microsoft.AspNetCore
Activity.DisplayName:        POST api/Walls
Activity.Kind:               Server
Activity.StartTime:          2025-09-11T06:33:41.3623806Z
Activity.Duration:           00:00:00.0148136
Activity.Tags:
    server.address: localhost
    http.request.method: POST
    url.scheme: http
    url.path: /api/walls
    network.protocol.version: 1.1
    http.route: api/Walls
    http.response.status_code: 201
Resource associated with Activity:
    deployment.environment: Testing
    service.name: Crud.Api
    service.version: 1.0.0
    service.instance.id: 10e2e254-224c-48e1-a2d2-8bbb5483cf26
    telemetry.sdk.name: opentelemetry
    telemetry.sdk.language: dotnet
    telemetry.sdk.version: 1.8.1
[06:33:41 INF] User registered successfully: 58fb1332-e296-4f20-832f-a610bb764bdc {"SourceContext": "App.Features.Authentication.RegisterUserCommandHandler", "ActionId": "d5532699-b1b8-480b-befb-4a7cac8045ee", "ActionName": "Api.Controllers.AuthController.Register (Api)", "RequestId": "0HNFGVK4NGCNV", "RequestPath": "/api/auth/register", "Application": "Crud.Api"}
Activity.TraceId:            e3ffde9c5257528e9a52d036f35b4daa
Activity.SpanId:             85a8c8efae2af519
Activity.TraceFlags:         Recorded
Activity.ActivitySourceName: Microsoft.AspNetCore
Activity.DisplayName:        POST api/Auth/register
Activity.Kind:               Server
Activity.StartTime:          2025-09-11T06:33:41.3788871Z
Activity.Duration:           00:00:00.3002106
Activity.Tags:
    server.address: localhost
    http.request.method: POST
    url.scheme: http
    url.path: /api/auth/register
    network.protocol.version: 1.1
    http.route: api/Auth/register
    http.response.status_code: 200
Resource associated with Activity:
    deployment.environment: Testing
    service.name: Crud.Api
    service.version: 1.0.0
    service.instance.id: 10e2e254-224c-48e1-a2d2-8bbb5483cf26
    telemetry.sdk.name: opentelemetry
    telemetry.sdk.language: dotnet
    telemetry.sdk.version: 1.8.1
[06:33:41 INF] User logged in successfully: 58fb1332-e296-4f20-832f-a610bb764bdc {"SourceContext": "App.Features.Authentication.LoginCommandHandler", "ActionId": "7cce7b7d-038a-4ca0-abae-18713d245d12", "ActionName": "Api.Controllers.AuthController.Login (Api)", "RequestId": "0HNFGVK4NGCO0", "RequestPath": "/api/auth/login", "Application": "Crud.Api"}
Activity.TraceId:            3ab841520745fabc6a37e331d66b6349
Activity.SpanId:             eabbc873cbea90dd
Activity.TraceFlags:         Recorded
Activity.ActivitySourceName: Microsoft.AspNetCore
Activity.DisplayName:        POST api/Auth/login
Activity.Kind:               Server
Activity.StartTime:          2025-09-11T06:33:41.6812213Z
Activity.Duration:           00:00:00.2985342
Activity.Tags:
    server.address: localhost
    http.request.method: POST
    url.scheme: http
    url.path: /api/auth/login
    network.protocol.version: 1.1
    http.route: api/Auth/login
    http.response.status_code: 200
Resource associated with Activity:
    deployment.environment: Testing
    service.name: Crud.Api
    service.version: 1.0.0
    service.instance.id: 10e2e254-224c-48e1-a2d2-8bbb5483cf26
    telemetry.sdk.name: opentelemetry
    telemetry.sdk.language: dotnet
    telemetry.sdk.version: 1.8.1
[06:33:41 DBG] Cache miss for key: name:role:test_role {"SourceContext": "Infrastructure.Services.Caching.InMemoryCacheService", "ActionId": "f7d618dd-99a4-4477-8b69-5065ffd9a2c4", "ActionName": "Api.Controllers.RolesController.Create (Api)", "RequestId": "0HNFGVK4NGCO1", "RequestPath": "/api/roles", "Application": "Crud.Api"}
[06:33:41 DBG] Removed cache value for key: entity:role:4c04aa9acf134fd6a93a7f894f82946a {"SourceContext": "Infrastructure.Services.Caching.InMemoryCacheService", "ActionId": "f7d618dd-99a4-4477-8b69-5065ffd9a2c4", "ActionName": "Api.Controllers.RolesController.Create (Api)", "RequestId": "0HNFGVK4NGCO1", "RequestPath": "/api/roles", "Application": "Crud.Api"}
[06:33:41 DBG] Removed cache value for key: list:role {"SourceContext": "Infrastructure.Services.Caching.InMemoryCacheService", "ActionId": "f7d618dd-99a4-4477-8b69-5065ffd9a2c4", "ActionName": "Api.Controllers.RolesController.Create (Api)", "RequestId": "0HNFGVK4NGCO1", "RequestPath": "/api/roles", "Application": "Crud.Api"}
[06:33:41 DBG] Invalidating cache for entity type: roles with tag: roles {"SourceContext": "Api.Services.OutputCacheInvalidationService", "ActionId": "f7d618dd-99a4-4477-8b69-5065ffd9a2c4", "ActionName": "Api.Controllers.RolesController.Create (Api)", "RequestId": "0HNFGVK4NGCO1", "RequestPath": "/api/roles", "Application": "Crud.Api"}
[06:33:41 INF] Successfully invalidated cache for entity type: roles {"SourceContext": "Api.Services.OutputCacheInvalidationService", "ActionId": "f7d618dd-99a4-4477-8b69-5065ffd9a2c4", "ActionName": "Api.Controllers.RolesController.Create (Api)", "RequestId": "0HNFGVK4NGCO1", "RequestPath": "/api/roles", "Application": "Crud.Api"}
Activity.TraceId:            2d0ad8b60e73e03378573f6d1aeca5e1
Activity.SpanId:             bbbb17a35e97fc73
Activity.TraceFlags:         Recorded
Activity.ActivitySourceName: Microsoft.AspNetCore
Activity.DisplayName:        POST api/Roles
Activity.Kind:               Server
Activity.StartTime:          2025-09-11T06:33:41.9815357Z
Activity.Duration:           00:00:00.0086079
Activity.Tags:
    server.address: localhost
    http.request.method: POST
    url.scheme: http
    url.path: /api/roles
    network.protocol.version: 1.1
    http.route: api/Roles
    http.response.status_code: 201
Resource associated with Activity:
    deployment.environment: Testing
    service.name: Crud.Api
    service.version: 1.0.0
    service.instance.id: 10e2e254-224c-48e1-a2d2-8bbb5483cf26
    telemetry.sdk.name: opentelemetry
    telemetry.sdk.language: dotnet
    telemetry.sdk.version: 1.8.1
[06:33:42 INF] User registered successfully: 2c09e3af-f823-4e6a-aa36-551df57494c9 {"SourceContext": "App.Features.Authentication.RegisterUserCommandHandler", "ActionId": "d5532699-b1b8-480b-befb-4a7cac8045ee", "ActionName": "Api.Controllers.AuthController.Register (Api)", "RequestId": "0HNFGVK4NGCO2", "RequestPath": "/api/auth/register", "Application": "Crud.Api"}
Activity.TraceId:            aa80b3963e7cae681012c2d9c8f8d84e
Activity.SpanId:             85ffb9d7685fbc7e
Activity.TraceFlags:         Recorded
Activity.ActivitySourceName: Microsoft.AspNetCore
Activity.DisplayName:        POST api/Auth/register
Activity.Kind:               Server
Activity.StartTime:          2025-09-11T06:33:41.9917721Z
Activity.Duration:           00:00:00.2968489
Activity.Tags:
    server.address: localhost
    http.request.method: POST
    url.scheme: http
    url.path: /api/auth/register
    network.protocol.version: 1.1
    http.route: api/Auth/register
    http.response.status_code: 200
Resource associated with Activity:
    deployment.environment: Testing
    service.name: Crud.Api
    service.version: 1.0.0
    service.instance.id: 10e2e254-224c-48e1-a2d2-8bbb5483cf26
    telemetry.sdk.name: opentelemetry
    telemetry.sdk.language: dotnet
    telemetry.sdk.version: 1.8.1
[06:33:42 INF] User logged in successfully: 2c09e3af-f823-4e6a-aa36-551df57494c9 {"SourceContext": "App.Features.Authentication.LoginCommandHandler", "ActionId": "7cce7b7d-038a-4ca0-abae-18713d245d12", "ActionName": "Api.Controllers.AuthController.Login (Api)", "RequestId": "0HNFGVK4NGCO3", "RequestPath": "/api/auth/login", "Application": "Crud.Api"}
Activity.TraceId:            145116dfd16276eeadccbe7d3f71eb85
Activity.SpanId:             9d7491735f27b623
Activity.TraceFlags:         Recorded
Activity.ActivitySourceName: Microsoft.AspNetCore
Activity.DisplayName:        POST api/Auth/login
Activity.Kind:               Server
Activity.StartTime:          2025-09-11T06:33:42.2987181Z
Activity.Duration:           00:00:00.2991024
Activity.Tags:
    server.address: localhost
    http.request.method: POST
    url.scheme: http
    url.path: /api/auth/login
    network.protocol.version: 1.1
    http.route: api/Auth/login
    http.response.status_code: 200
Resource associated with Activity:
    deployment.environment: Testing
    service.name: Crud.Api
    service.version: 1.0.0
    service.instance.id: 10e2e254-224c-48e1-a2d2-8bbb5483cf26
    telemetry.sdk.name: opentelemetry
    telemetry.sdk.language: dotnet
    telemetry.sdk.version: 1.8.1
[06:33:42 DBG] Removed cache value for key: entity:window:6f0c93e3ab9b426aa552c62fe1d87ca2 {"SourceContext": "Infrastructure.Services.Caching.InMemoryCacheService", "ActionId": "07c3fcd1-50b0-4330-819d-23779d887bd7", "ActionName": "Api.Controllers.WindowsController.Create (Api)", "RequestId": "0HNFGVK4NGCO4", "RequestPath": "/api/windows", "Application": "Crud.Api"}
[06:33:42 DBG] Removed cache value for key: list:window {"SourceContext": "Infrastructure.Services.Caching.InMemoryCacheService", "ActionId": "07c3fcd1-50b0-4330-819d-23779d887bd7", "ActionName": "Api.Controllers.WindowsController.Create (Api)", "RequestId": "0HNFGVK4NGCO4", "RequestPath": "/api/windows", "Application": "Crud.Api"}
[06:33:42 DBG] Invalidating cache for entity type: windows with tag: windows {"SourceContext": "Api.Services.OutputCacheInvalidationService", "ActionId": "07c3fcd1-50b0-4330-819d-23779d887bd7", "ActionName": "Api.Controllers.WindowsController.Create (Api)", "RequestId": "0HNFGVK4NGCO4", "RequestPath": "/api/windows", "Application": "Crud.Api"}
[06:33:42 INF] Successfully invalidated cache for entity type: windows {"SourceContext": "Api.Services.OutputCacheInvalidationService", "ActionId": "07c3fcd1-50b0-4330-819d-23779d887bd7", "ActionName": "Api.Controllers.WindowsController.Create (Api)", "RequestId": "0HNFGVK4NGCO4", "RequestPath": "/api/windows", "Application": "Crud.Api"}
Activity.TraceId:            4e6add140ead886fe09660e39726f13b
Activity.SpanId:             47f117f6f3cb0ded
Activity.TraceFlags:         Recorded
Activity.ActivitySourceName: Microsoft.AspNetCore
Activity.DisplayName:        POST api/Windows
Activity.Kind:               Server
Activity.StartTime:          2025-09-11T06:33:42.6002831Z
Activity.Duration:           00:00:00.0159174
Activity.Tags:
    server.address: localhost
    http.request.method: POST
    url.scheme: http
    url.path: /api/windows
    network.protocol.version: 1.1
    http.route: api/Windows
    http.response.status_code: 201
Resource associated with Activity:
    deployment.environment: Testing
    service.name: Crud.Api
    service.version: 1.0.0
    service.instance.id: 10e2e254-224c-48e1-a2d2-8bbb5483cf26
    telemetry.sdk.name: opentelemetry
    telemetry.sdk.language: dotnet
    telemetry.sdk.version: 1.8.1
[06:33:42 INF] User registered successfully: f40d63d9-2ad6-4575-800a-39bd0156cfc7 {"SourceContext": "App.Features.Authentication.RegisterUserCommandHandler", "ActionId": "d5532699-b1b8-480b-befb-4a7cac8045ee", "ActionName": "Api.Controllers.AuthController.Register (Api)", "RequestId": "0HNFGVK4NGCO5", "RequestPath": "/api/auth/register", "Application": "Crud.Api"}
Activity.TraceId:            4d646d3cfecd66dc8c71e3304601703e
Activity.SpanId:             1c0b4e54af689b4a
Activity.TraceFlags:         Recorded
Activity.ActivitySourceName: Microsoft.AspNetCore
Activity.DisplayName:        POST api/Auth/register
Activity.Kind:               Server
Activity.StartTime:          2025-09-11T06:33:42.6176127Z
Activity.Duration:           00:00:00.2959507
Activity.Tags:
    server.address: localhost
    http.request.method: POST
    url.scheme: http
    url.path: /api/auth/register
    network.protocol.version: 1.1
    http.route: api/Auth/register
    http.response.status_code: 200
Resource associated with Activity:
    deployment.environment: Testing
    service.name: Crud.Api
    service.version: 1.0.0
    service.instance.id: 10e2e254-224c-48e1-a2d2-8bbb5483cf26
    telemetry.sdk.name: opentelemetry
    telemetry.sdk.language: dotnet
    telemetry.sdk.version: 1.8.1
[06:33:43 INF] User logged in successfully: f40d63d9-2ad6-4575-800a-39bd0156cfc7 {"SourceContext": "App.Features.Authentication.LoginCommandHandler", "ActionId": "7cce7b7d-038a-4ca0-abae-18713d245d12", "ActionName": "Api.Controllers.AuthController.Login (Api)", "RequestId": "0HNFGVK4NGCO6", "RequestPath": "/api/auth/login", "Application": "Crud.Api"}
Activity.TraceId:            8c8d723a22c91f1424dea5dba321cbc4
Activity.SpanId:             1fc44e2e032dc90e
Activity.TraceFlags:         Recorded
Activity.ActivitySourceName: Microsoft.AspNetCore
Activity.DisplayName:        POST api/Auth/login
Activity.Kind:               Server
Activity.StartTime:          2025-09-11T06:33:42.9155464Z
Activity.Duration:           00:00:00.2967598
Activity.Tags:
    server.address: localhost
    http.request.method: POST
    url.scheme: http
    url.path: /api/auth/login
    network.protocol.version: 1.1
    http.route: api/Auth/login
    http.response.status_code: 200
Resource associated with Activity:
    deployment.environment: Testing
    service.name: Crud.Api
    service.version: 1.0.0
    service.instance.id: 10e2e254-224c-48e1-a2d2-8bbb5483cf26
    telemetry.sdk.name: opentelemetry
    telemetry.sdk.language: dotnet
    telemetry.sdk.version: 1.8.1
[06:33:43 DBG] Removed cache value for key: entity:person:ebeae47473d146269cf2b99e2594872b {"SourceContext": "Infrastructure.Services.Caching.InMemoryCacheService", "ActionId": "e159eb80-6b6b-470f-97f0-2aca4156befc", "ActionName": "Api.Controllers.PeopleController.Create (Api)", "RequestId": "0HNFGVK4NGCO7", "RequestPath": "/api/people", "Application": "Crud.Api"}
[06:33:43 DBG] Removed cache value for key: list:person {"SourceContext": "Infrastructure.Services.Caching.InMemoryCacheService", "ActionId": "e159eb80-6b6b-470f-97f0-2aca4156befc", "ActionName": "Api.Controllers.PeopleController.Create (Api)", "RequestId": "0HNFGVK4NGCO7", "RequestPath": "/api/people", "Application": "Crud.Api"}
[06:33:43 DBG] Invalidating cache for entity type: people with tag: people {"SourceContext": "Api.Services.OutputCacheInvalidationService", "ActionId": "e159eb80-6b6b-470f-97f0-2aca4156befc", "ActionName": "Api.Controllers.PeopleController.Create (Api)", "RequestId": "0HNFGVK4NGCO7", "RequestPath": "/api/people", "Application": "Crud.Api"}
[06:33:43 INF] Successfully invalidated cache for entity type: people {"SourceContext": "Api.Services.OutputCacheInvalidationService", "ActionId": "e159eb80-6b6b-470f-97f0-2aca4156befc", "ActionName": "Api.Controllers.PeopleController.Create (Api)", "RequestId": "0HNFGVK4NGCO7", "RequestPath": "/api/people", "Application": "Crud.Api"}
Activity.TraceId:            746d10e7f16e5199a5b4e6969c7d9318
Activity.SpanId:             930027c33ddc164c
Activity.TraceFlags:         Recorded
Activity.ActivitySourceName: Microsoft.AspNetCore
Activity.DisplayName:        POST api/People
Activity.Kind:               Server
Activity.StartTime:          2025-09-11T06:33:43.2140708Z
Activity.Duration:           00:00:00.0095314
Activity.Tags:
    server.address: localhost
    http.request.method: POST
    url.scheme: http
    url.path: /api/people
    network.protocol.version: 1.1
    http.route: api/People
    http.response.status_code: 201
Resource associated with Activity:
    deployment.environment: Testing
    service.name: Crud.Api
    service.version: 1.0.0
    service.instance.id: 10e2e254-224c-48e1-a2d2-8bbb5483cf26
    telemetry.sdk.name: opentelemetry
    telemetry.sdk.language: dotnet
    telemetry.sdk.version: 1.8.1
[06:33:43 INF] User registered successfully: b852bd94-e52b-4c9d-b6b5-bc3967b0cc2a {"SourceContext": "App.Features.Authentication.RegisterUserCommandHandler", "ActionId": "d5532699-b1b8-480b-befb-4a7cac8045ee", "ActionName": "Api.Controllers.AuthController.Register (Api)", "RequestId": "0HNFGVK4NGCO8", "RequestPath": "/api/auth/register", "Application": "Crud.Api"}
Activity.TraceId:            71445b8ab870da2b35c9141f1ce7452d
Activity.SpanId:             ae632f16aed552ad
Activity.TraceFlags:         Recorded
Activity.ActivitySourceName: Microsoft.AspNetCore
Activity.DisplayName:        POST api/Auth/register
Activity.Kind:               Server
Activity.StartTime:          2025-09-11T06:33:43.2255204Z
Activity.Duration:           00:00:00.2963753
Activity.Tags:
    server.address: localhost
    http.request.method: POST
    url.scheme: http
    url.path: /api/auth/register
    network.protocol.version: 1.1
    http.route: api/Auth/register
    http.response.status_code: 200
Resource associated with Activity:
    deployment.environment: Testing
    service.name: Crud.Api
    service.version: 1.0.0
    service.instance.id: 10e2e254-224c-48e1-a2d2-8bbb5483cf26
    telemetry.sdk.name: opentelemetry
    telemetry.sdk.language: dotnet
    telemetry.sdk.version: 1.8.1
[06:33:43 DBG] Cache miss for key: list:window {"SourceContext": "Infrastructure.Services.Caching.InMemoryCacheService", "ActionId": "728eef8f-1a1b-495b-893d-51d90966f4a8", "ActionName": "Api.Controllers.WindowsController.List (Api)", "RequestId": "0HNFGVK4NGCO9", "RequestPath": "/api/windows", "Application": "Crud.Api"}
[06:33:43 DBG] Set cache value for key: list:window {"SourceContext": "Infrastructure.Services.Caching.InMemoryCacheService", "ActionId": "728eef8f-1a1b-495b-893d-51d90966f4a8", "ActionName": "Api.Controllers.WindowsController.List (Api)", "RequestId": "0HNFGVK4NGCO9", "RequestPath": "/api/windows", "Application": "Crud.Api"}
Activity.TraceId:            333a7e1df60369ed553eec248e6a74ec
Activity.SpanId:             e8dfc8ca387b0058
Activity.TraceFlags:         Recorded
Activity.ActivitySourceName: Microsoft.AspNetCore
Activity.DisplayName:        GET api/Windows
Activity.Kind:               Server
Activity.StartTime:          2025-09-11T06:33:43.5232069Z
Activity.Duration:           00:00:00.0019811
Activity.Tags:
    server.address: localhost
    http.request.method: GET
    url.scheme: http
    url.path: /api/windows
    network.protocol.version: 1.1
    http.route: api/Windows
    http.response.status_code: 200
Resource associated with Activity:
    deployment.environment: Testing
    service.name: Crud.Api
    service.version: 1.0.0
    service.instance.id: 10e2e254-224c-48e1-a2d2-8bbb5483cf26
    telemetry.sdk.name: opentelemetry
    telemetry.sdk.language: dotnet
    telemetry.sdk.version: 1.8.1
[06:33:43 INF] User registered successfully: 8fbac691-c942-480e-84ea-58f007f56725 {"SourceContext": "App.Features.Authentication.RegisterUserCommandHandler", "ActionId": "d5532699-b1b8-480b-befb-4a7cac8045ee", "ActionName": "Api.Controllers.AuthController.Register (Api)", "RequestId": "0HNFGVK4NGCOA", "RequestPath": "/api/auth/register", "Application": "Crud.Api"}
Activity.TraceId:            25f478ce8a3775244672900c9594d273
Activity.SpanId:             ff8a7c157397d9dc
Activity.TraceFlags:         Recorded
Activity.ActivitySourceName: Microsoft.AspNetCore
Activity.DisplayName:        POST api/Auth/register
Activity.Kind:               Server
Activity.StartTime:          2025-09-11T06:33:43.5264101Z
Activity.Duration:           00:00:00.2964498
Activity.Tags:
    server.address: localhost
    http.request.method: POST
    url.scheme: http
    url.path: /api/auth/register
    network.protocol.version: 1.1
    http.route: api/Auth/register
    http.response.status_code: 200
Resource associated with Activity:
    deployment.environment: Testing
    service.name: Crud.Api
    service.version: 1.0.0
    service.instance.id: 10e2e254-224c-48e1-a2d2-8bbb5483cf26
    telemetry.sdk.name: opentelemetry
    telemetry.sdk.language: dotnet
    telemetry.sdk.version: 1.8.1
[06:33:43 DBG] Cache miss for key: list:wall {"SourceContext": "Infrastructure.Services.Caching.InMemoryCacheService", "ActionId": "42b06d57-3bbc-4db1-909d-a725182805bf", "ActionName": "Api.Controllers.WallsController.List (Api)", "RequestId": "0HNFGVK4NGCOB", "RequestPath": "/api/walls", "Application": "Crud.Api"}
[06:33:43 DBG] Set cache value for key: list:wall {"SourceContext": "Infrastructure.Services.Caching.InMemoryCacheService", "ActionId": "42b06d57-3bbc-4db1-909d-a725182805bf", "ActionName": "Api.Controllers.WallsController.List (Api)", "RequestId": "0HNFGVK4NGCOB", "RequestPath": "/api/walls", "Application": "Crud.Api"}
Activity.TraceId:            4fd1be0b73161b28fe574207d2e00440
Activity.SpanId:             8ff86f9098d191b1
Activity.TraceFlags:         Recorded
Activity.ActivitySourceName: Microsoft.AspNetCore
Activity.DisplayName:        GET api/Walls
Activity.Kind:               Server
Activity.StartTime:          2025-09-11T06:33:43.8241437Z
Activity.Duration:           00:00:00.0023063
Activity.Tags:
    server.address: localhost
    http.request.method: GET
    url.scheme: http
    url.path: /api/walls
    network.protocol.version: 1.1
    http.route: api/Walls
    http.response.status_code: 200
Resource associated with Activity:
    deployment.environment: Testing
    service.name: Crud.Api
    service.version: 1.0.0
    service.instance.id: 10e2e254-224c-48e1-a2d2-8bbb5483cf26
    telemetry.sdk.name: opentelemetry
    telemetry.sdk.language: dotnet
    telemetry.sdk.version: 1.8.1
[06:33:44 INF] User registered successfully: b7dcce25-e1a7-48ad-9d6b-d1ff23659351 {"SourceContext": "App.Features.Authentication.RegisterUserCommandHandler", "ActionId": "d5532699-b1b8-480b-befb-4a7cac8045ee", "ActionName": "Api.Controllers.AuthController.Register (Api)", "RequestId": "0HNFGVK4NGCOC", "RequestPath": "/api/auth/register", "Application": "Crud.Api"}
Activity.TraceId:            d899a261f6304dba46c0fb9097b9cf45
Activity.SpanId:             696687c0413b4bf9
Activity.TraceFlags:         Recorded
Activity.ActivitySourceName: Microsoft.AspNetCore
Activity.DisplayName:        POST api/Auth/register
Activity.Kind:               Server
Activity.StartTime:          2025-09-11T06:33:43.8281663Z
Activity.Duration:           00:00:00.2993989
Activity.Tags:
    server.address: localhost
    http.request.method: POST
    url.scheme: http
    url.path: /api/auth/register
    network.protocol.version: 1.1
    http.route: api/Auth/register
    http.response.status_code: 200
Resource associated with Activity:
    deployment.environment: Testing
    service.name: Crud.Api
    service.version: 1.0.0
    service.instance.id: 10e2e254-224c-48e1-a2d2-8bbb5483cf26
    telemetry.sdk.name: opentelemetry
    telemetry.sdk.language: dotnet
    telemetry.sdk.version: 1.8.1
[06:33:44 DBG] Cache miss for key: list:role {"SourceContext": "Infrastructure.Services.Caching.InMemoryCacheService", "ActionId": "88685ef5-311a-4f15-a3c6-eab8f439921b", "ActionName": "Api.Controllers.RolesController.List (Api)", "RequestId": "0HNFGVK4NGCOD", "RequestPath": "/api/roles", "Application": "Crud.Api"}
[06:33:44 DBG] Set cache value for key: list:role {"SourceContext": "Infrastructure.Services.Caching.InMemoryCacheService", "ActionId": "88685ef5-311a-4f15-a3c6-eab8f439921b", "ActionName": "Api.Controllers.RolesController.List (Api)", "RequestId": "0HNFGVK4NGCOD", "RequestPath": "/api/roles", "Application": "Crud.Api"}
Activity.TraceId:            40be7ef1baa79a3a0b5b4c9278bd1124
Activity.SpanId:             2b47d874d692f3e0
Activity.TraceFlags:         Recorded
Activity.ActivitySourceName: Microsoft.AspNetCore
Activity.DisplayName:        GET api/Roles
Activity.Kind:               Server
Activity.StartTime:          2025-09-11T06:33:44.1288913Z
Activity.Duration:           00:00:00.0012342
Activity.Tags:
    server.address: localhost
    http.request.method: GET
    url.scheme: http
    url.path: /api/roles
    network.protocol.version: 1.1
    http.route: api/Roles
    http.response.status_code: 200
Resource associated with Activity:
    deployment.environment: Testing
    service.name: Crud.Api
    service.version: 1.0.0
    service.instance.id: 10e2e254-224c-48e1-a2d2-8bbb5483cf26
    telemetry.sdk.name: opentelemetry
    telemetry.sdk.language: dotnet
    telemetry.sdk.version: 1.8.1
[06:33:44 INF] User registered successfully: dccbf5d4-ab3e-40c5-ac5b-96d039121f04 {"SourceContext": "App.Features.Authentication.RegisterUserCommandHandler", "ActionId": "d5532699-b1b8-480b-befb-4a7cac8045ee", "ActionName": "Api.Controllers.AuthController.Register (Api)", "RequestId": "0HNFGVK4NGCOE", "RequestPath": "/api/auth/register", "Application": "Crud.Api"}
Activity.TraceId:            8dd72367c70358639c00f5aac1169f33
Activity.SpanId:             e9f70edd3853d8d4
Activity.TraceFlags:         Recorded
Activity.ActivitySourceName: Microsoft.AspNetCore
Activity.DisplayName:        POST api/Auth/register
Activity.Kind:               Server
Activity.StartTime:          2025-09-11T06:33:44.1320252Z
Activity.Duration:           00:00:00.2965474
Activity.Tags:
    server.address: localhost
    http.request.method: POST
    url.scheme: http
    url.path: /api/auth/register
    network.protocol.version: 1.1
    http.route: api/Auth/register
    http.response.status_code: 200
Resource associated with Activity:
    deployment.environment: Testing
    service.name: Crud.Api
    service.version: 1.0.0
    service.instance.id: 10e2e254-224c-48e1-a2d2-8bbb5483cf26
    telemetry.sdk.name: opentelemetry
    telemetry.sdk.language: dotnet
    telemetry.sdk.version: 1.8.1
[06:33:44 DBG] Cache hit for key: list:role {"SourceContext": "Infrastructure.Services.Caching.InMemoryCacheService", "ActionId": "88685ef5-311a-4f15-a3c6-eab8f439921b", "ActionName": "Api.Controllers.RolesController.List (Api)", "RequestId": "0HNFGVK4NGCOF", "RequestPath": "/api/roles", "Application": "Crud.Api"}
Activity.TraceId:            5d30d5a176e717308e7f6a972baeba1b
Activity.SpanId:             6a32ce4805eba4a5
Activity.TraceFlags:         Recorded
Activity.ActivitySourceName: Microsoft.AspNetCore
Activity.DisplayName:        GET api/Roles
Activity.Kind:               Server
Activity.StartTime:          2025-09-11T06:33:44.4302604Z
Activity.Duration:           00:00:00.0017560
Activity.Tags:
    server.address: localhost
    http.request.method: GET
    url.scheme: http
    url.path: /api/roles
    network.protocol.version: 1.1
    http.route: api/Roles
    http.response.status_code: 200
Resource associated with Activity:
    deployment.environment: Testing
    service.name: Crud.Api
    service.version: 1.0.0
    service.instance.id: 10e2e254-224c-48e1-a2d2-8bbb5483cf26
    telemetry.sdk.name: opentelemetry
    telemetry.sdk.language: dotnet
    telemetry.sdk.version: 1.8.1
[06:33:44 INF] User registered successfully: e52f2a7c-e619-4027-87c0-6b3dc9d168fc {"SourceContext": "App.Features.Authentication.RegisterUserCommandHandler", "ActionId": "d5532699-b1b8-480b-befb-4a7cac8045ee", "ActionName": "Api.Controllers.AuthController.Register (Api)", "RequestId": "0HNFGVK4NGCOG", "RequestPath": "/api/auth/register", "Application": "Crud.Api"}
Activity.TraceId:            ffa8ff2042f2cf4b6bf67c79704fc806
Activity.SpanId:             a85968a872c9df71
Activity.TraceFlags:         Recorded
Activity.ActivitySourceName: Microsoft.AspNetCore
Activity.DisplayName:        POST api/Auth/register
Activity.Kind:               Server
Activity.StartTime:          2025-09-11T06:33:44.4342533Z
Activity.Duration:           00:00:00.2971660
Activity.Tags:
    server.address: localhost
    http.request.method: POST
    url.scheme: http
    url.path: /api/auth/register
    network.protocol.version: 1.1
    http.route: api/Auth/register
    http.response.status_code: 200
Resource associated with Activity:
    deployment.environment: Testing
    service.name: Crud.Api
    service.version: 1.0.0
    service.instance.id: 10e2e254-224c-48e1-a2d2-8bbb5483cf26
    telemetry.sdk.name: opentelemetry
    telemetry.sdk.language: dotnet
    telemetry.sdk.version: 1.8.1
[06:33:44 DBG] Cache hit for key: list:role {"SourceContext": "Infrastructure.Services.Caching.InMemoryCacheService", "ActionId": "88685ef5-311a-4f15-a3c6-eab8f439921b", "ActionName": "Api.Controllers.RolesController.List (Api)", "RequestId": "0HNFGVK4NGCOH", "RequestPath": "/api/roles", "Application": "Crud.Api"}
Activity.TraceId:            a94e4d3dabfb1e922ef2e187f726acfa
Activity.SpanId:             1859bc9a0fae69d4
Activity.TraceFlags:         Recorded
Activity.ActivitySourceName: Microsoft.AspNetCore
Activity.DisplayName:        GET api/Roles
Activity.Kind:               Server
Activity.StartTime:          2025-09-11T06:33:44.7325488Z
Activity.Duration:           00:00:00.0006096
Activity.Tags:
    server.address: localhost
    http.request.method: GET
    url.scheme: http
    url.path: /api/roles
    network.protocol.version: 1.1
    http.route: api/Roles
    http.response.status_code: 200
Resource associated with Activity:
    deployment.environment: Testing
    service.name: Crud.Api
    service.version: 1.0.0
    service.instance.id: 10e2e254-224c-48e1-a2d2-8bbb5483cf26
    telemetry.sdk.name: opentelemetry
    telemetry.sdk.language: dotnet
    telemetry.sdk.version: 1.8.1
[06:33:45 INF] User registered successfully: 4b6a4724-e4ab-4846-991f-ce33be4f3cf2 {"SourceContext": "App.Features.Authentication.RegisterUserCommandHandler", "ActionId": "d5532699-b1b8-480b-befb-4a7cac8045ee", "ActionName": "Api.Controllers.AuthController.Register (Api)", "RequestId": "0HNFGVK4NGCOI", "RequestPath": "/api/auth/register", "Application": "Crud.Api"}
Activity.TraceId:            5ea81c7d7d1fb119bab32705756ad636
Activity.SpanId:             b57d05ecff3bad08
Activity.TraceFlags:         Recorded
Activity.ActivitySourceName: Microsoft.AspNetCore
Activity.DisplayName:        POST api/Auth/register
Activity.Kind:               Server
Activity.StartTime:          2025-09-11T06:33:44.7350890Z
Activity.Duration:           00:00:00.2966514
Activity.Tags:
    server.address: localhost
    http.request.method: POST
    url.scheme: http
    url.path: /api/auth/register
    network.protocol.version: 1.1
    http.route: api/Auth/register
    http.response.status_code: 200
Resource associated with Activity:
    deployment.environment: Testing
    service.name: Crud.Api
    service.version: 1.0.0
    service.instance.id: 10e2e254-224c-48e1-a2d2-8bbb5483cf26
    telemetry.sdk.name: opentelemetry
    telemetry.sdk.language: dotnet
    telemetry.sdk.version: 1.8.1
[06:33:45 INF] User logged in successfully: 4b6a4724-e4ab-4846-991f-ce33be4f3cf2 {"SourceContext": "App.Features.Authentication.LoginCommandHandler", "ActionId": "7cce7b7d-038a-4ca0-abae-18713d245d12", "ActionName": "Api.Controllers.AuthController.Login (Api)", "RequestId": "0HNFGVK4NGCOJ", "RequestPath": "/api/auth/login", "Application": "Crud.Api"}
Activity.TraceId:            c7732dece883c46d4cb9d610cc78ba2d
Activity.SpanId:             85e9c5ad4a1fc4d4
Activity.TraceFlags:         Recorded
Activity.ActivitySourceName: Microsoft.AspNetCore
Activity.DisplayName:        POST api/Auth/login
Activity.Kind:               Server
Activity.StartTime:          2025-09-11T06:33:45.0332634Z
Activity.Duration:           00:00:00.2964181
Activity.Tags:
    server.address: localhost
    http.request.method: POST
    url.scheme: http
    url.path: /api/auth/login
    network.protocol.version: 1.1
    http.route: api/Auth/login
    http.response.status_code: 200
Resource associated with Activity:
    deployment.environment: Testing
    service.name: Crud.Api
    service.version: 1.0.0
    service.instance.id: 10e2e254-224c-48e1-a2d2-8bbb5483cf26
    telemetry.sdk.name: opentelemetry
    telemetry.sdk.language: dotnet
    telemetry.sdk.version: 1.8.1
Activity.TraceId:            68dd1ab61da3fec0d7f89c4befba98c5
Activity.SpanId:             d38f404372d2a11f
Activity.TraceFlags:         Recorded
Activity.ActivitySourceName: Microsoft.AspNetCore
Activity.DisplayName:        PATCH
Activity.Kind:               Server
Activity.StartTime:          2025-09-11T06:33:45.3309476Z
Activity.Duration:           00:00:00.0004125
Activity.Tags:
    server.address: localhost
    http.request.method: PATCH
    url.scheme: http
    url.path: /api/roles
    network.protocol.version: 1.1
    http.response.status_code: 405
Resource associated with Activity:
    deployment.environment: Testing
    service.name: Crud.Api
    service.version: 1.0.0
    service.instance.id: 10e2e254-224c-48e1-a2d2-8bbb5483cf26
    telemetry.sdk.name: opentelemetry
    telemetry.sdk.language: dotnet
    telemetry.sdk.version: 1.8.1
[06:33:45 INF] User registered successfully: f4b5d1df-ebaf-43f8-862a-9a1a638fbd55 {"SourceContext": "App.Features.Authentication.RegisterUserCommandHandler", "ActionId": "d5532699-b1b8-480b-befb-4a7cac8045ee", "ActionName": "Api.Controllers.AuthController.Register (Api)", "RequestId": "0HNFGVK4NGCOL", "RequestPath": "/api/auth/register", "Application": "Crud.Api"}
Activity.TraceId:            701c19b7e8cfd238a3393ae5f3dd371d
Activity.SpanId:             77023eaa04203be3
Activity.TraceFlags:         Recorded
Activity.ActivitySourceName: Microsoft.AspNetCore
Activity.DisplayName:        POST api/Auth/register
Activity.Kind:               Server
Activity.StartTime:          2025-09-11T06:33:45.3331398Z
Activity.Duration:           00:00:00.2963880
Activity.Tags:
    server.address: localhost
    http.request.method: POST
    url.scheme: http
    url.path: /api/auth/register
    network.protocol.version: 1.1
    http.route: api/Auth/register
    http.response.status_code: 200
Resource associated with Activity:
    deployment.environment: Testing
    service.name: Crud.Api
    service.version: 1.0.0
    service.instance.id: 10e2e254-224c-48e1-a2d2-8bbb5483cf26
    telemetry.sdk.name: opentelemetry
    telemetry.sdk.language: dotnet
    telemetry.sdk.version: 1.8.1
[06:33:45 INF] User logged in successfully: f4b5d1df-ebaf-43f8-862a-9a1a638fbd55 {"SourceContext": "App.Features.Authentication.LoginCommandHandler", "ActionId": "7cce7b7d-038a-4ca0-abae-18713d245d12", "ActionName": "Api.Controllers.AuthController.Login (Api)", "RequestId": "0HNFGVK4NGCOM", "RequestPath": "/api/auth/login", "Application": "Crud.Api"}
Activity.TraceId:            79f2d7aea7086dde5290149e534624bf
Activity.SpanId:             df667d30f606ea8c
Activity.TraceFlags:         Recorded
Activity.ActivitySourceName: Microsoft.AspNetCore
Activity.DisplayName:        POST api/Auth/login
Activity.Kind:               Server
Activity.StartTime:          2025-09-11T06:33:45.6328391Z
Activity.Duration:           00:00:00.3003029
Activity.Tags:
    server.address: localhost
    http.request.method: POST
    url.scheme: http
    url.path: /api/auth/login
    network.protocol.version: 1.1
    http.route: api/Auth/login
    http.response.status_code: 200
Resource associated with Activity:
    deployment.environment: Testing
    service.name: Crud.Api
    service.version: 1.0.0
    service.instance.id: 10e2e254-224c-48e1-a2d2-8bbb5483cf26
    telemetry.sdk.name: opentelemetry
    telemetry.sdk.language: dotnet
    telemetry.sdk.version: 1.8.1
Activity.TraceId:            0588c231d04a7a7a1ddb338f021e3a09
Activity.SpanId:             f16e1e0c7fc92c35
Activity.TraceFlags:         Recorded
Activity.ActivitySourceName: Microsoft.AspNetCore
Activity.DisplayName:        POST api/Roles
Activity.Kind:               Server
Activity.StartTime:          2025-09-11T06:33:45.9344165Z
Activity.Duration:           00:00:00.0032237
Activity.Tags:
    server.address: localhost
    http.request.method: POST
    url.scheme: http
    url.path: /api/roles
    network.protocol.version: 1.1
    http.route: api/Roles
    http.response.status_code: 400
Resource associated with Activity:
    deployment.environment: Testing
    service.name: Crud.Api
    service.version: 1.0.0
    service.instance.id: 10e2e254-224c-48e1-a2d2-8bbb5483cf26
    telemetry.sdk.name: opentelemetry
    telemetry.sdk.language: dotnet
    telemetry.sdk.version: 1.8.1
[06:33:46 INF] User registered successfully: b6617216-981d-491b-8e71-7e80b5d1a364 {"SourceContext": "App.Features.Authentication.RegisterUserCommandHandler", "ActionId": "d5532699-b1b8-480b-befb-4a7cac8045ee", "ActionName": "Api.Controllers.AuthController.Register (Api)", "RequestId": "0HNFGVK4NGCOO", "RequestPath": "/api/auth/register", "Application": "Crud.Api"}
Activity.TraceId:            ea3d8ce582bd7d10b9fd12f44a518b94
Activity.SpanId:             8fa37cc2676e5db5
Activity.TraceFlags:         Recorded
Activity.ActivitySourceName: Microsoft.AspNetCore
Activity.DisplayName:        POST api/Auth/register
Activity.Kind:               Server
Activity.StartTime:          2025-09-11T06:33:45.9394335Z
Activity.Duration:           00:00:00.2968592
Activity.Tags:
    server.address: localhost
    http.request.method: POST
    url.scheme: http
    url.path: /api/auth/register
    network.protocol.version: 1.1
    http.route: api/Auth/register
    http.response.status_code: 200
Resource associated with Activity:
    deployment.environment: Testing
    service.name: Crud.Api
    service.version: 1.0.0
    service.instance.id: 10e2e254-224c-48e1-a2d2-8bbb5483cf26
    telemetry.sdk.name: opentelemetry
    telemetry.sdk.language: dotnet
    telemetry.sdk.version: 1.8.1
[06:33:46 INF] User logged in successfully: b6617216-981d-491b-8e71-7e80b5d1a364 {"SourceContext": "App.Features.Authentication.LoginCommandHandler", "ActionId": "7cce7b7d-038a-4ca0-abae-18713d245d12", "ActionName": "Api.Controllers.AuthController.Login (Api)", "RequestId": "0HNFGVK4NGCOP", "RequestPath": "/api/auth/login", "Application": "Crud.Api"}
Activity.TraceId:            e3b053d64341c68a92655e2d4d86efd3
Activity.SpanId:             1ed2c7d6a0f3713c
Activity.TraceFlags:         Recorded
Activity.ActivitySourceName: Microsoft.AspNetCore
Activity.DisplayName:        POST api/Auth/login
Activity.Kind:               Server
Activity.StartTime:          2025-09-11T06:33:46.2378697Z
Activity.Duration:           00:00:00.2974410
Activity.Tags:
    server.address: localhost
    http.request.method: POST
    url.scheme: http
    url.path: /api/auth/login
    network.protocol.version: 1.1
    http.route: api/Auth/login
    http.response.status_code: 200
Resource associated with Activity:
    deployment.environment: Testing
    service.name: Crud.Api
    service.version: 1.0.0
    service.instance.id: 10e2e254-224c-48e1-a2d2-8bbb5483cf26
    telemetry.sdk.name: opentelemetry
    telemetry.sdk.language: dotnet
    telemetry.sdk.version: 1.8.1
[06:33:46 ERR] An unhandled exception occurred during request POST /api/roles. Request ID: 0HNFGVK4NGCOQ, User: Anonymous {"SourceContext": "Api.Middleware.GlobalExceptionHandlingMiddleware", "RequestPath": "/api/roles", "Application": "Crud.Api"}
FluentValidation.ValidationException: Validation failed: 
 -- Description: Description cannot exceed 500 characters Severity: Error
   at App.Behaviors.ValidationBehavior`2.Handle(TRequest request, RequestHandlerDelegate`1 next, CancellationToken cancellationToken) in /home/runner/work/Crud/Crud/src/App/Behaviors/ValidationBehavior.cs:line 39
   at Api.Controllers.RolesController.Create(CreateRoleRequest request, CancellationToken ct) in /home/runner/work/Crud/Crud/src/Api/Controllers/RolesController.cs:line 87
   at lambda_method1745(Closure, Object)
   at Microsoft.AspNetCore.Mvc.Infrastructure.ActionMethodExecutor.AwaitableObjectResultExecutor.Execute(ActionContext actionContext, IActionResultTypeMapper mapper, ObjectMethodExecutor executor, Object controller, Object[] arguments)
   at Microsoft.AspNetCore.Mvc.Infrastructure.ControllerActionInvoker.&lt;InvokeActionMethodAsync&gt;g__Logged|12_1(ControllerActionInvoker invoker)
   at Microsoft.AspNetCore.Mvc.Infrastructure.ControllerActionInvoker.&lt;InvokeNextActionFilterAsync&gt;g__Awaited|10_0(ControllerActionInvoker invoker, Task lastTask, State next, Scope scope, Object state, Boolean isCompleted)
   at Microsoft.AspNetCore.Mvc.Infrastructure.ControllerActionInvoker.Rethrow(ActionExecutedContextSealed context)
   at Microsoft.AspNetCore.Mvc.Infrastructure.ControllerActionInvoker.Next(State&amp; next, Scope&amp; scope, Object&amp; state, Boolean&amp; isCompleted)
   at Microsoft.AspNetCore.Mvc.Infrastructure.ControllerActionInvoker.InvokeInnerFilterAsync()
--- End of stack trace from previous location ---
   at Microsoft.AspNetCore.Mvc.Infrastructure.ResourceInvoker.&lt;InvokeFilterPipelineAsync&gt;g__Awaited|20_0(ResourceInvoker invoker, Task lastTask, State next, Scope scope, Object state, Boolean isCompleted)
   at Microsoft.AspNetCore.Mvc.Infrastructure.ResourceInvoker.&lt;InvokeAsync&gt;g__Logged|17_1(ResourceInvoker invoker)
   at Microsoft.AspNetCore.Mvc.Infrastructure.ResourceInvoker.&lt;InvokeAsync&gt;g__Logged|17_1(ResourceInvoker invoker)
   at Api.Middleware.ConditionalRequestMiddleware.InvokeAsync(HttpContext context) in /home/runner/work/Crud/Crud/src/Api/Middleware/ConditionalRequestMiddleware.cs:line 31
   at Microsoft.AspNetCore.Authorization.AuthorizationMiddleware.Invoke(HttpContext context)
   at Microsoft.AspNetCore.Authentication.AuthenticationMiddleware.Invoke(HttpContext context)
   at Microsoft.AspNetCore.RateLimiting.RateLimitingMiddleware.InvokeInternal(HttpContext context, EnableRateLimitingAttribute enableRateLimitingAttribute)
   at Api.Middleware.GlobalExceptionHandlingMiddleware.InvokeAsync(HttpContext context) in /home/runner/work/Crud/Crud/src/Api/Middleware/GlobalExceptionHandlingMiddleware.cs:line 27
Activity.TraceId:            33f41a16375bcff8dc12852480bd34bc
Activity.SpanId:             104eb532ab0f84d4
Activity.TraceFlags:         Recorded
Activity.ActivitySourceName: Microsoft.AspNetCore
Activity.DisplayName:        POST api/Roles
Activity.Kind:               Server
Activity.StartTime:          2025-09-11T06:33:46.5364984Z
Activity.Duration:           00:00:00.0032980
Activity.Tags:
    server.address: localhost
    http.request.method: POST
    url.scheme: http
    url.path: /api/roles
    network.protocol.version: 1.1
    http.route: api/Roles
    http.response.status_code: 400
Resource associated with Activity:
    deployment.environment: Testing
    service.name: Crud.Api
    service.version: 1.0.0
    service.instance.id: 10e2e254-224c-48e1-a2d2-8bbb5483cf26
    telemetry.sdk.name: opentelemetry
    telemetry.sdk.language: dotnet
    telemetry.sdk.version: 1.8.1
[06:33:46 INF] Resetting database for worker 20026 {"SourceContext": "Infrastructure.Services.DatabaseTestService", "Application": "Crud.Api"}
[06:33:46 INF] Resetting database via file deletion for worker 20026 in CI environment {"SourceContext": "Infrastructure.Services.DatabaseTestService", "Application": "Crud.Api"}
[06:33:46 INF] Acquiring database mutex for worker 20026... {"SourceContext": "Infrastructure.Services.DatabaseTestService", "Application": "Crud.Api"}
[06:33:46 INF] Database mutex acquired for worker 20026 {"SourceContext": "Infrastructure.Services.DatabaseTestService", "Application": "Crud.Api"}
[06:33:46 INF] Current database state - CanConnect: True {"SourceContext": "Infrastructure.Services.DatabaseTestService", "Application": "Crud.Api"}
[06:33:46 INF] [Phase 0] Closing database connection for worker 20026... {"SourceContext": "Infrastructure.Services.DatabaseTestService", "Application": "Crud.Api"}
[06:33:46 INF] [Phase 0] Connection closed in 0.0006ms {"SourceContext": "Infrastructure.Services.DatabaseTestService", "Application": "Crud.Api"}
[06:33:46 INF] [Phase 1] Starting EnsureDeletedAsync for worker 20026... {"SourceContext": "Infrastructure.Services.DatabaseTestService", "Application": "Crud.Api"}
[06:33:46 INF] [Phase 1] EnsureDeletedAsync completed in 1.5692ms {"SourceContext": "Infrastructure.Services.DatabaseTestService", "Application": "Crud.Api"}
[06:33:46 INF] [Phase 2] Starting EnsureCreatedAsync for worker 20026... {"SourceContext": "Infrastructure.Services.DatabaseTestService", "Application": "Crud.Api"}
[06:33:46 INF] [Phase 2] EnsureCreatedAsync completed in 7.8212ms {"SourceContext": "Infrastructure.Services.DatabaseTestService", "Application": "Crud.Api"}
[06:33:46 INF] [Phase 3] Skipping database seeding as requested for worker 20026 {"SourceContext": "Infrastructure.Services.DatabaseTestService", "Application": "Crud.Api"}
[06:33:46 INF] Database reset via file deletion completed for worker 20026 in 109.5088ms (Close: 0.0006ms, Delete: 1.5692ms, Create: 7.8212ms) {"SourceContext": "Infrastructure.Services.DatabaseTestService", "Application": "Crud.Api"}
[06:33:46 INF] Releasing database mutex for worker 20026 {"SourceContext": "Infrastructure.Services.DatabaseTestService", "Application": "Crud.Api"}
[06:33:47 INF] User registered successfully: 21e691a5-7b86-4158-aad6-209ab015fe50 {"SourceContext": "App.Features.Authentication.RegisterUserCommandHandler", "ActionId": "d5532699-b1b8-480b-befb-4a7cac8045ee", "ActionName": "Api.Controllers.AuthController.Register (Api)", "RequestId": "0HNFGVK4NGCOS", "RequestPath": "/api/auth/register", "Application": "Crud.Api"}
Activity.TraceId:            05f7d6f1d428cc312a6daa76d713e8a8
Activity.SpanId:             522d4ad728bd0053
Activity.TraceFlags:         Recorded
Activity.ActivitySourceName: Microsoft.AspNetCore
Activity.DisplayName:        POST api/Auth/register
Activity.Kind:               Server
Activity.StartTime:          2025-09-11T06:33:46.6532576Z
Activity.Duration:           00:00:00.3731554
Activity.Tags:
    server.address: localhost
    http.request.method: POST
    url.scheme: http
    url.path: /api/auth/register
    network.protocol.version: 1.1
    http.route: api/Auth/register
    http.response.status_code: 200
Resource associated with Activity:
    deployment.environment: Testing
    service.name: Crud.Api
    service.version: 1.0.0
    service.instance.id: 10e2e254-224c-48e1-a2d2-8bbb5483cf26
    telemetry.sdk.name: opentelemetry
    telemetry.sdk.language: dotnet
    telemetry.sdk.version: 1.8.1
[06:33:47 INF] User registered successfully: bfc35b17-121a-44e7-bae9-3a8a6c54538d {"SourceContext": "App.Features.Authentication.RegisterUserCommandHandler", "ActionId": "d5532699-b1b8-480b-befb-4a7cac8045ee", "ActionName": "Api.Controllers.AuthController.Register (Api)", "RequestId": "0HNFGVK4NGCOR", "RequestPath": "/api/auth/register", "Application": "Crud.Api"}
Activity.TraceId:            ef085ff57e75ef1aee3dcd9c26a670eb
Activity.SpanId:             b1abc1a22d128480
Activity.TraceFlags:         Recorded
Activity.ActivitySourceName: Microsoft.AspNetCore
Activity.DisplayName:        POST api/Auth/register
Activity.Kind:               Server
Activity.StartTime:          2025-09-11T06:33:46.6532391Z
Activity.Duration:           00:00:00.3853519
Activity.Tags:
    server.address: localhost
    http.request.method: POST
    url.scheme: http
    url.path: /api/auth/register
    network.protocol.version: 1.1
    http.route: api/Auth/register
    http.response.status_code: 200
Resource associated with Activity:
    deployment.environment: Testing
    service.name: Crud.Api
    service.version: 1.0.0
    service.instance.id: 10e2e254-224c-48e1-a2d2-8bbb5483cf26
    telemetry.sdk.name: opentelemetry
    telemetry.sdk.language: dotnet
    telemetry.sdk.version: 1.8.1
[06:33:47 INF] User registered successfully: c0a35d53-8c03-445a-b66b-2a80ce653e72 {"SourceContext": "App.Features.Authentication.RegisterUserCommandHandler", "ActionId": "d5532699-b1b8-480b-befb-4a7cac8045ee", "ActionName": "Api.Controllers.AuthController.Register (Api)", "RequestId": "0HNFGVK4NGCOT", "RequestPath": "/api/auth/register", "Application": "Crud.Api"}
Activity.TraceId:            d4757a07b9e675c3ad12ab86c0b59e0d
Activity.SpanId:             17a48769361ec2e6
Activity.TraceFlags:         Recorded
Activity.ActivitySourceName: Microsoft.AspNetCore
Activity.DisplayName:        POST api/Auth/register
Activity.Kind:               Server
Activity.StartTime:          2025-09-11T06:33:46.6532712Z
Activity.Duration:           00:00:00.5237787
Activity.Tags:
    server.address: localhost
    http.request.method: POST
    url.scheme: http
    url.path: /api/auth/register
    network.protocol.version: 1.1
    http.route: api/Auth/register
    http.response.status_code: 200
Resource associated with Activity:
    deployment.environment: Testing
    service.name: Crud.Api
    service.version: 1.0.0
    service.instance.id: 10e2e254-224c-48e1-a2d2-8bbb5483cf26
    telemetry.sdk.name: opentelemetry
    telemetry.sdk.language: dotnet
    telemetry.sdk.version: 1.8.1
[06:33:47 INF] User registered successfully: e0d62578-cb95-414f-ae47-00c0f5f3b5a6 {"SourceContext": "App.Features.Authentication.RegisterUserCommandHandler", "ActionId": "d5532699-b1b8-480b-befb-4a7cac8045ee", "ActionName": "Api.Controllers.AuthController.Register (Api)", "RequestId": "0HNFGVK4NGCOV", "RequestPath": "/api/auth/register", "Application": "Crud.Api"}
Activity.TraceId:            bb0349fb85a3902b69ffe88d54e3ab2a
Activity.SpanId:             604efaa9876052a9
Activity.TraceFlags:         Recorded
Activity.ActivitySourceName: Microsoft.AspNetCore
Activity.DisplayName:        POST api/Auth/register
Activity.Kind:               Server
Activity.StartTime:          2025-09-11T06:33:47.0275215Z
Activity.Duration:           00:00:00.2978195
Activity.Tags:
    server.address: localhost
    http.request.method: POST
    url.scheme: http
    url.path: /api/auth/register
    network.protocol.version: 1.1
    http.route: api/Auth/register
    http.response.status_code: 200
Resource associated with Activity:
    deployment.environment: Testing
    service.name: Crud.Api
    service.version: 1.0.0
    service.instance.id: 10e2e254-224c-48e1-a2d2-8bbb5483cf26
    telemetry.sdk.name: opentelemetry
    telemetry.sdk.language: dotnet
    telemetry.sdk.version: 1.8.1
[06:33:47 INF] User registered successfully: 7d05c6a5-67ff-43b6-b778-39184126d0ca {"SourceContext": "App.Features.Authentication.RegisterUserCommandHandler", "ActionId": "d5532699-b1b8-480b-befb-4a7cac8045ee", "ActionName": "Api.Controllers.AuthController.Register (Api)", "RequestId": "0HNFGVK4NGCP0", "RequestPath": "/api/auth/register", "Application": "Crud.Api"}
Activity.TraceId:            2e76b15aa3da925ea709cd9dd3e3ba89
Activity.SpanId:             3e061c76a7ccb847
Activity.TraceFlags:         Recorded
Activity.ActivitySourceName: Microsoft.AspNetCore
Activity.DisplayName:        POST api/Auth/register
Activity.Kind:               Server
Activity.StartTime:          2025-09-11T06:33:47.0399439Z
Activity.Duration:           00:00:00.3358468
Activity.Tags:
    server.address: localhost
    http.request.method: POST
    url.scheme: http
    url.path: /api/auth/register
    network.protocol.version: 1.1
    http.route: api/Auth/register
    http.response.status_code: 200
Resource associated with Activity:
    deployment.environment: Testing
    service.name: Crud.Api
    service.version: 1.0.0
    service.instance.id: 10e2e254-224c-48e1-a2d2-8bbb5483cf26
    telemetry.sdk.name: opentelemetry
    telemetry.sdk.language: dotnet
    telemetry.sdk.version: 1.8.1
[06:33:47 INF] User registered successfully: da0e070b-5863-46b8-b9e3-30cf4656025c {"SourceContext": "App.Features.Authentication.RegisterUserCommandHandler", "ActionId": "d5532699-b1b8-480b-befb-4a7cac8045ee", "ActionName": "Api.Controllers.AuthController.Register (Api)", "RequestId": "0HNFGVK4NGCOU", "RequestPath": "/api/auth/register", "Application": "Crud.Api"}
Activity.TraceId:            cf98f8cef6a5c2a6e9519f8639e00de0
Activity.SpanId:             0614e94c8cfaadbd
Activity.TraceFlags:         Recorded
Activity.ActivitySourceName: Microsoft.AspNetCore
Activity.DisplayName:        POST api/Auth/register
Activity.Kind:               Server
Activity.StartTime:          2025-09-11T06:33:46.6541766Z
Activity.Duration:           00:00:00.8237719
Activity.Tags:
    server.address: localhost
    http.request.method: POST
    url.scheme: http
    url.path: /api/auth/register
    network.protocol.version: 1.1
    http.route: api/Auth/register
    http.response.status_code: 200
Resource associated with Activity:
    deployment.environment: Testing
    service.name: Crud.Api
    service.version: 1.0.0
    service.instance.id: 10e2e254-224c-48e1-a2d2-8bbb5483cf26
    telemetry.sdk.name: opentelemetry
    telemetry.sdk.language: dotnet
    telemetry.sdk.version: 1.8.1
[06:33:47 INF] User registered successfully: e9803738-1ca7-4ea4-abff-72b8321730be {"SourceContext": "App.Features.Authentication.RegisterUserCommandHandler", "ActionId": "d5532699-b1b8-480b-befb-4a7cac8045ee", "ActionName": "Api.Controllers.AuthController.Register (Api)", "RequestId": "0HNFGVK4NGCP1", "RequestPath": "/api/auth/register", "Application": "Crud.Api"}
Activity.TraceId:            463827a9161bce9b40c2921b9aafb8e7
Activity.SpanId:             69a86bfb88ade092
Activity.TraceFlags:         Recorded
Activity.ActivitySourceName: Microsoft.AspNetCore
Activity.DisplayName:        POST api/Auth/register
Activity.Kind:               Server
Activity.StartTime:          2025-09-11T06:33:47.1783006Z
Activity.Duration:           00:00:00.3445838
Activity.Tags:
    server.address: localhost
    http.request.method: POST
    url.scheme: http
    url.path: /api/auth/register
    network.protocol.version: 1.1
    http.route: api/Auth/register
    http.response.status_code: 200
Resource associated with Activity:
    deployment.environment: Testing
    service.name: Crud.Api
    service.version: 1.0.0
    service.instance.id: 10e2e254-224c-48e1-a2d2-8bbb5483cf26
    telemetry.sdk.name: opentelemetry
    telemetry.sdk.language: dotnet
    telemetry.sdk.version: 1.8.1
[06:33:47 INF] User registered successfully: 9ebaaaa9-b367-47ab-ad14-ad1bf099c2f2 {"SourceContext": "App.Features.Authentication.RegisterUserCommandHandler", "ActionId": "d5532699-b1b8-480b-befb-4a7cac8045ee", "ActionName": "Api.Controllers.AuthController.Register (Api)", "RequestId": "0HNFGVK4NGCP2", "RequestPath": "/api/auth/register", "Application": "Crud.Api"}
Activity.TraceId:            cdf2e90ec3258a9a683ee0a538e59b89
Activity.SpanId:             7211a46039fe15a9
Activity.TraceFlags:         Recorded
Activity.ActivitySourceName: Microsoft.AspNetCore
Activity.DisplayName:        POST api/Auth/register
Activity.Kind:               Server
Activity.StartTime:          2025-09-11T06:33:47.3271733Z
Activity.Duration:           00:00:00.2977845
Activity.Tags:
    server.address: localhost
    http.request.method: POST
    url.scheme: http
    url.path: /api/auth/register
    network.protocol.version: 1.1
    http.route: api/Auth/register
    http.response.status_code: 200
Resource associated with Activity:
    deployment.environment: Testing
    service.name: Crud.Api
    service.version: 1.0.0
    service.instance.id: 10e2e254-224c-48e1-a2d2-8bbb5483cf26
    telemetry.sdk.name: opentelemetry
    telemetry.sdk.language: dotnet
    telemetry.sdk.version: 1.8.1
[06:33:47 INF] User registered successfully: 388caf6d-1693-44e5-a8da-d68e6d8c0c1a {"SourceContext": "App.Features.Authentication.RegisterUserCommandHandler", "ActionId": "d5532699-b1b8-480b-befb-4a7cac8045ee", "ActionName": "Api.Controllers.AuthController.Register (Api)", "RequestId": "0HNFGVK4NGCP3", "RequestPath": "/api/auth/register", "Application": "Crud.Api"}
Activity.TraceId:            4790116ea8c7c9bf177bc23374ca26c9
Activity.SpanId:             98e54f978dce621d
Activity.TraceFlags:         Recorded
Activity.ActivitySourceName: Microsoft.AspNetCore
Activity.DisplayName:        POST api/Auth/register
Activity.Kind:               Server
Activity.StartTime:          2025-09-11T06:33:47.4793062Z
Activity.Duration:           00:00:00.3713368
Activity.Tags:
    server.address: localhost
    http.request.method: POST
    url.scheme: http
    url.path: /api/auth/register
    network.protocol.version: 1.1
    http.route: api/Auth/register
    http.response.status_code: 200
Resource associated with Activity:
    deployment.environment: Testing
    service.name: Crud.Api
    service.version: 1.0.0
    service.instance.id: 10e2e254-224c-48e1-a2d2-8bbb5483cf26
    telemetry.sdk.name: opentelemetry
    telemetry.sdk.language: dotnet
    telemetry.sdk.version: 1.8.1
[06:33:47 INF] User registered successfully: e09da212-1f71-4056-a4f8-dee55616b1b4 {"SourceContext": "App.Features.Authentication.RegisterUserCommandHandler", "ActionId": "d5532699-b1b8-480b-befb-4a7cac8045ee", "ActionName": "Api.Controllers.AuthController.Register (Api)", "RequestId": "0HNFGVK4NGCP4", "RequestPath": "/api/auth/register", "Application": "Crud.Api"}
Activity.TraceId:            9b0ee52c5bbfd6f14b03135a3234e9b9
Activity.SpanId:             07b726315e6e3176
Activity.TraceFlags:         Recorded
Activity.ActivitySourceName: Microsoft.AspNetCore
Activity.DisplayName:        POST api/Auth/register
Activity.Kind:               Server
Activity.StartTime:          2025-09-11T06:33:47.5254696Z
Activity.Duration:           00:00:00.3714853
Activity.Tags:
    server.address: localhost
    http.request.method: POST
    url.scheme: http
    url.path: /api/auth/register
    network.protocol.version: 1.1
    http.route: api/Auth/register
    http.response.status_code: 200
Resource associated with Activity:
    deployment.environment: Testing
    service.name: Crud.Api
    service.version: 1.0.0
    service.instance.id: 10e2e254-224c-48e1-a2d2-8bbb5483cf26
    telemetry.sdk.name: opentelemetry
    telemetry.sdk.language: dotnet
    telemetry.sdk.version: 1.8.1
[06:33:47 INF] User logged in successfully: 21e691a5-7b86-4158-aad6-209ab015fe50 {"SourceContext": "App.Features.Authentication.LoginCommandHandler", "ActionId": "7cce7b7d-038a-4ca0-abae-18713d245d12", "ActionName": "Api.Controllers.AuthController.Login (Api)", "RequestId": "0HNFGVK4NGCP5", "RequestPath": "/api/auth/login", "Application": "Crud.Api"}
Activity.TraceId:            7fa55b8e366f2ac561b5d7a41796f173
Activity.SpanId:             4511e0296abd1309
Activity.TraceFlags:         Recorded
Activity.ActivitySourceName: Microsoft.AspNetCore
Activity.DisplayName:        POST api/Auth/login
Activity.Kind:               Server
Activity.StartTime:          2025-09-11T06:33:47.6263028Z
Activity.Duration:           00:00:00.2979241
Activity.Tags:
    server.address: localhost
    http.request.method: POST
    url.scheme: http
    url.path: /api/auth/login
    network.protocol.version: 1.1
    http.route: api/Auth/login
    http.response.status_code: 200
Resource associated with Activity:
    deployment.environment: Testing
    service.name: Crud.Api
    service.version: 1.0.0
    service.instance.id: 10e2e254-224c-48e1-a2d2-8bbb5483cf26
    telemetry.sdk.name: opentelemetry
    telemetry.sdk.language: dotnet
    telemetry.sdk.version: 1.8.1
[06:33:48 INF] User logged in successfully: e0d62578-cb95-414f-ae47-00c0f5f3b5a6 {"SourceContext": "App.Features.Authentication.LoginCommandHandler", "ActionId": "7cce7b7d-038a-4ca0-abae-18713d245d12", "ActionName": "Api.Controllers.AuthController.Login (Api)", "RequestId": "0HNFGVK4NGCP8", "RequestPath": "/api/auth/login", "Application": "Crud.Api"}
Activity.TraceId:            263841946cb6296dc9e36a3c5b300e8f
Activity.SpanId:             4a489c61ccba75d2
Activity.TraceFlags:         Recorded
Activity.ActivitySourceName: Microsoft.AspNetCore
Activity.DisplayName:        POST api/Auth/login
Activity.Kind:               Server
Activity.StartTime:          2025-09-11T06:33:47.9245554Z
Activity.Duration:           00:00:00.2978486
Activity.Tags:
    server.address: localhost
    http.request.method: POST
    url.scheme: http
    url.path: /api/auth/login
    network.protocol.version: 1.1
    http.route: api/Auth/login
    http.response.status_code: 200
Resource associated with Activity:
    deployment.environment: Testing
    service.name: Crud.Api
    service.version: 1.0.0
    service.instance.id: 10e2e254-224c-48e1-a2d2-8bbb5483cf26
    telemetry.sdk.name: opentelemetry
    telemetry.sdk.language: dotnet
    telemetry.sdk.version: 1.8.1
[06:33:48 INF] User logged in successfully: bfc35b17-121a-44e7-bae9-3a8a6c54538d {"SourceContext": "App.Features.Authentication.LoginCommandHandler", "ActionId": "7cce7b7d-038a-4ca0-abae-18713d245d12", "ActionName": "Api.Controllers.AuthController.Login (Api)", "RequestId": "0HNFGVK4NGCP6", "RequestPath": "/api/auth/login", "Application": "Crud.Api"}
Activity.TraceId:            9acd1d4f830f2121e6bfdf423c3f55b2
Activity.SpanId:             0a1bfb0aa39c6c31
Activity.TraceFlags:         Recorded
Activity.ActivitySourceName: Microsoft.AspNetCore
Activity.DisplayName:        POST api/Auth/login
Activity.Kind:               Server
Activity.StartTime:          2025-09-11T06:33:47.8520119Z
Activity.Duration:           00:00:00.3743350
Activity.Tags:
    server.address: localhost
    http.request.method: POST
    url.scheme: http
    url.path: /api/auth/login
    network.protocol.version: 1.1
    http.route: api/Auth/login
    http.response.status_code: 200
Resource associated with Activity:
    deployment.environment: Testing
    service.name: Crud.Api
    service.version: 1.0.0
    service.instance.id: 10e2e254-224c-48e1-a2d2-8bbb5483cf26
    telemetry.sdk.name: opentelemetry
    telemetry.sdk.language: dotnet
    telemetry.sdk.version: 1.8.1
[06:33:48 INF] User logged in successfully: c0a35d53-8c03-445a-b66b-2a80ce653e72 {"SourceContext": "App.Features.Authentication.LoginCommandHandler", "ActionId": "7cce7b7d-038a-4ca0-abae-18713d245d12", "ActionName": "Api.Controllers.AuthController.Login (Api)", "RequestId": "0HNFGVK4NGCP7", "RequestPath": "/api/auth/login", "Application": "Crud.Api"}
Activity.TraceId:            866bf76a5cc4df50649c8f027f5e69e0
Activity.SpanId:             d7863273e9553ea2
Activity.TraceFlags:         Recorded
Activity.ActivitySourceName: Microsoft.AspNetCore
Activity.DisplayName:        POST api/Auth/login
Activity.Kind:               Server
Activity.StartTime:          2025-09-11T06:33:47.8984854Z
Activity.Duration:           00:00:00.3720388
Activity.Tags:
    server.address: localhost
    http.request.method: POST
    url.scheme: http
    url.path: /api/auth/login
    network.protocol.version: 1.1
    http.route: api/Auth/login
    http.response.status_code: 200
Resource associated with Activity:
    deployment.environment: Testing
    service.name: Crud.Api
    service.version: 1.0.0
    service.instance.id: 10e2e254-224c-48e1-a2d2-8bbb5483cf26
    telemetry.sdk.name: opentelemetry
    telemetry.sdk.language: dotnet
    telemetry.sdk.version: 1.8.1
[06:33:48 INF] User logged in successfully: e9803738-1ca7-4ea4-abff-72b8321730be {"SourceContext": "App.Features.Authentication.LoginCommandHandler", "ActionId": "7cce7b7d-038a-4ca0-abae-18713d245d12", "ActionName": "Api.Controllers.AuthController.Login (Api)", "RequestId": "0HNFGVK4NGCPA", "RequestPath": "/api/auth/login", "Application": "Crud.Api"}
Activity.TraceId:            ecb9ded5a93c3708403cbc1a1df8a5dc
Activity.SpanId:             dd629c78c974bcd8
Activity.TraceFlags:         Recorded
Activity.ActivitySourceName: Microsoft.AspNetCore
Activity.DisplayName:        POST api/Auth/login
Activity.Kind:               Server
Activity.StartTime:          2025-09-11T06:33:48.2265272Z
Activity.Duration:           00:00:00.3474807
Activity.Tags:
    server.address: localhost
    http.request.method: POST
    url.scheme: http
    url.path: /api/auth/login
    network.protocol.version: 1.1
    http.route: api/Auth/login
    http.response.status_code: 200
Resource associated with Activity:
    deployment.environment: Testing
    service.name: Crud.Api
    service.version: 1.0.0
    service.instance.id: 10e2e254-224c-48e1-a2d2-8bbb5483cf26
    telemetry.sdk.name: opentelemetry
    telemetry.sdk.language: dotnet
    telemetry.sdk.version: 1.8.1
[06:33:48 INF] User logged in successfully: da0e070b-5863-46b8-b9e3-30cf4656025c {"SourceContext": "App.Features.Authentication.LoginCommandHandler", "ActionId": "7cce7b7d-038a-4ca0-abae-18713d245d12", "ActionName": "Api.Controllers.AuthController.Login (Api)", "RequestId": "0HNFGVK4NGCP9", "RequestPath": "/api/auth/login", "Application": "Crud.Api"}
Activity.TraceId:            96f0d93b6738ddf90a6461020f0f62a7
Activity.SpanId:             cba4997ab61fcc67
Activity.TraceFlags:         Recorded
Activity.ActivitySourceName: Microsoft.AspNetCore
Activity.DisplayName:        POST api/Auth/login
Activity.Kind:               Server
Activity.StartTime:          2025-09-11T06:33:48.2228578Z
Activity.Duration:           00:00:00.3664236
Activity.Tags:
    server.address: localhost
    http.request.method: POST
    url.scheme: http
    url.path: /api/auth/login
    network.protocol.version: 1.1
    http.route: api/Auth/login
    http.response.status_code: 200
Resource associated with Activity:
    deployment.environment: Testing
    service.name: Crud.Api
    service.version: 1.0.0
    service.instance.id: 10e2e254-224c-48e1-a2d2-8bbb5483cf26
    telemetry.sdk.name: opentelemetry
    telemetry.sdk.language: dotnet
    telemetry.sdk.version: 1.8.1
[06:33:48 INF] User logged in successfully: 9ebaaaa9-b367-47ab-ad14-ad1bf099c2f2 {"SourceContext": "App.Features.Authentication.LoginCommandHandler", "ActionId": "7cce7b7d-038a-4ca0-abae-18713d245d12", "ActionName": "Api.Controllers.AuthController.Login (Api)", "RequestId": "0HNFGVK4NGCPB", "RequestPath": "/api/auth/login", "Application": "Crud.Api"}
Activity.TraceId:            52addf5c187d3cb67acef8c4219255e7
Activity.SpanId:             a804d43a284698d8
Activity.TraceFlags:         Recorded
Activity.ActivitySourceName: Microsoft.AspNetCore
Activity.DisplayName:        POST api/Auth/login
Activity.Kind:               Server
Activity.StartTime:          2025-09-11T06:33:48.2708473Z
Activity.Duration:           00:00:00.3718346
Activity.Tags:
    server.address: localhost
    http.request.method: POST
    url.scheme: http
    url.path: /api/auth/login
    network.protocol.version: 1.1
    http.route: api/Auth/login
    http.response.status_code: 200
Resource associated with Activity:
    deployment.environment: Testing
    service.name: Crud.Api
    service.version: 1.0.0
    service.instance.id: 10e2e254-224c-48e1-a2d2-8bbb5483cf26
    telemetry.sdk.name: opentelemetry
    telemetry.sdk.language: dotnet
    telemetry.sdk.version: 1.8.1
[06:33:48 DBG] Cache miss for key: name:role:concurrentrole_75bb0535487a42739e9deb83011e9085_1 {"SourceContext": "Infrastructure.Services.Caching.InMemoryCacheService", "ActionId": "f7d618dd-99a4-4477-8b69-5065ffd9a2c4", "ActionName": "Api.Controllers.RolesController.Create (Api)", "RequestId": "0HNFGVK4NGCPE", "RequestPath": "/api/roles", "Application": "Crud.Api"}
[06:33:48 DBG] Removed cache value for key: entity:role:caff642174df4cb38eebc9191f2f478e {"SourceContext": "Infrastructure.Services.Caching.InMemoryCacheService", "ActionId": "f7d618dd-99a4-4477-8b69-5065ffd9a2c4", "ActionName": "Api.Controllers.RolesController.Create (Api)", "RequestId": "0HNFGVK4NGCPE", "RequestPath": "/api/roles", "Application": "Crud.Api"}
[06:33:48 DBG] Removed cache value for key: list:role {"SourceContext": "Infrastructure.Services.Caching.InMemoryCacheService", "ActionId": "f7d618dd-99a4-4477-8b69-5065ffd9a2c4", "ActionName": "Api.Controllers.RolesController.Create (Api)", "RequestId": "0HNFGVK4NGCPE", "RequestPath": "/api/roles", "Application": "Crud.Api"}
[06:33:48 DBG] Invalidating cache for entity type: roles with tag: roles {"SourceContext": "Api.Services.OutputCacheInvalidationService", "ActionId": "f7d618dd-99a4-4477-8b69-5065ffd9a2c4", "ActionName": "Api.Controllers.RolesController.Create (Api)", "RequestId": "0HNFGVK4NGCPE", "RequestPath": "/api/roles", "Application": "Crud.Api"}
[06:33:48 INF] Successfully invalidated cache for entity type: roles {"SourceContext": "Api.Services.OutputCacheInvalidationService", "ActionId": "f7d618dd-99a4-4477-8b69-5065ffd9a2c4", "ActionName": "Api.Controllers.RolesController.Create (Api)", "RequestId": "0HNFGVK4NGCPE", "RequestPath": "/api/roles", "Application": "Crud.Api"}
Activity.TraceId:            e968aa44fe92a1ae6bb28b95bf85c08a
Activity.SpanId:             f552dd51599e2af1
Activity.TraceFlags:         Recorded
Activity.ActivitySourceName: Microsoft.AspNetCore
Activity.DisplayName:        POST api/Roles
Activity.Kind:               Server
Activity.StartTime:          2025-09-11T06:33:48.6430954Z
Activity.Duration:           00:00:00.0047621
Activity.Tags:
    server.address: localhost
    http.request.method: POST
    url.scheme: http
    url.path: /api/roles
    network.protocol.version: 1.1
    http.route: api/Roles
    http.response.status_code: 201
Resource associated with Activity:
    deployment.environment: Testing
    service.name: Crud.Api
    service.version: 1.0.0
    service.instance.id: 10e2e254-224c-48e1-a2d2-8bbb5483cf26
    telemetry.sdk.name: opentelemetry
    telemetry.sdk.language: dotnet
    telemetry.sdk.version: 1.8.1
[06:33:48 DBG] Cache miss for key: name:role:concurrentrole_75bb0535487a42739e9deb83011e9085_4 {"SourceContext": "Infrastructure.Services.Caching.InMemoryCacheService", "ActionId": "f7d618dd-99a4-4477-8b69-5065ffd9a2c4", "ActionName": "Api.Controllers.RolesController.Create (Api)", "RequestId": "0HNFGVK4NGCPF", "RequestPath": "/api/roles", "Application": "Crud.Api"}
[06:33:48 DBG] Removed cache value for key: entity:role:1b0ae484b6184848a4f3f27bbc3ea841 {"SourceContext": "Infrastructure.Services.Caching.InMemoryCacheService", "ActionId": "f7d618dd-99a4-4477-8b69-5065ffd9a2c4", "ActionName": "Api.Controllers.RolesController.Create (Api)", "RequestId": "0HNFGVK4NGCPF", "RequestPath": "/api/roles", "Application": "Crud.Api"}
[06:33:48 DBG] Removed cache value for key: list:role {"SourceContext": "Infrastructure.Services.Caching.InMemoryCacheService", "ActionId": "f7d618dd-99a4-4477-8b69-5065ffd9a2c4", "ActionName": "Api.Controllers.RolesController.Create (Api)", "RequestId": "0HNFGVK4NGCPF", "RequestPath": "/api/roles", "Application": "Crud.Api"}
[06:33:48 DBG] Invalidating cache for entity type: roles with tag: roles {"SourceContext": "Api.Services.OutputCacheInvalidationService", "ActionId": "f7d618dd-99a4-4477-8b69-5065ffd9a2c4", "ActionName": "Api.Controllers.RolesController.Create (Api)", "RequestId": "0HNFGVK4NGCPF", "RequestPath": "/api/roles", "Application": "Crud.Api"}
[06:33:48 INF] Successfully invalidated cache for entity type: roles {"SourceContext": "Api.Services.OutputCacheInvalidationService", "ActionId": "f7d618dd-99a4-4477-8b69-5065ffd9a2c4", "ActionName": "Api.Controllers.RolesController.Create (Api)", "RequestId": "0HNFGVK4NGCPF", "RequestPath": "/api/roles", "Application": "Crud.Api"}
Activity.TraceId:            56a9f15f6ec84836c177d3f6d611a1ad
Activity.SpanId:             024e036e651161c5
Activity.TraceFlags:         Recorded
Activity.ActivitySourceName: Microsoft.AspNetCore
Activity.DisplayName:        POST api/Roles
Activity.Kind:               Server
Activity.StartTime:          2025-09-11T06:33:48.6481128Z
Activity.Duration:           00:00:00.0041846
Activity.Tags:
    server.address: localhost
    http.request.method: POST
    url.scheme: http
    url.path: /api/roles
    network.protocol.version: 1.1
    http.route: api/Roles
    http.response.status_code: 201
Resource associated with Activity:
    deployment.environment: Testing
    service.name: Crud.Api
    service.version: 1.0.0
    service.instance.id: 10e2e254-224c-48e1-a2d2-8bbb5483cf26
    telemetry.sdk.name: opentelemetry
    telemetry.sdk.language: dotnet
    telemetry.sdk.version: 1.8.1
[06:33:48 DBG] Cache miss for key: name:role:concurrentrole_75bb0535487a42739e9deb83011e9085_0 {"SourceContext": "Infrastructure.Services.Caching.InMemoryCacheService", "ActionId": "f7d618dd-99a4-4477-8b69-5065ffd9a2c4", "ActionName": "Api.Controllers.RolesController.Create (Api)", "RequestId": "0HNFGVK4NGCPG", "RequestPath": "/api/roles", "Application": "Crud.Api"}
[06:33:48 DBG] Removed cache value for key: entity:role:51e2dc313f7f4c4992ebbf58978a75cb {"SourceContext": "Infrastructure.Services.Caching.InMemoryCacheService", "ActionId": "f7d618dd-99a4-4477-8b69-5065ffd9a2c4", "ActionName": "Api.Controllers.RolesController.Create (Api)", "RequestId": "0HNFGVK4NGCPG", "RequestPath": "/api/roles", "Application": "Crud.Api"}
[06:33:48 DBG] Removed cache value for key: list:role {"SourceContext": "Infrastructure.Services.Caching.InMemoryCacheService", "ActionId": "f7d618dd-99a4-4477-8b69-5065ffd9a2c4", "ActionName": "Api.Controllers.RolesController.Create (Api)", "RequestId": "0HNFGVK4NGCPG", "RequestPath": "/api/roles", "Application": "Crud.Api"}
[06:33:48 DBG] Invalidating cache for entity type: roles with tag: roles {"SourceContext": "Api.Services.OutputCacheInvalidationService", "ActionId": "f7d618dd-99a4-4477-8b69-5065ffd9a2c4", "ActionName": "Api.Controllers.RolesController.Create (Api)", "RequestId": "0HNFGVK4NGCPG", "RequestPath": "/api/roles", "Application": "Crud.Api"}
[06:33:48 INF] Successfully invalidated cache for entity type: roles {"SourceContext": "Api.Services.OutputCacheInvalidationService", "ActionId": "f7d618dd-99a4-4477-8b69-5065ffd9a2c4", "ActionName": "Api.Controllers.RolesController.Create (Api)", "RequestId": "0HNFGVK4NGCPG", "RequestPath": "/api/roles", "Application": "Crud.Api"}
Activity.TraceId:            e0bea3f631e35740aa984f9e9b20b092
Activity.SpanId:             a848ca42b5163ff9
Activity.TraceFlags:         Recorded
Activity.ActivitySourceName: Microsoft.AspNetCore
Activity.DisplayName:        POST api/Roles
Activity.Kind:               Server
Activity.StartTime:          2025-09-11T06:33:48.6524551Z
Activity.Duration:           00:00:00.0048448
Activity.Tags:
    server.address: localhost
    http.request.method: POST
    url.scheme: http
    url.path: /api/roles
    network.protocol.version: 1.1
    http.route: api/Roles
    http.response.status_code: 201
Resource associated with Activity:
    deployment.environment: Testing
    service.name: Crud.Api
    service.version: 1.0.0
    service.instance.id: 10e2e254-224c-48e1-a2d2-8bbb5483cf26
    telemetry.sdk.name: opentelemetry
    telemetry.sdk.language: dotnet
    telemetry.sdk.version: 1.8.1
[06:33:48 DBG] Cache miss for key: name:role:concurrentrole_75bb0535487a42739e9deb83011e9085_2 {"SourceContext": "Infrastructure.Services.Caching.InMemoryCacheService", "ActionId": "f7d618dd-99a4-4477-8b69-5065ffd9a2c4", "ActionName": "Api.Controllers.RolesController.Create (Api)", "RequestId": "0HNFGVK4NGCPH", "RequestPath": "/api/roles", "Application": "Crud.Api"}
[06:33:48 DBG] Removed cache value for key: entity:role:7dabfd77066d4b8d805d0a752aefef18 {"SourceContext": "Infrastructure.Services.Caching.InMemoryCacheService", "ActionId": "f7d618dd-99a4-4477-8b69-5065ffd9a2c4", "ActionName": "Api.Controllers.RolesController.Create (Api)", "RequestId": "0HNFGVK4NGCPH", "RequestPath": "/api/roles", "Application": "Crud.Api"}
[06:33:48 DBG] Removed cache value for key: list:role {"SourceContext": "Infrastructure.Services.Caching.InMemoryCacheService", "ActionId": "f7d618dd-99a4-4477-8b69-5065ffd9a2c4", "ActionName": "Api.Controllers.RolesController.Create (Api)", "RequestId": "0HNFGVK4NGCPH", "RequestPath": "/api/roles", "Application": "Crud.Api"}
[06:33:48 DBG] Invalidating cache for entity type: roles with tag: roles {"SourceContext": "Api.Services.OutputCacheInvalidationService", "ActionId": "f7d618dd-99a4-4477-8b69-5065ffd9a2c4", "ActionName": "Api.Controllers.RolesController.Create (Api)", "RequestId": "0HNFGVK4NGCPH", "RequestPath": "/api/roles", "Application": "Crud.Api"}
[06:33:48 INF] Successfully invalidated cache for entity type: roles {"SourceContext": "Api.Services.OutputCacheInvalidationService", "ActionId": "f7d618dd-99a4-4477-8b69-5065ffd9a2c4", "ActionName": "Api.Controllers.RolesController.Create (Api)", "RequestId": "0HNFGVK4NGCPH", "RequestPath": "/api/roles", "Application": "Crud.Api"}
Activity.TraceId:            e16193c71ad64422ea66c266a2f4cb52
Activity.SpanId:             a8b1fddbb96648b4
Activity.TraceFlags:         Recorded
Activity.ActivitySourceName: Microsoft.AspNetCore
Activity.DisplayName:        POST api/Roles
Activity.Kind:               Server
Activity.StartTime:          2025-09-11T06:33:48.6574439Z
Activity.Duration:           00:00:00.0070663
Activity.Tags:
    server.address: localhost
    http.request.method: POST
    url.scheme: http
    url.path: /api/roles
    network.protocol.version: 1.1
    http.route: api/Roles
    http.response.status_code: 201
Resource associated with Activity:
    deployment.environment: Testing
    service.name: Crud.Api
    service.version: 1.0.0
    service.instance.id: 10e2e254-224c-48e1-a2d2-8bbb5483cf26
    telemetry.sdk.name: opentelemetry
    telemetry.sdk.language: dotnet
    telemetry.sdk.version: 1.8.1
[06:33:48 INF] User logged in successfully: 388caf6d-1693-44e5-a8da-d68e6d8c0c1a {"SourceContext": "App.Features.Authentication.LoginCommandHandler", "ActionId": "7cce7b7d-038a-4ca0-abae-18713d245d12", "ActionName": "Api.Controllers.AuthController.Login (Api)", "RequestId": "0HNFGVK4NGCPC", "RequestPath": "/api/auth/login", "Application": "Crud.Api"}
Activity.TraceId:            9d84bc467fb509f1323be840f2b8c3aa
Activity.SpanId:             553d2963b93da2d5
Activity.TraceFlags:         Recorded
Activity.ActivitySourceName: Microsoft.AspNetCore
Activity.DisplayName:        POST api/Auth/login
Activity.Kind:               Server
Activity.StartTime:          2025-09-11T06:33:48.3754607Z
Activity.Duration:           00:00:00.3777425
Activity.Tags:
    server.address: localhost
    http.request.method: POST
    url.scheme: http
    url.path: /api/auth/login
    network.protocol.version: 1.1
    http.route: api/Auth/login
    http.response.status_code: 200
Resource associated with Activity:
    deployment.environment: Testing
    service.name: Crud.Api
    service.version: 1.0.0
    service.instance.id: 10e2e254-224c-48e1-a2d2-8bbb5483cf26
    telemetry.sdk.name: opentelemetry
    telemetry.sdk.language: dotnet
    telemetry.sdk.version: 1.8.1
[06:33:48 DBG] Cache miss for key: name:role:concurrentrole_75bb0535487a42739e9deb83011e9085_7 {"SourceContext": "Infrastructure.Services.Caching.InMemoryCacheService", "ActionId": "f7d618dd-99a4-4477-8b69-5065ffd9a2c4", "ActionName": "Api.Controllers.RolesController.Create (Api)", "RequestId": "0HNFGVK4NGCPK", "RequestPath": "/api/roles", "Application": "Crud.Api"}
[06:33:48 DBG] Cache miss for key: name:role:concurrentrole_75bb0535487a42739e9deb83011e9085_6 {"SourceContext": "Infrastructure.Services.Caching.InMemoryCacheService", "ActionId": "f7d618dd-99a4-4477-8b69-5065ffd9a2c4", "ActionName": "Api.Controllers.RolesController.Create (Api)", "RequestId": "0HNFGVK4NGCPJ", "RequestPath": "/api/roles", "Application": "Crud.Api"}
[06:33:48 DBG] Removed cache value for key: entity:role:24272c4b405e4851b22a0221fda05d66 {"SourceContext": "Infrastructure.Services.Caching.InMemoryCacheService", "ActionId": "f7d618dd-99a4-4477-8b69-5065ffd9a2c4", "ActionName": "Api.Controllers.RolesController.Create (Api)", "RequestId": "0HNFGVK4NGCPJ", "RequestPath": "/api/roles", "Application": "Crud.Api"}
[06:33:48 DBG] Removed cache value for key: list:role {"SourceContext": "Infrastructure.Services.Caching.InMemoryCacheService", "ActionId": "f7d618dd-99a4-4477-8b69-5065ffd9a2c4", "ActionName": "Api.Controllers.RolesController.Create (Api)", "RequestId": "0HNFGVK4NGCPJ", "RequestPath": "/api/roles", "Application": "Crud.Api"}
[06:33:48 DBG] Invalidating cache for entity type: roles with tag: roles {"SourceContext": "Api.Services.OutputCacheInvalidationService", "ActionId": "f7d618dd-99a4-4477-8b69-5065ffd9a2c4", "ActionName": "Api.Controllers.RolesController.Create (Api)", "RequestId": "0HNFGVK4NGCPJ", "RequestPath": "/api/roles", "Application": "Crud.Api"}
[06:33:48 INF] Successfully invalidated cache for entity type: roles {"SourceContext": "Api.Services.OutputCacheInvalidationService", "ActionId": "f7d618dd-99a4-4477-8b69-5065ffd9a2c4", "ActionName": "Api.Controllers.RolesController.Create (Api)", "RequestId": "0HNFGVK4NGCPJ", "RequestPath": "/api/roles", "Application": "Crud.Api"}
Activity.TraceId:            ef7304053e0331610b85f0d3aa432906
Activity.SpanId:             0fbc96780d186c86
Activity.TraceFlags:         Recorded
Activity.ActivitySourceName: Microsoft.AspNetCore
Activity.DisplayName:        POST api/Roles
Activity.Kind:               Server
Activity.StartTime:          2025-09-11T06:33:48.7534515Z
Activity.Duration:           00:00:00.0027343
Activity.Tags:
    server.address: localhost
    http.request.method: POST
    url.scheme: http
    url.path: /api/roles
    network.protocol.version: 1.1
    http.route: api/Roles
    http.response.status_code: 201
Resource associated with Activity:
    deployment.environment: Testing
    service.name: Crud.Api
    service.version: 1.0.0
    service.instance.id: 10e2e254-224c-48e1-a2d2-8bbb5483cf26
    telemetry.sdk.name: opentelemetry
    telemetry.sdk.language: dotnet
    telemetry.sdk.version: 1.8.1
[06:33:48 DBG] Cache miss for key: name:role:concurrentrole_75bb0535487a42739e9deb83011e9085_8 {"SourceContext": "Infrastructure.Services.Caching.InMemoryCacheService", "ActionId": "f7d618dd-99a4-4477-8b69-5065ffd9a2c4", "ActionName": "Api.Controllers.RolesController.Create (Api)", "RequestId": "0HNFGVK4NGCPL", "RequestPath": "/api/roles", "Application": "Crud.Api"}
[06:33:48 DBG] Removed cache value for key: entity:role:e3b0fd88631849c0b7b55b86423c0417 {"SourceContext": "Infrastructure.Services.Caching.InMemoryCacheService", "ActionId": "f7d618dd-99a4-4477-8b69-5065ffd9a2c4", "ActionName": "Api.Controllers.RolesController.Create (Api)", "RequestId": "0HNFGVK4NGCPL", "RequestPath": "/api/roles", "Application": "Crud.Api"}
[06:33:48 DBG] Removed cache value for key: list:role {"SourceContext": "Infrastructure.Services.Caching.InMemoryCacheService", "ActionId": "f7d618dd-99a4-4477-8b69-5065ffd9a2c4", "ActionName": "Api.Controllers.RolesController.Create (Api)", "RequestId": "0HNFGVK4NGCPL", "RequestPath": "/api/roles", "Application": "Crud.Api"}
[06:33:48 DBG] Invalidating cache for entity type: roles with tag: roles {"SourceContext": "Api.Services.OutputCacheInvalidationService", "ActionId": "f7d618dd-99a4-4477-8b69-5065ffd9a2c4", "ActionName": "Api.Controllers.RolesController.Create (Api)", "RequestId": "0HNFGVK4NGCPL", "RequestPath": "/api/roles", "Application": "Crud.Api"}
[06:33:48 INF] Successfully invalidated cache for entity type: roles {"SourceContext": "Api.Services.OutputCacheInvalidationService", "ActionId": "f7d618dd-99a4-4477-8b69-5065ffd9a2c4", "ActionName": "Api.Controllers.RolesController.Create (Api)", "RequestId": "0HNFGVK4NGCPL", "RequestPath": "/api/roles", "Application": "Crud.Api"}
Activity.TraceId:            43f75d556524ecc027525252fea3b2f9
Activity.SpanId:             d7141437887c50e4
Activity.TraceFlags:         Recorded
Activity.ActivitySourceName: Microsoft.AspNetCore
Activity.DisplayName:        POST api/Roles
Activity.Kind:               Server
Activity.StartTime:          2025-09-11T06:33:48.7563222Z
Activity.Duration:           00:00:00.0068146
Activity.Tags:
    server.address: localhost
    http.request.method: POST
    url.scheme: http
    url.path: /api/roles
    network.protocol.version: 1.1
    http.route: api/Roles
    http.response.status_code: 201
Resource associated with Activity:
    deployment.environment: Testing
    service.name: Crud.Api
    service.version: 1.0.0
    service.instance.id: 10e2e254-224c-48e1-a2d2-8bbb5483cf26
    telemetry.sdk.name: opentelemetry
    telemetry.sdk.language: dotnet
    telemetry.sdk.version: 1.8.1
[06:33:48 DBG] Cache miss for key: name:role:concurrentrole_75bb0535487a42739e9deb83011e9085_3 {"SourceContext": "Infrastructure.Services.Caching.InMemoryCacheService", "ActionId": "f7d618dd-99a4-4477-8b69-5065ffd9a2c4", "ActionName": "Api.Controllers.RolesController.Create (Api)", "RequestId": "0HNFGVK4NGCPM", "RequestPath": "/api/roles", "Application": "Crud.Api"}
[06:33:48 DBG] Removed cache value for key: entity:role:567cbd2774274a03be40f9b187b9ba1c {"SourceContext": "Infrastructure.Services.Caching.InMemoryCacheService", "ActionId": "f7d618dd-99a4-4477-8b69-5065ffd9a2c4", "ActionName": "Api.Controllers.RolesController.Create (Api)", "RequestId": "0HNFGVK4NGCPM", "RequestPath": "/api/roles", "Application": "Crud.Api"}
[06:33:48 DBG] Removed cache value for key: list:role {"SourceContext": "Infrastructure.Services.Caching.InMemoryCacheService", "ActionId": "f7d618dd-99a4-4477-8b69-5065ffd9a2c4", "ActionName": "Api.Controllers.RolesController.Create (Api)", "RequestId": "0HNFGVK4NGCPM", "RequestPath": "/api/roles", "Application": "Crud.Api"}
[06:33:48 DBG] Invalidating cache for entity type: roles with tag: roles {"SourceContext": "Api.Services.OutputCacheInvalidationService", "ActionId": "f7d618dd-99a4-4477-8b69-5065ffd9a2c4", "ActionName": "Api.Controllers.RolesController.Create (Api)", "RequestId": "0HNFGVK4NGCPM", "RequestPath": "/api/roles", "Application": "Crud.Api"}
[06:33:48 INF] Successfully invalidated cache for entity type: roles {"SourceContext": "Api.Services.OutputCacheInvalidationService", "ActionId": "f7d618dd-99a4-4477-8b69-5065ffd9a2c4", "ActionName": "Api.Controllers.RolesController.Create (Api)", "RequestId": "0HNFGVK4NGCPM", "RequestPath": "/api/roles", "Application": "Crud.Api"}
Activity.TraceId:            84a2a5e655a680d9e9ff91071dcbead5
Activity.SpanId:             6cd215acf677849f
Activity.TraceFlags:         Recorded
Activity.ActivitySourceName: Microsoft.AspNetCore
Activity.DisplayName:        POST api/Roles
Activity.Kind:               Server
Activity.StartTime:          2025-09-11T06:33:48.7632293Z
Activity.Duration:           00:00:00.0019689
Activity.Tags:
    server.address: localhost
    http.request.method: POST
    url.scheme: http
    url.path: /api/roles
    network.protocol.version: 1.1
    http.route: api/Roles
    http.response.status_code: 201
Resource associated with Activity:
    deployment.environment: Testing
    service.name: Crud.Api
    service.version: 1.0.0
    service.instance.id: 10e2e254-224c-48e1-a2d2-8bbb5483cf26
    telemetry.sdk.name: opentelemetry
    telemetry.sdk.language: dotnet
    telemetry.sdk.version: 1.8.1
[06:33:48 DBG] Removed cache value for key: entity:role:301b99375a9242afb02377af3bb0cda9 {"SourceContext": "Infrastructure.Services.Caching.InMemoryCacheService", "ActionId": "f7d618dd-99a4-4477-8b69-5065ffd9a2c4", "ActionName": "Api.Controllers.RolesController.Create (Api)", "RequestId": "0HNFGVK4NGCPK", "RequestPath": "/api/roles", "Application": "Crud.Api"}
[06:33:48 DBG] Removed cache value for key: list:role {"SourceContext": "Infrastructure.Services.Caching.InMemoryCacheService", "ActionId": "f7d618dd-99a4-4477-8b69-5065ffd9a2c4", "ActionName": "Api.Controllers.RolesController.Create (Api)", "RequestId": "0HNFGVK4NGCPK", "RequestPath": "/api/roles", "Application": "Crud.Api"}
[06:33:48 DBG] Invalidating cache for entity type: roles with tag: roles {"SourceContext": "Api.Services.OutputCacheInvalidationService", "ActionId": "f7d618dd-99a4-4477-8b69-5065ffd9a2c4", "ActionName": "Api.Controllers.RolesController.Create (Api)", "RequestId": "0HNFGVK4NGCPK", "RequestPath": "/api/roles", "Application": "Crud.Api"}
[06:33:48 INF] Successfully invalidated cache for entity type: roles {"SourceContext": "Api.Services.OutputCacheInvalidationService", "ActionId": "f7d618dd-99a4-4477-8b69-5065ffd9a2c4", "ActionName": "Api.Controllers.RolesController.Create (Api)", "RequestId": "0HNFGVK4NGCPK", "RequestPath": "/api/roles", "Application": "Crud.Api"}
Activity.TraceId:            dbb0c431018a4ec8253057371c767faa
Activity.SpanId:             9b57a8fb9eb0363d
Activity.TraceFlags:         Recorded
Activity.ActivitySourceName: Microsoft.AspNetCore
Activity.DisplayName:        POST api/Roles
Activity.Kind:               Server
Activity.StartTime:          2025-09-11T06:33:48.7535297Z
Activity.Duration:           00:00:00.1526660
Activity.Tags:
    server.address: localhost
    http.request.method: POST
    url.scheme: http
    url.path: /api/roles
    network.protocol.version: 1.1
    http.route: api/Roles
    http.response.status_code: 201
Resource associated with Activity:
    deployment.environment: Testing
    service.name: Crud.Api
    service.version: 1.0.0
    service.instance.id: 10e2e254-224c-48e1-a2d2-8bbb5483cf26
    telemetry.sdk.name: opentelemetry
    telemetry.sdk.language: dotnet
    telemetry.sdk.version: 1.8.1
[06:33:48 INF] User logged in successfully: e09da212-1f71-4056-a4f8-dee55616b1b4 {"SourceContext": "App.Features.Authentication.LoginCommandHandler", "ActionId": "7cce7b7d-038a-4ca0-abae-18713d245d12", "ActionName": "Api.Controllers.AuthController.Login (Api)", "RequestId": "0HNFGVK4NGCPD", "RequestPath": "/api/auth/login", "Application": "Crud.Api"}
Activity.TraceId:            425b80da7b8fdf277d430efa395b74d3
Activity.SpanId:             8a5420defa3bb143
Activity.TraceFlags:         Recorded
Activity.ActivitySourceName: Microsoft.AspNetCore
Activity.DisplayName:        POST api/Auth/login
Activity.Kind:               Server
Activity.StartTime:          2025-09-11T06:33:48.5745364Z
Activity.Duration:           00:00:00.3388354
Activity.Tags:
    server.address: localhost
    http.request.method: POST
    url.scheme: http
    url.path: /api/auth/login
    network.protocol.version: 1.1
    http.route: api/Auth/login
    http.response.status_code: 200
Resource associated with Activity:
    deployment.environment: Testing
    service.name: Crud.Api
    service.version: 1.0.0
    service.instance.id: 10e2e254-224c-48e1-a2d2-8bbb5483cf26
    telemetry.sdk.name: opentelemetry
    telemetry.sdk.language: dotnet
    telemetry.sdk.version: 1.8.1
[06:33:48 DBG] Cache miss for key: name:role:concurrentrole_75bb0535487a42739e9deb83011e9085_9 {"SourceContext": "Infrastructure.Services.Caching.InMemoryCacheService", "ActionId": "f7d618dd-99a4-4477-8b69-5065ffd9a2c4", "ActionName": "Api.Controllers.RolesController.Create (Api)", "RequestId": "0HNFGVK4NGCPN", "RequestPath": "/api/roles", "Application": "Crud.Api"}
[06:33:48 DBG] Removed cache value for key: entity:role:98edd89b959746c4b65d35376643cc44 {"SourceContext": "Infrastructure.Services.Caching.InMemoryCacheService", "ActionId": "f7d618dd-99a4-4477-8b69-5065ffd9a2c4", "ActionName": "Api.Controllers.RolesController.Create (Api)", "RequestId": "0HNFGVK4NGCPN", "RequestPath": "/api/roles", "Application": "Crud.Api"}
[06:33:48 DBG] Removed cache value for key: list:role {"SourceContext": "Infrastructure.Services.Caching.InMemoryCacheService", "ActionId": "f7d618dd-99a4-4477-8b69-5065ffd9a2c4", "ActionName": "Api.Controllers.RolesController.Create (Api)", "RequestId": "0HNFGVK4NGCPN", "RequestPath": "/api/roles", "Application": "Crud.Api"}
[06:33:48 DBG] Invalidating cache for entity type: roles with tag: roles {"SourceContext": "Api.Services.OutputCacheInvalidationService", "ActionId": "f7d618dd-99a4-4477-8b69-5065ffd9a2c4", "ActionName": "Api.Controllers.RolesController.Create (Api)", "RequestId": "0HNFGVK4NGCPN", "RequestPath": "/api/roles", "Application": "Crud.Api"}
[06:33:48 INF] Successfully invalidated cache for entity type: roles {"SourceContext": "Api.Services.OutputCacheInvalidationService", "ActionId": "f7d618dd-99a4-4477-8b69-5065ffd9a2c4", "ActionName": "Api.Controllers.RolesController.Create (Api)", "RequestId": "0HNFGVK4NGCPN", "RequestPath": "/api/roles", "Application": "Crud.Api"}
Activity.TraceId:            d95f00eff948bf70ae9393d41470e87a
Activity.SpanId:             ccebda988ab56e72
Activity.TraceFlags:         Recorded
Activity.ActivitySourceName: Microsoft.AspNetCore
Activity.DisplayName:        POST api/Roles
Activity.Kind:               Server
Activity.StartTime:          2025-09-11T06:33:48.9139161Z
Activity.Duration:           00:00:00.0023088
Activity.Tags:
    server.address: localhost
    http.request.method: POST
    url.scheme: http
    url.path: /api/roles
    network.protocol.version: 1.1
    http.route: api/Roles
    http.response.status_code: 201
Resource associated with Activity:
    deployment.environment: Testing
    service.name: Crud.Api
    service.version: 1.0.0
    service.instance.id: 10e2e254-224c-48e1-a2d2-8bbb5483cf26
    telemetry.sdk.name: opentelemetry
    telemetry.sdk.language: dotnet
    telemetry.sdk.version: 1.8.1
[06:33:48 INF] User logged in successfully: 7d05c6a5-67ff-43b6-b778-39184126d0ca {"SourceContext": "App.Features.Authentication.LoginCommandHandler", "ActionId": "7cce7b7d-038a-4ca0-abae-18713d245d12", "ActionName": "Api.Controllers.AuthController.Login (Api)", "RequestId": "0HNFGVK4NGCPI", "RequestPath": "/api/auth/login", "Application": "Crud.Api"}
Activity.TraceId:            a5d012bcb3c4e93e9a3cb23a2739cdf2
Activity.SpanId:             bfaf4618859ed636
Activity.TraceFlags:         Recorded
Activity.ActivitySourceName: Microsoft.AspNetCore
Activity.DisplayName:        POST api/Auth/login
Activity.Kind:               Server
Activity.StartTime:          2025-09-11T06:33:48.6646554Z
Activity.Duration:           00:00:00.3103479
Activity.Tags:
    server.address: localhost
    http.request.method: POST
    url.scheme: http
    url.path: /api/auth/login
    network.protocol.version: 1.1
    http.route: api/Auth/login
    http.response.status_code: 200
Resource associated with Activity:
    deployment.environment: Testing
    service.name: Crud.Api
    service.version: 1.0.0
    service.instance.id: 10e2e254-224c-48e1-a2d2-8bbb5483cf26
    telemetry.sdk.name: opentelemetry
    telemetry.sdk.language: dotnet
    telemetry.sdk.version: 1.8.1
[06:33:48 DBG] Cache miss for key: name:role:concurrentrole_75bb0535487a42739e9deb83011e9085_5 {"SourceContext": "Infrastructure.Services.Caching.InMemoryCacheService", "ActionId": "f7d618dd-99a4-4477-8b69-5065ffd9a2c4", "ActionName": "Api.Controllers.RolesController.Create (Api)", "RequestId": "0HNFGVK4NGCPO", "RequestPath": "/api/roles", "Application": "Crud.Api"}
[06:33:48 DBG] Removed cache value for key: entity:role:9608ada73d3740098a96966c81af3412 {"SourceContext": "Infrastructure.Services.Caching.InMemoryCacheService", "ActionId": "f7d618dd-99a4-4477-8b69-5065ffd9a2c4", "ActionName": "Api.Controllers.RolesController.Create (Api)", "RequestId": "0HNFGVK4NGCPO", "RequestPath": "/api/roles", "Application": "Crud.Api"}
[06:33:48 DBG] Removed cache value for key: list:role {"SourceContext": "Infrastructure.Services.Caching.InMemoryCacheService", "ActionId": "f7d618dd-99a4-4477-8b69-5065ffd9a2c4", "ActionName": "Api.Controllers.RolesController.Create (Api)", "RequestId": "0HNFGVK4NGCPO", "RequestPath": "/api/roles", "Application": "Crud.Api"}
[06:33:48 DBG] Invalidating cache for entity type: roles with tag: roles {"SourceContext": "Api.Services.OutputCacheInvalidationService", "ActionId": "f7d618dd-99a4-4477-8b69-5065ffd9a2c4", "ActionName": "Api.Controllers.RolesController.Create (Api)", "RequestId": "0HNFGVK4NGCPO", "RequestPath": "/api/roles", "Application": "Crud.Api"}
[06:33:48 INF] Successfully invalidated cache for entity type: roles {"SourceContext": "Api.Services.OutputCacheInvalidationService", "ActionId": "f7d618dd-99a4-4477-8b69-5065ffd9a2c4", "ActionName": "Api.Controllers.RolesController.Create (Api)", "RequestId": "0HNFGVK4NGCPO", "RequestPath": "/api/roles", "Application": "Crud.Api"}
Activity.TraceId:            07f79952250f609c1b9b24243c5689a3
Activity.SpanId:             87537b145b809bdc
Activity.TraceFlags:         Recorded
Activity.ActivitySourceName: Microsoft.AspNetCore
Activity.DisplayName:        POST api/Roles
Activity.Kind:               Server
Activity.StartTime:          2025-09-11T06:33:48.9751952Z
Activity.Duration:           00:00:00.0018223
Activity.Tags:
    server.address: localhost
    http.request.method: POST
    url.scheme: http
    url.path: /api/roles
    network.protocol.version: 1.1
    http.route: api/Roles
    http.response.status_code: 201
Resource associated with Activity:
    deployment.environment: Testing
    service.name: Crud.Api
    service.version: 1.0.0
    service.instance.id: 10e2e254-224c-48e1-a2d2-8bbb5483cf26
    telemetry.sdk.name: opentelemetry
    telemetry.sdk.language: dotnet
    telemetry.sdk.version: 1.8.1
Resource associated with Metric:
    deployment.environment: Testing
    service.name: Crud.Api
    service.version: 1.0.0
    service.instance.id: 10e2e254-224c-48e1-a2d2-8bbb5483cf26
    telemetry.sdk.name: opentelemetry
    telemetry.sdk.language: dotnet
    telemetry.sdk.version: 1.8.1
Metric Name: http.server.active_requests, Number of active HTTP server requests., Unit: {request}, Meter: Microsoft.AspNetCore.Hosting
(2025-09-11T06:33:39.1717541Z, 2025-09-11T06:33:49.1717913Z] http.request.method: POST url.scheme: http LongSumNonMonotonic
Value: 1
(2025-09-11T06:33:39.1717541Z, 2025-09-11T06:33:49.1717913Z] http.request.method: GET url.scheme: http LongSumNonMonotonic
Value: 0
(2025-09-11T06:33:39.1717541Z, 2025-09-11T06:33:49.1717913Z] http.request.method: PATCH url.scheme: http LongSumNonMonotonic
Value: 0
Metric Name: http.server.request.duration, Duration of HTTP server requests., Unit: s, Meter: Microsoft.AspNetCore.Hosting
(2025-09-11T06:33:39.1717781Z, 2025-09-11T06:33:49.1717972Z] http.request.method: POST http.response.status_code: 200 http.route: api/Auth/register network.protocol.version: 1.1 url.scheme: http Histogram
Value: Sum: 9.207773099999999 Count: 27 Min: 0.295941 Max: 0.8237609 
(-Infinity,0.005]:0
(0.005,0.01]:0
(0.01,0.025]:0
(0.025,0.05]:0
(0.05,0.075]:0
(0.075,0.1]:0
(0.1,0.25]:0
(0.25,0.5]:25
(0.5,0.75]:1
(0.75,1]:1
(1,2.5]:0
(2.5,5]:0
(5,7.5]:0
(7.5,10]:0
(10,+Infinity]:0
(2025-09-11T06:33:39.1717781Z, 2025-09-11T06:33:49.1717972Z] http.request.method: GET http.response.status_code: 200 http.route: api/People network.protocol.version: 1.1 url.scheme: http Histogram
Value: Sum: 0.0128664 Count: 2 Min: 0.0010063 Max: 0.0118601 
(-Infinity,0.005]:1
(0.005,0.01]:0
(0.01,0.025]:1
(0.025,0.05]:0
(0.05,0.075]:0
(0.075,0.1]:0
(0.1,0.25]:0
(0.25,0.5]:0
(0.5,0.75]:0
(0.75,1]:0
(1,2.5]:0
(2.5,5]:0
(5,7.5]:0
(7.5,10]:0
(10,+Infinity]:0
(2025-09-11T06:33:39.1717781Z, 2025-09-11T06:33:49.1717972Z] http.request.method: GET http.response.status_code: 200 http.route: api/Walls network.protocol.version: 1.1 url.scheme: http Histogram
Value: Sum: 0.0116293 Count: 2 Min: 0.0023056 Max: 0.0093237 
(-Infinity,0.005]:1
(0.005,0.01]:1
(0.01,0.025]:0
(0.025,0.05]:0
(0.05,0.075]:0
(0.075,0.1]:0
(0.1,0.25]:0
(0.25,0.5]:0
(0.5,0.75]:0
(0.75,1]:0
(1,2.5]:0
(2.5,5]:0
(5,7.5]:0
(7.5,10]:0
(10,+Infinity]:0
(2025-09-11T06:33:39.1717781Z, 2025-09-11T06:33:49.1717972Z] http.request.method: GET http.response.status_code: 200 http.route: api/Roles network.protocol.version: 1.1 url.scheme: http Histogram
Value: Sum: 0.011342799999999998 Count: 4 Min: 0.0006109 Max: 0.0077387 
(-Infinity,0.005]:3
(0.005,0.01]:1
(0.01,0.025]:0
(0.025,0.05]:0
(0.05,0.075]:0
(0.075,0.1]:0
(0.1,0.25]:0
(0.25,0.5]:0
(0.5,0.75]:0
(0.75,1]:0
(1,2.5]:0
(2.5,5]:0
(5,7.5]:0
(7.5,10]:0
(10,+Infinity]:0
(2025-09-11T06:33:39.1717781Z, 2025-09-11T06:33:49.1717972Z] http.request.method: GET http.response.status_code: 200 http.route: api/Windows network.protocol.version: 1.1 url.scheme: http Histogram
Value: Sum: 0.0127431 Count: 2 Min: 0.0019804 Max: 0.0107627 
(-Infinity,0.005]:1
(0.005,0.01]:0
(0.01,0.025]:1
(0.025,0.05]:0
(0.05,0.075]:0
(0.075,0.1]:0
(0.1,0.25]:0
(0.25,0.5]:0
(0.5,0.75]:0
(0.75,1]:0
(1,2.5]:0
(2.5,5]:0
(5,7.5]:0
(7.5,10]:0
(10,+Infinity]:0
(2025-09-11T06:33:39.1717781Z, 2025-09-11T06:33:49.1717972Z] http.request.method: POST http.response.status_code: 200 http.route: api/Auth/login network.protocol.version: 1.1 url.scheme: http Histogram
Value: Sum: 5.550655600000001 Count: 17 Min: 0.2964044 Max: 0.3777399 
(-Infinity,0.005]:0
(0.005,0.01]:0
(0.01,0.025]:0
(0.025,0.05]:0
(0.05,0.075]:0
(0.075,0.1]:0
(0.1,0.25]:0
(0.25,0.5]:17
(0.5,0.75]:0
(0.75,1]:0
(1,2.5]:0
(2.5,5]:0
(5,7.5]:0
(7.5,10]:0
(10,+Infinity]:0
(2025-09-11T06:33:39.1717781Z, 2025-09-11T06:33:49.1717972Z] http.request.method: POST http.response.status_code: 201 http.route: api/Walls network.protocol.version: 1.1 url.scheme: http Histogram
Value: Sum: 0.0147983 Count: 1 Min: 0.0147983 Max: 0.0147983 
(-Infinity,0.005]:0
(0.005,0.01]:0
(0.01,0.025]:1
(0.025,0.05]:0
(0.05,0.075]:0
(0.075,0.1]:0
(0.1,0.25]:0
(0.25,0.5]:0
(0.5,0.75]:0
(0.75,1]:0
(1,2.5]:0
(2.5,5]:0
(5,7.5]:0
(7.5,10]:0
(10,+Infinity]:0
(2025-09-11T06:33:39.1717781Z, 2025-09-11T06:33:49.1717972Z] http.request.method: POST http.response.status_code: 201 http.route: api/Roles network.protocol.version: 1.1 url.scheme: http Histogram
Value: Sum: 0.1977469 Count: 11 Min: 0.0018237 Max: 0.1526537 
(-Infinity,0.005]:7
(0.005,0.01]:3
(0.01,0.025]:0
(0.025,0.05]:0
(0.05,0.075]:0
(0.075,0.1]:0
(0.1,0.25]:1
(0.25,0.5]:0
(0.5,0.75]:0
(0.75,1]:0
(1,2.5]:0
(2.5,5]:0
(5,7.5]:0
(7.5,10]:0
(10,+Infinity]:0
(2025-09-11T06:33:39.1717781Z, 2025-09-11T06:33:49.1717972Z] http.request.method: POST http.response.status_code: 201 http.route: api/Windows network.protocol.version: 1.1 url.scheme: http Histogram
Value: Sum: 0.015908 Count: 1 Min: 0.015908 Max: 0.015908 
(-Infinity,0.005]:0
(0.005,0.01]:0
(0.01,0.025]:1
(0.025,0.05]:0
(0.05,0.075]:0
(0.075,0.1]:0
(0.1,0.25]:0
(0.25,0.5]:0
(0.5,0.75]:0
(0.75,1]:0
(1,2.5]:0
(2.5,5]:0
(5,7.5]:0
(7.5,10]:0
(10,+Infinity]:0
(2025-09-11T06:33:39.1717781Z, 2025-09-11T06:33:49.1717972Z] http.request.method: POST http.response.status_code: 201 http.route: api/People network.protocol.version: 1.1 url.scheme: http Histogram
Value: Sum: 0.0095259 Count: 1 Min: 0.0095259 Max: 0.0095259 
(-Infinity,0.005]:0
(0.005,0.01]:1
(0.01,0.025]:0
(0.025,0.05]:0
(0.05,0.075]:0
(0.075,0.1]:0
(0.1,0.25]:0
(0.25,0.5]:0
(0.5,0.75]:0
(0.75,1]:0
(1,2.5]:0
(2.5,5]:0
(5,7.5]:0
(7.5,10]:0
(10,+Infinity]:0
(2025-09-11T06:33:39.1717781Z, 2025-09-11T06:33:49.1717972Z] http.request.method: PATCH http.response.status_code: 405 network.protocol.version: 1.1 url.scheme: http Histogram
Value: Sum: 0.0004165 Count: 1 Min: 0.0004165 Max: 0.0004165 
(-Infinity,0.005]:1
(0.005,0.01]:0
(0.01,0.025]:0
(0.025,0.05]:0
(0.05,0.075]:0
(0.075,0.1]:0
(0.1,0.25]:0
(0.25,0.5]:0
(0.5,0.75]:0
(0.75,1]:0
(1,2.5]:0
(2.5,5]:0
(5,7.5]:0
(7.5,10]:0
(10,+Infinity]:0
(2025-09-11T06:33:39.1717781Z, 2025-09-11T06:33:49.1717972Z] http.request.method: POST http.response.status_code: 400 http.route: api/Roles network.protocol.version: 1.1 url.scheme: http Histogram
Value: Sum: 0.0065175 Count: 2 Min: 0.0032188 Max: 0.0032987 
(-Infinity,0.005]:2
(0.005,0.01]:0
(0.01,0.025]:0
(0.025,0.05]:0
(0.05,0.075]:0
(0.075,0.1]:0
(0.1,0.25]:0
(0.25,0.5]:0
(0.5,0.75]:0
(0.75,1]:0
(1,2.5]:0
(2.5,5]:0
(5,7.5]:0
(7.5,10]:0
(10,+Infinity]:0
Metric Name: aspnetcore.rate_limiting.active_request_leases, Number of HTTP requests that are currently active on the server that hold a rate limiting lease., Unit: {request}, Meter: Microsoft.AspNetCore.RateLimiting
(2025-09-11T06:33:39.1738552Z, 2025-09-11T06:33:49.1717979Z] LongSumNonMonotonic
Value: 1
Metric Name: aspnetcore.rate_limiting.request_lease.duration, The duration of rate limiting leases held by HTTP requests on the server., Unit: s, Meter: Microsoft.AspNetCore.RateLimiting
(2025-09-11T06:33:39.1738766Z, 2025-09-11T06:33:49.1717987Z] Histogram
Value: Sum: 15.0294994 Count: 71 Min: 0.0002531 Max: 0.8236807 
(-Infinity,0.005]:16
(0.005,0.01]:6
(0.01,0.025]:4
(0.025,0.05]:0
(0.05,0.075]:0
(0.075,0.1]:0
(0.1,0.25]:1
(0.25,0.5]:42
(0.5,0.75]:1
(0.75,1]:1
(1,2.5]:0
(2.5,5]:0
(5,7.5]:0
(7.5,10]:0
(10,+Infinity]:0
Metric Name: aspnetcore.rate_limiting.requests, Number of requests that tried to acquire a rate limiting lease. Requests could be rejected by global or endpoint rate limiting policies. Or the request could be canceled while waiting for the lease., Unit: {request}, Meter: Microsoft.AspNetCore.RateLimiting
(2025-09-11T06:33:39.1739190Z, 2025-09-11T06:33:49.1717998Z] aspnetcore.rate_limiting.result: acquired LongSum
Value: 71
Metric Name: aspnetcore.routing.match_attempts, Number of requests that were attempted to be matched to an endpoint., Unit: {match_attempt}, Meter: Microsoft.AspNetCore.Routing
(2025-09-11T06:33:39.1748169Z, 2025-09-11T06:33:49.1718009Z] aspnetcore.routing.is_fallback: false aspnetcore.routing.match_status: success http.route: api/Auth/register LongSum
Value: 28
(2025-09-11T06:33:39.1748169Z, 2025-09-11T06:33:49.1718009Z] aspnetcore.routing.is_fallback: false aspnetcore.routing.match_status: success http.route: api/People LongSum
Value: 3
(2025-09-11T06:33:39.1748169Z, 2025-09-11T06:33:49.1718009Z] aspnetcore.routing.is_fallback: false aspnetcore.routing.match_status: success http.route: api/Walls LongSum
Value: 3
(2025-09-11T06:33:39.1748169Z, 2025-09-11T06:33:49.1718009Z] aspnetcore.routing.is_fallback: false aspnetcore.routing.match_status: success http.route: api/Roles LongSum
Value: 17
(2025-09-11T06:33:39.1748169Z, 2025-09-11T06:33:49.1718009Z] aspnetcore.routing.is_fallback: false aspnetcore.routing.match_status: success http.route: api/Windows LongSum
Value: 3
(2025-09-11T06:33:39.1748169Z, 2025-09-11T06:33:49.1718009Z] aspnetcore.routing.is_fallback: false aspnetcore.routing.match_status: success http.route: api/Auth/login LongSum
Value: 17
(2025-09-11T06:33:39.1748169Z, 2025-09-11T06:33:49.1718009Z] aspnetcore.routing.is_fallback: false aspnetcore.routing.match_status: success http.route: (missing) LongSum
Value: 1
[06:33:49 INF] User registered successfully: 7f5a942e-e471-4a46-8e2f-8e617bb53f7b {"SourceContext": "App.Features.Authentication.RegisterUserCommandHandler", "ActionId": "d5532699-b1b8-480b-befb-4a7cac8045ee", "ActionName": "Api.Controllers.AuthController.Register (Api)", "RequestId": "0HNFGVK4NGCPP", "RequestPath": "/api/auth/register", "Application": "Crud.Api"}
Activity.TraceId:            37c07511e1c81b187727da0641153804
Activity.SpanId:             ee392cbfd6b5f6a1
Activity.TraceFlags:         Recorded
Activity.ActivitySourceName: Microsoft.AspNetCore
Activity.DisplayName:        POST api/Auth/register
Activity.Kind:               Server
Activity.StartTime:          2025-09-11T06:33:48.9810410Z
Activity.Duration:           00:00:00.2976278
Activity.Tags:
    server.address: localhost
    http.request.method: POST
    url.scheme: http
    url.path: /api/auth/register
    network.protocol.version: 1.1
    http.route: api/Auth/register
    http.response.status_code: 200
Resource associated with Activity:
    deployment.environment: Testing
    service.name: Crud.Api
    service.version: 1.0.0
    service.instance.id: 10e2e254-224c-48e1-a2d2-8bbb5483cf26
    telemetry.sdk.name: opentelemetry
    telemetry.sdk.language: dotnet
    telemetry.sdk.version: 1.8.1
[06:33:49 DBG] Cache miss for key: list:role {"SourceContext": "Infrastructure.Services.Caching.InMemoryCacheService", "ActionId": "88685ef5-311a-4f15-a3c6-eab8f439921b", "ActionName": "Api.Controllers.RolesController.List (Api)", "RequestId": "0HNFGVK4NGCPQ", "RequestPath": "/api/roles", "Application": "Crud.Api"}
[06:33:49 DBG] Set cache value for key: list:role {"SourceContext": "Infrastructure.Services.Caching.InMemoryCacheService", "ActionId": "88685ef5-311a-4f15-a3c6-eab8f439921b", "ActionName": "Api.Controllers.RolesController.List (Api)", "RequestId": "0HNFGVK4NGCPQ", "RequestPath": "/api/roles", "Application": "Crud.Api"}
[06:33:49 DBG] Response not compressed: application/json; charset=utf-8 | Size: 1551 bytes | Path: /api/roles {"SourceContext": "Api.Middleware.CompressionPerformanceMiddleware", "RequestId": "0HNFGVK4NGCPQ", "RequestPath": "/api/roles", "Application": "Crud.Api"}
Activity.TraceId:            898983e46662a734fdd2cd145d0b880d
Activity.SpanId:             5f4a7cc7d03aad43
Activity.TraceFlags:         Recorded
Activity.ActivitySourceName: Microsoft.AspNetCore
Activity.DisplayName:        GET api/Roles
Activity.Kind:               Server
Activity.StartTime:          2025-09-11T06:33:49.2788208Z
Activity.Duration:           00:00:00.0014555
Activity.Tags:
    server.address: localhost
    http.request.method: GET
    url.scheme: http
    url.path: /api/roles
    network.protocol.version: 1.1
    http.route: api/Roles
    http.response.status_code: 200
Resource associated with Activity:
    deployment.environment: Testing
    service.name: Crud.Api
    service.version: 1.0.0
    service.instance.id: 10e2e254-224c-48e1-a2d2-8bbb5483cf26
    telemetry.sdk.name: opentelemetry
    telemetry.sdk.language: dotnet
    telemetry.sdk.version: 1.8.1
[06:33:49 INF] Resetting database for worker 20026 {"SourceContext": "Infrastructure.Services.DatabaseTestService", "Application": "Crud.Api"}
[06:33:49 INF] Resetting database via file deletion for worker 20026 in CI environment {"SourceContext": "Infrastructure.Services.DatabaseTestService", "Application": "Crud.Api"}
[06:33:49 INF] Acquiring database mutex for worker 20026... {"SourceContext": "Infrastructure.Services.DatabaseTestService", "Application": "Crud.Api"}
[06:33:49 INF] Database mutex acquired for worker 20026 {"SourceContext": "Infrastructure.Services.DatabaseTestService", "Application": "Crud.Api"}
[06:33:49 INF] Current database state - CanConnect: True {"SourceContext": "Infrastructure.Services.DatabaseTestService", "Application": "Crud.Api"}
[06:33:49 INF] [Phase 0] Closing database connection for worker 20026... {"SourceContext": "Infrastructure.Services.DatabaseTestService", "Application": "Crud.Api"}
[06:33:49 INF] [Phase 0] Connection closed in 0.0006ms {"SourceContext": "Infrastructure.Services.DatabaseTestService", "Application": "Crud.Api"}
[06:33:49 INF] [Phase 1] Starting EnsureDeletedAsync for worker 20026... {"SourceContext": "Infrastructure.Services.DatabaseTestService", "Application": "Crud.Api"}
[06:33:49 INF] [Phase 1] EnsureDeletedAsync completed in 1.5624ms {"SourceContext": "Infrastructure.Services.DatabaseTestService", "Application": "Crud.Api"}
[06:33:49 INF] [Phase 2] Starting EnsureCreatedAsync for worker 20026... {"SourceContext": "Infrastructure.Services.DatabaseTestService", "Application": "Crud.Api"}
[06:33:49 INF] [Phase 2] EnsureCreatedAsync completed in 7.5635ms {"SourceContext": "Infrastructure.Services.DatabaseTestService", "Application": "Crud.Api"}
[06:33:49 INF] [Phase 3] Skipping database seeding as requested for worker 20026 {"SourceContext": "Infrastructure.Services.DatabaseTestService", "Application": "Crud.Api"}
[06:33:49 INF] Database reset via file deletion completed for worker 20026 in 109.4173ms (Close: 0.0006ms, Delete: 1.5624ms, Create: 7.5635ms) {"SourceContext": "Infrastructure.Services.DatabaseTestService", "Application": "Crud.Api"}
[06:33:49 INF] Releasing database mutex for worker 20026 {"SourceContext": "Infrastructure.Services.DatabaseTestService", "Application": "Crud.Api"}
[06:33:49 INF] User registered successfully: acf9230c-1d2d-43f8-9bb8-bebac5bff48c {"SourceContext": "App.Features.Authentication.RegisterUserCommandHandler", "ActionId": "d5532699-b1b8-480b-befb-4a7cac8045ee", "ActionName": "Api.Controllers.AuthController.Register (Api)", "RequestId": "0HNFGVK4NGCPR", "RequestPath": "/api/auth/register", "Application": "Crud.Api"}
Activity.TraceId:            ce5dd151f8fea9c3523543d1ae10c876
Activity.SpanId:             5e84aff7496031df
Activity.TraceFlags:         Recorded
Activity.ActivitySourceName: Microsoft.AspNetCore
Activity.DisplayName:        POST api/Auth/register
Activity.Kind:               Server
Activity.StartTime:          2025-09-11T06:33:49.3932816Z
Activity.Duration:           00:00:00.2960085
Activity.Tags:
    server.address: localhost
    http.request.method: POST
    url.scheme: http
    url.path: /api/auth/register
    network.protocol.version: 1.1
    http.route: api/Auth/register
    http.response.status_code: 200
Resource associated with Activity:
    deployment.environment: Testing
    service.name: Crud.Api
    service.version: 1.0.0
    service.instance.id: 10e2e254-224c-48e1-a2d2-8bbb5483cf26
    telemetry.sdk.name: opentelemetry
    telemetry.sdk.language: dotnet
    telemetry.sdk.version: 1.8.1
[06:33:49 DBG] Cache hit for key: list:role {"SourceContext": "Infrastructure.Services.Caching.InMemoryCacheService", "ActionId": "88685ef5-311a-4f15-a3c6-eab8f439921b", "ActionName": "Api.Controllers.RolesController.List (Api)", "RequestId": "0HNFGVK4NGCPS", "RequestPath": "/api/roles", "Application": "Crud.Api"}
[06:33:49 DBG] Response not compressed: application/json; charset=utf-8 | Size: 1551 bytes | Path: /api/roles {"SourceContext": "Api.Middleware.CompressionPerformanceMiddleware", "RequestId": "0HNFGVK4NGCPS", "RequestPath": "/api/roles", "Application": "Crud.Api"}
Activity.TraceId:            fab0f390b9090b2c5d82cd4e2be8b8ca
Activity.SpanId:             915f05bd7b7b4e79
Activity.TraceFlags:         Recorded
Activity.ActivitySourceName: Microsoft.AspNetCore
Activity.DisplayName:        GET api/Roles
Activity.Kind:               Server
Activity.StartTime:          2025-09-11T06:33:49.6903803Z
Activity.Duration:           00:00:00.0007515
Activity.Tags:
    server.address: localhost
    http.request.method: GET
    url.scheme: http
    url.path: /api/roles
    network.protocol.version: 1.1
    http.route: api/Roles
    http.response.status_code: 200
Resource associated with Activity:
    deployment.environment: Testing
    service.name: Crud.Api
    service.version: 1.0.0
    service.instance.id: 10e2e254-224c-48e1-a2d2-8bbb5483cf26
    telemetry.sdk.name: opentelemetry
    telemetry.sdk.language: dotnet
    telemetry.sdk.version: 1.8.1
[06:33:49 INF] User registered successfully: f7c97e4a-6e72-43f5-b8ed-945ff646255f {"SourceContext": "App.Features.Authentication.RegisterUserCommandHandler", "ActionId": "d5532699-b1b8-480b-befb-4a7cac8045ee", "ActionName": "Api.Controllers.AuthController.Register (Api)", "RequestId": "0HNFGVK4NGCPT", "RequestPath": "/api/auth/register", "Application": "Crud.Api"}
Activity.TraceId:            03e73c55fd66077c01c244d6a3d0c373
Activity.SpanId:             793643a3c49fa2ce
Activity.TraceFlags:         Recorded
Activity.ActivitySourceName: Microsoft.AspNetCore
Activity.DisplayName:        POST api/Auth/register
Activity.Kind:               Server
Activity.StartTime:          2025-09-11T06:33:49.6934790Z
Activity.Duration:           00:00:00.3048471
Activity.Tags:
    server.address: localhost
    http.request.method: POST
    url.scheme: http
    url.path: /api/auth/register
    network.protocol.version: 1.1
    http.route: api/Auth/register
    http.response.status_code: 200
Resource associated with Activity:
    deployment.environment: Testing
    service.name: Crud.Api
    service.version: 1.0.0
    service.instance.id: 10e2e254-224c-48e1-a2d2-8bbb5483cf26
    telemetry.sdk.name: opentelemetry
    telemetry.sdk.language: dotnet
    telemetry.sdk.version: 1.8.1
Activity.TraceId:            1914b8b262a47d2edc711274f044eefd
Activity.SpanId:             206b083fb83e3f57
Activity.TraceFlags:         Recorded
Activity.ActivitySourceName: Microsoft.AspNetCore
Activity.DisplayName:        GET
Activity.Kind:               Server
Activity.StartTime:          2025-09-11T06:33:49.9994503Z
Activity.Duration:           00:00:00.0008767
Activity.Tags:
    server.address: localhost
    http.request.method: GET
    url.scheme: http
    url.path: /api/nonexistent
    network.protocol.version: 1.1
    http.response.status_code: 404
Resource associated with Activity:
    deployment.environment: Testing
    service.name: Crud.Api
    service.version: 1.0.0
    service.instance.id: 10e2e254-224c-48e1-a2d2-8bbb5483cf26
    telemetry.sdk.name: opentelemetry
    telemetry.sdk.language: dotnet
    telemetry.sdk.version: 1.8.1
[06:33:50 INF] Resetting database for worker 20026 {"SourceContext": "Infrastructure.Services.DatabaseTestService", "Application": "Crud.Api"}
[06:33:50 INF] Resetting database via file deletion for worker 20026 in CI environment {"SourceContext": "Infrastructure.Services.DatabaseTestService", "Application": "Crud.Api"}
[06:33:50 INF] Acquiring database mutex for worker 20026... {"SourceContext": "Infrastructure.Services.DatabaseTestService", "Application": "Crud.Api"}
[06:33:50 INF] Database mutex acquired for worker 20026 {"SourceContext": "Infrastructure.Services.DatabaseTestService", "Application": "Crud.Api"}
[06:33:50 INF] Current database state - CanConnect: True {"SourceContext": "Infrastructure.Services.DatabaseTestService", "Application": "Crud.Api"}
[06:33:50 INF] [Phase 0] Closing database connection for worker 20026... {"SourceContext": "Infrastructure.Services.DatabaseTestService", "Application": "Crud.Api"}
[06:33:50 INF] [Phase 0] Connection closed in 0.0009ms {"SourceContext": "Infrastructure.Services.DatabaseTestService", "Application": "Crud.Api"}
[06:33:50 INF] [Phase 1] Starting EnsureDeletedAsync for worker 20026... {"SourceContext": "Infrastructure.Services.DatabaseTestService", "Application": "Crud.Api"}
[06:33:50 INF] [Phase 1] EnsureDeletedAsync completed in 1.1817ms {"SourceContext": "Infrastructure.Services.DatabaseTestService", "Application": "Crud.Api"}
[06:33:50 INF] [Phase 2] Starting EnsureCreatedAsync for worker 20026... {"SourceContext": "Infrastructure.Services.DatabaseTestService", "Application": "Crud.Api"}
[06:33:50 INF] [Phase 2] EnsureCreatedAsync completed in 7.6045ms {"SourceContext": "Infrastructure.Services.DatabaseTestService", "Application": "Crud.Api"}
[06:33:50 INF] [Phase 3] Skipping database seeding as requested for worker 20026 {"SourceContext": "Infrastructure.Services.DatabaseTestService", "Application": "Crud.Api"}
[06:33:50 INF] Database reset via file deletion completed for worker 20026 in 109.594ms (Close: 0.0009ms, Delete: 1.1817ms, Create: 7.6045ms) {"SourceContext": "Infrastructure.Services.DatabaseTestService", "Application": "Crud.Api"}
[06:33:50 INF] Releasing database mutex for worker 20026 {"SourceContext": "Infrastructure.Services.DatabaseTestService", "Application": "Crud.Api"}
[06:33:50 INF] User registered successfully: 0e0e77dd-323d-4971-a4c0-5f891dee9594 {"SourceContext": "App.Features.Authentication.RegisterUserCommandHandler", "ActionId": "d5532699-b1b8-480b-befb-4a7cac8045ee", "ActionName": "Api.Controllers.AuthController.Register (Api)", "RequestId": "0HNFGVK4NGCPV", "RequestPath": "/api/auth/register", "Application": "Crud.Api"}
Activity.TraceId:            b92cb395d6d0c881e9944ce5634705e4
Activity.SpanId:             2f2fb089589e021a
Activity.TraceFlags:         Recorded
Activity.ActivitySourceName: Microsoft.AspNetCore
Activity.DisplayName:        POST api/Auth/register
Activity.Kind:               Server
Activity.StartTime:          2025-09-11T06:33:50.1143652Z
Activity.Duration:           00:00:00.2955306
Activity.Tags:
    server.address: localhost
    http.request.method: POST
    url.scheme: http
    url.path: /api/auth/register
    network.protocol.version: 1.1
    http.route: api/Auth/register
    http.response.status_code: 200
Resource associated with Activity:
    deployment.environment: Testing
    service.name: Crud.Api
    service.version: 1.0.0
    service.instance.id: 10e2e254-224c-48e1-a2d2-8bbb5483cf26
    telemetry.sdk.name: opentelemetry
    telemetry.sdk.language: dotnet
    telemetry.sdk.version: 1.8.1
[06:33:50 INF] User logged in successfully: 0e0e77dd-323d-4971-a4c0-5f891dee9594 {"SourceContext": "App.Features.Authentication.LoginCommandHandler", "ActionId": "7cce7b7d-038a-4ca0-abae-18713d245d12", "ActionName": "Api.Controllers.AuthController.Login (Api)", "RequestId": "0HNFGVK4NGCQ0", "RequestPath": "/api/auth/login", "Application": "Crud.Api"}
Activity.TraceId:            60849075646bf6c1670d308f4d8742b2
Activity.SpanId:             9f309c8d03bb1dea
Activity.TraceFlags:         Recorded
Activity.ActivitySourceName: Microsoft.AspNetCore
Activity.DisplayName:        POST api/Auth/login
Activity.Kind:               Server
Activity.StartTime:          2025-09-11T06:33:50.4110156Z
Activity.Duration:           00:00:00.2960600
Activity.Tags:
    server.address: localhost
    http.request.method: POST
    url.scheme: http
    url.path: /api/auth/login
    network.protocol.version: 1.1
    http.route: api/Auth/login
    http.response.status_code: 200
Resource associated with Activity:
    deployment.environment: Testing
    service.name: Crud.Api
    service.version: 1.0.0
    service.instance.id: 10e2e254-224c-48e1-a2d2-8bbb5483cf26
    telemetry.sdk.name: opentelemetry
    telemetry.sdk.language: dotnet
    telemetry.sdk.version: 1.8.1
[06:33:50 DBG] Cache miss for key: name:role:testrole_89e4e24accbd41eda2a1922a840ef591 {"SourceContext": "Infrastructure.Services.Caching.InMemoryCacheService", "ActionId": "f7d618dd-99a4-4477-8b69-5065ffd9a2c4", "ActionName": "Api.Controllers.RolesController.Create (Api)", "RequestId": "0HNFGVK4NGCQ1", "RequestPath": "/api/roles", "Application": "Crud.Api"}
[06:33:50 DBG] Removed cache value for key: entity:role:0440f2b6b114473e9eaa42a78cf12654 {"SourceContext": "Infrastructure.Services.Caching.InMemoryCacheService", "ActionId": "f7d618dd-99a4-4477-8b69-5065ffd9a2c4", "ActionName": "Api.Controllers.RolesController.Create (Api)", "RequestId": "0HNFGVK4NGCQ1", "RequestPath": "/api/roles", "Application": "Crud.Api"}
[06:33:50 DBG] Removed cache value for key: list:role {"SourceContext": "Infrastructure.Services.Caching.InMemoryCacheService", "ActionId": "f7d618dd-99a4-4477-8b69-5065ffd9a2c4", "ActionName": "Api.Controllers.RolesController.Create (Api)", "RequestId": "0HNFGVK4NGCQ1", "RequestPath": "/api/roles", "Application": "Crud.Api"}
[06:33:50 DBG] Invalidating cache for entity type: roles with tag: roles {"SourceContext": "Api.Services.OutputCacheInvalidationService", "ActionId": "f7d618dd-99a4-4477-8b69-5065ffd9a2c4", "ActionName": "Api.Controllers.RolesController.Create (Api)", "RequestId": "0HNFGVK4NGCQ1", "RequestPath": "/api/roles", "Application": "Crud.Api"}
[06:33:50 INF] Successfully invalidated cache for entity type: roles {"SourceContext": "Api.Services.OutputCacheInvalidationService", "ActionId": "f7d618dd-99a4-4477-8b69-5065ffd9a2c4", "ActionName": "Api.Controllers.RolesController.Create (Api)", "RequestId": "0HNFGVK4NGCQ1", "RequestPath": "/api/roles", "Application": "Crud.Api"}
Activity.TraceId:            0c899e5a5756d4f818639148f91148fc
Activity.SpanId:             d3d74993ff6eb204
Activity.TraceFlags:         Recorded
Activity.ActivitySourceName: Microsoft.AspNetCore
Activity.DisplayName:        POST api/Roles
Activity.Kind:               Server
Activity.StartTime:          2025-09-11T06:33:50.7074027Z
Activity.Duration:           00:00:00.0024749
Activity.Tags:
    server.address: localhost
    http.request.method: POST
    url.scheme: http
    url.path: /api/roles
    network.protocol.version: 1.1
    http.route: api/Roles
    http.response.status_code: 201
Resource associated with Activity:
    deployment.environment: Testing
    service.name: Crud.Api
    service.version: 1.0.0
    service.instance.id: 10e2e254-224c-48e1-a2d2-8bbb5483cf26
    telemetry.sdk.name: opentelemetry
    telemetry.sdk.language: dotnet
    telemetry.sdk.version: 1.8.1
[06:33:51 INF] User registered successfully: dc36602d-09f5-4df3-9f60-94e371d27093 {"SourceContext": "App.Features.Authentication.RegisterUserCommandHandler", "ActionId": "d5532699-b1b8-480b-befb-4a7cac8045ee", "ActionName": "Api.Controllers.AuthController.Register (Api)", "RequestId": "0HNFGVK4NGCQ2", "RequestPath": "/api/auth/register", "Application": "Crud.Api"}
Activity.TraceId:            eb789643ee604e85fe7a32dc356c5863
Activity.SpanId:             7157d7684b9cc8b9
Activity.TraceFlags:         Recorded
Activity.ActivitySourceName: Microsoft.AspNetCore
Activity.DisplayName:        POST api/Auth/register
Activity.Kind:               Server
Activity.StartTime:          2025-09-11T06:33:50.7122475Z
Activity.Duration:           00:00:00.3441765
Activity.Tags:
    server.address: localhost
    http.request.method: POST
    url.scheme: http
    url.path: /api/auth/register
    network.protocol.version: 1.1
    http.route: api/Auth/register
    http.response.status_code: 200
Resource associated with Activity:
    deployment.environment: Testing
    service.name: Crud.Api
    service.version: 1.0.0
    service.instance.id: 10e2e254-224c-48e1-a2d2-8bbb5483cf26
    telemetry.sdk.name: opentelemetry
    telemetry.sdk.language: dotnet
    telemetry.sdk.version: 1.8.1
[06:33:51 INF] User registered successfully: 7e33b299-0be3-488a-8c52-b2b15b695e76 {"SourceContext": "App.Features.Authentication.RegisterUserCommandHandler", "ActionId": "d5532699-b1b8-480b-befb-4a7cac8045ee", "ActionName": "Api.Controllers.AuthController.Register (Api)", "RequestId": "0HNFGVK4NGCQ3", "RequestPath": "/api/auth/register", "Application": "Crud.Api"}
Activity.TraceId:            e86c313f4186a363f5ebd85650ab8c2a
Activity.SpanId:             dc6389dd6306b3e8
Activity.TraceFlags:         Recorded
Activity.ActivitySourceName: Microsoft.AspNetCore
Activity.DisplayName:        POST api/Auth/register
Activity.Kind:               Server
Activity.StartTime:          2025-09-11T06:33:50.7627146Z
Activity.Duration:           00:00:00.3718805
Activity.Tags:
    server.address: localhost
    http.request.method: POST
    url.scheme: http
    url.path: /api/auth/register
    network.protocol.version: 1.1
    http.route: api/Auth/register
    http.response.status_code: 200
Resource associated with Activity:
    deployment.environment: Testing
    service.name: Crud.Api
    service.version: 1.0.0
    service.instance.id: 10e2e254-224c-48e1-a2d2-8bbb5483cf26
    telemetry.sdk.name: opentelemetry
    telemetry.sdk.language: dotnet
    telemetry.sdk.version: 1.8.1
[06:33:51 INF] User registered successfully: 9e449b7e-7097-4e44-95b7-101a8e781e7a {"SourceContext": "App.Features.Authentication.RegisterUserCommandHandler", "ActionId": "d5532699-b1b8-480b-befb-4a7cac8045ee", "ActionName": "Api.Controllers.AuthController.Register (Api)", "RequestId": "0HNFGVK4NGCQ4", "RequestPath": "/api/auth/register", "Application": "Crud.Api"}
Activity.TraceId:            7b6b45d96eeb4fb3b18d2d179849fd27
Activity.SpanId:             6ca9280f170a98d8
Activity.TraceFlags:         Recorded
Activity.ActivitySourceName: Microsoft.AspNetCore
Activity.DisplayName:        POST api/Auth/register
Activity.Kind:               Server
Activity.StartTime:          2025-09-11T06:33:50.8126398Z
Activity.Duration:           00:00:00.4339123
Activity.Tags:
    server.address: localhost
    http.request.method: POST
    url.scheme: http
    url.path: /api/auth/register
    network.protocol.version: 1.1
    http.route: api/Auth/register
    http.response.status_code: 200
Resource associated with Activity:
    deployment.environment: Testing
    service.name: Crud.Api
    service.version: 1.0.0
    service.instance.id: 10e2e254-224c-48e1-a2d2-8bbb5483cf26
    telemetry.sdk.name: opentelemetry
    telemetry.sdk.language: dotnet
    telemetry.sdk.version: 1.8.1
[06:33:51 INF] User registered successfully: dabaccff-ea8b-456c-9269-d39600cfa00f {"SourceContext": "App.Features.Authentication.RegisterUserCommandHandler", "ActionId": "d5532699-b1b8-480b-befb-4a7cac8045ee", "ActionName": "Api.Controllers.AuthController.Register (Api)", "RequestId": "0HNFGVK4NGCQ5", "RequestPath": "/api/auth/register", "Application": "Crud.Api"}
Activity.TraceId:            57425e3743373f924f320fe49c3c5075
Activity.SpanId:             36f1a0931be2ffba
Activity.TraceFlags:         Recorded
Activity.ActivitySourceName: Microsoft.AspNetCore
Activity.DisplayName:        POST api/Auth/register
Activity.Kind:               Server
Activity.StartTime:          2025-09-11T06:33:50.8623284Z
Activity.Duration:           00:00:00.4404201
Activity.Tags:
    server.address: localhost
    http.request.method: POST
    url.scheme: http
    url.path: /api/auth/register
    network.protocol.version: 1.1
    http.route: api/Auth/register
    http.response.status_code: 200
Resource associated with Activity:
    deployment.environment: Testing
    service.name: Crud.Api
    service.version: 1.0.0
    service.instance.id: 10e2e254-224c-48e1-a2d2-8bbb5483cf26
    telemetry.sdk.name: opentelemetry
    telemetry.sdk.language: dotnet
    telemetry.sdk.version: 1.8.1
[06:33:51 INF] User registered successfully: 4db579fa-b0ce-478e-83ae-4de9f43e05a5 {"SourceContext": "App.Features.Authentication.RegisterUserCommandHandler", "ActionId": "d5532699-b1b8-480b-befb-4a7cac8045ee", "ActionName": "Api.Controllers.AuthController.Register (Api)", "RequestId": "0HNFGVK4NGCQ6", "RequestPath": "/api/auth/register", "Application": "Crud.Api"}
Activity.TraceId:            4d48c0c15693b22f11839709d0272294
Activity.SpanId:             b37b1fb1e3d7390f
Activity.TraceFlags:         Recorded
Activity.ActivitySourceName: Microsoft.AspNetCore
Activity.DisplayName:        POST api/Auth/register
Activity.Kind:               Server
Activity.StartTime:          2025-09-11T06:33:50.9114898Z
Activity.Duration:           00:00:00.4842714
Activity.Tags:
    server.address: localhost
    http.request.method: POST
    url.scheme: http
    url.path: /api/auth/register
    network.protocol.version: 1.1
    http.route: api/Auth/register
    http.response.status_code: 200
Resource associated with Activity:
    deployment.environment: Testing
    service.name: Crud.Api
    service.version: 1.0.0
    service.instance.id: 10e2e254-224c-48e1-a2d2-8bbb5483cf26
    telemetry.sdk.name: opentelemetry
    telemetry.sdk.language: dotnet
    telemetry.sdk.version: 1.8.1
[06:33:51 INF] User logged in successfully: 7e33b299-0be3-488a-8c52-b2b15b695e76 {"SourceContext": "App.Features.Authentication.LoginCommandHandler", "ActionId": "7cce7b7d-038a-4ca0-abae-18713d245d12", "ActionName": "Api.Controllers.AuthController.Login (Api)", "RequestId": "0HNFGVK4NGCQ8", "RequestPath": "/api/auth/login", "Application": "Crud.Api"}
Activity.TraceId:            703d8cee10ca82e9dfba446891d30bf1
Activity.SpanId:             24be17c21642b324
Activity.TraceFlags:         Recorded
Activity.ActivitySourceName: Microsoft.AspNetCore
Activity.DisplayName:        POST api/Auth/login
Activity.Kind:               Server
Activity.StartTime:          2025-09-11T06:33:51.1374472Z
Activity.Duration:           00:00:00.4239248
Activity.Tags:
    server.address: localhost
    http.request.method: POST
    url.scheme: http
    url.path: /api/auth/login
    network.protocol.version: 1.1
    http.route: api/Auth/login
    http.response.status_code: 200
Resource associated with Activity:
    deployment.environment: Testing
    service.name: Crud.Api
    service.version: 1.0.0
    service.instance.id: 10e2e254-224c-48e1-a2d2-8bbb5483cf26
    telemetry.sdk.name: opentelemetry
    telemetry.sdk.language: dotnet
    telemetry.sdk.version: 1.8.1
[06:33:51 DBG] Cache miss for key: entity:role:0440f2b6b114473e9eaa42a78cf12654 {"SourceContext": "Infrastructure.Services.Caching.InMemoryCacheService", "ActionId": "e159eb80-6b6b-470f-97f0-2aca4156befc", "ActionName": "Api.Controllers.PeopleController.Create (Api)", "RequestId": "0HNFGVK4NGCQA", "RequestPath": "/api/people", "Application": "Crud.Api"}
[06:33:51 DBG] Set cache value for key: entity:role:0440f2b6b114473e9eaa42a78cf12654 {"SourceContext": "Infrastructure.Services.Caching.InMemoryCacheService", "ActionId": "e159eb80-6b6b-470f-97f0-2aca4156befc", "ActionName": "Api.Controllers.PeopleController.Create (Api)", "RequestId": "0HNFGVK4NGCQA", "RequestPath": "/api/people", "Application": "Crud.Api"}
[06:33:51 DBG] Removed cache value for key: entity:person:6320be177eb4404fbc9777ab04ea5e73 {"SourceContext": "Infrastructure.Services.Caching.InMemoryCacheService", "ActionId": "e159eb80-6b6b-470f-97f0-2aca4156befc", "ActionName": "Api.Controllers.PeopleController.Create (Api)", "RequestId": "0HNFGVK4NGCQA", "RequestPath": "/api/people", "Application": "Crud.Api"}
[06:33:51 DBG] Removed cache value for key: list:person {"SourceContext": "Infrastructure.Services.Caching.InMemoryCacheService", "ActionId": "e159eb80-6b6b-470f-97f0-2aca4156befc", "ActionName": "Api.Controllers.PeopleController.Create (Api)", "RequestId": "0HNFGVK4NGCQA", "RequestPath": "/api/people", "Application": "Crud.Api"}
[06:33:51 DBG] Invalidating cache for entity type: people with tag: people {"SourceContext": "Api.Services.OutputCacheInvalidationService", "ActionId": "e159eb80-6b6b-470f-97f0-2aca4156befc", "ActionName": "Api.Controllers.PeopleController.Create (Api)", "RequestId": "0HNFGVK4NGCQA", "RequestPath": "/api/people", "Application": "Crud.Api"}
[06:33:51 INF] Successfully invalidated cache for entity type: people {"SourceContext": "Api.Services.OutputCacheInvalidationService", "ActionId": "e159eb80-6b6b-470f-97f0-2aca4156befc", "ActionName": "Api.Controllers.PeopleController.Create (Api)", "RequestId": "0HNFGVK4NGCQA", "RequestPath": "/api/people", "Application": "Crud.Api"}
Activity.TraceId:            a50ba163645759f149bb71f1c74302f0
Activity.SpanId:             9d17fe38e9a78666
Activity.TraceFlags:         Recorded
Activity.ActivitySourceName: Microsoft.AspNetCore
Activity.DisplayName:        POST api/People
Activity.Kind:               Server
Activity.StartTime:          2025-09-11T06:33:51.5668958Z
Activity.Duration:           00:00:00.0065784
Activity.Tags:
    server.address: localhost
    http.request.method: POST
    url.scheme: http
    url.path: /api/people
    network.protocol.version: 1.1
    http.route: api/People
    http.response.status_code: 201
Resource associated with Activity:
    deployment.environment: Testing
    service.name: Crud.Api
    service.version: 1.0.0
    service.instance.id: 10e2e254-224c-48e1-a2d2-8bbb5483cf26
    telemetry.sdk.name: opentelemetry
    telemetry.sdk.language: dotnet
    telemetry.sdk.version: 1.8.1
[06:33:51 INF] User logged in successfully: dc36602d-09f5-4df3-9f60-94e371d27093 {"SourceContext": "App.Features.Authentication.LoginCommandHandler", "ActionId": "7cce7b7d-038a-4ca0-abae-18713d245d12", "ActionName": "Api.Controllers.AuthController.Login (Api)", "RequestId": "0HNFGVK4NGCQ7", "RequestPath": "/api/auth/login", "Application": "Crud.Api"}
Activity.TraceId:            d366c5c1e15e5f09e102459851d87734
Activity.SpanId:             8aa9d55731bc4ee7
Activity.TraceFlags:         Recorded
Activity.ActivitySourceName: Microsoft.AspNetCore
Activity.DisplayName:        POST api/Auth/login
Activity.Kind:               Server
Activity.StartTime:          2025-09-11T06:33:51.0575920Z
Activity.Duration:           00:00:00.5205596
Activity.Tags:
    server.address: localhost
    http.request.method: POST
    url.scheme: http
    url.path: /api/auth/login
    network.protocol.version: 1.1
    http.route: api/Auth/login
    http.response.status_code: 200
Resource associated with Activity:
    deployment.environment: Testing
    service.name: Crud.Api
    service.version: 1.0.0
    service.instance.id: 10e2e254-224c-48e1-a2d2-8bbb5483cf26
    telemetry.sdk.name: opentelemetry
    telemetry.sdk.language: dotnet
    telemetry.sdk.version: 1.8.1
[06:33:51 INF] User logged in successfully: 9e449b7e-7097-4e44-95b7-101a8e781e7a {"SourceContext": "App.Features.Authentication.LoginCommandHandler", "ActionId": "7cce7b7d-038a-4ca0-abae-18713d245d12", "ActionName": "Api.Controllers.AuthController.Login (Api)", "RequestId": "0HNFGVK4NGCQ9", "RequestPath": "/api/auth/login", "Application": "Crud.Api"}
Activity.TraceId:            9c1df07b1c1d515c0e8d6e59caff403d
Activity.SpanId:             1873c884ffcecdbe
Activity.TraceFlags:         Recorded
Activity.ActivitySourceName: Microsoft.AspNetCore
Activity.DisplayName:        POST api/Auth/login
Activity.Kind:               Server
Activity.StartTime:          2025-09-11T06:33:51.2497405Z
Activity.Duration:           00:00:00.3953524
Activity.Tags:
    server.address: localhost
    http.request.method: POST
    url.scheme: http
    url.path: /api/auth/login
    network.protocol.version: 1.1
    http.route: api/Auth/login
    http.response.status_code: 200
Resource associated with Activity:
    deployment.environment: Testing
    service.name: Crud.Api
    service.version: 1.0.0
    service.instance.id: 10e2e254-224c-48e1-a2d2-8bbb5483cf26
    telemetry.sdk.name: opentelemetry
    telemetry.sdk.language: dotnet
    telemetry.sdk.version: 1.8.1
[06:33:51 DBG] Cache hit for key: entity:role:0440f2b6b114473e9eaa42a78cf12654 {"SourceContext": "Infrastructure.Services.Caching.InMemoryCacheService", "ActionId": "e159eb80-6b6b-470f-97f0-2aca4156befc", "ActionName": "Api.Controllers.PeopleController.Create (Api)", "RequestId": "0HNFGVK4NGCQD", "RequestPath": "/api/people", "Application": "Crud.Api"}
[06:33:51 ERR] Failed executing DbCommand (0ms) [Parameters=[@p0='0440f2b6-b114-473e-9eaa-42a78cf12654', @p1='2025-09-11T06:33:50.7084626' (DbType = DateTime), @p2='Test' (Size = 4), @p3='TestRole_89e4e24accbd41eda2a1922a840ef591' (Nullable = false) (Size = 41), @p4=NULL (DbType = Binary), @p5=NULL (DbType = DateTime)], CommandType='Text', CommandTimeout='30']
INSERT INTO "Roles" ("Id", "CreatedAt", "Description", "Name", "RowVersion", "UpdatedAt")
VALUES (@p0, @p1, @p2, @p3, @p4, @p5); {"EventId": {"Id": 20102, "Name": "Microsoft.EntityFrameworkCore.Database.Command.CommandError"}, "SourceContext": "Microsoft.EntityFrameworkCore.Database.Command", "ActionId": "e159eb80-6b6b-470f-97f0-2aca4156befc", "ActionName": "Api.Controllers.PeopleController.Create (Api)", "RequestId": "0HNFGVK4NGCQD", "RequestPath": "/api/people", "Application": "Crud.Api"}
[06:33:51 ERR] An exception occurred in the database while saving changes for context type 'Infrastructure.Data.ApplicationDbContext'.
Microsoft.EntityFrameworkCore.DbUpdateException: An error occurred while saving the entity changes. See the inner exception for details.
 ---&gt; Microsoft.Data.Sqlite.SqliteException (0x80004005): SQLite Error 19: 'UNIQUE constraint failed: Roles.Name'.
   at Microsoft.Data.Sqlite.SqliteException.ThrowExceptionForRC(Int32 rc, sqlite3 db)
   at Microsoft.Data.Sqlite.SqliteDataReader.NextResult()
   at Microsoft.Data.Sqlite.SqliteCommand.ExecuteReader(CommandBehavior behavior)
   at Microsoft.Data.Sqlite.SqliteCommand.ExecuteDbDataReaderAsync(CommandBehavior behavior, CancellationToken cancellationToken)
   at Microsoft.EntityFrameworkCore.Storage.RelationalCommand.ExecuteReaderAsync(RelationalCommandParameterObject parameterObject, CancellationToken cancellationToken)
   at Microsoft.EntityFrameworkCore.Storage.RelationalCommand.ExecuteReaderAsync(RelationalCommandParameterObject parameterObject, CancellationToken cancellationToken)
   at Microsoft.EntityFrameworkCore.Update.ReaderModificationCommandBatch.ExecuteAsync(IRelationalConnection connection, CancellationToken cancellationToken)
   --- End of inner exception stack trace ---
   at Microsoft.EntityFrameworkCore.Update.ReaderModificationCommandBatch.ExecuteAsync(IRelationalConnection connection, CancellationToken cancellationToken)
   at Microsoft.EntityFrameworkCore.Update.Internal.BatchExecutor.ExecuteAsync(IEnumerable`1 commandBatches, IRelationalConnection connection, CancellationToken cancellationToken)
   at Microsoft.EntityFrameworkCore.Update.Internal.BatchExecutor.ExecuteAsync(IEnumerable`1 commandBatches, IRelationalConnection connection, CancellationToken cancellationToken)
   at Microsoft.EntityFrameworkCore.Update.Internal.BatchExecutor.ExecuteAsync(IEnumerable`1 commandBatches, IRelationalConnection connection, CancellationToken cancellationToken)
   at Microsoft.EntityFrameworkCore.ChangeTracking.Internal.StateManager.SaveChangesAsync(IList`1 entriesToSave, CancellationToken cancellationToken)
   at Microsoft.EntityFrameworkCore.ChangeTracking.Internal.StateManager.SaveChangesAsync(StateManager stateManager, Boolean acceptAllChangesOnSuccess, CancellationToken cancellationToken)
   at Microsoft.EntityFrameworkCore.DbContext.SaveChangesAsync(Boolean acceptAllChangesOnSuccess, CancellationToken cancellationToken) {"EventId": {"Id": 10000, "Name": "Microsoft.EntityFrameworkCore.Update.SaveChangesFailed"}, "SourceContext": "Microsoft.EntityFrameworkCore.Update", "ActionId": "e159eb80-6b6b-470f-97f0-2aca4156befc", "ActionName": "Api.Controllers.PeopleController.Create (Api)", "RequestId": "0HNFGVK4NGCQD", "RequestPath": "/api/people", "Application": "Crud.Api"}
Microsoft.EntityFrameworkCore.DbUpdateException: An error occurred while saving the entity changes. See the inner exception for details.
 ---&gt; Microsoft.Data.Sqlite.SqliteException (0x80004005): SQLite Error 19: 'UNIQUE constraint failed: Roles.Name'.
   at Microsoft.Data.Sqlite.SqliteException.ThrowExceptionForRC(Int32 rc, sqlite3 db)
   at Microsoft.Data.Sqlite.SqliteDataReader.NextResult()
   at Microsoft.Data.Sqlite.SqliteCommand.ExecuteReader(CommandBehavior behavior)
   at Microsoft.Data.Sqlite.SqliteCommand.ExecuteDbDataReaderAsync(CommandBehavior behavior, CancellationToken cancellationToken)
   at Microsoft.EntityFrameworkCore.Storage.RelationalCommand.ExecuteReaderAsync(RelationalCommandParameterObject parameterObject, CancellationToken cancellationToken)
   at Microsoft.EntityFrameworkCore.Storage.RelationalCommand.ExecuteReaderAsync(RelationalCommandParameterObject parameterObject, CancellationToken cancellationToken)
   at Microsoft.EntityFrameworkCore.Update.ReaderModificationCommandBatch.ExecuteAsync(IRelationalConnection connection, CancellationToken cancellationToken)
   --- End of inner exception stack trace ---
   at Microsoft.EntityFrameworkCore.Update.ReaderModificationCommandBatch.ExecuteAsync(IRelationalConnection connection, CancellationToken cancellationToken)
   at Microsoft.EntityFrameworkCore.Update.Internal.BatchExecutor.ExecuteAsync(IEnumerable`1 commandBatches, IRelationalConnection connection, CancellationToken cancellationToken)
   at Microsoft.EntityFrameworkCore.Update.Internal.BatchExecutor.ExecuteAsync(IEnumerable`1 commandBatches, IRelationalConnection connection, CancellationToken cancellationToken)
   at Microsoft.EntityFrameworkCore.Update.Internal.BatchExecutor.ExecuteAsync(IEnumerable`1 commandBatches, IRelationalConnection connection, CancellationToken cancellationToken)
   at Microsoft.EntityFrameworkCore.ChangeTracking.Internal.StateManager.SaveChangesAsync(IList`1 entriesToSave, CancellationToken cancellationToken)
   at Microsoft.EntityFrameworkCore.ChangeTracking.Internal.StateManager.SaveChangesAsync(StateManager stateManager, Boolean acceptAllChangesOnSuccess, CancellationToken cancellationToken)
   at Microsoft.EntityFrameworkCore.DbContext.SaveChangesAsync(Boolean acceptAllChangesOnSuccess, CancellationToken cancellationToken)
[06:33:51 ERR] An unhandled exception occurred during request POST /api/people. Request ID: 0HNFGVK4NGCQD, User: Anonymous {"SourceContext": "Api.Middleware.GlobalExceptionHandlingMiddleware", "RequestPath": "/api/people", "Application": "Crud.Api"}
System.InvalidOperationException: Failed to create person. Please check that all referenced roles exist.
 ---&gt; Microsoft.EntityFrameworkCore.DbUpdateException: An error occurred while saving the entity changes. See the inner exception for details.
 ---&gt; Microsoft.Data.Sqlite.SqliteException (0x80004005): SQLite Error 19: 'UNIQUE constraint failed: Roles.Name'.
   at Microsoft.Data.Sqlite.SqliteException.ThrowExceptionForRC(Int32 rc, sqlite3 db)
   at Microsoft.Data.Sqlite.SqliteDataReader.NextResult()
   at Microsoft.Data.Sqlite.SqliteCommand.ExecuteReader(CommandBehavior behavior)
   at Microsoft.Data.Sqlite.SqliteCommand.ExecuteDbDataReaderAsync(CommandBehavior behavior, CancellationToken cancellationToken)
   at Microsoft.EntityFrameworkCore.Storage.RelationalCommand.ExecuteReaderAsync(RelationalCommandParameterObject parameterObject, CancellationToken cancellationToken)
   at Microsoft.EntityFrameworkCore.Storage.RelationalCommand.ExecuteReaderAsync(RelationalCommandParameterObject parameterObject, CancellationToken cancellationToken)
   at Microsoft.EntityFrameworkCore.Update.ReaderModificationCommandBatch.ExecuteAsync(IRelationalConnection connection, CancellationToken cancellationToken)
   --- End of inner exception stack trace ---
   at Microsoft.EntityFrameworkCore.Update.ReaderModificationCommandBatch.ExecuteAsync(IRelationalConnection connection, CancellationToken cancellationToken)
   at Microsoft.EntityFrameworkCore.Update.Internal.BatchExecutor.ExecuteAsync(IEnumerable`1 commandBatches, IRelationalConnection connection, CancellationToken cancellationToken)
   at Microsoft.EntityFrameworkCore.Update.Internal.BatchExecutor.ExecuteAsync(IEnumerable`1 commandBatches, IRelationalConnection connection, CancellationToken cancellationToken)
   at Microsoft.EntityFrameworkCore.Update.Internal.BatchExecutor.ExecuteAsync(IEnumerable`1 commandBatches, IRelationalConnection connection, CancellationToken cancellationToken)
   at Microsoft.EntityFrameworkCore.ChangeTracking.Internal.StateManager.SaveChangesAsync(IList`1 entriesToSave, CancellationToken cancellationToken)
   at Microsoft.EntityFrameworkCore.ChangeTracking.Internal.StateManager.SaveChangesAsync(StateManager stateManager, Boolean acceptAllChangesOnSuccess, CancellationToken cancellationToken)
   at Microsoft.EntityFrameworkCore.DbContext.SaveChangesAsync(Boolean acceptAllChangesOnSuccess, CancellationToken cancellationToken)
   at Microsoft.EntityFrameworkCore.DbContext.SaveChangesAsync(Boolean acceptAllChangesOnSuccess, CancellationToken cancellationToken)
   at Infrastructure.Resilience.DbContextResilienceExtensions.&lt;&gt;c__DisplayClass0_0.&lt;&lt;SaveChangesWithRetryAsync&gt;b__0&gt;d.MoveNext() in /home/runner/work/Crud/Crud/src/Infrastructure/Resilience/ResilientDbContext.cs:line 72
--- End of stack trace from previous location ---
   at Polly.CircuitBreaker.AsyncCircuitBreakerPolicy.&lt;&gt;c__DisplayClass8_0`1.&lt;&lt;ImplementationAsync&gt;b__0&gt;d.MoveNext()
--- End of stack trace from previous location ---
   at Polly.CircuitBreaker.AsyncCircuitBreakerEngine.ImplementationAsync[TResult](Func`3 action, Context context, Boolean continueOnCapturedContext, ExceptionPredicates shouldHandleExceptionPredicates, ResultPredicates`1 shouldHandleResultPredicates, ICircuitController`1 breakerController, CancellationToken cancellationToken)
   at Polly.CircuitBreaker.AsyncCircuitBreakerPolicy.ImplementationAsync[TResult](Func`3 action, Context context, CancellationToken cancellationToken, Boolean continueOnCapturedContext)
   at Polly.AsyncPolicy.ExecuteInternalAsync[TResult](Func`3 action, Context context, Boolean continueOnCapturedContext, CancellationToken cancellationToken)
   at Polly.Retry.AsyncRetryEngine.ImplementationAsync[TResult](Func`3 action, Context context, ExceptionPredicates shouldRetryExceptionPredicates, ResultPredicates`1 shouldRetryResultPredicates, Func`5 onRetryAsync, CancellationToken cancellationToken, Int32 permittedRetryCount, IEnumerable`1 sleepDurationsEnumerable, Func`4 sleepDurationProvider, Boolean continueOnCapturedContext)
   at Polly.AsyncPolicy.ExecuteInternalAsync[TResult](Func`3 action, Context context, Boolean continueOnCapturedContext, CancellationToken cancellationToken)
   at Polly.AsyncPolicy.ExecuteInternalAsync[TResult](Func`3 action, Context context, Boolean continueOnCapturedContext, CancellationToken cancellationToken)
   at Polly.Timeout.AsyncTimeoutEngine.ImplementationAsync[TResult](Func`3 action, Context context, Func`2 timeoutProvider, TimeoutStrategy timeoutStrategy, Func`5 onTimeoutAsync, Boolean continueOnCapturedContext, CancellationToken cancellationToken)
   at Polly.Timeout.AsyncTimeoutEngine.ImplementationAsync[TResult](Func`3 action, Context context, Func`2 timeoutProvider, TimeoutStrategy timeoutStrategy, Func`5 onTimeoutAsync, Boolean continueOnCapturedContext, CancellationToken cancellationToken)
   at Polly.AsyncPolicy.ExecuteInternalAsync[TResult](Func`3 action, Context context, Boolean continueOnCapturedContext, CancellationToken cancellationToken)
   at Polly.AsyncPolicy.ExecuteInternalAsync[TResult](Func`3 action, Context context, Boolean continueOnCapturedContext, CancellationToken cancellationToken)
   at Infrastructure.Resilience.DbContextResilienceExtensions.SaveChangesWithRetryAsync(DbContext context, ILogger logger, CancellationToken cancellationToken) in /home/runner/work/Crud/Crud/src/Infrastructure/Resilience/ResilientDbContext.cs:line 70
   at Infrastructure.Repositories.EntityFramework.EfPersonRepository.AddAsync(Person person, CancellationToken ct) in /home/runner/work/Crud/Crud/src/Infrastructure/Repositories/EntityFramework/EfPersonRepository.cs:line 37
   --- End of inner exception stack trace ---
   at Infrastructure.Repositories.EntityFramework.EfPersonRepository.AddAsync(Person person, CancellationToken ct) in /home/runner/work/Crud/Crud/src/Infrastructure/Repositories/EntityFramework/EfPersonRepository.cs:line 42
   at Infrastructure.Services.Caching.CachedPersonRepositoryDecorator.AddAsync(Person entity, CancellationToken cancellationToken) in /home/runner/work/Crud/Crud/src/Infrastructure/Services/Caching/CachedRepositoryDecorator.cs:line 190
   at App.Features.People.CreatePersonCommandHandler.Handle(CreatePersonCommand request, CancellationToken cancellationToken) in /home/runner/work/Crud/Crud/src/App/Features/People/CommandHandlers.cs:line 23
   at App.Behaviors.CacheInvalidationBehavior`2.Handle(TRequest request, RequestHandlerDelegate`1 next, CancellationToken cancellationToken)
   at App.Behaviors.CachingBehavior`2.Handle(TRequest request, RequestHandlerDelegate`1 next, CancellationToken cancellationToken)
   at App.Behaviors.ValidationBehavior`2.Handle(TRequest request, RequestHandlerDelegate`1 next, CancellationToken cancellationToken)
   at Api.Controllers.PeopleController.Create(CreatePersonRequest request, CancellationToken ct) in /home/runner/work/Crud/Crud/src/Api/Controllers/PeopleController.cs:line 73
   at lambda_method1765(Closure, Object)
   at Microsoft.AspNetCore.Mvc.Infrastructure.ActionMethodExecutor.AwaitableObjectResultExecutor.Execute(ActionContext actionContext, IActionResultTypeMapper mapper, ObjectMethodExecutor executor, Object controller, Object[] arguments)
   at Microsoft.AspNetCore.Mvc.Infrastructure.ControllerActionInvoker.&lt;InvokeActionMethodAsync&gt;g__Logged|12_1(ControllerActionInvoker invoker)
   at Microsoft.AspNetCore.Mvc.Infrastructure.ControllerActionInvoker.&lt;InvokeNextActionFilterAsync&gt;g__Awaited|10_0(ControllerActionInvoker invoker, Task lastTask, State next, Scope scope, Object state, Boolean isCompleted)
   at Microsoft.AspNetCore.Mvc.Infrastructure.ControllerActionInvoker.Rethrow(ActionExecutedContextSealed context)
   at Microsoft.AspNetCore.Mvc.Infrastructure.ControllerActionInvoker.Next(State&amp; next, Scope&amp; scope, Object&amp; state, Boolean&amp; isCompleted)
   at Microsoft.AspNetCore.Mvc.Infrastructure.ControllerActionInvoker.InvokeInnerFilterAsync()
--- End of stack trace from previous location ---
   at Microsoft.AspNetCore.Mvc.Infrastructure.ResourceInvoker.&lt;InvokeFilterPipelineAsync&gt;g__Awaited|20_0(ResourceInvoker invoker, Task lastTask, State next, Scope scope, Object state, Boolean isCompleted)
   at Microsoft.AspNetCore.Mvc.Infrastructure.ResourceInvoker.&lt;InvokeAsync&gt;g__Logged|17_1(ResourceInvoker invoker)
   at Microsoft.AspNetCore.Mvc.Infrastructure.ResourceInvoker.&lt;InvokeAsync&gt;g__Logged|17_1(ResourceInvoker invoker)
   at Api.Middleware.ConditionalRequestMiddleware.InvokeAsync(HttpContext context) in /home/runner/work/Crud/Crud/src/Api/Middleware/ConditionalRequestMiddleware.cs:line 31
   at Microsoft.AspNetCore.Authorization.AuthorizationMiddleware.Invoke(HttpContext context)
   at Microsoft.AspNetCore.Authentication.AuthenticationMiddleware.Invoke(HttpContext context)
   at Microsoft.AspNetCore.RateLimiting.RateLimitingMiddleware.InvokeInternal(HttpContext context, EnableRateLimitingAttribute enableRateLimitingAttribute)
   at Api.Middleware.GlobalExceptionHandlingMiddleware.InvokeAsync(HttpContext context) in /home/runner/work/Crud/Crud/src/Api/Middleware/GlobalExceptionHandlingMiddleware.cs:line 27
Activity.TraceId:            70f9607c73f55ee375b0b8856683858b
Activity.SpanId:             b850cbb755214f4d
Activity.TraceFlags:         Recorded
Activity.ActivitySourceName: Microsoft.AspNetCore
Activity.DisplayName:        POST api/People
Activity.Kind:               Server
Activity.StartTime:          2025-09-11T06:33:51.6465669Z
Activity.Duration:           00:00:00.0270085
Activity.Tags:
    server.address: localhost
    http.request.method: POST
    url.scheme: http
    url.path: /api/people
    network.protocol.version: 1.1
    http.route: api/People
    http.response.status_code: 409
Resource associated with Activity:
    deployment.environment: Testing
    service.name: Crud.Api
    service.version: 1.0.0
    service.instance.id: 10e2e254-224c-48e1-a2d2-8bbb5483cf26
    telemetry.sdk.name: opentelemetry
    telemetry.sdk.language: dotnet
    telemetry.sdk.version: 1.8.1
[06:33:51 DBG] Cache hit for key: entity:role:0440f2b6b114473e9eaa42a78cf12654 {"SourceContext": "Infrastructure.Services.Caching.InMemoryCacheService", "ActionId": "e159eb80-6b6b-470f-97f0-2aca4156befc", "ActionName": "Api.Controllers.PeopleController.Create (Api)", "RequestId": "0HNFGVK4NGCQE", "RequestPath": "/api/people", "Application": "Crud.Api"}
[06:33:51 ERR] Failed executing DbCommand (0ms) [Parameters=[@p0='0440f2b6-b114-473e-9eaa-42a78cf12654', @p1='2025-09-11T06:33:50.7084626' (DbType = DateTime), @p2='Test' (Size = 4), @p3='TestRole_89e4e24accbd41eda2a1922a840ef591' (Nullable = false) (Size = 41), @p4=NULL (DbType = Binary), @p5=NULL (DbType = DateTime)], CommandType='Text', CommandTimeout='30']
INSERT INTO "Roles" ("Id", "CreatedAt", "Description", "Name", "RowVersion", "UpdatedAt")
VALUES (@p0, @p1, @p2, @p3, @p4, @p5); {"EventId": {"Id": 20102, "Name": "Microsoft.EntityFrameworkCore.Database.Command.CommandError"}, "SourceContext": "Microsoft.EntityFrameworkCore.Database.Command", "ActionId": "e159eb80-6b6b-470f-97f0-2aca4156befc", "ActionName": "Api.Controllers.PeopleController.Create (Api)", "RequestId": "0HNFGVK4NGCQE", "RequestPath": "/api/people", "Application": "Crud.Api"}
[06:33:51 ERR] An exception occurred in the database while saving changes for context type 'Infrastructure.Data.ApplicationDbContext'.
Microsoft.EntityFrameworkCore.DbUpdateException: An error occurred while saving the entity changes. See the inner exception for details.
 ---&gt; Microsoft.Data.Sqlite.SqliteException (0x80004005): SQLite Error 19: 'UNIQUE constraint failed: Roles.Name'.
   at Microsoft.Data.Sqlite.SqliteException.ThrowExceptionForRC(Int32 rc, sqlite3 db)
   at Microsoft.Data.Sqlite.SqliteDataReader.NextResult()
   at Microsoft.Data.Sqlite.SqliteCommand.ExecuteReader(CommandBehavior behavior)
   at Microsoft.Data.Sqlite.SqliteCommand.ExecuteDbDataReaderAsync(CommandBehavior behavior, CancellationToken cancellationToken)
   at Microsoft.EntityFrameworkCore.Storage.RelationalCommand.ExecuteReaderAsync(RelationalCommandParameterObject parameterObject, CancellationToken cancellationToken)
   at Microsoft.EntityFrameworkCore.Storage.RelationalCommand.ExecuteReaderAsync(RelationalCommandParameterObject parameterObject, CancellationToken cancellationToken)
   at Microsoft.EntityFrameworkCore.Update.ReaderModificationCommandBatch.ExecuteAsync(IRelationalConnection connection, CancellationToken cancellationToken)
   --- End of inner exception stack trace ---
   at Microsoft.EntityFrameworkCore.Update.ReaderModificationCommandBatch.ExecuteAsync(IRelationalConnection connection, CancellationToken cancellationToken)
   at Microsoft.EntityFrameworkCore.Update.Internal.BatchExecutor.ExecuteAsync(IEnumerable`1 commandBatches, IRelationalConnection connection, CancellationToken cancellationToken)
   at Microsoft.EntityFrameworkCore.Update.Internal.BatchExecutor.ExecuteAsync(IEnumerable`1 commandBatches, IRelationalConnection connection, CancellationToken cancellationToken)
   at Microsoft.EntityFrameworkCore.Update.Internal.BatchExecutor.ExecuteAsync(IEnumerable`1 commandBatches, IRelationalConnection connection, CancellationToken cancellationToken)
   at Microsoft.EntityFrameworkCore.ChangeTracking.Internal.StateManager.SaveChangesAsync(IList`1 entriesToSave, CancellationToken cancellationToken)
   at Microsoft.EntityFrameworkCore.ChangeTracking.Internal.StateManager.SaveChangesAsync(StateManager stateManager, Boolean acceptAllChangesOnSuccess, CancellationToken cancellationToken)
   at Microsoft.EntityFrameworkCore.DbContext.SaveChangesAsync(Boolean acceptAllChangesOnSuccess, CancellationToken cancellationToken) {"EventId": {"Id": 10000, "Name": "Microsoft.EntityFrameworkCore.Update.SaveChangesFailed"}, "SourceContext": "Microsoft.EntityFrameworkCore.Update", "ActionId": "e159eb80-6b6b-470f-97f0-2aca4156befc", "ActionName": "Api.Controllers.PeopleController.Create (Api)", "RequestId": "0HNFGVK4NGCQE", "RequestPath": "/api/people", "Application": "Crud.Api"}
Microsoft.EntityFrameworkCore.DbUpdateException: An error occurred while saving the entity changes. See the inner exception for details.
 ---&gt; Microsoft.Data.Sqlite.SqliteException (0x80004005): SQLite Error 19: 'UNIQUE constraint failed: Roles.Name'.
   at Microsoft.Data.Sqlite.SqliteException.ThrowExceptionForRC(Int32 rc, sqlite3 db)
   at Microsoft.Data.Sqlite.SqliteDataReader.NextResult()
   at Microsoft.Data.Sqlite.SqliteCommand.ExecuteReader(CommandBehavior behavior)
   at Microsoft.Data.Sqlite.SqliteCommand.ExecuteDbDataReaderAsync(CommandBehavior behavior, CancellationToken cancellationToken)
   at Microsoft.EntityFrameworkCore.Storage.RelationalCommand.ExecuteReaderAsync(RelationalCommandParameterObject parameterObject, CancellationToken cancellationToken)
   at Microsoft.EntityFrameworkCore.Storage.RelationalCommand.ExecuteReaderAsync(RelationalCommandParameterObject parameterObject, CancellationToken cancellationToken)
   at Microsoft.EntityFrameworkCore.Update.ReaderModificationCommandBatch.ExecuteAsync(IRelationalConnection connection, CancellationToken cancellationToken)
   --- End of inner exception stack trace ---
   at Microsoft.EntityFrameworkCore.Update.ReaderModificationCommandBatch.ExecuteAsync(IRelationalConnection connection, CancellationToken cancellationToken)
   at Microsoft.EntityFrameworkCore.Update.Internal.BatchExecutor.ExecuteAsync(IEnumerable`1 commandBatches, IRelationalConnection connection, CancellationToken cancellationToken)
   at Microsoft.EntityFrameworkCore.Update.Internal.BatchExecutor.ExecuteAsync(IEnumerable`1 commandBatches, IRelationalConnection connection, CancellationToken cancellationToken)
   at Microsoft.EntityFrameworkCore.Update.Internal.BatchExecutor.ExecuteAsync(IEnumerable`1 commandBatches, IRelationalConnection connection, CancellationToken cancellationToken)
   at Microsoft.EntityFrameworkCore.ChangeTracking.Internal.StateManager.SaveChangesAsync(IList`1 entriesToSave, CancellationToken cancellationToken)
   at Microsoft.EntityFrameworkCore.ChangeTracking.Internal.StateManager.SaveChangesAsync(StateManager stateManager, Boolean acceptAllChangesOnSuccess, CancellationToken cancellationToken)
   at Microsoft.EntityFrameworkCore.DbContext.SaveChangesAsync(Boolean acceptAllChangesOnSuccess, CancellationToken cancellationToken)
[06:33:51 ERR] An unhandled exception occurred during request POST /api/people. Request ID: 0HNFGVK4NGCQE, User: Anonymous {"SourceContext": "Api.Middleware.GlobalExceptionHandlingMiddleware", "RequestPath": "/api/people", "Application": "Crud.Api"}
System.InvalidOperationException: Failed to create person. Please check that all referenced roles exist.
 ---&gt; Microsoft.EntityFrameworkCore.DbUpdateException: An error occurred while saving the entity changes. See the inner exception for details.
 ---&gt; Microsoft.Data.Sqlite.SqliteException (0x80004005): SQLite Error 19: 'UNIQUE constraint failed: Roles.Name'.
   at Microsoft.Data.Sqlite.SqliteException.ThrowExceptionForRC(Int32 rc, sqlite3 db)
   at Microsoft.Data.Sqlite.SqliteDataReader.NextResult()
   at Microsoft.Data.Sqlite.SqliteCommand.ExecuteReader(CommandBehavior behavior)
   at Microsoft.Data.Sqlite.SqliteCommand.ExecuteDbDataReaderAsync(CommandBehavior behavior, CancellationToken cancellationToken)
   at Microsoft.EntityFrameworkCore.Storage.RelationalCommand.ExecuteReaderAsync(RelationalCommandParameterObject parameterObject, CancellationToken cancellationToken)
   at Microsoft.EntityFrameworkCore.Storage.RelationalCommand.ExecuteReaderAsync(RelationalCommandParameterObject parameterObject, CancellationToken cancellationToken)
   at Microsoft.EntityFrameworkCore.Update.ReaderModificationCommandBatch.ExecuteAsync(IRelationalConnection connection, CancellationToken cancellationToken)
   --- End of inner exception stack trace ---
   at Microsoft.EntityFrameworkCore.Update.ReaderModificationCommandBatch.ExecuteAsync(IRelationalConnection connection, CancellationToken cancellationToken)
   at Microsoft.EntityFrameworkCore.Update.Internal.BatchExecutor.ExecuteAsync(IEnumerable`1 commandBatches, IRelationalConnection connection, CancellationToken cancellationToken)
   at Microsoft.EntityFrameworkCore.Update.Internal.BatchExecutor.ExecuteAsync(IEnumerable`1 commandBatches, IRelationalConnection connection, CancellationToken cancellationToken)
   at Microsoft.EntityFrameworkCore.Update.Internal.BatchExecutor.ExecuteAsync(IEnumerable`1 commandBatches, IRelationalConnection connection, CancellationToken cancellationToken)
   at Microsoft.EntityFrameworkCore.ChangeTracking.Internal.StateManager.SaveChangesAsync(IList`1 entriesToSave, CancellationToken cancellationToken)
   at Microsoft.EntityFrameworkCore.ChangeTracking.Internal.StateManager.SaveChangesAsync(StateManager stateManager, Boolean acceptAllChangesOnSuccess, CancellationToken cancellationToken)
   at Microsoft.EntityFrameworkCore.DbContext.SaveChangesAsync(Boolean acceptAllChangesOnSuccess, CancellationToken cancellationToken)
   at Microsoft.EntityFrameworkCore.DbContext.SaveChangesAsync(Boolean acceptAllChangesOnSuccess, CancellationToken cancellationToken)
   at Infrastructure.Resilience.DbContextResilienceExtensions.&lt;&gt;c__DisplayClass0_0.&lt;&lt;SaveChangesWithRetryAsync&gt;b__0&gt;d.MoveNext() in /home/runner/work/Crud/Crud/src/Infrastructure/Resilience/ResilientDbContext.cs:line 72
--- End of stack trace from previous location ---
   at Polly.CircuitBreaker.AsyncCircuitBreakerPolicy.&lt;&gt;c__DisplayClass8_0`1.&lt;&lt;ImplementationAsync&gt;b__0&gt;d.MoveNext()
--- End of stack trace from previous location ---
   at Polly.CircuitBreaker.AsyncCircuitBreakerEngine.ImplementationAsync[TResult](Func`3 action, Context context, Boolean continueOnCapturedContext, ExceptionPredicates shouldHandleExceptionPredicates, ResultPredicates`1 shouldHandleResultPredicates, ICircuitController`1 breakerController, CancellationToken cancellationToken)
   at Polly.CircuitBreaker.AsyncCircuitBreakerPolicy.ImplementationAsync[TResult](Func`3 action, Context context, CancellationToken cancellationToken, Boolean continueOnCapturedContext)
   at Polly.AsyncPolicy.ExecuteInternalAsync[TResult](Func`3 action, Context context, Boolean continueOnCapturedContext, CancellationToken cancellationToken)
   at Polly.Retry.AsyncRetryEngine.ImplementationAsync[TResult](Func`3 action, Context context, ExceptionPredicates shouldRetryExceptionPredicates, ResultPredicates`1 shouldRetryResultPredicates, Func`5 onRetryAsync, CancellationToken cancellationToken, Int32 permittedRetryCount, IEnumerable`1 sleepDurationsEnumerable, Func`4 sleepDurationProvider, Boolean continueOnCapturedContext)
   at Polly.AsyncPolicy.ExecuteInternalAsync[TResult](Func`3 action, Context context, Boolean continueOnCapturedContext, CancellationToken cancellationToken)
   at Polly.AsyncPolicy.ExecuteInternalAsync[TResult](Func`3 action, Context context, Boolean continueOnCapturedContext, CancellationToken cancellationToken)
   at Polly.Timeout.AsyncTimeoutEngine.ImplementationAsync[TResult](Func`3 action, Context context, Func`2 timeoutProvider, TimeoutStrategy timeoutStrategy, Func`5 onTimeoutAsync, Boolean continueOnCapturedContext, CancellationToken cancellationToken)
   at Polly.Timeout.AsyncTimeoutEngine.ImplementationAsync[TResult](Func`3 action, Context context, Func`2 timeoutProvider, TimeoutStrategy timeoutStrategy, Func`5 onTimeoutAsync, Boolean continueOnCapturedContext, CancellationToken cancellationToken)
   at Polly.AsyncPolicy.ExecuteInternalAsync[TResult](Func`3 action, Context context, Boolean continueOnCapturedContext, CancellationToken cancellationToken)
   at Polly.AsyncPolicy.ExecuteInternalAsync[TResult](Func`3 action, Context context, Boolean continueOnCapturedContext, CancellationToken cancellationToken)
   at Infrastructure.Resilience.DbContextResilienceExtensions.SaveChangesWithRetryAsync(DbContext context, ILogger logger, CancellationToken cancellationToken) in /home/runner/work/Crud/Crud/src/Infrastructure/Resilience/ResilientDbContext.cs:line 70
   at Infrastructure.Repositories.EntityFramework.EfPersonRepository.AddAsync(Person person, CancellationToken ct) in /home/runner/work/Crud/Crud/src/Infrastructure/Repositories/EntityFramework/EfPersonRepository.cs:line 37
   --- End of inner exception stack trace ---
   at Infrastructure.Repositories.EntityFramework.EfPersonRepository.AddAsync(Person person, CancellationToken ct) in /home/runner/work/Crud/Crud/src/Infrastructure/Repositories/EntityFramework/EfPersonRepository.cs:line 42
   at Infrastructure.Services.Caching.CachedPersonRepositoryDecorator.AddAsync(Person entity, CancellationToken cancellationToken) in /home/runner/work/Crud/Crud/src/Infrastructure/Services/Caching/CachedRepositoryDecorator.cs:line 190
   at App.Features.People.CreatePersonCommandHandler.Handle(CreatePersonCommand request, CancellationToken cancellationToken) in /home/runner/work/Crud/Crud/src/App/Features/People/CommandHandlers.cs:line 23
   at App.Behaviors.CacheInvalidationBehavior`2.Handle(TRequest request, RequestHandlerDelegate`1 next, CancellationToken cancellationToken)
   at App.Behaviors.CachingBehavior`2.Handle(TRequest request, RequestHandlerDelegate`1 next, CancellationToken cancellationToken)
   at App.Behaviors.ValidationBehavior`2.Handle(TRequest request, RequestHandlerDelegate`1 next, CancellationToken cancellationToken)
   at Api.Controllers.PeopleController.Create(CreatePersonRequest request, CancellationToken ct) in /home/runner/work/Crud/Crud/src/Api/Controllers/PeopleController.cs:line 73
   at lambda_method1765(Closure, Object)
   at Microsoft.AspNetCore.Mvc.Infrastructure.ActionMethodExecutor.AwaitableObjectResultExecutor.Execute(ActionContext actionContext, IActionResultTypeMapper mapper, ObjectMethodExecutor executor, Object controller, Object[] arguments)
   at Microsoft.AspNetCore.Mvc.Infrastructure.ControllerActionInvoker.&lt;InvokeActionMethodAsync&gt;g__Logged|12_1(ControllerActionInvoker invoker)
   at Microsoft.AspNetCore.Mvc.Infrastructure.ControllerActionInvoker.&lt;InvokeNextActionFilterAsync&gt;g__Awaited|10_0(ControllerActionInvoker invoker, Task lastTask, State next, Scope scope, Object state, Boolean isCompleted)
   at Microsoft.AspNetCore.Mvc.Infrastructure.ControllerActionInvoker.Rethrow(ActionExecutedContextSealed context)
   at Microsoft.AspNetCore.Mvc.Infrastructure.ControllerActionInvoker.Next(State&amp; next, Scope&amp; scope, Object&amp; state, Boolean&amp; isCompleted)
   at Microsoft.AspNetCore.Mvc.Infrastructure.ControllerActionInvoker.InvokeInnerFilterAsync()
--- End of stack trace from previous location ---
   at Microsoft.AspNetCore.Mvc.Infrastructure.ResourceInvoker.&lt;InvokeFilterPipelineAsync&gt;g__Awaited|20_0(ResourceInvoker invoker, Task lastTask, State next, Scope scope, Object state, Boolean isCompleted)
   at Microsoft.AspNetCore.Mvc.Infrastructure.ResourceInvoker.&lt;InvokeAsync&gt;g__Logged|17_1(ResourceInvoker invoker)
   at Microsoft.AspNetCore.Mvc.Infrastructure.ResourceInvoker.&lt;InvokeAsync&gt;g__Logged|17_1(ResourceInvoker invoker)
   at Api.Middleware.ConditionalRequestMiddleware.InvokeAsync(HttpContext context) in /home/runner/work/Crud/Crud/src/Api/Middleware/ConditionalRequestMiddleware.cs:line 31
   at Microsoft.AspNetCore.Authorization.AuthorizationMiddleware.Invoke(HttpContext context)
   at Microsoft.AspNetCore.Authentication.AuthenticationMiddleware.Invoke(HttpContext context)
   at Microsoft.AspNetCore.RateLimiting.RateLimitingMiddleware.InvokeInternal(HttpContext context, EnableRateLimitingAttribute enableRateLimitingAttribute)
   at Api.Middleware.GlobalExceptionHandlingMiddleware.InvokeAsync(HttpContext context) in /home/runner/work/Crud/Crud/src/Api/Middleware/GlobalExceptionHandlingMiddleware.cs:line 27
Activity.TraceId:            2b6cf03f59f3b781703aadb3392af9df
Activity.SpanId:             caed5558f0159213
Activity.TraceFlags:         Recorded
Activity.ActivitySourceName: Microsoft.AspNetCore
Activity.DisplayName:        POST api/People
Activity.Kind:               Server
Activity.StartTime:          2025-09-11T06:33:51.6738404Z
Activity.Duration:           00:00:00.0085084
Activity.Tags:
    server.address: localhost
    http.request.method: POST
    url.scheme: http
    url.path: /api/people
    network.protocol.version: 1.1
    http.route: api/People
    http.response.status_code: 409
Resource associated with Activity:
    deployment.environment: Testing
    service.name: Crud.Api
    service.version: 1.0.0
    service.instance.id: 10e2e254-224c-48e1-a2d2-8bbb5483cf26
    telemetry.sdk.name: opentelemetry
    telemetry.sdk.language: dotnet
    telemetry.sdk.version: 1.8.1
[06:33:51 INF] User logged in successfully: 4db579fa-b0ce-478e-83ae-4de9f43e05a5 {"SourceContext": "App.Features.Authentication.LoginCommandHandler", "ActionId": "7cce7b7d-038a-4ca0-abae-18713d245d12", "ActionName": "Api.Controllers.AuthController.Login (Api)", "RequestId": "0HNFGVK4NGCQC", "RequestPath": "/api/auth/login", "Application": "Crud.Api"}
Activity.TraceId:            0a3b5f942b945a6f4b8bd6e5484b308f
Activity.SpanId:             3a567eb2d9776f04
Activity.TraceFlags:         Recorded
Activity.ActivitySourceName: Microsoft.AspNetCore
Activity.DisplayName:        POST api/Auth/login
Activity.Kind:               Server
Activity.StartTime:          2025-09-11T06:33:51.5783503Z
Activity.Duration:           00:00:00.3057570
Activity.Tags:
    server.address: localhost
    http.request.method: POST
    url.scheme: http
    url.path: /api/auth/login
    network.protocol.version: 1.1
    http.route: api/Auth/login
    http.response.status_code: 200
Resource associated with Activity:
    deployment.environment: Testing
    service.name: Crud.Api
    service.version: 1.0.0
    service.instance.id: 10e2e254-224c-48e1-a2d2-8bbb5483cf26
    telemetry.sdk.name: opentelemetry
    telemetry.sdk.language: dotnet
    telemetry.sdk.version: 1.8.1
[06:33:51 DBG] Cache hit for key: entity:role:0440f2b6b114473e9eaa42a78cf12654 {"SourceContext": "Infrastructure.Services.Caching.InMemoryCacheService", "ActionId": "e159eb80-6b6b-470f-97f0-2aca4156befc", "ActionName": "Api.Controllers.PeopleController.Create (Api)", "RequestId": "0HNFGVK4NGCQF", "RequestPath": "/api/people", "Application": "Crud.Api"}
[06:33:51 ERR] Failed executing DbCommand (0ms) [Parameters=[@p0='0440f2b6-b114-473e-9eaa-42a78cf12654', @p1='2025-09-11T06:33:50.7084626' (DbType = DateTime), @p2='Test' (Size = 4), @p3='TestRole_89e4e24accbd41eda2a1922a840ef591' (Nullable = false) (Size = 41), @p4=NULL (DbType = Binary), @p5=NULL (DbType = DateTime)], CommandType='Text', CommandTimeout='30']
INSERT INTO "Roles" ("Id", "CreatedAt", "Description", "Name", "RowVersion", "UpdatedAt")
VALUES (@p0, @p1, @p2, @p3, @p4, @p5); {"EventId": {"Id": 20102, "Name": "Microsoft.EntityFrameworkCore.Database.Command.CommandError"}, "SourceContext": "Microsoft.EntityFrameworkCore.Database.Command", "ActionId": "e159eb80-6b6b-470f-97f0-2aca4156befc", "ActionName": "Api.Controllers.PeopleController.Create (Api)", "RequestId": "0HNFGVK4NGCQF", "RequestPath": "/api/people", "Application": "Crud.Api"}
[06:33:51 ERR] An exception occurred in the database while saving changes for context type 'Infrastructure.Data.ApplicationDbContext'.
Microsoft.EntityFrameworkCore.DbUpdateException: An error occurred while saving the entity changes. See the inner exception for details.
 ---&gt; Microsoft.Data.Sqlite.SqliteException (0x80004005): SQLite Error 19: 'UNIQUE constraint failed: Roles.Name'.
   at Microsoft.Data.Sqlite.SqliteException.ThrowExceptionForRC(Int32 rc, sqlite3 db)
   at Microsoft.Data.Sqlite.SqliteDataReader.NextResult()
   at Microsoft.Data.Sqlite.SqliteCommand.ExecuteReader(CommandBehavior behavior)
   at Microsoft.Data.Sqlite.SqliteCommand.ExecuteDbDataReaderAsync(CommandBehavior behavior, CancellationToken cancellationToken)
   at Microsoft.EntityFrameworkCore.Storage.RelationalCommand.ExecuteReaderAsync(RelationalCommandParameterObject parameterObject, CancellationToken cancellationToken)
   at Microsoft.EntityFrameworkCore.Storage.RelationalCommand.ExecuteReaderAsync(RelationalCommandParameterObject parameterObject, CancellationToken cancellationToken)
   at Microsoft.EntityFrameworkCore.Update.ReaderModificationCommandBatch.ExecuteAsync(IRelationalConnection connection, CancellationToken cancellationToken)
   --- End of inner exception stack trace ---
   at Microsoft.EntityFrameworkCore.Update.ReaderModificationCommandBatch.ExecuteAsync(IRelationalConnection connection, CancellationToken cancellationToken)
   at Microsoft.EntityFrameworkCore.Update.Internal.BatchExecutor.ExecuteAsync(IEnumerable`1 commandBatches, IRelationalConnection connection, CancellationToken cancellationToken)
   at Microsoft.EntityFrameworkCore.Update.Internal.BatchExecutor.ExecuteAsync(IEnumerable`1 commandBatches, IRelationalConnection connection, CancellationToken cancellationToken)
   at Microsoft.EntityFrameworkCore.Update.Internal.BatchExecutor.ExecuteAsync(IEnumerable`1 commandBatches, IRelationalConnection connection, CancellationToken cancellationToken)
   at Microsoft.EntityFrameworkCore.ChangeTracking.Internal.StateManager.SaveChangesAsync(IList`1 entriesToSave, CancellationToken cancellationToken)
   at Microsoft.EntityFrameworkCore.ChangeTracking.Internal.StateManager.SaveChangesAsync(StateManager stateManager, Boolean acceptAllChangesOnSuccess, CancellationToken cancellationToken)
   at Microsoft.EntityFrameworkCore.DbContext.SaveChangesAsync(Boolean acceptAllChangesOnSuccess, CancellationToken cancellationToken) {"EventId": {"Id": 10000, "Name": "Microsoft.EntityFrameworkCore.Update.SaveChangesFailed"}, "SourceContext": "Microsoft.EntityFrameworkCore.Update", "ActionId": "e159eb80-6b6b-470f-97f0-2aca4156befc", "ActionName": "Api.Controllers.PeopleController.Create (Api)", "RequestId": "0HNFGVK4NGCQF", "RequestPath": "/api/people", "Application": "Crud.Api"}
Microsoft.EntityFrameworkCore.DbUpdateException: An error occurred while saving the entity changes. See the inner exception for details.
 ---&gt; Microsoft.Data.Sqlite.SqliteException (0x80004005): SQLite Error 19: 'UNIQUE constraint failed: Roles.Name'.
   at Microsoft.Data.Sqlite.SqliteException.ThrowExceptionForRC(Int32 rc, sqlite3 db)
   at Microsoft.Data.Sqlite.SqliteDataReader.NextResult()
   at Microsoft.Data.Sqlite.SqliteCommand.ExecuteReader(CommandBehavior behavior)
   at Microsoft.Data.Sqlite.SqliteCommand.ExecuteDbDataReaderAsync(CommandBehavior behavior, CancellationToken cancellationToken)
   at Microsoft.EntityFrameworkCore.Storage.RelationalCommand.ExecuteReaderAsync(RelationalCommandParameterObject parameterObject, CancellationToken cancellationToken)
   at Microsoft.EntityFrameworkCore.Storage.RelationalCommand.ExecuteReaderAsync(RelationalCommandParameterObject parameterObject, CancellationToken cancellationToken)
   at Microsoft.EntityFrameworkCore.Update.ReaderModificationCommandBatch.ExecuteAsync(IRelationalConnection connection, CancellationToken cancellationToken)
   --- End of inner exception stack trace ---
   at Microsoft.EntityFrameworkCore.Update.ReaderModificationCommandBatch.ExecuteAsync(IRelationalConnection connection, CancellationToken cancellationToken)
   at Microsoft.EntityFrameworkCore.Update.Internal.BatchExecutor.ExecuteAsync(IEnumerable`1 commandBatches, IRelationalConnection connection, CancellationToken cancellationToken)
   at Microsoft.EntityFrameworkCore.Update.Internal.BatchExecutor.ExecuteAsync(IEnumerable`1 commandBatches, IRelationalConnection connection, CancellationToken cancellationToken)
   at Microsoft.EntityFrameworkCore.Update.Internal.BatchExecutor.ExecuteAsync(IEnumerable`1 commandBatches, IRelationalConnection connection, CancellationToken cancellationToken)
   at Microsoft.EntityFrameworkCore.ChangeTracking.Internal.StateManager.SaveChangesAsync(IList`1 entriesToSave, CancellationToken cancellationToken)
   at Microsoft.EntityFrameworkCore.ChangeTracking.Internal.StateManager.SaveChangesAsync(StateManager stateManager, Boolean acceptAllChangesOnSuccess, CancellationToken cancellationToken)
   at Microsoft.EntityFrameworkCore.DbContext.SaveChangesAsync(Boolean acceptAllChangesOnSuccess, CancellationToken cancellationToken)
[06:33:51 ERR] An unhandled exception occurred during request POST /api/people. Request ID: 0HNFGVK4NGCQF, User: Anonymous {"SourceContext": "Api.Middleware.GlobalExceptionHandlingMiddleware", "RequestPath": "/api/people", "Application": "Crud.Api"}
System.InvalidOperationException: Failed to create person. Please check that all referenced roles exist.
 ---&gt; Microsoft.EntityFrameworkCore.DbUpdateException: An error occurred while saving the entity changes. See the inner exception for details.
 ---&gt; Microsoft.Data.Sqlite.SqliteException (0x80004005): SQLite Error 19: 'UNIQUE constraint failed: Roles.Name'.
   at Microsoft.Data.Sqlite.SqliteException.ThrowExceptionForRC(Int32 rc, sqlite3 db)
   at Microsoft.Data.Sqlite.SqliteDataReader.NextResult()
   at Microsoft.Data.Sqlite.SqliteCommand.ExecuteReader(CommandBehavior behavior)
   at Microsoft.Data.Sqlite.SqliteCommand.ExecuteDbDataReaderAsync(CommandBehavior behavior, CancellationToken cancellationToken)
   at Microsoft.EntityFrameworkCore.Storage.RelationalCommand.ExecuteReaderAsync(RelationalCommandParameterObject parameterObject, CancellationToken cancellationToken)
   at Microsoft.EntityFrameworkCore.Storage.RelationalCommand.ExecuteReaderAsync(RelationalCommandParameterObject parameterObject, CancellationToken cancellationToken)
   at Microsoft.EntityFrameworkCore.Update.ReaderModificationCommandBatch.ExecuteAsync(IRelationalConnection connection, CancellationToken cancellationToken)
   --- End of inner exception stack trace ---
   at Microsoft.EntityFrameworkCore.Update.ReaderModificationCommandBatch.ExecuteAsync(IRelationalConnection connection, CancellationToken cancellationToken)
   at Microsoft.EntityFrameworkCore.Update.Internal.BatchExecutor.ExecuteAsync(IEnumerable`1 commandBatches, IRelationalConnection connection, CancellationToken cancellationToken)
   at Microsoft.EntityFrameworkCore.Update.Internal.BatchExecutor.ExecuteAsync(IEnumerable`1 commandBatches, IRelationalConnection connection, CancellationToken cancellationToken)
   at Microsoft.EntityFrameworkCore.Update.Internal.BatchExecutor.ExecuteAsync(IEnumerable`1 commandBatches, IRelationalConnection connection, CancellationToken cancellationToken)
   at Microsoft.EntityFrameworkCore.ChangeTracking.Internal.StateManager.SaveChangesAsync(IList`1 entriesToSave, CancellationToken cancellationToken)
   at Microsoft.EntityFrameworkCore.ChangeTracking.Internal.StateManager.SaveChangesAsync(StateManager stateManager, Boolean acceptAllChangesOnSuccess, CancellationToken cancellationToken)
   at Microsoft.EntityFrameworkCore.DbContext.SaveChangesAsync(Boolean acceptAllChangesOnSuccess, CancellationToken cancellationToken)
   at Microsoft.EntityFrameworkCore.DbContext.SaveChangesAsync(Boolean acceptAllChangesOnSuccess, CancellationToken cancellationToken)
   at Infrastructure.Resilience.DbContextResilienceExtensions.&lt;&gt;c__DisplayClass0_0.&lt;&lt;SaveChangesWithRetryAsync&gt;b__0&gt;d.MoveNext() in /home/runner/work/Crud/Crud/src/Infrastructure/Resilience/ResilientDbContext.cs:line 72
--- End of stack trace from previous location ---
   at Polly.CircuitBreaker.AsyncCircuitBreakerPolicy.&lt;&gt;c__DisplayClass8_0`1.&lt;&lt;ImplementationAsync&gt;b__0&gt;d.MoveNext()
--- End of stack trace from previous location ---
   at Polly.CircuitBreaker.AsyncCircuitBreakerEngine.ImplementationAsync[TResult](Func`3 action, Context context, Boolean continueOnCapturedContext, ExceptionPredicates shouldHandleExceptionPredicates, ResultPredicates`1 shouldHandleResultPredicates, ICircuitController`1 breakerController, CancellationToken cancellationToken)
   at Polly.CircuitBreaker.AsyncCircuitBreakerPolicy.ImplementationAsync[TResult](Func`3 action, Context context, CancellationToken cancellationToken, Boolean continueOnCapturedContext)
   at Polly.AsyncPolicy.ExecuteInternalAsync[TResult](Func`3 action, Context context, Boolean continueOnCapturedContext, CancellationToken cancellationToken)
   at Polly.Retry.AsyncRetryEngine.ImplementationAsync[TResult](Func`3 action, Context context, ExceptionPredicates shouldRetryExceptionPredicates, ResultPredicates`1 shouldRetryResultPredicates, Func`5 onRetryAsync, CancellationToken cancellationToken, Int32 permittedRetryCount, IEnumerable`1 sleepDurationsEnumerable, Func`4 sleepDurationProvider, Boolean continueOnCapturedContext)
   at Polly.AsyncPolicy.ExecuteInternalAsync[TResult](Func`3 action, Context context, Boolean continueOnCapturedContext, CancellationToken cancellationToken)
   at Polly.AsyncPolicy.ExecuteInternalAsync[TResult](Func`3 action, Context context, Boolean continueOnCapturedContext, CancellationToken cancellationToken)
   at Polly.Timeout.AsyncTimeoutEngine.ImplementationAsync[TResult](Func`3 action, Context context, Func`2 timeoutProvider, TimeoutStrategy timeoutStrategy, Func`5 onTimeoutAsync, Boolean continueOnCapturedContext, CancellationToken cancellationToken)
   at Polly.Timeout.AsyncTimeoutEngine.ImplementationAsync[TResult](Func`3 action, Context context, Func`2 timeoutProvider, TimeoutStrategy timeoutStrategy, Func`5 onTimeoutAsync, Boolean continueOnCapturedContext, CancellationToken cancellationToken)
   at Polly.AsyncPolicy.ExecuteInternalAsync[TResult](Func`3 action, Context context, Boolean continueOnCapturedContext, CancellationToken cancellationToken)
   at Polly.AsyncPolicy.ExecuteInternalAsync[TResult](Func`3 action, Context context, Boolean continueOnCapturedContext, CancellationToken cancellationToken)
   at Infrastructure.Resilience.DbContextResilienceExtensions.SaveChangesWithRetryAsync(DbContext context, ILogger logger, CancellationToken cancellationToken) in /home/runner/work/Crud/Crud/src/Infrastructure/Resilience/ResilientDbContext.cs:line 70
   at Infrastructure.Repositories.EntityFramework.EfPersonRepository.AddAsync(Person person, CancellationToken ct) in /home/runner/work/Crud/Crud/src/Infrastructure/Repositories/EntityFramework/EfPersonRepository.cs:line 37
   --- End of inner exception stack trace ---
   at Infrastructure.Repositories.EntityFramework.EfPersonRepository.AddAsync(Person person, CancellationToken ct) in /home/runner/work/Crud/Crud/src/Infrastructure/Repositories/EntityFramework/EfPersonRepository.cs:line 42
   at Infrastructure.Services.Caching.CachedPersonRepositoryDecorator.AddAsync(Person entity, CancellationToken cancellationToken) in /home/runner/work/Crud/Crud/src/Infrastructure/Services/Caching/CachedRepositoryDecorator.cs:line 190
   at App.Features.People.CreatePersonCommandHandler.Handle(CreatePersonCommand request, CancellationToken cancellationToken) in /home/runner/work/Crud/Crud/src/App/Features/People/CommandHandlers.cs:line 23
   at App.Behaviors.CacheInvalidationBehavior`2.Handle(TRequest request, RequestHandlerDelegate`1 next, CancellationToken cancellationToken)
   at App.Behaviors.CachingBehavior`2.Handle(TRequest request, RequestHandlerDelegate`1 next, CancellationToken cancellationToken)
   at App.Behaviors.ValidationBehavior`2.Handle(TRequest request, RequestHandlerDelegate`1 next, CancellationToken cancellationToken)
   at Api.Controllers.PeopleController.Create(CreatePersonRequest request, CancellationToken ct) in /home/runner/work/Crud/Crud/src/Api/Controllers/PeopleController.cs:line 73
   at lambda_method1765(Closure, Object)
   at Microsoft.AspNetCore.Mvc.Infrastructure.ActionMethodExecutor.AwaitableObjectResultExecutor.Execute(ActionContext actionContext, IActionResultTypeMapper mapper, ObjectMethodExecutor executor, Object controller, Object[] arguments)
   at Microsoft.AspNetCore.Mvc.Infrastructure.ControllerActionInvoker.&lt;InvokeActionMethodAsync&gt;g__Logged|12_1(ControllerActionInvoker invoker)
   at Microsoft.AspNetCore.Mvc.Infrastructure.ControllerActionInvoker.&lt;InvokeNextActionFilterAsync&gt;g__Awaited|10_0(ControllerActionInvoker invoker, Task lastTask, State next, Scope scope, Object state, Boolean isCompleted)
   at Microsoft.AspNetCore.Mvc.Infrastructure.ControllerActionInvoker.Rethrow(ActionExecutedContextSealed context)
   at Microsoft.AspNetCore.Mvc.Infrastructure.ControllerActionInvoker.Next(State&amp; next, Scope&amp; scope, Object&amp; state, Boolean&amp; isCompleted)
   at Microsoft.AspNetCore.Mvc.Infrastructure.ControllerActionInvoker.InvokeInnerFilterAsync()
--- End of stack trace from previous location ---
   at Microsoft.AspNetCore.Mvc.Infrastructure.ResourceInvoker.&lt;InvokeFilterPipelineAsync&gt;g__Awaited|20_0(ResourceInvoker invoker, Task lastTask, State next, Scope scope, Object state, Boolean isCompleted)
   at Microsoft.AspNetCore.Mvc.Infrastructure.ResourceInvoker.&lt;InvokeAsync&gt;g__Logged|17_1(ResourceInvoker invoker)
   at Microsoft.AspNetCore.Mvc.Infrastructure.ResourceInvoker.&lt;InvokeAsync&gt;g__Logged|17_1(ResourceInvoker invoker)
   at Api.Middleware.ConditionalRequestMiddleware.InvokeAsync(HttpContext context) in /home/runner/work/Crud/Crud/src/Api/Middleware/ConditionalRequestMiddleware.cs:line 31
   at Microsoft.AspNetCore.Authorization.AuthorizationMiddleware.Invoke(HttpContext context)
   at Microsoft.AspNetCore.Authentication.AuthenticationMiddleware.Invoke(HttpContext context)
   at Microsoft.AspNetCore.RateLimiting.RateLimitingMiddleware.InvokeInternal(HttpContext context, EnableRateLimitingAttribute enableRateLimitingAttribute)
   at Api.Middleware.GlobalExceptionHandlingMiddleware.InvokeAsync(HttpContext context) in /home/runner/work/Crud/Crud/src/Api/Middleware/GlobalExceptionHandlingMiddleware.cs:line 27
Activity.TraceId:            4e989835686771396c3e32e7864e90be
Activity.SpanId:             e5d2373251385c0a
Activity.TraceFlags:         Recorded
Activity.ActivitySourceName: Microsoft.AspNetCore
Activity.DisplayName:        POST api/People
Activity.Kind:               Server
Activity.StartTime:          2025-09-11T06:33:51.8842961Z
Activity.Duration:           00:00:00.0132930
Activity.Tags:
    server.address: localhost
    http.request.method: POST
    url.scheme: http
    url.path: /api/people
    network.protocol.version: 1.1
    http.route: api/People
    http.response.status_code: 409
Resource associated with Activity:
    deployment.environment: Testing
    service.name: Crud.Api
    service.version: 1.0.0
    service.instance.id: 10e2e254-224c-48e1-a2d2-8bbb5483cf26
    telemetry.sdk.name: opentelemetry
    telemetry.sdk.language: dotnet
    telemetry.sdk.version: 1.8.1
[06:33:51 INF] User logged in successfully: dabaccff-ea8b-456c-9269-d39600cfa00f {"SourceContext": "App.Features.Authentication.LoginCommandHandler", "ActionId": "7cce7b7d-038a-4ca0-abae-18713d245d12", "ActionName": "Api.Controllers.AuthController.Login (Api)", "RequestId": "0HNFGVK4NGCQB", "RequestPath": "/api/auth/login", "Application": "Crud.Api"}
Activity.TraceId:            77bf41b3ac94d55cc549d1d0d058067d
Activity.SpanId:             95ca522ee0d008a9
Activity.TraceFlags:         Recorded
Activity.ActivitySourceName: Microsoft.AspNetCore
Activity.DisplayName:        POST api/Auth/login
Activity.Kind:               Server
Activity.StartTime:          2025-09-11T06:33:51.5738047Z
Activity.Duration:           00:00:00.3246121
Activity.Tags:
    server.address: localhost
    http.request.method: POST
    url.scheme: http
    url.path: /api/auth/login
    network.protocol.version: 1.1
    http.route: api/Auth/login
    http.response.status_code: 200
Resource associated with Activity:
    deployment.environment: Testing
    service.name: Crud.Api
    service.version: 1.0.0
    service.instance.id: 10e2e254-224c-48e1-a2d2-8bbb5483cf26
    telemetry.sdk.name: opentelemetry
    telemetry.sdk.language: dotnet
    telemetry.sdk.version: 1.8.1
[06:33:51 DBG] Cache hit for key: entity:role:0440f2b6b114473e9eaa42a78cf12654 {"SourceContext": "Infrastructure.Services.Caching.InMemoryCacheService", "ActionId": "e159eb80-6b6b-470f-97f0-2aca4156befc", "ActionName": "Api.Controllers.PeopleController.Create (Api)", "RequestId": "0HNFGVK4NGCQG", "RequestPath": "/api/people", "Application": "Crud.Api"}
[06:33:51 ERR] Failed executing DbCommand (0ms) [Parameters=[@p0='0440f2b6-b114-473e-9eaa-42a78cf12654', @p1='2025-09-11T06:33:50.7084626' (DbType = DateTime), @p2='Test' (Size = 4), @p3='TestRole_89e4e24accbd41eda2a1922a840ef591' (Nullable = false) (Size = 41), @p4=NULL (DbType = Binary), @p5=NULL (DbType = DateTime)], CommandType='Text', CommandTimeout='30']
INSERT INTO "Roles" ("Id", "CreatedAt", "Description", "Name", "RowVersion", "UpdatedAt")
VALUES (@p0, @p1, @p2, @p3, @p4, @p5); {"EventId": {"Id": 20102, "Name": "Microsoft.EntityFrameworkCore.Database.Command.CommandError"}, "SourceContext": "Microsoft.EntityFrameworkCore.Database.Command", "ActionId": "e159eb80-6b6b-470f-97f0-2aca4156befc", "ActionName": "Api.Controllers.PeopleController.Create (Api)", "RequestId": "0HNFGVK4NGCQG", "RequestPath": "/api/people", "Application": "Crud.Api"}
[06:33:51 ERR] An exception occurred in the database while saving changes for context type 'Infrastructure.Data.ApplicationDbContext'.
Microsoft.EntityFrameworkCore.DbUpdateException: An error occurred while saving the entity changes. See the inner exception for details.
 ---&gt; Microsoft.Data.Sqlite.SqliteException (0x80004005): SQLite Error 19: 'UNIQUE constraint failed: Roles.Name'.
   at Microsoft.Data.Sqlite.SqliteException.ThrowExceptionForRC(Int32 rc, sqlite3 db)
   at Microsoft.Data.Sqlite.SqliteDataReader.NextResult()
   at Microsoft.Data.Sqlite.SqliteCommand.ExecuteReader(CommandBehavior behavior)
   at Microsoft.Data.Sqlite.SqliteCommand.ExecuteDbDataReaderAsync(CommandBehavior behavior, CancellationToken cancellationToken)
   at Microsoft.EntityFrameworkCore.Storage.RelationalCommand.ExecuteReaderAsync(RelationalCommandParameterObject parameterObject, CancellationToken cancellationToken)
   at Microsoft.EntityFrameworkCore.Storage.RelationalCommand.ExecuteReaderAsync(RelationalCommandParameterObject parameterObject, CancellationToken cancellationToken)
   at Microsoft.EntityFrameworkCore.Update.ReaderModificationCommandBatch.ExecuteAsync(IRelationalConnection connection, CancellationToken cancellationToken)
   --- End of inner exception stack trace ---
   at Microsoft.EntityFrameworkCore.Update.ReaderModificationCommandBatch.ExecuteAsync(IRelationalConnection connection, CancellationToken cancellationToken)
   at Microsoft.EntityFrameworkCore.Update.Internal.BatchExecutor.ExecuteAsync(IEnumerable`1 commandBatches, IRelationalConnection connection, CancellationToken cancellationToken)
   at Microsoft.EntityFrameworkCore.Update.Internal.BatchExecutor.ExecuteAsync(IEnumerable`1 commandBatches, IRelationalConnection connection, CancellationToken cancellationToken)
   at Microsoft.EntityFrameworkCore.Update.Internal.BatchExecutor.ExecuteAsync(IEnumerable`1 commandBatches, IRelationalConnection connection, CancellationToken cancellationToken)
   at Microsoft.EntityFrameworkCore.ChangeTracking.Internal.StateManager.SaveChangesAsync(IList`1 entriesToSave, CancellationToken cancellationToken)
   at Microsoft.EntityFrameworkCore.ChangeTracking.Internal.StateManager.SaveChangesAsync(StateManager stateManager, Boolean acceptAllChangesOnSuccess, CancellationToken cancellationToken)
   at Microsoft.EntityFrameworkCore.DbContext.SaveChangesAsync(Boolean acceptAllChangesOnSuccess, CancellationToken cancellationToken) {"EventId": {"Id": 10000, "Name": "Microsoft.EntityFrameworkCore.Update.SaveChangesFailed"}, "SourceContext": "Microsoft.EntityFrameworkCore.Update", "ActionId": "e159eb80-6b6b-470f-97f0-2aca4156befc", "ActionName": "Api.Controllers.PeopleController.Create (Api)", "RequestId": "0HNFGVK4NGCQG", "RequestPath": "/api/people", "Application": "Crud.Api"}
Microsoft.EntityFrameworkCore.DbUpdateException: An error occurred while saving the entity changes. See the inner exception for details.
 ---&gt; Microsoft.Data.Sqlite.SqliteException (0x80004005): SQLite Error 19: 'UNIQUE constraint failed: Roles.Name'.
   at Microsoft.Data.Sqlite.SqliteException.ThrowExceptionForRC(Int32 rc, sqlite3 db)
   at Microsoft.Data.Sqlite.SqliteDataReader.NextResult()
   at Microsoft.Data.Sqlite.SqliteCommand.ExecuteReader(CommandBehavior behavior)
   at Microsoft.Data.Sqlite.SqliteCommand.ExecuteDbDataReaderAsync(CommandBehavior behavior, CancellationToken cancellationToken)
   at Microsoft.EntityFrameworkCore.Storage.RelationalCommand.ExecuteReaderAsync(RelationalCommandParameterObject parameterObject, CancellationToken cancellationToken)
   at Microsoft.EntityFrameworkCore.Storage.RelationalCommand.ExecuteReaderAsync(RelationalCommandParameterObject parameterObject, CancellationToken cancellationToken)
   at Microsoft.EntityFrameworkCore.Update.ReaderModificationCommandBatch.ExecuteAsync(IRelationalConnection connection, CancellationToken cancellationToken)
   --- End of inner exception stack trace ---
   at Microsoft.EntityFrameworkCore.Update.ReaderModificationCommandBatch.ExecuteAsync(IRelationalConnection connection, CancellationToken cancellationToken)
   at Microsoft.EntityFrameworkCore.Update.Internal.BatchExecutor.ExecuteAsync(IEnumerable`1 commandBatches, IRelationalConnection connection, CancellationToken cancellationToken)
   at Microsoft.EntityFrameworkCore.Update.Internal.BatchExecutor.ExecuteAsync(IEnumerable`1 commandBatches, IRelationalConnection connection, CancellationToken cancellationToken)
   at Microsoft.EntityFrameworkCore.Update.Internal.BatchExecutor.ExecuteAsync(IEnumerable`1 commandBatches, IRelationalConnection connection, CancellationToken cancellationToken)
   at Microsoft.EntityFrameworkCore.ChangeTracking.Internal.StateManager.SaveChangesAsync(IList`1 entriesToSave, CancellationToken cancellationToken)
   at Microsoft.EntityFrameworkCore.ChangeTracking.Internal.StateManager.SaveChangesAsync(StateManager stateManager, Boolean acceptAllChangesOnSuccess, CancellationToken cancellationToken)
   at Microsoft.EntityFrameworkCore.DbContext.SaveChangesAsync(Boolean acceptAllChangesOnSuccess, CancellationToken cancellationToken)
[06:33:51 ERR] An unhandled exception occurred during request POST /api/people. Request ID: 0HNFGVK4NGCQG, User: Anonymous {"SourceContext": "Api.Middleware.GlobalExceptionHandlingMiddleware", "RequestPath": "/api/people", "Application": "Crud.Api"}
System.InvalidOperationException: Failed to create person. Please check that all referenced roles exist.
 ---&gt; Microsoft.EntityFrameworkCore.DbUpdateException: An error occurred while saving the entity changes. See the inner exception for details.
 ---&gt; Microsoft.Data.Sqlite.SqliteException (0x80004005): SQLite Error 19: 'UNIQUE constraint failed: Roles.Name'.
   at Microsoft.Data.Sqlite.SqliteException.ThrowExceptionForRC(Int32 rc, sqlite3 db)
   at Microsoft.Data.Sqlite.SqliteDataReader.NextResult()
   at Microsoft.Data.Sqlite.SqliteCommand.ExecuteReader(CommandBehavior behavior)
   at Microsoft.Data.Sqlite.SqliteCommand.ExecuteDbDataReaderAsync(CommandBehavior behavior, CancellationToken cancellationToken)
   at Microsoft.EntityFrameworkCore.Storage.RelationalCommand.ExecuteReaderAsync(RelationalCommandParameterObject parameterObject, CancellationToken cancellationToken)
   at Microsoft.EntityFrameworkCore.Storage.RelationalCommand.ExecuteReaderAsync(RelationalCommandParameterObject parameterObject, CancellationToken cancellationToken)
   at Microsoft.EntityFrameworkCore.Update.ReaderModificationCommandBatch.ExecuteAsync(IRelationalConnection connection, CancellationToken cancellationToken)
   --- End of inner exception stack trace ---
   at Microsoft.EntityFrameworkCore.Update.ReaderModificationCommandBatch.ExecuteAsync(IRelationalConnection connection, CancellationToken cancellationToken)
   at Microsoft.EntityFrameworkCore.Update.Internal.BatchExecutor.ExecuteAsync(IEnumerable`1 commandBatches, IRelationalConnection connection, CancellationToken cancellationToken)
   at Microsoft.EntityFrameworkCore.Update.Internal.BatchExecutor.ExecuteAsync(IEnumerable`1 commandBatches, IRelationalConnection connection, CancellationToken cancellationToken)
   at Microsoft.EntityFrameworkCore.Update.Internal.BatchExecutor.ExecuteAsync(IEnumerable`1 commandBatches, IRelationalConnection connection, CancellationToken cancellationToken)
   at Microsoft.EntityFrameworkCore.ChangeTracking.Internal.StateManager.SaveChangesAsync(IList`1 entriesToSave, CancellationToken cancellationToken)
   at Microsoft.EntityFrameworkCore.ChangeTracking.Internal.StateManager.SaveChangesAsync(StateManager stateManager, Boolean acceptAllChangesOnSuccess, CancellationToken cancellationToken)
   at Microsoft.EntityFrameworkCore.DbContext.SaveChangesAsync(Boolean acceptAllChangesOnSuccess, CancellationToken cancellationToken)
   at Microsoft.EntityFrameworkCore.DbContext.SaveChangesAsync(Boolean acceptAllChangesOnSuccess, CancellationToken cancellationToken)
   at Infrastructure.Resilience.DbContextResilienceExtensions.&lt;&gt;c__DisplayClass0_0.&lt;&lt;SaveChangesWithRetryAsync&gt;b__0&gt;d.MoveNext() in /home/runner/work/Crud/Crud/src/Infrastructure/Resilience/ResilientDbContext.cs:line 72
--- End of stack trace from previous location ---
   at Polly.CircuitBreaker.AsyncCircuitBreakerPolicy.&lt;&gt;c__DisplayClass8_0`1.&lt;&lt;ImplementationAsync&gt;b__0&gt;d.MoveNext()
--- End of stack trace from previous location ---
   at Polly.CircuitBreaker.AsyncCircuitBreakerEngine.ImplementationAsync[TResult](Func`3 action, Context context, Boolean continueOnCapturedContext, ExceptionPredicates shouldHandleExceptionPredicates, ResultPredicates`1 shouldHandleResultPredicates, ICircuitController`1 breakerController, CancellationToken cancellationToken)
   at Polly.CircuitBreaker.AsyncCircuitBreakerPolicy.ImplementationAsync[TResult](Func`3 action, Context context, CancellationToken cancellationToken, Boolean continueOnCapturedContext)
   at Polly.AsyncPolicy.ExecuteInternalAsync[TResult](Func`3 action, Context context, Boolean continueOnCapturedContext, CancellationToken cancellationToken)
   at Polly.Retry.AsyncRetryEngine.ImplementationAsync[TResult](Func`3 action, Context context, ExceptionPredicates shouldRetryExceptionPredicates, ResultPredicates`1 shouldRetryResultPredicates, Func`5 onRetryAsync, CancellationToken cancellationToken, Int32 permittedRetryCount, IEnumerable`1 sleepDurationsEnumerable, Func`4 sleepDurationProvider, Boolean continueOnCapturedContext)
   at Polly.AsyncPolicy.ExecuteInternalAsync[TResult](Func`3 action, Context context, Boolean continueOnCapturedContext, CancellationToken cancellationToken)
   at Polly.AsyncPolicy.ExecuteInternalAsync[TResult](Func`3 action, Context context, Boolean continueOnCapturedContext, CancellationToken cancellationToken)
   at Polly.Timeout.AsyncTimeoutEngine.ImplementationAsync[TResult](Func`3 action, Context context, Func`2 timeoutProvider, TimeoutStrategy timeoutStrategy, Func`5 onTimeoutAsync, Boolean continueOnCapturedContext, CancellationToken cancellationToken)
   at Polly.Timeout.AsyncTimeoutEngine.ImplementationAsync[TResult](Func`3 action, Context context, Func`2 timeoutProvider, TimeoutStrategy timeoutStrategy, Func`5 onTimeoutAsync, Boolean continueOnCapturedContext, CancellationToken cancellationToken)
   at Polly.AsyncPolicy.ExecuteInternalAsync[TResult](Func`3 action, Context context, Boolean continueOnCapturedContext, CancellationToken cancellationToken)
   at Polly.AsyncPolicy.ExecuteInternalAsync[TResult](Func`3 action, Context context, Boolean continueOnCapturedContext, CancellationToken cancellationToken)
   at Infrastructure.Resilience.DbContextResilienceExtensions.SaveChangesWithRetryAsync(DbContext context, ILogger logger, CancellationToken cancellationToken) in /home/runner/work/Crud/Crud/src/Infrastructure/Resilience/ResilientDbContext.cs:line 70
   at Infrastructure.Repositories.EntityFramework.EfPersonRepository.AddAsync(Person person, CancellationToken ct) in /home/runner/work/Crud/Crud/src/Infrastructure/Repositories/EntityFramework/EfPersonRepository.cs:line 37
   --- End of inner exception stack trace ---
   at Infrastructure.Repositories.EntityFramework.EfPersonRepository.AddAsync(Person person, CancellationToken ct) in /home/runner/work/Crud/Crud/src/Infrastructure/Repositories/EntityFramework/EfPersonRepository.cs:line 42
   at Infrastructure.Services.Caching.CachedPersonRepositoryDecorator.AddAsync(Person entity, CancellationToken cancellationToken) in /home/runner/work/Crud/Crud/src/Infrastructure/Services/Caching/CachedRepositoryDecorator.cs:line 190
   at App.Features.People.CreatePersonCommandHandler.Handle(CreatePersonCommand request, CancellationToken cancellationToken) in /home/runner/work/Crud/Crud/src/App/Features/People/CommandHandlers.cs:line 23
   at App.Behaviors.CacheInvalidationBehavior`2.Handle(TRequest request, RequestHandlerDelegate`1 next, CancellationToken cancellationToken)
   at App.Behaviors.CachingBehavior`2.Handle(TRequest request, RequestHandlerDelegate`1 next, CancellationToken cancellationToken)
   at App.Behaviors.ValidationBehavior`2.Handle(TRequest request, RequestHandlerDelegate`1 next, CancellationToken cancellationToken)
   at Api.Controllers.PeopleController.Create(CreatePersonRequest request, CancellationToken ct) in /home/runner/work/Crud/Crud/src/Api/Controllers/PeopleController.cs:line 73
   at lambda_method1765(Closure, Object)
   at Microsoft.AspNetCore.Mvc.Infrastructure.ActionMethodExecutor.AwaitableObjectResultExecutor.Execute(ActionContext actionContext, IActionResultTypeMapper mapper, ObjectMethodExecutor executor, Object controller, Object[] arguments)
   at Microsoft.AspNetCore.Mvc.Infrastructure.ControllerActionInvoker.&lt;InvokeActionMethodAsync&gt;g__Logged|12_1(ControllerActionInvoker invoker)
   at Microsoft.AspNetCore.Mvc.Infrastructure.ControllerActionInvoker.&lt;InvokeNextActionFilterAsync&gt;g__Awaited|10_0(ControllerActionInvoker invoker, Task lastTask, State next, Scope scope, Object state, Boolean isCompleted)
   at Microsoft.AspNetCore.Mvc.Infrastructure.ControllerActionInvoker.Rethrow(ActionExecutedContextSealed context)
   at Microsoft.AspNetCore.Mvc.Infrastructure.ControllerActionInvoker.Next(State&amp; next, Scope&amp; scope, Object&amp; state, Boolean&amp; isCompleted)
   at Microsoft.AspNetCore.Mvc.Infrastructure.ControllerActionInvoker.InvokeInnerFilterAsync()
--- End of stack trace from previous location ---
   at Microsoft.AspNetCore.Mvc.Infrastructure.ResourceInvoker.&lt;InvokeFilterPipelineAsync&gt;g__Awaited|20_0(ResourceInvoker invoker, Task lastTask, State next, Scope scope, Object state, Boolean isCompleted)
   at Microsoft.AspNetCore.Mvc.Infrastructure.ResourceInvoker.&lt;InvokeAsync&gt;g__Logged|17_1(ResourceInvoker invoker)
   at Microsoft.AspNetCore.Mvc.Infrastructure.ResourceInvoker.&lt;InvokeAsync&gt;g__Logged|17_1(ResourceInvoker invoker)
   at Api.Middleware.ConditionalRequestMiddleware.InvokeAsync(HttpContext context) in /home/runner/work/Crud/Crud/src/Api/Middleware/ConditionalRequestMiddleware.cs:line 31
   at Microsoft.AspNetCore.Authorization.AuthorizationMiddleware.Invoke(HttpContext context)
   at Microsoft.AspNetCore.Authentication.AuthenticationMiddleware.Invoke(HttpContext context)
   at Microsoft.AspNetCore.RateLimiting.RateLimitingMiddleware.InvokeInternal(HttpContext context, EnableRateLimitingAttribute enableRateLimitingAttribute)
   at Api.Middleware.GlobalExceptionHandlingMiddleware.InvokeAsync(HttpContext context) in /home/runner/work/Crud/Crud/src/Api/Middleware/GlobalExceptionHandlingMiddleware.cs:line 27
Activity.TraceId:            46017d2ce34e1cb6fa87f780e152ec08
Activity.SpanId:             08b1190c3a0dbaca
Activity.TraceFlags:         Recorded
Activity.ActivitySourceName: Microsoft.AspNetCore
Activity.DisplayName:        POST api/People
Activity.Kind:               Server
Activity.StartTime:          2025-09-11T06:33:51.8985565Z
Activity.Duration:           00:00:00.0061989
Activity.Tags:
    server.address: localhost
    http.request.method: POST
    url.scheme: http
    url.path: /api/people
    network.protocol.version: 1.1
    http.route: api/People
    http.response.status_code: 409
Resource associated with Activity:
    deployment.environment: Testing
    service.name: Crud.Api
    service.version: 1.0.0
    service.instance.id: 10e2e254-224c-48e1-a2d2-8bbb5483cf26
    telemetry.sdk.name: opentelemetry
    telemetry.sdk.language: dotnet
    telemetry.sdk.version: 1.8.1
[06:33:52 INF] User registered successfully: a016a5a8-f88d-4ab2-aa79-935ad2f946c4 {"SourceContext": "App.Features.Authentication.RegisterUserCommandHandler", "ActionId": "d5532699-b1b8-480b-befb-4a7cac8045ee", "ActionName": "Api.Controllers.AuthController.Register (Api)", "RequestId": "0HNFGVK4NGCQH", "RequestPath": "/api/auth/register", "Application": "Crud.Api"}
Activity.TraceId:            d0b7dbcb30a5d0ad6393278ccab097dd
Activity.SpanId:             8e2b2aa5bb8d644d
Activity.TraceFlags:         Recorded
Activity.ActivitySourceName: Microsoft.AspNetCore
Activity.DisplayName:        POST api/Auth/register
Activity.Kind:               Server
Activity.StartTime:          2025-09-11T06:33:51.9055345Z
Activity.Duration:           00:00:00.2951633
Activity.Tags:
    server.address: localhost
    http.request.method: POST
    url.scheme: http
    url.path: /api/auth/register
    network.protocol.version: 1.1
    http.route: api/Auth/register
    http.response.status_code: 200
Resource associated with Activity:
    deployment.environment: Testing
    service.name: Crud.Api
    service.version: 1.0.0
    service.instance.id: 10e2e254-224c-48e1-a2d2-8bbb5483cf26
    telemetry.sdk.name: opentelemetry
    telemetry.sdk.language: dotnet
    telemetry.sdk.version: 1.8.1
[06:33:52 DBG] Cache miss for key: list:person {"SourceContext": "Infrastructure.Services.Caching.InMemoryCacheService", "ActionId": "c4acdec4-6a25-44d2-93d7-6857475b8ab8", "ActionName": "Api.Controllers.PeopleController.List (Api)", "RequestId": "0HNFGVK4NGCQI", "RequestPath": "/api/people", "Application": "Crud.Api"}
[06:33:52 DBG] Set cache value for key: list:person {"SourceContext": "Infrastructure.Services.Caching.InMemoryCacheService", "ActionId": "c4acdec4-6a25-44d2-93d7-6857475b8ab8", "ActionName": "Api.Controllers.PeopleController.List (Api)", "RequestId": "0HNFGVK4NGCQI", "RequestPath": "/api/people", "Application": "Crud.Api"}
Activity.TraceId:            c2f5177a214d7916754b835010125018
Activity.SpanId:             7eae095dc6089a28
Activity.TraceFlags:         Recorded
Activity.ActivitySourceName: Microsoft.AspNetCore
Activity.DisplayName:        GET api/People
Activity.Kind:               Server
Activity.StartTime:          2025-09-11T06:33:52.2008550Z
Activity.Duration:           00:00:00.0026485
Activity.Tags:
    server.address: localhost
    http.request.method: GET
    url.scheme: http
    url.path: /api/people
    network.protocol.version: 1.1
    http.route: api/People
    http.response.status_code: 200
Resource associated with Activity:
    deployment.environment: Testing
    service.name: Crud.Api
    service.version: 1.0.0
    service.instance.id: 10e2e254-224c-48e1-a2d2-8bbb5483cf26
    telemetry.sdk.name: opentelemetry
    telemetry.sdk.language: dotnet
    telemetry.sdk.version: 1.8.1
[06:33:52 INF] Resetting database for worker 20026 {"SourceContext": "Infrastructure.Services.DatabaseTestService", "Application": "Crud.Api"}
[06:33:52 INF] Resetting database via file deletion for worker 20026 in CI environment {"SourceContext": "Infrastructure.Services.DatabaseTestService", "Application": "Crud.Api"}
[06:33:52 INF] Acquiring database mutex for worker 20026... {"SourceContext": "Infrastructure.Services.DatabaseTestService", "Application": "Crud.Api"}
[06:33:52 INF] Database mutex acquired for worker 20026 {"SourceContext": "Infrastructure.Services.DatabaseTestService", "Application": "Crud.Api"}
[06:33:52 INF] Current database state - CanConnect: True {"SourceContext": "Infrastructure.Services.DatabaseTestService", "Application": "Crud.Api"}
[06:33:52 INF] [Phase 0] Closing database connection for worker 20026... {"SourceContext": "Infrastructure.Services.DatabaseTestService", "Application": "Crud.Api"}
[06:33:52 INF] [Phase 0] Connection closed in 0.0006ms {"SourceContext": "Infrastructure.Services.DatabaseTestService", "Application": "Crud.Api"}
[06:33:52 INF] [Phase 1] Starting EnsureDeletedAsync for worker 20026... {"SourceContext": "Infrastructure.Services.DatabaseTestService", "Application": "Crud.Api"}
[06:33:52 INF] [Phase 1] EnsureDeletedAsync completed in 1.6411ms {"SourceContext": "Infrastructure.Services.DatabaseTestService", "Application": "Crud.Api"}
[06:33:52 INF] [Phase 2] Starting EnsureCreatedAsync for worker 20026... {"SourceContext": "Infrastructure.Services.DatabaseTestService", "Application": "Crud.Api"}
[06:33:52 INF] [Phase 2] EnsureCreatedAsync completed in 7.9279ms {"SourceContext": "Infrastructure.Services.DatabaseTestService", "Application": "Crud.Api"}
[06:33:52 INF] [Phase 3] Skipping database seeding as requested for worker 20026 {"SourceContext": "Infrastructure.Services.DatabaseTestService", "Application": "Crud.Api"}
[06:33:52 INF] Database reset via file deletion completed for worker 20026 in 109.051ms (Close: 0.0006ms, Delete: 1.6411ms, Create: 7.9279ms) {"SourceContext": "Infrastructure.Services.DatabaseTestService", "Application": "Crud.Api"}
[06:33:52 INF] Releasing database mutex for worker 20026 {"SourceContext": "Infrastructure.Services.DatabaseTestService", "Application": "Crud.Api"}
Metric Name: http.server.active_requests, Number of active HTTP server requests., Unit: {request}, Meter: Microsoft.AspNetCore.Hosting
(2025-09-11T06:33:39.1717541Z, 2025-09-11T06:33:52.3149061Z] http.request.method: POST url.scheme: http LongSumNonMonotonic
Value: 0
(2025-09-11T06:33:39.1717541Z, 2025-09-11T06:33:52.3149061Z] http.request.method: GET url.scheme: http LongSumNonMonotonic
Value: 0
(2025-09-11T06:33:39.1717541Z, 2025-09-11T06:33:52.3149061Z] http.request.method: PATCH url.scheme: http LongSumNonMonotonic
Value: 0
Metric Name: http.server.request.duration, Duration of HTTP server requests., Unit: s, Meter: Microsoft.AspNetCore.Hosting
(2025-09-11T06:33:39.1717781Z, 2025-09-11T06:33:52.3149103Z] http.request.method: POST http.response.status_code: 200 http.route: api/Auth/register network.protocol.version: 1.1 url.scheme: http Histogram
Value: Sum: 12.7715398 Count: 37 Min: 0.2951488 Max: 0.8237609 
(-Infinity,0.005]:0
(0.005,0.01]:0
(0.01,0.025]:0
(0.025,0.05]:0
(0.05,0.075]:0
(0.075,0.1]:0
(0.1,0.25]:0
(0.25,0.5]:35
(0.5,0.75]:1
(0.75,1]:1
(1,2.5]:0
(2.5,5]:0
(5,7.5]:0
(7.5,10]:0
(10,+Infinity]:0
(2025-09-11T06:33:39.1717781Z, 2025-09-11T06:33:52.3149103Z] http.request.method: GET http.response.status_code: 200 http.route: api/People network.protocol.version: 1.1 url.scheme: http Histogram
Value: Sum: 0.0155143 Count: 3 Min: 0.0010063 Max: 0.0118601 
(-Infinity,0.005]:2
(0.005,0.01]:0
(0.01,0.025]:1
(0.025,0.05]:0
(0.05,0.075]:0
(0.075,0.1]:0
(0.1,0.25]:0
(0.25,0.5]:0
(0.5,0.75]:0
(0.75,1]:0
(1,2.5]:0
(2.5,5]:0
(5,7.5]:0
(7.5,10]:0
(10,+Infinity]:0
(2025-09-11T06:33:39.1717781Z, 2025-09-11T06:33:52.3149103Z] http.request.method: GET http.response.status_code: 200 http.route: api/Walls network.protocol.version: 1.1 url.scheme: http Histogram
Value: Sum: 0.0116293 Count: 2 Min: 0.0023056 Max: 0.0093237 
(-Infinity,0.005]:1
(0.005,0.01]:1
(0.01,0.025]:0
(0.025,0.05]:0
(0.05,0.075]:0
(0.075,0.1]:0
(0.1,0.25]:0
(0.25,0.5]:0
(0.5,0.75]:0
(0.75,1]:0
(1,2.5]:0
(2.5,5]:0
(5,7.5]:0
(7.5,10]:0
(10,+Infinity]:0
(2025-09-11T06:33:39.1717781Z, 2025-09-11T06:33:52.3149103Z] http.request.method: GET http.response.status_code: 200 http.route: api/Roles network.protocol.version: 1.1 url.scheme: http Histogram
Value: Sum: 0.013552199999999999 Count: 6 Min: 0.0006109 Max: 0.0077387 
(-Infinity,0.005]:5
(0.005,0.01]:1
(0.01,0.025]:0
(0.025,0.05]:0
(0.05,0.075]:0
(0.075,0.1]:0
(0.1,0.25]:0
(0.25,0.5]:0
(0.5,0.75]:0
(0.75,1]:0
(1,2.5]:0
(2.5,5]:0
(5,7.5]:0
(7.5,10]:0
(10,+Infinity]:0
(2025-09-11T06:33:39.1717781Z, 2025-09-11T06:33:52.3149103Z] http.request.method: GET http.response.status_code: 200 http.route: api/Windows network.protocol.version: 1.1 url.scheme: http Histogram
Value: Sum: 0.0127431 Count: 2 Min: 0.0019804 Max: 0.0107627 
(-Infinity,0.005]:1
(0.005,0.01]:0
(0.01,0.025]:1
(0.025,0.05]:0
(0.05,0.075]:0
(0.075,0.1]:0
(0.1,0.25]:0
(0.25,0.5]:0
(0.5,0.75]:0
(0.75,1]:0
(1,2.5]:0
(2.5,5]:0
(5,7.5]:0
(7.5,10]:0
(10,+Infinity]:0
(2025-09-11T06:33:39.1717781Z, 2025-09-11T06:33:52.3149103Z] http.request.method: POST http.response.status_code: 200 http.route: api/Auth/login network.protocol.version: 1.1 url.scheme: http Histogram
Value: Sum: 7.816881700000001 Count: 23 Min: 0.2960492 Max: 0.5205598 
(-Infinity,0.005]:0
(0.005,0.01]:0
(0.01,0.025]:0
(0.025,0.05]:0
(0.05,0.075]:0
(0.075,0.1]:0
(0.1,0.25]:0
(0.25,0.5]:22
(0.5,0.75]:1
(0.75,1]:0
(1,2.5]:0
(2.5,5]:0
(5,7.5]:0
(7.5,10]:0
(10,+Infinity]:0
(2025-09-11T06:33:39.1717781Z, 2025-09-11T06:33:52.3149103Z] http.request.method: POST http.response.status_code: 201 http.route: api/Walls network.protocol.version: 1.1 url.scheme: http Histogram
Value: Sum: 0.0147983 Count: 1 Min: 0.0147983 Max: 0.0147983 
(-Infinity,0.005]:0
(0.005,0.01]:0
(0.01,0.025]:1
(0.025,0.05]:0
(0.05,0.075]:0
(0.075,0.1]:0
(0.1,0.25]:0
(0.25,0.5]:0
(0.5,0.75]:0
(0.75,1]:0
(1,2.5]:0
(2.5,5]:0
(5,7.5]:0
(7.5,10]:0
(10,+Infinity]:0
(2025-09-11T06:33:39.1717781Z, 2025-09-11T06:33:52.3149103Z] http.request.method: POST http.response.status_code: 201 http.route: api/Roles network.protocol.version: 1.1 url.scheme: http Histogram
Value: Sum: 0.2002219 Count: 12 Min: 0.0018237 Max: 0.1526537 
(-Infinity,0.005]:8
(0.005,0.01]:3
(0.01,0.025]:0
(0.025,0.05]:0
(0.05,0.075]:0
(0.075,0.1]:0
(0.1,0.25]:1
(0.25,0.5]:0
(0.5,0.75]:0
(0.75,1]:0
(1,2.5]:0
(2.5,5]:0
(5,7.5]:0
(7.5,10]:0
(10,+Infinity]:0
(2025-09-11T06:33:39.1717781Z, 2025-09-11T06:33:52.3149103Z] http.request.method: POST http.response.status_code: 201 http.route: api/Windows network.protocol.version: 1.1 url.scheme: http Histogram
Value: Sum: 0.015908 Count: 1 Min: 0.015908 Max: 0.015908 
(-Infinity,0.005]:0
(0.005,0.01]:0
(0.01,0.025]:1
(0.025,0.05]:0
(0.05,0.075]:0
(0.075,0.1]:0
(0.1,0.25]:0
(0.25,0.5]:0
(0.5,0.75]:0
(0.75,1]:0
(1,2.5]:0
(2.5,5]:0
(5,7.5]:0
(7.5,10]:0
(10,+Infinity]:0
(2025-09-11T06:33:39.1717781Z, 2025-09-11T06:33:52.3149103Z] http.request.method: POST http.response.status_code: 201 http.route: api/People network.protocol.version: 1.1 url.scheme: http Histogram
Value: Sum: 0.016107 Count: 2 Min: 0.0065811 Max: 0.0095259 
(-Infinity,0.005]:0
(0.005,0.01]:2
(0.01,0.025]:0
(0.025,0.05]:0
(0.05,0.075]:0
(0.075,0.1]:0
(0.1,0.25]:0
(0.25,0.5]:0
(0.5,0.75]:0
(0.75,1]:0
(1,2.5]:0
(2.5,5]:0
(5,7.5]:0
(7.5,10]:0
(10,+Infinity]:0
(2025-09-11T06:33:39.1717781Z, 2025-09-11T06:33:52.3149103Z] http.request.method: PATCH http.response.status_code: 405 network.protocol.version: 1.1 url.scheme: http Histogram
Value: Sum: 0.0004165 Count: 1 Min: 0.0004165 Max: 0.0004165 
(-Infinity,0.005]:1
(0.005,0.01]:0
(0.01,0.025]:0
(0.025,0.05]:0
(0.05,0.075]:0
(0.075,0.1]:0
(0.1,0.25]:0
(0.25,0.5]:0
(0.5,0.75]:0
(0.75,1]:0
(1,2.5]:0
(2.5,5]:0
(5,7.5]:0
(7.5,10]:0
(10,+Infinity]:0
(2025-09-11T06:33:39.1717781Z, 2025-09-11T06:33:52.3149103Z] http.request.method: POST http.response.status_code: 400 http.route: api/Roles network.protocol.version: 1.1 url.scheme: http Histogram
Value: Sum: 0.0065175 Count: 2 Min: 0.0032188 Max: 0.0032987 
(-Infinity,0.005]:2
(0.005,0.01]:0
(0.01,0.025]:0
(0.025,0.05]:0
(0.05,0.075]:0
(0.075,0.1]:0
(0.1,0.25]:0
(0.25,0.5]:0
(0.5,0.75]:0
(0.75,1]:0
(1,2.5]:0
(2.5,5]:0
(5,7.5]:0
(7.5,10]:0
(10,+Infinity]:0
(2025-09-11T06:33:39.1717781Z, 2025-09-11T06:33:52.3149103Z] aspnetcore.request.is_unhandled: true http.request.method: GET http.response.status_code: 404 network.protocol.version: 1.1 url.scheme: http Histogram
Value: Sum: 0.0003071 Count: 1 Min: 0.0003071 Max: 0.0003071 
(-Infinity,0.005]:1
(0.005,0.01]:0
(0.01,0.025]:0
(0.025,0.05]:0
(0.05,0.075]:0
(0.075,0.1]:0
(0.1,0.25]:0
(0.25,0.5]:0
(0.5,0.75]:0
(0.75,1]:0
(1,2.5]:0
(2.5,5]:0
(5,7.5]:0
(7.5,10]:0
(10,+Infinity]:0
(2025-09-11T06:33:39.1717781Z, 2025-09-11T06:33:52.3149103Z] http.request.method: POST http.response.status_code: 409 http.route: api/People network.protocol.version: 1.1 url.scheme: http Histogram
Value: Sum: 0.0549695 Count: 4 Min: 0.006195 Max: 0.0269857 
(-Infinity,0.005]:0
(0.005,0.01]:2
(0.01,0.025]:1
(0.025,0.05]:1
(0.05,0.075]:0
(0.075,0.1]:0
(0.1,0.25]:0
(0.25,0.5]:0
(0.5,0.75]:0
(0.75,1]:0
(1,2.5]:0
(2.5,5]:0
(5,7.5]:0
(7.5,10]:0
(10,+Infinity]:0
Metric Name: aspnetcore.rate_limiting.active_request_leases, Number of HTTP requests that are currently active on the server that hold a rate limiting lease., Unit: {request}, Meter: Microsoft.AspNetCore.RateLimiting
(2025-09-11T06:33:39.1738552Z, 2025-09-11T06:33:52.3149111Z] LongSumNonMonotonic
Value: 0
Metric Name: aspnetcore.rate_limiting.request_lease.duration, The duration of rate limiting leases held by HTTP requests on the server., Unit: s, Meter: Microsoft.AspNetCore.RateLimiting
(2025-09-11T06:33:39.1738766Z, 2025-09-11T06:33:52.3149119Z] Histogram
Value: Sum: 20.907166099999998 Count: 97 Min: 0.0001934 Max: 0.8236807 
(-Infinity,0.005]:22
(0.005,0.01]:9
(0.01,0.025]:5
(0.025,0.05]:0
(0.05,0.075]:0
(0.075,0.1]:0
(0.1,0.25]:1
(0.25,0.5]:57
(0.5,0.75]:2
(0.75,1]:1
(1,2.5]:0
(2.5,5]:0
(5,7.5]:0
(7.5,10]:0
(10,+Infinity]:0
Metric Name: aspnetcore.rate_limiting.requests, Number of requests that tried to acquire a rate limiting lease. Requests could be rejected by global or endpoint rate limiting policies. Or the request could be canceled while waiting for the lease., Unit: {request}, Meter: Microsoft.AspNetCore.RateLimiting
(2025-09-11T06:33:39.1739190Z, 2025-09-11T06:33:52.3149134Z] aspnetcore.rate_limiting.result: acquired LongSum
Value: 97
Metric Name: aspnetcore.routing.match_attempts, Number of requests that were attempted to be matched to an endpoint., Unit: {match_attempt}, Meter: Microsoft.AspNetCore.Routing
(2025-09-11T06:33:39.1748169Z, 2025-09-11T06:33:52.3149139Z] aspnetcore.routing.is_fallback: false aspnetcore.routing.match_status: success http.route: api/Auth/register LongSum
Value: 37
(2025-09-11T06:33:39.1748169Z, 2025-09-11T06:33:52.3149139Z] aspnetcore.routing.is_fallback: false aspnetcore.routing.match_status: success http.route: api/People LongSum
Value: 9
(2025-09-11T06:33:39.1748169Z, 2025-09-11T06:33:52.3149139Z] aspnetcore.routing.is_fallback: false aspnetcore.routing.match_status: success http.route: api/Walls LongSum
Value: 3
(2025-09-11T06:33:39.1748169Z, 2025-09-11T06:33:52.3149139Z] aspnetcore.routing.is_fallback: false aspnetcore.routing.match_status: success http.route: api/Roles LongSum
Value: 20
(2025-09-11T06:33:39.1748169Z, 2025-09-11T06:33:52.3149139Z] aspnetcore.routing.is_fallback: false aspnetcore.routing.match_status: success http.route: api/Windows LongSum
Value: 3
(2025-09-11T06:33:39.1748169Z, 2025-09-11T06:33:52.3149139Z] aspnetcore.routing.is_fallback: false aspnetcore.routing.match_status: success http.route: api/Auth/login LongSum
Value: 23
(2025-09-11T06:33:39.1748169Z, 2025-09-11T06:33:52.3149139Z] aspnetcore.routing.is_fallback: false aspnetcore.routing.match_status: success http.route: (missing) LongSum
Value: 1
(2025-09-11T06:33:39.1748169Z, 2025-09-11T06:33:52.3149139Z] aspnetcore.routing.match_status: failure LongSum
Value: 1
[06:33:52 INF] Starting Crud API application {"Application": "Crud.Api"}
[06:33:52 INF] Using SQLite provider with connection: Data Source=TestDatabase.db {"Application": "Crud.Api"}
[06:33:52 INF] Database ensured successfully {"Application": "Crud.Api"}
[06:33:52 INF] Application configured successfully. Starting web host... {"Application": "Crud.Api"}
[06:33:52 INF] Resetting database for worker 19068 {"SourceContext": "Infrastructure.Services.DatabaseTestService", "Application": "Crud.Api"}
[06:33:52 INF] Resetting database via file deletion for worker 19068 in CI environment {"SourceContext": "Infrastructure.Services.DatabaseTestService", "Application": "Crud.Api"}
[06:33:52 INF] Acquiring database mutex for worker 19068... {"SourceContext": "Infrastructure.Services.DatabaseTestService", "Application": "Crud.Api"}
[06:33:52 INF] Database mutex acquired for worker 19068 {"SourceContext": "Infrastructure.Services.DatabaseTestService", "Application": "Crud.Api"}
[06:33:52 INF] Current database state - CanConnect: True {"SourceContext": "Infrastructure.Services.DatabaseTestService", "Application": "Crud.Api"}
[06:33:52 INF] [Phase 0] Closing database connection for worker 19068... {"SourceContext": "Infrastructure.Services.DatabaseTestService", "Application": "Crud.Api"}
[06:33:52 INF] [Phase 0] Connection closed in 0.0009ms {"SourceContext": "Infrastructure.Services.DatabaseTestService", "Application": "Crud.Api"}
[06:33:52 INF] [Phase 1] Starting EnsureDeletedAsync for worker 19068... {"SourceContext": "Infrastructure.Services.DatabaseTestService", "Application": "Crud.Api"}
[06:33:52 INF] [Phase 1] EnsureDeletedAsync completed in 1.4313ms {"SourceContext": "Infrastructure.Services.DatabaseTestService", "Application": "Crud.Api"}
[06:33:52 INF] [Phase 2] Starting EnsureCreatedAsync for worker 19068... {"SourceContext": "Infrastructure.Services.DatabaseTestService", "Application": "Crud.Api"}
[06:33:52 INF] [Phase 2] EnsureCreatedAsync completed in 8.9459ms {"SourceContext": "Infrastructure.Services.DatabaseTestService", "Application": "Crud.Api"}
[06:33:52 INF] [Phase 3] Skipping database seeding as requested for worker 19068 {"SourceContext": "Infrastructure.Services.DatabaseTestService", "Application": "Crud.Api"}
[06:33:52 INF] Database reset via file deletion completed for worker 19068 in 110.2385ms (Close: 0.0009ms, Delete: 1.4313ms, Create: 8.9459ms) {"SourceContext": "Infrastructure.Services.DatabaseTestService", "Application": "Crud.Api"}
[06:33:52 INF] Releasing database mutex for worker 19068 {"SourceContext": "Infrastructure.Services.DatabaseTestService", "Application": "Crud.Api"}
[06:33:52 WRN] Failed to determine the https port for redirect. {"EventId": {"Id": 3, "Name": "FailedToDeterminePort"}, "SourceContext": "Microsoft.AspNetCore.HttpsPolicy.HttpsRedirectionMiddleware", "RequestId": "0HNFGVK4NGCQJ", "RequestPath": "/api/auth/register", "Application": "Crud.Api"}
[06:33:52 INF] User registered successfully: 4c0a34aa-c7f1-4590-bd43-90495e371041 {"SourceContext": "App.Features.Authentication.RegisterUserCommandHandler", "ActionId": "99ef9dbb-965e-4643-ae0b-08032ec5989b", "ActionName": "Api.Controllers.AuthController.Register (Api)", "RequestId": "0HNFGVK4NGCQJ", "RequestPath": "/api/auth/register", "Application": "Crud.Api"}
Activity.TraceId:            3d9b61b635d72257f544df04167a3fdc
Activity.SpanId:             c0872d713f6e7930
Activity.TraceFlags:         Recorded
Activity.ActivitySourceName: Microsoft.AspNetCore
Activity.DisplayName:        POST api/Auth/register
Activity.Kind:               Server
Activity.StartTime:          2025-09-11T06:33:52.4695963Z
Activity.Duration:           00:00:00.3098761
Activity.Tags:
    server.address: localhost
    http.request.method: POST
    url.scheme: http
    url.path: /api/auth/register
    network.protocol.version: 1.1
    http.route: api/Auth/register
    http.response.status_code: 200
Resource associated with Activity:
    deployment.environment: Testing
    service.name: Crud.Api
    service.version: 1.0.0
    service.instance.id: 10e2e254-224c-48e1-a2d2-8bbb5483cf26
    telemetry.sdk.name: opentelemetry
    telemetry.sdk.language: dotnet
    telemetry.sdk.version: 1.8.1
[06:33:52 DBG] Cache miss for key: list:wall {"SourceContext": "Infrastructure.Services.Caching.InMemoryCacheService", "ActionId": "4f746def-69c2-4d66-a90e-62aa5ff52537", "ActionName": "Api.Controllers.WallsController.List (Api)", "RequestId": "0HNFGVK4NGCQK", "RequestPath": "/api/walls", "Application": "Crud.Api"}
[06:33:52 DBG] Set cache value for key: list:wall {"SourceContext": "Infrastructure.Services.Caching.InMemoryCacheService", "ActionId": "4f746def-69c2-4d66-a90e-62aa5ff52537", "ActionName": "Api.Controllers.WallsController.List (Api)", "RequestId": "0HNFGVK4NGCQK", "RequestPath": "/api/walls", "Application": "Crud.Api"}
Activity.TraceId:            e73750674c3e7b68a7e3e19a53252deb
Activity.SpanId:             aa111c4c20fd7f9d
Activity.TraceFlags:         Recorded
Activity.ActivitySourceName: Microsoft.AspNetCore
Activity.DisplayName:        GET api/Walls
Activity.Kind:               Server
Activity.StartTime:          2025-09-11T06:33:52.7801760Z
Activity.Duration:           00:00:00.0144501
Activity.Tags:
    server.address: localhost
    http.request.method: GET
    url.scheme: http
    url.path: /api/walls
    network.protocol.version: 1.1
    http.route: api/Walls
    http.response.status_code: 200
Resource associated with Activity:
    deployment.environment: Testing
    service.name: Crud.Api
    service.version: 1.0.0
    service.instance.id: 10e2e254-224c-48e1-a2d2-8bbb5483cf26
    telemetry.sdk.name: opentelemetry
    telemetry.sdk.language: dotnet
    telemetry.sdk.version: 1.8.1
[06:33:52 DBG] Cache hit for key: list:wall {"SourceContext": "Infrastructure.Services.Caching.InMemoryCacheService", "ActionId": "4f746def-69c2-4d66-a90e-62aa5ff52537", "ActionName": "Api.Controllers.WallsController.List (Api)", "RequestId": "0HNFGVK4NGCQL", "RequestPath": "/api/walls", "Application": "Crud.Api"}
Activity.TraceId:            722aa7d52e96a08ab16bd67480a6aad9
Activity.SpanId:             7b4e90808ad414cd
Activity.TraceFlags:         Recorded
Activity.ActivitySourceName: Microsoft.AspNetCore
Activity.DisplayName:        GET api/Walls
Activity.Kind:               Server
Activity.StartTime:          2025-09-11T06:33:52.7949682Z
Activity.Duration:           00:00:00.0035372
Activity.Tags:
    server.address: localhost
    http.request.method: GET
    url.scheme: http
    url.path: /api/walls
    network.protocol.version: 1.1
    http.route: api/Walls
    http.response.status_code: 200
Resource associated with Activity:
    deployment.environment: Testing
    service.name: Crud.Api
    service.version: 1.0.0
    service.instance.id: 10e2e254-224c-48e1-a2d2-8bbb5483cf26
    telemetry.sdk.name: opentelemetry
    telemetry.sdk.language: dotnet
    telemetry.sdk.version: 1.8.1
[06:33:52 INF] Resetting database for worker 19068 {"SourceContext": "Infrastructure.Services.DatabaseTestService", "Application": "Crud.Api"}
[06:33:52 INF] Resetting database via file deletion for worker 19068 in CI environment {"SourceContext": "Infrastructure.Services.DatabaseTestService", "Application": "Crud.Api"}
[06:33:52 INF] Acquiring database mutex for worker 19068... {"SourceContext": "Infrastructure.Services.DatabaseTestService", "Application": "Crud.Api"}
[06:33:52 INF] Database mutex acquired for worker 19068 {"SourceContext": "Infrastructure.Services.DatabaseTestService", "Application": "Crud.Api"}
[06:33:52 INF] Current database state - CanConnect: True {"SourceContext": "Infrastructure.Services.DatabaseTestService", "Application": "Crud.Api"}
[06:33:52 INF] [Phase 0] Closing database connection for worker 19068... {"SourceContext": "Infrastructure.Services.DatabaseTestService", "Application": "Crud.Api"}
[06:33:52 INF] [Phase 0] Connection closed in 0.0016ms {"SourceContext": "Infrastructure.Services.DatabaseTestService", "Application": "Crud.Api"}
[06:33:52 INF] [Phase 1] Starting EnsureDeletedAsync for worker 19068... {"SourceContext": "Infrastructure.Services.DatabaseTestService", "Application": "Crud.Api"}
[06:33:52 INF] [Phase 1] EnsureDeletedAsync completed in 1.5562ms {"SourceContext": "Infrastructure.Services.DatabaseTestService", "Application": "Crud.Api"}
[06:33:52 INF] [Phase 2] Starting EnsureCreatedAsync for worker 19068... {"SourceContext": "Infrastructure.Services.DatabaseTestService", "Application": "Crud.Api"}
[06:33:52 INF] [Phase 2] EnsureCreatedAsync completed in 7.9287ms {"SourceContext": "Infrastructure.Services.DatabaseTestService", "Application": "Crud.Api"}
[06:33:52 INF] [Phase 3] Skipping database seeding as requested for worker 19068 {"SourceContext": "Infrastructure.Services.DatabaseTestService", "Application": "Crud.Api"}
[06:33:52 INF] Database reset via file deletion completed for worker 19068 in 110.1188ms (Close: 0.0016ms, Delete: 1.5562ms, Create: 7.9287ms) {"SourceContext": "Infrastructure.Services.DatabaseTestService", "Application": "Crud.Api"}
[06:33:52 INF] Releasing database mutex for worker 19068 {"SourceContext": "Infrastructure.Services.DatabaseTestService", "Application": "Crud.Api"}
[06:33:52 INF] Resetting database for worker 19068 {"SourceContext": "Infrastructure.Services.DatabaseTestService", "Application": "Crud.Api"}
[06:33:52 INF] Resetting database via file deletion for worker 19068 in CI environment {"SourceContext": "Infrastructure.Services.DatabaseTestService", "Application": "Crud.Api"}
[06:33:52 INF] Acquiring database mutex for worker 19068... {"SourceContext": "Infrastructure.Services.DatabaseTestService", "Application": "Crud.Api"}
[06:33:52 INF] Database mutex acquired for worker 19068 {"SourceContext": "Infrastructure.Services.DatabaseTestService", "Application": "Crud.Api"}
[06:33:52 INF] Current database state - CanConnect: True {"SourceContext": "Infrastructure.Services.DatabaseTestService", "Application": "Crud.Api"}
[06:33:52 INF] [Phase 0] Closing database connection for worker 19068... {"SourceContext": "Infrastructure.Services.DatabaseTestService", "Application": "Crud.Api"}
[06:33:52 INF] [Phase 0] Connection closed in 0.0006ms {"SourceContext": "Infrastructure.Services.DatabaseTestService", "Application": "Crud.Api"}
[06:33:52 INF] [Phase 1] Starting EnsureDeletedAsync for worker 19068... {"SourceContext": "Infrastructure.Services.DatabaseTestService", "Application": "Crud.Api"}
[06:33:52 INF] [Phase 1] EnsureDeletedAsync completed in 1.2737ms {"SourceContext": "Infrastructure.Services.DatabaseTestService", "Application": "Crud.Api"}
[06:33:53 INF] [Phase 2] Starting EnsureCreatedAsync for worker 19068... {"SourceContext": "Infrastructure.Services.DatabaseTestService", "Application": "Crud.Api"}
[06:33:53 INF] [Phase 2] EnsureCreatedAsync completed in 8.0205ms {"SourceContext": "Infrastructure.Services.DatabaseTestService", "Application": "Crud.Api"}
[06:33:53 INF] [Phase 3] Skipping database seeding as requested for worker 19068 {"SourceContext": "Infrastructure.Services.DatabaseTestService", "Application": "Crud.Api"}
[06:33:53 INF] Database reset via file deletion completed for worker 19068 in 109.2401ms (Close: 0.0006ms, Delete: 1.2737ms, Create: 8.0205ms) {"SourceContext": "Infrastructure.Services.DatabaseTestService", "Application": "Crud.Api"}
[06:33:53 INF] Releasing database mutex for worker 19068 {"SourceContext": "Infrastructure.Services.DatabaseTestService", "Application": "Crud.Api"}
[06:33:53 INF] User registered successfully: 99bb6fb1-a35c-422e-8cf0-e02f99f5bcae {"SourceContext": "App.Features.Authentication.RegisterUserCommandHandler", "ActionId": "99ef9dbb-965e-4643-ae0b-08032ec5989b", "ActionName": "Api.Controllers.AuthController.Register (Api)", "RequestId": "0HNFGVK4NGCQM", "RequestPath": "/api/auth/register", "Application": "Crud.Api"}
Activity.TraceId:            26337a68fdb76d270b935532ccc44413
Activity.SpanId:             cdb1b9f917b4ef28
Activity.TraceFlags:         Recorded
Activity.ActivitySourceName: Microsoft.AspNetCore
Activity.DisplayName:        POST api/Auth/register
Activity.Kind:               Server
Activity.StartTime:          2025-09-11T06:33:53.0252516Z
Activity.Duration:           00:00:00.2966325
Activity.Tags:
    server.address: localhost
    http.request.method: POST
    url.scheme: http
    url.path: /api/auth/register
    network.protocol.version: 1.1
    http.route: api/Auth/register
    http.response.status_code: 200
Resource associated with Activity:
    deployment.environment: Testing
    service.name: Crud.Api
    service.version: 1.0.0
    service.instance.id: 10e2e254-224c-48e1-a2d2-8bbb5483cf26
    telemetry.sdk.name: opentelemetry
    telemetry.sdk.language: dotnet
    telemetry.sdk.version: 1.8.1
[06:33:53 DBG] Cache miss for key: list:window {"SourceContext": "Infrastructure.Services.Caching.InMemoryCacheService", "ActionId": "b1ca9804-4291-49f5-b14a-8db5e0112866", "ActionName": "Api.Controllers.WindowsController.List (Api)", "RequestId": "0HNFGVK4NGCQN", "RequestPath": "/api/windows", "Application": "Crud.Api"}
[06:33:53 DBG] Set cache value for key: list:window {"SourceContext": "Infrastructure.Services.Caching.InMemoryCacheService", "ActionId": "b1ca9804-4291-49f5-b14a-8db5e0112866", "ActionName": "Api.Controllers.WindowsController.List (Api)", "RequestId": "0HNFGVK4NGCQN", "RequestPath": "/api/windows", "Application": "Crud.Api"}
Activity.TraceId:            03fcaa7f630349701b50d06949972fee
Activity.SpanId:             560bfe3a3a6ebeb4
Activity.TraceFlags:         Recorded
Activity.ActivitySourceName: Microsoft.AspNetCore
Activity.DisplayName:        GET api/Windows
Activity.Kind:               Server
Activity.StartTime:          2025-09-11T06:33:53.3227153Z
Activity.Duration:           00:00:00.0126609
Activity.Tags:
    server.address: localhost
    http.request.method: GET
    url.scheme: http
    url.path: /api/windows
    network.protocol.version: 1.1
    http.route: api/Windows
    http.response.status_code: 200
Resource associated with Activity:
    deployment.environment: Testing
    service.name: Crud.Api
    service.version: 1.0.0
    service.instance.id: 10e2e254-224c-48e1-a2d2-8bbb5483cf26
    telemetry.sdk.name: opentelemetry
    telemetry.sdk.language: dotnet
    telemetry.sdk.version: 1.8.1
[06:33:53 DBG] Cache hit for key: list:window {"SourceContext": "Infrastructure.Services.Caching.InMemoryCacheService", "ActionId": "b1ca9804-4291-49f5-b14a-8db5e0112866", "ActionName": "Api.Controllers.WindowsController.List (Api)", "RequestId": "0HNFGVK4NGCQO", "RequestPath": "/api/windows", "Application": "Crud.Api"}
Activity.TraceId:            2376688673c334c46c6a15739028f81b
Activity.SpanId:             2e94361d75f43fcf
Activity.TraceFlags:         Recorded
Activity.ActivitySourceName: Microsoft.AspNetCore
Activity.DisplayName:        GET api/Windows
Activity.Kind:               Server
Activity.StartTime:          2025-09-11T06:33:53.3356068Z
Activity.Duration:           00:00:00.0006180
Activity.Tags:
    server.address: localhost
    http.request.method: GET
    url.scheme: http
    url.path: /api/windows
    network.protocol.version: 1.1
    http.route: api/Windows
    http.response.status_code: 200
Resource associated with Activity:
    deployment.environment: Testing
    service.name: Crud.Api
    service.version: 1.0.0
    service.instance.id: 10e2e254-224c-48e1-a2d2-8bbb5483cf26
    telemetry.sdk.name: opentelemetry
    telemetry.sdk.language: dotnet
    telemetry.sdk.version: 1.8.1
[06:33:53 INF] Resetting database for worker 19068 {"SourceContext": "Infrastructure.Services.DatabaseTestService", "Application": "Crud.Api"}
[06:33:53 INF] Resetting database via file deletion for worker 19068 in CI environment {"SourceContext": "Infrastructure.Services.DatabaseTestService", "Application": "Crud.Api"}
[06:33:53 INF] Acquiring database mutex for worker 19068... {"SourceContext": "Infrastructure.Services.DatabaseTestService", "Application": "Crud.Api"}
[06:33:53 INF] Database mutex acquired for worker 19068 {"SourceContext": "Infrastructure.Services.DatabaseTestService", "Application": "Crud.Api"}
[06:33:53 INF] Current database state - CanConnect: True {"SourceContext": "Infrastructure.Services.DatabaseTestService", "Application": "Crud.Api"}
[06:33:53 INF] [Phase 0] Closing database connection for worker 19068... {"SourceContext": "Infrastructure.Services.DatabaseTestService", "Application": "Crud.Api"}
[06:33:53 INF] [Phase 0] Connection closed in 0.0009ms {"SourceContext": "Infrastructure.Services.DatabaseTestService", "Application": "Crud.Api"}
[06:33:53 INF] [Phase 1] Starting EnsureDeletedAsync for worker 19068... {"SourceContext": "Infrastructure.Services.DatabaseTestService", "Application": "Crud.Api"}
[06:33:53 INF] [Phase 1] EnsureDeletedAsync completed in 1.4733ms {"SourceContext": "Infrastructure.Services.DatabaseTestService", "Application": "Crud.Api"}
[06:33:53 INF] [Phase 2] Starting EnsureCreatedAsync for worker 19068... {"SourceContext": "Infrastructure.Services.DatabaseTestService", "Application": "Crud.Api"}
[06:33:53 INF] [Phase 2] EnsureCreatedAsync completed in 8.2467ms {"SourceContext": "Infrastructure.Services.DatabaseTestService", "Application": "Crud.Api"}
[06:33:53 INF] [Phase 3] Skipping database seeding as requested for worker 19068 {"SourceContext": "Infrastructure.Services.DatabaseTestService", "Application": "Crud.Api"}
[06:33:53 INF] Database reset via file deletion completed for worker 19068 in 109.266ms (Close: 0.0009ms, Delete: 1.4733ms, Create: 8.2467ms) {"SourceContext": "Infrastructure.Services.DatabaseTestService", "Application": "Crud.Api"}
[06:33:53 INF] Releasing database mutex for worker 19068 {"SourceContext": "Infrastructure.Services.DatabaseTestService", "Application": "Crud.Api"}
[06:33:53 INF] Resetting database for worker 19068 {"SourceContext": "Infrastructure.Services.DatabaseTestService", "Application": "Crud.Api"}
[06:33:53 INF] Resetting database via file deletion for worker 19068 in CI environment {"SourceContext": "Infrastructure.Services.DatabaseTestService", "Application": "Crud.Api"}
[06:33:53 INF] Acquiring database mutex for worker 19068... {"SourceContext": "Infrastructure.Services.DatabaseTestService", "Application": "Crud.Api"}
[06:33:53 INF] Database mutex acquired for worker 19068 {"SourceContext": "Infrastructure.Services.DatabaseTestService", "Application": "Crud.Api"}
[06:33:53 INF] Current database state - CanConnect: True {"SourceContext": "Infrastructure.Services.DatabaseTestService", "Application": "Crud.Api"}
[06:33:53 INF] [Phase 0] Closing database connection for worker 19068... {"SourceContext": "Infrastructure.Services.DatabaseTestService", "Application": "Crud.Api"}
[06:33:53 INF] [Phase 0] Connection closed in 0.0006ms {"SourceContext": "Infrastructure.Services.DatabaseTestService", "Application": "Crud.Api"}
[06:33:53 INF] [Phase 1] Starting EnsureDeletedAsync for worker 19068... {"SourceContext": "Infrastructure.Services.DatabaseTestService", "Application": "Crud.Api"}
[06:33:53 INF] [Phase 1] EnsureDeletedAsync completed in 1.2155ms {"SourceContext": "Infrastructure.Services.DatabaseTestService", "Application": "Crud.Api"}
[06:33:53 INF] [Phase 2] Starting EnsureCreatedAsync for worker 19068... {"SourceContext": "Infrastructure.Services.DatabaseTestService", "Application": "Crud.Api"}
[06:33:53 INF] [Phase 2] EnsureCreatedAsync completed in 7.3731ms {"SourceContext": "Infrastructure.Services.DatabaseTestService", "Application": "Crud.Api"}
[06:33:53 INF] [Phase 3] Skipping database seeding as requested for worker 19068 {"SourceContext": "Infrastructure.Services.DatabaseTestService", "Application": "Crud.Api"}
[06:33:53 INF] Database reset via file deletion completed for worker 19068 in 108.6701ms (Close: 0.0006ms, Delete: 1.2155ms, Create: 7.3731ms) {"SourceContext": "Infrastructure.Services.DatabaseTestService", "Application": "Crud.Api"}
[06:33:53 INF] Releasing database mutex for worker 19068 {"SourceContext": "Infrastructure.Services.DatabaseTestService", "Application": "Crud.Api"}
[06:33:53 INF] User registered successfully: 165e781c-8d1d-4701-bd1f-76cbac166763 {"SourceContext": "App.Features.Authentication.RegisterUserCommandHandler", "ActionId": "99ef9dbb-965e-4643-ae0b-08032ec5989b", "ActionName": "Api.Controllers.AuthController.Register (Api)", "RequestId": "0HNFGVK4NGCQP", "RequestPath": "/api/auth/register", "Application": "Crud.Api"}
Activity.TraceId:            0af57ea6542a5e963fee86b8ebea098c
Activity.SpanId:             34657bf4dc089168
Activity.TraceFlags:         Recorded
Activity.ActivitySourceName: Microsoft.AspNetCore
Activity.DisplayName:        POST api/Auth/register
Activity.Kind:               Server
Activity.StartTime:          2025-09-11T06:33:53.5597644Z
Activity.Duration:           00:00:00.2989783
Activity.Tags:
    server.address: localhost
    http.request.method: POST
    url.scheme: http
    url.path: /api/auth/register
    network.protocol.version: 1.1
    http.route: api/Auth/register
    http.response.status_code: 200
Resource associated with Activity:
    deployment.environment: Testing
    service.name: Crud.Api
    service.version: 1.0.0
    service.instance.id: 10e2e254-224c-48e1-a2d2-8bbb5483cf26
    telemetry.sdk.name: opentelemetry
    telemetry.sdk.language: dotnet
    telemetry.sdk.version: 1.8.1
[06:33:53 DBG] Cache miss for key: list:role {"SourceContext": "Infrastructure.Services.Caching.InMemoryCacheService", "ActionId": "e8e5e19c-4345-4706-98d9-bdf084c001f1", "ActionName": "Api.Controllers.RolesController.List (Api)", "RequestId": "0HNFGVK4NGCQQ", "RequestPath": "/api/roles", "Application": "Crud.Api"}
[06:33:53 DBG] Set cache value for key: list:role {"SourceContext": "Infrastructure.Services.Caching.InMemoryCacheService", "ActionId": "e8e5e19c-4345-4706-98d9-bdf084c001f1", "ActionName": "Api.Controllers.RolesController.List (Api)", "RequestId": "0HNFGVK4NGCQQ", "RequestPath": "/api/roles", "Application": "Crud.Api"}
Activity.TraceId:            5a80573955eafdb4615cd2e4b1e331fc
Activity.SpanId:             47c4af53577b16e7
Activity.TraceFlags:         Recorded
Activity.ActivitySourceName: Microsoft.AspNetCore
Activity.DisplayName:        GET api/Roles
Activity.Kind:               Server
Activity.StartTime:          2025-09-11T06:33:53.8596103Z
Activity.Duration:           00:00:00.0063935
Activity.Tags:
    server.address: localhost
    http.request.method: GET
    url.scheme: http
    url.path: /api/roles
    network.protocol.version: 1.1
    http.route: api/Roles
    http.response.status_code: 200
Resource associated with Activity:
    deployment.environment: Testing
    service.name: Crud.Api
    service.version: 1.0.0
    service.instance.id: 10e2e254-224c-48e1-a2d2-8bbb5483cf26
    telemetry.sdk.name: opentelemetry
    telemetry.sdk.language: dotnet
    telemetry.sdk.version: 1.8.1
[06:33:53 DBG] Cache hit for key: list:role {"SourceContext": "Infrastructure.Services.Caching.InMemoryCacheService", "ActionId": "e8e5e19c-4345-4706-98d9-bdf084c001f1", "ActionName": "Api.Controllers.RolesController.List (Api)", "RequestId": "0HNFGVK4NGCQR", "RequestPath": "/api/roles", "Application": "Crud.Api"}
Activity.TraceId:            b11be6552480b777c82f8fc811500074
Activity.SpanId:             17d01a04deb0af5e
Activity.TraceFlags:         Recorded
Activity.ActivitySourceName: Microsoft.AspNetCore
Activity.DisplayName:        GET api/Roles
Activity.Kind:               Server
Activity.StartTime:          2025-09-11T06:33:53.8661817Z
Activity.Duration:           00:00:00.0004826
Activity.Tags:
    server.address: localhost
    http.request.method: GET
    url.scheme: http
    url.path: /api/roles
    network.protocol.version: 1.1
    http.route: api/Roles
    http.response.status_code: 200
Resource associated with Activity:
    deployment.environment: Testing
    service.name: Crud.Api
    service.version: 1.0.0
    service.instance.id: 10e2e254-224c-48e1-a2d2-8bbb5483cf26
    telemetry.sdk.name: opentelemetry
    telemetry.sdk.language: dotnet
    telemetry.sdk.version: 1.8.1
[06:33:53 INF] Resetting database for worker 19068 {"SourceContext": "Infrastructure.Services.DatabaseTestService", "Application": "Crud.Api"}
[06:33:53 INF] Resetting database via file deletion for worker 19068 in CI environment {"SourceContext": "Infrastructure.Services.DatabaseTestService", "Application": "Crud.Api"}
[06:33:53 INF] Acquiring database mutex for worker 19068... {"SourceContext": "Infrastructure.Services.DatabaseTestService", "Application": "Crud.Api"}
[06:33:53 INF] Database mutex acquired for worker 19068 {"SourceContext": "Infrastructure.Services.DatabaseTestService", "Application": "Crud.Api"}
[06:33:53 INF] Current database state - CanConnect: True {"SourceContext": "Infrastructure.Services.DatabaseTestService", "Application": "Crud.Api"}
[06:33:53 INF] [Phase 0] Closing database connection for worker 19068... {"SourceContext": "Infrastructure.Services.DatabaseTestService", "Application": "Crud.Api"}
[06:33:53 INF] [Phase 0] Connection closed in 0.002ms {"SourceContext": "Infrastructure.Services.DatabaseTestService", "Application": "Crud.Api"}
[06:33:53 INF] [Phase 1] Starting EnsureDeletedAsync for worker 19068... {"SourceContext": "Infrastructure.Services.DatabaseTestService", "Application": "Crud.Api"}
[06:33:53 INF] [Phase 1] EnsureDeletedAsync completed in 1.3257ms {"SourceContext": "Infrastructure.Services.DatabaseTestService", "Application": "Crud.Api"}
[06:33:53 INF] [Phase 2] Starting EnsureCreatedAsync for worker 19068... {"SourceContext": "Infrastructure.Services.DatabaseTestService", "Application": "Crud.Api"}
[06:33:53 INF] [Phase 2] EnsureCreatedAsync completed in 21.3144ms {"SourceContext": "Infrastructure.Services.DatabaseTestService", "Application": "Crud.Api"}
[06:33:53 INF] [Phase 3] Skipping database seeding as requested for worker 19068 {"SourceContext": "Infrastructure.Services.DatabaseTestService", "Application": "Crud.Api"}
[06:33:53 INF] Database reset via file deletion completed for worker 19068 in 122.498ms (Close: 0.002ms, Delete: 1.3257ms, Create: 21.3144ms) {"SourceContext": "Infrastructure.Services.DatabaseTestService", "Application": "Crud.Api"}
[06:33:53 INF] Releasing database mutex for worker 19068 {"SourceContext": "Infrastructure.Services.DatabaseTestService", "Application": "Crud.Api"}
[06:33:53 INF] Resetting database for worker 19068 {"SourceContext": "Infrastructure.Services.DatabaseTestService", "Application": "Crud.Api"}
[06:33:53 INF] Resetting database via file deletion for worker 19068 in CI environment {"SourceContext": "Infrastructure.Services.DatabaseTestService", "Application": "Crud.Api"}
[06:33:53 INF] Acquiring database mutex for worker 19068... {"SourceContext": "Infrastructure.Services.DatabaseTestService", "Application": "Crud.Api"}
[06:33:53 INF] Database mutex acquired for worker 19068 {"SourceContext": "Infrastructure.Services.DatabaseTestService", "Application": "Crud.Api"}
[06:33:53 INF] Current database state - CanConnect: True {"SourceContext": "Infrastructure.Services.DatabaseTestService", "Application": "Crud.Api"}
[06:33:53 INF] [Phase 0] Closing database connection for worker 19068... {"SourceContext": "Infrastructure.Services.DatabaseTestService", "Application": "Crud.Api"}
[06:33:53 INF] [Phase 0] Connection closed in 0.0007ms {"SourceContext": "Infrastructure.Services.DatabaseTestService", "Application": "Crud.Api"}
[06:33:53 INF] [Phase 1] Starting EnsureDeletedAsync for worker 19068... {"SourceContext": "Infrastructure.Services.DatabaseTestService", "Application": "Crud.Api"}
[06:33:53 INF] [Phase 1] EnsureDeletedAsync completed in 1.3931ms {"SourceContext": "Infrastructure.Services.DatabaseTestService", "Application": "Crud.Api"}
[06:33:54 INF] [Phase 2] Starting EnsureCreatedAsync for worker 19068... {"SourceContext": "Infrastructure.Services.DatabaseTestService", "Application": "Crud.Api"}
[06:33:54 INF] [Phase 2] EnsureCreatedAsync completed in 7.9144ms {"SourceContext": "Infrastructure.Services.DatabaseTestService", "Application": "Crud.Api"}
[06:33:54 INF] [Phase 3] Skipping database seeding as requested for worker 19068 {"SourceContext": "Infrastructure.Services.DatabaseTestService", "Application": "Crud.Api"}
[06:33:54 INF] Database reset via file deletion completed for worker 19068 in 110.1801ms (Close: 0.0007ms, Delete: 1.3931ms, Create: 7.9144ms) {"SourceContext": "Infrastructure.Services.DatabaseTestService", "Application": "Crud.Api"}
[06:33:54 INF] Releasing database mutex for worker 19068 {"SourceContext": "Infrastructure.Services.DatabaseTestService", "Application": "Crud.Api"}
[06:33:54 INF] User registered successfully: 2238608e-674a-4ab4-8bb2-0919cdd18ebb {"SourceContext": "App.Features.Authentication.RegisterUserCommandHandler", "ActionId": "99ef9dbb-965e-4643-ae0b-08032ec5989b", "ActionName": "Api.Controllers.AuthController.Register (Api)", "RequestId": "0HNFGVK4NGCQS", "RequestPath": "/api/auth/register", "Application": "Crud.Api"}
Activity.TraceId:            b280f882ba60fd0d43b94aae0f1dd936
Activity.SpanId:             9a0c30cab97eaed6
Activity.TraceFlags:         Recorded
Activity.ActivitySourceName: Microsoft.AspNetCore
Activity.DisplayName:        POST api/Auth/register
Activity.Kind:               Server
Activity.StartTime:          2025-09-11T06:33:54.1051209Z
Activity.Duration:           00:00:00.2955395
Activity.Tags:
    server.address: localhost
    http.request.method: POST
    url.scheme: http
    url.path: /api/auth/register
    network.protocol.version: 1.1
    http.route: api/Auth/register
    http.response.status_code: 200
Resource associated with Activity:
    deployment.environment: Testing
    service.name: Crud.Api
    service.version: 1.0.0
    service.instance.id: 10e2e254-224c-48e1-a2d2-8bbb5483cf26
    telemetry.sdk.name: opentelemetry
    telemetry.sdk.language: dotnet
    telemetry.sdk.version: 1.8.1
[06:33:54 DBG] Cache miss for key: list:person {"SourceContext": "Infrastructure.Services.Caching.InMemoryCacheService", "ActionId": "da9e8884-23a8-42d5-8cd9-1b6458f84f4e", "ActionName": "Api.Controllers.PeopleController.List (Api)", "RequestId": "0HNFGVK4NGCQT", "RequestPath": "/api/people", "Application": "Crud.Api"}
[06:33:54 DBG] Set cache value for key: list:person {"SourceContext": "Infrastructure.Services.Caching.InMemoryCacheService", "ActionId": "da9e8884-23a8-42d5-8cd9-1b6458f84f4e", "ActionName": "Api.Controllers.PeopleController.List (Api)", "RequestId": "0HNFGVK4NGCQT", "RequestPath": "/api/people", "Application": "Crud.Api"}
Activity.TraceId:            8e156a18342ca2b4c921f9ec620acc69
Activity.SpanId:             37adc94298cd7b50
Activity.TraceFlags:         Recorded
Activity.ActivitySourceName: Microsoft.AspNetCore
Activity.DisplayName:        GET api/People
Activity.Kind:               Server
Activity.StartTime:          2025-09-11T06:33:54.4014016Z
Activity.Duration:           00:00:00.0082562
Activity.Tags:
    server.address: localhost
    http.request.method: GET
    url.scheme: http
    url.path: /api/people
    network.protocol.version: 1.1
    http.route: api/People
    http.response.status_code: 200
Resource associated with Activity:
    deployment.environment: Testing
    service.name: Crud.Api
    service.version: 1.0.0
    service.instance.id: 10e2e254-224c-48e1-a2d2-8bbb5483cf26
    telemetry.sdk.name: opentelemetry
    telemetry.sdk.language: dotnet
    telemetry.sdk.version: 1.8.1
[06:33:54 DBG] Cache hit for key: list:person {"SourceContext": "Infrastructure.Services.Caching.InMemoryCacheService", "ActionId": "da9e8884-23a8-42d5-8cd9-1b6458f84f4e", "ActionName": "Api.Controllers.PeopleController.List (Api)", "RequestId": "0HNFGVK4NGCQU", "RequestPath": "/api/people", "Application": "Crud.Api"}
Activity.TraceId:            c8a4f82c2f00b7d6cb124ac77292c476
Activity.SpanId:             20e469f187758ac6
Activity.TraceFlags:         Recorded
Activity.ActivitySourceName: Microsoft.AspNetCore
Activity.DisplayName:        GET api/People
Activity.Kind:               Server
Activity.StartTime:          2025-09-11T06:33:54.4099130Z
Activity.Duration:           00:00:00.0006060
Activity.Tags:
    server.address: localhost
    http.request.method: GET
    url.scheme: http
    url.path: /api/people
    network.protocol.version: 1.1
    http.route: api/People
    http.response.status_code: 200
Resource associated with Activity:
    deployment.environment: Testing
    service.name: Crud.Api
    service.version: 1.0.0
    service.instance.id: 10e2e254-224c-48e1-a2d2-8bbb5483cf26
    telemetry.sdk.name: opentelemetry
    telemetry.sdk.language: dotnet
    telemetry.sdk.version: 1.8.1
[06:33:54 INF] Resetting database for worker 19068 {"SourceContext": "Infrastructure.Services.DatabaseTestService", "Application": "Crud.Api"}
[06:33:54 INF] Resetting database via file deletion for worker 19068 in CI environment {"SourceContext": "Infrastructure.Services.DatabaseTestService", "Application": "Crud.Api"}
[06:33:54 INF] Acquiring database mutex for worker 19068... {"SourceContext": "Infrastructure.Services.DatabaseTestService", "Application": "Crud.Api"}
[06:33:54 INF] Database mutex acquired for worker 19068 {"SourceContext": "Infrastructure.Services.DatabaseTestService", "Application": "Crud.Api"}
[06:33:54 INF] Current database state - CanConnect: True {"SourceContext": "Infrastructure.Services.DatabaseTestService", "Application": "Crud.Api"}
[06:33:54 INF] [Phase 0] Closing database connection for worker 19068... {"SourceContext": "Infrastructure.Services.DatabaseTestService", "Application": "Crud.Api"}
[06:33:54 INF] [Phase 0] Connection closed in 0.0008ms {"SourceContext": "Infrastructure.Services.DatabaseTestService", "Application": "Crud.Api"}
[06:33:54 INF] [Phase 1] Starting EnsureDeletedAsync for worker 19068... {"SourceContext": "Infrastructure.Services.DatabaseTestService", "Application": "Crud.Api"}
[06:33:54 INF] [Phase 1] EnsureDeletedAsync completed in 1.2966ms {"SourceContext": "Infrastructure.Services.DatabaseTestService", "Application": "Crud.Api"}
[06:33:54 INF] [Phase 2] Starting EnsureCreatedAsync for worker 19068... {"SourceContext": "Infrastructure.Services.DatabaseTestService", "Application": "Crud.Api"}
[06:33:54 INF] [Phase 2] EnsureCreatedAsync completed in 8.06ms {"SourceContext": "Infrastructure.Services.DatabaseTestService", "Application": "Crud.Api"}
[06:33:54 INF] [Phase 3] Skipping database seeding as requested for worker 19068 {"SourceContext": "Infrastructure.Services.DatabaseTestService", "Application": "Crud.Api"}
[06:33:54 INF] Database reset via file deletion completed for worker 19068 in 109.1651ms (Close: 0.0008ms, Delete: 1.2966ms, Create: 8.06ms) {"SourceContext": "Infrastructure.Services.DatabaseTestService", "Application": "Crud.Api"}
[06:33:54 INF] Releasing database mutex for worker 19068 {"SourceContext": "Infrastructure.Services.DatabaseTestService", "Application": "Crud.Api"}
[06:33:54 INF] Resetting database for worker 19068 {"SourceContext": "Infrastructure.Services.DatabaseTestService", "Application": "Crud.Api"}
[06:33:54 INF] Resetting database via file deletion for worker 19068 in CI environment {"SourceContext": "Infrastructure.Services.DatabaseTestService", "Application": "Crud.Api"}
[06:33:54 INF] Acquiring database mutex for worker 19068... {"SourceContext": "Infrastructure.Services.DatabaseTestService", "Application": "Crud.Api"}
[06:33:54 INF] Database mutex acquired for worker 19068 {"SourceContext": "Infrastructure.Services.DatabaseTestService", "Application": "Crud.Api"}
[06:33:54 INF] Current database state - CanConnect: True {"SourceContext": "Infrastructure.Services.DatabaseTestService", "Application": "Crud.Api"}
[06:33:54 INF] [Phase 0] Closing database connection for worker 19068... {"SourceContext": "Infrastructure.Services.DatabaseTestService", "Application": "Crud.Api"}
[06:33:54 INF] [Phase 0] Connection closed in 0.0007ms {"SourceContext": "Infrastructure.Services.DatabaseTestService", "Application": "Crud.Api"}
[06:33:54 INF] [Phase 1] Starting EnsureDeletedAsync for worker 19068... {"SourceContext": "Infrastructure.Services.DatabaseTestService", "Application": "Crud.Api"}
[06:33:54 INF] [Phase 1] EnsureDeletedAsync completed in 1.1842ms {"SourceContext": "Infrastructure.Services.DatabaseTestService", "Application": "Crud.Api"}
[06:33:54 INF] [Phase 2] Starting EnsureCreatedAsync for worker 19068... {"SourceContext": "Infrastructure.Services.DatabaseTestService", "Application": "Crud.Api"}
[06:33:54 INF] [Phase 2] EnsureCreatedAsync completed in 7.532ms {"SourceContext": "Infrastructure.Services.DatabaseTestService", "Application": "Crud.Api"}
[06:33:54 INF] [Phase 3] Skipping database seeding as requested for worker 19068 {"SourceContext": "Infrastructure.Services.DatabaseTestService", "Application": "Crud.Api"}
[06:33:54 INF] Database reset via file deletion completed for worker 19068 in 108.5243ms (Close: 0.0007ms, Delete: 1.1842ms, Create: 7.532ms) {"SourceContext": "Infrastructure.Services.DatabaseTestService", "Application": "Crud.Api"}
[06:33:54 INF] Releasing database mutex for worker 19068 {"SourceContext": "Infrastructure.Services.DatabaseTestService", "Application": "Crud.Api"}
[06:33:54 INF] User registered successfully: e707a4fa-8a8c-40ba-9aaa-70042bba03d8 {"SourceContext": "App.Features.Authentication.RegisterUserCommandHandler", "ActionId": "99ef9dbb-965e-4643-ae0b-08032ec5989b", "ActionName": "Api.Controllers.AuthController.Register (Api)", "RequestId": "0HNFGVK4NGCQV", "RequestPath": "/api/auth/register", "Application": "Crud.Api"}
Activity.TraceId:            78d706d59ba4944ed234d456aba8d842
Activity.SpanId:             798b0a6da6ecbe9d
Activity.TraceFlags:         Recorded
Activity.ActivitySourceName: Microsoft.AspNetCore
Activity.DisplayName:        POST api/Auth/register
Activity.Kind:               Server
Activity.StartTime:          2025-09-11T06:33:54.6334868Z
Activity.Duration:           00:00:00.2956753
Activity.Tags:
    server.address: localhost
    http.request.method: POST
    url.scheme: http
    url.path: /api/auth/register
    network.protocol.version: 1.1
    http.route: api/Auth/register
    http.response.status_code: 200
Resource associated with Activity:
    deployment.environment: Testing
    service.name: Crud.Api
    service.version: 1.0.0
    service.instance.id: 10e2e254-224c-48e1-a2d2-8bbb5483cf26
    telemetry.sdk.name: opentelemetry
    telemetry.sdk.language: dotnet
    telemetry.sdk.version: 1.8.1
[06:33:54 DBG] Cache miss for key: entity:person:71878c6a7c9d4f3cb349ecf7768adce6 {"SourceContext": "Infrastructure.Services.Caching.InMemoryCacheService", "ActionId": "897b9919-99ac-4a33-acd2-beafd9e1ebcf", "ActionName": "Api.Controllers.PeopleController.Get (Api)", "RequestId": "0HNFGVK4NGCR0", "RequestPath": "/api/people/71878c6a-7c9d-4f3c-b349-ecf7768adce6", "Application": "Crud.Api"}
[06:33:54 DBG] Set cache value for key: entity:person:71878c6a7c9d4f3cb349ecf7768adce6 {"SourceContext": "Infrastructure.Services.Caching.InMemoryCacheService", "ActionId": "897b9919-99ac-4a33-acd2-beafd9e1ebcf", "ActionName": "Api.Controllers.PeopleController.Get (Api)", "RequestId": "0HNFGVK4NGCR0", "RequestPath": "/api/people/71878c6a-7c9d-4f3c-b349-ecf7768adce6", "Application": "Crud.Api"}
Activity.TraceId:            b679ac46c3ccead2a3333455051a6a3e
Activity.SpanId:             425f489a700a0e68
Activity.TraceFlags:         Recorded
Activity.ActivitySourceName: Microsoft.AspNetCore
Activity.DisplayName:        GET api/People/{id:guid}
Activity.Kind:               Server
Activity.StartTime:          2025-09-11T06:33:54.9298639Z
Activity.Duration:           00:00:00.0071326
Activity.Tags:
    server.address: localhost
    http.request.method: GET
    url.scheme: http
    url.path: /api/people/71878c6a-7c9d-4f3c-b349-ecf7768adce6
    network.protocol.version: 1.1
    http.route: api/People/{id:guid}
    http.response.status_code: 200
Resource associated with Activity:
    deployment.environment: Testing
    service.name: Crud.Api
    service.version: 1.0.0
    service.instance.id: 10e2e254-224c-48e1-a2d2-8bbb5483cf26
    telemetry.sdk.name: opentelemetry
    telemetry.sdk.language: dotnet
    telemetry.sdk.version: 1.8.1
[06:33:54 DBG] Cache hit for key: entity:person:71878c6a7c9d4f3cb349ecf7768adce6 {"SourceContext": "Infrastructure.Services.Caching.InMemoryCacheService", "ActionId": "897b9919-99ac-4a33-acd2-beafd9e1ebcf", "ActionName": "Api.Controllers.PeopleController.Get (Api)", "RequestId": "0HNFGVK4NGCR1", "RequestPath": "/api/people/71878c6a-7c9d-4f3c-b349-ecf7768adce6", "Application": "Crud.Api"}
Activity.TraceId:            7559356fa0d745e7541d77ea1248396c
Activity.SpanId:             416ff41b0f75a8e2
Activity.TraceFlags:         Recorded
Activity.ActivitySourceName: Microsoft.AspNetCore
Activity.DisplayName:        GET api/People/{id:guid}
Activity.Kind:               Server
Activity.StartTime:          2025-09-11T06:33:54.9371950Z
Activity.Duration:           00:00:00.0004615
Activity.Tags:
    server.address: localhost
    http.request.method: GET
    url.scheme: http
    url.path: /api/people/71878c6a-7c9d-4f3c-b349-ecf7768adce6
    network.protocol.version: 1.1
    http.route: api/People/{id:guid}
    http.response.status_code: 200
Resource associated with Activity:
    deployment.environment: Testing
    service.name: Crud.Api
    service.version: 1.0.0
    service.instance.id: 10e2e254-224c-48e1-a2d2-8bbb5483cf26
    telemetry.sdk.name: opentelemetry
    telemetry.sdk.language: dotnet
    telemetry.sdk.version: 1.8.1
[06:33:54 INF] Resetting database for worker 19068 {"SourceContext": "Infrastructure.Services.DatabaseTestService", "Application": "Crud.Api"}
[06:33:54 INF] Resetting database via file deletion for worker 19068 in CI environment {"SourceContext": "Infrastructure.Services.DatabaseTestService", "Application": "Crud.Api"}
[06:33:54 INF] Acquiring database mutex for worker 19068... {"SourceContext": "Infrastructure.Services.DatabaseTestService", "Application": "Crud.Api"}
[06:33:54 INF] Database mutex acquired for worker 19068 {"SourceContext": "Infrastructure.Services.DatabaseTestService", "Application": "Crud.Api"}
[06:33:54 INF] Current database state - CanConnect: True {"SourceContext": "Infrastructure.Services.DatabaseTestService", "Application": "Crud.Api"}
[06:33:54 INF] [Phase 0] Closing database connection for worker 19068... {"SourceContext": "Infrastructure.Services.DatabaseTestService", "Application": "Crud.Api"}
[06:33:54 INF] [Phase 0] Connection closed in 0.0006ms {"SourceContext": "Infrastructure.Services.DatabaseTestService", "Application": "Crud.Api"}
[06:33:54 INF] [Phase 1] Starting EnsureDeletedAsync for worker 19068... {"SourceContext": "Infrastructure.Services.DatabaseTestService", "Application": "Crud.Api"}
[06:33:54 INF] [Phase 1] EnsureDeletedAsync completed in 1.2917ms {"SourceContext": "Infrastructure.Services.DatabaseTestService", "Application": "Crud.Api"}
[06:33:55 INF] [Phase 2] Starting EnsureCreatedAsync for worker 19068... {"SourceContext": "Infrastructure.Services.DatabaseTestService", "Application": "Crud.Api"}
[06:33:55 INF] [Phase 2] EnsureCreatedAsync completed in 7.778ms {"SourceContext": "Infrastructure.Services.DatabaseTestService", "Application": "Crud.Api"}
[06:33:55 INF] [Phase 3] Skipping database seeding as requested for worker 19068 {"SourceContext": "Infrastructure.Services.DatabaseTestService", "Application": "Crud.Api"}
[06:33:55 INF] Database reset via file deletion completed for worker 19068 in 108.2524ms (Close: 0.0006ms, Delete: 1.2917ms, Create: 7.778ms) {"SourceContext": "Infrastructure.Services.DatabaseTestService", "Application": "Crud.Api"}
[06:33:55 INF] Releasing database mutex for worker 19068 {"SourceContext": "Infrastructure.Services.DatabaseTestService", "Application": "Crud.Api"}
Resource associated with Metric:
    deployment.environment: Testing
    service.name: Crud.Api
    service.version: 1.0.0
    service.instance.id: 10e2e254-224c-48e1-a2d2-8bbb5483cf26
    telemetry.sdk.name: opentelemetry
    telemetry.sdk.language: dotnet
    telemetry.sdk.version: 1.8.1
Metric Name: http.server.active_requests, Number of active HTTP server requests., Unit: {request}, Meter: Microsoft.AspNetCore.Hosting
(2025-09-11T06:33:52.3503995Z, 2025-09-11T06:33:55.0478800Z] http.request.method: POST url.scheme: http LongSumNonMonotonic
Value: 0
(2025-09-11T06:33:52.3503995Z, 2025-09-11T06:33:55.0478800Z] http.request.method: GET url.scheme: http LongSumNonMonotonic
Value: 0
Metric Name: http.server.request.duration, Duration of HTTP server requests., Unit: s, Meter: Microsoft.AspNetCore.Hosting
(2025-09-11T06:33:52.3504690Z, 2025-09-11T06:33:55.0478834Z] http.request.method: POST http.response.status_code: 200 http.route: api/Auth/register network.protocol.version: 1.1 url.scheme: http Histogram
Value: Sum: 1.4966846999999999 Count: 5 Min: 0.2955377 Max: 0.3098718 
(-Infinity,0.005]:0
(0.005,0.01]:0
(0.01,0.025]:0
(0.025,0.05]:0
(0.05,0.075]:0
(0.075,0.1]:0
(0.1,0.25]:0
(0.25,0.5]:5
(0.5,0.75]:0
(0.75,1]:0
(1,2.5]:0
(2.5,5]:0
(5,7.5]:0
(7.5,10]:0
(10,+Infinity]:0
(2025-09-11T06:33:52.3504690Z, 2025-09-11T06:33:55.0478834Z] http.request.method: GET http.response.status_code: 200 http.route: api/Walls network.protocol.version: 1.1 url.scheme: http Histogram
Value: Sum: 0.0179601 Count: 2 Min: 0.0035353 Max: 0.0144248 
(-Infinity,0.005]:1
(0.005,0.01]:0
(0.01,0.025]:1
(0.025,0.05]:0
(0.05,0.075]:0
(0.075,0.1]:0
(0.1,0.25]:0
(0.25,0.5]:0
(0.5,0.75]:0
(0.75,1]:0
(1,2.5]:0
(2.5,5]:0
(5,7.5]:0
(7.5,10]:0
(10,+Infinity]:0
(2025-09-11T06:33:52.3504690Z, 2025-09-11T06:33:55.0478834Z] http.request.method: GET http.response.status_code: 200 http.route: api/Windows network.protocol.version: 1.1 url.scheme: http Histogram
Value: Sum: 0.0132744 Count: 2 Min: 0.0006206 Max: 0.0126538 
(-Infinity,0.005]:1
(0.005,0.01]:0
(0.01,0.025]:1
(0.025,0.05]:0
(0.05,0.075]:0
(0.075,0.1]:0
(0.1,0.25]:0
(0.25,0.5]:0
(0.5,0.75]:0
(0.75,1]:0
(1,2.5]:0
(2.5,5]:0
(5,7.5]:0
(7.5,10]:0
(10,+Infinity]:0
(2025-09-11T06:33:52.3504690Z, 2025-09-11T06:33:55.0478834Z] http.request.method: GET http.response.status_code: 200 http.route: api/Roles network.protocol.version: 1.1 url.scheme: http Histogram
Value: Sum: 0.0068503999999999995 Count: 2 Min: 0.0004849 Max: 0.0063655 
(-Infinity,0.005]:1
(0.005,0.01]:1
(0.01,0.025]:0
(0.025,0.05]:0
(0.05,0.075]:0
(0.075,0.1]:0
(0.1,0.25]:0
(0.25,0.5]:0
(0.5,0.75]:0
(0.75,1]:0
(1,2.5]:0
(2.5,5]:0
(5,7.5]:0
(7.5,10]:0
(10,+Infinity]:0
(2025-09-11T06:33:52.3504690Z, 2025-09-11T06:33:55.0478834Z] http.request.method: GET http.response.status_code: 200 http.route: api/People network.protocol.version: 1.1 url.scheme: http Histogram
Value: Sum: 0.0088515 Count: 2 Min: 0.0006087 Max: 0.0082428 
(-Infinity,0.005]:1
(0.005,0.01]:1
(0.01,0.025]:0
(0.025,0.05]:0
(0.05,0.075]:0
(0.075,0.1]:0
(0.1,0.25]:0
(0.25,0.5]:0
(0.5,0.75]:0
(0.75,1]:0
(1,2.5]:0
(2.5,5]:0
(5,7.5]:0
(7.5,10]:0
(10,+Infinity]:0
(2025-09-11T06:33:52.3504690Z, 2025-09-11T06:33:55.0478834Z] http.request.method: GET http.response.status_code: 200 http.route: api/People/{id:guid} network.protocol.version: 1.1 url.scheme: http Histogram
Value: Sum: 0.0075715999999999995 Count: 2 Min: 0.0004642 Max: 0.0071074 
(-Infinity,0.005]:1
(0.005,0.01]:1
(0.01,0.025]:0
(0.025,0.05]:0
(0.05,0.075]:0
(0.075,0.1]:0
(0.1,0.25]:0
(0.25,0.5]:0
(0.5,0.75]:0
(0.75,1]:0
(1,2.5]:0
(2.5,5]:0
(5,7.5]:0
(7.5,10]:0
(10,+Infinity]:0
Metric Name: aspnetcore.rate_limiting.active_request_leases, Number of HTTP requests that are currently active on the server that hold a rate limiting lease., Unit: {request}, Meter: Microsoft.AspNetCore.RateLimiting
(2025-09-11T06:33:52.3524672Z, 2025-09-11T06:33:55.0478841Z] LongSumNonMonotonic
Value: 0
Metric Name: aspnetcore.rate_limiting.request_lease.duration, The duration of rate limiting leases held by HTTP requests on the server., Unit: s, Meter: Microsoft.AspNetCore.RateLimiting
(2025-09-11T06:33:52.3525365Z, 2025-09-11T06:33:55.0478849Z] Histogram
Value: Sum: 1.5458393000000001 Count: 15 Min: 0.0003994 Max: 0.3087685 
(-Infinity,0.005]:5
(0.005,0.01]:3
(0.01,0.025]:2
(0.025,0.05]:0
(0.05,0.075]:0
(0.075,0.1]:0
(0.1,0.25]:0
(0.25,0.5]:5
(0.5,0.75]:0
(0.75,1]:0
(1,2.5]:0
(2.5,5]:0
(5,7.5]:0
(7.5,10]:0
(10,+Infinity]:0
Metric Name: aspnetcore.rate_limiting.requests, Number of requests that tried to acquire a rate limiting lease. Requests could be rejected by global or endpoint rate limiting policies. Or the request could be canceled while waiting for the lease., Unit: {request}, Meter: Microsoft.AspNetCore.RateLimiting
(2025-09-11T06:33:52.3527278Z, 2025-09-11T06:33:55.0478866Z] aspnetcore.rate_limiting.result: acquired LongSum
Value: 15
Metric Name: aspnetcore.routing.match_attempts, Number of requests that were attempted to be matched to an endpoint., Unit: {match_attempt}, Meter: Microsoft.AspNetCore.Routing
(2025-09-11T06:33:52.3536764Z, 2025-09-11T06:33:55.0478874Z] aspnetcore.routing.is_fallback: false aspnetcore.routing.match_status: success http.route: api/Auth/register LongSum
Value: 5
(2025-09-11T06:33:52.3536764Z, 2025-09-11T06:33:55.0478874Z] aspnetcore.routing.is_fallback: false aspnetcore.routing.match_status: success http.route: api/Walls LongSum
Value: 2
(2025-09-11T06:33:52.3536764Z, 2025-09-11T06:33:55.0478874Z] aspnetcore.routing.is_fallback: false aspnetcore.routing.match_status: success http.route: api/Windows LongSum
Value: 2
(2025-09-11T06:33:52.3536764Z, 2025-09-11T06:33:55.0478874Z] aspnetcore.routing.is_fallback: false aspnetcore.routing.match_status: success http.route: api/Roles LongSum
Value: 2
(2025-09-11T06:33:52.3536764Z, 2025-09-11T06:33:55.0478874Z] aspnetcore.routing.is_fallback: false aspnetcore.routing.match_status: success http.route: api/People LongSum
Value: 2
(2025-09-11T06:33:52.3536764Z, 2025-09-11T06:33:55.0478874Z] aspnetcore.routing.is_fallback: false aspnetcore.routing.match_status: success http.route: api/People/{id:guid} LongSum
Value: 2
[06:33:55 INF] Starting Crud API application {"Application": "Crud.Api"}
[06:33:55 INF] Using SQLite provider with connection: Data Source=TestDatabase.db {"Application": "Crud.Api"}
[06:33:55 INF] Database ensured successfully {"Application": "Crud.Api"}
[06:33:55 INF] Application configured successfully. Starting web host... {"Application": "Crud.Api"}
[06:33:55 INF] Resetting database for worker 9757 {"SourceContext": "Infrastructure.Services.DatabaseTestService", "Application": "Crud.Api"}
[06:33:55 INF] Resetting database via file deletion for worker 9757 in CI environment {"SourceContext": "Infrastructure.Services.DatabaseTestService", "Application": "Crud.Api"}
[06:33:55 INF] Acquiring database mutex for worker 9757... {"SourceContext": "Infrastructure.Services.DatabaseTestService", "Application": "Crud.Api"}
[06:33:55 INF] Database mutex acquired for worker 9757 {"SourceContext": "Infrastructure.Services.DatabaseTestService", "Application": "Crud.Api"}
[06:33:55 INF] Current database state - CanConnect: True {"SourceContext": "Infrastructure.Services.DatabaseTestService", "Application": "Crud.Api"}
[06:33:55 INF] [Phase 0] Closing database connection for worker 9757... {"SourceContext": "Infrastructure.Services.DatabaseTestService", "Application": "Crud.Api"}
[06:33:55 INF] [Phase 0] Connection closed in 0.0009ms {"SourceContext": "Infrastructure.Services.DatabaseTestService", "Application": "Crud.Api"}
[06:33:55 INF] [Phase 1] Starting EnsureDeletedAsync for worker 9757... {"SourceContext": "Infrastructure.Services.DatabaseTestService", "Application": "Crud.Api"}
[06:33:55 INF] [Phase 1] EnsureDeletedAsync completed in 1.4104ms {"SourceContext": "Infrastructure.Services.DatabaseTestService", "Application": "Crud.Api"}
[06:33:55 INF] [Phase 2] Starting EnsureCreatedAsync for worker 9757... {"SourceContext": "Infrastructure.Services.DatabaseTestService", "Application": "Crud.Api"}
[06:33:55 INF] [Phase 2] EnsureCreatedAsync completed in 7.6363ms {"SourceContext": "Infrastructure.Services.DatabaseTestService", "Application": "Crud.Api"}
[06:33:55 INF] [Phase 3] Skipping database seeding as requested for worker 9757 {"SourceContext": "Infrastructure.Services.DatabaseTestService", "Application": "Crud.Api"}
[06:33:55 INF] Database reset via file deletion completed for worker 9757 in 109.0612ms (Close: 0.0009ms, Delete: 1.4104ms, Create: 7.6363ms) {"SourceContext": "Infrastructure.Services.DatabaseTestService", "Application": "Crud.Api"}
[06:33:55 INF] Releasing database mutex for worker 9757 {"SourceContext": "Infrastructure.Services.DatabaseTestService", "Application": "Crud.Api"}
[06:33:55 WRN] Failed to determine the https port for redirect. {"EventId": {"Id": 3, "Name": "FailedToDeterminePort"}, "SourceContext": "Microsoft.AspNetCore.HttpsPolicy.HttpsRedirectionMiddleware", "RequestId": "0HNFGVK4NGCR2", "RequestPath": "/api/auth/register", "Application": "Crud.Api"}
[06:33:55 INF] User registered successfully: a534d39d-aeb7-44fa-8035-4df8d08cfd24 {"SourceContext": "App.Features.Authentication.RegisterUserCommandHandler", "ActionId": "6458f651-62dc-488d-886d-ea31f8b53560", "ActionName": "Api.Controllers.AuthController.Register (Api)", "RequestId": "0HNFGVK4NGCR2", "RequestPath": "/api/auth/register", "Application": "Crud.Api"}
Activity.TraceId:            830253156ade45c0f271cefc0b97d50f
Activity.SpanId:             f2b5eab2a701d6dc
Activity.TraceFlags:         Recorded
Activity.ActivitySourceName: Microsoft.AspNetCore
Activity.DisplayName:        POST api/Auth/register
Activity.Kind:               Server
Activity.StartTime:          2025-09-11T06:33:55.2026719Z
Activity.Duration:           00:00:00.3034669
Activity.Tags:
    server.address: localhost
    http.request.method: POST
    url.scheme: http
    url.path: /api/auth/register
    network.protocol.version: 1.1
    http.route: api/Auth/register
    http.response.status_code: 200
Resource associated with Activity:
    deployment.environment: Testing
    service.name: Crud.Api
    service.version: 1.0.0
    service.instance.id: 10e2e254-224c-48e1-a2d2-8bbb5483cf26
    telemetry.sdk.name: opentelemetry
    telemetry.sdk.language: dotnet
    telemetry.sdk.version: 1.8.1
[06:33:55 DBG] Cache miss for key: entity:person:be05d8f247304d82bcc33ffe4a3edee0 {"SourceContext": "Infrastructure.Services.Caching.InMemoryCacheService", "ActionId": "6b1f4295-5f8e-4f63-92dd-1c49632e254d", "ActionName": "Api.Controllers.PeopleController.Get (Api)", "RequestId": "0HNFGVK4NGCR3", "RequestPath": "/api/people/be05d8f2-4730-4d82-bcc3-3ffe4a3edee0", "Application": "Crud.Api"}
[06:33:55 DBG] Set cache value for key: entity:person:be05d8f247304d82bcc33ffe4a3edee0 {"SourceContext": "Infrastructure.Services.Caching.InMemoryCacheService", "ActionId": "6b1f4295-5f8e-4f63-92dd-1c49632e254d", "ActionName": "Api.Controllers.PeopleController.Get (Api)", "RequestId": "0HNFGVK4NGCR3", "RequestPath": "/api/people/be05d8f2-4730-4d82-bcc3-3ffe4a3edee0", "Application": "Crud.Api"}
Activity.TraceId:            9908738855d351a544427a28e3c7305b
Activity.SpanId:             e367c534bc2d5b5b
Activity.TraceFlags:         Recorded
Activity.ActivitySourceName: Microsoft.AspNetCore
Activity.DisplayName:        GET api/People/{id:guid}
Activity.Kind:               Server
Activity.StartTime:          2025-09-11T06:33:55.5070043Z
Activity.Duration:           00:00:00.0161986
Activity.Tags:
    server.address: localhost
    http.request.method: GET
    url.scheme: http
    url.path: /api/people/be05d8f2-4730-4d82-bcc3-3ffe4a3edee0
    network.protocol.version: 1.1
    http.route: api/People/{id:guid}
    http.response.status_code: 200
Resource associated with Activity:
    deployment.environment: Testing
    service.name: Crud.Api
    service.version: 1.0.0
    service.instance.id: 10e2e254-224c-48e1-a2d2-8bbb5483cf26
    telemetry.sdk.name: opentelemetry
    telemetry.sdk.language: dotnet
    telemetry.sdk.version: 1.8.1
[06:33:55 DBG] Cache hit for key: entity:person:be05d8f247304d82bcc33ffe4a3edee0 {"SourceContext": "Infrastructure.Services.Caching.InMemoryCacheService", "ActionId": "6b1f4295-5f8e-4f63-92dd-1c49632e254d", "ActionName": "Api.Controllers.PeopleController.Get (Api)", "RequestId": "0HNFGVK4NGCR4", "RequestPath": "/api/people/be05d8f2-4730-4d82-bcc3-3ffe4a3edee0", "Application": "Crud.Api"}
[06:33:55 DBG] Returning 304 Not Modified (Not modified since) {"SourceContext": "Api.Middleware.ConditionalRequestMiddleware", "RequestId": "0HNFGVK4NGCR4", "RequestPath": "/api/people/be05d8f2-4730-4d82-bcc3-3ffe4a3edee0", "Application": "Crud.Api"}
Activity.TraceId:            f39b0fc1e9c345e2f9bdaba2873c3285
Activity.SpanId:             89544df31be54ec6
Activity.TraceFlags:         Recorded
Activity.ActivitySourceName: Microsoft.AspNetCore
Activity.DisplayName:        GET api/People/{id:guid}
Activity.Kind:               Server
Activity.StartTime:          2025-09-11T06:33:55.5240169Z
Activity.Duration:           00:00:00.0049986
Activity.Tags:
    server.address: localhost
    http.request.method: GET
    url.scheme: http
    url.path: /api/people/be05d8f2-4730-4d82-bcc3-3ffe4a3edee0
    network.protocol.version: 1.1
    http.route: api/People/{id:guid}
    http.response.status_code: 304
Resource associated with Activity:
    deployment.environment: Testing
    service.name: Crud.Api
    service.version: 1.0.0
    service.instance.id: 10e2e254-224c-48e1-a2d2-8bbb5483cf26
    telemetry.sdk.name: opentelemetry
    telemetry.sdk.language: dotnet
    telemetry.sdk.version: 1.8.1
[06:33:55 INF] Resetting database for worker 9757 {"SourceContext": "Infrastructure.Services.DatabaseTestService", "Application": "Crud.Api"}
[06:33:55 INF] Resetting database via file deletion for worker 9757 in CI environment {"SourceContext": "Infrastructure.Services.DatabaseTestService", "Application": "Crud.Api"}
[06:33:55 INF] Acquiring database mutex for worker 9757... {"SourceContext": "Infrastructure.Services.DatabaseTestService", "Application": "Crud.Api"}
[06:33:55 INF] Database mutex acquired for worker 9757 {"SourceContext": "Infrastructure.Services.DatabaseTestService", "Application": "Crud.Api"}
[06:33:55 INF] Current database state - CanConnect: True {"SourceContext": "Infrastructure.Services.DatabaseTestService", "Application": "Crud.Api"}
[06:33:55 INF] [Phase 0] Closing database connection for worker 9757... {"SourceContext": "Infrastructure.Services.DatabaseTestService", "Application": "Crud.Api"}
[06:33:55 INF] [Phase 0] Connection closed in 0.0017ms {"SourceContext": "Infrastructure.Services.DatabaseTestService", "Application": "Crud.Api"}
[06:33:55 INF] [Phase 1] Starting EnsureDeletedAsync for worker 9757... {"SourceContext": "Infrastructure.Services.DatabaseTestService", "Application": "Crud.Api"}
[06:33:55 INF] [Phase 1] EnsureDeletedAsync completed in 1.7966ms {"SourceContext": "Infrastructure.Services.DatabaseTestService", "Application": "Crud.Api"}
[06:33:55 INF] [Phase 2] Starting EnsureCreatedAsync for worker 9757... {"SourceContext": "Infrastructure.Services.DatabaseTestService", "Application": "Crud.Api"}
[06:33:55 INF] [Phase 2] EnsureCreatedAsync completed in 8.1649ms {"SourceContext": "Infrastructure.Services.DatabaseTestService", "Application": "Crud.Api"}
[06:33:55 INF] [Phase 3] Skipping database seeding as requested for worker 9757 {"SourceContext": "Infrastructure.Services.DatabaseTestService", "Application": "Crud.Api"}
[06:33:55 INF] Database reset via file deletion completed for worker 9757 in 110.6116ms (Close: 0.0017ms, Delete: 1.7966ms, Create: 8.1649ms) {"SourceContext": "Infrastructure.Services.DatabaseTestService", "Application": "Crud.Api"}
[06:33:55 INF] Releasing database mutex for worker 9757 {"SourceContext": "Infrastructure.Services.DatabaseTestService", "Application": "Crud.Api"}
[06:33:55 INF] Resetting database for worker 9757 {"SourceContext": "Infrastructure.Services.DatabaseTestService", "Application": "Crud.Api"}
[06:33:55 INF] Resetting database via file deletion for worker 9757 in CI environment {"SourceContext": "Infrastructure.Services.DatabaseTestService", "Application": "Crud.Api"}
[06:33:55 INF] Acquiring database mutex for worker 9757... {"SourceContext": "Infrastructure.Services.DatabaseTestService", "Application": "Crud.Api"}
[06:33:55 INF] Database mutex acquired for worker 9757 {"SourceContext": "Infrastructure.Services.DatabaseTestService", "Application": "Crud.Api"}
[06:33:55 INF] Current database state - CanConnect: True {"SourceContext": "Infrastructure.Services.DatabaseTestService", "Application": "Crud.Api"}
[06:33:55 INF] [Phase 0] Closing database connection for worker 9757... {"SourceContext": "Infrastructure.Services.DatabaseTestService", "Application": "Crud.Api"}
[06:33:55 INF] [Phase 0] Connection closed in 0.0008ms {"SourceContext": "Infrastructure.Services.DatabaseTestService", "Application": "Crud.Api"}
[06:33:55 INF] [Phase 1] Starting EnsureDeletedAsync for worker 9757... {"SourceContext": "Infrastructure.Services.DatabaseTestService", "Application": "Crud.Api"}
[06:33:55 INF] [Phase 1] EnsureDeletedAsync completed in 1.6825ms {"SourceContext": "Infrastructure.Services.DatabaseTestService", "Application": "Crud.Api"}
[06:33:55 INF] [Phase 2] Starting EnsureCreatedAsync for worker 9757... {"SourceContext": "Infrastructure.Services.DatabaseTestService", "Application": "Crud.Api"}
[06:33:55 INF] [Phase 2] EnsureCreatedAsync completed in 14.0784ms {"SourceContext": "Infrastructure.Services.DatabaseTestService", "Application": "Crud.Api"}
[06:33:55 INF] [Phase 3] Skipping database seeding as requested for worker 9757 {"SourceContext": "Infrastructure.Services.DatabaseTestService", "Application": "Crud.Api"}
[06:33:55 INF] Database reset via file deletion completed for worker 9757 in 116.403ms (Close: 0.0008ms, Delete: 1.6825ms, Create: 14.0784ms) {"SourceContext": "Infrastructure.Services.DatabaseTestService", "Application": "Crud.Api"}
[06:33:55 INF] Releasing database mutex for worker 9757 {"SourceContext": "Infrastructure.Services.DatabaseTestService", "Application": "Crud.Api"}
[06:33:56 INF] User registered successfully: 9f08dbbf-1675-421b-9ddf-463c9f04ecbe {"SourceContext": "App.Features.Authentication.RegisterUserCommandHandler", "ActionId": "6458f651-62dc-488d-886d-ea31f8b53560", "ActionName": "Api.Controllers.AuthController.Register (Api)", "RequestId": "0HNFGVK4NGCR5", "RequestPath": "/api/auth/register", "Application": "Crud.Api"}
Activity.TraceId:            965d06a83cb2d84037f501b5834d115f
Activity.SpanId:             76199584a9fbb4e7
Activity.TraceFlags:         Recorded
Activity.ActivitySourceName: Microsoft.AspNetCore
Activity.DisplayName:        POST api/Auth/register
Activity.Kind:               Server
Activity.StartTime:          2025-09-11T06:33:55.7659258Z
Activity.Duration:           00:00:00.3002640
Activity.Tags:
    server.address: localhost
    http.request.method: POST
    url.scheme: http
    url.path: /api/auth/register
    network.protocol.version: 1.1
    http.route: api/Auth/register
    http.response.status_code: 200
Resource associated with Activity:
    deployment.environment: Testing
    service.name: Crud.Api
    service.version: 1.0.0
    service.instance.id: 10e2e254-224c-48e1-a2d2-8bbb5483cf26
    telemetry.sdk.name: opentelemetry
    telemetry.sdk.language: dotnet
    telemetry.sdk.version: 1.8.1
[06:33:56 DBG] Cache miss for key: list:wall {"SourceContext": "Infrastructure.Services.Caching.InMemoryCacheService", "ActionId": "bfbb8bda-26f5-4a7b-af11-a59ac9192abf", "ActionName": "Api.Controllers.WallsController.List (Api)", "RequestId": "0HNFGVK4NGCR6", "RequestPath": "/api/walls", "Application": "Crud.Api"}
[06:33:56 DBG] Set cache value for key: list:wall {"SourceContext": "Infrastructure.Services.Caching.InMemoryCacheService", "ActionId": "bfbb8bda-26f5-4a7b-af11-a59ac9192abf", "ActionName": "Api.Controllers.WallsController.List (Api)", "RequestId": "0HNFGVK4NGCR6", "RequestPath": "/api/walls", "Application": "Crud.Api"}
Activity.TraceId:            abea7d0aa8ff97a22add680a21fb2abd
Activity.SpanId:             894aceb37617c75d
Activity.TraceFlags:         Recorded
Activity.ActivitySourceName: Microsoft.AspNetCore
Activity.DisplayName:        GET api/Walls
Activity.Kind:               Server
Activity.StartTime:          2025-09-11T06:33:56.0669072Z
Activity.Duration:           00:00:00.0108462
Activity.Tags:
    server.address: localhost
    http.request.method: GET
    url.scheme: http
    url.path: /api/walls
    network.protocol.version: 1.1
    http.route: api/Walls
    http.response.status_code: 200
Resource associated with Activity:
    deployment.environment: Testing
    service.name: Crud.Api
    service.version: 1.0.0
    service.instance.id: 10e2e254-224c-48e1-a2d2-8bbb5483cf26
    telemetry.sdk.name: opentelemetry
    telemetry.sdk.language: dotnet
    telemetry.sdk.version: 1.8.1
[06:33:56 INF] Resetting database for worker 9757 {"SourceContext": "Infrastructure.Services.DatabaseTestService", "Application": "Crud.Api"}
[06:33:56 INF] Resetting database via file deletion for worker 9757 in CI environment {"SourceContext": "Infrastructure.Services.DatabaseTestService", "Application": "Crud.Api"}
[06:33:56 INF] Acquiring database mutex for worker 9757... {"SourceContext": "Infrastructure.Services.DatabaseTestService", "Application": "Crud.Api"}
[06:33:56 INF] Database mutex acquired for worker 9757 {"SourceContext": "Infrastructure.Services.DatabaseTestService", "Application": "Crud.Api"}
[06:33:56 INF] Current database state - CanConnect: True {"SourceContext": "Infrastructure.Services.DatabaseTestService", "Application": "Crud.Api"}
[06:33:56 INF] [Phase 0] Closing database connection for worker 9757... {"SourceContext": "Infrastructure.Services.DatabaseTestService", "Application": "Crud.Api"}
[06:33:56 INF] [Phase 0] Connection closed in 0.0007ms {"SourceContext": "Infrastructure.Services.DatabaseTestService", "Application": "Crud.Api"}
[06:33:56 INF] [Phase 1] Starting EnsureDeletedAsync for worker 9757... {"SourceContext": "Infrastructure.Services.DatabaseTestService", "Application": "Crud.Api"}
[06:33:56 INF] [Phase 1] EnsureDeletedAsync completed in 1.558ms {"SourceContext": "Infrastructure.Services.DatabaseTestService", "Application": "Crud.Api"}
[06:33:56 INF] [Phase 2] Starting EnsureCreatedAsync for worker 9757... {"SourceContext": "Infrastructure.Services.DatabaseTestService", "Application": "Crud.Api"}
[06:33:56 INF] [Phase 2] EnsureCreatedAsync completed in 24.9364ms {"SourceContext": "Infrastructure.Services.DatabaseTestService", "Application": "Crud.Api"}
[06:33:56 INF] [Phase 3] Skipping database seeding as requested for worker 9757 {"SourceContext": "Infrastructure.Services.DatabaseTestService", "Application": "Crud.Api"}
[06:33:56 INF] Database reset via file deletion completed for worker 9757 in 126.4948ms (Close: 0.0007ms, Delete: 1.558ms, Create: 24.9364ms) {"SourceContext": "Infrastructure.Services.DatabaseTestService", "Application": "Crud.Api"}
[06:33:56 INF] Releasing database mutex for worker 9757 {"SourceContext": "Infrastructure.Services.DatabaseTestService", "Application": "Crud.Api"}
[06:33:56 INF] Resetting database for worker 9757 {"SourceContext": "Infrastructure.Services.DatabaseTestService", "Application": "Crud.Api"}
[06:33:56 INF] Resetting database via file deletion for worker 9757 in CI environment {"SourceContext": "Infrastructure.Services.DatabaseTestService", "Application": "Crud.Api"}
[06:33:56 INF] Acquiring database mutex for worker 9757... {"SourceContext": "Infrastructure.Services.DatabaseTestService", "Application": "Crud.Api"}
[06:33:56 INF] Database mutex acquired for worker 9757 {"SourceContext": "Infrastructure.Services.DatabaseTestService", "Application": "Crud.Api"}
[06:33:56 INF] Current database state - CanConnect: True {"SourceContext": "Infrastructure.Services.DatabaseTestService", "Application": "Crud.Api"}
[06:33:56 INF] [Phase 0] Closing database connection for worker 9757... {"SourceContext": "Infrastructure.Services.DatabaseTestService", "Application": "Crud.Api"}
[06:33:56 INF] [Phase 0] Connection closed in 0.0005ms {"SourceContext": "Infrastructure.Services.DatabaseTestService", "Application": "Crud.Api"}
[06:33:56 INF] [Phase 1] Starting EnsureDeletedAsync for worker 9757... {"SourceContext": "Infrastructure.Services.DatabaseTestService", "Application": "Crud.Api"}
[06:33:56 INF] [Phase 1] EnsureDeletedAsync completed in 1.0577ms {"SourceContext": "Infrastructure.Services.DatabaseTestService", "Application": "Crud.Api"}
[06:33:56 INF] [Phase 2] Starting EnsureCreatedAsync for worker 9757... {"SourceContext": "Infrastructure.Services.DatabaseTestService", "Application": "Crud.Api"}
[06:33:56 INF] [Phase 2] EnsureCreatedAsync completed in 7.3126ms {"SourceContext": "Infrastructure.Services.DatabaseTestService", "Application": "Crud.Api"}
[06:33:56 INF] [Phase 3] Skipping database seeding as requested for worker 9757 {"SourceContext": "Infrastructure.Services.DatabaseTestService", "Application": "Crud.Api"}
[06:33:56 INF] Database reset via file deletion completed for worker 9757 in 108.6737ms (Close: 0.0005ms, Delete: 1.0577ms, Create: 7.3126ms) {"SourceContext": "Infrastructure.Services.DatabaseTestService", "Application": "Crud.Api"}
[06:33:56 INF] Releasing database mutex for worker 9757 {"SourceContext": "Infrastructure.Services.DatabaseTestService", "Application": "Crud.Api"}
[06:33:56 INF] User registered successfully: fdd163c8-8c4a-42e0-9573-848cc5de8aa5 {"SourceContext": "App.Features.Authentication.RegisterUserCommandHandler", "ActionId": "6458f651-62dc-488d-886d-ea31f8b53560", "ActionName": "Api.Controllers.AuthController.Register (Api)", "RequestId": "0HNFGVK4NGCR7", "RequestPath": "/api/auth/register", "Application": "Crud.Api"}
Activity.TraceId:            ac068e49b651f7ed52fd45e6c505bc3f
Activity.SpanId:             a0bad2b66d3c61b7
Activity.TraceFlags:         Recorded
Activity.ActivitySourceName: Microsoft.AspNetCore
Activity.DisplayName:        POST api/Auth/register
Activity.Kind:               Server
Activity.StartTime:          2025-09-11T06:33:56.3190126Z
Activity.Duration:           00:00:00.2986762
Activity.Tags:
    server.address: localhost
    http.request.method: POST
    url.scheme: http
    url.path: /api/auth/register
    network.protocol.version: 1.1
    http.route: api/Auth/register
    http.response.status_code: 200
Resource associated with Activity:
    deployment.environment: Testing
    service.name: Crud.Api
    service.version: 1.0.0
    service.instance.id: 10e2e254-224c-48e1-a2d2-8bbb5483cf26
    telemetry.sdk.name: opentelemetry
    telemetry.sdk.language: dotnet
    telemetry.sdk.version: 1.8.1
[06:33:56 DBG] Cache miss for key: entity:person:3bee2b90ec214f61833a421d22fa9eb2 {"SourceContext": "Infrastructure.Services.Caching.InMemoryCacheService", "ActionId": "6b1f4295-5f8e-4f63-92dd-1c49632e254d", "ActionName": "Api.Controllers.PeopleController.Get (Api)", "RequestId": "0HNFGVK4NGCR8", "RequestPath": "/api/people/3bee2b90-ec21-4f61-833a-421d22fa9eb2", "Application": "Crud.Api"}
[06:33:56 DBG] Set cache value for key: entity:person:3bee2b90ec214f61833a421d22fa9eb2 {"SourceContext": "Infrastructure.Services.Caching.InMemoryCacheService", "ActionId": "6b1f4295-5f8e-4f63-92dd-1c49632e254d", "ActionName": "Api.Controllers.PeopleController.Get (Api)", "RequestId": "0HNFGVK4NGCR8", "RequestPath": "/api/people/3bee2b90-ec21-4f61-833a-421d22fa9eb2", "Application": "Crud.Api"}
Activity.TraceId:            1b57f4f258db6051f2bf66c9713d75a8
Activity.SpanId:             36428f19396ab4bc
Activity.TraceFlags:         Recorded
Activity.ActivitySourceName: Microsoft.AspNetCore
Activity.DisplayName:        GET api/People/{id:guid}
Activity.Kind:               Server
Activity.StartTime:          2025-09-11T06:33:56.6184296Z
Activity.Duration:           00:00:00.0037021
Activity.Tags:
    server.address: localhost
    http.request.method: GET
    url.scheme: http
    url.path: /api/people/3bee2b90-ec21-4f61-833a-421d22fa9eb2
    network.protocol.version: 1.1
    http.route: api/People/{id:guid}
    http.response.status_code: 200
Resource associated with Activity:
    deployment.environment: Testing
    service.name: Crud.Api
    service.version: 1.0.0
    service.instance.id: 10e2e254-224c-48e1-a2d2-8bbb5483cf26
    telemetry.sdk.name: opentelemetry
    telemetry.sdk.language: dotnet
    telemetry.sdk.version: 1.8.1
[06:33:56 DBG] Cache hit for key: entity:person:3bee2b90ec214f61833a421d22fa9eb2 {"SourceContext": "Infrastructure.Services.Caching.InMemoryCacheService", "ActionId": "6b1f4295-5f8e-4f63-92dd-1c49632e254d", "ActionName": "Api.Controllers.PeopleController.Get (Api)", "RequestId": "0HNFGVK4NGCR9", "RequestPath": "/api/people/3bee2b90-ec21-4f61-833a-421d22fa9eb2", "Application": "Crud.Api"}
[06:33:56 DBG] Returning 304 Not Modified (ETag match) {"SourceContext": "Api.Middleware.ConditionalRequestMiddleware", "RequestId": "0HNFGVK4NGCR9", "RequestPath": "/api/people/3bee2b90-ec21-4f61-833a-421d22fa9eb2", "Application": "Crud.Api"}
Activity.TraceId:            752da2699d7fdca8ebb016afa6fcd3dd
Activity.SpanId:             4bcee8e6d60946cf
Activity.TraceFlags:         Recorded
Activity.ActivitySourceName: Microsoft.AspNetCore
Activity.DisplayName:        GET api/People/{id:guid}
Activity.Kind:               Server
Activity.StartTime:          2025-09-11T06:33:56.6225444Z
Activity.Duration:           00:00:00.0014132
Activity.Tags:
    server.address: localhost
    http.request.method: GET
    url.scheme: http
    url.path: /api/people/3bee2b90-ec21-4f61-833a-421d22fa9eb2
    network.protocol.version: 1.1
    http.route: api/People/{id:guid}
    http.response.status_code: 304
Resource associated with Activity:
    deployment.environment: Testing
    service.name: Crud.Api
    service.version: 1.0.0
    service.instance.id: 10e2e254-224c-48e1-a2d2-8bbb5483cf26
    telemetry.sdk.name: opentelemetry
    telemetry.sdk.language: dotnet
    telemetry.sdk.version: 1.8.1
[06:33:56 INF] Resetting database for worker 9757 {"SourceContext": "Infrastructure.Services.DatabaseTestService", "Application": "Crud.Api"}
[06:33:56 INF] Resetting database via file deletion for worker 9757 in CI environment {"SourceContext": "Infrastructure.Services.DatabaseTestService", "Application": "Crud.Api"}
[06:33:56 INF] Acquiring database mutex for worker 9757... {"SourceContext": "Infrastructure.Services.DatabaseTestService", "Application": "Crud.Api"}
[06:33:56 INF] Database mutex acquired for worker 9757 {"SourceContext": "Infrastructure.Services.DatabaseTestService", "Application": "Crud.Api"}
[06:33:56 INF] Current database state - CanConnect: True {"SourceContext": "Infrastructure.Services.DatabaseTestService", "Application": "Crud.Api"}
[06:33:56 INF] [Phase 0] Closing database connection for worker 9757... {"SourceContext": "Infrastructure.Services.DatabaseTestService", "Application": "Crud.Api"}
[06:33:56 INF] [Phase 0] Connection closed in 0.0006ms {"SourceContext": "Infrastructure.Services.DatabaseTestService", "Application": "Crud.Api"}
[06:33:56 INF] [Phase 1] Starting EnsureDeletedAsync for worker 9757... {"SourceContext": "Infrastructure.Services.DatabaseTestService", "Application": "Crud.Api"}
[06:33:56 INF] [Phase 1] EnsureDeletedAsync completed in 1.3242ms {"SourceContext": "Infrastructure.Services.DatabaseTestService", "Application": "Crud.Api"}
[06:33:56 INF] [Phase 2] Starting EnsureCreatedAsync for worker 9757... {"SourceContext": "Infrastructure.Services.DatabaseTestService", "Application": "Crud.Api"}
[06:33:56 INF] [Phase 2] EnsureCreatedAsync completed in 8.3484ms {"SourceContext": "Infrastructure.Services.DatabaseTestService", "Application": "Crud.Api"}
[06:33:56 INF] [Phase 3] Skipping database seeding as requested for worker 9757 {"SourceContext": "Infrastructure.Services.DatabaseTestService", "Application": "Crud.Api"}
[06:33:56 INF] Database reset via file deletion completed for worker 9757 in 108.936ms (Close: 0.0006ms, Delete: 1.3242ms, Create: 8.3484ms) {"SourceContext": "Infrastructure.Services.DatabaseTestService", "Application": "Crud.Api"}
[06:33:56 INF] Releasing database mutex for worker 9757 {"SourceContext": "Infrastructure.Services.DatabaseTestService", "Application": "Crud.Api"}
[06:33:56 INF] Resetting database for worker 9757 {"SourceContext": "Infrastructure.Services.DatabaseTestService", "Application": "Crud.Api"}
[06:33:56 INF] Resetting database via file deletion for worker 9757 in CI environment {"SourceContext": "Infrastructure.Services.DatabaseTestService", "Application": "Crud.Api"}
[06:33:56 INF] Acquiring database mutex for worker 9757... {"SourceContext": "Infrastructure.Services.DatabaseTestService", "Application": "Crud.Api"}
[06:33:56 INF] Database mutex acquired for worker 9757 {"SourceContext": "Infrastructure.Services.DatabaseTestService", "Application": "Crud.Api"}
[06:33:56 INF] Current database state - CanConnect: True {"SourceContext": "Infrastructure.Services.DatabaseTestService", "Application": "Crud.Api"}
[06:33:56 INF] [Phase 0] Closing database connection for worker 9757... {"SourceContext": "Infrastructure.Services.DatabaseTestService", "Application": "Crud.Api"}
[06:33:56 INF] [Phase 0] Connection closed in 0.0006ms {"SourceContext": "Infrastructure.Services.DatabaseTestService", "Application": "Crud.Api"}
[06:33:56 INF] [Phase 1] Starting EnsureDeletedAsync for worker 9757... {"SourceContext": "Infrastructure.Services.DatabaseTestService", "Application": "Crud.Api"}
[06:33:56 INF] [Phase 1] EnsureDeletedAsync completed in 1.2781ms {"SourceContext": "Infrastructure.Services.DatabaseTestService", "Application": "Crud.Api"}
[06:33:56 INF] [Phase 2] Starting EnsureCreatedAsync for worker 9757... {"SourceContext": "Infrastructure.Services.DatabaseTestService", "Application": "Crud.Api"}
[06:33:56 INF] [Phase 2] EnsureCreatedAsync completed in 7.855ms {"SourceContext": "Infrastructure.Services.DatabaseTestService", "Application": "Crud.Api"}
[06:33:56 INF] [Phase 3] Skipping database seeding as requested for worker 9757 {"SourceContext": "Infrastructure.Services.DatabaseTestService", "Application": "Crud.Api"}
[06:33:56 INF] Database reset via file deletion completed for worker 9757 in 109.5048ms (Close: 0.0006ms, Delete: 1.2781ms, Create: 7.855ms) {"SourceContext": "Infrastructure.Services.DatabaseTestService", "Application": "Crud.Api"}
[06:33:56 INF] Releasing database mutex for worker 9757 {"SourceContext": "Infrastructure.Services.DatabaseTestService", "Application": "Crud.Api"}
[06:33:57 INF] User registered successfully: fd2e6698-e3f7-40e6-94f3-fda1f7e3a4d8 {"SourceContext": "App.Features.Authentication.RegisterUserCommandHandler", "ActionId": "6458f651-62dc-488d-886d-ea31f8b53560", "ActionName": "Api.Controllers.AuthController.Register (Api)", "RequestId": "0HNFGVK4NGCRA", "RequestPath": "/api/auth/register", "Application": "Crud.Api"}
Activity.TraceId:            e09674a3e707683d9ac975163e13f16b
Activity.SpanId:             34e059c72e3da2fd
Activity.TraceFlags:         Recorded
Activity.ActivitySourceName: Microsoft.AspNetCore
Activity.DisplayName:        POST api/Auth/register
Activity.Kind:               Server
Activity.StartTime:          2025-09-11T06:33:56.8480359Z
Activity.Duration:           00:00:00.2962670
Activity.Tags:
    server.address: localhost
    http.request.method: POST
    url.scheme: http
    url.path: /api/auth/register
    network.protocol.version: 1.1
    http.route: api/Auth/register
    http.response.status_code: 200
Resource associated with Activity:
    deployment.environment: Testing
    service.name: Crud.Api
    service.version: 1.0.0
    service.instance.id: 10e2e254-224c-48e1-a2d2-8bbb5483cf26
    telemetry.sdk.name: opentelemetry
    telemetry.sdk.language: dotnet
    telemetry.sdk.version: 1.8.1
[06:33:57 DBG] Cache miss for key: entity:person:8e3d67aa631649c398303ccc6e87392f {"SourceContext": "Infrastructure.Services.Caching.InMemoryCacheService", "ActionId": "6b1f4295-5f8e-4f63-92dd-1c49632e254d", "ActionName": "Api.Controllers.PeopleController.Get (Api)", "RequestId": "0HNFGVK4NGCRB", "RequestPath": "/api/people/8e3d67aa-6316-49c3-9830-3ccc6e87392f", "Application": "Crud.Api"}
[06:33:57 DBG] Set cache value for key: entity:person:8e3d67aa631649c398303ccc6e87392f {"SourceContext": "Infrastructure.Services.Caching.InMemoryCacheService", "ActionId": "6b1f4295-5f8e-4f63-92dd-1c49632e254d", "ActionName": "Api.Controllers.PeopleController.Get (Api)", "RequestId": "0HNFGVK4NGCRB", "RequestPath": "/api/people/8e3d67aa-6316-49c3-9830-3ccc6e87392f", "Application": "Crud.Api"}
Activity.TraceId:            736a5f678774a0e4290cc108d51eba75
Activity.SpanId:             15cc8c9f0bfc2237
Activity.TraceFlags:         Recorded
Activity.ActivitySourceName: Microsoft.AspNetCore
Activity.DisplayName:        GET api/People/{id:guid}
Activity.Kind:               Server
Activity.StartTime:          2025-09-11T06:33:57.1450039Z
Activity.Duration:           00:00:00.0013558
Activity.Tags:
    server.address: localhost
    http.request.method: GET
    url.scheme: http
    url.path: /api/people/8e3d67aa-6316-49c3-9830-3ccc6e87392f
    network.protocol.version: 1.1
    http.route: api/People/{id:guid}
    http.response.status_code: 200
Resource associated with Activity:
    deployment.environment: Testing
    service.name: Crud.Api
    service.version: 1.0.0
    service.instance.id: 10e2e254-224c-48e1-a2d2-8bbb5483cf26
    telemetry.sdk.name: opentelemetry
    telemetry.sdk.language: dotnet
    telemetry.sdk.version: 1.8.1
[06:33:57 INF] User registered successfully: eeb1af70-06b2-424f-a64e-876923daf64d {"SourceContext": "App.Features.Authentication.RegisterUserCommandHandler", "ActionId": "6458f651-62dc-488d-886d-ea31f8b53560", "ActionName": "Api.Controllers.AuthController.Register (Api)", "RequestId": "0HNFGVK4NGCRC", "RequestPath": "/api/auth/register", "Application": "Crud.Api"}
Activity.TraceId:            a16dae1943caca83ee82adeb9a0b2623
Activity.SpanId:             7a9932e3e76d6296
Activity.TraceFlags:         Recorded
Activity.ActivitySourceName: Microsoft.AspNetCore
Activity.DisplayName:        POST api/Auth/register
Activity.Kind:               Server
Activity.StartTime:          2025-09-11T06:33:57.1466070Z
Activity.Duration:           00:00:00.2956615
Activity.Tags:
    server.address: localhost
    http.request.method: POST
    url.scheme: http
    url.path: /api/auth/register
    network.protocol.version: 1.1
    http.route: api/Auth/register
    http.response.status_code: 200
Resource associated with Activity:
    deployment.environment: Testing
    service.name: Crud.Api
    service.version: 1.0.0
    service.instance.id: 10e2e254-224c-48e1-a2d2-8bbb5483cf26
    telemetry.sdk.name: opentelemetry
    telemetry.sdk.language: dotnet
    telemetry.sdk.version: 1.8.1
[06:33:57 INF] User logged in successfully: eeb1af70-06b2-424f-a64e-876923daf64d {"SourceContext": "App.Features.Authentication.LoginCommandHandler", "ActionId": "7fffe908-dbf5-4198-bf79-6cd90a80a55c", "ActionName": "Api.Controllers.AuthController.Login (Api)", "RequestId": "0HNFGVK4NGCRD", "RequestPath": "/api/auth/login", "Application": "Crud.Api"}
Activity.TraceId:            364e02b41561d1840c9457f5a8d6c34d
Activity.SpanId:             b988842e56767ffa
Activity.TraceFlags:         Recorded
Activity.ActivitySourceName: Microsoft.AspNetCore
Activity.DisplayName:        POST api/Auth/login
Activity.Kind:               Server
Activity.StartTime:          2025-09-11T06:33:57.4432919Z
Activity.Duration:           00:00:00.2999147
Activity.Tags:
    server.address: localhost
    http.request.method: POST
    url.scheme: http
    url.path: /api/auth/login
    network.protocol.version: 1.1
    http.route: api/Auth/login
    http.response.status_code: 200
Resource associated with Activity:
    deployment.environment: Testing
    service.name: Crud.Api
    service.version: 1.0.0
    service.instance.id: 10e2e254-224c-48e1-a2d2-8bbb5483cf26
    telemetry.sdk.name: opentelemetry
    telemetry.sdk.language: dotnet
    telemetry.sdk.version: 1.8.1
[06:33:57 DBG] Cache hit for key: entity:person:8e3d67aa631649c398303ccc6e87392f {"SourceContext": "Infrastructure.Services.Caching.InMemoryCacheService", "ActionId": "580a0ea2-d044-4a21-b531-b220cddd82fc", "ActionName": "Api.Controllers.PeopleController.Update (Api)", "RequestId": "0HNFGVK4NGCRE", "RequestPath": "/api/people/8e3d67aa-6316-49c3-9830-3ccc6e87392f", "Application": "Crud.Api"}
[06:33:57 DBG] Removed cache value for key: entity:person:8e3d67aa631649c398303ccc6e87392f {"SourceContext": "Infrastructure.Services.Caching.InMemoryCacheService", "ActionId": "580a0ea2-d044-4a21-b531-b220cddd82fc", "ActionName": "Api.Controllers.PeopleController.Update (Api)", "RequestId": "0HNFGVK4NGCRE", "RequestPath": "/api/people/8e3d67aa-6316-49c3-9830-3ccc6e87392f", "Application": "Crud.Api"}
[06:33:57 DBG] Removed cache value for key: list:person {"SourceContext": "Infrastructure.Services.Caching.InMemoryCacheService", "ActionId": "580a0ea2-d044-4a21-b531-b220cddd82fc", "ActionName": "Api.Controllers.PeopleController.Update (Api)", "RequestId": "0HNFGVK4NGCRE", "RequestPath": "/api/people/8e3d67aa-6316-49c3-9830-3ccc6e87392f", "Application": "Crud.Api"}
[06:33:57 DBG] Invalidating cache for entity: people/8e3d67aa-6316-49c3-9830-3ccc6e87392f with tags: people, people:8e3d67aa-6316-49c3-9830-3ccc6e87392f {"SourceContext": "Api.Services.OutputCacheInvalidationService", "ActionId": "580a0ea2-d044-4a21-b531-b220cddd82fc", "ActionName": "Api.Controllers.PeopleController.Update (Api)", "RequestId": "0HNFGVK4NGCRE", "RequestPath": "/api/people/8e3d67aa-6316-49c3-9830-3ccc6e87392f", "Application": "Crud.Api"}
[06:33:57 DBG] Successfully invalidated cache for tag: people {"SourceContext": "Api.Services.OutputCacheInvalidationService", "ActionId": "580a0ea2-d044-4a21-b531-b220cddd82fc", "ActionName": "Api.Controllers.PeopleController.Update (Api)", "RequestId": "0HNFGVK4NGCRE", "RequestPath": "/api/people/8e3d67aa-6316-49c3-9830-3ccc6e87392f", "Application": "Crud.Api"}
[06:33:57 DBG] Successfully invalidated cache for tag: people:8e3d67aa-6316-49c3-9830-3ccc6e87392f {"SourceContext": "Api.Services.OutputCacheInvalidationService", "ActionId": "580a0ea2-d044-4a21-b531-b220cddd82fc", "ActionName": "Api.Controllers.PeopleController.Update (Api)", "RequestId": "0HNFGVK4NGCRE", "RequestPath": "/api/people/8e3d67aa-6316-49c3-9830-3ccc6e87392f", "Application": "Crud.Api"}
Activity.TraceId:            a22beabc39f3c5249d192b4c0bf6765e
Activity.SpanId:             766d6dd83c5e0eeb
Activity.TraceFlags:         Recorded
Activity.ActivitySourceName: Microsoft.AspNetCore
Activity.DisplayName:        PUT api/People/{id:guid}
Activity.Kind:               Server
Activity.StartTime:          2025-09-11T06:33:57.7448705Z
Activity.Duration:           00:00:00.0063684
Activity.Tags:
    server.address: localhost
    http.request.method: PUT
    url.scheme: http
    url.path: /api/people/8e3d67aa-6316-49c3-9830-3ccc6e87392f
    network.protocol.version: 1.1
    http.route: api/People/{id:guid}
    http.response.status_code: 204
Resource associated with Activity:
    deployment.environment: Testing
    service.name: Crud.Api
    service.version: 1.0.0
    service.instance.id: 10e2e254-224c-48e1-a2d2-8bbb5483cf26
    telemetry.sdk.name: opentelemetry
    telemetry.sdk.language: dotnet
    telemetry.sdk.version: 1.8.1
[06:33:57 DBG] Cache miss for key: entity:person:8e3d67aa631649c398303ccc6e87392f {"SourceContext": "Infrastructure.Services.Caching.InMemoryCacheService", "ActionId": "6b1f4295-5f8e-4f63-92dd-1c49632e254d", "ActionName": "Api.Controllers.PeopleController.Get (Api)", "RequestId": "0HNFGVK4NGCRF", "RequestPath": "/api/people/8e3d67aa-6316-49c3-9830-3ccc6e87392f", "Application": "Crud.Api"}
[06:33:57 DBG] Set cache value for key: entity:person:8e3d67aa631649c398303ccc6e87392f {"SourceContext": "Infrastructure.Services.Caching.InMemoryCacheService", "ActionId": "6b1f4295-5f8e-4f63-92dd-1c49632e254d", "ActionName": "Api.Controllers.PeopleController.Get (Api)", "RequestId": "0HNFGVK4NGCRF", "RequestPath": "/api/people/8e3d67aa-6316-49c3-9830-3ccc6e87392f", "Application": "Crud.Api"}
Activity.TraceId:            d3edb8e15e8f3efa74deb16b1a02c36b
Activity.SpanId:             9ecca7ebbb504c7e
Activity.TraceFlags:         Recorded
Activity.ActivitySourceName: Microsoft.AspNetCore
Activity.DisplayName:        GET api/People/{id:guid}
Activity.Kind:               Server
Activity.StartTime:          2025-09-11T06:33:57.7513588Z
Activity.Duration:           00:00:00.0013249
Activity.Tags:
    server.address: localhost
    http.request.method: GET
    url.scheme: http
    url.path: /api/people/8e3d67aa-6316-49c3-9830-3ccc6e87392f
    network.protocol.version: 1.1
    http.route: api/People/{id:guid}
    http.response.status_code: 200
Resource associated with Activity:
    deployment.environment: Testing
    service.name: Crud.Api
    service.version: 1.0.0
    service.instance.id: 10e2e254-224c-48e1-a2d2-8bbb5483cf26
    telemetry.sdk.name: opentelemetry
    telemetry.sdk.language: dotnet
    telemetry.sdk.version: 1.8.1
[06:33:57 INF] Resetting database for worker 9757 {"SourceContext": "Infrastructure.Services.DatabaseTestService", "Application": "Crud.Api"}
[06:33:57 INF] Resetting database via file deletion for worker 9757 in CI environment {"SourceContext": "Infrastructure.Services.DatabaseTestService", "Application": "Crud.Api"}
[06:33:57 INF] Acquiring database mutex for worker 9757... {"SourceContext": "Infrastructure.Services.DatabaseTestService", "Application": "Crud.Api"}
[06:33:57 INF] Database mutex acquired for worker 9757 {"SourceContext": "Infrastructure.Services.DatabaseTestService", "Application": "Crud.Api"}
[06:33:57 INF] Current database state - CanConnect: True {"SourceContext": "Infrastructure.Services.DatabaseTestService", "Application": "Crud.Api"}
[06:33:57 INF] [Phase 0] Closing database connection for worker 9757... {"SourceContext": "Infrastructure.Services.DatabaseTestService", "Application": "Crud.Api"}
[06:33:57 INF] [Phase 0] Connection closed in 0.0007ms {"SourceContext": "Infrastructure.Services.DatabaseTestService", "Application": "Crud.Api"}
[06:33:57 INF] [Phase 1] Starting EnsureDeletedAsync for worker 9757... {"SourceContext": "Infrastructure.Services.DatabaseTestService", "Application": "Crud.Api"}
[06:33:57 INF] [Phase 1] EnsureDeletedAsync completed in 1.6271ms {"SourceContext": "Infrastructure.Services.DatabaseTestService", "Application": "Crud.Api"}
[06:33:57 INF] [Phase 2] Starting EnsureCreatedAsync for worker 9757... {"SourceContext": "Infrastructure.Services.DatabaseTestService", "Application": "Crud.Api"}
[06:33:57 INF] [Phase 2] EnsureCreatedAsync completed in 9.5084ms {"SourceContext": "Infrastructure.Services.DatabaseTestService", "Application": "Crud.Api"}
[06:33:57 INF] [Phase 3] Skipping database seeding as requested for worker 9757 {"SourceContext": "Infrastructure.Services.DatabaseTestService", "Application": "Crud.Api"}
[06:33:57 INF] Database reset via file deletion completed for worker 9757 in 111.6867ms (Close: 0.0007ms, Delete: 1.6271ms, Create: 9.5084ms) {"SourceContext": "Infrastructure.Services.DatabaseTestService", "Application": "Crud.Api"}
[06:33:57 INF] Releasing database mutex for worker 9757 {"SourceContext": "Infrastructure.Services.DatabaseTestService", "Application": "Crud.Api"}
[06:33:57 INF] Resetting database for worker 9757 {"SourceContext": "Infrastructure.Services.DatabaseTestService", "Application": "Crud.Api"}
[06:33:57 INF] Resetting database via file deletion for worker 9757 in CI environment {"SourceContext": "Infrastructure.Services.DatabaseTestService", "Application": "Crud.Api"}
[06:33:57 INF] Acquiring database mutex for worker 9757... {"SourceContext": "Infrastructure.Services.DatabaseTestService", "Application": "Crud.Api"}
[06:33:57 INF] Database mutex acquired for worker 9757 {"SourceContext": "Infrastructure.Services.DatabaseTestService", "Application": "Crud.Api"}
[06:33:57 INF] Current database state - CanConnect: True {"SourceContext": "Infrastructure.Services.DatabaseTestService", "Application": "Crud.Api"}
[06:33:57 INF] [Phase 0] Closing database connection for worker 9757... {"SourceContext": "Infrastructure.Services.DatabaseTestService", "Application": "Crud.Api"}
[06:33:57 INF] [Phase 0] Connection closed in 0.0006ms {"SourceContext": "Infrastructure.Services.DatabaseTestService", "Application": "Crud.Api"}
[06:33:57 INF] [Phase 1] Starting EnsureDeletedAsync for worker 9757... {"SourceContext": "Infrastructure.Services.DatabaseTestService", "Application": "Crud.Api"}
[06:33:57 INF] [Phase 1] EnsureDeletedAsync completed in 1.1419ms {"SourceContext": "Infrastructure.Services.DatabaseTestService", "Application": "Crud.Api"}
[06:33:57 INF] [Phase 2] Starting EnsureCreatedAsync for worker 9757... {"SourceContext": "Infrastructure.Services.DatabaseTestService", "Application": "Crud.Api"}
[06:33:57 INF] [Phase 2] EnsureCreatedAsync completed in 11.0302ms {"SourceContext": "Infrastructure.Services.DatabaseTestService", "Application": "Crud.Api"}
[06:33:57 INF] [Phase 3] Skipping database seeding as requested for worker 9757 {"SourceContext": "Infrastructure.Services.DatabaseTestService", "Application": "Crud.Api"}
[06:33:57 INF] Database reset via file deletion completed for worker 9757 in 111.9662ms (Close: 0.0006ms, Delete: 1.1419ms, Create: 11.0302ms) {"SourceContext": "Infrastructure.Services.DatabaseTestService", "Application": "Crud.Api"}
[06:33:57 INF] Releasing database mutex for worker 9757 {"SourceContext": "Infrastructure.Services.DatabaseTestService", "Application": "Crud.Api"}
[06:33:58 INF] User registered successfully: c611dda9-a51c-4098-a05d-f604aa34e805 {"SourceContext": "App.Features.Authentication.RegisterUserCommandHandler", "ActionId": "6458f651-62dc-488d-886d-ea31f8b53560", "ActionName": "Api.Controllers.AuthController.Register (Api)", "RequestId": "0HNFGVK4NGCRG", "RequestPath": "/api/auth/register", "Application": "Crud.Api"}
Activity.TraceId:            00b8b140cebcf3afe5f0bf4e10760f48
Activity.SpanId:             b1cbc0a26c4502e8
Activity.TraceFlags:         Recorded
Activity.ActivitySourceName: Microsoft.AspNetCore
Activity.DisplayName:        POST api/Auth/register
Activity.Kind:               Server
Activity.StartTime:          2025-09-11T06:33:57.9822942Z
Activity.Duration:           00:00:00.2991067
Activity.Tags:
    server.address: localhost
    http.request.method: POST
    url.scheme: http
    url.path: /api/auth/register
    network.protocol.version: 1.1
    http.route: api/Auth/register
    http.response.status_code: 200
Resource associated with Activity:
    deployment.environment: Testing
    service.name: Crud.Api
    service.version: 1.0.0
    service.instance.id: 10e2e254-224c-48e1-a2d2-8bbb5483cf26
    telemetry.sdk.name: opentelemetry
    telemetry.sdk.language: dotnet
    telemetry.sdk.version: 1.8.1
[06:33:58 DBG] Cache miss for key: list:role {"SourceContext": "Infrastructure.Services.Caching.InMemoryCacheService", "ActionId": "7900a075-8cf3-4344-a40f-636a4c23aee2", "ActionName": "Api.Controllers.RolesController.List (Api)", "RequestId": "0HNFGVK4NGCRH", "RequestPath": "/api/roles", "Application": "Crud.Api"}
[06:33:58 DBG] Set cache value for key: list:role {"SourceContext": "Infrastructure.Services.Caching.InMemoryCacheService", "ActionId": "7900a075-8cf3-4344-a40f-636a4c23aee2", "ActionName": "Api.Controllers.RolesController.List (Api)", "RequestId": "0HNFGVK4NGCRH", "RequestPath": "/api/roles", "Application": "Crud.Api"}
Activity.TraceId:            ba88bb5eebeea443db04c02a990de807
Activity.SpanId:             3228f3d2516ae870
Activity.TraceFlags:         Recorded
Activity.ActivitySourceName: Microsoft.AspNetCore
Activity.DisplayName:        GET api/Roles
Activity.Kind:               Server
Activity.StartTime:          2025-09-11T06:33:58.2821436Z
Activity.Duration:           00:00:00.0061292
Activity.Tags:
    server.address: localhost
    http.request.method: GET
    url.scheme: http
    url.path: /api/roles
    network.protocol.version: 1.1
    http.route: api/Roles
    http.response.status_code: 200
Resource associated with Activity:
    deployment.environment: Testing
    service.name: Crud.Api
    service.version: 1.0.0
    service.instance.id: 10e2e254-224c-48e1-a2d2-8bbb5483cf26
    telemetry.sdk.name: opentelemetry
    telemetry.sdk.language: dotnet
    telemetry.sdk.version: 1.8.1
[06:33:58 INF] User registered successfully: b32962df-b906-4a81-86cd-b9673a597a42 {"SourceContext": "App.Features.Authentication.RegisterUserCommandHandler", "ActionId": "6458f651-62dc-488d-886d-ea31f8b53560", "ActionName": "Api.Controllers.AuthController.Register (Api)", "RequestId": "0HNFGVK4NGCRI", "RequestPath": "/api/auth/register", "Application": "Crud.Api"}
Activity.TraceId:            6e38ec837be2e668452ce71588904996
Activity.SpanId:             0080b27065a6fd74
Activity.TraceFlags:         Recorded
Activity.ActivitySourceName: Microsoft.AspNetCore
Activity.DisplayName:        POST api/Auth/register
Activity.Kind:               Server
Activity.StartTime:          2025-09-11T06:33:58.2885959Z
Activity.Duration:           00:00:00.2963153
Activity.Tags:
    server.address: localhost
    http.request.method: POST
    url.scheme: http
    url.path: /api/auth/register
    network.protocol.version: 1.1
    http.route: api/Auth/register
    http.response.status_code: 200
Resource associated with Activity:
    deployment.environment: Testing
    service.name: Crud.Api
    service.version: 1.0.0
    service.instance.id: 10e2e254-224c-48e1-a2d2-8bbb5483cf26
    telemetry.sdk.name: opentelemetry
    telemetry.sdk.language: dotnet
    telemetry.sdk.version: 1.8.1
[06:33:58 INF] User logged in successfully: b32962df-b906-4a81-86cd-b9673a597a42 {"SourceContext": "App.Features.Authentication.LoginCommandHandler", "ActionId": "7fffe908-dbf5-4198-bf79-6cd90a80a55c", "ActionName": "Api.Controllers.AuthController.Login (Api)", "RequestId": "0HNFGVK4NGCRJ", "RequestPath": "/api/auth/login", "Application": "Crud.Api"}
Activity.TraceId:            074863a350819081990ea0285127aead
Activity.SpanId:             a3d27cf68e71d87f
Activity.TraceFlags:         Recorded
Activity.ActivitySourceName: Microsoft.AspNetCore
Activity.DisplayName:        POST api/Auth/login
Activity.Kind:               Server
Activity.StartTime:          2025-09-11T06:33:58.5861804Z
Activity.Duration:           00:00:00.2964766
Activity.Tags:
    server.address: localhost
    http.request.method: POST
    url.scheme: http
    url.path: /api/auth/login
    network.protocol.version: 1.1
    http.route: api/Auth/login
    http.response.status_code: 200
Resource associated with Activity:
    deployment.environment: Testing
    service.name: Crud.Api
    service.version: 1.0.0
    service.instance.id: 10e2e254-224c-48e1-a2d2-8bbb5483cf26
    telemetry.sdk.name: opentelemetry
    telemetry.sdk.language: dotnet
    telemetry.sdk.version: 1.8.1
[06:33:58 DBG] Cache miss for key: entity:role:6fb2101e61024bfbae4afec578c24a6d {"SourceContext": "Infrastructure.Services.Caching.InMemoryCacheService", "ActionId": "39b4be39-4825-4a39-97e6-22d6915ed869", "ActionName": "Api.Controllers.RolesController.Update (Api)", "RequestId": "0HNFGVK4NGCRK", "RequestPath": "/api/roles/6fb2101e-6102-4bfb-ae4a-fec578c24a6d", "Application": "Crud.Api"}
[06:33:58 DBG] Set cache value for key: entity:role:6fb2101e61024bfbae4afec578c24a6d {"SourceContext": "Infrastructure.Services.Caching.InMemoryCacheService", "ActionId": "39b4be39-4825-4a39-97e6-22d6915ed869", "ActionName": "Api.Controllers.RolesController.Update (Api)", "RequestId": "0HNFGVK4NGCRK", "RequestPath": "/api/roles/6fb2101e-6102-4bfb-ae4a-fec578c24a6d", "Application": "Crud.Api"}
[06:33:58 DBG] Removed cache value for key: entity:role:6fb2101e61024bfbae4afec578c24a6d {"SourceContext": "Infrastructure.Services.Caching.InMemoryCacheService", "ActionId": "39b4be39-4825-4a39-97e6-22d6915ed869", "ActionName": "Api.Controllers.RolesController.Update (Api)", "RequestId": "0HNFGVK4NGCRK", "RequestPath": "/api/roles/6fb2101e-6102-4bfb-ae4a-fec578c24a6d", "Application": "Crud.Api"}
[06:33:58 DBG] Removed cache value for key: list:role {"SourceContext": "Infrastructure.Services.Caching.InMemoryCacheService", "ActionId": "39b4be39-4825-4a39-97e6-22d6915ed869", "ActionName": "Api.Controllers.RolesController.Update (Api)", "RequestId": "0HNFGVK4NGCRK", "RequestPath": "/api/roles/6fb2101e-6102-4bfb-ae4a-fec578c24a6d", "Application": "Crud.Api"}
[06:33:58 DBG] Invalidating cache for entity: roles/6fb2101e-6102-4bfb-ae4a-fec578c24a6d with tags: roles, roles:6fb2101e-6102-4bfb-ae4a-fec578c24a6d {"SourceContext": "Api.Services.OutputCacheInvalidationService", "ActionId": "39b4be39-4825-4a39-97e6-22d6915ed869", "ActionName": "Api.Controllers.RolesController.Update (Api)", "RequestId": "0HNFGVK4NGCRK", "RequestPath": "/api/roles/6fb2101e-6102-4bfb-ae4a-fec578c24a6d", "Application": "Crud.Api"}
[06:33:58 DBG] Successfully invalidated cache for tag: roles {"SourceContext": "Api.Services.OutputCacheInvalidationService", "ActionId": "39b4be39-4825-4a39-97e6-22d6915ed869", "ActionName": "Api.Controllers.RolesController.Update (Api)", "RequestId": "0HNFGVK4NGCRK", "RequestPath": "/api/roles/6fb2101e-6102-4bfb-ae4a-fec578c24a6d", "Application": "Crud.Api"}
[06:33:58 DBG] Successfully invalidated cache for tag: roles:6fb2101e-6102-4bfb-ae4a-fec578c24a6d {"SourceContext": "Api.Services.OutputCacheInvalidationService", "ActionId": "39b4be39-4825-4a39-97e6-22d6915ed869", "ActionName": "Api.Controllers.RolesController.Update (Api)", "RequestId": "0HNFGVK4NGCRK", "RequestPath": "/api/roles/6fb2101e-6102-4bfb-ae4a-fec578c24a6d", "Application": "Crud.Api"}
Activity.TraceId:            b61b86e6cae8779987b6a2041819b192
Activity.SpanId:             dac5d1323c8d0152
Activity.TraceFlags:         Recorded
Activity.ActivitySourceName: Microsoft.AspNetCore
Activity.DisplayName:        PUT api/Roles/{id:guid}
Activity.Kind:               Server
Activity.StartTime:          2025-09-11T06:33:58.8838904Z
Activity.Duration:           00:00:00.0070605
Activity.Tags:
    server.address: localhost
    http.request.method: PUT
    url.scheme: http
    url.path: /api/roles/6fb2101e-6102-4bfb-ae4a-fec578c24a6d
    network.protocol.version: 1.1
    http.route: api/Roles/{id:guid}
    http.response.status_code: 204
Resource associated with Activity:
    deployment.environment: Testing
    service.name: Crud.Api
    service.version: 1.0.0
    service.instance.id: 10e2e254-224c-48e1-a2d2-8bbb5483cf26
    telemetry.sdk.name: opentelemetry
    telemetry.sdk.language: dotnet
    telemetry.sdk.version: 1.8.1
[06:33:58 DBG] Cache miss for key: list:role {"SourceContext": "Infrastructure.Services.Caching.InMemoryCacheService", "ActionId": "7900a075-8cf3-4344-a40f-636a4c23aee2", "ActionName": "Api.Controllers.RolesController.List (Api)", "RequestId": "0HNFGVK4NGCRL", "RequestPath": "/api/roles", "Application": "Crud.Api"}
[06:33:58 DBG] Set cache value for key: list:role {"SourceContext": "Infrastructure.Services.Caching.InMemoryCacheService", "ActionId": "7900a075-8cf3-4344-a40f-636a4c23aee2", "ActionName": "Api.Controllers.RolesController.List (Api)", "RequestId": "0HNFGVK4NGCRL", "RequestPath": "/api/roles", "Application": "Crud.Api"}
[06:33:58 DBG] Returning 304 Not Modified (Not modified since) {"SourceContext": "Api.Middleware.ConditionalRequestMiddleware", "RequestId": "0HNFGVK4NGCRL", "RequestPath": "/api/roles", "Application": "Crud.Api"}
Activity.TraceId:            7a156a9cab9f7bf990450405b229f9e6
Activity.SpanId:             4cacddc0776c78b4
Activity.TraceFlags:         Recorded
Activity.ActivitySourceName: Microsoft.AspNetCore
Activity.DisplayName:        GET api/Roles
Activity.Kind:               Server
Activity.StartTime:          2025-09-11T06:33:58.8910609Z
Activity.Duration:           00:00:00.0010724
Activity.Tags:
    server.address: localhost
    http.request.method: GET
    url.scheme: http
    url.path: /api/roles
    network.protocol.version: 1.1
    http.route: api/Roles
    http.response.status_code: 304
Resource associated with Activity:
    deployment.environment: Testing
    service.name: Crud.Api
    service.version: 1.0.0
    service.instance.id: 10e2e254-224c-48e1-a2d2-8bbb5483cf26
    telemetry.sdk.name: opentelemetry
    telemetry.sdk.language: dotnet
    telemetry.sdk.version: 1.8.1
[06:33:58 INF] Resetting database for worker 9757 {"SourceContext": "Infrastructure.Services.DatabaseTestService", "Application": "Crud.Api"}
[06:33:58 INF] Resetting database via file deletion for worker 9757 in CI environment {"SourceContext": "Infrastructure.Services.DatabaseTestService", "Application": "Crud.Api"}
[06:33:58 INF] Acquiring database mutex for worker 9757... {"SourceContext": "Infrastructure.Services.DatabaseTestService", "Application": "Crud.Api"}
[06:33:58 INF] Database mutex acquired for worker 9757 {"SourceContext": "Infrastructure.Services.DatabaseTestService", "Application": "Crud.Api"}
[06:33:58 INF] Current database state - CanConnect: True {"SourceContext": "Infrastructure.Services.DatabaseTestService", "Application": "Crud.Api"}
[06:33:58 INF] [Phase 0] Closing database connection for worker 9757... {"SourceContext": "Infrastructure.Services.DatabaseTestService", "Application": "Crud.Api"}
[06:33:58 INF] [Phase 0] Connection closed in 0.0011ms {"SourceContext": "Infrastructure.Services.DatabaseTestService", "Application": "Crud.Api"}
[06:33:58 INF] [Phase 1] Starting EnsureDeletedAsync for worker 9757... {"SourceContext": "Infrastructure.Services.DatabaseTestService", "Application": "Crud.Api"}
[06:33:58 INF] [Phase 1] EnsureDeletedAsync completed in 1.4916ms {"SourceContext": "Infrastructure.Services.DatabaseTestService", "Application": "Crud.Api"}
[06:33:59 INF] [Phase 2] Starting EnsureCreatedAsync for worker 9757... {"SourceContext": "Infrastructure.Services.DatabaseTestService", "Application": "Crud.Api"}
[06:33:59 INF] [Phase 2] EnsureCreatedAsync completed in 10.2805ms {"SourceContext": "Infrastructure.Services.DatabaseTestService", "Application": "Crud.Api"}
[06:33:59 INF] [Phase 3] Skipping database seeding as requested for worker 9757 {"SourceContext": "Infrastructure.Services.DatabaseTestService", "Application": "Crud.Api"}
[06:33:59 INF] Database reset via file deletion completed for worker 9757 in 111.6763ms (Close: 0.0011ms, Delete: 1.4916ms, Create: 10.2805ms) {"SourceContext": "Infrastructure.Services.DatabaseTestService", "Application": "Crud.Api"}
[06:33:59 INF] Releasing database mutex for worker 9757 {"SourceContext": "Infrastructure.Services.DatabaseTestService", "Application": "Crud.Api"}
Resource associated with Metric:
    deployment.environment: Testing
    service.name: Crud.Api
    service.version: 1.0.0
    service.instance.id: 10e2e254-224c-48e1-a2d2-8bbb5483cf26
    telemetry.sdk.name: opentelemetry
    telemetry.sdk.language: dotnet
    telemetry.sdk.version: 1.8.1
Metric Name: http.server.active_requests, Number of active HTTP server requests., Unit: {request}, Meter: Microsoft.AspNetCore.Hosting
(2025-09-11T06:33:55.0861795Z, 2025-09-11T06:33:59.0578597Z] http.request.method: POST url.scheme: http LongSumNonMonotonic
Value: 0
(2025-09-11T06:33:55.0861795Z, 2025-09-11T06:33:59.0578597Z] http.request.method: GET url.scheme: http LongSumNonMonotonic
Value: 0
(2025-09-11T06:33:55.0861795Z, 2025-09-11T06:33:59.0578597Z] http.request.method: PUT url.scheme: http LongSumNonMonotonic
Value: 0
Metric Name: http.server.request.duration, Duration of HTTP server requests., Unit: s, Meter: Microsoft.AspNetCore.Hosting
(2025-09-11T06:33:55.0862496Z, 2025-09-11T06:33:59.0578633Z] http.request.method: POST http.response.status_code: 200 http.route: api/Auth/register network.protocol.version: 1.1 url.scheme: http Histogram
Value: Sum: 2.0897053000000003 Count: 7 Min: 0.2956485 Max: 0.3034373 
(-Infinity,0.005]:0
(0.005,0.01]:0
(0.01,0.025]:0
(0.025,0.05]:0
(0.05,0.075]:0
(0.075,0.1]:0
(0.1,0.25]:0
(0.25,0.5]:7
(0.5,0.75]:0
(0.75,1]:0
(1,2.5]:0
(2.5,5]:0
(5,7.5]:0
(7.5,10]:0
(10,+Infinity]:0
(2025-09-11T06:33:55.0862496Z, 2025-09-11T06:33:59.0578633Z] http.request.method: GET http.response.status_code: 200 http.route: api/People/{id:guid} network.protocol.version: 1.1 url.scheme: http Histogram
Value: Sum: 0.022572 Count: 4 Min: 0.0013248 Max: 0.0161859 
(-Infinity,0.005]:3
(0.005,0.01]:0
(0.01,0.025]:1
(0.025,0.05]:0
(0.05,0.075]:0
(0.075,0.1]:0
(0.1,0.25]:0
(0.25,0.5]:0
(0.5,0.75]:0
(0.75,1]:0
(1,2.5]:0
(2.5,5]:0
(5,7.5]:0
(7.5,10]:0
(10,+Infinity]:0
(2025-09-11T06:33:55.0862496Z, 2025-09-11T06:33:59.0578633Z] http.request.method: GET http.response.status_code: 304 http.route: api/People/{id:guid} network.protocol.version: 1.1 url.scheme: http Histogram
Value: Sum: 0.0064077 Count: 2 Min: 0.0014141 Max: 0.0049936 
(-Infinity,0.005]:2
(0.005,0.01]:0
(0.01,0.025]:0
(0.025,0.05]:0
(0.05,0.075]:0
(0.075,0.1]:0
(0.1,0.25]:0
(0.25,0.5]:0
(0.5,0.75]:0
(0.75,1]:0
(1,2.5]:0
(2.5,5]:0
(5,7.5]:0
(7.5,10]:0
(10,+Infinity]:0
(2025-09-11T06:33:55.0862496Z, 2025-09-11T06:33:59.0578633Z] http.request.method: GET http.response.status_code: 200 http.route: api/Walls network.protocol.version: 1.1 url.scheme: http Histogram
Value: Sum: 0.0108396 Count: 1 Min: 0.0108396 Max: 0.0108396 
(-Infinity,0.005]:0
(0.005,0.01]:0
(0.01,0.025]:1
(0.025,0.05]:0
(0.05,0.075]:0
(0.075,0.1]:0
(0.1,0.25]:0
(0.25,0.5]:0
(0.5,0.75]:0
(0.75,1]:0
(1,2.5]:0
(2.5,5]:0
(5,7.5]:0
(7.5,10]:0
(10,+Infinity]:0
(2025-09-11T06:33:55.0862496Z, 2025-09-11T06:33:59.0578633Z] http.request.method: POST http.response.status_code: 200 http.route: api/Auth/login network.protocol.version: 1.1 url.scheme: http Histogram
Value: Sum: 0.5963626 Count: 2 Min: 0.2964694 Max: 0.2998932 
(-Infinity,0.005]:0
(0.005,0.01]:0
(0.01,0.025]:0
(0.025,0.05]:0
(0.05,0.075]:0
(0.075,0.1]:0
(0.1,0.25]:0
(0.25,0.5]:2
(0.5,0.75]:0
(0.75,1]:0
(1,2.5]:0
(2.5,5]:0
(5,7.5]:0
(7.5,10]:0
(10,+Infinity]:0
(2025-09-11T06:33:55.0862496Z, 2025-09-11T06:33:59.0578633Z] http.request.method: PUT http.response.status_code: 204 http.route: api/People/{id:guid} network.protocol.version: 1.1 url.scheme: http Histogram
Value: Sum: 0.0063575 Count: 1 Min: 0.0063575 Max: 0.0063575 
(-Infinity,0.005]:0
(0.005,0.01]:1
(0.01,0.025]:0
(0.025,0.05]:0
(0.05,0.075]:0
(0.075,0.1]:0
(0.1,0.25]:0
(0.25,0.5]:0
(0.5,0.75]:0
(0.75,1]:0
(1,2.5]:0
(2.5,5]:0
(5,7.5]:0
(7.5,10]:0
(10,+Infinity]:0
(2025-09-11T06:33:55.0862496Z, 2025-09-11T06:33:59.0578633Z] http.request.method: GET http.response.status_code: 200 http.route: api/Roles network.protocol.version: 1.1 url.scheme: http Histogram
Value: Sum: 0.0061163 Count: 1 Min: 0.0061163 Max: 0.0061163 
(-Infinity,0.005]:0
(0.005,0.01]:1
(0.01,0.025]:0
(0.025,0.05]:0
(0.05,0.075]:0
(0.075,0.1]:0
(0.1,0.25]:0
(0.25,0.5]:0
(0.5,0.75]:0
(0.75,1]:0
(1,2.5]:0
(2.5,5]:0
(5,7.5]:0
(7.5,10]:0
(10,+Infinity]:0
(2025-09-11T06:33:55.0862496Z, 2025-09-11T06:33:59.0578633Z] http.request.method: PUT http.response.status_code: 204 http.route: api/Roles/{id:guid} network.protocol.version: 1.1 url.scheme: http Histogram
Value: Sum: 0.0070435 Count: 1 Min: 0.0070435 Max: 0.0070435 
(-Infinity,0.005]:0
(0.005,0.01]:1
(0.01,0.025]:0
(0.025,0.05]:0
(0.05,0.075]:0
(0.075,0.1]:0
(0.1,0.25]:0
(0.25,0.5]:0
(0.5,0.75]:0
(0.75,1]:0
(1,2.5]:0
(2.5,5]:0
(5,7.5]:0
(7.5,10]:0
(10,+Infinity]:0
(2025-09-11T06:33:55.0862496Z, 2025-09-11T06:33:59.0578633Z] http.request.method: GET http.response.status_code: 304 http.route: api/Roles network.protocol.version: 1.1 url.scheme: http Histogram
Value: Sum: 0.0010648 Count: 1 Min: 0.0010648 Max: 0.0010648 
(-Infinity,0.005]:1
(0.005,0.01]:0
(0.01,0.025]:0
(0.025,0.05]:0
(0.05,0.075]:0
(0.075,0.1]:0
(0.1,0.25]:0
(0.25,0.5]:0
(0.5,0.75]:0
(0.75,1]:0
(1,2.5]:0
(2.5,5]:0
(5,7.5]:0
(7.5,10]:0
(10,+Infinity]:0
Metric Name: aspnetcore.rate_limiting.active_request_leases, Number of HTTP requests that are currently active on the server that hold a rate limiting lease., Unit: {request}, Meter: Microsoft.AspNetCore.RateLimiting
(2025-09-11T06:33:55.0883707Z, 2025-09-11T06:33:59.0578642Z] LongSumNonMonotonic
Value: 0
Metric Name: aspnetcore.rate_limiting.request_lease.duration, The duration of rate limiting leases held by HTTP requests on the server., Unit: s, Meter: Microsoft.AspNetCore.RateLimiting
(2025-09-11T06:33:55.0884479Z, 2025-09-11T06:33:59.0578651Z] Histogram
Value: Sum: 2.7388965000000005 Count: 20 Min: 0.0009693 Max: 0.3022059 
(-Infinity,0.005]:6
(0.005,0.01]:3
(0.01,0.025]:2
(0.025,0.05]:0
(0.05,0.075]:0
(0.075,0.1]:0
(0.1,0.25]:0
(0.25,0.5]:9
(0.5,0.75]:0
(0.75,1]:0
(1,2.5]:0
(2.5,5]:0
(5,7.5]:0
(7.5,10]:0
(10,+Infinity]:0
Metric Name: aspnetcore.rate_limiting.requests, Number of requests that tried to acquire a rate limiting lease. Requests could be rejected by global or endpoint rate limiting policies. Or the request could be canceled while waiting for the lease., Unit: {request}, Meter: Microsoft.AspNetCore.RateLimiting
(2025-09-11T06:33:55.0885533Z, 2025-09-11T06:33:59.0578667Z] aspnetcore.rate_limiting.result: acquired LongSum
Value: 20
Metric Name: aspnetcore.routing.match_attempts, Number of requests that were attempted to be matched to an endpoint., Unit: {match_attempt}, Meter: Microsoft.AspNetCore.Routing
(2025-09-11T06:33:55.0894085Z, 2025-09-11T06:33:59.0578673Z] aspnetcore.routing.is_fallback: false aspnetcore.routing.match_status: success http.route: api/Auth/register LongSum
Value: 7
(2025-09-11T06:33:55.0894085Z, 2025-09-11T06:33:59.0578673Z] aspnetcore.routing.is_fallback: false aspnetcore.routing.match_status: success http.route: api/People/{id:guid} LongSum
Value: 7
(2025-09-11T06:33:55.0894085Z, 2025-09-11T06:33:59.0578673Z] aspnetcore.routing.is_fallback: false aspnetcore.routing.match_status: success http.route: api/Walls LongSum
Value: 1
(2025-09-11T06:33:55.0894085Z, 2025-09-11T06:33:59.0578673Z] aspnetcore.routing.is_fallback: false aspnetcore.routing.match_status: success http.route: api/Auth/login LongSum
Value: 2
(2025-09-11T06:33:55.0894085Z, 2025-09-11T06:33:59.0578673Z] aspnetcore.routing.is_fallback: false aspnetcore.routing.match_status: success http.route: api/Roles LongSum
Value: 2
(2025-09-11T06:33:55.0894085Z, 2025-09-11T06:33:59.0578673Z] aspnetcore.routing.is_fallback: false aspnetcore.routing.match_status: success http.route: api/Roles/{id:guid} LongSum
Value: 1
[xUnit.net 00:01:07.79]       Expected response2.StatusCode to be HttpStatusCode.OK {value: 200} because Server should return 200 when resource has been modified, but found HttpStatusCode.NotModified {value: 304}.
[xUnit.net 00:01:07.79]       Stack Trace:
[xUnit.net 00:01:07.79]            at FluentAssertions.Execution.XUnit2TestFramework.Throw(String message)
[xUnit.net 00:01:07.79]            at FluentAssertions.Execution.TestFrameworkProvider.Throw(String message)
[xUnit.net 00:01:07.79]            at FluentAssertions.Execution.DefaultAssertionStrategy.HandleFailure(String message)
[xUnit.net 00:01:07.79]            at FluentAssertions.Execution.AssertionScope.FailWith(Func`1 failReasonFunc)
[xUnit.net 00:01:07.79]            at FluentAssertions.Primitives.EnumAssertions`2.Be(TEnum expected, String because, Object[] becauseArgs)
[xUnit.net 00:01:07.79]         /home/runner/work/Crud/Crud/test/Tests.Integration.Backend/OutputCaching/ConditionalRequestTests.cs(174,0): at Tests.Integration.Backend.OutputCaching.ConditionalRequestTests.&lt;GetRequest_WithIfModifiedSince_ShouldReturn200_WhenModified&gt;b__4_0()
[xUnit.net 00:01:07.79]         /home/runner/work/Crud/Crud/test/Tests.Integration.Backend/Infrastructure/IntegrationTestBase.cs(48,0): at Tests.Integration.Backend.Infrastructure.IntegrationTestBase.RunWithCleanDatabaseAsync(Func`1 testAction)
[xUnit.net 00:01:07.79]         /home/runner/work/Crud/Crud/test/Tests.Integration.Backend/Infrastructure/IntegrationTestBase.cs(53,0): at Tests.Integration.Backend.Infrastructure.IntegrationTestBase.RunWithCleanDatabaseAsync(Func`1 testAction)
[xUnit.net 00:01:07.79]         /home/runner/work/Crud/Crud/test/Tests.Integration.Backend/OutputCaching/ConditionalRequestTests.cs(143,0): at Tests.Integration.Backend.OutputCaching.ConditionalRequestTests.GetRequest_WithIfModifiedSince_ShouldReturn200_WhenModified()
[xUnit.net 00:01:07.79]         --- End of stack trace from previous location ---
[06:33:59 INF] Starting Crud API application {"Application": "Crud.Api"}
[06:33:59 INF] Using SQLite provider with connection: Data Source=TestDatabase.db {"Application": "Crud.Api"}
[06:33:59 INF] Database ensured successfully {"Application": "Crud.Api"}
[06:33:59 INF] Application configured successfully. Starting web host... {"Application": "Crud.Api"}
[06:33:59 INF] Resetting database for worker 9789 {"SourceContext": "Infrastructure.Services.DatabaseTestService", "Application": "Crud.Api"}
[06:33:59 INF] Resetting database via file deletion for worker 9789 in CI environment {"SourceContext": "Infrastructure.Services.DatabaseTestService", "Application": "Crud.Api"}
[06:33:59 INF] Acquiring database mutex for worker 9789... {"SourceContext": "Infrastructure.Services.DatabaseTestService", "Application": "Crud.Api"}
[06:33:59 INF] Database mutex acquired for worker 9789 {"SourceContext": "Infrastructure.Services.DatabaseTestService", "Application": "Crud.Api"}
[06:33:59 INF] Current database state - CanConnect: True {"SourceContext": "Infrastructure.Services.DatabaseTestService", "Application": "Crud.Api"}
[06:33:59 INF] [Phase 0] Closing database connection for worker 9789... {"SourceContext": "Infrastructure.Services.DatabaseTestService", "Application": "Crud.Api"}
[06:33:59 INF] [Phase 0] Connection closed in 0.0013ms {"SourceContext": "Infrastructure.Services.DatabaseTestService", "Application": "Crud.Api"}
[06:33:59 INF] [Phase 1] Starting EnsureDeletedAsync for worker 9789... {"SourceContext": "Infrastructure.Services.DatabaseTestService", "Application": "Crud.Api"}
[06:33:59 INF] [Phase 1] EnsureDeletedAsync completed in 1.5164ms {"SourceContext": "Infrastructure.Services.DatabaseTestService", "Application": "Crud.Api"}
[06:33:59 INF] [Phase 2] Starting EnsureCreatedAsync for worker 9789... {"SourceContext": "Infrastructure.Services.DatabaseTestService", "Application": "Crud.Api"}
[06:33:59 INF] [Phase 2] EnsureCreatedAsync completed in 14.6354ms {"SourceContext": "Infrastructure.Services.DatabaseTestService", "Application": "Crud.Api"}
[06:33:59 INF] [Phase 3] Skipping database seeding as requested for worker 9789 {"SourceContext": "Infrastructure.Services.DatabaseTestService", "Application": "Crud.Api"}
[06:33:59 INF] Database reset via file deletion completed for worker 9789 in 115.874ms (Close: 0.0013ms, Delete: 1.5164ms, Create: 14.6354ms) {"SourceContext": "Infrastructure.Services.DatabaseTestService", "Application": "Crud.Api"}
[06:33:59 INF] Releasing database mutex for worker 9789 {"SourceContext": "Infrastructure.Services.DatabaseTestService", "Application": "Crud.Api"}
[06:33:59 WRN] Failed to determine the https port for redirect. {"EventId": {"Id": 3, "Name": "FailedToDeterminePort"}, "SourceContext": "Microsoft.AspNetCore.HttpsPolicy.HttpsRedirectionMiddleware", "RequestId": "0HNFGVK4NGCRM", "RequestPath": "/api/auth/register", "Application": "Crud.Api"}
[06:33:59 INF] User registered successfully: dfc1d368-24c4-474e-994b-395510298c26 {"SourceContext": "App.Features.Authentication.RegisterUserCommandHandler", "ActionId": "0c7a2530-60f4-4185-96e2-5e452d4ff600", "ActionName": "Api.Controllers.AuthController.Register (Api)", "RequestId": "0HNFGVK4NGCRM", "RequestPath": "/api/auth/register", "Application": "Crud.Api"}
Activity.TraceId:            acb726c6c3b819efa0d2ce30ad4dee51
Activity.SpanId:             7f16e8158516ccdf
Activity.TraceFlags:         Recorded
Activity.ActivitySourceName: Microsoft.AspNetCore
Activity.DisplayName:        POST api/Auth/register
Activity.Kind:               Server
Activity.StartTime:          2025-09-11T06:33:59.2145731Z
Activity.Duration:           00:00:00.3046693
Activity.Tags:
    server.address: localhost
    http.request.method: POST
    url.scheme: http
    url.path: /api/auth/register
    network.protocol.version: 1.1
    http.route: api/Auth/register
    http.response.status_code: 200
Resource associated with Activity:
    deployment.environment: Testing
    service.name: Crud.Api
    service.version: 1.0.0
    service.instance.id: 10e2e254-224c-48e1-a2d2-8bbb5483cf26
    telemetry.sdk.name: opentelemetry
    telemetry.sdk.language: dotnet
    telemetry.sdk.version: 1.8.1
[06:33:59 INF] User registered successfully: 001795ce-bff0-403d-a1e1-d3e43fb25b63 {"SourceContext": "App.Features.Authentication.RegisterUserCommandHandler", "ActionId": "0c7a2530-60f4-4185-96e2-5e452d4ff600", "ActionName": "Api.Controllers.AuthController.Register (Api)", "RequestId": "0HNFGVK4NGCRN", "RequestPath": "/api/auth/register", "Application": "Crud.Api"}
Activity.TraceId:            580ce11cbe851eb6616cc93352c3a64c
Activity.SpanId:             51bb2115f58cf282
Activity.TraceFlags:         Recorded
Activity.ActivitySourceName: Microsoft.AspNetCore
Activity.DisplayName:        POST api/Auth/register
Activity.Kind:               Server
Activity.StartTime:          2025-09-11T06:33:59.5198284Z
Activity.Duration:           00:00:00.2983795
Activity.Tags:
    server.address: localhost
    http.request.method: POST
    url.scheme: http
    url.path: /api/auth/register
    network.protocol.version: 1.1
    http.route: api/Auth/register
    http.response.status_code: 200
Resource associated with Activity:
    deployment.environment: Testing
    service.name: Crud.Api
    service.version: 1.0.0
    service.instance.id: 10e2e254-224c-48e1-a2d2-8bbb5483cf26
    telemetry.sdk.name: opentelemetry
    telemetry.sdk.language: dotnet
    telemetry.sdk.version: 1.8.1
[06:34:00 INF] User logged in successfully: 001795ce-bff0-403d-a1e1-d3e43fb25b63 {"SourceContext": "App.Features.Authentication.LoginCommandHandler", "ActionId": "d9473663-9656-4eb8-af8a-79625b9161ff", "ActionName": "Api.Controllers.AuthController.Login (Api)", "RequestId": "0HNFGVK4NGCRO", "RequestPath": "/api/auth/login", "Application": "Crud.Api"}
Activity.TraceId:            463488d1485e7cf92e4a064216bb35b6
Activity.SpanId:             fea754959e2dec8b
Activity.TraceFlags:         Recorded
Activity.ActivitySourceName: Microsoft.AspNetCore
Activity.DisplayName:        POST api/Auth/login
Activity.Kind:               Server
Activity.StartTime:          2025-09-11T06:33:59.8207345Z
Activity.Duration:           00:00:00.3005518
Activity.Tags:
    server.address: localhost
    http.request.method: POST
    url.scheme: http
    url.path: /api/auth/login
    network.protocol.version: 1.1
    http.route: api/Auth/login
    http.response.status_code: 200
Resource associated with Activity:
    deployment.environment: Testing
    service.name: Crud.Api
    service.version: 1.0.0
    service.instance.id: 10e2e254-224c-48e1-a2d2-8bbb5483cf26
    telemetry.sdk.name: opentelemetry
    telemetry.sdk.language: dotnet
    telemetry.sdk.version: 1.8.1
[06:34:00 DBG] Cache miss for key: list:role {"SourceContext": "Infrastructure.Services.Caching.InMemoryCacheService", "ActionId": "66e454a9-0ff8-4ba5-85c6-8fbff9b4b537", "ActionName": "Api.Controllers.RolesController.List (Api)", "RequestId": "0HNFGVK4NGCRP", "RequestPath": "/api/roles", "Application": "Crud.Api"}
[06:34:00 DBG] Set cache value for key: list:role {"SourceContext": "Infrastructure.Services.Caching.InMemoryCacheService", "ActionId": "66e454a9-0ff8-4ba5-85c6-8fbff9b4b537", "ActionName": "Api.Controllers.RolesController.List (Api)", "RequestId": "0HNFGVK4NGCRP", "RequestPath": "/api/roles", "Application": "Crud.Api"}
Activity.TraceId:            c0e38e04e9f0ca23e1ec0d17600724b2
Activity.SpanId:             a8db50590f6d23f7
Activity.TraceFlags:         Recorded
Activity.ActivitySourceName: Microsoft.AspNetCore
Activity.DisplayName:        GET api/Roles
Activity.Kind:               Server
Activity.StartTime:          2025-09-11T06:34:00.1215867Z
Activity.Duration:           00:00:00.0092161
Activity.Tags:
    server.address: localhost
    http.request.method: GET
    url.scheme: http
    url.path: /api/roles
    network.protocol.version: 1.1
    http.route: api/Roles
    http.response.status_code: 200
Resource associated with Activity:
    deployment.environment: Testing
    service.name: Crud.Api
    service.version: 1.0.0
    service.instance.id: 10e2e254-224c-48e1-a2d2-8bbb5483cf26
    telemetry.sdk.name: opentelemetry
    telemetry.sdk.language: dotnet
    telemetry.sdk.version: 1.8.1
[06:34:00 DBG] Cache miss for key: list:wall {"SourceContext": "Infrastructure.Services.Caching.InMemoryCacheService", "ActionId": "1aeb0c28-ff67-4205-8bac-4d5695ef0781", "ActionName": "Api.Controllers.WallsController.List (Api)", "RequestId": "0HNFGVK4NGCRQ", "RequestPath": "/api/walls", "Application": "Crud.Api"}
[06:34:00 DBG] Set cache value for key: list:wall {"SourceContext": "Infrastructure.Services.Caching.InMemoryCacheService", "ActionId": "1aeb0c28-ff67-4205-8bac-4d5695ef0781", "ActionName": "Api.Controllers.WallsController.List (Api)", "RequestId": "0HNFGVK4NGCRQ", "RequestPath": "/api/walls", "Application": "Crud.Api"}
Activity.TraceId:            0532a032a1ca9af5850305c6a03a6258
Activity.SpanId:             9bbc52b1d14152a4
Activity.TraceFlags:         Recorded
Activity.ActivitySourceName: Microsoft.AspNetCore
Activity.DisplayName:        GET api/Walls
Activity.Kind:               Server
Activity.StartTime:          2025-09-11T06:34:00.1309552Z
Activity.Duration:           00:00:00.0112385
Activity.Tags:
    server.address: localhost
    http.request.method: GET
    url.scheme: http
    url.path: /api/walls
    network.protocol.version: 1.1
    http.route: api/Walls
    http.response.status_code: 200
Resource associated with Activity:
    deployment.environment: Testing
    service.name: Crud.Api
    service.version: 1.0.0
    service.instance.id: 10e2e254-224c-48e1-a2d2-8bbb5483cf26
    telemetry.sdk.name: opentelemetry
    telemetry.sdk.language: dotnet
    telemetry.sdk.version: 1.8.1
[06:34:00 DBG] Cache miss for key: name:role:new_role {"SourceContext": "Infrastructure.Services.Caching.InMemoryCacheService", "ActionId": "c9b87aa2-95b8-4132-afdb-87ae50d0dd24", "ActionName": "Api.Controllers.RolesController.Create (Api)", "RequestId": "0HNFGVK4NGCRR", "RequestPath": "/api/roles", "Application": "Crud.Api"}
[06:34:00 DBG] Removed cache value for key: entity:role:38e3840514ba4ea5be96fb704582b33e {"SourceContext": "Infrastructure.Services.Caching.InMemoryCacheService", "ActionId": "c9b87aa2-95b8-4132-afdb-87ae50d0dd24", "ActionName": "Api.Controllers.RolesController.Create (Api)", "RequestId": "0HNFGVK4NGCRR", "RequestPath": "/api/roles", "Application": "Crud.Api"}
[06:34:00 DBG] Removed cache value for key: list:role {"SourceContext": "Infrastructure.Services.Caching.InMemoryCacheService", "ActionId": "c9b87aa2-95b8-4132-afdb-87ae50d0dd24", "ActionName": "Api.Controllers.RolesController.Create (Api)", "RequestId": "0HNFGVK4NGCRR", "RequestPath": "/api/roles", "Application": "Crud.Api"}
[06:34:00 DBG] Invalidating cache for entity type: roles with tag: roles {"SourceContext": "Api.Services.OutputCacheInvalidationService", "ActionId": "c9b87aa2-95b8-4132-afdb-87ae50d0dd24", "ActionName": "Api.Controllers.RolesController.Create (Api)", "RequestId": "0HNFGVK4NGCRR", "RequestPath": "/api/roles", "Application": "Crud.Api"}
[06:34:00 INF] Successfully invalidated cache for entity type: roles {"SourceContext": "Api.Services.OutputCacheInvalidationService", "ActionId": "c9b87aa2-95b8-4132-afdb-87ae50d0dd24", "ActionName": "Api.Controllers.RolesController.Create (Api)", "RequestId": "0HNFGVK4NGCRR", "RequestPath": "/api/roles", "Application": "Crud.Api"}
Activity.TraceId:            34e37bd6a72a0b724ee4de18bf111fa3
Activity.SpanId:             e6c97335a5149c6d
Activity.TraceFlags:         Recorded
Activity.ActivitySourceName: Microsoft.AspNetCore
Activity.DisplayName:        POST api/Roles
Activity.Kind:               Server
Activity.StartTime:          2025-09-11T06:34:00.1423102Z
Activity.Duration:           00:00:00.0095111
Activity.Tags:
    server.address: localhost
    http.request.method: POST
    url.scheme: http
    url.path: /api/roles
    network.protocol.version: 1.1
    http.route: api/Roles
    http.response.status_code: 201
Resource associated with Activity:
    deployment.environment: Testing
    service.name: Crud.Api
    service.version: 1.0.0
    service.instance.id: 10e2e254-224c-48e1-a2d2-8bbb5483cf26
    telemetry.sdk.name: opentelemetry
    telemetry.sdk.language: dotnet
    telemetry.sdk.version: 1.8.1
[06:34:00 DBG] Cache miss for key: list:role {"SourceContext": "Infrastructure.Services.Caching.InMemoryCacheService", "ActionId": "66e454a9-0ff8-4ba5-85c6-8fbff9b4b537", "ActionName": "Api.Controllers.RolesController.List (Api)", "RequestId": "0HNFGVK4NGCRS", "RequestPath": "/api/roles", "Application": "Crud.Api"}
[06:34:00 DBG] Set cache value for key: list:role {"SourceContext": "Infrastructure.Services.Caching.InMemoryCacheService", "ActionId": "66e454a9-0ff8-4ba5-85c6-8fbff9b4b537", "ActionName": "Api.Controllers.RolesController.List (Api)", "RequestId": "0HNFGVK4NGCRS", "RequestPath": "/api/roles", "Application": "Crud.Api"}
Activity.TraceId:            432b94df03f268b20ad1fa57775aa4cd
Activity.SpanId:             97a9be9979167ed3
Activity.TraceFlags:         Recorded
Activity.ActivitySourceName: Microsoft.AspNetCore
Activity.DisplayName:        GET api/Roles
Activity.Kind:               Server
Activity.StartTime:          2025-09-11T06:34:00.1518801Z
Activity.Duration:           00:00:00.0014648
Activity.Tags:
    server.address: localhost
    http.request.method: GET
    url.scheme: http
    url.path: /api/roles
    network.protocol.version: 1.1
    http.route: api/Roles
    http.response.status_code: 200
Resource associated with Activity:
    deployment.environment: Testing
    service.name: Crud.Api
    service.version: 1.0.0
    service.instance.id: 10e2e254-224c-48e1-a2d2-8bbb5483cf26
    telemetry.sdk.name: opentelemetry
    telemetry.sdk.language: dotnet
    telemetry.sdk.version: 1.8.1
[06:34:00 DBG] Cache hit for key: list:wall {"SourceContext": "Infrastructure.Services.Caching.InMemoryCacheService", "ActionId": "1aeb0c28-ff67-4205-8bac-4d5695ef0781", "ActionName": "Api.Controllers.WallsController.List (Api)", "RequestId": "0HNFGVK4NGCRT", "RequestPath": "/api/walls", "Application": "Crud.Api"}
Activity.TraceId:            c9eaa55a0a4e17e4b4e82dfe577c5e76
Activity.SpanId:             cec2c8b2d345f014
Activity.TraceFlags:         Recorded
Activity.ActivitySourceName: Microsoft.AspNetCore
Activity.DisplayName:        GET api/Walls
Activity.Kind:               Server
Activity.StartTime:          2025-09-11T06:34:00.1534313Z
Activity.Duration:           00:00:00.0003670
Activity.Tags:
    server.address: localhost
    http.request.method: GET
    url.scheme: http
    url.path: /api/walls
    network.protocol.version: 1.1
    http.route: api/Walls
    http.response.status_code: 200
Resource associated with Activity:
    deployment.environment: Testing
    service.name: Crud.Api
    service.version: 1.0.0
    service.instance.id: 10e2e254-224c-48e1-a2d2-8bbb5483cf26
    telemetry.sdk.name: opentelemetry
    telemetry.sdk.language: dotnet
    telemetry.sdk.version: 1.8.1
[06:34:00 INF] Resetting database for worker 9789 {"SourceContext": "Infrastructure.Services.DatabaseTestService", "Application": "Crud.Api"}
[06:34:00 INF] Resetting database via file deletion for worker 9789 in CI environment {"SourceContext": "Infrastructure.Services.DatabaseTestService", "Application": "Crud.Api"}
[06:34:00 INF] Acquiring database mutex for worker 9789... {"SourceContext": "Infrastructure.Services.DatabaseTestService", "Application": "Crud.Api"}
[06:34:00 INF] Database mutex acquired for worker 9789 {"SourceContext": "Infrastructure.Services.DatabaseTestService", "Application": "Crud.Api"}
[06:34:00 INF] Current database state - CanConnect: True {"SourceContext": "Infrastructure.Services.DatabaseTestService", "Application": "Crud.Api"}
[06:34:00 INF] [Phase 0] Closing database connection for worker 9789... {"SourceContext": "Infrastructure.Services.DatabaseTestService", "Application": "Crud.Api"}
[06:34:00 INF] [Phase 0] Connection closed in 0.0005ms {"SourceContext": "Infrastructure.Services.DatabaseTestService", "Application": "Crud.Api"}
[06:34:00 INF] [Phase 1] Starting EnsureDeletedAsync for worker 9789... {"SourceContext": "Infrastructure.Services.DatabaseTestService", "Application": "Crud.Api"}
[06:34:00 INF] [Phase 1] EnsureDeletedAsync completed in 1.7717ms {"SourceContext": "Infrastructure.Services.DatabaseTestService", "Application": "Crud.Api"}
[06:34:00 INF] [Phase 2] Starting EnsureCreatedAsync for worker 9789... {"SourceContext": "Infrastructure.Services.DatabaseTestService", "Application": "Crud.Api"}
[06:34:00 INF] [Phase 2] EnsureCreatedAsync completed in 7.8122ms {"SourceContext": "Infrastructure.Services.DatabaseTestService", "Application": "Crud.Api"}
[06:34:00 INF] [Phase 3] Skipping database seeding as requested for worker 9789 {"SourceContext": "Infrastructure.Services.DatabaseTestService", "Application": "Crud.Api"}
[06:34:00 INF] Database reset via file deletion completed for worker 9789 in 110.6582ms (Close: 0.0005ms, Delete: 1.7717ms, Create: 7.8122ms) {"SourceContext": "Infrastructure.Services.DatabaseTestService", "Application": "Crud.Api"}
[06:34:00 INF] Releasing database mutex for worker 9789 {"SourceContext": "Infrastructure.Services.DatabaseTestService", "Application": "Crud.Api"}
[06:34:00 INF] Resetting database for worker 9789 {"SourceContext": "Infrastructure.Services.DatabaseTestService", "Application": "Crud.Api"}
[06:34:00 INF] Resetting database via file deletion for worker 9789 in CI environment {"SourceContext": "Infrastructure.Services.DatabaseTestService", "Application": "Crud.Api"}
[06:34:00 INF] Acquiring database mutex for worker 9789... {"SourceContext": "Infrastructure.Services.DatabaseTestService", "Application": "Crud.Api"}
[06:34:00 INF] Database mutex acquired for worker 9789 {"SourceContext": "Infrastructure.Services.DatabaseTestService", "Application": "Crud.Api"}
[06:34:00 INF] Current database state - CanConnect: True {"SourceContext": "Infrastructure.Services.DatabaseTestService", "Application": "Crud.Api"}
[06:34:00 INF] [Phase 0] Closing database connection for worker 9789... {"SourceContext": "Infrastructure.Services.DatabaseTestService", "Application": "Crud.Api"}
[06:34:00 INF] [Phase 0] Connection closed in 0.0007ms {"SourceContext": "Infrastructure.Services.DatabaseTestService", "Application": "Crud.Api"}
[06:34:00 INF] [Phase 1] Starting EnsureDeletedAsync for worker 9789... {"SourceContext": "Infrastructure.Services.DatabaseTestService", "Application": "Crud.Api"}
[06:34:00 INF] [Phase 1] EnsureDeletedAsync completed in 1.2475ms {"SourceContext": "Infrastructure.Services.DatabaseTestService", "Application": "Crud.Api"}
[06:34:00 INF] [Phase 2] Starting EnsureCreatedAsync for worker 9789... {"SourceContext": "Infrastructure.Services.DatabaseTestService", "Application": "Crud.Api"}
[06:34:00 INF] [Phase 2] EnsureCreatedAsync completed in 7.29ms {"SourceContext": "Infrastructure.Services.DatabaseTestService", "Application": "Crud.Api"}
[06:34:00 INF] [Phase 3] Skipping database seeding as requested for worker 9789 {"SourceContext": "Infrastructure.Services.DatabaseTestService", "Application": "Crud.Api"}
[06:34:00 INF] Database reset via file deletion completed for worker 9789 in 108.6367ms (Close: 0.0007ms, Delete: 1.2475ms, Create: 7.29ms) {"SourceContext": "Infrastructure.Services.DatabaseTestService", "Application": "Crud.Api"}
[06:34:00 INF] Releasing database mutex for worker 9789 {"SourceContext": "Infrastructure.Services.DatabaseTestService", "Application": "Crud.Api"}
[06:34:00 INF] User registered successfully: 7463d27c-40e3-4c7d-a5e2-48a39b63327f {"SourceContext": "App.Features.Authentication.RegisterUserCommandHandler", "ActionId": "0c7a2530-60f4-4185-96e2-5e452d4ff600", "ActionName": "Api.Controllers.AuthController.Register (Api)", "RequestId": "0HNFGVK4NGCRU", "RequestPath": "/api/auth/register", "Application": "Crud.Api"}
Activity.TraceId:            dd63610ddc0eb2965e32a106dba605ec
Activity.SpanId:             02b64c62c22d994b
Activity.TraceFlags:         Recorded
Activity.ActivitySourceName: Microsoft.AspNetCore
Activity.DisplayName:        POST api/Auth/register
Activity.Kind:               Server
Activity.StartTime:          2025-09-11T06:34:00.3796941Z
Activity.Duration:           00:00:00.3003787
Activity.Tags:
    server.address: localhost
    http.request.method: POST
    url.scheme: http
    url.path: /api/auth/register
    network.protocol.version: 1.1
    http.route: api/Auth/register
    http.response.status_code: 200
Resource associated with Activity:
    deployment.environment: Testing
    service.name: Crud.Api
    service.version: 1.0.0
    service.instance.id: 10e2e254-224c-48e1-a2d2-8bbb5483cf26
    telemetry.sdk.name: opentelemetry
    telemetry.sdk.language: dotnet
    telemetry.sdk.version: 1.8.1
[06:34:00 INF] User registered successfully: 1553be0a-600e-40f6-abfb-b48acc0f2b80 {"SourceContext": "App.Features.Authentication.RegisterUserCommandHandler", "ActionId": "0c7a2530-60f4-4185-96e2-5e452d4ff600", "ActionName": "Api.Controllers.AuthController.Register (Api)", "RequestId": "0HNFGVK4NGCRV", "RequestPath": "/api/auth/register", "Application": "Crud.Api"}
Activity.TraceId:            c3353b4545f0de9a9512830257c1c2fb
Activity.SpanId:             36d129cb1da63bf0
Activity.TraceFlags:         Recorded
Activity.ActivitySourceName: Microsoft.AspNetCore
Activity.DisplayName:        POST api/Auth/register
Activity.Kind:               Server
Activity.StartTime:          2025-09-11T06:34:00.6809992Z
Activity.Duration:           00:00:00.2956985
Activity.Tags:
    server.address: localhost
    http.request.method: POST
    url.scheme: http
    url.path: /api/auth/register
    network.protocol.version: 1.1
    http.route: api/Auth/register
    http.response.status_code: 200
Resource associated with Activity:
    deployment.environment: Testing
    service.name: Crud.Api
    service.version: 1.0.0
    service.instance.id: 10e2e254-224c-48e1-a2d2-8bbb5483cf26
    telemetry.sdk.name: opentelemetry
    telemetry.sdk.language: dotnet
    telemetry.sdk.version: 1.8.1
[06:34:01 INF] User logged in successfully: 1553be0a-600e-40f6-abfb-b48acc0f2b80 {"SourceContext": "App.Features.Authentication.LoginCommandHandler", "ActionId": "d9473663-9656-4eb8-af8a-79625b9161ff", "ActionName": "Api.Controllers.AuthController.Login (Api)", "RequestId": "0HNFGVK4NGCS0", "RequestPath": "/api/auth/login", "Application": "Crud.Api"}
Activity.TraceId:            fcf9317e518315b8c63e9b50b770b638
Activity.SpanId:             c06a086053721a92
Activity.TraceFlags:         Recorded
Activity.ActivitySourceName: Microsoft.AspNetCore
Activity.DisplayName:        POST api/Auth/login
Activity.Kind:               Server
Activity.StartTime:          2025-09-11T06:34:00.9780708Z
Activity.Duration:           00:00:00.2961943
Activity.Tags:
    server.address: localhost
    http.request.method: POST
    url.scheme: http
    url.path: /api/auth/login
    network.protocol.version: 1.1
    http.route: api/Auth/login
    http.response.status_code: 200
Resource associated with Activity:
    deployment.environment: Testing
    service.name: Crud.Api
    service.version: 1.0.0
    service.instance.id: 10e2e254-224c-48e1-a2d2-8bbb5483cf26
    telemetry.sdk.name: opentelemetry
    telemetry.sdk.language: dotnet
    telemetry.sdk.version: 1.8.1
[06:34:01 DBG] Cache miss for key: list:person {"SourceContext": "Infrastructure.Services.Caching.InMemoryCacheService", "ActionId": "ee0fe6d5-67b1-443e-a2de-0ac04d63888c", "ActionName": "Api.Controllers.PeopleController.List (Api)", "RequestId": "0HNFGVK4NGCS1", "RequestPath": "/api/people", "Application": "Crud.Api"}
[06:34:01 DBG] Set cache value for key: list:person {"SourceContext": "Infrastructure.Services.Caching.InMemoryCacheService", "ActionId": "ee0fe6d5-67b1-443e-a2de-0ac04d63888c", "ActionName": "Api.Controllers.PeopleController.List (Api)", "RequestId": "0HNFGVK4NGCS1", "RequestPath": "/api/people", "Application": "Crud.Api"}
Activity.TraceId:            f5f220d568a7acc68a225f2dbfc8fc85
Activity.SpanId:             43a0c13c76612982
Activity.TraceFlags:         Recorded
Activity.ActivitySourceName: Microsoft.AspNetCore
Activity.DisplayName:        GET api/People
Activity.Kind:               Server
Activity.StartTime:          2025-09-11T06:34:01.2746218Z
Activity.Duration:           00:00:00.0083109
Activity.Tags:
    server.address: localhost
    http.request.method: GET
    url.scheme: http
    url.path: /api/people
    network.protocol.version: 1.1
    http.route: api/People
    http.response.status_code: 200
Resource associated with Activity:
    deployment.environment: Testing
    service.name: Crud.Api
    service.version: 1.0.0
    service.instance.id: 10e2e254-224c-48e1-a2d2-8bbb5483cf26
    telemetry.sdk.name: opentelemetry
    telemetry.sdk.language: dotnet
    telemetry.sdk.version: 1.8.1
[06:34:01 DBG] Removed cache value for key: entity:person:229dc7bd42ef413399deaf1f3928cb87 {"SourceContext": "Infrastructure.Services.Caching.InMemoryCacheService", "ActionId": "5f6f8ccb-a825-4cd1-9307-3c3eae3d2b1b", "ActionName": "Api.Controllers.PeopleController.Create (Api)", "RequestId": "0HNFGVK4NGCS2", "RequestPath": "/api/people", "Application": "Crud.Api"}
[06:34:01 DBG] Removed cache value for key: list:person {"SourceContext": "Infrastructure.Services.Caching.InMemoryCacheService", "ActionId": "5f6f8ccb-a825-4cd1-9307-3c3eae3d2b1b", "ActionName": "Api.Controllers.PeopleController.Create (Api)", "RequestId": "0HNFGVK4NGCS2", "RequestPath": "/api/people", "Application": "Crud.Api"}
[06:34:01 DBG] Invalidating cache for entity type: people with tag: people {"SourceContext": "Api.Services.OutputCacheInvalidationService", "ActionId": "5f6f8ccb-a825-4cd1-9307-3c3eae3d2b1b", "ActionName": "Api.Controllers.PeopleController.Create (Api)", "RequestId": "0HNFGVK4NGCS2", "RequestPath": "/api/people", "Application": "Crud.Api"}
[06:34:01 INF] Successfully invalidated cache for entity type: people {"SourceContext": "Api.Services.OutputCacheInvalidationService", "ActionId": "5f6f8ccb-a825-4cd1-9307-3c3eae3d2b1b", "ActionName": "Api.Controllers.PeopleController.Create (Api)", "RequestId": "0HNFGVK4NGCS2", "RequestPath": "/api/people", "Application": "Crud.Api"}
Activity.TraceId:            1e88e66709b4aba0d5f4ab2a70051ac1
Activity.SpanId:             65da370ea329c522
Activity.TraceFlags:         Recorded
Activity.ActivitySourceName: Microsoft.AspNetCore
Activity.DisplayName:        POST api/People
Activity.Kind:               Server
Activity.StartTime:          2025-09-11T06:34:01.2830863Z
Activity.Duration:           00:00:00.0096457
Activity.Tags:
    server.address: localhost
    http.request.method: POST
    url.scheme: http
    url.path: /api/people
    network.protocol.version: 1.1
    http.route: api/People
    http.response.status_code: 201
Resource associated with Activity:
    deployment.environment: Testing
    service.name: Crud.Api
    service.version: 1.0.0
    service.instance.id: 10e2e254-224c-48e1-a2d2-8bbb5483cf26
    telemetry.sdk.name: opentelemetry
    telemetry.sdk.language: dotnet
    telemetry.sdk.version: 1.8.1
[06:34:01 DBG] Cache miss for key: list:person {"SourceContext": "Infrastructure.Services.Caching.InMemoryCacheService", "ActionId": "ee0fe6d5-67b1-443e-a2de-0ac04d63888c", "ActionName": "Api.Controllers.PeopleController.List (Api)", "RequestId": "0HNFGVK4NGCS3", "RequestPath": "/api/people", "Application": "Crud.Api"}
[06:34:01 DBG] Set cache value for key: list:person {"SourceContext": "Infrastructure.Services.Caching.InMemoryCacheService", "ActionId": "ee0fe6d5-67b1-443e-a2de-0ac04d63888c", "ActionName": "Api.Controllers.PeopleController.List (Api)", "RequestId": "0HNFGVK4NGCS3", "RequestPath": "/api/people", "Application": "Crud.Api"}
Activity.TraceId:            33129ba83c0b1e052d91ac53cdcbfb18
Activity.SpanId:             021fe16830b852ed
Activity.TraceFlags:         Recorded
Activity.ActivitySourceName: Microsoft.AspNetCore
Activity.DisplayName:        GET api/People
Activity.Kind:               Server
Activity.StartTime:          2025-09-11T06:34:01.2928182Z
Activity.Duration:           00:00:00.0019065
Activity.Tags:
    server.address: localhost
    http.request.method: GET
    url.scheme: http
    url.path: /api/people
    network.protocol.version: 1.1
    http.route: api/People
    http.response.status_code: 200
Resource associated with Activity:
    deployment.environment: Testing
    service.name: Crud.Api
    service.version: 1.0.0
    service.instance.id: 10e2e254-224c-48e1-a2d2-8bbb5483cf26
    telemetry.sdk.name: opentelemetry
    telemetry.sdk.language: dotnet
    telemetry.sdk.version: 1.8.1
[06:34:01 INF] Resetting database for worker 9789 {"SourceContext": "Infrastructure.Services.DatabaseTestService", "Application": "Crud.Api"}
[06:34:01 INF] Resetting database via file deletion for worker 9789 in CI environment {"SourceContext": "Infrastructure.Services.DatabaseTestService", "Application": "Crud.Api"}
[06:34:01 INF] Acquiring database mutex for worker 9789... {"SourceContext": "Infrastructure.Services.DatabaseTestService", "Application": "Crud.Api"}
[06:34:01 INF] Database mutex acquired for worker 9789 {"SourceContext": "Infrastructure.Services.DatabaseTestService", "Application": "Crud.Api"}
[06:34:01 INF] Current database state - CanConnect: True {"SourceContext": "Infrastructure.Services.DatabaseTestService", "Application": "Crud.Api"}
[06:34:01 INF] [Phase 0] Closing database connection for worker 9789... {"SourceContext": "Infrastructure.Services.DatabaseTestService", "Application": "Crud.Api"}
[06:34:01 INF] [Phase 0] Connection closed in 0.0007ms {"SourceContext": "Infrastructure.Services.DatabaseTestService", "Application": "Crud.Api"}
[06:34:01 INF] [Phase 1] Starting EnsureDeletedAsync for worker 9789... {"SourceContext": "Infrastructure.Services.DatabaseTestService", "Application": "Crud.Api"}
[06:34:01 INF] [Phase 1] EnsureDeletedAsync completed in 1.2977ms {"SourceContext": "Infrastructure.Services.DatabaseTestService", "Application": "Crud.Api"}
[06:34:01 INF] [Phase 2] Starting EnsureCreatedAsync for worker 9789... {"SourceContext": "Infrastructure.Services.DatabaseTestService", "Application": "Crud.Api"}
[06:34:01 INF] [Phase 2] EnsureCreatedAsync completed in 8.058ms {"SourceContext": "Infrastructure.Services.DatabaseTestService", "Application": "Crud.Api"}
[06:34:01 INF] [Phase 3] Skipping database seeding as requested for worker 9789 {"SourceContext": "Infrastructure.Services.DatabaseTestService", "Application": "Crud.Api"}
[06:34:01 INF] Database reset via file deletion completed for worker 9789 in 109.0755ms (Close: 0.0007ms, Delete: 1.2977ms, Create: 8.058ms) {"SourceContext": "Infrastructure.Services.DatabaseTestService", "Application": "Crud.Api"}
[06:34:01 INF] Releasing database mutex for worker 9789 {"SourceContext": "Infrastructure.Services.DatabaseTestService", "Application": "Crud.Api"}
[06:34:01 INF] Resetting database for worker 9789 {"SourceContext": "Infrastructure.Services.DatabaseTestService", "Application": "Crud.Api"}
[06:34:01 INF] Resetting database via file deletion for worker 9789 in CI environment {"SourceContext": "Infrastructure.Services.DatabaseTestService", "Application": "Crud.Api"}
[06:34:01 INF] Acquiring database mutex for worker 9789... {"SourceContext": "Infrastructure.Services.DatabaseTestService", "Application": "Crud.Api"}
[06:34:01 INF] Database mutex acquired for worker 9789 {"SourceContext": "Infrastructure.Services.DatabaseTestService", "Application": "Crud.Api"}
[06:34:01 INF] Current database state - CanConnect: True {"SourceContext": "Infrastructure.Services.DatabaseTestService", "Application": "Crud.Api"}
[06:34:01 INF] [Phase 0] Closing database connection for worker 9789... {"SourceContext": "Infrastructure.Services.DatabaseTestService", "Application": "Crud.Api"}
[06:34:01 INF] [Phase 0] Connection closed in 0.0007ms {"SourceContext": "Infrastructure.Services.DatabaseTestService", "Application": "Crud.Api"}
[06:34:01 INF] [Phase 1] Starting EnsureDeletedAsync for worker 9789... {"SourceContext": "Infrastructure.Services.DatabaseTestService", "Application": "Crud.Api"}
[06:34:01 INF] [Phase 1] EnsureDeletedAsync completed in 1.4134ms {"SourceContext": "Infrastructure.Services.DatabaseTestService", "Application": "Crud.Api"}
[06:34:01 INF] [Phase 2] Starting EnsureCreatedAsync for worker 9789... {"SourceContext": "Infrastructure.Services.DatabaseTestService", "Application": "Crud.Api"}
[06:34:01 INF] [Phase 2] EnsureCreatedAsync completed in 15.0931ms {"SourceContext": "Infrastructure.Services.DatabaseTestService", "Application": "Crud.Api"}
[06:34:01 INF] [Phase 3] Skipping database seeding as requested for worker 9789 {"SourceContext": "Infrastructure.Services.DatabaseTestService", "Application": "Crud.Api"}
[06:34:01 INF] Database reset via file deletion completed for worker 9789 in 116.871ms (Close: 0.0007ms, Delete: 1.4134ms, Create: 15.0931ms) {"SourceContext": "Infrastructure.Services.DatabaseTestService", "Application": "Crud.Api"}
[06:34:01 INF] Releasing database mutex for worker 9789 {"SourceContext": "Infrastructure.Services.DatabaseTestService", "Application": "Crud.Api"}
[06:34:01 INF] User registered successfully: 72129017-5d98-4090-8a72-ad92e8d23f51 {"SourceContext": "App.Features.Authentication.RegisterUserCommandHandler", "ActionId": "0c7a2530-60f4-4185-96e2-5e452d4ff600", "ActionName": "Api.Controllers.AuthController.Register (Api)", "RequestId": "0HNFGVK4NGCS4", "RequestPath": "/api/auth/register", "Application": "Crud.Api"}
Activity.TraceId:            c3d74cc5e824544194695865206f1033
Activity.SpanId:             77afa1086dee60c1
Activity.TraceFlags:         Recorded
Activity.ActivitySourceName: Microsoft.AspNetCore
Activity.DisplayName:        POST api/Auth/register
Activity.Kind:               Server
Activity.StartTime:          2025-09-11T06:34:01.5273355Z
Activity.Duration:           00:00:00.2980677
Activity.Tags:
    server.address: localhost
    http.request.method: POST
    url.scheme: http
    url.path: /api/auth/register
    network.protocol.version: 1.1
    http.route: api/Auth/register
    http.response.status_code: 200
Resource associated with Activity:
    deployment.environment: Testing
    service.name: Crud.Api
    service.version: 1.0.0
    service.instance.id: 10e2e254-224c-48e1-a2d2-8bbb5483cf26
    telemetry.sdk.name: opentelemetry
    telemetry.sdk.language: dotnet
    telemetry.sdk.version: 1.8.1
[06:34:01 DBG] Cache hit for key: list:role {"SourceContext": "Infrastructure.Services.Caching.InMemoryCacheService", "ActionId": "66e454a9-0ff8-4ba5-85c6-8fbff9b4b537", "ActionName": "Api.Controllers.RolesController.List (Api)", "RequestId": "0HNFGVK4NGCS5", "RequestPath": "/api/roles", "Application": "Crud.Api"}
Activity.TraceId:            ee6998d69af5d29d5d703e28fe1ea1c7
Activity.SpanId:             5055c78f05e43bcc
Activity.TraceFlags:         Recorded
Activity.ActivitySourceName: Microsoft.AspNetCore
Activity.DisplayName:        GET api/Roles
Activity.Kind:               Server
Activity.StartTime:          2025-09-11T06:34:01.8262881Z
Activity.Duration:           00:00:00.0020397
Activity.Tags:
    server.address: localhost
    http.request.method: GET
    url.scheme: http
    url.path: /api/roles
    network.protocol.version: 1.1
    http.route: api/Roles
    http.response.status_code: 200
Resource associated with Activity:
    deployment.environment: Testing
    service.name: Crud.Api
    service.version: 1.0.0
    service.instance.id: 10e2e254-224c-48e1-a2d2-8bbb5483cf26
    telemetry.sdk.name: opentelemetry
    telemetry.sdk.language: dotnet
    telemetry.sdk.version: 1.8.1
[06:34:01 DBG] Cache hit for key: list:role {"SourceContext": "Infrastructure.Services.Caching.InMemoryCacheService", "ActionId": "66e454a9-0ff8-4ba5-85c6-8fbff9b4b537", "ActionName": "Api.Controllers.RolesController.List (Api)", "RequestId": "0HNFGVK4NGCS6", "RequestPath": "/api/roles", "Application": "Crud.Api"}
Activity.TraceId:            e2ebca28c5c3f417d6e7f9651c82e09b
Activity.SpanId:             f0c0cac31caf91e3
Activity.TraceFlags:         Recorded
Activity.ActivitySourceName: Microsoft.AspNetCore
Activity.DisplayName:        GET api/Roles
Activity.Kind:               Server
Activity.StartTime:          2025-09-11T06:34:01.8287846Z
Activity.Duration:           00:00:00.0006901
Activity.Tags:
    server.address: localhost
    http.request.method: GET
    url.scheme: http
    url.path: /api/roles
    network.protocol.version: 1.1
    http.route: api/Roles
    http.response.status_code: 200
Resource associated with Activity:
    deployment.environment: Testing
    service.name: Crud.Api
    service.version: 1.0.0
    service.instance.id: 10e2e254-224c-48e1-a2d2-8bbb5483cf26
    telemetry.sdk.name: opentelemetry
    telemetry.sdk.language: dotnet
    telemetry.sdk.version: 1.8.1
[06:34:01 DBG] Cache hit for key: list:role {"SourceContext": "Infrastructure.Services.Caching.InMemoryCacheService", "ActionId": "66e454a9-0ff8-4ba5-85c6-8fbff9b4b537", "ActionName": "Api.Controllers.RolesController.List (Api)", "RequestId": "0HNFGVK4NGCS7", "RequestPath": "/api/roles", "Application": "Crud.Api"}
Activity.TraceId:            0ccc818e57e55211ae509259eb1a6828
Activity.SpanId:             49b39c2831b9b2bc
Activity.TraceFlags:         Recorded
Activity.ActivitySourceName: Microsoft.AspNetCore
Activity.DisplayName:        GET api/Roles
Activity.Kind:               Server
Activity.StartTime:          2025-09-11T06:34:01.8298488Z
Activity.Duration:           00:00:00.0005087
Activity.Tags:
    server.address: localhost
    http.request.method: GET
    url.scheme: http
    url.path: /api/roles
    network.protocol.version: 1.1
    http.route: api/Roles
    http.response.status_code: 200
Resource associated with Activity:
    deployment.environment: Testing
    service.name: Crud.Api
    service.version: 1.0.0
    service.instance.id: 10e2e254-224c-48e1-a2d2-8bbb5483cf26
    telemetry.sdk.name: opentelemetry
    telemetry.sdk.language: dotnet
    telemetry.sdk.version: 1.8.1
[06:34:01 DBG] Cache hit for key: list:role {"SourceContext": "Infrastructure.Services.Caching.InMemoryCacheService", "ActionId": "66e454a9-0ff8-4ba5-85c6-8fbff9b4b537", "ActionName": "Api.Controllers.RolesController.List (Api)", "RequestId": "0HNFGVK4NGCS8", "RequestPath": "/api/roles", "Application": "Crud.Api"}
Activity.TraceId:            4b0a8d5b5b910e05e4f99107fcb3f41d
Activity.SpanId:             0ddfb541c4b7df78
Activity.TraceFlags:         Recorded
Activity.ActivitySourceName: Microsoft.AspNetCore
Activity.DisplayName:        GET api/Roles
Activity.Kind:               Server
Activity.StartTime:          2025-09-11T06:34:01.8306987Z
Activity.Duration:           00:00:00.0003914
Activity.Tags:
    server.address: localhost
    http.request.method: GET
    url.scheme: http
    url.path: /api/roles
    network.protocol.version: 1.1
    http.route: api/Roles
    http.response.status_code: 200
Resource associated with Activity:
    deployment.environment: Testing
    service.name: Crud.Api
    service.version: 1.0.0
    service.instance.id: 10e2e254-224c-48e1-a2d2-8bbb5483cf26
    telemetry.sdk.name: opentelemetry
    telemetry.sdk.language: dotnet
    telemetry.sdk.version: 1.8.1
[06:34:01 DBG] Cache hit for key: list:role {"SourceContext": "Infrastructure.Services.Caching.InMemoryCacheService", "ActionId": "66e454a9-0ff8-4ba5-85c6-8fbff9b4b537", "ActionName": "Api.Controllers.RolesController.List (Api)", "RequestId": "0HNFGVK4NGCS9", "RequestPath": "/api/roles", "Application": "Crud.Api"}
Activity.TraceId:            bf2a570dd91abfa4406c3d4fc65bc7df
Activity.SpanId:             bb3d844f53867053
Activity.TraceFlags:         Recorded
Activity.ActivitySourceName: Microsoft.AspNetCore
Activity.DisplayName:        GET api/Roles
Activity.Kind:               Server
Activity.StartTime:          2025-09-11T06:34:01.8311511Z
Activity.Duration:           00:00:00.0003385
Activity.Tags:
    server.address: localhost
    http.request.method: GET
    url.scheme: http
    url.path: /api/roles
    network.protocol.version: 1.1
    http.route: api/Roles
    http.response.status_code: 200
Resource associated with Activity:
    deployment.environment: Testing
    service.name: Crud.Api
    service.version: 1.0.0
    service.instance.id: 10e2e254-224c-48e1-a2d2-8bbb5483cf26
    telemetry.sdk.name: opentelemetry
    telemetry.sdk.language: dotnet
    telemetry.sdk.version: 1.8.1
[06:34:01 DBG] Cache hit for key: list:role {"SourceContext": "Infrastructure.Services.Caching.InMemoryCacheService", "ActionId": "66e454a9-0ff8-4ba5-85c6-8fbff9b4b537", "ActionName": "Api.Controllers.RolesController.List (Api)", "RequestId": "0HNFGVK4NGCSA", "RequestPath": "/api/roles", "Application": "Crud.Api"}
Activity.TraceId:            b39b60471ab61e08e964356d37da7bc2
Activity.SpanId:             1f94e845cb89973b
Activity.TraceFlags:         Recorded
Activity.ActivitySourceName: Microsoft.AspNetCore
Activity.DisplayName:        GET api/Roles
Activity.Kind:               Server
Activity.StartTime:          2025-09-11T06:34:01.8315780Z
Activity.Duration:           00:00:00.0003032
Activity.Tags:
    server.address: localhost
    http.request.method: GET
    url.scheme: http
    url.path: /api/roles
    network.protocol.version: 1.1
    http.route: api/Roles
    http.response.status_code: 200
Resource associated with Activity:
    deployment.environment: Testing
    service.name: Crud.Api
    service.version: 1.0.0
    service.instance.id: 10e2e254-224c-48e1-a2d2-8bbb5483cf26
    telemetry.sdk.name: opentelemetry
    telemetry.sdk.language: dotnet
    telemetry.sdk.version: 1.8.1
[06:34:01 DBG] Cache hit for key: list:role {"SourceContext": "Infrastructure.Services.Caching.InMemoryCacheService", "ActionId": "66e454a9-0ff8-4ba5-85c6-8fbff9b4b537", "ActionName": "Api.Controllers.RolesController.List (Api)", "RequestId": "0HNFGVK4NGCSB", "RequestPath": "/api/roles", "Application": "Crud.Api"}
Activity.TraceId:            34799e89536a051ff0481acbb65e1dd5
Activity.SpanId:             b25d2b7a0dc668fb
Activity.TraceFlags:         Recorded
Activity.ActivitySourceName: Microsoft.AspNetCore
Activity.DisplayName:        GET api/Roles
Activity.Kind:               Server
Activity.StartTime:          2025-09-11T06:34:01.8319988Z
Activity.Duration:           00:00:00.0003179
Activity.Tags:
    server.address: localhost
    http.request.method: GET
    url.scheme: http
    url.path: /api/roles
    network.protocol.version: 1.1
    http.route: api/Roles
    http.response.status_code: 200
Resource associated with Activity:
    deployment.environment: Testing
    service.name: Crud.Api
    service.version: 1.0.0
    service.instance.id: 10e2e254-224c-48e1-a2d2-8bbb5483cf26
    telemetry.sdk.name: opentelemetry
    telemetry.sdk.language: dotnet
    telemetry.sdk.version: 1.8.1
[06:34:01 DBG] Cache hit for key: list:role {"SourceContext": "Infrastructure.Services.Caching.InMemoryCacheService", "ActionId": "66e454a9-0ff8-4ba5-85c6-8fbff9b4b537", "ActionName": "Api.Controllers.RolesController.List (Api)", "RequestId": "0HNFGVK4NGCSC", "RequestPath": "/api/roles", "Application": "Crud.Api"}
Activity.TraceId:            1ff4d03678e758231faa7ddf599a49d4
Activity.SpanId:             8e80742e5f6be352
Activity.TraceFlags:         Recorded
Activity.ActivitySourceName: Microsoft.AspNetCore
Activity.DisplayName:        GET api/Roles
Activity.Kind:               Server
Activity.StartTime:          2025-09-11T06:34:01.8324352Z
Activity.Duration:           00:00:00.0003009
Activity.Tags:
    server.address: localhost
    http.request.method: GET
    url.scheme: http
    url.path: /api/roles
    network.protocol.version: 1.1
    http.route: api/Roles
    http.response.status_code: 200
Resource associated with Activity:
    deployment.environment: Testing
    service.name: Crud.Api
    service.version: 1.0.0
    service.instance.id: 10e2e254-224c-48e1-a2d2-8bbb5483cf26
    telemetry.sdk.name: opentelemetry
    telemetry.sdk.language: dotnet
    telemetry.sdk.version: 1.8.1
[06:34:01 DBG] Cache hit for key: list:role {"SourceContext": "Infrastructure.Services.Caching.InMemoryCacheService", "ActionId": "66e454a9-0ff8-4ba5-85c6-8fbff9b4b537", "ActionName": "Api.Controllers.RolesController.List (Api)", "RequestId": "0HNFGVK4NGCSD", "RequestPath": "/api/roles", "Application": "Crud.Api"}
Activity.TraceId:            1007d6828a4afe23986fb5beb2a84017
Activity.SpanId:             140d6f183c38b064
Activity.TraceFlags:         Recorded
Activity.ActivitySourceName: Microsoft.AspNetCore
Activity.DisplayName:        GET api/Roles
Activity.Kind:               Server
Activity.StartTime:          2025-09-11T06:34:01.8328236Z
Activity.Duration:           00:00:00.0003302
Activity.Tags:
    server.address: localhost
    http.request.method: GET
    url.scheme: http
    url.path: /api/roles
    network.protocol.version: 1.1
    http.route: api/Roles
    http.response.status_code: 200
Resource associated with Activity:
    deployment.environment: Testing
    service.name: Crud.Api
    service.version: 1.0.0
    service.instance.id: 10e2e254-224c-48e1-a2d2-8bbb5483cf26
    telemetry.sdk.name: opentelemetry
    telemetry.sdk.language: dotnet
    telemetry.sdk.version: 1.8.1
[06:34:01 DBG] Cache hit for key: list:role {"SourceContext": "Infrastructure.Services.Caching.InMemoryCacheService", "ActionId": "66e454a9-0ff8-4ba5-85c6-8fbff9b4b537", "ActionName": "Api.Controllers.RolesController.List (Api)", "RequestId": "0HNFGVK4NGCSE", "RequestPath": "/api/roles", "Application": "Crud.Api"}
Activity.TraceId:            c9982bb8fe26bef998e150bd17529b73
Activity.SpanId:             87e787f271d6469a
Activity.TraceFlags:         Recorded
Activity.ActivitySourceName: Microsoft.AspNetCore
Activity.DisplayName:        GET api/Roles
Activity.Kind:               Server
Activity.StartTime:          2025-09-11T06:34:01.8333057Z
Activity.Duration:           00:00:00.0002971
Activity.Tags:
    server.address: localhost
    http.request.method: GET
    url.scheme: http
    url.path: /api/roles
    network.protocol.version: 1.1
    http.route: api/Roles
    http.response.status_code: 200
Resource associated with Activity:
    deployment.environment: Testing
    service.name: Crud.Api
    service.version: 1.0.0
    service.instance.id: 10e2e254-224c-48e1-a2d2-8bbb5483cf26
    telemetry.sdk.name: opentelemetry
    telemetry.sdk.language: dotnet
    telemetry.sdk.version: 1.8.1
[06:34:01 DBG] Cache hit for key: list:role {"SourceContext": "Infrastructure.Services.Caching.InMemoryCacheService", "ActionId": "66e454a9-0ff8-4ba5-85c6-8fbff9b4b537", "ActionName": "Api.Controllers.RolesController.List (Api)", "RequestId": "0HNFGVK4NGCSF", "RequestPath": "/api/roles", "Application": "Crud.Api"}
Activity.TraceId:            1ecb0eb76d55206234b4be4f3acebef1
Activity.SpanId:             58dcc96593e12db3
Activity.TraceFlags:         Recorded
Activity.ActivitySourceName: Microsoft.AspNetCore
Activity.DisplayName:        GET api/Roles
Activity.Kind:               Server
Activity.StartTime:          2025-09-11T06:34:01.8337181Z
Activity.Duration:           00:00:00.0003311
Activity.Tags:
    server.address: localhost
    http.request.method: GET
    url.scheme: http
    url.path: /api/roles
    network.protocol.version: 1.1
    http.route: api/Roles
    http.response.status_code: 200
Resource associated with Activity:
    deployment.environment: Testing
    service.name: Crud.Api
    service.version: 1.0.0
    service.instance.id: 10e2e254-224c-48e1-a2d2-8bbb5483cf26
    telemetry.sdk.name: opentelemetry
    telemetry.sdk.language: dotnet
    telemetry.sdk.version: 1.8.1
[06:34:01 INF] Resetting database for worker 9789 {"SourceContext": "Infrastructure.Services.DatabaseTestService", "Application": "Crud.Api"}
[06:34:01 INF] Resetting database via file deletion for worker 9789 in CI environment {"SourceContext": "Infrastructure.Services.DatabaseTestService", "Application": "Crud.Api"}
[06:34:01 INF] Acquiring database mutex for worker 9789... {"SourceContext": "Infrastructure.Services.DatabaseTestService", "Application": "Crud.Api"}
[06:34:01 INF] Database mutex acquired for worker 9789 {"SourceContext": "Infrastructure.Services.DatabaseTestService", "Application": "Crud.Api"}
[06:34:01 INF] Current database state - CanConnect: True {"SourceContext": "Infrastructure.Services.DatabaseTestService", "Application": "Crud.Api"}
[06:34:01 INF] [Phase 0] Closing database connection for worker 9789... {"SourceContext": "Infrastructure.Services.DatabaseTestService", "Application": "Crud.Api"}
[06:34:01 INF] [Phase 0] Connection closed in 0.0015ms {"SourceContext": "Infrastructure.Services.DatabaseTestService", "Application": "Crud.Api"}
[06:34:01 INF] [Phase 1] Starting EnsureDeletedAsync for worker 9789... {"SourceContext": "Infrastructure.Services.DatabaseTestService", "Application": "Crud.Api"}
[06:34:01 INF] [Phase 1] EnsureDeletedAsync completed in 1.6816ms {"SourceContext": "Infrastructure.Services.DatabaseTestService", "Application": "Crud.Api"}
[06:34:01 INF] [Phase 2] Starting EnsureCreatedAsync for worker 9789... {"SourceContext": "Infrastructure.Services.DatabaseTestService", "Application": "Crud.Api"}
[06:34:01 INF] [Phase 2] EnsureCreatedAsync completed in 7.8674ms {"SourceContext": "Infrastructure.Services.DatabaseTestService", "Application": "Crud.Api"}
[06:34:01 INF] [Phase 3] Skipping database seeding as requested for worker 9789 {"SourceContext": "Infrastructure.Services.DatabaseTestService", "Application": "Crud.Api"}
[06:34:01 INF] Database reset via file deletion completed for worker 9789 in 109.3488ms (Close: 0.0015ms, Delete: 1.6816ms, Create: 7.8674ms) {"SourceContext": "Infrastructure.Services.DatabaseTestService", "Application": "Crud.Api"}
[06:34:01 INF] Releasing database mutex for worker 9789 {"SourceContext": "Infrastructure.Services.DatabaseTestService", "Application": "Crud.Api"}
[06:34:01 INF] Resetting database for worker 9789 {"SourceContext": "Infrastructure.Services.DatabaseTestService", "Application": "Crud.Api"}
[06:34:01 INF] Resetting database via file deletion for worker 9789 in CI environment {"SourceContext": "Infrastructure.Services.DatabaseTestService", "Application": "Crud.Api"}
[06:34:01 INF] Acquiring database mutex for worker 9789... {"SourceContext": "Infrastructure.Services.DatabaseTestService", "Application": "Crud.Api"}
[06:34:01 INF] Database mutex acquired for worker 9789 {"SourceContext": "Infrastructure.Services.DatabaseTestService", "Application": "Crud.Api"}
[06:34:01 INF] Current database state - CanConnect: True {"SourceContext": "Infrastructure.Services.DatabaseTestService", "Application": "Crud.Api"}
[06:34:01 INF] [Phase 0] Closing database connection for worker 9789... {"SourceContext": "Infrastructure.Services.DatabaseTestService", "Application": "Crud.Api"}
[06:34:01 INF] [Phase 0] Connection closed in 0.0009ms {"SourceContext": "Infrastructure.Services.DatabaseTestService", "Application": "Crud.Api"}
[06:34:01 INF] [Phase 1] Starting EnsureDeletedAsync for worker 9789... {"SourceContext": "Infrastructure.Services.DatabaseTestService", "Application": "Crud.Api"}
[06:34:01 INF] [Phase 1] EnsureDeletedAsync completed in 1.0794ms {"SourceContext": "Infrastructure.Services.DatabaseTestService", "Application": "Crud.Api"}
[06:34:02 INF] [Phase 2] Starting EnsureCreatedAsync for worker 9789... {"SourceContext": "Infrastructure.Services.DatabaseTestService", "Application": "Crud.Api"}
[06:34:02 INF] [Phase 2] EnsureCreatedAsync completed in 7.9921ms {"SourceContext": "Infrastructure.Services.DatabaseTestService", "Application": "Crud.Api"}
[06:34:02 INF] [Phase 3] Skipping database seeding as requested for worker 9789 {"SourceContext": "Infrastructure.Services.DatabaseTestService", "Application": "Crud.Api"}
[06:34:02 INF] Database reset via file deletion completed for worker 9789 in 109.4057ms (Close: 0.0009ms, Delete: 1.0794ms, Create: 7.9921ms) {"SourceContext": "Infrastructure.Services.DatabaseTestService", "Application": "Crud.Api"}
[06:34:02 INF] Releasing database mutex for worker 9789 {"SourceContext": "Infrastructure.Services.DatabaseTestService", "Application": "Crud.Api"}
[06:34:02 INF] User registered successfully: 851d7c8d-5b70-4846-a98b-2a8c11cf369f {"SourceContext": "App.Features.Authentication.RegisterUserCommandHandler", "ActionId": "0c7a2530-60f4-4185-96e2-5e452d4ff600", "ActionName": "Api.Controllers.AuthController.Register (Api)", "RequestId": "0HNFGVK4NGCSG", "RequestPath": "/api/auth/register", "Application": "Crud.Api"}
Activity.TraceId:            be4c67d18970e482c0c5437a80063521
Activity.SpanId:             86fa1e0930f56189
Activity.TraceFlags:         Recorded
Activity.ActivitySourceName: Microsoft.AspNetCore
Activity.DisplayName:        POST api/Auth/register
Activity.Kind:               Server
Activity.StartTime:          2025-09-11T06:34:02.0656769Z
Activity.Duration:           00:00:00.2958355
Activity.Tags:
    server.address: localhost
    http.request.method: POST
    url.scheme: http
    url.path: /api/auth/register
    network.protocol.version: 1.1
    http.route: api/Auth/register
    http.response.status_code: 200
Resource associated with Activity:
    deployment.environment: Testing
    service.name: Crud.Api
    service.version: 1.0.0
    service.instance.id: 10e2e254-224c-48e1-a2d2-8bbb5483cf26
    telemetry.sdk.name: opentelemetry
    telemetry.sdk.language: dotnet
    telemetry.sdk.version: 1.8.1
[06:34:02 INF] User registered successfully: 9bb7e7a6-76dc-4853-9edb-545f9d93038f {"SourceContext": "App.Features.Authentication.RegisterUserCommandHandler", "ActionId": "0c7a2530-60f4-4185-96e2-5e452d4ff600", "ActionName": "Api.Controllers.AuthController.Register (Api)", "RequestId": "0HNFGVK4NGCSH", "RequestPath": "/api/auth/register", "Application": "Crud.Api"}
Activity.TraceId:            c9226a7d0555539c2a8660fe70e339a5
Activity.SpanId:             2e817e439a913e59
Activity.TraceFlags:         Recorded
Activity.ActivitySourceName: Microsoft.AspNetCore
Activity.DisplayName:        POST api/Auth/register
Activity.Kind:               Server
Activity.StartTime:          2025-09-11T06:34:02.3622367Z
Activity.Duration:           00:00:00.2961426
Activity.Tags:
    server.address: localhost
    http.request.method: POST
    url.scheme: http
    url.path: /api/auth/register
    network.protocol.version: 1.1
    http.route: api/Auth/register
    http.response.status_code: 200
Resource associated with Activity:
    deployment.environment: Testing
    service.name: Crud.Api
    service.version: 1.0.0
    service.instance.id: 10e2e254-224c-48e1-a2d2-8bbb5483cf26
    telemetry.sdk.name: opentelemetry
    telemetry.sdk.language: dotnet
    telemetry.sdk.version: 1.8.1
[06:34:02 INF] User logged in successfully: 9bb7e7a6-76dc-4853-9edb-545f9d93038f {"SourceContext": "App.Features.Authentication.LoginCommandHandler", "ActionId": "d9473663-9656-4eb8-af8a-79625b9161ff", "ActionName": "Api.Controllers.AuthController.Login (Api)", "RequestId": "0HNFGVK4NGCSI", "RequestPath": "/api/auth/login", "Application": "Crud.Api"}
Activity.TraceId:            1a1c3a045e5873a1f963fae51ba83336
Activity.SpanId:             c8b0181df202c36b
Activity.TraceFlags:         Recorded
Activity.ActivitySourceName: Microsoft.AspNetCore
Activity.DisplayName:        POST api/Auth/login
Activity.Kind:               Server
Activity.StartTime:          2025-09-11T06:34:02.6594615Z
Activity.Duration:           00:00:00.2982574
Activity.Tags:
    server.address: localhost
    http.request.method: POST
    url.scheme: http
    url.path: /api/auth/login
    network.protocol.version: 1.1
    http.route: api/Auth/login
    http.response.status_code: 200
Resource associated with Activity:
    deployment.environment: Testing
    service.name: Crud.Api
    service.version: 1.0.0
    service.instance.id: 10e2e254-224c-48e1-a2d2-8bbb5483cf26
    telemetry.sdk.name: opentelemetry
    telemetry.sdk.language: dotnet
    telemetry.sdk.version: 1.8.1
[06:34:02 DBG] Cache hit for key: list:person {"SourceContext": "Infrastructure.Services.Caching.InMemoryCacheService", "ActionId": "ee0fe6d5-67b1-443e-a2de-0ac04d63888c", "ActionName": "Api.Controllers.PeopleController.List (Api)", "RequestId": "0HNFGVK4NGCSJ", "RequestPath": "/api/people", "Application": "Crud.Api"}
Activity.TraceId:            9c82a5ef1c75ca31dcde378a258a9139
Activity.SpanId:             824ac4edbc9e74a1
Activity.TraceFlags:         Recorded
Activity.ActivitySourceName: Microsoft.AspNetCore
Activity.DisplayName:        GET api/People
Activity.Kind:               Server
Activity.StartTime:          2025-09-11T06:34:02.9580914Z
Activity.Duration:           00:00:00.0023755
Activity.Tags:
    server.address: localhost
    http.request.method: GET
    url.scheme: http
    url.path: /api/people
    network.protocol.version: 1.1
    http.route: api/People
    http.response.status_code: 200
Resource associated with Activity:
    deployment.environment: Testing
    service.name: Crud.Api
    service.version: 1.0.0
    service.instance.id: 10e2e254-224c-48e1-a2d2-8bbb5483cf26
    telemetry.sdk.name: opentelemetry
    telemetry.sdk.language: dotnet
    telemetry.sdk.version: 1.8.1
[06:34:02 DBG] Cache hit for key: list:person {"SourceContext": "Infrastructure.Services.Caching.InMemoryCacheService", "ActionId": "ee0fe6d5-67b1-443e-a2de-0ac04d63888c", "ActionName": "Api.Controllers.PeopleController.List (Api)", "RequestId": "0HNFGVK4NGCSK", "RequestPath": "/api/people", "Application": "Crud.Api"}
Activity.TraceId:            5bec16ccf1e3087a943a524eeae1138e
Activity.SpanId:             514c68fefb2cf5ff
Activity.TraceFlags:         Recorded
Activity.ActivitySourceName: Microsoft.AspNetCore
Activity.DisplayName:        GET api/People
Activity.Kind:               Server
Activity.StartTime:          2025-09-11T06:34:02.9605842Z
Activity.Duration:           00:00:00.0005027
Activity.Tags:
    server.address: localhost
    http.request.method: GET
    url.scheme: http
    url.path: /api/people
    network.protocol.version: 1.1
    http.route: api/People
    http.response.status_code: 200
Resource associated with Activity:
    deployment.environment: Testing
    service.name: Crud.Api
    service.version: 1.0.0
    service.instance.id: 10e2e254-224c-48e1-a2d2-8bbb5483cf26
    telemetry.sdk.name: opentelemetry
    telemetry.sdk.language: dotnet
    telemetry.sdk.version: 1.8.1
[06:34:02 DBG] Cache hit for key: list:person {"SourceContext": "Infrastructure.Services.Caching.InMemoryCacheService", "ActionId": "ee0fe6d5-67b1-443e-a2de-0ac04d63888c", "ActionName": "Api.Controllers.PeopleController.List (Api)", "RequestId": "0HNFGVK4NGCSL", "RequestPath": "/api/people", "Application": "Crud.Api"}
[06:34:02 DBG] Returning 304 Not Modified (ETag match) {"SourceContext": "Api.Middleware.ConditionalRequestMiddleware", "RequestId": "0HNFGVK4NGCSL", "RequestPath": "/api/people", "Application": "Crud.Api"}
Activity.TraceId:            2fb1b186bb497c51921652476429a6b8
Activity.SpanId:             75d16b4f40c1c948
Activity.TraceFlags:         Recorded
Activity.ActivitySourceName: Microsoft.AspNetCore
Activity.DisplayName:        GET api/People
Activity.Kind:               Server
Activity.StartTime:          2025-09-11T06:34:02.9623737Z
Activity.Duration:           00:00:00.0007105
Activity.Tags:
    server.address: localhost
    http.request.method: GET
    url.scheme: http
    url.path: /api/people
    network.protocol.version: 1.1
    http.route: api/People
    http.response.status_code: 304
Resource associated with Activity:
    deployment.environment: Testing
    service.name: Crud.Api
    service.version: 1.0.0
    service.instance.id: 10e2e254-224c-48e1-a2d2-8bbb5483cf26
    telemetry.sdk.name: opentelemetry
    telemetry.sdk.language: dotnet
    telemetry.sdk.version: 1.8.1
[06:34:02 DBG] Removed cache value for key: entity:person:185cd08037014ceaa943443067b10d90 {"SourceContext": "Infrastructure.Services.Caching.InMemoryCacheService", "ActionId": "5f6f8ccb-a825-4cd1-9307-3c3eae3d2b1b", "ActionName": "Api.Controllers.PeopleController.Create (Api)", "RequestId": "0HNFGVK4NGCSM", "RequestPath": "/api/people", "Application": "Crud.Api"}
[06:34:02 DBG] Removed cache value for key: list:person {"SourceContext": "Infrastructure.Services.Caching.InMemoryCacheService", "ActionId": "5f6f8ccb-a825-4cd1-9307-3c3eae3d2b1b", "ActionName": "Api.Controllers.PeopleController.Create (Api)", "RequestId": "0HNFGVK4NGCSM", "RequestPath": "/api/people", "Application": "Crud.Api"}
[06:34:02 DBG] Invalidating cache for entity type: people with tag: people {"SourceContext": "Api.Services.OutputCacheInvalidationService", "ActionId": "5f6f8ccb-a825-4cd1-9307-3c3eae3d2b1b", "ActionName": "Api.Controllers.PeopleController.Create (Api)", "RequestId": "0HNFGVK4NGCSM", "RequestPath": "/api/people", "Application": "Crud.Api"}
[06:34:02 INF] Successfully invalidated cache for entity type: people {"SourceContext": "Api.Services.OutputCacheInvalidationService", "ActionId": "5f6f8ccb-a825-4cd1-9307-3c3eae3d2b1b", "ActionName": "Api.Controllers.PeopleController.Create (Api)", "RequestId": "0HNFGVK4NGCSM", "RequestPath": "/api/people", "Application": "Crud.Api"}
Activity.TraceId:            f594da71d5938d674286d2e8f71dde33
Activity.SpanId:             a0d4aab79a388cea
Activity.TraceFlags:         Recorded
Activity.ActivitySourceName: Microsoft.AspNetCore
Activity.DisplayName:        POST api/People
Activity.Kind:               Server
Activity.StartTime:          2025-09-11T06:34:02.9632439Z
Activity.Duration:           00:00:00.0019225
Activity.Tags:
    server.address: localhost
    http.request.method: POST
    url.scheme: http
    url.path: /api/people
    network.protocol.version: 1.1
    http.route: api/People
    http.response.status_code: 201
Resource associated with Activity:
    deployment.environment: Testing
    service.name: Crud.Api
    service.version: 1.0.0
    service.instance.id: 10e2e254-224c-48e1-a2d2-8bbb5483cf26
    telemetry.sdk.name: opentelemetry
    telemetry.sdk.language: dotnet
    telemetry.sdk.version: 1.8.1
[06:34:02 DBG] Cache miss for key: list:person {"SourceContext": "Infrastructure.Services.Caching.InMemoryCacheService", "ActionId": "ee0fe6d5-67b1-443e-a2de-0ac04d63888c", "ActionName": "Api.Controllers.PeopleController.List (Api)", "RequestId": "0HNFGVK4NGCSN", "RequestPath": "/api/people", "Application": "Crud.Api"}
[06:34:02 DBG] Set cache value for key: list:person {"SourceContext": "Infrastructure.Services.Caching.InMemoryCacheService", "ActionId": "ee0fe6d5-67b1-443e-a2de-0ac04d63888c", "ActionName": "Api.Controllers.PeopleController.List (Api)", "RequestId": "0HNFGVK4NGCSN", "RequestPath": "/api/people", "Application": "Crud.Api"}
Activity.TraceId:            8d67d1daa40257020eca34db067c375c
Activity.SpanId:             9553d03ac03cb275
Activity.TraceFlags:         Recorded
Activity.ActivitySourceName: Microsoft.AspNetCore
Activity.DisplayName:        GET api/People
Activity.Kind:               Server
Activity.StartTime:          2025-09-11T06:34:02.9652518Z
Activity.Duration:           00:00:00.0009315
Activity.Tags:
    server.address: localhost
    http.request.method: GET
    url.scheme: http
    url.path: /api/people
    network.protocol.version: 1.1
    http.route: api/People
    http.response.status_code: 200
Resource associated with Activity:
    deployment.environment: Testing
    service.name: Crud.Api
    service.version: 1.0.0
    service.instance.id: 10e2e254-224c-48e1-a2d2-8bbb5483cf26
    telemetry.sdk.name: opentelemetry
    telemetry.sdk.language: dotnet
    telemetry.sdk.version: 1.8.1
[06:34:02 DBG] Cache hit for key: list:person {"SourceContext": "Infrastructure.Services.Caching.InMemoryCacheService", "ActionId": "ee0fe6d5-67b1-443e-a2de-0ac04d63888c", "ActionName": "Api.Controllers.PeopleController.List (Api)", "RequestId": "0HNFGVK4NGCSO", "RequestPath": "/api/people", "Application": "Crud.Api"}
Activity.TraceId:            9b8b3284148ac97933b068e1ca221555
Activity.SpanId:             ba5f50a8eaed6292
Activity.TraceFlags:         Recorded
Activity.ActivitySourceName: Microsoft.AspNetCore
Activity.DisplayName:        GET api/People
Activity.Kind:               Server
Activity.StartTime:          2025-09-11T06:34:02.9662964Z
Activity.Duration:           00:00:00.0002933
Activity.Tags:
    server.address: localhost
    http.request.method: GET
    url.scheme: http
    url.path: /api/people
    network.protocol.version: 1.1
    http.route: api/People
    http.response.status_code: 200
Resource associated with Activity:
    deployment.environment: Testing
    service.name: Crud.Api
    service.version: 1.0.0
    service.instance.id: 10e2e254-224c-48e1-a2d2-8bbb5483cf26
    telemetry.sdk.name: opentelemetry
    telemetry.sdk.language: dotnet
    telemetry.sdk.version: 1.8.1
[06:34:02 INF] Resetting database for worker 9789 {"SourceContext": "Infrastructure.Services.DatabaseTestService", "Application": "Crud.Api"}
[06:34:02 INF] Resetting database via file deletion for worker 9789 in CI environment {"SourceContext": "Infrastructure.Services.DatabaseTestService", "Application": "Crud.Api"}
[06:34:02 INF] Acquiring database mutex for worker 9789... {"SourceContext": "Infrastructure.Services.DatabaseTestService", "Application": "Crud.Api"}
[06:34:02 INF] Database mutex acquired for worker 9789 {"SourceContext": "Infrastructure.Services.DatabaseTestService", "Application": "Crud.Api"}
[06:34:02 INF] Current database state - CanConnect: True {"SourceContext": "Infrastructure.Services.DatabaseTestService", "Application": "Crud.Api"}
[06:34:02 INF] [Phase 0] Closing database connection for worker 9789... {"SourceContext": "Infrastructure.Services.DatabaseTestService", "Application": "Crud.Api"}
[06:34:02 INF] [Phase 0] Connection closed in 0.0005ms {"SourceContext": "Infrastructure.Services.DatabaseTestService", "Application": "Crud.Api"}
[06:34:02 INF] [Phase 1] Starting EnsureDeletedAsync for worker 9789... {"SourceContext": "Infrastructure.Services.DatabaseTestService", "Application": "Crud.Api"}
[06:34:02 INF] [Phase 1] EnsureDeletedAsync completed in 1.8109ms {"SourceContext": "Infrastructure.Services.DatabaseTestService", "Application": "Crud.Api"}
[06:34:03 INF] [Phase 2] Starting EnsureCreatedAsync for worker 9789... {"SourceContext": "Infrastructure.Services.DatabaseTestService", "Application": "Crud.Api"}
[06:34:03 INF] [Phase 2] EnsureCreatedAsync completed in 7.5847ms {"SourceContext": "Infrastructure.Services.DatabaseTestService", "Application": "Crud.Api"}
[06:34:03 INF] [Phase 3] Skipping database seeding as requested for worker 9789 {"SourceContext": "Infrastructure.Services.DatabaseTestService", "Application": "Crud.Api"}
[06:34:03 INF] Database reset via file deletion completed for worker 9789 in 109.9056ms (Close: 0.0005ms, Delete: 1.8109ms, Create: 7.5847ms) {"SourceContext": "Infrastructure.Services.DatabaseTestService", "Application": "Crud.Api"}
[06:34:03 INF] Releasing database mutex for worker 9789 {"SourceContext": "Infrastructure.Services.DatabaseTestService", "Application": "Crud.Api"}
[06:34:03 INF] Resetting database for worker 9789 {"SourceContext": "Infrastructure.Services.DatabaseTestService", "Application": "Crud.Api"}
[06:34:03 INF] Resetting database via file deletion for worker 9789 in CI environment {"SourceContext": "Infrastructure.Services.DatabaseTestService", "Application": "Crud.Api"}
[06:34:03 INF] Acquiring database mutex for worker 9789... {"SourceContext": "Infrastructure.Services.DatabaseTestService", "Application": "Crud.Api"}
[06:34:03 INF] Database mutex acquired for worker 9789 {"SourceContext": "Infrastructure.Services.DatabaseTestService", "Application": "Crud.Api"}
[06:34:03 INF] Current database state - CanConnect: True {"SourceContext": "Infrastructure.Services.DatabaseTestService", "Application": "Crud.Api"}
[06:34:03 INF] [Phase 0] Closing database connection for worker 9789... {"SourceContext": "Infrastructure.Services.DatabaseTestService", "Application": "Crud.Api"}
[06:34:03 INF] [Phase 0] Connection closed in 0.0007ms {"SourceContext": "Infrastructure.Services.DatabaseTestService", "Application": "Crud.Api"}
[06:34:03 INF] [Phase 1] Starting EnsureDeletedAsync for worker 9789... {"SourceContext": "Infrastructure.Services.DatabaseTestService", "Application": "Crud.Api"}
[06:34:03 INF] [Phase 1] EnsureDeletedAsync completed in 2.0444ms {"SourceContext": "Infrastructure.Services.DatabaseTestService", "Application": "Crud.Api"}
[06:34:03 INF] [Phase 2] Starting EnsureCreatedAsync for worker 9789... {"SourceContext": "Infrastructure.Services.DatabaseTestService", "Application": "Crud.Api"}
[06:34:03 INF] [Phase 2] EnsureCreatedAsync completed in 7.2599ms {"SourceContext": "Infrastructure.Services.DatabaseTestService", "Application": "Crud.Api"}
[06:34:03 INF] [Phase 3] Skipping database seeding as requested for worker 9789 {"SourceContext": "Infrastructure.Services.DatabaseTestService", "Application": "Crud.Api"}
[06:34:03 INF] Database reset via file deletion completed for worker 9789 in 109.4835ms (Close: 0.0007ms, Delete: 2.0444ms, Create: 7.2599ms) {"SourceContext": "Infrastructure.Services.DatabaseTestService", "Application": "Crud.Api"}
[06:34:03 INF] Releasing database mutex for worker 9789 {"SourceContext": "Infrastructure.Services.DatabaseTestService", "Application": "Crud.Api"}
[06:34:03 INF] User registered successfully: f66b19ff-cb11-442e-b9d9-f24812a3cfe3 {"SourceContext": "App.Features.Authentication.RegisterUserCommandHandler", "ActionId": "0c7a2530-60f4-4185-96e2-5e452d4ff600", "ActionName": "Api.Controllers.AuthController.Register (Api)", "RequestId": "0HNFGVK4NGCSP", "RequestPath": "/api/auth/register", "Application": "Crud.Api"}
Activity.TraceId:            652875432c8aecfdee21ddd9af17a474
Activity.SpanId:             4f2a485f104abe5b
Activity.TraceFlags:         Recorded
Activity.ActivitySourceName: Microsoft.AspNetCore
Activity.DisplayName:        POST api/Auth/register
Activity.Kind:               Server
Activity.StartTime:          2025-09-11T06:34:03.1906443Z
Activity.Duration:           00:00:00.2970489
Activity.Tags:
    server.address: localhost
    http.request.method: POST
    url.scheme: http
    url.path: /api/auth/register
    network.protocol.version: 1.1
    http.route: api/Auth/register
    http.response.status_code: 200
Resource associated with Activity:
    deployment.environment: Testing
    service.name: Crud.Api
    service.version: 1.0.0
    service.instance.id: 10e2e254-224c-48e1-a2d2-8bbb5483cf26
    telemetry.sdk.name: opentelemetry
    telemetry.sdk.language: dotnet
    telemetry.sdk.version: 1.8.1
[06:34:03 DBG] Cache hit for key: list:wall {"SourceContext": "Infrastructure.Services.Caching.InMemoryCacheService", "ActionId": "1aeb0c28-ff67-4205-8bac-4d5695ef0781", "ActionName": "Api.Controllers.WallsController.List (Api)", "RequestId": "0HNFGVK4NGCSQ", "RequestPath": "/api/walls", "Application": "Crud.Api"}
Activity.TraceId:            c836dd3c626b67b05103795c26da937f
Activity.SpanId:             b22723e3d00ae891
Activity.TraceFlags:         Recorded
Activity.ActivitySourceName: Microsoft.AspNetCore
Activity.DisplayName:        GET api/Walls
Activity.Kind:               Server
Activity.StartTime:          2025-09-11T06:34:03.4885375Z
Activity.Duration:           00:00:00.0023024
Activity.Tags:
    server.address: localhost
    http.request.method: GET
    url.scheme: http
    url.path: /api/walls
    network.protocol.version: 1.1
    http.route: api/Walls
    http.response.status_code: 200
Resource associated with Activity:
    deployment.environment: Testing
    service.name: Crud.Api
    service.version: 1.0.0
    service.instance.id: 10e2e254-224c-48e1-a2d2-8bbb5483cf26
    telemetry.sdk.name: opentelemetry
    telemetry.sdk.language: dotnet
    telemetry.sdk.version: 1.8.1
[06:34:03 INF] Resetting database for worker 9789 {"SourceContext": "Infrastructure.Services.DatabaseTestService", "Application": "Crud.Api"}
[06:34:03 INF] Resetting database via file deletion for worker 9789 in CI environment {"SourceContext": "Infrastructure.Services.DatabaseTestService", "Application": "Crud.Api"}
[06:34:03 INF] Acquiring database mutex for worker 9789... {"SourceContext": "Infrastructure.Services.DatabaseTestService", "Application": "Crud.Api"}
[06:34:03 INF] Database mutex acquired for worker 9789 {"SourceContext": "Infrastructure.Services.DatabaseTestService", "Application": "Crud.Api"}
[06:34:03 INF] Current database state - CanConnect: True {"SourceContext": "Infrastructure.Services.DatabaseTestService", "Application": "Crud.Api"}
[06:34:03 INF] [Phase 0] Closing database connection for worker 9789... {"SourceContext": "Infrastructure.Services.DatabaseTestService", "Application": "Crud.Api"}
[06:34:03 INF] [Phase 0] Connection closed in 0.0009ms {"SourceContext": "Infrastructure.Services.DatabaseTestService", "Application": "Crud.Api"}
[06:34:03 INF] [Phase 1] Starting EnsureDeletedAsync for worker 9789... {"SourceContext": "Infrastructure.Services.DatabaseTestService", "Application": "Crud.Api"}
[06:34:03 INF] [Phase 1] EnsureDeletedAsync completed in 1.2579ms {"SourceContext": "Infrastructure.Services.DatabaseTestService", "Application": "Crud.Api"}
[06:34:03 INF] [Phase 2] Starting EnsureCreatedAsync for worker 9789... {"SourceContext": "Infrastructure.Services.DatabaseTestService", "Application": "Crud.Api"}
[06:34:03 INF] [Phase 2] EnsureCreatedAsync completed in 9.4265ms {"SourceContext": "Infrastructure.Services.DatabaseTestService", "Application": "Crud.Api"}
[06:34:03 INF] [Phase 3] Skipping database seeding as requested for worker 9789 {"SourceContext": "Infrastructure.Services.DatabaseTestService", "Application": "Crud.Api"}
[06:34:03 INF] Database reset via file deletion completed for worker 9789 in 113.6138ms (Close: 0.0009ms, Delete: 1.2579ms, Create: 9.4265ms) {"SourceContext": "Infrastructure.Services.DatabaseTestService", "Application": "Crud.Api"}
[06:34:03 INF] Releasing database mutex for worker 9789 {"SourceContext": "Infrastructure.Services.DatabaseTestService", "Application": "Crud.Api"}
[06:34:03 INF] Resetting database for worker 9789 {"SourceContext": "Infrastructure.Services.DatabaseTestService", "Application": "Crud.Api"}
[06:34:03 INF] Resetting database via file deletion for worker 9789 in CI environment {"SourceContext": "Infrastructure.Services.DatabaseTestService", "Application": "Crud.Api"}
[06:34:03 INF] Acquiring database mutex for worker 9789... {"SourceContext": "Infrastructure.Services.DatabaseTestService", "Application": "Crud.Api"}
[06:34:03 INF] Database mutex acquired for worker 9789 {"SourceContext": "Infrastructure.Services.DatabaseTestService", "Application": "Crud.Api"}
[06:34:03 INF] Current database state - CanConnect: True {"SourceContext": "Infrastructure.Services.DatabaseTestService", "Application": "Crud.Api"}
[06:34:03 INF] [Phase 0] Closing database connection for worker 9789... {"SourceContext": "Infrastructure.Services.DatabaseTestService", "Application": "Crud.Api"}
[06:34:03 INF] [Phase 0] Connection closed in 0.0009ms {"SourceContext": "Infrastructure.Services.DatabaseTestService", "Application": "Crud.Api"}
[06:34:03 INF] [Phase 1] Starting EnsureDeletedAsync for worker 9789... {"SourceContext": "Infrastructure.Services.DatabaseTestService", "Application": "Crud.Api"}
[06:34:03 INF] [Phase 1] EnsureDeletedAsync completed in 1.261ms {"SourceContext": "Infrastructure.Services.DatabaseTestService", "Application": "Crud.Api"}
[06:34:03 INF] [Phase 2] Starting EnsureCreatedAsync for worker 9789... {"SourceContext": "Infrastructure.Services.DatabaseTestService", "Application": "Crud.Api"}
[06:34:03 INF] [Phase 2] EnsureCreatedAsync completed in 7.8601ms {"SourceContext": "Infrastructure.Services.DatabaseTestService", "Application": "Crud.Api"}
[06:34:03 INF] [Phase 3] Skipping database seeding as requested for worker 9789 {"SourceContext": "Infrastructure.Services.DatabaseTestService", "Application": "Crud.Api"}
[06:34:03 INF] Database reset via file deletion completed for worker 9789 in 110.9866ms (Close: 0.0009ms, Delete: 1.261ms, Create: 7.8601ms) {"SourceContext": "Infrastructure.Services.DatabaseTestService", "Application": "Crud.Api"}
[06:34:03 INF] Releasing database mutex for worker 9789 {"SourceContext": "Infrastructure.Services.DatabaseTestService", "Application": "Crud.Api"}
[06:34:04 INF] User registered successfully: 8e88a495-5388-4179-9667-514e2c8b2f62 {"SourceContext": "App.Features.Authentication.RegisterUserCommandHandler", "ActionId": "0c7a2530-60f4-4185-96e2-5e452d4ff600", "ActionName": "Api.Controllers.AuthController.Register (Api)", "RequestId": "0HNFGVK4NGCSR", "RequestPath": "/api/auth/register", "Application": "Crud.Api"}
Activity.TraceId:            360a05ca51e52c9a7cb727cedfd15eb3
Activity.SpanId:             5baf98714d464d67
Activity.TraceFlags:         Recorded
Activity.ActivitySourceName: Microsoft.AspNetCore
Activity.DisplayName:        POST api/Auth/register
Activity.Kind:               Server
Activity.StartTime:          2025-09-11T06:34:03.7200839Z
Activity.Duration:           00:00:00.2960241
Activity.Tags:
    server.address: localhost
    http.request.method: POST
    url.scheme: http
    url.path: /api/auth/register
    network.protocol.version: 1.1
    http.route: api/Auth/register
    http.response.status_code: 200
Resource associated with Activity:
    deployment.environment: Testing
    service.name: Crud.Api
    service.version: 1.0.0
    service.instance.id: 10e2e254-224c-48e1-a2d2-8bbb5483cf26
    telemetry.sdk.name: opentelemetry
    telemetry.sdk.language: dotnet
    telemetry.sdk.version: 1.8.1
[06:34:04 DBG] Cache hit for key: list:role {"SourceContext": "Infrastructure.Services.Caching.InMemoryCacheService", "ActionId": "66e454a9-0ff8-4ba5-85c6-8fbff9b4b537", "ActionName": "Api.Controllers.RolesController.List (Api)", "RequestId": "0HNFGVK4NGCSS", "RequestPath": "/api/roles", "Application": "Crud.Api"}
Activity.TraceId:            cdf67eaa6e22f97eb888339b336e7629
Activity.SpanId:             ef6d695cf8626267
Activity.TraceFlags:         Recorded
Activity.ActivitySourceName: Microsoft.AspNetCore
Activity.DisplayName:        GET api/Roles
Activity.Kind:               Server
Activity.StartTime:          2025-09-11T06:34:04.0162915Z
Activity.Duration:           00:00:00.0005543
Activity.Tags:
    server.address: localhost
    http.request.method: GET
    url.scheme: http
    url.path: /api/roles
    network.protocol.version: 1.1
    http.route: api/Roles
    http.response.status_code: 200
Resource associated with Activity:
    deployment.environment: Testing
    service.name: Crud.Api
    service.version: 1.0.0
    service.instance.id: 10e2e254-224c-48e1-a2d2-8bbb5483cf26
    telemetry.sdk.name: opentelemetry
    telemetry.sdk.language: dotnet
    telemetry.sdk.version: 1.8.1
[06:34:04 INF] Resetting database for worker 9789 {"SourceContext": "Infrastructure.Services.DatabaseTestService", "Application": "Crud.Api"}
[06:34:04 INF] Resetting database via file deletion for worker 9789 in CI environment {"SourceContext": "Infrastructure.Services.DatabaseTestService", "Application": "Crud.Api"}
[06:34:04 INF] Acquiring database mutex for worker 9789... {"SourceContext": "Infrastructure.Services.DatabaseTestService", "Application": "Crud.Api"}
[06:34:04 INF] Database mutex acquired for worker 9789 {"SourceContext": "Infrastructure.Services.DatabaseTestService", "Application": "Crud.Api"}
[06:34:04 INF] Current database state - CanConnect: True {"SourceContext": "Infrastructure.Services.DatabaseTestService", "Application": "Crud.Api"}
[06:34:04 INF] [Phase 0] Closing database connection for worker 9789... {"SourceContext": "Infrastructure.Services.DatabaseTestService", "Application": "Crud.Api"}
[06:34:04 INF] [Phase 0] Connection closed in 0.0006ms {"SourceContext": "Infrastructure.Services.DatabaseTestService", "Application": "Crud.Api"}
[06:34:04 INF] [Phase 1] Starting EnsureDeletedAsync for worker 9789... {"SourceContext": "Infrastructure.Services.DatabaseTestService", "Application": "Crud.Api"}
[06:34:04 INF] [Phase 1] EnsureDeletedAsync completed in 1.3328ms {"SourceContext": "Infrastructure.Services.DatabaseTestService", "Application": "Crud.Api"}
[06:34:04 INF] [Phase 2] Starting EnsureCreatedAsync for worker 9789... {"SourceContext": "Infrastructure.Services.DatabaseTestService", "Application": "Crud.Api"}
[06:34:04 INF] [Phase 2] EnsureCreatedAsync completed in 7.4022ms {"SourceContext": "Infrastructure.Services.DatabaseTestService", "Application": "Crud.Api"}
[06:34:04 INF] [Phase 3] Skipping database seeding as requested for worker 9789 {"SourceContext": "Infrastructure.Services.DatabaseTestService", "Application": "Crud.Api"}
[06:34:04 INF] Database reset via file deletion completed for worker 9789 in 108.3229ms (Close: 0.0006ms, Delete: 1.3328ms, Create: 7.4022ms) {"SourceContext": "Infrastructure.Services.DatabaseTestService", "Application": "Crud.Api"}
[06:34:04 INF] Releasing database mutex for worker 9789 {"SourceContext": "Infrastructure.Services.DatabaseTestService", "Application": "Crud.Api"}
[06:34:04 INF] Resetting database for worker 9789 {"SourceContext": "Infrastructure.Services.DatabaseTestService", "Application": "Crud.Api"}
[06:34:04 INF] Resetting database via file deletion for worker 9789 in CI environment {"SourceContext": "Infrastructure.Services.DatabaseTestService", "Application": "Crud.Api"}
[06:34:04 INF] Acquiring database mutex for worker 9789... {"SourceContext": "Infrastructure.Services.DatabaseTestService", "Application": "Crud.Api"}
[06:34:04 INF] Database mutex acquired for worker 9789 {"SourceContext": "Infrastructure.Services.DatabaseTestService", "Application": "Crud.Api"}
[06:34:04 INF] Current database state - CanConnect: True {"SourceContext": "Infrastructure.Services.DatabaseTestService", "Application": "Crud.Api"}
[06:34:04 INF] [Phase 0] Closing database connection for worker 9789... {"SourceContext": "Infrastructure.Services.DatabaseTestService", "Application": "Crud.Api"}
[06:34:04 INF] [Phase 0] Connection closed in 0.0006ms {"SourceContext": "Infrastructure.Services.DatabaseTestService", "Application": "Crud.Api"}
[06:34:04 INF] [Phase 1] Starting EnsureDeletedAsync for worker 9789... {"SourceContext": "Infrastructure.Services.DatabaseTestService", "Application": "Crud.Api"}
[06:34:04 INF] [Phase 1] EnsureDeletedAsync completed in 1.2491ms {"SourceContext": "Infrastructure.Services.DatabaseTestService", "Application": "Crud.Api"}
[06:34:04 INF] [Phase 2] Starting EnsureCreatedAsync for worker 9789... {"SourceContext": "Infrastructure.Services.DatabaseTestService", "Application": "Crud.Api"}
[06:34:04 INF] [Phase 2] EnsureCreatedAsync completed in 8.3397ms {"SourceContext": "Infrastructure.Services.DatabaseTestService", "Application": "Crud.Api"}
[06:34:04 INF] [Phase 3] Skipping database seeding as requested for worker 9789 {"SourceContext": "Infrastructure.Services.DatabaseTestService", "Application": "Crud.Api"}
[06:34:04 INF] Database reset via file deletion completed for worker 9789 in 110.6766ms (Close: 0.0006ms, Delete: 1.2491ms, Create: 8.3397ms) {"SourceContext": "Infrastructure.Services.DatabaseTestService", "Application": "Crud.Api"}
[06:34:04 INF] Releasing database mutex for worker 9789 {"SourceContext": "Infrastructure.Services.DatabaseTestService", "Application": "Crud.Api"}
[06:34:04 INF] User registered successfully: c7544fb6-ae6e-4ae4-87e1-e9eae7d171df {"SourceContext": "App.Features.Authentication.RegisterUserCommandHandler", "ActionId": "0c7a2530-60f4-4185-96e2-5e452d4ff600", "ActionName": "Api.Controllers.AuthController.Register (Api)", "RequestId": "0HNFGVK4NGCST", "RequestPath": "/api/auth/register", "Application": "Crud.Api"}
Activity.TraceId:            1a20e469a5125b6bd6dd95ddde1116f4
Activity.SpanId:             91909524e70e204d
Activity.TraceFlags:         Recorded
Activity.ActivitySourceName: Microsoft.AspNetCore
Activity.DisplayName:        POST api/Auth/register
Activity.Kind:               Server
Activity.StartTime:          2025-09-11T06:34:04.2390012Z
Activity.Duration:           00:00:00.2984270
Activity.Tags:
    server.address: localhost
    http.request.method: POST
    url.scheme: http
    url.path: /api/auth/register
    network.protocol.version: 1.1
    http.route: api/Auth/register
    http.response.status_code: 200
Resource associated with Activity:
    deployment.environment: Testing
    service.name: Crud.Api
    service.version: 1.0.0
    service.instance.id: 10e2e254-224c-48e1-a2d2-8bbb5483cf26
    telemetry.sdk.name: opentelemetry
    telemetry.sdk.language: dotnet
    telemetry.sdk.version: 1.8.1
[06:34:04 DBG] Cache miss for key: list:window {"SourceContext": "Infrastructure.Services.Caching.InMemoryCacheService", "ActionId": "6acefe41-aa3d-41e4-b349-ee1209289958", "ActionName": "Api.Controllers.WindowsController.List (Api)", "RequestId": "0HNFGVK4NGCSU", "RequestPath": "/api/windows", "Application": "Crud.Api"}
[06:34:04 DBG] Set cache value for key: list:window {"SourceContext": "Infrastructure.Services.Caching.InMemoryCacheService", "ActionId": "6acefe41-aa3d-41e4-b349-ee1209289958", "ActionName": "Api.Controllers.WindowsController.List (Api)", "RequestId": "0HNFGVK4NGCSU", "RequestPath": "/api/windows", "Application": "Crud.Api"}
Activity.TraceId:            3ed99cbed29b57de78003712fe944008
Activity.SpanId:             daf68da122cf8730
Activity.TraceFlags:         Recorded
Activity.ActivitySourceName: Microsoft.AspNetCore
Activity.DisplayName:        GET api/Windows
Activity.Kind:               Server
Activity.StartTime:          2025-09-11T06:34:04.5376713Z
Activity.Duration:           00:00:00.0111270
Activity.Tags:
    server.address: localhost
    http.request.method: GET
    url.scheme: http
    url.path: /api/windows
    network.protocol.version: 1.1
    http.route: api/Windows
    http.response.status_code: 200
Resource associated with Activity:
    deployment.environment: Testing
    service.name: Crud.Api
    service.version: 1.0.0
    service.instance.id: 10e2e254-224c-48e1-a2d2-8bbb5483cf26
    telemetry.sdk.name: opentelemetry
    telemetry.sdk.language: dotnet
    telemetry.sdk.version: 1.8.1
[06:34:04 INF] Resetting database for worker 9789 {"SourceContext": "Infrastructure.Services.DatabaseTestService", "Application": "Crud.Api"}
[06:34:04 INF] Resetting database via file deletion for worker 9789 in CI environment {"SourceContext": "Infrastructure.Services.DatabaseTestService", "Application": "Crud.Api"}
[06:34:04 INF] Acquiring database mutex for worker 9789... {"SourceContext": "Infrastructure.Services.DatabaseTestService", "Application": "Crud.Api"}
[06:34:04 INF] Database mutex acquired for worker 9789 {"SourceContext": "Infrastructure.Services.DatabaseTestService", "Application": "Crud.Api"}
[06:34:04 INF] Current database state - CanConnect: True {"SourceContext": "Infrastructure.Services.DatabaseTestService", "Application": "Crud.Api"}
[06:34:04 INF] [Phase 0] Closing database connection for worker 9789... {"SourceContext": "Infrastructure.Services.DatabaseTestService", "Application": "Crud.Api"}
[06:34:04 INF] [Phase 0] Connection closed in 0.0008ms {"SourceContext": "Infrastructure.Services.DatabaseTestService", "Application": "Crud.Api"}
[06:34:04 INF] [Phase 1] Starting EnsureDeletedAsync for worker 9789... {"SourceContext": "Infrastructure.Services.DatabaseTestService", "Application": "Crud.Api"}
[06:34:04 INF] [Phase 1] EnsureDeletedAsync completed in 1.5576ms {"SourceContext": "Infrastructure.Services.DatabaseTestService", "Application": "Crud.Api"}
[06:34:04 INF] [Phase 2] Starting EnsureCreatedAsync for worker 9789... {"SourceContext": "Infrastructure.Services.DatabaseTestService", "Application": "Crud.Api"}
[06:34:04 INF] [Phase 2] EnsureCreatedAsync completed in 8.0893ms {"SourceContext": "Infrastructure.Services.DatabaseTestService", "Application": "Crud.Api"}
[06:34:04 INF] [Phase 3] Skipping database seeding as requested for worker 9789 {"SourceContext": "Infrastructure.Services.DatabaseTestService", "Application": "Crud.Api"}
[06:34:04 INF] Database reset via file deletion completed for worker 9789 in 109.7369ms (Close: 0.0008ms, Delete: 1.5576ms, Create: 8.0893ms) {"SourceContext": "Infrastructure.Services.DatabaseTestService", "Application": "Crud.Api"}
[06:34:04 INF] Releasing database mutex for worker 9789 {"SourceContext": "Infrastructure.Services.DatabaseTestService", "Application": "Crud.Api"}
[06:34:04 INF] Resetting database for worker 9789 {"SourceContext": "Infrastructure.Services.DatabaseTestService", "Application": "Crud.Api"}
[06:34:04 INF] Resetting database via file deletion for worker 9789 in CI environment {"SourceContext": "Infrastructure.Services.DatabaseTestService", "Application": "Crud.Api"}
[06:34:04 INF] Acquiring database mutex for worker 9789... {"SourceContext": "Infrastructure.Services.DatabaseTestService", "Application": "Crud.Api"}
[06:34:04 INF] Database mutex acquired for worker 9789 {"SourceContext": "Infrastructure.Services.DatabaseTestService", "Application": "Crud.Api"}
[06:34:04 INF] Current database state - CanConnect: True {"SourceContext": "Infrastructure.Services.DatabaseTestService", "Application": "Crud.Api"}
[06:34:04 INF] [Phase 0] Closing database connection for worker 9789... {"SourceContext": "Infrastructure.Services.DatabaseTestService", "Application": "Crud.Api"}
[06:34:04 INF] [Phase 0] Connection closed in 0.0007ms {"SourceContext": "Infrastructure.Services.DatabaseTestService", "Application": "Crud.Api"}
[06:34:04 INF] [Phase 1] Starting EnsureDeletedAsync for worker 9789... {"SourceContext": "Infrastructure.Services.DatabaseTestService", "Application": "Crud.Api"}
[06:34:04 INF] [Phase 1] EnsureDeletedAsync completed in 1.2144ms {"SourceContext": "Infrastructure.Services.DatabaseTestService", "Application": "Crud.Api"}
[06:34:04 INF] [Phase 2] Starting EnsureCreatedAsync for worker 9789... {"SourceContext": "Infrastructure.Services.DatabaseTestService", "Application": "Crud.Api"}
[06:34:04 INF] [Phase 2] EnsureCreatedAsync completed in 17.0229ms {"SourceContext": "Infrastructure.Services.DatabaseTestService", "Application": "Crud.Api"}
[06:34:04 INF] [Phase 3] Skipping database seeding as requested for worker 9789 {"SourceContext": "Infrastructure.Services.DatabaseTestService", "Application": "Crud.Api"}
[06:34:04 INF] Database reset via file deletion completed for worker 9789 in 119.037ms (Close: 0.0007ms, Delete: 1.2144ms, Create: 17.0229ms) {"SourceContext": "Infrastructure.Services.DatabaseTestService", "Application": "Crud.Api"}
[06:34:04 INF] Releasing database mutex for worker 9789 {"SourceContext": "Infrastructure.Services.DatabaseTestService", "Application": "Crud.Api"}
[06:34:05 INF] User registered successfully: eaf74fa2-dc1c-4454-aaf0-5d2ededad9af {"SourceContext": "App.Features.Authentication.RegisterUserCommandHandler", "ActionId": "0c7a2530-60f4-4185-96e2-5e452d4ff600", "ActionName": "Api.Controllers.AuthController.Register (Api)", "RequestId": "0HNFGVK4NGCSV", "RequestPath": "/api/auth/register", "Application": "Crud.Api"}
Activity.TraceId:            0c64ac20541c294ae5c31ccb2565f706
Activity.SpanId:             e4626c67d7bffdf6
Activity.TraceFlags:         Recorded
Activity.ActivitySourceName: Microsoft.AspNetCore
Activity.DisplayName:        POST api/Auth/register
Activity.Kind:               Server
Activity.StartTime:          2025-09-11T06:34:04.7804352Z
Activity.Duration:           00:00:00.2966534
Activity.Tags:
    server.address: localhost
    http.request.method: POST
    url.scheme: http
    url.path: /api/auth/register
    network.protocol.version: 1.1
    http.route: api/Auth/register
    http.response.status_code: 200
Resource associated with Activity:
    deployment.environment: Testing
    service.name: Crud.Api
    service.version: 1.0.0
    service.instance.id: 10e2e254-224c-48e1-a2d2-8bbb5483cf26
    telemetry.sdk.name: opentelemetry
    telemetry.sdk.language: dotnet
    telemetry.sdk.version: 1.8.1
[06:34:05 DBG] Cache hit for key: list:person {"SourceContext": "Infrastructure.Services.Caching.InMemoryCacheService", "ActionId": "ee0fe6d5-67b1-443e-a2de-0ac04d63888c", "ActionName": "Api.Controllers.PeopleController.List (Api)", "RequestId": "0HNFGVK4NGCT0", "RequestPath": "/api/people", "Application": "Crud.Api"}
Activity.TraceId:            f760d7046ab4e74f80da49ff68599b46
Activity.SpanId:             d833fbdbe0653284
Activity.TraceFlags:         Recorded
Activity.ActivitySourceName: Microsoft.AspNetCore
Activity.DisplayName:        GET api/People
Activity.Kind:               Server
Activity.StartTime:          2025-09-11T06:34:05.0772816Z
Activity.Duration:           00:00:00.0005553
Activity.Tags:
    server.address: localhost
    http.request.method: GET
    url.scheme: http
    url.path: /api/people
    network.protocol.version: 1.1
    http.route: api/People
    http.response.status_code: 200
Resource associated with Activity:
    deployment.environment: Testing
    service.name: Crud.Api
    service.version: 1.0.0
    service.instance.id: 10e2e254-224c-48e1-a2d2-8bbb5483cf26
    telemetry.sdk.name: opentelemetry
    telemetry.sdk.language: dotnet
    telemetry.sdk.version: 1.8.1
[06:34:05 INF] Resetting database for worker 9789 {"SourceContext": "Infrastructure.Services.DatabaseTestService", "Application": "Crud.Api"}
[06:34:05 INF] Resetting database via file deletion for worker 9789 in CI environment {"SourceContext": "Infrastructure.Services.DatabaseTestService", "Application": "Crud.Api"}
[06:34:05 INF] Acquiring database mutex for worker 9789... {"SourceContext": "Infrastructure.Services.DatabaseTestService", "Application": "Crud.Api"}
[06:34:05 INF] Database mutex acquired for worker 9789 {"SourceContext": "Infrastructure.Services.DatabaseTestService", "Application": "Crud.Api"}
[06:34:05 INF] Current database state - CanConnect: True {"SourceContext": "Infrastructure.Services.DatabaseTestService", "Application": "Crud.Api"}
[06:34:05 INF] [Phase 0] Closing database connection for worker 9789... {"SourceContext": "Infrastructure.Services.DatabaseTestService", "Application": "Crud.Api"}
[06:34:05 INF] [Phase 0] Connection closed in 0.0006ms {"SourceContext": "Infrastructure.Services.DatabaseTestService", "Application": "Crud.Api"}
[06:34:05 INF] [Phase 1] Starting EnsureDeletedAsync for worker 9789... {"SourceContext": "Infrastructure.Services.DatabaseTestService", "Application": "Crud.Api"}
[06:34:05 INF] [Phase 1] EnsureDeletedAsync completed in 1.1781ms {"SourceContext": "Infrastructure.Services.DatabaseTestService", "Application": "Crud.Api"}
[06:34:05 INF] [Phase 2] Starting EnsureCreatedAsync for worker 9789... {"SourceContext": "Infrastructure.Services.DatabaseTestService", "Application": "Crud.Api"}
[06:34:05 INF] [Phase 2] EnsureCreatedAsync completed in 7.8061ms {"SourceContext": "Infrastructure.Services.DatabaseTestService", "Application": "Crud.Api"}
[06:34:05 INF] [Phase 3] Skipping database seeding as requested for worker 9789 {"SourceContext": "Infrastructure.Services.DatabaseTestService", "Application": "Crud.Api"}
[06:34:05 INF] Database reset via file deletion completed for worker 9789 in 109.6287ms (Close: 0.0006ms, Delete: 1.1781ms, Create: 7.8061ms) {"SourceContext": "Infrastructure.Services.DatabaseTestService", "Application": "Crud.Api"}
[06:34:05 INF] Releasing database mutex for worker 9789 {"SourceContext": "Infrastructure.Services.DatabaseTestService", "Application": "Crud.Api"}
[06:34:05 INF] Resetting database for worker 9789 {"SourceContext": "Infrastructure.Services.DatabaseTestService", "Application": "Crud.Api"}
[06:34:05 INF] Resetting database via file deletion for worker 9789 in CI environment {"SourceContext": "Infrastructure.Services.DatabaseTestService", "Application": "Crud.Api"}
[06:34:05 INF] Acquiring database mutex for worker 9789... {"SourceContext": "Infrastructure.Services.DatabaseTestService", "Application": "Crud.Api"}
[06:34:05 INF] Database mutex acquired for worker 9789 {"SourceContext": "Infrastructure.Services.DatabaseTestService", "Application": "Crud.Api"}
[06:34:05 INF] Current database state - CanConnect: True {"SourceContext": "Infrastructure.Services.DatabaseTestService", "Application": "Crud.Api"}
[06:34:05 INF] [Phase 0] Closing database connection for worker 9789... {"SourceContext": "Infrastructure.Services.DatabaseTestService", "Application": "Crud.Api"}
[06:34:05 INF] [Phase 0] Connection closed in 0.0005ms {"SourceContext": "Infrastructure.Services.DatabaseTestService", "Application": "Crud.Api"}
[06:34:05 INF] [Phase 1] Starting EnsureDeletedAsync for worker 9789... {"SourceContext": "Infrastructure.Services.DatabaseTestService", "Application": "Crud.Api"}
[06:34:05 INF] [Phase 1] EnsureDeletedAsync completed in 1.2212ms {"SourceContext": "Infrastructure.Services.DatabaseTestService", "Application": "Crud.Api"}
[06:34:05 INF] [Phase 2] Starting EnsureCreatedAsync for worker 9789... {"SourceContext": "Infrastructure.Services.DatabaseTestService", "Application": "Crud.Api"}
[06:34:05 INF] [Phase 2] EnsureCreatedAsync completed in 7.5175ms {"SourceContext": "Infrastructure.Services.DatabaseTestService", "Application": "Crud.Api"}
[06:34:05 INF] [Phase 3] Skipping database seeding as requested for worker 9789 {"SourceContext": "Infrastructure.Services.DatabaseTestService", "Application": "Crud.Api"}
[06:34:05 INF] Database reset via file deletion completed for worker 9789 in 108.2547ms (Close: 0.0005ms, Delete: 1.2212ms, Create: 7.5175ms) {"SourceContext": "Infrastructure.Services.DatabaseTestService", "Application": "Crud.Api"}
[06:34:05 INF] Releasing database mutex for worker 9789 {"SourceContext": "Infrastructure.Services.DatabaseTestService", "Application": "Crud.Api"}
[06:34:05 INF] User registered successfully: 20601775-1fc1-4c6a-a18b-2a355ac35920 {"SourceContext": "App.Features.Authentication.RegisterUserCommandHandler", "ActionId": "0c7a2530-60f4-4185-96e2-5e452d4ff600", "ActionName": "Api.Controllers.AuthController.Register (Api)", "RequestId": "0HNFGVK4NGCT1", "RequestPath": "/api/auth/register", "Application": "Crud.Api"}
Activity.TraceId:            d28591f95bb330076ef444d7fa75fae6
Activity.SpanId:             2c1c4b46bb1f05c6
Activity.TraceFlags:         Recorded
Activity.ActivitySourceName: Microsoft.AspNetCore
Activity.DisplayName:        POST api/Auth/register
Activity.Kind:               Server
Activity.StartTime:          2025-09-11T06:34:05.3013444Z
Activity.Duration:           00:00:00.2964184
Activity.Tags:
    server.address: localhost
    http.request.method: POST
    url.scheme: http
    url.path: /api/auth/register
    network.protocol.version: 1.1
    http.route: api/Auth/register
    http.response.status_code: 200
Resource associated with Activity:
    deployment.environment: Testing
    service.name: Crud.Api
    service.version: 1.0.0
    service.instance.id: 10e2e254-224c-48e1-a2d2-8bbb5483cf26
    telemetry.sdk.name: opentelemetry
    telemetry.sdk.language: dotnet
    telemetry.sdk.version: 1.8.1
[06:34:05 DBG] Cache hit for key: list:person {"SourceContext": "Infrastructure.Services.Caching.InMemoryCacheService", "ActionId": "ee0fe6d5-67b1-443e-a2de-0ac04d63888c", "ActionName": "Api.Controllers.PeopleController.List (Api)", "RequestId": "0HNFGVK4NGCT2", "RequestPath": "/api/people", "Application": "Crud.Api"}
Activity.TraceId:            36b92ccc66e232365e0b1cb94ac14839
Activity.SpanId:             98bacb5d280939be
Activity.TraceFlags:         Recorded
Activity.ActivitySourceName: Microsoft.AspNetCore
Activity.DisplayName:        GET api/People
Activity.Kind:               Server
Activity.StartTime:          2025-09-11T06:34:05.5984301Z
Activity.Duration:           00:00:00.0005817
Activity.Tags:
    server.address: localhost
    http.request.method: GET
    url.scheme: http
    url.path: /api/people
    network.protocol.version: 1.1
    http.route: api/People
    http.response.status_code: 200
Resource associated with Activity:
    deployment.environment: Testing
    service.name: Crud.Api
    service.version: 1.0.0
    service.instance.id: 10e2e254-224c-48e1-a2d2-8bbb5483cf26
    telemetry.sdk.name: opentelemetry
    telemetry.sdk.language: dotnet
    telemetry.sdk.version: 1.8.1
[06:34:05 DBG] Cache hit for key: list:person {"SourceContext": "Infrastructure.Services.Caching.InMemoryCacheService", "ActionId": "ee0fe6d5-67b1-443e-a2de-0ac04d63888c", "ActionName": "Api.Controllers.PeopleController.List (Api)", "RequestId": "0HNFGVK4NGCT3", "RequestPath": "/api/people", "Application": "Crud.Api"}
[06:34:05 DBG] Cache hit for key: list:person {"SourceContext": "Infrastructure.Services.Caching.InMemoryCacheService", "ActionId": "ee0fe6d5-67b1-443e-a2de-0ac04d63888c", "ActionName": "Api.Controllers.PeopleController.List (Api)", "RequestId": "0HNFGVK4NGCT5", "RequestPath": "/api/people", "Application": "Crud.Api"}
[06:34:05 DBG] Cache hit for key: list:person {"SourceContext": "Infrastructure.Services.Caching.InMemoryCacheService", "ActionId": "ee0fe6d5-67b1-443e-a2de-0ac04d63888c", "ActionName": "Api.Controllers.PeopleController.List (Api)", "RequestId": "0HNFGVK4NGCT4", "RequestPath": "/api/people", "Application": "Crud.Api"}
Activity.TraceId:            d1bbfdf385ea0d002209fdbba923c155
Activity.SpanId:             e7e20c3d5f09129e
Activity.TraceFlags:         Recorded
Activity.ActivitySourceName: Microsoft.AspNetCore
Activity.DisplayName:        GET api/People
Activity.Kind:               Server
Activity.StartTime:          2025-09-11T06:34:05.5994860Z
Activity.Duration:           00:00:00.0003512
Activity.Tags:
    server.address: localhost
    http.request.method: GET
    url.scheme: http
    url.path: /api/people
    network.protocol.version: 1.1
    http.route: api/People
    http.response.status_code: 200
Resource associated with Activity:
    deployment.environment: Testing
    service.name: Crud.Api
    service.version: 1.0.0
    service.instance.id: 10e2e254-224c-48e1-a2d2-8bbb5483cf26
    telemetry.sdk.name: opentelemetry
    telemetry.sdk.language: dotnet
    telemetry.sdk.version: 1.8.1
Activity.TraceId:            fdc93aa282f47412c0622b64fd5abe73
Activity.SpanId:             15f797ffd7008e6d
Activity.TraceFlags:         Recorded
Activity.ActivitySourceName: Microsoft.AspNetCore
Activity.DisplayName:        GET api/People
Activity.Kind:               Server
Activity.StartTime:          2025-09-11T06:34:05.5995838Z
Activity.Duration:           00:00:00.0003108
Activity.Tags:
    server.address: localhost
    http.request.method: GET
    url.scheme: http
    url.path: /api/people
    network.protocol.version: 1.1
    http.route: api/People
    http.response.status_code: 200
Resource associated with Activity:
    deployment.environment: Testing
    service.name: Crud.Api
    service.version: 1.0.0
    service.instance.id: 10e2e254-224c-48e1-a2d2-8bbb5483cf26
    telemetry.sdk.name: opentelemetry
    telemetry.sdk.language: dotnet
    telemetry.sdk.version: 1.8.1
Activity.TraceId:            b959d0a481f954e2688e38cef07275c0
Activity.SpanId:             fd60cd380819aa9b
Activity.TraceFlags:         Recorded
Activity.ActivitySourceName: Microsoft.AspNetCore
Activity.DisplayName:        GET api/People
Activity.Kind:               Server
Activity.StartTime:          2025-09-11T06:34:05.5995994Z
Activity.Duration:           00:00:00.0002952
Activity.Tags:
    server.address: localhost
    http.request.method: GET
    url.scheme: http
    url.path: /api/people
    network.protocol.version: 1.1
    http.route: api/People
    http.response.status_code: 200
Resource associated with Activity:
    deployment.environment: Testing
    service.name: Crud.Api
    service.version: 1.0.0
    service.instance.id: 10e2e254-224c-48e1-a2d2-8bbb5483cf26
    telemetry.sdk.name: opentelemetry
    telemetry.sdk.language: dotnet
    telemetry.sdk.version: 1.8.1
[06:34:05 DBG] Cache hit for key: list:person {"SourceContext": "Infrastructure.Services.Caching.InMemoryCacheService", "ActionId": "ee0fe6d5-67b1-443e-a2de-0ac04d63888c", "ActionName": "Api.Controllers.PeopleController.List (Api)", "RequestId": "0HNFGVK4NGCT6", "RequestPath": "/api/people", "Application": "Crud.Api"}
[06:34:05 DBG] Cache hit for key: list:person {"SourceContext": "Infrastructure.Services.Caching.InMemoryCacheService", "ActionId": "ee0fe6d5-67b1-443e-a2de-0ac04d63888c", "ActionName": "Api.Controllers.PeopleController.List (Api)", "RequestId": "0HNFGVK4NGCT7", "RequestPath": "/api/people", "Application": "Crud.Api"}
[06:34:05 DBG] Cache hit for key: list:person {"SourceContext": "Infrastructure.Services.Caching.InMemoryCacheService", "ActionId": "ee0fe6d5-67b1-443e-a2de-0ac04d63888c", "ActionName": "Api.Controllers.PeopleController.List (Api)", "RequestId": "0HNFGVK4NGCT8", "RequestPath": "/api/people", "Application": "Crud.Api"}
Activity.TraceId:            5661c0ad8d8d5d7eeef83937cade0499
Activity.SpanId:             a9e6baa642d01ad4
Activity.TraceFlags:         Recorded
Activity.ActivitySourceName: Microsoft.AspNetCore
Activity.DisplayName:        GET api/People
Activity.Kind:               Server
Activity.StartTime:          2025-09-11T06:34:05.5998962Z
Activity.Duration:           00:00:00.0004123
Activity.Tags:
    server.address: localhost
    http.request.method: GET
    url.scheme: http
    url.path: /api/people
    network.protocol.version: 1.1
    http.route: api/People
    http.response.status_code: 200
Resource associated with Activity:
    deployment.environment: Testing
    service.name: Crud.Api
    service.version: 1.0.0
    service.instance.id: 10e2e254-224c-48e1-a2d2-8bbb5483cf26
    telemetry.sdk.name: opentelemetry
    telemetry.sdk.language: dotnet
    telemetry.sdk.version: 1.8.1
Activity.TraceId:            a124d1a48c2977d43a7f08da397462ca
Activity.SpanId:             e9b23643078880aa
Activity.TraceFlags:         Recorded
Activity.ActivitySourceName: Microsoft.AspNetCore
Activity.DisplayName:        GET api/People
Activity.Kind:               Server
Activity.StartTime:          2025-09-11T06:34:05.6000308Z
Activity.Duration:           00:00:00.0005421
Activity.Tags:
    server.address: localhost
    http.request.method: GET
    url.scheme: http
    url.path: /api/people
    network.protocol.version: 1.1
    http.route: api/People
    http.response.status_code: 200
Resource associated with Activity:
    deployment.environment: Testing
    service.name: Crud.Api
    service.version: 1.0.0
    service.instance.id: 10e2e254-224c-48e1-a2d2-8bbb5483cf26
    telemetry.sdk.name: opentelemetry
    telemetry.sdk.language: dotnet
    telemetry.sdk.version: 1.8.1
[06:34:05 DBG] Cache hit for key: list:person {"SourceContext": "Infrastructure.Services.Caching.InMemoryCacheService", "ActionId": "ee0fe6d5-67b1-443e-a2de-0ac04d63888c", "ActionName": "Api.Controllers.PeopleController.List (Api)", "RequestId": "0HNFGVK4NGCT9", "RequestPath": "/api/people", "Application": "Crud.Api"}
Activity.TraceId:            2df11d871844a110a44450243c946b7a
Activity.SpanId:             0f1006e1ea630e26
Activity.TraceFlags:         Recorded
Activity.ActivitySourceName: Microsoft.AspNetCore
Activity.DisplayName:        GET api/People
Activity.Kind:               Server
Activity.StartTime:          2025-09-11T06:34:05.5999660Z
Activity.Duration:           00:00:00.0003984
Activity.Tags:
    server.address: localhost
    http.request.method: GET
    url.scheme: http
    url.path: /api/people
    network.protocol.version: 1.1
    http.route: api/People
    http.response.status_code: 200
Resource associated with Activity:
    deployment.environment: Testing
    service.name: Crud.Api
    service.version: 1.0.0
    service.instance.id: 10e2e254-224c-48e1-a2d2-8bbb5483cf26
    telemetry.sdk.name: opentelemetry
    telemetry.sdk.language: dotnet
    telemetry.sdk.version: 1.8.1
Activity.TraceId:            b8c49a9dbaa7f9e8bdb3d087078bd3b7
Activity.SpanId:             dadbe34aa03d9769
Activity.TraceFlags:         Recorded
Activity.ActivitySourceName: Microsoft.AspNetCore
Activity.DisplayName:        GET api/People
Activity.Kind:               Server
Activity.StartTime:          2025-09-11T06:34:05.6005656Z
Activity.Duration:           00:00:00.0009566
Activity.Tags:
    server.address: localhost
    http.request.method: GET
    url.scheme: http
    url.path: /api/people
    network.protocol.version: 1.1
    http.route: api/People
    http.response.status_code: 200
Resource associated with Activity:
    deployment.environment: Testing
    service.name: Crud.Api
    service.version: 1.0.0
    service.instance.id: 10e2e254-224c-48e1-a2d2-8bbb5483cf26
    telemetry.sdk.name: opentelemetry
    telemetry.sdk.language: dotnet
    telemetry.sdk.version: 1.8.1
[06:34:05 DBG] Cache hit for key: list:person {"SourceContext": "Infrastructure.Services.Caching.InMemoryCacheService", "ActionId": "ee0fe6d5-67b1-443e-a2de-0ac04d63888c", "ActionName": "Api.Controllers.PeopleController.List (Api)", "RequestId": "0HNFGVK4NGCTA", "RequestPath": "/api/people", "Application": "Crud.Api"}
[06:34:05 DBG] Cache hit for key: list:person {"SourceContext": "Infrastructure.Services.Caching.InMemoryCacheService", "ActionId": "ee0fe6d5-67b1-443e-a2de-0ac04d63888c", "ActionName": "Api.Controllers.PeopleController.List (Api)", "RequestId": "0HNFGVK4NGCTB", "RequestPath": "/api/people", "Application": "Crud.Api"}
[06:34:05 DBG] Cache hit for key: list:person {"SourceContext": "Infrastructure.Services.Caching.InMemoryCacheService", "ActionId": "ee0fe6d5-67b1-443e-a2de-0ac04d63888c", "ActionName": "Api.Controllers.PeopleController.List (Api)", "RequestId": "0HNFGVK4NGCTE", "RequestPath": "/api/people", "Application": "Crud.Api"}
Activity.TraceId:            ae361e7c5bb0238e80356f275e50e43a
Activity.SpanId:             b04183dec227a4b8
Activity.TraceFlags:         Recorded
Activity.ActivitySourceName: Microsoft.AspNetCore
Activity.DisplayName:        GET api/People
Activity.Kind:               Server
Activity.StartTime:          2025-09-11T06:34:05.6006968Z
[06:34:05 DBG] Cache hit for key: list:person {"SourceContext": "Infrastructure.Services.Caching.InMemoryCacheService", "ActionId": "ee0fe6d5-67b1-443e-a2de-0ac04d63888c", "ActionName": "Api.Controllers.PeopleController.List (Api)", "RequestId": "0HNFGVK4NGCTC", "RequestPath": "/api/people", "Application": "Crud.Api"}
Activity.Duration:           00:00:00.0012983
Activity.Tags:
    server.address: localhost
    http.request.method: GET
    url.scheme: http
    url.path: /api/people
    network.protocol.version: 1.1
    http.route: api/People
    http.response.status_code: 200
Resource associated with Activity:
    deployment.environment: Testing
    service.name: Crud.Api
    service.version: 1.0.0
    service.instance.id: 10e2e254-224c-48e1-a2d2-8bbb5483cf26
    telemetry.sdk.name: opentelemetry
    telemetry.sdk.language: dotnet
    telemetry.sdk.version: 1.8.1
Activity.TraceId:            cede404912e7c9d2c742792e2ad12a38
Activity.SpanId:             38cf51e73ea86a58
Activity.TraceFlags:         Recorded
Activity.ActivitySourceName: Microsoft.AspNetCore
Activity.DisplayName:        GET api/People
Activity.Kind:               Server
Activity.StartTime:          2025-09-11T06:34:05.6010171Z
Activity.Duration:           00:00:00.0010066
Activity.Tags:
    server.address: localhost
    http.request.method: GET
    url.scheme: http
    url.path: /api/people
    network.protocol.version: 1.1
    http.route: api/People
    http.response.status_code: 200
Resource associated with Activity:
    deployment.environment: Testing
    service.name: Crud.Api
    service.version: 1.0.0
    service.instance.id: 10e2e254-224c-48e1-a2d2-8bbb5483cf26
    telemetry.sdk.name: opentelemetry
    telemetry.sdk.language: dotnet
    telemetry.sdk.version: 1.8.1
Activity.TraceId:            70c07d52f75f8a602bc74f1103d1970e
Activity.SpanId:             76218d948eca861c
Activity.TraceFlags:         Recorded
Activity.ActivitySourceName: Microsoft.AspNetCore
Activity.DisplayName:        GET api/People
Activity.Kind:               Server
Activity.StartTime:          2025-09-11T06:34:05.6017646Z
Activity.Duration:           00:00:00.0003264
Activity.Tags:
    server.address: localhost
    http.request.method: GET
    url.scheme: http
    url.path: /api/people
    network.protocol.version: 1.1
    http.route: api/People
    http.response.status_code: 200
Resource associated with Activity:
    deployment.environment: Testing
    service.name: Crud.Api
    service.version: 1.0.0
    service.instance.id: 10e2e254-224c-48e1-a2d2-8bbb5483cf26
    telemetry.sdk.name: opentelemetry
    telemetry.sdk.language: dotnet
    telemetry.sdk.version: 1.8.1
[06:34:05 DBG] Cache hit for key: list:person {"SourceContext": "Infrastructure.Services.Caching.InMemoryCacheService", "ActionId": "ee0fe6d5-67b1-443e-a2de-0ac04d63888c", "ActionName": "Api.Controllers.PeopleController.List (Api)", "RequestId": "0HNFGVK4NGCTF", "RequestPath": "/api/people", "Application": "Crud.Api"}
[06:34:05 DBG] Cache hit for key: list:person {"SourceContext": "Infrastructure.Services.Caching.InMemoryCacheService", "ActionId": "ee0fe6d5-67b1-443e-a2de-0ac04d63888c", "ActionName": "Api.Controllers.PeopleController.List (Api)", "RequestId": "0HNFGVK4NGCTG", "RequestPath": "/api/people", "Application": "Crud.Api"}
[06:34:05 DBG] Cache hit for key: list:person {"SourceContext": "Infrastructure.Services.Caching.InMemoryCacheService", "ActionId": "ee0fe6d5-67b1-443e-a2de-0ac04d63888c", "ActionName": "Api.Controllers.PeopleController.List (Api)", "RequestId": "0HNFGVK4NGCTH", "RequestPath": "/api/people", "Application": "Crud.Api"}
Activity.TraceId:            7a3ff40af3267049be874645679cf1ac
Activity.SpanId:             7051a6a63ae5eeca
Activity.TraceFlags:         Recorded
Activity.ActivitySourceName: Microsoft.AspNetCore
Activity.DisplayName:        GET api/People
Activity.Kind:               Server
Activity.StartTime:          2025-09-11T06:34:05.6020739Z
Activity.Duration:           00:00:00.0002887
Activity.Tags:
    server.address: localhost
    http.request.method: GET
    url.scheme: http
    url.path: /api/people
    network.protocol.version: 1.1
    http.route: api/People
    http.response.status_code: 200
Resource associated with Activity:
    deployment.environment: Testing
    service.name: Crud.Api
    service.version: 1.0.0
    service.instance.id: 10e2e254-224c-48e1-a2d2-8bbb5483cf26
    telemetry.sdk.name: opentelemetry
    telemetry.sdk.language: dotnet
    telemetry.sdk.version: 1.8.1
Activity.TraceId:            abf2693ec85c2ec997ad809747251094
Activity.SpanId:             ab0f91b716c733e1
Activity.TraceFlags:         Recorded
Activity.ActivitySourceName: Microsoft.AspNetCore
Activity.DisplayName:        GET api/People
Activity.Kind:               Server
Activity.StartTime:          2025-09-11T06:34:05.6021595Z
Activity.Duration:           00:00:00.0002516
Activity.Tags:
    server.address: localhost
    http.request.method: GET
    url.scheme: http
    url.path: /api/people
    network.protocol.version: 1.1
    http.route: api/People
    http.response.status_code: 200
Resource associated with Activity:
    deployment.environment: Testing
    service.name: Crud.Api
    service.version: 1.0.0
    service.instance.id: 10e2e254-224c-48e1-a2d2-8bbb5483cf26
    telemetry.sdk.name: opentelemetry
    telemetry.sdk.language: dotnet
    telemetry.sdk.version: 1.8.1
Activity.TraceId:            9cdff30f4467b56083df41149e1e010e
Activity.SpanId:             8619192521402867
Activity.TraceFlags:         Recorded
Activity.ActivitySourceName: Microsoft.AspNetCore
Activity.DisplayName:        GET api/People
Activity.Kind:               Server
[06:34:05 DBG] Cache hit for key: list:person {"SourceContext": "Infrastructure.Services.Caching.InMemoryCacheService", "ActionId": "ee0fe6d5-67b1-443e-a2de-0ac04d63888c", "ActionName": "Api.Controllers.PeopleController.List (Api)", "RequestId": "0HNFGVK4NGCTI", "RequestPath": "/api/people", "Application": "Crud.Api"}
Activity.StartTime:          2025-09-11T06:34:05.6010265Z
Activity.Duration:           00:00:00.0010825
Activity.Tags:
    server.address: localhost
    http.request.method: GET
    url.scheme: http
    url.path: /api/people
    network.protocol.version: 1.1
    http.route: api/People
    http.response.status_code: 200
Resource associated with Activity:
    deployment.environment: Testing
    service.name: Crud.Api
    service.version: 1.0.0
    service.instance.id: 10e2e254-224c-48e1-a2d2-8bbb5483cf26
    telemetry.sdk.name: opentelemetry
    telemetry.sdk.language: dotnet
    telemetry.sdk.version: 1.8.1
Activity.TraceId:            b5835c436eeb4bc3d437a8e3ae05065a
[06:34:05 DBG] Cache hit for key: list:person {"SourceContext": "Infrastructure.Services.Caching.InMemoryCacheService", "ActionId": "ee0fe6d5-67b1-443e-a2de-0ac04d63888c", "ActionName": "Api.Controllers.PeopleController.List (Api)", "RequestId": "0HNFGVK4NGCTJ", "RequestPath": "/api/people", "Application": "Crud.Api"}
Activity.SpanId:             d4dcc6ff6f9b336b
Activity.TraceFlags:         Recorded
Activity.ActivitySourceName: Microsoft.AspNetCore
Activity.DisplayName:        GET api/People
Activity.Kind:               Server
Activity.StartTime:          2025-09-11T06:34:05.6021169Z
Activity.Duration:           00:00:00.0002950
Activity.Tags:
    server.address: localhost
    http.request.method: GET
    url.scheme: http
    url.path: /api/people
    network.protocol.version: 1.1
    http.route: api/People
    http.response.status_code: 200
Resource associated with Activity:
    deployment.environment: Testing
    service.name: Crud.Api
    service.version: 1.0.0
    service.instance.id: 10e2e254-224c-48e1-a2d2-8bbb5483cf26
    telemetry.sdk.name: opentelemetry
    telemetry.sdk.language: dotnet
    telemetry.sdk.version: 1.8.1
Activity.TraceId:            9108807210c813bfc8787295510cec5f
Activity.SpanId:             bbf7eda6f31f1edc
Activity.TraceFlags:         Recorded
Activity.ActivitySourceName: Microsoft.AspNetCore
Activity.DisplayName:        GET api/People
Activity.Kind:               Server
Activity.StartTime:          2025-09-11T06:34:05.6024179Z
Activity.Duration:           00:00:00.0002751
Activity.Tags:
    server.address: localhost
    http.request.method: GET
    url.scheme: http
    url.path: /api/people
    network.protocol.version: 1.1
    http.route: api/People
    http.response.status_code: 200
Resource associated with Activity:
    deployment.environment: Testing
    service.name: Crud.Api
    service.version: 1.0.0
    service.instance.id: 10e2e254-224c-48e1-a2d2-8bbb5483cf26
    telemetry.sdk.name: opentelemetry
    telemetry.sdk.language: dotnet
    telemetry.sdk.version: 1.8.1
Activity.TraceId:            eccb173abc9019624e0b7dd205a81a36
Activity.SpanId:             16d3ec310fbd34a8
Activity.TraceFlags:         Recorded
Activity.ActivitySourceName: Microsoft.AspNetCore
Activity.DisplayName:        GET api/People
Activity.Kind:               Server
Activity.StartTime:          2025-09-11T06:34:05.6024690Z
Activity.Duration:           00:00:00.0002761
Activity.Tags:
    server.address: localhost
    http.request.method: GET
    url.scheme: http
    url.path: /api/people
    network.protocol.version: 1.1
    http.route: api/People
    http.response.status_code: 200
Resource associated with Activity:
    deployment.environment: Testing
    service.name: Crud.Api
    service.version: 1.0.0
    service.instance.id: 10e2e254-224c-48e1-a2d2-8bbb5483cf26
    telemetry.sdk.name: opentelemetry
    telemetry.sdk.language: dotnet
    telemetry.sdk.version: 1.8.1
[06:34:05 DBG] Cache hit for key: list:person {"SourceContext": "Infrastructure.Services.Caching.InMemoryCacheService", "ActionId": "ee0fe6d5-67b1-443e-a2de-0ac04d63888c", "ActionName": "Api.Controllers.PeopleController.List (Api)", "RequestId": "0HNFGVK4NGCTD", "RequestPath": "/api/people", "Application": "Crud.Api"}
[06:34:05 DBG] Cache hit for key: list:person {"SourceContext": "Infrastructure.Services.Caching.InMemoryCacheService", "ActionId": "ee0fe6d5-67b1-443e-a2de-0ac04d63888c", "ActionName": "Api.Controllers.PeopleController.List (Api)", "RequestId": "0HNFGVK4NGCTK", "RequestPath": "/api/people", "Application": "Crud.Api"}
[06:34:05 DBG] Cache hit for key: list:person {"SourceContext": "Infrastructure.Services.Caching.InMemoryCacheService", "ActionId": "ee0fe6d5-67b1-443e-a2de-0ac04d63888c", "ActionName": "Api.Controllers.PeopleController.List (Api)", "RequestId": "0HNFGVK4NGCTL", "RequestPath": "/api/people", "Application": "Crud.Api"}
Activity.TraceId:            48bb507e5a9efd53a0b2d8c4fa1a8dc4
Activity.SpanId:             540ad16e29ab9bdb
Activity.TraceFlags:         Recorded
Activity.ActivitySourceName: Microsoft.AspNetCore
Activity.DisplayName:        GET api/People
Activity.Kind:               Server
Activity.StartTime:          2025-09-11T06:34:05.6012091Z
Activity.Duration:           00:00:00.0017077
Activity.Tags:
    server.address: localhost
    http.request.method: GET
    url.scheme: http
    url.path: /api/people
    network.protocol.version: 1.1
[06:34:05 DBG] Cache hit for key: list:person {"SourceContext": "Infrastructure.Services.Caching.InMemoryCacheService", "ActionId": "ee0fe6d5-67b1-443e-a2de-0ac04d63888c", "ActionName": "Api.Controllers.PeopleController.List (Api)", "RequestId": "0HNFGVK4NGCTM", "RequestPath": "/api/people", "Application": "Crud.Api"}
    http.route: api/People
    http.response.status_code: 200
Resource associated with Activity:
    deployment.environment: Testing
    service.name: Crud.Api
    service.version: 1.0.0
    service.instance.id: 10e2e254-224c-48e1-a2d2-8bbb5483cf26
    telemetry.sdk.name: opentelemetry
    telemetry.sdk.language: dotnet
    telemetry.sdk.version: 1.8.1
Activity.TraceId:            f51f57b34c345698dc4119019cdadc8c
Activity.SpanId:             884fda8fe66089a0
Activity.TraceFlags:         Recorded
Activity.ActivitySourceName: Microsoft.AspNetCore
Activity.DisplayName:        GET api/People
Activity.Kind:               Server
Activity.StartTime:          2025-09-11T06:34:05.6026635Z
Activity.Duration:           00:00:00.0003740
Activity.Tags:
    server.address: localhost
    http.request.method: GET
    url.scheme: http
    url.path: /api/people
    network.protocol.version: 1.1
    http.route: api/People
    http.response.status_code: 200
Resource associated with Activity:
    deployment.environment: Testing
    service.name: Crud.Api
    service.version: 1.0.0
    service.instance.id: 10e2e254-224c-48e1-a2d2-8bbb5483cf26
    telemetry.sdk.name: opentelemetry
    telemetry.sdk.language: dotnet
    telemetry.sdk.version: 1.8.1
Activity.TraceId:            2041425b0cd3b41a7e8b818ead1dd271
Activity.SpanId:             0c4212312bdf8971
Activity.TraceFlags:         Recorded
Activity.ActivitySourceName: Microsoft.AspNetCore
Activity.DisplayName:        GET api/People
Activity.Kind:               Server
Activity.StartTime:          2025-09-11T06:34:05.6027530Z
Activity.Duration:           00:00:00.0003386
Activity.Tags:
    server.address: localhost
    http.request.method: GET
    url.scheme: http
    url.path: /api/people
    network.protocol.version: 1.1
    http.route: api/People
    http.response.status_code: 200
Resource associated with Activity:
    deployment.environment: Testing
    service.name: Crud.Api
    service.version: 1.0.0
    service.instance.id: 10e2e254-224c-48e1-a2d2-8bbb5483cf26
    telemetry.sdk.name: opentelemetry
    telemetry.sdk.language: dotnet
    telemetry.sdk.version: 1.8.1
Activity.TraceId:            c22d326fbc263a8cdc5984c06b9f7f74
Activity.SpanId:             7826556dd879889f
Activity.TraceFlags:         Recorded
Activity.ActivitySourceName: Microsoft.AspNetCore
Activity.DisplayName:        GET api/People
Activity.Kind:               Server
Activity.StartTime:          2025-09-11T06:34:05.6027141Z
Activity.Duration:           00:00:00.0003540
Activity.Tags:
    server.address: localhost
    http.request.method: GET
    url.scheme: http
    url.path: /api/people
    network.protocol.version: 1.1
    http.route: api/People
    http.response.status_code: 200
Resource associated with Activity:
    deployment.environment: Testing
    service.name: Crud.Api
    service.version: 1.0.0
    service.instance.id: 10e2e254-224c-48e1-a2d2-8bbb5483cf26
    telemetry.sdk.name: opentelemetry
    telemetry.sdk.language: dotnet
    telemetry.sdk.version: 1.8.1
[06:34:05 INF] Resetting database for worker 9789 {"SourceContext": "Infrastructure.Services.DatabaseTestService", "Application": "Crud.Api"}
[06:34:05 INF] Resetting database via file deletion for worker 9789 in CI environment {"SourceContext": "Infrastructure.Services.DatabaseTestService", "Application": "Crud.Api"}
[06:34:05 INF] Acquiring database mutex for worker 9789... {"SourceContext": "Infrastructure.Services.DatabaseTestService", "Application": "Crud.Api"}
[06:34:05 INF] Database mutex acquired for worker 9789 {"SourceContext": "Infrastructure.Services.DatabaseTestService", "Application": "Crud.Api"}
[06:34:05 INF] Current database state - CanConnect: True {"SourceContext": "Infrastructure.Services.DatabaseTestService", "Application": "Crud.Api"}
[06:34:05 INF] [Phase 0] Closing database connection for worker 9789... {"SourceContext": "Infrastructure.Services.DatabaseTestService", "Application": "Crud.Api"}
[06:34:05 INF] [Phase 0] Connection closed in 0.0006ms {"SourceContext": "Infrastructure.Services.DatabaseTestService", "Application": "Crud.Api"}
[06:34:05 INF] [Phase 1] Starting EnsureDeletedAsync for worker 9789... {"SourceContext": "Infrastructure.Services.DatabaseTestService", "Application": "Crud.Api"}
[06:34:05 INF] [Phase 1] EnsureDeletedAsync completed in 1.4322ms {"SourceContext": "Infrastructure.Services.DatabaseTestService", "Application": "Crud.Api"}
[06:34:05 INF] [Phase 2] Starting EnsureCreatedAsync for worker 9789... {"SourceContext": "Infrastructure.Services.DatabaseTestService", "Application": "Crud.Api"}
[06:34:05 INF] [Phase 2] EnsureCreatedAsync completed in 7.3878ms {"SourceContext": "Infrastructure.Services.DatabaseTestService", "Application": "Crud.Api"}
[06:34:05 INF] [Phase 3] Skipping database seeding as requested for worker 9789 {"SourceContext": "Infrastructure.Services.DatabaseTestService", "Application": "Crud.Api"}
[06:34:05 INF] Database reset via file deletion completed for worker 9789 in 109.0104ms (Close: 0.0006ms, Delete: 1.4322ms, Create: 7.3878ms) {"SourceContext": "Infrastructure.Services.DatabaseTestService", "Application": "Crud.Api"}
[06:34:05 INF] Releasing database mutex for worker 9789 {"SourceContext": "Infrastructure.Services.DatabaseTestService", "Application": "Crud.Api"}
[06:34:05 INF] Resetting database for worker 9789 {"SourceContext": "Infrastructure.Services.DatabaseTestService", "Application": "Crud.Api"}
[06:34:05 INF] Resetting database via file deletion for worker 9789 in CI environment {"SourceContext": "Infrastructure.Services.DatabaseTestService", "Application": "Crud.Api"}
[06:34:05 INF] Acquiring database mutex for worker 9789... {"SourceContext": "Infrastructure.Services.DatabaseTestService", "Application": "Crud.Api"}
[06:34:05 INF] Database mutex acquired for worker 9789 {"SourceContext": "Infrastructure.Services.DatabaseTestService", "Application": "Crud.Api"}
[06:34:05 INF] Current database state - CanConnect: True {"SourceContext": "Infrastructure.Services.DatabaseTestService", "Application": "Crud.Api"}
[06:34:05 INF] [Phase 0] Closing database connection for worker 9789... {"SourceContext": "Infrastructure.Services.DatabaseTestService", "Application": "Crud.Api"}
[06:34:05 INF] [Phase 0] Connection closed in 0.0006ms {"SourceContext": "Infrastructure.Services.DatabaseTestService", "Application": "Crud.Api"}
[06:34:05 INF] [Phase 1] Starting EnsureDeletedAsync for worker 9789... {"SourceContext": "Infrastructure.Services.DatabaseTestService", "Application": "Crud.Api"}
[06:34:05 INF] [Phase 1] EnsureDeletedAsync completed in 1.0317ms {"SourceContext": "Infrastructure.Services.DatabaseTestService", "Application": "Crud.Api"}
[06:34:05 INF] [Phase 2] Starting EnsureCreatedAsync for worker 9789... {"SourceContext": "Infrastructure.Services.DatabaseTestService", "Application": "Crud.Api"}
[06:34:05 INF] [Phase 2] EnsureCreatedAsync completed in 7.5159ms {"SourceContext": "Infrastructure.Services.DatabaseTestService", "Application": "Crud.Api"}
[06:34:05 INF] [Phase 3] Skipping database seeding as requested for worker 9789 {"SourceContext": "Infrastructure.Services.DatabaseTestService", "Application": "Crud.Api"}
[06:34:05 INF] Database reset via file deletion completed for worker 9789 in 109.8493ms (Close: 0.0006ms, Delete: 1.0317ms, Create: 7.5159ms) {"SourceContext": "Infrastructure.Services.DatabaseTestService", "Application": "Crud.Api"}
[06:34:05 INF] Releasing database mutex for worker 9789 {"SourceContext": "Infrastructure.Services.DatabaseTestService", "Application": "Crud.Api"}
[06:34:06 INF] User registered successfully: 85be4af6-afe9-49eb-b6aa-0af7942ea9be {"SourceContext": "App.Features.Authentication.RegisterUserCommandHandler", "ActionId": "0c7a2530-60f4-4185-96e2-5e452d4ff600", "ActionName": "Api.Controllers.AuthController.Register (Api)", "RequestId": "0HNFGVK4NGCTN", "RequestPath": "/api/auth/register", "Application": "Crud.Api"}
Activity.TraceId:            4eb48d58a0decd4a5a3b255d45623d45
Activity.SpanId:             2b1aa1e0dba84377
Activity.TraceFlags:         Recorded
Activity.ActivitySourceName: Microsoft.AspNetCore
Activity.DisplayName:        POST api/Auth/register
Activity.Kind:               Server
Activity.StartTime:          2025-09-11T06:34:05.8279704Z
Activity.Duration:           00:00:00.2964489
Activity.Tags:
    server.address: localhost
    http.request.method: POST
    url.scheme: http
    url.path: /api/auth/register
    network.protocol.version: 1.1
    http.route: api/Auth/register
    http.response.status_code: 200
Resource associated with Activity:
    deployment.environment: Testing
    service.name: Crud.Api
    service.version: 1.0.0
    service.instance.id: 10e2e254-224c-48e1-a2d2-8bbb5483cf26
    telemetry.sdk.name: opentelemetry
    telemetry.sdk.language: dotnet
    telemetry.sdk.version: 1.8.1
[06:34:06 DBG] Cache miss for key: entity:person:965d5ff713144b0eb1e6a97c72e893d3 {"SourceContext": "Infrastructure.Services.Caching.InMemoryCacheService", "ActionId": "68f2ae06-d9de-4a1d-b307-56add6332352", "ActionName": "Api.Controllers.PeopleController.Get (Api)", "RequestId": "0HNFGVK4NGCTO", "RequestPath": "/api/people/965d5ff7-1314-4b0e-b1e6-a97c72e893d3", "Application": "Crud.Api"}
[06:34:06 DBG] Set cache value for key: entity:person:965d5ff713144b0eb1e6a97c72e893d3 {"SourceContext": "Infrastructure.Services.Caching.InMemoryCacheService", "ActionId": "68f2ae06-d9de-4a1d-b307-56add6332352", "ActionName": "Api.Controllers.PeopleController.Get (Api)", "RequestId": "0HNFGVK4NGCTO", "RequestPath": "/api/people/965d5ff7-1314-4b0e-b1e6-a97c72e893d3", "Application": "Crud.Api"}
Activity.TraceId:            8675b17c5f237c3293b69663add7aae5
Activity.SpanId:             c676294d0ebd91d5
Activity.TraceFlags:         Recorded
Activity.ActivitySourceName: Microsoft.AspNetCore
Activity.DisplayName:        GET api/People/{id:guid}
Activity.Kind:               Server
Activity.StartTime:          2025-09-11T06:34:06.1251545Z
Activity.Duration:           00:00:00.0045785
Activity.Tags:
    server.address: localhost
    http.request.method: GET
    url.scheme: http
    url.path: /api/people/965d5ff7-1314-4b0e-b1e6-a97c72e893d3
    network.protocol.version: 1.1
    http.route: api/People/{id:guid}
    http.response.status_code: 200
Resource associated with Activity:
    deployment.environment: Testing
    service.name: Crud.Api
    service.version: 1.0.0
    service.instance.id: 10e2e254-224c-48e1-a2d2-8bbb5483cf26
    telemetry.sdk.name: opentelemetry
    telemetry.sdk.language: dotnet
    telemetry.sdk.version: 1.8.1
[06:34:06 DBG] Cache hit for key: entity:person:965d5ff713144b0eb1e6a97c72e893d3 {"SourceContext": "Infrastructure.Services.Caching.InMemoryCacheService", "ActionId": "68f2ae06-d9de-4a1d-b307-56add6332352", "ActionName": "Api.Controllers.PeopleController.Get (Api)", "RequestId": "0HNFGVK4NGCTR", "RequestPath": "/api/people/965d5ff7-1314-4b0e-b1e6-a97c72e893d3", "Application": "Crud.Api"}
[06:34:06 DBG] Cache hit for key: entity:person:965d5ff713144b0eb1e6a97c72e893d3 {"SourceContext": "Infrastructure.Services.Caching.InMemoryCacheService", "ActionId": "68f2ae06-d9de-4a1d-b307-56add6332352", "ActionName": "Api.Controllers.PeopleController.Get (Api)", "RequestId": "0HNFGVK4NGCTQ", "RequestPath": "/api/people/965d5ff7-1314-4b0e-b1e6-a97c72e893d3", "Application": "Crud.Api"}
[06:34:06 DBG] Cache hit for key: entity:person:965d5ff713144b0eb1e6a97c72e893d3 {"SourceContext": "Infrastructure.Services.Caching.InMemoryCacheService", "ActionId": "68f2ae06-d9de-4a1d-b307-56add6332352", "ActionName": "Api.Controllers.PeopleController.Get (Api)", "RequestId": "0HNFGVK4NGCTP", "RequestPath": "/api/people/965d5ff7-1314-4b0e-b1e6-a97c72e893d3", "Application": "Crud.Api"}
Activity.TraceId:            ecddd32b29ba7ccc411177f739c2f7a3
Activity.SpanId:             28a6020f5224ce5c
Activity.TraceFlags:         Recorded
Activity.ActivitySourceName: Microsoft.AspNetCore
Activity.DisplayName:        GET api/People/{id:guid}
Activity.Kind:               Server
Activity.StartTime:          2025-09-11T06:34:06.1300216Z
Activity.Duration:           00:00:00.0005339
Activity.Tags:
    server.address: localhost
    http.request.method: GET
    url.scheme: http
    url.path: /api/people/965d5ff7-1314-4b0e-b1e6-a97c72e893d3
    network.protocol.version: 1.1
    http.route: api/People/{id:guid}
    http.response.status_code: 200
Resource associated with Activity:
    deployment.environment: Testing
    service.name: Crud.Api
    service.version: 1.0.0
    service.instance.id: 10e2e254-224c-48e1-a2d2-8bbb5483cf26
    telemetry.sdk.name: opentelemetry
    telemetry.sdk.language: dotnet
    telemetry.sdk.version: 1.8.1
Activity.TraceId:            48144a8d816ce920415e47bb273e0485
Activity.SpanId:             92898aee44d44f4c
Activity.TraceFlags:         Recorded
Activity.ActivitySourceName: Microsoft.AspNetCore
Activity.DisplayName:        GET api/People/{id:guid}
Activity.Kind:               Server
Activity.StartTime:          2025-09-11T06:34:06.1301522Z
Activity.Duration:           00:00:00.0004052
Activity.Tags:
    server.address: localhost
    http.request.method: GET
    url.scheme: http
    url.path: /api/people/965d5ff7-1314-4b0e-b1e6-a97c72e893d3
    network.protocol.version: 1.1
    http.route: api/People/{id:guid}
    http.response.status_code: 200
Resource associated with Activity:
    deployment.environment: Testing
    service.name: Crud.Api
    service.version: 1.0.0
    service.instance.id: 10e2e254-224c-48e1-a2d2-8bbb5483cf26
    telemetry.sdk.name: opentelemetry
    telemetry.sdk.language: dotnet
    telemetry.sdk.version: 1.8.1
Activity.TraceId:            9c087b863f0443ecca55c6d976987fb6
Activity.SpanId:             1dde82d228a14282
Activity.TraceFlags:         Recorded
Activity.ActivitySourceName: Microsoft.AspNetCore
Activity.DisplayName:        GET api/People/{id:guid}
Activity.Kind:               Server
Activity.StartTime:          2025-09-11T06:34:06.1301413Z
Activity.Duration:           00:00:00.0004217
Activity.Tags:
    server.address: localhost
    http.request.method: GET
    url.scheme: http
    url.path: /api/people/965d5ff7-1314-4b0e-b1e6-a97c72e893d3
    network.protocol.version: 1.1
    http.route: api/People/{id:guid}
    http.response.status_code: 200
Resource associated with Activity:
    deployment.environment: Testing
    service.name: Crud.Api
    service.version: 1.0.0
    service.instance.id: 10e2e254-224c-48e1-a2d2-8bbb5483cf26
    telemetry.sdk.name: opentelemetry
    telemetry.sdk.language: dotnet
    telemetry.sdk.version: 1.8.1
[06:34:06 DBG] Cache hit for key: entity:person:965d5ff713144b0eb1e6a97c72e893d3 {"SourceContext": "Infrastructure.Services.Caching.InMemoryCacheService", "ActionId": "68f2ae06-d9de-4a1d-b307-56add6332352", "ActionName": "Api.Controllers.PeopleController.Get (Api)", "RequestId": "0HNFGVK4NGCTS", "RequestPath": "/api/people/965d5ff7-1314-4b0e-b1e6-a97c72e893d3", "Application": "Crud.Api"}
Activity.TraceId:            bd7977336d4f788b1f4521617ad9e892
Activity.SpanId:             a7996edc16351865
Activity.TraceFlags:         Recorded
Activity.ActivitySourceName: Microsoft.AspNetCore
Activity.DisplayName:        GET api/People/{id:guid}
Activity.Kind:               Server
Activity.StartTime:          2025-09-11T06:34:06.1306297Z
Activity.Duration:           00:00:00.0003890
Activity.Tags:
[06:34:06 DBG] Cache hit for key: entity:person:965d5ff713144b0eb1e6a97c72e893d3 {"SourceContext": "Infrastructure.Services.Caching.InMemoryCacheService", "ActionId": "68f2ae06-d9de-4a1d-b307-56add6332352", "ActionName": "Api.Controllers.PeopleController.Get (Api)", "RequestId": "0HNFGVK4NGCTT", "RequestPath": "/api/people/965d5ff7-1314-4b0e-b1e6-a97c72e893d3", "Application": "Crud.Api"}
    server.address: localhost
    http.request.method: GET
    url.scheme: http
    url.path: /api/people/965d5ff7-1314-4b0e-b1e6-a97c72e893d3
    network.protocol.version: 1.1
    http.route: api/People/{id:guid}
    http.response.status_code: 200
Resource associated with Activity:
    deployment.environment: Testing
    service.name: Crud.Api
    service.version: 1.0.0
    service.instance.id: 10e2e254-224c-48e1-a2d2-8bbb5483cf26
    telemetry.sdk.name: opentelemetry
    telemetry.sdk.language: dotnet
    telemetry.sdk.version: 1.8.1
Activity.TraceId:            4699e57c9f74adce1b0cffc7b35ca3f8
Activity.SpanId:             47022333ab760173
Activity.TraceFlags:         Recorded
Activity.ActivitySourceName: Microsoft.AspNetCore
Activity.DisplayName:        GET api/People/{id:guid}
Activity.Kind:               Server
Activity.StartTime:          2025-09-11T06:34:06.1307663Z
Activity.Duration:           00:00:00.0003680
Activity.Tags:
    server.address: localhost
    http.request.method: GET
    url.scheme: http
    url.path: /api/people/965d5ff7-1314-4b0e-b1e6-a97c72e893d3
    network.protocol.version: 1.1
    http.route: api/People/{id:guid}
    http.response.status_code: 200
Resource associated with Activity:
    deployment.environment: Testing
    service.name: Crud.Api
    service.version: 1.0.0
    service.instance.id: 10e2e254-224c-48e1-a2d2-8bbb5483cf26
    telemetry.sdk.name: opentelemetry
    telemetry.sdk.language: dotnet
    telemetry.sdk.version: 1.8.1
[06:34:06 INF] Resetting database for worker 9789 {"SourceContext": "Infrastructure.Services.DatabaseTestService", "Application": "Crud.Api"}
[06:34:06 INF] Resetting database via file deletion for worker 9789 in CI environment {"SourceContext": "Infrastructure.Services.DatabaseTestService", "Application": "Crud.Api"}
[06:34:06 INF] Acquiring database mutex for worker 9789... {"SourceContext": "Infrastructure.Services.DatabaseTestService", "Application": "Crud.Api"}
[06:34:06 INF] Database mutex acquired for worker 9789 {"SourceContext": "Infrastructure.Services.DatabaseTestService", "Application": "Crud.Api"}
[06:34:06 INF] Current database state - CanConnect: True {"SourceContext": "Infrastructure.Services.DatabaseTestService", "Application": "Crud.Api"}
[06:34:06 INF] [Phase 0] Closing database connection for worker 9789... {"SourceContext": "Infrastructure.Services.DatabaseTestService", "Application": "Crud.Api"}
[06:34:06 INF] [Phase 0] Connection closed in 0.0006ms {"SourceContext": "Infrastructure.Services.DatabaseTestService", "Application": "Crud.Api"}
[06:34:06 INF] [Phase 1] Starting EnsureDeletedAsync for worker 9789... {"SourceContext": "Infrastructure.Services.DatabaseTestService", "Application": "Crud.Api"}
[06:34:06 INF] [Phase 1] EnsureDeletedAsync completed in 1.4285ms {"SourceContext": "Infrastructure.Services.DatabaseTestService", "Application": "Crud.Api"}
[06:34:06 INF] [Phase 2] Starting EnsureCreatedAsync for worker 9789... {"SourceContext": "Infrastructure.Services.DatabaseTestService", "Application": "Crud.Api"}
[06:34:06 INF] [Phase 2] EnsureCreatedAsync completed in 9.8955ms {"SourceContext": "Infrastructure.Services.DatabaseTestService", "Application": "Crud.Api"}
[06:34:06 INF] [Phase 3] Skipping database seeding as requested for worker 9789 {"SourceContext": "Infrastructure.Services.DatabaseTestService", "Application": "Crud.Api"}
[06:34:06 INF] Database reset via file deletion completed for worker 9789 in 110.9306ms (Close: 0.0006ms, Delete: 1.4285ms, Create: 9.8955ms) {"SourceContext": "Infrastructure.Services.DatabaseTestService", "Application": "Crud.Api"}
[06:34:06 INF] Releasing database mutex for worker 9789 {"SourceContext": "Infrastructure.Services.DatabaseTestService", "Application": "Crud.Api"}
Resource associated with Metric:
    deployment.environment: Testing
    service.name: Crud.Api
    service.version: 1.0.0
    service.instance.id: 10e2e254-224c-48e1-a2d2-8bbb5483cf26
    telemetry.sdk.name: opentelemetry
    telemetry.sdk.language: dotnet
    telemetry.sdk.version: 1.8.1
Metric Name: http.server.active_requests, Number of active HTTP server requests., Unit: {request}, Meter: Microsoft.AspNetCore.Hosting
(2025-09-11T06:33:59.0909474Z, 2025-09-11T06:34:06.2440429Z] http.request.method: POST url.scheme: http LongSumNonMonotonic
Value: 0
(2025-09-11T06:33:59.0909474Z, 2025-09-11T06:34:06.2440429Z] http.request.method: GET url.scheme: http LongSumNonMonotonic
Value: 0
Metric Name: http.server.request.duration, Duration of HTTP server requests., Unit: s, Meter: Microsoft.AspNetCore.Hosting
(2025-09-11T06:33:59.0909677Z, 2025-09-11T06:34:06.2440467Z] http.request.method: POST http.response.status_code: 200 http.route: api/Auth/register network.protocol.version: 1.1 url.scheme: http Histogram
Value: Sum: 3.8701653000000005 Count: 13 Min: 0.2957091 Max: 0.3046627 
(-Infinity,0.005]:0
(0.005,0.01]:0
(0.01,0.025]:0
(0.025,0.05]:0
(0.05,0.075]:0
(0.075,0.1]:0
(0.1,0.25]:0
(0.25,0.5]:13
(0.5,0.75]:0
(0.75,1]:0
(1,2.5]:0
(2.5,5]:0
(5,7.5]:0
(7.5,10]:0
(10,+Infinity]:0
(2025-09-11T06:33:59.0909677Z, 2025-09-11T06:34:06.2440467Z] http.request.method: POST http.response.status_code: 200 http.route: api/Auth/login network.protocol.version: 1.1 url.scheme: http Histogram
Value: Sum: 0.8949678 Count: 3 Min: 0.2961879 Max: 0.3005314 
(-Infinity,0.005]:0
(0.005,0.01]:0
(0.01,0.025]:0
(0.025,0.05]:0
(0.05,0.075]:0
(0.075,0.1]:0
(0.1,0.25]:0
(0.25,0.5]:3
(0.5,0.75]:0
(0.75,1]:0
(1,2.5]:0
(2.5,5]:0
(5,7.5]:0
(7.5,10]:0
(10,+Infinity]:0
(2025-09-11T06:33:59.0909677Z, 2025-09-11T06:34:06.2440467Z] http.request.method: GET http.response.status_code: 200 http.route: api/Roles network.protocol.version: 1.1 url.scheme: http Histogram
Value: Sum: 0.017071700000000006 Count: 14 Min: 0.0002948 Max: 0.0092104 
(-Infinity,0.005]:13
(0.005,0.01]:1
(0.01,0.025]:0
(0.025,0.05]:0
(0.05,0.075]:0
(0.075,0.1]:0
(0.1,0.25]:0
(0.25,0.5]:0
(0.5,0.75]:0
(0.75,1]:0
(1,2.5]:0
(2.5,5]:0
(5,7.5]:0
(7.5,10]:0
(10,+Infinity]:0
(2025-09-11T06:33:59.0909677Z, 2025-09-11T06:34:06.2440467Z] http.request.method: GET http.response.status_code: 200 http.route: api/Walls network.protocol.version: 1.1 url.scheme: http Histogram
Value: Sum: 0.013898800000000001 Count: 3 Min: 0.0003653 Max: 0.0112292 
(-Infinity,0.005]:2
(0.005,0.01]:0
(0.01,0.025]:1
(0.025,0.05]:0
(0.05,0.075]:0
(0.075,0.1]:0
(0.1,0.25]:0
(0.25,0.5]:0
(0.5,0.75]:0
(0.75,1]:0
(1,2.5]:0
(2.5,5]:0
(5,7.5]:0
(7.5,10]:0
(10,+Infinity]:0
(2025-09-11T06:33:59.0909677Z, 2025-09-11T06:34:06.2440467Z] http.request.method: POST http.response.status_code: 201 http.route: api/Roles network.protocol.version: 1.1 url.scheme: http Histogram
Value: Sum: 0.0094978 Count: 1 Min: 0.0094978 Max: 0.0094978 
(-Infinity,0.005]:0
(0.005,0.01]:1
(0.01,0.025]:0
(0.025,0.05]:0
(0.05,0.075]:0
(0.075,0.1]:0
(0.1,0.25]:0
(0.25,0.5]:0
(0.5,0.75]:0
(0.75,1]:0
(1,2.5]:0
(2.5,5]:0
(5,7.5]:0
(7.5,10]:0
(10,+Infinity]:0
(2025-09-11T06:33:59.0909677Z, 2025-09-11T06:34:06.2440467Z] http.request.method: GET http.response.status_code: 200 http.route: api/People network.protocol.version: 1.1 url.scheme: http Histogram
Value: Sum: 0.026586300000000004 Count: 28 Min: 0.00025 Max: 0.0083039 
(-Infinity,0.005]:27
(0.005,0.01]:1
(0.01,0.025]:0
(0.025,0.05]:0
(0.05,0.075]:0
(0.075,0.1]:0
(0.1,0.25]:0
(0.25,0.5]:0
(0.5,0.75]:0
(0.75,1]:0
(1,2.5]:0
(2.5,5]:0
(5,7.5]:0
(7.5,10]:0
(10,+Infinity]:0
(2025-09-11T06:33:59.0909677Z, 2025-09-11T06:34:06.2440467Z] http.request.method: POST http.response.status_code: 201 http.route: api/People network.protocol.version: 1.1 url.scheme: http Histogram
Value: Sum: 0.011552999999999999 Count: 2 Min: 0.0019212 Max: 0.0096318 
(-Infinity,0.005]:1
(0.005,0.01]:1
(0.01,0.025]:0
(0.025,0.05]:0
(0.05,0.075]:0
(0.075,0.1]:0
(0.1,0.25]:0
(0.25,0.5]:0
(0.5,0.75]:0
(0.75,1]:0
(1,2.5]:0
(2.5,5]:0
(5,7.5]:0
(7.5,10]:0
(10,+Infinity]:0
(2025-09-11T06:33:59.0909677Z, 2025-09-11T06:34:06.2440467Z] http.request.method: GET http.response.status_code: 304 http.route: api/People network.protocol.version: 1.1 url.scheme: http Histogram
Value: Sum: 0.0007003 Count: 1 Min: 0.0007003 Max: 0.0007003 
(-Infinity,0.005]:1
(0.005,0.01]:0
(0.01,0.025]:0
(0.025,0.05]:0
(0.05,0.075]:0
(0.075,0.1]:0
(0.1,0.25]:0
(0.25,0.5]:0
(0.5,0.75]:0
(0.75,1]:0
(1,2.5]:0
(2.5,5]:0
(5,7.5]:0
(7.5,10]:0
(10,+Infinity]:0
(2025-09-11T06:33:59.0909677Z, 2025-09-11T06:34:06.2440467Z] http.request.method: GET http.response.status_code: 200 http.route: api/Windows network.protocol.version: 1.1 url.scheme: http Histogram
Value: Sum: 0.0111059 Count: 1 Min: 0.0111059 Max: 0.0111059 
(-Infinity,0.005]:0
(0.005,0.01]:0
(0.01,0.025]:1
(0.025,0.05]:0
(0.05,0.075]:0
(0.075,0.1]:0
(0.1,0.25]:0
(0.25,0.5]:0
(0.5,0.75]:0
(0.75,1]:0
(1,2.5]:0
(2.5,5]:0
(5,7.5]:0
(7.5,10]:0
(10,+Infinity]:0
(2025-09-11T06:33:59.0909677Z, 2025-09-11T06:34:06.2440467Z] http.request.method: GET http.response.status_code: 200 http.route: api/People/{id:guid} network.protocol.version: 1.1 url.scheme: http Histogram
Value: Sum: 0.0066874 Count: 6 Min: 0.000368 Max: 0.0045704 
(-Infinity,0.005]:6
(0.005,0.01]:0
(0.01,0.025]:0
(0.025,0.05]:0
(0.05,0.075]:0
(0.075,0.1]:0
(0.1,0.25]:0
(0.25,0.5]:0
(0.5,0.75]:0
(0.75,1]:0
(1,2.5]:0
(2.5,5]:0
(5,7.5]:0
(7.5,10]:0
(10,+Infinity]:0
Metric Name: aspnetcore.rate_limiting.active_request_leases, Number of HTTP requests that are currently active on the server that hold a rate limiting lease., Unit: {request}, Meter: Microsoft.AspNetCore.RateLimiting
(2025-09-11T06:33:59.0930788Z, 2025-09-11T06:34:06.2440474Z] LongSumNonMonotonic
Value: 0
Metric Name: aspnetcore.rate_limiting.request_lease.duration, The duration of rate limiting leases held by HTTP requests on the server., Unit: s, Meter: Microsoft.AspNetCore.RateLimiting
(2025-09-11T06:33:59.0931063Z, 2025-09-11T06:34:06.2440483Z] Histogram
Value: Sum: 4.853148 Count: 72 Min: 0.0002154 Max: 0.303729 
(-Infinity,0.005]:50
(0.005,0.01]:4
(0.01,0.025]:2
(0.025,0.05]:0
(0.05,0.075]:0
(0.075,0.1]:0
(0.1,0.25]:0
(0.25,0.5]:16
(0.5,0.75]:0
(0.75,1]:0
(1,2.5]:0
(2.5,5]:0
(5,7.5]:0
(7.5,10]:0
(10,+Infinity]:0
Metric Name: aspnetcore.rate_limiting.requests, Number of requests that tried to acquire a rate limiting lease. Requests could be rejected by global or endpoint rate limiting policies. Or the request could be canceled while waiting for the lease., Unit: {request}, Meter: Microsoft.AspNetCore.RateLimiting
(2025-09-11T06:33:59.0931548Z, 2025-09-11T06:34:06.2440500Z] aspnetcore.rate_limiting.result: acquired LongSum
Value: 72
Metric Name: aspnetcore.routing.match_attempts, Number of requests that were attempted to be matched to an endpoint., Unit: {match_attempt}, Meter: Microsoft.AspNetCore.Routing
(2025-09-11T06:33:59.0940354Z, 2025-09-11T06:34:06.2440504Z] aspnetcore.routing.is_fallback: false aspnetcore.routing.match_status: success http.route: api/Auth/register LongSum
Value: 13
(2025-09-11T06:33:59.0940354Z, 2025-09-11T06:34:06.2440504Z] aspnetcore.routing.is_fallback: false aspnetcore.routing.match_status: success http.route: api/Auth/login LongSum
Value: 3
(2025-09-11T06:33:59.0940354Z, 2025-09-11T06:34:06.2440504Z] aspnetcore.routing.is_fallback: false aspnetcore.routing.match_status: success http.route: api/Roles LongSum
Value: 15
(2025-09-11T06:33:59.0940354Z, 2025-09-11T06:34:06.2440504Z] aspnetcore.routing.is_fallback: false aspnetcore.routing.match_status: success http.route: api/Walls LongSum
Value: 3
(2025-09-11T06:33:59.0940354Z, 2025-09-11T06:34:06.2440504Z] aspnetcore.routing.is_fallback: false aspnetcore.routing.match_status: success http.route: api/People LongSum
Value: 31
(2025-09-11T06:33:59.0940354Z, 2025-09-11T06:34:06.2440504Z] aspnetcore.routing.is_fallback: false aspnetcore.routing.match_status: success http.route: api/Windows LongSum
Value: 1
(2025-09-11T06:33:59.0940354Z, 2025-09-11T06:34:06.2440504Z] aspnetcore.routing.is_fallback: false aspnetcore.routing.match_status: success http.route: api/People/{id:guid} LongSum
Value: 6
[06:34:06 INF] Starting Crud API application {"Application": "Crud.Api"}
[06:34:06 INF] Using SQLite provider with connection: Data Source=TestDatabase.db {"Application": "Crud.Api"}
[06:34:06 INF] Database ensured successfully {"Application": "Crud.Api"}
[06:34:06 INF] Application configured successfully. Starting web host... {"Application": "Crud.Api"}
[06:34:06 WRN] Failed to determine the https port for redirect. {"EventId": {"Id": 3, "Name": "FailedToDeterminePort"}, "SourceContext": "Microsoft.AspNetCore.HttpsPolicy.HttpsRedirectionMiddleware", "RequestId": "0HNFGVK4NGCTU", "RequestPath": "/api/auth/register", "Application": "Crud.Api"}
[06:34:06 INF] User registered successfully: 54984ab2-8e73-4bd5-abfe-a37b2c921f66 {"SourceContext": "App.Features.Authentication.RegisterUserCommandHandler", "ActionId": "b3cfc7e1-da85-4735-bafe-ca0077844b75", "ActionName": "Api.Controllers.AuthController.Register (Api)", "RequestId": "0HNFGVK4NGCTU", "RequestPath": "/api/auth/register", "Application": "Crud.Api"}
Activity.TraceId:            1de4c3d9f13317b89cde36c176567c7a
Activity.SpanId:             741cd89d31dcde33
Activity.TraceFlags:         Recorded
Activity.ActivitySourceName: Microsoft.AspNetCore
Activity.DisplayName:        POST api/Auth/register
Activity.Kind:               Server
Activity.StartTime:          2025-09-11T06:34:06.2843233Z
Activity.Duration:           00:00:00.3047505
Activity.Tags:
    server.address: localhost
    http.request.method: POST
    url.scheme: http
    url.path: /api/auth/register
    network.protocol.version: 1.1
    http.route: api/Auth/register
    http.response.status_code: 200
Resource associated with Activity:
    deployment.environment: Testing
    service.name: Crud.Api
    service.version: 1.0.0
    service.instance.id: 10e2e254-224c-48e1-a2d2-8bbb5483cf26
    telemetry.sdk.name: opentelemetry
    telemetry.sdk.language: dotnet
    telemetry.sdk.version: 1.8.1
[06:34:06 INF] User logged in successfully: 54984ab2-8e73-4bd5-abfe-a37b2c921f66 {"SourceContext": "App.Features.Authentication.LoginCommandHandler", "ActionId": "3acfc5f0-e77e-4caf-a755-beed2463964d", "ActionName": "Api.Controllers.AuthController.Login (Api)", "RequestId": "0HNFGVK4NGCTV", "RequestPath": "/api/auth/login", "Application": "Crud.Api"}
Activity.TraceId:            c007b4b592392bb090b5753fd2be9bdd
Activity.SpanId:             860442a7bb3c98f2
Activity.TraceFlags:         Recorded
Activity.ActivitySourceName: Microsoft.AspNetCore
Activity.DisplayName:        POST api/Auth/login
Activity.Kind:               Server
Activity.StartTime:          2025-09-11T06:34:06.5920630Z
Activity.Duration:           00:00:00.3019747
Activity.Tags:
    server.address: localhost
    http.request.method: POST
    url.scheme: http
    url.path: /api/auth/login
    network.protocol.version: 1.1
    http.route: api/Auth/login
    http.response.status_code: 200
Resource associated with Activity:
    deployment.environment: Testing
    service.name: Crud.Api
    service.version: 1.0.0
    service.instance.id: 10e2e254-224c-48e1-a2d2-8bbb5483cf26
    telemetry.sdk.name: opentelemetry
    telemetry.sdk.language: dotnet
    telemetry.sdk.version: 1.8.1
[06:34:06 DBG] Removed cache value for key: entity:wall:234d5eafa02b4e5ebb136ebf9c3b5664 {"SourceContext": "Infrastructure.Services.Caching.InMemoryCacheService", "ActionId": "3cc01003-95fb-4b0d-a833-447e26732bd5", "ActionName": "Api.Controllers.WallsController.Create (Api)", "RequestId": "0HNFGVK4NGCU0", "RequestPath": "/api/walls", "Application": "Crud.Api"}
[06:34:06 DBG] Removed cache value for key: list:wall {"SourceContext": "Infrastructure.Services.Caching.InMemoryCacheService", "ActionId": "3cc01003-95fb-4b0d-a833-447e26732bd5", "ActionName": "Api.Controllers.WallsController.Create (Api)", "RequestId": "0HNFGVK4NGCU0", "RequestPath": "/api/walls", "Application": "Crud.Api"}
[06:34:06 DBG] Invalidating cache for entity type: walls with tag: walls {"SourceContext": "Api.Services.OutputCacheInvalidationService", "ActionId": "3cc01003-95fb-4b0d-a833-447e26732bd5", "ActionName": "Api.Controllers.WallsController.Create (Api)", "RequestId": "0HNFGVK4NGCU0", "RequestPath": "/api/walls", "Application": "Crud.Api"}
[06:34:06 INF] Successfully invalidated cache for entity type: walls {"SourceContext": "Api.Services.OutputCacheInvalidationService", "ActionId": "3cc01003-95fb-4b0d-a833-447e26732bd5", "ActionName": "Api.Controllers.WallsController.Create (Api)", "RequestId": "0HNFGVK4NGCU0", "RequestPath": "/api/walls", "Application": "Crud.Api"}
Activity.TraceId:            ea604a73d248bf5c1d13ac40ca865990
Activity.SpanId:             57cc348b633f61ae
Activity.TraceFlags:         Recorded
Activity.ActivitySourceName: Microsoft.AspNetCore
Activity.DisplayName:        POST api/Walls
Activity.Kind:               Server
Activity.StartTime:          2025-09-11T06:34:06.8953568Z
Activity.Duration:           00:00:00.0162160
Activity.Tags:
    server.address: localhost
    http.request.method: POST
    url.scheme: http
    url.path: /api/walls
    network.protocol.version: 1.1
    http.route: api/Walls
    http.response.status_code: 201
Resource associated with Activity:
    deployment.environment: Testing
    service.name: Crud.Api
    service.version: 1.0.0
    service.instance.id: 10e2e254-224c-48e1-a2d2-8bbb5483cf26
    telemetry.sdk.name: opentelemetry
    telemetry.sdk.language: dotnet
    telemetry.sdk.version: 1.8.1
[06:34:07 INF] User registered successfully: bf09a4de-45d3-4435-8657-6fcf4e3e5938 {"SourceContext": "App.Features.Authentication.RegisterUserCommandHandler", "ActionId": "b3cfc7e1-da85-4735-bafe-ca0077844b75", "ActionName": "Api.Controllers.AuthController.Register (Api)", "RequestId": "0HNFGVK4NGCU1", "RequestPath": "/api/auth/register", "Application": "Crud.Api"}
Activity.TraceId:            f87935aa560be961ef86bfc36b3436fe
Activity.SpanId:             e0bd5a7e964dc692
Activity.TraceFlags:         Recorded
Activity.ActivitySourceName: Microsoft.AspNetCore
Activity.DisplayName:        POST api/Auth/register
Activity.Kind:               Server
Activity.StartTime:          2025-09-11T06:34:06.9170918Z
Activity.Duration:           00:00:00.2974452
Activity.Tags:
    server.address: localhost
    http.request.method: POST
    url.scheme: http
    url.path: /api/auth/register
    network.protocol.version: 1.1
    http.route: api/Auth/register
    http.response.status_code: 200
Resource associated with Activity:
    deployment.environment: Testing
    service.name: Crud.Api
    service.version: 1.0.0
    service.instance.id: 10e2e254-224c-48e1-a2d2-8bbb5483cf26
    telemetry.sdk.name: opentelemetry
    telemetry.sdk.language: dotnet
    telemetry.sdk.version: 1.8.1
[06:34:07 INF] User logged in successfully: bf09a4de-45d3-4435-8657-6fcf4e3e5938 {"SourceContext": "App.Features.Authentication.LoginCommandHandler", "ActionId": "3acfc5f0-e77e-4caf-a755-beed2463964d", "ActionName": "Api.Controllers.AuthController.Login (Api)", "RequestId": "0HNFGVK4NGCU2", "RequestPath": "/api/auth/login", "Application": "Crud.Api"}
Activity.TraceId:            d42374cc83d561e365d396e819cddbc8
Activity.SpanId:             a2479f77c3931f1a
Activity.TraceFlags:         Recorded
Activity.ActivitySourceName: Microsoft.AspNetCore
Activity.DisplayName:        POST api/Auth/login
Activity.Kind:               Server
Activity.StartTime:          2025-09-11T06:34:07.2161906Z
Activity.Duration:           00:00:00.2960008
Activity.Tags:
    server.address: localhost
    http.request.method: POST
    url.scheme: http
    url.path: /api/auth/login
    network.protocol.version: 1.1
    http.route: api/Auth/login
    http.response.status_code: 200
Resource associated with Activity:
    deployment.environment: Testing
    service.name: Crud.Api
    service.version: 1.0.0
    service.instance.id: 10e2e254-224c-48e1-a2d2-8bbb5483cf26
    telemetry.sdk.name: opentelemetry
    telemetry.sdk.language: dotnet
    telemetry.sdk.version: 1.8.1
[06:34:07 DBG] Removed cache value for key: entity:wall:2636ae017322404d8efa42fb85e6989b {"SourceContext": "Infrastructure.Services.Caching.InMemoryCacheService", "ActionId": "3cc01003-95fb-4b0d-a833-447e26732bd5", "ActionName": "Api.Controllers.WallsController.Create (Api)", "RequestId": "0HNFGVK4NGCU3", "RequestPath": "/api/walls", "Application": "Crud.Api"}
[06:34:07 DBG] Removed cache value for key: list:wall {"SourceContext": "Infrastructure.Services.Caching.InMemoryCacheService", "ActionId": "3cc01003-95fb-4b0d-a833-447e26732bd5", "ActionName": "Api.Controllers.WallsController.Create (Api)", "RequestId": "0HNFGVK4NGCU3", "RequestPath": "/api/walls", "Application": "Crud.Api"}
[06:34:07 DBG] Invalidating cache for entity type: walls with tag: walls {"SourceContext": "Api.Services.OutputCacheInvalidationService", "ActionId": "3cc01003-95fb-4b0d-a833-447e26732bd5", "ActionName": "Api.Controllers.WallsController.Create (Api)", "RequestId": "0HNFGVK4NGCU3", "RequestPath": "/api/walls", "Application": "Crud.Api"}
[06:34:07 INF] Successfully invalidated cache for entity type: walls {"SourceContext": "Api.Services.OutputCacheInvalidationService", "ActionId": "3cc01003-95fb-4b0d-a833-447e26732bd5", "ActionName": "Api.Controllers.WallsController.Create (Api)", "RequestId": "0HNFGVK4NGCU3", "RequestPath": "/api/walls", "Application": "Crud.Api"}
Activity.TraceId:            ed027bfcb2f36b263e7b4b1db3d97ec1
Activity.SpanId:             fedac5d33c78b79f
Activity.TraceFlags:         Recorded
Activity.ActivitySourceName: Microsoft.AspNetCore
Activity.DisplayName:        POST api/Walls
Activity.Kind:               Server
Activity.StartTime:          2025-09-11T06:34:07.5131470Z
Activity.Duration:           00:00:00.0021930
Activity.Tags:
    server.address: localhost
    http.request.method: POST
    url.scheme: http
    url.path: /api/walls
    network.protocol.version: 1.1
    http.route: api/Walls
    http.response.status_code: 201
Resource associated with Activity:
    deployment.environment: Testing
    service.name: Crud.Api
    service.version: 1.0.0
    service.instance.id: 10e2e254-224c-48e1-a2d2-8bbb5483cf26
    telemetry.sdk.name: opentelemetry
    telemetry.sdk.language: dotnet
    telemetry.sdk.version: 1.8.1
[06:34:07 INF] User registered successfully: 37fb70b4-e79a-4f49-80ab-7b8a904d2c9d {"SourceContext": "App.Features.Authentication.RegisterUserCommandHandler", "ActionId": "b3cfc7e1-da85-4735-bafe-ca0077844b75", "ActionName": "Api.Controllers.AuthController.Register (Api)", "RequestId": "0HNFGVK4NGCU4", "RequestPath": "/api/auth/register", "Application": "Crud.Api"}
Activity.TraceId:            3703d4da1a0dad6919d7027c02e50c9f
Activity.SpanId:             600c23464eb488b4
Activity.TraceFlags:         Recorded
Activity.ActivitySourceName: Microsoft.AspNetCore
Activity.DisplayName:        POST api/Auth/register
Activity.Kind:               Server
Activity.StartTime:          2025-09-11T06:34:07.5164409Z
Activity.Duration:           00:00:00.2995795
Activity.Tags:
    server.address: localhost
    http.request.method: POST
    url.scheme: http
    url.path: /api/auth/register
    network.protocol.version: 1.1
    http.route: api/Auth/register
    http.response.status_code: 200
Resource associated with Activity:
    deployment.environment: Testing
    service.name: Crud.Api
    service.version: 1.0.0
    service.instance.id: 10e2e254-224c-48e1-a2d2-8bbb5483cf26
    telemetry.sdk.name: opentelemetry
    telemetry.sdk.language: dotnet
    telemetry.sdk.version: 1.8.1
[06:34:07 DBG] Cache miss for key: entity:wall:2636ae017322404d8efa42fb85e6989b {"SourceContext": "Infrastructure.Services.Caching.InMemoryCacheService", "ActionId": "a1ecfcf4-348c-49b9-908d-553e7a2ea6fc", "ActionName": "Api.Controllers.WallsController.Get (Api)", "RequestId": "0HNFGVK4NGCU5", "RequestPath": "/api/walls/2636ae01-7322-404d-8efa-42fb85e6989b", "Application": "Crud.Api"}
[06:34:07 DBG] Set cache value for key: entity:wall:2636ae017322404d8efa42fb85e6989b {"SourceContext": "Infrastructure.Services.Caching.InMemoryCacheService", "ActionId": "a1ecfcf4-348c-49b9-908d-553e7a2ea6fc", "ActionName": "Api.Controllers.WallsController.Get (Api)", "RequestId": "0HNFGVK4NGCU5", "RequestPath": "/api/walls/2636ae01-7322-404d-8efa-42fb85e6989b", "Application": "Crud.Api"}
Activity.TraceId:            bc64074bbf7453af9e03bde6b0f41731
Activity.SpanId:             1136a572d656e62f
Activity.TraceFlags:         Recorded
Activity.ActivitySourceName: Microsoft.AspNetCore
Activity.DisplayName:        GET api/Walls/{id:guid}
Activity.Kind:               Server
Activity.StartTime:          2025-09-11T06:34:07.8161806Z
Activity.Duration:           00:00:00.0138333
Activity.Tags:
    server.address: localhost
    http.request.method: GET
    url.scheme: http
    url.path: /api/walls/2636ae01-7322-404d-8efa-42fb85e6989b
    network.protocol.version: 1.1
    http.route: api/Walls/{id:guid}
    http.response.status_code: 200
Resource associated with Activity:
    deployment.environment: Testing
    service.name: Crud.Api
    service.version: 1.0.0
    service.instance.id: 10e2e254-224c-48e1-a2d2-8bbb5483cf26
    telemetry.sdk.name: opentelemetry
    telemetry.sdk.language: dotnet
    telemetry.sdk.version: 1.8.1
[06:34:07 INF] Resetting database for worker 14190 {"SourceContext": "Infrastructure.Services.DatabaseTestService", "Application": "Crud.Api"}
[06:34:07 INF] Resetting database via file deletion for worker 14190 in CI environment {"SourceContext": "Infrastructure.Services.DatabaseTestService", "Application": "Crud.Api"}
[06:34:07 INF] Acquiring database mutex for worker 14190... {"SourceContext": "Infrastructure.Services.DatabaseTestService", "Application": "Crud.Api"}
[06:34:07 INF] Database mutex acquired for worker 14190 {"SourceContext": "Infrastructure.Services.DatabaseTestService", "Application": "Crud.Api"}
[06:34:07 INF] Current database state - CanConnect: True {"SourceContext": "Infrastructure.Services.DatabaseTestService", "Application": "Crud.Api"}
[06:34:07 INF] [Phase 0] Closing database connection for worker 14190... {"SourceContext": "Infrastructure.Services.DatabaseTestService", "Application": "Crud.Api"}
[06:34:07 INF] [Phase 0] Connection closed in 0.0006ms {"SourceContext": "Infrastructure.Services.DatabaseTestService", "Application": "Crud.Api"}
[06:34:07 INF] [Phase 1] Starting EnsureDeletedAsync for worker 14190... {"SourceContext": "Infrastructure.Services.DatabaseTestService", "Application": "Crud.Api"}
[06:34:07 INF] [Phase 1] EnsureDeletedAsync completed in 1.6371ms {"SourceContext": "Infrastructure.Services.DatabaseTestService", "Application": "Crud.Api"}
[06:34:07 INF] [Phase 2] Starting EnsureCreatedAsync for worker 14190... {"SourceContext": "Infrastructure.Services.DatabaseTestService", "Application": "Crud.Api"}
[06:34:07 INF] [Phase 2] EnsureCreatedAsync completed in 15.3187ms {"SourceContext": "Infrastructure.Services.DatabaseTestService", "Application": "Crud.Api"}
[06:34:07 INF] [Phase 3] Skipping database seeding as requested for worker 14190 {"SourceContext": "Infrastructure.Services.DatabaseTestService", "Application": "Crud.Api"}
[06:34:07 INF] Database reset via file deletion completed for worker 14190 in 117.7674ms (Close: 0.0006ms, Delete: 1.6371ms, Create: 15.3187ms) {"SourceContext": "Infrastructure.Services.DatabaseTestService", "Application": "Crud.Api"}
[06:34:07 INF] Releasing database mutex for worker 14190 {"SourceContext": "Infrastructure.Services.DatabaseTestService", "Application": "Crud.Api"}
[06:34:08 INF] User registered successfully: 3faaf1b4-75f2-49ce-9c66-4cc30d87058c {"SourceContext": "App.Features.Authentication.RegisterUserCommandHandler", "ActionId": "b3cfc7e1-da85-4735-bafe-ca0077844b75", "ActionName": "Api.Controllers.AuthController.Register (Api)", "RequestId": "0HNFGVK4NGCU6", "RequestPath": "/api/auth/register", "Application": "Crud.Api"}
Activity.TraceId:            35517c53ff9e54bc81ce83c1ef4a2aa0
Activity.SpanId:             db72228b7d2026a0
Activity.TraceFlags:         Recorded
Activity.ActivitySourceName: Microsoft.AspNetCore
Activity.DisplayName:        POST api/Auth/register
Activity.Kind:               Server
Activity.StartTime:          2025-09-11T06:34:07.9526036Z
Activity.Duration:           00:00:00.2962569
Activity.Tags:
    server.address: localhost
    http.request.method: POST
    url.scheme: http
    url.path: /api/auth/register
    network.protocol.version: 1.1
    http.route: api/Auth/register
    http.response.status_code: 200
Resource associated with Activity:
    deployment.environment: Testing
    service.name: Crud.Api
    service.version: 1.0.0
    service.instance.id: 10e2e254-224c-48e1-a2d2-8bbb5483cf26
    telemetry.sdk.name: opentelemetry
    telemetry.sdk.language: dotnet
    telemetry.sdk.version: 1.8.1
[06:34:08 INF] User logged in successfully: 3faaf1b4-75f2-49ce-9c66-4cc30d87058c {"SourceContext": "App.Features.Authentication.LoginCommandHandler", "ActionId": "3acfc5f0-e77e-4caf-a755-beed2463964d", "ActionName": "Api.Controllers.AuthController.Login (Api)", "RequestId": "0HNFGVK4NGCU7", "RequestPath": "/api/auth/login", "Application": "Crud.Api"}
Activity.TraceId:            7b227d7794f0e6024593d16dfe672528
Activity.SpanId:             efe8565e86c67d05
Activity.TraceFlags:         Recorded
Activity.ActivitySourceName: Microsoft.AspNetCore
Activity.DisplayName:        POST api/Auth/login
Activity.Kind:               Server
Activity.StartTime:          2025-09-11T06:34:08.2500872Z
Activity.Duration:           00:00:00.2977639
Activity.Tags:
    server.address: localhost
    http.request.method: POST
    url.scheme: http
    url.path: /api/auth/login
    network.protocol.version: 1.1
    http.route: api/Auth/login
    http.response.status_code: 200
Resource associated with Activity:
    deployment.environment: Testing
    service.name: Crud.Api
    service.version: 1.0.0
    service.instance.id: 10e2e254-224c-48e1-a2d2-8bbb5483cf26
    telemetry.sdk.name: opentelemetry
    telemetry.sdk.language: dotnet
    telemetry.sdk.version: 1.8.1
[06:34:08 DBG] Removed cache value for key: entity:wall:ab993b1853c4480cab066af4737627c4 {"SourceContext": "Infrastructure.Services.Caching.InMemoryCacheService", "ActionId": "3cc01003-95fb-4b0d-a833-447e26732bd5", "ActionName": "Api.Controllers.WallsController.Create (Api)", "RequestId": "0HNFGVK4NGCU8", "RequestPath": "/api/walls", "Application": "Crud.Api"}
[06:34:08 DBG] Removed cache value for key: list:wall {"SourceContext": "Infrastructure.Services.Caching.InMemoryCacheService", "ActionId": "3cc01003-95fb-4b0d-a833-447e26732bd5", "ActionName": "Api.Controllers.WallsController.Create (Api)", "RequestId": "0HNFGVK4NGCU8", "RequestPath": "/api/walls", "Application": "Crud.Api"}
[06:34:08 DBG] Invalidating cache for entity type: walls with tag: walls {"SourceContext": "Api.Services.OutputCacheInvalidationService", "ActionId": "3cc01003-95fb-4b0d-a833-447e26732bd5", "ActionName": "Api.Controllers.WallsController.Create (Api)", "RequestId": "0HNFGVK4NGCU8", "RequestPath": "/api/walls", "Application": "Crud.Api"}
[06:34:08 INF] Successfully invalidated cache for entity type: walls {"SourceContext": "Api.Services.OutputCacheInvalidationService", "ActionId": "3cc01003-95fb-4b0d-a833-447e26732bd5", "ActionName": "Api.Controllers.WallsController.Create (Api)", "RequestId": "0HNFGVK4NGCU8", "RequestPath": "/api/walls", "Application": "Crud.Api"}
Activity.TraceId:            fbce6a59f30943eeb955e4d18a2be38c
Activity.SpanId:             a3cf5d8eeee44665
Activity.TraceFlags:         Recorded
Activity.ActivitySourceName: Microsoft.AspNetCore
Activity.DisplayName:        POST api/Walls
Activity.Kind:               Server
Activity.StartTime:          2025-09-11T06:34:08.5480953Z
Activity.Duration:           00:00:00.0037866
Activity.Tags:
    server.address: localhost
    http.request.method: POST
    url.scheme: http
    url.path: /api/walls
    network.protocol.version: 1.1
    http.route: api/Walls
    http.response.status_code: 201
Resource associated with Activity:
    deployment.environment: Testing
    service.name: Crud.Api
    service.version: 1.0.0
    service.instance.id: 10e2e254-224c-48e1-a2d2-8bbb5483cf26
    telemetry.sdk.name: opentelemetry
    telemetry.sdk.language: dotnet
    telemetry.sdk.version: 1.8.1
[06:34:08 INF] User registered successfully: 61f89c6e-ae2b-41e6-b868-e85e48bcd243 {"SourceContext": "App.Features.Authentication.RegisterUserCommandHandler", "ActionId": "b3cfc7e1-da85-4735-bafe-ca0077844b75", "ActionName": "Api.Controllers.AuthController.Register (Api)", "RequestId": "0HNFGVK4NGCU9", "RequestPath": "/api/auth/register", "Application": "Crud.Api"}
Activity.TraceId:            2f2fdd2775f3a54ce2744ba470cb7819
Activity.SpanId:             c6939bd1be27bd51
Activity.TraceFlags:         Recorded
Activity.ActivitySourceName: Microsoft.AspNetCore
Activity.DisplayName:        POST api/Auth/register
Activity.Kind:               Server
Activity.StartTime:          2025-09-11T06:34:08.5523541Z
Activity.Duration:           00:00:00.2954327
Activity.Tags:
    server.address: localhost
    http.request.method: POST
    url.scheme: http
    url.path: /api/auth/register
    network.protocol.version: 1.1
    http.route: api/Auth/register
    http.response.status_code: 200
Resource associated with Activity:
    deployment.environment: Testing
    service.name: Crud.Api
    service.version: 1.0.0
    service.instance.id: 10e2e254-224c-48e1-a2d2-8bbb5483cf26
    telemetry.sdk.name: opentelemetry
    telemetry.sdk.language: dotnet
    telemetry.sdk.version: 1.8.1
[06:34:09 INF] User logged in successfully: 61f89c6e-ae2b-41e6-b868-e85e48bcd243 {"SourceContext": "App.Features.Authentication.LoginCommandHandler", "ActionId": "3acfc5f0-e77e-4caf-a755-beed2463964d", "ActionName": "Api.Controllers.AuthController.Login (Api)", "RequestId": "0HNFGVK4NGCUA", "RequestPath": "/api/auth/login", "Application": "Crud.Api"}
Activity.TraceId:            b9d67bba89302ccdb4497daf196eb523
Activity.SpanId:             2cda73c0bfcbfc1b
Activity.TraceFlags:         Recorded
Activity.ActivitySourceName: Microsoft.AspNetCore
Activity.DisplayName:        POST api/Auth/login
Activity.Kind:               Server
Activity.StartTime:          2025-09-11T06:34:08.8490368Z
Activity.Duration:           00:00:00.2959315
Activity.Tags:
    server.address: localhost
    http.request.method: POST
    url.scheme: http
    url.path: /api/auth/login
    network.protocol.version: 1.1
    http.route: api/Auth/login
    http.response.status_code: 200
Resource associated with Activity:
    deployment.environment: Testing
    service.name: Crud.Api
    service.version: 1.0.0
    service.instance.id: 10e2e254-224c-48e1-a2d2-8bbb5483cf26
    telemetry.sdk.name: opentelemetry
    telemetry.sdk.language: dotnet
    telemetry.sdk.version: 1.8.1
[06:34:09 DBG] Removed cache value for key: entity:wall:6c4bcd5f4f8c4d309cc81bb4d2bb499a {"SourceContext": "Infrastructure.Services.Caching.InMemoryCacheService", "ActionId": "3cc01003-95fb-4b0d-a833-447e26732bd5", "ActionName": "Api.Controllers.WallsController.Create (Api)", "RequestId": "0HNFGVK4NGCUB", "RequestPath": "/api/walls", "Application": "Crud.Api"}
[06:34:09 DBG] Removed cache value for key: list:wall {"SourceContext": "Infrastructure.Services.Caching.InMemoryCacheService", "ActionId": "3cc01003-95fb-4b0d-a833-447e26732bd5", "ActionName": "Api.Controllers.WallsController.Create (Api)", "RequestId": "0HNFGVK4NGCUB", "RequestPath": "/api/walls", "Application": "Crud.Api"}
[06:34:09 DBG] Invalidating cache for entity type: walls with tag: walls {"SourceContext": "Api.Services.OutputCacheInvalidationService", "ActionId": "3cc01003-95fb-4b0d-a833-447e26732bd5", "ActionName": "Api.Controllers.WallsController.Create (Api)", "RequestId": "0HNFGVK4NGCUB", "RequestPath": "/api/walls", "Application": "Crud.Api"}
[06:34:09 INF] Successfully invalidated cache for entity type: walls {"SourceContext": "Api.Services.OutputCacheInvalidationService", "ActionId": "3cc01003-95fb-4b0d-a833-447e26732bd5", "ActionName": "Api.Controllers.WallsController.Create (Api)", "RequestId": "0HNFGVK4NGCUB", "RequestPath": "/api/walls", "Application": "Crud.Api"}
Activity.TraceId:            d156e800c96b6f443d624f0f1accfec9
Activity.SpanId:             3b408ca936e2c4ac
Activity.TraceFlags:         Recorded
Activity.ActivitySourceName: Microsoft.AspNetCore
Activity.DisplayName:        POST api/Walls
Activity.Kind:               Server
Activity.StartTime:          2025-09-11T06:34:09.1452250Z
Activity.Duration:           00:00:00.0019024
Activity.Tags:
    server.address: localhost
    http.request.method: POST
    url.scheme: http
    url.path: /api/walls
    network.protocol.version: 1.1
    http.route: api/Walls
    http.response.status_code: 201
Resource associated with Activity:
    deployment.environment: Testing
    service.name: Crud.Api
    service.version: 1.0.0
    service.instance.id: 10e2e254-224c-48e1-a2d2-8bbb5483cf26
    telemetry.sdk.name: opentelemetry
    telemetry.sdk.language: dotnet
    telemetry.sdk.version: 1.8.1
[06:34:09 INF] User registered successfully: c54c20cc-f3c6-4091-afa8-a577282c5a0b {"SourceContext": "App.Features.Authentication.RegisterUserCommandHandler", "ActionId": "b3cfc7e1-da85-4735-bafe-ca0077844b75", "ActionName": "Api.Controllers.AuthController.Register (Api)", "RequestId": "0HNFGVK4NGCUC", "RequestPath": "/api/auth/register", "Application": "Crud.Api"}
Activity.TraceId:            6c2dfb6002edb6edb8c2043735a94fc6
Activity.SpanId:             83fe54a440e15538
Activity.TraceFlags:         Recorded
Activity.ActivitySourceName: Microsoft.AspNetCore
Activity.DisplayName:        POST api/Auth/register
Activity.Kind:               Server
Activity.StartTime:          2025-09-11T06:34:09.1474643Z
Activity.Duration:           00:00:00.2958163
Activity.Tags:
    server.address: localhost
    http.request.method: POST
    url.scheme: http
    url.path: /api/auth/register
    network.protocol.version: 1.1
    http.route: api/Auth/register
    http.response.status_code: 200
Resource associated with Activity:
    deployment.environment: Testing
    service.name: Crud.Api
    service.version: 1.0.0
    service.instance.id: 10e2e254-224c-48e1-a2d2-8bbb5483cf26
    telemetry.sdk.name: opentelemetry
    telemetry.sdk.language: dotnet
    telemetry.sdk.version: 1.8.1
[06:34:09 DBG] Cache miss for key: list:wall {"SourceContext": "Infrastructure.Services.Caching.InMemoryCacheService", "ActionId": "3a38f089-cc5e-4091-b51f-19d657acdb7a", "ActionName": "Api.Controllers.WallsController.List (Api)", "RequestId": "0HNFGVK4NGCUD", "RequestPath": "/api/walls", "Application": "Crud.Api"}
[06:34:09 DBG] Set cache value for key: list:wall {"SourceContext": "Infrastructure.Services.Caching.InMemoryCacheService", "ActionId": "3a38f089-cc5e-4091-b51f-19d657acdb7a", "ActionName": "Api.Controllers.WallsController.List (Api)", "RequestId": "0HNFGVK4NGCUD", "RequestPath": "/api/walls", "Application": "Crud.Api"}
Activity.TraceId:            5b0af4b4221e5887d3e1c3e5a8d5a649
Activity.SpanId:             0d37becc6966ea44
Activity.TraceFlags:         Recorded
Activity.ActivitySourceName: Microsoft.AspNetCore
Activity.DisplayName:        GET api/Walls
Activity.Kind:               Server
Activity.StartTime:          2025-09-11T06:34:09.4434233Z
Activity.Duration:           00:00:00.0071887
Activity.Tags:
    server.address: localhost
    http.request.method: GET
    url.scheme: http
    url.path: /api/walls
    network.protocol.version: 1.1
    http.route: api/Walls
    http.response.status_code: 200
Resource associated with Activity:
    deployment.environment: Testing
    service.name: Crud.Api
    service.version: 1.0.0
    service.instance.id: 10e2e254-224c-48e1-a2d2-8bbb5483cf26
    telemetry.sdk.name: opentelemetry
    telemetry.sdk.language: dotnet
    telemetry.sdk.version: 1.8.1
[06:34:09 INF] Resetting database for worker 14190 {"SourceContext": "Infrastructure.Services.DatabaseTestService", "Application": "Crud.Api"}
[06:34:09 INF] Resetting database via file deletion for worker 14190 in CI environment {"SourceContext": "Infrastructure.Services.DatabaseTestService", "Application": "Crud.Api"}
[06:34:09 INF] Acquiring database mutex for worker 14190... {"SourceContext": "Infrastructure.Services.DatabaseTestService", "Application": "Crud.Api"}
[06:34:09 INF] Database mutex acquired for worker 14190 {"SourceContext": "Infrastructure.Services.DatabaseTestService", "Application": "Crud.Api"}
[06:34:09 INF] Current database state - CanConnect: True {"SourceContext": "Infrastructure.Services.DatabaseTestService", "Application": "Crud.Api"}
[06:34:09 INF] [Phase 0] Closing database connection for worker 14190... {"SourceContext": "Infrastructure.Services.DatabaseTestService", "Application": "Crud.Api"}
[06:34:09 INF] [Phase 0] Connection closed in 0.0006ms {"SourceContext": "Infrastructure.Services.DatabaseTestService", "Application": "Crud.Api"}
[06:34:09 INF] [Phase 1] Starting EnsureDeletedAsync for worker 14190... {"SourceContext": "Infrastructure.Services.DatabaseTestService", "Application": "Crud.Api"}
[06:34:09 INF] [Phase 1] EnsureDeletedAsync completed in 1.7082ms {"SourceContext": "Infrastructure.Services.DatabaseTestService", "Application": "Crud.Api"}
[06:34:09 INF] [Phase 2] Starting EnsureCreatedAsync for worker 14190... {"SourceContext": "Infrastructure.Services.DatabaseTestService", "Application": "Crud.Api"}
[06:34:09 INF] [Phase 2] EnsureCreatedAsync completed in 8.6292ms {"SourceContext": "Infrastructure.Services.DatabaseTestService", "Application": "Crud.Api"}
[06:34:09 INF] [Phase 3] Skipping database seeding as requested for worker 14190 {"SourceContext": "Infrastructure.Services.DatabaseTestService", "Application": "Crud.Api"}
[06:34:09 INF] Database reset via file deletion completed for worker 14190 in 110.9373ms (Close: 0.0006ms, Delete: 1.7082ms, Create: 8.6292ms) {"SourceContext": "Infrastructure.Services.DatabaseTestService", "Application": "Crud.Api"}
[06:34:09 INF] Releasing database mutex for worker 14190 {"SourceContext": "Infrastructure.Services.DatabaseTestService", "Application": "Crud.Api"}
[06:34:09 INF] User registered successfully: a9666a2b-cbe7-4461-8454-882f91b8c36b {"SourceContext": "App.Features.Authentication.RegisterUserCommandHandler", "ActionId": "b3cfc7e1-da85-4735-bafe-ca0077844b75", "ActionName": "Api.Controllers.AuthController.Register (Api)", "RequestId": "0HNFGVK4NGCUE", "RequestPath": "/api/auth/register", "Application": "Crud.Api"}
Activity.TraceId:            87de80de4be5f4323d8648c8a73a17c6
Activity.SpanId:             0fc44748c85cc0d4
Activity.TraceFlags:         Recorded
Activity.ActivitySourceName: Microsoft.AspNetCore
Activity.DisplayName:        POST api/Auth/register
Activity.Kind:               Server
Activity.StartTime:          2025-09-11T06:34:09.5655589Z
Activity.Duration:           00:00:00.2957851
Activity.Tags:
    server.address: localhost
    http.request.method: POST
    url.scheme: http
    url.path: /api/auth/register
    network.protocol.version: 1.1
    http.route: api/Auth/register
    http.response.status_code: 200
Resource associated with Activity:
    deployment.environment: Testing
    service.name: Crud.Api
    service.version: 1.0.0
    service.instance.id: 10e2e254-224c-48e1-a2d2-8bbb5483cf26
    telemetry.sdk.name: opentelemetry
    telemetry.sdk.language: dotnet
    telemetry.sdk.version: 1.8.1
[06:34:10 INF] User logged in successfully: a9666a2b-cbe7-4461-8454-882f91b8c36b {"SourceContext": "App.Features.Authentication.LoginCommandHandler", "ActionId": "3acfc5f0-e77e-4caf-a755-beed2463964d", "ActionName": "Api.Controllers.AuthController.Login (Api)", "RequestId": "0HNFGVK4NGCUF", "RequestPath": "/api/auth/login", "Application": "Crud.Api"}
Activity.TraceId:            9dc9544fb9302fdfa26d9f44e0bd63d2
Activity.SpanId:             a75ad3382742438d
Activity.TraceFlags:         Recorded
Activity.ActivitySourceName: Microsoft.AspNetCore
Activity.DisplayName:        POST api/Auth/login
Activity.Kind:               Server
Activity.StartTime:          2025-09-11T06:34:09.8628448Z
Activity.Duration:           00:00:00.2959185
Activity.Tags:
    server.address: localhost
    http.request.method: POST
    url.scheme: http
    url.path: /api/auth/login
    network.protocol.version: 1.1
    http.route: api/Auth/login
    http.response.status_code: 200
Resource associated with Activity:
    deployment.environment: Testing
    service.name: Crud.Api
    service.version: 1.0.0
    service.instance.id: 10e2e254-224c-48e1-a2d2-8bbb5483cf26
    telemetry.sdk.name: opentelemetry
    telemetry.sdk.language: dotnet
    telemetry.sdk.version: 1.8.1
Activity.TraceId:            fa808aaa0b7ac909740f06248afe0a57
Activity.SpanId:             a14d1ef6daa10d64
Activity.TraceFlags:         Recorded
Activity.ActivitySourceName: Microsoft.AspNetCore
Activity.DisplayName:        POST api/Walls
Activity.Kind:               Server
Activity.StartTime:          2025-09-11T06:34:10.1597925Z
Activity.Duration:           00:00:00.0030301
Activity.Tags:
    server.address: localhost
    http.request.method: POST
    url.scheme: http
    url.path: /api/walls
    network.protocol.version: 1.1
    http.route: api/Walls
    http.response.status_code: 400
Resource associated with Activity:
    deployment.environment: Testing
    service.name: Crud.Api
    service.version: 1.0.0
    service.instance.id: 10e2e254-224c-48e1-a2d2-8bbb5483cf26
    telemetry.sdk.name: opentelemetry
    telemetry.sdk.language: dotnet
    telemetry.sdk.version: 1.8.1
[06:34:10 INF] User registered successfully: 52875e98-62fc-47bb-8f35-af74184b9f6d {"SourceContext": "App.Features.Authentication.RegisterUserCommandHandler", "ActionId": "b3cfc7e1-da85-4735-bafe-ca0077844b75", "ActionName": "Api.Controllers.AuthController.Register (Api)", "RequestId": "0HNFGVK4NGCUH", "RequestPath": "/api/auth/register", "Application": "Crud.Api"}
Activity.TraceId:            e4d816a09dc0b1f570b6b46336837339
Activity.SpanId:             3b0928670b2a092e
Activity.TraceFlags:         Recorded
Activity.ActivitySourceName: Microsoft.AspNetCore
Activity.DisplayName:        POST api/Auth/register
Activity.Kind:               Server
Activity.StartTime:          2025-09-11T06:34:10.1651730Z
Activity.Duration:           00:00:00.2964578
Activity.Tags:
    server.address: localhost
    http.request.method: POST
    url.scheme: http
    url.path: /api/auth/register
    network.protocol.version: 1.1
    http.route: api/Auth/register
    http.response.status_code: 200
Resource associated with Activity:
    deployment.environment: Testing
    service.name: Crud.Api
    service.version: 1.0.0
    service.instance.id: 10e2e254-224c-48e1-a2d2-8bbb5483cf26
    telemetry.sdk.name: opentelemetry
    telemetry.sdk.language: dotnet
    telemetry.sdk.version: 1.8.1
[06:34:10 INF] User logged in successfully: 52875e98-62fc-47bb-8f35-af74184b9f6d {"SourceContext": "App.Features.Authentication.LoginCommandHandler", "ActionId": "3acfc5f0-e77e-4caf-a755-beed2463964d", "ActionName": "Api.Controllers.AuthController.Login (Api)", "RequestId": "0HNFGVK4NGCUI", "RequestPath": "/api/auth/login", "Application": "Crud.Api"}
Activity.TraceId:            357db2e36c8c222f35223608132bd273
Activity.SpanId:             4e370f42480fd8ff
Activity.TraceFlags:         Recorded
Activity.ActivitySourceName: Microsoft.AspNetCore
Activity.DisplayName:        POST api/Auth/login
Activity.Kind:               Server
Activity.StartTime:          2025-09-11T06:34:10.4631580Z
Activity.Duration:           00:00:00.2959509
Activity.Tags:
    server.address: localhost
    http.request.method: POST
    url.scheme: http
    url.path: /api/auth/login
    network.protocol.version: 1.1
    http.route: api/Auth/login
    http.response.status_code: 200
Resource associated with Activity:
    deployment.environment: Testing
    service.name: Crud.Api
    service.version: 1.0.0
    service.instance.id: 10e2e254-224c-48e1-a2d2-8bbb5483cf26
    telemetry.sdk.name: opentelemetry
    telemetry.sdk.language: dotnet
    telemetry.sdk.version: 1.8.1
[06:34:10 DBG] Removed cache value for key: entity:wall:3b93ca2cf98e4de6acec9ade6ac1b513 {"SourceContext": "Infrastructure.Services.Caching.InMemoryCacheService", "ActionId": "de9e0b39-f079-46ba-853b-202d81e0a995", "ActionName": "Api.Controllers.WallsController.Delete (Api)", "RequestId": "0HNFGVK4NGCUJ", "RequestPath": "/api/walls/3b93ca2c-f98e-4de6-acec-9ade6ac1b513", "Application": "Crud.Api"}
[06:34:10 DBG] Removed cache value for key: list:wall {"SourceContext": "Infrastructure.Services.Caching.InMemoryCacheService", "ActionId": "de9e0b39-f079-46ba-853b-202d81e0a995", "ActionName": "Api.Controllers.WallsController.Delete (Api)", "RequestId": "0HNFGVK4NGCUJ", "RequestPath": "/api/walls/3b93ca2c-f98e-4de6-acec-9ade6ac1b513", "Application": "Crud.Api"}
[06:34:10 DBG] Invalidating cache for entity: walls/3b93ca2c-f98e-4de6-acec-9ade6ac1b513 with tags: walls, walls:3b93ca2c-f98e-4de6-acec-9ade6ac1b513 {"SourceContext": "Api.Services.OutputCacheInvalidationService", "ActionId": "de9e0b39-f079-46ba-853b-202d81e0a995", "ActionName": "Api.Controllers.WallsController.Delete (Api)", "RequestId": "0HNFGVK4NGCUJ", "RequestPath": "/api/walls/3b93ca2c-f98e-4de6-acec-9ade6ac1b513", "Application": "Crud.Api"}
[06:34:10 DBG] Successfully invalidated cache for tag: walls {"SourceContext": "Api.Services.OutputCacheInvalidationService", "ActionId": "de9e0b39-f079-46ba-853b-202d81e0a995", "ActionName": "Api.Controllers.WallsController.Delete (Api)", "RequestId": "0HNFGVK4NGCUJ", "RequestPath": "/api/walls/3b93ca2c-f98e-4de6-acec-9ade6ac1b513", "Application": "Crud.Api"}
[06:34:10 DBG] Successfully invalidated cache for tag: walls:3b93ca2c-f98e-4de6-acec-9ade6ac1b513 {"SourceContext": "Api.Services.OutputCacheInvalidationService", "ActionId": "de9e0b39-f079-46ba-853b-202d81e0a995", "ActionName": "Api.Controllers.WallsController.Delete (Api)", "RequestId": "0HNFGVK4NGCUJ", "RequestPath": "/api/walls/3b93ca2c-f98e-4de6-acec-9ade6ac1b513", "Application": "Crud.Api"}
Activity.TraceId:            5cdddeb650df1bb42c4ecb5e841f0d20
Activity.SpanId:             812fa9403391cdf0
Activity.TraceFlags:         Recorded
Activity.ActivitySourceName: Microsoft.AspNetCore
Activity.DisplayName:        DELETE api/Walls/{id:guid}
Activity.Kind:               Server
Activity.StartTime:          2025-09-11T06:34:10.7602018Z
Activity.Duration:           00:00:00.0069001
Activity.Tags:
    server.address: localhost
    http.request.method: DELETE
    url.scheme: http
    url.path: /api/walls/3b93ca2c-f98e-4de6-acec-9ade6ac1b513
    network.protocol.version: 1.1
    http.route: api/Walls/{id:guid}
    http.response.status_code: 204
Resource associated with Activity:
    deployment.environment: Testing
    service.name: Crud.Api
    service.version: 1.0.0
    service.instance.id: 10e2e254-224c-48e1-a2d2-8bbb5483cf26
    telemetry.sdk.name: opentelemetry
    telemetry.sdk.language: dotnet
    telemetry.sdk.version: 1.8.1
[06:34:11 INF] User registered successfully: 503f9a1d-4908-4aed-9c56-ef97472b1d4d {"SourceContext": "App.Features.Authentication.RegisterUserCommandHandler", "ActionId": "b3cfc7e1-da85-4735-bafe-ca0077844b75", "ActionName": "Api.Controllers.AuthController.Register (Api)", "RequestId": "0HNFGVK4NGCUK", "RequestPath": "/api/auth/register", "Application": "Crud.Api"}
Activity.TraceId:            cf34ef6c9cae7033d997f5f24d6d9851
Activity.SpanId:             3fa74986135037af
Activity.TraceFlags:         Recorded
Activity.ActivitySourceName: Microsoft.AspNetCore
Activity.DisplayName:        POST api/Auth/register
Activity.Kind:               Server
Activity.StartTime:          2025-09-11T06:34:10.7696869Z
Activity.Duration:           00:00:00.2960773
Activity.Tags:
    server.address: localhost
    http.request.method: POST
    url.scheme: http
    url.path: /api/auth/register
    network.protocol.version: 1.1
    http.route: api/Auth/register
    http.response.status_code: 200
Resource associated with Activity:
    deployment.environment: Testing
    service.name: Crud.Api
    service.version: 1.0.0
    service.instance.id: 10e2e254-224c-48e1-a2d2-8bbb5483cf26
    telemetry.sdk.name: opentelemetry
    telemetry.sdk.language: dotnet
    telemetry.sdk.version: 1.8.1
[06:34:11 INF] User logged in successfully: 503f9a1d-4908-4aed-9c56-ef97472b1d4d {"SourceContext": "App.Features.Authentication.LoginCommandHandler", "ActionId": "3acfc5f0-e77e-4caf-a755-beed2463964d", "ActionName": "Api.Controllers.AuthController.Login (Api)", "RequestId": "0HNFGVK4NGCUL", "RequestPath": "/api/auth/login", "Application": "Crud.Api"}
Activity.TraceId:            a14122db0d5f711d9fa1ad7a6edb641a
Activity.SpanId:             7d55ab96912434b1
Activity.TraceFlags:         Recorded
Activity.ActivitySourceName: Microsoft.AspNetCore
Activity.DisplayName:        POST api/Auth/login
Activity.Kind:               Server
Activity.StartTime:          2025-09-11T06:34:11.0674076Z
Activity.Duration:           00:00:00.2959514
Activity.Tags:
    server.address: localhost
    http.request.method: POST
    url.scheme: http
    url.path: /api/auth/login
    network.protocol.version: 1.1
    http.route: api/Auth/login
    http.response.status_code: 200
Resource associated with Activity:
    deployment.environment: Testing
    service.name: Crud.Api
    service.version: 1.0.0
    service.instance.id: 10e2e254-224c-48e1-a2d2-8bbb5483cf26
    telemetry.sdk.name: opentelemetry
    telemetry.sdk.language: dotnet
    telemetry.sdk.version: 1.8.1
[06:34:11 DBG] Removed cache value for key: entity:wall:c86d0ad3a7b54b0dbf0eca24a59a7d37 {"SourceContext": "Infrastructure.Services.Caching.InMemoryCacheService", "ActionId": "3cc01003-95fb-4b0d-a833-447e26732bd5", "ActionName": "Api.Controllers.WallsController.Create (Api)", "RequestId": "0HNFGVK4NGCUM", "RequestPath": "/api/walls", "Application": "Crud.Api"}
[06:34:11 DBG] Removed cache value for key: list:wall {"SourceContext": "Infrastructure.Services.Caching.InMemoryCacheService", "ActionId": "3cc01003-95fb-4b0d-a833-447e26732bd5", "ActionName": "Api.Controllers.WallsController.Create (Api)", "RequestId": "0HNFGVK4NGCUM", "RequestPath": "/api/walls", "Application": "Crud.Api"}
[06:34:11 DBG] Invalidating cache for entity type: walls with tag: walls {"SourceContext": "Api.Services.OutputCacheInvalidationService", "ActionId": "3cc01003-95fb-4b0d-a833-447e26732bd5", "ActionName": "Api.Controllers.WallsController.Create (Api)", "RequestId": "0HNFGVK4NGCUM", "RequestPath": "/api/walls", "Application": "Crud.Api"}
[06:34:11 INF] Successfully invalidated cache for entity type: walls {"SourceContext": "Api.Services.OutputCacheInvalidationService", "ActionId": "3cc01003-95fb-4b0d-a833-447e26732bd5", "ActionName": "Api.Controllers.WallsController.Create (Api)", "RequestId": "0HNFGVK4NGCUM", "RequestPath": "/api/walls", "Application": "Crud.Api"}
Activity.TraceId:            78daab2caa2f8653e713b9dbdfca02f7
Activity.SpanId:             700e078af4c2a704
Activity.TraceFlags:         Recorded
Activity.ActivitySourceName: Microsoft.AspNetCore
Activity.DisplayName:        POST api/Walls
Activity.Kind:               Server
Activity.StartTime:          2025-09-11T06:34:11.3647178Z
Activity.Duration:           00:00:00.0036885
Activity.Tags:
    server.address: localhost
    http.request.method: POST
    url.scheme: http
    url.path: /api/walls
    network.protocol.version: 1.1
    http.route: api/Walls
    http.response.status_code: 201
Resource associated with Activity:
    deployment.environment: Testing
    service.name: Crud.Api
    service.version: 1.0.0
    service.instance.id: 10e2e254-224c-48e1-a2d2-8bbb5483cf26
    telemetry.sdk.name: opentelemetry
    telemetry.sdk.language: dotnet
    telemetry.sdk.version: 1.8.1
[06:34:11 INF] User registered successfully: c78d4097-f6fd-4f87-8af4-3de29c406b52 {"SourceContext": "App.Features.Authentication.RegisterUserCommandHandler", "ActionId": "b3cfc7e1-da85-4735-bafe-ca0077844b75", "ActionName": "Api.Controllers.AuthController.Register (Api)", "RequestId": "0HNFGVK4NGCUN", "RequestPath": "/api/auth/register", "Application": "Crud.Api"}
Activity.TraceId:            55ba6685015b7b70a35a863e58094180
Activity.SpanId:             d79c471a44548d84
Activity.TraceFlags:         Recorded
Activity.ActivitySourceName: Microsoft.AspNetCore
Activity.DisplayName:        POST api/Auth/register
Activity.Kind:               Server
Activity.StartTime:          2025-09-11T06:34:11.3716912Z
Activity.Duration:           00:00:00.2960913
Activity.Tags:
    server.address: localhost
    http.request.method: POST
    url.scheme: http
    url.path: /api/auth/register
    network.protocol.version: 1.1
    http.route: api/Auth/register
    http.response.status_code: 200
Resource associated with Activity:
    deployment.environment: Testing
    service.name: Crud.Api
    service.version: 1.0.0
    service.instance.id: 10e2e254-224c-48e1-a2d2-8bbb5483cf26
    telemetry.sdk.name: opentelemetry
    telemetry.sdk.language: dotnet
    telemetry.sdk.version: 1.8.1
[06:34:11 INF] User logged in successfully: c78d4097-f6fd-4f87-8af4-3de29c406b52 {"SourceContext": "App.Features.Authentication.LoginCommandHandler", "ActionId": "3acfc5f0-e77e-4caf-a755-beed2463964d", "ActionName": "Api.Controllers.AuthController.Login (Api)", "RequestId": "0HNFGVK4NGCUO", "RequestPath": "/api/auth/login", "Application": "Crud.Api"}
Activity.TraceId:            7b45efff607d0f1f9c0c7eba2373e679
Activity.SpanId:             671f00a51a42f1d1
Activity.TraceFlags:         Recorded
Activity.ActivitySourceName: Microsoft.AspNetCore
Activity.DisplayName:        POST api/Auth/login
Activity.Kind:               Server
Activity.StartTime:          2025-09-11T06:34:11.6696432Z
Activity.Duration:           00:00:00.2960171
Activity.Tags:
    server.address: localhost
    http.request.method: POST
    url.scheme: http
    url.path: /api/auth/login
    network.protocol.version: 1.1
    http.route: api/Auth/login
    http.response.status_code: 200
Resource associated with Activity:
    deployment.environment: Testing
    service.name: Crud.Api
    service.version: 1.0.0
    service.instance.id: 10e2e254-224c-48e1-a2d2-8bbb5483cf26
    telemetry.sdk.name: opentelemetry
    telemetry.sdk.language: dotnet
    telemetry.sdk.version: 1.8.1
[06:34:11 DBG] Removed cache value for key: entity:wall:b8bf1ad82e4b4f5aad38191fe58e841f {"SourceContext": "Infrastructure.Services.Caching.InMemoryCacheService", "ActionId": "3cc01003-95fb-4b0d-a833-447e26732bd5", "ActionName": "Api.Controllers.WallsController.Create (Api)", "RequestId": "0HNFGVK4NGCUP", "RequestPath": "/api/walls", "Application": "Crud.Api"}
[06:34:11 DBG] Removed cache value for key: list:wall {"SourceContext": "Infrastructure.Services.Caching.InMemoryCacheService", "ActionId": "3cc01003-95fb-4b0d-a833-447e26732bd5", "ActionName": "Api.Controllers.WallsController.Create (Api)", "RequestId": "0HNFGVK4NGCUP", "RequestPath": "/api/walls", "Application": "Crud.Api"}
[06:34:11 DBG] Invalidating cache for entity type: walls with tag: walls {"SourceContext": "Api.Services.OutputCacheInvalidationService", "ActionId": "3cc01003-95fb-4b0d-a833-447e26732bd5", "ActionName": "Api.Controllers.WallsController.Create (Api)", "RequestId": "0HNFGVK4NGCUP", "RequestPath": "/api/walls", "Application": "Crud.Api"}
[06:34:11 INF] Successfully invalidated cache for entity type: walls {"SourceContext": "Api.Services.OutputCacheInvalidationService", "ActionId": "3cc01003-95fb-4b0d-a833-447e26732bd5", "ActionName": "Api.Controllers.WallsController.Create (Api)", "RequestId": "0HNFGVK4NGCUP", "RequestPath": "/api/walls", "Application": "Crud.Api"}
Activity.TraceId:            bdf2a04e88844b28c44cecc52e59cb7f
Activity.SpanId:             be4e047b06dfda3d
Activity.TraceFlags:         Recorded
Activity.ActivitySourceName: Microsoft.AspNetCore
Activity.DisplayName:        POST api/Walls
Activity.Kind:               Server
Activity.StartTime:          2025-09-11T06:34:11.9664612Z
Activity.Duration:           00:00:00.0021299
Activity.Tags:
    server.address: localhost
    http.request.method: POST
    url.scheme: http
    url.path: /api/walls
    network.protocol.version: 1.1
    http.route: api/Walls
    http.response.status_code: 201
Resource associated with Activity:
    deployment.environment: Testing
    service.name: Crud.Api
    service.version: 1.0.0
    service.instance.id: 10e2e254-224c-48e1-a2d2-8bbb5483cf26
    telemetry.sdk.name: opentelemetry
    telemetry.sdk.language: dotnet
    telemetry.sdk.version: 1.8.1
[06:34:12 INF] User registered successfully: 160331f2-8424-4077-8c1a-8cba9d35a9b3 {"SourceContext": "App.Features.Authentication.RegisterUserCommandHandler", "ActionId": "b3cfc7e1-da85-4735-bafe-ca0077844b75", "ActionName": "Api.Controllers.AuthController.Register (Api)", "RequestId": "0HNFGVK4NGCUQ", "RequestPath": "/api/auth/register", "Application": "Crud.Api"}
Activity.TraceId:            687485b4f46d70606271bcaf3b4d3fa5
Activity.SpanId:             7fdb06eaff65d40a
Activity.TraceFlags:         Recorded
Activity.ActivitySourceName: Microsoft.AspNetCore
Activity.DisplayName:        POST api/Auth/register
Activity.Kind:               Server
Activity.StartTime:          2025-09-11T06:34:11.9696762Z
Activity.Duration:           00:00:00.2955988
Activity.Tags:
    server.address: localhost
    http.request.method: POST
    url.scheme: http
    url.path: /api/auth/register
    network.protocol.version: 1.1
    http.route: api/Auth/register
    http.response.status_code: 200
Resource associated with Activity:
    deployment.environment: Testing
    service.name: Crud.Api
    service.version: 1.0.0
    service.instance.id: 10e2e254-224c-48e1-a2d2-8bbb5483cf26
    telemetry.sdk.name: opentelemetry
    telemetry.sdk.language: dotnet
    telemetry.sdk.version: 1.8.1
[06:34:12 INF] User logged in successfully: 160331f2-8424-4077-8c1a-8cba9d35a9b3 {"SourceContext": "App.Features.Authentication.LoginCommandHandler", "ActionId": "3acfc5f0-e77e-4caf-a755-beed2463964d", "ActionName": "Api.Controllers.AuthController.Login (Api)", "RequestId": "0HNFGVK4NGCUR", "RequestPath": "/api/auth/login", "Application": "Crud.Api"}
Activity.TraceId:            c22d6fb6ff12e0d7e958da3567465b3b
Activity.SpanId:             b8725d2e17d4e061
Activity.TraceFlags:         Recorded
Activity.ActivitySourceName: Microsoft.AspNetCore
Activity.DisplayName:        POST api/Auth/login
Activity.Kind:               Server
Activity.StartTime:          2025-09-11T06:34:12.2666131Z
Activity.Duration:           00:00:00.2971867
Activity.Tags:
    server.address: localhost
    http.request.method: POST
    url.scheme: http
    url.path: /api/auth/login
    network.protocol.version: 1.1
    http.route: api/Auth/login
    http.response.status_code: 200
Resource associated with Activity:
    deployment.environment: Testing
    service.name: Crud.Api
    service.version: 1.0.0
    service.instance.id: 10e2e254-224c-48e1-a2d2-8bbb5483cf26
    telemetry.sdk.name: opentelemetry
    telemetry.sdk.language: dotnet
    telemetry.sdk.version: 1.8.1
[06:34:12 DBG] Removed cache value for key: entity:wall:b8bf1ad82e4b4f5aad38191fe58e841f {"SourceContext": "Infrastructure.Services.Caching.InMemoryCacheService", "ActionId": "de9e0b39-f079-46ba-853b-202d81e0a995", "ActionName": "Api.Controllers.WallsController.Delete (Api)", "RequestId": "0HNFGVK4NGCUS", "RequestPath": "/api/walls/b8bf1ad8-2e4b-4f5a-ad38-191fe58e841f", "Application": "Crud.Api"}
[06:34:12 DBG] Removed cache value for key: list:wall {"SourceContext": "Infrastructure.Services.Caching.InMemoryCacheService", "ActionId": "de9e0b39-f079-46ba-853b-202d81e0a995", "ActionName": "Api.Controllers.WallsController.Delete (Api)", "RequestId": "0HNFGVK4NGCUS", "RequestPath": "/api/walls/b8bf1ad8-2e4b-4f5a-ad38-191fe58e841f", "Application": "Crud.Api"}
[06:34:12 DBG] Invalidating cache for entity: walls/b8bf1ad8-2e4b-4f5a-ad38-191fe58e841f with tags: walls, walls:b8bf1ad8-2e4b-4f5a-ad38-191fe58e841f {"SourceContext": "Api.Services.OutputCacheInvalidationService", "ActionId": "de9e0b39-f079-46ba-853b-202d81e0a995", "ActionName": "Api.Controllers.WallsController.Delete (Api)", "RequestId": "0HNFGVK4NGCUS", "RequestPath": "/api/walls/b8bf1ad8-2e4b-4f5a-ad38-191fe58e841f", "Application": "Crud.Api"}
[06:34:12 DBG] Successfully invalidated cache for tag: walls {"SourceContext": "Api.Services.OutputCacheInvalidationService", "ActionId": "de9e0b39-f079-46ba-853b-202d81e0a995", "ActionName": "Api.Controllers.WallsController.Delete (Api)", "RequestId": "0HNFGVK4NGCUS", "RequestPath": "/api/walls/b8bf1ad8-2e4b-4f5a-ad38-191fe58e841f", "Application": "Crud.Api"}
[06:34:12 DBG] Successfully invalidated cache for tag: walls:b8bf1ad8-2e4b-4f5a-ad38-191fe58e841f {"SourceContext": "Api.Services.OutputCacheInvalidationService", "ActionId": "de9e0b39-f079-46ba-853b-202d81e0a995", "ActionName": "Api.Controllers.WallsController.Delete (Api)", "RequestId": "0HNFGVK4NGCUS", "RequestPath": "/api/walls/b8bf1ad8-2e4b-4f5a-ad38-191fe58e841f", "Application": "Crud.Api"}
Activity.TraceId:            cc73b0748cb7522eba12a574c13d29f6
Activity.SpanId:             f31b78f9888e4edc
Activity.TraceFlags:         Recorded
Activity.ActivitySourceName: Microsoft.AspNetCore
Activity.DisplayName:        DELETE api/Walls/{id:guid}
Activity.Kind:               Server
Activity.StartTime:          2025-09-11T06:34:12.5639525Z
Activity.Duration:           00:00:00.0026384
Activity.Tags:
    server.address: localhost
    http.request.method: DELETE
    url.scheme: http
    url.path: /api/walls/b8bf1ad8-2e4b-4f5a-ad38-191fe58e841f
    network.protocol.version: 1.1
    http.route: api/Walls/{id:guid}
    http.response.status_code: 204
Resource associated with Activity:
    deployment.environment: Testing
    service.name: Crud.Api
    service.version: 1.0.0
    service.instance.id: 10e2e254-224c-48e1-a2d2-8bbb5483cf26
    telemetry.sdk.name: opentelemetry
    telemetry.sdk.language: dotnet
    telemetry.sdk.version: 1.8.1
[06:34:12 INF] User registered successfully: 18206582-1ab6-4705-a7cb-fef353928d30 {"SourceContext": "App.Features.Authentication.RegisterUserCommandHandler", "ActionId": "b3cfc7e1-da85-4735-bafe-ca0077844b75", "ActionName": "Api.Controllers.AuthController.Register (Api)", "RequestId": "0HNFGVK4NGCUT", "RequestPath": "/api/auth/register", "Application": "Crud.Api"}
Activity.TraceId:            95fcd458b596fe4ebd77ebfee3412b67
Activity.SpanId:             146b99579b8e468a
Activity.TraceFlags:         Recorded
Activity.ActivitySourceName: Microsoft.AspNetCore
Activity.DisplayName:        POST api/Auth/register
Activity.Kind:               Server
Activity.StartTime:          2025-09-11T06:34:12.5668192Z
Activity.Duration:           00:00:00.2957531
Activity.Tags:
    server.address: localhost
    http.request.method: POST
    url.scheme: http
    url.path: /api/auth/register
    network.protocol.version: 1.1
    http.route: api/Auth/register
    http.response.status_code: 200
Resource associated with Activity:
    deployment.environment: Testing
    service.name: Crud.Api
    service.version: 1.0.0
    service.instance.id: 10e2e254-224c-48e1-a2d2-8bbb5483cf26
    telemetry.sdk.name: opentelemetry
    telemetry.sdk.language: dotnet
    telemetry.sdk.version: 1.8.1
[06:34:12 DBG] Cache miss for key: entity:wall:b8bf1ad82e4b4f5aad38191fe58e841f {"SourceContext": "Infrastructure.Services.Caching.InMemoryCacheService", "ActionId": "a1ecfcf4-348c-49b9-908d-553e7a2ea6fc", "ActionName": "Api.Controllers.WallsController.Get (Api)", "RequestId": "0HNFGVK4NGCUU", "RequestPath": "/api/walls/b8bf1ad8-2e4b-4f5a-ad38-191fe58e841f", "Application": "Crud.Api"}
Activity.TraceId:            1736948d6c7eeeb5803f1f87a904c681
Activity.SpanId:             838fc596ed546327
Activity.TraceFlags:         Recorded
Activity.ActivitySourceName: Microsoft.AspNetCore
Activity.DisplayName:        GET api/Walls/{id:guid}
Activity.Kind:               Server
Activity.StartTime:          2025-09-11T06:34:12.8627458Z
Activity.Duration:           00:00:00.0038842
Activity.Tags:
    server.address: localhost
    http.request.method: GET
    url.scheme: http
    url.path: /api/walls/b8bf1ad8-2e4b-4f5a-ad38-191fe58e841f
    network.protocol.version: 1.1
    http.route: api/Walls/{id:guid}
    http.response.status_code: 404
Resource associated with Activity:
    deployment.environment: Testing
    service.name: Crud.Api
    service.version: 1.0.0
    service.instance.id: 10e2e254-224c-48e1-a2d2-8bbb5483cf26
    telemetry.sdk.name: opentelemetry
    telemetry.sdk.language: dotnet
    telemetry.sdk.version: 1.8.1
[06:34:13 INF] User registered successfully: 11594cdb-c0f6-46ce-98e6-5d32a9591711 {"SourceContext": "App.Features.Authentication.RegisterUserCommandHandler", "ActionId": "b3cfc7e1-da85-4735-bafe-ca0077844b75", "ActionName": "Api.Controllers.AuthController.Register (Api)", "RequestId": "0HNFGVK4NGCUV", "RequestPath": "/api/auth/register", "Application": "Crud.Api"}
Activity.TraceId:            2e4379b24e43794de76f49051207f5e3
Activity.SpanId:             44573abdab63bb0d
Activity.TraceFlags:         Recorded
Activity.ActivitySourceName: Microsoft.AspNetCore
Activity.DisplayName:        POST api/Auth/register
Activity.Kind:               Server
Activity.StartTime:          2025-09-11T06:34:12.8699575Z
Activity.Duration:           00:00:00.2959148
Activity.Tags:
    server.address: localhost
    http.request.method: POST
    url.scheme: http
    url.path: /api/auth/register
    network.protocol.version: 1.1
    http.route: api/Auth/register
    http.response.status_code: 200
Resource associated with Activity:
    deployment.environment: Testing
    service.name: Crud.Api
    service.version: 1.0.0
    service.instance.id: 10e2e254-224c-48e1-a2d2-8bbb5483cf26
    telemetry.sdk.name: opentelemetry
    telemetry.sdk.language: dotnet
    telemetry.sdk.version: 1.8.1
[06:34:13 INF] User logged in successfully: 11594cdb-c0f6-46ce-98e6-5d32a9591711 {"SourceContext": "App.Features.Authentication.LoginCommandHandler", "ActionId": "3acfc5f0-e77e-4caf-a755-beed2463964d", "ActionName": "Api.Controllers.AuthController.Login (Api)", "RequestId": "0HNFGVK4NGCV0", "RequestPath": "/api/auth/login", "Application": "Crud.Api"}
Activity.TraceId:            2e66585ea71db42152f9964f91612167
Activity.SpanId:             5c36814ea2910152
Activity.TraceFlags:         Recorded
Activity.ActivitySourceName: Microsoft.AspNetCore
Activity.DisplayName:        POST api/Auth/login
Activity.Kind:               Server
Activity.StartTime:          2025-09-11T06:34:13.1675224Z
Activity.Duration:           00:00:00.2970996
Activity.Tags:
    server.address: localhost
    http.request.method: POST
    url.scheme: http
    url.path: /api/auth/login
    network.protocol.version: 1.1
    http.route: api/Auth/login
    http.response.status_code: 200
Resource associated with Activity:
    deployment.environment: Testing
    service.name: Crud.Api
    service.version: 1.0.0
    service.instance.id: 10e2e254-224c-48e1-a2d2-8bbb5483cf26
    telemetry.sdk.name: opentelemetry
    telemetry.sdk.language: dotnet
    telemetry.sdk.version: 1.8.1
[06:34:13 DBG] Removed cache value for key: entity:wall:eae9ee18c3ba4e98bbbee58d47939161 {"SourceContext": "Infrastructure.Services.Caching.InMemoryCacheService", "ActionId": "3cc01003-95fb-4b0d-a833-447e26732bd5", "ActionName": "Api.Controllers.WallsController.Create (Api)", "RequestId": "0HNFGVK4NGCV1", "RequestPath": "/api/walls", "Application": "Crud.Api"}
[06:34:13 DBG] Removed cache value for key: list:wall {"SourceContext": "Infrastructure.Services.Caching.InMemoryCacheService", "ActionId": "3cc01003-95fb-4b0d-a833-447e26732bd5", "ActionName": "Api.Controllers.WallsController.Create (Api)", "RequestId": "0HNFGVK4NGCV1", "RequestPath": "/api/walls", "Application": "Crud.Api"}
[06:34:13 DBG] Invalidating cache for entity type: walls with tag: walls {"SourceContext": "Api.Services.OutputCacheInvalidationService", "ActionId": "3cc01003-95fb-4b0d-a833-447e26732bd5", "ActionName": "Api.Controllers.WallsController.Create (Api)", "RequestId": "0HNFGVK4NGCV1", "RequestPath": "/api/walls", "Application": "Crud.Api"}
[06:34:13 INF] Successfully invalidated cache for entity type: walls {"SourceContext": "Api.Services.OutputCacheInvalidationService", "ActionId": "3cc01003-95fb-4b0d-a833-447e26732bd5", "ActionName": "Api.Controllers.WallsController.Create (Api)", "RequestId": "0HNFGVK4NGCV1", "RequestPath": "/api/walls", "Application": "Crud.Api"}
Activity.TraceId:            8983ac555a61636d47c5057bb6342df3
Activity.SpanId:             acc0bd249e5196db
Activity.TraceFlags:         Recorded
Activity.ActivitySourceName: Microsoft.AspNetCore
Activity.DisplayName:        POST api/Walls
Activity.Kind:               Server
Activity.StartTime:          2025-09-11T06:34:13.4655501Z
Activity.Duration:           00:00:00.0021889
Activity.Tags:
    server.address: localhost
    http.request.method: POST
    url.scheme: http
    url.path: /api/walls
    network.protocol.version: 1.1
    http.route: api/Walls
    http.response.status_code: 201
Resource associated with Activity:
    deployment.environment: Testing
    service.name: Crud.Api
    service.version: 1.0.0
    service.instance.id: 10e2e254-224c-48e1-a2d2-8bbb5483cf26
    telemetry.sdk.name: opentelemetry
    telemetry.sdk.language: dotnet
    telemetry.sdk.version: 1.8.1
[06:34:13 INF] Resetting database for worker 14190 {"SourceContext": "Infrastructure.Services.DatabaseTestService", "Application": "Crud.Api"}
[06:34:13 INF] Resetting database via file deletion for worker 14190 in CI environment {"SourceContext": "Infrastructure.Services.DatabaseTestService", "Application": "Crud.Api"}
[06:34:13 INF] Acquiring database mutex for worker 14190... {"SourceContext": "Infrastructure.Services.DatabaseTestService", "Application": "Crud.Api"}
[06:34:13 INF] Database mutex acquired for worker 14190 {"SourceContext": "Infrastructure.Services.DatabaseTestService", "Application": "Crud.Api"}
[06:34:13 INF] Current database state - CanConnect: True {"SourceContext": "Infrastructure.Services.DatabaseTestService", "Application": "Crud.Api"}
[06:34:13 INF] [Phase 0] Closing database connection for worker 14190... {"SourceContext": "Infrastructure.Services.DatabaseTestService", "Application": "Crud.Api"}
[06:34:13 INF] [Phase 0] Connection closed in 0.0006ms {"SourceContext": "Infrastructure.Services.DatabaseTestService", "Application": "Crud.Api"}
[06:34:13 INF] [Phase 1] Starting EnsureDeletedAsync for worker 14190... {"SourceContext": "Infrastructure.Services.DatabaseTestService", "Application": "Crud.Api"}
[06:34:13 INF] [Phase 1] EnsureDeletedAsync completed in 1.3692ms {"SourceContext": "Infrastructure.Services.DatabaseTestService", "Application": "Crud.Api"}
[06:34:13 INF] [Phase 2] Starting EnsureCreatedAsync for worker 14190... {"SourceContext": "Infrastructure.Services.DatabaseTestService", "Application": "Crud.Api"}
[06:34:13 INF] [Phase 2] EnsureCreatedAsync completed in 7.6714ms {"SourceContext": "Infrastructure.Services.DatabaseTestService", "Application": "Crud.Api"}
[06:34:13 INF] [Phase 3] Skipping database seeding as requested for worker 14190 {"SourceContext": "Infrastructure.Services.DatabaseTestService", "Application": "Crud.Api"}
[06:34:13 INF] Database reset via file deletion completed for worker 14190 in 109.4592ms (Close: 0.0006ms, Delete: 1.3692ms, Create: 7.6714ms) {"SourceContext": "Infrastructure.Services.DatabaseTestService", "Application": "Crud.Api"}
[06:34:13 INF] Releasing database mutex for worker 14190 {"SourceContext": "Infrastructure.Services.DatabaseTestService", "Application": "Crud.Api"}
[06:34:13 INF] User registered successfully: 27ddd01c-613f-476b-8c4f-10961d508dfb {"SourceContext": "App.Features.Authentication.RegisterUserCommandHandler", "ActionId": "b3cfc7e1-da85-4735-bafe-ca0077844b75", "ActionName": "Api.Controllers.AuthController.Register (Api)", "RequestId": "0HNFGVK4NGCV2", "RequestPath": "/api/auth/register", "Application": "Crud.Api"}
Activity.TraceId:            fc9c5231be5909dcfe32410d5ba53d42
Activity.SpanId:             4ce4cc4375107c3f
Activity.TraceFlags:         Recorded
Activity.ActivitySourceName: Microsoft.AspNetCore
Activity.DisplayName:        POST api/Auth/register
Activity.Kind:               Server
Activity.StartTime:          2025-09-11T06:34:13.5817008Z
Activity.Duration:           00:00:00.2961417
Activity.Tags:
    server.address: localhost
    http.request.method: POST
    url.scheme: http
    url.path: /api/auth/register
    network.protocol.version: 1.1
    http.route: api/Auth/register
    http.response.status_code: 200
Resource associated with Activity:
    deployment.environment: Testing
    service.name: Crud.Api
    service.version: 1.0.0
    service.instance.id: 10e2e254-224c-48e1-a2d2-8bbb5483cf26
    telemetry.sdk.name: opentelemetry
    telemetry.sdk.language: dotnet
    telemetry.sdk.version: 1.8.1
[06:34:13 DBG] Cache miss for key: list:wall {"SourceContext": "Infrastructure.Services.Caching.InMemoryCacheService", "ActionId": "3a38f089-cc5e-4091-b51f-19d657acdb7a", "ActionName": "Api.Controllers.WallsController.List (Api)", "RequestId": "0HNFGVK4NGCV3", "RequestPath": "/api/walls", "Application": "Crud.Api"}
[06:34:13 DBG] Set cache value for key: list:wall {"SourceContext": "Infrastructure.Services.Caching.InMemoryCacheService", "ActionId": "3a38f089-cc5e-4091-b51f-19d657acdb7a", "ActionName": "Api.Controllers.WallsController.List (Api)", "RequestId": "0HNFGVK4NGCV3", "RequestPath": "/api/walls", "Application": "Crud.Api"}
Activity.TraceId:            0550117b72febfb9ec9fa186a1a015a0
Activity.SpanId:             3270fa735a9bf679
Activity.TraceFlags:         Recorded
Activity.ActivitySourceName: Microsoft.AspNetCore
Activity.DisplayName:        GET api/Walls
Activity.Kind:               Server
Activity.StartTime:          2025-09-11T06:34:13.8780651Z
Activity.Duration:           00:00:00.0010251
Activity.Tags:
    server.address: localhost
    http.request.method: GET
    url.scheme: http
    url.path: /api/walls
    network.protocol.version: 1.1
    http.route: api/Walls
    http.response.status_code: 200
Resource associated with Activity:
    deployment.environment: Testing
    service.name: Crud.Api
    service.version: 1.0.0
    service.instance.id: 10e2e254-224c-48e1-a2d2-8bbb5483cf26
    telemetry.sdk.name: opentelemetry
    telemetry.sdk.language: dotnet
    telemetry.sdk.version: 1.8.1
[06:34:13 INF] Resetting database for worker 14190 {"SourceContext": "Infrastructure.Services.DatabaseTestService", "Application": "Crud.Api"}
[06:34:13 INF] Resetting database via file deletion for worker 14190 in CI environment {"SourceContext": "Infrastructure.Services.DatabaseTestService", "Application": "Crud.Api"}
[06:34:13 INF] Acquiring database mutex for worker 14190... {"SourceContext": "Infrastructure.Services.DatabaseTestService", "Application": "Crud.Api"}
[06:34:13 INF] Database mutex acquired for worker 14190 {"SourceContext": "Infrastructure.Services.DatabaseTestService", "Application": "Crud.Api"}
[06:34:13 INF] Current database state - CanConnect: True {"SourceContext": "Infrastructure.Services.DatabaseTestService", "Application": "Crud.Api"}
[06:34:13 INF] [Phase 0] Closing database connection for worker 14190... {"SourceContext": "Infrastructure.Services.DatabaseTestService", "Application": "Crud.Api"}
[06:34:13 INF] [Phase 0] Connection closed in 0.0006ms {"SourceContext": "Infrastructure.Services.DatabaseTestService", "Application": "Crud.Api"}
[06:34:13 INF] [Phase 1] Starting EnsureDeletedAsync for worker 14190... {"SourceContext": "Infrastructure.Services.DatabaseTestService", "Application": "Crud.Api"}
[06:34:13 INF] [Phase 1] EnsureDeletedAsync completed in 1.3914ms {"SourceContext": "Infrastructure.Services.DatabaseTestService", "Application": "Crud.Api"}
[06:34:13 INF] [Phase 2] Starting EnsureCreatedAsync for worker 14190... {"SourceContext": "Infrastructure.Services.DatabaseTestService", "Application": "Crud.Api"}
[06:34:13 INF] [Phase 2] EnsureCreatedAsync completed in 11.086ms {"SourceContext": "Infrastructure.Services.DatabaseTestService", "Application": "Crud.Api"}
[06:34:13 INF] [Phase 3] Skipping database seeding as requested for worker 14190 {"SourceContext": "Infrastructure.Services.DatabaseTestService", "Application": "Crud.Api"}
[06:34:13 INF] Database reset via file deletion completed for worker 14190 in 113.9737ms (Close: 0.0006ms, Delete: 1.3914ms, Create: 11.086ms) {"SourceContext": "Infrastructure.Services.DatabaseTestService", "Application": "Crud.Api"}
[06:34:13 INF] Releasing database mutex for worker 14190 {"SourceContext": "Infrastructure.Services.DatabaseTestService", "Application": "Crud.Api"}
[06:34:14 INF] User registered successfully: 6070ae82-57f3-48e4-b210-f4afa7e51b51 {"SourceContext": "App.Features.Authentication.RegisterUserCommandHandler", "ActionId": "b3cfc7e1-da85-4735-bafe-ca0077844b75", "ActionName": "Api.Controllers.AuthController.Register (Api)", "RequestId": "0HNFGVK4NGCV4", "RequestPath": "/api/auth/register", "Application": "Crud.Api"}
Activity.TraceId:            84962067a4ea5fe8581856764e3c38a3
Activity.SpanId:             4baa8635e3ac6382
Activity.TraceFlags:         Recorded
Activity.ActivitySourceName: Microsoft.AspNetCore
Activity.DisplayName:        POST api/Auth/register
Activity.Kind:               Server
Activity.StartTime:          2025-09-11T06:34:13.9964958Z
Activity.Duration:           00:00:00.2961694
Activity.Tags:
    server.address: localhost
    http.request.method: POST
    url.scheme: http
    url.path: /api/auth/register
    network.protocol.version: 1.1
    http.route: api/Auth/register
    http.response.status_code: 200
Resource associated with Activity:
    deployment.environment: Testing
    service.name: Crud.Api
    service.version: 1.0.0
    service.instance.id: 10e2e254-224c-48e1-a2d2-8bbb5483cf26
    telemetry.sdk.name: opentelemetry
    telemetry.sdk.language: dotnet
    telemetry.sdk.version: 1.8.1
[06:34:14 INF] User logged in successfully: 6070ae82-57f3-48e4-b210-f4afa7e51b51 {"SourceContext": "App.Features.Authentication.LoginCommandHandler", "ActionId": "3acfc5f0-e77e-4caf-a755-beed2463964d", "ActionName": "Api.Controllers.AuthController.Login (Api)", "RequestId": "0HNFGVK4NGCV5", "RequestPath": "/api/auth/login", "Application": "Crud.Api"}
Activity.TraceId:            1c9629e91f2b70736b02ebc3d4fa78fe
Activity.SpanId:             fb5b1e15e65c970d
Activity.TraceFlags:         Recorded
Activity.ActivitySourceName: Microsoft.AspNetCore
Activity.DisplayName:        POST api/Auth/login
Activity.Kind:               Server
Activity.StartTime:          2025-09-11T06:34:14.2942656Z
Activity.Duration:           00:00:00.2962282
Activity.Tags:
    server.address: localhost
    http.request.method: POST
    url.scheme: http
    url.path: /api/auth/login
    network.protocol.version: 1.1
    http.route: api/Auth/login
    http.response.status_code: 200
Resource associated with Activity:
    deployment.environment: Testing
    service.name: Crud.Api
    service.version: 1.0.0
    service.instance.id: 10e2e254-224c-48e1-a2d2-8bbb5483cf26
    telemetry.sdk.name: opentelemetry
    telemetry.sdk.language: dotnet
    telemetry.sdk.version: 1.8.1
Activity.TraceId:            37c00cd34193b6ff59cd370841c49ced
Activity.SpanId:             7b42459e307ce210
Activity.TraceFlags:         Recorded
Activity.ActivitySourceName: Microsoft.AspNetCore
Activity.DisplayName:        POST api/Walls
Activity.Kind:               Server
Activity.StartTime:          2025-09-11T06:34:14.5913240Z
Activity.Duration:           00:00:00.0005959
Activity.Tags:
    server.address: localhost
    http.request.method: POST
    url.scheme: http
    url.path: /api/walls
    network.protocol.version: 1.1
    http.route: api/Walls
    http.response.status_code: 400
Resource associated with Activity:
    deployment.environment: Testing
    service.name: Crud.Api
    service.version: 1.0.0
    service.instance.id: 10e2e254-224c-48e1-a2d2-8bbb5483cf26
    telemetry.sdk.name: opentelemetry
    telemetry.sdk.language: dotnet
    telemetry.sdk.version: 1.8.1
[06:34:14 INF] User registered successfully: fdc38f82-9717-4cac-9bfc-2e1878bfcd09 {"SourceContext": "App.Features.Authentication.RegisterUserCommandHandler", "ActionId": "b3cfc7e1-da85-4735-bafe-ca0077844b75", "ActionName": "Api.Controllers.AuthController.Register (Api)", "RequestId": "0HNFGVK4NGCV7", "RequestPath": "/api/auth/register", "Application": "Crud.Api"}
Activity.TraceId:            ea5bd84f9a31906149a5c39134fe177a
Activity.SpanId:             87876e783a592b53
Activity.TraceFlags:         Recorded
Activity.ActivitySourceName: Microsoft.AspNetCore
Activity.DisplayName:        POST api/Auth/register
Activity.Kind:               Server
Activity.StartTime:          2025-09-11T06:34:14.5946945Z
Activity.Duration:           00:00:00.2962628
Activity.Tags:
    server.address: localhost
    http.request.method: POST
    url.scheme: http
    url.path: /api/auth/register
    network.protocol.version: 1.1
    http.route: api/Auth/register
    http.response.status_code: 200
Resource associated with Activity:
    deployment.environment: Testing
    service.name: Crud.Api
    service.version: 1.0.0
    service.instance.id: 10e2e254-224c-48e1-a2d2-8bbb5483cf26
    telemetry.sdk.name: opentelemetry
    telemetry.sdk.language: dotnet
    telemetry.sdk.version: 1.8.1
[06:34:15 INF] User logged in successfully: fdc38f82-9717-4cac-9bfc-2e1878bfcd09 {"SourceContext": "App.Features.Authentication.LoginCommandHandler", "ActionId": "3acfc5f0-e77e-4caf-a755-beed2463964d", "ActionName": "Api.Controllers.AuthController.Login (Api)", "RequestId": "0HNFGVK4NGCV8", "RequestPath": "/api/auth/login", "Application": "Crud.Api"}
Activity.TraceId:            d4460dee9cfda45c9060a9230b7c9a15
Activity.SpanId:             ab13af5174819ed8
Activity.TraceFlags:         Recorded
Activity.ActivitySourceName: Microsoft.AspNetCore
Activity.DisplayName:        POST api/Auth/login
Activity.Kind:               Server
Activity.StartTime:          2025-09-11T06:34:14.8925342Z
Activity.Duration:           00:00:00.2956490
Activity.Tags:
    server.address: localhost
    http.request.method: POST
    url.scheme: http
    url.path: /api/auth/login
    network.protocol.version: 1.1
    http.route: api/Auth/login
    http.response.status_code: 200
Resource associated with Activity:
    deployment.environment: Testing
    service.name: Crud.Api
    service.version: 1.0.0
    service.instance.id: 10e2e254-224c-48e1-a2d2-8bbb5483cf26
    telemetry.sdk.name: opentelemetry
    telemetry.sdk.language: dotnet
    telemetry.sdk.version: 1.8.1
[06:34:15 DBG] Removed cache value for key: entity:wall:7f8885cd756f43f28e1b2fab466cad7b {"SourceContext": "Infrastructure.Services.Caching.InMemoryCacheService", "ActionId": "3cc01003-95fb-4b0d-a833-447e26732bd5", "ActionName": "Api.Controllers.WallsController.Create (Api)", "RequestId": "0HNFGVK4NGCV9", "RequestPath": "/api/walls", "Application": "Crud.Api"}
[06:34:15 DBG] Removed cache value for key: list:wall {"SourceContext": "Infrastructure.Services.Caching.InMemoryCacheService", "ActionId": "3cc01003-95fb-4b0d-a833-447e26732bd5", "ActionName": "Api.Controllers.WallsController.Create (Api)", "RequestId": "0HNFGVK4NGCV9", "RequestPath": "/api/walls", "Application": "Crud.Api"}
[06:34:15 DBG] Invalidating cache for entity type: walls with tag: walls {"SourceContext": "Api.Services.OutputCacheInvalidationService", "ActionId": "3cc01003-95fb-4b0d-a833-447e26732bd5", "ActionName": "Api.Controllers.WallsController.Create (Api)", "RequestId": "0HNFGVK4NGCV9", "RequestPath": "/api/walls", "Application": "Crud.Api"}
[06:34:15 INF] Successfully invalidated cache for entity type: walls {"SourceContext": "Api.Services.OutputCacheInvalidationService", "ActionId": "3cc01003-95fb-4b0d-a833-447e26732bd5", "ActionName": "Api.Controllers.WallsController.Create (Api)", "RequestId": "0HNFGVK4NGCV9", "RequestPath": "/api/walls", "Application": "Crud.Api"}
Activity.TraceId:            5237d6df835e4d65bd87b6c03d15d406
Activity.SpanId:             353b5f55c7867499
Activity.TraceFlags:         Recorded
Activity.ActivitySourceName: Microsoft.AspNetCore
Activity.DisplayName:        POST api/Walls
Activity.Kind:               Server
Activity.StartTime:          2025-09-11T06:34:15.1889237Z
Activity.Duration:           00:00:00.0022743
Activity.Tags:
    server.address: localhost
    http.request.method: POST
    url.scheme: http
    url.path: /api/walls
    network.protocol.version: 1.1
    http.route: api/Walls
    http.response.status_code: 201
Resource associated with Activity:
    deployment.environment: Testing
    service.name: Crud.Api
    service.version: 1.0.0
    service.instance.id: 10e2e254-224c-48e1-a2d2-8bbb5483cf26
    telemetry.sdk.name: opentelemetry
    telemetry.sdk.language: dotnet
    telemetry.sdk.version: 1.8.1
[06:34:15 INF] User registered successfully: fba69883-646e-423b-bfbe-f6a36c0f356e {"SourceContext": "App.Features.Authentication.RegisterUserCommandHandler", "ActionId": "b3cfc7e1-da85-4735-bafe-ca0077844b75", "ActionName": "Api.Controllers.AuthController.Register (Api)", "RequestId": "0HNFGVK4NGCVA", "RequestPath": "/api/auth/register", "Application": "Crud.Api"}
Activity.TraceId:            017bb3dc3b82dd6b79b272147d509f61
Activity.SpanId:             94785a11ea02465b
Activity.TraceFlags:         Recorded
Activity.ActivitySourceName: Microsoft.AspNetCore
Activity.DisplayName:        POST api/Auth/register
Activity.Kind:               Server
Activity.StartTime:          2025-09-11T06:34:15.2938810Z
Activity.Duration:           00:00:00.2959585
Activity.Tags:
    server.address: localhost
    http.request.method: POST
    url.scheme: http
    url.path: /api/auth/register
    network.protocol.version: 1.1
    http.route: api/Auth/register
    http.response.status_code: 200
Resource associated with Activity:
    deployment.environment: Testing
    service.name: Crud.Api
    service.version: 1.0.0
    service.instance.id: 10e2e254-224c-48e1-a2d2-8bbb5483cf26
    telemetry.sdk.name: opentelemetry
    telemetry.sdk.language: dotnet
    telemetry.sdk.version: 1.8.1
[06:34:15 INF] User logged in successfully: fba69883-646e-423b-bfbe-f6a36c0f356e {"SourceContext": "App.Features.Authentication.LoginCommandHandler", "ActionId": "3acfc5f0-e77e-4caf-a755-beed2463964d", "ActionName": "Api.Controllers.AuthController.Login (Api)", "RequestId": "0HNFGVK4NGCVB", "RequestPath": "/api/auth/login", "Application": "Crud.Api"}
Activity.TraceId:            50290d5ea57b0ae3a83775241141b97d
Activity.SpanId:             e1e93b8e83adc189
Activity.TraceFlags:         Recorded
Activity.ActivitySourceName: Microsoft.AspNetCore
Activity.DisplayName:        POST api/Auth/login
Activity.Kind:               Server
Activity.StartTime:          2025-09-11T06:34:15.5909219Z
Activity.Duration:           00:00:00.2955955
Activity.Tags:
    server.address: localhost
    http.request.method: POST
    url.scheme: http
    url.path: /api/auth/login
    network.protocol.version: 1.1
    http.route: api/Auth/login
    http.response.status_code: 200
Resource associated with Activity:
    deployment.environment: Testing
    service.name: Crud.Api
    service.version: 1.0.0
    service.instance.id: 10e2e254-224c-48e1-a2d2-8bbb5483cf26
    telemetry.sdk.name: opentelemetry
    telemetry.sdk.language: dotnet
    telemetry.sdk.version: 1.8.1
[06:34:15 DBG] Cache miss for key: entity:wall:7f8885cd756f43f28e1b2fab466cad7b {"SourceContext": "Infrastructure.Services.Caching.InMemoryCacheService", "ActionId": "601f5f89-495f-4a89-a390-286671821b20", "ActionName": "Api.Controllers.WallsController.Update (Api)", "RequestId": "0HNFGVK4NGCVC", "RequestPath": "/api/walls/7f8885cd-756f-43f2-8e1b-2fab466cad7b", "Application": "Crud.Api"}
[06:34:15 DBG] Set cache value for key: entity:wall:7f8885cd756f43f28e1b2fab466cad7b {"SourceContext": "Infrastructure.Services.Caching.InMemoryCacheService", "ActionId": "601f5f89-495f-4a89-a390-286671821b20", "ActionName": "Api.Controllers.WallsController.Update (Api)", "RequestId": "0HNFGVK4NGCVC", "RequestPath": "/api/walls/7f8885cd-756f-43f2-8e1b-2fab466cad7b", "Application": "Crud.Api"}
[06:34:15 DBG] Removed cache value for key: entity:wall:7f8885cd756f43f28e1b2fab466cad7b {"SourceContext": "Infrastructure.Services.Caching.InMemoryCacheService", "ActionId": "601f5f89-495f-4a89-a390-286671821b20", "ActionName": "Api.Controllers.WallsController.Update (Api)", "RequestId": "0HNFGVK4NGCVC", "RequestPath": "/api/walls/7f8885cd-756f-43f2-8e1b-2fab466cad7b", "Application": "Crud.Api"}
[06:34:15 DBG] Removed cache value for key: list:wall {"SourceContext": "Infrastructure.Services.Caching.InMemoryCacheService", "ActionId": "601f5f89-495f-4a89-a390-286671821b20", "ActionName": "Api.Controllers.WallsController.Update (Api)", "RequestId": "0HNFGVK4NGCVC", "RequestPath": "/api/walls/7f8885cd-756f-43f2-8e1b-2fab466cad7b", "Application": "Crud.Api"}
[06:34:15 DBG] Invalidating cache for entity: walls/7f8885cd-756f-43f2-8e1b-2fab466cad7b with tags: walls, walls:7f8885cd-756f-43f2-8e1b-2fab466cad7b {"SourceContext": "Api.Services.OutputCacheInvalidationService", "ActionId": "601f5f89-495f-4a89-a390-286671821b20", "ActionName": "Api.Controllers.WallsController.Update (Api)", "RequestId": "0HNFGVK4NGCVC", "RequestPath": "/api/walls/7f8885cd-756f-43f2-8e1b-2fab466cad7b", "Application": "Crud.Api"}
[06:34:15 DBG] Successfully invalidated cache for tag: walls {"SourceContext": "Api.Services.OutputCacheInvalidationService", "ActionId": "601f5f89-495f-4a89-a390-286671821b20", "ActionName": "Api.Controllers.WallsController.Update (Api)", "RequestId": "0HNFGVK4NGCVC", "RequestPath": "/api/walls/7f8885cd-756f-43f2-8e1b-2fab466cad7b", "Application": "Crud.Api"}
[06:34:15 DBG] Successfully invalidated cache for tag: walls:7f8885cd-756f-43f2-8e1b-2fab466cad7b {"SourceContext": "Api.Services.OutputCacheInvalidationService", "ActionId": "601f5f89-495f-4a89-a390-286671821b20", "ActionName": "Api.Controllers.WallsController.Update (Api)", "RequestId": "0HNFGVK4NGCVC", "RequestPath": "/api/walls/7f8885cd-756f-43f2-8e1b-2fab466cad7b", "Application": "Crud.Api"}
Activity.TraceId:            150a2e3862c2ce6e92ee8bdbe8b20056
Activity.SpanId:             bb7bed46ad6f3094
Activity.TraceFlags:         Recorded
Activity.ActivitySourceName: Microsoft.AspNetCore
Activity.DisplayName:        PUT api/Walls/{id:guid}
Activity.Kind:               Server
Activity.StartTime:          2025-09-11T06:34:15.8892016Z
Activity.Duration:           00:00:00.0112319
Activity.Tags:
    server.address: localhost
    http.request.method: PUT
    url.scheme: http
    url.path: /api/walls/7f8885cd-756f-43f2-8e1b-2fab466cad7b
    network.protocol.version: 1.1
    http.route: api/Walls/{id:guid}
    http.response.status_code: 204
Resource associated with Activity:
    deployment.environment: Testing
    service.name: Crud.Api
    service.version: 1.0.0
    service.instance.id: 10e2e254-224c-48e1-a2d2-8bbb5483cf26
    telemetry.sdk.name: opentelemetry
    telemetry.sdk.language: dotnet
    telemetry.sdk.version: 1.8.1
[06:34:16 INF] User registered successfully: 6e521a68-2fa8-43b0-a685-cd60fecaf117 {"SourceContext": "App.Features.Authentication.RegisterUserCommandHandler", "ActionId": "b3cfc7e1-da85-4735-bafe-ca0077844b75", "ActionName": "Api.Controllers.AuthController.Register (Api)", "RequestId": "0HNFGVK4NGCVD", "RequestPath": "/api/auth/register", "Application": "Crud.Api"}
Activity.TraceId:            d815c5c32aa4d6a1f1b755687d3415c7
Activity.SpanId:             63a9972d27915a5c
Activity.TraceFlags:         Recorded
Activity.ActivitySourceName: Microsoft.AspNetCore
Activity.DisplayName:        POST api/Auth/register
Activity.Kind:               Server
Activity.StartTime:          2025-09-11T06:34:15.9005425Z
Activity.Duration:           00:00:00.2953536
Activity.Tags:
    server.address: localhost
    http.request.method: POST
    url.scheme: http
    url.path: /api/auth/register
    network.protocol.version: 1.1
    http.route: api/Auth/register
    http.response.status_code: 200
Resource associated with Activity:
    deployment.environment: Testing
    service.name: Crud.Api
    service.version: 1.0.0
    service.instance.id: 10e2e254-224c-48e1-a2d2-8bbb5483cf26
    telemetry.sdk.name: opentelemetry
    telemetry.sdk.language: dotnet
    telemetry.sdk.version: 1.8.1
[06:34:16 DBG] Cache miss for key: entity:wall:7f8885cd756f43f28e1b2fab466cad7b {"SourceContext": "Infrastructure.Services.Caching.InMemoryCacheService", "ActionId": "a1ecfcf4-348c-49b9-908d-553e7a2ea6fc", "ActionName": "Api.Controllers.WallsController.Get (Api)", "RequestId": "0HNFGVK4NGCVE", "RequestPath": "/api/walls/7f8885cd-756f-43f2-8e1b-2fab466cad7b", "Application": "Crud.Api"}
[06:34:16 DBG] Set cache value for key: entity:wall:7f8885cd756f43f28e1b2fab466cad7b {"SourceContext": "Infrastructure.Services.Caching.InMemoryCacheService", "ActionId": "a1ecfcf4-348c-49b9-908d-553e7a2ea6fc", "ActionName": "Api.Controllers.WallsController.Get (Api)", "RequestId": "0HNFGVK4NGCVE", "RequestPath": "/api/walls/7f8885cd-756f-43f2-8e1b-2fab466cad7b", "Application": "Crud.Api"}
Activity.TraceId:            a54f3a66bd6a3dd1d923e799f2b72836
Activity.SpanId:             7575d60bd82ec041
Activity.TraceFlags:         Recorded
Activity.ActivitySourceName: Microsoft.AspNetCore
Activity.DisplayName:        GET api/Walls/{id:guid}
Activity.Kind:               Server
Activity.StartTime:          2025-09-11T06:34:16.1961044Z
Activity.Duration:           00:00:00.0034342
Activity.Tags:
    server.address: localhost
    http.request.method: GET
    url.scheme: http
    url.path: /api/walls/7f8885cd-756f-43f2-8e1b-2fab466cad7b
    network.protocol.version: 1.1
    http.route: api/Walls/{id:guid}
    http.response.status_code: 200
Resource associated with Activity:
    deployment.environment: Testing
    service.name: Crud.Api
    service.version: 1.0.0
    service.instance.id: 10e2e254-224c-48e1-a2d2-8bbb5483cf26
    telemetry.sdk.name: opentelemetry
    telemetry.sdk.language: dotnet
    telemetry.sdk.version: 1.8.1
Resource associated with Metric:
    deployment.environment: Testing
    service.name: Crud.Api
    service.version: 1.0.0
    service.instance.id: 10e2e254-224c-48e1-a2d2-8bbb5483cf26
    telemetry.sdk.name: opentelemetry
    telemetry.sdk.language: dotnet
    telemetry.sdk.version: 1.8.1
Metric Name: http.server.active_requests, Number of active HTTP server requests., Unit: {request}, Meter: Microsoft.AspNetCore.Hosting
(2025-09-11T06:34:06.2794764Z, 2025-09-11T06:34:16.2795126Z] http.request.method: POST url.scheme: http LongSumNonMonotonic
Value: 1
(2025-09-11T06:34:06.2794764Z, 2025-09-11T06:34:16.2795126Z] http.request.method: GET url.scheme: http LongSumNonMonotonic
Value: 0
(2025-09-11T06:34:06.2794764Z, 2025-09-11T06:34:16.2795126Z] http.request.method: DELETE url.scheme: http LongSumNonMonotonic
Value: 0
(2025-09-11T06:34:06.2794764Z, 2025-09-11T06:34:16.2795126Z] http.request.method: PUT url.scheme: http LongSumNonMonotonic
Value: 0
Metric Name: http.server.request.duration, Duration of HTTP server requests., Unit: s, Meter: Microsoft.AspNetCore.Hosting
(2025-09-11T06:34:06.2794969Z, 2025-09-11T06:34:16.2795164Z] http.request.method: POST http.response.status_code: 200 http.route: api/Auth/register network.protocol.version: 1.1 url.scheme: http Histogram
Value: Sum: 5.3406857 Count: 18 Min: 0.2953425 Max: 0.3047367 
(-Infinity,0.005]:0
(0.005,0.01]:0
(0.01,0.025]:0
(0.025,0.05]:0
(0.05,0.075]:0
(0.075,0.1]:0
(0.1,0.25]:0
(0.25,0.5]:18
(0.5,0.75]:0
(0.75,1]:0
(1,2.5]:0
(2.5,5]:0
(5,7.5]:0
(7.5,10]:0
(10,+Infinity]:0
(2025-09-11T06:34:06.2794969Z, 2025-09-11T06:34:16.2795164Z] http.request.method: POST http.response.status_code: 200 http.route: api/Auth/login network.protocol.version: 1.1 url.scheme: http Histogram
Value: Sum: 3.8571141000000004 Count: 13 Min: 0.295586 Max: 0.3019197 
(-Infinity,0.005]:0
(0.005,0.01]:0
(0.01,0.025]:0
(0.025,0.05]:0
(0.05,0.075]:0
(0.075,0.1]:0
(0.1,0.25]:0
(0.25,0.5]:13
(0.5,0.75]:0
(0.75,1]:0
(1,2.5]:0
(2.5,5]:0
(5,7.5]:0
(7.5,10]:0
(10,+Infinity]:0
(2025-09-11T06:34:06.2794969Z, 2025-09-11T06:34:16.2795164Z] http.request.method: POST http.response.status_code: 201 http.route: api/Walls network.protocol.version: 1.1 url.scheme: http Histogram
Value: Sum: 0.0343844 Count: 8 Min: 0.0019036 Max: 0.0162068 
(-Infinity,0.005]:7
(0.005,0.01]:0
(0.01,0.025]:1
(0.025,0.05]:0
(0.05,0.075]:0
(0.075,0.1]:0
(0.1,0.25]:0
(0.25,0.5]:0
(0.5,0.75]:0
(0.75,1]:0
(1,2.5]:0
(2.5,5]:0
(5,7.5]:0
(7.5,10]:0
(10,+Infinity]:0
(2025-09-11T06:34:06.2794969Z, 2025-09-11T06:34:16.2795164Z] http.request.method: GET http.response.status_code: 200 http.route: api/Walls/{id:guid} network.protocol.version: 1.1 url.scheme: http Histogram
Value: Sum: 0.0172664 Count: 2 Min: 0.0034394 Max: 0.013827 
(-Infinity,0.005]:1
(0.005,0.01]:0
(0.01,0.025]:1
(0.025,0.05]:0
(0.05,0.075]:0
(0.075,0.1]:0
(0.1,0.25]:0
(0.25,0.5]:0
(0.5,0.75]:0
(0.75,1]:0
(1,2.5]:0
(2.5,5]:0
(5,7.5]:0
(7.5,10]:0
(10,+Infinity]:0
(2025-09-11T06:34:06.2794969Z, 2025-09-11T06:34:16.2795164Z] http.request.method: GET http.response.status_code: 200 http.route: api/Walls network.protocol.version: 1.1 url.scheme: http Histogram
Value: Sum: 0.008206 Count: 2 Min: 0.0010271 Max: 0.0071789 
(-Infinity,0.005]:1
(0.005,0.01]:1
(0.01,0.025]:0
(0.025,0.05]:0
(0.05,0.075]:0
(0.075,0.1]:0
(0.1,0.25]:0
(0.25,0.5]:0
(0.5,0.75]:0
(0.75,1]:0
(1,2.5]:0
(2.5,5]:0
(5,7.5]:0
(7.5,10]:0
(10,+Infinity]:0
(2025-09-11T06:34:06.2794969Z, 2025-09-11T06:34:16.2795164Z] http.request.method: POST http.response.status_code: 400 http.route: api/Walls network.protocol.version: 1.1 url.scheme: http Histogram
Value: Sum: 0.0036227 Count: 2 Min: 0.000602 Max: 0.0030207 
(-Infinity,0.005]:2
(0.005,0.01]:0
(0.01,0.025]:0
(0.025,0.05]:0
(0.05,0.075]:0
(0.075,0.1]:0
(0.1,0.25]:0
(0.25,0.5]:0
(0.5,0.75]:0
(0.75,1]:0
(1,2.5]:0
(2.5,5]:0
(5,7.5]:0
(7.5,10]:0
(10,+Infinity]:0
(2025-09-11T06:34:06.2794969Z, 2025-09-11T06:34:16.2795164Z] http.request.method: DELETE http.response.status_code: 204 http.route: api/Walls/{id:guid} network.protocol.version: 1.1 url.scheme: http Histogram
Value: Sum: 0.0095309 Count: 2 Min: 0.0026385 Max: 0.0068924 
(-Infinity,0.005]:1
(0.005,0.01]:1
(0.01,0.025]:0
(0.025,0.05]:0
(0.05,0.075]:0
(0.075,0.1]:0
(0.1,0.25]:0
(0.25,0.5]:0
(0.5,0.75]:0
(0.75,1]:0
(1,2.5]:0
(2.5,5]:0
(5,7.5]:0
(7.5,10]:0
(10,+Infinity]:0
(2025-09-11T06:34:06.2794969Z, 2025-09-11T06:34:16.2795164Z] http.request.method: GET http.response.status_code: 404 http.route: api/Walls/{id:guid} network.protocol.version: 1.1 url.scheme: http Histogram
Value: Sum: 0.0038753 Count: 1 Min: 0.0038753 Max: 0.0038753 
(-Infinity,0.005]:1
(0.005,0.01]:0
(0.01,0.025]:0
(0.025,0.05]:0
(0.05,0.075]:0
(0.075,0.1]:0
(0.1,0.25]:0
(0.25,0.5]:0
(0.5,0.75]:0
(0.75,1]:0
(1,2.5]:0
(2.5,5]:0
(5,7.5]:0
(7.5,10]:0
(10,+Infinity]:0
(2025-09-11T06:34:06.2794969Z, 2025-09-11T06:34:16.2795164Z] http.request.method: PUT http.response.status_code: 204 http.route: api/Walls/{id:guid} network.protocol.version: 1.1 url.scheme: http Histogram
Value: Sum: 0.0112238 Count: 1 Min: 0.0112238 Max: 0.0112238 
(-Infinity,0.005]:0
(0.005,0.01]:0
(0.01,0.025]:1
(0.025,0.05]:0
(0.05,0.075]:0
(0.075,0.1]:0
(0.1,0.25]:0
(0.25,0.5]:0
(0.5,0.75]:0
(0.75,1]:0
(1,2.5]:0
(2.5,5]:0
(5,7.5]:0
(7.5,10]:0
(10,+Infinity]:0
Metric Name: aspnetcore.rate_limiting.active_request_leases, Number of HTTP requests that are currently active on the server that hold a rate limiting lease., Unit: {request}, Meter: Microsoft.AspNetCore.RateLimiting
(2025-09-11T06:34:06.2816843Z, 2025-09-11T06:34:16.2795170Z] LongSumNonMonotonic
Value: 1
Metric Name: aspnetcore.rate_limiting.request_lease.duration, The duration of rate limiting leases held by HTTP requests on the server., Unit: s, Meter: Microsoft.AspNetCore.RateLimiting
(2025-09-11T06:34:06.2817096Z, 2025-09-11T06:34:16.2795178Z] Histogram
Value: Sum: 9.2739451 Count: 49 Min: 0.0004926 Max: 0.3033537 
(-Infinity,0.005]:13
(0.005,0.01]:2
(0.01,0.025]:3
(0.025,0.05]:0
(0.05,0.075]:0
(0.075,0.1]:0
(0.1,0.25]:0
(0.25,0.5]:31
(0.5,0.75]:0
(0.75,1]:0
(1,2.5]:0
(2.5,5]:0
(5,7.5]:0
(7.5,10]:0
(10,+Infinity]:0
Metric Name: aspnetcore.rate_limiting.requests, Number of requests that tried to acquire a rate limiting lease. Requests could be rejected by global or endpoint rate limiting policies. Or the request could be canceled while waiting for the lease., Unit: {request}, Meter: Microsoft.AspNetCore.RateLimiting
(2025-09-11T06:34:06.2817571Z, 2025-09-11T06:34:16.2795193Z] aspnetcore.rate_limiting.result: acquired LongSum
Value: 49
Metric Name: aspnetcore.routing.match_attempts, Number of requests that were attempted to be matched to an endpoint., Unit: {match_attempt}, Meter: Microsoft.AspNetCore.Routing
(2025-09-11T06:34:06.2826152Z, 2025-09-11T06:34:16.2795199Z] aspnetcore.routing.is_fallback: false aspnetcore.routing.match_status: success http.route: api/Auth/register LongSum
Value: 19
(2025-09-11T06:34:06.2826152Z, 2025-09-11T06:34:16.2795199Z] aspnetcore.routing.is_fallback: false aspnetcore.routing.match_status: success http.route: api/Auth/login LongSum
Value: 13
(2025-09-11T06:34:06.2826152Z, 2025-09-11T06:34:16.2795199Z] aspnetcore.routing.is_fallback: false aspnetcore.routing.match_status: success http.route: api/Walls LongSum
Value: 12
(2025-09-11T06:34:06.2826152Z, 2025-09-11T06:34:16.2795199Z] aspnetcore.routing.is_fallback: false aspnetcore.routing.match_status: success http.route: api/Walls/{id:guid} LongSum
Value: 6
[06:34:16 INF] User registered successfully: 26983719-2f1c-4419-925c-3f0706b88bad {"SourceContext": "App.Features.Authentication.RegisterUserCommandHandler", "ActionId": "b3cfc7e1-da85-4735-bafe-ca0077844b75", "ActionName": "Api.Controllers.AuthController.Register (Api)", "RequestId": "0HNFGVK4NGCVF", "RequestPath": "/api/auth/register", "Application": "Crud.Api"}
Activity.TraceId:            b37607d1883156fdbe4479b684f905fe
Activity.SpanId:             0f4309f2fe0894c4
Activity.TraceFlags:         Recorded
Activity.ActivitySourceName: Microsoft.AspNetCore
Activity.DisplayName:        POST api/Auth/register
Activity.Kind:               Server
Activity.StartTime:          2025-09-11T06:34:16.2023800Z
Activity.Duration:           00:00:00.2975661
Activity.Tags:
    server.address: localhost
    http.request.method: POST
    url.scheme: http
    url.path: /api/auth/register
    network.protocol.version: 1.1
    http.route: api/Auth/register
    http.response.status_code: 200
Resource associated with Activity:
    deployment.environment: Testing
    service.name: Crud.Api
    service.version: 1.0.0
    service.instance.id: 10e2e254-224c-48e1-a2d2-8bbb5483cf26
    telemetry.sdk.name: opentelemetry
    telemetry.sdk.language: dotnet
    telemetry.sdk.version: 1.8.1
[06:34:16 INF] User logged in successfully: 26983719-2f1c-4419-925c-3f0706b88bad {"SourceContext": "App.Features.Authentication.LoginCommandHandler", "ActionId": "3acfc5f0-e77e-4caf-a755-beed2463964d", "ActionName": "Api.Controllers.AuthController.Login (Api)", "RequestId": "0HNFGVK4NGCVG", "RequestPath": "/api/auth/login", "Application": "Crud.Api"}
Activity.TraceId:            8bcdf5ef910235b1da5b7352c061ab57
Activity.SpanId:             9e157fbb9e4d4708
Activity.TraceFlags:         Recorded
Activity.ActivitySourceName: Microsoft.AspNetCore
Activity.DisplayName:        POST api/Auth/login
Activity.Kind:               Server
Activity.StartTime:          2025-09-11T06:34:16.5015427Z
Activity.Duration:           00:00:00.2957231
Activity.Tags:
    server.address: localhost
    http.request.method: POST
    url.scheme: http
    url.path: /api/auth/login
    network.protocol.version: 1.1
    http.route: api/Auth/login
    http.response.status_code: 200
Resource associated with Activity:
    deployment.environment: Testing
    service.name: Crud.Api
    service.version: 1.0.0
    service.instance.id: 10e2e254-224c-48e1-a2d2-8bbb5483cf26
    telemetry.sdk.name: opentelemetry
    telemetry.sdk.language: dotnet
    telemetry.sdk.version: 1.8.1
[06:34:16 DBG] Removed cache value for key: entity:wall:7eda0693d23f4b6a8c38fdd4760119bc {"SourceContext": "Infrastructure.Services.Caching.InMemoryCacheService", "ActionId": "3cc01003-95fb-4b0d-a833-447e26732bd5", "ActionName": "Api.Controllers.WallsController.Create (Api)", "RequestId": "0HNFGVK4NGCVH", "RequestPath": "/api/walls", "Application": "Crud.Api"}
[06:34:16 DBG] Removed cache value for key: list:wall {"SourceContext": "Infrastructure.Services.Caching.InMemoryCacheService", "ActionId": "3cc01003-95fb-4b0d-a833-447e26732bd5", "ActionName": "Api.Controllers.WallsController.Create (Api)", "RequestId": "0HNFGVK4NGCVH", "RequestPath": "/api/walls", "Application": "Crud.Api"}
[06:34:16 DBG] Invalidating cache for entity type: walls with tag: walls {"SourceContext": "Api.Services.OutputCacheInvalidationService", "ActionId": "3cc01003-95fb-4b0d-a833-447e26732bd5", "ActionName": "Api.Controllers.WallsController.Create (Api)", "RequestId": "0HNFGVK4NGCVH", "RequestPath": "/api/walls", "Application": "Crud.Api"}
[06:34:16 INF] Successfully invalidated cache for entity type: walls {"SourceContext": "Api.Services.OutputCacheInvalidationService", "ActionId": "3cc01003-95fb-4b0d-a833-447e26732bd5", "ActionName": "Api.Controllers.WallsController.Create (Api)", "RequestId": "0HNFGVK4NGCVH", "RequestPath": "/api/walls", "Application": "Crud.Api"}
Activity.TraceId:            7fa3b2610b724fcf283da17987e16410
Activity.SpanId:             48680cd827754e32
Activity.TraceFlags:         Recorded
Activity.ActivitySourceName: Microsoft.AspNetCore
Activity.DisplayName:        POST api/Walls
Activity.Kind:               Server
Activity.StartTime:          2025-09-11T06:34:16.7983286Z
Activity.Duration:           00:00:00.0017300
Activity.Tags:
    server.address: localhost
    http.request.method: POST
    url.scheme: http
    url.path: /api/walls
    network.protocol.version: 1.1
    http.route: api/Walls
    http.response.status_code: 201
Resource associated with Activity:
    deployment.environment: Testing
    service.name: Crud.Api
    service.version: 1.0.0
    service.instance.id: 10e2e254-224c-48e1-a2d2-8bbb5483cf26
    telemetry.sdk.name: opentelemetry
    telemetry.sdk.language: dotnet
    telemetry.sdk.version: 1.8.1
[06:34:17 INF] User registered successfully: ca25520b-b212-47b1-9f37-96ebb540eff2 {"SourceContext": "App.Features.Authentication.RegisterUserCommandHandler", "ActionId": "b3cfc7e1-da85-4735-bafe-ca0077844b75", "ActionName": "Api.Controllers.AuthController.Register (Api)", "RequestId": "0HNFGVK4NGCVI", "RequestPath": "/api/auth/register", "Application": "Crud.Api"}
Activity.TraceId:            45ac49ad1449f39bc1bc73b78e4147c4
Activity.SpanId:             539bf323d6f6af3e
Activity.TraceFlags:         Recorded
Activity.ActivitySourceName: Microsoft.AspNetCore
Activity.DisplayName:        POST api/Auth/register
Activity.Kind:               Server
Activity.StartTime:          2025-09-11T06:34:16.8010269Z
Activity.Duration:           00:00:00.2955745
Activity.Tags:
    server.address: localhost
    http.request.method: POST
    url.scheme: http
    url.path: /api/auth/register
    network.protocol.version: 1.1
    http.route: api/Auth/register
    http.response.status_code: 200
Resource associated with Activity:
    deployment.environment: Testing
    service.name: Crud.Api
    service.version: 1.0.0
    service.instance.id: 10e2e254-224c-48e1-a2d2-8bbb5483cf26
    telemetry.sdk.name: opentelemetry
    telemetry.sdk.language: dotnet
    telemetry.sdk.version: 1.8.1
[06:34:17 INF] User logged in successfully: ca25520b-b212-47b1-9f37-96ebb540eff2 {"SourceContext": "App.Features.Authentication.LoginCommandHandler", "ActionId": "3acfc5f0-e77e-4caf-a755-beed2463964d", "ActionName": "Api.Controllers.AuthController.Login (Api)", "RequestId": "0HNFGVK4NGCVJ", "RequestPath": "/api/auth/login", "Application": "Crud.Api"}
Activity.TraceId:            336e73dfe6569352f0a8f1c9f60fba91
Activity.SpanId:             d04c8da0a91e96ba
Activity.TraceFlags:         Recorded
Activity.ActivitySourceName: Microsoft.AspNetCore
Activity.DisplayName:        POST api/Auth/login
Activity.Kind:               Server
Activity.StartTime:          2025-09-11T06:34:17.0977028Z
Activity.Duration:           00:00:00.2958986
Activity.Tags:
    server.address: localhost
    http.request.method: POST
    url.scheme: http
    url.path: /api/auth/login
    network.protocol.version: 1.1
    http.route: api/Auth/login
    http.response.status_code: 200
Resource associated with Activity:
    deployment.environment: Testing
    service.name: Crud.Api
    service.version: 1.0.0
    service.instance.id: 10e2e254-224c-48e1-a2d2-8bbb5483cf26
    telemetry.sdk.name: opentelemetry
    telemetry.sdk.language: dotnet
    telemetry.sdk.version: 1.8.1
[06:34:17 DBG] Cache miss for key: entity:wall:7eda0693d23f4b6a8c38fdd4760119bc {"SourceContext": "Infrastructure.Services.Caching.InMemoryCacheService", "ActionId": "601f5f89-495f-4a89-a390-286671821b20", "ActionName": "Api.Controllers.WallsController.Update (Api)", "RequestId": "0HNFGVK4NGCVK", "RequestPath": "/api/walls/7eda0693-d23f-4b6a-8c38-fdd4760119bc", "Application": "Crud.Api"}
[06:34:17 DBG] Set cache value for key: entity:wall:7eda0693d23f4b6a8c38fdd4760119bc {"SourceContext": "Infrastructure.Services.Caching.InMemoryCacheService", "ActionId": "601f5f89-495f-4a89-a390-286671821b20", "ActionName": "Api.Controllers.WallsController.Update (Api)", "RequestId": "0HNFGVK4NGCVK", "RequestPath": "/api/walls/7eda0693-d23f-4b6a-8c38-fdd4760119bc", "Application": "Crud.Api"}
[06:34:17 DBG] Removed cache value for key: entity:wall:7eda0693d23f4b6a8c38fdd4760119bc {"SourceContext": "Infrastructure.Services.Caching.InMemoryCacheService", "ActionId": "601f5f89-495f-4a89-a390-286671821b20", "ActionName": "Api.Controllers.WallsController.Update (Api)", "RequestId": "0HNFGVK4NGCVK", "RequestPath": "/api/walls/7eda0693-d23f-4b6a-8c38-fdd4760119bc", "Application": "Crud.Api"}
[06:34:17 DBG] Removed cache value for key: list:wall {"SourceContext": "Infrastructure.Services.Caching.InMemoryCacheService", "ActionId": "601f5f89-495f-4a89-a390-286671821b20", "ActionName": "Api.Controllers.WallsController.Update (Api)", "RequestId": "0HNFGVK4NGCVK", "RequestPath": "/api/walls/7eda0693-d23f-4b6a-8c38-fdd4760119bc", "Application": "Crud.Api"}
[06:34:17 DBG] Invalidating cache for entity: walls/7eda0693-d23f-4b6a-8c38-fdd4760119bc with tags: walls, walls:7eda0693-d23f-4b6a-8c38-fdd4760119bc {"SourceContext": "Api.Services.OutputCacheInvalidationService", "ActionId": "601f5f89-495f-4a89-a390-286671821b20", "ActionName": "Api.Controllers.WallsController.Update (Api)", "RequestId": "0HNFGVK4NGCVK", "RequestPath": "/api/walls/7eda0693-d23f-4b6a-8c38-fdd4760119bc", "Application": "Crud.Api"}
[06:34:17 DBG] Successfully invalidated cache for tag: walls {"SourceContext": "Api.Services.OutputCacheInvalidationService", "ActionId": "601f5f89-495f-4a89-a390-286671821b20", "ActionName": "Api.Controllers.WallsController.Update (Api)", "RequestId": "0HNFGVK4NGCVK", "RequestPath": "/api/walls/7eda0693-d23f-4b6a-8c38-fdd4760119bc", "Application": "Crud.Api"}
[06:34:17 DBG] Successfully invalidated cache for tag: walls:7eda0693-d23f-4b6a-8c38-fdd4760119bc {"SourceContext": "Api.Services.OutputCacheInvalidationService", "ActionId": "601f5f89-495f-4a89-a390-286671821b20", "ActionName": "Api.Controllers.WallsController.Update (Api)", "RequestId": "0HNFGVK4NGCVK", "RequestPath": "/api/walls/7eda0693-d23f-4b6a-8c38-fdd4760119bc", "Application": "Crud.Api"}
Activity.TraceId:            e2eef96675b01b8e04cc499d29037db0
Activity.SpanId:             594bfa20021df54d
Activity.TraceFlags:         Recorded
Activity.ActivitySourceName: Microsoft.AspNetCore
Activity.DisplayName:        PUT api/Walls/{id:guid}
Activity.Kind:               Server
Activity.StartTime:          2025-09-11T06:34:17.3938023Z
Activity.Duration:           00:00:00.0031208
Activity.Tags:
    server.address: localhost
    http.request.method: PUT
    url.scheme: http
    url.path: /api/walls/7eda0693-d23f-4b6a-8c38-fdd4760119bc
    network.protocol.version: 1.1
    http.route: api/Walls/{id:guid}
    http.response.status_code: 204
Resource associated with Activity:
    deployment.environment: Testing
    service.name: Crud.Api
    service.version: 1.0.0
    service.instance.id: 10e2e254-224c-48e1-a2d2-8bbb5483cf26
    telemetry.sdk.name: opentelemetry
    telemetry.sdk.language: dotnet
    telemetry.sdk.version: 1.8.1
[06:34:17 INF] User registered successfully: 75e59e98-459c-4a96-8961-88ab7923aece {"SourceContext": "App.Features.Authentication.RegisterUserCommandHandler", "ActionId": "b3cfc7e1-da85-4735-bafe-ca0077844b75", "ActionName": "Api.Controllers.AuthController.Register (Api)", "RequestId": "0HNFGVK4NGCVL", "RequestPath": "/api/auth/register", "Application": "Crud.Api"}
Activity.TraceId:            e8c9652df959bf50030fd47f700b3237
Activity.SpanId:             bbabc124cc092cab
Activity.TraceFlags:         Recorded
Activity.ActivitySourceName: Microsoft.AspNetCore
Activity.DisplayName:        POST api/Auth/register
Activity.Kind:               Server
Activity.StartTime:          2025-09-11T06:34:17.3971896Z
Activity.Duration:           00:00:00.2960458
Activity.Tags:
    server.address: localhost
    http.request.method: POST
    url.scheme: http
    url.path: /api/auth/register
    network.protocol.version: 1.1
    http.route: api/Auth/register
    http.response.status_code: 200
Resource associated with Activity:
    deployment.environment: Testing
    service.name: Crud.Api
    service.version: 1.0.0
    service.instance.id: 10e2e254-224c-48e1-a2d2-8bbb5483cf26
    telemetry.sdk.name: opentelemetry
    telemetry.sdk.language: dotnet
    telemetry.sdk.version: 1.8.1
[06:34:17 DBG] Cache miss for key: entity:wall:7eda0693d23f4b6a8c38fdd4760119bc {"SourceContext": "Infrastructure.Services.Caching.InMemoryCacheService", "ActionId": "a1ecfcf4-348c-49b9-908d-553e7a2ea6fc", "ActionName": "Api.Controllers.WallsController.Get (Api)", "RequestId": "0HNFGVK4NGCVM", "RequestPath": "/api/walls/7eda0693-d23f-4b6a-8c38-fdd4760119bc", "Application": "Crud.Api"}
[06:34:17 DBG] Set cache value for key: entity:wall:7eda0693d23f4b6a8c38fdd4760119bc {"SourceContext": "Infrastructure.Services.Caching.InMemoryCacheService", "ActionId": "a1ecfcf4-348c-49b9-908d-553e7a2ea6fc", "ActionName": "Api.Controllers.WallsController.Get (Api)", "RequestId": "0HNFGVK4NGCVM", "RequestPath": "/api/walls/7eda0693-d23f-4b6a-8c38-fdd4760119bc", "Application": "Crud.Api"}
Activity.TraceId:            f75086c45b79f13e69693b9fe061317d
Activity.SpanId:             4b1876a22302b0bb
Activity.TraceFlags:         Recorded
Activity.ActivitySourceName: Microsoft.AspNetCore
Activity.DisplayName:        GET api/Walls/{id:guid}
Activity.Kind:               Server
Activity.StartTime:          2025-09-11T06:34:17.6934297Z
Activity.Duration:           00:00:00.0016625
Activity.Tags:
    server.address: localhost
    http.request.method: GET
    url.scheme: http
    url.path: /api/walls/7eda0693-d23f-4b6a-8c38-fdd4760119bc
    network.protocol.version: 1.1
    http.route: api/Walls/{id:guid}
    http.response.status_code: 200
Resource associated with Activity:
    deployment.environment: Testing
    service.name: Crud.Api
    service.version: 1.0.0
    service.instance.id: 10e2e254-224c-48e1-a2d2-8bbb5483cf26
    telemetry.sdk.name: opentelemetry
    telemetry.sdk.language: dotnet
    telemetry.sdk.version: 1.8.1
[06:34:17 INF] User registered successfully: 59f1e01f-3ae1-4f85-8335-0ee6f540209d {"SourceContext": "App.Features.Authentication.RegisterUserCommandHandler", "ActionId": "b3cfc7e1-da85-4735-bafe-ca0077844b75", "ActionName": "Api.Controllers.AuthController.Register (Api)", "RequestId": "0HNFGVK4NGCVN", "RequestPath": "/api/auth/register", "Application": "Crud.Api"}
Activity.TraceId:            ec18a371f1d9dbd27bb289ce54212d50
Activity.SpanId:             7841921b7798a631
Activity.TraceFlags:         Recorded
Activity.ActivitySourceName: Microsoft.AspNetCore
Activity.DisplayName:        POST api/Auth/register
Activity.Kind:               Server
Activity.StartTime:          2025-09-11T06:34:17.6973413Z
Activity.Duration:           00:00:00.2967690
Activity.Tags:
    server.address: localhost
    http.request.method: POST
    url.scheme: http
    url.path: /api/auth/register
    network.protocol.version: 1.1
    http.route: api/Auth/register
    http.response.status_code: 200
Resource associated with Activity:
    deployment.environment: Testing
    service.name: Crud.Api
    service.version: 1.0.0
    service.instance.id: 10e2e254-224c-48e1-a2d2-8bbb5483cf26
    telemetry.sdk.name: opentelemetry
    telemetry.sdk.language: dotnet
    telemetry.sdk.version: 1.8.1
[06:34:17 DBG] Cache miss for key: entity:wall:ce5af5ac5fea4f2ebb3e825d4dd116af {"SourceContext": "Infrastructure.Services.Caching.InMemoryCacheService", "ActionId": "a1ecfcf4-348c-49b9-908d-553e7a2ea6fc", "ActionName": "Api.Controllers.WallsController.Get (Api)", "RequestId": "0HNFGVK4NGCVO", "RequestPath": "/api/walls/ce5af5ac-5fea-4f2e-bb3e-825d4dd116af", "Application": "Crud.Api"}
Activity.TraceId:            415ba4fa7d6070fd43b34cc6443d63f7
Activity.SpanId:             7a297a1915116ce6
Activity.TraceFlags:         Recorded
Activity.ActivitySourceName: Microsoft.AspNetCore
Activity.DisplayName:        GET api/Walls/{id:guid}
Activity.Kind:               Server
Activity.StartTime:          2025-09-11T06:34:17.9954958Z
Activity.Duration:           00:00:00.0012864
Activity.Tags:
    server.address: localhost
    http.request.method: GET
    url.scheme: http
    url.path: /api/walls/ce5af5ac-5fea-4f2e-bb3e-825d4dd116af
    network.protocol.version: 1.1
    http.route: api/Walls/{id:guid}
    http.response.status_code: 404
Resource associated with Activity:
    deployment.environment: Testing
    service.name: Crud.Api
    service.version: 1.0.0
    service.instance.id: 10e2e254-224c-48e1-a2d2-8bbb5483cf26
    telemetry.sdk.name: opentelemetry
    telemetry.sdk.language: dotnet
    telemetry.sdk.version: 1.8.1
[06:34:18 INF] User registered successfully: ac5dfe15-6724-4cb7-9797-250a28654f12 {"SourceContext": "App.Features.Authentication.RegisterUserCommandHandler", "ActionId": "b3cfc7e1-da85-4735-bafe-ca0077844b75", "ActionName": "Api.Controllers.AuthController.Register (Api)", "RequestId": "0HNFGVK4NGCVP", "RequestPath": "/api/auth/register", "Application": "Crud.Api"}
Activity.TraceId:            755af87f34f806fde68999ed1002170e
Activity.SpanId:             7110068bfc70b184
Activity.TraceFlags:         Recorded
Activity.ActivitySourceName: Microsoft.AspNetCore
Activity.DisplayName:        POST api/Auth/register
Activity.Kind:               Server
Activity.StartTime:          2025-09-11T06:34:17.9989465Z
Activity.Duration:           00:00:00.2973286
Activity.Tags:
    server.address: localhost
    http.request.method: POST
    url.scheme: http
    url.path: /api/auth/register
    network.protocol.version: 1.1
    http.route: api/Auth/register
    http.response.status_code: 200
Resource associated with Activity:
    deployment.environment: Testing
    service.name: Crud.Api
    service.version: 1.0.0
    service.instance.id: 10e2e254-224c-48e1-a2d2-8bbb5483cf26
    telemetry.sdk.name: opentelemetry
    telemetry.sdk.language: dotnet
    telemetry.sdk.version: 1.8.1
[06:34:18 INF] User logged in successfully: ac5dfe15-6724-4cb7-9797-250a28654f12 {"SourceContext": "App.Features.Authentication.LoginCommandHandler", "ActionId": "3acfc5f0-e77e-4caf-a755-beed2463964d", "ActionName": "Api.Controllers.AuthController.Login (Api)", "RequestId": "0HNFGVK4NGCVQ", "RequestPath": "/api/auth/login", "Application": "Crud.Api"}
Activity.TraceId:            59c3ddd59f7e4e8cb09e96c7c88646ab
Activity.SpanId:             c9c910942d56ac60
Activity.TraceFlags:         Recorded
Activity.ActivitySourceName: Microsoft.AspNetCore
Activity.DisplayName:        POST api/Auth/login
Activity.Kind:               Server
Activity.StartTime:          2025-09-11T06:34:18.3029881Z
Activity.Duration:           00:00:00.2963019
Activity.Tags:
    server.address: localhost
    http.request.method: POST
    url.scheme: http
    url.path: /api/auth/login
    network.protocol.version: 1.1
    http.route: api/Auth/login
    http.response.status_code: 200
Resource associated with Activity:
    deployment.environment: Testing
    service.name: Crud.Api
    service.version: 1.0.0
    service.instance.id: 10e2e254-224c-48e1-a2d2-8bbb5483cf26
    telemetry.sdk.name: opentelemetry
    telemetry.sdk.language: dotnet
    telemetry.sdk.version: 1.8.1
[06:34:18 DBG] Cache miss for key: entity:wall:a4b94db211e940789083bb6d6272c928 {"SourceContext": "Infrastructure.Services.Caching.InMemoryCacheService", "ActionId": "601f5f89-495f-4a89-a390-286671821b20", "ActionName": "Api.Controllers.WallsController.Update (Api)", "RequestId": "0HNFGVK4NGCVR", "RequestPath": "/api/walls/a4b94db2-11e9-4078-9083-bb6d6272c928", "Application": "Crud.Api"}
[06:34:18 ERR] An unhandled exception occurred during request PUT /api/walls/a4b94db2-11e9-4078-9083-bb6d6272c928. Request ID: 0HNFGVK4NGCVR, User: Anonymous {"SourceContext": "Api.Middleware.GlobalExceptionHandlingMiddleware", "RequestPath": "/api/walls/a4b94db2-11e9-4078-9083-bb6d6272c928", "Application": "Crud.Api"}
System.Collections.Generic.KeyNotFoundException: Wall a4b94db2-11e9-4078-9083-bb6d6272c928 not found
   at App.Features.Walls.UpdateWallCommandHandler.Handle(UpdateWallCommand request, CancellationToken cancellationToken) in /home/runner/work/Crud/Crud/src/App/Features/Walls/CommandHandlers.cs:line 34
   at MediatR.Wrappers.RequestHandlerWrapperImpl`1.&lt;&gt;c__DisplayClass1_0.&lt;&lt;Handle&gt;g__Handler|0&gt;d.MoveNext()
--- End of stack trace from previous location ---
   at Api.Controllers.WallsController.Update(Guid id, UpdateWallRequest request, CancellationToken ct) in /home/runner/work/Crud/Crud/src/Api/Controllers/WallsController.cs:line 67
   at Microsoft.AspNetCore.Mvc.Infrastructure.ActionMethodExecutor.TaskOfIActionResultExecutor.Execute(ActionContext actionContext, IActionResultTypeMapper mapper, ObjectMethodExecutor executor, Object controller, Object[] arguments)
   at Microsoft.AspNetCore.Mvc.Infrastructure.ControllerActionInvoker.&lt;InvokeActionMethodAsync&gt;g__Logged|12_1(ControllerActionInvoker invoker)
   at Microsoft.AspNetCore.Mvc.Infrastructure.ControllerActionInvoker.&lt;InvokeNextActionFilterAsync&gt;g__Awaited|10_0(ControllerActionInvoker invoker, Task lastTask, State next, Scope scope, Object state, Boolean isCompleted)
   at Microsoft.AspNetCore.Mvc.Infrastructure.ControllerActionInvoker.Rethrow(ActionExecutedContextSealed context)
   at Microsoft.AspNetCore.Mvc.Infrastructure.ControllerActionInvoker.Next(State&amp; next, Scope&amp; scope, Object&amp; state, Boolean&amp; isCompleted)
   at Microsoft.AspNetCore.Mvc.Infrastructure.ControllerActionInvoker.InvokeInnerFilterAsync()
--- End of stack trace from previous location ---
   at Microsoft.AspNetCore.Mvc.Infrastructure.ResourceInvoker.&lt;InvokeFilterPipelineAsync&gt;g__Awaited|20_0(ResourceInvoker invoker, Task lastTask, State next, Scope scope, Object state, Boolean isCompleted)
   at Microsoft.AspNetCore.Mvc.Infrastructure.ResourceInvoker.&lt;InvokeAsync&gt;g__Logged|17_1(ResourceInvoker invoker)
   at Microsoft.AspNetCore.Mvc.Infrastructure.ResourceInvoker.&lt;InvokeAsync&gt;g__Logged|17_1(ResourceInvoker invoker)
   at Api.Middleware.ConditionalRequestMiddleware.InvokeAsync(HttpContext context) in /home/runner/work/Crud/Crud/src/Api/Middleware/ConditionalRequestMiddleware.cs:line 31
   at Microsoft.AspNetCore.Authorization.AuthorizationMiddleware.Invoke(HttpContext context)
   at Microsoft.AspNetCore.Authentication.AuthenticationMiddleware.Invoke(HttpContext context)
   at Microsoft.AspNetCore.RateLimiting.RateLimitingMiddleware.InvokeInternal(HttpContext context, EnableRateLimitingAttribute enableRateLimitingAttribute)
   at Api.Middleware.GlobalExceptionHandlingMiddleware.InvokeAsync(HttpContext context) in /home/runner/work/Crud/Crud/src/Api/Middleware/GlobalExceptionHandlingMiddleware.cs:line 27
Activity.TraceId:            7c77626bf05c843dfa40bc4a52008829
Activity.SpanId:             b15fb06790751a7c
Activity.TraceFlags:         Recorded
Activity.ActivitySourceName: Microsoft.AspNetCore
Activity.DisplayName:        PUT api/Walls/{id:guid}
Activity.Kind:               Server
Activity.StartTime:          2025-09-11T06:34:18.6002477Z
Activity.Duration:           00:00:00.0029691
Activity.Tags:
    server.address: localhost
    http.request.method: PUT
    url.scheme: http
    url.path: /api/walls/a4b94db2-11e9-4078-9083-bb6d6272c928
    network.protocol.version: 1.1
    http.route: api/Walls/{id:guid}
    http.response.status_code: 404
Resource associated with Activity:
    deployment.environment: Testing
    service.name: Crud.Api
    service.version: 1.0.0
    service.instance.id: 10e2e254-224c-48e1-a2d2-8bbb5483cf26
    telemetry.sdk.name: opentelemetry
    telemetry.sdk.language: dotnet
    telemetry.sdk.version: 1.8.1
Metric Name: http.server.active_requests, Number of active HTTP server requests., Unit: {request}, Meter: Microsoft.AspNetCore.Hosting
(2025-09-11T06:34:06.2794764Z, 2025-09-11T06:34:18.6048854Z] http.request.method: POST url.scheme: http LongSumNonMonotonic
Value: 0
(2025-09-11T06:34:06.2794764Z, 2025-09-11T06:34:18.6048854Z] http.request.method: GET url.scheme: http LongSumNonMonotonic
Value: 0
(2025-09-11T06:34:06.2794764Z, 2025-09-11T06:34:18.6048854Z] http.request.method: DELETE url.scheme: http LongSumNonMonotonic
Value: 0
(2025-09-11T06:34:06.2794764Z, 2025-09-11T06:34:18.6048854Z] http.request.method: PUT url.scheme: http LongSumNonMonotonic
Value: 0
Metric Name: http.server.request.duration, Duration of HTTP server requests., Unit: s, Meter: Microsoft.AspNetCore.Hosting
(2025-09-11T06:34:06.2794969Z, 2025-09-11T06:34:18.6048928Z] http.request.method: POST http.response.status_code: 200 http.route: api/Auth/register network.protocol.version: 1.1 url.scheme: http Histogram
Value: Sum: 6.8239125 Count: 23 Min: 0.2953425 Max: 0.3047367 
(-Infinity,0.005]:0
(0.005,0.01]:0
(0.01,0.025]:0
(0.025,0.05]:0
(0.05,0.075]:0
(0.075,0.1]:0
(0.1,0.25]:0
(0.25,0.5]:23
(0.5,0.75]:0
(0.75,1]:0
(1,2.5]:0
(2.5,5]:0
(5,7.5]:0
(7.5,10]:0
(10,+Infinity]:0
(2025-09-11T06:34:06.2794969Z, 2025-09-11T06:34:18.6048928Z] http.request.method: POST http.response.status_code: 200 http.route: api/Auth/login network.protocol.version: 1.1 url.scheme: http Histogram
Value: Sum: 4.7450337000000005 Count: 16 Min: 0.295586 Max: 0.3019197 
(-Infinity,0.005]:0
(0.005,0.01]:0
(0.01,0.025]:0
(0.025,0.05]:0
(0.05,0.075]:0
(0.075,0.1]:0
(0.1,0.25]:0
(0.25,0.5]:16
(0.5,0.75]:0
(0.75,1]:0
(1,2.5]:0
(2.5,5]:0
(5,7.5]:0
(7.5,10]:0
(10,+Infinity]:0
(2025-09-11T06:34:06.2794969Z, 2025-09-11T06:34:18.6048928Z] http.request.method: POST http.response.status_code: 201 http.route: api/Walls network.protocol.version: 1.1 url.scheme: http Histogram
Value: Sum: 0.0361158 Count: 9 Min: 0.0017314 Max: 0.0162068 
(-Infinity,0.005]:8
(0.005,0.01]:0
(0.01,0.025]:1
(0.025,0.05]:0
(0.05,0.075]:0
(0.075,0.1]:0
(0.1,0.25]:0
(0.25,0.5]:0
(0.5,0.75]:0
(0.75,1]:0
(1,2.5]:0
(2.5,5]:0
(5,7.5]:0
(7.5,10]:0
(10,+Infinity]:0
(2025-09-11T06:34:06.2794969Z, 2025-09-11T06:34:18.6048928Z] http.request.method: GET http.response.status_code: 200 http.route: api/Walls/{id:guid} network.protocol.version: 1.1 url.scheme: http Histogram
Value: Sum: 0.018935200000000003 Count: 3 Min: 0.0016688 Max: 0.013827 
(-Infinity,0.005]:2
(0.005,0.01]:0
(0.01,0.025]:1
(0.025,0.05]:0
(0.05,0.075]:0
(0.075,0.1]:0
(0.1,0.25]:0
(0.25,0.5]:0
(0.5,0.75]:0
(0.75,1]:0
(1,2.5]:0
(2.5,5]:0
(5,7.5]:0
(7.5,10]:0
(10,+Infinity]:0
(2025-09-11T06:34:06.2794969Z, 2025-09-11T06:34:18.6048928Z] http.request.method: GET http.response.status_code: 200 http.route: api/Walls network.protocol.version: 1.1 url.scheme: http Histogram
Value: Sum: 0.008206 Count: 2 Min: 0.0010271 Max: 0.0071789 
(-Infinity,0.005]:1
(0.005,0.01]:1
(0.01,0.025]:0
(0.025,0.05]:0
(0.05,0.075]:0
(0.075,0.1]:0
(0.1,0.25]:0
(0.25,0.5]:0
(0.5,0.75]:0
(0.75,1]:0
(1,2.5]:0
(2.5,5]:0
(5,7.5]:0
(7.5,10]:0
(10,+Infinity]:0
(2025-09-11T06:34:06.2794969Z, 2025-09-11T06:34:18.6048928Z] http.request.method: POST http.response.status_code: 400 http.route: api/Walls network.protocol.version: 1.1 url.scheme: http Histogram
Value: Sum: 0.0036227 Count: 2 Min: 0.000602 Max: 0.0030207 
(-Infinity,0.005]:2
(0.005,0.01]:0
(0.01,0.025]:0
(0.025,0.05]:0
(0.05,0.075]:0
(0.075,0.1]:0
(0.1,0.25]:0
(0.25,0.5]:0
(0.5,0.75]:0
(0.75,1]:0
(1,2.5]:0
(2.5,5]:0
(5,7.5]:0
(7.5,10]:0
(10,+Infinity]:0
(2025-09-11T06:34:06.2794969Z, 2025-09-11T06:34:18.6048928Z] http.request.method: DELETE http.response.status_code: 204 http.route: api/Walls/{id:guid} network.protocol.version: 1.1 url.scheme: http Histogram
Value: Sum: 0.0095309 Count: 2 Min: 0.0026385 Max: 0.0068924 
(-Infinity,0.005]:1
(0.005,0.01]:1
(0.01,0.025]:0
(0.025,0.05]:0
(0.05,0.075]:0
(0.075,0.1]:0
(0.1,0.25]:0
(0.25,0.5]:0
(0.5,0.75]:0
(0.75,1]:0
(1,2.5]:0
(2.5,5]:0
(5,7.5]:0
(7.5,10]:0
(10,+Infinity]:0
(2025-09-11T06:34:06.2794969Z, 2025-09-11T06:34:18.6048928Z] http.request.method: GET http.response.status_code: 404 http.route: api/Walls/{id:guid} network.protocol.version: 1.1 url.scheme: http Histogram
Value: Sum: 0.0051628 Count: 2 Min: 0.0012875 Max: 0.0038753 
(-Infinity,0.005]:2
(0.005,0.01]:0
(0.01,0.025]:0
(0.025,0.05]:0
(0.05,0.075]:0
(0.075,0.1]:0
(0.1,0.25]:0
(0.25,0.5]:0
(0.5,0.75]:0
(0.75,1]:0
(1,2.5]:0
(2.5,5]:0
(5,7.5]:0
(7.5,10]:0
(10,+Infinity]:0
(2025-09-11T06:34:06.2794969Z, 2025-09-11T06:34:18.6048928Z] http.request.method: PUT http.response.status_code: 204 http.route: api/Walls/{id:guid} network.protocol.version: 1.1 url.scheme: http Histogram
Value: Sum: 0.014346600000000001 Count: 2 Min: 0.0031228 Max: 0.0112238 
(-Infinity,0.005]:1
(0.005,0.01]:0
(0.01,0.025]:1
(0.025,0.05]:0
(0.05,0.075]:0
(0.075,0.1]:0
(0.1,0.25]:0
(0.25,0.5]:0
(0.5,0.75]:0
(0.75,1]:0
(1,2.5]:0
(2.5,5]:0
(5,7.5]:0
(7.5,10]:0
(10,+Infinity]:0
(2025-09-11T06:34:06.2794969Z, 2025-09-11T06:34:18.6048928Z] http.request.method: PUT http.response.status_code: 404 http.route: api/Walls/{id:guid} network.protocol.version: 1.1 url.scheme: http Histogram
Value: Sum: 0.0029586 Count: 1 Min: 0.0029586 Max: 0.0029586 
(-Infinity,0.005]:1
(0.005,0.01]:0
(0.01,0.025]:0
(0.025,0.05]:0
(0.05,0.075]:0
(0.075,0.1]:0
(0.1,0.25]:0
(0.25,0.5]:0
(0.5,0.75]:0
(0.75,1]:0
(1,2.5]:0
(2.5,5]:0
(5,7.5]:0
(7.5,10]:0
(10,+Infinity]:0
Metric Name: aspnetcore.rate_limiting.active_request_leases, Number of HTTP requests that are currently active on the server that hold a rate limiting lease., Unit: {request}, Meter: Microsoft.AspNetCore.RateLimiting
(2025-09-11T06:34:06.2816843Z, 2025-09-11T06:34:18.6048934Z] LongSumNonMonotonic
Value: 0
Metric Name: aspnetcore.rate_limiting.request_lease.duration, The duration of rate limiting leases held by HTTP requests on the server., Unit: s, Meter: Microsoft.AspNetCore.RateLimiting
(2025-09-11T06:34:06.2817096Z, 2025-09-11T06:34:18.6048946Z] Histogram
Value: Sum: 11.652322300000002 Count: 62 Min: 0.0004926 Max: 0.3033537 
(-Infinity,0.005]:18
(0.005,0.01]:2
(0.01,0.025]:3
(0.025,0.05]:0
(0.05,0.075]:0
(0.075,0.1]:0
(0.1,0.25]:0
(0.25,0.5]:39
(0.5,0.75]:0
(0.75,1]:0
(1,2.5]:0
(2.5,5]:0
(5,7.5]:0
(7.5,10]:0
(10,+Infinity]:0
Metric Name: aspnetcore.rate_limiting.requests, Number of requests that tried to acquire a rate limiting lease. Requests could be rejected by global or endpoint rate limiting policies. Or the request could be canceled while waiting for the lease., Unit: {request}, Meter: Microsoft.AspNetCore.RateLimiting
(2025-09-11T06:34:06.2817571Z, 2025-09-11T06:34:18.6048973Z] aspnetcore.rate_limiting.result: acquired LongSum
Value: 62
Metric Name: aspnetcore.routing.match_attempts, Number of requests that were attempted to be matched to an endpoint., Unit: {match_attempt}, Meter: Microsoft.AspNetCore.Routing
(2025-09-11T06:34:06.2826152Z, 2025-09-11T06:34:18.6048978Z] aspnetcore.routing.is_fallback: false aspnetcore.routing.match_status: success http.route: api/Auth/register LongSum
Value: 23
(2025-09-11T06:34:06.2826152Z, 2025-09-11T06:34:18.6048978Z] aspnetcore.routing.is_fallback: false aspnetcore.routing.match_status: success http.route: api/Auth/login LongSum
Value: 16
(2025-09-11T06:34:06.2826152Z, 2025-09-11T06:34:18.6048978Z] aspnetcore.routing.is_fallback: false aspnetcore.routing.match_status: success http.route: api/Walls LongSum
Value: 13
(2025-09-11T06:34:06.2826152Z, 2025-09-11T06:34:18.6048978Z] aspnetcore.routing.is_fallback: false aspnetcore.routing.match_status: success http.route: api/Walls/{id:guid} LongSum
Value: 10
[06:34:18 INF] Starting Crud API application {"Application": "Crud.Api"}
[06:34:18 INF] Using SQLite provider with connection: Data Source=TestDatabase.db {"Application": "Crud.Api"}
[06:34:18 INF] Database ensured successfully {"Application": "Crud.Api"}
[06:34:18 INF] Application configured successfully. Starting web host... {"Application": "Crud.Api"}
[06:34:18 INF] Resetting database for worker 5630 {"SourceContext": "Infrastructure.Services.DatabaseTestService", "Application": "Crud.Api"}
[06:34:18 INF] Resetting database via file deletion for worker 5630 in CI environment {"SourceContext": "Infrastructure.Services.DatabaseTestService", "Application": "Crud.Api"}
[06:34:18 INF] Acquiring database mutex for worker 5630... {"SourceContext": "Infrastructure.Services.DatabaseTestService", "Application": "Crud.Api"}
[06:34:18 INF] Database mutex acquired for worker 5630 {"SourceContext": "Infrastructure.Services.DatabaseTestService", "Application": "Crud.Api"}
[06:34:18 INF] Current database state - CanConnect: True {"SourceContext": "Infrastructure.Services.DatabaseTestService", "Application": "Crud.Api"}
[06:34:18 INF] [Phase 0] Closing database connection for worker 5630... {"SourceContext": "Infrastructure.Services.DatabaseTestService", "Application": "Crud.Api"}
[06:34:18 INF] [Phase 0] Connection closed in 0.0013ms {"SourceContext": "Infrastructure.Services.DatabaseTestService", "Application": "Crud.Api"}
[06:34:18 INF] [Phase 1] Starting EnsureDeletedAsync for worker 5630... {"SourceContext": "Infrastructure.Services.DatabaseTestService", "Application": "Crud.Api"}
[06:34:18 INF] [Phase 1] EnsureDeletedAsync completed in 1.3954ms {"SourceContext": "Infrastructure.Services.DatabaseTestService", "Application": "Crud.Api"}
[06:34:18 INF] [Phase 2] Starting EnsureCreatedAsync for worker 5630... {"SourceContext": "Infrastructure.Services.DatabaseTestService", "Application": "Crud.Api"}
[06:34:18 INF] [Phase 2] EnsureCreatedAsync completed in 7.3083ms {"SourceContext": "Infrastructure.Services.DatabaseTestService", "Application": "Crud.Api"}
[06:34:18 INF] [Phase 3] Skipping database seeding as requested for worker 5630 {"SourceContext": "Infrastructure.Services.DatabaseTestService", "Application": "Crud.Api"}
[06:34:18 INF] Database reset via file deletion completed for worker 5630 in 116.312ms (Close: 0.0013ms, Delete: 1.3954ms, Create: 7.3083ms) {"SourceContext": "Infrastructure.Services.DatabaseTestService", "Application": "Crud.Api"}
[06:34:18 INF] Releasing database mutex for worker 5630 {"SourceContext": "Infrastructure.Services.DatabaseTestService", "Application": "Crud.Api"}
[06:34:18 DBG] Cache miss for key: entity:person:ecef428cae0542538e3ea3b8a0bd70bb {"SourceContext": "Infrastructure.Services.Caching.InMemoryCacheService", "Application": "Crud.Api"}
[06:34:18 DBG] Set cache value for key: entity:person:ecef428cae0542538e3ea3b8a0bd70bb {"SourceContext": "Infrastructure.Services.Caching.InMemoryCacheService", "Application": "Crud.Api"}
[06:34:18 DBG] Removed cache value for key: entity:person:ecef428cae0542538e3ea3b8a0bd70bb {"SourceContext": "Infrastructure.Services.Caching.InMemoryCacheService", "Application": "Crud.Api"}
[06:34:18 DBG] Removed cache value for key: list:person {"SourceContext": "Infrastructure.Services.Caching.InMemoryCacheService", "Application": "Crud.Api"}
[06:34:18 INF] Resetting database for worker 5630 {"SourceContext": "Infrastructure.Services.DatabaseTestService", "Application": "Crud.Api"}
[06:34:18 INF] Resetting database via file deletion for worker 5630 in CI environment {"SourceContext": "Infrastructure.Services.DatabaseTestService", "Application": "Crud.Api"}
[06:34:18 INF] Acquiring database mutex for worker 5630... {"SourceContext": "Infrastructure.Services.DatabaseTestService", "Application": "Crud.Api"}
[06:34:18 INF] Database mutex acquired for worker 5630 {"SourceContext": "Infrastructure.Services.DatabaseTestService", "Application": "Crud.Api"}
[06:34:18 INF] Current database state - CanConnect: True {"SourceContext": "Infrastructure.Services.DatabaseTestService", "Application": "Crud.Api"}
[06:34:18 INF] [Phase 0] Closing database connection for worker 5630... {"SourceContext": "Infrastructure.Services.DatabaseTestService", "Application": "Crud.Api"}
[06:34:18 INF] [Phase 0] Connection closed in 0.0006ms {"SourceContext": "Infrastructure.Services.DatabaseTestService", "Application": "Crud.Api"}
[06:34:18 INF] [Phase 1] Starting EnsureDeletedAsync for worker 5630... {"SourceContext": "Infrastructure.Services.DatabaseTestService", "Application": "Crud.Api"}
[06:34:18 INF] [Phase 1] EnsureDeletedAsync completed in 1.286ms {"SourceContext": "Infrastructure.Services.DatabaseTestService", "Application": "Crud.Api"}
[06:34:18 INF] [Phase 2] Starting EnsureCreatedAsync for worker 5630... {"SourceContext": "Infrastructure.Services.DatabaseTestService", "Application": "Crud.Api"}
[06:34:18 INF] [Phase 2] EnsureCreatedAsync completed in 7.378ms {"SourceContext": "Infrastructure.Services.DatabaseTestService", "Application": "Crud.Api"}
[06:34:18 INF] [Phase 3] Skipping database seeding as requested for worker 5630 {"SourceContext": "Infrastructure.Services.DatabaseTestService", "Application": "Crud.Api"}
[06:34:18 INF] Database reset via file deletion completed for worker 5630 in 108.625ms (Close: 0.0006ms, Delete: 1.286ms, Create: 7.378ms) {"SourceContext": "Infrastructure.Services.DatabaseTestService", "Application": "Crud.Api"}
[06:34:18 INF] Releasing database mutex for worker 5630 {"SourceContext": "Infrastructure.Services.DatabaseTestService", "Application": "Crud.Api"}
[06:34:18 INF] Resetting database for worker 5630 {"SourceContext": "Infrastructure.Services.DatabaseTestService", "Application": "Crud.Api"}
[06:34:18 INF] Resetting database via file deletion for worker 5630 in CI environment {"SourceContext": "Infrastructure.Services.DatabaseTestService", "Application": "Crud.Api"}
[06:34:18 INF] Acquiring database mutex for worker 5630... {"SourceContext": "Infrastructure.Services.DatabaseTestService", "Application": "Crud.Api"}
[06:34:18 INF] Database mutex acquired for worker 5630 {"SourceContext": "Infrastructure.Services.DatabaseTestService", "Application": "Crud.Api"}
[06:34:18 INF] Current database state - CanConnect: True {"SourceContext": "Infrastructure.Services.DatabaseTestService", "Application": "Crud.Api"}
[06:34:18 INF] [Phase 0] Closing database connection for worker 5630... {"SourceContext": "Infrastructure.Services.DatabaseTestService", "Application": "Crud.Api"}
[06:34:18 INF] [Phase 0] Connection closed in 0.0007ms {"SourceContext": "Infrastructure.Services.DatabaseTestService", "Application": "Crud.Api"}
[06:34:18 INF] [Phase 1] Starting EnsureDeletedAsync for worker 5630... {"SourceContext": "Infrastructure.Services.DatabaseTestService", "Application": "Crud.Api"}
[06:34:18 INF] [Phase 1] EnsureDeletedAsync completed in 1.1893ms {"SourceContext": "Infrastructure.Services.DatabaseTestService", "Application": "Crud.Api"}
[06:34:18 INF] [Phase 2] Starting EnsureCreatedAsync for worker 5630... {"SourceContext": "Infrastructure.Services.DatabaseTestService", "Application": "Crud.Api"}
[06:34:18 INF] [Phase 2] EnsureCreatedAsync completed in 7.6505ms {"SourceContext": "Infrastructure.Services.DatabaseTestService", "Application": "Crud.Api"}
[06:34:18 INF] [Phase 3] Skipping database seeding as requested for worker 5630 {"SourceContext": "Infrastructure.Services.DatabaseTestService", "Application": "Crud.Api"}
[06:34:18 INF] Database reset via file deletion completed for worker 5630 in 110.0523ms (Close: 0.0007ms, Delete: 1.1893ms, Create: 7.6505ms) {"SourceContext": "Infrastructure.Services.DatabaseTestService", "Application": "Crud.Api"}
[06:34:18 INF] Releasing database mutex for worker 5630 {"SourceContext": "Infrastructure.Services.DatabaseTestService", "Application": "Crud.Api"}
[06:34:19 INF] Resetting database for worker 5630 {"SourceContext": "Infrastructure.Services.DatabaseTestService", "Application": "Crud.Api"}
[06:34:19 INF] Resetting database via file deletion for worker 5630 in CI environment {"SourceContext": "Infrastructure.Services.DatabaseTestService", "Application": "Crud.Api"}
[06:34:19 INF] Acquiring database mutex for worker 5630... {"SourceContext": "Infrastructure.Services.DatabaseTestService", "Application": "Crud.Api"}
[06:34:19 INF] Database mutex acquired for worker 5630 {"SourceContext": "Infrastructure.Services.DatabaseTestService", "Application": "Crud.Api"}
[06:34:19 INF] Current database state - CanConnect: True {"SourceContext": "Infrastructure.Services.DatabaseTestService", "Application": "Crud.Api"}
[06:34:19 INF] [Phase 0] Closing database connection for worker 5630... {"SourceContext": "Infrastructure.Services.DatabaseTestService", "Application": "Crud.Api"}
[06:34:19 INF] [Phase 0] Connection closed in 0.0006ms {"SourceContext": "Infrastructure.Services.DatabaseTestService", "Application": "Crud.Api"}
[06:34:19 INF] [Phase 1] Starting EnsureDeletedAsync for worker 5630... {"SourceContext": "Infrastructure.Services.DatabaseTestService", "Application": "Crud.Api"}
[06:34:19 INF] [Phase 1] EnsureDeletedAsync completed in 1.572ms {"SourceContext": "Infrastructure.Services.DatabaseTestService", "Application": "Crud.Api"}
[06:34:19 INF] [Phase 2] Starting EnsureCreatedAsync for worker 5630... {"SourceContext": "Infrastructure.Services.DatabaseTestService", "Application": "Crud.Api"}
[06:34:19 INF] [Phase 2] EnsureCreatedAsync completed in 7.7011ms {"SourceContext": "Infrastructure.Services.DatabaseTestService", "Application": "Crud.Api"}
[06:34:19 INF] [Phase 3] Skipping database seeding as requested for worker 5630 {"SourceContext": "Infrastructure.Services.DatabaseTestService", "Application": "Crud.Api"}
[06:34:19 INF] Database reset via file deletion completed for worker 5630 in 109.7638ms (Close: 0.0006ms, Delete: 1.572ms, Create: 7.7011ms) {"SourceContext": "Infrastructure.Services.DatabaseTestService", "Application": "Crud.Api"}
[06:34:19 INF] Releasing database mutex for worker 5630 {"SourceContext": "Infrastructure.Services.DatabaseTestService", "Application": "Crud.Api"}
[06:34:19 INF] Resetting database for worker 5630 {"SourceContext": "Infrastructure.Services.DatabaseTestService", "Application": "Crud.Api"}
[06:34:19 INF] Resetting database via file deletion for worker 5630 in CI environment {"SourceContext": "Infrastructure.Services.DatabaseTestService", "Application": "Crud.Api"}
[06:34:19 INF] Acquiring database mutex for worker 5630... {"SourceContext": "Infrastructure.Services.DatabaseTestService", "Application": "Crud.Api"}
[06:34:19 INF] Database mutex acquired for worker 5630 {"SourceContext": "Infrastructure.Services.DatabaseTestService", "Application": "Crud.Api"}
[06:34:19 INF] Current database state - CanConnect: True {"SourceContext": "Infrastructure.Services.DatabaseTestService", "Application": "Crud.Api"}
[06:34:19 INF] [Phase 0] Closing database connection for worker 5630... {"SourceContext": "Infrastructure.Services.DatabaseTestService", "Application": "Crud.Api"}
[06:34:19 INF] [Phase 0] Connection closed in 0.0005ms {"SourceContext": "Infrastructure.Services.DatabaseTestService", "Application": "Crud.Api"}
[06:34:19 INF] [Phase 1] Starting EnsureDeletedAsync for worker 5630... {"SourceContext": "Infrastructure.Services.DatabaseTestService", "Application": "Crud.Api"}
[06:34:19 INF] [Phase 1] EnsureDeletedAsync completed in 1.2704ms {"SourceContext": "Infrastructure.Services.DatabaseTestService", "Application": "Crud.Api"}
[06:34:19 INF] [Phase 2] Starting EnsureCreatedAsync for worker 5630... {"SourceContext": "Infrastructure.Services.DatabaseTestService", "Application": "Crud.Api"}
[06:34:19 INF] [Phase 2] EnsureCreatedAsync completed in 7.2884ms {"SourceContext": "Infrastructure.Services.DatabaseTestService", "Application": "Crud.Api"}
[06:34:19 INF] [Phase 3] Skipping database seeding as requested for worker 5630 {"SourceContext": "Infrastructure.Services.DatabaseTestService", "Application": "Crud.Api"}
[06:34:19 INF] Database reset via file deletion completed for worker 5630 in 110.0947ms (Close: 0.0005ms, Delete: 1.2704ms, Create: 7.2884ms) {"SourceContext": "Infrastructure.Services.DatabaseTestService", "Application": "Crud.Api"}
[06:34:19 INF] Releasing database mutex for worker 5630 {"SourceContext": "Infrastructure.Services.DatabaseTestService", "Application": "Crud.Api"}
[06:34:19 INF] Resetting database for worker 5630 {"SourceContext": "Infrastructure.Services.DatabaseTestService", "Application": "Crud.Api"}
[06:34:19 INF] Resetting database via file deletion for worker 5630 in CI environment {"SourceContext": "Infrastructure.Services.DatabaseTestService", "Application": "Crud.Api"}
[06:34:19 INF] Acquiring database mutex for worker 5630... {"SourceContext": "Infrastructure.Services.DatabaseTestService", "Application": "Crud.Api"}
[06:34:19 INF] Database mutex acquired for worker 5630 {"SourceContext": "Infrastructure.Services.DatabaseTestService", "Application": "Crud.Api"}
[06:34:19 INF] Current database state - CanConnect: True {"SourceContext": "Infrastructure.Services.DatabaseTestService", "Application": "Crud.Api"}
[06:34:19 INF] [Phase 0] Closing database connection for worker 5630... {"SourceContext": "Infrastructure.Services.DatabaseTestService", "Application": "Crud.Api"}
[06:34:19 INF] [Phase 0] Connection closed in 0.0005ms {"SourceContext": "Infrastructure.Services.DatabaseTestService", "Application": "Crud.Api"}
[06:34:19 INF] [Phase 1] Starting EnsureDeletedAsync for worker 5630... {"SourceContext": "Infrastructure.Services.DatabaseTestService", "Application": "Crud.Api"}
[06:34:19 INF] [Phase 1] EnsureDeletedAsync completed in 1.327ms {"SourceContext": "Infrastructure.Services.DatabaseTestService", "Application": "Crud.Api"}
[06:34:19 INF] [Phase 2] Starting EnsureCreatedAsync for worker 5630... {"SourceContext": "Infrastructure.Services.DatabaseTestService", "Application": "Crud.Api"}
[06:34:19 INF] [Phase 2] EnsureCreatedAsync completed in 10.9701ms {"SourceContext": "Infrastructure.Services.DatabaseTestService", "Application": "Crud.Api"}
[06:34:19 INF] [Phase 3] Skipping database seeding as requested for worker 5630 {"SourceContext": "Infrastructure.Services.DatabaseTestService", "Application": "Crud.Api"}
[06:34:19 INF] Database reset via file deletion completed for worker 5630 in 112.7376ms (Close: 0.0005ms, Delete: 1.327ms, Create: 10.9701ms) {"SourceContext": "Infrastructure.Services.DatabaseTestService", "Application": "Crud.Api"}
[06:34:19 INF] Releasing database mutex for worker 5630 {"SourceContext": "Infrastructure.Services.DatabaseTestService", "Application": "Crud.Api"}
Resource associated with Metric:
    deployment.environment: Testing
    service.name: Crud.Api
    service.version: 1.0.0
    service.instance.id: 10e2e254-224c-48e1-a2d2-8bbb5483cf26
    telemetry.sdk.name: opentelemetry
    telemetry.sdk.language: dotnet
    telemetry.sdk.version: 1.8.1
[06:34:19 INF] Starting Crud API application {"Application": "Crud.Api"}
[06:34:19 INF] Using SQLite provider with connection: Data Source=TestDatabase.db {"Application": "Crud.Api"}
[06:34:19 INF] Database ensured successfully {"Application": "Crud.Api"}
[06:34:19 INF] Application configured successfully. Starting web host... {"Application": "Crud.Api"}
[06:34:19 WRN] Failed to determine the https port for redirect. {"EventId": {"Id": 3, "Name": "FailedToDeterminePort"}, "SourceContext": "Microsoft.AspNetCore.HttpsPolicy.HttpsRedirectionMiddleware", "RequestId": "0HNFGVK4NGCVS", "RequestPath": "/api/auth/register", "Application": "Crud.Api"}
[06:34:19 INF] User registered successfully: 41e62359-972e-426f-8e8e-e3f76f4d8c27 {"SourceContext": "App.Features.Authentication.RegisterUserCommandHandler", "ActionId": "6843bbed-0333-479b-88d5-68534d3992a0", "ActionName": "Api.Controllers.AuthController.Register (Api)", "RequestId": "0HNFGVK4NGCVS", "RequestPath": "/api/auth/register", "Application": "Crud.Api"}
Activity.TraceId:            9f96ddf69e5212ad66bb9febcd99cf47
Activity.SpanId:             685dc3e9de2aac9c
Activity.TraceFlags:         Recorded
Activity.ActivitySourceName: Microsoft.AspNetCore
Activity.DisplayName:        POST api/Auth/register
Activity.Kind:               Server
Activity.StartTime:          2025-09-11T06:34:19.4196100Z
Activity.Duration:           00:00:00.3031054
Activity.Tags:
    server.address: localhost
    http.request.method: POST
    url.scheme: http
    url.path: /api/auth/register
    network.protocol.version: 1.1
    http.route: api/Auth/register
    http.response.status_code: 200
Resource associated with Activity:
    deployment.environment: Testing
    service.name: Crud.Api
    service.version: 1.0.0
    service.instance.id: 10e2e254-224c-48e1-a2d2-8bbb5483cf26
    telemetry.sdk.name: opentelemetry
    telemetry.sdk.language: dotnet
    telemetry.sdk.version: 1.8.1
[06:34:20 INF] User logged in successfully: 41e62359-972e-426f-8e8e-e3f76f4d8c27 {"SourceContext": "App.Features.Authentication.LoginCommandHandler", "ActionId": "bcbcb957-798b-4450-9b00-39fd3e2c0213", "ActionName": "Api.Controllers.AuthController.Login (Api)", "RequestId": "0HNFGVK4NGCVT", "RequestPath": "/api/auth/login", "Application": "Crud.Api"}
Activity.TraceId:            6d0d4f06d1fe7e8543c1460c24f23c66
Activity.SpanId:             19a76270dcf78ba5
Activity.TraceFlags:         Recorded
Activity.ActivitySourceName: Microsoft.AspNetCore
Activity.DisplayName:        POST api/Auth/login
Activity.Kind:               Server
Activity.StartTime:          2025-09-11T06:34:19.7256087Z
Activity.Duration:           00:00:00.3018319
Activity.Tags:
    server.address: localhost
    http.request.method: POST
    url.scheme: http
    url.path: /api/auth/login
    network.protocol.version: 1.1
    http.route: api/Auth/login
    http.response.status_code: 200
Resource associated with Activity:
    deployment.environment: Testing
    service.name: Crud.Api
    service.version: 1.0.0
    service.instance.id: 10e2e254-224c-48e1-a2d2-8bbb5483cf26
    telemetry.sdk.name: opentelemetry
    telemetry.sdk.language: dotnet
    telemetry.sdk.version: 1.8.1
Activity.TraceId:            832ee1b0f4523f36a3dba440b77fd3ac
Activity.SpanId:             8dfdbf0d635e6234
Activity.TraceFlags:         Recorded
Activity.ActivitySourceName: Microsoft.AspNetCore
Activity.DisplayName:        POST api/Windows
Activity.Kind:               Server
Activity.StartTime:          2025-09-11T06:34:20.0287056Z
Activity.Duration:           00:00:00.0145866
Activity.Tags:
    server.address: localhost
    http.request.method: POST
    url.scheme: http
    url.path: /api/windows
    network.protocol.version: 1.1
    http.route: api/Windows
    http.response.status_code: 400
Resource associated with Activity:
    deployment.environment: Testing
    service.name: Crud.Api
    service.version: 1.0.0
    service.instance.id: 10e2e254-224c-48e1-a2d2-8bbb5483cf26
    telemetry.sdk.name: opentelemetry
    telemetry.sdk.language: dotnet
    telemetry.sdk.version: 1.8.1
[06:34:20 INF] User registered successfully: 41e5594d-aa26-4a35-b650-86ee478d3ee9 {"SourceContext": "App.Features.Authentication.RegisterUserCommandHandler", "ActionId": "6843bbed-0333-479b-88d5-68534d3992a0", "ActionName": "Api.Controllers.AuthController.Register (Api)", "RequestId": "0HNFGVK4NGCVV", "RequestPath": "/api/auth/register", "Application": "Crud.Api"}
Activity.TraceId:            1a07c0dec02cc00be4653037899cdc3d
Activity.SpanId:             188f9151366027e2
Activity.TraceFlags:         Recorded
Activity.ActivitySourceName: Microsoft.AspNetCore
Activity.DisplayName:        POST api/Auth/register
Activity.Kind:               Server
Activity.StartTime:          2025-09-11T06:34:20.0466963Z
Activity.Duration:           00:00:00.2968450
Activity.Tags:
    server.address: localhost
    http.request.method: POST
    url.scheme: http
    url.path: /api/auth/register
    network.protocol.version: 1.1
    http.route: api/Auth/register
    http.response.status_code: 200
Resource associated with Activity:
    deployment.environment: Testing
    service.name: Crud.Api
    service.version: 1.0.0
    service.instance.id: 10e2e254-224c-48e1-a2d2-8bbb5483cf26
    telemetry.sdk.name: opentelemetry
    telemetry.sdk.language: dotnet
    telemetry.sdk.version: 1.8.1
[06:34:20 INF] User logged in successfully: 41e5594d-aa26-4a35-b650-86ee478d3ee9 {"SourceContext": "App.Features.Authentication.LoginCommandHandler", "ActionId": "bcbcb957-798b-4450-9b00-39fd3e2c0213", "ActionName": "Api.Controllers.AuthController.Login (Api)", "RequestId": "0HNFGVK4NGD00", "RequestPath": "/api/auth/login", "Application": "Crud.Api"}
Activity.TraceId:            4a94ec4fdf8de5fceda83f16dbf3ad21
Activity.SpanId:             df4de8db8b4ef9e5
Activity.TraceFlags:         Recorded
Activity.ActivitySourceName: Microsoft.AspNetCore
Activity.DisplayName:        POST api/Auth/login
Activity.Kind:               Server
Activity.StartTime:          2025-09-11T06:34:20.3452920Z
Activity.Duration:           00:00:00.2987290
Activity.Tags:
    server.address: localhost
    http.request.method: POST
    url.scheme: http
    url.path: /api/auth/login
    network.protocol.version: 1.1
    http.route: api/Auth/login
    http.response.status_code: 200
Resource associated with Activity:
    deployment.environment: Testing
    service.name: Crud.Api
    service.version: 1.0.0
    service.instance.id: 10e2e254-224c-48e1-a2d2-8bbb5483cf26
    telemetry.sdk.name: opentelemetry
    telemetry.sdk.language: dotnet
    telemetry.sdk.version: 1.8.1
Activity.TraceId:            76bed76059ca5e6795f84b19c1cfc3ab
Activity.SpanId:             5bd1fa2ef6ac0bef
Activity.TraceFlags:         Recorded
Activity.ActivitySourceName: Microsoft.AspNetCore
Activity.DisplayName:        POST api/Windows
Activity.Kind:               Server
Activity.StartTime:          2025-09-11T06:34:20.6448236Z
Activity.Duration:           00:00:00.0005782
Activity.Tags:
    server.address: localhost
    http.request.method: POST
    url.scheme: http
    url.path: /api/windows
    network.protocol.version: 1.1
    http.route: api/Windows
    http.response.status_code: 400
Resource associated with Activity:
    deployment.environment: Testing
    service.name: Crud.Api
    service.version: 1.0.0
    service.instance.id: 10e2e254-224c-48e1-a2d2-8bbb5483cf26
    telemetry.sdk.name: opentelemetry
    telemetry.sdk.language: dotnet
    telemetry.sdk.version: 1.8.1
[06:34:20 INF] User registered successfully: 38838139-ea3e-466b-9e60-cd9698566e94 {"SourceContext": "App.Features.Authentication.RegisterUserCommandHandler", "ActionId": "6843bbed-0333-479b-88d5-68534d3992a0", "ActionName": "Api.Controllers.AuthController.Register (Api)", "RequestId": "0HNFGVK4NGD02", "RequestPath": "/api/auth/register", "Application": "Crud.Api"}
Activity.TraceId:            c0f2c6321d128af498a376fc17c21493
Activity.SpanId:             5b628bf6d1a0594e
Activity.TraceFlags:         Recorded
Activity.ActivitySourceName: Microsoft.AspNetCore
Activity.DisplayName:        POST api/Auth/register
Activity.Kind:               Server
Activity.StartTime:          2025-09-11T06:34:20.6478732Z
Activity.Duration:           00:00:00.2992703
Activity.Tags:
    server.address: localhost
    http.request.method: POST
    url.scheme: http
    url.path: /api/auth/register
    network.protocol.version: 1.1
    http.route: api/Auth/register
    http.response.status_code: 200
Resource associated with Activity:
    deployment.environment: Testing
    service.name: Crud.Api
    service.version: 1.0.0
    service.instance.id: 10e2e254-224c-48e1-a2d2-8bbb5483cf26
    telemetry.sdk.name: opentelemetry
    telemetry.sdk.language: dotnet
    telemetry.sdk.version: 1.8.1
[06:34:21 INF] User logged in successfully: 38838139-ea3e-466b-9e60-cd9698566e94 {"SourceContext": "App.Features.Authentication.LoginCommandHandler", "ActionId": "bcbcb957-798b-4450-9b00-39fd3e2c0213", "ActionName": "Api.Controllers.AuthController.Login (Api)", "RequestId": "0HNFGVK4NGD03", "RequestPath": "/api/auth/login", "Application": "Crud.Api"}
Activity.TraceId:            c293ffcef0090100255dbede2161fbb9
Activity.SpanId:             bc3b95c4c5f9d978
Activity.TraceFlags:         Recorded
Activity.ActivitySourceName: Microsoft.AspNetCore
Activity.DisplayName:        POST api/Auth/login
Activity.Kind:               Server
Activity.StartTime:          2025-09-11T06:34:20.9487216Z
Activity.Duration:           00:00:00.2988186
Activity.Tags:
    server.address: localhost
    http.request.method: POST
    url.scheme: http
    url.path: /api/auth/login
    network.protocol.version: 1.1
    http.route: api/Auth/login
    http.response.status_code: 200
Resource associated with Activity:
    deployment.environment: Testing
    service.name: Crud.Api
    service.version: 1.0.0
    service.instance.id: 10e2e254-224c-48e1-a2d2-8bbb5483cf26
    telemetry.sdk.name: opentelemetry
    telemetry.sdk.language: dotnet
    telemetry.sdk.version: 1.8.1
[06:34:21 DBG] Removed cache value for key: entity:window:fcae54928055464f951734491398ba85 {"SourceContext": "Infrastructure.Services.Caching.InMemoryCacheService", "ActionId": "4e05ffc7-1445-4a67-951b-6e92a0712622", "ActionName": "Api.Controllers.WindowsController.Create (Api)", "RequestId": "0HNFGVK4NGD04", "RequestPath": "/api/windows", "Application": "Crud.Api"}
[06:34:21 DBG] Removed cache value for key: list:window {"SourceContext": "Infrastructure.Services.Caching.InMemoryCacheService", "ActionId": "4e05ffc7-1445-4a67-951b-6e92a0712622", "ActionName": "Api.Controllers.WindowsController.Create (Api)", "RequestId": "0HNFGVK4NGD04", "RequestPath": "/api/windows", "Application": "Crud.Api"}
[06:34:21 DBG] Invalidating cache for entity type: windows with tag: windows {"SourceContext": "Api.Services.OutputCacheInvalidationService", "ActionId": "4e05ffc7-1445-4a67-951b-6e92a0712622", "ActionName": "Api.Controllers.WindowsController.Create (Api)", "RequestId": "0HNFGVK4NGD04", "RequestPath": "/api/windows", "Application": "Crud.Api"}
[06:34:21 INF] Successfully invalidated cache for entity type: windows {"SourceContext": "Api.Services.OutputCacheInvalidationService", "ActionId": "4e05ffc7-1445-4a67-951b-6e92a0712622", "ActionName": "Api.Controllers.WindowsController.Create (Api)", "RequestId": "0HNFGVK4NGD04", "RequestPath": "/api/windows", "Application": "Crud.Api"}
Activity.TraceId:            c239de28efdce0d72a54090bce835be8
Activity.SpanId:             f3862131cfa3b799
Activity.TraceFlags:         Recorded
Activity.ActivitySourceName: Microsoft.AspNetCore
Activity.DisplayName:        POST api/Windows
Activity.Kind:               Server
Activity.StartTime:          2025-09-11T06:34:21.2483793Z
Activity.Duration:           00:00:00.0115494
Activity.Tags:
    server.address: localhost
    http.request.method: POST
    url.scheme: http
    url.path: /api/windows
    network.protocol.version: 1.1
    http.route: api/Windows
    http.response.status_code: 201
Resource associated with Activity:
    deployment.environment: Testing
    service.name: Crud.Api
    service.version: 1.0.0
    service.instance.id: 10e2e254-224c-48e1-a2d2-8bbb5483cf26
    telemetry.sdk.name: opentelemetry
    telemetry.sdk.language: dotnet
    telemetry.sdk.version: 1.8.1
[06:34:21 INF] User registered successfully: 6d3b0a3c-3c6e-4233-a70f-2adaca118121 {"SourceContext": "App.Features.Authentication.RegisterUserCommandHandler", "ActionId": "6843bbed-0333-479b-88d5-68534d3992a0", "ActionName": "Api.Controllers.AuthController.Register (Api)", "RequestId": "0HNFGVK4NGD05", "RequestPath": "/api/auth/register", "Application": "Crud.Api"}
Activity.TraceId:            6b51bcab7351bf6011921d9cff12ff26
Activity.SpanId:             82f0877c86180651
Activity.TraceFlags:         Recorded
Activity.ActivitySourceName: Microsoft.AspNetCore
Activity.DisplayName:        POST api/Auth/register
Activity.Kind:               Server
Activity.StartTime:          2025-09-11T06:34:21.2621733Z
Activity.Duration:           00:00:00.2959927
Activity.Tags:
    server.address: localhost
    http.request.method: POST
    url.scheme: http
    url.path: /api/auth/register
    network.protocol.version: 1.1
    http.route: api/Auth/register
    http.response.status_code: 200
Resource associated with Activity:
    deployment.environment: Testing
    service.name: Crud.Api
    service.version: 1.0.0
    service.instance.id: 10e2e254-224c-48e1-a2d2-8bbb5483cf26
    telemetry.sdk.name: opentelemetry
    telemetry.sdk.language: dotnet
    telemetry.sdk.version: 1.8.1
[06:34:21 INF] User logged in successfully: 6d3b0a3c-3c6e-4233-a70f-2adaca118121 {"SourceContext": "App.Features.Authentication.LoginCommandHandler", "ActionId": "bcbcb957-798b-4450-9b00-39fd3e2c0213", "ActionName": "Api.Controllers.AuthController.Login (Api)", "RequestId": "0HNFGVK4NGD06", "RequestPath": "/api/auth/login", "Application": "Crud.Api"}
Activity.TraceId:            fc712cffe7a6a55c2cc7035736657022
Activity.SpanId:             4b3a8cc6ba3471e4
Activity.TraceFlags:         Recorded
Activity.ActivitySourceName: Microsoft.AspNetCore
Activity.DisplayName:        POST api/Auth/login
Activity.Kind:               Server
Activity.StartTime:          2025-09-11T06:34:21.5596367Z
Activity.Duration:           00:00:00.2960599
Activity.Tags:
    server.address: localhost
    http.request.method: POST
    url.scheme: http
    url.path: /api/auth/login
    network.protocol.version: 1.1
    http.route: api/Auth/login
    http.response.status_code: 200
Resource associated with Activity:
    deployment.environment: Testing
    service.name: Crud.Api
    service.version: 1.0.0
    service.instance.id: 10e2e254-224c-48e1-a2d2-8bbb5483cf26
    telemetry.sdk.name: opentelemetry
    telemetry.sdk.language: dotnet
    telemetry.sdk.version: 1.8.1
[06:34:21 DBG] Removed cache value for key: entity:window:fcae54928055464f951734491398ba85 {"SourceContext": "Infrastructure.Services.Caching.InMemoryCacheService", "ActionId": "33edceef-2c67-4b48-8977-ed9d69559392", "ActionName": "Api.Controllers.WindowsController.Delete (Api)", "RequestId": "0HNFGVK4NGD07", "RequestPath": "/api/windows/fcae5492-8055-464f-9517-34491398ba85", "Application": "Crud.Api"}
[06:34:21 DBG] Removed cache value for key: list:window {"SourceContext": "Infrastructure.Services.Caching.InMemoryCacheService", "ActionId": "33edceef-2c67-4b48-8977-ed9d69559392", "ActionName": "Api.Controllers.WindowsController.Delete (Api)", "RequestId": "0HNFGVK4NGD07", "RequestPath": "/api/windows/fcae5492-8055-464f-9517-34491398ba85", "Application": "Crud.Api"}
[06:34:21 DBG] Invalidating cache for entity: windows/fcae5492-8055-464f-9517-34491398ba85 with tags: windows, windows:fcae5492-8055-464f-9517-34491398ba85 {"SourceContext": "Api.Services.OutputCacheInvalidationService", "ActionId": "33edceef-2c67-4b48-8977-ed9d69559392", "ActionName": "Api.Controllers.WindowsController.Delete (Api)", "RequestId": "0HNFGVK4NGD07", "RequestPath": "/api/windows/fcae5492-8055-464f-9517-34491398ba85", "Application": "Crud.Api"}
[06:34:21 DBG] Successfully invalidated cache for tag: windows {"SourceContext": "Api.Services.OutputCacheInvalidationService", "ActionId": "33edceef-2c67-4b48-8977-ed9d69559392", "ActionName": "Api.Controllers.WindowsController.Delete (Api)", "RequestId": "0HNFGVK4NGD07", "RequestPath": "/api/windows/fcae5492-8055-464f-9517-34491398ba85", "Application": "Crud.Api"}
[06:34:21 DBG] Successfully invalidated cache for tag: windows:fcae5492-8055-464f-9517-34491398ba85 {"SourceContext": "Api.Services.OutputCacheInvalidationService", "ActionId": "33edceef-2c67-4b48-8977-ed9d69559392", "ActionName": "Api.Controllers.WindowsController.Delete (Api)", "RequestId": "0HNFGVK4NGD07", "RequestPath": "/api/windows/fcae5492-8055-464f-9517-34491398ba85", "Application": "Crud.Api"}
Activity.TraceId:            27221d44948b8763cc173662e0413dac
Activity.SpanId:             89e6796043bd0384
Activity.TraceFlags:         Recorded
Activity.ActivitySourceName: Microsoft.AspNetCore
Activity.DisplayName:        DELETE api/Windows/{id:guid}
Activity.Kind:               Server
Activity.StartTime:          2025-09-11T06:34:21.8558492Z
Activity.Duration:           00:00:00.0115553
Activity.Tags:
    server.address: localhost
    http.request.method: DELETE
    url.scheme: http
    url.path: /api/windows/fcae5492-8055-464f-9517-34491398ba85
    network.protocol.version: 1.1
    http.route: api/Windows/{id:guid}
    http.response.status_code: 204
Resource associated with Activity:
    deployment.environment: Testing
    service.name: Crud.Api
    service.version: 1.0.0
    service.instance.id: 10e2e254-224c-48e1-a2d2-8bbb5483cf26
    telemetry.sdk.name: opentelemetry
    telemetry.sdk.language: dotnet
    telemetry.sdk.version: 1.8.1
[06:34:22 INF] User registered successfully: 5f0dad33-996a-48a4-9de2-532788c61371 {"SourceContext": "App.Features.Authentication.RegisterUserCommandHandler", "ActionId": "6843bbed-0333-479b-88d5-68534d3992a0", "ActionName": "Api.Controllers.AuthController.Register (Api)", "RequestId": "0HNFGVK4NGD08", "RequestPath": "/api/auth/register", "Application": "Crud.Api"}
Activity.TraceId:            8e578c8f40187b4df33271b0759b4c8f
Activity.SpanId:             553d1f96e5d99685
Activity.TraceFlags:         Recorded
Activity.ActivitySourceName: Microsoft.AspNetCore
Activity.DisplayName:        POST api/Auth/register
Activity.Kind:               Server
Activity.StartTime:          2025-09-11T06:34:21.8676400Z
Activity.Duration:           00:00:00.2967539
Activity.Tags:
    server.address: localhost
    http.request.method: POST
    url.scheme: http
    url.path: /api/auth/register
    network.protocol.version: 1.1
    http.route: api/Auth/register
    http.response.status_code: 200
Resource associated with Activity:
    deployment.environment: Testing
    service.name: Crud.Api
    service.version: 1.0.0
    service.instance.id: 10e2e254-224c-48e1-a2d2-8bbb5483cf26
    telemetry.sdk.name: opentelemetry
    telemetry.sdk.language: dotnet
    telemetry.sdk.version: 1.8.1
[06:34:22 DBG] Cache miss for key: entity:window:fcae54928055464f951734491398ba85 {"SourceContext": "Infrastructure.Services.Caching.InMemoryCacheService", "ActionId": "d0343eb1-f046-4d14-9418-378a51cc5a4d", "ActionName": "Api.Controllers.WindowsController.Get (Api)", "RequestId": "0HNFGVK4NGD09", "RequestPath": "/api/windows/fcae5492-8055-464f-9517-34491398ba85", "Application": "Crud.Api"}
Activity.TraceId:            6d601de1b8da23c8b162c0a64b3b613f
Activity.SpanId:             2564fc8e904dfe8e
Activity.TraceFlags:         Recorded
Activity.ActivitySourceName: Microsoft.AspNetCore
Activity.DisplayName:        GET api/Windows/{id:guid}
Activity.Kind:               Server
Activity.StartTime:          2025-09-11T06:34:22.1645533Z
Activity.Duration:           00:00:00.0100144
Activity.Tags:
    server.address: localhost
    http.request.method: GET
    url.scheme: http
    url.path: /api/windows/fcae5492-8055-464f-9517-34491398ba85
    network.protocol.version: 1.1
    http.route: api/Windows/{id:guid}
    http.response.status_code: 404
Resource associated with Activity:
    deployment.environment: Testing
    service.name: Crud.Api
    service.version: 1.0.0
    service.instance.id: 10e2e254-224c-48e1-a2d2-8bbb5483cf26
    telemetry.sdk.name: opentelemetry
    telemetry.sdk.language: dotnet
    telemetry.sdk.version: 1.8.1
[06:34:22 INF] User registered successfully: dffe577c-aa2c-4beb-bdfe-e8f31551e78e {"SourceContext": "App.Features.Authentication.RegisterUserCommandHandler", "ActionId": "6843bbed-0333-479b-88d5-68534d3992a0", "ActionName": "Api.Controllers.AuthController.Register (Api)", "RequestId": "0HNFGVK4NGD0A", "RequestPath": "/api/auth/register", "Application": "Crud.Api"}
Activity.TraceId:            3015f5845c1049a9e679287254932291
Activity.SpanId:             18b70ce91060d044
Activity.TraceFlags:         Recorded
Activity.ActivitySourceName: Microsoft.AspNetCore
Activity.DisplayName:        POST api/Auth/register
Activity.Kind:               Server
Activity.StartTime:          2025-09-11T06:34:22.1766079Z
Activity.Duration:           00:00:00.3044969
Activity.Tags:
    server.address: localhost
    http.request.method: POST
    url.scheme: http
    url.path: /api/auth/register
    network.protocol.version: 1.1
    http.route: api/Auth/register
    http.response.status_code: 200
Resource associated with Activity:
    deployment.environment: Testing
    service.name: Crud.Api
    service.version: 1.0.0
    service.instance.id: 10e2e254-224c-48e1-a2d2-8bbb5483cf26
    telemetry.sdk.name: opentelemetry
    telemetry.sdk.language: dotnet
    telemetry.sdk.version: 1.8.1
[06:34:22 INF] User logged in successfully: dffe577c-aa2c-4beb-bdfe-e8f31551e78e {"SourceContext": "App.Features.Authentication.LoginCommandHandler", "ActionId": "bcbcb957-798b-4450-9b00-39fd3e2c0213", "ActionName": "Api.Controllers.AuthController.Login (Api)", "RequestId": "0HNFGVK4NGD0B", "RequestPath": "/api/auth/login", "Application": "Crud.Api"}
Activity.TraceId:            f080e6f6bee7aa884e1d6b0ccf3fcadf
Activity.SpanId:             333e11f0765cdf7f
Activity.TraceFlags:         Recorded
Activity.ActivitySourceName: Microsoft.AspNetCore
Activity.DisplayName:        POST api/Auth/login
Activity.Kind:               Server
Activity.StartTime:          2025-09-11T06:34:22.4827903Z
Activity.Duration:           00:00:00.3017959
Activity.Tags:
    server.address: localhost
    http.request.method: POST
    url.scheme: http
    url.path: /api/auth/login
    network.protocol.version: 1.1
    http.route: api/Auth/login
    http.response.status_code: 200
Resource associated with Activity:
    deployment.environment: Testing
    service.name: Crud.Api
    service.version: 1.0.0
    service.instance.id: 10e2e254-224c-48e1-a2d2-8bbb5483cf26
    telemetry.sdk.name: opentelemetry
    telemetry.sdk.language: dotnet
    telemetry.sdk.version: 1.8.1
[06:34:22 DBG] Removed cache value for key: entity:window:f277530c06f2421f82006bdf647bd6f8 {"SourceContext": "Infrastructure.Services.Caching.InMemoryCacheService", "ActionId": "4e05ffc7-1445-4a67-951b-6e92a0712622", "ActionName": "Api.Controllers.WindowsController.Create (Api)", "RequestId": "0HNFGVK4NGD0C", "RequestPath": "/api/windows", "Application": "Crud.Api"}
[06:34:22 DBG] Removed cache value for key: list:window {"SourceContext": "Infrastructure.Services.Caching.InMemoryCacheService", "ActionId": "4e05ffc7-1445-4a67-951b-6e92a0712622", "ActionName": "Api.Controllers.WindowsController.Create (Api)", "RequestId": "0HNFGVK4NGD0C", "RequestPath": "/api/windows", "Application": "Crud.Api"}
[06:34:22 DBG] Invalidating cache for entity type: windows with tag: windows {"SourceContext": "Api.Services.OutputCacheInvalidationService", "ActionId": "4e05ffc7-1445-4a67-951b-6e92a0712622", "ActionName": "Api.Controllers.WindowsController.Create (Api)", "RequestId": "0HNFGVK4NGD0C", "RequestPath": "/api/windows", "Application": "Crud.Api"}
[06:34:22 INF] Successfully invalidated cache for entity type: windows {"SourceContext": "Api.Services.OutputCacheInvalidationService", "ActionId": "4e05ffc7-1445-4a67-951b-6e92a0712622", "ActionName": "Api.Controllers.WindowsController.Create (Api)", "RequestId": "0HNFGVK4NGD0C", "RequestPath": "/api/windows", "Application": "Crud.Api"}
Activity.TraceId:            49c3bb6495cccd083f513aded8d67b34
Activity.SpanId:             1171557c78a12151
Activity.TraceFlags:         Recorded
Activity.ActivitySourceName: Microsoft.AspNetCore
Activity.DisplayName:        POST api/Windows
Activity.Kind:               Server
Activity.StartTime:          2025-09-11T06:34:22.7855913Z
Activity.Duration:           00:00:00.0020886
Activity.Tags:
    server.address: localhost
    http.request.method: POST
    url.scheme: http
    url.path: /api/windows
    network.protocol.version: 1.1
    http.route: api/Windows
    http.response.status_code: 201
Resource associated with Activity:
    deployment.environment: Testing
    service.name: Crud.Api
    service.version: 1.0.0
    service.instance.id: 10e2e254-224c-48e1-a2d2-8bbb5483cf26
    telemetry.sdk.name: opentelemetry
    telemetry.sdk.language: dotnet
    telemetry.sdk.version: 1.8.1
[06:34:23 INF] User registered successfully: 561bc03a-659f-4e65-8451-f5c793965102 {"SourceContext": "App.Features.Authentication.RegisterUserCommandHandler", "ActionId": "6843bbed-0333-479b-88d5-68534d3992a0", "ActionName": "Api.Controllers.AuthController.Register (Api)", "RequestId": "0HNFGVK4NGD0D", "RequestPath": "/api/auth/register", "Application": "Crud.Api"}
Activity.TraceId:            d440576b1b32a39f064b36fcc8e81ffe
Activity.SpanId:             2b71b7f91cdbcb3e
Activity.TraceFlags:         Recorded
Activity.ActivitySourceName: Microsoft.AspNetCore
Activity.DisplayName:        POST api/Auth/register
Activity.Kind:               Server
Activity.StartTime:          2025-09-11T06:34:22.7884866Z
Activity.Duration:           00:00:00.2956763
Activity.Tags:
    server.address: localhost
    http.request.method: POST
    url.scheme: http
    url.path: /api/auth/register
    network.protocol.version: 1.1
    http.route: api/Auth/register
    http.response.status_code: 200
Resource associated with Activity:
    deployment.environment: Testing
    service.name: Crud.Api
    service.version: 1.0.0
    service.instance.id: 10e2e254-224c-48e1-a2d2-8bbb5483cf26
    telemetry.sdk.name: opentelemetry
    telemetry.sdk.language: dotnet
    telemetry.sdk.version: 1.8.1
[06:34:23 INF] User logged in successfully: 561bc03a-659f-4e65-8451-f5c793965102 {"SourceContext": "App.Features.Authentication.LoginCommandHandler", "ActionId": "bcbcb957-798b-4450-9b00-39fd3e2c0213", "ActionName": "Api.Controllers.AuthController.Login (Api)", "RequestId": "0HNFGVK4NGD0E", "RequestPath": "/api/auth/login", "Application": "Crud.Api"}
Activity.TraceId:            be182cd58180965ab362977add68ec3a
Activity.SpanId:             a0e4287fa9392c38
Activity.TraceFlags:         Recorded
Activity.ActivitySourceName: Microsoft.AspNetCore
Activity.DisplayName:        POST api/Auth/login
Activity.Kind:               Server
Activity.StartTime:          2025-09-11T06:34:23.0852081Z
Activity.Duration:           00:00:00.2957539
Activity.Tags:
    server.address: localhost
    http.request.method: POST
    url.scheme: http
    url.path: /api/auth/login
    network.protocol.version: 1.1
    http.route: api/Auth/login
    http.response.status_code: 200
Resource associated with Activity:
    deployment.environment: Testing
    service.name: Crud.Api
    service.version: 1.0.0
    service.instance.id: 10e2e254-224c-48e1-a2d2-8bbb5483cf26
    telemetry.sdk.name: opentelemetry
    telemetry.sdk.language: dotnet
    telemetry.sdk.version: 1.8.1
[06:34:23 DBG] Removed cache value for key: entity:window:1f4ae15ad50b4080bc2d8ffed19a11e6 {"SourceContext": "Infrastructure.Services.Caching.InMemoryCacheService", "ActionId": "4e05ffc7-1445-4a67-951b-6e92a0712622", "ActionName": "Api.Controllers.WindowsController.Create (Api)", "RequestId": "0HNFGVK4NGD0F", "RequestPath": "/api/windows", "Application": "Crud.Api"}
[06:34:23 DBG] Removed cache value for key: list:window {"SourceContext": "Infrastructure.Services.Caching.InMemoryCacheService", "ActionId": "4e05ffc7-1445-4a67-951b-6e92a0712622", "ActionName": "Api.Controllers.WindowsController.Create (Api)", "RequestId": "0HNFGVK4NGD0F", "RequestPath": "/api/windows", "Application": "Crud.Api"}
[06:34:23 DBG] Invalidating cache for entity type: windows with tag: windows {"SourceContext": "Api.Services.OutputCacheInvalidationService", "ActionId": "4e05ffc7-1445-4a67-951b-6e92a0712622", "ActionName": "Api.Controllers.WindowsController.Create (Api)", "RequestId": "0HNFGVK4NGD0F", "RequestPath": "/api/windows", "Application": "Crud.Api"}
[06:34:23 INF] Successfully invalidated cache for entity type: windows {"SourceContext": "Api.Services.OutputCacheInvalidationService", "ActionId": "4e05ffc7-1445-4a67-951b-6e92a0712622", "ActionName": "Api.Controllers.WindowsController.Create (Api)", "RequestId": "0HNFGVK4NGD0F", "RequestPath": "/api/windows", "Application": "Crud.Api"}
Activity.TraceId:            e49024cab68a68890f621526d22f54c8
Activity.SpanId:             5f2c7f5cea82962d
Activity.TraceFlags:         Recorded
Activity.ActivitySourceName: Microsoft.AspNetCore
Activity.DisplayName:        POST api/Windows
Activity.Kind:               Server
Activity.StartTime:          2025-09-11T06:34:23.3811684Z
Activity.Duration:           00:00:00.0037990
Activity.Tags:
    server.address: localhost
    http.request.method: POST
    url.scheme: http
    url.path: /api/windows
    network.protocol.version: 1.1
    http.route: api/Windows
    http.response.status_code: 201
Resource associated with Activity:
    deployment.environment: Testing
    service.name: Crud.Api
    service.version: 1.0.0
    service.instance.id: 10e2e254-224c-48e1-a2d2-8bbb5483cf26
    telemetry.sdk.name: opentelemetry
    telemetry.sdk.language: dotnet
    telemetry.sdk.version: 1.8.1
[06:34:23 INF] User registered successfully: 53474658-0fb6-4622-ab3d-800555718ded {"SourceContext": "App.Features.Authentication.RegisterUserCommandHandler", "ActionId": "6843bbed-0333-479b-88d5-68534d3992a0", "ActionName": "Api.Controllers.AuthController.Register (Api)", "RequestId": "0HNFGVK4NGD0G", "RequestPath": "/api/auth/register", "Application": "Crud.Api"}
Activity.TraceId:            d4de708152ca60847bc89c3207e0920c
Activity.SpanId:             14dd84fc7f33aefa
Activity.TraceFlags:         Recorded
Activity.ActivitySourceName: Microsoft.AspNetCore
Activity.DisplayName:        POST api/Auth/register
Activity.Kind:               Server
Activity.StartTime:          2025-09-11T06:34:23.3852417Z
Activity.Duration:           00:00:00.2956245
Activity.Tags:
    server.address: localhost
    http.request.method: POST
    url.scheme: http
    url.path: /api/auth/register
    network.protocol.version: 1.1
    http.route: api/Auth/register
    http.response.status_code: 200
Resource associated with Activity:
    deployment.environment: Testing
    service.name: Crud.Api
    service.version: 1.0.0
    service.instance.id: 10e2e254-224c-48e1-a2d2-8bbb5483cf26
    telemetry.sdk.name: opentelemetry
    telemetry.sdk.language: dotnet
    telemetry.sdk.version: 1.8.1
[06:34:23 DBG] Cache miss for key: list:window {"SourceContext": "Infrastructure.Services.Caching.InMemoryCacheService", "ActionId": "c171486d-498c-439d-9dd5-fefbf73a087a", "ActionName": "Api.Controllers.WindowsController.List (Api)", "RequestId": "0HNFGVK4NGD0H", "RequestPath": "/api/windows", "Application": "Crud.Api"}
[06:34:23 DBG] Set cache value for key: list:window {"SourceContext": "Infrastructure.Services.Caching.InMemoryCacheService", "ActionId": "c171486d-498c-439d-9dd5-fefbf73a087a", "ActionName": "Api.Controllers.WindowsController.List (Api)", "RequestId": "0HNFGVK4NGD0H", "RequestPath": "/api/windows", "Application": "Crud.Api"}
[06:34:23 DBG] Response not compressed: application/json; charset=utf-8 | Size: 1086 bytes | Path: /api/windows {"SourceContext": "Api.Middleware.CompressionPerformanceMiddleware", "RequestId": "0HNFGVK4NGD0H", "RequestPath": "/api/windows", "Application": "Crud.Api"}
Activity.TraceId:            132f86b326d2cced391e9ae64f045468
Activity.SpanId:             20e6721a0b068e47
Activity.TraceFlags:         Recorded
Activity.ActivitySourceName: Microsoft.AspNetCore
Activity.DisplayName:        GET api/Windows
Activity.Kind:               Server
Activity.StartTime:          2025-09-11T06:34:23.6811324Z
Activity.Duration:           00:00:00.0096095
Activity.Tags:
    server.address: localhost
    http.request.method: GET
    url.scheme: http
    url.path: /api/windows
    network.protocol.version: 1.1
    http.route: api/Windows
    http.response.status_code: 200
Resource associated with Activity:
    deployment.environment: Testing
    service.name: Crud.Api
    service.version: 1.0.0
    service.instance.id: 10e2e254-224c-48e1-a2d2-8bbb5483cf26
    telemetry.sdk.name: opentelemetry
    telemetry.sdk.language: dotnet
    telemetry.sdk.version: 1.8.1
[06:34:23 INF] User registered successfully: cf6130d8-baa6-4655-9c7a-447193c1cc91 {"SourceContext": "App.Features.Authentication.RegisterUserCommandHandler", "ActionId": "6843bbed-0333-479b-88d5-68534d3992a0", "ActionName": "Api.Controllers.AuthController.Register (Api)", "RequestId": "0HNFGVK4NGD0I", "RequestPath": "/api/auth/register", "Application": "Crud.Api"}
Activity.TraceId:            327fae7b85c690ed7d3a5a79b9b13ebf
Activity.SpanId:             3697a0a963a0b143
Activity.TraceFlags:         Recorded
Activity.ActivitySourceName: Microsoft.AspNetCore
Activity.DisplayName:        POST api/Auth/register
Activity.Kind:               Server
Activity.StartTime:          2025-09-11T06:34:23.6946156Z
Activity.Duration:           00:00:00.2968779
Activity.Tags:
    server.address: localhost
    http.request.method: POST
    url.scheme: http
    url.path: /api/auth/register
    network.protocol.version: 1.1
    http.route: api/Auth/register
    http.response.status_code: 200
Resource associated with Activity:
    deployment.environment: Testing
    service.name: Crud.Api
    service.version: 1.0.0
    service.instance.id: 10e2e254-224c-48e1-a2d2-8bbb5483cf26
    telemetry.sdk.name: opentelemetry
    telemetry.sdk.language: dotnet
    telemetry.sdk.version: 1.8.1
[06:34:24 INF] User logged in successfully: cf6130d8-baa6-4655-9c7a-447193c1cc91 {"SourceContext": "App.Features.Authentication.LoginCommandHandler", "ActionId": "bcbcb957-798b-4450-9b00-39fd3e2c0213", "ActionName": "Api.Controllers.AuthController.Login (Api)", "RequestId": "0HNFGVK4NGD0J", "RequestPath": "/api/auth/login", "Application": "Crud.Api"}
Activity.TraceId:            2d52594c919ed97ddca25fa449ef8dad
Activity.SpanId:             a6e7071527bad97c
Activity.TraceFlags:         Recorded
Activity.ActivitySourceName: Microsoft.AspNetCore
Activity.DisplayName:        POST api/Auth/login
Activity.Kind:               Server
Activity.StartTime:          2025-09-11T06:34:23.9930700Z
Activity.Duration:           00:00:00.2986143
Activity.Tags:
    server.address: localhost
    http.request.method: POST
    url.scheme: http
    url.path: /api/auth/login
    network.protocol.version: 1.1
    http.route: api/Auth/login
    http.response.status_code: 200
Resource associated with Activity:
    deployment.environment: Testing
    service.name: Crud.Api
    service.version: 1.0.0
    service.instance.id: 10e2e254-224c-48e1-a2d2-8bbb5483cf26
    telemetry.sdk.name: opentelemetry
    telemetry.sdk.language: dotnet
    telemetry.sdk.version: 1.8.1
[06:34:24 DBG] Removed cache value for key: entity:window:bdcbc0b5f01a4ed2b85816e588f198a3 {"SourceContext": "Infrastructure.Services.Caching.InMemoryCacheService", "ActionId": "4e05ffc7-1445-4a67-951b-6e92a0712622", "ActionName": "Api.Controllers.WindowsController.Create (Api)", "RequestId": "0HNFGVK4NGD0K", "RequestPath": "/api/windows", "Application": "Crud.Api"}
[06:34:24 DBG] Removed cache value for key: list:window {"SourceContext": "Infrastructure.Services.Caching.InMemoryCacheService", "ActionId": "4e05ffc7-1445-4a67-951b-6e92a0712622", "ActionName": "Api.Controllers.WindowsController.Create (Api)", "RequestId": "0HNFGVK4NGD0K", "RequestPath": "/api/windows", "Application": "Crud.Api"}
[06:34:24 DBG] Invalidating cache for entity type: windows with tag: windows {"SourceContext": "Api.Services.OutputCacheInvalidationService", "ActionId": "4e05ffc7-1445-4a67-951b-6e92a0712622", "ActionName": "Api.Controllers.WindowsController.Create (Api)", "RequestId": "0HNFGVK4NGD0K", "RequestPath": "/api/windows", "Application": "Crud.Api"}
[06:34:24 INF] Successfully invalidated cache for entity type: windows {"SourceContext": "Api.Services.OutputCacheInvalidationService", "ActionId": "4e05ffc7-1445-4a67-951b-6e92a0712622", "ActionName": "Api.Controllers.WindowsController.Create (Api)", "RequestId": "0HNFGVK4NGD0K", "RequestPath": "/api/windows", "Application": "Crud.Api"}
Activity.TraceId:            ee2a6115af804394ad615613e124242b
Activity.SpanId:             9f75d196338677a1
Activity.TraceFlags:         Recorded
Activity.ActivitySourceName: Microsoft.AspNetCore
Activity.DisplayName:        POST api/Windows
Activity.Kind:               Server
Activity.StartTime:          2025-09-11T06:34:24.2926466Z
Activity.Duration:           00:00:00.0019034
Activity.Tags:
    server.address: localhost
    http.request.method: POST
    url.scheme: http
    url.path: /api/windows
    network.protocol.version: 1.1
    http.route: api/Windows
    http.response.status_code: 201
Resource associated with Activity:
    deployment.environment: Testing
    service.name: Crud.Api
    service.version: 1.0.0
    service.instance.id: 10e2e254-224c-48e1-a2d2-8bbb5483cf26
    telemetry.sdk.name: opentelemetry
    telemetry.sdk.language: dotnet
    telemetry.sdk.version: 1.8.1
[06:34:24 INF] User registered successfully: 3451e297-dd0e-43da-ac71-5883b328948c {"SourceContext": "App.Features.Authentication.RegisterUserCommandHandler", "ActionId": "6843bbed-0333-479b-88d5-68534d3992a0", "ActionName": "Api.Controllers.AuthController.Register (Api)", "RequestId": "0HNFGVK4NGD0L", "RequestPath": "/api/auth/register", "Application": "Crud.Api"}
Activity.TraceId:            9171bd8c11c4b6a70dfe3ea53e18162d
Activity.SpanId:             a0e8c4c98d59239e
Activity.TraceFlags:         Recorded
Activity.ActivitySourceName: Microsoft.AspNetCore
Activity.DisplayName:        POST api/Auth/register
Activity.Kind:               Server
Activity.StartTime:          2025-09-11T06:34:24.2978401Z
Activity.Duration:           00:00:00.2958812
Activity.Tags:
    server.address: localhost
    http.request.method: POST
    url.scheme: http
    url.path: /api/auth/register
    network.protocol.version: 1.1
    http.route: api/Auth/register
    http.response.status_code: 200
Resource associated with Activity:
    deployment.environment: Testing
    service.name: Crud.Api
    service.version: 1.0.0
    service.instance.id: 10e2e254-224c-48e1-a2d2-8bbb5483cf26
    telemetry.sdk.name: opentelemetry
    telemetry.sdk.language: dotnet
    telemetry.sdk.version: 1.8.1
[06:34:24 INF] User logged in successfully: 3451e297-dd0e-43da-ac71-5883b328948c {"SourceContext": "App.Features.Authentication.LoginCommandHandler", "ActionId": "bcbcb957-798b-4450-9b00-39fd3e2c0213", "ActionName": "Api.Controllers.AuthController.Login (Api)", "RequestId": "0HNFGVK4NGD0M", "RequestPath": "/api/auth/login", "Application": "Crud.Api"}
Activity.TraceId:            f47af1c4e6f2fdf623bf4f0bdc62162a
Activity.SpanId:             d8afb3dd026ba726
Activity.TraceFlags:         Recorded
Activity.ActivitySourceName: Microsoft.AspNetCore
Activity.DisplayName:        POST api/Auth/login
Activity.Kind:               Server
Activity.StartTime:          2025-09-11T06:34:24.5954232Z
Activity.Duration:           00:00:00.2962090
Activity.Tags:
    server.address: localhost
    http.request.method: POST
    url.scheme: http
    url.path: /api/auth/login
    network.protocol.version: 1.1
    http.route: api/Auth/login
    http.response.status_code: 200
Resource associated with Activity:
    deployment.environment: Testing
    service.name: Crud.Api
    service.version: 1.0.0
    service.instance.id: 10e2e254-224c-48e1-a2d2-8bbb5483cf26
    telemetry.sdk.name: opentelemetry
    telemetry.sdk.language: dotnet
    telemetry.sdk.version: 1.8.1
[06:34:24 DBG] Removed cache value for key: entity:window:65f40a30719044c881e01e3f4cd2c06b {"SourceContext": "Infrastructure.Services.Caching.InMemoryCacheService", "ActionId": "4e05ffc7-1445-4a67-951b-6e92a0712622", "ActionName": "Api.Controllers.WindowsController.Create (Api)", "RequestId": "0HNFGVK4NGD0N", "RequestPath": "/api/windows", "Application": "Crud.Api"}
[06:34:24 DBG] Removed cache value for key: list:window {"SourceContext": "Infrastructure.Services.Caching.InMemoryCacheService", "ActionId": "4e05ffc7-1445-4a67-951b-6e92a0712622", "ActionName": "Api.Controllers.WindowsController.Create (Api)", "RequestId": "0HNFGVK4NGD0N", "RequestPath": "/api/windows", "Application": "Crud.Api"}
[06:34:24 DBG] Invalidating cache for entity type: windows with tag: windows {"SourceContext": "Api.Services.OutputCacheInvalidationService", "ActionId": "4e05ffc7-1445-4a67-951b-6e92a0712622", "ActionName": "Api.Controllers.WindowsController.Create (Api)", "RequestId": "0HNFGVK4NGD0N", "RequestPath": "/api/windows", "Application": "Crud.Api"}
[06:34:24 INF] Successfully invalidated cache for entity type: windows {"SourceContext": "Api.Services.OutputCacheInvalidationService", "ActionId": "4e05ffc7-1445-4a67-951b-6e92a0712622", "ActionName": "Api.Controllers.WindowsController.Create (Api)", "RequestId": "0HNFGVK4NGD0N", "RequestPath": "/api/windows", "Application": "Crud.Api"}
Activity.TraceId:            00e94267560a0e6b9da3735f3e07d591
Activity.SpanId:             0f26c7b7d6c87814
Activity.TraceFlags:         Recorded
Activity.ActivitySourceName: Microsoft.AspNetCore
Activity.DisplayName:        POST api/Windows
Activity.Kind:               Server
Activity.StartTime:          2025-09-11T06:34:24.8928462Z
Activity.Duration:           00:00:00.0055075
Activity.Tags:
    server.address: localhost
    http.request.method: POST
    url.scheme: http
    url.path: /api/windows
    network.protocol.version: 1.1
    http.route: api/Windows
    http.response.status_code: 201
Resource associated with Activity:
    deployment.environment: Testing
    service.name: Crud.Api
    service.version: 1.0.0
    service.instance.id: 10e2e254-224c-48e1-a2d2-8bbb5483cf26
    telemetry.sdk.name: opentelemetry
    telemetry.sdk.language: dotnet
    telemetry.sdk.version: 1.8.1
[06:34:25 INF] User registered successfully: 3e18bfc9-7ca7-445f-9335-30524629b255 {"SourceContext": "App.Features.Authentication.RegisterUserCommandHandler", "ActionId": "6843bbed-0333-479b-88d5-68534d3992a0", "ActionName": "Api.Controllers.AuthController.Register (Api)", "RequestId": "0HNFGVK4NGD0O", "RequestPath": "/api/auth/register", "Application": "Crud.Api"}
Activity.TraceId:            8f9999704e75d1aa8dcfa475a6e248aa
Activity.SpanId:             728ff4a401ce2110
Activity.TraceFlags:         Recorded
Activity.ActivitySourceName: Microsoft.AspNetCore
Activity.DisplayName:        POST api/Auth/register
Activity.Kind:               Server
Activity.StartTime:          2025-09-11T06:34:24.9017362Z
Activity.Duration:           00:00:00.2960799
Activity.Tags:
    server.address: localhost
    http.request.method: POST
    url.scheme: http
    url.path: /api/auth/register
    network.protocol.version: 1.1
    http.route: api/Auth/register
    http.response.status_code: 200
Resource associated with Activity:
    deployment.environment: Testing
    service.name: Crud.Api
    service.version: 1.0.0
    service.instance.id: 10e2e254-224c-48e1-a2d2-8bbb5483cf26
    telemetry.sdk.name: opentelemetry
    telemetry.sdk.language: dotnet
    telemetry.sdk.version: 1.8.1
[06:34:25 INF] User logged in successfully: 3e18bfc9-7ca7-445f-9335-30524629b255 {"SourceContext": "App.Features.Authentication.LoginCommandHandler", "ActionId": "bcbcb957-798b-4450-9b00-39fd3e2c0213", "ActionName": "Api.Controllers.AuthController.Login (Api)", "RequestId": "0HNFGVK4NGD0P", "RequestPath": "/api/auth/login", "Application": "Crud.Api"}
Activity.TraceId:            04b78e6156d6bab96f864eb74e2d8ab2
Activity.SpanId:             9938c5ae5184c5d7
Activity.TraceFlags:         Recorded
Activity.ActivitySourceName: Microsoft.AspNetCore
Activity.DisplayName:        POST api/Auth/login
Activity.Kind:               Server
Activity.StartTime:          2025-09-11T06:34:25.1995177Z
Activity.Duration:           00:00:00.2961509
Activity.Tags:
    server.address: localhost
    http.request.method: POST
    url.scheme: http
    url.path: /api/auth/login
    network.protocol.version: 1.1
    http.route: api/Auth/login
    http.response.status_code: 200
Resource associated with Activity:
    deployment.environment: Testing
    service.name: Crud.Api
    service.version: 1.0.0
    service.instance.id: 10e2e254-224c-48e1-a2d2-8bbb5483cf26
    telemetry.sdk.name: opentelemetry
    telemetry.sdk.language: dotnet
    telemetry.sdk.version: 1.8.1
[06:34:25 DBG] Removed cache value for key: entity:window:f1e9faab0f9742dcad84c26156367a7b {"SourceContext": "Infrastructure.Services.Caching.InMemoryCacheService", "ActionId": "4e05ffc7-1445-4a67-951b-6e92a0712622", "ActionName": "Api.Controllers.WindowsController.Create (Api)", "RequestId": "0HNFGVK4NGD0Q", "RequestPath": "/api/windows", "Application": "Crud.Api"}
[06:34:25 DBG] Removed cache value for key: list:window {"SourceContext": "Infrastructure.Services.Caching.InMemoryCacheService", "ActionId": "4e05ffc7-1445-4a67-951b-6e92a0712622", "ActionName": "Api.Controllers.WindowsController.Create (Api)", "RequestId": "0HNFGVK4NGD0Q", "RequestPath": "/api/windows", "Application": "Crud.Api"}
[06:34:25 DBG] Invalidating cache for entity type: windows with tag: windows {"SourceContext": "Api.Services.OutputCacheInvalidationService", "ActionId": "4e05ffc7-1445-4a67-951b-6e92a0712622", "ActionName": "Api.Controllers.WindowsController.Create (Api)", "RequestId": "0HNFGVK4NGD0Q", "RequestPath": "/api/windows", "Application": "Crud.Api"}
[06:34:25 INF] Successfully invalidated cache for entity type: windows {"SourceContext": "Api.Services.OutputCacheInvalidationService", "ActionId": "4e05ffc7-1445-4a67-951b-6e92a0712622", "ActionName": "Api.Controllers.WindowsController.Create (Api)", "RequestId": "0HNFGVK4NGD0Q", "RequestPath": "/api/windows", "Application": "Crud.Api"}
Activity.TraceId:            b7dc8a7f5cabe0f28f28b1223c81fdf7
Activity.SpanId:             98d96f43accbf8b1
Activity.TraceFlags:         Recorded
Activity.ActivitySourceName: Microsoft.AspNetCore
Activity.DisplayName:        POST api/Windows
Activity.Kind:               Server
Activity.StartTime:          2025-09-11T06:34:25.4970203Z
Activity.Duration:           00:00:00.0034099
Activity.Tags:
    server.address: localhost
    http.request.method: POST
    url.scheme: http
    url.path: /api/windows
    network.protocol.version: 1.1
    http.route: api/Windows
    http.response.status_code: 201
Resource associated with Activity:
    deployment.environment: Testing
    service.name: Crud.Api
    service.version: 1.0.0
    service.instance.id: 10e2e254-224c-48e1-a2d2-8bbb5483cf26
    telemetry.sdk.name: opentelemetry
    telemetry.sdk.language: dotnet
    telemetry.sdk.version: 1.8.1
[06:34:25 INF] User registered successfully: 067f44a6-0ed3-4486-b11c-3b6db50c693a {"SourceContext": "App.Features.Authentication.RegisterUserCommandHandler", "ActionId": "6843bbed-0333-479b-88d5-68534d3992a0", "ActionName": "Api.Controllers.AuthController.Register (Api)", "RequestId": "0HNFGVK4NGD0R", "RequestPath": "/api/auth/register", "Application": "Crud.Api"}
Activity.TraceId:            73ced699be4c8a7133595181e5e9a7fa
Activity.SpanId:             1f4100411a28fdaf
Activity.TraceFlags:         Recorded
Activity.ActivitySourceName: Microsoft.AspNetCore
Activity.DisplayName:        POST api/Auth/register
Activity.Kind:               Server
Activity.StartTime:          2025-09-11T06:34:25.5018789Z
Activity.Duration:           00:00:00.2959944
Activity.Tags:
    server.address: localhost
    http.request.method: POST
    url.scheme: http
    url.path: /api/auth/register
    network.protocol.version: 1.1
    http.route: api/Auth/register
    http.response.status_code: 200
Resource associated with Activity:
    deployment.environment: Testing
    service.name: Crud.Api
    service.version: 1.0.0
    service.instance.id: 10e2e254-224c-48e1-a2d2-8bbb5483cf26
    telemetry.sdk.name: opentelemetry
    telemetry.sdk.language: dotnet
    telemetry.sdk.version: 1.8.1
[06:34:26 INF] User logged in successfully: 067f44a6-0ed3-4486-b11c-3b6db50c693a {"SourceContext": "App.Features.Authentication.LoginCommandHandler", "ActionId": "bcbcb957-798b-4450-9b00-39fd3e2c0213", "ActionName": "Api.Controllers.AuthController.Login (Api)", "RequestId": "0HNFGVK4NGD0S", "RequestPath": "/api/auth/login", "Application": "Crud.Api"}
Activity.TraceId:            b8344a1a373af4844f7ac84956e15339
Activity.SpanId:             4ce4f69914604474
Activity.TraceFlags:         Recorded
Activity.ActivitySourceName: Microsoft.AspNetCore
Activity.DisplayName:        POST api/Auth/login
Activity.Kind:               Server
Activity.StartTime:          2025-09-11T06:34:25.7991661Z
Activity.Duration:           00:00:00.2967150
Activity.Tags:
    server.address: localhost
    http.request.method: POST
    url.scheme: http
    url.path: /api/auth/login
    network.protocol.version: 1.1
    http.route: api/Auth/login
    http.response.status_code: 200
Resource associated with Activity:
    deployment.environment: Testing
    service.name: Crud.Api
    service.version: 1.0.0
    service.instance.id: 10e2e254-224c-48e1-a2d2-8bbb5483cf26
    telemetry.sdk.name: opentelemetry
    telemetry.sdk.language: dotnet
    telemetry.sdk.version: 1.8.1
[06:34:26 DBG] Cache miss for key: entity:window:f1e9faab0f9742dcad84c26156367a7b {"SourceContext": "Infrastructure.Services.Caching.InMemoryCacheService", "ActionId": "0c64db60-5081-44bc-8d0e-214d5ae740ad", "ActionName": "Api.Controllers.WindowsController.Update (Api)", "RequestId": "0HNFGVK4NGD0T", "RequestPath": "/api/windows/f1e9faab-0f97-42dc-ad84-c26156367a7b", "Application": "Crud.Api"}
[06:34:26 DBG] Set cache value for key: entity:window:f1e9faab0f9742dcad84c26156367a7b {"SourceContext": "Infrastructure.Services.Caching.InMemoryCacheService", "ActionId": "0c64db60-5081-44bc-8d0e-214d5ae740ad", "ActionName": "Api.Controllers.WindowsController.Update (Api)", "RequestId": "0HNFGVK4NGD0T", "RequestPath": "/api/windows/f1e9faab-0f97-42dc-ad84-c26156367a7b", "Application": "Crud.Api"}
[06:34:26 DBG] Removed cache value for key: entity:window:f1e9faab0f9742dcad84c26156367a7b {"SourceContext": "Infrastructure.Services.Caching.InMemoryCacheService", "ActionId": "0c64db60-5081-44bc-8d0e-214d5ae740ad", "ActionName": "Api.Controllers.WindowsController.Update (Api)", "RequestId": "0HNFGVK4NGD0T", "RequestPath": "/api/windows/f1e9faab-0f97-42dc-ad84-c26156367a7b", "Application": "Crud.Api"}
[06:34:26 DBG] Removed cache value for key: list:window {"SourceContext": "Infrastructure.Services.Caching.InMemoryCacheService", "ActionId": "0c64db60-5081-44bc-8d0e-214d5ae740ad", "ActionName": "Api.Controllers.WindowsController.Update (Api)", "RequestId": "0HNFGVK4NGD0T", "RequestPath": "/api/windows/f1e9faab-0f97-42dc-ad84-c26156367a7b", "Application": "Crud.Api"}
[06:34:26 DBG] Invalidating cache for entity: windows/f1e9faab-0f97-42dc-ad84-c26156367a7b with tags: windows, windows:f1e9faab-0f97-42dc-ad84-c26156367a7b {"SourceContext": "Api.Services.OutputCacheInvalidationService", "ActionId": "0c64db60-5081-44bc-8d0e-214d5ae740ad", "ActionName": "Api.Controllers.WindowsController.Update (Api)", "RequestId": "0HNFGVK4NGD0T", "RequestPath": "/api/windows/f1e9faab-0f97-42dc-ad84-c26156367a7b", "Application": "Crud.Api"}
[06:34:26 DBG] Successfully invalidated cache for tag: windows {"SourceContext": "Api.Services.OutputCacheInvalidationService", "ActionId": "0c64db60-5081-44bc-8d0e-214d5ae740ad", "ActionName": "Api.Controllers.WindowsController.Update (Api)", "RequestId": "0HNFGVK4NGD0T", "RequestPath": "/api/windows/f1e9faab-0f97-42dc-ad84-c26156367a7b", "Application": "Crud.Api"}
[06:34:26 DBG] Successfully invalidated cache for tag: windows:f1e9faab-0f97-42dc-ad84-c26156367a7b {"SourceContext": "Api.Services.OutputCacheInvalidationService", "ActionId": "0c64db60-5081-44bc-8d0e-214d5ae740ad", "ActionName": "Api.Controllers.WindowsController.Update (Api)", "RequestId": "0HNFGVK4NGD0T", "RequestPath": "/api/windows/f1e9faab-0f97-42dc-ad84-c26156367a7b", "Application": "Crud.Api"}
Activity.TraceId:            99e797c8af32a6386225f8ca296b7425
Activity.SpanId:             6fb78c78596811ad
Activity.TraceFlags:         Recorded
Activity.ActivitySourceName: Microsoft.AspNetCore
Activity.DisplayName:        PUT api/Windows/{id:guid}
Activity.Kind:               Server
Activity.StartTime:          2025-09-11T06:34:26.0995115Z
Activity.Duration:           00:00:00.0133611
Activity.Tags:
    server.address: localhost
    http.request.method: PUT
    url.scheme: http
    url.path: /api/windows/f1e9faab-0f97-42dc-ad84-c26156367a7b
    network.protocol.version: 1.1
    http.route: api/Windows/{id:guid}
    http.response.status_code: 204
Resource associated with Activity:
    deployment.environment: Testing
    service.name: Crud.Api
    service.version: 1.0.0
    service.instance.id: 10e2e254-224c-48e1-a2d2-8bbb5483cf26
    telemetry.sdk.name: opentelemetry
    telemetry.sdk.language: dotnet
    telemetry.sdk.version: 1.8.1
[06:34:26 INF] User registered successfully: e392e0d0-f088-4cd4-972e-95e8499246a9 {"SourceContext": "App.Features.Authentication.RegisterUserCommandHandler", "ActionId": "6843bbed-0333-479b-88d5-68534d3992a0", "ActionName": "Api.Controllers.AuthController.Register (Api)", "RequestId": "0HNFGVK4NGD0U", "RequestPath": "/api/auth/register", "Application": "Crud.Api"}
Activity.TraceId:            b006bc0006eb807eac657ec9fb5f2782
Activity.SpanId:             39b5cfc2e1b8905c
Activity.TraceFlags:         Recorded
Activity.ActivitySourceName: Microsoft.AspNetCore
Activity.DisplayName:        POST api/Auth/register
Activity.Kind:               Server
Activity.StartTime:          2025-09-11T06:34:26.1131156Z
Activity.Duration:           00:00:00.2976962
Activity.Tags:
    server.address: localhost
    http.request.method: POST
    url.scheme: http
    url.path: /api/auth/register
    network.protocol.version: 1.1
    http.route: api/Auth/register
    http.response.status_code: 200
Resource associated with Activity:
    deployment.environment: Testing
    service.name: Crud.Api
    service.version: 1.0.0
    service.instance.id: 10e2e254-224c-48e1-a2d2-8bbb5483cf26
    telemetry.sdk.name: opentelemetry
    telemetry.sdk.language: dotnet
    telemetry.sdk.version: 1.8.1
[06:34:26 DBG] Cache miss for key: entity:window:f1e9faab0f9742dcad84c26156367a7b {"SourceContext": "Infrastructure.Services.Caching.InMemoryCacheService", "ActionId": "d0343eb1-f046-4d14-9418-378a51cc5a4d", "ActionName": "Api.Controllers.WindowsController.Get (Api)", "RequestId": "0HNFGVK4NGD0V", "RequestPath": "/api/windows/f1e9faab-0f97-42dc-ad84-c26156367a7b", "Application": "Crud.Api"}
[06:34:26 DBG] Set cache value for key: entity:window:f1e9faab0f9742dcad84c26156367a7b {"SourceContext": "Infrastructure.Services.Caching.InMemoryCacheService", "ActionId": "d0343eb1-f046-4d14-9418-378a51cc5a4d", "ActionName": "Api.Controllers.WindowsController.Get (Api)", "RequestId": "0HNFGVK4NGD0V", "RequestPath": "/api/windows/f1e9faab-0f97-42dc-ad84-c26156367a7b", "Application": "Crud.Api"}
Activity.TraceId:            1cbfa933154a600273d1c33ebbc2b683
Activity.SpanId:             7fcdbb8a072f2940
Activity.TraceFlags:         Recorded
Activity.ActivitySourceName: Microsoft.AspNetCore
Activity.DisplayName:        GET api/Windows/{id:guid}
Activity.Kind:               Server
Activity.StartTime:          2025-09-11T06:34:26.4110009Z
Activity.Duration:           00:00:00.0032499
Activity.Tags:
    server.address: localhost
    http.request.method: GET
    url.scheme: http
    url.path: /api/windows/f1e9faab-0f97-42dc-ad84-c26156367a7b
    network.protocol.version: 1.1
    http.route: api/Windows/{id:guid}
    http.response.status_code: 200
Resource associated with Activity:
    deployment.environment: Testing
    service.name: Crud.Api
    service.version: 1.0.0
    service.instance.id: 10e2e254-224c-48e1-a2d2-8bbb5483cf26
    telemetry.sdk.name: opentelemetry
    telemetry.sdk.language: dotnet
    telemetry.sdk.version: 1.8.1
[06:34:26 INF] User registered successfully: 1b71849d-173a-4f21-810a-c36cdd2e0c2b {"SourceContext": "App.Features.Authentication.RegisterUserCommandHandler", "ActionId": "6843bbed-0333-479b-88d5-68534d3992a0", "ActionName": "Api.Controllers.AuthController.Register (Api)", "RequestId": "0HNFGVK4NGD10", "RequestPath": "/api/auth/register", "Application": "Crud.Api"}
Activity.TraceId:            19b709b8d2154f2175e5900ee045fb8e
Activity.SpanId:             0c3cea9019bc688a
Activity.TraceFlags:         Recorded
Activity.ActivitySourceName: Microsoft.AspNetCore
Activity.DisplayName:        POST api/Auth/register
Activity.Kind:               Server
Activity.StartTime:          2025-09-11T06:34:26.4166856Z
Activity.Duration:           00:00:00.2971064
Activity.Tags:
    server.address: localhost
    http.request.method: POST
    url.scheme: http
    url.path: /api/auth/register
    network.protocol.version: 1.1
    http.route: api/Auth/register
    http.response.status_code: 200
Resource associated with Activity:
    deployment.environment: Testing
    service.name: Crud.Api
    service.version: 1.0.0
    service.instance.id: 10e2e254-224c-48e1-a2d2-8bbb5483cf26
    telemetry.sdk.name: opentelemetry
    telemetry.sdk.language: dotnet
    telemetry.sdk.version: 1.8.1
[06:34:27 INF] User logged in successfully: 1b71849d-173a-4f21-810a-c36cdd2e0c2b {"SourceContext": "App.Features.Authentication.LoginCommandHandler", "ActionId": "bcbcb957-798b-4450-9b00-39fd3e2c0213", "ActionName": "Api.Controllers.AuthController.Login (Api)", "RequestId": "0HNFGVK4NGD11", "RequestPath": "/api/auth/login", "Application": "Crud.Api"}
Activity.TraceId:            6d73695d78830f0005df255a67b480e1
Activity.SpanId:             b2687c8aca8b1c72
Activity.TraceFlags:         Recorded
Activity.ActivitySourceName: Microsoft.AspNetCore
Activity.DisplayName:        POST api/Auth/login
Activity.Kind:               Server
Activity.StartTime:          2025-09-11T06:34:26.7153740Z
Activity.Duration:           00:00:00.2962116
Activity.Tags:
    server.address: localhost
    http.request.method: POST
    url.scheme: http
    url.path: /api/auth/login
    network.protocol.version: 1.1
    http.route: api/Auth/login
    http.response.status_code: 200
Resource associated with Activity:
    deployment.environment: Testing
    service.name: Crud.Api
    service.version: 1.0.0
    service.instance.id: 10e2e254-224c-48e1-a2d2-8bbb5483cf26
    telemetry.sdk.name: opentelemetry
    telemetry.sdk.language: dotnet
    telemetry.sdk.version: 1.8.1
[06:34:27 DBG] Removed cache value for key: entity:window:af187f733a9248438ba5ee6ff414c8eb {"SourceContext": "Infrastructure.Services.Caching.InMemoryCacheService", "ActionId": "4e05ffc7-1445-4a67-951b-6e92a0712622", "ActionName": "Api.Controllers.WindowsController.Create (Api)", "RequestId": "0HNFGVK4NGD12", "RequestPath": "/api/windows", "Application": "Crud.Api"}
[06:34:27 DBG] Removed cache value for key: list:window {"SourceContext": "Infrastructure.Services.Caching.InMemoryCacheService", "ActionId": "4e05ffc7-1445-4a67-951b-6e92a0712622", "ActionName": "Api.Controllers.WindowsController.Create (Api)", "RequestId": "0HNFGVK4NGD12", "RequestPath": "/api/windows", "Application": "Crud.Api"}
[06:34:27 DBG] Invalidating cache for entity type: windows with tag: windows {"SourceContext": "Api.Services.OutputCacheInvalidationService", "ActionId": "4e05ffc7-1445-4a67-951b-6e92a0712622", "ActionName": "Api.Controllers.WindowsController.Create (Api)", "RequestId": "0HNFGVK4NGD12", "RequestPath": "/api/windows", "Application": "Crud.Api"}
[06:34:27 INF] Successfully invalidated cache for entity type: windows {"SourceContext": "Api.Services.OutputCacheInvalidationService", "ActionId": "4e05ffc7-1445-4a67-951b-6e92a0712622", "ActionName": "Api.Controllers.WindowsController.Create (Api)", "RequestId": "0HNFGVK4NGD12", "RequestPath": "/api/windows", "Application": "Crud.Api"}
Activity.TraceId:            53f8576693e3cda1b9a972103ffac00e
Activity.SpanId:             80cfdfc90a22c0f9
Activity.TraceFlags:         Recorded
Activity.ActivitySourceName: Microsoft.AspNetCore
Activity.DisplayName:        POST api/Windows
Activity.Kind:               Server
Activity.StartTime:          2025-09-11T06:34:27.0124247Z
Activity.Duration:           00:00:00.0021601
Activity.Tags:
    server.address: localhost
    http.request.method: POST
    url.scheme: http
    url.path: /api/windows
    network.protocol.version: 1.1
    http.route: api/Windows
    http.response.status_code: 201
Resource associated with Activity:
    deployment.environment: Testing
    service.name: Crud.Api
    service.version: 1.0.0
    service.instance.id: 10e2e254-224c-48e1-a2d2-8bbb5483cf26
    telemetry.sdk.name: opentelemetry
    telemetry.sdk.language: dotnet
    telemetry.sdk.version: 1.8.1
[06:34:27 INF] User registered successfully: 0997b22d-3ff8-4756-b1ba-79225820a926 {"SourceContext": "App.Features.Authentication.RegisterUserCommandHandler", "ActionId": "6843bbed-0333-479b-88d5-68534d3992a0", "ActionName": "Api.Controllers.AuthController.Register (Api)", "RequestId": "0HNFGVK4NGD13", "RequestPath": "/api/auth/register", "Application": "Crud.Api"}
Activity.TraceId:            03395b8027fabbc5e4f76bc9fad8cc24
Activity.SpanId:             9906124ee9e1bae3
Activity.TraceFlags:         Recorded
Activity.ActivitySourceName: Microsoft.AspNetCore
Activity.DisplayName:        POST api/Auth/register
Activity.Kind:               Server
Activity.StartTime:          2025-09-11T06:34:27.0152843Z
Activity.Duration:           00:00:00.2979958
Activity.Tags:
    server.address: localhost
    http.request.method: POST
    url.scheme: http
    url.path: /api/auth/register
    network.protocol.version: 1.1
    http.route: api/Auth/register
    http.response.status_code: 200
Resource associated with Activity:
    deployment.environment: Testing
    service.name: Crud.Api
    service.version: 1.0.0
    service.instance.id: 10e2e254-224c-48e1-a2d2-8bbb5483cf26
    telemetry.sdk.name: opentelemetry
    telemetry.sdk.language: dotnet
    telemetry.sdk.version: 1.8.1
[06:34:27 DBG] Cache miss for key: entity:window:af187f733a9248438ba5ee6ff414c8eb {"SourceContext": "Infrastructure.Services.Caching.InMemoryCacheService", "ActionId": "d0343eb1-f046-4d14-9418-378a51cc5a4d", "ActionName": "Api.Controllers.WindowsController.Get (Api)", "RequestId": "0HNFGVK4NGD14", "RequestPath": "/api/windows/af187f73-3a92-4843-8ba5-ee6ff414c8eb", "Application": "Crud.Api"}
[06:34:27 DBG] Set cache value for key: entity:window:af187f733a9248438ba5ee6ff414c8eb {"SourceContext": "Infrastructure.Services.Caching.InMemoryCacheService", "ActionId": "d0343eb1-f046-4d14-9418-378a51cc5a4d", "ActionName": "Api.Controllers.WindowsController.Get (Api)", "RequestId": "0HNFGVK4NGD14", "RequestPath": "/api/windows/af187f73-3a92-4843-8ba5-ee6ff414c8eb", "Application": "Crud.Api"}
Activity.TraceId:            6400ebfb1b38bf94f410e5bcc0104caa
Activity.SpanId:             96e7c15836e0f2d5
Activity.TraceFlags:         Recorded
Activity.ActivitySourceName: Microsoft.AspNetCore
Activity.DisplayName:        GET api/Windows/{id:guid}
Activity.Kind:               Server
Activity.StartTime:          2025-09-11T06:34:27.3134259Z
Activity.Duration:           00:00:00.0029950
Activity.Tags:
    server.address: localhost
    http.request.method: GET
    url.scheme: http
    url.path: /api/windows/af187f73-3a92-4843-8ba5-ee6ff414c8eb
    network.protocol.version: 1.1
    http.route: api/Windows/{id:guid}
    http.response.status_code: 200
Resource associated with Activity:
    deployment.environment: Testing
    service.name: Crud.Api
    service.version: 1.0.0
    service.instance.id: 10e2e254-224c-48e1-a2d2-8bbb5483cf26
    telemetry.sdk.name: opentelemetry
    telemetry.sdk.language: dotnet
    telemetry.sdk.version: 1.8.1
[06:34:27 INF] User registered successfully: 330ba378-48b9-4d3c-9706-c468880b782f {"SourceContext": "App.Features.Authentication.RegisterUserCommandHandler", "ActionId": "6843bbed-0333-479b-88d5-68534d3992a0", "ActionName": "Api.Controllers.AuthController.Register (Api)", "RequestId": "0HNFGVK4NGD15", "RequestPath": "/api/auth/register", "Application": "Crud.Api"}
Activity.TraceId:            4810fe67a61f14ce9d9a16bc40dcc6df
Activity.SpanId:             95c212b520a5ba25
Activity.TraceFlags:         Recorded
Activity.ActivitySourceName: Microsoft.AspNetCore
Activity.DisplayName:        POST api/Auth/register
Activity.Kind:               Server
Activity.StartTime:          2025-09-11T06:34:27.3184092Z
Activity.Duration:           00:00:00.2961048
Activity.Tags:
    server.address: localhost
    http.request.method: POST
    url.scheme: http
    url.path: /api/auth/register
    network.protocol.version: 1.1
    http.route: api/Auth/register
    http.response.status_code: 200
Resource associated with Activity:
    deployment.environment: Testing
    service.name: Crud.Api
    service.version: 1.0.0
    service.instance.id: 10e2e254-224c-48e1-a2d2-8bbb5483cf26
    telemetry.sdk.name: opentelemetry
    telemetry.sdk.language: dotnet
    telemetry.sdk.version: 1.8.1
[06:34:27 DBG] Cache miss for key: entity:window:b8b2d64500a347e7b909cb13f329cc49 {"SourceContext": "Infrastructure.Services.Caching.InMemoryCacheService", "ActionId": "d0343eb1-f046-4d14-9418-378a51cc5a4d", "ActionName": "Api.Controllers.WindowsController.Get (Api)", "RequestId": "0HNFGVK4NGD16", "RequestPath": "/api/windows/b8b2d645-00a3-47e7-b909-cb13f329cc49", "Application": "Crud.Api"}
Activity.TraceId:            a8eb0620b4f3a073364952bbed0750ef
Activity.SpanId:             2a5fb221ca0d4a86
Activity.TraceFlags:         Recorded
Activity.ActivitySourceName: Microsoft.AspNetCore
Activity.DisplayName:        GET api/Windows/{id:guid}
Activity.Kind:               Server
Activity.StartTime:          2025-09-11T06:34:27.6158756Z
Activity.Duration:           00:00:00.0011876
Activity.Tags:
    server.address: localhost
    http.request.method: GET
    url.scheme: http
    url.path: /api/windows/b8b2d645-00a3-47e7-b909-cb13f329cc49
    network.protocol.version: 1.1
    http.route: api/Windows/{id:guid}
    http.response.status_code: 404
Resource associated with Activity:
    deployment.environment: Testing
    service.name: Crud.Api
    service.version: 1.0.0
    service.instance.id: 10e2e254-224c-48e1-a2d2-8bbb5483cf26
    telemetry.sdk.name: opentelemetry
    telemetry.sdk.language: dotnet
    telemetry.sdk.version: 1.8.1
[06:34:27 INF] User registered successfully: 9f131c71-db2b-43a7-9974-e0315e73960f {"SourceContext": "App.Features.Authentication.RegisterUserCommandHandler", "ActionId": "6843bbed-0333-479b-88d5-68534d3992a0", "ActionName": "Api.Controllers.AuthController.Register (Api)", "RequestId": "0HNFGVK4NGD17", "RequestPath": "/api/auth/register", "Application": "Crud.Api"}
Activity.TraceId:            9cf5d8491ea271f103a6497c87a404e3
Activity.SpanId:             f19c5f5c12707e62
Activity.TraceFlags:         Recorded
Activity.ActivitySourceName: Microsoft.AspNetCore
Activity.DisplayName:        POST api/Auth/register
Activity.Kind:               Server
Activity.StartTime:          2025-09-11T06:34:27.6195460Z
Activity.Duration:           00:00:00.2960018
Activity.Tags:
    server.address: localhost
    http.request.method: POST
    url.scheme: http
    url.path: /api/auth/register
    network.protocol.version: 1.1
    http.route: api/Auth/register
    http.response.status_code: 200
Resource associated with Activity:
    deployment.environment: Testing
    service.name: Crud.Api
    service.version: 1.0.0
    service.instance.id: 10e2e254-224c-48e1-a2d2-8bbb5483cf26
    telemetry.sdk.name: opentelemetry
    telemetry.sdk.language: dotnet
    telemetry.sdk.version: 1.8.1
[06:34:28 INF] User logged in successfully: 9f131c71-db2b-43a7-9974-e0315e73960f {"SourceContext": "App.Features.Authentication.LoginCommandHandler", "ActionId": "bcbcb957-798b-4450-9b00-39fd3e2c0213", "ActionName": "Api.Controllers.AuthController.Login (Api)", "RequestId": "0HNFGVK4NGD18", "RequestPath": "/api/auth/login", "Application": "Crud.Api"}
Activity.TraceId:            439eaaa5dcb56f2ebe550aa23eb2f305
Activity.SpanId:             f185674472b4f4aa
Activity.TraceFlags:         Recorded
Activity.ActivitySourceName: Microsoft.AspNetCore
Activity.DisplayName:        POST api/Auth/login
Activity.Kind:               Server
Activity.StartTime:          2025-09-11T06:34:27.9171658Z
Activity.Duration:           00:00:00.2963351
Activity.Tags:
    server.address: localhost
    http.request.method: POST
    url.scheme: http
    url.path: /api/auth/login
    network.protocol.version: 1.1
    http.route: api/Auth/login
    http.response.status_code: 200
Resource associated with Activity:
    deployment.environment: Testing
    service.name: Crud.Api
    service.version: 1.0.0
    service.instance.id: 10e2e254-224c-48e1-a2d2-8bbb5483cf26
    telemetry.sdk.name: opentelemetry
    telemetry.sdk.language: dotnet
    telemetry.sdk.version: 1.8.1
[06:34:28 DBG] Removed cache value for key: entity:window:28133b8e908a4782a5ee02292e8560ff {"SourceContext": "Infrastructure.Services.Caching.InMemoryCacheService", "ActionId": "4e05ffc7-1445-4a67-951b-6e92a0712622", "ActionName": "Api.Controllers.WindowsController.Create (Api)", "RequestId": "0HNFGVK4NGD19", "RequestPath": "/api/windows", "Application": "Crud.Api"}
[06:34:28 DBG] Removed cache value for key: list:window {"SourceContext": "Infrastructure.Services.Caching.InMemoryCacheService", "ActionId": "4e05ffc7-1445-4a67-951b-6e92a0712622", "ActionName": "Api.Controllers.WindowsController.Create (Api)", "RequestId": "0HNFGVK4NGD19", "RequestPath": "/api/windows", "Application": "Crud.Api"}
[06:34:28 DBG] Invalidating cache for entity type: windows with tag: windows {"SourceContext": "Api.Services.OutputCacheInvalidationService", "ActionId": "4e05ffc7-1445-4a67-951b-6e92a0712622", "ActionName": "Api.Controllers.WindowsController.Create (Api)", "RequestId": "0HNFGVK4NGD19", "RequestPath": "/api/windows", "Application": "Crud.Api"}
[06:34:28 INF] Successfully invalidated cache for entity type: windows {"SourceContext": "Api.Services.OutputCacheInvalidationService", "ActionId": "4e05ffc7-1445-4a67-951b-6e92a0712622", "ActionName": "Api.Controllers.WindowsController.Create (Api)", "RequestId": "0HNFGVK4NGD19", "RequestPath": "/api/windows", "Application": "Crud.Api"}
Activity.TraceId:            b905641c5790ccd86c7a6de59033fbae
Activity.SpanId:             d90f9f3b5e7f40ff
Activity.TraceFlags:         Recorded
Activity.ActivitySourceName: Microsoft.AspNetCore
Activity.DisplayName:        POST api/Windows
Activity.Kind:               Server
Activity.StartTime:          2025-09-11T06:34:28.2144465Z
Activity.Duration:           00:00:00.0026027
Activity.Tags:
    server.address: localhost
    http.request.method: POST
    url.scheme: http
    url.path: /api/windows
    network.protocol.version: 1.1
    http.route: api/Windows
    http.response.status_code: 201
Resource associated with Activity:
    deployment.environment: Testing
    service.name: Crud.Api
    service.version: 1.0.0
    service.instance.id: 10e2e254-224c-48e1-a2d2-8bbb5483cf26
    telemetry.sdk.name: opentelemetry
    telemetry.sdk.language: dotnet
    telemetry.sdk.version: 1.8.1
[06:34:28 INF] User registered successfully: 9e895b4c-d8e5-4698-97ec-5bdf5001f971 {"SourceContext": "App.Features.Authentication.RegisterUserCommandHandler", "ActionId": "6843bbed-0333-479b-88d5-68534d3992a0", "ActionName": "Api.Controllers.AuthController.Register (Api)", "RequestId": "0HNFGVK4NGD1A", "RequestPath": "/api/auth/register", "Application": "Crud.Api"}
Activity.TraceId:            cfa54ba0a0bd8c3f66c2aca45e2b5dae
Activity.SpanId:             94428fe5d0cb7331
Activity.TraceFlags:         Recorded
Activity.ActivitySourceName: Microsoft.AspNetCore
Activity.DisplayName:        POST api/Auth/register
Activity.Kind:               Server
Activity.StartTime:          2025-09-11T06:34:28.2179081Z
Activity.Duration:           00:00:00.3008997
Activity.Tags:
    server.address: localhost
    http.request.method: POST
    url.scheme: http
    url.path: /api/auth/register
    network.protocol.version: 1.1
    http.route: api/Auth/register
    http.response.status_code: 200
Resource associated with Activity:
    deployment.environment: Testing
    service.name: Crud.Api
    service.version: 1.0.0
    service.instance.id: 10e2e254-224c-48e1-a2d2-8bbb5483cf26
    telemetry.sdk.name: opentelemetry
    telemetry.sdk.language: dotnet
    telemetry.sdk.version: 1.8.1
[06:34:28 INF] User logged in successfully: 9e895b4c-d8e5-4698-97ec-5bdf5001f971 {"SourceContext": "App.Features.Authentication.LoginCommandHandler", "ActionId": "bcbcb957-798b-4450-9b00-39fd3e2c0213", "ActionName": "Api.Controllers.AuthController.Login (Api)", "RequestId": "0HNFGVK4NGD1B", "RequestPath": "/api/auth/login", "Application": "Crud.Api"}
Activity.TraceId:            6fb9515b96974f7c111110648defd1dd
Activity.SpanId:             e784ef96224d8dc0
Activity.TraceFlags:         Recorded
Activity.ActivitySourceName: Microsoft.AspNetCore
Activity.DisplayName:        POST api/Auth/login
Activity.Kind:               Server
Activity.StartTime:          2025-09-11T06:34:28.5199602Z
Activity.Duration:           00:00:00.2960844
Activity.Tags:
    server.address: localhost
    http.request.method: POST
    url.scheme: http
    url.path: /api/auth/login
    network.protocol.version: 1.1
    http.route: api/Auth/login
    http.response.status_code: 200
Resource associated with Activity:
    deployment.environment: Testing
    service.name: Crud.Api
    service.version: 1.0.0
    service.instance.id: 10e2e254-224c-48e1-a2d2-8bbb5483cf26
    telemetry.sdk.name: opentelemetry
    telemetry.sdk.language: dotnet
    telemetry.sdk.version: 1.8.1
[06:34:28 DBG] Removed cache value for key: entity:window:283afcdcf0734cdbbc67a4718d80086e {"SourceContext": "Infrastructure.Services.Caching.InMemoryCacheService", "ActionId": "4e05ffc7-1445-4a67-951b-6e92a0712622", "ActionName": "Api.Controllers.WindowsController.Create (Api)", "RequestId": "0HNFGVK4NGD1C", "RequestPath": "/api/windows", "Application": "Crud.Api"}
[06:34:28 DBG] Removed cache value for key: list:window {"SourceContext": "Infrastructure.Services.Caching.InMemoryCacheService", "ActionId": "4e05ffc7-1445-4a67-951b-6e92a0712622", "ActionName": "Api.Controllers.WindowsController.Create (Api)", "RequestId": "0HNFGVK4NGD1C", "RequestPath": "/api/windows", "Application": "Crud.Api"}
[06:34:28 DBG] Invalidating cache for entity type: windows with tag: windows {"SourceContext": "Api.Services.OutputCacheInvalidationService", "ActionId": "4e05ffc7-1445-4a67-951b-6e92a0712622", "ActionName": "Api.Controllers.WindowsController.Create (Api)", "RequestId": "0HNFGVK4NGD1C", "RequestPath": "/api/windows", "Application": "Crud.Api"}
[06:34:28 INF] Successfully invalidated cache for entity type: windows {"SourceContext": "Api.Services.OutputCacheInvalidationService", "ActionId": "4e05ffc7-1445-4a67-951b-6e92a0712622", "ActionName": "Api.Controllers.WindowsController.Create (Api)", "RequestId": "0HNFGVK4NGD1C", "RequestPath": "/api/windows", "Application": "Crud.Api"}
Activity.TraceId:            9dfe544399a30b575194ab5bfef91d3d
Activity.SpanId:             75ecaf6e0c74daa6
Activity.TraceFlags:         Recorded
Activity.ActivitySourceName: Microsoft.AspNetCore
Activity.DisplayName:        POST api/Windows
Activity.Kind:               Server
Activity.StartTime:          2025-09-11T06:34:28.8163028Z
Activity.Duration:           00:00:00.0019486
Activity.Tags:
    server.address: localhost
    http.request.method: POST
    url.scheme: http
    url.path: /api/windows
    network.protocol.version: 1.1
    http.route: api/Windows
    http.response.status_code: 201
Resource associated with Activity:
    deployment.environment: Testing
    service.name: Crud.Api
    service.version: 1.0.0
    service.instance.id: 10e2e254-224c-48e1-a2d2-8bbb5483cf26
    telemetry.sdk.name: opentelemetry
    telemetry.sdk.language: dotnet
    telemetry.sdk.version: 1.8.1
[06:34:29 INF] User registered successfully: 0608cadc-0794-4968-a3e8-e129cf810297 {"SourceContext": "App.Features.Authentication.RegisterUserCommandHandler", "ActionId": "6843bbed-0333-479b-88d5-68534d3992a0", "ActionName": "Api.Controllers.AuthController.Register (Api)", "RequestId": "0HNFGVK4NGD1D", "RequestPath": "/api/auth/register", "Application": "Crud.Api"}
Activity.TraceId:            42b420e30f83a4b8b53ebd634f506274
Activity.SpanId:             9e97cb9eee168984
Activity.TraceFlags:         Recorded
Activity.ActivitySourceName: Microsoft.AspNetCore
Activity.DisplayName:        POST api/Auth/register
Activity.Kind:               Server
Activity.StartTime:          2025-09-11T06:34:28.8204907Z
Activity.Duration:           00:00:00.2971154
Activity.Tags:
    server.address: localhost
    http.request.method: POST
    url.scheme: http
    url.path: /api/auth/register
    network.protocol.version: 1.1
    http.route: api/Auth/register
    http.response.status_code: 200
Resource associated with Activity:
    deployment.environment: Testing
    service.name: Crud.Api
    service.version: 1.0.0
    service.instance.id: 10e2e254-224c-48e1-a2d2-8bbb5483cf26
    telemetry.sdk.name: opentelemetry
    telemetry.sdk.language: dotnet
    telemetry.sdk.version: 1.8.1
[06:34:29 INF] User logged in successfully: 0608cadc-0794-4968-a3e8-e129cf810297 {"SourceContext": "App.Features.Authentication.LoginCommandHandler", "ActionId": "bcbcb957-798b-4450-9b00-39fd3e2c0213", "ActionName": "Api.Controllers.AuthController.Login (Api)", "RequestId": "0HNFGVK4NGD1E", "RequestPath": "/api/auth/login", "Application": "Crud.Api"}
Resource associated with Metric:
    deployment.environment: Testing
    service.name: Crud.Api
    service.version: 1.0.0
    service.instance.id: 10e2e254-224c-48e1-a2d2-8bbb5483cf26
    telemetry.sdk.name: opentelemetry
    telemetry.sdk.language: dotnet
    telemetry.sdk.version: 1.8.1
Metric Name: http.server.active_requests, Number of active HTTP server requests., Unit: {request}, Meter: Microsoft.AspNetCore.Hosting
(2025-09-11T06:34:19.4153945Z, 2025-09-11T06:34:29.4154473Z] http.request.method: POST url.scheme: http LongSumNonMonotonic
Value: 1
(2025-09-11T06:34:19.4153945Z, 2025-09-11T06:34:29.4154473Z] http.request.method: DELETE url.scheme: http LongSumNonMonotonic
Value: 0
(2025-09-11T06:34:19.4153945Z, 2025-09-11T06:34:29.4154473Z] http.request.method: GET url.scheme: http LongSumNonMonotonic
Value: 0
Activity.TraceId:            4e9e2580e0d423349de58630752b0d76
Activity.SpanId:             6719e64b4c3af8c8
(2025-09-11T06:34:19.4153945Z, 2025-09-11T06:34:29.4154473Z] http.request.method: PUT url.scheme: http LongSumNonMonotonic
Value: 0
Activity.TraceFlags:         Recorded
Metric Name: http.server.request.duration, Duration of HTTP server requests., Unit: s, Meter: Microsoft.AspNetCore.Hosting
Activity.ActivitySourceName: Microsoft.AspNetCore
Activity.DisplayName:        POST api/Auth/login
Activity.Kind:               Server
Activity.StartTime:          2025-09-11T06:34:29.1193378Z
Activity.Duration:           00:00:00.2962116
Activity.Tags:
    server.address: localhost
    http.request.method: POST
    url.scheme: http
    url.path: /api/auth/login
    network.protocol.version: 1.1
    http.route: api/Auth/login
    http.response.status_code: 200
Resource associated with Activity:
    deployment.environment: Testing
    service.name: Crud.Api
    service.version: 1.0.0
(2025-09-11T06:34:19.4154142Z, 2025-09-11T06:34:29.4154524Z] http.request.method: POST http.response.status_code: 200 http.route: api/Auth/register network.protocol.version: 1.1 url.scheme: http Histogram
Value: Sum: 5.655414800000002 Count: 19 Min: 0.2956135 Max: 0.3044892 
(-Infinity,0.005]:0
(0.005,0.01]:0
(0.01,0.025]:0
(0.025,0.05]:0
(0.05,0.075]:0
(0.075,0.1]:0
(0.1,0.25]:0
(0.25,0.5]:19
(0.5,0.75]:0
(0.75,1]:0
(1,2.5]:0
(2.5,5]:0
(5,7.5]:0
(7.5,10]:0
(10,+Infinity]:0
    service.instance.id: 10e2e254-224c-48e1-a2d2-8bbb5483cf26
    telemetry.sdk.name: opentelemetry
    telemetry.sdk.language: dotnet
    telemetry.sdk.version: 1.8.1
(2025-09-11T06:34:19.4154142Z, 2025-09-11T06:34:29.4154524Z] http.request.method: POST http.response.status_code: 200 http.route: api/Auth/login network.protocol.version: 1.1 url.scheme: http Histogram
Value: Sum: 3.8691772999999996 Count: 13 Min: 0.2957431 Max: 0.3018167 
(-Infinity,0.005]:0
(0.005,0.01]:0
(0.01,0.025]:0
(0.025,0.05]:0
(0.05,0.075]:0
(0.075,0.1]:0
(0.1,0.25]:0
(0.25,0.5]:13
(0.5,0.75]:0
(0.75,1]:0
(1,2.5]:0
(2.5,5]:0
(5,7.5]:0
(7.5,10]:0
(10,+Infinity]:0
(2025-09-11T06:34:19.4154142Z, 2025-09-11T06:34:29.4154524Z] http.request.method: POST http.response.status_code: 400 http.route: api/Windows network.protocol.version: 1.1 url.scheme: http Histogram
Value: Sum: 0.015158699999999999 Count: 2 Min: 0.0005822 Max: 0.0145765 
(-Infinity,0.005]:1
(0.005,0.01]:0
(0.01,0.025]:1
(0.025,0.05]:0
(0.05,0.075]:0
(0.075,0.1]:0
(0.1,0.25]:0
(0.25,0.5]:0
(0.5,0.75]:0
(0.75,1]:0
(1,2.5]:0
(2.5,5]:0
(5,7.5]:0
(7.5,10]:0
(10,+Infinity]:0
(2025-09-11T06:34:19.4154142Z, 2025-09-11T06:34:29.4154524Z] http.request.method: POST http.response.status_code: 201 http.route: api/Windows network.protocol.version: 1.1 url.scheme: http Histogram
Value: Sum: 0.0345375 Count: 9 Min: 0.0019056 Max: 0.011539 
(-Infinity,0.005]:7
(0.005,0.01]:1
(0.01,0.025]:1
(0.025,0.05]:0
(0.05,0.075]:0
(0.075,0.1]:0
(0.1,0.25]:0
(0.25,0.5]:0
(0.5,0.75]:0
(0.75,1]:0
(1,2.5]:0
(2.5,5]:0
(5,7.5]:0
(7.5,10]:0
(10,+Infinity]:0
(2025-09-11T06:34:19.4154142Z, 2025-09-11T06:34:29.4154524Z] http.request.method: DELETE http.response.status_code: 204 http.route: api/Windows/{id:guid} network.protocol.version: 1.1 url.scheme: http Histogram
Value: Sum: 0.0115473 Count: 1 Min: 0.0115473 Max: 0.0115473 
(-Infinity,0.005]:0
(0.005,0.01]:0
(0.01,0.025]:1
(0.025,0.05]:0
(0.05,0.075]:0
(0.075,0.1]:0
(0.1,0.25]:0
(0.25,0.5]:0
(0.5,0.75]:0
(0.75,1]:0
(1,2.5]:0
(2.5,5]:0
(5,7.5]:0
(7.5,10]:0
(10,+Infinity]:0
(2025-09-11T06:34:19.4154142Z, 2025-09-11T06:34:29.4154524Z] http.request.method: GET http.response.status_code: 404 http.route: api/Windows/{id:guid} network.protocol.version: 1.1 url.scheme: http Histogram
Value: Sum: 0.0111963 Count: 2 Min: 0.0011874 Max: 0.0100089 
(-Infinity,0.005]:1
(0.005,0.01]:0
(0.01,0.025]:1
(0.025,0.05]:0
(0.05,0.075]:0
(0.075,0.1]:0
(0.1,0.25]:0
(0.25,0.5]:0
(0.5,0.75]:0
(0.75,1]:0
(1,2.5]:0
(2.5,5]:0
(5,7.5]:0
(7.5,10]:0
(10,+Infinity]:0
(2025-09-11T06:34:19.4154142Z, 2025-09-11T06:34:29.4154524Z] http.request.method: GET http.response.status_code: 200 http.route: api/Windows network.protocol.version: 1.1 url.scheme: http Histogram
Value: Sum: 0.0095893 Count: 1 Min: 0.0095893 Max: 0.0095893 
(-Infinity,0.005]:0
(0.005,0.01]:1
(0.01,0.025]:0
(0.025,0.05]:0
(0.05,0.075]:0
(0.075,0.1]:0
(0.1,0.25]:0
(0.25,0.5]:0
(0.5,0.75]:0
(0.75,1]:0
(1,2.5]:0
(2.5,5]:0
(5,7.5]:0
(7.5,10]:0
(10,+Infinity]:0
(2025-09-11T06:34:19.4154142Z, 2025-09-11T06:34:29.4154524Z] http.request.method: PUT http.response.status_code: 204 http.route: api/Windows/{id:guid} network.protocol.version: 1.1 url.scheme: http Histogram
Value: Sum: 0.0133536 Count: 1 Min: 0.0133536 Max: 0.0133536 
(-Infinity,0.005]:0
(0.005,0.01]:0
(0.01,0.025]:1
(0.025,0.05]:0
(0.05,0.075]:0
(0.075,0.1]:0
(0.1,0.25]:0
(0.25,0.5]:0
(0.5,0.75]:0
(0.75,1]:0
(1,2.5]:0
(2.5,5]:0
(5,7.5]:0
(7.5,10]:0
(10,+Infinity]:0
(2025-09-11T06:34:19.4154142Z, 2025-09-11T06:34:29.4154524Z] http.request.method: GET http.response.status_code: 200 http.route: api/Windows/{id:guid} network.protocol.version: 1.1 url.scheme: http Histogram
Value: Sum: 0.0062573 Count: 2 Min: 0.0029926 Max: 0.0032647 
(-Infinity,0.005]:2
(0.005,0.01]:0
(0.01,0.025]:0
(0.025,0.05]:0
(0.05,0.075]:0
(0.075,0.1]:0
(0.1,0.25]:0
(0.25,0.5]:0
(0.5,0.75]:0
(0.75,1]:0
(1,2.5]:0
(2.5,5]:0
(5,7.5]:0
(7.5,10]:0
(10,+Infinity]:0
Metric Name: aspnetcore.rate_limiting.active_request_leases, Number of HTTP requests that are currently active on the server that hold a rate limiting lease., Unit: {request}, Meter: Microsoft.AspNetCore.RateLimiting
(2025-09-11T06:34:19.4174718Z, 2025-09-11T06:34:29.4154538Z] LongSumNonMonotonic
Value: 1
Metric Name: aspnetcore.rate_limiting.request_lease.duration, The duration of rate limiting leases held by HTTP requests on the server., Unit: s, Meter: Microsoft.AspNetCore.RateLimiting
(2025-09-11T06:34:19.4174964Z, 2025-09-11T06:34:29.4154550Z] Histogram
Value: Sum: 9.6139046 Count: 50 Min: 0.0004912 Max: 0.3041289 
(-Infinity,0.005]:11
(0.005,0.01]:3
(0.01,0.025]:4
(0.025,0.05]:0
(0.05,0.075]:0
(0.075,0.1]:0
(0.1,0.25]:0
(0.25,0.5]:32
(0.5,0.75]:0
(0.75,1]:0
(1,2.5]:0
(2.5,5]:0
(5,7.5]:0
(7.5,10]:0
(10,+Infinity]:0
Metric Name: aspnetcore.rate_limiting.requests, Number of requests that tried to acquire a rate limiting lease. Requests could be rejected by global or endpoint rate limiting policies. Or the request could be canceled while waiting for the lease., Unit: {request}, Meter: Microsoft.AspNetCore.RateLimiting
(2025-09-11T06:34:19.4175436Z, 2025-09-11T06:34:29.4154572Z] aspnetcore.rate_limiting.result: acquired LongSum
Value: 50
Metric Name: aspnetcore.routing.match_attempts, Number of requests that were attempted to be matched to an endpoint., Unit: {match_attempt}, Meter: Microsoft.AspNetCore.Routing
(2025-09-11T06:34:19.4184014Z, 2025-09-11T06:34:29.4154581Z] aspnetcore.routing.is_fallback: false aspnetcore.routing.match_status: success http.route: api/Auth/register LongSum
Value: 19
(2025-09-11T06:34:19.4184014Z, 2025-09-11T06:34:29.4154581Z] aspnetcore.routing.is_fallback: false aspnetcore.routing.match_status: success http.route: api/Auth/login LongSum
Value: 14
(2025-09-11T06:34:19.4184014Z, 2025-09-11T06:34:29.4154581Z] aspnetcore.routing.is_fallback: false aspnetcore.routing.match_status: success http.route: api/Windows LongSum
Value: 12
(2025-09-11T06:34:19.4184014Z, 2025-09-11T06:34:29.4154581Z] aspnetcore.routing.is_fallback: false aspnetcore.routing.match_status: success http.route: api/Windows/{id:guid} LongSum
Value: 6
[06:34:29 DBG] Removed cache value for key: entity:window:4a6b8eb1fdb84ec5b903fc38320570f2 {"SourceContext": "Infrastructure.Services.Caching.InMemoryCacheService", "ActionId": "4e05ffc7-1445-4a67-951b-6e92a0712622", "ActionName": "Api.Controllers.WindowsController.Create (Api)", "RequestId": "0HNFGVK4NGD1F", "RequestPath": "/api/windows", "Application": "Crud.Api"}
[06:34:29 DBG] Removed cache value for key: list:window {"SourceContext": "Infrastructure.Services.Caching.InMemoryCacheService", "ActionId": "4e05ffc7-1445-4a67-951b-6e92a0712622", "ActionName": "Api.Controllers.WindowsController.Create (Api)", "RequestId": "0HNFGVK4NGD1F", "RequestPath": "/api/windows", "Application": "Crud.Api"}
[06:34:29 DBG] Invalidating cache for entity type: windows with tag: windows {"SourceContext": "Api.Services.OutputCacheInvalidationService", "ActionId": "4e05ffc7-1445-4a67-951b-6e92a0712622", "ActionName": "Api.Controllers.WindowsController.Create (Api)", "RequestId": "0HNFGVK4NGD1F", "RequestPath": "/api/windows", "Application": "Crud.Api"}
[06:34:29 INF] Successfully invalidated cache for entity type: windows {"SourceContext": "Api.Services.OutputCacheInvalidationService", "ActionId": "4e05ffc7-1445-4a67-951b-6e92a0712622", "ActionName": "Api.Controllers.WindowsController.Create (Api)", "RequestId": "0HNFGVK4NGD1F", "RequestPath": "/api/windows", "Application": "Crud.Api"}
Activity.TraceId:            ad3084c9aa6981d9c13e51ee09542f6d
Activity.SpanId:             a3c41e841d32f38b
Activity.TraceFlags:         Recorded
Activity.ActivitySourceName: Microsoft.AspNetCore
Activity.DisplayName:        POST api/Windows
Activity.Kind:               Server
Activity.StartTime:          2025-09-11T06:34:29.4165962Z
Activity.Duration:           00:00:00.0024579
Activity.Tags:
    server.address: localhost
    http.request.method: POST
    url.scheme: http
    url.path: /api/windows
    network.protocol.version: 1.1
    http.route: api/Windows
    http.response.status_code: 201
Resource associated with Activity:
    deployment.environment: Testing
    service.name: Crud.Api
    service.version: 1.0.0
    service.instance.id: 10e2e254-224c-48e1-a2d2-8bbb5483cf26
    telemetry.sdk.name: opentelemetry
    telemetry.sdk.language: dotnet
    telemetry.sdk.version: 1.8.1
[06:34:29 INF] User registered successfully: ec078ba4-c8bb-4571-88e2-20af170f6988 {"SourceContext": "App.Features.Authentication.RegisterUserCommandHandler", "ActionId": "6843bbed-0333-479b-88d5-68534d3992a0", "ActionName": "Api.Controllers.AuthController.Register (Api)", "RequestId": "0HNFGVK4NGD1G", "RequestPath": "/api/auth/register", "Application": "Crud.Api"}
Activity.TraceId:            3757507f4c4da6bfb9388f3e95227681
Activity.SpanId:             7f2975be3bdb3c3c
Activity.TraceFlags:         Recorded
Activity.ActivitySourceName: Microsoft.AspNetCore
Activity.DisplayName:        POST api/Auth/register
Activity.Kind:               Server
Activity.StartTime:          2025-09-11T06:34:29.5244672Z
Activity.Duration:           00:00:00.2965043
Activity.Tags:
    server.address: localhost
    http.request.method: POST
    url.scheme: http
    url.path: /api/auth/register
    network.protocol.version: 1.1
    http.route: api/Auth/register
    http.response.status_code: 200
Resource associated with Activity:
    deployment.environment: Testing
    service.name: Crud.Api
    service.version: 1.0.0
    service.instance.id: 10e2e254-224c-48e1-a2d2-8bbb5483cf26
    telemetry.sdk.name: opentelemetry
    telemetry.sdk.language: dotnet
    telemetry.sdk.version: 1.8.1
[06:34:30 INF] User logged in successfully: ec078ba4-c8bb-4571-88e2-20af170f6988 {"SourceContext": "App.Features.Authentication.LoginCommandHandler", "ActionId": "bcbcb957-798b-4450-9b00-39fd3e2c0213", "ActionName": "Api.Controllers.AuthController.Login (Api)", "RequestId": "0HNFGVK4NGD1H", "RequestPath": "/api/auth/login", "Application": "Crud.Api"}
Activity.TraceId:            8965f785359864d13579958f09527c7d
Activity.SpanId:             9d3a7cce55261aee
Activity.TraceFlags:         Recorded
Activity.ActivitySourceName: Microsoft.AspNetCore
Activity.DisplayName:        POST api/Auth/login
Activity.Kind:               Server
Activity.StartTime:          2025-09-11T06:34:29.8220641Z
Activity.Duration:           00:00:00.2962905
Activity.Tags:
    server.address: localhost
    http.request.method: POST
    url.scheme: http
    url.path: /api/auth/login
    network.protocol.version: 1.1
    http.route: api/Auth/login
    http.response.status_code: 200
Resource associated with Activity:
    deployment.environment: Testing
    service.name: Crud.Api
    service.version: 1.0.0
    service.instance.id: 10e2e254-224c-48e1-a2d2-8bbb5483cf26
    telemetry.sdk.name: opentelemetry
    telemetry.sdk.language: dotnet
    telemetry.sdk.version: 1.8.1
[06:34:30 DBG] Cache miss for key: entity:window:4a6b8eb1fdb84ec5b903fc38320570f2 {"SourceContext": "Infrastructure.Services.Caching.InMemoryCacheService", "ActionId": "0c64db60-5081-44bc-8d0e-214d5ae740ad", "ActionName": "Api.Controllers.WindowsController.Update (Api)", "RequestId": "0HNFGVK4NGD1I", "RequestPath": "/api/windows/4a6b8eb1-fdb8-4ec5-b903-fc38320570f2", "Application": "Crud.Api"}
[06:34:30 DBG] Set cache value for key: entity:window:4a6b8eb1fdb84ec5b903fc38320570f2 {"SourceContext": "Infrastructure.Services.Caching.InMemoryCacheService", "ActionId": "0c64db60-5081-44bc-8d0e-214d5ae740ad", "ActionName": "Api.Controllers.WindowsController.Update (Api)", "RequestId": "0HNFGVK4NGD1I", "RequestPath": "/api/windows/4a6b8eb1-fdb8-4ec5-b903-fc38320570f2", "Application": "Crud.Api"}
[06:34:30 DBG] Removed cache value for key: entity:window:4a6b8eb1fdb84ec5b903fc38320570f2 {"SourceContext": "Infrastructure.Services.Caching.InMemoryCacheService", "ActionId": "0c64db60-5081-44bc-8d0e-214d5ae740ad", "ActionName": "Api.Controllers.WindowsController.Update (Api)", "RequestId": "0HNFGVK4NGD1I", "RequestPath": "/api/windows/4a6b8eb1-fdb8-4ec5-b903-fc38320570f2", "Application": "Crud.Api"}
[06:34:30 DBG] Removed cache value for key: list:window {"SourceContext": "Infrastructure.Services.Caching.InMemoryCacheService", "ActionId": "0c64db60-5081-44bc-8d0e-214d5ae740ad", "ActionName": "Api.Controllers.WindowsController.Update (Api)", "RequestId": "0HNFGVK4NGD1I", "RequestPath": "/api/windows/4a6b8eb1-fdb8-4ec5-b903-fc38320570f2", "Application": "Crud.Api"}
[06:34:30 DBG] Invalidating cache for entity: windows/4a6b8eb1-fdb8-4ec5-b903-fc38320570f2 with tags: windows, windows:4a6b8eb1-fdb8-4ec5-b903-fc38320570f2 {"SourceContext": "Api.Services.OutputCacheInvalidationService", "ActionId": "0c64db60-5081-44bc-8d0e-214d5ae740ad", "ActionName": "Api.Controllers.WindowsController.Update (Api)", "RequestId": "0HNFGVK4NGD1I", "RequestPath": "/api/windows/4a6b8eb1-fdb8-4ec5-b903-fc38320570f2", "Application": "Crud.Api"}
[06:34:30 DBG] Successfully invalidated cache for tag: windows {"SourceContext": "Api.Services.OutputCacheInvalidationService", "ActionId": "0c64db60-5081-44bc-8d0e-214d5ae740ad", "ActionName": "Api.Controllers.WindowsController.Update (Api)", "RequestId": "0HNFGVK4NGD1I", "RequestPath": "/api/windows/4a6b8eb1-fdb8-4ec5-b903-fc38320570f2", "Application": "Crud.Api"}
[06:34:30 DBG] Successfully invalidated cache for tag: windows:4a6b8eb1-fdb8-4ec5-b903-fc38320570f2 {"SourceContext": "Api.Services.OutputCacheInvalidationService", "ActionId": "0c64db60-5081-44bc-8d0e-214d5ae740ad", "ActionName": "Api.Controllers.WindowsController.Update (Api)", "RequestId": "0HNFGVK4NGD1I", "RequestPath": "/api/windows/4a6b8eb1-fdb8-4ec5-b903-fc38320570f2", "Application": "Crud.Api"}
Activity.TraceId:            c32bfde46e3e51c0175b0c4d73be46b8
Activity.SpanId:             83b7d2610f488ae6
Activity.TraceFlags:         Recorded
Activity.ActivitySourceName: Microsoft.AspNetCore
Activity.DisplayName:        PUT api/Windows/{id:guid}
Activity.Kind:               Server
Activity.StartTime:          2025-09-11T06:34:30.1185639Z
Activity.Duration:           00:00:00.0028560
Activity.Tags:
    server.address: localhost
    http.request.method: PUT
    url.scheme: http
    url.path: /api/windows/4a6b8eb1-fdb8-4ec5-b903-fc38320570f2
    network.protocol.version: 1.1
    http.route: api/Windows/{id:guid}
    http.response.status_code: 204
Resource associated with Activity:
    deployment.environment: Testing
    service.name: Crud.Api
    service.version: 1.0.0
    service.instance.id: 10e2e254-224c-48e1-a2d2-8bbb5483cf26
    telemetry.sdk.name: opentelemetry
    telemetry.sdk.language: dotnet
    telemetry.sdk.version: 1.8.1
[06:34:30 INF] User registered successfully: b8398ab1-5ea5-42d0-9b0b-d33b86e33002 {"SourceContext": "App.Features.Authentication.RegisterUserCommandHandler", "ActionId": "6843bbed-0333-479b-88d5-68534d3992a0", "ActionName": "Api.Controllers.AuthController.Register (Api)", "RequestId": "0HNFGVK4NGD1J", "RequestPath": "/api/auth/register", "Application": "Crud.Api"}
Activity.TraceId:            9fb6dcc45cd4d3b9efad36286f3598e5
Activity.SpanId:             026eea20f8235eef
Activity.TraceFlags:         Recorded
Activity.ActivitySourceName: Microsoft.AspNetCore
Activity.DisplayName:        POST api/Auth/register
Activity.Kind:               Server
Activity.StartTime:          2025-09-11T06:34:30.1215824Z
Activity.Duration:           00:00:00.2977888
Activity.Tags:
    server.address: localhost
    http.request.method: POST
    url.scheme: http
    url.path: /api/auth/register
    network.protocol.version: 1.1
    http.route: api/Auth/register
    http.response.status_code: 200
Resource associated with Activity:
    deployment.environment: Testing
    service.name: Crud.Api
    service.version: 1.0.0
    service.instance.id: 10e2e254-224c-48e1-a2d2-8bbb5483cf26
    telemetry.sdk.name: opentelemetry
    telemetry.sdk.language: dotnet
    telemetry.sdk.version: 1.8.1
[06:34:30 DBG] Cache miss for key: entity:window:4a6b8eb1fdb84ec5b903fc38320570f2 {"SourceContext": "Infrastructure.Services.Caching.InMemoryCacheService", "ActionId": "d0343eb1-f046-4d14-9418-378a51cc5a4d", "ActionName": "Api.Controllers.WindowsController.Get (Api)", "RequestId": "0HNFGVK4NGD1K", "RequestPath": "/api/windows/4a6b8eb1-fdb8-4ec5-b903-fc38320570f2", "Application": "Crud.Api"}
[06:34:30 DBG] Set cache value for key: entity:window:4a6b8eb1fdb84ec5b903fc38320570f2 {"SourceContext": "Infrastructure.Services.Caching.InMemoryCacheService", "ActionId": "d0343eb1-f046-4d14-9418-378a51cc5a4d", "ActionName": "Api.Controllers.WindowsController.Get (Api)", "RequestId": "0HNFGVK4NGD1K", "RequestPath": "/api/windows/4a6b8eb1-fdb8-4ec5-b903-fc38320570f2", "Application": "Crud.Api"}
Activity.TraceId:            0c039672efed8fbcb97378c931f0ca52
Activity.SpanId:             054ae70060736e11
Activity.TraceFlags:         Recorded
Activity.ActivitySourceName: Microsoft.AspNetCore
Activity.DisplayName:        GET api/Windows/{id:guid}
Activity.Kind:               Server
Activity.StartTime:          2025-09-11T06:34:30.4195689Z
Activity.Duration:           00:00:00.0017470
Activity.Tags:
    server.address: localhost
    http.request.method: GET
    url.scheme: http
    url.path: /api/windows/4a6b8eb1-fdb8-4ec5-b903-fc38320570f2
    network.protocol.version: 1.1
    http.route: api/Windows/{id:guid}
    http.response.status_code: 200
Resource associated with Activity:
    deployment.environment: Testing
    service.name: Crud.Api
    service.version: 1.0.0
    service.instance.id: 10e2e254-224c-48e1-a2d2-8bbb5483cf26
    telemetry.sdk.name: opentelemetry
    telemetry.sdk.language: dotnet
    telemetry.sdk.version: 1.8.1
[06:34:30 INF] User registered successfully: d1700886-d378-43d2-a485-2a188bb94436 {"SourceContext": "App.Features.Authentication.RegisterUserCommandHandler", "ActionId": "6843bbed-0333-479b-88d5-68534d3992a0", "ActionName": "Api.Controllers.AuthController.Register (Api)", "RequestId": "0HNFGVK4NGD1L", "RequestPath": "/api/auth/register", "Application": "Crud.Api"}
Activity.TraceId:            ee71b03483dfb592f6e60ec54c1b3fd8
Activity.SpanId:             794d17d28603302e
Activity.TraceFlags:         Recorded
Activity.ActivitySourceName: Microsoft.AspNetCore
Activity.DisplayName:        POST api/Auth/register
Activity.Kind:               Server
Activity.StartTime:          2025-09-11T06:34:30.4233944Z
Activity.Duration:           00:00:00.2961716
Activity.Tags:
    server.address: localhost
    http.request.method: POST
    url.scheme: http
    url.path: /api/auth/register
    network.protocol.version: 1.1
    http.route: api/Auth/register
    http.response.status_code: 200
Resource associated with Activity:
    deployment.environment: Testing
    service.name: Crud.Api
    service.version: 1.0.0
    service.instance.id: 10e2e254-224c-48e1-a2d2-8bbb5483cf26
    telemetry.sdk.name: opentelemetry
    telemetry.sdk.language: dotnet
    telemetry.sdk.version: 1.8.1
[06:34:31 INF] User logged in successfully: d1700886-d378-43d2-a485-2a188bb94436 {"SourceContext": "App.Features.Authentication.LoginCommandHandler", "ActionId": "bcbcb957-798b-4450-9b00-39fd3e2c0213", "ActionName": "Api.Controllers.AuthController.Login (Api)", "RequestId": "0HNFGVK4NGD1M", "RequestPath": "/api/auth/login", "Application": "Crud.Api"}
Activity.TraceId:            7f3db1bf9080c786b01fe59354d7ec37
Activity.SpanId:             f202574065846a87
Activity.TraceFlags:         Recorded
Activity.ActivitySourceName: Microsoft.AspNetCore
Activity.DisplayName:        POST api/Auth/login
Activity.Kind:               Server
Activity.StartTime:          2025-09-11T06:34:30.7212373Z
Activity.Duration:           00:00:00.2971776
Activity.Tags:
    server.address: localhost
    http.request.method: POST
    url.scheme: http
    url.path: /api/auth/login
    network.protocol.version: 1.1
    http.route: api/Auth/login
    http.response.status_code: 200
Resource associated with Activity:
    deployment.environment: Testing
    service.name: Crud.Api
    service.version: 1.0.0
    service.instance.id: 10e2e254-224c-48e1-a2d2-8bbb5483cf26
    telemetry.sdk.name: opentelemetry
    telemetry.sdk.language: dotnet
    telemetry.sdk.version: 1.8.1
[06:34:31 DBG] Cache miss for key: entity:window:14dc793c20da4e378d6719f1296d28f2 {"SourceContext": "Infrastructure.Services.Caching.InMemoryCacheService", "ActionId": "0c64db60-5081-44bc-8d0e-214d5ae740ad", "ActionName": "Api.Controllers.WindowsController.Update (Api)", "RequestId": "0HNFGVK4NGD1N", "RequestPath": "/api/windows/14dc793c-20da-4e37-8d67-19f1296d28f2", "Application": "Crud.Api"}
Activity.TraceId:            64769585b1f5cf7fd6e2d8588edeb681
Activity.SpanId:             c3fd5ca694b26054
Activity.TraceFlags:         Recorded
Activity.ActivitySourceName: Microsoft.AspNetCore
Activity.DisplayName:        PUT api/Windows/{id:guid}
Activity.Kind:               Server
Activity.StartTime:          2025-09-11T06:34:31.0192590Z
Activity.Duration:           00:00:00.0017718
Activity.Tags:
    server.address: localhost
    http.request.method: PUT
    url.scheme: http
    url.path: /api/windows/14dc793c-20da-4e37-8d67-19f1296d28f2
    network.protocol.version: 1.1
    http.route: api/Windows/{id:guid}
    http.response.status_code: 404
Resource associated with Activity:
    deployment.environment: Testing
    service.name: Crud.Api
    service.version: 1.0.0
    service.instance.id: 10e2e254-224c-48e1-a2d2-8bbb5483cf26
    telemetry.sdk.name: opentelemetry
    telemetry.sdk.language: dotnet
    telemetry.sdk.version: 1.8.1
[06:34:31 INF] User registered successfully: 72381971-a612-4072-87ee-71a0b64340af {"SourceContext": "App.Features.Authentication.RegisterUserCommandHandler", "ActionId": "6843bbed-0333-479b-88d5-68534d3992a0", "ActionName": "Api.Controllers.AuthController.Register (Api)", "RequestId": "0HNFGVK4NGD1O", "RequestPath": "/api/auth/register", "Application": "Crud.Api"}
Activity.TraceId:            e1839dd5de372b46bff93385b2f54f9b
Activity.SpanId:             9e758dd18b8f276b
Activity.TraceFlags:         Recorded
Activity.ActivitySourceName: Microsoft.AspNetCore
Activity.DisplayName:        POST api/Auth/register
Activity.Kind:               Server
Activity.StartTime:          2025-09-11T06:34:31.0235166Z
Activity.Duration:           00:00:00.2982662
Activity.Tags:
    server.address: localhost
    http.request.method: POST
    url.scheme: http
    url.path: /api/auth/register
    network.protocol.version: 1.1
    http.route: api/Auth/register
    http.response.status_code: 200
Resource associated with Activity:
    deployment.environment: Testing
    service.name: Crud.Api
    service.version: 1.0.0
    service.instance.id: 10e2e254-224c-48e1-a2d2-8bbb5483cf26
    telemetry.sdk.name: opentelemetry
    telemetry.sdk.language: dotnet
    telemetry.sdk.version: 1.8.1
[06:34:31 INF] User logged in successfully: 72381971-a612-4072-87ee-71a0b64340af {"SourceContext": "App.Features.Authentication.LoginCommandHandler", "ActionId": "bcbcb957-798b-4450-9b00-39fd3e2c0213", "ActionName": "Api.Controllers.AuthController.Login (Api)", "RequestId": "0HNFGVK4NGD1P", "RequestPath": "/api/auth/login", "Application": "Crud.Api"}
Activity.TraceId:            962fd0680d98982534663a9913c6715b
Activity.SpanId:             d81bf518145abda4
Activity.TraceFlags:         Recorded
Activity.ActivitySourceName: Microsoft.AspNetCore
Activity.DisplayName:        POST api/Auth/login
Activity.Kind:               Server
Activity.StartTime:          2025-09-11T06:34:31.3236609Z
Activity.Duration:           00:00:00.3003897
Activity.Tags:
    server.address: localhost
    http.request.method: POST
    url.scheme: http
    url.path: /api/auth/login
    network.protocol.version: 1.1
    http.route: api/Auth/login
    http.response.status_code: 200
Resource associated with Activity:
    deployment.environment: Testing
    service.name: Crud.Api
    service.version: 1.0.0
    service.instance.id: 10e2e254-224c-48e1-a2d2-8bbb5483cf26
    telemetry.sdk.name: opentelemetry
    telemetry.sdk.language: dotnet
    telemetry.sdk.version: 1.8.1
[06:34:31 DBG] Removed cache value for key: entity:window:e62c04e951194a7fa162265c9cfbc02b {"SourceContext": "Infrastructure.Services.Caching.InMemoryCacheService", "ActionId": "4e05ffc7-1445-4a67-951b-6e92a0712622", "ActionName": "Api.Controllers.WindowsController.Create (Api)", "RequestId": "0HNFGVK4NGD1Q", "RequestPath": "/api/windows", "Application": "Crud.Api"}
[06:34:31 DBG] Removed cache value for key: list:window {"SourceContext": "Infrastructure.Services.Caching.InMemoryCacheService", "ActionId": "4e05ffc7-1445-4a67-951b-6e92a0712622", "ActionName": "Api.Controllers.WindowsController.Create (Api)", "RequestId": "0HNFGVK4NGD1Q", "RequestPath": "/api/windows", "Application": "Crud.Api"}
[06:34:31 DBG] Invalidating cache for entity type: windows with tag: windows {"SourceContext": "Api.Services.OutputCacheInvalidationService", "ActionId": "4e05ffc7-1445-4a67-951b-6e92a0712622", "ActionName": "Api.Controllers.WindowsController.Create (Api)", "RequestId": "0HNFGVK4NGD1Q", "RequestPath": "/api/windows", "Application": "Crud.Api"}
[06:34:31 INF] Successfully invalidated cache for entity type: windows {"SourceContext": "Api.Services.OutputCacheInvalidationService", "ActionId": "4e05ffc7-1445-4a67-951b-6e92a0712622", "ActionName": "Api.Controllers.WindowsController.Create (Api)", "RequestId": "0HNFGVK4NGD1Q", "RequestPath": "/api/windows", "Application": "Crud.Api"}
Activity.TraceId:            2b43df2c479a4d2ef3e93f3f64a0d96b
Activity.SpanId:             ce370ecb67003979
Activity.TraceFlags:         Recorded
Activity.ActivitySourceName: Microsoft.AspNetCore
Activity.DisplayName:        POST api/Windows
Activity.Kind:               Server
Activity.StartTime:          2025-09-11T06:34:31.6248768Z
Activity.Duration:           00:00:00.0024144
Activity.Tags:
    server.address: localhost
    http.request.method: POST
    url.scheme: http
    url.path: /api/windows
    network.protocol.version: 1.1
    http.route: api/Windows
    http.response.status_code: 201
Resource associated with Activity:
    deployment.environment: Testing
    service.name: Crud.Api
    service.version: 1.0.0
    service.instance.id: 10e2e254-224c-48e1-a2d2-8bbb5483cf26
    telemetry.sdk.name: opentelemetry
    telemetry.sdk.language: dotnet
    telemetry.sdk.version: 1.8.1
[06:34:31 INF] User registered successfully: dc1d26aa-74ca-4760-aada-ffa6406f3b03 {"SourceContext": "App.Features.Authentication.RegisterUserCommandHandler", "ActionId": "6843bbed-0333-479b-88d5-68534d3992a0", "ActionName": "Api.Controllers.AuthController.Register (Api)", "RequestId": "0HNFGVK4NGD1R", "RequestPath": "/api/auth/register", "Application": "Crud.Api"}
Activity.TraceId:            ea740aac4e3f3ee681d502dae244e8c8
Activity.SpanId:             caf208c7cfb8e510
Activity.TraceFlags:         Recorded
Activity.ActivitySourceName: Microsoft.AspNetCore
Activity.DisplayName:        POST api/Auth/register
Activity.Kind:               Server
Activity.StartTime:          2025-09-11T06:34:31.6299277Z
Activity.Duration:           00:00:00.3335803
Activity.Tags:
    server.address: localhost
    http.request.method: POST
    url.scheme: http
    url.path: /api/auth/register
    network.protocol.version: 1.1
    http.route: api/Auth/register
    http.response.status_code: 200
Resource associated with Activity:
    deployment.environment: Testing
    service.name: Crud.Api
    service.version: 1.0.0
    service.instance.id: 10e2e254-224c-48e1-a2d2-8bbb5483cf26
    telemetry.sdk.name: opentelemetry
    telemetry.sdk.language: dotnet
    telemetry.sdk.version: 1.8.1
[06:34:32 INF] User logged in successfully: dc1d26aa-74ca-4760-aada-ffa6406f3b03 {"SourceContext": "App.Features.Authentication.LoginCommandHandler", "ActionId": "bcbcb957-798b-4450-9b00-39fd3e2c0213", "ActionName": "Api.Controllers.AuthController.Login (Api)", "RequestId": "0HNFGVK4NGD1S", "RequestPath": "/api/auth/login", "Application": "Crud.Api"}
Activity.TraceId:            d3452eabdd2650122983d0331dcef632
Activity.SpanId:             c17377ef76ed3e4f
Activity.TraceFlags:         Recorded
Activity.ActivitySourceName: Microsoft.AspNetCore
Activity.DisplayName:        POST api/Auth/login
Activity.Kind:               Server
Activity.StartTime:          2025-09-11T06:34:31.9654226Z
Activity.Duration:           00:00:00.2962983
Activity.Tags:
    server.address: localhost
    http.request.method: POST
    url.scheme: http
    url.path: /api/auth/login
    network.protocol.version: 1.1
    http.route: api/Auth/login
    http.response.status_code: 200
Resource associated with Activity:
    deployment.environment: Testing
    service.name: Crud.Api
    service.version: 1.0.0
    service.instance.id: 10e2e254-224c-48e1-a2d2-8bbb5483cf26
    telemetry.sdk.name: opentelemetry
    telemetry.sdk.language: dotnet
    telemetry.sdk.version: 1.8.1
[06:34:32 DBG] Removed cache value for key: entity:window:9e8bcb56f8a8403caa7ba0d3acdf81fe {"SourceContext": "Infrastructure.Services.Caching.InMemoryCacheService", "ActionId": "33edceef-2c67-4b48-8977-ed9d69559392", "ActionName": "Api.Controllers.WindowsController.Delete (Api)", "RequestId": "0HNFGVK4NGD1T", "RequestPath": "/api/windows/9e8bcb56-f8a8-403c-aa7b-a0d3acdf81fe", "Application": "Crud.Api"}
[06:34:32 DBG] Removed cache value for key: list:window {"SourceContext": "Infrastructure.Services.Caching.InMemoryCacheService", "ActionId": "33edceef-2c67-4b48-8977-ed9d69559392", "ActionName": "Api.Controllers.WindowsController.Delete (Api)", "RequestId": "0HNFGVK4NGD1T", "RequestPath": "/api/windows/9e8bcb56-f8a8-403c-aa7b-a0d3acdf81fe", "Application": "Crud.Api"}
[06:34:32 DBG] Invalidating cache for entity: windows/9e8bcb56-f8a8-403c-aa7b-a0d3acdf81fe with tags: windows, windows:9e8bcb56-f8a8-403c-aa7b-a0d3acdf81fe {"SourceContext": "Api.Services.OutputCacheInvalidationService", "ActionId": "33edceef-2c67-4b48-8977-ed9d69559392", "ActionName": "Api.Controllers.WindowsController.Delete (Api)", "RequestId": "0HNFGVK4NGD1T", "RequestPath": "/api/windows/9e8bcb56-f8a8-403c-aa7b-a0d3acdf81fe", "Application": "Crud.Api"}
[06:34:32 DBG] Successfully invalidated cache for tag: windows {"SourceContext": "Api.Services.OutputCacheInvalidationService", "ActionId": "33edceef-2c67-4b48-8977-ed9d69559392", "ActionName": "Api.Controllers.WindowsController.Delete (Api)", "RequestId": "0HNFGVK4NGD1T", "RequestPath": "/api/windows/9e8bcb56-f8a8-403c-aa7b-a0d3acdf81fe", "Application": "Crud.Api"}
[06:34:32 DBG] Successfully invalidated cache for tag: windows:9e8bcb56-f8a8-403c-aa7b-a0d3acdf81fe {"SourceContext": "Api.Services.OutputCacheInvalidationService", "ActionId": "33edceef-2c67-4b48-8977-ed9d69559392", "ActionName": "Api.Controllers.WindowsController.Delete (Api)", "RequestId": "0HNFGVK4NGD1T", "RequestPath": "/api/windows/9e8bcb56-f8a8-403c-aa7b-a0d3acdf81fe", "Application": "Crud.Api"}
Activity.TraceId:            d7469f46f77d2ce7ddd8bb3c2d84d667
Activity.SpanId:             23699b6281ac28b7
Activity.TraceFlags:         Recorded
Activity.ActivitySourceName: Microsoft.AspNetCore
Activity.DisplayName:        DELETE api/Windows/{id:guid}
Activity.Kind:               Server
Activity.StartTime:          2025-09-11T06:34:32.2626912Z
Activity.Duration:           00:00:00.0016647
Activity.Tags:
    server.address: localhost
    http.request.method: DELETE
    url.scheme: http
    url.path: /api/windows/9e8bcb56-f8a8-403c-aa7b-a0d3acdf81fe
    network.protocol.version: 1.1
    http.route: api/Windows/{id:guid}
    http.response.status_code: 204
Resource associated with Activity:
    deployment.environment: Testing
    service.name: Crud.Api
    service.version: 1.0.0
    service.instance.id: 10e2e254-224c-48e1-a2d2-8bbb5483cf26
    telemetry.sdk.name: opentelemetry
    telemetry.sdk.language: dotnet
    telemetry.sdk.version: 1.8.1
[06:34:32 INF] Resetting database for worker 18406 {"SourceContext": "Infrastructure.Services.DatabaseTestService", "Application": "Crud.Api"}
[06:34:32 INF] Resetting database via file deletion for worker 18406 in CI environment {"SourceContext": "Infrastructure.Services.DatabaseTestService", "Application": "Crud.Api"}
[06:34:32 INF] Acquiring database mutex for worker 18406... {"SourceContext": "Infrastructure.Services.DatabaseTestService", "Application": "Crud.Api"}
[06:34:32 INF] Database mutex acquired for worker 18406 {"SourceContext": "Infrastructure.Services.DatabaseTestService", "Application": "Crud.Api"}
[06:34:32 INF] Current database state - CanConnect: True {"SourceContext": "Infrastructure.Services.DatabaseTestService", "Application": "Crud.Api"}
[06:34:32 INF] [Phase 0] Closing database connection for worker 18406... {"SourceContext": "Infrastructure.Services.DatabaseTestService", "Application": "Crud.Api"}
[06:34:32 INF] [Phase 0] Connection closed in 0.0006ms {"SourceContext": "Infrastructure.Services.DatabaseTestService", "Application": "Crud.Api"}
[06:34:32 INF] [Phase 1] Starting EnsureDeletedAsync for worker 18406... {"SourceContext": "Infrastructure.Services.DatabaseTestService", "Application": "Crud.Api"}
[06:34:32 INF] [Phase 1] EnsureDeletedAsync completed in 2.0061ms {"SourceContext": "Infrastructure.Services.DatabaseTestService", "Application": "Crud.Api"}
[06:34:32 INF] [Phase 2] Starting EnsureCreatedAsync for worker 18406... {"SourceContext": "Infrastructure.Services.DatabaseTestService", "Application": "Crud.Api"}
[06:34:32 INF] [Phase 2] EnsureCreatedAsync completed in 16.5092ms {"SourceContext": "Infrastructure.Services.DatabaseTestService", "Application": "Crud.Api"}
[06:34:32 INF] [Phase 3] Skipping database seeding as requested for worker 18406 {"SourceContext": "Infrastructure.Services.DatabaseTestService", "Application": "Crud.Api"}
[06:34:32 INF] Database reset via file deletion completed for worker 18406 in 119.3598ms (Close: 0.0006ms, Delete: 2.0061ms, Create: 16.5092ms) {"SourceContext": "Infrastructure.Services.DatabaseTestService", "Application": "Crud.Api"}
[06:34:32 INF] Releasing database mutex for worker 18406 {"SourceContext": "Infrastructure.Services.DatabaseTestService", "Application": "Crud.Api"}
[06:34:32 INF] User registered successfully: faf5e443-3650-4ec5-bcf6-1fcf56f967eb {"SourceContext": "App.Features.Authentication.RegisterUserCommandHandler", "ActionId": "6843bbed-0333-479b-88d5-68534d3992a0", "ActionName": "Api.Controllers.AuthController.Register (Api)", "RequestId": "0HNFGVK4NGD1U", "RequestPath": "/api/auth/register", "Application": "Crud.Api"}
Activity.TraceId:            0bc081020c97540d224aee25b6ead01d
Activity.SpanId:             008d834c527d4c13
Activity.TraceFlags:         Recorded
Activity.ActivitySourceName: Microsoft.AspNetCore
Activity.DisplayName:        POST api/Auth/register
Activity.Kind:               Server
Activity.StartTime:          2025-09-11T06:34:32.3876354Z
Activity.Duration:           00:00:00.2958438
Activity.Tags:
    server.address: localhost
    http.request.method: POST
    url.scheme: http
    url.path: /api/auth/register
    network.protocol.version: 1.1
    http.route: api/Auth/register
    http.response.status_code: 200
Resource associated with Activity:
    deployment.environment: Testing
    service.name: Crud.Api
    service.version: 1.0.0
    service.instance.id: 10e2e254-224c-48e1-a2d2-8bbb5483cf26
    telemetry.sdk.name: opentelemetry
    telemetry.sdk.language: dotnet
    telemetry.sdk.version: 1.8.1
[06:34:32 DBG] Cache miss for key: list:window {"SourceContext": "Infrastructure.Services.Caching.InMemoryCacheService", "ActionId": "c171486d-498c-439d-9dd5-fefbf73a087a", "ActionName": "Api.Controllers.WindowsController.List (Api)", "RequestId": "0HNFGVK4NGD1V", "RequestPath": "/api/windows", "Application": "Crud.Api"}
[06:34:32 DBG] Set cache value for key: list:window {"SourceContext": "Infrastructure.Services.Caching.InMemoryCacheService", "ActionId": "c171486d-498c-439d-9dd5-fefbf73a087a", "ActionName": "Api.Controllers.WindowsController.List (Api)", "RequestId": "0HNFGVK4NGD1V", "RequestPath": "/api/windows", "Application": "Crud.Api"}
Activity.TraceId:            4211c7eae5fc2f7113b88b917be9a158
Activity.SpanId:             9bf091221b1982b6
Activity.TraceFlags:         Recorded
Activity.ActivitySourceName: Microsoft.AspNetCore
Activity.DisplayName:        GET api/Windows
Activity.Kind:               Server
Activity.StartTime:          2025-09-11T06:34:32.6836361Z
Activity.Duration:           00:00:00.0010472
Activity.Tags:
    server.address: localhost
    http.request.method: GET
    url.scheme: http
    url.path: /api/windows
    network.protocol.version: 1.1
    http.route: api/Windows
    http.response.status_code: 200
Resource associated with Activity:
    deployment.environment: Testing
    service.name: Crud.Api
    service.version: 1.0.0
    service.instance.id: 10e2e254-224c-48e1-a2d2-8bbb5483cf26
    telemetry.sdk.name: opentelemetry
    telemetry.sdk.language: dotnet
    telemetry.sdk.version: 1.8.1
[06:34:32 INF] Resetting database for worker 18406 {"SourceContext": "Infrastructure.Services.DatabaseTestService", "Application": "Crud.Api"}
[06:34:32 INF] Resetting database via file deletion for worker 18406 in CI environment {"SourceContext": "Infrastructure.Services.DatabaseTestService", "Application": "Crud.Api"}
[06:34:32 INF] Acquiring database mutex for worker 18406... {"SourceContext": "Infrastructure.Services.DatabaseTestService", "Application": "Crud.Api"}
[06:34:32 INF] Database mutex acquired for worker 18406 {"SourceContext": "Infrastructure.Services.DatabaseTestService", "Application": "Crud.Api"}
[06:34:32 INF] Current database state - CanConnect: True {"SourceContext": "Infrastructure.Services.DatabaseTestService", "Application": "Crud.Api"}
[06:34:32 INF] [Phase 0] Closing database connection for worker 18406... {"SourceContext": "Infrastructure.Services.DatabaseTestService", "Application": "Crud.Api"}
[06:34:32 INF] [Phase 0] Connection closed in 0.0005ms {"SourceContext": "Infrastructure.Services.DatabaseTestService", "Application": "Crud.Api"}
[06:34:32 INF] [Phase 1] Starting EnsureDeletedAsync for worker 18406... {"SourceContext": "Infrastructure.Services.DatabaseTestService", "Application": "Crud.Api"}
[06:34:32 INF] [Phase 1] EnsureDeletedAsync completed in 1.4217ms {"SourceContext": "Infrastructure.Services.DatabaseTestService", "Application": "Crud.Api"}
[06:34:32 INF] [Phase 2] Starting EnsureCreatedAsync for worker 18406... {"SourceContext": "Infrastructure.Services.DatabaseTestService", "Application": "Crud.Api"}
[06:34:32 INF] [Phase 2] EnsureCreatedAsync completed in 14.1436ms {"SourceContext": "Infrastructure.Services.DatabaseTestService", "Application": "Crud.Api"}
[06:34:32 INF] [Phase 3] Skipping database seeding as requested for worker 18406 {"SourceContext": "Infrastructure.Services.DatabaseTestService", "Application": "Crud.Api"}
[06:34:32 INF] Database reset via file deletion completed for worker 18406 in 116.1798ms (Close: 0.0005ms, Delete: 1.4217ms, Create: 14.1436ms) {"SourceContext": "Infrastructure.Services.DatabaseTestService", "Application": "Crud.Api"}
[06:34:32 INF] Releasing database mutex for worker 18406 {"SourceContext": "Infrastructure.Services.DatabaseTestService", "Application": "Crud.Api"}
Metric Name: http.server.active_requests, Number of active HTTP server requests., Unit: {request}, Meter: Microsoft.AspNetCore.Hosting
(2025-09-11T06:34:19.4153945Z, 2025-09-11T06:34:32.8035072Z] http.request.method: POST url.scheme: http LongSumNonMonotonic
Value: 0
(2025-09-11T06:34:19.4153945Z, 2025-09-11T06:34:32.8035072Z] http.request.method: DELETE url.scheme: http LongSumNonMonotonic
Value: 0
(2025-09-11T06:34:19.4153945Z, 2025-09-11T06:34:32.8035072Z] http.request.method: GET url.scheme: http LongSumNonMonotonic
Value: 0
(2025-09-11T06:34:19.4153945Z, 2025-09-11T06:34:32.8035072Z] http.request.method: PUT url.scheme: http LongSumNonMonotonic
Value: 0
Metric Name: http.server.request.duration, Duration of HTTP server requests., Unit: s, Meter: Microsoft.AspNetCore.Hosting
(2025-09-11T06:34:19.4154142Z, 2025-09-11T06:34:32.8035112Z] http.request.method: POST http.response.status_code: 200 http.route: api/Auth/register network.protocol.version: 1.1 url.scheme: http Histogram
Value: Sum: 7.4735171000000005 Count: 25 Min: 0.2956135 Max: 0.3335683 
(-Infinity,0.005]:0
(0.005,0.01]:0
(0.01,0.025]:0
(0.025,0.05]:0
(0.05,0.075]:0
(0.075,0.1]:0
(0.1,0.25]:0
(0.25,0.5]:25
(0.5,0.75]:0
(0.75,1]:0
(1,2.5]:0
(2.5,5]:0
(5,7.5]:0
(7.5,10]:0
(10,+Infinity]:0
(2025-09-11T06:34:19.4154142Z, 2025-09-11T06:34:32.8035112Z] http.request.method: POST http.response.status_code: 200 http.route: api/Auth/login network.protocol.version: 1.1 url.scheme: http Histogram
Value: Sum: 5.3555093 Count: 18 Min: 0.2957431 Max: 0.3018167 
(-Infinity,0.005]:0
(0.005,0.01]:0
(0.01,0.025]:0
(0.025,0.05]:0
(0.05,0.075]:0
(0.075,0.1]:0
(0.1,0.25]:0
(0.25,0.5]:18
(0.5,0.75]:0
(0.75,1]:0
(1,2.5]:0
(2.5,5]:0
(5,7.5]:0
(7.5,10]:0
(10,+Infinity]:0
(2025-09-11T06:34:19.4154142Z, 2025-09-11T06:34:32.8035112Z] http.request.method: POST http.response.status_code: 400 http.route: api/Windows network.protocol.version: 1.1 url.scheme: http Histogram
Value: Sum: 0.015158699999999999 Count: 2 Min: 0.0005822 Max: 0.0145765 
(-Infinity,0.005]:1
(0.005,0.01]:0
(0.01,0.025]:1
(0.025,0.05]:0
(0.05,0.075]:0
(0.075,0.1]:0
(0.1,0.25]:0
(0.25,0.5]:0
(0.5,0.75]:0
(0.75,1]:0
(1,2.5]:0
(2.5,5]:0
(5,7.5]:0
(7.5,10]:0
(10,+Infinity]:0
(2025-09-11T06:34:19.4154142Z, 2025-09-11T06:34:32.8035112Z] http.request.method: POST http.response.status_code: 201 http.route: api/Windows network.protocol.version: 1.1 url.scheme: http Histogram
Value: Sum: 0.0394124 Count: 11 Min: 0.0019056 Max: 0.011539 
(-Infinity,0.005]:9
(0.005,0.01]:1
(0.01,0.025]:1
(0.025,0.05]:0
(0.05,0.075]:0
(0.075,0.1]:0
(0.1,0.25]:0
(0.25,0.5]:0
(0.5,0.75]:0
(0.75,1]:0
(1,2.5]:0
(2.5,5]:0
(5,7.5]:0
(7.5,10]:0
(10,+Infinity]:0
(2025-09-11T06:34:19.4154142Z, 2025-09-11T06:34:32.8035112Z] http.request.method: DELETE http.response.status_code: 204 http.route: api/Windows/{id:guid} network.protocol.version: 1.1 url.scheme: http Histogram
Value: Sum: 0.013213599999999999 Count: 2 Min: 0.0016663 Max: 0.0115473 
(-Infinity,0.005]:1
(0.005,0.01]:0
(0.01,0.025]:1
(0.025,0.05]:0
(0.05,0.075]:0
(0.075,0.1]:0
(0.1,0.25]:0
(0.25,0.5]:0
(0.5,0.75]:0
(0.75,1]:0
(1,2.5]:0
(2.5,5]:0
(5,7.5]:0
(7.5,10]:0
(10,+Infinity]:0
(2025-09-11T06:34:19.4154142Z, 2025-09-11T06:34:32.8035112Z] http.request.method: GET http.response.status_code: 404 http.route: api/Windows/{id:guid} network.protocol.version: 1.1 url.scheme: http Histogram
Value: Sum: 0.0111963 Count: 2 Min: 0.0011874 Max: 0.0100089 
(-Infinity,0.005]:1
(0.005,0.01]:0
(0.01,0.025]:1
(0.025,0.05]:0
(0.05,0.075]:0
(0.075,0.1]:0
(0.1,0.25]:0
(0.25,0.5]:0
(0.5,0.75]:0
(0.75,1]:0
(1,2.5]:0
(2.5,5]:0
(5,7.5]:0
(7.5,10]:0
(10,+Infinity]:0
(2025-09-11T06:34:19.4154142Z, 2025-09-11T06:34:32.8035112Z] http.request.method: GET http.response.status_code: 200 http.route: api/Windows network.protocol.version: 1.1 url.scheme: http Histogram
Value: Sum: 0.0106373 Count: 2 Min: 0.001048 Max: 0.0095893 
(-Infinity,0.005]:1
(0.005,0.01]:1
(0.01,0.025]:0
(0.025,0.05]:0
(0.05,0.075]:0
(0.075,0.1]:0
(0.1,0.25]:0
(0.25,0.5]:0
(0.5,0.75]:0
(0.75,1]:0
(1,2.5]:0
(2.5,5]:0
(5,7.5]:0
(7.5,10]:0
(10,+Infinity]:0
(2025-09-11T06:34:19.4154142Z, 2025-09-11T06:34:32.8035112Z] http.request.method: PUT http.response.status_code: 204 http.route: api/Windows/{id:guid} network.protocol.version: 1.1 url.scheme: http Histogram
Value: Sum: 0.0162121 Count: 2 Min: 0.0028585 Max: 0.0133536 
(-Infinity,0.005]:1
(0.005,0.01]:0
(0.01,0.025]:1
(0.025,0.05]:0
(0.05,0.075]:0
(0.075,0.1]:0
(0.1,0.25]:0
(0.25,0.5]:0
(0.5,0.75]:0
(0.75,1]:0
(1,2.5]:0
(2.5,5]:0
(5,7.5]:0
(7.5,10]:0
(10,+Infinity]:0
(2025-09-11T06:34:19.4154142Z, 2025-09-11T06:34:32.8035112Z] http.request.method: GET http.response.status_code: 200 http.route: api/Windows/{id:guid} network.protocol.version: 1.1 url.scheme: http Histogram
Value: Sum: 0.0080037 Count: 3 Min: 0.0017464 Max: 0.0032647 
(-Infinity,0.005]:3
(0.005,0.01]:0
(0.01,0.025]:0
(0.025,0.05]:0
(0.05,0.075]:0
(0.075,0.1]:0
(0.1,0.25]:0
(0.25,0.5]:0
(0.5,0.75]:0
(0.75,1]:0
(1,2.5]:0
(2.5,5]:0
(5,7.5]:0
(7.5,10]:0
(10,+Infinity]:0
(2025-09-11T06:34:19.4154142Z, 2025-09-11T06:34:32.8035112Z] http.request.method: PUT http.response.status_code: 404 http.route: api/Windows/{id:guid} network.protocol.version: 1.1 url.scheme: http Histogram
Value: Sum: 0.0017609 Count: 1 Min: 0.0017609 Max: 0.0017609 
(-Infinity,0.005]:1
(0.005,0.01]:0
(0.01,0.025]:0
(0.025,0.05]:0
(0.05,0.075]:0
(0.075,0.1]:0
(0.1,0.25]:0
(0.25,0.5]:0
(0.5,0.75]:0
(0.75,1]:0
(1,2.5]:0
(2.5,5]:0
(5,7.5]:0
(7.5,10]:0
(10,+Infinity]:0
Metric Name: aspnetcore.rate_limiting.active_request_leases, Number of HTTP requests that are currently active on the server that hold a rate limiting lease., Unit: {request}, Meter: Microsoft.AspNetCore.RateLimiting
(2025-09-11T06:34:19.4174718Z, 2025-09-11T06:34:32.8035120Z] LongSumNonMonotonic
Value: 0
Metric Name: aspnetcore.rate_limiting.request_lease.duration, The duration of rate limiting leases held by HTTP requests on the server., Unit: s, Meter: Microsoft.AspNetCore.RateLimiting
(2025-09-11T06:34:19.4174964Z, 2025-09-11T06:34:32.8035131Z] Histogram
Value: Sum: 12.929294 Count: 68 Min: 0.0004912 Max: 0.3332426 
(-Infinity,0.005]:18
(0.005,0.01]:3
(0.01,0.025]:4
(0.025,0.05]:0
(0.05,0.075]:0
(0.075,0.1]:0
(0.1,0.25]:0
(0.25,0.5]:43
(0.5,0.75]:0
(0.75,1]:0
(1,2.5]:0
(2.5,5]:0
(5,7.5]:0
(7.5,10]:0
(10,+Infinity]:0
Metric Name: aspnetcore.rate_limiting.requests, Number of requests that tried to acquire a rate limiting lease. Requests could be rejected by global or endpoint rate limiting policies. Or the request could be canceled while waiting for the lease., Unit: {request}, Meter: Microsoft.AspNetCore.RateLimiting
(2025-09-11T06:34:19.4175436Z, 2025-09-11T06:34:32.8035152Z] aspnetcore.rate_limiting.result: acquired LongSum
Value: 68
Metric Name: aspnetcore.routing.match_attempts, Number of requests that were attempted to be matched to an endpoint., Unit: {match_attempt}, Meter: Microsoft.AspNetCore.Routing
(2025-09-11T06:34:19.4184014Z, 2025-09-11T06:34:32.8035159Z] aspnetcore.routing.is_fallback: false aspnetcore.routing.match_status: success http.route: api/Auth/register LongSum
Value: 25
(2025-09-11T06:34:19.4184014Z, 2025-09-11T06:34:32.8035159Z] aspnetcore.routing.is_fallback: false aspnetcore.routing.match_status: success http.route: api/Auth/login LongSum
Value: 18
(2025-09-11T06:34:19.4184014Z, 2025-09-11T06:34:32.8035159Z] aspnetcore.routing.is_fallback: false aspnetcore.routing.match_status: success http.route: api/Windows LongSum
Value: 15
(2025-09-11T06:34:19.4184014Z, 2025-09-11T06:34:32.8035159Z] aspnetcore.routing.is_fallback: false aspnetcore.routing.match_status: success http.route: api/Windows/{id:guid} LongSum
Value: 10
[06:34:32 INF] Starting Crud API application {"Application": "Crud.Api"}
[06:34:32 INF] Using SQLite provider with connection: Data Source=TestDatabase.db {"Application": "Crud.Api"}
[06:34:32 INF] Database ensured successfully {"Application": "Crud.Api"}
[06:34:32 INF] Application configured successfully. Starting web host... {"Application": "Crud.Api"}
[06:34:32 INF] Resetting database for worker 12446 {"SourceContext": "Infrastructure.Services.DatabaseTestService", "Application": "Crud.Api"}
[06:34:32 INF] Resetting database via file deletion for worker 12446 in CI environment {"SourceContext": "Infrastructure.Services.DatabaseTestService", "Application": "Crud.Api"}
[06:34:32 INF] Acquiring database mutex for worker 12446... {"SourceContext": "Infrastructure.Services.DatabaseTestService", "Application": "Crud.Api"}
[06:34:32 INF] Database mutex acquired for worker 12446 {"SourceContext": "Infrastructure.Services.DatabaseTestService", "Application": "Crud.Api"}
[06:34:32 INF] Current database state - CanConnect: True {"SourceContext": "Infrastructure.Services.DatabaseTestService", "Application": "Crud.Api"}
[06:34:32 INF] [Phase 0] Closing database connection for worker 12446... {"SourceContext": "Infrastructure.Services.DatabaseTestService", "Application": "Crud.Api"}
[06:34:32 INF] [Phase 0] Connection closed in 0.0008ms {"SourceContext": "Infrastructure.Services.DatabaseTestService", "Application": "Crud.Api"}
[06:34:32 INF] [Phase 1] Starting EnsureDeletedAsync for worker 12446... {"SourceContext": "Infrastructure.Services.DatabaseTestService", "Application": "Crud.Api"}
[06:34:32 INF] [Phase 1] EnsureDeletedAsync completed in 1.3171ms {"SourceContext": "Infrastructure.Services.DatabaseTestService", "Application": "Crud.Api"}
[06:34:32 INF] [Phase 2] Starting EnsureCreatedAsync for worker 12446... {"SourceContext": "Infrastructure.Services.DatabaseTestService", "Application": "Crud.Api"}
[06:34:32 INF] [Phase 2] EnsureCreatedAsync completed in 8.3603ms {"SourceContext": "Infrastructure.Services.DatabaseTestService", "Application": "Crud.Api"}
[06:34:32 INF] [Phase 3] Skipping database seeding as requested for worker 12446 {"SourceContext": "Infrastructure.Services.DatabaseTestService", "Application": "Crud.Api"}
[06:34:32 INF] Database reset via file deletion completed for worker 12446 in 110.2912ms (Close: 0.0008ms, Delete: 1.3171ms, Create: 8.3603ms) {"SourceContext": "Infrastructure.Services.DatabaseTestService", "Application": "Crud.Api"}
[06:34:32 INF] Releasing database mutex for worker 12446 {"SourceContext": "Infrastructure.Services.DatabaseTestService", "Application": "Crud.Api"}
[06:34:32 WRN] Failed to determine the https port for redirect. {"EventId": {"Id": 3, "Name": "FailedToDeterminePort"}, "SourceContext": "Microsoft.AspNetCore.HttpsPolicy.HttpsRedirectionMiddleware", "RequestId": "0HNFGVK4NGD20", "RequestPath": "/api/auth/register", "Application": "Crud.Api"}
[06:34:32 ERR] An unhandled exception occurred during request POST /api/auth/register. Request ID: 0HNFGVK4NGD20, User: Anonymous {"SourceContext": "Api.Middleware.GlobalExceptionHandlingMiddleware", "RequestPath": "/api/auth/register", "Application": "Crud.Api"}
FluentValidation.ValidationException: Validation failed: 
 -- Email: Invalid email format Severity: Error
   at App.Behaviors.ValidationBehavior`2.Handle(TRequest request, RequestHandlerDelegate`1 next, CancellationToken cancellationToken) in /home/runner/work/Crud/Crud/src/App/Behaviors/ValidationBehavior.cs:line 39
   at Api.Controllers.AuthController.Register(RegisterUserCommand command, CancellationToken cancellationToken) in /home/runner/work/Crud/Crud/src/Api/Controllers/AuthController.cs:line 27
   at Microsoft.AspNetCore.Mvc.Infrastructure.ActionMethodExecutor.TaskOfIActionResultExecutor.Execute(ActionContext actionContext, IActionResultTypeMapper mapper, ObjectMethodExecutor executor, Object controller, Object[] arguments)
   at Microsoft.AspNetCore.Mvc.Infrastructure.ControllerActionInvoker.&lt;InvokeActionMethodAsync&gt;g__Logged|12_1(ControllerActionInvoker invoker)
   at Microsoft.AspNetCore.Mvc.Infrastructure.ControllerActionInvoker.&lt;InvokeNextActionFilterAsync&gt;g__Awaited|10_0(ControllerActionInvoker invoker, Task lastTask, State next, Scope scope, Object state, Boolean isCompleted)
   at Microsoft.AspNetCore.Mvc.Infrastructure.ControllerActionInvoker.Rethrow(ActionExecutedContextSealed context)
   at Microsoft.AspNetCore.Mvc.Infrastructure.ControllerActionInvoker.Next(State&amp; next, Scope&amp; scope, Object&amp; state, Boolean&amp; isCompleted)
   at Microsoft.AspNetCore.Mvc.Infrastructure.ControllerActionInvoker.InvokeInnerFilterAsync()
--- End of stack trace from previous location ---
   at Microsoft.AspNetCore.Mvc.Infrastructure.ResourceInvoker.&lt;InvokeFilterPipelineAsync&gt;g__Awaited|20_0(ResourceInvoker invoker, Task lastTask, State next, Scope scope, Object state, Boolean isCompleted)
   at Microsoft.AspNetCore.Mvc.Infrastructure.ResourceInvoker.&lt;InvokeAsync&gt;g__Logged|17_1(ResourceInvoker invoker)
   at Microsoft.AspNetCore.Mvc.Infrastructure.ResourceInvoker.&lt;InvokeAsync&gt;g__Logged|17_1(ResourceInvoker invoker)
   at Api.Middleware.ConditionalRequestMiddleware.InvokeAsync(HttpContext context) in /home/runner/work/Crud/Crud/src/Api/Middleware/ConditionalRequestMiddleware.cs:line 31
   at Microsoft.AspNetCore.Authorization.AuthorizationMiddleware.Invoke(HttpContext context)
   at Microsoft.AspNetCore.Authentication.AuthenticationMiddleware.Invoke(HttpContext context)
   at Microsoft.AspNetCore.RateLimiting.RateLimitingMiddleware.InvokeInternal(HttpContext context, EnableRateLimitingAttribute enableRateLimitingAttribute)
   at Api.Middleware.GlobalExceptionHandlingMiddleware.InvokeAsync(HttpContext context) in /home/runner/work/Crud/Crud/src/Api/Middleware/GlobalExceptionHandlingMiddleware.cs:line 27
Activity.TraceId:            0d7574c213fc20b84813a8fc88efa004
Activity.SpanId:             5eeb09c5d035a894
Activity.TraceFlags:         Recorded
Activity.ActivitySourceName: Microsoft.AspNetCore
Activity.DisplayName:        POST api/Auth/register
Activity.Kind:               Server
Activity.StartTime:          2025-09-11T06:34:32.9493028Z
Activity.Duration:           00:00:00.0132021
Activity.Tags:
    server.address: localhost
    http.request.method: POST
    url.scheme: http
    url.path: /api/auth/register
    network.protocol.version: 1.1
    http.route: api/Auth/register
    http.response.status_code: 400
Resource associated with Activity:
    deployment.environment: Testing
    service.name: Crud.Api
    service.version: 1.0.0
    service.instance.id: 10e2e254-224c-48e1-a2d2-8bbb5483cf26
    telemetry.sdk.name: opentelemetry
    telemetry.sdk.language: dotnet
    telemetry.sdk.version: 1.8.1
❌ POST /api/auth/register failed:
   Status: BadRequest (400)
   Reason: Bad Request
   Response Body: {"status":400,"title":"Validation Failed","detail":null,"errors":{"Email":["Invalid email format"]},"traceId":"5fe8e320-704b-4b95-887e-31a042f57d86","timestamp":"2025-09-11T06:34:32.9623715Z"}
   Content Headers: Content-Type=application/json
[06:34:32 INF] Resetting database for worker 12446 {"SourceContext": "Infrastructure.Services.DatabaseTestService", "Application": "Crud.Api"}
[06:34:32 INF] Resetting database via file deletion for worker 12446 in CI environment {"SourceContext": "Infrastructure.Services.DatabaseTestService", "Application": "Crud.Api"}
[06:34:32 INF] Acquiring database mutex for worker 12446... {"SourceContext": "Infrastructure.Services.DatabaseTestService", "Application": "Crud.Api"}
[06:34:32 INF] Database mutex acquired for worker 12446 {"SourceContext": "Infrastructure.Services.DatabaseTestService", "Application": "Crud.Api"}
[06:34:32 INF] Current database state - CanConnect: True {"SourceContext": "Infrastructure.Services.DatabaseTestService", "Application": "Crud.Api"}
[06:34:32 INF] [Phase 0] Closing database connection for worker 12446... {"SourceContext": "Infrastructure.Services.DatabaseTestService", "Application": "Crud.Api"}
[06:34:32 INF] [Phase 0] Connection closed in 0.001ms {"SourceContext": "Infrastructure.Services.DatabaseTestService", "Application": "Crud.Api"}
[06:34:32 INF] [Phase 1] Starting EnsureDeletedAsync for worker 12446... {"SourceContext": "Infrastructure.Services.DatabaseTestService", "Application": "Crud.Api"}
[06:34:32 INF] [Phase 1] EnsureDeletedAsync completed in 1.3479ms {"SourceContext": "Infrastructure.Services.DatabaseTestService", "Application": "Crud.Api"}
[06:34:33 INF] [Phase 2] Starting EnsureCreatedAsync for worker 12446... {"SourceContext": "Infrastructure.Services.DatabaseTestService", "Application": "Crud.Api"}
[06:34:33 INF] [Phase 2] EnsureCreatedAsync completed in 8.053ms {"SourceContext": "Infrastructure.Services.DatabaseTestService", "Application": "Crud.Api"}
[06:34:33 INF] [Phase 3] Skipping database seeding as requested for worker 12446 {"SourceContext": "Infrastructure.Services.DatabaseTestService", "Application": "Crud.Api"}
[06:34:33 INF] Database reset via file deletion completed for worker 12446 in 109.6154ms (Close: 0.001ms, Delete: 1.3479ms, Create: 8.053ms) {"SourceContext": "Infrastructure.Services.DatabaseTestService", "Application": "Crud.Api"}
[06:34:33 INF] Releasing database mutex for worker 12446 {"SourceContext": "Infrastructure.Services.DatabaseTestService", "Application": "Crud.Api"}
[06:34:33 INF] Resetting database for worker 12446 {"SourceContext": "Infrastructure.Services.DatabaseTestService", "Application": "Crud.Api"}
[06:34:33 INF] Resetting database via file deletion for worker 12446 in CI environment {"SourceContext": "Infrastructure.Services.DatabaseTestService", "Application": "Crud.Api"}
[06:34:33 INF] Acquiring database mutex for worker 12446... {"SourceContext": "Infrastructure.Services.DatabaseTestService", "Application": "Crud.Api"}
[06:34:33 INF] Database mutex acquired for worker 12446 {"SourceContext": "Infrastructure.Services.DatabaseTestService", "Application": "Crud.Api"}
[06:34:33 INF] Current database state - CanConnect: True {"SourceContext": "Infrastructure.Services.DatabaseTestService", "Application": "Crud.Api"}
[06:34:33 INF] [Phase 0] Closing database connection for worker 12446... {"SourceContext": "Infrastructure.Services.DatabaseTestService", "Application": "Crud.Api"}
[06:34:33 INF] [Phase 0] Connection closed in 0.0006ms {"SourceContext": "Infrastructure.Services.DatabaseTestService", "Application": "Crud.Api"}
[06:34:33 INF] [Phase 1] Starting EnsureDeletedAsync for worker 12446... {"SourceContext": "Infrastructure.Services.DatabaseTestService", "Application": "Crud.Api"}
[06:34:33 INF] [Phase 1] EnsureDeletedAsync completed in 1.2549ms {"SourceContext": "Infrastructure.Services.DatabaseTestService", "Application": "Crud.Api"}
[06:34:33 INF] [Phase 2] Starting EnsureCreatedAsync for worker 12446... {"SourceContext": "Infrastructure.Services.DatabaseTestService", "Application": "Crud.Api"}
[06:34:33 INF] [Phase 2] EnsureCreatedAsync completed in 7.3143ms {"SourceContext": "Infrastructure.Services.DatabaseTestService", "Application": "Crud.Api"}
[06:34:33 INF] [Phase 3] Skipping database seeding as requested for worker 12446 {"SourceContext": "Infrastructure.Services.DatabaseTestService", "Application": "Crud.Api"}
[06:34:33 INF] Database reset via file deletion completed for worker 12446 in 108.9637ms (Close: 0.0006ms, Delete: 1.2549ms, Create: 7.3143ms) {"SourceContext": "Infrastructure.Services.DatabaseTestService", "Application": "Crud.Api"}
[06:34:33 INF] Releasing database mutex for worker 12446 {"SourceContext": "Infrastructure.Services.DatabaseTestService", "Application": "Crud.Api"}
[06:34:33 INF] User registered successfully: c8f7cd16-e498-41f4-a3f4-a39b1870ca6a {"SourceContext": "App.Features.Authentication.RegisterUserCommandHandler", "ActionId": "8d7f1f6e-1b7e-4a81-9607-2349cf979d15", "ActionName": "Api.Controllers.AuthController.Register (Api)", "RequestId": "0HNFGVK4NGD21", "RequestPath": "/api/auth/register", "Application": "Crud.Api"}
Activity.TraceId:            414c9e1875bd561e9f02af33445d34bd
Activity.SpanId:             92cf724f2810e444
Activity.TraceFlags:         Recorded
Activity.ActivitySourceName: Microsoft.AspNetCore
Activity.DisplayName:        POST api/Auth/register
Activity.Kind:               Server
Activity.StartTime:          2025-09-11T06:34:33.1874066Z
Activity.Duration:           00:00:00.2995050
Activity.Tags:
    server.address: localhost
    http.request.method: POST
    url.scheme: http
    url.path: /api/auth/register
    network.protocol.version: 1.1
    http.route: api/Auth/register
    http.response.status_code: 200
Resource associated with Activity:
    deployment.environment: Testing
    service.name: Crud.Api
    service.version: 1.0.0
    service.instance.id: 10e2e254-224c-48e1-a2d2-8bbb5483cf26
    telemetry.sdk.name: opentelemetry
    telemetry.sdk.language: dotnet
    telemetry.sdk.version: 1.8.1
[06:34:33 WRN] Registration attempt with existing email: existing@example.com {"SourceContext": "App.Features.Authentication.RegisterUserCommandHandler", "ActionId": "8d7f1f6e-1b7e-4a81-9607-2349cf979d15", "ActionName": "Api.Controllers.AuthController.Register (Api)", "RequestId": "0HNFGVK4NGD22", "RequestPath": "/api/auth/register", "Application": "Crud.Api"}
Activity.TraceId:            ee553e87d04c5e774d3f2520a3b3a2bf
Activity.SpanId:             8fe988a2f9cd1e9b
Activity.TraceFlags:         Recorded
Activity.ActivitySourceName: Microsoft.AspNetCore
Activity.DisplayName:        POST api/Auth/register
Activity.Kind:               Server
Activity.StartTime:          2025-09-11T06:34:33.4874907Z
Activity.Duration:           00:00:00.0043277
Activity.Tags:
    server.address: localhost
    http.request.method: POST
    url.scheme: http
    url.path: /api/auth/register
    network.protocol.version: 1.1
    http.route: api/Auth/register
❌ POST /api/auth/register failed:
    http.response.status_code: 400
Resource associated with Activity:
    deployment.environment: Testing
   Status: BadRequest (400)
    service.name: Crud.Api
    service.version: 1.0.0
   Reason: Bad Request
    service.instance.id: 10e2e254-224c-48e1-a2d2-8bbb5483cf26
   Response Body: {"error":"Email already exists"}
    telemetry.sdk.name: opentelemetry
    telemetry.sdk.language: dotnet
    telemetry.sdk.version: 1.8.1
   Content Headers: Content-Type=application/json; charset=utf-8
[06:34:33 INF] Resetting database for worker 12446 {"SourceContext": "Infrastructure.Services.DatabaseTestService", "Application": "Crud.Api"}
[06:34:33 INF] Resetting database via file deletion for worker 12446 in CI environment {"SourceContext": "Infrastructure.Services.DatabaseTestService", "Application": "Crud.Api"}
[06:34:33 INF] Acquiring database mutex for worker 12446... {"SourceContext": "Infrastructure.Services.DatabaseTestService", "Application": "Crud.Api"}
[06:34:33 INF] Database mutex acquired for worker 12446 {"SourceContext": "Infrastructure.Services.DatabaseTestService", "Application": "Crud.Api"}
[06:34:33 INF] Current database state - CanConnect: True {"SourceContext": "Infrastructure.Services.DatabaseTestService", "Application": "Crud.Api"}
[06:34:33 INF] [Phase 0] Closing database connection for worker 12446... {"SourceContext": "Infrastructure.Services.DatabaseTestService", "Application": "Crud.Api"}
[06:34:33 INF] [Phase 0] Connection closed in 0.0006ms {"SourceContext": "Infrastructure.Services.DatabaseTestService", "Application": "Crud.Api"}
[06:34:33 INF] [Phase 1] Starting EnsureDeletedAsync for worker 12446... {"SourceContext": "Infrastructure.Services.DatabaseTestService", "Application": "Crud.Api"}
[06:34:33 INF] [Phase 1] EnsureDeletedAsync completed in 1.4437ms {"SourceContext": "Infrastructure.Services.DatabaseTestService", "Application": "Crud.Api"}
[06:34:33 INF] [Phase 2] Starting EnsureCreatedAsync for worker 12446... {"SourceContext": "Infrastructure.Services.DatabaseTestService", "Application": "Crud.Api"}
[06:34:33 INF] [Phase 2] EnsureCreatedAsync completed in 7.7781ms {"SourceContext": "Infrastructure.Services.DatabaseTestService", "Application": "Crud.Api"}
[06:34:33 INF] [Phase 3] Skipping database seeding as requested for worker 12446 {"SourceContext": "Infrastructure.Services.DatabaseTestService", "Application": "Crud.Api"}
[06:34:33 INF] Database reset via file deletion completed for worker 12446 in 110.6717ms (Close: 0.0006ms, Delete: 1.4437ms, Create: 7.7781ms) {"SourceContext": "Infrastructure.Services.DatabaseTestService", "Application": "Crud.Api"}
[06:34:33 INF] Releasing database mutex for worker 12446 {"SourceContext": "Infrastructure.Services.DatabaseTestService", "Application": "Crud.Api"}
[06:34:33 INF] Resetting database for worker 12446 {"SourceContext": "Infrastructure.Services.DatabaseTestService", "Application": "Crud.Api"}
[06:34:33 INF] Resetting database via file deletion for worker 12446 in CI environment {"SourceContext": "Infrastructure.Services.DatabaseTestService", "Application": "Crud.Api"}
[06:34:33 INF] Acquiring database mutex for worker 12446... {"SourceContext": "Infrastructure.Services.DatabaseTestService", "Application": "Crud.Api"}
[06:34:33 INF] Database mutex acquired for worker 12446 {"SourceContext": "Infrastructure.Services.DatabaseTestService", "Application": "Crud.Api"}
[06:34:33 INF] Current database state - CanConnect: True {"SourceContext": "Infrastructure.Services.DatabaseTestService", "Application": "Crud.Api"}
[06:34:33 INF] [Phase 0] Closing database connection for worker 12446... {"SourceContext": "Infrastructure.Services.DatabaseTestService", "Application": "Crud.Api"}
[06:34:33 INF] [Phase 0] Connection closed in 0.0006ms {"SourceContext": "Infrastructure.Services.DatabaseTestService", "Application": "Crud.Api"}
[06:34:33 INF] [Phase 1] Starting EnsureDeletedAsync for worker 12446... {"SourceContext": "Infrastructure.Services.DatabaseTestService", "Application": "Crud.Api"}
[06:34:33 INF] [Phase 1] EnsureDeletedAsync completed in 1.0676ms {"SourceContext": "Infrastructure.Services.DatabaseTestService", "Application": "Crud.Api"}
[06:34:33 INF] [Phase 2] Starting EnsureCreatedAsync for worker 12446... {"SourceContext": "Infrastructure.Services.DatabaseTestService", "Application": "Crud.Api"}
[06:34:33 INF] [Phase 2] EnsureCreatedAsync completed in 7.4336ms {"SourceContext": "Infrastructure.Services.DatabaseTestService", "Application": "Crud.Api"}
[06:34:33 INF] [Phase 3] Skipping database seeding as requested for worker 12446 {"SourceContext": "Infrastructure.Services.DatabaseTestService", "Application": "Crud.Api"}
[06:34:33 INF] Database reset via file deletion completed for worker 12446 in 109.2157ms (Close: 0.0006ms, Delete: 1.0676ms, Create: 7.4336ms) {"SourceContext": "Infrastructure.Services.DatabaseTestService", "Application": "Crud.Api"}
[06:34:33 INF] Releasing database mutex for worker 12446 {"SourceContext": "Infrastructure.Services.DatabaseTestService", "Application": "Crud.Api"}
[06:34:34 INF] User registered successfully: ce6fd8bf-7694-47db-aea8-ab781ae0ed8a {"SourceContext": "App.Features.Authentication.RegisterUserCommandHandler", "ActionId": "8d7f1f6e-1b7e-4a81-9607-2349cf979d15", "ActionName": "Api.Controllers.AuthController.Register (Api)", "RequestId": "0HNFGVK4NGD23", "RequestPath": "/api/auth/register", "Application": "Crud.Api"}
Activity.TraceId:            3591bb800d9886f33123d2724ad3c579
Activity.SpanId:             65fcfc5b1e910771
Activity.TraceFlags:         Recorded
Activity.ActivitySourceName: Microsoft.AspNetCore
Activity.DisplayName:        POST api/Auth/register
Activity.Kind:               Server
Activity.StartTime:          2025-09-11T06:34:33.7163104Z
Activity.Duration:           00:00:00.3352069
Activity.Tags:
    server.address: localhost
    http.request.method: POST
    url.scheme: http
    url.path: /api/auth/register
    network.protocol.version: 1.1
    http.route: api/Auth/register
    http.response.status_code: 200
Resource associated with Activity:
    deployment.environment: Testing
    service.name: Crud.Api
    service.version: 1.0.0
    service.instance.id: 10e2e254-224c-48e1-a2d2-8bbb5483cf26
    telemetry.sdk.name: opentelemetry
    telemetry.sdk.language: dotnet
    telemetry.sdk.version: 1.8.1
[06:34:34 INF] User logged in successfully: ce6fd8bf-7694-47db-aea8-ab781ae0ed8a {"SourceContext": "App.Features.Authentication.LoginCommandHandler", "ActionId": "5c856ea5-8d28-4ba1-be67-e0f3d147452b", "ActionName": "Api.Controllers.AuthController.Login (Api)", "RequestId": "0HNFGVK4NGD24", "RequestPath": "/api/auth/login", "Application": "Crud.Api"}
Activity.TraceId:            7f4d09d5dec588fb1e5c7112a03a9749
Activity.SpanId:             5fdde5f42ced3690
Activity.TraceFlags:         Recorded
Activity.ActivitySourceName: Microsoft.AspNetCore
Activity.DisplayName:        POST api/Auth/login
Activity.Kind:               Server
Activity.StartTime:          2025-09-11T06:34:34.0522434Z
Activity.Duration:           00:00:00.3011020
Activity.Tags:
    server.address: localhost
    http.request.method: POST
    url.scheme: http
    url.path: /api/auth/login
    network.protocol.version: 1.1
    http.route: api/Auth/login
    http.response.status_code: 200
Resource associated with Activity:
    deployment.environment: Testing
    service.name: Crud.Api
    service.version: 1.0.0
    service.instance.id: 10e2e254-224c-48e1-a2d2-8bbb5483cf26
    telemetry.sdk.name: opentelemetry
    telemetry.sdk.language: dotnet
    telemetry.sdk.version: 1.8.1
[06:34:34 INF] Refresh token rotated successfully for user: ce6fd8bf-7694-47db-aea8-ab781ae0ed8a {"SourceContext": "App.Features.Authentication.RefreshTokenCommandHandler", "ActionId": "9ee4484f-05b5-4549-b54a-006007278468", "ActionName": "Api.Controllers.AuthController.Refresh (Api)", "RequestId": "0HNFGVK4NGD25", "RequestPath": "/api/auth/refresh", "Application": "Crud.Api"}
Activity.TraceId:            43f13a6e5d2d895dc02477b208443147
Activity.SpanId:             b5b789ba5aa166c0
Activity.TraceFlags:         Recorded
Activity.ActivitySourceName: Microsoft.AspNetCore
Activity.DisplayName:        POST api/Auth/refresh
Activity.Kind:               Server
Activity.StartTime:          2025-09-11T06:34:34.3571774Z
Activity.Duration:           00:00:00.0202781
Activity.Tags:
    server.address: localhost
    http.request.method: POST
    url.scheme: http
    url.path: /api/auth/refresh
    network.protocol.version: 1.1
    http.route: api/Auth/refresh
    http.response.status_code: 200
Resource associated with Activity:
    deployment.environment: Testing
    service.name: Crud.Api
    service.version: 1.0.0
    service.instance.id: 10e2e254-224c-48e1-a2d2-8bbb5483cf26
    telemetry.sdk.name: opentelemetry
    telemetry.sdk.language: dotnet
    telemetry.sdk.version: 1.8.1
[06:34:34 INF] Resetting database for worker 12446 {"SourceContext": "Infrastructure.Services.DatabaseTestService", "Application": "Crud.Api"}
[06:34:34 INF] Resetting database via file deletion for worker 12446 in CI environment {"SourceContext": "Infrastructure.Services.DatabaseTestService", "Application": "Crud.Api"}
[06:34:34 INF] Acquiring database mutex for worker 12446... {"SourceContext": "Infrastructure.Services.DatabaseTestService", "Application": "Crud.Api"}
[06:34:34 INF] Database mutex acquired for worker 12446 {"SourceContext": "Infrastructure.Services.DatabaseTestService", "Application": "Crud.Api"}
[06:34:34 INF] Current database state - CanConnect: True {"SourceContext": "Infrastructure.Services.DatabaseTestService", "Application": "Crud.Api"}
[06:34:34 INF] [Phase 0] Closing database connection for worker 12446... {"SourceContext": "Infrastructure.Services.DatabaseTestService", "Application": "Crud.Api"}
[06:34:34 INF] [Phase 0] Connection closed in 0.0009ms {"SourceContext": "Infrastructure.Services.DatabaseTestService", "Application": "Crud.Api"}
[06:34:34 INF] [Phase 1] Starting EnsureDeletedAsync for worker 12446... {"SourceContext": "Infrastructure.Services.DatabaseTestService", "Application": "Crud.Api"}
[06:34:34 INF] [Phase 1] EnsureDeletedAsync completed in 1.257ms {"SourceContext": "Infrastructure.Services.DatabaseTestService", "Application": "Crud.Api"}
[06:34:34 INF] [Phase 2] Starting EnsureCreatedAsync for worker 12446... {"SourceContext": "Infrastructure.Services.DatabaseTestService", "Application": "Crud.Api"}
[06:34:34 INF] [Phase 2] EnsureCreatedAsync completed in 24.4968ms {"SourceContext": "Infrastructure.Services.DatabaseTestService", "Application": "Crud.Api"}
[06:34:34 INF] [Phase 3] Skipping database seeding as requested for worker 12446 {"SourceContext": "Infrastructure.Services.DatabaseTestService", "Application": "Crud.Api"}
[06:34:34 INF] Database reset via file deletion completed for worker 12446 in 126.8519ms (Close: 0.0009ms, Delete: 1.257ms, Create: 24.4968ms) {"SourceContext": "Infrastructure.Services.DatabaseTestService", "Application": "Crud.Api"}
[06:34:34 INF] Releasing database mutex for worker 12446 {"SourceContext": "Infrastructure.Services.DatabaseTestService", "Application": "Crud.Api"}
[06:34:34 INF] Resetting database for worker 12446 {"SourceContext": "Infrastructure.Services.DatabaseTestService", "Application": "Crud.Api"}
[06:34:34 INF] Resetting database via file deletion for worker 12446 in CI environment {"SourceContext": "Infrastructure.Services.DatabaseTestService", "Application": "Crud.Api"}
[06:34:34 INF] Acquiring database mutex for worker 12446... {"SourceContext": "Infrastructure.Services.DatabaseTestService", "Application": "Crud.Api"}
[06:34:34 INF] Database mutex acquired for worker 12446 {"SourceContext": "Infrastructure.Services.DatabaseTestService", "Application": "Crud.Api"}
[06:34:34 INF] Current database state - CanConnect: True {"SourceContext": "Infrastructure.Services.DatabaseTestService", "Application": "Crud.Api"}
[06:34:34 INF] [Phase 0] Closing database connection for worker 12446... {"SourceContext": "Infrastructure.Services.DatabaseTestService", "Application": "Crud.Api"}
[06:34:34 INF] [Phase 0] Connection closed in 0.0007ms {"SourceContext": "Infrastructure.Services.DatabaseTestService", "Application": "Crud.Api"}
[06:34:34 INF] [Phase 1] Starting EnsureDeletedAsync for worker 12446... {"SourceContext": "Infrastructure.Services.DatabaseTestService", "Application": "Crud.Api"}
[06:34:34 INF] [Phase 1] EnsureDeletedAsync completed in 1.0544ms {"SourceContext": "Infrastructure.Services.DatabaseTestService", "Application": "Crud.Api"}
[06:34:34 INF] [Phase 2] Starting EnsureCreatedAsync for worker 12446... {"SourceContext": "Infrastructure.Services.DatabaseTestService", "Application": "Crud.Api"}
[06:34:34 INF] [Phase 2] EnsureCreatedAsync completed in 8.1131ms {"SourceContext": "Infrastructure.Services.DatabaseTestService", "Application": "Crud.Api"}
[06:34:34 INF] [Phase 3] Skipping database seeding as requested for worker 12446 {"SourceContext": "Infrastructure.Services.DatabaseTestService", "Application": "Crud.Api"}
[06:34:34 INF] Database reset via file deletion completed for worker 12446 in 110.8042ms (Close: 0.0007ms, Delete: 1.0544ms, Create: 8.1131ms) {"SourceContext": "Infrastructure.Services.DatabaseTestService", "Application": "Crud.Api"}
[06:34:34 INF] Releasing database mutex for worker 12446 {"SourceContext": "Infrastructure.Services.DatabaseTestService", "Application": "Crud.Api"}
[06:34:34 WRN] Login attempt with non-existent email address {"SourceContext": "App.Features.Authentication.LoginCommandHandler", "ActionId": "5c856ea5-8d28-4ba1-be67-e0f3d147452b", "ActionName": "Api.Controllers.AuthController.Login (Api)", "RequestId": "0HNFGVK4NGD26", "RequestPath": "/api/auth/login", "Application": "Crud.Api"}
Activity.TraceId:            8a08d10c4ebbd1282927f6d50f554e29
Activity.SpanId:             f7862678fa328e7e
Activity.TraceFlags:         Recorded
Activity.ActivitySourceName: Microsoft.AspNetCore
Activity.DisplayName:        POST api/Auth/login
Activity.Kind:               Server
Activity.StartTime:          2025-09-11T06:34:34.6202360Z
Activity.Duration:           00:00:00.0013286
Activity.Tags:
    server.address: localhost
    http.request.method: POST
    url.scheme: http
    url.path: /api/auth/login
    network.protocol.version: 1.1
    http.route: api/Auth/login
    http.response.status_code: 401
Resource associated with Activity:
    deployment.environment: Testing
    service.name: Crud.Api
    service.version: 1.0.0
    service.instance.id: 10e2e254-224c-48e1-a2d2-8bbb5483cf26
    telemetry.sdk.name: opentelemetry
    telemetry.sdk.language: dotnet
    telemetry.sdk.version: 1.8.1
[06:34:34 INF] Resetting database for worker 12446 {"SourceContext": "Infrastructure.Services.DatabaseTestService", "Application": "Crud.Api"}
[06:34:34 INF] Resetting database via file deletion for worker 12446 in CI environment {"SourceContext": "Infrastructure.Services.DatabaseTestService", "Application": "Crud.Api"}
[06:34:34 INF] Acquiring database mutex for worker 12446... {"SourceContext": "Infrastructure.Services.DatabaseTestService", "Application": "Crud.Api"}
[06:34:34 INF] Database mutex acquired for worker 12446 {"SourceContext": "Infrastructure.Services.DatabaseTestService", "Application": "Crud.Api"}
[06:34:34 INF] Current database state - CanConnect: True {"SourceContext": "Infrastructure.Services.DatabaseTestService", "Application": "Crud.Api"}
[06:34:34 INF] [Phase 0] Closing database connection for worker 12446... {"SourceContext": "Infrastructure.Services.DatabaseTestService", "Application": "Crud.Api"}
[06:34:34 INF] [Phase 0] Connection closed in 0.0007ms {"SourceContext": "Infrastructure.Services.DatabaseTestService", "Application": "Crud.Api"}
[06:34:34 INF] [Phase 1] Starting EnsureDeletedAsync for worker 12446... {"SourceContext": "Infrastructure.Services.DatabaseTestService", "Application": "Crud.Api"}
[06:34:34 INF] [Phase 1] EnsureDeletedAsync completed in 2.0791ms {"SourceContext": "Infrastructure.Services.DatabaseTestService", "Application": "Crud.Api"}
[06:34:34 INF] [Phase 2] Starting EnsureCreatedAsync for worker 12446... {"SourceContext": "Infrastructure.Services.DatabaseTestService", "Application": "Crud.Api"}
[06:34:34 INF] [Phase 2] EnsureCreatedAsync completed in 7.8869ms {"SourceContext": "Infrastructure.Services.DatabaseTestService", "Application": "Crud.Api"}
[06:34:34 INF] [Phase 3] Skipping database seeding as requested for worker 12446 {"SourceContext": "Infrastructure.Services.DatabaseTestService", "Application": "Crud.Api"}
[06:34:34 INF] Database reset via file deletion completed for worker 12446 in 110.3317ms (Close: 0.0007ms, Delete: 2.0791ms, Create: 7.8869ms) {"SourceContext": "Infrastructure.Services.DatabaseTestService", "Application": "Crud.Api"}
[06:34:34 INF] Releasing database mutex for worker 12446 {"SourceContext": "Infrastructure.Services.DatabaseTestService", "Application": "Crud.Api"}
[06:34:34 INF] Resetting database for worker 12446 {"SourceContext": "Infrastructure.Services.DatabaseTestService", "Application": "Crud.Api"}
[06:34:34 INF] Resetting database via file deletion for worker 12446 in CI environment {"SourceContext": "Infrastructure.Services.DatabaseTestService", "Application": "Crud.Api"}
[06:34:34 INF] Acquiring database mutex for worker 12446... {"SourceContext": "Infrastructure.Services.DatabaseTestService", "Application": "Crud.Api"}
[06:34:34 INF] Database mutex acquired for worker 12446 {"SourceContext": "Infrastructure.Services.DatabaseTestService", "Application": "Crud.Api"}
[06:34:34 INF] Current database state - CanConnect: True {"SourceContext": "Infrastructure.Services.DatabaseTestService", "Application": "Crud.Api"}
[06:34:34 INF] [Phase 0] Closing database connection for worker 12446... {"SourceContext": "Infrastructure.Services.DatabaseTestService", "Application": "Crud.Api"}
[06:34:34 INF] [Phase 0] Connection closed in 0.0006ms {"SourceContext": "Infrastructure.Services.DatabaseTestService", "Application": "Crud.Api"}
[06:34:34 INF] [Phase 1] Starting EnsureDeletedAsync for worker 12446... {"SourceContext": "Infrastructure.Services.DatabaseTestService", "Application": "Crud.Api"}
[06:34:34 INF] [Phase 1] EnsureDeletedAsync completed in 1.1625ms {"SourceContext": "Infrastructure.Services.DatabaseTestService", "Application": "Crud.Api"}
[06:34:34 INF] [Phase 2] Starting EnsureCreatedAsync for worker 12446... {"SourceContext": "Infrastructure.Services.DatabaseTestService", "Application": "Crud.Api"}
[06:34:34 INF] [Phase 2] EnsureCreatedAsync completed in 8.0212ms {"SourceContext": "Infrastructure.Services.DatabaseTestService", "Application": "Crud.Api"}
[06:34:34 INF] [Phase 3] Skipping database seeding as requested for worker 12446 {"SourceContext": "Infrastructure.Services.DatabaseTestService", "Application": "Crud.Api"}
[06:34:34 INF] Database reset via file deletion completed for worker 12446 in 109.8074ms (Close: 0.0006ms, Delete: 1.1625ms, Create: 8.0212ms) {"SourceContext": "Infrastructure.Services.DatabaseTestService", "Application": "Crud.Api"}
[06:34:34 INF] Releasing database mutex for worker 12446 {"SourceContext": "Infrastructure.Services.DatabaseTestService", "Application": "Crud.Api"}
[06:34:35 INF] User registered successfully: 55ba616b-5405-4e1a-9e71-313222b976e3 {"SourceContext": "App.Features.Authentication.RegisterUserCommandHandler", "ActionId": "8d7f1f6e-1b7e-4a81-9607-2349cf979d15", "ActionName": "Api.Controllers.AuthController.Register (Api)", "RequestId": "0HNFGVK4NGD27", "RequestPath": "/api/auth/register", "Application": "Crud.Api"}
Activity.TraceId:            f0d7dde9b1ea08a49748c26176acdae5
Activity.SpanId:             9132262a54fd1536
Activity.TraceFlags:         Recorded
Activity.ActivitySourceName: Microsoft.AspNetCore
Activity.DisplayName:        POST api/Auth/register
Activity.Kind:               Server
Activity.StartTime:          2025-09-11T06:34:34.8463594Z
Activity.Duration:           00:00:00.2990171
Activity.Tags:
    server.address: localhost
    http.request.method: POST
    url.scheme: http
    url.path: /api/auth/register
    network.protocol.version: 1.1
    http.route: api/Auth/register
    http.response.status_code: 200
Resource associated with Activity:
    deployment.environment: Testing
    service.name: Crud.Api
    service.version: 1.0.0
    service.instance.id: 10e2e254-224c-48e1-a2d2-8bbb5483cf26
    telemetry.sdk.name: opentelemetry
    telemetry.sdk.language: dotnet
    telemetry.sdk.version: 1.8.1
[06:34:35 INF] User logged in successfully: 55ba616b-5405-4e1a-9e71-313222b976e3 {"SourceContext": "App.Features.Authentication.LoginCommandHandler", "ActionId": "5c856ea5-8d28-4ba1-be67-e0f3d147452b", "ActionName": "Api.Controllers.AuthController.Login (Api)", "RequestId": "0HNFGVK4NGD28", "RequestPath": "/api/auth/login", "Application": "Crud.Api"}
Activity.TraceId:            9ecd0321f90510b9522197055828f629
Activity.SpanId:             966d856d544f9de5
Activity.TraceFlags:         Recorded
Activity.ActivitySourceName: Microsoft.AspNetCore
Activity.DisplayName:        POST api/Auth/login
Activity.Kind:               Server
Activity.StartTime:          2025-09-11T06:34:35.1460234Z
Activity.Duration:           00:00:00.2976273
Activity.Tags:
    server.address: localhost
    http.request.method: POST
    url.scheme: http
    url.path: /api/auth/login
    network.protocol.version: 1.1
    http.route: api/Auth/login
    http.response.status_code: 200
Resource associated with Activity:
    deployment.environment: Testing
    service.name: Crud.Api
    service.version: 1.0.0
    service.instance.id: 10e2e254-224c-48e1-a2d2-8bbb5483cf26
    telemetry.sdk.name: opentelemetry
    telemetry.sdk.language: dotnet
    telemetry.sdk.version: 1.8.1
[06:34:35 INF] Resetting database for worker 12446 {"SourceContext": "Infrastructure.Services.DatabaseTestService", "Application": "Crud.Api"}
[06:34:35 INF] Resetting database via file deletion for worker 12446 in CI environment {"SourceContext": "Infrastructure.Services.DatabaseTestService", "Application": "Crud.Api"}
[06:34:35 INF] Acquiring database mutex for worker 12446... {"SourceContext": "Infrastructure.Services.DatabaseTestService", "Application": "Crud.Api"}
[06:34:35 INF] Database mutex acquired for worker 12446 {"SourceContext": "Infrastructure.Services.DatabaseTestService", "Application": "Crud.Api"}
[06:34:35 INF] Current database state - CanConnect: True {"SourceContext": "Infrastructure.Services.DatabaseTestService", "Application": "Crud.Api"}
[06:34:35 INF] [Phase 0] Closing database connection for worker 12446... {"SourceContext": "Infrastructure.Services.DatabaseTestService", "Application": "Crud.Api"}
[06:34:35 INF] [Phase 0] Connection closed in 0.0006ms {"SourceContext": "Infrastructure.Services.DatabaseTestService", "Application": "Crud.Api"}
[06:34:35 INF] [Phase 1] Starting EnsureDeletedAsync for worker 12446... {"SourceContext": "Infrastructure.Services.DatabaseTestService", "Application": "Crud.Api"}
[06:34:35 INF] [Phase 1] EnsureDeletedAsync completed in 1.2387ms {"SourceContext": "Infrastructure.Services.DatabaseTestService", "Application": "Crud.Api"}
[06:34:35 INF] [Phase 2] Starting EnsureCreatedAsync for worker 12446... {"SourceContext": "Infrastructure.Services.DatabaseTestService", "Application": "Crud.Api"}
[06:34:35 INF] [Phase 2] EnsureCreatedAsync completed in 7.3046ms {"SourceContext": "Infrastructure.Services.DatabaseTestService", "Application": "Crud.Api"}
[06:34:35 INF] [Phase 3] Skipping database seeding as requested for worker 12446 {"SourceContext": "Infrastructure.Services.DatabaseTestService", "Application": "Crud.Api"}
[06:34:35 INF] Database reset via file deletion completed for worker 12446 in 109.0186ms (Close: 0.0006ms, Delete: 1.2387ms, Create: 7.3046ms) {"SourceContext": "Infrastructure.Services.DatabaseTestService", "Application": "Crud.Api"}
[06:34:35 INF] Releasing database mutex for worker 12446 {"SourceContext": "Infrastructure.Services.DatabaseTestService", "Application": "Crud.Api"}
[06:34:35 INF] Resetting database for worker 12446 {"SourceContext": "Infrastructure.Services.DatabaseTestService", "Application": "Crud.Api"}
[06:34:35 INF] Resetting database via file deletion for worker 12446 in CI environment {"SourceContext": "Infrastructure.Services.DatabaseTestService", "Application": "Crud.Api"}
[06:34:35 INF] Acquiring database mutex for worker 12446... {"SourceContext": "Infrastructure.Services.DatabaseTestService", "Application": "Crud.Api"}
[06:34:35 INF] Database mutex acquired for worker 12446 {"SourceContext": "Infrastructure.Services.DatabaseTestService", "Application": "Crud.Api"}
[06:34:35 INF] Current database state - CanConnect: True {"SourceContext": "Infrastructure.Services.DatabaseTestService", "Application": "Crud.Api"}
[06:34:35 INF] [Phase 0] Closing database connection for worker 12446... {"SourceContext": "Infrastructure.Services.DatabaseTestService", "Application": "Crud.Api"}
[06:34:35 INF] [Phase 0] Connection closed in 0.0006ms {"SourceContext": "Infrastructure.Services.DatabaseTestService", "Application": "Crud.Api"}
[06:34:35 INF] [Phase 1] Starting EnsureDeletedAsync for worker 12446... {"SourceContext": "Infrastructure.Services.DatabaseTestService", "Application": "Crud.Api"}
[06:34:35 INF] [Phase 1] EnsureDeletedAsync completed in 1.1785ms {"SourceContext": "Infrastructure.Services.DatabaseTestService", "Application": "Crud.Api"}
[06:34:35 INF] [Phase 2] Starting EnsureCreatedAsync for worker 12446... {"SourceContext": "Infrastructure.Services.DatabaseTestService", "Application": "Crud.Api"}
[06:34:35 INF] [Phase 2] EnsureCreatedAsync completed in 8.6523ms {"SourceContext": "Infrastructure.Services.DatabaseTestService", "Application": "Crud.Api"}
[06:34:35 INF] [Phase 3] Skipping database seeding as requested for worker 12446 {"SourceContext": "Infrastructure.Services.DatabaseTestService", "Application": "Crud.Api"}
[06:34:35 INF] Database reset via file deletion completed for worker 12446 in 110.651ms (Close: 0.0006ms, Delete: 1.1785ms, Create: 8.6523ms) {"SourceContext": "Infrastructure.Services.DatabaseTestService", "Application": "Crud.Api"}
[06:34:35 INF] Releasing database mutex for worker 12446 {"SourceContext": "Infrastructure.Services.DatabaseTestService", "Application": "Crud.Api"}
[06:34:35 INF] User registered successfully: caeea4bf-8485-4c43-a962-26fe53b3b34d {"SourceContext": "App.Features.Authentication.RegisterUserCommandHandler", "ActionId": "8d7f1f6e-1b7e-4a81-9607-2349cf979d15", "ActionName": "Api.Controllers.AuthController.Register (Api)", "RequestId": "0HNFGVK4NGD29", "RequestPath": "/api/auth/register", "Application": "Crud.Api"}
Activity.TraceId:            ac32c7a9ac0826820e121280ddcbc6f6
Activity.SpanId:             c846bec907d5ec80
Activity.TraceFlags:         Recorded
Activity.ActivitySourceName: Microsoft.AspNetCore
Activity.DisplayName:        POST api/Auth/register
Activity.Kind:               Server
Activity.StartTime:          2025-09-11T06:34:35.6679401Z
Activity.Duration:           00:00:00.3026604
Activity.Tags:
    server.address: localhost
    http.request.method: POST
    url.scheme: http
    url.path: /api/auth/register
    network.protocol.version: 1.1
    http.route: api/Auth/register
    http.response.status_code: 200
Resource associated with Activity:
    deployment.environment: Testing
    service.name: Crud.Api
    service.version: 1.0.0
    service.instance.id: 10e2e254-224c-48e1-a2d2-8bbb5483cf26
    telemetry.sdk.name: opentelemetry
    telemetry.sdk.language: dotnet
    telemetry.sdk.version: 1.8.1
[06:34:36 INF] User logged in successfully: caeea4bf-8485-4c43-a962-26fe53b3b34d {"SourceContext": "App.Features.Authentication.LoginCommandHandler", "ActionId": "5c856ea5-8d28-4ba1-be67-e0f3d147452b", "ActionName": "Api.Controllers.AuthController.Login (Api)", "RequestId": "0HNFGVK4NGD2A", "RequestPath": "/api/auth/login", "Application": "Crud.Api"}
Activity.TraceId:            9dee5fdf5b8e88a36bd7b0fcd8d17802
Activity.SpanId:             7bc32d276f8e176c
Activity.TraceFlags:         Recorded
Activity.ActivitySourceName: Microsoft.AspNetCore
Activity.DisplayName:        POST api/Auth/login
Activity.Kind:               Server
Activity.StartTime:          2025-09-11T06:34:35.9712392Z
Activity.Duration:           00:00:00.2963295
Activity.Tags:
    server.address: localhost
    http.request.method: POST
    url.scheme: http
    url.path: /api/auth/login
    network.protocol.version: 1.1
    http.route: api/Auth/login
    http.response.status_code: 200
Resource associated with Activity:
    deployment.environment: Testing
    service.name: Crud.Api
    service.version: 1.0.0
    service.instance.id: 10e2e254-224c-48e1-a2d2-8bbb5483cf26
    telemetry.sdk.name: opentelemetry
    telemetry.sdk.language: dotnet
    telemetry.sdk.version: 1.8.1
[06:34:36 INF] User logged out successfully: caeea4bf-8485-4c43-a962-26fe53b3b34d {"SourceContext": "App.Features.Authentication.LogoutCommandHandler", "ActionId": "17b2ff75-e1b3-48eb-89eb-8db4e4eb4b90", "ActionName": "Api.Controllers.AuthController.Logout (Api)", "RequestId": "0HNFGVK4NGD2B", "RequestPath": "/api/auth/logout", "Application": "Crud.Api"}
Activity.TraceId:            85dcc8e5a147059ee376c28cf6d0cce7
Activity.SpanId:             043a99c84022308e
Activity.TraceFlags:         Recorded
Activity.ActivitySourceName: Microsoft.AspNetCore
Activity.DisplayName:        POST api/Auth/logout
Activity.Kind:               Server
Activity.StartTime:          2025-09-11T06:34:36.2678771Z
Activity.Duration:           00:00:00.0077155
Activity.Tags:
    server.address: localhost
    http.request.method: POST
    url.scheme: http
    url.path: /api/auth/logout
    network.protocol.version: 1.1
    http.route: api/Auth/logout
    http.response.status_code: 200
Resource associated with Activity:
    deployment.environment: Testing
    service.name: Crud.Api
    service.version: 1.0.0
    service.instance.id: 10e2e254-224c-48e1-a2d2-8bbb5483cf26
    telemetry.sdk.name: opentelemetry
    telemetry.sdk.language: dotnet
    telemetry.sdk.version: 1.8.1
[06:34:36 WRN] Refresh token attempt with invalid token {"SourceContext": "App.Features.Authentication.RefreshTokenCommandHandler", "ActionId": "9ee4484f-05b5-4549-b54a-006007278468", "ActionName": "Api.Controllers.AuthController.Refresh (Api)", "RequestId": "0HNFGVK4NGD2C", "RequestPath": "/api/auth/refresh", "Application": "Crud.Api"}
Activity.TraceId:            0ff19cdfe09d00b33df4e8847942f5bc
Activity.SpanId:             577305b5a700f41b
Activity.TraceFlags:         Recorded
Activity.ActivitySourceName: Microsoft.AspNetCore
Activity.DisplayName:        POST api/Auth/refresh
Activity.Kind:               Server
Activity.StartTime:          2025-09-11T06:34:36.2758834Z
Activity.Duration:           00:00:00.0011051
Activity.Tags:
    server.address: localhost
    http.request.method: POST
    url.scheme: http
    url.path: /api/auth/refresh
    network.protocol.version: 1.1
    http.route: api/Auth/refresh
    http.response.status_code: 401
Resource associated with Activity:
    deployment.environment: Testing
    service.name: Crud.Api
    service.version: 1.0.0
    service.instance.id: 10e2e254-224c-48e1-a2d2-8bbb5483cf26
    telemetry.sdk.name: opentelemetry
    telemetry.sdk.language: dotnet
    telemetry.sdk.version: 1.8.1
[06:34:36 INF] Resetting database for worker 12446 {"SourceContext": "Infrastructure.Services.DatabaseTestService", "Application": "Crud.Api"}
[06:34:36 INF] Resetting database via file deletion for worker 12446 in CI environment {"SourceContext": "Infrastructure.Services.DatabaseTestService", "Application": "Crud.Api"}
[06:34:36 INF] Acquiring database mutex for worker 12446... {"SourceContext": "Infrastructure.Services.DatabaseTestService", "Application": "Crud.Api"}
[06:34:36 INF] Database mutex acquired for worker 12446 {"SourceContext": "Infrastructure.Services.DatabaseTestService", "Application": "Crud.Api"}
[06:34:36 INF] Current database state - CanConnect: True {"SourceContext": "Infrastructure.Services.DatabaseTestService", "Application": "Crud.Api"}
[06:34:36 INF] [Phase 0] Closing database connection for worker 12446... {"SourceContext": "Infrastructure.Services.DatabaseTestService", "Application": "Crud.Api"}
[06:34:36 INF] [Phase 0] Connection closed in 0.0006ms {"SourceContext": "Infrastructure.Services.DatabaseTestService", "Application": "Crud.Api"}
[06:34:36 INF] [Phase 1] Starting EnsureDeletedAsync for worker 12446... {"SourceContext": "Infrastructure.Services.DatabaseTestService", "Application": "Crud.Api"}
[06:34:36 INF] [Phase 1] EnsureDeletedAsync completed in 1.3119ms {"SourceContext": "Infrastructure.Services.DatabaseTestService", "Application": "Crud.Api"}
[06:34:36 INF] [Phase 2] Starting EnsureCreatedAsync for worker 12446... {"SourceContext": "Infrastructure.Services.DatabaseTestService", "Application": "Crud.Api"}
[06:34:36 INF] [Phase 2] EnsureCreatedAsync completed in 10.2536ms {"SourceContext": "Infrastructure.Services.DatabaseTestService", "Application": "Crud.Api"}
[06:34:36 INF] [Phase 3] Skipping database seeding as requested for worker 12446 {"SourceContext": "Infrastructure.Services.DatabaseTestService", "Application": "Crud.Api"}
[06:34:36 INF] Database reset via file deletion completed for worker 12446 in 112.3411ms (Close: 0.0006ms, Delete: 1.3119ms, Create: 10.2536ms) {"SourceContext": "Infrastructure.Services.DatabaseTestService", "Application": "Crud.Api"}
[06:34:36 INF] Releasing database mutex for worker 12446 {"SourceContext": "Infrastructure.Services.DatabaseTestService", "Application": "Crud.Api"}
[06:34:36 INF] Resetting database for worker 12446 {"SourceContext": "Infrastructure.Services.DatabaseTestService", "Application": "Crud.Api"}
[06:34:36 INF] Resetting database via file deletion for worker 12446 in CI environment {"SourceContext": "Infrastructure.Services.DatabaseTestService", "Application": "Crud.Api"}
[06:34:36 INF] Acquiring database mutex for worker 12446... {"SourceContext": "Infrastructure.Services.DatabaseTestService", "Application": "Crud.Api"}
[06:34:36 INF] Database mutex acquired for worker 12446 {"SourceContext": "Infrastructure.Services.DatabaseTestService", "Application": "Crud.Api"}
[06:34:36 INF] Current database state - CanConnect: True {"SourceContext": "Infrastructure.Services.DatabaseTestService", "Application": "Crud.Api"}
[06:34:36 INF] [Phase 0] Closing database connection for worker 12446... {"SourceContext": "Infrastructure.Services.DatabaseTestService", "Application": "Crud.Api"}
[06:34:36 INF] [Phase 0] Connection closed in 0.0005ms {"SourceContext": "Infrastructure.Services.DatabaseTestService", "Application": "Crud.Api"}
[06:34:36 INF] [Phase 1] Starting EnsureDeletedAsync for worker 12446... {"SourceContext": "Infrastructure.Services.DatabaseTestService", "Application": "Crud.Api"}
[06:34:36 INF] [Phase 1] EnsureDeletedAsync completed in 1.232ms {"SourceContext": "Infrastructure.Services.DatabaseTestService", "Application": "Crud.Api"}
[06:34:36 INF] [Phase 2] Starting EnsureCreatedAsync for worker 12446... {"SourceContext": "Infrastructure.Services.DatabaseTestService", "Application": "Crud.Api"}
[06:34:36 INF] [Phase 2] EnsureCreatedAsync completed in 6.8083ms {"SourceContext": "Infrastructure.Services.DatabaseTestService", "Application": "Crud.Api"}
[06:34:36 INF] [Phase 3] Skipping database seeding as requested for worker 12446 {"SourceContext": "Infrastructure.Services.DatabaseTestService", "Application": "Crud.Api"}
[06:34:36 INF] Database reset via file deletion completed for worker 12446 in 108.3648ms (Close: 0.0005ms, Delete: 1.232ms, Create: 6.8083ms) {"SourceContext": "Infrastructure.Services.DatabaseTestService", "Application": "Crud.Api"}
[06:34:36 INF] Releasing database mutex for worker 12446 {"SourceContext": "Infrastructure.Services.DatabaseTestService", "Application": "Crud.Api"}
[06:34:36 INF] User registered successfully: 2d4d23f9-444c-45c0-9659-3e65372fd209 {"SourceContext": "App.Features.Authentication.RegisterUserCommandHandler", "ActionId": "8d7f1f6e-1b7e-4a81-9607-2349cf979d15", "ActionName": "Api.Controllers.AuthController.Register (Api)", "RequestId": "0HNFGVK4NGD2D", "RequestPath": "/api/auth/register", "Application": "Crud.Api"}
Activity.TraceId:            5d1fb0ee8da25c1988b1ffe9d3edfd93
Activity.SpanId:             5a9f2fb0d6e82238
Activity.TraceFlags:         Recorded
Activity.ActivitySourceName: Microsoft.AspNetCore
Activity.DisplayName:        POST api/Auth/register
Activity.Kind:               Server
Activity.StartTime:          2025-09-11T06:34:36.5021002Z
Activity.Duration:           00:00:00.2961013
Activity.Tags:
    server.address: localhost
    http.request.method: POST
    url.scheme: http
    url.path: /api/auth/register
    network.protocol.version: 1.1
    http.route: api/Auth/register
    http.response.status_code: 200
Resource associated with Activity:
    deployment.environment: Testing
    service.name: Crud.Api
    service.version: 1.0.0
    service.instance.id: 10e2e254-224c-48e1-a2d2-8bbb5483cf26
    telemetry.sdk.name: opentelemetry
    telemetry.sdk.language: dotnet
    telemetry.sdk.version: 1.8.1
[06:34:37 INF] User logged in successfully: 2d4d23f9-444c-45c0-9659-3e65372fd209 {"SourceContext": "App.Features.Authentication.LoginCommandHandler", "ActionId": "5c856ea5-8d28-4ba1-be67-e0f3d147452b", "ActionName": "Api.Controllers.AuthController.Login (Api)", "RequestId": "0HNFGVK4NGD2E", "RequestPath": "/api/auth/login", "Application": "Crud.Api"}
Activity.TraceId:            9407a71d547ca622ecd41b5b5aed6300
Activity.SpanId:             e4e6e74bc4b7bba4
Activity.TraceFlags:         Recorded
Activity.ActivitySourceName: Microsoft.AspNetCore
Activity.DisplayName:        POST api/Auth/login
Activity.Kind:               Server
Activity.StartTime:          2025-09-11T06:34:36.7989445Z
Activity.Duration:           00:00:00.2969067
Activity.Tags:
    server.address: localhost
    http.request.method: POST
    url.scheme: http
    url.path: /api/auth/login
    network.protocol.version: 1.1
    http.route: api/Auth/login
    http.response.status_code: 200
Resource associated with Activity:
    deployment.environment: Testing
    service.name: Crud.Api
    service.version: 1.0.0
    service.instance.id: 10e2e254-224c-48e1-a2d2-8bbb5483cf26
    telemetry.sdk.name: opentelemetry
    telemetry.sdk.language: dotnet
    telemetry.sdk.version: 1.8.1
Activity.TraceId:            2ced97c864b0da231161dd27055624ba
Activity.SpanId:             f6736a6b40fae752
Activity.TraceFlags:         Recorded
Activity.ActivitySourceName: Microsoft.AspNetCore
Activity.DisplayName:        GET api/Auth/me
Activity.Kind:               Server
Activity.StartTime:          2025-09-11T06:34:37.0962265Z
Activity.Duration:           00:00:00.0023937
Activity.Tags:
    server.address: localhost
    http.request.method: GET
    url.scheme: http
    url.path: /api/auth/me
    network.protocol.version: 1.1
    http.route: api/Auth/me
    http.response.status_code: 200
Resource associated with Activity:
    deployment.environment: Testing
    service.name: Crud.Api
    service.version: 1.0.0
    service.instance.id: 10e2e254-224c-48e1-a2d2-8bbb5483cf26
    telemetry.sdk.name: opentelemetry
    telemetry.sdk.language: dotnet
    telemetry.sdk.version: 1.8.1
[06:34:37 INF] Resetting database for worker 12446 {"SourceContext": "Infrastructure.Services.DatabaseTestService", "Application": "Crud.Api"}
[06:34:37 INF] Resetting database via file deletion for worker 12446 in CI environment {"SourceContext": "Infrastructure.Services.DatabaseTestService", "Application": "Crud.Api"}
[06:34:37 INF] Acquiring database mutex for worker 12446... {"SourceContext": "Infrastructure.Services.DatabaseTestService", "Application": "Crud.Api"}
[06:34:37 INF] Database mutex acquired for worker 12446 {"SourceContext": "Infrastructure.Services.DatabaseTestService", "Application": "Crud.Api"}
[06:34:37 INF] Current database state - CanConnect: True {"SourceContext": "Infrastructure.Services.DatabaseTestService", "Application": "Crud.Api"}
[06:34:37 INF] [Phase 0] Closing database connection for worker 12446... {"SourceContext": "Infrastructure.Services.DatabaseTestService", "Application": "Crud.Api"}
[06:34:37 INF] [Phase 0] Connection closed in 0.0006ms {"SourceContext": "Infrastructure.Services.DatabaseTestService", "Application": "Crud.Api"}
[06:34:37 INF] [Phase 1] Starting EnsureDeletedAsync for worker 12446... {"SourceContext": "Infrastructure.Services.DatabaseTestService", "Application": "Crud.Api"}
[06:34:37 INF] [Phase 1] EnsureDeletedAsync completed in 1.5348ms {"SourceContext": "Infrastructure.Services.DatabaseTestService", "Application": "Crud.Api"}
[06:34:37 INF] [Phase 2] Starting EnsureCreatedAsync for worker 12446... {"SourceContext": "Infrastructure.Services.DatabaseTestService", "Application": "Crud.Api"}
[06:34:37 INF] [Phase 2] EnsureCreatedAsync completed in 7.5101ms {"SourceContext": "Infrastructure.Services.DatabaseTestService", "Application": "Crud.Api"}
[06:34:37 INF] [Phase 3] Skipping database seeding as requested for worker 12446 {"SourceContext": "Infrastructure.Services.DatabaseTestService", "Application": "Crud.Api"}
[06:34:37 INF] Database reset via file deletion completed for worker 12446 in 109.9345ms (Close: 0.0006ms, Delete: 1.5348ms, Create: 7.5101ms) {"SourceContext": "Infrastructure.Services.DatabaseTestService", "Application": "Crud.Api"}
[06:34:37 INF] Releasing database mutex for worker 12446 {"SourceContext": "Infrastructure.Services.DatabaseTestService", "Application": "Crud.Api"}
[06:34:37 INF] Resetting database for worker 12446 {"SourceContext": "Infrastructure.Services.DatabaseTestService", "Application": "Crud.Api"}
[06:34:37 INF] Resetting database via file deletion for worker 12446 in CI environment {"SourceContext": "Infrastructure.Services.DatabaseTestService", "Application": "Crud.Api"}
[06:34:37 INF] Acquiring database mutex for worker 12446... {"SourceContext": "Infrastructure.Services.DatabaseTestService", "Application": "Crud.Api"}
[06:34:37 INF] Database mutex acquired for worker 12446 {"SourceContext": "Infrastructure.Services.DatabaseTestService", "Application": "Crud.Api"}
[06:34:37 INF] Current database state - CanConnect: True {"SourceContext": "Infrastructure.Services.DatabaseTestService", "Application": "Crud.Api"}
[06:34:37 INF] [Phase 0] Closing database connection for worker 12446... {"SourceContext": "Infrastructure.Services.DatabaseTestService", "Application": "Crud.Api"}
[06:34:37 INF] [Phase 0] Connection closed in 0.0006ms {"SourceContext": "Infrastructure.Services.DatabaseTestService", "Application": "Crud.Api"}
[06:34:37 INF] [Phase 1] Starting EnsureDeletedAsync for worker 12446... {"SourceContext": "Infrastructure.Services.DatabaseTestService", "Application": "Crud.Api"}
[06:34:37 INF] [Phase 1] EnsureDeletedAsync completed in 1.4086ms {"SourceContext": "Infrastructure.Services.DatabaseTestService", "Application": "Crud.Api"}
[06:34:37 INF] [Phase 2] Starting EnsureCreatedAsync for worker 12446... {"SourceContext": "Infrastructure.Services.DatabaseTestService", "Application": "Crud.Api"}
[06:34:37 INF] [Phase 2] EnsureCreatedAsync completed in 8.2569ms {"SourceContext": "Infrastructure.Services.DatabaseTestService", "Application": "Crud.Api"}
[06:34:37 INF] [Phase 3] Skipping database seeding as requested for worker 12446 {"SourceContext": "Infrastructure.Services.DatabaseTestService", "Application": "Crud.Api"}
[06:34:37 INF] Database reset via file deletion completed for worker 12446 in 111.1178ms (Close: 0.0006ms, Delete: 1.4086ms, Create: 8.2569ms) {"SourceContext": "Infrastructure.Services.DatabaseTestService", "Application": "Crud.Api"}
[06:34:37 INF] Releasing database mutex for worker 12446 {"SourceContext": "Infrastructure.Services.DatabaseTestService", "Application": "Crud.Api"}
[06:34:37 WRN] Refresh token attempt with invalid token {"SourceContext": "App.Features.Authentication.RefreshTokenCommandHandler", "ActionId": "9ee4484f-05b5-4549-b54a-006007278468", "ActionName": "Api.Controllers.AuthController.Refresh (Api)", "RequestId": "0HNFGVK4NGD2G", "RequestPath": "/api/auth/refresh", "Application": "Crud.Api"}
Activity.TraceId:            de93f21914c60b34df2418e82d056c24
Activity.SpanId:             f4b345a3e70290ff
Activity.TraceFlags:         Recorded
Activity.ActivitySourceName: Microsoft.AspNetCore
Activity.DisplayName:        POST api/Auth/refresh
Activity.Kind:               Server
Activity.StartTime:          2025-09-11T06:34:37.3239107Z
Activity.Duration:           00:00:00.0030118
Activity.Tags:
    server.address: localhost
    http.request.method: POST
    url.scheme: http
    url.path: /api/auth/refresh
    network.protocol.version: 1.1
    http.route: api/Auth/refresh
    http.response.status_code: 401
Resource associated with Activity:
    deployment.environment: Testing
    service.name: Crud.Api
    service.version: 1.0.0
    service.instance.id: 10e2e254-224c-48e1-a2d2-8bbb5483cf26
    telemetry.sdk.name: opentelemetry
    telemetry.sdk.language: dotnet
    telemetry.sdk.version: 1.8.1
[06:34:37 INF] Resetting database for worker 12446 {"SourceContext": "Infrastructure.Services.DatabaseTestService", "Application": "Crud.Api"}
[06:34:37 INF] Resetting database via file deletion for worker 12446 in CI environment {"SourceContext": "Infrastructure.Services.DatabaseTestService", "Application": "Crud.Api"}
[06:34:37 INF] Acquiring database mutex for worker 12446... {"SourceContext": "Infrastructure.Services.DatabaseTestService", "Application": "Crud.Api"}
[06:34:37 INF] Database mutex acquired for worker 12446 {"SourceContext": "Infrastructure.Services.DatabaseTestService", "Application": "Crud.Api"}
[06:34:37 INF] Current database state - CanConnect: True {"SourceContext": "Infrastructure.Services.DatabaseTestService", "Application": "Crud.Api"}
[06:34:37 INF] [Phase 0] Closing database connection for worker 12446... {"SourceContext": "Infrastructure.Services.DatabaseTestService", "Application": "Crud.Api"}
[06:34:37 INF] [Phase 0] Connection closed in 0.0007ms {"SourceContext": "Infrastructure.Services.DatabaseTestService", "Application": "Crud.Api"}
[06:34:37 INF] [Phase 1] Starting EnsureDeletedAsync for worker 12446... {"SourceContext": "Infrastructure.Services.DatabaseTestService", "Application": "Crud.Api"}
[06:34:37 INF] [Phase 1] EnsureDeletedAsync completed in 1.0763ms {"SourceContext": "Infrastructure.Services.DatabaseTestService", "Application": "Crud.Api"}
[06:34:37 INF] [Phase 2] Starting EnsureCreatedAsync for worker 12446... {"SourceContext": "Infrastructure.Services.DatabaseTestService", "Application": "Crud.Api"}
[06:34:37 INF] [Phase 2] EnsureCreatedAsync completed in 7.9713ms {"SourceContext": "Infrastructure.Services.DatabaseTestService", "Application": "Crud.Api"}
[06:34:37 INF] [Phase 3] Skipping database seeding as requested for worker 12446 {"SourceContext": "Infrastructure.Services.DatabaseTestService", "Application": "Crud.Api"}
[06:34:37 INF] Database reset via file deletion completed for worker 12446 in 110.2381ms (Close: 0.0007ms, Delete: 1.0763ms, Create: 7.9713ms) {"SourceContext": "Infrastructure.Services.DatabaseTestService", "Application": "Crud.Api"}
[06:34:37 INF] Releasing database mutex for worker 12446 {"SourceContext": "Infrastructure.Services.DatabaseTestService", "Application": "Crud.Api"}
[06:34:37 INF] Resetting database for worker 12446 {"SourceContext": "Infrastructure.Services.DatabaseTestService", "Application": "Crud.Api"}
[06:34:37 INF] Resetting database via file deletion for worker 12446 in CI environment {"SourceContext": "Infrastructure.Services.DatabaseTestService", "Application": "Crud.Api"}
[06:34:37 INF] Acquiring database mutex for worker 12446... {"SourceContext": "Infrastructure.Services.DatabaseTestService", "Application": "Crud.Api"}
[06:34:37 INF] Database mutex acquired for worker 12446 {"SourceContext": "Infrastructure.Services.DatabaseTestService", "Application": "Crud.Api"}
[06:34:37 INF] Current database state - CanConnect: True {"SourceContext": "Infrastructure.Services.DatabaseTestService", "Application": "Crud.Api"}
[06:34:37 INF] [Phase 0] Closing database connection for worker 12446... {"SourceContext": "Infrastructure.Services.DatabaseTestService", "Application": "Crud.Api"}
[06:34:37 INF] [Phase 0] Connection closed in 0.0006ms {"SourceContext": "Infrastructure.Services.DatabaseTestService", "Application": "Crud.Api"}
[06:34:37 INF] [Phase 1] Starting EnsureDeletedAsync for worker 12446... {"SourceContext": "Infrastructure.Services.DatabaseTestService", "Application": "Crud.Api"}
[06:34:37 INF] [Phase 1] EnsureDeletedAsync completed in 1.1649ms {"SourceContext": "Infrastructure.Services.DatabaseTestService", "Application": "Crud.Api"}
[06:34:37 INF] [Phase 2] Starting EnsureCreatedAsync for worker 12446... {"SourceContext": "Infrastructure.Services.DatabaseTestService", "Application": "Crud.Api"}
[06:34:37 INF] [Phase 2] EnsureCreatedAsync completed in 13.0813ms {"SourceContext": "Infrastructure.Services.DatabaseTestService", "Application": "Crud.Api"}
[06:34:37 INF] [Phase 3] Skipping database seeding as requested for worker 12446 {"SourceContext": "Infrastructure.Services.DatabaseTestService", "Application": "Crud.Api"}
[06:34:37 INF] Database reset via file deletion completed for worker 12446 in 114.6254ms (Close: 0.0006ms, Delete: 1.1649ms, Create: 13.0813ms) {"SourceContext": "Infrastructure.Services.DatabaseTestService", "Application": "Crud.Api"}
[06:34:37 INF] Releasing database mutex for worker 12446 {"SourceContext": "Infrastructure.Services.DatabaseTestService", "Application": "Crud.Api"}
[06:34:37 INF] User registered successfully: 2f348313-596b-443c-a0f1-95e7f3dc8b41 {"SourceContext": "App.Features.Authentication.RegisterUserCommandHandler", "ActionId": "8d7f1f6e-1b7e-4a81-9607-2349cf979d15", "ActionName": "Api.Controllers.AuthController.Register (Api)", "RequestId": "0HNFGVK4NGD2H", "RequestPath": "/api/auth/register", "Application": "Crud.Api"}
Activity.TraceId:            35f79fdcb2927e74aff10f38b6aa3d80
Activity.SpanId:             0625ab23c2a732ec
Activity.TraceFlags:         Recorded
Activity.ActivitySourceName: Microsoft.AspNetCore
Activity.DisplayName:        POST api/Auth/register
Activity.Kind:               Server
Activity.StartTime:          2025-09-11T06:34:37.5563414Z
Activity.Duration:           00:00:00.2982234
Activity.Tags:
    server.address: localhost
    http.request.method: POST
    url.scheme: http
    url.path: /api/auth/register
    network.protocol.version: 1.1
    http.route: api/Auth/register
    http.response.status_code: 200
Resource associated with Activity:
    deployment.environment: Testing
    service.name: Crud.Api
    service.version: 1.0.0
    service.instance.id: 10e2e254-224c-48e1-a2d2-8bbb5483cf26
    telemetry.sdk.name: opentelemetry
    telemetry.sdk.language: dotnet
    telemetry.sdk.version: 1.8.1
[06:34:37 INF] Resetting database for worker 12446 {"SourceContext": "Infrastructure.Services.DatabaseTestService", "Application": "Crud.Api"}
[06:34:37 INF] Resetting database via file deletion for worker 12446 in CI environment {"SourceContext": "Infrastructure.Services.DatabaseTestService", "Application": "Crud.Api"}
[06:34:37 INF] Acquiring database mutex for worker 12446... {"SourceContext": "Infrastructure.Services.DatabaseTestService", "Application": "Crud.Api"}
[06:34:37 INF] Database mutex acquired for worker 12446 {"SourceContext": "Infrastructure.Services.DatabaseTestService", "Application": "Crud.Api"}
[06:34:37 INF] Current database state - CanConnect: True {"SourceContext": "Infrastructure.Services.DatabaseTestService", "Application": "Crud.Api"}
[06:34:37 INF] [Phase 0] Closing database connection for worker 12446... {"SourceContext": "Infrastructure.Services.DatabaseTestService", "Application": "Crud.Api"}
[06:34:37 INF] [Phase 0] Connection closed in 0.0005ms {"SourceContext": "Infrastructure.Services.DatabaseTestService", "Application": "Crud.Api"}
[06:34:37 INF] [Phase 1] Starting EnsureDeletedAsync for worker 12446... {"SourceContext": "Infrastructure.Services.DatabaseTestService", "Application": "Crud.Api"}
[06:34:37 INF] [Phase 1] EnsureDeletedAsync completed in 1.3821ms {"SourceContext": "Infrastructure.Services.DatabaseTestService", "Application": "Crud.Api"}
[06:34:37 INF] [Phase 2] Starting EnsureCreatedAsync for worker 12446... {"SourceContext": "Infrastructure.Services.DatabaseTestService", "Application": "Crud.Api"}
[06:34:37 INF] [Phase 2] EnsureCreatedAsync completed in 8.4607ms {"SourceContext": "Infrastructure.Services.DatabaseTestService", "Application": "Crud.Api"}
[06:34:37 INF] [Phase 3] Skipping database seeding as requested for worker 12446 {"SourceContext": "Infrastructure.Services.DatabaseTestService", "Application": "Crud.Api"}
[06:34:37 INF] Database reset via file deletion completed for worker 12446 in 110.0359ms (Close: 0.0005ms, Delete: 1.3821ms, Create: 8.4607ms) {"SourceContext": "Infrastructure.Services.DatabaseTestService", "Application": "Crud.Api"}
[06:34:37 INF] Releasing database mutex for worker 12446 {"SourceContext": "Infrastructure.Services.DatabaseTestService", "Application": "Crud.Api"}
[06:34:37 INF] Resetting database for worker 12446 {"SourceContext": "Infrastructure.Services.DatabaseTestService", "Application": "Crud.Api"}
[06:34:37 INF] Resetting database via file deletion for worker 12446 in CI environment {"SourceContext": "Infrastructure.Services.DatabaseTestService", "Application": "Crud.Api"}
[06:34:37 INF] Acquiring database mutex for worker 12446... {"SourceContext": "Infrastructure.Services.DatabaseTestService", "Application": "Crud.Api"}
[06:34:37 INF] Database mutex acquired for worker 12446 {"SourceContext": "Infrastructure.Services.DatabaseTestService", "Application": "Crud.Api"}
[06:34:37 INF] Current database state - CanConnect: True {"SourceContext": "Infrastructure.Services.DatabaseTestService", "Application": "Crud.Api"}
[06:34:37 INF] [Phase 0] Closing database connection for worker 12446... {"SourceContext": "Infrastructure.Services.DatabaseTestService", "Application": "Crud.Api"}
[06:34:37 INF] [Phase 0] Connection closed in 0.0006ms {"SourceContext": "Infrastructure.Services.DatabaseTestService", "Application": "Crud.Api"}
[06:34:37 INF] [Phase 1] Starting EnsureDeletedAsync for worker 12446... {"SourceContext": "Infrastructure.Services.DatabaseTestService", "Application": "Crud.Api"}
[06:34:37 INF] [Phase 1] EnsureDeletedAsync completed in 1.0968ms {"SourceContext": "Infrastructure.Services.DatabaseTestService", "Application": "Crud.Api"}
[06:34:38 INF] [Phase 2] Starting EnsureCreatedAsync for worker 12446... {"SourceContext": "Infrastructure.Services.DatabaseTestService", "Application": "Crud.Api"}
[06:34:38 INF] [Phase 2] EnsureCreatedAsync completed in 8.9643ms {"SourceContext": "Infrastructure.Services.DatabaseTestService", "Application": "Crud.Api"}
[06:34:38 INF] [Phase 3] Skipping database seeding as requested for worker 12446 {"SourceContext": "Infrastructure.Services.DatabaseTestService", "Application": "Crud.Api"}
[06:34:38 INF] Database reset via file deletion completed for worker 12446 in 110.4572ms (Close: 0.0006ms, Delete: 1.0968ms, Create: 8.9643ms) {"SourceContext": "Infrastructure.Services.DatabaseTestService", "Application": "Crud.Api"}
[06:34:38 INF] Releasing database mutex for worker 12446 {"SourceContext": "Infrastructure.Services.DatabaseTestService", "Application": "Crud.Api"}
Activity.TraceId:            d48068183a0a198a728f774baf7d2616
Activity.SpanId:             ea73d86295de4452
Activity.TraceFlags:         Recorded
Activity.ActivitySourceName: Microsoft.AspNetCore
Activity.DisplayName:        GET api/Auth/me
Activity.Kind:               Server
Activity.StartTime:          2025-09-11T06:34:38.0798923Z
Activity.Duration:           00:00:00.0012606
Activity.Tags:
    server.address: localhost
    http.request.method: GET
    url.scheme: http
    url.path: /api/auth/me
    network.protocol.version: 1.1
    http.route: api/Auth/me
    http.response.status_code: 401
Resource associated with Activity:
    deployment.environment: Testing
    service.name: Crud.Api
    service.version: 1.0.0
    service.instance.id: 10e2e254-224c-48e1-a2d2-8bbb5483cf26
    telemetry.sdk.name: opentelemetry
    telemetry.sdk.language: dotnet
    telemetry.sdk.version: 1.8.1
[06:34:38 INF] Resetting database for worker 12446 {"SourceContext": "Infrastructure.Services.DatabaseTestService", "Application": "Crud.Api"}
[06:34:38 INF] Resetting database via file deletion for worker 12446 in CI environment {"SourceContext": "Infrastructure.Services.DatabaseTestService", "Application": "Crud.Api"}
[06:34:38 INF] Acquiring database mutex for worker 12446... {"SourceContext": "Infrastructure.Services.DatabaseTestService", "Application": "Crud.Api"}
[06:34:38 INF] Database mutex acquired for worker 12446 {"SourceContext": "Infrastructure.Services.DatabaseTestService", "Application": "Crud.Api"}
[06:34:38 INF] Current database state - CanConnect: True {"SourceContext": "Infrastructure.Services.DatabaseTestService", "Application": "Crud.Api"}
[06:34:38 INF] [Phase 0] Closing database connection for worker 12446... {"SourceContext": "Infrastructure.Services.DatabaseTestService", "Application": "Crud.Api"}
[06:34:38 INF] [Phase 0] Connection closed in 0.0006ms {"SourceContext": "Infrastructure.Services.DatabaseTestService", "Application": "Crud.Api"}
[06:34:38 INF] [Phase 1] Starting EnsureDeletedAsync for worker 12446... {"SourceContext": "Infrastructure.Services.DatabaseTestService", "Application": "Crud.Api"}
[06:34:38 INF] [Phase 1] EnsureDeletedAsync completed in 1.0882ms {"SourceContext": "Infrastructure.Services.DatabaseTestService", "Application": "Crud.Api"}
[06:34:38 INF] [Phase 2] Starting EnsureCreatedAsync for worker 12446... {"SourceContext": "Infrastructure.Services.DatabaseTestService", "Application": "Crud.Api"}
[06:34:38 INF] [Phase 2] EnsureCreatedAsync completed in 7.5129ms {"SourceContext": "Infrastructure.Services.DatabaseTestService", "Application": "Crud.Api"}
[06:34:38 INF] [Phase 3] Skipping database seeding as requested for worker 12446 {"SourceContext": "Infrastructure.Services.DatabaseTestService", "Application": "Crud.Api"}
[06:34:38 INF] Database reset via file deletion completed for worker 12446 in 109.5477ms (Close: 0.0006ms, Delete: 1.0882ms, Create: 7.5129ms) {"SourceContext": "Infrastructure.Services.DatabaseTestService", "Application": "Crud.Api"}
[06:34:38 INF] Releasing database mutex for worker 12446 {"SourceContext": "Infrastructure.Services.DatabaseTestService", "Application": "Crud.Api"}
[06:34:38 INF] Resetting database for worker 12446 {"SourceContext": "Infrastructure.Services.DatabaseTestService", "Application": "Crud.Api"}
[06:34:38 INF] Resetting database via file deletion for worker 12446 in CI environment {"SourceContext": "Infrastructure.Services.DatabaseTestService", "Application": "Crud.Api"}
[06:34:38 INF] Acquiring database mutex for worker 12446... {"SourceContext": "Infrastructure.Services.DatabaseTestService", "Application": "Crud.Api"}
[06:34:38 INF] Database mutex acquired for worker 12446 {"SourceContext": "Infrastructure.Services.DatabaseTestService", "Application": "Crud.Api"}
[06:34:38 INF] Current database state - CanConnect: True {"SourceContext": "Infrastructure.Services.DatabaseTestService", "Application": "Crud.Api"}
[06:34:38 INF] [Phase 0] Closing database connection for worker 12446... {"SourceContext": "Infrastructure.Services.DatabaseTestService", "Application": "Crud.Api"}
[06:34:38 INF] [Phase 0] Connection closed in 0.0007ms {"SourceContext": "Infrastructure.Services.DatabaseTestService", "Application": "Crud.Api"}
[06:34:38 INF] [Phase 1] Starting EnsureDeletedAsync for worker 12446... {"SourceContext": "Infrastructure.Services.DatabaseTestService", "Application": "Crud.Api"}
[06:34:38 INF] [Phase 1] EnsureDeletedAsync completed in 1.2392ms {"SourceContext": "Infrastructure.Services.DatabaseTestService", "Application": "Crud.Api"}
[06:34:38 INF] [Phase 2] Starting EnsureCreatedAsync for worker 12446... {"SourceContext": "Infrastructure.Services.DatabaseTestService", "Application": "Crud.Api"}
[06:34:38 INF] [Phase 2] EnsureCreatedAsync completed in 13.0305ms {"SourceContext": "Infrastructure.Services.DatabaseTestService", "Application": "Crud.Api"}
[06:34:38 INF] [Phase 3] Skipping database seeding as requested for worker 12446 {"SourceContext": "Infrastructure.Services.DatabaseTestService", "Application": "Crud.Api"}
[06:34:38 INF] Database reset via file deletion completed for worker 12446 in 115.1959ms (Close: 0.0007ms, Delete: 1.2392ms, Create: 13.0305ms) {"SourceContext": "Infrastructure.Services.DatabaseTestService", "Application": "Crud.Api"}
[06:34:38 INF] Releasing database mutex for worker 12446 {"SourceContext": "Infrastructure.Services.DatabaseTestService", "Application": "Crud.Api"}
[06:34:38 ERR] An unhandled exception occurred during request POST /api/auth/login. Request ID: 0HNFGVK4NGD2J, User: Anonymous {"SourceContext": "Api.Middleware.GlobalExceptionHandlingMiddleware", "RequestPath": "/api/auth/login", "Application": "Crud.Api"}
FluentValidation.ValidationException: Validation failed: 
 -- Email: Invalid email format Severity: Error
   at App.Behaviors.ValidationBehavior`2.Handle(TRequest request, RequestHandlerDelegate`1 next, CancellationToken cancellationToken) in /home/runner/work/Crud/Crud/src/App/Behaviors/ValidationBehavior.cs:line 39
   at Api.Controllers.AuthController.Login(LoginCommand command, CancellationToken cancellationToken) in /home/runner/work/Crud/Crud/src/Api/Controllers/AuthController.cs:line 47
   at Microsoft.AspNetCore.Mvc.Infrastructure.ActionMethodExecutor.TaskOfIActionResultExecutor.Execute(ActionContext actionContext, IActionResultTypeMapper mapper, ObjectMethodExecutor executor, Object controller, Object[] arguments)
   at Microsoft.AspNetCore.Mvc.Infrastructure.ControllerActionInvoker.&lt;InvokeActionMethodAsync&gt;g__Logged|12_1(ControllerActionInvoker invoker)
   at Microsoft.AspNetCore.Mvc.Infrastructure.ControllerActionInvoker.&lt;InvokeNextActionFilterAsync&gt;g__Awaited|10_0(ControllerActionInvoker invoker, Task lastTask, State next, Scope scope, Object state, Boolean isCompleted)
   at Microsoft.AspNetCore.Mvc.Infrastructure.ControllerActionInvoker.Rethrow(ActionExecutedContextSealed context)
   at Microsoft.AspNetCore.Mvc.Infrastructure.ControllerActionInvoker.Next(State&amp; next, Scope&amp; scope, Object&amp; state, Boolean&amp; isCompleted)
   at Microsoft.AspNetCore.Mvc.Infrastructure.ControllerActionInvoker.InvokeInnerFilterAsync()
--- End of stack trace from previous location ---
   at Microsoft.AspNetCore.Mvc.Infrastructure.ResourceInvoker.&lt;InvokeFilterPipelineAsync&gt;g__Awaited|20_0(ResourceInvoker invoker, Task lastTask, State next, Scope scope, Object state, Boolean isCompleted)
   at Microsoft.AspNetCore.Mvc.Infrastructure.ResourceInvoker.&lt;InvokeAsync&gt;g__Logged|17_1(ResourceInvoker invoker)
   at Microsoft.AspNetCore.Mvc.Infrastructure.ResourceInvoker.&lt;InvokeAsync&gt;g__Logged|17_1(ResourceInvoker invoker)
   at Api.Middleware.ConditionalRequestMiddleware.InvokeAsync(HttpContext context) in /home/runner/work/Crud/Crud/src/Api/Middleware/ConditionalRequestMiddleware.cs:line 31
   at Microsoft.AspNetCore.Authorization.AuthorizationMiddleware.Invoke(HttpContext context)
   at Microsoft.AspNetCore.Authentication.AuthenticationMiddleware.Invoke(HttpContext context)
   at Microsoft.AspNetCore.RateLimiting.RateLimitingMiddleware.InvokeInternal(HttpContext context, EnableRateLimitingAttribute enableRateLimitingAttribute)
   at Api.Middleware.GlobalExceptionHandlingMiddleware.InvokeAsync(HttpContext context) in /home/runner/work/Crud/Crud/src/Api/Middleware/GlobalExceptionHandlingMiddleware.cs:line 27
Activity.TraceId:            99f4ed41bcd2d581109f4687ec0fe6d4
Activity.SpanId:             fbd7ad69159f14f8
Activity.TraceFlags:         Recorded
Activity.ActivitySourceName: Microsoft.AspNetCore
Activity.DisplayName:        POST api/Auth/login
Activity.Kind:               Server
Activity.StartTime:          2025-09-11T06:34:38.3102835Z
Activity.Duration:           00:00:00.0016406
Activity.Tags:
    server.address: localhost
    http.request.method: POST
    url.scheme: http
    url.path: /api/auth/login
    network.protocol.version: 1.1
    http.route: api/Auth/login
    http.response.status_code: 400
Resource associated with Activity:
    deployment.environment: Testing
    service.name: Crud.Api
    service.version: 1.0.0
    service.instance.id: 10e2e254-224c-48e1-a2d2-8bbb5483cf26
    telemetry.sdk.name: opentelemetry
    telemetry.sdk.language: dotnet
    telemetry.sdk.version: 1.8.1
[06:34:38 INF] Resetting database for worker 12446 {"SourceContext": "Infrastructure.Services.DatabaseTestService", "Application": "Crud.Api"}
[06:34:38 INF] Resetting database via file deletion for worker 12446 in CI environment {"SourceContext": "Infrastructure.Services.DatabaseTestService", "Application": "Crud.Api"}
[06:34:38 INF] Acquiring database mutex for worker 12446... {"SourceContext": "Infrastructure.Services.DatabaseTestService", "Application": "Crud.Api"}
[06:34:38 INF] Database mutex acquired for worker 12446 {"SourceContext": "Infrastructure.Services.DatabaseTestService", "Application": "Crud.Api"}
[06:34:38 INF] Current database state - CanConnect: True {"SourceContext": "Infrastructure.Services.DatabaseTestService", "Application": "Crud.Api"}
[06:34:38 INF] [Phase 0] Closing database connection for worker 12446... {"SourceContext": "Infrastructure.Services.DatabaseTestService", "Application": "Crud.Api"}
[06:34:38 INF] [Phase 0] Connection closed in 0.0007ms {"SourceContext": "Infrastructure.Services.DatabaseTestService", "Application": "Crud.Api"}
[06:34:38 INF] [Phase 1] Starting EnsureDeletedAsync for worker 12446... {"SourceContext": "Infrastructure.Services.DatabaseTestService", "Application": "Crud.Api"}
[06:34:38 INF] [Phase 1] EnsureDeletedAsync completed in 1.1704ms {"SourceContext": "Infrastructure.Services.DatabaseTestService", "Application": "Crud.Api"}
[06:34:38 INF] [Phase 2] Starting EnsureCreatedAsync for worker 12446... {"SourceContext": "Infrastructure.Services.DatabaseTestService", "Application": "Crud.Api"}
[06:34:38 INF] [Phase 2] EnsureCreatedAsync completed in 7.3084ms {"SourceContext": "Infrastructure.Services.DatabaseTestService", "Application": "Crud.Api"}
[06:34:38 INF] [Phase 3] Skipping database seeding as requested for worker 12446 {"SourceContext": "Infrastructure.Services.DatabaseTestService", "Application": "Crud.Api"}
[06:34:38 INF] Database reset via file deletion completed for worker 12446 in 109.6523ms (Close: 0.0007ms, Delete: 1.1704ms, Create: 7.3084ms) {"SourceContext": "Infrastructure.Services.DatabaseTestService", "Application": "Crud.Api"}
[06:34:38 INF] Releasing database mutex for worker 12446 {"SourceContext": "Infrastructure.Services.DatabaseTestService", "Application": "Crud.Api"}
Resource associated with Metric:
    deployment.environment: Testing
    service.name: Crud.Api
    service.version: 1.0.0
    service.instance.id: 10e2e254-224c-48e1-a2d2-8bbb5483cf26
    telemetry.sdk.name: opentelemetry
    telemetry.sdk.language: dotnet
    telemetry.sdk.version: 1.8.1
Metric Name: http.server.active_requests, Number of active HTTP server requests., Unit: {request}, Meter: Microsoft.AspNetCore.Hosting
(2025-09-11T06:34:32.8327531Z, 2025-09-11T06:34:38.4237125Z] http.request.method: POST url.scheme: http LongSumNonMonotonic
Value: 0
(2025-09-11T06:34:32.8327531Z, 2025-09-11T06:34:38.4237125Z] http.request.method: GET url.scheme: http LongSumNonMonotonic
Value: 0
Metric Name: http.server.request.duration, Duration of HTTP server requests., Unit: s, Meter: Microsoft.AspNetCore.Hosting
(2025-09-11T06:34:32.8327702Z, 2025-09-11T06:34:38.4237153Z] http.request.method: POST http.response.status_code: 400 http.route: api/Auth/register network.protocol.version: 1.1 url.scheme: http Histogram
Value: Sum: 0.0175272 Count: 2 Min: 0.0043242 Max: 0.013203 
(-Infinity,0.005]:1
(0.005,0.01]:0
(0.01,0.025]:1
(0.025,0.05]:0
(0.05,0.075]:0
(0.075,0.1]:0
(0.1,0.25]:0
(0.25,0.5]:0
(0.5,0.75]:0
(0.75,1]:0
(1,2.5]:0
(2.5,5]:0
(5,7.5]:0
(7.5,10]:0
(10,+Infinity]:0
(2025-09-11T06:34:32.8327702Z, 2025-09-11T06:34:38.4237153Z] http.request.method: POST http.response.status_code: 200 http.route: api/Auth/register network.protocol.version: 1.1 url.scheme: http Histogram
Value: Sum: 1.8306774000000001 Count: 6 Min: 0.2960988 Max: 0.3352056 
(-Infinity,0.005]:0
(0.005,0.01]:0
(0.01,0.025]:0
(0.025,0.05]:0
(0.05,0.075]:0
(0.075,0.1]:0
(0.1,0.25]:0
(0.25,0.5]:6
(0.5,0.75]:0
(0.75,1]:0
(1,2.5]:0
(2.5,5]:0
(5,7.5]:0
(7.5,10]:0
(10,+Infinity]:0
(2025-09-11T06:34:32.8327702Z, 2025-09-11T06:34:38.4237153Z] http.request.method: POST http.response.status_code: 200 http.route: api/Auth/login network.protocol.version: 1.1 url.scheme: http Histogram
Value: Sum: 1.1919096 Count: 4 Min: 0.2963191 Max: 0.3010801 
(-Infinity,0.005]:0
(0.005,0.01]:0
(0.01,0.025]:0
(0.025,0.05]:0
(0.05,0.075]:0
(0.075,0.1]:0
(0.1,0.25]:0
(0.25,0.5]:4
(0.5,0.75]:0
(0.75,1]:0
(1,2.5]:0
(2.5,5]:0
(5,7.5]:0
(7.5,10]:0
(10,+Infinity]:0
(2025-09-11T06:34:32.8327702Z, 2025-09-11T06:34:38.4237153Z] http.request.method: POST http.response.status_code: 200 http.route: api/Auth/refresh network.protocol.version: 1.1 url.scheme: http Histogram
Value: Sum: 0.0202563 Count: 1 Min: 0.0202563 Max: 0.0202563 
(-Infinity,0.005]:0
(0.005,0.01]:0
(0.01,0.025]:1
(0.025,0.05]:0
(0.05,0.075]:0
(0.075,0.1]:0
(0.1,0.25]:0
(0.25,0.5]:0
(0.5,0.75]:0
(0.75,1]:0
(1,2.5]:0
(2.5,5]:0
(5,7.5]:0
(7.5,10]:0
(10,+Infinity]:0
(2025-09-11T06:34:32.8327702Z, 2025-09-11T06:34:38.4237153Z] http.request.method: POST http.response.status_code: 401 http.route: api/Auth/login network.protocol.version: 1.1 url.scheme: http Histogram
Value: Sum: 0.0013137 Count: 1 Min: 0.0013137 Max: 0.0013137 
(-Infinity,0.005]:1
(0.005,0.01]:0
(0.01,0.025]:0
(0.025,0.05]:0
(0.05,0.075]:0
(0.075,0.1]:0
(0.1,0.25]:0
(0.25,0.5]:0
(0.5,0.75]:0
(0.75,1]:0
(1,2.5]:0
(2.5,5]:0
(5,7.5]:0
(7.5,10]:0
(10,+Infinity]:0
(2025-09-11T06:34:32.8327702Z, 2025-09-11T06:34:38.4237153Z] http.request.method: POST http.response.status_code: 200 http.route: api/Auth/logout network.protocol.version: 1.1 url.scheme: http Histogram
Value: Sum: 0.0077073 Count: 1 Min: 0.0077073 Max: 0.0077073 
(-Infinity,0.005]:0
(0.005,0.01]:1
(0.01,0.025]:0
(0.025,0.05]:0
(0.05,0.075]:0
(0.075,0.1]:0
(0.1,0.25]:0
(0.25,0.5]:0
(0.5,0.75]:0
(0.75,1]:0
(1,2.5]:0
(2.5,5]:0
(5,7.5]:0
(7.5,10]:0
(10,+Infinity]:0
(2025-09-11T06:34:32.8327702Z, 2025-09-11T06:34:38.4237153Z] http.request.method: POST http.response.status_code: 401 http.route: api/Auth/refresh network.protocol.version: 1.1 url.scheme: http Histogram
Value: Sum: 0.0040975 Count: 2 Min: 0.0010825 Max: 0.003015 
(-Infinity,0.005]:2
(0.005,0.01]:0
(0.01,0.025]:0
(0.025,0.05]:0
(0.05,0.075]:0
(0.075,0.1]:0
(0.1,0.25]:0
(0.25,0.5]:0
(0.5,0.75]:0
(0.75,1]:0
(1,2.5]:0
(2.5,5]:0
(5,7.5]:0
(7.5,10]:0
(10,+Infinity]:0
(2025-09-11T06:34:32.8327702Z, 2025-09-11T06:34:38.4237153Z] http.request.method: GET http.response.status_code: 200 http.route: api/Auth/me network.protocol.version: 1.1 url.scheme: http Histogram
Value: Sum: 0.0023978 Count: 1 Min: 0.0023978 Max: 0.0023978 
(-Infinity,0.005]:1
(0.005,0.01]:0
(0.01,0.025]:0
(0.025,0.05]:0
(0.05,0.075]:0
(0.075,0.1]:0
(0.1,0.25]:0
(0.25,0.5]:0
(0.5,0.75]:0
(0.75,1]:0
(1,2.5]:0
(2.5,5]:0
(5,7.5]:0
(7.5,10]:0
(10,+Infinity]:0
(2025-09-11T06:34:32.8327702Z, 2025-09-11T06:34:38.4237153Z] http.request.method: GET http.response.status_code: 401 http.route: api/Auth/me network.protocol.version: 1.1 url.scheme: http Histogram
Value: Sum: 0.0012564 Count: 1 Min: 0.0012564 Max: 0.0012564 
(-Infinity,0.005]:1
(0.005,0.01]:0
(0.01,0.025]:0
(0.025,0.05]:0
(0.05,0.075]:0
(0.075,0.1]:0
(0.1,0.25]:0
(0.25,0.5]:0
(0.5,0.75]:0
(0.75,1]:0
(1,2.5]:0
(2.5,5]:0
(5,7.5]:0
(7.5,10]:0
(10,+Infinity]:0
(2025-09-11T06:34:32.8327702Z, 2025-09-11T06:34:38.4237153Z] http.request.method: POST http.response.status_code: 400 http.route: api/Auth/login network.protocol.version: 1.1 url.scheme: http Histogram
Value: Sum: 0.0016338 Count: 1 Min: 0.0016338 Max: 0.0016338 
(-Infinity,0.005]:1
(0.005,0.01]:0
(0.01,0.025]:0
(0.025,0.05]:0
(0.05,0.075]:0
(0.075,0.1]:0
(0.1,0.25]:0
(0.25,0.5]:0
(0.5,0.75]:0
(0.75,1]:0
(1,2.5]:0
(2.5,5]:0
(5,7.5]:0
(7.5,10]:0
(10,+Infinity]:0
Metric Name: aspnetcore.rate_limiting.active_request_leases, Number of HTTP requests that are currently active on the server that hold a rate limiting lease., Unit: {request}, Meter: Microsoft.AspNetCore.RateLimiting
(2025-09-11T06:34:32.8349175Z, 2025-09-11T06:34:38.4237160Z] LongSumNonMonotonic
Value: 0
Metric Name: aspnetcore.rate_limiting.request_lease.duration, The duration of rate limiting leases held by HTTP requests on the server., Unit: s, Meter: Microsoft.AspNetCore.RateLimiting
(2025-09-11T06:34:32.8349372Z, 2025-09-11T06:34:38.4237168Z] Histogram
Value: Sum: 3.0708171999999996 Count: 20 Min: 0.0006018 Max: 0.3350546 
(-Infinity,0.005]:7
(0.005,0.01]:1
(0.01,0.025]:2
(0.025,0.05]:0
(0.05,0.075]:0
(0.075,0.1]:0
(0.1,0.25]:0
(0.25,0.5]:10
(0.5,0.75]:0
(0.75,1]:0
(1,2.5]:0
(2.5,5]:0
(5,7.5]:0
(7.5,10]:0
(10,+Infinity]:0
Metric Name: aspnetcore.rate_limiting.requests, Number of requests that tried to acquire a rate limiting lease. Requests could be rejected by global or endpoint rate limiting policies. Or the request could be canceled while waiting for the lease., Unit: {request}, Meter: Microsoft.AspNetCore.RateLimiting
(2025-09-11T06:34:32.8349891Z, 2025-09-11T06:34:38.4237182Z] aspnetcore.rate_limiting.result: acquired LongSum
Value: 20
Metric Name: aspnetcore.routing.match_attempts, Number of requests that were attempted to be matched to an endpoint., Unit: {match_attempt}, Meter: Microsoft.AspNetCore.Routing
(2025-09-11T06:34:32.8357774Z, 2025-09-11T06:34:38.4237187Z] aspnetcore.routing.is_fallback: false aspnetcore.routing.match_status: success http.route: api/Auth/register LongSum
Value: 8
(2025-09-11T06:34:32.8357774Z, 2025-09-11T06:34:38.4237187Z] aspnetcore.routing.is_fallback: false aspnetcore.routing.match_status: success http.route: api/Auth/login LongSum
Value: 6
(2025-09-11T06:34:32.8357774Z, 2025-09-11T06:34:38.4237187Z] aspnetcore.routing.is_fallback: false aspnetcore.routing.match_status: success http.route: api/Auth/refresh LongSum
Value: 3
(2025-09-11T06:34:32.8357774Z, 2025-09-11T06:34:38.4237187Z] aspnetcore.routing.is_fallback: false aspnetcore.routing.match_status: success http.route: api/Auth/logout LongSum
Value: 1
(2025-09-11T06:34:32.8357774Z, 2025-09-11T06:34:38.4237187Z] aspnetcore.routing.is_fallback: false aspnetcore.routing.match_status: success http.route: api/Auth/me LongSum
Value: 2
[xUnit.net 00:01:47.15]   Finished:    Tests.Integration.Backend
</StdOut>
    </Output>
    <RunInfos>
      <RunInfo computerName="runnervmf4ws1" outcome="Warning" timestamp="2025-09-11T06:33:29.4456307+00:00">
        <Text>[xUnit.net 00:00:38.17]     Tests.Integration.Backend.Controllers.PeopleControllerTests.PUT_People_Should_Update_Person_Roles [SKIP]</Text>
      </RunInfo>
      <RunInfo computerName="runnervmf4ws1" outcome="Error" timestamp="2025-09-11T06:33:59.0621368+00:00">
        <Text>[xUnit.net 00:01:07.78]     Tests.Integration.Backend.OutputCaching.ConditionalRequestTests.GetRequest_WithIfModifiedSince_ShouldReturn200_WhenModified [FAIL]</Text>
      </RunInfo>
    </RunInfos>
  </ResultSummary>
</TestRun>