<?xml version="1.0" encoding="utf-8"?>
<TestRun id="1311bc0f-d96f-4901-a191-e13161d4c727" name="@runnervmf4ws1 2025-09-11 06:44:00" xmlns="http://microsoft.com/schemas/VisualStudio/TeamTest/2010">
  <Times creation="2025-09-11T06:44:00.1584794+00:00" queuing="2025-09-11T06:44:00.1584795+00:00" start="2025-09-11T06:43:56.6132579+00:00" finish="2025-09-11T06:45:43.6173991+00:00" />
  <TestSettings name="default" id="cdf45d21-1fc3-4857-a0d5-76e0d8448372">
    <Deployment runDeploymentRoot="_runnervmf4ws1_2025-09-11_06_44_00" />
  </TestSettings>
  <Results>
    <UnitTestResult executionId="1f65f0c2-2c07-4038-b5f4-2f2d665c0ad4" testId="5b94e67b-8161-a4c1-a97f-c638ed8f05ba" testName="Tests.Integration.Backend.Controllers.PeopleControllerTests.GET_People_Should_Return_All_People" computerName="runnervmf4ws1" duration="00:00:01.1283144" startTime="2025-09-11T06:45:13.7128621+00:00" endTime="2025-09-11T06:45:13.7128622+00:00" testType="13cdc9d9-ddb5-4fa4-a97d-d965ccfc6d4b" outcome="Passed" testListId="8c84fa94-04c1-424b-9868-57a2d4851a1d" relativeResultsDirectory="1f65f0c2-2c07-4038-b5f4-2f2d665c0ad4" />
    <UnitTestResult executionId="486fb12b-0b14-4170-bfa1-fec6ccf9e433" testId="01f8b1a1-47e4-68c0-8cf3-4a745a731823" testName="Tests.Integration.Backend.Controllers.WallsControllerTests.GET_Wall_By_Id_Should_Return_404_When_Not_Exists" computerName="runnervmf4ws1" duration="00:00:00.3029118" startTime="2025-09-11T06:45:26.6784080+00:00" endTime="2025-09-11T06:45:26.6784080+00:00" testType="13cdc9d9-ddb5-4fa4-a97d-d965ccfc6d4b" outcome="Passed" testListId="8c84fa94-04c1-424b-9868-57a2d4851a1d" relativeResultsDirectory="486fb12b-0b14-4170-bfa1-fec6ccf9e433" />
    <UnitTestResult executionId="1026faaf-a71c-4698-93b0-8220b529654e" testId="dc62b2c0-66b3-fee4-dcd7-e086c4c46187" testName="Tests.Integration.Backend.Controllers.WallsControllerTests.DELETE_Wall_Should_Return_204_When_Not_Exists" computerName="runnervmf4ws1" duration="00:00:00.6154443" startTime="2025-09-11T06:45:19.3885449+00:00" endTime="2025-09-11T06:45:19.3885450+00:00" testType="13cdc9d9-ddb5-4fa4-a97d-d965ccfc6d4b" outcome="Passed" testListId="8c84fa94-04c1-424b-9868-57a2d4851a1d" relativeResultsDirectory="1026faaf-a71c-4698-93b0-8220b529654e" />
    <UnitTestResult executionId="3387bbbd-b3ee-491b-9347-91729670aba5" testId="76fbe764-5e84-e751-cc4c-187af70eca54" testName="Tests.Integration.Backend.Infrastructure.GenericRepositoryIntegrationTests.GenericRepository_ShouldWorkWithSpecifications_EndToEnd" computerName="runnervmf4ws1" duration="00:00:00.3270744" startTime="2025-09-11T06:44:19.3328996+00:00" endTime="2025-09-11T06:44:19.3328998+00:00" testType="13cdc9d9-ddb5-4fa4-a97d-d965ccfc6d4b" outcome="Passed" testListId="8c84fa94-04c1-424b-9868-57a2d4851a1d" relativeResultsDirectory="3387bbbd-b3ee-491b-9347-91729670aba5" />
    <UnitTestResult executionId="9b398075-5ffd-423e-ad52-296aa187f737" testId="696a1e18-7066-ca21-55a7-645fa8e1a26a" testName="Tests.Integration.Backend.Controllers.WallsControllerTests.GET_Walls_Should_Return_Empty_List_Initially" computerName="runnervmf4ws1" duration="00:00:00.5252520" startTime="2025-09-11T06:45:22.6375585+00:00" endTime="2025-09-11T06:45:22.6375585+00:00" testType="13cdc9d9-ddb5-4fa4-a97d-d965ccfc6d4b" outcome="Passed" testListId="8c84fa94-04c1-424b-9868-57a2d4851a1d" relativeResultsDirectory="9b398075-5ffd-423e-ad52-296aa187f737" />
    <UnitTestResult executionId="e50ce1cc-8f5d-43aa-ab02-b5938e000a39" testId="aaddc149-d8b9-e302-ef68-034ece67c17b" testName="Tests.Integration.Backend.Controllers.ApiHealthTests.All_Endpoints_Should_Support_Expected_HTTP_Methods(method: &quot;GET&quot;, endpoint: &quot;/api/windows&quot;)" computerName="runnervmf4ws1" duration="00:00:00.3038220" startTime="2025-09-11T06:45:34.3759000+00:00" endTime="2025-09-11T06:45:34.3759001+00:00" testType="13cdc9d9-ddb5-4fa4-a97d-d965ccfc6d4b" outcome="Passed" testListId="8c84fa94-04c1-424b-9868-57a2d4851a1d" relativeResultsDirectory="e50ce1cc-8f5d-43aa-ab02-b5938e000a39" />
    <UnitTestResult executionId="6aaeac44-6f55-4eff-a2a0-0bddcd5098e3" testId="6ab30ede-2d43-e3c2-d85a-058d5fd2dee1" testName="Tests.Integration.Backend.E2E.AuthenticationE2ETests.Refresh_Token_Rotation_Should_Work" computerName="runnervmf4ws1" duration="00:00:00.3339109" startTime="2025-09-11T06:44:01.9457754+00:00" endTime="2025-09-11T06:44:01.9457757+00:00" testType="13cdc9d9-ddb5-4fa4-a97d-d965ccfc6d4b" outcome="Passed" testListId="8c84fa94-04c1-424b-9868-57a2d4851a1d" relativeResultsDirectory="6aaeac44-6f55-4eff-a2a0-0bddcd5098e3" />
    <UnitTestResult executionId="2aab4722-01d8-45c7-b1e2-03b01000623d" testId="b7695dc8-52d4-1e66-b81e-a27de7f041fc" testName="Tests.Integration.Backend.E2E.AuthenticationE2ETests.Registration_Should_Prevent_Duplicate_Emails" computerName="runnervmf4ws1" duration="00:00:00.3170463" startTime="2025-09-11T06:44:01.2628347+00:00" endTime="2025-09-11T06:44:01.2628349+00:00" testType="13cdc9d9-ddb5-4fa4-a97d-d965ccfc6d4b" outcome="Passed" testListId="8c84fa94-04c1-424b-9868-57a2d4851a1d" relativeResultsDirectory="2aab4722-01d8-45c7-b1e2-03b01000623d" />
    <UnitTestResult executionId="0e08aa66-1773-4153-bf73-e7f99d290c6d" testId="20da3b3a-c531-7fe5-3776-1e7b0c6c1d26" testName="Tests.Integration.Backend.Controllers.PeopleControllerTests.PUT_People_Should_Update_Person" computerName="runnervmf4ws1" duration="00:00:00.8325037" startTime="2025-09-11T06:45:05.5022406+00:00" endTime="2025-09-11T06:45:05.5022407+00:00" testType="13cdc9d9-ddb5-4fa4-a97d-d965ccfc6d4b" outcome="Passed" testListId="8c84fa94-04c1-424b-9868-57a2d4851a1d" relativeResultsDirectory="0e08aa66-1773-4153-bf73-e7f99d290c6d" />
    <UnitTestResult executionId="07d5393e-2e6e-4858-80f2-a1039c6bf741" testId="f63011fd-c6a3-fc9c-0ff5-216045de6e40" testName="Tests.Integration.Backend.E2E.AuthenticationE2ETests.Registration_Should_Validate_Email_Format" computerName="runnervmf4ws1" duration="00:00:00.0279012" startTime="2025-09-11T06:44:01.2911289+00:00" endTime="2025-09-11T06:44:01.2911291+00:00" testType="13cdc9d9-ddb5-4fa4-a97d-d965ccfc6d4b" outcome="Passed" testListId="8c84fa94-04c1-424b-9868-57a2d4851a1d" relativeResultsDirectory="07d5393e-2e6e-4858-80f2-a1039c6bf741" />
    <UnitTestResult executionId="a3bacc44-55c9-4ed9-bf04-7ce1f35e1d41" testId="f7ccf265-e80b-872a-2ee9-60a9a3351b24" testName="Tests.Integration.Backend.Controllers.ApiHealthTests.API_Should_Handle_Invalid_Routes" computerName="runnervmf4ws1" duration="00:00:00.3006063" startTime="2025-09-11T06:45:40.9303544+00:00" endTime="2025-09-11T06:45:40.9303544+00:00" testType="13cdc9d9-ddb5-4fa4-a97d-d965ccfc6d4b" outcome="Passed" testListId="8c84fa94-04c1-424b-9868-57a2d4851a1d" relativeResultsDirectory="a3bacc44-55c9-4ed9-bf04-7ce1f35e1d41" />
    <UnitTestResult executionId="35b3db79-52c8-45c0-a5e0-8734a43d1ef3" testId="55dddd7e-5762-c034-d77c-c5f90ba94706" testName="Tests.Integration.Backend.Controllers.AuthControllerPasswordResetTests.Complete_Password_Reset_Workflow_Should_Work" computerName="runnervmf4ws1" duration="00:00:00.6404178" startTime="2025-09-11T06:44:51.1052639+00:00" endTime="2025-09-11T06:44:51.1052639+00:00" testType="13cdc9d9-ddb5-4fa4-a97d-d965ccfc6d4b" outcome="Passed" testListId="8c84fa94-04c1-424b-9868-57a2d4851a1d" relativeResultsDirectory="35b3db79-52c8-45c0-a5e0-8734a43d1ef3" />
    <UnitTestResult executionId="115898ed-df8f-4718-977e-e02a129876c4" testId="4e4996c7-f4bf-6a3f-b2c5-de38dd6676bb" testName="Tests.Integration.Backend.Controllers.PeopleControllerTests.GET_People_By_Id_Should_Return_404_For_NonExistent_Person" computerName="runnervmf4ws1" duration="00:00:00.5255524" startTime="2025-09-11T06:45:08.4480081+00:00" endTime="2025-09-11T06:45:08.4480081+00:00" testType="13cdc9d9-ddb5-4fa4-a97d-d965ccfc6d4b" outcome="Passed" testListId="8c84fa94-04c1-424b-9868-57a2d4851a1d" relativeResultsDirectory="115898ed-df8f-4718-977e-e02a129876c4" />
    <UnitTestResult executionId="3fba4517-ea1f-4b4c-9aa1-840557b9b6cd" testId="58d6d3e1-eb4b-146c-6475-5a89377fd38d" testName="Tests.Integration.Backend.Controllers.ApiHealthTests.API_Should_Maintain_Data_Consistency_Under_Load" computerName="runnervmf4ws1" duration="00:00:02.5190105" startTime="2025-09-11T06:45:43.4497193+00:00" endTime="2025-09-11T06:45:43.4497194+00:00" testType="13cdc9d9-ddb5-4fa4-a97d-d965ccfc6d4b" outcome="Passed" testListId="8c84fa94-04c1-424b-9868-57a2d4851a1d" relativeResultsDirectory="3fba4517-ea1f-4b4c-9aa1-840557b9b6cd" />
    <UnitTestResult executionId="25c9731c-7eec-415f-b08b-0e2d34f1b55b" testId="d818e0b1-081a-89e5-4910-f245961c9079" testName="Tests.Integration.Backend.Controllers.ApiHealthTests.All_Endpoints_Should_Support_Expected_HTTP_Methods(method: &quot;GET&quot;, endpoint: &quot;/api/walls&quot;)" computerName="runnervmf4ws1" duration="00:00:00.3025765" startTime="2025-09-11T06:45:34.6788302+00:00" endTime="2025-09-11T06:45:34.6788302+00:00" testType="13cdc9d9-ddb5-4fa4-a97d-d965ccfc6d4b" outcome="Passed" testListId="8c84fa94-04c1-424b-9868-57a2d4851a1d" relativeResultsDirectory="25c9731c-7eec-415f-b08b-0e2d34f1b55b" />
    <UnitTestResult executionId="13686d02-74bf-4631-9fb7-72e25645c78c" testId="28a5e352-3d95-d1b8-53ef-7edd0326a49c" testName="Tests.Integration.Backend.Controllers.WindowsControllerTests.DELETE_Window_Should_Remove_Existing_Window" computerName="runnervmf4ws1" duration="00:00:01.6594401" startTime="2025-09-11T06:44:07.7354059+00:00" endTime="2025-09-11T06:44:07.7354060+00:00" testType="13cdc9d9-ddb5-4fa4-a97d-d965ccfc6d4b" outcome="Passed" testListId="8c84fa94-04c1-424b-9868-57a2d4851a1d" relativeResultsDirectory="13686d02-74bf-4631-9fb7-72e25645c78c" />
    <UnitTestResult executionId="938a4101-fc3c-4fd8-8002-38357eaf4161" testId="3b2e3bce-af10-026c-a2ca-d924efcd601d" testName="Tests.Integration.Backend.Compression.StaticFileCompressionTests.JsFile_ShouldBeCompressed_WhenClientSupportsGzip" computerName="runnervmf4ws1" duration="00:00:00.0025525" startTime="2025-09-11T06:44:19.6258653+00:00" endTime="2025-09-11T06:44:19.6258654+00:00" testType="13cdc9d9-ddb5-4fa4-a97d-d965ccfc6d4b" outcome="Passed" testListId="8c84fa94-04c1-424b-9868-57a2d4851a1d" relativeResultsDirectory="938a4101-fc3c-4fd8-8002-38357eaf4161" />
    <UnitTestResult executionId="04cdf904-3b3b-4cb3-9630-c9e1a295d2f6" testId="84be9167-1ae7-c4b1-fa12-da145604b354" testName="Tests.Integration.Backend.Controllers.AuthControllerPasswordResetTests.POST_ValidateResetToken_WithValidToken_Should_Return_Valid_Status" computerName="runnervmf4ws1" duration="00:00:00.3278213" startTime="2025-09-11T06:44:51.4333925+00:00" endTime="2025-09-11T06:44:51.4333926+00:00" testType="13cdc9d9-ddb5-4fa4-a97d-d965ccfc6d4b" outcome="Passed" testListId="8c84fa94-04c1-424b-9868-57a2d4851a1d" relativeResultsDirectory="04cdf904-3b3b-4cb3-9630-c9e1a295d2f6" />
    <UnitTestResult executionId="3cc9ff88-636d-497c-84fc-4fda17870963" testId="42775960-58e6-9486-14ff-996dea311598" testName="Tests.Integration.Backend.Infrastructure.GenericRepositoryIntegrationTests.IRepository_ShouldBeRegisteredInDIContainer" computerName="runnervmf4ws1" duration="00:00:00.2277814" startTime="2025-09-11T06:44:19.5611552+00:00" endTime="2025-09-11T06:44:19.5611555+00:00" testType="13cdc9d9-ddb5-4fa4-a97d-d965ccfc6d4b" outcome="Passed" testListId="8c84fa94-04c1-424b-9868-57a2d4851a1d" relativeResultsDirectory="3cc9ff88-636d-497c-84fc-4fda17870963" />
    <UnitTestResult executionId="a856789b-b653-433a-8da3-73581a51dca6" testId="60dfb5c8-db46-6bbb-f8af-46af1d350941" testName="Tests.Integration.Backend.Controllers.PeopleControllerTests.DELETE_People_Should_Remove_Person" computerName="runnervmf4ws1" duration="00:00:00.8256071" startTime="2025-09-11T06:45:11.7607808+00:00" endTime="2025-09-11T06:45:11.7607808+00:00" testType="13cdc9d9-ddb5-4fa4-a97d-d965ccfc6d4b" outcome="Passed" testListId="8c84fa94-04c1-424b-9868-57a2d4851a1d" relativeResultsDirectory="a856789b-b653-433a-8da3-73581a51dca6" />
    <UnitTestResult executionId="0afca204-4f58-4578-bce4-6c5957a99956" testId="fb20298c-4879-8f71-4e88-e39a0110f3e6" testName="Tests.Integration.Backend.OutputCaching.CachingE2ETests.ConcurrentRequests_ShouldBeCachedEfficiently" computerName="runnervmf4ws1" duration="00:00:00.5276308" startTime="2025-09-11T06:44:46.6105544+00:00" endTime="2025-09-11T06:44:46.6105544+00:00" testType="13cdc9d9-ddb5-4fa4-a97d-d965ccfc6d4b" outcome="Passed" testListId="8c84fa94-04c1-424b-9868-57a2d4851a1d" relativeResultsDirectory="0afca204-4f58-4578-bce4-6c5957a99956">
      <Output>
        <StdOut>20 concurrent requests completed in 3ms
Average time per request: 0.15ms</StdOut>
      </Output>
    </UnitTestResult>
    <UnitTestResult executionId="9fd56d96-2ea4-4c66-a177-585fec70c620" testId="575d783b-dbc0-13f3-17de-767c6d0c6111" testName="Tests.Integration.Backend.OutputCaching.OutputCachingConfigurationTests.OutputCachePolicies_ShouldHaveCorrectDurations(policyName: &quot;PeoplePolicy&quot;, expectedDurationSeconds: 300)" computerName="runnervmf4ws1" duration="00:00:00.0000059" startTime="2025-09-11T06:45:43.5077062+00:00" endTime="2025-09-11T06:45:43.5077062+00:00" testType="13cdc9d9-ddb5-4fa4-a97d-d965ccfc6d4b" outcome="Passed" testListId="8c84fa94-04c1-424b-9868-57a2d4851a1d" relativeResultsDirectory="9fd56d96-2ea4-4c66-a177-585fec70c620" />
    <UnitTestResult executionId="b1b1c006-a638-42e1-a060-c9f8a572cc06" testId="187ff446-ae11-3e2e-df34-66d33f545ac9" testName="Tests.Integration.Backend.Controllers.ApiHealthTests.All_Controllers_Should_Be_Accessible(endpoint: &quot;/api/roles&quot;)" computerName="runnervmf4ws1" duration="00:00:00.3094904" startTime="2025-09-11T06:45:30.9883956+00:00" endTime="2025-09-11T06:45:30.9883957+00:00" testType="13cdc9d9-ddb5-4fa4-a97d-d965ccfc6d4b" outcome="Passed" testListId="8c84fa94-04c1-424b-9868-57a2d4851a1d" relativeResultsDirectory="b1b1c006-a638-42e1-a060-c9f8a572cc06" />
    <UnitTestResult executionId="d80324fa-704e-4310-bfaf-2310b555695a" testId="06592b62-9486-dc14-09e9-81aa1f2eb0eb" testName="Tests.Integration.Backend.Compression.StaticFileCompressionTests.CompressedStaticFiles_ShouldBeSmallerThanUncompressed" computerName="runnervmf4ws1" duration="00:00:00.0036977" startTime="2025-09-11T06:44:19.6299443+00:00" endTime="2025-09-11T06:44:19.6299444+00:00" testType="13cdc9d9-ddb5-4fa4-a97d-d965ccfc6d4b" outcome="Passed" testListId="8c84fa94-04c1-424b-9868-57a2d4851a1d" relativeResultsDirectory="d80324fa-704e-4310-bfaf-2310b555695a" />
    <UnitTestResult executionId="41ad5f17-bf65-4feb-b7fb-6a9b9e9892f5" testId="5fe2d973-b7ff-5b61-b9d0-9afdc13b9ebf" testName="Tests.Integration.Backend.Controllers.ApiHealthTests.All_Endpoints_Should_Support_Expected_HTTP_Methods(method: &quot;POST&quot;, endpoint: &quot;/api/walls&quot;)" computerName="runnervmf4ws1" duration="00:00:00.6168206" startTime="2025-09-11T06:45:32.2201903+00:00" endTime="2025-09-11T06:45:32.2201903+00:00" testType="13cdc9d9-ddb5-4fa4-a97d-d965ccfc6d4b" outcome="Passed" testListId="8c84fa94-04c1-424b-9868-57a2d4851a1d" relativeResultsDirectory="41ad5f17-bf65-4feb-b7fb-6a9b9e9892f5" />
    <UnitTestResult executionId="de707768-76c2-4187-bd5e-2d61362cff18" testId="7bc10e4f-5a04-518e-0136-35873081b204" testName="Tests.Integration.Backend.Controllers.WindowsControllerTests.PUT_Window_Should_Update_Existing_Window" computerName="runnervmf4ws1" duration="00:00:01.5752497" startTime="2025-09-11T06:44:12.1520099+00:00" endTime="2025-09-11T06:44:12.1520101+00:00" testType="13cdc9d9-ddb5-4fa4-a97d-d965ccfc6d4b" outcome="Passed" testListId="8c84fa94-04c1-424b-9868-57a2d4851a1d" relativeResultsDirectory="de707768-76c2-4187-bd5e-2d61362cff18" />
    <UnitTestResult executionId="5925044f-1b2a-497d-a13c-4871b9d972be" testId="5d6d527c-ff6b-65d9-2afb-cc1214f1f646" testName="Tests.Integration.Backend.Controllers.WindowsControllerTests.Windows_Should_Persist_Energy_Efficiency_Data" computerName="runnervmf4ws1" duration="00:00:00.6060780" startTime="2025-09-11T06:44:17.4203152+00:00" endTime="2025-09-11T06:44:17.4203154+00:00" testType="13cdc9d9-ddb5-4fa4-a97d-d965ccfc6d4b" outcome="Passed" testListId="8c84fa94-04c1-424b-9868-57a2d4851a1d" relativeResultsDirectory="5925044f-1b2a-497d-a13c-4871b9d972be" />
    <UnitTestResult executionId="57e83ce9-fa7a-4148-8e43-174929677e2b" testId="9be21e93-9fc5-d98c-6abd-02370621f63e" testName="Tests.Integration.Backend.Controllers.PeopleControllerTests.DELETE_People_Should_Return_403_For_Non_Admin_User" computerName="runnervmf4ws1" duration="00:00:01.1240276" startTime="2025-09-11T06:45:14.8372151+00:00" endTime="2025-09-11T06:45:14.8372151+00:00" testType="13cdc9d9-ddb5-4fa4-a97d-d965ccfc6d4b" outcome="Passed" testListId="8c84fa94-04c1-424b-9868-57a2d4851a1d" relativeResultsDirectory="57e83ce9-fa7a-4148-8e43-174929677e2b" />
    <UnitTestResult executionId="119a8461-f8d3-4cf1-bd13-ec0d53ba1ee0" testId="bc4ebe26-634c-986e-8a8c-e92c2437e06a" testName="Tests.Integration.Backend.Controllers.PeopleControllerTests.POST_People_Should_Allow_Empty_Phone_Number" computerName="runnervmf4ws1" duration="00:00:00.8424510" startTime="2025-09-11T06:45:07.7014292+00:00" endTime="2025-09-11T06:45:07.7014293+00:00" testType="13cdc9d9-ddb5-4fa4-a97d-d965ccfc6d4b" outcome="Passed" testListId="8c84fa94-04c1-424b-9868-57a2d4851a1d" relativeResultsDirectory="119a8461-f8d3-4cf1-bd13-ec0d53ba1ee0" />
    <UnitTestResult executionId="9d6953ad-b4c8-4c9d-8066-938aae5969eb" testId="3f2238c8-a9eb-4aa1-b9fa-c736db0a92cb" testName="Tests.Integration.Backend.OutputCaching.ConditionalRequestTests.GetRequest_WithIfNoneMatch_ShouldReturn200_WhenETagDoesNotMatch" computerName="runnervmf4ws1" duration="00:00:01.1389368" startTime="2025-09-11T06:44:54.7816776+00:00" endTime="2025-09-11T06:44:54.7816776+00:00" testType="13cdc9d9-ddb5-4fa4-a97d-d965ccfc6d4b" outcome="Passed" testListId="8c84fa94-04c1-424b-9868-57a2d4851a1d" relativeResultsDirectory="9d6953ad-b4c8-4c9d-8066-938aae5969eb" />
    <UnitTestResult executionId="d7c8037a-2d22-4842-a4f7-14ff274d628a" testId="cce4bcb7-a8a4-30d2-f887-eca92f2b74be" testName="Tests.Integration.Backend.Controllers.PeopleControllerTests.POST_People_Should_Create_Person_With_Roles" computerName="runnervmf4ws1" duration="00:00:00.9033108" startTime="2025-09-11T06:45:02.4704128+00:00" endTime="2025-09-11T06:45:02.4704129+00:00" testType="13cdc9d9-ddb5-4fa4-a97d-d965ccfc6d4b" outcome="Passed" testListId="8c84fa94-04c1-424b-9868-57a2d4851a1d" relativeResultsDirectory="d7c8037a-2d22-4842-a4f7-14ff274d628a" />
    <UnitTestResult executionId="6dabf1cf-e5cf-4375-82d7-42e46c1b3a35" testId="47bac687-f373-0ca2-6e08-37ce4bb5fb7e" testName="Tests.Integration.Backend.OutputCaching.OutputCachingTests.GetRoles_ShouldReturnConsistentResponses" computerName="runnervmf4ws1" duration="00:00:00.5314637" startTime="2025-09-11T06:45:28.9404407+00:00" endTime="2025-09-11T06:45:28.9404407+00:00" testType="13cdc9d9-ddb5-4fa4-a97d-d965ccfc6d4b" outcome="Passed" testListId="8c84fa94-04c1-424b-9868-57a2d4851a1d" relativeResultsDirectory="6dabf1cf-e5cf-4375-82d7-42e46c1b3a35" />
    <UnitTestResult executionId="4b7d1930-b7d8-483e-b79e-8c86c2902835" testId="6701ad16-b836-ee76-0566-4e5adb91c861" testName="Tests.Integration.Backend.OutputCaching.CachingE2ETests.AllCachedEndpoints_ShouldReturnCacheHeaders(endpoint: &quot;/api/roles&quot;)" computerName="runnervmf4ws1" duration="00:00:00.5195267" startTime="2025-09-11T06:44:45.0235242+00:00" endTime="2025-09-11T06:44:45.0235243+00:00" testType="13cdc9d9-ddb5-4fa4-a97d-d965ccfc6d4b" outcome="Passed" testListId="8c84fa94-04c1-424b-9868-57a2d4851a1d" relativeResultsDirectory="4b7d1930-b7d8-483e-b79e-8c86c2902835">
      <Output>
        <StdOut>Endpoint: /api/roles
  Cache-Control: public, max-age=60
  ETag: "iT1wIfAdN-iOLpwUT5-nOA"
  Last-Modified: 09/11/2025 06:44:44 +00:00</StdOut>
      </Output>
    </UnitTestResult>
    <UnitTestResult executionId="89671a25-44f3-4411-b756-4196c8bb1e7f" testId="e883dfad-5803-12bb-5b1f-de2527fafd69" testName="Tests.Integration.Backend.E2E.AuthenticationE2ETests.Concurrent_Requests_Should_Be_Handled_Properly" computerName="runnervmf4ws1" duration="00:00:00.3140026" startTime="2025-09-11T06:44:01.6115893+00:00" endTime="2025-09-11T06:44:01.6115895+00:00" testType="13cdc9d9-ddb5-4fa4-a97d-d965ccfc6d4b" outcome="Passed" testListId="8c84fa94-04c1-424b-9868-57a2d4851a1d" relativeResultsDirectory="89671a25-44f3-4411-b756-4196c8bb1e7f" />
    <UnitTestResult executionId="8bcb3033-c5b2-4473-b2af-91ffe085e9c9" testId="1089b26f-11d1-1b14-2fb8-2326613cba50" testName="Tests.Integration.Backend.Controllers.ApiHealthTests.All_Endpoints_Should_Support_Expected_HTTP_Methods(method: &quot;POST&quot;, endpoint: &quot;/api/windows&quot;)" computerName="runnervmf4ws1" duration="00:00:00.6208216" startTime="2025-09-11T06:45:33.4494489+00:00" endTime="2025-09-11T06:45:33.4494490+00:00" testType="13cdc9d9-ddb5-4fa4-a97d-d965ccfc6d4b" outcome="Passed" testListId="8c84fa94-04c1-424b-9868-57a2d4851a1d" relativeResultsDirectory="8bcb3033-c5b2-4473-b2af-91ffe085e9c9" />
    <UnitTestResult executionId="1d6f98c8-d3e6-4e07-bf0d-68855e13ee5f" testId="a0e7a1c4-1639-53f1-ce02-5d2f760332a2" testName="Tests.Integration.Backend.E2E.AuthenticationE2ETests.Token_Should_Expire_And_Require_Refresh" computerName="runnervmf4ws1" duration="00:00:00.3198288" startTime="2025-09-11T06:44:02.2763839+00:00" endTime="2025-09-11T06:44:02.2763841+00:00" testType="13cdc9d9-ddb5-4fa4-a97d-d965ccfc6d4b" outcome="Passed" testListId="8c84fa94-04c1-424b-9868-57a2d4851a1d" relativeResultsDirectory="1d6f98c8-d3e6-4e07-bf0d-68855e13ee5f" />
    <UnitTestResult executionId="018c9d80-ae26-4253-8ef7-646fa305ba9d" testId="a509d6b0-b691-0a3b-74c8-b5408578a6d5" testName="Tests.Integration.Backend.Controllers.WallsControllerTests.DELETE_Wall_Should_Remove_Existing_Wall" computerName="runnervmf4ws1" duration="00:00:01.5107889" startTime="2025-09-11T06:45:21.5069938+00:00" endTime="2025-09-11T06:45:21.5069938+00:00" testType="13cdc9d9-ddb5-4fa4-a97d-d965ccfc6d4b" outcome="Passed" testListId="8c84fa94-04c1-424b-9868-57a2d4851a1d" relativeResultsDirectory="018c9d80-ae26-4253-8ef7-646fa305ba9d" />
    <UnitTestResult executionId="3d80e4cf-9bcd-4ef6-980e-5a092ec6ca8e" testId="98463f55-b92d-02fc-1e9d-e879206d0dbe" testName="Tests.Integration.Backend.Controllers.ApiHealthTests.All_Endpoints_Should_Support_Expected_HTTP_Methods(method: &quot;POST&quot;, endpoint: &quot;/api/roles&quot;)" computerName="runnervmf4ws1" duration="00:00:00.6076962" startTime="2025-09-11T06:45:32.8282929+00:00" endTime="2025-09-11T06:45:32.8282930+00:00" testType="13cdc9d9-ddb5-4fa4-a97d-d965ccfc6d4b" outcome="Passed" testListId="8c84fa94-04c1-424b-9868-57a2d4851a1d" relativeResultsDirectory="3d80e4cf-9bcd-4ef6-980e-5a092ec6ca8e" />
    <UnitTestResult executionId="858eb34a-e3bf-49f1-8bb2-cddf96f31850" testId="0dfe4e62-1a92-361e-05c3-42444e197ce6" testName="Tests.Integration.Backend.OutputCaching.OutputCachingConfigurationTests.OutputCachePolicies_ShouldHaveCorrectDurations(policyName: &quot;WallsPolicy&quot;, expectedDurationSeconds: 600)" computerName="runnervmf4ws1" duration="00:00:00.0000041" startTime="2025-09-11T06:45:43.5077174+00:00" endTime="2025-09-11T06:45:43.5077174+00:00" testType="13cdc9d9-ddb5-4fa4-a97d-d965ccfc6d4b" outcome="Passed" testListId="8c84fa94-04c1-424b-9868-57a2d4851a1d" relativeResultsDirectory="858eb34a-e3bf-49f1-8bb2-cddf96f31850" />
    <UnitTestResult executionId="0b45f572-fb8f-421f-9f26-c684d6ebaf15" testId="4b80b6dd-af6e-92d9-97c9-a8c31eb301db" testName="Tests.Integration.Backend.OutputCaching.CachingE2ETests.AllCachedEndpoints_ShouldReturnCacheHeaders(endpoint: &quot;/api/walls&quot;)" computerName="runnervmf4ws1" duration="00:00:00.5237770" startTime="2025-09-11T06:44:44.5036467+00:00" endTime="2025-09-11T06:44:44.5036467+00:00" testType="13cdc9d9-ddb5-4fa4-a97d-d965ccfc6d4b" outcome="Passed" testListId="8c84fa94-04c1-424b-9868-57a2d4851a1d" relativeResultsDirectory="0b45f572-fb8f-421f-9f26-c684d6ebaf15">
      <Output>
        <StdOut>Endpoint: /api/walls
  Cache-Control: public, max-age=60
  ETag: "5eKdO1tMut4FSIXTWjCTyA"
  Last-Modified: 09/11/2025 06:44:40 +00:00</StdOut>
      </Output>
    </UnitTestResult>
    <UnitTestResult executionId="b225a0e8-6cdc-4127-b58c-f5e0d5c72f29" testId="03a14d36-6f95-8492-bfd4-a25fff2f6772" testName="Tests.Integration.Backend.Controllers.WindowsControllerTests.POST_Windows_Should_Return_400_For_Invalid_Data" computerName="runnervmf4ws1" duration="00:00:00.7686916" startTime="2025-09-11T06:44:05.4566765+00:00" endTime="2025-09-11T06:44:05.4566767+00:00" testType="13cdc9d9-ddb5-4fa4-a97d-d965ccfc6d4b" outcome="Passed" testListId="8c84fa94-04c1-424b-9868-57a2d4851a1d" relativeResultsDirectory="b225a0e8-6cdc-4127-b58c-f5e0d5c72f29" />
    <UnitTestResult executionId="f6c22f68-25e6-42ae-8274-4c4d2243a8f4" testId="24b020ea-ff8d-51dc-4354-4d878d866f45" testName="Tests.Integration.Backend.Controllers.AuthControllerPasswordResetTests.POST_ForgotPassword_WithNonExistentEmail_Should_Return_Success" computerName="runnervmf4ws1" duration="00:00:00.2258346" startTime="2025-09-11T06:44:49.3406146+00:00" endTime="2025-09-11T06:44:49.3406146+00:00" testType="13cdc9d9-ddb5-4fa4-a97d-d965ccfc6d4b" outcome="Passed" testListId="8c84fa94-04c1-424b-9868-57a2d4851a1d" relativeResultsDirectory="f6c22f68-25e6-42ae-8274-4c4d2243a8f4" />
    <UnitTestResult executionId="13f6ed2e-7de3-4acf-b034-46c289b7e09d" testId="4ca138d0-3af0-bb0b-3bfb-df9507be5ed5" testName="Tests.Integration.Backend.Controllers.PeopleControllerTests.POST_People_Should_Return_400_For_Invalid_Request" computerName="runnervmf4ws1" duration="00:00:00.8247335" startTime="2025-09-11T06:45:04.6693427+00:00" endTime="2025-09-11T06:45:04.6693427+00:00" testType="13cdc9d9-ddb5-4fa4-a97d-d965ccfc6d4b" outcome="Passed" testListId="8c84fa94-04c1-424b-9868-57a2d4851a1d" relativeResultsDirectory="13f6ed2e-7de3-4acf-b034-46c289b7e09d" />
    <UnitTestResult executionId="10a3db3f-d4d3-4990-924c-58addefa6dea" testId="7ad6cdf7-78b9-6f08-7531-fe00a6e266bc" testName="Tests.Integration.Backend.OutputCaching.CacheInvalidationTests.PostWall_ShouldInvalidateWallsCache" computerName="runnervmf4ws1" duration="00:00:01.1812736" startTime="2025-09-11T06:44:27.3707520+00:00" endTime="2025-09-11T06:44:27.3707522+00:00" testType="13cdc9d9-ddb5-4fa4-a97d-d965ccfc6d4b" outcome="Passed" testListId="8c84fa94-04c1-424b-9868-57a2d4851a1d" relativeResultsDirectory="10a3db3f-d4d3-4990-924c-58addefa6dea" />
    <UnitTestResult executionId="bcd38f86-2d04-4801-932e-90f3327386cc" testId="437f9b9e-301b-15b7-f72b-040911d1fd97" testName="Tests.Integration.Backend.Compression.ResponseCompressionTests.JsonResponse_ShouldBeCompressed" computerName="runnervmf4ws1" duration="00:00:00.3165796" startTime="2025-09-11T06:44:03.4489380+00:00" endTime="2025-09-11T06:44:03.4489382+00:00" testType="13cdc9d9-ddb5-4fa4-a97d-d965ccfc6d4b" outcome="Passed" testListId="8c84fa94-04c1-424b-9868-57a2d4851a1d" relativeResultsDirectory="bcd38f86-2d04-4801-932e-90f3327386cc" />
    <UnitTestResult executionId="14b54241-c748-431f-b6fd-ebd845004e41" testId="67c0dda5-90c3-5662-c072-7db17a34e9f0" testName="Tests.Integration.Backend.Controllers.AuthControllerPasswordResetTests.POST_ValidateResetToken_WithInvalidToken_Should_Return_Invalid_Status" computerName="runnervmf4ws1" duration="00:00:00.2308428" startTime="2025-09-11T06:44:50.4644512+00:00" endTime="2025-09-11T06:44:50.4644512+00:00" testType="13cdc9d9-ddb5-4fa4-a97d-d965ccfc6d4b" outcome="Passed" testListId="8c84fa94-04c1-424b-9868-57a2d4851a1d" relativeResultsDirectory="14b54241-c748-431f-b6fd-ebd845004e41" />
    <UnitTestResult executionId="db187626-0430-48a3-804c-a0a7fd37c67c" testId="bc66b42a-da4a-96c7-2103-52f52cf67ffd" testName="Tests.Integration.Backend.Controllers.AuthControllerTests.Protected_Endpoint_Should_Return_OK_With_Valid_Token" computerName="runnervmf4ws1" duration="00:00:00.8233116" startTime="2025-09-11T06:45:00.3665004+00:00" endTime="2025-09-11T06:45:00.3665005+00:00" testType="13cdc9d9-ddb5-4fa4-a97d-d965ccfc6d4b" outcome="Passed" testListId="8c84fa94-04c1-424b-9868-57a2d4851a1d" relativeResultsDirectory="db187626-0430-48a3-804c-a0a7fd37c67c" />
    <UnitTestResult executionId="4387afa5-cb00-4e59-89cb-b2c99d3d5c98" testId="3aa435ad-a9a4-65ee-4bc9-21f73753b103" testName="Tests.Integration.Backend.OutputCaching.OutputCachingConfigurationTests.OutputCaching_ShouldBeRegisteredInServices" computerName="runnervmf4ws1" duration="00:00:00.0001388" startTime="2025-09-11T06:45:43.5399950+00:00" endTime="2025-09-11T06:45:43.5399951+00:00" testType="13cdc9d9-ddb5-4fa4-a97d-d965ccfc6d4b" outcome="Passed" testListId="8c84fa94-04c1-424b-9868-57a2d4851a1d" relativeResultsDirectory="4387afa5-cb00-4e59-89cb-b2c99d3d5c98" />
    <UnitTestResult executionId="d9b5ed5b-2439-44a1-b150-dc26610b7168" testId="5ba1ea2b-a035-33f8-2d26-2c5753c3433e" testName="Tests.Integration.Backend.Compression.StaticFileCompressionTests.UncompressedStaticFiles_ShouldNotHaveCompressionHeaders" computerName="runnervmf4ws1" duration="00:00:00.0031934" startTime="2025-09-11T06:44:19.6231510+00:00" endTime="2025-09-11T06:44:19.6231511+00:00" testType="13cdc9d9-ddb5-4fa4-a97d-d965ccfc6d4b" outcome="Passed" testListId="8c84fa94-04c1-424b-9868-57a2d4851a1d" relativeResultsDirectory="d9b5ed5b-2439-44a1-b150-dc26610b7168" />
    <UnitTestResult executionId="69edd40f-4bf3-42d1-88ee-cf0472e26f2a" testId="a4e7fe1d-8462-8e20-a217-708cdc9d8f6a" testName="Tests.Integration.Backend.Controllers.WallsControllerTests.Walls_Should_Persist_Timestamps_Correctly" computerName="runnervmf4ws1" duration="00:00:01.6217147" startTime="2025-09-11T06:45:24.8631488+00:00" endTime="2025-09-11T06:45:24.8631489+00:00" testType="13cdc9d9-ddb5-4fa4-a97d-d965ccfc6d4b" outcome="Passed" testListId="8c84fa94-04c1-424b-9868-57a2d4851a1d" relativeResultsDirectory="69edd40f-4bf3-42d1-88ee-cf0472e26f2a" />
    <UnitTestResult executionId="0154a663-6251-4302-aec0-164db37c29f4" testId="8231f168-9927-9d00-f91d-f5006f875a5b" testName="Tests.Integration.Backend.Controllers.ApiHealthTests.All_Controllers_Should_Be_Accessible(endpoint: &quot;/api/walls&quot;)" computerName="runnervmf4ws1" duration="00:00:00.3133194" startTime="2025-09-11T06:45:30.6785521+00:00" endTime="2025-09-11T06:45:30.6785521+00:00" testType="13cdc9d9-ddb5-4fa4-a97d-d965ccfc6d4b" outcome="Passed" testListId="8c84fa94-04c1-424b-9868-57a2d4851a1d" relativeResultsDirectory="0154a663-6251-4302-aec0-164db37c29f4" />
    <UnitTestResult executionId="b39777ba-0a6e-481d-b30e-2c94166460cd" testId="43b9d173-0889-c0cd-91e8-55b0783b32ae" testName="Tests.Integration.Backend.OutputCaching.CacheInvalidationTests.DeletePerson_ShouldInvalidateListCache" computerName="runnervmf4ws1" duration="00:00:01.1321475" startTime="2025-09-11T06:44:24.3230851+00:00" endTime="2025-09-11T06:44:24.3230853+00:00" testType="13cdc9d9-ddb5-4fa4-a97d-d965ccfc6d4b" outcome="Passed" testListId="8c84fa94-04c1-424b-9868-57a2d4851a1d" relativeResultsDirectory="b39777ba-0a6e-481d-b30e-2c94166460cd" />
    <UnitTestResult executionId="5917d0cc-c4e2-4f74-9d24-eb758ca49cbb" testId="8feb6ba1-0aea-ccd4-705a-a363165ab119" testName="Tests.Integration.Backend.Compression.ResponseCompressionTests.ApiResponse_ShouldBeCompressed_WhenClientSupportsBrotli" computerName="runnervmf4ws1" duration="00:00:00.8465358" startTime="2025-09-11T06:44:03.1319219+00:00" endTime="2025-09-11T06:44:03.1319221+00:00" testType="13cdc9d9-ddb5-4fa4-a97d-d965ccfc6d4b" outcome="Passed" testListId="8c84fa94-04c1-424b-9868-57a2d4851a1d" relativeResultsDirectory="5917d0cc-c4e2-4f74-9d24-eb758ca49cbb" />
    <UnitTestResult executionId="0b9a950f-c194-47c0-a24b-93ecc501472d" testId="74c46e58-3df7-a0cc-53b5-5247c5480908" testName="Tests.Integration.Backend.OutputCaching.CachingE2ETests.AllCachedEndpoints_ShouldReturnCacheHeaders(endpoint: &quot;/api/people&quot;)" computerName="runnervmf4ws1" duration="00:00:00.5180385" startTime="2025-09-11T06:44:46.0825823+00:00" endTime="2025-09-11T06:44:46.0825824+00:00" testType="13cdc9d9-ddb5-4fa4-a97d-d965ccfc6d4b" outcome="Passed" testListId="8c84fa94-04c1-424b-9868-57a2d4851a1d" relativeResultsDirectory="0b9a950f-c194-47c0-a24b-93ecc501472d">
      <Output>
        <StdOut>Endpoint: /api/people
  Cache-Control: public, max-age=60
  ETag: "2m1xU7BV5DwEXueacR4ANw"
  Last-Modified: 09/11/2025 06:44:45 +00:00</StdOut>
      </Output>
    </UnitTestResult>
    <UnitTestResult executionId="3fe6b885-80f3-4f20-b3eb-a7eefc85d552" testId="5250d740-754a-3ba2-19d9-7b7107d87e03" testName="Tests.Integration.Backend.Controllers.WindowsControllerTests.DELETE_Window_Should_Return_204_When_Not_Exists" computerName="runnervmf4ws1" duration="00:00:00.6063537" startTime="2025-09-11T06:44:18.0272147+00:00" endTime="2025-09-11T06:44:18.0272156+00:00" testType="13cdc9d9-ddb5-4fa4-a97d-d965ccfc6d4b" outcome="Passed" testListId="8c84fa94-04c1-424b-9868-57a2d4851a1d" relativeResultsDirectory="3fe6b885-80f3-4f20-b3eb-a7eefc85d552" />
    <UnitTestResult executionId="a1d12234-f731-4d61-93f1-874f2d4f2742" testId="a46a2a4d-c658-0cec-efdf-8b3a220df306" testName="Tests.Integration.Backend.OutputCaching.OutputCachingConfigurationTests.OutputCaching_ShouldUseRedisWhenConfigured" computerName="runnervmf4ws1" duration="00:00:00.0317355" startTime="2025-09-11T06:45:43.5395129+00:00" endTime="2025-09-11T06:45:43.5395129+00:00" testType="13cdc9d9-ddb5-4fa4-a97d-d965ccfc6d4b" outcome="Passed" testListId="8c84fa94-04c1-424b-9868-57a2d4851a1d" relativeResultsDirectory="a1d12234-f731-4d61-93f1-874f2d4f2742" />
    <UnitTestResult executionId="4ce0d067-ee92-480e-a996-5bd7c51e82d4" testId="1c428206-078b-ef8a-981a-72b75853f6ff" testName="Tests.Integration.Backend.Compression.StaticFileCompressionTests.JsFile_ShouldBeCompressed_WhenClientSupportsBrotli" computerName="runnervmf4ws1" duration="00:00:00.0031295" startTime="2025-09-11T06:44:19.6062219+00:00" endTime="2025-09-11T06:44:19.6062220+00:00" testType="13cdc9d9-ddb5-4fa4-a97d-d965ccfc6d4b" outcome="Passed" testListId="8c84fa94-04c1-424b-9868-57a2d4851a1d" relativeResultsDirectory="4ce0d067-ee92-480e-a996-5bd7c51e82d4" />
    <UnitTestResult executionId="ba924c02-117a-4fa9-a69a-7c5e8891cd09" testId="9805b897-cbb6-397d-b557-62afcb8b9211" testName="Tests.Integration.Backend.Controllers.RolesControllerTests.GET_Role_By_Id_Should_Return_Role_When_Exists" computerName="runnervmf4ws1" duration="00:00:01.1309525" startTime="2025-09-11T06:44:39.3355800+00:00" endTime="2025-09-11T06:44:39.3355801+00:00" testType="13cdc9d9-ddb5-4fa4-a97d-d965ccfc6d4b" outcome="Passed" testListId="8c84fa94-04c1-424b-9868-57a2d4851a1d" relativeResultsDirectory="ba924c02-117a-4fa9-a69a-7c5e8891cd09" />
    <UnitTestResult executionId="e0e9d466-59a6-4fc8-b84e-d8754e0e2b87" testId="dd89f673-671f-182c-819f-0c99c5f63d13" testName="Tests.Integration.Backend.Compression.StaticFileCompressionTests.CompressedStaticFiles_ShouldHaveVaryHeader" computerName="runnervmf4ws1" duration="00:00:00.0028585" startTime="2025-09-11T06:44:19.6332259+00:00" endTime="2025-09-11T06:44:19.6332260+00:00" testType="13cdc9d9-ddb5-4fa4-a97d-d965ccfc6d4b" outcome="Passed" testListId="8c84fa94-04c1-424b-9868-57a2d4851a1d" relativeResultsDirectory="e0e9d466-59a6-4fc8-b84e-d8754e0e2b87" />
    <UnitTestResult executionId="bfea48be-3b3a-4fd8-9ba1-680217c76a5f" testId="87f4b6f2-4d01-15e3-8fa0-456f1577e608" testName="Tests.Integration.Backend.Controllers.AuthControllerPasswordResetTests.POST_ResetPassword_WithInvalidToken_Should_Return_Error" computerName="runnervmf4ws1" duration="00:00:00.2272518" startTime="2025-09-11T06:44:51.6609750+00:00" endTime="2025-09-11T06:44:51.6609750+00:00" testType="13cdc9d9-ddb5-4fa4-a97d-d965ccfc6d4b" outcome="Passed" testListId="8c84fa94-04c1-424b-9868-57a2d4851a1d" relativeResultsDirectory="bfea48be-3b3a-4fd8-9ba1-680217c76a5f" />
    <UnitTestResult executionId="0745efcb-c20c-4a39-b569-2b5039e2edf9" testId="25c388e9-4416-bcb2-f5bb-f92fe28b725a" testName="Tests.Integration.Backend.Controllers.AuthControllerPasswordResetTests.POST_ResetPassword_WithValidToken_Should_Reset_Password_Successfully" computerName="runnervmf4ws1" duration="00:00:00.6682137" startTime="2025-09-11T06:44:50.2332880+00:00" endTime="2025-09-11T06:44:50.2332880+00:00" testType="13cdc9d9-ddb5-4fa4-a97d-d965ccfc6d4b" outcome="Passed" testListId="8c84fa94-04c1-424b-9868-57a2d4851a1d" relativeResultsDirectory="0745efcb-c20c-4a39-b569-2b5039e2edf9" />
    <UnitTestResult executionId="3430f6a7-5fd8-4a96-8f40-2c4977d944a2" testId="9624bd8d-101a-a0f9-4e88-2b9292a1caad" testName="Tests.Integration.Backend.Controllers.RolesControllerTests.PUT_Role_Should_Return_404_When_Not_Exists" computerName="runnervmf4ws1" duration="00:00:00.6053845" startTime="2025-09-11T06:44:39.9413273+00:00" endTime="2025-09-11T06:44:39.9413273+00:00" testType="13cdc9d9-ddb5-4fa4-a97d-d965ccfc6d4b" outcome="Passed" testListId="8c84fa94-04c1-424b-9868-57a2d4851a1d" relativeResultsDirectory="3430f6a7-5fd8-4a96-8f40-2c4977d944a2" />
    <UnitTestResult executionId="36d0acf4-c475-4526-9513-236bb9ceded3" testId="dfaed238-70c1-ab80-405a-08edfd13c1ba" testName="Tests.Integration.Backend.Controllers.WindowsControllerTests.POST_Windows_Should_Create_Window_And_Return_201" computerName="runnervmf4ws1" duration="00:00:00.6698947" startTime="2025-09-11T06:44:10.5763267+00:00" endTime="2025-09-11T06:44:10.5763269+00:00" testType="13cdc9d9-ddb5-4fa4-a97d-d965ccfc6d4b" outcome="Passed" testListId="8c84fa94-04c1-424b-9868-57a2d4851a1d" relativeResultsDirectory="36d0acf4-c475-4526-9513-236bb9ceded3" />
    <UnitTestResult executionId="81e6d3c9-50ef-408f-b4d4-3bdabcd4a5b4" testId="2e2345f0-0d5a-ea86-479d-222f77025a6a" testName="Tests.Integration.Backend.Controllers.PeopleControllerTests.POST_People_Should_Create_Person_And_Return_201" computerName="runnervmf4ws1" duration="00:00:00.8296549" startTime="2025-09-11T06:45:03.3004247+00:00" endTime="2025-09-11T06:45:03.3004248+00:00" testType="13cdc9d9-ddb5-4fa4-a97d-d965ccfc6d4b" outcome="Passed" testListId="8c84fa94-04c1-424b-9868-57a2d4851a1d" relativeResultsDirectory="81e6d3c9-50ef-408f-b4d4-3bdabcd4a5b4" />
    <UnitTestResult executionId="f6d6d0d5-4407-448e-8081-66169ed5833e" testId="0853ac09-c300-33d5-e3a7-a607360126ba" testName="Tests.Integration.Backend.OutputCaching.ConditionalRequestTests.GetRequest_WithIfModifiedSince_ShouldReturn200_WhenModified" computerName="runnervmf4ws1" duration="00:00:01.1865936" startTime="2025-09-11T06:44:55.9767963+00:00" endTime="2025-09-11T06:44:55.9767963+00:00" testType="13cdc9d9-ddb5-4fa4-a97d-d965ccfc6d4b" outcome="Failed" testListId="8c84fa94-04c1-424b-9868-57a2d4851a1d" relativeResultsDirectory="f6d6d0d5-4407-448e-8081-66169ed5833e">
      <Output>
        <ErrorInfo>
          <Message>Expected response2.StatusCode to be HttpStatusCode.OK {value: 200} because Server should return 200 when resource has been modified, but found HttpStatusCode.NotModified {value: 304}.</Message>
          <StackTrace>   at FluentAssertions.Execution.XUnit2TestFramework.Throw(String message)
   at FluentAssertions.Execution.TestFrameworkProvider.Throw(String message)
   at FluentAssertions.Execution.DefaultAssertionStrategy.HandleFailure(String message)
   at FluentAssertions.Execution.AssertionScope.FailWith(Func`1 failReasonFunc)
   at FluentAssertions.Primitives.EnumAssertions`2.Be(TEnum expected, String because, Object[] becauseArgs)
   at Tests.Integration.Backend.OutputCaching.ConditionalRequestTests.&lt;GetRequest_WithIfModifiedSince_ShouldReturn200_WhenModified&gt;b__4_0() in /home/runner/work/Crud/Crud/test/Tests.Integration.Backend/OutputCaching/ConditionalRequestTests.cs:line 174
   at Tests.Integration.Backend.Infrastructure.IntegrationTestBase.RunWithCleanDatabaseAsync(Func`1 testAction) in /home/runner/work/Crud/Crud/test/Tests.Integration.Backend/Infrastructure/IntegrationTestBase.cs:line 48
   at Tests.Integration.Backend.Infrastructure.IntegrationTestBase.RunWithCleanDatabaseAsync(Func`1 testAction) in /home/runner/work/Crud/Crud/test/Tests.Integration.Backend/Infrastructure/IntegrationTestBase.cs:line 53
   at Tests.Integration.Backend.OutputCaching.ConditionalRequestTests.GetRequest_WithIfModifiedSince_ShouldReturn200_WhenModified() in /home/runner/work/Crud/Crud/test/Tests.Integration.Backend/OutputCaching/ConditionalRequestTests.cs:line 143
--- End of stack trace from previous location ---</StackTrace>
        </ErrorInfo>
      </Output>
    </UnitTestResult>
    <UnitTestResult executionId="b004ee7b-d20f-4017-b029-8deee54c1c3e" testId="fce1fb25-ab7d-1dd5-5d83-ba39255b0e9a" testName="Tests.Integration.Backend.Compression.StaticFileCompressionTests.StaticFiles_ShouldHaveCorrectContentTypes" computerName="runnervmf4ws1" duration="00:00:00.0035120" startTime="2025-09-11T06:44:19.6193748+00:00" endTime="2025-09-11T06:44:19.6193749+00:00" testType="13cdc9d9-ddb5-4fa4-a97d-d965ccfc6d4b" outcome="Passed" testListId="8c84fa94-04c1-424b-9868-57a2d4851a1d" relativeResultsDirectory="b004ee7b-d20f-4017-b029-8deee54c1c3e" />
    <UnitTestResult executionId="e8e7e151-9dde-4361-8740-bd18daceb7dc" testId="3a356b3b-e4e2-4f05-db20-65ad8602bd3c" testName="Tests.Integration.Backend.Controllers.PeopleControllerTests.People_Should_Maintain_Role_Relationships" computerName="runnervmf4ws1" duration="00:00:01.1280958" startTime="2025-09-11T06:45:06.8584327+00:00" endTime="2025-09-11T06:45:06.8584328+00:00" testType="13cdc9d9-ddb5-4fa4-a97d-d965ccfc6d4b" outcome="Passed" testListId="8c84fa94-04c1-424b-9868-57a2d4851a1d" relativeResultsDirectory="e8e7e151-9dde-4361-8740-bd18daceb7dc" />
    <UnitTestResult executionId="ea9dcc7e-48a6-4fc3-8bbb-7c5cacbda109" testId="78d2062e-7c45-d260-f795-f1b53c418237" testName="Tests.Integration.Backend.Compression.StaticFileCompressionTests.CssFile_ShouldBeCompressed_WhenClientSupportsGzip" computerName="runnervmf4ws1" duration="00:00:00.0061253" startTime="2025-09-11T06:44:19.6126698+00:00" endTime="2025-09-11T06:44:19.6126699+00:00" testType="13cdc9d9-ddb5-4fa4-a97d-d965ccfc6d4b" outcome="Passed" testListId="8c84fa94-04c1-424b-9868-57a2d4851a1d" relativeResultsDirectory="ea9dcc7e-48a6-4fc3-8bbb-7c5cacbda109" />
    <UnitTestResult executionId="61d6c29b-8356-4750-95a2-1a270ff6c09a" testId="96921323-114c-162a-b25a-d2db1a76a43f" testName="Tests.Integration.Backend.Controllers.ApiHealthTests.API_Should_Return_JSON_Content_Type" computerName="runnervmf4ws1" duration="00:00:00.3019069" startTime="2025-09-11T06:45:35.5891813+00:00" endTime="2025-09-11T06:45:35.5891813+00:00" testType="13cdc9d9-ddb5-4fa4-a97d-d965ccfc6d4b" outcome="Passed" testListId="8c84fa94-04c1-424b-9868-57a2d4851a1d" relativeResultsDirectory="61d6c29b-8356-4750-95a2-1a270ff6c09a" />
    <UnitTestResult executionId="edd6aeaf-113a-4d63-96a5-79774b047a59" testId="dc3d8a1b-91eb-4926-ce54-153010e68cad" testName="Tests.Integration.Backend.Controllers.RolesControllerTests.POST_Roles_Should_Create_Role_And_Return_201" computerName="runnervmf4ws1" duration="00:00:00.8248101" startTime="2025-09-11T06:44:37.6755032+00:00" endTime="2025-09-11T06:44:37.6755035+00:00" testType="13cdc9d9-ddb5-4fa4-a97d-d965ccfc6d4b" outcome="Passed" testListId="8c84fa94-04c1-424b-9868-57a2d4851a1d" relativeResultsDirectory="edd6aeaf-113a-4d63-96a5-79774b047a59" />
    <UnitTestResult executionId="9e61f013-a22d-4a74-8081-d831a8a5c3c0" testId="28caa8d5-c8a9-c82d-9ea0-c02736f0dfd9" testName="Tests.Integration.Backend.OutputCaching.CachingE2ETests.CrossEntityCaching_ShouldNotInterfere" computerName="runnervmf4ws1" duration="00:00:01.2105147" startTime="2025-09-11T06:44:41.1536709+00:00" endTime="2025-09-11T06:44:41.1536710+00:00" testType="13cdc9d9-ddb5-4fa4-a97d-d965ccfc6d4b" outcome="Passed" testListId="8c84fa94-04c1-424b-9868-57a2d4851a1d" relativeResultsDirectory="9e61f013-a22d-4a74-8081-d831a8a5c3c0" />
    <UnitTestResult executionId="a372b12a-7615-455e-9086-5c301c6843b7" testId="78b405b2-a7b4-22cc-fd25-19657615e9ba" testName="Tests.Integration.Backend.Controllers.PeopleControllerTests.PUT_People_Should_Return_404_For_NonExistent_Person" computerName="runnervmf4ws1" duration="00:00:00.8230594" startTime="2025-09-11T06:45:12.5841944+00:00" endTime="2025-09-11T06:45:12.5841945+00:00" testType="13cdc9d9-ddb5-4fa4-a97d-d965ccfc6d4b" outcome="Passed" testListId="8c84fa94-04c1-424b-9868-57a2d4851a1d" relativeResultsDirectory="a372b12a-7615-455e-9086-5c301c6843b7" />
    <UnitTestResult executionId="6588fd6d-2b7b-4b8c-81e1-1c6523e5ebcf" testId="e9e2b921-0a1d-aae8-34e0-f52557170fc1" testName="Tests.Integration.Backend.Controllers.WallsControllerTests.GET_Walls_Should_Return_All_Walls" computerName="runnervmf4ws1" duration="00:00:01.7392481" startTime="2025-09-11T06:45:18.1670498+00:00" endTime="2025-09-11T06:45:18.1670498+00:00" testType="13cdc9d9-ddb5-4fa4-a97d-d965ccfc6d4b" outcome="Passed" testListId="8c84fa94-04c1-424b-9868-57a2d4851a1d" relativeResultsDirectory="6588fd6d-2b7b-4b8c-81e1-1c6523e5ebcf" />
    <UnitTestResult executionId="997f47c2-d9df-4259-b949-d031bea21e46" testId="1dbf163c-bf18-d62c-e932-92ef9d3bc71a" testName="Tests.Integration.Backend.Controllers.WindowsControllerTests.GET_Windows_Should_Return_Empty_List_Initially" computerName="runnervmf4ws1" duration="00:00:00.6019394" startTime="2025-09-11T06:44:18.6296357+00:00" endTime="2025-09-11T06:44:18.6296360+00:00" testType="13cdc9d9-ddb5-4fa4-a97d-d965ccfc6d4b" outcome="Passed" testListId="8c84fa94-04c1-424b-9868-57a2d4851a1d" relativeResultsDirectory="997f47c2-d9df-4259-b949-d031bea21e46" />
    <UnitTestResult executionId="cf0dee9b-a6c0-42c2-b0da-48455811b51d" testId="b669f2ae-31fe-37d1-6d74-8de9a66812e1" testName="Tests.Integration.Backend.Controllers.DatabaseControllerTests.POST_Database_Reset_Should_Reset_Database_With_Valid_Token" computerName="runnervmf4ws1" duration="00:00:00.3402303" startTime="2025-09-11T06:44:48.6887470+00:00" endTime="2025-09-11T06:44:48.6887470+00:00" testType="13cdc9d9-ddb5-4fa4-a97d-d965ccfc6d4b" outcome="Passed" testListId="8c84fa94-04c1-424b-9868-57a2d4851a1d" relativeResultsDirectory="cf0dee9b-a6c0-42c2-b0da-48455811b51d" />
    <UnitTestResult executionId="1b2610a2-54c7-4220-b333-7e318669fa23" testId="3ff5fdb0-8488-3e48-6905-fa8bdf7eaa4c" testName="Tests.Integration.Backend.Controllers.AuthControllerTests.POST_Register_Should_Return_BadRequest_For_Existing_Email" computerName="runnervmf4ws1" duration="00:00:00.5371389" startTime="2025-09-11T06:44:56.7811606+00:00" endTime="2025-09-11T06:44:56.7811606+00:00" testType="13cdc9d9-ddb5-4fa4-a97d-d965ccfc6d4b" outcome="Passed" testListId="8c84fa94-04c1-424b-9868-57a2d4851a1d" relativeResultsDirectory="1b2610a2-54c7-4220-b333-7e318669fa23" />
    <UnitTestResult executionId="17a10f57-bfcd-4282-982f-6e24efc1cc4f" testId="d4d4848b-8d11-cc53-4c2f-7b3836864b98" testName="Tests.Integration.Backend.Controllers.AuthControllerTests.POST_Logout_Should_Revoke_RefreshToken" computerName="runnervmf4ws1" duration="00:00:00.8292448" startTime="2025-09-11T06:44:59.5428693+00:00" endTime="2025-09-11T06:44:59.5428694+00:00" testType="13cdc9d9-ddb5-4fa4-a97d-d965ccfc6d4b" outcome="Passed" testListId="8c84fa94-04c1-424b-9868-57a2d4851a1d" relativeResultsDirectory="17a10f57-bfcd-4282-982f-6e24efc1cc4f" />
    <UnitTestResult executionId="e41cf4d1-d31a-44b8-90cb-3fdb9bf2eead" testId="abfa73e9-0257-16cb-29aa-f2c99faf213f" testName="Tests.Integration.Backend.Compression.ResponseCompressionTests.ApiResponse_ShouldBeCompressed_WhenClientSupportsGzip" computerName="runnervmf4ws1" duration="00:00:00.3122699" startTime="2025-09-11T06:44:03.7616552+00:00" endTime="2025-09-11T06:44:03.7616554+00:00" testType="13cdc9d9-ddb5-4fa4-a97d-d965ccfc6d4b" outcome="Passed" testListId="8c84fa94-04c1-424b-9868-57a2d4851a1d" relativeResultsDirectory="e41cf4d1-d31a-44b8-90cb-3fdb9bf2eead" />
    <UnitTestResult executionId="fef67382-fb80-41f2-abb9-4208a2d31e0a" testId="17dbb37c-0ae3-4711-733a-8ec5b81611d9" testName="Tests.Integration.Backend.Controllers.AuthControllerTests.POST_Register_Should_Create_User_And_Return_Tokens" computerName="runnervmf4ws1" duration="00:00:00.5233154" startTime="2025-09-11T06:45:01.1176964+00:00" endTime="2025-09-11T06:45:01.1176964+00:00" testType="13cdc9d9-ddb5-4fa4-a97d-d965ccfc6d4b" outcome="Passed" testListId="8c84fa94-04c1-424b-9868-57a2d4851a1d" relativeResultsDirectory="fef67382-fb80-41f2-abb9-4208a2d31e0a" />
    <UnitTestResult executionId="a87748c4-fabe-4845-9a99-3f46e630fa74" testId="585749df-18b6-91ed-3a17-d18e3a118780" testName="Tests.Integration.Backend.OutputCaching.CachingE2ETests.AllCachedEndpoints_ShouldReturnCacheHeaders(endpoint: &quot;/api/windows&quot;)" computerName="runnervmf4ws1" duration="00:00:00.5403019" startTime="2025-09-11T06:44:45.5641925+00:00" endTime="2025-09-11T06:44:45.5641925+00:00" testType="13cdc9d9-ddb5-4fa4-a97d-d965ccfc6d4b" outcome="Passed" testListId="8c84fa94-04c1-424b-9868-57a2d4851a1d" relativeResultsDirectory="a87748c4-fabe-4845-9a99-3f46e630fa74">
      <Output>
        <StdOut>Endpoint: /api/windows
  Cache-Control: public, max-age=60
  ETag: "11FxOYiYfpMxmANj4kGJzg"
  Last-Modified: 09/11/2025 06:44:45 +00:00</StdOut>
      </Output>
    </UnitTestResult>
    <UnitTestResult executionId="37153b15-c4d0-43b7-937d-80ab7ce4ba1e" testId="f06ae6c9-50ad-cafd-2eae-e83fde29317d" testName="Tests.Integration.Backend.Controllers.WallsControllerTests.GET_Wall_By_Id_Should_Return_Wall_When_Exists" computerName="runnervmf4ws1" duration="00:00:00.9188440" startTime="2025-09-11T06:45:16.4274719+00:00" endTime="2025-09-11T06:45:16.4274720+00:00" testType="13cdc9d9-ddb5-4fa4-a97d-d965ccfc6d4b" outcome="Passed" testListId="8c84fa94-04c1-424b-9868-57a2d4851a1d" relativeResultsDirectory="37153b15-c4d0-43b7-937d-80ab7ce4ba1e" />
    <UnitTestResult executionId="6db9c29e-8702-41a4-bf78-c47a994d706d" testId="74823db9-4157-34a3-9710-5272b5fb4159" testName="Tests.Integration.Backend.OutputCaching.OutputCachingConfigurationTests.OutputCachePolicies_ShouldHaveCorrectDurations(policyName: &quot;WindowsPolicy&quot;, expectedDurationSeconds: 600)" computerName="runnervmf4ws1" duration="00:00:00.0245534" startTime="2025-09-11T06:45:43.5075353+00:00" endTime="2025-09-11T06:45:43.5075354+00:00" testType="13cdc9d9-ddb5-4fa4-a97d-d965ccfc6d4b" outcome="Passed" testListId="8c84fa94-04c1-424b-9868-57a2d4851a1d" relativeResultsDirectory="6db9c29e-8702-41a4-bf78-c47a994d706d" />
    <UnitTestResult executionId="0a2317ba-e5c9-4a62-9f8d-3f149c352bea" testId="b7cda526-0758-c938-af92-6a6e25e8efc9" testName="Tests.Integration.Backend.OutputCaching.OutputCachingConfigurationTests.OutputCaching_ShouldFallbackToMemoryWhenRedisUnavailable" computerName="runnervmf4ws1" duration="00:00:00.0324786" startTime="2025-09-11T06:45:43.4829187+00:00" endTime="2025-09-11T06:45:43.4829187+00:00" testType="13cdc9d9-ddb5-4fa4-a97d-d965ccfc6d4b" outcome="Passed" testListId="8c84fa94-04c1-424b-9868-57a2d4851a1d" relativeResultsDirectory="0a2317ba-e5c9-4a62-9f8d-3f149c352bea" />
    <UnitTestResult executionId="095e474c-9ad9-482d-8e39-048f5b224cd3" testId="79e70e1e-8075-8996-1211-c6d54a3d9ffa" testName="Tests.Integration.Backend.Controllers.RolesControllerTests.DELETE_Role_Should_Return_204_When_Not_Exists" computerName="runnervmf4ws1" duration="00:00:00.6661944" startTime="2025-09-11T06:44:29.1732762+00:00" endTime="2025-09-11T06:44:29.1732765+00:00" testType="13cdc9d9-ddb5-4fa4-a97d-d965ccfc6d4b" outcome="Passed" testListId="8c84fa94-04c1-424b-9868-57a2d4851a1d" relativeResultsDirectory="095e474c-9ad9-482d-8e39-048f5b224cd3" />
    <UnitTestResult executionId="8feb4c30-ced9-45bc-936d-d694a83829f2" testId="9fb85c0b-c781-4485-f6e0-88690963221a" testName="Tests.Integration.Backend.Controllers.ApiHealthTests.API_Should_Handle_Malformed_JSON" computerName="runnervmf4ws1" duration="00:00:00.6056106" startTime="2025-09-11T06:45:36.7979529+00:00" endTime="2025-09-11T06:45:36.7979529+00:00" testType="13cdc9d9-ddb5-4fa4-a97d-d965ccfc6d4b" outcome="Passed" testListId="8c84fa94-04c1-424b-9868-57a2d4851a1d" relativeResultsDirectory="8feb4c30-ced9-45bc-936d-d694a83829f2" />
    <UnitTestResult executionId="f10399e7-56c9-44e1-96bc-7ce5a9f2df1f" testId="0786cd9f-2220-51d9-4156-4d742eda00d4" testName="Tests.Integration.Backend.OutputCaching.OutputCachingTests.GetPeople_ShouldReturnConsistentResponses" computerName="runnervmf4ws1" duration="00:00:00.5354109" startTime="2025-09-11T06:45:29.4762516+00:00" endTime="2025-09-11T06:45:29.4762517+00:00" testType="13cdc9d9-ddb5-4fa4-a97d-d965ccfc6d4b" outcome="Passed" testListId="8c84fa94-04c1-424b-9868-57a2d4851a1d" relativeResultsDirectory="f10399e7-56c9-44e1-96bc-7ce5a9f2df1f" />
    <UnitTestResult executionId="6b5250e6-00e2-4f9e-8781-2e6f4b1f95a4" testId="7810a33a-ed10-21b4-237d-f07ca1a37883" testName="Tests.Integration.Backend.Controllers.AuthControllerPasswordResetTests.POST_ResetPassword_WithWeakPassword_Should_Return_Error" computerName="runnervmf4ws1" duration="00:00:00.4246849" startTime="2025-09-11T06:44:49.1144201+00:00" endTime="2025-09-11T06:44:49.1144201+00:00" testType="13cdc9d9-ddb5-4fa4-a97d-d965ccfc6d4b" outcome="Passed" testListId="8c84fa94-04c1-424b-9868-57a2d4851a1d" relativeResultsDirectory="6b5250e6-00e2-4f9e-8781-2e6f4b1f95a4" />
    <UnitTestResult executionId="c4d92d75-251b-41ff-9a31-c86b2242472c" testId="46cfbc2c-72c5-516f-bca0-390b42b51d43" testName="Tests.Integration.Backend.E2E.AuthenticationE2ETests.Complete_Authentication_Flow_Should_Work_End_To_End" computerName="runnervmf4ws1" duration="00:00:00.8129565" startTime="2025-09-11T06:44:00.9453758+00:00" endTime="2025-09-11T06:44:00.9453760+00:00" testType="13cdc9d9-ddb5-4fa4-a97d-d965ccfc6d4b" outcome="Passed" testListId="8c84fa94-04c1-424b-9868-57a2d4851a1d" relativeResultsDirectory="c4d92d75-251b-41ff-9a31-c86b2242472c" />
    <UnitTestResult executionId="7097751d-242c-40cf-978a-73d29defb139" testId="516b5511-ab51-be62-9f5e-ce253f082ce3" testName="Tests.Integration.Backend.Controllers.ApiHealthTests.All_Controllers_Should_Be_Accessible(endpoint: &quot;/api/windows&quot;)" computerName="runnervmf4ws1" duration="00:00:00.3099257" startTime="2025-09-11T06:45:31.2987132+00:00" endTime="2025-09-11T06:45:31.2987132+00:00" testType="13cdc9d9-ddb5-4fa4-a97d-d965ccfc6d4b" outcome="Passed" testListId="8c84fa94-04c1-424b-9868-57a2d4851a1d" relativeResultsDirectory="7097751d-242c-40cf-978a-73d29defb139" />
    <UnitTestResult executionId="73474376-8ef8-4809-9afc-0ad755827dfb" testId="d9ffd841-a3fd-b913-e8c1-55347431d17d" testName="Tests.Integration.Backend.Controllers.WindowsControllerTests.GET_Windows_Should_Return_All_Windows" computerName="runnervmf4ws1" duration="00:00:01.5588294" startTime="2025-09-11T06:44:09.2946399+00:00" endTime="2025-09-11T06:44:09.2946400+00:00" testType="13cdc9d9-ddb5-4fa4-a97d-d965ccfc6d4b" outcome="Passed" testListId="8c84fa94-04c1-424b-9868-57a2d4851a1d" relativeResultsDirectory="73474376-8ef8-4809-9afc-0ad755827dfb" />
    <UnitTestResult executionId="1655dd1c-680c-4018-b2be-0783816640af" testId="a52f36e0-aa87-4104-3036-3d7d9607f688" testName="Tests.Integration.Backend.Compression.ResponseCompressionTests.SmallResponse_ShouldNotBeCompressed_WhenBelowThreshold" computerName="runnervmf4ws1" duration="00:00:00.0054531" startTime="2025-09-11T06:44:04.0734250+00:00" endTime="2025-09-11T06:44:04.0734252+00:00" testType="13cdc9d9-ddb5-4fa4-a97d-d965ccfc6d4b" outcome="Passed" testListId="8c84fa94-04c1-424b-9868-57a2d4851a1d" relativeResultsDirectory="1655dd1c-680c-4018-b2be-0783816640af" />
    <UnitTestResult executionId="059157fa-0f35-4b26-8251-53949c5019ca" testId="48288144-3004-3fb6-5971-16808e53c3e3" testName="Tests.Integration.Backend.Controllers.RolesControllerTests.POST_Role_Should_Handle_Null_Description" computerName="runnervmf4ws1" duration="00:00:00.6024106" startTime="2025-09-11T06:44:34.5832701+00:00" endTime="2025-09-11T06:44:34.5832704+00:00" testType="13cdc9d9-ddb5-4fa4-a97d-d965ccfc6d4b" outcome="Passed" testListId="8c84fa94-04c1-424b-9868-57a2d4851a1d" relativeResultsDirectory="059157fa-0f35-4b26-8251-53949c5019ca" />
    <UnitTestResult executionId="3ffaa964-f1d9-4f05-a3d2-36bf607a9025" testId="f8a89fdf-3bc2-915a-c2bf-5b68e643a78c" testName="Tests.Integration.Backend.OutputCaching.CacheInvalidationTests.PostRole_ShouldInvalidateRolesCache" computerName="runnervmf4ws1" duration="00:00:01.1669323" startTime="2025-09-11T06:44:23.1906155+00:00" endTime="2025-09-11T06:44:23.1906157+00:00" testType="13cdc9d9-ddb5-4fa4-a97d-d965ccfc6d4b" outcome="Passed" testListId="8c84fa94-04c1-424b-9868-57a2d4851a1d" relativeResultsDirectory="3ffaa964-f1d9-4f05-a3d2-36bf607a9025" />
    <UnitTestResult executionId="c64fcca8-5018-4782-aeba-c04d15dc7746" testId="297d158e-047c-5612-bd99-21893c5634e4" testName="Tests.Integration.Backend.Controllers.AuthControllerTests.POST_Refresh_Should_Return_Unauthorized_For_Invalid_RefreshToken" computerName="runnervmf4ws1" duration="00:00:00.2272183" startTime="2025-09-11T06:45:00.5940749+00:00" endTime="2025-09-11T06:45:00.5940749+00:00" testType="13cdc9d9-ddb5-4fa4-a97d-d965ccfc6d4b" outcome="Passed" testListId="8c84fa94-04c1-424b-9868-57a2d4851a1d" relativeResultsDirectory="c64fcca8-5018-4782-aeba-c04d15dc7746" />
    <UnitTestResult executionId="b3e55dca-94ed-4db3-806b-95414c9cbaeb" testId="41853896-8f31-97ce-b78f-41cf4c24e045" testName="Tests.Integration.Backend.Controllers.PeopleControllerTests.POST_People_Should_Return_403_For_Non_Admin_User" computerName="runnervmf4ws1" duration="00:00:00.5225175" startTime="2025-09-11T06:45:10.1051358+00:00" endTime="2025-09-11T06:45:10.1051359+00:00" testType="13cdc9d9-ddb5-4fa4-a97d-d965ccfc6d4b" outcome="Passed" testListId="8c84fa94-04c1-424b-9868-57a2d4851a1d" relativeResultsDirectory="b3e55dca-94ed-4db3-806b-95414c9cbaeb" />
    <UnitTestResult executionId="c4c4903c-5b8c-4d04-8f20-86f751bd3469" testId="410da1bb-0033-e445-230e-baa696a924ac" testName="Tests.Integration.Backend.E2E.AuthenticationE2ETests.Registration_Should_Validate_Password_Complexity" computerName="runnervmf4ws1" duration="00:00:00.0048605" startTime="2025-09-11T06:44:01.9560181+00:00" endTime="2025-09-11T06:44:01.9560183+00:00" testType="13cdc9d9-ddb5-4fa4-a97d-d965ccfc6d4b" outcome="Passed" testListId="8c84fa94-04c1-424b-9868-57a2d4851a1d" relativeResultsDirectory="c4c4903c-5b8c-4d04-8f20-86f751bd3469" />
    <UnitTestResult executionId="a0412d37-1cee-46df-9d9f-9db0ea1effc9" testId="a6bb128b-1161-cbb2-5ff4-da08f9a71fbf" testName="Tests.Integration.Backend.Controllers.PeopleControllerTests.GET_People_Should_Return_401_Without_Authentication" computerName="runnervmf4ws1" duration="00:00:00.2274305" startTime="2025-09-11T06:45:05.7300371+00:00" endTime="2025-09-11T06:45:05.7300371+00:00" testType="13cdc9d9-ddb5-4fa4-a97d-d965ccfc6d4b" outcome="Passed" testListId="8c84fa94-04c1-424b-9868-57a2d4851a1d" relativeResultsDirectory="a0412d37-1cee-46df-9d9f-9db0ea1effc9" />
    <UnitTestResult executionId="4bb7a2d0-0793-4556-abbd-7ef7aa9b2bf7" testId="60a682be-767f-9c17-a43b-33d1adbef252" testName="Tests.Integration.Backend.Controllers.PeopleControllerTests.POST_People_Should_Return_401_Without_Authentication" computerName="runnervmf4ws1" duration="00:00:00.2203478" startTime="2025-09-11T06:45:07.9221346+00:00" endTime="2025-09-11T06:45:07.9221346+00:00" testType="13cdc9d9-ddb5-4fa4-a97d-d965ccfc6d4b" outcome="Passed" testListId="8c84fa94-04c1-424b-9868-57a2d4851a1d" relativeResultsDirectory="4bb7a2d0-0793-4556-abbd-7ef7aa9b2bf7" />
    <UnitTestResult executionId="b533465f-e1c0-491d-b246-a015f209b774" testId="e4619fb0-2f02-c154-40bc-f54ee36b9b38" testName="Tests.Integration.Backend.Controllers.ApiHealthTests.API_Should_Handle_Concurrent_Requests" computerName="runnervmf4ws1" duration="00:00:02.9229257" startTime="2025-09-11T06:45:40.3272303+00:00" endTime="2025-09-11T06:45:40.3272303+00:00" testType="13cdc9d9-ddb5-4fa4-a97d-d965ccfc6d4b" outcome="Passed" testListId="8c84fa94-04c1-424b-9868-57a2d4851a1d" relativeResultsDirectory="b533465f-e1c0-491d-b246-a015f209b774" />
    <UnitTestResult executionId="66847da9-7cf2-4557-9f9f-f2db9366776e" testId="06054800-c7da-a693-e1d3-d81d35d825c2" testName="Tests.Integration.Backend.Controllers.ApiHealthTests.All_Controllers_Should_Be_Accessible(endpoint: &quot;/api/people&quot;)" computerName="runnervmf4ws1" duration="00:00:00.3579168" startTime="2025-09-11T06:45:30.3648681+00:00" endTime="2025-09-11T06:45:30.3648681+00:00" testType="13cdc9d9-ddb5-4fa4-a97d-d965ccfc6d4b" outcome="Passed" testListId="8c84fa94-04c1-424b-9868-57a2d4851a1d" relativeResultsDirectory="66847da9-7cf2-4557-9f9f-f2db9366776e" />
    <UnitTestResult executionId="45ba9f4d-0b98-4725-8e2a-2a1c2d0a21b3" testId="70e1a820-63f2-9d05-e43e-21258bccb063" testName="Tests.Integration.Backend.OutputCaching.CachingE2ETests.CompleteCachingWorkflow_ShouldPerformAsExpected" computerName="runnervmf4ws1" duration="00:00:01.1373961" startTime="2025-09-11T06:44:43.9797723+00:00" endTime="2025-09-11T06:44:43.9797723+00:00" testType="13cdc9d9-ddb5-4fa4-a97d-d965ccfc6d4b" outcome="Passed" testListId="8c84fa94-04c1-424b-9868-57a2d4851a1d" relativeResultsDirectory="45ba9f4d-0b98-4725-8e2a-2a1c2d0a21b3">
      <Output>
        <StdOut>Initial request (cache miss): 1ms
Cached request (cache hit): 0ms
Conditional request (304): 2ms
After invalidation (cache miss): 0ms
Final cached request: 0ms</StdOut>
      </Output>
    </UnitTestResult>
    <UnitTestResult executionId="880d3c2a-652e-4d4f-abfc-1ff62dfbb8d5" testId="cc336df8-b701-eea1-c754-b46ee3091b03" testName="Tests.Integration.Backend.Controllers.AuthControllerTests.POST_Login_Should_Return_BadRequest_For_Invalid_Email_Format" computerName="runnervmf4ws1" duration="00:00:00.2228488" startTime="2025-09-11T06:45:01.5660723+00:00" endTime="2025-09-11T06:45:01.5660723+00:00" testType="13cdc9d9-ddb5-4fa4-a97d-d965ccfc6d4b" outcome="Passed" testListId="8c84fa94-04c1-424b-9868-57a2d4851a1d" relativeResultsDirectory="880d3c2a-652e-4d4f-abfc-1ff62dfbb8d5" />
    <UnitTestResult executionId="5415ea15-b0c9-4dbd-baf2-0a328d9fe2e0" testId="d962a0d7-c5e8-e659-8957-69cdfae1f523" testName="Tests.Integration.Backend.Controllers.DatabaseControllerTests.GET_Database_ValidatePreTest_Should_Return_Validation_Result" computerName="runnervmf4ws1" duration="00:00:00.2401949" startTime="2025-09-11T06:44:47.8899042+00:00" endTime="2025-09-11T06:44:47.8899042+00:00" testType="13cdc9d9-ddb5-4fa4-a97d-d965ccfc6d4b" outcome="Passed" testListId="8c84fa94-04c1-424b-9868-57a2d4851a1d" relativeResultsDirectory="5415ea15-b0c9-4dbd-baf2-0a328d9fe2e0" />
    <UnitTestResult executionId="c48d350a-d872-4346-85a6-74c7fd92599b" testId="34d6d731-abe6-2c2d-f525-44f047db1777" testName="Tests.Integration.Backend.Controllers.WallsControllerTests.POST_Wall_Should_Handle_Optional_Fields" computerName="runnervmf4ws1" duration="00:00:00.6699586" startTime="2025-09-11T06:45:15.5082018+00:00" endTime="2025-09-11T06:45:15.5082018+00:00" testType="13cdc9d9-ddb5-4fa4-a97d-d965ccfc6d4b" outcome="Passed" testListId="8c84fa94-04c1-424b-9868-57a2d4851a1d" relativeResultsDirectory="c48d350a-d872-4346-85a6-74c7fd92599b" />
    <UnitTestResult executionId="97b0db0b-13a1-4bc3-b37a-5d9dbfe1ab21" testId="4fd1e2d8-0d90-8547-c5f7-6f4689c0269c" testName="Tests.Integration.Backend.Controllers.RolesControllerTests.Roles_Should_Persist_Across_Requests" computerName="runnervmf4ws1" duration="00:00:00.9189198" startTime="2025-09-11T06:44:36.0263286+00:00" endTime="2025-09-11T06:44:36.0263288+00:00" testType="13cdc9d9-ddb5-4fa4-a97d-d965ccfc6d4b" outcome="Passed" testListId="8c84fa94-04c1-424b-9868-57a2d4851a1d" relativeResultsDirectory="97b0db0b-13a1-4bc3-b37a-5d9dbfe1ab21" />
    <UnitTestResult executionId="2ad43815-dfe9-4bed-8f46-38b8949b9992" testId="33b821d5-726b-640c-d1cd-04721e7e48d9" testName="Tests.Integration.Backend.Controllers.RolesControllerTests.GET_Roles_Should_Return_All_Roles" computerName="runnervmf4ws1" duration="00:00:01.7669555" startTime="2025-09-11T06:44:30.9405948+00:00" endTime="2025-09-11T06:44:30.9405954+00:00" testType="13cdc9d9-ddb5-4fa4-a97d-d965ccfc6d4b" outcome="Passed" testListId="8c84fa94-04c1-424b-9868-57a2d4851a1d" relativeResultsDirectory="2ad43815-dfe9-4bed-8f46-38b8949b9992" />
    <UnitTestResult executionId="6243be72-3883-4e23-9aa1-c0296c0ede2d" testId="e3433c1d-41f7-b660-a894-db56a9b283f4" testName="Tests.Integration.Backend.Controllers.ApiHealthTests.API_Should_Handle_CORS_Headers" computerName="runnervmf4ws1" duration="00:00:00.3018234" startTime="2025-09-11T06:45:40.6293985+00:00" endTime="2025-09-11T06:45:40.6293986+00:00" testType="13cdc9d9-ddb5-4fa4-a97d-d965ccfc6d4b" outcome="Passed" testListId="8c84fa94-04c1-424b-9868-57a2d4851a1d" relativeResultsDirectory="6243be72-3883-4e23-9aa1-c0296c0ede2d" />
    <UnitTestResult executionId="4717abda-1cc9-48e0-a6e8-49118d6301fa" testId="37ce62cb-c39d-d9d9-9814-53126b8a17ea" testName="Tests.Integration.Backend.Controllers.ApiHealthTests.API_Should_Be_Responsive" computerName="runnervmf4ws1" duration="00:00:00.3037473" startTime="2025-09-11T06:45:35.2869220+00:00" endTime="2025-09-11T06:45:35.2869221+00:00" testType="13cdc9d9-ddb5-4fa4-a97d-d965ccfc6d4b" outcome="Passed" testListId="8c84fa94-04c1-424b-9868-57a2d4851a1d" relativeResultsDirectory="4717abda-1cc9-48e0-a6e8-49118d6301fa" />
    <UnitTestResult executionId="178a386c-f429-46d9-954b-3062b5e4203c" testId="ff9b3969-a7f6-2222-47ce-4595f8d0cb7e" testName="Tests.Integration.Backend.Controllers.DatabaseControllerTests.GET_Database_VerifyIntegrity_Should_Return_Integrity_Check_Result" computerName="runnervmf4ws1" duration="00:00:00.2310135" startTime="2025-09-11T06:44:48.1212809+00:00" endTime="2025-09-11T06:44:48.1212809+00:00" testType="13cdc9d9-ddb5-4fa4-a97d-d965ccfc6d4b" outcome="Passed" testListId="8c84fa94-04c1-424b-9868-57a2d4851a1d" relativeResultsDirectory="178a386c-f429-46d9-954b-3062b5e4203c" />
    <UnitTestResult executionId="89adc81a-96c1-48ac-b490-a43b550b9eda" testId="41b3b4e1-06a8-534f-90a6-fb2576f3807d" testName="Tests.Integration.Backend.OutputCaching.CachingE2ETests.EntityCaching_ShouldCacheIndividualEntities" computerName="runnervmf4ws1" duration="00:00:00.5307958" startTime="2025-09-11T06:44:47.1416659+00:00" endTime="2025-09-11T06:44:47.1416660+00:00" testType="13cdc9d9-ddb5-4fa4-a97d-d965ccfc6d4b" outcome="Passed" testListId="8c84fa94-04c1-424b-9868-57a2d4851a1d" relativeResultsDirectory="89adc81a-96c1-48ac-b490-a43b550b9eda">
      <Output>
        <StdOut>Average cached response time: 0.6ms</StdOut>
      </Output>
    </UnitTestResult>
    <UnitTestResult executionId="fbaceed8-dff9-4293-b377-67d05cf66d73" testId="9f4c88b5-75b1-89cf-0e7e-8e0e67eff9e0" testName="Tests.Integration.Backend.Controllers.WindowsControllerTests.POST_Windows_Should_Validate_Numeric_Ranges" computerName="runnervmf4ws1" duration="00:00:00.6183089" startTime="2025-09-11T06:44:06.0754230+00:00" endTime="2025-09-11T06:44:06.0754232+00:00" testType="13cdc9d9-ddb5-4fa4-a97d-d965ccfc6d4b" outcome="Passed" testListId="8c84fa94-04c1-424b-9868-57a2d4851a1d" relativeResultsDirectory="fbaceed8-dff9-4293-b377-67d05cf66d73" />
    <UnitTestResult executionId="8797b7a8-fa49-4272-9423-94e52377a8ab" testId="bd9e404f-7715-359c-e0a9-f0f39ae1a952" testName="Tests.Integration.Backend.Controllers.WallsControllerTests.POST_Walls_Should_Validate_Numeric_Ranges" computerName="runnervmf4ws1" duration="00:00:00.6030008" startTime="2025-09-11T06:45:23.2409309+00:00" endTime="2025-09-11T06:45:23.2409309+00:00" testType="13cdc9d9-ddb5-4fa4-a97d-d965ccfc6d4b" outcome="Passed" testListId="8c84fa94-04c1-424b-9868-57a2d4851a1d" relativeResultsDirectory="8797b7a8-fa49-4272-9423-94e52377a8ab" />
    <UnitTestResult executionId="6b179286-f9df-423b-95c0-24373ba01d0f" testId="5128edc8-60ad-8628-2a75-9feb9f8f888b" testName="Tests.Integration.Backend.Controllers.WallsControllerTests.PUT_Wall_Should_Return_404_When_Not_Exists" computerName="runnervmf4ws1" duration="00:00:00.6046156" startTime="2025-09-11T06:45:27.2833763+00:00" endTime="2025-09-11T06:45:27.2833764+00:00" testType="13cdc9d9-ddb5-4fa4-a97d-d965ccfc6d4b" outcome="Passed" testListId="8c84fa94-04c1-424b-9868-57a2d4851a1d" relativeResultsDirectory="6b179286-f9df-423b-95c0-24373ba01d0f" />
    <UnitTestResult executionId="233cb739-8f02-40a3-8e69-d19386d1a304" testId="3c12eda2-b3ce-445c-ab96-ec2f1aa7f5f7" testName="Tests.Integration.Backend.Controllers.WindowsControllerTests.POST_Window_Should_Handle_Optional_Fields" computerName="runnervmf4ws1" duration="00:00:00.6109785" startTime="2025-09-11T06:44:09.9059960+00:00" endTime="2025-09-11T06:44:09.9059962+00:00" testType="13cdc9d9-ddb5-4fa4-a97d-d965ccfc6d4b" outcome="Passed" testListId="8c84fa94-04c1-424b-9868-57a2d4851a1d" relativeResultsDirectory="233cb739-8f02-40a3-8e69-d19386d1a304" />
    <UnitTestResult executionId="0fc72465-67b0-4b9d-92e1-2375be8e83bc" testId="f05cedeb-e83b-1e7e-3928-23724172eea5" testName="Tests.Integration.Backend.Controllers.DatabaseControllerTests.POST_Database_Seed_Should_Seed_Database_Successfully" computerName="runnervmf4ws1" duration="00:00:00.2362989" startTime="2025-09-11T06:44:47.6493475+00:00" endTime="2025-09-11T06:44:47.6493475+00:00" testType="13cdc9d9-ddb5-4fa4-a97d-d965ccfc6d4b" outcome="Passed" testListId="8c84fa94-04c1-424b-9868-57a2d4851a1d" relativeResultsDirectory="0fc72465-67b0-4b9d-92e1-2375be8e83bc" />
    <UnitTestResult executionId="d9f0a71c-c775-4933-918f-b840f435a467" testId="fd587af6-8ac9-79bb-4579-c4177d8d0828" testName="Tests.Integration.Backend.Controllers.WindowsControllerTests.GET_Window_By_Id_Should_Return_Window_When_Exists" computerName="runnervmf4ws1" duration="00:00:00.9238424" startTime="2025-09-11T06:44:13.0763536+00:00" endTime="2025-09-11T06:44:13.0763539+00:00" testType="13cdc9d9-ddb5-4fa4-a97d-d965ccfc6d4b" outcome="Passed" testListId="8c84fa94-04c1-424b-9868-57a2d4851a1d" relativeResultsDirectory="d9f0a71c-c775-4933-918f-b840f435a467" />
    <UnitTestResult executionId="10c4994c-b327-4472-b334-ca52c18f48fb" testId="53592f08-0da7-0cd5-09c9-a1ba0d87949c" testName="Tests.Integration.Backend.Controllers.AuthControllerTests.POST_Login_Should_Return_Tokens_For_Valid_Credentials" computerName="runnervmf4ws1" duration="00:00:00.8241477" startTime="2025-09-11T06:44:58.7133140+00:00" endTime="2025-09-11T06:44:58.7133141+00:00" testType="13cdc9d9-ddb5-4fa4-a97d-d965ccfc6d4b" outcome="Passed" testListId="8c84fa94-04c1-424b-9868-57a2d4851a1d" relativeResultsDirectory="10c4994c-b327-4472-b334-ca52c18f48fb" />
    <UnitTestResult executionId="e77a05d3-f1ec-430f-ad42-59d8f21a557a" testId="d43526e9-cec8-6f67-27fe-2d630de644f9" testName="Tests.Integration.Backend.Controllers.AuthControllerTests.POST_Login_Should_Return_Unauthorized_For_Invalid_Credentials" computerName="runnervmf4ws1" duration="00:00:00.2215841" startTime="2025-09-11T06:44:57.8888107+00:00" endTime="2025-09-11T06:44:57.8888107+00:00" testType="13cdc9d9-ddb5-4fa4-a97d-d965ccfc6d4b" outcome="Passed" testListId="8c84fa94-04c1-424b-9868-57a2d4851a1d" relativeResultsDirectory="e77a05d3-f1ec-430f-ad42-59d8f21a557a" />
    <UnitTestResult executionId="82b59483-61ae-4675-bc50-90639d0de9cb" testId="a607d0ef-948b-6788-8be8-6f42840aa828" testName="Tests.Integration.Backend.Controllers.ApiHealthTests.All_Endpoints_Should_Support_Expected_HTTP_Methods(method: &quot;GET&quot;, endpoint: &quot;/api/roles&quot;)" computerName="runnervmf4ws1" duration="00:00:00.3034598" startTime="2025-09-11T06:45:34.9833195+00:00" endTime="2025-09-11T06:45:34.9833195+00:00" testType="13cdc9d9-ddb5-4fa4-a97d-d965ccfc6d4b" outcome="Passed" testListId="8c84fa94-04c1-424b-9868-57a2d4851a1d" relativeResultsDirectory="82b59483-61ae-4675-bc50-90639d0de9cb" />
    <UnitTestResult executionId="2ad03fc2-14b9-4856-bbd3-50f5610d51a3" testId="2bf8b19c-cf08-fc4d-1420-d095f4b1337b" testName="Tests.Integration.Backend.Controllers.AuthControllerTests.POST_Register_Should_Return_BadRequest_For_Invalid_Email" computerName="runnervmf4ws1" duration="00:00:00.2700070" startTime="2025-09-11T06:44:56.2436504+00:00" endTime="2025-09-11T06:44:56.2436504+00:00" testType="13cdc9d9-ddb5-4fa4-a97d-d965ccfc6d4b" outcome="Passed" testListId="8c84fa94-04c1-424b-9868-57a2d4851a1d" relativeResultsDirectory="2ad03fc2-14b9-4856-bbd3-50f5610d51a3" />
    <UnitTestResult executionId="94cb1458-bb82-497a-adf8-0eb3f48afb2e" testId="41b359b4-fccb-bafc-c2ca-d65a5df61c20" testName="Tests.Integration.Backend.Controllers.WindowsControllerTests.PUT_Window_Should_Return_404_When_Not_Exists" computerName="runnervmf4ws1" duration="00:00:00.6088926" startTime="2025-09-11T06:44:16.8137817+00:00" endTime="2025-09-11T06:44:16.8137819+00:00" testType="13cdc9d9-ddb5-4fa4-a97d-d965ccfc6d4b" outcome="Passed" testListId="8c84fa94-04c1-424b-9868-57a2d4851a1d" relativeResultsDirectory="94cb1458-bb82-497a-adf8-0eb3f48afb2e" />
    <UnitTestResult executionId="99e37535-4079-40ce-9acb-5b22214020a7" testId="cc1dc38d-e485-bd07-2880-7ffdde1c97ec" testName="Tests.Integration.Backend.Controllers.PeopleControllerTests.GET_People_By_Id_Should_Return_Specific_Person" computerName="runnervmf4ws1" duration="00:00:01.1338773" startTime="2025-09-11T06:45:09.5822657+00:00" endTime="2025-09-11T06:45:09.5822657+00:00" testType="13cdc9d9-ddb5-4fa4-a97d-d965ccfc6d4b" outcome="Passed" testListId="8c84fa94-04c1-424b-9868-57a2d4851a1d" relativeResultsDirectory="99e37535-4079-40ce-9acb-5b22214020a7" />
    <UnitTestResult executionId="f3d591ba-b0bb-4436-bcad-855dd77d2cb9" testId="f6484c9f-d44d-28f7-583b-e91d4b7f5382" testName="Tests.Integration.Backend.Compression.StaticFileCompressionTests.CssFile_ShouldBeCompressed_WhenClientSupportsBrotli" computerName="runnervmf4ws1" duration="00:00:00.0024497" startTime="2025-09-11T06:44:19.6154671+00:00" endTime="2025-09-11T06:44:19.6154672+00:00" testType="13cdc9d9-ddb5-4fa4-a97d-d965ccfc6d4b" outcome="Passed" testListId="8c84fa94-04c1-424b-9868-57a2d4851a1d" relativeResultsDirectory="f3d591ba-b0bb-4436-bcad-855dd77d2cb9" />
    <UnitTestResult executionId="72e713b6-883e-4e38-8b79-1211bf7373b6" testId="de79744e-fb76-44fa-6422-be59e037cde5" testName="Tests.Integration.Backend.OutputCaching.CachingE2ETests.CachePerformance_ShouldShowSignificantImprovement" computerName="runnervmf4ws1" duration="00:00:00.5344400" startTime="2025-09-11T06:44:42.8422684+00:00" endTime="2025-09-11T06:44:42.8422684+00:00" testType="13cdc9d9-ddb5-4fa4-a97d-d965ccfc6d4b" outcome="Passed" testListId="8c84fa94-04c1-424b-9868-57a2d4851a1d" relativeResultsDirectory="72e713b6-883e-4e38-8b79-1211bf7373b6">
      <Output>
        <StdOut>Initial request: 2ms
Average cached request: 0ms
Performance improvement: Infinityx faster</StdOut>
      </Output>
    </UnitTestResult>
    <UnitTestResult executionId="03cffd05-52b7-4c32-8f7b-f736171b0f60" testId="b5dacbe5-c50b-ea4a-e128-040bd713ffe8" testName="Tests.Integration.Backend.Controllers.DatabaseControllerTests.POST_Database_Reset_Should_Return_Unauthorized_Without_Valid_Token" computerName="runnervmf4ws1" duration="00:00:00.2700423" startTime="2025-09-11T06:44:47.4127000+00:00" endTime="2025-09-11T06:44:47.4127000+00:00" testType="13cdc9d9-ddb5-4fa4-a97d-d965ccfc6d4b" outcome="Passed" testListId="8c84fa94-04c1-424b-9868-57a2d4851a1d" relativeResultsDirectory="03cffd05-52b7-4c32-8f7b-f736171b0f60" />
    <UnitTestResult executionId="bc04b895-ffdd-4ece-b906-2d792b57e4d1" testId="29ba8dce-52f9-1a09-beb5-2c73bb03e4dd" testName="Tests.Integration.Backend.Controllers.RolesControllerTests.GET_Role_By_Id_Should_Return_404_When_Not_Exists" computerName="runnervmf4ws1" duration="00:00:00.5283563" startTime="2025-09-11T06:44:38.2043203+00:00" endTime="2025-09-11T06:44:38.2043209+00:00" testType="13cdc9d9-ddb5-4fa4-a97d-d965ccfc6d4b" outcome="Passed" testListId="8c84fa94-04c1-424b-9868-57a2d4851a1d" relativeResultsDirectory="bc04b895-ffdd-4ece-b906-2d792b57e4d1" />
    <UnitTestResult executionId="41da8528-2da7-448b-8273-fa6f7b7b2cc6" testId="ca246cb1-0b00-e31f-8cae-0e70703e829e" testName="Tests.Integration.Backend.E2E.AuthenticationE2ETests.Login_Should_Fail_With_Invalid_Credentials" computerName="runnervmf4ws1" duration="00:00:00.0053256" startTime="2025-09-11T06:44:01.2968181+00:00" endTime="2025-09-11T06:44:01.2968182+00:00" testType="13cdc9d9-ddb5-4fa4-a97d-d965ccfc6d4b" outcome="Passed" testListId="8c84fa94-04c1-424b-9868-57a2d4851a1d" relativeResultsDirectory="41da8528-2da7-448b-8273-fa6f7b7b2cc6" />
    <UnitTestResult executionId="c32e4625-20d8-40ba-93b3-5f5c47ad40c9" testId="1a8b33fa-e8e7-c5c8-b527-0b5fd94498f4" testName="Tests.Integration.Backend.OutputCaching.CacheInvalidationTests.PostPerson_ShouldInvalidateListCache" computerName="runnervmf4ws1" duration="00:00:01.1607035" startTime="2025-09-11T06:44:22.0233005+00:00" endTime="2025-09-11T06:44:22.0233007+00:00" testType="13cdc9d9-ddb5-4fa4-a97d-d965ccfc6d4b" outcome="Passed" testListId="8c84fa94-04c1-424b-9868-57a2d4851a1d" relativeResultsDirectory="c32e4625-20d8-40ba-93b3-5f5c47ad40c9" />
    <UnitTestResult executionId="833b246d-e4ea-401c-929b-5ec4d35a7a0d" testId="3ae9a197-02ed-3bf8-219d-823a522da5f1" testName="Tests.Integration.Backend.Controllers.PeopleControllerTests.DELETE_People_Should_Return_204_For_NonExistent_Person" computerName="runnervmf4ws1" duration="00:00:00.8294005" startTime="2025-09-11T06:45:10.9348726+00:00" endTime="2025-09-11T06:45:10.9348726+00:00" testType="13cdc9d9-ddb5-4fa4-a97d-d965ccfc6d4b" outcome="Passed" testListId="8c84fa94-04c1-424b-9868-57a2d4851a1d" relativeResultsDirectory="833b246d-e4ea-401c-929b-5ec4d35a7a0d" />
    <UnitTestResult executionId="2da4bb29-35c4-4670-a24a-2891cc4b7aea" testId="76f204dd-32a0-ce3a-8917-3041e6ffb334" testName="Tests.Integration.Backend.Infrastructure.GenericRepositoryIntegrationTests.GenericRepository_ShouldWorkAlongsideCustomRepositories" computerName="runnervmf4ws1" duration="00:00:00.3741921" startTime="2025-09-11T06:44:19.0054427+00:00" endTime="2025-09-11T06:44:19.0054433+00:00" testType="13cdc9d9-ddb5-4fa4-a97d-d965ccfc6d4b" outcome="Passed" testListId="8c84fa94-04c1-424b-9868-57a2d4851a1d" relativeResultsDirectory="2da4bb29-35c4-4670-a24a-2891cc4b7aea" />
    <UnitTestResult executionId="7cc4ed57-7a0e-422c-9fad-fbf95e6489a1" testId="4fb3036c-0d92-3b62-20b9-33331422414d" testName="Tests.Integration.Backend.Controllers.AuthControllerTests.Protected_Endpoint_Should_Return_Unauthorized_Without_Token" computerName="runnervmf4ws1" duration="00:00:00.2248781" startTime="2025-09-11T06:45:01.3429311+00:00" endTime="2025-09-11T06:45:01.3429311+00:00" testType="13cdc9d9-ddb5-4fa4-a97d-d965ccfc6d4b" outcome="Passed" testListId="8c84fa94-04c1-424b-9868-57a2d4851a1d" relativeResultsDirectory="7cc4ed57-7a0e-422c-9fad-fbf95e6489a1" />
    <UnitTestResult executionId="50e251dd-23af-49a4-875c-2b34d53ae3ce" testId="d0fa0570-460f-ec62-156b-5af9612d66a8" testName="Tests.Integration.Backend.Compression.ResponseCompressionTests.HttpsResponse_ShouldSupportCompression" computerName="runnervmf4ws1" duration="00:00:00.3054170" startTime="2025-09-11T06:44:04.0675754+00:00" endTime="2025-09-11T06:44:04.0675756+00:00" testType="13cdc9d9-ddb5-4fa4-a97d-d965ccfc6d4b" outcome="Passed" testListId="8c84fa94-04c1-424b-9868-57a2d4851a1d" relativeResultsDirectory="50e251dd-23af-49a4-875c-2b34d53ae3ce" />
    <UnitTestResult executionId="1cadd8f4-6514-4577-abd6-62452089fe4c" testId="095ad9f7-04a5-8bcb-02fd-fdd6dab3a934" testName="Tests.Integration.Backend.Compression.StaticFileCompressionTests.HtmlFile_ShouldBeCompressed_WhenClientSupportsGzip" computerName="runnervmf4ws1" duration="00:00:00.0404085" startTime="2025-09-11T06:44:19.6027203+00:00" endTime="2025-09-11T06:44:19.6027205+00:00" testType="13cdc9d9-ddb5-4fa4-a97d-d965ccfc6d4b" outcome="Passed" testListId="8c84fa94-04c1-424b-9868-57a2d4851a1d" relativeResultsDirectory="1cadd8f4-6514-4577-abd6-62452089fe4c" />
    <UnitTestResult executionId="9f7012ec-cf0e-450a-9e39-f78d51291a62" testId="cf8a559d-45fb-9221-5781-06292f54735a" testName="Tests.Integration.Backend.Controllers.ApiHealthTests.All_Endpoints_Should_Support_Expected_HTTP_Methods(method: &quot;GET&quot;, endpoint: &quot;/api/people&quot;)" computerName="runnervmf4ws1" duration="00:00:00.3039332" startTime="2025-09-11T06:45:31.6029889+00:00" endTime="2025-09-11T06:45:31.6029889+00:00" testType="13cdc9d9-ddb5-4fa4-a97d-d965ccfc6d4b" outcome="Passed" testListId="8c84fa94-04c1-424b-9868-57a2d4851a1d" relativeResultsDirectory="9f7012ec-cf0e-450a-9e39-f78d51291a62" />
    <UnitTestResult executionId="53b8ec87-ab36-4e01-abdf-bb27baf557dd" testId="59c1b068-0fcd-d32e-da01-b21421cb74d4" testName="Tests.Integration.Backend.Controllers.RolesControllerTests.GET_Roles_Should_Return_Empty_List_Initially" computerName="runnervmf4ws1" duration="00:00:00.5229144" startTime="2025-09-11T06:44:35.1065621+00:00" endTime="2025-09-11T06:44:35.1065623+00:00" testType="13cdc9d9-ddb5-4fa4-a97d-d965ccfc6d4b" outcome="Passed" testListId="8c84fa94-04c1-424b-9868-57a2d4851a1d" relativeResultsDirectory="53b8ec87-ab36-4e01-abdf-bb27baf557dd" />
    <UnitTestResult executionId="54bb7b0a-edda-494b-be79-00391c2c3380" testId="8e410b3f-ed9f-5189-87a9-0a81e42ccd93" testName="Tests.Integration.Backend.Controllers.AuthControllerPasswordResetTests.POST_ForgotPassword_WithInvalidEmail_Should_Return_BadRequest" computerName="runnervmf4ws1" duration="00:00:00.2237582" startTime="2025-09-11T06:44:49.5647162+00:00" endTime="2025-09-11T06:44:49.5647162+00:00" testType="13cdc9d9-ddb5-4fa4-a97d-d965ccfc6d4b" outcome="Passed" testListId="8c84fa94-04c1-424b-9868-57a2d4851a1d" relativeResultsDirectory="54bb7b0a-edda-494b-be79-00391c2c3380" />
    <UnitTestResult executionId="2573abd9-7daa-4317-8109-d98f067a52bb" testId="cca41772-191f-0a82-bb6f-ddd4fb32e2c7" testName="Tests.Integration.Backend.Controllers.WallsControllerTests.PUT_Wall_Should_Update_Existing_Wall" computerName="runnervmf4ws1" duration="00:00:01.5111476" startTime="2025-09-11T06:45:26.3751230+00:00" endTime="2025-09-11T06:45:26.3751231+00:00" testType="13cdc9d9-ddb5-4fa4-a97d-d965ccfc6d4b" outcome="Passed" testListId="8c84fa94-04c1-424b-9868-57a2d4851a1d" relativeResultsDirectory="2573abd9-7daa-4317-8109-d98f067a52bb" />
    <UnitTestResult executionId="05dbf04c-8ed4-4356-96e6-fa4aa784dd01" testId="f746e85d-5530-5c7f-8b39-c9d23cfa24b9" testName="Tests.Integration.Backend.Controllers.PeopleControllerTests.GET_People_Should_Return_Empty_List_Initially" computerName="runnervmf4ws1" duration="00:00:00.5434890" startTime="2025-09-11T06:45:03.8442633+00:00" endTime="2025-09-11T06:45:03.8442633+00:00" testType="13cdc9d9-ddb5-4fa4-a97d-d965ccfc6d4b" outcome="Passed" testListId="8c84fa94-04c1-424b-9868-57a2d4851a1d" relativeResultsDirectory="05dbf04c-8ed4-4356-96e6-fa4aa784dd01" />
    <UnitTestResult executionId="b755af32-7b33-4868-becc-a0b9e76fbb8d" testId="d52400d3-aadd-aa81-a16e-1863a2b50655" testName="Tests.Integration.Backend.OutputCaching.OutputCachingConfigurationTests.OutputCachePolicies_ShouldHaveCorrectDurations(policyName: &quot;RolesPolicy&quot;, expectedDurationSeconds: 3600)" computerName="runnervmf4ws1" duration="00:00:00.0001271" startTime="2025-09-11T06:45:43.5076832+00:00" endTime="2025-09-11T06:45:43.5076832+00:00" testType="13cdc9d9-ddb5-4fa4-a97d-d965ccfc6d4b" outcome="Passed" testListId="8c84fa94-04c1-424b-9868-57a2d4851a1d" relativeResultsDirectory="b755af32-7b33-4868-becc-a0b9e76fbb8d" />
    <UnitTestResult executionId="076df0a5-698d-43fc-8bd7-5b5aa67cee0a" testId="8b7765b0-2273-0340-cca9-006e0a342472" testName="Tests.Integration.Backend.Controllers.WindowsControllerTests.Windows_Should_Persist_Timestamps_Correctly" computerName="runnervmf4ws1" duration="00:00:01.6122897" startTime="2025-09-11T06:44:16.2046556+00:00" endTime="2025-09-11T06:44:16.2046558+00:00" testType="13cdc9d9-ddb5-4fa4-a97d-d965ccfc6d4b" outcome="Passed" testListId="8c84fa94-04c1-424b-9868-57a2d4851a1d" relativeResultsDirectory="076df0a5-698d-43fc-8bd7-5b5aa67cee0a" />
    <UnitTestResult executionId="dd3b066b-b63d-4d1a-9597-e0d50977a606" testId="3a855c55-b695-d057-ad6f-34eef0eb2eae" testName="Tests.Integration.Backend.OutputCaching.ConditionalRequestTests.GetRequest_WithIfNoneMatch_ShouldReturn304_WhenETagMatches" computerName="runnervmf4ws1" duration="00:00:00.5336269" startTime="2025-09-11T06:44:53.6423711+00:00" endTime="2025-09-11T06:44:53.6423711+00:00" testType="13cdc9d9-ddb5-4fa4-a97d-d965ccfc6d4b" outcome="Passed" testListId="8c84fa94-04c1-424b-9868-57a2d4851a1d" relativeResultsDirectory="dd3b066b-b63d-4d1a-9597-e0d50977a606" />
    <UnitTestResult executionId="efa52b28-ef48-40ed-86c2-c827784500e0" testId="aeaaee5e-bc09-54e8-9ec4-6c4cdf3ce87c" testName="Tests.Integration.Backend.Controllers.ApiHealthTests.API_Should_Handle_Large_Payloads" computerName="runnervmf4ws1" duration="00:00:00.6056537" startTime="2025-09-11T06:45:37.4039489+00:00" endTime="2025-09-11T06:45:37.4039489+00:00" testType="13cdc9d9-ddb5-4fa4-a97d-d965ccfc6d4b" outcome="Passed" testListId="8c84fa94-04c1-424b-9868-57a2d4851a1d" relativeResultsDirectory="efa52b28-ef48-40ed-86c2-c827784500e0" />
    <UnitTestResult executionId="04604ffc-269a-4a41-bf16-6dd530a23999" testId="9c4bd49d-31a4-6530-0f02-8fe23a54becf" testName="Tests.Integration.Backend.Controllers.DatabaseControllerTests.GET_Database_Status_Should_Return_Database_Statistics" computerName="runnervmf4ws1" duration="00:00:00.2265423" startTime="2025-09-11T06:44:48.3481662+00:00" endTime="2025-09-11T06:44:48.3481662+00:00" testType="13cdc9d9-ddb5-4fa4-a97d-d965ccfc6d4b" outcome="Passed" testListId="8c84fa94-04c1-424b-9868-57a2d4851a1d" relativeResultsDirectory="04604ffc-269a-4a41-bf16-6dd530a23999" />
    <UnitTestResult executionId="20b16875-51b6-4064-844a-d62bced65370" testId="58a8f096-af1a-ba52-8cf7-4f27a22072be" testName="Tests.Integration.Backend.Controllers.RolesControllerTests.DELETE_Role_Should_Remove_Existing_Role" computerName="runnervmf4ws1" duration="00:00:01.5198708" startTime="2025-09-11T06:44:32.4608657+00:00" endTime="2025-09-11T06:44:32.4608660+00:00" testType="13cdc9d9-ddb5-4fa4-a97d-d965ccfc6d4b" outcome="Passed" testListId="8c84fa94-04c1-424b-9868-57a2d4851a1d" relativeResultsDirectory="20b16875-51b6-4064-844a-d62bced65370" />
    <UnitTestResult executionId="1739b81d-7fa3-47ee-943d-dbeca2f568b0" testId="c1e9fd41-ccc9-89c1-34d7-2e348277c312" testName="Tests.Integration.Backend.E2E.AuthenticationE2ETests.Protected_Endpoint_Should_Require_Authentication" computerName="runnervmf4ws1" duration="00:00:00.0045890" startTime="2025-09-11T06:44:01.9507115+00:00" endTime="2025-09-11T06:44:01.9507117+00:00" testType="13cdc9d9-ddb5-4fa4-a97d-d965ccfc6d4b" outcome="Passed" testListId="8c84fa94-04c1-424b-9868-57a2d4851a1d" relativeResultsDirectory="1739b81d-7fa3-47ee-943d-dbeca2f568b0" />
    <UnitTestResult executionId="8f81d5cc-64d1-487f-a70a-689f7b54f8c6" testId="97379147-d8b9-39e9-e5ac-c96169fc4948" testName="Tests.Integration.Backend.OutputCaching.ConditionalRequestTests.GetRequest_WithIfModifiedSince_ShouldReturn304_WhenNotModified" computerName="runnervmf4ws1" duration="00:00:00.5818508" startTime="2025-09-11T06:44:52.5746247+00:00" endTime="2025-09-11T06:44:52.5746248+00:00" testType="13cdc9d9-ddb5-4fa4-a97d-d965ccfc6d4b" outcome="Passed" testListId="8c84fa94-04c1-424b-9868-57a2d4851a1d" relativeResultsDirectory="8f81d5cc-64d1-487f-a70a-689f7b54f8c6" />
    <UnitTestResult executionId="04a4a2bc-1793-42cf-abdf-8a8906dccfd4" testId="9525fcd3-b949-7544-779c-3d3500ebec99" testName="Tests.Integration.Backend.Controllers.RolesControllerTests.PUT_Role_Should_Update_Existing_Role" computerName="runnervmf4ws1" duration="00:00:01.5188647" startTime="2025-09-11T06:44:33.9803668+00:00" endTime="2025-09-11T06:44:33.9803671+00:00" testType="13cdc9d9-ddb5-4fa4-a97d-d965ccfc6d4b" outcome="Passed" testListId="8c84fa94-04c1-424b-9868-57a2d4851a1d" relativeResultsDirectory="04a4a2bc-1793-42cf-abdf-8a8906dccfd4" />
    <UnitTestResult executionId="612a438b-c69c-4839-94c1-92b1dc8cf4d8" testId="d513fe07-1dc8-1c74-2c21-98142b85dcfb" testName="Tests.Integration.Backend.Controllers.ApiHealthTests.All_Endpoints_Should_Support_Expected_HTTP_Methods(method: &quot;POST&quot;, endpoint: &quot;/api/people&quot;)" computerName="runnervmf4ws1" duration="00:00:00.6217382" startTime="2025-09-11T06:45:34.0717760+00:00" endTime="2025-09-11T06:45:34.0717760+00:00" testType="13cdc9d9-ddb5-4fa4-a97d-d965ccfc6d4b" outcome="Passed" testListId="8c84fa94-04c1-424b-9868-57a2d4851a1d" relativeResultsDirectory="612a438b-c69c-4839-94c1-92b1dc8cf4d8" />
    <UnitTestResult executionId="29004ba8-bee5-420e-bcac-7b8bb0a074d2" testId="9ed0881a-ade1-55d1-ff4e-861058b9ed01" testName="Tests.Integration.Backend.Controllers.AuthControllerTests.POST_Refresh_Should_Return_New_Tokens_For_Valid_RefreshToken" computerName="runnervmf4ws1" duration="00:00:00.8854196" startTime="2025-09-11T06:44:57.6669151+00:00" endTime="2025-09-11T06:44:57.6669151+00:00" testType="13cdc9d9-ddb5-4fa4-a97d-d965ccfc6d4b" outcome="Passed" testListId="8c84fa94-04c1-424b-9868-57a2d4851a1d" relativeResultsDirectory="29004ba8-bee5-420e-bcac-7b8bb0a074d2" />
    <UnitTestResult executionId="2ca8b347-2f66-4727-a815-b2c9635e9381" testId="60d93c6a-68de-f18d-ead0-561ac4ded916" testName="Tests.Integration.Backend.OutputCaching.CacheInvalidationTests.PutPerson_ShouldInvalidateBothEntityAndListCache" computerName="runnervmf4ws1" duration="00:00:01.8655752" startTime="2025-09-11T06:44:26.1891498+00:00" endTime="2025-09-11T06:44:26.1891500+00:00" testType="13cdc9d9-ddb5-4fa4-a97d-d965ccfc6d4b" outcome="Passed" testListId="8c84fa94-04c1-424b-9868-57a2d4851a1d" relativeResultsDirectory="2ca8b347-2f66-4727-a815-b2c9635e9381" />
    <UnitTestResult executionId="6bab5afa-8e70-4086-bf3a-5a5ec7389a75" testId="01d0203b-7c6e-72b9-08eb-f1b3242c360c" testName="Tests.Integration.Backend.Controllers.PeopleControllerTests.PUT_People_Should_Update_Person_Roles" computerName="runnervmf4ws1" duration="00:00:00.0010000" startTime="2025-09-11T06:45:06.8602541+00:00" endTime="2025-09-11T06:45:06.8602542+00:00" testType="13cdc9d9-ddb5-4fa4-a97d-d965ccfc6d4b" outcome="NotExecuted" testListId="8c84fa94-04c1-424b-9868-57a2d4851a1d" relativeResultsDirectory="6bab5afa-8e70-4086-bf3a-5a5ec7389a75">
      <Output>
        <ErrorInfo>
          <Message>Skipping due to concurrency conflict - RowVersion not implemented in UpdatePersonRequest</Message>
        </ErrorInfo>
      </Output>
    </UnitTestResult>
    <UnitTestResult executionId="2246040a-ddac-4921-bc52-fed959b150dc" testId="cbf0626f-7167-adff-b20c-96cc3cdf6ce9" testName="Tests.Integration.Backend.OutputCaching.OutputCachingTests.GetEntityById_ShouldReturnConsistentResponses" computerName="runnervmf4ws1" duration="00:00:00.5293785" startTime="2025-09-11T06:45:30.0059264+00:00" endTime="2025-09-11T06:45:30.0059265+00:00" testType="13cdc9d9-ddb5-4fa4-a97d-d965ccfc6d4b" outcome="Passed" testListId="8c84fa94-04c1-424b-9868-57a2d4851a1d" relativeResultsDirectory="2246040a-ddac-4921-bc52-fed959b150dc" />
    <UnitTestResult executionId="561d00b0-45fb-4955-9cfe-a051976cccbd" testId="f7bc3491-94dd-b6b9-3778-9c1a4322e7be" testName="Tests.Integration.Backend.Controllers.WallsControllerTests.POST_Walls_Should_Create_Wall_And_Return_201" computerName="runnervmf4ws1" duration="00:00:00.6068576" startTime="2025-09-11T06:45:19.9957379+00:00" endTime="2025-09-11T06:45:19.9957379+00:00" testType="13cdc9d9-ddb5-4fa4-a97d-d965ccfc6d4b" outcome="Passed" testListId="8c84fa94-04c1-424b-9868-57a2d4851a1d" relativeResultsDirectory="561d00b0-45fb-4955-9cfe-a051976cccbd" />
    <UnitTestResult executionId="765dc0db-887b-40f3-9c2b-52d76d64e160" testId="ab17e4f5-654f-3749-a1be-206a5019e954" testName="Tests.Integration.Backend.Controllers.WallsControllerTests.POST_Wall_Should_Calculate_And_Store_Complex_Properties" computerName="runnervmf4ws1" duration="00:00:00.6046483" startTime="2025-09-11T06:45:22.1119694+00:00" endTime="2025-09-11T06:45:22.1119695+00:00" testType="13cdc9d9-ddb5-4fa4-a97d-d965ccfc6d4b" outcome="Passed" testListId="8c84fa94-04c1-424b-9868-57a2d4851a1d" relativeResultsDirectory="765dc0db-887b-40f3-9c2b-52d76d64e160" />
    <UnitTestResult executionId="a9ab4bce-962c-4d57-b53f-f524ca0b9634" testId="e164b20e-2591-89f8-06fb-740275819de8" testName="Tests.Integration.Backend.Compression.ResponseCompressionTests.ResponseCompressionServices_ShouldBeRegistered" computerName="runnervmf4ws1" duration="00:00:00.0015169" startTime="2025-09-11T06:44:04.0752714+00:00" endTime="2025-09-11T06:44:04.0752715+00:00" testType="13cdc9d9-ddb5-4fa4-a97d-d965ccfc6d4b" outcome="Passed" testListId="8c84fa94-04c1-424b-9868-57a2d4851a1d" relativeResultsDirectory="a9ab4bce-962c-4d57-b53f-f524ca0b9634" />
    <UnitTestResult executionId="d2f92e10-a6ad-470c-a207-a3ab640590e4" testId="20b78283-04d3-fc47-1574-93af6fec32ea" testName="Tests.Integration.Backend.Controllers.AuthControllerPasswordResetTests.POST_ForgotPassword_WithValidEmail_Should_Return_Success" computerName="runnervmf4ws1" duration="00:00:00.3299220" startTime="2025-09-11T06:44:51.9912838+00:00" endTime="2025-09-11T06:44:51.9912839+00:00" testType="13cdc9d9-ddb5-4fa4-a97d-d965ccfc6d4b" outcome="Passed" testListId="8c84fa94-04c1-424b-9868-57a2d4851a1d" relativeResultsDirectory="d2f92e10-a6ad-470c-a207-a3ab640590e4" />
    <UnitTestResult executionId="aed07817-1bd3-4257-8936-24cb8b7d4d91" testId="02f305ed-30cd-4399-cb1c-75d62f144801" testName="Tests.Integration.Backend.OutputCaching.OutputCachingConfigurationTests.OutputCaching_ShouldHaveNamedPolicies" computerName="runnervmf4ws1" duration="00:00:00.0002920" startTime="2025-09-11T06:45:43.5398299+00:00" endTime="2025-09-11T06:45:43.5398299+00:00" testType="13cdc9d9-ddb5-4fa4-a97d-d965ccfc6d4b" outcome="Passed" testListId="8c84fa94-04c1-424b-9868-57a2d4851a1d" relativeResultsDirectory="aed07817-1bd3-4257-8936-24cb8b7d4d91" />
    <UnitTestResult executionId="793efe51-45a7-4d17-9dce-c721a27edc6f" testId="5915cbaf-7ed1-cbfd-2c81-4746833e58cd" testName="Tests.Integration.Backend.OutputCaching.CacheInvalidationTests.CacheInvalidation_ShouldBeEntitySpecific" computerName="runnervmf4ws1" duration="00:00:01.1347330" startTime="2025-09-11T06:44:28.5058954+00:00" endTime="2025-09-11T06:44:28.5058957+00:00" testType="13cdc9d9-ddb5-4fa4-a97d-d965ccfc6d4b" outcome="Passed" testListId="8c84fa94-04c1-424b-9868-57a2d4851a1d" relativeResultsDirectory="793efe51-45a7-4d17-9dce-c721a27edc6f" />
    <UnitTestResult executionId="6088c17b-2136-4631-8f14-164a3a4512e8" testId="3c9c11b5-6967-f47a-cfd8-d22458fa9229" testName="Tests.Integration.Backend.OutputCaching.ConditionalRequestTests.CacheHeaders_ShouldBePresent_OnGetRequests" computerName="runnervmf4ws1" duration="00:00:00.5333976" startTime="2025-09-11T06:44:53.1083788+00:00" endTime="2025-09-11T06:44:53.1083788+00:00" testType="13cdc9d9-ddb5-4fa4-a97d-d965ccfc6d4b" outcome="Passed" testListId="8c84fa94-04c1-424b-9868-57a2d4851a1d" relativeResultsDirectory="6088c17b-2136-4631-8f14-164a3a4512e8" />
    <UnitTestResult executionId="0ecd5888-80f7-4088-8723-84e468446826" testId="a5770765-4612-4372-f1a9-727a017fca24" testName="Tests.Integration.Backend.Compression.ResponseCompressionTests.CompressedResponse_ShouldHaveCompressionHeaders" computerName="runnervmf4ws1" duration="00:00:00.6096975" startTime="2025-09-11T06:44:04.6854554+00:00" endTime="2025-09-11T06:44:04.6854556+00:00" testType="13cdc9d9-ddb5-4fa4-a97d-d965ccfc6d4b" outcome="Passed" testListId="8c84fa94-04c1-424b-9868-57a2d4851a1d" relativeResultsDirectory="0ecd5888-80f7-4088-8723-84e468446826" />
    <UnitTestResult executionId="3b369ac3-96fd-49f8-a351-6c25f708ad82" testId="494ff55a-87c7-5f37-d44c-a6dbdeeb90c7" testName="Tests.Integration.Backend.Controllers.WindowsControllerTests.GET_Window_By_Id_Should_Return_404_When_Not_Exists" computerName="runnervmf4ws1" duration="00:00:00.3057800" startTime="2025-09-11T06:44:13.3825213+00:00" endTime="2025-09-11T06:44:13.3825215+00:00" testType="13cdc9d9-ddb5-4fa4-a97d-d965ccfc6d4b" outcome="Passed" testListId="8c84fa94-04c1-424b-9868-57a2d4851a1d" relativeResultsDirectory="3b369ac3-96fd-49f8-a351-6c25f708ad82" />
    <UnitTestResult executionId="144272a0-8c1a-4e53-9253-0f3427037788" testId="53a7b40c-019b-3989-42c2-31ec0027eed1" testName="Tests.Integration.Backend.OutputCaching.OutputCachingTests.GetWindows_ShouldReturnConsistentResponses" computerName="runnervmf4ws1" duration="00:00:00.5377704" startTime="2025-09-11T06:45:28.4085902+00:00" endTime="2025-09-11T06:45:28.4085903+00:00" testType="13cdc9d9-ddb5-4fa4-a97d-d965ccfc6d4b" outcome="Passed" testListId="8c84fa94-04c1-424b-9868-57a2d4851a1d" relativeResultsDirectory="144272a0-8c1a-4e53-9253-0f3427037788" />
    <UnitTestResult executionId="d6775857-ed0f-413a-a39f-882466ed6d40" testId="47dc67ee-ce10-2cea-0c24-ab118e917beb" testName="Tests.Integration.Backend.Controllers.ApiHealthTests.API_Should_Handle_Invalid_HTTP_Methods" computerName="runnervmf4ws1" duration="00:00:00.6023574" startTime="2025-09-11T06:45:36.1918988+00:00" endTime="2025-09-11T06:45:36.1918989+00:00" testType="13cdc9d9-ddb5-4fa4-a97d-d965ccfc6d4b" outcome="Passed" testListId="8c84fa94-04c1-424b-9868-57a2d4851a1d" relativeResultsDirectory="d6775857-ed0f-413a-a39f-882466ed6d40" />
    <UnitTestResult executionId="126e044e-8ac3-40a8-9e1d-f552a693e0c3" testId="927ecc12-27fc-afb1-a7a2-a42476361110" testName="Tests.Integration.Backend.E2E.AuthenticationE2ETests.Role_Based_Access_Should_Work" computerName="runnervmf4ws1" duration="00:00:02.8878311" startTime="2025-09-11T06:44:00.1306072+00:00" endTime="2025-09-11T06:44:00.1306352+00:00" testType="13cdc9d9-ddb5-4fa4-a97d-d965ccfc6d4b" outcome="Passed" testListId="8c84fa94-04c1-424b-9868-57a2d4851a1d" relativeResultsDirectory="126e044e-8ac3-40a8-9e1d-f552a693e0c3" />
    <UnitTestResult executionId="4235b651-1ca0-47a1-b9ad-eb0e5c17989c" testId="f48af067-4eb4-5a80-a058-995d81b9c49e" testName="Tests.Integration.Backend.OutputCaching.OutputCachingTests.GetWalls_ShouldReturnConsistentResponses" computerName="runnervmf4ws1" duration="00:00:00.5861560" startTime="2025-09-11T06:45:27.8704693+00:00" endTime="2025-09-11T06:45:27.8704694+00:00" testType="13cdc9d9-ddb5-4fa4-a97d-d965ccfc6d4b" outcome="Passed" testListId="8c84fa94-04c1-424b-9868-57a2d4851a1d" relativeResultsDirectory="4235b651-1ca0-47a1-b9ad-eb0e5c17989c" />
    <UnitTestResult executionId="7d8ce17e-f767-4aae-9f88-123ad7d867dc" testId="3115f456-ece1-1790-9284-157082a1d43c" testName="Tests.Integration.Backend.Controllers.RolesControllerTests.POST_Roles_Should_Return_400_For_Invalid_Data" computerName="runnervmf4ws1" duration="00:00:00.8236682" startTime="2025-09-11T06:44:36.8503375+00:00" endTime="2025-09-11T06:44:36.8503377+00:00" testType="13cdc9d9-ddb5-4fa4-a97d-d965ccfc6d4b" outcome="Passed" testListId="8c84fa94-04c1-424b-9868-57a2d4851a1d" relativeResultsDirectory="7d8ce17e-f767-4aae-9f88-123ad7d867dc" />
    <UnitTestResult executionId="08dab5ad-6578-4c51-bea1-c460b24cc665" testId="39e1ba24-0a2a-e8f7-d815-046e06e37c3f" testName="Tests.Integration.Backend.Controllers.WallsControllerTests.POST_Walls_Should_Return_400_For_Invalid_Data" computerName="runnervmf4ws1" duration="00:00:00.6053338" startTime="2025-09-11T06:45:18.7727247+00:00" endTime="2025-09-11T06:45:18.7727247+00:00" testType="13cdc9d9-ddb5-4fa4-a97d-d965ccfc6d4b" outcome="Passed" testListId="8c84fa94-04c1-424b-9868-57a2d4851a1d" relativeResultsDirectory="08dab5ad-6578-4c51-bea1-c460b24cc665" />
    <UnitTestResult executionId="f03c7922-bb59-4fcf-a60a-14d1250a1aa2" testId="19212179-02a1-0bfe-fef4-7e3682270e04" testName="Tests.Integration.Backend.OutputCaching.CachingE2ETests.CacheInvalidation_ShouldWorkAcrossEntities" computerName="runnervmf4ws1" duration="00:00:01.1529611" startTime="2025-09-11T06:44:42.3069905+00:00" endTime="2025-09-11T06:44:42.3069905+00:00" testType="13cdc9d9-ddb5-4fa4-a97d-d965ccfc6d4b" outcome="Passed" testListId="8c84fa94-04c1-424b-9868-57a2d4851a1d" relativeResultsDirectory="f03c7922-bb59-4fcf-a60a-14d1250a1aa2" />
    <UnitTestResult executionId="134883c5-8daf-4beb-876b-c1ea2be93543" testId="89abbdd3-2d4a-032e-64a6-9a76add4cdf5" testName="Tests.Integration.Backend.Controllers.WindowsControllerTests.Windows_Should_Handle_Boolean_Properties_Correctly" computerName="runnervmf4ws1" duration="00:00:01.2087608" startTime="2025-09-11T06:44:14.5917153+00:00" endTime="2025-09-11T06:44:14.5917155+00:00" testType="13cdc9d9-ddb5-4fa4-a97d-d965ccfc6d4b" outcome="Passed" testListId="8c84fa94-04c1-424b-9868-57a2d4851a1d" relativeResultsDirectory="134883c5-8daf-4beb-876b-c1ea2be93543" />
    <UnitTestResult executionId="bb51b1c0-f233-407b-aa4d-c62b4c559bd1" testId="7ef81c0c-3038-9435-7857-ab17f80f7cdb" testName="Tests.Integration.Backend.OutputCaching.CacheInvalidationTests.PostWindow_ShouldInvalidateWindowsCache" computerName="runnervmf4ws1" duration="00:00:01.2280139" startTime="2025-09-11T06:44:20.8621928+00:00" endTime="2025-09-11T06:44:20.8621931+00:00" testType="13cdc9d9-ddb5-4fa4-a97d-d965ccfc6d4b" outcome="Passed" testListId="8c84fa94-04c1-424b-9868-57a2d4851a1d" relativeResultsDirectory="bb51b1c0-f233-407b-aa4d-c62b4c559bd1" />
  </Results>
  <TestDefinitions>
    <UnitTest name="Tests.Integration.Backend.Compression.ResponseCompressionTests.ResponseCompressionServices_ShouldBeRegistered" storage="/home/runner/work/crud/crud/test/tests.integration.backend/bin/release/net8.0/tests.integration.backend.dll" id="e164b20e-2591-89f8-06fb-740275819de8">
      <Execution id="a9ab4bce-962c-4d57-b53f-f524ca0b9634" />
      <TestMethod codeBase="/home/runner/work/Crud/Crud/test/Tests.Integration.Backend/bin/Release/net8.0/Tests.Integration.Backend.dll" adapterTypeName="executor://xunit/VsTestRunner2/netcoreapp" className="Tests.Integration.Backend.Compression.ResponseCompressionTests" name="ResponseCompressionServices_ShouldBeRegistered" />
    </UnitTest>
    <UnitTest name="Tests.Integration.Backend.OutputCaching.CachingE2ETests.EntityCaching_ShouldCacheIndividualEntities" storage="/home/runner/work/crud/crud/test/tests.integration.backend/bin/release/net8.0/tests.integration.backend.dll" id="41b3b4e1-06a8-534f-90a6-fb2576f3807d">
      <Execution id="89adc81a-96c1-48ac-b490-a43b550b9eda" />
      <TestMethod codeBase="/home/runner/work/Crud/Crud/test/Tests.Integration.Backend/bin/Release/net8.0/Tests.Integration.Backend.dll" adapterTypeName="executor://xunit/VsTestRunner2/netcoreapp" className="Tests.Integration.Backend.OutputCaching.CachingE2ETests" name="EntityCaching_ShouldCacheIndividualEntities" />
    </UnitTest>
    <UnitTest name="Tests.Integration.Backend.Compression.ResponseCompressionTests.SmallResponse_ShouldNotBeCompressed_WhenBelowThreshold" storage="/home/runner/work/crud/crud/test/tests.integration.backend/bin/release/net8.0/tests.integration.backend.dll" id="a52f36e0-aa87-4104-3036-3d7d9607f688">
      <Execution id="1655dd1c-680c-4018-b2be-0783816640af" />
      <TestMethod codeBase="/home/runner/work/Crud/Crud/test/Tests.Integration.Backend/bin/Release/net8.0/Tests.Integration.Backend.dll" adapterTypeName="executor://xunit/VsTestRunner2/netcoreapp" className="Tests.Integration.Backend.Compression.ResponseCompressionTests" name="SmallResponse_ShouldNotBeCompressed_WhenBelowThreshold" />
    </UnitTest>
    <UnitTest name="Tests.Integration.Backend.Controllers.PeopleControllerTests.DELETE_People_Should_Remove_Person" storage="/home/runner/work/crud/crud/test/tests.integration.backend/bin/release/net8.0/tests.integration.backend.dll" id="60dfb5c8-db46-6bbb-f8af-46af1d350941">
      <Execution id="a856789b-b653-433a-8da3-73581a51dca6" />
      <TestMethod codeBase="/home/runner/work/Crud/Crud/test/Tests.Integration.Backend/bin/Release/net8.0/Tests.Integration.Backend.dll" adapterTypeName="executor://xunit/VsTestRunner2/netcoreapp" className="Tests.Integration.Backend.Controllers.PeopleControllerTests" name="DELETE_People_Should_Remove_Person" />
    </UnitTest>
    <UnitTest name="Tests.Integration.Backend.Infrastructure.GenericRepositoryIntegrationTests.GenericRepository_ShouldWorkWithSpecifications_EndToEnd" storage="/home/runner/work/crud/crud/test/tests.integration.backend/bin/release/net8.0/tests.integration.backend.dll" id="76fbe764-5e84-e751-cc4c-187af70eca54">
      <Execution id="3387bbbd-b3ee-491b-9347-91729670aba5" />
      <TestMethod codeBase="/home/runner/work/Crud/Crud/test/Tests.Integration.Backend/bin/Release/net8.0/Tests.Integration.Backend.dll" adapterTypeName="executor://xunit/VsTestRunner2/netcoreapp" className="Tests.Integration.Backend.Infrastructure.GenericRepositoryIntegrationTests" name="GenericRepository_ShouldWorkWithSpecifications_EndToEnd" />
    </UnitTest>
    <UnitTest name="Tests.Integration.Backend.Controllers.AuthControllerPasswordResetTests.POST_ValidateResetToken_WithValidToken_Should_Return_Valid_Status" storage="/home/runner/work/crud/crud/test/tests.integration.backend/bin/release/net8.0/tests.integration.backend.dll" id="84be9167-1ae7-c4b1-fa12-da145604b354">
      <Execution id="04cdf904-3b3b-4cb3-9630-c9e1a295d2f6" />
      <TestMethod codeBase="/home/runner/work/Crud/Crud/test/Tests.Integration.Backend/bin/Release/net8.0/Tests.Integration.Backend.dll" adapterTypeName="executor://xunit/VsTestRunner2/netcoreapp" className="Tests.Integration.Backend.Controllers.AuthControllerPasswordResetTests" name="POST_ValidateResetToken_WithValidToken_Should_Return_Valid_Status" />
    </UnitTest>
    <UnitTest name="Tests.Integration.Backend.Controllers.ApiHealthTests.API_Should_Be_Responsive" storage="/home/runner/work/crud/crud/test/tests.integration.backend/bin/release/net8.0/tests.integration.backend.dll" id="37ce62cb-c39d-d9d9-9814-53126b8a17ea">
      <Execution id="4717abda-1cc9-48e0-a6e8-49118d6301fa" />
      <TestMethod codeBase="/home/runner/work/Crud/Crud/test/Tests.Integration.Backend/bin/Release/net8.0/Tests.Integration.Backend.dll" adapterTypeName="executor://xunit/VsTestRunner2/netcoreapp" className="Tests.Integration.Backend.Controllers.ApiHealthTests" name="API_Should_Be_Responsive" />
    </UnitTest>
    <UnitTest name="Tests.Integration.Backend.Controllers.WallsControllerTests.POST_Walls_Should_Validate_Numeric_Ranges" storage="/home/runner/work/crud/crud/test/tests.integration.backend/bin/release/net8.0/tests.integration.backend.dll" id="bd9e404f-7715-359c-e0a9-f0f39ae1a952">
      <Execution id="8797b7a8-fa49-4272-9423-94e52377a8ab" />
      <TestMethod codeBase="/home/runner/work/Crud/Crud/test/Tests.Integration.Backend/bin/Release/net8.0/Tests.Integration.Backend.dll" adapterTypeName="executor://xunit/VsTestRunner2/netcoreapp" className="Tests.Integration.Backend.Controllers.WallsControllerTests" name="POST_Walls_Should_Validate_Numeric_Ranges" />
    </UnitTest>
    <UnitTest name="Tests.Integration.Backend.Controllers.WindowsControllerTests.DELETE_Window_Should_Remove_Existing_Window" storage="/home/runner/work/crud/crud/test/tests.integration.backend/bin/release/net8.0/tests.integration.backend.dll" id="28a5e352-3d95-d1b8-53ef-7edd0326a49c">
      <Execution id="13686d02-74bf-4631-9fb7-72e25645c78c" />
      <TestMethod codeBase="/home/runner/work/Crud/Crud/test/Tests.Integration.Backend/bin/Release/net8.0/Tests.Integration.Backend.dll" adapterTypeName="executor://xunit/VsTestRunner2/netcoreapp" className="Tests.Integration.Backend.Controllers.WindowsControllerTests" name="DELETE_Window_Should_Remove_Existing_Window" />
    </UnitTest>
    <UnitTest name="Tests.Integration.Backend.Controllers.WindowsControllerTests.GET_Windows_Should_Return_Empty_List_Initially" storage="/home/runner/work/crud/crud/test/tests.integration.backend/bin/release/net8.0/tests.integration.backend.dll" id="1dbf163c-bf18-d62c-e932-92ef9d3bc71a">
      <Execution id="997f47c2-d9df-4259-b949-d031bea21e46" />
      <TestMethod codeBase="/home/runner/work/Crud/Crud/test/Tests.Integration.Backend/bin/Release/net8.0/Tests.Integration.Backend.dll" adapterTypeName="executor://xunit/VsTestRunner2/netcoreapp" className="Tests.Integration.Backend.Controllers.WindowsControllerTests" name="GET_Windows_Should_Return_Empty_List_Initially" />
    </UnitTest>
    <UnitTest name="Tests.Integration.Backend.OutputCaching.OutputCachingTests.GetPeople_ShouldReturnConsistentResponses" storage="/home/runner/work/crud/crud/test/tests.integration.backend/bin/release/net8.0/tests.integration.backend.dll" id="0786cd9f-2220-51d9-4156-4d742eda00d4">
      <Execution id="f10399e7-56c9-44e1-96bc-7ce5a9f2df1f" />
      <TestMethod codeBase="/home/runner/work/Crud/Crud/test/Tests.Integration.Backend/bin/Release/net8.0/Tests.Integration.Backend.dll" adapterTypeName="executor://xunit/VsTestRunner2/netcoreapp" className="Tests.Integration.Backend.OutputCaching.OutputCachingTests" name="GetPeople_ShouldReturnConsistentResponses" />
    </UnitTest>
    <UnitTest name="Tests.Integration.Backend.Controllers.PeopleControllerTests.DELETE_People_Should_Return_403_For_Non_Admin_User" storage="/home/runner/work/crud/crud/test/tests.integration.backend/bin/release/net8.0/tests.integration.backend.dll" id="9be21e93-9fc5-d98c-6abd-02370621f63e">
      <Execution id="57e83ce9-fa7a-4148-8e43-174929677e2b" />
      <TestMethod codeBase="/home/runner/work/Crud/Crud/test/Tests.Integration.Backend/bin/Release/net8.0/Tests.Integration.Backend.dll" adapterTypeName="executor://xunit/VsTestRunner2/netcoreapp" className="Tests.Integration.Backend.Controllers.PeopleControllerTests" name="DELETE_People_Should_Return_403_For_Non_Admin_User" />
    </UnitTest>
    <UnitTest name="Tests.Integration.Backend.OutputCaching.CacheInvalidationTests.PutPerson_ShouldInvalidateBothEntityAndListCache" storage="/home/runner/work/crud/crud/test/tests.integration.backend/bin/release/net8.0/tests.integration.backend.dll" id="60d93c6a-68de-f18d-ead0-561ac4ded916">
      <Execution id="2ca8b347-2f66-4727-a815-b2c9635e9381" />
      <TestMethod codeBase="/home/runner/work/Crud/Crud/test/Tests.Integration.Backend/bin/Release/net8.0/Tests.Integration.Backend.dll" adapterTypeName="executor://xunit/VsTestRunner2/netcoreapp" className="Tests.Integration.Backend.OutputCaching.CacheInvalidationTests" name="PutPerson_ShouldInvalidateBothEntityAndListCache" />
    </UnitTest>
    <UnitTest name="Tests.Integration.Backend.Controllers.WallsControllerTests.POST_Walls_Should_Create_Wall_And_Return_201" storage="/home/runner/work/crud/crud/test/tests.integration.backend/bin/release/net8.0/tests.integration.backend.dll" id="f7bc3491-94dd-b6b9-3778-9c1a4322e7be">
      <Execution id="561d00b0-45fb-4955-9cfe-a051976cccbd" />
      <TestMethod codeBase="/home/runner/work/Crud/Crud/test/Tests.Integration.Backend/bin/Release/net8.0/Tests.Integration.Backend.dll" adapterTypeName="executor://xunit/VsTestRunner2/netcoreapp" className="Tests.Integration.Backend.Controllers.WallsControllerTests" name="POST_Walls_Should_Create_Wall_And_Return_201" />
    </UnitTest>
    <UnitTest name="Tests.Integration.Backend.E2E.AuthenticationE2ETests.Registration_Should_Validate_Email_Format" storage="/home/runner/work/crud/crud/test/tests.integration.backend/bin/release/net8.0/tests.integration.backend.dll" id="f63011fd-c6a3-fc9c-0ff5-216045de6e40">
      <Execution id="07d5393e-2e6e-4858-80f2-a1039c6bf741" />
      <TestMethod codeBase="/home/runner/work/Crud/Crud/test/Tests.Integration.Backend/bin/Release/net8.0/Tests.Integration.Backend.dll" adapterTypeName="executor://xunit/VsTestRunner2/netcoreapp" className="Tests.Integration.Backend.E2E.AuthenticationE2ETests" name="Registration_Should_Validate_Email_Format" />
    </UnitTest>
    <UnitTest name="Tests.Integration.Backend.OutputCaching.OutputCachingTests.GetEntityById_ShouldReturnConsistentResponses" storage="/home/runner/work/crud/crud/test/tests.integration.backend/bin/release/net8.0/tests.integration.backend.dll" id="cbf0626f-7167-adff-b20c-96cc3cdf6ce9">
      <Execution id="2246040a-ddac-4921-bc52-fed959b150dc" />
      <TestMethod codeBase="/home/runner/work/Crud/Crud/test/Tests.Integration.Backend/bin/Release/net8.0/Tests.Integration.Backend.dll" adapterTypeName="executor://xunit/VsTestRunner2/netcoreapp" className="Tests.Integration.Backend.OutputCaching.OutputCachingTests" name="GetEntityById_ShouldReturnConsistentResponses" />
    </UnitTest>
    <UnitTest name="Tests.Integration.Backend.Controllers.PeopleControllerTests.PUT_People_Should_Update_Person_Roles" storage="/home/runner/work/crud/crud/test/tests.integration.backend/bin/release/net8.0/tests.integration.backend.dll" id="01d0203b-7c6e-72b9-08eb-f1b3242c360c">
      <Execution id="6bab5afa-8e70-4086-bf3a-5a5ec7389a75" />
      <TestMethod codeBase="/home/runner/work/Crud/Crud/test/Tests.Integration.Backend/bin/Release/net8.0/Tests.Integration.Backend.dll" adapterTypeName="executor://xunit/VsTestRunner2/netcoreapp" className="Tests.Integration.Backend.Controllers.PeopleControllerTests" name="PUT_People_Should_Update_Person_Roles" />
    </UnitTest>
    <UnitTest name="Tests.Integration.Backend.Compression.StaticFileCompressionTests.HtmlFile_ShouldBeCompressed_WhenClientSupportsGzip" storage="/home/runner/work/crud/crud/test/tests.integration.backend/bin/release/net8.0/tests.integration.backend.dll" id="095ad9f7-04a5-8bcb-02fd-fdd6dab3a934">
      <Execution id="1cadd8f4-6514-4577-abd6-62452089fe4c" />
      <TestMethod codeBase="/home/runner/work/Crud/Crud/test/Tests.Integration.Backend/bin/Release/net8.0/Tests.Integration.Backend.dll" adapterTypeName="executor://xunit/VsTestRunner2/netcoreapp" className="Tests.Integration.Backend.Compression.StaticFileCompressionTests" name="HtmlFile_ShouldBeCompressed_WhenClientSupportsGzip" />
    </UnitTest>
    <UnitTest name="Tests.Integration.Backend.OutputCaching.CacheInvalidationTests.DeletePerson_ShouldInvalidateListCache" storage="/home/runner/work/crud/crud/test/tests.integration.backend/bin/release/net8.0/tests.integration.backend.dll" id="43b9d173-0889-c0cd-91e8-55b0783b32ae">
      <Execution id="b39777ba-0a6e-481d-b30e-2c94166460cd" />
      <TestMethod codeBase="/home/runner/work/Crud/Crud/test/Tests.Integration.Backend/bin/Release/net8.0/Tests.Integration.Backend.dll" adapterTypeName="executor://xunit/VsTestRunner2/netcoreapp" className="Tests.Integration.Backend.OutputCaching.CacheInvalidationTests" name="DeletePerson_ShouldInvalidateListCache" />
    </UnitTest>
    <UnitTest name="Tests.Integration.Backend.Compression.ResponseCompressionTests.JsonResponse_ShouldBeCompressed" storage="/home/runner/work/crud/crud/test/tests.integration.backend/bin/release/net8.0/tests.integration.backend.dll" id="437f9b9e-301b-15b7-f72b-040911d1fd97">
      <Execution id="bcd38f86-2d04-4801-932e-90f3327386cc" />
      <TestMethod codeBase="/home/runner/work/Crud/Crud/test/Tests.Integration.Backend/bin/Release/net8.0/Tests.Integration.Backend.dll" adapterTypeName="executor://xunit/VsTestRunner2/netcoreapp" className="Tests.Integration.Backend.Compression.ResponseCompressionTests" name="JsonResponse_ShouldBeCompressed" />
    </UnitTest>
    <UnitTest name="Tests.Integration.Backend.Controllers.WindowsControllerTests.POST_Window_Should_Handle_Optional_Fields" storage="/home/runner/work/crud/crud/test/tests.integration.backend/bin/release/net8.0/tests.integration.backend.dll" id="3c12eda2-b3ce-445c-ab96-ec2f1aa7f5f7">
      <Execution id="233cb739-8f02-40a3-8e69-d19386d1a304" />
      <TestMethod codeBase="/home/runner/work/Crud/Crud/test/Tests.Integration.Backend/bin/Release/net8.0/Tests.Integration.Backend.dll" adapterTypeName="executor://xunit/VsTestRunner2/netcoreapp" className="Tests.Integration.Backend.Controllers.WindowsControllerTests" name="POST_Window_Should_Handle_Optional_Fields" />
    </UnitTest>
    <UnitTest name="Tests.Integration.Backend.Infrastructure.GenericRepositoryIntegrationTests.IRepository_ShouldBeRegisteredInDIContainer" storage="/home/runner/work/crud/crud/test/tests.integration.backend/bin/release/net8.0/tests.integration.backend.dll" id="42775960-58e6-9486-14ff-996dea311598">
      <Execution id="3cc9ff88-636d-497c-84fc-4fda17870963" />
      <TestMethod codeBase="/home/runner/work/Crud/Crud/test/Tests.Integration.Backend/bin/Release/net8.0/Tests.Integration.Backend.dll" adapterTypeName="executor://xunit/VsTestRunner2/netcoreapp" className="Tests.Integration.Backend.Infrastructure.GenericRepositoryIntegrationTests" name="IRepository_ShouldBeRegisteredInDIContainer" />
    </UnitTest>
    <UnitTest name="Tests.Integration.Backend.OutputCaching.OutputCachingTests.GetRoles_ShouldReturnConsistentResponses" storage="/home/runner/work/crud/crud/test/tests.integration.backend/bin/release/net8.0/tests.integration.backend.dll" id="47bac687-f373-0ca2-6e08-37ce4bb5fb7e">
      <Execution id="6dabf1cf-e5cf-4375-82d7-42e46c1b3a35" />
      <TestMethod codeBase="/home/runner/work/Crud/Crud/test/Tests.Integration.Backend/bin/Release/net8.0/Tests.Integration.Backend.dll" adapterTypeName="executor://xunit/VsTestRunner2/netcoreapp" className="Tests.Integration.Backend.OutputCaching.OutputCachingTests" name="GetRoles_ShouldReturnConsistentResponses" />
    </UnitTest>
    <UnitTest name="Tests.Integration.Backend.OutputCaching.ConditionalRequestTests.CacheHeaders_ShouldBePresent_OnGetRequests" storage="/home/runner/work/crud/crud/test/tests.integration.backend/bin/release/net8.0/tests.integration.backend.dll" id="3c9c11b5-6967-f47a-cfd8-d22458fa9229">
      <Execution id="6088c17b-2136-4631-8f14-164a3a4512e8" />
      <TestMethod codeBase="/home/runner/work/Crud/Crud/test/Tests.Integration.Backend/bin/Release/net8.0/Tests.Integration.Backend.dll" adapterTypeName="executor://xunit/VsTestRunner2/netcoreapp" className="Tests.Integration.Backend.OutputCaching.ConditionalRequestTests" name="CacheHeaders_ShouldBePresent_OnGetRequests" />
    </UnitTest>
    <UnitTest name="Tests.Integration.Backend.Controllers.DatabaseControllerTests.GET_Database_ValidatePreTest_Should_Return_Validation_Result" storage="/home/runner/work/crud/crud/test/tests.integration.backend/bin/release/net8.0/tests.integration.backend.dll" id="d962a0d7-c5e8-e659-8957-69cdfae1f523">
      <Execution id="5415ea15-b0c9-4dbd-baf2-0a328d9fe2e0" />
      <TestMethod codeBase="/home/runner/work/Crud/Crud/test/Tests.Integration.Backend/bin/Release/net8.0/Tests.Integration.Backend.dll" adapterTypeName="executor://xunit/VsTestRunner2/netcoreapp" className="Tests.Integration.Backend.Controllers.DatabaseControllerTests" name="GET_Database_ValidatePreTest_Should_Return_Validation_Result" />
    </UnitTest>
    <UnitTest name="Tests.Integration.Backend.E2E.AuthenticationE2ETests.Registration_Should_Prevent_Duplicate_Emails" storage="/home/runner/work/crud/crud/test/tests.integration.backend/bin/release/net8.0/tests.integration.backend.dll" id="b7695dc8-52d4-1e66-b81e-a27de7f041fc">
      <Execution id="2aab4722-01d8-45c7-b1e2-03b01000623d" />
      <TestMethod codeBase="/home/runner/work/Crud/Crud/test/Tests.Integration.Backend/bin/Release/net8.0/Tests.Integration.Backend.dll" adapterTypeName="executor://xunit/VsTestRunner2/netcoreapp" className="Tests.Integration.Backend.E2E.AuthenticationE2ETests" name="Registration_Should_Prevent_Duplicate_Emails" />
    </UnitTest>
    <UnitTest name="Tests.Integration.Backend.Controllers.WallsControllerTests.PUT_Wall_Should_Return_404_When_Not_Exists" storage="/home/runner/work/crud/crud/test/tests.integration.backend/bin/release/net8.0/tests.integration.backend.dll" id="5128edc8-60ad-8628-2a75-9feb9f8f888b">
      <Execution id="6b179286-f9df-423b-95c0-24373ba01d0f" />
      <TestMethod codeBase="/home/runner/work/Crud/Crud/test/Tests.Integration.Backend/bin/Release/net8.0/Tests.Integration.Backend.dll" adapterTypeName="executor://xunit/VsTestRunner2/netcoreapp" className="Tests.Integration.Backend.Controllers.WallsControllerTests" name="PUT_Wall_Should_Return_404_When_Not_Exists" />
    </UnitTest>
    <UnitTest name="Tests.Integration.Backend.Controllers.PeopleControllerTests.GET_People_Should_Return_Empty_List_Initially" storage="/home/runner/work/crud/crud/test/tests.integration.backend/bin/release/net8.0/tests.integration.backend.dll" id="f746e85d-5530-5c7f-8b39-c9d23cfa24b9">
      <Execution id="05dbf04c-8ed4-4356-96e6-fa4aa784dd01" />
      <TestMethod codeBase="/home/runner/work/Crud/Crud/test/Tests.Integration.Backend/bin/Release/net8.0/Tests.Integration.Backend.dll" adapterTypeName="executor://xunit/VsTestRunner2/netcoreapp" className="Tests.Integration.Backend.Controllers.PeopleControllerTests" name="GET_People_Should_Return_Empty_List_Initially" />
    </UnitTest>
    <UnitTest name="Tests.Integration.Backend.Controllers.WallsControllerTests.GET_Wall_By_Id_Should_Return_404_When_Not_Exists" storage="/home/runner/work/crud/crud/test/tests.integration.backend/bin/release/net8.0/tests.integration.backend.dll" id="01f8b1a1-47e4-68c0-8cf3-4a745a731823">
      <Execution id="486fb12b-0b14-4170-bfa1-fec6ccf9e433" />
      <TestMethod codeBase="/home/runner/work/Crud/Crud/test/Tests.Integration.Backend/bin/Release/net8.0/Tests.Integration.Backend.dll" adapterTypeName="executor://xunit/VsTestRunner2/netcoreapp" className="Tests.Integration.Backend.Controllers.WallsControllerTests" name="GET_Wall_By_Id_Should_Return_404_When_Not_Exists" />
    </UnitTest>
    <UnitTest name="Tests.Integration.Backend.Controllers.WallsControllerTests.PUT_Wall_Should_Update_Existing_Wall" storage="/home/runner/work/crud/crud/test/tests.integration.backend/bin/release/net8.0/tests.integration.backend.dll" id="cca41772-191f-0a82-bb6f-ddd4fb32e2c7">
      <Execution id="2573abd9-7daa-4317-8109-d98f067a52bb" />
      <TestMethod codeBase="/home/runner/work/Crud/Crud/test/Tests.Integration.Backend/bin/Release/net8.0/Tests.Integration.Backend.dll" adapterTypeName="executor://xunit/VsTestRunner2/netcoreapp" className="Tests.Integration.Backend.Controllers.WallsControllerTests" name="PUT_Wall_Should_Update_Existing_Wall" />
    </UnitTest>
    <UnitTest name="Tests.Integration.Backend.E2E.AuthenticationE2ETests.Token_Should_Expire_And_Require_Refresh" storage="/home/runner/work/crud/crud/test/tests.integration.backend/bin/release/net8.0/tests.integration.backend.dll" id="a0e7a1c4-1639-53f1-ce02-5d2f760332a2">
      <Execution id="1d6f98c8-d3e6-4e07-bf0d-68855e13ee5f" />
      <TestMethod codeBase="/home/runner/work/Crud/Crud/test/Tests.Integration.Backend/bin/Release/net8.0/Tests.Integration.Backend.dll" adapterTypeName="executor://xunit/VsTestRunner2/netcoreapp" className="Tests.Integration.Backend.E2E.AuthenticationE2ETests" name="Token_Should_Expire_And_Require_Refresh" />
    </UnitTest>
    <UnitTest name="Tests.Integration.Backend.Controllers.PeopleControllerTests.GET_People_Should_Return_All_People" storage="/home/runner/work/crud/crud/test/tests.integration.backend/bin/release/net8.0/tests.integration.backend.dll" id="5b94e67b-8161-a4c1-a97f-c638ed8f05ba">
      <Execution id="1f65f0c2-2c07-4038-b5f4-2f2d665c0ad4" />
      <TestMethod codeBase="/home/runner/work/Crud/Crud/test/Tests.Integration.Backend/bin/Release/net8.0/Tests.Integration.Backend.dll" adapterTypeName="executor://xunit/VsTestRunner2/netcoreapp" className="Tests.Integration.Backend.Controllers.PeopleControllerTests" name="GET_People_Should_Return_All_People" />
    </UnitTest>
    <UnitTest name="Tests.Integration.Backend.Controllers.AuthControllerPasswordResetTests.POST_ForgotPassword_WithNonExistentEmail_Should_Return_Success" storage="/home/runner/work/crud/crud/test/tests.integration.backend/bin/release/net8.0/tests.integration.backend.dll" id="24b020ea-ff8d-51dc-4354-4d878d866f45">
      <Execution id="f6c22f68-25e6-42ae-8274-4c4d2243a8f4" />
      <TestMethod codeBase="/home/runner/work/Crud/Crud/test/Tests.Integration.Backend/bin/Release/net8.0/Tests.Integration.Backend.dll" adapterTypeName="executor://xunit/VsTestRunner2/netcoreapp" className="Tests.Integration.Backend.Controllers.AuthControllerPasswordResetTests" name="POST_ForgotPassword_WithNonExistentEmail_Should_Return_Success" />
    </UnitTest>
    <UnitTest name="Tests.Integration.Backend.OutputCaching.CacheInvalidationTests.PostRole_ShouldInvalidateRolesCache" storage="/home/runner/work/crud/crud/test/tests.integration.backend/bin/release/net8.0/tests.integration.backend.dll" id="f8a89fdf-3bc2-915a-c2bf-5b68e643a78c">
      <Execution id="3ffaa964-f1d9-4f05-a3d2-36bf607a9025" />
      <TestMethod codeBase="/home/runner/work/Crud/Crud/test/Tests.Integration.Backend/bin/Release/net8.0/Tests.Integration.Backend.dll" adapterTypeName="executor://xunit/VsTestRunner2/netcoreapp" className="Tests.Integration.Backend.OutputCaching.CacheInvalidationTests" name="PostRole_ShouldInvalidateRolesCache" />
    </UnitTest>
    <UnitTest name="Tests.Integration.Backend.Controllers.PeopleControllerTests.People_Should_Maintain_Role_Relationships" storage="/home/runner/work/crud/crud/test/tests.integration.backend/bin/release/net8.0/tests.integration.backend.dll" id="3a356b3b-e4e2-4f05-db20-65ad8602bd3c">
      <Execution id="e8e7e151-9dde-4361-8740-bd18daceb7dc" />
      <TestMethod codeBase="/home/runner/work/Crud/Crud/test/Tests.Integration.Backend/bin/Release/net8.0/Tests.Integration.Backend.dll" adapterTypeName="executor://xunit/VsTestRunner2/netcoreapp" className="Tests.Integration.Backend.Controllers.PeopleControllerTests" name="People_Should_Maintain_Role_Relationships" />
    </UnitTest>
    <UnitTest name="Tests.Integration.Backend.OutputCaching.OutputCachingConfigurationTests.OutputCachePolicies_ShouldHaveCorrectDurations(policyName: &quot;PeoplePolicy&quot;, expectedDurationSeconds: 300)" storage="/home/runner/work/crud/crud/test/tests.integration.backend/bin/release/net8.0/tests.integration.backend.dll" id="575d783b-dbc0-13f3-17de-767c6d0c6111">
      <Execution id="9fd56d96-2ea4-4c66-a177-585fec70c620" />
      <TestMethod codeBase="/home/runner/work/Crud/Crud/test/Tests.Integration.Backend/bin/Release/net8.0/Tests.Integration.Backend.dll" adapterTypeName="executor://xunit/VsTestRunner2/netcoreapp" className="Tests.Integration.Backend.OutputCaching.OutputCachingConfigurationTests" name="OutputCachePolicies_ShouldHaveCorrectDurations" />
    </UnitTest>
    <UnitTest name="Tests.Integration.Backend.Controllers.ApiHealthTests.All_Endpoints_Should_Support_Expected_HTTP_Methods(method: &quot;GET&quot;, endpoint: &quot;/api/people&quot;)" storage="/home/runner/work/crud/crud/test/tests.integration.backend/bin/release/net8.0/tests.integration.backend.dll" id="cf8a559d-45fb-9221-5781-06292f54735a">
      <Execution id="9f7012ec-cf0e-450a-9e39-f78d51291a62" />
      <TestMethod codeBase="/home/runner/work/Crud/Crud/test/Tests.Integration.Backend/bin/Release/net8.0/Tests.Integration.Backend.dll" adapterTypeName="executor://xunit/VsTestRunner2/netcoreapp" className="Tests.Integration.Backend.Controllers.ApiHealthTests" name="All_Endpoints_Should_Support_Expected_HTTP_Methods" />
    </UnitTest>
    <UnitTest name="Tests.Integration.Backend.OutputCaching.OutputCachingConfigurationTests.OutputCachePolicies_ShouldHaveCorrectDurations(policyName: &quot;WallsPolicy&quot;, expectedDurationSeconds: 600)" storage="/home/runner/work/crud/crud/test/tests.integration.backend/bin/release/net8.0/tests.integration.backend.dll" id="0dfe4e62-1a92-361e-05c3-42444e197ce6">
      <Execution id="858eb34a-e3bf-49f1-8bb2-cddf96f31850" />
      <TestMethod codeBase="/home/runner/work/Crud/Crud/test/Tests.Integration.Backend/bin/Release/net8.0/Tests.Integration.Backend.dll" adapterTypeName="executor://xunit/VsTestRunner2/netcoreapp" className="Tests.Integration.Backend.OutputCaching.OutputCachingConfigurationTests" name="OutputCachePolicies_ShouldHaveCorrectDurations" />
    </UnitTest>
    <UnitTest name="Tests.Integration.Backend.OutputCaching.OutputCachingConfigurationTests.OutputCachePolicies_ShouldHaveCorrectDurations(policyName: &quot;RolesPolicy&quot;, expectedDurationSeconds: 3600)" storage="/home/runner/work/crud/crud/test/tests.integration.backend/bin/release/net8.0/tests.integration.backend.dll" id="d52400d3-aadd-aa81-a16e-1863a2b50655">
      <Execution id="b755af32-7b33-4868-becc-a0b9e76fbb8d" />
      <TestMethod codeBase="/home/runner/work/Crud/Crud/test/Tests.Integration.Backend/bin/Release/net8.0/Tests.Integration.Backend.dll" adapterTypeName="executor://xunit/VsTestRunner2/netcoreapp" className="Tests.Integration.Backend.OutputCaching.OutputCachingConfigurationTests" name="OutputCachePolicies_ShouldHaveCorrectDurations" />
    </UnitTest>
    <UnitTest name="Tests.Integration.Backend.Controllers.WallsControllerTests.GET_Walls_Should_Return_Empty_List_Initially" storage="/home/runner/work/crud/crud/test/tests.integration.backend/bin/release/net8.0/tests.integration.backend.dll" id="696a1e18-7066-ca21-55a7-645fa8e1a26a">
      <Execution id="9b398075-5ffd-423e-ad52-296aa187f737" />
      <TestMethod codeBase="/home/runner/work/Crud/Crud/test/Tests.Integration.Backend/bin/Release/net8.0/Tests.Integration.Backend.dll" adapterTypeName="executor://xunit/VsTestRunner2/netcoreapp" className="Tests.Integration.Backend.Controllers.WallsControllerTests" name="GET_Walls_Should_Return_Empty_List_Initially" />
    </UnitTest>
    <UnitTest name="Tests.Integration.Backend.Controllers.RolesControllerTests.PUT_Role_Should_Return_404_When_Not_Exists" storage="/home/runner/work/crud/crud/test/tests.integration.backend/bin/release/net8.0/tests.integration.backend.dll" id="9624bd8d-101a-a0f9-4e88-2b9292a1caad">
      <Execution id="3430f6a7-5fd8-4a96-8f40-2c4977d944a2" />
      <TestMethod codeBase="/home/runner/work/Crud/Crud/test/Tests.Integration.Backend/bin/Release/net8.0/Tests.Integration.Backend.dll" adapterTypeName="executor://xunit/VsTestRunner2/netcoreapp" className="Tests.Integration.Backend.Controllers.RolesControllerTests" name="PUT_Role_Should_Return_404_When_Not_Exists" />
    </UnitTest>
    <UnitTest name="Tests.Integration.Backend.OutputCaching.ConditionalRequestTests.GetRequest_WithIfNoneMatch_ShouldReturn304_WhenETagMatches" storage="/home/runner/work/crud/crud/test/tests.integration.backend/bin/release/net8.0/tests.integration.backend.dll" id="3a855c55-b695-d057-ad6f-34eef0eb2eae">
      <Execution id="dd3b066b-b63d-4d1a-9597-e0d50977a606" />
      <TestMethod codeBase="/home/runner/work/Crud/Crud/test/Tests.Integration.Backend/bin/Release/net8.0/Tests.Integration.Backend.dll" adapterTypeName="executor://xunit/VsTestRunner2/netcoreapp" className="Tests.Integration.Backend.OutputCaching.ConditionalRequestTests" name="GetRequest_WithIfNoneMatch_ShouldReturn304_WhenETagMatches" />
    </UnitTest>
    <UnitTest name="Tests.Integration.Backend.Controllers.PeopleControllerTests.POST_People_Should_Return_401_Without_Authentication" storage="/home/runner/work/crud/crud/test/tests.integration.backend/bin/release/net8.0/tests.integration.backend.dll" id="60a682be-767f-9c17-a43b-33d1adbef252">
      <Execution id="4bb7a2d0-0793-4556-abbd-7ef7aa9b2bf7" />
      <TestMethod codeBase="/home/runner/work/Crud/Crud/test/Tests.Integration.Backend/bin/Release/net8.0/Tests.Integration.Backend.dll" adapterTypeName="executor://xunit/VsTestRunner2/netcoreapp" className="Tests.Integration.Backend.Controllers.PeopleControllerTests" name="POST_People_Should_Return_401_Without_Authentication" />
    </UnitTest>
    <UnitTest name="Tests.Integration.Backend.OutputCaching.OutputCachingConfigurationTests.OutputCaching_ShouldUseRedisWhenConfigured" storage="/home/runner/work/crud/crud/test/tests.integration.backend/bin/release/net8.0/tests.integration.backend.dll" id="a46a2a4d-c658-0cec-efdf-8b3a220df306">
      <Execution id="a1d12234-f731-4d61-93f1-874f2d4f2742" />
      <TestMethod codeBase="/home/runner/work/Crud/Crud/test/Tests.Integration.Backend/bin/Release/net8.0/Tests.Integration.Backend.dll" adapterTypeName="executor://xunit/VsTestRunner2/netcoreapp" className="Tests.Integration.Backend.OutputCaching.OutputCachingConfigurationTests" name="OutputCaching_ShouldUseRedisWhenConfigured" />
    </UnitTest>
    <UnitTest name="Tests.Integration.Backend.Controllers.AuthControllerTests.POST_Register_Should_Return_BadRequest_For_Existing_Email" storage="/home/runner/work/crud/crud/test/tests.integration.backend/bin/release/net8.0/tests.integration.backend.dll" id="3ff5fdb0-8488-3e48-6905-fa8bdf7eaa4c">
      <Execution id="1b2610a2-54c7-4220-b333-7e318669fa23" />
      <TestMethod codeBase="/home/runner/work/Crud/Crud/test/Tests.Integration.Backend/bin/Release/net8.0/Tests.Integration.Backend.dll" adapterTypeName="executor://xunit/VsTestRunner2/netcoreapp" className="Tests.Integration.Backend.Controllers.AuthControllerTests" name="POST_Register_Should_Return_BadRequest_For_Existing_Email" />
    </UnitTest>
    <UnitTest name="Tests.Integration.Backend.OutputCaching.OutputCachingConfigurationTests.OutputCachePolicies_ShouldHaveCorrectDurations(policyName: &quot;WindowsPolicy&quot;, expectedDurationSeconds: 600)" storage="/home/runner/work/crud/crud/test/tests.integration.backend/bin/release/net8.0/tests.integration.backend.dll" id="74823db9-4157-34a3-9710-5272b5fb4159">
      <Execution id="6db9c29e-8702-41a4-bf78-c47a994d706d" />
      <TestMethod codeBase="/home/runner/work/Crud/Crud/test/Tests.Integration.Backend/bin/Release/net8.0/Tests.Integration.Backend.dll" adapterTypeName="executor://xunit/VsTestRunner2/netcoreapp" className="Tests.Integration.Backend.OutputCaching.OutputCachingConfigurationTests" name="OutputCachePolicies_ShouldHaveCorrectDurations" />
    </UnitTest>
    <UnitTest name="Tests.Integration.Backend.Controllers.ApiHealthTests.All_Controllers_Should_Be_Accessible(endpoint: &quot;/api/roles&quot;)" storage="/home/runner/work/crud/crud/test/tests.integration.backend/bin/release/net8.0/tests.integration.backend.dll" id="187ff446-ae11-3e2e-df34-66d33f545ac9">
      <Execution id="b1b1c006-a638-42e1-a060-c9f8a572cc06" />
      <TestMethod codeBase="/home/runner/work/Crud/Crud/test/Tests.Integration.Backend/bin/Release/net8.0/Tests.Integration.Backend.dll" adapterTypeName="executor://xunit/VsTestRunner2/netcoreapp" className="Tests.Integration.Backend.Controllers.ApiHealthTests" name="All_Controllers_Should_Be_Accessible" />
    </UnitTest>
    <UnitTest name="Tests.Integration.Backend.Controllers.AuthControllerTests.POST_Login_Should_Return_BadRequest_For_Invalid_Email_Format" storage="/home/runner/work/crud/crud/test/tests.integration.backend/bin/release/net8.0/tests.integration.backend.dll" id="cc336df8-b701-eea1-c754-b46ee3091b03">
      <Execution id="880d3c2a-652e-4d4f-abfc-1ff62dfbb8d5" />
      <TestMethod codeBase="/home/runner/work/Crud/Crud/test/Tests.Integration.Backend/bin/Release/net8.0/Tests.Integration.Backend.dll" adapterTypeName="executor://xunit/VsTestRunner2/netcoreapp" className="Tests.Integration.Backend.Controllers.AuthControllerTests" name="POST_Login_Should_Return_BadRequest_For_Invalid_Email_Format" />
    </UnitTest>
    <UnitTest name="Tests.Integration.Backend.Controllers.ApiHealthTests.All_Endpoints_Should_Support_Expected_HTTP_Methods(method: &quot;POST&quot;, endpoint: &quot;/api/roles&quot;)" storage="/home/runner/work/crud/crud/test/tests.integration.backend/bin/release/net8.0/tests.integration.backend.dll" id="98463f55-b92d-02fc-1e9d-e879206d0dbe">
      <Execution id="3d80e4cf-9bcd-4ef6-980e-5a092ec6ca8e" />
      <TestMethod codeBase="/home/runner/work/Crud/Crud/test/Tests.Integration.Backend/bin/Release/net8.0/Tests.Integration.Backend.dll" adapterTypeName="executor://xunit/VsTestRunner2/netcoreapp" className="Tests.Integration.Backend.Controllers.ApiHealthTests" name="All_Endpoints_Should_Support_Expected_HTTP_Methods" />
    </UnitTest>
    <UnitTest name="Tests.Integration.Backend.Controllers.ApiHealthTests.All_Endpoints_Should_Support_Expected_HTTP_Methods(method: &quot;POST&quot;, endpoint: &quot;/api/people&quot;)" storage="/home/runner/work/crud/crud/test/tests.integration.backend/bin/release/net8.0/tests.integration.backend.dll" id="d513fe07-1dc8-1c74-2c21-98142b85dcfb">
      <Execution id="612a438b-c69c-4839-94c1-92b1dc8cf4d8" />
      <TestMethod codeBase="/home/runner/work/Crud/Crud/test/Tests.Integration.Backend/bin/Release/net8.0/Tests.Integration.Backend.dll" adapterTypeName="executor://xunit/VsTestRunner2/netcoreapp" className="Tests.Integration.Backend.Controllers.ApiHealthTests" name="All_Endpoints_Should_Support_Expected_HTTP_Methods" />
    </UnitTest>
    <UnitTest name="Tests.Integration.Backend.Controllers.WindowsControllerTests.POST_Windows_Should_Validate_Numeric_Ranges" storage="/home/runner/work/crud/crud/test/tests.integration.backend/bin/release/net8.0/tests.integration.backend.dll" id="9f4c88b5-75b1-89cf-0e7e-8e0e67eff9e0">
      <Execution id="fbaceed8-dff9-4293-b377-67d05cf66d73" />
      <TestMethod codeBase="/home/runner/work/Crud/Crud/test/Tests.Integration.Backend/bin/Release/net8.0/Tests.Integration.Backend.dll" adapterTypeName="executor://xunit/VsTestRunner2/netcoreapp" className="Tests.Integration.Backend.Controllers.WindowsControllerTests" name="POST_Windows_Should_Validate_Numeric_Ranges" />
    </UnitTest>
    <UnitTest name="Tests.Integration.Backend.E2E.AuthenticationE2ETests.Registration_Should_Validate_Password_Complexity" storage="/home/runner/work/crud/crud/test/tests.integration.backend/bin/release/net8.0/tests.integration.backend.dll" id="410da1bb-0033-e445-230e-baa696a924ac">
      <Execution id="c4c4903c-5b8c-4d04-8f20-86f751bd3469" />
      <TestMethod codeBase="/home/runner/work/Crud/Crud/test/Tests.Integration.Backend/bin/Release/net8.0/Tests.Integration.Backend.dll" adapterTypeName="executor://xunit/VsTestRunner2/netcoreapp" className="Tests.Integration.Backend.E2E.AuthenticationE2ETests" name="Registration_Should_Validate_Password_Complexity" />
    </UnitTest>
    <UnitTest name="Tests.Integration.Backend.Controllers.AuthControllerTests.POST_Login_Should_Return_Unauthorized_For_Invalid_Credentials" storage="/home/runner/work/crud/crud/test/tests.integration.backend/bin/release/net8.0/tests.integration.backend.dll" id="d43526e9-cec8-6f67-27fe-2d630de644f9">
      <Execution id="e77a05d3-f1ec-430f-ad42-59d8f21a557a" />
      <TestMethod codeBase="/home/runner/work/Crud/Crud/test/Tests.Integration.Backend/bin/Release/net8.0/Tests.Integration.Backend.dll" adapterTypeName="executor://xunit/VsTestRunner2/netcoreapp" className="Tests.Integration.Backend.Controllers.AuthControllerTests" name="POST_Login_Should_Return_Unauthorized_For_Invalid_Credentials" />
    </UnitTest>
    <UnitTest name="Tests.Integration.Backend.Controllers.PeopleControllerTests.POST_People_Should_Create_Person_And_Return_201" storage="/home/runner/work/crud/crud/test/tests.integration.backend/bin/release/net8.0/tests.integration.backend.dll" id="2e2345f0-0d5a-ea86-479d-222f77025a6a">
      <Execution id="81e6d3c9-50ef-408f-b4d4-3bdabcd4a5b4" />
      <TestMethod codeBase="/home/runner/work/Crud/Crud/test/Tests.Integration.Backend/bin/Release/net8.0/Tests.Integration.Backend.dll" adapterTypeName="executor://xunit/VsTestRunner2/netcoreapp" className="Tests.Integration.Backend.Controllers.PeopleControllerTests" name="POST_People_Should_Create_Person_And_Return_201" />
    </UnitTest>
    <UnitTest name="Tests.Integration.Backend.Compression.StaticFileCompressionTests.CompressedStaticFiles_ShouldBeSmallerThanUncompressed" storage="/home/runner/work/crud/crud/test/tests.integration.backend/bin/release/net8.0/tests.integration.backend.dll" id="06592b62-9486-dc14-09e9-81aa1f2eb0eb">
      <Execution id="d80324fa-704e-4310-bfaf-2310b555695a" />
      <TestMethod codeBase="/home/runner/work/Crud/Crud/test/Tests.Integration.Backend/bin/Release/net8.0/Tests.Integration.Backend.dll" adapterTypeName="executor://xunit/VsTestRunner2/netcoreapp" className="Tests.Integration.Backend.Compression.StaticFileCompressionTests" name="CompressedStaticFiles_ShouldBeSmallerThanUncompressed" />
    </UnitTest>
    <UnitTest name="Tests.Integration.Backend.Compression.StaticFileCompressionTests.JsFile_ShouldBeCompressed_WhenClientSupportsBrotli" storage="/home/runner/work/crud/crud/test/tests.integration.backend/bin/release/net8.0/tests.integration.backend.dll" id="1c428206-078b-ef8a-981a-72b75853f6ff">
      <Execution id="4ce0d067-ee92-480e-a996-5bd7c51e82d4" />
      <TestMethod codeBase="/home/runner/work/Crud/Crud/test/Tests.Integration.Backend/bin/Release/net8.0/Tests.Integration.Backend.dll" adapterTypeName="executor://xunit/VsTestRunner2/netcoreapp" className="Tests.Integration.Backend.Compression.StaticFileCompressionTests" name="JsFile_ShouldBeCompressed_WhenClientSupportsBrotli" />
    </UnitTest>
    <UnitTest name="Tests.Integration.Backend.E2E.AuthenticationE2ETests.Protected_Endpoint_Should_Require_Authentication" storage="/home/runner/work/crud/crud/test/tests.integration.backend/bin/release/net8.0/tests.integration.backend.dll" id="c1e9fd41-ccc9-89c1-34d7-2e348277c312">
      <Execution id="1739b81d-7fa3-47ee-943d-dbeca2f568b0" />
      <TestMethod codeBase="/home/runner/work/Crud/Crud/test/Tests.Integration.Backend/bin/Release/net8.0/Tests.Integration.Backend.dll" adapterTypeName="executor://xunit/VsTestRunner2/netcoreapp" className="Tests.Integration.Backend.E2E.AuthenticationE2ETests" name="Protected_Endpoint_Should_Require_Authentication" />
    </UnitTest>
    <UnitTest name="Tests.Integration.Backend.Controllers.WindowsControllerTests.Windows_Should_Persist_Timestamps_Correctly" storage="/home/runner/work/crud/crud/test/tests.integration.backend/bin/release/net8.0/tests.integration.backend.dll" id="8b7765b0-2273-0340-cca9-006e0a342472">
      <Execution id="076df0a5-698d-43fc-8bd7-5b5aa67cee0a" />
      <TestMethod codeBase="/home/runner/work/Crud/Crud/test/Tests.Integration.Backend/bin/Release/net8.0/Tests.Integration.Backend.dll" adapterTypeName="executor://xunit/VsTestRunner2/netcoreapp" className="Tests.Integration.Backend.Controllers.WindowsControllerTests" name="Windows_Should_Persist_Timestamps_Correctly" />
    </UnitTest>
    <UnitTest name="Tests.Integration.Backend.Controllers.PeopleControllerTests.POST_People_Should_Allow_Empty_Phone_Number" storage="/home/runner/work/crud/crud/test/tests.integration.backend/bin/release/net8.0/tests.integration.backend.dll" id="bc4ebe26-634c-986e-8a8c-e92c2437e06a">
      <Execution id="119a8461-f8d3-4cf1-bd13-ec0d53ba1ee0" />
      <TestMethod codeBase="/home/runner/work/Crud/Crud/test/Tests.Integration.Backend/bin/Release/net8.0/Tests.Integration.Backend.dll" adapterTypeName="executor://xunit/VsTestRunner2/netcoreapp" className="Tests.Integration.Backend.Controllers.PeopleControllerTests" name="POST_People_Should_Allow_Empty_Phone_Number" />
    </UnitTest>
    <UnitTest name="Tests.Integration.Backend.Controllers.PeopleControllerTests.POST_People_Should_Return_400_For_Invalid_Request" storage="/home/runner/work/crud/crud/test/tests.integration.backend/bin/release/net8.0/tests.integration.backend.dll" id="4ca138d0-3af0-bb0b-3bfb-df9507be5ed5">
      <Execution id="13f6ed2e-7de3-4acf-b034-46c289b7e09d" />
      <TestMethod codeBase="/home/runner/work/Crud/Crud/test/Tests.Integration.Backend/bin/Release/net8.0/Tests.Integration.Backend.dll" adapterTypeName="executor://xunit/VsTestRunner2/netcoreapp" className="Tests.Integration.Backend.Controllers.PeopleControllerTests" name="POST_People_Should_Return_400_For_Invalid_Request" />
    </UnitTest>
    <UnitTest name="Tests.Integration.Backend.Controllers.PeopleControllerTests.POST_People_Should_Return_403_For_Non_Admin_User" storage="/home/runner/work/crud/crud/test/tests.integration.backend/bin/release/net8.0/tests.integration.backend.dll" id="41853896-8f31-97ce-b78f-41cf4c24e045">
      <Execution id="b3e55dca-94ed-4db3-806b-95414c9cbaeb" />
      <TestMethod codeBase="/home/runner/work/Crud/Crud/test/Tests.Integration.Backend/bin/Release/net8.0/Tests.Integration.Backend.dll" adapterTypeName="executor://xunit/VsTestRunner2/netcoreapp" className="Tests.Integration.Backend.Controllers.PeopleControllerTests" name="POST_People_Should_Return_403_For_Non_Admin_User" />
    </UnitTest>
    <UnitTest name="Tests.Integration.Backend.Controllers.ApiHealthTests.All_Endpoints_Should_Support_Expected_HTTP_Methods(method: &quot;GET&quot;, endpoint: &quot;/api/walls&quot;)" storage="/home/runner/work/crud/crud/test/tests.integration.backend/bin/release/net8.0/tests.integration.backend.dll" id="d818e0b1-081a-89e5-4910-f245961c9079">
      <Execution id="25c9731c-7eec-415f-b08b-0e2d34f1b55b" />
      <TestMethod codeBase="/home/runner/work/Crud/Crud/test/Tests.Integration.Backend/bin/Release/net8.0/Tests.Integration.Backend.dll" adapterTypeName="executor://xunit/VsTestRunner2/netcoreapp" className="Tests.Integration.Backend.Controllers.ApiHealthTests" name="All_Endpoints_Should_Support_Expected_HTTP_Methods" />
    </UnitTest>
    <UnitTest name="Tests.Integration.Backend.Controllers.AuthControllerPasswordResetTests.POST_ResetPassword_WithValidToken_Should_Reset_Password_Successfully" storage="/home/runner/work/crud/crud/test/tests.integration.backend/bin/release/net8.0/tests.integration.backend.dll" id="25c388e9-4416-bcb2-f5bb-f92fe28b725a">
      <Execution id="0745efcb-c20c-4a39-b569-2b5039e2edf9" />
      <TestMethod codeBase="/home/runner/work/Crud/Crud/test/Tests.Integration.Backend/bin/Release/net8.0/Tests.Integration.Backend.dll" adapterTypeName="executor://xunit/VsTestRunner2/netcoreapp" className="Tests.Integration.Backend.Controllers.AuthControllerPasswordResetTests" name="POST_ResetPassword_WithValidToken_Should_Reset_Password_Successfully" />
    </UnitTest>
    <UnitTest name="Tests.Integration.Backend.Controllers.WindowsControllerTests.PUT_Window_Should_Update_Existing_Window" storage="/home/runner/work/crud/crud/test/tests.integration.backend/bin/release/net8.0/tests.integration.backend.dll" id="7bc10e4f-5a04-518e-0136-35873081b204">
      <Execution id="de707768-76c2-4187-bd5e-2d61362cff18" />
      <TestMethod codeBase="/home/runner/work/Crud/Crud/test/Tests.Integration.Backend/bin/Release/net8.0/Tests.Integration.Backend.dll" adapterTypeName="executor://xunit/VsTestRunner2/netcoreapp" className="Tests.Integration.Backend.Controllers.WindowsControllerTests" name="PUT_Window_Should_Update_Existing_Window" />
    </UnitTest>
    <UnitTest name="Tests.Integration.Backend.Controllers.WallsControllerTests.POST_Wall_Should_Handle_Optional_Fields" storage="/home/runner/work/crud/crud/test/tests.integration.backend/bin/release/net8.0/tests.integration.backend.dll" id="34d6d731-abe6-2c2d-f525-44f047db1777">
      <Execution id="c48d350a-d872-4346-85a6-74c7fd92599b" />
      <TestMethod codeBase="/home/runner/work/Crud/Crud/test/Tests.Integration.Backend/bin/Release/net8.0/Tests.Integration.Backend.dll" adapterTypeName="executor://xunit/VsTestRunner2/netcoreapp" className="Tests.Integration.Backend.Controllers.WallsControllerTests" name="POST_Wall_Should_Handle_Optional_Fields" />
    </UnitTest>
    <UnitTest name="Tests.Integration.Backend.Controllers.PeopleControllerTests.PUT_People_Should_Update_Person" storage="/home/runner/work/crud/crud/test/tests.integration.backend/bin/release/net8.0/tests.integration.backend.dll" id="20da3b3a-c531-7fe5-3776-1e7b0c6c1d26">
      <Execution id="0e08aa66-1773-4153-bf73-e7f99d290c6d" />
      <TestMethod codeBase="/home/runner/work/Crud/Crud/test/Tests.Integration.Backend/bin/Release/net8.0/Tests.Integration.Backend.dll" adapterTypeName="executor://xunit/VsTestRunner2/netcoreapp" className="Tests.Integration.Backend.Controllers.PeopleControllerTests" name="PUT_People_Should_Update_Person" />
    </UnitTest>
    <UnitTest name="Tests.Integration.Backend.OutputCaching.ConditionalRequestTests.GetRequest_WithIfNoneMatch_ShouldReturn200_WhenETagDoesNotMatch" storage="/home/runner/work/crud/crud/test/tests.integration.backend/bin/release/net8.0/tests.integration.backend.dll" id="3f2238c8-a9eb-4aa1-b9fa-c736db0a92cb">
      <Execution id="9d6953ad-b4c8-4c9d-8066-938aae5969eb" />
      <TestMethod codeBase="/home/runner/work/Crud/Crud/test/Tests.Integration.Backend/bin/Release/net8.0/Tests.Integration.Backend.dll" adapterTypeName="executor://xunit/VsTestRunner2/netcoreapp" className="Tests.Integration.Backend.OutputCaching.ConditionalRequestTests" name="GetRequest_WithIfNoneMatch_ShouldReturn200_WhenETagDoesNotMatch" />
    </UnitTest>
    <UnitTest name="Tests.Integration.Backend.Controllers.ApiHealthTests.All_Controllers_Should_Be_Accessible(endpoint: &quot;/api/walls&quot;)" storage="/home/runner/work/crud/crud/test/tests.integration.backend/bin/release/net8.0/tests.integration.backend.dll" id="8231f168-9927-9d00-f91d-f5006f875a5b">
      <Execution id="0154a663-6251-4302-aec0-164db37c29f4" />
      <TestMethod codeBase="/home/runner/work/Crud/Crud/test/Tests.Integration.Backend/bin/Release/net8.0/Tests.Integration.Backend.dll" adapterTypeName="executor://xunit/VsTestRunner2/netcoreapp" className="Tests.Integration.Backend.Controllers.ApiHealthTests" name="All_Controllers_Should_Be_Accessible" />
    </UnitTest>
    <UnitTest name="Tests.Integration.Backend.Infrastructure.GenericRepositoryIntegrationTests.GenericRepository_ShouldWorkAlongsideCustomRepositories" storage="/home/runner/work/crud/crud/test/tests.integration.backend/bin/release/net8.0/tests.integration.backend.dll" id="76f204dd-32a0-ce3a-8917-3041e6ffb334">
      <Execution id="2da4bb29-35c4-4670-a24a-2891cc4b7aea" />
      <TestMethod codeBase="/home/runner/work/Crud/Crud/test/Tests.Integration.Backend/bin/Release/net8.0/Tests.Integration.Backend.dll" adapterTypeName="executor://xunit/VsTestRunner2/netcoreapp" className="Tests.Integration.Backend.Infrastructure.GenericRepositoryIntegrationTests" name="GenericRepository_ShouldWorkAlongsideCustomRepositories" />
    </UnitTest>
    <UnitTest name="Tests.Integration.Backend.Controllers.RolesControllerTests.GET_Role_By_Id_Should_Return_404_When_Not_Exists" storage="/home/runner/work/crud/crud/test/tests.integration.backend/bin/release/net8.0/tests.integration.backend.dll" id="29ba8dce-52f9-1a09-beb5-2c73bb03e4dd">
      <Execution id="bc04b895-ffdd-4ece-b906-2d792b57e4d1" />
      <TestMethod codeBase="/home/runner/work/Crud/Crud/test/Tests.Integration.Backend/bin/Release/net8.0/Tests.Integration.Backend.dll" adapterTypeName="executor://xunit/VsTestRunner2/netcoreapp" className="Tests.Integration.Backend.Controllers.RolesControllerTests" name="GET_Role_By_Id_Should_Return_404_When_Not_Exists" />
    </UnitTest>
    <UnitTest name="Tests.Integration.Backend.Controllers.AuthControllerPasswordResetTests.POST_ForgotPassword_WithInvalidEmail_Should_Return_BadRequest" storage="/home/runner/work/crud/crud/test/tests.integration.backend/bin/release/net8.0/tests.integration.backend.dll" id="8e410b3f-ed9f-5189-87a9-0a81e42ccd93">
      <Execution id="54bb7b0a-edda-494b-be79-00391c2c3380" />
      <TestMethod codeBase="/home/runner/work/Crud/Crud/test/Tests.Integration.Backend/bin/Release/net8.0/Tests.Integration.Backend.dll" adapterTypeName="executor://xunit/VsTestRunner2/netcoreapp" className="Tests.Integration.Backend.Controllers.AuthControllerPasswordResetTests" name="POST_ForgotPassword_WithInvalidEmail_Should_Return_BadRequest" />
    </UnitTest>
    <UnitTest name="Tests.Integration.Backend.Controllers.PeopleControllerTests.POST_People_Should_Create_Person_With_Roles" storage="/home/runner/work/crud/crud/test/tests.integration.backend/bin/release/net8.0/tests.integration.backend.dll" id="cce4bcb7-a8a4-30d2-f887-eca92f2b74be">
      <Execution id="d7c8037a-2d22-4842-a4f7-14ff274d628a" />
      <TestMethod codeBase="/home/runner/work/Crud/Crud/test/Tests.Integration.Backend/bin/Release/net8.0/Tests.Integration.Backend.dll" adapterTypeName="executor://xunit/VsTestRunner2/netcoreapp" className="Tests.Integration.Backend.Controllers.PeopleControllerTests" name="POST_People_Should_Create_Person_With_Roles" />
    </UnitTest>
    <UnitTest name="Tests.Integration.Backend.Controllers.WindowsControllerTests.Windows_Should_Handle_Boolean_Properties_Correctly" storage="/home/runner/work/crud/crud/test/tests.integration.backend/bin/release/net8.0/tests.integration.backend.dll" id="89abbdd3-2d4a-032e-64a6-9a76add4cdf5">
      <Execution id="134883c5-8daf-4beb-876b-c1ea2be93543" />
      <TestMethod codeBase="/home/runner/work/Crud/Crud/test/Tests.Integration.Backend/bin/Release/net8.0/Tests.Integration.Backend.dll" adapterTypeName="executor://xunit/VsTestRunner2/netcoreapp" className="Tests.Integration.Backend.Controllers.WindowsControllerTests" name="Windows_Should_Handle_Boolean_Properties_Correctly" />
    </UnitTest>
    <UnitTest name="Tests.Integration.Backend.Controllers.WallsControllerTests.GET_Wall_By_Id_Should_Return_Wall_When_Exists" storage="/home/runner/work/crud/crud/test/tests.integration.backend/bin/release/net8.0/tests.integration.backend.dll" id="f06ae6c9-50ad-cafd-2eae-e83fde29317d">
      <Execution id="37153b15-c4d0-43b7-937d-80ab7ce4ba1e" />
      <TestMethod codeBase="/home/runner/work/Crud/Crud/test/Tests.Integration.Backend/bin/Release/net8.0/Tests.Integration.Backend.dll" adapterTypeName="executor://xunit/VsTestRunner2/netcoreapp" className="Tests.Integration.Backend.Controllers.WallsControllerTests" name="GET_Wall_By_Id_Should_Return_Wall_When_Exists" />
    </UnitTest>
    <UnitTest name="Tests.Integration.Backend.Compression.StaticFileCompressionTests.UncompressedStaticFiles_ShouldNotHaveCompressionHeaders" storage="/home/runner/work/crud/crud/test/tests.integration.backend/bin/release/net8.0/tests.integration.backend.dll" id="5ba1ea2b-a035-33f8-2d26-2c5753c3433e">
      <Execution id="d9b5ed5b-2439-44a1-b150-dc26610b7168" />
      <TestMethod codeBase="/home/runner/work/Crud/Crud/test/Tests.Integration.Backend/bin/Release/net8.0/Tests.Integration.Backend.dll" adapterTypeName="executor://xunit/VsTestRunner2/netcoreapp" className="Tests.Integration.Backend.Compression.StaticFileCompressionTests" name="UncompressedStaticFiles_ShouldNotHaveCompressionHeaders" />
    </UnitTest>
    <UnitTest name="Tests.Integration.Backend.OutputCaching.ConditionalRequestTests.GetRequest_WithIfModifiedSince_ShouldReturn200_WhenModified" storage="/home/runner/work/crud/crud/test/tests.integration.backend/bin/release/net8.0/tests.integration.backend.dll" id="0853ac09-c300-33d5-e3a7-a607360126ba">
      <Execution id="f6d6d0d5-4407-448e-8081-66169ed5833e" />
      <TestMethod codeBase="/home/runner/work/Crud/Crud/test/Tests.Integration.Backend/bin/Release/net8.0/Tests.Integration.Backend.dll" adapterTypeName="executor://xunit/VsTestRunner2/netcoreapp" className="Tests.Integration.Backend.OutputCaching.ConditionalRequestTests" name="GetRequest_WithIfModifiedSince_ShouldReturn200_WhenModified" />
    </UnitTest>
    <UnitTest name="Tests.Integration.Backend.Controllers.RolesControllerTests.GET_Roles_Should_Return_All_Roles" storage="/home/runner/work/crud/crud/test/tests.integration.backend/bin/release/net8.0/tests.integration.backend.dll" id="33b821d5-726b-640c-d1cd-04721e7e48d9">
      <Execution id="2ad43815-dfe9-4bed-8f46-38b8949b9992" />
      <TestMethod codeBase="/home/runner/work/Crud/Crud/test/Tests.Integration.Backend/bin/Release/net8.0/Tests.Integration.Backend.dll" adapterTypeName="executor://xunit/VsTestRunner2/netcoreapp" className="Tests.Integration.Backend.Controllers.RolesControllerTests" name="GET_Roles_Should_Return_All_Roles" />
    </UnitTest>
    <UnitTest name="Tests.Integration.Backend.Controllers.ApiHealthTests.API_Should_Handle_Invalid_Routes" storage="/home/runner/work/crud/crud/test/tests.integration.backend/bin/release/net8.0/tests.integration.backend.dll" id="f7ccf265-e80b-872a-2ee9-60a9a3351b24">
      <Execution id="a3bacc44-55c9-4ed9-bf04-7ce1f35e1d41" />
      <TestMethod codeBase="/home/runner/work/Crud/Crud/test/Tests.Integration.Backend/bin/Release/net8.0/Tests.Integration.Backend.dll" adapterTypeName="executor://xunit/VsTestRunner2/netcoreapp" className="Tests.Integration.Backend.Controllers.ApiHealthTests" name="API_Should_Handle_Invalid_Routes" />
    </UnitTest>
    <UnitTest name="Tests.Integration.Backend.Controllers.RolesControllerTests.PUT_Role_Should_Update_Existing_Role" storage="/home/runner/work/crud/crud/test/tests.integration.backend/bin/release/net8.0/tests.integration.backend.dll" id="9525fcd3-b949-7544-779c-3d3500ebec99">
      <Execution id="04a4a2bc-1793-42cf-abdf-8a8906dccfd4" />
      <TestMethod codeBase="/home/runner/work/Crud/Crud/test/Tests.Integration.Backend/bin/Release/net8.0/Tests.Integration.Backend.dll" adapterTypeName="executor://xunit/VsTestRunner2/netcoreapp" className="Tests.Integration.Backend.Controllers.RolesControllerTests" name="PUT_Role_Should_Update_Existing_Role" />
    </UnitTest>
    <UnitTest name="Tests.Integration.Backend.OutputCaching.CachingE2ETests.CompleteCachingWorkflow_ShouldPerformAsExpected" storage="/home/runner/work/crud/crud/test/tests.integration.backend/bin/release/net8.0/tests.integration.backend.dll" id="70e1a820-63f2-9d05-e43e-21258bccb063">
      <Execution id="45ba9f4d-0b98-4725-8e2a-2a1c2d0a21b3" />
      <TestMethod codeBase="/home/runner/work/Crud/Crud/test/Tests.Integration.Backend/bin/Release/net8.0/Tests.Integration.Backend.dll" adapterTypeName="executor://xunit/VsTestRunner2/netcoreapp" className="Tests.Integration.Backend.OutputCaching.CachingE2ETests" name="CompleteCachingWorkflow_ShouldPerformAsExpected" />
    </UnitTest>
    <UnitTest name="Tests.Integration.Backend.Controllers.RolesControllerTests.POST_Roles_Should_Return_400_For_Invalid_Data" storage="/home/runner/work/crud/crud/test/tests.integration.backend/bin/release/net8.0/tests.integration.backend.dll" id="3115f456-ece1-1790-9284-157082a1d43c">
      <Execution id="7d8ce17e-f767-4aae-9f88-123ad7d867dc" />
      <TestMethod codeBase="/home/runner/work/Crud/Crud/test/Tests.Integration.Backend/bin/Release/net8.0/Tests.Integration.Backend.dll" adapterTypeName="executor://xunit/VsTestRunner2/netcoreapp" className="Tests.Integration.Backend.Controllers.RolesControllerTests" name="POST_Roles_Should_Return_400_For_Invalid_Data" />
    </UnitTest>
    <UnitTest name="Tests.Integration.Backend.OutputCaching.CacheInvalidationTests.PostWindow_ShouldInvalidateWindowsCache" storage="/home/runner/work/crud/crud/test/tests.integration.backend/bin/release/net8.0/tests.integration.backend.dll" id="7ef81c0c-3038-9435-7857-ab17f80f7cdb">
      <Execution id="bb51b1c0-f233-407b-aa4d-c62b4c559bd1" />
      <TestMethod codeBase="/home/runner/work/Crud/Crud/test/Tests.Integration.Backend/bin/Release/net8.0/Tests.Integration.Backend.dll" adapterTypeName="executor://xunit/VsTestRunner2/netcoreapp" className="Tests.Integration.Backend.OutputCaching.CacheInvalidationTests" name="PostWindow_ShouldInvalidateWindowsCache" />
    </UnitTest>
    <UnitTest name="Tests.Integration.Backend.Controllers.ApiHealthTests.API_Should_Handle_Concurrent_Requests" storage="/home/runner/work/crud/crud/test/tests.integration.backend/bin/release/net8.0/tests.integration.backend.dll" id="e4619fb0-2f02-c154-40bc-f54ee36b9b38">
      <Execution id="b533465f-e1c0-491d-b246-a015f209b774" />
      <TestMethod codeBase="/home/runner/work/Crud/Crud/test/Tests.Integration.Backend/bin/Release/net8.0/Tests.Integration.Backend.dll" adapterTypeName="executor://xunit/VsTestRunner2/netcoreapp" className="Tests.Integration.Backend.Controllers.ApiHealthTests" name="API_Should_Handle_Concurrent_Requests" />
    </UnitTest>
    <UnitTest name="Tests.Integration.Backend.OutputCaching.CachingE2ETests.CrossEntityCaching_ShouldNotInterfere" storage="/home/runner/work/crud/crud/test/tests.integration.backend/bin/release/net8.0/tests.integration.backend.dll" id="28caa8d5-c8a9-c82d-9ea0-c02736f0dfd9">
      <Execution id="9e61f013-a22d-4a74-8081-d831a8a5c3c0" />
      <TestMethod codeBase="/home/runner/work/Crud/Crud/test/Tests.Integration.Backend/bin/Release/net8.0/Tests.Integration.Backend.dll" adapterTypeName="executor://xunit/VsTestRunner2/netcoreapp" className="Tests.Integration.Backend.OutputCaching.CachingE2ETests" name="CrossEntityCaching_ShouldNotInterfere" />
    </UnitTest>
    <UnitTest name="Tests.Integration.Backend.Controllers.AuthControllerPasswordResetTests.POST_ForgotPassword_WithValidEmail_Should_Return_Success" storage="/home/runner/work/crud/crud/test/tests.integration.backend/bin/release/net8.0/tests.integration.backend.dll" id="20b78283-04d3-fc47-1574-93af6fec32ea">
      <Execution id="d2f92e10-a6ad-470c-a207-a3ab640590e4" />
      <TestMethod codeBase="/home/runner/work/Crud/Crud/test/Tests.Integration.Backend/bin/Release/net8.0/Tests.Integration.Backend.dll" adapterTypeName="executor://xunit/VsTestRunner2/netcoreapp" className="Tests.Integration.Backend.Controllers.AuthControllerPasswordResetTests" name="POST_ForgotPassword_WithValidEmail_Should_Return_Success" />
    </UnitTest>
    <UnitTest name="Tests.Integration.Backend.OutputCaching.OutputCachingConfigurationTests.OutputCaching_ShouldFallbackToMemoryWhenRedisUnavailable" storage="/home/runner/work/crud/crud/test/tests.integration.backend/bin/release/net8.0/tests.integration.backend.dll" id="b7cda526-0758-c938-af92-6a6e25e8efc9">
      <Execution id="0a2317ba-e5c9-4a62-9f8d-3f149c352bea" />
      <TestMethod codeBase="/home/runner/work/Crud/Crud/test/Tests.Integration.Backend/bin/Release/net8.0/Tests.Integration.Backend.dll" adapterTypeName="executor://xunit/VsTestRunner2/netcoreapp" className="Tests.Integration.Backend.OutputCaching.OutputCachingConfigurationTests" name="OutputCaching_ShouldFallbackToMemoryWhenRedisUnavailable" />
    </UnitTest>
    <UnitTest name="Tests.Integration.Backend.Controllers.RolesControllerTests.DELETE_Role_Should_Return_204_When_Not_Exists" storage="/home/runner/work/crud/crud/test/tests.integration.backend/bin/release/net8.0/tests.integration.backend.dll" id="79e70e1e-8075-8996-1211-c6d54a3d9ffa">
      <Execution id="095e474c-9ad9-482d-8e39-048f5b224cd3" />
      <TestMethod codeBase="/home/runner/work/Crud/Crud/test/Tests.Integration.Backend/bin/Release/net8.0/Tests.Integration.Backend.dll" adapterTypeName="executor://xunit/VsTestRunner2/netcoreapp" className="Tests.Integration.Backend.Controllers.RolesControllerTests" name="DELETE_Role_Should_Return_204_When_Not_Exists" />
    </UnitTest>
    <UnitTest name="Tests.Integration.Backend.Controllers.ApiHealthTests.API_Should_Handle_CORS_Headers" storage="/home/runner/work/crud/crud/test/tests.integration.backend/bin/release/net8.0/tests.integration.backend.dll" id="e3433c1d-41f7-b660-a894-db56a9b283f4">
      <Execution id="6243be72-3883-4e23-9aa1-c0296c0ede2d" />
      <TestMethod codeBase="/home/runner/work/Crud/Crud/test/Tests.Integration.Backend/bin/Release/net8.0/Tests.Integration.Backend.dll" adapterTypeName="executor://xunit/VsTestRunner2/netcoreapp" className="Tests.Integration.Backend.Controllers.ApiHealthTests" name="API_Should_Handle_CORS_Headers" />
    </UnitTest>
    <UnitTest name="Tests.Integration.Backend.Compression.ResponseCompressionTests.CompressedResponse_ShouldHaveCompressionHeaders" storage="/home/runner/work/crud/crud/test/tests.integration.backend/bin/release/net8.0/tests.integration.backend.dll" id="a5770765-4612-4372-f1a9-727a017fca24">
      <Execution id="0ecd5888-80f7-4088-8723-84e468446826" />
      <TestMethod codeBase="/home/runner/work/Crud/Crud/test/Tests.Integration.Backend/bin/Release/net8.0/Tests.Integration.Backend.dll" adapterTypeName="executor://xunit/VsTestRunner2/netcoreapp" className="Tests.Integration.Backend.Compression.ResponseCompressionTests" name="CompressedResponse_ShouldHaveCompressionHeaders" />
    </UnitTest>
    <UnitTest name="Tests.Integration.Backend.Controllers.AuthControllerTests.POST_Refresh_Should_Return_New_Tokens_For_Valid_RefreshToken" storage="/home/runner/work/crud/crud/test/tests.integration.backend/bin/release/net8.0/tests.integration.backend.dll" id="9ed0881a-ade1-55d1-ff4e-861058b9ed01">
      <Execution id="29004ba8-bee5-420e-bcac-7b8bb0a074d2" />
      <TestMethod codeBase="/home/runner/work/Crud/Crud/test/Tests.Integration.Backend/bin/Release/net8.0/Tests.Integration.Backend.dll" adapterTypeName="executor://xunit/VsTestRunner2/netcoreapp" className="Tests.Integration.Backend.Controllers.AuthControllerTests" name="POST_Refresh_Should_Return_New_Tokens_For_Valid_RefreshToken" />
    </UnitTest>
    <UnitTest name="Tests.Integration.Backend.Controllers.ApiHealthTests.API_Should_Maintain_Data_Consistency_Under_Load" storage="/home/runner/work/crud/crud/test/tests.integration.backend/bin/release/net8.0/tests.integration.backend.dll" id="58d6d3e1-eb4b-146c-6475-5a89377fd38d">
      <Execution id="3fba4517-ea1f-4b4c-9aa1-840557b9b6cd" />
      <TestMethod codeBase="/home/runner/work/Crud/Crud/test/Tests.Integration.Backend/bin/Release/net8.0/Tests.Integration.Backend.dll" adapterTypeName="executor://xunit/VsTestRunner2/netcoreapp" className="Tests.Integration.Backend.Controllers.ApiHealthTests" name="API_Should_Maintain_Data_Consistency_Under_Load" />
    </UnitTest>
    <UnitTest name="Tests.Integration.Backend.Controllers.ApiHealthTests.All_Endpoints_Should_Support_Expected_HTTP_Methods(method: &quot;GET&quot;, endpoint: &quot;/api/roles&quot;)" storage="/home/runner/work/crud/crud/test/tests.integration.backend/bin/release/net8.0/tests.integration.backend.dll" id="a607d0ef-948b-6788-8be8-6f42840aa828">
      <Execution id="82b59483-61ae-4675-bc50-90639d0de9cb" />
      <TestMethod codeBase="/home/runner/work/Crud/Crud/test/Tests.Integration.Backend/bin/Release/net8.0/Tests.Integration.Backend.dll" adapterTypeName="executor://xunit/VsTestRunner2/netcoreapp" className="Tests.Integration.Backend.Controllers.ApiHealthTests" name="All_Endpoints_Should_Support_Expected_HTTP_Methods" />
    </UnitTest>
    <UnitTest name="Tests.Integration.Backend.Controllers.WallsControllerTests.POST_Wall_Should_Calculate_And_Store_Complex_Properties" storage="/home/runner/work/crud/crud/test/tests.integration.backend/bin/release/net8.0/tests.integration.backend.dll" id="ab17e4f5-654f-3749-a1be-206a5019e954">
      <Execution id="765dc0db-887b-40f3-9c2b-52d76d64e160" />
      <TestMethod codeBase="/home/runner/work/Crud/Crud/test/Tests.Integration.Backend/bin/Release/net8.0/Tests.Integration.Backend.dll" adapterTypeName="executor://xunit/VsTestRunner2/netcoreapp" className="Tests.Integration.Backend.Controllers.WallsControllerTests" name="POST_Wall_Should_Calculate_And_Store_Complex_Properties" />
    </UnitTest>
    <UnitTest name="Tests.Integration.Backend.Controllers.WindowsControllerTests.POST_Windows_Should_Return_400_For_Invalid_Data" storage="/home/runner/work/crud/crud/test/tests.integration.backend/bin/release/net8.0/tests.integration.backend.dll" id="03a14d36-6f95-8492-bfd4-a25fff2f6772">
      <Execution id="b225a0e8-6cdc-4127-b58c-f5e0d5c72f29" />
      <TestMethod codeBase="/home/runner/work/Crud/Crud/test/Tests.Integration.Backend/bin/Release/net8.0/Tests.Integration.Backend.dll" adapterTypeName="executor://xunit/VsTestRunner2/netcoreapp" className="Tests.Integration.Backend.Controllers.WindowsControllerTests" name="POST_Windows_Should_Return_400_For_Invalid_Data" />
    </UnitTest>
    <UnitTest name="Tests.Integration.Backend.Controllers.WindowsControllerTests.DELETE_Window_Should_Return_204_When_Not_Exists" storage="/home/runner/work/crud/crud/test/tests.integration.backend/bin/release/net8.0/tests.integration.backend.dll" id="5250d740-754a-3ba2-19d9-7b7107d87e03">
      <Execution id="3fe6b885-80f3-4f20-b3eb-a7eefc85d552" />
      <TestMethod codeBase="/home/runner/work/Crud/Crud/test/Tests.Integration.Backend/bin/Release/net8.0/Tests.Integration.Backend.dll" adapterTypeName="executor://xunit/VsTestRunner2/netcoreapp" className="Tests.Integration.Backend.Controllers.WindowsControllerTests" name="DELETE_Window_Should_Return_204_When_Not_Exists" />
    </UnitTest>
    <UnitTest name="Tests.Integration.Backend.Controllers.AuthControllerTests.POST_Refresh_Should_Return_Unauthorized_For_Invalid_RefreshToken" storage="/home/runner/work/crud/crud/test/tests.integration.backend/bin/release/net8.0/tests.integration.backend.dll" id="297d158e-047c-5612-bd99-21893c5634e4">
      <Execution id="c64fcca8-5018-4782-aeba-c04d15dc7746" />
      <TestMethod codeBase="/home/runner/work/Crud/Crud/test/Tests.Integration.Backend/bin/Release/net8.0/Tests.Integration.Backend.dll" adapterTypeName="executor://xunit/VsTestRunner2/netcoreapp" className="Tests.Integration.Backend.Controllers.AuthControllerTests" name="POST_Refresh_Should_Return_Unauthorized_For_Invalid_RefreshToken" />
    </UnitTest>
    <UnitTest name="Tests.Integration.Backend.Controllers.WindowsControllerTests.POST_Windows_Should_Create_Window_And_Return_201" storage="/home/runner/work/crud/crud/test/tests.integration.backend/bin/release/net8.0/tests.integration.backend.dll" id="dfaed238-70c1-ab80-405a-08edfd13c1ba">
      <Execution id="36d0acf4-c475-4526-9513-236bb9ceded3" />
      <TestMethod codeBase="/home/runner/work/Crud/Crud/test/Tests.Integration.Backend/bin/Release/net8.0/Tests.Integration.Backend.dll" adapterTypeName="executor://xunit/VsTestRunner2/netcoreapp" className="Tests.Integration.Backend.Controllers.WindowsControllerTests" name="POST_Windows_Should_Create_Window_And_Return_201" />
    </UnitTest>
    <UnitTest name="Tests.Integration.Backend.E2E.AuthenticationE2ETests.Refresh_Token_Rotation_Should_Work" storage="/home/runner/work/crud/crud/test/tests.integration.backend/bin/release/net8.0/tests.integration.backend.dll" id="6ab30ede-2d43-e3c2-d85a-058d5fd2dee1">
      <Execution id="6aaeac44-6f55-4eff-a2a0-0bddcd5098e3" />
      <TestMethod codeBase="/home/runner/work/Crud/Crud/test/Tests.Integration.Backend/bin/Release/net8.0/Tests.Integration.Backend.dll" adapterTypeName="executor://xunit/VsTestRunner2/netcoreapp" className="Tests.Integration.Backend.E2E.AuthenticationE2ETests" name="Refresh_Token_Rotation_Should_Work" />
    </UnitTest>
    <UnitTest name="Tests.Integration.Backend.OutputCaching.CacheInvalidationTests.CacheInvalidation_ShouldBeEntitySpecific" storage="/home/runner/work/crud/crud/test/tests.integration.backend/bin/release/net8.0/tests.integration.backend.dll" id="5915cbaf-7ed1-cbfd-2c81-4746833e58cd">
      <Execution id="793efe51-45a7-4d17-9dce-c721a27edc6f" />
      <TestMethod codeBase="/home/runner/work/Crud/Crud/test/Tests.Integration.Backend/bin/Release/net8.0/Tests.Integration.Backend.dll" adapterTypeName="executor://xunit/VsTestRunner2/netcoreapp" className="Tests.Integration.Backend.OutputCaching.CacheInvalidationTests" name="CacheInvalidation_ShouldBeEntitySpecific" />
    </UnitTest>
    <UnitTest name="Tests.Integration.Backend.OutputCaching.CachingE2ETests.AllCachedEndpoints_ShouldReturnCacheHeaders(endpoint: &quot;/api/walls&quot;)" storage="/home/runner/work/crud/crud/test/tests.integration.backend/bin/release/net8.0/tests.integration.backend.dll" id="4b80b6dd-af6e-92d9-97c9-a8c31eb301db">
      <Execution id="0b45f572-fb8f-421f-9f26-c684d6ebaf15" />
      <TestMethod codeBase="/home/runner/work/Crud/Crud/test/Tests.Integration.Backend/bin/Release/net8.0/Tests.Integration.Backend.dll" adapterTypeName="executor://xunit/VsTestRunner2/netcoreapp" className="Tests.Integration.Backend.OutputCaching.CachingE2ETests" name="AllCachedEndpoints_ShouldReturnCacheHeaders" />
    </UnitTest>
    <UnitTest name="Tests.Integration.Backend.Controllers.PeopleControllerTests.PUT_People_Should_Return_404_For_NonExistent_Person" storage="/home/runner/work/crud/crud/test/tests.integration.backend/bin/release/net8.0/tests.integration.backend.dll" id="78b405b2-a7b4-22cc-fd25-19657615e9ba">
      <Execution id="a372b12a-7615-455e-9086-5c301c6843b7" />
      <TestMethod codeBase="/home/runner/work/Crud/Crud/test/Tests.Integration.Backend/bin/Release/net8.0/Tests.Integration.Backend.dll" adapterTypeName="executor://xunit/VsTestRunner2/netcoreapp" className="Tests.Integration.Backend.Controllers.PeopleControllerTests" name="PUT_People_Should_Return_404_For_NonExistent_Person" />
    </UnitTest>
    <UnitTest name="Tests.Integration.Backend.Controllers.AuthControllerTests.POST_Register_Should_Return_BadRequest_For_Invalid_Email" storage="/home/runner/work/crud/crud/test/tests.integration.backend/bin/release/net8.0/tests.integration.backend.dll" id="2bf8b19c-cf08-fc4d-1420-d095f4b1337b">
      <Execution id="2ad03fc2-14b9-4856-bbd3-50f5610d51a3" />
      <TestMethod codeBase="/home/runner/work/Crud/Crud/test/Tests.Integration.Backend/bin/Release/net8.0/Tests.Integration.Backend.dll" adapterTypeName="executor://xunit/VsTestRunner2/netcoreapp" className="Tests.Integration.Backend.Controllers.AuthControllerTests" name="POST_Register_Should_Return_BadRequest_For_Invalid_Email" />
    </UnitTest>
    <UnitTest name="Tests.Integration.Backend.Controllers.DatabaseControllerTests.GET_Database_Status_Should_Return_Database_Statistics" storage="/home/runner/work/crud/crud/test/tests.integration.backend/bin/release/net8.0/tests.integration.backend.dll" id="9c4bd49d-31a4-6530-0f02-8fe23a54becf">
      <Execution id="04604ffc-269a-4a41-bf16-6dd530a23999" />
      <TestMethod codeBase="/home/runner/work/Crud/Crud/test/Tests.Integration.Backend/bin/Release/net8.0/Tests.Integration.Backend.dll" adapterTypeName="executor://xunit/VsTestRunner2/netcoreapp" className="Tests.Integration.Backend.Controllers.DatabaseControllerTests" name="GET_Database_Status_Should_Return_Database_Statistics" />
    </UnitTest>
    <UnitTest name="Tests.Integration.Backend.Controllers.WallsControllerTests.GET_Walls_Should_Return_All_Walls" storage="/home/runner/work/crud/crud/test/tests.integration.backend/bin/release/net8.0/tests.integration.backend.dll" id="e9e2b921-0a1d-aae8-34e0-f52557170fc1">
      <Execution id="6588fd6d-2b7b-4b8c-81e1-1c6523e5ebcf" />
      <TestMethod codeBase="/home/runner/work/Crud/Crud/test/Tests.Integration.Backend/bin/Release/net8.0/Tests.Integration.Backend.dll" adapterTypeName="executor://xunit/VsTestRunner2/netcoreapp" className="Tests.Integration.Backend.Controllers.WallsControllerTests" name="GET_Walls_Should_Return_All_Walls" />
    </UnitTest>
    <UnitTest name="Tests.Integration.Backend.Controllers.AuthControllerTests.Protected_Endpoint_Should_Return_Unauthorized_Without_Token" storage="/home/runner/work/crud/crud/test/tests.integration.backend/bin/release/net8.0/tests.integration.backend.dll" id="4fb3036c-0d92-3b62-20b9-33331422414d">
      <Execution id="7cc4ed57-7a0e-422c-9fad-fbf95e6489a1" />
      <TestMethod codeBase="/home/runner/work/Crud/Crud/test/Tests.Integration.Backend/bin/Release/net8.0/Tests.Integration.Backend.dll" adapterTypeName="executor://xunit/VsTestRunner2/netcoreapp" className="Tests.Integration.Backend.Controllers.AuthControllerTests" name="Protected_Endpoint_Should_Return_Unauthorized_Without_Token" />
    </UnitTest>
    <UnitTest name="Tests.Integration.Backend.Controllers.ApiHealthTests.API_Should_Handle_Large_Payloads" storage="/home/runner/work/crud/crud/test/tests.integration.backend/bin/release/net8.0/tests.integration.backend.dll" id="aeaaee5e-bc09-54e8-9ec4-6c4cdf3ce87c">
      <Execution id="efa52b28-ef48-40ed-86c2-c827784500e0" />
      <TestMethod codeBase="/home/runner/work/Crud/Crud/test/Tests.Integration.Backend/bin/Release/net8.0/Tests.Integration.Backend.dll" adapterTypeName="executor://xunit/VsTestRunner2/netcoreapp" className="Tests.Integration.Backend.Controllers.ApiHealthTests" name="API_Should_Handle_Large_Payloads" />
    </UnitTest>
    <UnitTest name="Tests.Integration.Backend.OutputCaching.OutputCachingConfigurationTests.OutputCaching_ShouldBeRegisteredInServices" storage="/home/runner/work/crud/crud/test/tests.integration.backend/bin/release/net8.0/tests.integration.backend.dll" id="3aa435ad-a9a4-65ee-4bc9-21f73753b103">
      <Execution id="4387afa5-cb00-4e59-89cb-b2c99d3d5c98" />
      <TestMethod codeBase="/home/runner/work/Crud/Crud/test/Tests.Integration.Backend/bin/Release/net8.0/Tests.Integration.Backend.dll" adapterTypeName="executor://xunit/VsTestRunner2/netcoreapp" className="Tests.Integration.Backend.OutputCaching.OutputCachingConfigurationTests" name="OutputCaching_ShouldBeRegisteredInServices" />
    </UnitTest>
    <UnitTest name="Tests.Integration.Backend.Controllers.RolesControllerTests.DELETE_Role_Should_Remove_Existing_Role" storage="/home/runner/work/crud/crud/test/tests.integration.backend/bin/release/net8.0/tests.integration.backend.dll" id="58a8f096-af1a-ba52-8cf7-4f27a22072be">
      <Execution id="20b16875-51b6-4064-844a-d62bced65370" />
      <TestMethod codeBase="/home/runner/work/Crud/Crud/test/Tests.Integration.Backend/bin/Release/net8.0/Tests.Integration.Backend.dll" adapterTypeName="executor://xunit/VsTestRunner2/netcoreapp" className="Tests.Integration.Backend.Controllers.RolesControllerTests" name="DELETE_Role_Should_Remove_Existing_Role" />
    </UnitTest>
    <UnitTest name="Tests.Integration.Backend.Compression.StaticFileCompressionTests.JsFile_ShouldBeCompressed_WhenClientSupportsGzip" storage="/home/runner/work/crud/crud/test/tests.integration.backend/bin/release/net8.0/tests.integration.backend.dll" id="3b2e3bce-af10-026c-a2ca-d924efcd601d">
      <Execution id="938a4101-fc3c-4fd8-8002-38357eaf4161" />
      <TestMethod codeBase="/home/runner/work/Crud/Crud/test/Tests.Integration.Backend/bin/Release/net8.0/Tests.Integration.Backend.dll" adapterTypeName="executor://xunit/VsTestRunner2/netcoreapp" className="Tests.Integration.Backend.Compression.StaticFileCompressionTests" name="JsFile_ShouldBeCompressed_WhenClientSupportsGzip" />
    </UnitTest>
    <UnitTest name="Tests.Integration.Backend.OutputCaching.OutputCachingTests.GetWindows_ShouldReturnConsistentResponses" storage="/home/runner/work/crud/crud/test/tests.integration.backend/bin/release/net8.0/tests.integration.backend.dll" id="53a7b40c-019b-3989-42c2-31ec0027eed1">
      <Execution id="144272a0-8c1a-4e53-9253-0f3427037788" />
      <TestMethod codeBase="/home/runner/work/Crud/Crud/test/Tests.Integration.Backend/bin/Release/net8.0/Tests.Integration.Backend.dll" adapterTypeName="executor://xunit/VsTestRunner2/netcoreapp" className="Tests.Integration.Backend.OutputCaching.OutputCachingTests" name="GetWindows_ShouldReturnConsistentResponses" />
    </UnitTest>
    <UnitTest name="Tests.Integration.Backend.Controllers.AuthControllerPasswordResetTests.POST_ValidateResetToken_WithInvalidToken_Should_Return_Invalid_Status" storage="/home/runner/work/crud/crud/test/tests.integration.backend/bin/release/net8.0/tests.integration.backend.dll" id="67c0dda5-90c3-5662-c072-7db17a34e9f0">
      <Execution id="14b54241-c748-431f-b6fd-ebd845004e41" />
      <TestMethod codeBase="/home/runner/work/Crud/Crud/test/Tests.Integration.Backend/bin/Release/net8.0/Tests.Integration.Backend.dll" adapterTypeName="executor://xunit/VsTestRunner2/netcoreapp" className="Tests.Integration.Backend.Controllers.AuthControllerPasswordResetTests" name="POST_ValidateResetToken_WithInvalidToken_Should_Return_Invalid_Status" />
    </UnitTest>
    <UnitTest name="Tests.Integration.Backend.Controllers.PeopleControllerTests.GET_People_By_Id_Should_Return_Specific_Person" storage="/home/runner/work/crud/crud/test/tests.integration.backend/bin/release/net8.0/tests.integration.backend.dll" id="cc1dc38d-e485-bd07-2880-7ffdde1c97ec">
      <Execution id="99e37535-4079-40ce-9acb-5b22214020a7" />
      <TestMethod codeBase="/home/runner/work/Crud/Crud/test/Tests.Integration.Backend/bin/Release/net8.0/Tests.Integration.Backend.dll" adapterTypeName="executor://xunit/VsTestRunner2/netcoreapp" className="Tests.Integration.Backend.Controllers.PeopleControllerTests" name="GET_People_By_Id_Should_Return_Specific_Person" />
    </UnitTest>
    <UnitTest name="Tests.Integration.Backend.Compression.ResponseCompressionTests.ApiResponse_ShouldBeCompressed_WhenClientSupportsGzip" storage="/home/runner/work/crud/crud/test/tests.integration.backend/bin/release/net8.0/tests.integration.backend.dll" id="abfa73e9-0257-16cb-29aa-f2c99faf213f">
      <Execution id="e41cf4d1-d31a-44b8-90cb-3fdb9bf2eead" />
      <TestMethod codeBase="/home/runner/work/Crud/Crud/test/Tests.Integration.Backend/bin/Release/net8.0/Tests.Integration.Backend.dll" adapterTypeName="executor://xunit/VsTestRunner2/netcoreapp" className="Tests.Integration.Backend.Compression.ResponseCompressionTests" name="ApiResponse_ShouldBeCompressed_WhenClientSupportsGzip" />
    </UnitTest>
    <UnitTest name="Tests.Integration.Backend.Controllers.RolesControllerTests.GET_Role_By_Id_Should_Return_Role_When_Exists" storage="/home/runner/work/crud/crud/test/tests.integration.backend/bin/release/net8.0/tests.integration.backend.dll" id="9805b897-cbb6-397d-b557-62afcb8b9211">
      <Execution id="ba924c02-117a-4fa9-a69a-7c5e8891cd09" />
      <TestMethod codeBase="/home/runner/work/Crud/Crud/test/Tests.Integration.Backend/bin/Release/net8.0/Tests.Integration.Backend.dll" adapterTypeName="executor://xunit/VsTestRunner2/netcoreapp" className="Tests.Integration.Backend.Controllers.RolesControllerTests" name="GET_Role_By_Id_Should_Return_Role_When_Exists" />
    </UnitTest>
    <UnitTest name="Tests.Integration.Backend.E2E.AuthenticationE2ETests.Concurrent_Requests_Should_Be_Handled_Properly" storage="/home/runner/work/crud/crud/test/tests.integration.backend/bin/release/net8.0/tests.integration.backend.dll" id="e883dfad-5803-12bb-5b1f-de2527fafd69">
      <Execution id="89671a25-44f3-4411-b756-4196c8bb1e7f" />
      <TestMethod codeBase="/home/runner/work/Crud/Crud/test/Tests.Integration.Backend/bin/Release/net8.0/Tests.Integration.Backend.dll" adapterTypeName="executor://xunit/VsTestRunner2/netcoreapp" className="Tests.Integration.Backend.E2E.AuthenticationE2ETests" name="Concurrent_Requests_Should_Be_Handled_Properly" />
    </UnitTest>
    <UnitTest name="Tests.Integration.Backend.OutputCaching.OutputCachingTests.GetWalls_ShouldReturnConsistentResponses" storage="/home/runner/work/crud/crud/test/tests.integration.backend/bin/release/net8.0/tests.integration.backend.dll" id="f48af067-4eb4-5a80-a058-995d81b9c49e">
      <Execution id="4235b651-1ca0-47a1-b9ad-eb0e5c17989c" />
      <TestMethod codeBase="/home/runner/work/Crud/Crud/test/Tests.Integration.Backend/bin/Release/net8.0/Tests.Integration.Backend.dll" adapterTypeName="executor://xunit/VsTestRunner2/netcoreapp" className="Tests.Integration.Backend.OutputCaching.OutputCachingTests" name="GetWalls_ShouldReturnConsistentResponses" />
    </UnitTest>
    <UnitTest name="Tests.Integration.Backend.OutputCaching.CachingE2ETests.AllCachedEndpoints_ShouldReturnCacheHeaders(endpoint: &quot;/api/people&quot;)" storage="/home/runner/work/crud/crud/test/tests.integration.backend/bin/release/net8.0/tests.integration.backend.dll" id="74c46e58-3df7-a0cc-53b5-5247c5480908">
      <Execution id="0b9a950f-c194-47c0-a24b-93ecc501472d" />
      <TestMethod codeBase="/home/runner/work/Crud/Crud/test/Tests.Integration.Backend/bin/Release/net8.0/Tests.Integration.Backend.dll" adapterTypeName="executor://xunit/VsTestRunner2/netcoreapp" className="Tests.Integration.Backend.OutputCaching.CachingE2ETests" name="AllCachedEndpoints_ShouldReturnCacheHeaders" />
    </UnitTest>
    <UnitTest name="Tests.Integration.Backend.Controllers.WallsControllerTests.DELETE_Wall_Should_Remove_Existing_Wall" storage="/home/runner/work/crud/crud/test/tests.integration.backend/bin/release/net8.0/tests.integration.backend.dll" id="a509d6b0-b691-0a3b-74c8-b5408578a6d5">
      <Execution id="018c9d80-ae26-4253-8ef7-646fa305ba9d" />
      <TestMethod codeBase="/home/runner/work/Crud/Crud/test/Tests.Integration.Backend/bin/Release/net8.0/Tests.Integration.Backend.dll" adapterTypeName="executor://xunit/VsTestRunner2/netcoreapp" className="Tests.Integration.Backend.Controllers.WallsControllerTests" name="DELETE_Wall_Should_Remove_Existing_Wall" />
    </UnitTest>
    <UnitTest name="Tests.Integration.Backend.E2E.AuthenticationE2ETests.Role_Based_Access_Should_Work" storage="/home/runner/work/crud/crud/test/tests.integration.backend/bin/release/net8.0/tests.integration.backend.dll" id="927ecc12-27fc-afb1-a7a2-a42476361110">
      <Execution id="126e044e-8ac3-40a8-9e1d-f552a693e0c3" />
      <TestMethod codeBase="/home/runner/work/Crud/Crud/test/Tests.Integration.Backend/bin/Release/net8.0/Tests.Integration.Backend.dll" adapterTypeName="executor://xunit/VsTestRunner2/netcoreapp" className="Tests.Integration.Backend.E2E.AuthenticationE2ETests" name="Role_Based_Access_Should_Work" />
    </UnitTest>
    <UnitTest name="Tests.Integration.Backend.Controllers.DatabaseControllerTests.POST_Database_Seed_Should_Seed_Database_Successfully" storage="/home/runner/work/crud/crud/test/tests.integration.backend/bin/release/net8.0/tests.integration.backend.dll" id="f05cedeb-e83b-1e7e-3928-23724172eea5">
      <Execution id="0fc72465-67b0-4b9d-92e1-2375be8e83bc" />
      <TestMethod codeBase="/home/runner/work/Crud/Crud/test/Tests.Integration.Backend/bin/Release/net8.0/Tests.Integration.Backend.dll" adapterTypeName="executor://xunit/VsTestRunner2/netcoreapp" className="Tests.Integration.Backend.Controllers.DatabaseControllerTests" name="POST_Database_Seed_Should_Seed_Database_Successfully" />
    </UnitTest>
    <UnitTest name="Tests.Integration.Backend.Controllers.PeopleControllerTests.GET_People_By_Id_Should_Return_404_For_NonExistent_Person" storage="/home/runner/work/crud/crud/test/tests.integration.backend/bin/release/net8.0/tests.integration.backend.dll" id="4e4996c7-f4bf-6a3f-b2c5-de38dd6676bb">
      <Execution id="115898ed-df8f-4718-977e-e02a129876c4" />
      <TestMethod codeBase="/home/runner/work/Crud/Crud/test/Tests.Integration.Backend/bin/Release/net8.0/Tests.Integration.Backend.dll" adapterTypeName="executor://xunit/VsTestRunner2/netcoreapp" className="Tests.Integration.Backend.Controllers.PeopleControllerTests" name="GET_People_By_Id_Should_Return_404_For_NonExistent_Person" />
    </UnitTest>
    <UnitTest name="Tests.Integration.Backend.OutputCaching.CachingE2ETests.AllCachedEndpoints_ShouldReturnCacheHeaders(endpoint: &quot;/api/roles&quot;)" storage="/home/runner/work/crud/crud/test/tests.integration.backend/bin/release/net8.0/tests.integration.backend.dll" id="6701ad16-b836-ee76-0566-4e5adb91c861">
      <Execution id="4b7d1930-b7d8-483e-b79e-8c86c2902835" />
      <TestMethod codeBase="/home/runner/work/Crud/Crud/test/Tests.Integration.Backend/bin/Release/net8.0/Tests.Integration.Backend.dll" adapterTypeName="executor://xunit/VsTestRunner2/netcoreapp" className="Tests.Integration.Backend.OutputCaching.CachingE2ETests" name="AllCachedEndpoints_ShouldReturnCacheHeaders" />
    </UnitTest>
    <UnitTest name="Tests.Integration.Backend.Compression.StaticFileCompressionTests.CssFile_ShouldBeCompressed_WhenClientSupportsGzip" storage="/home/runner/work/crud/crud/test/tests.integration.backend/bin/release/net8.0/tests.integration.backend.dll" id="78d2062e-7c45-d260-f795-f1b53c418237">
      <Execution id="ea9dcc7e-48a6-4fc3-8bbb-7c5cacbda109" />
      <TestMethod codeBase="/home/runner/work/Crud/Crud/test/Tests.Integration.Backend/bin/Release/net8.0/Tests.Integration.Backend.dll" adapterTypeName="executor://xunit/VsTestRunner2/netcoreapp" className="Tests.Integration.Backend.Compression.StaticFileCompressionTests" name="CssFile_ShouldBeCompressed_WhenClientSupportsGzip" />
    </UnitTest>
    <UnitTest name="Tests.Integration.Backend.Controllers.PeopleControllerTests.GET_People_Should_Return_401_Without_Authentication" storage="/home/runner/work/crud/crud/test/tests.integration.backend/bin/release/net8.0/tests.integration.backend.dll" id="a6bb128b-1161-cbb2-5ff4-da08f9a71fbf">
      <Execution id="a0412d37-1cee-46df-9d9f-9db0ea1effc9" />
      <TestMethod codeBase="/home/runner/work/Crud/Crud/test/Tests.Integration.Backend/bin/Release/net8.0/Tests.Integration.Backend.dll" adapterTypeName="executor://xunit/VsTestRunner2/netcoreapp" className="Tests.Integration.Backend.Controllers.PeopleControllerTests" name="GET_People_Should_Return_401_Without_Authentication" />
    </UnitTest>
    <UnitTest name="Tests.Integration.Backend.Controllers.AuthControllerTests.POST_Logout_Should_Revoke_RefreshToken" storage="/home/runner/work/crud/crud/test/tests.integration.backend/bin/release/net8.0/tests.integration.backend.dll" id="d4d4848b-8d11-cc53-4c2f-7b3836864b98">
      <Execution id="17a10f57-bfcd-4282-982f-6e24efc1cc4f" />
      <TestMethod codeBase="/home/runner/work/Crud/Crud/test/Tests.Integration.Backend/bin/Release/net8.0/Tests.Integration.Backend.dll" adapterTypeName="executor://xunit/VsTestRunner2/netcoreapp" className="Tests.Integration.Backend.Controllers.AuthControllerTests" name="POST_Logout_Should_Revoke_RefreshToken" />
    </UnitTest>
    <UnitTest name="Tests.Integration.Backend.Controllers.WindowsControllerTests.PUT_Window_Should_Return_404_When_Not_Exists" storage="/home/runner/work/crud/crud/test/tests.integration.backend/bin/release/net8.0/tests.integration.backend.dll" id="41b359b4-fccb-bafc-c2ca-d65a5df61c20">
      <Execution id="94cb1458-bb82-497a-adf8-0eb3f48afb2e" />
      <TestMethod codeBase="/home/runner/work/Crud/Crud/test/Tests.Integration.Backend/bin/Release/net8.0/Tests.Integration.Backend.dll" adapterTypeName="executor://xunit/VsTestRunner2/netcoreapp" className="Tests.Integration.Backend.Controllers.WindowsControllerTests" name="PUT_Window_Should_Return_404_When_Not_Exists" />
    </UnitTest>
    <UnitTest name="Tests.Integration.Backend.E2E.AuthenticationE2ETests.Complete_Authentication_Flow_Should_Work_End_To_End" storage="/home/runner/work/crud/crud/test/tests.integration.backend/bin/release/net8.0/tests.integration.backend.dll" id="46cfbc2c-72c5-516f-bca0-390b42b51d43">
      <Execution id="c4d92d75-251b-41ff-9a31-c86b2242472c" />
      <TestMethod codeBase="/home/runner/work/Crud/Crud/test/Tests.Integration.Backend/bin/Release/net8.0/Tests.Integration.Backend.dll" adapterTypeName="executor://xunit/VsTestRunner2/netcoreapp" className="Tests.Integration.Backend.E2E.AuthenticationE2ETests" name="Complete_Authentication_Flow_Should_Work_End_To_End" />
    </UnitTest>
    <UnitTest name="Tests.Integration.Backend.Controllers.AuthControllerTests.POST_Login_Should_Return_Tokens_For_Valid_Credentials" storage="/home/runner/work/crud/crud/test/tests.integration.backend/bin/release/net8.0/tests.integration.backend.dll" id="53592f08-0da7-0cd5-09c9-a1ba0d87949c">
      <Execution id="10c4994c-b327-4472-b334-ca52c18f48fb" />
      <TestMethod codeBase="/home/runner/work/Crud/Crud/test/Tests.Integration.Backend/bin/Release/net8.0/Tests.Integration.Backend.dll" adapterTypeName="executor://xunit/VsTestRunner2/netcoreapp" className="Tests.Integration.Backend.Controllers.AuthControllerTests" name="POST_Login_Should_Return_Tokens_For_Valid_Credentials" />
    </UnitTest>
    <UnitTest name="Tests.Integration.Backend.Controllers.ApiHealthTests.API_Should_Handle_Invalid_HTTP_Methods" storage="/home/runner/work/crud/crud/test/tests.integration.backend/bin/release/net8.0/tests.integration.backend.dll" id="47dc67ee-ce10-2cea-0c24-ab118e917beb">
      <Execution id="d6775857-ed0f-413a-a39f-882466ed6d40" />
      <TestMethod codeBase="/home/runner/work/Crud/Crud/test/Tests.Integration.Backend/bin/Release/net8.0/Tests.Integration.Backend.dll" adapterTypeName="executor://xunit/VsTestRunner2/netcoreapp" className="Tests.Integration.Backend.Controllers.ApiHealthTests" name="API_Should_Handle_Invalid_HTTP_Methods" />
    </UnitTest>
    <UnitTest name="Tests.Integration.Backend.Controllers.WindowsControllerTests.GET_Window_By_Id_Should_Return_Window_When_Exists" storage="/home/runner/work/crud/crud/test/tests.integration.backend/bin/release/net8.0/tests.integration.backend.dll" id="fd587af6-8ac9-79bb-4579-c4177d8d0828">
      <Execution id="d9f0a71c-c775-4933-918f-b840f435a467" />
      <TestMethod codeBase="/home/runner/work/Crud/Crud/test/Tests.Integration.Backend/bin/Release/net8.0/Tests.Integration.Backend.dll" adapterTypeName="executor://xunit/VsTestRunner2/netcoreapp" className="Tests.Integration.Backend.Controllers.WindowsControllerTests" name="GET_Window_By_Id_Should_Return_Window_When_Exists" />
    </UnitTest>
    <UnitTest name="Tests.Integration.Backend.Controllers.AuthControllerPasswordResetTests.POST_ResetPassword_WithWeakPassword_Should_Return_Error" storage="/home/runner/work/crud/crud/test/tests.integration.backend/bin/release/net8.0/tests.integration.backend.dll" id="7810a33a-ed10-21b4-237d-f07ca1a37883">
      <Execution id="6b5250e6-00e2-4f9e-8781-2e6f4b1f95a4" />
      <TestMethod codeBase="/home/runner/work/Crud/Crud/test/Tests.Integration.Backend/bin/Release/net8.0/Tests.Integration.Backend.dll" adapterTypeName="executor://xunit/VsTestRunner2/netcoreapp" className="Tests.Integration.Backend.Controllers.AuthControllerPasswordResetTests" name="POST_ResetPassword_WithWeakPassword_Should_Return_Error" />
    </UnitTest>
    <UnitTest name="Tests.Integration.Backend.Controllers.WallsControllerTests.Walls_Should_Persist_Timestamps_Correctly" storage="/home/runner/work/crud/crud/test/tests.integration.backend/bin/release/net8.0/tests.integration.backend.dll" id="a4e7fe1d-8462-8e20-a217-708cdc9d8f6a">
      <Execution id="69edd40f-4bf3-42d1-88ee-cf0472e26f2a" />
      <TestMethod codeBase="/home/runner/work/Crud/Crud/test/Tests.Integration.Backend/bin/Release/net8.0/Tests.Integration.Backend.dll" adapterTypeName="executor://xunit/VsTestRunner2/netcoreapp" className="Tests.Integration.Backend.Controllers.WallsControllerTests" name="Walls_Should_Persist_Timestamps_Correctly" />
    </UnitTest>
    <UnitTest name="Tests.Integration.Backend.OutputCaching.CacheInvalidationTests.PostPerson_ShouldInvalidateListCache" storage="/home/runner/work/crud/crud/test/tests.integration.backend/bin/release/net8.0/tests.integration.backend.dll" id="1a8b33fa-e8e7-c5c8-b527-0b5fd94498f4">
      <Execution id="c32e4625-20d8-40ba-93b3-5f5c47ad40c9" />
      <TestMethod codeBase="/home/runner/work/Crud/Crud/test/Tests.Integration.Backend/bin/Release/net8.0/Tests.Integration.Backend.dll" adapterTypeName="executor://xunit/VsTestRunner2/netcoreapp" className="Tests.Integration.Backend.OutputCaching.CacheInvalidationTests" name="PostPerson_ShouldInvalidateListCache" />
    </UnitTest>
    <UnitTest name="Tests.Integration.Backend.Controllers.WindowsControllerTests.Windows_Should_Persist_Energy_Efficiency_Data" storage="/home/runner/work/crud/crud/test/tests.integration.backend/bin/release/net8.0/tests.integration.backend.dll" id="5d6d527c-ff6b-65d9-2afb-cc1214f1f646">
      <Execution id="5925044f-1b2a-497d-a13c-4871b9d972be" />
      <TestMethod codeBase="/home/runner/work/Crud/Crud/test/Tests.Integration.Backend/bin/Release/net8.0/Tests.Integration.Backend.dll" adapterTypeName="executor://xunit/VsTestRunner2/netcoreapp" className="Tests.Integration.Backend.Controllers.WindowsControllerTests" name="Windows_Should_Persist_Energy_Efficiency_Data" />
    </UnitTest>
    <UnitTest name="Tests.Integration.Backend.Controllers.WindowsControllerTests.GET_Window_By_Id_Should_Return_404_When_Not_Exists" storage="/home/runner/work/crud/crud/test/tests.integration.backend/bin/release/net8.0/tests.integration.backend.dll" id="494ff55a-87c7-5f37-d44c-a6dbdeeb90c7">
      <Execution id="3b369ac3-96fd-49f8-a351-6c25f708ad82" />
      <TestMethod codeBase="/home/runner/work/Crud/Crud/test/Tests.Integration.Backend/bin/Release/net8.0/Tests.Integration.Backend.dll" adapterTypeName="executor://xunit/VsTestRunner2/netcoreapp" className="Tests.Integration.Backend.Controllers.WindowsControllerTests" name="GET_Window_By_Id_Should_Return_404_When_Not_Exists" />
    </UnitTest>
    <UnitTest name="Tests.Integration.Backend.Controllers.RolesControllerTests.POST_Roles_Should_Create_Role_And_Return_201" storage="/home/runner/work/crud/crud/test/tests.integration.backend/bin/release/net8.0/tests.integration.backend.dll" id="dc3d8a1b-91eb-4926-ce54-153010e68cad">
      <Execution id="edd6aeaf-113a-4d63-96a5-79774b047a59" />
      <TestMethod codeBase="/home/runner/work/Crud/Crud/test/Tests.Integration.Backend/bin/Release/net8.0/Tests.Integration.Backend.dll" adapterTypeName="executor://xunit/VsTestRunner2/netcoreapp" className="Tests.Integration.Backend.Controllers.RolesControllerTests" name="POST_Roles_Should_Create_Role_And_Return_201" />
    </UnitTest>
    <UnitTest name="Tests.Integration.Backend.Controllers.WallsControllerTests.DELETE_Wall_Should_Return_204_When_Not_Exists" storage="/home/runner/work/crud/crud/test/tests.integration.backend/bin/release/net8.0/tests.integration.backend.dll" id="dc62b2c0-66b3-fee4-dcd7-e086c4c46187">
      <Execution id="1026faaf-a71c-4698-93b0-8220b529654e" />
      <TestMethod codeBase="/home/runner/work/Crud/Crud/test/Tests.Integration.Backend/bin/Release/net8.0/Tests.Integration.Backend.dll" adapterTypeName="executor://xunit/VsTestRunner2/netcoreapp" className="Tests.Integration.Backend.Controllers.WallsControllerTests" name="DELETE_Wall_Should_Return_204_When_Not_Exists" />
    </UnitTest>
    <UnitTest name="Tests.Integration.Backend.Compression.ResponseCompressionTests.ApiResponse_ShouldBeCompressed_WhenClientSupportsBrotli" storage="/home/runner/work/crud/crud/test/tests.integration.backend/bin/release/net8.0/tests.integration.backend.dll" id="8feb6ba1-0aea-ccd4-705a-a363165ab119">
      <Execution id="5917d0cc-c4e2-4f74-9d24-eb758ca49cbb" />
      <TestMethod codeBase="/home/runner/work/Crud/Crud/test/Tests.Integration.Backend/bin/Release/net8.0/Tests.Integration.Backend.dll" adapterTypeName="executor://xunit/VsTestRunner2/netcoreapp" className="Tests.Integration.Backend.Compression.ResponseCompressionTests" name="ApiResponse_ShouldBeCompressed_WhenClientSupportsBrotli" />
    </UnitTest>
    <UnitTest name="Tests.Integration.Backend.Controllers.ApiHealthTests.API_Should_Return_JSON_Content_Type" storage="/home/runner/work/crud/crud/test/tests.integration.backend/bin/release/net8.0/tests.integration.backend.dll" id="96921323-114c-162a-b25a-d2db1a76a43f">
      <Execution id="61d6c29b-8356-4750-95a2-1a270ff6c09a" />
      <TestMethod codeBase="/home/runner/work/Crud/Crud/test/Tests.Integration.Backend/bin/Release/net8.0/Tests.Integration.Backend.dll" adapterTypeName="executor://xunit/VsTestRunner2/netcoreapp" className="Tests.Integration.Backend.Controllers.ApiHealthTests" name="API_Should_Return_JSON_Content_Type" />
    </UnitTest>
    <UnitTest name="Tests.Integration.Backend.Controllers.AuthControllerTests.Protected_Endpoint_Should_Return_OK_With_Valid_Token" storage="/home/runner/work/crud/crud/test/tests.integration.backend/bin/release/net8.0/tests.integration.backend.dll" id="bc66b42a-da4a-96c7-2103-52f52cf67ffd">
      <Execution id="db187626-0430-48a3-804c-a0a7fd37c67c" />
      <TestMethod codeBase="/home/runner/work/Crud/Crud/test/Tests.Integration.Backend/bin/Release/net8.0/Tests.Integration.Backend.dll" adapterTypeName="executor://xunit/VsTestRunner2/netcoreapp" className="Tests.Integration.Backend.Controllers.AuthControllerTests" name="Protected_Endpoint_Should_Return_OK_With_Valid_Token" />
    </UnitTest>
    <UnitTest name="Tests.Integration.Backend.Compression.StaticFileCompressionTests.CompressedStaticFiles_ShouldHaveVaryHeader" storage="/home/runner/work/crud/crud/test/tests.integration.backend/bin/release/net8.0/tests.integration.backend.dll" id="dd89f673-671f-182c-819f-0c99c5f63d13">
      <Execution id="e0e9d466-59a6-4fc8-b84e-d8754e0e2b87" />
      <TestMethod codeBase="/home/runner/work/Crud/Crud/test/Tests.Integration.Backend/bin/Release/net8.0/Tests.Integration.Backend.dll" adapterTypeName="executor://xunit/VsTestRunner2/netcoreapp" className="Tests.Integration.Backend.Compression.StaticFileCompressionTests" name="CompressedStaticFiles_ShouldHaveVaryHeader" />
    </UnitTest>
    <UnitTest name="Tests.Integration.Backend.OutputCaching.ConditionalRequestTests.GetRequest_WithIfModifiedSince_ShouldReturn304_WhenNotModified" storage="/home/runner/work/crud/crud/test/tests.integration.backend/bin/release/net8.0/tests.integration.backend.dll" id="97379147-d8b9-39e9-e5ac-c96169fc4948">
      <Execution id="8f81d5cc-64d1-487f-a70a-689f7b54f8c6" />
      <TestMethod codeBase="/home/runner/work/Crud/Crud/test/Tests.Integration.Backend/bin/Release/net8.0/Tests.Integration.Backend.dll" adapterTypeName="executor://xunit/VsTestRunner2/netcoreapp" className="Tests.Integration.Backend.OutputCaching.ConditionalRequestTests" name="GetRequest_WithIfModifiedSince_ShouldReturn304_WhenNotModified" />
    </UnitTest>
    <UnitTest name="Tests.Integration.Backend.Controllers.ApiHealthTests.All_Controllers_Should_Be_Accessible(endpoint: &quot;/api/people&quot;)" storage="/home/runner/work/crud/crud/test/tests.integration.backend/bin/release/net8.0/tests.integration.backend.dll" id="06054800-c7da-a693-e1d3-d81d35d825c2">
      <Execution id="66847da9-7cf2-4557-9f9f-f2db9366776e" />
      <TestMethod codeBase="/home/runner/work/Crud/Crud/test/Tests.Integration.Backend/bin/Release/net8.0/Tests.Integration.Backend.dll" adapterTypeName="executor://xunit/VsTestRunner2/netcoreapp" className="Tests.Integration.Backend.Controllers.ApiHealthTests" name="All_Controllers_Should_Be_Accessible" />
    </UnitTest>
    <UnitTest name="Tests.Integration.Backend.Controllers.RolesControllerTests.Roles_Should_Persist_Across_Requests" storage="/home/runner/work/crud/crud/test/tests.integration.backend/bin/release/net8.0/tests.integration.backend.dll" id="4fd1e2d8-0d90-8547-c5f7-6f4689c0269c">
      <Execution id="97b0db0b-13a1-4bc3-b37a-5d9dbfe1ab21" />
      <TestMethod codeBase="/home/runner/work/Crud/Crud/test/Tests.Integration.Backend/bin/Release/net8.0/Tests.Integration.Backend.dll" adapterTypeName="executor://xunit/VsTestRunner2/netcoreapp" className="Tests.Integration.Backend.Controllers.RolesControllerTests" name="Roles_Should_Persist_Across_Requests" />
    </UnitTest>
    <UnitTest name="Tests.Integration.Backend.Controllers.ApiHealthTests.API_Should_Handle_Malformed_JSON" storage="/home/runner/work/crud/crud/test/tests.integration.backend/bin/release/net8.0/tests.integration.backend.dll" id="9fb85c0b-c781-4485-f6e0-88690963221a">
      <Execution id="8feb4c30-ced9-45bc-936d-d694a83829f2" />
      <TestMethod codeBase="/home/runner/work/Crud/Crud/test/Tests.Integration.Backend/bin/Release/net8.0/Tests.Integration.Backend.dll" adapterTypeName="executor://xunit/VsTestRunner2/netcoreapp" className="Tests.Integration.Backend.Controllers.ApiHealthTests" name="API_Should_Handle_Malformed_JSON" />
    </UnitTest>
    <UnitTest name="Tests.Integration.Backend.OutputCaching.OutputCachingConfigurationTests.OutputCaching_ShouldHaveNamedPolicies" storage="/home/runner/work/crud/crud/test/tests.integration.backend/bin/release/net8.0/tests.integration.backend.dll" id="02f305ed-30cd-4399-cb1c-75d62f144801">
      <Execution id="aed07817-1bd3-4257-8936-24cb8b7d4d91" />
      <TestMethod codeBase="/home/runner/work/Crud/Crud/test/Tests.Integration.Backend/bin/Release/net8.0/Tests.Integration.Backend.dll" adapterTypeName="executor://xunit/VsTestRunner2/netcoreapp" className="Tests.Integration.Backend.OutputCaching.OutputCachingConfigurationTests" name="OutputCaching_ShouldHaveNamedPolicies" />
    </UnitTest>
    <UnitTest name="Tests.Integration.Backend.Controllers.ApiHealthTests.All_Endpoints_Should_Support_Expected_HTTP_Methods(method: &quot;GET&quot;, endpoint: &quot;/api/windows&quot;)" storage="/home/runner/work/crud/crud/test/tests.integration.backend/bin/release/net8.0/tests.integration.backend.dll" id="aaddc149-d8b9-e302-ef68-034ece67c17b">
      <Execution id="e50ce1cc-8f5d-43aa-ab02-b5938e000a39" />
      <TestMethod codeBase="/home/runner/work/Crud/Crud/test/Tests.Integration.Backend/bin/Release/net8.0/Tests.Integration.Backend.dll" adapterTypeName="executor://xunit/VsTestRunner2/netcoreapp" className="Tests.Integration.Backend.Controllers.ApiHealthTests" name="All_Endpoints_Should_Support_Expected_HTTP_Methods" />
    </UnitTest>
    <UnitTest name="Tests.Integration.Backend.Compression.StaticFileCompressionTests.StaticFiles_ShouldHaveCorrectContentTypes" storage="/home/runner/work/crud/crud/test/tests.integration.backend/bin/release/net8.0/tests.integration.backend.dll" id="fce1fb25-ab7d-1dd5-5d83-ba39255b0e9a">
      <Execution id="b004ee7b-d20f-4017-b029-8deee54c1c3e" />
      <TestMethod codeBase="/home/runner/work/Crud/Crud/test/Tests.Integration.Backend/bin/Release/net8.0/Tests.Integration.Backend.dll" adapterTypeName="executor://xunit/VsTestRunner2/netcoreapp" className="Tests.Integration.Backend.Compression.StaticFileCompressionTests" name="StaticFiles_ShouldHaveCorrectContentTypes" />
    </UnitTest>
    <UnitTest name="Tests.Integration.Backend.Controllers.AuthControllerTests.POST_Register_Should_Create_User_And_Return_Tokens" storage="/home/runner/work/crud/crud/test/tests.integration.backend/bin/release/net8.0/tests.integration.backend.dll" id="17dbb37c-0ae3-4711-733a-8ec5b81611d9">
      <Execution id="fef67382-fb80-41f2-abb9-4208a2d31e0a" />
      <TestMethod codeBase="/home/runner/work/Crud/Crud/test/Tests.Integration.Backend/bin/Release/net8.0/Tests.Integration.Backend.dll" adapterTypeName="executor://xunit/VsTestRunner2/netcoreapp" className="Tests.Integration.Backend.Controllers.AuthControllerTests" name="POST_Register_Should_Create_User_And_Return_Tokens" />
    </UnitTest>
    <UnitTest name="Tests.Integration.Backend.OutputCaching.CachingE2ETests.CacheInvalidation_ShouldWorkAcrossEntities" storage="/home/runner/work/crud/crud/test/tests.integration.backend/bin/release/net8.0/tests.integration.backend.dll" id="19212179-02a1-0bfe-fef4-7e3682270e04">
      <Execution id="f03c7922-bb59-4fcf-a60a-14d1250a1aa2" />
      <TestMethod codeBase="/home/runner/work/Crud/Crud/test/Tests.Integration.Backend/bin/Release/net8.0/Tests.Integration.Backend.dll" adapterTypeName="executor://xunit/VsTestRunner2/netcoreapp" className="Tests.Integration.Backend.OutputCaching.CachingE2ETests" name="CacheInvalidation_ShouldWorkAcrossEntities" />
    </UnitTest>
    <UnitTest name="Tests.Integration.Backend.Controllers.ApiHealthTests.All_Endpoints_Should_Support_Expected_HTTP_Methods(method: &quot;POST&quot;, endpoint: &quot;/api/windows&quot;)" storage="/home/runner/work/crud/crud/test/tests.integration.backend/bin/release/net8.0/tests.integration.backend.dll" id="1089b26f-11d1-1b14-2fb8-2326613cba50">
      <Execution id="8bcb3033-c5b2-4473-b2af-91ffe085e9c9" />
      <TestMethod codeBase="/home/runner/work/Crud/Crud/test/Tests.Integration.Backend/bin/Release/net8.0/Tests.Integration.Backend.dll" adapterTypeName="executor://xunit/VsTestRunner2/netcoreapp" className="Tests.Integration.Backend.Controllers.ApiHealthTests" name="All_Endpoints_Should_Support_Expected_HTTP_Methods" />
    </UnitTest>
    <UnitTest name="Tests.Integration.Backend.OutputCaching.CachingE2ETests.AllCachedEndpoints_ShouldReturnCacheHeaders(endpoint: &quot;/api/windows&quot;)" storage="/home/runner/work/crud/crud/test/tests.integration.backend/bin/release/net8.0/tests.integration.backend.dll" id="585749df-18b6-91ed-3a17-d18e3a118780">
      <Execution id="a87748c4-fabe-4845-9a99-3f46e630fa74" />
      <TestMethod codeBase="/home/runner/work/Crud/Crud/test/Tests.Integration.Backend/bin/Release/net8.0/Tests.Integration.Backend.dll" adapterTypeName="executor://xunit/VsTestRunner2/netcoreapp" className="Tests.Integration.Backend.OutputCaching.CachingE2ETests" name="AllCachedEndpoints_ShouldReturnCacheHeaders" />
    </UnitTest>
    <UnitTest name="Tests.Integration.Backend.Controllers.WallsControllerTests.POST_Walls_Should_Return_400_For_Invalid_Data" storage="/home/runner/work/crud/crud/test/tests.integration.backend/bin/release/net8.0/tests.integration.backend.dll" id="39e1ba24-0a2a-e8f7-d815-046e06e37c3f">
      <Execution id="08dab5ad-6578-4c51-bea1-c460b24cc665" />
      <TestMethod codeBase="/home/runner/work/Crud/Crud/test/Tests.Integration.Backend/bin/Release/net8.0/Tests.Integration.Backend.dll" adapterTypeName="executor://xunit/VsTestRunner2/netcoreapp" className="Tests.Integration.Backend.Controllers.WallsControllerTests" name="POST_Walls_Should_Return_400_For_Invalid_Data" />
    </UnitTest>
    <UnitTest name="Tests.Integration.Backend.Controllers.ApiHealthTests.All_Controllers_Should_Be_Accessible(endpoint: &quot;/api/windows&quot;)" storage="/home/runner/work/crud/crud/test/tests.integration.backend/bin/release/net8.0/tests.integration.backend.dll" id="516b5511-ab51-be62-9f5e-ce253f082ce3">
      <Execution id="7097751d-242c-40cf-978a-73d29defb139" />
      <TestMethod codeBase="/home/runner/work/Crud/Crud/test/Tests.Integration.Backend/bin/Release/net8.0/Tests.Integration.Backend.dll" adapterTypeName="executor://xunit/VsTestRunner2/netcoreapp" className="Tests.Integration.Backend.Controllers.ApiHealthTests" name="All_Controllers_Should_Be_Accessible" />
    </UnitTest>
    <UnitTest name="Tests.Integration.Backend.Controllers.PeopleControllerTests.DELETE_People_Should_Return_204_For_NonExistent_Person" storage="/home/runner/work/crud/crud/test/tests.integration.backend/bin/release/net8.0/tests.integration.backend.dll" id="3ae9a197-02ed-3bf8-219d-823a522da5f1">
      <Execution id="833b246d-e4ea-401c-929b-5ec4d35a7a0d" />
      <TestMethod codeBase="/home/runner/work/Crud/Crud/test/Tests.Integration.Backend/bin/Release/net8.0/Tests.Integration.Backend.dll" adapterTypeName="executor://xunit/VsTestRunner2/netcoreapp" className="Tests.Integration.Backend.Controllers.PeopleControllerTests" name="DELETE_People_Should_Return_204_For_NonExistent_Person" />
    </UnitTest>
    <UnitTest name="Tests.Integration.Backend.E2E.AuthenticationE2ETests.Login_Should_Fail_With_Invalid_Credentials" storage="/home/runner/work/crud/crud/test/tests.integration.backend/bin/release/net8.0/tests.integration.backend.dll" id="ca246cb1-0b00-e31f-8cae-0e70703e829e">
      <Execution id="41da8528-2da7-448b-8273-fa6f7b7b2cc6" />
      <TestMethod codeBase="/home/runner/work/Crud/Crud/test/Tests.Integration.Backend/bin/Release/net8.0/Tests.Integration.Backend.dll" adapterTypeName="executor://xunit/VsTestRunner2/netcoreapp" className="Tests.Integration.Backend.E2E.AuthenticationE2ETests" name="Login_Should_Fail_With_Invalid_Credentials" />
    </UnitTest>
    <UnitTest name="Tests.Integration.Backend.Controllers.RolesControllerTests.GET_Roles_Should_Return_Empty_List_Initially" storage="/home/runner/work/crud/crud/test/tests.integration.backend/bin/release/net8.0/tests.integration.backend.dll" id="59c1b068-0fcd-d32e-da01-b21421cb74d4">
      <Execution id="53b8ec87-ab36-4e01-abdf-bb27baf557dd" />
      <TestMethod codeBase="/home/runner/work/Crud/Crud/test/Tests.Integration.Backend/bin/Release/net8.0/Tests.Integration.Backend.dll" adapterTypeName="executor://xunit/VsTestRunner2/netcoreapp" className="Tests.Integration.Backend.Controllers.RolesControllerTests" name="GET_Roles_Should_Return_Empty_List_Initially" />
    </UnitTest>
    <UnitTest name="Tests.Integration.Backend.Controllers.AuthControllerPasswordResetTests.Complete_Password_Reset_Workflow_Should_Work" storage="/home/runner/work/crud/crud/test/tests.integration.backend/bin/release/net8.0/tests.integration.backend.dll" id="55dddd7e-5762-c034-d77c-c5f90ba94706">
      <Execution id="35b3db79-52c8-45c0-a5e0-8734a43d1ef3" />
      <TestMethod codeBase="/home/runner/work/Crud/Crud/test/Tests.Integration.Backend/bin/Release/net8.0/Tests.Integration.Backend.dll" adapterTypeName="executor://xunit/VsTestRunner2/netcoreapp" className="Tests.Integration.Backend.Controllers.AuthControllerPasswordResetTests" name="Complete_Password_Reset_Workflow_Should_Work" />
    </UnitTest>
    <UnitTest name="Tests.Integration.Backend.Controllers.WindowsControllerTests.GET_Windows_Should_Return_All_Windows" storage="/home/runner/work/crud/crud/test/tests.integration.backend/bin/release/net8.0/tests.integration.backend.dll" id="d9ffd841-a3fd-b913-e8c1-55347431d17d">
      <Execution id="73474376-8ef8-4809-9afc-0ad755827dfb" />
      <TestMethod codeBase="/home/runner/work/Crud/Crud/test/Tests.Integration.Backend/bin/Release/net8.0/Tests.Integration.Backend.dll" adapterTypeName="executor://xunit/VsTestRunner2/netcoreapp" className="Tests.Integration.Backend.Controllers.WindowsControllerTests" name="GET_Windows_Should_Return_All_Windows" />
    </UnitTest>
    <UnitTest name="Tests.Integration.Backend.Controllers.DatabaseControllerTests.POST_Database_Reset_Should_Return_Unauthorized_Without_Valid_Token" storage="/home/runner/work/crud/crud/test/tests.integration.backend/bin/release/net8.0/tests.integration.backend.dll" id="b5dacbe5-c50b-ea4a-e128-040bd713ffe8">
      <Execution id="03cffd05-52b7-4c32-8f7b-f736171b0f60" />
      <TestMethod codeBase="/home/runner/work/Crud/Crud/test/Tests.Integration.Backend/bin/Release/net8.0/Tests.Integration.Backend.dll" adapterTypeName="executor://xunit/VsTestRunner2/netcoreapp" className="Tests.Integration.Backend.Controllers.DatabaseControllerTests" name="POST_Database_Reset_Should_Return_Unauthorized_Without_Valid_Token" />
    </UnitTest>
    <UnitTest name="Tests.Integration.Backend.Controllers.AuthControllerPasswordResetTests.POST_ResetPassword_WithInvalidToken_Should_Return_Error" storage="/home/runner/work/crud/crud/test/tests.integration.backend/bin/release/net8.0/tests.integration.backend.dll" id="87f4b6f2-4d01-15e3-8fa0-456f1577e608">
      <Execution id="bfea48be-3b3a-4fd8-9ba1-680217c76a5f" />
      <TestMethod codeBase="/home/runner/work/Crud/Crud/test/Tests.Integration.Backend/bin/Release/net8.0/Tests.Integration.Backend.dll" adapterTypeName="executor://xunit/VsTestRunner2/netcoreapp" className="Tests.Integration.Backend.Controllers.AuthControllerPasswordResetTests" name="POST_ResetPassword_WithInvalidToken_Should_Return_Error" />
    </UnitTest>
    <UnitTest name="Tests.Integration.Backend.Controllers.RolesControllerTests.POST_Role_Should_Handle_Null_Description" storage="/home/runner/work/crud/crud/test/tests.integration.backend/bin/release/net8.0/tests.integration.backend.dll" id="48288144-3004-3fb6-5971-16808e53c3e3">
      <Execution id="059157fa-0f35-4b26-8251-53949c5019ca" />
      <TestMethod codeBase="/home/runner/work/Crud/Crud/test/Tests.Integration.Backend/bin/Release/net8.0/Tests.Integration.Backend.dll" adapterTypeName="executor://xunit/VsTestRunner2/netcoreapp" className="Tests.Integration.Backend.Controllers.RolesControllerTests" name="POST_Role_Should_Handle_Null_Description" />
    </UnitTest>
    <UnitTest name="Tests.Integration.Backend.Controllers.ApiHealthTests.All_Endpoints_Should_Support_Expected_HTTP_Methods(method: &quot;POST&quot;, endpoint: &quot;/api/walls&quot;)" storage="/home/runner/work/crud/crud/test/tests.integration.backend/bin/release/net8.0/tests.integration.backend.dll" id="5fe2d973-b7ff-5b61-b9d0-9afdc13b9ebf">
      <Execution id="41ad5f17-bf65-4feb-b7fb-6a9b9e9892f5" />
      <TestMethod codeBase="/home/runner/work/Crud/Crud/test/Tests.Integration.Backend/bin/Release/net8.0/Tests.Integration.Backend.dll" adapterTypeName="executor://xunit/VsTestRunner2/netcoreapp" className="Tests.Integration.Backend.Controllers.ApiHealthTests" name="All_Endpoints_Should_Support_Expected_HTTP_Methods" />
    </UnitTest>
    <UnitTest name="Tests.Integration.Backend.Compression.ResponseCompressionTests.HttpsResponse_ShouldSupportCompression" storage="/home/runner/work/crud/crud/test/tests.integration.backend/bin/release/net8.0/tests.integration.backend.dll" id="d0fa0570-460f-ec62-156b-5af9612d66a8">
      <Execution id="50e251dd-23af-49a4-875c-2b34d53ae3ce" />
      <TestMethod codeBase="/home/runner/work/Crud/Crud/test/Tests.Integration.Backend/bin/Release/net8.0/Tests.Integration.Backend.dll" adapterTypeName="executor://xunit/VsTestRunner2/netcoreapp" className="Tests.Integration.Backend.Compression.ResponseCompressionTests" name="HttpsResponse_ShouldSupportCompression" />
    </UnitTest>
    <UnitTest name="Tests.Integration.Backend.Controllers.DatabaseControllerTests.GET_Database_VerifyIntegrity_Should_Return_Integrity_Check_Result" storage="/home/runner/work/crud/crud/test/tests.integration.backend/bin/release/net8.0/tests.integration.backend.dll" id="ff9b3969-a7f6-2222-47ce-4595f8d0cb7e">
      <Execution id="178a386c-f429-46d9-954b-3062b5e4203c" />
      <TestMethod codeBase="/home/runner/work/Crud/Crud/test/Tests.Integration.Backend/bin/Release/net8.0/Tests.Integration.Backend.dll" adapterTypeName="executor://xunit/VsTestRunner2/netcoreapp" className="Tests.Integration.Backend.Controllers.DatabaseControllerTests" name="GET_Database_VerifyIntegrity_Should_Return_Integrity_Check_Result" />
    </UnitTest>
    <UnitTest name="Tests.Integration.Backend.Controllers.DatabaseControllerTests.POST_Database_Reset_Should_Reset_Database_With_Valid_Token" storage="/home/runner/work/crud/crud/test/tests.integration.backend/bin/release/net8.0/tests.integration.backend.dll" id="b669f2ae-31fe-37d1-6d74-8de9a66812e1">
      <Execution id="cf0dee9b-a6c0-42c2-b0da-48455811b51d" />
      <TestMethod codeBase="/home/runner/work/Crud/Crud/test/Tests.Integration.Backend/bin/Release/net8.0/Tests.Integration.Backend.dll" adapterTypeName="executor://xunit/VsTestRunner2/netcoreapp" className="Tests.Integration.Backend.Controllers.DatabaseControllerTests" name="POST_Database_Reset_Should_Reset_Database_With_Valid_Token" />
    </UnitTest>
    <UnitTest name="Tests.Integration.Backend.OutputCaching.CachingE2ETests.CachePerformance_ShouldShowSignificantImprovement" storage="/home/runner/work/crud/crud/test/tests.integration.backend/bin/release/net8.0/tests.integration.backend.dll" id="de79744e-fb76-44fa-6422-be59e037cde5">
      <Execution id="72e713b6-883e-4e38-8b79-1211bf7373b6" />
      <TestMethod codeBase="/home/runner/work/Crud/Crud/test/Tests.Integration.Backend/bin/Release/net8.0/Tests.Integration.Backend.dll" adapterTypeName="executor://xunit/VsTestRunner2/netcoreapp" className="Tests.Integration.Backend.OutputCaching.CachingE2ETests" name="CachePerformance_ShouldShowSignificantImprovement" />
    </UnitTest>
    <UnitTest name="Tests.Integration.Backend.OutputCaching.CacheInvalidationTests.PostWall_ShouldInvalidateWallsCache" storage="/home/runner/work/crud/crud/test/tests.integration.backend/bin/release/net8.0/tests.integration.backend.dll" id="7ad6cdf7-78b9-6f08-7531-fe00a6e266bc">
      <Execution id="10a3db3f-d4d3-4990-924c-58addefa6dea" />
      <TestMethod codeBase="/home/runner/work/Crud/Crud/test/Tests.Integration.Backend/bin/Release/net8.0/Tests.Integration.Backend.dll" adapterTypeName="executor://xunit/VsTestRunner2/netcoreapp" className="Tests.Integration.Backend.OutputCaching.CacheInvalidationTests" name="PostWall_ShouldInvalidateWallsCache" />
    </UnitTest>
    <UnitTest name="Tests.Integration.Backend.Compression.StaticFileCompressionTests.CssFile_ShouldBeCompressed_WhenClientSupportsBrotli" storage="/home/runner/work/crud/crud/test/tests.integration.backend/bin/release/net8.0/tests.integration.backend.dll" id="f6484c9f-d44d-28f7-583b-e91d4b7f5382">
      <Execution id="f3d591ba-b0bb-4436-bcad-855dd77d2cb9" />
      <TestMethod codeBase="/home/runner/work/Crud/Crud/test/Tests.Integration.Backend/bin/Release/net8.0/Tests.Integration.Backend.dll" adapterTypeName="executor://xunit/VsTestRunner2/netcoreapp" className="Tests.Integration.Backend.Compression.StaticFileCompressionTests" name="CssFile_ShouldBeCompressed_WhenClientSupportsBrotli" />
    </UnitTest>
    <UnitTest name="Tests.Integration.Backend.OutputCaching.CachingE2ETests.ConcurrentRequests_ShouldBeCachedEfficiently" storage="/home/runner/work/crud/crud/test/tests.integration.backend/bin/release/net8.0/tests.integration.backend.dll" id="fb20298c-4879-8f71-4e88-e39a0110f3e6">
      <Execution id="0afca204-4f58-4578-bce4-6c5957a99956" />
      <TestMethod codeBase="/home/runner/work/Crud/Crud/test/Tests.Integration.Backend/bin/Release/net8.0/Tests.Integration.Backend.dll" adapterTypeName="executor://xunit/VsTestRunner2/netcoreapp" className="Tests.Integration.Backend.OutputCaching.CachingE2ETests" name="ConcurrentRequests_ShouldBeCachedEfficiently" />
    </UnitTest>
  </TestDefinitions>
  <TestEntries>
    <TestEntry testId="5b94e67b-8161-a4c1-a97f-c638ed8f05ba" executionId="1f65f0c2-2c07-4038-b5f4-2f2d665c0ad4" testListId="8c84fa94-04c1-424b-9868-57a2d4851a1d" />
    <TestEntry testId="01f8b1a1-47e4-68c0-8cf3-4a745a731823" executionId="486fb12b-0b14-4170-bfa1-fec6ccf9e433" testListId="8c84fa94-04c1-424b-9868-57a2d4851a1d" />
    <TestEntry testId="dc62b2c0-66b3-fee4-dcd7-e086c4c46187" executionId="1026faaf-a71c-4698-93b0-8220b529654e" testListId="8c84fa94-04c1-424b-9868-57a2d4851a1d" />
    <TestEntry testId="76fbe764-5e84-e751-cc4c-187af70eca54" executionId="3387bbbd-b3ee-491b-9347-91729670aba5" testListId="8c84fa94-04c1-424b-9868-57a2d4851a1d" />
    <TestEntry testId="696a1e18-7066-ca21-55a7-645fa8e1a26a" executionId="9b398075-5ffd-423e-ad52-296aa187f737" testListId="8c84fa94-04c1-424b-9868-57a2d4851a1d" />
    <TestEntry testId="aaddc149-d8b9-e302-ef68-034ece67c17b" executionId="e50ce1cc-8f5d-43aa-ab02-b5938e000a39" testListId="8c84fa94-04c1-424b-9868-57a2d4851a1d" />
    <TestEntry testId="6ab30ede-2d43-e3c2-d85a-058d5fd2dee1" executionId="6aaeac44-6f55-4eff-a2a0-0bddcd5098e3" testListId="8c84fa94-04c1-424b-9868-57a2d4851a1d" />
    <TestEntry testId="b7695dc8-52d4-1e66-b81e-a27de7f041fc" executionId="2aab4722-01d8-45c7-b1e2-03b01000623d" testListId="8c84fa94-04c1-424b-9868-57a2d4851a1d" />
    <TestEntry testId="20da3b3a-c531-7fe5-3776-1e7b0c6c1d26" executionId="0e08aa66-1773-4153-bf73-e7f99d290c6d" testListId="8c84fa94-04c1-424b-9868-57a2d4851a1d" />
    <TestEntry testId="f63011fd-c6a3-fc9c-0ff5-216045de6e40" executionId="07d5393e-2e6e-4858-80f2-a1039c6bf741" testListId="8c84fa94-04c1-424b-9868-57a2d4851a1d" />
    <TestEntry testId="f7ccf265-e80b-872a-2ee9-60a9a3351b24" executionId="a3bacc44-55c9-4ed9-bf04-7ce1f35e1d41" testListId="8c84fa94-04c1-424b-9868-57a2d4851a1d" />
    <TestEntry testId="55dddd7e-5762-c034-d77c-c5f90ba94706" executionId="35b3db79-52c8-45c0-a5e0-8734a43d1ef3" testListId="8c84fa94-04c1-424b-9868-57a2d4851a1d" />
    <TestEntry testId="4e4996c7-f4bf-6a3f-b2c5-de38dd6676bb" executionId="115898ed-df8f-4718-977e-e02a129876c4" testListId="8c84fa94-04c1-424b-9868-57a2d4851a1d" />
    <TestEntry testId="58d6d3e1-eb4b-146c-6475-5a89377fd38d" executionId="3fba4517-ea1f-4b4c-9aa1-840557b9b6cd" testListId="8c84fa94-04c1-424b-9868-57a2d4851a1d" />
    <TestEntry testId="d818e0b1-081a-89e5-4910-f245961c9079" executionId="25c9731c-7eec-415f-b08b-0e2d34f1b55b" testListId="8c84fa94-04c1-424b-9868-57a2d4851a1d" />
    <TestEntry testId="28a5e352-3d95-d1b8-53ef-7edd0326a49c" executionId="13686d02-74bf-4631-9fb7-72e25645c78c" testListId="8c84fa94-04c1-424b-9868-57a2d4851a1d" />
    <TestEntry testId="3b2e3bce-af10-026c-a2ca-d924efcd601d" executionId="938a4101-fc3c-4fd8-8002-38357eaf4161" testListId="8c84fa94-04c1-424b-9868-57a2d4851a1d" />
    <TestEntry testId="84be9167-1ae7-c4b1-fa12-da145604b354" executionId="04cdf904-3b3b-4cb3-9630-c9e1a295d2f6" testListId="8c84fa94-04c1-424b-9868-57a2d4851a1d" />
    <TestEntry testId="42775960-58e6-9486-14ff-996dea311598" executionId="3cc9ff88-636d-497c-84fc-4fda17870963" testListId="8c84fa94-04c1-424b-9868-57a2d4851a1d" />
    <TestEntry testId="60dfb5c8-db46-6bbb-f8af-46af1d350941" executionId="a856789b-b653-433a-8da3-73581a51dca6" testListId="8c84fa94-04c1-424b-9868-57a2d4851a1d" />
    <TestEntry testId="fb20298c-4879-8f71-4e88-e39a0110f3e6" executionId="0afca204-4f58-4578-bce4-6c5957a99956" testListId="8c84fa94-04c1-424b-9868-57a2d4851a1d" />
    <TestEntry testId="575d783b-dbc0-13f3-17de-767c6d0c6111" executionId="9fd56d96-2ea4-4c66-a177-585fec70c620" testListId="8c84fa94-04c1-424b-9868-57a2d4851a1d" />
    <TestEntry testId="187ff446-ae11-3e2e-df34-66d33f545ac9" executionId="b1b1c006-a638-42e1-a060-c9f8a572cc06" testListId="8c84fa94-04c1-424b-9868-57a2d4851a1d" />
    <TestEntry testId="06592b62-9486-dc14-09e9-81aa1f2eb0eb" executionId="d80324fa-704e-4310-bfaf-2310b555695a" testListId="8c84fa94-04c1-424b-9868-57a2d4851a1d" />
    <TestEntry testId="5fe2d973-b7ff-5b61-b9d0-9afdc13b9ebf" executionId="41ad5f17-bf65-4feb-b7fb-6a9b9e9892f5" testListId="8c84fa94-04c1-424b-9868-57a2d4851a1d" />
    <TestEntry testId="7bc10e4f-5a04-518e-0136-35873081b204" executionId="de707768-76c2-4187-bd5e-2d61362cff18" testListId="8c84fa94-04c1-424b-9868-57a2d4851a1d" />
    <TestEntry testId="5d6d527c-ff6b-65d9-2afb-cc1214f1f646" executionId="5925044f-1b2a-497d-a13c-4871b9d972be" testListId="8c84fa94-04c1-424b-9868-57a2d4851a1d" />
    <TestEntry testId="9be21e93-9fc5-d98c-6abd-02370621f63e" executionId="57e83ce9-fa7a-4148-8e43-174929677e2b" testListId="8c84fa94-04c1-424b-9868-57a2d4851a1d" />
    <TestEntry testId="bc4ebe26-634c-986e-8a8c-e92c2437e06a" executionId="119a8461-f8d3-4cf1-bd13-ec0d53ba1ee0" testListId="8c84fa94-04c1-424b-9868-57a2d4851a1d" />
    <TestEntry testId="3f2238c8-a9eb-4aa1-b9fa-c736db0a92cb" executionId="9d6953ad-b4c8-4c9d-8066-938aae5969eb" testListId="8c84fa94-04c1-424b-9868-57a2d4851a1d" />
    <TestEntry testId="cce4bcb7-a8a4-30d2-f887-eca92f2b74be" executionId="d7c8037a-2d22-4842-a4f7-14ff274d628a" testListId="8c84fa94-04c1-424b-9868-57a2d4851a1d" />
    <TestEntry testId="47bac687-f373-0ca2-6e08-37ce4bb5fb7e" executionId="6dabf1cf-e5cf-4375-82d7-42e46c1b3a35" testListId="8c84fa94-04c1-424b-9868-57a2d4851a1d" />
    <TestEntry testId="6701ad16-b836-ee76-0566-4e5adb91c861" executionId="4b7d1930-b7d8-483e-b79e-8c86c2902835" testListId="8c84fa94-04c1-424b-9868-57a2d4851a1d" />
    <TestEntry testId="e883dfad-5803-12bb-5b1f-de2527fafd69" executionId="89671a25-44f3-4411-b756-4196c8bb1e7f" testListId="8c84fa94-04c1-424b-9868-57a2d4851a1d" />
    <TestEntry testId="1089b26f-11d1-1b14-2fb8-2326613cba50" executionId="8bcb3033-c5b2-4473-b2af-91ffe085e9c9" testListId="8c84fa94-04c1-424b-9868-57a2d4851a1d" />
    <TestEntry testId="a0e7a1c4-1639-53f1-ce02-5d2f760332a2" executionId="1d6f98c8-d3e6-4e07-bf0d-68855e13ee5f" testListId="8c84fa94-04c1-424b-9868-57a2d4851a1d" />
    <TestEntry testId="a509d6b0-b691-0a3b-74c8-b5408578a6d5" executionId="018c9d80-ae26-4253-8ef7-646fa305ba9d" testListId="8c84fa94-04c1-424b-9868-57a2d4851a1d" />
    <TestEntry testId="98463f55-b92d-02fc-1e9d-e879206d0dbe" executionId="3d80e4cf-9bcd-4ef6-980e-5a092ec6ca8e" testListId="8c84fa94-04c1-424b-9868-57a2d4851a1d" />
    <TestEntry testId="0dfe4e62-1a92-361e-05c3-42444e197ce6" executionId="858eb34a-e3bf-49f1-8bb2-cddf96f31850" testListId="8c84fa94-04c1-424b-9868-57a2d4851a1d" />
    <TestEntry testId="4b80b6dd-af6e-92d9-97c9-a8c31eb301db" executionId="0b45f572-fb8f-421f-9f26-c684d6ebaf15" testListId="8c84fa94-04c1-424b-9868-57a2d4851a1d" />
    <TestEntry testId="03a14d36-6f95-8492-bfd4-a25fff2f6772" executionId="b225a0e8-6cdc-4127-b58c-f5e0d5c72f29" testListId="8c84fa94-04c1-424b-9868-57a2d4851a1d" />
    <TestEntry testId="24b020ea-ff8d-51dc-4354-4d878d866f45" executionId="f6c22f68-25e6-42ae-8274-4c4d2243a8f4" testListId="8c84fa94-04c1-424b-9868-57a2d4851a1d" />
    <TestEntry testId="4ca138d0-3af0-bb0b-3bfb-df9507be5ed5" executionId="13f6ed2e-7de3-4acf-b034-46c289b7e09d" testListId="8c84fa94-04c1-424b-9868-57a2d4851a1d" />
    <TestEntry testId="7ad6cdf7-78b9-6f08-7531-fe00a6e266bc" executionId="10a3db3f-d4d3-4990-924c-58addefa6dea" testListId="8c84fa94-04c1-424b-9868-57a2d4851a1d" />
    <TestEntry testId="437f9b9e-301b-15b7-f72b-040911d1fd97" executionId="bcd38f86-2d04-4801-932e-90f3327386cc" testListId="8c84fa94-04c1-424b-9868-57a2d4851a1d" />
    <TestEntry testId="67c0dda5-90c3-5662-c072-7db17a34e9f0" executionId="14b54241-c748-431f-b6fd-ebd845004e41" testListId="8c84fa94-04c1-424b-9868-57a2d4851a1d" />
    <TestEntry testId="bc66b42a-da4a-96c7-2103-52f52cf67ffd" executionId="db187626-0430-48a3-804c-a0a7fd37c67c" testListId="8c84fa94-04c1-424b-9868-57a2d4851a1d" />
    <TestEntry testId="3aa435ad-a9a4-65ee-4bc9-21f73753b103" executionId="4387afa5-cb00-4e59-89cb-b2c99d3d5c98" testListId="8c84fa94-04c1-424b-9868-57a2d4851a1d" />
    <TestEntry testId="5ba1ea2b-a035-33f8-2d26-2c5753c3433e" executionId="d9b5ed5b-2439-44a1-b150-dc26610b7168" testListId="8c84fa94-04c1-424b-9868-57a2d4851a1d" />
    <TestEntry testId="a4e7fe1d-8462-8e20-a217-708cdc9d8f6a" executionId="69edd40f-4bf3-42d1-88ee-cf0472e26f2a" testListId="8c84fa94-04c1-424b-9868-57a2d4851a1d" />
    <TestEntry testId="8231f168-9927-9d00-f91d-f5006f875a5b" executionId="0154a663-6251-4302-aec0-164db37c29f4" testListId="8c84fa94-04c1-424b-9868-57a2d4851a1d" />
    <TestEntry testId="43b9d173-0889-c0cd-91e8-55b0783b32ae" executionId="b39777ba-0a6e-481d-b30e-2c94166460cd" testListId="8c84fa94-04c1-424b-9868-57a2d4851a1d" />
    <TestEntry testId="8feb6ba1-0aea-ccd4-705a-a363165ab119" executionId="5917d0cc-c4e2-4f74-9d24-eb758ca49cbb" testListId="8c84fa94-04c1-424b-9868-57a2d4851a1d" />
    <TestEntry testId="74c46e58-3df7-a0cc-53b5-5247c5480908" executionId="0b9a950f-c194-47c0-a24b-93ecc501472d" testListId="8c84fa94-04c1-424b-9868-57a2d4851a1d" />
    <TestEntry testId="5250d740-754a-3ba2-19d9-7b7107d87e03" executionId="3fe6b885-80f3-4f20-b3eb-a7eefc85d552" testListId="8c84fa94-04c1-424b-9868-57a2d4851a1d" />
    <TestEntry testId="a46a2a4d-c658-0cec-efdf-8b3a220df306" executionId="a1d12234-f731-4d61-93f1-874f2d4f2742" testListId="8c84fa94-04c1-424b-9868-57a2d4851a1d" />
    <TestEntry testId="1c428206-078b-ef8a-981a-72b75853f6ff" executionId="4ce0d067-ee92-480e-a996-5bd7c51e82d4" testListId="8c84fa94-04c1-424b-9868-57a2d4851a1d" />
    <TestEntry testId="9805b897-cbb6-397d-b557-62afcb8b9211" executionId="ba924c02-117a-4fa9-a69a-7c5e8891cd09" testListId="8c84fa94-04c1-424b-9868-57a2d4851a1d" />
    <TestEntry testId="dd89f673-671f-182c-819f-0c99c5f63d13" executionId="e0e9d466-59a6-4fc8-b84e-d8754e0e2b87" testListId="8c84fa94-04c1-424b-9868-57a2d4851a1d" />
    <TestEntry testId="87f4b6f2-4d01-15e3-8fa0-456f1577e608" executionId="bfea48be-3b3a-4fd8-9ba1-680217c76a5f" testListId="8c84fa94-04c1-424b-9868-57a2d4851a1d" />
    <TestEntry testId="25c388e9-4416-bcb2-f5bb-f92fe28b725a" executionId="0745efcb-c20c-4a39-b569-2b5039e2edf9" testListId="8c84fa94-04c1-424b-9868-57a2d4851a1d" />
    <TestEntry testId="9624bd8d-101a-a0f9-4e88-2b9292a1caad" executionId="3430f6a7-5fd8-4a96-8f40-2c4977d944a2" testListId="8c84fa94-04c1-424b-9868-57a2d4851a1d" />
    <TestEntry testId="dfaed238-70c1-ab80-405a-08edfd13c1ba" executionId="36d0acf4-c475-4526-9513-236bb9ceded3" testListId="8c84fa94-04c1-424b-9868-57a2d4851a1d" />
    <TestEntry testId="2e2345f0-0d5a-ea86-479d-222f77025a6a" executionId="81e6d3c9-50ef-408f-b4d4-3bdabcd4a5b4" testListId="8c84fa94-04c1-424b-9868-57a2d4851a1d" />
    <TestEntry testId="0853ac09-c300-33d5-e3a7-a607360126ba" executionId="f6d6d0d5-4407-448e-8081-66169ed5833e" testListId="8c84fa94-04c1-424b-9868-57a2d4851a1d" />
    <TestEntry testId="fce1fb25-ab7d-1dd5-5d83-ba39255b0e9a" executionId="b004ee7b-d20f-4017-b029-8deee54c1c3e" testListId="8c84fa94-04c1-424b-9868-57a2d4851a1d" />
    <TestEntry testId="3a356b3b-e4e2-4f05-db20-65ad8602bd3c" executionId="e8e7e151-9dde-4361-8740-bd18daceb7dc" testListId="8c84fa94-04c1-424b-9868-57a2d4851a1d" />
    <TestEntry testId="78d2062e-7c45-d260-f795-f1b53c418237" executionId="ea9dcc7e-48a6-4fc3-8bbb-7c5cacbda109" testListId="8c84fa94-04c1-424b-9868-57a2d4851a1d" />
    <TestEntry testId="96921323-114c-162a-b25a-d2db1a76a43f" executionId="61d6c29b-8356-4750-95a2-1a270ff6c09a" testListId="8c84fa94-04c1-424b-9868-57a2d4851a1d" />
    <TestEntry testId="dc3d8a1b-91eb-4926-ce54-153010e68cad" executionId="edd6aeaf-113a-4d63-96a5-79774b047a59" testListId="8c84fa94-04c1-424b-9868-57a2d4851a1d" />
    <TestEntry testId="28caa8d5-c8a9-c82d-9ea0-c02736f0dfd9" executionId="9e61f013-a22d-4a74-8081-d831a8a5c3c0" testListId="8c84fa94-04c1-424b-9868-57a2d4851a1d" />
    <TestEntry testId="78b405b2-a7b4-22cc-fd25-19657615e9ba" executionId="a372b12a-7615-455e-9086-5c301c6843b7" testListId="8c84fa94-04c1-424b-9868-57a2d4851a1d" />
    <TestEntry testId="e9e2b921-0a1d-aae8-34e0-f52557170fc1" executionId="6588fd6d-2b7b-4b8c-81e1-1c6523e5ebcf" testListId="8c84fa94-04c1-424b-9868-57a2d4851a1d" />
    <TestEntry testId="1dbf163c-bf18-d62c-e932-92ef9d3bc71a" executionId="997f47c2-d9df-4259-b949-d031bea21e46" testListId="8c84fa94-04c1-424b-9868-57a2d4851a1d" />
    <TestEntry testId="b669f2ae-31fe-37d1-6d74-8de9a66812e1" executionId="cf0dee9b-a6c0-42c2-b0da-48455811b51d" testListId="8c84fa94-04c1-424b-9868-57a2d4851a1d" />
    <TestEntry testId="3ff5fdb0-8488-3e48-6905-fa8bdf7eaa4c" executionId="1b2610a2-54c7-4220-b333-7e318669fa23" testListId="8c84fa94-04c1-424b-9868-57a2d4851a1d" />
    <TestEntry testId="d4d4848b-8d11-cc53-4c2f-7b3836864b98" executionId="17a10f57-bfcd-4282-982f-6e24efc1cc4f" testListId="8c84fa94-04c1-424b-9868-57a2d4851a1d" />
    <TestEntry testId="abfa73e9-0257-16cb-29aa-f2c99faf213f" executionId="e41cf4d1-d31a-44b8-90cb-3fdb9bf2eead" testListId="8c84fa94-04c1-424b-9868-57a2d4851a1d" />
    <TestEntry testId="17dbb37c-0ae3-4711-733a-8ec5b81611d9" executionId="fef67382-fb80-41f2-abb9-4208a2d31e0a" testListId="8c84fa94-04c1-424b-9868-57a2d4851a1d" />
    <TestEntry testId="585749df-18b6-91ed-3a17-d18e3a118780" executionId="a87748c4-fabe-4845-9a99-3f46e630fa74" testListId="8c84fa94-04c1-424b-9868-57a2d4851a1d" />
    <TestEntry testId="f06ae6c9-50ad-cafd-2eae-e83fde29317d" executionId="37153b15-c4d0-43b7-937d-80ab7ce4ba1e" testListId="8c84fa94-04c1-424b-9868-57a2d4851a1d" />
    <TestEntry testId="74823db9-4157-34a3-9710-5272b5fb4159" executionId="6db9c29e-8702-41a4-bf78-c47a994d706d" testListId="8c84fa94-04c1-424b-9868-57a2d4851a1d" />
    <TestEntry testId="b7cda526-0758-c938-af92-6a6e25e8efc9" executionId="0a2317ba-e5c9-4a62-9f8d-3f149c352bea" testListId="8c84fa94-04c1-424b-9868-57a2d4851a1d" />
    <TestEntry testId="79e70e1e-8075-8996-1211-c6d54a3d9ffa" executionId="095e474c-9ad9-482d-8e39-048f5b224cd3" testListId="8c84fa94-04c1-424b-9868-57a2d4851a1d" />
    <TestEntry testId="9fb85c0b-c781-4485-f6e0-88690963221a" executionId="8feb4c30-ced9-45bc-936d-d694a83829f2" testListId="8c84fa94-04c1-424b-9868-57a2d4851a1d" />
    <TestEntry testId="0786cd9f-2220-51d9-4156-4d742eda00d4" executionId="f10399e7-56c9-44e1-96bc-7ce5a9f2df1f" testListId="8c84fa94-04c1-424b-9868-57a2d4851a1d" />
    <TestEntry testId="7810a33a-ed10-21b4-237d-f07ca1a37883" executionId="6b5250e6-00e2-4f9e-8781-2e6f4b1f95a4" testListId="8c84fa94-04c1-424b-9868-57a2d4851a1d" />
    <TestEntry testId="46cfbc2c-72c5-516f-bca0-390b42b51d43" executionId="c4d92d75-251b-41ff-9a31-c86b2242472c" testListId="8c84fa94-04c1-424b-9868-57a2d4851a1d" />
    <TestEntry testId="516b5511-ab51-be62-9f5e-ce253f082ce3" executionId="7097751d-242c-40cf-978a-73d29defb139" testListId="8c84fa94-04c1-424b-9868-57a2d4851a1d" />
    <TestEntry testId="d9ffd841-a3fd-b913-e8c1-55347431d17d" executionId="73474376-8ef8-4809-9afc-0ad755827dfb" testListId="8c84fa94-04c1-424b-9868-57a2d4851a1d" />
    <TestEntry testId="a52f36e0-aa87-4104-3036-3d7d9607f688" executionId="1655dd1c-680c-4018-b2be-0783816640af" testListId="8c84fa94-04c1-424b-9868-57a2d4851a1d" />
    <TestEntry testId="48288144-3004-3fb6-5971-16808e53c3e3" executionId="059157fa-0f35-4b26-8251-53949c5019ca" testListId="8c84fa94-04c1-424b-9868-57a2d4851a1d" />
    <TestEntry testId="f8a89fdf-3bc2-915a-c2bf-5b68e643a78c" executionId="3ffaa964-f1d9-4f05-a3d2-36bf607a9025" testListId="8c84fa94-04c1-424b-9868-57a2d4851a1d" />
    <TestEntry testId="297d158e-047c-5612-bd99-21893c5634e4" executionId="c64fcca8-5018-4782-aeba-c04d15dc7746" testListId="8c84fa94-04c1-424b-9868-57a2d4851a1d" />
    <TestEntry testId="41853896-8f31-97ce-b78f-41cf4c24e045" executionId="b3e55dca-94ed-4db3-806b-95414c9cbaeb" testListId="8c84fa94-04c1-424b-9868-57a2d4851a1d" />
    <TestEntry testId="410da1bb-0033-e445-230e-baa696a924ac" executionId="c4c4903c-5b8c-4d04-8f20-86f751bd3469" testListId="8c84fa94-04c1-424b-9868-57a2d4851a1d" />
    <TestEntry testId="a6bb128b-1161-cbb2-5ff4-da08f9a71fbf" executionId="a0412d37-1cee-46df-9d9f-9db0ea1effc9" testListId="8c84fa94-04c1-424b-9868-57a2d4851a1d" />
    <TestEntry testId="60a682be-767f-9c17-a43b-33d1adbef252" executionId="4bb7a2d0-0793-4556-abbd-7ef7aa9b2bf7" testListId="8c84fa94-04c1-424b-9868-57a2d4851a1d" />
    <TestEntry testId="e4619fb0-2f02-c154-40bc-f54ee36b9b38" executionId="b533465f-e1c0-491d-b246-a015f209b774" testListId="8c84fa94-04c1-424b-9868-57a2d4851a1d" />
    <TestEntry testId="06054800-c7da-a693-e1d3-d81d35d825c2" executionId="66847da9-7cf2-4557-9f9f-f2db9366776e" testListId="8c84fa94-04c1-424b-9868-57a2d4851a1d" />
    <TestEntry testId="70e1a820-63f2-9d05-e43e-21258bccb063" executionId="45ba9f4d-0b98-4725-8e2a-2a1c2d0a21b3" testListId="8c84fa94-04c1-424b-9868-57a2d4851a1d" />
    <TestEntry testId="cc336df8-b701-eea1-c754-b46ee3091b03" executionId="880d3c2a-652e-4d4f-abfc-1ff62dfbb8d5" testListId="8c84fa94-04c1-424b-9868-57a2d4851a1d" />
    <TestEntry testId="d962a0d7-c5e8-e659-8957-69cdfae1f523" executionId="5415ea15-b0c9-4dbd-baf2-0a328d9fe2e0" testListId="8c84fa94-04c1-424b-9868-57a2d4851a1d" />
    <TestEntry testId="34d6d731-abe6-2c2d-f525-44f047db1777" executionId="c48d350a-d872-4346-85a6-74c7fd92599b" testListId="8c84fa94-04c1-424b-9868-57a2d4851a1d" />
    <TestEntry testId="4fd1e2d8-0d90-8547-c5f7-6f4689c0269c" executionId="97b0db0b-13a1-4bc3-b37a-5d9dbfe1ab21" testListId="8c84fa94-04c1-424b-9868-57a2d4851a1d" />
    <TestEntry testId="33b821d5-726b-640c-d1cd-04721e7e48d9" executionId="2ad43815-dfe9-4bed-8f46-38b8949b9992" testListId="8c84fa94-04c1-424b-9868-57a2d4851a1d" />
    <TestEntry testId="e3433c1d-41f7-b660-a894-db56a9b283f4" executionId="6243be72-3883-4e23-9aa1-c0296c0ede2d" testListId="8c84fa94-04c1-424b-9868-57a2d4851a1d" />
    <TestEntry testId="37ce62cb-c39d-d9d9-9814-53126b8a17ea" executionId="4717abda-1cc9-48e0-a6e8-49118d6301fa" testListId="8c84fa94-04c1-424b-9868-57a2d4851a1d" />
    <TestEntry testId="ff9b3969-a7f6-2222-47ce-4595f8d0cb7e" executionId="178a386c-f429-46d9-954b-3062b5e4203c" testListId="8c84fa94-04c1-424b-9868-57a2d4851a1d" />
    <TestEntry testId="41b3b4e1-06a8-534f-90a6-fb2576f3807d" executionId="89adc81a-96c1-48ac-b490-a43b550b9eda" testListId="8c84fa94-04c1-424b-9868-57a2d4851a1d" />
    <TestEntry testId="9f4c88b5-75b1-89cf-0e7e-8e0e67eff9e0" executionId="fbaceed8-dff9-4293-b377-67d05cf66d73" testListId="8c84fa94-04c1-424b-9868-57a2d4851a1d" />
    <TestEntry testId="bd9e404f-7715-359c-e0a9-f0f39ae1a952" executionId="8797b7a8-fa49-4272-9423-94e52377a8ab" testListId="8c84fa94-04c1-424b-9868-57a2d4851a1d" />
    <TestEntry testId="5128edc8-60ad-8628-2a75-9feb9f8f888b" executionId="6b179286-f9df-423b-95c0-24373ba01d0f" testListId="8c84fa94-04c1-424b-9868-57a2d4851a1d" />
    <TestEntry testId="3c12eda2-b3ce-445c-ab96-ec2f1aa7f5f7" executionId="233cb739-8f02-40a3-8e69-d19386d1a304" testListId="8c84fa94-04c1-424b-9868-57a2d4851a1d" />
    <TestEntry testId="f05cedeb-e83b-1e7e-3928-23724172eea5" executionId="0fc72465-67b0-4b9d-92e1-2375be8e83bc" testListId="8c84fa94-04c1-424b-9868-57a2d4851a1d" />
    <TestEntry testId="fd587af6-8ac9-79bb-4579-c4177d8d0828" executionId="d9f0a71c-c775-4933-918f-b840f435a467" testListId="8c84fa94-04c1-424b-9868-57a2d4851a1d" />
    <TestEntry testId="53592f08-0da7-0cd5-09c9-a1ba0d87949c" executionId="10c4994c-b327-4472-b334-ca52c18f48fb" testListId="8c84fa94-04c1-424b-9868-57a2d4851a1d" />
    <TestEntry testId="d43526e9-cec8-6f67-27fe-2d630de644f9" executionId="e77a05d3-f1ec-430f-ad42-59d8f21a557a" testListId="8c84fa94-04c1-424b-9868-57a2d4851a1d" />
    <TestEntry testId="a607d0ef-948b-6788-8be8-6f42840aa828" executionId="82b59483-61ae-4675-bc50-90639d0de9cb" testListId="8c84fa94-04c1-424b-9868-57a2d4851a1d" />
    <TestEntry testId="2bf8b19c-cf08-fc4d-1420-d095f4b1337b" executionId="2ad03fc2-14b9-4856-bbd3-50f5610d51a3" testListId="8c84fa94-04c1-424b-9868-57a2d4851a1d" />
    <TestEntry testId="41b359b4-fccb-bafc-c2ca-d65a5df61c20" executionId="94cb1458-bb82-497a-adf8-0eb3f48afb2e" testListId="8c84fa94-04c1-424b-9868-57a2d4851a1d" />
    <TestEntry testId="cc1dc38d-e485-bd07-2880-7ffdde1c97ec" executionId="99e37535-4079-40ce-9acb-5b22214020a7" testListId="8c84fa94-04c1-424b-9868-57a2d4851a1d" />
    <TestEntry testId="f6484c9f-d44d-28f7-583b-e91d4b7f5382" executionId="f3d591ba-b0bb-4436-bcad-855dd77d2cb9" testListId="8c84fa94-04c1-424b-9868-57a2d4851a1d" />
    <TestEntry testId="de79744e-fb76-44fa-6422-be59e037cde5" executionId="72e713b6-883e-4e38-8b79-1211bf7373b6" testListId="8c84fa94-04c1-424b-9868-57a2d4851a1d" />
    <TestEntry testId="b5dacbe5-c50b-ea4a-e128-040bd713ffe8" executionId="03cffd05-52b7-4c32-8f7b-f736171b0f60" testListId="8c84fa94-04c1-424b-9868-57a2d4851a1d" />
    <TestEntry testId="29ba8dce-52f9-1a09-beb5-2c73bb03e4dd" executionId="bc04b895-ffdd-4ece-b906-2d792b57e4d1" testListId="8c84fa94-04c1-424b-9868-57a2d4851a1d" />
    <TestEntry testId="ca246cb1-0b00-e31f-8cae-0e70703e829e" executionId="41da8528-2da7-448b-8273-fa6f7b7b2cc6" testListId="8c84fa94-04c1-424b-9868-57a2d4851a1d" />
    <TestEntry testId="1a8b33fa-e8e7-c5c8-b527-0b5fd94498f4" executionId="c32e4625-20d8-40ba-93b3-5f5c47ad40c9" testListId="8c84fa94-04c1-424b-9868-57a2d4851a1d" />
    <TestEntry testId="3ae9a197-02ed-3bf8-219d-823a522da5f1" executionId="833b246d-e4ea-401c-929b-5ec4d35a7a0d" testListId="8c84fa94-04c1-424b-9868-57a2d4851a1d" />
    <TestEntry testId="76f204dd-32a0-ce3a-8917-3041e6ffb334" executionId="2da4bb29-35c4-4670-a24a-2891cc4b7aea" testListId="8c84fa94-04c1-424b-9868-57a2d4851a1d" />
    <TestEntry testId="4fb3036c-0d92-3b62-20b9-33331422414d" executionId="7cc4ed57-7a0e-422c-9fad-fbf95e6489a1" testListId="8c84fa94-04c1-424b-9868-57a2d4851a1d" />
    <TestEntry testId="d0fa0570-460f-ec62-156b-5af9612d66a8" executionId="50e251dd-23af-49a4-875c-2b34d53ae3ce" testListId="8c84fa94-04c1-424b-9868-57a2d4851a1d" />
    <TestEntry testId="095ad9f7-04a5-8bcb-02fd-fdd6dab3a934" executionId="1cadd8f4-6514-4577-abd6-62452089fe4c" testListId="8c84fa94-04c1-424b-9868-57a2d4851a1d" />
    <TestEntry testId="cf8a559d-45fb-9221-5781-06292f54735a" executionId="9f7012ec-cf0e-450a-9e39-f78d51291a62" testListId="8c84fa94-04c1-424b-9868-57a2d4851a1d" />
    <TestEntry testId="59c1b068-0fcd-d32e-da01-b21421cb74d4" executionId="53b8ec87-ab36-4e01-abdf-bb27baf557dd" testListId="8c84fa94-04c1-424b-9868-57a2d4851a1d" />
    <TestEntry testId="8e410b3f-ed9f-5189-87a9-0a81e42ccd93" executionId="54bb7b0a-edda-494b-be79-00391c2c3380" testListId="8c84fa94-04c1-424b-9868-57a2d4851a1d" />
    <TestEntry testId="cca41772-191f-0a82-bb6f-ddd4fb32e2c7" executionId="2573abd9-7daa-4317-8109-d98f067a52bb" testListId="8c84fa94-04c1-424b-9868-57a2d4851a1d" />
    <TestEntry testId="f746e85d-5530-5c7f-8b39-c9d23cfa24b9" executionId="05dbf04c-8ed4-4356-96e6-fa4aa784dd01" testListId="8c84fa94-04c1-424b-9868-57a2d4851a1d" />
    <TestEntry testId="d52400d3-aadd-aa81-a16e-1863a2b50655" executionId="b755af32-7b33-4868-becc-a0b9e76fbb8d" testListId="8c84fa94-04c1-424b-9868-57a2d4851a1d" />
    <TestEntry testId="8b7765b0-2273-0340-cca9-006e0a342472" executionId="076df0a5-698d-43fc-8bd7-5b5aa67cee0a" testListId="8c84fa94-04c1-424b-9868-57a2d4851a1d" />
    <TestEntry testId="3a855c55-b695-d057-ad6f-34eef0eb2eae" executionId="dd3b066b-b63d-4d1a-9597-e0d50977a606" testListId="8c84fa94-04c1-424b-9868-57a2d4851a1d" />
    <TestEntry testId="aeaaee5e-bc09-54e8-9ec4-6c4cdf3ce87c" executionId="efa52b28-ef48-40ed-86c2-c827784500e0" testListId="8c84fa94-04c1-424b-9868-57a2d4851a1d" />
    <TestEntry testId="9c4bd49d-31a4-6530-0f02-8fe23a54becf" executionId="04604ffc-269a-4a41-bf16-6dd530a23999" testListId="8c84fa94-04c1-424b-9868-57a2d4851a1d" />
    <TestEntry testId="58a8f096-af1a-ba52-8cf7-4f27a22072be" executionId="20b16875-51b6-4064-844a-d62bced65370" testListId="8c84fa94-04c1-424b-9868-57a2d4851a1d" />
    <TestEntry testId="c1e9fd41-ccc9-89c1-34d7-2e348277c312" executionId="1739b81d-7fa3-47ee-943d-dbeca2f568b0" testListId="8c84fa94-04c1-424b-9868-57a2d4851a1d" />
    <TestEntry testId="97379147-d8b9-39e9-e5ac-c96169fc4948" executionId="8f81d5cc-64d1-487f-a70a-689f7b54f8c6" testListId="8c84fa94-04c1-424b-9868-57a2d4851a1d" />
    <TestEntry testId="9525fcd3-b949-7544-779c-3d3500ebec99" executionId="04a4a2bc-1793-42cf-abdf-8a8906dccfd4" testListId="8c84fa94-04c1-424b-9868-57a2d4851a1d" />
    <TestEntry testId="d513fe07-1dc8-1c74-2c21-98142b85dcfb" executionId="612a438b-c69c-4839-94c1-92b1dc8cf4d8" testListId="8c84fa94-04c1-424b-9868-57a2d4851a1d" />
    <TestEntry testId="9ed0881a-ade1-55d1-ff4e-861058b9ed01" executionId="29004ba8-bee5-420e-bcac-7b8bb0a074d2" testListId="8c84fa94-04c1-424b-9868-57a2d4851a1d" />
    <TestEntry testId="60d93c6a-68de-f18d-ead0-561ac4ded916" executionId="2ca8b347-2f66-4727-a815-b2c9635e9381" testListId="8c84fa94-04c1-424b-9868-57a2d4851a1d" />
    <TestEntry testId="01d0203b-7c6e-72b9-08eb-f1b3242c360c" executionId="6bab5afa-8e70-4086-bf3a-5a5ec7389a75" testListId="8c84fa94-04c1-424b-9868-57a2d4851a1d" />
    <TestEntry testId="cbf0626f-7167-adff-b20c-96cc3cdf6ce9" executionId="2246040a-ddac-4921-bc52-fed959b150dc" testListId="8c84fa94-04c1-424b-9868-57a2d4851a1d" />
    <TestEntry testId="f7bc3491-94dd-b6b9-3778-9c1a4322e7be" executionId="561d00b0-45fb-4955-9cfe-a051976cccbd" testListId="8c84fa94-04c1-424b-9868-57a2d4851a1d" />
    <TestEntry testId="ab17e4f5-654f-3749-a1be-206a5019e954" executionId="765dc0db-887b-40f3-9c2b-52d76d64e160" testListId="8c84fa94-04c1-424b-9868-57a2d4851a1d" />
    <TestEntry testId="e164b20e-2591-89f8-06fb-740275819de8" executionId="a9ab4bce-962c-4d57-b53f-f524ca0b9634" testListId="8c84fa94-04c1-424b-9868-57a2d4851a1d" />
    <TestEntry testId="20b78283-04d3-fc47-1574-93af6fec32ea" executionId="d2f92e10-a6ad-470c-a207-a3ab640590e4" testListId="8c84fa94-04c1-424b-9868-57a2d4851a1d" />
    <TestEntry testId="02f305ed-30cd-4399-cb1c-75d62f144801" executionId="aed07817-1bd3-4257-8936-24cb8b7d4d91" testListId="8c84fa94-04c1-424b-9868-57a2d4851a1d" />
    <TestEntry testId="5915cbaf-7ed1-cbfd-2c81-4746833e58cd" executionId="793efe51-45a7-4d17-9dce-c721a27edc6f" testListId="8c84fa94-04c1-424b-9868-57a2d4851a1d" />
    <TestEntry testId="3c9c11b5-6967-f47a-cfd8-d22458fa9229" executionId="6088c17b-2136-4631-8f14-164a3a4512e8" testListId="8c84fa94-04c1-424b-9868-57a2d4851a1d" />
    <TestEntry testId="a5770765-4612-4372-f1a9-727a017fca24" executionId="0ecd5888-80f7-4088-8723-84e468446826" testListId="8c84fa94-04c1-424b-9868-57a2d4851a1d" />
    <TestEntry testId="494ff55a-87c7-5f37-d44c-a6dbdeeb90c7" executionId="3b369ac3-96fd-49f8-a351-6c25f708ad82" testListId="8c84fa94-04c1-424b-9868-57a2d4851a1d" />
    <TestEntry testId="53a7b40c-019b-3989-42c2-31ec0027eed1" executionId="144272a0-8c1a-4e53-9253-0f3427037788" testListId="8c84fa94-04c1-424b-9868-57a2d4851a1d" />
    <TestEntry testId="47dc67ee-ce10-2cea-0c24-ab118e917beb" executionId="d6775857-ed0f-413a-a39f-882466ed6d40" testListId="8c84fa94-04c1-424b-9868-57a2d4851a1d" />
    <TestEntry testId="927ecc12-27fc-afb1-a7a2-a42476361110" executionId="126e044e-8ac3-40a8-9e1d-f552a693e0c3" testListId="8c84fa94-04c1-424b-9868-57a2d4851a1d" />
    <TestEntry testId="f48af067-4eb4-5a80-a058-995d81b9c49e" executionId="4235b651-1ca0-47a1-b9ad-eb0e5c17989c" testListId="8c84fa94-04c1-424b-9868-57a2d4851a1d" />
    <TestEntry testId="3115f456-ece1-1790-9284-157082a1d43c" executionId="7d8ce17e-f767-4aae-9f88-123ad7d867dc" testListId="8c84fa94-04c1-424b-9868-57a2d4851a1d" />
    <TestEntry testId="39e1ba24-0a2a-e8f7-d815-046e06e37c3f" executionId="08dab5ad-6578-4c51-bea1-c460b24cc665" testListId="8c84fa94-04c1-424b-9868-57a2d4851a1d" />
    <TestEntry testId="19212179-02a1-0bfe-fef4-7e3682270e04" executionId="f03c7922-bb59-4fcf-a60a-14d1250a1aa2" testListId="8c84fa94-04c1-424b-9868-57a2d4851a1d" />
    <TestEntry testId="89abbdd3-2d4a-032e-64a6-9a76add4cdf5" executionId="134883c5-8daf-4beb-876b-c1ea2be93543" testListId="8c84fa94-04c1-424b-9868-57a2d4851a1d" />
    <TestEntry testId="7ef81c0c-3038-9435-7857-ab17f80f7cdb" executionId="bb51b1c0-f233-407b-aa4d-c62b4c559bd1" testListId="8c84fa94-04c1-424b-9868-57a2d4851a1d" />
  </TestEntries>
  <TestLists>
    <TestList name="Results Not in a List" id="8c84fa94-04c1-424b-9868-57a2d4851a1d" />
    <TestList name="All Loaded Results" id="19431567-8539-422a-85d7-44ee4e166bda" />
  </TestLists>
  <ResultSummary outcome="Failed">
    <Counters total="170" executed="169" passed="168" failed="1" error="0" timeout="0" aborted="0" inconclusive="0" passedButRunAborted="0" notRunnable="0" notExecuted="0" disconnected="0" warning="0" completed="0" inProgress="0" pending="0" />
    <Output>
      <StdOut>[xUnit.net 00:00:00.00] xUnit.net VSTest Adapter v2.5.3.1+6b60a9e56a (64-bit .NET 8.0.20)
[xUnit.net 00:00:00.09]   Discovering: Tests.Integration.Backend
[xUnit.net 00:00:00.16]   Discovered:  Tests.Integration.Backend
[xUnit.net 00:00:00.16]   Starting:    Tests.Integration.Backend
[06:43:57 INF] Starting Crud API application {"Application": "Crud.Api"}
[06:43:57 INF] Using SQLite provider with connection: Data Source=TestDatabase.db {"Application": "Crud.Api"}
[06:43:58 WRN] The property 'User.Roles' is a collection or enumeration type with a value converter but with no value comparer. Set a value comparer to ensure the collection/enumeration elements are compared correctly. {"EventId": {"Id": 10620, "Name": "Microsoft.EntityFrameworkCore.Model.Validation.CollectionWithoutComparer"}, "SourceContext": "Microsoft.EntityFrameworkCore.Model.Validation", "Application": "Crud.Api"}
[06:43:58 WRN] The property 'User.Roles' is a collection or enumeration type with a value converter but with no value comparer. Set a value comparer to ensure the collection/enumeration elements are compared correctly. {"EventId": {"Id": 10620, "Name": "Microsoft.EntityFrameworkCore.Model.Validation.CollectionWithoutComparer"}, "SourceContext": "Microsoft.EntityFrameworkCore.Model.Validation", "Application": "Crud.Api"}
[06:43:58 INF] Database ensured successfully {"Application": "Crud.Api"}
[06:43:58 INF] Application configured successfully. Starting web host... {"Application": "Crud.Api"}
[06:43:58 WRN] No XML encryptor configured. Key {2126ad24-542c-4a97-973c-73db9f15b8b8} may be persisted to storage in unencrypted form. {"EventId": {"Id": 35, "Name": "NoXMLEncryptorConfiguredKeyMayBePersistedToStorageInUnencryptedForm"}, "SourceContext": "Microsoft.AspNetCore.DataProtection.KeyManagement.XmlKeyManager", "Application": "Crud.Api"}
[06:43:59 WRN] Failed to determine the https port for redirect. {"EventId": {"Id": 3, "Name": "FailedToDeterminePort"}, "SourceContext": "Microsoft.AspNetCore.HttpsPolicy.HttpsRedirectionMiddleware", "RequestId": "0HNFGVQB4PDF2", "RequestPath": "/api/auth/register", "Application": "Crud.Api"}
[06:43:59 WRN] You do not have a valid license key for the Lucky Penny software MediatR. This is allowed for development and testing scenarios. If you are running in production you are required to have a licensed version. Please visit https://luckypennysoftware.com to obtain a valid license. {"SourceContext": "LuckyPennySoftware.MediatR.License", "ActionId": "3821645c-6ca5-4784-bb91-036ecdcbc47b", "ActionName": "Api.Controllers.AuthController.Register (Api)", "RequestId": "0HNFGVQB4PDF2", "RequestPath": "/api/auth/register", "Application": "Crud.Api"}
[06:44:00 INF] User registered successfully: b6b4dd7f-425f-4fdf-a566-1f6495848ef4 {"SourceContext": "App.Features.Authentication.RegisterUserCommandHandler", "ActionId": "3821645c-6ca5-4784-bb91-036ecdcbc47b", "ActionName": "Api.Controllers.AuthController.Register (Api)", "RequestId": "0HNFGVQB4PDF2", "RequestPath": "/api/auth/register", "Application": "Crud.Api"}
Activity.TraceId:            750a81142871b19fe8981ff76efd0a33
Activity.SpanId:             8a5f0411914c9c46
Activity.TraceFlags:         Recorded
Activity.ActivitySourceName: Microsoft.AspNetCore
Activity.DisplayName:        POST api/Auth/register
Activity.Kind:               Server
Activity.StartTime:          2025-09-11T06:43:59.0409517Z
Activity.Duration:           00:00:01.0322832
Activity.Tags:
    server.address: localhost
    http.request.method: POST
    url.scheme: http
    url.path: /api/auth/register
    network.protocol.version: 1.1
    http.route: api/Auth/register
    http.response.status_code: 200
Resource associated with Activity:
    deployment.environment: Testing
    service.name: Crud.Api
    service.version: 1.0.0
    service.instance.id: bb25e7a8-9ced-49c8-9e52-fd74b67e7fff
    telemetry.sdk.name: opentelemetry
    telemetry.sdk.language: dotnet
    telemetry.sdk.version: 1.8.1
Activity.TraceId:            030ef3c9a812fa38486010777ec0d1e4
Activity.SpanId:             20dd65a967d0f02b
Activity.TraceFlags:         Recorded
Activity.ActivitySourceName: Microsoft.AspNetCore
Activity.DisplayName:        GET api/Auth/me
Activity.Kind:               Server
Activity.StartTime:          2025-09-11T06:44:00.0849931Z
Activity.Duration:           00:00:00.0390288
Activity.Tags:
    server.address: localhost
    http.request.method: GET
    url.scheme: http
    url.path: /api/auth/me
    network.protocol.version: 1.1
    http.route: api/Auth/me
    http.response.status_code: 200
Resource associated with Activity:
    deployment.environment: Testing
    service.name: Crud.Api
    service.version: 1.0.0
    service.instance.id: bb25e7a8-9ced-49c8-9e52-fd74b67e7fff
    telemetry.sdk.name: opentelemetry
    telemetry.sdk.language: dotnet
    telemetry.sdk.version: 1.8.1
[06:44:00 INF] User registered successfully: cbc795fb-cac3-49c8-beda-05db3c21631d {"SourceContext": "App.Features.Authentication.RegisterUserCommandHandler", "ActionId": "3821645c-6ca5-4784-bb91-036ecdcbc47b", "ActionName": "Api.Controllers.AuthController.Register (Api)", "RequestId": "0HNFGVQB4PDF4", "RequestPath": "/api/auth/register", "Application": "Crud.Api"}
Activity.TraceId:            0d2e3beea4aa7a896bc9ba5abb3d4932
Activity.SpanId:             7e23ac3d01bf704f
Activity.TraceFlags:         Recorded
Activity.ActivitySourceName: Microsoft.AspNetCore
Activity.DisplayName:        POST api/Auth/register
Activity.Kind:               Server
Activity.StartTime:          2025-09-11T06:44:00.1353803Z
Activity.Duration:           00:00:00.3508895
Activity.Tags:
    server.address: localhost
    http.request.method: POST
    url.scheme: http
    url.path: /api/auth/register
    network.protocol.version: 1.1
    http.route: api/Auth/register
    http.response.status_code: 200
Resource associated with Activity:
    deployment.environment: Testing
    service.name: Crud.Api
    service.version: 1.0.0
    service.instance.id: bb25e7a8-9ced-49c8-9e52-fd74b67e7fff
    telemetry.sdk.name: opentelemetry
    telemetry.sdk.language: dotnet
    telemetry.sdk.version: 1.8.1
Activity.TraceId:            5ba8106301f24fa78cc7b07244902ad3
Activity.SpanId:             406a1ab55ee69508
Activity.TraceFlags:         Recorded
Activity.ActivitySourceName: Microsoft.AspNetCore
Activity.DisplayName:        GET api/Auth/me
Activity.Kind:               Server
Activity.StartTime:          2025-09-11T06:44:00.4881639Z
Activity.Duration:           00:00:00.0020378
Activity.Tags:
    server.address: localhost
    http.request.method: GET
    url.scheme: http
    url.path: /api/auth/me
    network.protocol.version: 1.1
    http.route: api/Auth/me
    http.response.status_code: 200
Resource associated with Activity:
    deployment.environment: Testing
    service.name: Crud.Api
    service.version: 1.0.0
    service.instance.id: bb25e7a8-9ced-49c8-9e52-fd74b67e7fff
    telemetry.sdk.name: opentelemetry
    telemetry.sdk.language: dotnet
    telemetry.sdk.version: 1.8.1
[06:44:00 INF] User logged in successfully: cbc795fb-cac3-49c8-beda-05db3c21631d {"SourceContext": "App.Features.Authentication.LoginCommandHandler", "ActionId": "66c29845-8b90-4e79-ac9c-46edf0d512c2", "ActionName": "Api.Controllers.AuthController.Login (Api)", "RequestId": "0HNFGVQB4PDF6", "RequestPath": "/api/auth/login", "Application": "Crud.Api"}
Activity.TraceId:            d20583fdceffdd5c4d80c4f92c78ad28
Activity.SpanId:             379b7cc38ffb944f
Activity.TraceFlags:         Recorded
Activity.ActivitySourceName: Microsoft.AspNetCore
Activity.DisplayName:        POST api/Auth/login
Activity.Kind:               Server
Activity.StartTime:          2025-09-11T06:44:00.5052713Z
Activity.Duration:           00:00:00.3484260
Activity.Tags:
    server.address: localhost
    http.request.method: POST
    url.scheme: http
    url.path: /api/auth/login
    network.protocol.version: 1.1
    http.route: api/Auth/login
    http.response.status_code: 200
Resource associated with Activity:
    deployment.environment: Testing
    service.name: Crud.Api
    service.version: 1.0.0
    service.instance.id: bb25e7a8-9ced-49c8-9e52-fd74b67e7fff
    telemetry.sdk.name: opentelemetry
    telemetry.sdk.language: dotnet
    telemetry.sdk.version: 1.8.1
[06:44:00 INF] Refresh token rotated successfully for user: cbc795fb-cac3-49c8-beda-05db3c21631d {"SourceContext": "App.Features.Authentication.RefreshTokenCommandHandler", "ActionId": "677013f4-ddd4-4ce9-8c29-46f89f6b64bc", "ActionName": "Api.Controllers.AuthController.Refresh (Api)", "RequestId": "0HNFGVQB4PDF7", "RequestPath": "/api/auth/refresh", "Application": "Crud.Api"}
Activity.TraceId:            9d14b62fdfb5298f3c81be0ab41b55d0
Activity.SpanId:             b03dc03515abb700
Activity.TraceFlags:         Recorded
Activity.ActivitySourceName: Microsoft.AspNetCore
Activity.DisplayName:        POST api/Auth/refresh
Activity.Kind:               Server
Activity.StartTime:          2025-09-11T06:44:00.8555412Z
Activity.Duration:           00:00:00.0467001
Activity.Tags:
    server.address: localhost
    http.request.method: POST
    url.scheme: http
    url.path: /api/auth/refresh
    network.protocol.version: 1.1
    http.route: api/Auth/refresh
    http.response.status_code: 200
Resource associated with Activity:
    deployment.environment: Testing
    service.name: Crud.Api
    service.version: 1.0.0
    service.instance.id: bb25e7a8-9ced-49c8-9e52-fd74b67e7fff
    telemetry.sdk.name: opentelemetry
    telemetry.sdk.language: dotnet
    telemetry.sdk.version: 1.8.1
[06:44:00 INF] User logged out successfully: cbc795fb-cac3-49c8-beda-05db3c21631d {"SourceContext": "App.Features.Authentication.LogoutCommandHandler", "ActionId": "9efe1693-1a64-4783-968e-461b9e016119", "ActionName": "Api.Controllers.AuthController.Logout (Api)", "RequestId": "0HNFGVQB4PDF8", "RequestPath": "/api/auth/logout", "Application": "Crud.Api"}
Activity.TraceId:            a961e900b903f8b86b033782e039770c
Activity.SpanId:             8fe7a681ae2f0b2d
Activity.TraceFlags:         Recorded
Activity.ActivitySourceName: Microsoft.AspNetCore
Activity.DisplayName:        POST api/Auth/logout
Activity.Kind:               Server
Activity.StartTime:          2025-09-11T06:44:00.9028513Z
Activity.Duration:           00:00:00.0367166
Activity.Tags:
    server.address: localhost
    http.request.method: POST
    url.scheme: http
    url.path: /api/auth/logout
    network.protocol.version: 1.1
    http.route: api/Auth/logout
    http.response.status_code: 200
Resource associated with Activity:
    deployment.environment: Testing
    service.name: Crud.Api
    service.version: 1.0.0
    service.instance.id: bb25e7a8-9ced-49c8-9e52-fd74b67e7fff
    telemetry.sdk.name: opentelemetry
    telemetry.sdk.language: dotnet
    telemetry.sdk.version: 1.8.1
[06:44:00 WRN] Refresh token attempt with invalid token {"SourceContext": "App.Features.Authentication.RefreshTokenCommandHandler", "ActionId": "677013f4-ddd4-4ce9-8c29-46f89f6b64bc", "ActionName": "Api.Controllers.AuthController.Refresh (Api)", "RequestId": "0HNFGVQB4PDF9", "RequestPath": "/api/auth/refresh", "Application": "Crud.Api"}
Activity.TraceId:            1ab0eab09d9574b9eefe2651335e78f6
Activity.SpanId:             9a15d09d2600e12b
Activity.TraceFlags:         Recorded
Activity.ActivitySourceName: Microsoft.AspNetCore
Activity.DisplayName:        POST api/Auth/refresh
Activity.Kind:               Server
Activity.StartTime:          2025-09-11T06:44:00.9402560Z
Activity.Duration:           00:00:00.0039754
Activity.Tags:
    server.address: localhost
    http.request.method: POST
    url.scheme: http
    url.path: /api/auth/refresh
    network.protocol.version: 1.1
    http.route: api/Auth/refresh
    http.response.status_code: 401
Resource associated with Activity:
    deployment.environment: Testing
    service.name: Crud.Api
    service.version: 1.0.0
    service.instance.id: bb25e7a8-9ced-49c8-9e52-fd74b67e7fff
    telemetry.sdk.name: opentelemetry
    telemetry.sdk.language: dotnet
    telemetry.sdk.version: 1.8.1
[06:44:01 INF] User registered successfully: 8958418b-c228-4829-8609-2094bb0d2cb6 {"SourceContext": "App.Features.Authentication.RegisterUserCommandHandler", "ActionId": "3821645c-6ca5-4784-bb91-036ecdcbc47b", "ActionName": "Api.Controllers.AuthController.Register (Api)", "RequestId": "0HNFGVQB4PDFA", "RequestPath": "/api/auth/register", "Application": "Crud.Api"}
Activity.TraceId:            064f67167accd5cc9bc26d4f809091e3
Activity.SpanId:             8e3bc8bf4dc640f9
Activity.TraceFlags:         Recorded
Activity.ActivitySourceName: Microsoft.AspNetCore
Activity.DisplayName:        POST api/Auth/register
Activity.Kind:               Server
Activity.StartTime:          2025-09-11T06:44:00.9462597Z
Activity.Duration:           00:00:00.3105055
Activity.Tags:
    server.address: localhost
    http.request.method: POST
    url.scheme: http
    url.path: /api/auth/register
    network.protocol.version: 1.1
    http.route: api/Auth/register
    http.response.status_code: 200
Resource associated with Activity:
    deployment.environment: Testing
    service.name: Crud.Api
    service.version: 1.0.0
    service.instance.id: bb25e7a8-9ced-49c8-9e52-fd74b67e7fff
    telemetry.sdk.name: opentelemetry
    telemetry.sdk.language: dotnet
    telemetry.sdk.version: 1.8.1
[06:44:01 WRN] Registration attempt with existing email: duplicate.b00d0b30-87c6-46ad-98f9-e9280d1d086c@example.com {"SourceContext": "App.Features.Authentication.RegisterUserCommandHandler", "ActionId": "3821645c-6ca5-4784-bb91-036ecdcbc47b", "ActionName": "Api.Controllers.AuthController.Register (Api)", "RequestId": "0HNFGVQB4PDFB", "RequestPath": "/api/auth/register", "Application": "Crud.Api"}
Activity.TraceId:            1292f0e5215b3d439b190ca7c2ef424e
Activity.SpanId:             7072178e940f0c68
Activity.TraceFlags:         Recorded
Activity.ActivitySourceName: Microsoft.AspNetCore
Activity.DisplayName:        POST api/Auth/register
Activity.Kind:               Server
Activity.StartTime:          2025-09-11T06:44:01.2584724Z
Activity.Duration:           00:00:00.0034673
Activity.Tags:
    server.address: localhost
    http.request.method: POST
    url.scheme: http
    url.path: /api/auth/register
    network.protocol.version: 1.1
    http.route: api/Auth/register
    http.response.status_code: 400
Resource associated with Activity:
    deployment.environment: Testing
    service.name: Crud.Api
    service.version: 1.0.0
    service.instance.id: bb25e7a8-9ced-49c8-9e52-fd74b67e7fff
    telemetry.sdk.name: opentelemetry
    telemetry.sdk.language: dotnet
    telemetry.sdk.version: 1.8.1
[06:44:01 ERR] An unhandled exception occurred during request POST /api/auth/register. Request ID: 0HNFGVQB4PDFC, User: Anonymous {"SourceContext": "Api.Middleware.GlobalExceptionHandlingMiddleware", "RequestPath": "/api/auth/register", "Application": "Crud.Api"}
FluentValidation.ValidationException: Validation failed: 
 -- Email: Invalid email format Severity: Error
   at App.Behaviors.ValidationBehavior`2.Handle(TRequest request, RequestHandlerDelegate`1 next, CancellationToken cancellationToken) in /home/runner/work/Crud/Crud/src/App/Behaviors/ValidationBehavior.cs:line 39
   at Api.Controllers.AuthController.Register(RegisterUserCommand command, CancellationToken cancellationToken) in /home/runner/work/Crud/Crud/src/Api/Controllers/AuthController.cs:line 27
   at Microsoft.AspNetCore.Mvc.Infrastructure.ActionMethodExecutor.TaskOfIActionResultExecutor.Execute(ActionContext actionContext, IActionResultTypeMapper mapper, ObjectMethodExecutor executor, Object controller, Object[] arguments)
   at Microsoft.AspNetCore.Mvc.Infrastructure.ControllerActionInvoker.&lt;InvokeActionMethodAsync&gt;g__Logged|12_1(ControllerActionInvoker invoker)
   at Microsoft.AspNetCore.Mvc.Infrastructure.ControllerActionInvoker.&lt;InvokeNextActionFilterAsync&gt;g__Awaited|10_0(ControllerActionInvoker invoker, Task lastTask, State next, Scope scope, Object state, Boolean isCompleted)
   at Microsoft.AspNetCore.Mvc.Infrastructure.ControllerActionInvoker.Rethrow(ActionExecutedContextSealed context)
   at Microsoft.AspNetCore.Mvc.Infrastructure.ControllerActionInvoker.Next(State&amp; next, Scope&amp; scope, Object&amp; state, Boolean&amp; isCompleted)
   at Microsoft.AspNetCore.Mvc.Infrastructure.ControllerActionInvoker.InvokeInnerFilterAsync()
--- End of stack trace from previous location ---
   at Microsoft.AspNetCore.Mvc.Infrastructure.ResourceInvoker.&lt;InvokeFilterPipelineAsync&gt;g__Awaited|20_0(ResourceInvoker invoker, Task lastTask, State next, Scope scope, Object state, Boolean isCompleted)
   at Microsoft.AspNetCore.Mvc.Infrastructure.ResourceInvoker.&lt;InvokeAsync&gt;g__Logged|17_1(ResourceInvoker invoker)
   at Microsoft.AspNetCore.Mvc.Infrastructure.ResourceInvoker.&lt;InvokeAsync&gt;g__Logged|17_1(ResourceInvoker invoker)
   at Api.Middleware.ConditionalRequestMiddleware.InvokeAsync(HttpContext context) in /home/runner/work/Crud/Crud/src/Api/Middleware/ConditionalRequestMiddleware.cs:line 31
   at Microsoft.AspNetCore.Authorization.AuthorizationMiddleware.Invoke(HttpContext context)
   at Microsoft.AspNetCore.Authentication.AuthenticationMiddleware.Invoke(HttpContext context)
   at Microsoft.AspNetCore.RateLimiting.RateLimitingMiddleware.InvokeInternal(HttpContext context, EnableRateLimitingAttribute enableRateLimitingAttribute)
   at Api.Middleware.GlobalExceptionHandlingMiddleware.InvokeAsync(HttpContext context) in /home/runner/work/Crud/Crud/src/Api/Middleware/GlobalExceptionHandlingMiddleware.cs:line 27
Activity.TraceId:            cdfcaacfc864e392cee8bbcfe5408ca4
Activity.SpanId:             dc855152f880d4c1
Activity.TraceFlags:         Recorded
Activity.ActivitySourceName: Microsoft.AspNetCore
Activity.DisplayName:        POST api/Auth/register
Activity.Kind:               Server
Activity.StartTime:          2025-09-11T06:44:01.2637439Z
Activity.Duration:           00:00:00.0256921
Activity.Tags:
    server.address: localhost
    http.request.method: POST
    url.scheme: http
    url.path: /api/auth/register
    network.protocol.version: 1.1
    http.route: api/Auth/register
    http.response.status_code: 400
Resource associated with Activity:
    deployment.environment: Testing
    service.name: Crud.Api
    service.version: 1.0.0
    service.instance.id: bb25e7a8-9ced-49c8-9e52-fd74b67e7fff
    telemetry.sdk.name: opentelemetry
    telemetry.sdk.language: dotnet
    telemetry.sdk.version: 1.8.1
[06:44:01 WRN] Login attempt with non-existent email address {"SourceContext": "App.Features.Authentication.LoginCommandHandler", "ActionId": "66c29845-8b90-4e79-ac9c-46edf0d512c2", "ActionName": "Api.Controllers.AuthController.Login (Api)", "RequestId": "0HNFGVQB4PDFD", "RequestPath": "/api/auth/login", "Application": "Crud.Api"}
Activity.TraceId:            c871a7ee29b5cd398e446cbdf2ddb232
Activity.SpanId:             30e97374e6a1864a
Activity.TraceFlags:         Recorded
Activity.ActivitySourceName: Microsoft.AspNetCore
Activity.DisplayName:        POST api/Auth/login
Activity.Kind:               Server
Activity.StartTime:          2025-09-11T06:44:01.2918742Z
Activity.Duration:           00:00:00.0034527
Activity.Tags:
    server.address: localhost
    http.request.method: POST
    url.scheme: http
    url.path: /api/auth/login
    network.protocol.version: 1.1
    http.route: api/Auth/login
    http.response.status_code: 401
Resource associated with Activity:
    deployment.environment: Testing
    service.name: Crud.Api
    service.version: 1.0.0
    service.instance.id: bb25e7a8-9ced-49c8-9e52-fd74b67e7fff
    telemetry.sdk.name: opentelemetry
    telemetry.sdk.language: dotnet
    telemetry.sdk.version: 1.8.1
[06:44:01 INF] User registered successfully: 689a11ee-05e2-436b-bf64-ea7b62e81cd6 {"SourceContext": "App.Features.Authentication.RegisterUserCommandHandler", "ActionId": "3821645c-6ca5-4784-bb91-036ecdcbc47b", "ActionName": "Api.Controllers.AuthController.Register (Api)", "RequestId": "0HNFGVQB4PDFE", "RequestPath": "/api/auth/register", "Application": "Crud.Api"}
Activity.TraceId:            e8dcdb27ffd6df2020df12c0785712fe
Activity.SpanId:             34ed77e859ac0446
Activity.TraceFlags:         Recorded
Activity.ActivitySourceName: Microsoft.AspNetCore
Activity.DisplayName:        POST api/Auth/register
Activity.Kind:               Server
Activity.StartTime:          2025-09-11T06:44:01.2978674Z
Activity.Duration:           00:00:00.3055981
Activity.Tags:
    server.address: localhost
    http.request.method: POST
    url.scheme: http
    url.path: /api/auth/register
    network.protocol.version: 1.1
    http.route: api/Auth/register
    http.response.status_code: 200
Resource associated with Activity:
    deployment.environment: Testing
    service.name: Crud.Api
    service.version: 1.0.0
    service.instance.id: bb25e7a8-9ced-49c8-9e52-fd74b67e7fff
    telemetry.sdk.name: opentelemetry
    telemetry.sdk.language: dotnet
    telemetry.sdk.version: 1.8.1
Activity.TraceId:            1007fcac3fb94ff5d1447b53c4e01c76
Activity.SpanId:             3a6846a5e2133faa
Activity.TraceFlags:         Recorded
Activity.ActivitySourceName: Microsoft.AspNetCore
Activity.DisplayName:        GET api/Auth/me
Activity.Kind:               Server
Activity.StartTime:          2025-09-11T06:44:01.6053237Z
Activity.Duration:           00:00:00.0009731
Activity.Tags:
    server.address: localhost
    http.request.method: GET
    url.scheme: http
    url.path: /api/auth/me
    network.protocol.version: 1.1
    http.route: api/Auth/me
    http.response.status_code: 200
Resource associated with Activity:
    deployment.environment: Testing
    service.name: Crud.Api
    service.version: 1.0.0
    service.instance.id: bb25e7a8-9ced-49c8-9e52-fd74b67e7fff
    telemetry.sdk.name: opentelemetry
    telemetry.sdk.language: dotnet
    telemetry.sdk.version: 1.8.1
Activity.TraceId:            3784ce97c5f13ff2cbae57bf3239d51a
Activity.SpanId:             3fcd07e46e55ad74
Activity.TraceFlags:         Recorded
Activity.ActivitySourceName: Microsoft.AspNetCore
Activity.DisplayName:        GET api/Auth/me
Activity.Kind:               Server
Activity.StartTime:          2025-09-11T06:44:01.6055825Z
Activity.Duration:           00:00:00.0008231
Activity.Tags:
    server.address: localhost
    http.request.method: GET
    url.scheme: http
    url.path: /api/auth/me
    network.protocol.version: 1.1
    http.route: api/Auth/me
    http.response.status_code: 200
Resource associated with Activity:
    deployment.environment: Testing
    service.name: Crud.Api
    service.version: 1.0.0
    service.instance.id: bb25e7a8-9ced-49c8-9e52-fd74b67e7fff
    telemetry.sdk.name: opentelemetry
    telemetry.sdk.language: dotnet
    telemetry.sdk.version: 1.8.1
Activity.TraceId:            842177b51029760a1ca7b6c9162a4315
Activity.SpanId:             12dd3d5d7856e772
Activity.TraceFlags:         Recorded
Activity.ActivitySourceName: Microsoft.AspNetCore
Activity.DisplayName:        GET api/Auth/me
Activity.Kind:               Server
Activity.StartTime:          2025-09-11T06:44:01.6053343Z
Activity.Duration:           00:00:00.0009684
Activity.Tags:
    server.address: localhost
    http.request.method: GET
    url.scheme: http
    url.path: /api/auth/me
    network.protocol.version: 1.1
    http.route: api/Auth/me
    http.response.status_code: 200
Resource associated with Activity:
    deployment.environment: Testing
    service.name: Crud.Api
    service.version: 1.0.0
    service.instance.id: bb25e7a8-9ced-49c8-9e52-fd74b67e7fff
    telemetry.sdk.name: opentelemetry
    telemetry.sdk.language: dotnet
    telemetry.sdk.version: 1.8.1
Activity.TraceId:            36e5cea45f6d5b7ffffc18f202bf909f
Activity.SpanId:             d5362a622b916e93
Activity.TraceFlags:         Recorded
Activity.ActivitySourceName: Microsoft.AspNetCore
Activity.DisplayName:        GET api/Auth/me
Activity.Kind:               Server
Activity.StartTime:          2025-09-11T06:44:01.6066449Z
Activity.Duration:           00:00:00.0005346
Activity.Tags:
    server.address: localhost
    http.request.method: GET
    url.scheme: http
    url.path: /api/auth/me
    network.protocol.version: 1.1
    http.route: api/Auth/me
    http.response.status_code: 200
Resource associated with Activity:
    deployment.environment: Testing
    service.name: Crud.Api
    service.version: 1.0.0
    service.instance.id: bb25e7a8-9ced-49c8-9e52-fd74b67e7fff
    telemetry.sdk.name: opentelemetry
    telemetry.sdk.language: dotnet
    telemetry.sdk.version: 1.8.1
Activity.TraceId:            bf69fa603d3ba7d0be5e20e8e62b986a
Activity.SpanId:             7c87269d418c5a7b
Activity.TraceFlags:         Recorded
Activity.ActivitySourceName: Microsoft.AspNetCore
Activity.DisplayName:        GET api/Auth/me
Activity.Kind:               Server
Activity.StartTime:          2025-09-11T06:44:01.6072767Z
Activity.Duration:           00:00:00.0004977
Activity.Tags:
    server.address: localhost
    http.request.method: GET
    url.scheme: http
    url.path: /api/auth/me
    network.protocol.version: 1.1
    http.route: api/Auth/me
    http.response.status_code: 200
Resource associated with Activity:
    deployment.environment: Testing
    service.name: Crud.Api
    service.version: 1.0.0
    service.instance.id: bb25e7a8-9ced-49c8-9e52-fd74b67e7fff
    telemetry.sdk.name: opentelemetry
    telemetry.sdk.language: dotnet
    telemetry.sdk.version: 1.8.1
Activity.TraceId:            2300f28d7102f7a104748504e5b045fd
Activity.SpanId:             7c549ffcd6fcfa09
Activity.TraceFlags:         Recorded
Activity.ActivitySourceName: Microsoft.AspNetCore
Activity.DisplayName:        GET api/Auth/me
Activity.Kind:               Server
Activity.StartTime:          2025-09-11T06:44:01.6076321Z
Activity.Duration:           00:00:00.0005534
Activity.Tags:
    server.address: localhost
    http.request.method: GET
    url.scheme: http
    url.path: /api/auth/me
    network.protocol.version: 1.1
    http.route: api/Auth/me
    http.response.status_code: 200
Resource associated with Activity:
    deployment.environment: Testing
    service.name: Crud.Api
    service.version: 1.0.0
    service.instance.id: bb25e7a8-9ced-49c8-9e52-fd74b67e7fff
    telemetry.sdk.name: opentelemetry
    telemetry.sdk.language: dotnet
    telemetry.sdk.version: 1.8.1
Activity.TraceId:            aec7f9bca0fc774f557978eeddab2f5a
Activity.SpanId:             474f0d6e073f86a3
Activity.TraceFlags:         Recorded
Activity.ActivitySourceName: Microsoft.AspNetCore
Activity.DisplayName:        GET api/Auth/me
Activity.Kind:               Server
Activity.StartTime:          2025-09-11T06:44:01.6079314Z
Activity.Duration:           00:00:00.0005292
Activity.Tags:
    server.address: localhost
    http.request.method: GET
    url.scheme: http
    url.path: /api/auth/me
    network.protocol.version: 1.1
    http.route: api/Auth/me
    http.response.status_code: 200
Resource associated with Activity:
    deployment.environment: Testing
    service.name: Crud.Api
    service.version: 1.0.0
    service.instance.id: bb25e7a8-9ced-49c8-9e52-fd74b67e7fff
    telemetry.sdk.name: opentelemetry
    telemetry.sdk.language: dotnet
    telemetry.sdk.version: 1.8.1
Activity.TraceId:            9dd244c841d740bd0890550f78876702
Activity.SpanId:             8a697837c75ddc5c
Activity.TraceFlags:         Recorded
Activity.ActivitySourceName: Microsoft.AspNetCore
Activity.DisplayName:        GET api/Auth/me
Activity.Kind:               Server
Activity.StartTime:          2025-09-11T06:44:01.6086191Z
Activity.Duration:           00:00:00.0005634
Activity.Tags:
    server.address: localhost
    http.request.method: GET
    url.scheme: http
    url.path: /api/auth/me
    network.protocol.version: 1.1
    http.route: api/Auth/me
    http.response.status_code: 200
Resource associated with Activity:
    deployment.environment: Testing
    service.name: Crud.Api
    service.version: 1.0.0
    service.instance.id: bb25e7a8-9ced-49c8-9e52-fd74b67e7fff
    telemetry.sdk.name: opentelemetry
    telemetry.sdk.language: dotnet
    telemetry.sdk.version: 1.8.1
Activity.TraceId:            3d87e633aab27b9f60642fc59f23d91b
Activity.SpanId:             798a43bfa6a117f4
Activity.TraceFlags:         Recorded
Activity.ActivitySourceName: Microsoft.AspNetCore
Activity.DisplayName:        GET api/Auth/me
Activity.Kind:               Server
Activity.StartTime:          2025-09-11T06:44:01.6065382Z
Activity.Duration:           00:00:00.0005859
Activity.Tags:
    server.address: localhost
    http.request.method: GET
    url.scheme: http
    url.path: /api/auth/me
    network.protocol.version: 1.1
    http.route: api/Auth/me
    http.response.status_code: 200
Resource associated with Activity:
    deployment.environment: Testing
    service.name: Crud.Api
    service.version: 1.0.0
    service.instance.id: bb25e7a8-9ced-49c8-9e52-fd74b67e7fff
    telemetry.sdk.name: opentelemetry
    telemetry.sdk.language: dotnet
    telemetry.sdk.version: 1.8.1
Activity.TraceId:            5e280ae858087bbde2188d8962fc4b62
Activity.SpanId:             1a58b755f1735e97
Activity.TraceFlags:         Recorded
Activity.ActivitySourceName: Microsoft.AspNetCore
Activity.DisplayName:        GET api/Auth/me
Activity.Kind:               Server
Activity.StartTime:          2025-09-11T06:44:01.6083465Z
Activity.Duration:           00:00:00.0014007
Activity.Tags:
    server.address: localhost
    http.request.method: GET
    url.scheme: http
    url.path: /api/auth/me
    network.protocol.version: 1.1
    http.route: api/Auth/me
    http.response.status_code: 200
Resource associated with Activity:
    deployment.environment: Testing
    service.name: Crud.Api
    service.version: 1.0.0
    service.instance.id: bb25e7a8-9ced-49c8-9e52-fd74b67e7fff
    telemetry.sdk.name: opentelemetry
    telemetry.sdk.language: dotnet
    telemetry.sdk.version: 1.8.1
[06:44:01 INF] User registered successfully: a4aff3e1-5a72-4332-bc0d-97bb081947c3 {"SourceContext": "App.Features.Authentication.RegisterUserCommandHandler", "ActionId": "3821645c-6ca5-4784-bb91-036ecdcbc47b", "ActionName": "Api.Controllers.AuthController.Register (Api)", "RequestId": "0HNFGVQB4PDFP", "RequestPath": "/api/auth/register", "Application": "Crud.Api"}
Activity.TraceId:            4c27ee67f25868ae16c4a87c6bfc10fb
Activity.SpanId:             59bff86fb24d01b8
Activity.TraceFlags:         Recorded
Activity.ActivitySourceName: Microsoft.AspNetCore
Activity.DisplayName:        POST api/Auth/register
Activity.Kind:               Server
Activity.StartTime:          2025-09-11T06:44:01.6126357Z
Activity.Duration:           00:00:00.3047767
Activity.Tags:
    server.address: localhost
    http.request.method: POST
    url.scheme: http
    url.path: /api/auth/register
    network.protocol.version: 1.1
    http.route: api/Auth/register
    http.response.status_code: 200
Resource associated with Activity:
    deployment.environment: Testing
    service.name: Crud.Api
    service.version: 1.0.0
    service.instance.id: bb25e7a8-9ced-49c8-9e52-fd74b67e7fff
    telemetry.sdk.name: opentelemetry
    telemetry.sdk.language: dotnet
    telemetry.sdk.version: 1.8.1
[06:44:01 INF] Refresh token rotated successfully for user: a4aff3e1-5a72-4332-bc0d-97bb081947c3 {"SourceContext": "App.Features.Authentication.RefreshTokenCommandHandler", "ActionId": "677013f4-ddd4-4ce9-8c29-46f89f6b64bc", "ActionName": "Api.Controllers.AuthController.Refresh (Api)", "RequestId": "0HNFGVQB4PDFQ", "RequestPath": "/api/auth/refresh", "Application": "Crud.Api"}
Activity.TraceId:            73834bbb8eda03d9a94808d889e0bfa7
Activity.SpanId:             68c1006d10fba4eb
Activity.TraceFlags:         Recorded
Activity.ActivitySourceName: Microsoft.AspNetCore
Activity.DisplayName:        POST api/Auth/refresh
Activity.Kind:               Server
Activity.StartTime:          2025-09-11T06:44:01.9189800Z
Activity.Duration:           00:00:00.0086468
Activity.Tags:
    server.address: localhost
    http.request.method: POST
    url.scheme: http
    url.path: /api/auth/refresh
    network.protocol.version: 1.1
    http.route: api/Auth/refresh
    http.response.status_code: 200
Resource associated with Activity:
    deployment.environment: Testing
    service.name: Crud.Api
    service.version: 1.0.0
    service.instance.id: bb25e7a8-9ced-49c8-9e52-fd74b67e7fff
    telemetry.sdk.name: opentelemetry
    telemetry.sdk.language: dotnet
    telemetry.sdk.version: 1.8.1
[06:44:01 INF] Refresh token rotated successfully for user: a4aff3e1-5a72-4332-bc0d-97bb081947c3 {"SourceContext": "App.Features.Authentication.RefreshTokenCommandHandler", "ActionId": "677013f4-ddd4-4ce9-8c29-46f89f6b64bc", "ActionName": "Api.Controllers.AuthController.Refresh (Api)", "RequestId": "0HNFGVQB4PDFR", "RequestPath": "/api/auth/refresh", "Application": "Crud.Api"}
Activity.TraceId:            239c097d0955df9c2242b48118a32642
Activity.SpanId:             0fdd79c2d3f97d0b
Activity.TraceFlags:         Recorded
Activity.ActivitySourceName: Microsoft.AspNetCore
Activity.DisplayName:        POST api/Auth/refresh
Activity.Kind:               Server
Activity.StartTime:          2025-09-11T06:44:01.9279834Z
Activity.Duration:           00:00:00.0076882
Activity.Tags:
    server.address: localhost
    http.request.method: POST
    url.scheme: http
    url.path: /api/auth/refresh
    network.protocol.version: 1.1
    http.route: api/Auth/refresh
    http.response.status_code: 200
Resource associated with Activity:
    deployment.environment: Testing
    service.name: Crud.Api
    service.version: 1.0.0
    service.instance.id: bb25e7a8-9ced-49c8-9e52-fd74b67e7fff
    telemetry.sdk.name: opentelemetry
    telemetry.sdk.language: dotnet
    telemetry.sdk.version: 1.8.1
[06:44:01 INF] Refresh token rotated successfully for user: a4aff3e1-5a72-4332-bc0d-97bb081947c3 {"SourceContext": "App.Features.Authentication.RefreshTokenCommandHandler", "ActionId": "677013f4-ddd4-4ce9-8c29-46f89f6b64bc", "ActionName": "Api.Controllers.AuthController.Refresh (Api)", "RequestId": "0HNFGVQB4PDFS", "RequestPath": "/api/auth/refresh", "Application": "Crud.Api"}
Activity.TraceId:            3425d8827e3467938f79a126b24e76f3
Activity.SpanId:             dba040947224db7b
Activity.TraceFlags:         Recorded
Activity.ActivitySourceName: Microsoft.AspNetCore
Activity.DisplayName:        POST api/Auth/refresh
Activity.Kind:               Server
Activity.StartTime:          2025-09-11T06:44:01.9359420Z
Activity.Duration:           00:00:00.0082090
Activity.Tags:
    server.address: localhost
    http.request.method: POST
    url.scheme: http
    url.path: /api/auth/refresh
    network.protocol.version: 1.1
    http.route: api/Auth/refresh
    http.response.status_code: 200
Resource associated with Activity:
    deployment.environment: Testing
    service.name: Crud.Api
    service.version: 1.0.0
    service.instance.id: bb25e7a8-9ced-49c8-9e52-fd74b67e7fff
    telemetry.sdk.name: opentelemetry
    telemetry.sdk.language: dotnet
    telemetry.sdk.version: 1.8.1
Activity.TraceId:            a127d6112d27c0a8b7fc33f91aa109bb
Activity.SpanId:             7da02a543d8ea92a
Activity.TraceFlags:         Recorded
Activity.ActivitySourceName: Microsoft.AspNetCore
Activity.DisplayName:        GET api/Auth/me
Activity.Kind:               Server
Activity.StartTime:          2025-09-11T06:44:01.9465807Z
Activity.Duration:           00:00:00.0025558
Activity.Tags:
    server.address: localhost
    http.request.method: GET
    url.scheme: http
    url.path: /api/auth/me
    network.protocol.version: 1.1
    http.route: api/Auth/me
    http.response.status_code: 401
Resource associated with Activity:
    deployment.environment: Testing
    service.name: Crud.Api
    service.version: 1.0.0
    service.instance.id: bb25e7a8-9ced-49c8-9e52-fd74b67e7fff
    telemetry.sdk.name: opentelemetry
    telemetry.sdk.language: dotnet
    telemetry.sdk.version: 1.8.1
[06:44:01 ERR] An unhandled exception occurred during request POST /api/auth/register. Request ID: 0HNFGVQB4PDFU, User: Anonymous {"SourceContext": "Api.Middleware.GlobalExceptionHandlingMiddleware", "RequestPath": "/api/auth/register", "Application": "Crud.Api"}
FluentValidation.ValidationException: Validation failed: 
 -- Password: Password must be at least 8 characters Severity: Error
 -- Password: Password must contain at least one uppercase letter Severity: Error
 -- Password: Password must contain at least one number Severity: Error
 -- Password: Password must contain at least one special character Severity: Error
   at App.Behaviors.ValidationBehavior`2.Handle(TRequest request, RequestHandlerDelegate`1 next, CancellationToken cancellationToken) in /home/runner/work/Crud/Crud/src/App/Behaviors/ValidationBehavior.cs:line 39
   at Api.Controllers.AuthController.Register(RegisterUserCommand command, CancellationToken cancellationToken) in /home/runner/work/Crud/Crud/src/Api/Controllers/AuthController.cs:line 27
   at Microsoft.AspNetCore.Mvc.Infrastructure.ActionMethodExecutor.TaskOfIActionResultExecutor.Execute(ActionContext actionContext, IActionResultTypeMapper mapper, ObjectMethodExecutor executor, Object controller, Object[] arguments)
   at Microsoft.AspNetCore.Mvc.Infrastructure.ControllerActionInvoker.&lt;InvokeActionMethodAsync&gt;g__Logged|12_1(ControllerActionInvoker invoker)
   at Microsoft.AspNetCore.Mvc.Infrastructure.ControllerActionInvoker.&lt;InvokeNextActionFilterAsync&gt;g__Awaited|10_0(ControllerActionInvoker invoker, Task lastTask, State next, Scope scope, Object state, Boolean isCompleted)
   at Microsoft.AspNetCore.Mvc.Infrastructure.ControllerActionInvoker.Rethrow(ActionExecutedContextSealed context)
   at Microsoft.AspNetCore.Mvc.Infrastructure.ControllerActionInvoker.Next(State&amp; next, Scope&amp; scope, Object&amp; state, Boolean&amp; isCompleted)
   at Microsoft.AspNetCore.Mvc.Infrastructure.ControllerActionInvoker.InvokeInnerFilterAsync()
--- End of stack trace from previous location ---
   at Microsoft.AspNetCore.Mvc.Infrastructure.ResourceInvoker.&lt;InvokeFilterPipelineAsync&gt;g__Awaited|20_0(ResourceInvoker invoker, Task lastTask, State next, Scope scope, Object state, Boolean isCompleted)
   at Microsoft.AspNetCore.Mvc.Infrastructure.ResourceInvoker.&lt;InvokeAsync&gt;g__Logged|17_1(ResourceInvoker invoker)
   at Microsoft.AspNetCore.Mvc.Infrastructure.ResourceInvoker.&lt;InvokeAsync&gt;g__Logged|17_1(ResourceInvoker invoker)
   at Api.Middleware.ConditionalRequestMiddleware.InvokeAsync(HttpContext context) in /home/runner/work/Crud/Crud/src/Api/Middleware/ConditionalRequestMiddleware.cs:line 31
   at Microsoft.AspNetCore.Authorization.AuthorizationMiddleware.Invoke(HttpContext context)
   at Microsoft.AspNetCore.Authentication.AuthenticationMiddleware.Invoke(HttpContext context)
   at Microsoft.AspNetCore.RateLimiting.RateLimitingMiddleware.InvokeInternal(HttpContext context, EnableRateLimitingAttribute enableRateLimitingAttribute)
   at Api.Middleware.GlobalExceptionHandlingMiddleware.InvokeAsync(HttpContext context) in /home/runner/work/Crud/Crud/src/Api/Middleware/GlobalExceptionHandlingMiddleware.cs:line 27
Activity.TraceId:            cd1ecf0f6f19c9d596e928fbee21873a
Activity.SpanId:             b9feb4f24074ad27
Activity.TraceFlags:         Recorded
Activity.ActivitySourceName: Microsoft.AspNetCore
Activity.DisplayName:        POST api/Auth/register
Activity.Kind:               Server
Activity.StartTime:          2025-09-11T06:44:01.9514419Z
Activity.Duration:           00:00:00.0027597
Activity.Tags:
    server.address: localhost
    http.request.method: POST
    url.scheme: http
    url.path: /api/auth/register
    network.protocol.version: 1.1
    http.route: api/Auth/register
    http.response.status_code: 400
Resource associated with Activity:
    deployment.environment: Testing
    service.name: Crud.Api
    service.version: 1.0.0
    service.instance.id: bb25e7a8-9ced-49c8-9e52-fd74b67e7fff
    telemetry.sdk.name: opentelemetry
    telemetry.sdk.language: dotnet
    telemetry.sdk.version: 1.8.1
[06:44:02 INF] User registered successfully: 6fb0e2e5-2c3a-47e2-aa03-b339bab6a93b {"SourceContext": "App.Features.Authentication.RegisterUserCommandHandler", "ActionId": "3821645c-6ca5-4784-bb91-036ecdcbc47b", "ActionName": "Api.Controllers.AuthController.Register (Api)", "RequestId": "0HNFGVQB4PDFV", "RequestPath": "/api/auth/register", "Application": "Crud.Api"}
Activity.TraceId:            dcc755c67d69810e5dbf051ed831cf55
Activity.SpanId:             ae02ab1b4b1fbe41
Activity.TraceFlags:         Recorded
Activity.ActivitySourceName: Microsoft.AspNetCore
Activity.DisplayName:        POST api/Auth/register
Activity.Kind:               Server
Activity.StartTime:          2025-09-11T06:44:01.9570983Z
Activity.Duration:           00:00:00.3090403
Activity.Tags:
    server.address: localhost
    http.request.method: POST
    url.scheme: http
    url.path: /api/auth/register
    network.protocol.version: 1.1
    http.route: api/Auth/register
    http.response.status_code: 200
Resource associated with Activity:
    deployment.environment: Testing
    service.name: Crud.Api
    service.version: 1.0.0
    service.instance.id: bb25e7a8-9ced-49c8-9e52-fd74b67e7fff
    telemetry.sdk.name: opentelemetry
    telemetry.sdk.language: dotnet
    telemetry.sdk.version: 1.8.1
[06:44:02 INF] Refresh token rotated successfully for user: 6fb0e2e5-2c3a-47e2-aa03-b339bab6a93b {"SourceContext": "App.Features.Authentication.RefreshTokenCommandHandler", "ActionId": "677013f4-ddd4-4ce9-8c29-46f89f6b64bc", "ActionName": "Api.Controllers.AuthController.Refresh (Api)", "RequestId": "0HNFGVQB4PDG0", "RequestPath": "/api/auth/refresh", "Application": "Crud.Api"}
Activity.TraceId:            74128f0849a501b6080f2d3e10d0b854
Activity.SpanId:             ef8060d97db627e0
Activity.TraceFlags:         Recorded
Activity.ActivitySourceName: Microsoft.AspNetCore
Activity.DisplayName:        POST api/Auth/refresh
Activity.Kind:               Server
Activity.StartTime:          2025-09-11T06:44:02.2675984Z
Activity.Duration:           00:00:00.0078859
Activity.Tags:
    server.address: localhost
    http.request.method: POST
    url.scheme: http
    url.path: /api/auth/refresh
    network.protocol.version: 1.1
    http.route: api/Auth/refresh
    http.response.status_code: 200
Resource associated with Activity:
    deployment.environment: Testing
    service.name: Crud.Api
    service.version: 1.0.0
    service.instance.id: bb25e7a8-9ced-49c8-9e52-fd74b67e7fff
    telemetry.sdk.name: opentelemetry
    telemetry.sdk.language: dotnet
    telemetry.sdk.version: 1.8.1
Resource associated with Metric:
    deployment.environment: Testing
    service.name: Crud.Api
    service.version: 1.0.0
    service.instance.id: bb25e7a8-9ced-49c8-9e52-fd74b67e7fff
    telemetry.sdk.name: opentelemetry
    telemetry.sdk.language: dotnet
    telemetry.sdk.version: 1.8.1
Metric Name: http.server.active_requests, Number of active HTTP server requests., Unit: {request}, Meter: Microsoft.AspNetCore.Hosting
(2025-09-11T06:43:58.9444296Z, 2025-09-11T06:44:02.2870456Z] http.request.method: POST url.scheme: http LongSumNonMonotonic
Value: 0
(2025-09-11T06:43:58.9444296Z, 2025-09-11T06:44:02.2870456Z] http.request.method: GET url.scheme: http LongSumNonMonotonic
Value: 0
Metric Name: http.server.request.duration, Duration of HTTP server requests., Unit: s, Meter: Microsoft.AspNetCore.Hosting
[06:44:02 INF] Starting Crud API application {"Application": "Crud.Api"}
(2025-09-11T06:43:58.9460463Z, 2025-09-11T06:44:02.2872233Z] http.request.method: POST http.response.status_code: 200 http.route: api/Auth/register network.protocol.version: 1.1 url.scheme: http Histogram
Value: Sum: 2.6254637 Count: 6 Min: 0.3047659 Max: 1.0447601 
(-Infinity,0.005]:0
(0.005,0.01]:0
(0.01,0.025]:0
(0.025,0.05]:0
(0.05,0.075]:0
(0.075,0.1]:0
(0.1,0.25]:0
(0.25,0.5]:5
(0.5,0.75]:0
(0.75,1]:0
(1,2.5]:1
(2.5,5]:0
(5,7.5]:0
(7.5,10]:0
(10,+Infinity]:0
(2025-09-11T06:43:58.9460463Z, 2025-09-11T06:44:02.2872233Z] http.request.method: GET http.response.status_code: 200 http.route: api/Auth/me network.protocol.version: 1.1 url.scheme: http Histogram
Value: Sum: 0.048633 Count: 12 Min: 0.0005004 Max: 0.0391046 
(-Infinity,0.005]:11
(0.005,0.01]:0
(0.01,0.025]:0
(0.025,0.05]:1
(0.05,0.075]:0
(0.075,0.1]:0
(0.1,0.25]:0
(0.25,0.5]:0
(0.5,0.75]:0
(0.75,1]:0
(1,2.5]:0
(2.5,5]:0
(5,7.5]:0
(7.5,10]:0
(10,+Infinity]:0
(2025-09-11T06:43:58.9460463Z, 2025-09-11T06:44:02.2872233Z] http.request.method: POST http.response.status_code: 200 http.route: api/Auth/login network.protocol.version: 1.1 url.scheme: http Histogram
Value: Sum: 0.3484067 Count: 1 Min: 0.3484067 Max: 0.3484067 
(-Infinity,0.005]:0
(0.005,0.01]:0
(0.01,0.025]:0
(0.025,0.05]:0
(0.05,0.075]:0
(0.075,0.1]:0
(0.1,0.25]:0
(0.25,0.5]:1
(0.5,0.75]:0
(0.75,1]:0
(1,2.5]:0
(2.5,5]:0
(5,7.5]:0
(7.5,10]:0
(10,+Infinity]:0
(2025-09-11T06:43:58.9460463Z, 2025-09-11T06:44:02.2872233Z] http.request.method: POST http.response.status_code: 200 http.route: api/Auth/refresh network.protocol.version: 1.1 url.scheme: http Histogram
Value: Sum: 0.07916989999999999 Count: 5 Min: 0.007696 Max: 0.0466884 
(-Infinity,0.005]:0
(0.005,0.01]:4
(0.01,0.025]:0
(0.025,0.05]:1
(0.05,0.075]:0
(0.075,0.1]:0
(0.1,0.25]:0
(0.25,0.5]:0
(0.5,0.75]:0
(0.75,1]:0
(1,2.5]:0
(2.5,5]:0
(5,7.5]:0
(7.5,10]:0
(10,+Infinity]:0
(2025-09-11T06:43:58.9460463Z, 2025-09-11T06:44:02.2872233Z] http.request.method: POST http.response.status_code: 200 http.route: api/Auth/logout network.protocol.version: 1.1 url.scheme: http Histogram
Value: Sum: 0.0367083 Count: 1 Min: 0.0367083 Max: 0.0367083 
(-Infinity,0.005]:0
(0.005,0.01]:0
(0.01,0.025]:0
(0.025,0.05]:1
(0.05,0.075]:0
(0.075,0.1]:0
(0.1,0.25]:0
(0.25,0.5]:0
(0.5,0.75]:0
(0.75,1]:0
(1,2.5]:0
(2.5,5]:0
(5,7.5]:0
(7.5,10]:0
(10,+Infinity]:0
(2025-09-11T06:43:58.9460463Z, 2025-09-11T06:44:02.2872233Z] http.request.method: POST http.response.status_code: 401 http.route: api/Auth/refresh network.protocol.version: 1.1 url.scheme: http Histogram
Value: Sum: 0.0039796 Count: 1 Min: 0.0039796 Max: 0.0039796 
(-Infinity,0.005]:1
(0.005,0.01]:0
(0.01,0.025]:0
(0.025,0.05]:0
(0.05,0.075]:0
(0.075,0.1]:0
(0.1,0.25]:0
(0.25,0.5]:0
(0.5,0.75]:0
(0.75,1]:0
(1,2.5]:0
(2.5,5]:0
(5,7.5]:0
(7.5,10]:0
(10,+Infinity]:0
(2025-09-11T06:43:58.9460463Z, 2025-09-11T06:44:02.2872233Z] http.request.method: POST http.response.status_code: 400 http.route: api/Auth/register network.protocol.version: 1.1 url.scheme: http Histogram
Value: Sum: 0.0319342 Count: 3 Min: 0.0027578 Max: 0.0257075 
(-Infinity,0.005]:2
(0.005,0.01]:0
(0.01,0.025]:0
(0.025,0.05]:1
(0.05,0.075]:0
(0.075,0.1]:0
(0.1,0.25]:0
(0.25,0.5]:0
(0.5,0.75]:0
(0.75,1]:0
(1,2.5]:0
(2.5,5]:0
(5,7.5]:0
(7.5,10]:0
(10,+Infinity]:0
(2025-09-11T06:43:58.9460463Z, 2025-09-11T06:44:02.2872233Z] http.request.method: POST http.response.status_code: 401 http.route: api/Auth/login network.protocol.version: 1.1 url.scheme: http Histogram
Value: Sum: 0.0034419 Count: 1 Min: 0.0034419 Max: 0.0034419 
(-Infinity,0.005]:1
(0.005,0.01]:0
(0.01,0.025]:0
(0.025,0.05]:0
(0.05,0.075]:0
(0.075,0.1]:0
(0.1,0.25]:0
(0.25,0.5]:0
(0.5,0.75]:0
(0.75,1]:0
(1,2.5]:0
(2.5,5]:0
(5,7.5]:0
(7.5,10]:0
(10,+Infinity]:0
(2025-09-11T06:43:58.9460463Z, 2025-09-11T06:44:02.2872233Z] http.request.method: GET http.response.status_code: 401 http.route: api/Auth/me network.protocol.version: 1.1 url.scheme: http Histogram
Value: Sum: 0.002533 Count: 1 Min: 0.002533 Max: 0.002533 
(-Infinity,0.005]:1
(0.005,0.01]:0
(0.01,0.025]:0
(0.025,0.05]:0
(0.05,0.075]:0
(0.075,0.1]:0
(0.1,0.25]:0
(0.25,0.5]:0
(0.5,0.75]:0
(0.75,1]:0
(1,2.5]:0
(2.5,5]:0
(5,7.5]:0
(7.5,10]:0
(10,+Infinity]:0
Metric Name: aspnetcore.rate_limiting.active_request_leases, Number of HTTP requests that are currently active on the server that hold a rate limiting lease., Unit: {request}, Meter: Microsoft.AspNetCore.RateLimiting
(2025-09-11T06:43:58.9871967Z, 2025-09-11T06:44:02.2872247Z] LongSumNonMonotonic
Value: 0
Metric Name: aspnetcore.rate_limiting.request_lease.duration, The duration of rate limiting leases held by HTTP requests on the server., Unit: s, Meter: Microsoft.AspNetCore.RateLimiting
(2025-09-11T06:43:58.9872468Z, 2025-09-11T06:44:02.2872254Z] Histogram
Value: Sum: 3.0897314000000002 Count: 31 Min: 0.0003654 Max: 0.9887648 
(-Infinity,0.005]:17
(0.005,0.01]:4
(0.01,0.025]:0
(0.025,0.05]:3
(0.05,0.075]:0
(0.075,0.1]:0
(0.1,0.25]:0
(0.25,0.5]:6
(0.5,0.75]:0
(0.75,1]:1
(1,2.5]:0
(2.5,5]:0
(5,7.5]:0
(7.5,10]:0
(10,+Infinity]:0
Metric Name: aspnetcore.rate_limiting.requests, Number of requests that tried to acquire a rate limiting lease. Requests could be rejected by global or endpoint rate limiting policies. Or the request could be canceled while waiting for the lease., Unit: {request}, Meter: Microsoft.AspNetCore.RateLimiting
(2025-09-11T06:43:58.9877333Z, 2025-09-11T06:44:02.2872271Z] aspnetcore.rate_limiting.result: acquired LongSum
Value: 31
Metric Name: aspnetcore.routing.match_attempts, Number of requests that were attempted to be matched to an endpoint., Unit: {match_attempt}, Meter: Microsoft.AspNetCore.Routing
(2025-09-11T06:43:58.9988500Z, 2025-09-11T06:44:02.2872278Z] aspnetcore.routing.is_fallback: false aspnetcore.routing.match_status: success http.route: api/Auth/register LongSum
Value: 9
(2025-09-11T06:43:58.9988500Z, 2025-09-11T06:44:02.2872278Z] aspnetcore.routing.is_fallback: false aspnetcore.routing.match_status: success http.route: api/Auth/me LongSum
Value: 13
(2025-09-11T06:43:58.9988500Z, 2025-09-11T06:44:02.2872278Z] aspnetcore.routing.is_fallback: false aspnetcore.routing.match_status: success http.route: api/Auth/login LongSum
Value: 2
(2025-09-11T06:43:58.9988500Z, 2025-09-11T06:44:02.2872278Z] aspnetcore.routing.is_fallback: false aspnetcore.routing.match_status: success http.route: api/Auth/refresh LongSum
Value: 6
(2025-09-11T06:43:58.9988500Z, 2025-09-11T06:44:02.2872278Z] aspnetcore.routing.is_fallback: false aspnetcore.routing.match_status: success http.route: api/Auth/logout LongSum
Value: 1
Activity.TraceId:            392e5021d48413206782f5846dadb1d6
Activity.SpanId:             f59af960ca090807
Activity.TraceFlags:         Recorded
Activity.ActivitySourceName: Microsoft.AspNetCore
Activity.DisplayName:        POST api/Auth/register
Activity.Kind:               Server
Activity.StartTime:          2025-09-11T06:44:02.6072758Z
Activity.Duration:           00:00:00.3619208
Activity.Tags:
    server.address: localhost
    http.request.method: POST
    url.scheme: http
    url.path: /api/auth/register
    network.protocol.version: 1.1
    http.route: api/Auth/register
    http.response.status_code: 200
Resource associated with Activity:
    deployment.environment: Testing
    service.name: Crud.Api
    service.version: 1.0.0
    service.instance.id: bb25e7a8-9ced-49c8-9e52-fd74b67e7fff
    telemetry.sdk.name: opentelemetry
    telemetry.sdk.language: dotnet
    telemetry.sdk.version: 1.8.1
Activity.TraceId:            f5ef457467d0cdc61462a9cf65eb714d
Activity.SpanId:             685c8cab5594e98f
Activity.TraceFlags:         Recorded
Activity.ActivitySourceName: Microsoft.AspNetCore
Activity.DisplayName:        GET api/People
Activity.Kind:               Server
Activity.StartTime:          2025-09-11T06:44:02.9735816Z
Activity.Duration:           00:00:00.1559703
Activity.Tags:
    server.address: localhost
    http.request.method: GET
    url.scheme: http
    url.path: /api/people
    network.protocol.version: 1.1
    http.route: api/People
    http.response.status_code: 200
Resource associated with Activity:
    deployment.environment: Testing
    service.name: Crud.Api
    service.version: 1.0.0
    service.instance.id: bb25e7a8-9ced-49c8-9e52-fd74b67e7fff
    telemetry.sdk.name: opentelemetry
    telemetry.sdk.language: dotnet
    telemetry.sdk.version: 1.8.1
Activity.TraceId:            106592fb6705afdb06fd1bfb738ea5a4
Activity.SpanId:             872779f999bec6c0
Activity.TraceFlags:         Recorded
Activity.ActivitySourceName: Microsoft.AspNetCore
Activity.DisplayName:        POST api/Auth/register
Activity.Kind:               Server
Activity.StartTime:          2025-09-11T06:44:03.1329970Z
Activity.Duration:           00:00:00.3043594
Activity.Tags:
    server.address: localhost
    http.request.method: POST
    url.scheme: http
    url.path: /api/auth/register
    network.protocol.version: 1.1
    http.route: api/Auth/register
    http.response.status_code: 200
Resource associated with Activity:
    deployment.environment: Testing
    service.name: Crud.Api
    service.version: 1.0.0
    service.instance.id: bb25e7a8-9ced-49c8-9e52-fd74b67e7fff
    telemetry.sdk.name: opentelemetry
    telemetry.sdk.language: dotnet
    telemetry.sdk.version: 1.8.1
Activity.TraceId:            f4e929a74af28b81287b5e08aeec5151
Activity.SpanId:             244a807327753401
Activity.TraceFlags:         Recorded
Activity.ActivitySourceName: Microsoft.AspNetCore
Activity.DisplayName:        GET api/People
Activity.Kind:               Server
Activity.StartTime:          2025-09-11T06:44:03.4397902Z
Activity.Duration:           00:00:00.0047292
Activity.Tags:
    server.address: localhost
    http.request.method: GET
    url.scheme: http
    url.path: /api/people
    network.protocol.version: 1.1
    http.route: api/People
    http.response.status_code: 200
Resource associated with Activity:
    deployment.environment: Testing
    service.name: Crud.Api
    service.version: 1.0.0
    service.instance.id: bb25e7a8-9ced-49c8-9e52-fd74b67e7fff
    telemetry.sdk.name: opentelemetry
    telemetry.sdk.language: dotnet
    telemetry.sdk.version: 1.8.1
Activity.TraceId:            abdacf33cf1c4b1e4336561831c7ce68
Activity.SpanId:             eeb127c99472a353
Activity.TraceFlags:         Recorded
Activity.ActivitySourceName: Microsoft.AspNetCore
Activity.DisplayName:        POST api/Auth/register
Activity.Kind:               Server
Activity.StartTime:          2025-09-11T06:44:03.4496919Z
Activity.Duration:           00:00:00.3043308
Activity.Tags:
    server.address: localhost
    http.request.method: POST
    url.scheme: http
    url.path: /api/auth/register
    network.protocol.version: 1.1
    http.route: api/Auth/register
    http.response.status_code: 200
Resource associated with Activity:
    deployment.environment: Testing
    service.name: Crud.Api
    service.version: 1.0.0
    service.instance.id: bb25e7a8-9ced-49c8-9e52-fd74b67e7fff
    telemetry.sdk.name: opentelemetry
    telemetry.sdk.language: dotnet
    telemetry.sdk.version: 1.8.1
Activity.TraceId:            32000e71aacb26d66b279c5608a442ea
Activity.SpanId:             96d8a84e8242262b
Activity.TraceFlags:         Recorded
Activity.ActivitySourceName: Microsoft.AspNetCore
Activity.DisplayName:        GET api/People
Activity.Kind:               Server
Activity.StartTime:          2025-09-11T06:44:03.7563874Z
Activity.Duration:           00:00:00.0043004
Activity.Tags:
    server.address: localhost
    http.request.method: GET
    url.scheme: http
    url.path: /api/people
    network.protocol.version: 1.1
    http.route: api/People
    http.response.status_code: 200
Resource associated with Activity:
    deployment.environment: Testing
    service.name: Crud.Api
    service.version: 1.0.0
    service.instance.id: bb25e7a8-9ced-49c8-9e52-fd74b67e7fff
    telemetry.sdk.name: opentelemetry
    telemetry.sdk.language: dotnet
    telemetry.sdk.version: 1.8.1
Activity.TraceId:            505c6804138bd16af218b0f5799558a4
Activity.SpanId:             966d18bdbe5ebc39
Activity.TraceFlags:         Recorded
Activity.ActivitySourceName: Microsoft.AspNetCore
Activity.DisplayName:        POST api/Auth/register
Activity.Kind:               Server
Activity.StartTime:          2025-09-11T06:44:03.7625741Z
Activity.Duration:           00:00:00.3010314
Activity.Tags:
    server.address: localhost
    http.request.method: POST
    url.scheme: http
    url.path: /api/auth/register
    network.protocol.version: 1.1
    http.route: api/Auth/register
    http.response.status_code: 200
Resource associated with Activity:
    deployment.environment: Testing
    service.name: Crud.Api
    service.version: 1.0.0
    service.instance.id: bb25e7a8-9ced-49c8-9e52-fd74b67e7fff
    telemetry.sdk.name: opentelemetry
    telemetry.sdk.language: dotnet
    telemetry.sdk.version: 1.8.1
Activity.TraceId:            2756d45eae8f9e6ec4c79e8e3f35b432
Activity.SpanId:             3e97377174a490b6
Activity.TraceFlags:         Recorded
Activity.ActivitySourceName: Microsoft.AspNetCore
Activity.DisplayName:        GET api/People
Activity.Kind:               Server
Activity.StartTime:          2025-09-11T06:44:04.0654261Z
Activity.Duration:           00:00:00.0011484
Activity.Tags:
    server.address: localhost
    http.request.method: GET
    url.scheme: https
    url.path: /api/people
    network.protocol.version: 1.1
    http.route: api/People
    http.response.status_code: 200
Resource associated with Activity:
    deployment.environment: Testing
    service.name: Crud.Api
    service.version: 1.0.0
    service.instance.id: bb25e7a8-9ced-49c8-9e52-fd74b67e7fff
    telemetry.sdk.name: opentelemetry
    telemetry.sdk.language: dotnet
    telemetry.sdk.version: 1.8.1
Activity.TraceId:            d7f598cab282edd5c84c8f2588fbf22c
Activity.SpanId:             d2e8a996dbc97aae
Activity.TraceFlags:         Recorded
Activity.ActivitySourceName: Microsoft.AspNetCore
Activity.DisplayName:        GET /health
Activity.Kind:               Server
Activity.StartTime:          2025-09-11T06:44:04.0682796Z
Activity.Duration:           00:00:00.0035542
Activity.Tags:
    server.address: localhost
    http.request.method: GET
    url.scheme: http
    url.path: /health
    network.protocol.version: 1.1
    http.route: /health
    http.response.status_code: 200
Resource associated with Activity:
    deployment.environment: Testing
    service.name: Crud.Api
    service.version: 1.0.0
    service.instance.id: bb25e7a8-9ced-49c8-9e52-fd74b67e7fff
    telemetry.sdk.name: opentelemetry
    telemetry.sdk.language: dotnet
    telemetry.sdk.version: 1.8.1
Activity.TraceId:            e3561e18c3b726c481256afd19a46fa0
Activity.SpanId:             4b12ff40439755f4
Activity.TraceFlags:         Recorded
Activity.ActivitySourceName: Microsoft.AspNetCore
Activity.DisplayName:        POST api/Auth/register
Activity.Kind:               Server
Activity.StartTime:          2025-09-11T06:44:04.0762252Z
Activity.Duration:           00:00:00.3009445
Activity.Tags:
    server.address: localhost
    http.request.method: POST
    url.scheme: http
    url.path: /api/auth/register
    network.protocol.version: 1.1
    http.route: api/Auth/register
    http.response.status_code: 200
Resource associated with Activity:
    deployment.environment: Testing
    service.name: Crud.Api
    service.version: 1.0.0
    service.instance.id: bb25e7a8-9ced-49c8-9e52-fd74b67e7fff
    telemetry.sdk.name: opentelemetry
    telemetry.sdk.language: dotnet
    telemetry.sdk.version: 1.8.1
Activity.TraceId:            42383be98bace4d6e5975cd01560ef62
Activity.SpanId:             25c4159cdfded296
Activity.TraceFlags:         Recorded
Activity.ActivitySourceName: Microsoft.AspNetCore
Activity.DisplayName:        POST api/Auth/register
Activity.Kind:               Server
Activity.StartTime:          2025-09-11T06:44:04.3790146Z
Activity.Duration:           00:00:00.3008050
Activity.Tags:
    server.address: localhost
    http.request.method: POST
    url.scheme: http
    url.path: /api/auth/register
    network.protocol.version: 1.1
    http.route: api/Auth/register
    http.response.status_code: 200
Resource associated with Activity:
    deployment.environment: Testing
    service.name: Crud.Api
    service.version: 1.0.0
    service.instance.id: bb25e7a8-9ced-49c8-9e52-fd74b67e7fff
    telemetry.sdk.name: opentelemetry
    telemetry.sdk.language: dotnet
    telemetry.sdk.version: 1.8.1
Activity.TraceId:            9f05a4b3e66ba687acf9828bf8d28aaf
Activity.SpanId:             c801cecfd225c9ff
Activity.TraceFlags:         Recorded
Activity.ActivitySourceName: Microsoft.AspNetCore
Activity.DisplayName:        GET api/People
Activity.Kind:               Server
Activity.StartTime:          2025-09-11T06:44:04.6804175Z
Activity.Duration:           00:00:00.0010842
Activity.Tags:
    server.address: localhost
    http.request.method: GET
    url.scheme: http
    url.path: /api/people
    network.protocol.version: 1.1
    http.route: api/People
    http.response.status_code: 200
Resource associated with Activity:
    deployment.environment: Testing
    service.name: Crud.Api
    service.version: 1.0.0
    service.instance.id: bb25e7a8-9ced-49c8-9e52-fd74b67e7fff
    telemetry.sdk.name: opentelemetry
    telemetry.sdk.language: dotnet
    telemetry.sdk.version: 1.8.1
Activity.TraceId:            887f4cb36fd0d347b3152201ef6787c3
Activity.SpanId:             4af58880da3885d4
Activity.TraceFlags:         Recorded
Activity.ActivitySourceName: Microsoft.AspNetCore
Activity.DisplayName:        GET api/People
Activity.Kind:               Server
Activity.StartTime:          2025-09-11T06:44:04.6816550Z
Activity.Duration:           00:00:00.0008608
Activity.Tags:
    server.address: localhost
    http.request.method: GET
    url.scheme: http
    url.path: /api/people
    network.protocol.version: 1.1
    http.route: api/People
    http.response.status_code: 200
Resource associated with Activity:
    deployment.environment: Testing
    service.name: Crud.Api
    service.version: 1.0.0
    service.instance.id: bb25e7a8-9ced-49c8-9e52-fd74b67e7fff
    telemetry.sdk.name: opentelemetry
    telemetry.sdk.language: dotnet
    telemetry.sdk.version: 1.8.1
Resource associated with Metric:
    deployment.environment: Testing
    service.name: Crud.Api
    service.version: 1.0.0
    service.instance.id: bb25e7a8-9ced-49c8-9e52-fd74b67e7fff
    telemetry.sdk.name: opentelemetry
    telemetry.sdk.language: dotnet
    telemetry.sdk.version: 1.8.1
Metric Name: http.server.active_requests, Number of active HTTP server requests., Unit: {request}, Meter: Microsoft.AspNetCore.Hosting
(2025-09-11T06:44:02.5737008Z, 2025-09-11T06:44:04.6870019Z] http.request.method: POST url.scheme: http LongSumNonMonotonic
Value: 0
(2025-09-11T06:44:02.5737008Z, 2025-09-11T06:44:04.6870019Z] http.request.method: GET url.scheme: http LongSumNonMonotonic
Value: 0
(2025-09-11T06:44:02.5737008Z, 2025-09-11T06:44:04.6870019Z] http.request.method: GET url.scheme: https LongSumNonMonotonic
Value: 0
Metric Name: http.server.request.duration, Duration of HTTP server requests., Unit: s, Meter: Microsoft.AspNetCore.Hosting
(2025-09-11T06:44:02.5737350Z, 2025-09-11T06:44:04.6870049Z] http.request.method: POST http.response.status_code: 200 http.route: api/Auth/register network.protocol.version: 1.1 url.scheme: http Histogram
Value: Sum: 1.8733514 Count: 6 Min: 0.3008092 Max: 0.3619248 
(-Infinity,0.005]:0
(0.005,0.01]:0
(0.01,0.025]:0
(0.025,0.05]:0
(0.05,0.075]:0
(0.075,0.1]:0
(0.1,0.25]:0
(0.25,0.5]:6
(0.5,0.75]:0
(0.75,1]:0
(1,2.5]:0
(2.5,5]:0
(5,7.5]:0
(7.5,10]:0
(10,+Infinity]:0
(2025-09-11T06:44:02.5737350Z, 2025-09-11T06:44:04.6870049Z] http.request.method: GET http.response.status_code: 200 http.route: api/People network.protocol.version: 1.1 url.scheme: http Histogram
Value: Sum: 0.16699540000000002 Count: 5 Min: 0.000867 Max: 0.1559618 
(-Infinity,0.005]:4
(0.005,0.01]:0
(0.01,0.025]:0
(0.025,0.05]:0
(0.05,0.075]:0
(0.075,0.1]:0
(0.1,0.25]:1
(0.25,0.5]:0
(0.5,0.75]:0
(0.75,1]:0
(1,2.5]:0
(2.5,5]:0
(5,7.5]:0
(7.5,10]:0
(10,+Infinity]:0
(2025-09-11T06:44:02.5737350Z, 2025-09-11T06:44:04.6870049Z] http.request.method: GET http.response.status_code: 200 http.route: api/People network.protocol.version: 1.1 url.scheme: https Histogram
Value: Sum: 0.001164 Count: 1 Min: 0.001164 Max: 0.001164 
(-Infinity,0.005]:1
(0.005,0.01]:0
(0.01,0.025]:0
(0.025,0.05]:0
(0.05,0.075]:0
(0.075,0.1]:0
(0.1,0.25]:0
(0.25,0.5]:0
(0.5,0.75]:0
(0.75,1]:0
(1,2.5]:0
(2.5,5]:0
(5,7.5]:0
(7.5,10]:0
(10,+Infinity]:0
(2025-09-11T06:44:02.5737350Z, 2025-09-11T06:44:04.6870049Z] http.request.method: GET http.response.status_code: 200 http.route: /health network.protocol.version: 1.1 url.scheme: http Histogram
Value: Sum: 0.0035467 Count: 1 Min: 0.0035467 Max: 0.0035467 
(-Infinity,0.005]:1
(0.005,0.01]:0
(0.01,0.025]:0
(0.025,0.05]:0
(0.05,0.075]:0
(0.075,0.1]:0
(0.1,0.25]:0
(0.25,0.5]:0
(0.5,0.75]:0
(0.75,1]:0
(1,2.5]:0
(2.5,5]:0
(5,7.5]:0
(7.5,10]:0
(10,+Infinity]:0
Metric Name: aspnetcore.rate_limiting.active_request_leases, Number of HTTP requests that are currently active on the server that hold a rate limiting lease., Unit: {request}, Meter: Microsoft.AspNetCore.RateLimiting
(2025-09-11T06:44:02.5984093Z, 2025-09-11T06:44:04.6870057Z] LongSumNonMonotonic
Value: 0
Metric Name: aspnetcore.rate_limiting.request_lease.duration, The duration of rate limiting leases held by HTTP requests on the server., Unit: s, Meter: Microsoft.AspNetCore.RateLimiting
(2025-09-11T06:44:02.5984405Z, 2025-09-11T06:44:04.6870064Z] Histogram
Value: Sum: 2.0295637 Count: 13 Min: 0.0006349 Max: 0.358939 
(-Infinity,0.005]:6
(0.005,0.01]:0
(0.01,0.025]:0
(0.025,0.05]:0
(0.05,0.075]:0
(0.075,0.1]:0
(0.1,0.25]:1
(0.25,0.5]:6
(0.5,0.75]:0
(0.75,1]:0
(1,2.5]:0
(2.5,5]:0
(5,7.5]:0
(7.5,10]:0
(10,+Infinity]:0
Metric Name: aspnetcore.rate_limiting.requests, Number of requests that tried to acquire a rate limiting lease. Requests could be rejected by global or endpoint rate limiting policies. Or the request could be canceled while waiting for the lease., Unit: {request}, Meter: Microsoft.AspNetCore.RateLimiting
(2025-09-11T06:44:02.5984941Z, 2025-09-11T06:44:04.6870077Z] aspnetcore.rate_limiting.result: acquired LongSum
Value: 13
Metric Name: aspnetcore.routing.match_attempts, Number of requests that were attempted to be matched to an endpoint., Unit: {match_attempt}, Meter: Microsoft.AspNetCore.Routing
(2025-09-11T06:44:02.6035793Z, 2025-09-11T06:44:04.6870086Z] aspnetcore.routing.is_fallback: false aspnetcore.routing.match_status: success http.route: api/Auth/register LongSum
Value: 6
(2025-09-11T06:44:02.6035793Z, 2025-09-11T06:44:04.6870086Z] aspnetcore.routing.is_fallback: false aspnetcore.routing.match_status: success http.route: api/People LongSum
Value: 6
(2025-09-11T06:44:02.6035793Z, 2025-09-11T06:44:04.6870086Z] aspnetcore.routing.is_fallback: false aspnetcore.routing.match_status: success http.route: /health LongSum
Value: 1
[06:44:04 INF] Starting Crud API application {"Application": "Crud.Api"}
[06:44:04 INF] Using SQLite provider with connection: Data Source=TestDatabase.db {"Application": "Crud.Api"}
[06:44:04 INF] Database ensured successfully {"Application": "Crud.Api"}
[06:44:04 INF] Application configured successfully. Starting web host... {"Application": "Crud.Api"}
[06:44:04 WRN] Failed to determine the https port for redirect. {"EventId": {"Id": 3, "Name": "FailedToDeterminePort"}, "SourceContext": "Microsoft.AspNetCore.HttpsPolicy.HttpsRedirectionMiddleware", "RequestId": "0HNFGVQB4PDG1", "RequestPath": "/api/auth/register", "Application": "Crud.Api"}
[06:44:05 INF] User registered successfully: 2f1dc76f-3b57-4976-b671-3c562b8ac6f9 {"SourceContext": "App.Features.Authentication.RegisterUserCommandHandler", "ActionId": "c39ba5d7-1739-4788-b4c1-48a184010d31", "ActionName": "Api.Controllers.AuthController.Register (Api)", "RequestId": "0HNFGVQB4PDG1", "RequestPath": "/api/auth/register", "Application": "Crud.Api"}
Activity.TraceId:            9de3cffb18eaaacf09370357896f928b
Activity.SpanId:             0dd58eda797a785d
Activity.TraceFlags:         Recorded
Activity.ActivitySourceName: Microsoft.AspNetCore
Activity.DisplayName:        POST api/Auth/register
Activity.Kind:               Server
Activity.StartTime:          2025-09-11T06:44:04.7689675Z
Activity.Duration:           00:00:00.3239815
Activity.Tags:
    server.address: localhost
    http.request.method: POST
    url.scheme: http
    url.path: /api/auth/register
    network.protocol.version: 1.1
    http.route: api/Auth/register
    http.response.status_code: 200
Resource associated with Activity:
    deployment.environment: Testing
    service.name: Crud.Api
    service.version: 1.0.0
    service.instance.id: bb25e7a8-9ced-49c8-9e52-fd74b67e7fff
    telemetry.sdk.name: opentelemetry
    telemetry.sdk.language: dotnet
    telemetry.sdk.version: 1.8.1
[06:44:05 INF] User logged in successfully: 2f1dc76f-3b57-4976-b671-3c562b8ac6f9 {"SourceContext": "App.Features.Authentication.LoginCommandHandler", "ActionId": "e15c920d-5db7-489f-a7e4-ac51fce12eef", "ActionName": "Api.Controllers.AuthController.Login (Api)", "RequestId": "0HNFGVQB4PDG2", "RequestPath": "/api/auth/login", "Application": "Crud.Api"}
Activity.TraceId:            96f63fbee199f085a55d33aecb6add04
Activity.SpanId:             31eab44583e9aac2
Activity.TraceFlags:         Recorded
Activity.ActivitySourceName: Microsoft.AspNetCore
Activity.DisplayName:        POST api/Auth/login
Activity.Kind:               Server
Activity.StartTime:          2025-09-11T06:44:05.0976836Z
Activity.Duration:           00:00:00.3127646
Activity.Tags:
    server.address: localhost
    http.request.method: POST
    url.scheme: http
    url.path: /api/auth/login
    network.protocol.version: 1.1
    http.route: api/Auth/login
    http.response.status_code: 200
Resource associated with Activity:
    deployment.environment: Testing
    service.name: Crud.Api
    service.version: 1.0.0
    service.instance.id: bb25e7a8-9ced-49c8-9e52-fd74b67e7fff
    telemetry.sdk.name: opentelemetry
    telemetry.sdk.language: dotnet
    telemetry.sdk.version: 1.8.1
Activity.TraceId:            22710a7cb9148157997792c90adad9e3
Activity.SpanId:             ca8e503a9c3ddc37
Activity.TraceFlags:         Recorded
Activity.ActivitySourceName: Microsoft.AspNetCore
Activity.DisplayName:        POST api/Windows
Activity.Kind:               Server
Activity.StartTime:          2025-09-11T06:44:05.4162129Z
Activity.Duration:           00:00:00.0390370
Activity.Tags:
    server.address: localhost
    http.request.method: POST
    url.scheme: http
    url.path: /api/windows
    network.protocol.version: 1.1
    http.route: api/Windows
    http.response.status_code: 400
Resource associated with Activity:
    deployment.environment: Testing
    service.name: Crud.Api
    service.version: 1.0.0
    service.instance.id: bb25e7a8-9ced-49c8-9e52-fd74b67e7fff
    telemetry.sdk.name: opentelemetry
    telemetry.sdk.language: dotnet
    telemetry.sdk.version: 1.8.1
[06:44:05 INF] User registered successfully: 4a85cb4e-51b3-4ae2-a019-587442eedce5 {"SourceContext": "App.Features.Authentication.RegisterUserCommandHandler", "ActionId": "c39ba5d7-1739-4788-b4c1-48a184010d31", "ActionName": "Api.Controllers.AuthController.Register (Api)", "RequestId": "0HNFGVQB4PDG4", "RequestPath": "/api/auth/register", "Application": "Crud.Api"}
Activity.TraceId:            09180047db9458455228e0e983ab1dcc
Activity.SpanId:             76fdd512f40ab08d
Activity.TraceFlags:         Recorded
Activity.ActivitySourceName: Microsoft.AspNetCore
Activity.DisplayName:        POST api/Auth/register
Activity.Kind:               Server
Activity.StartTime:          2025-09-11T06:44:05.4586282Z
Activity.Duration:           00:00:00.3037831
Activity.Tags:
    server.address: localhost
    http.request.method: POST
    url.scheme: http
    url.path: /api/auth/register
    network.protocol.version: 1.1
    http.route: api/Auth/register
    http.response.status_code: 200
Resource associated with Activity:
    deployment.environment: Testing
    service.name: Crud.Api
    service.version: 1.0.0
    service.instance.id: bb25e7a8-9ced-49c8-9e52-fd74b67e7fff
    telemetry.sdk.name: opentelemetry
    telemetry.sdk.language: dotnet
    telemetry.sdk.version: 1.8.1
[06:44:06 INF] User logged in successfully: 4a85cb4e-51b3-4ae2-a019-587442eedce5 {"SourceContext": "App.Features.Authentication.LoginCommandHandler", "ActionId": "e15c920d-5db7-489f-a7e4-ac51fce12eef", "ActionName": "Api.Controllers.AuthController.Login (Api)", "RequestId": "0HNFGVQB4PDG5", "RequestPath": "/api/auth/login", "Application": "Crud.Api"}
Activity.TraceId:            1548643d7722d1125a423a763fdddbf0
Activity.SpanId:             905183ada0ddaa82
Activity.TraceFlags:         Recorded
Activity.ActivitySourceName: Microsoft.AspNetCore
Activity.DisplayName:        POST api/Auth/login
Activity.Kind:               Server
Activity.StartTime:          2025-09-11T06:44:05.7649567Z
Activity.Duration:           00:00:00.3018290
Activity.Tags:
    server.address: localhost
    http.request.method: POST
    url.scheme: http
    url.path: /api/auth/login
    network.protocol.version: 1.1
    http.route: api/Auth/login
    http.response.status_code: 200
Resource associated with Activity:
    deployment.environment: Testing
    service.name: Crud.Api
    service.version: 1.0.0
    service.instance.id: bb25e7a8-9ced-49c8-9e52-fd74b67e7fff
    telemetry.sdk.name: opentelemetry
    telemetry.sdk.language: dotnet
    telemetry.sdk.version: 1.8.1
Activity.TraceId:            fc0744de2e020cd431217e0d2fb33ba1
Activity.SpanId:             edf9c0d5bd2ce14d
Activity.TraceFlags:         Recorded
Activity.ActivitySourceName: Microsoft.AspNetCore
Activity.DisplayName:        POST api/Windows
Activity.Kind:               Server
Activity.StartTime:          2025-09-11T06:44:06.0712614Z
Activity.Duration:           00:00:00.0029288
Activity.Tags:
    server.address: localhost
    http.request.method: POST
    url.scheme: http
    url.path: /api/windows
    network.protocol.version: 1.1
    http.route: api/Windows
    http.response.status_code: 400
Resource associated with Activity:
    deployment.environment: Testing
    service.name: Crud.Api
    service.version: 1.0.0
    service.instance.id: bb25e7a8-9ced-49c8-9e52-fd74b67e7fff
    telemetry.sdk.name: opentelemetry
    telemetry.sdk.language: dotnet
    telemetry.sdk.version: 1.8.1
[06:44:06 INF] User registered successfully: 3cd66986-4c1e-4e35-bef0-1bddac6ecf20 {"SourceContext": "App.Features.Authentication.RegisterUserCommandHandler", "ActionId": "c39ba5d7-1739-4788-b4c1-48a184010d31", "ActionName": "Api.Controllers.AuthController.Register (Api)", "RequestId": "0HNFGVQB4PDG7", "RequestPath": "/api/auth/register", "Application": "Crud.Api"}
Activity.TraceId:            1d349ff113a9089e78f27edd9ead010f
Activity.SpanId:             a87f1a7afc9db906
Activity.TraceFlags:         Recorded
Activity.ActivitySourceName: Microsoft.AspNetCore
Activity.DisplayName:        POST api/Auth/register
Activity.Kind:               Server
Activity.StartTime:          2025-09-11T06:44:06.0766012Z
Activity.Duration:           00:00:00.3075420
Activity.Tags:
    server.address: localhost
    http.request.method: POST
    url.scheme: http
    url.path: /api/auth/register
    network.protocol.version: 1.1
    http.route: api/Auth/register
    http.response.status_code: 200
Resource associated with Activity:
    deployment.environment: Testing
    service.name: Crud.Api
    service.version: 1.0.0
    service.instance.id: bb25e7a8-9ced-49c8-9e52-fd74b67e7fff
    telemetry.sdk.name: opentelemetry
    telemetry.sdk.language: dotnet
    telemetry.sdk.version: 1.8.1
[06:44:06 INF] User logged in successfully: 3cd66986-4c1e-4e35-bef0-1bddac6ecf20 {"SourceContext": "App.Features.Authentication.LoginCommandHandler", "ActionId": "e15c920d-5db7-489f-a7e4-ac51fce12eef", "ActionName": "Api.Controllers.AuthController.Login (Api)", "RequestId": "0HNFGVQB4PDG8", "RequestPath": "/api/auth/login", "Application": "Crud.Api"}
Activity.TraceId:            86307981df844bea6cf13c43b5ae88bd
Activity.SpanId:             bb1128438db04090
Activity.TraceFlags:         Recorded
Activity.ActivitySourceName: Microsoft.AspNetCore
Activity.DisplayName:        POST api/Auth/login
Activity.Kind:               Server
Activity.StartTime:          2025-09-11T06:44:06.3864227Z
Activity.Duration:           00:00:00.3060319
Activity.Tags:
    server.address: localhost
    http.request.method: POST
    url.scheme: http
    url.path: /api/auth/login
    network.protocol.version: 1.1
    http.route: api/Auth/login
    http.response.status_code: 200
Resource associated with Activity:
    deployment.environment: Testing
    service.name: Crud.Api
    service.version: 1.0.0
    service.instance.id: bb25e7a8-9ced-49c8-9e52-fd74b67e7fff
    telemetry.sdk.name: opentelemetry
    telemetry.sdk.language: dotnet
    telemetry.sdk.version: 1.8.1
[06:44:06 DBG] Removed cache value for key: entity:window:3bf5bc4bb6344094afbb2af5cdd7de64 {"SourceContext": "Infrastructure.Services.Caching.InMemoryCacheService", "ActionId": "e6411f32-6e8a-4d7f-88f2-3d9b4024ca0b", "ActionName": "Api.Controllers.WindowsController.Create (Api)", "RequestId": "0HNFGVQB4PDG9", "RequestPath": "/api/windows", "Application": "Crud.Api"}
[06:44:06 DBG] Removed cache value for key: list:window {"SourceContext": "Infrastructure.Services.Caching.InMemoryCacheService", "ActionId": "e6411f32-6e8a-4d7f-88f2-3d9b4024ca0b", "ActionName": "Api.Controllers.WindowsController.Create (Api)", "RequestId": "0HNFGVQB4PDG9", "RequestPath": "/api/windows", "Application": "Crud.Api"}
[06:44:06 DBG] Invalidating cache for entity type: windows with tag: windows {"SourceContext": "Api.Services.OutputCacheInvalidationService", "ActionId": "e6411f32-6e8a-4d7f-88f2-3d9b4024ca0b", "ActionName": "Api.Controllers.WindowsController.Create (Api)", "RequestId": "0HNFGVQB4PDG9", "RequestPath": "/api/windows", "Application": "Crud.Api"}
[06:44:06 INF] Successfully invalidated cache for entity type: windows {"SourceContext": "Api.Services.OutputCacheInvalidationService", "ActionId": "e6411f32-6e8a-4d7f-88f2-3d9b4024ca0b", "ActionName": "Api.Controllers.WindowsController.Create (Api)", "RequestId": "0HNFGVQB4PDG9", "RequestPath": "/api/windows", "Application": "Crud.Api"}
Activity.TraceId:            81ef7c79fd53531073a50c8cefb46f14
Activity.SpanId:             1784439b1cf66127
Activity.TraceFlags:         Recorded
Activity.ActivitySourceName: Microsoft.AspNetCore
Activity.DisplayName:        POST api/Windows
Activity.Kind:               Server
Activity.StartTime:          2025-09-11T06:44:06.6937121Z
Activity.Duration:           00:00:00.0890393
Activity.Tags:
    server.address: localhost
    http.request.method: POST
    url.scheme: http
    url.path: /api/windows
    network.protocol.version: 1.1
    http.route: api/Windows
    http.response.status_code: 201
Resource associated with Activity:
    deployment.environment: Testing
    service.name: Crud.Api
    service.version: 1.0.0
    service.instance.id: bb25e7a8-9ced-49c8-9e52-fd74b67e7fff
    telemetry.sdk.name: opentelemetry
    telemetry.sdk.language: dotnet
    telemetry.sdk.version: 1.8.1
[06:44:07 INF] User registered successfully: acb1b800-6c8f-4884-a317-96ee285d4ac6 {"SourceContext": "App.Features.Authentication.RegisterUserCommandHandler", "ActionId": "c39ba5d7-1739-4788-b4c1-48a184010d31", "ActionName": "Api.Controllers.AuthController.Register (Api)", "RequestId": "0HNFGVQB4PDGA", "RequestPath": "/api/auth/register", "Application": "Crud.Api"}
Activity.TraceId:            9155587549dbe288c15c5195d20f4813
Activity.SpanId:             bf0a60c08dc157a2
Activity.TraceFlags:         Recorded
Activity.ActivitySourceName: Microsoft.AspNetCore
Activity.DisplayName:        POST api/Auth/register
Activity.Kind:               Server
Activity.StartTime:          2025-09-11T06:44:06.7879168Z
Activity.Duration:           00:00:00.3017465
Activity.Tags:
    server.address: localhost
    http.request.method: POST
    url.scheme: http
    url.path: /api/auth/register
    network.protocol.version: 1.1
    http.route: api/Auth/register
    http.response.status_code: 200
Resource associated with Activity:
    deployment.environment: Testing
    service.name: Crud.Api
    service.version: 1.0.0
    service.instance.id: bb25e7a8-9ced-49c8-9e52-fd74b67e7fff
    telemetry.sdk.name: opentelemetry
    telemetry.sdk.language: dotnet
    telemetry.sdk.version: 1.8.1
[06:44:07 INF] User logged in successfully: acb1b800-6c8f-4884-a317-96ee285d4ac6 {"SourceContext": "App.Features.Authentication.LoginCommandHandler", "ActionId": "e15c920d-5db7-489f-a7e4-ac51fce12eef", "ActionName": "Api.Controllers.AuthController.Login (Api)", "RequestId": "0HNFGVQB4PDGB", "RequestPath": "/api/auth/login", "Application": "Crud.Api"}
Activity.TraceId:            cdfee92cd37a644323f5ac1805b4c62f
Activity.SpanId:             228d7a0fc90cc9c3
Activity.TraceFlags:         Recorded
Activity.ActivitySourceName: Microsoft.AspNetCore
Activity.DisplayName:        POST api/Auth/login
Activity.Kind:               Server
Activity.StartTime:          2025-09-11T06:44:07.0913149Z
Activity.Duration:           00:00:00.3016645
Activity.Tags:
    server.address: localhost
    http.request.method: POST
    url.scheme: http
    url.path: /api/auth/login
    network.protocol.version: 1.1
    http.route: api/Auth/login
    http.response.status_code: 200
Resource associated with Activity:
    deployment.environment: Testing
    service.name: Crud.Api
    service.version: 1.0.0
    service.instance.id: bb25e7a8-9ced-49c8-9e52-fd74b67e7fff
    telemetry.sdk.name: opentelemetry
    telemetry.sdk.language: dotnet
    telemetry.sdk.version: 1.8.1
[06:44:07 DBG] Removed cache value for key: entity:window:3bf5bc4bb6344094afbb2af5cdd7de64 {"SourceContext": "Infrastructure.Services.Caching.InMemoryCacheService", "ActionId": "9cae40c6-9356-46d0-9892-f9741f19c939", "ActionName": "Api.Controllers.WindowsController.Delete (Api)", "RequestId": "0HNFGVQB4PDGC", "RequestPath": "/api/windows/3bf5bc4b-b634-4094-afbb-2af5cdd7de64", "Application": "Crud.Api"}
[06:44:07 DBG] Removed cache value for key: list:window {"SourceContext": "Infrastructure.Services.Caching.InMemoryCacheService", "ActionId": "9cae40c6-9356-46d0-9892-f9741f19c939", "ActionName": "Api.Controllers.WindowsController.Delete (Api)", "RequestId": "0HNFGVQB4PDGC", "RequestPath": "/api/windows/3bf5bc4b-b634-4094-afbb-2af5cdd7de64", "Application": "Crud.Api"}
[06:44:07 DBG] Invalidating cache for entity: windows/3bf5bc4b-b634-4094-afbb-2af5cdd7de64 with tags: windows, windows:3bf5bc4b-b634-4094-afbb-2af5cdd7de64 {"SourceContext": "Api.Services.OutputCacheInvalidationService", "ActionId": "9cae40c6-9356-46d0-9892-f9741f19c939", "ActionName": "Api.Controllers.WindowsController.Delete (Api)", "RequestId": "0HNFGVQB4PDGC", "RequestPath": "/api/windows/3bf5bc4b-b634-4094-afbb-2af5cdd7de64", "Application": "Crud.Api"}
[06:44:07 DBG] Successfully invalidated cache for tag: windows {"SourceContext": "Api.Services.OutputCacheInvalidationService", "ActionId": "9cae40c6-9356-46d0-9892-f9741f19c939", "ActionName": "Api.Controllers.WindowsController.Delete (Api)", "RequestId": "0HNFGVQB4PDGC", "RequestPath": "/api/windows/3bf5bc4b-b634-4094-afbb-2af5cdd7de64", "Application": "Crud.Api"}
[06:44:07 DBG] Successfully invalidated cache for tag: windows:3bf5bc4b-b634-4094-afbb-2af5cdd7de64 {"SourceContext": "Api.Services.OutputCacheInvalidationService", "ActionId": "9cae40c6-9356-46d0-9892-f9741f19c939", "ActionName": "Api.Controllers.WindowsController.Delete (Api)", "RequestId": "0HNFGVQB4PDGC", "RequestPath": "/api/windows/3bf5bc4b-b634-4094-afbb-2af5cdd7de64", "Application": "Crud.Api"}
Activity.TraceId:            e5dab53e2fe4c3268fb0e1ac1fde12c7
Activity.SpanId:             b5d55751e81655d6
Activity.TraceFlags:         Recorded
Activity.ActivitySourceName: Microsoft.AspNetCore
Activity.DisplayName:        DELETE api/Windows/{id:guid}
Activity.Kind:               Server
Activity.StartTime:          2025-09-11T06:44:07.3939452Z
Activity.Duration:           00:00:00.0267792
Activity.Tags:
    server.address: localhost
    http.request.method: DELETE
    url.scheme: http
    url.path: /api/windows/3bf5bc4b-b634-4094-afbb-2af5cdd7de64
    network.protocol.version: 1.1
    http.route: api/Windows/{id:guid}
    http.response.status_code: 204
Resource associated with Activity:
    deployment.environment: Testing
    service.name: Crud.Api
    service.version: 1.0.0
    service.instance.id: bb25e7a8-9ced-49c8-9e52-fd74b67e7fff
    telemetry.sdk.name: opentelemetry
    telemetry.sdk.language: dotnet
    telemetry.sdk.version: 1.8.1
[06:44:07 INF] User registered successfully: 991edd6a-6bd4-4ab9-b136-b81a41dd100a {"SourceContext": "App.Features.Authentication.RegisterUserCommandHandler", "ActionId": "c39ba5d7-1739-4788-b4c1-48a184010d31", "ActionName": "Api.Controllers.AuthController.Register (Api)", "RequestId": "0HNFGVQB4PDGD", "RequestPath": "/api/auth/register", "Application": "Crud.Api"}
Activity.TraceId:            9db01f09e130fe036bd18301d211efbf
Activity.SpanId:             5358d8d4b78c9a04
Activity.TraceFlags:         Recorded
Activity.ActivitySourceName: Microsoft.AspNetCore
Activity.DisplayName:        POST api/Auth/register
Activity.Kind:               Server
Activity.StartTime:          2025-09-11T06:44:07.4218915Z
Activity.Duration:           00:00:00.3006137
Activity.Tags:
    server.address: localhost
    http.request.method: POST
    url.scheme: http
    url.path: /api/auth/register
    network.protocol.version: 1.1
    http.route: api/Auth/register
    http.response.status_code: 200
Resource associated with Activity:
    deployment.environment: Testing
    service.name: Crud.Api
    service.version: 1.0.0
    service.instance.id: bb25e7a8-9ced-49c8-9e52-fd74b67e7fff
    telemetry.sdk.name: opentelemetry
    telemetry.sdk.language: dotnet
    telemetry.sdk.version: 1.8.1
[06:44:07 DBG] Cache miss for key: entity:window:3bf5bc4bb6344094afbb2af5cdd7de64 {"SourceContext": "Infrastructure.Services.Caching.InMemoryCacheService", "ActionId": "f4bb46ab-c4e0-4b1d-a4c3-8f4380cdde58", "ActionName": "Api.Controllers.WindowsController.Get (Api)", "RequestId": "0HNFGVQB4PDGE", "RequestPath": "/api/windows/3bf5bc4b-b634-4094-afbb-2af5cdd7de64", "Application": "Crud.Api"}
Activity.TraceId:            25a73a6f13f77dffb9b5dea5ac9288a1
Activity.SpanId:             866e79c289c3c9da
Activity.TraceFlags:         Recorded
Activity.ActivitySourceName: Microsoft.AspNetCore
Activity.DisplayName:        GET api/Windows/{id:guid}
Activity.Kind:               Server
Activity.StartTime:          2025-09-11T06:44:07.7236756Z
Activity.Duration:           00:00:00.0108518
Activity.Tags:
    server.address: localhost
    http.request.method: GET
    url.scheme: http
    url.path: /api/windows/3bf5bc4b-b634-4094-afbb-2af5cdd7de64
    network.protocol.version: 1.1
    http.route: api/Windows/{id:guid}
    http.response.status_code: 404
Resource associated with Activity:
    deployment.environment: Testing
    service.name: Crud.Api
    service.version: 1.0.0
    service.instance.id: bb25e7a8-9ced-49c8-9e52-fd74b67e7fff
    telemetry.sdk.name: opentelemetry
    telemetry.sdk.language: dotnet
    telemetry.sdk.version: 1.8.1
[06:44:08 INF] User registered successfully: 96f4e332-4268-436f-8ce4-0cb2ab75b8e1 {"SourceContext": "App.Features.Authentication.RegisterUserCommandHandler", "ActionId": "c39ba5d7-1739-4788-b4c1-48a184010d31", "ActionName": "Api.Controllers.AuthController.Register (Api)", "RequestId": "0HNFGVQB4PDGF", "RequestPath": "/api/auth/register", "Application": "Crud.Api"}
Activity.TraceId:            9a58a9d54a25447d7b3c3d851be083e9
Activity.SpanId:             335c1e93c555f6d5
Activity.TraceFlags:         Recorded
Activity.ActivitySourceName: Microsoft.AspNetCore
Activity.DisplayName:        POST api/Auth/register
Activity.Kind:               Server
Activity.StartTime:          2025-09-11T06:44:07.7370715Z
Activity.Duration:           00:00:00.3033548
Activity.Tags:
    server.address: localhost
    http.request.method: POST
    url.scheme: http
    url.path: /api/auth/register
    network.protocol.version: 1.1
    http.route: api/Auth/register
    http.response.status_code: 200
Resource associated with Activity:
    deployment.environment: Testing
    service.name: Crud.Api
    service.version: 1.0.0
    service.instance.id: bb25e7a8-9ced-49c8-9e52-fd74b67e7fff
    telemetry.sdk.name: opentelemetry
    telemetry.sdk.language: dotnet
    telemetry.sdk.version: 1.8.1
[06:44:08 INF] User logged in successfully: 96f4e332-4268-436f-8ce4-0cb2ab75b8e1 {"SourceContext": "App.Features.Authentication.LoginCommandHandler", "ActionId": "e15c920d-5db7-489f-a7e4-ac51fce12eef", "ActionName": "Api.Controllers.AuthController.Login (Api)", "RequestId": "0HNFGVQB4PDGG", "RequestPath": "/api/auth/login", "Application": "Crud.Api"}
Activity.TraceId:            ac73651644b7cbc6d16cf09f12f62ded
Activity.SpanId:             e7a3623aad2e0b1b
Activity.TraceFlags:         Recorded
Activity.ActivitySourceName: Microsoft.AspNetCore
Activity.DisplayName:        POST api/Auth/login
Activity.Kind:               Server
Activity.StartTime:          2025-09-11T06:44:08.0425268Z
Activity.Duration:           00:00:00.3020845
Activity.Tags:
    server.address: localhost
    http.request.method: POST
    url.scheme: http
    url.path: /api/auth/login
    network.protocol.version: 1.1
    http.route: api/Auth/login
    http.response.status_code: 200
Resource associated with Activity:
    deployment.environment: Testing
    service.name: Crud.Api
    service.version: 1.0.0
    service.instance.id: bb25e7a8-9ced-49c8-9e52-fd74b67e7fff
    telemetry.sdk.name: opentelemetry
    telemetry.sdk.language: dotnet
    telemetry.sdk.version: 1.8.1
[06:44:08 DBG] Removed cache value for key: entity:window:1feffef4bfe34e75aea777cc7ac89740 {"SourceContext": "Infrastructure.Services.Caching.InMemoryCacheService", "ActionId": "e6411f32-6e8a-4d7f-88f2-3d9b4024ca0b", "ActionName": "Api.Controllers.WindowsController.Create (Api)", "RequestId": "0HNFGVQB4PDGH", "RequestPath": "/api/windows", "Application": "Crud.Api"}
[06:44:08 DBG] Removed cache value for key: list:window {"SourceContext": "Infrastructure.Services.Caching.InMemoryCacheService", "ActionId": "e6411f32-6e8a-4d7f-88f2-3d9b4024ca0b", "ActionName": "Api.Controllers.WindowsController.Create (Api)", "RequestId": "0HNFGVQB4PDGH", "RequestPath": "/api/windows", "Application": "Crud.Api"}
[06:44:08 DBG] Invalidating cache for entity type: windows with tag: windows {"SourceContext": "Api.Services.OutputCacheInvalidationService", "ActionId": "e6411f32-6e8a-4d7f-88f2-3d9b4024ca0b", "ActionName": "Api.Controllers.WindowsController.Create (Api)", "RequestId": "0HNFGVQB4PDGH", "RequestPath": "/api/windows", "Application": "Crud.Api"}
[06:44:08 INF] Successfully invalidated cache for entity type: windows {"SourceContext": "Api.Services.OutputCacheInvalidationService", "ActionId": "e6411f32-6e8a-4d7f-88f2-3d9b4024ca0b", "ActionName": "Api.Controllers.WindowsController.Create (Api)", "RequestId": "0HNFGVQB4PDGH", "RequestPath": "/api/windows", "Application": "Crud.Api"}
Activity.TraceId:            2613ad6eb9425ade60a713ef5261d9f0
Activity.SpanId:             07c0c61974bb4a79
Activity.TraceFlags:         Recorded
Activity.ActivitySourceName: Microsoft.AspNetCore
Activity.DisplayName:        POST api/Windows
Activity.Kind:               Server
Activity.StartTime:          2025-09-11T06:44:08.3456789Z
Activity.Duration:           00:00:00.0044760
Activity.Tags:
    server.address: localhost
    http.request.method: POST
    url.scheme: http
    url.path: /api/windows
    network.protocol.version: 1.1
    http.route: api/Windows
    http.response.status_code: 201
Resource associated with Activity:
    deployment.environment: Testing
    service.name: Crud.Api
    service.version: 1.0.0
    service.instance.id: bb25e7a8-9ced-49c8-9e52-fd74b67e7fff
    telemetry.sdk.name: opentelemetry
    telemetry.sdk.language: dotnet
    telemetry.sdk.version: 1.8.1
[06:44:08 INF] User registered successfully: ceb61ddf-bda4-4a95-852d-f851c5ed1af1 {"SourceContext": "App.Features.Authentication.RegisterUserCommandHandler", "ActionId": "c39ba5d7-1739-4788-b4c1-48a184010d31", "ActionName": "Api.Controllers.AuthController.Register (Api)", "RequestId": "0HNFGVQB4PDGI", "RequestPath": "/api/auth/register", "Application": "Crud.Api"}
Activity.TraceId:            15fd5af865377d751e574841c54b5ae6
Activity.SpanId:             c55658f8eb12af75
Activity.TraceFlags:         Recorded
Activity.ActivitySourceName: Microsoft.AspNetCore
Activity.DisplayName:        POST api/Auth/register
Activity.Kind:               Server
Activity.StartTime:          2025-09-11T06:44:08.3509233Z
Activity.Duration:           00:00:00.2996260
Activity.Tags:
    server.address: localhost
    http.request.method: POST
    url.scheme: http
    url.path: /api/auth/register
    network.protocol.version: 1.1
    http.route: api/Auth/register
    http.response.status_code: 200
Resource associated with Activity:
    deployment.environment: Testing
    service.name: Crud.Api
    service.version: 1.0.0
    service.instance.id: bb25e7a8-9ced-49c8-9e52-fd74b67e7fff
    telemetry.sdk.name: opentelemetry
    telemetry.sdk.language: dotnet
    telemetry.sdk.version: 1.8.1
[06:44:08 INF] User logged in successfully: ceb61ddf-bda4-4a95-852d-f851c5ed1af1 {"SourceContext": "App.Features.Authentication.LoginCommandHandler", "ActionId": "e15c920d-5db7-489f-a7e4-ac51fce12eef", "ActionName": "Api.Controllers.AuthController.Login (Api)", "RequestId": "0HNFGVQB4PDGJ", "RequestPath": "/api/auth/login", "Application": "Crud.Api"}
Activity.TraceId:            644131f84aa45305ac3ce325fc52b63d
Activity.SpanId:             f559823d7187c7cc
Activity.TraceFlags:         Recorded
Activity.ActivitySourceName: Microsoft.AspNetCore
Activity.DisplayName:        POST api/Auth/login
Activity.Kind:               Server
Activity.StartTime:          2025-09-11T06:44:08.6521584Z
Activity.Duration:           00:00:00.3026206
Activity.Tags:
    server.address: localhost
    http.request.method: POST
    url.scheme: http
    url.path: /api/auth/login
    network.protocol.version: 1.1
    http.route: api/Auth/login
    http.response.status_code: 200
Resource associated with Activity:
    deployment.environment: Testing
    service.name: Crud.Api
    service.version: 1.0.0
    service.instance.id: bb25e7a8-9ced-49c8-9e52-fd74b67e7fff
    telemetry.sdk.name: opentelemetry
    telemetry.sdk.language: dotnet
    telemetry.sdk.version: 1.8.1
[06:44:08 DBG] Removed cache value for key: entity:window:65d79b1c0c79455bb4fc798c986dc3d7 {"SourceContext": "Infrastructure.Services.Caching.InMemoryCacheService", "ActionId": "e6411f32-6e8a-4d7f-88f2-3d9b4024ca0b", "ActionName": "Api.Controllers.WindowsController.Create (Api)", "RequestId": "0HNFGVQB4PDGK", "RequestPath": "/api/windows", "Application": "Crud.Api"}
[06:44:08 DBG] Removed cache value for key: list:window {"SourceContext": "Infrastructure.Services.Caching.InMemoryCacheService", "ActionId": "e6411f32-6e8a-4d7f-88f2-3d9b4024ca0b", "ActionName": "Api.Controllers.WindowsController.Create (Api)", "RequestId": "0HNFGVQB4PDGK", "RequestPath": "/api/windows", "Application": "Crud.Api"}
[06:44:08 DBG] Invalidating cache for entity type: windows with tag: windows {"SourceContext": "Api.Services.OutputCacheInvalidationService", "ActionId": "e6411f32-6e8a-4d7f-88f2-3d9b4024ca0b", "ActionName": "Api.Controllers.WindowsController.Create (Api)", "RequestId": "0HNFGVQB4PDGK", "RequestPath": "/api/windows", "Application": "Crud.Api"}
[06:44:08 INF] Successfully invalidated cache for entity type: windows {"SourceContext": "Api.Services.OutputCacheInvalidationService", "ActionId": "e6411f32-6e8a-4d7f-88f2-3d9b4024ca0b", "ActionName": "Api.Controllers.WindowsController.Create (Api)", "RequestId": "0HNFGVQB4PDGK", "RequestPath": "/api/windows", "Application": "Crud.Api"}
Activity.TraceId:            aad818c90c66148797e4433e64983c95
Activity.SpanId:             2e21dc096271f0e6
Activity.TraceFlags:         Recorded
Activity.ActivitySourceName: Microsoft.AspNetCore
Activity.DisplayName:        POST api/Windows
Activity.Kind:               Server
Activity.StartTime:          2025-09-11T06:44:08.9551705Z
Activity.Duration:           00:00:00.0047792
Activity.Tags:
    server.address: localhost
    http.request.method: POST
    url.scheme: http
    url.path: /api/windows
    network.protocol.version: 1.1
    http.route: api/Windows
    http.response.status_code: 201
Resource associated with Activity:
    deployment.environment: Testing
    service.name: Crud.Api
    service.version: 1.0.0
    service.instance.id: bb25e7a8-9ced-49c8-9e52-fd74b67e7fff
    telemetry.sdk.name: opentelemetry
    telemetry.sdk.language: dotnet
    telemetry.sdk.version: 1.8.1
[06:44:09 INF] User registered successfully: faa795c9-46fc-468b-a3cf-f06f03ee6a4c {"SourceContext": "App.Features.Authentication.RegisterUserCommandHandler", "ActionId": "c39ba5d7-1739-4788-b4c1-48a184010d31", "ActionName": "Api.Controllers.AuthController.Register (Api)", "RequestId": "0HNFGVQB4PDGL", "RequestPath": "/api/auth/register", "Application": "Crud.Api"}
Activity.TraceId:            985cd66e4fcfa93827b5d9e4e914b49e
Activity.SpanId:             b6180af68a4f2322
Activity.TraceFlags:         Recorded
Activity.ActivitySourceName: Microsoft.AspNetCore
Activity.DisplayName:        POST api/Auth/register
Activity.Kind:               Server
Activity.StartTime:          2025-09-11T06:44:08.9602097Z
Activity.Duration:           00:00:00.3008816
Activity.Tags:
    server.address: localhost
    http.request.method: POST
    url.scheme: http
    url.path: /api/auth/register
    network.protocol.version: 1.1
    http.route: api/Auth/register
    http.response.status_code: 200
Resource associated with Activity:
    deployment.environment: Testing
    service.name: Crud.Api
    service.version: 1.0.0
    service.instance.id: bb25e7a8-9ced-49c8-9e52-fd74b67e7fff
    telemetry.sdk.name: opentelemetry
    telemetry.sdk.language: dotnet
    telemetry.sdk.version: 1.8.1
[06:44:09 DBG] Cache miss for key: list:window {"SourceContext": "Infrastructure.Services.Caching.InMemoryCacheService", "ActionId": "654a8e9b-b894-49ed-833a-4ce2eb6ff316", "ActionName": "Api.Controllers.WindowsController.List (Api)", "RequestId": "0HNFGVQB4PDGM", "RequestPath": "/api/windows", "Application": "Crud.Api"}
[06:44:09 DBG] Set cache value for key: list:window {"SourceContext": "Infrastructure.Services.Caching.InMemoryCacheService", "ActionId": "654a8e9b-b894-49ed-833a-4ce2eb6ff316", "ActionName": "Api.Controllers.WindowsController.List (Api)", "RequestId": "0HNFGVQB4PDGM", "RequestPath": "/api/windows", "Application": "Crud.Api"}
[06:44:09 DBG] Response not compressed: application/json; charset=utf-8 | Size: 1086 bytes | Path: /api/windows {"SourceContext": "Api.Middleware.CompressionPerformanceMiddleware", "RequestId": "0HNFGVQB4PDGM", "RequestPath": "/api/windows", "Application": "Crud.Api"}
Activity.TraceId:            5ff085c4d8641d5ab2179f7637d5cc6b
Activity.SpanId:             8dac19014571db8d
Activity.TraceFlags:         Recorded
Activity.ActivitySourceName: Microsoft.AspNetCore
Activity.DisplayName:        GET api/Windows
Activity.Kind:               Server
Activity.StartTime:          2025-09-11T06:44:09.2614689Z
Activity.Duration:           00:00:00.0309117
Activity.Tags:
    server.address: localhost
    http.request.method: GET
    url.scheme: http
    url.path: /api/windows
    network.protocol.version: 1.1
    http.route: api/Windows
    http.response.status_code: 200
Resource associated with Activity:
    deployment.environment: Testing
    service.name: Crud.Api
    service.version: 1.0.0
    service.instance.id: bb25e7a8-9ced-49c8-9e52-fd74b67e7fff
    telemetry.sdk.name: opentelemetry
    telemetry.sdk.language: dotnet
    telemetry.sdk.version: 1.8.1
[06:44:09 INF] User registered successfully: 45701343-abb4-4284-9f92-e7b4e29ca46a {"SourceContext": "App.Features.Authentication.RegisterUserCommandHandler", "ActionId": "c39ba5d7-1739-4788-b4c1-48a184010d31", "ActionName": "Api.Controllers.AuthController.Register (Api)", "RequestId": "0HNFGVQB4PDGN", "RequestPath": "/api/auth/register", "Application": "Crud.Api"}
Activity.TraceId:            e192adc20cb15f67b6bfbaced7c5cc21
Activity.SpanId:             5c72e695a391995c
Activity.TraceFlags:         Recorded
Activity.ActivitySourceName: Microsoft.AspNetCore
Activity.DisplayName:        POST api/Auth/register
Activity.Kind:               Server
Activity.StartTime:          2025-09-11T06:44:09.2965921Z
Activity.Duration:           00:00:00.3002691
Activity.Tags:
    server.address: localhost
    http.request.method: POST
    url.scheme: http
    url.path: /api/auth/register
    network.protocol.version: 1.1
    http.route: api/Auth/register
    http.response.status_code: 200
Resource associated with Activity:
    deployment.environment: Testing
    service.name: Crud.Api
    service.version: 1.0.0
    service.instance.id: bb25e7a8-9ced-49c8-9e52-fd74b67e7fff
    telemetry.sdk.name: opentelemetry
    telemetry.sdk.language: dotnet
    telemetry.sdk.version: 1.8.1
[06:44:09 INF] User logged in successfully: 45701343-abb4-4284-9f92-e7b4e29ca46a {"SourceContext": "App.Features.Authentication.LoginCommandHandler", "ActionId": "e15c920d-5db7-489f-a7e4-ac51fce12eef", "ActionName": "Api.Controllers.AuthController.Login (Api)", "RequestId": "0HNFGVQB4PDGO", "RequestPath": "/api/auth/login", "Application": "Crud.Api"}
Activity.TraceId:            9cceb7dc0d20c6f5b031d920a884312d
Activity.SpanId:             2e461c7ecf6264c4
Activity.TraceFlags:         Recorded
Activity.ActivitySourceName: Microsoft.AspNetCore
Activity.DisplayName:        POST api/Auth/login
Activity.Kind:               Server
Activity.StartTime:          2025-09-11T06:44:09.5990244Z
Activity.Duration:           00:00:00.2999674
Activity.Tags:
    server.address: localhost
    http.request.method: POST
    url.scheme: http
    url.path: /api/auth/login
    network.protocol.version: 1.1
    http.route: api/Auth/login
    http.response.status_code: 200
Resource associated with Activity:
    deployment.environment: Testing
    service.name: Crud.Api
    service.version: 1.0.0
    service.instance.id: bb25e7a8-9ced-49c8-9e52-fd74b67e7fff
    telemetry.sdk.name: opentelemetry
    telemetry.sdk.language: dotnet
    telemetry.sdk.version: 1.8.1
[06:44:09 DBG] Removed cache value for key: entity:window:1c300d25ade3472da0a81db76de9fb78 {"SourceContext": "Infrastructure.Services.Caching.InMemoryCacheService", "ActionId": "e6411f32-6e8a-4d7f-88f2-3d9b4024ca0b", "ActionName": "Api.Controllers.WindowsController.Create (Api)", "RequestId": "0HNFGVQB4PDGP", "RequestPath": "/api/windows", "Application": "Crud.Api"}
[06:44:09 DBG] Removed cache value for key: list:window {"SourceContext": "Infrastructure.Services.Caching.InMemoryCacheService", "ActionId": "e6411f32-6e8a-4d7f-88f2-3d9b4024ca0b", "ActionName": "Api.Controllers.WindowsController.Create (Api)", "RequestId": "0HNFGVQB4PDGP", "RequestPath": "/api/windows", "Application": "Crud.Api"}
[06:44:09 DBG] Invalidating cache for entity type: windows with tag: windows {"SourceContext": "Api.Services.OutputCacheInvalidationService", "ActionId": "e6411f32-6e8a-4d7f-88f2-3d9b4024ca0b", "ActionName": "Api.Controllers.WindowsController.Create (Api)", "RequestId": "0HNFGVQB4PDGP", "RequestPath": "/api/windows", "Application": "Crud.Api"}
[06:44:09 INF] Successfully invalidated cache for entity type: windows {"SourceContext": "Api.Services.OutputCacheInvalidationService", "ActionId": "e6411f32-6e8a-4d7f-88f2-3d9b4024ca0b", "ActionName": "Api.Controllers.WindowsController.Create (Api)", "RequestId": "0HNFGVQB4PDGP", "RequestPath": "/api/windows", "Application": "Crud.Api"}
Activity.TraceId:            f5cfc3238449ab4291e12fa517facb92
Activity.SpanId:             c1bc7076dece72ec
Activity.TraceFlags:         Recorded
Activity.ActivitySourceName: Microsoft.AspNetCore
Activity.DisplayName:        POST api/Windows
Activity.Kind:               Server
Activity.StartTime:          2025-09-11T06:44:09.9006288Z
Activity.Duration:           00:00:00.0030468
Activity.Tags:
    server.address: localhost
    http.request.method: POST
    url.scheme: http
    url.path: /api/windows
    network.protocol.version: 1.1
    http.route: api/Windows
    http.response.status_code: 201
Resource associated with Activity:
    deployment.environment: Testing
    service.name: Crud.Api
    service.version: 1.0.0
    service.instance.id: bb25e7a8-9ced-49c8-9e52-fd74b67e7fff
    telemetry.sdk.name: opentelemetry
    telemetry.sdk.language: dotnet
    telemetry.sdk.version: 1.8.1
[06:44:10 INF] User registered successfully: 990812e5-7fd1-440d-84cf-8a73fe902f26 {"SourceContext": "App.Features.Authentication.RegisterUserCommandHandler", "ActionId": "c39ba5d7-1739-4788-b4c1-48a184010d31", "ActionName": "Api.Controllers.AuthController.Register (Api)", "RequestId": "0HNFGVQB4PDGQ", "RequestPath": "/api/auth/register", "Application": "Crud.Api"}
Activity.TraceId:            afe4d9f0ac6bc551ac4f72a164d128d1
Activity.SpanId:             50cc3d1d7553e821
Activity.TraceFlags:         Recorded
Activity.ActivitySourceName: Microsoft.AspNetCore
Activity.DisplayName:        POST api/Auth/register
Activity.Kind:               Server
Activity.StartTime:          2025-09-11T06:44:09.9074807Z
Activity.Duration:           00:00:00.3014315
Activity.Tags:
    server.address: localhost
    http.request.method: POST
    url.scheme: http
    url.path: /api/auth/register
    network.protocol.version: 1.1
    http.route: api/Auth/register
    http.response.status_code: 200
Resource associated with Activity:
    deployment.environment: Testing
    service.name: Crud.Api
    service.version: 1.0.0
    service.instance.id: bb25e7a8-9ced-49c8-9e52-fd74b67e7fff
    telemetry.sdk.name: opentelemetry
    telemetry.sdk.language: dotnet
    telemetry.sdk.version: 1.8.1
[06:44:10 INF] User logged in successfully: 990812e5-7fd1-440d-84cf-8a73fe902f26 {"SourceContext": "App.Features.Authentication.LoginCommandHandler", "ActionId": "e15c920d-5db7-489f-a7e4-ac51fce12eef", "ActionName": "Api.Controllers.AuthController.Login (Api)", "RequestId": "0HNFGVQB4PDGR", "RequestPath": "/api/auth/login", "Application": "Crud.Api"}
Activity.TraceId:            22a7792373bca0b20b05a8708bd5da91
Activity.SpanId:             dd77aef2a7612d1a
Activity.TraceFlags:         Recorded
Activity.ActivitySourceName: Microsoft.AspNetCore
Activity.DisplayName:        POST api/Auth/login
Activity.Kind:               Server
Activity.StartTime:          2025-09-11T06:44:10.2112204Z
Activity.Duration:           00:00:00.3531646
Activity.Tags:
    server.address: localhost
    http.request.method: POST
    url.scheme: http
    url.path: /api/auth/login
    network.protocol.version: 1.1
    http.route: api/Auth/login
    http.response.status_code: 200
Resource associated with Activity:
    deployment.environment: Testing
    service.name: Crud.Api
    service.version: 1.0.0
    service.instance.id: bb25e7a8-9ced-49c8-9e52-fd74b67e7fff
    telemetry.sdk.name: opentelemetry
    telemetry.sdk.language: dotnet
    telemetry.sdk.version: 1.8.1
[06:44:10 DBG] Removed cache value for key: entity:window:03112989b587437e80a2e08967b865e7 {"SourceContext": "Infrastructure.Services.Caching.InMemoryCacheService", "ActionId": "e6411f32-6e8a-4d7f-88f2-3d9b4024ca0b", "ActionName": "Api.Controllers.WindowsController.Create (Api)", "RequestId": "0HNFGVQB4PDGS", "RequestPath": "/api/windows", "Application": "Crud.Api"}
[06:44:10 DBG] Removed cache value for key: list:window {"SourceContext": "Infrastructure.Services.Caching.InMemoryCacheService", "ActionId": "e6411f32-6e8a-4d7f-88f2-3d9b4024ca0b", "ActionName": "Api.Controllers.WindowsController.Create (Api)", "RequestId": "0HNFGVQB4PDGS", "RequestPath": "/api/windows", "Application": "Crud.Api"}
[06:44:10 DBG] Invalidating cache for entity type: windows with tag: windows {"SourceContext": "Api.Services.OutputCacheInvalidationService", "ActionId": "e6411f32-6e8a-4d7f-88f2-3d9b4024ca0b", "ActionName": "Api.Controllers.WindowsController.Create (Api)", "RequestId": "0HNFGVQB4PDGS", "RequestPath": "/api/windows", "Application": "Crud.Api"}
[06:44:10 INF] Successfully invalidated cache for entity type: windows {"SourceContext": "Api.Services.OutputCacheInvalidationService", "ActionId": "e6411f32-6e8a-4d7f-88f2-3d9b4024ca0b", "ActionName": "Api.Controllers.WindowsController.Create (Api)", "RequestId": "0HNFGVQB4PDGS", "RequestPath": "/api/windows", "Application": "Crud.Api"}
Activity.TraceId:            51a2b308fafaeb736e3dfa31b1f48daa
Activity.SpanId:             bd438de4cc0665db
Activity.TraceFlags:         Recorded
Activity.ActivitySourceName: Microsoft.AspNetCore
Activity.DisplayName:        POST api/Windows
Activity.Kind:               Server
Activity.StartTime:          2025-09-11T06:44:10.5659412Z
Activity.Duration:           00:00:00.0062367
Activity.Tags:
    server.address: localhost
    http.request.method: POST
    url.scheme: http
    url.path: /api/windows
    network.protocol.version: 1.1
    http.route: api/Windows
    http.response.status_code: 201
Resource associated with Activity:
    deployment.environment: Testing
    service.name: Crud.Api
    service.version: 1.0.0
    service.instance.id: bb25e7a8-9ced-49c8-9e52-fd74b67e7fff
    telemetry.sdk.name: opentelemetry
    telemetry.sdk.language: dotnet
    telemetry.sdk.version: 1.8.1
[06:44:10 INF] User registered successfully: 6ad9393c-759d-4f09-a6d1-bb6b409fc8bb {"SourceContext": "App.Features.Authentication.RegisterUserCommandHandler", "ActionId": "c39ba5d7-1739-4788-b4c1-48a184010d31", "ActionName": "Api.Controllers.AuthController.Register (Api)", "RequestId": "0HNFGVQB4PDGT", "RequestPath": "/api/auth/register", "Application": "Crud.Api"}
Activity.TraceId:            abc658761f35c2277fb6e263576d480f
Activity.SpanId:             f22b3cc303c48d37
Activity.TraceFlags:         Recorded
Activity.ActivitySourceName: Microsoft.AspNetCore
Activity.DisplayName:        POST api/Auth/register
Activity.Kind:               Server
Activity.StartTime:          2025-09-11T06:44:10.5779630Z
Activity.Duration:           00:00:00.3019467
Activity.Tags:
    server.address: localhost
    http.request.method: POST
    url.scheme: http
    url.path: /api/auth/register
    network.protocol.version: 1.1
    http.route: api/Auth/register
    http.response.status_code: 200
Resource associated with Activity:
    deployment.environment: Testing
    service.name: Crud.Api
    service.version: 1.0.0
    service.instance.id: bb25e7a8-9ced-49c8-9e52-fd74b67e7fff
    telemetry.sdk.name: opentelemetry
    telemetry.sdk.language: dotnet
    telemetry.sdk.version: 1.8.1
[06:44:11 INF] User logged in successfully: 6ad9393c-759d-4f09-a6d1-bb6b409fc8bb {"SourceContext": "App.Features.Authentication.LoginCommandHandler", "ActionId": "e15c920d-5db7-489f-a7e4-ac51fce12eef", "ActionName": "Api.Controllers.AuthController.Login (Api)", "RequestId": "0HNFGVQB4PDGU", "RequestPath": "/api/auth/login", "Application": "Crud.Api"}
Activity.TraceId:            8234ff5fd91a561bcb28591b279f74ca
Activity.SpanId:             17e0dbd07c1725e3
Activity.TraceFlags:         Recorded
Activity.ActivitySourceName: Microsoft.AspNetCore
Activity.DisplayName:        POST api/Auth/login
Activity.Kind:               Server
Activity.StartTime:          2025-09-11T06:44:10.8823718Z
Activity.Duration:           00:00:00.3374417
Activity.Tags:
    server.address: localhost
    http.request.method: POST
    url.scheme: http
    url.path: /api/auth/login
    network.protocol.version: 1.1
    http.route: api/Auth/login
    http.response.status_code: 200
Resource associated with Activity:
    deployment.environment: Testing
    service.name: Crud.Api
    service.version: 1.0.0
    service.instance.id: bb25e7a8-9ced-49c8-9e52-fd74b67e7fff
    telemetry.sdk.name: opentelemetry
    telemetry.sdk.language: dotnet
    telemetry.sdk.version: 1.8.1
[06:44:11 DBG] Removed cache value for key: entity:window:032e5ffd1a5d477b9385a9f938016d3e {"SourceContext": "Infrastructure.Services.Caching.InMemoryCacheService", "ActionId": "e6411f32-6e8a-4d7f-88f2-3d9b4024ca0b", "ActionName": "Api.Controllers.WindowsController.Create (Api)", "RequestId": "0HNFGVQB4PDGV", "RequestPath": "/api/windows", "Application": "Crud.Api"}
[06:44:11 DBG] Removed cache value for key: list:window {"SourceContext": "Infrastructure.Services.Caching.InMemoryCacheService", "ActionId": "e6411f32-6e8a-4d7f-88f2-3d9b4024ca0b", "ActionName": "Api.Controllers.WindowsController.Create (Api)", "RequestId": "0HNFGVQB4PDGV", "RequestPath": "/api/windows", "Application": "Crud.Api"}
[06:44:11 DBG] Invalidating cache for entity type: windows with tag: windows {"SourceContext": "Api.Services.OutputCacheInvalidationService", "ActionId": "e6411f32-6e8a-4d7f-88f2-3d9b4024ca0b", "ActionName": "Api.Controllers.WindowsController.Create (Api)", "RequestId": "0HNFGVQB4PDGV", "RequestPath": "/api/windows", "Application": "Crud.Api"}
[06:44:11 INF] Successfully invalidated cache for entity type: windows {"SourceContext": "Api.Services.OutputCacheInvalidationService", "ActionId": "e6411f32-6e8a-4d7f-88f2-3d9b4024ca0b", "ActionName": "Api.Controllers.WindowsController.Create (Api)", "RequestId": "0HNFGVQB4PDGV", "RequestPath": "/api/windows", "Application": "Crud.Api"}
Activity.TraceId:            5217a5a71af8444e24076fca0ed5c618
Activity.SpanId:             b2d2541e942c40af
Activity.TraceFlags:         Recorded
Activity.ActivitySourceName: Microsoft.AspNetCore
Activity.DisplayName:        POST api/Windows
Activity.Kind:               Server
Activity.StartTime:          2025-09-11T06:44:11.2209564Z
Activity.Duration:           00:00:00.0031835
Activity.Tags:
    server.address: localhost
    http.request.method: POST
    url.scheme: http
    url.path: /api/windows
    network.protocol.version: 1.1
    http.route: api/Windows
    http.response.status_code: 201
Resource associated with Activity:
    deployment.environment: Testing
    service.name: Crud.Api
    service.version: 1.0.0
    service.instance.id: bb25e7a8-9ced-49c8-9e52-fd74b67e7fff
    telemetry.sdk.name: opentelemetry
    telemetry.sdk.language: dotnet
    telemetry.sdk.version: 1.8.1
[06:44:11 INF] User registered successfully: 0ab8e980-303e-45a1-8a01-ce9de884a12f {"SourceContext": "App.Features.Authentication.RegisterUserCommandHandler", "ActionId": "c39ba5d7-1739-4788-b4c1-48a184010d31", "ActionName": "Api.Controllers.AuthController.Register (Api)", "RequestId": "0HNFGVQB4PDH0", "RequestPath": "/api/auth/register", "Application": "Crud.Api"}
Activity.TraceId:            61bf8488cca4fa70d3c0cab671b55fdd
Activity.SpanId:             eb5f47bbc3c9291b
Activity.TraceFlags:         Recorded
Activity.ActivitySourceName: Microsoft.AspNetCore
Activity.DisplayName:        POST api/Auth/register
Activity.Kind:               Server
Activity.StartTime:          2025-09-11T06:44:11.2265304Z
Activity.Duration:           00:00:00.2993544
Activity.Tags:
    server.address: localhost
    http.request.method: POST
    url.scheme: http
    url.path: /api/auth/register
    network.protocol.version: 1.1
    http.route: api/Auth/register
    http.response.status_code: 200
Resource associated with Activity:
    deployment.environment: Testing
    service.name: Crud.Api
    service.version: 1.0.0
    service.instance.id: bb25e7a8-9ced-49c8-9e52-fd74b67e7fff
    telemetry.sdk.name: opentelemetry
    telemetry.sdk.language: dotnet
    telemetry.sdk.version: 1.8.1
[06:44:11 INF] User logged in successfully: 0ab8e980-303e-45a1-8a01-ce9de884a12f {"SourceContext": "App.Features.Authentication.LoginCommandHandler", "ActionId": "e15c920d-5db7-489f-a7e4-ac51fce12eef", "ActionName": "Api.Controllers.AuthController.Login (Api)", "RequestId": "0HNFGVQB4PDH1", "RequestPath": "/api/auth/login", "Application": "Crud.Api"}
Activity.TraceId:            3ba86973c58cac95e66f3caa2ed98fee
Activity.SpanId:             357f46f6a4926ba4
Activity.TraceFlags:         Recorded
Activity.ActivitySourceName: Microsoft.AspNetCore
Activity.DisplayName:        POST api/Auth/login
Activity.Kind:               Server
Activity.StartTime:          2025-09-11T06:44:11.5270843Z
Activity.Duration:           00:00:00.2991186
Activity.Tags:
    server.address: localhost
    http.request.method: POST
    url.scheme: http
    url.path: /api/auth/login
    network.protocol.version: 1.1
    http.route: api/Auth/login
    http.response.status_code: 200
Resource associated with Activity:
    deployment.environment: Testing
    service.name: Crud.Api
    service.version: 1.0.0
    service.instance.id: bb25e7a8-9ced-49c8-9e52-fd74b67e7fff
    telemetry.sdk.name: opentelemetry
    telemetry.sdk.language: dotnet
    telemetry.sdk.version: 1.8.1
[06:44:11 DBG] Cache miss for key: entity:window:032e5ffd1a5d477b9385a9f938016d3e {"SourceContext": "Infrastructure.Services.Caching.InMemoryCacheService", "ActionId": "cd089150-f7b0-4073-998a-6faecb768da8", "ActionName": "Api.Controllers.WindowsController.Update (Api)", "RequestId": "0HNFGVQB4PDH2", "RequestPath": "/api/windows/032e5ffd-1a5d-477b-9385-a9f938016d3e", "Application": "Crud.Api"}
[06:44:11 DBG] Set cache value for key: entity:window:032e5ffd1a5d477b9385a9f938016d3e {"SourceContext": "Infrastructure.Services.Caching.InMemoryCacheService", "ActionId": "cd089150-f7b0-4073-998a-6faecb768da8", "ActionName": "Api.Controllers.WindowsController.Update (Api)", "RequestId": "0HNFGVQB4PDH2", "RequestPath": "/api/windows/032e5ffd-1a5d-477b-9385-a9f938016d3e", "Application": "Crud.Api"}
[06:44:11 DBG] Removed cache value for key: entity:window:032e5ffd1a5d477b9385a9f938016d3e {"SourceContext": "Infrastructure.Services.Caching.InMemoryCacheService", "ActionId": "cd089150-f7b0-4073-998a-6faecb768da8", "ActionName": "Api.Controllers.WindowsController.Update (Api)", "RequestId": "0HNFGVQB4PDH2", "RequestPath": "/api/windows/032e5ffd-1a5d-477b-9385-a9f938016d3e", "Application": "Crud.Api"}
[06:44:11 DBG] Removed cache value for key: list:window {"SourceContext": "Infrastructure.Services.Caching.InMemoryCacheService", "ActionId": "cd089150-f7b0-4073-998a-6faecb768da8", "ActionName": "Api.Controllers.WindowsController.Update (Api)", "RequestId": "0HNFGVQB4PDH2", "RequestPath": "/api/windows/032e5ffd-1a5d-477b-9385-a9f938016d3e", "Application": "Crud.Api"}
[06:44:11 DBG] Invalidating cache for entity: windows/032e5ffd-1a5d-477b-9385-a9f938016d3e with tags: windows, windows:032e5ffd-1a5d-477b-9385-a9f938016d3e {"SourceContext": "Api.Services.OutputCacheInvalidationService", "ActionId": "cd089150-f7b0-4073-998a-6faecb768da8", "ActionName": "Api.Controllers.WindowsController.Update (Api)", "RequestId": "0HNFGVQB4PDH2", "RequestPath": "/api/windows/032e5ffd-1a5d-477b-9385-a9f938016d3e", "Application": "Crud.Api"}
[06:44:11 DBG] Successfully invalidated cache for tag: windows {"SourceContext": "Api.Services.OutputCacheInvalidationService", "ActionId": "cd089150-f7b0-4073-998a-6faecb768da8", "ActionName": "Api.Controllers.WindowsController.Update (Api)", "RequestId": "0HNFGVQB4PDH2", "RequestPath": "/api/windows/032e5ffd-1a5d-477b-9385-a9f938016d3e", "Application": "Crud.Api"}
[06:44:11 DBG] Successfully invalidated cache for tag: windows:032e5ffd-1a5d-477b-9385-a9f938016d3e {"SourceContext": "Api.Services.OutputCacheInvalidationService", "ActionId": "cd089150-f7b0-4073-998a-6faecb768da8", "ActionName": "Api.Controllers.WindowsController.Update (Api)", "RequestId": "0HNFGVQB4PDH2", "RequestPath": "/api/windows/032e5ffd-1a5d-477b-9385-a9f938016d3e", "Application": "Crud.Api"}
Activity.TraceId:            a10f6e1f29dff83bb9bcbc380cd10ec1
Activity.SpanId:             e5acfbd5e6e441cb
Activity.TraceFlags:         Recorded
Activity.ActivitySourceName: Microsoft.AspNetCore
Activity.DisplayName:        PUT api/Windows/{id:guid}
Activity.Kind:               Server
Activity.StartTime:          2025-09-11T06:44:11.8300631Z
Activity.Duration:           00:00:00.0156378
Activity.Tags:
    server.address: localhost
    http.request.method: PUT
    url.scheme: http
    url.path: /api/windows/032e5ffd-1a5d-477b-9385-a9f938016d3e
    network.protocol.version: 1.1
    http.route: api/Windows/{id:guid}
    http.response.status_code: 204
Resource associated with Activity:
    deployment.environment: Testing
    service.name: Crud.Api
    service.version: 1.0.0
    service.instance.id: bb25e7a8-9ced-49c8-9e52-fd74b67e7fff
    telemetry.sdk.name: opentelemetry
    telemetry.sdk.language: dotnet
    telemetry.sdk.version: 1.8.1
[06:44:12 INF] User registered successfully: 61cd13d6-6a84-49f4-9b06-06a917e10c04 {"SourceContext": "App.Features.Authentication.RegisterUserCommandHandler", "ActionId": "c39ba5d7-1739-4788-b4c1-48a184010d31", "ActionName": "Api.Controllers.AuthController.Register (Api)", "RequestId": "0HNFGVQB4PDH3", "RequestPath": "/api/auth/register", "Application": "Crud.Api"}
Activity.TraceId:            9228973cbd025478cb6db718a4e3ab17
Activity.SpanId:             311d1949d9166209
Activity.TraceFlags:         Recorded
Activity.ActivitySourceName: Microsoft.AspNetCore
Activity.DisplayName:        POST api/Auth/register
Activity.Kind:               Server
Activity.StartTime:          2025-09-11T06:44:11.8459607Z
Activity.Duration:           00:00:00.2999055
Activity.Tags:
    server.address: localhost
    http.request.method: POST
    url.scheme: http
    url.path: /api/auth/register
    network.protocol.version: 1.1
    http.route: api/Auth/register
    http.response.status_code: 200
Resource associated with Activity:
    deployment.environment: Testing
    service.name: Crud.Api
    service.version: 1.0.0
    service.instance.id: bb25e7a8-9ced-49c8-9e52-fd74b67e7fff
    telemetry.sdk.name: opentelemetry
    telemetry.sdk.language: dotnet
    telemetry.sdk.version: 1.8.1
[06:44:12 DBG] Cache miss for key: entity:window:032e5ffd1a5d477b9385a9f938016d3e {"SourceContext": "Infrastructure.Services.Caching.InMemoryCacheService", "ActionId": "f4bb46ab-c4e0-4b1d-a4c3-8f4380cdde58", "ActionName": "Api.Controllers.WindowsController.Get (Api)", "RequestId": "0HNFGVQB4PDH4", "RequestPath": "/api/windows/032e5ffd-1a5d-477b-9385-a9f938016d3e", "Application": "Crud.Api"}
[06:44:12 DBG] Set cache value for key: entity:window:032e5ffd1a5d477b9385a9f938016d3e {"SourceContext": "Infrastructure.Services.Caching.InMemoryCacheService", "ActionId": "f4bb46ab-c4e0-4b1d-a4c3-8f4380cdde58", "ActionName": "Api.Controllers.WindowsController.Get (Api)", "RequestId": "0HNFGVQB4PDH4", "RequestPath": "/api/windows/032e5ffd-1a5d-477b-9385-a9f938016d3e", "Application": "Crud.Api"}
Activity.TraceId:            f84ae846cf9f1134b7562662161d3843
Activity.SpanId:             f1febb0f4d642f96
Activity.TraceFlags:         Recorded
Activity.ActivitySourceName: Microsoft.AspNetCore
Activity.DisplayName:        GET api/Windows/{id:guid}
Activity.Kind:               Server
Activity.StartTime:          2025-09-11T06:44:12.1461755Z
Activity.Duration:           00:00:00.0040664
Activity.Tags:
    server.address: localhost
    http.request.method: GET
    url.scheme: http
    url.path: /api/windows/032e5ffd-1a5d-477b-9385-a9f938016d3e
    network.protocol.version: 1.1
    http.route: api/Windows/{id:guid}
    http.response.status_code: 200
Resource associated with Activity:
    deployment.environment: Testing
    service.name: Crud.Api
    service.version: 1.0.0
    service.instance.id: bb25e7a8-9ced-49c8-9e52-fd74b67e7fff
    telemetry.sdk.name: opentelemetry
    telemetry.sdk.language: dotnet
    telemetry.sdk.version: 1.8.1
[06:44:12 INF] User registered successfully: fc0cf043-9d18-4ac3-a802-6248ec4e5fab {"SourceContext": "App.Features.Authentication.RegisterUserCommandHandler", "ActionId": "c39ba5d7-1739-4788-b4c1-48a184010d31", "ActionName": "Api.Controllers.AuthController.Register (Api)", "RequestId": "0HNFGVQB4PDH5", "RequestPath": "/api/auth/register", "Application": "Crud.Api"}
Activity.TraceId:            66d82d2b3ea8696fb419704fa9f7390d
Activity.SpanId:             9a5acd9584befa36
Activity.TraceFlags:         Recorded
Activity.ActivitySourceName: Microsoft.AspNetCore
Activity.DisplayName:        POST api/Auth/register
Activity.Kind:               Server
Activity.StartTime:          2025-09-11T06:44:12.1531991Z
Activity.Duration:           00:00:00.2994106
Activity.Tags:
    server.address: localhost
    http.request.method: POST
    url.scheme: http
    url.path: /api/auth/register
    network.protocol.version: 1.1
    http.route: api/Auth/register
    http.response.status_code: 200
Resource associated with Activity:
    deployment.environment: Testing
    service.name: Crud.Api
    service.version: 1.0.0
    service.instance.id: bb25e7a8-9ced-49c8-9e52-fd74b67e7fff
    telemetry.sdk.name: opentelemetry
    telemetry.sdk.language: dotnet
    telemetry.sdk.version: 1.8.1
[06:44:12 INF] User logged in successfully: fc0cf043-9d18-4ac3-a802-6248ec4e5fab {"SourceContext": "App.Features.Authentication.LoginCommandHandler", "ActionId": "e15c920d-5db7-489f-a7e4-ac51fce12eef", "ActionName": "Api.Controllers.AuthController.Login (Api)", "RequestId": "0HNFGVQB4PDH6", "RequestPath": "/api/auth/login", "Application": "Crud.Api"}
Activity.TraceId:            85356b1863d17c0822a0bfea5cec4ead
Activity.SpanId:             b3dae82e7898a833
Activity.TraceFlags:         Recorded
Activity.ActivitySourceName: Microsoft.AspNetCore
Activity.DisplayName:        POST api/Auth/login
Activity.Kind:               Server
Activity.StartTime:          2025-09-11T06:44:12.4553357Z
Activity.Duration:           00:00:00.2998249
Activity.Tags:
    server.address: localhost
    http.request.method: POST
    url.scheme: http
    url.path: /api/auth/login
    network.protocol.version: 1.1
    http.route: api/Auth/login
    http.response.status_code: 200
Resource associated with Activity:
    deployment.environment: Testing
    service.name: Crud.Api
    service.version: 1.0.0
    service.instance.id: bb25e7a8-9ced-49c8-9e52-fd74b67e7fff
    telemetry.sdk.name: opentelemetry
    telemetry.sdk.language: dotnet
    telemetry.sdk.version: 1.8.1
[06:44:12 DBG] Removed cache value for key: entity:window:654240fea79745d29abb742532f4ade8 {"SourceContext": "Infrastructure.Services.Caching.InMemoryCacheService", "ActionId": "e6411f32-6e8a-4d7f-88f2-3d9b4024ca0b", "ActionName": "Api.Controllers.WindowsController.Create (Api)", "RequestId": "0HNFGVQB4PDH7", "RequestPath": "/api/windows", "Application": "Crud.Api"}
[06:44:12 DBG] Removed cache value for key: list:window {"SourceContext": "Infrastructure.Services.Caching.InMemoryCacheService", "ActionId": "e6411f32-6e8a-4d7f-88f2-3d9b4024ca0b", "ActionName": "Api.Controllers.WindowsController.Create (Api)", "RequestId": "0HNFGVQB4PDH7", "RequestPath": "/api/windows", "Application": "Crud.Api"}
[06:44:12 DBG] Invalidating cache for entity type: windows with tag: windows {"SourceContext": "Api.Services.OutputCacheInvalidationService", "ActionId": "e6411f32-6e8a-4d7f-88f2-3d9b4024ca0b", "ActionName": "Api.Controllers.WindowsController.Create (Api)", "RequestId": "0HNFGVQB4PDH7", "RequestPath": "/api/windows", "Application": "Crud.Api"}
[06:44:12 INF] Successfully invalidated cache for entity type: windows {"SourceContext": "Api.Services.OutputCacheInvalidationService", "ActionId": "e6411f32-6e8a-4d7f-88f2-3d9b4024ca0b", "ActionName": "Api.Controllers.WindowsController.Create (Api)", "RequestId": "0HNFGVQB4PDH7", "RequestPath": "/api/windows", "Application": "Crud.Api"}
Activity.TraceId:            f20f3c1d13442d07574934318c9ab185
Activity.SpanId:             e7b0051aa6523d33
Activity.TraceFlags:         Recorded
Activity.ActivitySourceName: Microsoft.AspNetCore
Activity.DisplayName:        POST api/Windows
Activity.Kind:               Server
Activity.StartTime:          2025-09-11T06:44:12.7563547Z
Activity.Duration:           00:00:00.0123505
Activity.Tags:
    server.address: localhost
    http.request.method: POST
    url.scheme: http
    url.path: /api/windows
    network.protocol.version: 1.1
    http.route: api/Windows
    http.response.status_code: 201
Resource associated with Activity:
    deployment.environment: Testing
    service.name: Crud.Api
    service.version: 1.0.0
    service.instance.id: bb25e7a8-9ced-49c8-9e52-fd74b67e7fff
    telemetry.sdk.name: opentelemetry
    telemetry.sdk.language: dotnet
    telemetry.sdk.version: 1.8.1
[06:44:13 INF] User registered successfully: b2e6cd75-6516-4c7d-8280-9cff6b8cfa8b {"SourceContext": "App.Features.Authentication.RegisterUserCommandHandler", "ActionId": "c39ba5d7-1739-4788-b4c1-48a184010d31", "ActionName": "Api.Controllers.AuthController.Register (Api)", "RequestId": "0HNFGVQB4PDH8", "RequestPath": "/api/auth/register", "Application": "Crud.Api"}
Activity.TraceId:            7814cf997c9297e77ebb6a03d6a1997a
Activity.SpanId:             7c8706912ce786fa
Activity.TraceFlags:         Recorded
Activity.ActivitySourceName: Microsoft.AspNetCore
Activity.DisplayName:        POST api/Auth/register
Activity.Kind:               Server
Activity.StartTime:          2025-09-11T06:44:12.7695487Z
Activity.Duration:           00:00:00.3016073
Activity.Tags:
    server.address: localhost
    http.request.method: POST
    url.scheme: http
    url.path: /api/auth/register
    network.protocol.version: 1.1
    http.route: api/Auth/register
    http.response.status_code: 200
Resource associated with Activity:
    deployment.environment: Testing
    service.name: Crud.Api
    service.version: 1.0.0
    service.instance.id: bb25e7a8-9ced-49c8-9e52-fd74b67e7fff
    telemetry.sdk.name: opentelemetry
    telemetry.sdk.language: dotnet
    telemetry.sdk.version: 1.8.1
[06:44:13 DBG] Cache miss for key: entity:window:654240fea79745d29abb742532f4ade8 {"SourceContext": "Infrastructure.Services.Caching.InMemoryCacheService", "ActionId": "f4bb46ab-c4e0-4b1d-a4c3-8f4380cdde58", "ActionName": "Api.Controllers.WindowsController.Get (Api)", "RequestId": "0HNFGVQB4PDH9", "RequestPath": "/api/windows/654240fe-a797-45d2-9abb-742532f4ade8", "Application": "Crud.Api"}
[06:44:13 DBG] Set cache value for key: entity:window:654240fea79745d29abb742532f4ade8 {"SourceContext": "Infrastructure.Services.Caching.InMemoryCacheService", "ActionId": "f4bb46ab-c4e0-4b1d-a4c3-8f4380cdde58", "ActionName": "Api.Controllers.WindowsController.Get (Api)", "RequestId": "0HNFGVQB4PDH9", "RequestPath": "/api/windows/654240fe-a797-45d2-9abb-742532f4ade8", "Application": "Crud.Api"}
Activity.TraceId:            14f21ea97c270ed9b8b57b92c3a344e2
Activity.SpanId:             1551712d30892651
Activity.TraceFlags:         Recorded
Activity.ActivitySourceName: Microsoft.AspNetCore
Activity.DisplayName:        GET api/Windows/{id:guid}
Activity.Kind:               Server
Activity.StartTime:          2025-09-11T06:44:13.0716348Z
Activity.Duration:           00:00:00.0033099
Activity.Tags:
    server.address: localhost
    http.request.method: GET
    url.scheme: http
    url.path: /api/windows/654240fe-a797-45d2-9abb-742532f4ade8
    network.protocol.version: 1.1
    http.route: api/Windows/{id:guid}
    http.response.status_code: 200
Resource associated with Activity:
    deployment.environment: Testing
    service.name: Crud.Api
    service.version: 1.0.0
    service.instance.id: bb25e7a8-9ced-49c8-9e52-fd74b67e7fff
    telemetry.sdk.name: opentelemetry
    telemetry.sdk.language: dotnet
    telemetry.sdk.version: 1.8.1
[06:44:13 INF] User registered successfully: 6efefc86-d989-473f-8e72-c6417f920685 {"SourceContext": "App.Features.Authentication.RegisterUserCommandHandler", "ActionId": "c39ba5d7-1739-4788-b4c1-48a184010d31", "ActionName": "Api.Controllers.AuthController.Register (Api)", "RequestId": "0HNFGVQB4PDHA", "RequestPath": "/api/auth/register", "Application": "Crud.Api"}
Activity.TraceId:            b9686c74ae12e5c29a1b624bd579b5db
Activity.SpanId:             decb1232d44f0d2f
Activity.TraceFlags:         Recorded
Activity.ActivitySourceName: Microsoft.AspNetCore
Activity.DisplayName:        POST api/Auth/register
Activity.Kind:               Server
Activity.StartTime:          2025-09-11T06:44:13.0770982Z
Activity.Duration:           00:00:00.3014697
Activity.Tags:
    server.address: localhost
    http.request.method: POST
    url.scheme: http
    url.path: /api/auth/register
    network.protocol.version: 1.1
    http.route: api/Auth/register
    http.response.status_code: 200
Resource associated with Activity:
    deployment.environment: Testing
    service.name: Crud.Api
    service.version: 1.0.0
    service.instance.id: bb25e7a8-9ced-49c8-9e52-fd74b67e7fff
    telemetry.sdk.name: opentelemetry
    telemetry.sdk.language: dotnet
    telemetry.sdk.version: 1.8.1
[06:44:13 DBG] Cache miss for key: entity:window:65bd2f4337c24acf8bb37465e1759dc0 {"SourceContext": "Infrastructure.Services.Caching.InMemoryCacheService", "ActionId": "f4bb46ab-c4e0-4b1d-a4c3-8f4380cdde58", "ActionName": "Api.Controllers.WindowsController.Get (Api)", "RequestId": "0HNFGVQB4PDHB", "RequestPath": "/api/windows/65bd2f43-37c2-4acf-8bb3-7465e1759dc0", "Application": "Crud.Api"}
Activity.TraceId:            c89dc7398356ba13e1b774d94bc4024c
Activity.SpanId:             5725624315d9ad78
Activity.TraceFlags:         Recorded
Activity.ActivitySourceName: Microsoft.AspNetCore
Activity.DisplayName:        GET api/Windows/{id:guid}
Activity.Kind:               Server
Activity.StartTime:          2025-09-11T06:44:13.3796998Z
Activity.Duration:           00:00:00.0015251
Activity.Tags:
    server.address: localhost
    http.request.method: GET
    url.scheme: http
    url.path: /api/windows/65bd2f43-37c2-4acf-8bb3-7465e1759dc0
    network.protocol.version: 1.1
    http.route: api/Windows/{id:guid}
    http.response.status_code: 404
Resource associated with Activity:
    deployment.environment: Testing
    service.name: Crud.Api
    service.version: 1.0.0
    service.instance.id: bb25e7a8-9ced-49c8-9e52-fd74b67e7fff
    telemetry.sdk.name: opentelemetry
    telemetry.sdk.language: dotnet
    telemetry.sdk.version: 1.8.1
[06:44:13 INF] User registered successfully: ca0ed2c5-b8eb-4508-b9ff-408586735996 {"SourceContext": "App.Features.Authentication.RegisterUserCommandHandler", "ActionId": "c39ba5d7-1739-4788-b4c1-48a184010d31", "ActionName": "Api.Controllers.AuthController.Register (Api)", "RequestId": "0HNFGVQB4PDHC", "RequestPath": "/api/auth/register", "Application": "Crud.Api"}
Activity.TraceId:            b61aa597741afd951e73ee5ea52a4d7c
Activity.SpanId:             5e0f04027b68f05d
Activity.TraceFlags:         Recorded
Activity.ActivitySourceName: Microsoft.AspNetCore
Activity.DisplayName:        POST api/Auth/register
Activity.Kind:               Server
Activity.StartTime:          2025-09-11T06:44:13.3836414Z
Activity.Duration:           00:00:00.2990203
Activity.Tags:
    server.address: localhost
    http.request.method: POST
    url.scheme: http
    url.path: /api/auth/register
    network.protocol.version: 1.1
    http.route: api/Auth/register
    http.response.status_code: 200
Resource associated with Activity:
    deployment.environment: Testing
    service.name: Crud.Api
    service.version: 1.0.0
    service.instance.id: bb25e7a8-9ced-49c8-9e52-fd74b67e7fff
    telemetry.sdk.name: opentelemetry
    telemetry.sdk.language: dotnet
    telemetry.sdk.version: 1.8.1
[06:44:13 INF] User logged in successfully: ca0ed2c5-b8eb-4508-b9ff-408586735996 {"SourceContext": "App.Features.Authentication.LoginCommandHandler", "ActionId": "e15c920d-5db7-489f-a7e4-ac51fce12eef", "ActionName": "Api.Controllers.AuthController.Login (Api)", "RequestId": "0HNFGVQB4PDHD", "RequestPath": "/api/auth/login", "Application": "Crud.Api"}
Activity.TraceId:            b87067a5eb629d8890f7ed289b1802c8
Activity.SpanId:             33cc26f76ebe7506
Activity.TraceFlags:         Recorded
Activity.ActivitySourceName: Microsoft.AspNetCore
Activity.DisplayName:        POST api/Auth/login
Activity.Kind:               Server
Activity.StartTime:          2025-09-11T06:44:13.6844484Z
Activity.Duration:           00:00:00.2997733
Activity.Tags:
    server.address: localhost
    http.request.method: POST
    url.scheme: http
    url.path: /api/auth/login
    network.protocol.version: 1.1
    http.route: api/Auth/login
    http.response.status_code: 200
Resource associated with Activity:
    deployment.environment: Testing
    service.name: Crud.Api
    service.version: 1.0.0
    service.instance.id: bb25e7a8-9ced-49c8-9e52-fd74b67e7fff
    telemetry.sdk.name: opentelemetry
    telemetry.sdk.language: dotnet
    telemetry.sdk.version: 1.8.1
[06:44:13 DBG] Removed cache value for key: entity:window:9afb98287eb84f53a230a45902245e48 {"SourceContext": "Infrastructure.Services.Caching.InMemoryCacheService", "ActionId": "e6411f32-6e8a-4d7f-88f2-3d9b4024ca0b", "ActionName": "Api.Controllers.WindowsController.Create (Api)", "RequestId": "0HNFGVQB4PDHE", "RequestPath": "/api/windows", "Application": "Crud.Api"}
[06:44:13 DBG] Removed cache value for key: list:window {"SourceContext": "Infrastructure.Services.Caching.InMemoryCacheService", "ActionId": "e6411f32-6e8a-4d7f-88f2-3d9b4024ca0b", "ActionName": "Api.Controllers.WindowsController.Create (Api)", "RequestId": "0HNFGVQB4PDHE", "RequestPath": "/api/windows", "Application": "Crud.Api"}
[06:44:13 DBG] Invalidating cache for entity type: windows with tag: windows {"SourceContext": "Api.Services.OutputCacheInvalidationService", "ActionId": "e6411f32-6e8a-4d7f-88f2-3d9b4024ca0b", "ActionName": "Api.Controllers.WindowsController.Create (Api)", "RequestId": "0HNFGVQB4PDHE", "RequestPath": "/api/windows", "Application": "Crud.Api"}
[06:44:13 INF] Successfully invalidated cache for entity type: windows {"SourceContext": "Api.Services.OutputCacheInvalidationService", "ActionId": "e6411f32-6e8a-4d7f-88f2-3d9b4024ca0b", "ActionName": "Api.Controllers.WindowsController.Create (Api)", "RequestId": "0HNFGVQB4PDHE", "RequestPath": "/api/windows", "Application": "Crud.Api"}
Activity.TraceId:            52a6d15103678db8e193dd4e06a05ff5
Activity.SpanId:             67ad9e4b7b504991
Activity.TraceFlags:         Recorded
Activity.ActivitySourceName: Microsoft.AspNetCore
Activity.DisplayName:        POST api/Windows
Activity.Kind:               Server
Activity.StartTime:          2025-09-11T06:44:13.9852226Z
Activity.Duration:           00:00:00.0024485
Activity.Tags:
    server.address: localhost
    http.request.method: POST
    url.scheme: http
    url.path: /api/windows
    network.protocol.version: 1.1
    http.route: api/Windows
    http.response.status_code: 201
Resource associated with Activity:
    deployment.environment: Testing
    service.name: Crud.Api
    service.version: 1.0.0
    service.instance.id: bb25e7a8-9ced-49c8-9e52-fd74b67e7fff
    telemetry.sdk.name: opentelemetry
    telemetry.sdk.language: dotnet
    telemetry.sdk.version: 1.8.1
[06:44:14 INF] User registered successfully: d4b373fa-ddcb-4316-ba88-05a2c7f7e529 {"SourceContext": "App.Features.Authentication.RegisterUserCommandHandler", "ActionId": "c39ba5d7-1739-4788-b4c1-48a184010d31", "ActionName": "Api.Controllers.AuthController.Register (Api)", "RequestId": "0HNFGVQB4PDHF", "RequestPath": "/api/auth/register", "Application": "Crud.Api"}
Activity.TraceId:            115165f71ca4cba9a96bd89dbec6bf9f
Activity.SpanId:             50514b4a1d5f352c
Activity.TraceFlags:         Recorded
Activity.ActivitySourceName: Microsoft.AspNetCore
Activity.DisplayName:        POST api/Auth/register
Activity.Kind:               Server
Activity.StartTime:          2025-09-11T06:44:13.9892218Z
Activity.Duration:           00:00:00.2985835
Activity.Tags:
    server.address: localhost
    http.request.method: POST
    url.scheme: http
    url.path: /api/auth/register
    network.protocol.version: 1.1
    http.route: api/Auth/register
    http.response.status_code: 200
Resource associated with Activity:
    deployment.environment: Testing
    service.name: Crud.Api
    service.version: 1.0.0
    service.instance.id: bb25e7a8-9ced-49c8-9e52-fd74b67e7fff
    telemetry.sdk.name: opentelemetry
    telemetry.sdk.language: dotnet
    telemetry.sdk.version: 1.8.1
[06:44:14 INF] User logged in successfully: d4b373fa-ddcb-4316-ba88-05a2c7f7e529 {"SourceContext": "App.Features.Authentication.LoginCommandHandler", "ActionId": "e15c920d-5db7-489f-a7e4-ac51fce12eef", "ActionName": "Api.Controllers.AuthController.Login (Api)", "RequestId": "0HNFGVQB4PDHG", "RequestPath": "/api/auth/login", "Application": "Crud.Api"}
Activity.TraceId:            23fb964f52de8b493e86e9b4cd9f3dcc
Activity.SpanId:             930b88239498c29a
Activity.TraceFlags:         Recorded
Activity.ActivitySourceName: Microsoft.AspNetCore
Activity.DisplayName:        POST api/Auth/login
Activity.Kind:               Server
Activity.StartTime:          2025-09-11T06:44:14.2891350Z
Activity.Duration:           00:00:00.2989529
Activity.Tags:
    server.address: localhost
    http.request.method: POST
    url.scheme: http
    url.path: /api/auth/login
    network.protocol.version: 1.1
    http.route: api/Auth/login
    http.response.status_code: 200
Resource associated with Activity:
    deployment.environment: Testing
    service.name: Crud.Api
    service.version: 1.0.0
    service.instance.id: bb25e7a8-9ced-49c8-9e52-fd74b67e7fff
    telemetry.sdk.name: opentelemetry
    telemetry.sdk.language: dotnet
    telemetry.sdk.version: 1.8.1
[06:44:14 DBG] Removed cache value for key: entity:window:4e35d24a75ec45619db5d7513288f395 {"SourceContext": "Infrastructure.Services.Caching.InMemoryCacheService", "ActionId": "e6411f32-6e8a-4d7f-88f2-3d9b4024ca0b", "ActionName": "Api.Controllers.WindowsController.Create (Api)", "RequestId": "0HNFGVQB4PDHH", "RequestPath": "/api/windows", "Application": "Crud.Api"}
[06:44:14 DBG] Removed cache value for key: list:window {"SourceContext": "Infrastructure.Services.Caching.InMemoryCacheService", "ActionId": "e6411f32-6e8a-4d7f-88f2-3d9b4024ca0b", "ActionName": "Api.Controllers.WindowsController.Create (Api)", "RequestId": "0HNFGVQB4PDHH", "RequestPath": "/api/windows", "Application": "Crud.Api"}
[06:44:14 DBG] Invalidating cache for entity type: windows with tag: windows {"SourceContext": "Api.Services.OutputCacheInvalidationService", "ActionId": "e6411f32-6e8a-4d7f-88f2-3d9b4024ca0b", "ActionName": "Api.Controllers.WindowsController.Create (Api)", "RequestId": "0HNFGVQB4PDHH", "RequestPath": "/api/windows", "Application": "Crud.Api"}
[06:44:14 INF] Successfully invalidated cache for entity type: windows {"SourceContext": "Api.Services.OutputCacheInvalidationService", "ActionId": "e6411f32-6e8a-4d7f-88f2-3d9b4024ca0b", "ActionName": "Api.Controllers.WindowsController.Create (Api)", "RequestId": "0HNFGVQB4PDHH", "RequestPath": "/api/windows", "Application": "Crud.Api"}
Activity.TraceId:            280e958a6e05ff0aad721f674b352bb4
Activity.SpanId:             98a3e29b260ce5ea
Activity.TraceFlags:         Recorded
Activity.ActivitySourceName: Microsoft.AspNetCore
Activity.DisplayName:        POST api/Windows
Activity.Kind:               Server
Activity.StartTime:          2025-09-11T06:44:14.5884196Z
Activity.Duration:           00:00:00.0021487
Activity.Tags:
    server.address: localhost
    http.request.method: POST
    url.scheme: http
    url.path: /api/windows
    network.protocol.version: 1.1
    http.route: api/Windows
    http.response.status_code: 201
Resource associated with Activity:
    deployment.environment: Testing
    service.name: Crud.Api
    service.version: 1.0.0
    service.instance.id: bb25e7a8-9ced-49c8-9e52-fd74b67e7fff
    telemetry.sdk.name: opentelemetry
    telemetry.sdk.language: dotnet
    telemetry.sdk.version: 1.8.1
Resource associated with Metric:
    deployment.environment: Testing
    service.name: Crud.Api
    service.version: 1.0.0
    service.instance.id: bb25e7a8-9ced-49c8-9e52-fd74b67e7fff
    telemetry.sdk.name: opentelemetry
    telemetry.sdk.language: dotnet
    telemetry.sdk.version: 1.8.1
Metric Name: http.server.active_requests, Number of active HTTP server requests., Unit: {request}, Meter: Microsoft.AspNetCore.Hosting
(2025-09-11T06:44:04.7409889Z, 2025-09-11T06:44:14.7413668Z] http.request.method: POST url.scheme: http LongSumNonMonotonic
Value: 1
(2025-09-11T06:44:04.7409889Z, 2025-09-11T06:44:14.7413668Z] http.request.method: DELETE url.scheme: http LongSumNonMonotonic
Value: 0
(2025-09-11T06:44:04.7409889Z, 2025-09-11T06:44:14.7413668Z] http.request.method: GET url.scheme: http LongSumNonMonotonic
Value: 0
(2025-09-11T06:44:04.7409889Z, 2025-09-11T06:44:14.7413668Z] http.request.method: PUT url.scheme: http LongSumNonMonotonic
Value: 0
Metric Name: http.server.request.duration, Duration of HTTP server requests., Unit: s, Meter: Microsoft.AspNetCore.Hosting
(2025-09-11T06:44:04.7410121Z, 2025-09-11T06:44:14.7413737Z] http.request.method: POST http.response.status_code: 200 http.route: api/Auth/register network.protocol.version: 1.1 url.scheme: http Histogram
Value: Sum: 5.4444132000000005 Count: 18 Min: 0.2985739 Max: 0.3239731 
(-Infinity,0.005]:0
(0.005,0.01]:0
(0.01,0.025]:0
(0.025,0.05]:0
(0.05,0.075]:0
(0.075,0.1]:0
(0.1,0.25]:0
(0.25,0.5]:18
(0.5,0.75]:0
(0.75,1]:0
(1,2.5]:0
(2.5,5]:0
(5,7.5]:0
(7.5,10]:0
(10,+Infinity]:0
(2025-09-11T06:44:04.7410121Z, 2025-09-11T06:44:14.7413737Z] http.request.method: POST http.response.status_code: 200 http.route: api/Auth/login network.protocol.version: 1.1 url.scheme: http Histogram
Value: Sum: 4.0152414 Count: 13 Min: 0.298975 Max: 0.35317 
(-Infinity,0.005]:0
(0.005,0.01]:0
(0.01,0.025]:0
(0.025,0.05]:0
(0.05,0.075]:0
(0.075,0.1]:0
(0.1,0.25]:0
(0.25,0.5]:13
(0.5,0.75]:0
(0.75,1]:0
(1,2.5]:0
(2.5,5]:0
(5,7.5]:0
(7.5,10]:0
(10,+Infinity]:0
(2025-09-11T06:44:04.7410121Z, 2025-09-11T06:44:14.7413737Z] http.request.method: POST http.response.status_code: 400 http.route: api/Windows network.protocol.version: 1.1 url.scheme: http Histogram
Value: Sum: 0.041979499999999996 Count: 2 Min: 0.0029431 Max: 0.0390364 
(-Infinity,0.005]:1
(0.005,0.01]:0
(0.01,0.025]:0
(0.025,0.05]:1
(0.05,0.075]:0
(0.075,0.1]:0
(0.1,0.25]:0
(0.25,0.5]:0
(0.5,0.75]:0
(0.75,1]:0
(1,2.5]:0
(2.5,5]:0
(5,7.5]:0
(7.5,10]:0
(10,+Infinity]:0
(2025-09-11T06:44:04.7410121Z, 2025-09-11T06:44:14.7413737Z] http.request.method: POST http.response.status_code: 201 http.route: api/Windows network.protocol.version: 1.1 url.scheme: http Histogram
Value: Sum: 0.12776479999999998 Count: 9 Min: 0.0021496 Max: 0.0890284 
(-Infinity,0.005]:6
(0.005,0.01]:1
(0.01,0.025]:1
(0.025,0.05]:0
(0.05,0.075]:0
(0.075,0.1]:1
(0.1,0.25]:0
(0.25,0.5]:0
(0.5,0.75]:0
(0.75,1]:0
(1,2.5]:0
(2.5,5]:0
(5,7.5]:0
(7.5,10]:0
(10,+Infinity]:0
(2025-09-11T06:44:04.7410121Z, 2025-09-11T06:44:14.7413737Z] http.request.method: DELETE http.response.status_code: 204 http.route: api/Windows/{id:guid} network.protocol.version: 1.1 url.scheme: http Histogram
Value: Sum: 0.0267807 Count: 1 Min: 0.0267807 Max: 0.0267807 
(-Infinity,0.005]:0
(0.005,0.01]:0
(0.01,0.025]:0
(0.025,0.05]:1
(0.05,0.075]:0
(0.075,0.1]:0
(0.1,0.25]:0
(0.25,0.5]:0
(0.5,0.75]:0
(0.75,1]:0
(1,2.5]:0
(2.5,5]:0
(5,7.5]:0
(7.5,10]:0
(10,+Infinity]:0
(2025-09-11T06:44:04.7410121Z, 2025-09-11T06:44:14.7413737Z] http.request.method: GET http.response.status_code: 404 http.route: api/Windows/{id:guid} network.protocol.version: 1.1 url.scheme: http Histogram
Value: Sum: 0.0123831 Count: 2 Min: 0.0015259 Max: 0.0108572 
(-Infinity,0.005]:1
(0.005,0.01]:0
(0.01,0.025]:1
(0.025,0.05]:0
(0.05,0.075]:0
(0.075,0.1]:0
(0.1,0.25]:0
(0.25,0.5]:0
(0.5,0.75]:0
(0.75,1]:0
(1,2.5]:0
(2.5,5]:0
(5,7.5]:0
(7.5,10]:0
(10,+Infinity]:0
(2025-09-11T06:44:04.7410121Z, 2025-09-11T06:44:14.7413737Z] http.request.method: GET http.response.status_code: 200 http.route: api/Windows network.protocol.version: 1.1 url.scheme: http Histogram
Value: Sum: 0.0309071 Count: 1 Min: 0.0309071 Max: 0.0309071 
(-Infinity,0.005]:0
(0.005,0.01]:0
(0.01,0.025]:0
(0.025,0.05]:1
(0.05,0.075]:0
(0.075,0.1]:0
(0.1,0.25]:0
(0.25,0.5]:0
(0.5,0.75]:0
(0.75,1]:0
(1,2.5]:0
(2.5,5]:0
(5,7.5]:0
(7.5,10]:0
(10,+Infinity]:0
(2025-09-11T06:44:04.7410121Z, 2025-09-11T06:44:14.7413737Z] http.request.method: PUT http.response.status_code: 204 http.route: api/Windows/{id:guid} network.protocol.version: 1.1 url.scheme: http Histogram
Value: Sum: 0.015648 Count: 1 Min: 0.015648 Max: 0.015648 
(-Infinity,0.005]:0
(0.005,0.01]:0
(0.01,0.025]:1
(0.025,0.05]:0
(0.05,0.075]:0
(0.075,0.1]:0
(0.1,0.25]:0
(0.25,0.5]:0
(0.5,0.75]:0
(0.75,1]:0
(1,2.5]:0
(2.5,5]:0
(5,7.5]:0
(7.5,10]:0
(10,+Infinity]:0
(2025-09-11T06:44:04.7410121Z, 2025-09-11T06:44:14.7413737Z] http.request.method: GET http.response.status_code: 200 http.route: api/Windows/{id:guid} network.protocol.version: 1.1 url.scheme: http Histogram
Value: Sum: 0.007376 Count: 2 Min: 0.0033102 Max: 0.0040658 
(-Infinity,0.005]:2
(0.005,0.01]:0
(0.01,0.025]:0
(0.025,0.05]:0
(0.05,0.075]:0
(0.075,0.1]:0
(0.1,0.25]:0
(0.25,0.5]:0
(0.5,0.75]:0
(0.75,1]:0
(1,2.5]:0
(2.5,5]:0
(5,7.5]:0
(7.5,10]:0
(10,+Infinity]:0
Metric Name: aspnetcore.rate_limiting.active_request_leases, Number of HTTP requests that are currently active on the server that hold a rate limiting lease., Unit: {request}, Meter: Microsoft.AspNetCore.RateLimiting
(2025-09-11T06:44:04.7447088Z, 2025-09-11T06:44:14.7413745Z] LongSumNonMonotonic
Value: 1
Metric Name: aspnetcore.rate_limiting.request_lease.duration, The duration of rate limiting leases held by HTTP requests on the server., Unit: s, Meter: Microsoft.AspNetCore.RateLimiting
(2025-09-11T06:44:04.7456498Z, 2025-09-11T06:44:14.7413756Z] Histogram
Value: Sum: 9.7052906 Count: 49 Min: 0.0014098 Max: 0.3529595 
(-Infinity,0.005]:10
(0.005,0.01]:1
(0.01,0.025]:3
(0.025,0.05]:3
(0.05,0.075]:0
(0.075,0.1]:1
(0.1,0.25]:0
(0.25,0.5]:31
(0.5,0.75]:0
(0.75,1]:0
(1,2.5]:0
(2.5,5]:0
(5,7.5]:0
(7.5,10]:0
(10,+Infinity]:0
Metric Name: aspnetcore.rate_limiting.requests, Number of requests that tried to acquire a rate limiting lease. Requests could be rejected by global or endpoint rate limiting policies. Or the request could be canceled while waiting for the lease., Unit: {request}, Meter: Microsoft.AspNetCore.RateLimiting
(2025-09-11T06:44:04.7459310Z, 2025-09-11T06:44:14.7413768Z] aspnetcore.rate_limiting.result: acquired LongSum
Value: 49
Metric Name: aspnetcore.routing.match_attempts, Number of requests that were attempted to be matched to an endpoint., Unit: {match_attempt}, Meter: Microsoft.AspNetCore.Routing
(2025-09-11T06:44:04.7481587Z, 2025-09-11T06:44:14.7413790Z] aspnetcore.routing.is_fallback: false aspnetcore.routing.match_status: success http.route: api/Auth/register LongSum
Value: 19
(2025-09-11T06:44:04.7481587Z, 2025-09-11T06:44:14.7413790Z] aspnetcore.routing.is_fallback: false aspnetcore.routing.match_status: success http.route: api/Auth/login LongSum
Value: 13
(2025-09-11T06:44:04.7481587Z, 2025-09-11T06:44:14.7413790Z] aspnetcore.routing.is_fallback: false aspnetcore.routing.match_status: success http.route: api/Windows LongSum
Value: 12
(2025-09-11T06:44:04.7481587Z, 2025-09-11T06:44:14.7413790Z] aspnetcore.routing.is_fallback: false aspnetcore.routing.match_status: success http.route: api/Windows/{id:guid} LongSum
Value: 6
[06:44:14 INF] User registered successfully: 23eae692-7d33-43b7-bf16-8802b967c42f {"SourceContext": "App.Features.Authentication.RegisterUserCommandHandler", "ActionId": "c39ba5d7-1739-4788-b4c1-48a184010d31", "ActionName": "Api.Controllers.AuthController.Register (Api)", "RequestId": "0HNFGVQB4PDHI", "RequestPath": "/api/auth/register", "Application": "Crud.Api"}
Activity.TraceId:            15c45ed7b2f9aac7588bb8ddba4ab4ca
Activity.SpanId:             63a6df94e4a1213a
Activity.TraceFlags:         Recorded
Activity.ActivitySourceName: Microsoft.AspNetCore
Activity.DisplayName:        POST api/Auth/register
Activity.Kind:               Server
Activity.StartTime:          2025-09-11T06:44:14.5929147Z
Activity.Duration:           00:00:00.2985017
Activity.Tags:
    server.address: localhost
    http.request.method: POST
    url.scheme: http
    url.path: /api/auth/register
    network.protocol.version: 1.1
    http.route: api/Auth/register
    http.response.status_code: 200
Resource associated with Activity:
    deployment.environment: Testing
    service.name: Crud.Api
    service.version: 1.0.0
    service.instance.id: bb25e7a8-9ced-49c8-9e52-fd74b67e7fff
    telemetry.sdk.name: opentelemetry
    telemetry.sdk.language: dotnet
    telemetry.sdk.version: 1.8.1
[06:44:15 INF] User logged in successfully: 23eae692-7d33-43b7-bf16-8802b967c42f {"SourceContext": "App.Features.Authentication.LoginCommandHandler", "ActionId": "e15c920d-5db7-489f-a7e4-ac51fce12eef", "ActionName": "Api.Controllers.AuthController.Login (Api)", "RequestId": "0HNFGVQB4PDHJ", "RequestPath": "/api/auth/login", "Application": "Crud.Api"}
Activity.TraceId:            1eefd6a01f7502c66161acc8b84a34f6
Activity.SpanId:             8004754988d63fe7
Activity.TraceFlags:         Recorded
Activity.ActivitySourceName: Microsoft.AspNetCore
Activity.DisplayName:        POST api/Auth/login
Activity.Kind:               Server
Activity.StartTime:          2025-09-11T06:44:14.8930334Z
Activity.Duration:           00:00:00.2988878
Activity.Tags:
    server.address: localhost
    http.request.method: POST
    url.scheme: http
    url.path: /api/auth/login
    network.protocol.version: 1.1
    http.route: api/Auth/login
    http.response.status_code: 200
Resource associated with Activity:
    deployment.environment: Testing
    service.name: Crud.Api
    service.version: 1.0.0
    service.instance.id: bb25e7a8-9ced-49c8-9e52-fd74b67e7fff
    telemetry.sdk.name: opentelemetry
    telemetry.sdk.language: dotnet
    telemetry.sdk.version: 1.8.1
[06:44:15 DBG] Removed cache value for key: entity:window:06c7ae80a0e94473a6b20f4999c68a2b {"SourceContext": "Infrastructure.Services.Caching.InMemoryCacheService", "ActionId": "e6411f32-6e8a-4d7f-88f2-3d9b4024ca0b", "ActionName": "Api.Controllers.WindowsController.Create (Api)", "RequestId": "0HNFGVQB4PDHK", "RequestPath": "/api/windows", "Application": "Crud.Api"}
[06:44:15 DBG] Removed cache value for key: list:window {"SourceContext": "Infrastructure.Services.Caching.InMemoryCacheService", "ActionId": "e6411f32-6e8a-4d7f-88f2-3d9b4024ca0b", "ActionName": "Api.Controllers.WindowsController.Create (Api)", "RequestId": "0HNFGVQB4PDHK", "RequestPath": "/api/windows", "Application": "Crud.Api"}
[06:44:15 DBG] Invalidating cache for entity type: windows with tag: windows {"SourceContext": "Api.Services.OutputCacheInvalidationService", "ActionId": "e6411f32-6e8a-4d7f-88f2-3d9b4024ca0b", "ActionName": "Api.Controllers.WindowsController.Create (Api)", "RequestId": "0HNFGVQB4PDHK", "RequestPath": "/api/windows", "Application": "Crud.Api"}
[06:44:15 INF] Successfully invalidated cache for entity type: windows {"SourceContext": "Api.Services.OutputCacheInvalidationService", "ActionId": "e6411f32-6e8a-4d7f-88f2-3d9b4024ca0b", "ActionName": "Api.Controllers.WindowsController.Create (Api)", "RequestId": "0HNFGVQB4PDHK", "RequestPath": "/api/windows", "Application": "Crud.Api"}
Activity.TraceId:            e8c165527445b95ca09c3ac20632349f
Activity.SpanId:             1dde8693f339a47f
Activity.TraceFlags:         Recorded
Activity.ActivitySourceName: Microsoft.AspNetCore
Activity.DisplayName:        POST api/Windows
Activity.Kind:               Server
Activity.StartTime:          2025-09-11T06:44:15.1931695Z
Activity.Duration:           00:00:00.0020246
Activity.Tags:
    server.address: localhost
    http.request.method: POST
    url.scheme: http
    url.path: /api/windows
    network.protocol.version: 1.1
    http.route: api/Windows
    http.response.status_code: 201
Resource associated with Activity:
    deployment.environment: Testing
    service.name: Crud.Api
    service.version: 1.0.0
    service.instance.id: bb25e7a8-9ced-49c8-9e52-fd74b67e7fff
    telemetry.sdk.name: opentelemetry
    telemetry.sdk.language: dotnet
    telemetry.sdk.version: 1.8.1
[06:44:15 INF] User registered successfully: 77f9e448-beca-46a8-b8bd-264ffae2b6b8 {"SourceContext": "App.Features.Authentication.RegisterUserCommandHandler", "ActionId": "c39ba5d7-1739-4788-b4c1-48a184010d31", "ActionName": "Api.Controllers.AuthController.Register (Api)", "RequestId": "0HNFGVQB4PDHL", "RequestPath": "/api/auth/register", "Application": "Crud.Api"}
Activity.TraceId:            0158c60ed67afedf4f88d0687c95a574
Activity.SpanId:             e9085374c897f911
Activity.TraceFlags:         Recorded
Activity.ActivitySourceName: Microsoft.AspNetCore
Activity.DisplayName:        POST api/Auth/register
Activity.Kind:               Server
Activity.StartTime:          2025-09-11T06:44:15.2959756Z
Activity.Duration:           00:00:00.2999327
Activity.Tags:
    server.address: localhost
    http.request.method: POST
    url.scheme: http
    url.path: /api/auth/register
    network.protocol.version: 1.1
    http.route: api/Auth/register
    http.response.status_code: 200
Resource associated with Activity:
    deployment.environment: Testing
    service.name: Crud.Api
    service.version: 1.0.0
    service.instance.id: bb25e7a8-9ced-49c8-9e52-fd74b67e7fff
    telemetry.sdk.name: opentelemetry
    telemetry.sdk.language: dotnet
    telemetry.sdk.version: 1.8.1
[06:44:15 INF] User logged in successfully: 77f9e448-beca-46a8-b8bd-264ffae2b6b8 {"SourceContext": "App.Features.Authentication.LoginCommandHandler", "ActionId": "e15c920d-5db7-489f-a7e4-ac51fce12eef", "ActionName": "Api.Controllers.AuthController.Login (Api)", "RequestId": "0HNFGVQB4PDHM", "RequestPath": "/api/auth/login", "Application": "Crud.Api"}
Activity.TraceId:            e99c8b6e4f642d5e3992973af822685e
Activity.SpanId:             d5d2d5879822acea
Activity.TraceFlags:         Recorded
Activity.ActivitySourceName: Microsoft.AspNetCore
Activity.DisplayName:        POST api/Auth/login
Activity.Kind:               Server
Activity.StartTime:          2025-09-11T06:44:15.5970987Z
Activity.Duration:           00:00:00.2987493
Activity.Tags:
    server.address: localhost
    http.request.method: POST
    url.scheme: http
    url.path: /api/auth/login
    network.protocol.version: 1.1
    http.route: api/Auth/login
    http.response.status_code: 200
Resource associated with Activity:
    deployment.environment: Testing
    service.name: Crud.Api
    service.version: 1.0.0
    service.instance.id: bb25e7a8-9ced-49c8-9e52-fd74b67e7fff
    telemetry.sdk.name: opentelemetry
    telemetry.sdk.language: dotnet
    telemetry.sdk.version: 1.8.1
[06:44:15 DBG] Cache miss for key: entity:window:06c7ae80a0e94473a6b20f4999c68a2b {"SourceContext": "Infrastructure.Services.Caching.InMemoryCacheService", "ActionId": "cd089150-f7b0-4073-998a-6faecb768da8", "ActionName": "Api.Controllers.WindowsController.Update (Api)", "RequestId": "0HNFGVQB4PDHN", "RequestPath": "/api/windows/06c7ae80-a0e9-4473-a6b2-0f4999c68a2b", "Application": "Crud.Api"}
[06:44:15 DBG] Set cache value for key: entity:window:06c7ae80a0e94473a6b20f4999c68a2b {"SourceContext": "Infrastructure.Services.Caching.InMemoryCacheService", "ActionId": "cd089150-f7b0-4073-998a-6faecb768da8", "ActionName": "Api.Controllers.WindowsController.Update (Api)", "RequestId": "0HNFGVQB4PDHN", "RequestPath": "/api/windows/06c7ae80-a0e9-4473-a6b2-0f4999c68a2b", "Application": "Crud.Api"}
[06:44:15 DBG] Removed cache value for key: entity:window:06c7ae80a0e94473a6b20f4999c68a2b {"SourceContext": "Infrastructure.Services.Caching.InMemoryCacheService", "ActionId": "cd089150-f7b0-4073-998a-6faecb768da8", "ActionName": "Api.Controllers.WindowsController.Update (Api)", "RequestId": "0HNFGVQB4PDHN", "RequestPath": "/api/windows/06c7ae80-a0e9-4473-a6b2-0f4999c68a2b", "Application": "Crud.Api"}
[06:44:15 DBG] Removed cache value for key: list:window {"SourceContext": "Infrastructure.Services.Caching.InMemoryCacheService", "ActionId": "cd089150-f7b0-4073-998a-6faecb768da8", "ActionName": "Api.Controllers.WindowsController.Update (Api)", "RequestId": "0HNFGVQB4PDHN", "RequestPath": "/api/windows/06c7ae80-a0e9-4473-a6b2-0f4999c68a2b", "Application": "Crud.Api"}
[06:44:15 DBG] Invalidating cache for entity: windows/06c7ae80-a0e9-4473-a6b2-0f4999c68a2b with tags: windows, windows:06c7ae80-a0e9-4473-a6b2-0f4999c68a2b {"SourceContext": "Api.Services.OutputCacheInvalidationService", "ActionId": "cd089150-f7b0-4073-998a-6faecb768da8", "ActionName": "Api.Controllers.WindowsController.Update (Api)", "RequestId": "0HNFGVQB4PDHN", "RequestPath": "/api/windows/06c7ae80-a0e9-4473-a6b2-0f4999c68a2b", "Application": "Crud.Api"}
[06:44:15 DBG] Successfully invalidated cache for tag: windows {"SourceContext": "Api.Services.OutputCacheInvalidationService", "ActionId": "cd089150-f7b0-4073-998a-6faecb768da8", "ActionName": "Api.Controllers.WindowsController.Update (Api)", "RequestId": "0HNFGVQB4PDHN", "RequestPath": "/api/windows/06c7ae80-a0e9-4473-a6b2-0f4999c68a2b", "Application": "Crud.Api"}
[06:44:15 DBG] Successfully invalidated cache for tag: windows:06c7ae80-a0e9-4473-a6b2-0f4999c68a2b {"SourceContext": "Api.Services.OutputCacheInvalidationService", "ActionId": "cd089150-f7b0-4073-998a-6faecb768da8", "ActionName": "Api.Controllers.WindowsController.Update (Api)", "RequestId": "0HNFGVQB4PDHN", "RequestPath": "/api/windows/06c7ae80-a0e9-4473-a6b2-0f4999c68a2b", "Application": "Crud.Api"}
Activity.TraceId:            91f136a264f84ec02941d2654c031aa9
Activity.SpanId:             e3ea188415d70cd7
Activity.TraceFlags:         Recorded
Activity.ActivitySourceName: Microsoft.AspNetCore
Activity.DisplayName:        PUT api/Windows/{id:guid}
Activity.Kind:               Server
Activity.StartTime:          2025-09-11T06:44:15.8961397Z
Activity.Duration:           00:00:00.0027741
Activity.Tags:
    server.address: localhost
    http.request.method: PUT
    url.scheme: http
    url.path: /api/windows/06c7ae80-a0e9-4473-a6b2-0f4999c68a2b
    network.protocol.version: 1.1
    http.route: api/Windows/{id:guid}
    http.response.status_code: 204
Resource associated with Activity:
    deployment.environment: Testing
    service.name: Crud.Api
    service.version: 1.0.0
    service.instance.id: bb25e7a8-9ced-49c8-9e52-fd74b67e7fff
    telemetry.sdk.name: opentelemetry
    telemetry.sdk.language: dotnet
    telemetry.sdk.version: 1.8.1
[06:44:16 INF] User registered successfully: 297660a5-5419-4106-ae87-469a62c1a679 {"SourceContext": "App.Features.Authentication.RegisterUserCommandHandler", "ActionId": "c39ba5d7-1739-4788-b4c1-48a184010d31", "ActionName": "Api.Controllers.AuthController.Register (Api)", "RequestId": "0HNFGVQB4PDHO", "RequestPath": "/api/auth/register", "Application": "Crud.Api"}
Activity.TraceId:            6c8fed7e42068a10a910965f7cc436fc
Activity.SpanId:             2be900ae088f7158
Activity.TraceFlags:         Recorded
Activity.ActivitySourceName: Microsoft.AspNetCore
Activity.DisplayName:        POST api/Auth/register
Activity.Kind:               Server
Activity.StartTime:          2025-09-11T06:44:15.8991627Z
Activity.Duration:           00:00:00.3013894
Activity.Tags:
    server.address: localhost
    http.request.method: POST
    url.scheme: http
    url.path: /api/auth/register
    network.protocol.version: 1.1
    http.route: api/Auth/register
    http.response.status_code: 200
Resource associated with Activity:
    deployment.environment: Testing
    service.name: Crud.Api
    service.version: 1.0.0
    service.instance.id: bb25e7a8-9ced-49c8-9e52-fd74b67e7fff
    telemetry.sdk.name: opentelemetry
    telemetry.sdk.language: dotnet
    telemetry.sdk.version: 1.8.1
[06:44:16 DBG] Cache miss for key: entity:window:06c7ae80a0e94473a6b20f4999c68a2b {"SourceContext": "Infrastructure.Services.Caching.InMemoryCacheService", "ActionId": "f4bb46ab-c4e0-4b1d-a4c3-8f4380cdde58", "ActionName": "Api.Controllers.WindowsController.Get (Api)", "RequestId": "0HNFGVQB4PDHP", "RequestPath": "/api/windows/06c7ae80-a0e9-4473-a6b2-0f4999c68a2b", "Application": "Crud.Api"}
[06:44:16 DBG] Set cache value for key: entity:window:06c7ae80a0e94473a6b20f4999c68a2b {"SourceContext": "Infrastructure.Services.Caching.InMemoryCacheService", "ActionId": "f4bb46ab-c4e0-4b1d-a4c3-8f4380cdde58", "ActionName": "Api.Controllers.WindowsController.Get (Api)", "RequestId": "0HNFGVQB4PDHP", "RequestPath": "/api/windows/06c7ae80-a0e9-4473-a6b2-0f4999c68a2b", "Application": "Crud.Api"}
Activity.TraceId:            196eb184ebd40e347a2e26d307e992a0
Activity.SpanId:             7b1b7ba3b81cf228
Activity.TraceFlags:         Recorded
Activity.ActivitySourceName: Microsoft.AspNetCore
Activity.DisplayName:        GET api/Windows/{id:guid}
Activity.Kind:               Server
Activity.StartTime:          2025-09-11T06:44:16.2009008Z
Activity.Duration:           00:00:00.0017722
Activity.Tags:
    server.address: localhost
    http.request.method: GET
    url.scheme: http
    url.path: /api/windows/06c7ae80-a0e9-4473-a6b2-0f4999c68a2b
    network.protocol.version: 1.1
    http.route: api/Windows/{id:guid}
    http.response.status_code: 200
Resource associated with Activity:
    deployment.environment: Testing
    service.name: Crud.Api
    service.version: 1.0.0
    service.instance.id: bb25e7a8-9ced-49c8-9e52-fd74b67e7fff
    telemetry.sdk.name: opentelemetry
    telemetry.sdk.language: dotnet
    telemetry.sdk.version: 1.8.1
[06:44:16 INF] User registered successfully: 0418fa57-adeb-4067-ad4e-3b4622c9bc67 {"SourceContext": "App.Features.Authentication.RegisterUserCommandHandler", "ActionId": "c39ba5d7-1739-4788-b4c1-48a184010d31", "ActionName": "Api.Controllers.AuthController.Register (Api)", "RequestId": "0HNFGVQB4PDHQ", "RequestPath": "/api/auth/register", "Application": "Crud.Api"}
Activity.TraceId:            0a962d2e505e95bb41e30d7229331db0
Activity.SpanId:             67db1af84c3d1bfa
Activity.TraceFlags:         Recorded
Activity.ActivitySourceName: Microsoft.AspNetCore
Activity.DisplayName:        POST api/Auth/register
Activity.Kind:               Server
Activity.StartTime:          2025-09-11T06:44:16.2053927Z
Activity.Duration:           00:00:00.3016058
Activity.Tags:
    server.address: localhost
    http.request.method: POST
    url.scheme: http
    url.path: /api/auth/register
    network.protocol.version: 1.1
    http.route: api/Auth/register
    http.response.status_code: 200
Resource associated with Activity:
    deployment.environment: Testing
    service.name: Crud.Api
    service.version: 1.0.0
    service.instance.id: bb25e7a8-9ced-49c8-9e52-fd74b67e7fff
    telemetry.sdk.name: opentelemetry
    telemetry.sdk.language: dotnet
    telemetry.sdk.version: 1.8.1
[06:44:16 INF] User logged in successfully: 0418fa57-adeb-4067-ad4e-3b4622c9bc67 {"SourceContext": "App.Features.Authentication.LoginCommandHandler", "ActionId": "e15c920d-5db7-489f-a7e4-ac51fce12eef", "ActionName": "Api.Controllers.AuthController.Login (Api)", "RequestId": "0HNFGVQB4PDHR", "RequestPath": "/api/auth/login", "Application": "Crud.Api"}
Activity.TraceId:            2dae7d73d9fc856595883ac0abbefc11
Activity.SpanId:             1de6074c5f5bee52
Activity.TraceFlags:         Recorded
Activity.ActivitySourceName: Microsoft.AspNetCore
Activity.DisplayName:        POST api/Auth/login
Activity.Kind:               Server
Activity.StartTime:          2025-09-11T06:44:16.5088296Z
Activity.Duration:           00:00:00.3008380
Activity.Tags:
    server.address: localhost
    http.request.method: POST
    url.scheme: http
    url.path: /api/auth/login
    network.protocol.version: 1.1
    http.route: api/Auth/login
    http.response.status_code: 200
Resource associated with Activity:
    deployment.environment: Testing
    service.name: Crud.Api
    service.version: 1.0.0
    service.instance.id: bb25e7a8-9ced-49c8-9e52-fd74b67e7fff
    telemetry.sdk.name: opentelemetry
    telemetry.sdk.language: dotnet
    telemetry.sdk.version: 1.8.1
[06:44:16 DBG] Cache miss for key: entity:window:cf3c0d9af7e9497fbb2ab890f90c14c1 {"SourceContext": "Infrastructure.Services.Caching.InMemoryCacheService", "ActionId": "cd089150-f7b0-4073-998a-6faecb768da8", "ActionName": "Api.Controllers.WindowsController.Update (Api)", "RequestId": "0HNFGVQB4PDHS", "RequestPath": "/api/windows/cf3c0d9a-f7e9-497f-bb2a-b890f90c14c1", "Application": "Crud.Api"}
Activity.TraceId:            35f7fe94088454c63a5f42cb7ca3cce8
Activity.SpanId:             7fd72a3ebe4c49a6
Activity.TraceFlags:         Recorded
Activity.ActivitySourceName: Microsoft.AspNetCore
Activity.DisplayName:        PUT api/Windows/{id:guid}
Activity.Kind:               Server
Activity.StartTime:          2025-09-11T06:44:16.8105867Z
Activity.Duration:           00:00:00.0020458
Activity.Tags:
    server.address: localhost
    http.request.method: PUT
    url.scheme: http
    url.path: /api/windows/cf3c0d9a-f7e9-497f-bb2a-b890f90c14c1
    network.protocol.version: 1.1
    http.route: api/Windows/{id:guid}
    http.response.status_code: 404
Resource associated with Activity:
    deployment.environment: Testing
    service.name: Crud.Api
    service.version: 1.0.0
    service.instance.id: bb25e7a8-9ced-49c8-9e52-fd74b67e7fff
    telemetry.sdk.name: opentelemetry
    telemetry.sdk.language: dotnet
    telemetry.sdk.version: 1.8.1
[06:44:17 INF] User registered successfully: 3d6ebf98-ca67-483a-aef0-c564ddc9ba4b {"SourceContext": "App.Features.Authentication.RegisterUserCommandHandler", "ActionId": "c39ba5d7-1739-4788-b4c1-48a184010d31", "ActionName": "Api.Controllers.AuthController.Register (Api)", "RequestId": "0HNFGVQB4PDHT", "RequestPath": "/api/auth/register", "Application": "Crud.Api"}
Activity.TraceId:            4debeb0daf76a6830ba5ccfad75f1178
Activity.SpanId:             fd3f9074d8540579
Activity.TraceFlags:         Recorded
Activity.ActivitySourceName: Microsoft.AspNetCore
Activity.DisplayName:        POST api/Auth/register
Activity.Kind:               Server
Activity.StartTime:          2025-09-11T06:44:16.8148061Z
Activity.Duration:           00:00:00.2989957
Activity.Tags:
    server.address: localhost
    http.request.method: POST
    url.scheme: http
    url.path: /api/auth/register
    network.protocol.version: 1.1
    http.route: api/Auth/register
    http.response.status_code: 200
Resource associated with Activity:
    deployment.environment: Testing
    service.name: Crud.Api
    service.version: 1.0.0
    service.instance.id: bb25e7a8-9ced-49c8-9e52-fd74b67e7fff
    telemetry.sdk.name: opentelemetry
    telemetry.sdk.language: dotnet
    telemetry.sdk.version: 1.8.1
[06:44:17 INF] User logged in successfully: 3d6ebf98-ca67-483a-aef0-c564ddc9ba4b {"SourceContext": "App.Features.Authentication.LoginCommandHandler", "ActionId": "e15c920d-5db7-489f-a7e4-ac51fce12eef", "ActionName": "Api.Controllers.AuthController.Login (Api)", "RequestId": "0HNFGVQB4PDHU", "RequestPath": "/api/auth/login", "Application": "Crud.Api"}
Activity.TraceId:            29aeff413e827b26e05376c9d95c1e90
Activity.SpanId:             19fe2dd57472b7f8
Activity.TraceFlags:         Recorded
Activity.ActivitySourceName: Microsoft.AspNetCore
Activity.DisplayName:        POST api/Auth/login
Activity.Kind:               Server
Activity.StartTime:          2025-09-11T06:44:17.1152460Z
Activity.Duration:           00:00:00.2997230
Activity.Tags:
    server.address: localhost
    http.request.method: POST
    url.scheme: http
    url.path: /api/auth/login
    network.protocol.version: 1.1
    http.route: api/Auth/login
    http.response.status_code: 200
Resource associated with Activity:
    deployment.environment: Testing
    service.name: Crud.Api
    service.version: 1.0.0
    service.instance.id: bb25e7a8-9ced-49c8-9e52-fd74b67e7fff
    telemetry.sdk.name: opentelemetry
    telemetry.sdk.language: dotnet
    telemetry.sdk.version: 1.8.1
[06:44:17 DBG] Removed cache value for key: entity:window:22b00c7b8aa34b1b9d691656a324dedd {"SourceContext": "Infrastructure.Services.Caching.InMemoryCacheService", "ActionId": "e6411f32-6e8a-4d7f-88f2-3d9b4024ca0b", "ActionName": "Api.Controllers.WindowsController.Create (Api)", "RequestId": "0HNFGVQB4PDHV", "RequestPath": "/api/windows", "Application": "Crud.Api"}
[06:44:17 DBG] Removed cache value for key: list:window {"SourceContext": "Infrastructure.Services.Caching.InMemoryCacheService", "ActionId": "e6411f32-6e8a-4d7f-88f2-3d9b4024ca0b", "ActionName": "Api.Controllers.WindowsController.Create (Api)", "RequestId": "0HNFGVQB4PDHV", "RequestPath": "/api/windows", "Application": "Crud.Api"}
[06:44:17 DBG] Invalidating cache for entity type: windows with tag: windows {"SourceContext": "Api.Services.OutputCacheInvalidationService", "ActionId": "e6411f32-6e8a-4d7f-88f2-3d9b4024ca0b", "ActionName": "Api.Controllers.WindowsController.Create (Api)", "RequestId": "0HNFGVQB4PDHV", "RequestPath": "/api/windows", "Application": "Crud.Api"}
[06:44:17 INF] Successfully invalidated cache for entity type: windows {"SourceContext": "Api.Services.OutputCacheInvalidationService", "ActionId": "e6411f32-6e8a-4d7f-88f2-3d9b4024ca0b", "ActionName": "Api.Controllers.WindowsController.Create (Api)", "RequestId": "0HNFGVQB4PDHV", "RequestPath": "/api/windows", "Application": "Crud.Api"}
Activity.TraceId:            ee1516bdb08ba33f6b239bdadedf978b
Activity.SpanId:             1d7ec13d860269ba
Activity.TraceFlags:         Recorded
Activity.ActivitySourceName: Microsoft.AspNetCore
Activity.DisplayName:        POST api/Windows
Activity.Kind:               Server
Activity.StartTime:          2025-09-11T06:44:17.4166362Z
Activity.Duration:           00:00:00.0022286
Activity.Tags:
    server.address: localhost
    http.request.method: POST
    url.scheme: http
    url.path: /api/windows
    network.protocol.version: 1.1
    http.route: api/Windows
    http.response.status_code: 201
Resource associated with Activity:
    deployment.environment: Testing
    service.name: Crud.Api
    service.version: 1.0.0
    service.instance.id: bb25e7a8-9ced-49c8-9e52-fd74b67e7fff
    telemetry.sdk.name: opentelemetry
    telemetry.sdk.language: dotnet
    telemetry.sdk.version: 1.8.1
[06:44:17 INF] User registered successfully: 662015e3-139f-4b59-86af-39f63763def5 {"SourceContext": "App.Features.Authentication.RegisterUserCommandHandler", "ActionId": "c39ba5d7-1739-4788-b4c1-48a184010d31", "ActionName": "Api.Controllers.AuthController.Register (Api)", "RequestId": "0HNFGVQB4PDI0", "RequestPath": "/api/auth/register", "Application": "Crud.Api"}
Activity.TraceId:            8155fb93bce043929aebe1d0972f4531
Activity.SpanId:             be69a194f6137486
Activity.TraceFlags:         Recorded
Activity.ActivitySourceName: Microsoft.AspNetCore
Activity.DisplayName:        POST api/Auth/register
Activity.Kind:               Server
Activity.StartTime:          2025-09-11T06:44:17.4210660Z
Activity.Duration:           00:00:00.3002401
Activity.Tags:
    server.address: localhost
    http.request.method: POST
    url.scheme: http
    url.path: /api/auth/register
    network.protocol.version: 1.1
    http.route: api/Auth/register
    http.response.status_code: 200
Resource associated with Activity:
    deployment.environment: Testing
    service.name: Crud.Api
    service.version: 1.0.0
    service.instance.id: bb25e7a8-9ced-49c8-9e52-fd74b67e7fff
    telemetry.sdk.name: opentelemetry
    telemetry.sdk.language: dotnet
    telemetry.sdk.version: 1.8.1
[06:44:18 INF] User logged in successfully: 662015e3-139f-4b59-86af-39f63763def5 {"SourceContext": "App.Features.Authentication.LoginCommandHandler", "ActionId": "e15c920d-5db7-489f-a7e4-ac51fce12eef", "ActionName": "Api.Controllers.AuthController.Login (Api)", "RequestId": "0HNFGVQB4PDI1", "RequestPath": "/api/auth/login", "Application": "Crud.Api"}
Activity.TraceId:            5fda26486f01e5007a2c8a8f135c67c7
Activity.SpanId:             6805b026b46c2b0e
Activity.TraceFlags:         Recorded
Activity.ActivitySourceName: Microsoft.AspNetCore
Activity.DisplayName:        POST api/Auth/login
Activity.Kind:               Server
Activity.StartTime:          2025-09-11T06:44:17.7234289Z
Activity.Duration:           00:00:00.2990243
Activity.Tags:
    server.address: localhost
    http.request.method: POST
    url.scheme: http
    url.path: /api/auth/login
    network.protocol.version: 1.1
    http.route: api/Auth/login
    http.response.status_code: 200
Resource associated with Activity:
    deployment.environment: Testing
    service.name: Crud.Api
    service.version: 1.0.0
    service.instance.id: bb25e7a8-9ced-49c8-9e52-fd74b67e7fff
    telemetry.sdk.name: opentelemetry
    telemetry.sdk.language: dotnet
    telemetry.sdk.version: 1.8.1
[06:44:18 DBG] Removed cache value for key: entity:window:69ab27cd82294193b9b28abc720638ac {"SourceContext": "Infrastructure.Services.Caching.InMemoryCacheService", "ActionId": "9cae40c6-9356-46d0-9892-f9741f19c939", "ActionName": "Api.Controllers.WindowsController.Delete (Api)", "RequestId": "0HNFGVQB4PDI2", "RequestPath": "/api/windows/69ab27cd-8229-4193-b9b2-8abc720638ac", "Application": "Crud.Api"}
[06:44:18 DBG] Removed cache value for key: list:window {"SourceContext": "Infrastructure.Services.Caching.InMemoryCacheService", "ActionId": "9cae40c6-9356-46d0-9892-f9741f19c939", "ActionName": "Api.Controllers.WindowsController.Delete (Api)", "RequestId": "0HNFGVQB4PDI2", "RequestPath": "/api/windows/69ab27cd-8229-4193-b9b2-8abc720638ac", "Application": "Crud.Api"}
[06:44:18 DBG] Invalidating cache for entity: windows/69ab27cd-8229-4193-b9b2-8abc720638ac with tags: windows, windows:69ab27cd-8229-4193-b9b2-8abc720638ac {"SourceContext": "Api.Services.OutputCacheInvalidationService", "ActionId": "9cae40c6-9356-46d0-9892-f9741f19c939", "ActionName": "Api.Controllers.WindowsController.Delete (Api)", "RequestId": "0HNFGVQB4PDI2", "RequestPath": "/api/windows/69ab27cd-8229-4193-b9b2-8abc720638ac", "Application": "Crud.Api"}
[06:44:18 DBG] Successfully invalidated cache for tag: windows {"SourceContext": "Api.Services.OutputCacheInvalidationService", "ActionId": "9cae40c6-9356-46d0-9892-f9741f19c939", "ActionName": "Api.Controllers.WindowsController.Delete (Api)", "RequestId": "0HNFGVQB4PDI2", "RequestPath": "/api/windows/69ab27cd-8229-4193-b9b2-8abc720638ac", "Application": "Crud.Api"}
[06:44:18 DBG] Successfully invalidated cache for tag: windows:69ab27cd-8229-4193-b9b2-8abc720638ac {"SourceContext": "Api.Services.OutputCacheInvalidationService", "ActionId": "9cae40c6-9356-46d0-9892-f9741f19c939", "ActionName": "Api.Controllers.WindowsController.Delete (Api)", "RequestId": "0HNFGVQB4PDI2", "RequestPath": "/api/windows/69ab27cd-8229-4193-b9b2-8abc720638ac", "Application": "Crud.Api"}
Activity.TraceId:            5308e45b3166eba8cc7b09237f675ca1
Activity.SpanId:             6357b48905a273bf
Activity.TraceFlags:         Recorded
Activity.ActivitySourceName: Microsoft.AspNetCore
Activity.DisplayName:        DELETE api/Windows/{id:guid}
Activity.Kind:               Server
Activity.StartTime:          2025-09-11T06:44:18.0236005Z
Activity.Duration:           00:00:00.0019787
Activity.Tags:
    server.address: localhost
    http.request.method: DELETE
    url.scheme: http
    url.path: /api/windows/69ab27cd-8229-4193-b9b2-8abc720638ac
    network.protocol.version: 1.1
    http.route: api/Windows/{id:guid}
    http.response.status_code: 204
Resource associated with Activity:
    deployment.environment: Testing
    service.name: Crud.Api
    service.version: 1.0.0
    service.instance.id: bb25e7a8-9ced-49c8-9e52-fd74b67e7fff
    telemetry.sdk.name: opentelemetry
    telemetry.sdk.language: dotnet
    telemetry.sdk.version: 1.8.1
[06:44:18 INF] Resetting database for worker 11578 {"SourceContext": "Infrastructure.Services.DatabaseTestService", "Application": "Crud.Api"}
[06:44:18 INF] Resetting database via file deletion for worker 11578 in CI environment {"SourceContext": "Infrastructure.Services.DatabaseTestService", "Application": "Crud.Api"}
[06:44:18 INF] Acquiring database mutex for worker 11578... {"SourceContext": "Infrastructure.Services.DatabaseTestService", "Application": "Crud.Api"}
[06:44:18 INF] Database mutex acquired for worker 11578 {"SourceContext": "Infrastructure.Services.DatabaseTestService", "Application": "Crud.Api"}
[06:44:18 INF] Current database state - CanConnect: True {"SourceContext": "Infrastructure.Services.DatabaseTestService", "Application": "Crud.Api"}
[06:44:18 INF] [Phase 0] Closing database connection for worker 11578... {"SourceContext": "Infrastructure.Services.DatabaseTestService", "Application": "Crud.Api"}
[06:44:18 INF] [Phase 0] Connection closed in 0.0737ms {"SourceContext": "Infrastructure.Services.DatabaseTestService", "Application": "Crud.Api"}
[06:44:18 INF] [Phase 1] Starting EnsureDeletedAsync for worker 11578... {"SourceContext": "Infrastructure.Services.DatabaseTestService", "Application": "Crud.Api"}
[06:44:18 INF] [Phase 1] EnsureDeletedAsync completed in 3.7175ms {"SourceContext": "Infrastructure.Services.DatabaseTestService", "Application": "Crud.Api"}
[06:44:18 INF] [Phase 2] Starting EnsureCreatedAsync for worker 11578... {"SourceContext": "Infrastructure.Services.DatabaseTestService", "Application": "Crud.Api"}
[06:44:18 WRN] The property 'User.Roles' is a collection or enumeration type with a value converter but with no value comparer. Set a value comparer to ensure the collection/enumeration elements are compared correctly. {"EventId": {"Id": 10620, "Name": "Microsoft.EntityFrameworkCore.Model.Validation.CollectionWithoutComparer"}, "SourceContext": "Microsoft.EntityFrameworkCore.Model.Validation", "Application": "Crud.Api"}
[06:44:18 INF] [Phase 2] EnsureCreatedAsync completed in 51.5776ms {"SourceContext": "Infrastructure.Services.DatabaseTestService", "Application": "Crud.Api"}
[06:44:18 INF] [Phase 3] Skipping database seeding as requested for worker 11578 {"SourceContext": "Infrastructure.Services.DatabaseTestService", "Application": "Crud.Api"}
[06:44:18 INF] Database reset via file deletion completed for worker 11578 in 158.2462ms (Close: 0.0737ms, Delete: 3.7175ms, Create: 51.5776ms) {"SourceContext": "Infrastructure.Services.DatabaseTestService", "Application": "Crud.Api"}
[06:44:18 INF] Releasing database mutex for worker 11578 {"SourceContext": "Infrastructure.Services.DatabaseTestService", "Application": "Crud.Api"}
[06:44:18 INF] User registered successfully: e9625e1a-9955-4674-b5ea-e5bd88410276 {"SourceContext": "App.Features.Authentication.RegisterUserCommandHandler", "ActionId": "c39ba5d7-1739-4788-b4c1-48a184010d31", "ActionName": "Api.Controllers.AuthController.Register (Api)", "RequestId": "0HNFGVQB4PDI3", "RequestPath": "/api/auth/register", "Application": "Crud.Api"}
Activity.TraceId:            29bda81c7cdb0a88064011f025fd5148
Activity.SpanId:             e94beff686001df5
Activity.TraceFlags:         Recorded
Activity.ActivitySourceName: Microsoft.AspNetCore
Activity.DisplayName:        POST api/Auth/register
Activity.Kind:               Server
Activity.StartTime:          2025-09-11T06:44:18.1914109Z
Activity.Duration:           00:00:00.3014564
Activity.Tags:
    server.address: localhost
    http.request.method: POST
    url.scheme: http
    url.path: /api/auth/register
    network.protocol.version: 1.1
    http.route: api/Auth/register
    http.response.status_code: 200
Resource associated with Activity:
    deployment.environment: Testing
    service.name: Crud.Api
    service.version: 1.0.0
    service.instance.id: bb25e7a8-9ced-49c8-9e52-fd74b67e7fff
    telemetry.sdk.name: opentelemetry
    telemetry.sdk.language: dotnet
    telemetry.sdk.version: 1.8.1
[06:44:18 DBG] Cache miss for key: list:window {"SourceContext": "Infrastructure.Services.Caching.InMemoryCacheService", "ActionId": "654a8e9b-b894-49ed-833a-4ce2eb6ff316", "ActionName": "Api.Controllers.WindowsController.List (Api)", "RequestId": "0HNFGVQB4PDI4", "RequestPath": "/api/windows", "Application": "Crud.Api"}
[06:44:18 DBG] Set cache value for key: list:window {"SourceContext": "Infrastructure.Services.Caching.InMemoryCacheService", "ActionId": "654a8e9b-b894-49ed-833a-4ce2eb6ff316", "ActionName": "Api.Controllers.WindowsController.List (Api)", "RequestId": "0HNFGVQB4PDI4", "RequestPath": "/api/windows", "Application": "Crud.Api"}
Activity.TraceId:            3945d9352e96b1b79a84a77e455ccc02
Activity.SpanId:             c7cfc70392b9e05b
Activity.TraceFlags:         Recorded
Activity.ActivitySourceName: Microsoft.AspNetCore
Activity.DisplayName:        GET api/Windows
Activity.Kind:               Server
Activity.StartTime:          2025-09-11T06:44:18.4930643Z
Activity.Duration:           00:00:00.0207284
Activity.Tags:
    server.address: localhost
    http.request.method: GET
    url.scheme: http
    url.path: /api/windows
    network.protocol.version: 1.1
    http.route: api/Windows
    http.response.status_code: 200
Resource associated with Activity:
    deployment.environment: Testing
    service.name: Crud.Api
    service.version: 1.0.0
    service.instance.id: bb25e7a8-9ced-49c8-9e52-fd74b67e7fff
    telemetry.sdk.name: opentelemetry
    telemetry.sdk.language: dotnet
    telemetry.sdk.version: 1.8.1
[06:44:18 INF] Resetting database for worker 11578 {"SourceContext": "Infrastructure.Services.DatabaseTestService", "Application": "Crud.Api"}
[06:44:18 INF] Resetting database via file deletion for worker 11578 in CI environment {"SourceContext": "Infrastructure.Services.DatabaseTestService", "Application": "Crud.Api"}
[06:44:18 INF] Acquiring database mutex for worker 11578... {"SourceContext": "Infrastructure.Services.DatabaseTestService", "Application": "Crud.Api"}
[06:44:18 INF] Database mutex acquired for worker 11578 {"SourceContext": "Infrastructure.Services.DatabaseTestService", "Application": "Crud.Api"}
[06:44:18 INF] Current database state - CanConnect: True {"SourceContext": "Infrastructure.Services.DatabaseTestService", "Application": "Crud.Api"}
[06:44:18 INF] [Phase 0] Closing database connection for worker 11578... {"SourceContext": "Infrastructure.Services.DatabaseTestService", "Application": "Crud.Api"}
[06:44:18 INF] [Phase 0] Connection closed in 0.0017ms {"SourceContext": "Infrastructure.Services.DatabaseTestService", "Application": "Crud.Api"}
[06:44:18 INF] [Phase 1] Starting EnsureDeletedAsync for worker 11578... {"SourceContext": "Infrastructure.Services.DatabaseTestService", "Application": "Crud.Api"}
[06:44:18 INF] [Phase 1] EnsureDeletedAsync completed in 1.2979ms {"SourceContext": "Infrastructure.Services.DatabaseTestService", "Application": "Crud.Api"}
[06:44:18 INF] [Phase 2] Starting EnsureCreatedAsync for worker 11578... {"SourceContext": "Infrastructure.Services.DatabaseTestService", "Application": "Crud.Api"}
[06:44:18 INF] [Phase 2] EnsureCreatedAsync completed in 11.3311ms {"SourceContext": "Infrastructure.Services.DatabaseTestService", "Application": "Crud.Api"}
[06:44:18 INF] [Phase 3] Skipping database seeding as requested for worker 11578 {"SourceContext": "Infrastructure.Services.DatabaseTestService", "Application": "Crud.Api"}
[06:44:18 INF] Database reset via file deletion completed for worker 11578 in 113.1975ms (Close: 0.0017ms, Delete: 1.2979ms, Create: 11.3311ms) {"SourceContext": "Infrastructure.Services.DatabaseTestService", "Application": "Crud.Api"}
[06:44:18 INF] Releasing database mutex for worker 11578 {"SourceContext": "Infrastructure.Services.DatabaseTestService", "Application": "Crud.Api"}
Metric Name: http.server.active_requests, Number of active HTTP server requests., Unit: {request}, Meter: Microsoft.AspNetCore.Hosting
(2025-09-11T06:44:04.7409889Z, 2025-09-11T06:44:18.6301997Z] http.request.method: POST url.scheme: http LongSumNonMonotonic
Value: 0
(2025-09-11T06:44:04.7409889Z, 2025-09-11T06:44:18.6301997Z] http.request.method: DELETE url.scheme: http LongSumNonMonotonic
Value: 0
(2025-09-11T06:44:04.7409889Z, 2025-09-11T06:44:18.6301997Z] http.request.method: GET url.scheme: http LongSumNonMonotonic
Value: 0
(2025-09-11T06:44:04.7409889Z, 2025-09-11T06:44:18.6301997Z] http.request.method: PUT url.scheme: http LongSumNonMonotonic
Value: 0
Metric Name: http.server.request.duration, Duration of HTTP server requests., Unit: s, Meter: Microsoft.AspNetCore.Hosting
(2025-09-11T06:44:04.7410121Z, 2025-09-11T06:44:18.6302082Z] http.request.method: POST http.response.status_code: 200 http.route: api/Auth/register network.protocol.version: 1.1 url.scheme: http Histogram
Value: Sum: 7.546481 Count: 25 Min: 0.2984919 Max: 0.3239731 
(-Infinity,0.005]:0
(0.005,0.01]:0
(0.01,0.025]:0
(0.025,0.05]:0
(0.05,0.075]:0
(0.075,0.1]:0
(0.1,0.25]:0
(0.25,0.5]:25
(0.5,0.75]:0
(0.75,1]:0
(1,2.5]:0
(2.5,5]:0
(5,7.5]:0
(7.5,10]:0
(10,+Infinity]:0
(2025-09-11T06:44:04.7410121Z, 2025-09-11T06:44:18.6302082Z] http.request.method: POST http.response.status_code: 200 http.route: api/Auth/login network.protocol.version: 1.1 url.scheme: http Histogram
Value: Sum: 5.5124275 Count: 18 Min: 0.2987411 Max: 0.35317 
(-Infinity,0.005]:0
(0.005,0.01]:0
(0.01,0.025]:0
(0.025,0.05]:0
(0.05,0.075]:0
(0.075,0.1]:0
(0.1,0.25]:0
(0.25,0.5]:18
(0.5,0.75]:0
(0.75,1]:0
(1,2.5]:0
(2.5,5]:0
(5,7.5]:0
(7.5,10]:0
(10,+Infinity]:0
(2025-09-11T06:44:04.7410121Z, 2025-09-11T06:44:18.6302082Z] http.request.method: POST http.response.status_code: 400 http.route: api/Windows network.protocol.version: 1.1 url.scheme: http Histogram
Value: Sum: 0.041979499999999996 Count: 2 Min: 0.0029431 Max: 0.0390364 
(-Infinity,0.005]:1
(0.005,0.01]:0
(0.01,0.025]:0
(0.025,0.05]:1
(0.05,0.075]:0
(0.075,0.1]:0
(0.1,0.25]:0
(0.25,0.5]:0
(0.5,0.75]:0
(0.75,1]:0
(1,2.5]:0
(2.5,5]:0
(5,7.5]:0
(7.5,10]:0
(10,+Infinity]:0
(2025-09-11T06:44:04.7410121Z, 2025-09-11T06:44:18.6302082Z] http.request.method: POST http.response.status_code: 201 http.route: api/Windows network.protocol.version: 1.1 url.scheme: http Histogram
Value: Sum: 0.13202279999999997 Count: 11 Min: 0.0020268 Max: 0.0890284 
(-Infinity,0.005]:8
(0.005,0.01]:1
(0.01,0.025]:1
(0.025,0.05]:0
(0.05,0.075]:0
(0.075,0.1]:1
(0.1,0.25]:0
(0.25,0.5]:0
(0.5,0.75]:0
(0.75,1]:0
(1,2.5]:0
(2.5,5]:0
(5,7.5]:0
(7.5,10]:0
(10,+Infinity]:0
(2025-09-11T06:44:04.7410121Z, 2025-09-11T06:44:18.6302082Z] http.request.method: DELETE http.response.status_code: 204 http.route: api/Windows/{id:guid} network.protocol.version: 1.1 url.scheme: http Histogram
Value: Sum: 0.0287611 Count: 2 Min: 0.0019804 Max: 0.0267807 
(-Infinity,0.005]:1
(0.005,0.01]:0
(0.01,0.025]:0
(0.025,0.05]:1
(0.05,0.075]:0
(0.075,0.1]:0
(0.1,0.25]:0
(0.25,0.5]:0
(0.5,0.75]:0
(0.75,1]:0
(1,2.5]:0
(2.5,5]:0
(5,7.5]:0
(7.5,10]:0
(10,+Infinity]:0
(2025-09-11T06:44:04.7410121Z, 2025-09-11T06:44:18.6302082Z] http.request.method: GET http.response.status_code: 404 http.route: api/Windows/{id:guid} network.protocol.version: 1.1 url.scheme: http Histogram
Value: Sum: 0.0123831 Count: 2 Min: 0.0015259 Max: 0.0108572 
(-Infinity,0.005]:1
(0.005,0.01]:0
(0.01,0.025]:1
(0.025,0.05]:0
(0.05,0.075]:0
(0.075,0.1]:0
(0.1,0.25]:0
(0.25,0.5]:0
(0.5,0.75]:0
(0.75,1]:0
(1,2.5]:0
(2.5,5]:0
(5,7.5]:0
(7.5,10]:0
(10,+Infinity]:0
(2025-09-11T06:44:04.7410121Z, 2025-09-11T06:44:18.6302082Z] http.request.method: GET http.response.status_code: 200 http.route: api/Windows network.protocol.version: 1.1 url.scheme: http Histogram
Value: Sum: 0.0516315 Count: 2 Min: 0.0207244 Max: 0.0309071 
(-Infinity,0.005]:0
(0.005,0.01]:0
(0.01,0.025]:1
(0.025,0.05]:1
(0.05,0.075]:0
(0.075,0.1]:0
(0.1,0.25]:0
(0.25,0.5]:0
(0.5,0.75]:0
(0.75,1]:0
(1,2.5]:0
(2.5,5]:0
(5,7.5]:0
(7.5,10]:0
(10,+Infinity]:0
(2025-09-11T06:44:04.7410121Z, 2025-09-11T06:44:18.6302082Z] http.request.method: PUT http.response.status_code: 204 http.route: api/Windows/{id:guid} network.protocol.version: 1.1 url.scheme: http Histogram
Value: Sum: 0.0184246 Count: 2 Min: 0.0027766 Max: 0.015648 
(-Infinity,0.005]:1
(0.005,0.01]:0
(0.01,0.025]:1
(0.025,0.05]:0
(0.05,0.075]:0
(0.075,0.1]:0
(0.1,0.25]:0
(0.25,0.5]:0
(0.5,0.75]:0
(0.75,1]:0
(1,2.5]:0
(2.5,5]:0
(5,7.5]:0
(7.5,10]:0
(10,+Infinity]:0
(2025-09-11T06:44:04.7410121Z, 2025-09-11T06:44:18.6302082Z] http.request.method: GET http.response.status_code: 200 http.route: api/Windows/{id:guid} network.protocol.version: 1.1 url.scheme: http Histogram
Value: Sum: 0.0091488 Count: 3 Min: 0.0017728 Max: 0.0040658 
(-Infinity,0.005]:3
(0.005,0.01]:0
(0.01,0.025]:0
(0.025,0.05]:0
(0.05,0.075]:0
(0.075,0.1]:0
(0.1,0.25]:0
(0.25,0.5]:0
(0.5,0.75]:0
(0.75,1]:0
(1,2.5]:0
(2.5,5]:0
(5,7.5]:0
(7.5,10]:0
(10,+Infinity]:0
(2025-09-11T06:44:04.7410121Z, 2025-09-11T06:44:18.6302082Z] http.request.method: PUT http.response.status_code: 404 http.route: api/Windows/{id:guid} network.protocol.version: 1.1 url.scheme: http Histogram
Value: Sum: 0.0020334 Count: 1 Min: 0.0020334 Max: 0.0020334 
(-Infinity,0.005]:1
(0.005,0.01]:0
(0.01,0.025]:0
(0.025,0.05]:0
(0.05,0.075]:0
(0.075,0.1]:0
(0.1,0.25]:0
(0.25,0.5]:0
(0.5,0.75]:0
(0.75,1]:0
(1,2.5]:0
(2.5,5]:0
(5,7.5]:0
(7.5,10]:0
(10,+Infinity]:0
Metric Name: aspnetcore.rate_limiting.active_request_leases, Number of HTTP requests that are currently active on the server that hold a rate limiting lease., Unit: {request}, Meter: Microsoft.AspNetCore.RateLimiting
(2025-09-11T06:44:04.7447088Z, 2025-09-11T06:44:18.6302091Z] LongSumNonMonotonic
Value: 0
Metric Name: aspnetcore.rate_limiting.request_lease.duration, The duration of rate limiting leases held by HTTP requests on the server., Unit: s, Meter: Microsoft.AspNetCore.RateLimiting
(2025-09-11T06:44:04.7456498Z, 2025-09-11T06:44:18.6302102Z] Histogram
Value: Sum: 13.3348122 Count: 68 Min: 0.0014098 Max: 0.3529595 
(-Infinity,0.005]:16
(0.005,0.01]:1
(0.01,0.025]:4
(0.025,0.05]:3
(0.05,0.075]:0
(0.075,0.1]:1
(0.1,0.25]:0
(0.25,0.5]:43
(0.5,0.75]:0
(0.75,1]:0
(1,2.5]:0
(2.5,5]:0
(5,7.5]:0
(7.5,10]:0
(10,+Infinity]:0
Metric Name: aspnetcore.rate_limiting.requests, Number of requests that tried to acquire a rate limiting lease. Requests could be rejected by global or endpoint rate limiting policies. Or the request could be canceled while waiting for the lease., Unit: {request}, Meter: Microsoft.AspNetCore.RateLimiting
(2025-09-11T06:44:04.7459310Z, 2025-09-11T06:44:18.6302142Z] aspnetcore.rate_limiting.result: acquired LongSum
Value: 68
Metric Name: aspnetcore.routing.match_attempts, Number of requests that were attempted to be matched to an endpoint., Unit: {match_attempt}, Meter: Microsoft.AspNetCore.Routing
(2025-09-11T06:44:04.7481587Z, 2025-09-11T06:44:18.6302163Z] aspnetcore.routing.is_fallback: false aspnetcore.routing.match_status: success http.route: api/Auth/register LongSum
Value: 25
(2025-09-11T06:44:04.7481587Z, 2025-09-11T06:44:18.6302163Z] aspnetcore.routing.is_fallback: false aspnetcore.routing.match_status: success http.route: api/Auth/login LongSum
Value: 18
(2025-09-11T06:44:04.7481587Z, 2025-09-11T06:44:18.6302163Z] aspnetcore.routing.is_fallback: false aspnetcore.routing.match_status: success http.route: api/Windows LongSum
Value: 15
(2025-09-11T06:44:04.7481587Z, 2025-09-11T06:44:18.6302163Z] aspnetcore.routing.is_fallback: false aspnetcore.routing.match_status: success http.route: api/Windows/{id:guid} LongSum
Value: 10
[06:44:18 INF] Starting Crud API application {"Application": "Crud.Api"}
[06:44:18 INF] Using SQLite provider with connection: Data Source=TestDatabase.db {"Application": "Crud.Api"}
[06:44:18 INF] Database ensured successfully {"Application": "Crud.Api"}
[06:44:18 INF] Application configured successfully. Starting web host... {"Application": "Crud.Api"}
[06:44:18 INF] Resetting database for worker 10667 {"SourceContext": "Infrastructure.Services.DatabaseTestService", "Application": "Crud.Api"}
[06:44:18 INF] Resetting database via file deletion for worker 10667 in CI environment {"SourceContext": "Infrastructure.Services.DatabaseTestService", "Application": "Crud.Api"}
[06:44:18 INF] Acquiring database mutex for worker 10667... {"SourceContext": "Infrastructure.Services.DatabaseTestService", "Application": "Crud.Api"}
[06:44:18 INF] Database mutex acquired for worker 10667 {"SourceContext": "Infrastructure.Services.DatabaseTestService", "Application": "Crud.Api"}
[06:44:18 INF] Current database state - CanConnect: True {"SourceContext": "Infrastructure.Services.DatabaseTestService", "Application": "Crud.Api"}
[06:44:18 INF] [Phase 0] Closing database connection for worker 10667... {"SourceContext": "Infrastructure.Services.DatabaseTestService", "Application": "Crud.Api"}
[06:44:18 INF] [Phase 0] Connection closed in 0.0019ms {"SourceContext": "Infrastructure.Services.DatabaseTestService", "Application": "Crud.Api"}
[06:44:18 INF] [Phase 1] Starting EnsureDeletedAsync for worker 10667... {"SourceContext": "Infrastructure.Services.DatabaseTestService", "Application": "Crud.Api"}
[06:44:18 INF] [Phase 1] EnsureDeletedAsync completed in 1.5275ms {"SourceContext": "Infrastructure.Services.DatabaseTestService", "Application": "Crud.Api"}
[06:44:18 INF] [Phase 2] Starting EnsureCreatedAsync for worker 10667... {"SourceContext": "Infrastructure.Services.DatabaseTestService", "Application": "Crud.Api"}
[06:44:18 INF] [Phase 2] EnsureCreatedAsync completed in 11.6163ms {"SourceContext": "Infrastructure.Services.DatabaseTestService", "Application": "Crud.Api"}
[06:44:18 INF] [Phase 3] Skipping database seeding as requested for worker 10667 {"SourceContext": "Infrastructure.Services.DatabaseTestService", "Application": "Crud.Api"}
[06:44:18 INF] Database reset via file deletion completed for worker 10667 in 113.923ms (Close: 0.0019ms, Delete: 1.5275ms, Create: 11.6163ms) {"SourceContext": "Infrastructure.Services.DatabaseTestService", "Application": "Crud.Api"}
[06:44:18 INF] Releasing database mutex for worker 10667 {"SourceContext": "Infrastructure.Services.DatabaseTestService", "Application": "Crud.Api"}
[06:44:18 DBG] Cache miss for key: entity:person:278234fd14424df2b7f81bdc36be1d83 {"SourceContext": "Infrastructure.Services.Caching.InMemoryCacheService", "Application": "Crud.Api"}
[06:44:18 DBG] Set cache value for key: entity:person:278234fd14424df2b7f81bdc36be1d83 {"SourceContext": "Infrastructure.Services.Caching.InMemoryCacheService", "Application": "Crud.Api"}
[06:44:18 DBG] Removed cache value for key: entity:person:278234fd14424df2b7f81bdc36be1d83 {"SourceContext": "Infrastructure.Services.Caching.InMemoryCacheService", "Application": "Crud.Api"}
[06:44:18 DBG] Removed cache value for key: list:person {"SourceContext": "Infrastructure.Services.Caching.InMemoryCacheService", "Application": "Crud.Api"}
[06:44:18 INF] Resetting database for worker 10667 {"SourceContext": "Infrastructure.Services.DatabaseTestService", "Application": "Crud.Api"}
[06:44:18 INF] Resetting database via file deletion for worker 10667 in CI environment {"SourceContext": "Infrastructure.Services.DatabaseTestService", "Application": "Crud.Api"}
[06:44:18 INF] Acquiring database mutex for worker 10667... {"SourceContext": "Infrastructure.Services.DatabaseTestService", "Application": "Crud.Api"}
[06:44:18 INF] Database mutex acquired for worker 10667 {"SourceContext": "Infrastructure.Services.DatabaseTestService", "Application": "Crud.Api"}
[06:44:18 INF] Current database state - CanConnect: True {"SourceContext": "Infrastructure.Services.DatabaseTestService", "Application": "Crud.Api"}
[06:44:18 INF] [Phase 0] Closing database connection for worker 10667... {"SourceContext": "Infrastructure.Services.DatabaseTestService", "Application": "Crud.Api"}
[06:44:18 INF] [Phase 0] Connection closed in 0.0017ms {"SourceContext": "Infrastructure.Services.DatabaseTestService", "Application": "Crud.Api"}
[06:44:18 INF] [Phase 1] Starting EnsureDeletedAsync for worker 10667... {"SourceContext": "Infrastructure.Services.DatabaseTestService", "Application": "Crud.Api"}
[06:44:18 INF] [Phase 1] EnsureDeletedAsync completed in 1.4695ms {"SourceContext": "Infrastructure.Services.DatabaseTestService", "Application": "Crud.Api"}
[06:44:18 INF] [Phase 2] Starting EnsureCreatedAsync for worker 10667... {"SourceContext": "Infrastructure.Services.DatabaseTestService", "Application": "Crud.Api"}
[06:44:19 INF] [Phase 2] EnsureCreatedAsync completed in 19.4479ms {"SourceContext": "Infrastructure.Services.DatabaseTestService", "Application": "Crud.Api"}
[06:44:19 INF] [Phase 3] Skipping database seeding as requested for worker 10667 {"SourceContext": "Infrastructure.Services.DatabaseTestService", "Application": "Crud.Api"}
[06:44:19 INF] Database reset via file deletion completed for worker 10667 in 121.439ms (Close: 0.0017ms, Delete: 1.4695ms, Create: 19.4479ms) {"SourceContext": "Infrastructure.Services.DatabaseTestService", "Application": "Crud.Api"}
[06:44:19 INF] Releasing database mutex for worker 10667 {"SourceContext": "Infrastructure.Services.DatabaseTestService", "Application": "Crud.Api"}
[06:44:19 INF] Resetting database for worker 10667 {"SourceContext": "Infrastructure.Services.DatabaseTestService", "Application": "Crud.Api"}
[06:44:19 INF] Resetting database via file deletion for worker 10667 in CI environment {"SourceContext": "Infrastructure.Services.DatabaseTestService", "Application": "Crud.Api"}
[06:44:19 INF] Acquiring database mutex for worker 10667... {"SourceContext": "Infrastructure.Services.DatabaseTestService", "Application": "Crud.Api"}
[06:44:19 INF] Database mutex acquired for worker 10667 {"SourceContext": "Infrastructure.Services.DatabaseTestService", "Application": "Crud.Api"}
[06:44:19 INF] Current database state - CanConnect: True {"SourceContext": "Infrastructure.Services.DatabaseTestService", "Application": "Crud.Api"}
[06:44:19 INF] [Phase 0] Closing database connection for worker 10667... {"SourceContext": "Infrastructure.Services.DatabaseTestService", "Application": "Crud.Api"}
[06:44:19 INF] [Phase 0] Connection closed in 0.0016ms {"SourceContext": "Infrastructure.Services.DatabaseTestService", "Application": "Crud.Api"}
[06:44:19 INF] [Phase 1] Starting EnsureDeletedAsync for worker 10667... {"SourceContext": "Infrastructure.Services.DatabaseTestService", "Application": "Crud.Api"}
[06:44:19 INF] [Phase 1] EnsureDeletedAsync completed in 1.0804ms {"SourceContext": "Infrastructure.Services.DatabaseTestService", "Application": "Crud.Api"}
[06:44:19 INF] [Phase 2] Starting EnsureCreatedAsync for worker 10667... {"SourceContext": "Infrastructure.Services.DatabaseTestService", "Application": "Crud.Api"}
[06:44:19 INF] [Phase 2] EnsureCreatedAsync completed in 10.594ms {"SourceContext": "Infrastructure.Services.DatabaseTestService", "Application": "Crud.Api"}
[06:44:19 INF] [Phase 3] Skipping database seeding as requested for worker 10667 {"SourceContext": "Infrastructure.Services.DatabaseTestService", "Application": "Crud.Api"}
[06:44:19 INF] Database reset via file deletion completed for worker 10667 in 112.269ms (Close: 0.0016ms, Delete: 1.0804ms, Create: 10.594ms) {"SourceContext": "Infrastructure.Services.DatabaseTestService", "Application": "Crud.Api"}
[06:44:19 INF] Releasing database mutex for worker 10667 {"SourceContext": "Infrastructure.Services.DatabaseTestService", "Application": "Crud.Api"}
[06:44:19 INF] Resetting database for worker 10667 {"SourceContext": "Infrastructure.Services.DatabaseTestService", "Application": "Crud.Api"}
[06:44:19 INF] Resetting database via file deletion for worker 10667 in CI environment {"SourceContext": "Infrastructure.Services.DatabaseTestService", "Application": "Crud.Api"}
[06:44:19 INF] Acquiring database mutex for worker 10667... {"SourceContext": "Infrastructure.Services.DatabaseTestService", "Application": "Crud.Api"}
[06:44:19 INF] Database mutex acquired for worker 10667 {"SourceContext": "Infrastructure.Services.DatabaseTestService", "Application": "Crud.Api"}
[06:44:19 INF] Current database state - CanConnect: True {"SourceContext": "Infrastructure.Services.DatabaseTestService", "Application": "Crud.Api"}
[06:44:19 INF] [Phase 0] Closing database connection for worker 10667... {"SourceContext": "Infrastructure.Services.DatabaseTestService", "Application": "Crud.Api"}
[06:44:19 INF] [Phase 0] Connection closed in 0.0016ms {"SourceContext": "Infrastructure.Services.DatabaseTestService", "Application": "Crud.Api"}
[06:44:19 INF] [Phase 1] Starting EnsureDeletedAsync for worker 10667... {"SourceContext": "Infrastructure.Services.DatabaseTestService", "Application": "Crud.Api"}
[06:44:19 INF] [Phase 1] EnsureDeletedAsync completed in 1.3246ms {"SourceContext": "Infrastructure.Services.DatabaseTestService", "Application": "Crud.Api"}
[06:44:19 INF] [Phase 2] Starting EnsureCreatedAsync for worker 10667... {"SourceContext": "Infrastructure.Services.DatabaseTestService", "Application": "Crud.Api"}
[06:44:19 INF] [Phase 2] EnsureCreatedAsync completed in 12.2726ms {"SourceContext": "Infrastructure.Services.DatabaseTestService", "Application": "Crud.Api"}
[06:44:19 INF] [Phase 3] Skipping database seeding as requested for worker 10667 {"SourceContext": "Infrastructure.Services.DatabaseTestService", "Application": "Crud.Api"}
[06:44:19 INF] Database reset via file deletion completed for worker 10667 in 113.2545ms (Close: 0.0016ms, Delete: 1.3246ms, Create: 12.2726ms) {"SourceContext": "Infrastructure.Services.DatabaseTestService", "Application": "Crud.Api"}
[06:44:19 INF] Releasing database mutex for worker 10667 {"SourceContext": "Infrastructure.Services.DatabaseTestService", "Application": "Crud.Api"}
[06:44:19 INF] Resetting database for worker 10667 {"SourceContext": "Infrastructure.Services.DatabaseTestService", "Application": "Crud.Api"}
[06:44:19 INF] Resetting database via file deletion for worker 10667 in CI environment {"SourceContext": "Infrastructure.Services.DatabaseTestService", "Application": "Crud.Api"}
[06:44:19 INF] Acquiring database mutex for worker 10667... {"SourceContext": "Infrastructure.Services.DatabaseTestService", "Application": "Crud.Api"}
[06:44:19 INF] Database mutex acquired for worker 10667 {"SourceContext": "Infrastructure.Services.DatabaseTestService", "Application": "Crud.Api"}
[06:44:19 INF] Current database state - CanConnect: True {"SourceContext": "Infrastructure.Services.DatabaseTestService", "Application": "Crud.Api"}
[06:44:19 INF] [Phase 0] Closing database connection for worker 10667... {"SourceContext": "Infrastructure.Services.DatabaseTestService", "Application": "Crud.Api"}
[06:44:19 INF] [Phase 0] Connection closed in 0.0014ms {"SourceContext": "Infrastructure.Services.DatabaseTestService", "Application": "Crud.Api"}
[06:44:19 INF] [Phase 1] Starting EnsureDeletedAsync for worker 10667... {"SourceContext": "Infrastructure.Services.DatabaseTestService", "Application": "Crud.Api"}
[06:44:19 INF] [Phase 1] EnsureDeletedAsync completed in 1.146ms {"SourceContext": "Infrastructure.Services.DatabaseTestService", "Application": "Crud.Api"}
[06:44:19 INF] [Phase 2] Starting EnsureCreatedAsync for worker 10667... {"SourceContext": "Infrastructure.Services.DatabaseTestService", "Application": "Crud.Api"}
[06:44:19 INF] [Phase 2] EnsureCreatedAsync completed in 10.885ms {"SourceContext": "Infrastructure.Services.DatabaseTestService", "Application": "Crud.Api"}
[06:44:19 INF] [Phase 3] Skipping database seeding as requested for worker 10667 {"SourceContext": "Infrastructure.Services.DatabaseTestService", "Application": "Crud.Api"}
[06:44:19 INF] Database reset via file deletion completed for worker 10667 in 112.1375ms (Close: 0.0014ms, Delete: 1.146ms, Create: 10.885ms) {"SourceContext": "Infrastructure.Services.DatabaseTestService", "Application": "Crud.Api"}
[06:44:19 INF] Releasing database mutex for worker 10667 {"SourceContext": "Infrastructure.Services.DatabaseTestService", "Application": "Crud.Api"}
[06:44:19 INF] Resetting database for worker 10667 {"SourceContext": "Infrastructure.Services.DatabaseTestService", "Application": "Crud.Api"}
[06:44:19 INF] Resetting database via file deletion for worker 10667 in CI environment {"SourceContext": "Infrastructure.Services.DatabaseTestService", "Application": "Crud.Api"}
[06:44:19 INF] Acquiring database mutex for worker 10667... {"SourceContext": "Infrastructure.Services.DatabaseTestService", "Application": "Crud.Api"}
[06:44:19 INF] Database mutex acquired for worker 10667 {"SourceContext": "Infrastructure.Services.DatabaseTestService", "Application": "Crud.Api"}
[06:44:19 INF] Current database state - CanConnect: True {"SourceContext": "Infrastructure.Services.DatabaseTestService", "Application": "Crud.Api"}
[06:44:19 INF] [Phase 0] Closing database connection for worker 10667... {"SourceContext": "Infrastructure.Services.DatabaseTestService", "Application": "Crud.Api"}
[06:44:19 INF] [Phase 0] Connection closed in 0.0013ms {"SourceContext": "Infrastructure.Services.DatabaseTestService", "Application": "Crud.Api"}
[06:44:19 INF] [Phase 1] Starting EnsureDeletedAsync for worker 10667... {"SourceContext": "Infrastructure.Services.DatabaseTestService", "Application": "Crud.Api"}
[06:44:19 INF] [Phase 1] EnsureDeletedAsync completed in 1.3243ms {"SourceContext": "Infrastructure.Services.DatabaseTestService", "Application": "Crud.Api"}
[06:44:19 INF] [Phase 2] Starting EnsureCreatedAsync for worker 10667... {"SourceContext": "Infrastructure.Services.DatabaseTestService", "Application": "Crud.Api"}
[06:44:19 INF] [Phase 2] EnsureCreatedAsync completed in 10.7149ms {"SourceContext": "Infrastructure.Services.DatabaseTestService", "Application": "Crud.Api"}
[06:44:19 INF] [Phase 3] Skipping database seeding as requested for worker 10667 {"SourceContext": "Infrastructure.Services.DatabaseTestService", "Application": "Crud.Api"}
[06:44:19 INF] Database reset via file deletion completed for worker 10667 in 112.7244ms (Close: 0.0013ms, Delete: 1.3243ms, Create: 10.7149ms) {"SourceContext": "Infrastructure.Services.DatabaseTestService", "Application": "Crud.Api"}
[06:44:19 INF] Releasing database mutex for worker 10667 {"SourceContext": "Infrastructure.Services.DatabaseTestService", "Application": "Crud.Api"}
Resource associated with Metric:
    deployment.environment: Testing
    service.name: Crud.Api
    service.version: 1.0.0
    service.instance.id: bb25e7a8-9ced-49c8-9e52-fd74b67e7fff
    telemetry.sdk.name: opentelemetry
    telemetry.sdk.language: dotnet
    telemetry.sdk.version: 1.8.1
[06:44:19 INF] Starting Crud API application {"Application": "Crud.Api"}
[06:44:19 INF] Using SQLite provider with connection: Data Source=TestDatabase.db {"Application": "Crud.Api"}
[06:44:19 INF] Database ensured successfully {"Application": "Crud.Api"}
[06:44:19 INF] Application configured successfully. Starting web host... {"Application": "Crud.Api"}
[06:44:19 WRN] Failed to determine the https port for redirect. {"EventId": {"Id": 3, "Name": "FailedToDeterminePort"}, "SourceContext": "Microsoft.AspNetCore.HttpsPolicy.HttpsRedirectionMiddleware", "RequestId": "0HNFGVQB4PDI5", "RequestPath": "/index.html", "Application": "Crud.Api"}
Activity.TraceId:            cc9f1c20baa85446e0d76f9c7a1b8bcb
Activity.SpanId:             d9717d021ee17321
Activity.TraceFlags:         Recorded
Activity.ActivitySourceName: Microsoft.AspNetCore
Activity.DisplayName:        GET
Activity.Kind:               Server
Activity.StartTime:          2025-09-11T06:44:19.5964498Z
Activity.Duration:           00:00:00.0047177
Activity.Tags:
    server.address: localhost
    http.request.method: GET
    url.scheme: http
    url.path: /index.html
    network.protocol.version: 1.1
    http.response.status_code: 200
Resource associated with Activity:
    deployment.environment: Testing
    service.name: Crud.Api
    service.version: 1.0.0
    service.instance.id: bb25e7a8-9ced-49c8-9e52-fd74b67e7fff
    telemetry.sdk.name: opentelemetry
    telemetry.sdk.language: dotnet
    telemetry.sdk.version: 1.8.1
Activity.TraceId:            062d81d91ee1ae06be98c3ce3155ffe3
Activity.SpanId:             a4d4609752db0da8
Activity.TraceFlags:         Recorded
Activity.ActivitySourceName: Microsoft.AspNetCore
Activity.DisplayName:        GET
Activity.Kind:               Server
Activity.StartTime:          2025-09-11T06:44:19.6035326Z
Activity.Duration:           00:00:00.0012358
Activity.Tags:
    server.address: localhost
    http.request.method: GET
    url.scheme: http
    url.path: /js/test.js
    network.protocol.version: 1.1
    http.response.status_code: 200
Resource associated with Activity:
    deployment.environment: Testing
    service.name: Crud.Api
    service.version: 1.0.0
    service.instance.id: bb25e7a8-9ced-49c8-9e52-fd74b67e7fff
    telemetry.sdk.name: opentelemetry
    telemetry.sdk.language: dotnet
    telemetry.sdk.version: 1.8.1
Activity.TraceId:            ed87c2b2a9f7f1705de6e3f7f471df16
Activity.SpanId:             f2bcc87bd3f57de1
Activity.TraceFlags:         Recorded
Activity.ActivitySourceName: Microsoft.AspNetCore
Activity.DisplayName:        GET
Activity.Kind:               Server
Activity.StartTime:          2025-09-11T06:44:19.6067420Z
Activity.Duration:           00:00:00.0042586
Activity.Tags:
    server.address: localhost
    http.request.method: GET
    url.scheme: http
    url.path: /css/test.css
    network.protocol.version: 1.1
    http.response.status_code: 200
Resource associated with Activity:
    deployment.environment: Testing
    service.name: Crud.Api
    service.version: 1.0.0
    service.instance.id: bb25e7a8-9ced-49c8-9e52-fd74b67e7fff
    telemetry.sdk.name: opentelemetry
    telemetry.sdk.language: dotnet
    telemetry.sdk.version: 1.8.1
Activity.TraceId:            58a0c774d6c757f8d0b6ab4d7f178602
Activity.SpanId:             66d46967c8b58657
Activity.TraceFlags:         Recorded
Activity.ActivitySourceName: Microsoft.AspNetCore
Activity.DisplayName:        GET
Activity.Kind:               Server
Activity.StartTime:          2025-09-11T06:44:19.6132712Z
Activity.Duration:           00:00:00.0008630
Activity.Tags:
    server.address: localhost
    http.request.method: GET
    url.scheme: http
    url.path: /css/test.css
    network.protocol.version: 1.1
    http.response.status_code: 200
Resource associated with Activity:
    deployment.environment: Testing
    service.name: Crud.Api
    service.version: 1.0.0
    service.instance.id: bb25e7a8-9ced-49c8-9e52-fd74b67e7fff
    telemetry.sdk.name: opentelemetry
    telemetry.sdk.language: dotnet
    telemetry.sdk.version: 1.8.1
Activity.TraceId:            77742c3e082026826d2bbaf37e5bed8a
Activity.SpanId:             e66664f319cda8af
Activity.TraceFlags:         Recorded
Activity.ActivitySourceName: Microsoft.AspNetCore
Activity.DisplayName:        GET
Activity.Kind:               Server
Activity.StartTime:          2025-09-11T06:44:19.6161740Z
Activity.Duration:           00:00:00.0004415
Activity.Tags:
    server.address: localhost
    http.request.method: GET
    url.scheme: http
    url.path: /css/test.css
    network.protocol.version: 1.1
    http.response.status_code: 200
Resource associated with Activity:
    deployment.environment: Testing
    service.name: Crud.Api
    service.version: 1.0.0
    service.instance.id: bb25e7a8-9ced-49c8-9e52-fd74b67e7fff
    telemetry.sdk.name: opentelemetry
    telemetry.sdk.language: dotnet
    telemetry.sdk.version: 1.8.1
Activity.TraceId:            d0b558005626ef121bab8d6a3c11a132
Activity.SpanId:             31e58e50567d87aa
Activity.TraceFlags:         Recorded
Activity.ActivitySourceName: Microsoft.AspNetCore
Activity.DisplayName:        GET
Activity.Kind:               Server
Activity.StartTime:          2025-09-11T06:44:19.6175274Z
Activity.Duration:           00:00:00.0001722
Activity.Tags:
    server.address: localhost
    http.request.method: GET
    url.scheme: http
    url.path: /js/test.js
    network.protocol.version: 1.1
    http.response.status_code: 200
Resource associated with Activity:
    deployment.environment: Testing
    service.name: Crud.Api
    service.version: 1.0.0
    service.instance.id: bb25e7a8-9ced-49c8-9e52-fd74b67e7fff
    telemetry.sdk.name: opentelemetry
    telemetry.sdk.language: dotnet
    telemetry.sdk.version: 1.8.1
Activity.TraceId:            580e4ab2948f982e2667e0b21e757ea5
Activity.SpanId:             7e360242491466bc
Activity.TraceFlags:         Recorded
Activity.ActivitySourceName: Microsoft.AspNetCore
Activity.DisplayName:        GET
Activity.Kind:               Server
Activity.StartTime:          2025-09-11T06:44:19.6178049Z
Activity.Duration:           00:00:00.0005460
Activity.Tags:
    server.address: localhost
    http.request.method: GET
    url.scheme: http
    url.path: /index.html
    network.protocol.version: 1.1
    http.response.status_code: 200
Resource associated with Activity:
    deployment.environment: Testing
    service.name: Crud.Api
    service.version: 1.0.0
    service.instance.id: bb25e7a8-9ced-49c8-9e52-fd74b67e7fff
    telemetry.sdk.name: opentelemetry
    telemetry.sdk.language: dotnet
    telemetry.sdk.version: 1.8.1
Activity.TraceId:            9bdcb8706cbe8d4c9c8db213eeb428f9
Activity.SpanId:             5647c6890f05c037
Activity.TraceFlags:         Recorded
Activity.ActivitySourceName: Microsoft.AspNetCore
Activity.DisplayName:        GET
Activity.Kind:               Server
Activity.StartTime:          2025-09-11T06:44:19.6203539Z
Activity.Duration:           00:00:00.0003095
Activity.Tags:
    server.address: localhost
    http.request.method: GET
    url.scheme: http
    url.path: /css/test.css
    network.protocol.version: 1.1
    http.response.status_code: 200
Resource associated with Activity:
    deployment.environment: Testing
    service.name: Crud.Api
    service.version: 1.0.0
    service.instance.id: bb25e7a8-9ced-49c8-9e52-fd74b67e7fff
    telemetry.sdk.name: opentelemetry
    telemetry.sdk.language: dotnet
    telemetry.sdk.version: 1.8.1
Activity.TraceId:            b85ac831a4dcae55830be848158f87ce
Activity.SpanId:             e3ef9eb4757cb529
Activity.TraceFlags:         Recorded
Activity.ActivitySourceName: Microsoft.AspNetCore
Activity.DisplayName:        GET
Activity.Kind:               Server
Activity.StartTime:          2025-09-11T06:44:19.6216856Z
Activity.Duration:           00:00:00.0001233
Activity.Tags:
    server.address: localhost
    http.request.method: GET
    url.scheme: http
    url.path: /js/test.js
    network.protocol.version: 1.1
    http.response.status_code: 200
Resource associated with Activity:
    deployment.environment: Testing
    service.name: Crud.Api
    service.version: 1.0.0
    service.instance.id: bb25e7a8-9ced-49c8-9e52-fd74b67e7fff
    telemetry.sdk.name: opentelemetry
    telemetry.sdk.language: dotnet
    telemetry.sdk.version: 1.8.1
Activity.TraceId:            d0cbffa210c1c9f47dc4ec8935c9a29c
Activity.SpanId:             7626e255347f005f
Activity.TraceFlags:         Recorded
Activity.ActivitySourceName: Microsoft.AspNetCore
Activity.DisplayName:        GET
Activity.Kind:               Server
Activity.StartTime:          2025-09-11T06:44:19.6219063Z
Activity.Duration:           00:00:00.0001089
Activity.Tags:
    server.address: localhost
    http.request.method: GET
    url.scheme: http
    url.path: /index.html
    network.protocol.version: 1.1
    http.response.status_code: 200
Resource associated with Activity:
    deployment.environment: Testing
    service.name: Crud.Api
    service.version: 1.0.0
    service.instance.id: bb25e7a8-9ced-49c8-9e52-fd74b67e7fff
    telemetry.sdk.name: opentelemetry
    telemetry.sdk.language: dotnet
    telemetry.sdk.version: 1.8.1
Activity.TraceId:            97fa535f05e4d67949036ad154dafead
Activity.SpanId:             1f3ec3b9fad1274e
Activity.TraceFlags:         Recorded
Activity.ActivitySourceName: Microsoft.AspNetCore
Activity.DisplayName:        GET
Activity.Kind:               Server
Activity.StartTime:          2025-09-11T06:44:19.6236322Z
Activity.Duration:           00:00:00.0005941
Activity.Tags:
    server.address: localhost
    http.request.method: GET
    url.scheme: http
    url.path: /js/test.js
    network.protocol.version: 1.1
    http.response.status_code: 200
Resource associated with Activity:
    deployment.environment: Testing
    service.name: Crud.Api
    service.version: 1.0.0
    service.instance.id: bb25e7a8-9ced-49c8-9e52-fd74b67e7fff
    telemetry.sdk.name: opentelemetry
    telemetry.sdk.language: dotnet
    telemetry.sdk.version: 1.8.1
Activity.TraceId:            959d63bcae4683a7db09157c4a256fa3
Activity.SpanId:             25d477d6d1280d51
Activity.TraceFlags:         Recorded
Activity.ActivitySourceName: Microsoft.AspNetCore
Activity.DisplayName:        GET
Activity.Kind:               Server
Activity.StartTime:          2025-09-11T06:44:19.6265727Z
Activity.Duration:           00:00:00.0008753
Activity.Tags:
    server.address: localhost
    http.request.method: GET
    url.scheme: http
    url.path: /css/test.css
    network.protocol.version: 1.1
    http.response.status_code: 200
Resource associated with Activity:
    deployment.environment: Testing
    service.name: Crud.Api
    service.version: 1.0.0
    service.instance.id: bb25e7a8-9ced-49c8-9e52-fd74b67e7fff
    telemetry.sdk.name: opentelemetry
    telemetry.sdk.language: dotnet
    telemetry.sdk.version: 1.8.1
Activity.TraceId:            2f63656c719d586f1f3b36bf0d1abbb2
Activity.SpanId:             8a9c3dd0d59ec989
Activity.TraceFlags:         Recorded
Activity.ActivitySourceName: Microsoft.AspNetCore
Activity.DisplayName:        GET
Activity.Kind:               Server
Activity.StartTime:          2025-09-11T06:44:19.6288605Z
Activity.Duration:           00:00:00.0002269
Activity.Tags:
    server.address: localhost
    http.request.method: GET
    url.scheme: http
    url.path: /css/test.css
    network.protocol.version: 1.1
    http.response.status_code: 200
Resource associated with Activity:
    deployment.environment: Testing
    service.name: Crud.Api
    service.version: 1.0.0
    service.instance.id: bb25e7a8-9ced-49c8-9e52-fd74b67e7fff
    telemetry.sdk.name: opentelemetry
    telemetry.sdk.language: dotnet
    telemetry.sdk.version: 1.8.1
Activity.TraceId:            b401ba01bfcdaabaf8d009dfb5bd6266
Activity.SpanId:             5f147d6b4aeb014e
Activity.TraceFlags:         Recorded
Activity.ActivitySourceName: Microsoft.AspNetCore
Activity.DisplayName:        GET
Activity.Kind:               Server
Activity.StartTime:          2025-09-11T06:44:19.6306035Z
Activity.Duration:           00:00:00.0003765
Activity.Tags:
    server.address: localhost
    http.request.method: GET
    url.scheme: http
    url.path: /css/test.css
    network.protocol.version: 1.1
    http.response.status_code: 200
Resource associated with Activity:
    deployment.environment: Testing
    service.name: Crud.Api
    service.version: 1.0.0
    service.instance.id: bb25e7a8-9ced-49c8-9e52-fd74b67e7fff
    telemetry.sdk.name: opentelemetry
    telemetry.sdk.language: dotnet
    telemetry.sdk.version: 1.8.1
Activity.TraceId:            e859513b060eefc1a948ee8ac67c5433
Activity.SpanId:             b132fa5ebf54e222
Activity.TraceFlags:         Recorded
Activity.ActivitySourceName: Microsoft.AspNetCore
Activity.DisplayName:        GET
Activity.Kind:               Server
Activity.StartTime:          2025-09-11T06:44:19.6318101Z
Activity.Duration:           00:00:00.0002852
Activity.Tags:
    server.address: localhost
    http.request.method: GET
    url.scheme: http
    url.path: /js/test.js
    network.protocol.version: 1.1
    http.response.status_code: 200
Resource associated with Activity:
    deployment.environment: Testing
    service.name: Crud.Api
    service.version: 1.0.0
    service.instance.id: bb25e7a8-9ced-49c8-9e52-fd74b67e7fff
    telemetry.sdk.name: opentelemetry
    telemetry.sdk.language: dotnet
    telemetry.sdk.version: 1.8.1
Activity.TraceId:            ef535405ba4164e395d7bfb8da95a5cf
Activity.SpanId:             ab8beed265186a10
Activity.TraceFlags:         Recorded
Activity.ActivitySourceName: Microsoft.AspNetCore
Activity.DisplayName:        GET
Activity.Kind:               Server
Activity.StartTime:          2025-09-11T06:44:19.6321712Z
Activity.Duration:           00:00:00.0002613
Activity.Tags:
    server.address: localhost
    http.request.method: GET
    url.scheme: http
    url.path: /index.html
    network.protocol.version: 1.1
    http.response.status_code: 200
Resource associated with Activity:
    deployment.environment: Testing
    service.name: Crud.Api
    service.version: 1.0.0
    service.instance.id: bb25e7a8-9ced-49c8-9e52-fd74b67e7fff
    telemetry.sdk.name: opentelemetry
    telemetry.sdk.language: dotnet
    telemetry.sdk.version: 1.8.1
Resource associated with Metric:
    deployment.environment: Testing
    service.name: Crud.Api
    service.version: 1.0.0
    service.instance.id: bb25e7a8-9ced-49c8-9e52-fd74b67e7fff
    telemetry.sdk.name: opentelemetry
    telemetry.sdk.language: dotnet
    telemetry.sdk.version: 1.8.1
Metric Name: http.server.active_requests, Number of active HTTP server requests., Unit: {request}, Meter: Microsoft.AspNetCore.Hosting
(2025-09-11T06:44:19.5917523Z, 2025-09-11T06:44:19.6334274Z] http.request.method: GET url.scheme: http LongSumNonMonotonic
Value: 0
Metric Name: http.server.request.duration, Duration of HTTP server requests., Unit: s, Meter: Microsoft.AspNetCore.Hosting
(2025-09-11T06:44:19.5917763Z, 2025-09-11T06:44:19.6334291Z] http.request.method: GET http.response.status_code: 200 network.protocol.version: 1.1 url.scheme: http Histogram
Value: Sum: 0.015353099999999996 Count: 16 Min: 0.0001062 Max: 0.0047132 
(-Infinity,0.005]:16
(0.005,0.01]:0
(0.01,0.025]:0
(0.025,0.05]:0
(0.05,0.075]:0
(0.075,0.1]:0
(0.1,0.25]:0
(0.25,0.5]:0
(0.5,0.75]:0
(0.75,1]:0
(1,2.5]:0
(2.5,5]:0
(5,7.5]:0
(7.5,10]:0
(10,+Infinity]:0
Metric Name: aspnetcore.routing.match_attempts, Number of requests that were attempted to be matched to an endpoint., Unit: {match_attempt}, Meter: Microsoft.AspNetCore.Routing
(2025-09-11T06:44:19.5955675Z, 2025-09-11T06:44:19.6334321Z] aspnetcore.routing.match_status: failure LongSum
Value: 16
[06:44:19 INF] Starting Crud API application {"Application": "Crud.Api"}
[06:44:19 INF] Using SQLite provider with connection: Data Source=TestDatabase.db {"Application": "Crud.Api"}
[06:44:19 INF] Database ensured successfully {"Application": "Crud.Api"}
[06:44:19 INF] Application configured successfully. Starting web host... {"Application": "Crud.Api"}
[06:44:19 INF] Resetting database for worker 17813 {"SourceContext": "Infrastructure.Services.DatabaseTestService", "Application": "Crud.Api"}
[06:44:19 INF] Resetting database via file deletion for worker 17813 in CI environment {"SourceContext": "Infrastructure.Services.DatabaseTestService", "Application": "Crud.Api"}
[06:44:19 INF] Acquiring database mutex for worker 17813... {"SourceContext": "Infrastructure.Services.DatabaseTestService", "Application": "Crud.Api"}
[06:44:19 INF] Database mutex acquired for worker 17813 {"SourceContext": "Infrastructure.Services.DatabaseTestService", "Application": "Crud.Api"}
[06:44:19 INF] Current database state - CanConnect: True {"SourceContext": "Infrastructure.Services.DatabaseTestService", "Application": "Crud.Api"}
[06:44:19 INF] [Phase 0] Closing database connection for worker 17813... {"SourceContext": "Infrastructure.Services.DatabaseTestService", "Application": "Crud.Api"}
[06:44:19 INF] [Phase 0] Connection closed in 0.0019ms {"SourceContext": "Infrastructure.Services.DatabaseTestService", "Application": "Crud.Api"}
[06:44:19 INF] [Phase 1] Starting EnsureDeletedAsync for worker 17813... {"SourceContext": "Infrastructure.Services.DatabaseTestService", "Application": "Crud.Api"}
[06:44:19 INF] [Phase 1] EnsureDeletedAsync completed in 1.8754ms {"SourceContext": "Infrastructure.Services.DatabaseTestService", "Application": "Crud.Api"}
[06:44:19 INF] [Phase 2] Starting EnsureCreatedAsync for worker 17813... {"SourceContext": "Infrastructure.Services.DatabaseTestService", "Application": "Crud.Api"}
[06:44:19 INF] [Phase 2] EnsureCreatedAsync completed in 11.7516ms {"SourceContext": "Infrastructure.Services.DatabaseTestService", "Application": "Crud.Api"}
[06:44:19 INF] [Phase 3] Skipping database seeding as requested for worker 17813 {"SourceContext": "Infrastructure.Services.DatabaseTestService", "Application": "Crud.Api"}
[06:44:19 INF] Database reset via file deletion completed for worker 17813 in 114.4357ms (Close: 0.0019ms, Delete: 1.8754ms, Create: 11.7516ms) {"SourceContext": "Infrastructure.Services.DatabaseTestService", "Application": "Crud.Api"}
[06:44:19 INF] Releasing database mutex for worker 17813 {"SourceContext": "Infrastructure.Services.DatabaseTestService", "Application": "Crud.Api"}
[06:44:19 WRN] Failed to determine the https port for redirect. {"EventId": {"Id": 3, "Name": "FailedToDeterminePort"}, "SourceContext": "Microsoft.AspNetCore.HttpsPolicy.HttpsRedirectionMiddleware", "RequestId": "0HNFGVQB4PDIL", "RequestPath": "/api/auth/register", "Application": "Crud.Api"}
[06:44:20 INF] User registered successfully: 32c95eee-a21e-4e79-a8e7-073a523f0686 {"SourceContext": "App.Features.Authentication.RegisterUserCommandHandler", "ActionId": "6cee7f55-6d22-480a-9299-fa230f71c0f1", "ActionName": "Api.Controllers.AuthController.Register (Api)", "RequestId": "0HNFGVQB4PDIL", "RequestPath": "/api/auth/register", "Application": "Crud.Api"}
Activity.TraceId:            c8d9ffc5b183f777ea5cafb3d7f2b7f5
Activity.SpanId:             b7a58b5a72b62e8d
Activity.TraceFlags:         Recorded
Activity.ActivitySourceName: Microsoft.AspNetCore
Activity.DisplayName:        POST api/Auth/register
Activity.Kind:               Server
Activity.StartTime:          2025-09-11T06:44:19.7933918Z
Activity.Duration:           00:00:00.3060512
Activity.Tags:
    server.address: localhost
    http.request.method: POST
    url.scheme: http
    url.path: /api/auth/register
    network.protocol.version: 1.1
    http.route: api/Auth/register
    http.response.status_code: 200
Resource associated with Activity:
    deployment.environment: Testing
    service.name: Crud.Api
    service.version: 1.0.0
    service.instance.id: bb25e7a8-9ced-49c8-9e52-fd74b67e7fff
    telemetry.sdk.name: opentelemetry
    telemetry.sdk.language: dotnet
    telemetry.sdk.version: 1.8.1
[06:44:20 INF] User registered successfully: 59d54fdf-df6f-4b22-9a89-e25e9a3fa6a4 {"SourceContext": "App.Features.Authentication.RegisterUserCommandHandler", "ActionId": "6cee7f55-6d22-480a-9299-fa230f71c0f1", "ActionName": "Api.Controllers.AuthController.Register (Api)", "RequestId": "0HNFGVQB4PDIM", "RequestPath": "/api/auth/register", "Application": "Crud.Api"}
Activity.TraceId:            2966488536b90fc7a6cbf17e77e59c56
Activity.SpanId:             5af0b4878d803050
Activity.TraceFlags:         Recorded
Activity.ActivitySourceName: Microsoft.AspNetCore
Activity.DisplayName:        POST api/Auth/register
Activity.Kind:               Server
Activity.StartTime:          2025-09-11T06:44:20.0999938Z
Activity.Duration:           00:00:00.3021301
Activity.Tags:
    server.address: localhost
    http.request.method: POST
    url.scheme: http
    url.path: /api/auth/register
    network.protocol.version: 1.1
    http.route: api/Auth/register
    http.response.status_code: 200
Resource associated with Activity:
    deployment.environment: Testing
    service.name: Crud.Api
    service.version: 1.0.0
    service.instance.id: bb25e7a8-9ced-49c8-9e52-fd74b67e7fff
    telemetry.sdk.name: opentelemetry
    telemetry.sdk.language: dotnet
    telemetry.sdk.version: 1.8.1
[06:44:20 INF] User logged in successfully: 59d54fdf-df6f-4b22-9a89-e25e9a3fa6a4 {"SourceContext": "App.Features.Authentication.LoginCommandHandler", "ActionId": "1bc3c9fa-1d12-4bdd-b111-210dd0b0208d", "ActionName": "Api.Controllers.AuthController.Login (Api)", "RequestId": "0HNFGVQB4PDIN", "RequestPath": "/api/auth/login", "Application": "Crud.Api"}
Activity.TraceId:            5b653d3ad997ba49a22e8f0575bccea3
Activity.SpanId:             2d43c5ca09845c69
Activity.TraceFlags:         Recorded
Activity.ActivitySourceName: Microsoft.AspNetCore
Activity.DisplayName:        POST api/Auth/login
Activity.Kind:               Server
Activity.StartTime:          2025-09-11T06:44:20.4041729Z
Activity.Duration:           00:00:00.3051765
Activity.Tags:
    server.address: localhost
    http.request.method: POST
    url.scheme: http
    url.path: /api/auth/login
    network.protocol.version: 1.1
    http.route: api/Auth/login
    http.response.status_code: 200
Resource associated with Activity:
    deployment.environment: Testing
    service.name: Crud.Api
    service.version: 1.0.0
    service.instance.id: bb25e7a8-9ced-49c8-9e52-fd74b67e7fff
    telemetry.sdk.name: opentelemetry
    telemetry.sdk.language: dotnet
    telemetry.sdk.version: 1.8.1
[06:44:20 DBG] Cache miss for key: list:window {"SourceContext": "Infrastructure.Services.Caching.InMemoryCacheService", "ActionId": "36aa4840-925f-4dd4-a675-9b84a0fab90e", "ActionName": "Api.Controllers.WindowsController.List (Api)", "RequestId": "0HNFGVQB4PDIO", "RequestPath": "/api/windows", "Application": "Crud.Api"}
[06:44:20 DBG] Set cache value for key: list:window {"SourceContext": "Infrastructure.Services.Caching.InMemoryCacheService", "ActionId": "36aa4840-925f-4dd4-a675-9b84a0fab90e", "ActionName": "Api.Controllers.WindowsController.List (Api)", "RequestId": "0HNFGVQB4PDIO", "RequestPath": "/api/windows", "Application": "Crud.Api"}
Activity.TraceId:            25c8f9e33f7d47d793120a36c32aca20
Activity.SpanId:             39c7186294671204
Activity.TraceFlags:         Recorded
Activity.ActivitySourceName: Microsoft.AspNetCore
Activity.DisplayName:        GET api/Windows
Activity.Kind:               Server
Activity.StartTime:          2025-09-11T06:44:20.7095162Z
Activity.Duration:           00:00:00.0254897
Activity.Tags:
    server.address: localhost
    http.request.method: GET
    url.scheme: http
    url.path: /api/windows
    network.protocol.version: 1.1
    http.route: api/Windows
    http.response.status_code: 200
Resource associated with Activity:
    deployment.environment: Testing
    service.name: Crud.Api
    service.version: 1.0.0
    service.instance.id: bb25e7a8-9ced-49c8-9e52-fd74b67e7fff
    telemetry.sdk.name: opentelemetry
    telemetry.sdk.language: dotnet
    telemetry.sdk.version: 1.8.1
[06:44:20 DBG] Removed cache value for key: entity:window:3c404d622960462096b0e89eebccb0d3 {"SourceContext": "Infrastructure.Services.Caching.InMemoryCacheService", "ActionId": "64f5948f-2c61-4723-8ff3-28e4bbd7f566", "ActionName": "Api.Controllers.WindowsController.Create (Api)", "RequestId": "0HNFGVQB4PDIP", "RequestPath": "/api/windows", "Application": "Crud.Api"}
[06:44:20 DBG] Removed cache value for key: list:window {"SourceContext": "Infrastructure.Services.Caching.InMemoryCacheService", "ActionId": "64f5948f-2c61-4723-8ff3-28e4bbd7f566", "ActionName": "Api.Controllers.WindowsController.Create (Api)", "RequestId": "0HNFGVQB4PDIP", "RequestPath": "/api/windows", "Application": "Crud.Api"}
[06:44:20 DBG] Invalidating cache for entity type: windows with tag: windows {"SourceContext": "Api.Services.OutputCacheInvalidationService", "ActionId": "64f5948f-2c61-4723-8ff3-28e4bbd7f566", "ActionName": "Api.Controllers.WindowsController.Create (Api)", "RequestId": "0HNFGVQB4PDIP", "RequestPath": "/api/windows", "Application": "Crud.Api"}
[06:44:20 INF] Successfully invalidated cache for entity type: windows {"SourceContext": "Api.Services.OutputCacheInvalidationService", "ActionId": "64f5948f-2c61-4723-8ff3-28e4bbd7f566", "ActionName": "Api.Controllers.WindowsController.Create (Api)", "RequestId": "0HNFGVQB4PDIP", "RequestPath": "/api/windows", "Application": "Crud.Api"}
Activity.TraceId:            14104f9eb79d8adf45c61ca88eda0da6
Activity.SpanId:             0fa89ac39b699026
Activity.TraceFlags:         Recorded
Activity.ActivitySourceName: Microsoft.AspNetCore
Activity.DisplayName:        POST api/Windows
Activity.Kind:               Server
Activity.StartTime:          2025-09-11T06:44:20.7351391Z
Activity.Duration:           00:00:00.0128624
Activity.Tags:
    server.address: localhost
    http.request.method: POST
    url.scheme: http
    url.path: /api/windows
    network.protocol.version: 1.1
    http.route: api/Windows
    http.response.status_code: 201
Resource associated with Activity:
    deployment.environment: Testing
    service.name: Crud.Api
    service.version: 1.0.0
    service.instance.id: bb25e7a8-9ced-49c8-9e52-fd74b67e7fff
    telemetry.sdk.name: opentelemetry
    telemetry.sdk.language: dotnet
    telemetry.sdk.version: 1.8.1
[06:44:20 DBG] Cache miss for key: list:window {"SourceContext": "Infrastructure.Services.Caching.InMemoryCacheService", "ActionId": "36aa4840-925f-4dd4-a675-9b84a0fab90e", "ActionName": "Api.Controllers.WindowsController.List (Api)", "RequestId": "0HNFGVQB4PDIQ", "RequestPath": "/api/windows", "Application": "Crud.Api"}
[06:44:20 DBG] Set cache value for key: list:window {"SourceContext": "Infrastructure.Services.Caching.InMemoryCacheService", "ActionId": "36aa4840-925f-4dd4-a675-9b84a0fab90e", "ActionName": "Api.Controllers.WindowsController.List (Api)", "RequestId": "0HNFGVQB4PDIQ", "RequestPath": "/api/windows", "Application": "Crud.Api"}
[06:44:20 DBG] Response not compressed: application/json; charset=utf-8 | Size: 1048 bytes | Path: /api/windows {"SourceContext": "Api.Middleware.CompressionPerformanceMiddleware", "RequestId": "0HNFGVQB4PDIQ", "RequestPath": "/api/windows", "Application": "Crud.Api"}
Activity.TraceId:            7507751e06c1de378c3ffbc53d5d19fb
Activity.SpanId:             25db7419e93eaa21
Activity.TraceFlags:         Recorded
Activity.ActivitySourceName: Microsoft.AspNetCore
Activity.DisplayName:        GET api/Windows
Activity.Kind:               Server
Activity.StartTime:          2025-09-11T06:44:20.7480781Z
Activity.Duration:           00:00:00.0027010
Activity.Tags:
    server.address: localhost
    http.request.method: GET
    url.scheme: http
    url.path: /api/windows
    network.protocol.version: 1.1
    http.route: api/Windows
    http.response.status_code: 200
Resource associated with Activity:
    deployment.environment: Testing
    service.name: Crud.Api
    service.version: 1.0.0
    service.instance.id: bb25e7a8-9ced-49c8-9e52-fd74b67e7fff
    telemetry.sdk.name: opentelemetry
    telemetry.sdk.language: dotnet
    telemetry.sdk.version: 1.8.1
[06:44:20 INF] Resetting database for worker 17813 {"SourceContext": "Infrastructure.Services.DatabaseTestService", "Application": "Crud.Api"}
[06:44:20 INF] Resetting database via file deletion for worker 17813 in CI environment {"SourceContext": "Infrastructure.Services.DatabaseTestService", "Application": "Crud.Api"}
[06:44:20 INF] Acquiring database mutex for worker 17813... {"SourceContext": "Infrastructure.Services.DatabaseTestService", "Application": "Crud.Api"}
[06:44:20 INF] Database mutex acquired for worker 17813 {"SourceContext": "Infrastructure.Services.DatabaseTestService", "Application": "Crud.Api"}
[06:44:20 INF] Current database state - CanConnect: True {"SourceContext": "Infrastructure.Services.DatabaseTestService", "Application": "Crud.Api"}
[06:44:20 INF] [Phase 0] Closing database connection for worker 17813... {"SourceContext": "Infrastructure.Services.DatabaseTestService", "Application": "Crud.Api"}
[06:44:20 INF] [Phase 0] Connection closed in 0.0013ms {"SourceContext": "Infrastructure.Services.DatabaseTestService", "Application": "Crud.Api"}
[06:44:20 INF] [Phase 1] Starting EnsureDeletedAsync for worker 17813... {"SourceContext": "Infrastructure.Services.DatabaseTestService", "Application": "Crud.Api"}
[06:44:20 INF] [Phase 1] EnsureDeletedAsync completed in 1.1239ms {"SourceContext": "Infrastructure.Services.DatabaseTestService", "Application": "Crud.Api"}
[06:44:20 INF] [Phase 2] Starting EnsureCreatedAsync for worker 17813... {"SourceContext": "Infrastructure.Services.DatabaseTestService", "Application": "Crud.Api"}
[06:44:20 INF] [Phase 2] EnsureCreatedAsync completed in 8.0722ms {"SourceContext": "Infrastructure.Services.DatabaseTestService", "Application": "Crud.Api"}
[06:44:20 INF] [Phase 3] Skipping database seeding as requested for worker 17813 {"SourceContext": "Infrastructure.Services.DatabaseTestService", "Application": "Crud.Api"}
[06:44:20 INF] Database reset via file deletion completed for worker 17813 in 109.7178ms (Close: 0.0013ms, Delete: 1.1239ms, Create: 8.0722ms) {"SourceContext": "Infrastructure.Services.DatabaseTestService", "Application": "Crud.Api"}
[06:44:20 INF] Releasing database mutex for worker 17813 {"SourceContext": "Infrastructure.Services.DatabaseTestService", "Application": "Crud.Api"}
[06:44:20 INF] Resetting database for worker 17813 {"SourceContext": "Infrastructure.Services.DatabaseTestService", "Application": "Crud.Api"}
[06:44:20 INF] Resetting database via file deletion for worker 17813 in CI environment {"SourceContext": "Infrastructure.Services.DatabaseTestService", "Application": "Crud.Api"}
[06:44:20 INF] Acquiring database mutex for worker 17813... {"SourceContext": "Infrastructure.Services.DatabaseTestService", "Application": "Crud.Api"}
[06:44:20 INF] Database mutex acquired for worker 17813 {"SourceContext": "Infrastructure.Services.DatabaseTestService", "Application": "Crud.Api"}
[06:44:20 INF] Current database state - CanConnect: True {"SourceContext": "Infrastructure.Services.DatabaseTestService", "Application": "Crud.Api"}
[06:44:20 INF] [Phase 0] Closing database connection for worker 17813... {"SourceContext": "Infrastructure.Services.DatabaseTestService", "Application": "Crud.Api"}
[06:44:20 INF] [Phase 0] Connection closed in 0.0013ms {"SourceContext": "Infrastructure.Services.DatabaseTestService", "Application": "Crud.Api"}
[06:44:20 INF] [Phase 1] Starting EnsureDeletedAsync for worker 17813... {"SourceContext": "Infrastructure.Services.DatabaseTestService", "Application": "Crud.Api"}
[06:44:20 INF] [Phase 1] EnsureDeletedAsync completed in 1.1584ms {"SourceContext": "Infrastructure.Services.DatabaseTestService", "Application": "Crud.Api"}
[06:44:20 INF] [Phase 2] Starting EnsureCreatedAsync for worker 17813... {"SourceContext": "Infrastructure.Services.DatabaseTestService", "Application": "Crud.Api"}
[06:44:20 INF] [Phase 2] EnsureCreatedAsync completed in 7.829ms {"SourceContext": "Infrastructure.Services.DatabaseTestService", "Application": "Crud.Api"}
[06:44:20 INF] [Phase 3] Skipping database seeding as requested for worker 17813 {"SourceContext": "Infrastructure.Services.DatabaseTestService", "Application": "Crud.Api"}
[06:44:20 INF] Database reset via file deletion completed for worker 17813 in 110.147ms (Close: 0.0013ms, Delete: 1.1584ms, Create: 7.829ms) {"SourceContext": "Infrastructure.Services.DatabaseTestService", "Application": "Crud.Api"}
[06:44:20 INF] Releasing database mutex for worker 17813 {"SourceContext": "Infrastructure.Services.DatabaseTestService", "Application": "Crud.Api"}
[06:44:21 INF] User registered successfully: 918a5a9b-b024-4f22-b6c4-21152387ca15 {"SourceContext": "App.Features.Authentication.RegisterUserCommandHandler", "ActionId": "6cee7f55-6d22-480a-9299-fa230f71c0f1", "ActionName": "Api.Controllers.AuthController.Register (Api)", "RequestId": "0HNFGVQB4PDIR", "RequestPath": "/api/auth/register", "Application": "Crud.Api"}
Activity.TraceId:            1b51d2361bfee2233aa2586ed3cc1c58
Activity.SpanId:             a6d0448e6bfe6ba1
Activity.TraceFlags:         Recorded
Activity.ActivitySourceName: Microsoft.AspNetCore
Activity.DisplayName:        POST api/Auth/register
Activity.Kind:               Server
Activity.StartTime:          2025-09-11T06:44:20.9763745Z
Activity.Duration:           00:00:00.3035323
Activity.Tags:
    server.address: localhost
    http.request.method: POST
    url.scheme: http
    url.path: /api/auth/register
    network.protocol.version: 1.1
    http.route: api/Auth/register
    http.response.status_code: 200
Resource associated with Activity:
    deployment.environment: Testing
    service.name: Crud.Api
    service.version: 1.0.0
    service.instance.id: bb25e7a8-9ced-49c8-9e52-fd74b67e7fff
    telemetry.sdk.name: opentelemetry
    telemetry.sdk.language: dotnet
    telemetry.sdk.version: 1.8.1
[06:44:21 INF] User registered successfully: 93807f21-80e3-4162-b219-2e82392ab362 {"SourceContext": "App.Features.Authentication.RegisterUserCommandHandler", "ActionId": "6cee7f55-6d22-480a-9299-fa230f71c0f1", "ActionName": "Api.Controllers.AuthController.Register (Api)", "RequestId": "0HNFGVQB4PDIS", "RequestPath": "/api/auth/register", "Application": "Crud.Api"}
Activity.TraceId:            c5577f7741698cb7f1844bbe98da554f
Activity.SpanId:             643b1dcda15d9e89
Activity.TraceFlags:         Recorded
Activity.ActivitySourceName: Microsoft.AspNetCore
Activity.DisplayName:        POST api/Auth/register
Activity.Kind:               Server
Activity.StartTime:          2025-09-11T06:44:21.2806030Z
Activity.Duration:           00:00:00.2989546
Activity.Tags:
    server.address: localhost
    http.request.method: POST
    url.scheme: http
    url.path: /api/auth/register
    network.protocol.version: 1.1
    http.route: api/Auth/register
    http.response.status_code: 200
Resource associated with Activity:
    deployment.environment: Testing
    service.name: Crud.Api
    service.version: 1.0.0
    service.instance.id: bb25e7a8-9ced-49c8-9e52-fd74b67e7fff
    telemetry.sdk.name: opentelemetry
    telemetry.sdk.language: dotnet
    telemetry.sdk.version: 1.8.1
[06:44:21 INF] User logged in successfully: 93807f21-80e3-4162-b219-2e82392ab362 {"SourceContext": "App.Features.Authentication.LoginCommandHandler", "ActionId": "1bc3c9fa-1d12-4bdd-b111-210dd0b0208d", "ActionName": "Api.Controllers.AuthController.Login (Api)", "RequestId": "0HNFGVQB4PDIT", "RequestPath": "/api/auth/login", "Application": "Crud.Api"}
Activity.TraceId:            547df42b870f04dc0dd6ee4b56c73ca9
Activity.SpanId:             7b0cfc3ac7fa1ed6
Activity.TraceFlags:         Recorded
Activity.ActivitySourceName: Microsoft.AspNetCore
Activity.DisplayName:        POST api/Auth/login
Activity.Kind:               Server
Activity.StartTime:          2025-09-11T06:44:21.5806932Z
Activity.Duration:           00:00:00.2989668
Activity.Tags:
    server.address: localhost
    http.request.method: POST
    url.scheme: http
    url.path: /api/auth/login
    network.protocol.version: 1.1
    http.route: api/Auth/login
    http.response.status_code: 200
Resource associated with Activity:
    deployment.environment: Testing
    service.name: Crud.Api
    service.version: 1.0.0
    service.instance.id: bb25e7a8-9ced-49c8-9e52-fd74b67e7fff
    telemetry.sdk.name: opentelemetry
    telemetry.sdk.language: dotnet
    telemetry.sdk.version: 1.8.1
[06:44:21 DBG] Cache miss for key: list:person {"SourceContext": "Infrastructure.Services.Caching.InMemoryCacheService", "ActionId": "0425dd0e-1d78-4076-b169-6784026dd39e", "ActionName": "Api.Controllers.PeopleController.List (Api)", "RequestId": "0HNFGVQB4PDIU", "RequestPath": "/api/people", "Application": "Crud.Api"}
[06:44:21 DBG] Set cache value for key: list:person {"SourceContext": "Infrastructure.Services.Caching.InMemoryCacheService", "ActionId": "0425dd0e-1d78-4076-b169-6784026dd39e", "ActionName": "Api.Controllers.PeopleController.List (Api)", "RequestId": "0HNFGVQB4PDIU", "RequestPath": "/api/people", "Application": "Crud.Api"}
Activity.TraceId:            f746d7225c3bed072ba59d0eb5678e14
Activity.SpanId:             b5c23babbde5ae48
Activity.TraceFlags:         Recorded
Activity.ActivitySourceName: Microsoft.AspNetCore
Activity.DisplayName:        GET api/People
Activity.Kind:               Server
Activity.StartTime:          2025-09-11T06:44:21.8798947Z
Activity.Duration:           00:00:00.0119598
Activity.Tags:
    server.address: localhost
    http.request.method: GET
    url.scheme: http
    url.path: /api/people
    network.protocol.version: 1.1
    http.route: api/People
    http.response.status_code: 200
Resource associated with Activity:
    deployment.environment: Testing
    service.name: Crud.Api
    service.version: 1.0.0
    service.instance.id: bb25e7a8-9ced-49c8-9e52-fd74b67e7fff
    telemetry.sdk.name: opentelemetry
    telemetry.sdk.language: dotnet
    telemetry.sdk.version: 1.8.1
[06:44:21 DBG] Removed cache value for key: entity:person:bfdb0f60b24a4b78971697829027b6be {"SourceContext": "Infrastructure.Services.Caching.InMemoryCacheService", "ActionId": "80b77036-4289-4f16-83cf-ab41214f8de1", "ActionName": "Api.Controllers.PeopleController.Create (Api)", "RequestId": "0HNFGVQB4PDIV", "RequestPath": "/api/people", "Application": "Crud.Api"}
[06:44:21 DBG] Removed cache value for key: list:person {"SourceContext": "Infrastructure.Services.Caching.InMemoryCacheService", "ActionId": "80b77036-4289-4f16-83cf-ab41214f8de1", "ActionName": "Api.Controllers.PeopleController.Create (Api)", "RequestId": "0HNFGVQB4PDIV", "RequestPath": "/api/people", "Application": "Crud.Api"}
[06:44:21 DBG] Invalidating cache for entity type: people with tag: people {"SourceContext": "Api.Services.OutputCacheInvalidationService", "ActionId": "80b77036-4289-4f16-83cf-ab41214f8de1", "ActionName": "Api.Controllers.PeopleController.Create (Api)", "RequestId": "0HNFGVQB4PDIV", "RequestPath": "/api/people", "Application": "Crud.Api"}
[06:44:21 INF] Successfully invalidated cache for entity type: people {"SourceContext": "Api.Services.OutputCacheInvalidationService", "ActionId": "80b77036-4289-4f16-83cf-ab41214f8de1", "ActionName": "Api.Controllers.PeopleController.Create (Api)", "RequestId": "0HNFGVQB4PDIV", "RequestPath": "/api/people", "Application": "Crud.Api"}
Activity.TraceId:            9ac8cfab7419b1b5b8b29bce113f6c9b
Activity.SpanId:             22fe8b7a63dc026d
Activity.TraceFlags:         Recorded
Activity.ActivitySourceName: Microsoft.AspNetCore
Activity.DisplayName:        POST api/People
Activity.Kind:               Server
Activity.StartTime:          2025-09-11T06:44:21.8937364Z
Activity.Duration:           00:00:00.0162529
Activity.Tags:
    server.address: localhost
    http.request.method: POST
    url.scheme: http
    url.path: /api/people
    network.protocol.version: 1.1
    http.route: api/People
    http.response.status_code: 201
Resource associated with Activity:
    deployment.environment: Testing
    service.name: Crud.Api
    service.version: 1.0.0
    service.instance.id: bb25e7a8-9ced-49c8-9e52-fd74b67e7fff
    telemetry.sdk.name: opentelemetry
    telemetry.sdk.language: dotnet
    telemetry.sdk.version: 1.8.1
[06:44:21 DBG] Cache miss for key: list:person {"SourceContext": "Infrastructure.Services.Caching.InMemoryCacheService", "ActionId": "0425dd0e-1d78-4076-b169-6784026dd39e", "ActionName": "Api.Controllers.PeopleController.List (Api)", "RequestId": "0HNFGVQB4PDJ0", "RequestPath": "/api/people", "Application": "Crud.Api"}
[06:44:21 DBG] Set cache value for key: list:person {"SourceContext": "Infrastructure.Services.Caching.InMemoryCacheService", "ActionId": "0425dd0e-1d78-4076-b169-6784026dd39e", "ActionName": "Api.Controllers.PeopleController.List (Api)", "RequestId": "0HNFGVQB4PDJ0", "RequestPath": "/api/people", "Application": "Crud.Api"}
Activity.TraceId:            4e6c1e57ee4cd6e4f7d8609ab572de95
Activity.SpanId:             44166c886c164b80
Activity.TraceFlags:         Recorded
Activity.ActivitySourceName: Microsoft.AspNetCore
Activity.DisplayName:        GET api/People
Activity.Kind:               Server
Activity.StartTime:          2025-09-11T06:44:21.9100472Z
Activity.Duration:           00:00:00.0017685
Activity.Tags:
    server.address: localhost
    http.request.method: GET
    url.scheme: http
    url.path: /api/people
    network.protocol.version: 1.1
    http.route: api/People
    http.response.status_code: 200
Resource associated with Activity:
    deployment.environment: Testing
    service.name: Crud.Api
    service.version: 1.0.0
    service.instance.id: bb25e7a8-9ced-49c8-9e52-fd74b67e7fff
    telemetry.sdk.name: opentelemetry
    telemetry.sdk.language: dotnet
    telemetry.sdk.version: 1.8.1
[06:44:21 INF] Resetting database for worker 17813 {"SourceContext": "Infrastructure.Services.DatabaseTestService", "Application": "Crud.Api"}
[06:44:21 INF] Resetting database via file deletion for worker 17813 in CI environment {"SourceContext": "Infrastructure.Services.DatabaseTestService", "Application": "Crud.Api"}
[06:44:21 INF] Acquiring database mutex for worker 17813... {"SourceContext": "Infrastructure.Services.DatabaseTestService", "Application": "Crud.Api"}
[06:44:21 INF] Database mutex acquired for worker 17813 {"SourceContext": "Infrastructure.Services.DatabaseTestService", "Application": "Crud.Api"}
[06:44:21 INF] Current database state - CanConnect: True {"SourceContext": "Infrastructure.Services.DatabaseTestService", "Application": "Crud.Api"}
[06:44:21 INF] [Phase 0] Closing database connection for worker 17813... {"SourceContext": "Infrastructure.Services.DatabaseTestService", "Application": "Crud.Api"}
[06:44:21 INF] [Phase 0] Connection closed in 0.0015ms {"SourceContext": "Infrastructure.Services.DatabaseTestService", "Application": "Crud.Api"}
[06:44:21 INF] [Phase 1] Starting EnsureDeletedAsync for worker 17813... {"SourceContext": "Infrastructure.Services.DatabaseTestService", "Application": "Crud.Api"}
[06:44:21 INF] [Phase 1] EnsureDeletedAsync completed in 1.2481ms {"SourceContext": "Infrastructure.Services.DatabaseTestService", "Application": "Crud.Api"}
[06:44:22 INF] [Phase 2] Starting EnsureCreatedAsync for worker 17813... {"SourceContext": "Infrastructure.Services.DatabaseTestService", "Application": "Crud.Api"}
[06:44:22 INF] [Phase 2] EnsureCreatedAsync completed in 8.612ms {"SourceContext": "Infrastructure.Services.DatabaseTestService", "Application": "Crud.Api"}
[06:44:22 INF] [Phase 3] Skipping database seeding as requested for worker 17813 {"SourceContext": "Infrastructure.Services.DatabaseTestService", "Application": "Crud.Api"}
[06:44:22 INF] Database reset via file deletion completed for worker 17813 in 109.8374ms (Close: 0.0015ms, Delete: 1.2481ms, Create: 8.612ms) {"SourceContext": "Infrastructure.Services.DatabaseTestService", "Application": "Crud.Api"}
[06:44:22 INF] Releasing database mutex for worker 17813 {"SourceContext": "Infrastructure.Services.DatabaseTestService", "Application": "Crud.Api"}
[06:44:22 INF] Resetting database for worker 17813 {"SourceContext": "Infrastructure.Services.DatabaseTestService", "Application": "Crud.Api"}
[06:44:22 INF] Resetting database via file deletion for worker 17813 in CI environment {"SourceContext": "Infrastructure.Services.DatabaseTestService", "Application": "Crud.Api"}
[06:44:22 INF] Acquiring database mutex for worker 17813... {"SourceContext": "Infrastructure.Services.DatabaseTestService", "Application": "Crud.Api"}
[06:44:22 INF] Database mutex acquired for worker 17813 {"SourceContext": "Infrastructure.Services.DatabaseTestService", "Application": "Crud.Api"}
[06:44:22 INF] Current database state - CanConnect: True {"SourceContext": "Infrastructure.Services.DatabaseTestService", "Application": "Crud.Api"}
[06:44:22 INF] [Phase 0] Closing database connection for worker 17813... {"SourceContext": "Infrastructure.Services.DatabaseTestService", "Application": "Crud.Api"}
[06:44:22 INF] [Phase 0] Connection closed in 0.0013ms {"SourceContext": "Infrastructure.Services.DatabaseTestService", "Application": "Crud.Api"}
[06:44:22 INF] [Phase 1] Starting EnsureDeletedAsync for worker 17813... {"SourceContext": "Infrastructure.Services.DatabaseTestService", "Application": "Crud.Api"}
[06:44:22 INF] [Phase 1] EnsureDeletedAsync completed in 1.1423ms {"SourceContext": "Infrastructure.Services.DatabaseTestService", "Application": "Crud.Api"}
[06:44:22 INF] [Phase 2] Starting EnsureCreatedAsync for worker 17813... {"SourceContext": "Infrastructure.Services.DatabaseTestService", "Application": "Crud.Api"}
[06:44:22 INF] [Phase 2] EnsureCreatedAsync completed in 9.8961ms {"SourceContext": "Infrastructure.Services.DatabaseTestService", "Application": "Crud.Api"}
[06:44:22 INF] [Phase 3] Skipping database seeding as requested for worker 17813 {"SourceContext": "Infrastructure.Services.DatabaseTestService", "Application": "Crud.Api"}
[06:44:22 INF] Database reset via file deletion completed for worker 17813 in 111.5489ms (Close: 0.0013ms, Delete: 1.1423ms, Create: 9.8961ms) {"SourceContext": "Infrastructure.Services.DatabaseTestService", "Application": "Crud.Api"}
[06:44:22 INF] Releasing database mutex for worker 17813 {"SourceContext": "Infrastructure.Services.DatabaseTestService", "Application": "Crud.Api"}
[06:44:22 INF] User registered successfully: 3f8731db-1bcd-4da1-a166-d2251ac87e93 {"SourceContext": "App.Features.Authentication.RegisterUserCommandHandler", "ActionId": "6cee7f55-6d22-480a-9299-fa230f71c0f1", "ActionName": "Api.Controllers.AuthController.Register (Api)", "RequestId": "0HNFGVQB4PDJ1", "RequestPath": "/api/auth/register", "Application": "Crud.Api"}
Activity.TraceId:            5b77e74084850b306c2673d7f09dc036
Activity.SpanId:             ff013657933ac6c1
Activity.TraceFlags:         Recorded
Activity.ActivitySourceName: Microsoft.AspNetCore
Activity.DisplayName:        POST api/Auth/register
Activity.Kind:               Server
Activity.StartTime:          2025-09-11T06:44:22.1383943Z
Activity.Duration:           00:00:00.2995245
Activity.Tags:
    server.address: localhost
    http.request.method: POST
    url.scheme: http
    url.path: /api/auth/register
    network.protocol.version: 1.1
    http.route: api/Auth/register
    http.response.status_code: 200
Resource associated with Activity:
    deployment.environment: Testing
    service.name: Crud.Api
    service.version: 1.0.0
    service.instance.id: bb25e7a8-9ced-49c8-9e52-fd74b67e7fff
    telemetry.sdk.name: opentelemetry
    telemetry.sdk.language: dotnet
    telemetry.sdk.version: 1.8.1
[06:44:22 INF] User registered successfully: 92059db9-27b0-457f-8891-710dc38c27be {"SourceContext": "App.Features.Authentication.RegisterUserCommandHandler", "ActionId": "6cee7f55-6d22-480a-9299-fa230f71c0f1", "ActionName": "Api.Controllers.AuthController.Register (Api)", "RequestId": "0HNFGVQB4PDJ2", "RequestPath": "/api/auth/register", "Application": "Crud.Api"}
Activity.TraceId:            611ebc68f9700ba87827910c929ffeed
Activity.SpanId:             5c81045fa0abfb4e
Activity.TraceFlags:         Recorded
Activity.ActivitySourceName: Microsoft.AspNetCore
Activity.DisplayName:        POST api/Auth/register
Activity.Kind:               Server
Activity.StartTime:          2025-09-11T06:44:22.4384791Z
Activity.Duration:           00:00:00.2993362
Activity.Tags:
    server.address: localhost
    http.request.method: POST
    url.scheme: http
    url.path: /api/auth/register
    network.protocol.version: 1.1
    http.route: api/Auth/register
    http.response.status_code: 200
Resource associated with Activity:
    deployment.environment: Testing
    service.name: Crud.Api
    service.version: 1.0.0
    service.instance.id: bb25e7a8-9ced-49c8-9e52-fd74b67e7fff
    telemetry.sdk.name: opentelemetry
    telemetry.sdk.language: dotnet
    telemetry.sdk.version: 1.8.1
[06:44:23 INF] User logged in successfully: 92059db9-27b0-457f-8891-710dc38c27be {"SourceContext": "App.Features.Authentication.LoginCommandHandler", "ActionId": "1bc3c9fa-1d12-4bdd-b111-210dd0b0208d", "ActionName": "Api.Controllers.AuthController.Login (Api)", "RequestId": "0HNFGVQB4PDJ3", "RequestPath": "/api/auth/login", "Application": "Crud.Api"}
Activity.TraceId:            38b9c114e1c32e3284ea4c9fc6e2057c
Activity.SpanId:             fb0d24f45f327377
Activity.TraceFlags:         Recorded
Activity.ActivitySourceName: Microsoft.AspNetCore
Activity.DisplayName:        POST api/Auth/login
Activity.Kind:               Server
Activity.StartTime:          2025-09-11T06:44:22.7460853Z
Activity.Duration:           00:00:00.3016464
Activity.Tags:
    server.address: localhost
    http.request.method: POST
    url.scheme: http
    url.path: /api/auth/login
    network.protocol.version: 1.1
    http.route: api/Auth/login
    http.response.status_code: 200
Resource associated with Activity:
    deployment.environment: Testing
    service.name: Crud.Api
    service.version: 1.0.0
    service.instance.id: bb25e7a8-9ced-49c8-9e52-fd74b67e7fff
    telemetry.sdk.name: opentelemetry
    telemetry.sdk.language: dotnet
    telemetry.sdk.version: 1.8.1
[06:44:23 DBG] Cache miss for key: list:role {"SourceContext": "Infrastructure.Services.Caching.InMemoryCacheService", "ActionId": "804a4e0a-64a9-4058-a8ed-26a360100740", "ActionName": "Api.Controllers.RolesController.List (Api)", "RequestId": "0HNFGVQB4PDJ4", "RequestPath": "/api/roles", "Application": "Crud.Api"}
[06:44:23 DBG] Set cache value for key: list:role {"SourceContext": "Infrastructure.Services.Caching.InMemoryCacheService", "ActionId": "804a4e0a-64a9-4058-a8ed-26a360100740", "ActionName": "Api.Controllers.RolesController.List (Api)", "RequestId": "0HNFGVQB4PDJ4", "RequestPath": "/api/roles", "Application": "Crud.Api"}
Activity.TraceId:            41552e35a31b8c4c26380b4959b6806b
Activity.SpanId:             359f3a8ff28a60d3
Activity.TraceFlags:         Recorded
Activity.ActivitySourceName: Microsoft.AspNetCore
Activity.DisplayName:        GET api/Roles
Activity.Kind:               Server
Activity.StartTime:          2025-09-11T06:44:23.0478985Z
Activity.Duration:           00:00:00.0132954
Activity.Tags:
    server.address: localhost
    http.request.method: GET
    url.scheme: http
    url.path: /api/roles
    network.protocol.version: 1.1
    http.route: api/Roles
    http.response.status_code: 200
Resource associated with Activity:
    deployment.environment: Testing
    service.name: Crud.Api
    service.version: 1.0.0
    service.instance.id: bb25e7a8-9ced-49c8-9e52-fd74b67e7fff
    telemetry.sdk.name: opentelemetry
    telemetry.sdk.language: dotnet
    telemetry.sdk.version: 1.8.1
[06:44:23 DBG] Cache miss for key: name:role:new_role {"SourceContext": "Infrastructure.Services.Caching.InMemoryCacheService", "ActionId": "7b591ab7-3209-4615-97ef-538a8f4cde38", "ActionName": "Api.Controllers.RolesController.Create (Api)", "RequestId": "0HNFGVQB4PDJ5", "RequestPath": "/api/roles", "Application": "Crud.Api"}
[06:44:23 DBG] Removed cache value for key: entity:role:fd50723f5eb649a793eee108a16bd9ed {"SourceContext": "Infrastructure.Services.Caching.InMemoryCacheService", "ActionId": "7b591ab7-3209-4615-97ef-538a8f4cde38", "ActionName": "Api.Controllers.RolesController.Create (Api)", "RequestId": "0HNFGVQB4PDJ5", "RequestPath": "/api/roles", "Application": "Crud.Api"}
[06:44:23 DBG] Removed cache value for key: list:role {"SourceContext": "Infrastructure.Services.Caching.InMemoryCacheService", "ActionId": "7b591ab7-3209-4615-97ef-538a8f4cde38", "ActionName": "Api.Controllers.RolesController.Create (Api)", "RequestId": "0HNFGVQB4PDJ5", "RequestPath": "/api/roles", "Application": "Crud.Api"}
[06:44:23 DBG] Invalidating cache for entity type: roles with tag: roles {"SourceContext": "Api.Services.OutputCacheInvalidationService", "ActionId": "7b591ab7-3209-4615-97ef-538a8f4cde38", "ActionName": "Api.Controllers.RolesController.Create (Api)", "RequestId": "0HNFGVQB4PDJ5", "RequestPath": "/api/roles", "Application": "Crud.Api"}
[06:44:23 INF] Successfully invalidated cache for entity type: roles {"SourceContext": "Api.Services.OutputCacheInvalidationService", "ActionId": "7b591ab7-3209-4615-97ef-538a8f4cde38", "ActionName": "Api.Controllers.RolesController.Create (Api)", "RequestId": "0HNFGVQB4PDJ5", "RequestPath": "/api/roles", "Application": "Crud.Api"}
Activity.TraceId:            8f9ec33e05e501815349c43fc7f0752f
Activity.SpanId:             f7615c2235f941ee
Activity.TraceFlags:         Recorded
Activity.ActivitySourceName: Microsoft.AspNetCore
Activity.DisplayName:        POST api/Roles
Activity.Kind:               Server
Activity.StartTime:          2025-09-11T06:44:23.0618774Z
Activity.Duration:           00:00:00.0166489
Activity.Tags:
    server.address: localhost
    http.request.method: POST
    url.scheme: http
    url.path: /api/roles
    network.protocol.version: 1.1
    http.route: api/Roles
    http.response.status_code: 201
Resource associated with Activity:
    deployment.environment: Testing
    service.name: Crud.Api
    service.version: 1.0.0
    service.instance.id: bb25e7a8-9ced-49c8-9e52-fd74b67e7fff
    telemetry.sdk.name: opentelemetry
    telemetry.sdk.language: dotnet
    telemetry.sdk.version: 1.8.1
[06:44:23 DBG] Cache miss for key: list:role {"SourceContext": "Infrastructure.Services.Caching.InMemoryCacheService", "ActionId": "804a4e0a-64a9-4058-a8ed-26a360100740", "ActionName": "Api.Controllers.RolesController.List (Api)", "RequestId": "0HNFGVQB4PDJ6", "RequestPath": "/api/roles", "Application": "Crud.Api"}
[06:44:23 DBG] Set cache value for key: list:role {"SourceContext": "Infrastructure.Services.Caching.InMemoryCacheService", "ActionId": "804a4e0a-64a9-4058-a8ed-26a360100740", "ActionName": "Api.Controllers.RolesController.List (Api)", "RequestId": "0HNFGVQB4PDJ6", "RequestPath": "/api/roles", "Application": "Crud.Api"}
Activity.TraceId:            5ab866c072aca56309b4c7bb4c1d55a8
Activity.SpanId:             418bd856d6b5c03b
Activity.TraceFlags:         Recorded
Activity.ActivitySourceName: Microsoft.AspNetCore
Activity.DisplayName:        GET api/Roles
Activity.Kind:               Server
Activity.StartTime:          2025-09-11T06:44:23.0785778Z
Activity.Duration:           00:00:00.0015721
Activity.Tags:
    server.address: localhost
    http.request.method: GET
    url.scheme: http
    url.path: /api/roles
    network.protocol.version: 1.1
    http.route: api/Roles
    http.response.status_code: 200
Resource associated with Activity:
    deployment.environment: Testing
    service.name: Crud.Api
    service.version: 1.0.0
    service.instance.id: bb25e7a8-9ced-49c8-9e52-fd74b67e7fff
    telemetry.sdk.name: opentelemetry
    telemetry.sdk.language: dotnet
    telemetry.sdk.version: 1.8.1
[06:44:23 INF] Resetting database for worker 17813 {"SourceContext": "Infrastructure.Services.DatabaseTestService", "Application": "Crud.Api"}
[06:44:23 INF] Resetting database via file deletion for worker 17813 in CI environment {"SourceContext": "Infrastructure.Services.DatabaseTestService", "Application": "Crud.Api"}
[06:44:23 INF] Acquiring database mutex for worker 17813... {"SourceContext": "Infrastructure.Services.DatabaseTestService", "Application": "Crud.Api"}
[06:44:23 INF] Database mutex acquired for worker 17813 {"SourceContext": "Infrastructure.Services.DatabaseTestService", "Application": "Crud.Api"}
[06:44:23 INF] Current database state - CanConnect: True {"SourceContext": "Infrastructure.Services.DatabaseTestService", "Application": "Crud.Api"}
[06:44:23 INF] [Phase 0] Closing database connection for worker 17813... {"SourceContext": "Infrastructure.Services.DatabaseTestService", "Application": "Crud.Api"}
[06:44:23 INF] [Phase 0] Connection closed in 0.0017ms {"SourceContext": "Infrastructure.Services.DatabaseTestService", "Application": "Crud.Api"}
[06:44:23 INF] [Phase 1] Starting EnsureDeletedAsync for worker 17813... {"SourceContext": "Infrastructure.Services.DatabaseTestService", "Application": "Crud.Api"}
[06:44:23 INF] [Phase 1] EnsureDeletedAsync completed in 1.2003ms {"SourceContext": "Infrastructure.Services.DatabaseTestService", "Application": "Crud.Api"}
[06:44:23 INF] [Phase 2] Starting EnsureCreatedAsync for worker 17813... {"SourceContext": "Infrastructure.Services.DatabaseTestService", "Application": "Crud.Api"}
[06:44:23 INF] [Phase 2] EnsureCreatedAsync completed in 7.5214ms {"SourceContext": "Infrastructure.Services.DatabaseTestService", "Application": "Crud.Api"}
[06:44:23 INF] [Phase 3] Skipping database seeding as requested for worker 17813 {"SourceContext": "Infrastructure.Services.DatabaseTestService", "Application": "Crud.Api"}
[06:44:23 INF] Database reset via file deletion completed for worker 17813 in 108.8979ms (Close: 0.0017ms, Delete: 1.2003ms, Create: 7.5214ms) {"SourceContext": "Infrastructure.Services.DatabaseTestService", "Application": "Crud.Api"}
[06:44:23 INF] Releasing database mutex for worker 17813 {"SourceContext": "Infrastructure.Services.DatabaseTestService", "Application": "Crud.Api"}
[06:44:23 INF] Resetting database for worker 17813 {"SourceContext": "Infrastructure.Services.DatabaseTestService", "Application": "Crud.Api"}
[06:44:23 INF] Resetting database via file deletion for worker 17813 in CI environment {"SourceContext": "Infrastructure.Services.DatabaseTestService", "Application": "Crud.Api"}
[06:44:23 INF] Acquiring database mutex for worker 17813... {"SourceContext": "Infrastructure.Services.DatabaseTestService", "Application": "Crud.Api"}
[06:44:23 INF] Database mutex acquired for worker 17813 {"SourceContext": "Infrastructure.Services.DatabaseTestService", "Application": "Crud.Api"}
[06:44:23 INF] Current database state - CanConnect: True {"SourceContext": "Infrastructure.Services.DatabaseTestService", "Application": "Crud.Api"}
[06:44:23 INF] [Phase 0] Closing database connection for worker 17813... {"SourceContext": "Infrastructure.Services.DatabaseTestService", "Application": "Crud.Api"}
[06:44:23 INF] [Phase 0] Connection closed in 0.003ms {"SourceContext": "Infrastructure.Services.DatabaseTestService", "Application": "Crud.Api"}
[06:44:23 INF] [Phase 1] Starting EnsureDeletedAsync for worker 17813... {"SourceContext": "Infrastructure.Services.DatabaseTestService", "Application": "Crud.Api"}
[06:44:23 INF] [Phase 1] EnsureDeletedAsync completed in 1.1464ms {"SourceContext": "Infrastructure.Services.DatabaseTestService", "Application": "Crud.Api"}
[06:44:23 INF] [Phase 2] Starting EnsureCreatedAsync for worker 17813... {"SourceContext": "Infrastructure.Services.DatabaseTestService", "Application": "Crud.Api"}
[06:44:23 INF] [Phase 2] EnsureCreatedAsync completed in 7.3813ms {"SourceContext": "Infrastructure.Services.DatabaseTestService", "Application": "Crud.Api"}
[06:44:23 INF] [Phase 3] Skipping database seeding as requested for worker 17813 {"SourceContext": "Infrastructure.Services.DatabaseTestService", "Application": "Crud.Api"}
[06:44:23 INF] Database reset via file deletion completed for worker 17813 in 109.3429ms (Close: 0.003ms, Delete: 1.1464ms, Create: 7.3813ms) {"SourceContext": "Infrastructure.Services.DatabaseTestService", "Application": "Crud.Api"}
[06:44:23 INF] Releasing database mutex for worker 17813 {"SourceContext": "Infrastructure.Services.DatabaseTestService", "Application": "Crud.Api"}
[06:44:23 INF] User registered successfully: f913298f-de0d-4ee5-b25a-45cd187ce42f {"SourceContext": "App.Features.Authentication.RegisterUserCommandHandler", "ActionId": "6cee7f55-6d22-480a-9299-fa230f71c0f1", "ActionName": "Api.Controllers.AuthController.Register (Api)", "RequestId": "0HNFGVQB4PDJ7", "RequestPath": "/api/auth/register", "Application": "Crud.Api"}
Activity.TraceId:            1a4943f95b48c077cc27f1d8389d52f9
Activity.SpanId:             672f6b910aadaaaf
Activity.TraceFlags:         Recorded
Activity.ActivitySourceName: Microsoft.AspNetCore
Activity.DisplayName:        POST api/Auth/register
Activity.Kind:               Server
Activity.StartTime:          2025-09-11T06:44:23.3030978Z
Activity.Duration:           00:00:00.2983602
Activity.Tags:
    server.address: localhost
    http.request.method: POST
    url.scheme: http
    url.path: /api/auth/register
    network.protocol.version: 1.1
    http.route: api/Auth/register
    http.response.status_code: 200
Resource associated with Activity:
    deployment.environment: Testing
    service.name: Crud.Api
    service.version: 1.0.0
    service.instance.id: bb25e7a8-9ced-49c8-9e52-fd74b67e7fff
    telemetry.sdk.name: opentelemetry
    telemetry.sdk.language: dotnet
    telemetry.sdk.version: 1.8.1
[06:44:23 INF] User registered successfully: 78c338ed-934f-434d-b00d-156196017f85 {"SourceContext": "App.Features.Authentication.RegisterUserCommandHandler", "ActionId": "6cee7f55-6d22-480a-9299-fa230f71c0f1", "ActionName": "Api.Controllers.AuthController.Register (Api)", "RequestId": "0HNFGVQB4PDJ8", "RequestPath": "/api/auth/register", "Application": "Crud.Api"}
Activity.TraceId:            ae3778131b6652e817d7633d683b8b36
Activity.SpanId:             eb81444ea1e4444c
Activity.TraceFlags:         Recorded
Activity.ActivitySourceName: Microsoft.AspNetCore
Activity.DisplayName:        POST api/Auth/register
Activity.Kind:               Server
Activity.StartTime:          2025-09-11T06:44:23.6022029Z
Activity.Duration:           00:00:00.2982055
Activity.Tags:
    server.address: localhost
    http.request.method: POST
    url.scheme: http
    url.path: /api/auth/register
    network.protocol.version: 1.1
    http.route: api/Auth/register
    http.response.status_code: 200
Resource associated with Activity:
    deployment.environment: Testing
    service.name: Crud.Api
    service.version: 1.0.0
    service.instance.id: bb25e7a8-9ced-49c8-9e52-fd74b67e7fff
    telemetry.sdk.name: opentelemetry
    telemetry.sdk.language: dotnet
    telemetry.sdk.version: 1.8.1
[06:44:24 INF] User logged in successfully: 78c338ed-934f-434d-b00d-156196017f85 {"SourceContext": "App.Features.Authentication.LoginCommandHandler", "ActionId": "1bc3c9fa-1d12-4bdd-b111-210dd0b0208d", "ActionName": "Api.Controllers.AuthController.Login (Api)", "RequestId": "0HNFGVQB4PDJ9", "RequestPath": "/api/auth/login", "Application": "Crud.Api"}
Activity.TraceId:            69deff6e53affd2d32247c3afbcba2eb
Activity.SpanId:             029b2eae7f20c3ca
Activity.TraceFlags:         Recorded
Activity.ActivitySourceName: Microsoft.AspNetCore
Activity.DisplayName:        POST api/Auth/login
Activity.Kind:               Server
Activity.StartTime:          2025-09-11T06:44:23.9013678Z
Activity.Duration:           00:00:00.2985510
Activity.Tags:
    server.address: localhost
    http.request.method: POST
    url.scheme: http
    url.path: /api/auth/login
    network.protocol.version: 1.1
    http.route: api/Auth/login
    http.response.status_code: 200
Resource associated with Activity:
    deployment.environment: Testing
    service.name: Crud.Api
    service.version: 1.0.0
    service.instance.id: bb25e7a8-9ced-49c8-9e52-fd74b67e7fff
    telemetry.sdk.name: opentelemetry
    telemetry.sdk.language: dotnet
    telemetry.sdk.version: 1.8.1
[06:44:24 DBG] Cache hit for key: list:person {"SourceContext": "Infrastructure.Services.Caching.InMemoryCacheService", "ActionId": "0425dd0e-1d78-4076-b169-6784026dd39e", "ActionName": "Api.Controllers.PeopleController.List (Api)", "RequestId": "0HNFGVQB4PDJA", "RequestPath": "/api/people", "Application": "Crud.Api"}
Activity.TraceId:            8fb8a6383a3f7d8f075f22b6349540b4
Activity.SpanId:             c5ec0a656a4cdde4
Activity.TraceFlags:         Recorded
Activity.ActivitySourceName: Microsoft.AspNetCore
Activity.DisplayName:        GET api/People
Activity.Kind:               Server
Activity.StartTime:          2025-09-11T06:44:24.2001376Z
Activity.Duration:           00:00:00.0017690
Activity.Tags:
    server.address: localhost
    http.request.method: GET
    url.scheme: http
    url.path: /api/people
    network.protocol.version: 1.1
    http.route: api/People
    http.response.status_code: 200
Resource associated with Activity:
    deployment.environment: Testing
    service.name: Crud.Api
    service.version: 1.0.0
    service.instance.id: bb25e7a8-9ced-49c8-9e52-fd74b67e7fff
    telemetry.sdk.name: opentelemetry
    telemetry.sdk.language: dotnet
    telemetry.sdk.version: 1.8.1
[06:44:24 DBG] Removed cache value for key: entity:person:923f82cba92f4208ba7170740f05d923 {"SourceContext": "Infrastructure.Services.Caching.InMemoryCacheService", "ActionId": "f3eca9ef-bd8c-4d1a-881b-88b1dc691a0c", "ActionName": "Api.Controllers.PeopleController.Delete (Api)", "RequestId": "0HNFGVQB4PDJB", "RequestPath": "/api/people/923f82cb-a92f-4208-ba71-70740f05d923", "Application": "Crud.Api"}
[06:44:24 DBG] Removed cache value for key: list:person {"SourceContext": "Infrastructure.Services.Caching.InMemoryCacheService", "ActionId": "f3eca9ef-bd8c-4d1a-881b-88b1dc691a0c", "ActionName": "Api.Controllers.PeopleController.Delete (Api)", "RequestId": "0HNFGVQB4PDJB", "RequestPath": "/api/people/923f82cb-a92f-4208-ba71-70740f05d923", "Application": "Crud.Api"}
[06:44:24 DBG] Invalidating cache for entity: people/923f82cb-a92f-4208-ba71-70740f05d923 with tags: people, people:923f82cb-a92f-4208-ba71-70740f05d923 {"SourceContext": "Api.Services.OutputCacheInvalidationService", "ActionId": "f3eca9ef-bd8c-4d1a-881b-88b1dc691a0c", "ActionName": "Api.Controllers.PeopleController.Delete (Api)", "RequestId": "0HNFGVQB4PDJB", "RequestPath": "/api/people/923f82cb-a92f-4208-ba71-70740f05d923", "Application": "Crud.Api"}
[06:44:24 DBG] Successfully invalidated cache for tag: people {"SourceContext": "Api.Services.OutputCacheInvalidationService", "ActionId": "f3eca9ef-bd8c-4d1a-881b-88b1dc691a0c", "ActionName": "Api.Controllers.PeopleController.Delete (Api)", "RequestId": "0HNFGVQB4PDJB", "RequestPath": "/api/people/923f82cb-a92f-4208-ba71-70740f05d923", "Application": "Crud.Api"}
[06:44:24 DBG] Successfully invalidated cache for tag: people:923f82cb-a92f-4208-ba71-70740f05d923 {"SourceContext": "Api.Services.OutputCacheInvalidationService", "ActionId": "f3eca9ef-bd8c-4d1a-881b-88b1dc691a0c", "ActionName": "Api.Controllers.PeopleController.Delete (Api)", "RequestId": "0HNFGVQB4PDJB", "RequestPath": "/api/people/923f82cb-a92f-4208-ba71-70740f05d923", "Application": "Crud.Api"}
Activity.TraceId:            87bdcc0f61244872c54c063e659c7604
Activity.SpanId:             fbe4609d14041abe
Activity.TraceFlags:         Recorded
Activity.ActivitySourceName: Microsoft.AspNetCore
Activity.DisplayName:        DELETE api/People/{id:guid}
Activity.Kind:               Server
Activity.StartTime:          2025-09-11T06:44:24.2019744Z
Activity.Duration:           00:00:00.0093571
Activity.Tags:
    server.address: localhost
    http.request.method: DELETE
    url.scheme: http
    url.path: /api/people/923f82cb-a92f-4208-ba71-70740f05d923
    network.protocol.version: 1.1
    http.route: api/People/{id:guid}
    http.response.status_code: 204
Resource associated with Activity:
    deployment.environment: Testing
    service.name: Crud.Api
    service.version: 1.0.0
    service.instance.id: bb25e7a8-9ced-49c8-9e52-fd74b67e7fff
    telemetry.sdk.name: opentelemetry
    telemetry.sdk.language: dotnet
    telemetry.sdk.version: 1.8.1
[06:44:24 DBG] Cache miss for key: list:person {"SourceContext": "Infrastructure.Services.Caching.InMemoryCacheService", "ActionId": "0425dd0e-1d78-4076-b169-6784026dd39e", "ActionName": "Api.Controllers.PeopleController.List (Api)", "RequestId": "0HNFGVQB4PDJC", "RequestPath": "/api/people", "Application": "Crud.Api"}
[06:44:24 DBG] Set cache value for key: list:person {"SourceContext": "Infrastructure.Services.Caching.InMemoryCacheService", "ActionId": "0425dd0e-1d78-4076-b169-6784026dd39e", "ActionName": "Api.Controllers.PeopleController.List (Api)", "RequestId": "0HNFGVQB4PDJC", "RequestPath": "/api/people", "Application": "Crud.Api"}
Activity.TraceId:            8a93d710df8e74956445a64532cf3ade
Activity.SpanId:             47f41da5957dbad3
Activity.TraceFlags:         Recorded
Activity.ActivitySourceName: Microsoft.AspNetCore
Activity.DisplayName:        GET api/People
Activity.Kind:               Server
Activity.StartTime:          2025-09-11T06:44:24.2114257Z
Activity.Duration:           00:00:00.0007710
Activity.Tags:
    server.address: localhost
    http.request.method: GET
    url.scheme: http
    url.path: /api/people
    network.protocol.version: 1.1
    http.route: api/People
    http.response.status_code: 200
Resource associated with Activity:
    deployment.environment: Testing
    service.name: Crud.Api
    service.version: 1.0.0
    service.instance.id: bb25e7a8-9ced-49c8-9e52-fd74b67e7fff
    telemetry.sdk.name: opentelemetry
    telemetry.sdk.language: dotnet
    telemetry.sdk.version: 1.8.1
[06:44:24 INF] Resetting database for worker 17813 {"SourceContext": "Infrastructure.Services.DatabaseTestService", "Application": "Crud.Api"}
[06:44:24 INF] Resetting database via file deletion for worker 17813 in CI environment {"SourceContext": "Infrastructure.Services.DatabaseTestService", "Application": "Crud.Api"}
[06:44:24 INF] Acquiring database mutex for worker 17813... {"SourceContext": "Infrastructure.Services.DatabaseTestService", "Application": "Crud.Api"}
[06:44:24 INF] Database mutex acquired for worker 17813 {"SourceContext": "Infrastructure.Services.DatabaseTestService", "Application": "Crud.Api"}
[06:44:24 INF] Current database state - CanConnect: True {"SourceContext": "Infrastructure.Services.DatabaseTestService", "Application": "Crud.Api"}
[06:44:24 INF] [Phase 0] Closing database connection for worker 17813... {"SourceContext": "Infrastructure.Services.DatabaseTestService", "Application": "Crud.Api"}
[06:44:24 INF] [Phase 0] Connection closed in 0.0015ms {"SourceContext": "Infrastructure.Services.DatabaseTestService", "Application": "Crud.Api"}
[06:44:24 INF] [Phase 1] Starting EnsureDeletedAsync for worker 17813... {"SourceContext": "Infrastructure.Services.DatabaseTestService", "Application": "Crud.Api"}
[06:44:24 INF] [Phase 1] EnsureDeletedAsync completed in 1.2378ms {"SourceContext": "Infrastructure.Services.DatabaseTestService", "Application": "Crud.Api"}
[06:44:24 INF] [Phase 2] Starting EnsureCreatedAsync for worker 17813... {"SourceContext": "Infrastructure.Services.DatabaseTestService", "Application": "Crud.Api"}
[06:44:24 INF] [Phase 2] EnsureCreatedAsync completed in 7.549ms {"SourceContext": "Infrastructure.Services.DatabaseTestService", "Application": "Crud.Api"}
[06:44:24 INF] [Phase 3] Skipping database seeding as requested for worker 17813 {"SourceContext": "Infrastructure.Services.DatabaseTestService", "Application": "Crud.Api"}
[06:44:24 INF] Database reset via file deletion completed for worker 17813 in 109.1272ms (Close: 0.0015ms, Delete: 1.2378ms, Create: 7.549ms) {"SourceContext": "Infrastructure.Services.DatabaseTestService", "Application": "Crud.Api"}
[06:44:24 INF] Releasing database mutex for worker 17813 {"SourceContext": "Infrastructure.Services.DatabaseTestService", "Application": "Crud.Api"}
[06:44:24 INF] Resetting database for worker 17813 {"SourceContext": "Infrastructure.Services.DatabaseTestService", "Application": "Crud.Api"}
[06:44:24 INF] Resetting database via file deletion for worker 17813 in CI environment {"SourceContext": "Infrastructure.Services.DatabaseTestService", "Application": "Crud.Api"}
[06:44:24 INF] Acquiring database mutex for worker 17813... {"SourceContext": "Infrastructure.Services.DatabaseTestService", "Application": "Crud.Api"}
[06:44:24 INF] Database mutex acquired for worker 17813 {"SourceContext": "Infrastructure.Services.DatabaseTestService", "Application": "Crud.Api"}
[06:44:24 INF] Current database state - CanConnect: True {"SourceContext": "Infrastructure.Services.DatabaseTestService", "Application": "Crud.Api"}
[06:44:24 INF] [Phase 0] Closing database connection for worker 17813... {"SourceContext": "Infrastructure.Services.DatabaseTestService", "Application": "Crud.Api"}
[06:44:24 INF] [Phase 0] Connection closed in 0.0013ms {"SourceContext": "Infrastructure.Services.DatabaseTestService", "Application": "Crud.Api"}
[06:44:24 INF] [Phase 1] Starting EnsureDeletedAsync for worker 17813... {"SourceContext": "Infrastructure.Services.DatabaseTestService", "Application": "Crud.Api"}
[06:44:24 INF] [Phase 1] EnsureDeletedAsync completed in 1.05ms {"SourceContext": "Infrastructure.Services.DatabaseTestService", "Application": "Crud.Api"}
[06:44:24 INF] [Phase 2] Starting EnsureCreatedAsync for worker 17813... {"SourceContext": "Infrastructure.Services.DatabaseTestService", "Application": "Crud.Api"}
[06:44:24 INF] [Phase 2] EnsureCreatedAsync completed in 7.548ms {"SourceContext": "Infrastructure.Services.DatabaseTestService", "Application": "Crud.Api"}
[06:44:24 INF] [Phase 3] Skipping database seeding as requested for worker 17813 {"SourceContext": "Infrastructure.Services.DatabaseTestService", "Application": "Crud.Api"}
[06:44:24 INF] Database reset via file deletion completed for worker 17813 in 109.7372ms (Close: 0.0013ms, Delete: 1.05ms, Create: 7.548ms) {"SourceContext": "Infrastructure.Services.DatabaseTestService", "Application": "Crud.Api"}
[06:44:24 INF] Releasing database mutex for worker 17813 {"SourceContext": "Infrastructure.Services.DatabaseTestService", "Application": "Crud.Api"}
[06:44:24 INF] User registered successfully: 86cf038f-01a3-4f85-b29d-dd3487b025de {"SourceContext": "App.Features.Authentication.RegisterUserCommandHandler", "ActionId": "6cee7f55-6d22-480a-9299-fa230f71c0f1", "ActionName": "Api.Controllers.AuthController.Register (Api)", "RequestId": "0HNFGVQB4PDJD", "RequestPath": "/api/auth/register", "Application": "Crud.Api"}
Activity.TraceId:            f1fdcc09220e52ca6a6e020596ade395
Activity.SpanId:             a776a50c4d6587ea
Activity.TraceFlags:         Recorded
Activity.ActivitySourceName: Microsoft.AspNetCore
Activity.DisplayName:        POST api/Auth/register
Activity.Kind:               Server
Activity.StartTime:          2025-09-11T06:44:24.4364470Z
Activity.Duration:           00:00:00.3365013
Activity.Tags:
    server.address: localhost
    http.request.method: POST
    url.scheme: http
    url.path: /api/auth/register
    network.protocol.version: 1.1
    http.route: api/Auth/register
    http.response.status_code: 200
Resource associated with Activity:
    deployment.environment: Testing
    service.name: Crud.Api
    service.version: 1.0.0
    service.instance.id: bb25e7a8-9ced-49c8-9e52-fd74b67e7fff
    telemetry.sdk.name: opentelemetry
    telemetry.sdk.language: dotnet
    telemetry.sdk.version: 1.8.1
[06:44:25 INF] User registered successfully: 1b8fa242-a106-4819-83b0-616893fe2a03 {"SourceContext": "App.Features.Authentication.RegisterUserCommandHandler", "ActionId": "6cee7f55-6d22-480a-9299-fa230f71c0f1", "ActionName": "Api.Controllers.AuthController.Register (Api)", "RequestId": "0HNFGVQB4PDJE", "RequestPath": "/api/auth/register", "Application": "Crud.Api"}
Activity.TraceId:            b4d0d901b30fda2211af3fd36fd9c282
Activity.SpanId:             e12556be78691307
Activity.TraceFlags:         Recorded
Activity.ActivitySourceName: Microsoft.AspNetCore
Activity.DisplayName:        POST api/Auth/register
Activity.Kind:               Server
Activity.StartTime:          2025-09-11T06:44:24.7735678Z
Activity.Duration:           00:00:00.2983687
Activity.Tags:
    server.address: localhost
    http.request.method: POST
    url.scheme: http
    url.path: /api/auth/register
    network.protocol.version: 1.1
    http.route: api/Auth/register
    http.response.status_code: 200
Resource associated with Activity:
    deployment.environment: Testing
    service.name: Crud.Api
    service.version: 1.0.0
    service.instance.id: bb25e7a8-9ced-49c8-9e52-fd74b67e7fff
    telemetry.sdk.name: opentelemetry
    telemetry.sdk.language: dotnet
    telemetry.sdk.version: 1.8.1
[06:44:25 INF] User logged in successfully: 1b8fa242-a106-4819-83b0-616893fe2a03 {"SourceContext": "App.Features.Authentication.LoginCommandHandler", "ActionId": "1bc3c9fa-1d12-4bdd-b111-210dd0b0208d", "ActionName": "Api.Controllers.AuthController.Login (Api)", "RequestId": "0HNFGVQB4PDJF", "RequestPath": "/api/auth/login", "Application": "Crud.Api"}
Activity.TraceId:            36c55baba8e7afc5340eda0f672da8a6
Activity.SpanId:             dd82be525dc56251
Activity.TraceFlags:         Recorded
Activity.ActivitySourceName: Microsoft.AspNetCore
Activity.DisplayName:        POST api/Auth/login
Activity.Kind:               Server
Activity.StartTime:          2025-09-11T06:44:25.0729898Z
Activity.Duration:           00:00:00.3649898
Activity.Tags:
    server.address: localhost
    http.request.method: POST
    url.scheme: http
    url.path: /api/auth/login
    network.protocol.version: 1.1
    http.route: api/Auth/login
    http.response.status_code: 200
Resource associated with Activity:
    deployment.environment: Testing
    service.name: Crud.Api
    service.version: 1.0.0
    service.instance.id: bb25e7a8-9ced-49c8-9e52-fd74b67e7fff
    telemetry.sdk.name: opentelemetry
    telemetry.sdk.language: dotnet
    telemetry.sdk.version: 1.8.1
[06:44:25 DBG] Cache miss for key: entity:person:68fa546b63684c53a18a275c87acbb09 {"SourceContext": "Infrastructure.Services.Caching.InMemoryCacheService", "ActionId": "d31902cd-e07c-4be6-9ac9-b6dd58eb8c1e", "ActionName": "Api.Controllers.PeopleController.Get (Api)", "RequestId": "0HNFGVQB4PDJG", "RequestPath": "/api/people/68fa546b-6368-4c53-a18a-275c87acbb09", "Application": "Crud.Api"}
[06:44:25 DBG] Set cache value for key: entity:person:68fa546b63684c53a18a275c87acbb09 {"SourceContext": "Infrastructure.Services.Caching.InMemoryCacheService", "ActionId": "d31902cd-e07c-4be6-9ac9-b6dd58eb8c1e", "ActionName": "Api.Controllers.PeopleController.Get (Api)", "RequestId": "0HNFGVQB4PDJG", "RequestPath": "/api/people/68fa546b-6368-4c53-a18a-275c87acbb09", "Application": "Crud.Api"}
Activity.TraceId:            4e166cce258df08a31a0670f292400e0
Activity.SpanId:             08d78e93bf194aae
Activity.TraceFlags:         Recorded
Activity.ActivitySourceName: Microsoft.AspNetCore
Activity.DisplayName:        GET api/People/{id:guid}
Activity.Kind:               Server
Activity.StartTime:          2025-09-11T06:44:25.4382305Z
Activity.Duration:           00:00:00.0092393
Activity.Tags:
    server.address: localhost
    http.request.method: GET
    url.scheme: http
    url.path: /api/people/68fa546b-6368-4c53-a18a-275c87acbb09
    network.protocol.version: 1.1
    http.route: api/People/{id:guid}
    http.response.status_code: 200
Resource associated with Activity:
    deployment.environment: Testing
    service.name: Crud.Api
    service.version: 1.0.0
    service.instance.id: bb25e7a8-9ced-49c8-9e52-fd74b67e7fff
    telemetry.sdk.name: opentelemetry
    telemetry.sdk.language: dotnet
    telemetry.sdk.version: 1.8.1
[06:44:25 DBG] Cache hit for key: list:person {"SourceContext": "Infrastructure.Services.Caching.InMemoryCacheService", "ActionId": "0425dd0e-1d78-4076-b169-6784026dd39e", "ActionName": "Api.Controllers.PeopleController.List (Api)", "RequestId": "0HNFGVQB4PDJH", "RequestPath": "/api/people", "Application": "Crud.Api"}
Activity.TraceId:            e7fe99aba3a021c0d09247c03c3991bb
Activity.SpanId:             4501f96f905098b6
Activity.TraceFlags:         Recorded
Activity.ActivitySourceName: Microsoft.AspNetCore
Activity.DisplayName:        GET api/People
Activity.Kind:               Server
Activity.StartTime:          2025-09-11T06:44:25.4475416Z
Activity.Duration:           00:00:00.0004716
Activity.Tags:
    server.address: localhost
    http.request.method: GET
    url.scheme: http
    url.path: /api/people
    network.protocol.version: 1.1
    http.route: api/People
    http.response.status_code: 200
Resource associated with Activity:
    deployment.environment: Testing
    service.name: Crud.Api
    service.version: 1.0.0
    service.instance.id: bb25e7a8-9ced-49c8-9e52-fd74b67e7fff
    telemetry.sdk.name: opentelemetry
    telemetry.sdk.language: dotnet
    telemetry.sdk.version: 1.8.1
[06:44:25 DBG] Cache hit for key: entity:person:68fa546b63684c53a18a275c87acbb09 {"SourceContext": "Infrastructure.Services.Caching.InMemoryCacheService", "ActionId": "345678d2-f403-41dd-8d30-004d6b7d7fd9", "ActionName": "Api.Controllers.PeopleController.Update (Api)", "RequestId": "0HNFGVQB4PDJI", "RequestPath": "/api/people/68fa546b-6368-4c53-a18a-275c87acbb09", "Application": "Crud.Api"}
[06:44:25 DBG] Removed cache value for key: entity:person:68fa546b63684c53a18a275c87acbb09 {"SourceContext": "Infrastructure.Services.Caching.InMemoryCacheService", "ActionId": "345678d2-f403-41dd-8d30-004d6b7d7fd9", "ActionName": "Api.Controllers.PeopleController.Update (Api)", "RequestId": "0HNFGVQB4PDJI", "RequestPath": "/api/people/68fa546b-6368-4c53-a18a-275c87acbb09", "Application": "Crud.Api"}
[06:44:25 DBG] Removed cache value for key: list:person {"SourceContext": "Infrastructure.Services.Caching.InMemoryCacheService", "ActionId": "345678d2-f403-41dd-8d30-004d6b7d7fd9", "ActionName": "Api.Controllers.PeopleController.Update (Api)", "RequestId": "0HNFGVQB4PDJI", "RequestPath": "/api/people/68fa546b-6368-4c53-a18a-275c87acbb09", "Application": "Crud.Api"}
[06:44:25 DBG] Invalidating cache for entity: people/68fa546b-6368-4c53-a18a-275c87acbb09 with tags: people, people:68fa546b-6368-4c53-a18a-275c87acbb09 {"SourceContext": "Api.Services.OutputCacheInvalidationService", "ActionId": "345678d2-f403-41dd-8d30-004d6b7d7fd9", "ActionName": "Api.Controllers.PeopleController.Update (Api)", "RequestId": "0HNFGVQB4PDJI", "RequestPath": "/api/people/68fa546b-6368-4c53-a18a-275c87acbb09", "Application": "Crud.Api"}
[06:44:25 DBG] Successfully invalidated cache for tag: people {"SourceContext": "Api.Services.OutputCacheInvalidationService", "ActionId": "345678d2-f403-41dd-8d30-004d6b7d7fd9", "ActionName": "Api.Controllers.PeopleController.Update (Api)", "RequestId": "0HNFGVQB4PDJI", "RequestPath": "/api/people/68fa546b-6368-4c53-a18a-275c87acbb09", "Application": "Crud.Api"}
[06:44:25 DBG] Successfully invalidated cache for tag: people:68fa546b-6368-4c53-a18a-275c87acbb09 {"SourceContext": "Api.Services.OutputCacheInvalidationService", "ActionId": "345678d2-f403-41dd-8d30-004d6b7d7fd9", "ActionName": "Api.Controllers.PeopleController.Update (Api)", "RequestId": "0HNFGVQB4PDJI", "RequestPath": "/api/people/68fa546b-6368-4c53-a18a-275c87acbb09", "Application": "Crud.Api"}
Activity.TraceId:            e24066069daa90ee9af2331e4488a1f8
Activity.SpanId:             ea85365bda7b739a
Activity.TraceFlags:         Recorded
Activity.ActivitySourceName: Microsoft.AspNetCore
Activity.DisplayName:        PUT api/People/{id:guid}
Activity.Kind:               Server
Activity.StartTime:          2025-09-11T06:44:25.4489026Z
Activity.Duration:           00:00:00.1478284
Activity.Tags:
    server.address: localhost
    http.request.method: PUT
    url.scheme: http
    url.path: /api/people/68fa546b-6368-4c53-a18a-275c87acbb09
    network.protocol.version: 1.1
    http.route: api/People/{id:guid}
    http.response.status_code: 204
Resource associated with Activity:
    deployment.environment: Testing
    service.name: Crud.Api
    service.version: 1.0.0
    service.instance.id: bb25e7a8-9ced-49c8-9e52-fd74b67e7fff
    telemetry.sdk.name: opentelemetry
    telemetry.sdk.language: dotnet
    telemetry.sdk.version: 1.8.1
[06:44:25 DBG] Cache miss for key: entity:person:68fa546b63684c53a18a275c87acbb09 {"SourceContext": "Infrastructure.Services.Caching.InMemoryCacheService", "ActionId": "d31902cd-e07c-4be6-9ac9-b6dd58eb8c1e", "ActionName": "Api.Controllers.PeopleController.Get (Api)", "RequestId": "0HNFGVQB4PDJJ", "RequestPath": "/api/people/68fa546b-6368-4c53-a18a-275c87acbb09", "Application": "Crud.Api"}
[06:44:25 DBG] Set cache value for key: entity:person:68fa546b63684c53a18a275c87acbb09 {"SourceContext": "Infrastructure.Services.Caching.InMemoryCacheService", "ActionId": "d31902cd-e07c-4be6-9ac9-b6dd58eb8c1e", "ActionName": "Api.Controllers.PeopleController.Get (Api)", "RequestId": "0HNFGVQB4PDJJ", "RequestPath": "/api/people/68fa546b-6368-4c53-a18a-275c87acbb09", "Application": "Crud.Api"}
Activity.TraceId:            c9c2157744739f92e4ee003e98f44819
Activity.SpanId:             faec23b5a06d2e75
Activity.TraceFlags:         Recorded
Activity.ActivitySourceName: Microsoft.AspNetCore
Activity.DisplayName:        GET api/People/{id:guid}
Activity.Kind:               Server
Activity.StartTime:          2025-09-11T06:44:25.5968886Z
Activity.Duration:           00:00:00.0035636
Activity.Tags:
    server.address: localhost
    http.request.method: GET
    url.scheme: http
    url.path: /api/people/68fa546b-6368-4c53-a18a-275c87acbb09
    network.protocol.version: 1.1
    http.route: api/People/{id:guid}
    http.response.status_code: 200
Resource associated with Activity:
    deployment.environment: Testing
    service.name: Crud.Api
    service.version: 1.0.0
    service.instance.id: bb25e7a8-9ced-49c8-9e52-fd74b67e7fff
    telemetry.sdk.name: opentelemetry
    telemetry.sdk.language: dotnet
    telemetry.sdk.version: 1.8.1
[06:44:25 DBG] Cache miss for key: list:person {"SourceContext": "Infrastructure.Services.Caching.InMemoryCacheService", "ActionId": "0425dd0e-1d78-4076-b169-6784026dd39e", "ActionName": "Api.Controllers.PeopleController.List (Api)", "RequestId": "0HNFGVQB4PDJK", "RequestPath": "/api/people", "Application": "Crud.Api"}
[06:44:25 DBG] Set cache value for key: list:person {"SourceContext": "Infrastructure.Services.Caching.InMemoryCacheService", "ActionId": "0425dd0e-1d78-4076-b169-6784026dd39e", "ActionName": "Api.Controllers.PeopleController.List (Api)", "RequestId": "0HNFGVQB4PDJK", "RequestPath": "/api/people", "Application": "Crud.Api"}
Activity.TraceId:            7890a7fc9c8cfaf4b26c9c94037c942a
Activity.SpanId:             29f51a7e32139b75
Activity.TraceFlags:         Recorded
Activity.ActivitySourceName: Microsoft.AspNetCore
Activity.DisplayName:        GET api/People
Activity.Kind:               Server
Activity.StartTime:          2025-09-11T06:44:25.6006449Z
Activity.Duration:           00:00:00.0018698
Activity.Tags:
    server.address: localhost
    http.request.method: GET
    url.scheme: http
    url.path: /api/people
    network.protocol.version: 1.1
    http.route: api/People
    http.response.status_code: 200
Resource associated with Activity:
    deployment.environment: Testing
    service.name: Crud.Api
    service.version: 1.0.0
    service.instance.id: bb25e7a8-9ced-49c8-9e52-fd74b67e7fff
    telemetry.sdk.name: opentelemetry
    telemetry.sdk.language: dotnet
    telemetry.sdk.version: 1.8.1
[06:44:25 INF] Resetting database for worker 17813 {"SourceContext": "Infrastructure.Services.DatabaseTestService", "Application": "Crud.Api"}
[06:44:25 INF] Resetting database via file deletion for worker 17813 in CI environment {"SourceContext": "Infrastructure.Services.DatabaseTestService", "Application": "Crud.Api"}
[06:44:25 INF] Acquiring database mutex for worker 17813... {"SourceContext": "Infrastructure.Services.DatabaseTestService", "Application": "Crud.Api"}
[06:44:25 INF] Database mutex acquired for worker 17813 {"SourceContext": "Infrastructure.Services.DatabaseTestService", "Application": "Crud.Api"}
[06:44:25 INF] Current database state - CanConnect: True {"SourceContext": "Infrastructure.Services.DatabaseTestService", "Application": "Crud.Api"}
[06:44:25 INF] [Phase 0] Closing database connection for worker 17813... {"SourceContext": "Infrastructure.Services.DatabaseTestService", "Application": "Crud.Api"}
[06:44:25 INF] [Phase 0] Connection closed in 0.0012ms {"SourceContext": "Infrastructure.Services.DatabaseTestService", "Application": "Crud.Api"}
[06:44:25 INF] [Phase 1] Starting EnsureDeletedAsync for worker 17813... {"SourceContext": "Infrastructure.Services.DatabaseTestService", "Application": "Crud.Api"}
[06:44:25 INF] [Phase 1] EnsureDeletedAsync completed in 138.4121ms {"SourceContext": "Infrastructure.Services.DatabaseTestService", "Application": "Crud.Api"}
[06:44:25 INF] [Phase 2] Starting EnsureCreatedAsync for worker 17813... {"SourceContext": "Infrastructure.Services.DatabaseTestService", "Application": "Crud.Api"}
[06:44:26 INF] [Phase 2] EnsureCreatedAsync completed in 345.427ms {"SourceContext": "Infrastructure.Services.DatabaseTestService", "Application": "Crud.Api"}
[06:44:26 INF] [Phase 3] Skipping database seeding as requested for worker 17813 {"SourceContext": "Infrastructure.Services.DatabaseTestService", "Application": "Crud.Api"}
[06:44:26 INF] Database reset via file deletion completed for worker 17813 in 584.7571ms (Close: 0.0012ms, Delete: 138.4121ms, Create: 345.427ms) {"SourceContext": "Infrastructure.Services.DatabaseTestService", "Application": "Crud.Api"}
[06:44:26 INF] Releasing database mutex for worker 17813 {"SourceContext": "Infrastructure.Services.DatabaseTestService", "Application": "Crud.Api"}
[06:44:26 INF] Resetting database for worker 17813 {"SourceContext": "Infrastructure.Services.DatabaseTestService", "Application": "Crud.Api"}
[06:44:26 INF] Resetting database via file deletion for worker 17813 in CI environment {"SourceContext": "Infrastructure.Services.DatabaseTestService", "Application": "Crud.Api"}
[06:44:26 INF] Acquiring database mutex for worker 17813... {"SourceContext": "Infrastructure.Services.DatabaseTestService", "Application": "Crud.Api"}
[06:44:26 INF] Database mutex acquired for worker 17813 {"SourceContext": "Infrastructure.Services.DatabaseTestService", "Application": "Crud.Api"}
[06:44:26 INF] Current database state - CanConnect: True {"SourceContext": "Infrastructure.Services.DatabaseTestService", "Application": "Crud.Api"}
[06:44:26 INF] [Phase 0] Closing database connection for worker 17813... {"SourceContext": "Infrastructure.Services.DatabaseTestService", "Application": "Crud.Api"}
[06:44:26 INF] [Phase 0] Connection closed in 0.0014ms {"SourceContext": "Infrastructure.Services.DatabaseTestService", "Application": "Crud.Api"}
[06:44:26 INF] [Phase 1] Starting EnsureDeletedAsync for worker 17813... {"SourceContext": "Infrastructure.Services.DatabaseTestService", "Application": "Crud.Api"}
[06:44:26 INF] [Phase 1] EnsureDeletedAsync completed in 1.2069ms {"SourceContext": "Infrastructure.Services.DatabaseTestService", "Application": "Crud.Api"}
[06:44:26 INF] [Phase 2] Starting EnsureCreatedAsync for worker 17813... {"SourceContext": "Infrastructure.Services.DatabaseTestService", "Application": "Crud.Api"}
[06:44:26 INF] [Phase 2] EnsureCreatedAsync completed in 7.6896ms {"SourceContext": "Infrastructure.Services.DatabaseTestService", "Application": "Crud.Api"}
[06:44:26 INF] [Phase 3] Skipping database seeding as requested for worker 17813 {"SourceContext": "Infrastructure.Services.DatabaseTestService", "Application": "Crud.Api"}
[06:44:26 INF] Database reset via file deletion completed for worker 17813 in 109.8985ms (Close: 0.0014ms, Delete: 1.2069ms, Create: 7.6896ms) {"SourceContext": "Infrastructure.Services.DatabaseTestService", "Application": "Crud.Api"}
[06:44:26 INF] Releasing database mutex for worker 17813 {"SourceContext": "Infrastructure.Services.DatabaseTestService", "Application": "Crud.Api"}
[06:44:26 INF] User registered successfully: 52077f35-0ece-4527-b215-807052e1f014 {"SourceContext": "App.Features.Authentication.RegisterUserCommandHandler", "ActionId": "6cee7f55-6d22-480a-9299-fa230f71c0f1", "ActionName": "Api.Controllers.AuthController.Register (Api)", "RequestId": "0HNFGVQB4PDJL", "RequestPath": "/api/auth/register", "Application": "Crud.Api"}
Activity.TraceId:            40fb90bd13d1118f44d0d9adbd90b292
Activity.SpanId:             db2c5874c66656b7
Activity.TraceFlags:         Recorded
Activity.ActivitySourceName: Microsoft.AspNetCore
Activity.DisplayName:        POST api/Auth/register
Activity.Kind:               Server
Activity.StartTime:          2025-09-11T06:44:26.3250722Z
Activity.Duration:           00:00:00.2986887
Activity.Tags:
    server.address: localhost
    http.request.method: POST
    url.scheme: http
    url.path: /api/auth/register
    network.protocol.version: 1.1
    http.route: api/Auth/register
    http.response.status_code: 200
Resource associated with Activity:
    deployment.environment: Testing
    service.name: Crud.Api
    service.version: 1.0.0
    service.instance.id: bb25e7a8-9ced-49c8-9e52-fd74b67e7fff
    telemetry.sdk.name: opentelemetry
    telemetry.sdk.language: dotnet
    telemetry.sdk.version: 1.8.1
[06:44:26 INF] User registered successfully: 138aeee8-2ba9-4e7f-8281-f3c80c3cc23e {"SourceContext": "App.Features.Authentication.RegisterUserCommandHandler", "ActionId": "6cee7f55-6d22-480a-9299-fa230f71c0f1", "ActionName": "Api.Controllers.AuthController.Register (Api)", "RequestId": "0HNFGVQB4PDJM", "RequestPath": "/api/auth/register", "Application": "Crud.Api"}
Activity.TraceId:            c0798d69079aca170d80621ef42e7718
Activity.SpanId:             40756b082acafb82
Activity.TraceFlags:         Recorded
Activity.ActivitySourceName: Microsoft.AspNetCore
Activity.DisplayName:        POST api/Auth/register
Activity.Kind:               Server
Activity.StartTime:          2025-09-11T06:44:26.6244217Z
Activity.Duration:           00:00:00.2985169
Activity.Tags:
    server.address: localhost
    http.request.method: POST
    url.scheme: http
    url.path: /api/auth/register
    network.protocol.version: 1.1
    http.route: api/Auth/register
    http.response.status_code: 200
Resource associated with Activity:
    deployment.environment: Testing
    service.name: Crud.Api
    service.version: 1.0.0
    service.instance.id: bb25e7a8-9ced-49c8-9e52-fd74b67e7fff
    telemetry.sdk.name: opentelemetry
    telemetry.sdk.language: dotnet
    telemetry.sdk.version: 1.8.1
[06:44:27 INF] User logged in successfully: 138aeee8-2ba9-4e7f-8281-f3c80c3cc23e {"SourceContext": "App.Features.Authentication.LoginCommandHandler", "ActionId": "1bc3c9fa-1d12-4bdd-b111-210dd0b0208d", "ActionName": "Api.Controllers.AuthController.Login (Api)", "RequestId": "0HNFGVQB4PDJN", "RequestPath": "/api/auth/login", "Application": "Crud.Api"}
Activity.TraceId:            b5becedcfc4eadc9772961cd5ee91ba4
Activity.SpanId:             19c3dd6a5173748c
Activity.TraceFlags:         Recorded
Activity.ActivitySourceName: Microsoft.AspNetCore
Activity.DisplayName:        POST api/Auth/login
Activity.Kind:               Server
Activity.StartTime:          2025-09-11T06:44:26.9239582Z
Activity.Duration:           00:00:00.2985412
Activity.Tags:
    server.address: localhost
    http.request.method: POST
    url.scheme: http
    url.path: /api/auth/login
    network.protocol.version: 1.1
    http.route: api/Auth/login
    http.response.status_code: 200
Resource associated with Activity:
    deployment.environment: Testing
    service.name: Crud.Api
    service.version: 1.0.0
    service.instance.id: bb25e7a8-9ced-49c8-9e52-fd74b67e7fff
    telemetry.sdk.name: opentelemetry
    telemetry.sdk.language: dotnet
    telemetry.sdk.version: 1.8.1
[06:44:27 DBG] Cache miss for key: list:wall {"SourceContext": "Infrastructure.Services.Caching.InMemoryCacheService", "ActionId": "1157662f-8ac4-41bc-9695-b307b697202e", "ActionName": "Api.Controllers.WallsController.List (Api)", "RequestId": "0HNFGVQB4PDJO", "RequestPath": "/api/walls", "Application": "Crud.Api"}
[06:44:27 DBG] Set cache value for key: list:wall {"SourceContext": "Infrastructure.Services.Caching.InMemoryCacheService", "ActionId": "1157662f-8ac4-41bc-9695-b307b697202e", "ActionName": "Api.Controllers.WallsController.List (Api)", "RequestId": "0HNFGVQB4PDJO", "RequestPath": "/api/walls", "Application": "Crud.Api"}
Activity.TraceId:            71ea5e78eea911ae21913a9edf109a6f
Activity.SpanId:             acb0e6e5aff40cdd
Activity.TraceFlags:         Recorded
Activity.ActivitySourceName: Microsoft.AspNetCore
Activity.DisplayName:        GET api/Walls
Activity.Kind:               Server
Activity.StartTime:          2025-09-11T06:44:27.2226911Z
Activity.Duration:           00:00:00.0155686
Activity.Tags:
    server.address: localhost
    http.request.method: GET
    url.scheme: http
    url.path: /api/walls
    network.protocol.version: 1.1
    http.route: api/Walls
    http.response.status_code: 200
Resource associated with Activity:
    deployment.environment: Testing
    service.name: Crud.Api
    service.version: 1.0.0
    service.instance.id: bb25e7a8-9ced-49c8-9e52-fd74b67e7fff
    telemetry.sdk.name: opentelemetry
    telemetry.sdk.language: dotnet
    telemetry.sdk.version: 1.8.1
[06:44:27 DBG] Removed cache value for key: entity:wall:03112b484e52400abc1d7778a1268d72 {"SourceContext": "Infrastructure.Services.Caching.InMemoryCacheService", "ActionId": "b60ab2e1-b20a-4ddb-bc90-1a9af2bfbc5c", "ActionName": "Api.Controllers.WallsController.Create (Api)", "RequestId": "0HNFGVQB4PDJP", "RequestPath": "/api/walls", "Application": "Crud.Api"}
[06:44:27 DBG] Removed cache value for key: list:wall {"SourceContext": "Infrastructure.Services.Caching.InMemoryCacheService", "ActionId": "b60ab2e1-b20a-4ddb-bc90-1a9af2bfbc5c", "ActionName": "Api.Controllers.WallsController.Create (Api)", "RequestId": "0HNFGVQB4PDJP", "RequestPath": "/api/walls", "Application": "Crud.Api"}
[06:44:27 DBG] Invalidating cache for entity type: walls with tag: walls {"SourceContext": "Api.Services.OutputCacheInvalidationService", "ActionId": "b60ab2e1-b20a-4ddb-bc90-1a9af2bfbc5c", "ActionName": "Api.Controllers.WallsController.Create (Api)", "RequestId": "0HNFGVQB4PDJP", "RequestPath": "/api/walls", "Application": "Crud.Api"}
[06:44:27 INF] Successfully invalidated cache for entity type: walls {"SourceContext": "Api.Services.OutputCacheInvalidationService", "ActionId": "b60ab2e1-b20a-4ddb-bc90-1a9af2bfbc5c", "ActionName": "Api.Controllers.WallsController.Create (Api)", "RequestId": "0HNFGVQB4PDJP", "RequestPath": "/api/walls", "Application": "Crud.Api"}
Activity.TraceId:            5412e7ccd9d59b33f43a9531f734645d
Activity.SpanId:             5d770e46a8d7d961
Activity.TraceFlags:         Recorded
Activity.ActivitySourceName: Microsoft.AspNetCore
Activity.DisplayName:        POST api/Walls
Activity.Kind:               Server
Activity.StartTime:          2025-09-11T06:44:27.2400507Z
Activity.Duration:           00:00:00.0176593
Activity.Tags:
    server.address: localhost
    http.request.method: POST
    url.scheme: http
    url.path: /api/walls
    network.protocol.version: 1.1
    http.route: api/Walls
    http.response.status_code: 201
Resource associated with Activity:
    deployment.environment: Testing
    service.name: Crud.Api
    service.version: 1.0.0
    service.instance.id: bb25e7a8-9ced-49c8-9e52-fd74b67e7fff
    telemetry.sdk.name: opentelemetry
    telemetry.sdk.language: dotnet
    telemetry.sdk.version: 1.8.1
[06:44:27 DBG] Cache miss for key: list:wall {"SourceContext": "Infrastructure.Services.Caching.InMemoryCacheService", "ActionId": "1157662f-8ac4-41bc-9695-b307b697202e", "ActionName": "Api.Controllers.WallsController.List (Api)", "RequestId": "0HNFGVQB4PDJQ", "RequestPath": "/api/walls", "Application": "Crud.Api"}
[06:44:27 DBG] Set cache value for key: list:wall {"SourceContext": "Infrastructure.Services.Caching.InMemoryCacheService", "ActionId": "1157662f-8ac4-41bc-9695-b307b697202e", "ActionName": "Api.Controllers.WallsController.List (Api)", "RequestId": "0HNFGVQB4PDJQ", "RequestPath": "/api/walls", "Application": "Crud.Api"}
Activity.TraceId:            60b43ed8e856c19f6ad52910327b4bb8
Activity.SpanId:             eba380c3b30dceab
Activity.TraceFlags:         Recorded
Activity.ActivitySourceName: Microsoft.AspNetCore
Activity.DisplayName:        GET api/Walls
Activity.Kind:               Server
Activity.StartTime:          2025-09-11T06:44:27.2569127Z
Activity.Duration:           00:00:00.0023458
Activity.Tags:
    server.address: localhost
    http.request.method: GET
    url.scheme: http
    url.path: /api/walls
    network.protocol.version: 1.1
    http.route: api/Walls
    http.response.status_code: 200
Resource associated with Activity:
    deployment.environment: Testing
    service.name: Crud.Api
    service.version: 1.0.0
    service.instance.id: bb25e7a8-9ced-49c8-9e52-fd74b67e7fff
    telemetry.sdk.name: opentelemetry
    telemetry.sdk.language: dotnet
    telemetry.sdk.version: 1.8.1
[06:44:27 INF] Resetting database for worker 17813 {"SourceContext": "Infrastructure.Services.DatabaseTestService", "Application": "Crud.Api"}
[06:44:27 INF] Resetting database via file deletion for worker 17813 in CI environment {"SourceContext": "Infrastructure.Services.DatabaseTestService", "Application": "Crud.Api"}
[06:44:27 INF] Acquiring database mutex for worker 17813... {"SourceContext": "Infrastructure.Services.DatabaseTestService", "Application": "Crud.Api"}
[06:44:27 INF] Database mutex acquired for worker 17813 {"SourceContext": "Infrastructure.Services.DatabaseTestService", "Application": "Crud.Api"}
[06:44:27 INF] Current database state - CanConnect: True {"SourceContext": "Infrastructure.Services.DatabaseTestService", "Application": "Crud.Api"}
[06:44:27 INF] [Phase 0] Closing database connection for worker 17813... {"SourceContext": "Infrastructure.Services.DatabaseTestService", "Application": "Crud.Api"}
[06:44:27 INF] [Phase 0] Connection closed in 0.0012ms {"SourceContext": "Infrastructure.Services.DatabaseTestService", "Application": "Crud.Api"}
[06:44:27 INF] [Phase 1] Starting EnsureDeletedAsync for worker 17813... {"SourceContext": "Infrastructure.Services.DatabaseTestService", "Application": "Crud.Api"}
[06:44:27 INF] [Phase 1] EnsureDeletedAsync completed in 1.4671ms {"SourceContext": "Infrastructure.Services.DatabaseTestService", "Application": "Crud.Api"}
[06:44:27 INF] [Phase 2] Starting EnsureCreatedAsync for worker 17813... {"SourceContext": "Infrastructure.Services.DatabaseTestService", "Application": "Crud.Api"}
[06:44:27 INF] [Phase 2] EnsureCreatedAsync completed in 7.5751ms {"SourceContext": "Infrastructure.Services.DatabaseTestService", "Application": "Crud.Api"}
[06:44:27 INF] [Phase 3] Skipping database seeding as requested for worker 17813 {"SourceContext": "Infrastructure.Services.DatabaseTestService", "Application": "Crud.Api"}
[06:44:27 INF] Database reset via file deletion completed for worker 17813 in 109.9858ms (Close: 0.0012ms, Delete: 1.4671ms, Create: 7.5751ms) {"SourceContext": "Infrastructure.Services.DatabaseTestService", "Application": "Crud.Api"}
[06:44:27 INF] Releasing database mutex for worker 17813 {"SourceContext": "Infrastructure.Services.DatabaseTestService", "Application": "Crud.Api"}
[06:44:27 INF] Resetting database for worker 17813 {"SourceContext": "Infrastructure.Services.DatabaseTestService", "Application": "Crud.Api"}
[06:44:27 INF] Resetting database via file deletion for worker 17813 in CI environment {"SourceContext": "Infrastructure.Services.DatabaseTestService", "Application": "Crud.Api"}
[06:44:27 INF] Acquiring database mutex for worker 17813... {"SourceContext": "Infrastructure.Services.DatabaseTestService", "Application": "Crud.Api"}
[06:44:27 INF] Database mutex acquired for worker 17813 {"SourceContext": "Infrastructure.Services.DatabaseTestService", "Application": "Crud.Api"}
[06:44:27 INF] Current database state - CanConnect: True {"SourceContext": "Infrastructure.Services.DatabaseTestService", "Application": "Crud.Api"}
[06:44:27 INF] [Phase 0] Closing database connection for worker 17813... {"SourceContext": "Infrastructure.Services.DatabaseTestService", "Application": "Crud.Api"}
[06:44:27 INF] [Phase 0] Connection closed in 0.0015ms {"SourceContext": "Infrastructure.Services.DatabaseTestService", "Application": "Crud.Api"}
[06:44:27 INF] [Phase 1] Starting EnsureDeletedAsync for worker 17813... {"SourceContext": "Infrastructure.Services.DatabaseTestService", "Application": "Crud.Api"}
[06:44:27 INF] [Phase 1] EnsureDeletedAsync completed in 1.301ms {"SourceContext": "Infrastructure.Services.DatabaseTestService", "Application": "Crud.Api"}
[06:44:27 INF] [Phase 2] Starting EnsureCreatedAsync for worker 17813... {"SourceContext": "Infrastructure.Services.DatabaseTestService", "Application": "Crud.Api"}
[06:44:27 INF] [Phase 2] EnsureCreatedAsync completed in 7.1616ms {"SourceContext": "Infrastructure.Services.DatabaseTestService", "Application": "Crud.Api"}
[06:44:27 INF] [Phase 3] Skipping database seeding as requested for worker 17813 {"SourceContext": "Infrastructure.Services.DatabaseTestService", "Application": "Crud.Api"}
[06:44:27 INF] Database reset via file deletion completed for worker 17813 in 109.0378ms (Close: 0.0015ms, Delete: 1.301ms, Create: 7.1616ms) {"SourceContext": "Infrastructure.Services.DatabaseTestService", "Application": "Crud.Api"}
[06:44:27 INF] Releasing database mutex for worker 17813 {"SourceContext": "Infrastructure.Services.DatabaseTestService", "Application": "Crud.Api"}
[06:44:27 INF] User registered successfully: b951ca9f-b7bc-4067-ac69-fcf8dece98b7 {"SourceContext": "App.Features.Authentication.RegisterUserCommandHandler", "ActionId": "6cee7f55-6d22-480a-9299-fa230f71c0f1", "ActionName": "Api.Controllers.AuthController.Register (Api)", "RequestId": "0HNFGVQB4PDJR", "RequestPath": "/api/auth/register", "Application": "Crud.Api"}
Activity.TraceId:            32735f9b752b35951c3b283cf06ccf72
Activity.SpanId:             b81e744fd098ca99
Activity.TraceFlags:         Recorded
Activity.ActivitySourceName: Microsoft.AspNetCore
Activity.DisplayName:        POST api/Auth/register
Activity.Kind:               Server
Activity.StartTime:          2025-09-11T06:44:27.4832376Z
Activity.Duration:           00:00:00.3015151
Activity.Tags:
    server.address: localhost
    http.request.method: POST
    url.scheme: http
    url.path: /api/auth/register
    network.protocol.version: 1.1
    http.route: api/Auth/register
    http.response.status_code: 200
Resource associated with Activity:
    deployment.environment: Testing
    service.name: Crud.Api
    service.version: 1.0.0
    service.instance.id: bb25e7a8-9ced-49c8-9e52-fd74b67e7fff
    telemetry.sdk.name: opentelemetry
    telemetry.sdk.language: dotnet
    telemetry.sdk.version: 1.8.1
[06:44:28 INF] User registered successfully: 59224d5a-49e0-4029-9a09-1f7f47bd5c55 {"SourceContext": "App.Features.Authentication.RegisterUserCommandHandler", "ActionId": "6cee7f55-6d22-480a-9299-fa230f71c0f1", "ActionName": "Api.Controllers.AuthController.Register (Api)", "RequestId": "0HNFGVQB4PDJS", "RequestPath": "/api/auth/register", "Application": "Crud.Api"}
Activity.TraceId:            09dba82a19ab8c805c3799aaa4508f3c
Activity.SpanId:             86ee91ece058b1c8
Activity.TraceFlags:         Recorded
Activity.ActivitySourceName: Microsoft.AspNetCore
Activity.DisplayName:        POST api/Auth/register
Activity.Kind:               Server
Activity.StartTime:          2025-09-11T06:44:27.7853228Z
Activity.Duration:           00:00:00.2982773
Activity.Tags:
    server.address: localhost
    http.request.method: POST
    url.scheme: http
    url.path: /api/auth/register
    network.protocol.version: 1.1
    http.route: api/Auth/register
    http.response.status_code: 200
Resource associated with Activity:
    deployment.environment: Testing
    service.name: Crud.Api
    service.version: 1.0.0
    service.instance.id: bb25e7a8-9ced-49c8-9e52-fd74b67e7fff
    telemetry.sdk.name: opentelemetry
    telemetry.sdk.language: dotnet
    telemetry.sdk.version: 1.8.1
[06:44:28 INF] User logged in successfully: 59224d5a-49e0-4029-9a09-1f7f47bd5c55 {"SourceContext": "App.Features.Authentication.LoginCommandHandler", "ActionId": "1bc3c9fa-1d12-4bdd-b111-210dd0b0208d", "ActionName": "Api.Controllers.AuthController.Login (Api)", "RequestId": "0HNFGVQB4PDJT", "RequestPath": "/api/auth/login", "Application": "Crud.Api"}
Activity.TraceId:            dc66253d88436bf2698fbd7b84e05cf9
Activity.SpanId:             568942476ef1bbea
Activity.TraceFlags:         Recorded
Activity.ActivitySourceName: Microsoft.AspNetCore
Activity.DisplayName:        POST api/Auth/login
Activity.Kind:               Server
Activity.StartTime:          2025-09-11T06:44:28.0846162Z
Activity.Duration:           00:00:00.2989627
Activity.Tags:
    server.address: localhost
    http.request.method: POST
    url.scheme: http
    url.path: /api/auth/login
    network.protocol.version: 1.1
    http.route: api/Auth/login
    http.response.status_code: 200
Resource associated with Activity:
    deployment.environment: Testing
    service.name: Crud.Api
    service.version: 1.0.0
    service.instance.id: bb25e7a8-9ced-49c8-9e52-fd74b67e7fff
    telemetry.sdk.name: opentelemetry
    telemetry.sdk.language: dotnet
    telemetry.sdk.version: 1.8.1
[06:44:28 DBG] Cache hit for key: list:person {"SourceContext": "Infrastructure.Services.Caching.InMemoryCacheService", "ActionId": "0425dd0e-1d78-4076-b169-6784026dd39e", "ActionName": "Api.Controllers.PeopleController.List (Api)", "RequestId": "0HNFGVQB4PDJU", "RequestPath": "/api/people", "Application": "Crud.Api"}
Activity.TraceId:            c3a9c06b71ece667d7a69012bb378622
Activity.SpanId:             2445e05ece264167
Activity.TraceFlags:         Recorded
Activity.ActivitySourceName: Microsoft.AspNetCore
Activity.DisplayName:        GET api/People
Activity.Kind:               Server
Activity.StartTime:          2025-09-11T06:44:28.3837866Z
Activity.Duration:           00:00:00.0005928
Activity.Tags:
    server.address: localhost
    http.request.method: GET
    url.scheme: http
    url.path: /api/people
    network.protocol.version: 1.1
    http.route: api/People
    http.response.status_code: 200
Resource associated with Activity:
    deployment.environment: Testing
    service.name: Crud.Api
    service.version: 1.0.0
    service.instance.id: bb25e7a8-9ced-49c8-9e52-fd74b67e7fff
    telemetry.sdk.name: opentelemetry
    telemetry.sdk.language: dotnet
    telemetry.sdk.version: 1.8.1
[06:44:28 DBG] Cache hit for key: list:role {"SourceContext": "Infrastructure.Services.Caching.InMemoryCacheService", "ActionId": "804a4e0a-64a9-4058-a8ed-26a360100740", "ActionName": "Api.Controllers.RolesController.List (Api)", "RequestId": "0HNFGVQB4PDJV", "RequestPath": "/api/roles", "Application": "Crud.Api"}
Activity.TraceId:            0f5edd58adbf25ee2512a114660579a7
Activity.SpanId:             1102fa66010dc8d0
Activity.TraceFlags:         Recorded
Activity.ActivitySourceName: Microsoft.AspNetCore
Activity.DisplayName:        GET api/Roles
Activity.Kind:               Server
Activity.StartTime:          2025-09-11T06:44:28.3844739Z
Activity.Duration:           00:00:00.0015873
Activity.Tags:
    server.address: localhost
    http.request.method: GET
    url.scheme: http
    url.path: /api/roles
    network.protocol.version: 1.1
    http.route: api/Roles
    http.response.status_code: 200
Resource associated with Activity:
    deployment.environment: Testing
    service.name: Crud.Api
    service.version: 1.0.0
    service.instance.id: bb25e7a8-9ced-49c8-9e52-fd74b67e7fff
    telemetry.sdk.name: opentelemetry
    telemetry.sdk.language: dotnet
    telemetry.sdk.version: 1.8.1
[06:44:28 DBG] Removed cache value for key: entity:person:2697051869ff4fbdadbbf9c05d168117 {"SourceContext": "Infrastructure.Services.Caching.InMemoryCacheService", "ActionId": "80b77036-4289-4f16-83cf-ab41214f8de1", "ActionName": "Api.Controllers.PeopleController.Create (Api)", "RequestId": "0HNFGVQB4PDK0", "RequestPath": "/api/people", "Application": "Crud.Api"}
[06:44:28 DBG] Removed cache value for key: list:person {"SourceContext": "Infrastructure.Services.Caching.InMemoryCacheService", "ActionId": "80b77036-4289-4f16-83cf-ab41214f8de1", "ActionName": "Api.Controllers.PeopleController.Create (Api)", "RequestId": "0HNFGVQB4PDK0", "RequestPath": "/api/people", "Application": "Crud.Api"}
[06:44:28 DBG] Invalidating cache for entity type: people with tag: people {"SourceContext": "Api.Services.OutputCacheInvalidationService", "ActionId": "80b77036-4289-4f16-83cf-ab41214f8de1", "ActionName": "Api.Controllers.PeopleController.Create (Api)", "RequestId": "0HNFGVQB4PDK0", "RequestPath": "/api/people", "Application": "Crud.Api"}
[06:44:28 INF] Successfully invalidated cache for entity type: people {"SourceContext": "Api.Services.OutputCacheInvalidationService", "ActionId": "80b77036-4289-4f16-83cf-ab41214f8de1", "ActionName": "Api.Controllers.PeopleController.Create (Api)", "RequestId": "0HNFGVQB4PDK0", "RequestPath": "/api/people", "Application": "Crud.Api"}
Activity.TraceId:            c87ca5d3256ac20ac28d34ba10506fd3
Activity.SpanId:             c890dac216cb6bd5
Activity.TraceFlags:         Recorded
Activity.ActivitySourceName: Microsoft.AspNetCore
Activity.DisplayName:        POST api/People
Activity.Kind:               Server
Activity.StartTime:          2025-09-11T06:44:28.3862221Z
Activity.Duration:           00:00:00.0025186
Activity.Tags:
    server.address: localhost
    http.request.method: POST
    url.scheme: http
    url.path: /api/people
    network.protocol.version: 1.1
    http.route: api/People
    http.response.status_code: 201
Resource associated with Activity:
    deployment.environment: Testing
    service.name: Crud.Api
    service.version: 1.0.0
    service.instance.id: bb25e7a8-9ced-49c8-9e52-fd74b67e7fff
    telemetry.sdk.name: opentelemetry
    telemetry.sdk.language: dotnet
    telemetry.sdk.version: 1.8.1
[06:44:28 DBG] Cache miss for key: list:person {"SourceContext": "Infrastructure.Services.Caching.InMemoryCacheService", "ActionId": "0425dd0e-1d78-4076-b169-6784026dd39e", "ActionName": "Api.Controllers.PeopleController.List (Api)", "RequestId": "0HNFGVQB4PDK1", "RequestPath": "/api/people", "Application": "Crud.Api"}
[06:44:28 DBG] Set cache value for key: list:person {"SourceContext": "Infrastructure.Services.Caching.InMemoryCacheService", "ActionId": "0425dd0e-1d78-4076-b169-6784026dd39e", "ActionName": "Api.Controllers.PeopleController.List (Api)", "RequestId": "0HNFGVQB4PDK1", "RequestPath": "/api/people", "Application": "Crud.Api"}
Activity.TraceId:            0817c3628895cc6d31b00e462a7c061b
Activity.SpanId:             1459f7e44cd49823
Activity.TraceFlags:         Recorded
Activity.ActivitySourceName: Microsoft.AspNetCore
Activity.DisplayName:        GET api/People
Activity.Kind:               Server
Activity.StartTime:          2025-09-11T06:44:28.3888472Z
Activity.Duration:           00:00:00.0008639
Activity.Tags:
    server.address: localhost
    http.request.method: GET
    url.scheme: http
    url.path: /api/people
    network.protocol.version: 1.1
    http.route: api/People
    http.response.status_code: 200
Resource associated with Activity:
    deployment.environment: Testing
    service.name: Crud.Api
    service.version: 1.0.0
    service.instance.id: bb25e7a8-9ced-49c8-9e52-fd74b67e7fff
    telemetry.sdk.name: opentelemetry
    telemetry.sdk.language: dotnet
    telemetry.sdk.version: 1.8.1
[06:44:28 DBG] Cache hit for key: list:role {"SourceContext": "Infrastructure.Services.Caching.InMemoryCacheService", "ActionId": "804a4e0a-64a9-4058-a8ed-26a360100740", "ActionName": "Api.Controllers.RolesController.List (Api)", "RequestId": "0HNFGVQB4PDK2", "RequestPath": "/api/roles", "Application": "Crud.Api"}
Activity.TraceId:            5b417ec0384d945cc37ef0a35a70640f
Activity.SpanId:             92567ca0cf9d42b1
Activity.TraceFlags:         Recorded
Activity.ActivitySourceName: Microsoft.AspNetCore
Activity.DisplayName:        GET api/Roles
Activity.Kind:               Server
Activity.StartTime:          2025-09-11T06:44:28.3898211Z
Activity.Duration:           00:00:00.0003520
Activity.Tags:
    server.address: localhost
    http.request.method: GET
    url.scheme: http
    url.path: /api/roles
    network.protocol.version: 1.1
    http.route: api/Roles
    http.response.status_code: 200
Resource associated with Activity:
    deployment.environment: Testing
    service.name: Crud.Api
    service.version: 1.0.0
    service.instance.id: bb25e7a8-9ced-49c8-9e52-fd74b67e7fff
    telemetry.sdk.name: opentelemetry
    telemetry.sdk.language: dotnet
    telemetry.sdk.version: 1.8.1
[06:44:28 INF] Resetting database for worker 17813 {"SourceContext": "Infrastructure.Services.DatabaseTestService", "Application": "Crud.Api"}
[06:44:28 INF] Resetting database via file deletion for worker 17813 in CI environment {"SourceContext": "Infrastructure.Services.DatabaseTestService", "Application": "Crud.Api"}
[06:44:28 INF] Acquiring database mutex for worker 17813... {"SourceContext": "Infrastructure.Services.DatabaseTestService", "Application": "Crud.Api"}
[06:44:28 INF] Database mutex acquired for worker 17813 {"SourceContext": "Infrastructure.Services.DatabaseTestService", "Application": "Crud.Api"}
[06:44:28 INF] Current database state - CanConnect: True {"SourceContext": "Infrastructure.Services.DatabaseTestService", "Application": "Crud.Api"}
[06:44:28 INF] [Phase 0] Closing database connection for worker 17813... {"SourceContext": "Infrastructure.Services.DatabaseTestService", "Application": "Crud.Api"}
[06:44:28 INF] [Phase 0] Connection closed in 0.0013ms {"SourceContext": "Infrastructure.Services.DatabaseTestService", "Application": "Crud.Api"}
[06:44:28 INF] [Phase 1] Starting EnsureDeletedAsync for worker 17813... {"SourceContext": "Infrastructure.Services.DatabaseTestService", "Application": "Crud.Api"}
[06:44:28 INF] [Phase 1] EnsureDeletedAsync completed in 1.6076ms {"SourceContext": "Infrastructure.Services.DatabaseTestService", "Application": "Crud.Api"}
[06:44:28 INF] [Phase 2] Starting EnsureCreatedAsync for worker 17813... {"SourceContext": "Infrastructure.Services.DatabaseTestService", "Application": "Crud.Api"}
[06:44:28 INF] [Phase 2] EnsureCreatedAsync completed in 11.8432ms {"SourceContext": "Infrastructure.Services.DatabaseTestService", "Application": "Crud.Api"}
[06:44:28 INF] [Phase 3] Skipping database seeding as requested for worker 17813 {"SourceContext": "Infrastructure.Services.DatabaseTestService", "Application": "Crud.Api"}
[06:44:28 INF] Database reset via file deletion completed for worker 17813 in 114.0622ms (Close: 0.0013ms, Delete: 1.6076ms, Create: 11.8432ms) {"SourceContext": "Infrastructure.Services.DatabaseTestService", "Application": "Crud.Api"}
[06:44:28 INF] Releasing database mutex for worker 17813 {"SourceContext": "Infrastructure.Services.DatabaseTestService", "Application": "Crud.Api"}
Resource associated with Metric:
    deployment.environment: Testing
    service.name: Crud.Api
    service.version: 1.0.0
    service.instance.id: bb25e7a8-9ced-49c8-9e52-fd74b67e7fff
    telemetry.sdk.name: opentelemetry
    telemetry.sdk.language: dotnet
    telemetry.sdk.version: 1.8.1
Metric Name: http.server.active_requests, Number of active HTTP server requests., Unit: {request}, Meter: Microsoft.AspNetCore.Hosting
(2025-09-11T06:44:19.6710515Z, 2025-09-11T06:44:28.5062263Z] http.request.method: POST url.scheme: http LongSumNonMonotonic
Value: 0
(2025-09-11T06:44:19.6710515Z, 2025-09-11T06:44:28.5062263Z] http.request.method: GET url.scheme: http LongSumNonMonotonic
Value: 0
(2025-09-11T06:44:19.6710515Z, 2025-09-11T06:44:28.5062263Z] http.request.method: DELETE url.scheme: http LongSumNonMonotonic
Value: 0
(2025-09-11T06:44:19.6710515Z, 2025-09-11T06:44:28.5062263Z] http.request.method: PUT url.scheme: http LongSumNonMonotonic
Value: 0
Metric Name: http.server.request.duration, Duration of HTTP server requests., Unit: s, Meter: Microsoft.AspNetCore.Hosting
(2025-09-11T06:44:19.6710737Z, 2025-09-11T06:44:28.5062344Z] http.request.method: POST http.response.status_code: 200 http.route: api/Auth/register network.protocol.version: 1.1 url.scheme: http Histogram
Value: Sum: 4.2378802 Count: 14 Min: 0.2981986 Max: 0.3364962 
(-Infinity,0.005]:0
(0.005,0.01]:0
(0.01,0.025]:0
(0.025,0.05]:0
(0.05,0.075]:0
(0.075,0.1]:0
(0.1,0.25]:0
(0.25,0.5]:14
(0.5,0.75]:0
(0.75,1]:0
(1,2.5]:0
(2.5,5]:0
(5,7.5]:0
(7.5,10]:0
(10,+Infinity]:0
(2025-09-11T06:44:19.6710737Z, 2025-09-11T06:44:28.5062344Z] http.request.method: POST http.response.status_code: 200 http.route: api/Auth/login network.protocol.version: 1.1 url.scheme: http Histogram
Value: Sum: 2.1667503999999997 Count: 7 Min: 0.2985325 Max: 0.3649786 
(-Infinity,0.005]:0
(0.005,0.01]:0
(0.01,0.025]:0
(0.025,0.05]:0
(0.05,0.075]:0
(0.075,0.1]:0
(0.1,0.25]:0
(0.25,0.5]:7
(0.5,0.75]:0
(0.75,1]:0
(1,2.5]:0
(2.5,5]:0
(5,7.5]:0
(7.5,10]:0
(10,+Infinity]:0
(2025-09-11T06:44:19.6710737Z, 2025-09-11T06:44:28.5062344Z] http.request.method: GET http.response.status_code: 200 http.route: api/Windows network.protocol.version: 1.1 url.scheme: http Histogram
Value: Sum: 0.028185599999999998 Count: 2 Min: 0.0026997 Max: 0.0254859 
(-Infinity,0.005]:1
(0.005,0.01]:0
(0.01,0.025]:0
(0.025,0.05]:1
(0.05,0.075]:0
(0.075,0.1]:0
(0.1,0.25]:0
(0.25,0.5]:0
(0.5,0.75]:0
(0.75,1]:0
(1,2.5]:0
(2.5,5]:0
(5,7.5]:0
(7.5,10]:0
(10,+Infinity]:0
(2025-09-11T06:44:19.6710737Z, 2025-09-11T06:44:28.5062344Z] http.request.method: POST http.response.status_code: 201 http.route: api/Windows network.protocol.version: 1.1 url.scheme: http Histogram
Value: Sum: 0.012851 Count: 1 Min: 0.012851 Max: 0.012851 
(-Infinity,0.005]:0
(0.005,0.01]:0
(0.01,0.025]:1
(0.025,0.05]:0
(0.05,0.075]:0
(0.075,0.1]:0
(0.1,0.25]:0
(0.25,0.5]:0
(0.5,0.75]:0
(0.75,1]:0
(1,2.5]:0
(2.5,5]:0
(5,7.5]:0
(7.5,10]:0
(10,+Infinity]:0
(2025-09-11T06:44:19.6710737Z, 2025-09-11T06:44:28.5062344Z] http.request.method: GET http.response.status_code: 200 http.route: api/People network.protocol.version: 1.1 url.scheme: http Histogram
Value: Sum: 0.020049400000000002 Count: 8 Min: 0.0004731 Max: 0.0119383 
(-Infinity,0.005]:7
(0.005,0.01]:0
(0.01,0.025]:1
(0.025,0.05]:0
(0.05,0.075]:0
(0.075,0.1]:0
(0.1,0.25]:0
(0.25,0.5]:0
(0.5,0.75]:0
(0.75,1]:0
(1,2.5]:0
(2.5,5]:0
(5,7.5]:0
(7.5,10]:0
(10,+Infinity]:0
(2025-09-11T06:44:19.6710737Z, 2025-09-11T06:44:28.5062344Z] http.request.method: POST http.response.status_code: 201 http.route: api/People network.protocol.version: 1.1 url.scheme: http Histogram
Value: Sum: 0.0187567 Count: 2 Min: 0.0025161 Max: 0.0162406 
(-Infinity,0.005]:1
(0.005,0.01]:0
(0.01,0.025]:1
(0.025,0.05]:0
(0.05,0.075]:0
(0.075,0.1]:0
(0.1,0.25]:0
(0.25,0.5]:0
(0.5,0.75]:0
(0.75,1]:0
(1,2.5]:0
(2.5,5]:0
(5,7.5]:0
(7.5,10]:0
(10,+Infinity]:0
(2025-09-11T06:44:19.6710737Z, 2025-09-11T06:44:28.5062344Z] http.request.method: GET http.response.status_code: 200 http.route: api/Roles network.protocol.version: 1.1 url.scheme: http Histogram
Value: Sum: 0.016792500000000002 Count: 4 Min: 0.0003504 Max: 0.0132859 
(-Infinity,0.005]:3
(0.005,0.01]:0
(0.01,0.025]:1
(0.025,0.05]:0
(0.05,0.075]:0
(0.075,0.1]:0
(0.1,0.25]:0
(0.25,0.5]:0
(0.5,0.75]:0
(0.75,1]:0
(1,2.5]:0
(2.5,5]:0
(5,7.5]:0
(7.5,10]:0
(10,+Infinity]:0
(2025-09-11T06:44:19.6710737Z, 2025-09-11T06:44:28.5062344Z] http.request.method: POST http.response.status_code: 201 http.route: api/Roles network.protocol.version: 1.1 url.scheme: http Histogram
Value: Sum: 0.0166381 Count: 1 Min: 0.0166381 Max: 0.0166381 
(-Infinity,0.005]:0
(0.005,0.01]:0
(0.01,0.025]:1
(0.025,0.05]:0
(0.05,0.075]:0
(0.075,0.1]:0
(0.1,0.25]:0
(0.25,0.5]:0
(0.5,0.75]:0
(0.75,1]:0
(1,2.5]:0
(2.5,5]:0
(5,7.5]:0
(7.5,10]:0
(10,+Infinity]:0
(2025-09-11T06:44:19.6710737Z, 2025-09-11T06:44:28.5062344Z] http.request.method: DELETE http.response.status_code: 204 http.route: api/People/{id:guid} network.protocol.version: 1.1 url.scheme: http Histogram
Value: Sum: 0.0093535 Count: 1 Min: 0.0093535 Max: 0.0093535 
(-Infinity,0.005]:0
(0.005,0.01]:1
(0.01,0.025]:0
(0.025,0.05]:0
(0.05,0.075]:0
(0.075,0.1]:0
(0.1,0.25]:0
(0.25,0.5]:0
(0.5,0.75]:0
(0.75,1]:0
(1,2.5]:0
(2.5,5]:0
(5,7.5]:0
(7.5,10]:0
(10,+Infinity]:0
(2025-09-11T06:44:19.6710737Z, 2025-09-11T06:44:28.5062344Z] http.request.method: GET http.response.status_code: 200 http.route: api/People/{id:guid} network.protocol.version: 1.1 url.scheme: http Histogram
Value: Sum: 0.0127906 Count: 2 Min: 0.003564 Max: 0.0092266 
(-Infinity,0.005]:1
(0.005,0.01]:1
(0.01,0.025]:0
(0.025,0.05]:0
(0.05,0.075]:0
(0.075,0.1]:0
(0.1,0.25]:0
(0.25,0.5]:0
(0.5,0.75]:0
(0.75,1]:0
(1,2.5]:0
(2.5,5]:0
(5,7.5]:0
(7.5,10]:0
(10,+Infinity]:0
(2025-09-11T06:44:19.6710737Z, 2025-09-11T06:44:28.5062344Z] http.request.method: PUT http.response.status_code: 204 http.route: api/People/{id:guid} network.protocol.version: 1.1 url.scheme: http Histogram
Value: Sum: 0.1478045 Count: 1 Min: 0.1478045 Max: 0.1478045 
(-Infinity,0.005]:0
(0.005,0.01]:0
(0.01,0.025]:0
(0.025,0.05]:0
(0.05,0.075]:0
(0.075,0.1]:0
(0.1,0.25]:1
(0.25,0.5]:0
(0.5,0.75]:0
(0.75,1]:0
(1,2.5]:0
(2.5,5]:0
(5,7.5]:0
(7.5,10]:0
(10,+Infinity]:0
(2025-09-11T06:44:19.6710737Z, 2025-09-11T06:44:28.5062344Z] http.request.method: GET http.response.status_code: 200 http.route: api/Walls network.protocol.version: 1.1 url.scheme: http Histogram
Value: Sum: 0.0179132 Count: 2 Min: 0.0023486 Max: 0.0155646 
(-Infinity,0.005]:1
(0.005,0.01]:0
(0.01,0.025]:1
(0.025,0.05]:0
(0.05,0.075]:0
(0.075,0.1]:0
(0.1,0.25]:0
(0.25,0.5]:0
(0.5,0.75]:0
(0.75,1]:0
(1,2.5]:0
(2.5,5]:0
(5,7.5]:0
(7.5,10]:0
(10,+Infinity]:0
(2025-09-11T06:44:19.6710737Z, 2025-09-11T06:44:28.5062344Z] http.request.method: POST http.response.status_code: 201 http.route: api/Walls network.protocol.version: 1.1 url.scheme: http Histogram
Value: Sum: 0.0167724 Count: 1 Min: 0.0167724 Max: 0.0167724 
(-Infinity,0.005]:0
(0.005,0.01]:0
(0.01,0.025]:1
(0.025,0.05]:0
(0.05,0.075]:0
(0.075,0.1]:0
(0.1,0.25]:0
(0.25,0.5]:0
(0.5,0.75]:0
(0.75,1]:0
(1,2.5]:0
(2.5,5]:0
(5,7.5]:0
(7.5,10]:0
(10,+Infinity]:0
Metric Name: aspnetcore.rate_limiting.active_request_leases, Number of HTTP requests that are currently active on the server that hold a rate limiting lease., Unit: {request}, Meter: Microsoft.AspNetCore.RateLimiting
(2025-09-11T06:44:19.6735770Z, 2025-09-11T06:44:28.5062353Z] LongSumNonMonotonic
Value: 0
Metric Name: aspnetcore.rate_limiting.request_lease.duration, The duration of rate limiting leases held by HTTP requests on the server., Unit: s, Meter: Microsoft.AspNetCore.RateLimiting
(2025-09-11T06:44:19.6736048Z, 2025-09-11T06:44:28.5062364Z] Histogram
Value: Sum: 6.713969200000002 Count: 46 Min: 0.000298 Max: 0.3648668 
(-Infinity,0.005]:14
(0.005,0.01]:2
(0.01,0.025]:7
(0.025,0.05]:1
(0.05,0.075]:0
(0.075,0.1]:0
(0.1,0.25]:1
(0.25,0.5]:21
(0.5,0.75]:0
(0.75,1]:0
(1,2.5]:0
(2.5,5]:0
(5,7.5]:0
(7.5,10]:0
(10,+Infinity]:0
Metric Name: aspnetcore.rate_limiting.requests, Number of requests that tried to acquire a rate limiting lease. Requests could be rejected by global or endpoint rate limiting policies. Or the request could be canceled while waiting for the lease., Unit: {request}, Meter: Microsoft.AspNetCore.RateLimiting
(2025-09-11T06:44:19.6736602Z, 2025-09-11T06:44:28.5062378Z] aspnetcore.rate_limiting.result: acquired LongSum
Value: 46
Metric Name: aspnetcore.routing.match_attempts, Number of requests that were attempted to be matched to an endpoint., Unit: {match_attempt}, Meter: Microsoft.AspNetCore.Routing
(2025-09-11T06:44:19.6746486Z, 2025-09-11T06:44:28.5062383Z] aspnetcore.routing.is_fallback: false aspnetcore.routing.match_status: success http.route: api/Auth/register LongSum
Value: 14
(2025-09-11T06:44:19.6746486Z, 2025-09-11T06:44:28.5062383Z] aspnetcore.routing.is_fallback: false aspnetcore.routing.match_status: success http.route: api/Auth/login LongSum
Value: 7
(2025-09-11T06:44:19.6746486Z, 2025-09-11T06:44:28.5062383Z] aspnetcore.routing.is_fallback: false aspnetcore.routing.match_status: success http.route: api/Windows LongSum
Value: 3
(2025-09-11T06:44:19.6746486Z, 2025-09-11T06:44:28.5062383Z] aspnetcore.routing.is_fallback: false aspnetcore.routing.match_status: success http.route: api/People LongSum
Value: 10
(2025-09-11T06:44:19.6746486Z, 2025-09-11T06:44:28.5062383Z] aspnetcore.routing.is_fallback: false aspnetcore.routing.match_status: success http.route: api/Roles LongSum
Value: 5
(2025-09-11T06:44:19.6746486Z, 2025-09-11T06:44:28.5062383Z] aspnetcore.routing.is_fallback: false aspnetcore.routing.match_status: success http.route: api/People/{id:guid} LongSum
Value: 4
(2025-09-11T06:44:19.6746486Z, 2025-09-11T06:44:28.5062383Z] aspnetcore.routing.is_fallback: false aspnetcore.routing.match_status: success http.route: api/Walls LongSum
Value: 3
[06:44:28 INF] Starting Crud API application {"Application": "Crud.Api"}
[06:44:28 INF] Using SQLite provider with connection: Data Source=TestDatabase.db {"Application": "Crud.Api"}
[06:44:28 INF] Database ensured successfully {"Application": "Crud.Api"}
[06:44:28 INF] Application configured successfully. Starting web host... {"Application": "Crud.Api"}
[06:44:28 WRN] Failed to determine the https port for redirect. {"EventId": {"Id": 3, "Name": "FailedToDeterminePort"}, "SourceContext": "Microsoft.AspNetCore.HttpsPolicy.HttpsRedirectionMiddleware", "RequestId": "0HNFGVQB4PDK3", "RequestPath": "/api/auth/register", "Application": "Crud.Api"}
[06:44:28 INF] User registered successfully: 3464fa49-3ca8-48d6-9c3a-870b51b40734 {"SourceContext": "App.Features.Authentication.RegisterUserCommandHandler", "ActionId": "f803a4b2-94df-4a26-9c05-ce1f6354a0b1", "ActionName": "Api.Controllers.AuthController.Register (Api)", "RequestId": "0HNFGVQB4PDK3", "RequestPath": "/api/auth/register", "Application": "Crud.Api"}
Activity.TraceId:            8a84797d554e09aeb0c0b8c5332ebee3
Activity.SpanId:             bf64ad130a327379
Activity.TraceFlags:         Recorded
Activity.ActivitySourceName: Microsoft.AspNetCore
Activity.DisplayName:        POST api/Auth/register
Activity.Kind:               Server
Activity.StartTime:          2025-09-11T06:44:28.5414485Z
Activity.Duration:           00:00:00.3068713
Activity.Tags:
    server.address: localhost
    http.request.method: POST
    url.scheme: http
    url.path: /api/auth/register
    network.protocol.version: 1.1
    http.route: api/Auth/register
    http.response.status_code: 200
Resource associated with Activity:
    deployment.environment: Testing
    service.name: Crud.Api
    service.version: 1.0.0
    service.instance.id: bb25e7a8-9ced-49c8-9e52-fd74b67e7fff
    telemetry.sdk.name: opentelemetry
    telemetry.sdk.language: dotnet
    telemetry.sdk.version: 1.8.1
[06:44:29 INF] User logged in successfully: 3464fa49-3ca8-48d6-9c3a-870b51b40734 {"SourceContext": "App.Features.Authentication.LoginCommandHandler", "ActionId": "e43c0da0-3a76-4c47-8859-641c4f50a470", "ActionName": "Api.Controllers.AuthController.Login (Api)", "RequestId": "0HNFGVQB4PDK4", "RequestPath": "/api/auth/login", "Application": "Crud.Api"}
Activity.TraceId:            666fc5fd2de15ac0c080d6af54ebca15
Activity.SpanId:             c55949a3dfa13c61
Activity.TraceFlags:         Recorded
Activity.ActivitySourceName: Microsoft.AspNetCore
Activity.DisplayName:        POST api/Auth/login
Activity.Kind:               Server
Activity.StartTime:          2025-09-11T06:44:28.8509637Z
Activity.Duration:           00:00:00.3047649
Activity.Tags:
    server.address: localhost
    http.request.method: POST
    url.scheme: http
    url.path: /api/auth/login
    network.protocol.version: 1.1
    http.route: api/Auth/login
    http.response.status_code: 200
Resource associated with Activity:
    deployment.environment: Testing
    service.name: Crud.Api
    service.version: 1.0.0
    service.instance.id: bb25e7a8-9ced-49c8-9e52-fd74b67e7fff
    telemetry.sdk.name: opentelemetry
    telemetry.sdk.language: dotnet
    telemetry.sdk.version: 1.8.1
[06:44:29 DBG] Removed cache value for key: entity:role:a354a7d4854943aa9408fb8d149dd6e3 {"SourceContext": "Infrastructure.Services.Caching.InMemoryCacheService", "ActionId": "4c28a670-c25a-44a8-afc8-8a10a1c24fa7", "ActionName": "Api.Controllers.RolesController.Delete (Api)", "RequestId": "0HNFGVQB4PDK5", "RequestPath": "/api/roles/a354a7d4-8549-43aa-9408-fb8d149dd6e3", "Application": "Crud.Api"}
[06:44:29 DBG] Removed cache value for key: list:role {"SourceContext": "Infrastructure.Services.Caching.InMemoryCacheService", "ActionId": "4c28a670-c25a-44a8-afc8-8a10a1c24fa7", "ActionName": "Api.Controllers.RolesController.Delete (Api)", "RequestId": "0HNFGVQB4PDK5", "RequestPath": "/api/roles/a354a7d4-8549-43aa-9408-fb8d149dd6e3", "Application": "Crud.Api"}
[06:44:29 DBG] Invalidating cache for entity: roles/a354a7d4-8549-43aa-9408-fb8d149dd6e3 with tags: roles, roles:a354a7d4-8549-43aa-9408-fb8d149dd6e3 {"SourceContext": "Api.Services.OutputCacheInvalidationService", "ActionId": "4c28a670-c25a-44a8-afc8-8a10a1c24fa7", "ActionName": "Api.Controllers.RolesController.Delete (Api)", "RequestId": "0HNFGVQB4PDK5", "RequestPath": "/api/roles/a354a7d4-8549-43aa-9408-fb8d149dd6e3", "Application": "Crud.Api"}
[06:44:29 DBG] Successfully invalidated cache for tag: roles {"SourceContext": "Api.Services.OutputCacheInvalidationService", "ActionId": "4c28a670-c25a-44a8-afc8-8a10a1c24fa7", "ActionName": "Api.Controllers.RolesController.Delete (Api)", "RequestId": "0HNFGVQB4PDK5", "RequestPath": "/api/roles/a354a7d4-8549-43aa-9408-fb8d149dd6e3", "Application": "Crud.Api"}
[06:44:29 DBG] Successfully invalidated cache for tag: roles:a354a7d4-8549-43aa-9408-fb8d149dd6e3 {"SourceContext": "Api.Services.OutputCacheInvalidationService", "ActionId": "4c28a670-c25a-44a8-afc8-8a10a1c24fa7", "ActionName": "Api.Controllers.RolesController.Delete (Api)", "RequestId": "0HNFGVQB4PDK5", "RequestPath": "/api/roles/a354a7d4-8549-43aa-9408-fb8d149dd6e3", "Application": "Crud.Api"}
Activity.TraceId:            7843a20966adb97a2c19bf722456e36a
Activity.SpanId:             c6d2e267eff76dd4
Activity.TraceFlags:         Recorded
Activity.ActivitySourceName: Microsoft.AspNetCore
Activity.DisplayName:        DELETE api/Roles/{id:guid}
Activity.Kind:               Server
Activity.StartTime:          2025-09-11T06:44:29.1566395Z
Activity.Duration:           00:00:00.0152352
Activity.Tags:
    server.address: localhost
    http.request.method: DELETE
    url.scheme: http
    url.path: /api/roles/a354a7d4-8549-43aa-9408-fb8d149dd6e3
    network.protocol.version: 1.1
    http.route: api/Roles/{id:guid}
    http.response.status_code: 204
Resource associated with Activity:
    deployment.environment: Testing
    service.name: Crud.Api
    service.version: 1.0.0
    service.instance.id: bb25e7a8-9ced-49c8-9e52-fd74b67e7fff
    telemetry.sdk.name: opentelemetry
    telemetry.sdk.language: dotnet
    telemetry.sdk.version: 1.8.1
[06:44:29 INF] Resetting database for worker 11843 {"SourceContext": "Infrastructure.Services.DatabaseTestService", "Application": "Crud.Api"}
[06:44:29 INF] Resetting database via file deletion for worker 11843 in CI environment {"SourceContext": "Infrastructure.Services.DatabaseTestService", "Application": "Crud.Api"}
[06:44:29 INF] Acquiring database mutex for worker 11843... {"SourceContext": "Infrastructure.Services.DatabaseTestService", "Application": "Crud.Api"}
[06:44:29 INF] Database mutex acquired for worker 11843 {"SourceContext": "Infrastructure.Services.DatabaseTestService", "Application": "Crud.Api"}
[06:44:29 INF] Current database state - CanConnect: True {"SourceContext": "Infrastructure.Services.DatabaseTestService", "Application": "Crud.Api"}
[06:44:29 INF] [Phase 0] Closing database connection for worker 11843... {"SourceContext": "Infrastructure.Services.DatabaseTestService", "Application": "Crud.Api"}
[06:44:29 INF] [Phase 0] Connection closed in 0.0055ms {"SourceContext": "Infrastructure.Services.DatabaseTestService", "Application": "Crud.Api"}
[06:44:29 INF] [Phase 1] Starting EnsureDeletedAsync for worker 11843... {"SourceContext": "Infrastructure.Services.DatabaseTestService", "Application": "Crud.Api"}
[06:44:29 INF] [Phase 1] EnsureDeletedAsync completed in 1.3998ms {"SourceContext": "Infrastructure.Services.DatabaseTestService", "Application": "Crud.Api"}
[06:44:29 INF] [Phase 2] Starting EnsureCreatedAsync for worker 11843... {"SourceContext": "Infrastructure.Services.DatabaseTestService", "Application": "Crud.Api"}
[06:44:29 INF] [Phase 2] EnsureCreatedAsync completed in 8.0298ms {"SourceContext": "Infrastructure.Services.DatabaseTestService", "Application": "Crud.Api"}
[06:44:29 INF] [Phase 3] Skipping database seeding as requested for worker 11843 {"SourceContext": "Infrastructure.Services.DatabaseTestService", "Application": "Crud.Api"}
[06:44:29 INF] Database reset via file deletion completed for worker 11843 in 109.631ms (Close: 0.0055ms, Delete: 1.3998ms, Create: 8.0298ms) {"SourceContext": "Infrastructure.Services.DatabaseTestService", "Application": "Crud.Api"}
[06:44:29 INF] Releasing database mutex for worker 11843 {"SourceContext": "Infrastructure.Services.DatabaseTestService", "Application": "Crud.Api"}
[06:44:29 INF] User registered successfully: 1c09d8a5-4e45-41df-b718-ef924ffa8398 {"SourceContext": "App.Features.Authentication.RegisterUserCommandHandler", "ActionId": "f803a4b2-94df-4a26-9c05-ce1f6354a0b1", "ActionName": "Api.Controllers.AuthController.Register (Api)", "RequestId": "0HNFGVQB4PDK6", "RequestPath": "/api/auth/register", "Application": "Crud.Api"}
Activity.TraceId:            3fb00f1c1900492f1df70afc875dfb27
Activity.SpanId:             1b8a122999b18469
Activity.TraceFlags:         Recorded
Activity.ActivitySourceName: Microsoft.AspNetCore
Activity.DisplayName:        POST api/Auth/register
Activity.Kind:               Server
Activity.StartTime:          2025-09-11T06:44:29.2856043Z
Activity.Duration:           00:00:00.2987699
Activity.Tags:
    server.address: localhost
    http.request.method: POST
    url.scheme: http
    url.path: /api/auth/register
    network.protocol.version: 1.1
    http.route: api/Auth/register
    http.response.status_code: 200
Resource associated with Activity:
    deployment.environment: Testing
    service.name: Crud.Api
    service.version: 1.0.0
    service.instance.id: bb25e7a8-9ced-49c8-9e52-fd74b67e7fff
    telemetry.sdk.name: opentelemetry
    telemetry.sdk.language: dotnet
    telemetry.sdk.version: 1.8.1
[06:44:29 INF] User logged in successfully: 1c09d8a5-4e45-41df-b718-ef924ffa8398 {"SourceContext": "App.Features.Authentication.LoginCommandHandler", "ActionId": "e43c0da0-3a76-4c47-8859-641c4f50a470", "ActionName": "Api.Controllers.AuthController.Login (Api)", "RequestId": "0HNFGVQB4PDK7", "RequestPath": "/api/auth/login", "Application": "Crud.Api"}
Activity.TraceId:            f5ba368321e928b680262af30607b718
Activity.SpanId:             e35c6419fd7d536d
Activity.TraceFlags:         Recorded
Activity.ActivitySourceName: Microsoft.AspNetCore
Activity.DisplayName:        POST api/Auth/login
Activity.Kind:               Server
Activity.StartTime:          2025-09-11T06:44:29.5858121Z
Activity.Duration:           00:00:00.2986950
Activity.Tags:
    server.address: localhost
    http.request.method: POST
    url.scheme: http
    url.path: /api/auth/login
    network.protocol.version: 1.1
    http.route: api/Auth/login
    http.response.status_code: 200
Resource associated with Activity:
    deployment.environment: Testing
    service.name: Crud.Api
    service.version: 1.0.0
    service.instance.id: bb25e7a8-9ced-49c8-9e52-fd74b67e7fff
    telemetry.sdk.name: opentelemetry
    telemetry.sdk.language: dotnet
    telemetry.sdk.version: 1.8.1
[06:44:29 DBG] Cache miss for key: name:role:admin {"SourceContext": "Infrastructure.Services.Caching.InMemoryCacheService", "ActionId": "e47128ec-9691-44f7-85ae-68336fa558f2", "ActionName": "Api.Controllers.RolesController.Create (Api)", "RequestId": "0HNFGVQB4PDK8", "RequestPath": "/api/roles", "Application": "Crud.Api"}
[06:44:29 DBG] Removed cache value for key: entity:role:61410e7ad1034fd885a048c47754e037 {"SourceContext": "Infrastructure.Services.Caching.InMemoryCacheService", "ActionId": "e47128ec-9691-44f7-85ae-68336fa558f2", "ActionName": "Api.Controllers.RolesController.Create (Api)", "RequestId": "0HNFGVQB4PDK8", "RequestPath": "/api/roles", "Application": "Crud.Api"}
[06:44:29 DBG] Removed cache value for key: list:role {"SourceContext": "Infrastructure.Services.Caching.InMemoryCacheService", "ActionId": "e47128ec-9691-44f7-85ae-68336fa558f2", "ActionName": "Api.Controllers.RolesController.Create (Api)", "RequestId": "0HNFGVQB4PDK8", "RequestPath": "/api/roles", "Application": "Crud.Api"}
[06:44:29 DBG] Invalidating cache for entity type: roles with tag: roles {"SourceContext": "Api.Services.OutputCacheInvalidationService", "ActionId": "e47128ec-9691-44f7-85ae-68336fa558f2", "ActionName": "Api.Controllers.RolesController.Create (Api)", "RequestId": "0HNFGVQB4PDK8", "RequestPath": "/api/roles", "Application": "Crud.Api"}
[06:44:29 INF] Successfully invalidated cache for entity type: roles {"SourceContext": "Api.Services.OutputCacheInvalidationService", "ActionId": "e47128ec-9691-44f7-85ae-68336fa558f2", "ActionName": "Api.Controllers.RolesController.Create (Api)", "RequestId": "0HNFGVQB4PDK8", "RequestPath": "/api/roles", "Application": "Crud.Api"}
Activity.TraceId:            7cc63d76b4c508755bf0d3fadaf42224
Activity.SpanId:             63f18bad923a59c7
Activity.TraceFlags:         Recorded
Activity.ActivitySourceName: Microsoft.AspNetCore
Activity.DisplayName:        POST api/Roles
Activity.Kind:               Server
Activity.StartTime:          2025-09-11T06:44:29.8849453Z
Activity.Duration:           00:00:00.0109020
Activity.Tags:
    server.address: localhost
    http.request.method: POST
    url.scheme: http
    url.path: /api/roles
    network.protocol.version: 1.1
    http.route: api/Roles
    http.response.status_code: 201
Resource associated with Activity:
    deployment.environment: Testing
    service.name: Crud.Api
    service.version: 1.0.0
    service.instance.id: bb25e7a8-9ced-49c8-9e52-fd74b67e7fff
    telemetry.sdk.name: opentelemetry
    telemetry.sdk.language: dotnet
    telemetry.sdk.version: 1.8.1
[06:44:30 INF] User registered successfully: 54289405-5d48-423a-9369-62438c5924a2 {"SourceContext": "App.Features.Authentication.RegisterUserCommandHandler", "ActionId": "f803a4b2-94df-4a26-9c05-ce1f6354a0b1", "ActionName": "Api.Controllers.AuthController.Register (Api)", "RequestId": "0HNFGVQB4PDK9", "RequestPath": "/api/auth/register", "Application": "Crud.Api"}
Activity.TraceId:            0c48918650a6c11b53afbb96a06ef0b5
Activity.SpanId:             2ecfcf6b9f739054
Activity.TraceFlags:         Recorded
Activity.ActivitySourceName: Microsoft.AspNetCore
Activity.DisplayName:        POST api/Auth/register
Activity.Kind:               Server
Activity.StartTime:          2025-09-11T06:44:29.8965112Z
Activity.Duration:           00:00:00.3011882
Activity.Tags:
    server.address: localhost
    http.request.method: POST
    url.scheme: http
    url.path: /api/auth/register
    network.protocol.version: 1.1
    http.route: api/Auth/register
    http.response.status_code: 200
Resource associated with Activity:
    deployment.environment: Testing
    service.name: Crud.Api
    service.version: 1.0.0
    service.instance.id: bb25e7a8-9ced-49c8-9e52-fd74b67e7fff
    telemetry.sdk.name: opentelemetry
    telemetry.sdk.language: dotnet
    telemetry.sdk.version: 1.8.1
[06:44:30 INF] User logged in successfully: 54289405-5d48-423a-9369-62438c5924a2 {"SourceContext": "App.Features.Authentication.LoginCommandHandler", "ActionId": "e43c0da0-3a76-4c47-8859-641c4f50a470", "ActionName": "Api.Controllers.AuthController.Login (Api)", "RequestId": "0HNFGVQB4PDKA", "RequestPath": "/api/auth/login", "Application": "Crud.Api"}
Activity.TraceId:            d9918bd7cfc7835aa73955bf9e2e3bc6
Activity.SpanId:             f758c48e86a49892
Activity.TraceFlags:         Recorded
Activity.ActivitySourceName: Microsoft.AspNetCore
Activity.DisplayName:        POST api/Auth/login
Activity.Kind:               Server
Activity.StartTime:          2025-09-11T06:44:30.1987567Z
Activity.Duration:           00:00:00.3153752
Activity.Tags:
    server.address: localhost
    http.request.method: POST
    url.scheme: http
    url.path: /api/auth/login
    network.protocol.version: 1.1
    http.route: api/Auth/login
    http.response.status_code: 200
Resource associated with Activity:
    deployment.environment: Testing
    service.name: Crud.Api
    service.version: 1.0.0
    service.instance.id: bb25e7a8-9ced-49c8-9e52-fd74b67e7fff
    telemetry.sdk.name: opentelemetry
    telemetry.sdk.language: dotnet
    telemetry.sdk.version: 1.8.1
[06:44:30 DBG] Cache miss for key: name:role:user {"SourceContext": "Infrastructure.Services.Caching.InMemoryCacheService", "ActionId": "e47128ec-9691-44f7-85ae-68336fa558f2", "ActionName": "Api.Controllers.RolesController.Create (Api)", "RequestId": "0HNFGVQB4PDKB", "RequestPath": "/api/roles", "Application": "Crud.Api"}
[06:44:30 DBG] Removed cache value for key: entity:role:9ddfc120a4a5413291714820002884d1 {"SourceContext": "Infrastructure.Services.Caching.InMemoryCacheService", "ActionId": "e47128ec-9691-44f7-85ae-68336fa558f2", "ActionName": "Api.Controllers.RolesController.Create (Api)", "RequestId": "0HNFGVQB4PDKB", "RequestPath": "/api/roles", "Application": "Crud.Api"}
[06:44:30 DBG] Removed cache value for key: list:role {"SourceContext": "Infrastructure.Services.Caching.InMemoryCacheService", "ActionId": "e47128ec-9691-44f7-85ae-68336fa558f2", "ActionName": "Api.Controllers.RolesController.Create (Api)", "RequestId": "0HNFGVQB4PDKB", "RequestPath": "/api/roles", "Application": "Crud.Api"}
[06:44:30 DBG] Invalidating cache for entity type: roles with tag: roles {"SourceContext": "Api.Services.OutputCacheInvalidationService", "ActionId": "e47128ec-9691-44f7-85ae-68336fa558f2", "ActionName": "Api.Controllers.RolesController.Create (Api)", "RequestId": "0HNFGVQB4PDKB", "RequestPath": "/api/roles", "Application": "Crud.Api"}
[06:44:30 INF] Successfully invalidated cache for entity type: roles {"SourceContext": "Api.Services.OutputCacheInvalidationService", "ActionId": "e47128ec-9691-44f7-85ae-68336fa558f2", "ActionName": "Api.Controllers.RolesController.Create (Api)", "RequestId": "0HNFGVQB4PDKB", "RequestPath": "/api/roles", "Application": "Crud.Api"}
Activity.TraceId:            fec59a0bf497b953cc5d16947425ddd9
Activity.SpanId:             ac8fbf8b974ffa9f
Activity.TraceFlags:         Recorded
Activity.ActivitySourceName: Microsoft.AspNetCore
Activity.DisplayName:        POST api/Roles
Activity.Kind:               Server
Activity.StartTime:          2025-09-11T06:44:30.5142994Z
Activity.Duration:           00:00:00.0038626
Activity.Tags:
    server.address: localhost
    http.request.method: POST
    url.scheme: http
    url.path: /api/roles
    network.protocol.version: 1.1
    http.route: api/Roles
    http.response.status_code: 201
Resource associated with Activity:
    deployment.environment: Testing
    service.name: Crud.Api
    service.version: 1.0.0
    service.instance.id: bb25e7a8-9ced-49c8-9e52-fd74b67e7fff
    telemetry.sdk.name: opentelemetry
    telemetry.sdk.language: dotnet
    telemetry.sdk.version: 1.8.1
[06:44:30 INF] User registered successfully: 54ef0059-ed13-4173-a44a-60550e1437a7 {"SourceContext": "App.Features.Authentication.RegisterUserCommandHandler", "ActionId": "f803a4b2-94df-4a26-9c05-ce1f6354a0b1", "ActionName": "Api.Controllers.AuthController.Register (Api)", "RequestId": "0HNFGVQB4PDKC", "RequestPath": "/api/auth/register", "Application": "Crud.Api"}
Activity.TraceId:            c3e91fd20787d6b47ba5bfc437cecd72
Activity.SpanId:             c4a76a0165f432b5
Activity.TraceFlags:         Recorded
Activity.ActivitySourceName: Microsoft.AspNetCore
Activity.DisplayName:        POST api/Auth/register
Activity.Kind:               Server
Activity.StartTime:          2025-09-11T06:44:30.5182582Z
Activity.Duration:           00:00:00.2998105
Activity.Tags:
    server.address: localhost
    http.request.method: POST
    url.scheme: http
    url.path: /api/auth/register
    network.protocol.version: 1.1
    http.route: api/Auth/register
    http.response.status_code: 200
Resource associated with Activity:
    deployment.environment: Testing
    service.name: Crud.Api
    service.version: 1.0.0
    service.instance.id: bb25e7a8-9ced-49c8-9e52-fd74b67e7fff
    telemetry.sdk.name: opentelemetry
    telemetry.sdk.language: dotnet
    telemetry.sdk.version: 1.8.1
[06:44:30 DBG] Cache miss for key: list:role {"SourceContext": "Infrastructure.Services.Caching.InMemoryCacheService", "ActionId": "4626ef95-b262-4ae9-b109-eece446941e3", "ActionName": "Api.Controllers.RolesController.List (Api)", "RequestId": "0HNFGVQB4PDKD", "RequestPath": "/api/roles", "Application": "Crud.Api"}
[06:44:30 DBG] Set cache value for key: list:role {"SourceContext": "Infrastructure.Services.Caching.InMemoryCacheService", "ActionId": "4626ef95-b262-4ae9-b109-eece446941e3", "ActionName": "Api.Controllers.RolesController.List (Api)", "RequestId": "0HNFGVQB4PDKD", "RequestPath": "/api/roles", "Application": "Crud.Api"}
Activity.TraceId:            63cd662aec1ee4f66d538a159e6a9091
Activity.SpanId:             1d4386f64e084bec
Activity.TraceFlags:         Recorded
Activity.ActivitySourceName: Microsoft.AspNetCore
Activity.DisplayName:        GET api/Roles
Activity.Kind:               Server
Activity.StartTime:          2025-09-11T06:44:30.8182754Z
Activity.Duration:           00:00:00.0068208
Activity.Tags:
    server.address: localhost
    http.request.method: GET
    url.scheme: http
    url.path: /api/roles
    network.protocol.version: 1.1
    http.route: api/Roles
    http.response.status_code: 200
Resource associated with Activity:
    deployment.environment: Testing
    service.name: Crud.Api
    service.version: 1.0.0
    service.instance.id: bb25e7a8-9ced-49c8-9e52-fd74b67e7fff
    telemetry.sdk.name: opentelemetry
    telemetry.sdk.language: dotnet
    telemetry.sdk.version: 1.8.1
[06:44:30 INF] Resetting database for worker 11843 {"SourceContext": "Infrastructure.Services.DatabaseTestService", "Application": "Crud.Api"}
[06:44:30 INF] Resetting database via file deletion for worker 11843 in CI environment {"SourceContext": "Infrastructure.Services.DatabaseTestService", "Application": "Crud.Api"}
[06:44:30 INF] Acquiring database mutex for worker 11843... {"SourceContext": "Infrastructure.Services.DatabaseTestService", "Application": "Crud.Api"}
[06:44:30 INF] Database mutex acquired for worker 11843 {"SourceContext": "Infrastructure.Services.DatabaseTestService", "Application": "Crud.Api"}
[06:44:30 INF] Current database state - CanConnect: True {"SourceContext": "Infrastructure.Services.DatabaseTestService", "Application": "Crud.Api"}
[06:44:30 INF] [Phase 0] Closing database connection for worker 11843... {"SourceContext": "Infrastructure.Services.DatabaseTestService", "Application": "Crud.Api"}
[06:44:30 INF] [Phase 0] Connection closed in 0.001ms {"SourceContext": "Infrastructure.Services.DatabaseTestService", "Application": "Crud.Api"}
[06:44:30 INF] [Phase 1] Starting EnsureDeletedAsync for worker 11843... {"SourceContext": "Infrastructure.Services.DatabaseTestService", "Application": "Crud.Api"}
[06:44:30 INF] [Phase 1] EnsureDeletedAsync completed in 1.5321ms {"SourceContext": "Infrastructure.Services.DatabaseTestService", "Application": "Crud.Api"}
[06:44:30 INF] [Phase 2] Starting EnsureCreatedAsync for worker 11843... {"SourceContext": "Infrastructure.Services.DatabaseTestService", "Application": "Crud.Api"}
[06:44:30 INF] [Phase 2] EnsureCreatedAsync completed in 8.4624ms {"SourceContext": "Infrastructure.Services.DatabaseTestService", "Application": "Crud.Api"}
[06:44:30 INF] [Phase 3] Skipping database seeding as requested for worker 11843 {"SourceContext": "Infrastructure.Services.DatabaseTestService", "Application": "Crud.Api"}
[06:44:30 INF] Database reset via file deletion completed for worker 11843 in 110.7521ms (Close: 0.001ms, Delete: 1.5321ms, Create: 8.4624ms) {"SourceContext": "Infrastructure.Services.DatabaseTestService", "Application": "Crud.Api"}
[06:44:30 INF] Releasing database mutex for worker 11843 {"SourceContext": "Infrastructure.Services.DatabaseTestService", "Application": "Crud.Api"}
[06:44:31 INF] User registered successfully: 03fee545-d355-402d-a61f-b7c0c1d34f0d {"SourceContext": "App.Features.Authentication.RegisterUserCommandHandler", "ActionId": "f803a4b2-94df-4a26-9c05-ce1f6354a0b1", "ActionName": "Api.Controllers.AuthController.Register (Api)", "RequestId": "0HNFGVQB4PDKE", "RequestPath": "/api/auth/register", "Application": "Crud.Api"}
Activity.TraceId:            7fb2dbe37e321bf8ed5ab26fb39686fb
Activity.SpanId:             f1de28520bca624d
Activity.TraceFlags:         Recorded
Activity.ActivitySourceName: Microsoft.AspNetCore
Activity.DisplayName:        POST api/Auth/register
Activity.Kind:               Server
Activity.StartTime:          2025-09-11T06:44:30.9415731Z
Activity.Duration:           00:00:00.3005567
Activity.Tags:
    server.address: localhost
    http.request.method: POST
    url.scheme: http
    url.path: /api/auth/register
    network.protocol.version: 1.1
    http.route: api/Auth/register
    http.response.status_code: 200
Resource associated with Activity:
    deployment.environment: Testing
    service.name: Crud.Api
    service.version: 1.0.0
    service.instance.id: bb25e7a8-9ced-49c8-9e52-fd74b67e7fff
    telemetry.sdk.name: opentelemetry
    telemetry.sdk.language: dotnet
    telemetry.sdk.version: 1.8.1
[06:44:31 INF] User logged in successfully: 03fee545-d355-402d-a61f-b7c0c1d34f0d {"SourceContext": "App.Features.Authentication.LoginCommandHandler", "ActionId": "e43c0da0-3a76-4c47-8859-641c4f50a470", "ActionName": "Api.Controllers.AuthController.Login (Api)", "RequestId": "0HNFGVQB4PDKF", "RequestPath": "/api/auth/login", "Application": "Crud.Api"}
Activity.TraceId:            aeaf689ca3a691728b71241680a3f98a
Activity.SpanId:             6b217f75f10ff90c
Activity.TraceFlags:         Recorded
Activity.ActivitySourceName: Microsoft.AspNetCore
Activity.DisplayName:        POST api/Auth/login
Activity.Kind:               Server
Activity.StartTime:          2025-09-11T06:44:31.2436450Z
Activity.Duration:           00:00:00.2996576
Activity.Tags:
    server.address: localhost
    http.request.method: POST
    url.scheme: http
    url.path: /api/auth/login
    network.protocol.version: 1.1
    http.route: api/Auth/login
    http.response.status_code: 200
Resource associated with Activity:
    deployment.environment: Testing
    service.name: Crud.Api
    service.version: 1.0.0
    service.instance.id: bb25e7a8-9ced-49c8-9e52-fd74b67e7fff
    telemetry.sdk.name: opentelemetry
    telemetry.sdk.language: dotnet
    telemetry.sdk.version: 1.8.1
[06:44:31 DBG] Cache miss for key: name:role:todelete {"SourceContext": "Infrastructure.Services.Caching.InMemoryCacheService", "ActionId": "e47128ec-9691-44f7-85ae-68336fa558f2", "ActionName": "Api.Controllers.RolesController.Create (Api)", "RequestId": "0HNFGVQB4PDKG", "RequestPath": "/api/roles", "Application": "Crud.Api"}
[06:44:31 DBG] Removed cache value for key: entity:role:19b5784200ec48f6b22de4633cb8118e {"SourceContext": "Infrastructure.Services.Caching.InMemoryCacheService", "ActionId": "e47128ec-9691-44f7-85ae-68336fa558f2", "ActionName": "Api.Controllers.RolesController.Create (Api)", "RequestId": "0HNFGVQB4PDKG", "RequestPath": "/api/roles", "Application": "Crud.Api"}
[06:44:31 DBG] Removed cache value for key: list:role {"SourceContext": "Infrastructure.Services.Caching.InMemoryCacheService", "ActionId": "e47128ec-9691-44f7-85ae-68336fa558f2", "ActionName": "Api.Controllers.RolesController.Create (Api)", "RequestId": "0HNFGVQB4PDKG", "RequestPath": "/api/roles", "Application": "Crud.Api"}
[06:44:31 DBG] Invalidating cache for entity type: roles with tag: roles {"SourceContext": "Api.Services.OutputCacheInvalidationService", "ActionId": "e47128ec-9691-44f7-85ae-68336fa558f2", "ActionName": "Api.Controllers.RolesController.Create (Api)", "RequestId": "0HNFGVQB4PDKG", "RequestPath": "/api/roles", "Application": "Crud.Api"}
[06:44:31 INF] Successfully invalidated cache for entity type: roles {"SourceContext": "Api.Services.OutputCacheInvalidationService", "ActionId": "e47128ec-9691-44f7-85ae-68336fa558f2", "ActionName": "Api.Controllers.RolesController.Create (Api)", "RequestId": "0HNFGVQB4PDKG", "RequestPath": "/api/roles", "Application": "Crud.Api"}
Activity.TraceId:            89a02a23fb2ed8dc7d54ab72292dd760
Activity.SpanId:             0fe6536d3a4ee960
Activity.TraceFlags:         Recorded
Activity.ActivitySourceName: Microsoft.AspNetCore
Activity.DisplayName:        POST api/Roles
Activity.Kind:               Server
Activity.StartTime:          2025-09-11T06:44:31.5441241Z
Activity.Duration:           00:00:00.0038787
Activity.Tags:
    server.address: localhost
    http.request.method: POST
    url.scheme: http
    url.path: /api/roles
    network.protocol.version: 1.1
    http.route: api/Roles
    http.response.status_code: 201
Resource associated with Activity:
    deployment.environment: Testing
    service.name: Crud.Api
    service.version: 1.0.0
    service.instance.id: bb25e7a8-9ced-49c8-9e52-fd74b67e7fff
    telemetry.sdk.name: opentelemetry
    telemetry.sdk.language: dotnet
    telemetry.sdk.version: 1.8.1
[06:44:31 INF] User registered successfully: 6ad7b77f-83d4-410a-9673-588b5b3542b3 {"SourceContext": "App.Features.Authentication.RegisterUserCommandHandler", "ActionId": "f803a4b2-94df-4a26-9c05-ce1f6354a0b1", "ActionName": "Api.Controllers.AuthController.Register (Api)", "RequestId": "0HNFGVQB4PDKH", "RequestPath": "/api/auth/register", "Application": "Crud.Api"}
Activity.TraceId:            3d5f40b691865c6c4cec5f19b8cbf7cc
Activity.SpanId:             b71e7658ecd34d3a
Activity.TraceFlags:         Recorded
Activity.ActivitySourceName: Microsoft.AspNetCore
Activity.DisplayName:        POST api/Auth/register
Activity.Kind:               Server
Activity.StartTime:          2025-09-11T06:44:31.5488608Z
Activity.Duration:           00:00:00.2978527
Activity.Tags:
    server.address: localhost
    http.request.method: POST
    url.scheme: http
    url.path: /api/auth/register
    network.protocol.version: 1.1
    http.route: api/Auth/register
    http.response.status_code: 200
Resource associated with Activity:
    deployment.environment: Testing
    service.name: Crud.Api
    service.version: 1.0.0
    service.instance.id: bb25e7a8-9ced-49c8-9e52-fd74b67e7fff
    telemetry.sdk.name: opentelemetry
    telemetry.sdk.language: dotnet
    telemetry.sdk.version: 1.8.1
[06:44:32 INF] User logged in successfully: 6ad7b77f-83d4-410a-9673-588b5b3542b3 {"SourceContext": "App.Features.Authentication.LoginCommandHandler", "ActionId": "e43c0da0-3a76-4c47-8859-641c4f50a470", "ActionName": "Api.Controllers.AuthController.Login (Api)", "RequestId": "0HNFGVQB4PDKI", "RequestPath": "/api/auth/login", "Application": "Crud.Api"}
Activity.TraceId:            8f881a347b6e90fcbba245ef548710b7
Activity.SpanId:             472662303df62702
Activity.TraceFlags:         Recorded
Activity.ActivitySourceName: Microsoft.AspNetCore
Activity.DisplayName:        POST api/Auth/login
Activity.Kind:               Server
Activity.StartTime:          2025-09-11T06:44:31.8476459Z
Activity.Duration:           00:00:00.2987171
Activity.Tags:
    server.address: localhost
    http.request.method: POST
    url.scheme: http
    url.path: /api/auth/login
    network.protocol.version: 1.1
    http.route: api/Auth/login
    http.response.status_code: 200
Resource associated with Activity:
    deployment.environment: Testing
    service.name: Crud.Api
    service.version: 1.0.0
    service.instance.id: bb25e7a8-9ced-49c8-9e52-fd74b67e7fff
    telemetry.sdk.name: opentelemetry
    telemetry.sdk.language: dotnet
    telemetry.sdk.version: 1.8.1
[06:44:32 DBG] Removed cache value for key: entity:role:19b5784200ec48f6b22de4633cb8118e {"SourceContext": "Infrastructure.Services.Caching.InMemoryCacheService", "ActionId": "4c28a670-c25a-44a8-afc8-8a10a1c24fa7", "ActionName": "Api.Controllers.RolesController.Delete (Api)", "RequestId": "0HNFGVQB4PDKJ", "RequestPath": "/api/roles/19b57842-00ec-48f6-b22d-e4633cb8118e", "Application": "Crud.Api"}
[06:44:32 DBG] Removed cache value for key: list:role {"SourceContext": "Infrastructure.Services.Caching.InMemoryCacheService", "ActionId": "4c28a670-c25a-44a8-afc8-8a10a1c24fa7", "ActionName": "Api.Controllers.RolesController.Delete (Api)", "RequestId": "0HNFGVQB4PDKJ", "RequestPath": "/api/roles/19b57842-00ec-48f6-b22d-e4633cb8118e", "Application": "Crud.Api"}
[06:44:32 DBG] Invalidating cache for entity: roles/19b57842-00ec-48f6-b22d-e4633cb8118e with tags: roles, roles:19b57842-00ec-48f6-b22d-e4633cb8118e {"SourceContext": "Api.Services.OutputCacheInvalidationService", "ActionId": "4c28a670-c25a-44a8-afc8-8a10a1c24fa7", "ActionName": "Api.Controllers.RolesController.Delete (Api)", "RequestId": "0HNFGVQB4PDKJ", "RequestPath": "/api/roles/19b57842-00ec-48f6-b22d-e4633cb8118e", "Application": "Crud.Api"}
[06:44:32 DBG] Successfully invalidated cache for tag: roles {"SourceContext": "Api.Services.OutputCacheInvalidationService", "ActionId": "4c28a670-c25a-44a8-afc8-8a10a1c24fa7", "ActionName": "Api.Controllers.RolesController.Delete (Api)", "RequestId": "0HNFGVQB4PDKJ", "RequestPath": "/api/roles/19b57842-00ec-48f6-b22d-e4633cb8118e", "Application": "Crud.Api"}
[06:44:32 DBG] Successfully invalidated cache for tag: roles:19b57842-00ec-48f6-b22d-e4633cb8118e {"SourceContext": "Api.Services.OutputCacheInvalidationService", "ActionId": "4c28a670-c25a-44a8-afc8-8a10a1c24fa7", "ActionName": "Api.Controllers.RolesController.Delete (Api)", "RequestId": "0HNFGVQB4PDKJ", "RequestPath": "/api/roles/19b57842-00ec-48f6-b22d-e4633cb8118e", "Application": "Crud.Api"}
Activity.TraceId:            9374dc3d495fe350e8548b2297dd56de
Activity.SpanId:             298e04e9349106bd
Activity.TraceFlags:         Recorded
Activity.ActivitySourceName: Microsoft.AspNetCore
Activity.DisplayName:        DELETE api/Roles/{id:guid}
Activity.Kind:               Server
Activity.StartTime:          2025-09-11T06:44:32.1465828Z
Activity.Duration:           00:00:00.0054188
Activity.Tags:
    server.address: localhost
    http.request.method: DELETE
    url.scheme: http
    url.path: /api/roles/19b57842-00ec-48f6-b22d-e4633cb8118e
    network.protocol.version: 1.1
    http.route: api/Roles/{id:guid}
    http.response.status_code: 204
Resource associated with Activity:
    deployment.environment: Testing
    service.name: Crud.Api
    service.version: 1.0.0
    service.instance.id: bb25e7a8-9ced-49c8-9e52-fd74b67e7fff
    telemetry.sdk.name: opentelemetry
    telemetry.sdk.language: dotnet
    telemetry.sdk.version: 1.8.1
[06:44:32 INF] User registered successfully: a85b7f7c-4983-4a0d-8781-20150b612a4d {"SourceContext": "App.Features.Authentication.RegisterUserCommandHandler", "ActionId": "f803a4b2-94df-4a26-9c05-ce1f6354a0b1", "ActionName": "Api.Controllers.AuthController.Register (Api)", "RequestId": "0HNFGVQB4PDKK", "RequestPath": "/api/auth/register", "Application": "Crud.Api"}
Activity.TraceId:            2d812d7c0db0843768c5338d74cb823a
Activity.SpanId:             0f972e4ab494cf50
Activity.TraceFlags:         Recorded
Activity.ActivitySourceName: Microsoft.AspNetCore
Activity.DisplayName:        POST api/Auth/register
Activity.Kind:               Server
Activity.StartTime:          2025-09-11T06:44:32.1521952Z
Activity.Duration:           00:00:00.2984880
Activity.Tags:
    server.address: localhost
    http.request.method: POST
    url.scheme: http
    url.path: /api/auth/register
    network.protocol.version: 1.1
    http.route: api/Auth/register
    http.response.status_code: 200
Resource associated with Activity:
    deployment.environment: Testing
    service.name: Crud.Api
    service.version: 1.0.0
    service.instance.id: bb25e7a8-9ced-49c8-9e52-fd74b67e7fff
    telemetry.sdk.name: opentelemetry
    telemetry.sdk.language: dotnet
    telemetry.sdk.version: 1.8.1
[06:44:32 DBG] Cache miss for key: entity:role:19b5784200ec48f6b22de4633cb8118e {"SourceContext": "Infrastructure.Services.Caching.InMemoryCacheService", "ActionId": "2a436a13-64ad-4563-a951-503b1c00a6d1", "ActionName": "Api.Controllers.RolesController.Get (Api)", "RequestId": "0HNFGVQB4PDKL", "RequestPath": "/api/roles/19b57842-00ec-48f6-b22d-e4633cb8118e", "Application": "Crud.Api"}
Activity.TraceId:            9ad6d970b11d4e2afc6bd1de50da8e7f
Activity.SpanId:             051646549ff9f34d
Activity.TraceFlags:         Recorded
Activity.ActivitySourceName: Microsoft.AspNetCore
Activity.DisplayName:        GET api/Roles/{id:guid}
Activity.Kind:               Server
Activity.StartTime:          2025-09-11T06:44:32.4508438Z
Activity.Duration:           00:00:00.0090170
Activity.Tags:
    server.address: localhost
    http.request.method: GET
    url.scheme: http
    url.path: /api/roles/19b57842-00ec-48f6-b22d-e4633cb8118e
    network.protocol.version: 1.1
    http.route: api/Roles/{id:guid}
    http.response.status_code: 404
Resource associated with Activity:
    deployment.environment: Testing
    service.name: Crud.Api
    service.version: 1.0.0
    service.instance.id: bb25e7a8-9ced-49c8-9e52-fd74b67e7fff
    telemetry.sdk.name: opentelemetry
    telemetry.sdk.language: dotnet
    telemetry.sdk.version: 1.8.1
[06:44:32 INF] User registered successfully: fc2559be-fd5f-443e-9750-09fdbc2dd5a6 {"SourceContext": "App.Features.Authentication.RegisterUserCommandHandler", "ActionId": "f803a4b2-94df-4a26-9c05-ce1f6354a0b1", "ActionName": "Api.Controllers.AuthController.Register (Api)", "RequestId": "0HNFGVQB4PDKM", "RequestPath": "/api/auth/register", "Application": "Crud.Api"}
Activity.TraceId:            0e3bf95b6f1024319be508ad9321e983
Activity.SpanId:             3c86462afe5373b2
Activity.TraceFlags:         Recorded
Activity.ActivitySourceName: Microsoft.AspNetCore
Activity.DisplayName:        POST api/Auth/register
Activity.Kind:               Server
Activity.StartTime:          2025-09-11T06:44:32.4617883Z
Activity.Duration:           00:00:00.3002373
Activity.Tags:
    server.address: localhost
    http.request.method: POST
    url.scheme: http
    url.path: /api/auth/register
    network.protocol.version: 1.1
    http.route: api/Auth/register
    http.response.status_code: 200
Resource associated with Activity:
    deployment.environment: Testing
    service.name: Crud.Api
    service.version: 1.0.0
    service.instance.id: bb25e7a8-9ced-49c8-9e52-fd74b67e7fff
    telemetry.sdk.name: opentelemetry
    telemetry.sdk.language: dotnet
    telemetry.sdk.version: 1.8.1
[06:44:33 INF] User logged in successfully: fc2559be-fd5f-443e-9750-09fdbc2dd5a6 {"SourceContext": "App.Features.Authentication.LoginCommandHandler", "ActionId": "e43c0da0-3a76-4c47-8859-641c4f50a470", "ActionName": "Api.Controllers.AuthController.Login (Api)", "RequestId": "0HNFGVQB4PDKN", "RequestPath": "/api/auth/login", "Application": "Crud.Api"}
Activity.TraceId:            6b566476adc634da9144af6d10ee0c85
Activity.SpanId:             da05dd925116c16b
Activity.TraceFlags:         Recorded
Activity.ActivitySourceName: Microsoft.AspNetCore
Activity.DisplayName:        POST api/Auth/login
Activity.Kind:               Server
Activity.StartTime:          2025-09-11T06:44:32.7636596Z
Activity.Duration:           00:00:00.2990551
Activity.Tags:
    server.address: localhost
    http.request.method: POST
    url.scheme: http
    url.path: /api/auth/login
    network.protocol.version: 1.1
    http.route: api/Auth/login
    http.response.status_code: 200
Resource associated with Activity:
    deployment.environment: Testing
    service.name: Crud.Api
    service.version: 1.0.0
    service.instance.id: bb25e7a8-9ced-49c8-9e52-fd74b67e7fff
    telemetry.sdk.name: opentelemetry
    telemetry.sdk.language: dotnet
    telemetry.sdk.version: 1.8.1
[06:44:33 DBG] Cache miss for key: name:role:original {"SourceContext": "Infrastructure.Services.Caching.InMemoryCacheService", "ActionId": "e47128ec-9691-44f7-85ae-68336fa558f2", "ActionName": "Api.Controllers.RolesController.Create (Api)", "RequestId": "0HNFGVQB4PDKO", "RequestPath": "/api/roles", "Application": "Crud.Api"}
[06:44:33 DBG] Removed cache value for key: entity:role:202993fbd5f54bd599623072f47d52cc {"SourceContext": "Infrastructure.Services.Caching.InMemoryCacheService", "ActionId": "e47128ec-9691-44f7-85ae-68336fa558f2", "ActionName": "Api.Controllers.RolesController.Create (Api)", "RequestId": "0HNFGVQB4PDKO", "RequestPath": "/api/roles", "Application": "Crud.Api"}
[06:44:33 DBG] Removed cache value for key: list:role {"SourceContext": "Infrastructure.Services.Caching.InMemoryCacheService", "ActionId": "e47128ec-9691-44f7-85ae-68336fa558f2", "ActionName": "Api.Controllers.RolesController.Create (Api)", "RequestId": "0HNFGVQB4PDKO", "RequestPath": "/api/roles", "Application": "Crud.Api"}
[06:44:33 DBG] Invalidating cache for entity type: roles with tag: roles {"SourceContext": "Api.Services.OutputCacheInvalidationService", "ActionId": "e47128ec-9691-44f7-85ae-68336fa558f2", "ActionName": "Api.Controllers.RolesController.Create (Api)", "RequestId": "0HNFGVQB4PDKO", "RequestPath": "/api/roles", "Application": "Crud.Api"}
[06:44:33 INF] Successfully invalidated cache for entity type: roles {"SourceContext": "Api.Services.OutputCacheInvalidationService", "ActionId": "e47128ec-9691-44f7-85ae-68336fa558f2", "ActionName": "Api.Controllers.RolesController.Create (Api)", "RequestId": "0HNFGVQB4PDKO", "RequestPath": "/api/roles", "Application": "Crud.Api"}
Activity.TraceId:            218018116c793f09ba03109f38ab863f
Activity.SpanId:             71de3dbd5a44463f
Activity.TraceFlags:         Recorded
Activity.ActivitySourceName: Microsoft.AspNetCore
Activity.DisplayName:        POST api/Roles
Activity.Kind:               Server
Activity.StartTime:          2025-09-11T06:44:33.0638137Z
Activity.Duration:           00:00:00.0021254
Activity.Tags:
    server.address: localhost
    http.request.method: POST
    url.scheme: http
    url.path: /api/roles
    network.protocol.version: 1.1
    http.route: api/Roles
    http.response.status_code: 201
Resource associated with Activity:
    deployment.environment: Testing
    service.name: Crud.Api
    service.version: 1.0.0
    service.instance.id: bb25e7a8-9ced-49c8-9e52-fd74b67e7fff
    telemetry.sdk.name: opentelemetry
    telemetry.sdk.language: dotnet
    telemetry.sdk.version: 1.8.1
[06:44:33 INF] User registered successfully: 58055b06-33ec-43fe-b53f-efa560dffe63 {"SourceContext": "App.Features.Authentication.RegisterUserCommandHandler", "ActionId": "f803a4b2-94df-4a26-9c05-ce1f6354a0b1", "ActionName": "Api.Controllers.AuthController.Register (Api)", "RequestId": "0HNFGVQB4PDKP", "RequestPath": "/api/auth/register", "Application": "Crud.Api"}
Activity.TraceId:            83edb5c70968f73d896d8a6b2466d344
Activity.SpanId:             63088f9571fa117f
Activity.TraceFlags:         Recorded
Activity.ActivitySourceName: Microsoft.AspNetCore
Activity.DisplayName:        POST api/Auth/register
Activity.Kind:               Server
Activity.StartTime:          2025-09-11T06:44:33.0672788Z
Activity.Duration:           00:00:00.2986191
Activity.Tags:
    server.address: localhost
    http.request.method: POST
    url.scheme: http
    url.path: /api/auth/register
    network.protocol.version: 1.1
    http.route: api/Auth/register
    http.response.status_code: 200
Resource associated with Activity:
    deployment.environment: Testing
    service.name: Crud.Api
    service.version: 1.0.0
    service.instance.id: bb25e7a8-9ced-49c8-9e52-fd74b67e7fff
    telemetry.sdk.name: opentelemetry
    telemetry.sdk.language: dotnet
    telemetry.sdk.version: 1.8.1
[06:44:33 INF] User logged in successfully: 58055b06-33ec-43fe-b53f-efa560dffe63 {"SourceContext": "App.Features.Authentication.LoginCommandHandler", "ActionId": "e43c0da0-3a76-4c47-8859-641c4f50a470", "ActionName": "Api.Controllers.AuthController.Login (Api)", "RequestId": "0HNFGVQB4PDKQ", "RequestPath": "/api/auth/login", "Application": "Crud.Api"}
Activity.TraceId:            8b7f67355f5394da9be8d00988a291d8
Activity.SpanId:             96a5446e9ee7bd0e
Activity.TraceFlags:         Recorded
Activity.ActivitySourceName: Microsoft.AspNetCore
Activity.DisplayName:        POST api/Auth/login
Activity.Kind:               Server
Activity.StartTime:          2025-09-11T06:44:33.3670995Z
Activity.Duration:           00:00:00.2987301
Activity.Tags:
    server.address: localhost
    http.request.method: POST
    url.scheme: http
    url.path: /api/auth/login
    network.protocol.version: 1.1
    http.route: api/Auth/login
    http.response.status_code: 200
Resource associated with Activity:
    deployment.environment: Testing
    service.name: Crud.Api
    service.version: 1.0.0
    service.instance.id: bb25e7a8-9ced-49c8-9e52-fd74b67e7fff
    telemetry.sdk.name: opentelemetry
    telemetry.sdk.language: dotnet
    telemetry.sdk.version: 1.8.1
[06:44:33 DBG] Cache miss for key: entity:role:202993fbd5f54bd599623072f47d52cc {"SourceContext": "Infrastructure.Services.Caching.InMemoryCacheService", "ActionId": "b91e7945-bef1-4536-a1c1-599b97a5f795", "ActionName": "Api.Controllers.RolesController.Update (Api)", "RequestId": "0HNFGVQB4PDKR", "RequestPath": "/api/roles/202993fb-d5f5-4bd5-9962-3072f47d52cc", "Application": "Crud.Api"}
[06:44:33 DBG] Set cache value for key: entity:role:202993fbd5f54bd599623072f47d52cc {"SourceContext": "Infrastructure.Services.Caching.InMemoryCacheService", "ActionId": "b91e7945-bef1-4536-a1c1-599b97a5f795", "ActionName": "Api.Controllers.RolesController.Update (Api)", "RequestId": "0HNFGVQB4PDKR", "RequestPath": "/api/roles/202993fb-d5f5-4bd5-9962-3072f47d52cc", "Application": "Crud.Api"}
[06:44:33 DBG] Removed cache value for key: entity:role:202993fbd5f54bd599623072f47d52cc {"SourceContext": "Infrastructure.Services.Caching.InMemoryCacheService", "ActionId": "b91e7945-bef1-4536-a1c1-599b97a5f795", "ActionName": "Api.Controllers.RolesController.Update (Api)", "RequestId": "0HNFGVQB4PDKR", "RequestPath": "/api/roles/202993fb-d5f5-4bd5-9962-3072f47d52cc", "Application": "Crud.Api"}
[06:44:33 DBG] Removed cache value for key: list:role {"SourceContext": "Infrastructure.Services.Caching.InMemoryCacheService", "ActionId": "b91e7945-bef1-4536-a1c1-599b97a5f795", "ActionName": "Api.Controllers.RolesController.Update (Api)", "RequestId": "0HNFGVQB4PDKR", "RequestPath": "/api/roles/202993fb-d5f5-4bd5-9962-3072f47d52cc", "Application": "Crud.Api"}
[06:44:33 DBG] Invalidating cache for entity: roles/202993fb-d5f5-4bd5-9962-3072f47d52cc with tags: roles, roles:202993fb-d5f5-4bd5-9962-3072f47d52cc {"SourceContext": "Api.Services.OutputCacheInvalidationService", "ActionId": "b91e7945-bef1-4536-a1c1-599b97a5f795", "ActionName": "Api.Controllers.RolesController.Update (Api)", "RequestId": "0HNFGVQB4PDKR", "RequestPath": "/api/roles/202993fb-d5f5-4bd5-9962-3072f47d52cc", "Application": "Crud.Api"}
[06:44:33 DBG] Successfully invalidated cache for tag: roles {"SourceContext": "Api.Services.OutputCacheInvalidationService", "ActionId": "b91e7945-bef1-4536-a1c1-599b97a5f795", "ActionName": "Api.Controllers.RolesController.Update (Api)", "RequestId": "0HNFGVQB4PDKR", "RequestPath": "/api/roles/202993fb-d5f5-4bd5-9962-3072f47d52cc", "Application": "Crud.Api"}
[06:44:33 DBG] Successfully invalidated cache for tag: roles:202993fb-d5f5-4bd5-9962-3072f47d52cc {"SourceContext": "Api.Services.OutputCacheInvalidationService", "ActionId": "b91e7945-bef1-4536-a1c1-599b97a5f795", "ActionName": "Api.Controllers.RolesController.Update (Api)", "RequestId": "0HNFGVQB4PDKR", "RequestPath": "/api/roles/202993fb-d5f5-4bd5-9962-3072f47d52cc", "Application": "Crud.Api"}
Activity.TraceId:            7a5cf3c32eafd6dccc6c671b8d385a26
Activity.SpanId:             bd2584de8ca2b7c0
Activity.TraceFlags:         Recorded
Activity.ActivitySourceName: Microsoft.AspNetCore
Activity.DisplayName:        PUT api/Roles/{id:guid}
Activity.Kind:               Server
Activity.StartTime:          2025-09-11T06:44:33.6669176Z
Activity.Duration:           00:00:00.0096856
Activity.Tags:
    server.address: localhost
    http.request.method: PUT
    url.scheme: http
    url.path: /api/roles/202993fb-d5f5-4bd5-9962-3072f47d52cc
    network.protocol.version: 1.1
    http.route: api/Roles/{id:guid}
    http.response.status_code: 204
Resource associated with Activity:
    deployment.environment: Testing
    service.name: Crud.Api
    service.version: 1.0.0
    service.instance.id: bb25e7a8-9ced-49c8-9e52-fd74b67e7fff
    telemetry.sdk.name: opentelemetry
    telemetry.sdk.language: dotnet
    telemetry.sdk.version: 1.8.1
[06:44:33 INF] User registered successfully: 4b47acfb-f1da-48f2-92e5-cdb34b7156cd {"SourceContext": "App.Features.Authentication.RegisterUserCommandHandler", "ActionId": "f803a4b2-94df-4a26-9c05-ce1f6354a0b1", "ActionName": "Api.Controllers.AuthController.Register (Api)", "RequestId": "0HNFGVQB4PDKS", "RequestPath": "/api/auth/register", "Application": "Crud.Api"}
Activity.TraceId:            4f75c0cae5c9905708339f84fdf55685
Activity.SpanId:             39479a3abda73f4d
Activity.TraceFlags:         Recorded
Activity.ActivitySourceName: Microsoft.AspNetCore
Activity.DisplayName:        POST api/Auth/register
Activity.Kind:               Server
Activity.StartTime:          2025-09-11T06:44:33.6767959Z
Activity.Duration:           00:00:00.2995842
Activity.Tags:
    server.address: localhost
    http.request.method: POST
    url.scheme: http
    url.path: /api/auth/register
    network.protocol.version: 1.1
    http.route: api/Auth/register
    http.response.status_code: 200
Resource associated with Activity:
    deployment.environment: Testing
    service.name: Crud.Api
    service.version: 1.0.0
    service.instance.id: bb25e7a8-9ced-49c8-9e52-fd74b67e7fff
    telemetry.sdk.name: opentelemetry
    telemetry.sdk.language: dotnet
    telemetry.sdk.version: 1.8.1
[06:44:33 DBG] Cache miss for key: entity:role:202993fbd5f54bd599623072f47d52cc {"SourceContext": "Infrastructure.Services.Caching.InMemoryCacheService", "ActionId": "2a436a13-64ad-4563-a951-503b1c00a6d1", "ActionName": "Api.Controllers.RolesController.Get (Api)", "RequestId": "0HNFGVQB4PDKT", "RequestPath": "/api/roles/202993fb-d5f5-4bd5-9962-3072f47d52cc", "Application": "Crud.Api"}
[06:44:33 DBG] Set cache value for key: entity:role:202993fbd5f54bd599623072f47d52cc {"SourceContext": "Infrastructure.Services.Caching.InMemoryCacheService", "ActionId": "2a436a13-64ad-4563-a951-503b1c00a6d1", "ActionName": "Api.Controllers.RolesController.Get (Api)", "RequestId": "0HNFGVQB4PDKT", "RequestPath": "/api/roles/202993fb-d5f5-4bd5-9962-3072f47d52cc", "Application": "Crud.Api"}
Activity.TraceId:            6ea4625130cc2d105353a4f0905f9b93
Activity.SpanId:             fb5323e020cd259e
Activity.TraceFlags:         Recorded
Activity.ActivitySourceName: Microsoft.AspNetCore
Activity.DisplayName:        GET api/Roles/{id:guid}
Activity.Kind:               Server
Activity.StartTime:          2025-09-11T06:44:33.9766170Z
Activity.Duration:           00:00:00.0025106
Activity.Tags:
    server.address: localhost
    http.request.method: GET
    url.scheme: http
    url.path: /api/roles/202993fb-d5f5-4bd5-9962-3072f47d52cc
    network.protocol.version: 1.1
    http.route: api/Roles/{id:guid}
    http.response.status_code: 200
Resource associated with Activity:
    deployment.environment: Testing
    service.name: Crud.Api
    service.version: 1.0.0
    service.instance.id: bb25e7a8-9ced-49c8-9e52-fd74b67e7fff
    telemetry.sdk.name: opentelemetry
    telemetry.sdk.language: dotnet
    telemetry.sdk.version: 1.8.1
[06:44:34 INF] User registered successfully: 413e98d5-b3ab-434d-b144-490019c1a884 {"SourceContext": "App.Features.Authentication.RegisterUserCommandHandler", "ActionId": "f803a4b2-94df-4a26-9c05-ce1f6354a0b1", "ActionName": "Api.Controllers.AuthController.Register (Api)", "RequestId": "0HNFGVQB4PDKU", "RequestPath": "/api/auth/register", "Application": "Crud.Api"}
Activity.TraceId:            ec51bc033356e260b0917d98a2df4fe5
Activity.SpanId:             3822421d922510ed
Activity.TraceFlags:         Recorded
Activity.ActivitySourceName: Microsoft.AspNetCore
Activity.DisplayName:        POST api/Auth/register
Activity.Kind:               Server
Activity.StartTime:          2025-09-11T06:44:33.9813041Z
Activity.Duration:           00:00:00.2985348
Activity.Tags:
    server.address: localhost
    http.request.method: POST
    url.scheme: http
    url.path: /api/auth/register
    network.protocol.version: 1.1
    http.route: api/Auth/register
    http.response.status_code: 200
Resource associated with Activity:
    deployment.environment: Testing
    service.name: Crud.Api
    service.version: 1.0.0
    service.instance.id: bb25e7a8-9ced-49c8-9e52-fd74b67e7fff
    telemetry.sdk.name: opentelemetry
    telemetry.sdk.language: dotnet
    telemetry.sdk.version: 1.8.1
[06:44:34 INF] User logged in successfully: 413e98d5-b3ab-434d-b144-490019c1a884 {"SourceContext": "App.Features.Authentication.LoginCommandHandler", "ActionId": "e43c0da0-3a76-4c47-8859-641c4f50a470", "ActionName": "Api.Controllers.AuthController.Login (Api)", "RequestId": "0HNFGVQB4PDKV", "RequestPath": "/api/auth/login", "Application": "Crud.Api"}
Activity.TraceId:            951b64cea54418e40af722d95a3e5c24
Activity.SpanId:             de5fd3261680c311
Activity.TraceFlags:         Recorded
Activity.ActivitySourceName: Microsoft.AspNetCore
Activity.DisplayName:        POST api/Auth/login
Activity.Kind:               Server
Activity.StartTime:          2025-09-11T06:44:34.2812471Z
Activity.Duration:           00:00:00.2981571
Activity.Tags:
    server.address: localhost
    http.request.method: POST
    url.scheme: http
    url.path: /api/auth/login
    network.protocol.version: 1.1
    http.route: api/Auth/login
    http.response.status_code: 200
Resource associated with Activity:
    deployment.environment: Testing
    service.name: Crud.Api
    service.version: 1.0.0
    service.instance.id: bb25e7a8-9ced-49c8-9e52-fd74b67e7fff
    telemetry.sdk.name: opentelemetry
    telemetry.sdk.language: dotnet
    telemetry.sdk.version: 1.8.1
[06:44:34 DBG] Cache miss for key: name:role:simplerole {"SourceContext": "Infrastructure.Services.Caching.InMemoryCacheService", "ActionId": "e47128ec-9691-44f7-85ae-68336fa558f2", "ActionName": "Api.Controllers.RolesController.Create (Api)", "RequestId": "0HNFGVQB4PDL0", "RequestPath": "/api/roles", "Application": "Crud.Api"}
[06:44:34 DBG] Removed cache value for key: entity:role:45f45020acb246dab1c3f5d7c8e07871 {"SourceContext": "Infrastructure.Services.Caching.InMemoryCacheService", "ActionId": "e47128ec-9691-44f7-85ae-68336fa558f2", "ActionName": "Api.Controllers.RolesController.Create (Api)", "RequestId": "0HNFGVQB4PDL0", "RequestPath": "/api/roles", "Application": "Crud.Api"}
[06:44:34 DBG] Removed cache value for key: list:role {"SourceContext": "Infrastructure.Services.Caching.InMemoryCacheService", "ActionId": "e47128ec-9691-44f7-85ae-68336fa558f2", "ActionName": "Api.Controllers.RolesController.Create (Api)", "RequestId": "0HNFGVQB4PDL0", "RequestPath": "/api/roles", "Application": "Crud.Api"}
[06:44:34 DBG] Invalidating cache for entity type: roles with tag: roles {"SourceContext": "Api.Services.OutputCacheInvalidationService", "ActionId": "e47128ec-9691-44f7-85ae-68336fa558f2", "ActionName": "Api.Controllers.RolesController.Create (Api)", "RequestId": "0HNFGVQB4PDL0", "RequestPath": "/api/roles", "Application": "Crud.Api"}
[06:44:34 INF] Successfully invalidated cache for entity type: roles {"SourceContext": "Api.Services.OutputCacheInvalidationService", "ActionId": "e47128ec-9691-44f7-85ae-68336fa558f2", "ActionName": "Api.Controllers.RolesController.Create (Api)", "RequestId": "0HNFGVQB4PDL0", "RequestPath": "/api/roles", "Application": "Crud.Api"}
Activity.TraceId:            b0d7193736be4425643bd3946f87579b
Activity.SpanId:             bfc570ca1ec36731
Activity.TraceFlags:         Recorded
Activity.ActivitySourceName: Microsoft.AspNetCore
Activity.DisplayName:        POST api/Roles
Activity.Kind:               Server
Activity.StartTime:          2025-09-11T06:44:34.5801572Z
Activity.Duration:           00:00:00.0016781
Activity.Tags:
    server.address: localhost
    http.request.method: POST
    url.scheme: http
    url.path: /api/roles
    network.protocol.version: 1.1
    http.route: api/Roles
    http.response.status_code: 201
Resource associated with Activity:
    deployment.environment: Testing
    service.name: Crud.Api
    service.version: 1.0.0
    service.instance.id: bb25e7a8-9ced-49c8-9e52-fd74b67e7fff
    telemetry.sdk.name: opentelemetry
    telemetry.sdk.language: dotnet
    telemetry.sdk.version: 1.8.1
[06:44:34 INF] Resetting database for worker 11843 {"SourceContext": "Infrastructure.Services.DatabaseTestService", "Application": "Crud.Api"}
[06:44:34 INF] Resetting database via file deletion for worker 11843 in CI environment {"SourceContext": "Infrastructure.Services.DatabaseTestService", "Application": "Crud.Api"}
[06:44:34 INF] Acquiring database mutex for worker 11843... {"SourceContext": "Infrastructure.Services.DatabaseTestService", "Application": "Crud.Api"}
[06:44:34 INF] Database mutex acquired for worker 11843 {"SourceContext": "Infrastructure.Services.DatabaseTestService", "Application": "Crud.Api"}
[06:44:34 INF] Current database state - CanConnect: True {"SourceContext": "Infrastructure.Services.DatabaseTestService", "Application": "Crud.Api"}
[06:44:34 INF] [Phase 0] Closing database connection for worker 11843... {"SourceContext": "Infrastructure.Services.DatabaseTestService", "Application": "Crud.Api"}
[06:44:34 INF] [Phase 0] Connection closed in 0.001ms {"SourceContext": "Infrastructure.Services.DatabaseTestService", "Application": "Crud.Api"}
[06:44:34 INF] [Phase 1] Starting EnsureDeletedAsync for worker 11843... {"SourceContext": "Infrastructure.Services.DatabaseTestService", "Application": "Crud.Api"}
[06:44:34 INF] [Phase 1] EnsureDeletedAsync completed in 1.4512ms {"SourceContext": "Infrastructure.Services.DatabaseTestService", "Application": "Crud.Api"}
[06:44:34 INF] [Phase 2] Starting EnsureCreatedAsync for worker 11843... {"SourceContext": "Infrastructure.Services.DatabaseTestService", "Application": "Crud.Api"}
[06:44:34 INF] [Phase 2] EnsureCreatedAsync completed in 7.4684ms {"SourceContext": "Infrastructure.Services.DatabaseTestService", "Application": "Crud.Api"}
[06:44:34 INF] [Phase 3] Skipping database seeding as requested for worker 11843 {"SourceContext": "Infrastructure.Services.DatabaseTestService", "Application": "Crud.Api"}
[06:44:34 INF] Database reset via file deletion completed for worker 11843 in 109.6177ms (Close: 0.001ms, Delete: 1.4512ms, Create: 7.4684ms) {"SourceContext": "Infrastructure.Services.DatabaseTestService", "Application": "Crud.Api"}
[06:44:34 INF] Releasing database mutex for worker 11843 {"SourceContext": "Infrastructure.Services.DatabaseTestService", "Application": "Crud.Api"}
[06:44:34 INF] User registered successfully: 4e94d045-a09a-4c0c-afa3-a78e50c1fc53 {"SourceContext": "App.Features.Authentication.RegisterUserCommandHandler", "ActionId": "f803a4b2-94df-4a26-9c05-ce1f6354a0b1", "ActionName": "Api.Controllers.AuthController.Register (Api)", "RequestId": "0HNFGVQB4PDL1", "RequestPath": "/api/auth/register", "Application": "Crud.Api"}
Activity.TraceId:            7c79d8c690d4d9ac0ab6ae9931fa8101
Activity.SpanId:             8e80e6f1fd04402a
Activity.TraceFlags:         Recorded
Activity.ActivitySourceName: Microsoft.AspNetCore
Activity.DisplayName:        POST api/Auth/register
Activity.Kind:               Server
Activity.StartTime:          2025-09-11T06:44:34.6954913Z
Activity.Duration:           00:00:00.2982488
Activity.Tags:
    server.address: localhost
    http.request.method: POST
    url.scheme: http
    url.path: /api/auth/register
    network.protocol.version: 1.1
    http.route: api/Auth/register
    http.response.status_code: 200
Resource associated with Activity:
    deployment.environment: Testing
    service.name: Crud.Api
    service.version: 1.0.0
    service.instance.id: bb25e7a8-9ced-49c8-9e52-fd74b67e7fff
    telemetry.sdk.name: opentelemetry
    telemetry.sdk.language: dotnet
    telemetry.sdk.version: 1.8.1
[06:44:34 DBG] Cache miss for key: list:role {"SourceContext": "Infrastructure.Services.Caching.InMemoryCacheService", "ActionId": "4626ef95-b262-4ae9-b109-eece446941e3", "ActionName": "Api.Controllers.RolesController.List (Api)", "RequestId": "0HNFGVQB4PDL2", "RequestPath": "/api/roles", "Application": "Crud.Api"}
[06:44:34 DBG] Set cache value for key: list:role {"SourceContext": "Infrastructure.Services.Caching.InMemoryCacheService", "ActionId": "4626ef95-b262-4ae9-b109-eece446941e3", "ActionName": "Api.Controllers.RolesController.List (Api)", "RequestId": "0HNFGVQB4PDL2", "RequestPath": "/api/roles", "Application": "Crud.Api"}
Activity.TraceId:            2cae1fc773c9f8ef17fc486846a80f54
Activity.SpanId:             f7d054c4795d8b2f
Activity.TraceFlags:         Recorded
Activity.ActivitySourceName: Microsoft.AspNetCore
Activity.DisplayName:        GET api/Roles
Activity.Kind:               Server
Activity.StartTime:          2025-09-11T06:44:34.9938791Z
Activity.Duration:           00:00:00.0010342
Activity.Tags:
    server.address: localhost
    http.request.method: GET
    url.scheme: http
    url.path: /api/roles
    network.protocol.version: 1.1
    http.route: api/Roles
    http.response.status_code: 200
Resource associated with Activity:
    deployment.environment: Testing
    service.name: Crud.Api
    service.version: 1.0.0
    service.instance.id: bb25e7a8-9ced-49c8-9e52-fd74b67e7fff
    telemetry.sdk.name: opentelemetry
    telemetry.sdk.language: dotnet
    telemetry.sdk.version: 1.8.1
[06:44:34 INF] Resetting database for worker 11843 {"SourceContext": "Infrastructure.Services.DatabaseTestService", "Application": "Crud.Api"}
[06:44:34 INF] Resetting database via file deletion for worker 11843 in CI environment {"SourceContext": "Infrastructure.Services.DatabaseTestService", "Application": "Crud.Api"}
[06:44:34 INF] Acquiring database mutex for worker 11843... {"SourceContext": "Infrastructure.Services.DatabaseTestService", "Application": "Crud.Api"}
[06:44:34 INF] Database mutex acquired for worker 11843 {"SourceContext": "Infrastructure.Services.DatabaseTestService", "Application": "Crud.Api"}
[06:44:34 INF] Current database state - CanConnect: True {"SourceContext": "Infrastructure.Services.DatabaseTestService", "Application": "Crud.Api"}
[06:44:34 INF] [Phase 0] Closing database connection for worker 11843... {"SourceContext": "Infrastructure.Services.DatabaseTestService", "Application": "Crud.Api"}
[06:44:34 INF] [Phase 0] Connection closed in 0.001ms {"SourceContext": "Infrastructure.Services.DatabaseTestService", "Application": "Crud.Api"}
[06:44:34 INF] [Phase 1] Starting EnsureDeletedAsync for worker 11843... {"SourceContext": "Infrastructure.Services.DatabaseTestService", "Application": "Crud.Api"}
[06:44:34 INF] [Phase 1] EnsureDeletedAsync completed in 1.1365ms {"SourceContext": "Infrastructure.Services.DatabaseTestService", "Application": "Crud.Api"}
[06:44:35 INF] [Phase 2] Starting EnsureCreatedAsync for worker 11843... {"SourceContext": "Infrastructure.Services.DatabaseTestService", "Application": "Crud.Api"}
[06:44:35 INF] [Phase 2] EnsureCreatedAsync completed in 7.4595ms {"SourceContext": "Infrastructure.Services.DatabaseTestService", "Application": "Crud.Api"}
[06:44:35 INF] [Phase 3] Skipping database seeding as requested for worker 11843 {"SourceContext": "Infrastructure.Services.DatabaseTestService", "Application": "Crud.Api"}
[06:44:35 INF] Database reset via file deletion completed for worker 11843 in 109.5384ms (Close: 0.001ms, Delete: 1.1365ms, Create: 7.4595ms) {"SourceContext": "Infrastructure.Services.DatabaseTestService", "Application": "Crud.Api"}
[06:44:35 INF] Releasing database mutex for worker 11843 {"SourceContext": "Infrastructure.Services.DatabaseTestService", "Application": "Crud.Api"}
[06:44:35 INF] User registered successfully: fb04ceea-084c-4c28-8b14-05078f835686 {"SourceContext": "App.Features.Authentication.RegisterUserCommandHandler", "ActionId": "f803a4b2-94df-4a26-9c05-ce1f6354a0b1", "ActionName": "Api.Controllers.AuthController.Register (Api)", "RequestId": "0HNFGVQB4PDL3", "RequestPath": "/api/auth/register", "Application": "Crud.Api"}
Activity.TraceId:            3339b26fedc3a7837bf9e2034bd79f65
Activity.SpanId:             c9bdb4fe42912aeb
Activity.TraceFlags:         Recorded
Activity.ActivitySourceName: Microsoft.AspNetCore
Activity.DisplayName:        POST api/Auth/register
Activity.Kind:               Server
Activity.StartTime:          2025-09-11T06:44:35.1076145Z
Activity.Duration:           00:00:00.2992150
Activity.Tags:
    server.address: localhost
    http.request.method: POST
    url.scheme: http
    url.path: /api/auth/register
    network.protocol.version: 1.1
    http.route: api/Auth/register
    http.response.status_code: 200
Resource associated with Activity:
    deployment.environment: Testing
    service.name: Crud.Api
    service.version: 1.0.0
    service.instance.id: bb25e7a8-9ced-49c8-9e52-fd74b67e7fff
    telemetry.sdk.name: opentelemetry
    telemetry.sdk.language: dotnet
    telemetry.sdk.version: 1.8.1
[06:44:35 INF] User logged in successfully: fb04ceea-084c-4c28-8b14-05078f835686 {"SourceContext": "App.Features.Authentication.LoginCommandHandler", "ActionId": "e43c0da0-3a76-4c47-8859-641c4f50a470", "ActionName": "Api.Controllers.AuthController.Login (Api)", "RequestId": "0HNFGVQB4PDL4", "RequestPath": "/api/auth/login", "Application": "Crud.Api"}
Activity.TraceId:            369fc44372cd7d9ebcac79304334dee8
Activity.SpanId:             01c60c543b7dcea4
Activity.TraceFlags:         Recorded
Activity.ActivitySourceName: Microsoft.AspNetCore
Activity.DisplayName:        POST api/Auth/login
Activity.Kind:               Server
Activity.StartTime:          2025-09-11T06:44:35.4082792Z
Activity.Duration:           00:00:00.3084804
Activity.Tags:
    server.address: localhost
    http.request.method: POST
    url.scheme: http
    url.path: /api/auth/login
    network.protocol.version: 1.1
    http.route: api/Auth/login
    http.response.status_code: 200
Resource associated with Activity:
    deployment.environment: Testing
    service.name: Crud.Api
    service.version: 1.0.0
    service.instance.id: bb25e7a8-9ced-49c8-9e52-fd74b67e7fff
    telemetry.sdk.name: opentelemetry
    telemetry.sdk.language: dotnet
    telemetry.sdk.version: 1.8.1
[06:44:35 DBG] Cache miss for key: name:role:persistent {"SourceContext": "Infrastructure.Services.Caching.InMemoryCacheService", "ActionId": "e47128ec-9691-44f7-85ae-68336fa558f2", "ActionName": "Api.Controllers.RolesController.Create (Api)", "RequestId": "0HNFGVQB4PDL5", "RequestPath": "/api/roles", "Application": "Crud.Api"}
[06:44:35 DBG] Removed cache value for key: entity:role:6efd9581ff764ec1be88c73fa5b65eec {"SourceContext": "Infrastructure.Services.Caching.InMemoryCacheService", "ActionId": "e47128ec-9691-44f7-85ae-68336fa558f2", "ActionName": "Api.Controllers.RolesController.Create (Api)", "RequestId": "0HNFGVQB4PDL5", "RequestPath": "/api/roles", "Application": "Crud.Api"}
[06:44:35 DBG] Removed cache value for key: list:role {"SourceContext": "Infrastructure.Services.Caching.InMemoryCacheService", "ActionId": "e47128ec-9691-44f7-85ae-68336fa558f2", "ActionName": "Api.Controllers.RolesController.Create (Api)", "RequestId": "0HNFGVQB4PDL5", "RequestPath": "/api/roles", "Application": "Crud.Api"}
[06:44:35 DBG] Invalidating cache for entity type: roles with tag: roles {"SourceContext": "Api.Services.OutputCacheInvalidationService", "ActionId": "e47128ec-9691-44f7-85ae-68336fa558f2", "ActionName": "Api.Controllers.RolesController.Create (Api)", "RequestId": "0HNFGVQB4PDL5", "RequestPath": "/api/roles", "Application": "Crud.Api"}
[06:44:35 INF] Successfully invalidated cache for entity type: roles {"SourceContext": "Api.Services.OutputCacheInvalidationService", "ActionId": "e47128ec-9691-44f7-85ae-68336fa558f2", "ActionName": "Api.Controllers.RolesController.Create (Api)", "RequestId": "0HNFGVQB4PDL5", "RequestPath": "/api/roles", "Application": "Crud.Api"}
Activity.TraceId:            a342bb6ce26b7c3d70e4ec3968d4e9af
Activity.SpanId:             7b0031fd5b0dea08
Activity.TraceFlags:         Recorded
Activity.ActivitySourceName: Microsoft.AspNetCore
Activity.DisplayName:        POST api/Roles
Activity.Kind:               Server
Activity.StartTime:          2025-09-11T06:44:35.7176448Z
Activity.Duration:           00:00:00.0017355
Activity.Tags:
    server.address: localhost
    http.request.method: POST
    url.scheme: http
    url.path: /api/roles
    network.protocol.version: 1.1
    http.route: api/Roles
    http.response.status_code: 201
Resource associated with Activity:
    deployment.environment: Testing
    service.name: Crud.Api
    service.version: 1.0.0
    service.instance.id: bb25e7a8-9ced-49c8-9e52-fd74b67e7fff
    telemetry.sdk.name: opentelemetry
    telemetry.sdk.language: dotnet
    telemetry.sdk.version: 1.8.1
[06:44:36 INF] User registered successfully: ad8ae063-ae6e-4027-b65e-34a8d518ac56 {"SourceContext": "App.Features.Authentication.RegisterUserCommandHandler", "ActionId": "f803a4b2-94df-4a26-9c05-ce1f6354a0b1", "ActionName": "Api.Controllers.AuthController.Register (Api)", "RequestId": "0HNFGVQB4PDL6", "RequestPath": "/api/auth/register", "Application": "Crud.Api"}
Activity.TraceId:            5a48c141fb2814aa08337ce350411bd0
Activity.SpanId:             9329f54b2d860f34
Activity.TraceFlags:         Recorded
Activity.ActivitySourceName: Microsoft.AspNetCore
Activity.DisplayName:        POST api/Auth/register
Activity.Kind:               Server
Activity.StartTime:          2025-09-11T06:44:35.7200941Z
Activity.Duration:           00:00:00.3016398
Activity.Tags:
    server.address: localhost
    http.request.method: POST
    url.scheme: http
    url.path: /api/auth/register
    network.protocol.version: 1.1
    http.route: api/Auth/register
    http.response.status_code: 200
Resource associated with Activity:
    deployment.environment: Testing
    service.name: Crud.Api
    service.version: 1.0.0
    service.instance.id: bb25e7a8-9ced-49c8-9e52-fd74b67e7fff
    telemetry.sdk.name: opentelemetry
    telemetry.sdk.language: dotnet
    telemetry.sdk.version: 1.8.1
[06:44:36 DBG] Cache miss for key: entity:role:6efd9581ff764ec1be88c73fa5b65eec {"SourceContext": "Infrastructure.Services.Caching.InMemoryCacheService", "ActionId": "2a436a13-64ad-4563-a951-503b1c00a6d1", "ActionName": "Api.Controllers.RolesController.Get (Api)", "RequestId": "0HNFGVQB4PDL7", "RequestPath": "/api/roles/6efd9581-ff76-4ec1-be88-c73fa5b65eec", "Application": "Crud.Api"}
[06:44:36 DBG] Set cache value for key: entity:role:6efd9581ff764ec1be88c73fa5b65eec {"SourceContext": "Infrastructure.Services.Caching.InMemoryCacheService", "ActionId": "2a436a13-64ad-4563-a951-503b1c00a6d1", "ActionName": "Api.Controllers.RolesController.Get (Api)", "RequestId": "0HNFGVQB4PDL7", "RequestPath": "/api/roles/6efd9581-ff76-4ec1-be88-c73fa5b65eec", "Application": "Crud.Api"}
Activity.TraceId:            a0cbd90f589a45884f1a248d2bc2478e
Activity.SpanId:             b4e658d0f1783747
Activity.TraceFlags:         Recorded
Activity.ActivitySourceName: Microsoft.AspNetCore
Activity.DisplayName:        GET api/Roles/{id:guid}
Activity.Kind:               Server
Activity.StartTime:          2025-09-11T06:44:36.0219848Z
Activity.Duration:           00:00:00.0030108
Activity.Tags:
    server.address: localhost
    http.request.method: GET
    url.scheme: http
    url.path: /api/roles/6efd9581-ff76-4ec1-be88-c73fa5b65eec
    network.protocol.version: 1.1
    http.route: api/Roles/{id:guid}
    http.response.status_code: 200
Resource associated with Activity:
    deployment.environment: Testing
    service.name: Crud.Api
    service.version: 1.0.0
    service.instance.id: bb25e7a8-9ced-49c8-9e52-fd74b67e7fff
    telemetry.sdk.name: opentelemetry
    telemetry.sdk.language: dotnet
    telemetry.sdk.version: 1.8.1
[06:44:36 INF] Resetting database for worker 11843 {"SourceContext": "Infrastructure.Services.DatabaseTestService", "Application": "Crud.Api"}
[06:44:36 INF] Resetting database via file deletion for worker 11843 in CI environment {"SourceContext": "Infrastructure.Services.DatabaseTestService", "Application": "Crud.Api"}
[06:44:36 INF] Acquiring database mutex for worker 11843... {"SourceContext": "Infrastructure.Services.DatabaseTestService", "Application": "Crud.Api"}
[06:44:36 INF] Database mutex acquired for worker 11843 {"SourceContext": "Infrastructure.Services.DatabaseTestService", "Application": "Crud.Api"}
[06:44:36 INF] Current database state - CanConnect: True {"SourceContext": "Infrastructure.Services.DatabaseTestService", "Application": "Crud.Api"}
[06:44:36 INF] [Phase 0] Closing database connection for worker 11843... {"SourceContext": "Infrastructure.Services.DatabaseTestService", "Application": "Crud.Api"}
[06:44:36 INF] [Phase 0] Connection closed in 0.0011ms {"SourceContext": "Infrastructure.Services.DatabaseTestService", "Application": "Crud.Api"}
[06:44:36 INF] [Phase 1] Starting EnsureDeletedAsync for worker 11843... {"SourceContext": "Infrastructure.Services.DatabaseTestService", "Application": "Crud.Api"}
[06:44:36 INF] [Phase 1] EnsureDeletedAsync completed in 1.2418ms {"SourceContext": "Infrastructure.Services.DatabaseTestService", "Application": "Crud.Api"}
[06:44:36 INF] [Phase 2] Starting EnsureCreatedAsync for worker 11843... {"SourceContext": "Infrastructure.Services.DatabaseTestService", "Application": "Crud.Api"}
[06:44:36 INF] [Phase 2] EnsureCreatedAsync completed in 7.5776ms {"SourceContext": "Infrastructure.Services.DatabaseTestService", "Application": "Crud.Api"}
[06:44:36 INF] [Phase 3] Skipping database seeding as requested for worker 11843 {"SourceContext": "Infrastructure.Services.DatabaseTestService", "Application": "Crud.Api"}
[06:44:36 INF] Database reset via file deletion completed for worker 11843 in 109.0209ms (Close: 0.0011ms, Delete: 1.2418ms, Create: 7.5776ms) {"SourceContext": "Infrastructure.Services.DatabaseTestService", "Application": "Crud.Api"}
[06:44:36 INF] Releasing database mutex for worker 11843 {"SourceContext": "Infrastructure.Services.DatabaseTestService", "Application": "Crud.Api"}
[06:44:36 INF] User registered successfully: e6898441-84ce-47b5-b801-d8b057c6e08b {"SourceContext": "App.Features.Authentication.RegisterUserCommandHandler", "ActionId": "f803a4b2-94df-4a26-9c05-ce1f6354a0b1", "ActionName": "Api.Controllers.AuthController.Register (Api)", "RequestId": "0HNFGVQB4PDL8", "RequestPath": "/api/auth/register", "Application": "Crud.Api"}
Activity.TraceId:            e7db864aa0951bf30282c17f6ee49f10
Activity.SpanId:             0ebc821b79f3b414
Activity.TraceFlags:         Recorded
Activity.ActivitySourceName: Microsoft.AspNetCore
Activity.DisplayName:        POST api/Auth/register
Activity.Kind:               Server
Activity.StartTime:          2025-09-11T06:44:36.1375280Z
Activity.Duration:           00:00:00.2988984
Activity.Tags:
    server.address: localhost
    http.request.method: POST
    url.scheme: http
    url.path: /api/auth/register
    network.protocol.version: 1.1
    http.route: api/Auth/register
    http.response.status_code: 200
Resource associated with Activity:
    deployment.environment: Testing
    service.name: Crud.Api
    service.version: 1.0.0
    service.instance.id: bb25e7a8-9ced-49c8-9e52-fd74b67e7fff
    telemetry.sdk.name: opentelemetry
    telemetry.sdk.language: dotnet
    telemetry.sdk.version: 1.8.1
[06:44:36 INF] User logged in successfully: e6898441-84ce-47b5-b801-d8b057c6e08b {"SourceContext": "App.Features.Authentication.LoginCommandHandler", "ActionId": "e43c0da0-3a76-4c47-8859-641c4f50a470", "ActionName": "Api.Controllers.AuthController.Login (Api)", "RequestId": "0HNFGVQB4PDL9", "RequestPath": "/api/auth/login", "Application": "Crud.Api"}
Activity.TraceId:            577fa75d4009d6b479640125093c50aa
Activity.SpanId:             3046024f323610a6
Activity.TraceFlags:         Recorded
Activity.ActivitySourceName: Microsoft.AspNetCore
Activity.DisplayName:        POST api/Auth/login
Activity.Kind:               Server
Activity.StartTime:          2025-09-11T06:44:36.4376292Z
Activity.Duration:           00:00:00.2987433
Activity.Tags:
    server.address: localhost
    http.request.method: POST
    url.scheme: http
    url.path: /api/auth/login
    network.protocol.version: 1.1
    http.route: api/Auth/login
    http.response.status_code: 200
Resource associated with Activity:
    deployment.environment: Testing
    service.name: Crud.Api
    service.version: 1.0.0
    service.instance.id: bb25e7a8-9ced-49c8-9e52-fd74b67e7fff
    telemetry.sdk.name: opentelemetry
    telemetry.sdk.language: dotnet
    telemetry.sdk.version: 1.8.1
Activity.TraceId:            ffc8b4eabe438ebc479523547ea4e93e
Activity.SpanId:             0fb5867a4eeb8775
Activity.TraceFlags:         Recorded
Activity.ActivitySourceName: Microsoft.AspNetCore
Activity.DisplayName:        POST api/Roles
Activity.Kind:               Server
Activity.StartTime:          2025-09-11T06:44:36.7375395Z
Activity.Duration:           00:00:00.0016856
Activity.Tags:
    server.address: localhost
    http.request.method: POST
    url.scheme: http
    url.path: /api/roles
    network.protocol.version: 1.1
    http.route: api/Roles
    http.response.status_code: 400
Resource associated with Activity:
    deployment.environment: Testing
    service.name: Crud.Api
    service.version: 1.0.0
    service.instance.id: bb25e7a8-9ced-49c8-9e52-fd74b67e7fff
    telemetry.sdk.name: opentelemetry
    telemetry.sdk.language: dotnet
    telemetry.sdk.version: 1.8.1
[06:44:36 INF] Resetting database for worker 11843 {"SourceContext": "Infrastructure.Services.DatabaseTestService", "Application": "Crud.Api"}
[06:44:36 INF] Resetting database via file deletion for worker 11843 in CI environment {"SourceContext": "Infrastructure.Services.DatabaseTestService", "Application": "Crud.Api"}
[06:44:36 INF] Acquiring database mutex for worker 11843... {"SourceContext": "Infrastructure.Services.DatabaseTestService", "Application": "Crud.Api"}
[06:44:36 INF] Database mutex acquired for worker 11843 {"SourceContext": "Infrastructure.Services.DatabaseTestService", "Application": "Crud.Api"}
[06:44:36 INF] Current database state - CanConnect: True {"SourceContext": "Infrastructure.Services.DatabaseTestService", "Application": "Crud.Api"}
[06:44:36 INF] [Phase 0] Closing database connection for worker 11843... {"SourceContext": "Infrastructure.Services.DatabaseTestService", "Application": "Crud.Api"}
[06:44:36 INF] [Phase 0] Connection closed in 0.001ms {"SourceContext": "Infrastructure.Services.DatabaseTestService", "Application": "Crud.Api"}
[06:44:36 INF] [Phase 1] Starting EnsureDeletedAsync for worker 11843... {"SourceContext": "Infrastructure.Services.DatabaseTestService", "Application": "Crud.Api"}
[06:44:36 INF] [Phase 1] EnsureDeletedAsync completed in 1.1925ms {"SourceContext": "Infrastructure.Services.DatabaseTestService", "Application": "Crud.Api"}
[06:44:36 INF] [Phase 2] Starting EnsureCreatedAsync for worker 11843... {"SourceContext": "Infrastructure.Services.DatabaseTestService", "Application": "Crud.Api"}
[06:44:36 INF] [Phase 2] EnsureCreatedAsync completed in 7.3954ms {"SourceContext": "Infrastructure.Services.DatabaseTestService", "Application": "Crud.Api"}
[06:44:36 INF] [Phase 3] Skipping database seeding as requested for worker 11843 {"SourceContext": "Infrastructure.Services.DatabaseTestService", "Application": "Crud.Api"}
[06:44:36 INF] Database reset via file deletion completed for worker 11843 in 109.1697ms (Close: 0.001ms, Delete: 1.1925ms, Create: 7.3954ms) {"SourceContext": "Infrastructure.Services.DatabaseTestService", "Application": "Crud.Api"}
[06:44:36 INF] Releasing database mutex for worker 11843 {"SourceContext": "Infrastructure.Services.DatabaseTestService", "Application": "Crud.Api"}
[06:44:36 INF] Resetting database for worker 11843 {"SourceContext": "Infrastructure.Services.DatabaseTestService", "Application": "Crud.Api"}
[06:44:36 INF] Resetting database via file deletion for worker 11843 in CI environment {"SourceContext": "Infrastructure.Services.DatabaseTestService", "Application": "Crud.Api"}
[06:44:36 INF] Acquiring database mutex for worker 11843... {"SourceContext": "Infrastructure.Services.DatabaseTestService", "Application": "Crud.Api"}
[06:44:36 INF] Database mutex acquired for worker 11843 {"SourceContext": "Infrastructure.Services.DatabaseTestService", "Application": "Crud.Api"}
[06:44:36 INF] Current database state - CanConnect: True {"SourceContext": "Infrastructure.Services.DatabaseTestService", "Application": "Crud.Api"}
[06:44:36 INF] [Phase 0] Closing database connection for worker 11843... {"SourceContext": "Infrastructure.Services.DatabaseTestService", "Application": "Crud.Api"}
[06:44:36 INF] [Phase 0] Connection closed in 0.0029ms {"SourceContext": "Infrastructure.Services.DatabaseTestService", "Application": "Crud.Api"}
[06:44:36 INF] [Phase 1] Starting EnsureDeletedAsync for worker 11843... {"SourceContext": "Infrastructure.Services.DatabaseTestService", "Application": "Crud.Api"}
[06:44:36 INF] [Phase 1] EnsureDeletedAsync completed in 1.197ms {"SourceContext": "Infrastructure.Services.DatabaseTestService", "Application": "Crud.Api"}
[06:44:36 INF] [Phase 2] Starting EnsureCreatedAsync for worker 11843... {"SourceContext": "Infrastructure.Services.DatabaseTestService", "Application": "Crud.Api"}
[06:44:36 INF] [Phase 2] EnsureCreatedAsync completed in 7.41ms {"SourceContext": "Infrastructure.Services.DatabaseTestService", "Application": "Crud.Api"}
[06:44:36 INF] [Phase 3] Skipping database seeding as requested for worker 11843 {"SourceContext": "Infrastructure.Services.DatabaseTestService", "Application": "Crud.Api"}
[06:44:36 INF] Database reset via file deletion completed for worker 11843 in 109.872ms (Close: 0.0029ms, Delete: 1.197ms, Create: 7.41ms) {"SourceContext": "Infrastructure.Services.DatabaseTestService", "Application": "Crud.Api"}
[06:44:36 INF] Releasing database mutex for worker 11843 {"SourceContext": "Infrastructure.Services.DatabaseTestService", "Application": "Crud.Api"}
[06:44:37 INF] User registered successfully: ca1a7b86-d324-44d2-8436-c63d73c543bc {"SourceContext": "App.Features.Authentication.RegisterUserCommandHandler", "ActionId": "f803a4b2-94df-4a26-9c05-ce1f6354a0b1", "ActionName": "Api.Controllers.AuthController.Register (Api)", "RequestId": "0HNFGVQB4PDLB", "RequestPath": "/api/auth/register", "Application": "Crud.Api"}
Activity.TraceId:            54aa96a7e89067b85d3a3b5595e8fedf
Activity.SpanId:             82939b943eef864a
Activity.TraceFlags:         Recorded
Activity.ActivitySourceName: Microsoft.AspNetCore
Activity.DisplayName:        POST api/Auth/register
Activity.Kind:               Server
Activity.StartTime:          2025-09-11T06:44:36.9624727Z
Activity.Duration:           00:00:00.2986507
Activity.Tags:
    server.address: localhost
    http.request.method: POST
    url.scheme: http
    url.path: /api/auth/register
    network.protocol.version: 1.1
    http.route: api/Auth/register
    http.response.status_code: 200
Resource associated with Activity:
    deployment.environment: Testing
    service.name: Crud.Api
    service.version: 1.0.0
    service.instance.id: bb25e7a8-9ced-49c8-9e52-fd74b67e7fff
    telemetry.sdk.name: opentelemetry
    telemetry.sdk.language: dotnet
    telemetry.sdk.version: 1.8.1
[06:44:37 INF] User logged in successfully: ca1a7b86-d324-44d2-8436-c63d73c543bc {"SourceContext": "App.Features.Authentication.LoginCommandHandler", "ActionId": "e43c0da0-3a76-4c47-8859-641c4f50a470", "ActionName": "Api.Controllers.AuthController.Login (Api)", "RequestId": "0HNFGVQB4PDLC", "RequestPath": "/api/auth/login", "Application": "Crud.Api"}
Activity.TraceId:            15780d0fcf15fcd199b2134e5e359a57
Activity.SpanId:             68fcbe170756ebc7
Activity.TraceFlags:         Recorded
Activity.ActivitySourceName: Microsoft.AspNetCore
Activity.DisplayName:        POST api/Auth/login
Activity.Kind:               Server
Activity.StartTime:          2025-09-11T06:44:37.2621925Z
Activity.Duration:           00:00:00.2993899
Activity.Tags:
    server.address: localhost
    http.request.method: POST
    url.scheme: http
    url.path: /api/auth/login
    network.protocol.version: 1.1
    http.route: api/Auth/login
    http.response.status_code: 200
Resource associated with Activity:
    deployment.environment: Testing
    service.name: Crud.Api
    service.version: 1.0.0
    service.instance.id: bb25e7a8-9ced-49c8-9e52-fd74b67e7fff
    telemetry.sdk.name: opentelemetry
    telemetry.sdk.language: dotnet
    telemetry.sdk.version: 1.8.1
[06:44:37 DBG] Cache miss for key: name:role:administrator {"SourceContext": "Infrastructure.Services.Caching.InMemoryCacheService", "ActionId": "e47128ec-9691-44f7-85ae-68336fa558f2", "ActionName": "Api.Controllers.RolesController.Create (Api)", "RequestId": "0HNFGVQB4PDLD", "RequestPath": "/api/roles", "Application": "Crud.Api"}
[06:44:37 DBG] Removed cache value for key: entity:role:81ae38ecb5ea45a09b7d9336324183aa {"SourceContext": "Infrastructure.Services.Caching.InMemoryCacheService", "ActionId": "e47128ec-9691-44f7-85ae-68336fa558f2", "ActionName": "Api.Controllers.RolesController.Create (Api)", "RequestId": "0HNFGVQB4PDLD", "RequestPath": "/api/roles", "Application": "Crud.Api"}
[06:44:37 DBG] Removed cache value for key: list:role {"SourceContext": "Infrastructure.Services.Caching.InMemoryCacheService", "ActionId": "e47128ec-9691-44f7-85ae-68336fa558f2", "ActionName": "Api.Controllers.RolesController.Create (Api)", "RequestId": "0HNFGVQB4PDLD", "RequestPath": "/api/roles", "Application": "Crud.Api"}
[06:44:37 DBG] Invalidating cache for entity type: roles with tag: roles {"SourceContext": "Api.Services.OutputCacheInvalidationService", "ActionId": "e47128ec-9691-44f7-85ae-68336fa558f2", "ActionName": "Api.Controllers.RolesController.Create (Api)", "RequestId": "0HNFGVQB4PDLD", "RequestPath": "/api/roles", "Application": "Crud.Api"}
[06:44:37 INF] Successfully invalidated cache for entity type: roles {"SourceContext": "Api.Services.OutputCacheInvalidationService", "ActionId": "e47128ec-9691-44f7-85ae-68336fa558f2", "ActionName": "Api.Controllers.RolesController.Create (Api)", "RequestId": "0HNFGVQB4PDLD", "RequestPath": "/api/roles", "Application": "Crud.Api"}
Activity.TraceId:            5455e29a27bd061e3d313f838e4cf1ad
Activity.SpanId:             cbef8c7f0df2b7e1
Activity.TraceFlags:         Recorded
Activity.ActivitySourceName: Microsoft.AspNetCore
Activity.DisplayName:        POST api/Roles
Activity.Kind:               Server
Activity.StartTime:          2025-09-11T06:44:37.5617617Z
Activity.Duration:           00:00:00.0020216
Activity.Tags:
    server.address: localhost
    http.request.method: POST
    url.scheme: http
    url.path: /api/roles
    network.protocol.version: 1.1
    http.route: api/Roles
    http.response.status_code: 201
Resource associated with Activity:
    deployment.environment: Testing
    service.name: Crud.Api
    service.version: 1.0.0
    service.instance.id: bb25e7a8-9ced-49c8-9e52-fd74b67e7fff
    telemetry.sdk.name: opentelemetry
    telemetry.sdk.language: dotnet
    telemetry.sdk.version: 1.8.1
[06:44:37 INF] Resetting database for worker 11843 {"SourceContext": "Infrastructure.Services.DatabaseTestService", "Application": "Crud.Api"}
[06:44:37 INF] Resetting database via file deletion for worker 11843 in CI environment {"SourceContext": "Infrastructure.Services.DatabaseTestService", "Application": "Crud.Api"}
[06:44:37 INF] Acquiring database mutex for worker 11843... {"SourceContext": "Infrastructure.Services.DatabaseTestService", "Application": "Crud.Api"}
[06:44:37 INF] Database mutex acquired for worker 11843 {"SourceContext": "Infrastructure.Services.DatabaseTestService", "Application": "Crud.Api"}
[06:44:37 INF] Current database state - CanConnect: True {"SourceContext": "Infrastructure.Services.DatabaseTestService", "Application": "Crud.Api"}
[06:44:37 INF] [Phase 0] Closing database connection for worker 11843... {"SourceContext": "Infrastructure.Services.DatabaseTestService", "Application": "Crud.Api"}
[06:44:37 INF] [Phase 0] Connection closed in 0.001ms {"SourceContext": "Infrastructure.Services.DatabaseTestService", "Application": "Crud.Api"}
[06:44:37 INF] [Phase 1] Starting EnsureDeletedAsync for worker 11843... {"SourceContext": "Infrastructure.Services.DatabaseTestService", "Application": "Crud.Api"}
[06:44:37 INF] [Phase 1] EnsureDeletedAsync completed in 1.1321ms {"SourceContext": "Infrastructure.Services.DatabaseTestService", "Application": "Crud.Api"}
[06:44:37 INF] [Phase 2] Starting EnsureCreatedAsync for worker 11843... {"SourceContext": "Infrastructure.Services.DatabaseTestService", "Application": "Crud.Api"}
[06:44:37 INF] [Phase 2] EnsureCreatedAsync completed in 7.9406ms {"SourceContext": "Infrastructure.Services.DatabaseTestService", "Application": "Crud.Api"}
[06:44:37 INF] [Phase 3] Skipping database seeding as requested for worker 11843 {"SourceContext": "Infrastructure.Services.DatabaseTestService", "Application": "Crud.Api"}
[06:44:37 INF] Database reset via file deletion completed for worker 11843 in 109.6668ms (Close: 0.001ms, Delete: 1.1321ms, Create: 7.9406ms) {"SourceContext": "Infrastructure.Services.DatabaseTestService", "Application": "Crud.Api"}
[06:44:37 INF] Releasing database mutex for worker 11843 {"SourceContext": "Infrastructure.Services.DatabaseTestService", "Application": "Crud.Api"}
[06:44:37 INF] Resetting database for worker 11843 {"SourceContext": "Infrastructure.Services.DatabaseTestService", "Application": "Crud.Api"}
[06:44:37 INF] Resetting database via file deletion for worker 11843 in CI environment {"SourceContext": "Infrastructure.Services.DatabaseTestService", "Application": "Crud.Api"}
[06:44:37 INF] Acquiring database mutex for worker 11843... {"SourceContext": "Infrastructure.Services.DatabaseTestService", "Application": "Crud.Api"}
[06:44:37 INF] Database mutex acquired for worker 11843 {"SourceContext": "Infrastructure.Services.DatabaseTestService", "Application": "Crud.Api"}
[06:44:37 INF] Current database state - CanConnect: True {"SourceContext": "Infrastructure.Services.DatabaseTestService", "Application": "Crud.Api"}
[06:44:37 INF] [Phase 0] Closing database connection for worker 11843... {"SourceContext": "Infrastructure.Services.DatabaseTestService", "Application": "Crud.Api"}
[06:44:37 INF] [Phase 0] Connection closed in 0.0017ms {"SourceContext": "Infrastructure.Services.DatabaseTestService", "Application": "Crud.Api"}
[06:44:37 INF] [Phase 1] Starting EnsureDeletedAsync for worker 11843... {"SourceContext": "Infrastructure.Services.DatabaseTestService", "Application": "Crud.Api"}
[06:44:37 INF] [Phase 1] EnsureDeletedAsync completed in 1.0512ms {"SourceContext": "Infrastructure.Services.DatabaseTestService", "Application": "Crud.Api"}
[06:44:37 INF] [Phase 2] Starting EnsureCreatedAsync for worker 11843... {"SourceContext": "Infrastructure.Services.DatabaseTestService", "Application": "Crud.Api"}
[06:44:37 INF] [Phase 2] EnsureCreatedAsync completed in 7.4616ms {"SourceContext": "Infrastructure.Services.DatabaseTestService", "Application": "Crud.Api"}
[06:44:37 INF] [Phase 3] Skipping database seeding as requested for worker 11843 {"SourceContext": "Infrastructure.Services.DatabaseTestService", "Application": "Crud.Api"}
[06:44:37 INF] Database reset via file deletion completed for worker 11843 in 109.1ms (Close: 0.0017ms, Delete: 1.0512ms, Create: 7.4616ms) {"SourceContext": "Infrastructure.Services.DatabaseTestService", "Application": "Crud.Api"}
[06:44:37 INF] Releasing database mutex for worker 11843 {"SourceContext": "Infrastructure.Services.DatabaseTestService", "Application": "Crud.Api"}
[06:44:38 INF] User registered successfully: 1b981105-e4c7-4c0d-a6e2-f6e658e49e32 {"SourceContext": "App.Features.Authentication.RegisterUserCommandHandler", "ActionId": "f803a4b2-94df-4a26-9c05-ce1f6354a0b1", "ActionName": "Api.Controllers.AuthController.Register (Api)", "RequestId": "0HNFGVQB4PDLE", "RequestPath": "/api/auth/register", "Application": "Crud.Api"}
Activity.TraceId:            f40b24a5164fa757a9868b8c85874e5d
Activity.SpanId:             dfb1022cdf160685
Activity.TraceFlags:         Recorded
Activity.ActivitySourceName: Microsoft.AspNetCore
Activity.DisplayName:        POST api/Auth/register
Activity.Kind:               Server
Activity.StartTime:          2025-09-11T06:44:37.7865077Z
Activity.Duration:           00:00:00.3022834
Activity.Tags:
    server.address: localhost
    http.request.method: POST
    url.scheme: http
    url.path: /api/auth/register
    network.protocol.version: 1.1
    http.route: api/Auth/register
    http.response.status_code: 200
Resource associated with Activity:
    deployment.environment: Testing
    service.name: Crud.Api
    service.version: 1.0.0
    service.instance.id: bb25e7a8-9ced-49c8-9e52-fd74b67e7fff
    telemetry.sdk.name: opentelemetry
    telemetry.sdk.language: dotnet
    telemetry.sdk.version: 1.8.1
[06:44:38 DBG] Cache miss for key: entity:role:9e8d93a069a44fd9aba46fe2fc62cace {"SourceContext": "Infrastructure.Services.Caching.InMemoryCacheService", "ActionId": "2a436a13-64ad-4563-a951-503b1c00a6d1", "ActionName": "Api.Controllers.RolesController.Get (Api)", "RequestId": "0HNFGVQB4PDLF", "RequestPath": "/api/roles/9e8d93a0-69a4-4fd9-aba4-6fe2fc62cace", "Application": "Crud.Api"}
Activity.TraceId:            63c3f12f343284b6b9c5c1081170b597
Activity.SpanId:             4522532f24024240
Activity.TraceFlags:         Recorded
Activity.ActivitySourceName: Microsoft.AspNetCore
Activity.DisplayName:        GET api/Roles/{id:guid}
Activity.Kind:               Server
Activity.StartTime:          2025-09-11T06:44:38.0889969Z
Activity.Duration:           00:00:00.0012635
Activity.Tags:
    server.address: localhost
    http.request.method: GET
    url.scheme: http
    url.path: /api/roles/9e8d93a0-69a4-4fd9-aba4-6fe2fc62cace
    network.protocol.version: 1.1
    http.route: api/Roles/{id:guid}
    http.response.status_code: 404
Resource associated with Activity:
    deployment.environment: Testing
    service.name: Crud.Api
    service.version: 1.0.0
    service.instance.id: bb25e7a8-9ced-49c8-9e52-fd74b67e7fff
    telemetry.sdk.name: opentelemetry
    telemetry.sdk.language: dotnet
    telemetry.sdk.version: 1.8.1
[06:44:38 INF] Resetting database for worker 11843 {"SourceContext": "Infrastructure.Services.DatabaseTestService", "Application": "Crud.Api"}
[06:44:38 INF] Resetting database via file deletion for worker 11843 in CI environment {"SourceContext": "Infrastructure.Services.DatabaseTestService", "Application": "Crud.Api"}
[06:44:38 INF] Acquiring database mutex for worker 11843... {"SourceContext": "Infrastructure.Services.DatabaseTestService", "Application": "Crud.Api"}
[06:44:38 INF] Database mutex acquired for worker 11843 {"SourceContext": "Infrastructure.Services.DatabaseTestService", "Application": "Crud.Api"}
[06:44:38 INF] Current database state - CanConnect: True {"SourceContext": "Infrastructure.Services.DatabaseTestService", "Application": "Crud.Api"}
[06:44:38 INF] [Phase 0] Closing database connection for worker 11843... {"SourceContext": "Infrastructure.Services.DatabaseTestService", "Application": "Crud.Api"}
[06:44:38 INF] [Phase 0] Connection closed in 0.0052ms {"SourceContext": "Infrastructure.Services.DatabaseTestService", "Application": "Crud.Api"}
[06:44:38 INF] [Phase 1] Starting EnsureDeletedAsync for worker 11843... {"SourceContext": "Infrastructure.Services.DatabaseTestService", "Application": "Crud.Api"}
[06:44:38 INF] [Phase 1] EnsureDeletedAsync completed in 3.5662ms {"SourceContext": "Infrastructure.Services.DatabaseTestService", "Application": "Crud.Api"}
[06:44:38 INF] [Phase 2] Starting EnsureCreatedAsync for worker 11843... {"SourceContext": "Infrastructure.Services.DatabaseTestService", "Application": "Crud.Api"}
[06:44:38 INF] [Phase 2] EnsureCreatedAsync completed in 7.5616ms {"SourceContext": "Infrastructure.Services.DatabaseTestService", "Application": "Crud.Api"}
[06:44:38 INF] [Phase 3] Skipping database seeding as requested for worker 11843 {"SourceContext": "Infrastructure.Services.DatabaseTestService", "Application": "Crud.Api"}
[06:44:38 INF] Database reset via file deletion completed for worker 11843 in 111.9823ms (Close: 0.0052ms, Delete: 3.5662ms, Create: 7.5616ms) {"SourceContext": "Infrastructure.Services.DatabaseTestService", "Application": "Crud.Api"}
[06:44:38 INF] Releasing database mutex for worker 11843 {"SourceContext": "Infrastructure.Services.DatabaseTestService", "Application": "Crud.Api"}
[06:44:38 INF] Resetting database for worker 11843 {"SourceContext": "Infrastructure.Services.DatabaseTestService", "Application": "Crud.Api"}
[06:44:38 INF] Resetting database via file deletion for worker 11843 in CI environment {"SourceContext": "Infrastructure.Services.DatabaseTestService", "Application": "Crud.Api"}
[06:44:38 INF] Acquiring database mutex for worker 11843... {"SourceContext": "Infrastructure.Services.DatabaseTestService", "Application": "Crud.Api"}
[06:44:38 INF] Database mutex acquired for worker 11843 {"SourceContext": "Infrastructure.Services.DatabaseTestService", "Application": "Crud.Api"}
[06:44:38 INF] Current database state - CanConnect: True {"SourceContext": "Infrastructure.Services.DatabaseTestService", "Application": "Crud.Api"}
[06:44:38 INF] [Phase 0] Closing database connection for worker 11843... {"SourceContext": "Infrastructure.Services.DatabaseTestService", "Application": "Crud.Api"}
[06:44:38 INF] [Phase 0] Connection closed in 0.0014ms {"SourceContext": "Infrastructure.Services.DatabaseTestService", "Application": "Crud.Api"}
[06:44:38 INF] [Phase 1] Starting EnsureDeletedAsync for worker 11843... {"SourceContext": "Infrastructure.Services.DatabaseTestService", "Application": "Crud.Api"}
[06:44:38 INF] [Phase 1] EnsureDeletedAsync completed in 1.1137ms {"SourceContext": "Infrastructure.Services.DatabaseTestService", "Application": "Crud.Api"}
[06:44:38 INF] [Phase 2] Starting EnsureCreatedAsync for worker 11843... {"SourceContext": "Infrastructure.Services.DatabaseTestService", "Application": "Crud.Api"}
[06:44:38 INF] [Phase 2] EnsureCreatedAsync completed in 7.7701ms {"SourceContext": "Infrastructure.Services.DatabaseTestService", "Application": "Crud.Api"}
[06:44:38 INF] [Phase 3] Skipping database seeding as requested for worker 11843 {"SourceContext": "Infrastructure.Services.DatabaseTestService", "Application": "Crud.Api"}
[06:44:38 INF] Database reset via file deletion completed for worker 11843 in 109.5674ms (Close: 0.0014ms, Delete: 1.1137ms, Create: 7.7701ms) {"SourceContext": "Infrastructure.Services.DatabaseTestService", "Application": "Crud.Api"}
[06:44:38 INF] Releasing database mutex for worker 11843 {"SourceContext": "Infrastructure.Services.DatabaseTestService", "Application": "Crud.Api"}
Resource associated with Metric:
    deployment.environment: Testing
    service.name: Crud.Api
    service.version: 1.0.0
    service.instance.id: bb25e7a8-9ced-49c8-9e52-fd74b67e7fff
    telemetry.sdk.name: opentelemetry
    telemetry.sdk.language: dotnet
    telemetry.sdk.version: 1.8.1
Metric Name: http.server.active_requests, Number of active HTTP server requests., Unit: {request}, Meter: Microsoft.AspNetCore.Hosting
(2025-09-11T06:44:28.5363115Z, 2025-09-11T06:44:38.5364653Z] http.request.method: POST url.scheme: http LongSumNonMonotonic
Value: 1
(2025-09-11T06:44:28.5363115Z, 2025-09-11T06:44:38.5364653Z] http.request.method: DELETE url.scheme: http LongSumNonMonotonic
Value: 0
(2025-09-11T06:44:28.5363115Z, 2025-09-11T06:44:38.5364653Z] http.request.method: GET url.scheme: http LongSumNonMonotonic
Value: 0
(2025-09-11T06:44:28.5363115Z, 2025-09-11T06:44:38.5364653Z] http.request.method: PUT url.scheme: http LongSumNonMonotonic
Value: 0
Metric Name: http.server.request.duration, Duration of HTTP server requests., Unit: s, Meter: Microsoft.AspNetCore.Hosting
(2025-09-11T06:44:28.5363359Z, 2025-09-11T06:44:38.5364697Z] http.request.method: POST http.response.status_code: 200 http.route: api/Auth/register network.protocol.version: 1.1 url.scheme: http Histogram
Value: Sum: 5.0992834 Count: 17 Min: 0.2978445 Max: 0.3068619 
(-Infinity,0.005]:0
(0.005,0.01]:0
(0.01,0.025]:0
(0.025,0.05]:0
(0.05,0.075]:0
(0.075,0.1]:0
(0.1,0.25]:0
(0.25,0.5]:17
(0.5,0.75]:0
(0.75,1]:0
(1,2.5]:0
(2.5,5]:0
(5,7.5]:0
(7.5,10]:0
(10,+Infinity]:0
(2025-09-11T06:44:28.5363359Z, 2025-09-11T06:44:38.5364697Z] http.request.method: POST http.response.status_code: 200 http.route: api/Auth/login network.protocol.version: 1.1 url.scheme: http Histogram
Value: Sum: 3.3196507 Count: 11 Min: 0.298154 Max: 0.3153464 
(-Infinity,0.005]:0
(0.005,0.01]:0
(0.01,0.025]:0
(0.025,0.05]:0
(0.05,0.075]:0
(0.075,0.1]:0
(0.1,0.25]:0
(0.25,0.5]:11
(0.5,0.75]:0
(0.75,1]:0
(1,2.5]:0
(2.5,5]:0
(5,7.5]:0
(7.5,10]:0
(10,+Infinity]:0
(2025-09-11T06:44:28.5363359Z, 2025-09-11T06:44:38.5364697Z] http.request.method: DELETE http.response.status_code: 204 http.route: api/Roles/{id:guid} network.protocol.version: 1.1 url.scheme: http Histogram
Value: Sum: 0.020652 Count: 2 Min: 0.0054202 Max: 0.0152318 
(-Infinity,0.005]:0
(0.005,0.01]:1
(0.01,0.025]:1
(0.025,0.05]:0
(0.05,0.075]:0
(0.075,0.1]:0
(0.1,0.25]:0
(0.25,0.5]:0
(0.5,0.75]:0
(0.75,1]:0
(1,2.5]:0
(2.5,5]:0
(5,7.5]:0
(7.5,10]:0
(10,+Infinity]:0
(2025-09-11T06:44:28.5363359Z, 2025-09-11T06:44:38.5364697Z] http.request.method: POST http.response.status_code: 201 http.route: api/Roles network.protocol.version: 1.1 url.scheme: http Histogram
Value: Sum: 0.026228499999999995 Count: 7 Min: 0.0016792 Max: 0.0108982 
(-Infinity,0.005]:6
(0.005,0.01]:0
(0.01,0.025]:1
(0.025,0.05]:0
(0.05,0.075]:0
(0.075,0.1]:0
(0.1,0.25]:0
(0.25,0.5]:0
(0.5,0.75]:0
(0.75,1]:0
(1,2.5]:0
(2.5,5]:0
(5,7.5]:0
(7.5,10]:0
(10,+Infinity]:0
(2025-09-11T06:44:28.5363359Z, 2025-09-11T06:44:38.5364697Z] http.request.method: GET http.response.status_code: 200 http.route: api/Roles network.protocol.version: 1.1 url.scheme: http Histogram
Value: Sum: 0.0078538 Count: 2 Min: 0.0010351 Max: 0.0068187 
(-Infinity,0.005]:1
(0.005,0.01]:1
(0.01,0.025]:0
(0.025,0.05]:0
(0.05,0.075]:0
(0.075,0.1]:0
(0.1,0.25]:0
(0.25,0.5]:0
(0.5,0.75]:0
(0.75,1]:0
(1,2.5]:0
(2.5,5]:0
(5,7.5]:0
(7.5,10]:0
(10,+Infinity]:0
(2025-09-11T06:44:28.5363359Z, 2025-09-11T06:44:38.5364697Z] http.request.method: GET http.response.status_code: 404 http.route: api/Roles/{id:guid} network.protocol.version: 1.1 url.scheme: http Histogram
Value: Sum: 0.010276799999999999 Count: 2 Min: 0.0012651 Max: 0.0090117 
(-Infinity,0.005]:1
(0.005,0.01]:1
(0.01,0.025]:0
(0.025,0.05]:0
(0.05,0.075]:0
(0.075,0.1]:0
(0.1,0.25]:0
(0.25,0.5]:0
(0.5,0.75]:0
(0.75,1]:0
(1,2.5]:0
(2.5,5]:0
(5,7.5]:0
(7.5,10]:0
(10,+Infinity]:0
(2025-09-11T06:44:28.5363359Z, 2025-09-11T06:44:38.5364697Z] http.request.method: PUT http.response.status_code: 204 http.route: api/Roles/{id:guid} network.protocol.version: 1.1 url.scheme: http Histogram
Value: Sum: 0.0096845 Count: 1 Min: 0.0096845 Max: 0.0096845 
(-Infinity,0.005]:0
(0.005,0.01]:1
(0.01,0.025]:0
(0.025,0.05]:0
(0.05,0.075]:0
(0.075,0.1]:0
(0.1,0.25]:0
(0.25,0.5]:0
(0.5,0.75]:0
(0.75,1]:0
(1,2.5]:0
(2.5,5]:0
(5,7.5]:0
(7.5,10]:0
(10,+Infinity]:0
(2025-09-11T06:44:28.5363359Z, 2025-09-11T06:44:38.5364697Z] http.request.method: GET http.response.status_code: 200 http.route: api/Roles/{id:guid} network.protocol.version: 1.1 url.scheme: http Histogram
Value: Sum: 0.0054981 Count: 2 Min: 0.0024869 Max: 0.0030112 
(-Infinity,0.005]:2
(0.005,0.01]:0
(0.01,0.025]:0
(0.025,0.05]:0
(0.05,0.075]:0
(0.075,0.1]:0
(0.1,0.25]:0
(0.25,0.5]:0
(0.5,0.75]:0
(0.75,1]:0
(1,2.5]:0
(2.5,5]:0
(5,7.5]:0
(7.5,10]:0
(10,+Infinity]:0
(2025-09-11T06:44:28.5363359Z, 2025-09-11T06:44:38.5364697Z] http.request.method: POST http.response.status_code: 400 http.route: api/Roles network.protocol.version: 1.1 url.scheme: http Histogram
Value: Sum: 0.0016773 Count: 1 Min: 0.0016773 Max: 0.0016773 
(-Infinity,0.005]:1
(0.005,0.01]:0
(0.01,0.025]:0
(0.025,0.05]:0
(0.05,0.075]:0
(0.075,0.1]:0
(0.1,0.25]:0
(0.25,0.5]:0
(0.5,0.75]:0
(0.75,1]:0
(1,2.5]:0
(2.5,5]:0
(5,7.5]:0
(7.5,10]:0
(10,+Infinity]:0
Metric Name: aspnetcore.rate_limiting.active_request_leases, Number of HTTP requests that are currently active on the server that hold a rate limiting lease., Unit: {request}, Meter: Microsoft.AspNetCore.RateLimiting
(2025-09-11T06:44:28.5382684Z, 2025-09-11T06:44:38.5364703Z] LongSumNonMonotonic
Value: 1
Metric Name: aspnetcore.rate_limiting.request_lease.duration, The duration of rate limiting leases held by HTTP requests on the server., Unit: s, Meter: Microsoft.AspNetCore.RateLimiting
(2025-09-11T06:44:28.5382878Z, 2025-09-11T06:44:38.5364710Z] Histogram
Value: Sum: 8.4917221 Count: 45 Min: 0.0009537 Max: 0.3152345 
(-Infinity,0.005]:11
(0.005,0.01]:4
(0.01,0.025]:2
(0.025,0.05]:0
(0.05,0.075]:0
(0.075,0.1]:0
(0.1,0.25]:0
(0.25,0.5]:28
(0.5,0.75]:0
(0.75,1]:0
(1,2.5]:0
(2.5,5]:0
(5,7.5]:0
(7.5,10]:0
(10,+Infinity]:0
Metric Name: aspnetcore.rate_limiting.requests, Number of requests that tried to acquire a rate limiting lease. Requests could be rejected by global or endpoint rate limiting policies. Or the request could be canceled while waiting for the lease., Unit: {request}, Meter: Microsoft.AspNetCore.RateLimiting
(2025-09-11T06:44:28.5392296Z, 2025-09-11T06:44:38.5364725Z] aspnetcore.rate_limiting.result: acquired LongSum
Value: 45
Metric Name: aspnetcore.routing.match_attempts, Number of requests that were attempted to be matched to an endpoint., Unit: {match_attempt}, Meter: Microsoft.AspNetCore.Routing
(2025-09-11T06:44:28.5403183Z, 2025-09-11T06:44:38.5364730Z] aspnetcore.routing.is_fallback: false aspnetcore.routing.match_status: success http.route: api/Auth/register LongSum
Value: 18
(2025-09-11T06:44:28.5403183Z, 2025-09-11T06:44:38.5364730Z] aspnetcore.routing.is_fallback: false aspnetcore.routing.match_status: success http.route: api/Auth/login LongSum
Value: 11
(2025-09-11T06:44:28.5403183Z, 2025-09-11T06:44:38.5364730Z] aspnetcore.routing.is_fallback: false aspnetcore.routing.match_status: success http.route: api/Roles/{id:guid} LongSum
Value: 7
(2025-09-11T06:44:28.5403183Z, 2025-09-11T06:44:38.5364730Z] aspnetcore.routing.is_fallback: false aspnetcore.routing.match_status: success http.route: api/Roles LongSum
Value: 10
[06:44:38 INF] User registered successfully: 8a06ae60-3a9e-4f17-87f2-65e148fd02d1 {"SourceContext": "App.Features.Authentication.RegisterUserCommandHandler", "ActionId": "f803a4b2-94df-4a26-9c05-ce1f6354a0b1", "ActionName": "Api.Controllers.AuthController.Register (Api)", "RequestId": "0HNFGVQB4PDLG", "RequestPath": "/api/auth/register", "Application": "Crud.Api"}
Activity.TraceId:            e47f0e894912e8a5a8f5f947154fe705
Activity.SpanId:             5e2079f6a02eb016
Activity.TraceFlags:         Recorded
Activity.ActivitySourceName: Microsoft.AspNetCore
Activity.DisplayName:        POST api/Auth/register
Activity.Kind:               Server
Activity.StartTime:          2025-09-11T06:44:38.3160084Z
Activity.Duration:           00:00:00.2987448
Activity.Tags:
    server.address: localhost
    http.request.method: POST
    url.scheme: http
    url.path: /api/auth/register
    network.protocol.version: 1.1
    http.route: api/Auth/register
    http.response.status_code: 200
Resource associated with Activity:
    deployment.environment: Testing
    service.name: Crud.Api
    service.version: 1.0.0
    service.instance.id: bb25e7a8-9ced-49c8-9e52-fd74b67e7fff
    telemetry.sdk.name: opentelemetry
    telemetry.sdk.language: dotnet
    telemetry.sdk.version: 1.8.1
[06:44:38 INF] User logged in successfully: 8a06ae60-3a9e-4f17-87f2-65e148fd02d1 {"SourceContext": "App.Features.Authentication.LoginCommandHandler", "ActionId": "e43c0da0-3a76-4c47-8859-641c4f50a470", "ActionName": "Api.Controllers.AuthController.Login (Api)", "RequestId": "0HNFGVQB4PDLH", "RequestPath": "/api/auth/login", "Application": "Crud.Api"}
Activity.TraceId:            fcbe2aea3ccb4d9c1a5369baf75233ad
Activity.SpanId:             437fcced825b164a
Activity.TraceFlags:         Recorded
Activity.ActivitySourceName: Microsoft.AspNetCore
Activity.DisplayName:        POST api/Auth/login
Activity.Kind:               Server
Activity.StartTime:          2025-09-11T06:44:38.6160312Z
Activity.Duration:           00:00:00.2985208
Activity.Tags:
    server.address: localhost
    http.request.method: POST
    url.scheme: http
    url.path: /api/auth/login
    network.protocol.version: 1.1
    http.route: api/Auth/login
    http.response.status_code: 200
Resource associated with Activity:
    deployment.environment: Testing
    service.name: Crud.Api
    service.version: 1.0.0
    service.instance.id: bb25e7a8-9ced-49c8-9e52-fd74b67e7fff
    telemetry.sdk.name: opentelemetry
    telemetry.sdk.language: dotnet
    telemetry.sdk.version: 1.8.1
[06:44:38 DBG] Cache miss for key: name:role:manager {"SourceContext": "Infrastructure.Services.Caching.InMemoryCacheService", "ActionId": "e47128ec-9691-44f7-85ae-68336fa558f2", "ActionName": "Api.Controllers.RolesController.Create (Api)", "RequestId": "0HNFGVQB4PDLI", "RequestPath": "/api/roles", "Application": "Crud.Api"}
[06:44:38 DBG] Removed cache value for key: entity:role:2aa665922bd549af8efdd803a51a31ba {"SourceContext": "Infrastructure.Services.Caching.InMemoryCacheService", "ActionId": "e47128ec-9691-44f7-85ae-68336fa558f2", "ActionName": "Api.Controllers.RolesController.Create (Api)", "RequestId": "0HNFGVQB4PDLI", "RequestPath": "/api/roles", "Application": "Crud.Api"}
[06:44:38 DBG] Removed cache value for key: list:role {"SourceContext": "Infrastructure.Services.Caching.InMemoryCacheService", "ActionId": "e47128ec-9691-44f7-85ae-68336fa558f2", "ActionName": "Api.Controllers.RolesController.Create (Api)", "RequestId": "0HNFGVQB4PDLI", "RequestPath": "/api/roles", "Application": "Crud.Api"}
[06:44:38 DBG] Invalidating cache for entity type: roles with tag: roles {"SourceContext": "Api.Services.OutputCacheInvalidationService", "ActionId": "e47128ec-9691-44f7-85ae-68336fa558f2", "ActionName": "Api.Controllers.RolesController.Create (Api)", "RequestId": "0HNFGVQB4PDLI", "RequestPath": "/api/roles", "Application": "Crud.Api"}
[06:44:38 INF] Successfully invalidated cache for entity type: roles {"SourceContext": "Api.Services.OutputCacheInvalidationService", "ActionId": "e47128ec-9691-44f7-85ae-68336fa558f2", "ActionName": "Api.Controllers.RolesController.Create (Api)", "RequestId": "0HNFGVQB4PDLI", "RequestPath": "/api/roles", "Application": "Crud.Api"}
Activity.TraceId:            fc4c43bc50a9e07562d76abc3edeaf1d
Activity.SpanId:             c3836070bc2503dc
Activity.TraceFlags:         Recorded
Activity.ActivitySourceName: Microsoft.AspNetCore
Activity.DisplayName:        POST api/Roles
Activity.Kind:               Server
Activity.StartTime:          2025-09-11T06:44:38.9152213Z
Activity.Duration:           00:00:00.0019358
Activity.Tags:
    server.address: localhost
    http.request.method: POST
    url.scheme: http
    url.path: /api/roles
    network.protocol.version: 1.1
    http.route: api/Roles
    http.response.status_code: 201
Resource associated with Activity:
    deployment.environment: Testing
    service.name: Crud.Api
    service.version: 1.0.0
    service.instance.id: bb25e7a8-9ced-49c8-9e52-fd74b67e7fff
    telemetry.sdk.name: opentelemetry
    telemetry.sdk.language: dotnet
    telemetry.sdk.version: 1.8.1
[06:44:39 INF] User registered successfully: 1e160376-6ec3-4d85-9cf0-fe976eabed5e {"SourceContext": "App.Features.Authentication.RegisterUserCommandHandler", "ActionId": "f803a4b2-94df-4a26-9c05-ce1f6354a0b1", "ActionName": "Api.Controllers.AuthController.Register (Api)", "RequestId": "0HNFGVQB4PDLJ", "RequestPath": "/api/auth/register", "Application": "Crud.Api"}
Activity.TraceId:            eb29a7971a629aa1ed4794a7510b9dbd
Activity.SpanId:             caf4dc73957cc846
Activity.TraceFlags:         Recorded
Activity.ActivitySourceName: Microsoft.AspNetCore
Activity.DisplayName:        POST api/Auth/register
Activity.Kind:               Server
Activity.StartTime:          2025-09-11T06:44:38.9176804Z
Activity.Duration:           00:00:00.3050143
Activity.Tags:
    server.address: localhost
    http.request.method: POST
    url.scheme: http
    url.path: /api/auth/register
    network.protocol.version: 1.1
    http.route: api/Auth/register
    http.response.status_code: 200
Resource associated with Activity:
    deployment.environment: Testing
    service.name: Crud.Api
    service.version: 1.0.0
    service.instance.id: bb25e7a8-9ced-49c8-9e52-fd74b67e7fff
    telemetry.sdk.name: opentelemetry
    telemetry.sdk.language: dotnet
    telemetry.sdk.version: 1.8.1
[06:44:39 DBG] Cache miss for key: entity:role:2aa665922bd549af8efdd803a51a31ba {"SourceContext": "Infrastructure.Services.Caching.InMemoryCacheService", "ActionId": "2a436a13-64ad-4563-a951-503b1c00a6d1", "ActionName": "Api.Controllers.RolesController.Get (Api)", "RequestId": "0HNFGVQB4PDLK", "RequestPath": "/api/roles/2aa66592-2bd5-49af-8efd-d803a51a31ba", "Application": "Crud.Api"}
[06:44:39 DBG] Set cache value for key: entity:role:2aa665922bd549af8efdd803a51a31ba {"SourceContext": "Infrastructure.Services.Caching.InMemoryCacheService", "ActionId": "2a436a13-64ad-4563-a951-503b1c00a6d1", "ActionName": "Api.Controllers.RolesController.Get (Api)", "RequestId": "0HNFGVQB4PDLK", "RequestPath": "/api/roles/2aa66592-2bd5-49af-8efd-d803a51a31ba", "Application": "Crud.Api"}
Activity.TraceId:            f4c86ea99e022491f0c17e1f58934a92
Activity.SpanId:             2cb535b766212c8d
Activity.TraceFlags:         Recorded
Activity.ActivitySourceName: Microsoft.AspNetCore
Activity.DisplayName:        GET api/Roles/{id:guid}
Activity.Kind:               Server
Activity.StartTime:          2025-09-11T06:44:39.2228286Z
Activity.Duration:           00:00:00.0014118
Activity.Tags:
    server.address: localhost
    http.request.method: GET
    url.scheme: http
    url.path: /api/roles/2aa66592-2bd5-49af-8efd-d803a51a31ba
    network.protocol.version: 1.1
    http.route: api/Roles/{id:guid}
    http.response.status_code: 200
Resource associated with Activity:
    deployment.environment: Testing
    service.name: Crud.Api
    service.version: 1.0.0
    service.instance.id: bb25e7a8-9ced-49c8-9e52-fd74b67e7fff
    telemetry.sdk.name: opentelemetry
    telemetry.sdk.language: dotnet
    telemetry.sdk.version: 1.8.1
[06:44:39 INF] Resetting database for worker 11843 {"SourceContext": "Infrastructure.Services.DatabaseTestService", "Application": "Crud.Api"}
[06:44:39 INF] Resetting database via file deletion for worker 11843 in CI environment {"SourceContext": "Infrastructure.Services.DatabaseTestService", "Application": "Crud.Api"}
[06:44:39 INF] Acquiring database mutex for worker 11843... {"SourceContext": "Infrastructure.Services.DatabaseTestService", "Application": "Crud.Api"}
[06:44:39 INF] Database mutex acquired for worker 11843 {"SourceContext": "Infrastructure.Services.DatabaseTestService", "Application": "Crud.Api"}
[06:44:39 INF] Current database state - CanConnect: True {"SourceContext": "Infrastructure.Services.DatabaseTestService", "Application": "Crud.Api"}
[06:44:39 INF] [Phase 0] Closing database connection for worker 11843... {"SourceContext": "Infrastructure.Services.DatabaseTestService", "Application": "Crud.Api"}
[06:44:39 INF] [Phase 0] Connection closed in 0.0005ms {"SourceContext": "Infrastructure.Services.DatabaseTestService", "Application": "Crud.Api"}
[06:44:39 INF] [Phase 1] Starting EnsureDeletedAsync for worker 11843... {"SourceContext": "Infrastructure.Services.DatabaseTestService", "Application": "Crud.Api"}
[06:44:39 INF] [Phase 1] EnsureDeletedAsync completed in 1.2947ms {"SourceContext": "Infrastructure.Services.DatabaseTestService", "Application": "Crud.Api"}
[06:44:39 INF] [Phase 2] Starting EnsureCreatedAsync for worker 11843... {"SourceContext": "Infrastructure.Services.DatabaseTestService", "Application": "Crud.Api"}
[06:44:39 INF] [Phase 2] EnsureCreatedAsync completed in 7.8521ms {"SourceContext": "Infrastructure.Services.DatabaseTestService", "Application": "Crud.Api"}
[06:44:39 INF] [Phase 3] Skipping database seeding as requested for worker 11843 {"SourceContext": "Infrastructure.Services.DatabaseTestService", "Application": "Crud.Api"}
[06:44:39 INF] Database reset via file deletion completed for worker 11843 in 109.6552ms (Close: 0.0005ms, Delete: 1.2947ms, Create: 7.8521ms) {"SourceContext": "Infrastructure.Services.DatabaseTestService", "Application": "Crud.Api"}
[06:44:39 INF] Releasing database mutex for worker 11843 {"SourceContext": "Infrastructure.Services.DatabaseTestService", "Application": "Crud.Api"}
[06:44:39 INF] User registered successfully: 51187761-b58f-440b-92ea-0286f04fcd3e {"SourceContext": "App.Features.Authentication.RegisterUserCommandHandler", "ActionId": "f803a4b2-94df-4a26-9c05-ce1f6354a0b1", "ActionName": "Api.Controllers.AuthController.Register (Api)", "RequestId": "0HNFGVQB4PDLL", "RequestPath": "/api/auth/register", "Application": "Crud.Api"}
Activity.TraceId:            9d834c00cafad67dbc7b3312c1ce6c91
Activity.SpanId:             860d5f7e0faa562b
Activity.TraceFlags:         Recorded
Activity.ActivitySourceName: Microsoft.AspNetCore
Activity.DisplayName:        POST api/Auth/register
Activity.Kind:               Server
Activity.StartTime:          2025-09-11T06:44:39.3363301Z
Activity.Duration:           00:00:00.2989151
Activity.Tags:
    server.address: localhost
    http.request.method: POST
    url.scheme: http
    url.path: /api/auth/register
    network.protocol.version: 1.1
    http.route: api/Auth/register
    http.response.status_code: 200
Resource associated with Activity:
    deployment.environment: Testing
    service.name: Crud.Api
    service.version: 1.0.0
    service.instance.id: bb25e7a8-9ced-49c8-9e52-fd74b67e7fff
    telemetry.sdk.name: opentelemetry
    telemetry.sdk.language: dotnet
    telemetry.sdk.version: 1.8.1
[06:44:39 INF] User logged in successfully: 51187761-b58f-440b-92ea-0286f04fcd3e {"SourceContext": "App.Features.Authentication.LoginCommandHandler", "ActionId": "e43c0da0-3a76-4c47-8859-641c4f50a470", "ActionName": "Api.Controllers.AuthController.Login (Api)", "RequestId": "0HNFGVQB4PDLM", "RequestPath": "/api/auth/login", "Application": "Crud.Api"}
Activity.TraceId:            953f30c7a4ba378d974593d0afc8ff9d
Activity.SpanId:             ea97dfcf6c7cd0fa
Activity.TraceFlags:         Recorded
Activity.ActivitySourceName: Microsoft.AspNetCore
Activity.DisplayName:        POST api/Auth/login
Activity.Kind:               Server
Activity.StartTime:          2025-09-11T06:44:39.6366637Z
Activity.Duration:           00:00:00.2983639
Activity.Tags:
    server.address: localhost
    http.request.method: POST
    url.scheme: http
    url.path: /api/auth/login
    network.protocol.version: 1.1
    http.route: api/Auth/login
    http.response.status_code: 200
Resource associated with Activity:
    deployment.environment: Testing
    service.name: Crud.Api
    service.version: 1.0.0
    service.instance.id: bb25e7a8-9ced-49c8-9e52-fd74b67e7fff
    telemetry.sdk.name: opentelemetry
    telemetry.sdk.language: dotnet
    telemetry.sdk.version: 1.8.1
[06:44:39 DBG] Cache miss for key: entity:role:83ca364da77e4b96b7a55aa7f8e5a568 {"SourceContext": "Infrastructure.Services.Caching.InMemoryCacheService", "ActionId": "b91e7945-bef1-4536-a1c1-599b97a5f795", "ActionName": "Api.Controllers.RolesController.Update (Api)", "RequestId": "0HNFGVQB4PDLN", "RequestPath": "/api/roles/83ca364d-a77e-4b96-b7a5-5aa7f8e5a568", "Application": "Crud.Api"}
[06:44:39 ERR] An unhandled exception occurred during request PUT /api/roles/83ca364d-a77e-4b96-b7a5-5aa7f8e5a568. Request ID: 0HNFGVQB4PDLN, User: Anonymous {"SourceContext": "Api.Middleware.GlobalExceptionHandlingMiddleware", "RequestPath": "/api/roles/83ca364d-a77e-4b96-b7a5-5aa7f8e5a568", "Application": "Crud.Api"}
System.Collections.Generic.KeyNotFoundException: Role 83ca364d-a77e-4b96-b7a5-5aa7f8e5a568 not found
   at App.Features.Roles.UpdateRoleCommandHandler.Handle(UpdateRoleCommand request, CancellationToken cancellationToken) in /home/runner/work/Crud/Crud/src/App/Features/Roles/CommandHandlers.cs:line 24
   at MediatR.Wrappers.RequestHandlerWrapperImpl`1.&lt;&gt;c__DisplayClass1_0.&lt;&lt;Handle&gt;g__Handler|0&gt;d.MoveNext()
--- End of stack trace from previous location ---
   at Api.Controllers.RolesController.Update(Guid id, UpdateRoleRequest request, CancellationToken ct) in /home/runner/work/Crud/Crud/src/Api/Controllers/RolesController.cs:line 99
   at Microsoft.AspNetCore.Mvc.Infrastructure.ActionMethodExecutor.TaskOfIActionResultExecutor.Execute(ActionContext actionContext, IActionResultTypeMapper mapper, ObjectMethodExecutor executor, Object controller, Object[] arguments)
   at Microsoft.AspNetCore.Mvc.Infrastructure.ControllerActionInvoker.&lt;InvokeActionMethodAsync&gt;g__Logged|12_1(ControllerActionInvoker invoker)
   at Microsoft.AspNetCore.Mvc.Infrastructure.ControllerActionInvoker.&lt;InvokeNextActionFilterAsync&gt;g__Awaited|10_0(ControllerActionInvoker invoker, Task lastTask, State next, Scope scope, Object state, Boolean isCompleted)
   at Microsoft.AspNetCore.Mvc.Infrastructure.ControllerActionInvoker.Rethrow(ActionExecutedContextSealed context)
   at Microsoft.AspNetCore.Mvc.Infrastructure.ControllerActionInvoker.Next(State&amp; next, Scope&amp; scope, Object&amp; state, Boolean&amp; isCompleted)
   at Microsoft.AspNetCore.Mvc.Infrastructure.ControllerActionInvoker.InvokeInnerFilterAsync()
--- End of stack trace from previous location ---
   at Microsoft.AspNetCore.Mvc.Infrastructure.ResourceInvoker.&lt;InvokeFilterPipelineAsync&gt;g__Awaited|20_0(ResourceInvoker invoker, Task lastTask, State next, Scope scope, Object state, Boolean isCompleted)
   at Microsoft.AspNetCore.Mvc.Infrastructure.ResourceInvoker.&lt;InvokeAsync&gt;g__Logged|17_1(ResourceInvoker invoker)
   at Microsoft.AspNetCore.Mvc.Infrastructure.ResourceInvoker.&lt;InvokeAsync&gt;g__Logged|17_1(ResourceInvoker invoker)
   at Api.Middleware.ConditionalRequestMiddleware.InvokeAsync(HttpContext context) in /home/runner/work/Crud/Crud/src/Api/Middleware/ConditionalRequestMiddleware.cs:line 31
   at Microsoft.AspNetCore.Authorization.AuthorizationMiddleware.Invoke(HttpContext context)
   at Microsoft.AspNetCore.Authentication.AuthenticationMiddleware.Invoke(HttpContext context)
   at Microsoft.AspNetCore.RateLimiting.RateLimitingMiddleware.InvokeInternal(HttpContext context, EnableRateLimitingAttribute enableRateLimitingAttribute)
   at Api.Middleware.GlobalExceptionHandlingMiddleware.InvokeAsync(HttpContext context) in /home/runner/work/Crud/Crud/src/Api/Middleware/GlobalExceptionHandlingMiddleware.cs:line 27
Activity.TraceId:            def75d8468e55691a95ff09b053d1662
Activity.SpanId:             15f1c00fa974631a
Activity.TraceFlags:         Recorded
Activity.ActivitySourceName: Microsoft.AspNetCore
Activity.DisplayName:        PUT api/Roles/{id:guid}
Activity.Kind:               Server
Activity.StartTime:          2025-09-11T06:44:39.9358997Z
Activity.Duration:           00:00:00.0041443
Activity.Tags:
    server.address: localhost
    http.request.method: PUT
    url.scheme: http
    url.path: /api/roles/83ca364d-a77e-4b96-b7a5-5aa7f8e5a568
    network.protocol.version: 1.1
    http.route: api/Roles/{id:guid}
    http.response.status_code: 404
Resource associated with Activity:
    deployment.environment: Testing
    service.name: Crud.Api
    service.version: 1.0.0
    service.instance.id: bb25e7a8-9ced-49c8-9e52-fd74b67e7fff
    telemetry.sdk.name: opentelemetry
    telemetry.sdk.language: dotnet
    telemetry.sdk.version: 1.8.1
Metric Name: http.server.active_requests, Number of active HTTP server requests., Unit: {request}, Meter: Microsoft.AspNetCore.Hosting
(2025-09-11T06:44:28.5363115Z, 2025-09-11T06:44:39.9416069Z] http.request.method: POST url.scheme: http LongSumNonMonotonic
Value: 0
(2025-09-11T06:44:28.5363115Z, 2025-09-11T06:44:39.9416069Z] http.request.method: DELETE url.scheme: http LongSumNonMonotonic
Value: 0
(2025-09-11T06:44:28.5363115Z, 2025-09-11T06:44:39.9416069Z] http.request.method: GET url.scheme: http LongSumNonMonotonic
Value: 0
(2025-09-11T06:44:28.5363115Z, 2025-09-11T06:44:39.9416069Z] http.request.method: PUT url.scheme: http LongSumNonMonotonic
Value: 0
Metric Name: http.server.request.duration, Duration of HTTP server requests., Unit: s, Meter: Microsoft.AspNetCore.Hosting
(2025-09-11T06:44:28.5363359Z, 2025-09-11T06:44:39.9416106Z] http.request.method: POST http.response.status_code: 200 http.route: api/Auth/register network.protocol.version: 1.1 url.scheme: http Histogram
Value: Sum: 6.001938599999999 Count: 20 Min: 0.2978445 Max: 0.3068619 
(-Infinity,0.005]:0
(0.005,0.01]:0
(0.01,0.025]:0
(0.025,0.05]:0
(0.05,0.075]:0
(0.075,0.1]:0
(0.1,0.25]:0
(0.25,0.5]:20
(0.5,0.75]:0
(0.75,1]:0
(1,2.5]:0
(2.5,5]:0
(5,7.5]:0
(7.5,10]:0
(10,+Infinity]:0
(2025-09-11T06:44:28.5363359Z, 2025-09-11T06:44:39.9416106Z] http.request.method: POST http.response.status_code: 200 http.route: api/Auth/login network.protocol.version: 1.1 url.scheme: http Histogram
Value: Sum: 3.9165197 Count: 13 Min: 0.298154 Max: 0.3153464 
(-Infinity,0.005]:0
(0.005,0.01]:0
(0.01,0.025]:0
(0.025,0.05]:0
(0.05,0.075]:0
(0.075,0.1]:0
(0.1,0.25]:0
(0.25,0.5]:13
(0.5,0.75]:0
(0.75,1]:0
(1,2.5]:0
(2.5,5]:0
(5,7.5]:0
(7.5,10]:0
(10,+Infinity]:0
(2025-09-11T06:44:28.5363359Z, 2025-09-11T06:44:39.9416106Z] http.request.method: DELETE http.response.status_code: 204 http.route: api/Roles/{id:guid} network.protocol.version: 1.1 url.scheme: http Histogram
Value: Sum: 0.020652 Count: 2 Min: 0.0054202 Max: 0.0152318 
(-Infinity,0.005]:0
(0.005,0.01]:1
(0.01,0.025]:1
(0.025,0.05]:0
(0.05,0.075]:0
(0.075,0.1]:0
(0.1,0.25]:0
(0.25,0.5]:0
(0.5,0.75]:0
(0.75,1]:0
(1,2.5]:0
(2.5,5]:0
(5,7.5]:0
(7.5,10]:0
(10,+Infinity]:0
(2025-09-11T06:44:28.5363359Z, 2025-09-11T06:44:39.9416106Z] http.request.method: POST http.response.status_code: 201 http.route: api/Roles network.protocol.version: 1.1 url.scheme: http Histogram
Value: Sum: 0.028165399999999993 Count: 8 Min: 0.0016792 Max: 0.0108982 
(-Infinity,0.005]:7
(0.005,0.01]:0
(0.01,0.025]:1
(0.025,0.05]:0
(0.05,0.075]:0
(0.075,0.1]:0
(0.1,0.25]:0
(0.25,0.5]:0
(0.5,0.75]:0
(0.75,1]:0
(1,2.5]:0
(2.5,5]:0
(5,7.5]:0
(7.5,10]:0
(10,+Infinity]:0
(2025-09-11T06:44:28.5363359Z, 2025-09-11T06:44:39.9416106Z] http.request.method: GET http.response.status_code: 200 http.route: api/Roles network.protocol.version: 1.1 url.scheme: http Histogram
Value: Sum: 0.0078538 Count: 2 Min: 0.0010351 Max: 0.0068187 
(-Infinity,0.005]:1
(0.005,0.01]:1
(0.01,0.025]:0
(0.025,0.05]:0
(0.05,0.075]:0
(0.075,0.1]:0
(0.1,0.25]:0
(0.25,0.5]:0
(0.5,0.75]:0
(0.75,1]:0
(1,2.5]:0
(2.5,5]:0
(5,7.5]:0
(7.5,10]:0
(10,+Infinity]:0
(2025-09-11T06:44:28.5363359Z, 2025-09-11T06:44:39.9416106Z] http.request.method: GET http.response.status_code: 404 http.route: api/Roles/{id:guid} network.protocol.version: 1.1 url.scheme: http Histogram
Value: Sum: 0.010276799999999999 Count: 2 Min: 0.0012651 Max: 0.0090117 
(-Infinity,0.005]:1
(0.005,0.01]:1
(0.01,0.025]:0
(0.025,0.05]:0
(0.05,0.075]:0
(0.075,0.1]:0
(0.1,0.25]:0
(0.25,0.5]:0
(0.5,0.75]:0
(0.75,1]:0
(1,2.5]:0
(2.5,5]:0
(5,7.5]:0
(7.5,10]:0
(10,+Infinity]:0
(2025-09-11T06:44:28.5363359Z, 2025-09-11T06:44:39.9416106Z] http.request.method: PUT http.response.status_code: 204 http.route: api/Roles/{id:guid} network.protocol.version: 1.1 url.scheme: http Histogram
Value: Sum: 0.0096845 Count: 1 Min: 0.0096845 Max: 0.0096845 
(-Infinity,0.005]:0
(0.005,0.01]:1
(0.01,0.025]:0
(0.025,0.05]:0
(0.05,0.075]:0
(0.075,0.1]:0
(0.1,0.25]:0
(0.25,0.5]:0
(0.5,0.75]:0
(0.75,1]:0
(1,2.5]:0
(2.5,5]:0
(5,7.5]:0
(7.5,10]:0
(10,+Infinity]:0
(2025-09-11T06:44:28.5363359Z, 2025-09-11T06:44:39.9416106Z] http.request.method: GET http.response.status_code: 200 http.route: api/Roles/{id:guid} network.protocol.version: 1.1 url.scheme: http Histogram
Value: Sum: 0.0069099 Count: 3 Min: 0.0014118 Max: 0.0030112 
(-Infinity,0.005]:3
(0.005,0.01]:0
(0.01,0.025]:0
(0.025,0.05]:0
(0.05,0.075]:0
(0.075,0.1]:0
(0.1,0.25]:0
(0.25,0.5]:0
(0.5,0.75]:0
(0.75,1]:0
(1,2.5]:0
(2.5,5]:0
(5,7.5]:0
(7.5,10]:0
(10,+Infinity]:0
(2025-09-11T06:44:28.5363359Z, 2025-09-11T06:44:39.9416106Z] http.request.method: POST http.response.status_code: 400 http.route: api/Roles network.protocol.version: 1.1 url.scheme: http Histogram
Value: Sum: 0.0016773 Count: 1 Min: 0.0016773 Max: 0.0016773 
(-Infinity,0.005]:1
(0.005,0.01]:0
(0.01,0.025]:0
(0.025,0.05]:0
(0.05,0.075]:0
(0.075,0.1]:0
(0.1,0.25]:0
(0.25,0.5]:0
(0.5,0.75]:0
(0.75,1]:0
(1,2.5]:0
(2.5,5]:0
(5,7.5]:0
(7.5,10]:0
(10,+Infinity]:0
(2025-09-11T06:44:28.5363359Z, 2025-09-11T06:44:39.9416106Z] http.request.method: PUT http.response.status_code: 404 http.route: api/Roles/{id:guid} network.protocol.version: 1.1 url.scheme: http Histogram
Value: Sum: 0.0041272 Count: 1 Min: 0.0041272 Max: 0.0041272 
(-Infinity,0.005]:1
(0.005,0.01]:0
(0.01,0.025]:0
(0.025,0.05]:0
(0.05,0.075]:0
(0.075,0.1]:0
(0.1,0.25]:0
(0.25,0.5]:0
(0.5,0.75]:0
(0.75,1]:0
(1,2.5]:0
(2.5,5]:0
(5,7.5]:0
(7.5,10]:0
(10,+Infinity]:0
Metric Name: aspnetcore.rate_limiting.active_request_leases, Number of HTTP requests that are currently active on the server that hold a rate limiting lease., Unit: {request}, Meter: Microsoft.AspNetCore.RateLimiting
(2025-09-11T06:44:28.5382684Z, 2025-09-11T06:44:39.9416110Z] LongSumNonMonotonic
Value: 0
Metric Name: aspnetcore.rate_limiting.request_lease.duration, The duration of rate limiting leases held by HTTP requests on the server., Unit: s, Meter: Microsoft.AspNetCore.RateLimiting
(2025-09-11T06:44:28.5382878Z, 2025-09-11T06:44:39.9416114Z] Histogram
Value: Sum: 9.995185000000001 Count: 53 Min: 0.0009537 Max: 0.3152345 
(-Infinity,0.005]:14
(0.005,0.01]:4
(0.01,0.025]:2
(0.025,0.05]:0
(0.05,0.075]:0
(0.075,0.1]:0
(0.1,0.25]:0
(0.25,0.5]:33
(0.5,0.75]:0
(0.75,1]:0
(1,2.5]:0
(2.5,5]:0
(5,7.5]:0
(7.5,10]:0
(10,+Infinity]:0
Metric Name: aspnetcore.rate_limiting.requests, Number of requests that tried to acquire a rate limiting lease. Requests could be rejected by global or endpoint rate limiting policies. Or the request could be canceled while waiting for the lease., Unit: {request}, Meter: Microsoft.AspNetCore.RateLimiting
(2025-09-11T06:44:28.5392296Z, 2025-09-11T06:44:39.9416141Z] aspnetcore.rate_limiting.result: acquired LongSum
Value: 53
Metric Name: aspnetcore.routing.match_attempts, Number of requests that were attempted to be matched to an endpoint., Unit: {match_attempt}, Meter: Microsoft.AspNetCore.Routing
(2025-09-11T06:44:28.5403183Z, 2025-09-11T06:44:39.9416146Z] aspnetcore.routing.is_fallback: false aspnetcore.routing.match_status: success http.route: api/Auth/register LongSum
Value: 20
(2025-09-11T06:44:28.5403183Z, 2025-09-11T06:44:39.9416146Z] aspnetcore.routing.is_fallback: false aspnetcore.routing.match_status: success http.route: api/Auth/login LongSum
Value: 13
(2025-09-11T06:44:28.5403183Z, 2025-09-11T06:44:39.9416146Z] aspnetcore.routing.is_fallback: false aspnetcore.routing.match_status: success http.route: api/Roles/{id:guid} LongSum
Value: 9
(2025-09-11T06:44:28.5403183Z, 2025-09-11T06:44:39.9416146Z] aspnetcore.routing.is_fallback: false aspnetcore.routing.match_status: success http.route: api/Roles LongSum
Value: 11
[06:44:39 INF] Starting Crud API application {"Application": "Crud.Api"}
[06:44:39 INF] Using SQLite provider with connection: Data Source=TestDatabase.db {"Application": "Crud.Api"}
[06:44:39 INF] Database ensured successfully {"Application": "Crud.Api"}
[06:44:39 INF] Application configured successfully. Starting web host... {"Application": "Crud.Api"}
[06:44:39 INF] Resetting database for worker 10723 {"SourceContext": "Infrastructure.Services.DatabaseTestService", "Application": "Crud.Api"}
[06:44:39 INF] Resetting database via file deletion for worker 10723 in CI environment {"SourceContext": "Infrastructure.Services.DatabaseTestService", "Application": "Crud.Api"}
[06:44:39 INF] Acquiring database mutex for worker 10723... {"SourceContext": "Infrastructure.Services.DatabaseTestService", "Application": "Crud.Api"}
[06:44:39 INF] Database mutex acquired for worker 10723 {"SourceContext": "Infrastructure.Services.DatabaseTestService", "Application": "Crud.Api"}
[06:44:39 INF] Current database state - CanConnect: True {"SourceContext": "Infrastructure.Services.DatabaseTestService", "Application": "Crud.Api"}
[06:44:39 INF] [Phase 0] Closing database connection for worker 10723... {"SourceContext": "Infrastructure.Services.DatabaseTestService", "Application": "Crud.Api"}
[06:44:39 INF] [Phase 0] Connection closed in 0.0009ms {"SourceContext": "Infrastructure.Services.DatabaseTestService", "Application": "Crud.Api"}
[06:44:39 INF] [Phase 1] Starting EnsureDeletedAsync for worker 10723... {"SourceContext": "Infrastructure.Services.DatabaseTestService", "Application": "Crud.Api"}
[06:44:39 INF] [Phase 1] EnsureDeletedAsync completed in 1.4215ms {"SourceContext": "Infrastructure.Services.DatabaseTestService", "Application": "Crud.Api"}
[06:44:40 INF] [Phase 2] Starting EnsureCreatedAsync for worker 10723... {"SourceContext": "Infrastructure.Services.DatabaseTestService", "Application": "Crud.Api"}
[06:44:40 INF] [Phase 2] EnsureCreatedAsync completed in 8.2237ms {"SourceContext": "Infrastructure.Services.DatabaseTestService", "Application": "Crud.Api"}
[06:44:40 INF] [Phase 3] Skipping database seeding as requested for worker 10723 {"SourceContext": "Infrastructure.Services.DatabaseTestService", "Application": "Crud.Api"}
[06:44:40 INF] Database reset via file deletion completed for worker 10723 in 109.5449ms (Close: 0.0009ms, Delete: 1.4215ms, Create: 8.2237ms) {"SourceContext": "Infrastructure.Services.DatabaseTestService", "Application": "Crud.Api"}
[06:44:40 INF] Releasing database mutex for worker 10723 {"SourceContext": "Infrastructure.Services.DatabaseTestService", "Application": "Crud.Api"}
[06:44:40 WRN] Failed to determine the https port for redirect. {"EventId": {"Id": 3, "Name": "FailedToDeterminePort"}, "SourceContext": "Microsoft.AspNetCore.HttpsPolicy.HttpsRedirectionMiddleware", "RequestId": "0HNFGVQB4PDLO", "RequestPath": "/api/auth/register", "Application": "Crud.Api"}
[06:44:40 INF] User registered successfully: c4dbee9b-b8ee-40c7-ad10-f325483f5a7a {"SourceContext": "App.Features.Authentication.RegisterUserCommandHandler", "ActionId": "80fb355e-71ed-4448-a8b5-ed87e88a7300", "ActionName": "Api.Controllers.AuthController.Register (Api)", "RequestId": "0HNFGVQB4PDLO", "RequestPath": "/api/auth/register", "Application": "Crud.Api"}
Activity.TraceId:            00579037d116bb4d7fce3b5e09e65f68
Activity.SpanId:             23b2e59a1e3c4e23
Activity.TraceFlags:         Recorded
Activity.ActivitySourceName: Microsoft.AspNetCore
Activity.DisplayName:        POST api/Auth/register
Activity.Kind:               Server
Activity.StartTime:          2025-09-11T06:44:40.0941796Z
Activity.Duration:           00:00:00.3049036
Activity.Tags:
    server.address: localhost
    http.request.method: POST
    url.scheme: http
    url.path: /api/auth/register
    network.protocol.version: 1.1
    http.route: api/Auth/register
    http.response.status_code: 200
Resource associated with Activity:
    deployment.environment: Testing
    service.name: Crud.Api
    service.version: 1.0.0
    service.instance.id: bb25e7a8-9ced-49c8-9e52-fd74b67e7fff
    telemetry.sdk.name: opentelemetry
    telemetry.sdk.language: dotnet
    telemetry.sdk.version: 1.8.1
[06:44:40 INF] User registered successfully: bfb14305-beda-4c94-a24c-65293dd13d5a {"SourceContext": "App.Features.Authentication.RegisterUserCommandHandler", "ActionId": "80fb355e-71ed-4448-a8b5-ed87e88a7300", "ActionName": "Api.Controllers.AuthController.Register (Api)", "RequestId": "0HNFGVQB4PDLP", "RequestPath": "/api/auth/register", "Application": "Crud.Api"}
Activity.TraceId:            8e71b67152720c0acfc97c1da8346436
Activity.SpanId:             5e8f98f37771e454
Activity.TraceFlags:         Recorded
Activity.ActivitySourceName: Microsoft.AspNetCore
Activity.DisplayName:        POST api/Auth/register
Activity.Kind:               Server
Activity.StartTime:          2025-09-11T06:44:40.3996365Z
Activity.Duration:           00:00:00.3006160
Activity.Tags:
    server.address: localhost
    http.request.method: POST
    url.scheme: http
    url.path: /api/auth/register
    network.protocol.version: 1.1
    http.route: api/Auth/register
    http.response.status_code: 200
Resource associated with Activity:
    deployment.environment: Testing
    service.name: Crud.Api
    service.version: 1.0.0
    service.instance.id: bb25e7a8-9ced-49c8-9e52-fd74b67e7fff
    telemetry.sdk.name: opentelemetry
    telemetry.sdk.language: dotnet
    telemetry.sdk.version: 1.8.1
[06:44:41 INF] User logged in successfully: bfb14305-beda-4c94-a24c-65293dd13d5a {"SourceContext": "App.Features.Authentication.LoginCommandHandler", "ActionId": "1f39e87b-d673-4ae4-a675-e3b1791d96c9", "ActionName": "Api.Controllers.AuthController.Login (Api)", "RequestId": "0HNFGVQB4PDLQ", "RequestPath": "/api/auth/login", "Application": "Crud.Api"}
Activity.TraceId:            f51a4ff96033c235d756e967a94c0a10
Activity.SpanId:             bce200a7c2442724
Activity.TraceFlags:         Recorded
Activity.ActivitySourceName: Microsoft.AspNetCore
Activity.DisplayName:        POST api/Auth/login
Activity.Kind:               Server
Activity.StartTime:          2025-09-11T06:44:40.7023343Z
Activity.Duration:           00:00:00.3034473
Activity.Tags:
    server.address: localhost
    http.request.method: POST
    url.scheme: http
    url.path: /api/auth/login
    network.protocol.version: 1.1
    http.route: api/Auth/login
    http.response.status_code: 200
Resource associated with Activity:
    deployment.environment: Testing
    service.name: Crud.Api
    service.version: 1.0.0
    service.instance.id: bb25e7a8-9ced-49c8-9e52-fd74b67e7fff
    telemetry.sdk.name: opentelemetry
    telemetry.sdk.language: dotnet
    telemetry.sdk.version: 1.8.1
[06:44:41 DBG] Cache miss for key: list:role {"SourceContext": "Infrastructure.Services.Caching.InMemoryCacheService", "ActionId": "69172701-f355-4022-b39a-102d750177c9", "ActionName": "Api.Controllers.RolesController.List (Api)", "RequestId": "0HNFGVQB4PDLR", "RequestPath": "/api/roles", "Application": "Crud.Api"}
[06:44:41 DBG] Set cache value for key: list:role {"SourceContext": "Infrastructure.Services.Caching.InMemoryCacheService", "ActionId": "69172701-f355-4022-b39a-102d750177c9", "ActionName": "Api.Controllers.RolesController.List (Api)", "RequestId": "0HNFGVQB4PDLR", "RequestPath": "/api/roles", "Application": "Crud.Api"}
Activity.TraceId:            a7cee6c923c3f5401e78f69deac4aed7
Activity.SpanId:             5a87cbc5029c3670
Activity.TraceFlags:         Recorded
Activity.ActivitySourceName: Microsoft.AspNetCore
Activity.DisplayName:        GET api/Roles
Activity.Kind:               Server
Activity.StartTime:          2025-09-11T06:44:41.0059724Z
Activity.Duration:           00:00:00.0090826
Activity.Tags:
    server.address: localhost
    http.request.method: GET
    url.scheme: http
    url.path: /api/roles
    network.protocol.version: 1.1
    http.route: api/Roles
    http.response.status_code: 200
Resource associated with Activity:
    deployment.environment: Testing
    service.name: Crud.Api
    service.version: 1.0.0
    service.instance.id: bb25e7a8-9ced-49c8-9e52-fd74b67e7fff
    telemetry.sdk.name: opentelemetry
    telemetry.sdk.language: dotnet
    telemetry.sdk.version: 1.8.1
[06:44:41 DBG] Cache miss for key: list:wall {"SourceContext": "Infrastructure.Services.Caching.InMemoryCacheService", "ActionId": "bdb648c7-c24c-42bc-8fb5-144bc729fe5f", "ActionName": "Api.Controllers.WallsController.List (Api)", "RequestId": "0HNFGVQB4PDLS", "RequestPath": "/api/walls", "Application": "Crud.Api"}
[06:44:41 DBG] Set cache value for key: list:wall {"SourceContext": "Infrastructure.Services.Caching.InMemoryCacheService", "ActionId": "bdb648c7-c24c-42bc-8fb5-144bc729fe5f", "ActionName": "Api.Controllers.WallsController.List (Api)", "RequestId": "0HNFGVQB4PDLS", "RequestPath": "/api/walls", "Application": "Crud.Api"}
Activity.TraceId:            429e70967897be9dc99147ae21ba1bd9
Activity.SpanId:             c7295ade5279b437
Activity.TraceFlags:         Recorded
Activity.ActivitySourceName: Microsoft.AspNetCore
Activity.DisplayName:        GET api/Walls
Activity.Kind:               Server
Activity.StartTime:          2025-09-11T06:44:41.0151342Z
Activity.Duration:           00:00:00.0115025
Activity.Tags:
    server.address: localhost
    http.request.method: GET
    url.scheme: http
    url.path: /api/walls
    network.protocol.version: 1.1
    http.route: api/Walls
    http.response.status_code: 200
Resource associated with Activity:
    deployment.environment: Testing
    service.name: Crud.Api
    service.version: 1.0.0
    service.instance.id: bb25e7a8-9ced-49c8-9e52-fd74b67e7fff
    telemetry.sdk.name: opentelemetry
    telemetry.sdk.language: dotnet
    telemetry.sdk.version: 1.8.1
[06:44:41 DBG] Cache miss for key: name:role:new_role {"SourceContext": "Infrastructure.Services.Caching.InMemoryCacheService", "ActionId": "b244fd67-1b1e-4b5d-8a5a-9a975b09171b", "ActionName": "Api.Controllers.RolesController.Create (Api)", "RequestId": "0HNFGVQB4PDLT", "RequestPath": "/api/roles", "Application": "Crud.Api"}
[06:44:41 DBG] Removed cache value for key: entity:role:264bb5c3d3eb4cdd8ba1dbcb6ee2a273 {"SourceContext": "Infrastructure.Services.Caching.InMemoryCacheService", "ActionId": "b244fd67-1b1e-4b5d-8a5a-9a975b09171b", "ActionName": "Api.Controllers.RolesController.Create (Api)", "RequestId": "0HNFGVQB4PDLT", "RequestPath": "/api/roles", "Application": "Crud.Api"}
[06:44:41 DBG] Removed cache value for key: list:role {"SourceContext": "Infrastructure.Services.Caching.InMemoryCacheService", "ActionId": "b244fd67-1b1e-4b5d-8a5a-9a975b09171b", "ActionName": "Api.Controllers.RolesController.Create (Api)", "RequestId": "0HNFGVQB4PDLT", "RequestPath": "/api/roles", "Application": "Crud.Api"}
[06:44:41 DBG] Invalidating cache for entity type: roles with tag: roles {"SourceContext": "Api.Services.OutputCacheInvalidationService", "ActionId": "b244fd67-1b1e-4b5d-8a5a-9a975b09171b", "ActionName": "Api.Controllers.RolesController.Create (Api)", "RequestId": "0HNFGVQB4PDLT", "RequestPath": "/api/roles", "Application": "Crud.Api"}
[06:44:41 INF] Successfully invalidated cache for entity type: roles {"SourceContext": "Api.Services.OutputCacheInvalidationService", "ActionId": "b244fd67-1b1e-4b5d-8a5a-9a975b09171b", "ActionName": "Api.Controllers.RolesController.Create (Api)", "RequestId": "0HNFGVQB4PDLT", "RequestPath": "/api/roles", "Application": "Crud.Api"}
Activity.TraceId:            17534755a95a0fa500b594cd84622614
Activity.SpanId:             3b37ad982a227d7f
Activity.TraceFlags:         Recorded
Activity.ActivitySourceName: Microsoft.AspNetCore
Activity.DisplayName:        POST api/Roles
Activity.Kind:               Server
Activity.StartTime:          2025-09-11T06:44:41.0267248Z
Activity.Duration:           00:00:00.0090362
Activity.Tags:
    server.address: localhost
    http.request.method: POST
    url.scheme: http
    url.path: /api/roles
    network.protocol.version: 1.1
    http.route: api/Roles
    http.response.status_code: 201
Resource associated with Activity:
    deployment.environment: Testing
    service.name: Crud.Api
    service.version: 1.0.0
    service.instance.id: bb25e7a8-9ced-49c8-9e52-fd74b67e7fff
    telemetry.sdk.name: opentelemetry
    telemetry.sdk.language: dotnet
    telemetry.sdk.version: 1.8.1
[06:44:41 DBG] Cache miss for key: list:role {"SourceContext": "Infrastructure.Services.Caching.InMemoryCacheService", "ActionId": "69172701-f355-4022-b39a-102d750177c9", "ActionName": "Api.Controllers.RolesController.List (Api)", "RequestId": "0HNFGVQB4PDLU", "RequestPath": "/api/roles", "Application": "Crud.Api"}
[06:44:41 DBG] Set cache value for key: list:role {"SourceContext": "Infrastructure.Services.Caching.InMemoryCacheService", "ActionId": "69172701-f355-4022-b39a-102d750177c9", "ActionName": "Api.Controllers.RolesController.List (Api)", "RequestId": "0HNFGVQB4PDLU", "RequestPath": "/api/roles", "Application": "Crud.Api"}
Activity.TraceId:            73b92f149b836df83470cc046752e806
Activity.SpanId:             afa3c63a33456269
Activity.TraceFlags:         Recorded
Activity.ActivitySourceName: Microsoft.AspNetCore
Activity.DisplayName:        GET api/Roles
Activity.Kind:               Server
Activity.StartTime:          2025-09-11T06:44:41.0358041Z
Activity.Duration:           00:00:00.0014008
Activity.Tags:
    server.address: localhost
    http.request.method: GET
    url.scheme: http
    url.path: /api/roles
    network.protocol.version: 1.1
    http.route: api/Roles
    http.response.status_code: 200
Resource associated with Activity:
    deployment.environment: Testing
    service.name: Crud.Api
    service.version: 1.0.0
    service.instance.id: bb25e7a8-9ced-49c8-9e52-fd74b67e7fff
    telemetry.sdk.name: opentelemetry
    telemetry.sdk.language: dotnet
    telemetry.sdk.version: 1.8.1
[06:44:41 DBG] Cache hit for key: list:wall {"SourceContext": "Infrastructure.Services.Caching.InMemoryCacheService", "ActionId": "bdb648c7-c24c-42bc-8fb5-144bc729fe5f", "ActionName": "Api.Controllers.WallsController.List (Api)", "RequestId": "0HNFGVQB4PDLV", "RequestPath": "/api/walls", "Application": "Crud.Api"}
Activity.TraceId:            404b73ee1b745321b9e1c00935b50f88
Activity.SpanId:             01db7ca59a0c793f
Activity.TraceFlags:         Recorded
Activity.ActivitySourceName: Microsoft.AspNetCore
Activity.DisplayName:        GET api/Walls
Activity.Kind:               Server
Activity.StartTime:          2025-09-11T06:44:41.0372693Z
Activity.Duration:           00:00:00.0009725
Activity.Tags:
    server.address: localhost
    http.request.method: GET
    url.scheme: http
    url.path: /api/walls
    network.protocol.version: 1.1
    http.route: api/Walls
    http.response.status_code: 200
Resource associated with Activity:
    deployment.environment: Testing
    service.name: Crud.Api
    service.version: 1.0.0
    service.instance.id: bb25e7a8-9ced-49c8-9e52-fd74b67e7fff
    telemetry.sdk.name: opentelemetry
    telemetry.sdk.language: dotnet
    telemetry.sdk.version: 1.8.1
[06:44:41 INF] Resetting database for worker 10723 {"SourceContext": "Infrastructure.Services.DatabaseTestService", "Application": "Crud.Api"}
[06:44:41 INF] Resetting database via file deletion for worker 10723 in CI environment {"SourceContext": "Infrastructure.Services.DatabaseTestService", "Application": "Crud.Api"}
[06:44:41 INF] Acquiring database mutex for worker 10723... {"SourceContext": "Infrastructure.Services.DatabaseTestService", "Application": "Crud.Api"}
[06:44:41 INF] Database mutex acquired for worker 10723 {"SourceContext": "Infrastructure.Services.DatabaseTestService", "Application": "Crud.Api"}
[06:44:41 INF] Current database state - CanConnect: True {"SourceContext": "Infrastructure.Services.DatabaseTestService", "Application": "Crud.Api"}
[06:44:41 INF] [Phase 0] Closing database connection for worker 10723... {"SourceContext": "Infrastructure.Services.DatabaseTestService", "Application": "Crud.Api"}
[06:44:41 INF] [Phase 0] Connection closed in 0.0007ms {"SourceContext": "Infrastructure.Services.DatabaseTestService", "Application": "Crud.Api"}
[06:44:41 INF] [Phase 1] Starting EnsureDeletedAsync for worker 10723... {"SourceContext": "Infrastructure.Services.DatabaseTestService", "Application": "Crud.Api"}
[06:44:41 INF] [Phase 1] EnsureDeletedAsync completed in 1.6222ms {"SourceContext": "Infrastructure.Services.DatabaseTestService", "Application": "Crud.Api"}
[06:44:41 INF] [Phase 2] Starting EnsureCreatedAsync for worker 10723... {"SourceContext": "Infrastructure.Services.DatabaseTestService", "Application": "Crud.Api"}
[06:44:41 INF] [Phase 2] EnsureCreatedAsync completed in 8.8411ms {"SourceContext": "Infrastructure.Services.DatabaseTestService", "Application": "Crud.Api"}
[06:44:41 INF] [Phase 3] Skipping database seeding as requested for worker 10723 {"SourceContext": "Infrastructure.Services.DatabaseTestService", "Application": "Crud.Api"}
[06:44:41 INF] Database reset via file deletion completed for worker 10723 in 112.8882ms (Close: 0.0007ms, Delete: 1.6222ms, Create: 8.8411ms) {"SourceContext": "Infrastructure.Services.DatabaseTestService", "Application": "Crud.Api"}
[06:44:41 INF] Releasing database mutex for worker 10723 {"SourceContext": "Infrastructure.Services.DatabaseTestService", "Application": "Crud.Api"}
[06:44:41 INF] Resetting database for worker 10723 {"SourceContext": "Infrastructure.Services.DatabaseTestService", "Application": "Crud.Api"}
[06:44:41 INF] Resetting database via file deletion for worker 10723 in CI environment {"SourceContext": "Infrastructure.Services.DatabaseTestService", "Application": "Crud.Api"}
[06:44:41 INF] Acquiring database mutex for worker 10723... {"SourceContext": "Infrastructure.Services.DatabaseTestService", "Application": "Crud.Api"}
[06:44:41 INF] Database mutex acquired for worker 10723 {"SourceContext": "Infrastructure.Services.DatabaseTestService", "Application": "Crud.Api"}
[06:44:41 INF] Current database state - CanConnect: True {"SourceContext": "Infrastructure.Services.DatabaseTestService", "Application": "Crud.Api"}
[06:44:41 INF] [Phase 0] Closing database connection for worker 10723... {"SourceContext": "Infrastructure.Services.DatabaseTestService", "Application": "Crud.Api"}
[06:44:41 INF] [Phase 0] Connection closed in 0.0005ms {"SourceContext": "Infrastructure.Services.DatabaseTestService", "Application": "Crud.Api"}
[06:44:41 INF] [Phase 1] Starting EnsureDeletedAsync for worker 10723... {"SourceContext": "Infrastructure.Services.DatabaseTestService", "Application": "Crud.Api"}
[06:44:41 INF] [Phase 1] EnsureDeletedAsync completed in 1.4062ms {"SourceContext": "Infrastructure.Services.DatabaseTestService", "Application": "Crud.Api"}
[06:44:41 INF] [Phase 2] Starting EnsureCreatedAsync for worker 10723... {"SourceContext": "Infrastructure.Services.DatabaseTestService", "Application": "Crud.Api"}
[06:44:41 INF] [Phase 2] EnsureCreatedAsync completed in 8.3296ms {"SourceContext": "Infrastructure.Services.DatabaseTestService", "Application": "Crud.Api"}
[06:44:41 INF] [Phase 3] Skipping database seeding as requested for worker 10723 {"SourceContext": "Infrastructure.Services.DatabaseTestService", "Application": "Crud.Api"}
[06:44:41 INF] Database reset via file deletion completed for worker 10723 in 109.3441ms (Close: 0.0005ms, Delete: 1.4062ms, Create: 8.3296ms) {"SourceContext": "Infrastructure.Services.DatabaseTestService", "Application": "Crud.Api"}
[06:44:41 INF] Releasing database mutex for worker 10723 {"SourceContext": "Infrastructure.Services.DatabaseTestService", "Application": "Crud.Api"}
[06:44:41 INF] User registered successfully: 910fbadb-3710-41d2-886c-8f04b467aa1c {"SourceContext": "App.Features.Authentication.RegisterUserCommandHandler", "ActionId": "80fb355e-71ed-4448-a8b5-ed87e88a7300", "ActionName": "Api.Controllers.AuthController.Register (Api)", "RequestId": "0HNFGVQB4PDM0", "RequestPath": "/api/auth/register", "Application": "Crud.Api"}
Activity.TraceId:            fe27d503575cd01319c28ac2052787d5
Activity.SpanId:             1500ed0278abdad7
Activity.TraceFlags:         Recorded
Activity.ActivitySourceName: Microsoft.AspNetCore
Activity.DisplayName:        POST api/Auth/register
Activity.Kind:               Server
Activity.StartTime:          2025-09-11T06:44:41.2673056Z
Activity.Duration:           00:00:00.3013828
Activity.Tags:
    server.address: localhost
    http.request.method: POST
    url.scheme: http
    url.path: /api/auth/register
    network.protocol.version: 1.1
    http.route: api/Auth/register
    http.response.status_code: 200
Resource associated with Activity:
    deployment.environment: Testing
    service.name: Crud.Api
    service.version: 1.0.0
    service.instance.id: bb25e7a8-9ced-49c8-9e52-fd74b67e7fff
    telemetry.sdk.name: opentelemetry
    telemetry.sdk.language: dotnet
    telemetry.sdk.version: 1.8.1
[06:44:41 INF] User registered successfully: a214026b-4700-4f10-b794-06ff43ebea0e {"SourceContext": "App.Features.Authentication.RegisterUserCommandHandler", "ActionId": "80fb355e-71ed-4448-a8b5-ed87e88a7300", "ActionName": "Api.Controllers.AuthController.Register (Api)", "RequestId": "0HNFGVQB4PDM1", "RequestPath": "/api/auth/register", "Application": "Crud.Api"}
Activity.TraceId:            5e6c688154b4ec9b0f29b68f708fb39b
Activity.SpanId:             8d436f225e99abc5
Activity.TraceFlags:         Recorded
Activity.ActivitySourceName: Microsoft.AspNetCore
Activity.DisplayName:        POST api/Auth/register
Activity.Kind:               Server
Activity.StartTime:          2025-09-11T06:44:41.5693795Z
Activity.Duration:           00:00:00.3001530
Activity.Tags:
    server.address: localhost
    http.request.method: POST
    url.scheme: http
    url.path: /api/auth/register
    network.protocol.version: 1.1
    http.route: api/Auth/register
    http.response.status_code: 200
Resource associated with Activity:
    deployment.environment: Testing
    service.name: Crud.Api
    service.version: 1.0.0
    service.instance.id: bb25e7a8-9ced-49c8-9e52-fd74b67e7fff
    telemetry.sdk.name: opentelemetry
    telemetry.sdk.language: dotnet
    telemetry.sdk.version: 1.8.1
[06:44:42 INF] User logged in successfully: a214026b-4700-4f10-b794-06ff43ebea0e {"SourceContext": "App.Features.Authentication.LoginCommandHandler", "ActionId": "1f39e87b-d673-4ae4-a675-e3b1791d96c9", "ActionName": "Api.Controllers.AuthController.Login (Api)", "RequestId": "0HNFGVQB4PDM2", "RequestPath": "/api/auth/login", "Application": "Crud.Api"}
Activity.TraceId:            798c6ab9896691266c49afd7d1d195cf
Activity.SpanId:             7daa590b8cc61041
Activity.TraceFlags:         Recorded
Activity.ActivitySourceName: Microsoft.AspNetCore
Activity.DisplayName:        POST api/Auth/login
Activity.Kind:               Server
Activity.StartTime:          2025-09-11T06:44:41.8706750Z
Activity.Duration:           00:00:00.2989996
Activity.Tags:
    server.address: localhost
    http.request.method: POST
    url.scheme: http
    url.path: /api/auth/login
    network.protocol.version: 1.1
    http.route: api/Auth/login
    http.response.status_code: 200
Resource associated with Activity:
    deployment.environment: Testing
    service.name: Crud.Api
    service.version: 1.0.0
    service.instance.id: bb25e7a8-9ced-49c8-9e52-fd74b67e7fff
    telemetry.sdk.name: opentelemetry
    telemetry.sdk.language: dotnet
    telemetry.sdk.version: 1.8.1
[06:44:42 DBG] Cache miss for key: list:person {"SourceContext": "Infrastructure.Services.Caching.InMemoryCacheService", "ActionId": "5f421191-0ae4-4580-b3b5-03de2b136cff", "ActionName": "Api.Controllers.PeopleController.List (Api)", "RequestId": "0HNFGVQB4PDM3", "RequestPath": "/api/people", "Application": "Crud.Api"}
[06:44:42 DBG] Set cache value for key: list:person {"SourceContext": "Infrastructure.Services.Caching.InMemoryCacheService", "ActionId": "5f421191-0ae4-4580-b3b5-03de2b136cff", "ActionName": "Api.Controllers.PeopleController.List (Api)", "RequestId": "0HNFGVQB4PDM3", "RequestPath": "/api/people", "Application": "Crud.Api"}
Activity.TraceId:            6d249f8a1161566675073fbce144631c
Activity.SpanId:             4b7cb7179645a621
Activity.TraceFlags:         Recorded
Activity.ActivitySourceName: Microsoft.AspNetCore
Activity.DisplayName:        GET api/People
Activity.Kind:               Server
Activity.StartTime:          2025-09-11T06:44:42.1698469Z
Activity.Duration:           00:00:00.0093327
Activity.Tags:
    server.address: localhost
    http.request.method: GET
    url.scheme: http
    url.path: /api/people
    network.protocol.version: 1.1
    http.route: api/People
    http.response.status_code: 200
Resource associated with Activity:
    deployment.environment: Testing
    service.name: Crud.Api
    service.version: 1.0.0
    service.instance.id: bb25e7a8-9ced-49c8-9e52-fd74b67e7fff
    telemetry.sdk.name: opentelemetry
    telemetry.sdk.language: dotnet
    telemetry.sdk.version: 1.8.1
[06:44:42 DBG] Removed cache value for key: entity:person:daff874de9f84e7ebfc9789ec8ebfe9b {"SourceContext": "Infrastructure.Services.Caching.InMemoryCacheService", "ActionId": "b9551027-f033-459c-954e-45b2a00d6f9b", "ActionName": "Api.Controllers.PeopleController.Create (Api)", "RequestId": "0HNFGVQB4PDM4", "RequestPath": "/api/people", "Application": "Crud.Api"}
[06:44:42 DBG] Removed cache value for key: list:person {"SourceContext": "Infrastructure.Services.Caching.InMemoryCacheService", "ActionId": "b9551027-f033-459c-954e-45b2a00d6f9b", "ActionName": "Api.Controllers.PeopleController.Create (Api)", "RequestId": "0HNFGVQB4PDM4", "RequestPath": "/api/people", "Application": "Crud.Api"}
[06:44:42 DBG] Invalidating cache for entity type: people with tag: people {"SourceContext": "Api.Services.OutputCacheInvalidationService", "ActionId": "b9551027-f033-459c-954e-45b2a00d6f9b", "ActionName": "Api.Controllers.PeopleController.Create (Api)", "RequestId": "0HNFGVQB4PDM4", "RequestPath": "/api/people", "Application": "Crud.Api"}
[06:44:42 INF] Successfully invalidated cache for entity type: people {"SourceContext": "Api.Services.OutputCacheInvalidationService", "ActionId": "b9551027-f033-459c-954e-45b2a00d6f9b", "ActionName": "Api.Controllers.PeopleController.Create (Api)", "RequestId": "0HNFGVQB4PDM4", "RequestPath": "/api/people", "Application": "Crud.Api"}
Activity.TraceId:            e70a631410aa29bfe9054ce66a453edb
Activity.SpanId:             3e35d4a5552b8a56
Activity.TraceFlags:         Recorded
Activity.ActivitySourceName: Microsoft.AspNetCore
Activity.DisplayName:        POST api/People
Activity.Kind:               Server
Activity.StartTime:          2025-09-11T06:44:42.1792884Z
Activity.Duration:           00:00:00.0160079
Activity.Tags:
    server.address: localhost
    http.request.method: POST
    url.scheme: http
    url.path: /api/people
    network.protocol.version: 1.1
    http.route: api/People
    http.response.status_code: 201
Resource associated with Activity:
    deployment.environment: Testing
    service.name: Crud.Api
    service.version: 1.0.0
    service.instance.id: bb25e7a8-9ced-49c8-9e52-fd74b67e7fff
    telemetry.sdk.name: opentelemetry
    telemetry.sdk.language: dotnet
    telemetry.sdk.version: 1.8.1
[06:44:42 DBG] Cache miss for key: list:person {"SourceContext": "Infrastructure.Services.Caching.InMemoryCacheService", "ActionId": "5f421191-0ae4-4580-b3b5-03de2b136cff", "ActionName": "Api.Controllers.PeopleController.List (Api)", "RequestId": "0HNFGVQB4PDM5", "RequestPath": "/api/people", "Application": "Crud.Api"}
[06:44:42 DBG] Set cache value for key: list:person {"SourceContext": "Infrastructure.Services.Caching.InMemoryCacheService", "ActionId": "5f421191-0ae4-4580-b3b5-03de2b136cff", "ActionName": "Api.Controllers.PeopleController.List (Api)", "RequestId": "0HNFGVQB4PDM5", "RequestPath": "/api/people", "Application": "Crud.Api"}
Activity.TraceId:            87d84f78e591e698d23fdacfd5cd0367
Activity.SpanId:             569aea71d97950a8
Activity.TraceFlags:         Recorded
Activity.ActivitySourceName: Microsoft.AspNetCore
Activity.DisplayName:        GET api/People
Activity.Kind:               Server
Activity.StartTime:          2025-09-11T06:44:42.1953565Z
Activity.Duration:           00:00:00.0015142
Activity.Tags:
    server.address: localhost
    http.request.method: GET
    url.scheme: http
    url.path: /api/people
    network.protocol.version: 1.1
    http.route: api/People
    http.response.status_code: 200
Resource associated with Activity:
    deployment.environment: Testing
    service.name: Crud.Api
    service.version: 1.0.0
    service.instance.id: bb25e7a8-9ced-49c8-9e52-fd74b67e7fff
    telemetry.sdk.name: opentelemetry
    telemetry.sdk.language: dotnet
    telemetry.sdk.version: 1.8.1
[06:44:42 INF] Resetting database for worker 10723 {"SourceContext": "Infrastructure.Services.DatabaseTestService", "Application": "Crud.Api"}
[06:44:42 INF] Resetting database via file deletion for worker 10723 in CI environment {"SourceContext": "Infrastructure.Services.DatabaseTestService", "Application": "Crud.Api"}
[06:44:42 INF] Acquiring database mutex for worker 10723... {"SourceContext": "Infrastructure.Services.DatabaseTestService", "Application": "Crud.Api"}
[06:44:42 INF] Database mutex acquired for worker 10723 {"SourceContext": "Infrastructure.Services.DatabaseTestService", "Application": "Crud.Api"}
[06:44:42 INF] Current database state - CanConnect: True {"SourceContext": "Infrastructure.Services.DatabaseTestService", "Application": "Crud.Api"}
[06:44:42 INF] [Phase 0] Closing database connection for worker 10723... {"SourceContext": "Infrastructure.Services.DatabaseTestService", "Application": "Crud.Api"}
[06:44:42 INF] [Phase 0] Connection closed in 0.0006ms {"SourceContext": "Infrastructure.Services.DatabaseTestService", "Application": "Crud.Api"}
[06:44:42 INF] [Phase 1] Starting EnsureDeletedAsync for worker 10723... {"SourceContext": "Infrastructure.Services.DatabaseTestService", "Application": "Crud.Api"}
[06:44:42 INF] [Phase 1] EnsureDeletedAsync completed in 1.2487ms {"SourceContext": "Infrastructure.Services.DatabaseTestService", "Application": "Crud.Api"}
[06:44:42 INF] [Phase 2] Starting EnsureCreatedAsync for worker 10723... {"SourceContext": "Infrastructure.Services.DatabaseTestService", "Application": "Crud.Api"}
[06:44:42 INF] [Phase 2] EnsureCreatedAsync completed in 7.9659ms {"SourceContext": "Infrastructure.Services.DatabaseTestService", "Application": "Crud.Api"}
[06:44:42 INF] [Phase 3] Skipping database seeding as requested for worker 10723 {"SourceContext": "Infrastructure.Services.DatabaseTestService", "Application": "Crud.Api"}
[06:44:42 INF] Database reset via file deletion completed for worker 10723 in 108.457ms (Close: 0.0006ms, Delete: 1.2487ms, Create: 7.9659ms) {"SourceContext": "Infrastructure.Services.DatabaseTestService", "Application": "Crud.Api"}
[06:44:42 INF] Releasing database mutex for worker 10723 {"SourceContext": "Infrastructure.Services.DatabaseTestService", "Application": "Crud.Api"}
[06:44:42 INF] Resetting database for worker 10723 {"SourceContext": "Infrastructure.Services.DatabaseTestService", "Application": "Crud.Api"}
[06:44:42 INF] Resetting database via file deletion for worker 10723 in CI environment {"SourceContext": "Infrastructure.Services.DatabaseTestService", "Application": "Crud.Api"}
[06:44:42 INF] Acquiring database mutex for worker 10723... {"SourceContext": "Infrastructure.Services.DatabaseTestService", "Application": "Crud.Api"}
[06:44:42 INF] Database mutex acquired for worker 10723 {"SourceContext": "Infrastructure.Services.DatabaseTestService", "Application": "Crud.Api"}
[06:44:42 INF] Current database state - CanConnect: True {"SourceContext": "Infrastructure.Services.DatabaseTestService", "Application": "Crud.Api"}
[06:44:42 INF] [Phase 0] Closing database connection for worker 10723... {"SourceContext": "Infrastructure.Services.DatabaseTestService", "Application": "Crud.Api"}
[06:44:42 INF] [Phase 0] Connection closed in 0.0005ms {"SourceContext": "Infrastructure.Services.DatabaseTestService", "Application": "Crud.Api"}
[06:44:42 INF] [Phase 1] Starting EnsureDeletedAsync for worker 10723... {"SourceContext": "Infrastructure.Services.DatabaseTestService", "Application": "Crud.Api"}
[06:44:42 INF] [Phase 1] EnsureDeletedAsync completed in 1.2326ms {"SourceContext": "Infrastructure.Services.DatabaseTestService", "Application": "Crud.Api"}
[06:44:42 INF] [Phase 2] Starting EnsureCreatedAsync for worker 10723... {"SourceContext": "Infrastructure.Services.DatabaseTestService", "Application": "Crud.Api"}
[06:44:42 INF] [Phase 2] EnsureCreatedAsync completed in 7.4083ms {"SourceContext": "Infrastructure.Services.DatabaseTestService", "Application": "Crud.Api"}
[06:44:42 INF] [Phase 3] Skipping database seeding as requested for worker 10723 {"SourceContext": "Infrastructure.Services.DatabaseTestService", "Application": "Crud.Api"}
[06:44:42 INF] Database reset via file deletion completed for worker 10723 in 108.8694ms (Close: 0.0005ms, Delete: 1.2326ms, Create: 7.4083ms) {"SourceContext": "Infrastructure.Services.DatabaseTestService", "Application": "Crud.Api"}
[06:44:42 INF] Releasing database mutex for worker 10723 {"SourceContext": "Infrastructure.Services.DatabaseTestService", "Application": "Crud.Api"}
[06:44:42 INF] User registered successfully: a3398bbf-204b-48a9-818d-a81bd70b7f3b {"SourceContext": "App.Features.Authentication.RegisterUserCommandHandler", "ActionId": "80fb355e-71ed-4448-a8b5-ed87e88a7300", "ActionName": "Api.Controllers.AuthController.Register (Api)", "RequestId": "0HNFGVQB4PDM6", "RequestPath": "/api/auth/register", "Application": "Crud.Api"}
Activity.TraceId:            e0c10760b211c92e2a50c38a2ac8d8cb
Activity.SpanId:             a24c73f926240362
Activity.TraceFlags:         Recorded
Activity.ActivitySourceName: Microsoft.AspNetCore
Activity.DisplayName:        POST api/Auth/register
Activity.Kind:               Server
Activity.StartTime:          2025-09-11T06:44:42.4201306Z
Activity.Duration:           00:00:00.2987015
Activity.Tags:
    server.address: localhost
    http.request.method: POST
    url.scheme: http
    url.path: /api/auth/register
    network.protocol.version: 1.1
    http.route: api/Auth/register
    http.response.status_code: 200
Resource associated with Activity:
    deployment.environment: Testing
    service.name: Crud.Api
    service.version: 1.0.0
    service.instance.id: bb25e7a8-9ced-49c8-9e52-fd74b67e7fff
    telemetry.sdk.name: opentelemetry
    telemetry.sdk.language: dotnet
    telemetry.sdk.version: 1.8.1
[06:44:42 DBG] Cache hit for key: list:role {"SourceContext": "Infrastructure.Services.Caching.InMemoryCacheService", "ActionId": "69172701-f355-4022-b39a-102d750177c9", "ActionName": "Api.Controllers.RolesController.List (Api)", "RequestId": "0HNFGVQB4PDM7", "RequestPath": "/api/roles", "Application": "Crud.Api"}
Activity.TraceId:            0a8b2dc75b8db529e45e54f0f61b403c
Activity.SpanId:             8051c282d466ccd4
Activity.TraceFlags:         Recorded
Activity.ActivitySourceName: Microsoft.AspNetCore
Activity.DisplayName:        GET api/Roles
Activity.Kind:               Server
Activity.StartTime:          2025-09-11T06:44:42.7194765Z
Activity.Duration:           00:00:00.0020401
Activity.Tags:
    server.address: localhost
    http.request.method: GET
    url.scheme: http
    url.path: /api/roles
    network.protocol.version: 1.1
    http.route: api/Roles
    http.response.status_code: 200
Resource associated with Activity:
    deployment.environment: Testing
    service.name: Crud.Api
    service.version: 1.0.0
    service.instance.id: bb25e7a8-9ced-49c8-9e52-fd74b67e7fff
    telemetry.sdk.name: opentelemetry
    telemetry.sdk.language: dotnet
    telemetry.sdk.version: 1.8.1
[06:44:42 DBG] Cache hit for key: list:role {"SourceContext": "Infrastructure.Services.Caching.InMemoryCacheService", "ActionId": "69172701-f355-4022-b39a-102d750177c9", "ActionName": "Api.Controllers.RolesController.List (Api)", "RequestId": "0HNFGVQB4PDM8", "RequestPath": "/api/roles", "Application": "Crud.Api"}
Activity.TraceId:            803e2089b62bb744a8f89aefc9cce5a5
Activity.SpanId:             22933d3cd71b5582
Activity.TraceFlags:         Recorded
Activity.ActivitySourceName: Microsoft.AspNetCore
Activity.DisplayName:        GET api/Roles
Activity.Kind:               Server
Activity.StartTime:          2025-09-11T06:44:42.7217541Z
Activity.Duration:           00:00:00.0003823
Activity.Tags:
    server.address: localhost
    http.request.method: GET
    url.scheme: http
    url.path: /api/roles
    network.protocol.version: 1.1
    http.route: api/Roles
    http.response.status_code: 200
Resource associated with Activity:
    deployment.environment: Testing
    service.name: Crud.Api
    service.version: 1.0.0
    service.instance.id: bb25e7a8-9ced-49c8-9e52-fd74b67e7fff
    telemetry.sdk.name: opentelemetry
    telemetry.sdk.language: dotnet
    telemetry.sdk.version: 1.8.1
[06:44:42 DBG] Cache hit for key: list:role {"SourceContext": "Infrastructure.Services.Caching.InMemoryCacheService", "ActionId": "69172701-f355-4022-b39a-102d750177c9", "ActionName": "Api.Controllers.RolesController.List (Api)", "RequestId": "0HNFGVQB4PDM9", "RequestPath": "/api/roles", "Application": "Crud.Api"}
Activity.TraceId:            65f29b0139a0a6bb2be606162d2c8ce4
Activity.SpanId:             d9ccb6ed5699b16d
Activity.TraceFlags:         Recorded
Activity.ActivitySourceName: Microsoft.AspNetCore
Activity.DisplayName:        GET api/Roles
Activity.Kind:               Server
Activity.StartTime:          2025-09-11T06:44:42.7224630Z
Activity.Duration:           00:00:00.0003095
Activity.Tags:
    server.address: localhost
    http.request.method: GET
    url.scheme: http
    url.path: /api/roles
    network.protocol.version: 1.1
    http.route: api/Roles
    http.response.status_code: 200
Resource associated with Activity:
    deployment.environment: Testing
    service.name: Crud.Api
    service.version: 1.0.0
    service.instance.id: bb25e7a8-9ced-49c8-9e52-fd74b67e7fff
    telemetry.sdk.name: opentelemetry
    telemetry.sdk.language: dotnet
    telemetry.sdk.version: 1.8.1
[06:44:42 DBG] Cache hit for key: list:role {"SourceContext": "Infrastructure.Services.Caching.InMemoryCacheService", "ActionId": "69172701-f355-4022-b39a-102d750177c9", "ActionName": "Api.Controllers.RolesController.List (Api)", "RequestId": "0HNFGVQB4PDMA", "RequestPath": "/api/roles", "Application": "Crud.Api"}
Activity.TraceId:            103789d691988f94bb212a83ccd04d7a
Activity.SpanId:             74777773cb4b150e
Activity.TraceFlags:         Recorded
Activity.ActivitySourceName: Microsoft.AspNetCore
Activity.DisplayName:        GET api/Roles
Activity.Kind:               Server
Activity.StartTime:          2025-09-11T06:44:42.7228348Z
Activity.Duration:           00:00:00.0002844
Activity.Tags:
    server.address: localhost
    http.request.method: GET
    url.scheme: http
    url.path: /api/roles
    network.protocol.version: 1.1
    http.route: api/Roles
    http.response.status_code: 200
Resource associated with Activity:
    deployment.environment: Testing
    service.name: Crud.Api
    service.version: 1.0.0
    service.instance.id: bb25e7a8-9ced-49c8-9e52-fd74b67e7fff
    telemetry.sdk.name: opentelemetry
    telemetry.sdk.language: dotnet
    telemetry.sdk.version: 1.8.1
[06:44:42 DBG] Cache hit for key: list:role {"SourceContext": "Infrastructure.Services.Caching.InMemoryCacheService", "ActionId": "69172701-f355-4022-b39a-102d750177c9", "ActionName": "Api.Controllers.RolesController.List (Api)", "RequestId": "0HNFGVQB4PDMB", "RequestPath": "/api/roles", "Application": "Crud.Api"}
Activity.TraceId:            6c992d4f371b97dcf4da16951e9c47fb
Activity.SpanId:             98356089e3327abe
Activity.TraceFlags:         Recorded
Activity.ActivitySourceName: Microsoft.AspNetCore
Activity.DisplayName:        GET api/Roles
Activity.Kind:               Server
Activity.StartTime:          2025-09-11T06:44:42.7231756Z
Activity.Duration:           00:00:00.0002589
Activity.Tags:
    server.address: localhost
    http.request.method: GET
    url.scheme: http
    url.path: /api/roles
    network.protocol.version: 1.1
    http.route: api/Roles
    http.response.status_code: 200
Resource associated with Activity:
    deployment.environment: Testing
    service.name: Crud.Api
    service.version: 1.0.0
    service.instance.id: bb25e7a8-9ced-49c8-9e52-fd74b67e7fff
    telemetry.sdk.name: opentelemetry
    telemetry.sdk.language: dotnet
    telemetry.sdk.version: 1.8.1
[06:44:42 DBG] Cache hit for key: list:role {"SourceContext": "Infrastructure.Services.Caching.InMemoryCacheService", "ActionId": "69172701-f355-4022-b39a-102d750177c9", "ActionName": "Api.Controllers.RolesController.List (Api)", "RequestId": "0HNFGVQB4PDMC", "RequestPath": "/api/roles", "Application": "Crud.Api"}
Activity.TraceId:            c8732bfeb4f76bfc12a7d42185d333fb
Activity.SpanId:             47e66a9f22895722
Activity.TraceFlags:         Recorded
Activity.ActivitySourceName: Microsoft.AspNetCore
Activity.DisplayName:        GET api/Roles
Activity.Kind:               Server
Activity.StartTime:          2025-09-11T06:44:42.7234990Z
Activity.Duration:           00:00:00.0002295
Activity.Tags:
    server.address: localhost
    http.request.method: GET
    url.scheme: http
    url.path: /api/roles
    network.protocol.version: 1.1
    http.route: api/Roles
    http.response.status_code: 200
Resource associated with Activity:
    deployment.environment: Testing
    service.name: Crud.Api
    service.version: 1.0.0
    service.instance.id: bb25e7a8-9ced-49c8-9e52-fd74b67e7fff
    telemetry.sdk.name: opentelemetry
    telemetry.sdk.language: dotnet
    telemetry.sdk.version: 1.8.1
[06:44:42 DBG] Cache hit for key: list:role {"SourceContext": "Infrastructure.Services.Caching.InMemoryCacheService", "ActionId": "69172701-f355-4022-b39a-102d750177c9", "ActionName": "Api.Controllers.RolesController.List (Api)", "RequestId": "0HNFGVQB4PDMD", "RequestPath": "/api/roles", "Application": "Crud.Api"}
Activity.TraceId:            76ec2e95b26c1b8b4869ec9ecaac3c05
Activity.SpanId:             7cbca3b83fe67bf5
Activity.TraceFlags:         Recorded
Activity.ActivitySourceName: Microsoft.AspNetCore
Activity.DisplayName:        GET api/Roles
Activity.Kind:               Server
Activity.StartTime:          2025-09-11T06:44:42.7237941Z
Activity.Duration:           00:00:00.0002438
Activity.Tags:
    server.address: localhost
    http.request.method: GET
    url.scheme: http
    url.path: /api/roles
    network.protocol.version: 1.1
    http.route: api/Roles
    http.response.status_code: 200
Resource associated with Activity:
    deployment.environment: Testing
    service.name: Crud.Api
    service.version: 1.0.0
    service.instance.id: bb25e7a8-9ced-49c8-9e52-fd74b67e7fff
    telemetry.sdk.name: opentelemetry
    telemetry.sdk.language: dotnet
    telemetry.sdk.version: 1.8.1
[06:44:42 DBG] Cache hit for key: list:role {"SourceContext": "Infrastructure.Services.Caching.InMemoryCacheService", "ActionId": "69172701-f355-4022-b39a-102d750177c9", "ActionName": "Api.Controllers.RolesController.List (Api)", "RequestId": "0HNFGVQB4PDME", "RequestPath": "/api/roles", "Application": "Crud.Api"}
Activity.TraceId:            ed867a123a45a49459cb2e9db3a9ac80
Activity.SpanId:             4bb934151712910b
Activity.TraceFlags:         Recorded
Activity.ActivitySourceName: Microsoft.AspNetCore
Activity.DisplayName:        GET api/Roles
Activity.Kind:               Server
Activity.StartTime:          2025-09-11T06:44:42.7240975Z
Activity.Duration:           00:00:00.0002643
Activity.Tags:
    server.address: localhost
    http.request.method: GET
    url.scheme: http
    url.path: /api/roles
    network.protocol.version: 1.1
    http.route: api/Roles
    http.response.status_code: 200
Resource associated with Activity:
    deployment.environment: Testing
    service.name: Crud.Api
    service.version: 1.0.0
    service.instance.id: bb25e7a8-9ced-49c8-9e52-fd74b67e7fff
    telemetry.sdk.name: opentelemetry
    telemetry.sdk.language: dotnet
    telemetry.sdk.version: 1.8.1
[06:44:42 DBG] Cache hit for key: list:role {"SourceContext": "Infrastructure.Services.Caching.InMemoryCacheService", "ActionId": "69172701-f355-4022-b39a-102d750177c9", "ActionName": "Api.Controllers.RolesController.List (Api)", "RequestId": "0HNFGVQB4PDMF", "RequestPath": "/api/roles", "Application": "Crud.Api"}
Activity.TraceId:            2e7fa86c4668af9241a84a807612e6df
Activity.SpanId:             26a69406a9d24f01
Activity.TraceFlags:         Recorded
Activity.ActivitySourceName: Microsoft.AspNetCore
Activity.DisplayName:        GET api/Roles
Activity.Kind:               Server
Activity.StartTime:          2025-09-11T06:44:42.7244186Z
Activity.Duration:           00:00:00.0002769
Activity.Tags:
    server.address: localhost
    http.request.method: GET
    url.scheme: http
    url.path: /api/roles
    network.protocol.version: 1.1
    http.route: api/Roles
    http.response.status_code: 200
Resource associated with Activity:
    deployment.environment: Testing
    service.name: Crud.Api
    service.version: 1.0.0
    service.instance.id: bb25e7a8-9ced-49c8-9e52-fd74b67e7fff
    telemetry.sdk.name: opentelemetry
    telemetry.sdk.language: dotnet
    telemetry.sdk.version: 1.8.1
[06:44:42 DBG] Cache hit for key: list:role {"SourceContext": "Infrastructure.Services.Caching.InMemoryCacheService", "ActionId": "69172701-f355-4022-b39a-102d750177c9", "ActionName": "Api.Controllers.RolesController.List (Api)", "RequestId": "0HNFGVQB4PDMG", "RequestPath": "/api/roles", "Application": "Crud.Api"}
Activity.TraceId:            e7a21a2a4f0e0a4c1d816484b1d2e8f9
Activity.SpanId:             75bf6ee56cb5dc8e
Activity.TraceFlags:         Recorded
Activity.ActivitySourceName: Microsoft.AspNetCore
Activity.DisplayName:        GET api/Roles
Activity.Kind:               Server
Activity.StartTime:          2025-09-11T06:44:42.7247508Z
Activity.Duration:           00:00:00.0003240
Activity.Tags:
    server.address: localhost
    http.request.method: GET
    url.scheme: http
    url.path: /api/roles
    network.protocol.version: 1.1
    http.route: api/Roles
    http.response.status_code: 200
Resource associated with Activity:
    deployment.environment: Testing
    service.name: Crud.Api
    service.version: 1.0.0
    service.instance.id: bb25e7a8-9ced-49c8-9e52-fd74b67e7fff
    telemetry.sdk.name: opentelemetry
    telemetry.sdk.language: dotnet
    telemetry.sdk.version: 1.8.1
[06:44:42 DBG] Cache hit for key: list:role {"SourceContext": "Infrastructure.Services.Caching.InMemoryCacheService", "ActionId": "69172701-f355-4022-b39a-102d750177c9", "ActionName": "Api.Controllers.RolesController.List (Api)", "RequestId": "0HNFGVQB4PDMH", "RequestPath": "/api/roles", "Application": "Crud.Api"}
Activity.TraceId:            87f6b7eec0384464d06858c6a61d9ba7
Activity.SpanId:             47cb5420922bbd93
Activity.TraceFlags:         Recorded
Activity.ActivitySourceName: Microsoft.AspNetCore
Activity.DisplayName:        GET api/Roles
Activity.Kind:               Server
Activity.StartTime:          2025-09-11T06:44:42.7251374Z
Activity.Duration:           00:00:00.0002660
Activity.Tags:
    server.address: localhost
    http.request.method: GET
    url.scheme: http
    url.path: /api/roles
    network.protocol.version: 1.1
    http.route: api/Roles
    http.response.status_code: 200
Resource associated with Activity:
    deployment.environment: Testing
    service.name: Crud.Api
    service.version: 1.0.0
    service.instance.id: bb25e7a8-9ced-49c8-9e52-fd74b67e7fff
    telemetry.sdk.name: opentelemetry
    telemetry.sdk.language: dotnet
    telemetry.sdk.version: 1.8.1
[06:44:42 INF] Resetting database for worker 10723 {"SourceContext": "Infrastructure.Services.DatabaseTestService", "Application": "Crud.Api"}
[06:44:42 INF] Resetting database via file deletion for worker 10723 in CI environment {"SourceContext": "Infrastructure.Services.DatabaseTestService", "Application": "Crud.Api"}
[06:44:42 INF] Acquiring database mutex for worker 10723... {"SourceContext": "Infrastructure.Services.DatabaseTestService", "Application": "Crud.Api"}
[06:44:42 INF] Database mutex acquired for worker 10723 {"SourceContext": "Infrastructure.Services.DatabaseTestService", "Application": "Crud.Api"}
[06:44:42 INF] Current database state - CanConnect: True {"SourceContext": "Infrastructure.Services.DatabaseTestService", "Application": "Crud.Api"}
[06:44:42 INF] [Phase 0] Closing database connection for worker 10723... {"SourceContext": "Infrastructure.Services.DatabaseTestService", "Application": "Crud.Api"}
[06:44:42 INF] [Phase 0] Connection closed in 0.0009ms {"SourceContext": "Infrastructure.Services.DatabaseTestService", "Application": "Crud.Api"}
[06:44:42 INF] [Phase 1] Starting EnsureDeletedAsync for worker 10723... {"SourceContext": "Infrastructure.Services.DatabaseTestService", "Application": "Crud.Api"}
[06:44:42 INF] [Phase 1] EnsureDeletedAsync completed in 1.3448ms {"SourceContext": "Infrastructure.Services.DatabaseTestService", "Application": "Crud.Api"}
[06:44:42 INF] [Phase 2] Starting EnsureCreatedAsync for worker 10723... {"SourceContext": "Infrastructure.Services.DatabaseTestService", "Application": "Crud.Api"}
[06:44:42 INF] [Phase 2] EnsureCreatedAsync completed in 8.0124ms {"SourceContext": "Infrastructure.Services.DatabaseTestService", "Application": "Crud.Api"}
[06:44:42 INF] [Phase 3] Skipping database seeding as requested for worker 10723 {"SourceContext": "Infrastructure.Services.DatabaseTestService", "Application": "Crud.Api"}
[06:44:42 INF] Database reset via file deletion completed for worker 10723 in 108.4185ms (Close: 0.0009ms, Delete: 1.3448ms, Create: 8.0124ms) {"SourceContext": "Infrastructure.Services.DatabaseTestService", "Application": "Crud.Api"}
[06:44:42 INF] Releasing database mutex for worker 10723 {"SourceContext": "Infrastructure.Services.DatabaseTestService", "Application": "Crud.Api"}
[06:44:42 INF] Resetting database for worker 10723 {"SourceContext": "Infrastructure.Services.DatabaseTestService", "Application": "Crud.Api"}
[06:44:42 INF] Resetting database via file deletion for worker 10723 in CI environment {"SourceContext": "Infrastructure.Services.DatabaseTestService", "Application": "Crud.Api"}
[06:44:42 INF] Acquiring database mutex for worker 10723... {"SourceContext": "Infrastructure.Services.DatabaseTestService", "Application": "Crud.Api"}
[06:44:42 INF] Database mutex acquired for worker 10723 {"SourceContext": "Infrastructure.Services.DatabaseTestService", "Application": "Crud.Api"}
[06:44:42 INF] Current database state - CanConnect: True {"SourceContext": "Infrastructure.Services.DatabaseTestService", "Application": "Crud.Api"}
[06:44:42 INF] [Phase 0] Closing database connection for worker 10723... {"SourceContext": "Infrastructure.Services.DatabaseTestService", "Application": "Crud.Api"}
[06:44:42 INF] [Phase 0] Connection closed in 0.0005ms {"SourceContext": "Infrastructure.Services.DatabaseTestService", "Application": "Crud.Api"}
[06:44:42 INF] [Phase 1] Starting EnsureDeletedAsync for worker 10723... {"SourceContext": "Infrastructure.Services.DatabaseTestService", "Application": "Crud.Api"}
[06:44:42 INF] [Phase 1] EnsureDeletedAsync completed in 1.0418ms {"SourceContext": "Infrastructure.Services.DatabaseTestService", "Application": "Crud.Api"}
[06:44:42 INF] [Phase 2] Starting EnsureCreatedAsync for worker 10723... {"SourceContext": "Infrastructure.Services.DatabaseTestService", "Application": "Crud.Api"}
[06:44:42 INF] [Phase 2] EnsureCreatedAsync completed in 7.7542ms {"SourceContext": "Infrastructure.Services.DatabaseTestService", "Application": "Crud.Api"}
[06:44:42 INF] [Phase 3] Skipping database seeding as requested for worker 10723 {"SourceContext": "Infrastructure.Services.DatabaseTestService", "Application": "Crud.Api"}
[06:44:42 INF] Database reset via file deletion completed for worker 10723 in 109.1186ms (Close: 0.0005ms, Delete: 1.0418ms, Create: 7.7542ms) {"SourceContext": "Infrastructure.Services.DatabaseTestService", "Application": "Crud.Api"}
[06:44:42 INF] Releasing database mutex for worker 10723 {"SourceContext": "Infrastructure.Services.DatabaseTestService", "Application": "Crud.Api"}
[06:44:43 INF] User registered successfully: 44de53bc-1395-48da-84a7-057923994e54 {"SourceContext": "App.Features.Authentication.RegisterUserCommandHandler", "ActionId": "80fb355e-71ed-4448-a8b5-ed87e88a7300", "ActionName": "Api.Controllers.AuthController.Register (Api)", "RequestId": "0HNFGVQB4PDMI", "RequestPath": "/api/auth/register", "Application": "Crud.Api"}
Activity.TraceId:            e15d5a9516a97e84fbe19848aa3c5ec6
Activity.SpanId:             9ff254dc241273c7
Activity.TraceFlags:         Recorded
Activity.ActivitySourceName: Microsoft.AspNetCore
Activity.DisplayName:        POST api/Auth/register
Activity.Kind:               Server
Activity.StartTime:          2025-09-11T06:44:42.9551157Z
Activity.Duration:           00:00:00.2985241
Activity.Tags:
    server.address: localhost
    http.request.method: POST
    url.scheme: http
    url.path: /api/auth/register
    network.protocol.version: 1.1
    http.route: api/Auth/register
    http.response.status_code: 200
Resource associated with Activity:
    deployment.environment: Testing
    service.name: Crud.Api
    service.version: 1.0.0
    service.instance.id: bb25e7a8-9ced-49c8-9e52-fd74b67e7fff
    telemetry.sdk.name: opentelemetry
    telemetry.sdk.language: dotnet
    telemetry.sdk.version: 1.8.1
[06:44:43 INF] User registered successfully: b2826006-fd98-4066-bf2e-1e234c3d032b {"SourceContext": "App.Features.Authentication.RegisterUserCommandHandler", "ActionId": "80fb355e-71ed-4448-a8b5-ed87e88a7300", "ActionName": "Api.Controllers.AuthController.Register (Api)", "RequestId": "0HNFGVQB4PDMJ", "RequestPath": "/api/auth/register", "Application": "Crud.Api"}
Activity.TraceId:            1386a14e811e30e34d2b8df46c940e4d
Activity.SpanId:             c4f485918996f7f3
Activity.TraceFlags:         Recorded
Activity.ActivitySourceName: Microsoft.AspNetCore
Activity.DisplayName:        POST api/Auth/register
Activity.Kind:               Server
Activity.StartTime:          2025-09-11T06:44:43.2554868Z
Activity.Duration:           00:00:00.2982539
Activity.Tags:
    server.address: localhost
    http.request.method: POST
    url.scheme: http
    url.path: /api/auth/register
    network.protocol.version: 1.1
    http.route: api/Auth/register
    http.response.status_code: 200
Resource associated with Activity:
    deployment.environment: Testing
    service.name: Crud.Api
    service.version: 1.0.0
    service.instance.id: bb25e7a8-9ced-49c8-9e52-fd74b67e7fff
    telemetry.sdk.name: opentelemetry
    telemetry.sdk.language: dotnet
    telemetry.sdk.version: 1.8.1
[06:44:43 INF] User logged in successfully: b2826006-fd98-4066-bf2e-1e234c3d032b {"SourceContext": "App.Features.Authentication.LoginCommandHandler", "ActionId": "1f39e87b-d673-4ae4-a675-e3b1791d96c9", "ActionName": "Api.Controllers.AuthController.Login (Api)", "RequestId": "0HNFGVQB4PDMK", "RequestPath": "/api/auth/login", "Application": "Crud.Api"}
Activity.TraceId:            738de7a92c2906a26933ee3c02735026
Activity.SpanId:             0158da3a6743946b
Activity.TraceFlags:         Recorded
Activity.ActivitySourceName: Microsoft.AspNetCore
Activity.DisplayName:        POST api/Auth/login
Activity.Kind:               Server
Activity.StartTime:          2025-09-11T06:44:43.5548155Z
Activity.Duration:           00:00:00.3017237
Activity.Tags:
    server.address: localhost
    http.request.method: POST
    url.scheme: http
    url.path: /api/auth/login
    network.protocol.version: 1.1
    http.route: api/Auth/login
    http.response.status_code: 200
Resource associated with Activity:
    deployment.environment: Testing
    service.name: Crud.Api
    service.version: 1.0.0
    service.instance.id: bb25e7a8-9ced-49c8-9e52-fd74b67e7fff
    telemetry.sdk.name: opentelemetry
    telemetry.sdk.language: dotnet
    telemetry.sdk.version: 1.8.1
[06:44:43 DBG] Cache hit for key: list:person {"SourceContext": "Infrastructure.Services.Caching.InMemoryCacheService", "ActionId": "5f421191-0ae4-4580-b3b5-03de2b136cff", "ActionName": "Api.Controllers.PeopleController.List (Api)", "RequestId": "0HNFGVQB4PDML", "RequestPath": "/api/people", "Application": "Crud.Api"}
Activity.TraceId:            543ed285bdc1a8ad1e9bb965d15db6c9
Activity.SpanId:             19ce526a316c9520
Activity.TraceFlags:         Recorded
Activity.ActivitySourceName: Microsoft.AspNetCore
Activity.DisplayName:        GET api/People
Activity.Kind:               Server
Activity.StartTime:          2025-09-11T06:44:43.8567592Z
Activity.Duration:           00:00:00.0018622
Activity.Tags:
    server.address: localhost
    http.request.method: GET
    url.scheme: http
    url.path: /api/people
    network.protocol.version: 1.1
    http.route: api/People
    http.response.status_code: 200
Resource associated with Activity:
    deployment.environment: Testing
    service.name: Crud.Api
    service.version: 1.0.0
    service.instance.id: bb25e7a8-9ced-49c8-9e52-fd74b67e7fff
    telemetry.sdk.name: opentelemetry
    telemetry.sdk.language: dotnet
    telemetry.sdk.version: 1.8.1
[06:44:43 DBG] Cache hit for key: list:person {"SourceContext": "Infrastructure.Services.Caching.InMemoryCacheService", "ActionId": "5f421191-0ae4-4580-b3b5-03de2b136cff", "ActionName": "Api.Controllers.PeopleController.List (Api)", "RequestId": "0HNFGVQB4PDMM", "RequestPath": "/api/people", "Application": "Crud.Api"}
Activity.TraceId:            83f4623934ded041b8b5c38ea05b6525
Activity.SpanId:             6dbf2f3c1cfe5524
Activity.TraceFlags:         Recorded
Activity.ActivitySourceName: Microsoft.AspNetCore
Activity.DisplayName:        GET api/People
Activity.Kind:               Server
Activity.StartTime:          2025-09-11T06:44:43.8587092Z
Activity.Duration:           00:00:00.0003277
Activity.Tags:
    server.address: localhost
    http.request.method: GET
    url.scheme: http
    url.path: /api/people
    network.protocol.version: 1.1
    http.route: api/People
    http.response.status_code: 200
Resource associated with Activity:
    deployment.environment: Testing
    service.name: Crud.Api
    service.version: 1.0.0
    service.instance.id: bb25e7a8-9ced-49c8-9e52-fd74b67e7fff
    telemetry.sdk.name: opentelemetry
    telemetry.sdk.language: dotnet
    telemetry.sdk.version: 1.8.1
[06:44:43 DBG] Cache hit for key: list:person {"SourceContext": "Infrastructure.Services.Caching.InMemoryCacheService", "ActionId": "5f421191-0ae4-4580-b3b5-03de2b136cff", "ActionName": "Api.Controllers.PeopleController.List (Api)", "RequestId": "0HNFGVQB4PDMN", "RequestPath": "/api/people", "Application": "Crud.Api"}
[06:44:43 DBG] Returning 304 Not Modified (ETag match) {"SourceContext": "Api.Middleware.ConditionalRequestMiddleware", "RequestId": "0HNFGVQB4PDMN", "RequestPath": "/api/people", "Application": "Crud.Api"}
Activity.TraceId:            ffff01ede6a28a91de38f2ac084d7940
Activity.SpanId:             df1ea3e3804b3616
Activity.TraceFlags:         Recorded
Activity.ActivitySourceName: Microsoft.AspNetCore
Activity.DisplayName:        GET api/People
Activity.Kind:               Server
Activity.StartTime:          2025-09-11T06:44:43.8602586Z
Activity.Duration:           00:00:00.0019105
Activity.Tags:
    server.address: localhost
    http.request.method: GET
    url.scheme: http
    url.path: /api/people
    network.protocol.version: 1.1
    http.route: api/People
    http.response.status_code: 304
Resource associated with Activity:
    deployment.environment: Testing
    service.name: Crud.Api
    service.version: 1.0.0
    service.instance.id: bb25e7a8-9ced-49c8-9e52-fd74b67e7fff
    telemetry.sdk.name: opentelemetry
    telemetry.sdk.language: dotnet
    telemetry.sdk.version: 1.8.1
[06:44:43 DBG] Removed cache value for key: entity:person:f3909cd344234de797252484ff1a6bad {"SourceContext": "Infrastructure.Services.Caching.InMemoryCacheService", "ActionId": "b9551027-f033-459c-954e-45b2a00d6f9b", "ActionName": "Api.Controllers.PeopleController.Create (Api)", "RequestId": "0HNFGVQB4PDMO", "RequestPath": "/api/people", "Application": "Crud.Api"}
[06:44:43 DBG] Removed cache value for key: list:person {"SourceContext": "Infrastructure.Services.Caching.InMemoryCacheService", "ActionId": "b9551027-f033-459c-954e-45b2a00d6f9b", "ActionName": "Api.Controllers.PeopleController.Create (Api)", "RequestId": "0HNFGVQB4PDMO", "RequestPath": "/api/people", "Application": "Crud.Api"}
[06:44:43 DBG] Invalidating cache for entity type: people with tag: people {"SourceContext": "Api.Services.OutputCacheInvalidationService", "ActionId": "b9551027-f033-459c-954e-45b2a00d6f9b", "ActionName": "Api.Controllers.PeopleController.Create (Api)", "RequestId": "0HNFGVQB4PDMO", "RequestPath": "/api/people", "Application": "Crud.Api"}
[06:44:43 INF] Successfully invalidated cache for entity type: people {"SourceContext": "Api.Services.OutputCacheInvalidationService", "ActionId": "b9551027-f033-459c-954e-45b2a00d6f9b", "ActionName": "Api.Controllers.PeopleController.Create (Api)", "RequestId": "0HNFGVQB4PDMO", "RequestPath": "/api/people", "Application": "Crud.Api"}
Activity.TraceId:            79708fe5cd9a2cb2f3cc058cf2882e94
Activity.SpanId:             2c9a486db0ed4a6b
Activity.TraceFlags:         Recorded
Activity.ActivitySourceName: Microsoft.AspNetCore
Activity.DisplayName:        POST api/People
Activity.Kind:               Server
Activity.StartTime:          2025-09-11T06:44:43.8622631Z
Activity.Duration:           00:00:00.0015652
Activity.Tags:
    server.address: localhost
    http.request.method: POST
    url.scheme: http
    url.path: /api/people
    network.protocol.version: 1.1
    http.route: api/People
    http.response.status_code: 201
Resource associated with Activity:
    deployment.environment: Testing
    service.name: Crud.Api
    service.version: 1.0.0
    service.instance.id: bb25e7a8-9ced-49c8-9e52-fd74b67e7fff
    telemetry.sdk.name: opentelemetry
    telemetry.sdk.language: dotnet
    telemetry.sdk.version: 1.8.1
[06:44:43 DBG] Cache miss for key: list:person {"SourceContext": "Infrastructure.Services.Caching.InMemoryCacheService", "ActionId": "5f421191-0ae4-4580-b3b5-03de2b136cff", "ActionName": "Api.Controllers.PeopleController.List (Api)", "RequestId": "0HNFGVQB4PDMP", "RequestPath": "/api/people", "Application": "Crud.Api"}
[06:44:43 DBG] Set cache value for key: list:person {"SourceContext": "Infrastructure.Services.Caching.InMemoryCacheService", "ActionId": "5f421191-0ae4-4580-b3b5-03de2b136cff", "ActionName": "Api.Controllers.PeopleController.List (Api)", "RequestId": "0HNFGVQB4PDMP", "RequestPath": "/api/people", "Application": "Crud.Api"}
Activity.TraceId:            f534354aba49bce990025c92d961b579
Activity.SpanId:             85800474de159754
Activity.TraceFlags:         Recorded
Activity.ActivitySourceName: Microsoft.AspNetCore
Activity.DisplayName:        GET api/People
Activity.Kind:               Server
Activity.StartTime:          2025-09-11T06:44:43.8638932Z
Activity.Duration:           00:00:00.0008202
Activity.Tags:
    server.address: localhost
    http.request.method: GET
    url.scheme: http
    url.path: /api/people
    network.protocol.version: 1.1
    http.route: api/People
    http.response.status_code: 200
Resource associated with Activity:
    deployment.environment: Testing
    service.name: Crud.Api
    service.version: 1.0.0
    service.instance.id: bb25e7a8-9ced-49c8-9e52-fd74b67e7fff
    telemetry.sdk.name: opentelemetry
    telemetry.sdk.language: dotnet
    telemetry.sdk.version: 1.8.1
[06:44:43 DBG] Cache hit for key: list:person {"SourceContext": "Infrastructure.Services.Caching.InMemoryCacheService", "ActionId": "5f421191-0ae4-4580-b3b5-03de2b136cff", "ActionName": "Api.Controllers.PeopleController.List (Api)", "RequestId": "0HNFGVQB4PDMQ", "RequestPath": "/api/people", "Application": "Crud.Api"}
Activity.TraceId:            e3d4b4a60b7d14946bf5222f65f12439
Activity.SpanId:             22e5f7f70d7b653d
Activity.TraceFlags:         Recorded
Activity.ActivitySourceName: Microsoft.AspNetCore
Activity.DisplayName:        GET api/People
Activity.Kind:               Server
Activity.StartTime:          2025-09-11T06:44:43.8647795Z
Activity.Duration:           00:00:00.0007146
Activity.Tags:
    server.address: localhost
    http.request.method: GET
    url.scheme: http
    url.path: /api/people
    network.protocol.version: 1.1
    http.route: api/People
    http.response.status_code: 200
Resource associated with Activity:
    deployment.environment: Testing
    service.name: Crud.Api
    service.version: 1.0.0
    service.instance.id: bb25e7a8-9ced-49c8-9e52-fd74b67e7fff
    telemetry.sdk.name: opentelemetry
    telemetry.sdk.language: dotnet
    telemetry.sdk.version: 1.8.1
[06:44:43 INF] Resetting database for worker 10723 {"SourceContext": "Infrastructure.Services.DatabaseTestService", "Application": "Crud.Api"}
[06:44:43 INF] Resetting database via file deletion for worker 10723 in CI environment {"SourceContext": "Infrastructure.Services.DatabaseTestService", "Application": "Crud.Api"}
[06:44:43 INF] Acquiring database mutex for worker 10723... {"SourceContext": "Infrastructure.Services.DatabaseTestService", "Application": "Crud.Api"}
[06:44:43 INF] Database mutex acquired for worker 10723 {"SourceContext": "Infrastructure.Services.DatabaseTestService", "Application": "Crud.Api"}
[06:44:43 INF] Current database state - CanConnect: True {"SourceContext": "Infrastructure.Services.DatabaseTestService", "Application": "Crud.Api"}
[06:44:43 INF] [Phase 0] Closing database connection for worker 10723... {"SourceContext": "Infrastructure.Services.DatabaseTestService", "Application": "Crud.Api"}
[06:44:43 INF] [Phase 0] Connection closed in 0.0005ms {"SourceContext": "Infrastructure.Services.DatabaseTestService", "Application": "Crud.Api"}
[06:44:43 INF] [Phase 1] Starting EnsureDeletedAsync for worker 10723... {"SourceContext": "Infrastructure.Services.DatabaseTestService", "Application": "Crud.Api"}
[06:44:43 INF] [Phase 1] EnsureDeletedAsync completed in 1.2247ms {"SourceContext": "Infrastructure.Services.DatabaseTestService", "Application": "Crud.Api"}
[06:44:43 INF] [Phase 2] Starting EnsureCreatedAsync for worker 10723... {"SourceContext": "Infrastructure.Services.DatabaseTestService", "Application": "Crud.Api"}
[06:44:43 INF] [Phase 2] EnsureCreatedAsync completed in 10.4378ms {"SourceContext": "Infrastructure.Services.DatabaseTestService", "Application": "Crud.Api"}
[06:44:43 INF] [Phase 3] Skipping database seeding as requested for worker 10723 {"SourceContext": "Infrastructure.Services.DatabaseTestService", "Application": "Crud.Api"}
[06:44:43 INF] Database reset via file deletion completed for worker 10723 in 112.4914ms (Close: 0.0005ms, Delete: 1.2247ms, Create: 10.4378ms) {"SourceContext": "Infrastructure.Services.DatabaseTestService", "Application": "Crud.Api"}
[06:44:43 INF] Releasing database mutex for worker 10723 {"SourceContext": "Infrastructure.Services.DatabaseTestService", "Application": "Crud.Api"}
[06:44:43 INF] Resetting database for worker 10723 {"SourceContext": "Infrastructure.Services.DatabaseTestService", "Application": "Crud.Api"}
[06:44:43 INF] Resetting database via file deletion for worker 10723 in CI environment {"SourceContext": "Infrastructure.Services.DatabaseTestService", "Application": "Crud.Api"}
[06:44:43 INF] Acquiring database mutex for worker 10723... {"SourceContext": "Infrastructure.Services.DatabaseTestService", "Application": "Crud.Api"}
[06:44:43 INF] Database mutex acquired for worker 10723 {"SourceContext": "Infrastructure.Services.DatabaseTestService", "Application": "Crud.Api"}
[06:44:43 INF] Current database state - CanConnect: True {"SourceContext": "Infrastructure.Services.DatabaseTestService", "Application": "Crud.Api"}
[06:44:43 INF] [Phase 0] Closing database connection for worker 10723... {"SourceContext": "Infrastructure.Services.DatabaseTestService", "Application": "Crud.Api"}
[06:44:43 INF] [Phase 0] Connection closed in 0.0007ms {"SourceContext": "Infrastructure.Services.DatabaseTestService", "Application": "Crud.Api"}
[06:44:43 INF] [Phase 1] Starting EnsureDeletedAsync for worker 10723... {"SourceContext": "Infrastructure.Services.DatabaseTestService", "Application": "Crud.Api"}
[06:44:43 INF] [Phase 1] EnsureDeletedAsync completed in 1.1534ms {"SourceContext": "Infrastructure.Services.DatabaseTestService", "Application": "Crud.Api"}
[06:44:44 INF] [Phase 2] Starting EnsureCreatedAsync for worker 10723... {"SourceContext": "Infrastructure.Services.DatabaseTestService", "Application": "Crud.Api"}
[06:44:44 INF] [Phase 2] EnsureCreatedAsync completed in 8.2136ms {"SourceContext": "Infrastructure.Services.DatabaseTestService", "Application": "Crud.Api"}
[06:44:44 INF] [Phase 3] Skipping database seeding as requested for worker 10723 {"SourceContext": "Infrastructure.Services.DatabaseTestService", "Application": "Crud.Api"}
[06:44:44 INF] Database reset via file deletion completed for worker 10723 in 108.4157ms (Close: 0.0007ms, Delete: 1.1534ms, Create: 8.2136ms) {"SourceContext": "Infrastructure.Services.DatabaseTestService", "Application": "Crud.Api"}
[06:44:44 INF] Releasing database mutex for worker 10723 {"SourceContext": "Infrastructure.Services.DatabaseTestService", "Application": "Crud.Api"}
[06:44:44 INF] User registered successfully: bcbd90ec-6c07-426f-a836-29abb8fab0d8 {"SourceContext": "App.Features.Authentication.RegisterUserCommandHandler", "ActionId": "80fb355e-71ed-4448-a8b5-ed87e88a7300", "ActionName": "Api.Controllers.AuthController.Register (Api)", "RequestId": "0HNFGVQB4PDMR", "RequestPath": "/api/auth/register", "Application": "Crud.Api"}
Activity.TraceId:            4f6aede7bed47d3fc6fc6409f21b77cb
Activity.SpanId:             c020879199fbee03
Activity.TraceFlags:         Recorded
Activity.ActivitySourceName: Microsoft.AspNetCore
Activity.DisplayName:        POST api/Auth/register
Activity.Kind:               Server
Activity.StartTime:          2025-09-11T06:44:44.0906421Z
Activity.Duration:           00:00:00.2987561
Activity.Tags:
    server.address: localhost
    http.request.method: POST
    url.scheme: http
    url.path: /api/auth/register
    network.protocol.version: 1.1
    http.route: api/Auth/register
    http.response.status_code: 200
Resource associated with Activity:
    deployment.environment: Testing
    service.name: Crud.Api
    service.version: 1.0.0
    service.instance.id: bb25e7a8-9ced-49c8-9e52-fd74b67e7fff
    telemetry.sdk.name: opentelemetry
    telemetry.sdk.language: dotnet
    telemetry.sdk.version: 1.8.1
[06:44:44 DBG] Cache hit for key: list:wall {"SourceContext": "Infrastructure.Services.Caching.InMemoryCacheService", "ActionId": "bdb648c7-c24c-42bc-8fb5-144bc729fe5f", "ActionName": "Api.Controllers.WallsController.List (Api)", "RequestId": "0HNFGVQB4PDMS", "RequestPath": "/api/walls", "Application": "Crud.Api"}
Activity.TraceId:            8614c0117eb2dd036b983a10eed70e4c
Activity.SpanId:             0365334ed6d4ef1f
Activity.TraceFlags:         Recorded
Activity.ActivitySourceName: Microsoft.AspNetCore
Activity.DisplayName:        GET api/Walls
Activity.Kind:               Server
Activity.StartTime:          2025-09-11T06:44:44.3900184Z
Activity.Duration:           00:00:00.0021398
Activity.Tags:
    server.address: localhost
    http.request.method: GET
    url.scheme: http
    url.path: /api/walls
    network.protocol.version: 1.1
    http.route: api/Walls
    http.response.status_code: 200
Resource associated with Activity:
    deployment.environment: Testing
    service.name: Crud.Api
    service.version: 1.0.0
    service.instance.id: bb25e7a8-9ced-49c8-9e52-fd74b67e7fff
    telemetry.sdk.name: opentelemetry
    telemetry.sdk.language: dotnet
    telemetry.sdk.version: 1.8.1
[06:44:44 INF] Resetting database for worker 10723 {"SourceContext": "Infrastructure.Services.DatabaseTestService", "Application": "Crud.Api"}
[06:44:44 INF] Resetting database via file deletion for worker 10723 in CI environment {"SourceContext": "Infrastructure.Services.DatabaseTestService", "Application": "Crud.Api"}
[06:44:44 INF] Acquiring database mutex for worker 10723... {"SourceContext": "Infrastructure.Services.DatabaseTestService", "Application": "Crud.Api"}
[06:44:44 INF] Database mutex acquired for worker 10723 {"SourceContext": "Infrastructure.Services.DatabaseTestService", "Application": "Crud.Api"}
[06:44:44 INF] Current database state - CanConnect: True {"SourceContext": "Infrastructure.Services.DatabaseTestService", "Application": "Crud.Api"}
[06:44:44 INF] [Phase 0] Closing database connection for worker 10723... {"SourceContext": "Infrastructure.Services.DatabaseTestService", "Application": "Crud.Api"}
[06:44:44 INF] [Phase 0] Connection closed in 0.0005ms {"SourceContext": "Infrastructure.Services.DatabaseTestService", "Application": "Crud.Api"}
[06:44:44 INF] [Phase 1] Starting EnsureDeletedAsync for worker 10723... {"SourceContext": "Infrastructure.Services.DatabaseTestService", "Application": "Crud.Api"}
[06:44:44 INF] [Phase 1] EnsureDeletedAsync completed in 1.2943ms {"SourceContext": "Infrastructure.Services.DatabaseTestService", "Application": "Crud.Api"}
[06:44:44 INF] [Phase 2] Starting EnsureCreatedAsync for worker 10723... {"SourceContext": "Infrastructure.Services.DatabaseTestService", "Application": "Crud.Api"}
[06:44:44 INF] [Phase 2] EnsureCreatedAsync completed in 7.7179ms {"SourceContext": "Infrastructure.Services.DatabaseTestService", "Application": "Crud.Api"}
[06:44:44 INF] [Phase 3] Skipping database seeding as requested for worker 10723 {"SourceContext": "Infrastructure.Services.DatabaseTestService", "Application": "Crud.Api"}
[06:44:44 INF] Database reset via file deletion completed for worker 10723 in 108.7612ms (Close: 0.0005ms, Delete: 1.2943ms, Create: 7.7179ms) {"SourceContext": "Infrastructure.Services.DatabaseTestService", "Application": "Crud.Api"}
[06:44:44 INF] Releasing database mutex for worker 10723 {"SourceContext": "Infrastructure.Services.DatabaseTestService", "Application": "Crud.Api"}
[06:44:44 INF] Resetting database for worker 10723 {"SourceContext": "Infrastructure.Services.DatabaseTestService", "Application": "Crud.Api"}
[06:44:44 INF] Resetting database via file deletion for worker 10723 in CI environment {"SourceContext": "Infrastructure.Services.DatabaseTestService", "Application": "Crud.Api"}
[06:44:44 INF] Acquiring database mutex for worker 10723... {"SourceContext": "Infrastructure.Services.DatabaseTestService", "Application": "Crud.Api"}
[06:44:44 INF] Database mutex acquired for worker 10723 {"SourceContext": "Infrastructure.Services.DatabaseTestService", "Application": "Crud.Api"}
[06:44:44 INF] Current database state - CanConnect: True {"SourceContext": "Infrastructure.Services.DatabaseTestService", "Application": "Crud.Api"}
[06:44:44 INF] [Phase 0] Closing database connection for worker 10723... {"SourceContext": "Infrastructure.Services.DatabaseTestService", "Application": "Crud.Api"}
[06:44:44 INF] [Phase 0] Connection closed in 0.0006ms {"SourceContext": "Infrastructure.Services.DatabaseTestService", "Application": "Crud.Api"}
[06:44:44 INF] [Phase 1] Starting EnsureDeletedAsync for worker 10723... {"SourceContext": "Infrastructure.Services.DatabaseTestService", "Application": "Crud.Api"}
[06:44:44 INF] [Phase 1] EnsureDeletedAsync completed in 1.0929ms {"SourceContext": "Infrastructure.Services.DatabaseTestService", "Application": "Crud.Api"}
[06:44:44 INF] [Phase 2] Starting EnsureCreatedAsync for worker 10723... {"SourceContext": "Infrastructure.Services.DatabaseTestService", "Application": "Crud.Api"}
[06:44:44 INF] [Phase 2] EnsureCreatedAsync completed in 7.4595ms {"SourceContext": "Infrastructure.Services.DatabaseTestService", "Application": "Crud.Api"}
[06:44:44 INF] [Phase 3] Skipping database seeding as requested for worker 10723 {"SourceContext": "Infrastructure.Services.DatabaseTestService", "Application": "Crud.Api"}
[06:44:44 INF] Database reset via file deletion completed for worker 10723 in 108.5964ms (Close: 0.0006ms, Delete: 1.0929ms, Create: 7.4595ms) {"SourceContext": "Infrastructure.Services.DatabaseTestService", "Application": "Crud.Api"}
[06:44:44 INF] Releasing database mutex for worker 10723 {"SourceContext": "Infrastructure.Services.DatabaseTestService", "Application": "Crud.Api"}
[06:44:44 INF] User registered successfully: 8cde98cd-e54e-4486-a78e-2f0104bb28cd {"SourceContext": "App.Features.Authentication.RegisterUserCommandHandler", "ActionId": "80fb355e-71ed-4448-a8b5-ed87e88a7300", "ActionName": "Api.Controllers.AuthController.Register (Api)", "RequestId": "0HNFGVQB4PDMT", "RequestPath": "/api/auth/register", "Application": "Crud.Api"}
Activity.TraceId:            beb95ed6de8fe8449bebb500f88c662d
Activity.SpanId:             bd3f90b754d84941
Activity.TraceFlags:         Recorded
Activity.ActivitySourceName: Microsoft.AspNetCore
Activity.DisplayName:        POST api/Auth/register
Activity.Kind:               Server
Activity.StartTime:          2025-09-11T06:44:44.6135584Z
Activity.Duration:           00:00:00.2983644
Activity.Tags:
    server.address: localhost
    http.request.method: POST
    url.scheme: http
    url.path: /api/auth/register
    network.protocol.version: 1.1
    http.route: api/Auth/register
    http.response.status_code: 200
Resource associated with Activity:
    deployment.environment: Testing
    service.name: Crud.Api
    service.version: 1.0.0
    service.instance.id: bb25e7a8-9ced-49c8-9e52-fd74b67e7fff
    telemetry.sdk.name: opentelemetry
    telemetry.sdk.language: dotnet
    telemetry.sdk.version: 1.8.1
[06:44:44 DBG] Cache hit for key: list:role {"SourceContext": "Infrastructure.Services.Caching.InMemoryCacheService", "ActionId": "69172701-f355-4022-b39a-102d750177c9", "ActionName": "Api.Controllers.RolesController.List (Api)", "RequestId": "0HNFGVQB4PDMU", "RequestPath": "/api/roles", "Application": "Crud.Api"}
Activity.TraceId:            6451396e9d594d0021e57c9b46e13487
Activity.SpanId:             60596b0a8e7fcd3b
Activity.TraceFlags:         Recorded
Activity.ActivitySourceName: Microsoft.AspNetCore
Activity.DisplayName:        GET api/Roles
Activity.Kind:               Server
Activity.StartTime:          2025-09-11T06:44:44.9120795Z
Activity.Duration:           00:00:00.0005992
Activity.Tags:
    server.address: localhost
    http.request.method: GET
    url.scheme: http
    url.path: /api/roles
    network.protocol.version: 1.1
    http.route: api/Roles
    http.response.status_code: 200
Resource associated with Activity:
    deployment.environment: Testing
    service.name: Crud.Api
    service.version: 1.0.0
    service.instance.id: bb25e7a8-9ced-49c8-9e52-fd74b67e7fff
    telemetry.sdk.name: opentelemetry
    telemetry.sdk.language: dotnet
    telemetry.sdk.version: 1.8.1
[06:44:44 INF] Resetting database for worker 10723 {"SourceContext": "Infrastructure.Services.DatabaseTestService", "Application": "Crud.Api"}
[06:44:44 INF] Resetting database via file deletion for worker 10723 in CI environment {"SourceContext": "Infrastructure.Services.DatabaseTestService", "Application": "Crud.Api"}
[06:44:44 INF] Acquiring database mutex for worker 10723... {"SourceContext": "Infrastructure.Services.DatabaseTestService", "Application": "Crud.Api"}
[06:44:44 INF] Database mutex acquired for worker 10723 {"SourceContext": "Infrastructure.Services.DatabaseTestService", "Application": "Crud.Api"}
[06:44:44 INF] Current database state - CanConnect: True {"SourceContext": "Infrastructure.Services.DatabaseTestService", "Application": "Crud.Api"}
[06:44:44 INF] [Phase 0] Closing database connection for worker 10723... {"SourceContext": "Infrastructure.Services.DatabaseTestService", "Application": "Crud.Api"}
[06:44:44 INF] [Phase 0] Connection closed in 0.0007ms {"SourceContext": "Infrastructure.Services.DatabaseTestService", "Application": "Crud.Api"}
[06:44:44 INF] [Phase 1] Starting EnsureDeletedAsync for worker 10723... {"SourceContext": "Infrastructure.Services.DatabaseTestService", "Application": "Crud.Api"}
[06:44:44 INF] [Phase 1] EnsureDeletedAsync completed in 1.2171ms {"SourceContext": "Infrastructure.Services.DatabaseTestService", "Application": "Crud.Api"}
[06:44:45 INF] [Phase 2] Starting EnsureCreatedAsync for worker 10723... {"SourceContext": "Infrastructure.Services.DatabaseTestService", "Application": "Crud.Api"}
[06:44:45 INF] [Phase 2] EnsureCreatedAsync completed in 8.1887ms {"SourceContext": "Infrastructure.Services.DatabaseTestService", "Application": "Crud.Api"}
[06:44:45 INF] [Phase 3] Skipping database seeding as requested for worker 10723 {"SourceContext": "Infrastructure.Services.DatabaseTestService", "Application": "Crud.Api"}
[06:44:45 INF] Database reset via file deletion completed for worker 10723 in 109.2144ms (Close: 0.0007ms, Delete: 1.2171ms, Create: 8.1887ms) {"SourceContext": "Infrastructure.Services.DatabaseTestService", "Application": "Crud.Api"}
[06:44:45 INF] Releasing database mutex for worker 10723 {"SourceContext": "Infrastructure.Services.DatabaseTestService", "Application": "Crud.Api"}
[06:44:45 INF] Resetting database for worker 10723 {"SourceContext": "Infrastructure.Services.DatabaseTestService", "Application": "Crud.Api"}
[06:44:45 INF] Resetting database via file deletion for worker 10723 in CI environment {"SourceContext": "Infrastructure.Services.DatabaseTestService", "Application": "Crud.Api"}
[06:44:45 INF] Acquiring database mutex for worker 10723... {"SourceContext": "Infrastructure.Services.DatabaseTestService", "Application": "Crud.Api"}
[06:44:45 INF] Database mutex acquired for worker 10723 {"SourceContext": "Infrastructure.Services.DatabaseTestService", "Application": "Crud.Api"}
[06:44:45 INF] Current database state - CanConnect: True {"SourceContext": "Infrastructure.Services.DatabaseTestService", "Application": "Crud.Api"}
[06:44:45 INF] [Phase 0] Closing database connection for worker 10723... {"SourceContext": "Infrastructure.Services.DatabaseTestService", "Application": "Crud.Api"}
[06:44:45 INF] [Phase 0] Connection closed in 0.0008ms {"SourceContext": "Infrastructure.Services.DatabaseTestService", "Application": "Crud.Api"}
[06:44:45 INF] [Phase 1] Starting EnsureDeletedAsync for worker 10723... {"SourceContext": "Infrastructure.Services.DatabaseTestService", "Application": "Crud.Api"}
[06:44:45 INF] [Phase 1] EnsureDeletedAsync completed in 1.1674ms {"SourceContext": "Infrastructure.Services.DatabaseTestService", "Application": "Crud.Api"}
[06:44:45 INF] [Phase 2] Starting EnsureCreatedAsync for worker 10723... {"SourceContext": "Infrastructure.Services.DatabaseTestService", "Application": "Crud.Api"}
[06:44:45 INF] [Phase 2] EnsureCreatedAsync completed in 10.4787ms {"SourceContext": "Infrastructure.Services.DatabaseTestService", "Application": "Crud.Api"}
[06:44:45 INF] [Phase 3] Skipping database seeding as requested for worker 10723 {"SourceContext": "Infrastructure.Services.DatabaseTestService", "Application": "Crud.Api"}
[06:44:45 INF] Database reset via file deletion completed for worker 10723 in 111.3905ms (Close: 0.0008ms, Delete: 1.1674ms, Create: 10.4787ms) {"SourceContext": "Infrastructure.Services.DatabaseTestService", "Application": "Crud.Api"}
[06:44:45 INF] Releasing database mutex for worker 10723 {"SourceContext": "Infrastructure.Services.DatabaseTestService", "Application": "Crud.Api"}
[06:44:45 INF] User registered successfully: 3f1ac2f3-cf7b-4118-b8a7-e835c59cfe78 {"SourceContext": "App.Features.Authentication.RegisterUserCommandHandler", "ActionId": "80fb355e-71ed-4448-a8b5-ed87e88a7300", "ActionName": "Api.Controllers.AuthController.Register (Api)", "RequestId": "0HNFGVQB4PDMV", "RequestPath": "/api/auth/register", "Application": "Crud.Api"}
Activity.TraceId:            466db9cae62a1dbf781cdb085d2325e1
Activity.SpanId:             e8cd33071348c43f
Activity.TraceFlags:         Recorded
Activity.ActivitySourceName: Microsoft.AspNetCore
Activity.DisplayName:        POST api/Auth/register
Activity.Kind:               Server
Activity.StartTime:          2025-09-11T06:44:45.1361257Z
Activity.Duration:           00:00:00.2996029
Activity.Tags:
    server.address: localhost
    http.request.method: POST
    url.scheme: http
    url.path: /api/auth/register
    network.protocol.version: 1.1
    http.route: api/Auth/register
    http.response.status_code: 200
Resource associated with Activity:
    deployment.environment: Testing
    service.name: Crud.Api
    service.version: 1.0.0
    service.instance.id: bb25e7a8-9ced-49c8-9e52-fd74b67e7fff
    telemetry.sdk.name: opentelemetry
    telemetry.sdk.language: dotnet
    telemetry.sdk.version: 1.8.1
[06:44:45 DBG] Cache miss for key: list:window {"SourceContext": "Infrastructure.Services.Caching.InMemoryCacheService", "ActionId": "a914ae70-902d-41a7-a034-66d024f69520", "ActionName": "Api.Controllers.WindowsController.List (Api)", "RequestId": "0HNFGVQB4PDN0", "RequestPath": "/api/windows", "Application": "Crud.Api"}
[06:44:45 DBG] Set cache value for key: list:window {"SourceContext": "Infrastructure.Services.Caching.InMemoryCacheService", "ActionId": "a914ae70-902d-41a7-a034-66d024f69520", "ActionName": "Api.Controllers.WindowsController.List (Api)", "RequestId": "0HNFGVQB4PDN0", "RequestPath": "/api/windows", "Application": "Crud.Api"}
Activity.TraceId:            38491b2faf4b490d4820f2fdaff5b2d2
Activity.SpanId:             e7446effba181b76
Activity.TraceFlags:         Recorded
Activity.ActivitySourceName: Microsoft.AspNetCore
Activity.DisplayName:        GET api/Windows
Activity.Kind:               Server
Activity.StartTime:          2025-09-11T06:44:45.4358652Z
Activity.Duration:           00:00:00.0092985
Activity.Tags:
    server.address: localhost
    http.request.method: GET
    url.scheme: http
    url.path: /api/windows
    network.protocol.version: 1.1
    http.route: api/Windows
    http.response.status_code: 200
Resource associated with Activity:
    deployment.environment: Testing
    service.name: Crud.Api
    service.version: 1.0.0
    service.instance.id: bb25e7a8-9ced-49c8-9e52-fd74b67e7fff
    telemetry.sdk.name: opentelemetry
    telemetry.sdk.language: dotnet
    telemetry.sdk.version: 1.8.1
[06:44:45 INF] Resetting database for worker 10723 {"SourceContext": "Infrastructure.Services.DatabaseTestService", "Application": "Crud.Api"}
[06:44:45 INF] Resetting database via file deletion for worker 10723 in CI environment {"SourceContext": "Infrastructure.Services.DatabaseTestService", "Application": "Crud.Api"}
[06:44:45 INF] Acquiring database mutex for worker 10723... {"SourceContext": "Infrastructure.Services.DatabaseTestService", "Application": "Crud.Api"}
[06:44:45 INF] Database mutex acquired for worker 10723 {"SourceContext": "Infrastructure.Services.DatabaseTestService", "Application": "Crud.Api"}
[06:44:45 INF] Current database state - CanConnect: True {"SourceContext": "Infrastructure.Services.DatabaseTestService", "Application": "Crud.Api"}
[06:44:45 INF] [Phase 0] Closing database connection for worker 10723... {"SourceContext": "Infrastructure.Services.DatabaseTestService", "Application": "Crud.Api"}
[06:44:45 INF] [Phase 0] Connection closed in 0.0013ms {"SourceContext": "Infrastructure.Services.DatabaseTestService", "Application": "Crud.Api"}
[06:44:45 INF] [Phase 1] Starting EnsureDeletedAsync for worker 10723... {"SourceContext": "Infrastructure.Services.DatabaseTestService", "Application": "Crud.Api"}
[06:44:45 INF] [Phase 1] EnsureDeletedAsync completed in 1.5515ms {"SourceContext": "Infrastructure.Services.DatabaseTestService", "Application": "Crud.Api"}
[06:44:45 INF] [Phase 2] Starting EnsureCreatedAsync for worker 10723... {"SourceContext": "Infrastructure.Services.DatabaseTestService", "Application": "Crud.Api"}
[06:44:45 INF] [Phase 2] EnsureCreatedAsync completed in 7.7559ms {"SourceContext": "Infrastructure.Services.DatabaseTestService", "Application": "Crud.Api"}
[06:44:45 INF] [Phase 3] Skipping database seeding as requested for worker 10723 {"SourceContext": "Infrastructure.Services.DatabaseTestService", "Application": "Crud.Api"}
[06:44:45 INF] Database reset via file deletion completed for worker 10723 in 109.0287ms (Close: 0.0013ms, Delete: 1.5515ms, Create: 7.7559ms) {"SourceContext": "Infrastructure.Services.DatabaseTestService", "Application": "Crud.Api"}
[06:44:45 INF] Releasing database mutex for worker 10723 {"SourceContext": "Infrastructure.Services.DatabaseTestService", "Application": "Crud.Api"}
[06:44:45 INF] Resetting database for worker 10723 {"SourceContext": "Infrastructure.Services.DatabaseTestService", "Application": "Crud.Api"}
[06:44:45 INF] Resetting database via file deletion for worker 10723 in CI environment {"SourceContext": "Infrastructure.Services.DatabaseTestService", "Application": "Crud.Api"}
[06:44:45 INF] Acquiring database mutex for worker 10723... {"SourceContext": "Infrastructure.Services.DatabaseTestService", "Application": "Crud.Api"}
[06:44:45 INF] Database mutex acquired for worker 10723 {"SourceContext": "Infrastructure.Services.DatabaseTestService", "Application": "Crud.Api"}
[06:44:45 INF] Current database state - CanConnect: True {"SourceContext": "Infrastructure.Services.DatabaseTestService", "Application": "Crud.Api"}
[06:44:45 INF] [Phase 0] Closing database connection for worker 10723... {"SourceContext": "Infrastructure.Services.DatabaseTestService", "Application": "Crud.Api"}
[06:44:45 INF] [Phase 0] Connection closed in 0.0005ms {"SourceContext": "Infrastructure.Services.DatabaseTestService", "Application": "Crud.Api"}
[06:44:45 INF] [Phase 1] Starting EnsureDeletedAsync for worker 10723... {"SourceContext": "Infrastructure.Services.DatabaseTestService", "Application": "Crud.Api"}
[06:44:45 INF] [Phase 1] EnsureDeletedAsync completed in 1.1094ms {"SourceContext": "Infrastructure.Services.DatabaseTestService", "Application": "Crud.Api"}
[06:44:45 INF] [Phase 2] Starting EnsureCreatedAsync for worker 10723... {"SourceContext": "Infrastructure.Services.DatabaseTestService", "Application": "Crud.Api"}
[06:44:45 INF] [Phase 2] EnsureCreatedAsync completed in 8.0076ms {"SourceContext": "Infrastructure.Services.DatabaseTestService", "Application": "Crud.Api"}
[06:44:45 INF] [Phase 3] Skipping database seeding as requested for worker 10723 {"SourceContext": "Infrastructure.Services.DatabaseTestService", "Application": "Crud.Api"}
[06:44:45 INF] Database reset via file deletion completed for worker 10723 in 108.5837ms (Close: 0.0005ms, Delete: 1.1094ms, Create: 8.0076ms) {"SourceContext": "Infrastructure.Services.DatabaseTestService", "Application": "Crud.Api"}
[06:44:45 INF] Releasing database mutex for worker 10723 {"SourceContext": "Infrastructure.Services.DatabaseTestService", "Application": "Crud.Api"}
[06:44:45 INF] User registered successfully: 6ad22a29-409e-429b-8178-ee0a59d652aa {"SourceContext": "App.Features.Authentication.RegisterUserCommandHandler", "ActionId": "80fb355e-71ed-4448-a8b5-ed87e88a7300", "ActionName": "Api.Controllers.AuthController.Register (Api)", "RequestId": "0HNFGVQB4PDN1", "RequestPath": "/api/auth/register", "Application": "Crud.Api"}
Activity.TraceId:            2037cc6af238770f45f089be9b21e4c6
Activity.SpanId:             98b20dedae4d8395
Activity.TraceFlags:         Recorded
Activity.ActivitySourceName: Microsoft.AspNetCore
Activity.DisplayName:        POST api/Auth/register
Activity.Kind:               Server
Activity.StartTime:          2025-09-11T06:44:45.6737944Z
Activity.Duration:           00:00:00.2983942
Activity.Tags:
    server.address: localhost
    http.request.method: POST
    url.scheme: http
    url.path: /api/auth/register
    network.protocol.version: 1.1
    http.route: api/Auth/register
    http.response.status_code: 200
Resource associated with Activity:
    deployment.environment: Testing
    service.name: Crud.Api
    service.version: 1.0.0
    service.instance.id: bb25e7a8-9ced-49c8-9e52-fd74b67e7fff
    telemetry.sdk.name: opentelemetry
    telemetry.sdk.language: dotnet
    telemetry.sdk.version: 1.8.1
[06:44:45 DBG] Cache hit for key: list:person {"SourceContext": "Infrastructure.Services.Caching.InMemoryCacheService", "ActionId": "5f421191-0ae4-4580-b3b5-03de2b136cff", "ActionName": "Api.Controllers.PeopleController.List (Api)", "RequestId": "0HNFGVQB4PDN2", "RequestPath": "/api/people", "Application": "Crud.Api"}
Activity.TraceId:            816a18dbecf2e6131b9d4d7c6d32c14b
Activity.SpanId:             c89982b09d8e72ff
Activity.TraceFlags:         Recorded
Activity.ActivitySourceName: Microsoft.AspNetCore
Activity.DisplayName:        GET api/People
Activity.Kind:               Server
Activity.StartTime:          2025-09-11T06:44:45.9723657Z
Activity.Duration:           00:00:00.0005790
Activity.Tags:
    server.address: localhost
    http.request.method: GET
    url.scheme: http
    url.path: /api/people
    network.protocol.version: 1.1
    http.route: api/People
    http.response.status_code: 200
Resource associated with Activity:
    deployment.environment: Testing
    service.name: Crud.Api
    service.version: 1.0.0
    service.instance.id: bb25e7a8-9ced-49c8-9e52-fd74b67e7fff
    telemetry.sdk.name: opentelemetry
    telemetry.sdk.language: dotnet
    telemetry.sdk.version: 1.8.1
[06:44:45 INF] Resetting database for worker 10723 {"SourceContext": "Infrastructure.Services.DatabaseTestService", "Application": "Crud.Api"}
[06:44:45 INF] Resetting database via file deletion for worker 10723 in CI environment {"SourceContext": "Infrastructure.Services.DatabaseTestService", "Application": "Crud.Api"}
[06:44:45 INF] Acquiring database mutex for worker 10723... {"SourceContext": "Infrastructure.Services.DatabaseTestService", "Application": "Crud.Api"}
[06:44:45 INF] Database mutex acquired for worker 10723 {"SourceContext": "Infrastructure.Services.DatabaseTestService", "Application": "Crud.Api"}
[06:44:45 INF] Current database state - CanConnect: True {"SourceContext": "Infrastructure.Services.DatabaseTestService", "Application": "Crud.Api"}
[06:44:45 INF] [Phase 0] Closing database connection for worker 10723... {"SourceContext": "Infrastructure.Services.DatabaseTestService", "Application": "Crud.Api"}
[06:44:45 INF] [Phase 0] Connection closed in 0.0005ms {"SourceContext": "Infrastructure.Services.DatabaseTestService", "Application": "Crud.Api"}
[06:44:45 INF] [Phase 1] Starting EnsureDeletedAsync for worker 10723... {"SourceContext": "Infrastructure.Services.DatabaseTestService", "Application": "Crud.Api"}
[06:44:45 INF] [Phase 1] EnsureDeletedAsync completed in 1.2594ms {"SourceContext": "Infrastructure.Services.DatabaseTestService", "Application": "Crud.Api"}
[06:44:46 INF] [Phase 2] Starting EnsureCreatedAsync for worker 10723... {"SourceContext": "Infrastructure.Services.DatabaseTestService", "Application": "Crud.Api"}
[06:44:46 INF] [Phase 2] EnsureCreatedAsync completed in 7.6097ms {"SourceContext": "Infrastructure.Services.DatabaseTestService", "Application": "Crud.Api"}
[06:44:46 INF] [Phase 3] Skipping database seeding as requested for worker 10723 {"SourceContext": "Infrastructure.Services.DatabaseTestService", "Application": "Crud.Api"}
[06:44:46 INF] Database reset via file deletion completed for worker 10723 in 108.2002ms (Close: 0.0005ms, Delete: 1.2594ms, Create: 7.6097ms) {"SourceContext": "Infrastructure.Services.DatabaseTestService", "Application": "Crud.Api"}
[06:44:46 INF] Releasing database mutex for worker 10723 {"SourceContext": "Infrastructure.Services.DatabaseTestService", "Application": "Crud.Api"}
[06:44:46 INF] Resetting database for worker 10723 {"SourceContext": "Infrastructure.Services.DatabaseTestService", "Application": "Crud.Api"}
[06:44:46 INF] Resetting database via file deletion for worker 10723 in CI environment {"SourceContext": "Infrastructure.Services.DatabaseTestService", "Application": "Crud.Api"}
[06:44:46 INF] Acquiring database mutex for worker 10723... {"SourceContext": "Infrastructure.Services.DatabaseTestService", "Application": "Crud.Api"}
[06:44:46 INF] Database mutex acquired for worker 10723 {"SourceContext": "Infrastructure.Services.DatabaseTestService", "Application": "Crud.Api"}
[06:44:46 INF] Current database state - CanConnect: True {"SourceContext": "Infrastructure.Services.DatabaseTestService", "Application": "Crud.Api"}
[06:44:46 INF] [Phase 0] Closing database connection for worker 10723... {"SourceContext": "Infrastructure.Services.DatabaseTestService", "Application": "Crud.Api"}
[06:44:46 INF] [Phase 0] Connection closed in 0.0006ms {"SourceContext": "Infrastructure.Services.DatabaseTestService", "Application": "Crud.Api"}
[06:44:46 INF] [Phase 1] Starting EnsureDeletedAsync for worker 10723... {"SourceContext": "Infrastructure.Services.DatabaseTestService", "Application": "Crud.Api"}
[06:44:46 INF] [Phase 1] EnsureDeletedAsync completed in 1.1074ms {"SourceContext": "Infrastructure.Services.DatabaseTestService", "Application": "Crud.Api"}
[06:44:46 INF] [Phase 2] Starting EnsureCreatedAsync for worker 10723... {"SourceContext": "Infrastructure.Services.DatabaseTestService", "Application": "Crud.Api"}
[06:44:46 INF] [Phase 2] EnsureCreatedAsync completed in 8.2596ms {"SourceContext": "Infrastructure.Services.DatabaseTestService", "Application": "Crud.Api"}
[06:44:46 INF] [Phase 3] Skipping database seeding as requested for worker 10723 {"SourceContext": "Infrastructure.Services.DatabaseTestService", "Application": "Crud.Api"}
[06:44:46 INF] Database reset via file deletion completed for worker 10723 in 108.6271ms (Close: 0.0006ms, Delete: 1.1074ms, Create: 8.2596ms) {"SourceContext": "Infrastructure.Services.DatabaseTestService", "Application": "Crud.Api"}
[06:44:46 INF] Releasing database mutex for worker 10723 {"SourceContext": "Infrastructure.Services.DatabaseTestService", "Application": "Crud.Api"}
[06:44:46 INF] User registered successfully: c16eff9e-3d41-4ef2-9efa-87169083153b {"SourceContext": "App.Features.Authentication.RegisterUserCommandHandler", "ActionId": "80fb355e-71ed-4448-a8b5-ed87e88a7300", "ActionName": "Api.Controllers.AuthController.Register (Api)", "RequestId": "0HNFGVQB4PDN3", "RequestPath": "/api/auth/register", "Application": "Crud.Api"}
Activity.TraceId:            89287b3bd549a2ec81b838fc44f0fc20
Activity.SpanId:             75d59ec1241b8103
Activity.TraceFlags:         Recorded
Activity.ActivitySourceName: Microsoft.AspNetCore
Activity.DisplayName:        POST api/Auth/register
Activity.Kind:               Server
Activity.StartTime:          2025-09-11T06:44:46.1952285Z
Activity.Duration:           00:00:00.2984039
Activity.Tags:
    server.address: localhost
    http.request.method: POST
    url.scheme: http
    url.path: /api/auth/register
    network.protocol.version: 1.1
    http.route: api/Auth/register
    http.response.status_code: 200
Resource associated with Activity:
    deployment.environment: Testing
    service.name: Crud.Api
    service.version: 1.0.0
    service.instance.id: bb25e7a8-9ced-49c8-9e52-fd74b67e7fff
    telemetry.sdk.name: opentelemetry
    telemetry.sdk.language: dotnet
    telemetry.sdk.version: 1.8.1
[06:44:46 DBG] Cache hit for key: list:person {"SourceContext": "Infrastructure.Services.Caching.InMemoryCacheService", "ActionId": "5f421191-0ae4-4580-b3b5-03de2b136cff", "ActionName": "Api.Controllers.PeopleController.List (Api)", "RequestId": "0HNFGVQB4PDN4", "RequestPath": "/api/people", "Application": "Crud.Api"}
Activity.TraceId:            435001f008218a61bbbb4e4ee098d92b
Activity.SpanId:             09d18e1813eb7df3
Activity.TraceFlags:         Recorded
Activity.ActivitySourceName: Microsoft.AspNetCore
Activity.DisplayName:        GET api/People
Activity.Kind:               Server
Activity.StartTime:          2025-09-11T06:44:46.4941824Z
Activity.Duration:           00:00:00.0005593
Activity.Tags:
    server.address: localhost
    http.request.method: GET
    url.scheme: http
    url.path: /api/people
    network.protocol.version: 1.1
    http.route: api/People
    http.response.status_code: 200
Resource associated with Activity:
    deployment.environment: Testing
    service.name: Crud.Api
    service.version: 1.0.0
    service.instance.id: bb25e7a8-9ced-49c8-9e52-fd74b67e7fff
    telemetry.sdk.name: opentelemetry
    telemetry.sdk.language: dotnet
    telemetry.sdk.version: 1.8.1
[06:44:46 DBG] Cache hit for key: list:person {"SourceContext": "Infrastructure.Services.Caching.InMemoryCacheService", "ActionId": "5f421191-0ae4-4580-b3b5-03de2b136cff", "ActionName": "Api.Controllers.PeopleController.List (Api)", "RequestId": "0HNFGVQB4PDN5", "RequestPath": "/api/people", "Application": "Crud.Api"}
Activity.TraceId:            c313e59b01fa139fa2eea85ced3afc67
Activity.SpanId:             9689b6c6313f0605
Activity.TraceFlags:         Recorded
Activity.ActivitySourceName: Microsoft.AspNetCore
Activity.DisplayName:        GET api/People
Activity.Kind:               Server
Activity.StartTime:          2025-09-11T06:44:46.4948115Z
Activity.Duration:           00:00:00.0003517
Activity.Tags:
    server.address: localhost
    http.request.method: GET
    url.scheme: http
    url.path: /api/people
    network.protocol.version: 1.1
    http.route: api/People
    http.response.status_code: 200
Resource associated with Activity:
    deployment.environment: Testing
    service.name: Crud.Api
    service.version: 1.0.0
    service.instance.id: bb25e7a8-9ced-49c8-9e52-fd74b67e7fff
    telemetry.sdk.name: opentelemetry
    telemetry.sdk.language: dotnet
    telemetry.sdk.version: 1.8.1
[06:44:46 DBG] Cache hit for key: list:person {"SourceContext": "Infrastructure.Services.Caching.InMemoryCacheService", "ActionId": "5f421191-0ae4-4580-b3b5-03de2b136cff", "ActionName": "Api.Controllers.PeopleController.List (Api)", "RequestId": "0HNFGVQB4PDN6", "RequestPath": "/api/people", "Application": "Crud.Api"}
[06:44:46 DBG] Cache hit for key: list:person {"SourceContext": "Infrastructure.Services.Caching.InMemoryCacheService", "ActionId": "5f421191-0ae4-4580-b3b5-03de2b136cff", "ActionName": "Api.Controllers.PeopleController.List (Api)", "RequestId": "0HNFGVQB4PDN7", "RequestPath": "/api/people", "Application": "Crud.Api"}
Activity.TraceId:            013fa3330638e20042c3e47ab55ed710
Activity.SpanId:             eaa89d6d9d330755
Activity.TraceFlags:         Recorded
Activity.ActivitySourceName: Microsoft.AspNetCore
Activity.DisplayName:        GET api/People
Activity.Kind:               Server
Activity.StartTime:          2025-09-11T06:44:46.4948610Z
Activity.Duration:           00:00:00.0005612
Activity.Tags:
    server.address: localhost
    http.request.method: GET
    url.scheme: http
    url.path: /api/people
    network.protocol.version: 1.1
    http.route: api/People
    http.response.status_code: 200
Resource associated with Activity:
    deployment.environment: Testing
    service.name: Crud.Api
    service.version: 1.0.0
    service.instance.id: bb25e7a8-9ced-49c8-9e52-fd74b67e7fff
    telemetry.sdk.name: opentelemetry
    telemetry.sdk.language: dotnet
    telemetry.sdk.version: 1.8.1
Activity.TraceId:            3f28ea197df9651d2ff9b8b8e19e3239
Activity.SpanId:             90b673db0f19b2e2
Activity.TraceFlags:         Recorded
Activity.ActivitySourceName: Microsoft.AspNetCore
Activity.DisplayName:        GET api/People
Activity.Kind:               Server
Activity.StartTime:          2025-09-11T06:44:46.4950471Z
Activity.Duration:           00:00:00.0004215
Activity.Tags:
    server.address: localhost
    http.request.method: GET
    url.scheme: http
    url.path: /api/people
    network.protocol.version: 1.1
    http.route: api/People
    http.response.status_code: 200
Resource associated with Activity:
    deployment.environment: Testing
    service.name: Crud.Api
    service.version: 1.0.0
    service.instance.id: bb25e7a8-9ced-49c8-9e52-fd74b67e7fff
[06:44:46 DBG] Cache hit for key: list:person {"SourceContext": "Infrastructure.Services.Caching.InMemoryCacheService", "ActionId": "5f421191-0ae4-4580-b3b5-03de2b136cff", "ActionName": "Api.Controllers.PeopleController.List (Api)", "RequestId": "0HNFGVQB4PDN8", "RequestPath": "/api/people", "Application": "Crud.Api"}
    telemetry.sdk.name: opentelemetry
    telemetry.sdk.language: dotnet
    telemetry.sdk.version: 1.8.1
Activity.TraceId:            156e0024d0d90fa039098168b836b63d
Activity.SpanId:             661fefeb37d265e5
Activity.TraceFlags:         Recorded
Activity.ActivitySourceName: Microsoft.AspNetCore
Activity.DisplayName:        GET api/People
Activity.Kind:               Server
Activity.StartTime:          2025-09-11T06:44:46.4952896Z
Activity.Duration:           00:00:00.0003137
Activity.Tags:
    server.address: localhost
    http.request.method: GET
    url.scheme: http
    url.path: /api/people
    network.protocol.version: 1.1
    http.route: api/People
    http.response.status_code: 200
Resource associated with Activity:
    deployment.environment: Testing
    service.name: Crud.Api
    service.version: 1.0.0
    service.instance.id: bb25e7a8-9ced-49c8-9e52-fd74b67e7fff
    telemetry.sdk.name: opentelemetry
    telemetry.sdk.language: dotnet
    telemetry.sdk.version: 1.8.1
[06:44:46 DBG] Cache hit for key: list:person {"SourceContext": "Infrastructure.Services.Caching.InMemoryCacheService", "ActionId": "5f421191-0ae4-4580-b3b5-03de2b136cff", "ActionName": "Api.Controllers.PeopleController.List (Api)", "RequestId": "0HNFGVQB4PDN9", "RequestPath": "/api/people", "Application": "Crud.Api"}
[06:44:46 DBG] Cache hit for key: list:person {"SourceContext": "Infrastructure.Services.Caching.InMemoryCacheService", "ActionId": "5f421191-0ae4-4580-b3b5-03de2b136cff", "ActionName": "Api.Controllers.PeopleController.List (Api)", "RequestId": "0HNFGVQB4PDNA", "RequestPath": "/api/people", "Application": "Crud.Api"}
Activity.TraceId:            f37d1fb9acded6950b4c4bb8bac1a891
Activity.SpanId:             0c5989e719c91671
Activity.TraceFlags:         Recorded
Activity.ActivitySourceName: Microsoft.AspNetCore
Activity.DisplayName:        GET api/People
Activity.Kind:               Server
Activity.StartTime:          2025-09-11T06:44:46.4954854Z
Activity.Duration:           00:00:00.0002915
Activity.Tags:
    server.address: localhost
    http.request.method: GET
    url.scheme: http
    url.path: /api/people
    network.protocol.version: 1.1
    http.route: api/People
    http.response.status_code: 200
Resource associated with Activity:
    deployment.environment: Testing
    service.name: Crud.Api
    service.version: 1.0.0
    service.instance.id: bb25e7a8-9ced-49c8-9e52-fd74b67e7fff
    telemetry.sdk.name: opentelemetry
    telemetry.sdk.language: dotnet
    telemetry.sdk.version: 1.8.1
Activity.TraceId:            78f84691bf5269b550be53c879f7a9e5
Activity.SpanId:             fd7d1082225720c0
Activity.TraceFlags:         Recorded
Activity.ActivitySourceName: Microsoft.AspNetCore
Activity.DisplayName:        GET api/People
Activity.Kind:               Server
Activity.StartTime:          2025-09-11T06:44:46.4955324Z
Activity.Duration:           00:00:00.0002912
Activity.Tags:
    server.address: localhost
    http.request.method: GET
    url.scheme: http
    url.path: /api/people
    network.protocol.version: 1.1
    http.route: api/People
    http.response.status_code: 200
Resource associated with Activity:
    deployment.environment: Testing
    service.name: Crud.Api
    service.version: 1.0.0
[06:44:46 DBG] Cache hit for key: list:person {"SourceContext": "Infrastructure.Services.Caching.InMemoryCacheService", "ActionId": "5f421191-0ae4-4580-b3b5-03de2b136cff", "ActionName": "Api.Controllers.PeopleController.List (Api)", "RequestId": "0HNFGVQB4PDNB", "RequestPath": "/api/people", "Application": "Crud.Api"}
    service.instance.id: bb25e7a8-9ced-49c8-9e52-fd74b67e7fff
    telemetry.sdk.name: opentelemetry
    telemetry.sdk.language: dotnet
    telemetry.sdk.version: 1.8.1
Activity.TraceId:            a9a90977675d9149a7f31fddf4654690
Activity.SpanId:             3b4977b9bcffd046
Activity.TraceFlags:         Recorded
Activity.ActivitySourceName: Microsoft.AspNetCore
Activity.DisplayName:        GET api/People
Activity.Kind:               Server
Activity.StartTime:          2025-09-11T06:44:46.4956626Z
Activity.Duration:           00:00:00.0002877
Activity.Tags:
    server.address: localhost
    http.request.method: GET
    url.scheme: http
    url.path: /api/people
    network.protocol.version: 1.1
    http.route: api/People
    http.response.status_code: 200
Resource associated with Activity:
    deployment.environment: Testing
    service.name: Crud.Api
    service.version: 1.0.0
    service.instance.id: bb25e7a8-9ced-49c8-9e52-fd74b67e7fff
    telemetry.sdk.name: opentelemetry
    telemetry.sdk.language: dotnet
    telemetry.sdk.version: 1.8.1
[06:44:46 DBG] Cache hit for key: list:person {"SourceContext": "Infrastructure.Services.Caching.InMemoryCacheService", "ActionId": "5f421191-0ae4-4580-b3b5-03de2b136cff", "ActionName": "Api.Controllers.PeopleController.List (Api)", "RequestId": "0HNFGVQB4PDNC", "RequestPath": "/api/people", "Application": "Crud.Api"}
[06:44:46 DBG] Cache hit for key: list:person {"SourceContext": "Infrastructure.Services.Caching.InMemoryCacheService", "ActionId": "5f421191-0ae4-4580-b3b5-03de2b136cff", "ActionName": "Api.Controllers.PeopleController.List (Api)", "RequestId": "0HNFGVQB4PDND", "RequestPath": "/api/people", "Application": "Crud.Api"}
Activity.TraceId:            7e9aec53b9767772d3aaf9f804205024
Activity.SpanId:             842dbd18a5197218
Activity.TraceFlags:         Recorded
Activity.ActivitySourceName: Microsoft.AspNetCore
Activity.DisplayName:        GET api/People
Activity.Kind:               Server
Activity.StartTime:          2025-09-11T06:44:46.4958361Z
Activity.Duration:           00:00:00.0003194
Activity.Tags:
    server.address: localhost
    http.request.method: GET
    url.scheme: http
    url.path: /api/people
    network.protocol.version: 1.1
    http.route: api/People
    http.response.status_code: 200
Resource associated with Activity:
    deployment.environment: Testing
    service.name: Crud.Api
    service.version: 1.0.0
    service.instance.id: bb25e7a8-9ced-49c8-9e52-fd74b67e7fff
    telemetry.sdk.name: opentelemetry
    telemetry.sdk.language: dotnet
    telemetry.sdk.version: 1.8.1
Activity.TraceId:            67322af51b5eb54fb30e29341d3cfaa1
Activity.SpanId:             d02d340458143ae8
Activity.TraceFlags:         Recorded
Activity.ActivitySourceName: Microsoft.AspNetCore
Activity.DisplayName:        GET api/People
Activity.Kind:               Server
Activity.StartTime:          2025-09-11T06:44:46.4958831Z
Activity.Duration:           00:00:00.0003129
Activity.Tags:
    server.address: localhost
    http.request.method: GET
    url.scheme: http
    url.path: /api/people
[06:44:46 DBG] Cache hit for key: list:person {"SourceContext": "Infrastructure.Services.Caching.InMemoryCacheService", "ActionId": "5f421191-0ae4-4580-b3b5-03de2b136cff", "ActionName": "Api.Controllers.PeopleController.List (Api)", "RequestId": "0HNFGVQB4PDNE", "RequestPath": "/api/people", "Application": "Crud.Api"}
    network.protocol.version: 1.1
    http.route: api/People
    http.response.status_code: 200
Resource associated with Activity:
    deployment.environment: Testing
    service.name: Crud.Api
    service.version: 1.0.0
    service.instance.id: bb25e7a8-9ced-49c8-9e52-fd74b67e7fff
    telemetry.sdk.name: opentelemetry
    telemetry.sdk.language: dotnet
    telemetry.sdk.version: 1.8.1
Activity.TraceId:            324323ca74e2124fc6b0db7ab8b03163
Activity.SpanId:             f5e14d003d6b62e6
Activity.TraceFlags:         Recorded
Activity.ActivitySourceName: Microsoft.AspNetCore
Activity.DisplayName:        GET api/People
Activity.Kind:               Server
Activity.StartTime:          2025-09-11T06:44:46.4960117Z
Activity.Duration:           00:00:00.0003073
Activity.Tags:
    server.address: localhost
    http.request.method: GET
    url.scheme: http
    url.path: /api/people
    network.protocol.version: 1.1
    http.route: api/People
    http.response.status_code: 200
Resource associated with Activity:
    deployment.environment: Testing
    service.name: Crud.Api
    service.version: 1.0.0
    service.instance.id: bb25e7a8-9ced-49c8-9e52-fd74b67e7fff
    telemetry.sdk.name: opentelemetry
    telemetry.sdk.language: dotnet
    telemetry.sdk.version: 1.8.1
[06:44:46 DBG] Cache hit for key: list:person {"SourceContext": "Infrastructure.Services.Caching.InMemoryCacheService", "ActionId": "5f421191-0ae4-4580-b3b5-03de2b136cff", "ActionName": "Api.Controllers.PeopleController.List (Api)", "RequestId": "0HNFGVQB4PDNF", "RequestPath": "/api/people", "Application": "Crud.Api"}
[06:44:46 DBG] Cache hit for key: list:person {"SourceContext": "Infrastructure.Services.Caching.InMemoryCacheService", "ActionId": "5f421191-0ae4-4580-b3b5-03de2b136cff", "ActionName": "Api.Controllers.PeopleController.List (Api)", "RequestId": "0HNFGVQB4PDNG", "RequestPath": "/api/people", "Application": "Crud.Api"}
Activity.TraceId:            bebbff26d9b2890d29a60fc264363a45
Activity.SpanId:             bd812d8752e06080
Activity.TraceFlags:         Recorded
Activity.ActivitySourceName: Microsoft.AspNetCore
Activity.DisplayName:        GET api/People
Activity.Kind:               Server
Activity.StartTime:          2025-09-11T06:44:46.4962165Z
Activity.Duration:           00:00:00.0002852
Activity.Tags:
    server.address: localhost
    http.request.method: GET
    url.scheme: http
    url.path: /api/people
    network.protocol.version: 1.1
    http.route: api/People
    http.response.status_code: 200
Resource associated with Activity:
    deployment.environment: Testing
    service.name: Crud.Api
    service.version: 1.0.0
    service.instance.id: bb25e7a8-9ced-49c8-9e52-fd74b67e7fff
    telemetry.sdk.name: opentelemetry
    telemetry.sdk.language: dotnet
    telemetry.sdk.version: 1.8.1
Activity.TraceId:            91f04db04239963f559d3979548f0ff6
Activity.SpanId:             d142b853f14381c3
Activity.TraceFlags:         Recorded
Activity.ActivitySourceName: Microsoft.AspNetCore
Activity.DisplayName:        GET api/People
Activity.Kind:               Server
[06:44:46 DBG] Cache hit for key: list:person {"SourceContext": "Infrastructure.Services.Caching.InMemoryCacheService", "ActionId": "5f421191-0ae4-4580-b3b5-03de2b136cff", "ActionName": "Api.Controllers.PeopleController.List (Api)", "RequestId": "0HNFGVQB4PDNH", "RequestPath": "/api/people", "Application": "Crud.Api"}
Activity.StartTime:          2025-09-11T06:44:46.4962618Z
Activity.Duration:           00:00:00.0002915
Activity.Tags:
    server.address: localhost
    http.request.method: GET
    url.scheme: http
    url.path: /api/people
    network.protocol.version: 1.1
    http.route: api/People
    http.response.status_code: 200
Resource associated with Activity:
    deployment.environment: Testing
    service.name: Crud.Api
    service.version: 1.0.0
    service.instance.id: bb25e7a8-9ced-49c8-9e52-fd74b67e7fff
    telemetry.sdk.name: opentelemetry
    telemetry.sdk.language: dotnet
    telemetry.sdk.version: 1.8.1
Activity.TraceId:            54b68349a413af8ee301aba1dffeb62e
Activity.SpanId:             99b81b5581ffa53f
Activity.TraceFlags:         Recorded
Activity.ActivitySourceName: Microsoft.AspNetCore
Activity.DisplayName:        GET api/People
Activity.Kind:               Server
Activity.StartTime:          2025-09-11T06:44:46.4963802Z
Activity.Duration:           00:00:00.0002823
Activity.Tags:
    server.address: localhost
    http.request.method: GET
    url.scheme: http
    url.path: /api/people
    network.protocol.version: 1.1
    http.route: api/People
    http.response.status_code: 200
Resource associated with Activity:
    deployment.environment: Testing
    service.name: Crud.Api
    service.version: 1.0.0
    service.instance.id: bb25e7a8-9ced-49c8-9e52-fd74b67e7fff
    telemetry.sdk.name: opentelemetry
    telemetry.sdk.language: dotnet
    telemetry.sdk.version: 1.8.1
[06:44:46 DBG] Cache hit for key: list:person {"SourceContext": "Infrastructure.Services.Caching.InMemoryCacheService", "ActionId": "5f421191-0ae4-4580-b3b5-03de2b136cff", "ActionName": "Api.Controllers.PeopleController.List (Api)", "RequestId": "0HNFGVQB4PDNI", "RequestPath": "/api/people", "Application": "Crud.Api"}
[06:44:46 DBG] Cache hit for key: list:person {"SourceContext": "Infrastructure.Services.Caching.InMemoryCacheService", "ActionId": "5f421191-0ae4-4580-b3b5-03de2b136cff", "ActionName": "Api.Controllers.PeopleController.List (Api)", "RequestId": "0HNFGVQB4PDNJ", "RequestPath": "/api/people", "Application": "Crud.Api"}
Activity.TraceId:            d483afb7d50f34284e78663a24ce8c4f
[06:44:46 DBG] Cache hit for key: list:person {"SourceContext": "Infrastructure.Services.Caching.InMemoryCacheService", "ActionId": "5f421191-0ae4-4580-b3b5-03de2b136cff", "ActionName": "Api.Controllers.PeopleController.List (Api)", "RequestId": "0HNFGVQB4PDNK", "RequestPath": "/api/people", "Application": "Crud.Api"}
Activity.SpanId:             1bfeed55f1e4979d
Activity.TraceFlags:         Recorded
Activity.ActivitySourceName: Microsoft.AspNetCore
Activity.DisplayName:        GET api/People
Activity.Kind:               Server
Activity.StartTime:          2025-09-11T06:44:46.4965618Z
Activity.Duration:           00:00:00.0003412
Activity.Tags:
    server.address: localhost
    http.request.method: GET
    url.scheme: http
    url.path: /api/people
    network.protocol.version: 1.1
    http.route: api/People
    http.response.status_code: 200
Resource associated with Activity:
    deployment.environment: Testing
    service.name: Crud.Api
    service.version: 1.0.0
    service.instance.id: bb25e7a8-9ced-49c8-9e52-fd74b67e7fff
    telemetry.sdk.name: opentelemetry
    telemetry.sdk.language: dotnet
    telemetry.sdk.version: 1.8.1
Activity.TraceId:            e65cc3555a46efa3e0838b0437c35a2f
Activity.SpanId:             fa23d7ed651dce3a
Activity.TraceFlags:         Recorded
Activity.ActivitySourceName: Microsoft.AspNetCore
Activity.DisplayName:        GET api/People
Activity.Kind:               Server
Activity.StartTime:          2025-09-11T06:44:46.4967140Z
Activity.Duration:           00:00:00.0002922
Activity.Tags:
    server.address: localhost
    http.request.method: GET
    url.scheme: http
    url.path: /api/people
    network.protocol.version: 1.1
    http.route: api/People
    http.response.status_code: 200
Resource associated with Activity:
    deployment.environment: Testing
    service.name: Crud.Api
    service.version: 1.0.0
    service.instance.id: bb25e7a8-9ced-49c8-9e52-fd74b67e7fff
    telemetry.sdk.name: opentelemetry
    telemetry.sdk.language: dotnet
    telemetry.sdk.version: 1.8.1
[06:44:46 DBG] Cache hit for key: list:person {"SourceContext": "Infrastructure.Services.Caching.InMemoryCacheService", "ActionId": "5f421191-0ae4-4580-b3b5-03de2b136cff", "ActionName": "Api.Controllers.PeopleController.List (Api)", "RequestId": "0HNFGVQB4PDNL", "RequestPath": "/api/people", "Application": "Crud.Api"}
[06:44:46 DBG] Cache hit for key: list:person {"SourceContext": "Infrastructure.Services.Caching.InMemoryCacheService", "ActionId": "5f421191-0ae4-4580-b3b5-03de2b136cff", "ActionName": "Api.Controllers.PeopleController.List (Api)", "RequestId": "0HNFGVQB4PDNM", "RequestPath": "/api/people", "Application": "Crud.Api"}
Activity.TraceId:            993893b7c5087ba35e360de366cf5d31
Activity.SpanId:             6dd5f7d752c30610
Activity.TraceFlags:         Recorded
Activity.ActivitySourceName: Microsoft.AspNetCore
Activity.DisplayName:        GET api/People
Activity.Kind:               Server
Activity.StartTime:          2025-09-11T06:44:46.4969849Z
Activity.Duration:           00:00:00.0003745
Activity.Tags:
    server.address: localhost
    http.request.method: GET
    url.scheme: http
    url.path: /api/people
    network.protocol.version: 1.1
    http.route: api/People
    http.response.status_code: 200
Resource associated with Activity:
    deployment.environment: Testing
    service.name: Crud.Api
    service.version: 1.0.0
    service.instance.id: bb25e7a8-9ced-49c8-9e52-fd74b67e7fff
    telemetry.sdk.name: opentelemetry
    telemetry.sdk.language: dotnet
    telemetry.sdk.version: 1.8.1
Activity.TraceId:            b099b39b9b7166fa52481eeab8f905ad
Activity.SpanId:             0a9883651933b833
Activity.TraceFlags:         Recorded
Activity.ActivitySourceName: Microsoft.AspNetCore
Activity.DisplayName:        GET api/People
Activity.Kind:               Server
Activity.StartTime:          2025-09-11T06:44:46.4970708Z
Activity.Duration:           00:00:00.0003526
Activity.Tags:
    server.address: localhost
    http.request.method: GET
    url.scheme: http
    url.path: /api/people
    network.protocol.version: 1.1
    http.route: api/People
    http.response.status_code: 200
Resource associated with Activity:
    deployment.environment: Testing
    service.name: Crud.Api
    service.version: 1.0.0
    service.instance.id: bb25e7a8-9ced-49c8-9e52-fd74b67e7fff
    telemetry.sdk.name: opentelemetry
    telemetry.sdk.language: dotnet
    telemetry.sdk.version: 1.8.1
[06:44:46 DBG] Cache hit for key: list:person {"SourceContext": "Infrastructure.Services.Caching.InMemoryCacheService", "ActionId": "5f421191-0ae4-4580-b3b5-03de2b136cff", "ActionName": "Api.Controllers.PeopleController.List (Api)", "RequestId": "0HNFGVQB4PDNN", "RequestPath": "/api/people", "Application": "Crud.Api"}
[06:44:46 DBG] Cache hit for key: list:person {"SourceContext": "Infrastructure.Services.Caching.InMemoryCacheService", "ActionId": "5f421191-0ae4-4580-b3b5-03de2b136cff", "ActionName": "Api.Controllers.PeopleController.List (Api)", "RequestId": "0HNFGVQB4PDNO", "RequestPath": "/api/people", "Application": "Crud.Api"}
Activity.TraceId:            60680e41c3853d9423ffc67e12f7c1e1
Activity.SpanId:             c2d007456a09bd01
Activity.TraceFlags:         Recorded
Activity.ActivitySourceName: Microsoft.AspNetCore
Activity.DisplayName:        GET api/People
Activity.Kind:               Server
Activity.StartTime:          2025-09-11T06:44:46.4974238Z
Activity.Duration:           00:00:00.0003630
Activity.Tags:
    server.address: localhost
    http.request.method: GET
    url.scheme: http
    url.path: /api/people
    network.protocol.version: 1.1
    http.route: api/People
    http.response.status_code: 200
Resource associated with Activity:
    deployment.environment: Testing
    service.name: Crud.Api
    service.version: 1.0.0
    service.instance.id: bb25e7a8-9ced-49c8-9e52-fd74b67e7fff
    telemetry.sdk.name: opentelemetry
    telemetry.sdk.language: dotnet
    telemetry.sdk.version: 1.8.1
[06:44:46 INF] Resetting database for worker 10723 {"SourceContext": "Infrastructure.Services.DatabaseTestService", "Application": "Crud.Api"}
[06:44:46 INF] Resetting database via file deletion for worker 10723 in CI environment {"SourceContext": "Infrastructure.Services.DatabaseTestService", "Application": "Crud.Api"}
[06:44:46 INF] Acquiring database mutex for worker 10723... {"SourceContext": "Infrastructure.Services.DatabaseTestService", "Application": "Crud.Api"}
[06:44:46 INF] Database mutex acquired for worker 10723 {"SourceContext": "Infrastructure.Services.DatabaseTestService", "Application": "Crud.Api"}
Activity.TraceId:            2769f83df24f6a9e13058212e33c3412
Activity.SpanId:             48a4937fbaeb3ede
Activity.TraceFlags:         Recorded
Activity.ActivitySourceName: Microsoft.AspNetCore
Activity.DisplayName:        GET api/People
Activity.Kind:               Server
Activity.StartTime:          2025-09-11T06:44:46.4966161Z
Activity.Duration:           00:00:00.0003086
Activity.Tags:
    server.address: localhost
    http.request.method: GET
    url.scheme: http
    url.path: /api/people
    network.protocol.version: 1.1
    http.route: api/People
    http.response.status_code: 200
Resource associated with Activity:
    deployment.environment: Testing
    service.name: Crud.Api
    service.version: 1.0.0
    service.instance.id: bb25e7a8-9ced-49c8-9e52-fd74b67e7fff
    telemetry.sdk.name: opentelemetry
    telemetry.sdk.language: dotnet
    telemetry.sdk.version: 1.8.1
Activity.TraceId:            2d16d53e3716647199ffa37d56b3a490
Activity.SpanId:             2840f8c78136f300
Activity.TraceFlags:         Recorded
Activity.ActivitySourceName: Microsoft.AspNetCore
Activity.DisplayName:        GET api/People
Activity.Kind:               Server
Activity.StartTime:          2025-09-11T06:44:46.4974814Z
Activity.Duration:           00:00:00.0003072
Activity.Tags:
    server.address: localhost
    http.request.method: GET
    url.scheme: http
    url.path: /api/people
    network.protocol.version: 1.1
    http.route: api/People
[06:44:46 INF] Current database state - CanConnect: True {"SourceContext": "Infrastructure.Services.DatabaseTestService", "Application": "Crud.Api"}
    http.response.status_code: 200
Resource associated with Activity:
    deployment.environment: Testing
    service.name: Crud.Api
    service.version: 1.0.0
    service.instance.id: bb25e7a8-9ced-49c8-9e52-fd74b67e7fff
    telemetry.sdk.name: opentelemetry
    telemetry.sdk.language: dotnet
    telemetry.sdk.version: 1.8.1
[06:44:46 INF] [Phase 0] Closing database connection for worker 10723... {"SourceContext": "Infrastructure.Services.DatabaseTestService", "Application": "Crud.Api"}
[06:44:46 INF] [Phase 0] Connection closed in 0.0005ms {"SourceContext": "Infrastructure.Services.DatabaseTestService", "Application": "Crud.Api"}
[06:44:46 INF] [Phase 1] Starting EnsureDeletedAsync for worker 10723... {"SourceContext": "Infrastructure.Services.DatabaseTestService", "Application": "Crud.Api"}
[06:44:46 INF] [Phase 1] EnsureDeletedAsync completed in 1.6576ms {"SourceContext": "Infrastructure.Services.DatabaseTestService", "Application": "Crud.Api"}
[06:44:46 INF] [Phase 2] Starting EnsureCreatedAsync for worker 10723... {"SourceContext": "Infrastructure.Services.DatabaseTestService", "Application": "Crud.Api"}
[06:44:46 INF] [Phase 2] EnsureCreatedAsync completed in 9.3192ms {"SourceContext": "Infrastructure.Services.DatabaseTestService", "Application": "Crud.Api"}
[06:44:46 INF] [Phase 3] Skipping database seeding as requested for worker 10723 {"SourceContext": "Infrastructure.Services.DatabaseTestService", "Application": "Crud.Api"}
[06:44:46 INF] Database reset via file deletion completed for worker 10723 in 110.9617ms (Close: 0.0005ms, Delete: 1.6576ms, Create: 9.3192ms) {"SourceContext": "Infrastructure.Services.DatabaseTestService", "Application": "Crud.Api"}
[06:44:46 INF] Releasing database mutex for worker 10723 {"SourceContext": "Infrastructure.Services.DatabaseTestService", "Application": "Crud.Api"}
[06:44:46 INF] Resetting database for worker 10723 {"SourceContext": "Infrastructure.Services.DatabaseTestService", "Application": "Crud.Api"}
[06:44:46 INF] Resetting database via file deletion for worker 10723 in CI environment {"SourceContext": "Infrastructure.Services.DatabaseTestService", "Application": "Crud.Api"}
[06:44:46 INF] Acquiring database mutex for worker 10723... {"SourceContext": "Infrastructure.Services.DatabaseTestService", "Application": "Crud.Api"}
[06:44:46 INF] Database mutex acquired for worker 10723 {"SourceContext": "Infrastructure.Services.DatabaseTestService", "Application": "Crud.Api"}
[06:44:46 INF] Current database state - CanConnect: True {"SourceContext": "Infrastructure.Services.DatabaseTestService", "Application": "Crud.Api"}
[06:44:46 INF] [Phase 0] Closing database connection for worker 10723... {"SourceContext": "Infrastructure.Services.DatabaseTestService", "Application": "Crud.Api"}
[06:44:46 INF] [Phase 0] Connection closed in 0.0006ms {"SourceContext": "Infrastructure.Services.DatabaseTestService", "Application": "Crud.Api"}
[06:44:46 INF] [Phase 1] Starting EnsureDeletedAsync for worker 10723... {"SourceContext": "Infrastructure.Services.DatabaseTestService", "Application": "Crud.Api"}
[06:44:46 INF] [Phase 1] EnsureDeletedAsync completed in 1.1183ms {"SourceContext": "Infrastructure.Services.DatabaseTestService", "Application": "Crud.Api"}
[06:44:46 INF] [Phase 2] Starting EnsureCreatedAsync for worker 10723... {"SourceContext": "Infrastructure.Services.DatabaseTestService", "Application": "Crud.Api"}
[06:44:46 INF] [Phase 2] EnsureCreatedAsync completed in 8.2574ms {"SourceContext": "Infrastructure.Services.DatabaseTestService", "Application": "Crud.Api"}
[06:44:46 INF] [Phase 3] Skipping database seeding as requested for worker 10723 {"SourceContext": "Infrastructure.Services.DatabaseTestService", "Application": "Crud.Api"}
[06:44:46 INF] Database reset via file deletion completed for worker 10723 in 109.3039ms (Close: 0.0006ms, Delete: 1.1183ms, Create: 8.2574ms) {"SourceContext": "Infrastructure.Services.DatabaseTestService", "Application": "Crud.Api"}
[06:44:46 INF] Releasing database mutex for worker 10723 {"SourceContext": "Infrastructure.Services.DatabaseTestService", "Application": "Crud.Api"}
[06:44:47 INF] User registered successfully: 9a6da3a9-d3ad-4337-a77c-cdfea82eef7c {"SourceContext": "App.Features.Authentication.RegisterUserCommandHandler", "ActionId": "80fb355e-71ed-4448-a8b5-ed87e88a7300", "ActionName": "Api.Controllers.AuthController.Register (Api)", "RequestId": "0HNFGVQB4PDNP", "RequestPath": "/api/auth/register", "Application": "Crud.Api"}
Activity.TraceId:            3f2f771cee3f583817b0217138af03d6
Activity.SpanId:             c00c151499ebafc8
Activity.TraceFlags:         Recorded
Activity.ActivitySourceName: Microsoft.AspNetCore
Activity.DisplayName:        POST api/Auth/register
Activity.Kind:               Server
Activity.StartTime:          2025-09-11T06:44:46.7248387Z
Activity.Duration:           00:00:00.2990128
Activity.Tags:
    server.address: localhost
    http.request.method: POST
    url.scheme: http
    url.path: /api/auth/register
    network.protocol.version: 1.1
    http.route: api/Auth/register
    http.response.status_code: 200
Resource associated with Activity:
    deployment.environment: Testing
    service.name: Crud.Api
    service.version: 1.0.0
    service.instance.id: bb25e7a8-9ced-49c8-9e52-fd74b67e7fff
    telemetry.sdk.name: opentelemetry
    telemetry.sdk.language: dotnet
    telemetry.sdk.version: 1.8.1
[06:44:47 DBG] Cache miss for key: entity:person:f06e7a03dc274706a584a99bb5d63964 {"SourceContext": "Infrastructure.Services.Caching.InMemoryCacheService", "ActionId": "2ceaaadd-0a25-4f01-96be-b3f51eabbd0b", "ActionName": "Api.Controllers.PeopleController.Get (Api)", "RequestId": "0HNFGVQB4PDNQ", "RequestPath": "/api/people/f06e7a03-dc27-4706-a584-a99bb5d63964", "Application": "Crud.Api"}
[06:44:47 DBG] Set cache value for key: entity:person:f06e7a03dc274706a584a99bb5d63964 {"SourceContext": "Infrastructure.Services.Caching.InMemoryCacheService", "ActionId": "2ceaaadd-0a25-4f01-96be-b3f51eabbd0b", "ActionName": "Api.Controllers.PeopleController.Get (Api)", "RequestId": "0HNFGVQB4PDNQ", "RequestPath": "/api/people/f06e7a03-dc27-4706-a584-a99bb5d63964", "Application": "Crud.Api"}
Activity.TraceId:            e2e0cbe694fcb516aa21bc69ef718539
Activity.SpanId:             80790899c608116b
Activity.TraceFlags:         Recorded
Activity.ActivitySourceName: Microsoft.AspNetCore
Activity.DisplayName:        GET api/People/{id:guid}
Activity.Kind:               Server
Activity.StartTime:          2025-09-11T06:44:47.0244814Z
Activity.Duration:           00:00:00.0043578
Activity.Tags:
    server.address: localhost
    http.request.method: GET
    url.scheme: http
    url.path: /api/people/f06e7a03-dc27-4706-a584-a99bb5d63964
    network.protocol.version: 1.1
    http.route: api/People/{id:guid}
    http.response.status_code: 200
Resource associated with Activity:
    deployment.environment: Testing
    service.name: Crud.Api
    service.version: 1.0.0
    service.instance.id: bb25e7a8-9ced-49c8-9e52-fd74b67e7fff
    telemetry.sdk.name: opentelemetry
    telemetry.sdk.language: dotnet
    telemetry.sdk.version: 1.8.1
[06:44:47 DBG] Cache hit for key: entity:person:f06e7a03dc274706a584a99bb5d63964 {"SourceContext": "Infrastructure.Services.Caching.InMemoryCacheService", "ActionId": "2ceaaadd-0a25-4f01-96be-b3f51eabbd0b", "ActionName": "Api.Controllers.PeopleController.Get (Api)", "RequestId": "0HNFGVQB4PDNR", "RequestPath": "/api/people/f06e7a03-dc27-4706-a584-a99bb5d63964", "Application": "Crud.Api"}
[06:44:47 DBG] Cache hit for key: entity:person:f06e7a03dc274706a584a99bb5d63964 {"SourceContext": "Infrastructure.Services.Caching.InMemoryCacheService", "ActionId": "2ceaaadd-0a25-4f01-96be-b3f51eabbd0b", "ActionName": "Api.Controllers.PeopleController.Get (Api)", "RequestId": "0HNFGVQB4PDNS", "RequestPath": "/api/people/f06e7a03-dc27-4706-a584-a99bb5d63964", "Application": "Crud.Api"}
Activity.TraceId:            e6cd9f9afb2c357f43aa7f50db48d545
Activity.SpanId:             20d921fe25a4c4fd
Activity.TraceFlags:         Recorded
Activity.ActivitySourceName: Microsoft.AspNetCore
Activity.DisplayName:        GET api/People/{id:guid}
Activity.Kind:               Server
Activity.StartTime:          2025-09-11T06:44:47.0289665Z
Activity.Duration:           00:00:00.0004066
Activity.Tags:
    server.address: localhost
    http.request.method: GET
    url.scheme: http
    url.path: /api/people/f06e7a03-dc27-4706-a584-a99bb5d63964
    network.protocol.version: 1.1
    http.route: api/People/{id:guid}
    http.response.status_code: 200
Resource associated with Activity:
    deployment.environment: Testing
    service.name: Crud.Api
    service.version: 1.0.0
    service.instance.id: bb25e7a8-9ced-49c8-9e52-fd74b67e7fff
    telemetry.sdk.name: opentelemetry
    telemetry.sdk.language: dotnet
    telemetry.sdk.version: 1.8.1
Activity.TraceId:            c7a096e4905efe5f7698b602de044620
Activity.SpanId:             ee22c6ee66b726f8
Activity.TraceFlags:         Recorded
Activity.ActivitySourceName: Microsoft.AspNetCore
Activity.DisplayName:        GET api/People/{id:guid}
Activity.Kind:               Server
Activity.StartTime:          2025-09-11T06:44:47.0290519Z
Activity.Duration:           00:00:00.0003524
Activity.Tags:
    server.address: localhost
    http.request.method: GET
    url.scheme: http
    url.path: /api/people/f06e7a03-dc27-4706-a584-a99bb5d63964
    network.protocol.version: 1.1
    http.route: api/People/{id:guid}
    http.response.status_code: 200
Resource associated with Activity:
    deployment.environment: Testing
    service.name: Crud.Api
    service.version: 1.0.0
    service.instance.id: bb25e7a8-9ced-49c8-9e52-fd74b67e7fff
    telemetry.sdk.name: opentelemetry
    telemetry.sdk.language: dotnet
    telemetry.sdk.version: 1.8.1
[06:44:47 DBG] Cache hit for key: entity:person:f06e7a03dc274706a584a99bb5d63964 {"SourceContext": "Infrastructure.Services.Caching.InMemoryCacheService", "ActionId": "2ceaaadd-0a25-4f01-96be-b3f51eabbd0b", "ActionName": "Api.Controllers.PeopleController.Get (Api)", "RequestId": "0HNFGVQB4PDNT", "RequestPath": "/api/people/f06e7a03-dc27-4706-a584-a99bb5d63964", "Application": "Crud.Api"}
[06:44:47 DBG] Cache hit for key: entity:person:f06e7a03dc274706a584a99bb5d63964 {"SourceContext": "Infrastructure.Services.Caching.InMemoryCacheService", "ActionId": "2ceaaadd-0a25-4f01-96be-b3f51eabbd0b", "ActionName": "Api.Controllers.PeopleController.Get (Api)", "RequestId": "0HNFGVQB4PDNU", "RequestPath": "/api/people/f06e7a03-dc27-4706-a584-a99bb5d63964", "Application": "Crud.Api"}
Activity.TraceId:            409e6054bf75cb43e4bed7d7223d9960
Activity.SpanId:             29f04fd61562868c
Activity.TraceFlags:         Recorded
Activity.ActivitySourceName: Microsoft.AspNetCore
Activity.DisplayName:        GET api/People/{id:guid}
Activity.Kind:               Server
Activity.StartTime:          2025-09-11T06:44:47.0294493Z
Activity.Duration:           00:00:00.0003534
Activity.Tags:
    server.address: localhost
    http.request.method: GET
    url.scheme: http
    url.path: /api/people/f06e7a03-dc27-4706-a584-a99bb5d63964
    network.protocol.version: 1.1
    http.route: api/People/{id:guid}
    http.response.status_code: 200
Resource associated with Activity:
    deployment.environment: Testing
    service.name: Crud.Api
    service.version: 1.0.0
    service.instance.id: bb25e7a8-9ced-49c8-9e52-fd74b67e7fff
    telemetry.sdk.name: opentelemetry
    telemetry.sdk.language: dotnet
    telemetry.sdk.version: 1.8.1
Activity.TraceId:            befd625f4e0ac5a65031ef5b2427dd86
Activity.SpanId:             a22abd7f8b1f1470
Activity.TraceFlags:         Recorded
Activity.ActivitySourceName: Microsoft.AspNetCore
Activity.DisplayName:        GET api/People/{id:guid}
Activity.Kind:               Server
Activity.StartTime:          2025-09-11T06:44:47.0294991Z
Activity.Duration:           00:00:00.0003036
Activity.Tags:
    server.address: localhost
    http.request.method: GET
    url.scheme: http
    url.path: /api/people/f06e7a03-dc27-4706-a584-a99bb5d63964
    network.protocol.version: 1.1
    http.route: api/People/{id:guid}
    http.response.status_code: 200
Resource associated with Activity:
    deployment.environment: Testing
    service.name: Crud.Api
    service.version: 1.0.0
    service.instance.id: bb25e7a8-9ced-49c8-9e52-fd74b67e7fff
    telemetry.sdk.name: opentelemetry
    telemetry.sdk.language: dotnet
    telemetry.sdk.version: 1.8.1
[06:44:47 DBG] Cache hit for key: entity:person:f06e7a03dc274706a584a99bb5d63964 {"SourceContext": "Infrastructure.Services.Caching.InMemoryCacheService", "ActionId": "2ceaaadd-0a25-4f01-96be-b3f51eabbd0b", "ActionName": "Api.Controllers.PeopleController.Get (Api)", "RequestId": "0HNFGVQB4PDNV", "RequestPath": "/api/people/f06e7a03-dc27-4706-a584-a99bb5d63964", "Application": "Crud.Api"}
Activity.TraceId:            0fce5f9e048bdea1ef0f29b99b3cd705
Activity.SpanId:             37def26d6d9a537a
Activity.TraceFlags:         Recorded
Activity.ActivitySourceName: Microsoft.AspNetCore
Activity.DisplayName:        GET api/People/{id:guid}
Activity.Kind:               Server
Activity.StartTime:          2025-09-11T06:44:47.0298430Z
Activity.Duration:           00:00:00.0021475
Activity.Tags:
    server.address: localhost
    http.request.method: GET
    url.scheme: http
    url.path: /api/people/f06e7a03-dc27-4706-a584-a99bb5d63964
    network.protocol.version: 1.1
    http.route: api/People/{id:guid}
    http.response.status_code: 200
Resource associated with Activity:
    deployment.environment: Testing
    service.name: Crud.Api
    service.version: 1.0.0
    service.instance.id: bb25e7a8-9ced-49c8-9e52-fd74b67e7fff
    telemetry.sdk.name: opentelemetry
    telemetry.sdk.language: dotnet
    telemetry.sdk.version: 1.8.1
[06:44:47 INF] Resetting database for worker 10723 {"SourceContext": "Infrastructure.Services.DatabaseTestService", "Application": "Crud.Api"}
[06:44:47 INF] Resetting database via file deletion for worker 10723 in CI environment {"SourceContext": "Infrastructure.Services.DatabaseTestService", "Application": "Crud.Api"}
[06:44:47 INF] Acquiring database mutex for worker 10723... {"SourceContext": "Infrastructure.Services.DatabaseTestService", "Application": "Crud.Api"}
[06:44:47 INF] Database mutex acquired for worker 10723 {"SourceContext": "Infrastructure.Services.DatabaseTestService", "Application": "Crud.Api"}
[06:44:47 INF] Current database state - CanConnect: True {"SourceContext": "Infrastructure.Services.DatabaseTestService", "Application": "Crud.Api"}
[06:44:47 INF] [Phase 0] Closing database connection for worker 10723... {"SourceContext": "Infrastructure.Services.DatabaseTestService", "Application": "Crud.Api"}
[06:44:47 INF] [Phase 0] Connection closed in 0.0006ms {"SourceContext": "Infrastructure.Services.DatabaseTestService", "Application": "Crud.Api"}
[06:44:47 INF] [Phase 1] Starting EnsureDeletedAsync for worker 10723... {"SourceContext": "Infrastructure.Services.DatabaseTestService", "Application": "Crud.Api"}
[06:44:47 INF] [Phase 1] EnsureDeletedAsync completed in 1.2418ms {"SourceContext": "Infrastructure.Services.DatabaseTestService", "Application": "Crud.Api"}
[06:44:47 INF] [Phase 2] Starting EnsureCreatedAsync for worker 10723... {"SourceContext": "Infrastructure.Services.DatabaseTestService", "Application": "Crud.Api"}
[06:44:47 INF] [Phase 2] EnsureCreatedAsync completed in 7.6613ms {"SourceContext": "Infrastructure.Services.DatabaseTestService", "Application": "Crud.Api"}
[06:44:47 INF] [Phase 3] Skipping database seeding as requested for worker 10723 {"SourceContext": "Infrastructure.Services.DatabaseTestService", "Application": "Crud.Api"}
[06:44:47 INF] Database reset via file deletion completed for worker 10723 in 108.0136ms (Close: 0.0006ms, Delete: 1.2418ms, Create: 7.6613ms) {"SourceContext": "Infrastructure.Services.DatabaseTestService", "Application": "Crud.Api"}
[06:44:47 INF] Releasing database mutex for worker 10723 {"SourceContext": "Infrastructure.Services.DatabaseTestService", "Application": "Crud.Api"}
Resource associated with Metric:
    deployment.environment: Testing
    service.name: Crud.Api
    service.version: 1.0.0
    service.instance.id: bb25e7a8-9ced-49c8-9e52-fd74b67e7fff
    telemetry.sdk.name: opentelemetry
    telemetry.sdk.language: dotnet
    telemetry.sdk.version: 1.8.1
Metric Name: http.server.active_requests, Number of active HTTP server requests., Unit: {request}, Meter: Microsoft.AspNetCore.Hosting
(2025-09-11T06:44:39.9776744Z, 2025-09-11T06:44:47.1419039Z] http.request.method: POST url.scheme: http LongSumNonMonotonic
Value: 0
(2025-09-11T06:44:39.9776744Z, 2025-09-11T06:44:47.1419039Z] http.request.method: GET url.scheme: http LongSumNonMonotonic
Value: 0
Metric Name: http.server.request.duration, Duration of HTTP server requests., Unit: s, Meter: Microsoft.AspNetCore.Hosting
(2025-09-11T06:44:39.9776973Z, 2025-09-11T06:44:47.1419080Z] http.request.method: POST http.response.status_code: 200 http.route: api/Auth/register network.protocol.version: 1.1 url.scheme: http Histogram
Value: Sum: 3.8950628 Count: 13 Min: 0.2982514 Max: 0.3049025 
(-Infinity,0.005]:0
(0.005,0.01]:0
(0.01,0.025]:0
(0.025,0.05]:0
(0.05,0.075]:0
(0.075,0.1]:0
(0.1,0.25]:0
(0.25,0.5]:13
(0.5,0.75]:0
(0.75,1]:0
(1,2.5]:0
(2.5,5]:0
(5,7.5]:0
(7.5,10]:0
(10,+Infinity]:0
(2025-09-11T06:44:39.9776973Z, 2025-09-11T06:44:47.1419080Z] http.request.method: POST http.response.status_code: 200 http.route: api/Auth/login network.protocol.version: 1.1 url.scheme: http Histogram
Value: Sum: 0.9041338 Count: 3 Min: 0.2989926 Max: 0.3034261 
(-Infinity,0.005]:0
(0.005,0.01]:0
(0.01,0.025]:0
(0.025,0.05]:0
(0.05,0.075]:0
(0.075,0.1]:0
(0.1,0.25]:0
(0.25,0.5]:3
(0.5,0.75]:0
(0.75,1]:0
(1,2.5]:0
(2.5,5]:0
(5,7.5]:0
(7.5,10]:0
(10,+Infinity]:0
(2025-09-11T06:44:39.9776973Z, 2025-09-11T06:44:47.1419080Z] http.request.method: GET http.response.status_code: 200 http.route: api/Roles network.protocol.version: 1.1 url.scheme: http Histogram
Value: Sum: 0.0159339 Count: 14 Min: 0.0002279 Max: 0.0090804 
(-Infinity,0.005]:13
(0.005,0.01]:1
(0.01,0.025]:0
(0.025,0.05]:0
(0.05,0.075]:0
(0.075,0.1]:0
(0.1,0.25]:0
(0.25,0.5]:0
(0.5,0.75]:0
(0.75,1]:0
(1,2.5]:0
(2.5,5]:0
(5,7.5]:0
(7.5,10]:0
(10,+Infinity]:0
(2025-09-11T06:44:39.9776973Z, 2025-09-11T06:44:47.1419080Z] http.request.method: GET http.response.status_code: 200 http.route: api/Walls network.protocol.version: 1.1 url.scheme: http Histogram
Value: Sum: 0.0146228 Count: 3 Min: 0.0009715 Max: 0.0115072 
(-Infinity,0.005]:2
(0.005,0.01]:0
(0.01,0.025]:1
(0.025,0.05]:0
(0.05,0.075]:0
(0.075,0.1]:0
(0.1,0.25]:0
(0.25,0.5]:0
(0.5,0.75]:0
(0.75,1]:0
(1,2.5]:0
(2.5,5]:0
(5,7.5]:0
(7.5,10]:0
(10,+Infinity]:0
(2025-09-11T06:44:39.9776973Z, 2025-09-11T06:44:47.1419080Z] http.request.method: POST http.response.status_code: 201 http.route: api/Roles network.protocol.version: 1.1 url.scheme: http Histogram
Value: Sum: 0.0090275 Count: 1 Min: 0.0090275 Max: 0.0090275 
(-Infinity,0.005]:0
(0.005,0.01]:1
(0.01,0.025]:0
(0.025,0.05]:0
(0.05,0.075]:0
(0.075,0.1]:0
(0.1,0.25]:0
(0.25,0.5]:0
(0.5,0.75]:0
(0.75,1]:0
(1,2.5]:0
(2.5,5]:0
(5,7.5]:0
(7.5,10]:0
(10,+Infinity]:0
(2025-09-11T06:44:39.9776973Z, 2025-09-11T06:44:47.1419080Z] http.request.method: GET http.response.status_code: 200 http.route: api/People network.protocol.version: 1.1 url.scheme: http Histogram
Value: Sum: 0.022347399999999996 Count: 28 Min: 0.0002818 Max: 0.0093291 
(-Infinity,0.005]:27
(0.005,0.01]:1
(0.01,0.025]:0
(0.025,0.05]:0
(0.05,0.075]:0
(0.075,0.1]:0
(0.1,0.25]:0
(0.25,0.5]:0
(0.5,0.75]:0
(0.75,1]:0
(1,2.5]:0
(2.5,5]:0
(5,7.5]:0
(7.5,10]:0
(10,+Infinity]:0
(2025-09-11T06:44:39.9776973Z, 2025-09-11T06:44:47.1419080Z] http.request.method: POST http.response.status_code: 201 http.route: api/People network.protocol.version: 1.1 url.scheme: http Histogram
Value: Sum: 0.0175622 Count: 2 Min: 0.0015648 Max: 0.0159974 
(-Infinity,0.005]:1
(0.005,0.01]:0
(0.01,0.025]:1
(0.025,0.05]:0
(0.05,0.075]:0
(0.075,0.1]:0
(0.1,0.25]:0
(0.25,0.5]:0
(0.5,0.75]:0
(0.75,1]:0
(1,2.5]:0
(2.5,5]:0
(5,7.5]:0
(7.5,10]:0
(10,+Infinity]:0
(2025-09-11T06:44:39.9776973Z, 2025-09-11T06:44:47.1419080Z] http.request.method: GET http.response.status_code: 304 http.route: api/People network.protocol.version: 1.1 url.scheme: http Histogram
Value: Sum: 0.0019 Count: 1 Min: 0.0019 Max: 0.0019 
(-Infinity,0.005]:1
(0.005,0.01]:0
(0.01,0.025]:0
(0.025,0.05]:0
(0.05,0.075]:0
(0.075,0.1]:0
(0.1,0.25]:0
(0.25,0.5]:0
(0.5,0.75]:0
(0.75,1]:0
(1,2.5]:0
(2.5,5]:0
(5,7.5]:0
(7.5,10]:0
(10,+Infinity]:0
(2025-09-11T06:44:39.9776973Z, 2025-09-11T06:44:47.1419080Z] http.request.method: GET http.response.status_code: 200 http.route: api/Windows network.protocol.version: 1.1 url.scheme: http Histogram
Value: Sum: 0.0092922 Count: 1 Min: 0.0092922 Max: 0.0092922 
(-Infinity,0.005]:0
(0.005,0.01]:1
(0.01,0.025]:0
(0.025,0.05]:0
(0.05,0.075]:0
(0.075,0.1]:0
(0.1,0.25]:0
(0.25,0.5]:0
(0.5,0.75]:0
(0.75,1]:0
(1,2.5]:0
(2.5,5]:0
(5,7.5]:0
(7.5,10]:0
(10,+Infinity]:0
(2025-09-11T06:44:39.9776973Z, 2025-09-11T06:44:47.1419080Z] http.request.method: GET http.response.status_code: 200 http.route: api/People/{id:guid} network.protocol.version: 1.1 url.scheme: http Histogram
Value: Sum: 0.007908199999999999 Count: 6 Min: 0.0003018 Max: 0.0043516 
(-Infinity,0.005]:6
(0.005,0.01]:0
(0.01,0.025]:0
(0.025,0.05]:0
(0.05,0.075]:0
(0.075,0.1]:0
(0.1,0.25]:0
(0.25,0.5]:0
(0.5,0.75]:0
(0.75,1]:0
(1,2.5]:0
(2.5,5]:0
(5,7.5]:0
(7.5,10]:0
(10,+Infinity]:0
Metric Name: aspnetcore.rate_limiting.active_request_leases, Number of HTTP requests that are currently active on the server that hold a rate limiting lease., Unit: {request}, Meter: Microsoft.AspNetCore.RateLimiting
(2025-09-11T06:44:39.9796277Z, 2025-09-11T06:44:47.1419087Z] LongSumNonMonotonic
Value: 0
Metric Name: aspnetcore.rate_limiting.request_lease.duration, The duration of rate limiting leases held by HTTP requests on the server., Unit: s, Meter: Microsoft.AspNetCore.RateLimiting
(2025-09-11T06:44:39.9797009Z, 2025-09-11T06:44:47.1419092Z] Histogram
Value: Sum: 4.889126 Count: 72 Min: 0.0001973 Max: 0.3037777 
(-Infinity,0.005]:50
(0.005,0.01]:4
(0.01,0.025]:2
(0.025,0.05]:0
(0.05,0.075]:0
(0.075,0.1]:0
(0.1,0.25]:0
(0.25,0.5]:16
(0.5,0.75]:0
(0.75,1]:0
(1,2.5]:0
(2.5,5]:0
(5,7.5]:0
(7.5,10]:0
(10,+Infinity]:0
Metric Name: aspnetcore.rate_limiting.requests, Number of requests that tried to acquire a rate limiting lease. Requests could be rejected by global or endpoint rate limiting policies. Or the request could be canceled while waiting for the lease., Unit: {request}, Meter: Microsoft.AspNetCore.RateLimiting
(2025-09-11T06:44:39.9798945Z, 2025-09-11T06:44:47.1419142Z] aspnetcore.rate_limiting.result: acquired LongSum
Value: 72
Metric Name: aspnetcore.routing.match_attempts, Number of requests that were attempted to be matched to an endpoint., Unit: {match_attempt}, Meter: Microsoft.AspNetCore.Routing
(2025-09-11T06:44:39.9807121Z, 2025-09-11T06:44:47.1419150Z] aspnetcore.routing.is_fallback: false aspnetcore.routing.match_status: success http.route: api/Auth/register LongSum
Value: 13
(2025-09-11T06:44:39.9807121Z, 2025-09-11T06:44:47.1419150Z] aspnetcore.routing.is_fallback: false aspnetcore.routing.match_status: success http.route: api/Auth/login LongSum
Value: 3
(2025-09-11T06:44:39.9807121Z, 2025-09-11T06:44:47.1419150Z] aspnetcore.routing.is_fallback: false aspnetcore.routing.match_status: success http.route: api/Roles LongSum
Value: 15
(2025-09-11T06:44:39.9807121Z, 2025-09-11T06:44:47.1419150Z] aspnetcore.routing.is_fallback: false aspnetcore.routing.match_status: success http.route: api/Walls LongSum
Value: 3
(2025-09-11T06:44:39.9807121Z, 2025-09-11T06:44:47.1419150Z] aspnetcore.routing.is_fallback: false aspnetcore.routing.match_status: success http.route: api/People LongSum
Value: 31
(2025-09-11T06:44:39.9807121Z, 2025-09-11T06:44:47.1419150Z] aspnetcore.routing.is_fallback: false aspnetcore.routing.match_status: success http.route: api/Windows LongSum
Value: 1
(2025-09-11T06:44:39.9807121Z, 2025-09-11T06:44:47.1419150Z] aspnetcore.routing.is_fallback: false aspnetcore.routing.match_status: success http.route: api/People/{id:guid} LongSum
Value: 6
[06:44:47 INF] Starting Crud API application {"Application": "Crud.Api"}
[06:44:47 INF] Using SQLite provider with connection: Data Source=TestDatabase.db {"Application": "Crud.Api"}
[06:44:47 INF] Database ensured successfully {"Application": "Crud.Api"}
[06:44:47 INF] Application configured successfully. Starting web host... {"Application": "Crud.Api"}
[06:44:47 INF] Resetting database for worker 14694 {"SourceContext": "Infrastructure.Services.DatabaseTestService", "Application": "Crud.Api"}
[06:44:47 INF] Resetting database via file deletion for worker 14694 in CI environment {"SourceContext": "Infrastructure.Services.DatabaseTestService", "Application": "Crud.Api"}
[06:44:47 INF] Acquiring database mutex for worker 14694... {"SourceContext": "Infrastructure.Services.DatabaseTestService", "Application": "Crud.Api"}
[06:44:47 INF] Database mutex acquired for worker 14694 {"SourceContext": "Infrastructure.Services.DatabaseTestService", "Application": "Crud.Api"}
[06:44:47 INF] Current database state - CanConnect: True {"SourceContext": "Infrastructure.Services.DatabaseTestService", "Application": "Crud.Api"}
[06:44:47 INF] [Phase 0] Closing database connection for worker 14694... {"SourceContext": "Infrastructure.Services.DatabaseTestService", "Application": "Crud.Api"}
[06:44:47 INF] [Phase 0] Connection closed in 0.0008ms {"SourceContext": "Infrastructure.Services.DatabaseTestService", "Application": "Crud.Api"}
[06:44:47 INF] [Phase 1] Starting EnsureDeletedAsync for worker 14694... {"SourceContext": "Infrastructure.Services.DatabaseTestService", "Application": "Crud.Api"}
[06:44:47 INF] [Phase 1] EnsureDeletedAsync completed in 1.422ms {"SourceContext": "Infrastructure.Services.DatabaseTestService", "Application": "Crud.Api"}
[06:44:47 INF] [Phase 2] Starting EnsureCreatedAsync for worker 14694... {"SourceContext": "Infrastructure.Services.DatabaseTestService", "Application": "Crud.Api"}
[06:44:47 INF] [Phase 2] EnsureCreatedAsync completed in 11.614ms {"SourceContext": "Infrastructure.Services.DatabaseTestService", "Application": "Crud.Api"}
[06:44:47 INF] [Phase 3] Skipping database seeding as requested for worker 14694 {"SourceContext": "Infrastructure.Services.DatabaseTestService", "Application": "Crud.Api"}
[06:44:47 INF] Database reset via file deletion completed for worker 14694 in 113.0484ms (Close: 0.0008ms, Delete: 1.422ms, Create: 11.614ms) {"SourceContext": "Infrastructure.Services.DatabaseTestService", "Application": "Crud.Api"}
[06:44:47 INF] Releasing database mutex for worker 14694 {"SourceContext": "Infrastructure.Services.DatabaseTestService", "Application": "Crud.Api"}
[06:44:47 WRN] Failed to determine the https port for redirect. {"EventId": {"Id": 3, "Name": "FailedToDeterminePort"}, "SourceContext": "Microsoft.AspNetCore.HttpsPolicy.HttpsRedirectionMiddleware", "RequestId": "0HNFGVQB4PDO0", "RequestPath": "/api/database/reset", "Application": "Crud.Api"}
[06:44:47 INF] Database reset request received for worker 1 at 09/11/2025 06:44:47 {"SourceContext": "Api.Controllers.DatabaseController", "ActionId": "824c2bac-306c-4b87-ac59-0c920f067194", "ActionName": "Api.Controllers.DatabaseController.ResetDatabase (Api)", "RequestId": "0HNFGVQB4PDO0", "RequestPath": "/api/database/reset", "Application": "Crud.Api"}
[06:44:47 WRN] Unauthorized database reset attempt from null {"SourceContext": "Api.Controllers.DatabaseController", "ActionId": "824c2bac-306c-4b87-ac59-0c920f067194", "ActionName": "Api.Controllers.DatabaseController.ResetDatabase (Api)", "RequestId": "0HNFGVQB4PDO0", "RequestPath": "/api/database/reset", "Application": "Crud.Api"}
Activity.TraceId:            56c98f7047f7791c6f4c3068ac1a24bd
Activity.SpanId:             5e7c5e44fe8b4837
Activity.TraceFlags:         Recorded
Activity.ActivitySourceName: Microsoft.AspNetCore
Activity.DisplayName:        POST api/Database/reset
Activity.Kind:               Server
Activity.StartTime:          2025-09-11T06:44:47.2938839Z
Activity.Duration:           00:00:00.0076704
Activity.Tags:
    server.address: localhost
    http.request.method: POST
    url.scheme: http
    url.path: /api/database/reset
    network.protocol.version: 1.1
    http.route: api/Database/reset
    http.response.status_code: 401
Resource associated with Activity:
    deployment.environment: Testing
    service.name: Crud.Api
    service.version: 1.0.0
    service.instance.id: bb25e7a8-9ced-49c8-9e52-fd74b67e7fff
    telemetry.sdk.name: opentelemetry
    telemetry.sdk.language: dotnet
    telemetry.sdk.version: 1.8.1
[06:44:47 INF] Resetting database for worker 14694 {"SourceContext": "Infrastructure.Services.DatabaseTestService", "Application": "Crud.Api"}
[06:44:47 INF] Resetting database via file deletion for worker 14694 in CI environment {"SourceContext": "Infrastructure.Services.DatabaseTestService", "Application": "Crud.Api"}
[06:44:47 INF] Acquiring database mutex for worker 14694... {"SourceContext": "Infrastructure.Services.DatabaseTestService", "Application": "Crud.Api"}
[06:44:47 INF] Database mutex acquired for worker 14694 {"SourceContext": "Infrastructure.Services.DatabaseTestService", "Application": "Crud.Api"}
[06:44:47 INF] Current database state - CanConnect: True {"SourceContext": "Infrastructure.Services.DatabaseTestService", "Application": "Crud.Api"}
[06:44:47 INF] [Phase 0] Closing database connection for worker 14694... {"SourceContext": "Infrastructure.Services.DatabaseTestService", "Application": "Crud.Api"}
[06:44:47 INF] [Phase 0] Connection closed in 0.0008ms {"SourceContext": "Infrastructure.Services.DatabaseTestService", "Application": "Crud.Api"}
[06:44:47 INF] [Phase 1] Starting EnsureDeletedAsync for worker 14694... {"SourceContext": "Infrastructure.Services.DatabaseTestService", "Application": "Crud.Api"}
[06:44:47 INF] [Phase 1] EnsureDeletedAsync completed in 1.1253ms {"SourceContext": "Infrastructure.Services.DatabaseTestService", "Application": "Crud.Api"}
[06:44:47 INF] [Phase 2] Starting EnsureCreatedAsync for worker 14694... {"SourceContext": "Infrastructure.Services.DatabaseTestService", "Application": "Crud.Api"}
[06:44:47 INF] [Phase 2] EnsureCreatedAsync completed in 8.4172ms {"SourceContext": "Infrastructure.Services.DatabaseTestService", "Application": "Crud.Api"}
[06:44:47 INF] [Phase 3] Skipping database seeding as requested for worker 14694 {"SourceContext": "Infrastructure.Services.DatabaseTestService", "Application": "Crud.Api"}
[06:44:47 INF] Database reset via file deletion completed for worker 14694 in 109.1293ms (Close: 0.0008ms, Delete: 1.1253ms, Create: 8.4172ms) {"SourceContext": "Infrastructure.Services.DatabaseTestService", "Application": "Crud.Api"}
[06:44:47 INF] Releasing database mutex for worker 14694 {"SourceContext": "Infrastructure.Services.DatabaseTestService", "Application": "Crud.Api"}
[06:44:47 INF] Resetting database for worker 14694 {"SourceContext": "Infrastructure.Services.DatabaseTestService", "Application": "Crud.Api"}
[06:44:47 INF] Resetting database via file deletion for worker 14694 in CI environment {"SourceContext": "Infrastructure.Services.DatabaseTestService", "Application": "Crud.Api"}
[06:44:47 INF] Acquiring database mutex for worker 14694... {"SourceContext": "Infrastructure.Services.DatabaseTestService", "Application": "Crud.Api"}
[06:44:47 INF] Database mutex acquired for worker 14694 {"SourceContext": "Infrastructure.Services.DatabaseTestService", "Application": "Crud.Api"}
[06:44:47 INF] Current database state - CanConnect: True {"SourceContext": "Infrastructure.Services.DatabaseTestService", "Application": "Crud.Api"}
[06:44:47 INF] [Phase 0] Closing database connection for worker 14694... {"SourceContext": "Infrastructure.Services.DatabaseTestService", "Application": "Crud.Api"}
[06:44:47 INF] [Phase 0] Connection closed in 0.0006ms {"SourceContext": "Infrastructure.Services.DatabaseTestService", "Application": "Crud.Api"}
[06:44:47 INF] [Phase 1] Starting EnsureDeletedAsync for worker 14694... {"SourceContext": "Infrastructure.Services.DatabaseTestService", "Application": "Crud.Api"}
[06:44:47 INF] [Phase 1] EnsureDeletedAsync completed in 1.2793ms {"SourceContext": "Infrastructure.Services.DatabaseTestService", "Application": "Crud.Api"}
[06:44:47 INF] [Phase 2] Starting EnsureCreatedAsync for worker 14694... {"SourceContext": "Infrastructure.Services.DatabaseTestService", "Application": "Crud.Api"}
[06:44:47 INF] [Phase 2] EnsureCreatedAsync completed in 7.1284ms {"SourceContext": "Infrastructure.Services.DatabaseTestService", "Application": "Crud.Api"}
[06:44:47 INF] [Phase 3] Skipping database seeding as requested for worker 14694 {"SourceContext": "Infrastructure.Services.DatabaseTestService", "Application": "Crud.Api"}
[06:44:47 INF] Database reset via file deletion completed for worker 14694 in 109.1435ms (Close: 0.0006ms, Delete: 1.2793ms, Create: 7.1284ms) {"SourceContext": "Infrastructure.Services.DatabaseTestService", "Application": "Crud.Api"}
[06:44:47 INF] Releasing database mutex for worker 14694 {"SourceContext": "Infrastructure.Services.DatabaseTestService", "Application": "Crud.Api"}
[06:44:47 INF] Seeding database for worker 1 {"SourceContext": "Infrastructure.Services.DatabaseTestService", "ActionId": "78f4b360-f680-4626-952b-02a5c8e7a84d", "ActionName": "Api.Controllers.DatabaseController.SeedDatabase (Api)", "RequestId": "0HNFGVQB4PDO1", "RequestPath": "/api/database/seed", "Application": "Crud.Api"}
[06:44:47 DBG] Added 3 seed roles {"SourceContext": "Infrastructure.Services.DatabaseTestService", "ActionId": "78f4b360-f680-4626-952b-02a5c8e7a84d", "ActionName": "Api.Controllers.DatabaseController.SeedDatabase (Api)", "RequestId": "0HNFGVQB4PDO1", "RequestPath": "/api/database/seed", "Application": "Crud.Api"}
[06:44:47 DBG] Added 2 seed people {"SourceContext": "Infrastructure.Services.DatabaseTestService", "ActionId": "78f4b360-f680-4626-952b-02a5c8e7a84d", "ActionName": "Api.Controllers.DatabaseController.SeedDatabase (Api)", "RequestId": "0HNFGVQB4PDO1", "RequestPath": "/api/database/seed", "Application": "Crud.Api"}
[06:44:47 INF] Database seeding completed for worker 1 {"SourceContext": "Infrastructure.Services.DatabaseTestService", "ActionId": "78f4b360-f680-4626-952b-02a5c8e7a84d", "ActionName": "Api.Controllers.DatabaseController.SeedDatabase (Api)", "RequestId": "0HNFGVQB4PDO1", "RequestPath": "/api/database/seed", "Application": "Crud.Api"}
Activity.TraceId:            3a9a7ac38972cddd27568ebf8fa25340
Activity.SpanId:             e57698a86d0f6241
Activity.TraceFlags:         Recorded
Activity.ActivitySourceName: Microsoft.AspNetCore
Activity.DisplayName:        POST api/Database/seed
Activity.Kind:               Server
Activity.StartTime:          2025-09-11T06:44:47.5258073Z
Activity.Duration:           00:00:00.0131229
Activity.Tags:
    server.address: localhost
    http.request.method: POST
    url.scheme: http
    url.path: /api/database/seed
    network.protocol.version: 1.1
    http.route: api/Database/seed
    http.response.status_code: 200
Resource associated with Activity:
    deployment.environment: Testing
    service.name: Crud.Api
    service.version: 1.0.0
    service.instance.id: bb25e7a8-9ced-49c8-9e52-fd74b67e7fff
    telemetry.sdk.name: opentelemetry
    telemetry.sdk.language: dotnet
    telemetry.sdk.version: 1.8.1
[06:44:47 INF] Resetting database for worker 14694 {"SourceContext": "Infrastructure.Services.DatabaseTestService", "Application": "Crud.Api"}
[06:44:47 INF] Resetting database via file deletion for worker 14694 in CI environment {"SourceContext": "Infrastructure.Services.DatabaseTestService", "Application": "Crud.Api"}
[06:44:47 INF] Acquiring database mutex for worker 14694... {"SourceContext": "Infrastructure.Services.DatabaseTestService", "Application": "Crud.Api"}
[06:44:47 INF] Database mutex acquired for worker 14694 {"SourceContext": "Infrastructure.Services.DatabaseTestService", "Application": "Crud.Api"}
[06:44:47 INF] Current database state - CanConnect: True {"SourceContext": "Infrastructure.Services.DatabaseTestService", "Application": "Crud.Api"}
[06:44:47 INF] [Phase 0] Closing database connection for worker 14694... {"SourceContext": "Infrastructure.Services.DatabaseTestService", "Application": "Crud.Api"}
[06:44:47 INF] [Phase 0] Connection closed in 0.0005ms {"SourceContext": "Infrastructure.Services.DatabaseTestService", "Application": "Crud.Api"}
[06:44:47 INF] [Phase 1] Starting EnsureDeletedAsync for worker 14694... {"SourceContext": "Infrastructure.Services.DatabaseTestService", "Application": "Crud.Api"}
[06:44:47 INF] [Phase 1] EnsureDeletedAsync completed in 1.5458ms {"SourceContext": "Infrastructure.Services.DatabaseTestService", "Application": "Crud.Api"}
[06:44:47 INF] [Phase 2] Starting EnsureCreatedAsync for worker 14694... {"SourceContext": "Infrastructure.Services.DatabaseTestService", "Application": "Crud.Api"}
[06:44:47 INF] [Phase 2] EnsureCreatedAsync completed in 7.2568ms {"SourceContext": "Infrastructure.Services.DatabaseTestService", "Application": "Crud.Api"}
[06:44:47 INF] [Phase 3] Skipping database seeding as requested for worker 14694 {"SourceContext": "Infrastructure.Services.DatabaseTestService", "Application": "Crud.Api"}
[06:44:47 INF] Database reset via file deletion completed for worker 14694 in 108.5713ms (Close: 0.0005ms, Delete: 1.5458ms, Create: 7.2568ms) {"SourceContext": "Infrastructure.Services.DatabaseTestService", "Application": "Crud.Api"}
[06:44:47 INF] Releasing database mutex for worker 14694 {"SourceContext": "Infrastructure.Services.DatabaseTestService", "Application": "Crud.Api"}
[06:44:47 INF] Resetting database for worker 14694 {"SourceContext": "Infrastructure.Services.DatabaseTestService", "Application": "Crud.Api"}
[06:44:47 INF] Resetting database via file deletion for worker 14694 in CI environment {"SourceContext": "Infrastructure.Services.DatabaseTestService", "Application": "Crud.Api"}
[06:44:47 INF] Acquiring database mutex for worker 14694... {"SourceContext": "Infrastructure.Services.DatabaseTestService", "Application": "Crud.Api"}
[06:44:47 INF] Database mutex acquired for worker 14694 {"SourceContext": "Infrastructure.Services.DatabaseTestService", "Application": "Crud.Api"}
[06:44:47 INF] Current database state - CanConnect: True {"SourceContext": "Infrastructure.Services.DatabaseTestService", "Application": "Crud.Api"}
[06:44:47 INF] [Phase 0] Closing database connection for worker 14694... {"SourceContext": "Infrastructure.Services.DatabaseTestService", "Application": "Crud.Api"}
[06:44:47 INF] [Phase 0] Connection closed in 0.0005ms {"SourceContext": "Infrastructure.Services.DatabaseTestService", "Application": "Crud.Api"}
[06:44:47 INF] [Phase 1] Starting EnsureDeletedAsync for worker 14694... {"SourceContext": "Infrastructure.Services.DatabaseTestService", "Application": "Crud.Api"}
[06:44:47 INF] [Phase 1] EnsureDeletedAsync completed in 1.1768ms {"SourceContext": "Infrastructure.Services.DatabaseTestService", "Application": "Crud.Api"}
[06:44:47 INF] [Phase 2] Starting EnsureCreatedAsync for worker 14694... {"SourceContext": "Infrastructure.Services.DatabaseTestService", "Application": "Crud.Api"}
[06:44:47 INF] [Phase 2] EnsureCreatedAsync completed in 7.7587ms {"SourceContext": "Infrastructure.Services.DatabaseTestService", "Application": "Crud.Api"}
[06:44:47 INF] [Phase 3] Skipping database seeding as requested for worker 14694 {"SourceContext": "Infrastructure.Services.DatabaseTestService", "Application": "Crud.Api"}
[06:44:47 INF] Database reset via file deletion completed for worker 14694 in 108.4685ms (Close: 0.0005ms, Delete: 1.1768ms, Create: 7.7587ms) {"SourceContext": "Infrastructure.Services.DatabaseTestService", "Application": "Crud.Api"}
[06:44:47 INF] Releasing database mutex for worker 14694 {"SourceContext": "Infrastructure.Services.DatabaseTestService", "Application": "Crud.Api"}
[06:44:47 DBG] Validating pre-test database state for worker 1 {"SourceContext": "Infrastructure.Services.DatabaseTestService", "ActionId": "1d943e3b-c88f-4f48-9245-12a05bb44bd6", "ActionName": "Api.Controllers.DatabaseController.ValidatePreTestState (Api)", "RequestId": "0HNFGVQB4PDO2", "RequestPath": "/api/database/validate-pre-test", "Application": "Crud.Api"}
[06:44:47 DBG] Pre-test validation passed for worker 1 {"SourceContext": "Infrastructure.Services.DatabaseTestService", "ActionId": "1d943e3b-c88f-4f48-9245-12a05bb44bd6", "ActionName": "Api.Controllers.DatabaseController.ValidatePreTestState (Api)", "RequestId": "0HNFGVQB4PDO2", "RequestPath": "/api/database/validate-pre-test", "Application": "Crud.Api"}
Activity.TraceId:            df3dd660d48d0b22d7f029bd5e8d7bc8
Activity.SpanId:             8921cf1dd547b9b2
Activity.TraceFlags:         Recorded
Activity.ActivitySourceName: Microsoft.AspNetCore
Activity.DisplayName:        GET api/Database/validate-pre-test
Activity.Kind:               Server
Activity.StartTime:          2025-09-11T06:44:47.7597680Z
Activity.Duration:           00:00:00.0168628
Activity.Tags:
    server.address: localhost
    url.query: ?workerIndex=Redacted
    http.request.method: GET
    url.scheme: http
    url.path: /api/database/validate-pre-test
    network.protocol.version: 1.1
    http.route: api/Database/validate-pre-test
    http.response.status_code: 200
Resource associated with Activity:
    deployment.environment: Testing
    service.name: Crud.Api
    service.version: 1.0.0
    service.instance.id: bb25e7a8-9ced-49c8-9e52-fd74b67e7fff
    telemetry.sdk.name: opentelemetry
    telemetry.sdk.language: dotnet
    telemetry.sdk.version: 1.8.1
[06:44:47 INF] Resetting database for worker 14694 {"SourceContext": "Infrastructure.Services.DatabaseTestService", "Application": "Crud.Api"}
[06:44:47 INF] Resetting database via file deletion for worker 14694 in CI environment {"SourceContext": "Infrastructure.Services.DatabaseTestService", "Application": "Crud.Api"}
[06:44:47 INF] Acquiring database mutex for worker 14694... {"SourceContext": "Infrastructure.Services.DatabaseTestService", "Application": "Crud.Api"}
[06:44:47 INF] Database mutex acquired for worker 14694 {"SourceContext": "Infrastructure.Services.DatabaseTestService", "Application": "Crud.Api"}
[06:44:47 INF] Current database state - CanConnect: True {"SourceContext": "Infrastructure.Services.DatabaseTestService", "Application": "Crud.Api"}
[06:44:47 INF] [Phase 0] Closing database connection for worker 14694... {"SourceContext": "Infrastructure.Services.DatabaseTestService", "Application": "Crud.Api"}
[06:44:47 INF] [Phase 0] Connection closed in 0.0005ms {"SourceContext": "Infrastructure.Services.DatabaseTestService", "Application": "Crud.Api"}
[06:44:47 INF] [Phase 1] Starting EnsureDeletedAsync for worker 14694... {"SourceContext": "Infrastructure.Services.DatabaseTestService", "Application": "Crud.Api"}
[06:44:47 INF] [Phase 1] EnsureDeletedAsync completed in 1.1226ms {"SourceContext": "Infrastructure.Services.DatabaseTestService", "Application": "Crud.Api"}
[06:44:47 INF] [Phase 2] Starting EnsureCreatedAsync for worker 14694... {"SourceContext": "Infrastructure.Services.DatabaseTestService", "Application": "Crud.Api"}
[06:44:47 INF] [Phase 2] EnsureCreatedAsync completed in 7.5349ms {"SourceContext": "Infrastructure.Services.DatabaseTestService", "Application": "Crud.Api"}
[06:44:47 INF] [Phase 3] Skipping database seeding as requested for worker 14694 {"SourceContext": "Infrastructure.Services.DatabaseTestService", "Application": "Crud.Api"}
[06:44:47 INF] Database reset via file deletion completed for worker 14694 in 109.1344ms (Close: 0.0005ms, Delete: 1.1226ms, Create: 7.5349ms) {"SourceContext": "Infrastructure.Services.DatabaseTestService", "Application": "Crud.Api"}
[06:44:47 INF] Releasing database mutex for worker 14694 {"SourceContext": "Infrastructure.Services.DatabaseTestService", "Application": "Crud.Api"}
[06:44:47 INF] Resetting database for worker 14694 {"SourceContext": "Infrastructure.Services.DatabaseTestService", "Application": "Crud.Api"}
[06:44:47 INF] Resetting database via file deletion for worker 14694 in CI environment {"SourceContext": "Infrastructure.Services.DatabaseTestService", "Application": "Crud.Api"}
[06:44:47 INF] Acquiring database mutex for worker 14694... {"SourceContext": "Infrastructure.Services.DatabaseTestService", "Application": "Crud.Api"}
[06:44:47 INF] Database mutex acquired for worker 14694 {"SourceContext": "Infrastructure.Services.DatabaseTestService", "Application": "Crud.Api"}
[06:44:47 INF] Current database state - CanConnect: True {"SourceContext": "Infrastructure.Services.DatabaseTestService", "Application": "Crud.Api"}
[06:44:47 INF] [Phase 0] Closing database connection for worker 14694... {"SourceContext": "Infrastructure.Services.DatabaseTestService", "Application": "Crud.Api"}
[06:44:47 INF] [Phase 0] Connection closed in 0.0006ms {"SourceContext": "Infrastructure.Services.DatabaseTestService", "Application": "Crud.Api"}
[06:44:47 INF] [Phase 1] Starting EnsureDeletedAsync for worker 14694... {"SourceContext": "Infrastructure.Services.DatabaseTestService", "Application": "Crud.Api"}
[06:44:47 INF] [Phase 1] EnsureDeletedAsync completed in 1.0404ms {"SourceContext": "Infrastructure.Services.DatabaseTestService", "Application": "Crud.Api"}
[06:44:47 INF] [Phase 2] Starting EnsureCreatedAsync for worker 14694... {"SourceContext": "Infrastructure.Services.DatabaseTestService", "Application": "Crud.Api"}
[06:44:48 INF] [Phase 2] EnsureCreatedAsync completed in 10.8857ms {"SourceContext": "Infrastructure.Services.DatabaseTestService", "Application": "Crud.Api"}
[06:44:48 INF] [Phase 3] Skipping database seeding as requested for worker 14694 {"SourceContext": "Infrastructure.Services.DatabaseTestService", "Application": "Crud.Api"}
[06:44:48 INF] Database reset via file deletion completed for worker 14694 in 111.2991ms (Close: 0.0006ms, Delete: 1.0404ms, Create: 10.8857ms) {"SourceContext": "Infrastructure.Services.DatabaseTestService", "Application": "Crud.Api"}
[06:44:48 INF] Releasing database mutex for worker 14694 {"SourceContext": "Infrastructure.Services.DatabaseTestService", "Application": "Crud.Api"}
[06:44:48 DBG] Verifying database integrity for worker 1 {"SourceContext": "Infrastructure.Services.DatabaseTestService", "ActionId": "92a01feb-3066-49ff-8bb1-608be38c4e80", "ActionName": "Api.Controllers.DatabaseController.VerifyDatabaseIntegrity (Api)", "RequestId": "0HNFGVQB4PDO3", "RequestPath": "/api/database/verify-integrity", "Application": "Crud.Api"}
[06:44:48 DBG] Database integrity verification passed for worker 1 {"SourceContext": "Infrastructure.Services.DatabaseTestService", "ActionId": "92a01feb-3066-49ff-8bb1-608be38c4e80", "ActionName": "Api.Controllers.DatabaseController.VerifyDatabaseIntegrity (Api)", "RequestId": "0HNFGVQB4PDO3", "RequestPath": "/api/database/verify-integrity", "Application": "Crud.Api"}
Activity.TraceId:            05f5a8fb18419e6013d86e277a40936e
Activity.SpanId:             e254bd09d8ddbda9
Activity.TraceFlags:         Recorded
Activity.ActivitySourceName: Microsoft.AspNetCore
Activity.DisplayName:        GET api/Database/verify-integrity
Activity.Kind:               Server
Activity.StartTime:          2025-09-11T06:44:48.0033288Z
Activity.Duration:           00:00:00.0066553
Activity.Tags:
    server.address: localhost
    url.query: ?workerIndex=Redacted
    http.request.method: GET
    url.scheme: http
    url.path: /api/database/verify-integrity
    network.protocol.version: 1.1
    http.route: api/Database/verify-integrity
    http.response.status_code: 200
Resource associated with Activity:
    deployment.environment: Testing
    service.name: Crud.Api
    service.version: 1.0.0
    service.instance.id: bb25e7a8-9ced-49c8-9e52-fd74b67e7fff
    telemetry.sdk.name: opentelemetry
    telemetry.sdk.language: dotnet
    telemetry.sdk.version: 1.8.1
[06:44:48 INF] Resetting database for worker 14694 {"SourceContext": "Infrastructure.Services.DatabaseTestService", "Application": "Crud.Api"}
[06:44:48 INF] Resetting database via file deletion for worker 14694 in CI environment {"SourceContext": "Infrastructure.Services.DatabaseTestService", "Application": "Crud.Api"}
[06:44:48 INF] Acquiring database mutex for worker 14694... {"SourceContext": "Infrastructure.Services.DatabaseTestService", "Application": "Crud.Api"}
[06:44:48 INF] Database mutex acquired for worker 14694 {"SourceContext": "Infrastructure.Services.DatabaseTestService", "Application": "Crud.Api"}
[06:44:48 INF] Current database state - CanConnect: True {"SourceContext": "Infrastructure.Services.DatabaseTestService", "Application": "Crud.Api"}
[06:44:48 INF] [Phase 0] Closing database connection for worker 14694... {"SourceContext": "Infrastructure.Services.DatabaseTestService", "Application": "Crud.Api"}
[06:44:48 INF] [Phase 0] Connection closed in 0.0005ms {"SourceContext": "Infrastructure.Services.DatabaseTestService", "Application": "Crud.Api"}
[06:44:48 INF] [Phase 1] Starting EnsureDeletedAsync for worker 14694... {"SourceContext": "Infrastructure.Services.DatabaseTestService", "Application": "Crud.Api"}
[06:44:48 INF] [Phase 1] EnsureDeletedAsync completed in 1.2728ms {"SourceContext": "Infrastructure.Services.DatabaseTestService", "Application": "Crud.Api"}
[06:44:48 INF] [Phase 2] Starting EnsureCreatedAsync for worker 14694... {"SourceContext": "Infrastructure.Services.DatabaseTestService", "Application": "Crud.Api"}
[06:44:48 INF] [Phase 2] EnsureCreatedAsync completed in 8.0506ms {"SourceContext": "Infrastructure.Services.DatabaseTestService", "Application": "Crud.Api"}
[06:44:48 INF] [Phase 3] Skipping database seeding as requested for worker 14694 {"SourceContext": "Infrastructure.Services.DatabaseTestService", "Application": "Crud.Api"}
[06:44:48 INF] Database reset via file deletion completed for worker 14694 in 109.2954ms (Close: 0.0005ms, Delete: 1.2728ms, Create: 8.0506ms) {"SourceContext": "Infrastructure.Services.DatabaseTestService", "Application": "Crud.Api"}
[06:44:48 INF] Releasing database mutex for worker 14694 {"SourceContext": "Infrastructure.Services.DatabaseTestService", "Application": "Crud.Api"}
[06:44:48 INF] Resetting database for worker 14694 {"SourceContext": "Infrastructure.Services.DatabaseTestService", "Application": "Crud.Api"}
[06:44:48 INF] Resetting database via file deletion for worker 14694 in CI environment {"SourceContext": "Infrastructure.Services.DatabaseTestService", "Application": "Crud.Api"}
[06:44:48 INF] Acquiring database mutex for worker 14694... {"SourceContext": "Infrastructure.Services.DatabaseTestService", "Application": "Crud.Api"}
[06:44:48 INF] Database mutex acquired for worker 14694 {"SourceContext": "Infrastructure.Services.DatabaseTestService", "Application": "Crud.Api"}
[06:44:48 INF] Current database state - CanConnect: True {"SourceContext": "Infrastructure.Services.DatabaseTestService", "Application": "Crud.Api"}
[06:44:48 INF] [Phase 0] Closing database connection for worker 14694... {"SourceContext": "Infrastructure.Services.DatabaseTestService", "Application": "Crud.Api"}
[06:44:48 INF] [Phase 0] Connection closed in 0.0005ms {"SourceContext": "Infrastructure.Services.DatabaseTestService", "Application": "Crud.Api"}
[06:44:48 INF] [Phase 1] Starting EnsureDeletedAsync for worker 14694... {"SourceContext": "Infrastructure.Services.DatabaseTestService", "Application": "Crud.Api"}
[06:44:48 INF] [Phase 1] EnsureDeletedAsync completed in 1.1258ms {"SourceContext": "Infrastructure.Services.DatabaseTestService", "Application": "Crud.Api"}
[06:44:48 INF] [Phase 2] Starting EnsureCreatedAsync for worker 14694... {"SourceContext": "Infrastructure.Services.DatabaseTestService", "Application": "Crud.Api"}
[06:44:48 INF] [Phase 2] EnsureCreatedAsync completed in 7.7012ms {"SourceContext": "Infrastructure.Services.DatabaseTestService", "Application": "Crud.Api"}
[06:44:48 INF] [Phase 3] Skipping database seeding as requested for worker 14694 {"SourceContext": "Infrastructure.Services.DatabaseTestService", "Application": "Crud.Api"}
[06:44:48 INF] Database reset via file deletion completed for worker 14694 in 108.3882ms (Close: 0.0005ms, Delete: 1.1258ms, Create: 7.7012ms) {"SourceContext": "Infrastructure.Services.DatabaseTestService", "Application": "Crud.Api"}
[06:44:48 INF] Releasing database mutex for worker 14694 {"SourceContext": "Infrastructure.Services.DatabaseTestService", "Application": "Crud.Api"}
Activity.TraceId:            3fb5f9cc4d446f07535945d62e2e2d64
Activity.SpanId:             db18fff8fcece02b
Activity.TraceFlags:         Recorded
Activity.ActivitySourceName: Microsoft.AspNetCore
Activity.DisplayName:        GET api/Database/status
Activity.Kind:               Server
Activity.StartTime:          2025-09-11T06:44:48.2316905Z
Activity.Duration:           00:00:00.0054063
Activity.Tags:
    server.address: localhost
    http.request.method: GET
    url.scheme: http
    url.path: /api/database/status
    network.protocol.version: 1.1
    http.route: api/Database/status
    http.response.status_code: 200
Resource associated with Activity:
    deployment.environment: Testing
    service.name: Crud.Api
    service.version: 1.0.0
    service.instance.id: bb25e7a8-9ced-49c8-9e52-fd74b67e7fff
    telemetry.sdk.name: opentelemetry
    telemetry.sdk.language: dotnet
    telemetry.sdk.version: 1.8.1
[06:44:48 INF] Resetting database for worker 14694 {"SourceContext": "Infrastructure.Services.DatabaseTestService", "Application": "Crud.Api"}
[06:44:48 INF] Resetting database via file deletion for worker 14694 in CI environment {"SourceContext": "Infrastructure.Services.DatabaseTestService", "Application": "Crud.Api"}
[06:44:48 INF] Acquiring database mutex for worker 14694... {"SourceContext": "Infrastructure.Services.DatabaseTestService", "Application": "Crud.Api"}
[06:44:48 INF] Database mutex acquired for worker 14694 {"SourceContext": "Infrastructure.Services.DatabaseTestService", "Application": "Crud.Api"}
[06:44:48 INF] Current database state - CanConnect: True {"SourceContext": "Infrastructure.Services.DatabaseTestService", "Application": "Crud.Api"}
[06:44:48 INF] [Phase 0] Closing database connection for worker 14694... {"SourceContext": "Infrastructure.Services.DatabaseTestService", "Application": "Crud.Api"}
[06:44:48 INF] [Phase 0] Connection closed in 0.0006ms {"SourceContext": "Infrastructure.Services.DatabaseTestService", "Application": "Crud.Api"}
[06:44:48 INF] [Phase 1] Starting EnsureDeletedAsync for worker 14694... {"SourceContext": "Infrastructure.Services.DatabaseTestService", "Application": "Crud.Api"}
[06:44:48 INF] [Phase 1] EnsureDeletedAsync completed in 1.2553ms {"SourceContext": "Infrastructure.Services.DatabaseTestService", "Application": "Crud.Api"}
[06:44:48 INF] [Phase 2] Starting EnsureCreatedAsync for worker 14694... {"SourceContext": "Infrastructure.Services.DatabaseTestService", "Application": "Crud.Api"}
[06:44:48 INF] [Phase 2] EnsureCreatedAsync completed in 7.6481ms {"SourceContext": "Infrastructure.Services.DatabaseTestService", "Application": "Crud.Api"}
[06:44:48 INF] [Phase 3] Skipping database seeding as requested for worker 14694 {"SourceContext": "Infrastructure.Services.DatabaseTestService", "Application": "Crud.Api"}
[06:44:48 INF] Database reset via file deletion completed for worker 14694 in 109.1255ms (Close: 0.0006ms, Delete: 1.2553ms, Create: 7.6481ms) {"SourceContext": "Infrastructure.Services.DatabaseTestService", "Application": "Crud.Api"}
[06:44:48 INF] Releasing database mutex for worker 14694 {"SourceContext": "Infrastructure.Services.DatabaseTestService", "Application": "Crud.Api"}
[06:44:48 INF] Resetting database for worker 14694 {"SourceContext": "Infrastructure.Services.DatabaseTestService", "Application": "Crud.Api"}
[06:44:48 INF] Resetting database via file deletion for worker 14694 in CI environment {"SourceContext": "Infrastructure.Services.DatabaseTestService", "Application": "Crud.Api"}
[06:44:48 INF] Acquiring database mutex for worker 14694... {"SourceContext": "Infrastructure.Services.DatabaseTestService", "Application": "Crud.Api"}
[06:44:48 INF] Database mutex acquired for worker 14694 {"SourceContext": "Infrastructure.Services.DatabaseTestService", "Application": "Crud.Api"}
[06:44:48 INF] Current database state - CanConnect: True {"SourceContext": "Infrastructure.Services.DatabaseTestService", "Application": "Crud.Api"}
[06:44:48 INF] [Phase 0] Closing database connection for worker 14694... {"SourceContext": "Infrastructure.Services.DatabaseTestService", "Application": "Crud.Api"}
[06:44:48 INF] [Phase 0] Connection closed in 0.0006ms {"SourceContext": "Infrastructure.Services.DatabaseTestService", "Application": "Crud.Api"}
[06:44:48 INF] [Phase 1] Starting EnsureDeletedAsync for worker 14694... {"SourceContext": "Infrastructure.Services.DatabaseTestService", "Application": "Crud.Api"}
[06:44:48 INF] [Phase 1] EnsureDeletedAsync completed in 1.4347ms {"SourceContext": "Infrastructure.Services.DatabaseTestService", "Application": "Crud.Api"}
[06:44:48 INF] [Phase 2] Starting EnsureCreatedAsync for worker 14694... {"SourceContext": "Infrastructure.Services.DatabaseTestService", "Application": "Crud.Api"}
[06:44:48 INF] [Phase 2] EnsureCreatedAsync completed in 7.9472ms {"SourceContext": "Infrastructure.Services.DatabaseTestService", "Application": "Crud.Api"}
[06:44:48 INF] [Phase 3] Skipping database seeding as requested for worker 14694 {"SourceContext": "Infrastructure.Services.DatabaseTestService", "Application": "Crud.Api"}
[06:44:48 INF] Database reset via file deletion completed for worker 14694 in 109.0955ms (Close: 0.0006ms, Delete: 1.4347ms, Create: 7.9472ms) {"SourceContext": "Infrastructure.Services.DatabaseTestService", "Application": "Crud.Api"}
[06:44:48 INF] Releasing database mutex for worker 14694 {"SourceContext": "Infrastructure.Services.DatabaseTestService", "Application": "Crud.Api"}
[06:44:48 INF] Database reset request received for worker 1 at 09/11/2025 06:44:48 {"SourceContext": "Api.Controllers.DatabaseController", "ActionId": "824c2bac-306c-4b87-ac59-0c920f067194", "ActionName": "Api.Controllers.DatabaseController.ResetDatabase (Api)", "RequestId": "0HNFGVQB4PDO5", "RequestPath": "/api/database/reset", "Application": "Crud.Api"}
[06:44:48 INF] CI environment detected - allowing database reset from any IP {"SourceContext": "Api.Controllers.DatabaseController", "ActionId": "824c2bac-306c-4b87-ac59-0c920f067194", "ActionName": "Api.Controllers.DatabaseController.ResetDatabase (Api)", "RequestId": "0HNFGVQB4PDO5", "RequestPath": "/api/database/reset", "Application": "Crud.Api"}
[06:44:48 INF] Starting database reset for worker 1... {"SourceContext": "Api.Controllers.DatabaseController", "ActionId": "824c2bac-306c-4b87-ac59-0c920f067194", "ActionName": "Api.Controllers.DatabaseController.ResetDatabase (Api)", "RequestId": "0HNFGVQB4PDO5", "RequestPath": "/api/database/reset", "Application": "Crud.Api"}
[06:44:48 INF] Resetting database for worker 1 {"SourceContext": "Infrastructure.Services.DatabaseTestService", "ActionId": "824c2bac-306c-4b87-ac59-0c920f067194", "ActionName": "Api.Controllers.DatabaseController.ResetDatabase (Api)", "RequestId": "0HNFGVQB4PDO5", "RequestPath": "/api/database/reset", "Application": "Crud.Api"}
[06:44:48 INF] Resetting database via file deletion for worker 1 in CI environment {"SourceContext": "Infrastructure.Services.DatabaseTestService", "ActionId": "824c2bac-306c-4b87-ac59-0c920f067194", "ActionName": "Api.Controllers.DatabaseController.ResetDatabase (Api)", "RequestId": "0HNFGVQB4PDO5", "RequestPath": "/api/database/reset", "Application": "Crud.Api"}
[06:44:48 INF] Acquiring database mutex for worker 1... {"SourceContext": "Infrastructure.Services.DatabaseTestService", "ActionId": "824c2bac-306c-4b87-ac59-0c920f067194", "ActionName": "Api.Controllers.DatabaseController.ResetDatabase (Api)", "RequestId": "0HNFGVQB4PDO5", "RequestPath": "/api/database/reset", "Application": "Crud.Api"}
[06:44:48 INF] Database mutex acquired for worker 1 {"SourceContext": "Infrastructure.Services.DatabaseTestService", "ActionId": "824c2bac-306c-4b87-ac59-0c920f067194", "ActionName": "Api.Controllers.DatabaseController.ResetDatabase (Api)", "RequestId": "0HNFGVQB4PDO5", "RequestPath": "/api/database/reset", "Application": "Crud.Api"}
[06:44:48 INF] Current database state - CanConnect: True {"SourceContext": "Infrastructure.Services.DatabaseTestService", "ActionId": "824c2bac-306c-4b87-ac59-0c920f067194", "ActionName": "Api.Controllers.DatabaseController.ResetDatabase (Api)", "RequestId": "0HNFGVQB4PDO5", "RequestPath": "/api/database/reset", "Application": "Crud.Api"}
[06:44:48 INF] [Phase 0] Closing database connection for worker 1... {"SourceContext": "Infrastructure.Services.DatabaseTestService", "ActionId": "824c2bac-306c-4b87-ac59-0c920f067194", "ActionName": "Api.Controllers.DatabaseController.ResetDatabase (Api)", "RequestId": "0HNFGVQB4PDO5", "RequestPath": "/api/database/reset", "Application": "Crud.Api"}
[06:44:48 INF] [Phase 0] Connection closed in 0.0005ms {"SourceContext": "Infrastructure.Services.DatabaseTestService", "ActionId": "824c2bac-306c-4b87-ac59-0c920f067194", "ActionName": "Api.Controllers.DatabaseController.ResetDatabase (Api)", "RequestId": "0HNFGVQB4PDO5", "RequestPath": "/api/database/reset", "Application": "Crud.Api"}
[06:44:48 INF] [Phase 1] Starting EnsureDeletedAsync for worker 1... {"SourceContext": "Infrastructure.Services.DatabaseTestService", "ActionId": "824c2bac-306c-4b87-ac59-0c920f067194", "ActionName": "Api.Controllers.DatabaseController.ResetDatabase (Api)", "RequestId": "0HNFGVQB4PDO5", "RequestPath": "/api/database/reset", "Application": "Crud.Api"}
[06:44:48 INF] [Phase 1] EnsureDeletedAsync completed in 1.097ms {"SourceContext": "Infrastructure.Services.DatabaseTestService", "ActionId": "824c2bac-306c-4b87-ac59-0c920f067194", "ActionName": "Api.Controllers.DatabaseController.ResetDatabase (Api)", "RequestId": "0HNFGVQB4PDO5", "RequestPath": "/api/database/reset", "Application": "Crud.Api"}
[06:44:48 INF] [Phase 2] Starting EnsureCreatedAsync for worker 1... {"SourceContext": "Infrastructure.Services.DatabaseTestService", "ActionId": "824c2bac-306c-4b87-ac59-0c920f067194", "ActionName": "Api.Controllers.DatabaseController.ResetDatabase (Api)", "RequestId": "0HNFGVQB4PDO5", "RequestPath": "/api/database/reset", "Application": "Crud.Api"}
[06:44:48 INF] [Phase 2] EnsureCreatedAsync completed in 9.8199ms {"SourceContext": "Infrastructure.Services.DatabaseTestService", "ActionId": "824c2bac-306c-4b87-ac59-0c920f067194", "ActionName": "Api.Controllers.DatabaseController.ResetDatabase (Api)", "RequestId": "0HNFGVQB4PDO5", "RequestPath": "/api/database/reset", "Application": "Crud.Api"}
[06:44:48 INF] [Phase 3] Skipping database seeding as requested for worker 1 {"SourceContext": "Infrastructure.Services.DatabaseTestService", "ActionId": "824c2bac-306c-4b87-ac59-0c920f067194", "ActionName": "Api.Controllers.DatabaseController.ResetDatabase (Api)", "RequestId": "0HNFGVQB4PDO5", "RequestPath": "/api/database/reset", "Application": "Crud.Api"}
[06:44:48 INF] Database reset via file deletion completed for worker 1 in 111.2591ms (Close: 0.0005ms, Delete: 1.097ms, Create: 9.8199ms) {"SourceContext": "Infrastructure.Services.DatabaseTestService", "ActionId": "824c2bac-306c-4b87-ac59-0c920f067194", "ActionName": "Api.Controllers.DatabaseController.ResetDatabase (Api)", "RequestId": "0HNFGVQB4PDO5", "RequestPath": "/api/database/reset", "Application": "Crud.Api"}
[06:44:48 INF] Releasing database mutex for worker 1 {"SourceContext": "Infrastructure.Services.DatabaseTestService", "ActionId": "824c2bac-306c-4b87-ac59-0c920f067194", "ActionName": "Api.Controllers.DatabaseController.ResetDatabase (Api)", "RequestId": "0HNFGVQB4PDO5", "RequestPath": "/api/database/reset", "Application": "Crud.Api"}
[06:44:48 INF] Database reset completed for worker 1 in 112.4431ms {"SourceContext": "Api.Controllers.DatabaseController", "ActionId": "824c2bac-306c-4b87-ac59-0c920f067194", "ActionName": "Api.Controllers.DatabaseController.ResetDatabase (Api)", "RequestId": "0HNFGVQB4PDO5", "RequestPath": "/api/database/reset", "Application": "Crud.Api"}
Activity.TraceId:            fca09db55efcfa1a7031b5fc80cd4124
Activity.SpanId:             1b3a71b936aeaa0f
Activity.TraceFlags:         Recorded
Activity.ActivitySourceName: Microsoft.AspNetCore
Activity.DisplayName:        POST api/Database/reset
Activity.Kind:               Server
Activity.StartTime:          2025-09-11T06:44:48.4594616Z
Activity.Duration:           00:00:00.1174686
Activity.Tags:
    server.address: localhost
    http.request.method: POST
    url.scheme: http
    url.path: /api/database/reset
    network.protocol.version: 1.1
    http.route: api/Database/reset
    http.response.status_code: 200
Resource associated with Activity:
    deployment.environment: Testing
    service.name: Crud.Api
    service.version: 1.0.0
    service.instance.id: bb25e7a8-9ced-49c8-9e52-fd74b67e7fff
    telemetry.sdk.name: opentelemetry
    telemetry.sdk.language: dotnet
    telemetry.sdk.version: 1.8.1
[06:44:48 INF] Resetting database for worker 14694 {"SourceContext": "Infrastructure.Services.DatabaseTestService", "Application": "Crud.Api"}
[06:44:48 INF] Resetting database via file deletion for worker 14694 in CI environment {"SourceContext": "Infrastructure.Services.DatabaseTestService", "Application": "Crud.Api"}
[06:44:48 INF] Acquiring database mutex for worker 14694... {"SourceContext": "Infrastructure.Services.DatabaseTestService", "Application": "Crud.Api"}
[06:44:48 INF] Database mutex acquired for worker 14694 {"SourceContext": "Infrastructure.Services.DatabaseTestService", "Application": "Crud.Api"}
[06:44:48 INF] Current database state - CanConnect: True {"SourceContext": "Infrastructure.Services.DatabaseTestService", "Application": "Crud.Api"}
[06:44:48 INF] [Phase 0] Closing database connection for worker 14694... {"SourceContext": "Infrastructure.Services.DatabaseTestService", "Application": "Crud.Api"}
[06:44:48 INF] [Phase 0] Connection closed in 0.0006ms {"SourceContext": "Infrastructure.Services.DatabaseTestService", "Application": "Crud.Api"}
[06:44:48 INF] [Phase 1] Starting EnsureDeletedAsync for worker 14694... {"SourceContext": "Infrastructure.Services.DatabaseTestService", "Application": "Crud.Api"}
[06:44:48 INF] [Phase 1] EnsureDeletedAsync completed in 1.1454ms {"SourceContext": "Infrastructure.Services.DatabaseTestService", "Application": "Crud.Api"}
[06:44:48 INF] [Phase 2] Starting EnsureCreatedAsync for worker 14694... {"SourceContext": "Infrastructure.Services.DatabaseTestService", "Application": "Crud.Api"}
[06:44:48 INF] [Phase 2] EnsureCreatedAsync completed in 7.9248ms {"SourceContext": "Infrastructure.Services.DatabaseTestService", "Application": "Crud.Api"}
[06:44:48 INF] [Phase 3] Skipping database seeding as requested for worker 14694 {"SourceContext": "Infrastructure.Services.DatabaseTestService", "Application": "Crud.Api"}
[06:44:48 INF] Database reset via file deletion completed for worker 14694 in 109.6319ms (Close: 0.0006ms, Delete: 1.1454ms, Create: 7.9248ms) {"SourceContext": "Infrastructure.Services.DatabaseTestService", "Application": "Crud.Api"}
[06:44:48 INF] Releasing database mutex for worker 14694 {"SourceContext": "Infrastructure.Services.DatabaseTestService", "Application": "Crud.Api"}
Resource associated with Metric:
    deployment.environment: Testing
    service.name: Crud.Api
    service.version: 1.0.0
    service.instance.id: bb25e7a8-9ced-49c8-9e52-fd74b67e7fff
    telemetry.sdk.name: opentelemetry
    telemetry.sdk.language: dotnet
    telemetry.sdk.version: 1.8.1
Metric Name: http.server.active_requests, Number of active HTTP server requests., Unit: {request}, Meter: Microsoft.AspNetCore.Hosting
(2025-09-11T06:44:47.1725804Z, 2025-09-11T06:44:48.6890268Z] http.request.method: POST url.scheme: http LongSumNonMonotonic
Value: 0
(2025-09-11T06:44:47.1725804Z, 2025-09-11T06:44:48.6890268Z] http.request.method: GET url.scheme: http LongSumNonMonotonic
Value: 0
Metric Name: http.server.request.duration, Duration of HTTP server requests., Unit: s, Meter: Microsoft.AspNetCore.Hosting
(2025-09-11T06:44:47.1726517Z, 2025-09-11T06:44:48.6890299Z] http.request.method: POST http.response.status_code: 401 http.route: api/Database/reset network.protocol.version: 1.1 url.scheme: http Histogram
Value: Sum: 0.007673 Count: 1 Min: 0.007673 Max: 0.007673 
(-Infinity,0.005]:0
(0.005,0.01]:1
(0.01,0.025]:0
(0.025,0.05]:0
(0.05,0.075]:0
(0.075,0.1]:0
(0.1,0.25]:0
(0.25,0.5]:0
(0.5,0.75]:0
(0.75,1]:0
(1,2.5]:0
(2.5,5]:0
(5,7.5]:0
(7.5,10]:0
(10,+Infinity]:0
(2025-09-11T06:44:47.1726517Z, 2025-09-11T06:44:48.6890299Z] http.request.method: POST http.response.status_code: 200 http.route: api/Database/seed network.protocol.version: 1.1 url.scheme: http Histogram
Value: Sum: 0.013116 Count: 1 Min: 0.013116 Max: 0.013116 
(-Infinity,0.005]:0
(0.005,0.01]:0
(0.01,0.025]:1
(0.025,0.05]:0
(0.05,0.075]:0
(0.075,0.1]:0
(0.1,0.25]:0
(0.25,0.5]:0
(0.5,0.75]:0
(0.75,1]:0
(1,2.5]:0
(2.5,5]:0
(5,7.5]:0
(7.5,10]:0
(10,+Infinity]:0
(2025-09-11T06:44:47.1726517Z, 2025-09-11T06:44:48.6890299Z] http.request.method: GET http.response.status_code: 200 http.route: api/Database/validate-pre-test network.protocol.version: 1.1 url.scheme: http Histogram
Value: Sum: 0.0168639 Count: 1 Min: 0.0168639 Max: 0.0168639 
(-Infinity,0.005]:0
(0.005,0.01]:0
(0.01,0.025]:1
(0.025,0.05]:0
(0.05,0.075]:0
(0.075,0.1]:0
(0.1,0.25]:0
(0.25,0.5]:0
(0.5,0.75]:0
(0.75,1]:0
(1,2.5]:0
(2.5,5]:0
(5,7.5]:0
(7.5,10]:0
(10,+Infinity]:0
(2025-09-11T06:44:47.1726517Z, 2025-09-11T06:44:48.6890299Z] http.request.method: GET http.response.status_code: 200 http.route: api/Database/verify-integrity network.protocol.version: 1.1 url.scheme: http Histogram
Value: Sum: 0.0066497 Count: 1 Min: 0.0066497 Max: 0.0066497 
(-Infinity,0.005]:0
(0.005,0.01]:1
(0.01,0.025]:0
(0.025,0.05]:0
(0.05,0.075]:0
(0.075,0.1]:0
(0.1,0.25]:0
(0.25,0.5]:0
(0.5,0.75]:0
(0.75,1]:0
(1,2.5]:0
(2.5,5]:0
(5,7.5]:0
(7.5,10]:0
(10,+Infinity]:0
(2025-09-11T06:44:47.1726517Z, 2025-09-11T06:44:48.6890299Z] http.request.method: GET http.response.status_code: 200 http.route: api/Database/status network.protocol.version: 1.1 url.scheme: http Histogram
Value: Sum: 0.0054032 Count: 1 Min: 0.0054032 Max: 0.0054032 
(-Infinity,0.005]:0
(0.005,0.01]:1
(0.01,0.025]:0
(0.025,0.05]:0
(0.05,0.075]:0
(0.075,0.1]:0
(0.1,0.25]:0
(0.25,0.5]:0
(0.5,0.75]:0
(0.75,1]:0
(1,2.5]:0
(2.5,5]:0
(5,7.5]:0
(7.5,10]:0
(10,+Infinity]:0
(2025-09-11T06:44:47.1726517Z, 2025-09-11T06:44:48.6890299Z] http.request.method: POST http.response.status_code: 200 http.route: api/Database/reset network.protocol.version: 1.1 url.scheme: http Histogram
Value: Sum: 0.1174554 Count: 1 Min: 0.1174554 Max: 0.1174554 
(-Infinity,0.005]:0
(0.005,0.01]:0
(0.01,0.025]:0
(0.025,0.05]:0
(0.05,0.075]:0
(0.075,0.1]:0
(0.1,0.25]:1
(0.25,0.5]:0
(0.5,0.75]:0
(0.75,1]:0
(1,2.5]:0
(2.5,5]:0
(5,7.5]:0
(7.5,10]:0
(10,+Infinity]:0
Metric Name: aspnetcore.rate_limiting.active_request_leases, Number of HTTP requests that are currently active on the server that hold a rate limiting lease., Unit: {request}, Meter: Microsoft.AspNetCore.RateLimiting
(2025-09-11T06:44:47.1745796Z, 2025-09-11T06:44:48.6890306Z] LongSumNonMonotonic
Value: 0
Metric Name: aspnetcore.rate_limiting.request_lease.duration, The duration of rate limiting leases held by HTTP requests on the server., Unit: s, Meter: Microsoft.AspNetCore.RateLimiting
(2025-09-11T06:44:47.1746626Z, 2025-09-11T06:44:48.6890319Z] Histogram
Value: Sum: 0.16309629999999997 Count: 6 Min: 0.0052705 Max: 0.1170174 
(-Infinity,0.005]:0
(0.005,0.01]:3
(0.01,0.025]:2
(0.025,0.05]:0
(0.05,0.075]:0
(0.075,0.1]:0
(0.1,0.25]:1
(0.25,0.5]:0
(0.5,0.75]:0
(0.75,1]:0
(1,2.5]:0
(2.5,5]:0
(5,7.5]:0
(7.5,10]:0
(10,+Infinity]:0
Metric Name: aspnetcore.rate_limiting.requests, Number of requests that tried to acquire a rate limiting lease. Requests could be rejected by global or endpoint rate limiting policies. Or the request could be canceled while waiting for the lease., Unit: {request}, Meter: Microsoft.AspNetCore.RateLimiting
(2025-09-11T06:44:47.1747224Z, 2025-09-11T06:44:48.6890339Z] aspnetcore.rate_limiting.result: acquired LongSum
Value: 6
Metric Name: aspnetcore.routing.match_attempts, Number of requests that were attempted to be matched to an endpoint., Unit: {match_attempt}, Meter: Microsoft.AspNetCore.Routing
(2025-09-11T06:44:47.1755321Z, 2025-09-11T06:44:48.6890347Z] aspnetcore.routing.is_fallback: false aspnetcore.routing.match_status: success http.route: api/Database/reset LongSum
Value: 2
(2025-09-11T06:44:47.1755321Z, 2025-09-11T06:44:48.6890347Z] aspnetcore.routing.is_fallback: false aspnetcore.routing.match_status: success http.route: api/Database/seed LongSum
Value: 1
(2025-09-11T06:44:47.1755321Z, 2025-09-11T06:44:48.6890347Z] aspnetcore.routing.is_fallback: false aspnetcore.routing.match_status: success http.route: api/Database/validate-pre-test LongSum
Value: 1
(2025-09-11T06:44:47.1755321Z, 2025-09-11T06:44:48.6890347Z] aspnetcore.routing.is_fallback: false aspnetcore.routing.match_status: success http.route: api/Database/verify-integrity LongSum
Value: 1
(2025-09-11T06:44:47.1755321Z, 2025-09-11T06:44:48.6890347Z] aspnetcore.routing.is_fallback: false aspnetcore.routing.match_status: success http.route: api/Database/status LongSum
Value: 1
[06:44:48 INF] Starting Crud API application {"Application": "Crud.Api"}
[06:44:48 INF] Using SQLite provider with connection: Data Source=TestDatabase.db {"Application": "Crud.Api"}
[06:44:48 INF] Database ensured successfully {"Application": "Crud.Api"}
[06:44:48 INF] Application configured successfully. Starting web host... {"Application": "Crud.Api"}
[06:44:48 INF] Resetting database for worker 9058 {"SourceContext": "Infrastructure.Services.DatabaseTestService", "Application": "Crud.Api"}
[06:44:48 INF] Resetting database via file deletion for worker 9058 in CI environment {"SourceContext": "Infrastructure.Services.DatabaseTestService", "Application": "Crud.Api"}
[06:44:48 INF] Acquiring database mutex for worker 9058... {"SourceContext": "Infrastructure.Services.DatabaseTestService", "Application": "Crud.Api"}
[06:44:48 INF] Database mutex acquired for worker 9058 {"SourceContext": "Infrastructure.Services.DatabaseTestService", "Application": "Crud.Api"}
[06:44:48 INF] Current database state - CanConnect: True {"SourceContext": "Infrastructure.Services.DatabaseTestService", "Application": "Crud.Api"}
[06:44:48 INF] [Phase 0] Closing database connection for worker 9058... {"SourceContext": "Infrastructure.Services.DatabaseTestService", "Application": "Crud.Api"}
[06:44:48 INF] [Phase 0] Connection closed in 0.0005ms {"SourceContext": "Infrastructure.Services.DatabaseTestService", "Application": "Crud.Api"}
[06:44:48 INF] [Phase 1] Starting EnsureDeletedAsync for worker 9058... {"SourceContext": "Infrastructure.Services.DatabaseTestService", "Application": "Crud.Api"}
[06:44:48 INF] [Phase 1] EnsureDeletedAsync completed in 1.5361ms {"SourceContext": "Infrastructure.Services.DatabaseTestService", "Application": "Crud.Api"}
[06:44:48 INF] [Phase 2] Starting EnsureCreatedAsync for worker 9058... {"SourceContext": "Infrastructure.Services.DatabaseTestService", "Application": "Crud.Api"}
[06:44:48 INF] [Phase 2] EnsureCreatedAsync completed in 7.961ms {"SourceContext": "Infrastructure.Services.DatabaseTestService", "Application": "Crud.Api"}
[06:44:48 INF] [Phase 3] Skipping database seeding as requested for worker 9058 {"SourceContext": "Infrastructure.Services.DatabaseTestService", "Application": "Crud.Api"}
[06:44:48 INF] Database reset via file deletion completed for worker 9058 in 109.2486ms (Close: 0.0005ms, Delete: 1.5361ms, Create: 7.961ms) {"SourceContext": "Infrastructure.Services.DatabaseTestService", "Application": "Crud.Api"}
[06:44:48 INF] Releasing database mutex for worker 9058 {"SourceContext": "Infrastructure.Services.DatabaseTestService", "Application": "Crud.Api"}
[06:44:48 WRN] Failed to determine the https port for redirect. {"EventId": {"Id": 3, "Name": "FailedToDeterminePort"}, "SourceContext": "Microsoft.AspNetCore.HttpsPolicy.HttpsRedirectionMiddleware", "RequestId": "0HNFGVQB4PDO6", "RequestPath": "/api/auth/forgot-password", "Application": "Crud.Api"}
[06:44:48 INF] Password reset requested from IP: unknown {"SourceContext": "Api.Controllers.AuthController", "ActionId": "eef80d9d-4eb5-4779-a2bb-47892e5446c0", "ActionName": "Api.Controllers.AuthController.ForgotPassword (Api)", "RequestId": "0HNFGVQB4PDO6", "RequestPath": "/api/auth/forgot-password", "Application": "Crud.Api"}
[06:44:48 INF] Password reset requested for user: df9c816b-96ab-41d1-bb77-e81444dab054 {"SourceContext": "App.Features.Authentication.ForgotPasswordCommandHandler", "ActionId": "eef80d9d-4eb5-4779-a2bb-47892e5446c0", "ActionName": "Api.Controllers.AuthController.ForgotPassword (Api)", "RequestId": "0HNFGVQB4PDO6", "RequestPath": "/api/auth/forgot-password", "Application": "Crud.Api"}
[06:44:48 INF] Password reset email sent (Mock Service - Not Actually Sent) {"SourceContext": "Infrastructure.Services.MockEmailService", "ActionId": "eef80d9d-4eb5-4779-a2bb-47892e5446c0", "ActionName": "Api.Controllers.AuthController.ForgotPassword (Api)", "RequestId": "0HNFGVQB4PDO6", "RequestPath": "/api/auth/forgot-password", "Application": "Crud.Api"}
[06:44:48 DBG] Email Details - From: noreply@example.com, Subject: Password Reset Request {"SourceContext": "Infrastructure.Services.MockEmailService", "ActionId": "eef80d9d-4eb5-4779-a2bb-47892e5446c0", "ActionName": "Api.Controllers.AuthController.ForgotPassword (Api)", "RequestId": "0HNFGVQB4PDO6", "RequestPath": "/api/auth/forgot-password", "Application": "Crud.Api"}
[06:44:48 INF] Password reset email sent successfully for user: df9c816b-96ab-41d1-bb77-e81444dab054 {"SourceContext": "App.Features.Authentication.ForgotPasswordCommandHandler", "ActionId": "eef80d9d-4eb5-4779-a2bb-47892e5446c0", "ActionName": "Api.Controllers.AuthController.ForgotPassword (Api)", "RequestId": "0HNFGVQB4PDO6", "RequestPath": "/api/auth/forgot-password", "Application": "Crud.Api"}
Activity.TraceId:            03d13f9d8fb8c31476df276d9bf68b31
Activity.SpanId:             fa735d6568cae997
Activity.TraceFlags:         Recorded
Activity.ActivitySourceName: Microsoft.AspNetCore
Activity.DisplayName:        POST api/Auth/forgot-password
Activity.Kind:               Server
Activity.StartTime:          2025-09-11T06:44:48.8377537Z
Activity.Duration:           00:00:00.1396374
Activity.Tags:
    server.address: localhost
    http.request.method: POST
    url.scheme: http
    url.path: /api/auth/forgot-password
    network.protocol.version: 1.1
    http.route: api/Auth/forgot-password
    http.response.status_code: 200
Resource associated with Activity:
    deployment.environment: Testing
    service.name: Crud.Api
    service.version: 1.0.0
    service.instance.id: bb25e7a8-9ced-49c8-9e52-fd74b67e7fff
    telemetry.sdk.name: opentelemetry
    telemetry.sdk.language: dotnet
    telemetry.sdk.version: 1.8.1
[06:44:48 INF] Password reset attempt from IP: unknown {"SourceContext": "Api.Controllers.AuthController", "ActionId": "29932a1b-008c-4650-bc34-1b0b5ee34aee", "ActionName": "Api.Controllers.AuthController.ResetPassword (Api)", "RequestId": "0HNFGVQB4PDO7", "RequestPath": "/api/auth/reset-password", "Application": "Crud.Api"}
Activity.TraceId:            a9fd36f2fc0b10870db6505c6f9235f2
Activity.SpanId:             93b108f07254c45d
Activity.TraceFlags:         Recorded
Activity.ActivitySourceName: Microsoft.AspNetCore
Activity.DisplayName:        POST api/Auth/reset-password
Activity.Kind:               Server
Activity.StartTime:          2025-09-11T06:44:48.9838320Z
Activity.Duration:           00:00:00.0084093
Activity.Tags:
    server.address: localhost
    http.request.method: POST
    url.scheme: http
    url.path: /api/auth/reset-password
    network.protocol.version: 1.1
    http.route: api/Auth/reset-password
    http.response.status_code: 400
Resource associated with Activity:
    deployment.environment: Testing
    service.name: Crud.Api
    service.version: 1.0.0
    service.instance.id: bb25e7a8-9ced-49c8-9e52-fd74b67e7fff
    telemetry.sdk.name: opentelemetry
    telemetry.sdk.language: dotnet
    telemetry.sdk.version: 1.8.1
❌ POST /api/auth/reset-password failed:
   Status: BadRequest (400)
   Reason: Bad Request
   Response Body: {"error":"Password must be at least 8 characters long"}
   Content Headers: Content-Type=application/json; charset=utf-8
[06:44:48 INF] Resetting database for worker 9058 {"SourceContext": "Infrastructure.Services.DatabaseTestService", "Application": "Crud.Api"}
[06:44:48 INF] Resetting database via file deletion for worker 9058 in CI environment {"SourceContext": "Infrastructure.Services.DatabaseTestService", "Application": "Crud.Api"}
[06:44:48 INF] Acquiring database mutex for worker 9058... {"SourceContext": "Infrastructure.Services.DatabaseTestService", "Application": "Crud.Api"}
[06:44:48 INF] Database mutex acquired for worker 9058 {"SourceContext": "Infrastructure.Services.DatabaseTestService", "Application": "Crud.Api"}
[06:44:48 INF] Current database state - CanConnect: True {"SourceContext": "Infrastructure.Services.DatabaseTestService", "Application": "Crud.Api"}
[06:44:48 INF] [Phase 0] Closing database connection for worker 9058... {"SourceContext": "Infrastructure.Services.DatabaseTestService", "Application": "Crud.Api"}
[06:44:48 INF] [Phase 0] Connection closed in 0.0009ms {"SourceContext": "Infrastructure.Services.DatabaseTestService", "Application": "Crud.Api"}
[06:44:48 INF] [Phase 1] Starting EnsureDeletedAsync for worker 9058... {"SourceContext": "Infrastructure.Services.DatabaseTestService", "Application": "Crud.Api"}
[06:44:48 INF] [Phase 1] EnsureDeletedAsync completed in 1.7269ms {"SourceContext": "Infrastructure.Services.DatabaseTestService", "Application": "Crud.Api"}
[06:44:49 INF] [Phase 2] Starting EnsureCreatedAsync for worker 9058... {"SourceContext": "Infrastructure.Services.DatabaseTestService", "Application": "Crud.Api"}
[06:44:49 INF] [Phase 2] EnsureCreatedAsync completed in 15.8369ms {"SourceContext": "Infrastructure.Services.DatabaseTestService", "Application": "Crud.Api"}
[06:44:49 INF] [Phase 3] Skipping database seeding as requested for worker 9058 {"SourceContext": "Infrastructure.Services.DatabaseTestService", "Application": "Crud.Api"}
[06:44:49 INF] Database reset via file deletion completed for worker 9058 in 117.2833ms (Close: 0.0009ms, Delete: 1.7269ms, Create: 15.8369ms) {"SourceContext": "Infrastructure.Services.DatabaseTestService", "Application": "Crud.Api"}
[06:44:49 INF] Releasing database mutex for worker 9058 {"SourceContext": "Infrastructure.Services.DatabaseTestService", "Application": "Crud.Api"}
[06:44:49 INF] Resetting database for worker 9058 {"SourceContext": "Infrastructure.Services.DatabaseTestService", "Application": "Crud.Api"}
[06:44:49 INF] Resetting database via file deletion for worker 9058 in CI environment {"SourceContext": "Infrastructure.Services.DatabaseTestService", "Application": "Crud.Api"}
[06:44:49 INF] Acquiring database mutex for worker 9058... {"SourceContext": "Infrastructure.Services.DatabaseTestService", "Application": "Crud.Api"}
[06:44:49 INF] Database mutex acquired for worker 9058 {"SourceContext": "Infrastructure.Services.DatabaseTestService", "Application": "Crud.Api"}
[06:44:49 INF] Current database state - CanConnect: True {"SourceContext": "Infrastructure.Services.DatabaseTestService", "Application": "Crud.Api"}
[06:44:49 INF] [Phase 0] Closing database connection for worker 9058... {"SourceContext": "Infrastructure.Services.DatabaseTestService", "Application": "Crud.Api"}
[06:44:49 INF] [Phase 0] Connection closed in 0.0006ms {"SourceContext": "Infrastructure.Services.DatabaseTestService", "Application": "Crud.Api"}
[06:44:49 INF] [Phase 1] Starting EnsureDeletedAsync for worker 9058... {"SourceContext": "Infrastructure.Services.DatabaseTestService", "Application": "Crud.Api"}
[06:44:49 INF] [Phase 1] EnsureDeletedAsync completed in 1.1532ms {"SourceContext": "Infrastructure.Services.DatabaseTestService", "Application": "Crud.Api"}
[06:44:49 INF] [Phase 2] Starting EnsureCreatedAsync for worker 9058... {"SourceContext": "Infrastructure.Services.DatabaseTestService", "Application": "Crud.Api"}
[06:44:49 INF] [Phase 2] EnsureCreatedAsync completed in 7.6703ms {"SourceContext": "Infrastructure.Services.DatabaseTestService", "Application": "Crud.Api"}
[06:44:49 INF] [Phase 3] Skipping database seeding as requested for worker 9058 {"SourceContext": "Infrastructure.Services.DatabaseTestService", "Application": "Crud.Api"}
[06:44:49 INF] Database reset via file deletion completed for worker 9058 in 108.9148ms (Close: 0.0006ms, Delete: 1.1532ms, Create: 7.6703ms) {"SourceContext": "Infrastructure.Services.DatabaseTestService", "Application": "Crud.Api"}
[06:44:49 INF] Releasing database mutex for worker 9058 {"SourceContext": "Infrastructure.Services.DatabaseTestService", "Application": "Crud.Api"}
[06:44:49 INF] Password reset requested from IP: unknown {"SourceContext": "Api.Controllers.AuthController", "ActionId": "eef80d9d-4eb5-4779-a2bb-47892e5446c0", "ActionName": "Api.Controllers.AuthController.ForgotPassword (Api)", "RequestId": "0HNFGVQB4PDO8", "RequestPath": "/api/auth/forgot-password", "Application": "Crud.Api"}
[06:44:49 WRN] Password reset requested for non-existent user {"SourceContext": "App.Features.Authentication.ForgotPasswordCommandHandler", "ActionId": "eef80d9d-4eb5-4779-a2bb-47892e5446c0", "ActionName": "Api.Controllers.AuthController.ForgotPassword (Api)", "RequestId": "0HNFGVQB4PDO8", "RequestPath": "/api/auth/forgot-password", "Application": "Crud.Api"}
Activity.TraceId:            97ac2b3721d88c1f97588317701a0328
Activity.SpanId:             67c371c760c5368c
Activity.TraceFlags:         Recorded
Activity.ActivitySourceName: Microsoft.AspNetCore
Activity.DisplayName:        POST api/Auth/forgot-password
Activity.Kind:               Server
Activity.StartTime:          2025-09-11T06:44:49.2262371Z
Activity.Duration:           00:00:00.0032442
Activity.Tags:
    server.address: localhost
    http.request.method: POST
    url.scheme: http
    url.path: /api/auth/forgot-password
    network.protocol.version: 1.1
    http.route: api/Auth/forgot-password
    http.response.status_code: 200
Resource associated with Activity:
    deployment.environment: Testing
    service.name: Crud.Api
    service.version: 1.0.0
    service.instance.id: bb25e7a8-9ced-49c8-9e52-fd74b67e7fff
    telemetry.sdk.name: opentelemetry
    telemetry.sdk.language: dotnet
    telemetry.sdk.version: 1.8.1
[06:44:49 INF] Resetting database for worker 9058 {"SourceContext": "Infrastructure.Services.DatabaseTestService", "Application": "Crud.Api"}
[06:44:49 INF] Resetting database via file deletion for worker 9058 in CI environment {"SourceContext": "Infrastructure.Services.DatabaseTestService", "Application": "Crud.Api"}
[06:44:49 INF] Acquiring database mutex for worker 9058... {"SourceContext": "Infrastructure.Services.DatabaseTestService", "Application": "Crud.Api"}
[06:44:49 INF] Database mutex acquired for worker 9058 {"SourceContext": "Infrastructure.Services.DatabaseTestService", "Application": "Crud.Api"}
[06:44:49 INF] Current database state - CanConnect: True {"SourceContext": "Infrastructure.Services.DatabaseTestService", "Application": "Crud.Api"}
[06:44:49 INF] [Phase 0] Closing database connection for worker 9058... {"SourceContext": "Infrastructure.Services.DatabaseTestService", "Application": "Crud.Api"}
[06:44:49 INF] [Phase 0] Connection closed in 0.0006ms {"SourceContext": "Infrastructure.Services.DatabaseTestService", "Application": "Crud.Api"}
[06:44:49 INF] [Phase 1] Starting EnsureDeletedAsync for worker 9058... {"SourceContext": "Infrastructure.Services.DatabaseTestService", "Application": "Crud.Api"}
[06:44:49 INF] [Phase 1] EnsureDeletedAsync completed in 1.1923ms {"SourceContext": "Infrastructure.Services.DatabaseTestService", "Application": "Crud.Api"}
[06:44:49 INF] [Phase 2] Starting EnsureCreatedAsync for worker 9058... {"SourceContext": "Infrastructure.Services.DatabaseTestService", "Application": "Crud.Api"}
[06:44:49 INF] [Phase 2] EnsureCreatedAsync completed in 8.5209ms {"SourceContext": "Infrastructure.Services.DatabaseTestService", "Application": "Crud.Api"}
[06:44:49 INF] [Phase 3] Skipping database seeding as requested for worker 9058 {"SourceContext": "Infrastructure.Services.DatabaseTestService", "Application": "Crud.Api"}
[06:44:49 INF] Database reset via file deletion completed for worker 9058 in 109.0702ms (Close: 0.0006ms, Delete: 1.1923ms, Create: 8.5209ms) {"SourceContext": "Infrastructure.Services.DatabaseTestService", "Application": "Crud.Api"}
[06:44:49 INF] Releasing database mutex for worker 9058 {"SourceContext": "Infrastructure.Services.DatabaseTestService", "Application": "Crud.Api"}
[06:44:49 INF] Resetting database for worker 9058 {"SourceContext": "Infrastructure.Services.DatabaseTestService", "Application": "Crud.Api"}
[06:44:49 INF] Resetting database via file deletion for worker 9058 in CI environment {"SourceContext": "Infrastructure.Services.DatabaseTestService", "Application": "Crud.Api"}
[06:44:49 INF] Acquiring database mutex for worker 9058... {"SourceContext": "Infrastructure.Services.DatabaseTestService", "Application": "Crud.Api"}
[06:44:49 INF] Database mutex acquired for worker 9058 {"SourceContext": "Infrastructure.Services.DatabaseTestService", "Application": "Crud.Api"}
[06:44:49 INF] Current database state - CanConnect: True {"SourceContext": "Infrastructure.Services.DatabaseTestService", "Application": "Crud.Api"}
[06:44:49 INF] [Phase 0] Closing database connection for worker 9058... {"SourceContext": "Infrastructure.Services.DatabaseTestService", "Application": "Crud.Api"}
[06:44:49 INF] [Phase 0] Connection closed in 0.0005ms {"SourceContext": "Infrastructure.Services.DatabaseTestService", "Application": "Crud.Api"}
[06:44:49 INF] [Phase 1] Starting EnsureDeletedAsync for worker 9058... {"SourceContext": "Infrastructure.Services.DatabaseTestService", "Application": "Crud.Api"}
[06:44:49 INF] [Phase 1] EnsureDeletedAsync completed in 1.45ms {"SourceContext": "Infrastructure.Services.DatabaseTestService", "Application": "Crud.Api"}
[06:44:49 INF] [Phase 2] Starting EnsureCreatedAsync for worker 9058... {"SourceContext": "Infrastructure.Services.DatabaseTestService", "Application": "Crud.Api"}
[06:44:49 INF] [Phase 2] EnsureCreatedAsync completed in 6.9607ms {"SourceContext": "Infrastructure.Services.DatabaseTestService", "Application": "Crud.Api"}
[06:44:49 INF] [Phase 3] Skipping database seeding as requested for worker 9058 {"SourceContext": "Infrastructure.Services.DatabaseTestService", "Application": "Crud.Api"}
[06:44:49 INF] Database reset via file deletion completed for worker 9058 in 109.4874ms (Close: 0.0005ms, Delete: 1.45ms, Create: 6.9607ms) {"SourceContext": "Infrastructure.Services.DatabaseTestService", "Application": "Crud.Api"}
[06:44:49 INF] Releasing database mutex for worker 9058 {"SourceContext": "Infrastructure.Services.DatabaseTestService", "Application": "Crud.Api"}
[06:44:49 INF] Password reset requested from IP: unknown {"SourceContext": "Api.Controllers.AuthController", "ActionId": "eef80d9d-4eb5-4779-a2bb-47892e5446c0", "ActionName": "Api.Controllers.AuthController.ForgotPassword (Api)", "RequestId": "0HNFGVQB4PDO9", "RequestPath": "/api/auth/forgot-password", "Application": "Crud.Api"}
Activity.TraceId:            9cdc00a4c1f714a1f1190b7ae7b90e88
Activity.SpanId:             ce0822e2ca8f8e70
Activity.TraceFlags:         Recorded
Activity.ActivitySourceName: Microsoft.AspNetCore
Activity.DisplayName:        POST api/Auth/forgot-password
Activity.Kind:               Server
Activity.StartTime:          2025-09-11T06:44:49.4522154Z
Activity.Duration:           00:00:00.0024419
❌ POST /api/auth/forgot-password failed:
Activity.Tags:
    server.address: localhost
    http.request.method: POST
    url.scheme: http
    url.path: /api/auth/forgot-password
    network.protocol.version: 1.1
   Status: BadRequest (400)
    http.route: api/Auth/forgot-password
    http.response.status_code: 400
   Reason: Bad Request
   Response Body: {"error":"Invalid email format. Please provide a valid email address."}
Resource associated with Activity:
    deployment.environment: Testing
    service.name: Crud.Api
    service.version: 1.0.0
    service.instance.id: bb25e7a8-9ced-49c8-9e52-fd74b67e7fff
    telemetry.sdk.name: opentelemetry
    telemetry.sdk.language: dotnet
    telemetry.sdk.version: 1.8.1
   Content Headers: Content-Type=application/json; charset=utf-8
[06:44:49 INF] Resetting database for worker 9058 {"SourceContext": "Infrastructure.Services.DatabaseTestService", "Application": "Crud.Api"}
[06:44:49 INF] Resetting database via file deletion for worker 9058 in CI environment {"SourceContext": "Infrastructure.Services.DatabaseTestService", "Application": "Crud.Api"}
[06:44:49 INF] Acquiring database mutex for worker 9058... {"SourceContext": "Infrastructure.Services.DatabaseTestService", "Application": "Crud.Api"}
[06:44:49 INF] Database mutex acquired for worker 9058 {"SourceContext": "Infrastructure.Services.DatabaseTestService", "Application": "Crud.Api"}
[06:44:49 INF] Current database state - CanConnect: True {"SourceContext": "Infrastructure.Services.DatabaseTestService", "Application": "Crud.Api"}
[06:44:49 INF] [Phase 0] Closing database connection for worker 9058... {"SourceContext": "Infrastructure.Services.DatabaseTestService", "Application": "Crud.Api"}
[06:44:49 INF] [Phase 0] Connection closed in 0.0006ms {"SourceContext": "Infrastructure.Services.DatabaseTestService", "Application": "Crud.Api"}
[06:44:49 INF] [Phase 1] Starting EnsureDeletedAsync for worker 9058... {"SourceContext": "Infrastructure.Services.DatabaseTestService", "Application": "Crud.Api"}
[06:44:49 INF] [Phase 1] EnsureDeletedAsync completed in 1.1121ms {"SourceContext": "Infrastructure.Services.DatabaseTestService", "Application": "Crud.Api"}
[06:44:49 INF] [Phase 2] Starting EnsureCreatedAsync for worker 9058... {"SourceContext": "Infrastructure.Services.DatabaseTestService", "Application": "Crud.Api"}
[06:44:49 INF] [Phase 2] EnsureCreatedAsync completed in 7.8292ms {"SourceContext": "Infrastructure.Services.DatabaseTestService", "Application": "Crud.Api"}
[06:44:49 INF] [Phase 3] Skipping database seeding as requested for worker 9058 {"SourceContext": "Infrastructure.Services.DatabaseTestService", "Application": "Crud.Api"}
[06:44:49 INF] Database reset via file deletion completed for worker 9058 in 107.8892ms (Close: 0.0006ms, Delete: 1.1121ms, Create: 7.8292ms) {"SourceContext": "Infrastructure.Services.DatabaseTestService", "Application": "Crud.Api"}
[06:44:49 INF] Releasing database mutex for worker 9058 {"SourceContext": "Infrastructure.Services.DatabaseTestService", "Application": "Crud.Api"}
[06:44:49 INF] Resetting database for worker 9058 {"SourceContext": "Infrastructure.Services.DatabaseTestService", "Application": "Crud.Api"}
[06:44:49 INF] Resetting database via file deletion for worker 9058 in CI environment {"SourceContext": "Infrastructure.Services.DatabaseTestService", "Application": "Crud.Api"}
[06:44:49 INF] Acquiring database mutex for worker 9058... {"SourceContext": "Infrastructure.Services.DatabaseTestService", "Application": "Crud.Api"}
[06:44:49 INF] Database mutex acquired for worker 9058 {"SourceContext": "Infrastructure.Services.DatabaseTestService", "Application": "Crud.Api"}
[06:44:49 INF] Current database state - CanConnect: True {"SourceContext": "Infrastructure.Services.DatabaseTestService", "Application": "Crud.Api"}
[06:44:49 INF] [Phase 0] Closing database connection for worker 9058... {"SourceContext": "Infrastructure.Services.DatabaseTestService", "Application": "Crud.Api"}
[06:44:49 INF] [Phase 0] Connection closed in 0.0005ms {"SourceContext": "Infrastructure.Services.DatabaseTestService", "Application": "Crud.Api"}
[06:44:49 INF] [Phase 1] Starting EnsureDeletedAsync for worker 9058... {"SourceContext": "Infrastructure.Services.DatabaseTestService", "Application": "Crud.Api"}
[06:44:49 INF] [Phase 1] EnsureDeletedAsync completed in 1.3035ms {"SourceContext": "Infrastructure.Services.DatabaseTestService", "Application": "Crud.Api"}
[06:44:49 INF] [Phase 2] Starting EnsureCreatedAsync for worker 9058... {"SourceContext": "Infrastructure.Services.DatabaseTestService", "Application": "Crud.Api"}
[06:44:49 INF] [Phase 2] EnsureCreatedAsync completed in 10.095ms {"SourceContext": "Infrastructure.Services.DatabaseTestService", "Application": "Crud.Api"}
[06:44:49 INF] [Phase 3] Skipping database seeding as requested for worker 9058 {"SourceContext": "Infrastructure.Services.DatabaseTestService", "Application": "Crud.Api"}
[06:44:49 INF] Database reset via file deletion completed for worker 9058 in 110.7497ms (Close: 0.0005ms, Delete: 1.3035ms, Create: 10.095ms) {"SourceContext": "Infrastructure.Services.DatabaseTestService", "Application": "Crud.Api"}
[06:44:49 INF] Releasing database mutex for worker 9058 {"SourceContext": "Infrastructure.Services.DatabaseTestService", "Application": "Crud.Api"}
[06:44:49 INF] Password reset requested from IP: unknown {"SourceContext": "Api.Controllers.AuthController", "ActionId": "eef80d9d-4eb5-4779-a2bb-47892e5446c0", "ActionName": "Api.Controllers.AuthController.ForgotPassword (Api)", "RequestId": "0HNFGVQB4PDOA", "RequestPath": "/api/auth/forgot-password", "Application": "Crud.Api"}
[06:44:49 INF] Password reset requested for user: 77c60b5d-8db1-417e-864f-6d039609ca47 {"SourceContext": "App.Features.Authentication.ForgotPasswordCommandHandler", "ActionId": "eef80d9d-4eb5-4779-a2bb-47892e5446c0", "ActionName": "Api.Controllers.AuthController.ForgotPassword (Api)", "RequestId": "0HNFGVQB4PDOA", "RequestPath": "/api/auth/forgot-password", "Application": "Crud.Api"}
[06:44:49 INF] Password reset email sent (Mock Service - Not Actually Sent) {"SourceContext": "Infrastructure.Services.MockEmailService", "ActionId": "eef80d9d-4eb5-4779-a2bb-47892e5446c0", "ActionName": "Api.Controllers.AuthController.ForgotPassword (Api)", "RequestId": "0HNFGVQB4PDOA", "RequestPath": "/api/auth/forgot-password", "Application": "Crud.Api"}
[06:44:49 DBG] Email Details - From: noreply@example.com, Subject: Password Reset Request {"SourceContext": "Infrastructure.Services.MockEmailService", "ActionId": "eef80d9d-4eb5-4779-a2bb-47892e5446c0", "ActionName": "Api.Controllers.AuthController.ForgotPassword (Api)", "RequestId": "0HNFGVQB4PDOA", "RequestPath": "/api/auth/forgot-password", "Application": "Crud.Api"}
[06:44:49 INF] Password reset email sent successfully for user: 77c60b5d-8db1-417e-864f-6d039609ca47 {"SourceContext": "App.Features.Authentication.ForgotPasswordCommandHandler", "ActionId": "eef80d9d-4eb5-4779-a2bb-47892e5446c0", "ActionName": "Api.Controllers.AuthController.ForgotPassword (Api)", "RequestId": "0HNFGVQB4PDOA", "RequestPath": "/api/auth/forgot-password", "Application": "Crud.Api"}
Activity.TraceId:            645718af06dc6e72ea0b274cf7960b1c
Activity.SpanId:             0be779dd26c3344c
Activity.TraceFlags:         Recorded
Activity.ActivitySourceName: Microsoft.AspNetCore
Activity.DisplayName:        POST api/Auth/forgot-password
Activity.Kind:               Server
Activity.StartTime:          2025-09-11T06:44:49.6793094Z
Activity.Duration:           00:00:00.1021484
Activity.Tags:
    server.address: localhost
    http.request.method: POST
    url.scheme: http
    url.path: /api/auth/forgot-password
    network.protocol.version: 1.1
    http.route: api/Auth/forgot-password
    http.response.status_code: 200
Resource associated with Activity:
    deployment.environment: Testing
    service.name: Crud.Api
    service.version: 1.0.0
    service.instance.id: bb25e7a8-9ced-49c8-9e52-fd74b67e7fff
    telemetry.sdk.name: opentelemetry
    telemetry.sdk.language: dotnet
    telemetry.sdk.version: 1.8.1
[06:44:49 INF] Password reset attempt from IP: unknown {"SourceContext": "Api.Controllers.AuthController", "ActionId": "29932a1b-008c-4650-bc34-1b0b5ee34aee", "ActionName": "Api.Controllers.AuthController.ResetPassword (Api)", "RequestId": "0HNFGVQB4PDOB", "RequestPath": "/api/auth/reset-password", "Application": "Crud.Api"}
[06:44:50 INF] Password reset successful for user: 77c60b5d-8db1-417e-864f-6d039609ca47, Email: test@example.com {"SourceContext": "App.Features.Authentication.ResetPasswordCommandHandler", "ActionId": "29932a1b-008c-4650-bc34-1b0b5ee34aee", "ActionName": "Api.Controllers.AuthController.ResetPassword (Api)", "RequestId": "0HNFGVQB4PDOB", "RequestPath": "/api/auth/reset-password", "Application": "Crud.Api"}
Activity.TraceId:            c4499159f198a587f1a6d1a3774eb547
Activity.SpanId:             5e1cb83606e1a170
Activity.TraceFlags:         Recorded
Activity.ActivitySourceName: Microsoft.AspNetCore
Activity.DisplayName:        POST api/Auth/reset-password
Activity.Kind:               Server
Activity.StartTime:          2025-09-11T06:44:49.7826675Z
Activity.Duration:           00:00:00.3230541
Activity.Tags:
    server.address: localhost
    http.request.method: POST
    url.scheme: http
    url.path: /api/auth/reset-password
    network.protocol.version: 1.1
    http.route: api/Auth/reset-password
    http.response.status_code: 200
Resource associated with Activity:
    deployment.environment: Testing
    service.name: Crud.Api
    service.version: 1.0.0
    service.instance.id: bb25e7a8-9ced-49c8-9e52-fd74b67e7fff
    telemetry.sdk.name: opentelemetry
    telemetry.sdk.language: dotnet
    telemetry.sdk.version: 1.8.1
[06:44:50 INF] Resetting database for worker 9058 {"SourceContext": "Infrastructure.Services.DatabaseTestService", "Application": "Crud.Api"}
[06:44:50 INF] Resetting database via file deletion for worker 9058 in CI environment {"SourceContext": "Infrastructure.Services.DatabaseTestService", "Application": "Crud.Api"}
[06:44:50 INF] Acquiring database mutex for worker 9058... {"SourceContext": "Infrastructure.Services.DatabaseTestService", "Application": "Crud.Api"}
[06:44:50 INF] Database mutex acquired for worker 9058 {"SourceContext": "Infrastructure.Services.DatabaseTestService", "Application": "Crud.Api"}
[06:44:50 INF] Current database state - CanConnect: True {"SourceContext": "Infrastructure.Services.DatabaseTestService", "Application": "Crud.Api"}
[06:44:50 INF] [Phase 0] Closing database connection for worker 9058... {"SourceContext": "Infrastructure.Services.DatabaseTestService", "Application": "Crud.Api"}
[06:44:50 INF] [Phase 0] Connection closed in 0.0006ms {"SourceContext": "Infrastructure.Services.DatabaseTestService", "Application": "Crud.Api"}
[06:44:50 INF] [Phase 1] Starting EnsureDeletedAsync for worker 9058... {"SourceContext": "Infrastructure.Services.DatabaseTestService", "Application": "Crud.Api"}
[06:44:50 INF] [Phase 1] EnsureDeletedAsync completed in 1.3205ms {"SourceContext": "Infrastructure.Services.DatabaseTestService", "Application": "Crud.Api"}
[06:44:50 INF] [Phase 2] Starting EnsureCreatedAsync for worker 9058... {"SourceContext": "Infrastructure.Services.DatabaseTestService", "Application": "Crud.Api"}
[06:44:50 INF] [Phase 2] EnsureCreatedAsync completed in 8.2505ms {"SourceContext": "Infrastructure.Services.DatabaseTestService", "Application": "Crud.Api"}
[06:44:50 INF] [Phase 3] Skipping database seeding as requested for worker 9058 {"SourceContext": "Infrastructure.Services.DatabaseTestService", "Application": "Crud.Api"}
[06:44:50 INF] Database reset via file deletion completed for worker 9058 in 109.2567ms (Close: 0.0006ms, Delete: 1.3205ms, Create: 8.2505ms) {"SourceContext": "Infrastructure.Services.DatabaseTestService", "Application": "Crud.Api"}
[06:44:50 INF] Releasing database mutex for worker 9058 {"SourceContext": "Infrastructure.Services.DatabaseTestService", "Application": "Crud.Api"}
[06:44:50 INF] Resetting database for worker 9058 {"SourceContext": "Infrastructure.Services.DatabaseTestService", "Application": "Crud.Api"}
[06:44:50 INF] Resetting database via file deletion for worker 9058 in CI environment {"SourceContext": "Infrastructure.Services.DatabaseTestService", "Application": "Crud.Api"}
[06:44:50 INF] Acquiring database mutex for worker 9058... {"SourceContext": "Infrastructure.Services.DatabaseTestService", "Application": "Crud.Api"}
[06:44:50 INF] Database mutex acquired for worker 9058 {"SourceContext": "Infrastructure.Services.DatabaseTestService", "Application": "Crud.Api"}
[06:44:50 INF] Current database state - CanConnect: True {"SourceContext": "Infrastructure.Services.DatabaseTestService", "Application": "Crud.Api"}
[06:44:50 INF] [Phase 0] Closing database connection for worker 9058... {"SourceContext": "Infrastructure.Services.DatabaseTestService", "Application": "Crud.Api"}
[06:44:50 INF] [Phase 0] Connection closed in 0.0005ms {"SourceContext": "Infrastructure.Services.DatabaseTestService", "Application": "Crud.Api"}
[06:44:50 INF] [Phase 1] Starting EnsureDeletedAsync for worker 9058... {"SourceContext": "Infrastructure.Services.DatabaseTestService", "Application": "Crud.Api"}
[06:44:50 INF] [Phase 1] EnsureDeletedAsync completed in 1.1263ms {"SourceContext": "Infrastructure.Services.DatabaseTestService", "Application": "Crud.Api"}
[06:44:50 INF] [Phase 2] Starting EnsureCreatedAsync for worker 9058... {"SourceContext": "Infrastructure.Services.DatabaseTestService", "Application": "Crud.Api"}
[06:44:50 INF] [Phase 2] EnsureCreatedAsync completed in 7.3824ms {"SourceContext": "Infrastructure.Services.DatabaseTestService", "Application": "Crud.Api"}
[06:44:50 INF] [Phase 3] Skipping database seeding as requested for worker 9058 {"SourceContext": "Infrastructure.Services.DatabaseTestService", "Application": "Crud.Api"}
[06:44:50 INF] Database reset via file deletion completed for worker 9058 in 108.9027ms (Close: 0.0005ms, Delete: 1.1263ms, Create: 7.3824ms) {"SourceContext": "Infrastructure.Services.DatabaseTestService", "Application": "Crud.Api"}
[06:44:50 INF] Releasing database mutex for worker 9058 {"SourceContext": "Infrastructure.Services.DatabaseTestService", "Application": "Crud.Api"}
[06:44:50 INF] Token validation requested for token: invalid-to*** {"SourceContext": "App.Features.Authentication.ValidateResetTokenQueryHandler", "ActionId": "37ad9266-cd9a-4483-aaec-43450842fbb6", "ActionName": "Api.Controllers.AuthController.ValidateResetToken (Api)", "RequestId": "0HNFGVQB4PDOC", "RequestPath": "/api/auth/validate-reset-token", "Application": "Crud.Api"}
[06:44:50 WRN] Token validation failed - token not found {"SourceContext": "App.Features.Authentication.ValidateResetTokenQueryHandler", "ActionId": "37ad9266-cd9a-4483-aaec-43450842fbb6", "ActionName": "Api.Controllers.AuthController.ValidateResetToken (Api)", "RequestId": "0HNFGVQB4PDOC", "RequestPath": "/api/auth/validate-reset-token", "Application": "Crud.Api"}
Activity.TraceId:            2159d8b582ac619b5c1102310c1a8d15
Activity.SpanId:             c52bee08fe9561f4
Activity.TraceFlags:         Recorded
Activity.ActivitySourceName: Microsoft.AspNetCore
Activity.DisplayName:        POST api/Auth/validate-reset-token
Activity.Kind:               Server
Activity.StartTime:          2025-09-11T06:44:50.3447609Z
Activity.Duration:           00:00:00.0080338
Activity.Tags:
    server.address: localhost
    http.request.method: POST
    url.scheme: http
    url.path: /api/auth/validate-reset-token
    network.protocol.version: 1.1
    http.route: api/Auth/validate-reset-token
    http.response.status_code: 200
Resource associated with Activity:
    deployment.environment: Testing
    service.name: Crud.Api
    service.version: 1.0.0
    service.instance.id: bb25e7a8-9ced-49c8-9e52-fd74b67e7fff
    telemetry.sdk.name: opentelemetry
    telemetry.sdk.language: dotnet
    telemetry.sdk.version: 1.8.1
[06:44:50 INF] Resetting database for worker 9058 {"SourceContext": "Infrastructure.Services.DatabaseTestService", "Application": "Crud.Api"}
[06:44:50 INF] Resetting database via file deletion for worker 9058 in CI environment {"SourceContext": "Infrastructure.Services.DatabaseTestService", "Application": "Crud.Api"}
[06:44:50 INF] Acquiring database mutex for worker 9058... {"SourceContext": "Infrastructure.Services.DatabaseTestService", "Application": "Crud.Api"}
[06:44:50 INF] Database mutex acquired for worker 9058 {"SourceContext": "Infrastructure.Services.DatabaseTestService", "Application": "Crud.Api"}
[06:44:50 INF] Current database state - CanConnect: True {"SourceContext": "Infrastructure.Services.DatabaseTestService", "Application": "Crud.Api"}
[06:44:50 INF] [Phase 0] Closing database connection for worker 9058... {"SourceContext": "Infrastructure.Services.DatabaseTestService", "Application": "Crud.Api"}
[06:44:50 INF] [Phase 0] Connection closed in 0.0006ms {"SourceContext": "Infrastructure.Services.DatabaseTestService", "Application": "Crud.Api"}
[06:44:50 INF] [Phase 1] Starting EnsureDeletedAsync for worker 9058... {"SourceContext": "Infrastructure.Services.DatabaseTestService", "Application": "Crud.Api"}
[06:44:50 INF] [Phase 1] EnsureDeletedAsync completed in 1.3693ms {"SourceContext": "Infrastructure.Services.DatabaseTestService", "Application": "Crud.Api"}
[06:44:50 INF] [Phase 2] Starting EnsureCreatedAsync for worker 9058... {"SourceContext": "Infrastructure.Services.DatabaseTestService", "Application": "Crud.Api"}
[06:44:50 INF] [Phase 2] EnsureCreatedAsync completed in 7.7069ms {"SourceContext": "Infrastructure.Services.DatabaseTestService", "Application": "Crud.Api"}
[06:44:50 INF] [Phase 3] Skipping database seeding as requested for worker 9058 {"SourceContext": "Infrastructure.Services.DatabaseTestService", "Application": "Crud.Api"}
[06:44:50 INF] Database reset via file deletion completed for worker 9058 in 109.5009ms (Close: 0.0006ms, Delete: 1.3693ms, Create: 7.7069ms) {"SourceContext": "Infrastructure.Services.DatabaseTestService", "Application": "Crud.Api"}
[06:44:50 INF] Releasing database mutex for worker 9058 {"SourceContext": "Infrastructure.Services.DatabaseTestService", "Application": "Crud.Api"}
[06:44:50 INF] Resetting database for worker 9058 {"SourceContext": "Infrastructure.Services.DatabaseTestService", "Application": "Crud.Api"}
[06:44:50 INF] Resetting database via file deletion for worker 9058 in CI environment {"SourceContext": "Infrastructure.Services.DatabaseTestService", "Application": "Crud.Api"}
[06:44:50 INF] Acquiring database mutex for worker 9058... {"SourceContext": "Infrastructure.Services.DatabaseTestService", "Application": "Crud.Api"}
[06:44:50 INF] Database mutex acquired for worker 9058 {"SourceContext": "Infrastructure.Services.DatabaseTestService", "Application": "Crud.Api"}
[06:44:50 INF] Current database state - CanConnect: True {"SourceContext": "Infrastructure.Services.DatabaseTestService", "Application": "Crud.Api"}
[06:44:50 INF] [Phase 0] Closing database connection for worker 9058... {"SourceContext": "Infrastructure.Services.DatabaseTestService", "Application": "Crud.Api"}
[06:44:50 INF] [Phase 0] Connection closed in 0.0005ms {"SourceContext": "Infrastructure.Services.DatabaseTestService", "Application": "Crud.Api"}
[06:44:50 INF] [Phase 1] Starting EnsureDeletedAsync for worker 9058... {"SourceContext": "Infrastructure.Services.DatabaseTestService", "Application": "Crud.Api"}
[06:44:50 INF] [Phase 1] EnsureDeletedAsync completed in 1.1532ms {"SourceContext": "Infrastructure.Services.DatabaseTestService", "Application": "Crud.Api"}
[06:44:50 INF] [Phase 2] Starting EnsureCreatedAsync for worker 9058... {"SourceContext": "Infrastructure.Services.DatabaseTestService", "Application": "Crud.Api"}
[06:44:50 INF] [Phase 2] EnsureCreatedAsync completed in 7.7116ms {"SourceContext": "Infrastructure.Services.DatabaseTestService", "Application": "Crud.Api"}
[06:44:50 INF] [Phase 3] Skipping database seeding as requested for worker 9058 {"SourceContext": "Infrastructure.Services.DatabaseTestService", "Application": "Crud.Api"}
[06:44:50 INF] Database reset via file deletion completed for worker 9058 in 109.1043ms (Close: 0.0005ms, Delete: 1.1532ms, Create: 7.7116ms) {"SourceContext": "Infrastructure.Services.DatabaseTestService", "Application": "Crud.Api"}
[06:44:50 INF] Releasing database mutex for worker 9058 {"SourceContext": "Infrastructure.Services.DatabaseTestService", "Application": "Crud.Api"}
[06:44:50 INF] Password reset requested from IP: unknown {"SourceContext": "Api.Controllers.AuthController", "ActionId": "eef80d9d-4eb5-4779-a2bb-47892e5446c0", "ActionName": "Api.Controllers.AuthController.ForgotPassword (Api)", "RequestId": "0HNFGVQB4PDOD", "RequestPath": "/api/auth/forgot-password", "Application": "Crud.Api"}
[06:44:50 INF] Password reset requested for user: 10bca1ad-7e37-48f7-b965-dbb2ef5d4cfe {"SourceContext": "App.Features.Authentication.ForgotPasswordCommandHandler", "ActionId": "eef80d9d-4eb5-4779-a2bb-47892e5446c0", "ActionName": "Api.Controllers.AuthController.ForgotPassword (Api)", "RequestId": "0HNFGVQB4PDOD", "RequestPath": "/api/auth/forgot-password", "Application": "Crud.Api"}
[06:44:50 INF] Password reset email sent (Mock Service - Not Actually Sent) {"SourceContext": "Infrastructure.Services.MockEmailService", "ActionId": "eef80d9d-4eb5-4779-a2bb-47892e5446c0", "ActionName": "Api.Controllers.AuthController.ForgotPassword (Api)", "RequestId": "0HNFGVQB4PDOD", "RequestPath": "/api/auth/forgot-password", "Application": "Crud.Api"}
[06:44:50 DBG] Email Details - From: noreply@example.com, Subject: Password Reset Request {"SourceContext": "Infrastructure.Services.MockEmailService", "ActionId": "eef80d9d-4eb5-4779-a2bb-47892e5446c0", "ActionName": "Api.Controllers.AuthController.ForgotPassword (Api)", "RequestId": "0HNFGVQB4PDOD", "RequestPath": "/api/auth/forgot-password", "Application": "Crud.Api"}
[06:44:50 INF] Password reset email sent successfully for user: 10bca1ad-7e37-48f7-b965-dbb2ef5d4cfe {"SourceContext": "App.Features.Authentication.ForgotPasswordCommandHandler", "ActionId": "eef80d9d-4eb5-4779-a2bb-47892e5446c0", "ActionName": "Api.Controllers.AuthController.ForgotPassword (Api)", "RequestId": "0HNFGVQB4PDOD", "RequestPath": "/api/auth/forgot-password", "Application": "Crud.Api"}
Activity.TraceId:            4e6712c410e0a76ee6d8f360fbe758db
Activity.SpanId:             99d0920dbb23f72a
Activity.TraceFlags:         Recorded
Activity.ActivitySourceName: Microsoft.AspNetCore
Activity.DisplayName:        POST api/Auth/forgot-password
Activity.Kind:               Server
Activity.StartTime:          2025-09-11T06:44:50.5777745Z
Activity.Duration:           00:00:00.1017430
Activity.Tags:
    server.address: localhost
    http.request.method: POST
    url.scheme: http
    url.path: /api/auth/forgot-password
    network.protocol.version: 1.1
    http.route: api/Auth/forgot-password
    http.response.status_code: 200
Resource associated with Activity:
    deployment.environment: Testing
    service.name: Crud.Api
    service.version: 1.0.0
    service.instance.id: bb25e7a8-9ced-49c8-9e52-fd74b67e7fff
    telemetry.sdk.name: opentelemetry
    telemetry.sdk.language: dotnet
    telemetry.sdk.version: 1.8.1
[06:44:50 INF] Token validation requested for token: CdCU_FqbXS*** {"SourceContext": "App.Features.Authentication.ValidateResetTokenQueryHandler", "ActionId": "37ad9266-cd9a-4483-aaec-43450842fbb6", "ActionName": "Api.Controllers.AuthController.ValidateResetToken (Api)", "RequestId": "0HNFGVQB4PDOE", "RequestPath": "/api/auth/validate-reset-token", "Application": "Crud.Api"}
[06:44:50 INF] Token validation completed - Valid: True, Expired: False, Used: False {"SourceContext": "App.Features.Authentication.ValidateResetTokenQueryHandler", "ActionId": "37ad9266-cd9a-4483-aaec-43450842fbb6", "ActionName": "Api.Controllers.AuthController.ValidateResetToken (Api)", "RequestId": "0HNFGVQB4PDOE", "RequestPath": "/api/auth/validate-reset-token", "Application": "Crud.Api"}
Activity.TraceId:            bea0358e729d4e4b8efdb74b2409a14c
Activity.SpanId:             a9987c25a03c4ac3
Activity.TraceFlags:         Recorded
Activity.ActivitySourceName: Microsoft.AspNetCore
Activity.DisplayName:        POST api/Auth/validate-reset-token
Activity.Kind:               Server
Activity.StartTime:          2025-09-11T06:44:50.6807727Z
Activity.Duration:           00:00:00.0017036
Activity.Tags:
    server.address: localhost
    http.request.method: POST
    url.scheme: http
    url.path: /api/auth/validate-reset-token
    network.protocol.version: 1.1
    http.route: api/Auth/validate-reset-token
    http.response.status_code: 200
Resource associated with Activity:
    deployment.environment: Testing
    service.name: Crud.Api
    service.version: 1.0.0
    service.instance.id: bb25e7a8-9ced-49c8-9e52-fd74b67e7fff
    telemetry.sdk.name: opentelemetry
    telemetry.sdk.language: dotnet
    telemetry.sdk.version: 1.8.1
[06:44:50 INF] Password reset attempt from IP: unknown {"SourceContext": "Api.Controllers.AuthController", "ActionId": "29932a1b-008c-4650-bc34-1b0b5ee34aee", "ActionName": "Api.Controllers.AuthController.ResetPassword (Api)", "RequestId": "0HNFGVQB4PDOF", "RequestPath": "/api/auth/reset-password", "Application": "Crud.Api"}
[06:44:50 INF] Password reset successful for user: 10bca1ad-7e37-48f7-b965-dbb2ef5d4cfe, Email: test@example.com {"SourceContext": "App.Features.Authentication.ResetPasswordCommandHandler", "ActionId": "29932a1b-008c-4650-bc34-1b0b5ee34aee", "ActionName": "Api.Controllers.AuthController.ResetPassword (Api)", "RequestId": "0HNFGVQB4PDOF", "RequestPath": "/api/auth/reset-password", "Application": "Crud.Api"}
Activity.TraceId:            c8ebd28d92030a4ba17e9f94090e00bf
Activity.SpanId:             d2b75ee37eb2d70e
Activity.TraceFlags:         Recorded
Activity.ActivitySourceName: Microsoft.AspNetCore
Activity.DisplayName:        POST api/Auth/reset-password
Activity.Kind:               Server
Activity.StartTime:          2025-09-11T06:44:50.6826719Z
Activity.Duration:           00:00:00.3007593
Activity.Tags:
    server.address: localhost
    http.request.method: POST
    url.scheme: http
    url.path: /api/auth/reset-password
    network.protocol.version: 1.1
    http.route: api/Auth/reset-password
    http.response.status_code: 200
Resource associated with Activity:
    deployment.environment: Testing
    service.name: Crud.Api
    service.version: 1.0.0
    service.instance.id: bb25e7a8-9ced-49c8-9e52-fd74b67e7fff
    telemetry.sdk.name: opentelemetry
    telemetry.sdk.language: dotnet
    telemetry.sdk.version: 1.8.1
[06:44:50 INF] Token validation requested for token: CdCU_FqbXS*** {"SourceContext": "App.Features.Authentication.ValidateResetTokenQueryHandler", "ActionId": "37ad9266-cd9a-4483-aaec-43450842fbb6", "ActionName": "Api.Controllers.AuthController.ValidateResetToken (Api)", "RequestId": "0HNFGVQB4PDOG", "RequestPath": "/api/auth/validate-reset-token", "Application": "Crud.Api"}
[06:44:50 INF] Token validation completed - Valid: False, Expired: False, Used: True {"SourceContext": "App.Features.Authentication.ValidateResetTokenQueryHandler", "ActionId": "37ad9266-cd9a-4483-aaec-43450842fbb6", "ActionName": "Api.Controllers.AuthController.ValidateResetToken (Api)", "RequestId": "0HNFGVQB4PDOG", "RequestPath": "/api/auth/validate-reset-token", "Application": "Crud.Api"}
Activity.TraceId:            756a0528daaa6fd26a632aaebb05cbae
Activity.SpanId:             13c9902bf0ef6dea
Activity.TraceFlags:         Recorded
Activity.ActivitySourceName: Microsoft.AspNetCore
Activity.DisplayName:        POST api/Auth/validate-reset-token
Activity.Kind:               Server
Activity.StartTime:          2025-09-11T06:44:50.9835356Z
Activity.Duration:           00:00:00.0017528
Activity.Tags:
    server.address: localhost
    http.request.method: POST
    url.scheme: http
    url.path: /api/auth/validate-reset-token
    network.protocol.version: 1.1
    http.route: api/Auth/validate-reset-token
    http.response.status_code: 200
Resource associated with Activity:
    deployment.environment: Testing
    service.name: Crud.Api
    service.version: 1.0.0
    service.instance.id: bb25e7a8-9ced-49c8-9e52-fd74b67e7fff
    telemetry.sdk.name: opentelemetry
    telemetry.sdk.language: dotnet
    telemetry.sdk.version: 1.8.1
[06:44:50 INF] Password reset attempt from IP: unknown {"SourceContext": "Api.Controllers.AuthController", "ActionId": "29932a1b-008c-4650-bc34-1b0b5ee34aee", "ActionName": "Api.Controllers.AuthController.ResetPassword (Api)", "RequestId": "0HNFGVQB4PDOH", "RequestPath": "/api/auth/reset-password", "Application": "Crud.Api"}
[06:44:50 WRN] Password reset attempted with already used token for user: 10bca1ad-7e37-48f7-b965-dbb2ef5d4cfe {"SourceContext": "App.Features.Authentication.ResetPasswordCommandHandler", "ActionId": "29932a1b-008c-4650-bc34-1b0b5ee34aee", "ActionName": "Api.Controllers.AuthController.ResetPassword (Api)", "RequestId": "0HNFGVQB4PDOH", "RequestPath": "/api/auth/reset-password", "Application": "Crud.Api"}
Activity.TraceId:            5875447f191f8fbf33c05e02ae2326a7
Activity.SpanId:             e0516868913d8a50
Activity.TraceFlags:         Recorded
Activity.ActivitySourceName: Microsoft.AspNetCore
Activity.DisplayName:        POST api/Auth/reset-password
Activity.Kind:               Server
Activity.StartTime:          2025-09-11T06:44:50.9854695Z
Activity.Duration:           00:00:00.0007055
Activity.Tags:
    server.address: localhost
    http.request.method: POST
    url.scheme: http
    url.path: /api/auth/reset-password
    network.protocol.version: 1.1
    http.route: api/Auth/reset-password
    http.response.status_code: 400
Resource associated with Activity:
    deployment.environment: Testing
    service.name: Crud.Api
    service.version: 1.0.0
    service.instance.id: bb25e7a8-9ced-49c8-9e52-fd74b67e7fff
    telemetry.sdk.name: opentelemetry
    telemetry.sdk.language: dotnet
    telemetry.sdk.version: 1.8.1
❌ POST /api/auth/reset-password failed:
   Status: BadRequest (400)
   Reason: Bad Request
   Response Body: {"error":"This password reset link has already been used."}
   Content Headers: Content-Type=application/json; charset=utf-8
[06:44:50 INF] Resetting database for worker 9058 {"SourceContext": "Infrastructure.Services.DatabaseTestService", "Application": "Crud.Api"}
[06:44:50 INF] Resetting database via file deletion for worker 9058 in CI environment {"SourceContext": "Infrastructure.Services.DatabaseTestService", "Application": "Crud.Api"}
[06:44:50 INF] Acquiring database mutex for worker 9058... {"SourceContext": "Infrastructure.Services.DatabaseTestService", "Application": "Crud.Api"}
[06:44:50 INF] Database mutex acquired for worker 9058 {"SourceContext": "Infrastructure.Services.DatabaseTestService", "Application": "Crud.Api"}
[06:44:50 INF] Current database state - CanConnect: True {"SourceContext": "Infrastructure.Services.DatabaseTestService", "Application": "Crud.Api"}
[06:44:50 INF] [Phase 0] Closing database connection for worker 9058... {"SourceContext": "Infrastructure.Services.DatabaseTestService", "Application": "Crud.Api"}
[06:44:50 INF] [Phase 0] Connection closed in 0.0007ms {"SourceContext": "Infrastructure.Services.DatabaseTestService", "Application": "Crud.Api"}
[06:44:50 INF] [Phase 1] Starting EnsureDeletedAsync for worker 9058... {"SourceContext": "Infrastructure.Services.DatabaseTestService", "Application": "Crud.Api"}
[06:44:50 INF] [Phase 1] EnsureDeletedAsync completed in 1.46ms {"SourceContext": "Infrastructure.Services.DatabaseTestService", "Application": "Crud.Api"}
[06:44:51 INF] [Phase 2] Starting EnsureCreatedAsync for worker 9058... {"SourceContext": "Infrastructure.Services.DatabaseTestService", "Application": "Crud.Api"}
[06:44:51 INF] [Phase 2] EnsureCreatedAsync completed in 16.3603ms {"SourceContext": "Infrastructure.Services.DatabaseTestService", "Application": "Crud.Api"}
[06:44:51 INF] [Phase 3] Skipping database seeding as requested for worker 9058 {"SourceContext": "Infrastructure.Services.DatabaseTestService", "Application": "Crud.Api"}
[06:44:51 INF] Database reset via file deletion completed for worker 9058 in 117.3907ms (Close: 0.0007ms, Delete: 1.46ms, Create: 16.3603ms) {"SourceContext": "Infrastructure.Services.DatabaseTestService", "Application": "Crud.Api"}
[06:44:51 INF] Releasing database mutex for worker 9058 {"SourceContext": "Infrastructure.Services.DatabaseTestService", "Application": "Crud.Api"}
[06:44:51 INF] Resetting database for worker 9058 {"SourceContext": "Infrastructure.Services.DatabaseTestService", "Application": "Crud.Api"}
[06:44:51 INF] Resetting database via file deletion for worker 9058 in CI environment {"SourceContext": "Infrastructure.Services.DatabaseTestService", "Application": "Crud.Api"}
[06:44:51 INF] Acquiring database mutex for worker 9058... {"SourceContext": "Infrastructure.Services.DatabaseTestService", "Application": "Crud.Api"}
[06:44:51 INF] Database mutex acquired for worker 9058 {"SourceContext": "Infrastructure.Services.DatabaseTestService", "Application": "Crud.Api"}
[06:44:51 INF] Current database state - CanConnect: True {"SourceContext": "Infrastructure.Services.DatabaseTestService", "Application": "Crud.Api"}
[06:44:51 INF] [Phase 0] Closing database connection for worker 9058... {"SourceContext": "Infrastructure.Services.DatabaseTestService", "Application": "Crud.Api"}
[06:44:51 INF] [Phase 0] Connection closed in 0.0005ms {"SourceContext": "Infrastructure.Services.DatabaseTestService", "Application": "Crud.Api"}
[06:44:51 INF] [Phase 1] Starting EnsureDeletedAsync for worker 9058... {"SourceContext": "Infrastructure.Services.DatabaseTestService", "Application": "Crud.Api"}
[06:44:51 INF] [Phase 1] EnsureDeletedAsync completed in 1.4338ms {"SourceContext": "Infrastructure.Services.DatabaseTestService", "Application": "Crud.Api"}
[06:44:51 INF] [Phase 2] Starting EnsureCreatedAsync for worker 9058... {"SourceContext": "Infrastructure.Services.DatabaseTestService", "Application": "Crud.Api"}
[06:44:51 INF] [Phase 2] EnsureCreatedAsync completed in 7.6378ms {"SourceContext": "Infrastructure.Services.DatabaseTestService", "Application": "Crud.Api"}
[06:44:51 INF] [Phase 3] Skipping database seeding as requested for worker 9058 {"SourceContext": "Infrastructure.Services.DatabaseTestService", "Application": "Crud.Api"}
[06:44:51 INF] Database reset via file deletion completed for worker 9058 in 108.8221ms (Close: 0.0005ms, Delete: 1.4338ms, Create: 7.6378ms) {"SourceContext": "Infrastructure.Services.DatabaseTestService", "Application": "Crud.Api"}
[06:44:51 INF] Releasing database mutex for worker 9058 {"SourceContext": "Infrastructure.Services.DatabaseTestService", "Application": "Crud.Api"}
[06:44:51 INF] Password reset requested from IP: unknown {"SourceContext": "Api.Controllers.AuthController", "ActionId": "eef80d9d-4eb5-4779-a2bb-47892e5446c0", "ActionName": "Api.Controllers.AuthController.ForgotPassword (Api)", "RequestId": "0HNFGVQB4PDOI", "RequestPath": "/api/auth/forgot-password", "Application": "Crud.Api"}
[06:44:51 INF] Password reset requested for user: 87e2617e-bdd5-43e9-b2dc-75e7bd01e7f7 {"SourceContext": "App.Features.Authentication.ForgotPasswordCommandHandler", "ActionId": "eef80d9d-4eb5-4779-a2bb-47892e5446c0", "ActionName": "Api.Controllers.AuthController.ForgotPassword (Api)", "RequestId": "0HNFGVQB4PDOI", "RequestPath": "/api/auth/forgot-password", "Application": "Crud.Api"}
[06:44:51 INF] Password reset email sent (Mock Service - Not Actually Sent) {"SourceContext": "Infrastructure.Services.MockEmailService", "ActionId": "eef80d9d-4eb5-4779-a2bb-47892e5446c0", "ActionName": "Api.Controllers.AuthController.ForgotPassword (Api)", "RequestId": "0HNFGVQB4PDOI", "RequestPath": "/api/auth/forgot-password", "Application": "Crud.Api"}
[06:44:51 DBG] Email Details - From: noreply@example.com, Subject: Password Reset Request {"SourceContext": "Infrastructure.Services.MockEmailService", "ActionId": "eef80d9d-4eb5-4779-a2bb-47892e5446c0", "ActionName": "Api.Controllers.AuthController.ForgotPassword (Api)", "RequestId": "0HNFGVQB4PDOI", "RequestPath": "/api/auth/forgot-password", "Application": "Crud.Api"}
[06:44:51 INF] Password reset email sent successfully for user: 87e2617e-bdd5-43e9-b2dc-75e7bd01e7f7 {"SourceContext": "App.Features.Authentication.ForgotPasswordCommandHandler", "ActionId": "eef80d9d-4eb5-4779-a2bb-47892e5446c0", "ActionName": "Api.Controllers.AuthController.ForgotPassword (Api)", "RequestId": "0HNFGVQB4PDOI", "RequestPath": "/api/auth/forgot-password", "Application": "Crud.Api"}
Activity.TraceId:            d9d209023d53ff06edde0b947343fec0
Activity.SpanId:             d659b211ae454d97
Activity.TraceFlags:         Recorded
Activity.ActivitySourceName: Microsoft.AspNetCore
Activity.DisplayName:        POST api/Auth/forgot-password
Activity.Kind:               Server
Activity.StartTime:          2025-09-11T06:44:51.2177034Z
Activity.Duration:           00:00:00.1021682
Activity.Tags:
    server.address: localhost
    http.request.method: POST
    url.scheme: http
    url.path: /api/auth/forgot-password
    network.protocol.version: 1.1
    http.route: api/Auth/forgot-password
    http.response.status_code: 200
Resource associated with Activity:
    deployment.environment: Testing
    service.name: Crud.Api
    service.version: 1.0.0
    service.instance.id: bb25e7a8-9ced-49c8-9e52-fd74b67e7fff
    telemetry.sdk.name: opentelemetry
    telemetry.sdk.language: dotnet
    telemetry.sdk.version: 1.8.1
[06:44:51 INF] Token validation requested for token: u7Q1NEstSy*** {"SourceContext": "App.Features.Authentication.ValidateResetTokenQueryHandler", "ActionId": "37ad9266-cd9a-4483-aaec-43450842fbb6", "ActionName": "Api.Controllers.AuthController.ValidateResetToken (Api)", "RequestId": "0HNFGVQB4PDOJ", "RequestPath": "/api/auth/validate-reset-token", "Application": "Crud.Api"}
[06:44:51 INF] Token validation completed - Valid: True, Expired: False, Used: False {"SourceContext": "App.Features.Authentication.ValidateResetTokenQueryHandler", "ActionId": "37ad9266-cd9a-4483-aaec-43450842fbb6", "ActionName": "Api.Controllers.AuthController.ValidateResetToken (Api)", "RequestId": "0HNFGVQB4PDOJ", "RequestPath": "/api/auth/validate-reset-token", "Application": "Crud.Api"}
Activity.TraceId:            c227c5a47d061af903ab2968ef9a93fc
Activity.SpanId:             c8406e202347f888
Activity.TraceFlags:         Recorded
Activity.ActivitySourceName: Microsoft.AspNetCore
Activity.DisplayName:        POST api/Auth/validate-reset-token
Activity.Kind:               Server
Activity.StartTime:          2025-09-11T06:44:51.3207686Z
Activity.Duration:           00:00:00.0007872
Activity.Tags:
    server.address: localhost
    http.request.method: POST
    url.scheme: http
    url.path: /api/auth/validate-reset-token
    network.protocol.version: 1.1
    http.route: api/Auth/validate-reset-token
    http.response.status_code: 200
Resource associated with Activity:
    deployment.environment: Testing
    service.name: Crud.Api
    service.version: 1.0.0
    service.instance.id: bb25e7a8-9ced-49c8-9e52-fd74b67e7fff
    telemetry.sdk.name: opentelemetry
    telemetry.sdk.language: dotnet
    telemetry.sdk.version: 1.8.1
[06:44:51 INF] Resetting database for worker 9058 {"SourceContext": "Infrastructure.Services.DatabaseTestService", "Application": "Crud.Api"}
[06:44:51 INF] Resetting database via file deletion for worker 9058 in CI environment {"SourceContext": "Infrastructure.Services.DatabaseTestService", "Application": "Crud.Api"}
[06:44:51 INF] Acquiring database mutex for worker 9058... {"SourceContext": "Infrastructure.Services.DatabaseTestService", "Application": "Crud.Api"}
[06:44:51 INF] Database mutex acquired for worker 9058 {"SourceContext": "Infrastructure.Services.DatabaseTestService", "Application": "Crud.Api"}
[06:44:51 INF] Current database state - CanConnect: True {"SourceContext": "Infrastructure.Services.DatabaseTestService", "Application": "Crud.Api"}
[06:44:51 INF] [Phase 0] Closing database connection for worker 9058... {"SourceContext": "Infrastructure.Services.DatabaseTestService", "Application": "Crud.Api"}
[06:44:51 INF] [Phase 0] Connection closed in 0.0005ms {"SourceContext": "Infrastructure.Services.DatabaseTestService", "Application": "Crud.Api"}
[06:44:51 INF] [Phase 1] Starting EnsureDeletedAsync for worker 9058... {"SourceContext": "Infrastructure.Services.DatabaseTestService", "Application": "Crud.Api"}
[06:44:51 INF] [Phase 1] EnsureDeletedAsync completed in 1.4346ms {"SourceContext": "Infrastructure.Services.DatabaseTestService", "Application": "Crud.Api"}
[06:44:51 INF] [Phase 2] Starting EnsureCreatedAsync for worker 9058... {"SourceContext": "Infrastructure.Services.DatabaseTestService", "Application": "Crud.Api"}
[06:44:51 INF] [Phase 2] EnsureCreatedAsync completed in 8.5596ms {"SourceContext": "Infrastructure.Services.DatabaseTestService", "Application": "Crud.Api"}
[06:44:51 INF] [Phase 3] Skipping database seeding as requested for worker 9058 {"SourceContext": "Infrastructure.Services.DatabaseTestService", "Application": "Crud.Api"}
[06:44:51 INF] Database reset via file deletion completed for worker 9058 in 110.2603ms (Close: 0.0005ms, Delete: 1.4346ms, Create: 8.5596ms) {"SourceContext": "Infrastructure.Services.DatabaseTestService", "Application": "Crud.Api"}
[06:44:51 INF] Releasing database mutex for worker 9058 {"SourceContext": "Infrastructure.Services.DatabaseTestService", "Application": "Crud.Api"}
[06:44:51 INF] Resetting database for worker 9058 {"SourceContext": "Infrastructure.Services.DatabaseTestService", "Application": "Crud.Api"}
[06:44:51 INF] Resetting database via file deletion for worker 9058 in CI environment {"SourceContext": "Infrastructure.Services.DatabaseTestService", "Application": "Crud.Api"}
[06:44:51 INF] Acquiring database mutex for worker 9058... {"SourceContext": "Infrastructure.Services.DatabaseTestService", "Application": "Crud.Api"}
[06:44:51 INF] Database mutex acquired for worker 9058 {"SourceContext": "Infrastructure.Services.DatabaseTestService", "Application": "Crud.Api"}
[06:44:51 INF] Current database state - CanConnect: True {"SourceContext": "Infrastructure.Services.DatabaseTestService", "Application": "Crud.Api"}
[06:44:51 INF] [Phase 0] Closing database connection for worker 9058... {"SourceContext": "Infrastructure.Services.DatabaseTestService", "Application": "Crud.Api"}
[06:44:51 INF] [Phase 0] Connection closed in 0.0005ms {"SourceContext": "Infrastructure.Services.DatabaseTestService", "Application": "Crud.Api"}
[06:44:51 INF] [Phase 1] Starting EnsureDeletedAsync for worker 9058... {"SourceContext": "Infrastructure.Services.DatabaseTestService", "Application": "Crud.Api"}
[06:44:51 INF] [Phase 1] EnsureDeletedAsync completed in 1.6143ms {"SourceContext": "Infrastructure.Services.DatabaseTestService", "Application": "Crud.Api"}
[06:44:51 INF] [Phase 2] Starting EnsureCreatedAsync for worker 9058... {"SourceContext": "Infrastructure.Services.DatabaseTestService", "Application": "Crud.Api"}
[06:44:51 INF] [Phase 2] EnsureCreatedAsync completed in 12.0338ms {"SourceContext": "Infrastructure.Services.DatabaseTestService", "Application": "Crud.Api"}
[06:44:51 INF] [Phase 3] Skipping database seeding as requested for worker 9058 {"SourceContext": "Infrastructure.Services.DatabaseTestService", "Application": "Crud.Api"}
[06:44:51 INF] Database reset via file deletion completed for worker 9058 in 113.8236ms (Close: 0.0005ms, Delete: 1.6143ms, Create: 12.0338ms) {"SourceContext": "Infrastructure.Services.DatabaseTestService", "Application": "Crud.Api"}
[06:44:51 INF] Releasing database mutex for worker 9058 {"SourceContext": "Infrastructure.Services.DatabaseTestService", "Application": "Crud.Api"}
[06:44:51 INF] Password reset attempt from IP: unknown {"SourceContext": "Api.Controllers.AuthController", "ActionId": "29932a1b-008c-4650-bc34-1b0b5ee34aee", "ActionName": "Api.Controllers.AuthController.ResetPassword (Api)", "RequestId": "0HNFGVQB4PDOK", "RequestPath": "/api/auth/reset-password", "Application": "Crud.Api"}
[06:44:51 WRN] Password reset attempted with invalid token {"SourceContext": "App.Features.Authentication.ResetPasswordCommandHandler", "ActionId": "29932a1b-008c-4650-bc34-1b0b5ee34aee", "ActionName": "Api.Controllers.AuthController.ResetPassword (Api)", "RequestId": "0HNFGVQB4PDOK", "RequestPath": "/api/auth/reset-password", "Application": "Crud.Api"}
Activity.TraceId:            4eaeeb47b97dbb0dc2ea7e73bd19f129
Activity.SpanId:             e2f1490ff343fa68
Activity.TraceFlags:         Recorded
Activity.ActivitySourceName: Microsoft.AspNetCore
Activity.DisplayName:        POST api/Auth/reset-password
Activity.Kind:               Server
Activity.StartTime:          2025-09-11T06:44:51.5491800Z
Activity.Duration:           00:00:00.0008936
Activity.Tags:
    server.address: localhost
    http.request.method: POST
    url.scheme: http
    url.path: /api/auth/reset-password
    network.protocol.version: 1.1
    http.route: api/Auth/reset-password
    http.response.status_code: 400
Resource associated with Activity:
    deployment.environment: Testing
    service.name: Crud.Api
    service.version: 1.0.0
    service.instance.id: bb25e7a8-9ced-49c8-9e52-fd74b67e7fff
    telemetry.sdk.name: opentelemetry
    telemetry.sdk.language: dotnet
    telemetry.sdk.version: 1.8.1
❌ POST /api/auth/reset-password failed:
   Status: BadRequest (400)
   Reason: Bad Request
   Response Body: {"error":"Invalid or expired password reset link."}
   Content Headers: Content-Type=application/json; charset=utf-8
[06:44:51 INF] Resetting database for worker 9058 {"SourceContext": "Infrastructure.Services.DatabaseTestService", "Application": "Crud.Api"}
[06:44:51 INF] Resetting database via file deletion for worker 9058 in CI environment {"SourceContext": "Infrastructure.Services.DatabaseTestService", "Application": "Crud.Api"}
[06:44:51 INF] Acquiring database mutex for worker 9058... {"SourceContext": "Infrastructure.Services.DatabaseTestService", "Application": "Crud.Api"}
[06:44:51 INF] Database mutex acquired for worker 9058 {"SourceContext": "Infrastructure.Services.DatabaseTestService", "Application": "Crud.Api"}
[06:44:51 INF] Current database state - CanConnect: True {"SourceContext": "Infrastructure.Services.DatabaseTestService", "Application": "Crud.Api"}
[06:44:51 INF] [Phase 0] Closing database connection for worker 9058... {"SourceContext": "Infrastructure.Services.DatabaseTestService", "Application": "Crud.Api"}
[06:44:51 INF] [Phase 0] Connection closed in 0.0008ms {"SourceContext": "Infrastructure.Services.DatabaseTestService", "Application": "Crud.Api"}
[06:44:51 INF] [Phase 1] Starting EnsureDeletedAsync for worker 9058... {"SourceContext": "Infrastructure.Services.DatabaseTestService", "Application": "Crud.Api"}
[06:44:51 INF] [Phase 1] EnsureDeletedAsync completed in 1.2507ms {"SourceContext": "Infrastructure.Services.DatabaseTestService", "Application": "Crud.Api"}
[06:44:51 INF] [Phase 2] Starting EnsureCreatedAsync for worker 9058... {"SourceContext": "Infrastructure.Services.DatabaseTestService", "Application": "Crud.Api"}
[06:44:51 INF] [Phase 2] EnsureCreatedAsync completed in 7.8838ms {"SourceContext": "Infrastructure.Services.DatabaseTestService", "Application": "Crud.Api"}
[06:44:51 INF] [Phase 3] Skipping database seeding as requested for worker 9058 {"SourceContext": "Infrastructure.Services.DatabaseTestService", "Application": "Crud.Api"}
[06:44:51 INF] Database reset via file deletion completed for worker 9058 in 108.7331ms (Close: 0.0008ms, Delete: 1.2507ms, Create: 7.8838ms) {"SourceContext": "Infrastructure.Services.DatabaseTestService", "Application": "Crud.Api"}
[06:44:51 INF] Releasing database mutex for worker 9058 {"SourceContext": "Infrastructure.Services.DatabaseTestService", "Application": "Crud.Api"}
[06:44:51 INF] Resetting database for worker 9058 {"SourceContext": "Infrastructure.Services.DatabaseTestService", "Application": "Crud.Api"}
[06:44:51 INF] Resetting database via file deletion for worker 9058 in CI environment {"SourceContext": "Infrastructure.Services.DatabaseTestService", "Application": "Crud.Api"}
[06:44:51 INF] Acquiring database mutex for worker 9058... {"SourceContext": "Infrastructure.Services.DatabaseTestService", "Application": "Crud.Api"}
[06:44:51 INF] Database mutex acquired for worker 9058 {"SourceContext": "Infrastructure.Services.DatabaseTestService", "Application": "Crud.Api"}
[06:44:51 INF] Current database state - CanConnect: True {"SourceContext": "Infrastructure.Services.DatabaseTestService", "Application": "Crud.Api"}
[06:44:51 INF] [Phase 0] Closing database connection for worker 9058... {"SourceContext": "Infrastructure.Services.DatabaseTestService", "Application": "Crud.Api"}
[06:44:51 INF] [Phase 0] Connection closed in 0.0019ms {"SourceContext": "Infrastructure.Services.DatabaseTestService", "Application": "Crud.Api"}
[06:44:51 INF] [Phase 1] Starting EnsureDeletedAsync for worker 9058... {"SourceContext": "Infrastructure.Services.DatabaseTestService", "Application": "Crud.Api"}
[06:44:51 INF] [Phase 1] EnsureDeletedAsync completed in 1.2046ms {"SourceContext": "Infrastructure.Services.DatabaseTestService", "Application": "Crud.Api"}
[06:44:51 INF] [Phase 2] Starting EnsureCreatedAsync for worker 9058... {"SourceContext": "Infrastructure.Services.DatabaseTestService", "Application": "Crud.Api"}
[06:44:51 INF] [Phase 2] EnsureCreatedAsync completed in 8.6259ms {"SourceContext": "Infrastructure.Services.DatabaseTestService", "Application": "Crud.Api"}
[06:44:51 INF] [Phase 3] Skipping database seeding as requested for worker 9058 {"SourceContext": "Infrastructure.Services.DatabaseTestService", "Application": "Crud.Api"}
[06:44:51 INF] Database reset via file deletion completed for worker 9058 in 110.4541ms (Close: 0.0019ms, Delete: 1.2046ms, Create: 8.6259ms) {"SourceContext": "Infrastructure.Services.DatabaseTestService", "Application": "Crud.Api"}
[06:44:51 INF] Releasing database mutex for worker 9058 {"SourceContext": "Infrastructure.Services.DatabaseTestService", "Application": "Crud.Api"}
[06:44:51 INF] Password reset requested from IP: unknown {"SourceContext": "Api.Controllers.AuthController", "ActionId": "eef80d9d-4eb5-4779-a2bb-47892e5446c0", "ActionName": "Api.Controllers.AuthController.ForgotPassword (Api)", "RequestId": "0HNFGVQB4PDOL", "RequestPath": "/api/auth/forgot-password", "Application": "Crud.Api"}
[06:44:51 INF] Password reset requested for user: 9a598011-af88-48ae-900c-acde60a38ff0 {"SourceContext": "App.Features.Authentication.ForgotPasswordCommandHandler", "ActionId": "eef80d9d-4eb5-4779-a2bb-47892e5446c0", "ActionName": "Api.Controllers.AuthController.ForgotPassword (Api)", "RequestId": "0HNFGVQB4PDOL", "RequestPath": "/api/auth/forgot-password", "Application": "Crud.Api"}
[06:44:51 INF] Password reset email sent (Mock Service - Not Actually Sent) {"SourceContext": "Infrastructure.Services.MockEmailService", "ActionId": "eef80d9d-4eb5-4779-a2bb-47892e5446c0", "ActionName": "Api.Controllers.AuthController.ForgotPassword (Api)", "RequestId": "0HNFGVQB4PDOL", "RequestPath": "/api/auth/forgot-password", "Application": "Crud.Api"}
[06:44:51 DBG] Email Details - From: noreply@example.com, Subject: Password Reset Request {"SourceContext": "Infrastructure.Services.MockEmailService", "ActionId": "eef80d9d-4eb5-4779-a2bb-47892e5446c0", "ActionName": "Api.Controllers.AuthController.ForgotPassword (Api)", "RequestId": "0HNFGVQB4PDOL", "RequestPath": "/api/auth/forgot-password", "Application": "Crud.Api"}
[06:44:51 INF] Password reset email sent successfully for user: 9a598011-af88-48ae-900c-acde60a38ff0 {"SourceContext": "App.Features.Authentication.ForgotPasswordCommandHandler", "ActionId": "eef80d9d-4eb5-4779-a2bb-47892e5446c0", "ActionName": "Api.Controllers.AuthController.ForgotPassword (Api)", "RequestId": "0HNFGVQB4PDOL", "RequestPath": "/api/auth/forgot-password", "Application": "Crud.Api"}
Activity.TraceId:            9ee30bad35f9825a8fbe5548f7100a95
Activity.SpanId:             fbed9d490e9a062e
Activity.TraceFlags:         Recorded
Activity.ActivitySourceName: Microsoft.AspNetCore
Activity.DisplayName:        POST api/Auth/forgot-password
Activity.Kind:               Server
Activity.StartTime:          2025-09-11T06:44:51.7749938Z
Activity.Duration:           00:00:00.1015800
Activity.Tags:
    server.address: localhost
    http.request.method: POST
    url.scheme: http
    url.path: /api/auth/forgot-password
    network.protocol.version: 1.1
    http.route: api/Auth/forgot-password
    http.response.status_code: 200
Resource associated with Activity:
    deployment.environment: Testing
    service.name: Crud.Api
    service.version: 1.0.0
    service.instance.id: bb25e7a8-9ced-49c8-9e52-fd74b67e7fff
    telemetry.sdk.name: opentelemetry
    telemetry.sdk.language: dotnet
    telemetry.sdk.version: 1.8.1
[06:44:51 INF] Resetting database for worker 9058 {"SourceContext": "Infrastructure.Services.DatabaseTestService", "Application": "Crud.Api"}
[06:44:51 INF] Resetting database via file deletion for worker 9058 in CI environment {"SourceContext": "Infrastructure.Services.DatabaseTestService", "Application": "Crud.Api"}
[06:44:51 INF] Acquiring database mutex for worker 9058... {"SourceContext": "Infrastructure.Services.DatabaseTestService", "Application": "Crud.Api"}
[06:44:51 INF] Database mutex acquired for worker 9058 {"SourceContext": "Infrastructure.Services.DatabaseTestService", "Application": "Crud.Api"}
[06:44:51 INF] Current database state - CanConnect: True {"SourceContext": "Infrastructure.Services.DatabaseTestService", "Application": "Crud.Api"}
[06:44:51 INF] [Phase 0] Closing database connection for worker 9058... {"SourceContext": "Infrastructure.Services.DatabaseTestService", "Application": "Crud.Api"}
[06:44:51 INF] [Phase 0] Connection closed in 0.0006ms {"SourceContext": "Infrastructure.Services.DatabaseTestService", "Application": "Crud.Api"}
[06:44:51 INF] [Phase 1] Starting EnsureDeletedAsync for worker 9058... {"SourceContext": "Infrastructure.Services.DatabaseTestService", "Application": "Crud.Api"}
[06:44:51 INF] [Phase 1] EnsureDeletedAsync completed in 1.5686ms {"SourceContext": "Infrastructure.Services.DatabaseTestService", "Application": "Crud.Api"}
[06:44:51 INF] [Phase 2] Starting EnsureCreatedAsync for worker 9058... {"SourceContext": "Infrastructure.Services.DatabaseTestService", "Application": "Crud.Api"}
[06:44:51 INF] [Phase 2] EnsureCreatedAsync completed in 9.5767ms {"SourceContext": "Infrastructure.Services.DatabaseTestService", "Application": "Crud.Api"}
[06:44:51 INF] [Phase 3] Skipping database seeding as requested for worker 9058 {"SourceContext": "Infrastructure.Services.DatabaseTestService", "Application": "Crud.Api"}
[06:44:51 INF] Database reset via file deletion completed for worker 9058 in 112.4431ms (Close: 0.0006ms, Delete: 1.5686ms, Create: 9.5767ms) {"SourceContext": "Infrastructure.Services.DatabaseTestService", "Application": "Crud.Api"}
[06:44:51 INF] Releasing database mutex for worker 9058 {"SourceContext": "Infrastructure.Services.DatabaseTestService", "Application": "Crud.Api"}
Resource associated with Metric:
    deployment.environment: Testing
    service.name: Crud.Api
    service.version: 1.0.0
    service.instance.id: bb25e7a8-9ced-49c8-9e52-fd74b67e7fff
    telemetry.sdk.name: opentelemetry
    telemetry.sdk.language: dotnet
    telemetry.sdk.version: 1.8.1
Metric Name: http.server.active_requests, Number of active HTTP server requests., Unit: {request}, Meter: Microsoft.AspNetCore.Hosting
(2025-09-11T06:44:48.7179086Z, 2025-09-11T06:44:51.9915331Z] http.request.method: POST url.scheme: http LongSumNonMonotonic
Value: 0
Metric Name: http.server.request.duration, Duration of HTTP server requests., Unit: s, Meter: Microsoft.AspNetCore.Hosting
(2025-09-11T06:44:48.7179289Z, 2025-09-11T06:44:51.9915349Z] http.request.method: POST http.response.status_code: 200 http.route: api/Auth/forgot-password network.protocol.version: 1.1 url.scheme: http Histogram
Value: Sum: 0.5505262 Count: 6 Min: 0.0032488 Max: 0.1396366 
(-Infinity,0.005]:1
(0.005,0.01]:0
(0.01,0.025]:0
(0.025,0.05]:0
(0.05,0.075]:0
(0.075,0.1]:0
(0.1,0.25]:5
(0.25,0.5]:0
(0.5,0.75]:0
(0.75,1]:0
(1,2.5]:0
(2.5,5]:0
(5,7.5]:0
(7.5,10]:0
(10,+Infinity]:0
(2025-09-11T06:44:48.7179289Z, 2025-09-11T06:44:51.9915349Z] http.request.method: POST http.response.status_code: 400 http.route: api/Auth/reset-password network.protocol.version: 1.1 url.scheme: http Histogram
Value: Sum: 0.0100074 Count: 3 Min: 0.0007037 Max: 0.008406 
(-Infinity,0.005]:2
(0.005,0.01]:1
(0.01,0.025]:0
(0.025,0.05]:0
(0.05,0.075]:0
(0.075,0.1]:0
(0.1,0.25]:0
(0.25,0.5]:0
(0.5,0.75]:0
(0.75,1]:0
(1,2.5]:0
(2.5,5]:0
(5,7.5]:0
(7.5,10]:0
(10,+Infinity]:0
(2025-09-11T06:44:48.7179289Z, 2025-09-11T06:44:51.9915349Z] http.request.method: POST http.response.status_code: 400 http.route: api/Auth/forgot-password network.protocol.version: 1.1 url.scheme: http Histogram
Value: Sum: 0.002434 Count: 1 Min: 0.002434 Max: 0.002434 
(-Infinity,0.005]:1
(0.005,0.01]:0
(0.01,0.025]:0
(0.025,0.05]:0
(0.05,0.075]:0
(0.075,0.1]:0
(0.1,0.25]:0
(0.25,0.5]:0
(0.5,0.75]:0
(0.75,1]:0
(1,2.5]:0
(2.5,5]:0
(5,7.5]:0
(7.5,10]:0
(10,+Infinity]:0
(2025-09-11T06:44:48.7179289Z, 2025-09-11T06:44:51.9915349Z] http.request.method: POST http.response.status_code: 200 http.route: api/Auth/reset-password network.protocol.version: 1.1 url.scheme: http Histogram
Value: Sum: 0.6237794 Count: 2 Min: 0.3007475 Max: 0.3230319 
(-Infinity,0.005]:0
(0.005,0.01]:0
(0.01,0.025]:0
(0.025,0.05]:0
(0.05,0.075]:0
(0.075,0.1]:0
(0.1,0.25]:0
(0.25,0.5]:2
(0.5,0.75]:0
(0.75,1]:0
(1,2.5]:0
(2.5,5]:0
(5,7.5]:0
(7.5,10]:0
(10,+Infinity]:0
(2025-09-11T06:44:48.7179289Z, 2025-09-11T06:44:51.9915349Z] http.request.method: POST http.response.status_code: 200 http.route: api/Auth/validate-reset-token network.protocol.version: 1.1 url.scheme: http Histogram
Value: Sum: 0.012280000000000001 Count: 4 Min: 0.0007864 Max: 0.0080338 
(-Infinity,0.005]:3
(0.005,0.01]:1
(0.01,0.025]:0
(0.025,0.05]:0
(0.05,0.075]:0
(0.075,0.1]:0
(0.1,0.25]:0
(0.25,0.5]:0
(0.5,0.75]:0
(0.75,1]:0
(1,2.5]:0
(2.5,5]:0
(5,7.5]:0
(7.5,10]:0
(10,+Infinity]:0
Metric Name: aspnetcore.rate_limiting.active_request_leases, Number of HTTP requests that are currently active on the server that hold a rate limiting lease., Unit: {request}, Meter: Microsoft.AspNetCore.RateLimiting
(2025-09-11T06:44:48.7197777Z, 2025-09-11T06:44:51.9915354Z] LongSumNonMonotonic
Value: 0
(2025-09-11T06:44:48.7197777Z, 2025-09-11T06:44:51.9915354Z] aspnetcore.rate_limiting.policy: PasswordReset LongSumNonMonotonic
Value: 0
Metric Name: aspnetcore.rate_limiting.request_lease.duration, The duration of rate limiting leases held by HTTP requests on the server., Unit: s, Meter: Microsoft.AspNetCore.RateLimiting
(2025-09-11T06:44:48.7198052Z, 2025-09-11T06:44:51.9915360Z] Histogram
Value: Sum: 0.0118795 Count: 4 Min: 0.0007025 Max: 0.0078976 
(-Infinity,0.005]:3
(0.005,0.01]:1
(0.01,0.025]:0
(0.025,0.05]:0
(0.05,0.075]:0
(0.075,0.1]:0
(0.1,0.25]:0
(0.25,0.5]:0
(0.5,0.75]:0
(0.75,1]:0
(1,2.5]:0
(2.5,5]:0
(5,7.5]:0
(7.5,10]:0
(10,+Infinity]:0
(2025-09-11T06:44:48.7198052Z, 2025-09-11T06:44:51.9915360Z] aspnetcore.rate_limiting.policy: PasswordReset Histogram
Value: Sum: 1.1817802 Count: 12 Min: 0.000642 Max: 0.3229264 
(-Infinity,0.005]:4
(0.005,0.01]:1
(0.01,0.025]:0
(0.025,0.05]:0
(0.05,0.075]:0
(0.075,0.1]:0
(0.1,0.25]:5
(0.25,0.5]:2
(0.5,0.75]:0
(0.75,1]:0
(1,2.5]:0
(2.5,5]:0
(5,7.5]:0
(7.5,10]:0
(10,+Infinity]:0
Metric Name: aspnetcore.rate_limiting.requests, Number of requests that tried to acquire a rate limiting lease. Requests could be rejected by global or endpoint rate limiting policies. Or the request could be canceled while waiting for the lease., Unit: {request}, Meter: Microsoft.AspNetCore.RateLimiting
(2025-09-11T06:44:48.7198759Z, 2025-09-11T06:44:51.9915374Z] aspnetcore.rate_limiting.policy: PasswordReset aspnetcore.rate_limiting.result: acquired LongSum
Value: 12
(2025-09-11T06:44:48.7198759Z, 2025-09-11T06:44:51.9915374Z] aspnetcore.rate_limiting.result: acquired LongSum
Value: 4
Metric Name: aspnetcore.routing.match_attempts, Number of requests that were attempted to be matched to an endpoint., Unit: {match_attempt}, Meter: Microsoft.AspNetCore.Routing
(2025-09-11T06:44:48.7206246Z, 2025-09-11T06:44:51.9915377Z] aspnetcore.routing.is_fallback: false aspnetcore.routing.match_status: success http.route: api/Auth/forgot-password LongSum
Value: 7
(2025-09-11T06:44:48.7206246Z, 2025-09-11T06:44:51.9915377Z] aspnetcore.routing.is_fallback: false aspnetcore.routing.match_status: success http.route: api/Auth/reset-password LongSum
Value: 5
(2025-09-11T06:44:48.7206246Z, 2025-09-11T06:44:51.9915377Z] aspnetcore.routing.is_fallback: false aspnetcore.routing.match_status: success http.route: api/Auth/validate-reset-token LongSum
Value: 4
[06:44:51 INF] Starting Crud API application {"Application": "Crud.Api"}
[06:44:52 INF] Using SQLite provider with connection: Data Source=TestDatabase.db {"Application": "Crud.Api"}
[06:44:52 INF] Database ensured successfully {"Application": "Crud.Api"}
[06:44:52 INF] Application configured successfully. Starting web host... {"Application": "Crud.Api"}
[06:44:52 INF] Resetting database for worker 8058 {"SourceContext": "Infrastructure.Services.DatabaseTestService", "Application": "Crud.Api"}
[06:44:52 INF] Resetting database via file deletion for worker 8058 in CI environment {"SourceContext": "Infrastructure.Services.DatabaseTestService", "Application": "Crud.Api"}
[06:44:52 INF] Acquiring database mutex for worker 8058... {"SourceContext": "Infrastructure.Services.DatabaseTestService", "Application": "Crud.Api"}
[06:44:52 INF] Database mutex acquired for worker 8058 {"SourceContext": "Infrastructure.Services.DatabaseTestService", "Application": "Crud.Api"}
[06:44:52 INF] Current database state - CanConnect: True {"SourceContext": "Infrastructure.Services.DatabaseTestService", "Application": "Crud.Api"}
[06:44:52 INF] [Phase 0] Closing database connection for worker 8058... {"SourceContext": "Infrastructure.Services.DatabaseTestService", "Application": "Crud.Api"}
[06:44:52 INF] [Phase 0] Connection closed in 0.0006ms {"SourceContext": "Infrastructure.Services.DatabaseTestService", "Application": "Crud.Api"}
[06:44:52 INF] [Phase 1] Starting EnsureDeletedAsync for worker 8058... {"SourceContext": "Infrastructure.Services.DatabaseTestService", "Application": "Crud.Api"}
[06:44:52 INF] [Phase 1] EnsureDeletedAsync completed in 1.5217ms {"SourceContext": "Infrastructure.Services.DatabaseTestService", "Application": "Crud.Api"}
[06:44:52 INF] [Phase 2] Starting EnsureCreatedAsync for worker 8058... {"SourceContext": "Infrastructure.Services.DatabaseTestService", "Application": "Crud.Api"}
[06:44:52 INF] [Phase 2] EnsureCreatedAsync completed in 7.8359ms {"SourceContext": "Infrastructure.Services.DatabaseTestService", "Application": "Crud.Api"}
[06:44:52 INF] [Phase 3] Skipping database seeding as requested for worker 8058 {"SourceContext": "Infrastructure.Services.DatabaseTestService", "Application": "Crud.Api"}
[06:44:52 INF] Database reset via file deletion completed for worker 8058 in 109.8627ms (Close: 0.0006ms, Delete: 1.5217ms, Create: 7.8359ms) {"SourceContext": "Infrastructure.Services.DatabaseTestService", "Application": "Crud.Api"}
[06:44:52 INF] Releasing database mutex for worker 8058 {"SourceContext": "Infrastructure.Services.DatabaseTestService", "Application": "Crud.Api"}
[06:44:52 WRN] Failed to determine the https port for redirect. {"EventId": {"Id": 3, "Name": "FailedToDeterminePort"}, "SourceContext": "Microsoft.AspNetCore.HttpsPolicy.HttpsRedirectionMiddleware", "RequestId": "0HNFGVQB4PDOM", "RequestPath": "/api/auth/register", "Application": "Crud.Api"}
[06:44:52 INF] User registered successfully: 6743a405-f832-42c7-b3c8-4fb9ee4c1eb9 {"SourceContext": "App.Features.Authentication.RegisterUserCommandHandler", "ActionId": "f196457b-2719-47b5-b831-6a232ed2a5ae", "ActionName": "Api.Controllers.AuthController.Register (Api)", "RequestId": "0HNFGVQB4PDOM", "RequestPath": "/api/auth/register", "Application": "Crud.Api"}
Activity.TraceId:            0bdce9861d5f1c979ea157d868937e8a
Activity.SpanId:             51e929ab47c0abbd
Activity.TraceFlags:         Recorded
Activity.ActivitySourceName: Microsoft.AspNetCore
Activity.DisplayName:        POST api/Auth/register
Activity.Kind:               Server
Activity.StartTime:          2025-09-11T06:44:52.1388819Z
Activity.Duration:           00:00:00.3045409
Activity.Tags:
    server.address: localhost
    http.request.method: POST
    url.scheme: http
    url.path: /api/auth/register
    network.protocol.version: 1.1
    http.route: api/Auth/register
    http.response.status_code: 200
Resource associated with Activity:
    deployment.environment: Testing
    service.name: Crud.Api
    service.version: 1.0.0
    service.instance.id: bb25e7a8-9ced-49c8-9e52-fd74b67e7fff
    telemetry.sdk.name: opentelemetry
    telemetry.sdk.language: dotnet
    telemetry.sdk.version: 1.8.1
[06:44:52 DBG] Cache miss for key: entity:person:d1c4f44097b24739ab943c487d4b7182 {"SourceContext": "Infrastructure.Services.Caching.InMemoryCacheService", "ActionId": "209e3120-ca4f-425a-a0c1-bdc6eca68fb4", "ActionName": "Api.Controllers.PeopleController.Get (Api)", "RequestId": "0HNFGVQB4PDON", "RequestPath": "/api/people/d1c4f440-97b2-4739-ab94-3c487d4b7182", "Application": "Crud.Api"}
[06:44:52 DBG] Set cache value for key: entity:person:d1c4f44097b24739ab943c487d4b7182 {"SourceContext": "Infrastructure.Services.Caching.InMemoryCacheService", "ActionId": "209e3120-ca4f-425a-a0c1-bdc6eca68fb4", "ActionName": "Api.Controllers.PeopleController.Get (Api)", "RequestId": "0HNFGVQB4PDON", "RequestPath": "/api/people/d1c4f440-97b2-4739-ab94-3c487d4b7182", "Application": "Crud.Api"}
Activity.TraceId:            64fa204009e3a993e49382ce009ee228
Activity.SpanId:             32875b885458adfa
Activity.TraceFlags:         Recorded
Activity.ActivitySourceName: Microsoft.AspNetCore
Activity.DisplayName:        GET api/People/{id:guid}
Activity.Kind:               Server
Activity.StartTime:          2025-09-11T06:44:52.4439164Z
Activity.Duration:           00:00:00.0104275
Activity.Tags:
    server.address: localhost
    http.request.method: GET
    url.scheme: http
    url.path: /api/people/d1c4f440-97b2-4739-ab94-3c487d4b7182
    network.protocol.version: 1.1
    http.route: api/People/{id:guid}
    http.response.status_code: 200
Resource associated with Activity:
    deployment.environment: Testing
    service.name: Crud.Api
    service.version: 1.0.0
    service.instance.id: bb25e7a8-9ced-49c8-9e52-fd74b67e7fff
    telemetry.sdk.name: opentelemetry
    telemetry.sdk.language: dotnet
    telemetry.sdk.version: 1.8.1
[06:44:52 DBG] Cache hit for key: entity:person:d1c4f44097b24739ab943c487d4b7182 {"SourceContext": "Infrastructure.Services.Caching.InMemoryCacheService", "ActionId": "209e3120-ca4f-425a-a0c1-bdc6eca68fb4", "ActionName": "Api.Controllers.PeopleController.Get (Api)", "RequestId": "0HNFGVQB4PDOO", "RequestPath": "/api/people/d1c4f440-97b2-4739-ab94-3c487d4b7182", "Application": "Crud.Api"}
[06:44:52 DBG] Returning 304 Not Modified (Not modified since) {"SourceContext": "Api.Middleware.ConditionalRequestMiddleware", "RequestId": "0HNFGVQB4PDOO", "RequestPath": "/api/people/d1c4f440-97b2-4739-ab94-3c487d4b7182", "Application": "Crud.Api"}
Activity.TraceId:            be76d290206405865f71e5921f22f513
Activity.SpanId:             21007bc8d4d111ae
Activity.TraceFlags:         Recorded
Activity.ActivitySourceName: Microsoft.AspNetCore
Activity.DisplayName:        GET api/People/{id:guid}
Activity.Kind:               Server
Activity.StartTime:          2025-09-11T06:44:52.4544681Z
Activity.Duration:           00:00:00.0028467
Activity.Tags:
    server.address: localhost
    http.request.method: GET
    url.scheme: http
    url.path: /api/people/d1c4f440-97b2-4739-ab94-3c487d4b7182
    network.protocol.version: 1.1
    http.route: api/People/{id:guid}
    http.response.status_code: 304
Resource associated with Activity:
    deployment.environment: Testing
    service.name: Crud.Api
    service.version: 1.0.0
    service.instance.id: bb25e7a8-9ced-49c8-9e52-fd74b67e7fff
    telemetry.sdk.name: opentelemetry
    telemetry.sdk.language: dotnet
    telemetry.sdk.version: 1.8.1
[06:44:52 INF] Resetting database for worker 8058 {"SourceContext": "Infrastructure.Services.DatabaseTestService", "Application": "Crud.Api"}
[06:44:52 INF] Resetting database via file deletion for worker 8058 in CI environment {"SourceContext": "Infrastructure.Services.DatabaseTestService", "Application": "Crud.Api"}
[06:44:52 INF] Acquiring database mutex for worker 8058... {"SourceContext": "Infrastructure.Services.DatabaseTestService", "Application": "Crud.Api"}
[06:44:52 INF] Database mutex acquired for worker 8058 {"SourceContext": "Infrastructure.Services.DatabaseTestService", "Application": "Crud.Api"}
[06:44:52 INF] Current database state - CanConnect: True {"SourceContext": "Infrastructure.Services.DatabaseTestService", "Application": "Crud.Api"}
[06:44:52 INF] [Phase 0] Closing database connection for worker 8058... {"SourceContext": "Infrastructure.Services.DatabaseTestService", "Application": "Crud.Api"}
[06:44:52 INF] [Phase 0] Connection closed in 0.0006ms {"SourceContext": "Infrastructure.Services.DatabaseTestService", "Application": "Crud.Api"}
[06:44:52 INF] [Phase 1] Starting EnsureDeletedAsync for worker 8058... {"SourceContext": "Infrastructure.Services.DatabaseTestService", "Application": "Crud.Api"}
[06:44:52 INF] [Phase 1] EnsureDeletedAsync completed in 1.5662ms {"SourceContext": "Infrastructure.Services.DatabaseTestService", "Application": "Crud.Api"}
[06:44:52 INF] [Phase 2] Starting EnsureCreatedAsync for worker 8058... {"SourceContext": "Infrastructure.Services.DatabaseTestService", "Application": "Crud.Api"}
[06:44:52 INF] [Phase 2] EnsureCreatedAsync completed in 13.9956ms {"SourceContext": "Infrastructure.Services.DatabaseTestService", "Application": "Crud.Api"}
[06:44:52 INF] [Phase 3] Skipping database seeding as requested for worker 8058 {"SourceContext": "Infrastructure.Services.DatabaseTestService", "Application": "Crud.Api"}
[06:44:52 INF] Database reset via file deletion completed for worker 8058 in 115.3866ms (Close: 0.0006ms, Delete: 1.5662ms, Create: 13.9956ms) {"SourceContext": "Infrastructure.Services.DatabaseTestService", "Application": "Crud.Api"}
[06:44:52 INF] Releasing database mutex for worker 8058 {"SourceContext": "Infrastructure.Services.DatabaseTestService", "Application": "Crud.Api"}
[06:44:52 INF] Resetting database for worker 8058 {"SourceContext": "Infrastructure.Services.DatabaseTestService", "Application": "Crud.Api"}
[06:44:52 INF] Resetting database via file deletion for worker 8058 in CI environment {"SourceContext": "Infrastructure.Services.DatabaseTestService", "Application": "Crud.Api"}
[06:44:52 INF] Acquiring database mutex for worker 8058... {"SourceContext": "Infrastructure.Services.DatabaseTestService", "Application": "Crud.Api"}
[06:44:52 INF] Database mutex acquired for worker 8058 {"SourceContext": "Infrastructure.Services.DatabaseTestService", "Application": "Crud.Api"}
[06:44:52 INF] Current database state - CanConnect: True {"SourceContext": "Infrastructure.Services.DatabaseTestService", "Application": "Crud.Api"}
[06:44:52 INF] [Phase 0] Closing database connection for worker 8058... {"SourceContext": "Infrastructure.Services.DatabaseTestService", "Application": "Crud.Api"}
[06:44:52 INF] [Phase 0] Connection closed in 0.0005ms {"SourceContext": "Infrastructure.Services.DatabaseTestService", "Application": "Crud.Api"}
[06:44:52 INF] [Phase 1] Starting EnsureDeletedAsync for worker 8058... {"SourceContext": "Infrastructure.Services.DatabaseTestService", "Application": "Crud.Api"}
[06:44:52 INF] [Phase 1] EnsureDeletedAsync completed in 1.1897ms {"SourceContext": "Infrastructure.Services.DatabaseTestService", "Application": "Crud.Api"}
[06:44:52 INF] [Phase 2] Starting EnsureCreatedAsync for worker 8058... {"SourceContext": "Infrastructure.Services.DatabaseTestService", "Application": "Crud.Api"}
[06:44:52 INF] [Phase 2] EnsureCreatedAsync completed in 7.7565ms {"SourceContext": "Infrastructure.Services.DatabaseTestService", "Application": "Crud.Api"}
[06:44:52 INF] [Phase 3] Skipping database seeding as requested for worker 8058 {"SourceContext": "Infrastructure.Services.DatabaseTestService", "Application": "Crud.Api"}
[06:44:52 INF] Database reset via file deletion completed for worker 8058 in 108.5005ms (Close: 0.0005ms, Delete: 1.1897ms, Create: 7.7565ms) {"SourceContext": "Infrastructure.Services.DatabaseTestService", "Application": "Crud.Api"}
[06:44:52 INF] Releasing database mutex for worker 8058 {"SourceContext": "Infrastructure.Services.DatabaseTestService", "Application": "Crud.Api"}
[06:44:52 INF] User registered successfully: 86381b98-ca52-4adf-ada6-bf8f2a23c9e6 {"SourceContext": "App.Features.Authentication.RegisterUserCommandHandler", "ActionId": "f196457b-2719-47b5-b831-6a232ed2a5ae", "ActionName": "Api.Controllers.AuthController.Register (Api)", "RequestId": "0HNFGVQB4PDOP", "RequestPath": "/api/auth/register", "Application": "Crud.Api"}
Activity.TraceId:            36a206ba2dc3bfd50d73a1f593a2352a
Activity.SpanId:             d07b4ef440caf2fd
Activity.TraceFlags:         Recorded
Activity.ActivitySourceName: Microsoft.AspNetCore
Activity.DisplayName:        POST api/Auth/register
Activity.Kind:               Server
Activity.StartTime:          2025-09-11T06:44:52.6876690Z
Activity.Duration:           00:00:00.3000987
Activity.Tags:
    server.address: localhost
    http.request.method: POST
    url.scheme: http
    url.path: /api/auth/register
    network.protocol.version: 1.1
    http.route: api/Auth/register
    http.response.status_code: 200
Resource associated with Activity:
    deployment.environment: Testing
    service.name: Crud.Api
    service.version: 1.0.0
    service.instance.id: bb25e7a8-9ced-49c8-9e52-fd74b67e7fff
    telemetry.sdk.name: opentelemetry
    telemetry.sdk.language: dotnet
    telemetry.sdk.version: 1.8.1
[06:44:52 DBG] Cache miss for key: list:wall {"SourceContext": "Infrastructure.Services.Caching.InMemoryCacheService", "ActionId": "2615e39e-2319-4971-9b64-61144084f5c8", "ActionName": "Api.Controllers.WallsController.List (Api)", "RequestId": "0HNFGVQB4PDOQ", "RequestPath": "/api/walls", "Application": "Crud.Api"}
[06:44:52 DBG] Set cache value for key: list:wall {"SourceContext": "Infrastructure.Services.Caching.InMemoryCacheService", "ActionId": "2615e39e-2319-4971-9b64-61144084f5c8", "ActionName": "Api.Controllers.WallsController.List (Api)", "RequestId": "0HNFGVQB4PDOQ", "RequestPath": "/api/walls", "Application": "Crud.Api"}
Activity.TraceId:            53cb7a2821ffcb06b679997fbfdcf006
Activity.SpanId:             b27c6d357ec60422
Activity.TraceFlags:         Recorded
Activity.ActivitySourceName: Microsoft.AspNetCore
Activity.DisplayName:        GET api/Walls
Activity.Kind:               Server
Activity.StartTime:          2025-09-11T06:44:52.9883065Z
Activity.Duration:           00:00:00.0102535
Activity.Tags:
    server.address: localhost
    http.request.method: GET
    url.scheme: http
    url.path: /api/walls
    network.protocol.version: 1.1
    http.route: api/Walls
    http.response.status_code: 200
Resource associated with Activity:
    deployment.environment: Testing
    service.name: Crud.Api
    service.version: 1.0.0
    service.instance.id: bb25e7a8-9ced-49c8-9e52-fd74b67e7fff
    telemetry.sdk.name: opentelemetry
    telemetry.sdk.language: dotnet
    telemetry.sdk.version: 1.8.1
[06:44:52 INF] Resetting database for worker 8058 {"SourceContext": "Infrastructure.Services.DatabaseTestService", "Application": "Crud.Api"}
[06:44:52 INF] Resetting database via file deletion for worker 8058 in CI environment {"SourceContext": "Infrastructure.Services.DatabaseTestService", "Application": "Crud.Api"}
[06:44:52 INF] Acquiring database mutex for worker 8058... {"SourceContext": "Infrastructure.Services.DatabaseTestService", "Application": "Crud.Api"}
[06:44:52 INF] Database mutex acquired for worker 8058 {"SourceContext": "Infrastructure.Services.DatabaseTestService", "Application": "Crud.Api"}
[06:44:52 INF] Current database state - CanConnect: True {"SourceContext": "Infrastructure.Services.DatabaseTestService", "Application": "Crud.Api"}
[06:44:52 INF] [Phase 0] Closing database connection for worker 8058... {"SourceContext": "Infrastructure.Services.DatabaseTestService", "Application": "Crud.Api"}
[06:44:52 INF] [Phase 0] Connection closed in 0.0009ms {"SourceContext": "Infrastructure.Services.DatabaseTestService", "Application": "Crud.Api"}
[06:44:52 INF] [Phase 1] Starting EnsureDeletedAsync for worker 8058... {"SourceContext": "Infrastructure.Services.DatabaseTestService", "Application": "Crud.Api"}
[06:44:53 INF] [Phase 1] EnsureDeletedAsync completed in 1.3696ms {"SourceContext": "Infrastructure.Services.DatabaseTestService", "Application": "Crud.Api"}
[06:44:53 INF] [Phase 2] Starting EnsureCreatedAsync for worker 8058... {"SourceContext": "Infrastructure.Services.DatabaseTestService", "Application": "Crud.Api"}
[06:44:53 INF] [Phase 2] EnsureCreatedAsync completed in 7.6102ms {"SourceContext": "Infrastructure.Services.DatabaseTestService", "Application": "Crud.Api"}
[06:44:53 INF] [Phase 3] Skipping database seeding as requested for worker 8058 {"SourceContext": "Infrastructure.Services.DatabaseTestService", "Application": "Crud.Api"}
[06:44:53 INF] Database reset via file deletion completed for worker 8058 in 108.1488ms (Close: 0.0009ms, Delete: 1.3696ms, Create: 7.6102ms) {"SourceContext": "Infrastructure.Services.DatabaseTestService", "Application": "Crud.Api"}
[06:44:53 INF] Releasing database mutex for worker 8058 {"SourceContext": "Infrastructure.Services.DatabaseTestService", "Application": "Crud.Api"}
[06:44:53 INF] Resetting database for worker 8058 {"SourceContext": "Infrastructure.Services.DatabaseTestService", "Application": "Crud.Api"}
[06:44:53 INF] Resetting database via file deletion for worker 8058 in CI environment {"SourceContext": "Infrastructure.Services.DatabaseTestService", "Application": "Crud.Api"}
[06:44:53 INF] Acquiring database mutex for worker 8058... {"SourceContext": "Infrastructure.Services.DatabaseTestService", "Application": "Crud.Api"}
[06:44:53 INF] Database mutex acquired for worker 8058 {"SourceContext": "Infrastructure.Services.DatabaseTestService", "Application": "Crud.Api"}
[06:44:53 INF] Current database state - CanConnect: True {"SourceContext": "Infrastructure.Services.DatabaseTestService", "Application": "Crud.Api"}
[06:44:53 INF] [Phase 0] Closing database connection for worker 8058... {"SourceContext": "Infrastructure.Services.DatabaseTestService", "Application": "Crud.Api"}
[06:44:53 INF] [Phase 0] Connection closed in 0.0007ms {"SourceContext": "Infrastructure.Services.DatabaseTestService", "Application": "Crud.Api"}
[06:44:53 INF] [Phase 1] Starting EnsureDeletedAsync for worker 8058... {"SourceContext": "Infrastructure.Services.DatabaseTestService", "Application": "Crud.Api"}
[06:44:53 INF] [Phase 1] EnsureDeletedAsync completed in 1.2853ms {"SourceContext": "Infrastructure.Services.DatabaseTestService", "Application": "Crud.Api"}
[06:44:53 INF] [Phase 2] Starting EnsureCreatedAsync for worker 8058... {"SourceContext": "Infrastructure.Services.DatabaseTestService", "Application": "Crud.Api"}
[06:44:53 INF] [Phase 2] EnsureCreatedAsync completed in 8.3071ms {"SourceContext": "Infrastructure.Services.DatabaseTestService", "Application": "Crud.Api"}
[06:44:53 INF] [Phase 3] Skipping database seeding as requested for worker 8058 {"SourceContext": "Infrastructure.Services.DatabaseTestService", "Application": "Crud.Api"}
[06:44:53 INF] Database reset via file deletion completed for worker 8058 in 109.5586ms (Close: 0.0007ms, Delete: 1.2853ms, Create: 8.3071ms) {"SourceContext": "Infrastructure.Services.DatabaseTestService", "Application": "Crud.Api"}
[06:44:53 INF] Releasing database mutex for worker 8058 {"SourceContext": "Infrastructure.Services.DatabaseTestService", "Application": "Crud.Api"}
[06:44:53 INF] User registered successfully: 89e11cc0-256a-4178-acbe-8c4bb86275c6 {"SourceContext": "App.Features.Authentication.RegisterUserCommandHandler", "ActionId": "f196457b-2719-47b5-b831-6a232ed2a5ae", "ActionName": "Api.Controllers.AuthController.Register (Api)", "RequestId": "0HNFGVQB4PDOR", "RequestPath": "/api/auth/register", "Application": "Crud.Api"}
Activity.TraceId:            4f914928109b541dbe7a4cc4cbf121a0
Activity.SpanId:             51498e9c72d0f3cc
Activity.TraceFlags:         Recorded
Activity.ActivitySourceName: Microsoft.AspNetCore
Activity.DisplayName:        POST api/Auth/register
Activity.Kind:               Server
Activity.StartTime:          2025-09-11T06:44:53.2214669Z
Activity.Duration:           00:00:00.3035964
Activity.Tags:
    server.address: localhost
    http.request.method: POST
    url.scheme: http
    url.path: /api/auth/register
    network.protocol.version: 1.1
    http.route: api/Auth/register
    http.response.status_code: 200
Resource associated with Activity:
    deployment.environment: Testing
    service.name: Crud.Api
    service.version: 1.0.0
    service.instance.id: bb25e7a8-9ced-49c8-9e52-fd74b67e7fff
    telemetry.sdk.name: opentelemetry
    telemetry.sdk.language: dotnet
    telemetry.sdk.version: 1.8.1
[06:44:53 DBG] Cache miss for key: entity:person:7d88e96efb32491f850f486a4277eca1 {"SourceContext": "Infrastructure.Services.Caching.InMemoryCacheService", "ActionId": "209e3120-ca4f-425a-a0c1-bdc6eca68fb4", "ActionName": "Api.Controllers.PeopleController.Get (Api)", "RequestId": "0HNFGVQB4PDOS", "RequestPath": "/api/people/7d88e96e-fb32-491f-850f-486a4277eca1", "Application": "Crud.Api"}
[06:44:53 DBG] Set cache value for key: entity:person:7d88e96efb32491f850f486a4277eca1 {"SourceContext": "Infrastructure.Services.Caching.InMemoryCacheService", "ActionId": "209e3120-ca4f-425a-a0c1-bdc6eca68fb4", "ActionName": "Api.Controllers.PeopleController.Get (Api)", "RequestId": "0HNFGVQB4PDOS", "RequestPath": "/api/people/7d88e96e-fb32-491f-850f-486a4277eca1", "Application": "Crud.Api"}
Activity.TraceId:            e313e687032801bb36ef925b7c7590c4
Activity.SpanId:             410c9a089cefad2d
Activity.TraceFlags:         Recorded
Activity.ActivitySourceName: Microsoft.AspNetCore
Activity.DisplayName:        GET api/People/{id:guid}
Activity.Kind:               Server
Activity.StartTime:          2025-09-11T06:44:53.5257368Z
Activity.Duration:           00:00:00.0037939
Activity.Tags:
    server.address: localhost
    http.request.method: GET
    url.scheme: http
    url.path: /api/people/7d88e96e-fb32-491f-850f-486a4277eca1
    network.protocol.version: 1.1
    http.route: api/People/{id:guid}
    http.response.status_code: 200
Resource associated with Activity:
    deployment.environment: Testing
    service.name: Crud.Api
    service.version: 1.0.0
    service.instance.id: bb25e7a8-9ced-49c8-9e52-fd74b67e7fff
    telemetry.sdk.name: opentelemetry
    telemetry.sdk.language: dotnet
    telemetry.sdk.version: 1.8.1
[06:44:53 DBG] Cache hit for key: entity:person:7d88e96efb32491f850f486a4277eca1 {"SourceContext": "Infrastructure.Services.Caching.InMemoryCacheService", "ActionId": "209e3120-ca4f-425a-a0c1-bdc6eca68fb4", "ActionName": "Api.Controllers.PeopleController.Get (Api)", "RequestId": "0HNFGVQB4PDOT", "RequestPath": "/api/people/7d88e96e-fb32-491f-850f-486a4277eca1", "Application": "Crud.Api"}
[06:44:53 DBG] Returning 304 Not Modified (ETag match) {"SourceContext": "Api.Middleware.ConditionalRequestMiddleware", "RequestId": "0HNFGVQB4PDOT", "RequestPath": "/api/people/7d88e96e-fb32-491f-850f-486a4277eca1", "Application": "Crud.Api"}
Activity.TraceId:            50c820f3563a96495778b5ba30a586df
Activity.SpanId:             844d8515d7ffc73c
Activity.TraceFlags:         Recorded
Activity.ActivitySourceName: Microsoft.AspNetCore
Activity.DisplayName:        GET api/People/{id:guid}
Activity.Kind:               Server
Activity.StartTime:          2025-09-11T06:44:53.5296255Z
Activity.Duration:           00:00:00.0008084
Activity.Tags:
    server.address: localhost
    http.request.method: GET
    url.scheme: http
    url.path: /api/people/7d88e96e-fb32-491f-850f-486a4277eca1
    network.protocol.version: 1.1
    http.route: api/People/{id:guid}
    http.response.status_code: 304
Resource associated with Activity:
    deployment.environment: Testing
    service.name: Crud.Api
    service.version: 1.0.0
    service.instance.id: bb25e7a8-9ced-49c8-9e52-fd74b67e7fff
    telemetry.sdk.name: opentelemetry
    telemetry.sdk.language: dotnet
    telemetry.sdk.version: 1.8.1
[06:44:53 INF] Resetting database for worker 8058 {"SourceContext": "Infrastructure.Services.DatabaseTestService", "Application": "Crud.Api"}
[06:44:53 INF] Resetting database via file deletion for worker 8058 in CI environment {"SourceContext": "Infrastructure.Services.DatabaseTestService", "Application": "Crud.Api"}
[06:44:53 INF] Acquiring database mutex for worker 8058... {"SourceContext": "Infrastructure.Services.DatabaseTestService", "Application": "Crud.Api"}
[06:44:53 INF] Database mutex acquired for worker 8058 {"SourceContext": "Infrastructure.Services.DatabaseTestService", "Application": "Crud.Api"}
[06:44:53 INF] Current database state - CanConnect: True {"SourceContext": "Infrastructure.Services.DatabaseTestService", "Application": "Crud.Api"}
[06:44:53 INF] [Phase 0] Closing database connection for worker 8058... {"SourceContext": "Infrastructure.Services.DatabaseTestService", "Application": "Crud.Api"}
[06:44:53 INF] [Phase 0] Connection closed in 0.0005ms {"SourceContext": "Infrastructure.Services.DatabaseTestService", "Application": "Crud.Api"}
[06:44:53 INF] [Phase 1] Starting EnsureDeletedAsync for worker 8058... {"SourceContext": "Infrastructure.Services.DatabaseTestService", "Application": "Crud.Api"}
[06:44:53 INF] [Phase 1] EnsureDeletedAsync completed in 1.3111ms {"SourceContext": "Infrastructure.Services.DatabaseTestService", "Application": "Crud.Api"}
[06:44:53 INF] [Phase 2] Starting EnsureCreatedAsync for worker 8058... {"SourceContext": "Infrastructure.Services.DatabaseTestService", "Application": "Crud.Api"}
[06:44:53 INF] [Phase 2] EnsureCreatedAsync completed in 7.8375ms {"SourceContext": "Infrastructure.Services.DatabaseTestService", "Application": "Crud.Api"}
[06:44:53 INF] [Phase 3] Skipping database seeding as requested for worker 8058 {"SourceContext": "Infrastructure.Services.DatabaseTestService", "Application": "Crud.Api"}
[06:44:53 INF] Database reset via file deletion completed for worker 8058 in 110.1755ms (Close: 0.0005ms, Delete: 1.3111ms, Create: 7.8375ms) {"SourceContext": "Infrastructure.Services.DatabaseTestService", "Application": "Crud.Api"}
[06:44:53 INF] Releasing database mutex for worker 8058 {"SourceContext": "Infrastructure.Services.DatabaseTestService", "Application": "Crud.Api"}
[06:44:53 INF] Resetting database for worker 8058 {"SourceContext": "Infrastructure.Services.DatabaseTestService", "Application": "Crud.Api"}
[06:44:53 INF] Resetting database via file deletion for worker 8058 in CI environment {"SourceContext": "Infrastructure.Services.DatabaseTestService", "Application": "Crud.Api"}
[06:44:53 INF] Acquiring database mutex for worker 8058... {"SourceContext": "Infrastructure.Services.DatabaseTestService", "Application": "Crud.Api"}
[06:44:53 INF] Database mutex acquired for worker 8058 {"SourceContext": "Infrastructure.Services.DatabaseTestService", "Application": "Crud.Api"}
[06:44:53 INF] Current database state - CanConnect: True {"SourceContext": "Infrastructure.Services.DatabaseTestService", "Application": "Crud.Api"}
[06:44:53 INF] [Phase 0] Closing database connection for worker 8058... {"SourceContext": "Infrastructure.Services.DatabaseTestService", "Application": "Crud.Api"}
[06:44:53 INF] [Phase 0] Connection closed in 0.0007ms {"SourceContext": "Infrastructure.Services.DatabaseTestService", "Application": "Crud.Api"}
[06:44:53 INF] [Phase 1] Starting EnsureDeletedAsync for worker 8058... {"SourceContext": "Infrastructure.Services.DatabaseTestService", "Application": "Crud.Api"}
[06:44:53 INF] [Phase 1] EnsureDeletedAsync completed in 1.154ms {"SourceContext": "Infrastructure.Services.DatabaseTestService", "Application": "Crud.Api"}
[06:44:53 INF] [Phase 2] Starting EnsureCreatedAsync for worker 8058... {"SourceContext": "Infrastructure.Services.DatabaseTestService", "Application": "Crud.Api"}
[06:44:53 INF] [Phase 2] EnsureCreatedAsync completed in 10.2484ms {"SourceContext": "Infrastructure.Services.DatabaseTestService", "Application": "Crud.Api"}
[06:44:53 INF] [Phase 3] Skipping database seeding as requested for worker 8058 {"SourceContext": "Infrastructure.Services.DatabaseTestService", "Application": "Crud.Api"}
[06:44:53 INF] Database reset via file deletion completed for worker 8058 in 111.3468ms (Close: 0.0007ms, Delete: 1.154ms, Create: 10.2484ms) {"SourceContext": "Infrastructure.Services.DatabaseTestService", "Application": "Crud.Api"}
[06:44:53 INF] Releasing database mutex for worker 8058 {"SourceContext": "Infrastructure.Services.DatabaseTestService", "Application": "Crud.Api"}
[06:44:54 INF] User registered successfully: 7891e58f-600e-4f6e-80e4-3af3dab33dbd {"SourceContext": "App.Features.Authentication.RegisterUserCommandHandler", "ActionId": "f196457b-2719-47b5-b831-6a232ed2a5ae", "ActionName": "Api.Controllers.AuthController.Register (Api)", "RequestId": "0HNFGVQB4PDOU", "RequestPath": "/api/auth/register", "Application": "Crud.Api"}
Activity.TraceId:            306ad1ccb41fcbf475e7a5395714fcfa
Activity.SpanId:             288501e6bdb228ca
Activity.TraceFlags:         Recorded
Activity.ActivitySourceName: Microsoft.AspNetCore
Activity.DisplayName:        POST api/Auth/register
Activity.Kind:               Server
Activity.StartTime:          2025-09-11T06:44:53.7573419Z
Activity.Duration:           00:00:00.2986987
Activity.Tags:
    server.address: localhost
    http.request.method: POST
    url.scheme: http
    url.path: /api/auth/register
    network.protocol.version: 1.1
    http.route: api/Auth/register
    http.response.status_code: 200
Resource associated with Activity:
    deployment.environment: Testing
    service.name: Crud.Api
    service.version: 1.0.0
    service.instance.id: bb25e7a8-9ced-49c8-9e52-fd74b67e7fff
    telemetry.sdk.name: opentelemetry
    telemetry.sdk.language: dotnet
    telemetry.sdk.version: 1.8.1
[06:44:54 DBG] Cache miss for key: entity:person:0cb9cd9e002a494280f03a3d4f3278bc {"SourceContext": "Infrastructure.Services.Caching.InMemoryCacheService", "ActionId": "209e3120-ca4f-425a-a0c1-bdc6eca68fb4", "ActionName": "Api.Controllers.PeopleController.Get (Api)", "RequestId": "0HNFGVQB4PDOV", "RequestPath": "/api/people/0cb9cd9e-002a-4942-80f0-3a3d4f3278bc", "Application": "Crud.Api"}
[06:44:54 DBG] Set cache value for key: entity:person:0cb9cd9e002a494280f03a3d4f3278bc {"SourceContext": "Infrastructure.Services.Caching.InMemoryCacheService", "ActionId": "209e3120-ca4f-425a-a0c1-bdc6eca68fb4", "ActionName": "Api.Controllers.PeopleController.Get (Api)", "RequestId": "0HNFGVQB4PDOV", "RequestPath": "/api/people/0cb9cd9e-002a-4942-80f0-3a3d4f3278bc", "Application": "Crud.Api"}
Activity.TraceId:            ce36183b8fc7c41f3d2c125bfbd42dd7
Activity.SpanId:             891033b6d68f0dd3
Activity.TraceFlags:         Recorded
Activity.ActivitySourceName: Microsoft.AspNetCore
Activity.DisplayName:        GET api/People/{id:guid}
Activity.Kind:               Server
Activity.StartTime:          2025-09-11T06:44:54.0566968Z
Activity.Duration:           00:00:00.0012612
Activity.Tags:
    server.address: localhost
    http.request.method: GET
    url.scheme: http
    url.path: /api/people/0cb9cd9e-002a-4942-80f0-3a3d4f3278bc
    network.protocol.version: 1.1
    http.route: api/People/{id:guid}
    http.response.status_code: 200
Resource associated with Activity:
    deployment.environment: Testing
    service.name: Crud.Api
    service.version: 1.0.0
    service.instance.id: bb25e7a8-9ced-49c8-9e52-fd74b67e7fff
    telemetry.sdk.name: opentelemetry
    telemetry.sdk.language: dotnet
    telemetry.sdk.version: 1.8.1
[06:44:54 INF] User registered successfully: 7a5e97bf-70e9-4855-8c41-5690fc0f08c5 {"SourceContext": "App.Features.Authentication.RegisterUserCommandHandler", "ActionId": "f196457b-2719-47b5-b831-6a232ed2a5ae", "ActionName": "Api.Controllers.AuthController.Register (Api)", "RequestId": "0HNFGVQB4PDP0", "RequestPath": "/api/auth/register", "Application": "Crud.Api"}
Activity.TraceId:            a6b64283260266e6e3a61a13f9e7c2a7
Activity.SpanId:             ef2d3815194be44c
Activity.TraceFlags:         Recorded
Activity.ActivitySourceName: Microsoft.AspNetCore
Activity.DisplayName:        POST api/Auth/register
Activity.Kind:               Server
Activity.StartTime:          2025-09-11T06:44:54.0580562Z
Activity.Duration:           00:00:00.2987267
Activity.Tags:
    server.address: localhost
    http.request.method: POST
    url.scheme: http
    url.path: /api/auth/register
    network.protocol.version: 1.1
    http.route: api/Auth/register
    http.response.status_code: 200
Resource associated with Activity:
    deployment.environment: Testing
    service.name: Crud.Api
    service.version: 1.0.0
    service.instance.id: bb25e7a8-9ced-49c8-9e52-fd74b67e7fff
    telemetry.sdk.name: opentelemetry
    telemetry.sdk.language: dotnet
    telemetry.sdk.version: 1.8.1
[06:44:54 INF] User logged in successfully: 7a5e97bf-70e9-4855-8c41-5690fc0f08c5 {"SourceContext": "App.Features.Authentication.LoginCommandHandler", "ActionId": "79f36e2c-f41f-4ad4-a85e-e5bca8e57140", "ActionName": "Api.Controllers.AuthController.Login (Api)", "RequestId": "0HNFGVQB4PDP1", "RequestPath": "/api/auth/login", "Application": "Crud.Api"}
Activity.TraceId:            1c2d9b2315515abf0a9ab18580bb22e3
Activity.SpanId:             8a11a308566ab83e
Activity.TraceFlags:         Recorded
Activity.ActivitySourceName: Microsoft.AspNetCore
Activity.DisplayName:        POST api/Auth/login
Activity.Kind:               Server
Activity.StartTime:          2025-09-11T06:44:54.3580821Z
Activity.Duration:           00:00:00.3021475
Activity.Tags:
    server.address: localhost
    http.request.method: POST
    url.scheme: http
    url.path: /api/auth/login
    network.protocol.version: 1.1
    http.route: api/Auth/login
    http.response.status_code: 200
Resource associated with Activity:
    deployment.environment: Testing
    service.name: Crud.Api
    service.version: 1.0.0
    service.instance.id: bb25e7a8-9ced-49c8-9e52-fd74b67e7fff
    telemetry.sdk.name: opentelemetry
    telemetry.sdk.language: dotnet
    telemetry.sdk.version: 1.8.1
[06:44:54 DBG] Cache hit for key: entity:person:0cb9cd9e002a494280f03a3d4f3278bc {"SourceContext": "Infrastructure.Services.Caching.InMemoryCacheService", "ActionId": "29b4bb27-2e02-49c1-b31b-0bc10ab4d31c", "ActionName": "Api.Controllers.PeopleController.Update (Api)", "RequestId": "0HNFGVQB4PDP2", "RequestPath": "/api/people/0cb9cd9e-002a-4942-80f0-3a3d4f3278bc", "Application": "Crud.Api"}
[06:44:54 DBG] Removed cache value for key: entity:person:0cb9cd9e002a494280f03a3d4f3278bc {"SourceContext": "Infrastructure.Services.Caching.InMemoryCacheService", "ActionId": "29b4bb27-2e02-49c1-b31b-0bc10ab4d31c", "ActionName": "Api.Controllers.PeopleController.Update (Api)", "RequestId": "0HNFGVQB4PDP2", "RequestPath": "/api/people/0cb9cd9e-002a-4942-80f0-3a3d4f3278bc", "Application": "Crud.Api"}
[06:44:54 DBG] Removed cache value for key: list:person {"SourceContext": "Infrastructure.Services.Caching.InMemoryCacheService", "ActionId": "29b4bb27-2e02-49c1-b31b-0bc10ab4d31c", "ActionName": "Api.Controllers.PeopleController.Update (Api)", "RequestId": "0HNFGVQB4PDP2", "RequestPath": "/api/people/0cb9cd9e-002a-4942-80f0-3a3d4f3278bc", "Application": "Crud.Api"}
[06:44:54 DBG] Invalidating cache for entity: people/0cb9cd9e-002a-4942-80f0-3a3d4f3278bc with tags: people, people:0cb9cd9e-002a-4942-80f0-3a3d4f3278bc {"SourceContext": "Api.Services.OutputCacheInvalidationService", "ActionId": "29b4bb27-2e02-49c1-b31b-0bc10ab4d31c", "ActionName": "Api.Controllers.PeopleController.Update (Api)", "RequestId": "0HNFGVQB4PDP2", "RequestPath": "/api/people/0cb9cd9e-002a-4942-80f0-3a3d4f3278bc", "Application": "Crud.Api"}
[06:44:54 DBG] Successfully invalidated cache for tag: people {"SourceContext": "Api.Services.OutputCacheInvalidationService", "ActionId": "29b4bb27-2e02-49c1-b31b-0bc10ab4d31c", "ActionName": "Api.Controllers.PeopleController.Update (Api)", "RequestId": "0HNFGVQB4PDP2", "RequestPath": "/api/people/0cb9cd9e-002a-4942-80f0-3a3d4f3278bc", "Application": "Crud.Api"}
[06:44:54 DBG] Successfully invalidated cache for tag: people:0cb9cd9e-002a-4942-80f0-3a3d4f3278bc {"SourceContext": "Api.Services.OutputCacheInvalidationService", "ActionId": "29b4bb27-2e02-49c1-b31b-0bc10ab4d31c", "ActionName": "Api.Controllers.PeopleController.Update (Api)", "RequestId": "0HNFGVQB4PDP2", "RequestPath": "/api/people/0cb9cd9e-002a-4942-80f0-3a3d4f3278bc", "Application": "Crud.Api"}
Activity.TraceId:            a36a7e7059b6a0aa3a85f2f9de6d6012
Activity.SpanId:             8111295ff8a8eaae
Activity.TraceFlags:         Recorded
Activity.ActivitySourceName: Microsoft.AspNetCore
Activity.DisplayName:        PUT api/People/{id:guid}
Activity.Kind:               Server
Activity.StartTime:          2025-09-11T06:44:54.6622992Z
Activity.Duration:           00:00:00.0074947
Activity.Tags:
    server.address: localhost
    http.request.method: PUT
    url.scheme: http
    url.path: /api/people/0cb9cd9e-002a-4942-80f0-3a3d4f3278bc
    network.protocol.version: 1.1
    http.route: api/People/{id:guid}
    http.response.status_code: 204
Resource associated with Activity:
    deployment.environment: Testing
    service.name: Crud.Api
    service.version: 1.0.0
    service.instance.id: bb25e7a8-9ced-49c8-9e52-fd74b67e7fff
    telemetry.sdk.name: opentelemetry
    telemetry.sdk.language: dotnet
    telemetry.sdk.version: 1.8.1
[06:44:54 DBG] Cache miss for key: entity:person:0cb9cd9e002a494280f03a3d4f3278bc {"SourceContext": "Infrastructure.Services.Caching.InMemoryCacheService", "ActionId": "209e3120-ca4f-425a-a0c1-bdc6eca68fb4", "ActionName": "Api.Controllers.PeopleController.Get (Api)", "RequestId": "0HNFGVQB4PDP3", "RequestPath": "/api/people/0cb9cd9e-002a-4942-80f0-3a3d4f3278bc", "Application": "Crud.Api"}
[06:44:54 DBG] Set cache value for key: entity:person:0cb9cd9e002a494280f03a3d4f3278bc {"SourceContext": "Infrastructure.Services.Caching.InMemoryCacheService", "ActionId": "209e3120-ca4f-425a-a0c1-bdc6eca68fb4", "ActionName": "Api.Controllers.PeopleController.Get (Api)", "RequestId": "0HNFGVQB4PDP3", "RequestPath": "/api/people/0cb9cd9e-002a-4942-80f0-3a3d4f3278bc", "Application": "Crud.Api"}
Activity.TraceId:            34c652475642a4743efa61cab3dc32c1
Activity.SpanId:             3713dbc75cb421af
Activity.TraceFlags:         Recorded
Activity.ActivitySourceName: Microsoft.AspNetCore
Activity.DisplayName:        GET api/People/{id:guid}
Activity.Kind:               Server
Activity.StartTime:          2025-09-11T06:44:54.6698647Z
Activity.Duration:           00:00:00.0010212
Activity.Tags:
    server.address: localhost
    http.request.method: GET
    url.scheme: http
    url.path: /api/people/0cb9cd9e-002a-4942-80f0-3a3d4f3278bc
    network.protocol.version: 1.1
    http.route: api/People/{id:guid}
    http.response.status_code: 200
Resource associated with Activity:
    deployment.environment: Testing
    service.name: Crud.Api
    service.version: 1.0.0
    service.instance.id: bb25e7a8-9ced-49c8-9e52-fd74b67e7fff
    telemetry.sdk.name: opentelemetry
    telemetry.sdk.language: dotnet
    telemetry.sdk.version: 1.8.1
[06:44:54 INF] Resetting database for worker 8058 {"SourceContext": "Infrastructure.Services.DatabaseTestService", "Application": "Crud.Api"}
[06:44:54 INF] Resetting database via file deletion for worker 8058 in CI environment {"SourceContext": "Infrastructure.Services.DatabaseTestService", "Application": "Crud.Api"}
[06:44:54 INF] Acquiring database mutex for worker 8058... {"SourceContext": "Infrastructure.Services.DatabaseTestService", "Application": "Crud.Api"}
[06:44:54 INF] Database mutex acquired for worker 8058 {"SourceContext": "Infrastructure.Services.DatabaseTestService", "Application": "Crud.Api"}
[06:44:54 INF] Current database state - CanConnect: True {"SourceContext": "Infrastructure.Services.DatabaseTestService", "Application": "Crud.Api"}
[06:44:54 INF] [Phase 0] Closing database connection for worker 8058... {"SourceContext": "Infrastructure.Services.DatabaseTestService", "Application": "Crud.Api"}
[06:44:54 INF] [Phase 0] Connection closed in 0.0005ms {"SourceContext": "Infrastructure.Services.DatabaseTestService", "Application": "Crud.Api"}
[06:44:54 INF] [Phase 1] Starting EnsureDeletedAsync for worker 8058... {"SourceContext": "Infrastructure.Services.DatabaseTestService", "Application": "Crud.Api"}
[06:44:54 INF] [Phase 1] EnsureDeletedAsync completed in 1.2509ms {"SourceContext": "Infrastructure.Services.DatabaseTestService", "Application": "Crud.Api"}
[06:44:54 INF] [Phase 2] Starting EnsureCreatedAsync for worker 8058... {"SourceContext": "Infrastructure.Services.DatabaseTestService", "Application": "Crud.Api"}
[06:44:54 INF] [Phase 2] EnsureCreatedAsync completed in 8.0376ms {"SourceContext": "Infrastructure.Services.DatabaseTestService", "Application": "Crud.Api"}
[06:44:54 INF] [Phase 3] Skipping database seeding as requested for worker 8058 {"SourceContext": "Infrastructure.Services.DatabaseTestService", "Application": "Crud.Api"}
[06:44:54 INF] Database reset via file deletion completed for worker 8058 in 109.1199ms (Close: 0.0005ms, Delete: 1.2509ms, Create: 8.0376ms) {"SourceContext": "Infrastructure.Services.DatabaseTestService", "Application": "Crud.Api"}
[06:44:54 INF] Releasing database mutex for worker 8058 {"SourceContext": "Infrastructure.Services.DatabaseTestService", "Application": "Crud.Api"}
[06:44:54 INF] Resetting database for worker 8058 {"SourceContext": "Infrastructure.Services.DatabaseTestService", "Application": "Crud.Api"}
[06:44:54 INF] Resetting database via file deletion for worker 8058 in CI environment {"SourceContext": "Infrastructure.Services.DatabaseTestService", "Application": "Crud.Api"}
[06:44:54 INF] Acquiring database mutex for worker 8058... {"SourceContext": "Infrastructure.Services.DatabaseTestService", "Application": "Crud.Api"}
[06:44:54 INF] Database mutex acquired for worker 8058 {"SourceContext": "Infrastructure.Services.DatabaseTestService", "Application": "Crud.Api"}
[06:44:54 INF] Current database state - CanConnect: True {"SourceContext": "Infrastructure.Services.DatabaseTestService", "Application": "Crud.Api"}
[06:44:54 INF] [Phase 0] Closing database connection for worker 8058... {"SourceContext": "Infrastructure.Services.DatabaseTestService", "Application": "Crud.Api"}
[06:44:54 INF] [Phase 0] Connection closed in 0.0005ms {"SourceContext": "Infrastructure.Services.DatabaseTestService", "Application": "Crud.Api"}
[06:44:54 INF] [Phase 1] Starting EnsureDeletedAsync for worker 8058... {"SourceContext": "Infrastructure.Services.DatabaseTestService", "Application": "Crud.Api"}
[06:44:54 INF] [Phase 1] EnsureDeletedAsync completed in 1.0217ms {"SourceContext": "Infrastructure.Services.DatabaseTestService", "Application": "Crud.Api"}
[06:44:54 INF] [Phase 2] Starting EnsureCreatedAsync for worker 8058... {"SourceContext": "Infrastructure.Services.DatabaseTestService", "Application": "Crud.Api"}
[06:44:54 INF] [Phase 2] EnsureCreatedAsync completed in 7.6575ms {"SourceContext": "Infrastructure.Services.DatabaseTestService", "Application": "Crud.Api"}
[06:44:54 INF] [Phase 3] Skipping database seeding as requested for worker 8058 {"SourceContext": "Infrastructure.Services.DatabaseTestService", "Application": "Crud.Api"}
[06:44:54 INF] Database reset via file deletion completed for worker 8058 in 108.9919ms (Close: 0.0005ms, Delete: 1.0217ms, Create: 7.6575ms) {"SourceContext": "Infrastructure.Services.DatabaseTestService", "Application": "Crud.Api"}
[06:44:54 INF] Releasing database mutex for worker 8058 {"SourceContext": "Infrastructure.Services.DatabaseTestService", "Application": "Crud.Api"}
[06:44:55 INF] User registered successfully: 13dc435e-ce8d-4b13-a511-92bf12556b64 {"SourceContext": "App.Features.Authentication.RegisterUserCommandHandler", "ActionId": "f196457b-2719-47b5-b831-6a232ed2a5ae", "ActionName": "Api.Controllers.AuthController.Register (Api)", "RequestId": "0HNFGVQB4PDP4", "RequestPath": "/api/auth/register", "Application": "Crud.Api"}
Activity.TraceId:            a4e6ad2889c480297d504efcdb865062
Activity.SpanId:             d498012800bec5e7
Activity.TraceFlags:         Recorded
Activity.ActivitySourceName: Microsoft.AspNetCore
Activity.DisplayName:        POST api/Auth/register
Activity.Kind:               Server
Activity.StartTime:          2025-09-11T06:44:54.8942420Z
Activity.Duration:           00:00:00.3023108
Activity.Tags:
    server.address: localhost
    http.request.method: POST
    url.scheme: http
    url.path: /api/auth/register
    network.protocol.version: 1.1
    http.route: api/Auth/register
    http.response.status_code: 200
Resource associated with Activity:
    deployment.environment: Testing
    service.name: Crud.Api
    service.version: 1.0.0
    service.instance.id: bb25e7a8-9ced-49c8-9e52-fd74b67e7fff
    telemetry.sdk.name: opentelemetry
    telemetry.sdk.language: dotnet
    telemetry.sdk.version: 1.8.1
[06:44:55 DBG] Cache miss for key: list:role {"SourceContext": "Infrastructure.Services.Caching.InMemoryCacheService", "ActionId": "e0d2c67e-e4fd-44ff-a747-f97139433ea3", "ActionName": "Api.Controllers.RolesController.List (Api)", "RequestId": "0HNFGVQB4PDP5", "RequestPath": "/api/roles", "Application": "Crud.Api"}
[06:44:55 DBG] Set cache value for key: list:role {"SourceContext": "Infrastructure.Services.Caching.InMemoryCacheService", "ActionId": "e0d2c67e-e4fd-44ff-a747-f97139433ea3", "ActionName": "Api.Controllers.RolesController.List (Api)", "RequestId": "0HNFGVQB4PDP5", "RequestPath": "/api/roles", "Application": "Crud.Api"}
Activity.TraceId:            0deac85417ce2987de818fc9dad4c5c7
Activity.SpanId:             68b5e81dbcee9f8d
Activity.TraceFlags:         Recorded
Activity.ActivitySourceName: Microsoft.AspNetCore
Activity.DisplayName:        GET api/Roles
Activity.Kind:               Server
Activity.StartTime:          2025-09-11T06:44:55.1971728Z
Activity.Duration:           00:00:00.0054907
Activity.Tags:
    server.address: localhost
    http.request.method: GET
    url.scheme: http
    url.path: /api/roles
    network.protocol.version: 1.1
    http.route: api/Roles
    http.response.status_code: 200
Resource associated with Activity:
    deployment.environment: Testing
    service.name: Crud.Api
    service.version: 1.0.0
    service.instance.id: bb25e7a8-9ced-49c8-9e52-fd74b67e7fff
    telemetry.sdk.name: opentelemetry
    telemetry.sdk.language: dotnet
    telemetry.sdk.version: 1.8.1
[06:44:55 INF] User registered successfully: df9c6189-f18e-46a0-8011-1ca2553b3faf {"SourceContext": "App.Features.Authentication.RegisterUserCommandHandler", "ActionId": "f196457b-2719-47b5-b831-6a232ed2a5ae", "ActionName": "Api.Controllers.AuthController.Register (Api)", "RequestId": "0HNFGVQB4PDP6", "RequestPath": "/api/auth/register", "Application": "Crud.Api"}
Activity.TraceId:            79e840d9f00c6956899a022035b5f4d2
Activity.SpanId:             45dff376a2f87e05
Activity.TraceFlags:         Recorded
Activity.ActivitySourceName: Microsoft.AspNetCore
Activity.DisplayName:        POST api/Auth/register
Activity.Kind:               Server
Activity.StartTime:          2025-09-11T06:44:55.2027666Z
Activity.Duration:           00:00:00.2982298
Activity.Tags:
    server.address: localhost
    http.request.method: POST
    url.scheme: http
    url.path: /api/auth/register
    network.protocol.version: 1.1
    http.route: api/Auth/register
    http.response.status_code: 200
Resource associated with Activity:
    deployment.environment: Testing
    service.name: Crud.Api
    service.version: 1.0.0
    service.instance.id: bb25e7a8-9ced-49c8-9e52-fd74b67e7fff
    telemetry.sdk.name: opentelemetry
    telemetry.sdk.language: dotnet
    telemetry.sdk.version: 1.8.1
[06:44:55 INF] User logged in successfully: df9c6189-f18e-46a0-8011-1ca2553b3faf {"SourceContext": "App.Features.Authentication.LoginCommandHandler", "ActionId": "79f36e2c-f41f-4ad4-a85e-e5bca8e57140", "ActionName": "Api.Controllers.AuthController.Login (Api)", "RequestId": "0HNFGVQB4PDP7", "RequestPath": "/api/auth/login", "Application": "Crud.Api"}
Activity.TraceId:            62be0582c2c3cf3574d97193b5f54d52
Activity.SpanId:             88a37d4aadbe1e96
Activity.TraceFlags:         Recorded
Activity.ActivitySourceName: Microsoft.AspNetCore
Activity.DisplayName:        POST api/Auth/login
Activity.Kind:               Server
Activity.StartTime:          2025-09-11T06:44:55.5019698Z
Activity.Duration:           00:00:00.2985306
Activity.Tags:
    server.address: localhost
    http.request.method: POST
    url.scheme: http
    url.path: /api/auth/login
    network.protocol.version: 1.1
    http.route: api/Auth/login
    http.response.status_code: 200
Resource associated with Activity:
    deployment.environment: Testing
    service.name: Crud.Api
    service.version: 1.0.0
    service.instance.id: bb25e7a8-9ced-49c8-9e52-fd74b67e7fff
    telemetry.sdk.name: opentelemetry
    telemetry.sdk.language: dotnet
    telemetry.sdk.version: 1.8.1
[06:44:55 DBG] Cache miss for key: entity:role:f11deed7eee3452ea2e43dcd373c7e06 {"SourceContext": "Infrastructure.Services.Caching.InMemoryCacheService", "ActionId": "7e334779-01d1-45d2-80f9-83cfafc79fce", "ActionName": "Api.Controllers.RolesController.Update (Api)", "RequestId": "0HNFGVQB4PDP8", "RequestPath": "/api/roles/f11deed7-eee3-452e-a2e4-3dcd373c7e06", "Application": "Crud.Api"}
[06:44:55 DBG] Set cache value for key: entity:role:f11deed7eee3452ea2e43dcd373c7e06 {"SourceContext": "Infrastructure.Services.Caching.InMemoryCacheService", "ActionId": "7e334779-01d1-45d2-80f9-83cfafc79fce", "ActionName": "Api.Controllers.RolesController.Update (Api)", "RequestId": "0HNFGVQB4PDP8", "RequestPath": "/api/roles/f11deed7-eee3-452e-a2e4-3dcd373c7e06", "Application": "Crud.Api"}
[06:44:55 DBG] Removed cache value for key: entity:role:f11deed7eee3452ea2e43dcd373c7e06 {"SourceContext": "Infrastructure.Services.Caching.InMemoryCacheService", "ActionId": "7e334779-01d1-45d2-80f9-83cfafc79fce", "ActionName": "Api.Controllers.RolesController.Update (Api)", "RequestId": "0HNFGVQB4PDP8", "RequestPath": "/api/roles/f11deed7-eee3-452e-a2e4-3dcd373c7e06", "Application": "Crud.Api"}
[06:44:55 DBG] Removed cache value for key: list:role {"SourceContext": "Infrastructure.Services.Caching.InMemoryCacheService", "ActionId": "7e334779-01d1-45d2-80f9-83cfafc79fce", "ActionName": "Api.Controllers.RolesController.Update (Api)", "RequestId": "0HNFGVQB4PDP8", "RequestPath": "/api/roles/f11deed7-eee3-452e-a2e4-3dcd373c7e06", "Application": "Crud.Api"}
[06:44:55 DBG] Invalidating cache for entity: roles/f11deed7-eee3-452e-a2e4-3dcd373c7e06 with tags: roles, roles:f11deed7-eee3-452e-a2e4-3dcd373c7e06 {"SourceContext": "Api.Services.OutputCacheInvalidationService", "ActionId": "7e334779-01d1-45d2-80f9-83cfafc79fce", "ActionName": "Api.Controllers.RolesController.Update (Api)", "RequestId": "0HNFGVQB4PDP8", "RequestPath": "/api/roles/f11deed7-eee3-452e-a2e4-3dcd373c7e06", "Application": "Crud.Api"}
[06:44:55 DBG] Successfully invalidated cache for tag: roles {"SourceContext": "Api.Services.OutputCacheInvalidationService", "ActionId": "7e334779-01d1-45d2-80f9-83cfafc79fce", "ActionName": "Api.Controllers.RolesController.Update (Api)", "RequestId": "0HNFGVQB4PDP8", "RequestPath": "/api/roles/f11deed7-eee3-452e-a2e4-3dcd373c7e06", "Application": "Crud.Api"}
[06:44:55 DBG] Successfully invalidated cache for tag: roles:f11deed7-eee3-452e-a2e4-3dcd373c7e06 {"SourceContext": "Api.Services.OutputCacheInvalidationService", "ActionId": "7e334779-01d1-45d2-80f9-83cfafc79fce", "ActionName": "Api.Controllers.RolesController.Update (Api)", "RequestId": "0HNFGVQB4PDP8", "RequestPath": "/api/roles/f11deed7-eee3-452e-a2e4-3dcd373c7e06", "Application": "Crud.Api"}
Activity.TraceId:            cf111c6fc6cf11f04fb0162757945e2a
Activity.SpanId:             d6567f40eb3dbf94
Activity.TraceFlags:         Recorded
Activity.ActivitySourceName: Microsoft.AspNetCore
Activity.DisplayName:        PUT api/Roles/{id:guid}
Activity.Kind:               Server
Activity.StartTime:          2025-09-11T06:44:55.8017416Z
Activity.Duration:           00:00:00.0065402
Activity.Tags:
    server.address: localhost
    http.request.method: PUT
    url.scheme: http
    url.path: /api/roles/f11deed7-eee3-452e-a2e4-3dcd373c7e06
    network.protocol.version: 1.1
    http.route: api/Roles/{id:guid}
    http.response.status_code: 204
Resource associated with Activity:
    deployment.environment: Testing
    service.name: Crud.Api
    service.version: 1.0.0
    service.instance.id: bb25e7a8-9ced-49c8-9e52-fd74b67e7fff
    telemetry.sdk.name: opentelemetry
    telemetry.sdk.language: dotnet
    telemetry.sdk.version: 1.8.1
[06:44:55 DBG] Cache miss for key: list:role {"SourceContext": "Infrastructure.Services.Caching.InMemoryCacheService", "ActionId": "e0d2c67e-e4fd-44ff-a747-f97139433ea3", "ActionName": "Api.Controllers.RolesController.List (Api)", "RequestId": "0HNFGVQB4PDP9", "RequestPath": "/api/roles", "Application": "Crud.Api"}
[06:44:55 DBG] Set cache value for key: list:role {"SourceContext": "Infrastructure.Services.Caching.InMemoryCacheService", "ActionId": "e0d2c67e-e4fd-44ff-a747-f97139433ea3", "ActionName": "Api.Controllers.RolesController.List (Api)", "RequestId": "0HNFGVQB4PDP9", "RequestPath": "/api/roles", "Application": "Crud.Api"}
[06:44:55 DBG] Returning 304 Not Modified (Not modified since) {"SourceContext": "Api.Middleware.ConditionalRequestMiddleware", "RequestId": "0HNFGVQB4PDP9", "RequestPath": "/api/roles", "Application": "Crud.Api"}
Activity.TraceId:            7a07688805566057bea53f9697050fca
Activity.SpanId:             32354f40b4b4c96e
Activity.TraceFlags:         Recorded
Activity.ActivitySourceName: Microsoft.AspNetCore
Activity.DisplayName:        GET api/Roles
Activity.Kind:               Server
Activity.StartTime:          2025-09-11T06:44:55.8083545Z
Activity.Duration:           00:00:00.0008525
Activity.Tags:
    server.address: localhost
    http.request.method: GET
    url.scheme: http
    url.path: /api/roles
    network.protocol.version: 1.1
    http.route: api/Roles
    http.response.status_code: 304
Resource associated with Activity:
    deployment.environment: Testing
    service.name: Crud.Api
    service.version: 1.0.0
    service.instance.id: bb25e7a8-9ced-49c8-9e52-fd74b67e7fff
    telemetry.sdk.name: opentelemetry
    telemetry.sdk.language: dotnet
    telemetry.sdk.version: 1.8.1
[06:44:55 INF] Resetting database for worker 8058 {"SourceContext": "Infrastructure.Services.DatabaseTestService", "Application": "Crud.Api"}
[06:44:55 INF] Resetting database via file deletion for worker 8058 in CI environment {"SourceContext": "Infrastructure.Services.DatabaseTestService", "Application": "Crud.Api"}
[06:44:55 INF] Acquiring database mutex for worker 8058... {"SourceContext": "Infrastructure.Services.DatabaseTestService", "Application": "Crud.Api"}
[06:44:55 INF] Database mutex acquired for worker 8058 {"SourceContext": "Infrastructure.Services.DatabaseTestService", "Application": "Crud.Api"}
[06:44:55 INF] Current database state - CanConnect: True {"SourceContext": "Infrastructure.Services.DatabaseTestService", "Application": "Crud.Api"}
[06:44:55 INF] [Phase 0] Closing database connection for worker 8058... {"SourceContext": "Infrastructure.Services.DatabaseTestService", "Application": "Crud.Api"}
[06:44:55 INF] [Phase 0] Connection closed in 0.0006ms {"SourceContext": "Infrastructure.Services.DatabaseTestService", "Application": "Crud.Api"}
[06:44:55 INF] [Phase 1] Starting EnsureDeletedAsync for worker 8058... {"SourceContext": "Infrastructure.Services.DatabaseTestService", "Application": "Crud.Api"}
[06:44:55 INF] [Phase 1] EnsureDeletedAsync completed in 1.5133ms {"SourceContext": "Infrastructure.Services.DatabaseTestService", "Application": "Crud.Api"}
[06:44:55 INF] [Phase 2] Starting EnsureCreatedAsync for worker 8058... {"SourceContext": "Infrastructure.Services.DatabaseTestService", "Application": "Crud.Api"}
[06:44:55 INF] [Phase 2] EnsureCreatedAsync completed in 8.1138ms {"SourceContext": "Infrastructure.Services.DatabaseTestService", "Application": "Crud.Api"}
[06:44:55 INF] [Phase 3] Skipping database seeding as requested for worker 8058 {"SourceContext": "Infrastructure.Services.DatabaseTestService", "Application": "Crud.Api"}
[06:44:55 INF] Database reset via file deletion completed for worker 8058 in 109.828ms (Close: 0.0006ms, Delete: 1.5133ms, Create: 8.1138ms) {"SourceContext": "Infrastructure.Services.DatabaseTestService", "Application": "Crud.Api"}
[06:44:55 INF] Releasing database mutex for worker 8058 {"SourceContext": "Infrastructure.Services.DatabaseTestService", "Application": "Crud.Api"}
Resource associated with Metric:
    deployment.environment: Testing
    service.name: Crud.Api
    service.version: 1.0.0
    service.instance.id: bb25e7a8-9ced-49c8-9e52-fd74b67e7fff
    telemetry.sdk.name: opentelemetry
    telemetry.sdk.language: dotnet
    telemetry.sdk.version: 1.8.1
Metric Name: http.server.active_requests, Number of active HTTP server requests., Unit: {request}, Meter: Microsoft.AspNetCore.Hosting
(2025-09-11T06:44:52.0229281Z, 2025-09-11T06:44:55.9716708Z] http.request.method: POST url.scheme: http LongSumNonMonotonic
Value: 0
(2025-09-11T06:44:52.0229281Z, 2025-09-11T06:44:55.9716708Z] http.request.method: GET url.scheme: http LongSumNonMonotonic
Value: 0
(2025-09-11T06:44:52.0229281Z, 2025-09-11T06:44:55.9716708Z] http.request.method: PUT url.scheme: http LongSumNonMonotonic
Value: 0
Metric Name: http.server.request.duration, Duration of HTTP server requests., Unit: s, Meter: Microsoft.AspNetCore.Hosting
(2025-09-11T06:44:52.0229482Z, 2025-09-11T06:44:55.9716742Z] http.request.method: POST http.response.status_code: 200 http.route: api/Auth/register network.protocol.version: 1.1 url.scheme: http Histogram
Value: Sum: 2.1061196 Count: 7 Min: 0.2982223 Max: 0.3045345 
(-Infinity,0.005]:0
(0.005,0.01]:0
(0.01,0.025]:0
(0.025,0.05]:0
(0.05,0.075]:0
(0.075,0.1]:0
(0.1,0.25]:0
(0.25,0.5]:7
(0.5,0.75]:0
(0.75,1]:0
(1,2.5]:0
(2.5,5]:0
(5,7.5]:0
(7.5,10]:0
(10,+Infinity]:0
(2025-09-11T06:44:52.0229482Z, 2025-09-11T06:44:55.9716742Z] http.request.method: GET http.response.status_code: 200 http.route: api/People/{id:guid} network.protocol.version: 1.1 url.scheme: http Histogram
Value: Sum: 0.0165137 Count: 4 Min: 0.0010194 Max: 0.0104345 
(-Infinity,0.005]:3
(0.005,0.01]:0
(0.01,0.025]:1
(0.025,0.05]:0
(0.05,0.075]:0
(0.075,0.1]:0
(0.1,0.25]:0
(0.25,0.5]:0
(0.5,0.75]:0
(0.75,1]:0
(1,2.5]:0
(2.5,5]:0
(5,7.5]:0
(7.5,10]:0
(10,+Infinity]:0
(2025-09-11T06:44:52.0229482Z, 2025-09-11T06:44:55.9716742Z] http.request.method: GET http.response.status_code: 304 http.route: api/People/{id:guid} network.protocol.version: 1.1 url.scheme: http Histogram
Value: Sum: 0.0036488 Count: 2 Min: 0.0008096 Max: 0.0028392 
(-Infinity,0.005]:2
(0.005,0.01]:0
(0.01,0.025]:0
(0.025,0.05]:0
(0.05,0.075]:0
(0.075,0.1]:0
(0.1,0.25]:0
(0.25,0.5]:0
(0.5,0.75]:0
(0.75,1]:0
(1,2.5]:0
(2.5,5]:0
(5,7.5]:0
(7.5,10]:0
(10,+Infinity]:0
(2025-09-11T06:44:52.0229482Z, 2025-09-11T06:44:55.9716742Z] http.request.method: GET http.response.status_code: 200 http.route: api/Walls network.protocol.version: 1.1 url.scheme: http Histogram
Value: Sum: 0.0102497 Count: 1 Min: 0.0102497 Max: 0.0102497 
(-Infinity,0.005]:0
(0.005,0.01]:0
(0.01,0.025]:1
(0.025,0.05]:0
(0.05,0.075]:0
(0.075,0.1]:0
(0.1,0.25]:0
(0.25,0.5]:0
(0.5,0.75]:0
(0.75,1]:0
(1,2.5]:0
(2.5,5]:0
(5,7.5]:0
(7.5,10]:0
(10,+Infinity]:0
(2025-09-11T06:44:52.0229482Z, 2025-09-11T06:44:55.9716742Z] http.request.method: POST http.response.status_code: 200 http.route: api/Auth/login network.protocol.version: 1.1 url.scheme: http Histogram
Value: Sum: 0.6006526999999999 Count: 2 Min: 0.2985247 Max: 0.302128 
(-Infinity,0.005]:0
(0.005,0.01]:0
(0.01,0.025]:0
(0.025,0.05]:0
(0.05,0.075]:0
(0.075,0.1]:0
(0.1,0.25]:0
(0.25,0.5]:2
(0.5,0.75]:0
(0.75,1]:0
(1,2.5]:0
(2.5,5]:0
(5,7.5]:0
(7.5,10]:0
(10,+Infinity]:0
(2025-09-11T06:44:52.0229482Z, 2025-09-11T06:44:55.9716742Z] http.request.method: PUT http.response.status_code: 204 http.route: api/People/{id:guid} network.protocol.version: 1.1 url.scheme: http Histogram
Value: Sum: 0.0074872 Count: 1 Min: 0.0074872 Max: 0.0074872 
(-Infinity,0.005]:0
(0.005,0.01]:1
(0.01,0.025]:0
(0.025,0.05]:0
(0.05,0.075]:0
(0.075,0.1]:0
(0.1,0.25]:0
(0.25,0.5]:0
(0.5,0.75]:0
(0.75,1]:0
(1,2.5]:0
(2.5,5]:0
(5,7.5]:0
(7.5,10]:0
(10,+Infinity]:0
(2025-09-11T06:44:52.0229482Z, 2025-09-11T06:44:55.9716742Z] http.request.method: GET http.response.status_code: 200 http.route: api/Roles network.protocol.version: 1.1 url.scheme: http Histogram
Value: Sum: 0.0054885 Count: 1 Min: 0.0054885 Max: 0.0054885 
(-Infinity,0.005]:0
(0.005,0.01]:1
(0.01,0.025]:0
(0.025,0.05]:0
(0.05,0.075]:0
(0.075,0.1]:0
(0.1,0.25]:0
(0.25,0.5]:0
(0.5,0.75]:0
(0.75,1]:0
(1,2.5]:0
(2.5,5]:0
(5,7.5]:0
(7.5,10]:0
(10,+Infinity]:0
(2025-09-11T06:44:52.0229482Z, 2025-09-11T06:44:55.9716742Z] http.request.method: PUT http.response.status_code: 204 http.route: api/Roles/{id:guid} network.protocol.version: 1.1 url.scheme: http Histogram
Value: Sum: 0.0065368 Count: 1 Min: 0.0065368 Max: 0.0065368 
(-Infinity,0.005]:0
(0.005,0.01]:1
(0.01,0.025]:0
(0.025,0.05]:0
(0.05,0.075]:0
(0.075,0.1]:0
(0.1,0.25]:0
(0.25,0.5]:0
(0.5,0.75]:0
(0.75,1]:0
(1,2.5]:0
(2.5,5]:0
(5,7.5]:0
(7.5,10]:0
(10,+Infinity]:0
(2025-09-11T06:44:52.0229482Z, 2025-09-11T06:44:55.9716742Z] http.request.method: GET http.response.status_code: 304 http.route: api/Roles network.protocol.version: 1.1 url.scheme: http Histogram
Value: Sum: 0.0008482 Count: 1 Min: 0.0008482 Max: 0.0008482 
(-Infinity,0.005]:1
(0.005,0.01]:0
(0.01,0.025]:0
(0.025,0.05]:0
(0.05,0.075]:0
(0.075,0.1]:0
(0.1,0.25]:0
(0.25,0.5]:0
(0.5,0.75]:0
(0.75,1]:0
(1,2.5]:0
(2.5,5]:0
(5,7.5]:0
(7.5,10]:0
(10,+Infinity]:0
Metric Name: aspnetcore.rate_limiting.active_request_leases, Number of HTTP requests that are currently active on the server that hold a rate limiting lease., Unit: {request}, Meter: Microsoft.AspNetCore.RateLimiting
(2025-09-11T06:44:52.0247571Z, 2025-09-11T06:44:55.9716747Z] LongSumNonMonotonic
Value: 0
Metric Name: aspnetcore.rate_limiting.request_lease.duration, The duration of rate limiting leases held by HTTP requests on the server., Unit: s, Meter: Microsoft.AspNetCore.RateLimiting
(2025-09-11T06:44:52.0247766Z, 2025-09-11T06:44:55.9716756Z] Histogram
Value: Sum: 2.752166 Count: 20 Min: 0.0007463 Max: 0.303706 
(-Infinity,0.005]:6
(0.005,0.01]:4
(0.01,0.025]:1
(0.025,0.05]:0
(0.05,0.075]:0
(0.075,0.1]:0
(0.1,0.25]:0
(0.25,0.5]:9
(0.5,0.75]:0
(0.75,1]:0
(1,2.5]:0
(2.5,5]:0
(5,7.5]:0
(7.5,10]:0
(10,+Infinity]:0
Metric Name: aspnetcore.rate_limiting.requests, Number of requests that tried to acquire a rate limiting lease. Requests could be rejected by global or endpoint rate limiting policies. Or the request could be canceled while waiting for the lease., Unit: {request}, Meter: Microsoft.AspNetCore.RateLimiting
(2025-09-11T06:44:52.0248232Z, 2025-09-11T06:44:55.9716773Z] aspnetcore.rate_limiting.result: acquired LongSum
Value: 20
Metric Name: aspnetcore.routing.match_attempts, Number of requests that were attempted to be matched to an endpoint., Unit: {match_attempt}, Meter: Microsoft.AspNetCore.Routing
(2025-09-11T06:44:52.0255797Z, 2025-09-11T06:44:55.9716779Z] aspnetcore.routing.is_fallback: false aspnetcore.routing.match_status: success http.route: api/Auth/register LongSum
Value: 7
(2025-09-11T06:44:52.0255797Z, 2025-09-11T06:44:55.9716779Z] aspnetcore.routing.is_fallback: false aspnetcore.routing.match_status: success http.route: api/People/{id:guid} LongSum
Value: 7
(2025-09-11T06:44:52.0255797Z, 2025-09-11T06:44:55.9716779Z] aspnetcore.routing.is_fallback: false aspnetcore.routing.match_status: success http.route: api/Walls LongSum
Value: 1
(2025-09-11T06:44:52.0255797Z, 2025-09-11T06:44:55.9716779Z] aspnetcore.routing.is_fallback: false aspnetcore.routing.match_status: success http.route: api/Auth/login LongSum
Value: 2
(2025-09-11T06:44:52.0255797Z, 2025-09-11T06:44:55.9716779Z] aspnetcore.routing.is_fallback: false aspnetcore.routing.match_status: success http.route: api/Roles LongSum
Value: 2
(2025-09-11T06:44:52.0255797Z, 2025-09-11T06:44:55.9716779Z] aspnetcore.routing.is_fallback: false aspnetcore.routing.match_status: success http.route: api/Roles/{id:guid} LongSum
Value: 1
[xUnit.net 00:00:58.93]       Expected response2.StatusCode to be HttpStatusCode.OK {value: 200} because Server should return 200 when resource has been modified, but found HttpStatusCode.NotModified {value: 304}.
[xUnit.net 00:00:58.94]       Stack Trace:
[xUnit.net 00:00:58.94]            at FluentAssertions.Execution.XUnit2TestFramework.Throw(String message)
[xUnit.net 00:00:58.94]            at FluentAssertions.Execution.TestFrameworkProvider.Throw(String message)
[xUnit.net 00:00:58.94]            at FluentAssertions.Execution.DefaultAssertionStrategy.HandleFailure(String message)
[xUnit.net 00:00:58.94]            at FluentAssertions.Execution.AssertionScope.FailWith(Func`1 failReasonFunc)
[xUnit.net 00:00:58.94]            at FluentAssertions.Primitives.EnumAssertions`2.Be(TEnum expected, String because, Object[] becauseArgs)
[xUnit.net 00:00:58.94]         /home/runner/work/Crud/Crud/test/Tests.Integration.Backend/OutputCaching/ConditionalRequestTests.cs(174,0): at Tests.Integration.Backend.OutputCaching.ConditionalRequestTests.&lt;GetRequest_WithIfModifiedSince_ShouldReturn200_WhenModified&gt;b__4_0()
[xUnit.net 00:00:58.94]         /home/runner/work/Crud/Crud/test/Tests.Integration.Backend/Infrastructure/IntegrationTestBase.cs(48,0): at Tests.Integration.Backend.Infrastructure.IntegrationTestBase.RunWithCleanDatabaseAsync(Func`1 testAction)
[xUnit.net 00:00:58.94]         /home/runner/work/Crud/Crud/test/Tests.Integration.Backend/Infrastructure/IntegrationTestBase.cs(53,0): at Tests.Integration.Backend.Infrastructure.IntegrationTestBase.RunWithCleanDatabaseAsync(Func`1 testAction)
[xUnit.net 00:00:58.94]         /home/runner/work/Crud/Crud/test/Tests.Integration.Backend/OutputCaching/ConditionalRequestTests.cs(143,0): at Tests.Integration.Backend.OutputCaching.ConditionalRequestTests.GetRequest_WithIfModifiedSince_ShouldReturn200_WhenModified()
[xUnit.net 00:00:58.94]         --- End of stack trace from previous location ---
[06:44:55 INF] Starting Crud API application {"Application": "Crud.Api"}
[06:44:55 INF] Using SQLite provider with connection: Data Source=TestDatabase.db {"Application": "Crud.Api"}
[06:44:56 INF] Database ensured successfully {"Application": "Crud.Api"}
[06:44:56 INF] Application configured successfully. Starting web host... {"Application": "Crud.Api"}
[06:44:56 INF] Resetting database for worker 14094 {"SourceContext": "Infrastructure.Services.DatabaseTestService", "Application": "Crud.Api"}
[06:44:56 INF] Resetting database via file deletion for worker 14094 in CI environment {"SourceContext": "Infrastructure.Services.DatabaseTestService", "Application": "Crud.Api"}
[06:44:56 INF] Acquiring database mutex for worker 14094... {"SourceContext": "Infrastructure.Services.DatabaseTestService", "Application": "Crud.Api"}
[06:44:56 INF] Database mutex acquired for worker 14094 {"SourceContext": "Infrastructure.Services.DatabaseTestService", "Application": "Crud.Api"}
[06:44:56 INF] Current database state - CanConnect: True {"SourceContext": "Infrastructure.Services.DatabaseTestService", "Application": "Crud.Api"}
[06:44:56 INF] [Phase 0] Closing database connection for worker 14094... {"SourceContext": "Infrastructure.Services.DatabaseTestService", "Application": "Crud.Api"}
[06:44:56 INF] [Phase 0] Connection closed in 0.0008ms {"SourceContext": "Infrastructure.Services.DatabaseTestService", "Application": "Crud.Api"}
[06:44:56 INF] [Phase 1] Starting EnsureDeletedAsync for worker 14094... {"SourceContext": "Infrastructure.Services.DatabaseTestService", "Application": "Crud.Api"}
[06:44:56 INF] [Phase 1] EnsureDeletedAsync completed in 1.4828ms {"SourceContext": "Infrastructure.Services.DatabaseTestService", "Application": "Crud.Api"}
[06:44:56 INF] [Phase 2] Starting EnsureCreatedAsync for worker 14094... {"SourceContext": "Infrastructure.Services.DatabaseTestService", "Application": "Crud.Api"}
[06:44:56 INF] [Phase 2] EnsureCreatedAsync completed in 7.9713ms {"SourceContext": "Infrastructure.Services.DatabaseTestService", "Application": "Crud.Api"}
[06:44:56 INF] [Phase 3] Skipping database seeding as requested for worker 14094 {"SourceContext": "Infrastructure.Services.DatabaseTestService", "Application": "Crud.Api"}
[06:44:56 INF] Database reset via file deletion completed for worker 14094 in 110.1321ms (Close: 0.0008ms, Delete: 1.4828ms, Create: 7.9713ms) {"SourceContext": "Infrastructure.Services.DatabaseTestService", "Application": "Crud.Api"}
[06:44:56 INF] Releasing database mutex for worker 14094 {"SourceContext": "Infrastructure.Services.DatabaseTestService", "Application": "Crud.Api"}
[06:44:56 WRN] Failed to determine the https port for redirect. {"EventId": {"Id": 3, "Name": "FailedToDeterminePort"}, "SourceContext": "Microsoft.AspNetCore.HttpsPolicy.HttpsRedirectionMiddleware", "RequestId": "0HNFGVQB4PDPA", "RequestPath": "/api/auth/register", "Application": "Crud.Api"}
[06:44:56 ERR] An unhandled exception occurred during request POST /api/auth/register. Request ID: 0HNFGVQB4PDPA, User: Anonymous {"SourceContext": "Api.Middleware.GlobalExceptionHandlingMiddleware", "RequestPath": "/api/auth/register", "Application": "Crud.Api"}
FluentValidation.ValidationException: Validation failed: 
 -- Email: Invalid email format Severity: Error
   at App.Behaviors.ValidationBehavior`2.Handle(TRequest request, RequestHandlerDelegate`1 next, CancellationToken cancellationToken) in /home/runner/work/Crud/Crud/src/App/Behaviors/ValidationBehavior.cs:line 39
   at Api.Controllers.AuthController.Register(RegisterUserCommand command, CancellationToken cancellationToken) in /home/runner/work/Crud/Crud/src/Api/Controllers/AuthController.cs:line 27
   at Microsoft.AspNetCore.Mvc.Infrastructure.ActionMethodExecutor.TaskOfIActionResultExecutor.Execute(ActionContext actionContext, IActionResultTypeMapper mapper, ObjectMethodExecutor executor, Object controller, Object[] arguments)
   at Microsoft.AspNetCore.Mvc.Infrastructure.ControllerActionInvoker.&lt;InvokeActionMethodAsync&gt;g__Logged|12_1(ControllerActionInvoker invoker)
   at Microsoft.AspNetCore.Mvc.Infrastructure.ControllerActionInvoker.&lt;InvokeNextActionFilterAsync&gt;g__Awaited|10_0(ControllerActionInvoker invoker, Task lastTask, State next, Scope scope, Object state, Boolean isCompleted)
   at Microsoft.AspNetCore.Mvc.Infrastructure.ControllerActionInvoker.Rethrow(ActionExecutedContextSealed context)
   at Microsoft.AspNetCore.Mvc.Infrastructure.ControllerActionInvoker.Next(State&amp; next, Scope&amp; scope, Object&amp; state, Boolean&amp; isCompleted)
   at Microsoft.AspNetCore.Mvc.Infrastructure.ControllerActionInvoker.InvokeInnerFilterAsync()
--- End of stack trace from previous location ---
   at Microsoft.AspNetCore.Mvc.Infrastructure.ResourceInvoker.&lt;InvokeFilterPipelineAsync&gt;g__Awaited|20_0(ResourceInvoker invoker, Task lastTask, State next, Scope scope, Object state, Boolean isCompleted)
   at Microsoft.AspNetCore.Mvc.Infrastructure.ResourceInvoker.&lt;InvokeAsync&gt;g__Logged|17_1(ResourceInvoker invoker)
   at Microsoft.AspNetCore.Mvc.Infrastructure.ResourceInvoker.&lt;InvokeAsync&gt;g__Logged|17_1(ResourceInvoker invoker)
   at Api.Middleware.ConditionalRequestMiddleware.InvokeAsync(HttpContext context) in /home/runner/work/Crud/Crud/src/Api/Middleware/ConditionalRequestMiddleware.cs:line 31
   at Microsoft.AspNetCore.Authorization.AuthorizationMiddleware.Invoke(HttpContext context)
   at Microsoft.AspNetCore.Authentication.AuthenticationMiddleware.Invoke(HttpContext context)
   at Microsoft.AspNetCore.RateLimiting.RateLimitingMiddleware.InvokeInternal(HttpContext context, EnableRateLimitingAttribute enableRateLimitingAttribute)
   at Api.Middleware.GlobalExceptionHandlingMiddleware.InvokeAsync(HttpContext context) in /home/runner/work/Crud/Crud/src/Api/Middleware/GlobalExceptionHandlingMiddleware.cs:line 27
Activity.TraceId:            452a37efdcb5a3aea78a1e46fb749d20
Activity.SpanId:             aa31d43cff62e43b
Activity.TraceFlags:         Recorded
Activity.ActivitySourceName: Microsoft.AspNetCore
Activity.DisplayName:        POST api/Auth/register
Activity.Kind:               Server
Activity.StartTime:          2025-09-11T06:44:56.1246595Z
Activity.Duration:           00:00:00.0066403
Activity.Tags:
    server.address: localhost
    http.request.method: POST
    url.scheme: http
    url.path: /api/auth/register
    network.protocol.version: 1.1
    http.route: api/Auth/register
    http.response.status_code: 400
Resource associated with Activity:
    deployment.environment: Testing
    service.name: Crud.Api
    service.version: 1.0.0
    service.instance.id: bb25e7a8-9ced-49c8-9e52-fd74b67e7fff
    telemetry.sdk.name: opentelemetry
    telemetry.sdk.language: dotnet
    telemetry.sdk.version: 1.8.1
❌ POST /api/auth/register failed:
   Status: BadRequest (400)
   Reason: Bad Request
   Response Body: {"status":400,"title":"Validation Failed","detail":null,"errors":{"Email":["Invalid email format"]},"traceId":"d78abd3f-04cc-4062-b2cc-50223fa93f11","timestamp":"2025-09-11T06:44:56.1310945Z"}
   Content Headers: Content-Type=application/json
[06:44:56 INF] Resetting database for worker 14094 {"SourceContext": "Infrastructure.Services.DatabaseTestService", "Application": "Crud.Api"}
[06:44:56 INF] Resetting database via file deletion for worker 14094 in CI environment {"SourceContext": "Infrastructure.Services.DatabaseTestService", "Application": "Crud.Api"}
[06:44:56 INF] Acquiring database mutex for worker 14094... {"SourceContext": "Infrastructure.Services.DatabaseTestService", "Application": "Crud.Api"}
[06:44:56 INF] Database mutex acquired for worker 14094 {"SourceContext": "Infrastructure.Services.DatabaseTestService", "Application": "Crud.Api"}
[06:44:56 INF] Current database state - CanConnect: True {"SourceContext": "Infrastructure.Services.DatabaseTestService", "Application": "Crud.Api"}
[06:44:56 INF] [Phase 0] Closing database connection for worker 14094... {"SourceContext": "Infrastructure.Services.DatabaseTestService", "Application": "Crud.Api"}
[06:44:56 INF] [Phase 0] Connection closed in 0.0007ms {"SourceContext": "Infrastructure.Services.DatabaseTestService", "Application": "Crud.Api"}
[06:44:56 INF] [Phase 1] Starting EnsureDeletedAsync for worker 14094... {"SourceContext": "Infrastructure.Services.DatabaseTestService", "Application": "Crud.Api"}
[06:44:56 INF] [Phase 1] EnsureDeletedAsync completed in 1.3586ms {"SourceContext": "Infrastructure.Services.DatabaseTestService", "Application": "Crud.Api"}
[06:44:56 INF] [Phase 2] Starting EnsureCreatedAsync for worker 14094... {"SourceContext": "Infrastructure.Services.DatabaseTestService", "Application": "Crud.Api"}
[06:44:56 INF] [Phase 2] EnsureCreatedAsync completed in 8.8973ms {"SourceContext": "Infrastructure.Services.DatabaseTestService", "Application": "Crud.Api"}
[06:44:56 INF] [Phase 3] Skipping database seeding as requested for worker 14094 {"SourceContext": "Infrastructure.Services.DatabaseTestService", "Application": "Crud.Api"}
[06:44:56 INF] Database reset via file deletion completed for worker 14094 in 110.028ms (Close: 0.0007ms, Delete: 1.3586ms, Create: 8.8973ms) {"SourceContext": "Infrastructure.Services.DatabaseTestService", "Application": "Crud.Api"}
[06:44:56 INF] Releasing database mutex for worker 14094 {"SourceContext": "Infrastructure.Services.DatabaseTestService", "Application": "Crud.Api"}
[06:44:56 INF] Resetting database for worker 14094 {"SourceContext": "Infrastructure.Services.DatabaseTestService", "Application": "Crud.Api"}
[06:44:56 INF] Resetting database via file deletion for worker 14094 in CI environment {"SourceContext": "Infrastructure.Services.DatabaseTestService", "Application": "Crud.Api"}
[06:44:56 INF] Acquiring database mutex for worker 14094... {"SourceContext": "Infrastructure.Services.DatabaseTestService", "Application": "Crud.Api"}
[06:44:56 INF] Database mutex acquired for worker 14094 {"SourceContext": "Infrastructure.Services.DatabaseTestService", "Application": "Crud.Api"}
[06:44:56 INF] Current database state - CanConnect: True {"SourceContext": "Infrastructure.Services.DatabaseTestService", "Application": "Crud.Api"}
[06:44:56 INF] [Phase 0] Closing database connection for worker 14094... {"SourceContext": "Infrastructure.Services.DatabaseTestService", "Application": "Crud.Api"}
[06:44:56 INF] [Phase 0] Connection closed in 0.0005ms {"SourceContext": "Infrastructure.Services.DatabaseTestService", "Application": "Crud.Api"}
[06:44:56 INF] [Phase 1] Starting EnsureDeletedAsync for worker 14094... {"SourceContext": "Infrastructure.Services.DatabaseTestService", "Application": "Crud.Api"}
[06:44:56 INF] [Phase 1] EnsureDeletedAsync completed in 1.2591ms {"SourceContext": "Infrastructure.Services.DatabaseTestService", "Application": "Crud.Api"}
[06:44:56 INF] [Phase 2] Starting EnsureCreatedAsync for worker 14094... {"SourceContext": "Infrastructure.Services.DatabaseTestService", "Application": "Crud.Api"}
[06:44:56 INF] [Phase 2] EnsureCreatedAsync completed in 7.7128ms {"SourceContext": "Infrastructure.Services.DatabaseTestService", "Application": "Crud.Api"}
[06:44:56 INF] [Phase 3] Skipping database seeding as requested for worker 14094 {"SourceContext": "Infrastructure.Services.DatabaseTestService", "Application": "Crud.Api"}
[06:44:56 INF] Database reset via file deletion completed for worker 14094 in 109.0937ms (Close: 0.0005ms, Delete: 1.2591ms, Create: 7.7128ms) {"SourceContext": "Infrastructure.Services.DatabaseTestService", "Application": "Crud.Api"}
[06:44:56 INF] Releasing database mutex for worker 14094 {"SourceContext": "Infrastructure.Services.DatabaseTestService", "Application": "Crud.Api"}
[06:44:56 INF] User registered successfully: 0b31b5f8-6d80-43b1-9cd7-a677e7e67c6c {"SourceContext": "App.Features.Authentication.RegisterUserCommandHandler", "ActionId": "35a376e2-d0cf-49e9-9764-de5dfd8a74db", "ActionName": "Api.Controllers.AuthController.Register (Api)", "RequestId": "0HNFGVQB4PDPB", "RequestPath": "/api/auth/register", "Application": "Crud.Api"}
Activity.TraceId:            abea8fef60d34612f9d6034160c79964
Activity.SpanId:             c4a2c1bee7a96684
Activity.TraceFlags:         Recorded
Activity.ActivitySourceName: Microsoft.AspNetCore
Activity.DisplayName:        POST api/Auth/register
Activity.Kind:               Server
Activity.StartTime:          2025-09-11T06:44:56.3567134Z
Activity.Duration:           00:00:00.3020523
Activity.Tags:
    server.address: localhost
    http.request.method: POST
    url.scheme: http
    url.path: /api/auth/register
    network.protocol.version: 1.1
    http.route: api/Auth/register
    http.response.status_code: 200
Resource associated with Activity:
    deployment.environment: Testing
    service.name: Crud.Api
    service.version: 1.0.0
    service.instance.id: bb25e7a8-9ced-49c8-9e52-fd74b67e7fff
    telemetry.sdk.name: opentelemetry
    telemetry.sdk.language: dotnet
    telemetry.sdk.version: 1.8.1
[06:44:56 WRN] Registration attempt with existing email: existing@example.com {"SourceContext": "App.Features.Authentication.RegisterUserCommandHandler", "ActionId": "35a376e2-d0cf-49e9-9764-de5dfd8a74db", "ActionName": "Api.Controllers.AuthController.Register (Api)", "RequestId": "0HNFGVQB4PDPC", "RequestPath": "/api/auth/register", "Application": "Crud.Api"}
Activity.TraceId:            77f23940cbcb3c58dff2b5f276b43925
Activity.SpanId:             68f99d8c9b2d1163
Activity.TraceFlags:         Recorded
Activity.ActivitySourceName: Microsoft.AspNetCore
Activity.DisplayName:        POST api/Auth/register
Activity.Kind:               Server
Activity.StartTime:          2025-09-11T06:44:56.6593597Z
Activity.Duration:           00:00:00.0039182
Activity.Tags:
❌ POST /api/auth/register failed:
    server.address: localhost
    http.request.method: POST
    url.scheme: http
   Status: BadRequest (400)
    url.path: /api/auth/register
    network.protocol.version: 1.1
    http.route: api/Auth/register
   Reason: Bad Request
    http.response.status_code: 400
   Response Body: {"error":"Email already exists"}
Resource associated with Activity:
    deployment.environment: Testing
    service.name: Crud.Api
    service.version: 1.0.0
   Content Headers: Content-Type=application/json; charset=utf-8
    service.instance.id: bb25e7a8-9ced-49c8-9e52-fd74b67e7fff
    telemetry.sdk.name: opentelemetry
    telemetry.sdk.language: dotnet
    telemetry.sdk.version: 1.8.1
[06:44:56 INF] Resetting database for worker 14094 {"SourceContext": "Infrastructure.Services.DatabaseTestService", "Application": "Crud.Api"}
[06:44:56 INF] Resetting database via file deletion for worker 14094 in CI environment {"SourceContext": "Infrastructure.Services.DatabaseTestService", "Application": "Crud.Api"}
[06:44:56 INF] Acquiring database mutex for worker 14094... {"SourceContext": "Infrastructure.Services.DatabaseTestService", "Application": "Crud.Api"}
[06:44:56 INF] Database mutex acquired for worker 14094 {"SourceContext": "Infrastructure.Services.DatabaseTestService", "Application": "Crud.Api"}
[06:44:56 INF] Current database state - CanConnect: True {"SourceContext": "Infrastructure.Services.DatabaseTestService", "Application": "Crud.Api"}
[06:44:56 INF] [Phase 0] Closing database connection for worker 14094... {"SourceContext": "Infrastructure.Services.DatabaseTestService", "Application": "Crud.Api"}
[06:44:56 INF] [Phase 0] Connection closed in 0.0005ms {"SourceContext": "Infrastructure.Services.DatabaseTestService", "Application": "Crud.Api"}
[06:44:56 INF] [Phase 1] Starting EnsureDeletedAsync for worker 14094... {"SourceContext": "Infrastructure.Services.DatabaseTestService", "Application": "Crud.Api"}
[06:44:56 INF] [Phase 1] EnsureDeletedAsync completed in 1.5303ms {"SourceContext": "Infrastructure.Services.DatabaseTestService", "Application": "Crud.Api"}
[06:44:56 INF] [Phase 2] Starting EnsureCreatedAsync for worker 14094... {"SourceContext": "Infrastructure.Services.DatabaseTestService", "Application": "Crud.Api"}
[06:44:56 INF] [Phase 2] EnsureCreatedAsync completed in 15.1078ms {"SourceContext": "Infrastructure.Services.DatabaseTestService", "Application": "Crud.Api"}
[06:44:56 INF] [Phase 3] Skipping database seeding as requested for worker 14094 {"SourceContext": "Infrastructure.Services.DatabaseTestService", "Application": "Crud.Api"}
[06:44:56 INF] Database reset via file deletion completed for worker 14094 in 116.2005ms (Close: 0.0005ms, Delete: 1.5303ms, Create: 15.1078ms) {"SourceContext": "Infrastructure.Services.DatabaseTestService", "Application": "Crud.Api"}
[06:44:56 INF] Releasing database mutex for worker 14094 {"SourceContext": "Infrastructure.Services.DatabaseTestService", "Application": "Crud.Api"}
[06:44:56 INF] Resetting database for worker 14094 {"SourceContext": "Infrastructure.Services.DatabaseTestService", "Application": "Crud.Api"}
[06:44:56 INF] Resetting database via file deletion for worker 14094 in CI environment {"SourceContext": "Infrastructure.Services.DatabaseTestService", "Application": "Crud.Api"}
[06:44:56 INF] Acquiring database mutex for worker 14094... {"SourceContext": "Infrastructure.Services.DatabaseTestService", "Application": "Crud.Api"}
[06:44:56 INF] Database mutex acquired for worker 14094 {"SourceContext": "Infrastructure.Services.DatabaseTestService", "Application": "Crud.Api"}
[06:44:56 INF] Current database state - CanConnect: True {"SourceContext": "Infrastructure.Services.DatabaseTestService", "Application": "Crud.Api"}
[06:44:56 INF] [Phase 0] Closing database connection for worker 14094... {"SourceContext": "Infrastructure.Services.DatabaseTestService", "Application": "Crud.Api"}
[06:44:56 INF] [Phase 0] Connection closed in 0.0006ms {"SourceContext": "Infrastructure.Services.DatabaseTestService", "Application": "Crud.Api"}
[06:44:56 INF] [Phase 1] Starting EnsureDeletedAsync for worker 14094... {"SourceContext": "Infrastructure.Services.DatabaseTestService", "Application": "Crud.Api"}
[06:44:56 INF] [Phase 1] EnsureDeletedAsync completed in 1.0251ms {"SourceContext": "Infrastructure.Services.DatabaseTestService", "Application": "Crud.Api"}
[06:44:56 INF] [Phase 2] Starting EnsureCreatedAsync for worker 14094... {"SourceContext": "Infrastructure.Services.DatabaseTestService", "Application": "Crud.Api"}
[06:44:56 INF] [Phase 2] EnsureCreatedAsync completed in 7.5404ms {"SourceContext": "Infrastructure.Services.DatabaseTestService", "Application": "Crud.Api"}
[06:44:56 INF] [Phase 3] Skipping database seeding as requested for worker 14094 {"SourceContext": "Infrastructure.Services.DatabaseTestService", "Application": "Crud.Api"}
[06:44:56 INF] Database reset via file deletion completed for worker 14094 in 108.8662ms (Close: 0.0006ms, Delete: 1.0251ms, Create: 7.5404ms) {"SourceContext": "Infrastructure.Services.DatabaseTestService", "Application": "Crud.Api"}
[06:44:56 INF] Releasing database mutex for worker 14094 {"SourceContext": "Infrastructure.Services.DatabaseTestService", "Application": "Crud.Api"}
[06:44:57 INF] User registered successfully: 950afcd1-559c-4621-a827-facc76b2875b {"SourceContext": "App.Features.Authentication.RegisterUserCommandHandler", "ActionId": "35a376e2-d0cf-49e9-9764-de5dfd8a74db", "ActionName": "Api.Controllers.AuthController.Register (Api)", "RequestId": "0HNFGVQB4PDPD", "RequestPath": "/api/auth/register", "Application": "Crud.Api"}
Activity.TraceId:            a89cc85eac1f38e17423036a6e10014f
Activity.SpanId:             93b174e136e1643c
Activity.TraceFlags:         Recorded
Activity.ActivitySourceName: Microsoft.AspNetCore
Activity.DisplayName:        POST api/Auth/register
Activity.Kind:               Server
Activity.StartTime:          2025-09-11T06:44:56.8924535Z
Activity.Duration:           00:00:00.3386822
Activity.Tags:
    server.address: localhost
    http.request.method: POST
    url.scheme: http
    url.path: /api/auth/register
    network.protocol.version: 1.1
    http.route: api/Auth/register
    http.response.status_code: 200
Resource associated with Activity:
    deployment.environment: Testing
    service.name: Crud.Api
    service.version: 1.0.0
    service.instance.id: bb25e7a8-9ced-49c8-9e52-fd74b67e7fff
    telemetry.sdk.name: opentelemetry
    telemetry.sdk.language: dotnet
    telemetry.sdk.version: 1.8.1
[06:44:57 INF] User logged in successfully: 950afcd1-559c-4621-a827-facc76b2875b {"SourceContext": "App.Features.Authentication.LoginCommandHandler", "ActionId": "29d23c9b-b080-4562-8ce5-f427e319309f", "ActionName": "Api.Controllers.AuthController.Login (Api)", "RequestId": "0HNFGVQB4PDPE", "RequestPath": "/api/auth/login", "Application": "Crud.Api"}
Activity.TraceId:            24aea9acea93a2f8797c6dd6937f7add
Activity.SpanId:             0ad3998e73a99c5d
Activity.TraceFlags:         Recorded
Activity.ActivitySourceName: Microsoft.AspNetCore
Activity.DisplayName:        POST api/Auth/login
Activity.Kind:               Server
Activity.StartTime:          2025-09-11T06:44:57.2316973Z
Activity.Duration:           00:00:00.3023727
Activity.Tags:
    server.address: localhost
    http.request.method: POST
    url.scheme: http
    url.path: /api/auth/login
    network.protocol.version: 1.1
    http.route: api/Auth/login
    http.response.status_code: 200
Resource associated with Activity:
    deployment.environment: Testing
    service.name: Crud.Api
    service.version: 1.0.0
    service.instance.id: bb25e7a8-9ced-49c8-9e52-fd74b67e7fff
    telemetry.sdk.name: opentelemetry
    telemetry.sdk.language: dotnet
    telemetry.sdk.version: 1.8.1
[06:44:57 INF] Refresh token rotated successfully for user: 950afcd1-559c-4621-a827-facc76b2875b {"SourceContext": "App.Features.Authentication.RefreshTokenCommandHandler", "ActionId": "dc93a51a-e2bc-499d-94f8-a6cf4275c70b", "ActionName": "Api.Controllers.AuthController.Refresh (Api)", "RequestId": "0HNFGVQB4PDPF", "RequestPath": "/api/auth/refresh", "Application": "Crud.Api"}
Activity.TraceId:            0ef1b1f4810045941c2e414721f25f46
Activity.SpanId:             094a2596f9ab4354
Activity.TraceFlags:         Recorded
Activity.ActivitySourceName: Microsoft.AspNetCore
Activity.DisplayName:        POST api/Auth/refresh
Activity.Kind:               Server
Activity.StartTime:          2025-09-11T06:44:57.5380612Z
Activity.Duration:           00:00:00.0153685
Activity.Tags:
    server.address: localhost
    http.request.method: POST
    url.scheme: http
    url.path: /api/auth/refresh
    network.protocol.version: 1.1
    http.route: api/Auth/refresh
    http.response.status_code: 200
Resource associated with Activity:
    deployment.environment: Testing
    service.name: Crud.Api
    service.version: 1.0.0
    service.instance.id: bb25e7a8-9ced-49c8-9e52-fd74b67e7fff
    telemetry.sdk.name: opentelemetry
    telemetry.sdk.language: dotnet
    telemetry.sdk.version: 1.8.1
[06:44:57 INF] Resetting database for worker 14094 {"SourceContext": "Infrastructure.Services.DatabaseTestService", "Application": "Crud.Api"}
[06:44:57 INF] Resetting database via file deletion for worker 14094 in CI environment {"SourceContext": "Infrastructure.Services.DatabaseTestService", "Application": "Crud.Api"}
[06:44:57 INF] Acquiring database mutex for worker 14094... {"SourceContext": "Infrastructure.Services.DatabaseTestService", "Application": "Crud.Api"}
[06:44:57 INF] Database mutex acquired for worker 14094 {"SourceContext": "Infrastructure.Services.DatabaseTestService", "Application": "Crud.Api"}
[06:44:57 INF] Current database state - CanConnect: True {"SourceContext": "Infrastructure.Services.DatabaseTestService", "Application": "Crud.Api"}
[06:44:57 INF] [Phase 0] Closing database connection for worker 14094... {"SourceContext": "Infrastructure.Services.DatabaseTestService", "Application": "Crud.Api"}
[06:44:57 INF] [Phase 0] Connection closed in 0.0006ms {"SourceContext": "Infrastructure.Services.DatabaseTestService", "Application": "Crud.Api"}
[06:44:57 INF] [Phase 1] Starting EnsureDeletedAsync for worker 14094... {"SourceContext": "Infrastructure.Services.DatabaseTestService", "Application": "Crud.Api"}
[06:44:57 INF] [Phase 1] EnsureDeletedAsync completed in 1.5133ms {"SourceContext": "Infrastructure.Services.DatabaseTestService", "Application": "Crud.Api"}
[06:44:57 INF] [Phase 2] Starting EnsureCreatedAsync for worker 14094... {"SourceContext": "Infrastructure.Services.DatabaseTestService", "Application": "Crud.Api"}
[06:44:57 INF] [Phase 2] EnsureCreatedAsync completed in 8.2851ms {"SourceContext": "Infrastructure.Services.DatabaseTestService", "Application": "Crud.Api"}
[06:44:57 INF] [Phase 3] Skipping database seeding as requested for worker 14094 {"SourceContext": "Infrastructure.Services.DatabaseTestService", "Application": "Crud.Api"}
[06:44:57 INF] Database reset via file deletion completed for worker 14094 in 111.0583ms (Close: 0.0006ms, Delete: 1.5133ms, Create: 8.2851ms) {"SourceContext": "Infrastructure.Services.DatabaseTestService", "Application": "Crud.Api"}
[06:44:57 INF] Releasing database mutex for worker 14094 {"SourceContext": "Infrastructure.Services.DatabaseTestService", "Application": "Crud.Api"}
[06:44:57 INF] Resetting database for worker 14094 {"SourceContext": "Infrastructure.Services.DatabaseTestService", "Application": "Crud.Api"}
[06:44:57 INF] Resetting database via file deletion for worker 14094 in CI environment {"SourceContext": "Infrastructure.Services.DatabaseTestService", "Application": "Crud.Api"}
[06:44:57 INF] Acquiring database mutex for worker 14094... {"SourceContext": "Infrastructure.Services.DatabaseTestService", "Application": "Crud.Api"}
[06:44:57 INF] Database mutex acquired for worker 14094 {"SourceContext": "Infrastructure.Services.DatabaseTestService", "Application": "Crud.Api"}
[06:44:57 INF] Current database state - CanConnect: True {"SourceContext": "Infrastructure.Services.DatabaseTestService", "Application": "Crud.Api"}
[06:44:57 INF] [Phase 0] Closing database connection for worker 14094... {"SourceContext": "Infrastructure.Services.DatabaseTestService", "Application": "Crud.Api"}
[06:44:57 INF] [Phase 0] Connection closed in 0.0006ms {"SourceContext": "Infrastructure.Services.DatabaseTestService", "Application": "Crud.Api"}
[06:44:57 INF] [Phase 1] Starting EnsureDeletedAsync for worker 14094... {"SourceContext": "Infrastructure.Services.DatabaseTestService", "Application": "Crud.Api"}
[06:44:57 INF] [Phase 1] EnsureDeletedAsync completed in 1.3127ms {"SourceContext": "Infrastructure.Services.DatabaseTestService", "Application": "Crud.Api"}
[06:44:57 INF] [Phase 2] Starting EnsureCreatedAsync for worker 14094... {"SourceContext": "Infrastructure.Services.DatabaseTestService", "Application": "Crud.Api"}
[06:44:57 INF] [Phase 2] EnsureCreatedAsync completed in 7.2134ms {"SourceContext": "Infrastructure.Services.DatabaseTestService", "Application": "Crud.Api"}
[06:44:57 INF] [Phase 3] Skipping database seeding as requested for worker 14094 {"SourceContext": "Infrastructure.Services.DatabaseTestService", "Application": "Crud.Api"}
[06:44:57 INF] Database reset via file deletion completed for worker 14094 in 108.6534ms (Close: 0.0006ms, Delete: 1.3127ms, Create: 7.2134ms) {"SourceContext": "Infrastructure.Services.DatabaseTestService", "Application": "Crud.Api"}
[06:44:57 INF] Releasing database mutex for worker 14094 {"SourceContext": "Infrastructure.Services.DatabaseTestService", "Application": "Crud.Api"}
[06:44:57 WRN] Login attempt with non-existent email address {"SourceContext": "App.Features.Authentication.LoginCommandHandler", "ActionId": "29d23c9b-b080-4562-8ce5-f427e319309f", "ActionName": "Api.Controllers.AuthController.Login (Api)", "RequestId": "0HNFGVQB4PDPG", "RequestPath": "/api/auth/login", "Application": "Crud.Api"}
Activity.TraceId:            f3bd8e52f388d97cac1c56ed106281f6
Activity.SpanId:             78d19e304279c456
Activity.TraceFlags:         Recorded
Activity.ActivitySourceName: Microsoft.AspNetCore
Activity.DisplayName:        POST api/Auth/login
Activity.Kind:               Server
Activity.StartTime:          2025-09-11T06:44:57.7774418Z
Activity.Duration:           00:00:00.0009010
Activity.Tags:
    server.address: localhost
    http.request.method: POST
    url.scheme: http
    url.path: /api/auth/login
    network.protocol.version: 1.1
    http.route: api/Auth/login
    http.response.status_code: 401
Resource associated with Activity:
    deployment.environment: Testing
    service.name: Crud.Api
    service.version: 1.0.0
    service.instance.id: bb25e7a8-9ced-49c8-9e52-fd74b67e7fff
    telemetry.sdk.name: opentelemetry
    telemetry.sdk.language: dotnet
    telemetry.sdk.version: 1.8.1
[06:44:57 INF] Resetting database for worker 14094 {"SourceContext": "Infrastructure.Services.DatabaseTestService", "Application": "Crud.Api"}
[06:44:57 INF] Resetting database via file deletion for worker 14094 in CI environment {"SourceContext": "Infrastructure.Services.DatabaseTestService", "Application": "Crud.Api"}
[06:44:57 INF] Acquiring database mutex for worker 14094... {"SourceContext": "Infrastructure.Services.DatabaseTestService", "Application": "Crud.Api"}
[06:44:57 INF] Database mutex acquired for worker 14094 {"SourceContext": "Infrastructure.Services.DatabaseTestService", "Application": "Crud.Api"}
[06:44:57 INF] Current database state - CanConnect: True {"SourceContext": "Infrastructure.Services.DatabaseTestService", "Application": "Crud.Api"}
[06:44:57 INF] [Phase 0] Closing database connection for worker 14094... {"SourceContext": "Infrastructure.Services.DatabaseTestService", "Application": "Crud.Api"}
[06:44:57 INF] [Phase 0] Connection closed in 0.0006ms {"SourceContext": "Infrastructure.Services.DatabaseTestService", "Application": "Crud.Api"}
[06:44:57 INF] [Phase 1] Starting EnsureDeletedAsync for worker 14094... {"SourceContext": "Infrastructure.Services.DatabaseTestService", "Application": "Crud.Api"}
[06:44:57 INF] [Phase 1] EnsureDeletedAsync completed in 1.1818ms {"SourceContext": "Infrastructure.Services.DatabaseTestService", "Application": "Crud.Api"}
[06:44:57 INF] [Phase 2] Starting EnsureCreatedAsync for worker 14094... {"SourceContext": "Infrastructure.Services.DatabaseTestService", "Application": "Crud.Api"}
[06:44:57 INF] [Phase 2] EnsureCreatedAsync completed in 7.605ms {"SourceContext": "Infrastructure.Services.DatabaseTestService", "Application": "Crud.Api"}
[06:44:57 INF] [Phase 3] Skipping database seeding as requested for worker 14094 {"SourceContext": "Infrastructure.Services.DatabaseTestService", "Application": "Crud.Api"}
[06:44:57 INF] Database reset via file deletion completed for worker 14094 in 108.6375ms (Close: 0.0006ms, Delete: 1.1818ms, Create: 7.605ms) {"SourceContext": "Infrastructure.Services.DatabaseTestService", "Application": "Crud.Api"}
[06:44:57 INF] Releasing database mutex for worker 14094 {"SourceContext": "Infrastructure.Services.DatabaseTestService", "Application": "Crud.Api"}
[06:44:57 INF] Resetting database for worker 14094 {"SourceContext": "Infrastructure.Services.DatabaseTestService", "Application": "Crud.Api"}
[06:44:57 INF] Resetting database via file deletion for worker 14094 in CI environment {"SourceContext": "Infrastructure.Services.DatabaseTestService", "Application": "Crud.Api"}
[06:44:57 INF] Acquiring database mutex for worker 14094... {"SourceContext": "Infrastructure.Services.DatabaseTestService", "Application": "Crud.Api"}
[06:44:57 INF] Database mutex acquired for worker 14094 {"SourceContext": "Infrastructure.Services.DatabaseTestService", "Application": "Crud.Api"}
[06:44:57 INF] Current database state - CanConnect: True {"SourceContext": "Infrastructure.Services.DatabaseTestService", "Application": "Crud.Api"}
[06:44:57 INF] [Phase 0] Closing database connection for worker 14094... {"SourceContext": "Infrastructure.Services.DatabaseTestService", "Application": "Crud.Api"}
[06:44:57 INF] [Phase 0] Connection closed in 0.0005ms {"SourceContext": "Infrastructure.Services.DatabaseTestService", "Application": "Crud.Api"}
[06:44:57 INF] [Phase 1] Starting EnsureDeletedAsync for worker 14094... {"SourceContext": "Infrastructure.Services.DatabaseTestService", "Application": "Crud.Api"}
[06:44:57 INF] [Phase 1] EnsureDeletedAsync completed in 1.1635ms {"SourceContext": "Infrastructure.Services.DatabaseTestService", "Application": "Crud.Api"}
[06:44:57 INF] [Phase 2] Starting EnsureCreatedAsync for worker 14094... {"SourceContext": "Infrastructure.Services.DatabaseTestService", "Application": "Crud.Api"}
[06:44:57 INF] [Phase 2] EnsureCreatedAsync completed in 7.6148ms {"SourceContext": "Infrastructure.Services.DatabaseTestService", "Application": "Crud.Api"}
[06:44:57 INF] [Phase 3] Skipping database seeding as requested for worker 14094 {"SourceContext": "Infrastructure.Services.DatabaseTestService", "Application": "Crud.Api"}
[06:44:57 INF] Database reset via file deletion completed for worker 14094 in 108.4ms (Close: 0.0005ms, Delete: 1.1635ms, Create: 7.6148ms) {"SourceContext": "Infrastructure.Services.DatabaseTestService", "Application": "Crud.Api"}
[06:44:57 INF] Releasing database mutex for worker 14094 {"SourceContext": "Infrastructure.Services.DatabaseTestService", "Application": "Crud.Api"}
[06:44:58 INF] User registered successfully: 6361b573-7d89-4061-ab9c-5d66e949ef76 {"SourceContext": "App.Features.Authentication.RegisterUserCommandHandler", "ActionId": "35a376e2-d0cf-49e9-9764-de5dfd8a74db", "ActionName": "Api.Controllers.AuthController.Register (Api)", "RequestId": "0HNFGVQB4PDPH", "RequestPath": "/api/auth/register", "Application": "Crud.Api"}
Activity.TraceId:            3fb98ec8e5c3f01d8f45c8b88953d56a
Activity.SpanId:             781d2d720fc67046
Activity.TraceFlags:         Recorded
Activity.ActivitySourceName: Microsoft.AspNetCore
Activity.DisplayName:        POST api/Auth/register
Activity.Kind:               Server
Activity.StartTime:          2025-09-11T06:44:57.9992868Z
Activity.Duration:           00:00:00.3021418
Activity.Tags:
    server.address: localhost
    http.request.method: POST
    url.scheme: http
    url.path: /api/auth/register
    network.protocol.version: 1.1
    http.route: api/Auth/register
    http.response.status_code: 200
Resource associated with Activity:
    deployment.environment: Testing
    service.name: Crud.Api
    service.version: 1.0.0
    service.instance.id: bb25e7a8-9ced-49c8-9e52-fd74b67e7fff
    telemetry.sdk.name: opentelemetry
    telemetry.sdk.language: dotnet
    telemetry.sdk.version: 1.8.1
[06:44:58 INF] User logged in successfully: 6361b573-7d89-4061-ab9c-5d66e949ef76 {"SourceContext": "App.Features.Authentication.LoginCommandHandler", "ActionId": "29d23c9b-b080-4562-8ce5-f427e319309f", "ActionName": "Api.Controllers.AuthController.Login (Api)", "RequestId": "0HNFGVQB4PDPI", "RequestPath": "/api/auth/login", "Application": "Crud.Api"}
Activity.TraceId:            4f752e78f25453f17244b0f425a4f85d
Activity.SpanId:             bba057036a5ca8aa
Activity.TraceFlags:         Recorded
Activity.ActivitySourceName: Microsoft.AspNetCore
Activity.DisplayName:        POST api/Auth/login
Activity.Kind:               Server
Activity.StartTime:          2025-09-11T06:44:58.3020355Z
Activity.Duration:           00:00:00.3001913
Activity.Tags:
    server.address: localhost
    http.request.method: POST
    url.scheme: http
    url.path: /api/auth/login
    network.protocol.version: 1.1
    http.route: api/Auth/login
    http.response.status_code: 200
Resource associated with Activity:
    deployment.environment: Testing
    service.name: Crud.Api
    service.version: 1.0.0
    service.instance.id: bb25e7a8-9ced-49c8-9e52-fd74b67e7fff
    telemetry.sdk.name: opentelemetry
    telemetry.sdk.language: dotnet
    telemetry.sdk.version: 1.8.1
[06:44:58 INF] Resetting database for worker 14094 {"SourceContext": "Infrastructure.Services.DatabaseTestService", "Application": "Crud.Api"}
[06:44:58 INF] Resetting database via file deletion for worker 14094 in CI environment {"SourceContext": "Infrastructure.Services.DatabaseTestService", "Application": "Crud.Api"}
[06:44:58 INF] Acquiring database mutex for worker 14094... {"SourceContext": "Infrastructure.Services.DatabaseTestService", "Application": "Crud.Api"}
[06:44:58 INF] Database mutex acquired for worker 14094 {"SourceContext": "Infrastructure.Services.DatabaseTestService", "Application": "Crud.Api"}
[06:44:58 INF] Current database state - CanConnect: True {"SourceContext": "Infrastructure.Services.DatabaseTestService", "Application": "Crud.Api"}
[06:44:58 INF] [Phase 0] Closing database connection for worker 14094... {"SourceContext": "Infrastructure.Services.DatabaseTestService", "Application": "Crud.Api"}
[06:44:58 INF] [Phase 0] Connection closed in 0.0007ms {"SourceContext": "Infrastructure.Services.DatabaseTestService", "Application": "Crud.Api"}
[06:44:58 INF] [Phase 1] Starting EnsureDeletedAsync for worker 14094... {"SourceContext": "Infrastructure.Services.DatabaseTestService", "Application": "Crud.Api"}
[06:44:58 INF] [Phase 1] EnsureDeletedAsync completed in 1.2228ms {"SourceContext": "Infrastructure.Services.DatabaseTestService", "Application": "Crud.Api"}
[06:44:58 INF] [Phase 2] Starting EnsureCreatedAsync for worker 14094... {"SourceContext": "Infrastructure.Services.DatabaseTestService", "Application": "Crud.Api"}
[06:44:58 INF] [Phase 2] EnsureCreatedAsync completed in 7.9136ms {"SourceContext": "Infrastructure.Services.DatabaseTestService", "Application": "Crud.Api"}
[06:44:58 INF] [Phase 3] Skipping database seeding as requested for worker 14094 {"SourceContext": "Infrastructure.Services.DatabaseTestService", "Application": "Crud.Api"}
[06:44:58 INF] Database reset via file deletion completed for worker 14094 in 109.3785ms (Close: 0.0007ms, Delete: 1.2228ms, Create: 7.9136ms) {"SourceContext": "Infrastructure.Services.DatabaseTestService", "Application": "Crud.Api"}
[06:44:58 INF] Releasing database mutex for worker 14094 {"SourceContext": "Infrastructure.Services.DatabaseTestService", "Application": "Crud.Api"}
[06:44:58 INF] Resetting database for worker 14094 {"SourceContext": "Infrastructure.Services.DatabaseTestService", "Application": "Crud.Api"}
[06:44:58 INF] Resetting database via file deletion for worker 14094 in CI environment {"SourceContext": "Infrastructure.Services.DatabaseTestService", "Application": "Crud.Api"}
[06:44:58 INF] Acquiring database mutex for worker 14094... {"SourceContext": "Infrastructure.Services.DatabaseTestService", "Application": "Crud.Api"}
[06:44:58 INF] Database mutex acquired for worker 14094 {"SourceContext": "Infrastructure.Services.DatabaseTestService", "Application": "Crud.Api"}
[06:44:58 INF] Current database state - CanConnect: True {"SourceContext": "Infrastructure.Services.DatabaseTestService", "Application": "Crud.Api"}
[06:44:58 INF] [Phase 0] Closing database connection for worker 14094... {"SourceContext": "Infrastructure.Services.DatabaseTestService", "Application": "Crud.Api"}
[06:44:58 INF] [Phase 0] Connection closed in 0.0006ms {"SourceContext": "Infrastructure.Services.DatabaseTestService", "Application": "Crud.Api"}
[06:44:58 INF] [Phase 1] Starting EnsureDeletedAsync for worker 14094... {"SourceContext": "Infrastructure.Services.DatabaseTestService", "Application": "Crud.Api"}
[06:44:58 INF] [Phase 1] EnsureDeletedAsync completed in 1.1449ms {"SourceContext": "Infrastructure.Services.DatabaseTestService", "Application": "Crud.Api"}
[06:44:58 INF] [Phase 2] Starting EnsureCreatedAsync for worker 14094... {"SourceContext": "Infrastructure.Services.DatabaseTestService", "Application": "Crud.Api"}
[06:44:58 INF] [Phase 2] EnsureCreatedAsync completed in 7.2157ms {"SourceContext": "Infrastructure.Services.DatabaseTestService", "Application": "Crud.Api"}
[06:44:58 INF] [Phase 3] Skipping database seeding as requested for worker 14094 {"SourceContext": "Infrastructure.Services.DatabaseTestService", "Application": "Crud.Api"}
[06:44:58 INF] Database reset via file deletion completed for worker 14094 in 108.757ms (Close: 0.0006ms, Delete: 1.1449ms, Create: 7.2157ms) {"SourceContext": "Infrastructure.Services.DatabaseTestService", "Application": "Crud.Api"}
[06:44:58 INF] Releasing database mutex for worker 14094 {"SourceContext": "Infrastructure.Services.DatabaseTestService", "Application": "Crud.Api"}
[06:44:59 INF] User registered successfully: 5241edf8-2646-4463-b71b-2a9d393f05a3 {"SourceContext": "App.Features.Authentication.RegisterUserCommandHandler", "ActionId": "35a376e2-d0cf-49e9-9764-de5dfd8a74db", "ActionName": "Api.Controllers.AuthController.Register (Api)", "RequestId": "0HNFGVQB4PDPJ", "RequestPath": "/api/auth/register", "Application": "Crud.Api"}
Activity.TraceId:            5a1a848c6b498d7772ad4d813be463db
Activity.SpanId:             57f7317dc054ebfd
Activity.TraceFlags:         Recorded
Activity.ActivitySourceName: Microsoft.AspNetCore
Activity.DisplayName:        POST api/Auth/register
Activity.Kind:               Server
Activity.StartTime:          2025-09-11T06:44:58.8242497Z
Activity.Duration:           00:00:00.2985463
Activity.Tags:
    server.address: localhost
    http.request.method: POST
    url.scheme: http
    url.path: /api/auth/register
    network.protocol.version: 1.1
    http.route: api/Auth/register
    http.response.status_code: 200
Resource associated with Activity:
    deployment.environment: Testing
    service.name: Crud.Api
    service.version: 1.0.0
    service.instance.id: bb25e7a8-9ced-49c8-9e52-fd74b67e7fff
    telemetry.sdk.name: opentelemetry
    telemetry.sdk.language: dotnet
    telemetry.sdk.version: 1.8.1
[06:44:59 INF] User logged in successfully: 5241edf8-2646-4463-b71b-2a9d393f05a3 {"SourceContext": "App.Features.Authentication.LoginCommandHandler", "ActionId": "29d23c9b-b080-4562-8ce5-f427e319309f", "ActionName": "Api.Controllers.AuthController.Login (Api)", "RequestId": "0HNFGVQB4PDPK", "RequestPath": "/api/auth/login", "Application": "Crud.Api"}
Activity.TraceId:            c04ca0a63e9391487b1ea85f9f957e80
Activity.SpanId:             ef6bf28d33418025
Activity.TraceFlags:         Recorded
Activity.ActivitySourceName: Microsoft.AspNetCore
Activity.DisplayName:        POST api/Auth/login
Activity.Kind:               Server
Activity.StartTime:          2025-09-11T06:44:59.1234288Z
Activity.Duration:           00:00:00.3002275
Activity.Tags:
    server.address: localhost
    http.request.method: POST
    url.scheme: http
    url.path: /api/auth/login
    network.protocol.version: 1.1
    http.route: api/Auth/login
    http.response.status_code: 200
Resource associated with Activity:
    deployment.environment: Testing
    service.name: Crud.Api
    service.version: 1.0.0
    service.instance.id: bb25e7a8-9ced-49c8-9e52-fd74b67e7fff
    telemetry.sdk.name: opentelemetry
    telemetry.sdk.language: dotnet
    telemetry.sdk.version: 1.8.1
[06:44:59 INF] User logged out successfully: 5241edf8-2646-4463-b71b-2a9d393f05a3 {"SourceContext": "App.Features.Authentication.LogoutCommandHandler", "ActionId": "9ab8515e-ab3d-4ebf-9109-1c89daa26dd4", "ActionName": "Api.Controllers.AuthController.Logout (Api)", "RequestId": "0HNFGVQB4PDPL", "RequestPath": "/api/auth/logout", "Application": "Crud.Api"}
Activity.TraceId:            7ea29c3bfe2b84cdc83d83cb52ef22ac
Activity.SpanId:             7cd03ac316a57d60
Activity.TraceFlags:         Recorded
Activity.ActivitySourceName: Microsoft.AspNetCore
Activity.DisplayName:        POST api/Auth/logout
Activity.Kind:               Server
Activity.StartTime:          2025-09-11T06:44:59.4238259Z
Activity.Duration:           00:00:00.0066663
Activity.Tags:
    server.address: localhost
    http.request.method: POST
    url.scheme: http
    url.path: /api/auth/logout
    network.protocol.version: 1.1
    http.route: api/Auth/logout
    http.response.status_code: 200
Resource associated with Activity:
    deployment.environment: Testing
    service.name: Crud.Api
    service.version: 1.0.0
    service.instance.id: bb25e7a8-9ced-49c8-9e52-fd74b67e7fff
    telemetry.sdk.name: opentelemetry
    telemetry.sdk.language: dotnet
    telemetry.sdk.version: 1.8.1
[06:44:59 WRN] Refresh token attempt with invalid token {"SourceContext": "App.Features.Authentication.RefreshTokenCommandHandler", "ActionId": "dc93a51a-e2bc-499d-94f8-a6cf4275c70b", "ActionName": "Api.Controllers.AuthController.Refresh (Api)", "RequestId": "0HNFGVQB4PDPM", "RequestPath": "/api/auth/refresh", "Application": "Crud.Api"}
Activity.TraceId:            41d0a30fe41eab5dba39e0ee2fcc8a51
Activity.SpanId:             12173340f40deadd
Activity.TraceFlags:         Recorded
Activity.ActivitySourceName: Microsoft.AspNetCore
Activity.DisplayName:        POST api/Auth/refresh
Activity.Kind:               Server
Activity.StartTime:          2025-09-11T06:44:59.4307472Z
Activity.Duration:           00:00:00.0009901
Activity.Tags:
    server.address: localhost
    http.request.method: POST
    url.scheme: http
    url.path: /api/auth/refresh
    network.protocol.version: 1.1
    http.route: api/Auth/refresh
    http.response.status_code: 401
Resource associated with Activity:
    deployment.environment: Testing
    service.name: Crud.Api
    service.version: 1.0.0
    service.instance.id: bb25e7a8-9ced-49c8-9e52-fd74b67e7fff
    telemetry.sdk.name: opentelemetry
    telemetry.sdk.language: dotnet
    telemetry.sdk.version: 1.8.1
[06:44:59 INF] Resetting database for worker 14094 {"SourceContext": "Infrastructure.Services.DatabaseTestService", "Application": "Crud.Api"}
[06:44:59 INF] Resetting database via file deletion for worker 14094 in CI environment {"SourceContext": "Infrastructure.Services.DatabaseTestService", "Application": "Crud.Api"}
[06:44:59 INF] Acquiring database mutex for worker 14094... {"SourceContext": "Infrastructure.Services.DatabaseTestService", "Application": "Crud.Api"}
[06:44:59 INF] Database mutex acquired for worker 14094 {"SourceContext": "Infrastructure.Services.DatabaseTestService", "Application": "Crud.Api"}
[06:44:59 INF] Current database state - CanConnect: True {"SourceContext": "Infrastructure.Services.DatabaseTestService", "Application": "Crud.Api"}
[06:44:59 INF] [Phase 0] Closing database connection for worker 14094... {"SourceContext": "Infrastructure.Services.DatabaseTestService", "Application": "Crud.Api"}
[06:44:59 INF] [Phase 0] Connection closed in 0.0006ms {"SourceContext": "Infrastructure.Services.DatabaseTestService", "Application": "Crud.Api"}
[06:44:59 INF] [Phase 1] Starting EnsureDeletedAsync for worker 14094... {"SourceContext": "Infrastructure.Services.DatabaseTestService", "Application": "Crud.Api"}
[06:44:59 INF] [Phase 1] EnsureDeletedAsync completed in 1.3499ms {"SourceContext": "Infrastructure.Services.DatabaseTestService", "Application": "Crud.Api"}
[06:44:59 INF] [Phase 2] Starting EnsureCreatedAsync for worker 14094... {"SourceContext": "Infrastructure.Services.DatabaseTestService", "Application": "Crud.Api"}
[06:44:59 INF] [Phase 2] EnsureCreatedAsync completed in 8.2207ms {"SourceContext": "Infrastructure.Services.DatabaseTestService", "Application": "Crud.Api"}
[06:44:59 INF] [Phase 3] Skipping database seeding as requested for worker 14094 {"SourceContext": "Infrastructure.Services.DatabaseTestService", "Application": "Crud.Api"}
[06:44:59 INF] Database reset via file deletion completed for worker 14094 in 109.6536ms (Close: 0.0006ms, Delete: 1.3499ms, Create: 8.2207ms) {"SourceContext": "Infrastructure.Services.DatabaseTestService", "Application": "Crud.Api"}
[06:44:59 INF] Releasing database mutex for worker 14094 {"SourceContext": "Infrastructure.Services.DatabaseTestService", "Application": "Crud.Api"}
[06:44:59 INF] Resetting database for worker 14094 {"SourceContext": "Infrastructure.Services.DatabaseTestService", "Application": "Crud.Api"}
[06:44:59 INF] Resetting database via file deletion for worker 14094 in CI environment {"SourceContext": "Infrastructure.Services.DatabaseTestService", "Application": "Crud.Api"}
[06:44:59 INF] Acquiring database mutex for worker 14094... {"SourceContext": "Infrastructure.Services.DatabaseTestService", "Application": "Crud.Api"}
[06:44:59 INF] Database mutex acquired for worker 14094 {"SourceContext": "Infrastructure.Services.DatabaseTestService", "Application": "Crud.Api"}
[06:44:59 INF] Current database state - CanConnect: True {"SourceContext": "Infrastructure.Services.DatabaseTestService", "Application": "Crud.Api"}
[06:44:59 INF] [Phase 0] Closing database connection for worker 14094... {"SourceContext": "Infrastructure.Services.DatabaseTestService", "Application": "Crud.Api"}
[06:44:59 INF] [Phase 0] Connection closed in 0.0006ms {"SourceContext": "Infrastructure.Services.DatabaseTestService", "Application": "Crud.Api"}
[06:44:59 INF] [Phase 1] Starting EnsureDeletedAsync for worker 14094... {"SourceContext": "Infrastructure.Services.DatabaseTestService", "Application": "Crud.Api"}
[06:44:59 INF] [Phase 1] EnsureDeletedAsync completed in 1.2832ms {"SourceContext": "Infrastructure.Services.DatabaseTestService", "Application": "Crud.Api"}
[06:44:59 INF] [Phase 2] Starting EnsureCreatedAsync for worker 14094... {"SourceContext": "Infrastructure.Services.DatabaseTestService", "Application": "Crud.Api"}
[06:44:59 INF] [Phase 2] EnsureCreatedAsync completed in 7.3989ms {"SourceContext": "Infrastructure.Services.DatabaseTestService", "Application": "Crud.Api"}
[06:44:59 INF] [Phase 3] Skipping database seeding as requested for worker 14094 {"SourceContext": "Infrastructure.Services.DatabaseTestService", "Application": "Crud.Api"}
[06:44:59 INF] Database reset via file deletion completed for worker 14094 in 109.1066ms (Close: 0.0006ms, Delete: 1.2832ms, Create: 7.3989ms) {"SourceContext": "Infrastructure.Services.DatabaseTestService", "Application": "Crud.Api"}
[06:44:59 INF] Releasing database mutex for worker 14094 {"SourceContext": "Infrastructure.Services.DatabaseTestService", "Application": "Crud.Api"}
[06:44:59 INF] User registered successfully: f474deaa-3247-4aa1-ad7a-f9fa3f1a69b4 {"SourceContext": "App.Features.Authentication.RegisterUserCommandHandler", "ActionId": "35a376e2-d0cf-49e9-9764-de5dfd8a74db", "ActionName": "Api.Controllers.AuthController.Register (Api)", "RequestId": "0HNFGVQB4PDPN", "RequestPath": "/api/auth/register", "Application": "Crud.Api"}
Activity.TraceId:            bb8da58395ed6b0ab3fa1941424076c6
Activity.SpanId:             80c1317673c3f4e4
Activity.TraceFlags:         Recorded
Activity.ActivitySourceName: Microsoft.AspNetCore
Activity.DisplayName:        POST api/Auth/register
Activity.Kind:               Server
Activity.StartTime:          2025-09-11T06:44:59.6542973Z
Activity.Duration:           00:00:00.2985682
Activity.Tags:
    server.address: localhost
    http.request.method: POST
    url.scheme: http
    url.path: /api/auth/register
    network.protocol.version: 1.1
    http.route: api/Auth/register
    http.response.status_code: 200
Resource associated with Activity:
    deployment.environment: Testing
    service.name: Crud.Api
    service.version: 1.0.0
    service.instance.id: bb25e7a8-9ced-49c8-9e52-fd74b67e7fff
    telemetry.sdk.name: opentelemetry
    telemetry.sdk.language: dotnet
    telemetry.sdk.version: 1.8.1
[06:45:00 INF] User logged in successfully: f474deaa-3247-4aa1-ad7a-f9fa3f1a69b4 {"SourceContext": "App.Features.Authentication.LoginCommandHandler", "ActionId": "29d23c9b-b080-4562-8ce5-f427e319309f", "ActionName": "Api.Controllers.AuthController.Login (Api)", "RequestId": "0HNFGVQB4PDPO", "RequestPath": "/api/auth/login", "Application": "Crud.Api"}
Activity.TraceId:            43ab5319d3275f1aa18e5caf7a41ec9b
Activity.SpanId:             e9dd2d939b71dd81
Activity.TraceFlags:         Recorded
Activity.ActivitySourceName: Microsoft.AspNetCore
Activity.DisplayName:        POST api/Auth/login
Activity.Kind:               Server
Activity.StartTime:          2025-09-11T06:44:59.9535359Z
Activity.Duration:           00:00:00.2998747
Activity.Tags:
    server.address: localhost
    http.request.method: POST
    url.scheme: http
    url.path: /api/auth/login
    network.protocol.version: 1.1
    http.route: api/Auth/login
    http.response.status_code: 200
Resource associated with Activity:
    deployment.environment: Testing
    service.name: Crud.Api
    service.version: 1.0.0
    service.instance.id: bb25e7a8-9ced-49c8-9e52-fd74b67e7fff
    telemetry.sdk.name: opentelemetry
    telemetry.sdk.language: dotnet
    telemetry.sdk.version: 1.8.1
Activity.TraceId:            75a24a6d36f83cf1e1448bb1e58c6585
Activity.SpanId:             4a053fc9c7ad7ac4
Activity.TraceFlags:         Recorded
Activity.ActivitySourceName: Microsoft.AspNetCore
Activity.DisplayName:        GET api/Auth/me
Activity.Kind:               Server
Activity.StartTime:          2025-09-11T06:45:00.2536236Z
Activity.Duration:           00:00:00.0022648
Activity.Tags:
    server.address: localhost
    http.request.method: GET
    url.scheme: http
    url.path: /api/auth/me
    network.protocol.version: 1.1
    http.route: api/Auth/me
    http.response.status_code: 200
Resource associated with Activity:
    deployment.environment: Testing
    service.name: Crud.Api
    service.version: 1.0.0
    service.instance.id: bb25e7a8-9ced-49c8-9e52-fd74b67e7fff
    telemetry.sdk.name: opentelemetry
    telemetry.sdk.language: dotnet
    telemetry.sdk.version: 1.8.1
[06:45:00 INF] Resetting database for worker 14094 {"SourceContext": "Infrastructure.Services.DatabaseTestService", "Application": "Crud.Api"}
[06:45:00 INF] Resetting database via file deletion for worker 14094 in CI environment {"SourceContext": "Infrastructure.Services.DatabaseTestService", "Application": "Crud.Api"}
[06:45:00 INF] Acquiring database mutex for worker 14094... {"SourceContext": "Infrastructure.Services.DatabaseTestService", "Application": "Crud.Api"}
[06:45:00 INF] Database mutex acquired for worker 14094 {"SourceContext": "Infrastructure.Services.DatabaseTestService", "Application": "Crud.Api"}
[06:45:00 INF] Current database state - CanConnect: True {"SourceContext": "Infrastructure.Services.DatabaseTestService", "Application": "Crud.Api"}
[06:45:00 INF] [Phase 0] Closing database connection for worker 14094... {"SourceContext": "Infrastructure.Services.DatabaseTestService", "Application": "Crud.Api"}
[06:45:00 INF] [Phase 0] Connection closed in 0.0008ms {"SourceContext": "Infrastructure.Services.DatabaseTestService", "Application": "Crud.Api"}
[06:45:00 INF] [Phase 1] Starting EnsureDeletedAsync for worker 14094... {"SourceContext": "Infrastructure.Services.DatabaseTestService", "Application": "Crud.Api"}
[06:45:00 INF] [Phase 1] EnsureDeletedAsync completed in 1.2944ms {"SourceContext": "Infrastructure.Services.DatabaseTestService", "Application": "Crud.Api"}
[06:45:00 INF] [Phase 2] Starting EnsureCreatedAsync for worker 14094... {"SourceContext": "Infrastructure.Services.DatabaseTestService", "Application": "Crud.Api"}
[06:45:00 INF] [Phase 2] EnsureCreatedAsync completed in 8.1618ms {"SourceContext": "Infrastructure.Services.DatabaseTestService", "Application": "Crud.Api"}
[06:45:00 INF] [Phase 3] Skipping database seeding as requested for worker 14094 {"SourceContext": "Infrastructure.Services.DatabaseTestService", "Application": "Crud.Api"}
[06:45:00 INF] Database reset via file deletion completed for worker 14094 in 108.9641ms (Close: 0.0008ms, Delete: 1.2944ms, Create: 8.1618ms) {"SourceContext": "Infrastructure.Services.DatabaseTestService", "Application": "Crud.Api"}
[06:45:00 INF] Releasing database mutex for worker 14094 {"SourceContext": "Infrastructure.Services.DatabaseTestService", "Application": "Crud.Api"}
[06:45:00 INF] Resetting database for worker 14094 {"SourceContext": "Infrastructure.Services.DatabaseTestService", "Application": "Crud.Api"}
[06:45:00 INF] Resetting database via file deletion for worker 14094 in CI environment {"SourceContext": "Infrastructure.Services.DatabaseTestService", "Application": "Crud.Api"}
[06:45:00 INF] Acquiring database mutex for worker 14094... {"SourceContext": "Infrastructure.Services.DatabaseTestService", "Application": "Crud.Api"}
[06:45:00 INF] Database mutex acquired for worker 14094 {"SourceContext": "Infrastructure.Services.DatabaseTestService", "Application": "Crud.Api"}
[06:45:00 INF] Current database state - CanConnect: True {"SourceContext": "Infrastructure.Services.DatabaseTestService", "Application": "Crud.Api"}
[06:45:00 INF] [Phase 0] Closing database connection for worker 14094... {"SourceContext": "Infrastructure.Services.DatabaseTestService", "Application": "Crud.Api"}
[06:45:00 INF] [Phase 0] Connection closed in 0.0006ms {"SourceContext": "Infrastructure.Services.DatabaseTestService", "Application": "Crud.Api"}
[06:45:00 INF] [Phase 1] Starting EnsureDeletedAsync for worker 14094... {"SourceContext": "Infrastructure.Services.DatabaseTestService", "Application": "Crud.Api"}
[06:45:00 INF] [Phase 1] EnsureDeletedAsync completed in 1.0932ms {"SourceContext": "Infrastructure.Services.DatabaseTestService", "Application": "Crud.Api"}
[06:45:00 INF] [Phase 2] Starting EnsureCreatedAsync for worker 14094... {"SourceContext": "Infrastructure.Services.DatabaseTestService", "Application": "Crud.Api"}
[06:45:00 INF] [Phase 2] EnsureCreatedAsync completed in 10.0001ms {"SourceContext": "Infrastructure.Services.DatabaseTestService", "Application": "Crud.Api"}
[06:45:00 INF] [Phase 3] Skipping database seeding as requested for worker 14094 {"SourceContext": "Infrastructure.Services.DatabaseTestService", "Application": "Crud.Api"}
[06:45:00 INF] Database reset via file deletion completed for worker 14094 in 110.4595ms (Close: 0.0006ms, Delete: 1.0932ms, Create: 10.0001ms) {"SourceContext": "Infrastructure.Services.DatabaseTestService", "Application": "Crud.Api"}
[06:45:00 INF] Releasing database mutex for worker 14094 {"SourceContext": "Infrastructure.Services.DatabaseTestService", "Application": "Crud.Api"}
[06:45:00 WRN] Refresh token attempt with invalid token {"SourceContext": "App.Features.Authentication.RefreshTokenCommandHandler", "ActionId": "dc93a51a-e2bc-499d-94f8-a6cf4275c70b", "ActionName": "Api.Controllers.AuthController.Refresh (Api)", "RequestId": "0HNFGVQB4PDPQ", "RequestPath": "/api/auth/refresh", "Application": "Crud.Api"}
Activity.TraceId:            aeb930d82f28a6a83cb988373ba5d196
Activity.SpanId:             9c274d7b4c57d916
Activity.TraceFlags:         Recorded
Activity.ActivitySourceName: Microsoft.AspNetCore
Activity.DisplayName:        POST api/Auth/refresh
Activity.Kind:               Server
Activity.StartTime:          2025-09-11T06:45:00.4789486Z
Activity.Duration:           00:00:00.0025755
Activity.Tags:
    server.address: localhost
    http.request.method: POST
    url.scheme: http
    url.path: /api/auth/refresh
    network.protocol.version: 1.1
    http.route: api/Auth/refresh
    http.response.status_code: 401
Resource associated with Activity:
    deployment.environment: Testing
    service.name: Crud.Api
    service.version: 1.0.0
    service.instance.id: bb25e7a8-9ced-49c8-9e52-fd74b67e7fff
    telemetry.sdk.name: opentelemetry
    telemetry.sdk.language: dotnet
    telemetry.sdk.version: 1.8.1
[06:45:00 INF] Resetting database for worker 14094 {"SourceContext": "Infrastructure.Services.DatabaseTestService", "Application": "Crud.Api"}
[06:45:00 INF] Resetting database via file deletion for worker 14094 in CI environment {"SourceContext": "Infrastructure.Services.DatabaseTestService", "Application": "Crud.Api"}
[06:45:00 INF] Acquiring database mutex for worker 14094... {"SourceContext": "Infrastructure.Services.DatabaseTestService", "Application": "Crud.Api"}
[06:45:00 INF] Database mutex acquired for worker 14094 {"SourceContext": "Infrastructure.Services.DatabaseTestService", "Application": "Crud.Api"}
[06:45:00 INF] Current database state - CanConnect: True {"SourceContext": "Infrastructure.Services.DatabaseTestService", "Application": "Crud.Api"}
[06:45:00 INF] [Phase 0] Closing database connection for worker 14094... {"SourceContext": "Infrastructure.Services.DatabaseTestService", "Application": "Crud.Api"}
[06:45:00 INF] [Phase 0] Connection closed in 0.0006ms {"SourceContext": "Infrastructure.Services.DatabaseTestService", "Application": "Crud.Api"}
[06:45:00 INF] [Phase 1] Starting EnsureDeletedAsync for worker 14094... {"SourceContext": "Infrastructure.Services.DatabaseTestService", "Application": "Crud.Api"}
[06:45:00 INF] [Phase 1] EnsureDeletedAsync completed in 1.989ms {"SourceContext": "Infrastructure.Services.DatabaseTestService", "Application": "Crud.Api"}
[06:45:00 INF] [Phase 2] Starting EnsureCreatedAsync for worker 14094... {"SourceContext": "Infrastructure.Services.DatabaseTestService", "Application": "Crud.Api"}
[06:45:00 INF] [Phase 2] EnsureCreatedAsync completed in 7.8795ms {"SourceContext": "Infrastructure.Services.DatabaseTestService", "Application": "Crud.Api"}
[06:45:00 INF] [Phase 3] Skipping database seeding as requested for worker 14094 {"SourceContext": "Infrastructure.Services.DatabaseTestService", "Application": "Crud.Api"}
[06:45:00 INF] Database reset via file deletion completed for worker 14094 in 110.5724ms (Close: 0.0006ms, Delete: 1.989ms, Create: 7.8795ms) {"SourceContext": "Infrastructure.Services.DatabaseTestService", "Application": "Crud.Api"}
[06:45:00 INF] Releasing database mutex for worker 14094 {"SourceContext": "Infrastructure.Services.DatabaseTestService", "Application": "Crud.Api"}
[06:45:00 INF] Resetting database for worker 14094 {"SourceContext": "Infrastructure.Services.DatabaseTestService", "Application": "Crud.Api"}
[06:45:00 INF] Resetting database via file deletion for worker 14094 in CI environment {"SourceContext": "Infrastructure.Services.DatabaseTestService", "Application": "Crud.Api"}
[06:45:00 INF] Acquiring database mutex for worker 14094... {"SourceContext": "Infrastructure.Services.DatabaseTestService", "Application": "Crud.Api"}
[06:45:00 INF] Database mutex acquired for worker 14094 {"SourceContext": "Infrastructure.Services.DatabaseTestService", "Application": "Crud.Api"}
[06:45:00 INF] Current database state - CanConnect: True {"SourceContext": "Infrastructure.Services.DatabaseTestService", "Application": "Crud.Api"}
[06:45:00 INF] [Phase 0] Closing database connection for worker 14094... {"SourceContext": "Infrastructure.Services.DatabaseTestService", "Application": "Crud.Api"}
[06:45:00 INF] [Phase 0] Connection closed in 0.0005ms {"SourceContext": "Infrastructure.Services.DatabaseTestService", "Application": "Crud.Api"}
[06:45:00 INF] [Phase 1] Starting EnsureDeletedAsync for worker 14094... {"SourceContext": "Infrastructure.Services.DatabaseTestService", "Application": "Crud.Api"}
[06:45:00 INF] [Phase 1] EnsureDeletedAsync completed in 1.3218ms {"SourceContext": "Infrastructure.Services.DatabaseTestService", "Application": "Crud.Api"}
[06:45:00 INF] [Phase 2] Starting EnsureCreatedAsync for worker 14094... {"SourceContext": "Infrastructure.Services.DatabaseTestService", "Application": "Crud.Api"}
[06:45:00 INF] [Phase 2] EnsureCreatedAsync completed in 7.2932ms {"SourceContext": "Infrastructure.Services.DatabaseTestService", "Application": "Crud.Api"}
[06:45:00 INF] [Phase 3] Skipping database seeding as requested for worker 14094 {"SourceContext": "Infrastructure.Services.DatabaseTestService", "Application": "Crud.Api"}
[06:45:00 INF] Database reset via file deletion completed for worker 14094 in 108.8569ms (Close: 0.0005ms, Delete: 1.3218ms, Create: 7.2932ms) {"SourceContext": "Infrastructure.Services.DatabaseTestService", "Application": "Crud.Api"}
[06:45:00 INF] Releasing database mutex for worker 14094 {"SourceContext": "Infrastructure.Services.DatabaseTestService", "Application": "Crud.Api"}
[06:45:01 INF] User registered successfully: 4cc98b5c-4ca3-4e2a-9c46-f74820257244 {"SourceContext": "App.Features.Authentication.RegisterUserCommandHandler", "ActionId": "35a376e2-d0cf-49e9-9764-de5dfd8a74db", "ActionName": "Api.Controllers.AuthController.Register (Api)", "RequestId": "0HNFGVQB4PDPR", "RequestPath": "/api/auth/register", "Application": "Crud.Api"}
Activity.TraceId:            7e0508e8264ce49b9ae4dd6f33664f3a
Activity.SpanId:             3faa4178cfbcc104
Activity.TraceFlags:         Recorded
Activity.ActivitySourceName: Microsoft.AspNetCore
Activity.DisplayName:        POST api/Auth/register
Activity.Kind:               Server
Activity.StartTime:          2025-09-11T06:45:00.7050155Z
Activity.Duration:           00:00:00.2999338
Activity.Tags:
    server.address: localhost
    http.request.method: POST
    url.scheme: http
    url.path: /api/auth/register
    network.protocol.version: 1.1
    http.route: api/Auth/register
    http.response.status_code: 200
Resource associated with Activity:
    deployment.environment: Testing
    service.name: Crud.Api
    service.version: 1.0.0
    service.instance.id: bb25e7a8-9ced-49c8-9e52-fd74b67e7fff
    telemetry.sdk.name: opentelemetry
    telemetry.sdk.language: dotnet
    telemetry.sdk.version: 1.8.1
[06:45:01 INF] Resetting database for worker 14094 {"SourceContext": "Infrastructure.Services.DatabaseTestService", "Application": "Crud.Api"}
[06:45:01 INF] Resetting database via file deletion for worker 14094 in CI environment {"SourceContext": "Infrastructure.Services.DatabaseTestService", "Application": "Crud.Api"}
[06:45:01 INF] Acquiring database mutex for worker 14094... {"SourceContext": "Infrastructure.Services.DatabaseTestService", "Application": "Crud.Api"}
[06:45:01 INF] Database mutex acquired for worker 14094 {"SourceContext": "Infrastructure.Services.DatabaseTestService", "Application": "Crud.Api"}
[06:45:01 INF] Current database state - CanConnect: True {"SourceContext": "Infrastructure.Services.DatabaseTestService", "Application": "Crud.Api"}
[06:45:01 INF] [Phase 0] Closing database connection for worker 14094... {"SourceContext": "Infrastructure.Services.DatabaseTestService", "Application": "Crud.Api"}
[06:45:01 INF] [Phase 0] Connection closed in 0.0005ms {"SourceContext": "Infrastructure.Services.DatabaseTestService", "Application": "Crud.Api"}
[06:45:01 INF] [Phase 1] Starting EnsureDeletedAsync for worker 14094... {"SourceContext": "Infrastructure.Services.DatabaseTestService", "Application": "Crud.Api"}
[06:45:01 INF] [Phase 1] EnsureDeletedAsync completed in 1.2597ms {"SourceContext": "Infrastructure.Services.DatabaseTestService", "Application": "Crud.Api"}
[06:45:01 INF] [Phase 2] Starting EnsureCreatedAsync for worker 14094... {"SourceContext": "Infrastructure.Services.DatabaseTestService", "Application": "Crud.Api"}
[06:45:01 INF] [Phase 2] EnsureCreatedAsync completed in 8.0264ms {"SourceContext": "Infrastructure.Services.DatabaseTestService", "Application": "Crud.Api"}
[06:45:01 INF] [Phase 3] Skipping database seeding as requested for worker 14094 {"SourceContext": "Infrastructure.Services.DatabaseTestService", "Application": "Crud.Api"}
[06:45:01 INF] Database reset via file deletion completed for worker 14094 in 110.0159ms (Close: 0.0005ms, Delete: 1.2597ms, Create: 8.0264ms) {"SourceContext": "Infrastructure.Services.DatabaseTestService", "Application": "Crud.Api"}
[06:45:01 INF] Releasing database mutex for worker 14094 {"SourceContext": "Infrastructure.Services.DatabaseTestService", "Application": "Crud.Api"}
[06:45:01 INF] Resetting database for worker 14094 {"SourceContext": "Infrastructure.Services.DatabaseTestService", "Application": "Crud.Api"}
[06:45:01 INF] Resetting database via file deletion for worker 14094 in CI environment {"SourceContext": "Infrastructure.Services.DatabaseTestService", "Application": "Crud.Api"}
[06:45:01 INF] Acquiring database mutex for worker 14094... {"SourceContext": "Infrastructure.Services.DatabaseTestService", "Application": "Crud.Api"}
[06:45:01 INF] Database mutex acquired for worker 14094 {"SourceContext": "Infrastructure.Services.DatabaseTestService", "Application": "Crud.Api"}
[06:45:01 INF] Current database state - CanConnect: True {"SourceContext": "Infrastructure.Services.DatabaseTestService", "Application": "Crud.Api"}
[06:45:01 INF] [Phase 0] Closing database connection for worker 14094... {"SourceContext": "Infrastructure.Services.DatabaseTestService", "Application": "Crud.Api"}
[06:45:01 INF] [Phase 0] Connection closed in 0.0006ms {"SourceContext": "Infrastructure.Services.DatabaseTestService", "Application": "Crud.Api"}
[06:45:01 INF] [Phase 1] Starting EnsureDeletedAsync for worker 14094... {"SourceContext": "Infrastructure.Services.DatabaseTestService", "Application": "Crud.Api"}
[06:45:01 INF] [Phase 1] EnsureDeletedAsync completed in 1.1937ms {"SourceContext": "Infrastructure.Services.DatabaseTestService", "Application": "Crud.Api"}
[06:45:01 INF] [Phase 2] Starting EnsureCreatedAsync for worker 14094... {"SourceContext": "Infrastructure.Services.DatabaseTestService", "Application": "Crud.Api"}
[06:45:01 INF] [Phase 2] EnsureCreatedAsync completed in 7.5379ms {"SourceContext": "Infrastructure.Services.DatabaseTestService", "Application": "Crud.Api"}
[06:45:01 INF] [Phase 3] Skipping database seeding as requested for worker 14094 {"SourceContext": "Infrastructure.Services.DatabaseTestService", "Application": "Crud.Api"}
[06:45:01 INF] Database reset via file deletion completed for worker 14094 in 108.5094ms (Close: 0.0006ms, Delete: 1.1937ms, Create: 7.5379ms) {"SourceContext": "Infrastructure.Services.DatabaseTestService", "Application": "Crud.Api"}
[06:45:01 INF] Releasing database mutex for worker 14094 {"SourceContext": "Infrastructure.Services.DatabaseTestService", "Application": "Crud.Api"}
Activity.TraceId:            d4220f97586ecab262de72569aed1119
Activity.SpanId:             c43cbe3e050641fd
Activity.TraceFlags:         Recorded
Activity.ActivitySourceName: Microsoft.AspNetCore
Activity.DisplayName:        GET api/Auth/me
Activity.Kind:               Server
Activity.StartTime:          2025-09-11T06:45:01.2283054Z
Activity.Duration:           00:00:00.0010398
Activity.Tags:
    server.address: localhost
    http.request.method: GET
    url.scheme: http
    url.path: /api/auth/me
    network.protocol.version: 1.1
    http.route: api/Auth/me
    http.response.status_code: 401
Resource associated with Activity:
    deployment.environment: Testing
    service.name: Crud.Api
    service.version: 1.0.0
    service.instance.id: bb25e7a8-9ced-49c8-9e52-fd74b67e7fff
    telemetry.sdk.name: opentelemetry
    telemetry.sdk.language: dotnet
    telemetry.sdk.version: 1.8.1
[06:45:01 INF] Resetting database for worker 14094 {"SourceContext": "Infrastructure.Services.DatabaseTestService", "Application": "Crud.Api"}
[06:45:01 INF] Resetting database via file deletion for worker 14094 in CI environment {"SourceContext": "Infrastructure.Services.DatabaseTestService", "Application": "Crud.Api"}
[06:45:01 INF] Acquiring database mutex for worker 14094... {"SourceContext": "Infrastructure.Services.DatabaseTestService", "Application": "Crud.Api"}
[06:45:01 INF] Database mutex acquired for worker 14094 {"SourceContext": "Infrastructure.Services.DatabaseTestService", "Application": "Crud.Api"}
[06:45:01 INF] Current database state - CanConnect: True {"SourceContext": "Infrastructure.Services.DatabaseTestService", "Application": "Crud.Api"}
[06:45:01 INF] [Phase 0] Closing database connection for worker 14094... {"SourceContext": "Infrastructure.Services.DatabaseTestService", "Application": "Crud.Api"}
[06:45:01 INF] [Phase 0] Connection closed in 0.0006ms {"SourceContext": "Infrastructure.Services.DatabaseTestService", "Application": "Crud.Api"}
[06:45:01 INF] [Phase 1] Starting EnsureDeletedAsync for worker 14094... {"SourceContext": "Infrastructure.Services.DatabaseTestService", "Application": "Crud.Api"}
[06:45:01 INF] [Phase 1] EnsureDeletedAsync completed in 1.1103ms {"SourceContext": "Infrastructure.Services.DatabaseTestService", "Application": "Crud.Api"}
[06:45:01 INF] [Phase 2] Starting EnsureCreatedAsync for worker 14094... {"SourceContext": "Infrastructure.Services.DatabaseTestService", "Application": "Crud.Api"}
[06:45:01 INF] [Phase 2] EnsureCreatedAsync completed in 10.1846ms {"SourceContext": "Infrastructure.Services.DatabaseTestService", "Application": "Crud.Api"}
[06:45:01 INF] [Phase 3] Skipping database seeding as requested for worker 14094 {"SourceContext": "Infrastructure.Services.DatabaseTestService", "Application": "Crud.Api"}
[06:45:01 INF] Database reset via file deletion completed for worker 14094 in 111.7221ms (Close: 0.0006ms, Delete: 1.1103ms, Create: 10.1846ms) {"SourceContext": "Infrastructure.Services.DatabaseTestService", "Application": "Crud.Api"}
[06:45:01 INF] Releasing database mutex for worker 14094 {"SourceContext": "Infrastructure.Services.DatabaseTestService", "Application": "Crud.Api"}
[06:45:01 INF] Resetting database for worker 14094 {"SourceContext": "Infrastructure.Services.DatabaseTestService", "Application": "Crud.Api"}
[06:45:01 INF] Resetting database via file deletion for worker 14094 in CI environment {"SourceContext": "Infrastructure.Services.DatabaseTestService", "Application": "Crud.Api"}
[06:45:01 INF] Acquiring database mutex for worker 14094... {"SourceContext": "Infrastructure.Services.DatabaseTestService", "Application": "Crud.Api"}
[06:45:01 INF] Database mutex acquired for worker 14094 {"SourceContext": "Infrastructure.Services.DatabaseTestService", "Application": "Crud.Api"}
[06:45:01 INF] Current database state - CanConnect: True {"SourceContext": "Infrastructure.Services.DatabaseTestService", "Application": "Crud.Api"}
[06:45:01 INF] [Phase 0] Closing database connection for worker 14094... {"SourceContext": "Infrastructure.Services.DatabaseTestService", "Application": "Crud.Api"}
[06:45:01 INF] [Phase 0] Connection closed in 0.0005ms {"SourceContext": "Infrastructure.Services.DatabaseTestService", "Application": "Crud.Api"}
[06:45:01 INF] [Phase 1] Starting EnsureDeletedAsync for worker 14094... {"SourceContext": "Infrastructure.Services.DatabaseTestService", "Application": "Crud.Api"}
[06:45:01 INF] [Phase 1] EnsureDeletedAsync completed in 1.0898ms {"SourceContext": "Infrastructure.Services.DatabaseTestService", "Application": "Crud.Api"}
[06:45:01 INF] [Phase 2] Starting EnsureCreatedAsync for worker 14094... {"SourceContext": "Infrastructure.Services.DatabaseTestService", "Application": "Crud.Api"}
[06:45:01 INF] [Phase 2] EnsureCreatedAsync completed in 8.4929ms {"SourceContext": "Infrastructure.Services.DatabaseTestService", "Application": "Crud.Api"}
[06:45:01 INF] [Phase 3] Skipping database seeding as requested for worker 14094 {"SourceContext": "Infrastructure.Services.DatabaseTestService", "Application": "Crud.Api"}
[06:45:01 INF] Database reset via file deletion completed for worker 14094 in 109.1292ms (Close: 0.0005ms, Delete: 1.0898ms, Create: 8.4929ms) {"SourceContext": "Infrastructure.Services.DatabaseTestService", "Application": "Crud.Api"}
[06:45:01 INF] Releasing database mutex for worker 14094 {"SourceContext": "Infrastructure.Services.DatabaseTestService", "Application": "Crud.Api"}
[06:45:01 ERR] An unhandled exception occurred during request POST /api/auth/login. Request ID: 0HNFGVQB4PDPT, User: Anonymous {"SourceContext": "Api.Middleware.GlobalExceptionHandlingMiddleware", "RequestPath": "/api/auth/login", "Application": "Crud.Api"}
FluentValidation.ValidationException: Validation failed: 
 -- Email: Invalid email format Severity: Error
   at App.Behaviors.ValidationBehavior`2.Handle(TRequest request, RequestHandlerDelegate`1 next, CancellationToken cancellationToken) in /home/runner/work/Crud/Crud/src/App/Behaviors/ValidationBehavior.cs:line 39
   at Api.Controllers.AuthController.Login(LoginCommand command, CancellationToken cancellationToken) in /home/runner/work/Crud/Crud/src/Api/Controllers/AuthController.cs:line 47
   at Microsoft.AspNetCore.Mvc.Infrastructure.ActionMethodExecutor.TaskOfIActionResultExecutor.Execute(ActionContext actionContext, IActionResultTypeMapper mapper, ObjectMethodExecutor executor, Object controller, Object[] arguments)
   at Microsoft.AspNetCore.Mvc.Infrastructure.ControllerActionInvoker.&lt;InvokeActionMethodAsync&gt;g__Logged|12_1(ControllerActionInvoker invoker)
   at Microsoft.AspNetCore.Mvc.Infrastructure.ControllerActionInvoker.&lt;InvokeNextActionFilterAsync&gt;g__Awaited|10_0(ControllerActionInvoker invoker, Task lastTask, State next, Scope scope, Object state, Boolean isCompleted)
   at Microsoft.AspNetCore.Mvc.Infrastructure.ControllerActionInvoker.Rethrow(ActionExecutedContextSealed context)
   at Microsoft.AspNetCore.Mvc.Infrastructure.ControllerActionInvoker.Next(State&amp; next, Scope&amp; scope, Object&amp; state, Boolean&amp; isCompleted)
   at Microsoft.AspNetCore.Mvc.Infrastructure.ControllerActionInvoker.InvokeInnerFilterAsync()
--- End of stack trace from previous location ---
   at Microsoft.AspNetCore.Mvc.Infrastructure.ResourceInvoker.&lt;InvokeFilterPipelineAsync&gt;g__Awaited|20_0(ResourceInvoker invoker, Task lastTask, State next, Scope scope, Object state, Boolean isCompleted)
   at Microsoft.AspNetCore.Mvc.Infrastructure.ResourceInvoker.&lt;InvokeAsync&gt;g__Logged|17_1(ResourceInvoker invoker)
   at Microsoft.AspNetCore.Mvc.Infrastructure.ResourceInvoker.&lt;InvokeAsync&gt;g__Logged|17_1(ResourceInvoker invoker)
   at Api.Middleware.ConditionalRequestMiddleware.InvokeAsync(HttpContext context) in /home/runner/work/Crud/Crud/src/Api/Middleware/ConditionalRequestMiddleware.cs:line 31
   at Microsoft.AspNetCore.Authorization.AuthorizationMiddleware.Invoke(HttpContext context)
   at Microsoft.AspNetCore.Authentication.AuthenticationMiddleware.Invoke(HttpContext context)
   at Microsoft.AspNetCore.RateLimiting.RateLimitingMiddleware.InvokeInternal(HttpContext context, EnableRateLimitingAttribute enableRateLimitingAttribute)
   at Api.Middleware.GlobalExceptionHandlingMiddleware.InvokeAsync(HttpContext context) in /home/runner/work/Crud/Crud/src/Api/Middleware/GlobalExceptionHandlingMiddleware.cs:line 27
Activity.TraceId:            3e334ce988310bf6f33187db31972fb4
Activity.SpanId:             a10481265bf1f028
Activity.TraceFlags:         Recorded
Activity.ActivitySourceName: Microsoft.AspNetCore
Activity.DisplayName:        POST api/Auth/login
Activity.Kind:               Server
Activity.StartTime:          2025-09-11T06:45:01.4540973Z
Activity.Duration:           00:00:00.0017581
Activity.Tags:
    server.address: localhost
    http.request.method: POST
    url.scheme: http
    url.path: /api/auth/login
    network.protocol.version: 1.1
    http.route: api/Auth/login
    http.response.status_code: 400
Resource associated with Activity:
    deployment.environment: Testing
    service.name: Crud.Api
    service.version: 1.0.0
    service.instance.id: bb25e7a8-9ced-49c8-9e52-fd74b67e7fff
    telemetry.sdk.name: opentelemetry
    telemetry.sdk.language: dotnet
    telemetry.sdk.version: 1.8.1
[06:45:01 INF] Resetting database for worker 14094 {"SourceContext": "Infrastructure.Services.DatabaseTestService", "Application": "Crud.Api"}
[06:45:01 INF] Resetting database via file deletion for worker 14094 in CI environment {"SourceContext": "Infrastructure.Services.DatabaseTestService", "Application": "Crud.Api"}
[06:45:01 INF] Acquiring database mutex for worker 14094... {"SourceContext": "Infrastructure.Services.DatabaseTestService", "Application": "Crud.Api"}
[06:45:01 INF] Database mutex acquired for worker 14094 {"SourceContext": "Infrastructure.Services.DatabaseTestService", "Application": "Crud.Api"}
[06:45:01 INF] Current database state - CanConnect: True {"SourceContext": "Infrastructure.Services.DatabaseTestService", "Application": "Crud.Api"}
[06:45:01 INF] [Phase 0] Closing database connection for worker 14094... {"SourceContext": "Infrastructure.Services.DatabaseTestService", "Application": "Crud.Api"}
[06:45:01 INF] [Phase 0] Connection closed in 0.0006ms {"SourceContext": "Infrastructure.Services.DatabaseTestService", "Application": "Crud.Api"}
[06:45:01 INF] [Phase 1] Starting EnsureDeletedAsync for worker 14094... {"SourceContext": "Infrastructure.Services.DatabaseTestService", "Application": "Crud.Api"}
[06:45:01 INF] [Phase 1] EnsureDeletedAsync completed in 1.1271ms {"SourceContext": "Infrastructure.Services.DatabaseTestService", "Application": "Crud.Api"}
[06:45:01 INF] [Phase 2] Starting EnsureCreatedAsync for worker 14094... {"SourceContext": "Infrastructure.Services.DatabaseTestService", "Application": "Crud.Api"}
[06:45:01 INF] [Phase 2] EnsureCreatedAsync completed in 7.9371ms {"SourceContext": "Infrastructure.Services.DatabaseTestService", "Application": "Crud.Api"}
[06:45:01 INF] [Phase 3] Skipping database seeding as requested for worker 14094 {"SourceContext": "Infrastructure.Services.DatabaseTestService", "Application": "Crud.Api"}
[06:45:01 INF] Database reset via file deletion completed for worker 14094 in 108.3756ms (Close: 0.0006ms, Delete: 1.1271ms, Create: 7.9371ms) {"SourceContext": "Infrastructure.Services.DatabaseTestService", "Application": "Crud.Api"}
[06:45:01 INF] Releasing database mutex for worker 14094 {"SourceContext": "Infrastructure.Services.DatabaseTestService", "Application": "Crud.Api"}
Resource associated with Metric:
    deployment.environment: Testing
    service.name: Crud.Api
    service.version: 1.0.0
    service.instance.id: bb25e7a8-9ced-49c8-9e52-fd74b67e7fff
    telemetry.sdk.name: opentelemetry
    telemetry.sdk.language: dotnet
    telemetry.sdk.version: 1.8.1
Metric Name: http.server.active_requests, Number of active HTTP server requests., Unit: {request}, Meter: Microsoft.AspNetCore.Hosting
(2025-09-11T06:44:56.0086097Z, 2025-09-11T06:45:01.5662983Z] http.request.method: POST url.scheme: http LongSumNonMonotonic
Value: 0
(2025-09-11T06:44:56.0086097Z, 2025-09-11T06:45:01.5662983Z] http.request.method: GET url.scheme: http LongSumNonMonotonic
Value: 0
Metric Name: http.server.request.duration, Duration of HTTP server requests., Unit: s, Meter: Microsoft.AspNetCore.Hosting
(2025-09-11T06:44:56.0086261Z, 2025-09-11T06:45:01.5663015Z] http.request.method: POST http.response.status_code: 400 http.route: api/Auth/register network.protocol.version: 1.1 url.scheme: http Histogram
Value: Sum: 0.010568899999999999 Count: 2 Min: 0.0039221 Max: 0.0066468 
(-Infinity,0.005]:1
(0.005,0.01]:1
(0.01,0.025]:0
(0.025,0.05]:0
(0.05,0.075]:0
(0.075,0.1]:0
(0.1,0.25]:0
(0.25,0.5]:0
(0.5,0.75]:0
(0.75,1]:0
(1,2.5]:0
(2.5,5]:0
(5,7.5]:0
(7.5,10]:0
(10,+Infinity]:0
(2025-09-11T06:44:56.0086261Z, 2025-09-11T06:45:01.5663015Z] http.request.method: POST http.response.status_code: 200 http.route: api/Auth/register network.protocol.version: 1.1 url.scheme: http Histogram
Value: Sum: 1.8398965999999999 Count: 6 Min: 0.2985418 Max: 0.3386789 
(-Infinity,0.005]:0
(0.005,0.01]:0
(0.01,0.025]:0
(0.025,0.05]:0
(0.05,0.075]:0
(0.075,0.1]:0
(0.1,0.25]:0
(0.25,0.5]:6
(0.5,0.75]:0
(0.75,1]:0
(1,2.5]:0
(2.5,5]:0
(5,7.5]:0
(7.5,10]:0
(10,+Infinity]:0
(2025-09-11T06:44:56.0086261Z, 2025-09-11T06:45:01.5663015Z] http.request.method: POST http.response.status_code: 200 http.route: api/Auth/login network.protocol.version: 1.1 url.scheme: http Histogram
Value: Sum: 1.2026150000000002 Count: 4 Min: 0.2998621 Max: 0.3023506 
(-Infinity,0.005]:0
(0.005,0.01]:0
(0.01,0.025]:0
(0.025,0.05]:0
(0.05,0.075]:0
(0.075,0.1]:0
(0.1,0.25]:0
(0.25,0.5]:4
(0.5,0.75]:0
(0.75,1]:0
(1,2.5]:0
(2.5,5]:0
(5,7.5]:0
(7.5,10]:0
(10,+Infinity]:0
(2025-09-11T06:44:56.0086261Z, 2025-09-11T06:45:01.5663015Z] http.request.method: POST http.response.status_code: 200 http.route: api/Auth/refresh network.protocol.version: 1.1 url.scheme: http Histogram
Value: Sum: 0.0153622 Count: 1 Min: 0.0153622 Max: 0.0153622 
(-Infinity,0.005]:0
(0.005,0.01]:0
(0.01,0.025]:1
(0.025,0.05]:0
(0.05,0.075]:0
(0.075,0.1]:0
(0.1,0.25]:0
(0.25,0.5]:0
(0.5,0.75]:0
(0.75,1]:0
(1,2.5]:0
(2.5,5]:0
(5,7.5]:0
(7.5,10]:0
(10,+Infinity]:0
(2025-09-11T06:44:56.0086261Z, 2025-09-11T06:45:01.5663015Z] http.request.method: POST http.response.status_code: 401 http.route: api/Auth/login network.protocol.version: 1.1 url.scheme: http Histogram
Value: Sum: 0.0008935 Count: 1 Min: 0.0008935 Max: 0.0008935 
(-Infinity,0.005]:1
(0.005,0.01]:0
(0.01,0.025]:0
(0.025,0.05]:0
(0.05,0.075]:0
(0.075,0.1]:0
(0.1,0.25]:0
(0.25,0.5]:0
(0.5,0.75]:0
(0.75,1]:0
(1,2.5]:0
(2.5,5]:0
(5,7.5]:0
(7.5,10]:0
(10,+Infinity]:0
(2025-09-11T06:44:56.0086261Z, 2025-09-11T06:45:01.5663015Z] http.request.method: POST http.response.status_code: 200 http.route: api/Auth/logout network.protocol.version: 1.1 url.scheme: http Histogram
Value: Sum: 0.0066559 Count: 1 Min: 0.0066559 Max: 0.0066559 
(-Infinity,0.005]:0
(0.005,0.01]:1
(0.01,0.025]:0
(0.025,0.05]:0
(0.05,0.075]:0
(0.075,0.1]:0
(0.1,0.25]:0
(0.25,0.5]:0
(0.5,0.75]:0
(0.75,1]:0
(1,2.5]:0
(2.5,5]:0
(5,7.5]:0
(7.5,10]:0
(10,+Infinity]:0
(2025-09-11T06:44:56.0086261Z, 2025-09-11T06:45:01.5663015Z] http.request.method: POST http.response.status_code: 401 http.route: api/Auth/refresh network.protocol.version: 1.1 url.scheme: http Histogram
Value: Sum: 0.0035652 Count: 2 Min: 0.0009856 Max: 0.0025796 
(-Infinity,0.005]:2
(0.005,0.01]:0
(0.01,0.025]:0
(0.025,0.05]:0
(0.05,0.075]:0
(0.075,0.1]:0
(0.1,0.25]:0
(0.25,0.5]:0
(0.5,0.75]:0
(0.75,1]:0
(1,2.5]:0
(2.5,5]:0
(5,7.5]:0
(7.5,10]:0
(10,+Infinity]:0
(2025-09-11T06:44:56.0086261Z, 2025-09-11T06:45:01.5663015Z] http.request.method: GET http.response.status_code: 200 http.route: api/Auth/me network.protocol.version: 1.1 url.scheme: http Histogram
Value: Sum: 0.0022684 Count: 1 Min: 0.0022684 Max: 0.0022684 
(-Infinity,0.005]:1
(0.005,0.01]:0
(0.01,0.025]:0
(0.025,0.05]:0
(0.05,0.075]:0
(0.075,0.1]:0
(0.1,0.25]:0
(0.25,0.5]:0
(0.5,0.75]:0
(0.75,1]:0
(1,2.5]:0
(2.5,5]:0
(5,7.5]:0
(7.5,10]:0
(10,+Infinity]:0
(2025-09-11T06:44:56.0086261Z, 2025-09-11T06:45:01.5663015Z] http.request.method: GET http.response.status_code: 401 http.route: api/Auth/me network.protocol.version: 1.1 url.scheme: http Histogram
Value: Sum: 0.0010332 Count: 1 Min: 0.0010332 Max: 0.0010332 
(-Infinity,0.005]:1
(0.005,0.01]:0
(0.01,0.025]:0
(0.025,0.05]:0
(0.05,0.075]:0
(0.075,0.1]:0
(0.1,0.25]:0
(0.25,0.5]:0
(0.5,0.75]:0
(0.75,1]:0
(1,2.5]:0
(2.5,5]:0
(5,7.5]:0
(7.5,10]:0
(10,+Infinity]:0
(2025-09-11T06:44:56.0086261Z, 2025-09-11T06:45:01.5663015Z] http.request.method: POST http.response.status_code: 400 http.route: api/Auth/login network.protocol.version: 1.1 url.scheme: http Histogram
Value: Sum: 0.0017498 Count: 1 Min: 0.0017498 Max: 0.0017498 
(-Infinity,0.005]:1
(0.005,0.01]:0
(0.01,0.025]:0
(0.025,0.05]:0
(0.05,0.075]:0
(0.075,0.1]:0
(0.1,0.25]:0
(0.25,0.5]:0
(0.5,0.75]:0
(0.75,1]:0
(1,2.5]:0
(2.5,5]:0
(5,7.5]:0
(7.5,10]:0
(10,+Infinity]:0
Metric Name: aspnetcore.rate_limiting.active_request_leases, Number of HTTP requests that are currently active on the server that hold a rate limiting lease., Unit: {request}, Meter: Microsoft.AspNetCore.RateLimiting
(2025-09-11T06:44:56.0104608Z, 2025-09-11T06:45:01.5663018Z] LongSumNonMonotonic
Value: 0
Metric Name: aspnetcore.rate_limiting.request_lease.duration, The duration of rate limiting leases held by HTTP requests on the server., Unit: s, Meter: Microsoft.AspNetCore.RateLimiting
(2025-09-11T06:44:56.0104872Z, 2025-09-11T06:45:01.5663024Z] Histogram
Value: Sum: 3.0769279000000003 Count: 20 Min: 0.0006811 Max: 0.3385317 
(-Infinity,0.005]:8
(0.005,0.01]:1
(0.01,0.025]:1
(0.025,0.05]:0
(0.05,0.075]:0
(0.075,0.1]:0
(0.1,0.25]:0
(0.25,0.5]:10
(0.5,0.75]:0
(0.75,1]:0
(1,2.5]:0
(2.5,5]:0
(5,7.5]:0
(7.5,10]:0
(10,+Infinity]:0
Metric Name: aspnetcore.rate_limiting.requests, Number of requests that tried to acquire a rate limiting lease. Requests could be rejected by global or endpoint rate limiting policies. Or the request could be canceled while waiting for the lease., Unit: {request}, Meter: Microsoft.AspNetCore.RateLimiting
(2025-09-11T06:44:56.0105454Z, 2025-09-11T06:45:01.5663033Z] aspnetcore.rate_limiting.result: acquired LongSum
Value: 20
Metric Name: aspnetcore.routing.match_attempts, Number of requests that were attempted to be matched to an endpoint., Unit: {match_attempt}, Meter: Microsoft.AspNetCore.Routing
(2025-09-11T06:44:56.0113045Z, 2025-09-11T06:45:01.5663038Z] aspnetcore.routing.is_fallback: false aspnetcore.routing.match_status: success http.route: api/Auth/register LongSum
Value: 8
(2025-09-11T06:44:56.0113045Z, 2025-09-11T06:45:01.5663038Z] aspnetcore.routing.is_fallback: false aspnetcore.routing.match_status: success http.route: api/Auth/login LongSum
Value: 6
(2025-09-11T06:44:56.0113045Z, 2025-09-11T06:45:01.5663038Z] aspnetcore.routing.is_fallback: false aspnetcore.routing.match_status: success http.route: api/Auth/refresh LongSum
Value: 3
(2025-09-11T06:44:56.0113045Z, 2025-09-11T06:45:01.5663038Z] aspnetcore.routing.is_fallback: false aspnetcore.routing.match_status: success http.route: api/Auth/logout LongSum
Value: 1
(2025-09-11T06:44:56.0113045Z, 2025-09-11T06:45:01.5663038Z] aspnetcore.routing.is_fallback: false aspnetcore.routing.match_status: success http.route: api/Auth/me LongSum
Value: 2
[06:45:01 INF] Starting Crud API application {"Application": "Crud.Api"}
[06:45:01 INF] Using SQLite provider with connection: Data Source=TestDatabase.db {"Application": "Crud.Api"}
[06:45:01 INF] Database ensured successfully {"Application": "Crud.Api"}
[06:45:01 INF] Application configured successfully. Starting web host... {"Application": "Crud.Api"}
[06:45:01 INF] Resetting database for worker 13644 {"SourceContext": "Infrastructure.Services.DatabaseTestService", "Application": "Crud.Api"}
[06:45:01 INF] Resetting database via file deletion for worker 13644 in CI environment {"SourceContext": "Infrastructure.Services.DatabaseTestService", "Application": "Crud.Api"}
[06:45:01 INF] Acquiring database mutex for worker 13644... {"SourceContext": "Infrastructure.Services.DatabaseTestService", "Application": "Crud.Api"}
[06:45:01 INF] Database mutex acquired for worker 13644 {"SourceContext": "Infrastructure.Services.DatabaseTestService", "Application": "Crud.Api"}
[06:45:01 INF] Current database state - CanConnect: True {"SourceContext": "Infrastructure.Services.DatabaseTestService", "Application": "Crud.Api"}
[06:45:01 INF] [Phase 0] Closing database connection for worker 13644... {"SourceContext": "Infrastructure.Services.DatabaseTestService", "Application": "Crud.Api"}
[06:45:01 INF] [Phase 0] Connection closed in 0.0007ms {"SourceContext": "Infrastructure.Services.DatabaseTestService", "Application": "Crud.Api"}
[06:45:01 INF] [Phase 1] Starting EnsureDeletedAsync for worker 13644... {"SourceContext": "Infrastructure.Services.DatabaseTestService", "Application": "Crud.Api"}
[06:45:01 INF] [Phase 1] EnsureDeletedAsync completed in 1.7605ms {"SourceContext": "Infrastructure.Services.DatabaseTestService", "Application": "Crud.Api"}
[06:45:01 INF] [Phase 2] Starting EnsureCreatedAsync for worker 13644... {"SourceContext": "Infrastructure.Services.DatabaseTestService", "Application": "Crud.Api"}
[06:45:01 INF] [Phase 2] EnsureCreatedAsync completed in 14.3507ms {"SourceContext": "Infrastructure.Services.DatabaseTestService", "Application": "Crud.Api"}
[06:45:01 INF] [Phase 3] Skipping database seeding as requested for worker 13644 {"SourceContext": "Infrastructure.Services.DatabaseTestService", "Application": "Crud.Api"}
[06:45:01 INF] Database reset via file deletion completed for worker 13644 in 115.8462ms (Close: 0.0007ms, Delete: 1.7605ms, Create: 14.3507ms) {"SourceContext": "Infrastructure.Services.DatabaseTestService", "Application": "Crud.Api"}
[06:45:01 INF] Releasing database mutex for worker 13644 {"SourceContext": "Infrastructure.Services.DatabaseTestService", "Application": "Crud.Api"}
[06:45:01 WRN] Failed to determine the https port for redirect. {"EventId": {"Id": 3, "Name": "FailedToDeterminePort"}, "SourceContext": "Microsoft.AspNetCore.HttpsPolicy.HttpsRedirectionMiddleware", "RequestId": "0HNFGVQB4PDPU", "RequestPath": "/api/auth/register", "Application": "Crud.Api"}
[06:45:02 INF] User registered successfully: 180752c7-4c1e-4926-a501-d77e5b390c88 {"SourceContext": "App.Features.Authentication.RegisterUserCommandHandler", "ActionId": "b8939ff0-f7de-421d-9a69-73c6523457b4", "ActionName": "Api.Controllers.AuthController.Register (Api)", "RequestId": "0HNFGVQB4PDPU", "RequestPath": "/api/auth/register", "Application": "Crud.Api"}
Activity.TraceId:            555d944763df2204cfda8f39e02309d1
Activity.SpanId:             f1c6589deeedbadd
Activity.TraceFlags:         Recorded
Activity.ActivitySourceName: Microsoft.AspNetCore
Activity.DisplayName:        POST api/Auth/register
Activity.Kind:               Server
Activity.StartTime:          2025-09-11T06:45:01.7162986Z
Activity.Duration:           00:00:00.3076642
Activity.Tags:
    server.address: localhost
    http.request.method: POST
    url.scheme: http
    url.path: /api/auth/register
    network.protocol.version: 1.1
    http.route: api/Auth/register
    http.response.status_code: 200
Resource associated with Activity:
    deployment.environment: Testing
    service.name: Crud.Api
    service.version: 1.0.0
    service.instance.id: bb25e7a8-9ced-49c8-9e52-fd74b67e7fff
    telemetry.sdk.name: opentelemetry
    telemetry.sdk.language: dotnet
    telemetry.sdk.version: 1.8.1
[06:45:02 INF] User logged in successfully: 180752c7-4c1e-4926-a501-d77e5b390c88 {"SourceContext": "App.Features.Authentication.LoginCommandHandler", "ActionId": "4d68b79f-623c-49d4-83f6-3674bfb7533a", "ActionName": "Api.Controllers.AuthController.Login (Api)", "RequestId": "0HNFGVQB4PDPV", "RequestPath": "/api/auth/login", "Application": "Crud.Api"}
Activity.TraceId:            1eec9dcfedfa1c6a94c66b489e6b7f32
Activity.SpanId:             1873adba062e6e46
Activity.TraceFlags:         Recorded
Activity.ActivitySourceName: Microsoft.AspNetCore
Activity.DisplayName:        POST api/Auth/login
Activity.Kind:               Server
Activity.StartTime:          2025-09-11T06:45:02.0260326Z
Activity.Duration:           00:00:00.3037361
Activity.Tags:
    server.address: localhost
    http.request.method: POST
    url.scheme: http
    url.path: /api/auth/login
    network.protocol.version: 1.1
    http.route: api/Auth/login
    http.response.status_code: 200
Resource associated with Activity:
    deployment.environment: Testing
    service.name: Crud.Api
    service.version: 1.0.0
    service.instance.id: bb25e7a8-9ced-49c8-9e52-fd74b67e7fff
    telemetry.sdk.name: opentelemetry
    telemetry.sdk.language: dotnet
    telemetry.sdk.version: 1.8.1
[06:45:02 DBG] Cache miss for key: name:role:admin {"SourceContext": "Infrastructure.Services.Caching.InMemoryCacheService", "ActionId": "6fb8c020-f19a-4146-9396-d26036621ce5", "ActionName": "Api.Controllers.RolesController.Create (Api)", "RequestId": "0HNFGVQB4PDQ0", "RequestPath": "/api/roles", "Application": "Crud.Api"}
[06:45:02 DBG] Removed cache value for key: entity:role:920f417791674d90968fa38a2ce63ba6 {"SourceContext": "Infrastructure.Services.Caching.InMemoryCacheService", "ActionId": "6fb8c020-f19a-4146-9396-d26036621ce5", "ActionName": "Api.Controllers.RolesController.Create (Api)", "RequestId": "0HNFGVQB4PDQ0", "RequestPath": "/api/roles", "Application": "Crud.Api"}
[06:45:02 DBG] Removed cache value for key: list:role {"SourceContext": "Infrastructure.Services.Caching.InMemoryCacheService", "ActionId": "6fb8c020-f19a-4146-9396-d26036621ce5", "ActionName": "Api.Controllers.RolesController.Create (Api)", "RequestId": "0HNFGVQB4PDQ0", "RequestPath": "/api/roles", "Application": "Crud.Api"}
[06:45:02 DBG] Invalidating cache for entity type: roles with tag: roles {"SourceContext": "Api.Services.OutputCacheInvalidationService", "ActionId": "6fb8c020-f19a-4146-9396-d26036621ce5", "ActionName": "Api.Controllers.RolesController.Create (Api)", "RequestId": "0HNFGVQB4PDQ0", "RequestPath": "/api/roles", "Application": "Crud.Api"}
[06:45:02 INF] Successfully invalidated cache for entity type: roles {"SourceContext": "Api.Services.OutputCacheInvalidationService", "ActionId": "6fb8c020-f19a-4146-9396-d26036621ce5", "ActionName": "Api.Controllers.RolesController.Create (Api)", "RequestId": "0HNFGVQB4PDQ0", "RequestPath": "/api/roles", "Application": "Crud.Api"}
Activity.TraceId:            4b78315be97e9e1a73955ece4e096471
Activity.SpanId:             02ea79fd5eda58e1
Activity.TraceFlags:         Recorded
Activity.ActivitySourceName: Microsoft.AspNetCore
Activity.DisplayName:        POST api/Roles
Activity.Kind:               Server
Activity.StartTime:          2025-09-11T06:45:02.3304534Z
Activity.Duration:           00:00:00.0119587
Activity.Tags:
    server.address: localhost
    http.request.method: POST
    url.scheme: http
    url.path: /api/roles
    network.protocol.version: 1.1
    http.route: api/Roles
    http.response.status_code: 201
Resource associated with Activity:
    deployment.environment: Testing
    service.name: Crud.Api
    service.version: 1.0.0
    service.instance.id: bb25e7a8-9ced-49c8-9e52-fd74b67e7fff
    telemetry.sdk.name: opentelemetry
    telemetry.sdk.language: dotnet
    telemetry.sdk.version: 1.8.1
[06:45:02 DBG] Cache miss for key: name:role:user {"SourceContext": "Infrastructure.Services.Caching.InMemoryCacheService", "ActionId": "6fb8c020-f19a-4146-9396-d26036621ce5", "ActionName": "Api.Controllers.RolesController.Create (Api)", "RequestId": "0HNFGVQB4PDQ1", "RequestPath": "/api/roles", "Application": "Crud.Api"}
[06:45:02 DBG] Removed cache value for key: entity:role:573a823fae3749a2900ea6385ae2f752 {"SourceContext": "Infrastructure.Services.Caching.InMemoryCacheService", "ActionId": "6fb8c020-f19a-4146-9396-d26036621ce5", "ActionName": "Api.Controllers.RolesController.Create (Api)", "RequestId": "0HNFGVQB4PDQ1", "RequestPath": "/api/roles", "Application": "Crud.Api"}
[06:45:02 DBG] Removed cache value for key: list:role {"SourceContext": "Infrastructure.Services.Caching.InMemoryCacheService", "ActionId": "6fb8c020-f19a-4146-9396-d26036621ce5", "ActionName": "Api.Controllers.RolesController.Create (Api)", "RequestId": "0HNFGVQB4PDQ1", "RequestPath": "/api/roles", "Application": "Crud.Api"}
[06:45:02 DBG] Invalidating cache for entity type: roles with tag: roles {"SourceContext": "Api.Services.OutputCacheInvalidationService", "ActionId": "6fb8c020-f19a-4146-9396-d26036621ce5", "ActionName": "Api.Controllers.RolesController.Create (Api)", "RequestId": "0HNFGVQB4PDQ1", "RequestPath": "/api/roles", "Application": "Crud.Api"}
[06:45:02 INF] Successfully invalidated cache for entity type: roles {"SourceContext": "Api.Services.OutputCacheInvalidationService", "ActionId": "6fb8c020-f19a-4146-9396-d26036621ce5", "ActionName": "Api.Controllers.RolesController.Create (Api)", "RequestId": "0HNFGVQB4PDQ1", "RequestPath": "/api/roles", "Application": "Crud.Api"}
Activity.TraceId:            2b047e543a2ddd266ecfeac06bbba2e3
Activity.SpanId:             3ad52102d50b2396
Activity.TraceFlags:         Recorded
Activity.ActivitySourceName: Microsoft.AspNetCore
Activity.DisplayName:        POST api/Roles
Activity.Kind:               Server
Activity.StartTime:          2025-09-11T06:45:02.3425022Z
Activity.Duration:           00:00:00.0015469
Activity.Tags:
    server.address: localhost
    http.request.method: POST
    url.scheme: http
    url.path: /api/roles
    network.protocol.version: 1.1
    http.route: api/Roles
    http.response.status_code: 201
Resource associated with Activity:
    deployment.environment: Testing
    service.name: Crud.Api
    service.version: 1.0.0
    service.instance.id: bb25e7a8-9ced-49c8-9e52-fd74b67e7fff
    telemetry.sdk.name: opentelemetry
    telemetry.sdk.language: dotnet
    telemetry.sdk.version: 1.8.1
[06:45:02 DBG] Cache miss for key: entity:role:920f417791674d90968fa38a2ce63ba6 {"SourceContext": "Infrastructure.Services.Caching.InMemoryCacheService", "ActionId": "c612e991-18e0-44fe-94bb-4336c32d5471", "ActionName": "Api.Controllers.PeopleController.Create (Api)", "RequestId": "0HNFGVQB4PDQ2", "RequestPath": "/api/people", "Application": "Crud.Api"}
[06:45:02 DBG] Set cache value for key: entity:role:920f417791674d90968fa38a2ce63ba6 {"SourceContext": "Infrastructure.Services.Caching.InMemoryCacheService", "ActionId": "c612e991-18e0-44fe-94bb-4336c32d5471", "ActionName": "Api.Controllers.PeopleController.Create (Api)", "RequestId": "0HNFGVQB4PDQ2", "RequestPath": "/api/people", "Application": "Crud.Api"}
[06:45:02 DBG] Cache miss for key: entity:role:573a823fae3749a2900ea6385ae2f752 {"SourceContext": "Infrastructure.Services.Caching.InMemoryCacheService", "ActionId": "c612e991-18e0-44fe-94bb-4336c32d5471", "ActionName": "Api.Controllers.PeopleController.Create (Api)", "RequestId": "0HNFGVQB4PDQ2", "RequestPath": "/api/people", "Application": "Crud.Api"}
[06:45:02 DBG] Set cache value for key: entity:role:573a823fae3749a2900ea6385ae2f752 {"SourceContext": "Infrastructure.Services.Caching.InMemoryCacheService", "ActionId": "c612e991-18e0-44fe-94bb-4336c32d5471", "ActionName": "Api.Controllers.PeopleController.Create (Api)", "RequestId": "0HNFGVQB4PDQ2", "RequestPath": "/api/people", "Application": "Crud.Api"}
[06:45:02 DBG] Removed cache value for key: entity:person:584308c5a93b44ee83357330a4fb2f7b {"SourceContext": "Infrastructure.Services.Caching.InMemoryCacheService", "ActionId": "c612e991-18e0-44fe-94bb-4336c32d5471", "ActionName": "Api.Controllers.PeopleController.Create (Api)", "RequestId": "0HNFGVQB4PDQ2", "RequestPath": "/api/people", "Application": "Crud.Api"}
[06:45:02 DBG] Removed cache value for key: list:person {"SourceContext": "Infrastructure.Services.Caching.InMemoryCacheService", "ActionId": "c612e991-18e0-44fe-94bb-4336c32d5471", "ActionName": "Api.Controllers.PeopleController.Create (Api)", "RequestId": "0HNFGVQB4PDQ2", "RequestPath": "/api/people", "Application": "Crud.Api"}
[06:45:02 DBG] Invalidating cache for entity type: people with tag: people {"SourceContext": "Api.Services.OutputCacheInvalidationService", "ActionId": "c612e991-18e0-44fe-94bb-4336c32d5471", "ActionName": "Api.Controllers.PeopleController.Create (Api)", "RequestId": "0HNFGVQB4PDQ2", "RequestPath": "/api/people", "Application": "Crud.Api"}
[06:45:02 INF] Successfully invalidated cache for entity type: people {"SourceContext": "Api.Services.OutputCacheInvalidationService", "ActionId": "c612e991-18e0-44fe-94bb-4336c32d5471", "ActionName": "Api.Controllers.PeopleController.Create (Api)", "RequestId": "0HNFGVQB4PDQ2", "RequestPath": "/api/people", "Application": "Crud.Api"}
Activity.TraceId:            e1358ca6257da0c3f987890bd678b458
Activity.SpanId:             f88d88344c6c970e
Activity.TraceFlags:         Recorded
Activity.ActivitySourceName: Microsoft.AspNetCore
Activity.DisplayName:        POST api/People
Activity.Kind:               Server
Activity.StartTime:          2025-09-11T06:45:02.3452252Z
Activity.Duration:           00:00:00.0129309
Activity.Tags:
    server.address: localhost
    http.request.method: POST
    url.scheme: http
    url.path: /api/people
    network.protocol.version: 1.1
    http.route: api/People
    http.response.status_code: 201
Resource associated with Activity:
    deployment.environment: Testing
    service.name: Crud.Api
    service.version: 1.0.0
    service.instance.id: bb25e7a8-9ced-49c8-9e52-fd74b67e7fff
    telemetry.sdk.name: opentelemetry
    telemetry.sdk.language: dotnet
    telemetry.sdk.version: 1.8.1
[06:45:02 INF] Resetting database for worker 13644 {"SourceContext": "Infrastructure.Services.DatabaseTestService", "Application": "Crud.Api"}
[06:45:02 INF] Resetting database via file deletion for worker 13644 in CI environment {"SourceContext": "Infrastructure.Services.DatabaseTestService", "Application": "Crud.Api"}
[06:45:02 INF] Acquiring database mutex for worker 13644... {"SourceContext": "Infrastructure.Services.DatabaseTestService", "Application": "Crud.Api"}
[06:45:02 INF] Database mutex acquired for worker 13644 {"SourceContext": "Infrastructure.Services.DatabaseTestService", "Application": "Crud.Api"}
[06:45:02 INF] Current database state - CanConnect: True {"SourceContext": "Infrastructure.Services.DatabaseTestService", "Application": "Crud.Api"}
[06:45:02 INF] [Phase 0] Closing database connection for worker 13644... {"SourceContext": "Infrastructure.Services.DatabaseTestService", "Application": "Crud.Api"}
[06:45:02 INF] [Phase 0] Connection closed in 0.0006ms {"SourceContext": "Infrastructure.Services.DatabaseTestService", "Application": "Crud.Api"}
[06:45:02 INF] [Phase 1] Starting EnsureDeletedAsync for worker 13644... {"SourceContext": "Infrastructure.Services.DatabaseTestService", "Application": "Crud.Api"}
[06:45:02 INF] [Phase 1] EnsureDeletedAsync completed in 1.2304ms {"SourceContext": "Infrastructure.Services.DatabaseTestService", "Application": "Crud.Api"}
[06:45:02 INF] [Phase 2] Starting EnsureCreatedAsync for worker 13644... {"SourceContext": "Infrastructure.Services.DatabaseTestService", "Application": "Crud.Api"}
[06:45:02 INF] [Phase 2] EnsureCreatedAsync completed in 7.766ms {"SourceContext": "Infrastructure.Services.DatabaseTestService", "Application": "Crud.Api"}
[06:45:02 INF] [Phase 3] Skipping database seeding as requested for worker 13644 {"SourceContext": "Infrastructure.Services.DatabaseTestService", "Application": "Crud.Api"}
[06:45:02 INF] Database reset via file deletion completed for worker 13644 in 109.1531ms (Close: 0.0006ms, Delete: 1.2304ms, Create: 7.766ms) {"SourceContext": "Infrastructure.Services.DatabaseTestService", "Application": "Crud.Api"}
[06:45:02 INF] Releasing database mutex for worker 13644 {"SourceContext": "Infrastructure.Services.DatabaseTestService", "Application": "Crud.Api"}
[06:45:02 INF] Resetting database for worker 13644 {"SourceContext": "Infrastructure.Services.DatabaseTestService", "Application": "Crud.Api"}
[06:45:02 INF] Resetting database via file deletion for worker 13644 in CI environment {"SourceContext": "Infrastructure.Services.DatabaseTestService", "Application": "Crud.Api"}
[06:45:02 INF] Acquiring database mutex for worker 13644... {"SourceContext": "Infrastructure.Services.DatabaseTestService", "Application": "Crud.Api"}
[06:45:02 INF] Database mutex acquired for worker 13644 {"SourceContext": "Infrastructure.Services.DatabaseTestService", "Application": "Crud.Api"}
[06:45:02 INF] Current database state - CanConnect: True {"SourceContext": "Infrastructure.Services.DatabaseTestService", "Application": "Crud.Api"}
[06:45:02 INF] [Phase 0] Closing database connection for worker 13644... {"SourceContext": "Infrastructure.Services.DatabaseTestService", "Application": "Crud.Api"}
[06:45:02 INF] [Phase 0] Connection closed in 0.0007ms {"SourceContext": "Infrastructure.Services.DatabaseTestService", "Application": "Crud.Api"}
[06:45:02 INF] [Phase 1] Starting EnsureDeletedAsync for worker 13644... {"SourceContext": "Infrastructure.Services.DatabaseTestService", "Application": "Crud.Api"}
[06:45:02 INF] [Phase 1] EnsureDeletedAsync completed in 1.3578ms {"SourceContext": "Infrastructure.Services.DatabaseTestService", "Application": "Crud.Api"}
[06:45:02 INF] [Phase 2] Starting EnsureCreatedAsync for worker 13644... {"SourceContext": "Infrastructure.Services.DatabaseTestService", "Application": "Crud.Api"}
[06:45:02 INF] [Phase 2] EnsureCreatedAsync completed in 8.1013ms {"SourceContext": "Infrastructure.Services.DatabaseTestService", "Application": "Crud.Api"}
[06:45:02 INF] [Phase 3] Skipping database seeding as requested for worker 13644 {"SourceContext": "Infrastructure.Services.DatabaseTestService", "Application": "Crud.Api"}
[06:45:02 INF] Database reset via file deletion completed for worker 13644 in 109.5766ms (Close: 0.0007ms, Delete: 1.3578ms, Create: 8.1013ms) {"SourceContext": "Infrastructure.Services.DatabaseTestService", "Application": "Crud.Api"}
[06:45:02 INF] Releasing database mutex for worker 13644 {"SourceContext": "Infrastructure.Services.DatabaseTestService", "Application": "Crud.Api"}
[06:45:02 INF] User registered successfully: 1e7b72d3-b58c-4468-97aa-0c1a715ad01e {"SourceContext": "App.Features.Authentication.RegisterUserCommandHandler", "ActionId": "b8939ff0-f7de-421d-9a69-73c6523457b4", "ActionName": "Api.Controllers.AuthController.Register (Api)", "RequestId": "0HNFGVQB4PDQ3", "RequestPath": "/api/auth/register", "Application": "Crud.Api"}
Activity.TraceId:            00196778f4d64dad20c6c8094b13eef1
Activity.SpanId:             26a77675ff6b3263
Activity.TraceFlags:         Recorded
Activity.ActivitySourceName: Microsoft.AspNetCore
Activity.DisplayName:        POST api/Auth/register
Activity.Kind:               Server
Activity.StartTime:          2025-09-11T06:45:02.5829832Z
Activity.Duration:           00:00:00.3031513
Activity.Tags:
    server.address: localhost
    http.request.method: POST
    url.scheme: http
    url.path: /api/auth/register
    network.protocol.version: 1.1
    http.route: api/Auth/register
    http.response.status_code: 200
Resource associated with Activity:
    deployment.environment: Testing
    service.name: Crud.Api
    service.version: 1.0.0
    service.instance.id: bb25e7a8-9ced-49c8-9e52-fd74b67e7fff
    telemetry.sdk.name: opentelemetry
    telemetry.sdk.language: dotnet
    telemetry.sdk.version: 1.8.1
[06:45:03 INF] User logged in successfully: 1e7b72d3-b58c-4468-97aa-0c1a715ad01e {"SourceContext": "App.Features.Authentication.LoginCommandHandler", "ActionId": "4d68b79f-623c-49d4-83f6-3674bfb7533a", "ActionName": "Api.Controllers.AuthController.Login (Api)", "RequestId": "0HNFGVQB4PDQ4", "RequestPath": "/api/auth/login", "Application": "Crud.Api"}
Activity.TraceId:            6d49d75980ebc52e17bdb22ec27a9d81
Activity.SpanId:             22b1bb791f6c4b14
Activity.TraceFlags:         Recorded
Activity.ActivitySourceName: Microsoft.AspNetCore
Activity.DisplayName:        POST api/Auth/login
Activity.Kind:               Server
Activity.StartTime:          2025-09-11T06:45:02.8872589Z
Activity.Duration:           00:00:00.2987866
Activity.Tags:
    server.address: localhost
    http.request.method: POST
    url.scheme: http
    url.path: /api/auth/login
    network.protocol.version: 1.1
    http.route: api/Auth/login
    http.response.status_code: 200
Resource associated with Activity:
    deployment.environment: Testing
    service.name: Crud.Api
    service.version: 1.0.0
    service.instance.id: bb25e7a8-9ced-49c8-9e52-fd74b67e7fff
    telemetry.sdk.name: opentelemetry
    telemetry.sdk.language: dotnet
    telemetry.sdk.version: 1.8.1
[06:45:03 DBG] Removed cache value for key: entity:person:0102bdb37b614d59a0508d8140400ff6 {"SourceContext": "Infrastructure.Services.Caching.InMemoryCacheService", "ActionId": "c612e991-18e0-44fe-94bb-4336c32d5471", "ActionName": "Api.Controllers.PeopleController.Create (Api)", "RequestId": "0HNFGVQB4PDQ5", "RequestPath": "/api/people", "Application": "Crud.Api"}
[06:45:03 DBG] Removed cache value for key: list:person {"SourceContext": "Infrastructure.Services.Caching.InMemoryCacheService", "ActionId": "c612e991-18e0-44fe-94bb-4336c32d5471", "ActionName": "Api.Controllers.PeopleController.Create (Api)", "RequestId": "0HNFGVQB4PDQ5", "RequestPath": "/api/people", "Application": "Crud.Api"}
[06:45:03 DBG] Invalidating cache for entity type: people with tag: people {"SourceContext": "Api.Services.OutputCacheInvalidationService", "ActionId": "c612e991-18e0-44fe-94bb-4336c32d5471", "ActionName": "Api.Controllers.PeopleController.Create (Api)", "RequestId": "0HNFGVQB4PDQ5", "RequestPath": "/api/people", "Application": "Crud.Api"}
[06:45:03 INF] Successfully invalidated cache for entity type: people {"SourceContext": "Api.Services.OutputCacheInvalidationService", "ActionId": "c612e991-18e0-44fe-94bb-4336c32d5471", "ActionName": "Api.Controllers.PeopleController.Create (Api)", "RequestId": "0HNFGVQB4PDQ5", "RequestPath": "/api/people", "Application": "Crud.Api"}
Activity.TraceId:            29cafef83b1f003dabc06cea68ce3263
Activity.SpanId:             d103da66b948735b
Activity.TraceFlags:         Recorded
Activity.ActivitySourceName: Microsoft.AspNetCore
Activity.DisplayName:        POST api/People
Activity.Kind:               Server
Activity.StartTime:          2025-09-11T06:45:03.1869227Z
Activity.Duration:           00:00:00.0018833
Activity.Tags:
    server.address: localhost
    http.request.method: POST
    url.scheme: http
    url.path: /api/people
    network.protocol.version: 1.1
    http.route: api/People
    http.response.status_code: 201
Resource associated with Activity:
    deployment.environment: Testing
    service.name: Crud.Api
    service.version: 1.0.0
    service.instance.id: bb25e7a8-9ced-49c8-9e52-fd74b67e7fff
    telemetry.sdk.name: opentelemetry
    telemetry.sdk.language: dotnet
    telemetry.sdk.version: 1.8.1
[06:45:03 INF] Resetting database for worker 13644 {"SourceContext": "Infrastructure.Services.DatabaseTestService", "Application": "Crud.Api"}
[06:45:03 INF] Resetting database via file deletion for worker 13644 in CI environment {"SourceContext": "Infrastructure.Services.DatabaseTestService", "Application": "Crud.Api"}
[06:45:03 INF] Acquiring database mutex for worker 13644... {"SourceContext": "Infrastructure.Services.DatabaseTestService", "Application": "Crud.Api"}
[06:45:03 INF] Database mutex acquired for worker 13644 {"SourceContext": "Infrastructure.Services.DatabaseTestService", "Application": "Crud.Api"}
[06:45:03 INF] Current database state - CanConnect: True {"SourceContext": "Infrastructure.Services.DatabaseTestService", "Application": "Crud.Api"}
[06:45:03 INF] [Phase 0] Closing database connection for worker 13644... {"SourceContext": "Infrastructure.Services.DatabaseTestService", "Application": "Crud.Api"}
[06:45:03 INF] [Phase 0] Connection closed in 0.0006ms {"SourceContext": "Infrastructure.Services.DatabaseTestService", "Application": "Crud.Api"}
[06:45:03 INF] [Phase 1] Starting EnsureDeletedAsync for worker 13644... {"SourceContext": "Infrastructure.Services.DatabaseTestService", "Application": "Crud.Api"}
[06:45:03 INF] [Phase 1] EnsureDeletedAsync completed in 1.2344ms {"SourceContext": "Infrastructure.Services.DatabaseTestService", "Application": "Crud.Api"}
[06:45:03 INF] [Phase 2] Starting EnsureCreatedAsync for worker 13644... {"SourceContext": "Infrastructure.Services.DatabaseTestService", "Application": "Crud.Api"}
[06:45:03 INF] [Phase 2] EnsureCreatedAsync completed in 8.2345ms {"SourceContext": "Infrastructure.Services.DatabaseTestService", "Application": "Crud.Api"}
[06:45:03 INF] [Phase 3] Skipping database seeding as requested for worker 13644 {"SourceContext": "Infrastructure.Services.DatabaseTestService", "Application": "Crud.Api"}
[06:45:03 INF] Database reset via file deletion completed for worker 13644 in 109.4323ms (Close: 0.0006ms, Delete: 1.2344ms, Create: 8.2345ms) {"SourceContext": "Infrastructure.Services.DatabaseTestService", "Application": "Crud.Api"}
[06:45:03 INF] Releasing database mutex for worker 13644 {"SourceContext": "Infrastructure.Services.DatabaseTestService", "Application": "Crud.Api"}
[06:45:03 INF] Resetting database for worker 13644 {"SourceContext": "Infrastructure.Services.DatabaseTestService", "Application": "Crud.Api"}
[06:45:03 INF] Resetting database via file deletion for worker 13644 in CI environment {"SourceContext": "Infrastructure.Services.DatabaseTestService", "Application": "Crud.Api"}
[06:45:03 INF] Acquiring database mutex for worker 13644... {"SourceContext": "Infrastructure.Services.DatabaseTestService", "Application": "Crud.Api"}
[06:45:03 INF] Database mutex acquired for worker 13644 {"SourceContext": "Infrastructure.Services.DatabaseTestService", "Application": "Crud.Api"}
[06:45:03 INF] Current database state - CanConnect: True {"SourceContext": "Infrastructure.Services.DatabaseTestService", "Application": "Crud.Api"}
[06:45:03 INF] [Phase 0] Closing database connection for worker 13644... {"SourceContext": "Infrastructure.Services.DatabaseTestService", "Application": "Crud.Api"}
[06:45:03 INF] [Phase 0] Connection closed in 0.0005ms {"SourceContext": "Infrastructure.Services.DatabaseTestService", "Application": "Crud.Api"}
[06:45:03 INF] [Phase 1] Starting EnsureDeletedAsync for worker 13644... {"SourceContext": "Infrastructure.Services.DatabaseTestService", "Application": "Crud.Api"}
[06:45:03 INF] [Phase 1] EnsureDeletedAsync completed in 1.1389ms {"SourceContext": "Infrastructure.Services.DatabaseTestService", "Application": "Crud.Api"}
[06:45:03 INF] [Phase 2] Starting EnsureCreatedAsync for worker 13644... {"SourceContext": "Infrastructure.Services.DatabaseTestService", "Application": "Crud.Api"}
[06:45:03 INF] [Phase 2] EnsureCreatedAsync completed in 9.6752ms {"SourceContext": "Infrastructure.Services.DatabaseTestService", "Application": "Crud.Api"}
[06:45:03 INF] [Phase 3] Skipping database seeding as requested for worker 13644 {"SourceContext": "Infrastructure.Services.DatabaseTestService", "Application": "Crud.Api"}
[06:45:03 INF] Database reset via file deletion completed for worker 13644 in 111.2295ms (Close: 0.0005ms, Delete: 1.1389ms, Create: 9.6752ms) {"SourceContext": "Infrastructure.Services.DatabaseTestService", "Application": "Crud.Api"}
[06:45:03 INF] Releasing database mutex for worker 13644 {"SourceContext": "Infrastructure.Services.DatabaseTestService", "Application": "Crud.Api"}
[06:45:03 INF] User registered successfully: b5d498ef-72c4-482b-a393-4bfcf8c6f96d {"SourceContext": "App.Features.Authentication.RegisterUserCommandHandler", "ActionId": "b8939ff0-f7de-421d-9a69-73c6523457b4", "ActionName": "Api.Controllers.AuthController.Register (Api)", "RequestId": "0HNFGVQB4PDQ6", "RequestPath": "/api/auth/register", "Application": "Crud.Api"}
Activity.TraceId:            d465225615af920fc52edb5bcf08f42a
Activity.SpanId:             2f04f6f7fe872327
Activity.TraceFlags:         Recorded
Activity.ActivitySourceName: Microsoft.AspNetCore
Activity.DisplayName:        POST api/Auth/register
Activity.Kind:               Server
Activity.StartTime:          2025-09-11T06:45:03.4137808Z
Activity.Duration:           00:00:00.3067534
Activity.Tags:
    server.address: localhost
    http.request.method: POST
    url.scheme: http
    url.path: /api/auth/register
    network.protocol.version: 1.1
    http.route: api/Auth/register
    http.response.status_code: 200
Resource associated with Activity:
    deployment.environment: Testing
    service.name: Crud.Api
    service.version: 1.0.0
    service.instance.id: bb25e7a8-9ced-49c8-9e52-fd74b67e7fff
    telemetry.sdk.name: opentelemetry
    telemetry.sdk.language: dotnet
    telemetry.sdk.version: 1.8.1
[06:45:03 DBG] Cache miss for key: list:person {"SourceContext": "Infrastructure.Services.Caching.InMemoryCacheService", "ActionId": "550899ff-1695-4b58-aaaf-7e62d295306b", "ActionName": "Api.Controllers.PeopleController.List (Api)", "RequestId": "0HNFGVQB4PDQ7", "RequestPath": "/api/people", "Application": "Crud.Api"}
[06:45:03 DBG] Set cache value for key: list:person {"SourceContext": "Infrastructure.Services.Caching.InMemoryCacheService", "ActionId": "550899ff-1695-4b58-aaaf-7e62d295306b", "ActionName": "Api.Controllers.PeopleController.List (Api)", "RequestId": "0HNFGVQB4PDQ7", "RequestPath": "/api/people", "Application": "Crud.Api"}
Activity.TraceId:            c6f31c79457239e7ca37190f72c970c9
Activity.SpanId:             590c6a6fa64d6e47
Activity.TraceFlags:         Recorded
Activity.ActivitySourceName: Microsoft.AspNetCore
Activity.DisplayName:        GET api/People
Activity.Kind:               Server
Activity.StartTime:          2025-09-11T06:45:03.7210672Z
Activity.Duration:           00:00:00.0075516
Activity.Tags:
    server.address: localhost
    http.request.method: GET
    url.scheme: http
    url.path: /api/people
    network.protocol.version: 1.1
    http.route: api/People
    http.response.status_code: 200
Resource associated with Activity:
    deployment.environment: Testing
    service.name: Crud.Api
    service.version: 1.0.0
    service.instance.id: bb25e7a8-9ced-49c8-9e52-fd74b67e7fff
    telemetry.sdk.name: opentelemetry
    telemetry.sdk.language: dotnet
    telemetry.sdk.version: 1.8.1
[06:45:03 INF] Resetting database for worker 13644 {"SourceContext": "Infrastructure.Services.DatabaseTestService", "Application": "Crud.Api"}
[06:45:03 INF] Resetting database via file deletion for worker 13644 in CI environment {"SourceContext": "Infrastructure.Services.DatabaseTestService", "Application": "Crud.Api"}
[06:45:03 INF] Acquiring database mutex for worker 13644... {"SourceContext": "Infrastructure.Services.DatabaseTestService", "Application": "Crud.Api"}
[06:45:03 INF] Database mutex acquired for worker 13644 {"SourceContext": "Infrastructure.Services.DatabaseTestService", "Application": "Crud.Api"}
[06:45:03 INF] Current database state - CanConnect: True {"SourceContext": "Infrastructure.Services.DatabaseTestService", "Application": "Crud.Api"}
[06:45:03 INF] [Phase 0] Closing database connection for worker 13644... {"SourceContext": "Infrastructure.Services.DatabaseTestService", "Application": "Crud.Api"}
[06:45:03 INF] [Phase 0] Connection closed in 0.0007ms {"SourceContext": "Infrastructure.Services.DatabaseTestService", "Application": "Crud.Api"}
[06:45:03 INF] [Phase 1] Starting EnsureDeletedAsync for worker 13644... {"SourceContext": "Infrastructure.Services.DatabaseTestService", "Application": "Crud.Api"}
[06:45:03 INF] [Phase 1] EnsureDeletedAsync completed in 1.3754ms {"SourceContext": "Infrastructure.Services.DatabaseTestService", "Application": "Crud.Api"}
[06:45:03 INF] [Phase 2] Starting EnsureCreatedAsync for worker 13644... {"SourceContext": "Infrastructure.Services.DatabaseTestService", "Application": "Crud.Api"}
[06:45:03 INF] [Phase 2] EnsureCreatedAsync completed in 11.9044ms {"SourceContext": "Infrastructure.Services.DatabaseTestService", "Application": "Crud.Api"}
[06:45:03 INF] [Phase 3] Skipping database seeding as requested for worker 13644 {"SourceContext": "Infrastructure.Services.DatabaseTestService", "Application": "Crud.Api"}
[06:45:03 INF] Database reset via file deletion completed for worker 13644 in 113.4964ms (Close: 0.0007ms, Delete: 1.3754ms, Create: 11.9044ms) {"SourceContext": "Infrastructure.Services.DatabaseTestService", "Application": "Crud.Api"}
[06:45:03 INF] Releasing database mutex for worker 13644 {"SourceContext": "Infrastructure.Services.DatabaseTestService", "Application": "Crud.Api"}
[06:45:03 INF] Resetting database for worker 13644 {"SourceContext": "Infrastructure.Services.DatabaseTestService", "Application": "Crud.Api"}
[06:45:03 INF] Resetting database via file deletion for worker 13644 in CI environment {"SourceContext": "Infrastructure.Services.DatabaseTestService", "Application": "Crud.Api"}
[06:45:03 INF] Acquiring database mutex for worker 13644... {"SourceContext": "Infrastructure.Services.DatabaseTestService", "Application": "Crud.Api"}
[06:45:03 INF] Database mutex acquired for worker 13644 {"SourceContext": "Infrastructure.Services.DatabaseTestService", "Application": "Crud.Api"}
[06:45:03 INF] Current database state - CanConnect: True {"SourceContext": "Infrastructure.Services.DatabaseTestService", "Application": "Crud.Api"}
[06:45:03 INF] [Phase 0] Closing database connection for worker 13644... {"SourceContext": "Infrastructure.Services.DatabaseTestService", "Application": "Crud.Api"}
[06:45:03 INF] [Phase 0] Connection closed in 0.0007ms {"SourceContext": "Infrastructure.Services.DatabaseTestService", "Application": "Crud.Api"}
[06:45:03 INF] [Phase 1] Starting EnsureDeletedAsync for worker 13644... {"SourceContext": "Infrastructure.Services.DatabaseTestService", "Application": "Crud.Api"}
[06:45:03 INF] [Phase 1] EnsureDeletedAsync completed in 1.1211ms {"SourceContext": "Infrastructure.Services.DatabaseTestService", "Application": "Crud.Api"}
[06:45:03 INF] [Phase 2] Starting EnsureCreatedAsync for worker 13644... {"SourceContext": "Infrastructure.Services.DatabaseTestService", "Application": "Crud.Api"}
[06:45:03 INF] [Phase 2] EnsureCreatedAsync completed in 7.5008ms {"SourceContext": "Infrastructure.Services.DatabaseTestService", "Application": "Crud.Api"}
[06:45:03 INF] [Phase 3] Skipping database seeding as requested for worker 13644 {"SourceContext": "Infrastructure.Services.DatabaseTestService", "Application": "Crud.Api"}
[06:45:03 INF] Database reset via file deletion completed for worker 13644 in 109.1435ms (Close: 0.0007ms, Delete: 1.1211ms, Create: 7.5008ms) {"SourceContext": "Infrastructure.Services.DatabaseTestService", "Application": "Crud.Api"}
[06:45:03 INF] Releasing database mutex for worker 13644 {"SourceContext": "Infrastructure.Services.DatabaseTestService", "Application": "Crud.Api"}
[06:45:04 INF] User registered successfully: 7c702c51-57e5-4ca2-b7d1-c1b44a8e3ce0 {"SourceContext": "App.Features.Authentication.RegisterUserCommandHandler", "ActionId": "b8939ff0-f7de-421d-9a69-73c6523457b4", "ActionName": "Api.Controllers.AuthController.Register (Api)", "RequestId": "0HNFGVQB4PDQ8", "RequestPath": "/api/auth/register", "Application": "Crud.Api"}
Activity.TraceId:            9bbdd96cc4a7e0183b1a50a8ab505491
Activity.SpanId:             6765932886879885
Activity.TraceFlags:         Recorded
Activity.ActivitySourceName: Microsoft.AspNetCore
Activity.DisplayName:        POST api/Auth/register
Activity.Kind:               Server
Activity.StartTime:          2025-09-11T06:45:03.9553981Z
Activity.Duration:           00:00:00.2989879
Activity.Tags:
    server.address: localhost
    http.request.method: POST
    url.scheme: http
    url.path: /api/auth/register
    network.protocol.version: 1.1
    http.route: api/Auth/register
    http.response.status_code: 200
Resource associated with Activity:
    deployment.environment: Testing
    service.name: Crud.Api
    service.version: 1.0.0
    service.instance.id: bb25e7a8-9ced-49c8-9e52-fd74b67e7fff
    telemetry.sdk.name: opentelemetry
    telemetry.sdk.language: dotnet
    telemetry.sdk.version: 1.8.1
[06:45:04 INF] User logged in successfully: 7c702c51-57e5-4ca2-b7d1-c1b44a8e3ce0 {"SourceContext": "App.Features.Authentication.LoginCommandHandler", "ActionId": "4d68b79f-623c-49d4-83f6-3674bfb7533a", "ActionName": "Api.Controllers.AuthController.Login (Api)", "RequestId": "0HNFGVQB4PDQ9", "RequestPath": "/api/auth/login", "Application": "Crud.Api"}
Activity.TraceId:            826a2bae23fc8da42042c3554b41b5cf
Activity.SpanId:             ef140850512e079b
Activity.TraceFlags:         Recorded
Activity.ActivitySourceName: Microsoft.AspNetCore
Activity.DisplayName:        POST api/Auth/login
Activity.Kind:               Server
Activity.StartTime:          2025-09-11T06:45:04.2553755Z
Activity.Duration:           00:00:00.3001374
Activity.Tags:
    server.address: localhost
    http.request.method: POST
    url.scheme: http
    url.path: /api/auth/login
    network.protocol.version: 1.1
    http.route: api/Auth/login
    http.response.status_code: 200
Resource associated with Activity:
    deployment.environment: Testing
    service.name: Crud.Api
    service.version: 1.0.0
    service.instance.id: bb25e7a8-9ced-49c8-9e52-fd74b67e7fff
    telemetry.sdk.name: opentelemetry
    telemetry.sdk.language: dotnet
    telemetry.sdk.version: 1.8.1
Activity.TraceId:            76ddee876d1f89b75b406724ca5f0645
Activity.SpanId:             4d2f99f3ec1b4ec0
Activity.TraceFlags:         Recorded
Activity.ActivitySourceName: Microsoft.AspNetCore
Activity.DisplayName:        POST api/People
Activity.Kind:               Server
Activity.StartTime:          2025-09-11T06:45:04.5564637Z
Activity.Duration:           00:00:00.0022917
Activity.Tags:
    server.address: localhost
    http.request.method: POST
    url.scheme: http
    url.path: /api/people
    network.protocol.version: 1.1
    http.route: api/People
    http.response.status_code: 400
Resource associated with Activity:
    deployment.environment: Testing
    service.name: Crud.Api
    service.version: 1.0.0
    service.instance.id: bb25e7a8-9ced-49c8-9e52-fd74b67e7fff
    telemetry.sdk.name: opentelemetry
    telemetry.sdk.language: dotnet
    telemetry.sdk.version: 1.8.1
[06:45:04 INF] Resetting database for worker 13644 {"SourceContext": "Infrastructure.Services.DatabaseTestService", "Application": "Crud.Api"}
[06:45:04 INF] Resetting database via file deletion for worker 13644 in CI environment {"SourceContext": "Infrastructure.Services.DatabaseTestService", "Application": "Crud.Api"}
[06:45:04 INF] Acquiring database mutex for worker 13644... {"SourceContext": "Infrastructure.Services.DatabaseTestService", "Application": "Crud.Api"}
[06:45:04 INF] Database mutex acquired for worker 13644 {"SourceContext": "Infrastructure.Services.DatabaseTestService", "Application": "Crud.Api"}
[06:45:04 INF] Current database state - CanConnect: True {"SourceContext": "Infrastructure.Services.DatabaseTestService", "Application": "Crud.Api"}
[06:45:04 INF] [Phase 0] Closing database connection for worker 13644... {"SourceContext": "Infrastructure.Services.DatabaseTestService", "Application": "Crud.Api"}
[06:45:04 INF] [Phase 0] Connection closed in 0.0006ms {"SourceContext": "Infrastructure.Services.DatabaseTestService", "Application": "Crud.Api"}
[06:45:04 INF] [Phase 1] Starting EnsureDeletedAsync for worker 13644... {"SourceContext": "Infrastructure.Services.DatabaseTestService", "Application": "Crud.Api"}
[06:45:04 INF] [Phase 1] EnsureDeletedAsync completed in 1.2476ms {"SourceContext": "Infrastructure.Services.DatabaseTestService", "Application": "Crud.Api"}
[06:45:04 INF] [Phase 2] Starting EnsureCreatedAsync for worker 13644... {"SourceContext": "Infrastructure.Services.DatabaseTestService", "Application": "Crud.Api"}
[06:45:04 INF] [Phase 2] EnsureCreatedAsync completed in 7.5282ms {"SourceContext": "Infrastructure.Services.DatabaseTestService", "Application": "Crud.Api"}
[06:45:04 INF] [Phase 3] Skipping database seeding as requested for worker 13644 {"SourceContext": "Infrastructure.Services.DatabaseTestService", "Application": "Crud.Api"}
[06:45:04 INF] Database reset via file deletion completed for worker 13644 in 108.8975ms (Close: 0.0006ms, Delete: 1.2476ms, Create: 7.5282ms) {"SourceContext": "Infrastructure.Services.DatabaseTestService", "Application": "Crud.Api"}
[06:45:04 INF] Releasing database mutex for worker 13644 {"SourceContext": "Infrastructure.Services.DatabaseTestService", "Application": "Crud.Api"}
[06:45:04 INF] Resetting database for worker 13644 {"SourceContext": "Infrastructure.Services.DatabaseTestService", "Application": "Crud.Api"}
[06:45:04 INF] Resetting database via file deletion for worker 13644 in CI environment {"SourceContext": "Infrastructure.Services.DatabaseTestService", "Application": "Crud.Api"}
[06:45:04 INF] Acquiring database mutex for worker 13644... {"SourceContext": "Infrastructure.Services.DatabaseTestService", "Application": "Crud.Api"}
[06:45:04 INF] Database mutex acquired for worker 13644 {"SourceContext": "Infrastructure.Services.DatabaseTestService", "Application": "Crud.Api"}
[06:45:04 INF] Current database state - CanConnect: True {"SourceContext": "Infrastructure.Services.DatabaseTestService", "Application": "Crud.Api"}
[06:45:04 INF] [Phase 0] Closing database connection for worker 13644... {"SourceContext": "Infrastructure.Services.DatabaseTestService", "Application": "Crud.Api"}
[06:45:04 INF] [Phase 0] Connection closed in 0.0005ms {"SourceContext": "Infrastructure.Services.DatabaseTestService", "Application": "Crud.Api"}
[06:45:04 INF] [Phase 1] Starting EnsureDeletedAsync for worker 13644... {"SourceContext": "Infrastructure.Services.DatabaseTestService", "Application": "Crud.Api"}
[06:45:04 INF] [Phase 1] EnsureDeletedAsync completed in 1.1076ms {"SourceContext": "Infrastructure.Services.DatabaseTestService", "Application": "Crud.Api"}
[06:45:04 INF] [Phase 2] Starting EnsureCreatedAsync for worker 13644... {"SourceContext": "Infrastructure.Services.DatabaseTestService", "Application": "Crud.Api"}
[06:45:04 INF] [Phase 2] EnsureCreatedAsync completed in 7.0722ms {"SourceContext": "Infrastructure.Services.DatabaseTestService", "Application": "Crud.Api"}
[06:45:04 INF] [Phase 3] Skipping database seeding as requested for worker 13644 {"SourceContext": "Infrastructure.Services.DatabaseTestService", "Application": "Crud.Api"}
[06:45:04 INF] Database reset via file deletion completed for worker 13644 in 108.1255ms (Close: 0.0005ms, Delete: 1.1076ms, Create: 7.0722ms) {"SourceContext": "Infrastructure.Services.DatabaseTestService", "Application": "Crud.Api"}
[06:45:04 INF] Releasing database mutex for worker 13644 {"SourceContext": "Infrastructure.Services.DatabaseTestService", "Application": "Crud.Api"}
[06:45:05 INF] User registered successfully: 5cbfe172-1ef0-4007-bc2b-190c8612d8af {"SourceContext": "App.Features.Authentication.RegisterUserCommandHandler", "ActionId": "b8939ff0-f7de-421d-9a69-73c6523457b4", "ActionName": "Api.Controllers.AuthController.Register (Api)", "RequestId": "0HNFGVQB4PDQB", "RequestPath": "/api/auth/register", "Application": "Crud.Api"}
Activity.TraceId:            df68e3c9d85d5fe911faadb076b569f1
Activity.SpanId:             31f9ad15cfbb1fdb
Activity.TraceFlags:         Recorded
Activity.ActivitySourceName: Microsoft.AspNetCore
Activity.DisplayName:        POST api/Auth/register
Activity.Kind:               Server
Activity.StartTime:          2025-09-11T06:45:04.7797493Z
Activity.Duration:           00:00:00.2984913
Activity.Tags:
    server.address: localhost
    http.request.method: POST
    url.scheme: http
    url.path: /api/auth/register
    network.protocol.version: 1.1
    http.route: api/Auth/register
    http.response.status_code: 200
Resource associated with Activity:
    deployment.environment: Testing
    service.name: Crud.Api
    service.version: 1.0.0
    service.instance.id: bb25e7a8-9ced-49c8-9e52-fd74b67e7fff
    telemetry.sdk.name: opentelemetry
    telemetry.sdk.language: dotnet
    telemetry.sdk.version: 1.8.1
[06:45:05 INF] User logged in successfully: 5cbfe172-1ef0-4007-bc2b-190c8612d8af {"SourceContext": "App.Features.Authentication.LoginCommandHandler", "ActionId": "4d68b79f-623c-49d4-83f6-3674bfb7533a", "ActionName": "Api.Controllers.AuthController.Login (Api)", "RequestId": "0HNFGVQB4PDQC", "RequestPath": "/api/auth/login", "Application": "Crud.Api"}
Activity.TraceId:            7ad36a8ee528b2929b8bffe0cf9fd9d0
Activity.SpanId:             4909772b8781a2c2
Activity.TraceFlags:         Recorded
Activity.ActivitySourceName: Microsoft.AspNetCore
Activity.DisplayName:        POST api/Auth/login
Activity.Kind:               Server
Activity.StartTime:          2025-09-11T06:45:05.0792119Z
Activity.Duration:           00:00:00.2987347
Activity.Tags:
    server.address: localhost
    http.request.method: POST
    url.scheme: http
    url.path: /api/auth/login
    network.protocol.version: 1.1
    http.route: api/Auth/login
    http.response.status_code: 200
Resource associated with Activity:
    deployment.environment: Testing
    service.name: Crud.Api
    service.version: 1.0.0
    service.instance.id: bb25e7a8-9ced-49c8-9e52-fd74b67e7fff
    telemetry.sdk.name: opentelemetry
    telemetry.sdk.language: dotnet
    telemetry.sdk.version: 1.8.1
[06:45:05 DBG] Removed cache value for key: entity:person:88dded10c6c14c4293b1807140d00294 {"SourceContext": "Infrastructure.Services.Caching.InMemoryCacheService", "ActionId": "c612e991-18e0-44fe-94bb-4336c32d5471", "ActionName": "Api.Controllers.PeopleController.Create (Api)", "RequestId": "0HNFGVQB4PDQD", "RequestPath": "/api/people", "Application": "Crud.Api"}
[06:45:05 DBG] Removed cache value for key: list:person {"SourceContext": "Infrastructure.Services.Caching.InMemoryCacheService", "ActionId": "c612e991-18e0-44fe-94bb-4336c32d5471", "ActionName": "Api.Controllers.PeopleController.Create (Api)", "RequestId": "0HNFGVQB4PDQD", "RequestPath": "/api/people", "Application": "Crud.Api"}
[06:45:05 DBG] Invalidating cache for entity type: people with tag: people {"SourceContext": "Api.Services.OutputCacheInvalidationService", "ActionId": "c612e991-18e0-44fe-94bb-4336c32d5471", "ActionName": "Api.Controllers.PeopleController.Create (Api)", "RequestId": "0HNFGVQB4PDQD", "RequestPath": "/api/people", "Application": "Crud.Api"}
[06:45:05 INF] Successfully invalidated cache for entity type: people {"SourceContext": "Api.Services.OutputCacheInvalidationService", "ActionId": "c612e991-18e0-44fe-94bb-4336c32d5471", "ActionName": "Api.Controllers.PeopleController.Create (Api)", "RequestId": "0HNFGVQB4PDQD", "RequestPath": "/api/people", "Application": "Crud.Api"}
Activity.TraceId:            25cd821302833bd7c4233ccdf3c5ad0b
Activity.SpanId:             62862bc6ca608c17
Activity.TraceFlags:         Recorded
Activity.ActivitySourceName: Microsoft.AspNetCore
Activity.DisplayName:        POST api/People
Activity.Kind:               Server
Activity.StartTime:          2025-09-11T06:45:05.3786197Z
Activity.Duration:           00:00:00.0039143
Activity.Tags:
    server.address: localhost
    http.request.method: POST
    url.scheme: http
    url.path: /api/people
    network.protocol.version: 1.1
    http.route: api/People
    http.response.status_code: 201
Resource associated with Activity:
    deployment.environment: Testing
    service.name: Crud.Api
    service.version: 1.0.0
    service.instance.id: bb25e7a8-9ced-49c8-9e52-fd74b67e7fff
    telemetry.sdk.name: opentelemetry
    telemetry.sdk.language: dotnet
    telemetry.sdk.version: 1.8.1
[06:45:05 DBG] Cache miss for key: entity:person:88dded10c6c14c4293b1807140d00294 {"SourceContext": "Infrastructure.Services.Caching.InMemoryCacheService", "ActionId": "e526aa2a-9c59-4f6c-abab-3572e2eef488", "ActionName": "Api.Controllers.PeopleController.Update (Api)", "RequestId": "0HNFGVQB4PDQE", "RequestPath": "/api/people/88dded10-c6c1-4c42-93b1-807140d00294", "Application": "Crud.Api"}
[06:45:05 DBG] Set cache value for key: entity:person:88dded10c6c14c4293b1807140d00294 {"SourceContext": "Infrastructure.Services.Caching.InMemoryCacheService", "ActionId": "e526aa2a-9c59-4f6c-abab-3572e2eef488", "ActionName": "Api.Controllers.PeopleController.Update (Api)", "RequestId": "0HNFGVQB4PDQE", "RequestPath": "/api/people/88dded10-c6c1-4c42-93b1-807140d00294", "Application": "Crud.Api"}
[06:45:05 DBG] Removed cache value for key: entity:person:88dded10c6c14c4293b1807140d00294 {"SourceContext": "Infrastructure.Services.Caching.InMemoryCacheService", "ActionId": "e526aa2a-9c59-4f6c-abab-3572e2eef488", "ActionName": "Api.Controllers.PeopleController.Update (Api)", "RequestId": "0HNFGVQB4PDQE", "RequestPath": "/api/people/88dded10-c6c1-4c42-93b1-807140d00294", "Application": "Crud.Api"}
[06:45:05 DBG] Removed cache value for key: list:person {"SourceContext": "Infrastructure.Services.Caching.InMemoryCacheService", "ActionId": "e526aa2a-9c59-4f6c-abab-3572e2eef488", "ActionName": "Api.Controllers.PeopleController.Update (Api)", "RequestId": "0HNFGVQB4PDQE", "RequestPath": "/api/people/88dded10-c6c1-4c42-93b1-807140d00294", "Application": "Crud.Api"}
[06:45:05 DBG] Invalidating cache for entity: people/88dded10-c6c1-4c42-93b1-807140d00294 with tags: people, people:88dded10-c6c1-4c42-93b1-807140d00294 {"SourceContext": "Api.Services.OutputCacheInvalidationService", "ActionId": "e526aa2a-9c59-4f6c-abab-3572e2eef488", "ActionName": "Api.Controllers.PeopleController.Update (Api)", "RequestId": "0HNFGVQB4PDQE", "RequestPath": "/api/people/88dded10-c6c1-4c42-93b1-807140d00294", "Application": "Crud.Api"}
[06:45:05 DBG] Successfully invalidated cache for tag: people {"SourceContext": "Api.Services.OutputCacheInvalidationService", "ActionId": "e526aa2a-9c59-4f6c-abab-3572e2eef488", "ActionName": "Api.Controllers.PeopleController.Update (Api)", "RequestId": "0HNFGVQB4PDQE", "RequestPath": "/api/people/88dded10-c6c1-4c42-93b1-807140d00294", "Application": "Crud.Api"}
[06:45:05 DBG] Successfully invalidated cache for tag: people:88dded10-c6c1-4c42-93b1-807140d00294 {"SourceContext": "Api.Services.OutputCacheInvalidationService", "ActionId": "e526aa2a-9c59-4f6c-abab-3572e2eef488", "ActionName": "Api.Controllers.PeopleController.Update (Api)", "RequestId": "0HNFGVQB4PDQE", "RequestPath": "/api/people/88dded10-c6c1-4c42-93b1-807140d00294", "Application": "Crud.Api"}
Activity.TraceId:            a931bc0c01effbb51a4dbf8698cb1ec8
Activity.SpanId:             14438292a8e37362
Activity.TraceFlags:         Recorded
Activity.ActivitySourceName: Microsoft.AspNetCore
Activity.DisplayName:        PUT api/People/{id:guid}
Activity.Kind:               Server
Activity.StartTime:          2025-09-11T06:45:05.3828004Z
Activity.Duration:           00:00:00.0054473
Activity.Tags:
    server.address: localhost
    http.request.method: PUT
    url.scheme: http
    url.path: /api/people/88dded10-c6c1-4c42-93b1-807140d00294
    network.protocol.version: 1.1
    http.route: api/People/{id:guid}
    http.response.status_code: 204
Resource associated with Activity:
    deployment.environment: Testing
    service.name: Crud.Api
    service.version: 1.0.0
    service.instance.id: bb25e7a8-9ced-49c8-9e52-fd74b67e7fff
    telemetry.sdk.name: opentelemetry
    telemetry.sdk.language: dotnet
    telemetry.sdk.version: 1.8.1
[06:45:05 DBG] Cache miss for key: entity:person:88dded10c6c14c4293b1807140d00294 {"SourceContext": "Infrastructure.Services.Caching.InMemoryCacheService", "ActionId": "826ddf5f-5135-458f-afb0-13e311ae388b", "ActionName": "Api.Controllers.PeopleController.Get (Api)", "RequestId": "0HNFGVQB4PDQF", "RequestPath": "/api/people/88dded10-c6c1-4c42-93b1-807140d00294", "Application": "Crud.Api"}
[06:45:05 DBG] Set cache value for key: entity:person:88dded10c6c14c4293b1807140d00294 {"SourceContext": "Infrastructure.Services.Caching.InMemoryCacheService", "ActionId": "826ddf5f-5135-458f-afb0-13e311ae388b", "ActionName": "Api.Controllers.PeopleController.Get (Api)", "RequestId": "0HNFGVQB4PDQF", "RequestPath": "/api/people/88dded10-c6c1-4c42-93b1-807140d00294", "Application": "Crud.Api"}
Activity.TraceId:            d8f2516e096452d84eef77913b61c250
Activity.SpanId:             4799332fbaeb481d
Activity.TraceFlags:         Recorded
Activity.ActivitySourceName: Microsoft.AspNetCore
Activity.DisplayName:        GET api/People/{id:guid}
Activity.Kind:               Server
Activity.StartTime:          2025-09-11T06:45:05.3883525Z
Activity.Duration:           00:00:00.0030926
Activity.Tags:
    server.address: localhost
    http.request.method: GET
    url.scheme: http
    url.path: /api/people/88dded10-c6c1-4c42-93b1-807140d00294
    network.protocol.version: 1.1
    http.route: api/People/{id:guid}
    http.response.status_code: 200
Resource associated with Activity:
    deployment.environment: Testing
    service.name: Crud.Api
    service.version: 1.0.0
    service.instance.id: bb25e7a8-9ced-49c8-9e52-fd74b67e7fff
    telemetry.sdk.name: opentelemetry
    telemetry.sdk.language: dotnet
    telemetry.sdk.version: 1.8.1
[06:45:05 INF] Resetting database for worker 13644 {"SourceContext": "Infrastructure.Services.DatabaseTestService", "Application": "Crud.Api"}
[06:45:05 INF] Resetting database via file deletion for worker 13644 in CI environment {"SourceContext": "Infrastructure.Services.DatabaseTestService", "Application": "Crud.Api"}
[06:45:05 INF] Acquiring database mutex for worker 13644... {"SourceContext": "Infrastructure.Services.DatabaseTestService", "Application": "Crud.Api"}
[06:45:05 INF] Database mutex acquired for worker 13644 {"SourceContext": "Infrastructure.Services.DatabaseTestService", "Application": "Crud.Api"}
[06:45:05 INF] Current database state - CanConnect: True {"SourceContext": "Infrastructure.Services.DatabaseTestService", "Application": "Crud.Api"}
[06:45:05 INF] [Phase 0] Closing database connection for worker 13644... {"SourceContext": "Infrastructure.Services.DatabaseTestService", "Application": "Crud.Api"}
[06:45:05 INF] [Phase 0] Connection closed in 0.0006ms {"SourceContext": "Infrastructure.Services.DatabaseTestService", "Application": "Crud.Api"}
[06:45:05 INF] [Phase 1] Starting EnsureDeletedAsync for worker 13644... {"SourceContext": "Infrastructure.Services.DatabaseTestService", "Application": "Crud.Api"}
[06:45:05 INF] [Phase 1] EnsureDeletedAsync completed in 1.1557ms {"SourceContext": "Infrastructure.Services.DatabaseTestService", "Application": "Crud.Api"}
[06:45:05 INF] [Phase 2] Starting EnsureCreatedAsync for worker 13644... {"SourceContext": "Infrastructure.Services.DatabaseTestService", "Application": "Crud.Api"}
[06:45:05 INF] [Phase 2] EnsureCreatedAsync completed in 7.3874ms {"SourceContext": "Infrastructure.Services.DatabaseTestService", "Application": "Crud.Api"}
[06:45:05 INF] [Phase 3] Skipping database seeding as requested for worker 13644 {"SourceContext": "Infrastructure.Services.DatabaseTestService", "Application": "Crud.Api"}
[06:45:05 INF] Database reset via file deletion completed for worker 13644 in 109.1495ms (Close: 0.0006ms, Delete: 1.1557ms, Create: 7.3874ms) {"SourceContext": "Infrastructure.Services.DatabaseTestService", "Application": "Crud.Api"}
[06:45:05 INF] Releasing database mutex for worker 13644 {"SourceContext": "Infrastructure.Services.DatabaseTestService", "Application": "Crud.Api"}
[06:45:05 INF] Resetting database for worker 13644 {"SourceContext": "Infrastructure.Services.DatabaseTestService", "Application": "Crud.Api"}
[06:45:05 INF] Resetting database via file deletion for worker 13644 in CI environment {"SourceContext": "Infrastructure.Services.DatabaseTestService", "Application": "Crud.Api"}
[06:45:05 INF] Acquiring database mutex for worker 13644... {"SourceContext": "Infrastructure.Services.DatabaseTestService", "Application": "Crud.Api"}
[06:45:05 INF] Database mutex acquired for worker 13644 {"SourceContext": "Infrastructure.Services.DatabaseTestService", "Application": "Crud.Api"}
[06:45:05 INF] Current database state - CanConnect: True {"SourceContext": "Infrastructure.Services.DatabaseTestService", "Application": "Crud.Api"}
[06:45:05 INF] [Phase 0] Closing database connection for worker 13644... {"SourceContext": "Infrastructure.Services.DatabaseTestService", "Application": "Crud.Api"}
[06:45:05 INF] [Phase 0] Connection closed in 0.0006ms {"SourceContext": "Infrastructure.Services.DatabaseTestService", "Application": "Crud.Api"}
[06:45:05 INF] [Phase 1] Starting EnsureDeletedAsync for worker 13644... {"SourceContext": "Infrastructure.Services.DatabaseTestService", "Application": "Crud.Api"}
[06:45:05 INF] [Phase 1] EnsureDeletedAsync completed in 1.1344ms {"SourceContext": "Infrastructure.Services.DatabaseTestService", "Application": "Crud.Api"}
[06:45:05 INF] [Phase 2] Starting EnsureCreatedAsync for worker 13644... {"SourceContext": "Infrastructure.Services.DatabaseTestService", "Application": "Crud.Api"}
[06:45:05 INF] [Phase 2] EnsureCreatedAsync completed in 12.9398ms {"SourceContext": "Infrastructure.Services.DatabaseTestService", "Application": "Crud.Api"}
[06:45:05 INF] [Phase 3] Skipping database seeding as requested for worker 13644 {"SourceContext": "Infrastructure.Services.DatabaseTestService", "Application": "Crud.Api"}
[06:45:05 INF] Database reset via file deletion completed for worker 13644 in 114.2132ms (Close: 0.0006ms, Delete: 1.1344ms, Create: 12.9398ms) {"SourceContext": "Infrastructure.Services.DatabaseTestService", "Application": "Crud.Api"}
[06:45:05 INF] Releasing database mutex for worker 13644 {"SourceContext": "Infrastructure.Services.DatabaseTestService", "Application": "Crud.Api"}
Activity.TraceId:            3a66212842b17645f6c02d8d93536d9f
Activity.SpanId:             96ec30091050615e
Activity.TraceFlags:         Recorded
Activity.ActivitySourceName: Microsoft.AspNetCore
Activity.DisplayName:        GET api/People
Activity.Kind:               Server
Activity.StartTime:          2025-09-11T06:45:05.6184097Z
Activity.Duration:           00:00:00.0002878
Activity.Tags:
    server.address: localhost
    http.request.method: GET
    url.scheme: http
    url.path: /api/people
    network.protocol.version: 1.1
    http.route: api/People
    http.response.status_code: 401
Resource associated with Activity:
    deployment.environment: Testing
    service.name: Crud.Api
    service.version: 1.0.0
    service.instance.id: bb25e7a8-9ced-49c8-9e52-fd74b67e7fff
    telemetry.sdk.name: opentelemetry
    telemetry.sdk.language: dotnet
    telemetry.sdk.version: 1.8.1
[06:45:05 INF] Resetting database for worker 13644 {"SourceContext": "Infrastructure.Services.DatabaseTestService", "Application": "Crud.Api"}
[06:45:05 INF] Resetting database via file deletion for worker 13644 in CI environment {"SourceContext": "Infrastructure.Services.DatabaseTestService", "Application": "Crud.Api"}
[06:45:05 INF] Acquiring database mutex for worker 13644... {"SourceContext": "Infrastructure.Services.DatabaseTestService", "Application": "Crud.Api"}
[06:45:05 INF] Database mutex acquired for worker 13644 {"SourceContext": "Infrastructure.Services.DatabaseTestService", "Application": "Crud.Api"}
[06:45:05 INF] Current database state - CanConnect: True {"SourceContext": "Infrastructure.Services.DatabaseTestService", "Application": "Crud.Api"}
[06:45:05 INF] [Phase 0] Closing database connection for worker 13644... {"SourceContext": "Infrastructure.Services.DatabaseTestService", "Application": "Crud.Api"}
[06:45:05 INF] [Phase 0] Connection closed in 0.0005ms {"SourceContext": "Infrastructure.Services.DatabaseTestService", "Application": "Crud.Api"}
[06:45:05 INF] [Phase 1] Starting EnsureDeletedAsync for worker 13644... {"SourceContext": "Infrastructure.Services.DatabaseTestService", "Application": "Crud.Api"}
[06:45:05 INF] [Phase 1] EnsureDeletedAsync completed in 1.18ms {"SourceContext": "Infrastructure.Services.DatabaseTestService", "Application": "Crud.Api"}
[06:45:05 INF] [Phase 2] Starting EnsureCreatedAsync for worker 13644... {"SourceContext": "Infrastructure.Services.DatabaseTestService", "Application": "Crud.Api"}
[06:45:05 INF] [Phase 2] EnsureCreatedAsync completed in 7.3319ms {"SourceContext": "Infrastructure.Services.DatabaseTestService", "Application": "Crud.Api"}
[06:45:05 INF] [Phase 3] Skipping database seeding as requested for worker 13644 {"SourceContext": "Infrastructure.Services.DatabaseTestService", "Application": "Crud.Api"}
[06:45:05 INF] Database reset via file deletion completed for worker 13644 in 109.0071ms (Close: 0.0005ms, Delete: 1.18ms, Create: 7.3319ms) {"SourceContext": "Infrastructure.Services.DatabaseTestService", "Application": "Crud.Api"}
[06:45:05 INF] Releasing database mutex for worker 13644 {"SourceContext": "Infrastructure.Services.DatabaseTestService", "Application": "Crud.Api"}
[06:45:05 INF] Resetting database for worker 13644 {"SourceContext": "Infrastructure.Services.DatabaseTestService", "Application": "Crud.Api"}
[06:45:05 INF] Resetting database via file deletion for worker 13644 in CI environment {"SourceContext": "Infrastructure.Services.DatabaseTestService", "Application": "Crud.Api"}
[06:45:05 INF] Acquiring database mutex for worker 13644... {"SourceContext": "Infrastructure.Services.DatabaseTestService", "Application": "Crud.Api"}
[06:45:05 INF] Database mutex acquired for worker 13644 {"SourceContext": "Infrastructure.Services.DatabaseTestService", "Application": "Crud.Api"}
[06:45:05 INF] Current database state - CanConnect: True {"SourceContext": "Infrastructure.Services.DatabaseTestService", "Application": "Crud.Api"}
[06:45:05 INF] [Phase 0] Closing database connection for worker 13644... {"SourceContext": "Infrastructure.Services.DatabaseTestService", "Application": "Crud.Api"}
[06:45:05 INF] [Phase 0] Connection closed in 0.0005ms {"SourceContext": "Infrastructure.Services.DatabaseTestService", "Application": "Crud.Api"}
[06:45:05 INF] [Phase 1] Starting EnsureDeletedAsync for worker 13644... {"SourceContext": "Infrastructure.Services.DatabaseTestService", "Application": "Crud.Api"}
[06:45:05 INF] [Phase 1] EnsureDeletedAsync completed in 1.2123ms {"SourceContext": "Infrastructure.Services.DatabaseTestService", "Application": "Crud.Api"}
[06:45:05 INF] [Phase 2] Starting EnsureCreatedAsync for worker 13644... {"SourceContext": "Infrastructure.Services.DatabaseTestService", "Application": "Crud.Api"}
[06:45:05 INF] [Phase 2] EnsureCreatedAsync completed in 7.4438ms {"SourceContext": "Infrastructure.Services.DatabaseTestService", "Application": "Crud.Api"}
[06:45:05 INF] [Phase 3] Skipping database seeding as requested for worker 13644 {"SourceContext": "Infrastructure.Services.DatabaseTestService", "Application": "Crud.Api"}
[06:45:05 INF] Database reset via file deletion completed for worker 13644 in 108.7887ms (Close: 0.0005ms, Delete: 1.2123ms, Create: 7.4438ms) {"SourceContext": "Infrastructure.Services.DatabaseTestService", "Application": "Crud.Api"}
[06:45:05 INF] Releasing database mutex for worker 13644 {"SourceContext": "Infrastructure.Services.DatabaseTestService", "Application": "Crud.Api"}
[06:45:06 INF] User registered successfully: 4f196d29-77ff-4129-8c10-2e8f22ac3c72 {"SourceContext": "App.Features.Authentication.RegisterUserCommandHandler", "ActionId": "b8939ff0-f7de-421d-9a69-73c6523457b4", "ActionName": "Api.Controllers.AuthController.Register (Api)", "RequestId": "0HNFGVQB4PDQH", "RequestPath": "/api/auth/register", "Application": "Crud.Api"}
Activity.TraceId:            3eebf365eb36ade63127ea6070e3c3fc
Activity.SpanId:             18bf00c0e795f5d5
Activity.TraceFlags:         Recorded
Activity.ActivitySourceName: Microsoft.AspNetCore
Activity.DisplayName:        POST api/Auth/register
Activity.Kind:               Server
Activity.StartTime:          2025-09-11T06:45:05.8413319Z
Activity.Duration:           00:00:00.2985951
Activity.Tags:
    server.address: localhost
    http.request.method: POST
    url.scheme: http
    url.path: /api/auth/register
    network.protocol.version: 1.1
    http.route: api/Auth/register
    http.response.status_code: 200
Resource associated with Activity:
    deployment.environment: Testing
    service.name: Crud.Api
    service.version: 1.0.0
    service.instance.id: bb25e7a8-9ced-49c8-9e52-fd74b67e7fff
    telemetry.sdk.name: opentelemetry
    telemetry.sdk.language: dotnet
    telemetry.sdk.version: 1.8.1
[06:45:06 INF] User logged in successfully: 4f196d29-77ff-4129-8c10-2e8f22ac3c72 {"SourceContext": "App.Features.Authentication.LoginCommandHandler", "ActionId": "4d68b79f-623c-49d4-83f6-3674bfb7533a", "ActionName": "Api.Controllers.AuthController.Login (Api)", "RequestId": "0HNFGVQB4PDQI", "RequestPath": "/api/auth/login", "Application": "Crud.Api"}
Activity.TraceId:            7045ffb7db337de07f4176a0f1061a1d
Activity.SpanId:             2abf3331a5c745bf
Activity.TraceFlags:         Recorded
Activity.ActivitySourceName: Microsoft.AspNetCore
Activity.DisplayName:        POST api/Auth/login
Activity.Kind:               Server
Activity.StartTime:          2025-09-11T06:45:06.1409788Z
Activity.Duration:           00:00:00.2999154
Activity.Tags:
    server.address: localhost
    http.request.method: POST
    url.scheme: http
    url.path: /api/auth/login
    network.protocol.version: 1.1
    http.route: api/Auth/login
    http.response.status_code: 200
Resource associated with Activity:
    deployment.environment: Testing
    service.name: Crud.Api
    service.version: 1.0.0
    service.instance.id: bb25e7a8-9ced-49c8-9e52-fd74b67e7fff
    telemetry.sdk.name: opentelemetry
    telemetry.sdk.language: dotnet
    telemetry.sdk.version: 1.8.1
[06:45:06 INF] User registered successfully: a086ca37-bca7-4509-b0ac-938fa1d722a2 {"SourceContext": "App.Features.Authentication.RegisterUserCommandHandler", "ActionId": "b8939ff0-f7de-421d-9a69-73c6523457b4", "ActionName": "Api.Controllers.AuthController.Register (Api)", "RequestId": "0HNFGVQB4PDQJ", "RequestPath": "/api/auth/register", "Application": "Crud.Api"}
Activity.TraceId:            9e243ef490321855c625b14b2f225a85
Activity.SpanId:             6b877443ea75b605
Activity.TraceFlags:         Recorded
Activity.ActivitySourceName: Microsoft.AspNetCore
Activity.DisplayName:        POST api/Auth/register
Activity.Kind:               Server
Activity.StartTime:          2025-09-11T06:45:06.4414393Z
Activity.Duration:           00:00:00.2986842
Activity.Tags:
    server.address: localhost
    http.request.method: POST
    url.scheme: http
    url.path: /api/auth/register
    network.protocol.version: 1.1
    http.route: api/Auth/register
    http.response.status_code: 200
Resource associated with Activity:
    deployment.environment: Testing
    service.name: Crud.Api
    service.version: 1.0.0
    service.instance.id: bb25e7a8-9ced-49c8-9e52-fd74b67e7fff
    telemetry.sdk.name: opentelemetry
    telemetry.sdk.language: dotnet
    telemetry.sdk.version: 1.8.1
[06:45:06 DBG] Cache miss for key: name:role:testrole {"SourceContext": "Infrastructure.Services.Caching.InMemoryCacheService", "ActionId": "6fb8c020-f19a-4146-9396-d26036621ce5", "ActionName": "Api.Controllers.RolesController.Create (Api)", "RequestId": "0HNFGVQB4PDQK", "RequestPath": "/api/roles", "Application": "Crud.Api"}
[06:45:06 DBG] Removed cache value for key: entity:role:18e4443f22bc493c981216a9a1c648ac {"SourceContext": "Infrastructure.Services.Caching.InMemoryCacheService", "ActionId": "6fb8c020-f19a-4146-9396-d26036621ce5", "ActionName": "Api.Controllers.RolesController.Create (Api)", "RequestId": "0HNFGVQB4PDQK", "RequestPath": "/api/roles", "Application": "Crud.Api"}
[06:45:06 DBG] Removed cache value for key: list:role {"SourceContext": "Infrastructure.Services.Caching.InMemoryCacheService", "ActionId": "6fb8c020-f19a-4146-9396-d26036621ce5", "ActionName": "Api.Controllers.RolesController.Create (Api)", "RequestId": "0HNFGVQB4PDQK", "RequestPath": "/api/roles", "Application": "Crud.Api"}
[06:45:06 DBG] Invalidating cache for entity type: roles with tag: roles {"SourceContext": "Api.Services.OutputCacheInvalidationService", "ActionId": "6fb8c020-f19a-4146-9396-d26036621ce5", "ActionName": "Api.Controllers.RolesController.Create (Api)", "RequestId": "0HNFGVQB4PDQK", "RequestPath": "/api/roles", "Application": "Crud.Api"}
[06:45:06 INF] Successfully invalidated cache for entity type: roles {"SourceContext": "Api.Services.OutputCacheInvalidationService", "ActionId": "6fb8c020-f19a-4146-9396-d26036621ce5", "ActionName": "Api.Controllers.RolesController.Create (Api)", "RequestId": "0HNFGVQB4PDQK", "RequestPath": "/api/roles", "Application": "Crud.Api"}
Activity.TraceId:            a219b4f900f461b1094c4ff7119c6eb8
Activity.SpanId:             df51023a7c303a77
Activity.TraceFlags:         Recorded
Activity.ActivitySourceName: Microsoft.AspNetCore
Activity.DisplayName:        POST api/Roles
Activity.Kind:               Server
Activity.StartTime:          2025-09-11T06:45:06.7407704Z
Activity.Duration:           00:00:00.0036343
Activity.Tags:
    server.address: localhost
    http.request.method: POST
    url.scheme: http
    url.path: /api/roles
    network.protocol.version: 1.1
    http.route: api/Roles
    http.response.status_code: 201
Resource associated with Activity:
    deployment.environment: Testing
    service.name: Crud.Api
    service.version: 1.0.0
    service.instance.id: bb25e7a8-9ced-49c8-9e52-fd74b67e7fff
    telemetry.sdk.name: opentelemetry
    telemetry.sdk.language: dotnet
    telemetry.sdk.version: 1.8.1
[06:45:06 DBG] Cache miss for key: entity:role:18e4443f22bc493c981216a9a1c648ac {"SourceContext": "Infrastructure.Services.Caching.InMemoryCacheService", "ActionId": "c612e991-18e0-44fe-94bb-4336c32d5471", "ActionName": "Api.Controllers.PeopleController.Create (Api)", "RequestId": "0HNFGVQB4PDQL", "RequestPath": "/api/people", "Application": "Crud.Api"}
[06:45:06 DBG] Set cache value for key: entity:role:18e4443f22bc493c981216a9a1c648ac {"SourceContext": "Infrastructure.Services.Caching.InMemoryCacheService", "ActionId": "c612e991-18e0-44fe-94bb-4336c32d5471", "ActionName": "Api.Controllers.PeopleController.Create (Api)", "RequestId": "0HNFGVQB4PDQL", "RequestPath": "/api/people", "Application": "Crud.Api"}
[06:45:06 DBG] Removed cache value for key: entity:person:283fa186511c417685c771baf2fbc90d {"SourceContext": "Infrastructure.Services.Caching.InMemoryCacheService", "ActionId": "c612e991-18e0-44fe-94bb-4336c32d5471", "ActionName": "Api.Controllers.PeopleController.Create (Api)", "RequestId": "0HNFGVQB4PDQL", "RequestPath": "/api/people", "Application": "Crud.Api"}
[06:45:06 DBG] Removed cache value for key: list:person {"SourceContext": "Infrastructure.Services.Caching.InMemoryCacheService", "ActionId": "c612e991-18e0-44fe-94bb-4336c32d5471", "ActionName": "Api.Controllers.PeopleController.Create (Api)", "RequestId": "0HNFGVQB4PDQL", "RequestPath": "/api/people", "Application": "Crud.Api"}
[06:45:06 DBG] Invalidating cache for entity type: people with tag: people {"SourceContext": "Api.Services.OutputCacheInvalidationService", "ActionId": "c612e991-18e0-44fe-94bb-4336c32d5471", "ActionName": "Api.Controllers.PeopleController.Create (Api)", "RequestId": "0HNFGVQB4PDQL", "RequestPath": "/api/people", "Application": "Crud.Api"}
[06:45:06 INF] Successfully invalidated cache for entity type: people {"SourceContext": "Api.Services.OutputCacheInvalidationService", "ActionId": "c612e991-18e0-44fe-94bb-4336c32d5471", "ActionName": "Api.Controllers.PeopleController.Create (Api)", "RequestId": "0HNFGVQB4PDQL", "RequestPath": "/api/people", "Application": "Crud.Api"}
Activity.TraceId:            76d6b8c23fa9da6722727a00f99571c8
Activity.SpanId:             3f15dd95f2f395d2
Activity.TraceFlags:         Recorded
Activity.ActivitySourceName: Microsoft.AspNetCore
Activity.DisplayName:        POST api/People
Activity.Kind:               Server
Activity.StartTime:          2025-09-11T06:45:06.7446035Z
Activity.Duration:           00:00:00.0021516
Activity.Tags:
    server.address: localhost
    http.request.method: POST
    url.scheme: http
    url.path: /api/people
    network.protocol.version: 1.1
    http.route: api/People
    http.response.status_code: 201
Resource associated with Activity:
    deployment.environment: Testing
    service.name: Crud.Api
    service.version: 1.0.0
    service.instance.id: bb25e7a8-9ced-49c8-9e52-fd74b67e7fff
    telemetry.sdk.name: opentelemetry
    telemetry.sdk.language: dotnet
    telemetry.sdk.version: 1.8.1
[06:45:06 DBG] Cache miss for key: entity:person:283fa186511c417685c771baf2fbc90d {"SourceContext": "Infrastructure.Services.Caching.InMemoryCacheService", "ActionId": "826ddf5f-5135-458f-afb0-13e311ae388b", "ActionName": "Api.Controllers.PeopleController.Get (Api)", "RequestId": "0HNFGVQB4PDQM", "RequestPath": "/api/people/283fa186-511c-4176-85c7-71baf2fbc90d", "Application": "Crud.Api"}
[06:45:06 DBG] Set cache value for key: entity:person:283fa186511c417685c771baf2fbc90d {"SourceContext": "Infrastructure.Services.Caching.InMemoryCacheService", "ActionId": "826ddf5f-5135-458f-afb0-13e311ae388b", "ActionName": "Api.Controllers.PeopleController.Get (Api)", "RequestId": "0HNFGVQB4PDQM", "RequestPath": "/api/people/283fa186-511c-4176-85c7-71baf2fbc90d", "Application": "Crud.Api"}
Activity.TraceId:            357169259ca09186e385227840d4dfb8
Activity.SpanId:             f1c4e2357bb7362e
Activity.TraceFlags:         Recorded
Activity.ActivitySourceName: Microsoft.AspNetCore
Activity.DisplayName:        GET api/People/{id:guid}
Activity.Kind:               Server
Activity.StartTime:          2025-09-11T06:45:06.7468903Z
Activity.Duration:           00:00:00.0017186
Activity.Tags:
    server.address: localhost
    http.request.method: GET
    url.scheme: http
    url.path: /api/people/283fa186-511c-4176-85c7-71baf2fbc90d
    network.protocol.version: 1.1
    http.route: api/People/{id:guid}
    http.response.status_code: 200
Resource associated with Activity:
    deployment.environment: Testing
    service.name: Crud.Api
    service.version: 1.0.0
    service.instance.id: bb25e7a8-9ced-49c8-9e52-fd74b67e7fff
    telemetry.sdk.name: opentelemetry
    telemetry.sdk.language: dotnet
    telemetry.sdk.version: 1.8.1
[06:45:06 INF] Resetting database for worker 13644 {"SourceContext": "Infrastructure.Services.DatabaseTestService", "Application": "Crud.Api"}
[06:45:06 INF] Resetting database via file deletion for worker 13644 in CI environment {"SourceContext": "Infrastructure.Services.DatabaseTestService", "Application": "Crud.Api"}
[06:45:06 INF] Acquiring database mutex for worker 13644... {"SourceContext": "Infrastructure.Services.DatabaseTestService", "Application": "Crud.Api"}
[06:45:06 INF] Database mutex acquired for worker 13644 {"SourceContext": "Infrastructure.Services.DatabaseTestService", "Application": "Crud.Api"}
[06:45:06 INF] Current database state - CanConnect: True {"SourceContext": "Infrastructure.Services.DatabaseTestService", "Application": "Crud.Api"}
[06:45:06 INF] [Phase 0] Closing database connection for worker 13644... {"SourceContext": "Infrastructure.Services.DatabaseTestService", "Application": "Crud.Api"}
[06:45:06 INF] [Phase 0] Connection closed in 0.0005ms {"SourceContext": "Infrastructure.Services.DatabaseTestService", "Application": "Crud.Api"}
[06:45:06 INF] [Phase 1] Starting EnsureDeletedAsync for worker 13644... {"SourceContext": "Infrastructure.Services.DatabaseTestService", "Application": "Crud.Api"}
[06:45:06 INF] [Phase 1] EnsureDeletedAsync completed in 1.253ms {"SourceContext": "Infrastructure.Services.DatabaseTestService", "Application": "Crud.Api"}
[06:45:06 INF] [Phase 2] Starting EnsureCreatedAsync for worker 13644... {"SourceContext": "Infrastructure.Services.DatabaseTestService", "Application": "Crud.Api"}
[06:45:06 INF] [Phase 2] EnsureCreatedAsync completed in 7.585ms {"SourceContext": "Infrastructure.Services.DatabaseTestService", "Application": "Crud.Api"}
[06:45:06 INF] [Phase 3] Skipping database seeding as requested for worker 13644 {"SourceContext": "Infrastructure.Services.DatabaseTestService", "Application": "Crud.Api"}
[06:45:06 INF] Database reset via file deletion completed for worker 13644 in 107.8631ms (Close: 0.0005ms, Delete: 1.253ms, Create: 7.585ms) {"SourceContext": "Infrastructure.Services.DatabaseTestService", "Application": "Crud.Api"}
[06:45:06 INF] Releasing database mutex for worker 13644 {"SourceContext": "Infrastructure.Services.DatabaseTestService", "Application": "Crud.Api"}
[06:45:06 INF] Resetting database for worker 13644 {"SourceContext": "Infrastructure.Services.DatabaseTestService", "Application": "Crud.Api"}
[06:45:06 INF] Resetting database via file deletion for worker 13644 in CI environment {"SourceContext": "Infrastructure.Services.DatabaseTestService", "Application": "Crud.Api"}
[06:45:06 INF] Acquiring database mutex for worker 13644... {"SourceContext": "Infrastructure.Services.DatabaseTestService", "Application": "Crud.Api"}
[06:45:06 INF] Database mutex acquired for worker 13644 {"SourceContext": "Infrastructure.Services.DatabaseTestService", "Application": "Crud.Api"}
[06:45:06 INF] Current database state - CanConnect: True {"SourceContext": "Infrastructure.Services.DatabaseTestService", "Application": "Crud.Api"}
[06:45:06 INF] [Phase 0] Closing database connection for worker 13644... {"SourceContext": "Infrastructure.Services.DatabaseTestService", "Application": "Crud.Api"}
[06:45:06 INF] [Phase 0] Connection closed in 0.0005ms {"SourceContext": "Infrastructure.Services.DatabaseTestService", "Application": "Crud.Api"}
[06:45:06 INF] [Phase 1] Starting EnsureDeletedAsync for worker 13644... {"SourceContext": "Infrastructure.Services.DatabaseTestService", "Application": "Crud.Api"}
[xUnit.net 00:01:09.82]       Skipping due to concurrency conflict - RowVersion not implemented in UpdatePersonRequest
[06:45:06 INF] [Phase 1] EnsureDeletedAsync completed in 1.1714ms {"SourceContext": "Infrastructure.Services.DatabaseTestService", "Application": "Crud.Api"}
[06:45:06 INF] [Phase 2] Starting EnsureCreatedAsync for worker 13644... {"SourceContext": "Infrastructure.Services.DatabaseTestService", "Application": "Crud.Api"}
[06:45:06 INF] [Phase 2] EnsureCreatedAsync completed in 7.0982ms {"SourceContext": "Infrastructure.Services.DatabaseTestService", "Application": "Crud.Api"}
[06:45:06 INF] [Phase 3] Skipping database seeding as requested for worker 13644 {"SourceContext": "Infrastructure.Services.DatabaseTestService", "Application": "Crud.Api"}
[06:45:06 INF] Database reset via file deletion completed for worker 13644 in 108.4979ms (Close: 0.0005ms, Delete: 1.1714ms, Create: 7.0982ms) {"SourceContext": "Infrastructure.Services.DatabaseTestService", "Application": "Crud.Api"}
[06:45:06 INF] Releasing database mutex for worker 13644 {"SourceContext": "Infrastructure.Services.DatabaseTestService", "Application": "Crud.Api"}
[06:45:07 INF] User registered successfully: 9ba536eb-59b0-4998-a04d-09a9142fd4cb {"SourceContext": "App.Features.Authentication.RegisterUserCommandHandler", "ActionId": "b8939ff0-f7de-421d-9a69-73c6523457b4", "ActionName": "Api.Controllers.AuthController.Register (Api)", "RequestId": "0HNFGVQB4PDQN", "RequestPath": "/api/auth/register", "Application": "Crud.Api"}
Activity.TraceId:            7cc1e4f847f5980c3998bc32a10d0634
Activity.SpanId:             9debbb7b7275fd3d
Activity.TraceFlags:         Recorded
Activity.ActivitySourceName: Microsoft.AspNetCore
Activity.DisplayName:        POST api/Auth/register
Activity.Kind:               Server
Activity.StartTime:          2025-09-11T06:45:06.9693055Z
Activity.Duration:           00:00:00.2998930
Activity.Tags:
    server.address: localhost
    http.request.method: POST
    url.scheme: http
    url.path: /api/auth/register
    network.protocol.version: 1.1
    http.route: api/Auth/register
    http.response.status_code: 200
Resource associated with Activity:
    deployment.environment: Testing
    service.name: Crud.Api
    service.version: 1.0.0
    service.instance.id: bb25e7a8-9ced-49c8-9e52-fd74b67e7fff
    telemetry.sdk.name: opentelemetry
    telemetry.sdk.language: dotnet
    telemetry.sdk.version: 1.8.1
[06:45:07 INF] User logged in successfully: 9ba536eb-59b0-4998-a04d-09a9142fd4cb {"SourceContext": "App.Features.Authentication.LoginCommandHandler", "ActionId": "4d68b79f-623c-49d4-83f6-3674bfb7533a", "ActionName": "Api.Controllers.AuthController.Login (Api)", "RequestId": "0HNFGVQB4PDQO", "RequestPath": "/api/auth/login", "Application": "Crud.Api"}
Activity.TraceId:            ea5ef404598548cd5ef9bb7d48dfc406
Activity.SpanId:             6d0c8aaef24128f1
Activity.TraceFlags:         Recorded
Activity.ActivitySourceName: Microsoft.AspNetCore
Activity.DisplayName:        POST api/Auth/login
Activity.Kind:               Server
Activity.StartTime:          2025-09-11T06:45:07.2709790Z
Activity.Duration:           00:00:00.3102110
Activity.Tags:
    server.address: localhost
    http.request.method: POST
    url.scheme: http
    url.path: /api/auth/login
    network.protocol.version: 1.1
    http.route: api/Auth/login
    http.response.status_code: 200
Resource associated with Activity:
    deployment.environment: Testing
    service.name: Crud.Api
    service.version: 1.0.0
    service.instance.id: bb25e7a8-9ced-49c8-9e52-fd74b67e7fff
    telemetry.sdk.name: opentelemetry
    telemetry.sdk.language: dotnet
    telemetry.sdk.version: 1.8.1
[06:45:07 DBG] Removed cache value for key: entity:person:c2fb15d2a99b4b53a97de83e76faccdd {"SourceContext": "Infrastructure.Services.Caching.InMemoryCacheService", "ActionId": "c612e991-18e0-44fe-94bb-4336c32d5471", "ActionName": "Api.Controllers.PeopleController.Create (Api)", "RequestId": "0HNFGVQB4PDQP", "RequestPath": "/api/people", "Application": "Crud.Api"}
[06:45:07 DBG] Removed cache value for key: list:person {"SourceContext": "Infrastructure.Services.Caching.InMemoryCacheService", "ActionId": "c612e991-18e0-44fe-94bb-4336c32d5471", "ActionName": "Api.Controllers.PeopleController.Create (Api)", "RequestId": "0HNFGVQB4PDQP", "RequestPath": "/api/people", "Application": "Crud.Api"}
[06:45:07 DBG] Invalidating cache for entity type: people with tag: people {"SourceContext": "Api.Services.OutputCacheInvalidationService", "ActionId": "c612e991-18e0-44fe-94bb-4336c32d5471", "ActionName": "Api.Controllers.PeopleController.Create (Api)", "RequestId": "0HNFGVQB4PDQP", "RequestPath": "/api/people", "Application": "Crud.Api"}
[06:45:07 INF] Successfully invalidated cache for entity type: people {"SourceContext": "Api.Services.OutputCacheInvalidationService", "ActionId": "c612e991-18e0-44fe-94bb-4336c32d5471", "ActionName": "Api.Controllers.PeopleController.Create (Api)", "RequestId": "0HNFGVQB4PDQP", "RequestPath": "/api/people", "Application": "Crud.Api"}
Activity.TraceId:            bdb04dbe40e021ef03fdce213a740352
Activity.SpanId:             d1f5e6b916b173bf
Activity.TraceFlags:         Recorded
Activity.ActivitySourceName: Microsoft.AspNetCore
Activity.DisplayName:        POST api/People
Activity.Kind:               Server
Activity.StartTime:          2025-09-11T06:45:07.5819823Z
Activity.Duration:           00:00:00.0015735
Activity.Tags:
    server.address: localhost
    http.request.method: POST
    url.scheme: http
    url.path: /api/people
    network.protocol.version: 1.1
    http.route: api/People
    http.response.status_code: 201
Resource associated with Activity:
    deployment.environment: Testing
    service.name: Crud.Api
    service.version: 1.0.0
    service.instance.id: bb25e7a8-9ced-49c8-9e52-fd74b67e7fff
    telemetry.sdk.name: opentelemetry
    telemetry.sdk.language: dotnet
    telemetry.sdk.version: 1.8.1
[06:45:07 INF] Resetting database for worker 13644 {"SourceContext": "Infrastructure.Services.DatabaseTestService", "Application": "Crud.Api"}
[06:45:07 INF] Resetting database via file deletion for worker 13644 in CI environment {"SourceContext": "Infrastructure.Services.DatabaseTestService", "Application": "Crud.Api"}
[06:45:07 INF] Acquiring database mutex for worker 13644... {"SourceContext": "Infrastructure.Services.DatabaseTestService", "Application": "Crud.Api"}
[06:45:07 INF] Database mutex acquired for worker 13644 {"SourceContext": "Infrastructure.Services.DatabaseTestService", "Application": "Crud.Api"}
[06:45:07 INF] Current database state - CanConnect: True {"SourceContext": "Infrastructure.Services.DatabaseTestService", "Application": "Crud.Api"}
[06:45:07 INF] [Phase 0] Closing database connection for worker 13644... {"SourceContext": "Infrastructure.Services.DatabaseTestService", "Application": "Crud.Api"}
[06:45:07 INF] [Phase 0] Connection closed in 0.0006ms {"SourceContext": "Infrastructure.Services.DatabaseTestService", "Application": "Crud.Api"}
[06:45:07 INF] [Phase 1] Starting EnsureDeletedAsync for worker 13644... {"SourceContext": "Infrastructure.Services.DatabaseTestService", "Application": "Crud.Api"}
[06:45:07 INF] [Phase 1] EnsureDeletedAsync completed in 1.3475ms {"SourceContext": "Infrastructure.Services.DatabaseTestService", "Application": "Crud.Api"}
Test 'Tests.Integration.Backend.Controllers.PeopleControllerTests.PUT_People_Should_Update_Person_Roles' was skipped in the test run.
[06:45:07 INF] [Phase 2] Starting EnsureCreatedAsync for worker 13644... {"SourceContext": "Infrastructure.Services.DatabaseTestService", "Application": "Crud.Api"}
[06:45:07 INF] [Phase 2] EnsureCreatedAsync completed in 12.3659ms {"SourceContext": "Infrastructure.Services.DatabaseTestService", "Application": "Crud.Api"}
[06:45:07 INF] [Phase 3] Skipping database seeding as requested for worker 13644 {"SourceContext": "Infrastructure.Services.DatabaseTestService", "Application": "Crud.Api"}
[06:45:07 INF] Database reset via file deletion completed for worker 13644 in 114.0411ms (Close: 0.0006ms, Delete: 1.3475ms, Create: 12.3659ms) {"SourceContext": "Infrastructure.Services.DatabaseTestService", "Application": "Crud.Api"}
[06:45:07 INF] Releasing database mutex for worker 13644 {"SourceContext": "Infrastructure.Services.DatabaseTestService", "Application": "Crud.Api"}
[06:45:07 INF] Resetting database for worker 13644 {"SourceContext": "Infrastructure.Services.DatabaseTestService", "Application": "Crud.Api"}
[06:45:07 INF] Resetting database via file deletion for worker 13644 in CI environment {"SourceContext": "Infrastructure.Services.DatabaseTestService", "Application": "Crud.Api"}
[06:45:07 INF] Acquiring database mutex for worker 13644... {"SourceContext": "Infrastructure.Services.DatabaseTestService", "Application": "Crud.Api"}
[06:45:07 INF] Database mutex acquired for worker 13644 {"SourceContext": "Infrastructure.Services.DatabaseTestService", "Application": "Crud.Api"}
[06:45:07 INF] Current database state - CanConnect: True {"SourceContext": "Infrastructure.Services.DatabaseTestService", "Application": "Crud.Api"}
[06:45:07 INF] [Phase 0] Closing database connection for worker 13644... {"SourceContext": "Infrastructure.Services.DatabaseTestService", "Application": "Crud.Api"}
[06:45:07 INF] [Phase 0] Connection closed in 0.0008ms {"SourceContext": "Infrastructure.Services.DatabaseTestService", "Application": "Crud.Api"}
[06:45:07 INF] [Phase 1] Starting EnsureDeletedAsync for worker 13644... {"SourceContext": "Infrastructure.Services.DatabaseTestService", "Application": "Crud.Api"}
[06:45:07 INF] [Phase 1] EnsureDeletedAsync completed in 1.1471ms {"SourceContext": "Infrastructure.Services.DatabaseTestService", "Application": "Crud.Api"}
[06:45:07 INF] [Phase 2] Starting EnsureCreatedAsync for worker 13644... {"SourceContext": "Infrastructure.Services.DatabaseTestService", "Application": "Crud.Api"}
[06:45:07 INF] [Phase 2] EnsureCreatedAsync completed in 7.3083ms {"SourceContext": "Infrastructure.Services.DatabaseTestService", "Application": "Crud.Api"}
[06:45:07 INF] [Phase 3] Skipping database seeding as requested for worker 13644 {"SourceContext": "Infrastructure.Services.DatabaseTestService", "Application": "Crud.Api"}
[06:45:07 INF] Database reset via file deletion completed for worker 13644 in 108.1644ms (Close: 0.0008ms, Delete: 1.1471ms, Create: 7.3083ms) {"SourceContext": "Infrastructure.Services.DatabaseTestService", "Application": "Crud.Api"}
[06:45:07 INF] Releasing database mutex for worker 13644 {"SourceContext": "Infrastructure.Services.DatabaseTestService", "Application": "Crud.Api"}
Activity.TraceId:            9ea5167eb012bd2b3f518afb5ef25105
Activity.SpanId:             58c3d7acaad47bfa
Activity.TraceFlags:         Recorded
Activity.ActivitySourceName: Microsoft.AspNetCore
Activity.DisplayName:        POST api/People
Activity.Kind:               Server
Activity.StartTime:          2025-09-11T06:45:07.8118459Z
Activity.Duration:           00:00:00.0001930
Activity.Tags:
    server.address: localhost
    http.request.method: POST
    url.scheme: http
    url.path: /api/people
    network.protocol.version: 1.1
    http.route: api/People
    http.response.status_code: 401
Resource associated with Activity:
    deployment.environment: Testing
    service.name: Crud.Api
    service.version: 1.0.0
    service.instance.id: bb25e7a8-9ced-49c8-9e52-fd74b67e7fff
    telemetry.sdk.name: opentelemetry
    telemetry.sdk.language: dotnet
    telemetry.sdk.version: 1.8.1
[06:45:07 INF] Resetting database for worker 13644 {"SourceContext": "Infrastructure.Services.DatabaseTestService", "Application": "Crud.Api"}
[06:45:07 INF] Resetting database via file deletion for worker 13644 in CI environment {"SourceContext": "Infrastructure.Services.DatabaseTestService", "Application": "Crud.Api"}
[06:45:07 INF] Acquiring database mutex for worker 13644... {"SourceContext": "Infrastructure.Services.DatabaseTestService", "Application": "Crud.Api"}
[06:45:07 INF] Database mutex acquired for worker 13644 {"SourceContext": "Infrastructure.Services.DatabaseTestService", "Application": "Crud.Api"}
[06:45:07 INF] Current database state - CanConnect: True {"SourceContext": "Infrastructure.Services.DatabaseTestService", "Application": "Crud.Api"}
[06:45:07 INF] [Phase 0] Closing database connection for worker 13644... {"SourceContext": "Infrastructure.Services.DatabaseTestService", "Application": "Crud.Api"}
[06:45:07 INF] [Phase 0] Connection closed in 0.0007ms {"SourceContext": "Infrastructure.Services.DatabaseTestService", "Application": "Crud.Api"}
[06:45:07 INF] [Phase 1] Starting EnsureDeletedAsync for worker 13644... {"SourceContext": "Infrastructure.Services.DatabaseTestService", "Application": "Crud.Api"}
[06:45:07 INF] [Phase 1] EnsureDeletedAsync completed in 1.2686ms {"SourceContext": "Infrastructure.Services.DatabaseTestService", "Application": "Crud.Api"}
[06:45:07 INF] [Phase 2] Starting EnsureCreatedAsync for worker 13644... {"SourceContext": "Infrastructure.Services.DatabaseTestService", "Application": "Crud.Api"}
[06:45:07 INF] [Phase 2] EnsureCreatedAsync completed in 6.9337ms {"SourceContext": "Infrastructure.Services.DatabaseTestService", "Application": "Crud.Api"}
[06:45:07 INF] [Phase 3] Skipping database seeding as requested for worker 13644 {"SourceContext": "Infrastructure.Services.DatabaseTestService", "Application": "Crud.Api"}
[06:45:07 INF] Database reset via file deletion completed for worker 13644 in 107.5267ms (Close: 0.0007ms, Delete: 1.2686ms, Create: 6.9337ms) {"SourceContext": "Infrastructure.Services.DatabaseTestService", "Application": "Crud.Api"}
[06:45:07 INF] Releasing database mutex for worker 13644 {"SourceContext": "Infrastructure.Services.DatabaseTestService", "Application": "Crud.Api"}
[06:45:07 INF] Resetting database for worker 13644 {"SourceContext": "Infrastructure.Services.DatabaseTestService", "Application": "Crud.Api"}
[06:45:07 INF] Resetting database via file deletion for worker 13644 in CI environment {"SourceContext": "Infrastructure.Services.DatabaseTestService", "Application": "Crud.Api"}
[06:45:07 INF] Acquiring database mutex for worker 13644... {"SourceContext": "Infrastructure.Services.DatabaseTestService", "Application": "Crud.Api"}
[06:45:07 INF] Database mutex acquired for worker 13644 {"SourceContext": "Infrastructure.Services.DatabaseTestService", "Application": "Crud.Api"}
[06:45:07 INF] Current database state - CanConnect: True {"SourceContext": "Infrastructure.Services.DatabaseTestService", "Application": "Crud.Api"}
[06:45:07 INF] [Phase 0] Closing database connection for worker 13644... {"SourceContext": "Infrastructure.Services.DatabaseTestService", "Application": "Crud.Api"}
[06:45:07 INF] [Phase 0] Connection closed in 0.0006ms {"SourceContext": "Infrastructure.Services.DatabaseTestService", "Application": "Crud.Api"}
[06:45:07 INF] [Phase 1] Starting EnsureDeletedAsync for worker 13644... {"SourceContext": "Infrastructure.Services.DatabaseTestService", "Application": "Crud.Api"}
[06:45:07 INF] [Phase 1] EnsureDeletedAsync completed in 1.0279ms {"SourceContext": "Infrastructure.Services.DatabaseTestService", "Application": "Crud.Api"}
[06:45:08 INF] [Phase 2] Starting EnsureCreatedAsync for worker 13644... {"SourceContext": "Infrastructure.Services.DatabaseTestService", "Application": "Crud.Api"}
[06:45:08 INF] [Phase 2] EnsureCreatedAsync completed in 7.5087ms {"SourceContext": "Infrastructure.Services.DatabaseTestService", "Application": "Crud.Api"}
[06:45:08 INF] [Phase 3] Skipping database seeding as requested for worker 13644 {"SourceContext": "Infrastructure.Services.DatabaseTestService", "Application": "Crud.Api"}
[06:45:08 INF] Database reset via file deletion completed for worker 13644 in 109.4139ms (Close: 0.0006ms, Delete: 1.0279ms, Create: 7.5087ms) {"SourceContext": "Infrastructure.Services.DatabaseTestService", "Application": "Crud.Api"}
[06:45:08 INF] Releasing database mutex for worker 13644 {"SourceContext": "Infrastructure.Services.DatabaseTestService", "Application": "Crud.Api"}
[06:45:08 INF] User registered successfully: eaeef15f-01ee-45fd-be4a-bf93e8db4089 {"SourceContext": "App.Features.Authentication.RegisterUserCommandHandler", "ActionId": "b8939ff0-f7de-421d-9a69-73c6523457b4", "ActionName": "Api.Controllers.AuthController.Register (Api)", "RequestId": "0HNFGVQB4PDQR", "RequestPath": "/api/auth/register", "Application": "Crud.Api"}
Activity.TraceId:            38d0a6c0c9daac2aa896587929b0858e
Activity.SpanId:             c0a510714eaeba10
Activity.TraceFlags:         Recorded
Activity.ActivitySourceName: Microsoft.AspNetCore
Activity.DisplayName:        POST api/Auth/register
Activity.Kind:               Server
Activity.StartTime:          2025-09-11T06:45:08.0335988Z
Activity.Duration:           00:00:00.2990842
Activity.Tags:
    server.address: localhost
    http.request.method: POST
    url.scheme: http
    url.path: /api/auth/register
    network.protocol.version: 1.1
    http.route: api/Auth/register
    http.response.status_code: 200
Resource associated with Activity:
    deployment.environment: Testing
    service.name: Crud.Api
    service.version: 1.0.0
    service.instance.id: bb25e7a8-9ced-49c8-9e52-fd74b67e7fff
    telemetry.sdk.name: opentelemetry
    telemetry.sdk.language: dotnet
    telemetry.sdk.version: 1.8.1
[06:45:08 DBG] Cache miss for key: entity:person:7761aef7b5594aa680bd5c5ce3f304a5 {"SourceContext": "Infrastructure.Services.Caching.InMemoryCacheService", "ActionId": "826ddf5f-5135-458f-afb0-13e311ae388b", "ActionName": "Api.Controllers.PeopleController.Get (Api)", "RequestId": "0HNFGVQB4PDQS", "RequestPath": "/api/people/7761aef7-b559-4aa6-80bd-5c5ce3f304a5", "Application": "Crud.Api"}
Activity.TraceId:            8f02aadd159b089419ac77f87eee5ee5
Activity.SpanId:             d5e313e366b8cba6
Activity.TraceFlags:         Recorded
Activity.ActivitySourceName: Microsoft.AspNetCore
Activity.DisplayName:        GET api/People/{id:guid}
Activity.Kind:               Server
Activity.StartTime:          2025-09-11T06:45:08.3332855Z
Activity.Duration:           00:00:00.0036325
Activity.Tags:
    server.address: localhost
    http.request.method: GET
    url.scheme: http
    url.path: /api/people/7761aef7-b559-4aa6-80bd-5c5ce3f304a5
    network.protocol.version: 1.1
    http.route: api/People/{id:guid}
    http.response.status_code: 404
Resource associated with Activity:
    deployment.environment: Testing
    service.name: Crud.Api
    service.version: 1.0.0
    service.instance.id: bb25e7a8-9ced-49c8-9e52-fd74b67e7fff
    telemetry.sdk.name: opentelemetry
    telemetry.sdk.language: dotnet
    telemetry.sdk.version: 1.8.1
[06:45:08 INF] Resetting database for worker 13644 {"SourceContext": "Infrastructure.Services.DatabaseTestService", "Application": "Crud.Api"}
[06:45:08 INF] Resetting database via file deletion for worker 13644 in CI environment {"SourceContext": "Infrastructure.Services.DatabaseTestService", "Application": "Crud.Api"}
[06:45:08 INF] Acquiring database mutex for worker 13644... {"SourceContext": "Infrastructure.Services.DatabaseTestService", "Application": "Crud.Api"}
[06:45:08 INF] Database mutex acquired for worker 13644 {"SourceContext": "Infrastructure.Services.DatabaseTestService", "Application": "Crud.Api"}
[06:45:08 INF] Current database state - CanConnect: True {"SourceContext": "Infrastructure.Services.DatabaseTestService", "Application": "Crud.Api"}
[06:45:08 INF] [Phase 0] Closing database connection for worker 13644... {"SourceContext": "Infrastructure.Services.DatabaseTestService", "Application": "Crud.Api"}
[06:45:08 INF] [Phase 0] Connection closed in 0.0007ms {"SourceContext": "Infrastructure.Services.DatabaseTestService", "Application": "Crud.Api"}
[06:45:08 INF] [Phase 1] Starting EnsureDeletedAsync for worker 13644... {"SourceContext": "Infrastructure.Services.DatabaseTestService", "Application": "Crud.Api"}
[06:45:08 INF] [Phase 1] EnsureDeletedAsync completed in 1.2212ms {"SourceContext": "Infrastructure.Services.DatabaseTestService", "Application": "Crud.Api"}
[06:45:08 INF] [Phase 2] Starting EnsureCreatedAsync for worker 13644... {"SourceContext": "Infrastructure.Services.DatabaseTestService", "Application": "Crud.Api"}
[06:45:08 INF] [Phase 2] EnsureCreatedAsync completed in 8.0476ms {"SourceContext": "Infrastructure.Services.DatabaseTestService", "Application": "Crud.Api"}
[06:45:08 INF] [Phase 3] Skipping database seeding as requested for worker 13644 {"SourceContext": "Infrastructure.Services.DatabaseTestService", "Application": "Crud.Api"}
[06:45:08 INF] Database reset via file deletion completed for worker 13644 in 109.472ms (Close: 0.0007ms, Delete: 1.2212ms, Create: 8.0476ms) {"SourceContext": "Infrastructure.Services.DatabaseTestService", "Application": "Crud.Api"}
[06:45:08 INF] Releasing database mutex for worker 13644 {"SourceContext": "Infrastructure.Services.DatabaseTestService", "Application": "Crud.Api"}
[06:45:08 INF] Resetting database for worker 13644 {"SourceContext": "Infrastructure.Services.DatabaseTestService", "Application": "Crud.Api"}
[06:45:08 INF] Resetting database via file deletion for worker 13644 in CI environment {"SourceContext": "Infrastructure.Services.DatabaseTestService", "Application": "Crud.Api"}
[06:45:08 INF] Acquiring database mutex for worker 13644... {"SourceContext": "Infrastructure.Services.DatabaseTestService", "Application": "Crud.Api"}
[06:45:08 INF] Database mutex acquired for worker 13644 {"SourceContext": "Infrastructure.Services.DatabaseTestService", "Application": "Crud.Api"}
[06:45:08 INF] Current database state - CanConnect: True {"SourceContext": "Infrastructure.Services.DatabaseTestService", "Application": "Crud.Api"}
[06:45:08 INF] [Phase 0] Closing database connection for worker 13644... {"SourceContext": "Infrastructure.Services.DatabaseTestService", "Application": "Crud.Api"}
[06:45:08 INF] [Phase 0] Connection closed in 0.0005ms {"SourceContext": "Infrastructure.Services.DatabaseTestService", "Application": "Crud.Api"}
[06:45:08 INF] [Phase 1] Starting EnsureDeletedAsync for worker 13644... {"SourceContext": "Infrastructure.Services.DatabaseTestService", "Application": "Crud.Api"}
[06:45:08 INF] [Phase 1] EnsureDeletedAsync completed in 1.2079ms {"SourceContext": "Infrastructure.Services.DatabaseTestService", "Application": "Crud.Api"}
[06:45:08 INF] [Phase 2] Starting EnsureCreatedAsync for worker 13644... {"SourceContext": "Infrastructure.Services.DatabaseTestService", "Application": "Crud.Api"}
[06:45:08 INF] [Phase 2] EnsureCreatedAsync completed in 18.4272ms {"SourceContext": "Infrastructure.Services.DatabaseTestService", "Application": "Crud.Api"}
[06:45:08 INF] [Phase 3] Skipping database seeding as requested for worker 13644 {"SourceContext": "Infrastructure.Services.DatabaseTestService", "Application": "Crud.Api"}
[06:45:08 INF] Database reset via file deletion completed for worker 13644 in 120.2855ms (Close: 0.0005ms, Delete: 1.2079ms, Create: 18.4272ms) {"SourceContext": "Infrastructure.Services.DatabaseTestService", "Application": "Crud.Api"}
[06:45:08 INF] Releasing database mutex for worker 13644 {"SourceContext": "Infrastructure.Services.DatabaseTestService", "Application": "Crud.Api"}
[06:45:08 INF] User registered successfully: dbbb7e79-6c6c-447e-a017-260409099893 {"SourceContext": "App.Features.Authentication.RegisterUserCommandHandler", "ActionId": "b8939ff0-f7de-421d-9a69-73c6523457b4", "ActionName": "Api.Controllers.AuthController.Register (Api)", "RequestId": "0HNFGVQB4PDQT", "RequestPath": "/api/auth/register", "Application": "Crud.Api"}
Activity.TraceId:            9fa42258988aff27a0e71bebba1f0640
Activity.SpanId:             435ac6fb3c1d39ad
Activity.TraceFlags:         Recorded
Activity.ActivitySourceName: Microsoft.AspNetCore
Activity.DisplayName:        POST api/Auth/register
Activity.Kind:               Server
Activity.StartTime:          2025-09-11T06:45:08.5705487Z
Activity.Duration:           00:00:00.2984403
Activity.Tags:
    server.address: localhost
    http.request.method: POST
    url.scheme: http
    url.path: /api/auth/register
    network.protocol.version: 1.1
    http.route: api/Auth/register
    http.response.status_code: 200
Resource associated with Activity:
    deployment.environment: Testing
    service.name: Crud.Api
    service.version: 1.0.0
    service.instance.id: bb25e7a8-9ced-49c8-9e52-fd74b67e7fff
    telemetry.sdk.name: opentelemetry
    telemetry.sdk.language: dotnet
    telemetry.sdk.version: 1.8.1
[06:45:09 INF] User logged in successfully: dbbb7e79-6c6c-447e-a017-260409099893 {"SourceContext": "App.Features.Authentication.LoginCommandHandler", "ActionId": "4d68b79f-623c-49d4-83f6-3674bfb7533a", "ActionName": "Api.Controllers.AuthController.Login (Api)", "RequestId": "0HNFGVQB4PDQU", "RequestPath": "/api/auth/login", "Application": "Crud.Api"}
Activity.TraceId:            b4c9573f9acdf8835e3574623c1a0467
Activity.SpanId:             813dd07a167fc1fb
Activity.TraceFlags:         Recorded
Activity.ActivitySourceName: Microsoft.AspNetCore
Activity.DisplayName:        POST api/Auth/login
Activity.Kind:               Server
Activity.StartTime:          2025-09-11T06:45:08.8701643Z
Activity.Duration:           00:00:00.2985872
Activity.Tags:
    server.address: localhost
    http.request.method: POST
    url.scheme: http
    url.path: /api/auth/login
    network.protocol.version: 1.1
    http.route: api/Auth/login
    http.response.status_code: 200
Resource associated with Activity:
    deployment.environment: Testing
    service.name: Crud.Api
    service.version: 1.0.0
    service.instance.id: bb25e7a8-9ced-49c8-9e52-fd74b67e7fff
    telemetry.sdk.name: opentelemetry
    telemetry.sdk.language: dotnet
    telemetry.sdk.version: 1.8.1
[06:45:09 INF] User registered successfully: 1646253c-fcd7-46b1-9fe6-3726f5da1812 {"SourceContext": "App.Features.Authentication.RegisterUserCommandHandler", "ActionId": "b8939ff0-f7de-421d-9a69-73c6523457b4", "ActionName": "Api.Controllers.AuthController.Register (Api)", "RequestId": "0HNFGVQB4PDQV", "RequestPath": "/api/auth/register", "Application": "Crud.Api"}
Activity.TraceId:            a8b0cd31ef65ebee8669aad395a41770
Activity.SpanId:             d252c3e07c9bda4d
Activity.TraceFlags:         Recorded
Activity.ActivitySourceName: Microsoft.AspNetCore
Activity.DisplayName:        POST api/Auth/register
Activity.Kind:               Server
Activity.StartTime:          2025-09-11T06:45:09.1693575Z
Activity.Duration:           00:00:00.2995964
Activity.Tags:
    server.address: localhost
    http.request.method: POST
    url.scheme: http
    url.path: /api/auth/register
    network.protocol.version: 1.1
    http.route: api/Auth/register
    http.response.status_code: 200
Resource associated with Activity:
    deployment.environment: Testing
    service.name: Crud.Api
    service.version: 1.0.0
    service.instance.id: bb25e7a8-9ced-49c8-9e52-fd74b67e7fff
    telemetry.sdk.name: opentelemetry
    telemetry.sdk.language: dotnet
    telemetry.sdk.version: 1.8.1
[06:45:09 DBG] Removed cache value for key: entity:person:9d15edbdbcd54823993cfbf4530a6c64 {"SourceContext": "Infrastructure.Services.Caching.InMemoryCacheService", "ActionId": "c612e991-18e0-44fe-94bb-4336c32d5471", "ActionName": "Api.Controllers.PeopleController.Create (Api)", "RequestId": "0HNFGVQB4PDR0", "RequestPath": "/api/people", "Application": "Crud.Api"}
[06:45:09 DBG] Removed cache value for key: list:person {"SourceContext": "Infrastructure.Services.Caching.InMemoryCacheService", "ActionId": "c612e991-18e0-44fe-94bb-4336c32d5471", "ActionName": "Api.Controllers.PeopleController.Create (Api)", "RequestId": "0HNFGVQB4PDR0", "RequestPath": "/api/people", "Application": "Crud.Api"}
[06:45:09 DBG] Invalidating cache for entity type: people with tag: people {"SourceContext": "Api.Services.OutputCacheInvalidationService", "ActionId": "c612e991-18e0-44fe-94bb-4336c32d5471", "ActionName": "Api.Controllers.PeopleController.Create (Api)", "RequestId": "0HNFGVQB4PDR0", "RequestPath": "/api/people", "Application": "Crud.Api"}
[06:45:09 INF] Successfully invalidated cache for entity type: people {"SourceContext": "Api.Services.OutputCacheInvalidationService", "ActionId": "c612e991-18e0-44fe-94bb-4336c32d5471", "ActionName": "Api.Controllers.PeopleController.Create (Api)", "RequestId": "0HNFGVQB4PDR0", "RequestPath": "/api/people", "Application": "Crud.Api"}
Activity.TraceId:            f71c68ef2b6e59443b27080875bf52cb
Activity.SpanId:             3a8072e9762eff80
Activity.TraceFlags:         Recorded
Activity.ActivitySourceName: Microsoft.AspNetCore
Activity.DisplayName:        POST api/People
Activity.Kind:               Server
Activity.StartTime:          2025-09-11T06:45:09.4692623Z
Activity.Duration:           00:00:00.0017541
Activity.Tags:
    server.address: localhost
    http.request.method: POST
    url.scheme: http
    url.path: /api/people
    network.protocol.version: 1.1
    http.route: api/People
    http.response.status_code: 201
Resource associated with Activity:
    deployment.environment: Testing
    service.name: Crud.Api
    service.version: 1.0.0
    service.instance.id: bb25e7a8-9ced-49c8-9e52-fd74b67e7fff
    telemetry.sdk.name: opentelemetry
    telemetry.sdk.language: dotnet
    telemetry.sdk.version: 1.8.1
[06:45:09 DBG] Cache miss for key: entity:person:9d15edbdbcd54823993cfbf4530a6c64 {"SourceContext": "Infrastructure.Services.Caching.InMemoryCacheService", "ActionId": "826ddf5f-5135-458f-afb0-13e311ae388b", "ActionName": "Api.Controllers.PeopleController.Get (Api)", "RequestId": "0HNFGVQB4PDR1", "RequestPath": "/api/people/9d15edbd-bcd5-4823-993c-fbf4530a6c64", "Application": "Crud.Api"}
[06:45:09 DBG] Set cache value for key: entity:person:9d15edbdbcd54823993cfbf4530a6c64 {"SourceContext": "Infrastructure.Services.Caching.InMemoryCacheService", "ActionId": "826ddf5f-5135-458f-afb0-13e311ae388b", "ActionName": "Api.Controllers.PeopleController.Get (Api)", "RequestId": "0HNFGVQB4PDR1", "RequestPath": "/api/people/9d15edbd-bcd5-4823-993c-fbf4530a6c64", "Application": "Crud.Api"}
Activity.TraceId:            728eaeaf73c4633321f1d1bdd292390e
Activity.SpanId:             b7f838218c8950f0
Activity.TraceFlags:         Recorded
Activity.ActivitySourceName: Microsoft.AspNetCore
Activity.DisplayName:        GET api/People/{id:guid}
Activity.Kind:               Server
Activity.StartTime:          2025-09-11T06:45:09.4711710Z
Activity.Duration:           00:00:00.0009925
Activity.Tags:
    server.address: localhost
    http.request.method: GET
    url.scheme: http
    url.path: /api/people/9d15edbd-bcd5-4823-993c-fbf4530a6c64
    network.protocol.version: 1.1
    http.route: api/People/{id:guid}
    http.response.status_code: 200
Resource associated with Activity:
    deployment.environment: Testing
    service.name: Crud.Api
    service.version: 1.0.0
    service.instance.id: bb25e7a8-9ced-49c8-9e52-fd74b67e7fff
    telemetry.sdk.name: opentelemetry
    telemetry.sdk.language: dotnet
    telemetry.sdk.version: 1.8.1
[06:45:09 INF] Resetting database for worker 13644 {"SourceContext": "Infrastructure.Services.DatabaseTestService", "Application": "Crud.Api"}
[06:45:09 INF] Resetting database via file deletion for worker 13644 in CI environment {"SourceContext": "Infrastructure.Services.DatabaseTestService", "Application": "Crud.Api"}
[06:45:09 INF] Acquiring database mutex for worker 13644... {"SourceContext": "Infrastructure.Services.DatabaseTestService", "Application": "Crud.Api"}
[06:45:09 INF] Database mutex acquired for worker 13644 {"SourceContext": "Infrastructure.Services.DatabaseTestService", "Application": "Crud.Api"}
[06:45:09 INF] Current database state - CanConnect: True {"SourceContext": "Infrastructure.Services.DatabaseTestService", "Application": "Crud.Api"}
[06:45:09 INF] [Phase 0] Closing database connection for worker 13644... {"SourceContext": "Infrastructure.Services.DatabaseTestService", "Application": "Crud.Api"}
[06:45:09 INF] [Phase 0] Connection closed in 0.0005ms {"SourceContext": "Infrastructure.Services.DatabaseTestService", "Application": "Crud.Api"}
[06:45:09 INF] [Phase 1] Starting EnsureDeletedAsync for worker 13644... {"SourceContext": "Infrastructure.Services.DatabaseTestService", "Application": "Crud.Api"}
[06:45:09 INF] [Phase 1] EnsureDeletedAsync completed in 1.1999ms {"SourceContext": "Infrastructure.Services.DatabaseTestService", "Application": "Crud.Api"}
[06:45:09 INF] [Phase 2] Starting EnsureCreatedAsync for worker 13644... {"SourceContext": "Infrastructure.Services.DatabaseTestService", "Application": "Crud.Api"}
[06:45:09 INF] [Phase 2] EnsureCreatedAsync completed in 7.6962ms {"SourceContext": "Infrastructure.Services.DatabaseTestService", "Application": "Crud.Api"}
[06:45:09 INF] [Phase 3] Skipping database seeding as requested for worker 13644 {"SourceContext": "Infrastructure.Services.DatabaseTestService", "Application": "Crud.Api"}
[06:45:09 INF] Database reset via file deletion completed for worker 13644 in 108.3808ms (Close: 0.0005ms, Delete: 1.1999ms, Create: 7.6962ms) {"SourceContext": "Infrastructure.Services.DatabaseTestService", "Application": "Crud.Api"}
[06:45:09 INF] Releasing database mutex for worker 13644 {"SourceContext": "Infrastructure.Services.DatabaseTestService", "Application": "Crud.Api"}
[06:45:09 INF] Resetting database for worker 13644 {"SourceContext": "Infrastructure.Services.DatabaseTestService", "Application": "Crud.Api"}
[06:45:09 INF] Resetting database via file deletion for worker 13644 in CI environment {"SourceContext": "Infrastructure.Services.DatabaseTestService", "Application": "Crud.Api"}
[06:45:09 INF] Acquiring database mutex for worker 13644... {"SourceContext": "Infrastructure.Services.DatabaseTestService", "Application": "Crud.Api"}
[06:45:09 INF] Database mutex acquired for worker 13644 {"SourceContext": "Infrastructure.Services.DatabaseTestService", "Application": "Crud.Api"}
[06:45:09 INF] Current database state - CanConnect: True {"SourceContext": "Infrastructure.Services.DatabaseTestService", "Application": "Crud.Api"}
[06:45:09 INF] [Phase 0] Closing database connection for worker 13644... {"SourceContext": "Infrastructure.Services.DatabaseTestService", "Application": "Crud.Api"}
[06:45:09 INF] [Phase 0] Connection closed in 0.0006ms {"SourceContext": "Infrastructure.Services.DatabaseTestService", "Application": "Crud.Api"}
[06:45:09 INF] [Phase 1] Starting EnsureDeletedAsync for worker 13644... {"SourceContext": "Infrastructure.Services.DatabaseTestService", "Application": "Crud.Api"}
[06:45:09 INF] [Phase 1] EnsureDeletedAsync completed in 1.2812ms {"SourceContext": "Infrastructure.Services.DatabaseTestService", "Application": "Crud.Api"}
[06:45:09 INF] [Phase 2] Starting EnsureCreatedAsync for worker 13644... {"SourceContext": "Infrastructure.Services.DatabaseTestService", "Application": "Crud.Api"}
[06:45:09 INF] [Phase 2] EnsureCreatedAsync completed in 7.0553ms {"SourceContext": "Infrastructure.Services.DatabaseTestService", "Application": "Crud.Api"}
[06:45:09 INF] [Phase 3] Skipping database seeding as requested for worker 13644 {"SourceContext": "Infrastructure.Services.DatabaseTestService", "Application": "Crud.Api"}
[06:45:09 INF] Database reset via file deletion completed for worker 13644 in 109.3344ms (Close: 0.0006ms, Delete: 1.2812ms, Create: 7.0553ms) {"SourceContext": "Infrastructure.Services.DatabaseTestService", "Application": "Crud.Api"}
[06:45:09 INF] Releasing database mutex for worker 13644 {"SourceContext": "Infrastructure.Services.DatabaseTestService", "Application": "Crud.Api"}
[06:45:09 INF] User registered successfully: 8204d48d-3263-448b-9ab2-ea60feb9ef9d {"SourceContext": "App.Features.Authentication.RegisterUserCommandHandler", "ActionId": "b8939ff0-f7de-421d-9a69-73c6523457b4", "ActionName": "Api.Controllers.AuthController.Register (Api)", "RequestId": "0HNFGVQB4PDR2", "RequestPath": "/api/auth/register", "Application": "Crud.Api"}
Activity.TraceId:            115ff9329f6f643276ed96e829f76131
Activity.SpanId:             36ab015371f03274
Activity.TraceFlags:         Recorded
Activity.ActivitySourceName: Microsoft.AspNetCore
Activity.DisplayName:        POST api/Auth/register
Activity.Kind:               Server
Activity.StartTime:          2025-09-11T06:45:09.6935888Z
Activity.Duration:           00:00:00.2984704
Activity.Tags:
    server.address: localhost
    http.request.method: POST
    url.scheme: http
    url.path: /api/auth/register
    network.protocol.version: 1.1
    http.route: api/Auth/register
    http.response.status_code: 200
Resource associated with Activity:
    deployment.environment: Testing
    service.name: Crud.Api
    service.version: 1.0.0
    service.instance.id: bb25e7a8-9ced-49c8-9e52-fd74b67e7fff
    telemetry.sdk.name: opentelemetry
    telemetry.sdk.language: dotnet
    telemetry.sdk.version: 1.8.1
Activity.TraceId:            1870eb1a3f47531934dfa0ffbe8c2f35
Activity.SpanId:             d114639198793cc8
Activity.TraceFlags:         Recorded
Activity.ActivitySourceName: Microsoft.AspNetCore
Activity.DisplayName:        POST api/People
Activity.Kind:               Server
Activity.StartTime:          2025-09-11T06:45:09.9928021Z
Activity.Duration:           00:00:00.0010939
Activity.Tags:
    server.address: localhost
    http.request.method: POST
    url.scheme: http
    url.path: /api/people
    network.protocol.version: 1.1
    http.route: api/People
    http.response.status_code: 403
Resource associated with Activity:
    deployment.environment: Testing
    service.name: Crud.Api
    service.version: 1.0.0
    service.instance.id: bb25e7a8-9ced-49c8-9e52-fd74b67e7fff
    telemetry.sdk.name: opentelemetry
    telemetry.sdk.language: dotnet
    telemetry.sdk.version: 1.8.1
[06:45:09 INF] Resetting database for worker 13644 {"SourceContext": "Infrastructure.Services.DatabaseTestService", "Application": "Crud.Api"}
[06:45:09 INF] Resetting database via file deletion for worker 13644 in CI environment {"SourceContext": "Infrastructure.Services.DatabaseTestService", "Application": "Crud.Api"}
[06:45:09 INF] Acquiring database mutex for worker 13644... {"SourceContext": "Infrastructure.Services.DatabaseTestService", "Application": "Crud.Api"}
[06:45:09 INF] Database mutex acquired for worker 13644 {"SourceContext": "Infrastructure.Services.DatabaseTestService", "Application": "Crud.Api"}
[06:45:09 INF] Current database state - CanConnect: True {"SourceContext": "Infrastructure.Services.DatabaseTestService", "Application": "Crud.Api"}
[06:45:09 INF] [Phase 0] Closing database connection for worker 13644... {"SourceContext": "Infrastructure.Services.DatabaseTestService", "Application": "Crud.Api"}
[06:45:09 INF] [Phase 0] Connection closed in 0.0006ms {"SourceContext": "Infrastructure.Services.DatabaseTestService", "Application": "Crud.Api"}
[06:45:09 INF] [Phase 1] Starting EnsureDeletedAsync for worker 13644... {"SourceContext": "Infrastructure.Services.DatabaseTestService", "Application": "Crud.Api"}
[06:45:09 INF] [Phase 1] EnsureDeletedAsync completed in 1.241ms {"SourceContext": "Infrastructure.Services.DatabaseTestService", "Application": "Crud.Api"}
[06:45:10 INF] [Phase 2] Starting EnsureCreatedAsync for worker 13644... {"SourceContext": "Infrastructure.Services.DatabaseTestService", "Application": "Crud.Api"}
[06:45:10 INF] [Phase 2] EnsureCreatedAsync completed in 8.1118ms {"SourceContext": "Infrastructure.Services.DatabaseTestService", "Application": "Crud.Api"}
[06:45:10 INF] [Phase 3] Skipping database seeding as requested for worker 13644 {"SourceContext": "Infrastructure.Services.DatabaseTestService", "Application": "Crud.Api"}
[06:45:10 INF] Database reset via file deletion completed for worker 13644 in 109.2522ms (Close: 0.0006ms, Delete: 1.241ms, Create: 8.1118ms) {"SourceContext": "Infrastructure.Services.DatabaseTestService", "Application": "Crud.Api"}
[06:45:10 INF] Releasing database mutex for worker 13644 {"SourceContext": "Infrastructure.Services.DatabaseTestService", "Application": "Crud.Api"}
[06:45:10 INF] Resetting database for worker 13644 {"SourceContext": "Infrastructure.Services.DatabaseTestService", "Application": "Crud.Api"}
[06:45:10 INF] Resetting database via file deletion for worker 13644 in CI environment {"SourceContext": "Infrastructure.Services.DatabaseTestService", "Application": "Crud.Api"}
[06:45:10 INF] Acquiring database mutex for worker 13644... {"SourceContext": "Infrastructure.Services.DatabaseTestService", "Application": "Crud.Api"}
[06:45:10 INF] Database mutex acquired for worker 13644 {"SourceContext": "Infrastructure.Services.DatabaseTestService", "Application": "Crud.Api"}
[06:45:10 INF] Current database state - CanConnect: True {"SourceContext": "Infrastructure.Services.DatabaseTestService", "Application": "Crud.Api"}
[06:45:10 INF] [Phase 0] Closing database connection for worker 13644... {"SourceContext": "Infrastructure.Services.DatabaseTestService", "Application": "Crud.Api"}
[06:45:10 INF] [Phase 0] Connection closed in 0.0006ms {"SourceContext": "Infrastructure.Services.DatabaseTestService", "Application": "Crud.Api"}
[06:45:10 INF] [Phase 1] Starting EnsureDeletedAsync for worker 13644... {"SourceContext": "Infrastructure.Services.DatabaseTestService", "Application": "Crud.Api"}
[06:45:10 INF] [Phase 1] EnsureDeletedAsync completed in 1.2026ms {"SourceContext": "Infrastructure.Services.DatabaseTestService", "Application": "Crud.Api"}
[06:45:10 INF] [Phase 2] Starting EnsureCreatedAsync for worker 13644... {"SourceContext": "Infrastructure.Services.DatabaseTestService", "Application": "Crud.Api"}
[06:45:10 INF] [Phase 2] EnsureCreatedAsync completed in 8.4792ms {"SourceContext": "Infrastructure.Services.DatabaseTestService", "Application": "Crud.Api"}
[06:45:10 INF] [Phase 3] Skipping database seeding as requested for worker 13644 {"SourceContext": "Infrastructure.Services.DatabaseTestService", "Application": "Crud.Api"}
[06:45:10 INF] Database reset via file deletion completed for worker 13644 in 109.581ms (Close: 0.0006ms, Delete: 1.2026ms, Create: 8.4792ms) {"SourceContext": "Infrastructure.Services.DatabaseTestService", "Application": "Crud.Api"}
[06:45:10 INF] Releasing database mutex for worker 13644 {"SourceContext": "Infrastructure.Services.DatabaseTestService", "Application": "Crud.Api"}
[06:45:10 INF] User registered successfully: 85d8e997-b20c-4734-a768-af82ff0b859c {"SourceContext": "App.Features.Authentication.RegisterUserCommandHandler", "ActionId": "b8939ff0-f7de-421d-9a69-73c6523457b4", "ActionName": "Api.Controllers.AuthController.Register (Api)", "RequestId": "0HNFGVQB4PDR4", "RequestPath": "/api/auth/register", "Application": "Crud.Api"}
Activity.TraceId:            cd43f1499532f8f550d306344c01fdf5
Activity.SpanId:             ec2338a2dc6ea3ba
Activity.TraceFlags:         Recorded
Activity.ActivitySourceName: Microsoft.AspNetCore
Activity.DisplayName:        POST api/Auth/register
Activity.Kind:               Server
Activity.StartTime:          2025-09-11T06:45:10.2168210Z
Activity.Duration:           00:00:00.2990168
Activity.Tags:
    server.address: localhost
    http.request.method: POST
    url.scheme: http
    url.path: /api/auth/register
    network.protocol.version: 1.1
    http.route: api/Auth/register
    http.response.status_code: 200
Resource associated with Activity:
    deployment.environment: Testing
    service.name: Crud.Api
    service.version: 1.0.0
    service.instance.id: bb25e7a8-9ced-49c8-9e52-fd74b67e7fff
    telemetry.sdk.name: opentelemetry
    telemetry.sdk.language: dotnet
    telemetry.sdk.version: 1.8.1
[06:45:10 INF] User logged in successfully: 85d8e997-b20c-4734-a768-af82ff0b859c {"SourceContext": "App.Features.Authentication.LoginCommandHandler", "ActionId": "4d68b79f-623c-49d4-83f6-3674bfb7533a", "ActionName": "Api.Controllers.AuthController.Login (Api)", "RequestId": "0HNFGVQB4PDR5", "RequestPath": "/api/auth/login", "Application": "Crud.Api"}
Activity.TraceId:            972fb3ff0e52f362b8f93f8a7a34e845
Activity.SpanId:             98f4de41b0bce446
Activity.TraceFlags:         Recorded
Activity.ActivitySourceName: Microsoft.AspNetCore
Activity.DisplayName:        POST api/Auth/login
Activity.Kind:               Server
Activity.StartTime:          2025-09-11T06:45:10.5171251Z
Activity.Duration:           00:00:00.2999082
Activity.Tags:
    server.address: localhost
    http.request.method: POST
    url.scheme: http
    url.path: /api/auth/login
    network.protocol.version: 1.1
    http.route: api/Auth/login
    http.response.status_code: 200
Resource associated with Activity:
    deployment.environment: Testing
    service.name: Crud.Api
    service.version: 1.0.0
    service.instance.id: bb25e7a8-9ced-49c8-9e52-fd74b67e7fff
    telemetry.sdk.name: opentelemetry
    telemetry.sdk.language: dotnet
    telemetry.sdk.version: 1.8.1
[06:45:10 DBG] Removed cache value for key: entity:person:32d6e60ae93348e58f527fe35816c784 {"SourceContext": "Infrastructure.Services.Caching.InMemoryCacheService", "ActionId": "2fee4cd2-9a2a-4258-93da-fe1d7c1307dd", "ActionName": "Api.Controllers.PeopleController.Delete (Api)", "RequestId": "0HNFGVQB4PDR6", "RequestPath": "/api/people/32d6e60a-e933-48e5-8f52-7fe35816c784", "Application": "Crud.Api"}
[06:45:10 DBG] Removed cache value for key: list:person {"SourceContext": "Infrastructure.Services.Caching.InMemoryCacheService", "ActionId": "2fee4cd2-9a2a-4258-93da-fe1d7c1307dd", "ActionName": "Api.Controllers.PeopleController.Delete (Api)", "RequestId": "0HNFGVQB4PDR6", "RequestPath": "/api/people/32d6e60a-e933-48e5-8f52-7fe35816c784", "Application": "Crud.Api"}
[06:45:10 DBG] Invalidating cache for entity: people/32d6e60a-e933-48e5-8f52-7fe35816c784 with tags: people, people:32d6e60a-e933-48e5-8f52-7fe35816c784 {"SourceContext": "Api.Services.OutputCacheInvalidationService", "ActionId": "2fee4cd2-9a2a-4258-93da-fe1d7c1307dd", "ActionName": "Api.Controllers.PeopleController.Delete (Api)", "RequestId": "0HNFGVQB4PDR6", "RequestPath": "/api/people/32d6e60a-e933-48e5-8f52-7fe35816c784", "Application": "Crud.Api"}
[06:45:10 DBG] Successfully invalidated cache for tag: people {"SourceContext": "Api.Services.OutputCacheInvalidationService", "ActionId": "2fee4cd2-9a2a-4258-93da-fe1d7c1307dd", "ActionName": "Api.Controllers.PeopleController.Delete (Api)", "RequestId": "0HNFGVQB4PDR6", "RequestPath": "/api/people/32d6e60a-e933-48e5-8f52-7fe35816c784", "Application": "Crud.Api"}
[06:45:10 DBG] Successfully invalidated cache for tag: people:32d6e60a-e933-48e5-8f52-7fe35816c784 {"SourceContext": "Api.Services.OutputCacheInvalidationService", "ActionId": "2fee4cd2-9a2a-4258-93da-fe1d7c1307dd", "ActionName": "Api.Controllers.PeopleController.Delete (Api)", "RequestId": "0HNFGVQB4PDR6", "RequestPath": "/api/people/32d6e60a-e933-48e5-8f52-7fe35816c784", "Application": "Crud.Api"}
Activity.TraceId:            c3dc92187d03a76039f979798f6d0121
Activity.SpanId:             278ce78507fc1302
Activity.TraceFlags:         Recorded
Activity.ActivitySourceName: Microsoft.AspNetCore
Activity.DisplayName:        DELETE api/People/{id:guid}
Activity.Kind:               Server
Activity.StartTime:          2025-09-11T06:45:10.8175989Z
Activity.Duration:           00:00:00.0053997
Activity.Tags:
    server.address: localhost
    http.request.method: DELETE
    url.scheme: http
    url.path: /api/people/32d6e60a-e933-48e5-8f52-7fe35816c784
    network.protocol.version: 1.1
    http.route: api/People/{id:guid}
    http.response.status_code: 204
Resource associated with Activity:
    deployment.environment: Testing
    service.name: Crud.Api
    service.version: 1.0.0
    service.instance.id: bb25e7a8-9ced-49c8-9e52-fd74b67e7fff
    telemetry.sdk.name: opentelemetry
    telemetry.sdk.language: dotnet
    telemetry.sdk.version: 1.8.1
[06:45:10 INF] Resetting database for worker 13644 {"SourceContext": "Infrastructure.Services.DatabaseTestService", "Application": "Crud.Api"}
[06:45:10 INF] Resetting database via file deletion for worker 13644 in CI environment {"SourceContext": "Infrastructure.Services.DatabaseTestService", "Application": "Crud.Api"}
[06:45:10 INF] Acquiring database mutex for worker 13644... {"SourceContext": "Infrastructure.Services.DatabaseTestService", "Application": "Crud.Api"}
[06:45:10 INF] Database mutex acquired for worker 13644 {"SourceContext": "Infrastructure.Services.DatabaseTestService", "Application": "Crud.Api"}
[06:45:10 INF] Current database state - CanConnect: True {"SourceContext": "Infrastructure.Services.DatabaseTestService", "Application": "Crud.Api"}
[06:45:10 INF] [Phase 0] Closing database connection for worker 13644... {"SourceContext": "Infrastructure.Services.DatabaseTestService", "Application": "Crud.Api"}
[06:45:10 INF] [Phase 0] Connection closed in 0.0007ms {"SourceContext": "Infrastructure.Services.DatabaseTestService", "Application": "Crud.Api"}
[06:45:10 INF] [Phase 1] Starting EnsureDeletedAsync for worker 13644... {"SourceContext": "Infrastructure.Services.DatabaseTestService", "Application": "Crud.Api"}
[06:45:10 INF] [Phase 1] EnsureDeletedAsync completed in 2.0372ms {"SourceContext": "Infrastructure.Services.DatabaseTestService", "Application": "Crud.Api"}
[06:45:10 INF] [Phase 2] Starting EnsureCreatedAsync for worker 13644... {"SourceContext": "Infrastructure.Services.DatabaseTestService", "Application": "Crud.Api"}
[06:45:10 INF] [Phase 2] EnsureCreatedAsync completed in 8.6099ms {"SourceContext": "Infrastructure.Services.DatabaseTestService", "Application": "Crud.Api"}
[06:45:10 INF] [Phase 3] Skipping database seeding as requested for worker 13644 {"SourceContext": "Infrastructure.Services.DatabaseTestService", "Application": "Crud.Api"}
[06:45:10 INF] Database reset via file deletion completed for worker 13644 in 110.339ms (Close: 0.0007ms, Delete: 2.0372ms, Create: 8.6099ms) {"SourceContext": "Infrastructure.Services.DatabaseTestService", "Application": "Crud.Api"}
[06:45:10 INF] Releasing database mutex for worker 13644 {"SourceContext": "Infrastructure.Services.DatabaseTestService", "Application": "Crud.Api"}
[06:45:10 INF] Resetting database for worker 13644 {"SourceContext": "Infrastructure.Services.DatabaseTestService", "Application": "Crud.Api"}
[06:45:10 INF] Resetting database via file deletion for worker 13644 in CI environment {"SourceContext": "Infrastructure.Services.DatabaseTestService", "Application": "Crud.Api"}
[06:45:10 INF] Acquiring database mutex for worker 13644... {"SourceContext": "Infrastructure.Services.DatabaseTestService", "Application": "Crud.Api"}
[06:45:10 INF] Database mutex acquired for worker 13644 {"SourceContext": "Infrastructure.Services.DatabaseTestService", "Application": "Crud.Api"}
[06:45:10 INF] Current database state - CanConnect: True {"SourceContext": "Infrastructure.Services.DatabaseTestService", "Application": "Crud.Api"}
[06:45:10 INF] [Phase 0] Closing database connection for worker 13644... {"SourceContext": "Infrastructure.Services.DatabaseTestService", "Application": "Crud.Api"}
[06:45:10 INF] [Phase 0] Connection closed in 0.0005ms {"SourceContext": "Infrastructure.Services.DatabaseTestService", "Application": "Crud.Api"}
[06:45:10 INF] [Phase 1] Starting EnsureDeletedAsync for worker 13644... {"SourceContext": "Infrastructure.Services.DatabaseTestService", "Application": "Crud.Api"}
[06:45:10 INF] [Phase 1] EnsureDeletedAsync completed in 1.0154ms {"SourceContext": "Infrastructure.Services.DatabaseTestService", "Application": "Crud.Api"}
[06:45:11 INF] [Phase 2] Starting EnsureCreatedAsync for worker 13644... {"SourceContext": "Infrastructure.Services.DatabaseTestService", "Application": "Crud.Api"}
[06:45:11 INF] [Phase 2] EnsureCreatedAsync completed in 8.2129ms {"SourceContext": "Infrastructure.Services.DatabaseTestService", "Application": "Crud.Api"}
[06:45:11 INF] [Phase 3] Skipping database seeding as requested for worker 13644 {"SourceContext": "Infrastructure.Services.DatabaseTestService", "Application": "Crud.Api"}
[06:45:11 INF] Database reset via file deletion completed for worker 13644 in 108.9898ms (Close: 0.0005ms, Delete: 1.0154ms, Create: 8.2129ms) {"SourceContext": "Infrastructure.Services.DatabaseTestService", "Application": "Crud.Api"}
[06:45:11 INF] Releasing database mutex for worker 13644 {"SourceContext": "Infrastructure.Services.DatabaseTestService", "Application": "Crud.Api"}
[06:45:11 INF] User registered successfully: 60037d32-c0cc-4d72-918b-7b86d147ada8 {"SourceContext": "App.Features.Authentication.RegisterUserCommandHandler", "ActionId": "b8939ff0-f7de-421d-9a69-73c6523457b4", "ActionName": "Api.Controllers.AuthController.Register (Api)", "RequestId": "0HNFGVQB4PDR7", "RequestPath": "/api/auth/register", "Application": "Crud.Api"}
Activity.TraceId:            430e52f7b235fcde1bdd5dcd99ec9b9a
Activity.SpanId:             9bf5e29a741136d6
Activity.TraceFlags:         Recorded
Activity.ActivitySourceName: Microsoft.AspNetCore
Activity.DisplayName:        POST api/Auth/register
Activity.Kind:               Server
Activity.StartTime:          2025-09-11T06:45:11.0460985Z
Activity.Duration:           00:00:00.2995888
Activity.Tags:
    server.address: localhost
    http.request.method: POST
    url.scheme: http
    url.path: /api/auth/register
    network.protocol.version: 1.1
    http.route: api/Auth/register
    http.response.status_code: 200
Resource associated with Activity:
    deployment.environment: Testing
    service.name: Crud.Api
    service.version: 1.0.0
    service.instance.id: bb25e7a8-9ced-49c8-9e52-fd74b67e7fff
    telemetry.sdk.name: opentelemetry
    telemetry.sdk.language: dotnet
    telemetry.sdk.version: 1.8.1
Resource associated with Metric:
    deployment.environment: Testing
    service.name: Crud.Api
    service.version: 1.0.0
    service.instance.id: bb25e7a8-9ced-49c8-9e52-fd74b67e7fff
    telemetry.sdk.name: opentelemetry
    telemetry.sdk.language: dotnet
    telemetry.sdk.version: 1.8.1
Metric Name: http.server.active_requests, Number of active HTTP server requests., Unit: {request}, Meter: Microsoft.AspNetCore.Hosting
(2025-09-11T06:45:01.5947913Z, 2025-09-11T06:45:11.5948185Z] http.request.method: POST url.scheme: http LongSumNonMonotonic
Value: 1
(2025-09-11T06:45:01.5947913Z, 2025-09-11T06:45:11.5948185Z] http.request.method: GET url.scheme: http LongSumNonMonotonic
Value: 0
(2025-09-11T06:45:01.5947913Z, 2025-09-11T06:45:11.5948185Z] http.request.method: PUT url.scheme: http LongSumNonMonotonic
Value: 0
(2025-09-11T06:45:01.5947913Z, 2025-09-11T06:45:11.5948185Z] http.request.method: DELETE url.scheme: http LongSumNonMonotonic
Value: 0
Metric Name: http.server.request.duration, Duration of HTTP server requests., Unit: s, Meter: Microsoft.AspNetCore.Hosting
(2025-09-11T06:45:01.5948112Z, 2025-09-11T06:45:11.5948220Z] http.request.method: POST http.response.status_code: 200 http.route: api/Auth/register network.protocol.version: 1.1 url.scheme: http Histogram
Value: Sum: 4.2063188 Count: 14 Min: 0.2984346 Max: 0.3076592 
(-Infinity,0.005]:0
(0.005,0.01]:0
(0.01,0.025]:0
(0.025,0.05]:0
(0.05,0.075]:0
(0.075,0.1]:0
(0.1,0.25]:0
(0.25,0.5]:14
(0.5,0.75]:0
(0.75,1]:0
(1,2.5]:0
(2.5,5]:0
(5,7.5]:0
(7.5,10]:0
(10,+Infinity]:0
(2025-09-11T06:45:01.5948112Z, 2025-09-11T06:45:11.5948220Z] http.request.method: POST http.response.status_code: 200 http.route: api/Auth/login network.protocol.version: 1.1 url.scheme: http Histogram
Value: Sum: 2.4099407999999998 Count: 8 Min: 0.2985786 Max: 0.3102024 
(-Infinity,0.005]:0
(0.005,0.01]:0
(0.01,0.025]:0
(0.025,0.05]:0
(0.05,0.075]:0
(0.075,0.1]:0
(0.1,0.25]:0
(0.25,0.5]:8
(0.5,0.75]:0
(0.75,1]:0
(1,2.5]:0
(2.5,5]:0
(5,7.5]:0
(7.5,10]:0
(10,+Infinity]:0
(2025-09-11T06:45:01.5948112Z, 2025-09-11T06:45:11.5948220Z] http.request.method: POST http.response.status_code: 201 http.route: api/Roles network.protocol.version: 1.1 url.scheme: http Histogram
Value: Sum: 0.017136699999999998 Count: 3 Min: 0.001547 Max: 0.0119531 
(-Infinity,0.005]:2
(0.005,0.01]:0
(0.01,0.025]:1
(0.025,0.05]:0
(0.05,0.075]:0
(0.075,0.1]:0
(0.1,0.25]:0
(0.25,0.5]:0
(0.5,0.75]:0
(0.75,1]:0
(1,2.5]:0
(2.5,5]:0
(5,7.5]:0
(7.5,10]:0
(10,+Infinity]:0
(2025-09-11T06:45:01.5948112Z, 2025-09-11T06:45:11.5948220Z] http.request.method: POST http.response.status_code: 201 http.route: api/People network.protocol.version: 1.1 url.scheme: http Histogram
Value: Sum: 0.0242134 Count: 6 Min: 0.0015774 Max: 0.0129262 
(-Infinity,0.005]:5
(0.005,0.01]:0
(0.01,0.025]:1
(0.025,0.05]:0
(0.05,0.075]:0
(0.075,0.1]:0
(0.1,0.25]:0
(0.25,0.5]:0
(0.5,0.75]:0
(0.75,1]:0
(1,2.5]:0
(2.5,5]:0
(5,7.5]:0
(7.5,10]:0
(10,+Infinity]:0
(2025-09-11T06:45:01.5948112Z, 2025-09-11T06:45:11.5948220Z] http.request.method: GET http.response.status_code: 200 http.route: api/People network.protocol.version: 1.1 url.scheme: http Histogram
Value: Sum: 0.0075524 Count: 1 Min: 0.0075524 Max: 0.0075524 
(-Infinity,0.005]:0
(0.005,0.01]:1
(0.01,0.025]:0
(0.025,0.05]:0
(0.05,0.075]:0
(0.075,0.1]:0
(0.1,0.25]:0
(0.25,0.5]:0
(0.5,0.75]:0
(0.75,1]:0
(1,2.5]:0
(2.5,5]:0
(5,7.5]:0
(7.5,10]:0
(10,+Infinity]:0
(2025-09-11T06:45:01.5948112Z, 2025-09-11T06:45:11.5948220Z] http.request.method: POST http.response.status_code: 400 http.route: api/People network.protocol.version: 1.1 url.scheme: http Histogram
Value: Sum: 0.0022853 Count: 1 Min: 0.0022853 Max: 0.0022853 
(-Infinity,0.005]:1
(0.005,0.01]:0
(0.01,0.025]:0
(0.025,0.05]:0
(0.05,0.075]:0
(0.075,0.1]:0
(0.1,0.25]:0
(0.25,0.5]:0
(0.5,0.75]:0
(0.75,1]:0
(1,2.5]:0
(2.5,5]:0
(5,7.5]:0
(7.5,10]:0
(10,+Infinity]:0
(2025-09-11T06:45:01.5948112Z, 2025-09-11T06:45:11.5948220Z] http.request.method: PUT http.response.status_code: 204 http.route: api/People/{id:guid} network.protocol.version: 1.1 url.scheme: http Histogram
Value: Sum: 0.0054453 Count: 1 Min: 0.0054453 Max: 0.0054453 
(-Infinity,0.005]:0
(0.005,0.01]:1
(0.01,0.025]:0
(0.025,0.05]:0
(0.05,0.075]:0
(0.075,0.1]:0
(0.1,0.25]:0
(0.25,0.5]:0
(0.5,0.75]:0
(0.75,1]:0
(1,2.5]:0
(2.5,5]:0
(5,7.5]:0
(7.5,10]:0
(10,+Infinity]:0
(2025-09-11T06:45:01.5948112Z, 2025-09-11T06:45:11.5948220Z] http.request.method: GET http.response.status_code: 200 http.route: api/People/{id:guid} network.protocol.version: 1.1 url.scheme: http Histogram
Value: Sum: 0.0057941 Count: 3 Min: 0.0009922 Max: 0.0030853 
(-Infinity,0.005]:3
(0.005,0.01]:0
(0.01,0.025]:0
(0.025,0.05]:0
(0.05,0.075]:0
(0.075,0.1]:0
(0.1,0.25]:0
(0.25,0.5]:0
(0.5,0.75]:0
(0.75,1]:0
(1,2.5]:0
(2.5,5]:0
(5,7.5]:0
(7.5,10]:0
(10,+Infinity]:0
(2025-09-11T06:45:01.5948112Z, 2025-09-11T06:45:11.5948220Z] http.request.method: GET http.response.status_code: 401 http.route: api/People network.protocol.version: 1.1 url.scheme: http Histogram
Value: Sum: 0.0002815 Count: 1 Min: 0.0002815 Max: 0.0002815 
(-Infinity,0.005]:1
(0.005,0.01]:0
(0.01,0.025]:0
(0.025,0.05]:0
(0.05,0.075]:0
(0.075,0.1]:0
(0.1,0.25]:0
(0.25,0.5]:0
(0.5,0.75]:0
(0.75,1]:0
(1,2.5]:0
(2.5,5]:0
(5,7.5]:0
(7.5,10]:0
(10,+Infinity]:0
(2025-09-11T06:45:01.5948112Z, 2025-09-11T06:45:11.5948220Z] http.request.method: POST http.response.status_code: 401 http.route: api/People network.protocol.version: 1.1 url.scheme: http Histogram
Value: Sum: 0.0001865 Count: 1 Min: 0.0001865 Max: 0.0001865 
(-Infinity,0.005]:1
(0.005,0.01]:0
(0.01,0.025]:0
(0.025,0.05]:0
(0.05,0.075]:0
(0.075,0.1]:0
(0.1,0.25]:0
(0.25,0.5]:0
(0.5,0.75]:0
(0.75,1]:0
(1,2.5]:0
(2.5,5]:0
(5,7.5]:0
(7.5,10]:0
(10,+Infinity]:0
(2025-09-11T06:45:01.5948112Z, 2025-09-11T06:45:11.5948220Z] http.request.method: GET http.response.status_code: 404 http.route: api/People/{id:guid} network.protocol.version: 1.1 url.scheme: http Histogram
Value: Sum: 0.0036158 Count: 1 Min: 0.0036158 Max: 0.0036158 
(-Infinity,0.005]:1
(0.005,0.01]:0
(0.01,0.025]:0
(0.025,0.05]:0
(0.05,0.075]:0
(0.075,0.1]:0
(0.1,0.25]:0
(0.25,0.5]:0
(0.5,0.75]:0
(0.75,1]:0
(1,2.5]:0
(2.5,5]:0
(5,7.5]:0
(7.5,10]:0
(10,+Infinity]:0
(2025-09-11T06:45:01.5948112Z, 2025-09-11T06:45:11.5948220Z] http.request.method: POST http.response.status_code: 403 http.route: api/People network.protocol.version: 1.1 url.scheme: http Histogram
Value: Sum: 0.0010898 Count: 1 Min: 0.0010898 Max: 0.0010898 
(-Infinity,0.005]:1
(0.005,0.01]:0
(0.01,0.025]:0
(0.025,0.05]:0
(0.05,0.075]:0
(0.075,0.1]:0
(0.1,0.25]:0
(0.25,0.5]:0
(0.5,0.75]:0
(0.75,1]:0
(1,2.5]:0
(2.5,5]:0
(5,7.5]:0
(7.5,10]:0
(10,+Infinity]:0
(2025-09-11T06:45:01.5948112Z, 2025-09-11T06:45:11.5948220Z] http.request.method: DELETE http.response.status_code: 204 http.route: api/People/{id:guid} network.protocol.version: 1.1 url.scheme: http Histogram
Value: Sum: 0.0054002 Count: 1 Min: 0.0054002 Max: 0.0054002 
(-Infinity,0.005]:0
(0.005,0.01]:1
(0.01,0.025]:0
(0.025,0.05]:0
(0.05,0.075]:0
(0.075,0.1]:0
(0.1,0.25]:0
(0.25,0.5]:0
(0.5,0.75]:0
(0.75,1]:0
(1,2.5]:0
(2.5,5]:0
(5,7.5]:0
(7.5,10]:0
(10,+Infinity]:0
Metric Name: aspnetcore.rate_limiting.active_request_leases, Number of HTTP requests that are currently active on the server that hold a rate limiting lease., Unit: {request}, Meter: Microsoft.AspNetCore.RateLimiting
(2025-09-11T06:45:01.5965697Z, 2025-09-11T06:45:11.5948226Z] LongSumNonMonotonic
Value: 1
Metric Name: aspnetcore.rate_limiting.request_lease.duration, The duration of rate limiting leases held by HTTP requests on the server., Unit: s, Meter: Microsoft.AspNetCore.RateLimiting
(2025-09-11T06:45:01.5965912Z, 2025-09-11T06:45:11.5948235Z] Histogram
Value: Sum: 6.682054399999999 Count: 42 Min: 9.06E-05 Max: 0.3100923 
(-Infinity,0.005]:15
(0.005,0.01]:3
(0.01,0.025]:2
(0.025,0.05]:0
(0.05,0.075]:0
(0.075,0.1]:0
(0.1,0.25]:0
(0.25,0.5]:22
(0.5,0.75]:0
(0.75,1]:0
(1,2.5]:0
(2.5,5]:0
(5,7.5]:0
(7.5,10]:0
(10,+Infinity]:0
Metric Name: aspnetcore.rate_limiting.requests, Number of requests that tried to acquire a rate limiting lease. Requests could be rejected by global or endpoint rate limiting policies. Or the request could be canceled while waiting for the lease., Unit: {request}, Meter: Microsoft.AspNetCore.RateLimiting
(2025-09-11T06:45:01.5966376Z, 2025-09-11T06:45:11.5948242Z] aspnetcore.rate_limiting.result: acquired LongSum
Value: 42
Metric Name: aspnetcore.routing.match_attempts, Number of requests that were attempted to be matched to an endpoint., Unit: {match_attempt}, Meter: Microsoft.AspNetCore.Routing
(2025-09-11T06:45:01.5973646Z, 2025-09-11T06:45:11.5948247Z] aspnetcore.routing.is_fallback: false aspnetcore.routing.match_status: success http.route: api/Auth/register LongSum
Value: 14
(2025-09-11T06:45:01.5973646Z, 2025-09-11T06:45:11.5948247Z] aspnetcore.routing.is_fallback: false aspnetcore.routing.match_status: success http.route: api/Auth/login LongSum
Value: 9
(2025-09-11T06:45:01.5973646Z, 2025-09-11T06:45:11.5948247Z] aspnetcore.routing.is_fallback: false aspnetcore.routing.match_status: success http.route: api/Roles LongSum
Value: 3
(2025-09-11T06:45:01.5973646Z, 2025-09-11T06:45:11.5948247Z] aspnetcore.routing.is_fallback: false aspnetcore.routing.match_status: success http.route: api/People LongSum
Value: 11
(2025-09-11T06:45:01.5973646Z, 2025-09-11T06:45:11.5948247Z] aspnetcore.routing.is_fallback: false aspnetcore.routing.match_status: success http.route: api/People/{id:guid} LongSum
Value: 6
[06:45:11 INF] User logged in successfully: 60037d32-c0cc-4d72-918b-7b86d147ada8 {"SourceContext": "App.Features.Authentication.LoginCommandHandler", "ActionId": "4d68b79f-623c-49d4-83f6-3674bfb7533a", "ActionName": "Api.Controllers.AuthController.Login (Api)", "RequestId": "0HNFGVQB4PDR8", "RequestPath": "/api/auth/login", "Application": "Crud.Api"}
Activity.TraceId:            2b35573fe76a361e9318ba828987be0d
Activity.SpanId:             45bfe0875877ca84
Activity.TraceFlags:         Recorded
Activity.ActivitySourceName: Microsoft.AspNetCore
Activity.DisplayName:        POST api/Auth/login
Activity.Kind:               Server
Activity.StartTime:          2025-09-11T06:45:11.3467660Z
Activity.Duration:           00:00:00.2987909
Activity.Tags:
    server.address: localhost
    http.request.method: POST
    url.scheme: http
    url.path: /api/auth/login
    network.protocol.version: 1.1
    http.route: api/Auth/login
    http.response.status_code: 200
Resource associated with Activity:
    deployment.environment: Testing
    service.name: Crud.Api
    service.version: 1.0.0
    service.instance.id: bb25e7a8-9ced-49c8-9e52-fd74b67e7fff
    telemetry.sdk.name: opentelemetry
    telemetry.sdk.language: dotnet
    telemetry.sdk.version: 1.8.1
[06:45:11 DBG] Removed cache value for key: entity:person:1986fd5a70304a80b8943119a46d7880 {"SourceContext": "Infrastructure.Services.Caching.InMemoryCacheService", "ActionId": "c612e991-18e0-44fe-94bb-4336c32d5471", "ActionName": "Api.Controllers.PeopleController.Create (Api)", "RequestId": "0HNFGVQB4PDR9", "RequestPath": "/api/people", "Application": "Crud.Api"}
[06:45:11 DBG] Removed cache value for key: list:person {"SourceContext": "Infrastructure.Services.Caching.InMemoryCacheService", "ActionId": "c612e991-18e0-44fe-94bb-4336c32d5471", "ActionName": "Api.Controllers.PeopleController.Create (Api)", "RequestId": "0HNFGVQB4PDR9", "RequestPath": "/api/people", "Application": "Crud.Api"}
[06:45:11 DBG] Invalidating cache for entity type: people with tag: people {"SourceContext": "Api.Services.OutputCacheInvalidationService", "ActionId": "c612e991-18e0-44fe-94bb-4336c32d5471", "ActionName": "Api.Controllers.PeopleController.Create (Api)", "RequestId": "0HNFGVQB4PDR9", "RequestPath": "/api/people", "Application": "Crud.Api"}
[06:45:11 INF] Successfully invalidated cache for entity type: people {"SourceContext": "Api.Services.OutputCacheInvalidationService", "ActionId": "c612e991-18e0-44fe-94bb-4336c32d5471", "ActionName": "Api.Controllers.PeopleController.Create (Api)", "RequestId": "0HNFGVQB4PDR9", "RequestPath": "/api/people", "Application": "Crud.Api"}
Activity.TraceId:            aaf555ac0b307a3781695952a51ea155
Activity.SpanId:             02c18589c245ee9f
Activity.TraceFlags:         Recorded
Activity.ActivitySourceName: Microsoft.AspNetCore
Activity.DisplayName:        POST api/People
Activity.Kind:               Server
Activity.StartTime:          2025-09-11T06:45:11.6462441Z
Activity.Duration:           00:00:00.0015816
Activity.Tags:
    server.address: localhost
    http.request.method: POST
    url.scheme: http
    url.path: /api/people
    network.protocol.version: 1.1
    http.route: api/People
    http.response.status_code: 201
Resource associated with Activity:
    deployment.environment: Testing
    service.name: Crud.Api
    service.version: 1.0.0
    service.instance.id: bb25e7a8-9ced-49c8-9e52-fd74b67e7fff
    telemetry.sdk.name: opentelemetry
    telemetry.sdk.language: dotnet
    telemetry.sdk.version: 1.8.1
[06:45:11 DBG] Removed cache value for key: entity:person:1986fd5a70304a80b8943119a46d7880 {"SourceContext": "Infrastructure.Services.Caching.InMemoryCacheService", "ActionId": "2fee4cd2-9a2a-4258-93da-fe1d7c1307dd", "ActionName": "Api.Controllers.PeopleController.Delete (Api)", "RequestId": "0HNFGVQB4PDRA", "RequestPath": "/api/people/1986fd5a-7030-4a80-b894-3119a46d7880", "Application": "Crud.Api"}
[06:45:11 DBG] Removed cache value for key: list:person {"SourceContext": "Infrastructure.Services.Caching.InMemoryCacheService", "ActionId": "2fee4cd2-9a2a-4258-93da-fe1d7c1307dd", "ActionName": "Api.Controllers.PeopleController.Delete (Api)", "RequestId": "0HNFGVQB4PDRA", "RequestPath": "/api/people/1986fd5a-7030-4a80-b894-3119a46d7880", "Application": "Crud.Api"}
[06:45:11 DBG] Invalidating cache for entity: people/1986fd5a-7030-4a80-b894-3119a46d7880 with tags: people, people:1986fd5a-7030-4a80-b894-3119a46d7880 {"SourceContext": "Api.Services.OutputCacheInvalidationService", "ActionId": "2fee4cd2-9a2a-4258-93da-fe1d7c1307dd", "ActionName": "Api.Controllers.PeopleController.Delete (Api)", "RequestId": "0HNFGVQB4PDRA", "RequestPath": "/api/people/1986fd5a-7030-4a80-b894-3119a46d7880", "Application": "Crud.Api"}
[06:45:11 DBG] Successfully invalidated cache for tag: people {"SourceContext": "Api.Services.OutputCacheInvalidationService", "ActionId": "2fee4cd2-9a2a-4258-93da-fe1d7c1307dd", "ActionName": "Api.Controllers.PeopleController.Delete (Api)", "RequestId": "0HNFGVQB4PDRA", "RequestPath": "/api/people/1986fd5a-7030-4a80-b894-3119a46d7880", "Application": "Crud.Api"}
[06:45:11 DBG] Successfully invalidated cache for tag: people:1986fd5a-7030-4a80-b894-3119a46d7880 {"SourceContext": "Api.Services.OutputCacheInvalidationService", "ActionId": "2fee4cd2-9a2a-4258-93da-fe1d7c1307dd", "ActionName": "Api.Controllers.PeopleController.Delete (Api)", "RequestId": "0HNFGVQB4PDRA", "RequestPath": "/api/people/1986fd5a-7030-4a80-b894-3119a46d7880", "Application": "Crud.Api"}
Activity.TraceId:            5230fefeefa61c13bc2fa83111640c6b
Activity.SpanId:             0907cb2acfb9dd9f
Activity.TraceFlags:         Recorded
Activity.ActivitySourceName: Microsoft.AspNetCore
Activity.DisplayName:        DELETE api/People/{id:guid}
Activity.Kind:               Server
Activity.StartTime:          2025-09-11T06:45:11.6479271Z
Activity.Duration:           00:00:00.0015276
Activity.Tags:
    server.address: localhost
    http.request.method: DELETE
    url.scheme: http
    url.path: /api/people/1986fd5a-7030-4a80-b894-3119a46d7880
    network.protocol.version: 1.1
    http.route: api/People/{id:guid}
    http.response.status_code: 204
Resource associated with Activity:
    deployment.environment: Testing
    service.name: Crud.Api
    service.version: 1.0.0
    service.instance.id: bb25e7a8-9ced-49c8-9e52-fd74b67e7fff
    telemetry.sdk.name: opentelemetry
    telemetry.sdk.language: dotnet
    telemetry.sdk.version: 1.8.1
[06:45:11 DBG] Cache miss for key: entity:person:1986fd5a70304a80b8943119a46d7880 {"SourceContext": "Infrastructure.Services.Caching.InMemoryCacheService", "ActionId": "826ddf5f-5135-458f-afb0-13e311ae388b", "ActionName": "Api.Controllers.PeopleController.Get (Api)", "RequestId": "0HNFGVQB4PDRB", "RequestPath": "/api/people/1986fd5a-7030-4a80-b894-3119a46d7880", "Application": "Crud.Api"}
Activity.TraceId:            d7210fd256ad7a871ea5e9027253fcfd
Activity.SpanId:             1cd8b45e1bd12773
Activity.TraceFlags:         Recorded
Activity.ActivitySourceName: Microsoft.AspNetCore
Activity.DisplayName:        GET api/People/{id:guid}
Activity.Kind:               Server
Activity.StartTime:          2025-09-11T06:45:11.6495185Z
Activity.Duration:           00:00:00.0007490
Activity.Tags:
    server.address: localhost
    http.request.method: GET
    url.scheme: http
    url.path: /api/people/1986fd5a-7030-4a80-b894-3119a46d7880
    network.protocol.version: 1.1
    http.route: api/People/{id:guid}
    http.response.status_code: 404
Resource associated with Activity:
    deployment.environment: Testing
    service.name: Crud.Api
    service.version: 1.0.0
    service.instance.id: bb25e7a8-9ced-49c8-9e52-fd74b67e7fff
    telemetry.sdk.name: opentelemetry
    telemetry.sdk.language: dotnet
    telemetry.sdk.version: 1.8.1
[06:45:11 INF] Resetting database for worker 13644 {"SourceContext": "Infrastructure.Services.DatabaseTestService", "Application": "Crud.Api"}
[06:45:11 INF] Resetting database via file deletion for worker 13644 in CI environment {"SourceContext": "Infrastructure.Services.DatabaseTestService", "Application": "Crud.Api"}
[06:45:11 INF] Acquiring database mutex for worker 13644... {"SourceContext": "Infrastructure.Services.DatabaseTestService", "Application": "Crud.Api"}
[06:45:11 INF] Database mutex acquired for worker 13644 {"SourceContext": "Infrastructure.Services.DatabaseTestService", "Application": "Crud.Api"}
[06:45:11 INF] Current database state - CanConnect: True {"SourceContext": "Infrastructure.Services.DatabaseTestService", "Application": "Crud.Api"}
[06:45:11 INF] [Phase 0] Closing database connection for worker 13644... {"SourceContext": "Infrastructure.Services.DatabaseTestService", "Application": "Crud.Api"}
[06:45:11 INF] [Phase 0] Connection closed in 0.0005ms {"SourceContext": "Infrastructure.Services.DatabaseTestService", "Application": "Crud.Api"}
[06:45:11 INF] [Phase 1] Starting EnsureDeletedAsync for worker 13644... {"SourceContext": "Infrastructure.Services.DatabaseTestService", "Application": "Crud.Api"}
[06:45:11 INF] [Phase 1] EnsureDeletedAsync completed in 1.2211ms {"SourceContext": "Infrastructure.Services.DatabaseTestService", "Application": "Crud.Api"}
[06:45:11 INF] [Phase 2] Starting EnsureCreatedAsync for worker 13644... {"SourceContext": "Infrastructure.Services.DatabaseTestService", "Application": "Crud.Api"}
[06:45:11 INF] [Phase 2] EnsureCreatedAsync completed in 7.3505ms {"SourceContext": "Infrastructure.Services.DatabaseTestService", "Application": "Crud.Api"}
[06:45:11 INF] [Phase 3] Skipping database seeding as requested for worker 13644 {"SourceContext": "Infrastructure.Services.DatabaseTestService", "Application": "Crud.Api"}
[06:45:11 INF] Database reset via file deletion completed for worker 13644 in 108.8663ms (Close: 0.0005ms, Delete: 1.2211ms, Create: 7.3505ms) {"SourceContext": "Infrastructure.Services.DatabaseTestService", "Application": "Crud.Api"}
[06:45:11 INF] Releasing database mutex for worker 13644 {"SourceContext": "Infrastructure.Services.DatabaseTestService", "Application": "Crud.Api"}
[06:45:11 INF] Resetting database for worker 13644 {"SourceContext": "Infrastructure.Services.DatabaseTestService", "Application": "Crud.Api"}
[06:45:11 INF] Resetting database via file deletion for worker 13644 in CI environment {"SourceContext": "Infrastructure.Services.DatabaseTestService", "Application": "Crud.Api"}
[06:45:11 INF] Acquiring database mutex for worker 13644... {"SourceContext": "Infrastructure.Services.DatabaseTestService", "Application": "Crud.Api"}
[06:45:11 INF] Database mutex acquired for worker 13644 {"SourceContext": "Infrastructure.Services.DatabaseTestService", "Application": "Crud.Api"}
[06:45:11 INF] Current database state - CanConnect: True {"SourceContext": "Infrastructure.Services.DatabaseTestService", "Application": "Crud.Api"}
[06:45:11 INF] [Phase 0] Closing database connection for worker 13644... {"SourceContext": "Infrastructure.Services.DatabaseTestService", "Application": "Crud.Api"}
[06:45:11 INF] [Phase 0] Connection closed in 0.0006ms {"SourceContext": "Infrastructure.Services.DatabaseTestService", "Application": "Crud.Api"}
[06:45:11 INF] [Phase 1] Starting EnsureDeletedAsync for worker 13644... {"SourceContext": "Infrastructure.Services.DatabaseTestService", "Application": "Crud.Api"}
[06:45:11 INF] [Phase 1] EnsureDeletedAsync completed in 1.0386ms {"SourceContext": "Infrastructure.Services.DatabaseTestService", "Application": "Crud.Api"}
[06:45:11 INF] [Phase 2] Starting EnsureCreatedAsync for worker 13644... {"SourceContext": "Infrastructure.Services.DatabaseTestService", "Application": "Crud.Api"}
[06:45:11 INF] [Phase 2] EnsureCreatedAsync completed in 7.3303ms {"SourceContext": "Infrastructure.Services.DatabaseTestService", "Application": "Crud.Api"}
[06:45:11 INF] [Phase 3] Skipping database seeding as requested for worker 13644 {"SourceContext": "Infrastructure.Services.DatabaseTestService", "Application": "Crud.Api"}
[06:45:11 INF] Database reset via file deletion completed for worker 13644 in 108.1618ms (Close: 0.0006ms, Delete: 1.0386ms, Create: 7.3303ms) {"SourceContext": "Infrastructure.Services.DatabaseTestService", "Application": "Crud.Api"}
[06:45:11 INF] Releasing database mutex for worker 13644 {"SourceContext": "Infrastructure.Services.DatabaseTestService", "Application": "Crud.Api"}
[06:45:12 INF] User registered successfully: d5cf2ba6-afba-4fb2-bb77-8d873e95808f {"SourceContext": "App.Features.Authentication.RegisterUserCommandHandler", "ActionId": "b8939ff0-f7de-421d-9a69-73c6523457b4", "ActionName": "Api.Controllers.AuthController.Register (Api)", "RequestId": "0HNFGVQB4PDRC", "RequestPath": "/api/auth/register", "Application": "Crud.Api"}
Activity.TraceId:            481d9a57ad9c0de006091a1c8b52d71d
Activity.SpanId:             4507667aa3b90c12
Activity.TraceFlags:         Recorded
Activity.ActivitySourceName: Microsoft.AspNetCore
Activity.DisplayName:        POST api/Auth/register
Activity.Kind:               Server
Activity.StartTime:          2025-09-11T06:45:11.8709629Z
Activity.Duration:           00:00:00.2988588
Activity.Tags:
    server.address: localhost
    http.request.method: POST
    url.scheme: http
    url.path: /api/auth/register
    network.protocol.version: 1.1
    http.route: api/Auth/register
    http.response.status_code: 200
Resource associated with Activity:
    deployment.environment: Testing
    service.name: Crud.Api
    service.version: 1.0.0
    service.instance.id: bb25e7a8-9ced-49c8-9e52-fd74b67e7fff
    telemetry.sdk.name: opentelemetry
    telemetry.sdk.language: dotnet
    telemetry.sdk.version: 1.8.1
[06:45:12 INF] User logged in successfully: d5cf2ba6-afba-4fb2-bb77-8d873e95808f {"SourceContext": "App.Features.Authentication.LoginCommandHandler", "ActionId": "4d68b79f-623c-49d4-83f6-3674bfb7533a", "ActionName": "Api.Controllers.AuthController.Login (Api)", "RequestId": "0HNFGVQB4PDRD", "RequestPath": "/api/auth/login", "Application": "Crud.Api"}
Activity.TraceId:            afa8c778aaa5b80a541c86ad59153c1c
Activity.SpanId:             e3411b7fe6d0aa2f
Activity.TraceFlags:         Recorded
Activity.ActivitySourceName: Microsoft.AspNetCore
Activity.DisplayName:        POST api/Auth/login
Activity.Kind:               Server
Activity.StartTime:          2025-09-11T06:45:12.1707094Z
Activity.Duration:           00:00:00.2994625
Activity.Tags:
    server.address: localhost
    http.request.method: POST
    url.scheme: http
    url.path: /api/auth/login
    network.protocol.version: 1.1
    http.route: api/Auth/login
    http.response.status_code: 200
Resource associated with Activity:
    deployment.environment: Testing
    service.name: Crud.Api
    service.version: 1.0.0
    service.instance.id: bb25e7a8-9ced-49c8-9e52-fd74b67e7fff
    telemetry.sdk.name: opentelemetry
    telemetry.sdk.language: dotnet
    telemetry.sdk.version: 1.8.1
[06:45:12 DBG] Cache miss for key: entity:person:0f00746424e542feae881217e0220462 {"SourceContext": "Infrastructure.Services.Caching.InMemoryCacheService", "ActionId": "e526aa2a-9c59-4f6c-abab-3572e2eef488", "ActionName": "Api.Controllers.PeopleController.Update (Api)", "RequestId": "0HNFGVQB4PDRE", "RequestPath": "/api/people/0f007464-24e5-42fe-ae88-1217e0220462", "Application": "Crud.Api"}
[06:45:12 ERR] An unhandled exception occurred during request PUT /api/people/0f007464-24e5-42fe-ae88-1217e0220462. Request ID: 0HNFGVQB4PDRE, User: Anonymous {"SourceContext": "Api.Middleware.GlobalExceptionHandlingMiddleware", "RequestPath": "/api/people/0f007464-24e5-42fe-ae88-1217e0220462", "Application": "Crud.Api"}
System.Collections.Generic.KeyNotFoundException: Person 0f007464-24e5-42fe-ae88-1217e0220462 not found
   at App.Features.People.UpdatePersonCommandHandler.Handle(UpdatePersonCommand request, CancellationToken cancellationToken) in /home/runner/work/Crud/Crud/src/App/Features/People/CommandHandlers.cs:line 31
   at MediatR.Wrappers.RequestHandlerWrapperImpl`1.&lt;&gt;c__DisplayClass1_0.&lt;&lt;Handle&gt;g__Handler|0&gt;d.MoveNext()
--- End of stack trace from previous location ---
   at Api.Controllers.PeopleController.Update(Guid id, UpdatePersonRequest request, CancellationToken ct) in /home/runner/work/Crud/Crud/src/Api/Controllers/PeopleController.cs:line 85
   at Microsoft.AspNetCore.Mvc.Infrastructure.ActionMethodExecutor.TaskOfIActionResultExecutor.Execute(ActionContext actionContext, IActionResultTypeMapper mapper, ObjectMethodExecutor executor, Object controller, Object[] arguments)
   at Microsoft.AspNetCore.Mvc.Infrastructure.ControllerActionInvoker.&lt;InvokeActionMethodAsync&gt;g__Logged|12_1(ControllerActionInvoker invoker)
   at Microsoft.AspNetCore.Mvc.Infrastructure.ControllerActionInvoker.&lt;InvokeNextActionFilterAsync&gt;g__Awaited|10_0(ControllerActionInvoker invoker, Task lastTask, State next, Scope scope, Object state, Boolean isCompleted)
   at Microsoft.AspNetCore.Mvc.Infrastructure.ControllerActionInvoker.Rethrow(ActionExecutedContextSealed context)
   at Microsoft.AspNetCore.Mvc.Infrastructure.ControllerActionInvoker.Next(State&amp; next, Scope&amp; scope, Object&amp; state, Boolean&amp; isCompleted)
   at Microsoft.AspNetCore.Mvc.Infrastructure.ControllerActionInvoker.InvokeInnerFilterAsync()
--- End of stack trace from previous location ---
   at Microsoft.AspNetCore.Mvc.Infrastructure.ResourceInvoker.&lt;InvokeFilterPipelineAsync&gt;g__Awaited|20_0(ResourceInvoker invoker, Task lastTask, State next, Scope scope, Object state, Boolean isCompleted)
   at Microsoft.AspNetCore.Mvc.Infrastructure.ResourceInvoker.&lt;InvokeAsync&gt;g__Logged|17_1(ResourceInvoker invoker)
   at Microsoft.AspNetCore.Mvc.Infrastructure.ResourceInvoker.&lt;InvokeAsync&gt;g__Logged|17_1(ResourceInvoker invoker)
   at Api.Middleware.ConditionalRequestMiddleware.InvokeAsync(HttpContext context) in /home/runner/work/Crud/Crud/src/Api/Middleware/ConditionalRequestMiddleware.cs:line 31
   at Microsoft.AspNetCore.Authorization.AuthorizationMiddleware.Invoke(HttpContext context)
   at Microsoft.AspNetCore.Authentication.AuthenticationMiddleware.Invoke(HttpContext context)
   at Microsoft.AspNetCore.RateLimiting.RateLimitingMiddleware.InvokeInternal(HttpContext context, EnableRateLimitingAttribute enableRateLimitingAttribute)
   at Api.Middleware.GlobalExceptionHandlingMiddleware.InvokeAsync(HttpContext context) in /home/runner/work/Crud/Crud/src/Api/Middleware/GlobalExceptionHandlingMiddleware.cs:line 27
Activity.TraceId:            784ab792577956f94d615018add30d20
Activity.SpanId:             2de53a5ea3823f91
Activity.TraceFlags:         Recorded
Activity.ActivitySourceName: Microsoft.AspNetCore
Activity.DisplayName:        PUT api/People/{id:guid}
Activity.Kind:               Server
Activity.StartTime:          2025-09-11T06:45:12.4708426Z
Activity.Duration:           00:00:00.0023250
Activity.Tags:
    server.address: localhost
    http.request.method: PUT
    url.scheme: http
    url.path: /api/people/0f007464-24e5-42fe-ae88-1217e0220462
    network.protocol.version: 1.1
    http.route: api/People/{id:guid}
    http.response.status_code: 404
Resource associated with Activity:
    deployment.environment: Testing
    service.name: Crud.Api
    service.version: 1.0.0
    service.instance.id: bb25e7a8-9ced-49c8-9e52-fd74b67e7fff
    telemetry.sdk.name: opentelemetry
    telemetry.sdk.language: dotnet
    telemetry.sdk.version: 1.8.1
[06:45:12 INF] Resetting database for worker 13644 {"SourceContext": "Infrastructure.Services.DatabaseTestService", "Application": "Crud.Api"}
[06:45:12 INF] Resetting database via file deletion for worker 13644 in CI environment {"SourceContext": "Infrastructure.Services.DatabaseTestService", "Application": "Crud.Api"}
[06:45:12 INF] Acquiring database mutex for worker 13644... {"SourceContext": "Infrastructure.Services.DatabaseTestService", "Application": "Crud.Api"}
[06:45:12 INF] Database mutex acquired for worker 13644 {"SourceContext": "Infrastructure.Services.DatabaseTestService", "Application": "Crud.Api"}
[06:45:12 INF] Current database state - CanConnect: True {"SourceContext": "Infrastructure.Services.DatabaseTestService", "Application": "Crud.Api"}
[06:45:12 INF] [Phase 0] Closing database connection for worker 13644... {"SourceContext": "Infrastructure.Services.DatabaseTestService", "Application": "Crud.Api"}
[06:45:12 INF] [Phase 0] Connection closed in 0.0006ms {"SourceContext": "Infrastructure.Services.DatabaseTestService", "Application": "Crud.Api"}
[06:45:12 INF] [Phase 1] Starting EnsureDeletedAsync for worker 13644... {"SourceContext": "Infrastructure.Services.DatabaseTestService", "Application": "Crud.Api"}
[06:45:12 INF] [Phase 1] EnsureDeletedAsync completed in 1.2809ms {"SourceContext": "Infrastructure.Services.DatabaseTestService", "Application": "Crud.Api"}
[06:45:12 INF] [Phase 2] Starting EnsureCreatedAsync for worker 13644... {"SourceContext": "Infrastructure.Services.DatabaseTestService", "Application": "Crud.Api"}
[06:45:12 INF] [Phase 2] EnsureCreatedAsync completed in 7.626ms {"SourceContext": "Infrastructure.Services.DatabaseTestService", "Application": "Crud.Api"}
[06:45:12 INF] [Phase 3] Skipping database seeding as requested for worker 13644 {"SourceContext": "Infrastructure.Services.DatabaseTestService", "Application": "Crud.Api"}
[06:45:12 INF] Database reset via file deletion completed for worker 13644 in 109.4274ms (Close: 0.0006ms, Delete: 1.2809ms, Create: 7.626ms) {"SourceContext": "Infrastructure.Services.DatabaseTestService", "Application": "Crud.Api"}
[06:45:12 INF] Releasing database mutex for worker 13644 {"SourceContext": "Infrastructure.Services.DatabaseTestService", "Application": "Crud.Api"}
[06:45:12 INF] Resetting database for worker 13644 {"SourceContext": "Infrastructure.Services.DatabaseTestService", "Application": "Crud.Api"}
[06:45:12 INF] Resetting database via file deletion for worker 13644 in CI environment {"SourceContext": "Infrastructure.Services.DatabaseTestService", "Application": "Crud.Api"}
[06:45:12 INF] Acquiring database mutex for worker 13644... {"SourceContext": "Infrastructure.Services.DatabaseTestService", "Application": "Crud.Api"}
[06:45:12 INF] Database mutex acquired for worker 13644 {"SourceContext": "Infrastructure.Services.DatabaseTestService", "Application": "Crud.Api"}
[06:45:12 INF] Current database state - CanConnect: True {"SourceContext": "Infrastructure.Services.DatabaseTestService", "Application": "Crud.Api"}
[06:45:12 INF] [Phase 0] Closing database connection for worker 13644... {"SourceContext": "Infrastructure.Services.DatabaseTestService", "Application": "Crud.Api"}
[06:45:12 INF] [Phase 0] Connection closed in 0.0005ms {"SourceContext": "Infrastructure.Services.DatabaseTestService", "Application": "Crud.Api"}
[06:45:12 INF] [Phase 1] Starting EnsureDeletedAsync for worker 13644... {"SourceContext": "Infrastructure.Services.DatabaseTestService", "Application": "Crud.Api"}
[06:45:12 INF] [Phase 1] EnsureDeletedAsync completed in 1.1261ms {"SourceContext": "Infrastructure.Services.DatabaseTestService", "Application": "Crud.Api"}
[06:45:12 INF] [Phase 2] Starting EnsureCreatedAsync for worker 13644... {"SourceContext": "Infrastructure.Services.DatabaseTestService", "Application": "Crud.Api"}
[06:45:12 INF] [Phase 2] EnsureCreatedAsync completed in 8.6981ms {"SourceContext": "Infrastructure.Services.DatabaseTestService", "Application": "Crud.Api"}
[06:45:12 INF] [Phase 3] Skipping database seeding as requested for worker 13644 {"SourceContext": "Infrastructure.Services.DatabaseTestService", "Application": "Crud.Api"}
[06:45:12 INF] Database reset via file deletion completed for worker 13644 in 110.2593ms (Close: 0.0005ms, Delete: 1.1261ms, Create: 8.6981ms) {"SourceContext": "Infrastructure.Services.DatabaseTestService", "Application": "Crud.Api"}
[06:45:12 INF] Releasing database mutex for worker 13644 {"SourceContext": "Infrastructure.Services.DatabaseTestService", "Application": "Crud.Api"}
[06:45:12 INF] User registered successfully: 589a40f1-df3d-4e54-9ecf-f46959fd31c8 {"SourceContext": "App.Features.Authentication.RegisterUserCommandHandler", "ActionId": "b8939ff0-f7de-421d-9a69-73c6523457b4", "ActionName": "Api.Controllers.AuthController.Register (Api)", "RequestId": "0HNFGVQB4PDRF", "RequestPath": "/api/auth/register", "Application": "Crud.Api"}
Activity.TraceId:            b6512b13e73c4ef47c07b75ce452ed88
Activity.SpanId:             4ae97bd9a4cf88e4
Activity.TraceFlags:         Recorded
Activity.ActivitySourceName: Microsoft.AspNetCore
Activity.DisplayName:        POST api/Auth/register
Activity.Kind:               Server
Activity.StartTime:          2025-09-11T06:45:12.6969550Z
Activity.Duration:           00:00:00.2997167
Activity.Tags:
    server.address: localhost
    http.request.method: POST
    url.scheme: http
    url.path: /api/auth/register
    network.protocol.version: 1.1
    http.route: api/Auth/register
    http.response.status_code: 200
Resource associated with Activity:
    deployment.environment: Testing
    service.name: Crud.Api
    service.version: 1.0.0
    service.instance.id: bb25e7a8-9ced-49c8-9e52-fd74b67e7fff
    telemetry.sdk.name: opentelemetry
    telemetry.sdk.language: dotnet
    telemetry.sdk.version: 1.8.1
[06:45:13 INF] User logged in successfully: 589a40f1-df3d-4e54-9ecf-f46959fd31c8 {"SourceContext": "App.Features.Authentication.LoginCommandHandler", "ActionId": "4d68b79f-623c-49d4-83f6-3674bfb7533a", "ActionName": "Api.Controllers.AuthController.Login (Api)", "RequestId": "0HNFGVQB4PDRG", "RequestPath": "/api/auth/login", "Application": "Crud.Api"}
Activity.TraceId:            d9140904991841bd27120731381d4ce2
Activity.SpanId:             2d63c34caa37cf4f
Activity.TraceFlags:         Recorded
Activity.ActivitySourceName: Microsoft.AspNetCore
Activity.DisplayName:        POST api/Auth/login
Activity.Kind:               Server
Activity.StartTime:          2025-09-11T06:45:12.9978716Z
Activity.Duration:           00:00:00.2987481
Activity.Tags:
    server.address: localhost
    http.request.method: POST
    url.scheme: http
    url.path: /api/auth/login
    network.protocol.version: 1.1
    http.route: api/Auth/login
    http.response.status_code: 200
Resource associated with Activity:
    deployment.environment: Testing
    service.name: Crud.Api
    service.version: 1.0.0
    service.instance.id: bb25e7a8-9ced-49c8-9e52-fd74b67e7fff
    telemetry.sdk.name: opentelemetry
    telemetry.sdk.language: dotnet
    telemetry.sdk.version: 1.8.1
[06:45:13 INF] User registered successfully: 764b7586-b79f-4954-9cbf-4c93c6d8838e {"SourceContext": "App.Features.Authentication.RegisterUserCommandHandler", "ActionId": "b8939ff0-f7de-421d-9a69-73c6523457b4", "ActionName": "Api.Controllers.AuthController.Register (Api)", "RequestId": "0HNFGVQB4PDRH", "RequestPath": "/api/auth/register", "Application": "Crud.Api"}
Activity.TraceId:            9392757512f5245d335b5b7409c202af
Activity.SpanId:             b54bd04212fa0adb
Activity.TraceFlags:         Recorded
Activity.ActivitySourceName: Microsoft.AspNetCore
Activity.DisplayName:        POST api/Auth/register
Activity.Kind:               Server
Activity.StartTime:          2025-09-11T06:45:13.2973217Z
Activity.Duration:           00:00:00.2981721
Activity.Tags:
    server.address: localhost
    http.request.method: POST
    url.scheme: http
    url.path: /api/auth/register
    network.protocol.version: 1.1
    http.route: api/Auth/register
    http.response.status_code: 200
Resource associated with Activity:
    deployment.environment: Testing
    service.name: Crud.Api
    service.version: 1.0.0
    service.instance.id: bb25e7a8-9ced-49c8-9e52-fd74b67e7fff
    telemetry.sdk.name: opentelemetry
    telemetry.sdk.language: dotnet
    telemetry.sdk.version: 1.8.1
[06:45:13 DBG] Removed cache value for key: entity:person:14e0af51cc0442ef98952e68c30f6fbe {"SourceContext": "Infrastructure.Services.Caching.InMemoryCacheService", "ActionId": "c612e991-18e0-44fe-94bb-4336c32d5471", "ActionName": "Api.Controllers.PeopleController.Create (Api)", "RequestId": "0HNFGVQB4PDRI", "RequestPath": "/api/people", "Application": "Crud.Api"}
[06:45:13 DBG] Removed cache value for key: list:person {"SourceContext": "Infrastructure.Services.Caching.InMemoryCacheService", "ActionId": "c612e991-18e0-44fe-94bb-4336c32d5471", "ActionName": "Api.Controllers.PeopleController.Create (Api)", "RequestId": "0HNFGVQB4PDRI", "RequestPath": "/api/people", "Application": "Crud.Api"}
[06:45:13 DBG] Invalidating cache for entity type: people with tag: people {"SourceContext": "Api.Services.OutputCacheInvalidationService", "ActionId": "c612e991-18e0-44fe-94bb-4336c32d5471", "ActionName": "Api.Controllers.PeopleController.Create (Api)", "RequestId": "0HNFGVQB4PDRI", "RequestPath": "/api/people", "Application": "Crud.Api"}
[06:45:13 INF] Successfully invalidated cache for entity type: people {"SourceContext": "Api.Services.OutputCacheInvalidationService", "ActionId": "c612e991-18e0-44fe-94bb-4336c32d5471", "ActionName": "Api.Controllers.PeopleController.Create (Api)", "RequestId": "0HNFGVQB4PDRI", "RequestPath": "/api/people", "Application": "Crud.Api"}
Activity.TraceId:            fbd655be7862a1e98f80714a694cbcff
Activity.SpanId:             37d6b0be929c3e8f
Activity.TraceFlags:         Recorded
Activity.ActivitySourceName: Microsoft.AspNetCore
Activity.DisplayName:        POST api/People
Activity.Kind:               Server
Activity.StartTime:          2025-09-11T06:45:13.5956848Z
Activity.Duration:           00:00:00.0018845
Activity.Tags:
    server.address: localhost
    http.request.method: POST
    url.scheme: http
    url.path: /api/people
    network.protocol.version: 1.1
    http.route: api/People
    http.response.status_code: 201
Resource associated with Activity:
    deployment.environment: Testing
    service.name: Crud.Api
    service.version: 1.0.0
    service.instance.id: bb25e7a8-9ced-49c8-9e52-fd74b67e7fff
    telemetry.sdk.name: opentelemetry
    telemetry.sdk.language: dotnet
    telemetry.sdk.version: 1.8.1
[06:45:13 DBG] Removed cache value for key: entity:person:7124b6d51d3c4c42beee54b7421d5644 {"SourceContext": "Infrastructure.Services.Caching.InMemoryCacheService", "ActionId": "c612e991-18e0-44fe-94bb-4336c32d5471", "ActionName": "Api.Controllers.PeopleController.Create (Api)", "RequestId": "0HNFGVQB4PDRJ", "RequestPath": "/api/people", "Application": "Crud.Api"}
[06:45:13 DBG] Removed cache value for key: list:person {"SourceContext": "Infrastructure.Services.Caching.InMemoryCacheService", "ActionId": "c612e991-18e0-44fe-94bb-4336c32d5471", "ActionName": "Api.Controllers.PeopleController.Create (Api)", "RequestId": "0HNFGVQB4PDRJ", "RequestPath": "/api/people", "Application": "Crud.Api"}
[06:45:13 DBG] Invalidating cache for entity type: people with tag: people {"SourceContext": "Api.Services.OutputCacheInvalidationService", "ActionId": "c612e991-18e0-44fe-94bb-4336c32d5471", "ActionName": "Api.Controllers.PeopleController.Create (Api)", "RequestId": "0HNFGVQB4PDRJ", "RequestPath": "/api/people", "Application": "Crud.Api"}
[06:45:13 INF] Successfully invalidated cache for entity type: people {"SourceContext": "Api.Services.OutputCacheInvalidationService", "ActionId": "c612e991-18e0-44fe-94bb-4336c32d5471", "ActionName": "Api.Controllers.PeopleController.Create (Api)", "RequestId": "0HNFGVQB4PDRJ", "RequestPath": "/api/people", "Application": "Crud.Api"}
Activity.TraceId:            472465991bacb86a54ec98adc9457c06
Activity.SpanId:             5dc069a0c76e8414
Activity.TraceFlags:         Recorded
Activity.ActivitySourceName: Microsoft.AspNetCore
Activity.DisplayName:        POST api/People
Activity.Kind:               Server
Activity.StartTime:          2025-09-11T06:45:13.5976581Z
Activity.Duration:           00:00:00.0012290
Activity.Tags:
    server.address: localhost
    http.request.method: POST
    url.scheme: http
    url.path: /api/people
    network.protocol.version: 1.1
    http.route: api/People
    http.response.status_code: 201
Resource associated with Activity:
    deployment.environment: Testing
    service.name: Crud.Api
    service.version: 1.0.0
    service.instance.id: bb25e7a8-9ced-49c8-9e52-fd74b67e7fff
    telemetry.sdk.name: opentelemetry
    telemetry.sdk.language: dotnet
    telemetry.sdk.version: 1.8.1
[06:45:13 DBG] Cache miss for key: list:person {"SourceContext": "Infrastructure.Services.Caching.InMemoryCacheService", "ActionId": "550899ff-1695-4b58-aaaf-7e62d295306b", "ActionName": "Api.Controllers.PeopleController.List (Api)", "RequestId": "0HNFGVQB4PDRK", "RequestPath": "/api/people", "Application": "Crud.Api"}
[06:45:13 DBG] Set cache value for key: list:person {"SourceContext": "Infrastructure.Services.Caching.InMemoryCacheService", "ActionId": "550899ff-1695-4b58-aaaf-7e62d295306b", "ActionName": "Api.Controllers.PeopleController.List (Api)", "RequestId": "0HNFGVQB4PDRK", "RequestPath": "/api/people", "Application": "Crud.Api"}
Activity.TraceId:            ae431aca08b99a8540651fcb936a2fea
Activity.SpanId:             768e8f78707c47c3
Activity.TraceFlags:         Recorded
Activity.ActivitySourceName: Microsoft.AspNetCore
Activity.DisplayName:        GET api/People
Activity.Kind:               Server
Activity.StartTime:          2025-09-11T06:45:13.5990059Z
Activity.Duration:           00:00:00.0009621
Activity.Tags:
    server.address: localhost
    http.request.method: GET
    url.scheme: http
    url.path: /api/people
    network.protocol.version: 1.1
    http.route: api/People
    http.response.status_code: 200
Resource associated with Activity:
    deployment.environment: Testing
    service.name: Crud.Api
    service.version: 1.0.0
    service.instance.id: bb25e7a8-9ced-49c8-9e52-fd74b67e7fff
    telemetry.sdk.name: opentelemetry
    telemetry.sdk.language: dotnet
    telemetry.sdk.version: 1.8.1
[06:45:13 INF] Resetting database for worker 13644 {"SourceContext": "Infrastructure.Services.DatabaseTestService", "Application": "Crud.Api"}
[06:45:13 INF] Resetting database via file deletion for worker 13644 in CI environment {"SourceContext": "Infrastructure.Services.DatabaseTestService", "Application": "Crud.Api"}
[06:45:13 INF] Acquiring database mutex for worker 13644... {"SourceContext": "Infrastructure.Services.DatabaseTestService", "Application": "Crud.Api"}
[06:45:13 INF] Database mutex acquired for worker 13644 {"SourceContext": "Infrastructure.Services.DatabaseTestService", "Application": "Crud.Api"}
[06:45:13 INF] Current database state - CanConnect: True {"SourceContext": "Infrastructure.Services.DatabaseTestService", "Application": "Crud.Api"}
[06:45:13 INF] [Phase 0] Closing database connection for worker 13644... {"SourceContext": "Infrastructure.Services.DatabaseTestService", "Application": "Crud.Api"}
[06:45:13 INF] [Phase 0] Connection closed in 0.0005ms {"SourceContext": "Infrastructure.Services.DatabaseTestService", "Application": "Crud.Api"}
[06:45:13 INF] [Phase 1] Starting EnsureDeletedAsync for worker 13644... {"SourceContext": "Infrastructure.Services.DatabaseTestService", "Application": "Crud.Api"}
[06:45:13 INF] [Phase 1] EnsureDeletedAsync completed in 1.265ms {"SourceContext": "Infrastructure.Services.DatabaseTestService", "Application": "Crud.Api"}
[06:45:13 INF] [Phase 2] Starting EnsureCreatedAsync for worker 13644... {"SourceContext": "Infrastructure.Services.DatabaseTestService", "Application": "Crud.Api"}
[06:45:13 INF] [Phase 2] EnsureCreatedAsync completed in 8.2579ms {"SourceContext": "Infrastructure.Services.DatabaseTestService", "Application": "Crud.Api"}
[06:45:13 INF] [Phase 3] Skipping database seeding as requested for worker 13644 {"SourceContext": "Infrastructure.Services.DatabaseTestService", "Application": "Crud.Api"}
[06:45:13 INF] Database reset via file deletion completed for worker 13644 in 110.0834ms (Close: 0.0005ms, Delete: 1.265ms, Create: 8.2579ms) {"SourceContext": "Infrastructure.Services.DatabaseTestService", "Application": "Crud.Api"}
[06:45:13 INF] Releasing database mutex for worker 13644 {"SourceContext": "Infrastructure.Services.DatabaseTestService", "Application": "Crud.Api"}
[06:45:13 INF] Resetting database for worker 13644 {"SourceContext": "Infrastructure.Services.DatabaseTestService", "Application": "Crud.Api"}
[06:45:13 INF] Resetting database via file deletion for worker 13644 in CI environment {"SourceContext": "Infrastructure.Services.DatabaseTestService", "Application": "Crud.Api"}
[06:45:13 INF] Acquiring database mutex for worker 13644... {"SourceContext": "Infrastructure.Services.DatabaseTestService", "Application": "Crud.Api"}
[06:45:13 INF] Database mutex acquired for worker 13644 {"SourceContext": "Infrastructure.Services.DatabaseTestService", "Application": "Crud.Api"}
[06:45:13 INF] Current database state - CanConnect: True {"SourceContext": "Infrastructure.Services.DatabaseTestService", "Application": "Crud.Api"}
[06:45:13 INF] [Phase 0] Closing database connection for worker 13644... {"SourceContext": "Infrastructure.Services.DatabaseTestService", "Application": "Crud.Api"}
[06:45:13 INF] [Phase 0] Connection closed in 0.0005ms {"SourceContext": "Infrastructure.Services.DatabaseTestService", "Application": "Crud.Api"}
[06:45:13 INF] [Phase 1] Starting EnsureDeletedAsync for worker 13644... {"SourceContext": "Infrastructure.Services.DatabaseTestService", "Application": "Crud.Api"}
[06:45:13 INF] [Phase 1] EnsureDeletedAsync completed in 1.2155ms {"SourceContext": "Infrastructure.Services.DatabaseTestService", "Application": "Crud.Api"}
[06:45:13 INF] [Phase 2] Starting EnsureCreatedAsync for worker 13644... {"SourceContext": "Infrastructure.Services.DatabaseTestService", "Application": "Crud.Api"}
[06:45:13 INF] [Phase 2] EnsureCreatedAsync completed in 7.3802ms {"SourceContext": "Infrastructure.Services.DatabaseTestService", "Application": "Crud.Api"}
[06:45:13 INF] [Phase 3] Skipping database seeding as requested for worker 13644 {"SourceContext": "Infrastructure.Services.DatabaseTestService", "Application": "Crud.Api"}
[06:45:13 INF] Database reset via file deletion completed for worker 13644 in 109.1718ms (Close: 0.0005ms, Delete: 1.2155ms, Create: 7.3802ms) {"SourceContext": "Infrastructure.Services.DatabaseTestService", "Application": "Crud.Api"}
[06:45:13 INF] Releasing database mutex for worker 13644 {"SourceContext": "Infrastructure.Services.DatabaseTestService", "Application": "Crud.Api"}
[06:45:14 INF] User registered successfully: 596cd2f5-523d-4582-893b-a8d36c450f5c {"SourceContext": "App.Features.Authentication.RegisterUserCommandHandler", "ActionId": "b8939ff0-f7de-421d-9a69-73c6523457b4", "ActionName": "Api.Controllers.AuthController.Register (Api)", "RequestId": "0HNFGVQB4PDRL", "RequestPath": "/api/auth/register", "Application": "Crud.Api"}
Activity.TraceId:            47b0bc9560c16f7fece1a842fcfa9060
Activity.SpanId:             a83c9fbcd858c0dd
Activity.TraceFlags:         Recorded
Activity.ActivitySourceName: Microsoft.AspNetCore
Activity.DisplayName:        POST api/Auth/register
Activity.Kind:               Server
Activity.StartTime:          2025-09-11T06:45:13.8241318Z
Activity.Duration:           00:00:00.2986248
Activity.Tags:
    server.address: localhost
    http.request.method: POST
    url.scheme: http
    url.path: /api/auth/register
    network.protocol.version: 1.1
    http.route: api/Auth/register
    http.response.status_code: 200
Resource associated with Activity:
    deployment.environment: Testing
    service.name: Crud.Api
    service.version: 1.0.0
    service.instance.id: bb25e7a8-9ced-49c8-9e52-fd74b67e7fff
    telemetry.sdk.name: opentelemetry
    telemetry.sdk.language: dotnet
    telemetry.sdk.version: 1.8.1
[06:45:14 INF] User logged in successfully: 596cd2f5-523d-4582-893b-a8d36c450f5c {"SourceContext": "App.Features.Authentication.LoginCommandHandler", "ActionId": "4d68b79f-623c-49d4-83f6-3674bfb7533a", "ActionName": "Api.Controllers.AuthController.Login (Api)", "RequestId": "0HNFGVQB4PDRM", "RequestPath": "/api/auth/login", "Application": "Crud.Api"}
Activity.TraceId:            02119f3553b89815eab651b53b04f0ad
Activity.SpanId:             0b444b0435968a9f
Activity.TraceFlags:         Recorded
Activity.ActivitySourceName: Microsoft.AspNetCore
Activity.DisplayName:        POST api/Auth/login
Activity.Kind:               Server
Activity.StartTime:          2025-09-11T06:45:14.1237072Z
Activity.Duration:           00:00:00.2995990
Activity.Tags:
    server.address: localhost
    http.request.method: POST
    url.scheme: http
    url.path: /api/auth/login
    network.protocol.version: 1.1
    http.route: api/Auth/login
    http.response.status_code: 200
Resource associated with Activity:
    deployment.environment: Testing
    service.name: Crud.Api
    service.version: 1.0.0
    service.instance.id: bb25e7a8-9ced-49c8-9e52-fd74b67e7fff
    telemetry.sdk.name: opentelemetry
    telemetry.sdk.language: dotnet
    telemetry.sdk.version: 1.8.1
[06:45:14 INF] User registered successfully: e0ba78f3-1335-42f5-bcd6-8150138171be {"SourceContext": "App.Features.Authentication.RegisterUserCommandHandler", "ActionId": "b8939ff0-f7de-421d-9a69-73c6523457b4", "ActionName": "Api.Controllers.AuthController.Register (Api)", "RequestId": "0HNFGVQB4PDRN", "RequestPath": "/api/auth/register", "Application": "Crud.Api"}
Activity.TraceId:            eb8217ef3921b4dc90b269a34130ed01
Activity.SpanId:             fb35defff72ae071
Activity.TraceFlags:         Recorded
Activity.ActivitySourceName: Microsoft.AspNetCore
Activity.DisplayName:        POST api/Auth/register
Activity.Kind:               Server
Activity.StartTime:          2025-09-11T06:45:14.4240381Z
Activity.Duration:           00:00:00.2997323
Activity.Tags:
    server.address: localhost
    http.request.method: POST
    url.scheme: http
    url.path: /api/auth/register
    network.protocol.version: 1.1
    http.route: api/Auth/register
    http.response.status_code: 200
Resource associated with Activity:
    deployment.environment: Testing
    service.name: Crud.Api
    service.version: 1.0.0
    service.instance.id: bb25e7a8-9ced-49c8-9e52-fd74b67e7fff
    telemetry.sdk.name: opentelemetry
    telemetry.sdk.language: dotnet
    telemetry.sdk.version: 1.8.1
[06:45:14 DBG] Removed cache value for key: entity:person:f4b4dffbcf2d437c9f6b7b25b26cced1 {"SourceContext": "Infrastructure.Services.Caching.InMemoryCacheService", "ActionId": "c612e991-18e0-44fe-94bb-4336c32d5471", "ActionName": "Api.Controllers.PeopleController.Create (Api)", "RequestId": "0HNFGVQB4PDRO", "RequestPath": "/api/people", "Application": "Crud.Api"}
[06:45:14 DBG] Removed cache value for key: list:person {"SourceContext": "Infrastructure.Services.Caching.InMemoryCacheService", "ActionId": "c612e991-18e0-44fe-94bb-4336c32d5471", "ActionName": "Api.Controllers.PeopleController.Create (Api)", "RequestId": "0HNFGVQB4PDRO", "RequestPath": "/api/people", "Application": "Crud.Api"}
[06:45:14 DBG] Invalidating cache for entity type: people with tag: people {"SourceContext": "Api.Services.OutputCacheInvalidationService", "ActionId": "c612e991-18e0-44fe-94bb-4336c32d5471", "ActionName": "Api.Controllers.PeopleController.Create (Api)", "RequestId": "0HNFGVQB4PDRO", "RequestPath": "/api/people", "Application": "Crud.Api"}
[06:45:14 INF] Successfully invalidated cache for entity type: people {"SourceContext": "Api.Services.OutputCacheInvalidationService", "ActionId": "c612e991-18e0-44fe-94bb-4336c32d5471", "ActionName": "Api.Controllers.PeopleController.Create (Api)", "RequestId": "0HNFGVQB4PDRO", "RequestPath": "/api/people", "Application": "Crud.Api"}
Activity.TraceId:            9e27aacaf3ce89c3b908dd85f9fe59b8
Activity.SpanId:             bbcfeb0a6e15cc6f
Activity.TraceFlags:         Recorded
Activity.ActivitySourceName: Microsoft.AspNetCore
Activity.DisplayName:        POST api/People
Activity.Kind:               Server
Activity.StartTime:          2025-09-11T06:45:14.7240066Z
Activity.Duration:           00:00:00.0015648
Activity.Tags:
    server.address: localhost
    http.request.method: POST
    url.scheme: http
    url.path: /api/people
    network.protocol.version: 1.1
    http.route: api/People
    http.response.status_code: 201
Resource associated with Activity:
    deployment.environment: Testing
    service.name: Crud.Api
    service.version: 1.0.0
    service.instance.id: bb25e7a8-9ced-49c8-9e52-fd74b67e7fff
    telemetry.sdk.name: opentelemetry
    telemetry.sdk.language: dotnet
    telemetry.sdk.version: 1.8.1
Activity.TraceId:            1ed9cc8aa89c5c233ca83d6918f93a3a
Activity.SpanId:             a92ab14d4d8592f2
Activity.TraceFlags:         Recorded
Activity.ActivitySourceName: Microsoft.AspNetCore
Activity.DisplayName:        DELETE api/People/{id:guid}
Activity.Kind:               Server
Activity.StartTime:          2025-09-11T06:45:14.7257204Z
Activity.Duration:           00:00:00.0002937
Activity.Tags:
    server.address: localhost
    http.request.method: DELETE
    url.scheme: http
    url.path: /api/people/f4b4dffb-cf2d-437c-9f6b-7b25b26cced1
    network.protocol.version: 1.1
    http.route: api/People/{id:guid}
    http.response.status_code: 403
Resource associated with Activity:
    deployment.environment: Testing
    service.name: Crud.Api
    service.version: 1.0.0
    service.instance.id: bb25e7a8-9ced-49c8-9e52-fd74b67e7fff
    telemetry.sdk.name: opentelemetry
    telemetry.sdk.language: dotnet
    telemetry.sdk.version: 1.8.1
[06:45:14 INF] Resetting database for worker 13644 {"SourceContext": "Infrastructure.Services.DatabaseTestService", "Application": "Crud.Api"}
[06:45:14 INF] Resetting database via file deletion for worker 13644 in CI environment {"SourceContext": "Infrastructure.Services.DatabaseTestService", "Application": "Crud.Api"}
[06:45:14 INF] Acquiring database mutex for worker 13644... {"SourceContext": "Infrastructure.Services.DatabaseTestService", "Application": "Crud.Api"}
[06:45:14 INF] Database mutex acquired for worker 13644 {"SourceContext": "Infrastructure.Services.DatabaseTestService", "Application": "Crud.Api"}
[06:45:14 INF] Current database state - CanConnect: True {"SourceContext": "Infrastructure.Services.DatabaseTestService", "Application": "Crud.Api"}
[06:45:14 INF] [Phase 0] Closing database connection for worker 13644... {"SourceContext": "Infrastructure.Services.DatabaseTestService", "Application": "Crud.Api"}
[06:45:14 INF] [Phase 0] Connection closed in 0.0006ms {"SourceContext": "Infrastructure.Services.DatabaseTestService", "Application": "Crud.Api"}
[06:45:14 INF] [Phase 1] Starting EnsureDeletedAsync for worker 13644... {"SourceContext": "Infrastructure.Services.DatabaseTestService", "Application": "Crud.Api"}
[06:45:14 INF] [Phase 1] EnsureDeletedAsync completed in 1.4318ms {"SourceContext": "Infrastructure.Services.DatabaseTestService", "Application": "Crud.Api"}
[06:45:14 INF] [Phase 2] Starting EnsureCreatedAsync for worker 13644... {"SourceContext": "Infrastructure.Services.DatabaseTestService", "Application": "Crud.Api"}
[06:45:14 INF] [Phase 2] EnsureCreatedAsync completed in 7.9611ms {"SourceContext": "Infrastructure.Services.DatabaseTestService", "Application": "Crud.Api"}
[06:45:14 INF] [Phase 3] Skipping database seeding as requested for worker 13644 {"SourceContext": "Infrastructure.Services.DatabaseTestService", "Application": "Crud.Api"}
[06:45:14 INF] Database reset via file deletion completed for worker 13644 in 109.6711ms (Close: 0.0006ms, Delete: 1.4318ms, Create: 7.9611ms) {"SourceContext": "Infrastructure.Services.DatabaseTestService", "Application": "Crud.Api"}
[06:45:14 INF] Releasing database mutex for worker 13644 {"SourceContext": "Infrastructure.Services.DatabaseTestService", "Application": "Crud.Api"}
Metric Name: http.server.active_requests, Number of active HTTP server requests., Unit: {request}, Meter: Microsoft.AspNetCore.Hosting
(2025-09-11T06:45:01.5947913Z, 2025-09-11T06:45:14.8374359Z] http.request.method: POST url.scheme: http LongSumNonMonotonic
Value: 0
(2025-09-11T06:45:01.5947913Z, 2025-09-11T06:45:14.8374359Z] http.request.method: GET url.scheme: http LongSumNonMonotonic
Value: 0
(2025-09-11T06:45:01.5947913Z, 2025-09-11T06:45:14.8374359Z] http.request.method: PUT url.scheme: http LongSumNonMonotonic
Value: 0
(2025-09-11T06:45:01.5947913Z, 2025-09-11T06:45:14.8374359Z] http.request.method: DELETE url.scheme: http LongSumNonMonotonic
Value: 0
Metric Name: http.server.request.duration, Duration of HTTP server requests., Unit: s, Meter: Microsoft.AspNetCore.Hosting
(2025-09-11T06:45:01.5948112Z, 2025-09-11T06:45:14.8374401Z] http.request.method: POST http.response.status_code: 200 http.route: api/Auth/register network.protocol.version: 1.1 url.scheme: http Histogram
Value: Sum: 5.7014013 Count: 19 Min: 0.2981679 Max: 0.3076592 
(-Infinity,0.005]:0
(0.005,0.01]:0
(0.01,0.025]:0
(0.025,0.05]:0
(0.05,0.075]:0
(0.075,0.1]:0
(0.1,0.25]:0
(0.25,0.5]:19
(0.5,0.75]:0
(0.75,1]:0
(1,2.5]:0
(2.5,5]:0
(5,7.5]:0
(7.5,10]:0
(10,+Infinity]:0
(2025-09-11T06:45:01.5948112Z, 2025-09-11T06:45:14.8374401Z] http.request.method: POST http.response.status_code: 200 http.route: api/Auth/login network.protocol.version: 1.1 url.scheme: http Histogram
Value: Sum: 3.60651 Count: 12 Min: 0.2985786 Max: 0.3102024 
(-Infinity,0.005]:0
(0.005,0.01]:0
(0.01,0.025]:0
(0.025,0.05]:0
(0.05,0.075]:0
(0.075,0.1]:0
(0.1,0.25]:0
(0.25,0.5]:12
(0.5,0.75]:0
(0.75,1]:0
(1,2.5]:0
(2.5,5]:0
(5,7.5]:0
(7.5,10]:0
(10,+Infinity]:0
(2025-09-11T06:45:01.5948112Z, 2025-09-11T06:45:14.8374401Z] http.request.method: POST http.response.status_code: 201 http.route: api/Roles network.protocol.version: 1.1 url.scheme: http Histogram
Value: Sum: 0.017136699999999998 Count: 3 Min: 0.001547 Max: 0.0119531 
(-Infinity,0.005]:2
(0.005,0.01]:0
(0.01,0.025]:1
(0.025,0.05]:0
(0.05,0.075]:0
(0.075,0.1]:0
(0.1,0.25]:0
(0.25,0.5]:0
(0.5,0.75]:0
(0.75,1]:0
(1,2.5]:0
(2.5,5]:0
(5,7.5]:0
(7.5,10]:0
(10,+Infinity]:0
(2025-09-11T06:45:01.5948112Z, 2025-09-11T06:45:14.8374401Z] http.request.method: POST http.response.status_code: 201 http.route: api/People network.protocol.version: 1.1 url.scheme: http Histogram
Value: Sum: 0.030484499999999998 Count: 10 Min: 0.0012275 Max: 0.0129262 
(-Infinity,0.005]:9
(0.005,0.01]:0
(0.01,0.025]:1
(0.025,0.05]:0
(0.05,0.075]:0
(0.075,0.1]:0
(0.1,0.25]:0
(0.25,0.5]:0
(0.5,0.75]:0
(0.75,1]:0
(1,2.5]:0
(2.5,5]:0
(5,7.5]:0
(7.5,10]:0
(10,+Infinity]:0
(2025-09-11T06:45:01.5948112Z, 2025-09-11T06:45:14.8374401Z] http.request.method: GET http.response.status_code: 200 http.route: api/People network.protocol.version: 1.1 url.scheme: http Histogram
Value: Sum: 0.0085128 Count: 2 Min: 0.0009604 Max: 0.0075524 
(-Infinity,0.005]:1
(0.005,0.01]:1
(0.01,0.025]:0
(0.025,0.05]:0
(0.05,0.075]:0
(0.075,0.1]:0
(0.1,0.25]:0
(0.25,0.5]:0
(0.5,0.75]:0
(0.75,1]:0
(1,2.5]:0
(2.5,5]:0
(5,7.5]:0
(7.5,10]:0
(10,+Infinity]:0
(2025-09-11T06:45:01.5948112Z, 2025-09-11T06:45:14.8374401Z] http.request.method: POST http.response.status_code: 400 http.route: api/People network.protocol.version: 1.1 url.scheme: http Histogram
Value: Sum: 0.0022853 Count: 1 Min: 0.0022853 Max: 0.0022853 
(-Infinity,0.005]:1
(0.005,0.01]:0
(0.01,0.025]:0
(0.025,0.05]:0
(0.05,0.075]:0
(0.075,0.1]:0
(0.1,0.25]:0
(0.25,0.5]:0
(0.5,0.75]:0
(0.75,1]:0
(1,2.5]:0
(2.5,5]:0
(5,7.5]:0
(7.5,10]:0
(10,+Infinity]:0
(2025-09-11T06:45:01.5948112Z, 2025-09-11T06:45:14.8374401Z] http.request.method: PUT http.response.status_code: 204 http.route: api/People/{id:guid} network.protocol.version: 1.1 url.scheme: http Histogram
Value: Sum: 0.0054453 Count: 1 Min: 0.0054453 Max: 0.0054453 
(-Infinity,0.005]:0
(0.005,0.01]:1
(0.01,0.025]:0
(0.025,0.05]:0
(0.05,0.075]:0
(0.075,0.1]:0
(0.1,0.25]:0
(0.25,0.5]:0
(0.5,0.75]:0
(0.75,1]:0
(1,2.5]:0
(2.5,5]:0
(5,7.5]:0
(7.5,10]:0
(10,+Infinity]:0
(2025-09-11T06:45:01.5948112Z, 2025-09-11T06:45:14.8374401Z] http.request.method: GET http.response.status_code: 200 http.route: api/People/{id:guid} network.protocol.version: 1.1 url.scheme: http Histogram
Value: Sum: 0.0057941 Count: 3 Min: 0.0009922 Max: 0.0030853 
(-Infinity,0.005]:3
(0.005,0.01]:0
(0.01,0.025]:0
(0.025,0.05]:0
(0.05,0.075]:0
(0.075,0.1]:0
(0.1,0.25]:0
(0.25,0.5]:0
(0.5,0.75]:0
(0.75,1]:0
(1,2.5]:0
(2.5,5]:0
(5,7.5]:0
(7.5,10]:0
(10,+Infinity]:0
(2025-09-11T06:45:01.5948112Z, 2025-09-11T06:45:14.8374401Z] http.request.method: GET http.response.status_code: 401 http.route: api/People network.protocol.version: 1.1 url.scheme: http Histogram
Value: Sum: 0.0002815 Count: 1 Min: 0.0002815 Max: 0.0002815 
(-Infinity,0.005]:1
(0.005,0.01]:0
(0.01,0.025]:0
(0.025,0.05]:0
(0.05,0.075]:0
(0.075,0.1]:0
(0.1,0.25]:0
(0.25,0.5]:0
(0.5,0.75]:0
(0.75,1]:0
(1,2.5]:0
(2.5,5]:0
(5,7.5]:0
(7.5,10]:0
(10,+Infinity]:0
(2025-09-11T06:45:01.5948112Z, 2025-09-11T06:45:14.8374401Z] http.request.method: POST http.response.status_code: 401 http.route: api/People network.protocol.version: 1.1 url.scheme: http Histogram
Value: Sum: 0.0001865 Count: 1 Min: 0.0001865 Max: 0.0001865 
(-Infinity,0.005]:1
(0.005,0.01]:0
(0.01,0.025]:0
(0.025,0.05]:0
(0.05,0.075]:0
(0.075,0.1]:0
(0.1,0.25]:0
(0.25,0.5]:0
(0.5,0.75]:0
(0.75,1]:0
(1,2.5]:0
(2.5,5]:0
(5,7.5]:0
(7.5,10]:0
(10,+Infinity]:0
(2025-09-11T06:45:01.5948112Z, 2025-09-11T06:45:14.8374401Z] http.request.method: GET http.response.status_code: 404 http.route: api/People/{id:guid} network.protocol.version: 1.1 url.scheme: http Histogram
Value: Sum: 0.004362 Count: 2 Min: 0.0007462 Max: 0.0036158 
(-Infinity,0.005]:2
(0.005,0.01]:0
(0.01,0.025]:0
(0.025,0.05]:0
(0.05,0.075]:0
(0.075,0.1]:0
(0.1,0.25]:0
(0.25,0.5]:0
(0.5,0.75]:0
(0.75,1]:0
(1,2.5]:0
(2.5,5]:0
(5,7.5]:0
(7.5,10]:0
(10,+Infinity]:0
(2025-09-11T06:45:01.5948112Z, 2025-09-11T06:45:14.8374401Z] http.request.method: POST http.response.status_code: 403 http.route: api/People network.protocol.version: 1.1 url.scheme: http Histogram
Value: Sum: 0.0010898 Count: 1 Min: 0.0010898 Max: 0.0010898 
(-Infinity,0.005]:1
(0.005,0.01]:0
(0.01,0.025]:0
(0.025,0.05]:0
(0.05,0.075]:0
(0.075,0.1]:0
(0.1,0.25]:0
(0.25,0.5]:0
(0.5,0.75]:0
(0.75,1]:0
(1,2.5]:0
(2.5,5]:0
(5,7.5]:0
(7.5,10]:0
(10,+Infinity]:0
(2025-09-11T06:45:01.5948112Z, 2025-09-11T06:45:14.8374401Z] http.request.method: DELETE http.response.status_code: 204 http.route: api/People/{id:guid} network.protocol.version: 1.1 url.scheme: http Histogram
Value: Sum: 0.0069259000000000005 Count: 2 Min: 0.0015257 Max: 0.0054002 
(-Infinity,0.005]:1
(0.005,0.01]:1
(0.01,0.025]:0
(0.025,0.05]:0
(0.05,0.075]:0
(0.075,0.1]:0
(0.1,0.25]:0
(0.25,0.5]:0
(0.5,0.75]:0
(0.75,1]:0
(1,2.5]:0
(2.5,5]:0
(5,7.5]:0
(7.5,10]:0
(10,+Infinity]:0
(2025-09-11T06:45:01.5948112Z, 2025-09-11T06:45:14.8374401Z] http.request.method: PUT http.response.status_code: 404 http.route: api/People/{id:guid} network.protocol.version: 1.1 url.scheme: http Histogram
Value: Sum: 0.0023157 Count: 1 Min: 0.0023157 Max: 0.0023157 
(-Infinity,0.005]:1
(0.005,0.01]:0
(0.01,0.025]:0
(0.025,0.05]:0
(0.05,0.075]:0
(0.075,0.1]:0
(0.1,0.25]:0
(0.25,0.5]:0
(0.5,0.75]:0
(0.75,1]:0
(1,2.5]:0
(2.5,5]:0
(5,7.5]:0
(7.5,10]:0
(10,+Infinity]:0
(2025-09-11T06:45:01.5948112Z, 2025-09-11T06:45:14.8374401Z] http.request.method: DELETE http.response.status_code: 403 http.route: api/People/{id:guid} network.protocol.version: 1.1 url.scheme: http Histogram
Value: Sum: 0.0002836 Count: 1 Min: 0.0002836 Max: 0.0002836 
(-Infinity,0.005]:1
(0.005,0.01]:0
(0.01,0.025]:0
(0.025,0.05]:0
(0.05,0.075]:0
(0.075,0.1]:0
(0.1,0.25]:0
(0.25,0.5]:0
(0.5,0.75]:0
(0.75,1]:0
(1,2.5]:0
(2.5,5]:0
(5,7.5]:0
(7.5,10]:0
(10,+Infinity]:0
Metric Name: aspnetcore.rate_limiting.active_request_leases, Number of HTTP requests that are currently active on the server that hold a rate limiting lease., Unit: {request}, Meter: Microsoft.AspNetCore.RateLimiting
(2025-09-11T06:45:01.5965697Z, 2025-09-11T06:45:14.8374405Z] LongSumNonMonotonic
Value: 0
Metric Name: aspnetcore.rate_limiting.request_lease.duration, The duration of rate limiting leases held by HTTP requests on the server., Unit: s, Meter: Microsoft.AspNetCore.RateLimiting
(2025-09-11T06:45:01.5965912Z, 2025-09-11T06:45:14.8374413Z] Histogram
Value: Sum: 9.383084900000004 Count: 60 Min: 9.06E-05 Max: 0.3100923 
(-Infinity,0.005]:24
(0.005,0.01]:3
(0.01,0.025]:2
(0.025,0.05]:0
(0.05,0.075]:0
(0.075,0.1]:0
(0.1,0.25]:0
(0.25,0.5]:31
(0.5,0.75]:0
(0.75,1]:0
(1,2.5]:0
(2.5,5]:0
(5,7.5]:0
(7.5,10]:0
(10,+Infinity]:0
Metric Name: aspnetcore.rate_limiting.requests, Number of requests that tried to acquire a rate limiting lease. Requests could be rejected by global or endpoint rate limiting policies. Or the request could be canceled while waiting for the lease., Unit: {request}, Meter: Microsoft.AspNetCore.RateLimiting
(2025-09-11T06:45:01.5966376Z, 2025-09-11T06:45:14.8374420Z] aspnetcore.rate_limiting.result: acquired LongSum
Value: 60
Metric Name: aspnetcore.routing.match_attempts, Number of requests that were attempted to be matched to an endpoint., Unit: {match_attempt}, Meter: Microsoft.AspNetCore.Routing
(2025-09-11T06:45:01.5973646Z, 2025-09-11T06:45:14.8374425Z] aspnetcore.routing.is_fallback: false aspnetcore.routing.match_status: success http.route: api/Auth/register LongSum
Value: 19
(2025-09-11T06:45:01.5973646Z, 2025-09-11T06:45:14.8374425Z] aspnetcore.routing.is_fallback: false aspnetcore.routing.match_status: success http.route: api/Auth/login LongSum
Value: 12
(2025-09-11T06:45:01.5973646Z, 2025-09-11T06:45:14.8374425Z] aspnetcore.routing.is_fallback: false aspnetcore.routing.match_status: success http.route: api/Roles LongSum
Value: 3
(2025-09-11T06:45:01.5973646Z, 2025-09-11T06:45:14.8374425Z] aspnetcore.routing.is_fallback: false aspnetcore.routing.match_status: success http.route: api/People LongSum
Value: 16
(2025-09-11T06:45:01.5973646Z, 2025-09-11T06:45:14.8374425Z] aspnetcore.routing.is_fallback: false aspnetcore.routing.match_status: success http.route: api/People/{id:guid} LongSum
Value: 10
[06:45:14 INF] Starting Crud API application {"Application": "Crud.Api"}
[06:45:14 INF] Using SQLite provider with connection: Data Source=TestDatabase.db {"Application": "Crud.Api"}
[06:45:14 INF] Database ensured successfully {"Application": "Crud.Api"}
[06:45:14 INF] Application configured successfully. Starting web host... {"Application": "Crud.Api"}
[06:45:14 WRN] Failed to determine the https port for redirect. {"EventId": {"Id": 3, "Name": "FailedToDeterminePort"}, "SourceContext": "Microsoft.AspNetCore.HttpsPolicy.HttpsRedirectionMiddleware", "RequestId": "0HNFGVQB4PDRQ", "RequestPath": "/api/auth/register", "Application": "Crud.Api"}
[06:45:15 INF] User registered successfully: 0494391c-8000-4ab0-906c-afc1ffc1764f {"SourceContext": "App.Features.Authentication.RegisterUserCommandHandler", "ActionId": "c7d92dff-ff0f-47ee-929c-96739bc2e212", "ActionName": "Api.Controllers.AuthController.Register (Api)", "RequestId": "0HNFGVQB4PDRQ", "RequestPath": "/api/auth/register", "Application": "Crud.Api"}
Activity.TraceId:            21f63bbc3c1584399b1bd0e2f09fb74b
Activity.SpanId:             92aa952f0dc13aa7
Activity.TraceFlags:         Recorded
Activity.ActivitySourceName: Microsoft.AspNetCore
Activity.DisplayName:        POST api/Auth/register
Activity.Kind:               Server
Activity.StartTime:          2025-09-11T06:45:14.8766407Z
Activity.Duration:           00:00:00.3050120
Activity.Tags:
    server.address: localhost
    http.request.method: POST
    url.scheme: http
    url.path: /api/auth/register
    network.protocol.version: 1.1
    http.route: api/Auth/register
    http.response.status_code: 200
Resource associated with Activity:
    deployment.environment: Testing
    service.name: Crud.Api
    service.version: 1.0.0
    service.instance.id: bb25e7a8-9ced-49c8-9e52-fd74b67e7fff
    telemetry.sdk.name: opentelemetry
    telemetry.sdk.language: dotnet
    telemetry.sdk.version: 1.8.1
[06:45:15 INF] User logged in successfully: 0494391c-8000-4ab0-906c-afc1ffc1764f {"SourceContext": "App.Features.Authentication.LoginCommandHandler", "ActionId": "39ad9dd7-3e5b-411b-b961-4c291d679334", "ActionName": "Api.Controllers.AuthController.Login (Api)", "RequestId": "0HNFGVQB4PDRR", "RequestPath": "/api/auth/login", "Application": "Crud.Api"}
Activity.TraceId:            74859bb53f4e62d50b5802ccd13383ed
Activity.SpanId:             9865d9c2e93c2599
Activity.TraceFlags:         Recorded
Activity.ActivitySourceName: Microsoft.AspNetCore
Activity.DisplayName:        POST api/Auth/login
Activity.Kind:               Server
Activity.StartTime:          2025-09-11T06:45:15.1844287Z
Activity.Duration:           00:00:00.3038953
Activity.Tags:
    server.address: localhost
    http.request.method: POST
    url.scheme: http
    url.path: /api/auth/login
    network.protocol.version: 1.1
    http.route: api/Auth/login
    http.response.status_code: 200
Resource associated with Activity:
    deployment.environment: Testing
    service.name: Crud.Api
    service.version: 1.0.0
    service.instance.id: bb25e7a8-9ced-49c8-9e52-fd74b67e7fff
    telemetry.sdk.name: opentelemetry
    telemetry.sdk.language: dotnet
    telemetry.sdk.version: 1.8.1
[06:45:15 DBG] Removed cache value for key: entity:wall:ea991b1da8854675b9643ee05f21fa54 {"SourceContext": "Infrastructure.Services.Caching.InMemoryCacheService", "ActionId": "bdc5a0bb-38fe-4ce5-8107-6ec7c0775c78", "ActionName": "Api.Controllers.WallsController.Create (Api)", "RequestId": "0HNFGVQB4PDRS", "RequestPath": "/api/walls", "Application": "Crud.Api"}
[06:45:15 DBG] Removed cache value for key: list:wall {"SourceContext": "Infrastructure.Services.Caching.InMemoryCacheService", "ActionId": "bdc5a0bb-38fe-4ce5-8107-6ec7c0775c78", "ActionName": "Api.Controllers.WallsController.Create (Api)", "RequestId": "0HNFGVQB4PDRS", "RequestPath": "/api/walls", "Application": "Crud.Api"}
[06:45:15 DBG] Invalidating cache for entity type: walls with tag: walls {"SourceContext": "Api.Services.OutputCacheInvalidationService", "ActionId": "bdc5a0bb-38fe-4ce5-8107-6ec7c0775c78", "ActionName": "Api.Controllers.WallsController.Create (Api)", "RequestId": "0HNFGVQB4PDRS", "RequestPath": "/api/walls", "Application": "Crud.Api"}
[06:45:15 INF] Successfully invalidated cache for entity type: walls {"SourceContext": "Api.Services.OutputCacheInvalidationService", "ActionId": "bdc5a0bb-38fe-4ce5-8107-6ec7c0775c78", "ActionName": "Api.Controllers.WallsController.Create (Api)", "RequestId": "0HNFGVQB4PDRS", "RequestPath": "/api/walls", "Application": "Crud.Api"}
Activity.TraceId:            344582ccc11f888c3e335c1726589245
Activity.SpanId:             b640dc00392b3939
Activity.TraceFlags:         Recorded
Activity.ActivitySourceName: Microsoft.AspNetCore
Activity.DisplayName:        POST api/Walls
Activity.Kind:               Server
Activity.StartTime:          2025-09-11T06:45:15.4893805Z
Activity.Duration:           00:00:00.0163788
Activity.Tags:
    server.address: localhost
    http.request.method: POST
    url.scheme: http
    url.path: /api/walls
    network.protocol.version: 1.1
    http.route: api/Walls
    http.response.status_code: 201
Resource associated with Activity:
    deployment.environment: Testing
    service.name: Crud.Api
    service.version: 1.0.0
    service.instance.id: bb25e7a8-9ced-49c8-9e52-fd74b67e7fff
    telemetry.sdk.name: opentelemetry
    telemetry.sdk.language: dotnet
    telemetry.sdk.version: 1.8.1
[06:45:15 INF] User registered successfully: 771683f8-565b-4ce4-9eb8-352e63452ce1 {"SourceContext": "App.Features.Authentication.RegisterUserCommandHandler", "ActionId": "c7d92dff-ff0f-47ee-929c-96739bc2e212", "ActionName": "Api.Controllers.AuthController.Register (Api)", "RequestId": "0HNFGVQB4PDRT", "RequestPath": "/api/auth/register", "Application": "Crud.Api"}
Activity.TraceId:            ddbb0cfcf6ce01cc338fb825c74a9526
Activity.SpanId:             162143a63a651265
Activity.TraceFlags:         Recorded
Activity.ActivitySourceName: Microsoft.AspNetCore
Activity.DisplayName:        POST api/Auth/register
Activity.Kind:               Server
Activity.StartTime:          2025-09-11T06:45:15.5093514Z
Activity.Duration:           00:00:00.2986633
Activity.Tags:
    server.address: localhost
    http.request.method: POST
    url.scheme: http
    url.path: /api/auth/register
    network.protocol.version: 1.1
    http.route: api/Auth/register
    http.response.status_code: 200
Resource associated with Activity:
    deployment.environment: Testing
    service.name: Crud.Api
    service.version: 1.0.0
    service.instance.id: bb25e7a8-9ced-49c8-9e52-fd74b67e7fff
    telemetry.sdk.name: opentelemetry
    telemetry.sdk.language: dotnet
    telemetry.sdk.version: 1.8.1
[06:45:16 INF] User logged in successfully: 771683f8-565b-4ce4-9eb8-352e63452ce1 {"SourceContext": "App.Features.Authentication.LoginCommandHandler", "ActionId": "39ad9dd7-3e5b-411b-b961-4c291d679334", "ActionName": "Api.Controllers.AuthController.Login (Api)", "RequestId": "0HNFGVQB4PDRU", "RequestPath": "/api/auth/login", "Application": "Crud.Api"}
Activity.TraceId:            424d0f6f4ce84b3fd8b538f3b7440e48
Activity.SpanId:             4856cf10b3eee31e
Activity.TraceFlags:         Recorded
Activity.ActivitySourceName: Microsoft.AspNetCore
Activity.DisplayName:        POST api/Auth/login
Activity.Kind:               Server
Activity.StartTime:          2025-09-11T06:45:15.8095305Z
Activity.Duration:           00:00:00.2988690
Activity.Tags:
    server.address: localhost
    http.request.method: POST
    url.scheme: http
    url.path: /api/auth/login
    network.protocol.version: 1.1
    http.route: api/Auth/login
    http.response.status_code: 200
Resource associated with Activity:
    deployment.environment: Testing
    service.name: Crud.Api
    service.version: 1.0.0
    service.instance.id: bb25e7a8-9ced-49c8-9e52-fd74b67e7fff
    telemetry.sdk.name: opentelemetry
    telemetry.sdk.language: dotnet
    telemetry.sdk.version: 1.8.1
[06:45:16 DBG] Removed cache value for key: entity:wall:51ab9c94a5074f6388ea7f7c663193d7 {"SourceContext": "Infrastructure.Services.Caching.InMemoryCacheService", "ActionId": "bdc5a0bb-38fe-4ce5-8107-6ec7c0775c78", "ActionName": "Api.Controllers.WallsController.Create (Api)", "RequestId": "0HNFGVQB4PDRV", "RequestPath": "/api/walls", "Application": "Crud.Api"}
[06:45:16 DBG] Removed cache value for key: list:wall {"SourceContext": "Infrastructure.Services.Caching.InMemoryCacheService", "ActionId": "bdc5a0bb-38fe-4ce5-8107-6ec7c0775c78", "ActionName": "Api.Controllers.WallsController.Create (Api)", "RequestId": "0HNFGVQB4PDRV", "RequestPath": "/api/walls", "Application": "Crud.Api"}
[06:45:16 DBG] Invalidating cache for entity type: walls with tag: walls {"SourceContext": "Api.Services.OutputCacheInvalidationService", "ActionId": "bdc5a0bb-38fe-4ce5-8107-6ec7c0775c78", "ActionName": "Api.Controllers.WallsController.Create (Api)", "RequestId": "0HNFGVQB4PDRV", "RequestPath": "/api/walls", "Application": "Crud.Api"}
[06:45:16 INF] Successfully invalidated cache for entity type: walls {"SourceContext": "Api.Services.OutputCacheInvalidationService", "ActionId": "bdc5a0bb-38fe-4ce5-8107-6ec7c0775c78", "ActionName": "Api.Controllers.WallsController.Create (Api)", "RequestId": "0HNFGVQB4PDRV", "RequestPath": "/api/walls", "Application": "Crud.Api"}
Activity.TraceId:            8b7daea12258fa108ebbfdfddcd91f08
Activity.SpanId:             116822977bbd78c0
Activity.TraceFlags:         Recorded
Activity.ActivitySourceName: Microsoft.AspNetCore
Activity.DisplayName:        POST api/Walls
Activity.Kind:               Server
Activity.StartTime:          2025-09-11T06:45:16.1091414Z
Activity.Duration:           00:00:00.0018033
Activity.Tags:
    server.address: localhost
    http.request.method: POST
    url.scheme: http
    url.path: /api/walls
    network.protocol.version: 1.1
    http.route: api/Walls
    http.response.status_code: 201
Resource associated with Activity:
    deployment.environment: Testing
    service.name: Crud.Api
    service.version: 1.0.0
    service.instance.id: bb25e7a8-9ced-49c8-9e52-fd74b67e7fff
    telemetry.sdk.name: opentelemetry
    telemetry.sdk.language: dotnet
    telemetry.sdk.version: 1.8.1
[06:45:16 INF] User registered successfully: 7a31f06d-2bfc-4853-8c35-613f25e74e3b {"SourceContext": "App.Features.Authentication.RegisterUserCommandHandler", "ActionId": "c7d92dff-ff0f-47ee-929c-96739bc2e212", "ActionName": "Api.Controllers.AuthController.Register (Api)", "RequestId": "0HNFGVQB4PDS0", "RequestPath": "/api/auth/register", "Application": "Crud.Api"}
Activity.TraceId:            b718f5d7f793efeef221dfab707f0efd
Activity.SpanId:             21f5ca7a53774878
Activity.TraceFlags:         Recorded
Activity.ActivitySourceName: Microsoft.AspNetCore
Activity.DisplayName:        POST api/Auth/register
Activity.Kind:               Server
Activity.StartTime:          2025-09-11T06:45:16.1117838Z
Activity.Duration:           00:00:00.3016071
Activity.Tags:
    server.address: localhost
    http.request.method: POST
    url.scheme: http
    url.path: /api/auth/register
    network.protocol.version: 1.1
    http.route: api/Auth/register
    http.response.status_code: 200
Resource associated with Activity:
    deployment.environment: Testing
    service.name: Crud.Api
    service.version: 1.0.0
    service.instance.id: bb25e7a8-9ced-49c8-9e52-fd74b67e7fff
    telemetry.sdk.name: opentelemetry
    telemetry.sdk.language: dotnet
    telemetry.sdk.version: 1.8.1
[06:45:16 DBG] Cache miss for key: entity:wall:51ab9c94a5074f6388ea7f7c663193d7 {"SourceContext": "Infrastructure.Services.Caching.InMemoryCacheService", "ActionId": "dd755d3c-ed27-47f8-afa2-7fe60e1440f4", "ActionName": "Api.Controllers.WallsController.Get (Api)", "RequestId": "0HNFGVQB4PDS1", "RequestPath": "/api/walls/51ab9c94-a507-4f63-88ea-7f7c663193d7", "Application": "Crud.Api"}
[06:45:16 DBG] Set cache value for key: entity:wall:51ab9c94a5074f6388ea7f7c663193d7 {"SourceContext": "Infrastructure.Services.Caching.InMemoryCacheService", "ActionId": "dd755d3c-ed27-47f8-afa2-7fe60e1440f4", "ActionName": "Api.Controllers.WallsController.Get (Api)", "RequestId": "0HNFGVQB4PDS1", "RequestPath": "/api/walls/51ab9c94-a507-4f63-88ea-7f7c663193d7", "Application": "Crud.Api"}
Activity.TraceId:            6c9f3b28529f52df0ecc863bbed64029
Activity.SpanId:             84b18f3b2ace8541
Activity.TraceFlags:         Recorded
Activity.ActivitySourceName: Microsoft.AspNetCore
Activity.DisplayName:        GET api/Walls/{id:guid}
Activity.Kind:               Server
Activity.StartTime:          2025-09-11T06:45:16.4135475Z
Activity.Duration:           00:00:00.0129270
Activity.Tags:
    server.address: localhost
    http.request.method: GET
    url.scheme: http
    url.path: /api/walls/51ab9c94-a507-4f63-88ea-7f7c663193d7
    network.protocol.version: 1.1
    http.route: api/Walls/{id:guid}
    http.response.status_code: 200
Resource associated with Activity:
    deployment.environment: Testing
    service.name: Crud.Api
    service.version: 1.0.0
    service.instance.id: bb25e7a8-9ced-49c8-9e52-fd74b67e7fff
    telemetry.sdk.name: opentelemetry
    telemetry.sdk.language: dotnet
    telemetry.sdk.version: 1.8.1
[06:45:16 INF] Resetting database for worker 14588 {"SourceContext": "Infrastructure.Services.DatabaseTestService", "Application": "Crud.Api"}
[06:45:16 INF] Resetting database via file deletion for worker 14588 in CI environment {"SourceContext": "Infrastructure.Services.DatabaseTestService", "Application": "Crud.Api"}
[06:45:16 INF] Acquiring database mutex for worker 14588... {"SourceContext": "Infrastructure.Services.DatabaseTestService", "Application": "Crud.Api"}
[06:45:16 INF] Database mutex acquired for worker 14588 {"SourceContext": "Infrastructure.Services.DatabaseTestService", "Application": "Crud.Api"}
[06:45:16 INF] Current database state - CanConnect: True {"SourceContext": "Infrastructure.Services.DatabaseTestService", "Application": "Crud.Api"}
[06:45:16 INF] [Phase 0] Closing database connection for worker 14588... {"SourceContext": "Infrastructure.Services.DatabaseTestService", "Application": "Crud.Api"}
[06:45:16 INF] [Phase 0] Connection closed in 0.0006ms {"SourceContext": "Infrastructure.Services.DatabaseTestService", "Application": "Crud.Api"}
[06:45:16 INF] [Phase 1] Starting EnsureDeletedAsync for worker 14588... {"SourceContext": "Infrastructure.Services.DatabaseTestService", "Application": "Crud.Api"}
[06:45:16 INF] [Phase 1] EnsureDeletedAsync completed in 1.6483ms {"SourceContext": "Infrastructure.Services.DatabaseTestService", "Application": "Crud.Api"}
[06:45:16 INF] [Phase 2] Starting EnsureCreatedAsync for worker 14588... {"SourceContext": "Infrastructure.Services.DatabaseTestService", "Application": "Crud.Api"}
[06:45:16 INF] [Phase 2] EnsureCreatedAsync completed in 7.7267ms {"SourceContext": "Infrastructure.Services.DatabaseTestService", "Application": "Crud.Api"}
[06:45:16 INF] [Phase 3] Skipping database seeding as requested for worker 14588 {"SourceContext": "Infrastructure.Services.DatabaseTestService", "Application": "Crud.Api"}
[06:45:16 INF] Database reset via file deletion completed for worker 14588 in 109.835ms (Close: 0.0006ms, Delete: 1.6483ms, Create: 7.7267ms) {"SourceContext": "Infrastructure.Services.DatabaseTestService", "Application": "Crud.Api"}
[06:45:16 INF] Releasing database mutex for worker 14588 {"SourceContext": "Infrastructure.Services.DatabaseTestService", "Application": "Crud.Api"}
[06:45:16 INF] User registered successfully: 4c6fe886-358f-4225-9d94-9aaf5db9c59d {"SourceContext": "App.Features.Authentication.RegisterUserCommandHandler", "ActionId": "c7d92dff-ff0f-47ee-929c-96739bc2e212", "ActionName": "Api.Controllers.AuthController.Register (Api)", "RequestId": "0HNFGVQB4PDS2", "RequestPath": "/api/auth/register", "Application": "Crud.Api"}
Activity.TraceId:            821d0381ea8ac6a8f3f2bb47b2610108
Activity.SpanId:             5712b7e1d3719a55
Activity.TraceFlags:         Recorded
Activity.ActivitySourceName: Microsoft.AspNetCore
Activity.DisplayName:        POST api/Auth/register
Activity.Kind:               Server
Activity.StartTime:          2025-09-11T06:45:16.5399096Z
Activity.Duration:           00:00:00.2988424
Activity.Tags:
    server.address: localhost
    http.request.method: POST
    url.scheme: http
    url.path: /api/auth/register
    network.protocol.version: 1.1
    http.route: api/Auth/register
    http.response.status_code: 200
Resource associated with Activity:
    deployment.environment: Testing
    service.name: Crud.Api
    service.version: 1.0.0
    service.instance.id: bb25e7a8-9ced-49c8-9e52-fd74b67e7fff
    telemetry.sdk.name: opentelemetry
    telemetry.sdk.language: dotnet
    telemetry.sdk.version: 1.8.1
[06:45:17 INF] User logged in successfully: 4c6fe886-358f-4225-9d94-9aaf5db9c59d {"SourceContext": "App.Features.Authentication.LoginCommandHandler", "ActionId": "39ad9dd7-3e5b-411b-b961-4c291d679334", "ActionName": "Api.Controllers.AuthController.Login (Api)", "RequestId": "0HNFGVQB4PDS3", "RequestPath": "/api/auth/login", "Application": "Crud.Api"}
Activity.TraceId:            012f7300f205034c2b6b6c4fd4ec4566
Activity.SpanId:             47b9d45357c62f63
Activity.TraceFlags:         Recorded
Activity.ActivitySourceName: Microsoft.AspNetCore
Activity.DisplayName:        POST api/Auth/login
Activity.Kind:               Server
Activity.StartTime:          2025-09-11T06:45:16.8397726Z
Activity.Duration:           00:00:00.3016054
Activity.Tags:
    server.address: localhost
    http.request.method: POST
    url.scheme: http
    url.path: /api/auth/login
    network.protocol.version: 1.1
    http.route: api/Auth/login
    http.response.status_code: 200
Resource associated with Activity:
    deployment.environment: Testing
    service.name: Crud.Api
    service.version: 1.0.0
    service.instance.id: bb25e7a8-9ced-49c8-9e52-fd74b67e7fff
    telemetry.sdk.name: opentelemetry
    telemetry.sdk.language: dotnet
    telemetry.sdk.version: 1.8.1
[06:45:17 DBG] Removed cache value for key: entity:wall:cfd2c9940b2647f5b368b46ae91f7861 {"SourceContext": "Infrastructure.Services.Caching.InMemoryCacheService", "ActionId": "bdc5a0bb-38fe-4ce5-8107-6ec7c0775c78", "ActionName": "Api.Controllers.WallsController.Create (Api)", "RequestId": "0HNFGVQB4PDS4", "RequestPath": "/api/walls", "Application": "Crud.Api"}
[06:45:17 DBG] Removed cache value for key: list:wall {"SourceContext": "Infrastructure.Services.Caching.InMemoryCacheService", "ActionId": "bdc5a0bb-38fe-4ce5-8107-6ec7c0775c78", "ActionName": "Api.Controllers.WallsController.Create (Api)", "RequestId": "0HNFGVQB4PDS4", "RequestPath": "/api/walls", "Application": "Crud.Api"}
[06:45:17 DBG] Invalidating cache for entity type: walls with tag: walls {"SourceContext": "Api.Services.OutputCacheInvalidationService", "ActionId": "bdc5a0bb-38fe-4ce5-8107-6ec7c0775c78", "ActionName": "Api.Controllers.WallsController.Create (Api)", "RequestId": "0HNFGVQB4PDS4", "RequestPath": "/api/walls", "Application": "Crud.Api"}
[06:45:17 INF] Successfully invalidated cache for entity type: walls {"SourceContext": "Api.Services.OutputCacheInvalidationService", "ActionId": "bdc5a0bb-38fe-4ce5-8107-6ec7c0775c78", "ActionName": "Api.Controllers.WallsController.Create (Api)", "RequestId": "0HNFGVQB4PDS4", "RequestPath": "/api/walls", "Application": "Crud.Api"}
Activity.TraceId:            8568e863110affec4bb45b1a7951f69b
Activity.SpanId:             39a6c3376915ad9a
Activity.TraceFlags:         Recorded
Activity.ActivitySourceName: Microsoft.AspNetCore
Activity.DisplayName:        POST api/Walls
Activity.Kind:               Server
Activity.StartTime:          2025-09-11T06:45:17.1415402Z
Activity.Duration:           00:00:00.0036027
Activity.Tags:
    server.address: localhost
    http.request.method: POST
    url.scheme: http
    url.path: /api/walls
    network.protocol.version: 1.1
    http.route: api/Walls
    http.response.status_code: 201
Resource associated with Activity:
    deployment.environment: Testing
    service.name: Crud.Api
    service.version: 1.0.0
    service.instance.id: bb25e7a8-9ced-49c8-9e52-fd74b67e7fff
    telemetry.sdk.name: opentelemetry
    telemetry.sdk.language: dotnet
    telemetry.sdk.version: 1.8.1
[06:45:17 INF] User registered successfully: 826f455f-97d7-4a2f-9cfb-8a698d019707 {"SourceContext": "App.Features.Authentication.RegisterUserCommandHandler", "ActionId": "c7d92dff-ff0f-47ee-929c-96739bc2e212", "ActionName": "Api.Controllers.AuthController.Register (Api)", "RequestId": "0HNFGVQB4PDS5", "RequestPath": "/api/auth/register", "Application": "Crud.Api"}
Activity.TraceId:            7beb4d97ff7d42cb33f0b208d7e651e9
Activity.SpanId:             ad3d01d7d6182918
Activity.TraceFlags:         Recorded
Activity.ActivitySourceName: Microsoft.AspNetCore
Activity.DisplayName:        POST api/Auth/register
Activity.Kind:               Server
Activity.StartTime:          2025-09-11T06:45:17.1456232Z
Activity.Duration:           00:00:00.2982830
Activity.Tags:
    server.address: localhost
    http.request.method: POST
    url.scheme: http
    url.path: /api/auth/register
    network.protocol.version: 1.1
    http.route: api/Auth/register
    http.response.status_code: 200
Resource associated with Activity:
    deployment.environment: Testing
    service.name: Crud.Api
    service.version: 1.0.0
    service.instance.id: bb25e7a8-9ced-49c8-9e52-fd74b67e7fff
    telemetry.sdk.name: opentelemetry
    telemetry.sdk.language: dotnet
    telemetry.sdk.version: 1.8.1
[06:45:17 INF] User logged in successfully: 826f455f-97d7-4a2f-9cfb-8a698d019707 {"SourceContext": "App.Features.Authentication.LoginCommandHandler", "ActionId": "39ad9dd7-3e5b-411b-b961-4c291d679334", "ActionName": "Api.Controllers.AuthController.Login (Api)", "RequestId": "0HNFGVQB4PDS6", "RequestPath": "/api/auth/login", "Application": "Crud.Api"}
Activity.TraceId:            d87c07ca84deb5f3d2b26ee5580bc260
Activity.SpanId:             65e8190c90dca6f8
Activity.TraceFlags:         Recorded
Activity.ActivitySourceName: Microsoft.AspNetCore
Activity.DisplayName:        POST api/Auth/login
Activity.Kind:               Server
Activity.StartTime:          2025-09-11T06:45:17.4449544Z
Activity.Duration:           00:00:00.3008774
Activity.Tags:
    server.address: localhost
    http.request.method: POST
    url.scheme: http
    url.path: /api/auth/login
    network.protocol.version: 1.1
    http.route: api/Auth/login
    http.response.status_code: 200
Resource associated with Activity:
    deployment.environment: Testing
    service.name: Crud.Api
    service.version: 1.0.0
    service.instance.id: bb25e7a8-9ced-49c8-9e52-fd74b67e7fff
    telemetry.sdk.name: opentelemetry
    telemetry.sdk.language: dotnet
    telemetry.sdk.version: 1.8.1
[06:45:17 DBG] Removed cache value for key: entity:wall:22046b816ec9427d8b29214f021823d7 {"SourceContext": "Infrastructure.Services.Caching.InMemoryCacheService", "ActionId": "bdc5a0bb-38fe-4ce5-8107-6ec7c0775c78", "ActionName": "Api.Controllers.WallsController.Create (Api)", "RequestId": "0HNFGVQB4PDS7", "RequestPath": "/api/walls", "Application": "Crud.Api"}
[06:45:17 DBG] Removed cache value for key: list:wall {"SourceContext": "Infrastructure.Services.Caching.InMemoryCacheService", "ActionId": "bdc5a0bb-38fe-4ce5-8107-6ec7c0775c78", "ActionName": "Api.Controllers.WallsController.Create (Api)", "RequestId": "0HNFGVQB4PDS7", "RequestPath": "/api/walls", "Application": "Crud.Api"}
[06:45:17 DBG] Invalidating cache for entity type: walls with tag: walls {"SourceContext": "Api.Services.OutputCacheInvalidationService", "ActionId": "bdc5a0bb-38fe-4ce5-8107-6ec7c0775c78", "ActionName": "Api.Controllers.WallsController.Create (Api)", "RequestId": "0HNFGVQB4PDS7", "RequestPath": "/api/walls", "Application": "Crud.Api"}
[06:45:17 INF] Successfully invalidated cache for entity type: walls {"SourceContext": "Api.Services.OutputCacheInvalidationService", "ActionId": "bdc5a0bb-38fe-4ce5-8107-6ec7c0775c78", "ActionName": "Api.Controllers.WallsController.Create (Api)", "RequestId": "0HNFGVQB4PDS7", "RequestPath": "/api/walls", "Application": "Crud.Api"}
Activity.TraceId:            28686b50b6866ce9959a0b76c5d4a16d
Activity.SpanId:             859228dbcdd884ce
Activity.TraceFlags:         Recorded
Activity.ActivitySourceName: Microsoft.AspNetCore
Activity.DisplayName:        POST api/Walls
Activity.Kind:               Server
Activity.StartTime:          2025-09-11T06:45:17.7460785Z
Activity.Duration:           00:00:00.0015913
Activity.Tags:
    server.address: localhost
    http.request.method: POST
    url.scheme: http
    url.path: /api/walls
    network.protocol.version: 1.1
    http.route: api/Walls
    http.response.status_code: 201
Resource associated with Activity:
    deployment.environment: Testing
    service.name: Crud.Api
    service.version: 1.0.0
    service.instance.id: bb25e7a8-9ced-49c8-9e52-fd74b67e7fff
    telemetry.sdk.name: opentelemetry
    telemetry.sdk.language: dotnet
    telemetry.sdk.version: 1.8.1
[06:45:18 INF] User registered successfully: de046254-9dd1-4adf-a289-1291f1b8a501 {"SourceContext": "App.Features.Authentication.RegisterUserCommandHandler", "ActionId": "c7d92dff-ff0f-47ee-929c-96739bc2e212", "ActionName": "Api.Controllers.AuthController.Register (Api)", "RequestId": "0HNFGVQB4PDS8", "RequestPath": "/api/auth/register", "Application": "Crud.Api"}
Activity.TraceId:            aa1e47a574c7a5510b5e4708b8db245f
Activity.SpanId:             495da7e8cdd8c8d8
Activity.TraceFlags:         Recorded
Activity.ActivitySourceName: Microsoft.AspNetCore
Activity.DisplayName:        POST api/Auth/register
Activity.Kind:               Server
Activity.StartTime:          2025-09-11T06:45:17.7477586Z
Activity.Duration:           00:00:00.2985181
Activity.Tags:
    server.address: localhost
    http.request.method: POST
    url.scheme: http
    url.path: /api/auth/register
    network.protocol.version: 1.1
    http.route: api/Auth/register
    http.response.status_code: 200
Resource associated with Activity:
    deployment.environment: Testing
    service.name: Crud.Api
    service.version: 1.0.0
    service.instance.id: bb25e7a8-9ced-49c8-9e52-fd74b67e7fff
    telemetry.sdk.name: opentelemetry
    telemetry.sdk.language: dotnet
    telemetry.sdk.version: 1.8.1
[06:45:18 DBG] Cache miss for key: list:wall {"SourceContext": "Infrastructure.Services.Caching.InMemoryCacheService", "ActionId": "94cb0f60-4de0-4f8c-b4ea-602f28b6a0db", "ActionName": "Api.Controllers.WallsController.List (Api)", "RequestId": "0HNFGVQB4PDS9", "RequestPath": "/api/walls", "Application": "Crud.Api"}
[06:45:18 DBG] Set cache value for key: list:wall {"SourceContext": "Infrastructure.Services.Caching.InMemoryCacheService", "ActionId": "94cb0f60-4de0-4f8c-b4ea-602f28b6a0db", "ActionName": "Api.Controllers.WallsController.List (Api)", "RequestId": "0HNFGVQB4PDS9", "RequestPath": "/api/walls", "Application": "Crud.Api"}
Activity.TraceId:            94dfabf23c0c5d551f3dade09e6210f5
Activity.SpanId:             1450c12b061a3a6c
Activity.TraceFlags:         Recorded
Activity.ActivitySourceName: Microsoft.AspNetCore
Activity.DisplayName:        GET api/Walls
Activity.Kind:               Server
Activity.StartTime:          2025-09-11T06:45:18.0464031Z
Activity.Duration:           00:00:00.0070123
Activity.Tags:
    server.address: localhost
    http.request.method: GET
    url.scheme: http
    url.path: /api/walls
    network.protocol.version: 1.1
    http.route: api/Walls
    http.response.status_code: 200
Resource associated with Activity:
    deployment.environment: Testing
    service.name: Crud.Api
    service.version: 1.0.0
    service.instance.id: bb25e7a8-9ced-49c8-9e52-fd74b67e7fff
    telemetry.sdk.name: opentelemetry
    telemetry.sdk.language: dotnet
    telemetry.sdk.version: 1.8.1
[06:45:18 INF] Resetting database for worker 14588 {"SourceContext": "Infrastructure.Services.DatabaseTestService", "Application": "Crud.Api"}
[06:45:18 INF] Resetting database via file deletion for worker 14588 in CI environment {"SourceContext": "Infrastructure.Services.DatabaseTestService", "Application": "Crud.Api"}
[06:45:18 INF] Acquiring database mutex for worker 14588... {"SourceContext": "Infrastructure.Services.DatabaseTestService", "Application": "Crud.Api"}
[06:45:18 INF] Database mutex acquired for worker 14588 {"SourceContext": "Infrastructure.Services.DatabaseTestService", "Application": "Crud.Api"}
[06:45:18 INF] Current database state - CanConnect: True {"SourceContext": "Infrastructure.Services.DatabaseTestService", "Application": "Crud.Api"}
[06:45:18 INF] [Phase 0] Closing database connection for worker 14588... {"SourceContext": "Infrastructure.Services.DatabaseTestService", "Application": "Crud.Api"}
[06:45:18 INF] [Phase 0] Connection closed in 0.0005ms {"SourceContext": "Infrastructure.Services.DatabaseTestService", "Application": "Crud.Api"}
[06:45:18 INF] [Phase 1] Starting EnsureDeletedAsync for worker 14588... {"SourceContext": "Infrastructure.Services.DatabaseTestService", "Application": "Crud.Api"}
[06:45:18 INF] [Phase 1] EnsureDeletedAsync completed in 1.7697ms {"SourceContext": "Infrastructure.Services.DatabaseTestService", "Application": "Crud.Api"}
[06:45:18 INF] [Phase 2] Starting EnsureCreatedAsync for worker 14588... {"SourceContext": "Infrastructure.Services.DatabaseTestService", "Application": "Crud.Api"}
[06:45:18 INF] [Phase 2] EnsureCreatedAsync completed in 8.1259ms {"SourceContext": "Infrastructure.Services.DatabaseTestService", "Application": "Crud.Api"}
[06:45:18 INF] [Phase 3] Skipping database seeding as requested for worker 14588 {"SourceContext": "Infrastructure.Services.DatabaseTestService", "Application": "Crud.Api"}
[06:45:18 INF] Database reset via file deletion completed for worker 14588 in 110.5294ms (Close: 0.0005ms, Delete: 1.7697ms, Create: 8.1259ms) {"SourceContext": "Infrastructure.Services.DatabaseTestService", "Application": "Crud.Api"}
[06:45:18 INF] Releasing database mutex for worker 14588 {"SourceContext": "Infrastructure.Services.DatabaseTestService", "Application": "Crud.Api"}
[06:45:18 INF] User registered successfully: 9f3f6acc-1082-4442-a6d5-1fb3fd03ebe4 {"SourceContext": "App.Features.Authentication.RegisterUserCommandHandler", "ActionId": "c7d92dff-ff0f-47ee-929c-96739bc2e212", "ActionName": "Api.Controllers.AuthController.Register (Api)", "RequestId": "0HNFGVQB4PDSA", "RequestPath": "/api/auth/register", "Application": "Crud.Api"}
Activity.TraceId:            f75a81c5b9fbe0be5ccce70c3a7e8bef
Activity.SpanId:             741aa7cfc6aafc90
Activity.TraceFlags:         Recorded
Activity.ActivitySourceName: Microsoft.AspNetCore
Activity.DisplayName:        POST api/Auth/register
Activity.Kind:               Server
Activity.StartTime:          2025-09-11T06:45:18.1679289Z
Activity.Duration:           00:00:00.2991128
Activity.Tags:
    server.address: localhost
    http.request.method: POST
    url.scheme: http
    url.path: /api/auth/register
    network.protocol.version: 1.1
    http.route: api/Auth/register
    http.response.status_code: 200
Resource associated with Activity:
    deployment.environment: Testing
    service.name: Crud.Api
    service.version: 1.0.0
    service.instance.id: bb25e7a8-9ced-49c8-9e52-fd74b67e7fff
    telemetry.sdk.name: opentelemetry
    telemetry.sdk.language: dotnet
    telemetry.sdk.version: 1.8.1
[06:45:18 INF] User logged in successfully: 9f3f6acc-1082-4442-a6d5-1fb3fd03ebe4 {"SourceContext": "App.Features.Authentication.LoginCommandHandler", "ActionId": "39ad9dd7-3e5b-411b-b961-4c291d679334", "ActionName": "Api.Controllers.AuthController.Login (Api)", "RequestId": "0HNFGVQB4PDSB", "RequestPath": "/api/auth/login", "Application": "Crud.Api"}
Activity.TraceId:            93031f0844901fecaaa7152c192fb3f2
Activity.SpanId:             258f8ece5f29baa9
Activity.TraceFlags:         Recorded
Activity.ActivitySourceName: Microsoft.AspNetCore
Activity.DisplayName:        POST api/Auth/login
Activity.Kind:               Server
Activity.StartTime:          2025-09-11T06:45:18.4684966Z
Activity.Duration:           00:00:00.2993510
Activity.Tags:
    server.address: localhost
    http.request.method: POST
    url.scheme: http
    url.path: /api/auth/login
    network.protocol.version: 1.1
    http.route: api/Auth/login
    http.response.status_code: 200
Resource associated with Activity:
    deployment.environment: Testing
    service.name: Crud.Api
    service.version: 1.0.0
    service.instance.id: bb25e7a8-9ced-49c8-9e52-fd74b67e7fff
    telemetry.sdk.name: opentelemetry
    telemetry.sdk.language: dotnet
    telemetry.sdk.version: 1.8.1
Activity.TraceId:            f99ceb45f11e64c31444f4bb6e463bfc
Activity.SpanId:             2a617210d82cb090
Activity.TraceFlags:         Recorded
Activity.ActivitySourceName: Microsoft.AspNetCore
Activity.DisplayName:        POST api/Walls
Activity.Kind:               Server
Activity.StartTime:          2025-09-11T06:45:18.7695530Z
Activity.Duration:           00:00:00.0019554
Activity.Tags:
    server.address: localhost
    http.request.method: POST
    url.scheme: http
    url.path: /api/walls
    network.protocol.version: 1.1
    http.route: api/Walls
    http.response.status_code: 400
Resource associated with Activity:
    deployment.environment: Testing
    service.name: Crud.Api
    service.version: 1.0.0
    service.instance.id: bb25e7a8-9ced-49c8-9e52-fd74b67e7fff
    telemetry.sdk.name: opentelemetry
    telemetry.sdk.language: dotnet
    telemetry.sdk.version: 1.8.1
[06:45:19 INF] User registered successfully: fe1f79ea-4c26-48d1-a3cc-d468a61615a6 {"SourceContext": "App.Features.Authentication.RegisterUserCommandHandler", "ActionId": "c7d92dff-ff0f-47ee-929c-96739bc2e212", "ActionName": "Api.Controllers.AuthController.Register (Api)", "RequestId": "0HNFGVQB4PDSD", "RequestPath": "/api/auth/register", "Application": "Crud.Api"}
Activity.TraceId:            d96d31aebbe9390920b8d4745714f6f1
Activity.SpanId:             bc032d6c6bdccd87
Activity.TraceFlags:         Recorded
Activity.ActivitySourceName: Microsoft.AspNetCore
Activity.DisplayName:        POST api/Auth/register
Activity.Kind:               Server
Activity.StartTime:          2025-09-11T06:45:18.7733897Z
Activity.Duration:           00:00:00.3057502
Activity.Tags:
    server.address: localhost
    http.request.method: POST
    url.scheme: http
    url.path: /api/auth/register
    network.protocol.version: 1.1
    http.route: api/Auth/register
    http.response.status_code: 200
Resource associated with Activity:
    deployment.environment: Testing
    service.name: Crud.Api
    service.version: 1.0.0
    service.instance.id: bb25e7a8-9ced-49c8-9e52-fd74b67e7fff
    telemetry.sdk.name: opentelemetry
    telemetry.sdk.language: dotnet
    telemetry.sdk.version: 1.8.1
[06:45:19 INF] User logged in successfully: fe1f79ea-4c26-48d1-a3cc-d468a61615a6 {"SourceContext": "App.Features.Authentication.LoginCommandHandler", "ActionId": "39ad9dd7-3e5b-411b-b961-4c291d679334", "ActionName": "Api.Controllers.AuthController.Login (Api)", "RequestId": "0HNFGVQB4PDSE", "RequestPath": "/api/auth/login", "Application": "Crud.Api"}
Activity.TraceId:            4ac0528a1d86e506e6800409ae14e053
Activity.SpanId:             dc6753d40eff7d09
Activity.TraceFlags:         Recorded
Activity.ActivitySourceName: Microsoft.AspNetCore
Activity.DisplayName:        POST api/Auth/login
Activity.Kind:               Server
Activity.StartTime:          2025-09-11T06:45:19.0807382Z
Activity.Duration:           00:00:00.2990970
Activity.Tags:
    server.address: localhost
    http.request.method: POST
    url.scheme: http
    url.path: /api/auth/login
    network.protocol.version: 1.1
    http.route: api/Auth/login
    http.response.status_code: 200
Resource associated with Activity:
    deployment.environment: Testing
    service.name: Crud.Api
    service.version: 1.0.0
    service.instance.id: bb25e7a8-9ced-49c8-9e52-fd74b67e7fff
    telemetry.sdk.name: opentelemetry
    telemetry.sdk.language: dotnet
    telemetry.sdk.version: 1.8.1
[06:45:19 DBG] Removed cache value for key: entity:wall:b376b968bdde4e2b9b9c3cc08b116246 {"SourceContext": "Infrastructure.Services.Caching.InMemoryCacheService", "ActionId": "8035bbb9-5980-4c4a-82ff-11cae7f470d5", "ActionName": "Api.Controllers.WallsController.Delete (Api)", "RequestId": "0HNFGVQB4PDSF", "RequestPath": "/api/walls/b376b968-bdde-4e2b-9b9c-3cc08b116246", "Application": "Crud.Api"}
[06:45:19 DBG] Removed cache value for key: list:wall {"SourceContext": "Infrastructure.Services.Caching.InMemoryCacheService", "ActionId": "8035bbb9-5980-4c4a-82ff-11cae7f470d5", "ActionName": "Api.Controllers.WallsController.Delete (Api)", "RequestId": "0HNFGVQB4PDSF", "RequestPath": "/api/walls/b376b968-bdde-4e2b-9b9c-3cc08b116246", "Application": "Crud.Api"}
[06:45:19 DBG] Invalidating cache for entity: walls/b376b968-bdde-4e2b-9b9c-3cc08b116246 with tags: walls, walls:b376b968-bdde-4e2b-9b9c-3cc08b116246 {"SourceContext": "Api.Services.OutputCacheInvalidationService", "ActionId": "8035bbb9-5980-4c4a-82ff-11cae7f470d5", "ActionName": "Api.Controllers.WallsController.Delete (Api)", "RequestId": "0HNFGVQB4PDSF", "RequestPath": "/api/walls/b376b968-bdde-4e2b-9b9c-3cc08b116246", "Application": "Crud.Api"}
[06:45:19 DBG] Successfully invalidated cache for tag: walls {"SourceContext": "Api.Services.OutputCacheInvalidationService", "ActionId": "8035bbb9-5980-4c4a-82ff-11cae7f470d5", "ActionName": "Api.Controllers.WallsController.Delete (Api)", "RequestId": "0HNFGVQB4PDSF", "RequestPath": "/api/walls/b376b968-bdde-4e2b-9b9c-3cc08b116246", "Application": "Crud.Api"}
[06:45:19 DBG] Successfully invalidated cache for tag: walls:b376b968-bdde-4e2b-9b9c-3cc08b116246 {"SourceContext": "Api.Services.OutputCacheInvalidationService", "ActionId": "8035bbb9-5980-4c4a-82ff-11cae7f470d5", "ActionName": "Api.Controllers.WallsController.Delete (Api)", "RequestId": "0HNFGVQB4PDSF", "RequestPath": "/api/walls/b376b968-bdde-4e2b-9b9c-3cc08b116246", "Application": "Crud.Api"}
Activity.TraceId:            0c35ef472e1820615dc6484f2c1a98ba
Activity.SpanId:             aaf0b59240c54e5c
Activity.TraceFlags:         Recorded
Activity.ActivitySourceName: Microsoft.AspNetCore
Activity.DisplayName:        DELETE api/Walls/{id:guid}
Activity.Kind:               Server
Activity.StartTime:          2025-09-11T06:45:19.3807609Z
Activity.Duration:           00:00:00.0064505
Activity.Tags:
    server.address: localhost
    http.request.method: DELETE
    url.scheme: http
    url.path: /api/walls/b376b968-bdde-4e2b-9b9c-3cc08b116246
    network.protocol.version: 1.1
    http.route: api/Walls/{id:guid}
    http.response.status_code: 204
Resource associated with Activity:
    deployment.environment: Testing
    service.name: Crud.Api
    service.version: 1.0.0
    service.instance.id: bb25e7a8-9ced-49c8-9e52-fd74b67e7fff
    telemetry.sdk.name: opentelemetry
    telemetry.sdk.language: dotnet
    telemetry.sdk.version: 1.8.1
[06:45:19 INF] User registered successfully: 2efee5aa-2c0e-4910-9dd3-3c18e9712cb4 {"SourceContext": "App.Features.Authentication.RegisterUserCommandHandler", "ActionId": "c7d92dff-ff0f-47ee-929c-96739bc2e212", "ActionName": "Api.Controllers.AuthController.Register (Api)", "RequestId": "0HNFGVQB4PDSG", "RequestPath": "/api/auth/register", "Application": "Crud.Api"}
Activity.TraceId:            419bb3b92139e6c29633cc5f9a2bea5f
Activity.SpanId:             0ebf9dc4b09f972d
Activity.TraceFlags:         Recorded
Activity.ActivitySourceName: Microsoft.AspNetCore
Activity.DisplayName:        POST api/Auth/register
Activity.Kind:               Server
Activity.StartTime:          2025-09-11T06:45:19.3896607Z
Activity.Duration:           00:00:00.2999346
Activity.Tags:
    server.address: localhost
    http.request.method: POST
    url.scheme: http
    url.path: /api/auth/register
    network.protocol.version: 1.1
    http.route: api/Auth/register
    http.response.status_code: 200
Resource associated with Activity:
    deployment.environment: Testing
    service.name: Crud.Api
    service.version: 1.0.0
    service.instance.id: bb25e7a8-9ced-49c8-9e52-fd74b67e7fff
    telemetry.sdk.name: opentelemetry
    telemetry.sdk.language: dotnet
    telemetry.sdk.version: 1.8.1
[06:45:19 INF] User logged in successfully: 2efee5aa-2c0e-4910-9dd3-3c18e9712cb4 {"SourceContext": "App.Features.Authentication.LoginCommandHandler", "ActionId": "39ad9dd7-3e5b-411b-b961-4c291d679334", "ActionName": "Api.Controllers.AuthController.Login (Api)", "RequestId": "0HNFGVQB4PDSH", "RequestPath": "/api/auth/login", "Application": "Crud.Api"}
Activity.TraceId:            6a9c567e76c9af77fd4722158fe2e7f7
Activity.SpanId:             d5e117ce314a7b9c
Activity.TraceFlags:         Recorded
Activity.ActivitySourceName: Microsoft.AspNetCore
Activity.DisplayName:        POST api/Auth/login
Activity.Kind:               Server
Activity.StartTime:          2025-09-11T06:45:19.6912513Z
Activity.Duration:           00:00:00.2989049
Activity.Tags:
    server.address: localhost
    http.request.method: POST
    url.scheme: http
    url.path: /api/auth/login
    network.protocol.version: 1.1
    http.route: api/Auth/login
    http.response.status_code: 200
Resource associated with Activity:
    deployment.environment: Testing
    service.name: Crud.Api
    service.version: 1.0.0
    service.instance.id: bb25e7a8-9ced-49c8-9e52-fd74b67e7fff
    telemetry.sdk.name: opentelemetry
    telemetry.sdk.language: dotnet
    telemetry.sdk.version: 1.8.1
[06:45:19 DBG] Removed cache value for key: entity:wall:d8446d71e2634123aa42e2d52e4709e1 {"SourceContext": "Infrastructure.Services.Caching.InMemoryCacheService", "ActionId": "bdc5a0bb-38fe-4ce5-8107-6ec7c0775c78", "ActionName": "Api.Controllers.WallsController.Create (Api)", "RequestId": "0HNFGVQB4PDSI", "RequestPath": "/api/walls", "Application": "Crud.Api"}
[06:45:19 DBG] Removed cache value for key: list:wall {"SourceContext": "Infrastructure.Services.Caching.InMemoryCacheService", "ActionId": "bdc5a0bb-38fe-4ce5-8107-6ec7c0775c78", "ActionName": "Api.Controllers.WallsController.Create (Api)", "RequestId": "0HNFGVQB4PDSI", "RequestPath": "/api/walls", "Application": "Crud.Api"}
[06:45:19 DBG] Invalidating cache for entity type: walls with tag: walls {"SourceContext": "Api.Services.OutputCacheInvalidationService", "ActionId": "bdc5a0bb-38fe-4ce5-8107-6ec7c0775c78", "ActionName": "Api.Controllers.WallsController.Create (Api)", "RequestId": "0HNFGVQB4PDSI", "RequestPath": "/api/walls", "Application": "Crud.Api"}
[06:45:19 INF] Successfully invalidated cache for entity type: walls {"SourceContext": "Api.Services.OutputCacheInvalidationService", "ActionId": "bdc5a0bb-38fe-4ce5-8107-6ec7c0775c78", "ActionName": "Api.Controllers.WallsController.Create (Api)", "RequestId": "0HNFGVQB4PDSI", "RequestPath": "/api/walls", "Application": "Crud.Api"}
Activity.TraceId:            bedc9472f4cf6bc6fea3f034ca1eb068
Activity.SpanId:             c3800eda25004a7d
Activity.TraceFlags:         Recorded
Activity.ActivitySourceName: Microsoft.AspNetCore
Activity.DisplayName:        POST api/Walls
Activity.Kind:               Server
Activity.StartTime:          2025-09-11T06:45:19.9909931Z
Activity.Duration:           00:00:00.0034318
Activity.Tags:
    server.address: localhost
    http.request.method: POST
    url.scheme: http
    url.path: /api/walls
    network.protocol.version: 1.1
    http.route: api/Walls
    http.response.status_code: 201
Resource associated with Activity:
    deployment.environment: Testing
    service.name: Crud.Api
    service.version: 1.0.0
    service.instance.id: bb25e7a8-9ced-49c8-9e52-fd74b67e7fff
    telemetry.sdk.name: opentelemetry
    telemetry.sdk.language: dotnet
    telemetry.sdk.version: 1.8.1
[06:45:20 INF] User registered successfully: 23789d59-2e5e-4285-9c40-1ce75632ca37 {"SourceContext": "App.Features.Authentication.RegisterUserCommandHandler", "ActionId": "c7d92dff-ff0f-47ee-929c-96739bc2e212", "ActionName": "Api.Controllers.AuthController.Register (Api)", "RequestId": "0HNFGVQB4PDSJ", "RequestPath": "/api/auth/register", "Application": "Crud.Api"}
Activity.TraceId:            a2acfeac4010d6890bdcd45e4ada2b97
Activity.SpanId:             8d2a60e299c9b594
Activity.TraceFlags:         Recorded
Activity.ActivitySourceName: Microsoft.AspNetCore
Activity.DisplayName:        POST api/Auth/register
Activity.Kind:               Server
Activity.StartTime:          2025-09-11T06:45:19.9969734Z
Activity.Duration:           00:00:00.2994169
Activity.Tags:
    server.address: localhost
    http.request.method: POST
    url.scheme: http
    url.path: /api/auth/register
    network.protocol.version: 1.1
    http.route: api/Auth/register
    http.response.status_code: 200
Resource associated with Activity:
    deployment.environment: Testing
    service.name: Crud.Api
    service.version: 1.0.0
    service.instance.id: bb25e7a8-9ced-49c8-9e52-fd74b67e7fff
    telemetry.sdk.name: opentelemetry
    telemetry.sdk.language: dotnet
    telemetry.sdk.version: 1.8.1
[06:45:20 INF] User logged in successfully: 23789d59-2e5e-4285-9c40-1ce75632ca37 {"SourceContext": "App.Features.Authentication.LoginCommandHandler", "ActionId": "39ad9dd7-3e5b-411b-b961-4c291d679334", "ActionName": "Api.Controllers.AuthController.Login (Api)", "RequestId": "0HNFGVQB4PDSK", "RequestPath": "/api/auth/login", "Application": "Crud.Api"}
Activity.TraceId:            24e30f7be929d9a4f142bbbc0ff5a36a
Activity.SpanId:             4ebec1bff6522709
Activity.TraceFlags:         Recorded
Activity.ActivitySourceName: Microsoft.AspNetCore
Activity.DisplayName:        POST api/Auth/login
Activity.Kind:               Server
Activity.StartTime:          2025-09-11T06:45:20.2980178Z
Activity.Duration:           00:00:00.2988133
Activity.Tags:
    server.address: localhost
    http.request.method: POST
    url.scheme: http
    url.path: /api/auth/login
    network.protocol.version: 1.1
    http.route: api/Auth/login
    http.response.status_code: 200
Resource associated with Activity:
    deployment.environment: Testing
    service.name: Crud.Api
    service.version: 1.0.0
    service.instance.id: bb25e7a8-9ced-49c8-9e52-fd74b67e7fff
    telemetry.sdk.name: opentelemetry
    telemetry.sdk.language: dotnet
    telemetry.sdk.version: 1.8.1
[06:45:20 DBG] Removed cache value for key: entity:wall:04d59e109cef4ebb8f675d4ae2a81e33 {"SourceContext": "Infrastructure.Services.Caching.InMemoryCacheService", "ActionId": "bdc5a0bb-38fe-4ce5-8107-6ec7c0775c78", "ActionName": "Api.Controllers.WallsController.Create (Api)", "RequestId": "0HNFGVQB4PDSL", "RequestPath": "/api/walls", "Application": "Crud.Api"}
[06:45:20 DBG] Removed cache value for key: list:wall {"SourceContext": "Infrastructure.Services.Caching.InMemoryCacheService", "ActionId": "bdc5a0bb-38fe-4ce5-8107-6ec7c0775c78", "ActionName": "Api.Controllers.WallsController.Create (Api)", "RequestId": "0HNFGVQB4PDSL", "RequestPath": "/api/walls", "Application": "Crud.Api"}
[06:45:20 DBG] Invalidating cache for entity type: walls with tag: walls {"SourceContext": "Api.Services.OutputCacheInvalidationService", "ActionId": "bdc5a0bb-38fe-4ce5-8107-6ec7c0775c78", "ActionName": "Api.Controllers.WallsController.Create (Api)", "RequestId": "0HNFGVQB4PDSL", "RequestPath": "/api/walls", "Application": "Crud.Api"}
[06:45:20 INF] Successfully invalidated cache for entity type: walls {"SourceContext": "Api.Services.OutputCacheInvalidationService", "ActionId": "bdc5a0bb-38fe-4ce5-8107-6ec7c0775c78", "ActionName": "Api.Controllers.WallsController.Create (Api)", "RequestId": "0HNFGVQB4PDSL", "RequestPath": "/api/walls", "Application": "Crud.Api"}
Activity.TraceId:            944b9c8496f901a1ad18d0054cfbfe3c
Activity.SpanId:             724b6c5218e71b34
Activity.TraceFlags:         Recorded
Activity.ActivitySourceName: Microsoft.AspNetCore
Activity.DisplayName:        POST api/Walls
Activity.Kind:               Server
Activity.StartTime:          2025-09-11T06:45:20.5977625Z
Activity.Duration:           00:00:00.0019749
Activity.Tags:
    server.address: localhost
    http.request.method: POST
    url.scheme: http
    url.path: /api/walls
    network.protocol.version: 1.1
    http.route: api/Walls
    http.response.status_code: 201
Resource associated with Activity:
    deployment.environment: Testing
    service.name: Crud.Api
    service.version: 1.0.0
    service.instance.id: bb25e7a8-9ced-49c8-9e52-fd74b67e7fff
    telemetry.sdk.name: opentelemetry
    telemetry.sdk.language: dotnet
    telemetry.sdk.version: 1.8.1
[06:45:20 INF] User registered successfully: 60f1c82a-97a1-43f7-8f7a-c9b4f3ce2f52 {"SourceContext": "App.Features.Authentication.RegisterUserCommandHandler", "ActionId": "c7d92dff-ff0f-47ee-929c-96739bc2e212", "ActionName": "Api.Controllers.AuthController.Register (Api)", "RequestId": "0HNFGVQB4PDSM", "RequestPath": "/api/auth/register", "Application": "Crud.Api"}
Activity.TraceId:            f7e6010e2b4b02bd6edf9c1f8bcce2f1
Activity.SpanId:             c20aa5d9176db276
Activity.TraceFlags:         Recorded
Activity.ActivitySourceName: Microsoft.AspNetCore
Activity.DisplayName:        POST api/Auth/register
Activity.Kind:               Server
Activity.StartTime:          2025-09-11T06:45:20.6007241Z
Activity.Duration:           00:00:00.2987046
Activity.Tags:
    server.address: localhost
    http.request.method: POST
    url.scheme: http
    url.path: /api/auth/register
    network.protocol.version: 1.1
    http.route: api/Auth/register
    http.response.status_code: 200
Resource associated with Activity:
    deployment.environment: Testing
    service.name: Crud.Api
    service.version: 1.0.0
    service.instance.id: bb25e7a8-9ced-49c8-9e52-fd74b67e7fff
    telemetry.sdk.name: opentelemetry
    telemetry.sdk.language: dotnet
    telemetry.sdk.version: 1.8.1
[06:45:21 INF] User logged in successfully: 60f1c82a-97a1-43f7-8f7a-c9b4f3ce2f52 {"SourceContext": "App.Features.Authentication.LoginCommandHandler", "ActionId": "39ad9dd7-3e5b-411b-b961-4c291d679334", "ActionName": "Api.Controllers.AuthController.Login (Api)", "RequestId": "0HNFGVQB4PDSN", "RequestPath": "/api/auth/login", "Application": "Crud.Api"}
Activity.TraceId:            71b7f522bc12484b03fa2cc3d715fc41
Activity.SpanId:             57221eaf0fd7809f
Activity.TraceFlags:         Recorded
Activity.ActivitySourceName: Microsoft.AspNetCore
Activity.DisplayName:        POST api/Auth/login
Activity.Kind:               Server
Activity.StartTime:          2025-09-11T06:45:20.9004877Z
Activity.Duration:           00:00:00.2987929
Activity.Tags:
    server.address: localhost
    http.request.method: POST
    url.scheme: http
    url.path: /api/auth/login
    network.protocol.version: 1.1
    http.route: api/Auth/login
    http.response.status_code: 200
Resource associated with Activity:
    deployment.environment: Testing
    service.name: Crud.Api
    service.version: 1.0.0
    service.instance.id: bb25e7a8-9ced-49c8-9e52-fd74b67e7fff
    telemetry.sdk.name: opentelemetry
    telemetry.sdk.language: dotnet
    telemetry.sdk.version: 1.8.1
[06:45:21 DBG] Removed cache value for key: entity:wall:04d59e109cef4ebb8f675d4ae2a81e33 {"SourceContext": "Infrastructure.Services.Caching.InMemoryCacheService", "ActionId": "8035bbb9-5980-4c4a-82ff-11cae7f470d5", "ActionName": "Api.Controllers.WallsController.Delete (Api)", "RequestId": "0HNFGVQB4PDSO", "RequestPath": "/api/walls/04d59e10-9cef-4ebb-8f67-5d4ae2a81e33", "Application": "Crud.Api"}
[06:45:21 DBG] Removed cache value for key: list:wall {"SourceContext": "Infrastructure.Services.Caching.InMemoryCacheService", "ActionId": "8035bbb9-5980-4c4a-82ff-11cae7f470d5", "ActionName": "Api.Controllers.WallsController.Delete (Api)", "RequestId": "0HNFGVQB4PDSO", "RequestPath": "/api/walls/04d59e10-9cef-4ebb-8f67-5d4ae2a81e33", "Application": "Crud.Api"}
[06:45:21 DBG] Invalidating cache for entity: walls/04d59e10-9cef-4ebb-8f67-5d4ae2a81e33 with tags: walls, walls:04d59e10-9cef-4ebb-8f67-5d4ae2a81e33 {"SourceContext": "Api.Services.OutputCacheInvalidationService", "ActionId": "8035bbb9-5980-4c4a-82ff-11cae7f470d5", "ActionName": "Api.Controllers.WallsController.Delete (Api)", "RequestId": "0HNFGVQB4PDSO", "RequestPath": "/api/walls/04d59e10-9cef-4ebb-8f67-5d4ae2a81e33", "Application": "Crud.Api"}
[06:45:21 DBG] Successfully invalidated cache for tag: walls {"SourceContext": "Api.Services.OutputCacheInvalidationService", "ActionId": "8035bbb9-5980-4c4a-82ff-11cae7f470d5", "ActionName": "Api.Controllers.WallsController.Delete (Api)", "RequestId": "0HNFGVQB4PDSO", "RequestPath": "/api/walls/04d59e10-9cef-4ebb-8f67-5d4ae2a81e33", "Application": "Crud.Api"}
[06:45:21 DBG] Successfully invalidated cache for tag: walls:04d59e10-9cef-4ebb-8f67-5d4ae2a81e33 {"SourceContext": "Api.Services.OutputCacheInvalidationService", "ActionId": "8035bbb9-5980-4c4a-82ff-11cae7f470d5", "ActionName": "Api.Controllers.WallsController.Delete (Api)", "RequestId": "0HNFGVQB4PDSO", "RequestPath": "/api/walls/04d59e10-9cef-4ebb-8f67-5d4ae2a81e33", "Application": "Crud.Api"}
Activity.TraceId:            08a6b4bc9aa06619f5bd86e2d22a72f2
Activity.SpanId:             34997c5468d2e740
Activity.TraceFlags:         Recorded
Activity.ActivitySourceName: Microsoft.AspNetCore
Activity.DisplayName:        DELETE api/Walls/{id:guid}
Activity.Kind:               Server
Activity.StartTime:          2025-09-11T06:45:21.1994938Z
Activity.Duration:           00:00:00.0027360
Activity.Tags:
    server.address: localhost
    http.request.method: DELETE
    url.scheme: http
    url.path: /api/walls/04d59e10-9cef-4ebb-8f67-5d4ae2a81e33
    network.protocol.version: 1.1
    http.route: api/Walls/{id:guid}
    http.response.status_code: 204
Resource associated with Activity:
    deployment.environment: Testing
    service.name: Crud.Api
    service.version: 1.0.0
    service.instance.id: bb25e7a8-9ced-49c8-9e52-fd74b67e7fff
    telemetry.sdk.name: opentelemetry
    telemetry.sdk.language: dotnet
    telemetry.sdk.version: 1.8.1
[06:45:21 INF] User registered successfully: b389f9c2-6a5f-4e0f-9475-d9fe08ab1992 {"SourceContext": "App.Features.Authentication.RegisterUserCommandHandler", "ActionId": "c7d92dff-ff0f-47ee-929c-96739bc2e212", "ActionName": "Api.Controllers.AuthController.Register (Api)", "RequestId": "0HNFGVQB4PDSP", "RequestPath": "/api/auth/register", "Application": "Crud.Api"}
Activity.TraceId:            73273af468c10ed89e0bfb861d7a723c
Activity.SpanId:             20925ca9cf9f3da2
Activity.TraceFlags:         Recorded
Activity.ActivitySourceName: Microsoft.AspNetCore
Activity.DisplayName:        POST api/Auth/register
Activity.Kind:               Server
Activity.StartTime:          2025-09-11T06:45:21.2023998Z
Activity.Duration:           00:00:00.2994202
Activity.Tags:
    server.address: localhost
    http.request.method: POST
    url.scheme: http
    url.path: /api/auth/register
    network.protocol.version: 1.1
    http.route: api/Auth/register
    http.response.status_code: 200
Resource associated with Activity:
    deployment.environment: Testing
    service.name: Crud.Api
    service.version: 1.0.0
    service.instance.id: bb25e7a8-9ced-49c8-9e52-fd74b67e7fff
    telemetry.sdk.name: opentelemetry
    telemetry.sdk.language: dotnet
    telemetry.sdk.version: 1.8.1
[06:45:21 DBG] Cache miss for key: entity:wall:04d59e109cef4ebb8f675d4ae2a81e33 {"SourceContext": "Infrastructure.Services.Caching.InMemoryCacheService", "ActionId": "dd755d3c-ed27-47f8-afa2-7fe60e1440f4", "ActionName": "Api.Controllers.WallsController.Get (Api)", "RequestId": "0HNFGVQB4PDSQ", "RequestPath": "/api/walls/04d59e10-9cef-4ebb-8f67-5d4ae2a81e33", "Application": "Crud.Api"}
Activity.TraceId:            c4c3e3e874df21b6f707b06914f94af2
Activity.SpanId:             59de12d37cf186ca
Activity.TraceFlags:         Recorded
Activity.ActivitySourceName: Microsoft.AspNetCore
Activity.DisplayName:        GET api/Walls/{id:guid}
Activity.Kind:               Server
Activity.StartTime:          2025-09-11T06:45:21.5020576Z
Activity.Duration:           00:00:00.0038022
Activity.Tags:
    server.address: localhost
    http.request.method: GET
    url.scheme: http
    url.path: /api/walls/04d59e10-9cef-4ebb-8f67-5d4ae2a81e33
    network.protocol.version: 1.1
    http.route: api/Walls/{id:guid}
    http.response.status_code: 404
Resource associated with Activity:
    deployment.environment: Testing
    service.name: Crud.Api
    service.version: 1.0.0
    service.instance.id: bb25e7a8-9ced-49c8-9e52-fd74b67e7fff
    telemetry.sdk.name: opentelemetry
    telemetry.sdk.language: dotnet
    telemetry.sdk.version: 1.8.1
[06:45:21 INF] User registered successfully: 4abeea84-8aae-4665-8477-59b9b7e73fb8 {"SourceContext": "App.Features.Authentication.RegisterUserCommandHandler", "ActionId": "c7d92dff-ff0f-47ee-929c-96739bc2e212", "ActionName": "Api.Controllers.AuthController.Register (Api)", "RequestId": "0HNFGVQB4PDSR", "RequestPath": "/api/auth/register", "Application": "Crud.Api"}
Activity.TraceId:            d76ef627cfac65982c98365546ca371f
Activity.SpanId:             a4a28358a9db6b3e
Activity.TraceFlags:         Recorded
Activity.ActivitySourceName: Microsoft.AspNetCore
Activity.DisplayName:        POST api/Auth/register
Activity.Kind:               Server
Activity.StartTime:          2025-09-11T06:45:21.5079087Z
Activity.Duration:           00:00:00.2990550
Activity.Tags:
    server.address: localhost
    http.request.method: POST
    url.scheme: http
    url.path: /api/auth/register
    network.protocol.version: 1.1
    http.route: api/Auth/register
    http.response.status_code: 200
Resource associated with Activity:
    deployment.environment: Testing
    service.name: Crud.Api
    service.version: 1.0.0
    service.instance.id: bb25e7a8-9ced-49c8-9e52-fd74b67e7fff
    telemetry.sdk.name: opentelemetry
    telemetry.sdk.language: dotnet
    telemetry.sdk.version: 1.8.1
[06:45:22 INF] User logged in successfully: 4abeea84-8aae-4665-8477-59b9b7e73fb8 {"SourceContext": "App.Features.Authentication.LoginCommandHandler", "ActionId": "39ad9dd7-3e5b-411b-b961-4c291d679334", "ActionName": "Api.Controllers.AuthController.Login (Api)", "RequestId": "0HNFGVQB4PDSS", "RequestPath": "/api/auth/login", "Application": "Crud.Api"}
Activity.TraceId:            dd2a8f34187283bd3a1911e71bfb53ae
Activity.SpanId:             4fec65d6b32b4bbd
Activity.TraceFlags:         Recorded
Activity.ActivitySourceName: Microsoft.AspNetCore
Activity.DisplayName:        POST api/Auth/login
Activity.Kind:               Server
Activity.StartTime:          2025-09-11T06:45:21.8083914Z
Activity.Duration:           00:00:00.2989844
Activity.Tags:
    server.address: localhost
    http.request.method: POST
    url.scheme: http
    url.path: /api/auth/login
    network.protocol.version: 1.1
    http.route: api/Auth/login
    http.response.status_code: 200
Resource associated with Activity:
    deployment.environment: Testing
    service.name: Crud.Api
    service.version: 1.0.0
    service.instance.id: bb25e7a8-9ced-49c8-9e52-fd74b67e7fff
    telemetry.sdk.name: opentelemetry
    telemetry.sdk.language: dotnet
    telemetry.sdk.version: 1.8.1
[06:45:22 DBG] Removed cache value for key: entity:wall:736e8aea29994f308ed6edc2ba15f2f2 {"SourceContext": "Infrastructure.Services.Caching.InMemoryCacheService", "ActionId": "bdc5a0bb-38fe-4ce5-8107-6ec7c0775c78", "ActionName": "Api.Controllers.WallsController.Create (Api)", "RequestId": "0HNFGVQB4PDST", "RequestPath": "/api/walls", "Application": "Crud.Api"}
[06:45:22 DBG] Removed cache value for key: list:wall {"SourceContext": "Infrastructure.Services.Caching.InMemoryCacheService", "ActionId": "bdc5a0bb-38fe-4ce5-8107-6ec7c0775c78", "ActionName": "Api.Controllers.WallsController.Create (Api)", "RequestId": "0HNFGVQB4PDST", "RequestPath": "/api/walls", "Application": "Crud.Api"}
[06:45:22 DBG] Invalidating cache for entity type: walls with tag: walls {"SourceContext": "Api.Services.OutputCacheInvalidationService", "ActionId": "bdc5a0bb-38fe-4ce5-8107-6ec7c0775c78", "ActionName": "Api.Controllers.WallsController.Create (Api)", "RequestId": "0HNFGVQB4PDST", "RequestPath": "/api/walls", "Application": "Crud.Api"}
[06:45:22 INF] Successfully invalidated cache for entity type: walls {"SourceContext": "Api.Services.OutputCacheInvalidationService", "ActionId": "bdc5a0bb-38fe-4ce5-8107-6ec7c0775c78", "ActionName": "Api.Controllers.WallsController.Create (Api)", "RequestId": "0HNFGVQB4PDST", "RequestPath": "/api/walls", "Application": "Crud.Api"}
Activity.TraceId:            6464bb78a0b1658f408ab44ad3c1b7eb
Activity.SpanId:             3663b9a30e89f15b
Activity.TraceFlags:         Recorded
Activity.ActivitySourceName: Microsoft.AspNetCore
Activity.DisplayName:        POST api/Walls
Activity.Kind:               Server
Activity.StartTime:          2025-09-11T06:45:22.1082373Z
Activity.Duration:           00:00:00.0021191
Activity.Tags:
    server.address: localhost
    http.request.method: POST
    url.scheme: http
    url.path: /api/walls
    network.protocol.version: 1.1
    http.route: api/Walls
    http.response.status_code: 201
Resource associated with Activity:
    deployment.environment: Testing
    service.name: Crud.Api
    service.version: 1.0.0
    service.instance.id: bb25e7a8-9ced-49c8-9e52-fd74b67e7fff
    telemetry.sdk.name: opentelemetry
    telemetry.sdk.language: dotnet
    telemetry.sdk.version: 1.8.1
[06:45:22 INF] Resetting database for worker 14588 {"SourceContext": "Infrastructure.Services.DatabaseTestService", "Application": "Crud.Api"}
[06:45:22 INF] Resetting database via file deletion for worker 14588 in CI environment {"SourceContext": "Infrastructure.Services.DatabaseTestService", "Application": "Crud.Api"}
[06:45:22 INF] Acquiring database mutex for worker 14588... {"SourceContext": "Infrastructure.Services.DatabaseTestService", "Application": "Crud.Api"}
[06:45:22 INF] Database mutex acquired for worker 14588 {"SourceContext": "Infrastructure.Services.DatabaseTestService", "Application": "Crud.Api"}
[06:45:22 INF] Current database state - CanConnect: True {"SourceContext": "Infrastructure.Services.DatabaseTestService", "Application": "Crud.Api"}
[06:45:22 INF] [Phase 0] Closing database connection for worker 14588... {"SourceContext": "Infrastructure.Services.DatabaseTestService", "Application": "Crud.Api"}
[06:45:22 INF] [Phase 0] Connection closed in 0.0006ms {"SourceContext": "Infrastructure.Services.DatabaseTestService", "Application": "Crud.Api"}
[06:45:22 INF] [Phase 1] Starting EnsureDeletedAsync for worker 14588... {"SourceContext": "Infrastructure.Services.DatabaseTestService", "Application": "Crud.Api"}
[06:45:22 INF] [Phase 1] EnsureDeletedAsync completed in 1.5502ms {"SourceContext": "Infrastructure.Services.DatabaseTestService", "Application": "Crud.Api"}
[06:45:22 INF] [Phase 2] Starting EnsureCreatedAsync for worker 14588... {"SourceContext": "Infrastructure.Services.DatabaseTestService", "Application": "Crud.Api"}
[06:45:22 INF] [Phase 2] EnsureCreatedAsync completed in 9.3453ms {"SourceContext": "Infrastructure.Services.DatabaseTestService", "Application": "Crud.Api"}
[06:45:22 INF] [Phase 3] Skipping database seeding as requested for worker 14588 {"SourceContext": "Infrastructure.Services.DatabaseTestService", "Application": "Crud.Api"}
[06:45:22 INF] Database reset via file deletion completed for worker 14588 in 111.4813ms (Close: 0.0006ms, Delete: 1.5502ms, Create: 9.3453ms) {"SourceContext": "Infrastructure.Services.DatabaseTestService", "Application": "Crud.Api"}
[06:45:22 INF] Releasing database mutex for worker 14588 {"SourceContext": "Infrastructure.Services.DatabaseTestService", "Application": "Crud.Api"}
[06:45:22 INF] User registered successfully: 5db43177-17a7-4d24-afca-de310f37a82c {"SourceContext": "App.Features.Authentication.RegisterUserCommandHandler", "ActionId": "c7d92dff-ff0f-47ee-929c-96739bc2e212", "ActionName": "Api.Controllers.AuthController.Register (Api)", "RequestId": "0HNFGVQB4PDSU", "RequestPath": "/api/auth/register", "Application": "Crud.Api"}
Activity.TraceId:            013e189c39b0b29581f062ff48f8b8ad
Activity.SpanId:             0d9ecd5ccda8fb7c
Activity.TraceFlags:         Recorded
Activity.ActivitySourceName: Microsoft.AspNetCore
Activity.DisplayName:        POST api/Auth/register
Activity.Kind:               Server
Activity.StartTime:          2025-09-11T06:45:22.2261362Z
Activity.Duration:           00:00:00.2986287
Activity.Tags:
    server.address: localhost
    http.request.method: POST
    url.scheme: http
    url.path: /api/auth/register
    network.protocol.version: 1.1
    http.route: api/Auth/register
    http.response.status_code: 200
Resource associated with Activity:
    deployment.environment: Testing
    service.name: Crud.Api
    service.version: 1.0.0
    service.instance.id: bb25e7a8-9ced-49c8-9e52-fd74b67e7fff
    telemetry.sdk.name: opentelemetry
    telemetry.sdk.language: dotnet
    telemetry.sdk.version: 1.8.1
[06:45:22 DBG] Cache miss for key: list:wall {"SourceContext": "Infrastructure.Services.Caching.InMemoryCacheService", "ActionId": "94cb0f60-4de0-4f8c-b4ea-602f28b6a0db", "ActionName": "Api.Controllers.WallsController.List (Api)", "RequestId": "0HNFGVQB4PDSV", "RequestPath": "/api/walls", "Application": "Crud.Api"}
[06:45:22 DBG] Set cache value for key: list:wall {"SourceContext": "Infrastructure.Services.Caching.InMemoryCacheService", "ActionId": "94cb0f60-4de0-4f8c-b4ea-602f28b6a0db", "ActionName": "Api.Controllers.WallsController.List (Api)", "RequestId": "0HNFGVQB4PDSV", "RequestPath": "/api/walls", "Application": "Crud.Api"}
Activity.TraceId:            207bd81df427bcf176c45edee7eead68
Activity.SpanId:             ef52f4a86c47851e
Activity.TraceFlags:         Recorded
Activity.ActivitySourceName: Microsoft.AspNetCore
Activity.DisplayName:        GET api/Walls
Activity.Kind:               Server
Activity.StartTime:          2025-09-11T06:45:22.5248962Z
Activity.Duration:           00:00:00.0010945
Activity.Tags:
    server.address: localhost
    http.request.method: GET
    url.scheme: http
    url.path: /api/walls
    network.protocol.version: 1.1
    http.route: api/Walls
    http.response.status_code: 200
Resource associated with Activity:
    deployment.environment: Testing
    service.name: Crud.Api
    service.version: 1.0.0
    service.instance.id: bb25e7a8-9ced-49c8-9e52-fd74b67e7fff
    telemetry.sdk.name: opentelemetry
    telemetry.sdk.language: dotnet
    telemetry.sdk.version: 1.8.1
[06:45:22 INF] Resetting database for worker 14588 {"SourceContext": "Infrastructure.Services.DatabaseTestService", "Application": "Crud.Api"}
[06:45:22 INF] Resetting database via file deletion for worker 14588 in CI environment {"SourceContext": "Infrastructure.Services.DatabaseTestService", "Application": "Crud.Api"}
[06:45:22 INF] Acquiring database mutex for worker 14588... {"SourceContext": "Infrastructure.Services.DatabaseTestService", "Application": "Crud.Api"}
[06:45:22 INF] Database mutex acquired for worker 14588 {"SourceContext": "Infrastructure.Services.DatabaseTestService", "Application": "Crud.Api"}
[06:45:22 INF] Current database state - CanConnect: True {"SourceContext": "Infrastructure.Services.DatabaseTestService", "Application": "Crud.Api"}
[06:45:22 INF] [Phase 0] Closing database connection for worker 14588... {"SourceContext": "Infrastructure.Services.DatabaseTestService", "Application": "Crud.Api"}
[06:45:22 INF] [Phase 0] Connection closed in 0.0007ms {"SourceContext": "Infrastructure.Services.DatabaseTestService", "Application": "Crud.Api"}
[06:45:22 INF] [Phase 1] Starting EnsureDeletedAsync for worker 14588... {"SourceContext": "Infrastructure.Services.DatabaseTestService", "Application": "Crud.Api"}
[06:45:22 INF] [Phase 1] EnsureDeletedAsync completed in 1.3739ms {"SourceContext": "Infrastructure.Services.DatabaseTestService", "Application": "Crud.Api"}
[06:45:22 INF] [Phase 2] Starting EnsureCreatedAsync for worker 14588... {"SourceContext": "Infrastructure.Services.DatabaseTestService", "Application": "Crud.Api"}
[06:45:22 INF] [Phase 2] EnsureCreatedAsync completed in 7.5956ms {"SourceContext": "Infrastructure.Services.DatabaseTestService", "Application": "Crud.Api"}
[06:45:22 INF] [Phase 3] Skipping database seeding as requested for worker 14588 {"SourceContext": "Infrastructure.Services.DatabaseTestService", "Application": "Crud.Api"}
[06:45:22 INF] Database reset via file deletion completed for worker 14588 in 109.313ms (Close: 0.0007ms, Delete: 1.3739ms, Create: 7.5956ms) {"SourceContext": "Infrastructure.Services.DatabaseTestService", "Application": "Crud.Api"}
[06:45:22 INF] Releasing database mutex for worker 14588 {"SourceContext": "Infrastructure.Services.DatabaseTestService", "Application": "Crud.Api"}
[06:45:22 INF] User registered successfully: b22b8211-3f5b-444c-b61f-db95daecd19d {"SourceContext": "App.Features.Authentication.RegisterUserCommandHandler", "ActionId": "c7d92dff-ff0f-47ee-929c-96739bc2e212", "ActionName": "Api.Controllers.AuthController.Register (Api)", "RequestId": "0HNFGVQB4PDT0", "RequestPath": "/api/auth/register", "Application": "Crud.Api"}
Activity.TraceId:            e15ea329d236855276f0259c2c3ad694
Activity.SpanId:             38d598d7106bb7b4
Activity.TraceFlags:         Recorded
Activity.ActivitySourceName: Microsoft.AspNetCore
Activity.DisplayName:        POST api/Auth/register
Activity.Kind:               Server
Activity.StartTime:          2025-09-11T06:45:22.6382704Z
Activity.Duration:           00:00:00.2993887
Activity.Tags:
    server.address: localhost
    http.request.method: POST
    url.scheme: http
    url.path: /api/auth/register
    network.protocol.version: 1.1
    http.route: api/Auth/register
    http.response.status_code: 200
Resource associated with Activity:
    deployment.environment: Testing
    service.name: Crud.Api
    service.version: 1.0.0
    service.instance.id: bb25e7a8-9ced-49c8-9e52-fd74b67e7fff
    telemetry.sdk.name: opentelemetry
    telemetry.sdk.language: dotnet
    telemetry.sdk.version: 1.8.1
[06:45:23 INF] User logged in successfully: b22b8211-3f5b-444c-b61f-db95daecd19d {"SourceContext": "App.Features.Authentication.LoginCommandHandler", "ActionId": "39ad9dd7-3e5b-411b-b961-4c291d679334", "ActionName": "Api.Controllers.AuthController.Login (Api)", "RequestId": "0HNFGVQB4PDT1", "RequestPath": "/api/auth/login", "Application": "Crud.Api"}
Activity.TraceId:            ae25c5e9134169d043074f4a8aac1fe7
Activity.SpanId:             fba216f310de000a
Activity.TraceFlags:         Recorded
Activity.ActivitySourceName: Microsoft.AspNetCore
Activity.DisplayName:        POST api/Auth/login
Activity.Kind:               Server
Activity.StartTime:          2025-09-11T06:45:22.9392603Z
Activity.Duration:           00:00:00.2987870
Activity.Tags:
    server.address: localhost
    http.request.method: POST
    url.scheme: http
    url.path: /api/auth/login
    network.protocol.version: 1.1
    http.route: api/Auth/login
    http.response.status_code: 200
Resource associated with Activity:
    deployment.environment: Testing
    service.name: Crud.Api
    service.version: 1.0.0
    service.instance.id: bb25e7a8-9ced-49c8-9e52-fd74b67e7fff
    telemetry.sdk.name: opentelemetry
    telemetry.sdk.language: dotnet
    telemetry.sdk.version: 1.8.1
Activity.TraceId:            1d26382f8f591947907015a77b74f9e0
Activity.SpanId:             a4dab3cd72de1148
Activity.TraceFlags:         Recorded
Activity.ActivitySourceName: Microsoft.AspNetCore
Activity.DisplayName:        POST api/Walls
Activity.Kind:               Server
Activity.StartTime:          2025-09-11T06:45:23.2389073Z
Activity.Duration:           00:00:00.0004904
Activity.Tags:
    server.address: localhost
    http.request.method: POST
    url.scheme: http
    url.path: /api/walls
    network.protocol.version: 1.1
    http.route: api/Walls
    http.response.status_code: 400
Resource associated with Activity:
    deployment.environment: Testing
    service.name: Crud.Api
    service.version: 1.0.0
    service.instance.id: bb25e7a8-9ced-49c8-9e52-fd74b67e7fff
    telemetry.sdk.name: opentelemetry
    telemetry.sdk.language: dotnet
    telemetry.sdk.version: 1.8.1
[06:45:23 INF] User registered successfully: a47ddace-ab38-416b-be3d-babd25fc8a57 {"SourceContext": "App.Features.Authentication.RegisterUserCommandHandler", "ActionId": "c7d92dff-ff0f-47ee-929c-96739bc2e212", "ActionName": "Api.Controllers.AuthController.Register (Api)", "RequestId": "0HNFGVQB4PDT3", "RequestPath": "/api/auth/register", "Application": "Crud.Api"}
Activity.TraceId:            02b1ce8c8db48d7502e936bc05a707a3
Activity.SpanId:             92895c312f74630b
Activity.TraceFlags:         Recorded
Activity.ActivitySourceName: Microsoft.AspNetCore
Activity.DisplayName:        POST api/Auth/register
Activity.Kind:               Server
Activity.StartTime:          2025-09-11T06:45:23.2420324Z
Activity.Duration:           00:00:00.2986370
Activity.Tags:
    server.address: localhost
    http.request.method: POST
    url.scheme: http
    url.path: /api/auth/register
    network.protocol.version: 1.1
    http.route: api/Auth/register
    http.response.status_code: 200
Resource associated with Activity:
    deployment.environment: Testing
    service.name: Crud.Api
    service.version: 1.0.0
    service.instance.id: bb25e7a8-9ced-49c8-9e52-fd74b67e7fff
    telemetry.sdk.name: opentelemetry
    telemetry.sdk.language: dotnet
    telemetry.sdk.version: 1.8.1
[06:45:23 INF] User logged in successfully: a47ddace-ab38-416b-be3d-babd25fc8a57 {"SourceContext": "App.Features.Authentication.LoginCommandHandler", "ActionId": "39ad9dd7-3e5b-411b-b961-4c291d679334", "ActionName": "Api.Controllers.AuthController.Login (Api)", "RequestId": "0HNFGVQB4PDT4", "RequestPath": "/api/auth/login", "Application": "Crud.Api"}
Activity.TraceId:            3c5e27afb45e9f6bc729340c41e07808
Activity.SpanId:             0a8a687b71fc5c11
Activity.TraceFlags:         Recorded
Activity.ActivitySourceName: Microsoft.AspNetCore
Activity.DisplayName:        POST api/Auth/login
Activity.Kind:               Server
Activity.StartTime:          2025-09-11T06:45:23.5422282Z
Activity.Duration:           00:00:00.2989047
Activity.Tags:
    server.address: localhost
    http.request.method: POST
    url.scheme: http
    url.path: /api/auth/login
    network.protocol.version: 1.1
    http.route: api/Auth/login
    http.response.status_code: 200
Resource associated with Activity:
    deployment.environment: Testing
    service.name: Crud.Api
    service.version: 1.0.0
    service.instance.id: bb25e7a8-9ced-49c8-9e52-fd74b67e7fff
    telemetry.sdk.name: opentelemetry
    telemetry.sdk.language: dotnet
    telemetry.sdk.version: 1.8.1
[06:45:23 DBG] Removed cache value for key: entity:wall:585317c0e5614aa5b4c65eb3da25f6ca {"SourceContext": "Infrastructure.Services.Caching.InMemoryCacheService", "ActionId": "bdc5a0bb-38fe-4ce5-8107-6ec7c0775c78", "ActionName": "Api.Controllers.WallsController.Create (Api)", "RequestId": "0HNFGVQB4PDT5", "RequestPath": "/api/walls", "Application": "Crud.Api"}
[06:45:23 DBG] Removed cache value for key: list:wall {"SourceContext": "Infrastructure.Services.Caching.InMemoryCacheService", "ActionId": "bdc5a0bb-38fe-4ce5-8107-6ec7c0775c78", "ActionName": "Api.Controllers.WallsController.Create (Api)", "RequestId": "0HNFGVQB4PDT5", "RequestPath": "/api/walls", "Application": "Crud.Api"}
[06:45:23 DBG] Invalidating cache for entity type: walls with tag: walls {"SourceContext": "Api.Services.OutputCacheInvalidationService", "ActionId": "bdc5a0bb-38fe-4ce5-8107-6ec7c0775c78", "ActionName": "Api.Controllers.WallsController.Create (Api)", "RequestId": "0HNFGVQB4PDT5", "RequestPath": "/api/walls", "Application": "Crud.Api"}
[06:45:23 INF] Successfully invalidated cache for entity type: walls {"SourceContext": "Api.Services.OutputCacheInvalidationService", "ActionId": "bdc5a0bb-38fe-4ce5-8107-6ec7c0775c78", "ActionName": "Api.Controllers.WallsController.Create (Api)", "RequestId": "0HNFGVQB4PDT5", "RequestPath": "/api/walls", "Application": "Crud.Api"}
Activity.TraceId:            fa236217bc7bd3fba45c6deacc001505
Activity.SpanId:             f7f69384b0441784
Activity.TraceFlags:         Recorded
Activity.ActivitySourceName: Microsoft.AspNetCore
Activity.DisplayName:        POST api/Walls
Activity.Kind:               Server
Activity.StartTime:          2025-09-11T06:45:23.8419327Z
Activity.Duration:           00:00:00.0018267
Activity.Tags:
    server.address: localhost
    http.request.method: POST
    url.scheme: http
    url.path: /api/walls
    network.protocol.version: 1.1
    http.route: api/Walls
    http.response.status_code: 201
Resource associated with Activity:
    deployment.environment: Testing
    service.name: Crud.Api
    service.version: 1.0.0
    service.instance.id: bb25e7a8-9ced-49c8-9e52-fd74b67e7fff
    telemetry.sdk.name: opentelemetry
    telemetry.sdk.language: dotnet
    telemetry.sdk.version: 1.8.1
[06:45:24 INF] User registered successfully: 27f6d814-cf11-4655-866b-54ef727275c1 {"SourceContext": "App.Features.Authentication.RegisterUserCommandHandler", "ActionId": "c7d92dff-ff0f-47ee-929c-96739bc2e212", "ActionName": "Api.Controllers.AuthController.Register (Api)", "RequestId": "0HNFGVQB4PDT6", "RequestPath": "/api/auth/register", "Application": "Crud.Api"}
Activity.TraceId:            156322acff9a95f5f227adbcaf6af2bd
Activity.SpanId:             763b7b108b76081c
Activity.TraceFlags:         Recorded
Activity.ActivitySourceName: Microsoft.AspNetCore
Activity.DisplayName:        POST api/Auth/register
Activity.Kind:               Server
Activity.StartTime:          2025-09-11T06:45:23.9447936Z
Activity.Duration:           00:00:00.3001063
Activity.Tags:
    server.address: localhost
    http.request.method: POST
    url.scheme: http
    url.path: /api/auth/register
    network.protocol.version: 1.1
    http.route: api/Auth/register
    http.response.status_code: 200
Resource associated with Activity:
    deployment.environment: Testing
    service.name: Crud.Api
    service.version: 1.0.0
    service.instance.id: bb25e7a8-9ced-49c8-9e52-fd74b67e7fff
    telemetry.sdk.name: opentelemetry
    telemetry.sdk.language: dotnet
    telemetry.sdk.version: 1.8.1
[06:45:24 INF] User logged in successfully: 27f6d814-cf11-4655-866b-54ef727275c1 {"SourceContext": "App.Features.Authentication.LoginCommandHandler", "ActionId": "39ad9dd7-3e5b-411b-b961-4c291d679334", "ActionName": "Api.Controllers.AuthController.Login (Api)", "RequestId": "0HNFGVQB4PDT7", "RequestPath": "/api/auth/login", "Application": "Crud.Api"}
Activity.TraceId:            f6d7cf2307be74427771b875f720fa3c
Activity.SpanId:             b65ee2cfba700df0
Activity.TraceFlags:         Recorded
Activity.ActivitySourceName: Microsoft.AspNetCore
Activity.DisplayName:        POST api/Auth/login
Activity.Kind:               Server
Activity.StartTime:          2025-09-11T06:45:24.2459216Z
Activity.Duration:           00:00:00.3003963
Activity.Tags:
    server.address: localhost
    http.request.method: POST
    url.scheme: http
    url.path: /api/auth/login
    network.protocol.version: 1.1
    http.route: api/Auth/login
    http.response.status_code: 200
Resource associated with Activity:
    deployment.environment: Testing
    service.name: Crud.Api
    service.version: 1.0.0
    service.instance.id: bb25e7a8-9ced-49c8-9e52-fd74b67e7fff
    telemetry.sdk.name: opentelemetry
    telemetry.sdk.language: dotnet
    telemetry.sdk.version: 1.8.1
[06:45:24 DBG] Cache miss for key: entity:wall:585317c0e5614aa5b4c65eb3da25f6ca {"SourceContext": "Infrastructure.Services.Caching.InMemoryCacheService", "ActionId": "0fd1ac01-9a9f-439a-b564-48294cc20af5", "ActionName": "Api.Controllers.WallsController.Update (Api)", "RequestId": "0HNFGVQB4PDT8", "RequestPath": "/api/walls/585317c0-e561-4aa5-b4c6-5eb3da25f6ca", "Application": "Crud.Api"}
[06:45:24 DBG] Set cache value for key: entity:wall:585317c0e5614aa5b4c65eb3da25f6ca {"SourceContext": "Infrastructure.Services.Caching.InMemoryCacheService", "ActionId": "0fd1ac01-9a9f-439a-b564-48294cc20af5", "ActionName": "Api.Controllers.WallsController.Update (Api)", "RequestId": "0HNFGVQB4PDT8", "RequestPath": "/api/walls/585317c0-e561-4aa5-b4c6-5eb3da25f6ca", "Application": "Crud.Api"}
[06:45:24 DBG] Removed cache value for key: entity:wall:585317c0e5614aa5b4c65eb3da25f6ca {"SourceContext": "Infrastructure.Services.Caching.InMemoryCacheService", "ActionId": "0fd1ac01-9a9f-439a-b564-48294cc20af5", "ActionName": "Api.Controllers.WallsController.Update (Api)", "RequestId": "0HNFGVQB4PDT8", "RequestPath": "/api/walls/585317c0-e561-4aa5-b4c6-5eb3da25f6ca", "Application": "Crud.Api"}
[06:45:24 DBG] Removed cache value for key: list:wall {"SourceContext": "Infrastructure.Services.Caching.InMemoryCacheService", "ActionId": "0fd1ac01-9a9f-439a-b564-48294cc20af5", "ActionName": "Api.Controllers.WallsController.Update (Api)", "RequestId": "0HNFGVQB4PDT8", "RequestPath": "/api/walls/585317c0-e561-4aa5-b4c6-5eb3da25f6ca", "Application": "Crud.Api"}
[06:45:24 DBG] Invalidating cache for entity: walls/585317c0-e561-4aa5-b4c6-5eb3da25f6ca with tags: walls, walls:585317c0-e561-4aa5-b4c6-5eb3da25f6ca {"SourceContext": "Api.Services.OutputCacheInvalidationService", "ActionId": "0fd1ac01-9a9f-439a-b564-48294cc20af5", "ActionName": "Api.Controllers.WallsController.Update (Api)", "RequestId": "0HNFGVQB4PDT8", "RequestPath": "/api/walls/585317c0-e561-4aa5-b4c6-5eb3da25f6ca", "Application": "Crud.Api"}
[06:45:24 DBG] Successfully invalidated cache for tag: walls {"SourceContext": "Api.Services.OutputCacheInvalidationService", "ActionId": "0fd1ac01-9a9f-439a-b564-48294cc20af5", "ActionName": "Api.Controllers.WallsController.Update (Api)", "RequestId": "0HNFGVQB4PDT8", "RequestPath": "/api/walls/585317c0-e561-4aa5-b4c6-5eb3da25f6ca", "Application": "Crud.Api"}
[06:45:24 DBG] Successfully invalidated cache for tag: walls:585317c0-e561-4aa5-b4c6-5eb3da25f6ca {"SourceContext": "Api.Services.OutputCacheInvalidationService", "ActionId": "0fd1ac01-9a9f-439a-b564-48294cc20af5", "ActionName": "Api.Controllers.WallsController.Update (Api)", "RequestId": "0HNFGVQB4PDT8", "RequestPath": "/api/walls/585317c0-e561-4aa5-b4c6-5eb3da25f6ca", "Application": "Crud.Api"}
Activity.TraceId:            af9fd5d353dd5ac207f8ec898115aa2f
Activity.SpanId:             c36eb9b0f947ba4b
Activity.TraceFlags:         Recorded
Activity.ActivitySourceName: Microsoft.AspNetCore
Activity.DisplayName:        PUT api/Walls/{id:guid}
Activity.Kind:               Server
Activity.StartTime:          2025-09-11T06:45:24.5486677Z
Activity.Duration:           00:00:00.0103952
Activity.Tags:
    server.address: localhost
    http.request.method: PUT
    url.scheme: http
    url.path: /api/walls/585317c0-e561-4aa5-b4c6-5eb3da25f6ca
    network.protocol.version: 1.1
    http.route: api/Walls/{id:guid}
    http.response.status_code: 204
Resource associated with Activity:
    deployment.environment: Testing
    service.name: Crud.Api
    service.version: 1.0.0
    service.instance.id: bb25e7a8-9ced-49c8-9e52-fd74b67e7fff
    telemetry.sdk.name: opentelemetry
    telemetry.sdk.language: dotnet
    telemetry.sdk.version: 1.8.1
[06:45:24 INF] User registered successfully: 66dd65f3-4783-40bb-a73b-55e119b6f122 {"SourceContext": "App.Features.Authentication.RegisterUserCommandHandler", "ActionId": "c7d92dff-ff0f-47ee-929c-96739bc2e212", "ActionName": "Api.Controllers.AuthController.Register (Api)", "RequestId": "0HNFGVQB4PDT9", "RequestPath": "/api/auth/register", "Application": "Crud.Api"}
Activity.TraceId:            ce816f6d946e1b6065247576eaa381a9
Activity.SpanId:             e064303aa12b4e58
Activity.TraceFlags:         Recorded
Activity.ActivitySourceName: Microsoft.AspNetCore
Activity.DisplayName:        POST api/Auth/register
Activity.Kind:               Server
Activity.StartTime:          2025-09-11T06:45:24.5591515Z
Activity.Duration:           00:00:00.3002098
Activity.Tags:
    server.address: localhost
    http.request.method: POST
    url.scheme: http
    url.path: /api/auth/register
    network.protocol.version: 1.1
    http.route: api/Auth/register
    http.response.status_code: 200
Resource associated with Activity:
    deployment.environment: Testing
    service.name: Crud.Api
    service.version: 1.0.0
    service.instance.id: bb25e7a8-9ced-49c8-9e52-fd74b67e7fff
    telemetry.sdk.name: opentelemetry
    telemetry.sdk.language: dotnet
    telemetry.sdk.version: 1.8.1
[06:45:24 DBG] Cache miss for key: entity:wall:585317c0e5614aa5b4c65eb3da25f6ca {"SourceContext": "Infrastructure.Services.Caching.InMemoryCacheService", "ActionId": "dd755d3c-ed27-47f8-afa2-7fe60e1440f4", "ActionName": "Api.Controllers.WallsController.Get (Api)", "RequestId": "0HNFGVQB4PDTA", "RequestPath": "/api/walls/585317c0-e561-4aa5-b4c6-5eb3da25f6ca", "Application": "Crud.Api"}
[06:45:24 DBG] Set cache value for key: entity:wall:585317c0e5614aa5b4c65eb3da25f6ca {"SourceContext": "Infrastructure.Services.Caching.InMemoryCacheService", "ActionId": "dd755d3c-ed27-47f8-afa2-7fe60e1440f4", "ActionName": "Api.Controllers.WallsController.Get (Api)", "RequestId": "0HNFGVQB4PDTA", "RequestPath": "/api/walls/585317c0-e561-4aa5-b4c6-5eb3da25f6ca", "Application": "Crud.Api"}
Activity.TraceId:            52d5e973febf54542576893f42815193
Activity.SpanId:             5d4c0429a159720b
Activity.TraceFlags:         Recorded
Activity.ActivitySourceName: Microsoft.AspNetCore
Activity.DisplayName:        GET api/Walls/{id:guid}
Activity.Kind:               Server
Activity.StartTime:          2025-09-11T06:45:24.8595015Z
Activity.Duration:           00:00:00.0026985
Activity.Tags:
    server.address: localhost
    http.request.method: GET
    url.scheme: http
    url.path: /api/walls/585317c0-e561-4aa5-b4c6-5eb3da25f6ca
    network.protocol.version: 1.1
    http.route: api/Walls/{id:guid}
    http.response.status_code: 200
Resource associated with Activity:
    deployment.environment: Testing
    service.name: Crud.Api
    service.version: 1.0.0
    service.instance.id: bb25e7a8-9ced-49c8-9e52-fd74b67e7fff
    telemetry.sdk.name: opentelemetry
    telemetry.sdk.language: dotnet
    telemetry.sdk.version: 1.8.1
Resource associated with Metric:
    deployment.environment: Testing
    service.name: Crud.Api
    service.version: 1.0.0
    service.instance.id: bb25e7a8-9ced-49c8-9e52-fd74b67e7fff
    telemetry.sdk.name: opentelemetry
    telemetry.sdk.language: dotnet
    telemetry.sdk.version: 1.8.1
Metric Name: http.server.active_requests, Number of active HTTP server requests., Unit: {request}, Meter: Microsoft.AspNetCore.Hosting
(2025-09-11T06:45:14.8727077Z, 2025-09-11T06:45:24.8727010Z] http.request.method: POST url.scheme: http LongSumNonMonotonic
Value: 1
(2025-09-11T06:45:14.8727077Z, 2025-09-11T06:45:24.8727010Z] http.request.method: GET url.scheme: http LongSumNonMonotonic
Value: 0
(2025-09-11T06:45:14.8727077Z, 2025-09-11T06:45:24.8727010Z] http.request.method: DELETE url.scheme: http LongSumNonMonotonic
Value: 0
(2025-09-11T06:45:14.8727077Z, 2025-09-11T06:45:24.8727010Z] http.request.method: PUT url.scheme: http LongSumNonMonotonic
Value: 0
Metric Name: http.server.request.duration, Duration of HTTP server requests., Unit: s, Meter: Microsoft.AspNetCore.Hosting
(2025-09-11T06:45:14.8727261Z, 2025-09-11T06:45:24.8727035Z] http.request.method: POST http.response.status_code: 200 http.route: api/Auth/register network.protocol.version: 1.1 url.scheme: http Histogram
Value: Sum: 5.399120999999998 Count: 18 Min: 0.2982715 Max: 0.3057412 
(-Infinity,0.005]:0
(0.005,0.01]:0
(0.01,0.025]:0
(0.025,0.05]:0
(0.05,0.075]:0
(0.075,0.1]:0
(0.1,0.25]:0
(0.25,0.5]:18
(0.5,0.75]:0
(0.75,1]:0
(1,2.5]:0
(2.5,5]:0
(5,7.5]:0
(7.5,10]:0
(10,+Infinity]:0
(2025-09-11T06:45:14.8727261Z, 2025-09-11T06:45:24.8727035Z] http.request.method: POST http.response.status_code: 200 http.route: api/Auth/login network.protocol.version: 1.1 url.scheme: http Histogram
Value: Sum: 3.8971528000000006 Count: 13 Min: 0.2987779 Max: 0.3038783 
(-Infinity,0.005]:0
(0.005,0.01]:0
(0.01,0.025]:0
(0.025,0.05]:0
(0.05,0.075]:0
(0.075,0.1]:0
(0.1,0.25]:0
(0.25,0.5]:13
(0.5,0.75]:0
(0.75,1]:0
(1,2.5]:0
(2.5,5]:0
(5,7.5]:0
(7.5,10]:0
(10,+Infinity]:0
(2025-09-11T06:45:14.8727261Z, 2025-09-11T06:45:24.8727035Z] http.request.method: POST http.response.status_code: 201 http.route: api/Walls network.protocol.version: 1.1 url.scheme: http Histogram
Value: Sum: 0.032742400000000005 Count: 8 Min: 0.001592 Max: 0.0163741 
(-Infinity,0.005]:7
(0.005,0.01]:0
(0.01,0.025]:1
(0.025,0.05]:0
(0.05,0.075]:0
(0.075,0.1]:0
(0.1,0.25]:0
(0.25,0.5]:0
(0.5,0.75]:0
(0.75,1]:0
(1,2.5]:0
(2.5,5]:0
(5,7.5]:0
(7.5,10]:0
(10,+Infinity]:0
(2025-09-11T06:45:14.8727261Z, 2025-09-11T06:45:24.8727035Z] http.request.method: GET http.response.status_code: 200 http.route: api/Walls/{id:guid} network.protocol.version: 1.1 url.scheme: http Histogram
Value: Sum: 0.0156261 Count: 2 Min: 0.0027007 Max: 0.0129254 
(-Infinity,0.005]:1
(0.005,0.01]:0
(0.01,0.025]:1
(0.025,0.05]:0
(0.05,0.075]:0
(0.075,0.1]:0
(0.1,0.25]:0
(0.25,0.5]:0
(0.5,0.75]:0
(0.75,1]:0
(1,2.5]:0
(2.5,5]:0
(5,7.5]:0
(7.5,10]:0
(10,+Infinity]:0
(2025-09-11T06:45:14.8727261Z, 2025-09-11T06:45:24.8727035Z] http.request.method: GET http.response.status_code: 200 http.route: api/Walls network.protocol.version: 1.1 url.scheme: http Histogram
Value: Sum: 0.0080967 Count: 2 Min: 0.0010942 Max: 0.0070025 
(-Infinity,0.005]:1
(0.005,0.01]:1
(0.01,0.025]:0
(0.025,0.05]:0
(0.05,0.075]:0
(0.075,0.1]:0
(0.1,0.25]:0
(0.25,0.5]:0
(0.5,0.75]:0
(0.75,1]:0
(1,2.5]:0
(2.5,5]:0
(5,7.5]:0
(7.5,10]:0
(10,+Infinity]:0
(2025-09-11T06:45:14.8727261Z, 2025-09-11T06:45:24.8727035Z] http.request.method: POST http.response.status_code: 400 http.route: api/Walls network.protocol.version: 1.1 url.scheme: http Histogram
Value: Sum: 0.0024489 Count: 2 Min: 0.0004965 Max: 0.0019524 
(-Infinity,0.005]:2
(0.005,0.01]:0
(0.01,0.025]:0
(0.025,0.05]:0
(0.05,0.075]:0
(0.075,0.1]:0
(0.1,0.25]:0
(0.25,0.5]:0
(0.5,0.75]:0
(0.75,1]:0
(1,2.5]:0
(2.5,5]:0
(5,7.5]:0
(7.5,10]:0
(10,+Infinity]:0
(2025-09-11T06:45:14.8727261Z, 2025-09-11T06:45:24.8727035Z] http.request.method: DELETE http.response.status_code: 204 http.route: api/Walls/{id:guid} network.protocol.version: 1.1 url.scheme: http Histogram
Value: Sum: 0.0091896 Count: 2 Min: 0.0027375 Max: 0.0064521 
(-Infinity,0.005]:1
(0.005,0.01]:1
(0.01,0.025]:0
(0.025,0.05]:0
(0.05,0.075]:0
(0.075,0.1]:0
(0.1,0.25]:0
(0.25,0.5]:0
(0.5,0.75]:0
(0.75,1]:0
(1,2.5]:0
(2.5,5]:0
(5,7.5]:0
(7.5,10]:0
(10,+Infinity]:0
(2025-09-11T06:45:14.8727261Z, 2025-09-11T06:45:24.8727035Z] http.request.method: GET http.response.status_code: 404 http.route: api/Walls/{id:guid} network.protocol.version: 1.1 url.scheme: http Histogram
Value: Sum: 0.0037964 Count: 1 Min: 0.0037964 Max: 0.0037964 
(-Infinity,0.005]:1
(0.005,0.01]:0
(0.01,0.025]:0
(0.025,0.05]:0
(0.05,0.075]:0
(0.075,0.1]:0
(0.1,0.25]:0
(0.25,0.5]:0
(0.5,0.75]:0
(0.75,1]:0
(1,2.5]:0
(2.5,5]:0
(5,7.5]:0
(7.5,10]:0
(10,+Infinity]:0
(2025-09-11T06:45:14.8727261Z, 2025-09-11T06:45:24.8727035Z] http.request.method: PUT http.response.status_code: 204 http.route: api/Walls/{id:guid} network.protocol.version: 1.1 url.scheme: http Histogram
Value: Sum: 0.010396 Count: 1 Min: 0.010396 Max: 0.010396 
(-Infinity,0.005]:0
(0.005,0.01]:0
(0.01,0.025]:1
(0.025,0.05]:0
(0.05,0.075]:0
(0.075,0.1]:0
(0.1,0.25]:0
(0.25,0.5]:0
(0.5,0.75]:0
(0.75,1]:0
(1,2.5]:0
(2.5,5]:0
(5,7.5]:0
(7.5,10]:0
(10,+Infinity]:0
Metric Name: aspnetcore.rate_limiting.active_request_leases, Number of HTTP requests that are currently active on the server that hold a rate limiting lease., Unit: {request}, Meter: Microsoft.AspNetCore.RateLimiting
(2025-09-11T06:45:14.8744835Z, 2025-09-11T06:45:24.8727038Z] LongSumNonMonotonic
Value: 1
Metric Name: aspnetcore.rate_limiting.request_lease.duration, The duration of rate limiting leases held by HTTP requests on the server., Unit: s, Meter: Microsoft.AspNetCore.RateLimiting
(2025-09-11T06:45:14.8745021Z, 2025-09-11T06:45:24.8727041Z] Histogram
Value: Sum: 9.368767200000004 Count: 49 Min: 0.000401 Max: 0.3054628 
(-Infinity,0.005]:13
(0.005,0.01]:2
(0.01,0.025]:3
(0.025,0.05]:0
(0.05,0.075]:0
(0.075,0.1]:0
(0.1,0.25]:0
(0.25,0.5]:31
(0.5,0.75]:0
(0.75,1]:0
(1,2.5]:0
(2.5,5]:0
(5,7.5]:0
(7.5,10]:0
(10,+Infinity]:0
Metric Name: aspnetcore.rate_limiting.requests, Number of requests that tried to acquire a rate limiting lease. Requests could be rejected by global or endpoint rate limiting policies. Or the request could be canceled while waiting for the lease., Unit: {request}, Meter: Microsoft.AspNetCore.RateLimiting
(2025-09-11T06:45:14.8745680Z, 2025-09-11T06:45:24.8727053Z] aspnetcore.rate_limiting.result: acquired LongSum
Value: 49
Metric Name: aspnetcore.routing.match_attempts, Number of requests that were attempted to be matched to an endpoint., Unit: {match_attempt}, Meter: Microsoft.AspNetCore.Routing
(2025-09-11T06:45:14.8753400Z, 2025-09-11T06:45:24.8727056Z] aspnetcore.routing.is_fallback: false aspnetcore.routing.match_status: success http.route: api/Auth/register LongSum
Value: 19
(2025-09-11T06:45:14.8753400Z, 2025-09-11T06:45:24.8727056Z] aspnetcore.routing.is_fallback: false aspnetcore.routing.match_status: success http.route: api/Auth/login LongSum
Value: 13
(2025-09-11T06:45:14.8753400Z, 2025-09-11T06:45:24.8727056Z] aspnetcore.routing.is_fallback: false aspnetcore.routing.match_status: success http.route: api/Walls LongSum
Value: 12
(2025-09-11T06:45:14.8753400Z, 2025-09-11T06:45:24.8727056Z] aspnetcore.routing.is_fallback: false aspnetcore.routing.match_status: success http.route: api/Walls/{id:guid} LongSum
Value: 6
[06:45:25 INF] User registered successfully: a0b64e80-a583-4664-b6d3-87af5b63dcf1 {"SourceContext": "App.Features.Authentication.RegisterUserCommandHandler", "ActionId": "c7d92dff-ff0f-47ee-929c-96739bc2e212", "ActionName": "Api.Controllers.AuthController.Register (Api)", "RequestId": "0HNFGVQB4PDTB", "RequestPath": "/api/auth/register", "Application": "Crud.Api"}
Activity.TraceId:            e0b20acf1947d3ebcdd5af9d5269cbdb
Activity.SpanId:             59ccbaae9cac1179
Activity.TraceFlags:         Recorded
Activity.ActivitySourceName: Microsoft.AspNetCore
Activity.DisplayName:        POST api/Auth/register
Activity.Kind:               Server
Activity.StartTime:          2025-09-11T06:45:24.8643689Z
Activity.Duration:           00:00:00.2990912
Activity.Tags:
    server.address: localhost
    http.request.method: POST
    url.scheme: http
    url.path: /api/auth/register
    network.protocol.version: 1.1
    http.route: api/Auth/register
    http.response.status_code: 200
Resource associated with Activity:
    deployment.environment: Testing
    service.name: Crud.Api
    service.version: 1.0.0
    service.instance.id: bb25e7a8-9ced-49c8-9e52-fd74b67e7fff
    telemetry.sdk.name: opentelemetry
    telemetry.sdk.language: dotnet
    telemetry.sdk.version: 1.8.1
[06:45:25 INF] User logged in successfully: a0b64e80-a583-4664-b6d3-87af5b63dcf1 {"SourceContext": "App.Features.Authentication.LoginCommandHandler", "ActionId": "39ad9dd7-3e5b-411b-b961-4c291d679334", "ActionName": "Api.Controllers.AuthController.Login (Api)", "RequestId": "0HNFGVQB4PDTC", "RequestPath": "/api/auth/login", "Application": "Crud.Api"}
Activity.TraceId:            979e538e11f4e102c014cd218def87cc
Activity.SpanId:             c6b29036d744fbfa
Activity.TraceFlags:         Recorded
Activity.ActivitySourceName: Microsoft.AspNetCore
Activity.DisplayName:        POST api/Auth/login
Activity.Kind:               Server
Activity.StartTime:          2025-09-11T06:45:25.1648278Z
Activity.Duration:           00:00:00.2992679
Activity.Tags:
    server.address: localhost
    http.request.method: POST
    url.scheme: http
    url.path: /api/auth/login
    network.protocol.version: 1.1
    http.route: api/Auth/login
    http.response.status_code: 200
Resource associated with Activity:
    deployment.environment: Testing
    service.name: Crud.Api
    service.version: 1.0.0
    service.instance.id: bb25e7a8-9ced-49c8-9e52-fd74b67e7fff
    telemetry.sdk.name: opentelemetry
    telemetry.sdk.language: dotnet
    telemetry.sdk.version: 1.8.1
[06:45:25 DBG] Removed cache value for key: entity:wall:ee5762c698a44442b5f5ae6922875af9 {"SourceContext": "Infrastructure.Services.Caching.InMemoryCacheService", "ActionId": "bdc5a0bb-38fe-4ce5-8107-6ec7c0775c78", "ActionName": "Api.Controllers.WallsController.Create (Api)", "RequestId": "0HNFGVQB4PDTD", "RequestPath": "/api/walls", "Application": "Crud.Api"}
[06:45:25 DBG] Removed cache value for key: list:wall {"SourceContext": "Infrastructure.Services.Caching.InMemoryCacheService", "ActionId": "bdc5a0bb-38fe-4ce5-8107-6ec7c0775c78", "ActionName": "Api.Controllers.WallsController.Create (Api)", "RequestId": "0HNFGVQB4PDTD", "RequestPath": "/api/walls", "Application": "Crud.Api"}
[06:45:25 DBG] Invalidating cache for entity type: walls with tag: walls {"SourceContext": "Api.Services.OutputCacheInvalidationService", "ActionId": "bdc5a0bb-38fe-4ce5-8107-6ec7c0775c78", "ActionName": "Api.Controllers.WallsController.Create (Api)", "RequestId": "0HNFGVQB4PDTD", "RequestPath": "/api/walls", "Application": "Crud.Api"}
[06:45:25 INF] Successfully invalidated cache for entity type: walls {"SourceContext": "Api.Services.OutputCacheInvalidationService", "ActionId": "bdc5a0bb-38fe-4ce5-8107-6ec7c0775c78", "ActionName": "Api.Controllers.WallsController.Create (Api)", "RequestId": "0HNFGVQB4PDTD", "RequestPath": "/api/walls", "Application": "Crud.Api"}
Activity.TraceId:            d2dd6a272a1d80eb447d84727c8258a0
Activity.SpanId:             44481ebbeece4066
Activity.TraceFlags:         Recorded
Activity.ActivitySourceName: Microsoft.AspNetCore
Activity.DisplayName:        POST api/Walls
Activity.Kind:               Server
Activity.StartTime:          2025-09-11T06:45:25.4648596Z
Activity.Duration:           00:00:00.0016619
Activity.Tags:
    server.address: localhost
    http.request.method: POST
    url.scheme: http
    url.path: /api/walls
    network.protocol.version: 1.1
    http.route: api/Walls
    http.response.status_code: 201
Resource associated with Activity:
    deployment.environment: Testing
    service.name: Crud.Api
    service.version: 1.0.0
    service.instance.id: bb25e7a8-9ced-49c8-9e52-fd74b67e7fff
    telemetry.sdk.name: opentelemetry
    telemetry.sdk.language: dotnet
    telemetry.sdk.version: 1.8.1
[06:45:25 INF] User registered successfully: 64053463-f205-4797-9e57-727dfbbe31af {"SourceContext": "App.Features.Authentication.RegisterUserCommandHandler", "ActionId": "c7d92dff-ff0f-47ee-929c-96739bc2e212", "ActionName": "Api.Controllers.AuthController.Register (Api)", "RequestId": "0HNFGVQB4PDTE", "RequestPath": "/api/auth/register", "Application": "Crud.Api"}
Activity.TraceId:            7d85dadea1e3863c1a6c98606d45c552
Activity.SpanId:             434b911acd8ce9ed
Activity.TraceFlags:         Recorded
Activity.ActivitySourceName: Microsoft.AspNetCore
Activity.DisplayName:        POST api/Auth/register
Activity.Kind:               Server
Activity.StartTime:          2025-09-11T06:45:25.4674096Z
Activity.Duration:           00:00:00.3030627
Activity.Tags:
    server.address: localhost
    http.request.method: POST
    url.scheme: http
    url.path: /api/auth/register
    network.protocol.version: 1.1
    http.route: api/Auth/register
    http.response.status_code: 200
Resource associated with Activity:
    deployment.environment: Testing
    service.name: Crud.Api
    service.version: 1.0.0
    service.instance.id: bb25e7a8-9ced-49c8-9e52-fd74b67e7fff
    telemetry.sdk.name: opentelemetry
    telemetry.sdk.language: dotnet
    telemetry.sdk.version: 1.8.1
[06:45:26 INF] User logged in successfully: 64053463-f205-4797-9e57-727dfbbe31af {"SourceContext": "App.Features.Authentication.LoginCommandHandler", "ActionId": "39ad9dd7-3e5b-411b-b961-4c291d679334", "ActionName": "Api.Controllers.AuthController.Login (Api)", "RequestId": "0HNFGVQB4PDTF", "RequestPath": "/api/auth/login", "Application": "Crud.Api"}
Activity.TraceId:            a765ad540c4f5259e664cbcb0053df06
Activity.SpanId:             a9fd89be4f92830f
Activity.TraceFlags:         Recorded
Activity.ActivitySourceName: Microsoft.AspNetCore
Activity.DisplayName:        POST api/Auth/login
Activity.Kind:               Server
Activity.StartTime:          2025-09-11T06:45:25.7715309Z
Activity.Duration:           00:00:00.2989622
Activity.Tags:
    server.address: localhost
    http.request.method: POST
    url.scheme: http
    url.path: /api/auth/login
    network.protocol.version: 1.1
    http.route: api/Auth/login
    http.response.status_code: 200
Resource associated with Activity:
    deployment.environment: Testing
    service.name: Crud.Api
    service.version: 1.0.0
    service.instance.id: bb25e7a8-9ced-49c8-9e52-fd74b67e7fff
    telemetry.sdk.name: opentelemetry
    telemetry.sdk.language: dotnet
    telemetry.sdk.version: 1.8.1
[06:45:26 DBG] Cache miss for key: entity:wall:ee5762c698a44442b5f5ae6922875af9 {"SourceContext": "Infrastructure.Services.Caching.InMemoryCacheService", "ActionId": "0fd1ac01-9a9f-439a-b564-48294cc20af5", "ActionName": "Api.Controllers.WallsController.Update (Api)", "RequestId": "0HNFGVQB4PDTG", "RequestPath": "/api/walls/ee5762c6-98a4-4442-b5f5-ae6922875af9", "Application": "Crud.Api"}
[06:45:26 DBG] Set cache value for key: entity:wall:ee5762c698a44442b5f5ae6922875af9 {"SourceContext": "Infrastructure.Services.Caching.InMemoryCacheService", "ActionId": "0fd1ac01-9a9f-439a-b564-48294cc20af5", "ActionName": "Api.Controllers.WallsController.Update (Api)", "RequestId": "0HNFGVQB4PDTG", "RequestPath": "/api/walls/ee5762c6-98a4-4442-b5f5-ae6922875af9", "Application": "Crud.Api"}
[06:45:26 DBG] Removed cache value for key: entity:wall:ee5762c698a44442b5f5ae6922875af9 {"SourceContext": "Infrastructure.Services.Caching.InMemoryCacheService", "ActionId": "0fd1ac01-9a9f-439a-b564-48294cc20af5", "ActionName": "Api.Controllers.WallsController.Update (Api)", "RequestId": "0HNFGVQB4PDTG", "RequestPath": "/api/walls/ee5762c6-98a4-4442-b5f5-ae6922875af9", "Application": "Crud.Api"}
[06:45:26 DBG] Removed cache value for key: list:wall {"SourceContext": "Infrastructure.Services.Caching.InMemoryCacheService", "ActionId": "0fd1ac01-9a9f-439a-b564-48294cc20af5", "ActionName": "Api.Controllers.WallsController.Update (Api)", "RequestId": "0HNFGVQB4PDTG", "RequestPath": "/api/walls/ee5762c6-98a4-4442-b5f5-ae6922875af9", "Application": "Crud.Api"}
[06:45:26 DBG] Invalidating cache for entity: walls/ee5762c6-98a4-4442-b5f5-ae6922875af9 with tags: walls, walls:ee5762c6-98a4-4442-b5f5-ae6922875af9 {"SourceContext": "Api.Services.OutputCacheInvalidationService", "ActionId": "0fd1ac01-9a9f-439a-b564-48294cc20af5", "ActionName": "Api.Controllers.WallsController.Update (Api)", "RequestId": "0HNFGVQB4PDTG", "RequestPath": "/api/walls/ee5762c6-98a4-4442-b5f5-ae6922875af9", "Application": "Crud.Api"}
[06:45:26 DBG] Successfully invalidated cache for tag: walls {"SourceContext": "Api.Services.OutputCacheInvalidationService", "ActionId": "0fd1ac01-9a9f-439a-b564-48294cc20af5", "ActionName": "Api.Controllers.WallsController.Update (Api)", "RequestId": "0HNFGVQB4PDTG", "RequestPath": "/api/walls/ee5762c6-98a4-4442-b5f5-ae6922875af9", "Application": "Crud.Api"}
[06:45:26 DBG] Successfully invalidated cache for tag: walls:ee5762c6-98a4-4442-b5f5-ae6922875af9 {"SourceContext": "Api.Services.OutputCacheInvalidationService", "ActionId": "0fd1ac01-9a9f-439a-b564-48294cc20af5", "ActionName": "Api.Controllers.WallsController.Update (Api)", "RequestId": "0HNFGVQB4PDTG", "RequestPath": "/api/walls/ee5762c6-98a4-4442-b5f5-ae6922875af9", "Application": "Crud.Api"}
Activity.TraceId:            343040d9ad9a55a220b458c91010cb59
Activity.SpanId:             6196d39f6bbfeb9d
Activity.TraceFlags:         Recorded
Activity.ActivitySourceName: Microsoft.AspNetCore
Activity.DisplayName:        PUT api/Walls/{id:guid}
Activity.Kind:               Server
Activity.StartTime:          2025-09-11T06:45:26.0706977Z
Activity.Duration:           00:00:00.0026474
Activity.Tags:
    server.address: localhost
    http.request.method: PUT
    url.scheme: http
    url.path: /api/walls/ee5762c6-98a4-4442-b5f5-ae6922875af9
    network.protocol.version: 1.1
    http.route: api/Walls/{id:guid}
    http.response.status_code: 204
Resource associated with Activity:
    deployment.environment: Testing
    service.name: Crud.Api
    service.version: 1.0.0
    service.instance.id: bb25e7a8-9ced-49c8-9e52-fd74b67e7fff
    telemetry.sdk.name: opentelemetry
    telemetry.sdk.language: dotnet
    telemetry.sdk.version: 1.8.1
[06:45:26 INF] User registered successfully: dbab4c5d-46ed-4483-ae57-3ce77247764a {"SourceContext": "App.Features.Authentication.RegisterUserCommandHandler", "ActionId": "c7d92dff-ff0f-47ee-929c-96739bc2e212", "ActionName": "Api.Controllers.AuthController.Register (Api)", "RequestId": "0HNFGVQB4PDTH", "RequestPath": "/api/auth/register", "Application": "Crud.Api"}
Activity.TraceId:            b1bf79bdbf2e4f119f55b31db527dbb1
Activity.SpanId:             03bb93e4e263004f
Activity.TraceFlags:         Recorded
Activity.ActivitySourceName: Microsoft.AspNetCore
Activity.DisplayName:        POST api/Auth/register
Activity.Kind:               Server
Activity.StartTime:          2025-09-11T06:45:26.0735294Z
Activity.Duration:           00:00:00.2985131
Activity.Tags:
    server.address: localhost
    http.request.method: POST
    url.scheme: http
    url.path: /api/auth/register
    network.protocol.version: 1.1
    http.route: api/Auth/register
    http.response.status_code: 200
Resource associated with Activity:
    deployment.environment: Testing
    service.name: Crud.Api
    service.version: 1.0.0
    service.instance.id: bb25e7a8-9ced-49c8-9e52-fd74b67e7fff
    telemetry.sdk.name: opentelemetry
    telemetry.sdk.language: dotnet
    telemetry.sdk.version: 1.8.1
[06:45:26 DBG] Cache miss for key: entity:wall:ee5762c698a44442b5f5ae6922875af9 {"SourceContext": "Infrastructure.Services.Caching.InMemoryCacheService", "ActionId": "dd755d3c-ed27-47f8-afa2-7fe60e1440f4", "ActionName": "Api.Controllers.WallsController.Get (Api)", "RequestId": "0HNFGVQB4PDTI", "RequestPath": "/api/walls/ee5762c6-98a4-4442-b5f5-ae6922875af9", "Application": "Crud.Api"}
[06:45:26 DBG] Set cache value for key: entity:wall:ee5762c698a44442b5f5ae6922875af9 {"SourceContext": "Infrastructure.Services.Caching.InMemoryCacheService", "ActionId": "dd755d3c-ed27-47f8-afa2-7fe60e1440f4", "ActionName": "Api.Controllers.WallsController.Get (Api)", "RequestId": "0HNFGVQB4PDTI", "RequestPath": "/api/walls/ee5762c6-98a4-4442-b5f5-ae6922875af9", "Application": "Crud.Api"}
Activity.TraceId:            ab8c15b5544970514fadfd4656553005
Activity.SpanId:             135df5f890c166ac
Activity.TraceFlags:         Recorded
Activity.ActivitySourceName: Microsoft.AspNetCore
Activity.DisplayName:        GET api/Walls/{id:guid}
Activity.Kind:               Server
Activity.StartTime:          2025-09-11T06:45:26.3722075Z
Activity.Duration:           00:00:00.0012508
Activity.Tags:
    server.address: localhost
    http.request.method: GET
    url.scheme: http
    url.path: /api/walls/ee5762c6-98a4-4442-b5f5-ae6922875af9
    network.protocol.version: 1.1
    http.route: api/Walls/{id:guid}
    http.response.status_code: 200
Resource associated with Activity:
    deployment.environment: Testing
    service.name: Crud.Api
    service.version: 1.0.0
    service.instance.id: bb25e7a8-9ced-49c8-9e52-fd74b67e7fff
    telemetry.sdk.name: opentelemetry
    telemetry.sdk.language: dotnet
    telemetry.sdk.version: 1.8.1
[06:45:26 INF] User registered successfully: acc0ae2b-7024-41ed-9ea2-fda85b0c8ec1 {"SourceContext": "App.Features.Authentication.RegisterUserCommandHandler", "ActionId": "c7d92dff-ff0f-47ee-929c-96739bc2e212", "ActionName": "Api.Controllers.AuthController.Register (Api)", "RequestId": "0HNFGVQB4PDTJ", "RequestPath": "/api/auth/register", "Application": "Crud.Api"}
Activity.TraceId:            173afcb7a4fafee569206f4b9456d4cd
Activity.SpanId:             253e5cced1f7f919
Activity.TraceFlags:         Recorded
Activity.ActivitySourceName: Microsoft.AspNetCore
Activity.DisplayName:        POST api/Auth/register
Activity.Kind:               Server
Activity.StartTime:          2025-09-11T06:45:26.3760062Z
Activity.Duration:           00:00:00.2989499
Activity.Tags:
    server.address: localhost
    http.request.method: POST
    url.scheme: http
    url.path: /api/auth/register
    network.protocol.version: 1.1
    http.route: api/Auth/register
    http.response.status_code: 200
Resource associated with Activity:
    deployment.environment: Testing
    service.name: Crud.Api
    service.version: 1.0.0
    service.instance.id: bb25e7a8-9ced-49c8-9e52-fd74b67e7fff
    telemetry.sdk.name: opentelemetry
    telemetry.sdk.language: dotnet
    telemetry.sdk.version: 1.8.1
[06:45:26 DBG] Cache miss for key: entity:wall:ddeb963c56d14a488e8cde77ebb776bb {"SourceContext": "Infrastructure.Services.Caching.InMemoryCacheService", "ActionId": "dd755d3c-ed27-47f8-afa2-7fe60e1440f4", "ActionName": "Api.Controllers.WallsController.Get (Api)", "RequestId": "0HNFGVQB4PDTK", "RequestPath": "/api/walls/ddeb963c-56d1-4a48-8e8c-de77ebb776bb", "Application": "Crud.Api"}
Activity.TraceId:            cea09923e4f7b03819a7c5dcdc61aee9
Activity.SpanId:             2f783c89cdcd294b
Activity.TraceFlags:         Recorded
Activity.ActivitySourceName: Microsoft.AspNetCore
Activity.DisplayName:        GET api/Walls/{id:guid}
Activity.Kind:               Server
Activity.StartTime:          2025-09-11T06:45:26.6761974Z
Activity.Duration:           00:00:00.0010300
Activity.Tags:
    server.address: localhost
    http.request.method: GET
    url.scheme: http
    url.path: /api/walls/ddeb963c-56d1-4a48-8e8c-de77ebb776bb
    network.protocol.version: 1.1
    http.route: api/Walls/{id:guid}
    http.response.status_code: 404
Resource associated with Activity:
    deployment.environment: Testing
    service.name: Crud.Api
    service.version: 1.0.0
    service.instance.id: bb25e7a8-9ced-49c8-9e52-fd74b67e7fff
    telemetry.sdk.name: opentelemetry
    telemetry.sdk.language: dotnet
    telemetry.sdk.version: 1.8.1
[06:45:26 INF] User registered successfully: 09df586d-ae2f-4648-bf65-a64a5d11156c {"SourceContext": "App.Features.Authentication.RegisterUserCommandHandler", "ActionId": "c7d92dff-ff0f-47ee-929c-96739bc2e212", "ActionName": "Api.Controllers.AuthController.Register (Api)", "RequestId": "0HNFGVQB4PDTL", "RequestPath": "/api/auth/register", "Application": "Crud.Api"}
Activity.TraceId:            442ac479f11fdb2cf757afc21e85bf1e
Activity.SpanId:             ddba0cb7bd821f47
Activity.TraceFlags:         Recorded
Activity.ActivitySourceName: Microsoft.AspNetCore
Activity.DisplayName:        POST api/Auth/register
Activity.Kind:               Server
Activity.StartTime:          2025-09-11T06:45:26.6790823Z
Activity.Duration:           00:00:00.2989314
Activity.Tags:
    server.address: localhost
    http.request.method: POST
    url.scheme: http
    url.path: /api/auth/register
    network.protocol.version: 1.1
    http.route: api/Auth/register
    http.response.status_code: 200
Resource associated with Activity:
    deployment.environment: Testing
    service.name: Crud.Api
    service.version: 1.0.0
    service.instance.id: bb25e7a8-9ced-49c8-9e52-fd74b67e7fff
    telemetry.sdk.name: opentelemetry
    telemetry.sdk.language: dotnet
    telemetry.sdk.version: 1.8.1
[06:45:27 INF] User logged in successfully: 09df586d-ae2f-4648-bf65-a64a5d11156c {"SourceContext": "App.Features.Authentication.LoginCommandHandler", "ActionId": "39ad9dd7-3e5b-411b-b961-4c291d679334", "ActionName": "Api.Controllers.AuthController.Login (Api)", "RequestId": "0HNFGVQB4PDTM", "RequestPath": "/api/auth/login", "Application": "Crud.Api"}
Activity.TraceId:            2d19789b8f2eaaf2ff657cf50c9a2a68
Activity.SpanId:             8e83e7560363f805
Activity.TraceFlags:         Recorded
Activity.ActivitySourceName: Microsoft.AspNetCore
Activity.DisplayName:        POST api/Auth/login
Activity.Kind:               Server
Activity.StartTime:          2025-09-11T06:45:26.9794334Z
Activity.Duration:           00:00:00.2989314
Activity.Tags:
    server.address: localhost
    http.request.method: POST
    url.scheme: http
    url.path: /api/auth/login
    network.protocol.version: 1.1
    http.route: api/Auth/login
    http.response.status_code: 200
Resource associated with Activity:
    deployment.environment: Testing
    service.name: Crud.Api
    service.version: 1.0.0
    service.instance.id: bb25e7a8-9ced-49c8-9e52-fd74b67e7fff
    telemetry.sdk.name: opentelemetry
    telemetry.sdk.language: dotnet
    telemetry.sdk.version: 1.8.1
[06:45:27 DBG] Cache miss for key: entity:wall:6bf1f0e135d6447e8565ec8b345d81ca {"SourceContext": "Infrastructure.Services.Caching.InMemoryCacheService", "ActionId": "0fd1ac01-9a9f-439a-b564-48294cc20af5", "ActionName": "Api.Controllers.WallsController.Update (Api)", "RequestId": "0HNFGVQB4PDTN", "RequestPath": "/api/walls/6bf1f0e1-35d6-447e-8565-ec8b345d81ca", "Application": "Crud.Api"}
[06:45:27 ERR] An unhandled exception occurred during request PUT /api/walls/6bf1f0e1-35d6-447e-8565-ec8b345d81ca. Request ID: 0HNFGVQB4PDTN, User: Anonymous {"SourceContext": "Api.Middleware.GlobalExceptionHandlingMiddleware", "RequestPath": "/api/walls/6bf1f0e1-35d6-447e-8565-ec8b345d81ca", "Application": "Crud.Api"}
System.Collections.Generic.KeyNotFoundException: Wall 6bf1f0e1-35d6-447e-8565-ec8b345d81ca not found
   at App.Features.Walls.UpdateWallCommandHandler.Handle(UpdateWallCommand request, CancellationToken cancellationToken) in /home/runner/work/Crud/Crud/src/App/Features/Walls/CommandHandlers.cs:line 34
   at MediatR.Wrappers.RequestHandlerWrapperImpl`1.&lt;&gt;c__DisplayClass1_0.&lt;&lt;Handle&gt;g__Handler|0&gt;d.MoveNext()
--- End of stack trace from previous location ---
   at Api.Controllers.WallsController.Update(Guid id, UpdateWallRequest request, CancellationToken ct) in /home/runner/work/Crud/Crud/src/Api/Controllers/WallsController.cs:line 67
   at Microsoft.AspNetCore.Mvc.Infrastructure.ActionMethodExecutor.TaskOfIActionResultExecutor.Execute(ActionContext actionContext, IActionResultTypeMapper mapper, ObjectMethodExecutor executor, Object controller, Object[] arguments)
   at Microsoft.AspNetCore.Mvc.Infrastructure.ControllerActionInvoker.&lt;InvokeActionMethodAsync&gt;g__Logged|12_1(ControllerActionInvoker invoker)
   at Microsoft.AspNetCore.Mvc.Infrastructure.ControllerActionInvoker.&lt;InvokeNextActionFilterAsync&gt;g__Awaited|10_0(ControllerActionInvoker invoker, Task lastTask, State next, Scope scope, Object state, Boolean isCompleted)
   at Microsoft.AspNetCore.Mvc.Infrastructure.ControllerActionInvoker.Rethrow(ActionExecutedContextSealed context)
   at Microsoft.AspNetCore.Mvc.Infrastructure.ControllerActionInvoker.Next(State&amp; next, Scope&amp; scope, Object&amp; state, Boolean&amp; isCompleted)
   at Microsoft.AspNetCore.Mvc.Infrastructure.ControllerActionInvoker.InvokeInnerFilterAsync()
--- End of stack trace from previous location ---
   at Microsoft.AspNetCore.Mvc.Infrastructure.ResourceInvoker.&lt;InvokeFilterPipelineAsync&gt;g__Awaited|20_0(ResourceInvoker invoker, Task lastTask, State next, Scope scope, Object state, Boolean isCompleted)
   at Microsoft.AspNetCore.Mvc.Infrastructure.ResourceInvoker.&lt;InvokeAsync&gt;g__Logged|17_1(ResourceInvoker invoker)
   at Microsoft.AspNetCore.Mvc.Infrastructure.ResourceInvoker.&lt;InvokeAsync&gt;g__Logged|17_1(ResourceInvoker invoker)
   at Api.Middleware.ConditionalRequestMiddleware.InvokeAsync(HttpContext context) in /home/runner/work/Crud/Crud/src/Api/Middleware/ConditionalRequestMiddleware.cs:line 31
   at Microsoft.AspNetCore.Authorization.AuthorizationMiddleware.Invoke(HttpContext context)
   at Microsoft.AspNetCore.Authentication.AuthenticationMiddleware.Invoke(HttpContext context)
   at Microsoft.AspNetCore.RateLimiting.RateLimitingMiddleware.InvokeInternal(HttpContext context, EnableRateLimitingAttribute enableRateLimitingAttribute)
   at Api.Middleware.GlobalExceptionHandlingMiddleware.InvokeAsync(HttpContext context) in /home/runner/work/Crud/Crud/src/Api/Middleware/GlobalExceptionHandlingMiddleware.cs:line 27
Activity.TraceId:            853f80f9da9851bf7d204258b0e7be72
Activity.SpanId:             6d10f54835590346
Activity.TraceFlags:         Recorded
Activity.ActivitySourceName: Microsoft.AspNetCore
Activity.DisplayName:        PUT api/Walls/{id:guid}
Activity.Kind:               Server
Activity.StartTime:          2025-09-11T06:45:27.2792092Z
Activity.Duration:           00:00:00.0026920
Activity.Tags:
    server.address: localhost
    http.request.method: PUT
    url.scheme: http
    url.path: /api/walls/6bf1f0e1-35d6-447e-8565-ec8b345d81ca
    network.protocol.version: 1.1
    http.route: api/Walls/{id:guid}
    http.response.status_code: 404
Resource associated with Activity:
    deployment.environment: Testing
    service.name: Crud.Api
    service.version: 1.0.0
    service.instance.id: bb25e7a8-9ced-49c8-9e52-fd74b67e7fff
    telemetry.sdk.name: opentelemetry
    telemetry.sdk.language: dotnet
    telemetry.sdk.version: 1.8.1
Metric Name: http.server.active_requests, Number of active HTTP server requests., Unit: {request}, Meter: Microsoft.AspNetCore.Hosting
(2025-09-11T06:45:14.8727077Z, 2025-09-11T06:45:27.2836595Z] http.request.method: POST url.scheme: http LongSumNonMonotonic
Value: 0
(2025-09-11T06:45:14.8727077Z, 2025-09-11T06:45:27.2836595Z] http.request.method: GET url.scheme: http LongSumNonMonotonic
Value: 0
(2025-09-11T06:45:14.8727077Z, 2025-09-11T06:45:27.2836595Z] http.request.method: DELETE url.scheme: http LongSumNonMonotonic
Value: 0
(2025-09-11T06:45:14.8727077Z, 2025-09-11T06:45:27.2836595Z] http.request.method: PUT url.scheme: http LongSumNonMonotonic
Value: 0
Metric Name: http.server.request.duration, Duration of HTTP server requests., Unit: s, Meter: Microsoft.AspNetCore.Hosting
(2025-09-11T06:45:14.8727261Z, 2025-09-11T06:45:27.2836625Z] http.request.method: POST http.response.status_code: 200 http.route: api/Auth/register network.protocol.version: 1.1 url.scheme: http Histogram
Value: Sum: 6.897620199999999 Count: 23 Min: 0.2982715 Max: 0.3057412 
(-Infinity,0.005]:0
(0.005,0.01]:0
(0.01,0.025]:0
(0.025,0.05]:0
(0.05,0.075]:0
(0.075,0.1]:0
(0.1,0.25]:0
(0.25,0.5]:23
(0.5,0.75]:0
(0.75,1]:0
(1,2.5]:0
(2.5,5]:0
(5,7.5]:0
(7.5,10]:0
(10,+Infinity]:0
(2025-09-11T06:45:14.8727261Z, 2025-09-11T06:45:27.2836625Z] http.request.method: POST http.response.status_code: 200 http.route: api/Auth/login network.protocol.version: 1.1 url.scheme: http Histogram
Value: Sum: 4.794288200000001 Count: 16 Min: 0.2987779 Max: 0.3038783 
(-Infinity,0.005]:0
(0.005,0.01]:0
(0.01,0.025]:0
(0.025,0.05]:0
(0.05,0.075]:0
(0.075,0.1]:0
(0.1,0.25]:0
(0.25,0.5]:16
(0.5,0.75]:0
(0.75,1]:0
(1,2.5]:0
(2.5,5]:0
(5,7.5]:0
(7.5,10]:0
(10,+Infinity]:0
(2025-09-11T06:45:14.8727261Z, 2025-09-11T06:45:27.2836625Z] http.request.method: POST http.response.status_code: 201 http.route: api/Walls network.protocol.version: 1.1 url.scheme: http Histogram
Value: Sum: 0.034407200000000006 Count: 9 Min: 0.001592 Max: 0.0163741 
(-Infinity,0.005]:8
(0.005,0.01]:0
(0.01,0.025]:1
(0.025,0.05]:0
(0.05,0.075]:0
(0.075,0.1]:0
(0.1,0.25]:0
(0.25,0.5]:0
(0.5,0.75]:0
(0.75,1]:0
(1,2.5]:0
(2.5,5]:0
(5,7.5]:0
(7.5,10]:0
(10,+Infinity]:0
(2025-09-11T06:45:14.8727261Z, 2025-09-11T06:45:27.2836625Z] http.request.method: GET http.response.status_code: 200 http.route: api/Walls/{id:guid} network.protocol.version: 1.1 url.scheme: http Histogram
Value: Sum: 0.0168783 Count: 3 Min: 0.0012522 Max: 0.0129254 
(-Infinity,0.005]:2
(0.005,0.01]:0
(0.01,0.025]:1
(0.025,0.05]:0
(0.05,0.075]:0
(0.075,0.1]:0
(0.1,0.25]:0
(0.25,0.5]:0
(0.5,0.75]:0
(0.75,1]:0
(1,2.5]:0
(2.5,5]:0
(5,7.5]:0
(7.5,10]:0
(10,+Infinity]:0
(2025-09-11T06:45:14.8727261Z, 2025-09-11T06:45:27.2836625Z] http.request.method: GET http.response.status_code: 200 http.route: api/Walls network.protocol.version: 1.1 url.scheme: http Histogram
Value: Sum: 0.0080967 Count: 2 Min: 0.0010942 Max: 0.0070025 
(-Infinity,0.005]:1
(0.005,0.01]:1
(0.01,0.025]:0
(0.025,0.05]:0
(0.05,0.075]:0
(0.075,0.1]:0
(0.1,0.25]:0
(0.25,0.5]:0
(0.5,0.75]:0
(0.75,1]:0
(1,2.5]:0
(2.5,5]:0
(5,7.5]:0
(7.5,10]:0
(10,+Infinity]:0
(2025-09-11T06:45:14.8727261Z, 2025-09-11T06:45:27.2836625Z] http.request.method: POST http.response.status_code: 400 http.route: api/Walls network.protocol.version: 1.1 url.scheme: http Histogram
Value: Sum: 0.0024489 Count: 2 Min: 0.0004965 Max: 0.0019524 
(-Infinity,0.005]:2
(0.005,0.01]:0
(0.01,0.025]:0
(0.025,0.05]:0
(0.05,0.075]:0
(0.075,0.1]:0
(0.1,0.25]:0
(0.25,0.5]:0
(0.5,0.75]:0
(0.75,1]:0
(1,2.5]:0
(2.5,5]:0
(5,7.5]:0
(7.5,10]:0
(10,+Infinity]:0
(2025-09-11T06:45:14.8727261Z, 2025-09-11T06:45:27.2836625Z] http.request.method: DELETE http.response.status_code: 204 http.route: api/Walls/{id:guid} network.protocol.version: 1.1 url.scheme: http Histogram
Value: Sum: 0.0091896 Count: 2 Min: 0.0027375 Max: 0.0064521 
(-Infinity,0.005]:1
(0.005,0.01]:1
(0.01,0.025]:0
(0.025,0.05]:0
(0.05,0.075]:0
(0.075,0.1]:0
(0.1,0.25]:0
(0.25,0.5]:0
(0.5,0.75]:0
(0.75,1]:0
(1,2.5]:0
(2.5,5]:0
(5,7.5]:0
(7.5,10]:0
(10,+Infinity]:0
(2025-09-11T06:45:14.8727261Z, 2025-09-11T06:45:27.2836625Z] http.request.method: GET http.response.status_code: 404 http.route: api/Walls/{id:guid} network.protocol.version: 1.1 url.scheme: http Histogram
Value: Sum: 0.00483 Count: 2 Min: 0.0010336 Max: 0.0037964 
(-Infinity,0.005]:2
(0.005,0.01]:0
(0.01,0.025]:0
(0.025,0.05]:0
(0.05,0.075]:0
(0.075,0.1]:0
(0.1,0.25]:0
(0.25,0.5]:0
(0.5,0.75]:0
(0.75,1]:0
(1,2.5]:0
(2.5,5]:0
(5,7.5]:0
(7.5,10]:0
(10,+Infinity]:0
(2025-09-11T06:45:14.8727261Z, 2025-09-11T06:45:27.2836625Z] http.request.method: PUT http.response.status_code: 204 http.route: api/Walls/{id:guid} network.protocol.version: 1.1 url.scheme: http Histogram
Value: Sum: 0.0130439 Count: 2 Min: 0.0026479 Max: 0.010396 
(-Infinity,0.005]:1
(0.005,0.01]:0
(0.01,0.025]:1
(0.025,0.05]:0
(0.05,0.075]:0
(0.075,0.1]:0
(0.1,0.25]:0
(0.25,0.5]:0
(0.5,0.75]:0
(0.75,1]:0
(1,2.5]:0
(2.5,5]:0
(5,7.5]:0
(7.5,10]:0
(10,+Infinity]:0
(2025-09-11T06:45:14.8727261Z, 2025-09-11T06:45:27.2836625Z] http.request.method: PUT http.response.status_code: 404 http.route: api/Walls/{id:guid} network.protocol.version: 1.1 url.scheme: http Histogram
Value: Sum: 0.0026858 Count: 1 Min: 0.0026858 Max: 0.0026858 
(-Infinity,0.005]:1
(0.005,0.01]:0
(0.01,0.025]:0
(0.025,0.05]:0
(0.05,0.075]:0
(0.075,0.1]:0
(0.1,0.25]:0
(0.25,0.5]:0
(0.5,0.75]:0
(0.75,1]:0
(1,2.5]:0
(2.5,5]:0
(5,7.5]:0
(7.5,10]:0
(10,+Infinity]:0
Metric Name: aspnetcore.rate_limiting.active_request_leases, Number of HTTP requests that are currently active on the server that hold a rate limiting lease., Unit: {request}, Meter: Microsoft.AspNetCore.RateLimiting
(2025-09-11T06:45:14.8744835Z, 2025-09-11T06:45:27.2836628Z] LongSumNonMonotonic
Value: 0
Metric Name: aspnetcore.rate_limiting.request_lease.duration, The duration of rate limiting leases held by HTTP requests on the server., Unit: s, Meter: Microsoft.AspNetCore.RateLimiting
(2025-09-11T06:45:14.8745021Z, 2025-09-11T06:45:27.2836631Z] Histogram
Value: Sum: 11.770908900000006 Count: 62 Min: 0.000401 Max: 0.3054628 
(-Infinity,0.005]:18
(0.005,0.01]:2
(0.01,0.025]:3
(0.025,0.05]:0
(0.05,0.075]:0
(0.075,0.1]:0
(0.1,0.25]:0
(0.25,0.5]:39
(0.5,0.75]:0
(0.75,1]:0
(1,2.5]:0
(2.5,5]:0
(5,7.5]:0
(7.5,10]:0
(10,+Infinity]:0
Metric Name: aspnetcore.rate_limiting.requests, Number of requests that tried to acquire a rate limiting lease. Requests could be rejected by global or endpoint rate limiting policies. Or the request could be canceled while waiting for the lease., Unit: {request}, Meter: Microsoft.AspNetCore.RateLimiting
(2025-09-11T06:45:14.8745680Z, 2025-09-11T06:45:27.2836646Z] aspnetcore.rate_limiting.result: acquired LongSum
Value: 62
Metric Name: aspnetcore.routing.match_attempts, Number of requests that were attempted to be matched to an endpoint., Unit: {match_attempt}, Meter: Microsoft.AspNetCore.Routing
(2025-09-11T06:45:14.8753400Z, 2025-09-11T06:45:27.2836649Z] aspnetcore.routing.is_fallback: false aspnetcore.routing.match_status: success http.route: api/Auth/register LongSum
Value: 23
(2025-09-11T06:45:14.8753400Z, 2025-09-11T06:45:27.2836649Z] aspnetcore.routing.is_fallback: false aspnetcore.routing.match_status: success http.route: api/Auth/login LongSum
Value: 16
(2025-09-11T06:45:14.8753400Z, 2025-09-11T06:45:27.2836649Z] aspnetcore.routing.is_fallback: false aspnetcore.routing.match_status: success http.route: api/Walls LongSum
Value: 13
(2025-09-11T06:45:14.8753400Z, 2025-09-11T06:45:27.2836649Z] aspnetcore.routing.is_fallback: false aspnetcore.routing.match_status: success http.route: api/Walls/{id:guid} LongSum
Value: 10
[06:45:27 INF] Starting Crud API application {"Application": "Crud.Api"}
[06:45:27 INF] Using SQLite provider with connection: Data Source=TestDatabase.db {"Application": "Crud.Api"}
[06:45:27 INF] Database ensured successfully {"Application": "Crud.Api"}
[06:45:27 INF] Application configured successfully. Starting web host... {"Application": "Crud.Api"}
[06:45:27 INF] Resetting database for worker 16768 {"SourceContext": "Infrastructure.Services.DatabaseTestService", "Application": "Crud.Api"}
[06:45:27 INF] Resetting database via file deletion for worker 16768 in CI environment {"SourceContext": "Infrastructure.Services.DatabaseTestService", "Application": "Crud.Api"}
[06:45:27 INF] Acquiring database mutex for worker 16768... {"SourceContext": "Infrastructure.Services.DatabaseTestService", "Application": "Crud.Api"}
[06:45:27 INF] Database mutex acquired for worker 16768 {"SourceContext": "Infrastructure.Services.DatabaseTestService", "Application": "Crud.Api"}
[06:45:27 INF] Current database state - CanConnect: True {"SourceContext": "Infrastructure.Services.DatabaseTestService", "Application": "Crud.Api"}
[06:45:27 INF] [Phase 0] Closing database connection for worker 16768... {"SourceContext": "Infrastructure.Services.DatabaseTestService", "Application": "Crud.Api"}
[06:45:27 INF] [Phase 0] Connection closed in 0.0006ms {"SourceContext": "Infrastructure.Services.DatabaseTestService", "Application": "Crud.Api"}
[06:45:27 INF] [Phase 1] Starting EnsureDeletedAsync for worker 16768... {"SourceContext": "Infrastructure.Services.DatabaseTestService", "Application": "Crud.Api"}
[06:45:27 INF] [Phase 1] EnsureDeletedAsync completed in 1.5518ms {"SourceContext": "Infrastructure.Services.DatabaseTestService", "Application": "Crud.Api"}
[06:45:27 INF] [Phase 2] Starting EnsureCreatedAsync for worker 16768... {"SourceContext": "Infrastructure.Services.DatabaseTestService", "Application": "Crud.Api"}
[06:45:27 INF] [Phase 2] EnsureCreatedAsync completed in 8.4117ms {"SourceContext": "Infrastructure.Services.DatabaseTestService", "Application": "Crud.Api"}
[06:45:27 INF] [Phase 3] Skipping database seeding as requested for worker 16768 {"SourceContext": "Infrastructure.Services.DatabaseTestService", "Application": "Crud.Api"}
[06:45:27 INF] Database reset via file deletion completed for worker 16768 in 110.3535ms (Close: 0.0006ms, Delete: 1.5518ms, Create: 8.4117ms) {"SourceContext": "Infrastructure.Services.DatabaseTestService", "Application": "Crud.Api"}
[06:45:27 INF] Releasing database mutex for worker 16768 {"SourceContext": "Infrastructure.Services.DatabaseTestService", "Application": "Crud.Api"}
[06:45:27 WRN] Failed to determine the https port for redirect. {"EventId": {"Id": 3, "Name": "FailedToDeterminePort"}, "SourceContext": "Microsoft.AspNetCore.HttpsPolicy.HttpsRedirectionMiddleware", "RequestId": "0HNFGVQB4PDTO", "RequestPath": "/api/auth/register", "Application": "Crud.Api"}
[06:45:27 INF] User registered successfully: 76f86fad-853a-4161-86fc-c4a9435e9f05 {"SourceContext": "App.Features.Authentication.RegisterUserCommandHandler", "ActionId": "9e75ec6a-3e8e-4717-bf58-38fc3d893e90", "ActionName": "Api.Controllers.AuthController.Register (Api)", "RequestId": "0HNFGVQB4PDTO", "RequestPath": "/api/auth/register", "Application": "Crud.Api"}
Activity.TraceId:            1d06419c5bcf371c51ba1a6e11fc5399
Activity.SpanId:             703faa1576ea2dc9
Activity.TraceFlags:         Recorded
Activity.ActivitySourceName: Microsoft.AspNetCore
Activity.DisplayName:        POST api/Auth/register
Activity.Kind:               Server
Activity.StartTime:          2025-09-11T06:45:27.4328929Z
Activity.Duration:           00:00:00.3051076
Activity.Tags:
    server.address: localhost
    http.request.method: POST
    url.scheme: http
    url.path: /api/auth/register
    network.protocol.version: 1.1
    http.route: api/Auth/register
    http.response.status_code: 200
Resource associated with Activity:
    deployment.environment: Testing
    service.name: Crud.Api
    service.version: 1.0.0
    service.instance.id: bb25e7a8-9ced-49c8-9e52-fd74b67e7fff
    telemetry.sdk.name: opentelemetry
    telemetry.sdk.language: dotnet
    telemetry.sdk.version: 1.8.1
[06:45:27 DBG] Cache miss for key: list:wall {"SourceContext": "Infrastructure.Services.Caching.InMemoryCacheService", "ActionId": "92012619-9bbb-4f8f-a94e-d331b297e2b6", "ActionName": "Api.Controllers.WallsController.List (Api)", "RequestId": "0HNFGVQB4PDTP", "RequestPath": "/api/walls", "Application": "Crud.Api"}
[06:45:27 DBG] Set cache value for key: list:wall {"SourceContext": "Infrastructure.Services.Caching.InMemoryCacheService", "ActionId": "92012619-9bbb-4f8f-a94e-d331b297e2b6", "ActionName": "Api.Controllers.WallsController.List (Api)", "RequestId": "0HNFGVQB4PDTP", "RequestPath": "/api/walls", "Application": "Crud.Api"}
Activity.TraceId:            0c190d087217b95a170c2953e97c0b99
Activity.SpanId:             b2c05b5d18884379
Activity.TraceFlags:         Recorded
Activity.ActivitySourceName: Microsoft.AspNetCore
Activity.DisplayName:        GET api/Walls
Activity.Kind:               Server
Activity.StartTime:          2025-09-11T06:45:27.7387783Z
Activity.Duration:           00:00:00.0108876
Activity.Tags:
    server.address: localhost
    http.request.method: GET
    url.scheme: http
    url.path: /api/walls
    network.protocol.version: 1.1
    http.route: api/Walls
    http.response.status_code: 200
Resource associated with Activity:
    deployment.environment: Testing
    service.name: Crud.Api
    service.version: 1.0.0
    service.instance.id: bb25e7a8-9ced-49c8-9e52-fd74b67e7fff
    telemetry.sdk.name: opentelemetry
    telemetry.sdk.language: dotnet
    telemetry.sdk.version: 1.8.1
[06:45:27 DBG] Cache hit for key: list:wall {"SourceContext": "Infrastructure.Services.Caching.InMemoryCacheService", "ActionId": "92012619-9bbb-4f8f-a94e-d331b297e2b6", "ActionName": "Api.Controllers.WallsController.List (Api)", "RequestId": "0HNFGVQB4PDTQ", "RequestPath": "/api/walls", "Application": "Crud.Api"}
Activity.TraceId:            96d3827f4721e851d228832d68bda5aa
Activity.SpanId:             10f2fc1d3f464389
Activity.TraceFlags:         Recorded
Activity.ActivitySourceName: Microsoft.AspNetCore
Activity.DisplayName:        GET api/Walls
Activity.Kind:               Server
Activity.StartTime:          2025-09-11T06:45:27.7497464Z
Activity.Duration:           00:00:00.0022383
Activity.Tags:
    server.address: localhost
    http.request.method: GET
    url.scheme: http
    url.path: /api/walls
    network.protocol.version: 1.1
    http.route: api/Walls
    http.response.status_code: 200
Resource associated with Activity:
    deployment.environment: Testing
    service.name: Crud.Api
    service.version: 1.0.0
    service.instance.id: bb25e7a8-9ced-49c8-9e52-fd74b67e7fff
    telemetry.sdk.name: opentelemetry
    telemetry.sdk.language: dotnet
    telemetry.sdk.version: 1.8.1
[06:45:27 INF] Resetting database for worker 16768 {"SourceContext": "Infrastructure.Services.DatabaseTestService", "Application": "Crud.Api"}
[06:45:27 INF] Resetting database via file deletion for worker 16768 in CI environment {"SourceContext": "Infrastructure.Services.DatabaseTestService", "Application": "Crud.Api"}
[06:45:27 INF] Acquiring database mutex for worker 16768... {"SourceContext": "Infrastructure.Services.DatabaseTestService", "Application": "Crud.Api"}
[06:45:27 INF] Database mutex acquired for worker 16768 {"SourceContext": "Infrastructure.Services.DatabaseTestService", "Application": "Crud.Api"}
[06:45:27 INF] Current database state - CanConnect: True {"SourceContext": "Infrastructure.Services.DatabaseTestService", "Application": "Crud.Api"}
[06:45:27 INF] [Phase 0] Closing database connection for worker 16768... {"SourceContext": "Infrastructure.Services.DatabaseTestService", "Application": "Crud.Api"}
[06:45:27 INF] [Phase 0] Connection closed in 0.0007ms {"SourceContext": "Infrastructure.Services.DatabaseTestService", "Application": "Crud.Api"}
[06:45:27 INF] [Phase 1] Starting EnsureDeletedAsync for worker 16768... {"SourceContext": "Infrastructure.Services.DatabaseTestService", "Application": "Crud.Api"}
[06:45:27 INF] [Phase 1] EnsureDeletedAsync completed in 1.7287ms {"SourceContext": "Infrastructure.Services.DatabaseTestService", "Application": "Crud.Api"}
[06:45:27 INF] [Phase 2] Starting EnsureCreatedAsync for worker 16768... {"SourceContext": "Infrastructure.Services.DatabaseTestService", "Application": "Crud.Api"}
[06:45:27 INF] [Phase 2] EnsureCreatedAsync completed in 14.9023ms {"SourceContext": "Infrastructure.Services.DatabaseTestService", "Application": "Crud.Api"}
[06:45:27 INF] [Phase 3] Skipping database seeding as requested for worker 16768 {"SourceContext": "Infrastructure.Services.DatabaseTestService", "Application": "Crud.Api"}
[06:45:27 INF] Database reset via file deletion completed for worker 16768 in 116.7894ms (Close: 0.0007ms, Delete: 1.7287ms, Create: 14.9023ms) {"SourceContext": "Infrastructure.Services.DatabaseTestService", "Application": "Crud.Api"}
[06:45:27 INF] Releasing database mutex for worker 16768 {"SourceContext": "Infrastructure.Services.DatabaseTestService", "Application": "Crud.Api"}
[06:45:27 INF] Resetting database for worker 16768 {"SourceContext": "Infrastructure.Services.DatabaseTestService", "Application": "Crud.Api"}
[06:45:27 INF] Resetting database via file deletion for worker 16768 in CI environment {"SourceContext": "Infrastructure.Services.DatabaseTestService", "Application": "Crud.Api"}
[06:45:27 INF] Acquiring database mutex for worker 16768... {"SourceContext": "Infrastructure.Services.DatabaseTestService", "Application": "Crud.Api"}
[06:45:27 INF] Database mutex acquired for worker 16768 {"SourceContext": "Infrastructure.Services.DatabaseTestService", "Application": "Crud.Api"}
[06:45:27 INF] Current database state - CanConnect: True {"SourceContext": "Infrastructure.Services.DatabaseTestService", "Application": "Crud.Api"}
[06:45:27 INF] [Phase 0] Closing database connection for worker 16768... {"SourceContext": "Infrastructure.Services.DatabaseTestService", "Application": "Crud.Api"}
[06:45:27 INF] [Phase 0] Connection closed in 0.0006ms {"SourceContext": "Infrastructure.Services.DatabaseTestService", "Application": "Crud.Api"}
[06:45:27 INF] [Phase 1] Starting EnsureDeletedAsync for worker 16768... {"SourceContext": "Infrastructure.Services.DatabaseTestService", "Application": "Crud.Api"}
[06:45:27 INF] [Phase 1] EnsureDeletedAsync completed in 1.3544ms {"SourceContext": "Infrastructure.Services.DatabaseTestService", "Application": "Crud.Api"}
[06:45:27 INF] [Phase 2] Starting EnsureCreatedAsync for worker 16768... {"SourceContext": "Infrastructure.Services.DatabaseTestService", "Application": "Crud.Api"}
[06:45:27 INF] [Phase 2] EnsureCreatedAsync completed in 7.6759ms {"SourceContext": "Infrastructure.Services.DatabaseTestService", "Application": "Crud.Api"}
[06:45:27 INF] [Phase 3] Skipping database seeding as requested for worker 16768 {"SourceContext": "Infrastructure.Services.DatabaseTestService", "Application": "Crud.Api"}
[06:45:27 INF] Database reset via file deletion completed for worker 16768 in 109.7776ms (Close: 0.0006ms, Delete: 1.3544ms, Create: 7.6759ms) {"SourceContext": "Infrastructure.Services.DatabaseTestService", "Application": "Crud.Api"}
[06:45:27 INF] Releasing database mutex for worker 16768 {"SourceContext": "Infrastructure.Services.DatabaseTestService", "Application": "Crud.Api"}
[06:45:28 INF] User registered successfully: cfb5aad1-f459-4e1c-a4b7-0a1c937d0cb1 {"SourceContext": "App.Features.Authentication.RegisterUserCommandHandler", "ActionId": "9e75ec6a-3e8e-4717-bf58-38fc3d893e90", "ActionName": "Api.Controllers.AuthController.Register (Api)", "RequestId": "0HNFGVQB4PDTR", "RequestPath": "/api/auth/register", "Application": "Crud.Api"}
Activity.TraceId:            8b12e4344f73ba53bb70f0adf4710205
Activity.SpanId:             8fdf0a73d3ffa25c
Activity.TraceFlags:         Recorded
Activity.ActivitySourceName: Microsoft.AspNetCore
Activity.DisplayName:        POST api/Auth/register
Activity.Kind:               Server
Activity.StartTime:          2025-09-11T06:45:27.9850657Z
Activity.Duration:           00:00:00.2999683
Activity.Tags:
    server.address: localhost
    http.request.method: POST
    url.scheme: http
    url.path: /api/auth/register
    network.protocol.version: 1.1
    http.route: api/Auth/register
    http.response.status_code: 200
Resource associated with Activity:
    deployment.environment: Testing
    service.name: Crud.Api
    service.version: 1.0.0
    service.instance.id: bb25e7a8-9ced-49c8-9e52-fd74b67e7fff
    telemetry.sdk.name: opentelemetry
    telemetry.sdk.language: dotnet
    telemetry.sdk.version: 1.8.1
[06:45:28 DBG] Cache miss for key: list:window {"SourceContext": "Infrastructure.Services.Caching.InMemoryCacheService", "ActionId": "b9435e09-6401-4db7-8e44-f3d0fc4428bb", "ActionName": "Api.Controllers.WindowsController.List (Api)", "RequestId": "0HNFGVQB4PDTS", "RequestPath": "/api/windows", "Application": "Crud.Api"}
[06:45:28 DBG] Set cache value for key: list:window {"SourceContext": "Infrastructure.Services.Caching.InMemoryCacheService", "ActionId": "b9435e09-6401-4db7-8e44-f3d0fc4428bb", "ActionName": "Api.Controllers.WindowsController.List (Api)", "RequestId": "0HNFGVQB4PDTS", "RequestPath": "/api/windows", "Application": "Crud.Api"}
Activity.TraceId:            b00fe79e4474b1c945a7168b6fa7c458
Activity.SpanId:             4092ec7aee7941c5
Activity.TraceFlags:         Recorded
Activity.ActivitySourceName: Microsoft.AspNetCore
Activity.DisplayName:        GET api/Windows
Activity.Kind:               Server
Activity.StartTime:          2025-09-11T06:45:28.2855777Z
Activity.Duration:           00:00:00.0118476
Activity.Tags:
    server.address: localhost
    http.request.method: GET
    url.scheme: http
    url.path: /api/windows
    network.protocol.version: 1.1
    http.route: api/Windows
    http.response.status_code: 200
Resource associated with Activity:
    deployment.environment: Testing
    service.name: Crud.Api
    service.version: 1.0.0
    service.instance.id: bb25e7a8-9ced-49c8-9e52-fd74b67e7fff
    telemetry.sdk.name: opentelemetry
    telemetry.sdk.language: dotnet
    telemetry.sdk.version: 1.8.1
[06:45:28 DBG] Cache hit for key: list:window {"SourceContext": "Infrastructure.Services.Caching.InMemoryCacheService", "ActionId": "b9435e09-6401-4db7-8e44-f3d0fc4428bb", "ActionName": "Api.Controllers.WindowsController.List (Api)", "RequestId": "0HNFGVQB4PDTT", "RequestPath": "/api/windows", "Application": "Crud.Api"}
Activity.TraceId:            8fdae6807c3054e4a377c250ab17c8df
Activity.SpanId:             9a3787d135cf1c07
Activity.TraceFlags:         Recorded
Activity.ActivitySourceName: Microsoft.AspNetCore
Activity.DisplayName:        GET api/Windows
Activity.Kind:               Server
Activity.StartTime:          2025-09-11T06:45:28.2975057Z
Activity.Duration:           00:00:00.0004480
Activity.Tags:
    server.address: localhost
    http.request.method: GET
    url.scheme: http
    url.path: /api/windows
    network.protocol.version: 1.1
    http.route: api/Windows
    http.response.status_code: 200
Resource associated with Activity:
    deployment.environment: Testing
    service.name: Crud.Api
    service.version: 1.0.0
    service.instance.id: bb25e7a8-9ced-49c8-9e52-fd74b67e7fff
    telemetry.sdk.name: opentelemetry
    telemetry.sdk.language: dotnet
    telemetry.sdk.version: 1.8.1
[06:45:28 INF] Resetting database for worker 16768 {"SourceContext": "Infrastructure.Services.DatabaseTestService", "Application": "Crud.Api"}
[06:45:28 INF] Resetting database via file deletion for worker 16768 in CI environment {"SourceContext": "Infrastructure.Services.DatabaseTestService", "Application": "Crud.Api"}
[06:45:28 INF] Acquiring database mutex for worker 16768... {"SourceContext": "Infrastructure.Services.DatabaseTestService", "Application": "Crud.Api"}
[06:45:28 INF] Database mutex acquired for worker 16768 {"SourceContext": "Infrastructure.Services.DatabaseTestService", "Application": "Crud.Api"}
[06:45:28 INF] Current database state - CanConnect: True {"SourceContext": "Infrastructure.Services.DatabaseTestService", "Application": "Crud.Api"}
[06:45:28 INF] [Phase 0] Closing database connection for worker 16768... {"SourceContext": "Infrastructure.Services.DatabaseTestService", "Application": "Crud.Api"}
[06:45:28 INF] [Phase 0] Connection closed in 0.0007ms {"SourceContext": "Infrastructure.Services.DatabaseTestService", "Application": "Crud.Api"}
[06:45:28 INF] [Phase 1] Starting EnsureDeletedAsync for worker 16768... {"SourceContext": "Infrastructure.Services.DatabaseTestService", "Application": "Crud.Api"}
[06:45:28 INF] [Phase 1] EnsureDeletedAsync completed in 1.329ms {"SourceContext": "Infrastructure.Services.DatabaseTestService", "Application": "Crud.Api"}
[06:45:28 INF] [Phase 2] Starting EnsureCreatedAsync for worker 16768... {"SourceContext": "Infrastructure.Services.DatabaseTestService", "Application": "Crud.Api"}
[06:45:28 INF] [Phase 2] EnsureCreatedAsync completed in 7.3611ms {"SourceContext": "Infrastructure.Services.DatabaseTestService", "Application": "Crud.Api"}
[06:45:28 INF] [Phase 3] Skipping database seeding as requested for worker 16768 {"SourceContext": "Infrastructure.Services.DatabaseTestService", "Application": "Crud.Api"}
[06:45:28 INF] Database reset via file deletion completed for worker 16768 in 108.9471ms (Close: 0.0007ms, Delete: 1.329ms, Create: 7.3611ms) {"SourceContext": "Infrastructure.Services.DatabaseTestService", "Application": "Crud.Api"}
[06:45:28 INF] Releasing database mutex for worker 16768 {"SourceContext": "Infrastructure.Services.DatabaseTestService", "Application": "Crud.Api"}
[06:45:28 INF] Resetting database for worker 16768 {"SourceContext": "Infrastructure.Services.DatabaseTestService", "Application": "Crud.Api"}
[06:45:28 INF] Resetting database via file deletion for worker 16768 in CI environment {"SourceContext": "Infrastructure.Services.DatabaseTestService", "Application": "Crud.Api"}
[06:45:28 INF] Acquiring database mutex for worker 16768... {"SourceContext": "Infrastructure.Services.DatabaseTestService", "Application": "Crud.Api"}
[06:45:28 INF] Database mutex acquired for worker 16768 {"SourceContext": "Infrastructure.Services.DatabaseTestService", "Application": "Crud.Api"}
[06:45:28 INF] Current database state - CanConnect: True {"SourceContext": "Infrastructure.Services.DatabaseTestService", "Application": "Crud.Api"}
[06:45:28 INF] [Phase 0] Closing database connection for worker 16768... {"SourceContext": "Infrastructure.Services.DatabaseTestService", "Application": "Crud.Api"}
[06:45:28 INF] [Phase 0] Connection closed in 0.0006ms {"SourceContext": "Infrastructure.Services.DatabaseTestService", "Application": "Crud.Api"}
[06:45:28 INF] [Phase 1] Starting EnsureDeletedAsync for worker 16768... {"SourceContext": "Infrastructure.Services.DatabaseTestService", "Application": "Crud.Api"}
[06:45:28 INF] [Phase 1] EnsureDeletedAsync completed in 1.2702ms {"SourceContext": "Infrastructure.Services.DatabaseTestService", "Application": "Crud.Api"}
[06:45:28 INF] [Phase 2] Starting EnsureCreatedAsync for worker 16768... {"SourceContext": "Infrastructure.Services.DatabaseTestService", "Application": "Crud.Api"}
[06:45:28 INF] [Phase 2] EnsureCreatedAsync completed in 7.3297ms {"SourceContext": "Infrastructure.Services.DatabaseTestService", "Application": "Crud.Api"}
[06:45:28 INF] [Phase 3] Skipping database seeding as requested for worker 16768 {"SourceContext": "Infrastructure.Services.DatabaseTestService", "Application": "Crud.Api"}
[06:45:28 INF] Database reset via file deletion completed for worker 16768 in 108.0715ms (Close: 0.0006ms, Delete: 1.2702ms, Create: 7.3297ms) {"SourceContext": "Infrastructure.Services.DatabaseTestService", "Application": "Crud.Api"}
[06:45:28 INF] Releasing database mutex for worker 16768 {"SourceContext": "Infrastructure.Services.DatabaseTestService", "Application": "Crud.Api"}
[06:45:28 INF] User registered successfully: 86916364-08a8-4286-91ef-6bba642bb090 {"SourceContext": "App.Features.Authentication.RegisterUserCommandHandler", "ActionId": "9e75ec6a-3e8e-4717-bf58-38fc3d893e90", "ActionName": "Api.Controllers.AuthController.Register (Api)", "RequestId": "0HNFGVQB4PDTU", "RequestPath": "/api/auth/register", "Application": "Crud.Api"}
Activity.TraceId:            d75b55e8f5bd5af6c5233890f1e4bd9a
Activity.SpanId:             f30df65a3fbc62bf
Activity.TraceFlags:         Recorded
Activity.ActivitySourceName: Microsoft.AspNetCore
Activity.DisplayName:        POST api/Auth/register
Activity.Kind:               Server
Activity.StartTime:          2025-09-11T06:45:28.5198057Z
Activity.Duration:           00:00:00.3020026
Activity.Tags:
    server.address: localhost
    http.request.method: POST
    url.scheme: http
    url.path: /api/auth/register
    network.protocol.version: 1.1
    http.route: api/Auth/register
    http.response.status_code: 200
Resource associated with Activity:
    deployment.environment: Testing
    service.name: Crud.Api
    service.version: 1.0.0
    service.instance.id: bb25e7a8-9ced-49c8-9e52-fd74b67e7fff
    telemetry.sdk.name: opentelemetry
    telemetry.sdk.language: dotnet
    telemetry.sdk.version: 1.8.1
[06:45:28 DBG] Cache miss for key: list:role {"SourceContext": "Infrastructure.Services.Caching.InMemoryCacheService", "ActionId": "7db210a4-4bec-41ac-8731-0267bfbbc40b", "ActionName": "Api.Controllers.RolesController.List (Api)", "RequestId": "0HNFGVQB4PDTV", "RequestPath": "/api/roles", "Application": "Crud.Api"}
[06:45:28 DBG] Set cache value for key: list:role {"SourceContext": "Infrastructure.Services.Caching.InMemoryCacheService", "ActionId": "7db210a4-4bec-41ac-8731-0267bfbbc40b", "ActionName": "Api.Controllers.RolesController.List (Api)", "RequestId": "0HNFGVQB4PDTV", "RequestPath": "/api/roles", "Application": "Crud.Api"}
Activity.TraceId:            cda248b116b04e5e054a8ae5538f674a
Activity.SpanId:             e06470fc186d3f81
Activity.TraceFlags:         Recorded
Activity.ActivitySourceName: Microsoft.AspNetCore
Activity.DisplayName:        GET api/Roles
Activity.Kind:               Server
Activity.StartTime:          2025-09-11T06:45:28.8224297Z
Activity.Duration:           00:00:00.0052988
Activity.Tags:
    server.address: localhost
    http.request.method: GET
    url.scheme: http
    url.path: /api/roles
    network.protocol.version: 1.1
    http.route: api/Roles
    http.response.status_code: 200
Resource associated with Activity:
    deployment.environment: Testing
    service.name: Crud.Api
    service.version: 1.0.0
    service.instance.id: bb25e7a8-9ced-49c8-9e52-fd74b67e7fff
    telemetry.sdk.name: opentelemetry
    telemetry.sdk.language: dotnet
    telemetry.sdk.version: 1.8.1
[06:45:28 DBG] Cache hit for key: list:role {"SourceContext": "Infrastructure.Services.Caching.InMemoryCacheService", "ActionId": "7db210a4-4bec-41ac-8731-0267bfbbc40b", "ActionName": "Api.Controllers.RolesController.List (Api)", "RequestId": "0HNFGVQB4PDU0", "RequestPath": "/api/roles", "Application": "Crud.Api"}
Activity.TraceId:            a8799f82ff843d5b4ba780573092fe83
Activity.SpanId:             276919db2039ab32
Activity.TraceFlags:         Recorded
Activity.ActivitySourceName: Microsoft.AspNetCore
Activity.DisplayName:        GET api/Roles
Activity.Kind:               Server
Activity.StartTime:          2025-09-11T06:45:28.8278013Z
Activity.Duration:           00:00:00.0004513
Activity.Tags:
    server.address: localhost
    http.request.method: GET
    url.scheme: http
    url.path: /api/roles
    network.protocol.version: 1.1
    http.route: api/Roles
    http.response.status_code: 200
Resource associated with Activity:
    deployment.environment: Testing
    service.name: Crud.Api
    service.version: 1.0.0
    service.instance.id: bb25e7a8-9ced-49c8-9e52-fd74b67e7fff
    telemetry.sdk.name: opentelemetry
    telemetry.sdk.language: dotnet
    telemetry.sdk.version: 1.8.1
[06:45:28 INF] Resetting database for worker 16768 {"SourceContext": "Infrastructure.Services.DatabaseTestService", "Application": "Crud.Api"}
[06:45:28 INF] Resetting database via file deletion for worker 16768 in CI environment {"SourceContext": "Infrastructure.Services.DatabaseTestService", "Application": "Crud.Api"}
[06:45:28 INF] Acquiring database mutex for worker 16768... {"SourceContext": "Infrastructure.Services.DatabaseTestService", "Application": "Crud.Api"}
[06:45:28 INF] Database mutex acquired for worker 16768 {"SourceContext": "Infrastructure.Services.DatabaseTestService", "Application": "Crud.Api"}
[06:45:28 INF] Current database state - CanConnect: True {"SourceContext": "Infrastructure.Services.DatabaseTestService", "Application": "Crud.Api"}
[06:45:28 INF] [Phase 0] Closing database connection for worker 16768... {"SourceContext": "Infrastructure.Services.DatabaseTestService", "Application": "Crud.Api"}
[06:45:28 INF] [Phase 0] Connection closed in 0.0007ms {"SourceContext": "Infrastructure.Services.DatabaseTestService", "Application": "Crud.Api"}
[06:45:28 INF] [Phase 1] Starting EnsureDeletedAsync for worker 16768... {"SourceContext": "Infrastructure.Services.DatabaseTestService", "Application": "Crud.Api"}
[06:45:28 INF] [Phase 1] EnsureDeletedAsync completed in 1.4994ms {"SourceContext": "Infrastructure.Services.DatabaseTestService", "Application": "Crud.Api"}
[06:45:28 INF] [Phase 2] Starting EnsureCreatedAsync for worker 16768... {"SourceContext": "Infrastructure.Services.DatabaseTestService", "Application": "Crud.Api"}
[06:45:28 INF] [Phase 2] EnsureCreatedAsync completed in 9.21ms {"SourceContext": "Infrastructure.Services.DatabaseTestService", "Application": "Crud.Api"}
[06:45:28 INF] [Phase 3] Skipping database seeding as requested for worker 16768 {"SourceContext": "Infrastructure.Services.DatabaseTestService", "Application": "Crud.Api"}
[06:45:28 INF] Database reset via file deletion completed for worker 16768 in 110.445ms (Close: 0.0007ms, Delete: 1.4994ms, Create: 9.21ms) {"SourceContext": "Infrastructure.Services.DatabaseTestService", "Application": "Crud.Api"}
[06:45:28 INF] Releasing database mutex for worker 16768 {"SourceContext": "Infrastructure.Services.DatabaseTestService", "Application": "Crud.Api"}
[06:45:28 INF] Resetting database for worker 16768 {"SourceContext": "Infrastructure.Services.DatabaseTestService", "Application": "Crud.Api"}
[06:45:28 INF] Resetting database via file deletion for worker 16768 in CI environment {"SourceContext": "Infrastructure.Services.DatabaseTestService", "Application": "Crud.Api"}
[06:45:28 INF] Acquiring database mutex for worker 16768... {"SourceContext": "Infrastructure.Services.DatabaseTestService", "Application": "Crud.Api"}
[06:45:28 INF] Database mutex acquired for worker 16768 {"SourceContext": "Infrastructure.Services.DatabaseTestService", "Application": "Crud.Api"}
[06:45:28 INF] Current database state - CanConnect: True {"SourceContext": "Infrastructure.Services.DatabaseTestService", "Application": "Crud.Api"}
[06:45:28 INF] [Phase 0] Closing database connection for worker 16768... {"SourceContext": "Infrastructure.Services.DatabaseTestService", "Application": "Crud.Api"}
[06:45:28 INF] [Phase 0] Connection closed in 0.0006ms {"SourceContext": "Infrastructure.Services.DatabaseTestService", "Application": "Crud.Api"}
[06:45:28 INF] [Phase 1] Starting EnsureDeletedAsync for worker 16768... {"SourceContext": "Infrastructure.Services.DatabaseTestService", "Application": "Crud.Api"}
[06:45:28 INF] [Phase 1] EnsureDeletedAsync completed in 3.365ms {"SourceContext": "Infrastructure.Services.DatabaseTestService", "Application": "Crud.Api"}
[06:45:29 INF] [Phase 2] Starting EnsureCreatedAsync for worker 16768... {"SourceContext": "Infrastructure.Services.DatabaseTestService", "Application": "Crud.Api"}
[06:45:29 INF] [Phase 2] EnsureCreatedAsync completed in 7.4206ms {"SourceContext": "Infrastructure.Services.DatabaseTestService", "Application": "Crud.Api"}
[06:45:29 INF] [Phase 3] Skipping database seeding as requested for worker 16768 {"SourceContext": "Infrastructure.Services.DatabaseTestService", "Application": "Crud.Api"}
[06:45:29 INF] Database reset via file deletion completed for worker 16768 in 111.136ms (Close: 0.0006ms, Delete: 3.365ms, Create: 7.4206ms) {"SourceContext": "Infrastructure.Services.DatabaseTestService", "Application": "Crud.Api"}
[06:45:29 INF] Releasing database mutex for worker 16768 {"SourceContext": "Infrastructure.Services.DatabaseTestService", "Application": "Crud.Api"}
[06:45:29 INF] User registered successfully: 44cfdf02-64f8-4395-9cbe-dff68b04e8d6 {"SourceContext": "App.Features.Authentication.RegisterUserCommandHandler", "ActionId": "9e75ec6a-3e8e-4717-bf58-38fc3d893e90", "ActionName": "Api.Controllers.AuthController.Register (Api)", "RequestId": "0HNFGVQB4PDU1", "RequestPath": "/api/auth/register", "Application": "Crud.Api"}
Activity.TraceId:            7ea84eb7d95f3cdc01582f87d08b2103
Activity.SpanId:             0e26d4d5be584ad9
Activity.TraceFlags:         Recorded
Activity.ActivitySourceName: Microsoft.AspNetCore
Activity.DisplayName:        POST api/Auth/register
Activity.Kind:               Server
Activity.StartTime:          2025-09-11T06:45:29.0545819Z
Activity.Duration:           00:00:00.3002040
Activity.Tags:
    server.address: localhost
    http.request.method: POST
    url.scheme: http
    url.path: /api/auth/register
    network.protocol.version: 1.1
    http.route: api/Auth/register
    http.response.status_code: 200
Resource associated with Activity:
    deployment.environment: Testing
    service.name: Crud.Api
    service.version: 1.0.0
    service.instance.id: bb25e7a8-9ced-49c8-9e52-fd74b67e7fff
    telemetry.sdk.name: opentelemetry
    telemetry.sdk.language: dotnet
    telemetry.sdk.version: 1.8.1
[06:45:29 DBG] Cache miss for key: list:person {"SourceContext": "Infrastructure.Services.Caching.InMemoryCacheService", "ActionId": "a8805339-2a20-407d-8f28-d9c120b723b2", "ActionName": "Api.Controllers.PeopleController.List (Api)", "RequestId": "0HNFGVQB4PDU2", "RequestPath": "/api/people", "Application": "Crud.Api"}
[06:45:29 DBG] Set cache value for key: list:person {"SourceContext": "Infrastructure.Services.Caching.InMemoryCacheService", "ActionId": "a8805339-2a20-407d-8f28-d9c120b723b2", "ActionName": "Api.Controllers.PeopleController.List (Api)", "RequestId": "0HNFGVQB4PDU2", "RequestPath": "/api/people", "Application": "Crud.Api"}
Activity.TraceId:            8608a1f4c38874588d8baf38406fc7db
Activity.SpanId:             53be2d3853d0dfc8
Activity.TraceFlags:         Recorded
Activity.ActivitySourceName: Microsoft.AspNetCore
Activity.DisplayName:        GET api/People
Activity.Kind:               Server
Activity.StartTime:          2025-09-11T06:45:29.3556102Z
Activity.Duration:           00:00:00.0074246
Activity.Tags:
    server.address: localhost
    http.request.method: GET
    url.scheme: http
    url.path: /api/people
    network.protocol.version: 1.1
    http.route: api/People
    http.response.status_code: 200
Resource associated with Activity:
    deployment.environment: Testing
    service.name: Crud.Api
    service.version: 1.0.0
    service.instance.id: bb25e7a8-9ced-49c8-9e52-fd74b67e7fff
    telemetry.sdk.name: opentelemetry
    telemetry.sdk.language: dotnet
    telemetry.sdk.version: 1.8.1
[06:45:29 DBG] Cache hit for key: list:person {"SourceContext": "Infrastructure.Services.Caching.InMemoryCacheService", "ActionId": "a8805339-2a20-407d-8f28-d9c120b723b2", "ActionName": "Api.Controllers.PeopleController.List (Api)", "RequestId": "0HNFGVQB4PDU3", "RequestPath": "/api/people", "Application": "Crud.Api"}
Activity.TraceId:            06453907714b8ad279d8d029b0150644
Activity.SpanId:             9db15366e5c01ead
Activity.TraceFlags:         Recorded
Activity.ActivitySourceName: Microsoft.AspNetCore
Activity.DisplayName:        GET api/People
Activity.Kind:               Server
Activity.StartTime:          2025-09-11T06:45:29.3631412Z
Activity.Duration:           00:00:00.0004278
Activity.Tags:
    server.address: localhost
    http.request.method: GET
    url.scheme: http
    url.path: /api/people
    network.protocol.version: 1.1
    http.route: api/People
    http.response.status_code: 200
Resource associated with Activity:
    deployment.environment: Testing
    service.name: Crud.Api
    service.version: 1.0.0
    service.instance.id: bb25e7a8-9ced-49c8-9e52-fd74b67e7fff
    telemetry.sdk.name: opentelemetry
    telemetry.sdk.language: dotnet
    telemetry.sdk.version: 1.8.1
[06:45:29 INF] Resetting database for worker 16768 {"SourceContext": "Infrastructure.Services.DatabaseTestService", "Application": "Crud.Api"}
[06:45:29 INF] Resetting database via file deletion for worker 16768 in CI environment {"SourceContext": "Infrastructure.Services.DatabaseTestService", "Application": "Crud.Api"}
[06:45:29 INF] Acquiring database mutex for worker 16768... {"SourceContext": "Infrastructure.Services.DatabaseTestService", "Application": "Crud.Api"}
[06:45:29 INF] Database mutex acquired for worker 16768 {"SourceContext": "Infrastructure.Services.DatabaseTestService", "Application": "Crud.Api"}
[06:45:29 INF] Current database state - CanConnect: True {"SourceContext": "Infrastructure.Services.DatabaseTestService", "Application": "Crud.Api"}
[06:45:29 INF] [Phase 0] Closing database connection for worker 16768... {"SourceContext": "Infrastructure.Services.DatabaseTestService", "Application": "Crud.Api"}
[06:45:29 INF] [Phase 0] Connection closed in 0.0006ms {"SourceContext": "Infrastructure.Services.DatabaseTestService", "Application": "Crud.Api"}
[06:45:29 INF] [Phase 1] Starting EnsureDeletedAsync for worker 16768... {"SourceContext": "Infrastructure.Services.DatabaseTestService", "Application": "Crud.Api"}
[06:45:29 INF] [Phase 1] EnsureDeletedAsync completed in 1.4809ms {"SourceContext": "Infrastructure.Services.DatabaseTestService", "Application": "Crud.Api"}
[06:45:29 INF] [Phase 2] Starting EnsureCreatedAsync for worker 16768... {"SourceContext": "Infrastructure.Services.DatabaseTestService", "Application": "Crud.Api"}
[06:45:29 INF] [Phase 2] EnsureCreatedAsync completed in 9.0444ms {"SourceContext": "Infrastructure.Services.DatabaseTestService", "Application": "Crud.Api"}
[06:45:29 INF] [Phase 3] Skipping database seeding as requested for worker 16768 {"SourceContext": "Infrastructure.Services.DatabaseTestService", "Application": "Crud.Api"}
[06:45:29 INF] Database reset via file deletion completed for worker 16768 in 110.9122ms (Close: 0.0006ms, Delete: 1.4809ms, Create: 9.0444ms) {"SourceContext": "Infrastructure.Services.DatabaseTestService", "Application": "Crud.Api"}
[06:45:29 INF] Releasing database mutex for worker 16768 {"SourceContext": "Infrastructure.Services.DatabaseTestService", "Application": "Crud.Api"}
[06:45:29 INF] Resetting database for worker 16768 {"SourceContext": "Infrastructure.Services.DatabaseTestService", "Application": "Crud.Api"}
[06:45:29 INF] Resetting database via file deletion for worker 16768 in CI environment {"SourceContext": "Infrastructure.Services.DatabaseTestService", "Application": "Crud.Api"}
[06:45:29 INF] Acquiring database mutex for worker 16768... {"SourceContext": "Infrastructure.Services.DatabaseTestService", "Application": "Crud.Api"}
[06:45:29 INF] Database mutex acquired for worker 16768 {"SourceContext": "Infrastructure.Services.DatabaseTestService", "Application": "Crud.Api"}
[06:45:29 INF] Current database state - CanConnect: True {"SourceContext": "Infrastructure.Services.DatabaseTestService", "Application": "Crud.Api"}
[06:45:29 INF] [Phase 0] Closing database connection for worker 16768... {"SourceContext": "Infrastructure.Services.DatabaseTestService", "Application": "Crud.Api"}
[06:45:29 INF] [Phase 0] Connection closed in 0.0008ms {"SourceContext": "Infrastructure.Services.DatabaseTestService", "Application": "Crud.Api"}
[06:45:29 INF] [Phase 1] Starting EnsureDeletedAsync for worker 16768... {"SourceContext": "Infrastructure.Services.DatabaseTestService", "Application": "Crud.Api"}
[06:45:29 INF] [Phase 1] EnsureDeletedAsync completed in 1.3348ms {"SourceContext": "Infrastructure.Services.DatabaseTestService", "Application": "Crud.Api"}
[06:45:29 INF] [Phase 2] Starting EnsureCreatedAsync for worker 16768... {"SourceContext": "Infrastructure.Services.DatabaseTestService", "Application": "Crud.Api"}
[06:45:29 INF] [Phase 2] EnsureCreatedAsync completed in 7.814ms {"SourceContext": "Infrastructure.Services.DatabaseTestService", "Application": "Crud.Api"}
[06:45:29 INF] [Phase 3] Skipping database seeding as requested for worker 16768 {"SourceContext": "Infrastructure.Services.DatabaseTestService", "Application": "Crud.Api"}
[06:45:29 INF] Database reset via file deletion completed for worker 16768 in 109.2172ms (Close: 0.0008ms, Delete: 1.3348ms, Create: 7.814ms) {"SourceContext": "Infrastructure.Services.DatabaseTestService", "Application": "Crud.Api"}
[06:45:29 INF] Releasing database mutex for worker 16768 {"SourceContext": "Infrastructure.Services.DatabaseTestService", "Application": "Crud.Api"}
[06:45:29 INF] User registered successfully: 77c3aeb2-0e12-46f3-b0eb-dab7597a46d7 {"SourceContext": "App.Features.Authentication.RegisterUserCommandHandler", "ActionId": "9e75ec6a-3e8e-4717-bf58-38fc3d893e90", "ActionName": "Api.Controllers.AuthController.Register (Api)", "RequestId": "0HNFGVQB4PDU4", "RequestPath": "/api/auth/register", "Application": "Crud.Api"}
Activity.TraceId:            872f09e4b8c954d78b48406c69bcb624
Activity.SpanId:             0d17c78ec364ef4d
Activity.TraceFlags:         Recorded
Activity.ActivitySourceName: Microsoft.AspNetCore
Activity.DisplayName:        POST api/Auth/register
Activity.Kind:               Server
Activity.StartTime:          2025-09-11T06:45:29.5883781Z
Activity.Duration:           00:00:00.2984664
Activity.Tags:
    server.address: localhost
    http.request.method: POST
    url.scheme: http
    url.path: /api/auth/register
    network.protocol.version: 1.1
    http.route: api/Auth/register
    http.response.status_code: 200
Resource associated with Activity:
    deployment.environment: Testing
    service.name: Crud.Api
    service.version: 1.0.0
    service.instance.id: bb25e7a8-9ced-49c8-9e52-fd74b67e7fff
    telemetry.sdk.name: opentelemetry
    telemetry.sdk.language: dotnet
    telemetry.sdk.version: 1.8.1
[06:45:29 DBG] Cache miss for key: entity:person:7de1b09dbc7642baaac6d0514b15cf7b {"SourceContext": "Infrastructure.Services.Caching.InMemoryCacheService", "ActionId": "9dd65f51-c6d1-4153-88f3-8a880edf4b08", "ActionName": "Api.Controllers.PeopleController.Get (Api)", "RequestId": "0HNFGVQB4PDU5", "RequestPath": "/api/people/7de1b09d-bc76-42ba-aac6-d0514b15cf7b", "Application": "Crud.Api"}
[06:45:29 DBG] Set cache value for key: entity:person:7de1b09dbc7642baaac6d0514b15cf7b {"SourceContext": "Infrastructure.Services.Caching.InMemoryCacheService", "ActionId": "9dd65f51-c6d1-4153-88f3-8a880edf4b08", "ActionName": "Api.Controllers.PeopleController.Get (Api)", "RequestId": "0HNFGVQB4PDU5", "RequestPath": "/api/people/7de1b09d-bc76-42ba-aac6-d0514b15cf7b", "Application": "Crud.Api"}
Activity.TraceId:            447b545a1562fefa09bea2890525fa07
Activity.SpanId:             dda34c99ecb7e050
Activity.TraceFlags:         Recorded
Activity.ActivitySourceName: Microsoft.AspNetCore
Activity.DisplayName:        GET api/People/{id:guid}
Activity.Kind:               Server
Activity.StartTime:          2025-09-11T06:45:29.8873791Z
Activity.Duration:           00:00:00.0064333
Activity.Tags:
    server.address: localhost
    http.request.method: GET
    url.scheme: http
    url.path: /api/people/7de1b09d-bc76-42ba-aac6-d0514b15cf7b
    network.protocol.version: 1.1
    http.route: api/People/{id:guid}
    http.response.status_code: 200
Resource associated with Activity:
    deployment.environment: Testing
    service.name: Crud.Api
    service.version: 1.0.0
    service.instance.id: bb25e7a8-9ced-49c8-9e52-fd74b67e7fff
    telemetry.sdk.name: opentelemetry
    telemetry.sdk.language: dotnet
    telemetry.sdk.version: 1.8.1
[06:45:29 DBG] Cache hit for key: entity:person:7de1b09dbc7642baaac6d0514b15cf7b {"SourceContext": "Infrastructure.Services.Caching.InMemoryCacheService", "ActionId": "9dd65f51-c6d1-4153-88f3-8a880edf4b08", "ActionName": "Api.Controllers.PeopleController.Get (Api)", "RequestId": "0HNFGVQB4PDU6", "RequestPath": "/api/people/7de1b09d-bc76-42ba-aac6-d0514b15cf7b", "Application": "Crud.Api"}
Activity.TraceId:            666887daa9f7c52287719eb5327b42ac
Activity.SpanId:             5a01db8a8c47edd7
Activity.TraceFlags:         Recorded
Activity.ActivitySourceName: Microsoft.AspNetCore
Activity.DisplayName:        GET api/People/{id:guid}
Activity.Kind:               Server
Activity.StartTime:          2025-09-11T06:45:29.8938719Z
Activity.Duration:           00:00:00.0004350
Activity.Tags:
    server.address: localhost
    http.request.method: GET
    url.scheme: http
    url.path: /api/people/7de1b09d-bc76-42ba-aac6-d0514b15cf7b
    network.protocol.version: 1.1
    http.route: api/People/{id:guid}
    http.response.status_code: 200
Resource associated with Activity:
    deployment.environment: Testing
    service.name: Crud.Api
    service.version: 1.0.0
    service.instance.id: bb25e7a8-9ced-49c8-9e52-fd74b67e7fff
    telemetry.sdk.name: opentelemetry
    telemetry.sdk.language: dotnet
    telemetry.sdk.version: 1.8.1
[06:45:29 INF] Resetting database for worker 16768 {"SourceContext": "Infrastructure.Services.DatabaseTestService", "Application": "Crud.Api"}
[06:45:29 INF] Resetting database via file deletion for worker 16768 in CI environment {"SourceContext": "Infrastructure.Services.DatabaseTestService", "Application": "Crud.Api"}
[06:45:29 INF] Acquiring database mutex for worker 16768... {"SourceContext": "Infrastructure.Services.DatabaseTestService", "Application": "Crud.Api"}
[06:45:29 INF] Database mutex acquired for worker 16768 {"SourceContext": "Infrastructure.Services.DatabaseTestService", "Application": "Crud.Api"}
[06:45:29 INF] Current database state - CanConnect: True {"SourceContext": "Infrastructure.Services.DatabaseTestService", "Application": "Crud.Api"}
[06:45:29 INF] [Phase 0] Closing database connection for worker 16768... {"SourceContext": "Infrastructure.Services.DatabaseTestService", "Application": "Crud.Api"}
[06:45:29 INF] [Phase 0] Connection closed in 0.0006ms {"SourceContext": "Infrastructure.Services.DatabaseTestService", "Application": "Crud.Api"}
[06:45:29 INF] [Phase 1] Starting EnsureDeletedAsync for worker 16768... {"SourceContext": "Infrastructure.Services.DatabaseTestService", "Application": "Crud.Api"}
[06:45:29 INF] [Phase 1] EnsureDeletedAsync completed in 1.5018ms {"SourceContext": "Infrastructure.Services.DatabaseTestService", "Application": "Crud.Api"}
[06:45:29 INF] [Phase 2] Starting EnsureCreatedAsync for worker 16768... {"SourceContext": "Infrastructure.Services.DatabaseTestService", "Application": "Crud.Api"}
[06:45:30 INF] [Phase 2] EnsureCreatedAsync completed in 7.7381ms {"SourceContext": "Infrastructure.Services.DatabaseTestService", "Application": "Crud.Api"}
[06:45:30 INF] [Phase 3] Skipping database seeding as requested for worker 16768 {"SourceContext": "Infrastructure.Services.DatabaseTestService", "Application": "Crud.Api"}
[06:45:30 INF] Database reset via file deletion completed for worker 16768 in 109.9844ms (Close: 0.0006ms, Delete: 1.5018ms, Create: 7.7381ms) {"SourceContext": "Infrastructure.Services.DatabaseTestService", "Application": "Crud.Api"}
[06:45:30 INF] Releasing database mutex for worker 16768 {"SourceContext": "Infrastructure.Services.DatabaseTestService", "Application": "Crud.Api"}
Resource associated with Metric:
    deployment.environment: Testing
    service.name: Crud.Api
    service.version: 1.0.0
    service.instance.id: bb25e7a8-9ced-49c8-9e52-fd74b67e7fff
    telemetry.sdk.name: opentelemetry
    telemetry.sdk.language: dotnet
    telemetry.sdk.version: 1.8.1
Metric Name: http.server.active_requests, Number of active HTTP server requests., Unit: {request}, Meter: Microsoft.AspNetCore.Hosting
(2025-09-11T06:45:27.3164330Z, 2025-09-11T06:45:30.0062051Z] http.request.method: POST url.scheme: http LongSumNonMonotonic
Value: 0
(2025-09-11T06:45:27.3164330Z, 2025-09-11T06:45:30.0062051Z] http.request.method: GET url.scheme: http LongSumNonMonotonic
Value: 0
Metric Name: http.server.request.duration, Duration of HTTP server requests., Unit: s, Meter: Microsoft.AspNetCore.Hosting
(2025-09-11T06:45:27.3164505Z, 2025-09-11T06:45:30.0062073Z] http.request.method: POST http.response.status_code: 200 http.route: api/Auth/register network.protocol.version: 1.1 url.scheme: http Histogram
Value: Sum: 1.5057311000000002 Count: 5 Min: 0.2984645 Max: 0.3051052 
(-Infinity,0.005]:0
(0.005,0.01]:0
(0.01,0.025]:0
(0.025,0.05]:0
(0.05,0.075]:0
(0.075,0.1]:0
(0.1,0.25]:0
(0.25,0.5]:5
(0.5,0.75]:0
(0.75,1]:0
(1,2.5]:0
(2.5,5]:0
(5,7.5]:0
(7.5,10]:0
(10,+Infinity]:0
(2025-09-11T06:45:27.3164505Z, 2025-09-11T06:45:30.0062073Z] http.request.method: GET http.response.status_code: 200 http.route: api/Walls network.protocol.version: 1.1 url.scheme: http Histogram
Value: Sum: 0.0131336 Count: 2 Min: 0.0022425 Max: 0.0108911 
(-Infinity,0.005]:1
(0.005,0.01]:0
(0.01,0.025]:1
(0.025,0.05]:0
(0.05,0.075]:0
(0.075,0.1]:0
(0.1,0.25]:0
(0.25,0.5]:0
(0.5,0.75]:0
(0.75,1]:0
(1,2.5]:0
(2.5,5]:0
(5,7.5]:0
(7.5,10]:0
(10,+Infinity]:0
(2025-09-11T06:45:27.3164505Z, 2025-09-11T06:45:30.0062073Z] http.request.method: GET http.response.status_code: 200 http.route: api/Windows network.protocol.version: 1.1 url.scheme: http Histogram
Value: Sum: 0.0122901 Count: 2 Min: 0.0004485 Max: 0.0118416 
(-Infinity,0.005]:1
(0.005,0.01]:0
(0.01,0.025]:1
(0.025,0.05]:0
(0.05,0.075]:0
(0.075,0.1]:0
(0.1,0.25]:0
(0.25,0.5]:0
(0.5,0.75]:0
(0.75,1]:0
(1,2.5]:0
(2.5,5]:0
(5,7.5]:0
(7.5,10]:0
(10,+Infinity]:0
(2025-09-11T06:45:27.3164505Z, 2025-09-11T06:45:30.0062073Z] http.request.method: GET http.response.status_code: 200 http.route: api/Roles network.protocol.version: 1.1 url.scheme: http Histogram
Value: Sum: 0.0057475 Count: 2 Min: 0.0004527 Max: 0.0052948 
(-Infinity,0.005]:1
(0.005,0.01]:1
(0.01,0.025]:0
(0.025,0.05]:0
(0.05,0.075]:0
(0.075,0.1]:0
(0.1,0.25]:0
(0.25,0.5]:0
(0.5,0.75]:0
(0.75,1]:0
(1,2.5]:0
(2.5,5]:0
(5,7.5]:0
(7.5,10]:0
(10,+Infinity]:0
(2025-09-11T06:45:27.3164505Z, 2025-09-11T06:45:30.0062073Z] http.request.method: GET http.response.status_code: 200 http.route: api/People network.protocol.version: 1.1 url.scheme: http Histogram
Value: Sum: 0.007847999999999999 Count: 2 Min: 0.0004301 Max: 0.0074179 
(-Infinity,0.005]:1
(0.005,0.01]:1
(0.01,0.025]:0
(0.025,0.05]:0
(0.05,0.075]:0
(0.075,0.1]:0
(0.1,0.25]:0
(0.25,0.5]:0
(0.5,0.75]:0
(0.75,1]:0
(1,2.5]:0
(2.5,5]:0
(5,7.5]:0
(7.5,10]:0
(10,+Infinity]:0
(2025-09-11T06:45:27.3164505Z, 2025-09-11T06:45:30.0062073Z] http.request.method: GET http.response.status_code: 200 http.route: api/People/{id:guid} network.protocol.version: 1.1 url.scheme: http Histogram
Value: Sum: 0.0068642 Count: 2 Min: 0.0004357 Max: 0.0064285 
(-Infinity,0.005]:1
(0.005,0.01]:1
(0.01,0.025]:0
(0.025,0.05]:0
(0.05,0.075]:0
(0.075,0.1]:0
(0.1,0.25]:0
(0.25,0.5]:0
(0.5,0.75]:0
(0.75,1]:0
(1,2.5]:0
(2.5,5]:0
(5,7.5]:0
(7.5,10]:0
(10,+Infinity]:0
Metric Name: aspnetcore.rate_limiting.active_request_leases, Number of HTTP requests that are currently active on the server that hold a rate limiting lease., Unit: {request}, Meter: Microsoft.AspNetCore.RateLimiting
(2025-09-11T06:45:27.3181697Z, 2025-09-11T06:45:30.0062079Z] LongSumNonMonotonic
Value: 0
Metric Name: aspnetcore.rate_limiting.request_lease.duration, The duration of rate limiting leases held by HTTP requests on the server., Unit: s, Meter: Microsoft.AspNetCore.RateLimiting
(2025-09-11T06:45:27.3181923Z, 2025-09-11T06:45:30.0062085Z] Histogram
Value: Sum: 1.5472670000000002 Count: 15 Min: 0.000355 Max: 0.3042523 
(-Infinity,0.005]:5
(0.005,0.01]:4
(0.01,0.025]:1
(0.025,0.05]:0
(0.05,0.075]:0
(0.075,0.1]:0
(0.1,0.25]:0
(0.25,0.5]:5
(0.5,0.75]:0
(0.75,1]:0
(1,2.5]:0
(2.5,5]:0
(5,7.5]:0
(7.5,10]:0
(10,+Infinity]:0
Metric Name: aspnetcore.rate_limiting.requests, Number of requests that tried to acquire a rate limiting lease. Requests could be rejected by global or endpoint rate limiting policies. Or the request could be canceled while waiting for the lease., Unit: {request}, Meter: Microsoft.AspNetCore.RateLimiting
(2025-09-11T06:45:27.3182447Z, 2025-09-11T06:45:30.0062094Z] aspnetcore.rate_limiting.result: acquired LongSum
Value: 15
Metric Name: aspnetcore.routing.match_attempts, Number of requests that were attempted to be matched to an endpoint., Unit: {match_attempt}, Meter: Microsoft.AspNetCore.Routing
(2025-09-11T06:45:27.3189623Z, 2025-09-11T06:45:30.0062099Z] aspnetcore.routing.is_fallback: false aspnetcore.routing.match_status: success http.route: api/Auth/register LongSum
Value: 5
(2025-09-11T06:45:27.3189623Z, 2025-09-11T06:45:30.0062099Z] aspnetcore.routing.is_fallback: false aspnetcore.routing.match_status: success http.route: api/Walls LongSum
Value: 2
(2025-09-11T06:45:27.3189623Z, 2025-09-11T06:45:30.0062099Z] aspnetcore.routing.is_fallback: false aspnetcore.routing.match_status: success http.route: api/Windows LongSum
Value: 2
(2025-09-11T06:45:27.3189623Z, 2025-09-11T06:45:30.0062099Z] aspnetcore.routing.is_fallback: false aspnetcore.routing.match_status: success http.route: api/Roles LongSum
Value: 2
(2025-09-11T06:45:27.3189623Z, 2025-09-11T06:45:30.0062099Z] aspnetcore.routing.is_fallback: false aspnetcore.routing.match_status: success http.route: api/People LongSum
Value: 2
(2025-09-11T06:45:27.3189623Z, 2025-09-11T06:45:30.0062099Z] aspnetcore.routing.is_fallback: false aspnetcore.routing.match_status: success http.route: api/People/{id:guid} LongSum
Value: 2
[06:45:30 INF] Starting Crud API application {"Application": "Crud.Api"}
[06:45:30 INF] Using SQLite provider with connection: Data Source=TestDatabase.db {"Application": "Crud.Api"}
[06:45:30 INF] Database ensured successfully {"Application": "Crud.Api"}
[06:45:30 INF] Application configured successfully. Starting web host... {"Application": "Crud.Api"}
[06:45:30 WRN] Failed to determine the https port for redirect. {"EventId": {"Id": 3, "Name": "FailedToDeterminePort"}, "SourceContext": "Microsoft.AspNetCore.HttpsPolicy.HttpsRedirectionMiddleware", "RequestId": "0HNFGVQB4PDU7", "RequestPath": "/api/auth/register", "Application": "Crud.Api"}
[06:45:30 INF] User registered successfully: bdd12547-9402-4eb1-83b6-153b254b3f4e {"SourceContext": "App.Features.Authentication.RegisterUserCommandHandler", "ActionId": "21b1c46c-cf1d-4f37-98cb-8d6555749eff", "ActionName": "Api.Controllers.AuthController.Register (Api)", "RequestId": "0HNFGVQB4PDU7", "RequestPath": "/api/auth/register", "Application": "Crud.Api"}
Activity.TraceId:            0fe0f3cd8486f1f8430d9f0b312d61c0
Activity.SpanId:             358e8fc1c3a59182
Activity.TraceFlags:         Recorded
Activity.ActivitySourceName: Microsoft.AspNetCore
Activity.DisplayName:        POST api/Auth/register
Activity.Kind:               Server
Activity.StartTime:          2025-09-11T06:45:30.0422952Z
Activity.Duration:           00:00:00.3074666
Activity.Tags:
    server.address: localhost
    http.request.method: POST
    url.scheme: http
    url.path: /api/auth/register
    network.protocol.version: 1.1
    http.route: api/Auth/register
    http.response.status_code: 200
Resource associated with Activity:
    deployment.environment: Testing
    service.name: Crud.Api
    service.version: 1.0.0
    service.instance.id: bb25e7a8-9ced-49c8-9e52-fd74b67e7fff
    telemetry.sdk.name: opentelemetry
    telemetry.sdk.language: dotnet
    telemetry.sdk.version: 1.8.1
[06:45:30 DBG] Cache miss for key: list:person {"SourceContext": "Infrastructure.Services.Caching.InMemoryCacheService", "ActionId": "abae31d8-5b20-46ec-8a85-d2ad9a46fbd3", "ActionName": "Api.Controllers.PeopleController.List (Api)", "RequestId": "0HNFGVQB4PDU8", "RequestPath": "/api/people", "Application": "Crud.Api"}
[06:45:30 DBG] Set cache value for key: list:person {"SourceContext": "Infrastructure.Services.Caching.InMemoryCacheService", "ActionId": "abae31d8-5b20-46ec-8a85-d2ad9a46fbd3", "ActionName": "Api.Controllers.PeopleController.List (Api)", "RequestId": "0HNFGVQB4PDU8", "RequestPath": "/api/people", "Application": "Crud.Api"}
Activity.TraceId:            13691d98be6066c644c6de798786df7d
Activity.SpanId:             97e36021352dafbd
Activity.TraceFlags:         Recorded
Activity.ActivitySourceName: Microsoft.AspNetCore
Activity.DisplayName:        GET api/People
Activity.Kind:               Server
Activity.StartTime:          2025-09-11T06:45:30.3509738Z
Activity.Duration:           00:00:00.0126733
Activity.Tags:
    server.address: localhost
    http.request.method: GET
    url.scheme: http
    url.path: /api/people
    network.protocol.version: 1.1
    http.route: api/People
    http.response.status_code: 200
Resource associated with Activity:
    deployment.environment: Testing
    service.name: Crud.Api
    service.version: 1.0.0
    service.instance.id: bb25e7a8-9ced-49c8-9e52-fd74b67e7fff
    telemetry.sdk.name: opentelemetry
    telemetry.sdk.language: dotnet
    telemetry.sdk.version: 1.8.1
[06:45:30 INF] User registered successfully: 34683b8a-d599-4a94-b51b-fb41ee902fcd {"SourceContext": "App.Features.Authentication.RegisterUserCommandHandler", "ActionId": "21b1c46c-cf1d-4f37-98cb-8d6555749eff", "ActionName": "Api.Controllers.AuthController.Register (Api)", "RequestId": "0HNFGVQB4PDU9", "RequestPath": "/api/auth/register", "Application": "Crud.Api"}
Activity.TraceId:            54a97fd0e15115c8745ad7cc520baa82
Activity.SpanId:             3b5bec8f774f49de
Activity.TraceFlags:         Recorded
Activity.ActivitySourceName: Microsoft.AspNetCore
Activity.DisplayName:        POST api/Auth/register
Activity.Kind:               Server
Activity.StartTime:          2025-09-11T06:45:30.3662723Z
Activity.Duration:           00:00:00.3030146
Activity.Tags:
    server.address: localhost
    http.request.method: POST
    url.scheme: http
    url.path: /api/auth/register
    network.protocol.version: 1.1
    http.route: api/Auth/register
    http.response.status_code: 200
Resource associated with Activity:
    deployment.environment: Testing
    service.name: Crud.Api
    service.version: 1.0.0
    service.instance.id: bb25e7a8-9ced-49c8-9e52-fd74b67e7fff
    telemetry.sdk.name: opentelemetry
    telemetry.sdk.language: dotnet
    telemetry.sdk.version: 1.8.1
[06:45:30 DBG] Cache miss for key: list:wall {"SourceContext": "Infrastructure.Services.Caching.InMemoryCacheService", "ActionId": "4225d5b5-ce32-40c2-a4aa-e7aaf9339d04", "ActionName": "Api.Controllers.WallsController.List (Api)", "RequestId": "0HNFGVQB4PDUA", "RequestPath": "/api/walls", "Application": "Crud.Api"}
[06:45:30 DBG] Set cache value for key: list:wall {"SourceContext": "Infrastructure.Services.Caching.InMemoryCacheService", "ActionId": "4225d5b5-ce32-40c2-a4aa-e7aaf9339d04", "ActionName": "Api.Controllers.WallsController.List (Api)", "RequestId": "0HNFGVQB4PDUA", "RequestPath": "/api/walls", "Application": "Crud.Api"}
Activity.TraceId:            b08fa0d9f232293d483c11f56f338059
Activity.SpanId:             bb738fe00a48c930
Activity.TraceFlags:         Recorded
Activity.ActivitySourceName: Microsoft.AspNetCore
Activity.DisplayName:        GET api/Walls
Activity.Kind:               Server
Activity.StartTime:          2025-09-11T06:45:30.6704127Z
Activity.Duration:           00:00:00.0072044
Activity.Tags:
    server.address: localhost
    http.request.method: GET
    url.scheme: http
    url.path: /api/walls
    network.protocol.version: 1.1
    http.route: api/Walls
    http.response.status_code: 200
Resource associated with Activity:
    deployment.environment: Testing
    service.name: Crud.Api
    service.version: 1.0.0
    service.instance.id: bb25e7a8-9ced-49c8-9e52-fd74b67e7fff
    telemetry.sdk.name: opentelemetry
    telemetry.sdk.language: dotnet
    telemetry.sdk.version: 1.8.1
[06:45:30 INF] User registered successfully: 99129c06-f73f-49a7-a9c5-306ef3a6c361 {"SourceContext": "App.Features.Authentication.RegisterUserCommandHandler", "ActionId": "21b1c46c-cf1d-4f37-98cb-8d6555749eff", "ActionName": "Api.Controllers.AuthController.Register (Api)", "RequestId": "0HNFGVQB4PDUB", "RequestPath": "/api/auth/register", "Application": "Crud.Api"}
Activity.TraceId:            a54b87967df9eb7e9052fe37e4efba6f
Activity.SpanId:             a70d3745cae4f710
Activity.TraceFlags:         Recorded
Activity.ActivitySourceName: Microsoft.AspNetCore
Activity.DisplayName:        POST api/Auth/register
Activity.Kind:               Server
Activity.StartTime:          2025-09-11T06:45:30.6787729Z
Activity.Duration:           00:00:00.3012658
Activity.Tags:
    server.address: localhost
    http.request.method: POST
    url.scheme: http
    url.path: /api/auth/register
    network.protocol.version: 1.1
    http.route: api/Auth/register
    http.response.status_code: 200
Resource associated with Activity:
    deployment.environment: Testing
    service.name: Crud.Api
    service.version: 1.0.0
    service.instance.id: bb25e7a8-9ced-49c8-9e52-fd74b67e7fff
    telemetry.sdk.name: opentelemetry
    telemetry.sdk.language: dotnet
    telemetry.sdk.version: 1.8.1
[06:45:30 DBG] Cache miss for key: list:role {"SourceContext": "Infrastructure.Services.Caching.InMemoryCacheService", "ActionId": "27248384-f60f-44e4-851e-33ab31fa7bd5", "ActionName": "Api.Controllers.RolesController.List (Api)", "RequestId": "0HNFGVQB4PDUC", "RequestPath": "/api/roles", "Application": "Crud.Api"}
[06:45:30 DBG] Set cache value for key: list:role {"SourceContext": "Infrastructure.Services.Caching.InMemoryCacheService", "ActionId": "27248384-f60f-44e4-851e-33ab31fa7bd5", "ActionName": "Api.Controllers.RolesController.List (Api)", "RequestId": "0HNFGVQB4PDUC", "RequestPath": "/api/roles", "Application": "Crud.Api"}
Activity.TraceId:            9cecc8c0f420d413fb2083f00fcf31c6
Activity.SpanId:             aa5ee116ee054832
Activity.TraceFlags:         Recorded
Activity.ActivitySourceName: Microsoft.AspNetCore
Activity.DisplayName:        GET api/Roles
Activity.Kind:               Server
Activity.StartTime:          2025-09-11T06:45:30.9813084Z
Activity.Duration:           00:00:00.0061945
Activity.Tags:
    server.address: localhost
    http.request.method: GET
    url.scheme: http
    url.path: /api/roles
    network.protocol.version: 1.1
    http.route: api/Roles
    http.response.status_code: 200
Resource associated with Activity:
    deployment.environment: Testing
    service.name: Crud.Api
    service.version: 1.0.0
    service.instance.id: bb25e7a8-9ced-49c8-9e52-fd74b67e7fff
    telemetry.sdk.name: opentelemetry
    telemetry.sdk.language: dotnet
    telemetry.sdk.version: 1.8.1
[06:45:31 INF] User registered successfully: 341ec98d-b076-4ea1-8791-185422dbb397 {"SourceContext": "App.Features.Authentication.RegisterUserCommandHandler", "ActionId": "21b1c46c-cf1d-4f37-98cb-8d6555749eff", "ActionName": "Api.Controllers.AuthController.Register (Api)", "RequestId": "0HNFGVQB4PDUD", "RequestPath": "/api/auth/register", "Application": "Crud.Api"}
Activity.TraceId:            12cb862afec5386f0a7a804b226a2c98
Activity.SpanId:             25c35922ddc30bed
Activity.TraceFlags:         Recorded
Activity.ActivitySourceName: Microsoft.AspNetCore
Activity.DisplayName:        POST api/Auth/register
Activity.Kind:               Server
Activity.StartTime:          2025-09-11T06:45:30.9885552Z
Activity.Duration:           00:00:00.2991987
Activity.Tags:
    server.address: localhost
    http.request.method: POST
    url.scheme: http
    url.path: /api/auth/register
    network.protocol.version: 1.1
    http.route: api/Auth/register
    http.response.status_code: 200
Resource associated with Activity:
    deployment.environment: Testing
    service.name: Crud.Api
    service.version: 1.0.0
    service.instance.id: bb25e7a8-9ced-49c8-9e52-fd74b67e7fff
    telemetry.sdk.name: opentelemetry
    telemetry.sdk.language: dotnet
    telemetry.sdk.version: 1.8.1
[06:45:31 DBG] Cache miss for key: list:window {"SourceContext": "Infrastructure.Services.Caching.InMemoryCacheService", "ActionId": "df9ba571-66dd-4b44-b714-2f42de0eb245", "ActionName": "Api.Controllers.WindowsController.List (Api)", "RequestId": "0HNFGVQB4PDUE", "RequestPath": "/api/windows", "Application": "Crud.Api"}
[06:45:31 DBG] Set cache value for key: list:window {"SourceContext": "Infrastructure.Services.Caching.InMemoryCacheService", "ActionId": "df9ba571-66dd-4b44-b714-2f42de0eb245", "ActionName": "Api.Controllers.WindowsController.List (Api)", "RequestId": "0HNFGVQB4PDUE", "RequestPath": "/api/windows", "Application": "Crud.Api"}
Activity.TraceId:            f1b3e8bfd5f45cab21e67fbbfb08a8ea
Activity.SpanId:             ea2134d9a3b1fc7c
Activity.TraceFlags:         Recorded
Activity.ActivitySourceName: Microsoft.AspNetCore
Activity.DisplayName:        GET api/Windows
Activity.Kind:               Server
Activity.StartTime:          2025-09-11T06:45:31.2889694Z
Activity.Duration:           00:00:00.0087372
Activity.Tags:
    server.address: localhost
    http.request.method: GET
    url.scheme: http
    url.path: /api/windows
    network.protocol.version: 1.1
    http.route: api/Windows
    http.response.status_code: 200
Resource associated with Activity:
    deployment.environment: Testing
    service.name: Crud.Api
    service.version: 1.0.0
    service.instance.id: bb25e7a8-9ced-49c8-9e52-fd74b67e7fff
    telemetry.sdk.name: opentelemetry
    telemetry.sdk.language: dotnet
    telemetry.sdk.version: 1.8.1
[06:45:31 INF] User registered successfully: 1cb7e0f6-07b2-44f4-98af-7c59304be8c6 {"SourceContext": "App.Features.Authentication.RegisterUserCommandHandler", "ActionId": "21b1c46c-cf1d-4f37-98cb-8d6555749eff", "ActionName": "Api.Controllers.AuthController.Register (Api)", "RequestId": "0HNFGVQB4PDUF", "RequestPath": "/api/auth/register", "Application": "Crud.Api"}
Activity.TraceId:            15e13c5332b287f70eb53dcc1592ff06
Activity.SpanId:             444f756f57581003
Activity.TraceFlags:         Recorded
Activity.ActivitySourceName: Microsoft.AspNetCore
Activity.DisplayName:        POST api/Auth/register
Activity.Kind:               Server
Activity.StartTime:          2025-09-11T06:45:31.2996515Z
Activity.Duration:           00:00:00.2988554
Activity.Tags:
    server.address: localhost
    http.request.method: POST
    url.scheme: http
    url.path: /api/auth/register
    network.protocol.version: 1.1
    http.route: api/Auth/register
    http.response.status_code: 200
Resource associated with Activity:
    deployment.environment: Testing
    service.name: Crud.Api
    service.version: 1.0.0
    service.instance.id: bb25e7a8-9ced-49c8-9e52-fd74b67e7fff
    telemetry.sdk.name: opentelemetry
    telemetry.sdk.language: dotnet
    telemetry.sdk.version: 1.8.1
[06:45:31 DBG] Cache hit for key: list:person {"SourceContext": "Infrastructure.Services.Caching.InMemoryCacheService", "ActionId": "abae31d8-5b20-46ec-8a85-d2ad9a46fbd3", "ActionName": "Api.Controllers.PeopleController.List (Api)", "RequestId": "0HNFGVQB4PDUG", "RequestPath": "/api/people", "Application": "Crud.Api"}
Activity.TraceId:            80d917340eed62464cd782be7582c6fc
Activity.SpanId:             d1147eea3c84755f
Activity.TraceFlags:         Recorded
Activity.ActivitySourceName: Microsoft.AspNetCore
Activity.DisplayName:        GET api/People
Activity.Kind:               Server
Activity.StartTime:          2025-09-11T06:45:31.5996792Z
Activity.Duration:           00:00:00.0005427
Activity.Tags:
    server.address: localhost
    http.request.method: GET
    url.scheme: http
    url.path: /api/people
    network.protocol.version: 1.1
    http.route: api/People
    http.response.status_code: 200
Resource associated with Activity:
    deployment.environment: Testing
    service.name: Crud.Api
    service.version: 1.0.0
    service.instance.id: bb25e7a8-9ced-49c8-9e52-fd74b67e7fff
    telemetry.sdk.name: opentelemetry
    telemetry.sdk.language: dotnet
    telemetry.sdk.version: 1.8.1
[06:45:31 INF] User registered successfully: aa6c8712-234f-4dea-964a-34216d58dd6b {"SourceContext": "App.Features.Authentication.RegisterUserCommandHandler", "ActionId": "21b1c46c-cf1d-4f37-98cb-8d6555749eff", "ActionName": "Api.Controllers.AuthController.Register (Api)", "RequestId": "0HNFGVQB4PDUH", "RequestPath": "/api/auth/register", "Application": "Crud.Api"}
Activity.TraceId:            42cd0df4839466de6f880872c4219ed3
Activity.SpanId:             444a9a0f399d412a
Activity.TraceFlags:         Recorded
Activity.ActivitySourceName: Microsoft.AspNetCore
Activity.DisplayName:        POST api/Auth/register
Activity.Kind:               Server
Activity.StartTime:          2025-09-11T06:45:31.6034028Z
Activity.Duration:           00:00:00.2988820
Activity.Tags:
    server.address: localhost
    http.request.method: POST
    url.scheme: http
    url.path: /api/auth/register
    network.protocol.version: 1.1
    http.route: api/Auth/register
    http.response.status_code: 200
Resource associated with Activity:
    deployment.environment: Testing
    service.name: Crud.Api
    service.version: 1.0.0
    service.instance.id: bb25e7a8-9ced-49c8-9e52-fd74b67e7fff
    telemetry.sdk.name: opentelemetry
    telemetry.sdk.language: dotnet
    telemetry.sdk.version: 1.8.1
[06:45:32 INF] User logged in successfully: aa6c8712-234f-4dea-964a-34216d58dd6b {"SourceContext": "App.Features.Authentication.LoginCommandHandler", "ActionId": "4e91dac6-4c48-4864-8a99-5e2194d9ace3", "ActionName": "Api.Controllers.AuthController.Login (Api)", "RequestId": "0HNFGVQB4PDUI", "RequestPath": "/api/auth/login", "Application": "Crud.Api"}
Activity.TraceId:            199cfa863d75f0a5cd5482d129bec501
Activity.SpanId:             7b1cc66544ec1bca
Activity.TraceFlags:         Recorded
Activity.ActivitySourceName: Microsoft.AspNetCore
Activity.DisplayName:        POST api/Auth/login
Activity.Kind:               Server
Activity.StartTime:          2025-09-11T06:45:31.9037087Z
Activity.Duration:           00:00:00.3036077
Activity.Tags:
    server.address: localhost
    http.request.method: POST
    url.scheme: http
    url.path: /api/auth/login
    network.protocol.version: 1.1
    http.route: api/Auth/login
    http.response.status_code: 200
Resource associated with Activity:
    deployment.environment: Testing
    service.name: Crud.Api
    service.version: 1.0.0
    service.instance.id: bb25e7a8-9ced-49c8-9e52-fd74b67e7fff
    telemetry.sdk.name: opentelemetry
    telemetry.sdk.language: dotnet
    telemetry.sdk.version: 1.8.1
[06:45:32 DBG] Removed cache value for key: entity:wall:c4b5d42c809a4722893a12a9676683f4 {"SourceContext": "Infrastructure.Services.Caching.InMemoryCacheService", "ActionId": "1bf422fe-81df-45c7-bbfd-1e7cb65ae07f", "ActionName": "Api.Controllers.WallsController.Create (Api)", "RequestId": "0HNFGVQB4PDUJ", "RequestPath": "/api/walls", "Application": "Crud.Api"}
[06:45:32 DBG] Removed cache value for key: list:wall {"SourceContext": "Infrastructure.Services.Caching.InMemoryCacheService", "ActionId": "1bf422fe-81df-45c7-bbfd-1e7cb65ae07f", "ActionName": "Api.Controllers.WallsController.Create (Api)", "RequestId": "0HNFGVQB4PDUJ", "RequestPath": "/api/walls", "Application": "Crud.Api"}
[06:45:32 DBG] Invalidating cache for entity type: walls with tag: walls {"SourceContext": "Api.Services.OutputCacheInvalidationService", "ActionId": "1bf422fe-81df-45c7-bbfd-1e7cb65ae07f", "ActionName": "Api.Controllers.WallsController.Create (Api)", "RequestId": "0HNFGVQB4PDUJ", "RequestPath": "/api/walls", "Application": "Crud.Api"}
[06:45:32 INF] Successfully invalidated cache for entity type: walls {"SourceContext": "Api.Services.OutputCacheInvalidationService", "ActionId": "1bf422fe-81df-45c7-bbfd-1e7cb65ae07f", "ActionName": "Api.Controllers.WallsController.Create (Api)", "RequestId": "0HNFGVQB4PDUJ", "RequestPath": "/api/walls", "Application": "Crud.Api"}
Activity.TraceId:            bedfe7e6e2a9b2b078319cd01dcbdf37
Activity.SpanId:             8576354cbe557032
Activity.TraceFlags:         Recorded
Activity.ActivitySourceName: Microsoft.AspNetCore
Activity.DisplayName:        POST api/Walls
Activity.Kind:               Server
Activity.StartTime:          2025-09-11T06:45:32.2083592Z
Activity.Duration:           00:00:00.0106413
Activity.Tags:
    server.address: localhost
    http.request.method: POST
    url.scheme: http
    url.path: /api/walls
    network.protocol.version: 1.1
    http.route: api/Walls
    http.response.status_code: 201
Resource associated with Activity:
    deployment.environment: Testing
    service.name: Crud.Api
    service.version: 1.0.0
    service.instance.id: bb25e7a8-9ced-49c8-9e52-fd74b67e7fff
    telemetry.sdk.name: opentelemetry
    telemetry.sdk.language: dotnet
    telemetry.sdk.version: 1.8.1
[06:45:32 INF] User registered successfully: f0b0830b-1dcc-4e4b-8b15-c3edd1eb6ed4 {"SourceContext": "App.Features.Authentication.RegisterUserCommandHandler", "ActionId": "21b1c46c-cf1d-4f37-98cb-8d6555749eff", "ActionName": "Api.Controllers.AuthController.Register (Api)", "RequestId": "0HNFGVQB4PDUK", "RequestPath": "/api/auth/register", "Application": "Crud.Api"}
Activity.TraceId:            91eadf57c7e0b5eee1efa43560cb064c
Activity.SpanId:             5baf59905d31ff46
Activity.TraceFlags:         Recorded
Activity.ActivitySourceName: Microsoft.AspNetCore
Activity.DisplayName:        POST api/Auth/register
Activity.Kind:               Server
Activity.StartTime:          2025-09-11T06:45:32.2204407Z
Activity.Duration:           00:00:00.2988115
Activity.Tags:
    server.address: localhost
    http.request.method: POST
    url.scheme: http
    url.path: /api/auth/register
    network.protocol.version: 1.1
    http.route: api/Auth/register
    http.response.status_code: 200
Resource associated with Activity:
    deployment.environment: Testing
    service.name: Crud.Api
    service.version: 1.0.0
    service.instance.id: bb25e7a8-9ced-49c8-9e52-fd74b67e7fff
    telemetry.sdk.name: opentelemetry
    telemetry.sdk.language: dotnet
    telemetry.sdk.version: 1.8.1
[06:45:32 INF] User logged in successfully: f0b0830b-1dcc-4e4b-8b15-c3edd1eb6ed4 {"SourceContext": "App.Features.Authentication.LoginCommandHandler", "ActionId": "4e91dac6-4c48-4864-8a99-5e2194d9ace3", "ActionName": "Api.Controllers.AuthController.Login (Api)", "RequestId": "0HNFGVQB4PDUL", "RequestPath": "/api/auth/login", "Application": "Crud.Api"}
Activity.TraceId:            60af74bccd10cda687a2872294ca4ac4
Activity.SpanId:             34a7d4351c1e920a
Activity.TraceFlags:         Recorded
Activity.ActivitySourceName: Microsoft.AspNetCore
Activity.DisplayName:        POST api/Auth/login
Activity.Kind:               Server
Activity.StartTime:          2025-09-11T06:45:32.5207456Z
Activity.Duration:           00:00:00.2986250
Activity.Tags:
    server.address: localhost
    http.request.method: POST
    url.scheme: http
    url.path: /api/auth/login
    network.protocol.version: 1.1
    http.route: api/Auth/login
    http.response.status_code: 200
Resource associated with Activity:
    deployment.environment: Testing
    service.name: Crud.Api
    service.version: 1.0.0
    service.instance.id: bb25e7a8-9ced-49c8-9e52-fd74b67e7fff
    telemetry.sdk.name: opentelemetry
    telemetry.sdk.language: dotnet
    telemetry.sdk.version: 1.8.1
[06:45:32 DBG] Cache miss for key: name:role:test_role {"SourceContext": "Infrastructure.Services.Caching.InMemoryCacheService", "ActionId": "9d27147d-e02e-4749-94a8-2ed59da742f2", "ActionName": "Api.Controllers.RolesController.Create (Api)", "RequestId": "0HNFGVQB4PDUM", "RequestPath": "/api/roles", "Application": "Crud.Api"}
[06:45:32 DBG] Removed cache value for key: entity:role:e47927ac36bb48e7824a763bc4199912 {"SourceContext": "Infrastructure.Services.Caching.InMemoryCacheService", "ActionId": "9d27147d-e02e-4749-94a8-2ed59da742f2", "ActionName": "Api.Controllers.RolesController.Create (Api)", "RequestId": "0HNFGVQB4PDUM", "RequestPath": "/api/roles", "Application": "Crud.Api"}
[06:45:32 DBG] Removed cache value for key: list:role {"SourceContext": "Infrastructure.Services.Caching.InMemoryCacheService", "ActionId": "9d27147d-e02e-4749-94a8-2ed59da742f2", "ActionName": "Api.Controllers.RolesController.Create (Api)", "RequestId": "0HNFGVQB4PDUM", "RequestPath": "/api/roles", "Application": "Crud.Api"}
[06:45:32 DBG] Invalidating cache for entity type: roles with tag: roles {"SourceContext": "Api.Services.OutputCacheInvalidationService", "ActionId": "9d27147d-e02e-4749-94a8-2ed59da742f2", "ActionName": "Api.Controllers.RolesController.Create (Api)", "RequestId": "0HNFGVQB4PDUM", "RequestPath": "/api/roles", "Application": "Crud.Api"}
[06:45:32 INF] Successfully invalidated cache for entity type: roles {"SourceContext": "Api.Services.OutputCacheInvalidationService", "ActionId": "9d27147d-e02e-4749-94a8-2ed59da742f2", "ActionName": "Api.Controllers.RolesController.Create (Api)", "RequestId": "0HNFGVQB4PDUM", "RequestPath": "/api/roles", "Application": "Crud.Api"}
Activity.TraceId:            1908eff8330281bc0032652e82bb5a41
Activity.SpanId:             dc461226b03923ad
Activity.TraceFlags:         Recorded
Activity.ActivitySourceName: Microsoft.AspNetCore
Activity.DisplayName:        POST api/Roles
Activity.Kind:               Server
Activity.StartTime:          2025-09-11T06:45:32.8209366Z
Activity.Duration:           00:00:00.0063659
Activity.Tags:
    server.address: localhost
    http.request.method: POST
    url.scheme: http
    url.path: /api/roles
    network.protocol.version: 1.1
    http.route: api/Roles
    http.response.status_code: 201
Resource associated with Activity:
    deployment.environment: Testing
    service.name: Crud.Api
    service.version: 1.0.0
    service.instance.id: bb25e7a8-9ced-49c8-9e52-fd74b67e7fff
    telemetry.sdk.name: opentelemetry
    telemetry.sdk.language: dotnet
    telemetry.sdk.version: 1.8.1
[06:45:33 INF] User registered successfully: 7f28c05a-4710-46f3-9836-f2f89b54ff90 {"SourceContext": "App.Features.Authentication.RegisterUserCommandHandler", "ActionId": "21b1c46c-cf1d-4f37-98cb-8d6555749eff", "ActionName": "Api.Controllers.AuthController.Register (Api)", "RequestId": "0HNFGVQB4PDUN", "RequestPath": "/api/auth/register", "Application": "Crud.Api"}
Activity.TraceId:            4c966e7b26567fc571f050f457b39713
Activity.SpanId:             1e69105a34a92864
Activity.TraceFlags:         Recorded
Activity.ActivitySourceName: Microsoft.AspNetCore
Activity.DisplayName:        POST api/Auth/register
Activity.Kind:               Server
Activity.StartTime:          2025-09-11T06:45:32.8284889Z
Activity.Duration:           00:00:00.3007075
Activity.Tags:
    server.address: localhost
    http.request.method: POST
    url.scheme: http
    url.path: /api/auth/register
    network.protocol.version: 1.1
    http.route: api/Auth/register
    http.response.status_code: 200
Resource associated with Activity:
    deployment.environment: Testing
    service.name: Crud.Api
    service.version: 1.0.0
    service.instance.id: bb25e7a8-9ced-49c8-9e52-fd74b67e7fff
    telemetry.sdk.name: opentelemetry
    telemetry.sdk.language: dotnet
    telemetry.sdk.version: 1.8.1
[06:45:33 INF] User logged in successfully: 7f28c05a-4710-46f3-9836-f2f89b54ff90 {"SourceContext": "App.Features.Authentication.LoginCommandHandler", "ActionId": "4e91dac6-4c48-4864-8a99-5e2194d9ace3", "ActionName": "Api.Controllers.AuthController.Login (Api)", "RequestId": "0HNFGVQB4PDUO", "RequestPath": "/api/auth/login", "Application": "Crud.Api"}
Activity.TraceId:            5155cb4d02b860ce8a7b7058c5dea400
Activity.SpanId:             fe6f0ce9e3b5d89b
Activity.TraceFlags:         Recorded
Activity.ActivitySourceName: Microsoft.AspNetCore
Activity.DisplayName:        POST api/Auth/login
Activity.Kind:               Server
Activity.StartTime:          2025-09-11T06:45:33.1308171Z
Activity.Duration:           00:00:00.3025324
Activity.Tags:
    server.address: localhost
    http.request.method: POST
    url.scheme: http
    url.path: /api/auth/login
    network.protocol.version: 1.1
    http.route: api/Auth/login
    http.response.status_code: 200
Resource associated with Activity:
    deployment.environment: Testing
    service.name: Crud.Api
    service.version: 1.0.0
    service.instance.id: bb25e7a8-9ced-49c8-9e52-fd74b67e7fff
    telemetry.sdk.name: opentelemetry
    telemetry.sdk.language: dotnet
    telemetry.sdk.version: 1.8.1
[06:45:33 DBG] Removed cache value for key: entity:window:67dda4eb1bc24821862fdcbfeaea5d92 {"SourceContext": "Infrastructure.Services.Caching.InMemoryCacheService", "ActionId": "437818e5-c734-4044-976a-aa59a5b8c07f", "ActionName": "Api.Controllers.WindowsController.Create (Api)", "RequestId": "0HNFGVQB4PDUP", "RequestPath": "/api/windows", "Application": "Crud.Api"}
[06:45:33 DBG] Removed cache value for key: list:window {"SourceContext": "Infrastructure.Services.Caching.InMemoryCacheService", "ActionId": "437818e5-c734-4044-976a-aa59a5b8c07f", "ActionName": "Api.Controllers.WindowsController.Create (Api)", "RequestId": "0HNFGVQB4PDUP", "RequestPath": "/api/windows", "Application": "Crud.Api"}
[06:45:33 DBG] Invalidating cache for entity type: windows with tag: windows {"SourceContext": "Api.Services.OutputCacheInvalidationService", "ActionId": "437818e5-c734-4044-976a-aa59a5b8c07f", "ActionName": "Api.Controllers.WindowsController.Create (Api)", "RequestId": "0HNFGVQB4PDUP", "RequestPath": "/api/windows", "Application": "Crud.Api"}
[06:45:33 INF] Successfully invalidated cache for entity type: windows {"SourceContext": "Api.Services.OutputCacheInvalidationService", "ActionId": "437818e5-c734-4044-976a-aa59a5b8c07f", "ActionName": "Api.Controllers.WindowsController.Create (Api)", "RequestId": "0HNFGVQB4PDUP", "RequestPath": "/api/windows", "Application": "Crud.Api"}
Activity.TraceId:            b128be29a14b2081e7ddb97901a4d4d8
Activity.SpanId:             8b0c9b36f57e2044
Activity.TraceFlags:         Recorded
Activity.ActivitySourceName: Microsoft.AspNetCore
Activity.DisplayName:        POST api/Windows
Activity.Kind:               Server
Activity.StartTime:          2025-09-11T06:45:33.4341732Z
Activity.Duration:           00:00:00.0143560
Activity.Tags:
    server.address: localhost
    http.request.method: POST
    url.scheme: http
    url.path: /api/windows
    network.protocol.version: 1.1
    http.route: api/Windows
    http.response.status_code: 201
Resource associated with Activity:
    deployment.environment: Testing
    service.name: Crud.Api
    service.version: 1.0.0
    service.instance.id: bb25e7a8-9ced-49c8-9e52-fd74b67e7fff
    telemetry.sdk.name: opentelemetry
    telemetry.sdk.language: dotnet
    telemetry.sdk.version: 1.8.1
[06:45:33 INF] User registered successfully: 4c3eabba-71d1-4b7e-995b-fe24864b32b0 {"SourceContext": "App.Features.Authentication.RegisterUserCommandHandler", "ActionId": "21b1c46c-cf1d-4f37-98cb-8d6555749eff", "ActionName": "Api.Controllers.AuthController.Register (Api)", "RequestId": "0HNFGVQB4PDUQ", "RequestPath": "/api/auth/register", "Application": "Crud.Api"}
Activity.TraceId:            478d36afde902493e7631d029f2d350a
Activity.SpanId:             701c282cccdb320b
Activity.TraceFlags:         Recorded
Activity.ActivitySourceName: Microsoft.AspNetCore
Activity.DisplayName:        POST api/Auth/register
Activity.Kind:               Server
Activity.StartTime:          2025-09-11T06:45:33.4497351Z
Activity.Duration:           00:00:00.2994661
Activity.Tags:
    server.address: localhost
    http.request.method: POST
    url.scheme: http
    url.path: /api/auth/register
    network.protocol.version: 1.1
    http.route: api/Auth/register
    http.response.status_code: 200
Resource associated with Activity:
    deployment.environment: Testing
    service.name: Crud.Api
    service.version: 1.0.0
    service.instance.id: bb25e7a8-9ced-49c8-9e52-fd74b67e7fff
    telemetry.sdk.name: opentelemetry
    telemetry.sdk.language: dotnet
    telemetry.sdk.version: 1.8.1
[06:45:34 INF] User logged in successfully: 4c3eabba-71d1-4b7e-995b-fe24864b32b0 {"SourceContext": "App.Features.Authentication.LoginCommandHandler", "ActionId": "4e91dac6-4c48-4864-8a99-5e2194d9ace3", "ActionName": "Api.Controllers.AuthController.Login (Api)", "RequestId": "0HNFGVQB4PDUR", "RequestPath": "/api/auth/login", "Application": "Crud.Api"}
Activity.TraceId:            0a6adcd3ed72e9a0f2d112fa8fc57e38
Activity.SpanId:             2caa377be2693d3b
Activity.TraceFlags:         Recorded
Activity.ActivitySourceName: Microsoft.AspNetCore
Activity.DisplayName:        POST api/Auth/login
Activity.Kind:               Server
Activity.StartTime:          2025-09-11T06:45:33.7507263Z
Activity.Duration:           00:00:00.2991593
Activity.Tags:
    server.address: localhost
    http.request.method: POST
    url.scheme: http
    url.path: /api/auth/login
    network.protocol.version: 1.1
    http.route: api/Auth/login
    http.response.status_code: 200
Resource associated with Activity:
    deployment.environment: Testing
    service.name: Crud.Api
    service.version: 1.0.0
    service.instance.id: bb25e7a8-9ced-49c8-9e52-fd74b67e7fff
    telemetry.sdk.name: opentelemetry
    telemetry.sdk.language: dotnet
    telemetry.sdk.version: 1.8.1
[06:45:34 DBG] Removed cache value for key: entity:person:a49826b6334c4610807c25dbb38811e1 {"SourceContext": "Infrastructure.Services.Caching.InMemoryCacheService", "ActionId": "4180af1b-1b58-4426-a3bd-afbb17778ea3", "ActionName": "Api.Controllers.PeopleController.Create (Api)", "RequestId": "0HNFGVQB4PDUS", "RequestPath": "/api/people", "Application": "Crud.Api"}
[06:45:34 DBG] Removed cache value for key: list:person {"SourceContext": "Infrastructure.Services.Caching.InMemoryCacheService", "ActionId": "4180af1b-1b58-4426-a3bd-afbb17778ea3", "ActionName": "Api.Controllers.PeopleController.Create (Api)", "RequestId": "0HNFGVQB4PDUS", "RequestPath": "/api/people", "Application": "Crud.Api"}
[06:45:34 DBG] Invalidating cache for entity type: people with tag: people {"SourceContext": "Api.Services.OutputCacheInvalidationService", "ActionId": "4180af1b-1b58-4426-a3bd-afbb17778ea3", "ActionName": "Api.Controllers.PeopleController.Create (Api)", "RequestId": "0HNFGVQB4PDUS", "RequestPath": "/api/people", "Application": "Crud.Api"}
[06:45:34 INF] Successfully invalidated cache for entity type: people {"SourceContext": "Api.Services.OutputCacheInvalidationService", "ActionId": "4180af1b-1b58-4426-a3bd-afbb17778ea3", "ActionName": "Api.Controllers.PeopleController.Create (Api)", "RequestId": "0HNFGVQB4PDUS", "RequestPath": "/api/people", "Application": "Crud.Api"}
Activity.TraceId:            6a48375da460581b3910aad2caefd9c2
Activity.SpanId:             82ac987cb47c477a
Activity.TraceFlags:         Recorded
Activity.ActivitySourceName: Microsoft.AspNetCore
Activity.DisplayName:        POST api/People
Activity.Kind:               Server
Activity.StartTime:          2025-09-11T06:45:34.0512180Z
Activity.Duration:           00:00:00.0192182
Activity.Tags:
    server.address: localhost
    http.request.method: POST
    url.scheme: http
    url.path: /api/people
    network.protocol.version: 1.1
    http.route: api/People
    http.response.status_code: 201
Resource associated with Activity:
    deployment.environment: Testing
    service.name: Crud.Api
    service.version: 1.0.0
    service.instance.id: bb25e7a8-9ced-49c8-9e52-fd74b67e7fff
    telemetry.sdk.name: opentelemetry
    telemetry.sdk.language: dotnet
    telemetry.sdk.version: 1.8.1
[06:45:34 INF] User registered successfully: 3c1c6042-0d54-46d3-a4a2-3d1f29d45b7d {"SourceContext": "App.Features.Authentication.RegisterUserCommandHandler", "ActionId": "21b1c46c-cf1d-4f37-98cb-8d6555749eff", "ActionName": "Api.Controllers.AuthController.Register (Api)", "RequestId": "0HNFGVQB4PDUT", "RequestPath": "/api/auth/register", "Application": "Crud.Api"}
Activity.TraceId:            d1b691b824448c87ebcb7332a666b7fe
Activity.SpanId:             11540197650e2d88
Activity.TraceFlags:         Recorded
Activity.ActivitySourceName: Microsoft.AspNetCore
Activity.DisplayName:        POST api/Auth/register
Activity.Kind:               Server
Activity.StartTime:          2025-09-11T06:45:34.0720326Z
Activity.Duration:           00:00:00.2998711
Activity.Tags:
    server.address: localhost
    http.request.method: POST
    url.scheme: http
    url.path: /api/auth/register
    network.protocol.version: 1.1
    http.route: api/Auth/register
    http.response.status_code: 200
Resource associated with Activity:
    deployment.environment: Testing
    service.name: Crud.Api
    service.version: 1.0.0
    service.instance.id: bb25e7a8-9ced-49c8-9e52-fd74b67e7fff
    telemetry.sdk.name: opentelemetry
    telemetry.sdk.language: dotnet
    telemetry.sdk.version: 1.8.1
[06:45:34 DBG] Cache miss for key: list:window {"SourceContext": "Infrastructure.Services.Caching.InMemoryCacheService", "ActionId": "df9ba571-66dd-4b44-b714-2f42de0eb245", "ActionName": "Api.Controllers.WindowsController.List (Api)", "RequestId": "0HNFGVQB4PDUU", "RequestPath": "/api/windows", "Application": "Crud.Api"}
[06:45:34 DBG] Set cache value for key: list:window {"SourceContext": "Infrastructure.Services.Caching.InMemoryCacheService", "ActionId": "df9ba571-66dd-4b44-b714-2f42de0eb245", "ActionName": "Api.Controllers.WindowsController.List (Api)", "RequestId": "0HNFGVQB4PDUU", "RequestPath": "/api/windows", "Application": "Crud.Api"}
Activity.TraceId:            b65e6e03542dcb9b049a67f1d70a1252
Activity.SpanId:             5fe78883455dc1b3
Activity.TraceFlags:         Recorded
Activity.ActivitySourceName: Microsoft.AspNetCore
Activity.DisplayName:        GET api/Windows
Activity.Kind:               Server
Activity.StartTime:          2025-09-11T06:45:34.3729510Z
Activity.Duration:           00:00:00.0017697
Activity.Tags:
    server.address: localhost
    http.request.method: GET
    url.scheme: http
    url.path: /api/windows
    network.protocol.version: 1.1
    http.route: api/Windows
    http.response.status_code: 200
Resource associated with Activity:
    deployment.environment: Testing
    service.name: Crud.Api
    service.version: 1.0.0
    service.instance.id: bb25e7a8-9ced-49c8-9e52-fd74b67e7fff
    telemetry.sdk.name: opentelemetry
    telemetry.sdk.language: dotnet
    telemetry.sdk.version: 1.8.1
[06:45:34 INF] User registered successfully: 44e09bed-def7-4cc1-8e5f-0fc58f17bf26 {"SourceContext": "App.Features.Authentication.RegisterUserCommandHandler", "ActionId": "21b1c46c-cf1d-4f37-98cb-8d6555749eff", "ActionName": "Api.Controllers.AuthController.Register (Api)", "RequestId": "0HNFGVQB4PDUV", "RequestPath": "/api/auth/register", "Application": "Crud.Api"}
Activity.TraceId:            806b6eaa5b3262f9d0078ffdac6c9939
Activity.SpanId:             c50727742897b991
Activity.TraceFlags:         Recorded
Activity.ActivitySourceName: Microsoft.AspNetCore
Activity.DisplayName:        POST api/Auth/register
Activity.Kind:               Server
Activity.StartTime:          2025-09-11T06:45:34.3760968Z
Activity.Duration:           00:00:00.2988886
Activity.Tags:
    server.address: localhost
    http.request.method: POST
    url.scheme: http
    url.path: /api/auth/register
    network.protocol.version: 1.1
    http.route: api/Auth/register
    http.response.status_code: 200
Resource associated with Activity:
    deployment.environment: Testing
    service.name: Crud.Api
    service.version: 1.0.0
    service.instance.id: bb25e7a8-9ced-49c8-9e52-fd74b67e7fff
    telemetry.sdk.name: opentelemetry
    telemetry.sdk.language: dotnet
    telemetry.sdk.version: 1.8.1
[06:45:34 DBG] Cache miss for key: list:wall {"SourceContext": "Infrastructure.Services.Caching.InMemoryCacheService", "ActionId": "4225d5b5-ce32-40c2-a4aa-e7aaf9339d04", "ActionName": "Api.Controllers.WallsController.List (Api)", "RequestId": "0HNFGVQB4PDV0", "RequestPath": "/api/walls", "Application": "Crud.Api"}
[06:45:34 DBG] Set cache value for key: list:wall {"SourceContext": "Infrastructure.Services.Caching.InMemoryCacheService", "ActionId": "4225d5b5-ce32-40c2-a4aa-e7aaf9339d04", "ActionName": "Api.Controllers.WallsController.List (Api)", "RequestId": "0HNFGVQB4PDV0", "RequestPath": "/api/walls", "Application": "Crud.Api"}
Activity.TraceId:            05583f3f58f5bac99d1bae301d09b280
Activity.SpanId:             88f47766daa354e6
Activity.TraceFlags:         Recorded
Activity.ActivitySourceName: Microsoft.AspNetCore
Activity.DisplayName:        GET api/Walls
Activity.Kind:               Server
Activity.StartTime:          2025-09-11T06:45:34.6761572Z
Activity.Duration:           00:00:00.0016536
Activity.Tags:
    server.address: localhost
    http.request.method: GET
    url.scheme: http
    url.path: /api/walls
    network.protocol.version: 1.1
    http.route: api/Walls
    http.response.status_code: 200
Resource associated with Activity:
    deployment.environment: Testing
    service.name: Crud.Api
    service.version: 1.0.0
    service.instance.id: bb25e7a8-9ced-49c8-9e52-fd74b67e7fff
    telemetry.sdk.name: opentelemetry
    telemetry.sdk.language: dotnet
    telemetry.sdk.version: 1.8.1
[06:45:34 INF] User registered successfully: 171f37df-221b-4ae0-a66d-9354ac8cd842 {"SourceContext": "App.Features.Authentication.RegisterUserCommandHandler", "ActionId": "21b1c46c-cf1d-4f37-98cb-8d6555749eff", "ActionName": "Api.Controllers.AuthController.Register (Api)", "RequestId": "0HNFGVQB4PDV1", "RequestPath": "/api/auth/register", "Application": "Crud.Api"}
Activity.TraceId:            c04f7a9ef3bb6838073a294c0751dc74
Activity.SpanId:             62c49b3d905a9929
Activity.TraceFlags:         Recorded
Activity.ActivitySourceName: Microsoft.AspNetCore
Activity.DisplayName:        POST api/Auth/register
Activity.Kind:               Server
Activity.StartTime:          2025-09-11T06:45:34.6790342Z
Activity.Duration:           00:00:00.3003256
Activity.Tags:
    server.address: localhost
    http.request.method: POST
    url.scheme: http
    url.path: /api/auth/register
    network.protocol.version: 1.1
    http.route: api/Auth/register
    http.response.status_code: 200
Resource associated with Activity:
    deployment.environment: Testing
    service.name: Crud.Api
    service.version: 1.0.0
    service.instance.id: bb25e7a8-9ced-49c8-9e52-fd74b67e7fff
    telemetry.sdk.name: opentelemetry
    telemetry.sdk.language: dotnet
    telemetry.sdk.version: 1.8.1
[06:45:34 DBG] Cache miss for key: list:role {"SourceContext": "Infrastructure.Services.Caching.InMemoryCacheService", "ActionId": "27248384-f60f-44e4-851e-33ab31fa7bd5", "ActionName": "Api.Controllers.RolesController.List (Api)", "RequestId": "0HNFGVQB4PDV2", "RequestPath": "/api/roles", "Application": "Crud.Api"}
[06:45:34 DBG] Set cache value for key: list:role {"SourceContext": "Infrastructure.Services.Caching.InMemoryCacheService", "ActionId": "27248384-f60f-44e4-851e-33ab31fa7bd5", "ActionName": "Api.Controllers.RolesController.List (Api)", "RequestId": "0HNFGVQB4PDV2", "RequestPath": "/api/roles", "Application": "Crud.Api"}
Activity.TraceId:            7dd125160a52f6ad8585d305f59905be
Activity.SpanId:             14dce9ffca20bfba
Activity.TraceFlags:         Recorded
Activity.ActivitySourceName: Microsoft.AspNetCore
Activity.DisplayName:        GET api/Roles
Activity.Kind:               Server
Activity.StartTime:          2025-09-11T06:45:34.9805294Z
Activity.Duration:           00:00:00.0010347
Activity.Tags:
    server.address: localhost
    http.request.method: GET
    url.scheme: http
    url.path: /api/roles
    network.protocol.version: 1.1
    http.route: api/Roles
    http.response.status_code: 200
Resource associated with Activity:
    deployment.environment: Testing
    service.name: Crud.Api
    service.version: 1.0.0
    service.instance.id: bb25e7a8-9ced-49c8-9e52-fd74b67e7fff
    telemetry.sdk.name: opentelemetry
    telemetry.sdk.language: dotnet
    telemetry.sdk.version: 1.8.1
[06:45:35 INF] User registered successfully: 998d6c47-9d6c-436b-99f9-bfc699442fce {"SourceContext": "App.Features.Authentication.RegisterUserCommandHandler", "ActionId": "21b1c46c-cf1d-4f37-98cb-8d6555749eff", "ActionName": "Api.Controllers.AuthController.Register (Api)", "RequestId": "0HNFGVQB4PDV3", "RequestPath": "/api/auth/register", "Application": "Crud.Api"}
Activity.TraceId:            c9471299aa1ad1235f297d7ac3bc6a9f
Activity.SpanId:             1272c3daa128a7ae
Activity.TraceFlags:         Recorded
Activity.ActivitySourceName: Microsoft.AspNetCore
Activity.DisplayName:        POST api/Auth/register
Activity.Kind:               Server
Activity.StartTime:          2025-09-11T06:45:34.9837695Z
Activity.Duration:           00:00:00.2990657
Activity.Tags:
    server.address: localhost
    http.request.method: POST
    url.scheme: http
    url.path: /api/auth/register
    network.protocol.version: 1.1
    http.route: api/Auth/register
    http.response.status_code: 200
Resource associated with Activity:
    deployment.environment: Testing
    service.name: Crud.Api
    service.version: 1.0.0
    service.instance.id: bb25e7a8-9ced-49c8-9e52-fd74b67e7fff
    telemetry.sdk.name: opentelemetry
    telemetry.sdk.language: dotnet
    telemetry.sdk.version: 1.8.1
[06:45:35 DBG] Cache hit for key: list:role {"SourceContext": "Infrastructure.Services.Caching.InMemoryCacheService", "ActionId": "27248384-f60f-44e4-851e-33ab31fa7bd5", "ActionName": "Api.Controllers.RolesController.List (Api)", "RequestId": "0HNFGVQB4PDV4", "RequestPath": "/api/roles", "Application": "Crud.Api"}
Activity.TraceId:            3a8fa4138e7283da437754b2099c81b4
Activity.SpanId:             94a9ba8ce88475ba
Activity.TraceFlags:         Recorded
Activity.ActivitySourceName: Microsoft.AspNetCore
Activity.DisplayName:        GET api/Roles
Activity.Kind:               Server
Activity.StartTime:          2025-09-11T06:45:35.2838931Z
Activity.Duration:           00:00:00.0016657
Activity.Tags:
    server.address: localhost
    http.request.method: GET
    url.scheme: http
    url.path: /api/roles
    network.protocol.version: 1.1
    http.route: api/Roles
    http.response.status_code: 200
Resource associated with Activity:
    deployment.environment: Testing
    service.name: Crud.Api
    service.version: 1.0.0
    service.instance.id: bb25e7a8-9ced-49c8-9e52-fd74b67e7fff
    telemetry.sdk.name: opentelemetry
    telemetry.sdk.language: dotnet
    telemetry.sdk.version: 1.8.1
[06:45:35 INF] User registered successfully: 1596088d-bdd9-47fd-b5d9-783b88561de2 {"SourceContext": "App.Features.Authentication.RegisterUserCommandHandler", "ActionId": "21b1c46c-cf1d-4f37-98cb-8d6555749eff", "ActionName": "Api.Controllers.AuthController.Register (Api)", "RequestId": "0HNFGVQB4PDV5", "RequestPath": "/api/auth/register", "Application": "Crud.Api"}
Activity.TraceId:            6f2b2aced19690f81346251561938b72
Activity.SpanId:             e096d98f935f5156
Activity.TraceFlags:         Recorded
Activity.ActivitySourceName: Microsoft.AspNetCore
Activity.DisplayName:        POST api/Auth/register
Activity.Kind:               Server
Activity.StartTime:          2025-09-11T06:45:35.2875873Z
Activity.Duration:           00:00:00.2988173
Activity.Tags:
    server.address: localhost
    http.request.method: POST
    url.scheme: http
    url.path: /api/auth/register
    network.protocol.version: 1.1
    http.route: api/Auth/register
    http.response.status_code: 200
Resource associated with Activity:
    deployment.environment: Testing
    service.name: Crud.Api
    service.version: 1.0.0
    service.instance.id: bb25e7a8-9ced-49c8-9e52-fd74b67e7fff
    telemetry.sdk.name: opentelemetry
    telemetry.sdk.language: dotnet
    telemetry.sdk.version: 1.8.1
[06:45:35 DBG] Cache hit for key: list:role {"SourceContext": "Infrastructure.Services.Caching.InMemoryCacheService", "ActionId": "27248384-f60f-44e4-851e-33ab31fa7bd5", "ActionName": "Api.Controllers.RolesController.List (Api)", "RequestId": "0HNFGVQB4PDV6", "RequestPath": "/api/roles", "Application": "Crud.Api"}
Activity.TraceId:            29c6007d7a9ac2fb251f3308eb03ca99
Activity.SpanId:             2fc2f8639cb5a9b0
Activity.TraceFlags:         Recorded
Activity.ActivitySourceName: Microsoft.AspNetCore
Activity.DisplayName:        GET api/Roles
Activity.Kind:               Server
Activity.StartTime:          2025-09-11T06:45:35.5873966Z
Activity.Duration:           00:00:00.0004684
Activity.Tags:
    server.address: localhost
    http.request.method: GET
    url.scheme: http
    url.path: /api/roles
    network.protocol.version: 1.1
    http.route: api/Roles
    http.response.status_code: 200
Resource associated with Activity:
    deployment.environment: Testing
    service.name: Crud.Api
    service.version: 1.0.0
    service.instance.id: bb25e7a8-9ced-49c8-9e52-fd74b67e7fff
    telemetry.sdk.name: opentelemetry
    telemetry.sdk.language: dotnet
    telemetry.sdk.version: 1.8.1
[06:45:35 INF] User registered successfully: 606d5d31-c0ab-47f0-a2a6-8d8ab2d9c837 {"SourceContext": "App.Features.Authentication.RegisterUserCommandHandler", "ActionId": "21b1c46c-cf1d-4f37-98cb-8d6555749eff", "ActionName": "Api.Controllers.AuthController.Register (Api)", "RequestId": "0HNFGVQB4PDV7", "RequestPath": "/api/auth/register", "Application": "Crud.Api"}
Activity.TraceId:            063210d0cc41ee532a658a57de3e68ec
Activity.SpanId:             876b6f3b73901920
Activity.TraceFlags:         Recorded
Activity.ActivitySourceName: Microsoft.AspNetCore
Activity.DisplayName:        POST api/Auth/register
Activity.Kind:               Server
Activity.StartTime:          2025-09-11T06:45:35.5897948Z
Activity.Duration:           00:00:00.2991676
Activity.Tags:
    server.address: localhost
    http.request.method: POST
    url.scheme: http
    url.path: /api/auth/register
    network.protocol.version: 1.1
    http.route: api/Auth/register
    http.response.status_code: 200
Resource associated with Activity:
    deployment.environment: Testing
    service.name: Crud.Api
    service.version: 1.0.0
    service.instance.id: bb25e7a8-9ced-49c8-9e52-fd74b67e7fff
    telemetry.sdk.name: opentelemetry
    telemetry.sdk.language: dotnet
    telemetry.sdk.version: 1.8.1
[06:45:36 INF] User logged in successfully: 606d5d31-c0ab-47f0-a2a6-8d8ab2d9c837 {"SourceContext": "App.Features.Authentication.LoginCommandHandler", "ActionId": "4e91dac6-4c48-4864-8a99-5e2194d9ace3", "ActionName": "Api.Controllers.AuthController.Login (Api)", "RequestId": "0HNFGVQB4PDV8", "RequestPath": "/api/auth/login", "Application": "Crud.Api"}
Activity.TraceId:            0296bc887fa12a2a57878b433239f224
Activity.SpanId:             635848baa8746ff1
Activity.TraceFlags:         Recorded
Activity.ActivitySourceName: Microsoft.AspNetCore
Activity.DisplayName:        POST api/Auth/login
Activity.Kind:               Server
Activity.StartTime:          2025-09-11T06:45:35.8905107Z
Activity.Duration:           00:00:00.2991821
Activity.Tags:
    server.address: localhost
    http.request.method: POST
    url.scheme: http
    url.path: /api/auth/login
    network.protocol.version: 1.1
    http.route: api/Auth/login
    http.response.status_code: 200
Resource associated with Activity:
    deployment.environment: Testing
    service.name: Crud.Api
    service.version: 1.0.0
    service.instance.id: bb25e7a8-9ced-49c8-9e52-fd74b67e7fff
    telemetry.sdk.name: opentelemetry
    telemetry.sdk.language: dotnet
    telemetry.sdk.version: 1.8.1
Activity.TraceId:            cf44a3ab5e4096375094c96a5a44dbe8
Activity.SpanId:             d9b336f48fda89f3
Activity.TraceFlags:         Recorded
Activity.ActivitySourceName: Microsoft.AspNetCore
Activity.DisplayName:        PATCH
Activity.Kind:               Server
Activity.StartTime:          2025-09-11T06:45:36.1907809Z
Activity.Duration:           00:00:00.0002874
Activity.Tags:
    server.address: localhost
    http.request.method: PATCH
    url.scheme: http
    url.path: /api/roles
    network.protocol.version: 1.1
    http.response.status_code: 405
Resource associated with Activity:
    deployment.environment: Testing
    service.name: Crud.Api
    service.version: 1.0.0
    service.instance.id: bb25e7a8-9ced-49c8-9e52-fd74b67e7fff
    telemetry.sdk.name: opentelemetry
    telemetry.sdk.language: dotnet
    telemetry.sdk.version: 1.8.1
[06:45:36 INF] User registered successfully: 0547e4b5-d294-473b-a197-7351dd1897b2 {"SourceContext": "App.Features.Authentication.RegisterUserCommandHandler", "ActionId": "21b1c46c-cf1d-4f37-98cb-8d6555749eff", "ActionName": "Api.Controllers.AuthController.Register (Api)", "RequestId": "0HNFGVQB4PDVA", "RequestPath": "/api/auth/register", "Application": "Crud.Api"}
Activity.TraceId:            727ba652697545c58cd6be6709aa3e2a
Activity.SpanId:             5f80524544274923
Activity.TraceFlags:         Recorded
Activity.ActivitySourceName: Microsoft.AspNetCore
Activity.DisplayName:        POST api/Auth/register
Activity.Kind:               Server
Activity.StartTime:          2025-09-11T06:45:36.1927029Z
Activity.Duration:           00:00:00.2990465
Activity.Tags:
    server.address: localhost
    http.request.method: POST
    url.scheme: http
    url.path: /api/auth/register
    network.protocol.version: 1.1
    http.route: api/Auth/register
    http.response.status_code: 200
Resource associated with Activity:
    deployment.environment: Testing
    service.name: Crud.Api
    service.version: 1.0.0
    service.instance.id: bb25e7a8-9ced-49c8-9e52-fd74b67e7fff
    telemetry.sdk.name: opentelemetry
    telemetry.sdk.language: dotnet
    telemetry.sdk.version: 1.8.1
[06:45:36 INF] User logged in successfully: 0547e4b5-d294-473b-a197-7351dd1897b2 {"SourceContext": "App.Features.Authentication.LoginCommandHandler", "ActionId": "4e91dac6-4c48-4864-8a99-5e2194d9ace3", "ActionName": "Api.Controllers.AuthController.Login (Api)", "RequestId": "0HNFGVQB4PDVB", "RequestPath": "/api/auth/login", "Application": "Crud.Api"}
Activity.TraceId:            5d60725335cb2dd3582c036e59007aab
Activity.SpanId:             7190cdd19e947fcc
Activity.TraceFlags:         Recorded
Activity.ActivitySourceName: Microsoft.AspNetCore
Activity.DisplayName:        POST api/Auth/login
Activity.Kind:               Server
Activity.StartTime:          2025-09-11T06:45:36.4932468Z
Activity.Duration:           00:00:00.3000613
Activity.Tags:
    server.address: localhost
    http.request.method: POST
    url.scheme: http
    url.path: /api/auth/login
    network.protocol.version: 1.1
    http.route: api/Auth/login
    http.response.status_code: 200
Resource associated with Activity:
    deployment.environment: Testing
    service.name: Crud.Api
    service.version: 1.0.0
    service.instance.id: bb25e7a8-9ced-49c8-9e52-fd74b67e7fff
    telemetry.sdk.name: opentelemetry
    telemetry.sdk.language: dotnet
    telemetry.sdk.version: 1.8.1
Activity.TraceId:            a0b8e0d99de51b27b025a777f642f200
Activity.SpanId:             80c4e0be7a98c758
Activity.TraceFlags:         Recorded
Activity.ActivitySourceName: Microsoft.AspNetCore
Activity.DisplayName:        POST api/Roles
Activity.Kind:               Server
Activity.StartTime:          2025-09-11T06:45:36.7944863Z
Activity.Duration:           00:00:00.0025051
Activity.Tags:
    server.address: localhost
    http.request.method: POST
    url.scheme: http
    url.path: /api/roles
    network.protocol.version: 1.1
    http.route: api/Roles
    http.response.status_code: 400
Resource associated with Activity:
    deployment.environment: Testing
    service.name: Crud.Api
    service.version: 1.0.0
    service.instance.id: bb25e7a8-9ced-49c8-9e52-fd74b67e7fff
    telemetry.sdk.name: opentelemetry
    telemetry.sdk.language: dotnet
    telemetry.sdk.version: 1.8.1
[06:45:37 INF] User registered successfully: ebb5b011-48d9-4161-a62e-e872e8f8af1b {"SourceContext": "App.Features.Authentication.RegisterUserCommandHandler", "ActionId": "21b1c46c-cf1d-4f37-98cb-8d6555749eff", "ActionName": "Api.Controllers.AuthController.Register (Api)", "RequestId": "0HNFGVQB4PDVD", "RequestPath": "/api/auth/register", "Application": "Crud.Api"}
Activity.TraceId:            8a7ff47485538cb835441db7939ff9cb
Activity.SpanId:             232b8c4ea59b4a58
Activity.TraceFlags:         Recorded
Activity.ActivitySourceName: Microsoft.AspNetCore
Activity.DisplayName:        POST api/Auth/register
Activity.Kind:               Server
Activity.StartTime:          2025-09-11T06:45:36.7986166Z
Activity.Duration:           00:00:00.3005010
Activity.Tags:
    server.address: localhost
    http.request.method: POST
    url.scheme: http
    url.path: /api/auth/register
    network.protocol.version: 1.1
    http.route: api/Auth/register
    http.response.status_code: 200
Resource associated with Activity:
    deployment.environment: Testing
    service.name: Crud.Api
    service.version: 1.0.0
    service.instance.id: bb25e7a8-9ced-49c8-9e52-fd74b67e7fff
    telemetry.sdk.name: opentelemetry
    telemetry.sdk.language: dotnet
    telemetry.sdk.version: 1.8.1
[06:45:37 INF] User logged in successfully: ebb5b011-48d9-4161-a62e-e872e8f8af1b {"SourceContext": "App.Features.Authentication.LoginCommandHandler", "ActionId": "4e91dac6-4c48-4864-8a99-5e2194d9ace3", "ActionName": "Api.Controllers.AuthController.Login (Api)", "RequestId": "0HNFGVQB4PDVE", "RequestPath": "/api/auth/login", "Application": "Crud.Api"}
Activity.TraceId:            cd3e82303513d2d56c906046e36520c3
Activity.SpanId:             e4999c13d14e5b53
Activity.TraceFlags:         Recorded
Activity.ActivitySourceName: Microsoft.AspNetCore
Activity.DisplayName:        POST api/Auth/login
Activity.Kind:               Server
Activity.StartTime:          2025-09-11T06:45:37.1007950Z
Activity.Duration:           00:00:00.2990299
Activity.Tags:
    server.address: localhost
    http.request.method: POST
    url.scheme: http
    url.path: /api/auth/login
    network.protocol.version: 1.1
    http.route: api/Auth/login
    http.response.status_code: 200
Resource associated with Activity:
    deployment.environment: Testing
    service.name: Crud.Api
    service.version: 1.0.0
    service.instance.id: bb25e7a8-9ced-49c8-9e52-fd74b67e7fff
    telemetry.sdk.name: opentelemetry
    telemetry.sdk.language: dotnet
    telemetry.sdk.version: 1.8.1
[06:45:37 ERR] An unhandled exception occurred during request POST /api/roles. Request ID: 0HNFGVQB4PDVF, User: Anonymous {"SourceContext": "Api.Middleware.GlobalExceptionHandlingMiddleware", "RequestPath": "/api/roles", "Application": "Crud.Api"}
FluentValidation.ValidationException: Validation failed: 
 -- Description: Description cannot exceed 500 characters Severity: Error
   at App.Behaviors.ValidationBehavior`2.Handle(TRequest request, RequestHandlerDelegate`1 next, CancellationToken cancellationToken) in /home/runner/work/Crud/Crud/src/App/Behaviors/ValidationBehavior.cs:line 39
   at Api.Controllers.RolesController.Create(CreateRoleRequest request, CancellationToken ct) in /home/runner/work/Crud/Crud/src/Api/Controllers/RolesController.cs:line 87
   at lambda_method2180(Closure, Object)
   at Microsoft.AspNetCore.Mvc.Infrastructure.ActionMethodExecutor.AwaitableObjectResultExecutor.Execute(ActionContext actionContext, IActionResultTypeMapper mapper, ObjectMethodExecutor executor, Object controller, Object[] arguments)
   at Microsoft.AspNetCore.Mvc.Infrastructure.ControllerActionInvoker.&lt;InvokeActionMethodAsync&gt;g__Logged|12_1(ControllerActionInvoker invoker)
   at Microsoft.AspNetCore.Mvc.Infrastructure.ControllerActionInvoker.&lt;InvokeNextActionFilterAsync&gt;g__Awaited|10_0(ControllerActionInvoker invoker, Task lastTask, State next, Scope scope, Object state, Boolean isCompleted)
   at Microsoft.AspNetCore.Mvc.Infrastructure.ControllerActionInvoker.Rethrow(ActionExecutedContextSealed context)
   at Microsoft.AspNetCore.Mvc.Infrastructure.ControllerActionInvoker.Next(State&amp; next, Scope&amp; scope, Object&amp; state, Boolean&amp; isCompleted)
   at Microsoft.AspNetCore.Mvc.Infrastructure.ControllerActionInvoker.InvokeInnerFilterAsync()
--- End of stack trace from previous location ---
   at Microsoft.AspNetCore.Mvc.Infrastructure.ResourceInvoker.&lt;InvokeFilterPipelineAsync&gt;g__Awaited|20_0(ResourceInvoker invoker, Task lastTask, State next, Scope scope, Object state, Boolean isCompleted)
   at Microsoft.AspNetCore.Mvc.Infrastructure.ResourceInvoker.&lt;InvokeAsync&gt;g__Logged|17_1(ResourceInvoker invoker)
   at Microsoft.AspNetCore.Mvc.Infrastructure.ResourceInvoker.&lt;InvokeAsync&gt;g__Logged|17_1(ResourceInvoker invoker)
   at Api.Middleware.ConditionalRequestMiddleware.InvokeAsync(HttpContext context) in /home/runner/work/Crud/Crud/src/Api/Middleware/ConditionalRequestMiddleware.cs:line 31
   at Microsoft.AspNetCore.Authorization.AuthorizationMiddleware.Invoke(HttpContext context)
   at Microsoft.AspNetCore.Authentication.AuthenticationMiddleware.Invoke(HttpContext context)
   at Microsoft.AspNetCore.RateLimiting.RateLimitingMiddleware.InvokeInternal(HttpContext context, EnableRateLimitingAttribute enableRateLimitingAttribute)
   at Api.Middleware.GlobalExceptionHandlingMiddleware.InvokeAsync(HttpContext context) in /home/runner/work/Crud/Crud/src/Api/Middleware/GlobalExceptionHandlingMiddleware.cs:line 27
Activity.TraceId:            5e7e29be2f7ba2157034369c462944db
Activity.SpanId:             c5e01fa186a74572
Activity.TraceFlags:         Recorded
Activity.ActivitySourceName: Microsoft.AspNetCore
Activity.DisplayName:        POST api/Roles
Activity.Kind:               Server
Activity.StartTime:          2025-09-11T06:45:37.4006791Z
Activity.Duration:           00:00:00.0019864
Activity.Tags:
    server.address: localhost
    http.request.method: POST
    url.scheme: http
    url.path: /api/roles
    network.protocol.version: 1.1
    http.route: api/Roles
    http.response.status_code: 400
Resource associated with Activity:
    deployment.environment: Testing
    service.name: Crud.Api
    service.version: 1.0.0
    service.instance.id: bb25e7a8-9ced-49c8-9e52-fd74b67e7fff
    telemetry.sdk.name: opentelemetry
    telemetry.sdk.language: dotnet
    telemetry.sdk.version: 1.8.1
[06:45:37 INF] Resetting database for worker 14133 {"SourceContext": "Infrastructure.Services.DatabaseTestService", "Application": "Crud.Api"}
[06:45:37 INF] Resetting database via file deletion for worker 14133 in CI environment {"SourceContext": "Infrastructure.Services.DatabaseTestService", "Application": "Crud.Api"}
[06:45:37 INF] Acquiring database mutex for worker 14133... {"SourceContext": "Infrastructure.Services.DatabaseTestService", "Application": "Crud.Api"}
[06:45:37 INF] Database mutex acquired for worker 14133 {"SourceContext": "Infrastructure.Services.DatabaseTestService", "Application": "Crud.Api"}
[06:45:37 INF] Current database state - CanConnect: True {"SourceContext": "Infrastructure.Services.DatabaseTestService", "Application": "Crud.Api"}
[06:45:37 INF] [Phase 0] Closing database connection for worker 14133... {"SourceContext": "Infrastructure.Services.DatabaseTestService", "Application": "Crud.Api"}
[06:45:37 INF] [Phase 0] Connection closed in 0.0007ms {"SourceContext": "Infrastructure.Services.DatabaseTestService", "Application": "Crud.Api"}
[06:45:37 INF] [Phase 1] Starting EnsureDeletedAsync for worker 14133... {"SourceContext": "Infrastructure.Services.DatabaseTestService", "Application": "Crud.Api"}
[06:45:37 INF] [Phase 1] EnsureDeletedAsync completed in 1.937ms {"SourceContext": "Infrastructure.Services.DatabaseTestService", "Application": "Crud.Api"}
[06:45:37 INF] [Phase 2] Starting EnsureCreatedAsync for worker 14133... {"SourceContext": "Infrastructure.Services.DatabaseTestService", "Application": "Crud.Api"}
[06:45:37 INF] [Phase 2] EnsureCreatedAsync completed in 8.0574ms {"SourceContext": "Infrastructure.Services.DatabaseTestService", "Application": "Crud.Api"}
[06:45:37 INF] [Phase 3] Skipping database seeding as requested for worker 14133 {"SourceContext": "Infrastructure.Services.DatabaseTestService", "Application": "Crud.Api"}
[06:45:37 INF] Database reset via file deletion completed for worker 14133 in 111.1583ms (Close: 0.0007ms, Delete: 1.937ms, Create: 8.0574ms) {"SourceContext": "Infrastructure.Services.DatabaseTestService", "Application": "Crud.Api"}
[06:45:37 INF] Releasing database mutex for worker 14133 {"SourceContext": "Infrastructure.Services.DatabaseTestService", "Application": "Crud.Api"}
[06:45:37 INF] User registered successfully: c565eda0-a4b5-4810-a3b3-9f8ac228732d {"SourceContext": "App.Features.Authentication.RegisterUserCommandHandler", "ActionId": "21b1c46c-cf1d-4f37-98cb-8d6555749eff", "ActionName": "Api.Controllers.AuthController.Register (Api)", "RequestId": "0HNFGVQB4PDVH", "RequestPath": "/api/auth/register", "Application": "Crud.Api"}
Activity.TraceId:            032f1ea68fe00ee50966bcf7b7c6a8ed
Activity.SpanId:             3021d4cac3479fc2
Activity.TraceFlags:         Recorded
Activity.ActivitySourceName: Microsoft.AspNetCore
Activity.DisplayName:        POST api/Auth/register
Activity.Kind:               Server
Activity.StartTime:          2025-09-11T06:45:37.5177241Z
Activity.Duration:           00:00:00.3014103
Activity.Tags:
    server.address: localhost
    http.request.method: POST
    url.scheme: http
    url.path: /api/auth/register
    network.protocol.version: 1.1
    http.route: api/Auth/register
    http.response.status_code: 200
Resource associated with Activity:
    deployment.environment: Testing
    service.name: Crud.Api
    service.version: 1.0.0
    service.instance.id: bb25e7a8-9ced-49c8-9e52-fd74b67e7fff
    telemetry.sdk.name: opentelemetry
    telemetry.sdk.language: dotnet
    telemetry.sdk.version: 1.8.1
[06:45:37 INF] User registered successfully: 279ff448-f6b3-47ae-b168-de72081f0e62 {"SourceContext": "App.Features.Authentication.RegisterUserCommandHandler", "ActionId": "21b1c46c-cf1d-4f37-98cb-8d6555749eff", "ActionName": "Api.Controllers.AuthController.Register (Api)", "RequestId": "0HNFGVQB4PDVG", "RequestPath": "/api/auth/register", "Application": "Crud.Api"}
Activity.TraceId:            29e0da3406485030652ef39f43776849
Activity.SpanId:             c03a7f91fd8de30c
Activity.TraceFlags:         Recorded
Activity.ActivitySourceName: Microsoft.AspNetCore
Activity.DisplayName:        POST api/Auth/register
Activity.Kind:               Server
Activity.StartTime:          2025-09-11T06:45:37.5177054Z
Activity.Duration:           00:00:00.3712690
Activity.Tags:
    server.address: localhost
    http.request.method: POST
    url.scheme: http
    url.path: /api/auth/register
    network.protocol.version: 1.1
    http.route: api/Auth/register
    http.response.status_code: 200
Resource associated with Activity:
    deployment.environment: Testing
    service.name: Crud.Api
    service.version: 1.0.0
    service.instance.id: bb25e7a8-9ced-49c8-9e52-fd74b67e7fff
    telemetry.sdk.name: opentelemetry
    telemetry.sdk.language: dotnet
    telemetry.sdk.version: 1.8.1
[06:45:38 INF] User registered successfully: 35d933ab-884d-4018-a5bf-9f923746b3dd {"SourceContext": "App.Features.Authentication.RegisterUserCommandHandler", "ActionId": "21b1c46c-cf1d-4f37-98cb-8d6555749eff", "ActionName": "Api.Controllers.AuthController.Register (Api)", "RequestId": "0HNFGVQB4PDVI", "RequestPath": "/api/auth/register", "Application": "Crud.Api"}
Activity.TraceId:            8e740eac11d3a7d96202253fb42f4f94
Activity.SpanId:             f685428d52cac995
Activity.TraceFlags:         Recorded
Activity.ActivitySourceName: Microsoft.AspNetCore
Activity.DisplayName:        POST api/Auth/register
Activity.Kind:               Server
Activity.StartTime:          2025-09-11T06:45:37.5177382Z
Activity.Duration:           00:00:00.5222201
Activity.Tags:
    server.address: localhost
    http.request.method: POST
    url.scheme: http
    url.path: /api/auth/register
    network.protocol.version: 1.1
    http.route: api/Auth/register
    http.response.status_code: 200
Resource associated with Activity:
    deployment.environment: Testing
    service.name: Crud.Api
    service.version: 1.0.0
    service.instance.id: bb25e7a8-9ced-49c8-9e52-fd74b67e7fff
    telemetry.sdk.name: opentelemetry
    telemetry.sdk.language: dotnet
    telemetry.sdk.version: 1.8.1
[06:45:38 INF] User registered successfully: 1e48a221-d066-41cf-a9e6-5630dabe27df {"SourceContext": "App.Features.Authentication.RegisterUserCommandHandler", "ActionId": "21b1c46c-cf1d-4f37-98cb-8d6555749eff", "ActionName": "Api.Controllers.AuthController.Register (Api)", "RequestId": "0HNFGVQB4PDVJ", "RequestPath": "/api/auth/register", "Application": "Crud.Api"}
Activity.TraceId:            4274165fdc0a380f45631d84a3a63434
Activity.SpanId:             c36ff7ec0dde9fa2
Activity.TraceFlags:         Recorded
Activity.ActivitySourceName: Microsoft.AspNetCore
Activity.DisplayName:        POST api/Auth/register
Activity.Kind:               Server
Activity.StartTime:          2025-09-11T06:45:37.8204739Z
Activity.Duration:           00:00:00.3191983
Activity.Tags:
    server.address: localhost
    http.request.method: POST
    url.scheme: http
    url.path: /api/auth/register
    network.protocol.version: 1.1
    http.route: api/Auth/register
    http.response.status_code: 200
Resource associated with Activity:
    deployment.environment: Testing
    service.name: Crud.Api
    service.version: 1.0.0
    service.instance.id: bb25e7a8-9ced-49c8-9e52-fd74b67e7fff
    telemetry.sdk.name: opentelemetry
    telemetry.sdk.language: dotnet
    telemetry.sdk.version: 1.8.1
[06:45:38 INF] User registered successfully: 09db8a3d-4531-47be-92dc-a596bf8da889 {"SourceContext": "App.Features.Authentication.RegisterUserCommandHandler", "ActionId": "21b1c46c-cf1d-4f37-98cb-8d6555749eff", "ActionName": "Api.Controllers.AuthController.Register (Api)", "RequestId": "0HNFGVQB4PDVK", "RequestPath": "/api/auth/register", "Application": "Crud.Api"}
Activity.TraceId:            39b5538195518257d2806df7b93ca7e6
Activity.SpanId:             672221f8de38db2f
Activity.TraceFlags:         Recorded
Activity.ActivitySourceName: Microsoft.AspNetCore
Activity.DisplayName:        POST api/Auth/register
Activity.Kind:               Server
Activity.StartTime:          2025-09-11T06:45:37.8899276Z
Activity.Duration:           00:00:00.3349308
Activity.Tags:
    server.address: localhost
    http.request.method: POST
    url.scheme: http
    url.path: /api/auth/register
    network.protocol.version: 1.1
    http.route: api/Auth/register
    http.response.status_code: 200
Resource associated with Activity:
    deployment.environment: Testing
    service.name: Crud.Api
    service.version: 1.0.0
    service.instance.id: bb25e7a8-9ced-49c8-9e52-fd74b67e7fff
    telemetry.sdk.name: opentelemetry
    telemetry.sdk.language: dotnet
    telemetry.sdk.version: 1.8.1
[06:45:38 INF] User registered successfully: 6b74c962-e73e-451b-820d-392c395e5091 {"SourceContext": "App.Features.Authentication.RegisterUserCommandHandler", "ActionId": "21b1c46c-cf1d-4f37-98cb-8d6555749eff", "ActionName": "Api.Controllers.AuthController.Register (Api)", "RequestId": "0HNFGVQB4PDVL", "RequestPath": "/api/auth/register", "Application": "Crud.Api"}
Activity.TraceId:            f65f7537d26e4d17012b399bc4c59e83
Activity.SpanId:             ebb15a8e514eedc0
Activity.TraceFlags:         Recorded
Activity.ActivitySourceName: Microsoft.AspNetCore
Activity.DisplayName:        POST api/Auth/register
Activity.Kind:               Server
Activity.StartTime:          2025-09-11T06:45:38.0401884Z
Activity.Duration:           00:00:00.3714080
Activity.Tags:
    server.address: localhost
    http.request.method: POST
    url.scheme: http
    url.path: /api/auth/register
    network.protocol.version: 1.1
    http.route: api/Auth/register
    http.response.status_code: 200
Resource associated with Activity:
    deployment.environment: Testing
    service.name: Crud.Api
    service.version: 1.0.0
    service.instance.id: bb25e7a8-9ced-49c8-9e52-fd74b67e7fff
    telemetry.sdk.name: opentelemetry
    telemetry.sdk.language: dotnet
    telemetry.sdk.version: 1.8.1
[06:45:38 INF] User registered successfully: b2919221-c14a-46fe-ab41-4906dd4478c4 {"SourceContext": "App.Features.Authentication.RegisterUserCommandHandler", "ActionId": "21b1c46c-cf1d-4f37-98cb-8d6555749eff", "ActionName": "Api.Controllers.AuthController.Register (Api)", "RequestId": "0HNFGVQB4PDVM", "RequestPath": "/api/auth/register", "Application": "Crud.Api"}
Activity.TraceId:            1cadebf647924d7b77c95bba9d8fe08b
Activity.SpanId:             7c0c6d1024c0059d
Activity.TraceFlags:         Recorded
Activity.ActivitySourceName: Microsoft.AspNetCore
Activity.DisplayName:        POST api/Auth/register
Activity.Kind:               Server
Activity.StartTime:          2025-09-11T06:45:38.0434315Z
Activity.Duration:           00:00:00.3732628
Activity.Tags:
    server.address: localhost
    http.request.method: POST
    url.scheme: http
    url.path: /api/auth/register
    network.protocol.version: 1.1
    http.route: api/Auth/register
    http.response.status_code: 200
Resource associated with Activity:
    deployment.environment: Testing
    service.name: Crud.Api
    service.version: 1.0.0
    service.instance.id: bb25e7a8-9ced-49c8-9e52-fd74b67e7fff
    telemetry.sdk.name: opentelemetry
    telemetry.sdk.language: dotnet
    telemetry.sdk.version: 1.8.1
[06:45:38 INF] User registered successfully: 4da6b7f2-7920-442e-981c-9d780f5d0514 {"SourceContext": "App.Features.Authentication.RegisterUserCommandHandler", "ActionId": "21b1c46c-cf1d-4f37-98cb-8d6555749eff", "ActionName": "Api.Controllers.AuthController.Register (Api)", "RequestId": "0HNFGVQB4PDVN", "RequestPath": "/api/auth/register", "Application": "Crud.Api"}
Activity.TraceId:            2eefa4bbf2402d06eef6370b0612a033
Activity.SpanId:             e2a24f0650f1880a
Activity.TraceFlags:         Recorded
Activity.ActivitySourceName: Microsoft.AspNetCore
Activity.DisplayName:        POST api/Auth/register
Activity.Kind:               Server
Activity.StartTime:          2025-09-11T06:45:38.1434536Z
Activity.Duration:           00:00:00.3768128
Activity.Tags:
    server.address: localhost
    http.request.method: POST
    url.scheme: http
    url.path: /api/auth/register
    network.protocol.version: 1.1
    http.route: api/Auth/register
    http.response.status_code: 200
Resource associated with Activity:
    deployment.environment: Testing
    service.name: Crud.Api
    service.version: 1.0.0
    service.instance.id: bb25e7a8-9ced-49c8-9e52-fd74b67e7fff
    telemetry.sdk.name: opentelemetry
    telemetry.sdk.language: dotnet
    telemetry.sdk.version: 1.8.1
[06:45:38 INF] User registered successfully: dca0a72a-05db-4610-a8d7-5ff7b5de8647 {"SourceContext": "App.Features.Authentication.RegisterUserCommandHandler", "ActionId": "21b1c46c-cf1d-4f37-98cb-8d6555749eff", "ActionName": "Api.Controllers.AuthController.Register (Api)", "RequestId": "0HNFGVQB4PDVO", "RequestPath": "/api/auth/register", "Application": "Crud.Api"}
Activity.TraceId:            905a872215314ffa1a63454409f2a5ef
Activity.SpanId:             7cea3b9eabfa83aa
Activity.TraceFlags:         Recorded
Activity.ActivitySourceName: Microsoft.AspNetCore
Activity.DisplayName:        POST api/Auth/register
Activity.Kind:               Server
Activity.StartTime:          2025-09-11T06:45:38.2294802Z
Activity.Duration:           00:00:00.3716545
Activity.Tags:
    server.address: localhost
    http.request.method: POST
    url.scheme: http
    url.path: /api/auth/register
    network.protocol.version: 1.1
    http.route: api/Auth/register
    http.response.status_code: 200
Resource associated with Activity:
    deployment.environment: Testing
    service.name: Crud.Api
    service.version: 1.0.0
    service.instance.id: bb25e7a8-9ced-49c8-9e52-fd74b67e7fff
    telemetry.sdk.name: opentelemetry
    telemetry.sdk.language: dotnet
    telemetry.sdk.version: 1.8.1
[06:45:38 INF] User registered successfully: 6aa2480d-6f30-4266-882d-0c2e02b8f0c4 {"SourceContext": "App.Features.Authentication.RegisterUserCommandHandler", "ActionId": "21b1c46c-cf1d-4f37-98cb-8d6555749eff", "ActionName": "Api.Controllers.AuthController.Register (Api)", "RequestId": "0HNFGVQB4PDVP", "RequestPath": "/api/auth/register", "Application": "Crud.Api"}
Activity.TraceId:            fe6a41492720b2b054ac19aabf994f6c
Activity.SpanId:             c08d12ff12b574f2
Activity.TraceFlags:         Recorded
Activity.ActivitySourceName: Microsoft.AspNetCore
Activity.DisplayName:        POST api/Auth/register
Activity.Kind:               Server
Activity.StartTime:          2025-09-11T06:45:38.4134164Z
Activity.Duration:           00:00:00.3774147
Activity.Tags:
    server.address: localhost
    http.request.method: POST
    url.scheme: http
    url.path: /api/auth/register
    network.protocol.version: 1.1
    http.route: api/Auth/register
    http.response.status_code: 200
Resource associated with Activity:
    deployment.environment: Testing
    service.name: Crud.Api
    service.version: 1.0.0
    service.instance.id: bb25e7a8-9ced-49c8-9e52-fd74b67e7fff
    telemetry.sdk.name: opentelemetry
    telemetry.sdk.language: dotnet
    telemetry.sdk.version: 1.8.1
[06:45:38 INF] User logged in successfully: 279ff448-f6b3-47ae-b168-de72081f0e62 {"SourceContext": "App.Features.Authentication.LoginCommandHandler", "ActionId": "4e91dac6-4c48-4864-8a99-5e2194d9ace3", "ActionName": "Api.Controllers.AuthController.Login (Api)", "RequestId": "0HNFGVQB4PDVR", "RequestPath": "/api/auth/login", "Application": "Crud.Api"}
Activity.TraceId:            f8806f6040e1481da46833d6c8c329d0
Activity.SpanId:             3e9ee9365eb5ff1a
Activity.TraceFlags:         Recorded
Activity.ActivitySourceName: Microsoft.AspNetCore
Activity.DisplayName:        POST api/Auth/login
Activity.Kind:               Server
Activity.StartTime:          2025-09-11T06:45:38.5243080Z
Activity.Duration:           00:00:00.3515607
Activity.Tags:
    server.address: localhost
    http.request.method: POST
    url.scheme: http
    url.path: /api/auth/login
    network.protocol.version: 1.1
    http.route: api/Auth/login
    http.response.status_code: 200
Resource associated with Activity:
    deployment.environment: Testing
    service.name: Crud.Api
    service.version: 1.0.0
    service.instance.id: bb25e7a8-9ced-49c8-9e52-fd74b67e7fff
    telemetry.sdk.name: opentelemetry
    telemetry.sdk.language: dotnet
    telemetry.sdk.version: 1.8.1
[06:45:38 INF] User logged in successfully: c565eda0-a4b5-4810-a3b3-9f8ac228732d {"SourceContext": "App.Features.Authentication.LoginCommandHandler", "ActionId": "4e91dac6-4c48-4864-8a99-5e2194d9ace3", "ActionName": "Api.Controllers.AuthController.Login (Api)", "RequestId": "0HNFGVQB4PDVQ", "RequestPath": "/api/auth/login", "Application": "Crud.Api"}
Activity.TraceId:            8f100a4a98ffbb6472e1a92436580ae0
Activity.SpanId:             2e26750ffe170812
Activity.TraceFlags:         Recorded
Activity.ActivitySourceName: Microsoft.AspNetCore
Activity.DisplayName:        POST api/Auth/login
Activity.Kind:               Server
Activity.StartTime:          2025-09-11T06:45:38.4182840Z
Activity.Duration:           00:00:00.5223511
Activity.Tags:
    server.address: localhost
    http.request.method: POST
    url.scheme: http
    url.path: /api/auth/login
    network.protocol.version: 1.1
    http.route: api/Auth/login
    http.response.status_code: 200
Resource associated with Activity:
    deployment.environment: Testing
    service.name: Crud.Api
    service.version: 1.0.0
    service.instance.id: bb25e7a8-9ced-49c8-9e52-fd74b67e7fff
    telemetry.sdk.name: opentelemetry
    telemetry.sdk.language: dotnet
    telemetry.sdk.version: 1.8.1
[06:45:38 INF] User logged in successfully: 35d933ab-884d-4018-a5bf-9f923746b3dd {"SourceContext": "App.Features.Authentication.LoginCommandHandler", "ActionId": "4e91dac6-4c48-4864-8a99-5e2194d9ace3", "ActionName": "Api.Controllers.AuthController.Login (Api)", "RequestId": "0HNFGVQB4PDVS", "RequestPath": "/api/auth/login", "Application": "Crud.Api"}
Activity.TraceId:            187a1b655927e81291c52959b4dae554
Activity.SpanId:             2942aea9a1c41e4a
Activity.TraceFlags:         Recorded
Activity.ActivitySourceName: Microsoft.AspNetCore
Activity.DisplayName:        POST api/Auth/login
Activity.Kind:               Server
Activity.StartTime:          2025-09-11T06:45:38.6072497Z
Activity.Duration:           00:00:00.3390093
Activity.Tags:
    server.address: localhost
    http.request.method: POST
    url.scheme: http
    url.path: /api/auth/login
    network.protocol.version: 1.1
    http.route: api/Auth/login
    http.response.status_code: 200
Resource associated with Activity:
    deployment.environment: Testing
    service.name: Crud.Api
    service.version: 1.0.0
    service.instance.id: bb25e7a8-9ced-49c8-9e52-fd74b67e7fff
    telemetry.sdk.name: opentelemetry
    telemetry.sdk.language: dotnet
    telemetry.sdk.version: 1.8.1
[06:45:39 INF] User logged in successfully: 1e48a221-d066-41cf-a9e6-5630dabe27df {"SourceContext": "App.Features.Authentication.LoginCommandHandler", "ActionId": "4e91dac6-4c48-4864-8a99-5e2194d9ace3", "ActionName": "Api.Controllers.AuthController.Login (Api)", "RequestId": "0HNFGVQB4PDVT", "RequestPath": "/api/auth/login", "Application": "Crud.Api"}
Activity.TraceId:            c73d7b0b4a2e6d6486183d072e68788c
Activity.SpanId:             a707c66514bb254e
Activity.TraceFlags:         Recorded
Activity.ActivitySourceName: Microsoft.AspNetCore
Activity.DisplayName:        POST api/Auth/login
Activity.Kind:               Server
Activity.StartTime:          2025-09-11T06:45:38.8763058Z
Activity.Duration:           00:00:00.3557753
Activity.Tags:
    server.address: localhost
    http.request.method: POST
    url.scheme: http
    url.path: /api/auth/login
    network.protocol.version: 1.1
    http.route: api/Auth/login
    http.response.status_code: 200
Resource associated with Activity:
    deployment.environment: Testing
    service.name: Crud.Api
    service.version: 1.0.0
    service.instance.id: bb25e7a8-9ced-49c8-9e52-fd74b67e7fff
    telemetry.sdk.name: opentelemetry
    telemetry.sdk.language: dotnet
    telemetry.sdk.version: 1.8.1
[06:45:39 INF] User logged in successfully: 6b74c962-e73e-451b-820d-392c395e5091 {"SourceContext": "App.Features.Authentication.LoginCommandHandler", "ActionId": "4e91dac6-4c48-4864-8a99-5e2194d9ace3", "ActionName": "Api.Controllers.AuthController.Login (Api)", "RequestId": "0HNFGVQB4PDVV", "RequestPath": "/api/auth/login", "Application": "Crud.Api"}
Activity.TraceId:            a16dd2e666c93ac8e325f5a88cca4d4d
Activity.SpanId:             b082d770ef37a892
Activity.TraceFlags:         Recorded
Activity.ActivitySourceName: Microsoft.AspNetCore
Activity.DisplayName:        POST api/Auth/login
Activity.Kind:               Server
Activity.StartTime:          2025-09-11T06:45:38.9464477Z
Activity.Duration:           00:00:00.2989928
Activity.Tags:
    server.address: localhost
    http.request.method: POST
    url.scheme: http
    url.path: /api/auth/login
    network.protocol.version: 1.1
    http.route: api/Auth/login
    http.response.status_code: 200
Resource associated with Activity:
    deployment.environment: Testing
    service.name: Crud.Api
    service.version: 1.0.0
    service.instance.id: bb25e7a8-9ced-49c8-9e52-fd74b67e7fff
    telemetry.sdk.name: opentelemetry
    telemetry.sdk.language: dotnet
    telemetry.sdk.version: 1.8.1
[06:45:39 INF] User logged in successfully: 09db8a3d-4531-47be-92dc-a596bf8da889 {"SourceContext": "App.Features.Authentication.LoginCommandHandler", "ActionId": "4e91dac6-4c48-4864-8a99-5e2194d9ace3", "ActionName": "Api.Controllers.AuthController.Login (Api)", "RequestId": "0HNFGVQB4PDVU", "RequestPath": "/api/auth/login", "Application": "Crud.Api"}
Activity.TraceId:            4d5dbfd3b3f1cfbf45920cfb3f9ec7de
Activity.SpanId:             ba6456ebaade201e
Activity.TraceFlags:         Recorded
Activity.ActivitySourceName: Microsoft.AspNetCore
Activity.DisplayName:        POST api/Auth/login
Activity.Kind:               Server
Activity.StartTime:          2025-09-11T06:45:38.9408809Z
Activity.Duration:           00:00:00.3706874
Activity.Tags:
    server.address: localhost
    http.request.method: POST
    url.scheme: http
    url.path: /api/auth/login
    network.protocol.version: 1.1
    http.route: api/Auth/login
    http.response.status_code: 200
Resource associated with Activity:
    deployment.environment: Testing
    service.name: Crud.Api
    service.version: 1.0.0
    service.instance.id: bb25e7a8-9ced-49c8-9e52-fd74b67e7fff
    telemetry.sdk.name: opentelemetry
    telemetry.sdk.language: dotnet
    telemetry.sdk.version: 1.8.1
[06:45:39 INF] User logged in successfully: 4da6b7f2-7920-442e-981c-9d780f5d0514 {"SourceContext": "App.Features.Authentication.LoginCommandHandler", "ActionId": "4e91dac6-4c48-4864-8a99-5e2194d9ace3", "ActionName": "Api.Controllers.AuthController.Login (Api)", "RequestId": "0HNFGVQB4PE01", "RequestPath": "/api/auth/login", "Application": "Crud.Api"}
Activity.TraceId:            456ec5757aa276eaf821192440b849a8
Activity.SpanId:             8512e920d2550b46
Activity.TraceFlags:         Recorded
Activity.ActivitySourceName: Microsoft.AspNetCore
Activity.DisplayName:        POST api/Auth/login
Activity.Kind:               Server
Activity.StartTime:          2025-09-11T06:45:39.2457514Z
Activity.Duration:           00:00:00.3019424
Activity.Tags:
    server.address: localhost
    http.request.method: POST
    url.scheme: http
    url.path: /api/auth/login
    network.protocol.version: 1.1
    http.route: api/Auth/login
    http.response.status_code: 200
Resource associated with Activity:
    deployment.environment: Testing
    service.name: Crud.Api
    service.version: 1.0.0
    service.instance.id: bb25e7a8-9ced-49c8-9e52-fd74b67e7fff
    telemetry.sdk.name: opentelemetry
    telemetry.sdk.language: dotnet
    telemetry.sdk.version: 1.8.1
[06:45:39 DBG] Cache miss for key: name:role:concurrentrole_275712101a4a45c8adde85ed80105437_0 {"SourceContext": "Infrastructure.Services.Caching.InMemoryCacheService", "ActionId": "9d27147d-e02e-4749-94a8-2ed59da742f2", "ActionName": "Api.Controllers.RolesController.Create (Api)", "RequestId": "0HNFGVQB4PE03", "RequestPath": "/api/roles", "Application": "Crud.Api"}
[06:45:39 DBG] Removed cache value for key: entity:role:7e8a15486bd7470ca74d5a047ff63448 {"SourceContext": "Infrastructure.Services.Caching.InMemoryCacheService", "ActionId": "9d27147d-e02e-4749-94a8-2ed59da742f2", "ActionName": "Api.Controllers.RolesController.Create (Api)", "RequestId": "0HNFGVQB4PE03", "RequestPath": "/api/roles", "Application": "Crud.Api"}
[06:45:39 DBG] Removed cache value for key: list:role {"SourceContext": "Infrastructure.Services.Caching.InMemoryCacheService", "ActionId": "9d27147d-e02e-4749-94a8-2ed59da742f2", "ActionName": "Api.Controllers.RolesController.Create (Api)", "RequestId": "0HNFGVQB4PE03", "RequestPath": "/api/roles", "Application": "Crud.Api"}
[06:45:39 DBG] Invalidating cache for entity type: roles with tag: roles {"SourceContext": "Api.Services.OutputCacheInvalidationService", "ActionId": "9d27147d-e02e-4749-94a8-2ed59da742f2", "ActionName": "Api.Controllers.RolesController.Create (Api)", "RequestId": "0HNFGVQB4PE03", "RequestPath": "/api/roles", "Application": "Crud.Api"}
[06:45:39 INF] Successfully invalidated cache for entity type: roles {"SourceContext": "Api.Services.OutputCacheInvalidationService", "ActionId": "9d27147d-e02e-4749-94a8-2ed59da742f2", "ActionName": "Api.Controllers.RolesController.Create (Api)", "RequestId": "0HNFGVQB4PE03", "RequestPath": "/api/roles", "Application": "Crud.Api"}
Activity.TraceId:            763d99dfa4e1d8d19c835c645886ae41
Activity.SpanId:             f62882e57f381235
Activity.TraceFlags:         Recorded
Activity.ActivitySourceName: Microsoft.AspNetCore
Activity.DisplayName:        POST api/Roles
Activity.Kind:               Server
Activity.StartTime:          2025-09-11T06:45:39.5502416Z
Activity.Duration:           00:00:00.0034774
Activity.Tags:
    server.address: localhost
    http.request.method: POST
    url.scheme: http
    url.path: /api/roles
    network.protocol.version: 1.1
    http.route: api/Roles
    http.response.status_code: 201
Resource associated with Activity:
    deployment.environment: Testing
    service.name: Crud.Api
    service.version: 1.0.0
    service.instance.id: bb25e7a8-9ced-49c8-9e52-fd74b67e7fff
    telemetry.sdk.name: opentelemetry
    telemetry.sdk.language: dotnet
    telemetry.sdk.version: 1.8.1
[06:45:39 DBG] Cache miss for key: name:role:concurrentrole_275712101a4a45c8adde85ed80105437_1 {"SourceContext": "Infrastructure.Services.Caching.InMemoryCacheService", "ActionId": "9d27147d-e02e-4749-94a8-2ed59da742f2", "ActionName": "Api.Controllers.RolesController.Create (Api)", "RequestId": "0HNFGVQB4PE04", "RequestPath": "/api/roles", "Application": "Crud.Api"}
[06:45:39 DBG] Removed cache value for key: entity:role:72611022a50642cfb8b45ec719b6dfd3 {"SourceContext": "Infrastructure.Services.Caching.InMemoryCacheService", "ActionId": "9d27147d-e02e-4749-94a8-2ed59da742f2", "ActionName": "Api.Controllers.RolesController.Create (Api)", "RequestId": "0HNFGVQB4PE04", "RequestPath": "/api/roles", "Application": "Crud.Api"}
[06:45:39 DBG] Removed cache value for key: list:role {"SourceContext": "Infrastructure.Services.Caching.InMemoryCacheService", "ActionId": "9d27147d-e02e-4749-94a8-2ed59da742f2", "ActionName": "Api.Controllers.RolesController.Create (Api)", "RequestId": "0HNFGVQB4PE04", "RequestPath": "/api/roles", "Application": "Crud.Api"}
[06:45:39 DBG] Invalidating cache for entity type: roles with tag: roles {"SourceContext": "Api.Services.OutputCacheInvalidationService", "ActionId": "9d27147d-e02e-4749-94a8-2ed59da742f2", "ActionName": "Api.Controllers.RolesController.Create (Api)", "RequestId": "0HNFGVQB4PE04", "RequestPath": "/api/roles", "Application": "Crud.Api"}
[06:45:39 INF] Successfully invalidated cache for entity type: roles {"SourceContext": "Api.Services.OutputCacheInvalidationService", "ActionId": "9d27147d-e02e-4749-94a8-2ed59da742f2", "ActionName": "Api.Controllers.RolesController.Create (Api)", "RequestId": "0HNFGVQB4PE04", "RequestPath": "/api/roles", "Application": "Crud.Api"}
Activity.TraceId:            8f8026fbe14e65e1c4d18117d0026795
Activity.SpanId:             9225b92ea00be291
Activity.TraceFlags:         Recorded
Activity.ActivitySourceName: Microsoft.AspNetCore
Activity.DisplayName:        POST api/Roles
Activity.Kind:               Server
Activity.StartTime:          2025-09-11T06:45:39.5538390Z
Activity.Duration:           00:00:00.0035925
Activity.Tags:
    server.address: localhost
    http.request.method: POST
    url.scheme: http
    url.path: /api/roles
    network.protocol.version: 1.1
    http.route: api/Roles
    http.response.status_code: 201
Resource associated with Activity:
    deployment.environment: Testing
    service.name: Crud.Api
    service.version: 1.0.0
    service.instance.id: bb25e7a8-9ced-49c8-9e52-fd74b67e7fff
    telemetry.sdk.name: opentelemetry
    telemetry.sdk.language: dotnet
    telemetry.sdk.version: 1.8.1
[06:45:39 DBG] Cache miss for key: name:role:concurrentrole_275712101a4a45c8adde85ed80105437_2 {"SourceContext": "Infrastructure.Services.Caching.InMemoryCacheService", "ActionId": "9d27147d-e02e-4749-94a8-2ed59da742f2", "ActionName": "Api.Controllers.RolesController.Create (Api)", "RequestId": "0HNFGVQB4PE05", "RequestPath": "/api/roles", "Application": "Crud.Api"}
[06:45:39 DBG] Removed cache value for key: entity:role:82a9852f968b4079844923c173873315 {"SourceContext": "Infrastructure.Services.Caching.InMemoryCacheService", "ActionId": "9d27147d-e02e-4749-94a8-2ed59da742f2", "ActionName": "Api.Controllers.RolesController.Create (Api)", "RequestId": "0HNFGVQB4PE05", "RequestPath": "/api/roles", "Application": "Crud.Api"}
[06:45:39 DBG] Removed cache value for key: list:role {"SourceContext": "Infrastructure.Services.Caching.InMemoryCacheService", "ActionId": "9d27147d-e02e-4749-94a8-2ed59da742f2", "ActionName": "Api.Controllers.RolesController.Create (Api)", "RequestId": "0HNFGVQB4PE05", "RequestPath": "/api/roles", "Application": "Crud.Api"}
[06:45:39 DBG] Invalidating cache for entity type: roles with tag: roles {"SourceContext": "Api.Services.OutputCacheInvalidationService", "ActionId": "9d27147d-e02e-4749-94a8-2ed59da742f2", "ActionName": "Api.Controllers.RolesController.Create (Api)", "RequestId": "0HNFGVQB4PE05", "RequestPath": "/api/roles", "Application": "Crud.Api"}
[06:45:39 INF] Successfully invalidated cache for entity type: roles {"SourceContext": "Api.Services.OutputCacheInvalidationService", "ActionId": "9d27147d-e02e-4749-94a8-2ed59da742f2", "ActionName": "Api.Controllers.RolesController.Create (Api)", "RequestId": "0HNFGVQB4PE05", "RequestPath": "/api/roles", "Application": "Crud.Api"}
Activity.TraceId:            acc76bb7ed9d51e04eab0d4bad563069
Activity.SpanId:             fcf34ba4bce021b9
Activity.TraceFlags:         Recorded
Activity.ActivitySourceName: Microsoft.AspNetCore
Activity.DisplayName:        POST api/Roles
Activity.Kind:               Server
Activity.StartTime:          2025-09-11T06:45:39.5575143Z
Activity.Duration:           00:00:00.0040408
Activity.Tags:
    server.address: localhost
    http.request.method: POST
    url.scheme: http
    url.path: /api/roles
    network.protocol.version: 1.1
    http.route: api/Roles
    http.response.status_code: 201
Resource associated with Activity:
    deployment.environment: Testing
    service.name: Crud.Api
    service.version: 1.0.0
    service.instance.id: bb25e7a8-9ced-49c8-9e52-fd74b67e7fff
    telemetry.sdk.name: opentelemetry
    telemetry.sdk.language: dotnet
    telemetry.sdk.version: 1.8.1
[06:45:39 DBG] Cache miss for key: name:role:concurrentrole_275712101a4a45c8adde85ed80105437_3 {"SourceContext": "Infrastructure.Services.Caching.InMemoryCacheService", "ActionId": "9d27147d-e02e-4749-94a8-2ed59da742f2", "ActionName": "Api.Controllers.RolesController.Create (Api)", "RequestId": "0HNFGVQB4PE06", "RequestPath": "/api/roles", "Application": "Crud.Api"}
[06:45:39 DBG] Removed cache value for key: entity:role:7460741d977f4c9795679f4e017e6982 {"SourceContext": "Infrastructure.Services.Caching.InMemoryCacheService", "ActionId": "9d27147d-e02e-4749-94a8-2ed59da742f2", "ActionName": "Api.Controllers.RolesController.Create (Api)", "RequestId": "0HNFGVQB4PE06", "RequestPath": "/api/roles", "Application": "Crud.Api"}
[06:45:39 DBG] Removed cache value for key: list:role {"SourceContext": "Infrastructure.Services.Caching.InMemoryCacheService", "ActionId": "9d27147d-e02e-4749-94a8-2ed59da742f2", "ActionName": "Api.Controllers.RolesController.Create (Api)", "RequestId": "0HNFGVQB4PE06", "RequestPath": "/api/roles", "Application": "Crud.Api"}
[06:45:39 DBG] Invalidating cache for entity type: roles with tag: roles {"SourceContext": "Api.Services.OutputCacheInvalidationService", "ActionId": "9d27147d-e02e-4749-94a8-2ed59da742f2", "ActionName": "Api.Controllers.RolesController.Create (Api)", "RequestId": "0HNFGVQB4PE06", "RequestPath": "/api/roles", "Application": "Crud.Api"}
[06:45:39 INF] Successfully invalidated cache for entity type: roles {"SourceContext": "Api.Services.OutputCacheInvalidationService", "ActionId": "9d27147d-e02e-4749-94a8-2ed59da742f2", "ActionName": "Api.Controllers.RolesController.Create (Api)", "RequestId": "0HNFGVQB4PE06", "RequestPath": "/api/roles", "Application": "Crud.Api"}
Activity.TraceId:            260e64a8b3f3f67c148c8ab0952e7ca0
Activity.SpanId:             b11f24f2923667c3
Activity.TraceFlags:         Recorded
Activity.ActivitySourceName: Microsoft.AspNetCore
Activity.DisplayName:        POST api/Roles
Activity.Kind:               Server
Activity.StartTime:          2025-09-11T06:45:39.5616158Z
Activity.Duration:           00:00:00.0020203
Activity.Tags:
    server.address: localhost
    http.request.method: POST
    url.scheme: http
    url.path: /api/roles
    network.protocol.version: 1.1
    http.route: api/Roles
    http.response.status_code: 201
Resource associated with Activity:
    deployment.environment: Testing
    service.name: Crud.Api
    service.version: 1.0.0
    service.instance.id: bb25e7a8-9ced-49c8-9e52-fd74b67e7fff
    telemetry.sdk.name: opentelemetry
    telemetry.sdk.language: dotnet
    telemetry.sdk.version: 1.8.1
[06:45:39 DBG] Cache miss for key: name:role:concurrentrole_275712101a4a45c8adde85ed80105437_5 {"SourceContext": "Infrastructure.Services.Caching.InMemoryCacheService", "ActionId": "9d27147d-e02e-4749-94a8-2ed59da742f2", "ActionName": "Api.Controllers.RolesController.Create (Api)", "RequestId": "0HNFGVQB4PE07", "RequestPath": "/api/roles", "Application": "Crud.Api"}
[06:45:39 DBG] Removed cache value for key: entity:role:f0d51872f8f44e3ab2b280fb36c15e44 {"SourceContext": "Infrastructure.Services.Caching.InMemoryCacheService", "ActionId": "9d27147d-e02e-4749-94a8-2ed59da742f2", "ActionName": "Api.Controllers.RolesController.Create (Api)", "RequestId": "0HNFGVQB4PE07", "RequestPath": "/api/roles", "Application": "Crud.Api"}
[06:45:39 DBG] Removed cache value for key: list:role {"SourceContext": "Infrastructure.Services.Caching.InMemoryCacheService", "ActionId": "9d27147d-e02e-4749-94a8-2ed59da742f2", "ActionName": "Api.Controllers.RolesController.Create (Api)", "RequestId": "0HNFGVQB4PE07", "RequestPath": "/api/roles", "Application": "Crud.Api"}
[06:45:39 DBG] Invalidating cache for entity type: roles with tag: roles {"SourceContext": "Api.Services.OutputCacheInvalidationService", "ActionId": "9d27147d-e02e-4749-94a8-2ed59da742f2", "ActionName": "Api.Controllers.RolesController.Create (Api)", "RequestId": "0HNFGVQB4PE07", "RequestPath": "/api/roles", "Application": "Crud.Api"}
[06:45:39 INF] Successfully invalidated cache for entity type: roles {"SourceContext": "Api.Services.OutputCacheInvalidationService", "ActionId": "9d27147d-e02e-4749-94a8-2ed59da742f2", "ActionName": "Api.Controllers.RolesController.Create (Api)", "RequestId": "0HNFGVQB4PE07", "RequestPath": "/api/roles", "Application": "Crud.Api"}
Activity.TraceId:            ffce474b3808944e79011385e36b8c0e
Activity.SpanId:             56dfab9decd733d2
Activity.TraceFlags:         Recorded
Activity.ActivitySourceName: Microsoft.AspNetCore
Activity.DisplayName:        POST api/Roles
Activity.Kind:               Server
Activity.StartTime:          2025-09-11T06:45:39.5637188Z
Activity.Duration:           00:00:00.0028688
Activity.Tags:
    server.address: localhost
    http.request.method: POST
    url.scheme: http
    url.path: /api/roles
    network.protocol.version: 1.1
    http.route: api/Roles
    http.response.status_code: 201
Resource associated with Activity:
    deployment.environment: Testing
    service.name: Crud.Api
    service.version: 1.0.0
    service.instance.id: bb25e7a8-9ced-49c8-9e52-fd74b67e7fff
    telemetry.sdk.name: opentelemetry
    telemetry.sdk.language: dotnet
    telemetry.sdk.version: 1.8.1
[06:45:39 DBG] Cache miss for key: name:role:concurrentrole_275712101a4a45c8adde85ed80105437_4 {"SourceContext": "Infrastructure.Services.Caching.InMemoryCacheService", "ActionId": "9d27147d-e02e-4749-94a8-2ed59da742f2", "ActionName": "Api.Controllers.RolesController.Create (Api)", "RequestId": "0HNFGVQB4PE08", "RequestPath": "/api/roles", "Application": "Crud.Api"}
[06:45:39 DBG] Removed cache value for key: entity:role:ae5b17e3e988441cbe9befb17377c6a9 {"SourceContext": "Infrastructure.Services.Caching.InMemoryCacheService", "ActionId": "9d27147d-e02e-4749-94a8-2ed59da742f2", "ActionName": "Api.Controllers.RolesController.Create (Api)", "RequestId": "0HNFGVQB4PE08", "RequestPath": "/api/roles", "Application": "Crud.Api"}
[06:45:39 DBG] Removed cache value for key: list:role {"SourceContext": "Infrastructure.Services.Caching.InMemoryCacheService", "ActionId": "9d27147d-e02e-4749-94a8-2ed59da742f2", "ActionName": "Api.Controllers.RolesController.Create (Api)", "RequestId": "0HNFGVQB4PE08", "RequestPath": "/api/roles", "Application": "Crud.Api"}
[06:45:39 DBG] Invalidating cache for entity type: roles with tag: roles {"SourceContext": "Api.Services.OutputCacheInvalidationService", "ActionId": "9d27147d-e02e-4749-94a8-2ed59da742f2", "ActionName": "Api.Controllers.RolesController.Create (Api)", "RequestId": "0HNFGVQB4PE08", "RequestPath": "/api/roles", "Application": "Crud.Api"}
[06:45:39 INF] Successfully invalidated cache for entity type: roles {"SourceContext": "Api.Services.OutputCacheInvalidationService", "ActionId": "9d27147d-e02e-4749-94a8-2ed59da742f2", "ActionName": "Api.Controllers.RolesController.Create (Api)", "RequestId": "0HNFGVQB4PE08", "RequestPath": "/api/roles", "Application": "Crud.Api"}
Activity.TraceId:            d09b7ab66a5db5d411db654e25db3f1f
Activity.SpanId:             e05fc3bbc88117ee
Activity.TraceFlags:         Recorded
Activity.ActivitySourceName: Microsoft.AspNetCore
Activity.DisplayName:        POST api/Roles
Activity.Kind:               Server
Activity.StartTime:          2025-09-11T06:45:39.5667142Z
Activity.Duration:           00:00:00.0029114
Activity.Tags:
    server.address: localhost
    http.request.method: POST
    url.scheme: http
    url.path: /api/roles
    network.protocol.version: 1.1
    http.route: api/Roles
    http.response.status_code: 201
Resource associated with Activity:
    deployment.environment: Testing
    service.name: Crud.Api
    service.version: 1.0.0
    service.instance.id: bb25e7a8-9ced-49c8-9e52-fd74b67e7fff
    telemetry.sdk.name: opentelemetry
    telemetry.sdk.language: dotnet
    telemetry.sdk.version: 1.8.1
[06:45:39 DBG] Cache miss for key: name:role:concurrentrole_275712101a4a45c8adde85ed80105437_7 {"SourceContext": "Infrastructure.Services.Caching.InMemoryCacheService", "ActionId": "9d27147d-e02e-4749-94a8-2ed59da742f2", "ActionName": "Api.Controllers.RolesController.Create (Api)", "RequestId": "0HNFGVQB4PE09", "RequestPath": "/api/roles", "Application": "Crud.Api"}
[06:45:39 DBG] Removed cache value for key: entity:role:d813edc8f4d844d582c3468aaf56a695 {"SourceContext": "Infrastructure.Services.Caching.InMemoryCacheService", "ActionId": "9d27147d-e02e-4749-94a8-2ed59da742f2", "ActionName": "Api.Controllers.RolesController.Create (Api)", "RequestId": "0HNFGVQB4PE09", "RequestPath": "/api/roles", "Application": "Crud.Api"}
[06:45:39 DBG] Removed cache value for key: list:role {"SourceContext": "Infrastructure.Services.Caching.InMemoryCacheService", "ActionId": "9d27147d-e02e-4749-94a8-2ed59da742f2", "ActionName": "Api.Controllers.RolesController.Create (Api)", "RequestId": "0HNFGVQB4PE09", "RequestPath": "/api/roles", "Application": "Crud.Api"}
[06:45:39 DBG] Invalidating cache for entity type: roles with tag: roles {"SourceContext": "Api.Services.OutputCacheInvalidationService", "ActionId": "9d27147d-e02e-4749-94a8-2ed59da742f2", "ActionName": "Api.Controllers.RolesController.Create (Api)", "RequestId": "0HNFGVQB4PE09", "RequestPath": "/api/roles", "Application": "Crud.Api"}
[06:45:39 INF] Successfully invalidated cache for entity type: roles {"SourceContext": "Api.Services.OutputCacheInvalidationService", "ActionId": "9d27147d-e02e-4749-94a8-2ed59da742f2", "ActionName": "Api.Controllers.RolesController.Create (Api)", "RequestId": "0HNFGVQB4PE09", "RequestPath": "/api/roles", "Application": "Crud.Api"}
Activity.TraceId:            ab7cd8a94945539f219235aa6f5ecc33
Activity.SpanId:             8875ce75b06802a8
Activity.TraceFlags:         Recorded
Activity.ActivitySourceName: Microsoft.AspNetCore
Activity.DisplayName:        POST api/Roles
Activity.Kind:               Server
Activity.StartTime:          2025-09-11T06:45:39.5696866Z
Activity.Duration:           00:00:00.0031043
Activity.Tags:
    server.address: localhost
    http.request.method: POST
    url.scheme: http
    url.path: /api/roles
    network.protocol.version: 1.1
    http.route: api/Roles
    http.response.status_code: 201
Resource associated with Activity:
    deployment.environment: Testing
    service.name: Crud.Api
    service.version: 1.0.0
    service.instance.id: bb25e7a8-9ced-49c8-9e52-fd74b67e7fff
    telemetry.sdk.name: opentelemetry
    telemetry.sdk.language: dotnet
    telemetry.sdk.version: 1.8.1
[06:45:39 INF] User logged in successfully: b2919221-c14a-46fe-ab41-4906dd4478c4 {"SourceContext": "App.Features.Authentication.LoginCommandHandler", "ActionId": "4e91dac6-4c48-4864-8a99-5e2194d9ace3", "ActionName": "Api.Controllers.AuthController.Login (Api)", "RequestId": "0HNFGVQB4PE00", "RequestPath": "/api/auth/login", "Application": "Crud.Api"}
Activity.TraceId:            263707869ad3e9746bf2ddc749e55e45
Activity.SpanId:             1f897126f61cd005
Activity.TraceFlags:         Recorded
Activity.ActivitySourceName: Microsoft.AspNetCore
Activity.DisplayName:        POST api/Auth/login
Activity.Kind:               Server
Activity.StartTime:          2025-09-11T06:45:39.2324194Z
Activity.Duration:           00:00:00.3708858
Activity.Tags:
    server.address: localhost
    http.request.method: POST
    url.scheme: http
    url.path: /api/auth/login
    network.protocol.version: 1.1
    http.route: api/Auth/login
    http.response.status_code: 200
Resource associated with Activity:
    deployment.environment: Testing
    service.name: Crud.Api
    service.version: 1.0.0
    service.instance.id: bb25e7a8-9ced-49c8-9e52-fd74b67e7fff
    telemetry.sdk.name: opentelemetry
    telemetry.sdk.language: dotnet
    telemetry.sdk.version: 1.8.1
[06:45:39 DBG] Cache miss for key: name:role:concurrentrole_275712101a4a45c8adde85ed80105437_6 {"SourceContext": "Infrastructure.Services.Caching.InMemoryCacheService", "ActionId": "9d27147d-e02e-4749-94a8-2ed59da742f2", "ActionName": "Api.Controllers.RolesController.Create (Api)", "RequestId": "0HNFGVQB4PE0B", "RequestPath": "/api/roles", "Application": "Crud.Api"}
[06:45:39 DBG] Removed cache value for key: entity:role:39c1f31520d04892aaefb98762b26829 {"SourceContext": "Infrastructure.Services.Caching.InMemoryCacheService", "ActionId": "9d27147d-e02e-4749-94a8-2ed59da742f2", "ActionName": "Api.Controllers.RolesController.Create (Api)", "RequestId": "0HNFGVQB4PE0B", "RequestPath": "/api/roles", "Application": "Crud.Api"}
[06:45:39 DBG] Removed cache value for key: list:role {"SourceContext": "Infrastructure.Services.Caching.InMemoryCacheService", "ActionId": "9d27147d-e02e-4749-94a8-2ed59da742f2", "ActionName": "Api.Controllers.RolesController.Create (Api)", "RequestId": "0HNFGVQB4PE0B", "RequestPath": "/api/roles", "Application": "Crud.Api"}
[06:45:39 DBG] Invalidating cache for entity type: roles with tag: roles {"SourceContext": "Api.Services.OutputCacheInvalidationService", "ActionId": "9d27147d-e02e-4749-94a8-2ed59da742f2", "ActionName": "Api.Controllers.RolesController.Create (Api)", "RequestId": "0HNFGVQB4PE0B", "RequestPath": "/api/roles", "Application": "Crud.Api"}
[06:45:39 INF] Successfully invalidated cache for entity type: roles {"SourceContext": "Api.Services.OutputCacheInvalidationService", "ActionId": "9d27147d-e02e-4749-94a8-2ed59da742f2", "ActionName": "Api.Controllers.RolesController.Create (Api)", "RequestId": "0HNFGVQB4PE0B", "RequestPath": "/api/roles", "Application": "Crud.Api"}
Activity.TraceId:            5669ef5ba8557521df205dc276ed017f
Activity.SpanId:             1fe019ba1ea3040b
Activity.TraceFlags:         Recorded
Activity.ActivitySourceName: Microsoft.AspNetCore
Activity.DisplayName:        POST api/Roles
Activity.Kind:               Server
Activity.StartTime:          2025-09-11T06:45:39.6035141Z
Activity.Duration:           00:00:00.0148584
Activity.Tags:
    server.address: localhost
    http.request.method: POST
    url.scheme: http
    url.path: /api/roles
    network.protocol.version: 1.1
    http.route: api/Roles
    http.response.status_code: 201
Resource associated with Activity:
    deployment.environment: Testing
    service.name: Crud.Api
    service.version: 1.0.0
    service.instance.id: bb25e7a8-9ced-49c8-9e52-fd74b67e7fff
    telemetry.sdk.name: opentelemetry
    telemetry.sdk.language: dotnet
    telemetry.sdk.version: 1.8.1
[06:45:39 INF] User logged in successfully: dca0a72a-05db-4610-a8d7-5ff7b5de8647 {"SourceContext": "App.Features.Authentication.LoginCommandHandler", "ActionId": "4e91dac6-4c48-4864-8a99-5e2194d9ace3", "ActionName": "Api.Controllers.AuthController.Login (Api)", "RequestId": "0HNFGVQB4PE02", "RequestPath": "/api/auth/login", "Application": "Crud.Api"}
Activity.TraceId:            164619004dae501223dd9577f5fec3c7
Activity.SpanId:             a33b4045a8f8c556
Activity.TraceFlags:         Recorded
Activity.ActivitySourceName: Microsoft.AspNetCore
Activity.DisplayName:        POST api/Auth/login
Activity.Kind:               Server
Activity.StartTime:          2025-09-11T06:45:39.3118494Z
Activity.Duration:           00:00:00.3836495
Activity.Tags:
    server.address: localhost
    http.request.method: POST
    url.scheme: http
    url.path: /api/auth/login
    network.protocol.version: 1.1
    http.route: api/Auth/login
    http.response.status_code: 200
Resource associated with Activity:
    deployment.environment: Testing
    service.name: Crud.Api
    service.version: 1.0.0
    service.instance.id: bb25e7a8-9ced-49c8-9e52-fd74b67e7fff
    telemetry.sdk.name: opentelemetry
    telemetry.sdk.language: dotnet
    telemetry.sdk.version: 1.8.1
[06:45:39 DBG] Cache miss for key: name:role:concurrentrole_275712101a4a45c8adde85ed80105437_8 {"SourceContext": "Infrastructure.Services.Caching.InMemoryCacheService", "ActionId": "9d27147d-e02e-4749-94a8-2ed59da742f2", "ActionName": "Api.Controllers.RolesController.Create (Api)", "RequestId": "0HNFGVQB4PE0C", "RequestPath": "/api/roles", "Application": "Crud.Api"}
[06:45:39 DBG] Removed cache value for key: entity:role:ac6dae7ac059480aab29d1008f2e7ad7 {"SourceContext": "Infrastructure.Services.Caching.InMemoryCacheService", "ActionId": "9d27147d-e02e-4749-94a8-2ed59da742f2", "ActionName": "Api.Controllers.RolesController.Create (Api)", "RequestId": "0HNFGVQB4PE0C", "RequestPath": "/api/roles", "Application": "Crud.Api"}
[06:45:39 DBG] Removed cache value for key: list:role {"SourceContext": "Infrastructure.Services.Caching.InMemoryCacheService", "ActionId": "9d27147d-e02e-4749-94a8-2ed59da742f2", "ActionName": "Api.Controllers.RolesController.Create (Api)", "RequestId": "0HNFGVQB4PE0C", "RequestPath": "/api/roles", "Application": "Crud.Api"}
[06:45:39 DBG] Invalidating cache for entity type: roles with tag: roles {"SourceContext": "Api.Services.OutputCacheInvalidationService", "ActionId": "9d27147d-e02e-4749-94a8-2ed59da742f2", "ActionName": "Api.Controllers.RolesController.Create (Api)", "RequestId": "0HNFGVQB4PE0C", "RequestPath": "/api/roles", "Application": "Crud.Api"}
[06:45:39 INF] Successfully invalidated cache for entity type: roles {"SourceContext": "Api.Services.OutputCacheInvalidationService", "ActionId": "9d27147d-e02e-4749-94a8-2ed59da742f2", "ActionName": "Api.Controllers.RolesController.Create (Api)", "RequestId": "0HNFGVQB4PE0C", "RequestPath": "/api/roles", "Application": "Crud.Api"}
Activity.TraceId:            48918cdf4ceebe1bfd0bc76b35799c28
Activity.SpanId:             e1c005623e9aa38d
Activity.TraceFlags:         Recorded
Activity.ActivitySourceName: Microsoft.AspNetCore
Activity.DisplayName:        POST api/Roles
Activity.Kind:               Server
Activity.StartTime:          2025-09-11T06:45:39.6962785Z
Activity.Duration:           00:00:00.0021022
Activity.Tags:
    server.address: localhost
    http.request.method: POST
    url.scheme: http
    url.path: /api/roles
    network.protocol.version: 1.1
    http.route: api/Roles
    http.response.status_code: 201
Resource associated with Activity:
    deployment.environment: Testing
    service.name: Crud.Api
    service.version: 1.0.0
    service.instance.id: bb25e7a8-9ced-49c8-9e52-fd74b67e7fff
    telemetry.sdk.name: opentelemetry
    telemetry.sdk.language: dotnet
    telemetry.sdk.version: 1.8.1
[06:45:39 INF] User logged in successfully: 6aa2480d-6f30-4266-882d-0c2e02b8f0c4 {"SourceContext": "App.Features.Authentication.LoginCommandHandler", "ActionId": "4e91dac6-4c48-4864-8a99-5e2194d9ace3", "ActionName": "Api.Controllers.AuthController.Login (Api)", "RequestId": "0HNFGVQB4PE0A", "RequestPath": "/api/auth/login", "Application": "Crud.Api"}
Activity.TraceId:            0f0d5bd6678aa17159e68c17ffac1af3
Activity.SpanId:             05f027dc279df06f
Activity.TraceFlags:         Recorded
Activity.ActivitySourceName: Microsoft.AspNetCore
Activity.DisplayName:        POST api/Auth/login
Activity.Kind:               Server
Activity.StartTime:          2025-09-11T06:45:39.5728730Z
Activity.Duration:           00:00:00.3361753
Activity.Tags:
    server.address: localhost
    http.request.method: POST
    url.scheme: http
    url.path: /api/auth/login
    network.protocol.version: 1.1
    http.route: api/Auth/login
    http.response.status_code: 200
Resource associated with Activity:
    deployment.environment: Testing
    service.name: Crud.Api
    service.version: 1.0.0
    service.instance.id: bb25e7a8-9ced-49c8-9e52-fd74b67e7fff
    telemetry.sdk.name: opentelemetry
    telemetry.sdk.language: dotnet
    telemetry.sdk.version: 1.8.1
[06:45:39 DBG] Cache miss for key: name:role:concurrentrole_275712101a4a45c8adde85ed80105437_9 {"SourceContext": "Infrastructure.Services.Caching.InMemoryCacheService", "ActionId": "9d27147d-e02e-4749-94a8-2ed59da742f2", "ActionName": "Api.Controllers.RolesController.Create (Api)", "RequestId": "0HNFGVQB4PE0D", "RequestPath": "/api/roles", "Application": "Crud.Api"}
[06:45:39 DBG] Removed cache value for key: entity:role:7bd6cd507ef14c34ba3bc395dd856d1c {"SourceContext": "Infrastructure.Services.Caching.InMemoryCacheService", "ActionId": "9d27147d-e02e-4749-94a8-2ed59da742f2", "ActionName": "Api.Controllers.RolesController.Create (Api)", "RequestId": "0HNFGVQB4PE0D", "RequestPath": "/api/roles", "Application": "Crud.Api"}
[06:45:39 DBG] Removed cache value for key: list:role {"SourceContext": "Infrastructure.Services.Caching.InMemoryCacheService", "ActionId": "9d27147d-e02e-4749-94a8-2ed59da742f2", "ActionName": "Api.Controllers.RolesController.Create (Api)", "RequestId": "0HNFGVQB4PE0D", "RequestPath": "/api/roles", "Application": "Crud.Api"}
[06:45:39 DBG] Invalidating cache for entity type: roles with tag: roles {"SourceContext": "Api.Services.OutputCacheInvalidationService", "ActionId": "9d27147d-e02e-4749-94a8-2ed59da742f2", "ActionName": "Api.Controllers.RolesController.Create (Api)", "RequestId": "0HNFGVQB4PE0D", "RequestPath": "/api/roles", "Application": "Crud.Api"}
[06:45:39 INF] Successfully invalidated cache for entity type: roles {"SourceContext": "Api.Services.OutputCacheInvalidationService", "ActionId": "9d27147d-e02e-4749-94a8-2ed59da742f2", "ActionName": "Api.Controllers.RolesController.Create (Api)", "RequestId": "0HNFGVQB4PE0D", "RequestPath": "/api/roles", "Application": "Crud.Api"}
Activity.TraceId:            5b3390c28a623e85c320269ddeef3019
Activity.SpanId:             da18b5317a32b31a
Activity.TraceFlags:         Recorded
Activity.ActivitySourceName: Microsoft.AspNetCore
Activity.DisplayName:        POST api/Roles
Activity.Kind:               Server
Activity.StartTime:          2025-09-11T06:45:39.9091956Z
Activity.Duration:           00:00:00.0016165
Activity.Tags:
    server.address: localhost
    http.request.method: POST
    url.scheme: http
    url.path: /api/roles
    network.protocol.version: 1.1
    http.route: api/Roles
    http.response.status_code: 201
Resource associated with Activity:
    deployment.environment: Testing
    service.name: Crud.Api
    service.version: 1.0.0
    service.instance.id: bb25e7a8-9ced-49c8-9e52-fd74b67e7fff
    telemetry.sdk.name: opentelemetry
    telemetry.sdk.language: dotnet
    telemetry.sdk.version: 1.8.1
Resource associated with Metric:
    deployment.environment: Testing
    service.name: Crud.Api
    service.version: 1.0.0
    service.instance.id: bb25e7a8-9ced-49c8-9e52-fd74b67e7fff
    telemetry.sdk.name: opentelemetry
    telemetry.sdk.language: dotnet
    telemetry.sdk.version: 1.8.1
Metric Name: http.server.active_requests, Number of active HTTP server requests., Unit: {request}, Meter: Microsoft.AspNetCore.Hosting
(2025-09-11T06:45:30.0386555Z, 2025-09-11T06:45:40.0387228Z] http.request.method: POST url.scheme: http LongSumNonMonotonic
Value: 1
(2025-09-11T06:45:30.0386555Z, 2025-09-11T06:45:40.0387228Z] http.request.method: GET url.scheme: http LongSumNonMonotonic
Value: 0
(2025-09-11T06:45:30.0386555Z, 2025-09-11T06:45:40.0387228Z] http.request.method: PATCH url.scheme: http LongSumNonMonotonic
Value: 0
Metric Name: http.server.request.duration, Duration of HTTP server requests., Unit: s, Meter: Microsoft.AspNetCore.Hosting
(2025-09-11T06:45:30.0386716Z, 2025-09-11T06:45:40.0387263Z] http.request.method: POST http.response.status_code: 200 http.route: api/Auth/register network.protocol.version: 1.1 url.scheme: http Histogram
Value: Sum: 8.8226997 Count: 27 Min: 0.298802 Max: 0.5222089 
(-Infinity,0.005]:0
(0.005,0.01]:0
(0.01,0.025]:0
(0.025,0.05]:0
(0.05,0.075]:0
(0.075,0.1]:0
(0.1,0.25]:0
(0.25,0.5]:26
(0.5,0.75]:1
(0.75,1]:0
(1,2.5]:0
(2.5,5]:0
(5,7.5]:0
(7.5,10]:0
(10,+Infinity]:0
(2025-09-11T06:45:30.0386716Z, 2025-09-11T06:45:40.0387263Z] http.request.method: GET http.response.status_code: 200 http.route: api/People network.protocol.version: 1.1 url.scheme: http Histogram
Value: Sum: 0.0132182 Count: 2 Min: 0.0005459 Max: 0.0126723 
(-Infinity,0.005]:1
(0.005,0.01]:0
(0.01,0.025]:1
(0.025,0.05]:0
(0.05,0.075]:0
(0.075,0.1]:0
(0.1,0.25]:0
(0.25,0.5]:0
(0.5,0.75]:0
(0.75,1]:0
(1,2.5]:0
(2.5,5]:0
(5,7.5]:0
(7.5,10]:0
(10,+Infinity]:0
(2025-09-11T06:45:30.0386716Z, 2025-09-11T06:45:40.0387263Z] http.request.method: GET http.response.status_code: 200 http.route: api/Walls network.protocol.version: 1.1 url.scheme: http Histogram
Value: Sum: 0.0088637 Count: 2 Min: 0.0016603 Max: 0.0072034 
(-Infinity,0.005]:1
(0.005,0.01]:1
(0.01,0.025]:0
(0.025,0.05]:0
(0.05,0.075]:0
(0.075,0.1]:0
(0.1,0.25]:0
(0.25,0.5]:0
(0.5,0.75]:0
(0.75,1]:0
(1,2.5]:0
(2.5,5]:0
(5,7.5]:0
(7.5,10]:0
(10,+Infinity]:0
(2025-09-11T06:45:30.0386716Z, 2025-09-11T06:45:40.0387263Z] http.request.method: GET http.response.status_code: 200 http.route: api/Roles network.protocol.version: 1.1 url.scheme: http Histogram
Value: Sum: 0.0093687 Count: 4 Min: 0.0004702 Max: 0.0061892 
(-Infinity,0.005]:3
(0.005,0.01]:1
(0.01,0.025]:0
(0.025,0.05]:0
(0.05,0.075]:0
(0.075,0.1]:0
(0.1,0.25]:0
(0.25,0.5]:0
(0.5,0.75]:0
(0.75,1]:0
(1,2.5]:0
(2.5,5]:0
(5,7.5]:0
(7.5,10]:0
(10,+Infinity]:0
(2025-09-11T06:45:30.0386716Z, 2025-09-11T06:45:40.0387263Z] http.request.method: GET http.response.status_code: 200 http.route: api/Windows network.protocol.version: 1.1 url.scheme: http Histogram
Value: Sum: 0.0105033 Count: 2 Min: 0.0017705 Max: 0.0087328 
(-Infinity,0.005]:1
(0.005,0.01]:1
(0.01,0.025]:0
(0.025,0.05]:0
(0.05,0.075]:0
(0.075,0.1]:0
(0.1,0.25]:0
(0.25,0.5]:0
(0.5,0.75]:0
(0.75,1]:0
(1,2.5]:0
(2.5,5]:0
(5,7.5]:0
(7.5,10]:0
(10,+Infinity]:0
(2025-09-11T06:45:30.0386716Z, 2025-09-11T06:45:40.0387263Z] http.request.method: POST http.response.status_code: 200 http.route: api/Auth/login network.protocol.version: 1.1 url.scheme: http Histogram
Value: Sum: 5.7331238 Count: 17 Min: 0.2986239 Max: 0.5223474 
(-Infinity,0.005]:0
(0.005,0.01]:0
(0.01,0.025]:0
(0.025,0.05]:0
(0.05,0.075]:0
(0.075,0.1]:0
(0.1,0.25]:0
(0.25,0.5]:16
(0.5,0.75]:1
(0.75,1]:0
(1,2.5]:0
(2.5,5]:0
(5,7.5]:0
(7.5,10]:0
(10,+Infinity]:0
(2025-09-11T06:45:30.0386716Z, 2025-09-11T06:45:40.0387263Z] http.request.method: POST http.response.status_code: 201 http.route: api/Walls network.protocol.version: 1.1 url.scheme: http Histogram
Value: Sum: 0.0106357 Count: 1 Min: 0.0106357 Max: 0.0106357 
(-Infinity,0.005]:0
(0.005,0.01]:0
(0.01,0.025]:1
(0.025,0.05]:0
(0.05,0.075]:0
(0.075,0.1]:0
(0.1,0.25]:0
(0.25,0.5]:0
(0.5,0.75]:0
(0.75,1]:0
(1,2.5]:0
(2.5,5]:0
(5,7.5]:0
(7.5,10]:0
(10,+Infinity]:0
(2025-09-11T06:45:30.0386716Z, 2025-09-11T06:45:40.0387263Z] http.request.method: POST http.response.status_code: 201 http.route: api/Roles network.protocol.version: 1.1 url.scheme: http Histogram
Value: Sum: 0.04694249999999999 Count: 11 Min: 0.0016157 Max: 0.0148524 
(-Infinity,0.005]:9
(0.005,0.01]:1
(0.01,0.025]:1
(0.025,0.05]:0
(0.05,0.075]:0
(0.075,0.1]:0
(0.1,0.25]:0
(0.25,0.5]:0
(0.5,0.75]:0
(0.75,1]:0
(1,2.5]:0
(2.5,5]:0
(5,7.5]:0
(7.5,10]:0
(10,+Infinity]:0
(2025-09-11T06:45:30.0386716Z, 2025-09-11T06:45:40.0387263Z] http.request.method: POST http.response.status_code: 201 http.route: api/Windows network.protocol.version: 1.1 url.scheme: http Histogram
Value: Sum: 0.0143533 Count: 1 Min: 0.0143533 Max: 0.0143533 
(-Infinity,0.005]:0
(0.005,0.01]:0
(0.01,0.025]:1
(0.025,0.05]:0
(0.05,0.075]:0
(0.075,0.1]:0
(0.1,0.25]:0
(0.25,0.5]:0
(0.5,0.75]:0
(0.75,1]:0
(1,2.5]:0
(2.5,5]:0
(5,7.5]:0
(7.5,10]:0
(10,+Infinity]:0
(2025-09-11T06:45:30.0386716Z, 2025-09-11T06:45:40.0387263Z] http.request.method: POST http.response.status_code: 201 http.route: api/People network.protocol.version: 1.1 url.scheme: http Histogram
Value: Sum: 0.0192082 Count: 1 Min: 0.0192082 Max: 0.0192082 
(-Infinity,0.005]:0
(0.005,0.01]:0
(0.01,0.025]:1
(0.025,0.05]:0
(0.05,0.075]:0
(0.075,0.1]:0
(0.1,0.25]:0
(0.25,0.5]:0
(0.5,0.75]:0
(0.75,1]:0
(1,2.5]:0
(2.5,5]:0
(5,7.5]:0
(7.5,10]:0
(10,+Infinity]:0
(2025-09-11T06:45:30.0386716Z, 2025-09-11T06:45:40.0387263Z] http.request.method: PATCH http.response.status_code: 405 network.protocol.version: 1.1 url.scheme: http Histogram
Value: Sum: 0.000293 Count: 1 Min: 0.000293 Max: 0.000293 
(-Infinity,0.005]:1
(0.005,0.01]:0
(0.01,0.025]:0
(0.025,0.05]:0
(0.05,0.075]:0
(0.075,0.1]:0
(0.1,0.25]:0
(0.25,0.5]:0
(0.5,0.75]:0
(0.75,1]:0
(1,2.5]:0
(2.5,5]:0
(5,7.5]:0
(7.5,10]:0
(10,+Infinity]:0
(2025-09-11T06:45:30.0386716Z, 2025-09-11T06:45:40.0387263Z] http.request.method: POST http.response.status_code: 400 http.route: api/Roles network.protocol.version: 1.1 url.scheme: http Histogram
Value: Sum: 0.0044874 Count: 2 Min: 0.001987 Max: 0.0025004 
(-Infinity,0.005]:2
(0.005,0.01]:0
(0.01,0.025]:0
(0.025,0.05]:0
(0.05,0.075]:0
(0.075,0.1]:0
(0.1,0.25]:0
(0.25,0.5]:0
(0.5,0.75]:0
(0.75,1]:0
(1,2.5]:0
(2.5,5]:0
(5,7.5]:0
(7.5,10]:0
(10,+Infinity]:0
Metric Name: aspnetcore.rate_limiting.active_request_leases, Number of HTTP requests that are currently active on the server that hold a rate limiting lease., Unit: {request}, Meter: Microsoft.AspNetCore.RateLimiting
(2025-09-11T06:45:30.0405591Z, 2025-09-11T06:45:40.0387266Z] LongSumNonMonotonic
Value: 1
Metric Name: aspnetcore.rate_limiting.request_lease.duration, The duration of rate limiting leases held by HTTP requests on the server., Unit: s, Meter: Microsoft.AspNetCore.RateLimiting
(2025-09-11T06:45:30.0405758Z, 2025-09-11T06:45:40.0387273Z] Histogram
Value: Sum: 14.679825199999994 Count: 71 Min: 0.0001788 Max: 0.5222807 
(-Infinity,0.005]:18
(0.005,0.01]:4
(0.01,0.025]:5
(0.025,0.05]:0
(0.05,0.075]:0
(0.075,0.1]:0
(0.1,0.25]:0
(0.25,0.5]:42
(0.5,0.75]:2
(0.75,1]:0
(1,2.5]:0
(2.5,5]:0
(5,7.5]:0
(7.5,10]:0
(10,+Infinity]:0
Metric Name: aspnetcore.rate_limiting.requests, Number of requests that tried to acquire a rate limiting lease. Requests could be rejected by global or endpoint rate limiting policies. Or the request could be canceled while waiting for the lease., Unit: {request}, Meter: Microsoft.AspNetCore.RateLimiting
(2025-09-11T06:45:30.0406111Z, 2025-09-11T06:45:40.0387285Z] aspnetcore.rate_limiting.result: acquired LongSum
Value: 71
Metric Name: aspnetcore.routing.match_attempts, Number of requests that were attempted to be matched to an endpoint., Unit: {match_attempt}, Meter: Microsoft.AspNetCore.Routing
(2025-09-11T06:45:30.0413460Z, 2025-09-11T06:45:40.0387290Z] aspnetcore.routing.is_fallback: false aspnetcore.routing.match_status: success http.route: api/Auth/register LongSum
Value: 28
(2025-09-11T06:45:30.0413460Z, 2025-09-11T06:45:40.0387290Z] aspnetcore.routing.is_fallback: false aspnetcore.routing.match_status: success http.route: api/People LongSum
Value: 3
(2025-09-11T06:45:30.0413460Z, 2025-09-11T06:45:40.0387290Z] aspnetcore.routing.is_fallback: false aspnetcore.routing.match_status: success http.route: api/Walls LongSum
Value: 3
(2025-09-11T06:45:30.0413460Z, 2025-09-11T06:45:40.0387290Z] aspnetcore.routing.is_fallback: false aspnetcore.routing.match_status: success http.route: api/Roles LongSum
Value: 17
(2025-09-11T06:45:30.0413460Z, 2025-09-11T06:45:40.0387290Z] aspnetcore.routing.is_fallback: false aspnetcore.routing.match_status: success http.route: api/Windows LongSum
Value: 3
(2025-09-11T06:45:30.0413460Z, 2025-09-11T06:45:40.0387290Z] aspnetcore.routing.is_fallback: false aspnetcore.routing.match_status: success http.route: api/Auth/login LongSum
Value: 17
(2025-09-11T06:45:30.0413460Z, 2025-09-11T06:45:40.0387290Z] aspnetcore.routing.is_fallback: false aspnetcore.routing.match_status: success http.route: (missing) LongSum
Value: 1
[06:45:40 INF] User registered successfully: babe4d8a-9d50-4cad-b199-ff7923d4fd9c {"SourceContext": "App.Features.Authentication.RegisterUserCommandHandler", "ActionId": "21b1c46c-cf1d-4f37-98cb-8d6555749eff", "ActionName": "Api.Controllers.AuthController.Register (Api)", "RequestId": "0HNFGVQB4PE0E", "RequestPath": "/api/auth/register", "Application": "Crud.Api"}
Activity.TraceId:            e6c7e15ad3560b8d28e54ad70db02ea6
Activity.SpanId:             3d7ddf6f86f179b5
Activity.TraceFlags:         Recorded
Activity.ActivitySourceName: Microsoft.AspNetCore
Activity.DisplayName:        POST api/Auth/register
Activity.Kind:               Server
Activity.StartTime:          2025-09-11T06:45:39.9143858Z
Activity.Duration:           00:00:00.2999031
Activity.Tags:
    server.address: localhost
    http.request.method: POST
    url.scheme: http
    url.path: /api/auth/register
    network.protocol.version: 1.1
    http.route: api/Auth/register
    http.response.status_code: 200
Resource associated with Activity:
    deployment.environment: Testing
    service.name: Crud.Api
    service.version: 1.0.0
    service.instance.id: bb25e7a8-9ced-49c8-9e52-fd74b67e7fff
    telemetry.sdk.name: opentelemetry
    telemetry.sdk.language: dotnet
    telemetry.sdk.version: 1.8.1
[06:45:40 DBG] Cache miss for key: list:role {"SourceContext": "Infrastructure.Services.Caching.InMemoryCacheService", "ActionId": "27248384-f60f-44e4-851e-33ab31fa7bd5", "ActionName": "Api.Controllers.RolesController.List (Api)", "RequestId": "0HNFGVQB4PE0F", "RequestPath": "/api/roles", "Application": "Crud.Api"}
[06:45:40 DBG] Set cache value for key: list:role {"SourceContext": "Infrastructure.Services.Caching.InMemoryCacheService", "ActionId": "27248384-f60f-44e4-851e-33ab31fa7bd5", "ActionName": "Api.Controllers.RolesController.List (Api)", "RequestId": "0HNFGVQB4PE0F", "RequestPath": "/api/roles", "Application": "Crud.Api"}
[06:45:40 DBG] Response not compressed: application/json; charset=utf-8 | Size: 1551 bytes | Path: /api/roles {"SourceContext": "Api.Middleware.CompressionPerformanceMiddleware", "RequestId": "0HNFGVQB4PE0F", "RequestPath": "/api/roles", "Application": "Crud.Api"}
Activity.TraceId:            3a3fc5ba5546ef9b84ab1110cdef32cf
Activity.SpanId:             9e23d5b6bb33c07d
Activity.TraceFlags:         Recorded
Activity.ActivitySourceName: Microsoft.AspNetCore
Activity.DisplayName:        GET api/Roles
Activity.Kind:               Server
Activity.StartTime:          2025-09-11T06:45:40.2144657Z
Activity.Duration:           00:00:00.0010681
Activity.Tags:
    server.address: localhost
    http.request.method: GET
    url.scheme: http
    url.path: /api/roles
    network.protocol.version: 1.1
    http.route: api/Roles
    http.response.status_code: 200
Resource associated with Activity:
    deployment.environment: Testing
    service.name: Crud.Api
    service.version: 1.0.0
    service.instance.id: bb25e7a8-9ced-49c8-9e52-fd74b67e7fff
    telemetry.sdk.name: opentelemetry
    telemetry.sdk.language: dotnet
    telemetry.sdk.version: 1.8.1
[06:45:40 INF] Resetting database for worker 14133 {"SourceContext": "Infrastructure.Services.DatabaseTestService", "Application": "Crud.Api"}
[06:45:40 INF] Resetting database via file deletion for worker 14133 in CI environment {"SourceContext": "Infrastructure.Services.DatabaseTestService", "Application": "Crud.Api"}
[06:45:40 INF] Acquiring database mutex for worker 14133... {"SourceContext": "Infrastructure.Services.DatabaseTestService", "Application": "Crud.Api"}
[06:45:40 INF] Database mutex acquired for worker 14133 {"SourceContext": "Infrastructure.Services.DatabaseTestService", "Application": "Crud.Api"}
[06:45:40 INF] Current database state - CanConnect: True {"SourceContext": "Infrastructure.Services.DatabaseTestService", "Application": "Crud.Api"}
[06:45:40 INF] [Phase 0] Closing database connection for worker 14133... {"SourceContext": "Infrastructure.Services.DatabaseTestService", "Application": "Crud.Api"}
[06:45:40 INF] [Phase 0] Connection closed in 0.0006ms {"SourceContext": "Infrastructure.Services.DatabaseTestService", "Application": "Crud.Api"}
[06:45:40 INF] [Phase 1] Starting EnsureDeletedAsync for worker 14133... {"SourceContext": "Infrastructure.Services.DatabaseTestService", "Application": "Crud.Api"}
[06:45:40 INF] [Phase 1] EnsureDeletedAsync completed in 1.6328ms {"SourceContext": "Infrastructure.Services.DatabaseTestService", "Application": "Crud.Api"}
[06:45:40 INF] [Phase 2] Starting EnsureCreatedAsync for worker 14133... {"SourceContext": "Infrastructure.Services.DatabaseTestService", "Application": "Crud.Api"}
[06:45:40 INF] [Phase 2] EnsureCreatedAsync completed in 7.6386ms {"SourceContext": "Infrastructure.Services.DatabaseTestService", "Application": "Crud.Api"}
[06:45:40 INF] [Phase 3] Skipping database seeding as requested for worker 14133 {"SourceContext": "Infrastructure.Services.DatabaseTestService", "Application": "Crud.Api"}
[06:45:40 INF] Database reset via file deletion completed for worker 14133 in 109.3319ms (Close: 0.0006ms, Delete: 1.6328ms, Create: 7.6386ms) {"SourceContext": "Infrastructure.Services.DatabaseTestService", "Application": "Crud.Api"}
[06:45:40 INF] Releasing database mutex for worker 14133 {"SourceContext": "Infrastructure.Services.DatabaseTestService", "Application": "Crud.Api"}
[06:45:40 INF] User registered successfully: 3bfde4f3-de16-47b7-8de1-d2a0d0527b40 {"SourceContext": "App.Features.Authentication.RegisterUserCommandHandler", "ActionId": "21b1c46c-cf1d-4f37-98cb-8d6555749eff", "ActionName": "Api.Controllers.AuthController.Register (Api)", "RequestId": "0HNFGVQB4PE0G", "RequestPath": "/api/auth/register", "Application": "Crud.Api"}
Activity.TraceId:            82c18c20b53273c0f46476952364ce47
Activity.SpanId:             88c60bcca8e04c2e
Activity.TraceFlags:         Recorded
Activity.ActivitySourceName: Microsoft.AspNetCore
Activity.DisplayName:        POST api/Auth/register
Activity.Kind:               Server
Activity.StartTime:          2025-09-11T06:45:40.3279997Z
Activity.Duration:           00:00:00.2982038
Activity.Tags:
    server.address: localhost
    http.request.method: POST
    url.scheme: http
    url.path: /api/auth/register
    network.protocol.version: 1.1
    http.route: api/Auth/register
    http.response.status_code: 200
Resource associated with Activity:
    deployment.environment: Testing
    service.name: Crud.Api
    service.version: 1.0.0
    service.instance.id: bb25e7a8-9ced-49c8-9e52-fd74b67e7fff
    telemetry.sdk.name: opentelemetry
    telemetry.sdk.language: dotnet
    telemetry.sdk.version: 1.8.1
[06:45:40 DBG] Cache hit for key: list:role {"SourceContext": "Infrastructure.Services.Caching.InMemoryCacheService", "ActionId": "27248384-f60f-44e4-851e-33ab31fa7bd5", "ActionName": "Api.Controllers.RolesController.List (Api)", "RequestId": "0HNFGVQB4PE0H", "RequestPath": "/api/roles", "Application": "Crud.Api"}
[06:45:40 DBG] Response not compressed: application/json; charset=utf-8 | Size: 1551 bytes | Path: /api/roles {"SourceContext": "Api.Middleware.CompressionPerformanceMiddleware", "RequestId": "0HNFGVQB4PE0H", "RequestPath": "/api/roles", "Application": "Crud.Api"}
Activity.TraceId:            5117a5369e81f22fc89d1cac27c211c4
Activity.SpanId:             ae61a018fc9524e2
Activity.TraceFlags:         Recorded
Activity.ActivitySourceName: Microsoft.AspNetCore
Activity.DisplayName:        GET api/Roles
Activity.Kind:               Server
Activity.StartTime:          2025-09-11T06:45:40.6274004Z
Activity.Duration:           00:00:00.0005882
Activity.Tags:
    server.address: localhost
    http.request.method: GET
    url.scheme: http
    url.path: /api/roles
    network.protocol.version: 1.1
    http.route: api/Roles
    http.response.status_code: 200
Resource associated with Activity:
    deployment.environment: Testing
    service.name: Crud.Api
    service.version: 1.0.0
    service.instance.id: bb25e7a8-9ced-49c8-9e52-fd74b67e7fff
    telemetry.sdk.name: opentelemetry
    telemetry.sdk.language: dotnet
    telemetry.sdk.version: 1.8.1
[06:45:40 INF] User registered successfully: 31ddf616-9ec0-438f-b1d4-ae6731142404 {"SourceContext": "App.Features.Authentication.RegisterUserCommandHandler", "ActionId": "21b1c46c-cf1d-4f37-98cb-8d6555749eff", "ActionName": "Api.Controllers.AuthController.Register (Api)", "RequestId": "0HNFGVQB4PE0I", "RequestPath": "/api/auth/register", "Application": "Crud.Api"}
Activity.TraceId:            00ec1c29656eadd913c20be0d8cc45ca
Activity.SpanId:             4f1dd1e8ee651741
Activity.TraceFlags:         Recorded
Activity.ActivitySourceName: Microsoft.AspNetCore
Activity.DisplayName:        POST api/Auth/register
Activity.Kind:               Server
Activity.StartTime:          2025-09-11T06:45:40.6299659Z
Activity.Duration:           00:00:00.2979020
Activity.Tags:
    server.address: localhost
    http.request.method: POST
    url.scheme: http
    url.path: /api/auth/register
    network.protocol.version: 1.1
    http.route: api/Auth/register
    http.response.status_code: 200
Resource associated with Activity:
    deployment.environment: Testing
    service.name: Crud.Api
    service.version: 1.0.0
    service.instance.id: bb25e7a8-9ced-49c8-9e52-fd74b67e7fff
    telemetry.sdk.name: opentelemetry
    telemetry.sdk.language: dotnet
    telemetry.sdk.version: 1.8.1
Activity.TraceId:            f64b8ed23cc2bb569624562a62adf27f
Activity.SpanId:             b639e66b0fa39f7b
Activity.TraceFlags:         Recorded
Activity.ActivitySourceName: Microsoft.AspNetCore
Activity.DisplayName:        GET
Activity.Kind:               Server
Activity.StartTime:          2025-09-11T06:45:40.9288351Z
Activity.Duration:           00:00:00.0007526
Activity.Tags:
    server.address: localhost
    http.request.method: GET
    url.scheme: http
    url.path: /api/nonexistent
    network.protocol.version: 1.1
    http.response.status_code: 404
Resource associated with Activity:
    deployment.environment: Testing
    service.name: Crud.Api
    service.version: 1.0.0
    service.instance.id: bb25e7a8-9ced-49c8-9e52-fd74b67e7fff
    telemetry.sdk.name: opentelemetry
    telemetry.sdk.language: dotnet
    telemetry.sdk.version: 1.8.1
[06:45:40 INF] Resetting database for worker 14133 {"SourceContext": "Infrastructure.Services.DatabaseTestService", "Application": "Crud.Api"}
[06:45:40 INF] Resetting database via file deletion for worker 14133 in CI environment {"SourceContext": "Infrastructure.Services.DatabaseTestService", "Application": "Crud.Api"}
[06:45:40 INF] Acquiring database mutex for worker 14133... {"SourceContext": "Infrastructure.Services.DatabaseTestService", "Application": "Crud.Api"}
[06:45:40 INF] Database mutex acquired for worker 14133 {"SourceContext": "Infrastructure.Services.DatabaseTestService", "Application": "Crud.Api"}
[06:45:40 INF] Current database state - CanConnect: True {"SourceContext": "Infrastructure.Services.DatabaseTestService", "Application": "Crud.Api"}
[06:45:40 INF] [Phase 0] Closing database connection for worker 14133... {"SourceContext": "Infrastructure.Services.DatabaseTestService", "Application": "Crud.Api"}
[06:45:40 INF] [Phase 0] Connection closed in 0.0007ms {"SourceContext": "Infrastructure.Services.DatabaseTestService", "Application": "Crud.Api"}
[06:45:40 INF] [Phase 1] Starting EnsureDeletedAsync for worker 14133... {"SourceContext": "Infrastructure.Services.DatabaseTestService", "Application": "Crud.Api"}
[06:45:40 INF] [Phase 1] EnsureDeletedAsync completed in 1.2643ms {"SourceContext": "Infrastructure.Services.DatabaseTestService", "Application": "Crud.Api"}
[06:45:41 INF] [Phase 2] Starting EnsureCreatedAsync for worker 14133... {"SourceContext": "Infrastructure.Services.DatabaseTestService", "Application": "Crud.Api"}
[06:45:41 INF] [Phase 2] EnsureCreatedAsync completed in 7.7527ms {"SourceContext": "Infrastructure.Services.DatabaseTestService", "Application": "Crud.Api"}
[06:45:41 INF] [Phase 3] Skipping database seeding as requested for worker 14133 {"SourceContext": "Infrastructure.Services.DatabaseTestService", "Application": "Crud.Api"}
[06:45:41 INF] Database reset via file deletion completed for worker 14133 in 109.7551ms (Close: 0.0007ms, Delete: 1.2643ms, Create: 7.7527ms) {"SourceContext": "Infrastructure.Services.DatabaseTestService", "Application": "Crud.Api"}
[06:45:41 INF] Releasing database mutex for worker 14133 {"SourceContext": "Infrastructure.Services.DatabaseTestService", "Application": "Crud.Api"}
[06:45:41 INF] User registered successfully: a9ab72a5-7839-4171-b1a8-348f4499b55e {"SourceContext": "App.Features.Authentication.RegisterUserCommandHandler", "ActionId": "21b1c46c-cf1d-4f37-98cb-8d6555749eff", "ActionName": "Api.Controllers.AuthController.Register (Api)", "RequestId": "0HNFGVQB4PE0K", "RequestPath": "/api/auth/register", "Application": "Crud.Api"}
Activity.TraceId:            4d08ab4733bf753cb923212fa3dba2c1
Activity.SpanId:             af901222259ac5f6
Activity.TraceFlags:         Recorded
Activity.ActivitySourceName: Microsoft.AspNetCore
Activity.DisplayName:        POST api/Auth/register
Activity.Kind:               Server
Activity.StartTime:          2025-09-11T06:45:41.0433026Z
Activity.Duration:           00:00:00.2993617
Activity.Tags:
    server.address: localhost
    http.request.method: POST
    url.scheme: http
    url.path: /api/auth/register
    network.protocol.version: 1.1
    http.route: api/Auth/register
    http.response.status_code: 200
Resource associated with Activity:
    deployment.environment: Testing
    service.name: Crud.Api
    service.version: 1.0.0
    service.instance.id: bb25e7a8-9ced-49c8-9e52-fd74b67e7fff
    telemetry.sdk.name: opentelemetry
    telemetry.sdk.language: dotnet
    telemetry.sdk.version: 1.8.1
[06:45:41 INF] User logged in successfully: a9ab72a5-7839-4171-b1a8-348f4499b55e {"SourceContext": "App.Features.Authentication.LoginCommandHandler", "ActionId": "4e91dac6-4c48-4864-8a99-5e2194d9ace3", "ActionName": "Api.Controllers.AuthController.Login (Api)", "RequestId": "0HNFGVQB4PE0L", "RequestPath": "/api/auth/login", "Application": "Crud.Api"}
Activity.TraceId:            edacd4a6a3dc90f79be57430b1a04183
Activity.SpanId:             fcbf442817b023bd
Activity.TraceFlags:         Recorded
Activity.ActivitySourceName: Microsoft.AspNetCore
Activity.DisplayName:        POST api/Auth/login
Activity.Kind:               Server
Activity.StartTime:          2025-09-11T06:45:41.3436997Z
Activity.Duration:           00:00:00.2990271
Activity.Tags:
    server.address: localhost
    http.request.method: POST
    url.scheme: http
    url.path: /api/auth/login
    network.protocol.version: 1.1
    http.route: api/Auth/login
    http.response.status_code: 200
Resource associated with Activity:
    deployment.environment: Testing
    service.name: Crud.Api
    service.version: 1.0.0
    service.instance.id: bb25e7a8-9ced-49c8-9e52-fd74b67e7fff
    telemetry.sdk.name: opentelemetry
    telemetry.sdk.language: dotnet
    telemetry.sdk.version: 1.8.1
[06:45:41 DBG] Cache miss for key: name:role:testrole_e3672823a7d64e67a895fe758d2c7c88 {"SourceContext": "Infrastructure.Services.Caching.InMemoryCacheService", "ActionId": "9d27147d-e02e-4749-94a8-2ed59da742f2", "ActionName": "Api.Controllers.RolesController.Create (Api)", "RequestId": "0HNFGVQB4PE0M", "RequestPath": "/api/roles", "Application": "Crud.Api"}
[06:45:41 DBG] Removed cache value for key: entity:role:44ca60d8a2c34d47b8d9ecb494c2189f {"SourceContext": "Infrastructure.Services.Caching.InMemoryCacheService", "ActionId": "9d27147d-e02e-4749-94a8-2ed59da742f2", "ActionName": "Api.Controllers.RolesController.Create (Api)", "RequestId": "0HNFGVQB4PE0M", "RequestPath": "/api/roles", "Application": "Crud.Api"}
[06:45:41 DBG] Removed cache value for key: list:role {"SourceContext": "Infrastructure.Services.Caching.InMemoryCacheService", "ActionId": "9d27147d-e02e-4749-94a8-2ed59da742f2", "ActionName": "Api.Controllers.RolesController.Create (Api)", "RequestId": "0HNFGVQB4PE0M", "RequestPath": "/api/roles", "Application": "Crud.Api"}
[06:45:41 DBG] Invalidating cache for entity type: roles with tag: roles {"SourceContext": "Api.Services.OutputCacheInvalidationService", "ActionId": "9d27147d-e02e-4749-94a8-2ed59da742f2", "ActionName": "Api.Controllers.RolesController.Create (Api)", "RequestId": "0HNFGVQB4PE0M", "RequestPath": "/api/roles", "Application": "Crud.Api"}
[06:45:41 INF] Successfully invalidated cache for entity type: roles {"SourceContext": "Api.Services.OutputCacheInvalidationService", "ActionId": "9d27147d-e02e-4749-94a8-2ed59da742f2", "ActionName": "Api.Controllers.RolesController.Create (Api)", "RequestId": "0HNFGVQB4PE0M", "RequestPath": "/api/roles", "Application": "Crud.Api"}
Activity.TraceId:            dd0252eef598aea199627b0639d7ea5d
Activity.SpanId:             f20115634fbf5d49
Activity.TraceFlags:         Recorded
Activity.ActivitySourceName: Microsoft.AspNetCore
Activity.DisplayName:        POST api/Roles
Activity.Kind:               Server
Activity.StartTime:          2025-09-11T06:45:41.6429731Z
Activity.Duration:           00:00:00.0019022
Activity.Tags:
    server.address: localhost
    http.request.method: POST
    url.scheme: http
    url.path: /api/roles
    network.protocol.version: 1.1
    http.route: api/Roles
    http.response.status_code: 201
Resource associated with Activity:
    deployment.environment: Testing
    service.name: Crud.Api
    service.version: 1.0.0
    service.instance.id: bb25e7a8-9ced-49c8-9e52-fd74b67e7fff
    telemetry.sdk.name: opentelemetry
    telemetry.sdk.language: dotnet
    telemetry.sdk.version: 1.8.1
[06:45:41 INF] User registered successfully: 4bcacf1f-5677-4078-a43d-33d305095b9b {"SourceContext": "App.Features.Authentication.RegisterUserCommandHandler", "ActionId": "21b1c46c-cf1d-4f37-98cb-8d6555749eff", "ActionName": "Api.Controllers.AuthController.Register (Api)", "RequestId": "0HNFGVQB4PE0N", "RequestPath": "/api/auth/register", "Application": "Crud.Api"}
Activity.TraceId:            baef865424041e806e4c13f8453bbe5d
Activity.SpanId:             9474c74a53db4ce4
Activity.TraceFlags:         Recorded
Activity.ActivitySourceName: Microsoft.AspNetCore
Activity.DisplayName:        POST api/Auth/register
Activity.Kind:               Server
Activity.StartTime:          2025-09-11T06:45:41.6475132Z
Activity.Duration:           00:00:00.3468793
Activity.Tags:
    server.address: localhost
    http.request.method: POST
    url.scheme: http
    url.path: /api/auth/register
    network.protocol.version: 1.1
    http.route: api/Auth/register
    http.response.status_code: 200
Resource associated with Activity:
    deployment.environment: Testing
    service.name: Crud.Api
    service.version: 1.0.0
    service.instance.id: bb25e7a8-9ced-49c8-9e52-fd74b67e7fff
    telemetry.sdk.name: opentelemetry
    telemetry.sdk.language: dotnet
    telemetry.sdk.version: 1.8.1
[06:45:42 INF] User registered successfully: 4f9f3a52-6b9f-48c7-a7dd-2ba14f96ee75 {"SourceContext": "App.Features.Authentication.RegisterUserCommandHandler", "ActionId": "21b1c46c-cf1d-4f37-98cb-8d6555749eff", "ActionName": "Api.Controllers.AuthController.Register (Api)", "RequestId": "0HNFGVQB4PE0O", "RequestPath": "/api/auth/register", "Application": "Crud.Api"}
Activity.TraceId:            bd5f83b183778905cb57b985084771d4
Activity.SpanId:             9eda76c9d41bf3a6
Activity.TraceFlags:         Recorded
Activity.ActivitySourceName: Microsoft.AspNetCore
Activity.DisplayName:        POST api/Auth/register
Activity.Kind:               Server
Activity.StartTime:          2025-09-11T06:45:41.6968633Z
Activity.Duration:           00:00:00.3459910
Activity.Tags:
    server.address: localhost
    http.request.method: POST
    url.scheme: http
    url.path: /api/auth/register
    network.protocol.version: 1.1
    http.route: api/Auth/register
    http.response.status_code: 200
Resource associated with Activity:
    deployment.environment: Testing
    service.name: Crud.Api
    service.version: 1.0.0
    service.instance.id: bb25e7a8-9ced-49c8-9e52-fd74b67e7fff
    telemetry.sdk.name: opentelemetry
    telemetry.sdk.language: dotnet
    telemetry.sdk.version: 1.8.1
[06:45:42 INF] User registered successfully: a6f0d2ee-1aa5-4cf1-ba20-86fcc4fda2d2 {"SourceContext": "App.Features.Authentication.RegisterUserCommandHandler", "ActionId": "21b1c46c-cf1d-4f37-98cb-8d6555749eff", "ActionName": "Api.Controllers.AuthController.Register (Api)", "RequestId": "0HNFGVQB4PE0P", "RequestPath": "/api/auth/register", "Application": "Crud.Api"}
Activity.TraceId:            7f3a8ff7612c09d51aabf8791e43d302
Activity.SpanId:             9d8cd3f0d39b8c86
Activity.TraceFlags:         Recorded
Activity.ActivitySourceName: Microsoft.AspNetCore
Activity.DisplayName:        POST api/Auth/register
Activity.Kind:               Server
Activity.StartTime:          2025-09-11T06:45:41.7465430Z
Activity.Duration:           00:00:00.3487836
Activity.Tags:
    server.address: localhost
    http.request.method: POST
    url.scheme: http
    url.path: /api/auth/register
    network.protocol.version: 1.1
    http.route: api/Auth/register
    http.response.status_code: 200
Resource associated with Activity:
    deployment.environment: Testing
    service.name: Crud.Api
    service.version: 1.0.0
    service.instance.id: bb25e7a8-9ced-49c8-9e52-fd74b67e7fff
    telemetry.sdk.name: opentelemetry
    telemetry.sdk.language: dotnet
    telemetry.sdk.version: 1.8.1
[06:45:42 INF] User registered successfully: 5cd518a9-35e5-4706-b0f8-bc73de5edb53 {"SourceContext": "App.Features.Authentication.RegisterUserCommandHandler", "ActionId": "21b1c46c-cf1d-4f37-98cb-8d6555749eff", "ActionName": "Api.Controllers.AuthController.Register (Api)", "RequestId": "0HNFGVQB4PE0Q", "RequestPath": "/api/auth/register", "Application": "Crud.Api"}
Activity.TraceId:            7a10d4c9e2fd764b277d08b174536bfe
Activity.SpanId:             819c5592ff0e60f9
Activity.TraceFlags:         Recorded
Activity.ActivitySourceName: Microsoft.AspNetCore
Activity.DisplayName:        POST api/Auth/register
Activity.Kind:               Server
Activity.StartTime:          2025-09-11T06:45:41.7978242Z
Activity.Duration:           00:00:00.3723252
Activity.Tags:
    server.address: localhost
    http.request.method: POST
    url.scheme: http
    url.path: /api/auth/register
    network.protocol.version: 1.1
    http.route: api/Auth/register
    http.response.status_code: 200
Resource associated with Activity:
    deployment.environment: Testing
    service.name: Crud.Api
    service.version: 1.0.0
    service.instance.id: bb25e7a8-9ced-49c8-9e52-fd74b67e7fff
    telemetry.sdk.name: opentelemetry
    telemetry.sdk.language: dotnet
    telemetry.sdk.version: 1.8.1
[06:45:42 INF] User logged in successfully: 4bcacf1f-5677-4078-a43d-33d305095b9b {"SourceContext": "App.Features.Authentication.LoginCommandHandler", "ActionId": "4e91dac6-4c48-4864-8a99-5e2194d9ace3", "ActionName": "Api.Controllers.AuthController.Login (Api)", "RequestId": "0HNFGVQB4PE0S", "RequestPath": "/api/auth/login", "Application": "Crud.Api"}
Activity.TraceId:            08691a814431520b5fe4997e6932a6bd
Activity.SpanId:             935ed8ab41906ac3
Activity.TraceFlags:         Recorded
Activity.ActivitySourceName: Microsoft.AspNetCore
Activity.DisplayName:        POST api/Auth/login
Activity.Kind:               Server
Activity.StartTime:          2025-09-11T06:45:42.0965356Z
Activity.Duration:           00:00:00.2995110
Activity.Tags:
    server.address: localhost
    http.request.method: POST
    url.scheme: http
    url.path: /api/auth/login
    network.protocol.version: 1.1
    http.route: api/Auth/login
    http.response.status_code: 200
Resource associated with Activity:
    deployment.environment: Testing
    service.name: Crud.Api
    service.version: 1.0.0
    service.instance.id: bb25e7a8-9ced-49c8-9e52-fd74b67e7fff
    telemetry.sdk.name: opentelemetry
    telemetry.sdk.language: dotnet
    telemetry.sdk.version: 1.8.1
[06:45:42 INF] User logged in successfully: 4f9f3a52-6b9f-48c7-a7dd-2ba14f96ee75 {"SourceContext": "App.Features.Authentication.LoginCommandHandler", "ActionId": "4e91dac6-4c48-4864-8a99-5e2194d9ace3", "ActionName": "Api.Controllers.AuthController.Login (Api)", "RequestId": "0HNFGVQB4PE0R", "RequestPath": "/api/auth/login", "Application": "Crud.Api"}
Activity.TraceId:            07b9b32634a2941baad60d4b1ff42006
Activity.SpanId:             04e43fb445580ef3
Activity.TraceFlags:         Recorded
Activity.ActivitySourceName: Microsoft.AspNetCore
Activity.DisplayName:        POST api/Auth/login
Activity.Kind:               Server
Activity.StartTime:          2025-09-11T06:45:42.0451535Z
Activity.Duration:           00:00:00.3708043
Activity.Tags:
    server.address: localhost
    http.request.method: POST
    url.scheme: http
    url.path: /api/auth/login
    network.protocol.version: 1.1
    http.route: api/Auth/login
    http.response.status_code: 200
Resource associated with Activity:
    deployment.environment: Testing
    service.name: Crud.Api
    service.version: 1.0.0
    service.instance.id: bb25e7a8-9ced-49c8-9e52-fd74b67e7fff
    telemetry.sdk.name: opentelemetry
    telemetry.sdk.language: dotnet
    telemetry.sdk.version: 1.8.1
[06:45:42 DBG] Cache miss for key: entity:role:44ca60d8a2c34d47b8d9ecb494c2189f {"SourceContext": "Infrastructure.Services.Caching.InMemoryCacheService", "ActionId": "4180af1b-1b58-4426-a3bd-afbb17778ea3", "ActionName": "Api.Controllers.PeopleController.Create (Api)", "RequestId": "0HNFGVQB4PE10", "RequestPath": "/api/people", "Application": "Crud.Api"}
[06:45:42 DBG] Set cache value for key: entity:role:44ca60d8a2c34d47b8d9ecb494c2189f {"SourceContext": "Infrastructure.Services.Caching.InMemoryCacheService", "ActionId": "4180af1b-1b58-4426-a3bd-afbb17778ea3", "ActionName": "Api.Controllers.PeopleController.Create (Api)", "RequestId": "0HNFGVQB4PE10", "RequestPath": "/api/people", "Application": "Crud.Api"}
[06:45:42 DBG] Removed cache value for key: entity:person:af2e593bce8c4a459c7b26902086bb97 {"SourceContext": "Infrastructure.Services.Caching.InMemoryCacheService", "ActionId": "4180af1b-1b58-4426-a3bd-afbb17778ea3", "ActionName": "Api.Controllers.PeopleController.Create (Api)", "RequestId": "0HNFGVQB4PE10", "RequestPath": "/api/people", "Application": "Crud.Api"}
[06:45:42 DBG] Removed cache value for key: list:person {"SourceContext": "Infrastructure.Services.Caching.InMemoryCacheService", "ActionId": "4180af1b-1b58-4426-a3bd-afbb17778ea3", "ActionName": "Api.Controllers.PeopleController.Create (Api)", "RequestId": "0HNFGVQB4PE10", "RequestPath": "/api/people", "Application": "Crud.Api"}
[06:45:42 DBG] Invalidating cache for entity type: people with tag: people {"SourceContext": "Api.Services.OutputCacheInvalidationService", "ActionId": "4180af1b-1b58-4426-a3bd-afbb17778ea3", "ActionName": "Api.Controllers.PeopleController.Create (Api)", "RequestId": "0HNFGVQB4PE10", "RequestPath": "/api/people", "Application": "Crud.Api"}
[06:45:42 INF] Successfully invalidated cache for entity type: people {"SourceContext": "Api.Services.OutputCacheInvalidationService", "ActionId": "4180af1b-1b58-4426-a3bd-afbb17778ea3", "ActionName": "Api.Controllers.PeopleController.Create (Api)", "RequestId": "0HNFGVQB4PE10", "RequestPath": "/api/people", "Application": "Crud.Api"}
Activity.TraceId:            024014463ccf9eb1120cc07e3e679fd2
Activity.SpanId:             57d1928a5af4da39
Activity.TraceFlags:         Recorded
Activity.ActivitySourceName: Microsoft.AspNetCore
Activity.DisplayName:        POST api/People
Activity.Kind:               Server
Activity.StartTime:          2025-09-11T06:45:42.4162279Z
Activity.Duration:           00:00:00.0126106
Activity.Tags:
    server.address: localhost
    http.request.method: POST
    url.scheme: http
    url.path: /api/people
    network.protocol.version: 1.1
    http.route: api/People
    http.response.status_code: 201
Resource associated with Activity:
    deployment.environment: Testing
    service.name: Crud.Api
    service.version: 1.0.0
    service.instance.id: bb25e7a8-9ced-49c8-9e52-fd74b67e7fff
    telemetry.sdk.name: opentelemetry
    telemetry.sdk.language: dotnet
    telemetry.sdk.version: 1.8.1
[06:45:42 DBG] Cache hit for key: entity:role:44ca60d8a2c34d47b8d9ecb494c2189f {"SourceContext": "Infrastructure.Services.Caching.InMemoryCacheService", "ActionId": "4180af1b-1b58-4426-a3bd-afbb17778ea3", "ActionName": "Api.Controllers.PeopleController.Create (Api)", "RequestId": "0HNFGVQB4PE11", "RequestPath": "/api/people", "Application": "Crud.Api"}
[06:45:42 ERR] Failed executing DbCommand (0ms) [Parameters=[@p0='44ca60d8-a2c3-4d47-b8d9-ecb494c2189f', @p1='2025-09-11T06:45:41.6439894' (DbType = DateTime), @p2='Test' (Size = 4), @p3='TestRole_e3672823a7d64e67a895fe758d2c7c88' (Nullable = false) (Size = 41), @p4=NULL (DbType = Binary), @p5=NULL (DbType = DateTime)], CommandType='Text', CommandTimeout='30']
INSERT INTO "Roles" ("Id", "CreatedAt", "Description", "Name", "RowVersion", "UpdatedAt")
VALUES (@p0, @p1, @p2, @p3, @p4, @p5); {"EventId": {"Id": 20102, "Name": "Microsoft.EntityFrameworkCore.Database.Command.CommandError"}, "SourceContext": "Microsoft.EntityFrameworkCore.Database.Command", "ActionId": "4180af1b-1b58-4426-a3bd-afbb17778ea3", "ActionName": "Api.Controllers.PeopleController.Create (Api)", "RequestId": "0HNFGVQB4PE11", "RequestPath": "/api/people", "Application": "Crud.Api"}
[06:45:42 ERR] An exception occurred in the database while saving changes for context type 'Infrastructure.Data.ApplicationDbContext'.
Microsoft.EntityFrameworkCore.DbUpdateException: An error occurred while saving the entity changes. See the inner exception for details.
 ---&gt; Microsoft.Data.Sqlite.SqliteException (0x80004005): SQLite Error 19: 'UNIQUE constraint failed: Roles.Name'.
   at Microsoft.Data.Sqlite.SqliteException.ThrowExceptionForRC(Int32 rc, sqlite3 db)
   at Microsoft.Data.Sqlite.SqliteDataReader.NextResult()
   at Microsoft.Data.Sqlite.SqliteCommand.ExecuteReader(CommandBehavior behavior)
   at Microsoft.Data.Sqlite.SqliteCommand.ExecuteDbDataReaderAsync(CommandBehavior behavior, CancellationToken cancellationToken)
   at Microsoft.EntityFrameworkCore.Storage.RelationalCommand.ExecuteReaderAsync(RelationalCommandParameterObject parameterObject, CancellationToken cancellationToken)
   at Microsoft.EntityFrameworkCore.Storage.RelationalCommand.ExecuteReaderAsync(RelationalCommandParameterObject parameterObject, CancellationToken cancellationToken)
   at Microsoft.EntityFrameworkCore.Update.ReaderModificationCommandBatch.ExecuteAsync(IRelationalConnection connection, CancellationToken cancellationToken)
   --- End of inner exception stack trace ---
   at Microsoft.EntityFrameworkCore.Update.ReaderModificationCommandBatch.ExecuteAsync(IRelationalConnection connection, CancellationToken cancellationToken)
   at Microsoft.EntityFrameworkCore.Update.Internal.BatchExecutor.ExecuteAsync(IEnumerable`1 commandBatches, IRelationalConnection connection, CancellationToken cancellationToken)
   at Microsoft.EntityFrameworkCore.Update.Internal.BatchExecutor.ExecuteAsync(IEnumerable`1 commandBatches, IRelationalConnection connection, CancellationToken cancellationToken)
   at Microsoft.EntityFrameworkCore.Update.Internal.BatchExecutor.ExecuteAsync(IEnumerable`1 commandBatches, IRelationalConnection connection, CancellationToken cancellationToken)
   at Microsoft.EntityFrameworkCore.ChangeTracking.Internal.StateManager.SaveChangesAsync(IList`1 entriesToSave, CancellationToken cancellationToken)
   at Microsoft.EntityFrameworkCore.ChangeTracking.Internal.StateManager.SaveChangesAsync(StateManager stateManager, Boolean acceptAllChangesOnSuccess, CancellationToken cancellationToken)
   at Microsoft.EntityFrameworkCore.DbContext.SaveChangesAsync(Boolean acceptAllChangesOnSuccess, CancellationToken cancellationToken) {"EventId": {"Id": 10000, "Name": "Microsoft.EntityFrameworkCore.Update.SaveChangesFailed"}, "SourceContext": "Microsoft.EntityFrameworkCore.Update", "ActionId": "4180af1b-1b58-4426-a3bd-afbb17778ea3", "ActionName": "Api.Controllers.PeopleController.Create (Api)", "RequestId": "0HNFGVQB4PE11", "RequestPath": "/api/people", "Application": "Crud.Api"}
Microsoft.EntityFrameworkCore.DbUpdateException: An error occurred while saving the entity changes. See the inner exception for details.
 ---&gt; Microsoft.Data.Sqlite.SqliteException (0x80004005): SQLite Error 19: 'UNIQUE constraint failed: Roles.Name'.
   at Microsoft.Data.Sqlite.SqliteException.ThrowExceptionForRC(Int32 rc, sqlite3 db)
   at Microsoft.Data.Sqlite.SqliteDataReader.NextResult()
   at Microsoft.Data.Sqlite.SqliteCommand.ExecuteReader(CommandBehavior behavior)
   at Microsoft.Data.Sqlite.SqliteCommand.ExecuteDbDataReaderAsync(CommandBehavior behavior, CancellationToken cancellationToken)
   at Microsoft.EntityFrameworkCore.Storage.RelationalCommand.ExecuteReaderAsync(RelationalCommandParameterObject parameterObject, CancellationToken cancellationToken)
   at Microsoft.EntityFrameworkCore.Storage.RelationalCommand.ExecuteReaderAsync(RelationalCommandParameterObject parameterObject, CancellationToken cancellationToken)
   at Microsoft.EntityFrameworkCore.Update.ReaderModificationCommandBatch.ExecuteAsync(IRelationalConnection connection, CancellationToken cancellationToken)
   --- End of inner exception stack trace ---
   at Microsoft.EntityFrameworkCore.Update.ReaderModificationCommandBatch.ExecuteAsync(IRelationalConnection connection, CancellationToken cancellationToken)
   at Microsoft.EntityFrameworkCore.Update.Internal.BatchExecutor.ExecuteAsync(IEnumerable`1 commandBatches, IRelationalConnection connection, CancellationToken cancellationToken)
   at Microsoft.EntityFrameworkCore.Update.Internal.BatchExecutor.ExecuteAsync(IEnumerable`1 commandBatches, IRelationalConnection connection, CancellationToken cancellationToken)
   at Microsoft.EntityFrameworkCore.Update.Internal.BatchExecutor.ExecuteAsync(IEnumerable`1 commandBatches, IRelationalConnection connection, CancellationToken cancellationToken)
   at Microsoft.EntityFrameworkCore.ChangeTracking.Internal.StateManager.SaveChangesAsync(IList`1 entriesToSave, CancellationToken cancellationToken)
   at Microsoft.EntityFrameworkCore.ChangeTracking.Internal.StateManager.SaveChangesAsync(StateManager stateManager, Boolean acceptAllChangesOnSuccess, CancellationToken cancellationToken)
   at Microsoft.EntityFrameworkCore.DbContext.SaveChangesAsync(Boolean acceptAllChangesOnSuccess, CancellationToken cancellationToken)
[06:45:42 ERR] An unhandled exception occurred during request POST /api/people. Request ID: 0HNFGVQB4PE11, User: Anonymous {"SourceContext": "Api.Middleware.GlobalExceptionHandlingMiddleware", "RequestPath": "/api/people", "Application": "Crud.Api"}
System.InvalidOperationException: Failed to create person. Please check that all referenced roles exist.
 ---&gt; Microsoft.EntityFrameworkCore.DbUpdateException: An error occurred while saving the entity changes. See the inner exception for details.
 ---&gt; Microsoft.Data.Sqlite.SqliteException (0x80004005): SQLite Error 19: 'UNIQUE constraint failed: Roles.Name'.
   at Microsoft.Data.Sqlite.SqliteException.ThrowExceptionForRC(Int32 rc, sqlite3 db)
   at Microsoft.Data.Sqlite.SqliteDataReader.NextResult()
   at Microsoft.Data.Sqlite.SqliteCommand.ExecuteReader(CommandBehavior behavior)
   at Microsoft.Data.Sqlite.SqliteCommand.ExecuteDbDataReaderAsync(CommandBehavior behavior, CancellationToken cancellationToken)
   at Microsoft.EntityFrameworkCore.Storage.RelationalCommand.ExecuteReaderAsync(RelationalCommandParameterObject parameterObject, CancellationToken cancellationToken)
   at Microsoft.EntityFrameworkCore.Storage.RelationalCommand.ExecuteReaderAsync(RelationalCommandParameterObject parameterObject, CancellationToken cancellationToken)
   at Microsoft.EntityFrameworkCore.Update.ReaderModificationCommandBatch.ExecuteAsync(IRelationalConnection connection, CancellationToken cancellationToken)
   --- End of inner exception stack trace ---
   at Microsoft.EntityFrameworkCore.Update.ReaderModificationCommandBatch.ExecuteAsync(IRelationalConnection connection, CancellationToken cancellationToken)
   at Microsoft.EntityFrameworkCore.Update.Internal.BatchExecutor.ExecuteAsync(IEnumerable`1 commandBatches, IRelationalConnection connection, CancellationToken cancellationToken)
   at Microsoft.EntityFrameworkCore.Update.Internal.BatchExecutor.ExecuteAsync(IEnumerable`1 commandBatches, IRelationalConnection connection, CancellationToken cancellationToken)
   at Microsoft.EntityFrameworkCore.Update.Internal.BatchExecutor.ExecuteAsync(IEnumerable`1 commandBatches, IRelationalConnection connection, CancellationToken cancellationToken)
   at Microsoft.EntityFrameworkCore.ChangeTracking.Internal.StateManager.SaveChangesAsync(IList`1 entriesToSave, CancellationToken cancellationToken)
   at Microsoft.EntityFrameworkCore.ChangeTracking.Internal.StateManager.SaveChangesAsync(StateManager stateManager, Boolean acceptAllChangesOnSuccess, CancellationToken cancellationToken)
   at Microsoft.EntityFrameworkCore.DbContext.SaveChangesAsync(Boolean acceptAllChangesOnSuccess, CancellationToken cancellationToken)
   at Microsoft.EntityFrameworkCore.DbContext.SaveChangesAsync(Boolean acceptAllChangesOnSuccess, CancellationToken cancellationToken)
   at Infrastructure.Resilience.DbContextResilienceExtensions.&lt;&gt;c__DisplayClass0_0.&lt;&lt;SaveChangesWithRetryAsync&gt;b__0&gt;d.MoveNext() in /home/runner/work/Crud/Crud/src/Infrastructure/Resilience/ResilientDbContext.cs:line 72
--- End of stack trace from previous location ---
   at Polly.CircuitBreaker.AsyncCircuitBreakerPolicy.&lt;&gt;c__DisplayClass8_0`1.&lt;&lt;ImplementationAsync&gt;b__0&gt;d.MoveNext()
--- End of stack trace from previous location ---
   at Polly.CircuitBreaker.AsyncCircuitBreakerEngine.ImplementationAsync[TResult](Func`3 action, Context context, Boolean continueOnCapturedContext, ExceptionPredicates shouldHandleExceptionPredicates, ResultPredicates`1 shouldHandleResultPredicates, ICircuitController`1 breakerController, CancellationToken cancellationToken)
   at Polly.CircuitBreaker.AsyncCircuitBreakerPolicy.ImplementationAsync[TResult](Func`3 action, Context context, CancellationToken cancellationToken, Boolean continueOnCapturedContext)
   at Polly.AsyncPolicy.ExecuteInternalAsync[TResult](Func`3 action, Context context, Boolean continueOnCapturedContext, CancellationToken cancellationToken)
   at Polly.Retry.AsyncRetryEngine.ImplementationAsync[TResult](Func`3 action, Context context, ExceptionPredicates shouldRetryExceptionPredicates, ResultPredicates`1 shouldRetryResultPredicates, Func`5 onRetryAsync, CancellationToken cancellationToken, Int32 permittedRetryCount, IEnumerable`1 sleepDurationsEnumerable, Func`4 sleepDurationProvider, Boolean continueOnCapturedContext)
   at Polly.AsyncPolicy.ExecuteInternalAsync[TResult](Func`3 action, Context context, Boolean continueOnCapturedContext, CancellationToken cancellationToken)
   at Polly.AsyncPolicy.ExecuteInternalAsync[TResult](Func`3 action, Context context, Boolean continueOnCapturedContext, CancellationToken cancellationToken)
   at Polly.Timeout.AsyncTimeoutEngine.ImplementationAsync[TResult](Func`3 action, Context context, Func`2 timeoutProvider, TimeoutStrategy timeoutStrategy, Func`5 onTimeoutAsync, Boolean continueOnCapturedContext, CancellationToken cancellationToken)
   at Polly.Timeout.AsyncTimeoutEngine.ImplementationAsync[TResult](Func`3 action, Context context, Func`2 timeoutProvider, TimeoutStrategy timeoutStrategy, Func`5 onTimeoutAsync, Boolean continueOnCapturedContext, CancellationToken cancellationToken)
   at Polly.AsyncPolicy.ExecuteInternalAsync[TResult](Func`3 action, Context context, Boolean continueOnCapturedContext, CancellationToken cancellationToken)
   at Polly.AsyncPolicy.ExecuteInternalAsync[TResult](Func`3 action, Context context, Boolean continueOnCapturedContext, CancellationToken cancellationToken)
   at Infrastructure.Resilience.DbContextResilienceExtensions.SaveChangesWithRetryAsync(DbContext context, ILogger logger, CancellationToken cancellationToken) in /home/runner/work/Crud/Crud/src/Infrastructure/Resilience/ResilientDbContext.cs:line 70
   at Infrastructure.Repositories.EntityFramework.EfPersonRepository.AddAsync(Person person, CancellationToken ct) in /home/runner/work/Crud/Crud/src/Infrastructure/Repositories/EntityFramework/EfPersonRepository.cs:line 37
   --- End of inner exception stack trace ---
   at Infrastructure.Repositories.EntityFramework.EfPersonRepository.AddAsync(Person person, CancellationToken ct) in /home/runner/work/Crud/Crud/src/Infrastructure/Repositories/EntityFramework/EfPersonRepository.cs:line 42
   at Infrastructure.Services.Caching.CachedPersonRepositoryDecorator.AddAsync(Person entity, CancellationToken cancellationToken) in /home/runner/work/Crud/Crud/src/Infrastructure/Services/Caching/CachedRepositoryDecorator.cs:line 190
   at App.Features.People.CreatePersonCommandHandler.Handle(CreatePersonCommand request, CancellationToken cancellationToken) in /home/runner/work/Crud/Crud/src/App/Features/People/CommandHandlers.cs:line 23
   at App.Behaviors.CacheInvalidationBehavior`2.Handle(TRequest request, RequestHandlerDelegate`1 next, CancellationToken cancellationToken)
   at App.Behaviors.CachingBehavior`2.Handle(TRequest request, RequestHandlerDelegate`1 next, CancellationToken cancellationToken)
   at App.Behaviors.ValidationBehavior`2.Handle(TRequest request, RequestHandlerDelegate`1 next, CancellationToken cancellationToken)
   at Api.Controllers.PeopleController.Create(CreatePersonRequest request, CancellationToken ct) in /home/runner/work/Crud/Crud/src/Api/Controllers/PeopleController.cs:line 73
   at lambda_method2200(Closure, Object)
   at Microsoft.AspNetCore.Mvc.Infrastructure.ActionMethodExecutor.AwaitableObjectResultExecutor.Execute(ActionContext actionContext, IActionResultTypeMapper mapper, ObjectMethodExecutor executor, Object controller, Object[] arguments)
   at Microsoft.AspNetCore.Mvc.Infrastructure.ControllerActionInvoker.&lt;InvokeActionMethodAsync&gt;g__Logged|12_1(ControllerActionInvoker invoker)
   at Microsoft.AspNetCore.Mvc.Infrastructure.ControllerActionInvoker.&lt;InvokeNextActionFilterAsync&gt;g__Awaited|10_0(ControllerActionInvoker invoker, Task lastTask, State next, Scope scope, Object state, Boolean isCompleted)
   at Microsoft.AspNetCore.Mvc.Infrastructure.ControllerActionInvoker.Rethrow(ActionExecutedContextSealed context)
   at Microsoft.AspNetCore.Mvc.Infrastructure.ControllerActionInvoker.Next(State&amp; next, Scope&amp; scope, Object&amp; state, Boolean&amp; isCompleted)
   at Microsoft.AspNetCore.Mvc.Infrastructure.ControllerActionInvoker.InvokeInnerFilterAsync()
--- End of stack trace from previous location ---
   at Microsoft.AspNetCore.Mvc.Infrastructure.ResourceInvoker.&lt;InvokeFilterPipelineAsync&gt;g__Awaited|20_0(ResourceInvoker invoker, Task lastTask, State next, Scope scope, Object state, Boolean isCompleted)
   at Microsoft.AspNetCore.Mvc.Infrastructure.ResourceInvoker.&lt;InvokeAsync&gt;g__Logged|17_1(ResourceInvoker invoker)
   at Microsoft.AspNetCore.Mvc.Infrastructure.ResourceInvoker.&lt;InvokeAsync&gt;g__Logged|17_1(ResourceInvoker invoker)
   at Api.Middleware.ConditionalRequestMiddleware.InvokeAsync(HttpContext context) in /home/runner/work/Crud/Crud/src/Api/Middleware/ConditionalRequestMiddleware.cs:line 31
   at Microsoft.AspNetCore.Authorization.AuthorizationMiddleware.Invoke(HttpContext context)
   at Microsoft.AspNetCore.Authentication.AuthenticationMiddleware.Invoke(HttpContext context)
   at Microsoft.AspNetCore.RateLimiting.RateLimitingMiddleware.InvokeInternal(HttpContext context, EnableRateLimitingAttribute enableRateLimitingAttribute)
   at Api.Middleware.GlobalExceptionHandlingMiddleware.InvokeAsync(HttpContext context) in /home/runner/work/Crud/Crud/src/Api/Middleware/GlobalExceptionHandlingMiddleware.cs:line 27
Activity.TraceId:            84a9f94482396e9dc1ff6eaacb9ca207
Activity.SpanId:             b069509e816e5574
Activity.TraceFlags:         Recorded
Activity.ActivitySourceName: Microsoft.AspNetCore
Activity.DisplayName:        POST api/People
Activity.Kind:               Server
Activity.StartTime:          2025-09-11T06:45:42.4315858Z
Activity.Duration:           00:00:00.0395512
Activity.Tags:
    server.address: localhost
    http.request.method: POST
    url.scheme: http
    url.path: /api/people
    network.protocol.version: 1.1
    http.route: api/People
    http.response.status_code: 409
Resource associated with Activity:
    deployment.environment: Testing
    service.name: Crud.Api
    service.version: 1.0.0
    service.instance.id: bb25e7a8-9ced-49c8-9e52-fd74b67e7fff
    telemetry.sdk.name: opentelemetry
    telemetry.sdk.language: dotnet
    telemetry.sdk.version: 1.8.1
[06:45:42 INF] User logged in successfully: a6f0d2ee-1aa5-4cf1-ba20-86fcc4fda2d2 {"SourceContext": "App.Features.Authentication.LoginCommandHandler", "ActionId": "4e91dac6-4c48-4864-8a99-5e2194d9ace3", "ActionName": "Api.Controllers.AuthController.Login (Api)", "RequestId": "0HNFGVQB4PE0T", "RequestPath": "/api/auth/login", "Application": "Crud.Api"}
Activity.TraceId:            c2cc50c88bd757cdfd2d6729e19d66ee
Activity.SpanId:             cb41d1189c46cf7e
Activity.TraceFlags:         Recorded
Activity.ActivitySourceName: Microsoft.AspNetCore
Activity.DisplayName:        POST api/Auth/login
Activity.Kind:               Server
Activity.StartTime:          2025-09-11T06:45:42.1712470Z
Activity.Duration:           00:00:00.3710718
Activity.Tags:
    server.address: localhost
    http.request.method: POST
    url.scheme: http
    url.path: /api/auth/login
    network.protocol.version: 1.1
    http.route: api/Auth/login
    http.response.status_code: 200
Resource associated with Activity:
    deployment.environment: Testing
    service.name: Crud.Api
    service.version: 1.0.0
    service.instance.id: bb25e7a8-9ced-49c8-9e52-fd74b67e7fff
    telemetry.sdk.name: opentelemetry
    telemetry.sdk.language: dotnet
    telemetry.sdk.version: 1.8.1
[06:45:42 DBG] Cache hit for key: entity:role:44ca60d8a2c34d47b8d9ecb494c2189f {"SourceContext": "Infrastructure.Services.Caching.InMemoryCacheService", "ActionId": "4180af1b-1b58-4426-a3bd-afbb17778ea3", "ActionName": "Api.Controllers.PeopleController.Create (Api)", "RequestId": "0HNFGVQB4PE12", "RequestPath": "/api/people", "Application": "Crud.Api"}
[06:45:42 ERR] Failed executing DbCommand (0ms) [Parameters=[@p0='44ca60d8-a2c3-4d47-b8d9-ecb494c2189f', @p1='2025-09-11T06:45:41.6439894' (DbType = DateTime), @p2='Test' (Size = 4), @p3='TestRole_e3672823a7d64e67a895fe758d2c7c88' (Nullable = false) (Size = 41), @p4=NULL (DbType = Binary), @p5=NULL (DbType = DateTime)], CommandType='Text', CommandTimeout='30']
INSERT INTO "Roles" ("Id", "CreatedAt", "Description", "Name", "RowVersion", "UpdatedAt")
VALUES (@p0, @p1, @p2, @p3, @p4, @p5); {"EventId": {"Id": 20102, "Name": "Microsoft.EntityFrameworkCore.Database.Command.CommandError"}, "SourceContext": "Microsoft.EntityFrameworkCore.Database.Command", "ActionId": "4180af1b-1b58-4426-a3bd-afbb17778ea3", "ActionName": "Api.Controllers.PeopleController.Create (Api)", "RequestId": "0HNFGVQB4PE12", "RequestPath": "/api/people", "Application": "Crud.Api"}
[06:45:42 ERR] An exception occurred in the database while saving changes for context type 'Infrastructure.Data.ApplicationDbContext'.
Microsoft.EntityFrameworkCore.DbUpdateException: An error occurred while saving the entity changes. See the inner exception for details.
 ---&gt; Microsoft.Data.Sqlite.SqliteException (0x80004005): SQLite Error 19: 'UNIQUE constraint failed: Roles.Name'.
   at Microsoft.Data.Sqlite.SqliteException.ThrowExceptionForRC(Int32 rc, sqlite3 db)
   at Microsoft.Data.Sqlite.SqliteDataReader.NextResult()
   at Microsoft.Data.Sqlite.SqliteCommand.ExecuteReader(CommandBehavior behavior)
   at Microsoft.Data.Sqlite.SqliteCommand.ExecuteDbDataReaderAsync(CommandBehavior behavior, CancellationToken cancellationToken)
   at Microsoft.EntityFrameworkCore.Storage.RelationalCommand.ExecuteReaderAsync(RelationalCommandParameterObject parameterObject, CancellationToken cancellationToken)
   at Microsoft.EntityFrameworkCore.Storage.RelationalCommand.ExecuteReaderAsync(RelationalCommandParameterObject parameterObject, CancellationToken cancellationToken)
   at Microsoft.EntityFrameworkCore.Update.ReaderModificationCommandBatch.ExecuteAsync(IRelationalConnection connection, CancellationToken cancellationToken)
   --- End of inner exception stack trace ---
   at Microsoft.EntityFrameworkCore.Update.ReaderModificationCommandBatch.ExecuteAsync(IRelationalConnection connection, CancellationToken cancellationToken)
   at Microsoft.EntityFrameworkCore.Update.Internal.BatchExecutor.ExecuteAsync(IEnumerable`1 commandBatches, IRelationalConnection connection, CancellationToken cancellationToken)
   at Microsoft.EntityFrameworkCore.Update.Internal.BatchExecutor.ExecuteAsync(IEnumerable`1 commandBatches, IRelationalConnection connection, CancellationToken cancellationToken)
   at Microsoft.EntityFrameworkCore.Update.Internal.BatchExecutor.ExecuteAsync(IEnumerable`1 commandBatches, IRelationalConnection connection, CancellationToken cancellationToken)
   at Microsoft.EntityFrameworkCore.ChangeTracking.Internal.StateManager.SaveChangesAsync(IList`1 entriesToSave, CancellationToken cancellationToken)
   at Microsoft.EntityFrameworkCore.ChangeTracking.Internal.StateManager.SaveChangesAsync(StateManager stateManager, Boolean acceptAllChangesOnSuccess, CancellationToken cancellationToken)
   at Microsoft.EntityFrameworkCore.DbContext.SaveChangesAsync(Boolean acceptAllChangesOnSuccess, CancellationToken cancellationToken) {"EventId": {"Id": 10000, "Name": "Microsoft.EntityFrameworkCore.Update.SaveChangesFailed"}, "SourceContext": "Microsoft.EntityFrameworkCore.Update", "ActionId": "4180af1b-1b58-4426-a3bd-afbb17778ea3", "ActionName": "Api.Controllers.PeopleController.Create (Api)", "RequestId": "0HNFGVQB4PE12", "RequestPath": "/api/people", "Application": "Crud.Api"}
Microsoft.EntityFrameworkCore.DbUpdateException: An error occurred while saving the entity changes. See the inner exception for details.
 ---&gt; Microsoft.Data.Sqlite.SqliteException (0x80004005): SQLite Error 19: 'UNIQUE constraint failed: Roles.Name'.
   at Microsoft.Data.Sqlite.SqliteException.ThrowExceptionForRC(Int32 rc, sqlite3 db)
   at Microsoft.Data.Sqlite.SqliteDataReader.NextResult()
   at Microsoft.Data.Sqlite.SqliteCommand.ExecuteReader(CommandBehavior behavior)
   at Microsoft.Data.Sqlite.SqliteCommand.ExecuteDbDataReaderAsync(CommandBehavior behavior, CancellationToken cancellationToken)
   at Microsoft.EntityFrameworkCore.Storage.RelationalCommand.ExecuteReaderAsync(RelationalCommandParameterObject parameterObject, CancellationToken cancellationToken)
   at Microsoft.EntityFrameworkCore.Storage.RelationalCommand.ExecuteReaderAsync(RelationalCommandParameterObject parameterObject, CancellationToken cancellationToken)
   at Microsoft.EntityFrameworkCore.Update.ReaderModificationCommandBatch.ExecuteAsync(IRelationalConnection connection, CancellationToken cancellationToken)
   --- End of inner exception stack trace ---
   at Microsoft.EntityFrameworkCore.Update.ReaderModificationCommandBatch.ExecuteAsync(IRelationalConnection connection, CancellationToken cancellationToken)
   at Microsoft.EntityFrameworkCore.Update.Internal.BatchExecutor.ExecuteAsync(IEnumerable`1 commandBatches, IRelationalConnection connection, CancellationToken cancellationToken)
   at Microsoft.EntityFrameworkCore.Update.Internal.BatchExecutor.ExecuteAsync(IEnumerable`1 commandBatches, IRelationalConnection connection, CancellationToken cancellationToken)
   at Microsoft.EntityFrameworkCore.Update.Internal.BatchExecutor.ExecuteAsync(IEnumerable`1 commandBatches, IRelationalConnection connection, CancellationToken cancellationToken)
   at Microsoft.EntityFrameworkCore.ChangeTracking.Internal.StateManager.SaveChangesAsync(IList`1 entriesToSave, CancellationToken cancellationToken)
   at Microsoft.EntityFrameworkCore.ChangeTracking.Internal.StateManager.SaveChangesAsync(StateManager stateManager, Boolean acceptAllChangesOnSuccess, CancellationToken cancellationToken)
   at Microsoft.EntityFrameworkCore.DbContext.SaveChangesAsync(Boolean acceptAllChangesOnSuccess, CancellationToken cancellationToken)
[06:45:42 ERR] An unhandled exception occurred during request POST /api/people. Request ID: 0HNFGVQB4PE12, User: Anonymous {"SourceContext": "Api.Middleware.GlobalExceptionHandlingMiddleware", "RequestPath": "/api/people", "Application": "Crud.Api"}
System.InvalidOperationException: Failed to create person. Please check that all referenced roles exist.
 ---&gt; Microsoft.EntityFrameworkCore.DbUpdateException: An error occurred while saving the entity changes. See the inner exception for details.
 ---&gt; Microsoft.Data.Sqlite.SqliteException (0x80004005): SQLite Error 19: 'UNIQUE constraint failed: Roles.Name'.
   at Microsoft.Data.Sqlite.SqliteException.ThrowExceptionForRC(Int32 rc, sqlite3 db)
   at Microsoft.Data.Sqlite.SqliteDataReader.NextResult()
   at Microsoft.Data.Sqlite.SqliteCommand.ExecuteReader(CommandBehavior behavior)
   at Microsoft.Data.Sqlite.SqliteCommand.ExecuteDbDataReaderAsync(CommandBehavior behavior, CancellationToken cancellationToken)
   at Microsoft.EntityFrameworkCore.Storage.RelationalCommand.ExecuteReaderAsync(RelationalCommandParameterObject parameterObject, CancellationToken cancellationToken)
   at Microsoft.EntityFrameworkCore.Storage.RelationalCommand.ExecuteReaderAsync(RelationalCommandParameterObject parameterObject, CancellationToken cancellationToken)
   at Microsoft.EntityFrameworkCore.Update.ReaderModificationCommandBatch.ExecuteAsync(IRelationalConnection connection, CancellationToken cancellationToken)
   --- End of inner exception stack trace ---
   at Microsoft.EntityFrameworkCore.Update.ReaderModificationCommandBatch.ExecuteAsync(IRelationalConnection connection, CancellationToken cancellationToken)
   at Microsoft.EntityFrameworkCore.Update.Internal.BatchExecutor.ExecuteAsync(IEnumerable`1 commandBatches, IRelationalConnection connection, CancellationToken cancellationToken)
   at Microsoft.EntityFrameworkCore.Update.Internal.BatchExecutor.ExecuteAsync(IEnumerable`1 commandBatches, IRelationalConnection connection, CancellationToken cancellationToken)
   at Microsoft.EntityFrameworkCore.Update.Internal.BatchExecutor.ExecuteAsync(IEnumerable`1 commandBatches, IRelationalConnection connection, CancellationToken cancellationToken)
   at Microsoft.EntityFrameworkCore.ChangeTracking.Internal.StateManager.SaveChangesAsync(IList`1 entriesToSave, CancellationToken cancellationToken)
   at Microsoft.EntityFrameworkCore.ChangeTracking.Internal.StateManager.SaveChangesAsync(StateManager stateManager, Boolean acceptAllChangesOnSuccess, CancellationToken cancellationToken)
   at Microsoft.EntityFrameworkCore.DbContext.SaveChangesAsync(Boolean acceptAllChangesOnSuccess, CancellationToken cancellationToken)
   at Microsoft.EntityFrameworkCore.DbContext.SaveChangesAsync(Boolean acceptAllChangesOnSuccess, CancellationToken cancellationToken)
   at Infrastructure.Resilience.DbContextResilienceExtensions.&lt;&gt;c__DisplayClass0_0.&lt;&lt;SaveChangesWithRetryAsync&gt;b__0&gt;d.MoveNext() in /home/runner/work/Crud/Crud/src/Infrastructure/Resilience/ResilientDbContext.cs:line 72
--- End of stack trace from previous location ---
   at Polly.CircuitBreaker.AsyncCircuitBreakerPolicy.&lt;&gt;c__DisplayClass8_0`1.&lt;&lt;ImplementationAsync&gt;b__0&gt;d.MoveNext()
--- End of stack trace from previous location ---
   at Polly.CircuitBreaker.AsyncCircuitBreakerEngine.ImplementationAsync[TResult](Func`3 action, Context context, Boolean continueOnCapturedContext, ExceptionPredicates shouldHandleExceptionPredicates, ResultPredicates`1 shouldHandleResultPredicates, ICircuitController`1 breakerController, CancellationToken cancellationToken)
   at Polly.CircuitBreaker.AsyncCircuitBreakerPolicy.ImplementationAsync[TResult](Func`3 action, Context context, CancellationToken cancellationToken, Boolean continueOnCapturedContext)
   at Polly.AsyncPolicy.ExecuteInternalAsync[TResult](Func`3 action, Context context, Boolean continueOnCapturedContext, CancellationToken cancellationToken)
   at Polly.Retry.AsyncRetryEngine.ImplementationAsync[TResult](Func`3 action, Context context, ExceptionPredicates shouldRetryExceptionPredicates, ResultPredicates`1 shouldRetryResultPredicates, Func`5 onRetryAsync, CancellationToken cancellationToken, Int32 permittedRetryCount, IEnumerable`1 sleepDurationsEnumerable, Func`4 sleepDurationProvider, Boolean continueOnCapturedContext)
   at Polly.AsyncPolicy.ExecuteInternalAsync[TResult](Func`3 action, Context context, Boolean continueOnCapturedContext, CancellationToken cancellationToken)
   at Polly.AsyncPolicy.ExecuteInternalAsync[TResult](Func`3 action, Context context, Boolean continueOnCapturedContext, CancellationToken cancellationToken)
   at Polly.Timeout.AsyncTimeoutEngine.ImplementationAsync[TResult](Func`3 action, Context context, Func`2 timeoutProvider, TimeoutStrategy timeoutStrategy, Func`5 onTimeoutAsync, Boolean continueOnCapturedContext, CancellationToken cancellationToken)
   at Polly.Timeout.AsyncTimeoutEngine.ImplementationAsync[TResult](Func`3 action, Context context, Func`2 timeoutProvider, TimeoutStrategy timeoutStrategy, Func`5 onTimeoutAsync, Boolean continueOnCapturedContext, CancellationToken cancellationToken)
   at Polly.AsyncPolicy.ExecuteInternalAsync[TResult](Func`3 action, Context context, Boolean continueOnCapturedContext, CancellationToken cancellationToken)
   at Polly.AsyncPolicy.ExecuteInternalAsync[TResult](Func`3 action, Context context, Boolean continueOnCapturedContext, CancellationToken cancellationToken)
   at Infrastructure.Resilience.DbContextResilienceExtensions.SaveChangesWithRetryAsync(DbContext context, ILogger logger, CancellationToken cancellationToken) in /home/runner/work/Crud/Crud/src/Infrastructure/Resilience/ResilientDbContext.cs:line 70
   at Infrastructure.Repositories.EntityFramework.EfPersonRepository.AddAsync(Person person, CancellationToken ct) in /home/runner/work/Crud/Crud/src/Infrastructure/Repositories/EntityFramework/EfPersonRepository.cs:line 37
   --- End of inner exception stack trace ---
   at Infrastructure.Repositories.EntityFramework.EfPersonRepository.AddAsync(Person person, CancellationToken ct) in /home/runner/work/Crud/Crud/src/Infrastructure/Repositories/EntityFramework/EfPersonRepository.cs:line 42
   at Infrastructure.Services.Caching.CachedPersonRepositoryDecorator.AddAsync(Person entity, CancellationToken cancellationToken) in /home/runner/work/Crud/Crud/src/Infrastructure/Services/Caching/CachedRepositoryDecorator.cs:line 190
   at App.Features.People.CreatePersonCommandHandler.Handle(CreatePersonCommand request, CancellationToken cancellationToken) in /home/runner/work/Crud/Crud/src/App/Features/People/CommandHandlers.cs:line 23
   at App.Behaviors.CacheInvalidationBehavior`2.Handle(TRequest request, RequestHandlerDelegate`1 next, CancellationToken cancellationToken)
   at App.Behaviors.CachingBehavior`2.Handle(TRequest request, RequestHandlerDelegate`1 next, CancellationToken cancellationToken)
   at App.Behaviors.ValidationBehavior`2.Handle(TRequest request, RequestHandlerDelegate`1 next, CancellationToken cancellationToken)
   at Api.Controllers.PeopleController.Create(CreatePersonRequest request, CancellationToken ct) in /home/runner/work/Crud/Crud/src/Api/Controllers/PeopleController.cs:line 73
   at lambda_method2200(Closure, Object)
   at Microsoft.AspNetCore.Mvc.Infrastructure.ActionMethodExecutor.AwaitableObjectResultExecutor.Execute(ActionContext actionContext, IActionResultTypeMapper mapper, ObjectMethodExecutor executor, Object controller, Object[] arguments)
   at Microsoft.AspNetCore.Mvc.Infrastructure.ControllerActionInvoker.&lt;InvokeActionMethodAsync&gt;g__Logged|12_1(ControllerActionInvoker invoker)
   at Microsoft.AspNetCore.Mvc.Infrastructure.ControllerActionInvoker.&lt;InvokeNextActionFilterAsync&gt;g__Awaited|10_0(ControllerActionInvoker invoker, Task lastTask, State next, Scope scope, Object state, Boolean isCompleted)
   at Microsoft.AspNetCore.Mvc.Infrastructure.ControllerActionInvoker.Rethrow(ActionExecutedContextSealed context)
   at Microsoft.AspNetCore.Mvc.Infrastructure.ControllerActionInvoker.Next(State&amp; next, Scope&amp; scope, Object&amp; state, Boolean&amp; isCompleted)
   at Microsoft.AspNetCore.Mvc.Infrastructure.ControllerActionInvoker.InvokeInnerFilterAsync()
--- End of stack trace from previous location ---
   at Microsoft.AspNetCore.Mvc.Infrastructure.ResourceInvoker.&lt;InvokeFilterPipelineAsync&gt;g__Awaited|20_0(ResourceInvoker invoker, Task lastTask, State next, Scope scope, Object state, Boolean isCompleted)
   at Microsoft.AspNetCore.Mvc.Infrastructure.ResourceInvoker.&lt;InvokeAsync&gt;g__Logged|17_1(ResourceInvoker invoker)
   at Microsoft.AspNetCore.Mvc.Infrastructure.ResourceInvoker.&lt;InvokeAsync&gt;g__Logged|17_1(ResourceInvoker invoker)
   at Api.Middleware.ConditionalRequestMiddleware.InvokeAsync(HttpContext context) in /home/runner/work/Crud/Crud/src/Api/Middleware/ConditionalRequestMiddleware.cs:line 31
   at Microsoft.AspNetCore.Authorization.AuthorizationMiddleware.Invoke(HttpContext context)
   at Microsoft.AspNetCore.Authentication.AuthenticationMiddleware.Invoke(HttpContext context)
   at Microsoft.AspNetCore.RateLimiting.RateLimitingMiddleware.InvokeInternal(HttpContext context, EnableRateLimitingAttribute enableRateLimitingAttribute)
   at Api.Middleware.GlobalExceptionHandlingMiddleware.InvokeAsync(HttpContext context) in /home/runner/work/Crud/Crud/src/Api/Middleware/GlobalExceptionHandlingMiddleware.cs:line 27
Activity.TraceId:            210644dd3da7bb9bee091b2c210cc82a
Activity.SpanId:             794a2417e68dce5e
Activity.TraceFlags:         Recorded
Activity.ActivitySourceName: Microsoft.AspNetCore
Activity.DisplayName:        POST api/People
Activity.Kind:               Server
Activity.StartTime:          2025-09-11T06:45:42.5424658Z
Activity.Duration:           00:00:00.0092744
Activity.Tags:
    server.address: localhost
    http.request.method: POST
    url.scheme: http
    url.path: /api/people
    network.protocol.version: 1.1
    http.route: api/People
    http.response.status_code: 409
Resource associated with Activity:
    deployment.environment: Testing
    service.name: Crud.Api
    service.version: 1.0.0
    service.instance.id: bb25e7a8-9ced-49c8-9e52-fd74b67e7fff
    telemetry.sdk.name: opentelemetry
    telemetry.sdk.language: dotnet
    telemetry.sdk.version: 1.8.1
[06:45:42 INF] User registered successfully: d6ac2650-1763-4b0c-ad60-62f9181c5849 {"SourceContext": "App.Features.Authentication.RegisterUserCommandHandler", "ActionId": "21b1c46c-cf1d-4f37-98cb-8d6555749eff", "ActionName": "Api.Controllers.AuthController.Register (Api)", "RequestId": "0HNFGVQB4PE0U", "RequestPath": "/api/auth/register", "Application": "Crud.Api"}
Activity.TraceId:            3864a92e96a8e58e450ec909071c0d5d
Activity.SpanId:             a8a978b6681ef09c
Activity.TraceFlags:         Recorded
Activity.ActivitySourceName: Microsoft.AspNetCore
Activity.DisplayName:        POST api/Auth/register
Activity.Kind:               Server
Activity.StartTime:          2025-09-11T06:45:42.3976976Z
Activity.Duration:           00:00:00.3180419
Activity.Tags:
    server.address: localhost
    http.request.method: POST
    url.scheme: http
    url.path: /api/auth/register
    network.protocol.version: 1.1
    http.route: api/Auth/register
    http.response.status_code: 200
Resource associated with Activity:
    deployment.environment: Testing
    service.name: Crud.Api
    service.version: 1.0.0
    service.instance.id: bb25e7a8-9ced-49c8-9e52-fd74b67e7fff
    telemetry.sdk.name: opentelemetry
    telemetry.sdk.language: dotnet
    telemetry.sdk.version: 1.8.1
[06:45:42 INF] User logged in successfully: 5cd518a9-35e5-4706-b0f8-bc73de5edb53 {"SourceContext": "App.Features.Authentication.LoginCommandHandler", "ActionId": "4e91dac6-4c48-4864-8a99-5e2194d9ace3", "ActionName": "Api.Controllers.AuthController.Login (Api)", "RequestId": "0HNFGVQB4PE0V", "RequestPath": "/api/auth/login", "Application": "Crud.Api"}
Activity.TraceId:            e89f1e0929e24cd7209ceeb00901c45d
Activity.SpanId:             e7f98790222dc1b2
Activity.TraceFlags:         Recorded
Activity.ActivitySourceName: Microsoft.AspNetCore
Activity.DisplayName:        POST api/Auth/login
Activity.Kind:               Server
Activity.StartTime:          2025-09-11T06:45:42.4161785Z
Activity.Duration:           00:00:00.3288770
Activity.Tags:
    server.address: localhost
    http.request.method: POST
    url.scheme: http
    url.path: /api/auth/login
    network.protocol.version: 1.1
    http.route: api/Auth/login
    http.response.status_code: 200
Resource associated with Activity:
    deployment.environment: Testing
    service.name: Crud.Api
    service.version: 1.0.0
    service.instance.id: bb25e7a8-9ced-49c8-9e52-fd74b67e7fff
    telemetry.sdk.name: opentelemetry
    telemetry.sdk.language: dotnet
    telemetry.sdk.version: 1.8.1
[06:45:42 DBG] Cache hit for key: entity:role:44ca60d8a2c34d47b8d9ecb494c2189f {"SourceContext": "Infrastructure.Services.Caching.InMemoryCacheService", "ActionId": "4180af1b-1b58-4426-a3bd-afbb17778ea3", "ActionName": "Api.Controllers.PeopleController.Create (Api)", "RequestId": "0HNFGVQB4PE14", "RequestPath": "/api/people", "Application": "Crud.Api"}
[06:45:42 ERR] Failed executing DbCommand (0ms) [Parameters=[@p0='44ca60d8-a2c3-4d47-b8d9-ecb494c2189f', @p1='2025-09-11T06:45:41.6439894' (DbType = DateTime), @p2='Test' (Size = 4), @p3='TestRole_e3672823a7d64e67a895fe758d2c7c88' (Nullable = false) (Size = 41), @p4=NULL (DbType = Binary), @p5=NULL (DbType = DateTime)], CommandType='Text', CommandTimeout='30']
INSERT INTO "Roles" ("Id", "CreatedAt", "Description", "Name", "RowVersion", "UpdatedAt")
VALUES (@p0, @p1, @p2, @p3, @p4, @p5); {"EventId": {"Id": 20102, "Name": "Microsoft.EntityFrameworkCore.Database.Command.CommandError"}, "SourceContext": "Microsoft.EntityFrameworkCore.Database.Command", "ActionId": "4180af1b-1b58-4426-a3bd-afbb17778ea3", "ActionName": "Api.Controllers.PeopleController.Create (Api)", "RequestId": "0HNFGVQB4PE14", "RequestPath": "/api/people", "Application": "Crud.Api"}
[06:45:42 ERR] An exception occurred in the database while saving changes for context type 'Infrastructure.Data.ApplicationDbContext'.
Microsoft.EntityFrameworkCore.DbUpdateException: An error occurred while saving the entity changes. See the inner exception for details.
 ---&gt; Microsoft.Data.Sqlite.SqliteException (0x80004005): SQLite Error 19: 'UNIQUE constraint failed: Roles.Name'.
   at Microsoft.Data.Sqlite.SqliteException.ThrowExceptionForRC(Int32 rc, sqlite3 db)
   at Microsoft.Data.Sqlite.SqliteDataReader.NextResult()
   at Microsoft.Data.Sqlite.SqliteCommand.ExecuteReader(CommandBehavior behavior)
   at Microsoft.Data.Sqlite.SqliteCommand.ExecuteDbDataReaderAsync(CommandBehavior behavior, CancellationToken cancellationToken)
   at Microsoft.EntityFrameworkCore.Storage.RelationalCommand.ExecuteReaderAsync(RelationalCommandParameterObject parameterObject, CancellationToken cancellationToken)
   at Microsoft.EntityFrameworkCore.Storage.RelationalCommand.ExecuteReaderAsync(RelationalCommandParameterObject parameterObject, CancellationToken cancellationToken)
   at Microsoft.EntityFrameworkCore.Update.ReaderModificationCommandBatch.ExecuteAsync(IRelationalConnection connection, CancellationToken cancellationToken)
   --- End of inner exception stack trace ---
   at Microsoft.EntityFrameworkCore.Update.ReaderModificationCommandBatch.ExecuteAsync(IRelationalConnection connection, CancellationToken cancellationToken)
   at Microsoft.EntityFrameworkCore.Update.Internal.BatchExecutor.ExecuteAsync(IEnumerable`1 commandBatches, IRelationalConnection connection, CancellationToken cancellationToken)
   at Microsoft.EntityFrameworkCore.Update.Internal.BatchExecutor.ExecuteAsync(IEnumerable`1 commandBatches, IRelationalConnection connection, CancellationToken cancellationToken)
   at Microsoft.EntityFrameworkCore.Update.Internal.BatchExecutor.ExecuteAsync(IEnumerable`1 commandBatches, IRelationalConnection connection, CancellationToken cancellationToken)
   at Microsoft.EntityFrameworkCore.ChangeTracking.Internal.StateManager.SaveChangesAsync(IList`1 entriesToSave, CancellationToken cancellationToken)
   at Microsoft.EntityFrameworkCore.ChangeTracking.Internal.StateManager.SaveChangesAsync(StateManager stateManager, Boolean acceptAllChangesOnSuccess, CancellationToken cancellationToken)
   at Microsoft.EntityFrameworkCore.DbContext.SaveChangesAsync(Boolean acceptAllChangesOnSuccess, CancellationToken cancellationToken) {"EventId": {"Id": 10000, "Name": "Microsoft.EntityFrameworkCore.Update.SaveChangesFailed"}, "SourceContext": "Microsoft.EntityFrameworkCore.Update", "ActionId": "4180af1b-1b58-4426-a3bd-afbb17778ea3", "ActionName": "Api.Controllers.PeopleController.Create (Api)", "RequestId": "0HNFGVQB4PE14", "RequestPath": "/api/people", "Application": "Crud.Api"}
Microsoft.EntityFrameworkCore.DbUpdateException: An error occurred while saving the entity changes. See the inner exception for details.
 ---&gt; Microsoft.Data.Sqlite.SqliteException (0x80004005): SQLite Error 19: 'UNIQUE constraint failed: Roles.Name'.
   at Microsoft.Data.Sqlite.SqliteException.ThrowExceptionForRC(Int32 rc, sqlite3 db)
   at Microsoft.Data.Sqlite.SqliteDataReader.NextResult()
   at Microsoft.Data.Sqlite.SqliteCommand.ExecuteReader(CommandBehavior behavior)
   at Microsoft.Data.Sqlite.SqliteCommand.ExecuteDbDataReaderAsync(CommandBehavior behavior, CancellationToken cancellationToken)
   at Microsoft.EntityFrameworkCore.Storage.RelationalCommand.ExecuteReaderAsync(RelationalCommandParameterObject parameterObject, CancellationToken cancellationToken)
   at Microsoft.EntityFrameworkCore.Storage.RelationalCommand.ExecuteReaderAsync(RelationalCommandParameterObject parameterObject, CancellationToken cancellationToken)
   at Microsoft.EntityFrameworkCore.Update.ReaderModificationCommandBatch.ExecuteAsync(IRelationalConnection connection, CancellationToken cancellationToken)
   --- End of inner exception stack trace ---
   at Microsoft.EntityFrameworkCore.Update.ReaderModificationCommandBatch.ExecuteAsync(IRelationalConnection connection, CancellationToken cancellationToken)
   at Microsoft.EntityFrameworkCore.Update.Internal.BatchExecutor.ExecuteAsync(IEnumerable`1 commandBatches, IRelationalConnection connection, CancellationToken cancellationToken)
   at Microsoft.EntityFrameworkCore.Update.Internal.BatchExecutor.ExecuteAsync(IEnumerable`1 commandBatches, IRelationalConnection connection, CancellationToken cancellationToken)
   at Microsoft.EntityFrameworkCore.Update.Internal.BatchExecutor.ExecuteAsync(IEnumerable`1 commandBatches, IRelationalConnection connection, CancellationToken cancellationToken)
   at Microsoft.EntityFrameworkCore.ChangeTracking.Internal.StateManager.SaveChangesAsync(IList`1 entriesToSave, CancellationToken cancellationToken)
   at Microsoft.EntityFrameworkCore.ChangeTracking.Internal.StateManager.SaveChangesAsync(StateManager stateManager, Boolean acceptAllChangesOnSuccess, CancellationToken cancellationToken)
   at Microsoft.EntityFrameworkCore.DbContext.SaveChangesAsync(Boolean acceptAllChangesOnSuccess, CancellationToken cancellationToken)
[06:45:42 ERR] An unhandled exception occurred during request POST /api/people. Request ID: 0HNFGVQB4PE14, User: Anonymous {"SourceContext": "Api.Middleware.GlobalExceptionHandlingMiddleware", "RequestPath": "/api/people", "Application": "Crud.Api"}
System.InvalidOperationException: Failed to create person. Please check that all referenced roles exist.
 ---&gt; Microsoft.EntityFrameworkCore.DbUpdateException: An error occurred while saving the entity changes. See the inner exception for details.
 ---&gt; Microsoft.Data.Sqlite.SqliteException (0x80004005): SQLite Error 19: 'UNIQUE constraint failed: Roles.Name'.
   at Microsoft.Data.Sqlite.SqliteException.ThrowExceptionForRC(Int32 rc, sqlite3 db)
   at Microsoft.Data.Sqlite.SqliteDataReader.NextResult()
   at Microsoft.Data.Sqlite.SqliteCommand.ExecuteReader(CommandBehavior behavior)
   at Microsoft.Data.Sqlite.SqliteCommand.ExecuteDbDataReaderAsync(CommandBehavior behavior, CancellationToken cancellationToken)
   at Microsoft.EntityFrameworkCore.Storage.RelationalCommand.ExecuteReaderAsync(RelationalCommandParameterObject parameterObject, CancellationToken cancellationToken)
   at Microsoft.EntityFrameworkCore.Storage.RelationalCommand.ExecuteReaderAsync(RelationalCommandParameterObject parameterObject, CancellationToken cancellationToken)
   at Microsoft.EntityFrameworkCore.Update.ReaderModificationCommandBatch.ExecuteAsync(IRelationalConnection connection, CancellationToken cancellationToken)
   --- End of inner exception stack trace ---
   at Microsoft.EntityFrameworkCore.Update.ReaderModificationCommandBatch.ExecuteAsync(IRelationalConnection connection, CancellationToken cancellationToken)
   at Microsoft.EntityFrameworkCore.Update.Internal.BatchExecutor.ExecuteAsync(IEnumerable`1 commandBatches, IRelationalConnection connection, CancellationToken cancellationToken)
   at Microsoft.EntityFrameworkCore.Update.Internal.BatchExecutor.ExecuteAsync(IEnumerable`1 commandBatches, IRelationalConnection connection, CancellationToken cancellationToken)
   at Microsoft.EntityFrameworkCore.Update.Internal.BatchExecutor.ExecuteAsync(IEnumerable`1 commandBatches, IRelationalConnection connection, CancellationToken cancellationToken)
   at Microsoft.EntityFrameworkCore.ChangeTracking.Internal.StateManager.SaveChangesAsync(IList`1 entriesToSave, CancellationToken cancellationToken)
   at Microsoft.EntityFrameworkCore.ChangeTracking.Internal.StateManager.SaveChangesAsync(StateManager stateManager, Boolean acceptAllChangesOnSuccess, CancellationToken cancellationToken)
   at Microsoft.EntityFrameworkCore.DbContext.SaveChangesAsync(Boolean acceptAllChangesOnSuccess, CancellationToken cancellationToken)
   at Microsoft.EntityFrameworkCore.DbContext.SaveChangesAsync(Boolean acceptAllChangesOnSuccess, CancellationToken cancellationToken)
   at Infrastructure.Resilience.DbContextResilienceExtensions.&lt;&gt;c__DisplayClass0_0.&lt;&lt;SaveChangesWithRetryAsync&gt;b__0&gt;d.MoveNext() in /home/runner/work/Crud/Crud/src/Infrastructure/Resilience/ResilientDbContext.cs:line 72
--- End of stack trace from previous location ---
   at Polly.CircuitBreaker.AsyncCircuitBreakerPolicy.&lt;&gt;c__DisplayClass8_0`1.&lt;&lt;ImplementationAsync&gt;b__0&gt;d.MoveNext()
--- End of stack trace from previous location ---
   at Polly.CircuitBreaker.AsyncCircuitBreakerEngine.ImplementationAsync[TResult](Func`3 action, Context context, Boolean continueOnCapturedContext, ExceptionPredicates shouldHandleExceptionPredicates, ResultPredicates`1 shouldHandleResultPredicates, ICircuitController`1 breakerController, CancellationToken cancellationToken)
   at Polly.CircuitBreaker.AsyncCircuitBreakerPolicy.ImplementationAsync[TResult](Func`3 action, Context context, CancellationToken cancellationToken, Boolean continueOnCapturedContext)
   at Polly.AsyncPolicy.ExecuteInternalAsync[TResult](Func`3 action, Context context, Boolean continueOnCapturedContext, CancellationToken cancellationToken)
   at Polly.Retry.AsyncRetryEngine.ImplementationAsync[TResult](Func`3 action, Context context, ExceptionPredicates shouldRetryExceptionPredicates, ResultPredicates`1 shouldRetryResultPredicates, Func`5 onRetryAsync, CancellationToken cancellationToken, Int32 permittedRetryCount, IEnumerable`1 sleepDurationsEnumerable, Func`4 sleepDurationProvider, Boolean continueOnCapturedContext)
   at Polly.AsyncPolicy.ExecuteInternalAsync[TResult](Func`3 action, Context context, Boolean continueOnCapturedContext, CancellationToken cancellationToken)
   at Polly.AsyncPolicy.ExecuteInternalAsync[TResult](Func`3 action, Context context, Boolean continueOnCapturedContext, CancellationToken cancellationToken)
   at Polly.Timeout.AsyncTimeoutEngine.ImplementationAsync[TResult](Func`3 action, Context context, Func`2 timeoutProvider, TimeoutStrategy timeoutStrategy, Func`5 onTimeoutAsync, Boolean continueOnCapturedContext, CancellationToken cancellationToken)
   at Polly.Timeout.AsyncTimeoutEngine.ImplementationAsync[TResult](Func`3 action, Context context, Func`2 timeoutProvider, TimeoutStrategy timeoutStrategy, Func`5 onTimeoutAsync, Boolean continueOnCapturedContext, CancellationToken cancellationToken)
   at Polly.AsyncPolicy.ExecuteInternalAsync[TResult](Func`3 action, Context context, Boolean continueOnCapturedContext, CancellationToken cancellationToken)
   at Polly.AsyncPolicy.ExecuteInternalAsync[TResult](Func`3 action, Context context, Boolean continueOnCapturedContext, CancellationToken cancellationToken)
   at Infrastructure.Resilience.DbContextResilienceExtensions.SaveChangesWithRetryAsync(DbContext context, ILogger logger, CancellationToken cancellationToken) in /home/runner/work/Crud/Crud/src/Infrastructure/Resilience/ResilientDbContext.cs:line 70
   at Infrastructure.Repositories.EntityFramework.EfPersonRepository.AddAsync(Person person, CancellationToken ct) in /home/runner/work/Crud/Crud/src/Infrastructure/Repositories/EntityFramework/EfPersonRepository.cs:line 37
   --- End of inner exception stack trace ---
   at Infrastructure.Repositories.EntityFramework.EfPersonRepository.AddAsync(Person person, CancellationToken ct) in /home/runner/work/Crud/Crud/src/Infrastructure/Repositories/EntityFramework/EfPersonRepository.cs:line 42
   at Infrastructure.Services.Caching.CachedPersonRepositoryDecorator.AddAsync(Person entity, CancellationToken cancellationToken) in /home/runner/work/Crud/Crud/src/Infrastructure/Services/Caching/CachedRepositoryDecorator.cs:line 190
   at App.Features.People.CreatePersonCommandHandler.Handle(CreatePersonCommand request, CancellationToken cancellationToken) in /home/runner/work/Crud/Crud/src/App/Features/People/CommandHandlers.cs:line 23
   at App.Behaviors.CacheInvalidationBehavior`2.Handle(TRequest request, RequestHandlerDelegate`1 next, CancellationToken cancellationToken)
   at App.Behaviors.CachingBehavior`2.Handle(TRequest request, RequestHandlerDelegate`1 next, CancellationToken cancellationToken)
   at App.Behaviors.ValidationBehavior`2.Handle(TRequest request, RequestHandlerDelegate`1 next, CancellationToken cancellationToken)
   at Api.Controllers.PeopleController.Create(CreatePersonRequest request, CancellationToken ct) in /home/runner/work/Crud/Crud/src/Api/Controllers/PeopleController.cs:line 73
   at lambda_method2200(Closure, Object)
   at Microsoft.AspNetCore.Mvc.Infrastructure.ActionMethodExecutor.AwaitableObjectResultExecutor.Execute(ActionContext actionContext, IActionResultTypeMapper mapper, ObjectMethodExecutor executor, Object controller, Object[] arguments)
   at Microsoft.AspNetCore.Mvc.Infrastructure.ControllerActionInvoker.&lt;InvokeActionMethodAsync&gt;g__Logged|12_1(ControllerActionInvoker invoker)
   at Microsoft.AspNetCore.Mvc.Infrastructure.ControllerActionInvoker.&lt;InvokeNextActionFilterAsync&gt;g__Awaited|10_0(ControllerActionInvoker invoker, Task lastTask, State next, Scope scope, Object state, Boolean isCompleted)
   at Microsoft.AspNetCore.Mvc.Infrastructure.ControllerActionInvoker.Rethrow(ActionExecutedContextSealed context)
   at Microsoft.AspNetCore.Mvc.Infrastructure.ControllerActionInvoker.Next(State&amp; next, Scope&amp; scope, Object&amp; state, Boolean&amp; isCompleted)
   at Microsoft.AspNetCore.Mvc.Infrastructure.ControllerActionInvoker.InvokeInnerFilterAsync()
--- End of stack trace from previous location ---
   at Microsoft.AspNetCore.Mvc.Infrastructure.ResourceInvoker.&lt;InvokeFilterPipelineAsync&gt;g__Awaited|20_0(ResourceInvoker invoker, Task lastTask, State next, Scope scope, Object state, Boolean isCompleted)
   at Microsoft.AspNetCore.Mvc.Infrastructure.ResourceInvoker.&lt;InvokeAsync&gt;g__Logged|17_1(ResourceInvoker invoker)
   at Microsoft.AspNetCore.Mvc.Infrastructure.ResourceInvoker.&lt;InvokeAsync&gt;g__Logged|17_1(ResourceInvoker invoker)
   at Api.Middleware.ConditionalRequestMiddleware.InvokeAsync(HttpContext context) in /home/runner/work/Crud/Crud/src/Api/Middleware/ConditionalRequestMiddleware.cs:line 31
   at Microsoft.AspNetCore.Authorization.AuthorizationMiddleware.Invoke(HttpContext context)
   at Microsoft.AspNetCore.Authentication.AuthenticationMiddleware.Invoke(HttpContext context)
   at Microsoft.AspNetCore.RateLimiting.RateLimitingMiddleware.InvokeInternal(HttpContext context, EnableRateLimitingAttribute enableRateLimitingAttribute)
   at Api.Middleware.GlobalExceptionHandlingMiddleware.InvokeAsync(HttpContext context) in /home/runner/work/Crud/Crud/src/Api/Middleware/GlobalExceptionHandlingMiddleware.cs:line 27
Activity.TraceId:            81c1b4f423ac2094439ab99c387599c6
Activity.SpanId:             9244c04f71d2a5fe
Activity.TraceFlags:         Recorded
Activity.ActivitySourceName: Microsoft.AspNetCore
Activity.DisplayName:        POST api/People
Activity.Kind:               Server
Activity.StartTime:          2025-09-11T06:45:42.7452373Z
Activity.Duration:           00:00:00.0069866
Activity.Tags:
    server.address: localhost
    http.request.method: POST
    url.scheme: http
    url.path: /api/people
    network.protocol.version: 1.1
    http.route: api/People
    http.response.status_code: 409
Resource associated with Activity:
    deployment.environment: Testing
    service.name: Crud.Api
    service.version: 1.0.0
    service.instance.id: bb25e7a8-9ced-49c8-9e52-fd74b67e7fff
    telemetry.sdk.name: opentelemetry
    telemetry.sdk.language: dotnet
    telemetry.sdk.version: 1.8.1
[06:45:43 INF] User logged in successfully: d6ac2650-1763-4b0c-ad60-62f9181c5849 {"SourceContext": "App.Features.Authentication.LoginCommandHandler", "ActionId": "4e91dac6-4c48-4864-8a99-5e2194d9ace3", "ActionName": "Api.Controllers.AuthController.Login (Api)", "RequestId": "0HNFGVQB4PE13", "RequestPath": "/api/auth/login", "Application": "Crud.Api"}
Activity.TraceId:            0a2e3b271043fc3cf15bd29a073d74a0
Activity.SpanId:             c4a15318353481a7
Activity.TraceFlags:         Recorded
Activity.ActivitySourceName: Microsoft.AspNetCore
Activity.DisplayName:        POST api/Auth/login
Activity.Kind:               Server
Activity.StartTime:          2025-09-11T06:45:42.7168863Z
Activity.Duration:           00:00:00.3081416
Activity.Tags:
    server.address: localhost
    http.request.method: POST
    url.scheme: http
    url.path: /api/auth/login
    network.protocol.version: 1.1
    http.route: api/Auth/login
    http.response.status_code: 200
Resource associated with Activity:
    deployment.environment: Testing
    service.name: Crud.Api
    service.version: 1.0.0
    service.instance.id: bb25e7a8-9ced-49c8-9e52-fd74b67e7fff
    telemetry.sdk.name: opentelemetry
    telemetry.sdk.language: dotnet
    telemetry.sdk.version: 1.8.1
[06:45:43 DBG] Cache hit for key: entity:role:44ca60d8a2c34d47b8d9ecb494c2189f {"SourceContext": "Infrastructure.Services.Caching.InMemoryCacheService", "ActionId": "4180af1b-1b58-4426-a3bd-afbb17778ea3", "ActionName": "Api.Controllers.PeopleController.Create (Api)", "RequestId": "0HNFGVQB4PE15", "RequestPath": "/api/people", "Application": "Crud.Api"}
[06:45:43 ERR] Failed executing DbCommand (0ms) [Parameters=[@p0='44ca60d8-a2c3-4d47-b8d9-ecb494c2189f', @p1='2025-09-11T06:45:41.6439894' (DbType = DateTime), @p2='Test' (Size = 4), @p3='TestRole_e3672823a7d64e67a895fe758d2c7c88' (Nullable = false) (Size = 41), @p4=NULL (DbType = Binary), @p5=NULL (DbType = DateTime)], CommandType='Text', CommandTimeout='30']
INSERT INTO "Roles" ("Id", "CreatedAt", "Description", "Name", "RowVersion", "UpdatedAt")
VALUES (@p0, @p1, @p2, @p3, @p4, @p5); {"EventId": {"Id": 20102, "Name": "Microsoft.EntityFrameworkCore.Database.Command.CommandError"}, "SourceContext": "Microsoft.EntityFrameworkCore.Database.Command", "ActionId": "4180af1b-1b58-4426-a3bd-afbb17778ea3", "ActionName": "Api.Controllers.PeopleController.Create (Api)", "RequestId": "0HNFGVQB4PE15", "RequestPath": "/api/people", "Application": "Crud.Api"}
[06:45:43 ERR] An exception occurred in the database while saving changes for context type 'Infrastructure.Data.ApplicationDbContext'.
Microsoft.EntityFrameworkCore.DbUpdateException: An error occurred while saving the entity changes. See the inner exception for details.
 ---&gt; Microsoft.Data.Sqlite.SqliteException (0x80004005): SQLite Error 19: 'UNIQUE constraint failed: Roles.Name'.
   at Microsoft.Data.Sqlite.SqliteException.ThrowExceptionForRC(Int32 rc, sqlite3 db)
   at Microsoft.Data.Sqlite.SqliteDataReader.NextResult()
   at Microsoft.Data.Sqlite.SqliteCommand.ExecuteReader(CommandBehavior behavior)
   at Microsoft.Data.Sqlite.SqliteCommand.ExecuteDbDataReaderAsync(CommandBehavior behavior, CancellationToken cancellationToken)
   at Microsoft.EntityFrameworkCore.Storage.RelationalCommand.ExecuteReaderAsync(RelationalCommandParameterObject parameterObject, CancellationToken cancellationToken)
   at Microsoft.EntityFrameworkCore.Storage.RelationalCommand.ExecuteReaderAsync(RelationalCommandParameterObject parameterObject, CancellationToken cancellationToken)
   at Microsoft.EntityFrameworkCore.Update.ReaderModificationCommandBatch.ExecuteAsync(IRelationalConnection connection, CancellationToken cancellationToken)
   --- End of inner exception stack trace ---
   at Microsoft.EntityFrameworkCore.Update.ReaderModificationCommandBatch.ExecuteAsync(IRelationalConnection connection, CancellationToken cancellationToken)
   at Microsoft.EntityFrameworkCore.Update.Internal.BatchExecutor.ExecuteAsync(IEnumerable`1 commandBatches, IRelationalConnection connection, CancellationToken cancellationToken)
   at Microsoft.EntityFrameworkCore.Update.Internal.BatchExecutor.ExecuteAsync(IEnumerable`1 commandBatches, IRelationalConnection connection, CancellationToken cancellationToken)
   at Microsoft.EntityFrameworkCore.Update.Internal.BatchExecutor.ExecuteAsync(IEnumerable`1 commandBatches, IRelationalConnection connection, CancellationToken cancellationToken)
   at Microsoft.EntityFrameworkCore.ChangeTracking.Internal.StateManager.SaveChangesAsync(IList`1 entriesToSave, CancellationToken cancellationToken)
   at Microsoft.EntityFrameworkCore.ChangeTracking.Internal.StateManager.SaveChangesAsync(StateManager stateManager, Boolean acceptAllChangesOnSuccess, CancellationToken cancellationToken)
   at Microsoft.EntityFrameworkCore.DbContext.SaveChangesAsync(Boolean acceptAllChangesOnSuccess, CancellationToken cancellationToken) {"EventId": {"Id": 10000, "Name": "Microsoft.EntityFrameworkCore.Update.SaveChangesFailed"}, "SourceContext": "Microsoft.EntityFrameworkCore.Update", "ActionId": "4180af1b-1b58-4426-a3bd-afbb17778ea3", "ActionName": "Api.Controllers.PeopleController.Create (Api)", "RequestId": "0HNFGVQB4PE15", "RequestPath": "/api/people", "Application": "Crud.Api"}
Microsoft.EntityFrameworkCore.DbUpdateException: An error occurred while saving the entity changes. See the inner exception for details.
 ---&gt; Microsoft.Data.Sqlite.SqliteException (0x80004005): SQLite Error 19: 'UNIQUE constraint failed: Roles.Name'.
   at Microsoft.Data.Sqlite.SqliteException.ThrowExceptionForRC(Int32 rc, sqlite3 db)
   at Microsoft.Data.Sqlite.SqliteDataReader.NextResult()
   at Microsoft.Data.Sqlite.SqliteCommand.ExecuteReader(CommandBehavior behavior)
   at Microsoft.Data.Sqlite.SqliteCommand.ExecuteDbDataReaderAsync(CommandBehavior behavior, CancellationToken cancellationToken)
   at Microsoft.EntityFrameworkCore.Storage.RelationalCommand.ExecuteReaderAsync(RelationalCommandParameterObject parameterObject, CancellationToken cancellationToken)
   at Microsoft.EntityFrameworkCore.Storage.RelationalCommand.ExecuteReaderAsync(RelationalCommandParameterObject parameterObject, CancellationToken cancellationToken)
   at Microsoft.EntityFrameworkCore.Update.ReaderModificationCommandBatch.ExecuteAsync(IRelationalConnection connection, CancellationToken cancellationToken)
   --- End of inner exception stack trace ---
   at Microsoft.EntityFrameworkCore.Update.ReaderModificationCommandBatch.ExecuteAsync(IRelationalConnection connection, CancellationToken cancellationToken)
   at Microsoft.EntityFrameworkCore.Update.Internal.BatchExecutor.ExecuteAsync(IEnumerable`1 commandBatches, IRelationalConnection connection, CancellationToken cancellationToken)
   at Microsoft.EntityFrameworkCore.Update.Internal.BatchExecutor.ExecuteAsync(IEnumerable`1 commandBatches, IRelationalConnection connection, CancellationToken cancellationToken)
   at Microsoft.EntityFrameworkCore.Update.Internal.BatchExecutor.ExecuteAsync(IEnumerable`1 commandBatches, IRelationalConnection connection, CancellationToken cancellationToken)
   at Microsoft.EntityFrameworkCore.ChangeTracking.Internal.StateManager.SaveChangesAsync(IList`1 entriesToSave, CancellationToken cancellationToken)
   at Microsoft.EntityFrameworkCore.ChangeTracking.Internal.StateManager.SaveChangesAsync(StateManager stateManager, Boolean acceptAllChangesOnSuccess, CancellationToken cancellationToken)
   at Microsoft.EntityFrameworkCore.DbContext.SaveChangesAsync(Boolean acceptAllChangesOnSuccess, CancellationToken cancellationToken)
[06:45:43 ERR] An unhandled exception occurred during request POST /api/people. Request ID: 0HNFGVQB4PE15, User: Anonymous {"SourceContext": "Api.Middleware.GlobalExceptionHandlingMiddleware", "RequestPath": "/api/people", "Application": "Crud.Api"}
System.InvalidOperationException: Failed to create person. Please check that all referenced roles exist.
 ---&gt; Microsoft.EntityFrameworkCore.DbUpdateException: An error occurred while saving the entity changes. See the inner exception for details.
 ---&gt; Microsoft.Data.Sqlite.SqliteException (0x80004005): SQLite Error 19: 'UNIQUE constraint failed: Roles.Name'.
   at Microsoft.Data.Sqlite.SqliteException.ThrowExceptionForRC(Int32 rc, sqlite3 db)
   at Microsoft.Data.Sqlite.SqliteDataReader.NextResult()
   at Microsoft.Data.Sqlite.SqliteCommand.ExecuteReader(CommandBehavior behavior)
   at Microsoft.Data.Sqlite.SqliteCommand.ExecuteDbDataReaderAsync(CommandBehavior behavior, CancellationToken cancellationToken)
   at Microsoft.EntityFrameworkCore.Storage.RelationalCommand.ExecuteReaderAsync(RelationalCommandParameterObject parameterObject, CancellationToken cancellationToken)
   at Microsoft.EntityFrameworkCore.Storage.RelationalCommand.ExecuteReaderAsync(RelationalCommandParameterObject parameterObject, CancellationToken cancellationToken)
   at Microsoft.EntityFrameworkCore.Update.ReaderModificationCommandBatch.ExecuteAsync(IRelationalConnection connection, CancellationToken cancellationToken)
   --- End of inner exception stack trace ---
   at Microsoft.EntityFrameworkCore.Update.ReaderModificationCommandBatch.ExecuteAsync(IRelationalConnection connection, CancellationToken cancellationToken)
   at Microsoft.EntityFrameworkCore.Update.Internal.BatchExecutor.ExecuteAsync(IEnumerable`1 commandBatches, IRelationalConnection connection, CancellationToken cancellationToken)
   at Microsoft.EntityFrameworkCore.Update.Internal.BatchExecutor.ExecuteAsync(IEnumerable`1 commandBatches, IRelationalConnection connection, CancellationToken cancellationToken)
   at Microsoft.EntityFrameworkCore.Update.Internal.BatchExecutor.ExecuteAsync(IEnumerable`1 commandBatches, IRelationalConnection connection, CancellationToken cancellationToken)
   at Microsoft.EntityFrameworkCore.ChangeTracking.Internal.StateManager.SaveChangesAsync(IList`1 entriesToSave, CancellationToken cancellationToken)
   at Microsoft.EntityFrameworkCore.ChangeTracking.Internal.StateManager.SaveChangesAsync(StateManager stateManager, Boolean acceptAllChangesOnSuccess, CancellationToken cancellationToken)
   at Microsoft.EntityFrameworkCore.DbContext.SaveChangesAsync(Boolean acceptAllChangesOnSuccess, CancellationToken cancellationToken)
   at Microsoft.EntityFrameworkCore.DbContext.SaveChangesAsync(Boolean acceptAllChangesOnSuccess, CancellationToken cancellationToken)
   at Infrastructure.Resilience.DbContextResilienceExtensions.&lt;&gt;c__DisplayClass0_0.&lt;&lt;SaveChangesWithRetryAsync&gt;b__0&gt;d.MoveNext() in /home/runner/work/Crud/Crud/src/Infrastructure/Resilience/ResilientDbContext.cs:line 72
--- End of stack trace from previous location ---
   at Polly.CircuitBreaker.AsyncCircuitBreakerPolicy.&lt;&gt;c__DisplayClass8_0`1.&lt;&lt;ImplementationAsync&gt;b__0&gt;d.MoveNext()
--- End of stack trace from previous location ---
   at Polly.CircuitBreaker.AsyncCircuitBreakerEngine.ImplementationAsync[TResult](Func`3 action, Context context, Boolean continueOnCapturedContext, ExceptionPredicates shouldHandleExceptionPredicates, ResultPredicates`1 shouldHandleResultPredicates, ICircuitController`1 breakerController, CancellationToken cancellationToken)
   at Polly.CircuitBreaker.AsyncCircuitBreakerPolicy.ImplementationAsync[TResult](Func`3 action, Context context, CancellationToken cancellationToken, Boolean continueOnCapturedContext)
   at Polly.AsyncPolicy.ExecuteInternalAsync[TResult](Func`3 action, Context context, Boolean continueOnCapturedContext, CancellationToken cancellationToken)
   at Polly.Retry.AsyncRetryEngine.ImplementationAsync[TResult](Func`3 action, Context context, ExceptionPredicates shouldRetryExceptionPredicates, ResultPredicates`1 shouldRetryResultPredicates, Func`5 onRetryAsync, CancellationToken cancellationToken, Int32 permittedRetryCount, IEnumerable`1 sleepDurationsEnumerable, Func`4 sleepDurationProvider, Boolean continueOnCapturedContext)
   at Polly.AsyncPolicy.ExecuteInternalAsync[TResult](Func`3 action, Context context, Boolean continueOnCapturedContext, CancellationToken cancellationToken)
   at Polly.AsyncPolicy.ExecuteInternalAsync[TResult](Func`3 action, Context context, Boolean continueOnCapturedContext, CancellationToken cancellationToken)
   at Polly.Timeout.AsyncTimeoutEngine.ImplementationAsync[TResult](Func`3 action, Context context, Func`2 timeoutProvider, TimeoutStrategy timeoutStrategy, Func`5 onTimeoutAsync, Boolean continueOnCapturedContext, CancellationToken cancellationToken)
   at Polly.Timeout.AsyncTimeoutEngine.ImplementationAsync[TResult](Func`3 action, Context context, Func`2 timeoutProvider, TimeoutStrategy timeoutStrategy, Func`5 onTimeoutAsync, Boolean continueOnCapturedContext, CancellationToken cancellationToken)
   at Polly.AsyncPolicy.ExecuteInternalAsync[TResult](Func`3 action, Context context, Boolean continueOnCapturedContext, CancellationToken cancellationToken)
   at Polly.AsyncPolicy.ExecuteInternalAsync[TResult](Func`3 action, Context context, Boolean continueOnCapturedContext, CancellationToken cancellationToken)
   at Infrastructure.Resilience.DbContextResilienceExtensions.SaveChangesWithRetryAsync(DbContext context, ILogger logger, CancellationToken cancellationToken) in /home/runner/work/Crud/Crud/src/Infrastructure/Resilience/ResilientDbContext.cs:line 70
   at Infrastructure.Repositories.EntityFramework.EfPersonRepository.AddAsync(Person person, CancellationToken ct) in /home/runner/work/Crud/Crud/src/Infrastructure/Repositories/EntityFramework/EfPersonRepository.cs:line 37
   --- End of inner exception stack trace ---
   at Infrastructure.Repositories.EntityFramework.EfPersonRepository.AddAsync(Person person, CancellationToken ct) in /home/runner/work/Crud/Crud/src/Infrastructure/Repositories/EntityFramework/EfPersonRepository.cs:line 42
   at Infrastructure.Services.Caching.CachedPersonRepositoryDecorator.AddAsync(Person entity, CancellationToken cancellationToken) in /home/runner/work/Crud/Crud/src/Infrastructure/Services/Caching/CachedRepositoryDecorator.cs:line 190
   at App.Features.People.CreatePersonCommandHandler.Handle(CreatePersonCommand request, CancellationToken cancellationToken) in /home/runner/work/Crud/Crud/src/App/Features/People/CommandHandlers.cs:line 23
   at App.Behaviors.CacheInvalidationBehavior`2.Handle(TRequest request, RequestHandlerDelegate`1 next, CancellationToken cancellationToken)
   at App.Behaviors.CachingBehavior`2.Handle(TRequest request, RequestHandlerDelegate`1 next, CancellationToken cancellationToken)
   at App.Behaviors.ValidationBehavior`2.Handle(TRequest request, RequestHandlerDelegate`1 next, CancellationToken cancellationToken)
   at Api.Controllers.PeopleController.Create(CreatePersonRequest request, CancellationToken ct) in /home/runner/work/Crud/Crud/src/Api/Controllers/PeopleController.cs:line 73
   at lambda_method2200(Closure, Object)
   at Microsoft.AspNetCore.Mvc.Infrastructure.ActionMethodExecutor.AwaitableObjectResultExecutor.Execute(ActionContext actionContext, IActionResultTypeMapper mapper, ObjectMethodExecutor executor, Object controller, Object[] arguments)
   at Microsoft.AspNetCore.Mvc.Infrastructure.ControllerActionInvoker.&lt;InvokeActionMethodAsync&gt;g__Logged|12_1(ControllerActionInvoker invoker)
   at Microsoft.AspNetCore.Mvc.Infrastructure.ControllerActionInvoker.&lt;InvokeNextActionFilterAsync&gt;g__Awaited|10_0(ControllerActionInvoker invoker, Task lastTask, State next, Scope scope, Object state, Boolean isCompleted)
   at Microsoft.AspNetCore.Mvc.Infrastructure.ControllerActionInvoker.Rethrow(ActionExecutedContextSealed context)
   at Microsoft.AspNetCore.Mvc.Infrastructure.ControllerActionInvoker.Next(State&amp; next, Scope&amp; scope, Object&amp; state, Boolean&amp; isCompleted)
   at Microsoft.AspNetCore.Mvc.Infrastructure.ControllerActionInvoker.InvokeInnerFilterAsync()
--- End of stack trace from previous location ---
   at Microsoft.AspNetCore.Mvc.Infrastructure.ResourceInvoker.&lt;InvokeFilterPipelineAsync&gt;g__Awaited|20_0(ResourceInvoker invoker, Task lastTask, State next, Scope scope, Object state, Boolean isCompleted)
   at Microsoft.AspNetCore.Mvc.Infrastructure.ResourceInvoker.&lt;InvokeAsync&gt;g__Logged|17_1(ResourceInvoker invoker)
   at Microsoft.AspNetCore.Mvc.Infrastructure.ResourceInvoker.&lt;InvokeAsync&gt;g__Logged|17_1(ResourceInvoker invoker)
   at Api.Middleware.ConditionalRequestMiddleware.InvokeAsync(HttpContext context) in /home/runner/work/Crud/Crud/src/Api/Middleware/ConditionalRequestMiddleware.cs:line 31
   at Microsoft.AspNetCore.Authorization.AuthorizationMiddleware.Invoke(HttpContext context)
   at Microsoft.AspNetCore.Authentication.AuthenticationMiddleware.Invoke(HttpContext context)
   at Microsoft.AspNetCore.RateLimiting.RateLimitingMiddleware.InvokeInternal(HttpContext context, EnableRateLimitingAttribute enableRateLimitingAttribute)
   at Api.Middleware.GlobalExceptionHandlingMiddleware.InvokeAsync(HttpContext context) in /home/runner/work/Crud/Crud/src/Api/Middleware/GlobalExceptionHandlingMiddleware.cs:line 27
Activity.TraceId:            fbee9aa7d760b2c55c238282eb4af910
Activity.SpanId:             9db53001612467ee
Activity.TraceFlags:         Recorded
Activity.ActivitySourceName: Microsoft.AspNetCore
Activity.DisplayName:        POST api/People
Activity.Kind:               Server
Activity.StartTime:          2025-09-11T06:45:43.0252758Z
Activity.Duration:           00:00:00.0097356
Activity.Tags:
    server.address: localhost
    http.request.method: POST
    url.scheme: http
    url.path: /api/people
    network.protocol.version: 1.1
    http.route: api/People
    http.response.status_code: 409
Resource associated with Activity:
    deployment.environment: Testing
    service.name: Crud.Api
    service.version: 1.0.0
    service.instance.id: bb25e7a8-9ced-49c8-9e52-fd74b67e7fff
    telemetry.sdk.name: opentelemetry
    telemetry.sdk.language: dotnet
    telemetry.sdk.version: 1.8.1
[06:45:43 INF] User registered successfully: ff9053d0-5c0a-4c18-82ae-7e5314ab234a {"SourceContext": "App.Features.Authentication.RegisterUserCommandHandler", "ActionId": "21b1c46c-cf1d-4f37-98cb-8d6555749eff", "ActionName": "Api.Controllers.AuthController.Register (Api)", "RequestId": "0HNFGVQB4PE16", "RequestPath": "/api/auth/register", "Application": "Crud.Api"}
Activity.TraceId:            7c1bc39b7f0f8402eafc915e655fe2a3
Activity.SpanId:             05f873b366877f1e
Activity.TraceFlags:         Recorded
Activity.ActivitySourceName: Microsoft.AspNetCore
Activity.DisplayName:        POST api/Auth/register
Activity.Kind:               Server
Activity.StartTime:          2025-09-11T06:45:43.0353409Z
Activity.Duration:           00:00:00.3006716
Activity.Tags:
    server.address: localhost
    http.request.method: POST
    url.scheme: http
    url.path: /api/auth/register
    network.protocol.version: 1.1
    http.route: api/Auth/register
    http.response.status_code: 200
Resource associated with Activity:
    deployment.environment: Testing
    service.name: Crud.Api
    service.version: 1.0.0
    service.instance.id: bb25e7a8-9ced-49c8-9e52-fd74b67e7fff
    telemetry.sdk.name: opentelemetry
    telemetry.sdk.language: dotnet
    telemetry.sdk.version: 1.8.1
[06:45:43 DBG] Cache miss for key: list:person {"SourceContext": "Infrastructure.Services.Caching.InMemoryCacheService", "ActionId": "abae31d8-5b20-46ec-8a85-d2ad9a46fbd3", "ActionName": "Api.Controllers.PeopleController.List (Api)", "RequestId": "0HNFGVQB4PE17", "RequestPath": "/api/people", "Application": "Crud.Api"}
[06:45:43 DBG] Set cache value for key: list:person {"SourceContext": "Infrastructure.Services.Caching.InMemoryCacheService", "ActionId": "abae31d8-5b20-46ec-8a85-d2ad9a46fbd3", "ActionName": "Api.Controllers.PeopleController.List (Api)", "RequestId": "0HNFGVQB4PE17", "RequestPath": "/api/people", "Application": "Crud.Api"}
Activity.TraceId:            ae2cf379edef7c066a9b890b48fdc05b
Activity.SpanId:             763245c49f7d4cc0
Activity.TraceFlags:         Recorded
Activity.ActivitySourceName: Microsoft.AspNetCore
Activity.DisplayName:        GET api/People
Activity.Kind:               Server
Activity.StartTime:          2025-09-11T06:45:43.3364180Z
Activity.Duration:           00:00:00.0020598
Activity.Tags:
    server.address: localhost
    http.request.method: GET
    url.scheme: http
    url.path: /api/people
    network.protocol.version: 1.1
    http.route: api/People
    http.response.status_code: 200
Resource associated with Activity:
    deployment.environment: Testing
    service.name: Crud.Api
    service.version: 1.0.0
    service.instance.id: bb25e7a8-9ced-49c8-9e52-fd74b67e7fff
    telemetry.sdk.name: opentelemetry
    telemetry.sdk.language: dotnet
    telemetry.sdk.version: 1.8.1
[06:45:43 INF] Resetting database for worker 14133 {"SourceContext": "Infrastructure.Services.DatabaseTestService", "Application": "Crud.Api"}
[06:45:43 INF] Resetting database via file deletion for worker 14133 in CI environment {"SourceContext": "Infrastructure.Services.DatabaseTestService", "Application": "Crud.Api"}
[06:45:43 INF] Acquiring database mutex for worker 14133... {"SourceContext": "Infrastructure.Services.DatabaseTestService", "Application": "Crud.Api"}
[06:45:43 INF] Database mutex acquired for worker 14133 {"SourceContext": "Infrastructure.Services.DatabaseTestService", "Application": "Crud.Api"}
[06:45:43 INF] Current database state - CanConnect: True {"SourceContext": "Infrastructure.Services.DatabaseTestService", "Application": "Crud.Api"}
[06:45:43 INF] [Phase 0] Closing database connection for worker 14133... {"SourceContext": "Infrastructure.Services.DatabaseTestService", "Application": "Crud.Api"}
[06:45:43 INF] [Phase 0] Connection closed in 0.0006ms {"SourceContext": "Infrastructure.Services.DatabaseTestService", "Application": "Crud.Api"}
[06:45:43 INF] [Phase 1] Starting EnsureDeletedAsync for worker 14133... {"SourceContext": "Infrastructure.Services.DatabaseTestService", "Application": "Crud.Api"}
[06:45:43 INF] [Phase 1] EnsureDeletedAsync completed in 1.5879ms {"SourceContext": "Infrastructure.Services.DatabaseTestService", "Application": "Crud.Api"}
[06:45:43 INF] [Phase 2] Starting EnsureCreatedAsync for worker 14133... {"SourceContext": "Infrastructure.Services.DatabaseTestService", "Application": "Crud.Api"}
[06:45:43 INF] [Phase 2] EnsureCreatedAsync completed in 7.8117ms {"SourceContext": "Infrastructure.Services.DatabaseTestService", "Application": "Crud.Api"}
[06:45:43 INF] [Phase 3] Skipping database seeding as requested for worker 14133 {"SourceContext": "Infrastructure.Services.DatabaseTestService", "Application": "Crud.Api"}
[06:45:43 INF] Database reset via file deletion completed for worker 14133 in 109.5326ms (Close: 0.0006ms, Delete: 1.5879ms, Create: 7.8117ms) {"SourceContext": "Infrastructure.Services.DatabaseTestService", "Application": "Crud.Api"}
[06:45:43 INF] Releasing database mutex for worker 14133 {"SourceContext": "Infrastructure.Services.DatabaseTestService", "Application": "Crud.Api"}
Metric Name: http.server.active_requests, Number of active HTTP server requests., Unit: {request}, Meter: Microsoft.AspNetCore.Hosting
(2025-09-11T06:45:30.0386555Z, 2025-09-11T06:45:43.4499809Z] http.request.method: POST url.scheme: http LongSumNonMonotonic
Value: 0
(2025-09-11T06:45:30.0386555Z, 2025-09-11T06:45:43.4499809Z] http.request.method: GET url.scheme: http LongSumNonMonotonic
Value: 0
(2025-09-11T06:45:30.0386555Z, 2025-09-11T06:45:43.4499809Z] http.request.method: PATCH url.scheme: http LongSumNonMonotonic
Value: 0
Metric Name: http.server.request.duration, Duration of HTTP server requests., Unit: s, Meter: Microsoft.AspNetCore.Hosting
(2025-09-11T06:45:30.0386716Z, 2025-09-11T06:45:43.4499844Z] http.request.method: POST http.response.status_code: 200 http.route: api/Auth/register network.protocol.version: 1.1 url.scheme: http Histogram
Value: Sum: 12.050693399999997 Count: 37 Min: 0.2978951 Max: 0.5222089 
(-Infinity,0.005]:0
(0.005,0.01]:0
(0.01,0.025]:0
(0.025,0.05]:0
(0.05,0.075]:0
(0.075,0.1]:0
(0.1,0.25]:0
(0.25,0.5]:36
(0.5,0.75]:1
(0.75,1]:0
(1,2.5]:0
(2.5,5]:0
(5,7.5]:0
(7.5,10]:0
(10,+Infinity]:0
(2025-09-11T06:45:30.0386716Z, 2025-09-11T06:45:43.4499844Z] http.request.method: GET http.response.status_code: 200 http.route: api/People network.protocol.version: 1.1 url.scheme: http Histogram
Value: Sum: 0.015279299999999999 Count: 3 Min: 0.0005459 Max: 0.0126723 
(-Infinity,0.005]:2
(0.005,0.01]:0
(0.01,0.025]:1
(0.025,0.05]:0
(0.05,0.075]:0
(0.075,0.1]:0
(0.1,0.25]:0
(0.25,0.5]:0
(0.5,0.75]:0
(0.75,1]:0
(1,2.5]:0
(2.5,5]:0
(5,7.5]:0
(7.5,10]:0
(10,+Infinity]:0
(2025-09-11T06:45:30.0386716Z, 2025-09-11T06:45:43.4499844Z] http.request.method: GET http.response.status_code: 200 http.route: api/Walls network.protocol.version: 1.1 url.scheme: http Histogram
Value: Sum: 0.0088637 Count: 2 Min: 0.0016603 Max: 0.0072034 
(-Infinity,0.005]:1
(0.005,0.01]:1
(0.01,0.025]:0
(0.025,0.05]:0
(0.05,0.075]:0
(0.075,0.1]:0
(0.1,0.25]:0
(0.25,0.5]:0
(0.5,0.75]:0
(0.75,1]:0
(1,2.5]:0
(2.5,5]:0
(5,7.5]:0
(7.5,10]:0
(10,+Infinity]:0
(2025-09-11T06:45:30.0386716Z, 2025-09-11T06:45:43.4499844Z] http.request.method: GET http.response.status_code: 200 http.route: api/Roles network.protocol.version: 1.1 url.scheme: http Histogram
Value: Sum: 0.0110267 Count: 6 Min: 0.0004702 Max: 0.0061892 
(-Infinity,0.005]:5
(0.005,0.01]:1
(0.01,0.025]:0
(0.025,0.05]:0
(0.05,0.075]:0
(0.075,0.1]:0
(0.1,0.25]:0
(0.25,0.5]:0
(0.5,0.75]:0
(0.75,1]:0
(1,2.5]:0
(2.5,5]:0
(5,7.5]:0
(7.5,10]:0
(10,+Infinity]:0
(2025-09-11T06:45:30.0386716Z, 2025-09-11T06:45:43.4499844Z] http.request.method: GET http.response.status_code: 200 http.route: api/Windows network.protocol.version: 1.1 url.scheme: http Histogram
Value: Sum: 0.0105033 Count: 2 Min: 0.0017705 Max: 0.0087328 
(-Infinity,0.005]:1
(0.005,0.01]:1
(0.01,0.025]:0
(0.025,0.05]:0
(0.05,0.075]:0
(0.075,0.1]:0
(0.1,0.25]:0
(0.25,0.5]:0
(0.5,0.75]:0
(0.75,1]:0
(1,2.5]:0
(2.5,5]:0
(5,7.5]:0
(7.5,10]:0
(10,+Infinity]:0
(2025-09-11T06:45:30.0386716Z, 2025-09-11T06:45:43.4499844Z] http.request.method: POST http.response.status_code: 200 http.route: api/Auth/login network.protocol.version: 1.1 url.scheme: http Histogram
Value: Sum: 7.7105227 Count: 23 Min: 0.2986239 Max: 0.5223474 
(-Infinity,0.005]:0
(0.005,0.01]:0
(0.01,0.025]:0
(0.025,0.05]:0
(0.05,0.075]:0
(0.075,0.1]:0
(0.1,0.25]:0
(0.25,0.5]:22
(0.5,0.75]:1
(0.75,1]:0
(1,2.5]:0
(2.5,5]:0
(5,7.5]:0
(7.5,10]:0
(10,+Infinity]:0
(2025-09-11T06:45:30.0386716Z, 2025-09-11T06:45:43.4499844Z] http.request.method: POST http.response.status_code: 201 http.route: api/Walls network.protocol.version: 1.1 url.scheme: http Histogram
Value: Sum: 0.0106357 Count: 1 Min: 0.0106357 Max: 0.0106357 
(-Infinity,0.005]:0
(0.005,0.01]:0
(0.01,0.025]:1
(0.025,0.05]:0
(0.05,0.075]:0
(0.075,0.1]:0
(0.1,0.25]:0
(0.25,0.5]:0
(0.5,0.75]:0
(0.75,1]:0
(1,2.5]:0
(2.5,5]:0
(5,7.5]:0
(7.5,10]:0
(10,+Infinity]:0
(2025-09-11T06:45:30.0386716Z, 2025-09-11T06:45:43.4499844Z] http.request.method: POST http.response.status_code: 201 http.route: api/Roles network.protocol.version: 1.1 url.scheme: http Histogram
Value: Sum: 0.04884639999999999 Count: 12 Min: 0.0016157 Max: 0.0148524 
(-Infinity,0.005]:10
(0.005,0.01]:1
(0.01,0.025]:1
(0.025,0.05]:0
(0.05,0.075]:0
(0.075,0.1]:0
(0.1,0.25]:0
(0.25,0.5]:0
(0.5,0.75]:0
(0.75,1]:0
(1,2.5]:0
(2.5,5]:0
(5,7.5]:0
(7.5,10]:0
(10,+Infinity]:0
(2025-09-11T06:45:30.0386716Z, 2025-09-11T06:45:43.4499844Z] http.request.method: POST http.response.status_code: 201 http.route: api/Windows network.protocol.version: 1.1 url.scheme: http Histogram
Value: Sum: 0.0143533 Count: 1 Min: 0.0143533 Max: 0.0143533 
(-Infinity,0.005]:0
(0.005,0.01]:0
(0.01,0.025]:1
(0.025,0.05]:0
(0.05,0.075]:0
(0.075,0.1]:0
(0.1,0.25]:0
(0.25,0.5]:0
(0.5,0.75]:0
(0.75,1]:0
(1,2.5]:0
(2.5,5]:0
(5,7.5]:0
(7.5,10]:0
(10,+Infinity]:0
(2025-09-11T06:45:30.0386716Z, 2025-09-11T06:45:43.4499844Z] http.request.method: POST http.response.status_code: 201 http.route: api/People network.protocol.version: 1.1 url.scheme: http Histogram
Value: Sum: 0.0318202 Count: 2 Min: 0.012612 Max: 0.0192082 
(-Infinity,0.005]:0
(0.005,0.01]:0
(0.01,0.025]:2
(0.025,0.05]:0
(0.05,0.075]:0
(0.075,0.1]:0
(0.1,0.25]:0
(0.25,0.5]:0
(0.5,0.75]:0
(0.75,1]:0
(1,2.5]:0
(2.5,5]:0
(5,7.5]:0
(7.5,10]:0
(10,+Infinity]:0
(2025-09-11T06:45:30.0386716Z, 2025-09-11T06:45:43.4499844Z] http.request.method: PATCH http.response.status_code: 405 network.protocol.version: 1.1 url.scheme: http Histogram
Value: Sum: 0.000293 Count: 1 Min: 0.000293 Max: 0.000293 
(-Infinity,0.005]:1
(0.005,0.01]:0
(0.01,0.025]:0
(0.025,0.05]:0
(0.05,0.075]:0
(0.075,0.1]:0
(0.1,0.25]:0
(0.25,0.5]:0
(0.5,0.75]:0
(0.75,1]:0
(1,2.5]:0
(2.5,5]:0
(5,7.5]:0
(7.5,10]:0
(10,+Infinity]:0
(2025-09-11T06:45:30.0386716Z, 2025-09-11T06:45:43.4499844Z] http.request.method: POST http.response.status_code: 400 http.route: api/Roles network.protocol.version: 1.1 url.scheme: http Histogram
Value: Sum: 0.0044874 Count: 2 Min: 0.001987 Max: 0.0025004 
(-Infinity,0.005]:2
(0.005,0.01]:0
(0.01,0.025]:0
(0.025,0.05]:0
(0.05,0.075]:0
(0.075,0.1]:0
(0.1,0.25]:0
(0.25,0.5]:0
(0.5,0.75]:0
(0.75,1]:0
(1,2.5]:0
(2.5,5]:0
(5,7.5]:0
(7.5,10]:0
(10,+Infinity]:0
(2025-09-11T06:45:30.0386716Z, 2025-09-11T06:45:43.4499844Z] aspnetcore.request.is_unhandled: true http.request.method: GET http.response.status_code: 404 network.protocol.version: 1.1 url.scheme: http Histogram
Value: Sum: 0.0002143 Count: 1 Min: 0.0002143 Max: 0.0002143 
(-Infinity,0.005]:1
(0.005,0.01]:0
(0.01,0.025]:0
(0.025,0.05]:0
(0.05,0.075]:0
(0.075,0.1]:0
(0.1,0.25]:0
(0.25,0.5]:0
(0.5,0.75]:0
(0.75,1]:0
(1,2.5]:0
(2.5,5]:0
(5,7.5]:0
(7.5,10]:0
(10,+Infinity]:0
(2025-09-11T06:45:30.0386716Z, 2025-09-11T06:45:43.4499844Z] http.request.method: POST http.response.status_code: 409 http.route: api/People network.protocol.version: 1.1 url.scheme: http Histogram
Value: Sum: 0.0655011 Count: 4 Min: 0.0069823 Max: 0.0395098 
(-Infinity,0.005]:0
(0.005,0.01]:3
(0.01,0.025]:0
(0.025,0.05]:1
(0.05,0.075]:0
(0.075,0.1]:0
(0.1,0.25]:0
(0.25,0.5]:0
(0.5,0.75]:0
(0.75,1]:0
(1,2.5]:0
(2.5,5]:0
(5,7.5]:0
(7.5,10]:0
(10,+Infinity]:0
Metric Name: aspnetcore.rate_limiting.active_request_leases, Number of HTTP requests that are currently active on the server that hold a rate limiting lease., Unit: {request}, Meter: Microsoft.AspNetCore.RateLimiting
(2025-09-11T06:45:30.0405591Z, 2025-09-11T06:45:43.4499849Z] LongSumNonMonotonic
Value: 0
Metric Name: aspnetcore.rate_limiting.request_lease.duration, The duration of rate limiting leases held by HTTP requests on the server., Unit: s, Meter: Microsoft.AspNetCore.RateLimiting
(2025-09-11T06:45:30.0405758Z, 2025-09-11T06:45:43.4499856Z] Histogram
Value: Sum: 19.943466499999992 Count: 97 Min: 0.0001294 Max: 0.5222807 
(-Infinity,0.005]:25
(0.005,0.01]:5
(0.01,0.025]:6
(0.025,0.05]:1
(0.05,0.075]:0
(0.075,0.1]:0
(0.1,0.25]:0
(0.25,0.5]:58
(0.5,0.75]:2
(0.75,1]:0
(1,2.5]:0
(2.5,5]:0
(5,7.5]:0
(7.5,10]:0
(10,+Infinity]:0
Metric Name: aspnetcore.rate_limiting.requests, Number of requests that tried to acquire a rate limiting lease. Requests could be rejected by global or endpoint rate limiting policies. Or the request could be canceled while waiting for the lease., Unit: {request}, Meter: Microsoft.AspNetCore.RateLimiting
(2025-09-11T06:45:30.0406111Z, 2025-09-11T06:45:43.4499872Z] aspnetcore.rate_limiting.result: acquired LongSum
Value: 97
Metric Name: aspnetcore.routing.match_attempts, Number of requests that were attempted to be matched to an endpoint., Unit: {match_attempt}, Meter: Microsoft.AspNetCore.Routing
(2025-09-11T06:45:30.0413460Z, 2025-09-11T06:45:43.4499878Z] aspnetcore.routing.is_fallback: false aspnetcore.routing.match_status: success http.route: api/Auth/register LongSum
Value: 37
(2025-09-11T06:45:30.0413460Z, 2025-09-11T06:45:43.4499878Z] aspnetcore.routing.is_fallback: false aspnetcore.routing.match_status: success http.route: api/People LongSum
Value: 9
(2025-09-11T06:45:30.0413460Z, 2025-09-11T06:45:43.4499878Z] aspnetcore.routing.is_fallback: false aspnetcore.routing.match_status: success http.route: api/Walls LongSum
Value: 3
(2025-09-11T06:45:30.0413460Z, 2025-09-11T06:45:43.4499878Z] aspnetcore.routing.is_fallback: false aspnetcore.routing.match_status: success http.route: api/Roles LongSum
Value: 20
(2025-09-11T06:45:30.0413460Z, 2025-09-11T06:45:43.4499878Z] aspnetcore.routing.is_fallback: false aspnetcore.routing.match_status: success http.route: api/Windows LongSum
Value: 3
(2025-09-11T06:45:30.0413460Z, 2025-09-11T06:45:43.4499878Z] aspnetcore.routing.is_fallback: false aspnetcore.routing.match_status: success http.route: api/Auth/login LongSum
Value: 23
(2025-09-11T06:45:30.0413460Z, 2025-09-11T06:45:43.4499878Z] aspnetcore.routing.is_fallback: false aspnetcore.routing.match_status: success http.route: (missing) LongSum
Value: 1
(2025-09-11T06:45:30.0413460Z, 2025-09-11T06:45:43.4499878Z] aspnetcore.routing.match_status: failure LongSum
Value: 1
[06:45:43 INF] Starting Crud API application {"Application": "Crud.Api"}
[06:45:43 INF] Using SQLite provider with connection: Data Source=TestDatabase.db {"Application": "Crud.Api"}
[06:45:43 INF] Database ensured successfully {"Application": "Crud.Api"}
[06:45:43 INF] Application configured successfully. Starting web host... {"Application": "Crud.Api"}
[06:45:43 INF] Starting Crud API application {"Application": "Crud.Api"}
[06:45:43 INF] Using SQLite provider with connection: Data Source=TestDatabase.db {"Application": "Crud.Api"}
[06:45:43 INF] Database ensured successfully {"Application": "Crud.Api"}
[06:45:43 INF] Application configured successfully. Starting web host... {"Application": "Crud.Api"}
[06:45:43 INF] Starting Crud API application {"Application": "Crud.Api"}
[06:45:43 INF] Using SQLite provider with connection: Data Source=TestDatabase.db {"Application": "Crud.Api"}
[06:45:43 INF] Database ensured successfully {"Application": "Crud.Api"}
[06:45:43 INF] Application configured successfully. Starting web host... {"Application": "Crud.Api"}
Resource associated with Metric:
    deployment.environment: Testing
    service.name: Crud.Api
    service.version: 1.0.0
    service.instance.id: bb25e7a8-9ced-49c8-9e52-fd74b67e7fff
    telemetry.sdk.name: opentelemetry
    telemetry.sdk.language: dotnet
    telemetry.sdk.version: 1.8.1
Resource associated with Metric:
Resource associated with Metric:
    deployment.environment: Testing
    deployment.environment: Testing
    service.name: Crud.Api
    service.name: Crud.Api
    service.version: 1.0.0
    service.version: 1.0.0
    service.instance.id: bb25e7a8-9ced-49c8-9e52-fd74b67e7fff
    service.instance.id: bb25e7a8-9ced-49c8-9e52-fd74b67e7fff
    telemetry.sdk.name: opentelemetry
    telemetry.sdk.name: opentelemetry
    telemetry.sdk.language: dotnet
    telemetry.sdk.language: dotnet
    telemetry.sdk.version: 1.8.1
    telemetry.sdk.version: 1.8.1
[xUnit.net 00:01:46.50]   Finished:    Tests.Integration.Backend
</StdOut>
    </Output>
    <RunInfos>
      <RunInfo computerName="runnervmf4ws1" outcome="Error" timestamp="2025-09-11T06:44:55.9743609+00:00">
        <Text>[xUnit.net 00:00:58.93]     Tests.Integration.Backend.OutputCaching.ConditionalRequestTests.GetRequest_WithIfModifiedSince_ShouldReturn200_WhenModified [FAIL]</Text>
      </RunInfo>
      <RunInfo computerName="runnervmf4ws1" outcome="Warning" timestamp="2025-09-11T06:45:06.8599390+00:00">
        <Text>[xUnit.net 00:01:09.82]     Tests.Integration.Backend.Controllers.PeopleControllerTests.PUT_People_Should_Update_Person_Roles [SKIP]</Text>
      </RunInfo>
    </RunInfos>
  </ResultSummary>
</TestRun>